<?xml version="1.0" encoding="UTF-8"?>
<testsuite xmlns:xsi="http://www.w3.org/2001/XMLSchema-instance" xsi:noNamespaceSchemaLocation="https://maven.apache.org/surefire/maven-surefire-plugin/xsd/surefire-test-report-3.0.xsd" version="3.0" name="com.example.shiftv1.schedule.October2025GenerationTest" time="13.559" tests="1" errors="0" skipped="0" failures="0">
  <properties>
    <property name="java.specification.version" value="23"/>
    <property name="sun.cpu.isalist" value="amd64"/>
    <property name="sun.jnu.encoding" value="MS932"/>
    <property name="java.class.path" value="C:\Users\takow\Documents\02_programming\java\shiftv1\target\test-classes;C:\Users\takow\Documents\02_programming\java\shiftv1\target\classes;C:\Users\takow\.m2\repository\org\springframework\boot\spring-boot-starter-web\3.2.5\spring-boot-starter-web-3.2.5.jar;C:\Users\takow\.m2\repository\org\springframework\boot\spring-boot-starter\3.2.5\spring-boot-starter-3.2.5.jar;C:\Users\takow\.m2\repository\org\springframework\boot\spring-boot\3.2.5\spring-boot-3.2.5.jar;C:\Users\takow\.m2\repository\org\springframework\boot\spring-boot-autoconfigure\3.2.5\spring-boot-autoconfigure-3.2.5.jar;C:\Users\takow\.m2\repository\org\springframework\boot\spring-boot-starter-logging\3.2.5\spring-boot-starter-logging-3.2.5.jar;C:\Users\takow\.m2\repository\ch\qos\logback\logback-classic\1.4.14\logback-classic-1.4.14.jar;C:\Users\takow\.m2\repository\ch\qos\logback\logback-core\1.4.14\logback-core-1.4.14.jar;C:\Users\takow\.m2\repository\org\apache\logging\log4j\log4j-to-slf4j\2.21.1\log4j-to-slf4j-2.21.1.jar;C:\Users\takow\.m2\repository\org\apache\logging\log4j\log4j-api\2.21.1\log4j-api-2.21.1.jar;C:\Users\takow\.m2\repository\org\slf4j\jul-to-slf4j\2.0.13\jul-to-slf4j-2.0.13.jar;C:\Users\takow\.m2\repository\jakarta\annotation\jakarta.annotation-api\2.1.1\jakarta.annotation-api-2.1.1.jar;C:\Users\takow\.m2\repository\org\yaml\snakeyaml\2.2\snakeyaml-2.2.jar;C:\Users\takow\.m2\repository\org\springframework\boot\spring-boot-starter-json\3.2.5\spring-boot-starter-json-3.2.5.jar;C:\Users\takow\.m2\repository\com\fasterxml\jackson\core\jackson-databind\2.15.4\jackson-databind-2.15.4.jar;C:\Users\takow\.m2\repository\com\fasterxml\jackson\core\jackson-annotations\2.15.4\jackson-annotations-2.15.4.jar;C:\Users\takow\.m2\repository\com\fasterxml\jackson\core\jackson-core\2.15.4\jackson-core-2.15.4.jar;C:\Users\takow\.m2\repository\com\fasterxml\jackson\datatype\jackson-datatype-jdk8\2.15.4\jackson-datatype-jdk8-2.15.4.jar;C:\Users\takow\.m2\repository\com\fasterxml\jackson\datatype\jackson-datatype-jsr310\2.15.4\jackson-datatype-jsr310-2.15.4.jar;C:\Users\takow\.m2\repository\com\fasterxml\jackson\module\jackson-module-parameter-names\2.15.4\jackson-module-parameter-names-2.15.4.jar;C:\Users\takow\.m2\repository\org\springframework\boot\spring-boot-starter-tomcat\3.2.5\spring-boot-starter-tomcat-3.2.5.jar;C:\Users\takow\.m2\repository\org\apache\tomcat\embed\tomcat-embed-core\10.1.20\tomcat-embed-core-10.1.20.jar;C:\Users\takow\.m2\repository\org\apache\tomcat\embed\tomcat-embed-websocket\10.1.20\tomcat-embed-websocket-10.1.20.jar;C:\Users\takow\.m2\repository\org\springframework\spring-web\6.1.6\spring-web-6.1.6.jar;C:\Users\takow\.m2\repository\org\springframework\spring-beans\6.1.6\spring-beans-6.1.6.jar;C:\Users\takow\.m2\repository\org\springframework\spring-webmvc\6.1.6\spring-webmvc-6.1.6.jar;C:\Users\takow\.m2\repository\org\springframework\spring-context\6.1.6\spring-context-6.1.6.jar;C:\Users\takow\.m2\repository\org\springframework\spring-expression\6.1.6\spring-expression-6.1.6.jar;C:\Users\takow\.m2\repository\org\springframework\boot\spring-boot-starter-data-jpa\3.2.5\spring-boot-starter-data-jpa-3.2.5.jar;C:\Users\takow\.m2\repository\org\springframework\boot\spring-boot-starter-aop\3.2.5\spring-boot-starter-aop-3.2.5.jar;C:\Users\takow\.m2\repository\org\aspectj\aspectjweaver\1.9.22\aspectjweaver-1.9.22.jar;C:\Users\takow\.m2\repository\org\springframework\boot\spring-boot-starter-jdbc\3.2.5\spring-boot-starter-jdbc-3.2.5.jar;C:\Users\takow\.m2\repository\com\zaxxer\HikariCP\5.0.1\HikariCP-5.0.1.jar;C:\Users\takow\.m2\repository\org\springframework\spring-jdbc\6.1.6\spring-jdbc-6.1.6.jar;C:\Users\takow\.m2\repository\org\hibernate\orm\hibernate-core\6.4.4.Final\hibernate-core-6.4.4.Final.jar;C:\Users\takow\.m2\repository\jakarta\persistence\jakarta.persistence-api\3.1.0\jakarta.persistence-api-3.1.0.jar;C:\Users\takow\.m2\repository\jakarta\transaction\jakarta.transaction-api\2.0.1\jakarta.transaction-api-2.0.1.jar;C:\Users\takow\.m2\repository\org\hibernate\common\hibernate-commons-annotations\6.0.6.Final\hibernate-commons-annotations-6.0.6.Final.jar;C:\Users\takow\.m2\repository\io\smallrye\jandex\3.1.2\jandex-3.1.2.jar;C:\Users\takow\.m2\repository\com\fasterxml\classmate\1.6.0\classmate-1.6.0.jar;C:\Users\takow\.m2\repository\net\bytebuddy\byte-buddy\1.14.13\byte-buddy-1.14.13.jar;C:\Users\takow\.m2\repository\org\glassfish\jaxb\jaxb-runtime\4.0.5\jaxb-runtime-4.0.5.jar;C:\Users\takow\.m2\repository\org\glassfish\jaxb\jaxb-core\4.0.5\jaxb-core-4.0.5.jar;C:\Users\takow\.m2\repository\org\eclipse\angus\angus-activation\2.0.2\angus-activation-2.0.2.jar;C:\Users\takow\.m2\repository\org\glassfish\jaxb\txw2\4.0.5\txw2-4.0.5.jar;C:\Users\takow\.m2\repository\com\sun\istack\istack-commons-runtime\4.1.2\istack-commons-runtime-4.1.2.jar;C:\Users\takow\.m2\repository\jakarta\inject\jakarta.inject-api\2.0.1\jakarta.inject-api-2.0.1.jar;C:\Users\takow\.m2\repository\org\antlr\antlr4-runtime\4.13.0\antlr4-runtime-4.13.0.jar;C:\Users\takow\.m2\repository\org\springframework\data\spring-data-jpa\3.2.5\spring-data-jpa-3.2.5.jar;C:\Users\takow\.m2\repository\org\springframework\data\spring-data-commons\3.2.5\spring-data-commons-3.2.5.jar;C:\Users\takow\.m2\repository\org\springframework\spring-orm\6.1.6\spring-orm-6.1.6.jar;C:\Users\takow\.m2\repository\org\springframework\spring-tx\6.1.6\spring-tx-6.1.6.jar;C:\Users\takow\.m2\repository\org\springframework\spring-aspects\6.1.6\spring-aspects-6.1.6.jar;C:\Users\takow\.m2\repository\org\xerial\sqlite-jdbc\3.46.0.0\sqlite-jdbc-3.46.0.0.jar;C:\Users\takow\.m2\repository\org\slf4j\slf4j-api\2.0.13\slf4j-api-2.0.13.jar;C:\Users\takow\.m2\repository\org\hibernate\orm\hibernate-community-dialects\6.4.4.Final\hibernate-community-dialects-6.4.4.Final.jar;C:\Users\takow\.m2\repository\org\jboss\logging\jboss-logging\3.5.3.Final\jboss-logging-3.5.3.Final.jar;C:\Users\takow\.m2\repository\org\projectlombok\lombok\1.18.32\lombok-1.18.32.jar;C:\Users\takow\.m2\repository\org\springframework\boot\spring-boot-starter-thymeleaf\3.2.5\spring-boot-starter-thymeleaf-3.2.5.jar;C:\Users\takow\.m2\repository\org\thymeleaf\thymeleaf-spring6\3.1.2.RELEASE\thymeleaf-spring6-3.1.2.RELEASE.jar;C:\Users\takow\.m2\repository\org\thymeleaf\thymeleaf\3.1.2.RELEASE\thymeleaf-3.1.2.RELEASE.jar;C:\Users\takow\.m2\repository\org\attoparser\attoparser\2.0.7.RELEASE\attoparser-2.0.7.RELEASE.jar;C:\Users\takow\.m2\repository\org\unbescape\unbescape\1.1.6.RELEASE\unbescape-1.1.6.RELEASE.jar;C:\Users\takow\.m2\repository\org\springframework\boot\spring-boot-starter-validation\3.2.5\spring-boot-starter-validation-3.2.5.jar;C:\Users\takow\.m2\repository\org\apache\tomcat\embed\tomcat-embed-el\10.1.20\tomcat-embed-el-10.1.20.jar;C:\Users\takow\.m2\repository\org\hibernate\validator\hibernate-validator\8.0.1.Final\hibernate-validator-8.0.1.Final.jar;C:\Users\takow\.m2\repository\jakarta\validation\jakarta.validation-api\3.0.2\jakarta.validation-api-3.0.2.jar;C:\Users\takow\.m2\repository\org\springframework\boot\spring-boot-starter-security\3.2.5\spring-boot-starter-security-3.2.5.jar;C:\Users\takow\.m2\repository\org\springframework\spring-aop\6.1.6\spring-aop-6.1.6.jar;C:\Users\takow\.m2\repository\org\springframework\security\spring-security-config\6.2.4\spring-security-config-6.2.4.jar;C:\Users\takow\.m2\repository\org\springframework\security\spring-security-core\6.2.4\spring-security-core-6.2.4.jar;C:\Users\takow\.m2\repository\org\springframework\security\spring-security-crypto\6.2.4\spring-security-crypto-6.2.4.jar;C:\Users\takow\.m2\repository\org\springframework\security\spring-security-web\6.2.4\spring-security-web-6.2.4.jar;C:\Users\takow\.m2\repository\org\springframework\boot\spring-boot-starter-actuator\3.2.5\spring-boot-starter-actuator-3.2.5.jar;C:\Users\takow\.m2\repository\org\springframework\boot\spring-boot-actuator-autoconfigure\3.2.5\spring-boot-actuator-autoconfigure-3.2.5.jar;C:\Users\takow\.m2\repository\org\springframework\boot\spring-boot-actuator\3.2.5\spring-boot-actuator-3.2.5.jar;C:\Users\takow\.m2\repository\io\micrometer\micrometer-observation\1.12.5\micrometer-observation-1.12.5.jar;C:\Users\takow\.m2\repository\io\micrometer\micrometer-commons\1.12.5\micrometer-commons-1.12.5.jar;C:\Users\takow\.m2\repository\io\micrometer\micrometer-jakarta9\1.12.5\micrometer-jakarta9-1.12.5.jar;C:\Users\takow\.m2\repository\io\micrometer\micrometer-core\1.12.5\micrometer-core-1.12.5.jar;C:\Users\takow\.m2\repository\org\hdrhistogram\HdrHistogram\2.1.12\HdrHistogram-2.1.12.jar;C:\Users\takow\.m2\repository\org\latencyutils\LatencyUtils\2.0.3\LatencyUtils-2.0.3.jar;C:\Users\takow\.m2\repository\org\springframework\boot\spring-boot-starter-test\3.2.5\spring-boot-starter-test-3.2.5.jar;C:\Users\takow\.m2\repository\org\springframework\boot\spring-boot-test\3.2.5\spring-boot-test-3.2.5.jar;C:\Users\takow\.m2\repository\org\springframework\boot\spring-boot-test-autoconfigure\3.2.5\spring-boot-test-autoconfigure-3.2.5.jar;C:\Users\takow\.m2\repository\com\jayway\jsonpath\json-path\2.9.0\json-path-2.9.0.jar;C:\Users\takow\.m2\repository\jakarta\xml\bind\jakarta.xml.bind-api\4.0.2\jakarta.xml.bind-api-4.0.2.jar;C:\Users\takow\.m2\repository\jakarta\activation\jakarta.activation-api\2.1.3\jakarta.activation-api-2.1.3.jar;C:\Users\takow\.m2\repository\net\minidev\json-smart\2.5.1\json-smart-2.5.1.jar;C:\Users\takow\.m2\repository\net\minidev\accessors-smart\2.5.1\accessors-smart-2.5.1.jar;C:\Users\takow\.m2\repository\org\ow2\asm\asm\9.6\asm-9.6.jar;C:\Users\takow\.m2\repository\org\assertj\assertj-core\3.24.2\assertj-core-3.24.2.jar;C:\Users\takow\.m2\repository\org\awaitility\awaitility\4.2.1\awaitility-4.2.1.jar;C:\Users\takow\.m2\repository\org\hamcrest\hamcrest\2.2\hamcrest-2.2.jar;C:\Users\takow\.m2\repository\org\junit\jupiter\junit-jupiter\5.10.2\junit-jupiter-5.10.2.jar;C:\Users\takow\.m2\repository\org\junit\jupiter\junit-jupiter-api\5.10.2\junit-jupiter-api-5.10.2.jar;C:\Users\takow\.m2\repository\org\opentest4j\opentest4j\1.3.0\opentest4j-1.3.0.jar;C:\Users\takow\.m2\repository\org\junit\platform\junit-platform-commons\1.10.2\junit-platform-commons-1.10.2.jar;C:\Users\takow\.m2\repository\org\apiguardian\apiguardian-api\1.1.2\apiguardian-api-1.1.2.jar;C:\Users\takow\.m2\repository\org\junit\jupiter\junit-jupiter-params\5.10.2\junit-jupiter-params-5.10.2.jar;C:\Users\takow\.m2\repository\org\junit\jupiter\junit-jupiter-engine\5.10.2\junit-jupiter-engine-5.10.2.jar;C:\Users\takow\.m2\repository\org\junit\platform\junit-platform-engine\1.10.2\junit-platform-engine-1.10.2.jar;C:\Users\takow\.m2\repository\org\mockito\mockito-core\5.7.0\mockito-core-5.7.0.jar;C:\Users\takow\.m2\repository\net\bytebuddy\byte-buddy-agent\1.14.13\byte-buddy-agent-1.14.13.jar;C:\Users\takow\.m2\repository\org\objenesis\objenesis\3.3\objenesis-3.3.jar;C:\Users\takow\.m2\repository\org\mockito\mockito-junit-jupiter\5.7.0\mockito-junit-jupiter-5.7.0.jar;C:\Users\takow\.m2\repository\org\skyscreamer\jsonassert\1.5.1\jsonassert-1.5.1.jar;C:\Users\takow\.m2\repository\com\vaadin\external\google\android-json\0.0.20131108.vaadin1\android-json-0.0.20131108.vaadin1.jar;C:\Users\takow\.m2\repository\org\springframework\spring-core\6.1.6\spring-core-6.1.6.jar;C:\Users\takow\.m2\repository\org\springframework\spring-jcl\6.1.6\spring-jcl-6.1.6.jar;C:\Users\takow\.m2\repository\org\springframework\spring-test\6.1.6\spring-test-6.1.6.jar;C:\Users\takow\.m2\repository\org\xmlunit\xmlunit-core\2.9.1\xmlunit-core-2.9.1.jar;"/>
    <property name="java.vm.vendor" value="Oracle Corporation"/>
    <property name="sun.arch.data.model" value="64"/>
    <property name="user.variant" value=""/>
    <property name="java.vendor.url" value="https://java.oracle.com/"/>
    <property name="user.timezone" value="Asia/Tokyo"/>
    <property name="org.jboss.logging.provider" value="slf4j"/>
    <property name="os.name" value="Windows 11"/>
    <property name="java.vm.specification.version" value="23"/>
    <property name="sun.java.launcher" value="SUN_STANDARD"/>
    <property name="user.country" value="JP"/>
    <property name="sun.boot.library.path" value="C:\Program Files\Java\jdk-23\bin"/>
    <property name="sun.java.command" value="C:\Users\takow\AppData\Local\Temp\surefire7639953804337848543\surefirebooter-20251025101025542_3.jar C:\Users\takow\AppData\Local\Temp\surefire7639953804337848543 2025-10-25T10-10-25_381-jvmRun1 surefire-20251025101025542_1tmp surefire_0-20251025101025542_2tmp"/>
    <property name="jdk.debug" value="release"/>
    <property name="surefire.test.class.path" value="C:\Users\takow\Documents\02_programming\java\shiftv1\target\test-classes;C:\Users\takow\Documents\02_programming\java\shiftv1\target\classes;C:\Users\takow\.m2\repository\org\springframework\boot\spring-boot-starter-web\3.2.5\spring-boot-starter-web-3.2.5.jar;C:\Users\takow\.m2\repository\org\springframework\boot\spring-boot-starter\3.2.5\spring-boot-starter-3.2.5.jar;C:\Users\takow\.m2\repository\org\springframework\boot\spring-boot\3.2.5\spring-boot-3.2.5.jar;C:\Users\takow\.m2\repository\org\springframework\boot\spring-boot-autoconfigure\3.2.5\spring-boot-autoconfigure-3.2.5.jar;C:\Users\takow\.m2\repository\org\springframework\boot\spring-boot-starter-logging\3.2.5\spring-boot-starter-logging-3.2.5.jar;C:\Users\takow\.m2\repository\ch\qos\logback\logback-classic\1.4.14\logback-classic-1.4.14.jar;C:\Users\takow\.m2\repository\ch\qos\logback\logback-core\1.4.14\logback-core-1.4.14.jar;C:\Users\takow\.m2\repository\org\apache\logging\log4j\log4j-to-slf4j\2.21.1\log4j-to-slf4j-2.21.1.jar;C:\Users\takow\.m2\repository\org\apache\logging\log4j\log4j-api\2.21.1\log4j-api-2.21.1.jar;C:\Users\takow\.m2\repository\org\slf4j\jul-to-slf4j\2.0.13\jul-to-slf4j-2.0.13.jar;C:\Users\takow\.m2\repository\jakarta\annotation\jakarta.annotation-api\2.1.1\jakarta.annotation-api-2.1.1.jar;C:\Users\takow\.m2\repository\org\yaml\snakeyaml\2.2\snakeyaml-2.2.jar;C:\Users\takow\.m2\repository\org\springframework\boot\spring-boot-starter-json\3.2.5\spring-boot-starter-json-3.2.5.jar;C:\Users\takow\.m2\repository\com\fasterxml\jackson\core\jackson-databind\2.15.4\jackson-databind-2.15.4.jar;C:\Users\takow\.m2\repository\com\fasterxml\jackson\core\jackson-annotations\2.15.4\jackson-annotations-2.15.4.jar;C:\Users\takow\.m2\repository\com\fasterxml\jackson\core\jackson-core\2.15.4\jackson-core-2.15.4.jar;C:\Users\takow\.m2\repository\com\fasterxml\jackson\datatype\jackson-datatype-jdk8\2.15.4\jackson-datatype-jdk8-2.15.4.jar;C:\Users\takow\.m2\repository\com\fasterxml\jackson\datatype\jackson-datatype-jsr310\2.15.4\jackson-datatype-jsr310-2.15.4.jar;C:\Users\takow\.m2\repository\com\fasterxml\jackson\module\jackson-module-parameter-names\2.15.4\jackson-module-parameter-names-2.15.4.jar;C:\Users\takow\.m2\repository\org\springframework\boot\spring-boot-starter-tomcat\3.2.5\spring-boot-starter-tomcat-3.2.5.jar;C:\Users\takow\.m2\repository\org\apache\tomcat\embed\tomcat-embed-core\10.1.20\tomcat-embed-core-10.1.20.jar;C:\Users\takow\.m2\repository\org\apache\tomcat\embed\tomcat-embed-websocket\10.1.20\tomcat-embed-websocket-10.1.20.jar;C:\Users\takow\.m2\repository\org\springframework\spring-web\6.1.6\spring-web-6.1.6.jar;C:\Users\takow\.m2\repository\org\springframework\spring-beans\6.1.6\spring-beans-6.1.6.jar;C:\Users\takow\.m2\repository\org\springframework\spring-webmvc\6.1.6\spring-webmvc-6.1.6.jar;C:\Users\takow\.m2\repository\org\springframework\spring-context\6.1.6\spring-context-6.1.6.jar;C:\Users\takow\.m2\repository\org\springframework\spring-expression\6.1.6\spring-expression-6.1.6.jar;C:\Users\takow\.m2\repository\org\springframework\boot\spring-boot-starter-data-jpa\3.2.5\spring-boot-starter-data-jpa-3.2.5.jar;C:\Users\takow\.m2\repository\org\springframework\boot\spring-boot-starter-aop\3.2.5\spring-boot-starter-aop-3.2.5.jar;C:\Users\takow\.m2\repository\org\aspectj\aspectjweaver\1.9.22\aspectjweaver-1.9.22.jar;C:\Users\takow\.m2\repository\org\springframework\boot\spring-boot-starter-jdbc\3.2.5\spring-boot-starter-jdbc-3.2.5.jar;C:\Users\takow\.m2\repository\com\zaxxer\HikariCP\5.0.1\HikariCP-5.0.1.jar;C:\Users\takow\.m2\repository\org\springframework\spring-jdbc\6.1.6\spring-jdbc-6.1.6.jar;C:\Users\takow\.m2\repository\org\hibernate\orm\hibernate-core\6.4.4.Final\hibernate-core-6.4.4.Final.jar;C:\Users\takow\.m2\repository\jakarta\persistence\jakarta.persistence-api\3.1.0\jakarta.persistence-api-3.1.0.jar;C:\Users\takow\.m2\repository\jakarta\transaction\jakarta.transaction-api\2.0.1\jakarta.transaction-api-2.0.1.jar;C:\Users\takow\.m2\repository\org\hibernate\common\hibernate-commons-annotations\6.0.6.Final\hibernate-commons-annotations-6.0.6.Final.jar;C:\Users\takow\.m2\repository\io\smallrye\jandex\3.1.2\jandex-3.1.2.jar;C:\Users\takow\.m2\repository\com\fasterxml\classmate\1.6.0\classmate-1.6.0.jar;C:\Users\takow\.m2\repository\net\bytebuddy\byte-buddy\1.14.13\byte-buddy-1.14.13.jar;C:\Users\takow\.m2\repository\org\glassfish\jaxb\jaxb-runtime\4.0.5\jaxb-runtime-4.0.5.jar;C:\Users\takow\.m2\repository\org\glassfish\jaxb\jaxb-core\4.0.5\jaxb-core-4.0.5.jar;C:\Users\takow\.m2\repository\org\eclipse\angus\angus-activation\2.0.2\angus-activation-2.0.2.jar;C:\Users\takow\.m2\repository\org\glassfish\jaxb\txw2\4.0.5\txw2-4.0.5.jar;C:\Users\takow\.m2\repository\com\sun\istack\istack-commons-runtime\4.1.2\istack-commons-runtime-4.1.2.jar;C:\Users\takow\.m2\repository\jakarta\inject\jakarta.inject-api\2.0.1\jakarta.inject-api-2.0.1.jar;C:\Users\takow\.m2\repository\org\antlr\antlr4-runtime\4.13.0\antlr4-runtime-4.13.0.jar;C:\Users\takow\.m2\repository\org\springframework\data\spring-data-jpa\3.2.5\spring-data-jpa-3.2.5.jar;C:\Users\takow\.m2\repository\org\springframework\data\spring-data-commons\3.2.5\spring-data-commons-3.2.5.jar;C:\Users\takow\.m2\repository\org\springframework\spring-orm\6.1.6\spring-orm-6.1.6.jar;C:\Users\takow\.m2\repository\org\springframework\spring-tx\6.1.6\spring-tx-6.1.6.jar;C:\Users\takow\.m2\repository\org\springframework\spring-aspects\6.1.6\spring-aspects-6.1.6.jar;C:\Users\takow\.m2\repository\org\xerial\sqlite-jdbc\3.46.0.0\sqlite-jdbc-3.46.0.0.jar;C:\Users\takow\.m2\repository\org\slf4j\slf4j-api\2.0.13\slf4j-api-2.0.13.jar;C:\Users\takow\.m2\repository\org\hibernate\orm\hibernate-community-dialects\6.4.4.Final\hibernate-community-dialects-6.4.4.Final.jar;C:\Users\takow\.m2\repository\org\jboss\logging\jboss-logging\3.5.3.Final\jboss-logging-3.5.3.Final.jar;C:\Users\takow\.m2\repository\org\projectlombok\lombok\1.18.32\lombok-1.18.32.jar;C:\Users\takow\.m2\repository\org\springframework\boot\spring-boot-starter-thymeleaf\3.2.5\spring-boot-starter-thymeleaf-3.2.5.jar;C:\Users\takow\.m2\repository\org\thymeleaf\thymeleaf-spring6\3.1.2.RELEASE\thymeleaf-spring6-3.1.2.RELEASE.jar;C:\Users\takow\.m2\repository\org\thymeleaf\thymeleaf\3.1.2.RELEASE\thymeleaf-3.1.2.RELEASE.jar;C:\Users\takow\.m2\repository\org\attoparser\attoparser\2.0.7.RELEASE\attoparser-2.0.7.RELEASE.jar;C:\Users\takow\.m2\repository\org\unbescape\unbescape\1.1.6.RELEASE\unbescape-1.1.6.RELEASE.jar;C:\Users\takow\.m2\repository\org\springframework\boot\spring-boot-starter-validation\3.2.5\spring-boot-starter-validation-3.2.5.jar;C:\Users\takow\.m2\repository\org\apache\tomcat\embed\tomcat-embed-el\10.1.20\tomcat-embed-el-10.1.20.jar;C:\Users\takow\.m2\repository\org\hibernate\validator\hibernate-validator\8.0.1.Final\hibernate-validator-8.0.1.Final.jar;C:\Users\takow\.m2\repository\jakarta\validation\jakarta.validation-api\3.0.2\jakarta.validation-api-3.0.2.jar;C:\Users\takow\.m2\repository\org\springframework\boot\spring-boot-starter-security\3.2.5\spring-boot-starter-security-3.2.5.jar;C:\Users\takow\.m2\repository\org\springframework\spring-aop\6.1.6\spring-aop-6.1.6.jar;C:\Users\takow\.m2\repository\org\springframework\security\spring-security-config\6.2.4\spring-security-config-6.2.4.jar;C:\Users\takow\.m2\repository\org\springframework\security\spring-security-core\6.2.4\spring-security-core-6.2.4.jar;C:\Users\takow\.m2\repository\org\springframework\security\spring-security-crypto\6.2.4\spring-security-crypto-6.2.4.jar;C:\Users\takow\.m2\repository\org\springframework\security\spring-security-web\6.2.4\spring-security-web-6.2.4.jar;C:\Users\takow\.m2\repository\org\springframework\boot\spring-boot-starter-actuator\3.2.5\spring-boot-starter-actuator-3.2.5.jar;C:\Users\takow\.m2\repository\org\springframework\boot\spring-boot-actuator-autoconfigure\3.2.5\spring-boot-actuator-autoconfigure-3.2.5.jar;C:\Users\takow\.m2\repository\org\springframework\boot\spring-boot-actuator\3.2.5\spring-boot-actuator-3.2.5.jar;C:\Users\takow\.m2\repository\io\micrometer\micrometer-observation\1.12.5\micrometer-observation-1.12.5.jar;C:\Users\takow\.m2\repository\io\micrometer\micrometer-commons\1.12.5\micrometer-commons-1.12.5.jar;C:\Users\takow\.m2\repository\io\micrometer\micrometer-jakarta9\1.12.5\micrometer-jakarta9-1.12.5.jar;C:\Users\takow\.m2\repository\io\micrometer\micrometer-core\1.12.5\micrometer-core-1.12.5.jar;C:\Users\takow\.m2\repository\org\hdrhistogram\HdrHistogram\2.1.12\HdrHistogram-2.1.12.jar;C:\Users\takow\.m2\repository\org\latencyutils\LatencyUtils\2.0.3\LatencyUtils-2.0.3.jar;C:\Users\takow\.m2\repository\org\springframework\boot\spring-boot-starter-test\3.2.5\spring-boot-starter-test-3.2.5.jar;C:\Users\takow\.m2\repository\org\springframework\boot\spring-boot-test\3.2.5\spring-boot-test-3.2.5.jar;C:\Users\takow\.m2\repository\org\springframework\boot\spring-boot-test-autoconfigure\3.2.5\spring-boot-test-autoconfigure-3.2.5.jar;C:\Users\takow\.m2\repository\com\jayway\jsonpath\json-path\2.9.0\json-path-2.9.0.jar;C:\Users\takow\.m2\repository\jakarta\xml\bind\jakarta.xml.bind-api\4.0.2\jakarta.xml.bind-api-4.0.2.jar;C:\Users\takow\.m2\repository\jakarta\activation\jakarta.activation-api\2.1.3\jakarta.activation-api-2.1.3.jar;C:\Users\takow\.m2\repository\net\minidev\json-smart\2.5.1\json-smart-2.5.1.jar;C:\Users\takow\.m2\repository\net\minidev\accessors-smart\2.5.1\accessors-smart-2.5.1.jar;C:\Users\takow\.m2\repository\org\ow2\asm\asm\9.6\asm-9.6.jar;C:\Users\takow\.m2\repository\org\assertj\assertj-core\3.24.2\assertj-core-3.24.2.jar;C:\Users\takow\.m2\repository\org\awaitility\awaitility\4.2.1\awaitility-4.2.1.jar;C:\Users\takow\.m2\repository\org\hamcrest\hamcrest\2.2\hamcrest-2.2.jar;C:\Users\takow\.m2\repository\org\junit\jupiter\junit-jupiter\5.10.2\junit-jupiter-5.10.2.jar;C:\Users\takow\.m2\repository\org\junit\jupiter\junit-jupiter-api\5.10.2\junit-jupiter-api-5.10.2.jar;C:\Users\takow\.m2\repository\org\opentest4j\opentest4j\1.3.0\opentest4j-1.3.0.jar;C:\Users\takow\.m2\repository\org\junit\platform\junit-platform-commons\1.10.2\junit-platform-commons-1.10.2.jar;C:\Users\takow\.m2\repository\org\apiguardian\apiguardian-api\1.1.2\apiguardian-api-1.1.2.jar;C:\Users\takow\.m2\repository\org\junit\jupiter\junit-jupiter-params\5.10.2\junit-jupiter-params-5.10.2.jar;C:\Users\takow\.m2\repository\org\junit\jupiter\junit-jupiter-engine\5.10.2\junit-jupiter-engine-5.10.2.jar;C:\Users\takow\.m2\repository\org\junit\platform\junit-platform-engine\1.10.2\junit-platform-engine-1.10.2.jar;C:\Users\takow\.m2\repository\org\mockito\mockito-core\5.7.0\mockito-core-5.7.0.jar;C:\Users\takow\.m2\repository\net\bytebuddy\byte-buddy-agent\1.14.13\byte-buddy-agent-1.14.13.jar;C:\Users\takow\.m2\repository\org\objenesis\objenesis\3.3\objenesis-3.3.jar;C:\Users\takow\.m2\repository\org\mockito\mockito-junit-jupiter\5.7.0\mockito-junit-jupiter-5.7.0.jar;C:\Users\takow\.m2\repository\org\skyscreamer\jsonassert\1.5.1\jsonassert-1.5.1.jar;C:\Users\takow\.m2\repository\com\vaadin\external\google\android-json\0.0.20131108.vaadin1\android-json-0.0.20131108.vaadin1.jar;C:\Users\takow\.m2\repository\org\springframework\spring-core\6.1.6\spring-core-6.1.6.jar;C:\Users\takow\.m2\repository\org\springframework\spring-jcl\6.1.6\spring-jcl-6.1.6.jar;C:\Users\takow\.m2\repository\org\springframework\spring-test\6.1.6\spring-test-6.1.6.jar;C:\Users\takow\.m2\repository\org\xmlunit\xmlunit-core\2.9.1\xmlunit-core-2.9.1.jar;"/>
    <property name="sun.cpu.endian" value="little"/>
    <property name="user.home" value="C:\Users\takow"/>
    <property name="user.language" value="ja"/>
    <property name="java.specification.vendor" value="Oracle Corporation"/>
    <property name="java.version.date" value="2025-01-21"/>
    <property name="java.home" value="C:\Program Files\Java\jdk-23"/>
    <property name="file.separator" value="\"/>
    <property name="basedir" value="C:\Users\takow\Documents\02_programming\java\shiftv1"/>
    <property name="java.vm.compressedOopsMode" value="32-bit"/>
    <property name="line.separator" value="&#10;"/>
    <property name="java.vm.specification.vendor" value="Oracle Corporation"/>
    <property name="java.specification.name" value="Java Platform API Specification"/>
    <property name="FILE_LOG_CHARSET" value="UTF-8"/>
    <property name="java.awt.headless" value="true"/>
    <property name="surefire.real.class.path" value="C:\Users\takow\AppData\Local\Temp\surefire7639953804337848543\surefirebooter-20251025101025542_3.jar"/>
    <property name="user.script" value=""/>
    <property name="sun.management.compiler" value="HotSpot 64-Bit Tiered Compilers"/>
    <property name="java.runtime.version" value="23.0.2+7-58"/>
    <property name="user.name" value="takow"/>
    <property name="stdout.encoding" value="MS932"/>
    <property name="path.separator" value=";"/>
    <property name="os.version" value="10.0"/>
    <property name="java.runtime.name" value="Java(TM) SE Runtime Environment"/>
    <property name="file.encoding" value="UTF-8"/>
    <property name="java.vm.name" value="Java HotSpot(TM) 64-Bit Server VM"/>
    <property name="skipTests" value="false"/>
    <property name="localRepository" value="C:\Users\takow\.m2\repository"/>
    <property name="java.vendor.url.bug" value="https://bugreport.java.com/bugreport/"/>
    <property name="java.io.tmpdir" value="C:\Users\takow\AppData\Local\Temp\"/>
    <property name="com.zaxxer.hikari.pool_number" value="1"/>
    <property name="java.version" value="23.0.2"/>
    <property name="user.dir" value="C:\Users\takow\Documents\02_programming\java\shiftv1"/>
    <property name="os.arch" value="amd64"/>
    <property name="java.vm.specification.name" value="Java Virtual Machine Specification"/>
    <property name="PID" value="16416"/>
    <property name="sun.os.patch.level" value=""/>
    <property name="CONSOLE_LOG_CHARSET" value="UTF-8"/>
    <property name="native.encoding" value="MS932"/>
    <property name="java.library.path" value="C:\Program Files\Java\jdk-23\bin;C:\WINDOWS\Sun\Java\bin;C:\WINDOWS\system32;C:\WINDOWS;C:\Program Files\PowerShell\7;C:\Users\takow\AppData\Local\Temp\.tmpARSxoY;C:\Program Files\Java\jdk-23\bin;C:\Program Files\Java\jdk-23\bin;C:\Program Files\Java\jdk-23\bin;C:\WINDOWS\System32&quot;;C:\Program Files\Git\cmd;C:\Program Files\PowerShell\7\;C:\Program Files\cursor\resources\app\bin&quot;;C:\Program Files\Git\cmd;C:\Program Files\PowerShell\7\;C:\Program Files\cursor\resources\app\bin&quot;;C:\Program Files\Git\cmd;C:\Program Files\PowerShell\7\;C:\Program Files\cursor\resources\app\bin;C:\Users\takow\Documents\SQLite;C:\Users\takow\AppData\Local\Programs\Python\Python312\;C:\Users\takow\AppData\Local\Programs\Python\Launcher\;C:\Users\takow\AppData\Local\Microsoft\WindowsApps;C:\Users\takow\AppData\Local\Programs\Microsoft VS Code\bin;C:\Users\takow\Documents\02_programming\java\099_環境\apache-maven-3.9.9\bin;C:\Users\takow\AppData\Local\JetBrains\Toolbox\scripts;C:\Windows\System32;;c:\Users\takow\.vscode\extensions\openai.chatgpt-0.4.21-win32-x64\bin\windows-x86_64;."/>
    <property name="java.vm.info" value="mixed mode, sharing"/>
    <property name="stderr.encoding" value="MS932"/>
    <property name="java.vendor" value="Oracle Corporation"/>
    <property name="java.vm.version" value="23.0.2+7-58"/>
    <property name="sun.io.unicode.encoding" value="UnicodeLittle"/>
    <property name="java.class.version" value="67.0"/>
    <property name="LOGGED_APPLICATION_NAME" value="[Shift Scheduler Demo] "/>
  </properties>
  <testcase name="generateMonthlySchedule_2025_10_persistsAndReturnsAssignments" classname="com.example.shiftv1.schedule.October2025GenerationTest" time="1.223">
    <system-out><![CDATA[10:10:26.775 [main] INFO org.springframework.test.context.support.AnnotationConfigContextLoaderUtils -- Could not detect default configuration classes for test class [com.example.shiftv1.schedule.October2025GenerationTest]: October2025GenerationTest does not declare any static, non-private, non-final, nested classes annotated with @Configuration.
10:10:26.970 [main] INFO org.springframework.boot.test.context.SpringBootTestContextBootstrapper -- Found @SpringBootConfiguration com.example.shiftv1.Shiftv1Application for test class com.example.shiftv1.schedule.October2025GenerationTest

  .   ____          _            __ _ _
 /\\ / ___'_ __ _ _(_)_ __  __ _ \ \ \ \
( ( )\___ | '_ | '_| | '_ \/ _` | \ \ \ \
 \\/  ___)| |_)| | | | | || (_| |  ) ) ) )
  '  |____| .__|_| |_|_| |_\__, | / / / /
 =========|_|==============|___/=/_/_/_/
 :: Spring Boot ::                (v3.2.5)

2025-10-25T10:10:27.570+09:00  INFO 16416 --- [Shift Scheduler Demo] [           main] c.e.s.s.October2025GenerationTest        : Starting October2025GenerationTest using Java 23.0.2 with PID 16416 (started by takow in C:\Users\takow\Documents\02_programming\java\shiftv1)
2025-10-25T10:10:27.572+09:00  INFO 16416 --- [Shift Scheduler Demo] [           main] c.e.s.s.October2025GenerationTest        : No active profile set, falling back to 1 default profile: "default"
2025-10-25T10:10:29.138+09:00  INFO 16416 --- [Shift Scheduler Demo] [           main] .s.d.r.c.RepositoryConfigurationDelegate : Bootstrapping Spring Data JPA repositories in DEFAULT mode.
2025-10-25T10:10:29.268+09:00  INFO 16416 --- [Shift Scheduler Demo] [           main] .s.d.r.c.RepositoryConfigurationDelegate : Finished Spring Data repository scanning in 122 ms. Found 15 JPA repository interfaces.
2025-10-25T10:10:30.562+09:00  INFO 16416 --- [Shift Scheduler Demo] [           main] o.hibernate.jpa.internal.util.LogHelper  : HHH000204: Processing PersistenceUnitInfo [name: default]
2025-10-25T10:10:30.665+09:00  INFO 16416 --- [Shift Scheduler Demo] [           main] org.hibernate.Version                    : HHH000412: Hibernate ORM core version 6.4.4.Final
2025-10-25T10:10:30.736+09:00  INFO 16416 --- [Shift Scheduler Demo] [           main] o.h.c.internal.RegionFactoryInitiator    : HHH000026: Second-level cache disabled
2025-10-25T10:10:31.075+09:00  INFO 16416 --- [Shift Scheduler Demo] [           main] o.s.o.j.p.SpringPersistenceUnitInfo      : No LoadTimeWeaver setup: ignoring JPA class transformer
2025-10-25T10:10:31.115+09:00  INFO 16416 --- [Shift Scheduler Demo] [           main] com.zaxxer.hikari.HikariDataSource       : HikariPool-1 - Starting...
2025-10-25T10:10:31.326+09:00  INFO 16416 --- [Shift Scheduler Demo] [           main] com.zaxxer.hikari.pool.HikariPool        : HikariPool-1 - Added connection org.sqlite.jdbc4.JDBC4Connection@407f2029
2025-10-25T10:10:31.329+09:00  INFO 16416 --- [Shift Scheduler Demo] [           main] com.zaxxer.hikari.HikariDataSource       : HikariPool-1 - Start completed.
2025-10-25T10:10:33.015+09:00  INFO 16416 --- [Shift Scheduler Demo] [           main] o.h.e.t.j.p.i.JtaPlatformInitiator       : HHH000489: No JTA platform available (set 'hibernate.transaction.jta.platform' to enable JTA platform integration)
2025-10-25T10:10:33.065+09:00  INFO 16416 --- [Shift Scheduler Demo] [           main] j.LocalContainerEntityManagerFactoryBean : Initialized JPA EntityManagerFactory for persistence unit 'default'
2025-10-25T10:10:33.891+09:00  INFO 16416 --- [Shift Scheduler Demo] [           main] o.s.d.j.r.query.QueryEnhancerFactory     : Hibernate is in classpath; If applicable, HQL parser will be used.
2025-10-25T10:10:35.988+09:00  WARN 16416 --- [Shift Scheduler Demo] [           main] JpaBaseConfiguration$JpaWebConfiguration : spring.jpa.open-in-view is enabled by default. Therefore, database queries may be performed during view rendering. Explicitly configure spring.jpa.open-in-view to disable this warning
2025-10-25T10:10:37.016+09:00  INFO 16416 --- [Shift Scheduler Demo] [           main] o.s.b.a.e.web.EndpointLinksResolver      : Exposing 1 endpoint(s) beneath base path '/actuator'
2025-10-25T10:10:37.190+09:00  INFO 16416 --- [Shift Scheduler Demo] [           main] o.s.s.web.DefaultSecurityFilterChain     : Will secure any request with [org.springframework.security.web.session.DisableEncodeUrlFilter@3093c41f, org.springframework.security.web.context.request.async.WebAsyncManagerIntegrationFilter@24ba8adb, org.springframework.security.web.context.SecurityContextHolderFilter@7fcc9949, org.springframework.security.web.header.HeaderWriterFilter@25237224, org.springframework.web.filter.CorsFilter@4d20ce7e, org.springframework.security.web.authentication.logout.LogoutFilter@1f227c44, org.springframework.security.web.authentication.UsernamePasswordAuthenticationFilter@4cdf89a1, org.springframework.security.web.savedrequest.RequestCacheAwareFilter@601b7794, org.springframework.security.web.servletapi.SecurityContextHolderAwareRequestFilter@61b6e8c1, org.springframework.security.web.authentication.AnonymousAuthenticationFilter@72621df0, org.springframework.security.web.session.SessionManagementFilter@5f57cecd, org.springframework.security.web.access.ExceptionTranslationFilter@3a6c74d9, org.springframework.security.web.access.intercept.AuthorizationFilter@3c73a08e]
2025-10-25T10:10:38.281+09:00  INFO 16416 --- [Shift Scheduler Demo] [           main] c.e.s.s.October2025GenerationTest        : Started October2025GenerationTest in 11.128 seconds (process running for 12.573)
2025-10-25T10:10:38.433+09:00  INFO 16416 --- [Shift Scheduler Demo] [           main] c.e.s.config.ShiftConfigDataInitializer  : ShiftConfig seeding is disabled (legacy morning/evening/weekend not created).
2025-10-25T10:10:38.606+09:00 DEBUG 16416 --- [Shift Scheduler Demo] [           main] org.hibernate.SQL                        : select u1_0.id from users u1_0 where u1_0.username=? limit ?
Hibernate: select u1_0.id from users u1_0 where u1_0.username=? limit ?
2025-10-25T10:10:38.623+09:00 DEBUG 16416 --- [Shift Scheduler Demo] [           main] org.hibernate.SQL                        : select u1_0.id from users u1_0 where u1_0.username=? limit ?
Hibernate: select u1_0.id from users u1_0 where u1_0.username=? limit ?
2025-10-25T10:10:38.625+09:00  INFO 16416 --- [Shift Scheduler Demo] [           main] c.e.shiftv1.auth.UserDataInitializer     : ユーザーデータの初期化が完了しました
2025-10-25T10:10:38.648+09:00 DEBUG 16416 --- [Shift Scheduler Demo] [           main] org.hibernate.SQL                        : select count(*) from employee_constraints ec1_0
Hibernate: select count(*) from employee_constraints ec1_0
2025-10-25T10:10:38.651+09:00  INFO 16416 --- [Shift Scheduler Demo] [           main] c.e.s.c.ConstraintDataInitializer        : 制約データは既に存在します
2025-10-25T10:10:38.653+09:00 DEBUG 16416 --- [Shift Scheduler Demo] [           main] org.hibernate.SQL                        : select count(*) from employees e1_0
Hibernate: select count(*) from employees e1_0
2025-10-25T10:10:38.657+09:00 DEBUG 16416 --- [Shift Scheduler Demo] [           main] org.hibernate.SQL                        : select count(*) from shift_change_requests scr1_0
Hibernate: select count(*) from shift_change_requests scr1_0
2025-10-25T10:10:38.658+09:00  INFO 16416 --- [Shift Scheduler Demo] [           main] c.e.s.s.ShiftChangeDataInitializer       : シフト変更申請データは既に存在します
2025-10-25T10:10:38.678+09:00 DEBUG 16416 --- [Shift Scheduler Demo] [           main] org.hibernate.SQL                        : select e1_0.id,e1_0.created_at,e1_0.name,e1_0.role from employees e1_0
Hibernate: select e1_0.id,e1_0.created_at,e1_0.name,e1_0.role from employees e1_0
2025-10-25T10:10:38.704+09:00 DEBUG 16416 --- [Shift Scheduler Demo] [           main] org.hibernate.SQL                        : select s1_0.employee_id,s1_1.id,s1_1.code,s1_1.created_at,s1_1.description,s1_1.name,s1_1.priority,s1_1.updated_at from employee_skills s1_0 join skills s1_1 on s1_1.id=s1_0.skill_id where s1_0.employee_id=?
Hibernate: select s1_0.employee_id,s1_1.id,s1_1.code,s1_1.created_at,s1_1.description,s1_1.name,s1_1.priority,s1_1.updated_at from employee_skills s1_0 join skills s1_1 on s1_1.id=s1_0.skill_id where s1_0.employee_id=?
2025-10-25T10:10:38.709+09:00 DEBUG 16416 --- [Shift Scheduler Demo] [           main] org.hibernate.SQL                        : select s1_0.employee_id,s1_1.id,s1_1.code,s1_1.created_at,s1_1.description,s1_1.name,s1_1.priority,s1_1.updated_at from employee_skills s1_0 join skills s1_1 on s1_1.id=s1_0.skill_id where s1_0.employee_id=?
Hibernate: select s1_0.employee_id,s1_1.id,s1_1.code,s1_1.created_at,s1_1.description,s1_1.name,s1_1.priority,s1_1.updated_at from employee_skills s1_0 join skills s1_1 on s1_1.id=s1_0.skill_id where s1_0.employee_id=?
2025-10-25T10:10:38.711+09:00 DEBUG 16416 --- [Shift Scheduler Demo] [           main] org.hibernate.SQL                        : select s1_0.employee_id,s1_1.id,s1_1.code,s1_1.created_at,s1_1.description,s1_1.name,s1_1.priority,s1_1.updated_at from employee_skills s1_0 join skills s1_1 on s1_1.id=s1_0.skill_id where s1_0.employee_id=?
Hibernate: select s1_0.employee_id,s1_1.id,s1_1.code,s1_1.created_at,s1_1.description,s1_1.name,s1_1.priority,s1_1.updated_at from employee_skills s1_0 join skills s1_1 on s1_1.id=s1_0.skill_id where s1_0.employee_id=?
2025-10-25T10:10:38.712+09:00 DEBUG 16416 --- [Shift Scheduler Demo] [           main] org.hibernate.SQL                        : select s1_0.employee_id,s1_1.id,s1_1.code,s1_1.created_at,s1_1.description,s1_1.name,s1_1.priority,s1_1.updated_at from employee_skills s1_0 join skills s1_1 on s1_1.id=s1_0.skill_id where s1_0.employee_id=?
Hibernate: select s1_0.employee_id,s1_1.id,s1_1.code,s1_1.created_at,s1_1.description,s1_1.name,s1_1.priority,s1_1.updated_at from employee_skills s1_0 join skills s1_1 on s1_1.id=s1_0.skill_id where s1_0.employee_id=?
2025-10-25T10:10:38.712+09:00 DEBUG 16416 --- [Shift Scheduler Demo] [           main] org.hibernate.SQL                        : select s1_0.employee_id,s1_1.id,s1_1.code,s1_1.created_at,s1_1.description,s1_1.name,s1_1.priority,s1_1.updated_at from employee_skills s1_0 join skills s1_1 on s1_1.id=s1_0.skill_id where s1_0.employee_id=?
Hibernate: select s1_0.employee_id,s1_1.id,s1_1.code,s1_1.created_at,s1_1.description,s1_1.name,s1_1.priority,s1_1.updated_at from employee_skills s1_0 join skills s1_1 on s1_1.id=s1_0.skill_id where s1_0.employee_id=?
2025-10-25T10:10:38.713+09:00 DEBUG 16416 --- [Shift Scheduler Demo] [           main] org.hibernate.SQL                        : select s1_0.employee_id,s1_1.id,s1_1.code,s1_1.created_at,s1_1.description,s1_1.name,s1_1.priority,s1_1.updated_at from employee_skills s1_0 join skills s1_1 on s1_1.id=s1_0.skill_id where s1_0.employee_id=?
Hibernate: select s1_0.employee_id,s1_1.id,s1_1.code,s1_1.created_at,s1_1.description,s1_1.name,s1_1.priority,s1_1.updated_at from employee_skills s1_0 join skills s1_1 on s1_1.id=s1_0.skill_id where s1_0.employee_id=?
2025-10-25T10:10:38.714+09:00 DEBUG 16416 --- [Shift Scheduler Demo] [           main] org.hibernate.SQL                        : select s1_0.employee_id,s1_1.id,s1_1.code,s1_1.created_at,s1_1.description,s1_1.name,s1_1.priority,s1_1.updated_at from employee_skills s1_0 join skills s1_1 on s1_1.id=s1_0.skill_id where s1_0.employee_id=?
Hibernate: select s1_0.employee_id,s1_1.id,s1_1.code,s1_1.created_at,s1_1.description,s1_1.name,s1_1.priority,s1_1.updated_at from employee_skills s1_0 join skills s1_1 on s1_1.id=s1_0.skill_id where s1_0.employee_id=?
2025-10-25T10:10:38.714+09:00 DEBUG 16416 --- [Shift Scheduler Demo] [           main] org.hibernate.SQL                        : select s1_0.employee_id,s1_1.id,s1_1.code,s1_1.created_at,s1_1.description,s1_1.name,s1_1.priority,s1_1.updated_at from employee_skills s1_0 join skills s1_1 on s1_1.id=s1_0.skill_id where s1_0.employee_id=?
Hibernate: select s1_0.employee_id,s1_1.id,s1_1.code,s1_1.created_at,s1_1.description,s1_1.name,s1_1.priority,s1_1.updated_at from employee_skills s1_0 join skills s1_1 on s1_1.id=s1_0.skill_id where s1_0.employee_id=?
2025-10-25T10:10:38.715+09:00 DEBUG 16416 --- [Shift Scheduler Demo] [           main] org.hibernate.SQL                        : select s1_0.employee_id,s1_1.id,s1_1.code,s1_1.created_at,s1_1.description,s1_1.name,s1_1.priority,s1_1.updated_at from employee_skills s1_0 join skills s1_1 on s1_1.id=s1_0.skill_id where s1_0.employee_id=?
Hibernate: select s1_0.employee_id,s1_1.id,s1_1.code,s1_1.created_at,s1_1.description,s1_1.name,s1_1.priority,s1_1.updated_at from employee_skills s1_0 join skills s1_1 on s1_1.id=s1_0.skill_id where s1_0.employee_id=?
2025-10-25T10:10:38.715+09:00 DEBUG 16416 --- [Shift Scheduler Demo] [           main] org.hibernate.SQL                        : select s1_0.employee_id,s1_1.id,s1_1.code,s1_1.created_at,s1_1.description,s1_1.name,s1_1.priority,s1_1.updated_at from employee_skills s1_0 join skills s1_1 on s1_1.id=s1_0.skill_id where s1_0.employee_id=?
Hibernate: select s1_0.employee_id,s1_1.id,s1_1.code,s1_1.created_at,s1_1.description,s1_1.name,s1_1.priority,s1_1.updated_at from employee_skills s1_0 join skills s1_1 on s1_1.id=s1_0.skill_id where s1_0.employee_id=?
2025-10-25T10:10:38.715+09:00 DEBUG 16416 --- [Shift Scheduler Demo] [           main] org.hibernate.SQL                        : select s1_0.employee_id,s1_1.id,s1_1.code,s1_1.created_at,s1_1.description,s1_1.name,s1_1.priority,s1_1.updated_at from employee_skills s1_0 join skills s1_1 on s1_1.id=s1_0.skill_id where s1_0.employee_id=?
Hibernate: select s1_0.employee_id,s1_1.id,s1_1.code,s1_1.created_at,s1_1.description,s1_1.name,s1_1.priority,s1_1.updated_at from employee_skills s1_0 join skills s1_1 on s1_1.id=s1_0.skill_id where s1_0.employee_id=?
2025-10-25T10:10:38.715+09:00 DEBUG 16416 --- [Shift Scheduler Demo] [           main] org.hibernate.SQL                        : select s1_0.employee_id,s1_1.id,s1_1.code,s1_1.created_at,s1_1.description,s1_1.name,s1_1.priority,s1_1.updated_at from employee_skills s1_0 join skills s1_1 on s1_1.id=s1_0.skill_id where s1_0.employee_id=?
Hibernate: select s1_0.employee_id,s1_1.id,s1_1.code,s1_1.created_at,s1_1.description,s1_1.name,s1_1.priority,s1_1.updated_at from employee_skills s1_0 join skills s1_1 on s1_1.id=s1_0.skill_id where s1_0.employee_id=?
2025-10-25T10:10:38.718+09:00 DEBUG 16416 --- [Shift Scheduler Demo] [           main] org.hibernate.SQL                        : select s1_0.employee_id,s1_1.id,s1_1.code,s1_1.created_at,s1_1.description,s1_1.name,s1_1.priority,s1_1.updated_at from employee_skills s1_0 join skills s1_1 on s1_1.id=s1_0.skill_id where s1_0.employee_id=?
Hibernate: select s1_0.employee_id,s1_1.id,s1_1.code,s1_1.created_at,s1_1.description,s1_1.name,s1_1.priority,s1_1.updated_at from employee_skills s1_0 join skills s1_1 on s1_1.id=s1_0.skill_id where s1_0.employee_id=?
2025-10-25T10:10:38.719+09:00 DEBUG 16416 --- [Shift Scheduler Demo] [           main] org.hibernate.SQL                        : select s1_0.employee_id,s1_1.id,s1_1.code,s1_1.created_at,s1_1.description,s1_1.name,s1_1.priority,s1_1.updated_at from employee_skills s1_0 join skills s1_1 on s1_1.id=s1_0.skill_id where s1_0.employee_id=?
Hibernate: select s1_0.employee_id,s1_1.id,s1_1.code,s1_1.created_at,s1_1.description,s1_1.name,s1_1.priority,s1_1.updated_at from employee_skills s1_0 join skills s1_1 on s1_1.id=s1_0.skill_id where s1_0.employee_id=?
2025-10-25T10:10:38.721+09:00 DEBUG 16416 --- [Shift Scheduler Demo] [           main] org.hibernate.SQL                        : select s1_0.employee_id,s1_1.id,s1_1.code,s1_1.created_at,s1_1.description,s1_1.name,s1_1.priority,s1_1.updated_at from employee_skills s1_0 join skills s1_1 on s1_1.id=s1_0.skill_id where s1_0.employee_id=?
Hibernate: select s1_0.employee_id,s1_1.id,s1_1.code,s1_1.created_at,s1_1.description,s1_1.name,s1_1.priority,s1_1.updated_at from employee_skills s1_0 join skills s1_1 on s1_1.id=s1_0.skill_id where s1_0.employee_id=?
2025-10-25T10:10:38.722+09:00 DEBUG 16416 --- [Shift Scheduler Demo] [           main] org.hibernate.SQL                        : select s1_0.employee_id,s1_1.id,s1_1.code,s1_1.created_at,s1_1.description,s1_1.name,s1_1.priority,s1_1.updated_at from employee_skills s1_0 join skills s1_1 on s1_1.id=s1_0.skill_id where s1_0.employee_id=?
Hibernate: select s1_0.employee_id,s1_1.id,s1_1.code,s1_1.created_at,s1_1.description,s1_1.name,s1_1.priority,s1_1.updated_at from employee_skills s1_0 join skills s1_1 on s1_1.id=s1_0.skill_id where s1_0.employee_id=?
2025-10-25T10:10:38.723+09:00 DEBUG 16416 --- [Shift Scheduler Demo] [           main] org.hibernate.SQL                        : select s1_0.employee_id,s1_1.id,s1_1.code,s1_1.created_at,s1_1.description,s1_1.name,s1_1.priority,s1_1.updated_at from employee_skills s1_0 join skills s1_1 on s1_1.id=s1_0.skill_id where s1_0.employee_id=?
Hibernate: select s1_0.employee_id,s1_1.id,s1_1.code,s1_1.created_at,s1_1.description,s1_1.name,s1_1.priority,s1_1.updated_at from employee_skills s1_0 join skills s1_1 on s1_1.id=s1_0.skill_id where s1_0.employee_id=?
2025-10-25T10:10:38.723+09:00 DEBUG 16416 --- [Shift Scheduler Demo] [           main] org.hibernate.SQL                        : select s1_0.employee_id,s1_1.id,s1_1.code,s1_1.created_at,s1_1.description,s1_1.name,s1_1.priority,s1_1.updated_at from employee_skills s1_0 join skills s1_1 on s1_1.id=s1_0.skill_id where s1_0.employee_id=?
Hibernate: select s1_0.employee_id,s1_1.id,s1_1.code,s1_1.created_at,s1_1.description,s1_1.name,s1_1.priority,s1_1.updated_at from employee_skills s1_0 join skills s1_1 on s1_1.id=s1_0.skill_id where s1_0.employee_id=?
2025-10-25T10:10:38.724+09:00 DEBUG 16416 --- [Shift Scheduler Demo] [           main] org.hibernate.SQL                        : select s1_0.employee_id,s1_1.id,s1_1.code,s1_1.created_at,s1_1.description,s1_1.name,s1_1.priority,s1_1.updated_at from employee_skills s1_0 join skills s1_1 on s1_1.id=s1_0.skill_id where s1_0.employee_id=?
Hibernate: select s1_0.employee_id,s1_1.id,s1_1.code,s1_1.created_at,s1_1.description,s1_1.name,s1_1.priority,s1_1.updated_at from employee_skills s1_0 join skills s1_1 on s1_1.id=s1_0.skill_id where s1_0.employee_id=?
2025-10-25T10:10:38.725+09:00 DEBUG 16416 --- [Shift Scheduler Demo] [           main] org.hibernate.SQL                        : select s1_0.employee_id,s1_1.id,s1_1.code,s1_1.created_at,s1_1.description,s1_1.name,s1_1.priority,s1_1.updated_at from employee_skills s1_0 join skills s1_1 on s1_1.id=s1_0.skill_id where s1_0.employee_id=?
Hibernate: select s1_0.employee_id,s1_1.id,s1_1.code,s1_1.created_at,s1_1.description,s1_1.name,s1_1.priority,s1_1.updated_at from employee_skills s1_0 join skills s1_1 on s1_1.id=s1_0.skill_id where s1_0.employee_id=?
2025-10-25T10:10:38.725+09:00 DEBUG 16416 --- [Shift Scheduler Demo] [           main] org.hibernate.SQL                        : select s1_0.employee_id,s1_1.id,s1_1.code,s1_1.created_at,s1_1.description,s1_1.name,s1_1.priority,s1_1.updated_at from employee_skills s1_0 join skills s1_1 on s1_1.id=s1_0.skill_id where s1_0.employee_id=?
Hibernate: select s1_0.employee_id,s1_1.id,s1_1.code,s1_1.created_at,s1_1.description,s1_1.name,s1_1.priority,s1_1.updated_at from employee_skills s1_0 join skills s1_1 on s1_1.id=s1_0.skill_id where s1_0.employee_id=?
2025-10-25T10:10:38.726+09:00 DEBUG 16416 --- [Shift Scheduler Demo] [           main] org.hibernate.SQL                        : select s1_0.employee_id,s1_1.id,s1_1.code,s1_1.created_at,s1_1.description,s1_1.name,s1_1.priority,s1_1.updated_at from employee_skills s1_0 join skills s1_1 on s1_1.id=s1_0.skill_id where s1_0.employee_id=?
Hibernate: select s1_0.employee_id,s1_1.id,s1_1.code,s1_1.created_at,s1_1.description,s1_1.name,s1_1.priority,s1_1.updated_at from employee_skills s1_0 join skills s1_1 on s1_1.id=s1_0.skill_id where s1_0.employee_id=?
2025-10-25T10:10:38.727+09:00 DEBUG 16416 --- [Shift Scheduler Demo] [           main] org.hibernate.SQL                        : select s1_0.employee_id,s1_1.id,s1_1.code,s1_1.created_at,s1_1.description,s1_1.name,s1_1.priority,s1_1.updated_at from employee_skills s1_0 join skills s1_1 on s1_1.id=s1_0.skill_id where s1_0.employee_id=?
Hibernate: select s1_0.employee_id,s1_1.id,s1_1.code,s1_1.created_at,s1_1.description,s1_1.name,s1_1.priority,s1_1.updated_at from employee_skills s1_0 join skills s1_1 on s1_1.id=s1_0.skill_id where s1_0.employee_id=?
2025-10-25T10:10:38.746+09:00 DEBUG 16416 --- [Shift Scheduler Demo] [           main] org.hibernate.SQL                        : select s1_0.employee_id,s1_1.id,s1_1.code,s1_1.created_at,s1_1.description,s1_1.name,s1_1.priority,s1_1.updated_at from employee_skills s1_0 join skills s1_1 on s1_1.id=s1_0.skill_id where s1_0.employee_id=?
Hibernate: select s1_0.employee_id,s1_1.id,s1_1.code,s1_1.created_at,s1_1.description,s1_1.name,s1_1.priority,s1_1.updated_at from employee_skills s1_0 join skills s1_1 on s1_1.id=s1_0.skill_id where s1_0.employee_id=?
2025-10-25T10:10:38.747+09:00 DEBUG 16416 --- [Shift Scheduler Demo] [           main] org.hibernate.SQL                        : select s1_0.employee_id,s1_1.id,s1_1.code,s1_1.created_at,s1_1.description,s1_1.name,s1_1.priority,s1_1.updated_at from employee_skills s1_0 join skills s1_1 on s1_1.id=s1_0.skill_id where s1_0.employee_id=?
Hibernate: select s1_0.employee_id,s1_1.id,s1_1.code,s1_1.created_at,s1_1.description,s1_1.name,s1_1.priority,s1_1.updated_at from employee_skills s1_0 join skills s1_1 on s1_1.id=s1_0.skill_id where s1_0.employee_id=?
2025-10-25T10:10:38.748+09:00 DEBUG 16416 --- [Shift Scheduler Demo] [           main] org.hibernate.SQL                        : select s1_0.employee_id,s1_1.id,s1_1.code,s1_1.created_at,s1_1.description,s1_1.name,s1_1.priority,s1_1.updated_at from employee_skills s1_0 join skills s1_1 on s1_1.id=s1_0.skill_id where s1_0.employee_id=?
Hibernate: select s1_0.employee_id,s1_1.id,s1_1.code,s1_1.created_at,s1_1.description,s1_1.name,s1_1.priority,s1_1.updated_at from employee_skills s1_0 join skills s1_1 on s1_1.id=s1_0.skill_id where s1_0.employee_id=?
2025-10-25T10:10:38.749+09:00 DEBUG 16416 --- [Shift Scheduler Demo] [           main] org.hibernate.SQL                        : select s1_0.employee_id,s1_1.id,s1_1.code,s1_1.created_at,s1_1.description,s1_1.name,s1_1.priority,s1_1.updated_at from employee_skills s1_0 join skills s1_1 on s1_1.id=s1_0.skill_id where s1_0.employee_id=?
Hibernate: select s1_0.employee_id,s1_1.id,s1_1.code,s1_1.created_at,s1_1.description,s1_1.name,s1_1.priority,s1_1.updated_at from employee_skills s1_0 join skills s1_1 on s1_1.id=s1_0.skill_id where s1_0.employee_id=?
2025-10-25T10:10:38.750+09:00 DEBUG 16416 --- [Shift Scheduler Demo] [           main] org.hibernate.SQL                        : select s1_0.employee_id,s1_1.id,s1_1.code,s1_1.created_at,s1_1.description,s1_1.name,s1_1.priority,s1_1.updated_at from employee_skills s1_0 join skills s1_1 on s1_1.id=s1_0.skill_id where s1_0.employee_id=?
Hibernate: select s1_0.employee_id,s1_1.id,s1_1.code,s1_1.created_at,s1_1.description,s1_1.name,s1_1.priority,s1_1.updated_at from employee_skills s1_0 join skills s1_1 on s1_1.id=s1_0.skill_id where s1_0.employee_id=?
2025-10-25T10:10:38.750+09:00 DEBUG 16416 --- [Shift Scheduler Demo] [           main] org.hibernate.SQL                        : select s1_0.employee_id,s1_1.id,s1_1.code,s1_1.created_at,s1_1.description,s1_1.name,s1_1.priority,s1_1.updated_at from employee_skills s1_0 join skills s1_1 on s1_1.id=s1_0.skill_id where s1_0.employee_id=?
Hibernate: select s1_0.employee_id,s1_1.id,s1_1.code,s1_1.created_at,s1_1.description,s1_1.name,s1_1.priority,s1_1.updated_at from employee_skills s1_0 join skills s1_1 on s1_1.id=s1_0.skill_id where s1_0.employee_id=?
2025-10-25T10:10:38.752+09:00 DEBUG 16416 --- [Shift Scheduler Demo] [           main] org.hibernate.SQL                        : select s1_0.employee_id,s1_1.id,s1_1.code,s1_1.created_at,s1_1.description,s1_1.name,s1_1.priority,s1_1.updated_at from employee_skills s1_0 join skills s1_1 on s1_1.id=s1_0.skill_id where s1_0.employee_id=?
Hibernate: select s1_0.employee_id,s1_1.id,s1_1.code,s1_1.created_at,s1_1.description,s1_1.name,s1_1.priority,s1_1.updated_at from employee_skills s1_0 join skills s1_1 on s1_1.id=s1_0.skill_id where s1_0.employee_id=?
2025-10-25T10:10:38.760+09:00 DEBUG 16416 --- [Shift Scheduler Demo] [           main] org.hibernate.SQL                        : select er1_0.id,er1_0.allow_holiday_work,er1_0.allow_multiple_shifts_per_day,er1_0.daily_max_hours,er1_0.employee_id,er1_0.max_consecutive_days,er1_0.min_rest_hours,er1_0.weekly_max_hours from employee_rules er1_0 left join employees e1_0 on e1_0.id=er1_0.employee_id where e1_0.id=?
Hibernate: select er1_0.id,er1_0.allow_holiday_work,er1_0.allow_multiple_shifts_per_day,er1_0.daily_max_hours,er1_0.employee_id,er1_0.max_consecutive_days,er1_0.min_rest_hours,er1_0.weekly_max_hours from employee_rules er1_0 left join employees e1_0 on e1_0.id=er1_0.employee_id where e1_0.id=?
2025-10-25T10:10:38.770+09:00 DEBUG 16416 --- [Shift Scheduler Demo] [           main] org.hibernate.SQL                        : select er1_0.id,er1_0.allow_holiday_work,er1_0.allow_multiple_shifts_per_day,er1_0.daily_max_hours,er1_0.employee_id,er1_0.max_consecutive_days,er1_0.min_rest_hours,er1_0.weekly_max_hours from employee_rules er1_0 left join employees e1_0 on e1_0.id=er1_0.employee_id where e1_0.id=?
Hibernate: select er1_0.id,er1_0.allow_holiday_work,er1_0.allow_multiple_shifts_per_day,er1_0.daily_max_hours,er1_0.employee_id,er1_0.max_consecutive_days,er1_0.min_rest_hours,er1_0.weekly_max_hours from employee_rules er1_0 left join employees e1_0 on e1_0.id=er1_0.employee_id where e1_0.id=?
2025-10-25T10:10:38.770+09:00 DEBUG 16416 --- [Shift Scheduler Demo] [           main] org.hibernate.SQL                        : select er1_0.id,er1_0.allow_holiday_work,er1_0.allow_multiple_shifts_per_day,er1_0.daily_max_hours,er1_0.employee_id,er1_0.max_consecutive_days,er1_0.min_rest_hours,er1_0.weekly_max_hours from employee_rules er1_0 left join employees e1_0 on e1_0.id=er1_0.employee_id where e1_0.id=?
Hibernate: select er1_0.id,er1_0.allow_holiday_work,er1_0.allow_multiple_shifts_per_day,er1_0.daily_max_hours,er1_0.employee_id,er1_0.max_consecutive_days,er1_0.min_rest_hours,er1_0.weekly_max_hours from employee_rules er1_0 left join employees e1_0 on e1_0.id=er1_0.employee_id where e1_0.id=?
2025-10-25T10:10:38.776+09:00 DEBUG 16416 --- [Shift Scheduler Demo] [           main] org.hibernate.SQL                        : select er1_0.id,er1_0.allow_holiday_work,er1_0.allow_multiple_shifts_per_day,er1_0.daily_max_hours,er1_0.employee_id,er1_0.max_consecutive_days,er1_0.min_rest_hours,er1_0.weekly_max_hours from employee_rules er1_0 left join employees e1_0 on e1_0.id=er1_0.employee_id where e1_0.id=?
Hibernate: select er1_0.id,er1_0.allow_holiday_work,er1_0.allow_multiple_shifts_per_day,er1_0.daily_max_hours,er1_0.employee_id,er1_0.max_consecutive_days,er1_0.min_rest_hours,er1_0.weekly_max_hours from employee_rules er1_0 left join employees e1_0 on e1_0.id=er1_0.employee_id where e1_0.id=?
2025-10-25T10:10:38.778+09:00 DEBUG 16416 --- [Shift Scheduler Demo] [           main] org.hibernate.SQL                        : select er1_0.id,er1_0.allow_holiday_work,er1_0.allow_multiple_shifts_per_day,er1_0.daily_max_hours,er1_0.employee_id,er1_0.max_consecutive_days,er1_0.min_rest_hours,er1_0.weekly_max_hours from employee_rules er1_0 left join employees e1_0 on e1_0.id=er1_0.employee_id where e1_0.id=?
Hibernate: select er1_0.id,er1_0.allow_holiday_work,er1_0.allow_multiple_shifts_per_day,er1_0.daily_max_hours,er1_0.employee_id,er1_0.max_consecutive_days,er1_0.min_rest_hours,er1_0.weekly_max_hours from employee_rules er1_0 left join employees e1_0 on e1_0.id=er1_0.employee_id where e1_0.id=?
2025-10-25T10:10:38.781+09:00 DEBUG 16416 --- [Shift Scheduler Demo] [           main] org.hibernate.SQL                        : select er1_0.id,er1_0.allow_holiday_work,er1_0.allow_multiple_shifts_per_day,er1_0.daily_max_hours,er1_0.employee_id,er1_0.max_consecutive_days,er1_0.min_rest_hours,er1_0.weekly_max_hours from employee_rules er1_0 left join employees e1_0 on e1_0.id=er1_0.employee_id where e1_0.id=?
Hibernate: select er1_0.id,er1_0.allow_holiday_work,er1_0.allow_multiple_shifts_per_day,er1_0.daily_max_hours,er1_0.employee_id,er1_0.max_consecutive_days,er1_0.min_rest_hours,er1_0.weekly_max_hours from employee_rules er1_0 left join employees e1_0 on e1_0.id=er1_0.employee_id where e1_0.id=?
2025-10-25T10:10:38.783+09:00 DEBUG 16416 --- [Shift Scheduler Demo] [           main] org.hibernate.SQL                        : select er1_0.id,er1_0.allow_holiday_work,er1_0.allow_multiple_shifts_per_day,er1_0.daily_max_hours,er1_0.employee_id,er1_0.max_consecutive_days,er1_0.min_rest_hours,er1_0.weekly_max_hours from employee_rules er1_0 left join employees e1_0 on e1_0.id=er1_0.employee_id where e1_0.id=?
Hibernate: select er1_0.id,er1_0.allow_holiday_work,er1_0.allow_multiple_shifts_per_day,er1_0.daily_max_hours,er1_0.employee_id,er1_0.max_consecutive_days,er1_0.min_rest_hours,er1_0.weekly_max_hours from employee_rules er1_0 left join employees e1_0 on e1_0.id=er1_0.employee_id where e1_0.id=?
2025-10-25T10:10:38.788+09:00 DEBUG 16416 --- [Shift Scheduler Demo] [           main] org.hibernate.SQL                        : select er1_0.id,er1_0.allow_holiday_work,er1_0.allow_multiple_shifts_per_day,er1_0.daily_max_hours,er1_0.employee_id,er1_0.max_consecutive_days,er1_0.min_rest_hours,er1_0.weekly_max_hours from employee_rules er1_0 left join employees e1_0 on e1_0.id=er1_0.employee_id where e1_0.id=?
Hibernate: select er1_0.id,er1_0.allow_holiday_work,er1_0.allow_multiple_shifts_per_day,er1_0.daily_max_hours,er1_0.employee_id,er1_0.max_consecutive_days,er1_0.min_rest_hours,er1_0.weekly_max_hours from employee_rules er1_0 left join employees e1_0 on e1_0.id=er1_0.employee_id where e1_0.id=?
2025-10-25T10:10:38.791+09:00 DEBUG 16416 --- [Shift Scheduler Demo] [           main] org.hibernate.SQL                        : select er1_0.id,er1_0.allow_holiday_work,er1_0.allow_multiple_shifts_per_day,er1_0.daily_max_hours,er1_0.employee_id,er1_0.max_consecutive_days,er1_0.min_rest_hours,er1_0.weekly_max_hours from employee_rules er1_0 left join employees e1_0 on e1_0.id=er1_0.employee_id where e1_0.id=?
Hibernate: select er1_0.id,er1_0.allow_holiday_work,er1_0.allow_multiple_shifts_per_day,er1_0.daily_max_hours,er1_0.employee_id,er1_0.max_consecutive_days,er1_0.min_rest_hours,er1_0.weekly_max_hours from employee_rules er1_0 left join employees e1_0 on e1_0.id=er1_0.employee_id where e1_0.id=?
2025-10-25T10:10:38.793+09:00 DEBUG 16416 --- [Shift Scheduler Demo] [           main] org.hibernate.SQL                        : select er1_0.id,er1_0.allow_holiday_work,er1_0.allow_multiple_shifts_per_day,er1_0.daily_max_hours,er1_0.employee_id,er1_0.max_consecutive_days,er1_0.min_rest_hours,er1_0.weekly_max_hours from employee_rules er1_0 left join employees e1_0 on e1_0.id=er1_0.employee_id where e1_0.id=?
Hibernate: select er1_0.id,er1_0.allow_holiday_work,er1_0.allow_multiple_shifts_per_day,er1_0.daily_max_hours,er1_0.employee_id,er1_0.max_consecutive_days,er1_0.min_rest_hours,er1_0.weekly_max_hours from employee_rules er1_0 left join employees e1_0 on e1_0.id=er1_0.employee_id where e1_0.id=?
2025-10-25T10:10:38.797+09:00 DEBUG 16416 --- [Shift Scheduler Demo] [           main] org.hibernate.SQL                        : select er1_0.id,er1_0.allow_holiday_work,er1_0.allow_multiple_shifts_per_day,er1_0.daily_max_hours,er1_0.employee_id,er1_0.max_consecutive_days,er1_0.min_rest_hours,er1_0.weekly_max_hours from employee_rules er1_0 left join employees e1_0 on e1_0.id=er1_0.employee_id where e1_0.id=?
Hibernate: select er1_0.id,er1_0.allow_holiday_work,er1_0.allow_multiple_shifts_per_day,er1_0.daily_max_hours,er1_0.employee_id,er1_0.max_consecutive_days,er1_0.min_rest_hours,er1_0.weekly_max_hours from employee_rules er1_0 left join employees e1_0 on e1_0.id=er1_0.employee_id where e1_0.id=?
2025-10-25T10:10:38.804+09:00 DEBUG 16416 --- [Shift Scheduler Demo] [           main] org.hibernate.SQL                        : select er1_0.id,er1_0.allow_holiday_work,er1_0.allow_multiple_shifts_per_day,er1_0.daily_max_hours,er1_0.employee_id,er1_0.max_consecutive_days,er1_0.min_rest_hours,er1_0.weekly_max_hours from employee_rules er1_0 left join employees e1_0 on e1_0.id=er1_0.employee_id where e1_0.id=?
Hibernate: select er1_0.id,er1_0.allow_holiday_work,er1_0.allow_multiple_shifts_per_day,er1_0.daily_max_hours,er1_0.employee_id,er1_0.max_consecutive_days,er1_0.min_rest_hours,er1_0.weekly_max_hours from employee_rules er1_0 left join employees e1_0 on e1_0.id=er1_0.employee_id where e1_0.id=?
2025-10-25T10:10:38.810+09:00 DEBUG 16416 --- [Shift Scheduler Demo] [           main] org.hibernate.SQL                        : select er1_0.id,er1_0.allow_holiday_work,er1_0.allow_multiple_shifts_per_day,er1_0.daily_max_hours,er1_0.employee_id,er1_0.max_consecutive_days,er1_0.min_rest_hours,er1_0.weekly_max_hours from employee_rules er1_0 left join employees e1_0 on e1_0.id=er1_0.employee_id where e1_0.id=?
Hibernate: select er1_0.id,er1_0.allow_holiday_work,er1_0.allow_multiple_shifts_per_day,er1_0.daily_max_hours,er1_0.employee_id,er1_0.max_consecutive_days,er1_0.min_rest_hours,er1_0.weekly_max_hours from employee_rules er1_0 left join employees e1_0 on e1_0.id=er1_0.employee_id where e1_0.id=?
2025-10-25T10:10:38.814+09:00 DEBUG 16416 --- [Shift Scheduler Demo] [           main] org.hibernate.SQL                        : select er1_0.id,er1_0.allow_holiday_work,er1_0.allow_multiple_shifts_per_day,er1_0.daily_max_hours,er1_0.employee_id,er1_0.max_consecutive_days,er1_0.min_rest_hours,er1_0.weekly_max_hours from employee_rules er1_0 left join employees e1_0 on e1_0.id=er1_0.employee_id where e1_0.id=?
Hibernate: select er1_0.id,er1_0.allow_holiday_work,er1_0.allow_multiple_shifts_per_day,er1_0.daily_max_hours,er1_0.employee_id,er1_0.max_consecutive_days,er1_0.min_rest_hours,er1_0.weekly_max_hours from employee_rules er1_0 left join employees e1_0 on e1_0.id=er1_0.employee_id where e1_0.id=?
2025-10-25T10:10:38.818+09:00 DEBUG 16416 --- [Shift Scheduler Demo] [           main] org.hibernate.SQL                        : select er1_0.id,er1_0.allow_holiday_work,er1_0.allow_multiple_shifts_per_day,er1_0.daily_max_hours,er1_0.employee_id,er1_0.max_consecutive_days,er1_0.min_rest_hours,er1_0.weekly_max_hours from employee_rules er1_0 left join employees e1_0 on e1_0.id=er1_0.employee_id where e1_0.id=?
Hibernate: select er1_0.id,er1_0.allow_holiday_work,er1_0.allow_multiple_shifts_per_day,er1_0.daily_max_hours,er1_0.employee_id,er1_0.max_consecutive_days,er1_0.min_rest_hours,er1_0.weekly_max_hours from employee_rules er1_0 left join employees e1_0 on e1_0.id=er1_0.employee_id where e1_0.id=?
2025-10-25T10:10:38.821+09:00 DEBUG 16416 --- [Shift Scheduler Demo] [           main] org.hibernate.SQL                        : select er1_0.id,er1_0.allow_holiday_work,er1_0.allow_multiple_shifts_per_day,er1_0.daily_max_hours,er1_0.employee_id,er1_0.max_consecutive_days,er1_0.min_rest_hours,er1_0.weekly_max_hours from employee_rules er1_0 left join employees e1_0 on e1_0.id=er1_0.employee_id where e1_0.id=?
Hibernate: select er1_0.id,er1_0.allow_holiday_work,er1_0.allow_multiple_shifts_per_day,er1_0.daily_max_hours,er1_0.employee_id,er1_0.max_consecutive_days,er1_0.min_rest_hours,er1_0.weekly_max_hours from employee_rules er1_0 left join employees e1_0 on e1_0.id=er1_0.employee_id where e1_0.id=?
2025-10-25T10:10:38.824+09:00 DEBUG 16416 --- [Shift Scheduler Demo] [           main] org.hibernate.SQL                        : select er1_0.id,er1_0.allow_holiday_work,er1_0.allow_multiple_shifts_per_day,er1_0.daily_max_hours,er1_0.employee_id,er1_0.max_consecutive_days,er1_0.min_rest_hours,er1_0.weekly_max_hours from employee_rules er1_0 left join employees e1_0 on e1_0.id=er1_0.employee_id where e1_0.id=?
Hibernate: select er1_0.id,er1_0.allow_holiday_work,er1_0.allow_multiple_shifts_per_day,er1_0.daily_max_hours,er1_0.employee_id,er1_0.max_consecutive_days,er1_0.min_rest_hours,er1_0.weekly_max_hours from employee_rules er1_0 left join employees e1_0 on e1_0.id=er1_0.employee_id where e1_0.id=?
2025-10-25T10:10:38.828+09:00 DEBUG 16416 --- [Shift Scheduler Demo] [           main] org.hibernate.SQL                        : select er1_0.id,er1_0.allow_holiday_work,er1_0.allow_multiple_shifts_per_day,er1_0.daily_max_hours,er1_0.employee_id,er1_0.max_consecutive_days,er1_0.min_rest_hours,er1_0.weekly_max_hours from employee_rules er1_0 left join employees e1_0 on e1_0.id=er1_0.employee_id where e1_0.id=?
Hibernate: select er1_0.id,er1_0.allow_holiday_work,er1_0.allow_multiple_shifts_per_day,er1_0.daily_max_hours,er1_0.employee_id,er1_0.max_consecutive_days,er1_0.min_rest_hours,er1_0.weekly_max_hours from employee_rules er1_0 left join employees e1_0 on e1_0.id=er1_0.employee_id where e1_0.id=?
2025-10-25T10:10:38.832+09:00 DEBUG 16416 --- [Shift Scheduler Demo] [           main] org.hibernate.SQL                        : select er1_0.id,er1_0.allow_holiday_work,er1_0.allow_multiple_shifts_per_day,er1_0.daily_max_hours,er1_0.employee_id,er1_0.max_consecutive_days,er1_0.min_rest_hours,er1_0.weekly_max_hours from employee_rules er1_0 left join employees e1_0 on e1_0.id=er1_0.employee_id where e1_0.id=?
Hibernate: select er1_0.id,er1_0.allow_holiday_work,er1_0.allow_multiple_shifts_per_day,er1_0.daily_max_hours,er1_0.employee_id,er1_0.max_consecutive_days,er1_0.min_rest_hours,er1_0.weekly_max_hours from employee_rules er1_0 left join employees e1_0 on e1_0.id=er1_0.employee_id where e1_0.id=?
2025-10-25T10:10:38.836+09:00 DEBUG 16416 --- [Shift Scheduler Demo] [           main] org.hibernate.SQL                        : select er1_0.id,er1_0.allow_holiday_work,er1_0.allow_multiple_shifts_per_day,er1_0.daily_max_hours,er1_0.employee_id,er1_0.max_consecutive_days,er1_0.min_rest_hours,er1_0.weekly_max_hours from employee_rules er1_0 left join employees e1_0 on e1_0.id=er1_0.employee_id where e1_0.id=?
Hibernate: select er1_0.id,er1_0.allow_holiday_work,er1_0.allow_multiple_shifts_per_day,er1_0.daily_max_hours,er1_0.employee_id,er1_0.max_consecutive_days,er1_0.min_rest_hours,er1_0.weekly_max_hours from employee_rules er1_0 left join employees e1_0 on e1_0.id=er1_0.employee_id where e1_0.id=?
2025-10-25T10:10:38.839+09:00 DEBUG 16416 --- [Shift Scheduler Demo] [           main] org.hibernate.SQL                        : select er1_0.id,er1_0.allow_holiday_work,er1_0.allow_multiple_shifts_per_day,er1_0.daily_max_hours,er1_0.employee_id,er1_0.max_consecutive_days,er1_0.min_rest_hours,er1_0.weekly_max_hours from employee_rules er1_0 left join employees e1_0 on e1_0.id=er1_0.employee_id where e1_0.id=?
Hibernate: select er1_0.id,er1_0.allow_holiday_work,er1_0.allow_multiple_shifts_per_day,er1_0.daily_max_hours,er1_0.employee_id,er1_0.max_consecutive_days,er1_0.min_rest_hours,er1_0.weekly_max_hours from employee_rules er1_0 left join employees e1_0 on e1_0.id=er1_0.employee_id where e1_0.id=?
2025-10-25T10:10:38.841+09:00 DEBUG 16416 --- [Shift Scheduler Demo] [           main] org.hibernate.SQL                        : select er1_0.id,er1_0.allow_holiday_work,er1_0.allow_multiple_shifts_per_day,er1_0.daily_max_hours,er1_0.employee_id,er1_0.max_consecutive_days,er1_0.min_rest_hours,er1_0.weekly_max_hours from employee_rules er1_0 left join employees e1_0 on e1_0.id=er1_0.employee_id where e1_0.id=?
Hibernate: select er1_0.id,er1_0.allow_holiday_work,er1_0.allow_multiple_shifts_per_day,er1_0.daily_max_hours,er1_0.employee_id,er1_0.max_consecutive_days,er1_0.min_rest_hours,er1_0.weekly_max_hours from employee_rules er1_0 left join employees e1_0 on e1_0.id=er1_0.employee_id where e1_0.id=?
2025-10-25T10:10:38.844+09:00 DEBUG 16416 --- [Shift Scheduler Demo] [           main] org.hibernate.SQL                        : select er1_0.id,er1_0.allow_holiday_work,er1_0.allow_multiple_shifts_per_day,er1_0.daily_max_hours,er1_0.employee_id,er1_0.max_consecutive_days,er1_0.min_rest_hours,er1_0.weekly_max_hours from employee_rules er1_0 left join employees e1_0 on e1_0.id=er1_0.employee_id where e1_0.id=?
Hibernate: select er1_0.id,er1_0.allow_holiday_work,er1_0.allow_multiple_shifts_per_day,er1_0.daily_max_hours,er1_0.employee_id,er1_0.max_consecutive_days,er1_0.min_rest_hours,er1_0.weekly_max_hours from employee_rules er1_0 left join employees e1_0 on e1_0.id=er1_0.employee_id where e1_0.id=?
2025-10-25T10:10:38.847+09:00 DEBUG 16416 --- [Shift Scheduler Demo] [           main] org.hibernate.SQL                        : select er1_0.id,er1_0.allow_holiday_work,er1_0.allow_multiple_shifts_per_day,er1_0.daily_max_hours,er1_0.employee_id,er1_0.max_consecutive_days,er1_0.min_rest_hours,er1_0.weekly_max_hours from employee_rules er1_0 left join employees e1_0 on e1_0.id=er1_0.employee_id where e1_0.id=?
Hibernate: select er1_0.id,er1_0.allow_holiday_work,er1_0.allow_multiple_shifts_per_day,er1_0.daily_max_hours,er1_0.employee_id,er1_0.max_consecutive_days,er1_0.min_rest_hours,er1_0.weekly_max_hours from employee_rules er1_0 left join employees e1_0 on e1_0.id=er1_0.employee_id where e1_0.id=?
2025-10-25T10:10:38.850+09:00 DEBUG 16416 --- [Shift Scheduler Demo] [           main] org.hibernate.SQL                        : select er1_0.id,er1_0.allow_holiday_work,er1_0.allow_multiple_shifts_per_day,er1_0.daily_max_hours,er1_0.employee_id,er1_0.max_consecutive_days,er1_0.min_rest_hours,er1_0.weekly_max_hours from employee_rules er1_0 left join employees e1_0 on e1_0.id=er1_0.employee_id where e1_0.id=?
Hibernate: select er1_0.id,er1_0.allow_holiday_work,er1_0.allow_multiple_shifts_per_day,er1_0.daily_max_hours,er1_0.employee_id,er1_0.max_consecutive_days,er1_0.min_rest_hours,er1_0.weekly_max_hours from employee_rules er1_0 left join employees e1_0 on e1_0.id=er1_0.employee_id where e1_0.id=?
2025-10-25T10:10:38.853+09:00 DEBUG 16416 --- [Shift Scheduler Demo] [           main] org.hibernate.SQL                        : select er1_0.id,er1_0.allow_holiday_work,er1_0.allow_multiple_shifts_per_day,er1_0.daily_max_hours,er1_0.employee_id,er1_0.max_consecutive_days,er1_0.min_rest_hours,er1_0.weekly_max_hours from employee_rules er1_0 left join employees e1_0 on e1_0.id=er1_0.employee_id where e1_0.id=?
Hibernate: select er1_0.id,er1_0.allow_holiday_work,er1_0.allow_multiple_shifts_per_day,er1_0.daily_max_hours,er1_0.employee_id,er1_0.max_consecutive_days,er1_0.min_rest_hours,er1_0.weekly_max_hours from employee_rules er1_0 left join employees e1_0 on e1_0.id=er1_0.employee_id where e1_0.id=?
2025-10-25T10:10:38.856+09:00 DEBUG 16416 --- [Shift Scheduler Demo] [           main] org.hibernate.SQL                        : select er1_0.id,er1_0.allow_holiday_work,er1_0.allow_multiple_shifts_per_day,er1_0.daily_max_hours,er1_0.employee_id,er1_0.max_consecutive_days,er1_0.min_rest_hours,er1_0.weekly_max_hours from employee_rules er1_0 left join employees e1_0 on e1_0.id=er1_0.employee_id where e1_0.id=?
Hibernate: select er1_0.id,er1_0.allow_holiday_work,er1_0.allow_multiple_shifts_per_day,er1_0.daily_max_hours,er1_0.employee_id,er1_0.max_consecutive_days,er1_0.min_rest_hours,er1_0.weekly_max_hours from employee_rules er1_0 left join employees e1_0 on e1_0.id=er1_0.employee_id where e1_0.id=?
2025-10-25T10:10:38.859+09:00 DEBUG 16416 --- [Shift Scheduler Demo] [           main] org.hibernate.SQL                        : select er1_0.id,er1_0.allow_holiday_work,er1_0.allow_multiple_shifts_per_day,er1_0.daily_max_hours,er1_0.employee_id,er1_0.max_consecutive_days,er1_0.min_rest_hours,er1_0.weekly_max_hours from employee_rules er1_0 left join employees e1_0 on e1_0.id=er1_0.employee_id where e1_0.id=?
Hibernate: select er1_0.id,er1_0.allow_holiday_work,er1_0.allow_multiple_shifts_per_day,er1_0.daily_max_hours,er1_0.employee_id,er1_0.max_consecutive_days,er1_0.min_rest_hours,er1_0.weekly_max_hours from employee_rules er1_0 left join employees e1_0 on e1_0.id=er1_0.employee_id where e1_0.id=?
2025-10-25T10:10:38.863+09:00 DEBUG 16416 --- [Shift Scheduler Demo] [           main] org.hibernate.SQL                        : select er1_0.id,er1_0.allow_holiday_work,er1_0.allow_multiple_shifts_per_day,er1_0.daily_max_hours,er1_0.employee_id,er1_0.max_consecutive_days,er1_0.min_rest_hours,er1_0.weekly_max_hours from employee_rules er1_0 left join employees e1_0 on e1_0.id=er1_0.employee_id where e1_0.id=?
Hibernate: select er1_0.id,er1_0.allow_holiday_work,er1_0.allow_multiple_shifts_per_day,er1_0.daily_max_hours,er1_0.employee_id,er1_0.max_consecutive_days,er1_0.min_rest_hours,er1_0.weekly_max_hours from employee_rules er1_0 left join employees e1_0 on e1_0.id=er1_0.employee_id where e1_0.id=?
2025-10-25T10:10:38.866+09:00 DEBUG 16416 --- [Shift Scheduler Demo] [           main] org.hibernate.SQL                        : select er1_0.id,er1_0.allow_holiday_work,er1_0.allow_multiple_shifts_per_day,er1_0.daily_max_hours,er1_0.employee_id,er1_0.max_consecutive_days,er1_0.min_rest_hours,er1_0.weekly_max_hours from employee_rules er1_0 left join employees e1_0 on e1_0.id=er1_0.employee_id where e1_0.id=?
Hibernate: select er1_0.id,er1_0.allow_holiday_work,er1_0.allow_multiple_shifts_per_day,er1_0.daily_max_hours,er1_0.employee_id,er1_0.max_consecutive_days,er1_0.min_rest_hours,er1_0.weekly_max_hours from employee_rules er1_0 left join employees e1_0 on e1_0.id=er1_0.employee_id where e1_0.id=?
2025-10-25T10:10:39.455+09:00  INFO 16416 --- [Shift Scheduler Demo] [           main] c.e.shiftv1.schedule.ScheduleService     : シフト生成を開始します: 2025年10月
2025-10-25T10:10:39.457+09:00 DEBUG 16416 --- [Shift Scheduler Demo] [           main] org.hibernate.SQL                        : select e1_0.id,e1_0.created_at,e1_0.name,e1_0.role from employees e1_0
Hibernate: select e1_0.id,e1_0.created_at,e1_0.name,e1_0.role from employees e1_0
2025-10-25T10:10:39.460+09:00 DEBUG 16416 --- [Shift Scheduler Demo] [           main] org.hibernate.SQL                        : select s1_0.employee_id,s1_1.id,s1_1.code,s1_1.created_at,s1_1.description,s1_1.name,s1_1.priority,s1_1.updated_at from employee_skills s1_0 join skills s1_1 on s1_1.id=s1_0.skill_id where s1_0.employee_id=?
Hibernate: select s1_0.employee_id,s1_1.id,s1_1.code,s1_1.created_at,s1_1.description,s1_1.name,s1_1.priority,s1_1.updated_at from employee_skills s1_0 join skills s1_1 on s1_1.id=s1_0.skill_id where s1_0.employee_id=?
2025-10-25T10:10:39.460+09:00 DEBUG 16416 --- [Shift Scheduler Demo] [           main] org.hibernate.SQL                        : select s1_0.employee_id,s1_1.id,s1_1.code,s1_1.created_at,s1_1.description,s1_1.name,s1_1.priority,s1_1.updated_at from employee_skills s1_0 join skills s1_1 on s1_1.id=s1_0.skill_id where s1_0.employee_id=?
Hibernate: select s1_0.employee_id,s1_1.id,s1_1.code,s1_1.created_at,s1_1.description,s1_1.name,s1_1.priority,s1_1.updated_at from employee_skills s1_0 join skills s1_1 on s1_1.id=s1_0.skill_id where s1_0.employee_id=?
2025-10-25T10:10:39.460+09:00 DEBUG 16416 --- [Shift Scheduler Demo] [           main] org.hibernate.SQL                        : select s1_0.employee_id,s1_1.id,s1_1.code,s1_1.created_at,s1_1.description,s1_1.name,s1_1.priority,s1_1.updated_at from employee_skills s1_0 join skills s1_1 on s1_1.id=s1_0.skill_id where s1_0.employee_id=?
Hibernate: select s1_0.employee_id,s1_1.id,s1_1.code,s1_1.created_at,s1_1.description,s1_1.name,s1_1.priority,s1_1.updated_at from employee_skills s1_0 join skills s1_1 on s1_1.id=s1_0.skill_id where s1_0.employee_id=?
2025-10-25T10:10:39.463+09:00 DEBUG 16416 --- [Shift Scheduler Demo] [           main] org.hibernate.SQL                        : select s1_0.employee_id,s1_1.id,s1_1.code,s1_1.created_at,s1_1.description,s1_1.name,s1_1.priority,s1_1.updated_at from employee_skills s1_0 join skills s1_1 on s1_1.id=s1_0.skill_id where s1_0.employee_id=?
Hibernate: select s1_0.employee_id,s1_1.id,s1_1.code,s1_1.created_at,s1_1.description,s1_1.name,s1_1.priority,s1_1.updated_at from employee_skills s1_0 join skills s1_1 on s1_1.id=s1_0.skill_id where s1_0.employee_id=?
2025-10-25T10:10:39.464+09:00 DEBUG 16416 --- [Shift Scheduler Demo] [           main] org.hibernate.SQL                        : select s1_0.employee_id,s1_1.id,s1_1.code,s1_1.created_at,s1_1.description,s1_1.name,s1_1.priority,s1_1.updated_at from employee_skills s1_0 join skills s1_1 on s1_1.id=s1_0.skill_id where s1_0.employee_id=?
Hibernate: select s1_0.employee_id,s1_1.id,s1_1.code,s1_1.created_at,s1_1.description,s1_1.name,s1_1.priority,s1_1.updated_at from employee_skills s1_0 join skills s1_1 on s1_1.id=s1_0.skill_id where s1_0.employee_id=?
2025-10-25T10:10:39.464+09:00 DEBUG 16416 --- [Shift Scheduler Demo] [           main] org.hibernate.SQL                        : select s1_0.employee_id,s1_1.id,s1_1.code,s1_1.created_at,s1_1.description,s1_1.name,s1_1.priority,s1_1.updated_at from employee_skills s1_0 join skills s1_1 on s1_1.id=s1_0.skill_id where s1_0.employee_id=?
Hibernate: select s1_0.employee_id,s1_1.id,s1_1.code,s1_1.created_at,s1_1.description,s1_1.name,s1_1.priority,s1_1.updated_at from employee_skills s1_0 join skills s1_1 on s1_1.id=s1_0.skill_id where s1_0.employee_id=?
2025-10-25T10:10:39.465+09:00 DEBUG 16416 --- [Shift Scheduler Demo] [           main] org.hibernate.SQL                        : select s1_0.employee_id,s1_1.id,s1_1.code,s1_1.created_at,s1_1.description,s1_1.name,s1_1.priority,s1_1.updated_at from employee_skills s1_0 join skills s1_1 on s1_1.id=s1_0.skill_id where s1_0.employee_id=?
Hibernate: select s1_0.employee_id,s1_1.id,s1_1.code,s1_1.created_at,s1_1.description,s1_1.name,s1_1.priority,s1_1.updated_at from employee_skills s1_0 join skills s1_1 on s1_1.id=s1_0.skill_id where s1_0.employee_id=?
2025-10-25T10:10:39.465+09:00 DEBUG 16416 --- [Shift Scheduler Demo] [           main] org.hibernate.SQL                        : select s1_0.employee_id,s1_1.id,s1_1.code,s1_1.created_at,s1_1.description,s1_1.name,s1_1.priority,s1_1.updated_at from employee_skills s1_0 join skills s1_1 on s1_1.id=s1_0.skill_id where s1_0.employee_id=?
Hibernate: select s1_0.employee_id,s1_1.id,s1_1.code,s1_1.created_at,s1_1.description,s1_1.name,s1_1.priority,s1_1.updated_at from employee_skills s1_0 join skills s1_1 on s1_1.id=s1_0.skill_id where s1_0.employee_id=?
2025-10-25T10:10:39.466+09:00 DEBUG 16416 --- [Shift Scheduler Demo] [           main] org.hibernate.SQL                        : select s1_0.employee_id,s1_1.id,s1_1.code,s1_1.created_at,s1_1.description,s1_1.name,s1_1.priority,s1_1.updated_at from employee_skills s1_0 join skills s1_1 on s1_1.id=s1_0.skill_id where s1_0.employee_id=?
Hibernate: select s1_0.employee_id,s1_1.id,s1_1.code,s1_1.created_at,s1_1.description,s1_1.name,s1_1.priority,s1_1.updated_at from employee_skills s1_0 join skills s1_1 on s1_1.id=s1_0.skill_id where s1_0.employee_id=?
2025-10-25T10:10:39.466+09:00 DEBUG 16416 --- [Shift Scheduler Demo] [           main] org.hibernate.SQL                        : select s1_0.employee_id,s1_1.id,s1_1.code,s1_1.created_at,s1_1.description,s1_1.name,s1_1.priority,s1_1.updated_at from employee_skills s1_0 join skills s1_1 on s1_1.id=s1_0.skill_id where s1_0.employee_id=?
Hibernate: select s1_0.employee_id,s1_1.id,s1_1.code,s1_1.created_at,s1_1.description,s1_1.name,s1_1.priority,s1_1.updated_at from employee_skills s1_0 join skills s1_1 on s1_1.id=s1_0.skill_id where s1_0.employee_id=?
2025-10-25T10:10:39.467+09:00 DEBUG 16416 --- [Shift Scheduler Demo] [           main] org.hibernate.SQL                        : select s1_0.employee_id,s1_1.id,s1_1.code,s1_1.created_at,s1_1.description,s1_1.name,s1_1.priority,s1_1.updated_at from employee_skills s1_0 join skills s1_1 on s1_1.id=s1_0.skill_id where s1_0.employee_id=?
Hibernate: select s1_0.employee_id,s1_1.id,s1_1.code,s1_1.created_at,s1_1.description,s1_1.name,s1_1.priority,s1_1.updated_at from employee_skills s1_0 join skills s1_1 on s1_1.id=s1_0.skill_id where s1_0.employee_id=?
2025-10-25T10:10:39.467+09:00 DEBUG 16416 --- [Shift Scheduler Demo] [           main] org.hibernate.SQL                        : select s1_0.employee_id,s1_1.id,s1_1.code,s1_1.created_at,s1_1.description,s1_1.name,s1_1.priority,s1_1.updated_at from employee_skills s1_0 join skills s1_1 on s1_1.id=s1_0.skill_id where s1_0.employee_id=?
Hibernate: select s1_0.employee_id,s1_1.id,s1_1.code,s1_1.created_at,s1_1.description,s1_1.name,s1_1.priority,s1_1.updated_at from employee_skills s1_0 join skills s1_1 on s1_1.id=s1_0.skill_id where s1_0.employee_id=?
2025-10-25T10:10:39.468+09:00 DEBUG 16416 --- [Shift Scheduler Demo] [           main] org.hibernate.SQL                        : select s1_0.employee_id,s1_1.id,s1_1.code,s1_1.created_at,s1_1.description,s1_1.name,s1_1.priority,s1_1.updated_at from employee_skills s1_0 join skills s1_1 on s1_1.id=s1_0.skill_id where s1_0.employee_id=?
Hibernate: select s1_0.employee_id,s1_1.id,s1_1.code,s1_1.created_at,s1_1.description,s1_1.name,s1_1.priority,s1_1.updated_at from employee_skills s1_0 join skills s1_1 on s1_1.id=s1_0.skill_id where s1_0.employee_id=?
2025-10-25T10:10:39.469+09:00 DEBUG 16416 --- [Shift Scheduler Demo] [           main] org.hibernate.SQL                        : select s1_0.employee_id,s1_1.id,s1_1.code,s1_1.created_at,s1_1.description,s1_1.name,s1_1.priority,s1_1.updated_at from employee_skills s1_0 join skills s1_1 on s1_1.id=s1_0.skill_id where s1_0.employee_id=?
Hibernate: select s1_0.employee_id,s1_1.id,s1_1.code,s1_1.created_at,s1_1.description,s1_1.name,s1_1.priority,s1_1.updated_at from employee_skills s1_0 join skills s1_1 on s1_1.id=s1_0.skill_id where s1_0.employee_id=?
2025-10-25T10:10:39.471+09:00 DEBUG 16416 --- [Shift Scheduler Demo] [           main] org.hibernate.SQL                        : select s1_0.employee_id,s1_1.id,s1_1.code,s1_1.created_at,s1_1.description,s1_1.name,s1_1.priority,s1_1.updated_at from employee_skills s1_0 join skills s1_1 on s1_1.id=s1_0.skill_id where s1_0.employee_id=?
Hibernate: select s1_0.employee_id,s1_1.id,s1_1.code,s1_1.created_at,s1_1.description,s1_1.name,s1_1.priority,s1_1.updated_at from employee_skills s1_0 join skills s1_1 on s1_1.id=s1_0.skill_id where s1_0.employee_id=?
2025-10-25T10:10:39.472+09:00 DEBUG 16416 --- [Shift Scheduler Demo] [           main] org.hibernate.SQL                        : select s1_0.employee_id,s1_1.id,s1_1.code,s1_1.created_at,s1_1.description,s1_1.name,s1_1.priority,s1_1.updated_at from employee_skills s1_0 join skills s1_1 on s1_1.id=s1_0.skill_id where s1_0.employee_id=?
Hibernate: select s1_0.employee_id,s1_1.id,s1_1.code,s1_1.created_at,s1_1.description,s1_1.name,s1_1.priority,s1_1.updated_at from employee_skills s1_0 join skills s1_1 on s1_1.id=s1_0.skill_id where s1_0.employee_id=?
2025-10-25T10:10:39.472+09:00 DEBUG 16416 --- [Shift Scheduler Demo] [           main] org.hibernate.SQL                        : select s1_0.employee_id,s1_1.id,s1_1.code,s1_1.created_at,s1_1.description,s1_1.name,s1_1.priority,s1_1.updated_at from employee_skills s1_0 join skills s1_1 on s1_1.id=s1_0.skill_id where s1_0.employee_id=?
Hibernate: select s1_0.employee_id,s1_1.id,s1_1.code,s1_1.created_at,s1_1.description,s1_1.name,s1_1.priority,s1_1.updated_at from employee_skills s1_0 join skills s1_1 on s1_1.id=s1_0.skill_id where s1_0.employee_id=?
2025-10-25T10:10:39.473+09:00 DEBUG 16416 --- [Shift Scheduler Demo] [           main] org.hibernate.SQL                        : select s1_0.employee_id,s1_1.id,s1_1.code,s1_1.created_at,s1_1.description,s1_1.name,s1_1.priority,s1_1.updated_at from employee_skills s1_0 join skills s1_1 on s1_1.id=s1_0.skill_id where s1_0.employee_id=?
Hibernate: select s1_0.employee_id,s1_1.id,s1_1.code,s1_1.created_at,s1_1.description,s1_1.name,s1_1.priority,s1_1.updated_at from employee_skills s1_0 join skills s1_1 on s1_1.id=s1_0.skill_id where s1_0.employee_id=?
2025-10-25T10:10:39.474+09:00 DEBUG 16416 --- [Shift Scheduler Demo] [           main] org.hibernate.SQL                        : select s1_0.employee_id,s1_1.id,s1_1.code,s1_1.created_at,s1_1.description,s1_1.name,s1_1.priority,s1_1.updated_at from employee_skills s1_0 join skills s1_1 on s1_1.id=s1_0.skill_id where s1_0.employee_id=?
Hibernate: select s1_0.employee_id,s1_1.id,s1_1.code,s1_1.created_at,s1_1.description,s1_1.name,s1_1.priority,s1_1.updated_at from employee_skills s1_0 join skills s1_1 on s1_1.id=s1_0.skill_id where s1_0.employee_id=?
2025-10-25T10:10:39.474+09:00 DEBUG 16416 --- [Shift Scheduler Demo] [           main] org.hibernate.SQL                        : select s1_0.employee_id,s1_1.id,s1_1.code,s1_1.created_at,s1_1.description,s1_1.name,s1_1.priority,s1_1.updated_at from employee_skills s1_0 join skills s1_1 on s1_1.id=s1_0.skill_id where s1_0.employee_id=?
Hibernate: select s1_0.employee_id,s1_1.id,s1_1.code,s1_1.created_at,s1_1.description,s1_1.name,s1_1.priority,s1_1.updated_at from employee_skills s1_0 join skills s1_1 on s1_1.id=s1_0.skill_id where s1_0.employee_id=?
2025-10-25T10:10:39.475+09:00 DEBUG 16416 --- [Shift Scheduler Demo] [           main] org.hibernate.SQL                        : select s1_0.employee_id,s1_1.id,s1_1.code,s1_1.created_at,s1_1.description,s1_1.name,s1_1.priority,s1_1.updated_at from employee_skills s1_0 join skills s1_1 on s1_1.id=s1_0.skill_id where s1_0.employee_id=?
Hibernate: select s1_0.employee_id,s1_1.id,s1_1.code,s1_1.created_at,s1_1.description,s1_1.name,s1_1.priority,s1_1.updated_at from employee_skills s1_0 join skills s1_1 on s1_1.id=s1_0.skill_id where s1_0.employee_id=?
2025-10-25T10:10:39.476+09:00 DEBUG 16416 --- [Shift Scheduler Demo] [           main] org.hibernate.SQL                        : select s1_0.employee_id,s1_1.id,s1_1.code,s1_1.created_at,s1_1.description,s1_1.name,s1_1.priority,s1_1.updated_at from employee_skills s1_0 join skills s1_1 on s1_1.id=s1_0.skill_id where s1_0.employee_id=?
Hibernate: select s1_0.employee_id,s1_1.id,s1_1.code,s1_1.created_at,s1_1.description,s1_1.name,s1_1.priority,s1_1.updated_at from employee_skills s1_0 join skills s1_1 on s1_1.id=s1_0.skill_id where s1_0.employee_id=?
2025-10-25T10:10:39.476+09:00 DEBUG 16416 --- [Shift Scheduler Demo] [           main] org.hibernate.SQL                        : select s1_0.employee_id,s1_1.id,s1_1.code,s1_1.created_at,s1_1.description,s1_1.name,s1_1.priority,s1_1.updated_at from employee_skills s1_0 join skills s1_1 on s1_1.id=s1_0.skill_id where s1_0.employee_id=?
Hibernate: select s1_0.employee_id,s1_1.id,s1_1.code,s1_1.created_at,s1_1.description,s1_1.name,s1_1.priority,s1_1.updated_at from employee_skills s1_0 join skills s1_1 on s1_1.id=s1_0.skill_id where s1_0.employee_id=?
2025-10-25T10:10:39.478+09:00 DEBUG 16416 --- [Shift Scheduler Demo] [           main] org.hibernate.SQL                        : select s1_0.employee_id,s1_1.id,s1_1.code,s1_1.created_at,s1_1.description,s1_1.name,s1_1.priority,s1_1.updated_at from employee_skills s1_0 join skills s1_1 on s1_1.id=s1_0.skill_id where s1_0.employee_id=?
Hibernate: select s1_0.employee_id,s1_1.id,s1_1.code,s1_1.created_at,s1_1.description,s1_1.name,s1_1.priority,s1_1.updated_at from employee_skills s1_0 join skills s1_1 on s1_1.id=s1_0.skill_id where s1_0.employee_id=?
2025-10-25T10:10:39.478+09:00 DEBUG 16416 --- [Shift Scheduler Demo] [           main] org.hibernate.SQL                        : select s1_0.employee_id,s1_1.id,s1_1.code,s1_1.created_at,s1_1.description,s1_1.name,s1_1.priority,s1_1.updated_at from employee_skills s1_0 join skills s1_1 on s1_1.id=s1_0.skill_id where s1_0.employee_id=?
Hibernate: select s1_0.employee_id,s1_1.id,s1_1.code,s1_1.created_at,s1_1.description,s1_1.name,s1_1.priority,s1_1.updated_at from employee_skills s1_0 join skills s1_1 on s1_1.id=s1_0.skill_id where s1_0.employee_id=?
2025-10-25T10:10:39.480+09:00 DEBUG 16416 --- [Shift Scheduler Demo] [           main] org.hibernate.SQL                        : select s1_0.employee_id,s1_1.id,s1_1.code,s1_1.created_at,s1_1.description,s1_1.name,s1_1.priority,s1_1.updated_at from employee_skills s1_0 join skills s1_1 on s1_1.id=s1_0.skill_id where s1_0.employee_id=?
Hibernate: select s1_0.employee_id,s1_1.id,s1_1.code,s1_1.created_at,s1_1.description,s1_1.name,s1_1.priority,s1_1.updated_at from employee_skills s1_0 join skills s1_1 on s1_1.id=s1_0.skill_id where s1_0.employee_id=?
2025-10-25T10:10:39.480+09:00 DEBUG 16416 --- [Shift Scheduler Demo] [           main] org.hibernate.SQL                        : select s1_0.employee_id,s1_1.id,s1_1.code,s1_1.created_at,s1_1.description,s1_1.name,s1_1.priority,s1_1.updated_at from employee_skills s1_0 join skills s1_1 on s1_1.id=s1_0.skill_id where s1_0.employee_id=?
Hibernate: select s1_0.employee_id,s1_1.id,s1_1.code,s1_1.created_at,s1_1.description,s1_1.name,s1_1.priority,s1_1.updated_at from employee_skills s1_0 join skills s1_1 on s1_1.id=s1_0.skill_id where s1_0.employee_id=?
2025-10-25T10:10:39.481+09:00 DEBUG 16416 --- [Shift Scheduler Demo] [           main] org.hibernate.SQL                        : select s1_0.employee_id,s1_1.id,s1_1.code,s1_1.created_at,s1_1.description,s1_1.name,s1_1.priority,s1_1.updated_at from employee_skills s1_0 join skills s1_1 on s1_1.id=s1_0.skill_id where s1_0.employee_id=?
Hibernate: select s1_0.employee_id,s1_1.id,s1_1.code,s1_1.created_at,s1_1.description,s1_1.name,s1_1.priority,s1_1.updated_at from employee_skills s1_0 join skills s1_1 on s1_1.id=s1_0.skill_id where s1_0.employee_id=?
2025-10-25T10:10:39.481+09:00 DEBUG 16416 --- [Shift Scheduler Demo] [           main] org.hibernate.SQL                        : select s1_0.employee_id,s1_1.id,s1_1.code,s1_1.created_at,s1_1.description,s1_1.name,s1_1.priority,s1_1.updated_at from employee_skills s1_0 join skills s1_1 on s1_1.id=s1_0.skill_id where s1_0.employee_id=?
Hibernate: select s1_0.employee_id,s1_1.id,s1_1.code,s1_1.created_at,s1_1.description,s1_1.name,s1_1.priority,s1_1.updated_at from employee_skills s1_0 join skills s1_1 on s1_1.id=s1_0.skill_id where s1_0.employee_id=?
2025-10-25T10:10:39.481+09:00 DEBUG 16416 --- [Shift Scheduler Demo] [           main] org.hibernate.SQL                        : select s1_0.employee_id,s1_1.id,s1_1.code,s1_1.created_at,s1_1.description,s1_1.name,s1_1.priority,s1_1.updated_at from employee_skills s1_0 join skills s1_1 on s1_1.id=s1_0.skill_id where s1_0.employee_id=?
Hibernate: select s1_0.employee_id,s1_1.id,s1_1.code,s1_1.created_at,s1_1.description,s1_1.name,s1_1.priority,s1_1.updated_at from employee_skills s1_0 join skills s1_1 on s1_1.id=s1_0.skill_id where s1_0.employee_id=?
2025-10-25T10:10:39.499+09:00 DEBUG 16416 --- [Shift Scheduler Demo] [           main] org.hibernate.SQL                        : select sa1_0.id,sa1_0.employee_id,sa1_0.end_time,sa1_0.shift_name,sa1_0.start_time,sa1_0.work_date from shift_assignments sa1_0 where sa1_0.work_date<? order by sa1_0.work_date desc limit ?
Hibernate: select sa1_0.id,sa1_0.employee_id,sa1_0.end_time,sa1_0.shift_name,sa1_0.start_time,sa1_0.work_date from shift_assignments sa1_0 where sa1_0.work_date<? order by sa1_0.work_date desc limit ?
2025-10-25T10:10:39.506+09:00 DEBUG 16416 --- [Shift Scheduler Demo] [           main] org.hibernate.SQL                        : select sa1_0.id,sa1_0.employee_id,sa1_0.end_time,sa1_0.shift_name,sa1_0.start_time,sa1_0.work_date from shift_assignments sa1_0 where sa1_0.work_date between ? and ?
Hibernate: select sa1_0.id,sa1_0.employee_id,sa1_0.end_time,sa1_0.shift_name,sa1_0.start_time,sa1_0.work_date from shift_assignments sa1_0 where sa1_0.work_date between ? and ?
2025-10-25T10:10:39.507+09:00  INFO 16416 --- [Shift Scheduler Demo] [           main] c.e.shiftv1.schedule.ScheduleService     : 登録従業員数: 30名
2025-10-25T10:10:39.510+09:00 DEBUG 16416 --- [Shift Scheduler Demo] [           main] org.hibernate.SQL                        : select sa1_0.id,sa1_0.employee_id,sa1_0.end_time,sa1_0.shift_name,sa1_0.start_time,sa1_0.work_date from shift_assignments sa1_0 where sa1_0.work_date=?
Hibernate: select sa1_0.id,sa1_0.employee_id,sa1_0.end_time,sa1_0.shift_name,sa1_0.start_time,sa1_0.work_date from shift_assignments sa1_0 where sa1_0.work_date=?
2025-10-25T10:10:39.537+09:00 DEBUG 16416 --- [Shift Scheduler Demo] [           main] org.hibernate.SQL                        : delete from shift_assignments where id=?
Hibernate: delete from shift_assignments where id=?
2025-10-25T10:10:39.540+09:00 DEBUG 16416 --- [Shift Scheduler Demo] [           main] org.hibernate.SQL                        : delete from shift_assignments where id=?
Hibernate: delete from shift_assignments where id=?
2025-10-25T10:10:39.541+09:00 DEBUG 16416 --- [Shift Scheduler Demo] [           main] org.hibernate.SQL                        : delete from shift_assignments where id=?
Hibernate: delete from shift_assignments where id=?
2025-10-25T10:10:39.541+09:00 DEBUG 16416 --- [Shift Scheduler Demo] [           main] org.hibernate.SQL                        : delete from shift_assignments where id=?
Hibernate: delete from shift_assignments where id=?
2025-10-25T10:10:39.541+09:00 DEBUG 16416 --- [Shift Scheduler Demo] [           main] org.hibernate.SQL                        : delete from shift_assignments where id=?
Hibernate: delete from shift_assignments where id=?
2025-10-25T10:10:39.546+09:00 DEBUG 16416 --- [Shift Scheduler Demo] [           main] org.hibernate.SQL                        : select sa1_0.id,sa1_0.employee_id,sa1_0.end_time,sa1_0.shift_name,sa1_0.start_time,sa1_0.work_date from shift_assignments sa1_0 where sa1_0.work_date=?
Hibernate: select sa1_0.id,sa1_0.employee_id,sa1_0.end_time,sa1_0.shift_name,sa1_0.start_time,sa1_0.work_date from shift_assignments sa1_0 where sa1_0.work_date=?
2025-10-25T10:10:39.551+09:00 DEBUG 16416 --- [Shift Scheduler Demo] [           main] org.hibernate.SQL                        : delete from shift_assignments where id=?
Hibernate: delete from shift_assignments where id=?
2025-10-25T10:10:39.552+09:00 DEBUG 16416 --- [Shift Scheduler Demo] [           main] org.hibernate.SQL                        : delete from shift_assignments where id=?
Hibernate: delete from shift_assignments where id=?
2025-10-25T10:10:39.552+09:00 DEBUG 16416 --- [Shift Scheduler Demo] [           main] org.hibernate.SQL                        : delete from shift_assignments where id=?
Hibernate: delete from shift_assignments where id=?
2025-10-25T10:10:39.552+09:00 DEBUG 16416 --- [Shift Scheduler Demo] [           main] org.hibernate.SQL                        : delete from shift_assignments where id=?
Hibernate: delete from shift_assignments where id=?
2025-10-25T10:10:39.552+09:00 DEBUG 16416 --- [Shift Scheduler Demo] [           main] org.hibernate.SQL                        : delete from shift_assignments where id=?
Hibernate: delete from shift_assignments where id=?
2025-10-25T10:10:39.553+09:00 DEBUG 16416 --- [Shift Scheduler Demo] [           main] org.hibernate.SQL                        : select sa1_0.id,sa1_0.employee_id,sa1_0.end_time,sa1_0.shift_name,sa1_0.start_time,sa1_0.work_date from shift_assignments sa1_0 where sa1_0.work_date=?
Hibernate: select sa1_0.id,sa1_0.employee_id,sa1_0.end_time,sa1_0.shift_name,sa1_0.start_time,sa1_0.work_date from shift_assignments sa1_0 where sa1_0.work_date=?
2025-10-25T10:10:39.558+09:00 DEBUG 16416 --- [Shift Scheduler Demo] [           main] org.hibernate.SQL                        : delete from shift_assignments where id=?
Hibernate: delete from shift_assignments where id=?
2025-10-25T10:10:39.559+09:00 DEBUG 16416 --- [Shift Scheduler Demo] [           main] org.hibernate.SQL                        : delete from shift_assignments where id=?
Hibernate: delete from shift_assignments where id=?
2025-10-25T10:10:39.559+09:00 DEBUG 16416 --- [Shift Scheduler Demo] [           main] org.hibernate.SQL                        : delete from shift_assignments where id=?
Hibernate: delete from shift_assignments where id=?
2025-10-25T10:10:39.560+09:00 DEBUG 16416 --- [Shift Scheduler Demo] [           main] org.hibernate.SQL                        : delete from shift_assignments where id=?
Hibernate: delete from shift_assignments where id=?
2025-10-25T10:10:39.560+09:00 DEBUG 16416 --- [Shift Scheduler Demo] [           main] org.hibernate.SQL                        : delete from shift_assignments where id=?
Hibernate: delete from shift_assignments where id=?
2025-10-25T10:10:39.560+09:00 DEBUG 16416 --- [Shift Scheduler Demo] [           main] org.hibernate.SQL                        : select sa1_0.id,sa1_0.employee_id,sa1_0.end_time,sa1_0.shift_name,sa1_0.start_time,sa1_0.work_date from shift_assignments sa1_0 where sa1_0.work_date=?
Hibernate: select sa1_0.id,sa1_0.employee_id,sa1_0.end_time,sa1_0.shift_name,sa1_0.start_time,sa1_0.work_date from shift_assignments sa1_0 where sa1_0.work_date=?
2025-10-25T10:10:39.564+09:00 DEBUG 16416 --- [Shift Scheduler Demo] [           main] org.hibernate.SQL                        : select sa1_0.id,sa1_0.employee_id,sa1_0.end_time,sa1_0.shift_name,sa1_0.start_time,sa1_0.work_date from shift_assignments sa1_0 where sa1_0.work_date=?
Hibernate: select sa1_0.id,sa1_0.employee_id,sa1_0.end_time,sa1_0.shift_name,sa1_0.start_time,sa1_0.work_date from shift_assignments sa1_0 where sa1_0.work_date=?
2025-10-25T10:10:39.568+09:00 DEBUG 16416 --- [Shift Scheduler Demo] [           main] org.hibernate.SQL                        : select sa1_0.id,sa1_0.employee_id,sa1_0.end_time,sa1_0.shift_name,sa1_0.start_time,sa1_0.work_date from shift_assignments sa1_0 where sa1_0.work_date=?
Hibernate: select sa1_0.id,sa1_0.employee_id,sa1_0.end_time,sa1_0.shift_name,sa1_0.start_time,sa1_0.work_date from shift_assignments sa1_0 where sa1_0.work_date=?
2025-10-25T10:10:39.573+09:00 DEBUG 16416 --- [Shift Scheduler Demo] [           main] org.hibernate.SQL                        : delete from shift_assignments where id=?
Hibernate: delete from shift_assignments where id=?
2025-10-25T10:10:39.574+09:00 DEBUG 16416 --- [Shift Scheduler Demo] [           main] org.hibernate.SQL                        : delete from shift_assignments where id=?
Hibernate: delete from shift_assignments where id=?
2025-10-25T10:10:39.574+09:00 DEBUG 16416 --- [Shift Scheduler Demo] [           main] org.hibernate.SQL                        : delete from shift_assignments where id=?
Hibernate: delete from shift_assignments where id=?
2025-10-25T10:10:39.574+09:00 DEBUG 16416 --- [Shift Scheduler Demo] [           main] org.hibernate.SQL                        : delete from shift_assignments where id=?
Hibernate: delete from shift_assignments where id=?
2025-10-25T10:10:39.575+09:00 DEBUG 16416 --- [Shift Scheduler Demo] [           main] org.hibernate.SQL                        : delete from shift_assignments where id=?
Hibernate: delete from shift_assignments where id=?
2025-10-25T10:10:39.575+09:00 DEBUG 16416 --- [Shift Scheduler Demo] [           main] org.hibernate.SQL                        : select sa1_0.id,sa1_0.employee_id,sa1_0.end_time,sa1_0.shift_name,sa1_0.start_time,sa1_0.work_date from shift_assignments sa1_0 where sa1_0.work_date=?
Hibernate: select sa1_0.id,sa1_0.employee_id,sa1_0.end_time,sa1_0.shift_name,sa1_0.start_time,sa1_0.work_date from shift_assignments sa1_0 where sa1_0.work_date=?
2025-10-25T10:10:39.580+09:00 DEBUG 16416 --- [Shift Scheduler Demo] [           main] org.hibernate.SQL                        : delete from shift_assignments where id=?
Hibernate: delete from shift_assignments where id=?
2025-10-25T10:10:39.582+09:00 DEBUG 16416 --- [Shift Scheduler Demo] [           main] org.hibernate.SQL                        : delete from shift_assignments where id=?
Hibernate: delete from shift_assignments where id=?
2025-10-25T10:10:39.582+09:00 DEBUG 16416 --- [Shift Scheduler Demo] [           main] org.hibernate.SQL                        : delete from shift_assignments where id=?
Hibernate: delete from shift_assignments where id=?
2025-10-25T10:10:39.582+09:00 DEBUG 16416 --- [Shift Scheduler Demo] [           main] org.hibernate.SQL                        : delete from shift_assignments where id=?
Hibernate: delete from shift_assignments where id=?
2025-10-25T10:10:39.582+09:00 DEBUG 16416 --- [Shift Scheduler Demo] [           main] org.hibernate.SQL                        : delete from shift_assignments where id=?
Hibernate: delete from shift_assignments where id=?
2025-10-25T10:10:39.583+09:00 DEBUG 16416 --- [Shift Scheduler Demo] [           main] org.hibernate.SQL                        : select sa1_0.id,sa1_0.employee_id,sa1_0.end_time,sa1_0.shift_name,sa1_0.start_time,sa1_0.work_date from shift_assignments sa1_0 where sa1_0.work_date=?
Hibernate: select sa1_0.id,sa1_0.employee_id,sa1_0.end_time,sa1_0.shift_name,sa1_0.start_time,sa1_0.work_date from shift_assignments sa1_0 where sa1_0.work_date=?
2025-10-25T10:10:39.587+09:00 DEBUG 16416 --- [Shift Scheduler Demo] [           main] org.hibernate.SQL                        : delete from shift_assignments where id=?
Hibernate: delete from shift_assignments where id=?
2025-10-25T10:10:39.588+09:00 DEBUG 16416 --- [Shift Scheduler Demo] [           main] org.hibernate.SQL                        : delete from shift_assignments where id=?
Hibernate: delete from shift_assignments where id=?
2025-10-25T10:10:39.588+09:00 DEBUG 16416 --- [Shift Scheduler Demo] [           main] org.hibernate.SQL                        : delete from shift_assignments where id=?
Hibernate: delete from shift_assignments where id=?
2025-10-25T10:10:39.588+09:00 DEBUG 16416 --- [Shift Scheduler Demo] [           main] org.hibernate.SQL                        : delete from shift_assignments where id=?
Hibernate: delete from shift_assignments where id=?
2025-10-25T10:10:39.588+09:00 DEBUG 16416 --- [Shift Scheduler Demo] [           main] org.hibernate.SQL                        : delete from shift_assignments where id=?
Hibernate: delete from shift_assignments where id=?
2025-10-25T10:10:39.589+09:00 DEBUG 16416 --- [Shift Scheduler Demo] [           main] org.hibernate.SQL                        : select sa1_0.id,sa1_0.employee_id,sa1_0.end_time,sa1_0.shift_name,sa1_0.start_time,sa1_0.work_date from shift_assignments sa1_0 where sa1_0.work_date=?
Hibernate: select sa1_0.id,sa1_0.employee_id,sa1_0.end_time,sa1_0.shift_name,sa1_0.start_time,sa1_0.work_date from shift_assignments sa1_0 where sa1_0.work_date=?
2025-10-25T10:10:39.595+09:00 DEBUG 16416 --- [Shift Scheduler Demo] [           main] org.hibernate.SQL                        : delete from shift_assignments where id=?
Hibernate: delete from shift_assignments where id=?
2025-10-25T10:10:39.595+09:00 DEBUG 16416 --- [Shift Scheduler Demo] [           main] org.hibernate.SQL                        : delete from shift_assignments where id=?
Hibernate: delete from shift_assignments where id=?
2025-10-25T10:10:39.596+09:00 DEBUG 16416 --- [Shift Scheduler Demo] [           main] org.hibernate.SQL                        : delete from shift_assignments where id=?
Hibernate: delete from shift_assignments where id=?
2025-10-25T10:10:39.596+09:00 DEBUG 16416 --- [Shift Scheduler Demo] [           main] org.hibernate.SQL                        : delete from shift_assignments where id=?
Hibernate: delete from shift_assignments where id=?
2025-10-25T10:10:39.596+09:00 DEBUG 16416 --- [Shift Scheduler Demo] [           main] org.hibernate.SQL                        : delete from shift_assignments where id=?
Hibernate: delete from shift_assignments where id=?
2025-10-25T10:10:39.597+09:00 DEBUG 16416 --- [Shift Scheduler Demo] [           main] org.hibernate.SQL                        : select sa1_0.id,sa1_0.employee_id,sa1_0.end_time,sa1_0.shift_name,sa1_0.start_time,sa1_0.work_date from shift_assignments sa1_0 where sa1_0.work_date=?
Hibernate: select sa1_0.id,sa1_0.employee_id,sa1_0.end_time,sa1_0.shift_name,sa1_0.start_time,sa1_0.work_date from shift_assignments sa1_0 where sa1_0.work_date=?
2025-10-25T10:10:39.601+09:00 DEBUG 16416 --- [Shift Scheduler Demo] [           main] org.hibernate.SQL                        : delete from shift_assignments where id=?
Hibernate: delete from shift_assignments where id=?
2025-10-25T10:10:39.601+09:00 DEBUG 16416 --- [Shift Scheduler Demo] [           main] org.hibernate.SQL                        : delete from shift_assignments where id=?
Hibernate: delete from shift_assignments where id=?
2025-10-25T10:10:39.601+09:00 DEBUG 16416 --- [Shift Scheduler Demo] [           main] org.hibernate.SQL                        : delete from shift_assignments where id=?
Hibernate: delete from shift_assignments where id=?
2025-10-25T10:10:39.601+09:00 DEBUG 16416 --- [Shift Scheduler Demo] [           main] org.hibernate.SQL                        : delete from shift_assignments where id=?
Hibernate: delete from shift_assignments where id=?
2025-10-25T10:10:39.601+09:00 DEBUG 16416 --- [Shift Scheduler Demo] [           main] org.hibernate.SQL                        : delete from shift_assignments where id=?
Hibernate: delete from shift_assignments where id=?
2025-10-25T10:10:39.602+09:00 DEBUG 16416 --- [Shift Scheduler Demo] [           main] org.hibernate.SQL                        : select sa1_0.id,sa1_0.employee_id,sa1_0.end_time,sa1_0.shift_name,sa1_0.start_time,sa1_0.work_date from shift_assignments sa1_0 where sa1_0.work_date=?
Hibernate: select sa1_0.id,sa1_0.employee_id,sa1_0.end_time,sa1_0.shift_name,sa1_0.start_time,sa1_0.work_date from shift_assignments sa1_0 where sa1_0.work_date=?
2025-10-25T10:10:39.604+09:00 DEBUG 16416 --- [Shift Scheduler Demo] [           main] org.hibernate.SQL                        : select sa1_0.id,sa1_0.employee_id,sa1_0.end_time,sa1_0.shift_name,sa1_0.start_time,sa1_0.work_date from shift_assignments sa1_0 where sa1_0.work_date=?
Hibernate: select sa1_0.id,sa1_0.employee_id,sa1_0.end_time,sa1_0.shift_name,sa1_0.start_time,sa1_0.work_date from shift_assignments sa1_0 where sa1_0.work_date=?
2025-10-25T10:10:39.606+09:00 DEBUG 16416 --- [Shift Scheduler Demo] [           main] org.hibernate.SQL                        : select sa1_0.id,sa1_0.employee_id,sa1_0.end_time,sa1_0.shift_name,sa1_0.start_time,sa1_0.work_date from shift_assignments sa1_0 where sa1_0.work_date=?
Hibernate: select sa1_0.id,sa1_0.employee_id,sa1_0.end_time,sa1_0.shift_name,sa1_0.start_time,sa1_0.work_date from shift_assignments sa1_0 where sa1_0.work_date=?
2025-10-25T10:10:39.611+09:00 DEBUG 16416 --- [Shift Scheduler Demo] [           main] org.hibernate.SQL                        : delete from shift_assignments where id=?
Hibernate: delete from shift_assignments where id=?
2025-10-25T10:10:39.612+09:00 DEBUG 16416 --- [Shift Scheduler Demo] [           main] org.hibernate.SQL                        : delete from shift_assignments where id=?
Hibernate: delete from shift_assignments where id=?
2025-10-25T10:10:39.612+09:00 DEBUG 16416 --- [Shift Scheduler Demo] [           main] org.hibernate.SQL                        : delete from shift_assignments where id=?
Hibernate: delete from shift_assignments where id=?
2025-10-25T10:10:39.612+09:00 DEBUG 16416 --- [Shift Scheduler Demo] [           main] org.hibernate.SQL                        : delete from shift_assignments where id=?
Hibernate: delete from shift_assignments where id=?
2025-10-25T10:10:39.612+09:00 DEBUG 16416 --- [Shift Scheduler Demo] [           main] org.hibernate.SQL                        : delete from shift_assignments where id=?
Hibernate: delete from shift_assignments where id=?
2025-10-25T10:10:39.613+09:00 DEBUG 16416 --- [Shift Scheduler Demo] [           main] org.hibernate.SQL                        : select sa1_0.id,sa1_0.employee_id,sa1_0.end_time,sa1_0.shift_name,sa1_0.start_time,sa1_0.work_date from shift_assignments sa1_0 where sa1_0.work_date=?
Hibernate: select sa1_0.id,sa1_0.employee_id,sa1_0.end_time,sa1_0.shift_name,sa1_0.start_time,sa1_0.work_date from shift_assignments sa1_0 where sa1_0.work_date=?
2025-10-25T10:10:39.616+09:00 DEBUG 16416 --- [Shift Scheduler Demo] [           main] org.hibernate.SQL                        : delete from shift_assignments where id=?
Hibernate: delete from shift_assignments where id=?
2025-10-25T10:10:39.617+09:00 DEBUG 16416 --- [Shift Scheduler Demo] [           main] org.hibernate.SQL                        : delete from shift_assignments where id=?
Hibernate: delete from shift_assignments where id=?
2025-10-25T10:10:39.617+09:00 DEBUG 16416 --- [Shift Scheduler Demo] [           main] org.hibernate.SQL                        : delete from shift_assignments where id=?
Hibernate: delete from shift_assignments where id=?
2025-10-25T10:10:39.617+09:00 DEBUG 16416 --- [Shift Scheduler Demo] [           main] org.hibernate.SQL                        : delete from shift_assignments where id=?
Hibernate: delete from shift_assignments where id=?
2025-10-25T10:10:39.617+09:00 DEBUG 16416 --- [Shift Scheduler Demo] [           main] org.hibernate.SQL                        : delete from shift_assignments where id=?
Hibernate: delete from shift_assignments where id=?
2025-10-25T10:10:39.618+09:00 DEBUG 16416 --- [Shift Scheduler Demo] [           main] org.hibernate.SQL                        : select sa1_0.id,sa1_0.employee_id,sa1_0.end_time,sa1_0.shift_name,sa1_0.start_time,sa1_0.work_date from shift_assignments sa1_0 where sa1_0.work_date=?
Hibernate: select sa1_0.id,sa1_0.employee_id,sa1_0.end_time,sa1_0.shift_name,sa1_0.start_time,sa1_0.work_date from shift_assignments sa1_0 where sa1_0.work_date=?
2025-10-25T10:10:39.621+09:00 DEBUG 16416 --- [Shift Scheduler Demo] [           main] org.hibernate.SQL                        : delete from shift_assignments where id=?
Hibernate: delete from shift_assignments where id=?
2025-10-25T10:10:39.622+09:00 DEBUG 16416 --- [Shift Scheduler Demo] [           main] org.hibernate.SQL                        : delete from shift_assignments where id=?
Hibernate: delete from shift_assignments where id=?
2025-10-25T10:10:39.622+09:00 DEBUG 16416 --- [Shift Scheduler Demo] [           main] org.hibernate.SQL                        : delete from shift_assignments where id=?
Hibernate: delete from shift_assignments where id=?
2025-10-25T10:10:39.622+09:00 DEBUG 16416 --- [Shift Scheduler Demo] [           main] org.hibernate.SQL                        : delete from shift_assignments where id=?
Hibernate: delete from shift_assignments where id=?
2025-10-25T10:10:39.622+09:00 DEBUG 16416 --- [Shift Scheduler Demo] [           main] org.hibernate.SQL                        : delete from shift_assignments where id=?
Hibernate: delete from shift_assignments where id=?
2025-10-25T10:10:39.622+09:00 DEBUG 16416 --- [Shift Scheduler Demo] [           main] org.hibernate.SQL                        : select sa1_0.id,sa1_0.employee_id,sa1_0.end_time,sa1_0.shift_name,sa1_0.start_time,sa1_0.work_date from shift_assignments sa1_0 where sa1_0.work_date=?
Hibernate: select sa1_0.id,sa1_0.employee_id,sa1_0.end_time,sa1_0.shift_name,sa1_0.start_time,sa1_0.work_date from shift_assignments sa1_0 where sa1_0.work_date=?
2025-10-25T10:10:39.626+09:00 DEBUG 16416 --- [Shift Scheduler Demo] [           main] org.hibernate.SQL                        : delete from shift_assignments where id=?
Hibernate: delete from shift_assignments where id=?
2025-10-25T10:10:39.626+09:00 DEBUG 16416 --- [Shift Scheduler Demo] [           main] org.hibernate.SQL                        : delete from shift_assignments where id=?
Hibernate: delete from shift_assignments where id=?
2025-10-25T10:10:39.626+09:00 DEBUG 16416 --- [Shift Scheduler Demo] [           main] org.hibernate.SQL                        : delete from shift_assignments where id=?
Hibernate: delete from shift_assignments where id=?
2025-10-25T10:10:39.626+09:00 DEBUG 16416 --- [Shift Scheduler Demo] [           main] org.hibernate.SQL                        : delete from shift_assignments where id=?
Hibernate: delete from shift_assignments where id=?
2025-10-25T10:10:39.628+09:00 DEBUG 16416 --- [Shift Scheduler Demo] [           main] org.hibernate.SQL                        : delete from shift_assignments where id=?
Hibernate: delete from shift_assignments where id=?
2025-10-25T10:10:39.629+09:00 DEBUG 16416 --- [Shift Scheduler Demo] [           main] org.hibernate.SQL                        : select sa1_0.id,sa1_0.employee_id,sa1_0.end_time,sa1_0.shift_name,sa1_0.start_time,sa1_0.work_date from shift_assignments sa1_0 where sa1_0.work_date=?
Hibernate: select sa1_0.id,sa1_0.employee_id,sa1_0.end_time,sa1_0.shift_name,sa1_0.start_time,sa1_0.work_date from shift_assignments sa1_0 where sa1_0.work_date=?
2025-10-25T10:10:39.633+09:00 DEBUG 16416 --- [Shift Scheduler Demo] [           main] org.hibernate.SQL                        : delete from shift_assignments where id=?
Hibernate: delete from shift_assignments where id=?
2025-10-25T10:10:39.633+09:00 DEBUG 16416 --- [Shift Scheduler Demo] [           main] org.hibernate.SQL                        : delete from shift_assignments where id=?
Hibernate: delete from shift_assignments where id=?
2025-10-25T10:10:39.633+09:00 DEBUG 16416 --- [Shift Scheduler Demo] [           main] org.hibernate.SQL                        : delete from shift_assignments where id=?
Hibernate: delete from shift_assignments where id=?
2025-10-25T10:10:39.633+09:00 DEBUG 16416 --- [Shift Scheduler Demo] [           main] org.hibernate.SQL                        : delete from shift_assignments where id=?
Hibernate: delete from shift_assignments where id=?
2025-10-25T10:10:39.633+09:00 DEBUG 16416 --- [Shift Scheduler Demo] [           main] org.hibernate.SQL                        : delete from shift_assignments where id=?
Hibernate: delete from shift_assignments where id=?
2025-10-25T10:10:39.634+09:00 DEBUG 16416 --- [Shift Scheduler Demo] [           main] org.hibernate.SQL                        : select sa1_0.id,sa1_0.employee_id,sa1_0.end_time,sa1_0.shift_name,sa1_0.start_time,sa1_0.work_date from shift_assignments sa1_0 where sa1_0.work_date=?
Hibernate: select sa1_0.id,sa1_0.employee_id,sa1_0.end_time,sa1_0.shift_name,sa1_0.start_time,sa1_0.work_date from shift_assignments sa1_0 where sa1_0.work_date=?
2025-10-25T10:10:39.636+09:00 DEBUG 16416 --- [Shift Scheduler Demo] [           main] org.hibernate.SQL                        : select sa1_0.id,sa1_0.employee_id,sa1_0.end_time,sa1_0.shift_name,sa1_0.start_time,sa1_0.work_date from shift_assignments sa1_0 where sa1_0.work_date=?
Hibernate: select sa1_0.id,sa1_0.employee_id,sa1_0.end_time,sa1_0.shift_name,sa1_0.start_time,sa1_0.work_date from shift_assignments sa1_0 where sa1_0.work_date=?
2025-10-25T10:10:39.638+09:00 DEBUG 16416 --- [Shift Scheduler Demo] [           main] org.hibernate.SQL                        : select sa1_0.id,sa1_0.employee_id,sa1_0.end_time,sa1_0.shift_name,sa1_0.start_time,sa1_0.work_date from shift_assignments sa1_0 where sa1_0.work_date=?
Hibernate: select sa1_0.id,sa1_0.employee_id,sa1_0.end_time,sa1_0.shift_name,sa1_0.start_time,sa1_0.work_date from shift_assignments sa1_0 where sa1_0.work_date=?
2025-10-25T10:10:39.640+09:00 DEBUG 16416 --- [Shift Scheduler Demo] [           main] org.hibernate.SQL                        : delete from shift_assignments where id=?
Hibernate: delete from shift_assignments where id=?
2025-10-25T10:10:39.640+09:00 DEBUG 16416 --- [Shift Scheduler Demo] [           main] org.hibernate.SQL                        : delete from shift_assignments where id=?
Hibernate: delete from shift_assignments where id=?
2025-10-25T10:10:39.640+09:00 DEBUG 16416 --- [Shift Scheduler Demo] [           main] org.hibernate.SQL                        : delete from shift_assignments where id=?
Hibernate: delete from shift_assignments where id=?
2025-10-25T10:10:39.641+09:00 DEBUG 16416 --- [Shift Scheduler Demo] [           main] org.hibernate.SQL                        : delete from shift_assignments where id=?
Hibernate: delete from shift_assignments where id=?
2025-10-25T10:10:39.641+09:00 DEBUG 16416 --- [Shift Scheduler Demo] [           main] org.hibernate.SQL                        : delete from shift_assignments where id=?
Hibernate: delete from shift_assignments where id=?
2025-10-25T10:10:39.641+09:00 DEBUG 16416 --- [Shift Scheduler Demo] [           main] org.hibernate.SQL                        : select sa1_0.id,sa1_0.employee_id,sa1_0.end_time,sa1_0.shift_name,sa1_0.start_time,sa1_0.work_date from shift_assignments sa1_0 where sa1_0.work_date=?
Hibernate: select sa1_0.id,sa1_0.employee_id,sa1_0.end_time,sa1_0.shift_name,sa1_0.start_time,sa1_0.work_date from shift_assignments sa1_0 where sa1_0.work_date=?
2025-10-25T10:10:39.643+09:00 DEBUG 16416 --- [Shift Scheduler Demo] [           main] org.hibernate.SQL                        : delete from shift_assignments where id=?
Hibernate: delete from shift_assignments where id=?
2025-10-25T10:10:39.643+09:00 DEBUG 16416 --- [Shift Scheduler Demo] [           main] org.hibernate.SQL                        : delete from shift_assignments where id=?
Hibernate: delete from shift_assignments where id=?
2025-10-25T10:10:39.646+09:00 DEBUG 16416 --- [Shift Scheduler Demo] [           main] org.hibernate.SQL                        : delete from shift_assignments where id=?
Hibernate: delete from shift_assignments where id=?
2025-10-25T10:10:39.646+09:00 DEBUG 16416 --- [Shift Scheduler Demo] [           main] org.hibernate.SQL                        : delete from shift_assignments where id=?
Hibernate: delete from shift_assignments where id=?
2025-10-25T10:10:39.646+09:00 DEBUG 16416 --- [Shift Scheduler Demo] [           main] org.hibernate.SQL                        : delete from shift_assignments where id=?
Hibernate: delete from shift_assignments where id=?
2025-10-25T10:10:39.646+09:00 DEBUG 16416 --- [Shift Scheduler Demo] [           main] org.hibernate.SQL                        : select sa1_0.id,sa1_0.employee_id,sa1_0.end_time,sa1_0.shift_name,sa1_0.start_time,sa1_0.work_date from shift_assignments sa1_0 where sa1_0.work_date=?
Hibernate: select sa1_0.id,sa1_0.employee_id,sa1_0.end_time,sa1_0.shift_name,sa1_0.start_time,sa1_0.work_date from shift_assignments sa1_0 where sa1_0.work_date=?
2025-10-25T10:10:39.648+09:00 DEBUG 16416 --- [Shift Scheduler Demo] [           main] org.hibernate.SQL                        : delete from shift_assignments where id=?
Hibernate: delete from shift_assignments where id=?
2025-10-25T10:10:39.649+09:00 DEBUG 16416 --- [Shift Scheduler Demo] [           main] org.hibernate.SQL                        : delete from shift_assignments where id=?
Hibernate: delete from shift_assignments where id=?
2025-10-25T10:10:39.649+09:00 DEBUG 16416 --- [Shift Scheduler Demo] [           main] org.hibernate.SQL                        : delete from shift_assignments where id=?
Hibernate: delete from shift_assignments where id=?
2025-10-25T10:10:39.649+09:00 DEBUG 16416 --- [Shift Scheduler Demo] [           main] org.hibernate.SQL                        : delete from shift_assignments where id=?
Hibernate: delete from shift_assignments where id=?
2025-10-25T10:10:39.649+09:00 DEBUG 16416 --- [Shift Scheduler Demo] [           main] org.hibernate.SQL                        : delete from shift_assignments where id=?
Hibernate: delete from shift_assignments where id=?
2025-10-25T10:10:39.650+09:00 DEBUG 16416 --- [Shift Scheduler Demo] [           main] org.hibernate.SQL                        : select sa1_0.id,sa1_0.employee_id,sa1_0.end_time,sa1_0.shift_name,sa1_0.start_time,sa1_0.work_date from shift_assignments sa1_0 where sa1_0.work_date=?
Hibernate: select sa1_0.id,sa1_0.employee_id,sa1_0.end_time,sa1_0.shift_name,sa1_0.start_time,sa1_0.work_date from shift_assignments sa1_0 where sa1_0.work_date=?
2025-10-25T10:10:39.652+09:00 DEBUG 16416 --- [Shift Scheduler Demo] [           main] org.hibernate.SQL                        : delete from shift_assignments where id=?
Hibernate: delete from shift_assignments where id=?
2025-10-25T10:10:39.652+09:00 DEBUG 16416 --- [Shift Scheduler Demo] [           main] org.hibernate.SQL                        : delete from shift_assignments where id=?
Hibernate: delete from shift_assignments where id=?
2025-10-25T10:10:39.652+09:00 DEBUG 16416 --- [Shift Scheduler Demo] [           main] org.hibernate.SQL                        : delete from shift_assignments where id=?
Hibernate: delete from shift_assignments where id=?
2025-10-25T10:10:39.652+09:00 DEBUG 16416 --- [Shift Scheduler Demo] [           main] org.hibernate.SQL                        : delete from shift_assignments where id=?
Hibernate: delete from shift_assignments where id=?
2025-10-25T10:10:39.652+09:00 DEBUG 16416 --- [Shift Scheduler Demo] [           main] org.hibernate.SQL                        : delete from shift_assignments where id=?
Hibernate: delete from shift_assignments where id=?
2025-10-25T10:10:39.653+09:00 DEBUG 16416 --- [Shift Scheduler Demo] [           main] org.hibernate.SQL                        : select sa1_0.id,sa1_0.employee_id,sa1_0.end_time,sa1_0.shift_name,sa1_0.start_time,sa1_0.work_date from shift_assignments sa1_0 where sa1_0.work_date=?
Hibernate: select sa1_0.id,sa1_0.employee_id,sa1_0.end_time,sa1_0.shift_name,sa1_0.start_time,sa1_0.work_date from shift_assignments sa1_0 where sa1_0.work_date=?
2025-10-25T10:10:39.655+09:00 DEBUG 16416 --- [Shift Scheduler Demo] [           main] org.hibernate.SQL                        : delete from shift_assignments where id=?
Hibernate: delete from shift_assignments where id=?
2025-10-25T10:10:39.655+09:00 DEBUG 16416 --- [Shift Scheduler Demo] [           main] org.hibernate.SQL                        : delete from shift_assignments where id=?
Hibernate: delete from shift_assignments where id=?
2025-10-25T10:10:39.655+09:00 DEBUG 16416 --- [Shift Scheduler Demo] [           main] org.hibernate.SQL                        : delete from shift_assignments where id=?
Hibernate: delete from shift_assignments where id=?
2025-10-25T10:10:39.655+09:00 DEBUG 16416 --- [Shift Scheduler Demo] [           main] org.hibernate.SQL                        : delete from shift_assignments where id=?
Hibernate: delete from shift_assignments where id=?
2025-10-25T10:10:39.656+09:00 DEBUG 16416 --- [Shift Scheduler Demo] [           main] org.hibernate.SQL                        : delete from shift_assignments where id=?
Hibernate: delete from shift_assignments where id=?
2025-10-25T10:10:39.656+09:00 DEBUG 16416 --- [Shift Scheduler Demo] [           main] org.hibernate.SQL                        : select sa1_0.id,sa1_0.employee_id,sa1_0.end_time,sa1_0.shift_name,sa1_0.start_time,sa1_0.work_date from shift_assignments sa1_0 where sa1_0.work_date=?
Hibernate: select sa1_0.id,sa1_0.employee_id,sa1_0.end_time,sa1_0.shift_name,sa1_0.start_time,sa1_0.work_date from shift_assignments sa1_0 where sa1_0.work_date=?
2025-10-25T10:10:39.658+09:00 DEBUG 16416 --- [Shift Scheduler Demo] [           main] org.hibernate.SQL                        : select sa1_0.id,sa1_0.employee_id,sa1_0.end_time,sa1_0.shift_name,sa1_0.start_time,sa1_0.work_date from shift_assignments sa1_0 where sa1_0.work_date=?
Hibernate: select sa1_0.id,sa1_0.employee_id,sa1_0.end_time,sa1_0.shift_name,sa1_0.start_time,sa1_0.work_date from shift_assignments sa1_0 where sa1_0.work_date=?
2025-10-25T10:10:39.659+09:00 DEBUG 16416 --- [Shift Scheduler Demo] [           main] org.hibernate.SQL                        : select sa1_0.id,sa1_0.employee_id,sa1_0.end_time,sa1_0.shift_name,sa1_0.start_time,sa1_0.work_date from shift_assignments sa1_0 where sa1_0.work_date=?
Hibernate: select sa1_0.id,sa1_0.employee_id,sa1_0.end_time,sa1_0.shift_name,sa1_0.start_time,sa1_0.work_date from shift_assignments sa1_0 where sa1_0.work_date=?
2025-10-25T10:10:39.663+09:00 DEBUG 16416 --- [Shift Scheduler Demo] [           main] org.hibernate.SQL                        : delete from shift_assignments where id=?
Hibernate: delete from shift_assignments where id=?
2025-10-25T10:10:39.663+09:00 DEBUG 16416 --- [Shift Scheduler Demo] [           main] org.hibernate.SQL                        : delete from shift_assignments where id=?
Hibernate: delete from shift_assignments where id=?
2025-10-25T10:10:39.663+09:00 DEBUG 16416 --- [Shift Scheduler Demo] [           main] org.hibernate.SQL                        : delete from shift_assignments where id=?
Hibernate: delete from shift_assignments where id=?
2025-10-25T10:10:39.663+09:00 DEBUG 16416 --- [Shift Scheduler Demo] [           main] org.hibernate.SQL                        : delete from shift_assignments where id=?
Hibernate: delete from shift_assignments where id=?
2025-10-25T10:10:39.664+09:00 DEBUG 16416 --- [Shift Scheduler Demo] [           main] org.hibernate.SQL                        : delete from shift_assignments where id=?
Hibernate: delete from shift_assignments where id=?
2025-10-25T10:10:39.664+09:00 DEBUG 16416 --- [Shift Scheduler Demo] [           main] org.hibernate.SQL                        : select sa1_0.id,sa1_0.employee_id,sa1_0.end_time,sa1_0.shift_name,sa1_0.start_time,sa1_0.work_date from shift_assignments sa1_0 where sa1_0.work_date=?
Hibernate: select sa1_0.id,sa1_0.employee_id,sa1_0.end_time,sa1_0.shift_name,sa1_0.start_time,sa1_0.work_date from shift_assignments sa1_0 where sa1_0.work_date=?
2025-10-25T10:10:39.668+09:00 DEBUG 16416 --- [Shift Scheduler Demo] [           main] org.hibernate.SQL                        : delete from shift_assignments where id=?
Hibernate: delete from shift_assignments where id=?
2025-10-25T10:10:39.668+09:00 DEBUG 16416 --- [Shift Scheduler Demo] [           main] org.hibernate.SQL                        : delete from shift_assignments where id=?
Hibernate: delete from shift_assignments where id=?
2025-10-25T10:10:39.668+09:00 DEBUG 16416 --- [Shift Scheduler Demo] [           main] org.hibernate.SQL                        : delete from shift_assignments where id=?
Hibernate: delete from shift_assignments where id=?
2025-10-25T10:10:39.669+09:00 DEBUG 16416 --- [Shift Scheduler Demo] [           main] org.hibernate.SQL                        : delete from shift_assignments where id=?
Hibernate: delete from shift_assignments where id=?
2025-10-25T10:10:39.669+09:00 DEBUG 16416 --- [Shift Scheduler Demo] [           main] org.hibernate.SQL                        : delete from shift_assignments where id=?
Hibernate: delete from shift_assignments where id=?
2025-10-25T10:10:39.669+09:00 DEBUG 16416 --- [Shift Scheduler Demo] [           main] org.hibernate.SQL                        : select sa1_0.id,sa1_0.employee_id,sa1_0.end_time,sa1_0.shift_name,sa1_0.start_time,sa1_0.work_date from shift_assignments sa1_0 where sa1_0.work_date=?
Hibernate: select sa1_0.id,sa1_0.employee_id,sa1_0.end_time,sa1_0.shift_name,sa1_0.start_time,sa1_0.work_date from shift_assignments sa1_0 where sa1_0.work_date=?
2025-10-25T10:10:39.672+09:00 DEBUG 16416 --- [Shift Scheduler Demo] [           main] org.hibernate.SQL                        : delete from shift_assignments where id=?
Hibernate: delete from shift_assignments where id=?
2025-10-25T10:10:39.672+09:00 DEBUG 16416 --- [Shift Scheduler Demo] [           main] org.hibernate.SQL                        : delete from shift_assignments where id=?
Hibernate: delete from shift_assignments where id=?
2025-10-25T10:10:39.673+09:00 DEBUG 16416 --- [Shift Scheduler Demo] [           main] org.hibernate.SQL                        : delete from shift_assignments where id=?
Hibernate: delete from shift_assignments where id=?
2025-10-25T10:10:39.673+09:00 DEBUG 16416 --- [Shift Scheduler Demo] [           main] org.hibernate.SQL                        : delete from shift_assignments where id=?
Hibernate: delete from shift_assignments where id=?
2025-10-25T10:10:39.673+09:00 DEBUG 16416 --- [Shift Scheduler Demo] [           main] org.hibernate.SQL                        : delete from shift_assignments where id=?
Hibernate: delete from shift_assignments where id=?
2025-10-25T10:10:39.673+09:00 DEBUG 16416 --- [Shift Scheduler Demo] [           main] org.hibernate.SQL                        : select sa1_0.id,sa1_0.employee_id,sa1_0.end_time,sa1_0.shift_name,sa1_0.start_time,sa1_0.work_date from shift_assignments sa1_0 where sa1_0.work_date=?
Hibernate: select sa1_0.id,sa1_0.employee_id,sa1_0.end_time,sa1_0.shift_name,sa1_0.start_time,sa1_0.work_date from shift_assignments sa1_0 where sa1_0.work_date=?
2025-10-25T10:10:39.676+09:00 DEBUG 16416 --- [Shift Scheduler Demo] [           main] org.hibernate.SQL                        : delete from shift_assignments where id=?
Hibernate: delete from shift_assignments where id=?
2025-10-25T10:10:39.676+09:00 DEBUG 16416 --- [Shift Scheduler Demo] [           main] org.hibernate.SQL                        : delete from shift_assignments where id=?
Hibernate: delete from shift_assignments where id=?
2025-10-25T10:10:39.676+09:00 DEBUG 16416 --- [Shift Scheduler Demo] [           main] org.hibernate.SQL                        : delete from shift_assignments where id=?
Hibernate: delete from shift_assignments where id=?
2025-10-25T10:10:39.676+09:00 DEBUG 16416 --- [Shift Scheduler Demo] [           main] org.hibernate.SQL                        : delete from shift_assignments where id=?
Hibernate: delete from shift_assignments where id=?
2025-10-25T10:10:39.676+09:00 DEBUG 16416 --- [Shift Scheduler Demo] [           main] org.hibernate.SQL                        : delete from shift_assignments where id=?
Hibernate: delete from shift_assignments where id=?
2025-10-25T10:10:39.676+09:00 DEBUG 16416 --- [Shift Scheduler Demo] [           main] org.hibernate.SQL                        : select sa1_0.id,sa1_0.employee_id,sa1_0.end_time,sa1_0.shift_name,sa1_0.start_time,sa1_0.work_date from shift_assignments sa1_0 where sa1_0.work_date=?
Hibernate: select sa1_0.id,sa1_0.employee_id,sa1_0.end_time,sa1_0.shift_name,sa1_0.start_time,sa1_0.work_date from shift_assignments sa1_0 where sa1_0.work_date=?
2025-10-25T10:10:39.679+09:00  INFO 16416 --- [Shift Scheduler Demo] [           main] c.e.shiftv1.schedule.ScheduleService     : 既存のシフト割り当てを削除しました: 2025-10-01 から 2025-10-31
2025-10-25T10:10:39.688+09:00 DEBUG 16416 --- [Shift Scheduler Demo] [           main] org.hibernate.SQL                        : select sc1_0.id,sc1_0.is_active,sc1_0.created_at,sc1_0.day_of_week,sc1_0.end_time,sc1_0.is_holiday,sc1_0.name,sc1_0.required_employees,sc1_0.required_skill_id,sc1_0.start_time,sc1_0.updated_at from shift_config sc1_0 where sc1_0.is_active=1
Hibernate: select sc1_0.id,sc1_0.is_active,sc1_0.created_at,sc1_0.day_of_week,sc1_0.end_time,sc1_0.is_holiday,sc1_0.name,sc1_0.required_employees,sc1_0.required_skill_id,sc1_0.start_time,sc1_0.updated_at from shift_config sc1_0 where sc1_0.is_active=1
2025-10-25T10:10:39.690+09:00 DEBUG 16416 --- [Shift Scheduler Demo] [           main] org.hibernate.SQL                        : select d1_0.shift_config_id,d1_0.day_of_week from shift_config_days d1_0 where d1_0.shift_config_id=?
Hibernate: select d1_0.shift_config_id,d1_0.day_of_week from shift_config_days d1_0 where d1_0.shift_config_id=?
2025-10-25T10:10:39.693+09:00 DEBUG 16416 --- [Shift Scheduler Demo] [           main] org.hibernate.SQL                        : select ec1_0.id,ec1_0.is_active,ec1_0.created_at,ec1_0.date,ec1_0.employee_id,ec1_0.end_time,ec1_0.reason,ec1_0.start_time,ec1_0.type,ec1_0.updated_at from employee_constraints ec1_0 where ec1_0.date between ? and ? and ec1_0.is_active=1
Hibernate: select ec1_0.id,ec1_0.is_active,ec1_0.created_at,ec1_0.date,ec1_0.employee_id,ec1_0.end_time,ec1_0.reason,ec1_0.start_time,ec1_0.type,ec1_0.updated_at from employee_constraints ec1_0 where ec1_0.date between ? and ? and ec1_0.is_active=1
2025-10-25T10:10:39.705+09:00 DEBUG 16416 --- [Shift Scheduler Demo] [           main] org.hibernate.SQL                        : select h1_0.date from holidays h1_0 where h1_0.date between ? and ?
Hibernate: select h1_0.date from holidays h1_0 where h1_0.date between ? and ?
2025-10-25T10:10:39.710+09:00 DEBUG 16416 --- [Shift Scheduler Demo] [           main] org.hibernate.SQL                        : select di1_0.id,di1_0.is_active,di1_0.created_at,di1_0.date,di1_0.day_of_week,di1_0.end_time,di1_0.required_seats,di1_0.skill_id,di1_0.sort_order,di1_0.start_time,di1_0.updated_at from demand_intervals di1_0 where (di1_0.date=? or (di1_0.date is null and di1_0.day_of_week=?)) and (di1_0.is_active=1 or di1_0.is_active is null) and di1_0.skill_id is not null
Hibernate: select di1_0.id,di1_0.is_active,di1_0.created_at,di1_0.date,di1_0.day_of_week,di1_0.end_time,di1_0.required_seats,di1_0.skill_id,di1_0.sort_order,di1_0.start_time,di1_0.updated_at from demand_intervals di1_0 where (di1_0.date=? or (di1_0.date is null and di1_0.day_of_week=?)) and (di1_0.is_active=1 or di1_0.is_active is null) and di1_0.skill_id is not null
2025-10-25T10:10:39.716+09:00 DEBUG 16416 --- [Shift Scheduler Demo] [           main] org.hibernate.SQL                        : select di1_0.id,di1_0.is_active,di1_0.created_at,di1_0.date,di1_0.day_of_week,di1_0.end_time,di1_0.required_seats,di1_0.skill_id,di1_0.sort_order,di1_0.start_time,di1_0.updated_at from demand_intervals di1_0 where (di1_0.date=? or (di1_0.date is null and di1_0.day_of_week=?)) and (di1_0.is_active=1 or di1_0.is_active is null) and di1_0.skill_id is not null
Hibernate: select di1_0.id,di1_0.is_active,di1_0.created_at,di1_0.date,di1_0.day_of_week,di1_0.end_time,di1_0.required_seats,di1_0.skill_id,di1_0.sort_order,di1_0.start_time,di1_0.updated_at from demand_intervals di1_0 where (di1_0.date=? or (di1_0.date is null and di1_0.day_of_week=?)) and (di1_0.is_active=1 or di1_0.is_active is null) and di1_0.skill_id is not null
2025-10-25T10:10:39.719+09:00 DEBUG 16416 --- [Shift Scheduler Demo] [           main] org.hibernate.SQL                        : select di1_0.id,di1_0.is_active,di1_0.created_at,di1_0.date,di1_0.day_of_week,di1_0.end_time,di1_0.required_seats,di1_0.skill_id,di1_0.sort_order,di1_0.start_time,di1_0.updated_at from demand_intervals di1_0 where (di1_0.date=? or (di1_0.date is null and di1_0.day_of_week=?)) and (di1_0.is_active=1 or di1_0.is_active is null) and di1_0.skill_id is not null
Hibernate: select di1_0.id,di1_0.is_active,di1_0.created_at,di1_0.date,di1_0.day_of_week,di1_0.end_time,di1_0.required_seats,di1_0.skill_id,di1_0.sort_order,di1_0.start_time,di1_0.updated_at from demand_intervals di1_0 where (di1_0.date=? or (di1_0.date is null and di1_0.day_of_week=?)) and (di1_0.is_active=1 or di1_0.is_active is null) and di1_0.skill_id is not null
2025-10-25T10:10:39.722+09:00 DEBUG 16416 --- [Shift Scheduler Demo] [           main] org.hibernate.SQL                        : select di1_0.id,di1_0.is_active,di1_0.created_at,di1_0.date,di1_0.day_of_week,di1_0.end_time,di1_0.required_seats,di1_0.skill_id,di1_0.sort_order,di1_0.start_time,di1_0.updated_at from demand_intervals di1_0 where (di1_0.date=? or (di1_0.date is null and di1_0.day_of_week=?)) and (di1_0.is_active=1 or di1_0.is_active is null) and di1_0.skill_id is not null
Hibernate: select di1_0.id,di1_0.is_active,di1_0.created_at,di1_0.date,di1_0.day_of_week,di1_0.end_time,di1_0.required_seats,di1_0.skill_id,di1_0.sort_order,di1_0.start_time,di1_0.updated_at from demand_intervals di1_0 where (di1_0.date=? or (di1_0.date is null and di1_0.day_of_week=?)) and (di1_0.is_active=1 or di1_0.is_active is null) and di1_0.skill_id is not null
2025-10-25T10:10:39.725+09:00 DEBUG 16416 --- [Shift Scheduler Demo] [           main] org.hibernate.SQL                        : select di1_0.id,di1_0.is_active,di1_0.created_at,di1_0.date,di1_0.day_of_week,di1_0.end_time,di1_0.required_seats,di1_0.skill_id,di1_0.sort_order,di1_0.start_time,di1_0.updated_at from demand_intervals di1_0 where (di1_0.date=? or (di1_0.date is null and di1_0.day_of_week=?)) and (di1_0.is_active=1 or di1_0.is_active is null) and di1_0.skill_id is not null
Hibernate: select di1_0.id,di1_0.is_active,di1_0.created_at,di1_0.date,di1_0.day_of_week,di1_0.end_time,di1_0.required_seats,di1_0.skill_id,di1_0.sort_order,di1_0.start_time,di1_0.updated_at from demand_intervals di1_0 where (di1_0.date=? or (di1_0.date is null and di1_0.day_of_week=?)) and (di1_0.is_active=1 or di1_0.is_active is null) and di1_0.skill_id is not null
2025-10-25T10:10:39.728+09:00 DEBUG 16416 --- [Shift Scheduler Demo] [           main] org.hibernate.SQL                        : select di1_0.id,di1_0.is_active,di1_0.created_at,di1_0.date,di1_0.day_of_week,di1_0.end_time,di1_0.required_seats,di1_0.skill_id,di1_0.sort_order,di1_0.start_time,di1_0.updated_at from demand_intervals di1_0 where (di1_0.date=? or (di1_0.date is null and di1_0.day_of_week=?)) and (di1_0.is_active=1 or di1_0.is_active is null) and di1_0.skill_id is not null
Hibernate: select di1_0.id,di1_0.is_active,di1_0.created_at,di1_0.date,di1_0.day_of_week,di1_0.end_time,di1_0.required_seats,di1_0.skill_id,di1_0.sort_order,di1_0.start_time,di1_0.updated_at from demand_intervals di1_0 where (di1_0.date=? or (di1_0.date is null and di1_0.day_of_week=?)) and (di1_0.is_active=1 or di1_0.is_active is null) and di1_0.skill_id is not null
2025-10-25T10:10:39.731+09:00 DEBUG 16416 --- [Shift Scheduler Demo] [           main] org.hibernate.SQL                        : select di1_0.id,di1_0.is_active,di1_0.created_at,di1_0.date,di1_0.day_of_week,di1_0.end_time,di1_0.required_seats,di1_0.skill_id,di1_0.sort_order,di1_0.start_time,di1_0.updated_at from demand_intervals di1_0 where (di1_0.date=? or (di1_0.date is null and di1_0.day_of_week=?)) and (di1_0.is_active=1 or di1_0.is_active is null) and di1_0.skill_id is not null
Hibernate: select di1_0.id,di1_0.is_active,di1_0.created_at,di1_0.date,di1_0.day_of_week,di1_0.end_time,di1_0.required_seats,di1_0.skill_id,di1_0.sort_order,di1_0.start_time,di1_0.updated_at from demand_intervals di1_0 where (di1_0.date=? or (di1_0.date is null and di1_0.day_of_week=?)) and (di1_0.is_active=1 or di1_0.is_active is null) and di1_0.skill_id is not null
2025-10-25T10:10:39.734+09:00 DEBUG 16416 --- [Shift Scheduler Demo] [           main] org.hibernate.SQL                        : select di1_0.id,di1_0.is_active,di1_0.created_at,di1_0.date,di1_0.day_of_week,di1_0.end_time,di1_0.required_seats,di1_0.skill_id,di1_0.sort_order,di1_0.start_time,di1_0.updated_at from demand_intervals di1_0 where (di1_0.date=? or (di1_0.date is null and di1_0.day_of_week=?)) and (di1_0.is_active=1 or di1_0.is_active is null) and di1_0.skill_id is not null
Hibernate: select di1_0.id,di1_0.is_active,di1_0.created_at,di1_0.date,di1_0.day_of_week,di1_0.end_time,di1_0.required_seats,di1_0.skill_id,di1_0.sort_order,di1_0.start_time,di1_0.updated_at from demand_intervals di1_0 where (di1_0.date=? or (di1_0.date is null and di1_0.day_of_week=?)) and (di1_0.is_active=1 or di1_0.is_active is null) and di1_0.skill_id is not null
2025-10-25T10:10:39.736+09:00 DEBUG 16416 --- [Shift Scheduler Demo] [           main] org.hibernate.SQL                        : select di1_0.id,di1_0.is_active,di1_0.created_at,di1_0.date,di1_0.day_of_week,di1_0.end_time,di1_0.required_seats,di1_0.skill_id,di1_0.sort_order,di1_0.start_time,di1_0.updated_at from demand_intervals di1_0 where (di1_0.date=? or (di1_0.date is null and di1_0.day_of_week=?)) and (di1_0.is_active=1 or di1_0.is_active is null) and di1_0.skill_id is not null
Hibernate: select di1_0.id,di1_0.is_active,di1_0.created_at,di1_0.date,di1_0.day_of_week,di1_0.end_time,di1_0.required_seats,di1_0.skill_id,di1_0.sort_order,di1_0.start_time,di1_0.updated_at from demand_intervals di1_0 where (di1_0.date=? or (di1_0.date is null and di1_0.day_of_week=?)) and (di1_0.is_active=1 or di1_0.is_active is null) and di1_0.skill_id is not null
2025-10-25T10:10:39.738+09:00 DEBUG 16416 --- [Shift Scheduler Demo] [           main] org.hibernate.SQL                        : select di1_0.id,di1_0.is_active,di1_0.created_at,di1_0.date,di1_0.day_of_week,di1_0.end_time,di1_0.required_seats,di1_0.skill_id,di1_0.sort_order,di1_0.start_time,di1_0.updated_at from demand_intervals di1_0 where (di1_0.date=? or (di1_0.date is null and di1_0.day_of_week=?)) and (di1_0.is_active=1 or di1_0.is_active is null) and di1_0.skill_id is not null
Hibernate: select di1_0.id,di1_0.is_active,di1_0.created_at,di1_0.date,di1_0.day_of_week,di1_0.end_time,di1_0.required_seats,di1_0.skill_id,di1_0.sort_order,di1_0.start_time,di1_0.updated_at from demand_intervals di1_0 where (di1_0.date=? or (di1_0.date is null and di1_0.day_of_week=?)) and (di1_0.is_active=1 or di1_0.is_active is null) and di1_0.skill_id is not null
2025-10-25T10:10:39.740+09:00 DEBUG 16416 --- [Shift Scheduler Demo] [           main] org.hibernate.SQL                        : select di1_0.id,di1_0.is_active,di1_0.created_at,di1_0.date,di1_0.day_of_week,di1_0.end_time,di1_0.required_seats,di1_0.skill_id,di1_0.sort_order,di1_0.start_time,di1_0.updated_at from demand_intervals di1_0 where (di1_0.date=? or (di1_0.date is null and di1_0.day_of_week=?)) and (di1_0.is_active=1 or di1_0.is_active is null) and di1_0.skill_id is not null
Hibernate: select di1_0.id,di1_0.is_active,di1_0.created_at,di1_0.date,di1_0.day_of_week,di1_0.end_time,di1_0.required_seats,di1_0.skill_id,di1_0.sort_order,di1_0.start_time,di1_0.updated_at from demand_intervals di1_0 where (di1_0.date=? or (di1_0.date is null and di1_0.day_of_week=?)) and (di1_0.is_active=1 or di1_0.is_active is null) and di1_0.skill_id is not null
2025-10-25T10:10:39.743+09:00 DEBUG 16416 --- [Shift Scheduler Demo] [           main] org.hibernate.SQL                        : select di1_0.id,di1_0.is_active,di1_0.created_at,di1_0.date,di1_0.day_of_week,di1_0.end_time,di1_0.required_seats,di1_0.skill_id,di1_0.sort_order,di1_0.start_time,di1_0.updated_at from demand_intervals di1_0 where (di1_0.date=? or (di1_0.date is null and di1_0.day_of_week=?)) and (di1_0.is_active=1 or di1_0.is_active is null) and di1_0.skill_id is not null
Hibernate: select di1_0.id,di1_0.is_active,di1_0.created_at,di1_0.date,di1_0.day_of_week,di1_0.end_time,di1_0.required_seats,di1_0.skill_id,di1_0.sort_order,di1_0.start_time,di1_0.updated_at from demand_intervals di1_0 where (di1_0.date=? or (di1_0.date is null and di1_0.day_of_week=?)) and (di1_0.is_active=1 or di1_0.is_active is null) and di1_0.skill_id is not null
2025-10-25T10:10:39.745+09:00 DEBUG 16416 --- [Shift Scheduler Demo] [           main] org.hibernate.SQL                        : select di1_0.id,di1_0.is_active,di1_0.created_at,di1_0.date,di1_0.day_of_week,di1_0.end_time,di1_0.required_seats,di1_0.skill_id,di1_0.sort_order,di1_0.start_time,di1_0.updated_at from demand_intervals di1_0 where (di1_0.date=? or (di1_0.date is null and di1_0.day_of_week=?)) and (di1_0.is_active=1 or di1_0.is_active is null) and di1_0.skill_id is not null
Hibernate: select di1_0.id,di1_0.is_active,di1_0.created_at,di1_0.date,di1_0.day_of_week,di1_0.end_time,di1_0.required_seats,di1_0.skill_id,di1_0.sort_order,di1_0.start_time,di1_0.updated_at from demand_intervals di1_0 where (di1_0.date=? or (di1_0.date is null and di1_0.day_of_week=?)) and (di1_0.is_active=1 or di1_0.is_active is null) and di1_0.skill_id is not null
2025-10-25T10:10:39.748+09:00 DEBUG 16416 --- [Shift Scheduler Demo] [           main] org.hibernate.SQL                        : select di1_0.id,di1_0.is_active,di1_0.created_at,di1_0.date,di1_0.day_of_week,di1_0.end_time,di1_0.required_seats,di1_0.skill_id,di1_0.sort_order,di1_0.start_time,di1_0.updated_at from demand_intervals di1_0 where (di1_0.date=? or (di1_0.date is null and di1_0.day_of_week=?)) and (di1_0.is_active=1 or di1_0.is_active is null) and di1_0.skill_id is not null
Hibernate: select di1_0.id,di1_0.is_active,di1_0.created_at,di1_0.date,di1_0.day_of_week,di1_0.end_time,di1_0.required_seats,di1_0.skill_id,di1_0.sort_order,di1_0.start_time,di1_0.updated_at from demand_intervals di1_0 where (di1_0.date=? or (di1_0.date is null and di1_0.day_of_week=?)) and (di1_0.is_active=1 or di1_0.is_active is null) and di1_0.skill_id is not null
2025-10-25T10:10:39.752+09:00 DEBUG 16416 --- [Shift Scheduler Demo] [           main] org.hibernate.SQL                        : select di1_0.id,di1_0.is_active,di1_0.created_at,di1_0.date,di1_0.day_of_week,di1_0.end_time,di1_0.required_seats,di1_0.skill_id,di1_0.sort_order,di1_0.start_time,di1_0.updated_at from demand_intervals di1_0 where (di1_0.date=? or (di1_0.date is null and di1_0.day_of_week=?)) and (di1_0.is_active=1 or di1_0.is_active is null) and di1_0.skill_id is not null
Hibernate: select di1_0.id,di1_0.is_active,di1_0.created_at,di1_0.date,di1_0.day_of_week,di1_0.end_time,di1_0.required_seats,di1_0.skill_id,di1_0.sort_order,di1_0.start_time,di1_0.updated_at from demand_intervals di1_0 where (di1_0.date=? or (di1_0.date is null and di1_0.day_of_week=?)) and (di1_0.is_active=1 or di1_0.is_active is null) and di1_0.skill_id is not null
2025-10-25T10:10:39.753+09:00 DEBUG 16416 --- [Shift Scheduler Demo] [           main] org.hibernate.SQL                        : select di1_0.id,di1_0.is_active,di1_0.created_at,di1_0.date,di1_0.day_of_week,di1_0.end_time,di1_0.required_seats,di1_0.skill_id,di1_0.sort_order,di1_0.start_time,di1_0.updated_at from demand_intervals di1_0 where (di1_0.date=? or (di1_0.date is null and di1_0.day_of_week=?)) and (di1_0.is_active=1 or di1_0.is_active is null) and di1_0.skill_id is not null
Hibernate: select di1_0.id,di1_0.is_active,di1_0.created_at,di1_0.date,di1_0.day_of_week,di1_0.end_time,di1_0.required_seats,di1_0.skill_id,di1_0.sort_order,di1_0.start_time,di1_0.updated_at from demand_intervals di1_0 where (di1_0.date=? or (di1_0.date is null and di1_0.day_of_week=?)) and (di1_0.is_active=1 or di1_0.is_active is null) and di1_0.skill_id is not null
2025-10-25T10:10:39.755+09:00 DEBUG 16416 --- [Shift Scheduler Demo] [           main] org.hibernate.SQL                        : select di1_0.id,di1_0.is_active,di1_0.created_at,di1_0.date,di1_0.day_of_week,di1_0.end_time,di1_0.required_seats,di1_0.skill_id,di1_0.sort_order,di1_0.start_time,di1_0.updated_at from demand_intervals di1_0 where (di1_0.date=? or (di1_0.date is null and di1_0.day_of_week=?)) and (di1_0.is_active=1 or di1_0.is_active is null) and di1_0.skill_id is not null
Hibernate: select di1_0.id,di1_0.is_active,di1_0.created_at,di1_0.date,di1_0.day_of_week,di1_0.end_time,di1_0.required_seats,di1_0.skill_id,di1_0.sort_order,di1_0.start_time,di1_0.updated_at from demand_intervals di1_0 where (di1_0.date=? or (di1_0.date is null and di1_0.day_of_week=?)) and (di1_0.is_active=1 or di1_0.is_active is null) and di1_0.skill_id is not null
2025-10-25T10:10:39.757+09:00 DEBUG 16416 --- [Shift Scheduler Demo] [           main] org.hibernate.SQL                        : select di1_0.id,di1_0.is_active,di1_0.created_at,di1_0.date,di1_0.day_of_week,di1_0.end_time,di1_0.required_seats,di1_0.skill_id,di1_0.sort_order,di1_0.start_time,di1_0.updated_at from demand_intervals di1_0 where (di1_0.date=? or (di1_0.date is null and di1_0.day_of_week=?)) and (di1_0.is_active=1 or di1_0.is_active is null) and di1_0.skill_id is not null
Hibernate: select di1_0.id,di1_0.is_active,di1_0.created_at,di1_0.date,di1_0.day_of_week,di1_0.end_time,di1_0.required_seats,di1_0.skill_id,di1_0.sort_order,di1_0.start_time,di1_0.updated_at from demand_intervals di1_0 where (di1_0.date=? or (di1_0.date is null and di1_0.day_of_week=?)) and (di1_0.is_active=1 or di1_0.is_active is null) and di1_0.skill_id is not null
2025-10-25T10:10:39.760+09:00 DEBUG 16416 --- [Shift Scheduler Demo] [           main] org.hibernate.SQL                        : select di1_0.id,di1_0.is_active,di1_0.created_at,di1_0.date,di1_0.day_of_week,di1_0.end_time,di1_0.required_seats,di1_0.skill_id,di1_0.sort_order,di1_0.start_time,di1_0.updated_at from demand_intervals di1_0 where (di1_0.date=? or (di1_0.date is null and di1_0.day_of_week=?)) and (di1_0.is_active=1 or di1_0.is_active is null) and di1_0.skill_id is not null
Hibernate: select di1_0.id,di1_0.is_active,di1_0.created_at,di1_0.date,di1_0.day_of_week,di1_0.end_time,di1_0.required_seats,di1_0.skill_id,di1_0.sort_order,di1_0.start_time,di1_0.updated_at from demand_intervals di1_0 where (di1_0.date=? or (di1_0.date is null and di1_0.day_of_week=?)) and (di1_0.is_active=1 or di1_0.is_active is null) and di1_0.skill_id is not null
2025-10-25T10:10:39.762+09:00 DEBUG 16416 --- [Shift Scheduler Demo] [           main] org.hibernate.SQL                        : select di1_0.id,di1_0.is_active,di1_0.created_at,di1_0.date,di1_0.day_of_week,di1_0.end_time,di1_0.required_seats,di1_0.skill_id,di1_0.sort_order,di1_0.start_time,di1_0.updated_at from demand_intervals di1_0 where (di1_0.date=? or (di1_0.date is null and di1_0.day_of_week=?)) and (di1_0.is_active=1 or di1_0.is_active is null) and di1_0.skill_id is not null
Hibernate: select di1_0.id,di1_0.is_active,di1_0.created_at,di1_0.date,di1_0.day_of_week,di1_0.end_time,di1_0.required_seats,di1_0.skill_id,di1_0.sort_order,di1_0.start_time,di1_0.updated_at from demand_intervals di1_0 where (di1_0.date=? or (di1_0.date is null and di1_0.day_of_week=?)) and (di1_0.is_active=1 or di1_0.is_active is null) and di1_0.skill_id is not null
2025-10-25T10:10:39.765+09:00 DEBUG 16416 --- [Shift Scheduler Demo] [           main] org.hibernate.SQL                        : select di1_0.id,di1_0.is_active,di1_0.created_at,di1_0.date,di1_0.day_of_week,di1_0.end_time,di1_0.required_seats,di1_0.skill_id,di1_0.sort_order,di1_0.start_time,di1_0.updated_at from demand_intervals di1_0 where (di1_0.date=? or (di1_0.date is null and di1_0.day_of_week=?)) and (di1_0.is_active=1 or di1_0.is_active is null) and di1_0.skill_id is not null
Hibernate: select di1_0.id,di1_0.is_active,di1_0.created_at,di1_0.date,di1_0.day_of_week,di1_0.end_time,di1_0.required_seats,di1_0.skill_id,di1_0.sort_order,di1_0.start_time,di1_0.updated_at from demand_intervals di1_0 where (di1_0.date=? or (di1_0.date is null and di1_0.day_of_week=?)) and (di1_0.is_active=1 or di1_0.is_active is null) and di1_0.skill_id is not null
2025-10-25T10:10:39.767+09:00 DEBUG 16416 --- [Shift Scheduler Demo] [           main] org.hibernate.SQL                        : select di1_0.id,di1_0.is_active,di1_0.created_at,di1_0.date,di1_0.day_of_week,di1_0.end_time,di1_0.required_seats,di1_0.skill_id,di1_0.sort_order,di1_0.start_time,di1_0.updated_at from demand_intervals di1_0 where (di1_0.date=? or (di1_0.date is null and di1_0.day_of_week=?)) and (di1_0.is_active=1 or di1_0.is_active is null) and di1_0.skill_id is not null
Hibernate: select di1_0.id,di1_0.is_active,di1_0.created_at,di1_0.date,di1_0.day_of_week,di1_0.end_time,di1_0.required_seats,di1_0.skill_id,di1_0.sort_order,di1_0.start_time,di1_0.updated_at from demand_intervals di1_0 where (di1_0.date=? or (di1_0.date is null and di1_0.day_of_week=?)) and (di1_0.is_active=1 or di1_0.is_active is null) and di1_0.skill_id is not null
2025-10-25T10:10:39.769+09:00 DEBUG 16416 --- [Shift Scheduler Demo] [           main] org.hibernate.SQL                        : select di1_0.id,di1_0.is_active,di1_0.created_at,di1_0.date,di1_0.day_of_week,di1_0.end_time,di1_0.required_seats,di1_0.skill_id,di1_0.sort_order,di1_0.start_time,di1_0.updated_at from demand_intervals di1_0 where (di1_0.date=? or (di1_0.date is null and di1_0.day_of_week=?)) and (di1_0.is_active=1 or di1_0.is_active is null) and di1_0.skill_id is not null
Hibernate: select di1_0.id,di1_0.is_active,di1_0.created_at,di1_0.date,di1_0.day_of_week,di1_0.end_time,di1_0.required_seats,di1_0.skill_id,di1_0.sort_order,di1_0.start_time,di1_0.updated_at from demand_intervals di1_0 where (di1_0.date=? or (di1_0.date is null and di1_0.day_of_week=?)) and (di1_0.is_active=1 or di1_0.is_active is null) and di1_0.skill_id is not null
2025-10-25T10:10:39.771+09:00 DEBUG 16416 --- [Shift Scheduler Demo] [           main] org.hibernate.SQL                        : select di1_0.id,di1_0.is_active,di1_0.created_at,di1_0.date,di1_0.day_of_week,di1_0.end_time,di1_0.required_seats,di1_0.skill_id,di1_0.sort_order,di1_0.start_time,di1_0.updated_at from demand_intervals di1_0 where (di1_0.date=? or (di1_0.date is null and di1_0.day_of_week=?)) and (di1_0.is_active=1 or di1_0.is_active is null) and di1_0.skill_id is not null
Hibernate: select di1_0.id,di1_0.is_active,di1_0.created_at,di1_0.date,di1_0.day_of_week,di1_0.end_time,di1_0.required_seats,di1_0.skill_id,di1_0.sort_order,di1_0.start_time,di1_0.updated_at from demand_intervals di1_0 where (di1_0.date=? or (di1_0.date is null and di1_0.day_of_week=?)) and (di1_0.is_active=1 or di1_0.is_active is null) and di1_0.skill_id is not null
2025-10-25T10:10:39.772+09:00 DEBUG 16416 --- [Shift Scheduler Demo] [           main] org.hibernate.SQL                        : select di1_0.id,di1_0.is_active,di1_0.created_at,di1_0.date,di1_0.day_of_week,di1_0.end_time,di1_0.required_seats,di1_0.skill_id,di1_0.sort_order,di1_0.start_time,di1_0.updated_at from demand_intervals di1_0 where (di1_0.date=? or (di1_0.date is null and di1_0.day_of_week=?)) and (di1_0.is_active=1 or di1_0.is_active is null) and di1_0.skill_id is not null
Hibernate: select di1_0.id,di1_0.is_active,di1_0.created_at,di1_0.date,di1_0.day_of_week,di1_0.end_time,di1_0.required_seats,di1_0.skill_id,di1_0.sort_order,di1_0.start_time,di1_0.updated_at from demand_intervals di1_0 where (di1_0.date=? or (di1_0.date is null and di1_0.day_of_week=?)) and (di1_0.is_active=1 or di1_0.is_active is null) and di1_0.skill_id is not null
2025-10-25T10:10:39.774+09:00 DEBUG 16416 --- [Shift Scheduler Demo] [           main] org.hibernate.SQL                        : select di1_0.id,di1_0.is_active,di1_0.created_at,di1_0.date,di1_0.day_of_week,di1_0.end_time,di1_0.required_seats,di1_0.skill_id,di1_0.sort_order,di1_0.start_time,di1_0.updated_at from demand_intervals di1_0 where (di1_0.date=? or (di1_0.date is null and di1_0.day_of_week=?)) and (di1_0.is_active=1 or di1_0.is_active is null) and di1_0.skill_id is not null
Hibernate: select di1_0.id,di1_0.is_active,di1_0.created_at,di1_0.date,di1_0.day_of_week,di1_0.end_time,di1_0.required_seats,di1_0.skill_id,di1_0.sort_order,di1_0.start_time,di1_0.updated_at from demand_intervals di1_0 where (di1_0.date=? or (di1_0.date is null and di1_0.day_of_week=?)) and (di1_0.is_active=1 or di1_0.is_active is null) and di1_0.skill_id is not null
2025-10-25T10:10:39.780+09:00 DEBUG 16416 --- [Shift Scheduler Demo] [           main] org.hibernate.SQL                        : select di1_0.id,di1_0.is_active,di1_0.created_at,di1_0.date,di1_0.day_of_week,di1_0.end_time,di1_0.required_seats,di1_0.skill_id,di1_0.sort_order,di1_0.start_time,di1_0.updated_at from demand_intervals di1_0 where (di1_0.date=? or (di1_0.date is null and di1_0.day_of_week=?)) and (di1_0.is_active=1 or di1_0.is_active is null) and di1_0.skill_id is not null
Hibernate: select di1_0.id,di1_0.is_active,di1_0.created_at,di1_0.date,di1_0.day_of_week,di1_0.end_time,di1_0.required_seats,di1_0.skill_id,di1_0.sort_order,di1_0.start_time,di1_0.updated_at from demand_intervals di1_0 where (di1_0.date=? or (di1_0.date is null and di1_0.day_of_week=?)) and (di1_0.is_active=1 or di1_0.is_active is null) and di1_0.skill_id is not null
2025-10-25T10:10:39.784+09:00 DEBUG 16416 --- [Shift Scheduler Demo] [           main] org.hibernate.SQL                        : select di1_0.id,di1_0.is_active,di1_0.created_at,di1_0.date,di1_0.day_of_week,di1_0.end_time,di1_0.required_seats,di1_0.skill_id,di1_0.sort_order,di1_0.start_time,di1_0.updated_at from demand_intervals di1_0 where (di1_0.date=? or (di1_0.date is null and di1_0.day_of_week=?)) and (di1_0.is_active=1 or di1_0.is_active is null) and di1_0.skill_id is not null
Hibernate: select di1_0.id,di1_0.is_active,di1_0.created_at,di1_0.date,di1_0.day_of_week,di1_0.end_time,di1_0.required_seats,di1_0.skill_id,di1_0.sort_order,di1_0.start_time,di1_0.updated_at from demand_intervals di1_0 where (di1_0.date=? or (di1_0.date is null and di1_0.day_of_week=?)) and (di1_0.is_active=1 or di1_0.is_active is null) and di1_0.skill_id is not null
2025-10-25T10:10:39.787+09:00 DEBUG 16416 --- [Shift Scheduler Demo] [           main] org.hibernate.SQL                        : select di1_0.id,di1_0.is_active,di1_0.created_at,di1_0.date,di1_0.day_of_week,di1_0.end_time,di1_0.required_seats,di1_0.skill_id,di1_0.sort_order,di1_0.start_time,di1_0.updated_at from demand_intervals di1_0 where (di1_0.date=? or (di1_0.date is null and di1_0.day_of_week=?)) and (di1_0.is_active=1 or di1_0.is_active is null) and di1_0.skill_id is not null
Hibernate: select di1_0.id,di1_0.is_active,di1_0.created_at,di1_0.date,di1_0.day_of_week,di1_0.end_time,di1_0.required_seats,di1_0.skill_id,di1_0.sort_order,di1_0.start_time,di1_0.updated_at from demand_intervals di1_0 where (di1_0.date=? or (di1_0.date is null and di1_0.day_of_week=?)) and (di1_0.is_active=1 or di1_0.is_active is null) and di1_0.skill_id is not null
2025-10-25T10:10:39.789+09:00 DEBUG 16416 --- [Shift Scheduler Demo] [           main] org.hibernate.SQL                        : select di1_0.id,di1_0.is_active,di1_0.created_at,di1_0.date,di1_0.day_of_week,di1_0.end_time,di1_0.required_seats,di1_0.skill_id,di1_0.sort_order,di1_0.start_time,di1_0.updated_at from demand_intervals di1_0 where (di1_0.date=? or (di1_0.date is null and di1_0.day_of_week=?)) and (di1_0.is_active=1 or di1_0.is_active is null) and di1_0.skill_id is not null
Hibernate: select di1_0.id,di1_0.is_active,di1_0.created_at,di1_0.date,di1_0.day_of_week,di1_0.end_time,di1_0.required_seats,di1_0.skill_id,di1_0.sort_order,di1_0.start_time,di1_0.updated_at from demand_intervals di1_0 where (di1_0.date=? or (di1_0.date is null and di1_0.day_of_week=?)) and (di1_0.is_active=1 or di1_0.is_active is null) and di1_0.skill_id is not null
2025-10-25T10:10:39.791+09:00 DEBUG 16416 --- [Shift Scheduler Demo] [           main] org.hibernate.SQL                        : select di1_0.id,di1_0.is_active,di1_0.created_at,di1_0.date,di1_0.day_of_week,di1_0.end_time,di1_0.required_seats,di1_0.skill_id,di1_0.sort_order,di1_0.start_time,di1_0.updated_at from demand_intervals di1_0 where (di1_0.date=? or (di1_0.date is null and di1_0.day_of_week=?)) and (di1_0.is_active=1 or di1_0.is_active is null) and di1_0.skill_id is not null
Hibernate: select di1_0.id,di1_0.is_active,di1_0.created_at,di1_0.date,di1_0.day_of_week,di1_0.end_time,di1_0.required_seats,di1_0.skill_id,di1_0.sort_order,di1_0.start_time,di1_0.updated_at from demand_intervals di1_0 where (di1_0.date=? or (di1_0.date is null and di1_0.day_of_week=?)) and (di1_0.is_active=1 or di1_0.is_active is null) and di1_0.skill_id is not null
2025-10-25T10:10:39.793+09:00 DEBUG 16416 --- [Shift Scheduler Demo] [           main] org.hibernate.SQL                        : select di1_0.id,di1_0.is_active,di1_0.created_at,di1_0.date,di1_0.day_of_week,di1_0.end_time,di1_0.required_seats,di1_0.skill_id,di1_0.sort_order,di1_0.start_time,di1_0.updated_at from demand_intervals di1_0 where (di1_0.date=? or (di1_0.date is null and di1_0.day_of_week=?)) and (di1_0.is_active=1 or di1_0.is_active is null) and di1_0.skill_id is not null
Hibernate: select di1_0.id,di1_0.is_active,di1_0.created_at,di1_0.date,di1_0.day_of_week,di1_0.end_time,di1_0.required_seats,di1_0.skill_id,di1_0.sort_order,di1_0.start_time,di1_0.updated_at from demand_intervals di1_0 where (di1_0.date=? or (di1_0.date is null and di1_0.day_of_week=?)) and (di1_0.is_active=1 or di1_0.is_active is null) and di1_0.skill_id is not null
2025-10-25T10:10:39.805+09:00 DEBUG 16416 --- [Shift Scheduler Demo] [           main] org.hibernate.SQL                        : select di1_0.id,di1_0.is_active,di1_0.created_at,di1_0.date,di1_0.day_of_week,di1_0.end_time,di1_0.required_seats,di1_0.skill_id,di1_0.sort_order,di1_0.start_time,di1_0.updated_at from demand_intervals di1_0 where (di1_0.date=? or (di1_0.date is null and di1_0.day_of_week=?)) and (di1_0.is_active=1 or di1_0.is_active is null) and di1_0.skill_id is not null
Hibernate: select di1_0.id,di1_0.is_active,di1_0.created_at,di1_0.date,di1_0.day_of_week,di1_0.end_time,di1_0.required_seats,di1_0.skill_id,di1_0.sort_order,di1_0.start_time,di1_0.updated_at from demand_intervals di1_0 where (di1_0.date=? or (di1_0.date is null and di1_0.day_of_week=?)) and (di1_0.is_active=1 or di1_0.is_active is null) and di1_0.skill_id is not null
2025-10-25T10:10:39.808+09:00 DEBUG 16416 --- [Shift Scheduler Demo] [           main] org.hibernate.SQL                        : select di1_0.id,di1_0.is_active,di1_0.created_at,di1_0.date,di1_0.day_of_week,di1_0.end_time,di1_0.required_seats,di1_0.skill_id,di1_0.sort_order,di1_0.start_time,di1_0.updated_at from demand_intervals di1_0 where (di1_0.date=? or (di1_0.date is null and di1_0.day_of_week=?)) and (di1_0.is_active=1 or di1_0.is_active is null) and di1_0.skill_id is not null
Hibernate: select di1_0.id,di1_0.is_active,di1_0.created_at,di1_0.date,di1_0.day_of_week,di1_0.end_time,di1_0.required_seats,di1_0.skill_id,di1_0.sort_order,di1_0.start_time,di1_0.updated_at from demand_intervals di1_0 where (di1_0.date=? or (di1_0.date is null and di1_0.day_of_week=?)) and (di1_0.is_active=1 or di1_0.is_active is null) and di1_0.skill_id is not null
2025-10-25T10:10:39.812+09:00 DEBUG 16416 --- [Shift Scheduler Demo] [           main] org.hibernate.SQL                        : select di1_0.id,di1_0.is_active,di1_0.created_at,di1_0.date,di1_0.day_of_week,di1_0.end_time,di1_0.required_seats,di1_0.skill_id,di1_0.sort_order,di1_0.start_time,di1_0.updated_at from demand_intervals di1_0 where (di1_0.date=? or (di1_0.date is null and di1_0.day_of_week=?)) and (di1_0.is_active=1 or di1_0.is_active is null) and di1_0.skill_id is not null
Hibernate: select di1_0.id,di1_0.is_active,di1_0.created_at,di1_0.date,di1_0.day_of_week,di1_0.end_time,di1_0.required_seats,di1_0.skill_id,di1_0.sort_order,di1_0.start_time,di1_0.updated_at from demand_intervals di1_0 where (di1_0.date=? or (di1_0.date is null and di1_0.day_of_week=?)) and (di1_0.is_active=1 or di1_0.is_active is null) and di1_0.skill_id is not null
2025-10-25T10:10:39.814+09:00 DEBUG 16416 --- [Shift Scheduler Demo] [           main] org.hibernate.SQL                        : select di1_0.id,di1_0.is_active,di1_0.created_at,di1_0.date,di1_0.day_of_week,di1_0.end_time,di1_0.required_seats,di1_0.skill_id,di1_0.sort_order,di1_0.start_time,di1_0.updated_at from demand_intervals di1_0 where (di1_0.date=? or (di1_0.date is null and di1_0.day_of_week=?)) and (di1_0.is_active=1 or di1_0.is_active is null) and di1_0.skill_id is not null
Hibernate: select di1_0.id,di1_0.is_active,di1_0.created_at,di1_0.date,di1_0.day_of_week,di1_0.end_time,di1_0.required_seats,di1_0.skill_id,di1_0.sort_order,di1_0.start_time,di1_0.updated_at from demand_intervals di1_0 where (di1_0.date=? or (di1_0.date is null and di1_0.day_of_week=?)) and (di1_0.is_active=1 or di1_0.is_active is null) and di1_0.skill_id is not null
2025-10-25T10:10:39.816+09:00 DEBUG 16416 --- [Shift Scheduler Demo] [           main] org.hibernate.SQL                        : select di1_0.id,di1_0.is_active,di1_0.created_at,di1_0.date,di1_0.day_of_week,di1_0.end_time,di1_0.required_seats,di1_0.skill_id,di1_0.sort_order,di1_0.start_time,di1_0.updated_at from demand_intervals di1_0 where (di1_0.date=? or (di1_0.date is null and di1_0.day_of_week=?)) and (di1_0.is_active=1 or di1_0.is_active is null) and di1_0.skill_id is not null
Hibernate: select di1_0.id,di1_0.is_active,di1_0.created_at,di1_0.date,di1_0.day_of_week,di1_0.end_time,di1_0.required_seats,di1_0.skill_id,di1_0.sort_order,di1_0.start_time,di1_0.updated_at from demand_intervals di1_0 where (di1_0.date=? or (di1_0.date is null and di1_0.day_of_week=?)) and (di1_0.is_active=1 or di1_0.is_active is null) and di1_0.skill_id is not null
2025-10-25T10:10:39.818+09:00 DEBUG 16416 --- [Shift Scheduler Demo] [           main] org.hibernate.SQL                        : select di1_0.id,di1_0.is_active,di1_0.created_at,di1_0.date,di1_0.day_of_week,di1_0.end_time,di1_0.required_seats,di1_0.skill_id,di1_0.sort_order,di1_0.start_time,di1_0.updated_at from demand_intervals di1_0 where (di1_0.date=? or (di1_0.date is null and di1_0.day_of_week=?)) and (di1_0.is_active=1 or di1_0.is_active is null) and di1_0.skill_id is not null
Hibernate: select di1_0.id,di1_0.is_active,di1_0.created_at,di1_0.date,di1_0.day_of_week,di1_0.end_time,di1_0.required_seats,di1_0.skill_id,di1_0.sort_order,di1_0.start_time,di1_0.updated_at from demand_intervals di1_0 where (di1_0.date=? or (di1_0.date is null and di1_0.day_of_week=?)) and (di1_0.is_active=1 or di1_0.is_active is null) and di1_0.skill_id is not null
2025-10-25T10:10:39.820+09:00 DEBUG 16416 --- [Shift Scheduler Demo] [           main] org.hibernate.SQL                        : select di1_0.id,di1_0.is_active,di1_0.created_at,di1_0.date,di1_0.day_of_week,di1_0.end_time,di1_0.required_seats,di1_0.skill_id,di1_0.sort_order,di1_0.start_time,di1_0.updated_at from demand_intervals di1_0 where (di1_0.date=? or (di1_0.date is null and di1_0.day_of_week=?)) and (di1_0.is_active=1 or di1_0.is_active is null) and di1_0.skill_id is not null
Hibernate: select di1_0.id,di1_0.is_active,di1_0.created_at,di1_0.date,di1_0.day_of_week,di1_0.end_time,di1_0.required_seats,di1_0.skill_id,di1_0.sort_order,di1_0.start_time,di1_0.updated_at from demand_intervals di1_0 where (di1_0.date=? or (di1_0.date is null and di1_0.day_of_week=?)) and (di1_0.is_active=1 or di1_0.is_active is null) and di1_0.skill_id is not null
2025-10-25T10:10:39.822+09:00 DEBUG 16416 --- [Shift Scheduler Demo] [           main] org.hibernate.SQL                        : select di1_0.id,di1_0.is_active,di1_0.created_at,di1_0.date,di1_0.day_of_week,di1_0.end_time,di1_0.required_seats,di1_0.skill_id,di1_0.sort_order,di1_0.start_time,di1_0.updated_at from demand_intervals di1_0 where (di1_0.date=? or (di1_0.date is null and di1_0.day_of_week=?)) and (di1_0.is_active=1 or di1_0.is_active is null) and di1_0.skill_id is not null
Hibernate: select di1_0.id,di1_0.is_active,di1_0.created_at,di1_0.date,di1_0.day_of_week,di1_0.end_time,di1_0.required_seats,di1_0.skill_id,di1_0.sort_order,di1_0.start_time,di1_0.updated_at from demand_intervals di1_0 where (di1_0.date=? or (di1_0.date is null and di1_0.day_of_week=?)) and (di1_0.is_active=1 or di1_0.is_active is null) and di1_0.skill_id is not null
2025-10-25T10:10:39.824+09:00 DEBUG 16416 --- [Shift Scheduler Demo] [           main] org.hibernate.SQL                        : select di1_0.id,di1_0.is_active,di1_0.created_at,di1_0.date,di1_0.day_of_week,di1_0.end_time,di1_0.required_seats,di1_0.skill_id,di1_0.sort_order,di1_0.start_time,di1_0.updated_at from demand_intervals di1_0 where (di1_0.date=? or (di1_0.date is null and di1_0.day_of_week=?)) and (di1_0.is_active=1 or di1_0.is_active is null) and di1_0.skill_id is not null
Hibernate: select di1_0.id,di1_0.is_active,di1_0.created_at,di1_0.date,di1_0.day_of_week,di1_0.end_time,di1_0.required_seats,di1_0.skill_id,di1_0.sort_order,di1_0.start_time,di1_0.updated_at from demand_intervals di1_0 where (di1_0.date=? or (di1_0.date is null and di1_0.day_of_week=?)) and (di1_0.is_active=1 or di1_0.is_active is null) and di1_0.skill_id is not null
2025-10-25T10:10:39.826+09:00 DEBUG 16416 --- [Shift Scheduler Demo] [           main] org.hibernate.SQL                        : select di1_0.id,di1_0.is_active,di1_0.created_at,di1_0.date,di1_0.day_of_week,di1_0.end_time,di1_0.required_seats,di1_0.skill_id,di1_0.sort_order,di1_0.start_time,di1_0.updated_at from demand_intervals di1_0 where (di1_0.date=? or (di1_0.date is null and di1_0.day_of_week=?)) and (di1_0.is_active=1 or di1_0.is_active is null) and di1_0.skill_id is not null
Hibernate: select di1_0.id,di1_0.is_active,di1_0.created_at,di1_0.date,di1_0.day_of_week,di1_0.end_time,di1_0.required_seats,di1_0.skill_id,di1_0.sort_order,di1_0.start_time,di1_0.updated_at from demand_intervals di1_0 where (di1_0.date=? or (di1_0.date is null and di1_0.day_of_week=?)) and (di1_0.is_active=1 or di1_0.is_active is null) and di1_0.skill_id is not null
2025-10-25T10:10:39.829+09:00 DEBUG 16416 --- [Shift Scheduler Demo] [           main] org.hibernate.SQL                        : select di1_0.id,di1_0.is_active,di1_0.created_at,di1_0.date,di1_0.day_of_week,di1_0.end_time,di1_0.required_seats,di1_0.skill_id,di1_0.sort_order,di1_0.start_time,di1_0.updated_at from demand_intervals di1_0 where (di1_0.date=? or (di1_0.date is null and di1_0.day_of_week=?)) and (di1_0.is_active=1 or di1_0.is_active is null) and di1_0.skill_id is not null
Hibernate: select di1_0.id,di1_0.is_active,di1_0.created_at,di1_0.date,di1_0.day_of_week,di1_0.end_time,di1_0.required_seats,di1_0.skill_id,di1_0.sort_order,di1_0.start_time,di1_0.updated_at from demand_intervals di1_0 where (di1_0.date=? or (di1_0.date is null and di1_0.day_of_week=?)) and (di1_0.is_active=1 or di1_0.is_active is null) and di1_0.skill_id is not null
2025-10-25T10:10:39.832+09:00 DEBUG 16416 --- [Shift Scheduler Demo] [           main] org.hibernate.SQL                        : select di1_0.id,di1_0.is_active,di1_0.created_at,di1_0.date,di1_0.day_of_week,di1_0.end_time,di1_0.required_seats,di1_0.skill_id,di1_0.sort_order,di1_0.start_time,di1_0.updated_at from demand_intervals di1_0 where (di1_0.date=? or (di1_0.date is null and di1_0.day_of_week=?)) and (di1_0.is_active=1 or di1_0.is_active is null) and di1_0.skill_id is not null
Hibernate: select di1_0.id,di1_0.is_active,di1_0.created_at,di1_0.date,di1_0.day_of_week,di1_0.end_time,di1_0.required_seats,di1_0.skill_id,di1_0.sort_order,di1_0.start_time,di1_0.updated_at from demand_intervals di1_0 where (di1_0.date=? or (di1_0.date is null and di1_0.day_of_week=?)) and (di1_0.is_active=1 or di1_0.is_active is null) and di1_0.skill_id is not null
2025-10-25T10:10:39.834+09:00 DEBUG 16416 --- [Shift Scheduler Demo] [           main] org.hibernate.SQL                        : select di1_0.id,di1_0.is_active,di1_0.created_at,di1_0.date,di1_0.day_of_week,di1_0.end_time,di1_0.required_seats,di1_0.skill_id,di1_0.sort_order,di1_0.start_time,di1_0.updated_at from demand_intervals di1_0 where (di1_0.date=? or (di1_0.date is null and di1_0.day_of_week=?)) and (di1_0.is_active=1 or di1_0.is_active is null) and di1_0.skill_id is not null
Hibernate: select di1_0.id,di1_0.is_active,di1_0.created_at,di1_0.date,di1_0.day_of_week,di1_0.end_time,di1_0.required_seats,di1_0.skill_id,di1_0.sort_order,di1_0.start_time,di1_0.updated_at from demand_intervals di1_0 where (di1_0.date=? or (di1_0.date is null and di1_0.day_of_week=?)) and (di1_0.is_active=1 or di1_0.is_active is null) and di1_0.skill_id is not null
2025-10-25T10:10:39.837+09:00 DEBUG 16416 --- [Shift Scheduler Demo] [           main] org.hibernate.SQL                        : select di1_0.id,di1_0.is_active,di1_0.created_at,di1_0.date,di1_0.day_of_week,di1_0.end_time,di1_0.required_seats,di1_0.skill_id,di1_0.sort_order,di1_0.start_time,di1_0.updated_at from demand_intervals di1_0 where (di1_0.date=? or (di1_0.date is null and di1_0.day_of_week=?)) and (di1_0.is_active=1 or di1_0.is_active is null) and di1_0.skill_id is not null
Hibernate: select di1_0.id,di1_0.is_active,di1_0.created_at,di1_0.date,di1_0.day_of_week,di1_0.end_time,di1_0.required_seats,di1_0.skill_id,di1_0.sort_order,di1_0.start_time,di1_0.updated_at from demand_intervals di1_0 where (di1_0.date=? or (di1_0.date is null and di1_0.day_of_week=?)) and (di1_0.is_active=1 or di1_0.is_active is null) and di1_0.skill_id is not null
2025-10-25T10:10:39.840+09:00 DEBUG 16416 --- [Shift Scheduler Demo] [           main] org.hibernate.SQL                        : select di1_0.id,di1_0.is_active,di1_0.created_at,di1_0.date,di1_0.day_of_week,di1_0.end_time,di1_0.required_seats,di1_0.skill_id,di1_0.sort_order,di1_0.start_time,di1_0.updated_at from demand_intervals di1_0 where (di1_0.date=? or (di1_0.date is null and di1_0.day_of_week=?)) and (di1_0.is_active=1 or di1_0.is_active is null) and di1_0.skill_id is not null
Hibernate: select di1_0.id,di1_0.is_active,di1_0.created_at,di1_0.date,di1_0.day_of_week,di1_0.end_time,di1_0.required_seats,di1_0.skill_id,di1_0.sort_order,di1_0.start_time,di1_0.updated_at from demand_intervals di1_0 where (di1_0.date=? or (di1_0.date is null and di1_0.day_of_week=?)) and (di1_0.is_active=1 or di1_0.is_active is null) and di1_0.skill_id is not null
2025-10-25T10:10:39.842+09:00 DEBUG 16416 --- [Shift Scheduler Demo] [           main] org.hibernate.SQL                        : select di1_0.id,di1_0.is_active,di1_0.created_at,di1_0.date,di1_0.day_of_week,di1_0.end_time,di1_0.required_seats,di1_0.skill_id,di1_0.sort_order,di1_0.start_time,di1_0.updated_at from demand_intervals di1_0 where (di1_0.date=? or (di1_0.date is null and di1_0.day_of_week=?)) and (di1_0.is_active=1 or di1_0.is_active is null) and di1_0.skill_id is not null
Hibernate: select di1_0.id,di1_0.is_active,di1_0.created_at,di1_0.date,di1_0.day_of_week,di1_0.end_time,di1_0.required_seats,di1_0.skill_id,di1_0.sort_order,di1_0.start_time,di1_0.updated_at from demand_intervals di1_0 where (di1_0.date=? or (di1_0.date is null and di1_0.day_of_week=?)) and (di1_0.is_active=1 or di1_0.is_active is null) and di1_0.skill_id is not null
2025-10-25T10:10:39.843+09:00 DEBUG 16416 --- [Shift Scheduler Demo] [           main] org.hibernate.SQL                        : select di1_0.id,di1_0.is_active,di1_0.created_at,di1_0.date,di1_0.day_of_week,di1_0.end_time,di1_0.required_seats,di1_0.skill_id,di1_0.sort_order,di1_0.start_time,di1_0.updated_at from demand_intervals di1_0 where (di1_0.date=? or (di1_0.date is null and di1_0.day_of_week=?)) and (di1_0.is_active=1 or di1_0.is_active is null) and di1_0.skill_id is not null
Hibernate: select di1_0.id,di1_0.is_active,di1_0.created_at,di1_0.date,di1_0.day_of_week,di1_0.end_time,di1_0.required_seats,di1_0.skill_id,di1_0.sort_order,di1_0.start_time,di1_0.updated_at from demand_intervals di1_0 where (di1_0.date=? or (di1_0.date is null and di1_0.day_of_week=?)) and (di1_0.is_active=1 or di1_0.is_active is null) and di1_0.skill_id is not null
2025-10-25T10:10:39.847+09:00 DEBUG 16416 --- [Shift Scheduler Demo] [           main] org.hibernate.SQL                        : select di1_0.id,di1_0.is_active,di1_0.created_at,di1_0.date,di1_0.day_of_week,di1_0.end_time,di1_0.required_seats,di1_0.skill_id,di1_0.sort_order,di1_0.start_time,di1_0.updated_at from demand_intervals di1_0 where (di1_0.date=? or (di1_0.date is null and di1_0.day_of_week=?)) and (di1_0.is_active=1 or di1_0.is_active is null) and di1_0.skill_id is not null
Hibernate: select di1_0.id,di1_0.is_active,di1_0.created_at,di1_0.date,di1_0.day_of_week,di1_0.end_time,di1_0.required_seats,di1_0.skill_id,di1_0.sort_order,di1_0.start_time,di1_0.updated_at from demand_intervals di1_0 where (di1_0.date=? or (di1_0.date is null and di1_0.day_of_week=?)) and (di1_0.is_active=1 or di1_0.is_active is null) and di1_0.skill_id is not null
2025-10-25T10:10:39.850+09:00 DEBUG 16416 --- [Shift Scheduler Demo] [           main] org.hibernate.SQL                        : select di1_0.id,di1_0.is_active,di1_0.created_at,di1_0.date,di1_0.day_of_week,di1_0.end_time,di1_0.required_seats,di1_0.skill_id,di1_0.sort_order,di1_0.start_time,di1_0.updated_at from demand_intervals di1_0 where (di1_0.date=? or (di1_0.date is null and di1_0.day_of_week=?)) and (di1_0.is_active=1 or di1_0.is_active is null) and di1_0.skill_id is not null
Hibernate: select di1_0.id,di1_0.is_active,di1_0.created_at,di1_0.date,di1_0.day_of_week,di1_0.end_time,di1_0.required_seats,di1_0.skill_id,di1_0.sort_order,di1_0.start_time,di1_0.updated_at from demand_intervals di1_0 where (di1_0.date=? or (di1_0.date is null and di1_0.day_of_week=?)) and (di1_0.is_active=1 or di1_0.is_active is null) and di1_0.skill_id is not null
2025-10-25T10:10:39.853+09:00 DEBUG 16416 --- [Shift Scheduler Demo] [           main] org.hibernate.SQL                        : select di1_0.id,di1_0.is_active,di1_0.created_at,di1_0.date,di1_0.day_of_week,di1_0.end_time,di1_0.required_seats,di1_0.skill_id,di1_0.sort_order,di1_0.start_time,di1_0.updated_at from demand_intervals di1_0 where (di1_0.date=? or (di1_0.date is null and di1_0.day_of_week=?)) and (di1_0.is_active=1 or di1_0.is_active is null) and di1_0.skill_id is not null
Hibernate: select di1_0.id,di1_0.is_active,di1_0.created_at,di1_0.date,di1_0.day_of_week,di1_0.end_time,di1_0.required_seats,di1_0.skill_id,di1_0.sort_order,di1_0.start_time,di1_0.updated_at from demand_intervals di1_0 where (di1_0.date=? or (di1_0.date is null and di1_0.day_of_week=?)) and (di1_0.is_active=1 or di1_0.is_active is null) and di1_0.skill_id is not null
2025-10-25T10:10:39.855+09:00 DEBUG 16416 --- [Shift Scheduler Demo] [           main] org.hibernate.SQL                        : select di1_0.id,di1_0.is_active,di1_0.created_at,di1_0.date,di1_0.day_of_week,di1_0.end_time,di1_0.required_seats,di1_0.skill_id,di1_0.sort_order,di1_0.start_time,di1_0.updated_at from demand_intervals di1_0 where (di1_0.date=? or (di1_0.date is null and di1_0.day_of_week=?)) and (di1_0.is_active=1 or di1_0.is_active is null) and di1_0.skill_id is not null
Hibernate: select di1_0.id,di1_0.is_active,di1_0.created_at,di1_0.date,di1_0.day_of_week,di1_0.end_time,di1_0.required_seats,di1_0.skill_id,di1_0.sort_order,di1_0.start_time,di1_0.updated_at from demand_intervals di1_0 where (di1_0.date=? or (di1_0.date is null and di1_0.day_of_week=?)) and (di1_0.is_active=1 or di1_0.is_active is null) and di1_0.skill_id is not null
2025-10-25T10:10:39.857+09:00 DEBUG 16416 --- [Shift Scheduler Demo] [           main] org.hibernate.SQL                        : select di1_0.id,di1_0.is_active,di1_0.created_at,di1_0.date,di1_0.day_of_week,di1_0.end_time,di1_0.required_seats,di1_0.skill_id,di1_0.sort_order,di1_0.start_time,di1_0.updated_at from demand_intervals di1_0 where (di1_0.date=? or (di1_0.date is null and di1_0.day_of_week=?)) and (di1_0.is_active=1 or di1_0.is_active is null) and di1_0.skill_id is not null
Hibernate: select di1_0.id,di1_0.is_active,di1_0.created_at,di1_0.date,di1_0.day_of_week,di1_0.end_time,di1_0.required_seats,di1_0.skill_id,di1_0.sort_order,di1_0.start_time,di1_0.updated_at from demand_intervals di1_0 where (di1_0.date=? or (di1_0.date is null and di1_0.day_of_week=?)) and (di1_0.is_active=1 or di1_0.is_active is null) and di1_0.skill_id is not null
2025-10-25T10:10:39.870+09:00 DEBUG 16416 --- [Shift Scheduler Demo] [           main] org.hibernate.SQL                        : insert into shift_assignments (employee_id,end_time,shift_name,start_time,work_date) values (?,?,?,?,?)
Hibernate: insert into shift_assignments (employee_id,end_time,shift_name,start_time,work_date) values (?,?,?,?,?)
2025-10-25T10:10:39.873+09:00 DEBUG 16416 --- [Shift Scheduler Demo] [           main] org.hibernate.SQL                        : select last_insert_rowid()
Hibernate: select last_insert_rowid()
2025-10-25T10:10:39.883+09:00 DEBUG 16416 --- [Shift Scheduler Demo] [           main] org.hibernate.SQL                        : insert into shift_assignments (employee_id,end_time,shift_name,start_time,work_date) values (?,?,?,?,?)
Hibernate: insert into shift_assignments (employee_id,end_time,shift_name,start_time,work_date) values (?,?,?,?,?)
2025-10-25T10:10:39.884+09:00 DEBUG 16416 --- [Shift Scheduler Demo] [           main] org.hibernate.SQL                        : select last_insert_rowid()
Hibernate: select last_insert_rowid()
2025-10-25T10:10:39.884+09:00 DEBUG 16416 --- [Shift Scheduler Demo] [           main] org.hibernate.SQL                        : insert into shift_assignments (employee_id,end_time,shift_name,start_time,work_date) values (?,?,?,?,?)
Hibernate: insert into shift_assignments (employee_id,end_time,shift_name,start_time,work_date) values (?,?,?,?,?)
2025-10-25T10:10:39.885+09:00 DEBUG 16416 --- [Shift Scheduler Demo] [           main] org.hibernate.SQL                        : select last_insert_rowid()
Hibernate: select last_insert_rowid()
2025-10-25T10:10:39.885+09:00 DEBUG 16416 --- [Shift Scheduler Demo] [           main] org.hibernate.SQL                        : insert into shift_assignments (employee_id,end_time,shift_name,start_time,work_date) values (?,?,?,?,?)
Hibernate: insert into shift_assignments (employee_id,end_time,shift_name,start_time,work_date) values (?,?,?,?,?)
2025-10-25T10:10:39.886+09:00 DEBUG 16416 --- [Shift Scheduler Demo] [           main] org.hibernate.SQL                        : select last_insert_rowid()
Hibernate: select last_insert_rowid()
2025-10-25T10:10:39.887+09:00 DEBUG 16416 --- [Shift Scheduler Demo] [           main] org.hibernate.SQL                        : insert into shift_assignments (employee_id,end_time,shift_name,start_time,work_date) values (?,?,?,?,?)
Hibernate: insert into shift_assignments (employee_id,end_time,shift_name,start_time,work_date) values (?,?,?,?,?)
2025-10-25T10:10:39.887+09:00 DEBUG 16416 --- [Shift Scheduler Demo] [           main] org.hibernate.SQL                        : select last_insert_rowid()
Hibernate: select last_insert_rowid()
2025-10-25T10:10:39.888+09:00 DEBUG 16416 --- [Shift Scheduler Demo] [           main] org.hibernate.SQL                        : insert into shift_assignments (employee_id,end_time,shift_name,start_time,work_date) values (?,?,?,?,?)
Hibernate: insert into shift_assignments (employee_id,end_time,shift_name,start_time,work_date) values (?,?,?,?,?)
2025-10-25T10:10:39.888+09:00 DEBUG 16416 --- [Shift Scheduler Demo] [           main] org.hibernate.SQL                        : select last_insert_rowid()
Hibernate: select last_insert_rowid()
2025-10-25T10:10:39.889+09:00 DEBUG 16416 --- [Shift Scheduler Demo] [           main] org.hibernate.SQL                        : insert into shift_assignments (employee_id,end_time,shift_name,start_time,work_date) values (?,?,?,?,?)
Hibernate: insert into shift_assignments (employee_id,end_time,shift_name,start_time,work_date) values (?,?,?,?,?)
2025-10-25T10:10:39.889+09:00 DEBUG 16416 --- [Shift Scheduler Demo] [           main] org.hibernate.SQL                        : select last_insert_rowid()
Hibernate: select last_insert_rowid()
2025-10-25T10:10:39.890+09:00 DEBUG 16416 --- [Shift Scheduler Demo] [           main] org.hibernate.SQL                        : insert into shift_assignments (employee_id,end_time,shift_name,start_time,work_date) values (?,?,?,?,?)
Hibernate: insert into shift_assignments (employee_id,end_time,shift_name,start_time,work_date) values (?,?,?,?,?)
2025-10-25T10:10:39.890+09:00 DEBUG 16416 --- [Shift Scheduler Demo] [           main] org.hibernate.SQL                        : select last_insert_rowid()
Hibernate: select last_insert_rowid()
2025-10-25T10:10:39.890+09:00 DEBUG 16416 --- [Shift Scheduler Demo] [           main] org.hibernate.SQL                        : insert into shift_assignments (employee_id,end_time,shift_name,start_time,work_date) values (?,?,?,?,?)
Hibernate: insert into shift_assignments (employee_id,end_time,shift_name,start_time,work_date) values (?,?,?,?,?)
2025-10-25T10:10:39.891+09:00 DEBUG 16416 --- [Shift Scheduler Demo] [           main] org.hibernate.SQL                        : select last_insert_rowid()
Hibernate: select last_insert_rowid()
2025-10-25T10:10:39.891+09:00 DEBUG 16416 --- [Shift Scheduler Demo] [           main] org.hibernate.SQL                        : insert into shift_assignments (employee_id,end_time,shift_name,start_time,work_date) values (?,?,?,?,?)
Hibernate: insert into shift_assignments (employee_id,end_time,shift_name,start_time,work_date) values (?,?,?,?,?)
2025-10-25T10:10:39.892+09:00 DEBUG 16416 --- [Shift Scheduler Demo] [           main] org.hibernate.SQL                        : select last_insert_rowid()
Hibernate: select last_insert_rowid()
2025-10-25T10:10:39.892+09:00 DEBUG 16416 --- [Shift Scheduler Demo] [           main] org.hibernate.SQL                        : insert into shift_assignments (employee_id,end_time,shift_name,start_time,work_date) values (?,?,?,?,?)
Hibernate: insert into shift_assignments (employee_id,end_time,shift_name,start_time,work_date) values (?,?,?,?,?)
2025-10-25T10:10:39.893+09:00 DEBUG 16416 --- [Shift Scheduler Demo] [           main] org.hibernate.SQL                        : select last_insert_rowid()
Hibernate: select last_insert_rowid()
2025-10-25T10:10:39.893+09:00 DEBUG 16416 --- [Shift Scheduler Demo] [           main] org.hibernate.SQL                        : insert into shift_assignments (employee_id,end_time,shift_name,start_time,work_date) values (?,?,?,?,?)
Hibernate: insert into shift_assignments (employee_id,end_time,shift_name,start_time,work_date) values (?,?,?,?,?)
2025-10-25T10:10:39.893+09:00 DEBUG 16416 --- [Shift Scheduler Demo] [           main] org.hibernate.SQL                        : select last_insert_rowid()
Hibernate: select last_insert_rowid()
2025-10-25T10:10:39.893+09:00 DEBUG 16416 --- [Shift Scheduler Demo] [           main] org.hibernate.SQL                        : insert into shift_assignments (employee_id,end_time,shift_name,start_time,work_date) values (?,?,?,?,?)
Hibernate: insert into shift_assignments (employee_id,end_time,shift_name,start_time,work_date) values (?,?,?,?,?)
2025-10-25T10:10:39.893+09:00 DEBUG 16416 --- [Shift Scheduler Demo] [           main] org.hibernate.SQL                        : select last_insert_rowid()
Hibernate: select last_insert_rowid()
2025-10-25T10:10:39.893+09:00 DEBUG 16416 --- [Shift Scheduler Demo] [           main] org.hibernate.SQL                        : insert into shift_assignments (employee_id,end_time,shift_name,start_time,work_date) values (?,?,?,?,?)
Hibernate: insert into shift_assignments (employee_id,end_time,shift_name,start_time,work_date) values (?,?,?,?,?)
2025-10-25T10:10:39.897+09:00 DEBUG 16416 --- [Shift Scheduler Demo] [           main] org.hibernate.SQL                        : select last_insert_rowid()
Hibernate: select last_insert_rowid()
2025-10-25T10:10:39.897+09:00 DEBUG 16416 --- [Shift Scheduler Demo] [           main] org.hibernate.SQL                        : insert into shift_assignments (employee_id,end_time,shift_name,start_time,work_date) values (?,?,?,?,?)
Hibernate: insert into shift_assignments (employee_id,end_time,shift_name,start_time,work_date) values (?,?,?,?,?)
2025-10-25T10:10:39.898+09:00 DEBUG 16416 --- [Shift Scheduler Demo] [           main] org.hibernate.SQL                        : select last_insert_rowid()
Hibernate: select last_insert_rowid()
2025-10-25T10:10:39.898+09:00 DEBUG 16416 --- [Shift Scheduler Demo] [           main] org.hibernate.SQL                        : insert into shift_assignments (employee_id,end_time,shift_name,start_time,work_date) values (?,?,?,?,?)
Hibernate: insert into shift_assignments (employee_id,end_time,shift_name,start_time,work_date) values (?,?,?,?,?)
2025-10-25T10:10:39.898+09:00 DEBUG 16416 --- [Shift Scheduler Demo] [           main] org.hibernate.SQL                        : select last_insert_rowid()
Hibernate: select last_insert_rowid()
2025-10-25T10:10:39.898+09:00 DEBUG 16416 --- [Shift Scheduler Demo] [           main] org.hibernate.SQL                        : insert into shift_assignments (employee_id,end_time,shift_name,start_time,work_date) values (?,?,?,?,?)
Hibernate: insert into shift_assignments (employee_id,end_time,shift_name,start_time,work_date) values (?,?,?,?,?)
2025-10-25T10:10:39.898+09:00 DEBUG 16416 --- [Shift Scheduler Demo] [           main] org.hibernate.SQL                        : select last_insert_rowid()
Hibernate: select last_insert_rowid()
2025-10-25T10:10:39.899+09:00 DEBUG 16416 --- [Shift Scheduler Demo] [           main] org.hibernate.SQL                        : insert into shift_assignments (employee_id,end_time,shift_name,start_time,work_date) values (?,?,?,?,?)
Hibernate: insert into shift_assignments (employee_id,end_time,shift_name,start_time,work_date) values (?,?,?,?,?)
2025-10-25T10:10:39.899+09:00 DEBUG 16416 --- [Shift Scheduler Demo] [           main] org.hibernate.SQL                        : select last_insert_rowid()
Hibernate: select last_insert_rowid()
2025-10-25T10:10:39.899+09:00 DEBUG 16416 --- [Shift Scheduler Demo] [           main] org.hibernate.SQL                        : insert into shift_assignments (employee_id,end_time,shift_name,start_time,work_date) values (?,?,?,?,?)
Hibernate: insert into shift_assignments (employee_id,end_time,shift_name,start_time,work_date) values (?,?,?,?,?)
2025-10-25T10:10:39.900+09:00 DEBUG 16416 --- [Shift Scheduler Demo] [           main] org.hibernate.SQL                        : select last_insert_rowid()
Hibernate: select last_insert_rowid()
2025-10-25T10:10:39.900+09:00 DEBUG 16416 --- [Shift Scheduler Demo] [           main] org.hibernate.SQL                        : insert into shift_assignments (employee_id,end_time,shift_name,start_time,work_date) values (?,?,?,?,?)
Hibernate: insert into shift_assignments (employee_id,end_time,shift_name,start_time,work_date) values (?,?,?,?,?)
2025-10-25T10:10:39.900+09:00 DEBUG 16416 --- [Shift Scheduler Demo] [           main] org.hibernate.SQL                        : select last_insert_rowid()
Hibernate: select last_insert_rowid()
2025-10-25T10:10:39.901+09:00 DEBUG 16416 --- [Shift Scheduler Demo] [           main] org.hibernate.SQL                        : insert into shift_assignments (employee_id,end_time,shift_name,start_time,work_date) values (?,?,?,?,?)
Hibernate: insert into shift_assignments (employee_id,end_time,shift_name,start_time,work_date) values (?,?,?,?,?)
2025-10-25T10:10:39.901+09:00 DEBUG 16416 --- [Shift Scheduler Demo] [           main] org.hibernate.SQL                        : select last_insert_rowid()
Hibernate: select last_insert_rowid()
2025-10-25T10:10:39.901+09:00 DEBUG 16416 --- [Shift Scheduler Demo] [           main] org.hibernate.SQL                        : insert into shift_assignments (employee_id,end_time,shift_name,start_time,work_date) values (?,?,?,?,?)
Hibernate: insert into shift_assignments (employee_id,end_time,shift_name,start_time,work_date) values (?,?,?,?,?)
2025-10-25T10:10:39.902+09:00 DEBUG 16416 --- [Shift Scheduler Demo] [           main] org.hibernate.SQL                        : select last_insert_rowid()
Hibernate: select last_insert_rowid()
2025-10-25T10:10:39.902+09:00 DEBUG 16416 --- [Shift Scheduler Demo] [           main] org.hibernate.SQL                        : insert into shift_assignments (employee_id,end_time,shift_name,start_time,work_date) values (?,?,?,?,?)
Hibernate: insert into shift_assignments (employee_id,end_time,shift_name,start_time,work_date) values (?,?,?,?,?)
2025-10-25T10:10:39.903+09:00 DEBUG 16416 --- [Shift Scheduler Demo] [           main] org.hibernate.SQL                        : select last_insert_rowid()
Hibernate: select last_insert_rowid()
2025-10-25T10:10:39.903+09:00 DEBUG 16416 --- [Shift Scheduler Demo] [           main] org.hibernate.SQL                        : insert into shift_assignments (employee_id,end_time,shift_name,start_time,work_date) values (?,?,?,?,?)
Hibernate: insert into shift_assignments (employee_id,end_time,shift_name,start_time,work_date) values (?,?,?,?,?)
2025-10-25T10:10:39.904+09:00 DEBUG 16416 --- [Shift Scheduler Demo] [           main] org.hibernate.SQL                        : select last_insert_rowid()
Hibernate: select last_insert_rowid()
2025-10-25T10:10:39.905+09:00 DEBUG 16416 --- [Shift Scheduler Demo] [           main] org.hibernate.SQL                        : insert into shift_assignments (employee_id,end_time,shift_name,start_time,work_date) values (?,?,?,?,?)
Hibernate: insert into shift_assignments (employee_id,end_time,shift_name,start_time,work_date) values (?,?,?,?,?)
2025-10-25T10:10:39.906+09:00 DEBUG 16416 --- [Shift Scheduler Demo] [           main] org.hibernate.SQL                        : select last_insert_rowid()
Hibernate: select last_insert_rowid()
2025-10-25T10:10:39.906+09:00 DEBUG 16416 --- [Shift Scheduler Demo] [           main] org.hibernate.SQL                        : insert into shift_assignments (employee_id,end_time,shift_name,start_time,work_date) values (?,?,?,?,?)
Hibernate: insert into shift_assignments (employee_id,end_time,shift_name,start_time,work_date) values (?,?,?,?,?)
2025-10-25T10:10:39.907+09:00 DEBUG 16416 --- [Shift Scheduler Demo] [           main] org.hibernate.SQL                        : select last_insert_rowid()
Hibernate: select last_insert_rowid()
2025-10-25T10:10:39.907+09:00 DEBUG 16416 --- [Shift Scheduler Demo] [           main] org.hibernate.SQL                        : insert into shift_assignments (employee_id,end_time,shift_name,start_time,work_date) values (?,?,?,?,?)
Hibernate: insert into shift_assignments (employee_id,end_time,shift_name,start_time,work_date) values (?,?,?,?,?)
2025-10-25T10:10:39.907+09:00 DEBUG 16416 --- [Shift Scheduler Demo] [           main] org.hibernate.SQL                        : select last_insert_rowid()
Hibernate: select last_insert_rowid()
2025-10-25T10:10:39.909+09:00 DEBUG 16416 --- [Shift Scheduler Demo] [           main] org.hibernate.SQL                        : insert into shift_assignments (employee_id,end_time,shift_name,start_time,work_date) values (?,?,?,?,?)
Hibernate: insert into shift_assignments (employee_id,end_time,shift_name,start_time,work_date) values (?,?,?,?,?)
2025-10-25T10:10:39.909+09:00 DEBUG 16416 --- [Shift Scheduler Demo] [           main] org.hibernate.SQL                        : select last_insert_rowid()
Hibernate: select last_insert_rowid()
2025-10-25T10:10:39.910+09:00 DEBUG 16416 --- [Shift Scheduler Demo] [           main] org.hibernate.SQL                        : insert into shift_assignments (employee_id,end_time,shift_name,start_time,work_date) values (?,?,?,?,?)
Hibernate: insert into shift_assignments (employee_id,end_time,shift_name,start_time,work_date) values (?,?,?,?,?)
2025-10-25T10:10:39.911+09:00 DEBUG 16416 --- [Shift Scheduler Demo] [           main] org.hibernate.SQL                        : select last_insert_rowid()
Hibernate: select last_insert_rowid()
2025-10-25T10:10:39.912+09:00 DEBUG 16416 --- [Shift Scheduler Demo] [           main] org.hibernate.SQL                        : insert into shift_assignments (employee_id,end_time,shift_name,start_time,work_date) values (?,?,?,?,?)
Hibernate: insert into shift_assignments (employee_id,end_time,shift_name,start_time,work_date) values (?,?,?,?,?)
2025-10-25T10:10:39.913+09:00 DEBUG 16416 --- [Shift Scheduler Demo] [           main] org.hibernate.SQL                        : select last_insert_rowid()
Hibernate: select last_insert_rowid()
2025-10-25T10:10:39.913+09:00 DEBUG 16416 --- [Shift Scheduler Demo] [           main] org.hibernate.SQL                        : insert into shift_assignments (employee_id,end_time,shift_name,start_time,work_date) values (?,?,?,?,?)
Hibernate: insert into shift_assignments (employee_id,end_time,shift_name,start_time,work_date) values (?,?,?,?,?)
2025-10-25T10:10:39.914+09:00 DEBUG 16416 --- [Shift Scheduler Demo] [           main] org.hibernate.SQL                        : select last_insert_rowid()
Hibernate: select last_insert_rowid()
2025-10-25T10:10:39.914+09:00 DEBUG 16416 --- [Shift Scheduler Demo] [           main] org.hibernate.SQL                        : insert into shift_assignments (employee_id,end_time,shift_name,start_time,work_date) values (?,?,?,?,?)
Hibernate: insert into shift_assignments (employee_id,end_time,shift_name,start_time,work_date) values (?,?,?,?,?)
2025-10-25T10:10:39.914+09:00 DEBUG 16416 --- [Shift Scheduler Demo] [           main] org.hibernate.SQL                        : select last_insert_rowid()
Hibernate: select last_insert_rowid()
2025-10-25T10:10:39.915+09:00 DEBUG 16416 --- [Shift Scheduler Demo] [           main] org.hibernate.SQL                        : insert into shift_assignments (employee_id,end_time,shift_name,start_time,work_date) values (?,?,?,?,?)
Hibernate: insert into shift_assignments (employee_id,end_time,shift_name,start_time,work_date) values (?,?,?,?,?)
2025-10-25T10:10:39.915+09:00 DEBUG 16416 --- [Shift Scheduler Demo] [           main] org.hibernate.SQL                        : select last_insert_rowid()
Hibernate: select last_insert_rowid()
2025-10-25T10:10:39.915+09:00 DEBUG 16416 --- [Shift Scheduler Demo] [           main] org.hibernate.SQL                        : insert into shift_assignments (employee_id,end_time,shift_name,start_time,work_date) values (?,?,?,?,?)
Hibernate: insert into shift_assignments (employee_id,end_time,shift_name,start_time,work_date) values (?,?,?,?,?)
2025-10-25T10:10:39.916+09:00 DEBUG 16416 --- [Shift Scheduler Demo] [           main] org.hibernate.SQL                        : select last_insert_rowid()
Hibernate: select last_insert_rowid()
2025-10-25T10:10:39.916+09:00 DEBUG 16416 --- [Shift Scheduler Demo] [           main] org.hibernate.SQL                        : insert into shift_assignments (employee_id,end_time,shift_name,start_time,work_date) values (?,?,?,?,?)
Hibernate: insert into shift_assignments (employee_id,end_time,shift_name,start_time,work_date) values (?,?,?,?,?)
2025-10-25T10:10:39.916+09:00 DEBUG 16416 --- [Shift Scheduler Demo] [           main] org.hibernate.SQL                        : select last_insert_rowid()
Hibernate: select last_insert_rowid()
2025-10-25T10:10:39.916+09:00 DEBUG 16416 --- [Shift Scheduler Demo] [           main] org.hibernate.SQL                        : insert into shift_assignments (employee_id,end_time,shift_name,start_time,work_date) values (?,?,?,?,?)
Hibernate: insert into shift_assignments (employee_id,end_time,shift_name,start_time,work_date) values (?,?,?,?,?)
2025-10-25T10:10:39.917+09:00 DEBUG 16416 --- [Shift Scheduler Demo] [           main] org.hibernate.SQL                        : select last_insert_rowid()
Hibernate: select last_insert_rowid()
2025-10-25T10:10:39.917+09:00 DEBUG 16416 --- [Shift Scheduler Demo] [           main] org.hibernate.SQL                        : insert into shift_assignments (employee_id,end_time,shift_name,start_time,work_date) values (?,?,?,?,?)
Hibernate: insert into shift_assignments (employee_id,end_time,shift_name,start_time,work_date) values (?,?,?,?,?)
2025-10-25T10:10:39.917+09:00 DEBUG 16416 --- [Shift Scheduler Demo] [           main] org.hibernate.SQL                        : select last_insert_rowid()
Hibernate: select last_insert_rowid()
2025-10-25T10:10:39.918+09:00 DEBUG 16416 --- [Shift Scheduler Demo] [           main] org.hibernate.SQL                        : insert into shift_assignments (employee_id,end_time,shift_name,start_time,work_date) values (?,?,?,?,?)
Hibernate: insert into shift_assignments (employee_id,end_time,shift_name,start_time,work_date) values (?,?,?,?,?)
2025-10-25T10:10:39.918+09:00 DEBUG 16416 --- [Shift Scheduler Demo] [           main] org.hibernate.SQL                        : select last_insert_rowid()
Hibernate: select last_insert_rowid()
2025-10-25T10:10:39.919+09:00 DEBUG 16416 --- [Shift Scheduler Demo] [           main] org.hibernate.SQL                        : insert into shift_assignments (employee_id,end_time,shift_name,start_time,work_date) values (?,?,?,?,?)
Hibernate: insert into shift_assignments (employee_id,end_time,shift_name,start_time,work_date) values (?,?,?,?,?)
2025-10-25T10:10:39.919+09:00 DEBUG 16416 --- [Shift Scheduler Demo] [           main] org.hibernate.SQL                        : select last_insert_rowid()
Hibernate: select last_insert_rowid()
2025-10-25T10:10:39.920+09:00 DEBUG 16416 --- [Shift Scheduler Demo] [           main] org.hibernate.SQL                        : insert into shift_assignments (employee_id,end_time,shift_name,start_time,work_date) values (?,?,?,?,?)
Hibernate: insert into shift_assignments (employee_id,end_time,shift_name,start_time,work_date) values (?,?,?,?,?)
2025-10-25T10:10:39.920+09:00 DEBUG 16416 --- [Shift Scheduler Demo] [           main] org.hibernate.SQL                        : select last_insert_rowid()
Hibernate: select last_insert_rowid()
2025-10-25T10:10:39.921+09:00 DEBUG 16416 --- [Shift Scheduler Demo] [           main] org.hibernate.SQL                        : insert into shift_assignments (employee_id,end_time,shift_name,start_time,work_date) values (?,?,?,?,?)
Hibernate: insert into shift_assignments (employee_id,end_time,shift_name,start_time,work_date) values (?,?,?,?,?)
2025-10-25T10:10:39.921+09:00 DEBUG 16416 --- [Shift Scheduler Demo] [           main] org.hibernate.SQL                        : select last_insert_rowid()
Hibernate: select last_insert_rowid()
2025-10-25T10:10:39.921+09:00 DEBUG 16416 --- [Shift Scheduler Demo] [           main] org.hibernate.SQL                        : insert into shift_assignments (employee_id,end_time,shift_name,start_time,work_date) values (?,?,?,?,?)
Hibernate: insert into shift_assignments (employee_id,end_time,shift_name,start_time,work_date) values (?,?,?,?,?)
2025-10-25T10:10:39.922+09:00 DEBUG 16416 --- [Shift Scheduler Demo] [           main] org.hibernate.SQL                        : select last_insert_rowid()
Hibernate: select last_insert_rowid()
2025-10-25T10:10:39.922+09:00 DEBUG 16416 --- [Shift Scheduler Demo] [           main] org.hibernate.SQL                        : insert into shift_assignments (employee_id,end_time,shift_name,start_time,work_date) values (?,?,?,?,?)
Hibernate: insert into shift_assignments (employee_id,end_time,shift_name,start_time,work_date) values (?,?,?,?,?)
2025-10-25T10:10:39.922+09:00 DEBUG 16416 --- [Shift Scheduler Demo] [           main] org.hibernate.SQL                        : select last_insert_rowid()
Hibernate: select last_insert_rowid()
2025-10-25T10:10:39.923+09:00 DEBUG 16416 --- [Shift Scheduler Demo] [           main] org.hibernate.SQL                        : insert into shift_assignments (employee_id,end_time,shift_name,start_time,work_date) values (?,?,?,?,?)
Hibernate: insert into shift_assignments (employee_id,end_time,shift_name,start_time,work_date) values (?,?,?,?,?)
2025-10-25T10:10:39.923+09:00 DEBUG 16416 --- [Shift Scheduler Demo] [           main] org.hibernate.SQL                        : select last_insert_rowid()
Hibernate: select last_insert_rowid()
2025-10-25T10:10:39.923+09:00 DEBUG 16416 --- [Shift Scheduler Demo] [           main] org.hibernate.SQL                        : insert into shift_assignments (employee_id,end_time,shift_name,start_time,work_date) values (?,?,?,?,?)
Hibernate: insert into shift_assignments (employee_id,end_time,shift_name,start_time,work_date) values (?,?,?,?,?)
2025-10-25T10:10:39.924+09:00 DEBUG 16416 --- [Shift Scheduler Demo] [           main] org.hibernate.SQL                        : select last_insert_rowid()
Hibernate: select last_insert_rowid()
2025-10-25T10:10:39.924+09:00 DEBUG 16416 --- [Shift Scheduler Demo] [           main] org.hibernate.SQL                        : insert into shift_assignments (employee_id,end_time,shift_name,start_time,work_date) values (?,?,?,?,?)
Hibernate: insert into shift_assignments (employee_id,end_time,shift_name,start_time,work_date) values (?,?,?,?,?)
2025-10-25T10:10:39.924+09:00 DEBUG 16416 --- [Shift Scheduler Demo] [           main] org.hibernate.SQL                        : select last_insert_rowid()
Hibernate: select last_insert_rowid()
2025-10-25T10:10:39.925+09:00 DEBUG 16416 --- [Shift Scheduler Demo] [           main] org.hibernate.SQL                        : insert into shift_assignments (employee_id,end_time,shift_name,start_time,work_date) values (?,?,?,?,?)
Hibernate: insert into shift_assignments (employee_id,end_time,shift_name,start_time,work_date) values (?,?,?,?,?)
2025-10-25T10:10:39.925+09:00 DEBUG 16416 --- [Shift Scheduler Demo] [           main] org.hibernate.SQL                        : select last_insert_rowid()
Hibernate: select last_insert_rowid()
2025-10-25T10:10:39.925+09:00 DEBUG 16416 --- [Shift Scheduler Demo] [           main] org.hibernate.SQL                        : insert into shift_assignments (employee_id,end_time,shift_name,start_time,work_date) values (?,?,?,?,?)
Hibernate: insert into shift_assignments (employee_id,end_time,shift_name,start_time,work_date) values (?,?,?,?,?)
2025-10-25T10:10:39.926+09:00 DEBUG 16416 --- [Shift Scheduler Demo] [           main] org.hibernate.SQL                        : select last_insert_rowid()
Hibernate: select last_insert_rowid()
2025-10-25T10:10:39.926+09:00 DEBUG 16416 --- [Shift Scheduler Demo] [           main] org.hibernate.SQL                        : insert into shift_assignments (employee_id,end_time,shift_name,start_time,work_date) values (?,?,?,?,?)
Hibernate: insert into shift_assignments (employee_id,end_time,shift_name,start_time,work_date) values (?,?,?,?,?)
2025-10-25T10:10:39.927+09:00 DEBUG 16416 --- [Shift Scheduler Demo] [           main] org.hibernate.SQL                        : select last_insert_rowid()
Hibernate: select last_insert_rowid()
2025-10-25T10:10:39.927+09:00 DEBUG 16416 --- [Shift Scheduler Demo] [           main] org.hibernate.SQL                        : insert into shift_assignments (employee_id,end_time,shift_name,start_time,work_date) values (?,?,?,?,?)
Hibernate: insert into shift_assignments (employee_id,end_time,shift_name,start_time,work_date) values (?,?,?,?,?)
2025-10-25T10:10:39.928+09:00 DEBUG 16416 --- [Shift Scheduler Demo] [           main] org.hibernate.SQL                        : select last_insert_rowid()
Hibernate: select last_insert_rowid()
2025-10-25T10:10:39.928+09:00 DEBUG 16416 --- [Shift Scheduler Demo] [           main] org.hibernate.SQL                        : insert into shift_assignments (employee_id,end_time,shift_name,start_time,work_date) values (?,?,?,?,?)
Hibernate: insert into shift_assignments (employee_id,end_time,shift_name,start_time,work_date) values (?,?,?,?,?)
2025-10-25T10:10:39.929+09:00 DEBUG 16416 --- [Shift Scheduler Demo] [           main] org.hibernate.SQL                        : select last_insert_rowid()
Hibernate: select last_insert_rowid()
2025-10-25T10:10:39.929+09:00 DEBUG 16416 --- [Shift Scheduler Demo] [           main] org.hibernate.SQL                        : insert into shift_assignments (employee_id,end_time,shift_name,start_time,work_date) values (?,?,?,?,?)
Hibernate: insert into shift_assignments (employee_id,end_time,shift_name,start_time,work_date) values (?,?,?,?,?)
2025-10-25T10:10:39.929+09:00 DEBUG 16416 --- [Shift Scheduler Demo] [           main] org.hibernate.SQL                        : select last_insert_rowid()
Hibernate: select last_insert_rowid()
2025-10-25T10:10:39.930+09:00 DEBUG 16416 --- [Shift Scheduler Demo] [           main] org.hibernate.SQL                        : insert into shift_assignments (employee_id,end_time,shift_name,start_time,work_date) values (?,?,?,?,?)
Hibernate: insert into shift_assignments (employee_id,end_time,shift_name,start_time,work_date) values (?,?,?,?,?)
2025-10-25T10:10:39.930+09:00 DEBUG 16416 --- [Shift Scheduler Demo] [           main] org.hibernate.SQL                        : select last_insert_rowid()
Hibernate: select last_insert_rowid()
2025-10-25T10:10:39.931+09:00 DEBUG 16416 --- [Shift Scheduler Demo] [           main] org.hibernate.SQL                        : insert into shift_assignments (employee_id,end_time,shift_name,start_time,work_date) values (?,?,?,?,?)
Hibernate: insert into shift_assignments (employee_id,end_time,shift_name,start_time,work_date) values (?,?,?,?,?)
2025-10-25T10:10:39.931+09:00 DEBUG 16416 --- [Shift Scheduler Demo] [           main] org.hibernate.SQL                        : select last_insert_rowid()
Hibernate: select last_insert_rowid()
2025-10-25T10:10:39.931+09:00 DEBUG 16416 --- [Shift Scheduler Demo] [           main] org.hibernate.SQL                        : insert into shift_assignments (employee_id,end_time,shift_name,start_time,work_date) values (?,?,?,?,?)
Hibernate: insert into shift_assignments (employee_id,end_time,shift_name,start_time,work_date) values (?,?,?,?,?)
2025-10-25T10:10:39.931+09:00 DEBUG 16416 --- [Shift Scheduler Demo] [           main] org.hibernate.SQL                        : select last_insert_rowid()
Hibernate: select last_insert_rowid()
2025-10-25T10:10:39.932+09:00 DEBUG 16416 --- [Shift Scheduler Demo] [           main] org.hibernate.SQL                        : insert into shift_assignments (employee_id,end_time,shift_name,start_time,work_date) values (?,?,?,?,?)
Hibernate: insert into shift_assignments (employee_id,end_time,shift_name,start_time,work_date) values (?,?,?,?,?)
2025-10-25T10:10:39.932+09:00 DEBUG 16416 --- [Shift Scheduler Demo] [           main] org.hibernate.SQL                        : select last_insert_rowid()
Hibernate: select last_insert_rowid()
2025-10-25T10:10:39.932+09:00 DEBUG 16416 --- [Shift Scheduler Demo] [           main] org.hibernate.SQL                        : insert into shift_assignments (employee_id,end_time,shift_name,start_time,work_date) values (?,?,?,?,?)
Hibernate: insert into shift_assignments (employee_id,end_time,shift_name,start_time,work_date) values (?,?,?,?,?)
2025-10-25T10:10:39.932+09:00 DEBUG 16416 --- [Shift Scheduler Demo] [           main] org.hibernate.SQL                        : select last_insert_rowid()
Hibernate: select last_insert_rowid()
2025-10-25T10:10:39.933+09:00 DEBUG 16416 --- [Shift Scheduler Demo] [           main] org.hibernate.SQL                        : insert into shift_assignments (employee_id,end_time,shift_name,start_time,work_date) values (?,?,?,?,?)
Hibernate: insert into shift_assignments (employee_id,end_time,shift_name,start_time,work_date) values (?,?,?,?,?)
2025-10-25T10:10:39.933+09:00 DEBUG 16416 --- [Shift Scheduler Demo] [           main] org.hibernate.SQL                        : select last_insert_rowid()
Hibernate: select last_insert_rowid()
2025-10-25T10:10:39.933+09:00 DEBUG 16416 --- [Shift Scheduler Demo] [           main] org.hibernate.SQL                        : insert into shift_assignments (employee_id,end_time,shift_name,start_time,work_date) values (?,?,?,?,?)
Hibernate: insert into shift_assignments (employee_id,end_time,shift_name,start_time,work_date) values (?,?,?,?,?)
2025-10-25T10:10:39.934+09:00 DEBUG 16416 --- [Shift Scheduler Demo] [           main] org.hibernate.SQL                        : select last_insert_rowid()
Hibernate: select last_insert_rowid()
2025-10-25T10:10:39.934+09:00 DEBUG 16416 --- [Shift Scheduler Demo] [           main] org.hibernate.SQL                        : insert into shift_assignments (employee_id,end_time,shift_name,start_time,work_date) values (?,?,?,?,?)
Hibernate: insert into shift_assignments (employee_id,end_time,shift_name,start_time,work_date) values (?,?,?,?,?)
2025-10-25T10:10:39.934+09:00 DEBUG 16416 --- [Shift Scheduler Demo] [           main] org.hibernate.SQL                        : select last_insert_rowid()
Hibernate: select last_insert_rowid()
2025-10-25T10:10:39.934+09:00 DEBUG 16416 --- [Shift Scheduler Demo] [           main] org.hibernate.SQL                        : insert into shift_assignments (employee_id,end_time,shift_name,start_time,work_date) values (?,?,?,?,?)
Hibernate: insert into shift_assignments (employee_id,end_time,shift_name,start_time,work_date) values (?,?,?,?,?)
2025-10-25T10:10:39.935+09:00 DEBUG 16416 --- [Shift Scheduler Demo] [           main] org.hibernate.SQL                        : select last_insert_rowid()
Hibernate: select last_insert_rowid()
2025-10-25T10:10:39.935+09:00 DEBUG 16416 --- [Shift Scheduler Demo] [           main] org.hibernate.SQL                        : insert into shift_assignments (employee_id,end_time,shift_name,start_time,work_date) values (?,?,?,?,?)
Hibernate: insert into shift_assignments (employee_id,end_time,shift_name,start_time,work_date) values (?,?,?,?,?)
2025-10-25T10:10:39.935+09:00 DEBUG 16416 --- [Shift Scheduler Demo] [           main] org.hibernate.SQL                        : select last_insert_rowid()
Hibernate: select last_insert_rowid()
2025-10-25T10:10:39.935+09:00 DEBUG 16416 --- [Shift Scheduler Demo] [           main] org.hibernate.SQL                        : insert into shift_assignments (employee_id,end_time,shift_name,start_time,work_date) values (?,?,?,?,?)
Hibernate: insert into shift_assignments (employee_id,end_time,shift_name,start_time,work_date) values (?,?,?,?,?)
2025-10-25T10:10:39.935+09:00 DEBUG 16416 --- [Shift Scheduler Demo] [           main] org.hibernate.SQL                        : select last_insert_rowid()
Hibernate: select last_insert_rowid()
2025-10-25T10:10:39.937+09:00 DEBUG 16416 --- [Shift Scheduler Demo] [           main] org.hibernate.SQL                        : insert into shift_assignments (employee_id,end_time,shift_name,start_time,work_date) values (?,?,?,?,?)
Hibernate: insert into shift_assignments (employee_id,end_time,shift_name,start_time,work_date) values (?,?,?,?,?)
2025-10-25T10:10:39.938+09:00 DEBUG 16416 --- [Shift Scheduler Demo] [           main] org.hibernate.SQL                        : select last_insert_rowid()
Hibernate: select last_insert_rowid()
2025-10-25T10:10:39.938+09:00 DEBUG 16416 --- [Shift Scheduler Demo] [           main] org.hibernate.SQL                        : insert into shift_assignments (employee_id,end_time,shift_name,start_time,work_date) values (?,?,?,?,?)
Hibernate: insert into shift_assignments (employee_id,end_time,shift_name,start_time,work_date) values (?,?,?,?,?)
2025-10-25T10:10:39.939+09:00 DEBUG 16416 --- [Shift Scheduler Demo] [           main] org.hibernate.SQL                        : select last_insert_rowid()
Hibernate: select last_insert_rowid()
2025-10-25T10:10:39.939+09:00 DEBUG 16416 --- [Shift Scheduler Demo] [           main] org.hibernate.SQL                        : insert into shift_assignments (employee_id,end_time,shift_name,start_time,work_date) values (?,?,?,?,?)
Hibernate: insert into shift_assignments (employee_id,end_time,shift_name,start_time,work_date) values (?,?,?,?,?)
2025-10-25T10:10:39.940+09:00 DEBUG 16416 --- [Shift Scheduler Demo] [           main] org.hibernate.SQL                        : select last_insert_rowid()
Hibernate: select last_insert_rowid()
2025-10-25T10:10:39.940+09:00 DEBUG 16416 --- [Shift Scheduler Demo] [           main] org.hibernate.SQL                        : insert into shift_assignments (employee_id,end_time,shift_name,start_time,work_date) values (?,?,?,?,?)
Hibernate: insert into shift_assignments (employee_id,end_time,shift_name,start_time,work_date) values (?,?,?,?,?)
2025-10-25T10:10:39.940+09:00 DEBUG 16416 --- [Shift Scheduler Demo] [           main] org.hibernate.SQL                        : select last_insert_rowid()
Hibernate: select last_insert_rowid()
2025-10-25T10:10:39.941+09:00 DEBUG 16416 --- [Shift Scheduler Demo] [           main] org.hibernate.SQL                        : insert into shift_assignments (employee_id,end_time,shift_name,start_time,work_date) values (?,?,?,?,?)
Hibernate: insert into shift_assignments (employee_id,end_time,shift_name,start_time,work_date) values (?,?,?,?,?)
2025-10-25T10:10:39.941+09:00 DEBUG 16416 --- [Shift Scheduler Demo] [           main] org.hibernate.SQL                        : select last_insert_rowid()
Hibernate: select last_insert_rowid()
2025-10-25T10:10:39.941+09:00 DEBUG 16416 --- [Shift Scheduler Demo] [           main] org.hibernate.SQL                        : insert into shift_assignments (employee_id,end_time,shift_name,start_time,work_date) values (?,?,?,?,?)
Hibernate: insert into shift_assignments (employee_id,end_time,shift_name,start_time,work_date) values (?,?,?,?,?)
2025-10-25T10:10:39.943+09:00 DEBUG 16416 --- [Shift Scheduler Demo] [           main] org.hibernate.SQL                        : select last_insert_rowid()
Hibernate: select last_insert_rowid()
2025-10-25T10:10:39.943+09:00 DEBUG 16416 --- [Shift Scheduler Demo] [           main] org.hibernate.SQL                        : insert into shift_assignments (employee_id,end_time,shift_name,start_time,work_date) values (?,?,?,?,?)
Hibernate: insert into shift_assignments (employee_id,end_time,shift_name,start_time,work_date) values (?,?,?,?,?)
2025-10-25T10:10:39.943+09:00 DEBUG 16416 --- [Shift Scheduler Demo] [           main] org.hibernate.SQL                        : select last_insert_rowid()
Hibernate: select last_insert_rowid()
2025-10-25T10:10:39.943+09:00 DEBUG 16416 --- [Shift Scheduler Demo] [           main] org.hibernate.SQL                        : insert into shift_assignments (employee_id,end_time,shift_name,start_time,work_date) values (?,?,?,?,?)
Hibernate: insert into shift_assignments (employee_id,end_time,shift_name,start_time,work_date) values (?,?,?,?,?)
2025-10-25T10:10:39.943+09:00 DEBUG 16416 --- [Shift Scheduler Demo] [           main] org.hibernate.SQL                        : select last_insert_rowid()
Hibernate: select last_insert_rowid()
2025-10-25T10:10:39.943+09:00 DEBUG 16416 --- [Shift Scheduler Demo] [           main] org.hibernate.SQL                        : insert into shift_assignments (employee_id,end_time,shift_name,start_time,work_date) values (?,?,?,?,?)
Hibernate: insert into shift_assignments (employee_id,end_time,shift_name,start_time,work_date) values (?,?,?,?,?)
2025-10-25T10:10:39.946+09:00 DEBUG 16416 --- [Shift Scheduler Demo] [           main] org.hibernate.SQL                        : select last_insert_rowid()
Hibernate: select last_insert_rowid()
2025-10-25T10:10:39.946+09:00 DEBUG 16416 --- [Shift Scheduler Demo] [           main] org.hibernate.SQL                        : insert into shift_assignments (employee_id,end_time,shift_name,start_time,work_date) values (?,?,?,?,?)
Hibernate: insert into shift_assignments (employee_id,end_time,shift_name,start_time,work_date) values (?,?,?,?,?)
2025-10-25T10:10:39.947+09:00 DEBUG 16416 --- [Shift Scheduler Demo] [           main] org.hibernate.SQL                        : select last_insert_rowid()
Hibernate: select last_insert_rowid()
2025-10-25T10:10:39.947+09:00 DEBUG 16416 --- [Shift Scheduler Demo] [           main] org.hibernate.SQL                        : insert into shift_assignments (employee_id,end_time,shift_name,start_time,work_date) values (?,?,?,?,?)
Hibernate: insert into shift_assignments (employee_id,end_time,shift_name,start_time,work_date) values (?,?,?,?,?)
2025-10-25T10:10:39.947+09:00 DEBUG 16416 --- [Shift Scheduler Demo] [           main] org.hibernate.SQL                        : select last_insert_rowid()
Hibernate: select last_insert_rowid()
2025-10-25T10:10:39.948+09:00 DEBUG 16416 --- [Shift Scheduler Demo] [           main] org.hibernate.SQL                        : insert into shift_assignments (employee_id,end_time,shift_name,start_time,work_date) values (?,?,?,?,?)
Hibernate: insert into shift_assignments (employee_id,end_time,shift_name,start_time,work_date) values (?,?,?,?,?)
2025-10-25T10:10:39.948+09:00 DEBUG 16416 --- [Shift Scheduler Demo] [           main] org.hibernate.SQL                        : select last_insert_rowid()
Hibernate: select last_insert_rowid()
2025-10-25T10:10:39.948+09:00 DEBUG 16416 --- [Shift Scheduler Demo] [           main] org.hibernate.SQL                        : insert into shift_assignments (employee_id,end_time,shift_name,start_time,work_date) values (?,?,?,?,?)
Hibernate: insert into shift_assignments (employee_id,end_time,shift_name,start_time,work_date) values (?,?,?,?,?)
2025-10-25T10:10:39.948+09:00 DEBUG 16416 --- [Shift Scheduler Demo] [           main] org.hibernate.SQL                        : select last_insert_rowid()
Hibernate: select last_insert_rowid()
2025-10-25T10:10:39.949+09:00 DEBUG 16416 --- [Shift Scheduler Demo] [           main] org.hibernate.SQL                        : insert into shift_assignments (employee_id,end_time,shift_name,start_time,work_date) values (?,?,?,?,?)
Hibernate: insert into shift_assignments (employee_id,end_time,shift_name,start_time,work_date) values (?,?,?,?,?)
2025-10-25T10:10:39.949+09:00 DEBUG 16416 --- [Shift Scheduler Demo] [           main] org.hibernate.SQL                        : select last_insert_rowid()
Hibernate: select last_insert_rowid()
2025-10-25T10:10:39.949+09:00 DEBUG 16416 --- [Shift Scheduler Demo] [           main] org.hibernate.SQL                        : insert into shift_assignments (employee_id,end_time,shift_name,start_time,work_date) values (?,?,?,?,?)
Hibernate: insert into shift_assignments (employee_id,end_time,shift_name,start_time,work_date) values (?,?,?,?,?)
2025-10-25T10:10:39.949+09:00 DEBUG 16416 --- [Shift Scheduler Demo] [           main] org.hibernate.SQL                        : select last_insert_rowid()
Hibernate: select last_insert_rowid()
2025-10-25T10:10:39.950+09:00 DEBUG 16416 --- [Shift Scheduler Demo] [           main] org.hibernate.SQL                        : insert into shift_assignments (employee_id,end_time,shift_name,start_time,work_date) values (?,?,?,?,?)
Hibernate: insert into shift_assignments (employee_id,end_time,shift_name,start_time,work_date) values (?,?,?,?,?)
2025-10-25T10:10:39.950+09:00 DEBUG 16416 --- [Shift Scheduler Demo] [           main] org.hibernate.SQL                        : select last_insert_rowid()
Hibernate: select last_insert_rowid()
2025-10-25T10:10:39.950+09:00 DEBUG 16416 --- [Shift Scheduler Demo] [           main] org.hibernate.SQL                        : insert into shift_assignments (employee_id,end_time,shift_name,start_time,work_date) values (?,?,?,?,?)
Hibernate: insert into shift_assignments (employee_id,end_time,shift_name,start_time,work_date) values (?,?,?,?,?)
2025-10-25T10:10:39.950+09:00 DEBUG 16416 --- [Shift Scheduler Demo] [           main] org.hibernate.SQL                        : select last_insert_rowid()
Hibernate: select last_insert_rowid()
2025-10-25T10:10:39.951+09:00 DEBUG 16416 --- [Shift Scheduler Demo] [           main] org.hibernate.SQL                        : insert into shift_assignments (employee_id,end_time,shift_name,start_time,work_date) values (?,?,?,?,?)
Hibernate: insert into shift_assignments (employee_id,end_time,shift_name,start_time,work_date) values (?,?,?,?,?)
2025-10-25T10:10:39.951+09:00 DEBUG 16416 --- [Shift Scheduler Demo] [           main] org.hibernate.SQL                        : select last_insert_rowid()
Hibernate: select last_insert_rowid()
2025-10-25T10:10:39.951+09:00 DEBUG 16416 --- [Shift Scheduler Demo] [           main] org.hibernate.SQL                        : insert into shift_assignments (employee_id,end_time,shift_name,start_time,work_date) values (?,?,?,?,?)
Hibernate: insert into shift_assignments (employee_id,end_time,shift_name,start_time,work_date) values (?,?,?,?,?)
2025-10-25T10:10:39.951+09:00 DEBUG 16416 --- [Shift Scheduler Demo] [           main] org.hibernate.SQL                        : select last_insert_rowid()
Hibernate: select last_insert_rowid()
2025-10-25T10:10:39.952+09:00 DEBUG 16416 --- [Shift Scheduler Demo] [           main] org.hibernate.SQL                        : insert into shift_assignments (employee_id,end_time,shift_name,start_time,work_date) values (?,?,?,?,?)
Hibernate: insert into shift_assignments (employee_id,end_time,shift_name,start_time,work_date) values (?,?,?,?,?)
2025-10-25T10:10:39.952+09:00 DEBUG 16416 --- [Shift Scheduler Demo] [           main] org.hibernate.SQL                        : select last_insert_rowid()
Hibernate: select last_insert_rowid()
2025-10-25T10:10:39.952+09:00 DEBUG 16416 --- [Shift Scheduler Demo] [           main] org.hibernate.SQL                        : insert into shift_assignments (employee_id,end_time,shift_name,start_time,work_date) values (?,?,?,?,?)
Hibernate: insert into shift_assignments (employee_id,end_time,shift_name,start_time,work_date) values (?,?,?,?,?)
2025-10-25T10:10:39.953+09:00 DEBUG 16416 --- [Shift Scheduler Demo] [           main] org.hibernate.SQL                        : select last_insert_rowid()
Hibernate: select last_insert_rowid()
2025-10-25T10:10:39.953+09:00 DEBUG 16416 --- [Shift Scheduler Demo] [           main] org.hibernate.SQL                        : insert into shift_assignments (employee_id,end_time,shift_name,start_time,work_date) values (?,?,?,?,?)
Hibernate: insert into shift_assignments (employee_id,end_time,shift_name,start_time,work_date) values (?,?,?,?,?)
2025-10-25T10:10:39.953+09:00 DEBUG 16416 --- [Shift Scheduler Demo] [           main] org.hibernate.SQL                        : select last_insert_rowid()
Hibernate: select last_insert_rowid()
2025-10-25T10:10:39.954+09:00 DEBUG 16416 --- [Shift Scheduler Demo] [           main] org.hibernate.SQL                        : insert into shift_assignments (employee_id,end_time,shift_name,start_time,work_date) values (?,?,?,?,?)
Hibernate: insert into shift_assignments (employee_id,end_time,shift_name,start_time,work_date) values (?,?,?,?,?)
2025-10-25T10:10:39.954+09:00 DEBUG 16416 --- [Shift Scheduler Demo] [           main] org.hibernate.SQL                        : select last_insert_rowid()
Hibernate: select last_insert_rowid()
2025-10-25T10:10:39.955+09:00 DEBUG 16416 --- [Shift Scheduler Demo] [           main] org.hibernate.SQL                        : insert into shift_assignments (employee_id,end_time,shift_name,start_time,work_date) values (?,?,?,?,?)
Hibernate: insert into shift_assignments (employee_id,end_time,shift_name,start_time,work_date) values (?,?,?,?,?)
2025-10-25T10:10:39.955+09:00 DEBUG 16416 --- [Shift Scheduler Demo] [           main] org.hibernate.SQL                        : select last_insert_rowid()
Hibernate: select last_insert_rowid()
2025-10-25T10:10:39.956+09:00 DEBUG 16416 --- [Shift Scheduler Demo] [           main] org.hibernate.SQL                        : insert into shift_assignments (employee_id,end_time,shift_name,start_time,work_date) values (?,?,?,?,?)
Hibernate: insert into shift_assignments (employee_id,end_time,shift_name,start_time,work_date) values (?,?,?,?,?)
2025-10-25T10:10:39.956+09:00 DEBUG 16416 --- [Shift Scheduler Demo] [           main] org.hibernate.SQL                        : select last_insert_rowid()
Hibernate: select last_insert_rowid()
2025-10-25T10:10:39.957+09:00 DEBUG 16416 --- [Shift Scheduler Demo] [           main] org.hibernate.SQL                        : insert into shift_assignments (employee_id,end_time,shift_name,start_time,work_date) values (?,?,?,?,?)
Hibernate: insert into shift_assignments (employee_id,end_time,shift_name,start_time,work_date) values (?,?,?,?,?)
2025-10-25T10:10:39.957+09:00 DEBUG 16416 --- [Shift Scheduler Demo] [           main] org.hibernate.SQL                        : select last_insert_rowid()
Hibernate: select last_insert_rowid()
2025-10-25T10:10:39.958+09:00 DEBUG 16416 --- [Shift Scheduler Demo] [           main] org.hibernate.SQL                        : insert into shift_assignments (employee_id,end_time,shift_name,start_time,work_date) values (?,?,?,?,?)
Hibernate: insert into shift_assignments (employee_id,end_time,shift_name,start_time,work_date) values (?,?,?,?,?)
2025-10-25T10:10:39.958+09:00 DEBUG 16416 --- [Shift Scheduler Demo] [           main] org.hibernate.SQL                        : select last_insert_rowid()
Hibernate: select last_insert_rowid()
2025-10-25T10:10:39.959+09:00 DEBUG 16416 --- [Shift Scheduler Demo] [           main] org.hibernate.SQL                        : insert into shift_assignments (employee_id,end_time,shift_name,start_time,work_date) values (?,?,?,?,?)
Hibernate: insert into shift_assignments (employee_id,end_time,shift_name,start_time,work_date) values (?,?,?,?,?)
2025-10-25T10:10:39.960+09:00 DEBUG 16416 --- [Shift Scheduler Demo] [           main] org.hibernate.SQL                        : select last_insert_rowid()
Hibernate: select last_insert_rowid()
2025-10-25T10:10:39.960+09:00 DEBUG 16416 --- [Shift Scheduler Demo] [           main] org.hibernate.SQL                        : insert into shift_assignments (employee_id,end_time,shift_name,start_time,work_date) values (?,?,?,?,?)
Hibernate: insert into shift_assignments (employee_id,end_time,shift_name,start_time,work_date) values (?,?,?,?,?)
2025-10-25T10:10:39.960+09:00 DEBUG 16416 --- [Shift Scheduler Demo] [           main] org.hibernate.SQL                        : select last_insert_rowid()
Hibernate: select last_insert_rowid()
2025-10-25T10:10:39.960+09:00  INFO 16416 --- [Shift Scheduler Demo] [           main] c.e.shiftv1.schedule.ScheduleService     : シフト生成が完了しました: 92件の割り当てを生成
2025-10-25T10:10:40.080+09:00 DEBUG 16416 --- [Shift Scheduler Demo] [           main] org.hibernate.SQL                        : delete from shift_assignments where id=?
Hibernate: delete from shift_assignments where id=?
2025-10-25T10:10:40.080+09:00 DEBUG 16416 --- [Shift Scheduler Demo] [           main] org.hibernate.SQL                        : delete from shift_assignments where id=?
Hibernate: delete from shift_assignments where id=?
2025-10-25T10:10:40.081+09:00 DEBUG 16416 --- [Shift Scheduler Demo] [           main] org.hibernate.SQL                        : delete from shift_assignments where id=?
Hibernate: delete from shift_assignments where id=?
2025-10-25T10:10:40.081+09:00 DEBUG 16416 --- [Shift Scheduler Demo] [           main] org.hibernate.SQL                        : delete from shift_assignments where id=?
Hibernate: delete from shift_assignments where id=?
2025-10-25T10:10:40.081+09:00 DEBUG 16416 --- [Shift Scheduler Demo] [           main] org.hibernate.SQL                        : delete from shift_assignments where id=?
Hibernate: delete from shift_assignments where id=?
2025-10-25T10:10:40.081+09:00 DEBUG 16416 --- [Shift Scheduler Demo] [           main] org.hibernate.SQL                        : select sa1_0.id,sa1_0.employee_id,sa1_0.end_time,sa1_0.shift_name,sa1_0.start_time,sa1_0.work_date from shift_assignments sa1_0 where sa1_0.work_date between ? and ?
Hibernate: select sa1_0.id,sa1_0.employee_id,sa1_0.end_time,sa1_0.shift_name,sa1_0.start_time,sa1_0.work_date from shift_assignments sa1_0 where sa1_0.work_date between ? and ?
]]></system-out>
    <system-err><![CDATA[WARNING: A Java agent has been loaded dynamically (C:\Users\takow\.m2\repository\net\bytebuddy\byte-buddy-agent\1.14.13\byte-buddy-agent-1.14.13.jar)
WARNING: If a serviceability tool is in use, please run with -XX:+EnableDynamicAgentLoading to hide this warning
WARNING: If a serviceability tool is not in use, please run with -Djdk.instrument.traceUsage for more information
WARNING: Dynamic loading of agents will be disallowed by default in a future release
]]></system-err>
  </testcase>
</testsuite>