<?xml version="1.0" encoding="UTF-8"?>
<testsuite xmlns:xsi="http://www.w3.org/2001/XMLSchema-instance" xsi:noNamespaceSchemaLocation="https://maven.apache.org/surefire/maven-surefire-plugin/xsd/surefire-test-report-3.0.xsd" version="3.0" name="com.example.shiftv1.schedule.ScheduleServiceTest" time="17.729" tests="2" errors="0" skipped="0" failures="0">
  <properties>
    <property name="java.specification.version" value="23"/>
    <property name="sun.cpu.isalist" value="amd64"/>
    <property name="sun.jnu.encoding" value="MS932"/>
    <property name="java.class.path" value="C:\Users\takow\Documents\02_programming\java\shiftv1\target\test-classes;C:\Users\takow\Documents\02_programming\java\shiftv1\target\classes;C:\Users\takow\.m2\repository\org\springframework\boot\spring-boot-starter-web\3.2.5\spring-boot-starter-web-3.2.5.jar;C:\Users\takow\.m2\repository\org\springframework\boot\spring-boot-starter\3.2.5\spring-boot-starter-3.2.5.jar;C:\Users\takow\.m2\repository\org\springframework\boot\spring-boot\3.2.5\spring-boot-3.2.5.jar;C:\Users\takow\.m2\repository\org\springframework\boot\spring-boot-autoconfigure\3.2.5\spring-boot-autoconfigure-3.2.5.jar;C:\Users\takow\.m2\repository\org\springframework\boot\spring-boot-starter-logging\3.2.5\spring-boot-starter-logging-3.2.5.jar;C:\Users\takow\.m2\repository\ch\qos\logback\logback-classic\1.4.14\logback-classic-1.4.14.jar;C:\Users\takow\.m2\repository\ch\qos\logback\logback-core\1.4.14\logback-core-1.4.14.jar;C:\Users\takow\.m2\repository\org\apache\logging\log4j\log4j-to-slf4j\2.21.1\log4j-to-slf4j-2.21.1.jar;C:\Users\takow\.m2\repository\org\apache\logging\log4j\log4j-api\2.21.1\log4j-api-2.21.1.jar;C:\Users\takow\.m2\repository\org\slf4j\jul-to-slf4j\2.0.13\jul-to-slf4j-2.0.13.jar;C:\Users\takow\.m2\repository\jakarta\annotation\jakarta.annotation-api\2.1.1\jakarta.annotation-api-2.1.1.jar;C:\Users\takow\.m2\repository\org\yaml\snakeyaml\2.2\snakeyaml-2.2.jar;C:\Users\takow\.m2\repository\org\springframework\boot\spring-boot-starter-json\3.2.5\spring-boot-starter-json-3.2.5.jar;C:\Users\takow\.m2\repository\com\fasterxml\jackson\core\jackson-databind\2.15.4\jackson-databind-2.15.4.jar;C:\Users\takow\.m2\repository\com\fasterxml\jackson\core\jackson-annotations\2.15.4\jackson-annotations-2.15.4.jar;C:\Users\takow\.m2\repository\com\fasterxml\jackson\core\jackson-core\2.15.4\jackson-core-2.15.4.jar;C:\Users\takow\.m2\repository\com\fasterxml\jackson\datatype\jackson-datatype-jdk8\2.15.4\jackson-datatype-jdk8-2.15.4.jar;C:\Users\takow\.m2\repository\com\fasterxml\jackson\datatype\jackson-datatype-jsr310\2.15.4\jackson-datatype-jsr310-2.15.4.jar;C:\Users\takow\.m2\repository\com\fasterxml\jackson\module\jackson-module-parameter-names\2.15.4\jackson-module-parameter-names-2.15.4.jar;C:\Users\takow\.m2\repository\org\springframework\boot\spring-boot-starter-tomcat\3.2.5\spring-boot-starter-tomcat-3.2.5.jar;C:\Users\takow\.m2\repository\org\apache\tomcat\embed\tomcat-embed-core\10.1.20\tomcat-embed-core-10.1.20.jar;C:\Users\takow\.m2\repository\org\apache\tomcat\embed\tomcat-embed-websocket\10.1.20\tomcat-embed-websocket-10.1.20.jar;C:\Users\takow\.m2\repository\org\springframework\spring-web\6.1.6\spring-web-6.1.6.jar;C:\Users\takow\.m2\repository\org\springframework\spring-beans\6.1.6\spring-beans-6.1.6.jar;C:\Users\takow\.m2\repository\org\springframework\spring-webmvc\6.1.6\spring-webmvc-6.1.6.jar;C:\Users\takow\.m2\repository\org\springframework\spring-context\6.1.6\spring-context-6.1.6.jar;C:\Users\takow\.m2\repository\org\springframework\spring-expression\6.1.6\spring-expression-6.1.6.jar;C:\Users\takow\.m2\repository\org\springframework\boot\spring-boot-starter-data-jpa\3.2.5\spring-boot-starter-data-jpa-3.2.5.jar;C:\Users\takow\.m2\repository\org\springframework\boot\spring-boot-starter-aop\3.2.5\spring-boot-starter-aop-3.2.5.jar;C:\Users\takow\.m2\repository\org\aspectj\aspectjweaver\1.9.22\aspectjweaver-1.9.22.jar;C:\Users\takow\.m2\repository\org\springframework\boot\spring-boot-starter-jdbc\3.2.5\spring-boot-starter-jdbc-3.2.5.jar;C:\Users\takow\.m2\repository\com\zaxxer\HikariCP\5.0.1\HikariCP-5.0.1.jar;C:\Users\takow\.m2\repository\org\springframework\spring-jdbc\6.1.6\spring-jdbc-6.1.6.jar;C:\Users\takow\.m2\repository\org\hibernate\orm\hibernate-core\6.4.4.Final\hibernate-core-6.4.4.Final.jar;C:\Users\takow\.m2\repository\jakarta\persistence\jakarta.persistence-api\3.1.0\jakarta.persistence-api-3.1.0.jar;C:\Users\takow\.m2\repository\jakarta\transaction\jakarta.transaction-api\2.0.1\jakarta.transaction-api-2.0.1.jar;C:\Users\takow\.m2\repository\org\hibernate\common\hibernate-commons-annotations\6.0.6.Final\hibernate-commons-annotations-6.0.6.Final.jar;C:\Users\takow\.m2\repository\io\smallrye\jandex\3.1.2\jandex-3.1.2.jar;C:\Users\takow\.m2\repository\com\fasterxml\classmate\1.6.0\classmate-1.6.0.jar;C:\Users\takow\.m2\repository\net\bytebuddy\byte-buddy\1.14.13\byte-buddy-1.14.13.jar;C:\Users\takow\.m2\repository\org\glassfish\jaxb\jaxb-runtime\4.0.5\jaxb-runtime-4.0.5.jar;C:\Users\takow\.m2\repository\org\glassfish\jaxb\jaxb-core\4.0.5\jaxb-core-4.0.5.jar;C:\Users\takow\.m2\repository\org\eclipse\angus\angus-activation\2.0.2\angus-activation-2.0.2.jar;C:\Users\takow\.m2\repository\org\glassfish\jaxb\txw2\4.0.5\txw2-4.0.5.jar;C:\Users\takow\.m2\repository\com\sun\istack\istack-commons-runtime\4.1.2\istack-commons-runtime-4.1.2.jar;C:\Users\takow\.m2\repository\jakarta\inject\jakarta.inject-api\2.0.1\jakarta.inject-api-2.0.1.jar;C:\Users\takow\.m2\repository\org\antlr\antlr4-runtime\4.13.0\antlr4-runtime-4.13.0.jar;C:\Users\takow\.m2\repository\org\springframework\data\spring-data-jpa\3.2.5\spring-data-jpa-3.2.5.jar;C:\Users\takow\.m2\repository\org\springframework\data\spring-data-commons\3.2.5\spring-data-commons-3.2.5.jar;C:\Users\takow\.m2\repository\org\springframework\spring-orm\6.1.6\spring-orm-6.1.6.jar;C:\Users\takow\.m2\repository\org\springframework\spring-tx\6.1.6\spring-tx-6.1.6.jar;C:\Users\takow\.m2\repository\org\springframework\spring-aspects\6.1.6\spring-aspects-6.1.6.jar;C:\Users\takow\.m2\repository\org\xerial\sqlite-jdbc\3.46.0.0\sqlite-jdbc-3.46.0.0.jar;C:\Users\takow\.m2\repository\org\slf4j\slf4j-api\2.0.13\slf4j-api-2.0.13.jar;C:\Users\takow\.m2\repository\org\hibernate\orm\hibernate-community-dialects\6.4.4.Final\hibernate-community-dialects-6.4.4.Final.jar;C:\Users\takow\.m2\repository\org\jboss\logging\jboss-logging\3.5.3.Final\jboss-logging-3.5.3.Final.jar;C:\Users\takow\.m2\repository\org\projectlombok\lombok\1.18.32\lombok-1.18.32.jar;C:\Users\takow\.m2\repository\org\springframework\boot\spring-boot-starter-thymeleaf\3.2.5\spring-boot-starter-thymeleaf-3.2.5.jar;C:\Users\takow\.m2\repository\org\thymeleaf\thymeleaf-spring6\3.1.2.RELEASE\thymeleaf-spring6-3.1.2.RELEASE.jar;C:\Users\takow\.m2\repository\org\thymeleaf\thymeleaf\3.1.2.RELEASE\thymeleaf-3.1.2.RELEASE.jar;C:\Users\takow\.m2\repository\org\attoparser\attoparser\2.0.7.RELEASE\attoparser-2.0.7.RELEASE.jar;C:\Users\takow\.m2\repository\org\unbescape\unbescape\1.1.6.RELEASE\unbescape-1.1.6.RELEASE.jar;C:\Users\takow\.m2\repository\org\springframework\boot\spring-boot-starter-validation\3.2.5\spring-boot-starter-validation-3.2.5.jar;C:\Users\takow\.m2\repository\org\apache\tomcat\embed\tomcat-embed-el\10.1.20\tomcat-embed-el-10.1.20.jar;C:\Users\takow\.m2\repository\org\hibernate\validator\hibernate-validator\8.0.1.Final\hibernate-validator-8.0.1.Final.jar;C:\Users\takow\.m2\repository\jakarta\validation\jakarta.validation-api\3.0.2\jakarta.validation-api-3.0.2.jar;C:\Users\takow\.m2\repository\org\springframework\boot\spring-boot-starter-security\3.2.5\spring-boot-starter-security-3.2.5.jar;C:\Users\takow\.m2\repository\org\springframework\spring-aop\6.1.6\spring-aop-6.1.6.jar;C:\Users\takow\.m2\repository\org\springframework\security\spring-security-config\6.2.4\spring-security-config-6.2.4.jar;C:\Users\takow\.m2\repository\org\springframework\security\spring-security-core\6.2.4\spring-security-core-6.2.4.jar;C:\Users\takow\.m2\repository\org\springframework\security\spring-security-crypto\6.2.4\spring-security-crypto-6.2.4.jar;C:\Users\takow\.m2\repository\org\springframework\security\spring-security-web\6.2.4\spring-security-web-6.2.4.jar;C:\Users\takow\.m2\repository\org\springframework\boot\spring-boot-starter-actuator\3.2.5\spring-boot-starter-actuator-3.2.5.jar;C:\Users\takow\.m2\repository\org\springframework\boot\spring-boot-actuator-autoconfigure\3.2.5\spring-boot-actuator-autoconfigure-3.2.5.jar;C:\Users\takow\.m2\repository\org\springframework\boot\spring-boot-actuator\3.2.5\spring-boot-actuator-3.2.5.jar;C:\Users\takow\.m2\repository\io\micrometer\micrometer-observation\1.12.5\micrometer-observation-1.12.5.jar;C:\Users\takow\.m2\repository\io\micrometer\micrometer-commons\1.12.5\micrometer-commons-1.12.5.jar;C:\Users\takow\.m2\repository\io\micrometer\micrometer-jakarta9\1.12.5\micrometer-jakarta9-1.12.5.jar;C:\Users\takow\.m2\repository\io\micrometer\micrometer-core\1.12.5\micrometer-core-1.12.5.jar;C:\Users\takow\.m2\repository\org\hdrhistogram\HdrHistogram\2.1.12\HdrHistogram-2.1.12.jar;C:\Users\takow\.m2\repository\org\latencyutils\LatencyUtils\2.0.3\LatencyUtils-2.0.3.jar;C:\Users\takow\.m2\repository\org\springframework\boot\spring-boot-starter-test\3.2.5\spring-boot-starter-test-3.2.5.jar;C:\Users\takow\.m2\repository\org\springframework\boot\spring-boot-test\3.2.5\spring-boot-test-3.2.5.jar;C:\Users\takow\.m2\repository\org\springframework\boot\spring-boot-test-autoconfigure\3.2.5\spring-boot-test-autoconfigure-3.2.5.jar;C:\Users\takow\.m2\repository\com\jayway\jsonpath\json-path\2.9.0\json-path-2.9.0.jar;C:\Users\takow\.m2\repository\jakarta\xml\bind\jakarta.xml.bind-api\4.0.2\jakarta.xml.bind-api-4.0.2.jar;C:\Users\takow\.m2\repository\jakarta\activation\jakarta.activation-api\2.1.3\jakarta.activation-api-2.1.3.jar;C:\Users\takow\.m2\repository\net\minidev\json-smart\2.5.1\json-smart-2.5.1.jar;C:\Users\takow\.m2\repository\net\minidev\accessors-smart\2.5.1\accessors-smart-2.5.1.jar;C:\Users\takow\.m2\repository\org\ow2\asm\asm\9.6\asm-9.6.jar;C:\Users\takow\.m2\repository\org\assertj\assertj-core\3.24.2\assertj-core-3.24.2.jar;C:\Users\takow\.m2\repository\org\awaitility\awaitility\4.2.1\awaitility-4.2.1.jar;C:\Users\takow\.m2\repository\org\hamcrest\hamcrest\2.2\hamcrest-2.2.jar;C:\Users\takow\.m2\repository\org\junit\jupiter\junit-jupiter\5.10.2\junit-jupiter-5.10.2.jar;C:\Users\takow\.m2\repository\org\junit\jupiter\junit-jupiter-api\5.10.2\junit-jupiter-api-5.10.2.jar;C:\Users\takow\.m2\repository\org\opentest4j\opentest4j\1.3.0\opentest4j-1.3.0.jar;C:\Users\takow\.m2\repository\org\junit\platform\junit-platform-commons\1.10.2\junit-platform-commons-1.10.2.jar;C:\Users\takow\.m2\repository\org\apiguardian\apiguardian-api\1.1.2\apiguardian-api-1.1.2.jar;C:\Users\takow\.m2\repository\org\junit\jupiter\junit-jupiter-params\5.10.2\junit-jupiter-params-5.10.2.jar;C:\Users\takow\.m2\repository\org\junit\jupiter\junit-jupiter-engine\5.10.2\junit-jupiter-engine-5.10.2.jar;C:\Users\takow\.m2\repository\org\junit\platform\junit-platform-engine\1.10.2\junit-platform-engine-1.10.2.jar;C:\Users\takow\.m2\repository\org\mockito\mockito-core\5.7.0\mockito-core-5.7.0.jar;C:\Users\takow\.m2\repository\net\bytebuddy\byte-buddy-agent\1.14.13\byte-buddy-agent-1.14.13.jar;C:\Users\takow\.m2\repository\org\objenesis\objenesis\3.3\objenesis-3.3.jar;C:\Users\takow\.m2\repository\org\mockito\mockito-junit-jupiter\5.7.0\mockito-junit-jupiter-5.7.0.jar;C:\Users\takow\.m2\repository\org\skyscreamer\jsonassert\1.5.1\jsonassert-1.5.1.jar;C:\Users\takow\.m2\repository\com\vaadin\external\google\android-json\0.0.20131108.vaadin1\android-json-0.0.20131108.vaadin1.jar;C:\Users\takow\.m2\repository\org\springframework\spring-core\6.1.6\spring-core-6.1.6.jar;C:\Users\takow\.m2\repository\org\springframework\spring-jcl\6.1.6\spring-jcl-6.1.6.jar;C:\Users\takow\.m2\repository\org\springframework\spring-test\6.1.6\spring-test-6.1.6.jar;C:\Users\takow\.m2\repository\org\xmlunit\xmlunit-core\2.9.1\xmlunit-core-2.9.1.jar;"/>
    <property name="java.vm.vendor" value="Oracle Corporation"/>
    <property name="sun.arch.data.model" value="64"/>
    <property name="user.variant" value=""/>
    <property name="java.vendor.url" value="https://java.oracle.com/"/>
    <property name="user.timezone" value="Asia/Tokyo"/>
    <property name="org.jboss.logging.provider" value="slf4j"/>
    <property name="os.name" value="Windows 11"/>
    <property name="java.vm.specification.version" value="23"/>
    <property name="sun.java.launcher" value="SUN_STANDARD"/>
    <property name="user.country" value="JP"/>
    <property name="sun.boot.library.path" value="C:\Program Files\Java\jdk-23\bin"/>
    <property name="sun.java.command" value="C:\Users\takow\AppData\Local\Temp\surefire8854292697285788367\surefirebooter-20251013151249580_3.jar C:\Users\takow\AppData\Local\Temp\surefire8854292697285788367 2025-10-13T15-12-49_381-jvmRun1 surefire-20251013151249580_1tmp surefire_0-20251013151249580_2tmp"/>
    <property name="jdk.debug" value="release"/>
    <property name="surefire.test.class.path" value="C:\Users\takow\Documents\02_programming\java\shiftv1\target\test-classes;C:\Users\takow\Documents\02_programming\java\shiftv1\target\classes;C:\Users\takow\.m2\repository\org\springframework\boot\spring-boot-starter-web\3.2.5\spring-boot-starter-web-3.2.5.jar;C:\Users\takow\.m2\repository\org\springframework\boot\spring-boot-starter\3.2.5\spring-boot-starter-3.2.5.jar;C:\Users\takow\.m2\repository\org\springframework\boot\spring-boot\3.2.5\spring-boot-3.2.5.jar;C:\Users\takow\.m2\repository\org\springframework\boot\spring-boot-autoconfigure\3.2.5\spring-boot-autoconfigure-3.2.5.jar;C:\Users\takow\.m2\repository\org\springframework\boot\spring-boot-starter-logging\3.2.5\spring-boot-starter-logging-3.2.5.jar;C:\Users\takow\.m2\repository\ch\qos\logback\logback-classic\1.4.14\logback-classic-1.4.14.jar;C:\Users\takow\.m2\repository\ch\qos\logback\logback-core\1.4.14\logback-core-1.4.14.jar;C:\Users\takow\.m2\repository\org\apache\logging\log4j\log4j-to-slf4j\2.21.1\log4j-to-slf4j-2.21.1.jar;C:\Users\takow\.m2\repository\org\apache\logging\log4j\log4j-api\2.21.1\log4j-api-2.21.1.jar;C:\Users\takow\.m2\repository\org\slf4j\jul-to-slf4j\2.0.13\jul-to-slf4j-2.0.13.jar;C:\Users\takow\.m2\repository\jakarta\annotation\jakarta.annotation-api\2.1.1\jakarta.annotation-api-2.1.1.jar;C:\Users\takow\.m2\repository\org\yaml\snakeyaml\2.2\snakeyaml-2.2.jar;C:\Users\takow\.m2\repository\org\springframework\boot\spring-boot-starter-json\3.2.5\spring-boot-starter-json-3.2.5.jar;C:\Users\takow\.m2\repository\com\fasterxml\jackson\core\jackson-databind\2.15.4\jackson-databind-2.15.4.jar;C:\Users\takow\.m2\repository\com\fasterxml\jackson\core\jackson-annotations\2.15.4\jackson-annotations-2.15.4.jar;C:\Users\takow\.m2\repository\com\fasterxml\jackson\core\jackson-core\2.15.4\jackson-core-2.15.4.jar;C:\Users\takow\.m2\repository\com\fasterxml\jackson\datatype\jackson-datatype-jdk8\2.15.4\jackson-datatype-jdk8-2.15.4.jar;C:\Users\takow\.m2\repository\com\fasterxml\jackson\datatype\jackson-datatype-jsr310\2.15.4\jackson-datatype-jsr310-2.15.4.jar;C:\Users\takow\.m2\repository\com\fasterxml\jackson\module\jackson-module-parameter-names\2.15.4\jackson-module-parameter-names-2.15.4.jar;C:\Users\takow\.m2\repository\org\springframework\boot\spring-boot-starter-tomcat\3.2.5\spring-boot-starter-tomcat-3.2.5.jar;C:\Users\takow\.m2\repository\org\apache\tomcat\embed\tomcat-embed-core\10.1.20\tomcat-embed-core-10.1.20.jar;C:\Users\takow\.m2\repository\org\apache\tomcat\embed\tomcat-embed-websocket\10.1.20\tomcat-embed-websocket-10.1.20.jar;C:\Users\takow\.m2\repository\org\springframework\spring-web\6.1.6\spring-web-6.1.6.jar;C:\Users\takow\.m2\repository\org\springframework\spring-beans\6.1.6\spring-beans-6.1.6.jar;C:\Users\takow\.m2\repository\org\springframework\spring-webmvc\6.1.6\spring-webmvc-6.1.6.jar;C:\Users\takow\.m2\repository\org\springframework\spring-context\6.1.6\spring-context-6.1.6.jar;C:\Users\takow\.m2\repository\org\springframework\spring-expression\6.1.6\spring-expression-6.1.6.jar;C:\Users\takow\.m2\repository\org\springframework\boot\spring-boot-starter-data-jpa\3.2.5\spring-boot-starter-data-jpa-3.2.5.jar;C:\Users\takow\.m2\repository\org\springframework\boot\spring-boot-starter-aop\3.2.5\spring-boot-starter-aop-3.2.5.jar;C:\Users\takow\.m2\repository\org\aspectj\aspectjweaver\1.9.22\aspectjweaver-1.9.22.jar;C:\Users\takow\.m2\repository\org\springframework\boot\spring-boot-starter-jdbc\3.2.5\spring-boot-starter-jdbc-3.2.5.jar;C:\Users\takow\.m2\repository\com\zaxxer\HikariCP\5.0.1\HikariCP-5.0.1.jar;C:\Users\takow\.m2\repository\org\springframework\spring-jdbc\6.1.6\spring-jdbc-6.1.6.jar;C:\Users\takow\.m2\repository\org\hibernate\orm\hibernate-core\6.4.4.Final\hibernate-core-6.4.4.Final.jar;C:\Users\takow\.m2\repository\jakarta\persistence\jakarta.persistence-api\3.1.0\jakarta.persistence-api-3.1.0.jar;C:\Users\takow\.m2\repository\jakarta\transaction\jakarta.transaction-api\2.0.1\jakarta.transaction-api-2.0.1.jar;C:\Users\takow\.m2\repository\org\hibernate\common\hibernate-commons-annotations\6.0.6.Final\hibernate-commons-annotations-6.0.6.Final.jar;C:\Users\takow\.m2\repository\io\smallrye\jandex\3.1.2\jandex-3.1.2.jar;C:\Users\takow\.m2\repository\com\fasterxml\classmate\1.6.0\classmate-1.6.0.jar;C:\Users\takow\.m2\repository\net\bytebuddy\byte-buddy\1.14.13\byte-buddy-1.14.13.jar;C:\Users\takow\.m2\repository\org\glassfish\jaxb\jaxb-runtime\4.0.5\jaxb-runtime-4.0.5.jar;C:\Users\takow\.m2\repository\org\glassfish\jaxb\jaxb-core\4.0.5\jaxb-core-4.0.5.jar;C:\Users\takow\.m2\repository\org\eclipse\angus\angus-activation\2.0.2\angus-activation-2.0.2.jar;C:\Users\takow\.m2\repository\org\glassfish\jaxb\txw2\4.0.5\txw2-4.0.5.jar;C:\Users\takow\.m2\repository\com\sun\istack\istack-commons-runtime\4.1.2\istack-commons-runtime-4.1.2.jar;C:\Users\takow\.m2\repository\jakarta\inject\jakarta.inject-api\2.0.1\jakarta.inject-api-2.0.1.jar;C:\Users\takow\.m2\repository\org\antlr\antlr4-runtime\4.13.0\antlr4-runtime-4.13.0.jar;C:\Users\takow\.m2\repository\org\springframework\data\spring-data-jpa\3.2.5\spring-data-jpa-3.2.5.jar;C:\Users\takow\.m2\repository\org\springframework\data\spring-data-commons\3.2.5\spring-data-commons-3.2.5.jar;C:\Users\takow\.m2\repository\org\springframework\spring-orm\6.1.6\spring-orm-6.1.6.jar;C:\Users\takow\.m2\repository\org\springframework\spring-tx\6.1.6\spring-tx-6.1.6.jar;C:\Users\takow\.m2\repository\org\springframework\spring-aspects\6.1.6\spring-aspects-6.1.6.jar;C:\Users\takow\.m2\repository\org\xerial\sqlite-jdbc\3.46.0.0\sqlite-jdbc-3.46.0.0.jar;C:\Users\takow\.m2\repository\org\slf4j\slf4j-api\2.0.13\slf4j-api-2.0.13.jar;C:\Users\takow\.m2\repository\org\hibernate\orm\hibernate-community-dialects\6.4.4.Final\hibernate-community-dialects-6.4.4.Final.jar;C:\Users\takow\.m2\repository\org\jboss\logging\jboss-logging\3.5.3.Final\jboss-logging-3.5.3.Final.jar;C:\Users\takow\.m2\repository\org\projectlombok\lombok\1.18.32\lombok-1.18.32.jar;C:\Users\takow\.m2\repository\org\springframework\boot\spring-boot-starter-thymeleaf\3.2.5\spring-boot-starter-thymeleaf-3.2.5.jar;C:\Users\takow\.m2\repository\org\thymeleaf\thymeleaf-spring6\3.1.2.RELEASE\thymeleaf-spring6-3.1.2.RELEASE.jar;C:\Users\takow\.m2\repository\org\thymeleaf\thymeleaf\3.1.2.RELEASE\thymeleaf-3.1.2.RELEASE.jar;C:\Users\takow\.m2\repository\org\attoparser\attoparser\2.0.7.RELEASE\attoparser-2.0.7.RELEASE.jar;C:\Users\takow\.m2\repository\org\unbescape\unbescape\1.1.6.RELEASE\unbescape-1.1.6.RELEASE.jar;C:\Users\takow\.m2\repository\org\springframework\boot\spring-boot-starter-validation\3.2.5\spring-boot-starter-validation-3.2.5.jar;C:\Users\takow\.m2\repository\org\apache\tomcat\embed\tomcat-embed-el\10.1.20\tomcat-embed-el-10.1.20.jar;C:\Users\takow\.m2\repository\org\hibernate\validator\hibernate-validator\8.0.1.Final\hibernate-validator-8.0.1.Final.jar;C:\Users\takow\.m2\repository\jakarta\validation\jakarta.validation-api\3.0.2\jakarta.validation-api-3.0.2.jar;C:\Users\takow\.m2\repository\org\springframework\boot\spring-boot-starter-security\3.2.5\spring-boot-starter-security-3.2.5.jar;C:\Users\takow\.m2\repository\org\springframework\spring-aop\6.1.6\spring-aop-6.1.6.jar;C:\Users\takow\.m2\repository\org\springframework\security\spring-security-config\6.2.4\spring-security-config-6.2.4.jar;C:\Users\takow\.m2\repository\org\springframework\security\spring-security-core\6.2.4\spring-security-core-6.2.4.jar;C:\Users\takow\.m2\repository\org\springframework\security\spring-security-crypto\6.2.4\spring-security-crypto-6.2.4.jar;C:\Users\takow\.m2\repository\org\springframework\security\spring-security-web\6.2.4\spring-security-web-6.2.4.jar;C:\Users\takow\.m2\repository\org\springframework\boot\spring-boot-starter-actuator\3.2.5\spring-boot-starter-actuator-3.2.5.jar;C:\Users\takow\.m2\repository\org\springframework\boot\spring-boot-actuator-autoconfigure\3.2.5\spring-boot-actuator-autoconfigure-3.2.5.jar;C:\Users\takow\.m2\repository\org\springframework\boot\spring-boot-actuator\3.2.5\spring-boot-actuator-3.2.5.jar;C:\Users\takow\.m2\repository\io\micrometer\micrometer-observation\1.12.5\micrometer-observation-1.12.5.jar;C:\Users\takow\.m2\repository\io\micrometer\micrometer-commons\1.12.5\micrometer-commons-1.12.5.jar;C:\Users\takow\.m2\repository\io\micrometer\micrometer-jakarta9\1.12.5\micrometer-jakarta9-1.12.5.jar;C:\Users\takow\.m2\repository\io\micrometer\micrometer-core\1.12.5\micrometer-core-1.12.5.jar;C:\Users\takow\.m2\repository\org\hdrhistogram\HdrHistogram\2.1.12\HdrHistogram-2.1.12.jar;C:\Users\takow\.m2\repository\org\latencyutils\LatencyUtils\2.0.3\LatencyUtils-2.0.3.jar;C:\Users\takow\.m2\repository\org\springframework\boot\spring-boot-starter-test\3.2.5\spring-boot-starter-test-3.2.5.jar;C:\Users\takow\.m2\repository\org\springframework\boot\spring-boot-test\3.2.5\spring-boot-test-3.2.5.jar;C:\Users\takow\.m2\repository\org\springframework\boot\spring-boot-test-autoconfigure\3.2.5\spring-boot-test-autoconfigure-3.2.5.jar;C:\Users\takow\.m2\repository\com\jayway\jsonpath\json-path\2.9.0\json-path-2.9.0.jar;C:\Users\takow\.m2\repository\jakarta\xml\bind\jakarta.xml.bind-api\4.0.2\jakarta.xml.bind-api-4.0.2.jar;C:\Users\takow\.m2\repository\jakarta\activation\jakarta.activation-api\2.1.3\jakarta.activation-api-2.1.3.jar;C:\Users\takow\.m2\repository\net\minidev\json-smart\2.5.1\json-smart-2.5.1.jar;C:\Users\takow\.m2\repository\net\minidev\accessors-smart\2.5.1\accessors-smart-2.5.1.jar;C:\Users\takow\.m2\repository\org\ow2\asm\asm\9.6\asm-9.6.jar;C:\Users\takow\.m2\repository\org\assertj\assertj-core\3.24.2\assertj-core-3.24.2.jar;C:\Users\takow\.m2\repository\org\awaitility\awaitility\4.2.1\awaitility-4.2.1.jar;C:\Users\takow\.m2\repository\org\hamcrest\hamcrest\2.2\hamcrest-2.2.jar;C:\Users\takow\.m2\repository\org\junit\jupiter\junit-jupiter\5.10.2\junit-jupiter-5.10.2.jar;C:\Users\takow\.m2\repository\org\junit\jupiter\junit-jupiter-api\5.10.2\junit-jupiter-api-5.10.2.jar;C:\Users\takow\.m2\repository\org\opentest4j\opentest4j\1.3.0\opentest4j-1.3.0.jar;C:\Users\takow\.m2\repository\org\junit\platform\junit-platform-commons\1.10.2\junit-platform-commons-1.10.2.jar;C:\Users\takow\.m2\repository\org\apiguardian\apiguardian-api\1.1.2\apiguardian-api-1.1.2.jar;C:\Users\takow\.m2\repository\org\junit\jupiter\junit-jupiter-params\5.10.2\junit-jupiter-params-5.10.2.jar;C:\Users\takow\.m2\repository\org\junit\jupiter\junit-jupiter-engine\5.10.2\junit-jupiter-engine-5.10.2.jar;C:\Users\takow\.m2\repository\org\junit\platform\junit-platform-engine\1.10.2\junit-platform-engine-1.10.2.jar;C:\Users\takow\.m2\repository\org\mockito\mockito-core\5.7.0\mockito-core-5.7.0.jar;C:\Users\takow\.m2\repository\net\bytebuddy\byte-buddy-agent\1.14.13\byte-buddy-agent-1.14.13.jar;C:\Users\takow\.m2\repository\org\objenesis\objenesis\3.3\objenesis-3.3.jar;C:\Users\takow\.m2\repository\org\mockito\mockito-junit-jupiter\5.7.0\mockito-junit-jupiter-5.7.0.jar;C:\Users\takow\.m2\repository\org\skyscreamer\jsonassert\1.5.1\jsonassert-1.5.1.jar;C:\Users\takow\.m2\repository\com\vaadin\external\google\android-json\0.0.20131108.vaadin1\android-json-0.0.20131108.vaadin1.jar;C:\Users\takow\.m2\repository\org\springframework\spring-core\6.1.6\spring-core-6.1.6.jar;C:\Users\takow\.m2\repository\org\springframework\spring-jcl\6.1.6\spring-jcl-6.1.6.jar;C:\Users\takow\.m2\repository\org\springframework\spring-test\6.1.6\spring-test-6.1.6.jar;C:\Users\takow\.m2\repository\org\xmlunit\xmlunit-core\2.9.1\xmlunit-core-2.9.1.jar;"/>
    <property name="sun.cpu.endian" value="little"/>
    <property name="user.home" value="C:\Users\takow"/>
    <property name="user.language" value="ja"/>
    <property name="java.specification.vendor" value="Oracle Corporation"/>
    <property name="java.version.date" value="2025-01-21"/>
    <property name="java.home" value="C:\Program Files\Java\jdk-23"/>
    <property name="file.separator" value="\"/>
    <property name="basedir" value="C:\Users\takow\Documents\02_programming\java\shiftv1"/>
    <property name="java.vm.compressedOopsMode" value="32-bit"/>
    <property name="line.separator" value="&#10;"/>
    <property name="java.vm.specification.vendor" value="Oracle Corporation"/>
    <property name="java.specification.name" value="Java Platform API Specification"/>
    <property name="FILE_LOG_CHARSET" value="UTF-8"/>
    <property name="java.awt.headless" value="true"/>
    <property name="surefire.real.class.path" value="C:\Users\takow\AppData\Local\Temp\surefire8854292697285788367\surefirebooter-20251013151249580_3.jar"/>
    <property name="user.script" value=""/>
    <property name="sun.management.compiler" value="HotSpot 64-Bit Tiered Compilers"/>
    <property name="java.runtime.version" value="23.0.2+7-58"/>
    <property name="user.name" value="takow"/>
    <property name="stdout.encoding" value="MS932"/>
    <property name="path.separator" value=";"/>
    <property name="os.version" value="10.0"/>
    <property name="java.runtime.name" value="Java(TM) SE Runtime Environment"/>
    <property name="file.encoding" value="UTF-8"/>
    <property name="java.vm.name" value="Java HotSpot(TM) 64-Bit Server VM"/>
    <property name="localRepository" value="C:\Users\takow\.m2\repository"/>
    <property name="java.vendor.url.bug" value="https://bugreport.java.com/bugreport/"/>
    <property name="java.io.tmpdir" value="C:\Users\takow\AppData\Local\Temp\"/>
    <property name="com.zaxxer.hikari.pool_number" value="1"/>
    <property name="java.version" value="23.0.2"/>
    <property name="user.dir" value="C:\Users\takow\Documents\02_programming\java\shiftv1"/>
    <property name="os.arch" value="amd64"/>
    <property name="java.vm.specification.name" value="Java Virtual Machine Specification"/>
    <property name="PID" value="16864"/>
    <property name="sun.os.patch.level" value=""/>
    <property name="CONSOLE_LOG_CHARSET" value="UTF-8"/>
    <property name="native.encoding" value="MS932"/>
    <property name="java.library.path" value="C:\Program Files\Java\jdk-23\bin;C:\WINDOWS\Sun\Java\bin;C:\WINDOWS\system32;C:\WINDOWS;C:\Program Files\PowerShell\7;C:\Users\takow\AppData\Local\Temp\.tmp7hk6cO;C:\Program Files (x86)\Microsoft\Edge\Application;C:\Program Files\Java\jdk-23\bin;C:\Program Files\Java\jdk-23\bin;C:\Program Files\Java\jdk-23\bin;C:\WINDOWS\System32&quot;;C:\Program Files\Git\cmd;C:\Program Files\PowerShell\7\;C:\Program Files\cursor\resources\app\bin&quot;;C:\Program Files\Git\cmd;C:\Program Files\PowerShell\7\;C:\Program Files\cursor\resources\app\bin&quot;;C:\Program Files\Git\cmd;C:\Program Files\PowerShell\7\;C:\Program Files\cursor\resources\app\bin;C:\Users\takow\Documents\SQLite;C:\Users\takow\AppData\Local\Programs\Python\Python312\;C:\Users\takow\AppData\Local\Programs\Python\Launcher\;C:\Users\takow\AppData\Local\Microsoft\WindowsApps;C:\Users\takow\AppData\Local\Programs\Microsoft VS Code\bin;C:\Users\takow\Documents\02_programming\java\099_環境\apache-maven-3.9.9\bin;C:\Users\takow\AppData\Local\JetBrains\Toolbox\scripts;C:\Windows\System32;;c:\Users\takow\.vscode\extensions\openai.chatgpt-0.4.19-win32-x64\bin\windows-x86_64;."/>
    <property name="java.vm.info" value="mixed mode, sharing"/>
    <property name="stderr.encoding" value="MS932"/>
    <property name="java.vendor" value="Oracle Corporation"/>
    <property name="java.vm.version" value="23.0.2+7-58"/>
    <property name="sun.io.unicode.encoding" value="UnicodeLittle"/>
    <property name="java.class.version" value="67.0"/>
    <property name="LOGGED_APPLICATION_NAME" value="[Shift Scheduler Demo] "/>
  </properties>
  <testcase name="generateMonthlySchedule_respectsEmployeeConstraints" classname="com.example.shiftv1.schedule.ScheduleServiceTest" time="2.492">
    <system-out><![CDATA[15:12:51.124 [main] INFO org.springframework.test.context.support.AnnotationConfigContextLoaderUtils -- Could not detect default configuration classes for test class [com.example.shiftv1.schedule.ScheduleServiceTest]: ScheduleServiceTest does not declare any static, non-private, non-final, nested classes annotated with @Configuration.
15:12:51.392 [main] INFO org.springframework.boot.test.context.SpringBootTestContextBootstrapper -- Found @SpringBootConfiguration com.example.shiftv1.Shiftv1Application for test class com.example.shiftv1.schedule.ScheduleServiceTest

  .   ____          _            __ _ _
 /\\ / ___'_ __ _ _(_)_ __  __ _ \ \ \ \
( ( )\___ | '_ | '_| | '_ \/ _` | \ \ \ \
 \\/  ___)| |_)| | | | | || (_| |  ) ) ) )
  '  |____| .__|_| |_|_| |_\__, | / / / /
 =========|_|==============|___/=/_/_/_/
 :: Spring Boot ::                (v3.2.5)

2025-10-13T15:12:52.195+09:00  INFO 16864 --- [Shift Scheduler Demo] [           main] c.e.s.schedule.ScheduleServiceTest       : Starting ScheduleServiceTest using Java 23.0.2 with PID 16864 (started by takow in C:\Users\takow\Documents\02_programming\java\shiftv1)
2025-10-13T15:12:52.197+09:00  INFO 16864 --- [Shift Scheduler Demo] [           main] c.e.s.schedule.ScheduleServiceTest       : No active profile set, falling back to 1 default profile: "default"
2025-10-13T15:12:54.225+09:00  INFO 16864 --- [Shift Scheduler Demo] [           main] .s.d.r.c.RepositoryConfigurationDelegate : Bootstrapping Spring Data JPA repositories in DEFAULT mode.
2025-10-13T15:12:54.347+09:00  INFO 16864 --- [Shift Scheduler Demo] [           main] .s.d.r.c.RepositoryConfigurationDelegate : Finished Spring Data repository scanning in 110 ms. Found 6 JPA repository interfaces.
2025-10-13T15:12:56.103+09:00  INFO 16864 --- [Shift Scheduler Demo] [           main] o.hibernate.jpa.internal.util.LogHelper  : HHH000204: Processing PersistenceUnitInfo [name: default]
2025-10-13T15:12:56.270+09:00  INFO 16864 --- [Shift Scheduler Demo] [           main] org.hibernate.Version                    : HHH000412: Hibernate ORM core version 6.4.4.Final
2025-10-13T15:12:56.349+09:00  INFO 16864 --- [Shift Scheduler Demo] [           main] o.h.c.internal.RegionFactoryInitiator    : HHH000026: Second-level cache disabled
2025-10-13T15:12:56.972+09:00  INFO 16864 --- [Shift Scheduler Demo] [           main] o.s.o.j.p.SpringPersistenceUnitInfo      : No LoadTimeWeaver setup: ignoring JPA class transformer
2025-10-13T15:12:57.031+09:00  INFO 16864 --- [Shift Scheduler Demo] [           main] com.zaxxer.hikari.HikariDataSource       : HikariPool-1 - Starting...
2025-10-13T15:12:57.509+09:00  INFO 16864 --- [Shift Scheduler Demo] [           main] com.zaxxer.hikari.pool.HikariPool        : HikariPool-1 - Added connection org.sqlite.jdbc4.JDBC4Connection@8cb7185
2025-10-13T15:12:57.511+09:00  INFO 16864 --- [Shift Scheduler Demo] [           main] com.zaxxer.hikari.HikariDataSource       : HikariPool-1 - Start completed.
2025-10-13T15:12:59.068+09:00  INFO 16864 --- [Shift Scheduler Demo] [           main] o.h.e.t.j.p.i.JtaPlatformInitiator       : HHH000489: No JTA platform available (set 'hibernate.transaction.jta.platform' to enable JTA platform integration)
2025-10-13T15:12:59.124+09:00  INFO 16864 --- [Shift Scheduler Demo] [           main] j.LocalContainerEntityManagerFactoryBean : Initialized JPA EntityManagerFactory for persistence unit 'default'
2025-10-13T15:13:00.296+09:00  INFO 16864 --- [Shift Scheduler Demo] [           main] o.s.d.j.r.query.QueryEnhancerFactory     : Hibernate is in classpath; If applicable, HQL parser will be used.
2025-10-13T15:13:02.128+09:00  WARN 16864 --- [Shift Scheduler Demo] [           main] JpaBaseConfiguration$JpaWebConfiguration : spring.jpa.open-in-view is enabled by default. Therefore, database queries may be performed during view rendering. Explicitly configure spring.jpa.open-in-view to disable this warning
2025-10-13T15:13:03.436+09:00  INFO 16864 --- [Shift Scheduler Demo] [           main] o.s.b.a.e.web.EndpointLinksResolver      : Exposing 1 endpoint(s) beneath base path '/actuator'
2025-10-13T15:13:03.622+09:00  INFO 16864 --- [Shift Scheduler Demo] [           main] o.s.s.web.DefaultSecurityFilterChain     : Will secure any request with [org.springframework.security.web.session.DisableEncodeUrlFilter@1642ef89, org.springframework.security.web.context.request.async.WebAsyncManagerIntegrationFilter@b3208a4, org.springframework.security.web.context.SecurityContextHolderFilter@7755382a, org.springframework.security.web.header.HeaderWriterFilter@66bd32b1, org.springframework.web.filter.CorsFilter@6796a69f, org.springframework.security.web.authentication.logout.LogoutFilter@5dce3e, org.springframework.security.web.authentication.UsernamePasswordAuthenticationFilter@60b4ce86, org.springframework.security.web.savedrequest.RequestCacheAwareFilter@289d98a, org.springframework.security.web.servletapi.SecurityContextHolderAwareRequestFilter@24f878f7, org.springframework.security.web.authentication.AnonymousAuthenticationFilter@60bf2a90, org.springframework.security.web.session.SessionManagementFilter@42bc7ca2, org.springframework.security.web.access.ExceptionTranslationFilter@3e3c2aa4, org.springframework.security.web.access.intercept.AuthorizationFilter@5c35a03b]
2025-10-13T15:13:04.884+09:00  INFO 16864 --- [Shift Scheduler Demo] [           main] c.e.s.schedule.ScheduleServiceTest       : Started ScheduleServiceTest in 13.234 seconds (process running for 15.071)
2025-10-13T15:13:05.351+09:00 DEBUG 16864 --- [Shift Scheduler Demo] [           main] org.hibernate.SQL                        : select u1_0.id from users u1_0 where u1_0.username=? limit ?
Hibernate: select u1_0.id from users u1_0 where u1_0.username=? limit ?
2025-10-13T15:13:05.379+09:00 DEBUG 16864 --- [Shift Scheduler Demo] [           main] org.hibernate.SQL                        : select u1_0.id from users u1_0 where u1_0.username=? limit ?
Hibernate: select u1_0.id from users u1_0 where u1_0.username=? limit ?
2025-10-13T15:13:05.381+09:00  INFO 16864 --- [Shift Scheduler Demo] [           main] c.e.shiftv1.auth.UserDataInitializer     : ユーザーデータの初期化が完了しました
2025-10-13T15:13:05.383+09:00 DEBUG 16864 --- [Shift Scheduler Demo] [           main] org.hibernate.SQL                        : select sc1_0.id from shift_config sc1_0 where sc1_0.name=? limit ?
Hibernate: select sc1_0.id from shift_config sc1_0 where sc1_0.name=? limit ?
2025-10-13T15:13:05.385+09:00 DEBUG 16864 --- [Shift Scheduler Demo] [           main] org.hibernate.SQL                        : select sc1_0.id from shift_config sc1_0 where sc1_0.name=? limit ?
Hibernate: select sc1_0.id from shift_config sc1_0 where sc1_0.name=? limit ?
2025-10-13T15:13:05.390+09:00 DEBUG 16864 --- [Shift Scheduler Demo] [           main] org.hibernate.SQL                        : select sc1_0.id from shift_config sc1_0 where sc1_0.name=? limit ?
Hibernate: select sc1_0.id from shift_config sc1_0 where sc1_0.name=? limit ?
2025-10-13T15:13:05.392+09:00  INFO 16864 --- [Shift Scheduler Demo] [           main] c.e.s.config.ShiftConfigDataInitializer  : シフト設定データの初期化が完了しました
2025-10-13T15:13:05.422+09:00 DEBUG 16864 --- [Shift Scheduler Demo] [           main] org.hibernate.SQL                        : select count(*) from employee_constraints ec1_0
Hibernate: select count(*) from employee_constraints ec1_0
2025-10-13T15:13:05.424+09:00  INFO 16864 --- [Shift Scheduler Demo] [           main] c.e.s.c.ConstraintDataInitializer        : 制約データは既に存在します
2025-10-13T15:13:05.427+09:00 DEBUG 16864 --- [Shift Scheduler Demo] [           main] org.hibernate.SQL                        : select count(*) from shift_change_requests scr1_0
Hibernate: select count(*) from shift_change_requests scr1_0
2025-10-13T15:13:05.428+09:00  INFO 16864 --- [Shift Scheduler Demo] [           main] c.e.s.s.ShiftChangeDataInitializer       : シフト変更申請データは既に存在します
2025-10-13T15:13:06.387+09:00 DEBUG 16864 --- [Shift Scheduler Demo] [           main] org.hibernate.SQL                        : select sa1_0.id,sa1_0.employee_id,sa1_0.end_time,sa1_0.shift_name,sa1_0.start_time,sa1_0.work_date from shift_assignments sa1_0
Hibernate: select sa1_0.id,sa1_0.employee_id,sa1_0.end_time,sa1_0.shift_name,sa1_0.start_time,sa1_0.work_date from shift_assignments sa1_0
2025-10-13T15:13:06.737+09:00 DEBUG 16864 --- [Shift Scheduler Demo] [           main] org.hibernate.SQL                        : select ec1_0.id,ec1_0.is_active,ec1_0.created_at,ec1_0.date,ec1_0.employee_id,ec1_0.end_time,ec1_0.reason,ec1_0.start_time,ec1_0.type,ec1_0.updated_at from employee_constraints ec1_0
Hibernate: select ec1_0.id,ec1_0.is_active,ec1_0.created_at,ec1_0.date,ec1_0.employee_id,ec1_0.end_time,ec1_0.reason,ec1_0.start_time,ec1_0.type,ec1_0.updated_at from employee_constraints ec1_0
2025-10-13T15:13:06.756+09:00 DEBUG 16864 --- [Shift Scheduler Demo] [           main] org.hibernate.SQL                        : select e1_0.id,e1_0.created_at,e1_0.name,e1_0.role from employees e1_0
Hibernate: select e1_0.id,e1_0.created_at,e1_0.name,e1_0.role from employees e1_0
2025-10-13T15:13:06.919+09:00 DEBUG 16864 --- [Shift Scheduler Demo] [           main] org.hibernate.SQL                        : insert into employee_constraints (is_active,created_at,date,employee_id,end_time,reason,start_time,type,updated_at) values (?,?,?,?,?,?,?,?,?)
Hibernate: insert into employee_constraints (is_active,created_at,date,employee_id,end_time,reason,start_time,type,updated_at) values (?,?,?,?,?,?,?,?,?)
2025-10-13T15:13:06.929+09:00 DEBUG 16864 --- [Shift Scheduler Demo] [           main] org.hibernate.SQL                        : select last_insert_rowid()
Hibernate: select last_insert_rowid()
2025-10-13T15:13:06.935+09:00 DEBUG 16864 --- [Shift Scheduler Demo] [           main] org.hibernate.SQL                        : insert into employee_constraints (is_active,created_at,date,employee_id,end_time,reason,start_time,type,updated_at) values (?,?,?,?,?,?,?,?,?)
Hibernate: insert into employee_constraints (is_active,created_at,date,employee_id,end_time,reason,start_time,type,updated_at) values (?,?,?,?,?,?,?,?,?)
2025-10-13T15:13:06.937+09:00 DEBUG 16864 --- [Shift Scheduler Demo] [           main] org.hibernate.SQL                        : select last_insert_rowid()
Hibernate: select last_insert_rowid()
2025-10-13T15:13:06.943+09:00  INFO 16864 --- [Shift Scheduler Demo] [           main] c.e.shiftv1.schedule.ScheduleService     : シフト生成を開始します: 2024年7月
2025-10-13T15:13:06.949+09:00 DEBUG 16864 --- [Shift Scheduler Demo] [           main] org.hibernate.SQL                        : select e1_0.id,e1_0.created_at,e1_0.name,e1_0.role from employees e1_0
Hibernate: select e1_0.id,e1_0.created_at,e1_0.name,e1_0.role from employees e1_0
2025-10-13T15:13:06.967+09:00 DEBUG 16864 --- [Shift Scheduler Demo] [           main] org.hibernate.SQL                        : delete from shift_assignments where id=?
Hibernate: delete from shift_assignments where id=?
2025-10-13T15:13:06.972+09:00 DEBUG 16864 --- [Shift Scheduler Demo] [           main] org.hibernate.SQL                        : delete from shift_assignments where id=?
Hibernate: delete from shift_assignments where id=?
2025-10-13T15:13:06.973+09:00 DEBUG 16864 --- [Shift Scheduler Demo] [           main] org.hibernate.SQL                        : delete from shift_assignments where id=?
Hibernate: delete from shift_assignments where id=?
2025-10-13T15:13:06.974+09:00 DEBUG 16864 --- [Shift Scheduler Demo] [           main] org.hibernate.SQL                        : delete from shift_assignments where id=?
Hibernate: delete from shift_assignments where id=?
2025-10-13T15:13:06.974+09:00 DEBUG 16864 --- [Shift Scheduler Demo] [           main] org.hibernate.SQL                        : delete from shift_assignments where id=?
Hibernate: delete from shift_assignments where id=?
2025-10-13T15:13:06.975+09:00 DEBUG 16864 --- [Shift Scheduler Demo] [           main] org.hibernate.SQL                        : delete from shift_assignments where id=?
Hibernate: delete from shift_assignments where id=?
2025-10-13T15:13:06.975+09:00 DEBUG 16864 --- [Shift Scheduler Demo] [           main] org.hibernate.SQL                        : delete from shift_assignments where id=?
Hibernate: delete from shift_assignments where id=?
2025-10-13T15:13:06.976+09:00 DEBUG 16864 --- [Shift Scheduler Demo] [           main] org.hibernate.SQL                        : delete from shift_assignments where id=?
Hibernate: delete from shift_assignments where id=?
2025-10-13T15:13:06.976+09:00 DEBUG 16864 --- [Shift Scheduler Demo] [           main] org.hibernate.SQL                        : delete from shift_assignments where id=?
Hibernate: delete from shift_assignments where id=?
2025-10-13T15:13:06.976+09:00 DEBUG 16864 --- [Shift Scheduler Demo] [           main] org.hibernate.SQL                        : delete from shift_assignments where id=?
Hibernate: delete from shift_assignments where id=?
2025-10-13T15:13:06.977+09:00 DEBUG 16864 --- [Shift Scheduler Demo] [           main] org.hibernate.SQL                        : delete from shift_assignments where id=?
Hibernate: delete from shift_assignments where id=?
2025-10-13T15:13:06.977+09:00 DEBUG 16864 --- [Shift Scheduler Demo] [           main] org.hibernate.SQL                        : delete from shift_assignments where id=?
Hibernate: delete from shift_assignments where id=?
2025-10-13T15:13:06.978+09:00 DEBUG 16864 --- [Shift Scheduler Demo] [           main] org.hibernate.SQL                        : delete from shift_assignments where id=?
Hibernate: delete from shift_assignments where id=?
2025-10-13T15:13:06.978+09:00 DEBUG 16864 --- [Shift Scheduler Demo] [           main] org.hibernate.SQL                        : delete from shift_assignments where id=?
Hibernate: delete from shift_assignments where id=?
2025-10-13T15:13:06.979+09:00 DEBUG 16864 --- [Shift Scheduler Demo] [           main] org.hibernate.SQL                        : delete from shift_assignments where id=?
Hibernate: delete from shift_assignments where id=?
2025-10-13T15:13:06.979+09:00 DEBUG 16864 --- [Shift Scheduler Demo] [           main] org.hibernate.SQL                        : delete from shift_assignments where id=?
Hibernate: delete from shift_assignments where id=?
2025-10-13T15:13:06.979+09:00 DEBUG 16864 --- [Shift Scheduler Demo] [           main] org.hibernate.SQL                        : delete from shift_assignments where id=?
Hibernate: delete from shift_assignments where id=?
2025-10-13T15:13:06.980+09:00 DEBUG 16864 --- [Shift Scheduler Demo] [           main] org.hibernate.SQL                        : delete from shift_assignments where id=?
Hibernate: delete from shift_assignments where id=?
2025-10-13T15:13:06.980+09:00 DEBUG 16864 --- [Shift Scheduler Demo] [           main] org.hibernate.SQL                        : delete from shift_assignments where id=?
Hibernate: delete from shift_assignments where id=?
2025-10-13T15:13:06.981+09:00 DEBUG 16864 --- [Shift Scheduler Demo] [           main] org.hibernate.SQL                        : delete from shift_assignments where id=?
Hibernate: delete from shift_assignments where id=?
2025-10-13T15:13:06.981+09:00 DEBUG 16864 --- [Shift Scheduler Demo] [           main] org.hibernate.SQL                        : delete from shift_assignments where id=?
Hibernate: delete from shift_assignments where id=?
2025-10-13T15:13:06.982+09:00 DEBUG 16864 --- [Shift Scheduler Demo] [           main] org.hibernate.SQL                        : delete from shift_assignments where id=?
Hibernate: delete from shift_assignments where id=?
2025-10-13T15:13:06.982+09:00 DEBUG 16864 --- [Shift Scheduler Demo] [           main] org.hibernate.SQL                        : delete from shift_assignments where id=?
Hibernate: delete from shift_assignments where id=?
2025-10-13T15:13:06.982+09:00 DEBUG 16864 --- [Shift Scheduler Demo] [           main] org.hibernate.SQL                        : delete from shift_assignments where id=?
Hibernate: delete from shift_assignments where id=?
2025-10-13T15:13:06.983+09:00 DEBUG 16864 --- [Shift Scheduler Demo] [           main] org.hibernate.SQL                        : delete from shift_assignments where id=?
Hibernate: delete from shift_assignments where id=?
2025-10-13T15:13:06.983+09:00 DEBUG 16864 --- [Shift Scheduler Demo] [           main] org.hibernate.SQL                        : delete from shift_assignments where id=?
Hibernate: delete from shift_assignments where id=?
2025-10-13T15:13:06.984+09:00 DEBUG 16864 --- [Shift Scheduler Demo] [           main] org.hibernate.SQL                        : delete from shift_assignments where id=?
Hibernate: delete from shift_assignments where id=?
2025-10-13T15:13:06.984+09:00 DEBUG 16864 --- [Shift Scheduler Demo] [           main] org.hibernate.SQL                        : delete from shift_assignments where id=?
Hibernate: delete from shift_assignments where id=?
2025-10-13T15:13:06.985+09:00 DEBUG 16864 --- [Shift Scheduler Demo] [           main] org.hibernate.SQL                        : delete from shift_assignments where id=?
Hibernate: delete from shift_assignments where id=?
2025-10-13T15:13:06.985+09:00 DEBUG 16864 --- [Shift Scheduler Demo] [           main] org.hibernate.SQL                        : delete from shift_assignments where id=?
Hibernate: delete from shift_assignments where id=?
2025-10-13T15:13:06.986+09:00 DEBUG 16864 --- [Shift Scheduler Demo] [           main] org.hibernate.SQL                        : delete from shift_assignments where id=?
Hibernate: delete from shift_assignments where id=?
2025-10-13T15:13:06.986+09:00 DEBUG 16864 --- [Shift Scheduler Demo] [           main] org.hibernate.SQL                        : delete from shift_assignments where id=?
Hibernate: delete from shift_assignments where id=?
2025-10-13T15:13:06.986+09:00 DEBUG 16864 --- [Shift Scheduler Demo] [           main] org.hibernate.SQL                        : delete from shift_assignments where id=?
Hibernate: delete from shift_assignments where id=?
2025-10-13T15:13:06.987+09:00 DEBUG 16864 --- [Shift Scheduler Demo] [           main] org.hibernate.SQL                        : delete from shift_assignments where id=?
Hibernate: delete from shift_assignments where id=?
2025-10-13T15:13:06.987+09:00 DEBUG 16864 --- [Shift Scheduler Demo] [           main] org.hibernate.SQL                        : delete from shift_assignments where id=?
Hibernate: delete from shift_assignments where id=?
2025-10-13T15:13:06.988+09:00 DEBUG 16864 --- [Shift Scheduler Demo] [           main] org.hibernate.SQL                        : delete from shift_assignments where id=?
Hibernate: delete from shift_assignments where id=?
2025-10-13T15:13:06.989+09:00 DEBUG 16864 --- [Shift Scheduler Demo] [           main] org.hibernate.SQL                        : delete from shift_assignments where id=?
Hibernate: delete from shift_assignments where id=?
2025-10-13T15:13:06.989+09:00 DEBUG 16864 --- [Shift Scheduler Demo] [           main] org.hibernate.SQL                        : delete from shift_assignments where id=?
Hibernate: delete from shift_assignments where id=?
2025-10-13T15:13:06.990+09:00 DEBUG 16864 --- [Shift Scheduler Demo] [           main] org.hibernate.SQL                        : delete from shift_assignments where id=?
Hibernate: delete from shift_assignments where id=?
2025-10-13T15:13:06.990+09:00 DEBUG 16864 --- [Shift Scheduler Demo] [           main] org.hibernate.SQL                        : delete from shift_assignments where id=?
Hibernate: delete from shift_assignments where id=?
2025-10-13T15:13:06.991+09:00 DEBUG 16864 --- [Shift Scheduler Demo] [           main] org.hibernate.SQL                        : delete from shift_assignments where id=?
Hibernate: delete from shift_assignments where id=?
2025-10-13T15:13:06.991+09:00 DEBUG 16864 --- [Shift Scheduler Demo] [           main] org.hibernate.SQL                        : delete from shift_assignments where id=?
Hibernate: delete from shift_assignments where id=?
2025-10-13T15:13:06.992+09:00 DEBUG 16864 --- [Shift Scheduler Demo] [           main] org.hibernate.SQL                        : delete from shift_assignments where id=?
Hibernate: delete from shift_assignments where id=?
2025-10-13T15:13:06.992+09:00 DEBUG 16864 --- [Shift Scheduler Demo] [           main] org.hibernate.SQL                        : delete from shift_assignments where id=?
Hibernate: delete from shift_assignments where id=?
2025-10-13T15:13:06.992+09:00 DEBUG 16864 --- [Shift Scheduler Demo] [           main] org.hibernate.SQL                        : delete from shift_assignments where id=?
Hibernate: delete from shift_assignments where id=?
2025-10-13T15:13:06.993+09:00 DEBUG 16864 --- [Shift Scheduler Demo] [           main] org.hibernate.SQL                        : delete from shift_assignments where id=?
Hibernate: delete from shift_assignments where id=?
2025-10-13T15:13:06.993+09:00 DEBUG 16864 --- [Shift Scheduler Demo] [           main] org.hibernate.SQL                        : delete from shift_assignments where id=?
Hibernate: delete from shift_assignments where id=?
2025-10-13T15:13:06.993+09:00 DEBUG 16864 --- [Shift Scheduler Demo] [           main] org.hibernate.SQL                        : delete from shift_assignments where id=?
Hibernate: delete from shift_assignments where id=?
2025-10-13T15:13:06.994+09:00 DEBUG 16864 --- [Shift Scheduler Demo] [           main] org.hibernate.SQL                        : delete from shift_assignments where id=?
Hibernate: delete from shift_assignments where id=?
2025-10-13T15:13:06.994+09:00 DEBUG 16864 --- [Shift Scheduler Demo] [           main] org.hibernate.SQL                        : delete from shift_assignments where id=?
Hibernate: delete from shift_assignments where id=?
2025-10-13T15:13:06.994+09:00 DEBUG 16864 --- [Shift Scheduler Demo] [           main] org.hibernate.SQL                        : delete from shift_assignments where id=?
Hibernate: delete from shift_assignments where id=?
2025-10-13T15:13:06.995+09:00 DEBUG 16864 --- [Shift Scheduler Demo] [           main] org.hibernate.SQL                        : delete from shift_assignments where id=?
Hibernate: delete from shift_assignments where id=?
2025-10-13T15:13:06.995+09:00 DEBUG 16864 --- [Shift Scheduler Demo] [           main] org.hibernate.SQL                        : delete from shift_assignments where id=?
Hibernate: delete from shift_assignments where id=?
2025-10-13T15:13:06.995+09:00 DEBUG 16864 --- [Shift Scheduler Demo] [           main] org.hibernate.SQL                        : delete from shift_assignments where id=?
Hibernate: delete from shift_assignments where id=?
2025-10-13T15:13:06.996+09:00 DEBUG 16864 --- [Shift Scheduler Demo] [           main] org.hibernate.SQL                        : delete from shift_assignments where id=?
Hibernate: delete from shift_assignments where id=?
2025-10-13T15:13:06.996+09:00 DEBUG 16864 --- [Shift Scheduler Demo] [           main] org.hibernate.SQL                        : delete from shift_assignments where id=?
Hibernate: delete from shift_assignments where id=?
2025-10-13T15:13:06.996+09:00 DEBUG 16864 --- [Shift Scheduler Demo] [           main] org.hibernate.SQL                        : delete from shift_assignments where id=?
Hibernate: delete from shift_assignments where id=?
2025-10-13T15:13:06.997+09:00 DEBUG 16864 --- [Shift Scheduler Demo] [           main] org.hibernate.SQL                        : delete from shift_assignments where id=?
Hibernate: delete from shift_assignments where id=?
2025-10-13T15:13:06.997+09:00 DEBUG 16864 --- [Shift Scheduler Demo] [           main] org.hibernate.SQL                        : delete from shift_assignments where id=?
Hibernate: delete from shift_assignments where id=?
2025-10-13T15:13:06.997+09:00 DEBUG 16864 --- [Shift Scheduler Demo] [           main] org.hibernate.SQL                        : delete from shift_assignments where id=?
Hibernate: delete from shift_assignments where id=?
2025-10-13T15:13:06.997+09:00 DEBUG 16864 --- [Shift Scheduler Demo] [           main] org.hibernate.SQL                        : delete from shift_assignments where id=?
Hibernate: delete from shift_assignments where id=?
2025-10-13T15:13:06.998+09:00 DEBUG 16864 --- [Shift Scheduler Demo] [           main] org.hibernate.SQL                        : delete from shift_assignments where id=?
Hibernate: delete from shift_assignments where id=?
2025-10-13T15:13:06.998+09:00 DEBUG 16864 --- [Shift Scheduler Demo] [           main] org.hibernate.SQL                        : delete from shift_assignments where id=?
Hibernate: delete from shift_assignments where id=?
2025-10-13T15:13:06.999+09:00 DEBUG 16864 --- [Shift Scheduler Demo] [           main] org.hibernate.SQL                        : delete from shift_assignments where id=?
Hibernate: delete from shift_assignments where id=?
2025-10-13T15:13:06.999+09:00 DEBUG 16864 --- [Shift Scheduler Demo] [           main] org.hibernate.SQL                        : delete from shift_assignments where id=?
Hibernate: delete from shift_assignments where id=?
2025-10-13T15:13:06.999+09:00 DEBUG 16864 --- [Shift Scheduler Demo] [           main] org.hibernate.SQL                        : delete from shift_assignments where id=?
Hibernate: delete from shift_assignments where id=?
2025-10-13T15:13:06.999+09:00 DEBUG 16864 --- [Shift Scheduler Demo] [           main] org.hibernate.SQL                        : delete from shift_assignments where id=?
Hibernate: delete from shift_assignments where id=?
2025-10-13T15:13:07.000+09:00 DEBUG 16864 --- [Shift Scheduler Demo] [           main] org.hibernate.SQL                        : delete from shift_assignments where id=?
Hibernate: delete from shift_assignments where id=?
2025-10-13T15:13:07.000+09:00 DEBUG 16864 --- [Shift Scheduler Demo] [           main] org.hibernate.SQL                        : delete from shift_assignments where id=?
Hibernate: delete from shift_assignments where id=?
2025-10-13T15:13:07.000+09:00 DEBUG 16864 --- [Shift Scheduler Demo] [           main] org.hibernate.SQL                        : delete from shift_assignments where id=?
Hibernate: delete from shift_assignments where id=?
2025-10-13T15:13:07.001+09:00 DEBUG 16864 --- [Shift Scheduler Demo] [           main] org.hibernate.SQL                        : delete from shift_assignments where id=?
Hibernate: delete from shift_assignments where id=?
2025-10-13T15:13:07.001+09:00 DEBUG 16864 --- [Shift Scheduler Demo] [           main] org.hibernate.SQL                        : delete from shift_assignments where id=?
Hibernate: delete from shift_assignments where id=?
2025-10-13T15:13:07.001+09:00 DEBUG 16864 --- [Shift Scheduler Demo] [           main] org.hibernate.SQL                        : delete from shift_assignments where id=?
Hibernate: delete from shift_assignments where id=?
2025-10-13T15:13:07.009+09:00 DEBUG 16864 --- [Shift Scheduler Demo] [           main] org.hibernate.SQL                        : delete from shift_assignments where id=?
Hibernate: delete from shift_assignments where id=?
2025-10-13T15:13:07.011+09:00 DEBUG 16864 --- [Shift Scheduler Demo] [           main] org.hibernate.SQL                        : delete from shift_assignments where id=?
Hibernate: delete from shift_assignments where id=?
2025-10-13T15:13:07.013+09:00 DEBUG 16864 --- [Shift Scheduler Demo] [           main] org.hibernate.SQL                        : delete from shift_assignments where id=?
Hibernate: delete from shift_assignments where id=?
2025-10-13T15:13:07.013+09:00 DEBUG 16864 --- [Shift Scheduler Demo] [           main] org.hibernate.SQL                        : delete from shift_assignments where id=?
Hibernate: delete from shift_assignments where id=?
2025-10-13T15:13:07.013+09:00 DEBUG 16864 --- [Shift Scheduler Demo] [           main] org.hibernate.SQL                        : delete from shift_assignments where id=?
Hibernate: delete from shift_assignments where id=?
2025-10-13T15:13:07.013+09:00 DEBUG 16864 --- [Shift Scheduler Demo] [           main] org.hibernate.SQL                        : delete from shift_assignments where id=?
Hibernate: delete from shift_assignments where id=?
2025-10-13T15:13:07.013+09:00 DEBUG 16864 --- [Shift Scheduler Demo] [           main] org.hibernate.SQL                        : delete from shift_assignments where id=?
Hibernate: delete from shift_assignments where id=?
2025-10-13T15:13:07.013+09:00 DEBUG 16864 --- [Shift Scheduler Demo] [           main] org.hibernate.SQL                        : delete from shift_assignments where id=?
Hibernate: delete from shift_assignments where id=?
2025-10-13T15:13:07.013+09:00 DEBUG 16864 --- [Shift Scheduler Demo] [           main] org.hibernate.SQL                        : delete from shift_assignments where id=?
Hibernate: delete from shift_assignments where id=?
2025-10-13T15:13:07.013+09:00 DEBUG 16864 --- [Shift Scheduler Demo] [           main] org.hibernate.SQL                        : delete from shift_assignments where id=?
Hibernate: delete from shift_assignments where id=?
2025-10-13T15:13:07.013+09:00 DEBUG 16864 --- [Shift Scheduler Demo] [           main] org.hibernate.SQL                        : delete from shift_assignments where id=?
Hibernate: delete from shift_assignments where id=?
2025-10-13T15:13:07.019+09:00 DEBUG 16864 --- [Shift Scheduler Demo] [           main] org.hibernate.SQL                        : delete from shift_assignments where id=?
Hibernate: delete from shift_assignments where id=?
2025-10-13T15:13:07.020+09:00 DEBUG 16864 --- [Shift Scheduler Demo] [           main] org.hibernate.SQL                        : delete from shift_assignments where id=?
Hibernate: delete from shift_assignments where id=?
2025-10-13T15:13:07.021+09:00 DEBUG 16864 --- [Shift Scheduler Demo] [           main] org.hibernate.SQL                        : delete from shift_assignments where id=?
Hibernate: delete from shift_assignments where id=?
2025-10-13T15:13:07.022+09:00 DEBUG 16864 --- [Shift Scheduler Demo] [           main] org.hibernate.SQL                        : delete from shift_assignments where id=?
Hibernate: delete from shift_assignments where id=?
2025-10-13T15:13:07.023+09:00 DEBUG 16864 --- [Shift Scheduler Demo] [           main] org.hibernate.SQL                        : delete from shift_assignments where id=?
Hibernate: delete from shift_assignments where id=?
2025-10-13T15:13:07.024+09:00 DEBUG 16864 --- [Shift Scheduler Demo] [           main] org.hibernate.SQL                        : delete from shift_assignments where id=?
Hibernate: delete from shift_assignments where id=?
2025-10-13T15:13:07.025+09:00 DEBUG 16864 --- [Shift Scheduler Demo] [           main] org.hibernate.SQL                        : delete from shift_assignments where id=?
Hibernate: delete from shift_assignments where id=?
2025-10-13T15:13:07.025+09:00 DEBUG 16864 --- [Shift Scheduler Demo] [           main] org.hibernate.SQL                        : delete from shift_assignments where id=?
Hibernate: delete from shift_assignments where id=?
2025-10-13T15:13:07.026+09:00 DEBUG 16864 --- [Shift Scheduler Demo] [           main] org.hibernate.SQL                        : delete from shift_assignments where id=?
Hibernate: delete from shift_assignments where id=?
2025-10-13T15:13:07.026+09:00 DEBUG 16864 --- [Shift Scheduler Demo] [           main] org.hibernate.SQL                        : delete from shift_assignments where id=?
Hibernate: delete from shift_assignments where id=?
2025-10-13T15:13:07.027+09:00 DEBUG 16864 --- [Shift Scheduler Demo] [           main] org.hibernate.SQL                        : delete from shift_assignments where id=?
Hibernate: delete from shift_assignments where id=?
2025-10-13T15:13:07.027+09:00 DEBUG 16864 --- [Shift Scheduler Demo] [           main] org.hibernate.SQL                        : delete from shift_assignments where id=?
Hibernate: delete from shift_assignments where id=?
2025-10-13T15:13:07.027+09:00 DEBUG 16864 --- [Shift Scheduler Demo] [           main] org.hibernate.SQL                        : delete from shift_assignments where id=?
Hibernate: delete from shift_assignments where id=?
2025-10-13T15:13:07.028+09:00 DEBUG 16864 --- [Shift Scheduler Demo] [           main] org.hibernate.SQL                        : delete from shift_assignments where id=?
Hibernate: delete from shift_assignments where id=?
2025-10-13T15:13:07.028+09:00 DEBUG 16864 --- [Shift Scheduler Demo] [           main] org.hibernate.SQL                        : delete from shift_assignments where id=?
Hibernate: delete from shift_assignments where id=?
2025-10-13T15:13:07.029+09:00 DEBUG 16864 --- [Shift Scheduler Demo] [           main] org.hibernate.SQL                        : delete from shift_assignments where id=?
Hibernate: delete from shift_assignments where id=?
2025-10-13T15:13:07.029+09:00 DEBUG 16864 --- [Shift Scheduler Demo] [           main] org.hibernate.SQL                        : delete from shift_assignments where id=?
Hibernate: delete from shift_assignments where id=?
2025-10-13T15:13:07.030+09:00 DEBUG 16864 --- [Shift Scheduler Demo] [           main] org.hibernate.SQL                        : delete from shift_assignments where id=?
Hibernate: delete from shift_assignments where id=?
2025-10-13T15:13:07.030+09:00 DEBUG 16864 --- [Shift Scheduler Demo] [           main] org.hibernate.SQL                        : delete from shift_assignments where id=?
Hibernate: delete from shift_assignments where id=?
2025-10-13T15:13:07.030+09:00 DEBUG 16864 --- [Shift Scheduler Demo] [           main] org.hibernate.SQL                        : delete from shift_assignments where id=?
Hibernate: delete from shift_assignments where id=?
2025-10-13T15:13:07.031+09:00 DEBUG 16864 --- [Shift Scheduler Demo] [           main] org.hibernate.SQL                        : delete from shift_assignments where id=?
Hibernate: delete from shift_assignments where id=?
2025-10-13T15:13:07.031+09:00 DEBUG 16864 --- [Shift Scheduler Demo] [           main] org.hibernate.SQL                        : delete from shift_assignments where id=?
Hibernate: delete from shift_assignments where id=?
2025-10-13T15:13:07.032+09:00 DEBUG 16864 --- [Shift Scheduler Demo] [           main] org.hibernate.SQL                        : delete from shift_assignments where id=?
Hibernate: delete from shift_assignments where id=?
2025-10-13T15:13:07.033+09:00 DEBUG 16864 --- [Shift Scheduler Demo] [           main] org.hibernate.SQL                        : delete from shift_assignments where id=?
Hibernate: delete from shift_assignments where id=?
2025-10-13T15:13:07.034+09:00 DEBUG 16864 --- [Shift Scheduler Demo] [           main] org.hibernate.SQL                        : delete from shift_assignments where id=?
Hibernate: delete from shift_assignments where id=?
2025-10-13T15:13:07.035+09:00 DEBUG 16864 --- [Shift Scheduler Demo] [           main] org.hibernate.SQL                        : delete from shift_assignments where id=?
Hibernate: delete from shift_assignments where id=?
2025-10-13T15:13:07.036+09:00 DEBUG 16864 --- [Shift Scheduler Demo] [           main] org.hibernate.SQL                        : delete from shift_assignments where id=?
Hibernate: delete from shift_assignments where id=?
2025-10-13T15:13:07.038+09:00 DEBUG 16864 --- [Shift Scheduler Demo] [           main] org.hibernate.SQL                        : delete from shift_assignments where id=?
Hibernate: delete from shift_assignments where id=?
2025-10-13T15:13:07.038+09:00 DEBUG 16864 --- [Shift Scheduler Demo] [           main] org.hibernate.SQL                        : delete from shift_assignments where id=?
Hibernate: delete from shift_assignments where id=?
2025-10-13T15:13:07.039+09:00 DEBUG 16864 --- [Shift Scheduler Demo] [           main] org.hibernate.SQL                        : delete from shift_assignments where id=?
Hibernate: delete from shift_assignments where id=?
2025-10-13T15:13:07.039+09:00 DEBUG 16864 --- [Shift Scheduler Demo] [           main] org.hibernate.SQL                        : delete from shift_assignments where id=?
Hibernate: delete from shift_assignments where id=?
2025-10-13T15:13:07.039+09:00 DEBUG 16864 --- [Shift Scheduler Demo] [           main] org.hibernate.SQL                        : delete from shift_assignments where id=?
Hibernate: delete from shift_assignments where id=?
2025-10-13T15:13:07.039+09:00 DEBUG 16864 --- [Shift Scheduler Demo] [           main] org.hibernate.SQL                        : delete from shift_assignments where id=?
Hibernate: delete from shift_assignments where id=?
2025-10-13T15:13:07.039+09:00 DEBUG 16864 --- [Shift Scheduler Demo] [           main] org.hibernate.SQL                        : delete from shift_assignments where id=?
Hibernate: delete from shift_assignments where id=?
2025-10-13T15:13:07.039+09:00 DEBUG 16864 --- [Shift Scheduler Demo] [           main] org.hibernate.SQL                        : delete from shift_assignments where id=?
Hibernate: delete from shift_assignments where id=?
2025-10-13T15:13:07.039+09:00 DEBUG 16864 --- [Shift Scheduler Demo] [           main] org.hibernate.SQL                        : delete from shift_assignments where id=?
Hibernate: delete from shift_assignments where id=?
2025-10-13T15:13:07.039+09:00 DEBUG 16864 --- [Shift Scheduler Demo] [           main] org.hibernate.SQL                        : delete from shift_assignments where id=?
Hibernate: delete from shift_assignments where id=?
2025-10-13T15:13:07.039+09:00 DEBUG 16864 --- [Shift Scheduler Demo] [           main] org.hibernate.SQL                        : delete from shift_assignments where id=?
Hibernate: delete from shift_assignments where id=?
2025-10-13T15:13:07.039+09:00 DEBUG 16864 --- [Shift Scheduler Demo] [           main] org.hibernate.SQL                        : delete from shift_assignments where id=?
Hibernate: delete from shift_assignments where id=?
2025-10-13T15:13:07.039+09:00 DEBUG 16864 --- [Shift Scheduler Demo] [           main] org.hibernate.SQL                        : delete from shift_assignments where id=?
Hibernate: delete from shift_assignments where id=?
2025-10-13T15:13:07.039+09:00 DEBUG 16864 --- [Shift Scheduler Demo] [           main] org.hibernate.SQL                        : delete from shift_assignments where id=?
Hibernate: delete from shift_assignments where id=?
2025-10-13T15:13:07.039+09:00 DEBUG 16864 --- [Shift Scheduler Demo] [           main] org.hibernate.SQL                        : delete from shift_assignments where id=?
Hibernate: delete from shift_assignments where id=?
2025-10-13T15:13:07.039+09:00 DEBUG 16864 --- [Shift Scheduler Demo] [           main] org.hibernate.SQL                        : delete from shift_assignments where id=?
Hibernate: delete from shift_assignments where id=?
2025-10-13T15:13:07.039+09:00 DEBUG 16864 --- [Shift Scheduler Demo] [           main] org.hibernate.SQL                        : delete from shift_assignments where id=?
Hibernate: delete from shift_assignments where id=?
2025-10-13T15:13:07.039+09:00 DEBUG 16864 --- [Shift Scheduler Demo] [           main] org.hibernate.SQL                        : delete from shift_assignments where id=?
Hibernate: delete from shift_assignments where id=?
2025-10-13T15:13:07.039+09:00 DEBUG 16864 --- [Shift Scheduler Demo] [           main] org.hibernate.SQL                        : delete from shift_assignments where id=?
Hibernate: delete from shift_assignments where id=?
2025-10-13T15:13:07.039+09:00 DEBUG 16864 --- [Shift Scheduler Demo] [           main] org.hibernate.SQL                        : delete from shift_assignments where id=?
Hibernate: delete from shift_assignments where id=?
2025-10-13T15:13:07.039+09:00 DEBUG 16864 --- [Shift Scheduler Demo] [           main] org.hibernate.SQL                        : delete from shift_assignments where id=?
Hibernate: delete from shift_assignments where id=?
2025-10-13T15:13:07.039+09:00 DEBUG 16864 --- [Shift Scheduler Demo] [           main] org.hibernate.SQL                        : delete from shift_assignments where id=?
Hibernate: delete from shift_assignments where id=?
2025-10-13T15:13:07.039+09:00 DEBUG 16864 --- [Shift Scheduler Demo] [           main] org.hibernate.SQL                        : delete from shift_assignments where id=?
Hibernate: delete from shift_assignments where id=?
2025-10-13T15:13:07.039+09:00 DEBUG 16864 --- [Shift Scheduler Demo] [           main] org.hibernate.SQL                        : delete from shift_assignments where id=?
Hibernate: delete from shift_assignments where id=?
2025-10-13T15:13:07.039+09:00 DEBUG 16864 --- [Shift Scheduler Demo] [           main] org.hibernate.SQL                        : delete from shift_assignments where id=?
Hibernate: delete from shift_assignments where id=?
2025-10-13T15:13:07.039+09:00 DEBUG 16864 --- [Shift Scheduler Demo] [           main] org.hibernate.SQL                        : delete from shift_assignments where id=?
Hibernate: delete from shift_assignments where id=?
2025-10-13T15:13:07.039+09:00 DEBUG 16864 --- [Shift Scheduler Demo] [           main] org.hibernate.SQL                        : delete from shift_assignments where id=?
Hibernate: delete from shift_assignments where id=?
2025-10-13T15:13:07.039+09:00 DEBUG 16864 --- [Shift Scheduler Demo] [           main] org.hibernate.SQL                        : delete from shift_assignments where id=?
Hibernate: delete from shift_assignments where id=?
2025-10-13T15:13:07.039+09:00 DEBUG 16864 --- [Shift Scheduler Demo] [           main] org.hibernate.SQL                        : delete from shift_assignments where id=?
Hibernate: delete from shift_assignments where id=?
2025-10-13T15:13:07.039+09:00 DEBUG 16864 --- [Shift Scheduler Demo] [           main] org.hibernate.SQL                        : delete from shift_assignments where id=?
Hibernate: delete from shift_assignments where id=?
2025-10-13T15:13:07.039+09:00 DEBUG 16864 --- [Shift Scheduler Demo] [           main] org.hibernate.SQL                        : delete from shift_assignments where id=?
Hibernate: delete from shift_assignments where id=?
2025-10-13T15:13:07.039+09:00 DEBUG 16864 --- [Shift Scheduler Demo] [           main] org.hibernate.SQL                        : delete from shift_assignments where id=?
Hibernate: delete from shift_assignments where id=?
2025-10-13T15:13:07.039+09:00 DEBUG 16864 --- [Shift Scheduler Demo] [           main] org.hibernate.SQL                        : delete from shift_assignments where id=?
Hibernate: delete from shift_assignments where id=?
2025-10-13T15:13:07.039+09:00 DEBUG 16864 --- [Shift Scheduler Demo] [           main] org.hibernate.SQL                        : delete from shift_assignments where id=?
Hibernate: delete from shift_assignments where id=?
2025-10-13T15:13:07.039+09:00 DEBUG 16864 --- [Shift Scheduler Demo] [           main] org.hibernate.SQL                        : delete from shift_assignments where id=?
Hibernate: delete from shift_assignments where id=?
2025-10-13T15:13:07.039+09:00 DEBUG 16864 --- [Shift Scheduler Demo] [           main] org.hibernate.SQL                        : delete from shift_assignments where id=?
Hibernate: delete from shift_assignments where id=?
2025-10-13T15:13:07.053+09:00 DEBUG 16864 --- [Shift Scheduler Demo] [           main] org.hibernate.SQL                        : delete from shift_assignments where id=?
Hibernate: delete from shift_assignments where id=?
2025-10-13T15:13:07.053+09:00 DEBUG 16864 --- [Shift Scheduler Demo] [           main] org.hibernate.SQL                        : delete from shift_assignments where id=?
Hibernate: delete from shift_assignments where id=?
2025-10-13T15:13:07.053+09:00 DEBUG 16864 --- [Shift Scheduler Demo] [           main] org.hibernate.SQL                        : delete from shift_assignments where id=?
Hibernate: delete from shift_assignments where id=?
2025-10-13T15:13:07.054+09:00 DEBUG 16864 --- [Shift Scheduler Demo] [           main] org.hibernate.SQL                        : delete from shift_assignments where id=?
Hibernate: delete from shift_assignments where id=?
2025-10-13T15:13:07.054+09:00 DEBUG 16864 --- [Shift Scheduler Demo] [           main] org.hibernate.SQL                        : delete from shift_assignments where id=?
Hibernate: delete from shift_assignments where id=?
2025-10-13T15:13:07.054+09:00 DEBUG 16864 --- [Shift Scheduler Demo] [           main] org.hibernate.SQL                        : delete from shift_assignments where id=?
Hibernate: delete from shift_assignments where id=?
2025-10-13T15:13:07.055+09:00 DEBUG 16864 --- [Shift Scheduler Demo] [           main] org.hibernate.SQL                        : delete from shift_assignments where id=?
Hibernate: delete from shift_assignments where id=?
2025-10-13T15:13:07.055+09:00 DEBUG 16864 --- [Shift Scheduler Demo] [           main] org.hibernate.SQL                        : delete from shift_assignments where id=?
Hibernate: delete from shift_assignments where id=?
2025-10-13T15:13:07.055+09:00 DEBUG 16864 --- [Shift Scheduler Demo] [           main] org.hibernate.SQL                        : delete from shift_assignments where id=?
Hibernate: delete from shift_assignments where id=?
2025-10-13T15:13:07.055+09:00 DEBUG 16864 --- [Shift Scheduler Demo] [           main] org.hibernate.SQL                        : delete from shift_assignments where id=?
Hibernate: delete from shift_assignments where id=?
2025-10-13T15:13:07.056+09:00 DEBUG 16864 --- [Shift Scheduler Demo] [           main] org.hibernate.SQL                        : delete from shift_assignments where id=?
Hibernate: delete from shift_assignments where id=?
2025-10-13T15:13:07.056+09:00 DEBUG 16864 --- [Shift Scheduler Demo] [           main] org.hibernate.SQL                        : delete from shift_assignments where id=?
Hibernate: delete from shift_assignments where id=?
2025-10-13T15:13:07.056+09:00 DEBUG 16864 --- [Shift Scheduler Demo] [           main] org.hibernate.SQL                        : delete from shift_assignments where id=?
Hibernate: delete from shift_assignments where id=?
2025-10-13T15:13:07.056+09:00 DEBUG 16864 --- [Shift Scheduler Demo] [           main] org.hibernate.SQL                        : delete from shift_assignments where id=?
Hibernate: delete from shift_assignments where id=?
2025-10-13T15:13:07.057+09:00 DEBUG 16864 --- [Shift Scheduler Demo] [           main] org.hibernate.SQL                        : delete from shift_assignments where id=?
Hibernate: delete from shift_assignments where id=?
2025-10-13T15:13:07.057+09:00 DEBUG 16864 --- [Shift Scheduler Demo] [           main] org.hibernate.SQL                        : delete from shift_assignments where id=?
Hibernate: delete from shift_assignments where id=?
2025-10-13T15:13:07.057+09:00 DEBUG 16864 --- [Shift Scheduler Demo] [           main] org.hibernate.SQL                        : delete from shift_assignments where id=?
Hibernate: delete from shift_assignments where id=?
2025-10-13T15:13:07.058+09:00 DEBUG 16864 --- [Shift Scheduler Demo] [           main] org.hibernate.SQL                        : delete from shift_assignments where id=?
Hibernate: delete from shift_assignments where id=?
2025-10-13T15:13:07.058+09:00 DEBUG 16864 --- [Shift Scheduler Demo] [           main] org.hibernate.SQL                        : delete from shift_assignments where id=?
Hibernate: delete from shift_assignments where id=?
2025-10-13T15:13:07.058+09:00 DEBUG 16864 --- [Shift Scheduler Demo] [           main] org.hibernate.SQL                        : delete from shift_assignments where id=?
Hibernate: delete from shift_assignments where id=?
2025-10-13T15:13:07.058+09:00 DEBUG 16864 --- [Shift Scheduler Demo] [           main] org.hibernate.SQL                        : delete from shift_assignments where id=?
Hibernate: delete from shift_assignments where id=?
2025-10-13T15:13:07.059+09:00 DEBUG 16864 --- [Shift Scheduler Demo] [           main] org.hibernate.SQL                        : delete from shift_assignments where id=?
Hibernate: delete from shift_assignments where id=?
2025-10-13T15:13:07.059+09:00 DEBUG 16864 --- [Shift Scheduler Demo] [           main] org.hibernate.SQL                        : delete from shift_assignments where id=?
Hibernate: delete from shift_assignments where id=?
2025-10-13T15:13:07.059+09:00 DEBUG 16864 --- [Shift Scheduler Demo] [           main] org.hibernate.SQL                        : delete from shift_assignments where id=?
Hibernate: delete from shift_assignments where id=?
2025-10-13T15:13:07.059+09:00 DEBUG 16864 --- [Shift Scheduler Demo] [           main] org.hibernate.SQL                        : delete from shift_assignments where id=?
Hibernate: delete from shift_assignments where id=?
2025-10-13T15:13:07.059+09:00 DEBUG 16864 --- [Shift Scheduler Demo] [           main] org.hibernate.SQL                        : delete from shift_assignments where id=?
Hibernate: delete from shift_assignments where id=?
2025-10-13T15:13:07.060+09:00 DEBUG 16864 --- [Shift Scheduler Demo] [           main] org.hibernate.SQL                        : delete from shift_assignments where id=?
Hibernate: delete from shift_assignments where id=?
2025-10-13T15:13:07.064+09:00 DEBUG 16864 --- [Shift Scheduler Demo] [           main] org.hibernate.SQL                        : delete from shift_assignments where id=?
Hibernate: delete from shift_assignments where id=?
2025-10-13T15:13:07.064+09:00 DEBUG 16864 --- [Shift Scheduler Demo] [           main] org.hibernate.SQL                        : delete from shift_assignments where id=?
Hibernate: delete from shift_assignments where id=?
2025-10-13T15:13:07.065+09:00 DEBUG 16864 --- [Shift Scheduler Demo] [           main] org.hibernate.SQL                        : delete from shift_assignments where id=?
Hibernate: delete from shift_assignments where id=?
2025-10-13T15:13:07.065+09:00 DEBUG 16864 --- [Shift Scheduler Demo] [           main] org.hibernate.SQL                        : delete from shift_assignments where id=?
Hibernate: delete from shift_assignments where id=?
2025-10-13T15:13:07.065+09:00 DEBUG 16864 --- [Shift Scheduler Demo] [           main] org.hibernate.SQL                        : delete from shift_assignments where id=?
Hibernate: delete from shift_assignments where id=?
2025-10-13T15:13:07.066+09:00 DEBUG 16864 --- [Shift Scheduler Demo] [           main] org.hibernate.SQL                        : delete from shift_assignments where id=?
Hibernate: delete from shift_assignments where id=?
2025-10-13T15:13:07.068+09:00 DEBUG 16864 --- [Shift Scheduler Demo] [           main] org.hibernate.SQL                        : delete from shift_assignments where id=?
Hibernate: delete from shift_assignments where id=?
2025-10-13T15:13:07.069+09:00 DEBUG 16864 --- [Shift Scheduler Demo] [           main] org.hibernate.SQL                        : delete from shift_assignments where id=?
Hibernate: delete from shift_assignments where id=?
2025-10-13T15:13:07.071+09:00 DEBUG 16864 --- [Shift Scheduler Demo] [           main] org.hibernate.SQL                        : delete from shift_assignments where id=?
Hibernate: delete from shift_assignments where id=?
2025-10-13T15:13:07.072+09:00 DEBUG 16864 --- [Shift Scheduler Demo] [           main] org.hibernate.SQL                        : delete from shift_assignments where id=?
Hibernate: delete from shift_assignments where id=?
2025-10-13T15:13:07.072+09:00 DEBUG 16864 --- [Shift Scheduler Demo] [           main] org.hibernate.SQL                        : delete from shift_assignments where id=?
Hibernate: delete from shift_assignments where id=?
2025-10-13T15:13:07.072+09:00 DEBUG 16864 --- [Shift Scheduler Demo] [           main] org.hibernate.SQL                        : delete from shift_assignments where id=?
Hibernate: delete from shift_assignments where id=?
2025-10-13T15:13:07.072+09:00 DEBUG 16864 --- [Shift Scheduler Demo] [           main] org.hibernate.SQL                        : delete from shift_assignments where id=?
Hibernate: delete from shift_assignments where id=?
2025-10-13T15:13:07.073+09:00 DEBUG 16864 --- [Shift Scheduler Demo] [           main] org.hibernate.SQL                        : delete from shift_assignments where id=?
Hibernate: delete from shift_assignments where id=?
2025-10-13T15:13:07.073+09:00 DEBUG 16864 --- [Shift Scheduler Demo] [           main] org.hibernate.SQL                        : delete from shift_assignments where id=?
Hibernate: delete from shift_assignments where id=?
2025-10-13T15:13:07.073+09:00 DEBUG 16864 --- [Shift Scheduler Demo] [           main] org.hibernate.SQL                        : delete from shift_assignments where id=?
Hibernate: delete from shift_assignments where id=?
2025-10-13T15:13:07.074+09:00 DEBUG 16864 --- [Shift Scheduler Demo] [           main] org.hibernate.SQL                        : delete from shift_assignments where id=?
Hibernate: delete from shift_assignments where id=?
2025-10-13T15:13:07.074+09:00 DEBUG 16864 --- [Shift Scheduler Demo] [           main] org.hibernate.SQL                        : delete from shift_assignments where id=?
Hibernate: delete from shift_assignments where id=?
2025-10-13T15:13:07.075+09:00 DEBUG 16864 --- [Shift Scheduler Demo] [           main] org.hibernate.SQL                        : delete from shift_assignments where id=?
Hibernate: delete from shift_assignments where id=?
2025-10-13T15:13:07.075+09:00 DEBUG 16864 --- [Shift Scheduler Demo] [           main] org.hibernate.SQL                        : delete from shift_assignments where id=?
Hibernate: delete from shift_assignments where id=?
2025-10-13T15:13:07.075+09:00 DEBUG 16864 --- [Shift Scheduler Demo] [           main] org.hibernate.SQL                        : delete from shift_assignments where id=?
Hibernate: delete from shift_assignments where id=?
2025-10-13T15:13:07.076+09:00 DEBUG 16864 --- [Shift Scheduler Demo] [           main] org.hibernate.SQL                        : delete from shift_assignments where id=?
Hibernate: delete from shift_assignments where id=?
2025-10-13T15:13:07.076+09:00 DEBUG 16864 --- [Shift Scheduler Demo] [           main] org.hibernate.SQL                        : delete from shift_assignments where id=?
Hibernate: delete from shift_assignments where id=?
2025-10-13T15:13:07.076+09:00 DEBUG 16864 --- [Shift Scheduler Demo] [           main] org.hibernate.SQL                        : delete from shift_assignments where id=?
Hibernate: delete from shift_assignments where id=?
2025-10-13T15:13:07.076+09:00 DEBUG 16864 --- [Shift Scheduler Demo] [           main] org.hibernate.SQL                        : delete from shift_assignments where id=?
Hibernate: delete from shift_assignments where id=?
2025-10-13T15:13:07.077+09:00 DEBUG 16864 --- [Shift Scheduler Demo] [           main] org.hibernate.SQL                        : delete from shift_assignments where id=?
Hibernate: delete from shift_assignments where id=?
2025-10-13T15:13:07.077+09:00 DEBUG 16864 --- [Shift Scheduler Demo] [           main] org.hibernate.SQL                        : delete from shift_assignments where id=?
Hibernate: delete from shift_assignments where id=?
2025-10-13T15:13:07.077+09:00 DEBUG 16864 --- [Shift Scheduler Demo] [           main] org.hibernate.SQL                        : delete from shift_assignments where id=?
Hibernate: delete from shift_assignments where id=?
2025-10-13T15:13:07.078+09:00 DEBUG 16864 --- [Shift Scheduler Demo] [           main] org.hibernate.SQL                        : delete from shift_assignments where id=?
Hibernate: delete from shift_assignments where id=?
2025-10-13T15:13:07.078+09:00 DEBUG 16864 --- [Shift Scheduler Demo] [           main] org.hibernate.SQL                        : delete from shift_assignments where id=?
Hibernate: delete from shift_assignments where id=?
2025-10-13T15:13:07.078+09:00 DEBUG 16864 --- [Shift Scheduler Demo] [           main] org.hibernate.SQL                        : delete from shift_assignments where id=?
Hibernate: delete from shift_assignments where id=?
2025-10-13T15:13:07.078+09:00 DEBUG 16864 --- [Shift Scheduler Demo] [           main] org.hibernate.SQL                        : delete from shift_assignments where id=?
Hibernate: delete from shift_assignments where id=?
2025-10-13T15:13:07.079+09:00 DEBUG 16864 --- [Shift Scheduler Demo] [           main] org.hibernate.SQL                        : delete from shift_assignments where id=?
Hibernate: delete from shift_assignments where id=?
2025-10-13T15:13:07.079+09:00 DEBUG 16864 --- [Shift Scheduler Demo] [           main] org.hibernate.SQL                        : delete from shift_assignments where id=?
Hibernate: delete from shift_assignments where id=?
2025-10-13T15:13:07.079+09:00 DEBUG 16864 --- [Shift Scheduler Demo] [           main] org.hibernate.SQL                        : delete from shift_assignments where id=?
Hibernate: delete from shift_assignments where id=?
2025-10-13T15:13:07.080+09:00 DEBUG 16864 --- [Shift Scheduler Demo] [           main] org.hibernate.SQL                        : delete from shift_assignments where id=?
Hibernate: delete from shift_assignments where id=?
2025-10-13T15:13:07.080+09:00 DEBUG 16864 --- [Shift Scheduler Demo] [           main] org.hibernate.SQL                        : delete from shift_assignments where id=?
Hibernate: delete from shift_assignments where id=?
2025-10-13T15:13:07.080+09:00 DEBUG 16864 --- [Shift Scheduler Demo] [           main] org.hibernate.SQL                        : delete from shift_assignments where id=?
Hibernate: delete from shift_assignments where id=?
2025-10-13T15:13:07.080+09:00 DEBUG 16864 --- [Shift Scheduler Demo] [           main] org.hibernate.SQL                        : delete from shift_assignments where id=?
Hibernate: delete from shift_assignments where id=?
2025-10-13T15:13:07.081+09:00 DEBUG 16864 --- [Shift Scheduler Demo] [           main] org.hibernate.SQL                        : delete from shift_assignments where id=?
Hibernate: delete from shift_assignments where id=?
2025-10-13T15:13:07.081+09:00 DEBUG 16864 --- [Shift Scheduler Demo] [           main] org.hibernate.SQL                        : delete from shift_assignments where id=?
Hibernate: delete from shift_assignments where id=?
2025-10-13T15:13:07.081+09:00 DEBUG 16864 --- [Shift Scheduler Demo] [           main] org.hibernate.SQL                        : delete from shift_assignments where id=?
Hibernate: delete from shift_assignments where id=?
2025-10-13T15:13:07.082+09:00 DEBUG 16864 --- [Shift Scheduler Demo] [           main] org.hibernate.SQL                        : delete from shift_assignments where id=?
Hibernate: delete from shift_assignments where id=?
2025-10-13T15:13:07.082+09:00 DEBUG 16864 --- [Shift Scheduler Demo] [           main] org.hibernate.SQL                        : delete from shift_assignments where id=?
Hibernate: delete from shift_assignments where id=?
2025-10-13T15:13:07.082+09:00 DEBUG 16864 --- [Shift Scheduler Demo] [           main] org.hibernate.SQL                        : delete from shift_assignments where id=?
Hibernate: delete from shift_assignments where id=?
2025-10-13T15:13:07.082+09:00 DEBUG 16864 --- [Shift Scheduler Demo] [           main] org.hibernate.SQL                        : delete from shift_assignments where id=?
Hibernate: delete from shift_assignments where id=?
2025-10-13T15:13:07.082+09:00 DEBUG 16864 --- [Shift Scheduler Demo] [           main] org.hibernate.SQL                        : delete from shift_assignments where id=?
Hibernate: delete from shift_assignments where id=?
2025-10-13T15:13:07.083+09:00 DEBUG 16864 --- [Shift Scheduler Demo] [           main] org.hibernate.SQL                        : delete from shift_assignments where id=?
Hibernate: delete from shift_assignments where id=?
2025-10-13T15:13:07.083+09:00 DEBUG 16864 --- [Shift Scheduler Demo] [           main] org.hibernate.SQL                        : delete from shift_assignments where id=?
Hibernate: delete from shift_assignments where id=?
2025-10-13T15:13:07.083+09:00 DEBUG 16864 --- [Shift Scheduler Demo] [           main] org.hibernate.SQL                        : delete from shift_assignments where id=?
Hibernate: delete from shift_assignments where id=?
2025-10-13T15:13:07.084+09:00 DEBUG 16864 --- [Shift Scheduler Demo] [           main] org.hibernate.SQL                        : delete from shift_assignments where id=?
Hibernate: delete from shift_assignments where id=?
2025-10-13T15:13:07.084+09:00 DEBUG 16864 --- [Shift Scheduler Demo] [           main] org.hibernate.SQL                        : delete from shift_assignments where id=?
Hibernate: delete from shift_assignments where id=?
2025-10-13T15:13:07.084+09:00 DEBUG 16864 --- [Shift Scheduler Demo] [           main] org.hibernate.SQL                        : delete from shift_assignments where id=?
Hibernate: delete from shift_assignments where id=?
2025-10-13T15:13:07.085+09:00 DEBUG 16864 --- [Shift Scheduler Demo] [           main] org.hibernate.SQL                        : delete from shift_assignments where id=?
Hibernate: delete from shift_assignments where id=?
2025-10-13T15:13:07.085+09:00 DEBUG 16864 --- [Shift Scheduler Demo] [           main] org.hibernate.SQL                        : delete from shift_assignments where id=?
Hibernate: delete from shift_assignments where id=?
2025-10-13T15:13:07.085+09:00 DEBUG 16864 --- [Shift Scheduler Demo] [           main] org.hibernate.SQL                        : delete from shift_assignments where id=?
Hibernate: delete from shift_assignments where id=?
2025-10-13T15:13:07.085+09:00 DEBUG 16864 --- [Shift Scheduler Demo] [           main] org.hibernate.SQL                        : delete from shift_assignments where id=?
Hibernate: delete from shift_assignments where id=?
2025-10-13T15:13:07.086+09:00 DEBUG 16864 --- [Shift Scheduler Demo] [           main] org.hibernate.SQL                        : delete from shift_assignments where id=?
Hibernate: delete from shift_assignments where id=?
2025-10-13T15:13:07.086+09:00 DEBUG 16864 --- [Shift Scheduler Demo] [           main] org.hibernate.SQL                        : delete from shift_assignments where id=?
Hibernate: delete from shift_assignments where id=?
2025-10-13T15:13:07.086+09:00 DEBUG 16864 --- [Shift Scheduler Demo] [           main] org.hibernate.SQL                        : delete from shift_assignments where id=?
Hibernate: delete from shift_assignments where id=?
2025-10-13T15:13:07.087+09:00 DEBUG 16864 --- [Shift Scheduler Demo] [           main] org.hibernate.SQL                        : delete from shift_assignments where id=?
Hibernate: delete from shift_assignments where id=?
2025-10-13T15:13:07.087+09:00 DEBUG 16864 --- [Shift Scheduler Demo] [           main] org.hibernate.SQL                        : delete from shift_assignments where id=?
Hibernate: delete from shift_assignments where id=?
2025-10-13T15:13:07.088+09:00 DEBUG 16864 --- [Shift Scheduler Demo] [           main] org.hibernate.SQL                        : delete from shift_assignments where id=?
Hibernate: delete from shift_assignments where id=?
2025-10-13T15:13:07.088+09:00 DEBUG 16864 --- [Shift Scheduler Demo] [           main] org.hibernate.SQL                        : delete from shift_assignments where id=?
Hibernate: delete from shift_assignments where id=?
2025-10-13T15:13:07.088+09:00 DEBUG 16864 --- [Shift Scheduler Demo] [           main] org.hibernate.SQL                        : delete from shift_assignments where id=?
Hibernate: delete from shift_assignments where id=?
2025-10-13T15:13:07.089+09:00 DEBUG 16864 --- [Shift Scheduler Demo] [           main] org.hibernate.SQL                        : delete from shift_assignments where id=?
Hibernate: delete from shift_assignments where id=?
2025-10-13T15:13:07.089+09:00 DEBUG 16864 --- [Shift Scheduler Demo] [           main] org.hibernate.SQL                        : delete from shift_assignments where id=?
Hibernate: delete from shift_assignments where id=?
2025-10-13T15:13:07.089+09:00 DEBUG 16864 --- [Shift Scheduler Demo] [           main] org.hibernate.SQL                        : delete from shift_assignments where id=?
Hibernate: delete from shift_assignments where id=?
2025-10-13T15:13:07.090+09:00 DEBUG 16864 --- [Shift Scheduler Demo] [           main] org.hibernate.SQL                        : delete from shift_assignments where id=?
Hibernate: delete from shift_assignments where id=?
2025-10-13T15:13:07.090+09:00 DEBUG 16864 --- [Shift Scheduler Demo] [           main] org.hibernate.SQL                        : delete from shift_assignments where id=?
Hibernate: delete from shift_assignments where id=?
2025-10-13T15:13:07.090+09:00 DEBUG 16864 --- [Shift Scheduler Demo] [           main] org.hibernate.SQL                        : delete from shift_assignments where id=?
Hibernate: delete from shift_assignments where id=?
2025-10-13T15:13:07.091+09:00 DEBUG 16864 --- [Shift Scheduler Demo] [           main] org.hibernate.SQL                        : delete from shift_assignments where id=?
Hibernate: delete from shift_assignments where id=?
2025-10-13T15:13:07.092+09:00 DEBUG 16864 --- [Shift Scheduler Demo] [           main] org.hibernate.SQL                        : delete from shift_assignments where id=?
Hibernate: delete from shift_assignments where id=?
2025-10-13T15:13:07.093+09:00 DEBUG 16864 --- [Shift Scheduler Demo] [           main] org.hibernate.SQL                        : delete from shift_assignments where id=?
Hibernate: delete from shift_assignments where id=?
2025-10-13T15:13:07.093+09:00 DEBUG 16864 --- [Shift Scheduler Demo] [           main] org.hibernate.SQL                        : delete from shift_assignments where id=?
Hibernate: delete from shift_assignments where id=?
2025-10-13T15:13:07.094+09:00 DEBUG 16864 --- [Shift Scheduler Demo] [           main] org.hibernate.SQL                        : delete from shift_assignments where id=?
Hibernate: delete from shift_assignments where id=?
2025-10-13T15:13:07.094+09:00 DEBUG 16864 --- [Shift Scheduler Demo] [           main] org.hibernate.SQL                        : delete from shift_assignments where id=?
Hibernate: delete from shift_assignments where id=?
2025-10-13T15:13:07.095+09:00 DEBUG 16864 --- [Shift Scheduler Demo] [           main] org.hibernate.SQL                        : delete from shift_assignments where id=?
Hibernate: delete from shift_assignments where id=?
2025-10-13T15:13:07.096+09:00 DEBUG 16864 --- [Shift Scheduler Demo] [           main] org.hibernate.SQL                        : delete from shift_assignments where id=?
Hibernate: delete from shift_assignments where id=?
2025-10-13T15:13:07.097+09:00 DEBUG 16864 --- [Shift Scheduler Demo] [           main] org.hibernate.SQL                        : delete from shift_assignments where id=?
Hibernate: delete from shift_assignments where id=?
2025-10-13T15:13:07.098+09:00 DEBUG 16864 --- [Shift Scheduler Demo] [           main] org.hibernate.SQL                        : delete from shift_assignments where id=?
Hibernate: delete from shift_assignments where id=?
2025-10-13T15:13:07.098+09:00 DEBUG 16864 --- [Shift Scheduler Demo] [           main] org.hibernate.SQL                        : delete from shift_assignments where id=?
Hibernate: delete from shift_assignments where id=?
2025-10-13T15:13:07.098+09:00 DEBUG 16864 --- [Shift Scheduler Demo] [           main] org.hibernate.SQL                        : delete from shift_assignments where id=?
Hibernate: delete from shift_assignments where id=?
2025-10-13T15:13:07.100+09:00 DEBUG 16864 --- [Shift Scheduler Demo] [           main] org.hibernate.SQL                        : delete from shift_assignments where id=?
Hibernate: delete from shift_assignments where id=?
2025-10-13T15:13:07.100+09:00 DEBUG 16864 --- [Shift Scheduler Demo] [           main] org.hibernate.SQL                        : delete from shift_assignments where id=?
Hibernate: delete from shift_assignments where id=?
2025-10-13T15:13:07.102+09:00 DEBUG 16864 --- [Shift Scheduler Demo] [           main] org.hibernate.SQL                        : delete from shift_assignments where id=?
Hibernate: delete from shift_assignments where id=?
2025-10-13T15:13:07.103+09:00 DEBUG 16864 --- [Shift Scheduler Demo] [           main] org.hibernate.SQL                        : delete from shift_assignments where id=?
Hibernate: delete from shift_assignments where id=?
2025-10-13T15:13:07.106+09:00 DEBUG 16864 --- [Shift Scheduler Demo] [           main] org.hibernate.SQL                        : delete from shift_assignments where id=?
Hibernate: delete from shift_assignments where id=?
2025-10-13T15:13:07.107+09:00 DEBUG 16864 --- [Shift Scheduler Demo] [           main] org.hibernate.SQL                        : delete from shift_assignments where id=?
Hibernate: delete from shift_assignments where id=?
2025-10-13T15:13:07.111+09:00 DEBUG 16864 --- [Shift Scheduler Demo] [           main] org.hibernate.SQL                        : delete from shift_assignments where id=?
Hibernate: delete from shift_assignments where id=?
2025-10-13T15:13:07.113+09:00 DEBUG 16864 --- [Shift Scheduler Demo] [           main] org.hibernate.SQL                        : delete from shift_assignments where id=?
Hibernate: delete from shift_assignments where id=?
2025-10-13T15:13:07.113+09:00 DEBUG 16864 --- [Shift Scheduler Demo] [           main] org.hibernate.SQL                        : delete from shift_assignments where id=?
Hibernate: delete from shift_assignments where id=?
2025-10-13T15:13:07.113+09:00 DEBUG 16864 --- [Shift Scheduler Demo] [           main] org.hibernate.SQL                        : delete from shift_assignments where id=?
Hibernate: delete from shift_assignments where id=?
2025-10-13T15:13:07.113+09:00 DEBUG 16864 --- [Shift Scheduler Demo] [           main] org.hibernate.SQL                        : delete from shift_assignments where id=?
Hibernate: delete from shift_assignments where id=?
2025-10-13T15:13:07.113+09:00 DEBUG 16864 --- [Shift Scheduler Demo] [           main] org.hibernate.SQL                        : delete from shift_assignments where id=?
Hibernate: delete from shift_assignments where id=?
2025-10-13T15:13:07.113+09:00 DEBUG 16864 --- [Shift Scheduler Demo] [           main] org.hibernate.SQL                        : delete from shift_assignments where id=?
Hibernate: delete from shift_assignments where id=?
2025-10-13T15:13:07.113+09:00 DEBUG 16864 --- [Shift Scheduler Demo] [           main] org.hibernate.SQL                        : delete from shift_assignments where id=?
Hibernate: delete from shift_assignments where id=?
2025-10-13T15:13:07.115+09:00 DEBUG 16864 --- [Shift Scheduler Demo] [           main] org.hibernate.SQL                        : delete from shift_assignments where id=?
Hibernate: delete from shift_assignments where id=?
2025-10-13T15:13:07.115+09:00 DEBUG 16864 --- [Shift Scheduler Demo] [           main] org.hibernate.SQL                        : delete from shift_assignments where id=?
Hibernate: delete from shift_assignments where id=?
2025-10-13T15:13:07.115+09:00 DEBUG 16864 --- [Shift Scheduler Demo] [           main] org.hibernate.SQL                        : delete from shift_assignments where id=?
Hibernate: delete from shift_assignments where id=?
2025-10-13T15:13:07.115+09:00 DEBUG 16864 --- [Shift Scheduler Demo] [           main] org.hibernate.SQL                        : delete from shift_assignments where id=?
Hibernate: delete from shift_assignments where id=?
2025-10-13T15:13:07.115+09:00 DEBUG 16864 --- [Shift Scheduler Demo] [           main] org.hibernate.SQL                        : delete from shift_assignments where id=?
Hibernate: delete from shift_assignments where id=?
2025-10-13T15:13:07.115+09:00 DEBUG 16864 --- [Shift Scheduler Demo] [           main] org.hibernate.SQL                        : delete from shift_assignments where id=?
Hibernate: delete from shift_assignments where id=?
2025-10-13T15:13:07.115+09:00 DEBUG 16864 --- [Shift Scheduler Demo] [           main] org.hibernate.SQL                        : delete from shift_assignments where id=?
Hibernate: delete from shift_assignments where id=?
2025-10-13T15:13:07.115+09:00 DEBUG 16864 --- [Shift Scheduler Demo] [           main] org.hibernate.SQL                        : delete from shift_assignments where id=?
Hibernate: delete from shift_assignments where id=?
2025-10-13T15:13:07.116+09:00 DEBUG 16864 --- [Shift Scheduler Demo] [           main] org.hibernate.SQL                        : delete from shift_assignments where id=?
Hibernate: delete from shift_assignments where id=?
2025-10-13T15:13:07.116+09:00 DEBUG 16864 --- [Shift Scheduler Demo] [           main] org.hibernate.SQL                        : delete from shift_assignments where id=?
Hibernate: delete from shift_assignments where id=?
2025-10-13T15:13:07.116+09:00 DEBUG 16864 --- [Shift Scheduler Demo] [           main] org.hibernate.SQL                        : delete from shift_assignments where id=?
Hibernate: delete from shift_assignments where id=?
2025-10-13T15:13:07.116+09:00 DEBUG 16864 --- [Shift Scheduler Demo] [           main] org.hibernate.SQL                        : delete from shift_assignments where id=?
Hibernate: delete from shift_assignments where id=?
2025-10-13T15:13:07.117+09:00 DEBUG 16864 --- [Shift Scheduler Demo] [           main] org.hibernate.SQL                        : delete from shift_assignments where id=?
Hibernate: delete from shift_assignments where id=?
2025-10-13T15:13:07.117+09:00 DEBUG 16864 --- [Shift Scheduler Demo] [           main] org.hibernate.SQL                        : delete from shift_assignments where id=?
Hibernate: delete from shift_assignments where id=?
2025-10-13T15:13:07.117+09:00 DEBUG 16864 --- [Shift Scheduler Demo] [           main] org.hibernate.SQL                        : delete from shift_assignments where id=?
Hibernate: delete from shift_assignments where id=?
2025-10-13T15:13:07.117+09:00 DEBUG 16864 --- [Shift Scheduler Demo] [           main] org.hibernate.SQL                        : delete from shift_assignments where id=?
Hibernate: delete from shift_assignments where id=?
2025-10-13T15:13:07.118+09:00 DEBUG 16864 --- [Shift Scheduler Demo] [           main] org.hibernate.SQL                        : delete from shift_assignments where id=?
Hibernate: delete from shift_assignments where id=?
2025-10-13T15:13:07.118+09:00 DEBUG 16864 --- [Shift Scheduler Demo] [           main] org.hibernate.SQL                        : delete from shift_assignments where id=?
Hibernate: delete from shift_assignments where id=?
2025-10-13T15:13:07.118+09:00 DEBUG 16864 --- [Shift Scheduler Demo] [           main] org.hibernate.SQL                        : delete from shift_assignments where id=?
Hibernate: delete from shift_assignments where id=?
2025-10-13T15:13:07.118+09:00 DEBUG 16864 --- [Shift Scheduler Demo] [           main] org.hibernate.SQL                        : delete from shift_assignments where id=?
Hibernate: delete from shift_assignments where id=?
2025-10-13T15:13:07.119+09:00 DEBUG 16864 --- [Shift Scheduler Demo] [           main] org.hibernate.SQL                        : delete from shift_assignments where id=?
Hibernate: delete from shift_assignments where id=?
2025-10-13T15:13:07.119+09:00 DEBUG 16864 --- [Shift Scheduler Demo] [           main] org.hibernate.SQL                        : delete from shift_assignments where id=?
Hibernate: delete from shift_assignments where id=?
2025-10-13T15:13:07.119+09:00 DEBUG 16864 --- [Shift Scheduler Demo] [           main] org.hibernate.SQL                        : delete from shift_assignments where id=?
Hibernate: delete from shift_assignments where id=?
2025-10-13T15:13:07.119+09:00 DEBUG 16864 --- [Shift Scheduler Demo] [           main] org.hibernate.SQL                        : delete from shift_assignments where id=?
Hibernate: delete from shift_assignments where id=?
2025-10-13T15:13:07.120+09:00 DEBUG 16864 --- [Shift Scheduler Demo] [           main] org.hibernate.SQL                        : delete from shift_assignments where id=?
Hibernate: delete from shift_assignments where id=?
2025-10-13T15:13:07.120+09:00 DEBUG 16864 --- [Shift Scheduler Demo] [           main] org.hibernate.SQL                        : delete from shift_assignments where id=?
Hibernate: delete from shift_assignments where id=?
2025-10-13T15:13:07.120+09:00 DEBUG 16864 --- [Shift Scheduler Demo] [           main] org.hibernate.SQL                        : delete from shift_assignments where id=?
Hibernate: delete from shift_assignments where id=?
2025-10-13T15:13:07.121+09:00 DEBUG 16864 --- [Shift Scheduler Demo] [           main] org.hibernate.SQL                        : delete from shift_assignments where id=?
Hibernate: delete from shift_assignments where id=?
2025-10-13T15:13:07.121+09:00 DEBUG 16864 --- [Shift Scheduler Demo] [           main] org.hibernate.SQL                        : delete from shift_assignments where id=?
Hibernate: delete from shift_assignments where id=?
2025-10-13T15:13:07.121+09:00 DEBUG 16864 --- [Shift Scheduler Demo] [           main] org.hibernate.SQL                        : delete from shift_assignments where id=?
Hibernate: delete from shift_assignments where id=?
2025-10-13T15:13:07.121+09:00 DEBUG 16864 --- [Shift Scheduler Demo] [           main] org.hibernate.SQL                        : delete from shift_assignments where id=?
Hibernate: delete from shift_assignments where id=?
2025-10-13T15:13:07.123+09:00 DEBUG 16864 --- [Shift Scheduler Demo] [           main] org.hibernate.SQL                        : delete from shift_assignments where id=?
Hibernate: delete from shift_assignments where id=?
2025-10-13T15:13:07.123+09:00 DEBUG 16864 --- [Shift Scheduler Demo] [           main] org.hibernate.SQL                        : delete from shift_assignments where id=?
Hibernate: delete from shift_assignments where id=?
2025-10-13T15:13:07.123+09:00 DEBUG 16864 --- [Shift Scheduler Demo] [           main] org.hibernate.SQL                        : delete from shift_assignments where id=?
Hibernate: delete from shift_assignments where id=?
2025-10-13T15:13:07.123+09:00 DEBUG 16864 --- [Shift Scheduler Demo] [           main] org.hibernate.SQL                        : delete from shift_assignments where id=?
Hibernate: delete from shift_assignments where id=?
2025-10-13T15:13:07.123+09:00 DEBUG 16864 --- [Shift Scheduler Demo] [           main] org.hibernate.SQL                        : delete from shift_assignments where id=?
Hibernate: delete from shift_assignments where id=?
2025-10-13T15:13:07.123+09:00 DEBUG 16864 --- [Shift Scheduler Demo] [           main] org.hibernate.SQL                        : delete from shift_assignments where id=?
Hibernate: delete from shift_assignments where id=?
2025-10-13T15:13:07.123+09:00 DEBUG 16864 --- [Shift Scheduler Demo] [           main] org.hibernate.SQL                        : delete from shift_assignments where id=?
Hibernate: delete from shift_assignments where id=?
2025-10-13T15:13:07.125+09:00 DEBUG 16864 --- [Shift Scheduler Demo] [           main] org.hibernate.SQL                        : delete from shift_assignments where id=?
Hibernate: delete from shift_assignments where id=?
2025-10-13T15:13:07.125+09:00 DEBUG 16864 --- [Shift Scheduler Demo] [           main] org.hibernate.SQL                        : delete from shift_assignments where id=?
Hibernate: delete from shift_assignments where id=?
2025-10-13T15:13:07.125+09:00 DEBUG 16864 --- [Shift Scheduler Demo] [           main] org.hibernate.SQL                        : delete from shift_assignments where id=?
Hibernate: delete from shift_assignments where id=?
2025-10-13T15:13:07.125+09:00 DEBUG 16864 --- [Shift Scheduler Demo] [           main] org.hibernate.SQL                        : delete from shift_assignments where id=?
Hibernate: delete from shift_assignments where id=?
2025-10-13T15:13:07.125+09:00 DEBUG 16864 --- [Shift Scheduler Demo] [           main] org.hibernate.SQL                        : delete from shift_assignments where id=?
Hibernate: delete from shift_assignments where id=?
2025-10-13T15:13:07.125+09:00 DEBUG 16864 --- [Shift Scheduler Demo] [           main] org.hibernate.SQL                        : delete from shift_assignments where id=?
Hibernate: delete from shift_assignments where id=?
2025-10-13T15:13:07.127+09:00 DEBUG 16864 --- [Shift Scheduler Demo] [           main] org.hibernate.SQL                        : delete from shift_assignments where id=?
Hibernate: delete from shift_assignments where id=?
2025-10-13T15:13:07.127+09:00 DEBUG 16864 --- [Shift Scheduler Demo] [           main] org.hibernate.SQL                        : delete from shift_assignments where id=?
Hibernate: delete from shift_assignments where id=?
2025-10-13T15:13:07.127+09:00 DEBUG 16864 --- [Shift Scheduler Demo] [           main] org.hibernate.SQL                        : delete from shift_assignments where id=?
Hibernate: delete from shift_assignments where id=?
2025-10-13T15:13:07.127+09:00 DEBUG 16864 --- [Shift Scheduler Demo] [           main] org.hibernate.SQL                        : delete from shift_assignments where id=?
Hibernate: delete from shift_assignments where id=?
2025-10-13T15:13:07.128+09:00 DEBUG 16864 --- [Shift Scheduler Demo] [           main] org.hibernate.SQL                        : delete from shift_assignments where id=?
Hibernate: delete from shift_assignments where id=?
2025-10-13T15:13:07.128+09:00 DEBUG 16864 --- [Shift Scheduler Demo] [           main] org.hibernate.SQL                        : delete from shift_assignments where id=?
Hibernate: delete from shift_assignments where id=?
2025-10-13T15:13:07.128+09:00 DEBUG 16864 --- [Shift Scheduler Demo] [           main] org.hibernate.SQL                        : delete from shift_assignments where id=?
Hibernate: delete from shift_assignments where id=?
2025-10-13T15:13:07.128+09:00 DEBUG 16864 --- [Shift Scheduler Demo] [           main] org.hibernate.SQL                        : delete from shift_assignments where id=?
Hibernate: delete from shift_assignments where id=?
2025-10-13T15:13:07.129+09:00 DEBUG 16864 --- [Shift Scheduler Demo] [           main] org.hibernate.SQL                        : delete from shift_assignments where id=?
Hibernate: delete from shift_assignments where id=?
2025-10-13T15:13:07.129+09:00 DEBUG 16864 --- [Shift Scheduler Demo] [           main] org.hibernate.SQL                        : delete from shift_assignments where id=?
Hibernate: delete from shift_assignments where id=?
2025-10-13T15:13:07.129+09:00 DEBUG 16864 --- [Shift Scheduler Demo] [           main] org.hibernate.SQL                        : delete from shift_assignments where id=?
Hibernate: delete from shift_assignments where id=?
2025-10-13T15:13:07.129+09:00 DEBUG 16864 --- [Shift Scheduler Demo] [           main] org.hibernate.SQL                        : delete from shift_assignments where id=?
Hibernate: delete from shift_assignments where id=?
2025-10-13T15:13:07.130+09:00 DEBUG 16864 --- [Shift Scheduler Demo] [           main] org.hibernate.SQL                        : delete from shift_assignments where id=?
Hibernate: delete from shift_assignments where id=?
2025-10-13T15:13:07.130+09:00 DEBUG 16864 --- [Shift Scheduler Demo] [           main] org.hibernate.SQL                        : delete from shift_assignments where id=?
Hibernate: delete from shift_assignments where id=?
2025-10-13T15:13:07.130+09:00 DEBUG 16864 --- [Shift Scheduler Demo] [           main] org.hibernate.SQL                        : delete from shift_assignments where id=?
Hibernate: delete from shift_assignments where id=?
2025-10-13T15:13:07.131+09:00 DEBUG 16864 --- [Shift Scheduler Demo] [           main] org.hibernate.SQL                        : delete from shift_assignments where id=?
Hibernate: delete from shift_assignments where id=?
2025-10-13T15:13:07.131+09:00 DEBUG 16864 --- [Shift Scheduler Demo] [           main] org.hibernate.SQL                        : delete from shift_assignments where id=?
Hibernate: delete from shift_assignments where id=?
2025-10-13T15:13:07.131+09:00 DEBUG 16864 --- [Shift Scheduler Demo] [           main] org.hibernate.SQL                        : delete from shift_assignments where id=?
Hibernate: delete from shift_assignments where id=?
2025-10-13T15:13:07.131+09:00 DEBUG 16864 --- [Shift Scheduler Demo] [           main] org.hibernate.SQL                        : delete from shift_assignments where id=?
Hibernate: delete from shift_assignments where id=?
2025-10-13T15:13:07.132+09:00 DEBUG 16864 --- [Shift Scheduler Demo] [           main] org.hibernate.SQL                        : delete from shift_assignments where id=?
Hibernate: delete from shift_assignments where id=?
2025-10-13T15:13:07.132+09:00 DEBUG 16864 --- [Shift Scheduler Demo] [           main] org.hibernate.SQL                        : delete from shift_assignments where id=?
Hibernate: delete from shift_assignments where id=?
2025-10-13T15:13:07.132+09:00 DEBUG 16864 --- [Shift Scheduler Demo] [           main] org.hibernate.SQL                        : delete from shift_assignments where id=?
Hibernate: delete from shift_assignments where id=?
2025-10-13T15:13:07.132+09:00 DEBUG 16864 --- [Shift Scheduler Demo] [           main] org.hibernate.SQL                        : delete from shift_assignments where id=?
Hibernate: delete from shift_assignments where id=?
2025-10-13T15:13:07.132+09:00 DEBUG 16864 --- [Shift Scheduler Demo] [           main] org.hibernate.SQL                        : delete from shift_assignments where id=?
Hibernate: delete from shift_assignments where id=?
2025-10-13T15:13:07.132+09:00 DEBUG 16864 --- [Shift Scheduler Demo] [           main] org.hibernate.SQL                        : delete from shift_assignments where id=?
Hibernate: delete from shift_assignments where id=?
2025-10-13T15:13:07.133+09:00 DEBUG 16864 --- [Shift Scheduler Demo] [           main] org.hibernate.SQL                        : delete from shift_assignments where id=?
Hibernate: delete from shift_assignments where id=?
2025-10-13T15:13:07.133+09:00 DEBUG 16864 --- [Shift Scheduler Demo] [           main] org.hibernate.SQL                        : delete from shift_assignments where id=?
Hibernate: delete from shift_assignments where id=?
2025-10-13T15:13:07.133+09:00 DEBUG 16864 --- [Shift Scheduler Demo] [           main] org.hibernate.SQL                        : delete from shift_assignments where id=?
Hibernate: delete from shift_assignments where id=?
2025-10-13T15:13:07.133+09:00 DEBUG 16864 --- [Shift Scheduler Demo] [           main] org.hibernate.SQL                        : delete from shift_assignments where id=?
Hibernate: delete from shift_assignments where id=?
2025-10-13T15:13:07.133+09:00 DEBUG 16864 --- [Shift Scheduler Demo] [           main] org.hibernate.SQL                        : delete from shift_assignments where id=?
Hibernate: delete from shift_assignments where id=?
2025-10-13T15:13:07.134+09:00 DEBUG 16864 --- [Shift Scheduler Demo] [           main] org.hibernate.SQL                        : delete from shift_assignments where id=?
Hibernate: delete from shift_assignments where id=?
2025-10-13T15:13:07.134+09:00 DEBUG 16864 --- [Shift Scheduler Demo] [           main] org.hibernate.SQL                        : delete from shift_assignments where id=?
Hibernate: delete from shift_assignments where id=?
2025-10-13T15:13:07.134+09:00 DEBUG 16864 --- [Shift Scheduler Demo] [           main] org.hibernate.SQL                        : delete from shift_assignments where id=?
Hibernate: delete from shift_assignments where id=?
2025-10-13T15:13:07.134+09:00 DEBUG 16864 --- [Shift Scheduler Demo] [           main] org.hibernate.SQL                        : delete from shift_assignments where id=?
Hibernate: delete from shift_assignments where id=?
2025-10-13T15:13:07.135+09:00 DEBUG 16864 --- [Shift Scheduler Demo] [           main] org.hibernate.SQL                        : delete from shift_assignments where id=?
Hibernate: delete from shift_assignments where id=?
2025-10-13T15:13:07.135+09:00 DEBUG 16864 --- [Shift Scheduler Demo] [           main] org.hibernate.SQL                        : delete from shift_assignments where id=?
Hibernate: delete from shift_assignments where id=?
2025-10-13T15:13:07.135+09:00 DEBUG 16864 --- [Shift Scheduler Demo] [           main] org.hibernate.SQL                        : delete from shift_assignments where id=?
Hibernate: delete from shift_assignments where id=?
2025-10-13T15:13:07.135+09:00 DEBUG 16864 --- [Shift Scheduler Demo] [           main] org.hibernate.SQL                        : delete from shift_assignments where id=?
Hibernate: delete from shift_assignments where id=?
2025-10-13T15:13:07.136+09:00 DEBUG 16864 --- [Shift Scheduler Demo] [           main] org.hibernate.SQL                        : delete from shift_assignments where id=?
Hibernate: delete from shift_assignments where id=?
2025-10-13T15:13:07.136+09:00 DEBUG 16864 --- [Shift Scheduler Demo] [           main] org.hibernate.SQL                        : delete from shift_assignments where id=?
Hibernate: delete from shift_assignments where id=?
2025-10-13T15:13:07.136+09:00 DEBUG 16864 --- [Shift Scheduler Demo] [           main] org.hibernate.SQL                        : delete from shift_assignments where id=?
Hibernate: delete from shift_assignments where id=?
2025-10-13T15:13:07.137+09:00 DEBUG 16864 --- [Shift Scheduler Demo] [           main] org.hibernate.SQL                        : delete from shift_assignments where id=?
Hibernate: delete from shift_assignments where id=?
2025-10-13T15:13:07.137+09:00 DEBUG 16864 --- [Shift Scheduler Demo] [           main] org.hibernate.SQL                        : delete from shift_assignments where id=?
Hibernate: delete from shift_assignments where id=?
2025-10-13T15:13:07.137+09:00 DEBUG 16864 --- [Shift Scheduler Demo] [           main] org.hibernate.SQL                        : delete from shift_assignments where id=?
Hibernate: delete from shift_assignments where id=?
2025-10-13T15:13:07.138+09:00 DEBUG 16864 --- [Shift Scheduler Demo] [           main] org.hibernate.SQL                        : delete from shift_assignments where id=?
Hibernate: delete from shift_assignments where id=?
2025-10-13T15:13:07.138+09:00 DEBUG 16864 --- [Shift Scheduler Demo] [           main] org.hibernate.SQL                        : delete from shift_assignments where id=?
Hibernate: delete from shift_assignments where id=?
2025-10-13T15:13:07.138+09:00 DEBUG 16864 --- [Shift Scheduler Demo] [           main] org.hibernate.SQL                        : delete from shift_assignments where id=?
Hibernate: delete from shift_assignments where id=?
2025-10-13T15:13:07.138+09:00 DEBUG 16864 --- [Shift Scheduler Demo] [           main] org.hibernate.SQL                        : delete from shift_assignments where id=?
Hibernate: delete from shift_assignments where id=?
2025-10-13T15:13:07.140+09:00 DEBUG 16864 --- [Shift Scheduler Demo] [           main] org.hibernate.SQL                        : delete from shift_assignments where id=?
Hibernate: delete from shift_assignments where id=?
2025-10-13T15:13:07.140+09:00 DEBUG 16864 --- [Shift Scheduler Demo] [           main] org.hibernate.SQL                        : delete from shift_assignments where id=?
Hibernate: delete from shift_assignments where id=?
2025-10-13T15:13:07.140+09:00 DEBUG 16864 --- [Shift Scheduler Demo] [           main] org.hibernate.SQL                        : delete from shift_assignments where id=?
Hibernate: delete from shift_assignments where id=?
2025-10-13T15:13:07.140+09:00 DEBUG 16864 --- [Shift Scheduler Demo] [           main] org.hibernate.SQL                        : delete from shift_assignments where id=?
Hibernate: delete from shift_assignments where id=?
2025-10-13T15:13:07.140+09:00 DEBUG 16864 --- [Shift Scheduler Demo] [           main] org.hibernate.SQL                        : delete from shift_assignments where id=?
Hibernate: delete from shift_assignments where id=?
2025-10-13T15:13:07.140+09:00 DEBUG 16864 --- [Shift Scheduler Demo] [           main] org.hibernate.SQL                        : delete from shift_assignments where id=?
Hibernate: delete from shift_assignments where id=?
2025-10-13T15:13:07.140+09:00 DEBUG 16864 --- [Shift Scheduler Demo] [           main] org.hibernate.SQL                        : delete from shift_assignments where id=?
Hibernate: delete from shift_assignments where id=?
2025-10-13T15:13:07.140+09:00 DEBUG 16864 --- [Shift Scheduler Demo] [           main] org.hibernate.SQL                        : delete from shift_assignments where id=?
Hibernate: delete from shift_assignments where id=?
2025-10-13T15:13:07.140+09:00 DEBUG 16864 --- [Shift Scheduler Demo] [           main] org.hibernate.SQL                        : delete from shift_assignments where id=?
Hibernate: delete from shift_assignments where id=?
2025-10-13T15:13:07.143+09:00 DEBUG 16864 --- [Shift Scheduler Demo] [           main] org.hibernate.SQL                        : delete from shift_assignments where id=?
Hibernate: delete from shift_assignments where id=?
2025-10-13T15:13:07.143+09:00 DEBUG 16864 --- [Shift Scheduler Demo] [           main] org.hibernate.SQL                        : delete from shift_assignments where id=?
Hibernate: delete from shift_assignments where id=?
2025-10-13T15:13:07.143+09:00 DEBUG 16864 --- [Shift Scheduler Demo] [           main] org.hibernate.SQL                        : delete from shift_assignments where id=?
Hibernate: delete from shift_assignments where id=?
2025-10-13T15:13:07.144+09:00 DEBUG 16864 --- [Shift Scheduler Demo] [           main] org.hibernate.SQL                        : delete from shift_assignments where id=?
Hibernate: delete from shift_assignments where id=?
2025-10-13T15:13:07.144+09:00 DEBUG 16864 --- [Shift Scheduler Demo] [           main] org.hibernate.SQL                        : delete from shift_assignments where id=?
Hibernate: delete from shift_assignments where id=?
2025-10-13T15:13:07.144+09:00 DEBUG 16864 --- [Shift Scheduler Demo] [           main] org.hibernate.SQL                        : delete from shift_assignments where id=?
Hibernate: delete from shift_assignments where id=?
2025-10-13T15:13:07.144+09:00 DEBUG 16864 --- [Shift Scheduler Demo] [           main] org.hibernate.SQL                        : delete from shift_assignments where id=?
Hibernate: delete from shift_assignments where id=?
2025-10-13T15:13:07.145+09:00 DEBUG 16864 --- [Shift Scheduler Demo] [           main] org.hibernate.SQL                        : delete from shift_assignments where id=?
Hibernate: delete from shift_assignments where id=?
2025-10-13T15:13:07.145+09:00 DEBUG 16864 --- [Shift Scheduler Demo] [           main] org.hibernate.SQL                        : delete from shift_assignments where id=?
Hibernate: delete from shift_assignments where id=?
2025-10-13T15:13:07.145+09:00 DEBUG 16864 --- [Shift Scheduler Demo] [           main] org.hibernate.SQL                        : delete from shift_assignments where id=?
Hibernate: delete from shift_assignments where id=?
2025-10-13T15:13:07.146+09:00 DEBUG 16864 --- [Shift Scheduler Demo] [           main] org.hibernate.SQL                        : delete from shift_assignments where id=?
Hibernate: delete from shift_assignments where id=?
2025-10-13T15:13:07.146+09:00 DEBUG 16864 --- [Shift Scheduler Demo] [           main] org.hibernate.SQL                        : delete from shift_assignments where id=?
Hibernate: delete from shift_assignments where id=?
2025-10-13T15:13:07.146+09:00 DEBUG 16864 --- [Shift Scheduler Demo] [           main] org.hibernate.SQL                        : delete from shift_assignments where id=?
Hibernate: delete from shift_assignments where id=?
2025-10-13T15:13:07.147+09:00 DEBUG 16864 --- [Shift Scheduler Demo] [           main] org.hibernate.SQL                        : delete from shift_assignments where id=?
Hibernate: delete from shift_assignments where id=?
2025-10-13T15:13:07.147+09:00 DEBUG 16864 --- [Shift Scheduler Demo] [           main] org.hibernate.SQL                        : delete from shift_assignments where id=?
Hibernate: delete from shift_assignments where id=?
2025-10-13T15:13:07.147+09:00 DEBUG 16864 --- [Shift Scheduler Demo] [           main] org.hibernate.SQL                        : delete from shift_assignments where id=?
Hibernate: delete from shift_assignments where id=?
2025-10-13T15:13:07.148+09:00 DEBUG 16864 --- [Shift Scheduler Demo] [           main] org.hibernate.SQL                        : delete from shift_assignments where id=?
Hibernate: delete from shift_assignments where id=?
2025-10-13T15:13:07.148+09:00 DEBUG 16864 --- [Shift Scheduler Demo] [           main] org.hibernate.SQL                        : delete from shift_assignments where id=?
Hibernate: delete from shift_assignments where id=?
2025-10-13T15:13:07.148+09:00 DEBUG 16864 --- [Shift Scheduler Demo] [           main] org.hibernate.SQL                        : delete from shift_assignments where id=?
Hibernate: delete from shift_assignments where id=?
2025-10-13T15:13:07.149+09:00 DEBUG 16864 --- [Shift Scheduler Demo] [           main] org.hibernate.SQL                        : delete from shift_assignments where id=?
Hibernate: delete from shift_assignments where id=?
2025-10-13T15:13:07.149+09:00 DEBUG 16864 --- [Shift Scheduler Demo] [           main] org.hibernate.SQL                        : delete from shift_assignments where id=?
Hibernate: delete from shift_assignments where id=?
2025-10-13T15:13:07.149+09:00 DEBUG 16864 --- [Shift Scheduler Demo] [           main] org.hibernate.SQL                        : delete from shift_assignments where id=?
Hibernate: delete from shift_assignments where id=?
2025-10-13T15:13:07.149+09:00 DEBUG 16864 --- [Shift Scheduler Demo] [           main] org.hibernate.SQL                        : delete from shift_assignments where id=?
Hibernate: delete from shift_assignments where id=?
2025-10-13T15:13:07.150+09:00 DEBUG 16864 --- [Shift Scheduler Demo] [           main] org.hibernate.SQL                        : delete from shift_assignments where id=?
Hibernate: delete from shift_assignments where id=?
2025-10-13T15:13:07.150+09:00 DEBUG 16864 --- [Shift Scheduler Demo] [           main] org.hibernate.SQL                        : delete from shift_assignments where id=?
Hibernate: delete from shift_assignments where id=?
2025-10-13T15:13:07.150+09:00 DEBUG 16864 --- [Shift Scheduler Demo] [           main] org.hibernate.SQL                        : delete from shift_assignments where id=?
Hibernate: delete from shift_assignments where id=?
2025-10-13T15:13:07.150+09:00 DEBUG 16864 --- [Shift Scheduler Demo] [           main] org.hibernate.SQL                        : delete from shift_assignments where id=?
Hibernate: delete from shift_assignments where id=?
2025-10-13T15:13:07.151+09:00 DEBUG 16864 --- [Shift Scheduler Demo] [           main] org.hibernate.SQL                        : delete from shift_assignments where id=?
Hibernate: delete from shift_assignments where id=?
2025-10-13T15:13:07.151+09:00 DEBUG 16864 --- [Shift Scheduler Demo] [           main] org.hibernate.SQL                        : delete from shift_assignments where id=?
Hibernate: delete from shift_assignments where id=?
2025-10-13T15:13:07.151+09:00 DEBUG 16864 --- [Shift Scheduler Demo] [           main] org.hibernate.SQL                        : delete from shift_assignments where id=?
Hibernate: delete from shift_assignments where id=?
2025-10-13T15:13:07.151+09:00 DEBUG 16864 --- [Shift Scheduler Demo] [           main] org.hibernate.SQL                        : delete from shift_assignments where id=?
Hibernate: delete from shift_assignments where id=?
2025-10-13T15:13:07.151+09:00 DEBUG 16864 --- [Shift Scheduler Demo] [           main] org.hibernate.SQL                        : delete from shift_assignments where id=?
Hibernate: delete from shift_assignments where id=?
2025-10-13T15:13:07.151+09:00 DEBUG 16864 --- [Shift Scheduler Demo] [           main] org.hibernate.SQL                        : delete from shift_assignments where id=?
Hibernate: delete from shift_assignments where id=?
2025-10-13T15:13:07.152+09:00 DEBUG 16864 --- [Shift Scheduler Demo] [           main] org.hibernate.SQL                        : delete from shift_assignments where id=?
Hibernate: delete from shift_assignments where id=?
2025-10-13T15:13:07.152+09:00 DEBUG 16864 --- [Shift Scheduler Demo] [           main] org.hibernate.SQL                        : delete from shift_assignments where id=?
Hibernate: delete from shift_assignments where id=?
2025-10-13T15:13:07.152+09:00 DEBUG 16864 --- [Shift Scheduler Demo] [           main] org.hibernate.SQL                        : delete from shift_assignments where id=?
Hibernate: delete from shift_assignments where id=?
2025-10-13T15:13:07.152+09:00 DEBUG 16864 --- [Shift Scheduler Demo] [           main] org.hibernate.SQL                        : delete from shift_assignments where id=?
Hibernate: delete from shift_assignments where id=?
2025-10-13T15:13:07.152+09:00 DEBUG 16864 --- [Shift Scheduler Demo] [           main] org.hibernate.SQL                        : delete from shift_assignments where id=?
Hibernate: delete from shift_assignments where id=?
2025-10-13T15:13:07.152+09:00 DEBUG 16864 --- [Shift Scheduler Demo] [           main] org.hibernate.SQL                        : delete from shift_assignments where id=?
Hibernate: delete from shift_assignments where id=?
2025-10-13T15:13:07.153+09:00 DEBUG 16864 --- [Shift Scheduler Demo] [           main] org.hibernate.SQL                        : delete from shift_assignments where id=?
Hibernate: delete from shift_assignments where id=?
2025-10-13T15:13:07.153+09:00 DEBUG 16864 --- [Shift Scheduler Demo] [           main] org.hibernate.SQL                        : delete from shift_assignments where id=?
Hibernate: delete from shift_assignments where id=?
2025-10-13T15:13:07.153+09:00 DEBUG 16864 --- [Shift Scheduler Demo] [           main] org.hibernate.SQL                        : delete from shift_assignments where id=?
Hibernate: delete from shift_assignments where id=?
2025-10-13T15:13:07.153+09:00 DEBUG 16864 --- [Shift Scheduler Demo] [           main] org.hibernate.SQL                        : delete from shift_assignments where id=?
Hibernate: delete from shift_assignments where id=?
2025-10-13T15:13:07.153+09:00 DEBUG 16864 --- [Shift Scheduler Demo] [           main] org.hibernate.SQL                        : delete from shift_assignments where id=?
Hibernate: delete from shift_assignments where id=?
2025-10-13T15:13:07.154+09:00 DEBUG 16864 --- [Shift Scheduler Demo] [           main] org.hibernate.SQL                        : delete from shift_assignments where id=?
Hibernate: delete from shift_assignments where id=?
2025-10-13T15:13:07.155+09:00 DEBUG 16864 --- [Shift Scheduler Demo] [           main] org.hibernate.SQL                        : delete from shift_assignments where id=?
Hibernate: delete from shift_assignments where id=?
2025-10-13T15:13:07.155+09:00 DEBUG 16864 --- [Shift Scheduler Demo] [           main] org.hibernate.SQL                        : delete from shift_assignments where id=?
Hibernate: delete from shift_assignments where id=?
2025-10-13T15:13:07.155+09:00 DEBUG 16864 --- [Shift Scheduler Demo] [           main] org.hibernate.SQL                        : delete from shift_assignments where id=?
Hibernate: delete from shift_assignments where id=?
2025-10-13T15:13:07.157+09:00 DEBUG 16864 --- [Shift Scheduler Demo] [           main] org.hibernate.SQL                        : delete from shift_assignments where id=?
Hibernate: delete from shift_assignments where id=?
2025-10-13T15:13:07.157+09:00 DEBUG 16864 --- [Shift Scheduler Demo] [           main] org.hibernate.SQL                        : delete from shift_assignments where id=?
Hibernate: delete from shift_assignments where id=?
2025-10-13T15:13:07.157+09:00 DEBUG 16864 --- [Shift Scheduler Demo] [           main] org.hibernate.SQL                        : delete from shift_assignments where id=?
Hibernate: delete from shift_assignments where id=?
2025-10-13T15:13:07.157+09:00 DEBUG 16864 --- [Shift Scheduler Demo] [           main] org.hibernate.SQL                        : delete from shift_assignments where id=?
Hibernate: delete from shift_assignments where id=?
2025-10-13T15:13:07.157+09:00 DEBUG 16864 --- [Shift Scheduler Demo] [           main] org.hibernate.SQL                        : delete from shift_assignments where id=?
Hibernate: delete from shift_assignments where id=?
2025-10-13T15:13:07.157+09:00 DEBUG 16864 --- [Shift Scheduler Demo] [           main] org.hibernate.SQL                        : delete from shift_assignments where id=?
Hibernate: delete from shift_assignments where id=?
2025-10-13T15:13:07.161+09:00 DEBUG 16864 --- [Shift Scheduler Demo] [           main] org.hibernate.SQL                        : delete from shift_assignments where id=?
Hibernate: delete from shift_assignments where id=?
2025-10-13T15:13:07.161+09:00 DEBUG 16864 --- [Shift Scheduler Demo] [           main] org.hibernate.SQL                        : delete from shift_assignments where id=?
Hibernate: delete from shift_assignments where id=?
2025-10-13T15:13:07.162+09:00 DEBUG 16864 --- [Shift Scheduler Demo] [           main] org.hibernate.SQL                        : delete from shift_assignments where id=?
Hibernate: delete from shift_assignments where id=?
2025-10-13T15:13:07.162+09:00 DEBUG 16864 --- [Shift Scheduler Demo] [           main] org.hibernate.SQL                        : delete from shift_assignments where id=?
Hibernate: delete from shift_assignments where id=?
2025-10-13T15:13:07.162+09:00 DEBUG 16864 --- [Shift Scheduler Demo] [           main] org.hibernate.SQL                        : delete from shift_assignments where id=?
Hibernate: delete from shift_assignments where id=?
2025-10-13T15:13:07.162+09:00 DEBUG 16864 --- [Shift Scheduler Demo] [           main] org.hibernate.SQL                        : delete from shift_assignments where id=?
Hibernate: delete from shift_assignments where id=?
2025-10-13T15:13:07.163+09:00 DEBUG 16864 --- [Shift Scheduler Demo] [           main] org.hibernate.SQL                        : delete from shift_assignments where id=?
Hibernate: delete from shift_assignments where id=?
2025-10-13T15:13:07.163+09:00 DEBUG 16864 --- [Shift Scheduler Demo] [           main] org.hibernate.SQL                        : delete from shift_assignments where id=?
Hibernate: delete from shift_assignments where id=?
2025-10-13T15:13:07.163+09:00 DEBUG 16864 --- [Shift Scheduler Demo] [           main] org.hibernate.SQL                        : delete from shift_assignments where id=?
Hibernate: delete from shift_assignments where id=?
2025-10-13T15:13:07.163+09:00 DEBUG 16864 --- [Shift Scheduler Demo] [           main] org.hibernate.SQL                        : delete from shift_assignments where id=?
Hibernate: delete from shift_assignments where id=?
2025-10-13T15:13:07.164+09:00 DEBUG 16864 --- [Shift Scheduler Demo] [           main] org.hibernate.SQL                        : delete from shift_assignments where id=?
Hibernate: delete from shift_assignments where id=?
2025-10-13T15:13:07.164+09:00 DEBUG 16864 --- [Shift Scheduler Demo] [           main] org.hibernate.SQL                        : delete from shift_assignments where id=?
Hibernate: delete from shift_assignments where id=?
2025-10-13T15:13:07.164+09:00 DEBUG 16864 --- [Shift Scheduler Demo] [           main] org.hibernate.SQL                        : delete from shift_assignments where id=?
Hibernate: delete from shift_assignments where id=?
2025-10-13T15:13:07.164+09:00 DEBUG 16864 --- [Shift Scheduler Demo] [           main] org.hibernate.SQL                        : delete from shift_assignments where id=?
Hibernate: delete from shift_assignments where id=?
2025-10-13T15:13:07.165+09:00 DEBUG 16864 --- [Shift Scheduler Demo] [           main] org.hibernate.SQL                        : delete from shift_assignments where id=?
Hibernate: delete from shift_assignments where id=?
2025-10-13T15:13:07.165+09:00 DEBUG 16864 --- [Shift Scheduler Demo] [           main] org.hibernate.SQL                        : delete from shift_assignments where id=?
Hibernate: delete from shift_assignments where id=?
2025-10-13T15:13:07.165+09:00 DEBUG 16864 --- [Shift Scheduler Demo] [           main] org.hibernate.SQL                        : delete from shift_assignments where id=?
Hibernate: delete from shift_assignments where id=?
2025-10-13T15:13:07.165+09:00 DEBUG 16864 --- [Shift Scheduler Demo] [           main] org.hibernate.SQL                        : delete from shift_assignments where id=?
Hibernate: delete from shift_assignments where id=?
2025-10-13T15:13:07.166+09:00 DEBUG 16864 --- [Shift Scheduler Demo] [           main] org.hibernate.SQL                        : delete from shift_assignments where id=?
Hibernate: delete from shift_assignments where id=?
2025-10-13T15:13:07.166+09:00 DEBUG 16864 --- [Shift Scheduler Demo] [           main] org.hibernate.SQL                        : delete from shift_assignments where id=?
Hibernate: delete from shift_assignments where id=?
2025-10-13T15:13:07.166+09:00 DEBUG 16864 --- [Shift Scheduler Demo] [           main] org.hibernate.SQL                        : delete from shift_assignments where id=?
Hibernate: delete from shift_assignments where id=?
2025-10-13T15:13:07.166+09:00 DEBUG 16864 --- [Shift Scheduler Demo] [           main] org.hibernate.SQL                        : delete from shift_assignments where id=?
Hibernate: delete from shift_assignments where id=?
2025-10-13T15:13:07.167+09:00 DEBUG 16864 --- [Shift Scheduler Demo] [           main] org.hibernate.SQL                        : delete from shift_assignments where id=?
Hibernate: delete from shift_assignments where id=?
2025-10-13T15:13:07.167+09:00 DEBUG 16864 --- [Shift Scheduler Demo] [           main] org.hibernate.SQL                        : delete from shift_assignments where id=?
Hibernate: delete from shift_assignments where id=?
2025-10-13T15:13:07.167+09:00 DEBUG 16864 --- [Shift Scheduler Demo] [           main] org.hibernate.SQL                        : delete from shift_assignments where id=?
Hibernate: delete from shift_assignments where id=?
2025-10-13T15:13:07.167+09:00 DEBUG 16864 --- [Shift Scheduler Demo] [           main] org.hibernate.SQL                        : delete from shift_assignments where id=?
Hibernate: delete from shift_assignments where id=?
2025-10-13T15:13:07.167+09:00 DEBUG 16864 --- [Shift Scheduler Demo] [           main] org.hibernate.SQL                        : delete from shift_assignments where id=?
Hibernate: delete from shift_assignments where id=?
2025-10-13T15:13:07.168+09:00 DEBUG 16864 --- [Shift Scheduler Demo] [           main] org.hibernate.SQL                        : delete from shift_assignments where id=?
Hibernate: delete from shift_assignments where id=?
2025-10-13T15:13:07.168+09:00 DEBUG 16864 --- [Shift Scheduler Demo] [           main] org.hibernate.SQL                        : delete from shift_assignments where id=?
Hibernate: delete from shift_assignments where id=?
2025-10-13T15:13:07.168+09:00 DEBUG 16864 --- [Shift Scheduler Demo] [           main] org.hibernate.SQL                        : delete from shift_assignments where id=?
Hibernate: delete from shift_assignments where id=?
2025-10-13T15:13:07.168+09:00 DEBUG 16864 --- [Shift Scheduler Demo] [           main] org.hibernate.SQL                        : delete from shift_assignments where id=?
Hibernate: delete from shift_assignments where id=?
2025-10-13T15:13:07.169+09:00 DEBUG 16864 --- [Shift Scheduler Demo] [           main] org.hibernate.SQL                        : delete from shift_assignments where id=?
Hibernate: delete from shift_assignments where id=?
2025-10-13T15:13:07.170+09:00 DEBUG 16864 --- [Shift Scheduler Demo] [           main] org.hibernate.SQL                        : delete from shift_assignments where id=?
Hibernate: delete from shift_assignments where id=?
2025-10-13T15:13:07.170+09:00 DEBUG 16864 --- [Shift Scheduler Demo] [           main] org.hibernate.SQL                        : delete from shift_assignments where id=?
Hibernate: delete from shift_assignments where id=?
2025-10-13T15:13:07.170+09:00 DEBUG 16864 --- [Shift Scheduler Demo] [           main] org.hibernate.SQL                        : delete from shift_assignments where id=?
Hibernate: delete from shift_assignments where id=?
2025-10-13T15:13:07.170+09:00 DEBUG 16864 --- [Shift Scheduler Demo] [           main] org.hibernate.SQL                        : delete from shift_assignments where id=?
Hibernate: delete from shift_assignments where id=?
2025-10-13T15:13:07.170+09:00 DEBUG 16864 --- [Shift Scheduler Demo] [           main] org.hibernate.SQL                        : delete from shift_assignments where id=?
Hibernate: delete from shift_assignments where id=?
2025-10-13T15:13:07.171+09:00 DEBUG 16864 --- [Shift Scheduler Demo] [           main] org.hibernate.SQL                        : delete from shift_assignments where id=?
Hibernate: delete from shift_assignments where id=?
2025-10-13T15:13:07.171+09:00 DEBUG 16864 --- [Shift Scheduler Demo] [           main] org.hibernate.SQL                        : delete from shift_assignments where id=?
Hibernate: delete from shift_assignments where id=?
2025-10-13T15:13:07.172+09:00 DEBUG 16864 --- [Shift Scheduler Demo] [           main] org.hibernate.SQL                        : delete from shift_assignments where id=?
Hibernate: delete from shift_assignments where id=?
2025-10-13T15:13:07.172+09:00 DEBUG 16864 --- [Shift Scheduler Demo] [           main] org.hibernate.SQL                        : delete from shift_assignments where id=?
Hibernate: delete from shift_assignments where id=?
2025-10-13T15:13:07.172+09:00 DEBUG 16864 --- [Shift Scheduler Demo] [           main] org.hibernate.SQL                        : delete from shift_assignments where id=?
Hibernate: delete from shift_assignments where id=?
2025-10-13T15:13:07.172+09:00 DEBUG 16864 --- [Shift Scheduler Demo] [           main] org.hibernate.SQL                        : delete from shift_assignments where id=?
Hibernate: delete from shift_assignments where id=?
2025-10-13T15:13:07.172+09:00 DEBUG 16864 --- [Shift Scheduler Demo] [           main] org.hibernate.SQL                        : delete from shift_assignments where id=?
Hibernate: delete from shift_assignments where id=?
2025-10-13T15:13:07.172+09:00 DEBUG 16864 --- [Shift Scheduler Demo] [           main] org.hibernate.SQL                        : delete from shift_assignments where id=?
Hibernate: delete from shift_assignments where id=?
2025-10-13T15:13:07.172+09:00 DEBUG 16864 --- [Shift Scheduler Demo] [           main] org.hibernate.SQL                        : delete from shift_assignments where id=?
Hibernate: delete from shift_assignments where id=?
2025-10-13T15:13:07.174+09:00 DEBUG 16864 --- [Shift Scheduler Demo] [           main] org.hibernate.SQL                        : delete from shift_assignments where id=?
Hibernate: delete from shift_assignments where id=?
2025-10-13T15:13:07.174+09:00 DEBUG 16864 --- [Shift Scheduler Demo] [           main] org.hibernate.SQL                        : delete from shift_assignments where id=?
Hibernate: delete from shift_assignments where id=?
2025-10-13T15:13:07.174+09:00 DEBUG 16864 --- [Shift Scheduler Demo] [           main] org.hibernate.SQL                        : delete from shift_assignments where id=?
Hibernate: delete from shift_assignments where id=?
2025-10-13T15:13:07.174+09:00 DEBUG 16864 --- [Shift Scheduler Demo] [           main] org.hibernate.SQL                        : delete from shift_assignments where id=?
Hibernate: delete from shift_assignments where id=?
2025-10-13T15:13:07.174+09:00 DEBUG 16864 --- [Shift Scheduler Demo] [           main] org.hibernate.SQL                        : delete from shift_assignments where id=?
Hibernate: delete from shift_assignments where id=?
2025-10-13T15:13:07.174+09:00 DEBUG 16864 --- [Shift Scheduler Demo] [           main] org.hibernate.SQL                        : delete from shift_assignments where id=?
Hibernate: delete from shift_assignments where id=?
2025-10-13T15:13:07.174+09:00 DEBUG 16864 --- [Shift Scheduler Demo] [           main] org.hibernate.SQL                        : delete from shift_assignments where id=?
Hibernate: delete from shift_assignments where id=?
2025-10-13T15:13:07.176+09:00 DEBUG 16864 --- [Shift Scheduler Demo] [           main] org.hibernate.SQL                        : delete from shift_assignments where id=?
Hibernate: delete from shift_assignments where id=?
2025-10-13T15:13:07.176+09:00 DEBUG 16864 --- [Shift Scheduler Demo] [           main] org.hibernate.SQL                        : delete from shift_assignments where id=?
Hibernate: delete from shift_assignments where id=?
2025-10-13T15:13:07.176+09:00 DEBUG 16864 --- [Shift Scheduler Demo] [           main] org.hibernate.SQL                        : delete from shift_assignments where id=?
Hibernate: delete from shift_assignments where id=?
2025-10-13T15:13:07.176+09:00 DEBUG 16864 --- [Shift Scheduler Demo] [           main] org.hibernate.SQL                        : delete from shift_assignments where id=?
Hibernate: delete from shift_assignments where id=?
2025-10-13T15:13:07.176+09:00 DEBUG 16864 --- [Shift Scheduler Demo] [           main] org.hibernate.SQL                        : delete from shift_assignments where id=?
Hibernate: delete from shift_assignments where id=?
2025-10-13T15:13:07.177+09:00 DEBUG 16864 --- [Shift Scheduler Demo] [           main] org.hibernate.SQL                        : delete from shift_assignments where id=?
Hibernate: delete from shift_assignments where id=?
2025-10-13T15:13:07.177+09:00 DEBUG 16864 --- [Shift Scheduler Demo] [           main] org.hibernate.SQL                        : delete from shift_assignments where id=?
Hibernate: delete from shift_assignments where id=?
2025-10-13T15:13:07.177+09:00 DEBUG 16864 --- [Shift Scheduler Demo] [           main] org.hibernate.SQL                        : delete from shift_assignments where id=?
Hibernate: delete from shift_assignments where id=?
2025-10-13T15:13:07.178+09:00 DEBUG 16864 --- [Shift Scheduler Demo] [           main] org.hibernate.SQL                        : delete from shift_assignments where id=?
Hibernate: delete from shift_assignments where id=?
2025-10-13T15:13:07.178+09:00 DEBUG 16864 --- [Shift Scheduler Demo] [           main] org.hibernate.SQL                        : delete from shift_assignments where id=?
Hibernate: delete from shift_assignments where id=?
2025-10-13T15:13:07.178+09:00 DEBUG 16864 --- [Shift Scheduler Demo] [           main] org.hibernate.SQL                        : delete from shift_assignments where id=?
Hibernate: delete from shift_assignments where id=?
2025-10-13T15:13:07.178+09:00 DEBUG 16864 --- [Shift Scheduler Demo] [           main] org.hibernate.SQL                        : delete from shift_assignments where id=?
Hibernate: delete from shift_assignments where id=?
2025-10-13T15:13:07.178+09:00 DEBUG 16864 --- [Shift Scheduler Demo] [           main] org.hibernate.SQL                        : delete from shift_assignments where id=?
Hibernate: delete from shift_assignments where id=?
2025-10-13T15:13:07.179+09:00 DEBUG 16864 --- [Shift Scheduler Demo] [           main] org.hibernate.SQL                        : delete from shift_assignments where id=?
Hibernate: delete from shift_assignments where id=?
2025-10-13T15:13:07.179+09:00 DEBUG 16864 --- [Shift Scheduler Demo] [           main] org.hibernate.SQL                        : delete from shift_assignments where id=?
Hibernate: delete from shift_assignments where id=?
2025-10-13T15:13:07.179+09:00 DEBUG 16864 --- [Shift Scheduler Demo] [           main] org.hibernate.SQL                        : delete from shift_assignments where id=?
Hibernate: delete from shift_assignments where id=?
2025-10-13T15:13:07.179+09:00 DEBUG 16864 --- [Shift Scheduler Demo] [           main] org.hibernate.SQL                        : delete from shift_assignments where id=?
Hibernate: delete from shift_assignments where id=?
2025-10-13T15:13:07.179+09:00 DEBUG 16864 --- [Shift Scheduler Demo] [           main] org.hibernate.SQL                        : delete from shift_assignments where id=?
Hibernate: delete from shift_assignments where id=?
2025-10-13T15:13:07.180+09:00 DEBUG 16864 --- [Shift Scheduler Demo] [           main] org.hibernate.SQL                        : delete from shift_assignments where id=?
Hibernate: delete from shift_assignments where id=?
2025-10-13T15:13:07.180+09:00 DEBUG 16864 --- [Shift Scheduler Demo] [           main] org.hibernate.SQL                        : delete from shift_assignments where id=?
Hibernate: delete from shift_assignments where id=?
2025-10-13T15:13:07.180+09:00 DEBUG 16864 --- [Shift Scheduler Demo] [           main] org.hibernate.SQL                        : delete from shift_assignments where id=?
Hibernate: delete from shift_assignments where id=?
2025-10-13T15:13:07.180+09:00 DEBUG 16864 --- [Shift Scheduler Demo] [           main] org.hibernate.SQL                        : delete from shift_assignments where id=?
Hibernate: delete from shift_assignments where id=?
2025-10-13T15:13:07.180+09:00 DEBUG 16864 --- [Shift Scheduler Demo] [           main] org.hibernate.SQL                        : delete from shift_assignments where id=?
Hibernate: delete from shift_assignments where id=?
2025-10-13T15:13:07.180+09:00 DEBUG 16864 --- [Shift Scheduler Demo] [           main] org.hibernate.SQL                        : delete from shift_assignments where id=?
Hibernate: delete from shift_assignments where id=?
2025-10-13T15:13:07.181+09:00 DEBUG 16864 --- [Shift Scheduler Demo] [           main] org.hibernate.SQL                        : delete from shift_assignments where id=?
Hibernate: delete from shift_assignments where id=?
2025-10-13T15:13:07.181+09:00 DEBUG 16864 --- [Shift Scheduler Demo] [           main] org.hibernate.SQL                        : delete from shift_assignments where id=?
Hibernate: delete from shift_assignments where id=?
2025-10-13T15:13:07.181+09:00 DEBUG 16864 --- [Shift Scheduler Demo] [           main] org.hibernate.SQL                        : delete from shift_assignments where id=?
Hibernate: delete from shift_assignments where id=?
2025-10-13T15:13:07.181+09:00 DEBUG 16864 --- [Shift Scheduler Demo] [           main] org.hibernate.SQL                        : delete from shift_assignments where id=?
Hibernate: delete from shift_assignments where id=?
2025-10-13T15:13:07.182+09:00 DEBUG 16864 --- [Shift Scheduler Demo] [           main] org.hibernate.SQL                        : delete from shift_assignments where id=?
Hibernate: delete from shift_assignments where id=?
2025-10-13T15:13:07.182+09:00 DEBUG 16864 --- [Shift Scheduler Demo] [           main] org.hibernate.SQL                        : delete from shift_assignments where id=?
Hibernate: delete from shift_assignments where id=?
2025-10-13T15:13:07.183+09:00 DEBUG 16864 --- [Shift Scheduler Demo] [           main] org.hibernate.SQL                        : delete from shift_assignments where id=?
Hibernate: delete from shift_assignments where id=?
2025-10-13T15:13:07.183+09:00 DEBUG 16864 --- [Shift Scheduler Demo] [           main] org.hibernate.SQL                        : delete from shift_assignments where id=?
Hibernate: delete from shift_assignments where id=?
2025-10-13T15:13:07.183+09:00 DEBUG 16864 --- [Shift Scheduler Demo] [           main] org.hibernate.SQL                        : delete from shift_assignments where id=?
Hibernate: delete from shift_assignments where id=?
2025-10-13T15:13:07.184+09:00 DEBUG 16864 --- [Shift Scheduler Demo] [           main] org.hibernate.SQL                        : delete from shift_assignments where id=?
Hibernate: delete from shift_assignments where id=?
2025-10-13T15:13:07.184+09:00 DEBUG 16864 --- [Shift Scheduler Demo] [           main] org.hibernate.SQL                        : delete from shift_assignments where id=?
Hibernate: delete from shift_assignments where id=?
2025-10-13T15:13:07.184+09:00 DEBUG 16864 --- [Shift Scheduler Demo] [           main] org.hibernate.SQL                        : delete from shift_assignments where id=?
Hibernate: delete from shift_assignments where id=?
2025-10-13T15:13:07.185+09:00 DEBUG 16864 --- [Shift Scheduler Demo] [           main] org.hibernate.SQL                        : delete from shift_assignments where id=?
Hibernate: delete from shift_assignments where id=?
2025-10-13T15:13:07.185+09:00 DEBUG 16864 --- [Shift Scheduler Demo] [           main] org.hibernate.SQL                        : delete from shift_assignments where id=?
Hibernate: delete from shift_assignments where id=?
2025-10-13T15:13:07.185+09:00 DEBUG 16864 --- [Shift Scheduler Demo] [           main] org.hibernate.SQL                        : delete from shift_assignments where id=?
Hibernate: delete from shift_assignments where id=?
2025-10-13T15:13:07.185+09:00 DEBUG 16864 --- [Shift Scheduler Demo] [           main] org.hibernate.SQL                        : delete from shift_assignments where id=?
Hibernate: delete from shift_assignments where id=?
2025-10-13T15:13:07.186+09:00 DEBUG 16864 --- [Shift Scheduler Demo] [           main] org.hibernate.SQL                        : delete from shift_assignments where id=?
Hibernate: delete from shift_assignments where id=?
2025-10-13T15:13:07.186+09:00 DEBUG 16864 --- [Shift Scheduler Demo] [           main] org.hibernate.SQL                        : delete from shift_assignments where id=?
Hibernate: delete from shift_assignments where id=?
2025-10-13T15:13:07.186+09:00 DEBUG 16864 --- [Shift Scheduler Demo] [           main] org.hibernate.SQL                        : delete from shift_assignments where id=?
Hibernate: delete from shift_assignments where id=?
2025-10-13T15:13:07.186+09:00 DEBUG 16864 --- [Shift Scheduler Demo] [           main] org.hibernate.SQL                        : delete from shift_assignments where id=?
Hibernate: delete from shift_assignments where id=?
2025-10-13T15:13:07.186+09:00 DEBUG 16864 --- [Shift Scheduler Demo] [           main] org.hibernate.SQL                        : delete from shift_assignments where id=?
Hibernate: delete from shift_assignments where id=?
2025-10-13T15:13:07.187+09:00 DEBUG 16864 --- [Shift Scheduler Demo] [           main] org.hibernate.SQL                        : delete from shift_assignments where id=?
Hibernate: delete from shift_assignments where id=?
2025-10-13T15:13:07.187+09:00 DEBUG 16864 --- [Shift Scheduler Demo] [           main] org.hibernate.SQL                        : delete from shift_assignments where id=?
Hibernate: delete from shift_assignments where id=?
2025-10-13T15:13:07.187+09:00 DEBUG 16864 --- [Shift Scheduler Demo] [           main] org.hibernate.SQL                        : delete from shift_assignments where id=?
Hibernate: delete from shift_assignments where id=?
2025-10-13T15:13:07.188+09:00 DEBUG 16864 --- [Shift Scheduler Demo] [           main] org.hibernate.SQL                        : delete from shift_assignments where id=?
Hibernate: delete from shift_assignments where id=?
2025-10-13T15:13:07.188+09:00 DEBUG 16864 --- [Shift Scheduler Demo] [           main] org.hibernate.SQL                        : delete from shift_assignments where id=?
Hibernate: delete from shift_assignments where id=?
2025-10-13T15:13:07.189+09:00 DEBUG 16864 --- [Shift Scheduler Demo] [           main] org.hibernate.SQL                        : delete from shift_assignments where id=?
Hibernate: delete from shift_assignments where id=?
2025-10-13T15:13:07.189+09:00 DEBUG 16864 --- [Shift Scheduler Demo] [           main] org.hibernate.SQL                        : delete from shift_assignments where id=?
Hibernate: delete from shift_assignments where id=?
2025-10-13T15:13:07.190+09:00 DEBUG 16864 --- [Shift Scheduler Demo] [           main] org.hibernate.SQL                        : delete from shift_assignments where id=?
Hibernate: delete from shift_assignments where id=?
2025-10-13T15:13:07.190+09:00 DEBUG 16864 --- [Shift Scheduler Demo] [           main] org.hibernate.SQL                        : delete from shift_assignments where id=?
Hibernate: delete from shift_assignments where id=?
2025-10-13T15:13:07.190+09:00 DEBUG 16864 --- [Shift Scheduler Demo] [           main] org.hibernate.SQL                        : delete from shift_assignments where id=?
Hibernate: delete from shift_assignments where id=?
2025-10-13T15:13:07.190+09:00 DEBUG 16864 --- [Shift Scheduler Demo] [           main] org.hibernate.SQL                        : delete from shift_assignments where id=?
Hibernate: delete from shift_assignments where id=?
2025-10-13T15:13:07.191+09:00 DEBUG 16864 --- [Shift Scheduler Demo] [           main] org.hibernate.SQL                        : delete from shift_assignments where id=?
Hibernate: delete from shift_assignments where id=?
2025-10-13T15:13:07.191+09:00 DEBUG 16864 --- [Shift Scheduler Demo] [           main] org.hibernate.SQL                        : delete from shift_assignments where id=?
Hibernate: delete from shift_assignments where id=?
2025-10-13T15:13:07.191+09:00 DEBUG 16864 --- [Shift Scheduler Demo] [           main] org.hibernate.SQL                        : delete from shift_assignments where id=?
Hibernate: delete from shift_assignments where id=?
2025-10-13T15:13:07.191+09:00 DEBUG 16864 --- [Shift Scheduler Demo] [           main] org.hibernate.SQL                        : delete from shift_assignments where id=?
Hibernate: delete from shift_assignments where id=?
2025-10-13T15:13:07.191+09:00 DEBUG 16864 --- [Shift Scheduler Demo] [           main] org.hibernate.SQL                        : delete from shift_assignments where id=?
Hibernate: delete from shift_assignments where id=?
2025-10-13T15:13:07.191+09:00 DEBUG 16864 --- [Shift Scheduler Demo] [           main] org.hibernate.SQL                        : delete from shift_assignments where id=?
Hibernate: delete from shift_assignments where id=?
2025-10-13T15:13:07.192+09:00 DEBUG 16864 --- [Shift Scheduler Demo] [           main] org.hibernate.SQL                        : delete from shift_assignments where id=?
Hibernate: delete from shift_assignments where id=?
2025-10-13T15:13:07.192+09:00 DEBUG 16864 --- [Shift Scheduler Demo] [           main] org.hibernate.SQL                        : delete from shift_assignments where id=?
Hibernate: delete from shift_assignments where id=?
2025-10-13T15:13:07.192+09:00 DEBUG 16864 --- [Shift Scheduler Demo] [           main] org.hibernate.SQL                        : delete from shift_assignments where id=?
Hibernate: delete from shift_assignments where id=?
2025-10-13T15:13:07.192+09:00 DEBUG 16864 --- [Shift Scheduler Demo] [           main] org.hibernate.SQL                        : delete from shift_assignments where id=?
Hibernate: delete from shift_assignments where id=?
2025-10-13T15:13:07.192+09:00 DEBUG 16864 --- [Shift Scheduler Demo] [           main] org.hibernate.SQL                        : delete from shift_assignments where id=?
Hibernate: delete from shift_assignments where id=?
2025-10-13T15:13:07.192+09:00 DEBUG 16864 --- [Shift Scheduler Demo] [           main] org.hibernate.SQL                        : delete from shift_assignments where id=?
Hibernate: delete from shift_assignments where id=?
2025-10-13T15:13:07.192+09:00 DEBUG 16864 --- [Shift Scheduler Demo] [           main] org.hibernate.SQL                        : delete from shift_assignments where id=?
Hibernate: delete from shift_assignments where id=?
2025-10-13T15:13:07.193+09:00 DEBUG 16864 --- [Shift Scheduler Demo] [           main] org.hibernate.SQL                        : delete from shift_assignments where id=?
Hibernate: delete from shift_assignments where id=?
2025-10-13T15:13:07.193+09:00 DEBUG 16864 --- [Shift Scheduler Demo] [           main] org.hibernate.SQL                        : delete from shift_assignments where id=?
Hibernate: delete from shift_assignments where id=?
2025-10-13T15:13:07.193+09:00 DEBUG 16864 --- [Shift Scheduler Demo] [           main] org.hibernate.SQL                        : delete from shift_assignments where id=?
Hibernate: delete from shift_assignments where id=?
2025-10-13T15:13:07.193+09:00 DEBUG 16864 --- [Shift Scheduler Demo] [           main] org.hibernate.SQL                        : delete from shift_assignments where id=?
Hibernate: delete from shift_assignments where id=?
2025-10-13T15:13:07.193+09:00 DEBUG 16864 --- [Shift Scheduler Demo] [           main] org.hibernate.SQL                        : delete from shift_assignments where id=?
Hibernate: delete from shift_assignments where id=?
2025-10-13T15:13:07.194+09:00 DEBUG 16864 --- [Shift Scheduler Demo] [           main] org.hibernate.SQL                        : delete from shift_assignments where id=?
Hibernate: delete from shift_assignments where id=?
2025-10-13T15:13:07.194+09:00 DEBUG 16864 --- [Shift Scheduler Demo] [           main] org.hibernate.SQL                        : delete from shift_assignments where id=?
Hibernate: delete from shift_assignments where id=?
2025-10-13T15:13:07.194+09:00 DEBUG 16864 --- [Shift Scheduler Demo] [           main] org.hibernate.SQL                        : delete from shift_assignments where id=?
Hibernate: delete from shift_assignments where id=?
2025-10-13T15:13:07.194+09:00 DEBUG 16864 --- [Shift Scheduler Demo] [           main] org.hibernate.SQL                        : delete from shift_assignments where id=?
Hibernate: delete from shift_assignments where id=?
2025-10-13T15:13:07.194+09:00 DEBUG 16864 --- [Shift Scheduler Demo] [           main] org.hibernate.SQL                        : delete from shift_assignments where id=?
Hibernate: delete from shift_assignments where id=?
2025-10-13T15:13:07.194+09:00 DEBUG 16864 --- [Shift Scheduler Demo] [           main] org.hibernate.SQL                        : delete from shift_assignments where id=?
Hibernate: delete from shift_assignments where id=?
2025-10-13T15:13:07.195+09:00 DEBUG 16864 --- [Shift Scheduler Demo] [           main] org.hibernate.SQL                        : delete from shift_assignments where id=?
Hibernate: delete from shift_assignments where id=?
2025-10-13T15:13:07.195+09:00 DEBUG 16864 --- [Shift Scheduler Demo] [           main] org.hibernate.SQL                        : delete from shift_assignments where id=?
Hibernate: delete from shift_assignments where id=?
2025-10-13T15:13:07.195+09:00 DEBUG 16864 --- [Shift Scheduler Demo] [           main] org.hibernate.SQL                        : delete from shift_assignments where id=?
Hibernate: delete from shift_assignments where id=?
2025-10-13T15:13:07.195+09:00 DEBUG 16864 --- [Shift Scheduler Demo] [           main] org.hibernate.SQL                        : delete from shift_assignments where id=?
Hibernate: delete from shift_assignments where id=?
2025-10-13T15:13:07.195+09:00 DEBUG 16864 --- [Shift Scheduler Demo] [           main] org.hibernate.SQL                        : delete from shift_assignments where id=?
Hibernate: delete from shift_assignments where id=?
2025-10-13T15:13:07.195+09:00 DEBUG 16864 --- [Shift Scheduler Demo] [           main] org.hibernate.SQL                        : delete from shift_assignments where id=?
Hibernate: delete from shift_assignments where id=?
2025-10-13T15:13:07.195+09:00 DEBUG 16864 --- [Shift Scheduler Demo] [           main] org.hibernate.SQL                        : delete from shift_assignments where id=?
Hibernate: delete from shift_assignments where id=?
2025-10-13T15:13:07.196+09:00 DEBUG 16864 --- [Shift Scheduler Demo] [           main] org.hibernate.SQL                        : delete from shift_assignments where id=?
Hibernate: delete from shift_assignments where id=?
2025-10-13T15:13:07.196+09:00 DEBUG 16864 --- [Shift Scheduler Demo] [           main] org.hibernate.SQL                        : delete from shift_assignments where id=?
Hibernate: delete from shift_assignments where id=?
2025-10-13T15:13:07.196+09:00 DEBUG 16864 --- [Shift Scheduler Demo] [           main] org.hibernate.SQL                        : delete from shift_assignments where id=?
Hibernate: delete from shift_assignments where id=?
2025-10-13T15:13:07.196+09:00 DEBUG 16864 --- [Shift Scheduler Demo] [           main] org.hibernate.SQL                        : delete from shift_assignments where id=?
Hibernate: delete from shift_assignments where id=?
2025-10-13T15:13:07.196+09:00 DEBUG 16864 --- [Shift Scheduler Demo] [           main] org.hibernate.SQL                        : delete from shift_assignments where id=?
Hibernate: delete from shift_assignments where id=?
2025-10-13T15:13:07.197+09:00 DEBUG 16864 --- [Shift Scheduler Demo] [           main] org.hibernate.SQL                        : delete from shift_assignments where id=?
Hibernate: delete from shift_assignments where id=?
2025-10-13T15:13:07.197+09:00 DEBUG 16864 --- [Shift Scheduler Demo] [           main] org.hibernate.SQL                        : delete from shift_assignments where id=?
Hibernate: delete from shift_assignments where id=?
2025-10-13T15:13:07.197+09:00 DEBUG 16864 --- [Shift Scheduler Demo] [           main] org.hibernate.SQL                        : delete from shift_assignments where id=?
Hibernate: delete from shift_assignments where id=?
2025-10-13T15:13:07.197+09:00 DEBUG 16864 --- [Shift Scheduler Demo] [           main] org.hibernate.SQL                        : delete from shift_assignments where id=?
Hibernate: delete from shift_assignments where id=?
2025-10-13T15:13:07.197+09:00 DEBUG 16864 --- [Shift Scheduler Demo] [           main] org.hibernate.SQL                        : delete from shift_assignments where id=?
Hibernate: delete from shift_assignments where id=?
2025-10-13T15:13:07.197+09:00 DEBUG 16864 --- [Shift Scheduler Demo] [           main] org.hibernate.SQL                        : delete from shift_assignments where id=?
Hibernate: delete from shift_assignments where id=?
2025-10-13T15:13:07.198+09:00 DEBUG 16864 --- [Shift Scheduler Demo] [           main] org.hibernate.SQL                        : delete from shift_assignments where id=?
Hibernate: delete from shift_assignments where id=?
2025-10-13T15:13:07.198+09:00 DEBUG 16864 --- [Shift Scheduler Demo] [           main] org.hibernate.SQL                        : delete from shift_assignments where id=?
Hibernate: delete from shift_assignments where id=?
2025-10-13T15:13:07.198+09:00 DEBUG 16864 --- [Shift Scheduler Demo] [           main] org.hibernate.SQL                        : delete from shift_assignments where id=?
Hibernate: delete from shift_assignments where id=?
2025-10-13T15:13:07.198+09:00 DEBUG 16864 --- [Shift Scheduler Demo] [           main] org.hibernate.SQL                        : delete from shift_assignments where id=?
Hibernate: delete from shift_assignments where id=?
2025-10-13T15:13:07.198+09:00 DEBUG 16864 --- [Shift Scheduler Demo] [           main] org.hibernate.SQL                        : delete from shift_assignments where id=?
Hibernate: delete from shift_assignments where id=?
2025-10-13T15:13:07.199+09:00 DEBUG 16864 --- [Shift Scheduler Demo] [           main] org.hibernate.SQL                        : delete from shift_assignments where id=?
Hibernate: delete from shift_assignments where id=?
2025-10-13T15:13:07.199+09:00 DEBUG 16864 --- [Shift Scheduler Demo] [           main] org.hibernate.SQL                        : delete from shift_assignments where id=?
Hibernate: delete from shift_assignments where id=?
2025-10-13T15:13:07.199+09:00 DEBUG 16864 --- [Shift Scheduler Demo] [           main] org.hibernate.SQL                        : delete from shift_assignments where id=?
Hibernate: delete from shift_assignments where id=?
2025-10-13T15:13:07.200+09:00 DEBUG 16864 --- [Shift Scheduler Demo] [           main] org.hibernate.SQL                        : delete from shift_assignments where id=?
Hibernate: delete from shift_assignments where id=?
2025-10-13T15:13:07.200+09:00 DEBUG 16864 --- [Shift Scheduler Demo] [           main] org.hibernate.SQL                        : delete from shift_assignments where id=?
Hibernate: delete from shift_assignments where id=?
2025-10-13T15:13:07.200+09:00 DEBUG 16864 --- [Shift Scheduler Demo] [           main] org.hibernate.SQL                        : delete from shift_assignments where id=?
Hibernate: delete from shift_assignments where id=?
2025-10-13T15:13:07.201+09:00 DEBUG 16864 --- [Shift Scheduler Demo] [           main] org.hibernate.SQL                        : delete from shift_assignments where id=?
Hibernate: delete from shift_assignments where id=?
2025-10-13T15:13:07.201+09:00 DEBUG 16864 --- [Shift Scheduler Demo] [           main] org.hibernate.SQL                        : delete from shift_assignments where id=?
Hibernate: delete from shift_assignments where id=?
2025-10-13T15:13:07.201+09:00 DEBUG 16864 --- [Shift Scheduler Demo] [           main] org.hibernate.SQL                        : delete from shift_assignments where id=?
Hibernate: delete from shift_assignments where id=?
2025-10-13T15:13:07.201+09:00 DEBUG 16864 --- [Shift Scheduler Demo] [           main] org.hibernate.SQL                        : delete from shift_assignments where id=?
Hibernate: delete from shift_assignments where id=?
2025-10-13T15:13:07.202+09:00 DEBUG 16864 --- [Shift Scheduler Demo] [           main] org.hibernate.SQL                        : delete from shift_assignments where id=?
Hibernate: delete from shift_assignments where id=?
2025-10-13T15:13:07.202+09:00 DEBUG 16864 --- [Shift Scheduler Demo] [           main] org.hibernate.SQL                        : delete from shift_assignments where id=?
Hibernate: delete from shift_assignments where id=?
2025-10-13T15:13:07.202+09:00 DEBUG 16864 --- [Shift Scheduler Demo] [           main] org.hibernate.SQL                        : delete from shift_assignments where id=?
Hibernate: delete from shift_assignments where id=?
2025-10-13T15:13:07.202+09:00 DEBUG 16864 --- [Shift Scheduler Demo] [           main] org.hibernate.SQL                        : delete from shift_assignments where id=?
Hibernate: delete from shift_assignments where id=?
2025-10-13T15:13:07.203+09:00 DEBUG 16864 --- [Shift Scheduler Demo] [           main] org.hibernate.SQL                        : delete from shift_assignments where id=?
Hibernate: delete from shift_assignments where id=?
2025-10-13T15:13:07.206+09:00 DEBUG 16864 --- [Shift Scheduler Demo] [           main] org.hibernate.SQL                        : delete from shift_assignments where id=?
Hibernate: delete from shift_assignments where id=?
2025-10-13T15:13:07.207+09:00 DEBUG 16864 --- [Shift Scheduler Demo] [           main] org.hibernate.SQL                        : delete from shift_assignments where id=?
Hibernate: delete from shift_assignments where id=?
2025-10-13T15:13:07.208+09:00 DEBUG 16864 --- [Shift Scheduler Demo] [           main] org.hibernate.SQL                        : delete from shift_assignments where id=?
Hibernate: delete from shift_assignments where id=?
2025-10-13T15:13:07.208+09:00 DEBUG 16864 --- [Shift Scheduler Demo] [           main] org.hibernate.SQL                        : delete from shift_assignments where id=?
Hibernate: delete from shift_assignments where id=?
2025-10-13T15:13:07.208+09:00 DEBUG 16864 --- [Shift Scheduler Demo] [           main] org.hibernate.SQL                        : delete from shift_assignments where id=?
Hibernate: delete from shift_assignments where id=?
2025-10-13T15:13:07.211+09:00 DEBUG 16864 --- [Shift Scheduler Demo] [           main] org.hibernate.SQL                        : delete from shift_assignments where id=?
Hibernate: delete from shift_assignments where id=?
2025-10-13T15:13:07.212+09:00 DEBUG 16864 --- [Shift Scheduler Demo] [           main] org.hibernate.SQL                        : delete from shift_assignments where id=?
Hibernate: delete from shift_assignments where id=?
2025-10-13T15:13:07.212+09:00 DEBUG 16864 --- [Shift Scheduler Demo] [           main] org.hibernate.SQL                        : delete from shift_assignments where id=?
Hibernate: delete from shift_assignments where id=?
2025-10-13T15:13:07.212+09:00 DEBUG 16864 --- [Shift Scheduler Demo] [           main] org.hibernate.SQL                        : delete from shift_assignments where id=?
Hibernate: delete from shift_assignments where id=?
2025-10-13T15:13:07.213+09:00 DEBUG 16864 --- [Shift Scheduler Demo] [           main] org.hibernate.SQL                        : delete from shift_assignments where id=?
Hibernate: delete from shift_assignments where id=?
2025-10-13T15:13:07.213+09:00 DEBUG 16864 --- [Shift Scheduler Demo] [           main] org.hibernate.SQL                        : delete from shift_assignments where id=?
Hibernate: delete from shift_assignments where id=?
2025-10-13T15:13:07.214+09:00 DEBUG 16864 --- [Shift Scheduler Demo] [           main] org.hibernate.SQL                        : delete from shift_assignments where id=?
Hibernate: delete from shift_assignments where id=?
2025-10-13T15:13:07.214+09:00 DEBUG 16864 --- [Shift Scheduler Demo] [           main] org.hibernate.SQL                        : delete from shift_assignments where id=?
Hibernate: delete from shift_assignments where id=?
2025-10-13T15:13:07.214+09:00 DEBUG 16864 --- [Shift Scheduler Demo] [           main] org.hibernate.SQL                        : delete from shift_assignments where id=?
Hibernate: delete from shift_assignments where id=?
2025-10-13T15:13:07.214+09:00 DEBUG 16864 --- [Shift Scheduler Demo] [           main] org.hibernate.SQL                        : delete from shift_assignments where id=?
Hibernate: delete from shift_assignments where id=?
2025-10-13T15:13:07.215+09:00 DEBUG 16864 --- [Shift Scheduler Demo] [           main] org.hibernate.SQL                        : delete from shift_assignments where id=?
Hibernate: delete from shift_assignments where id=?
2025-10-13T15:13:07.215+09:00 DEBUG 16864 --- [Shift Scheduler Demo] [           main] org.hibernate.SQL                        : delete from shift_assignments where id=?
Hibernate: delete from shift_assignments where id=?
2025-10-13T15:13:07.215+09:00 DEBUG 16864 --- [Shift Scheduler Demo] [           main] org.hibernate.SQL                        : delete from shift_assignments where id=?
Hibernate: delete from shift_assignments where id=?
2025-10-13T15:13:07.216+09:00 DEBUG 16864 --- [Shift Scheduler Demo] [           main] org.hibernate.SQL                        : delete from shift_assignments where id=?
Hibernate: delete from shift_assignments where id=?
2025-10-13T15:13:07.216+09:00 DEBUG 16864 --- [Shift Scheduler Demo] [           main] org.hibernate.SQL                        : delete from shift_assignments where id=?
Hibernate: delete from shift_assignments where id=?
2025-10-13T15:13:07.216+09:00 DEBUG 16864 --- [Shift Scheduler Demo] [           main] org.hibernate.SQL                        : delete from shift_assignments where id=?
Hibernate: delete from shift_assignments where id=?
2025-10-13T15:13:07.217+09:00 DEBUG 16864 --- [Shift Scheduler Demo] [           main] org.hibernate.SQL                        : delete from shift_assignments where id=?
Hibernate: delete from shift_assignments where id=?
2025-10-13T15:13:07.217+09:00 DEBUG 16864 --- [Shift Scheduler Demo] [           main] org.hibernate.SQL                        : delete from shift_assignments where id=?
Hibernate: delete from shift_assignments where id=?
2025-10-13T15:13:07.218+09:00 DEBUG 16864 --- [Shift Scheduler Demo] [           main] org.hibernate.SQL                        : delete from shift_assignments where id=?
Hibernate: delete from shift_assignments where id=?
2025-10-13T15:13:07.218+09:00 DEBUG 16864 --- [Shift Scheduler Demo] [           main] org.hibernate.SQL                        : delete from shift_assignments where id=?
Hibernate: delete from shift_assignments where id=?
2025-10-13T15:13:07.218+09:00 DEBUG 16864 --- [Shift Scheduler Demo] [           main] org.hibernate.SQL                        : delete from shift_assignments where id=?
Hibernate: delete from shift_assignments where id=?
2025-10-13T15:13:07.218+09:00 DEBUG 16864 --- [Shift Scheduler Demo] [           main] org.hibernate.SQL                        : delete from shift_assignments where id=?
Hibernate: delete from shift_assignments where id=?
2025-10-13T15:13:07.219+09:00 DEBUG 16864 --- [Shift Scheduler Demo] [           main] org.hibernate.SQL                        : delete from shift_assignments where id=?
Hibernate: delete from shift_assignments where id=?
2025-10-13T15:13:07.219+09:00 DEBUG 16864 --- [Shift Scheduler Demo] [           main] org.hibernate.SQL                        : delete from shift_assignments where id=?
Hibernate: delete from shift_assignments where id=?
2025-10-13T15:13:07.219+09:00 DEBUG 16864 --- [Shift Scheduler Demo] [           main] org.hibernate.SQL                        : delete from shift_assignments where id=?
Hibernate: delete from shift_assignments where id=?
2025-10-13T15:13:07.221+09:00 DEBUG 16864 --- [Shift Scheduler Demo] [           main] org.hibernate.SQL                        : delete from shift_assignments where id=?
Hibernate: delete from shift_assignments where id=?
2025-10-13T15:13:07.221+09:00 DEBUG 16864 --- [Shift Scheduler Demo] [           main] org.hibernate.SQL                        : delete from shift_assignments where id=?
Hibernate: delete from shift_assignments where id=?
2025-10-13T15:13:07.221+09:00 DEBUG 16864 --- [Shift Scheduler Demo] [           main] org.hibernate.SQL                        : delete from shift_assignments where id=?
Hibernate: delete from shift_assignments where id=?
2025-10-13T15:13:07.223+09:00 DEBUG 16864 --- [Shift Scheduler Demo] [           main] org.hibernate.SQL                        : delete from shift_assignments where id=?
Hibernate: delete from shift_assignments where id=?
2025-10-13T15:13:07.223+09:00 DEBUG 16864 --- [Shift Scheduler Demo] [           main] org.hibernate.SQL                        : delete from shift_assignments where id=?
Hibernate: delete from shift_assignments where id=?
2025-10-13T15:13:07.223+09:00 DEBUG 16864 --- [Shift Scheduler Demo] [           main] org.hibernate.SQL                        : delete from shift_assignments where id=?
Hibernate: delete from shift_assignments where id=?
2025-10-13T15:13:07.223+09:00 DEBUG 16864 --- [Shift Scheduler Demo] [           main] org.hibernate.SQL                        : delete from shift_assignments where id=?
Hibernate: delete from shift_assignments where id=?
2025-10-13T15:13:07.223+09:00 DEBUG 16864 --- [Shift Scheduler Demo] [           main] org.hibernate.SQL                        : delete from shift_assignments where id=?
Hibernate: delete from shift_assignments where id=?
2025-10-13T15:13:07.223+09:00 DEBUG 16864 --- [Shift Scheduler Demo] [           main] org.hibernate.SQL                        : delete from shift_assignments where id=?
Hibernate: delete from shift_assignments where id=?
2025-10-13T15:13:07.223+09:00 DEBUG 16864 --- [Shift Scheduler Demo] [           main] org.hibernate.SQL                        : delete from shift_assignments where id=?
Hibernate: delete from shift_assignments where id=?
2025-10-13T15:13:07.223+09:00 DEBUG 16864 --- [Shift Scheduler Demo] [           main] org.hibernate.SQL                        : delete from shift_assignments where id=?
Hibernate: delete from shift_assignments where id=?
2025-10-13T15:13:07.223+09:00 DEBUG 16864 --- [Shift Scheduler Demo] [           main] org.hibernate.SQL                        : delete from shift_assignments where id=?
Hibernate: delete from shift_assignments where id=?
2025-10-13T15:13:07.223+09:00 DEBUG 16864 --- [Shift Scheduler Demo] [           main] org.hibernate.SQL                        : delete from shift_assignments where id=?
Hibernate: delete from shift_assignments where id=?
2025-10-13T15:13:07.223+09:00 DEBUG 16864 --- [Shift Scheduler Demo] [           main] org.hibernate.SQL                        : delete from shift_assignments where id=?
Hibernate: delete from shift_assignments where id=?
2025-10-13T15:13:07.227+09:00 DEBUG 16864 --- [Shift Scheduler Demo] [           main] org.hibernate.SQL                        : delete from shift_assignments where id=?
Hibernate: delete from shift_assignments where id=?
2025-10-13T15:13:07.227+09:00 DEBUG 16864 --- [Shift Scheduler Demo] [           main] org.hibernate.SQL                        : delete from shift_assignments where id=?
Hibernate: delete from shift_assignments where id=?
2025-10-13T15:13:07.227+09:00 DEBUG 16864 --- [Shift Scheduler Demo] [           main] org.hibernate.SQL                        : delete from shift_assignments where id=?
Hibernate: delete from shift_assignments where id=?
2025-10-13T15:13:07.227+09:00 DEBUG 16864 --- [Shift Scheduler Demo] [           main] org.hibernate.SQL                        : delete from shift_assignments where id=?
Hibernate: delete from shift_assignments where id=?
2025-10-13T15:13:07.228+09:00 DEBUG 16864 --- [Shift Scheduler Demo] [           main] org.hibernate.SQL                        : delete from shift_assignments where id=?
Hibernate: delete from shift_assignments where id=?
2025-10-13T15:13:07.228+09:00 DEBUG 16864 --- [Shift Scheduler Demo] [           main] org.hibernate.SQL                        : delete from shift_assignments where id=?
Hibernate: delete from shift_assignments where id=?
2025-10-13T15:13:07.228+09:00 DEBUG 16864 --- [Shift Scheduler Demo] [           main] org.hibernate.SQL                        : delete from shift_assignments where id=?
Hibernate: delete from shift_assignments where id=?
2025-10-13T15:13:07.228+09:00 DEBUG 16864 --- [Shift Scheduler Demo] [           main] org.hibernate.SQL                        : delete from shift_assignments where id=?
Hibernate: delete from shift_assignments where id=?
2025-10-13T15:13:07.228+09:00 DEBUG 16864 --- [Shift Scheduler Demo] [           main] org.hibernate.SQL                        : delete from shift_assignments where id=?
Hibernate: delete from shift_assignments where id=?
2025-10-13T15:13:07.228+09:00 DEBUG 16864 --- [Shift Scheduler Demo] [           main] org.hibernate.SQL                        : delete from shift_assignments where id=?
Hibernate: delete from shift_assignments where id=?
2025-10-13T15:13:07.229+09:00 DEBUG 16864 --- [Shift Scheduler Demo] [           main] org.hibernate.SQL                        : delete from shift_assignments where id=?
Hibernate: delete from shift_assignments where id=?
2025-10-13T15:13:07.229+09:00 DEBUG 16864 --- [Shift Scheduler Demo] [           main] org.hibernate.SQL                        : delete from shift_assignments where id=?
Hibernate: delete from shift_assignments where id=?
2025-10-13T15:13:07.229+09:00 DEBUG 16864 --- [Shift Scheduler Demo] [           main] org.hibernate.SQL                        : delete from shift_assignments where id=?
Hibernate: delete from shift_assignments where id=?
2025-10-13T15:13:07.229+09:00 DEBUG 16864 --- [Shift Scheduler Demo] [           main] org.hibernate.SQL                        : delete from shift_assignments where id=?
Hibernate: delete from shift_assignments where id=?
2025-10-13T15:13:07.229+09:00 DEBUG 16864 --- [Shift Scheduler Demo] [           main] org.hibernate.SQL                        : delete from shift_assignments where id=?
Hibernate: delete from shift_assignments where id=?
2025-10-13T15:13:07.230+09:00 DEBUG 16864 --- [Shift Scheduler Demo] [           main] org.hibernate.SQL                        : delete from shift_assignments where id=?
Hibernate: delete from shift_assignments where id=?
2025-10-13T15:13:07.230+09:00 DEBUG 16864 --- [Shift Scheduler Demo] [           main] org.hibernate.SQL                        : delete from shift_assignments where id=?
Hibernate: delete from shift_assignments where id=?
2025-10-13T15:13:07.230+09:00 DEBUG 16864 --- [Shift Scheduler Demo] [           main] org.hibernate.SQL                        : delete from shift_assignments where id=?
Hibernate: delete from shift_assignments where id=?
2025-10-13T15:13:07.230+09:00 DEBUG 16864 --- [Shift Scheduler Demo] [           main] org.hibernate.SQL                        : delete from shift_assignments where id=?
Hibernate: delete from shift_assignments where id=?
2025-10-13T15:13:07.230+09:00 DEBUG 16864 --- [Shift Scheduler Demo] [           main] org.hibernate.SQL                        : delete from shift_assignments where id=?
Hibernate: delete from shift_assignments where id=?
2025-10-13T15:13:07.230+09:00 DEBUG 16864 --- [Shift Scheduler Demo] [           main] org.hibernate.SQL                        : delete from shift_assignments where id=?
Hibernate: delete from shift_assignments where id=?
2025-10-13T15:13:07.231+09:00 DEBUG 16864 --- [Shift Scheduler Demo] [           main] org.hibernate.SQL                        : delete from shift_assignments where id=?
Hibernate: delete from shift_assignments where id=?
2025-10-13T15:13:07.231+09:00 DEBUG 16864 --- [Shift Scheduler Demo] [           main] org.hibernate.SQL                        : delete from shift_assignments where id=?
Hibernate: delete from shift_assignments where id=?
2025-10-13T15:13:07.231+09:00 DEBUG 16864 --- [Shift Scheduler Demo] [           main] org.hibernate.SQL                        : delete from shift_assignments where id=?
Hibernate: delete from shift_assignments where id=?
2025-10-13T15:13:07.231+09:00 DEBUG 16864 --- [Shift Scheduler Demo] [           main] org.hibernate.SQL                        : delete from shift_assignments where id=?
Hibernate: delete from shift_assignments where id=?
2025-10-13T15:13:07.232+09:00 DEBUG 16864 --- [Shift Scheduler Demo] [           main] org.hibernate.SQL                        : delete from shift_assignments where id=?
Hibernate: delete from shift_assignments where id=?
2025-10-13T15:13:07.232+09:00 DEBUG 16864 --- [Shift Scheduler Demo] [           main] org.hibernate.SQL                        : delete from shift_assignments where id=?
Hibernate: delete from shift_assignments where id=?
2025-10-13T15:13:07.232+09:00 DEBUG 16864 --- [Shift Scheduler Demo] [           main] org.hibernate.SQL                        : delete from shift_assignments where id=?
Hibernate: delete from shift_assignments where id=?
2025-10-13T15:13:07.232+09:00 DEBUG 16864 --- [Shift Scheduler Demo] [           main] org.hibernate.SQL                        : delete from shift_assignments where id=?
Hibernate: delete from shift_assignments where id=?
2025-10-13T15:13:07.232+09:00 DEBUG 16864 --- [Shift Scheduler Demo] [           main] org.hibernate.SQL                        : delete from shift_assignments where id=?
Hibernate: delete from shift_assignments where id=?
2025-10-13T15:13:07.233+09:00 DEBUG 16864 --- [Shift Scheduler Demo] [           main] org.hibernate.SQL                        : delete from shift_assignments where id=?
Hibernate: delete from shift_assignments where id=?
2025-10-13T15:13:07.233+09:00 DEBUG 16864 --- [Shift Scheduler Demo] [           main] org.hibernate.SQL                        : delete from shift_assignments where id=?
Hibernate: delete from shift_assignments where id=?
2025-10-13T15:13:07.233+09:00 DEBUG 16864 --- [Shift Scheduler Demo] [           main] org.hibernate.SQL                        : delete from shift_assignments where id=?
Hibernate: delete from shift_assignments where id=?
2025-10-13T15:13:07.233+09:00 DEBUG 16864 --- [Shift Scheduler Demo] [           main] org.hibernate.SQL                        : delete from shift_assignments where id=?
Hibernate: delete from shift_assignments where id=?
2025-10-13T15:13:07.234+09:00 DEBUG 16864 --- [Shift Scheduler Demo] [           main] org.hibernate.SQL                        : delete from shift_assignments where id=?
Hibernate: delete from shift_assignments where id=?
2025-10-13T15:13:07.234+09:00 DEBUG 16864 --- [Shift Scheduler Demo] [           main] org.hibernate.SQL                        : delete from shift_assignments where id=?
Hibernate: delete from shift_assignments where id=?
2025-10-13T15:13:07.234+09:00 DEBUG 16864 --- [Shift Scheduler Demo] [           main] org.hibernate.SQL                        : delete from shift_assignments where id=?
Hibernate: delete from shift_assignments where id=?
2025-10-13T15:13:07.234+09:00 DEBUG 16864 --- [Shift Scheduler Demo] [           main] org.hibernate.SQL                        : delete from shift_assignments where id=?
Hibernate: delete from shift_assignments where id=?
2025-10-13T15:13:07.234+09:00 DEBUG 16864 --- [Shift Scheduler Demo] [           main] org.hibernate.SQL                        : delete from shift_assignments where id=?
Hibernate: delete from shift_assignments where id=?
2025-10-13T15:13:07.235+09:00 DEBUG 16864 --- [Shift Scheduler Demo] [           main] org.hibernate.SQL                        : delete from shift_assignments where id=?
Hibernate: delete from shift_assignments where id=?
2025-10-13T15:13:07.235+09:00 DEBUG 16864 --- [Shift Scheduler Demo] [           main] org.hibernate.SQL                        : delete from shift_assignments where id=?
Hibernate: delete from shift_assignments where id=?
2025-10-13T15:13:07.235+09:00 DEBUG 16864 --- [Shift Scheduler Demo] [           main] org.hibernate.SQL                        : delete from shift_assignments where id=?
Hibernate: delete from shift_assignments where id=?
2025-10-13T15:13:07.235+09:00 DEBUG 16864 --- [Shift Scheduler Demo] [           main] org.hibernate.SQL                        : delete from shift_assignments where id=?
Hibernate: delete from shift_assignments where id=?
2025-10-13T15:13:07.235+09:00 DEBUG 16864 --- [Shift Scheduler Demo] [           main] org.hibernate.SQL                        : delete from shift_assignments where id=?
Hibernate: delete from shift_assignments where id=?
2025-10-13T15:13:07.236+09:00 DEBUG 16864 --- [Shift Scheduler Demo] [           main] org.hibernate.SQL                        : delete from shift_assignments where id=?
Hibernate: delete from shift_assignments where id=?
2025-10-13T15:13:07.236+09:00 DEBUG 16864 --- [Shift Scheduler Demo] [           main] org.hibernate.SQL                        : delete from shift_assignments where id=?
Hibernate: delete from shift_assignments where id=?
2025-10-13T15:13:07.236+09:00 DEBUG 16864 --- [Shift Scheduler Demo] [           main] org.hibernate.SQL                        : delete from shift_assignments where id=?
Hibernate: delete from shift_assignments where id=?
2025-10-13T15:13:07.237+09:00 DEBUG 16864 --- [Shift Scheduler Demo] [           main] org.hibernate.SQL                        : delete from shift_assignments where id=?
Hibernate: delete from shift_assignments where id=?
2025-10-13T15:13:07.238+09:00 DEBUG 16864 --- [Shift Scheduler Demo] [           main] org.hibernate.SQL                        : delete from shift_assignments where id=?
Hibernate: delete from shift_assignments where id=?
2025-10-13T15:13:07.238+09:00 DEBUG 16864 --- [Shift Scheduler Demo] [           main] org.hibernate.SQL                        : delete from shift_assignments where id=?
Hibernate: delete from shift_assignments where id=?
2025-10-13T15:13:07.238+09:00 DEBUG 16864 --- [Shift Scheduler Demo] [           main] org.hibernate.SQL                        : delete from shift_assignments where id=?
Hibernate: delete from shift_assignments where id=?
2025-10-13T15:13:07.238+09:00 DEBUG 16864 --- [Shift Scheduler Demo] [           main] org.hibernate.SQL                        : delete from shift_assignments where id=?
Hibernate: delete from shift_assignments where id=?
2025-10-13T15:13:07.238+09:00 DEBUG 16864 --- [Shift Scheduler Demo] [           main] org.hibernate.SQL                        : delete from shift_assignments where id=?
Hibernate: delete from shift_assignments where id=?
2025-10-13T15:13:07.238+09:00 DEBUG 16864 --- [Shift Scheduler Demo] [           main] org.hibernate.SQL                        : delete from shift_assignments where id=?
Hibernate: delete from shift_assignments where id=?
2025-10-13T15:13:07.238+09:00 DEBUG 16864 --- [Shift Scheduler Demo] [           main] org.hibernate.SQL                        : delete from shift_assignments where id=?
Hibernate: delete from shift_assignments where id=?
2025-10-13T15:13:07.238+09:00 DEBUG 16864 --- [Shift Scheduler Demo] [           main] org.hibernate.SQL                        : delete from shift_assignments where id=?
Hibernate: delete from shift_assignments where id=?
2025-10-13T15:13:07.238+09:00 DEBUG 16864 --- [Shift Scheduler Demo] [           main] org.hibernate.SQL                        : delete from shift_assignments where id=?
Hibernate: delete from shift_assignments where id=?
2025-10-13T15:13:07.238+09:00 DEBUG 16864 --- [Shift Scheduler Demo] [           main] org.hibernate.SQL                        : delete from shift_assignments where id=?
Hibernate: delete from shift_assignments where id=?
2025-10-13T15:13:07.238+09:00 DEBUG 16864 --- [Shift Scheduler Demo] [           main] org.hibernate.SQL                        : delete from shift_assignments where id=?
Hibernate: delete from shift_assignments where id=?
2025-10-13T15:13:07.238+09:00 DEBUG 16864 --- [Shift Scheduler Demo] [           main] org.hibernate.SQL                        : delete from shift_assignments where id=?
Hibernate: delete from shift_assignments where id=?
2025-10-13T15:13:07.238+09:00 DEBUG 16864 --- [Shift Scheduler Demo] [           main] org.hibernate.SQL                        : delete from shift_assignments where id=?
Hibernate: delete from shift_assignments where id=?
2025-10-13T15:13:07.238+09:00 DEBUG 16864 --- [Shift Scheduler Demo] [           main] org.hibernate.SQL                        : delete from shift_assignments where id=?
Hibernate: delete from shift_assignments where id=?
2025-10-13T15:13:07.238+09:00 DEBUG 16864 --- [Shift Scheduler Demo] [           main] org.hibernate.SQL                        : delete from shift_assignments where id=?
Hibernate: delete from shift_assignments where id=?
2025-10-13T15:13:07.238+09:00 DEBUG 16864 --- [Shift Scheduler Demo] [           main] org.hibernate.SQL                        : delete from shift_assignments where id=?
Hibernate: delete from shift_assignments where id=?
2025-10-13T15:13:07.238+09:00 DEBUG 16864 --- [Shift Scheduler Demo] [           main] org.hibernate.SQL                        : delete from shift_assignments where id=?
Hibernate: delete from shift_assignments where id=?
2025-10-13T15:13:07.238+09:00 DEBUG 16864 --- [Shift Scheduler Demo] [           main] org.hibernate.SQL                        : delete from shift_assignments where id=?
Hibernate: delete from shift_assignments where id=?
2025-10-13T15:13:07.238+09:00 DEBUG 16864 --- [Shift Scheduler Demo] [           main] org.hibernate.SQL                        : delete from shift_assignments where id=?
Hibernate: delete from shift_assignments where id=?
2025-10-13T15:13:07.238+09:00 DEBUG 16864 --- [Shift Scheduler Demo] [           main] org.hibernate.SQL                        : delete from shift_assignments where id=?
Hibernate: delete from shift_assignments where id=?
2025-10-13T15:13:07.238+09:00 DEBUG 16864 --- [Shift Scheduler Demo] [           main] org.hibernate.SQL                        : delete from shift_assignments where id=?
Hibernate: delete from shift_assignments where id=?
2025-10-13T15:13:07.238+09:00 DEBUG 16864 --- [Shift Scheduler Demo] [           main] org.hibernate.SQL                        : delete from shift_assignments where id=?
Hibernate: delete from shift_assignments where id=?
2025-10-13T15:13:07.238+09:00 DEBUG 16864 --- [Shift Scheduler Demo] [           main] org.hibernate.SQL                        : delete from shift_assignments where id=?
Hibernate: delete from shift_assignments where id=?
2025-10-13T15:13:07.238+09:00 DEBUG 16864 --- [Shift Scheduler Demo] [           main] org.hibernate.SQL                        : delete from shift_assignments where id=?
Hibernate: delete from shift_assignments where id=?
2025-10-13T15:13:07.238+09:00 DEBUG 16864 --- [Shift Scheduler Demo] [           main] org.hibernate.SQL                        : delete from shift_assignments where id=?
Hibernate: delete from shift_assignments where id=?
2025-10-13T15:13:07.238+09:00 DEBUG 16864 --- [Shift Scheduler Demo] [           main] org.hibernate.SQL                        : delete from shift_assignments where id=?
Hibernate: delete from shift_assignments where id=?
2025-10-13T15:13:07.238+09:00 DEBUG 16864 --- [Shift Scheduler Demo] [           main] org.hibernate.SQL                        : delete from shift_assignments where id=?
Hibernate: delete from shift_assignments where id=?
2025-10-13T15:13:07.238+09:00 DEBUG 16864 --- [Shift Scheduler Demo] [           main] org.hibernate.SQL                        : delete from shift_assignments where id=?
Hibernate: delete from shift_assignments where id=?
2025-10-13T15:13:07.238+09:00 DEBUG 16864 --- [Shift Scheduler Demo] [           main] org.hibernate.SQL                        : delete from shift_assignments where id=?
Hibernate: delete from shift_assignments where id=?
2025-10-13T15:13:07.238+09:00 DEBUG 16864 --- [Shift Scheduler Demo] [           main] org.hibernate.SQL                        : delete from shift_assignments where id=?
Hibernate: delete from shift_assignments where id=?
2025-10-13T15:13:07.244+09:00 DEBUG 16864 --- [Shift Scheduler Demo] [           main] org.hibernate.SQL                        : delete from shift_assignments where id=?
Hibernate: delete from shift_assignments where id=?
2025-10-13T15:13:07.244+09:00 DEBUG 16864 --- [Shift Scheduler Demo] [           main] org.hibernate.SQL                        : delete from shift_assignments where id=?
Hibernate: delete from shift_assignments where id=?
2025-10-13T15:13:07.244+09:00 DEBUG 16864 --- [Shift Scheduler Demo] [           main] org.hibernate.SQL                        : delete from shift_assignments where id=?
Hibernate: delete from shift_assignments where id=?
2025-10-13T15:13:07.244+09:00 DEBUG 16864 --- [Shift Scheduler Demo] [           main] org.hibernate.SQL                        : delete from shift_assignments where id=?
Hibernate: delete from shift_assignments where id=?
2025-10-13T15:13:07.244+09:00 DEBUG 16864 --- [Shift Scheduler Demo] [           main] org.hibernate.SQL                        : delete from shift_assignments where id=?
Hibernate: delete from shift_assignments where id=?
2025-10-13T15:13:07.244+09:00 DEBUG 16864 --- [Shift Scheduler Demo] [           main] org.hibernate.SQL                        : delete from shift_assignments where id=?
Hibernate: delete from shift_assignments where id=?
2025-10-13T15:13:07.245+09:00 DEBUG 16864 --- [Shift Scheduler Demo] [           main] org.hibernate.SQL                        : delete from shift_assignments where id=?
Hibernate: delete from shift_assignments where id=?
2025-10-13T15:13:07.245+09:00 DEBUG 16864 --- [Shift Scheduler Demo] [           main] org.hibernate.SQL                        : delete from shift_assignments where id=?
Hibernate: delete from shift_assignments where id=?
2025-10-13T15:13:07.245+09:00 DEBUG 16864 --- [Shift Scheduler Demo] [           main] org.hibernate.SQL                        : delete from shift_assignments where id=?
Hibernate: delete from shift_assignments where id=?
2025-10-13T15:13:07.245+09:00 DEBUG 16864 --- [Shift Scheduler Demo] [           main] org.hibernate.SQL                        : delete from shift_assignments where id=?
Hibernate: delete from shift_assignments where id=?
2025-10-13T15:13:07.245+09:00 DEBUG 16864 --- [Shift Scheduler Demo] [           main] org.hibernate.SQL                        : delete from shift_assignments where id=?
Hibernate: delete from shift_assignments where id=?
2025-10-13T15:13:07.246+09:00 DEBUG 16864 --- [Shift Scheduler Demo] [           main] org.hibernate.SQL                        : delete from shift_assignments where id=?
Hibernate: delete from shift_assignments where id=?
2025-10-13T15:13:07.246+09:00 DEBUG 16864 --- [Shift Scheduler Demo] [           main] org.hibernate.SQL                        : delete from shift_assignments where id=?
Hibernate: delete from shift_assignments where id=?
2025-10-13T15:13:07.246+09:00 DEBUG 16864 --- [Shift Scheduler Demo] [           main] org.hibernate.SQL                        : delete from shift_assignments where id=?
Hibernate: delete from shift_assignments where id=?
2025-10-13T15:13:07.246+09:00 DEBUG 16864 --- [Shift Scheduler Demo] [           main] org.hibernate.SQL                        : delete from shift_assignments where id=?
Hibernate: delete from shift_assignments where id=?
2025-10-13T15:13:07.247+09:00 DEBUG 16864 --- [Shift Scheduler Demo] [           main] org.hibernate.SQL                        : delete from shift_assignments where id=?
Hibernate: delete from shift_assignments where id=?
2025-10-13T15:13:07.247+09:00 DEBUG 16864 --- [Shift Scheduler Demo] [           main] org.hibernate.SQL                        : delete from shift_assignments where id=?
Hibernate: delete from shift_assignments where id=?
2025-10-13T15:13:07.247+09:00 DEBUG 16864 --- [Shift Scheduler Demo] [           main] org.hibernate.SQL                        : delete from shift_assignments where id=?
Hibernate: delete from shift_assignments where id=?
2025-10-13T15:13:07.247+09:00 DEBUG 16864 --- [Shift Scheduler Demo] [           main] org.hibernate.SQL                        : delete from shift_assignments where id=?
Hibernate: delete from shift_assignments where id=?
2025-10-13T15:13:07.247+09:00 DEBUG 16864 --- [Shift Scheduler Demo] [           main] org.hibernate.SQL                        : delete from shift_assignments where id=?
Hibernate: delete from shift_assignments where id=?
2025-10-13T15:13:07.247+09:00 DEBUG 16864 --- [Shift Scheduler Demo] [           main] org.hibernate.SQL                        : delete from shift_assignments where id=?
Hibernate: delete from shift_assignments where id=?
2025-10-13T15:13:07.247+09:00 DEBUG 16864 --- [Shift Scheduler Demo] [           main] org.hibernate.SQL                        : delete from shift_assignments where id=?
Hibernate: delete from shift_assignments where id=?
2025-10-13T15:13:07.248+09:00 DEBUG 16864 --- [Shift Scheduler Demo] [           main] org.hibernate.SQL                        : delete from shift_assignments where id=?
Hibernate: delete from shift_assignments where id=?
2025-10-13T15:13:07.248+09:00 DEBUG 16864 --- [Shift Scheduler Demo] [           main] org.hibernate.SQL                        : delete from shift_assignments where id=?
Hibernate: delete from shift_assignments where id=?
2025-10-13T15:13:07.248+09:00 DEBUG 16864 --- [Shift Scheduler Demo] [           main] org.hibernate.SQL                        : delete from shift_assignments where id=?
Hibernate: delete from shift_assignments where id=?
2025-10-13T15:13:07.248+09:00 DEBUG 16864 --- [Shift Scheduler Demo] [           main] org.hibernate.SQL                        : delete from shift_assignments where id=?
Hibernate: delete from shift_assignments where id=?
2025-10-13T15:13:07.249+09:00 DEBUG 16864 --- [Shift Scheduler Demo] [           main] org.hibernate.SQL                        : delete from shift_assignments where id=?
Hibernate: delete from shift_assignments where id=?
2025-10-13T15:13:07.249+09:00 DEBUG 16864 --- [Shift Scheduler Demo] [           main] org.hibernate.SQL                        : delete from shift_assignments where id=?
Hibernate: delete from shift_assignments where id=?
2025-10-13T15:13:07.249+09:00 DEBUG 16864 --- [Shift Scheduler Demo] [           main] org.hibernate.SQL                        : delete from shift_assignments where id=?
Hibernate: delete from shift_assignments where id=?
2025-10-13T15:13:07.249+09:00 DEBUG 16864 --- [Shift Scheduler Demo] [           main] org.hibernate.SQL                        : delete from shift_assignments where id=?
Hibernate: delete from shift_assignments where id=?
2025-10-13T15:13:07.250+09:00 DEBUG 16864 --- [Shift Scheduler Demo] [           main] org.hibernate.SQL                        : delete from shift_assignments where id=?
Hibernate: delete from shift_assignments where id=?
2025-10-13T15:13:07.250+09:00 DEBUG 16864 --- [Shift Scheduler Demo] [           main] org.hibernate.SQL                        : delete from shift_assignments where id=?
Hibernate: delete from shift_assignments where id=?
2025-10-13T15:13:07.250+09:00 DEBUG 16864 --- [Shift Scheduler Demo] [           main] org.hibernate.SQL                        : delete from shift_assignments where id=?
Hibernate: delete from shift_assignments where id=?
2025-10-13T15:13:07.250+09:00 DEBUG 16864 --- [Shift Scheduler Demo] [           main] org.hibernate.SQL                        : delete from shift_assignments where id=?
Hibernate: delete from shift_assignments where id=?
2025-10-13T15:13:07.250+09:00 DEBUG 16864 --- [Shift Scheduler Demo] [           main] org.hibernate.SQL                        : delete from shift_assignments where id=?
Hibernate: delete from shift_assignments where id=?
2025-10-13T15:13:07.251+09:00 DEBUG 16864 --- [Shift Scheduler Demo] [           main] org.hibernate.SQL                        : delete from shift_assignments where id=?
Hibernate: delete from shift_assignments where id=?
2025-10-13T15:13:07.251+09:00 DEBUG 16864 --- [Shift Scheduler Demo] [           main] org.hibernate.SQL                        : delete from shift_assignments where id=?
Hibernate: delete from shift_assignments where id=?
2025-10-13T15:13:07.251+09:00 DEBUG 16864 --- [Shift Scheduler Demo] [           main] org.hibernate.SQL                        : delete from shift_assignments where id=?
Hibernate: delete from shift_assignments where id=?
2025-10-13T15:13:07.252+09:00 DEBUG 16864 --- [Shift Scheduler Demo] [           main] org.hibernate.SQL                        : delete from shift_assignments where id=?
Hibernate: delete from shift_assignments where id=?
2025-10-13T15:13:07.252+09:00 DEBUG 16864 --- [Shift Scheduler Demo] [           main] org.hibernate.SQL                        : delete from shift_assignments where id=?
Hibernate: delete from shift_assignments where id=?
2025-10-13T15:13:07.252+09:00 DEBUG 16864 --- [Shift Scheduler Demo] [           main] org.hibernate.SQL                        : delete from shift_assignments where id=?
Hibernate: delete from shift_assignments where id=?
2025-10-13T15:13:07.253+09:00 DEBUG 16864 --- [Shift Scheduler Demo] [           main] org.hibernate.SQL                        : delete from shift_assignments where id=?
Hibernate: delete from shift_assignments where id=?
2025-10-13T15:13:07.253+09:00 DEBUG 16864 --- [Shift Scheduler Demo] [           main] org.hibernate.SQL                        : delete from shift_assignments where id=?
Hibernate: delete from shift_assignments where id=?
2025-10-13T15:13:07.253+09:00 DEBUG 16864 --- [Shift Scheduler Demo] [           main] org.hibernate.SQL                        : delete from shift_assignments where id=?
Hibernate: delete from shift_assignments where id=?
2025-10-13T15:13:07.254+09:00 DEBUG 16864 --- [Shift Scheduler Demo] [           main] org.hibernate.SQL                        : delete from shift_assignments where id=?
Hibernate: delete from shift_assignments where id=?
2025-10-13T15:13:07.259+09:00 DEBUG 16864 --- [Shift Scheduler Demo] [           main] org.hibernate.SQL                        : delete from shift_assignments where id=?
Hibernate: delete from shift_assignments where id=?
2025-10-13T15:13:07.261+09:00 DEBUG 16864 --- [Shift Scheduler Demo] [           main] org.hibernate.SQL                        : delete from shift_assignments where id=?
Hibernate: delete from shift_assignments where id=?
2025-10-13T15:13:07.261+09:00 DEBUG 16864 --- [Shift Scheduler Demo] [           main] org.hibernate.SQL                        : delete from shift_assignments where id=?
Hibernate: delete from shift_assignments where id=?
2025-10-13T15:13:07.262+09:00 DEBUG 16864 --- [Shift Scheduler Demo] [           main] org.hibernate.SQL                        : delete from shift_assignments where id=?
Hibernate: delete from shift_assignments where id=?
2025-10-13T15:13:07.262+09:00 DEBUG 16864 --- [Shift Scheduler Demo] [           main] org.hibernate.SQL                        : delete from shift_assignments where id=?
Hibernate: delete from shift_assignments where id=?
2025-10-13T15:13:07.262+09:00 DEBUG 16864 --- [Shift Scheduler Demo] [           main] org.hibernate.SQL                        : delete from shift_assignments where id=?
Hibernate: delete from shift_assignments where id=?
2025-10-13T15:13:07.263+09:00 DEBUG 16864 --- [Shift Scheduler Demo] [           main] org.hibernate.SQL                        : delete from shift_assignments where id=?
Hibernate: delete from shift_assignments where id=?
2025-10-13T15:13:07.263+09:00 DEBUG 16864 --- [Shift Scheduler Demo] [           main] org.hibernate.SQL                        : delete from shift_assignments where id=?
Hibernate: delete from shift_assignments where id=?
2025-10-13T15:13:07.263+09:00 DEBUG 16864 --- [Shift Scheduler Demo] [           main] org.hibernate.SQL                        : delete from shift_assignments where id=?
Hibernate: delete from shift_assignments where id=?
2025-10-13T15:13:07.263+09:00 DEBUG 16864 --- [Shift Scheduler Demo] [           main] org.hibernate.SQL                        : delete from shift_assignments where id=?
Hibernate: delete from shift_assignments where id=?
2025-10-13T15:13:07.263+09:00 DEBUG 16864 --- [Shift Scheduler Demo] [           main] org.hibernate.SQL                        : delete from shift_assignments where id=?
Hibernate: delete from shift_assignments where id=?
2025-10-13T15:13:07.263+09:00 DEBUG 16864 --- [Shift Scheduler Demo] [           main] org.hibernate.SQL                        : delete from shift_assignments where id=?
Hibernate: delete from shift_assignments where id=?
2025-10-13T15:13:07.265+09:00 DEBUG 16864 --- [Shift Scheduler Demo] [           main] org.hibernate.SQL                        : delete from shift_assignments where id=?
Hibernate: delete from shift_assignments where id=?
2025-10-13T15:13:07.265+09:00 DEBUG 16864 --- [Shift Scheduler Demo] [           main] org.hibernate.SQL                        : delete from shift_assignments where id=?
Hibernate: delete from shift_assignments where id=?
2025-10-13T15:13:07.265+09:00 DEBUG 16864 --- [Shift Scheduler Demo] [           main] org.hibernate.SQL                        : delete from shift_assignments where id=?
Hibernate: delete from shift_assignments where id=?
2025-10-13T15:13:07.265+09:00 DEBUG 16864 --- [Shift Scheduler Demo] [           main] org.hibernate.SQL                        : delete from shift_assignments where id=?
Hibernate: delete from shift_assignments where id=?
2025-10-13T15:13:07.265+09:00 DEBUG 16864 --- [Shift Scheduler Demo] [           main] org.hibernate.SQL                        : delete from shift_assignments where id=?
Hibernate: delete from shift_assignments where id=?
2025-10-13T15:13:07.265+09:00 DEBUG 16864 --- [Shift Scheduler Demo] [           main] org.hibernate.SQL                        : delete from shift_assignments where id=?
Hibernate: delete from shift_assignments where id=?
2025-10-13T15:13:07.265+09:00 DEBUG 16864 --- [Shift Scheduler Demo] [           main] org.hibernate.SQL                        : delete from shift_assignments where id=?
Hibernate: delete from shift_assignments where id=?
2025-10-13T15:13:07.266+09:00 DEBUG 16864 --- [Shift Scheduler Demo] [           main] org.hibernate.SQL                        : delete from shift_assignments where id=?
Hibernate: delete from shift_assignments where id=?
2025-10-13T15:13:07.266+09:00 DEBUG 16864 --- [Shift Scheduler Demo] [           main] org.hibernate.SQL                        : delete from shift_assignments where id=?
Hibernate: delete from shift_assignments where id=?
2025-10-13T15:13:07.266+09:00 DEBUG 16864 --- [Shift Scheduler Demo] [           main] org.hibernate.SQL                        : delete from shift_assignments where id=?
Hibernate: delete from shift_assignments where id=?
2025-10-13T15:13:07.266+09:00 DEBUG 16864 --- [Shift Scheduler Demo] [           main] org.hibernate.SQL                        : delete from shift_assignments where id=?
Hibernate: delete from shift_assignments where id=?
2025-10-13T15:13:07.266+09:00 DEBUG 16864 --- [Shift Scheduler Demo] [           main] org.hibernate.SQL                        : delete from shift_assignments where id=?
Hibernate: delete from shift_assignments where id=?
2025-10-13T15:13:07.266+09:00 DEBUG 16864 --- [Shift Scheduler Demo] [           main] org.hibernate.SQL                        : delete from shift_assignments where id=?
Hibernate: delete from shift_assignments where id=?
2025-10-13T15:13:07.266+09:00 DEBUG 16864 --- [Shift Scheduler Demo] [           main] org.hibernate.SQL                        : delete from shift_assignments where id=?
Hibernate: delete from shift_assignments where id=?
2025-10-13T15:13:07.267+09:00 DEBUG 16864 --- [Shift Scheduler Demo] [           main] org.hibernate.SQL                        : delete from shift_assignments where id=?
Hibernate: delete from shift_assignments where id=?
2025-10-13T15:13:07.267+09:00 DEBUG 16864 --- [Shift Scheduler Demo] [           main] org.hibernate.SQL                        : delete from shift_assignments where id=?
Hibernate: delete from shift_assignments where id=?
2025-10-13T15:13:07.267+09:00 DEBUG 16864 --- [Shift Scheduler Demo] [           main] org.hibernate.SQL                        : delete from shift_assignments where id=?
Hibernate: delete from shift_assignments where id=?
2025-10-13T15:13:07.267+09:00 DEBUG 16864 --- [Shift Scheduler Demo] [           main] org.hibernate.SQL                        : delete from shift_assignments where id=?
Hibernate: delete from shift_assignments where id=?
2025-10-13T15:13:07.268+09:00 DEBUG 16864 --- [Shift Scheduler Demo] [           main] org.hibernate.SQL                        : delete from shift_assignments where id=?
Hibernate: delete from shift_assignments where id=?
2025-10-13T15:13:07.268+09:00 DEBUG 16864 --- [Shift Scheduler Demo] [           main] org.hibernate.SQL                        : delete from shift_assignments where id=?
Hibernate: delete from shift_assignments where id=?
2025-10-13T15:13:07.268+09:00 DEBUG 16864 --- [Shift Scheduler Demo] [           main] org.hibernate.SQL                        : delete from shift_assignments where id=?
Hibernate: delete from shift_assignments where id=?
2025-10-13T15:13:07.269+09:00 DEBUG 16864 --- [Shift Scheduler Demo] [           main] org.hibernate.SQL                        : delete from shift_assignments where id=?
Hibernate: delete from shift_assignments where id=?
2025-10-13T15:13:07.269+09:00 DEBUG 16864 --- [Shift Scheduler Demo] [           main] org.hibernate.SQL                        : delete from shift_assignments where id=?
Hibernate: delete from shift_assignments where id=?
2025-10-13T15:13:07.269+09:00 DEBUG 16864 --- [Shift Scheduler Demo] [           main] org.hibernate.SQL                        : delete from shift_assignments where id=?
Hibernate: delete from shift_assignments where id=?
2025-10-13T15:13:07.270+09:00 DEBUG 16864 --- [Shift Scheduler Demo] [           main] org.hibernate.SQL                        : delete from shift_assignments where id=?
Hibernate: delete from shift_assignments where id=?
2025-10-13T15:13:07.270+09:00 DEBUG 16864 --- [Shift Scheduler Demo] [           main] org.hibernate.SQL                        : delete from shift_assignments where id=?
Hibernate: delete from shift_assignments where id=?
2025-10-13T15:13:07.270+09:00 DEBUG 16864 --- [Shift Scheduler Demo] [           main] org.hibernate.SQL                        : delete from shift_assignments where id=?
Hibernate: delete from shift_assignments where id=?
2025-10-13T15:13:07.270+09:00 DEBUG 16864 --- [Shift Scheduler Demo] [           main] org.hibernate.SQL                        : delete from shift_assignments where id=?
Hibernate: delete from shift_assignments where id=?
2025-10-13T15:13:07.271+09:00 DEBUG 16864 --- [Shift Scheduler Demo] [           main] org.hibernate.SQL                        : delete from shift_assignments where id=?
Hibernate: delete from shift_assignments where id=?
2025-10-13T15:13:07.273+09:00 DEBUG 16864 --- [Shift Scheduler Demo] [           main] org.hibernate.SQL                        : delete from shift_assignments where id=?
Hibernate: delete from shift_assignments where id=?
2025-10-13T15:13:07.273+09:00 DEBUG 16864 --- [Shift Scheduler Demo] [           main] org.hibernate.SQL                        : delete from shift_assignments where id=?
Hibernate: delete from shift_assignments where id=?
2025-10-13T15:13:07.273+09:00 DEBUG 16864 --- [Shift Scheduler Demo] [           main] org.hibernate.SQL                        : delete from shift_assignments where id=?
Hibernate: delete from shift_assignments where id=?
2025-10-13T15:13:07.273+09:00 DEBUG 16864 --- [Shift Scheduler Demo] [           main] org.hibernate.SQL                        : delete from shift_assignments where id=?
Hibernate: delete from shift_assignments where id=?
2025-10-13T15:13:07.275+09:00 DEBUG 16864 --- [Shift Scheduler Demo] [           main] org.hibernate.SQL                        : delete from shift_assignments where id=?
Hibernate: delete from shift_assignments where id=?
2025-10-13T15:13:07.275+09:00 DEBUG 16864 --- [Shift Scheduler Demo] [           main] org.hibernate.SQL                        : delete from shift_assignments where id=?
Hibernate: delete from shift_assignments where id=?
2025-10-13T15:13:07.275+09:00 DEBUG 16864 --- [Shift Scheduler Demo] [           main] org.hibernate.SQL                        : delete from shift_assignments where id=?
Hibernate: delete from shift_assignments where id=?
2025-10-13T15:13:07.275+09:00 DEBUG 16864 --- [Shift Scheduler Demo] [           main] org.hibernate.SQL                        : delete from shift_assignments where id=?
Hibernate: delete from shift_assignments where id=?
2025-10-13T15:13:07.275+09:00 DEBUG 16864 --- [Shift Scheduler Demo] [           main] org.hibernate.SQL                        : delete from shift_assignments where id=?
Hibernate: delete from shift_assignments where id=?
2025-10-13T15:13:07.275+09:00 DEBUG 16864 --- [Shift Scheduler Demo] [           main] org.hibernate.SQL                        : delete from shift_assignments where id=?
Hibernate: delete from shift_assignments where id=?
2025-10-13T15:13:07.275+09:00 DEBUG 16864 --- [Shift Scheduler Demo] [           main] org.hibernate.SQL                        : delete from shift_assignments where id=?
Hibernate: delete from shift_assignments where id=?
2025-10-13T15:13:07.275+09:00 DEBUG 16864 --- [Shift Scheduler Demo] [           main] org.hibernate.SQL                        : delete from shift_assignments where id=?
Hibernate: delete from shift_assignments where id=?
2025-10-13T15:13:07.275+09:00 DEBUG 16864 --- [Shift Scheduler Demo] [           main] org.hibernate.SQL                        : delete from shift_assignments where id=?
Hibernate: delete from shift_assignments where id=?
2025-10-13T15:13:07.278+09:00 DEBUG 16864 --- [Shift Scheduler Demo] [           main] org.hibernate.SQL                        : delete from shift_assignments where id=?
Hibernate: delete from shift_assignments where id=?
2025-10-13T15:13:07.278+09:00 DEBUG 16864 --- [Shift Scheduler Demo] [           main] org.hibernate.SQL                        : delete from shift_assignments where id=?
Hibernate: delete from shift_assignments where id=?
2025-10-13T15:13:07.278+09:00 DEBUG 16864 --- [Shift Scheduler Demo] [           main] org.hibernate.SQL                        : delete from shift_assignments where id=?
Hibernate: delete from shift_assignments where id=?
2025-10-13T15:13:07.278+09:00 DEBUG 16864 --- [Shift Scheduler Demo] [           main] org.hibernate.SQL                        : delete from shift_assignments where id=?
Hibernate: delete from shift_assignments where id=?
2025-10-13T15:13:07.279+09:00 DEBUG 16864 --- [Shift Scheduler Demo] [           main] org.hibernate.SQL                        : delete from shift_assignments where id=?
Hibernate: delete from shift_assignments where id=?
2025-10-13T15:13:07.279+09:00 DEBUG 16864 --- [Shift Scheduler Demo] [           main] org.hibernate.SQL                        : delete from shift_assignments where id=?
Hibernate: delete from shift_assignments where id=?
2025-10-13T15:13:07.279+09:00 DEBUG 16864 --- [Shift Scheduler Demo] [           main] org.hibernate.SQL                        : delete from shift_assignments where id=?
Hibernate: delete from shift_assignments where id=?
2025-10-13T15:13:07.279+09:00 DEBUG 16864 --- [Shift Scheduler Demo] [           main] org.hibernate.SQL                        : delete from shift_assignments where id=?
Hibernate: delete from shift_assignments where id=?
2025-10-13T15:13:07.279+09:00 DEBUG 16864 --- [Shift Scheduler Demo] [           main] org.hibernate.SQL                        : delete from shift_assignments where id=?
Hibernate: delete from shift_assignments where id=?
2025-10-13T15:13:07.280+09:00 DEBUG 16864 --- [Shift Scheduler Demo] [           main] org.hibernate.SQL                        : delete from shift_assignments where id=?
Hibernate: delete from shift_assignments where id=?
2025-10-13T15:13:07.280+09:00 DEBUG 16864 --- [Shift Scheduler Demo] [           main] org.hibernate.SQL                        : delete from shift_assignments where id=?
Hibernate: delete from shift_assignments where id=?
2025-10-13T15:13:07.281+09:00 DEBUG 16864 --- [Shift Scheduler Demo] [           main] org.hibernate.SQL                        : delete from shift_assignments where id=?
Hibernate: delete from shift_assignments where id=?
2025-10-13T15:13:07.281+09:00 DEBUG 16864 --- [Shift Scheduler Demo] [           main] org.hibernate.SQL                        : delete from shift_assignments where id=?
Hibernate: delete from shift_assignments where id=?
2025-10-13T15:13:07.281+09:00 DEBUG 16864 --- [Shift Scheduler Demo] [           main] org.hibernate.SQL                        : delete from shift_assignments where id=?
Hibernate: delete from shift_assignments where id=?
2025-10-13T15:13:07.282+09:00 DEBUG 16864 --- [Shift Scheduler Demo] [           main] org.hibernate.SQL                        : delete from shift_assignments where id=?
Hibernate: delete from shift_assignments where id=?
2025-10-13T15:13:07.282+09:00 DEBUG 16864 --- [Shift Scheduler Demo] [           main] org.hibernate.SQL                        : delete from shift_assignments where id=?
Hibernate: delete from shift_assignments where id=?
2025-10-13T15:13:07.282+09:00 DEBUG 16864 --- [Shift Scheduler Demo] [           main] org.hibernate.SQL                        : delete from shift_assignments where id=?
Hibernate: delete from shift_assignments where id=?
2025-10-13T15:13:07.283+09:00 DEBUG 16864 --- [Shift Scheduler Demo] [           main] org.hibernate.SQL                        : delete from shift_assignments where id=?
Hibernate: delete from shift_assignments where id=?
2025-10-13T15:13:07.283+09:00 DEBUG 16864 --- [Shift Scheduler Demo] [           main] org.hibernate.SQL                        : delete from shift_assignments where id=?
Hibernate: delete from shift_assignments where id=?
2025-10-13T15:13:07.283+09:00 DEBUG 16864 --- [Shift Scheduler Demo] [           main] org.hibernate.SQL                        : delete from shift_assignments where id=?
Hibernate: delete from shift_assignments where id=?
2025-10-13T15:13:07.283+09:00 DEBUG 16864 --- [Shift Scheduler Demo] [           main] org.hibernate.SQL                        : delete from shift_assignments where id=?
Hibernate: delete from shift_assignments where id=?
2025-10-13T15:13:07.283+09:00 DEBUG 16864 --- [Shift Scheduler Demo] [           main] org.hibernate.SQL                        : delete from shift_assignments where id=?
Hibernate: delete from shift_assignments where id=?
2025-10-13T15:13:07.284+09:00 DEBUG 16864 --- [Shift Scheduler Demo] [           main] org.hibernate.SQL                        : delete from shift_assignments where id=?
Hibernate: delete from shift_assignments where id=?
2025-10-13T15:13:07.284+09:00 DEBUG 16864 --- [Shift Scheduler Demo] [           main] org.hibernate.SQL                        : delete from shift_assignments where id=?
Hibernate: delete from shift_assignments where id=?
2025-10-13T15:13:07.284+09:00 DEBUG 16864 --- [Shift Scheduler Demo] [           main] org.hibernate.SQL                        : delete from shift_assignments where id=?
Hibernate: delete from shift_assignments where id=?
2025-10-13T15:13:07.285+09:00 DEBUG 16864 --- [Shift Scheduler Demo] [           main] org.hibernate.SQL                        : delete from shift_assignments where id=?
Hibernate: delete from shift_assignments where id=?
2025-10-13T15:13:07.285+09:00 DEBUG 16864 --- [Shift Scheduler Demo] [           main] org.hibernate.SQL                        : delete from shift_assignments where id=?
Hibernate: delete from shift_assignments where id=?
2025-10-13T15:13:07.285+09:00 DEBUG 16864 --- [Shift Scheduler Demo] [           main] org.hibernate.SQL                        : delete from shift_assignments where id=?
Hibernate: delete from shift_assignments where id=?
2025-10-13T15:13:07.285+09:00 DEBUG 16864 --- [Shift Scheduler Demo] [           main] org.hibernate.SQL                        : delete from shift_assignments where id=?
Hibernate: delete from shift_assignments where id=?
2025-10-13T15:13:07.285+09:00 DEBUG 16864 --- [Shift Scheduler Demo] [           main] org.hibernate.SQL                        : delete from shift_assignments where id=?
Hibernate: delete from shift_assignments where id=?
2025-10-13T15:13:07.285+09:00 DEBUG 16864 --- [Shift Scheduler Demo] [           main] org.hibernate.SQL                        : delete from shift_assignments where id=?
Hibernate: delete from shift_assignments where id=?
2025-10-13T15:13:07.286+09:00 DEBUG 16864 --- [Shift Scheduler Demo] [           main] org.hibernate.SQL                        : delete from shift_assignments where id=?
Hibernate: delete from shift_assignments where id=?
2025-10-13T15:13:07.286+09:00 DEBUG 16864 --- [Shift Scheduler Demo] [           main] org.hibernate.SQL                        : delete from shift_assignments where id=?
Hibernate: delete from shift_assignments where id=?
2025-10-13T15:13:07.286+09:00 DEBUG 16864 --- [Shift Scheduler Demo] [           main] org.hibernate.SQL                        : delete from shift_assignments where id=?
Hibernate: delete from shift_assignments where id=?
2025-10-13T15:13:07.286+09:00 DEBUG 16864 --- [Shift Scheduler Demo] [           main] org.hibernate.SQL                        : delete from shift_assignments where id=?
Hibernate: delete from shift_assignments where id=?
2025-10-13T15:13:07.286+09:00 DEBUG 16864 --- [Shift Scheduler Demo] [           main] org.hibernate.SQL                        : delete from shift_assignments where id=?
Hibernate: delete from shift_assignments where id=?
2025-10-13T15:13:07.287+09:00 DEBUG 16864 --- [Shift Scheduler Demo] [           main] org.hibernate.SQL                        : delete from shift_assignments where id=?
Hibernate: delete from shift_assignments where id=?
2025-10-13T15:13:07.289+09:00 DEBUG 16864 --- [Shift Scheduler Demo] [           main] org.hibernate.SQL                        : delete from shift_assignments where id=?
Hibernate: delete from shift_assignments where id=?
2025-10-13T15:13:07.291+09:00 DEBUG 16864 --- [Shift Scheduler Demo] [           main] org.hibernate.SQL                        : delete from shift_assignments where id=?
Hibernate: delete from shift_assignments where id=?
2025-10-13T15:13:07.291+09:00 DEBUG 16864 --- [Shift Scheduler Demo] [           main] org.hibernate.SQL                        : delete from shift_assignments where id=?
Hibernate: delete from shift_assignments where id=?
2025-10-13T15:13:07.291+09:00 DEBUG 16864 --- [Shift Scheduler Demo] [           main] org.hibernate.SQL                        : delete from shift_assignments where id=?
Hibernate: delete from shift_assignments where id=?
2025-10-13T15:13:07.291+09:00 DEBUG 16864 --- [Shift Scheduler Demo] [           main] org.hibernate.SQL                        : delete from shift_assignments where id=?
Hibernate: delete from shift_assignments where id=?
2025-10-13T15:13:07.291+09:00 DEBUG 16864 --- [Shift Scheduler Demo] [           main] org.hibernate.SQL                        : delete from shift_assignments where id=?
Hibernate: delete from shift_assignments where id=?
2025-10-13T15:13:07.291+09:00 DEBUG 16864 --- [Shift Scheduler Demo] [           main] org.hibernate.SQL                        : delete from shift_assignments where id=?
Hibernate: delete from shift_assignments where id=?
2025-10-13T15:13:07.291+09:00 DEBUG 16864 --- [Shift Scheduler Demo] [           main] org.hibernate.SQL                        : delete from shift_assignments where id=?
Hibernate: delete from shift_assignments where id=?
2025-10-13T15:13:07.291+09:00 DEBUG 16864 --- [Shift Scheduler Demo] [           main] org.hibernate.SQL                        : delete from shift_assignments where id=?
Hibernate: delete from shift_assignments where id=?
2025-10-13T15:13:07.291+09:00 DEBUG 16864 --- [Shift Scheduler Demo] [           main] org.hibernate.SQL                        : delete from shift_assignments where id=?
Hibernate: delete from shift_assignments where id=?
2025-10-13T15:13:07.294+09:00 DEBUG 16864 --- [Shift Scheduler Demo] [           main] org.hibernate.SQL                        : delete from shift_assignments where id=?
Hibernate: delete from shift_assignments where id=?
2025-10-13T15:13:07.294+09:00 DEBUG 16864 --- [Shift Scheduler Demo] [           main] org.hibernate.SQL                        : delete from shift_assignments where id=?
Hibernate: delete from shift_assignments where id=?
2025-10-13T15:13:07.294+09:00 DEBUG 16864 --- [Shift Scheduler Demo] [           main] org.hibernate.SQL                        : delete from shift_assignments where id=?
Hibernate: delete from shift_assignments where id=?
2025-10-13T15:13:07.294+09:00 DEBUG 16864 --- [Shift Scheduler Demo] [           main] org.hibernate.SQL                        : delete from shift_assignments where id=?
Hibernate: delete from shift_assignments where id=?
2025-10-13T15:13:07.294+09:00 DEBUG 16864 --- [Shift Scheduler Demo] [           main] org.hibernate.SQL                        : delete from shift_assignments where id=?
Hibernate: delete from shift_assignments where id=?
2025-10-13T15:13:07.295+09:00 DEBUG 16864 --- [Shift Scheduler Demo] [           main] org.hibernate.SQL                        : delete from shift_assignments where id=?
Hibernate: delete from shift_assignments where id=?
2025-10-13T15:13:07.295+09:00 DEBUG 16864 --- [Shift Scheduler Demo] [           main] org.hibernate.SQL                        : delete from shift_assignments where id=?
Hibernate: delete from shift_assignments where id=?
2025-10-13T15:13:07.295+09:00 DEBUG 16864 --- [Shift Scheduler Demo] [           main] org.hibernate.SQL                        : delete from shift_assignments where id=?
Hibernate: delete from shift_assignments where id=?
2025-10-13T15:13:07.295+09:00 DEBUG 16864 --- [Shift Scheduler Demo] [           main] org.hibernate.SQL                        : delete from shift_assignments where id=?
Hibernate: delete from shift_assignments where id=?
2025-10-13T15:13:07.295+09:00 DEBUG 16864 --- [Shift Scheduler Demo] [           main] org.hibernate.SQL                        : delete from shift_assignments where id=?
Hibernate: delete from shift_assignments where id=?
2025-10-13T15:13:07.295+09:00 DEBUG 16864 --- [Shift Scheduler Demo] [           main] org.hibernate.SQL                        : delete from shift_assignments where id=?
Hibernate: delete from shift_assignments where id=?
2025-10-13T15:13:07.296+09:00 DEBUG 16864 --- [Shift Scheduler Demo] [           main] org.hibernate.SQL                        : delete from shift_assignments where id=?
Hibernate: delete from shift_assignments where id=?
2025-10-13T15:13:07.296+09:00 DEBUG 16864 --- [Shift Scheduler Demo] [           main] org.hibernate.SQL                        : delete from shift_assignments where id=?
Hibernate: delete from shift_assignments where id=?
2025-10-13T15:13:07.296+09:00 DEBUG 16864 --- [Shift Scheduler Demo] [           main] org.hibernate.SQL                        : delete from shift_assignments where id=?
Hibernate: delete from shift_assignments where id=?
2025-10-13T15:13:07.297+09:00 DEBUG 16864 --- [Shift Scheduler Demo] [           main] org.hibernate.SQL                        : delete from shift_assignments where id=?
Hibernate: delete from shift_assignments where id=?
2025-10-13T15:13:07.297+09:00 DEBUG 16864 --- [Shift Scheduler Demo] [           main] org.hibernate.SQL                        : delete from shift_assignments where id=?
Hibernate: delete from shift_assignments where id=?
2025-10-13T15:13:07.297+09:00 DEBUG 16864 --- [Shift Scheduler Demo] [           main] org.hibernate.SQL                        : delete from shift_assignments where id=?
Hibernate: delete from shift_assignments where id=?
2025-10-13T15:13:07.297+09:00 DEBUG 16864 --- [Shift Scheduler Demo] [           main] org.hibernate.SQL                        : delete from shift_assignments where id=?
Hibernate: delete from shift_assignments where id=?
2025-10-13T15:13:07.297+09:00 DEBUG 16864 --- [Shift Scheduler Demo] [           main] org.hibernate.SQL                        : delete from shift_assignments where id=?
Hibernate: delete from shift_assignments where id=?
2025-10-13T15:13:07.298+09:00 DEBUG 16864 --- [Shift Scheduler Demo] [           main] org.hibernate.SQL                        : delete from shift_assignments where id=?
Hibernate: delete from shift_assignments where id=?
2025-10-13T15:13:07.298+09:00 DEBUG 16864 --- [Shift Scheduler Demo] [           main] org.hibernate.SQL                        : delete from shift_assignments where id=?
Hibernate: delete from shift_assignments where id=?
2025-10-13T15:13:07.298+09:00 DEBUG 16864 --- [Shift Scheduler Demo] [           main] org.hibernate.SQL                        : delete from shift_assignments where id=?
Hibernate: delete from shift_assignments where id=?
2025-10-13T15:13:07.299+09:00 DEBUG 16864 --- [Shift Scheduler Demo] [           main] org.hibernate.SQL                        : delete from shift_assignments where id=?
Hibernate: delete from shift_assignments where id=?
2025-10-13T15:13:07.299+09:00 DEBUG 16864 --- [Shift Scheduler Demo] [           main] org.hibernate.SQL                        : delete from shift_assignments where id=?
Hibernate: delete from shift_assignments where id=?
2025-10-13T15:13:07.299+09:00 DEBUG 16864 --- [Shift Scheduler Demo] [           main] org.hibernate.SQL                        : delete from shift_assignments where id=?
Hibernate: delete from shift_assignments where id=?
2025-10-13T15:13:07.299+09:00 DEBUG 16864 --- [Shift Scheduler Demo] [           main] org.hibernate.SQL                        : delete from shift_assignments where id=?
Hibernate: delete from shift_assignments where id=?
2025-10-13T15:13:07.300+09:00 DEBUG 16864 --- [Shift Scheduler Demo] [           main] org.hibernate.SQL                        : delete from shift_assignments where id=?
Hibernate: delete from shift_assignments where id=?
2025-10-13T15:13:07.300+09:00 DEBUG 16864 --- [Shift Scheduler Demo] [           main] org.hibernate.SQL                        : delete from shift_assignments where id=?
Hibernate: delete from shift_assignments where id=?
2025-10-13T15:13:07.300+09:00 DEBUG 16864 --- [Shift Scheduler Demo] [           main] org.hibernate.SQL                        : delete from shift_assignments where id=?
Hibernate: delete from shift_assignments where id=?
2025-10-13T15:13:07.301+09:00 DEBUG 16864 --- [Shift Scheduler Demo] [           main] org.hibernate.SQL                        : delete from shift_assignments where id=?
Hibernate: delete from shift_assignments where id=?
2025-10-13T15:13:07.301+09:00 DEBUG 16864 --- [Shift Scheduler Demo] [           main] org.hibernate.SQL                        : delete from shift_assignments where id=?
Hibernate: delete from shift_assignments where id=?
2025-10-13T15:13:07.302+09:00 DEBUG 16864 --- [Shift Scheduler Demo] [           main] org.hibernate.SQL                        : delete from shift_assignments where id=?
Hibernate: delete from shift_assignments where id=?
2025-10-13T15:13:07.302+09:00 DEBUG 16864 --- [Shift Scheduler Demo] [           main] org.hibernate.SQL                        : delete from shift_assignments where id=?
Hibernate: delete from shift_assignments where id=?
2025-10-13T15:13:07.302+09:00 DEBUG 16864 --- [Shift Scheduler Demo] [           main] org.hibernate.SQL                        : delete from shift_assignments where id=?
Hibernate: delete from shift_assignments where id=?
2025-10-13T15:13:07.302+09:00 DEBUG 16864 --- [Shift Scheduler Demo] [           main] org.hibernate.SQL                        : delete from shift_assignments where id=?
Hibernate: delete from shift_assignments where id=?
2025-10-13T15:13:07.302+09:00 DEBUG 16864 --- [Shift Scheduler Demo] [           main] org.hibernate.SQL                        : delete from shift_assignments where id=?
Hibernate: delete from shift_assignments where id=?
2025-10-13T15:13:07.303+09:00 DEBUG 16864 --- [Shift Scheduler Demo] [           main] org.hibernate.SQL                        : delete from shift_assignments where id=?
Hibernate: delete from shift_assignments where id=?
2025-10-13T15:13:07.303+09:00 DEBUG 16864 --- [Shift Scheduler Demo] [           main] org.hibernate.SQL                        : delete from shift_assignments where id=?
Hibernate: delete from shift_assignments where id=?
2025-10-13T15:13:07.303+09:00 DEBUG 16864 --- [Shift Scheduler Demo] [           main] org.hibernate.SQL                        : delete from shift_assignments where id=?
Hibernate: delete from shift_assignments where id=?
2025-10-13T15:13:07.303+09:00 DEBUG 16864 --- [Shift Scheduler Demo] [           main] org.hibernate.SQL                        : delete from shift_assignments where id=?
Hibernate: delete from shift_assignments where id=?
2025-10-13T15:13:07.303+09:00 DEBUG 16864 --- [Shift Scheduler Demo] [           main] org.hibernate.SQL                        : delete from shift_assignments where id=?
Hibernate: delete from shift_assignments where id=?
2025-10-13T15:13:07.304+09:00 DEBUG 16864 --- [Shift Scheduler Demo] [           main] org.hibernate.SQL                        : delete from shift_assignments where id=?
Hibernate: delete from shift_assignments where id=?
2025-10-13T15:13:07.304+09:00 DEBUG 16864 --- [Shift Scheduler Demo] [           main] org.hibernate.SQL                        : delete from shift_assignments where id=?
Hibernate: delete from shift_assignments where id=?
2025-10-13T15:13:07.305+09:00 DEBUG 16864 --- [Shift Scheduler Demo] [           main] org.hibernate.SQL                        : delete from shift_assignments where id=?
Hibernate: delete from shift_assignments where id=?
2025-10-13T15:13:07.305+09:00 DEBUG 16864 --- [Shift Scheduler Demo] [           main] org.hibernate.SQL                        : delete from shift_assignments where id=?
Hibernate: delete from shift_assignments where id=?
2025-10-13T15:13:07.305+09:00 DEBUG 16864 --- [Shift Scheduler Demo] [           main] org.hibernate.SQL                        : delete from shift_assignments where id=?
Hibernate: delete from shift_assignments where id=?
2025-10-13T15:13:07.307+09:00 DEBUG 16864 --- [Shift Scheduler Demo] [           main] org.hibernate.SQL                        : delete from shift_assignments where id=?
Hibernate: delete from shift_assignments where id=?
2025-10-13T15:13:07.307+09:00 DEBUG 16864 --- [Shift Scheduler Demo] [           main] org.hibernate.SQL                        : delete from shift_assignments where id=?
Hibernate: delete from shift_assignments where id=?
2025-10-13T15:13:07.307+09:00 DEBUG 16864 --- [Shift Scheduler Demo] [           main] org.hibernate.SQL                        : delete from shift_assignments where id=?
Hibernate: delete from shift_assignments where id=?
2025-10-13T15:13:07.307+09:00 DEBUG 16864 --- [Shift Scheduler Demo] [           main] org.hibernate.SQL                        : delete from shift_assignments where id=?
Hibernate: delete from shift_assignments where id=?
2025-10-13T15:13:07.307+09:00 DEBUG 16864 --- [Shift Scheduler Demo] [           main] org.hibernate.SQL                        : delete from shift_assignments where id=?
Hibernate: delete from shift_assignments where id=?
2025-10-13T15:13:07.307+09:00 DEBUG 16864 --- [Shift Scheduler Demo] [           main] org.hibernate.SQL                        : delete from shift_assignments where id=?
Hibernate: delete from shift_assignments where id=?
2025-10-13T15:13:07.307+09:00 DEBUG 16864 --- [Shift Scheduler Demo] [           main] org.hibernate.SQL                        : delete from shift_assignments where id=?
Hibernate: delete from shift_assignments where id=?
2025-10-13T15:13:07.307+09:00 DEBUG 16864 --- [Shift Scheduler Demo] [           main] org.hibernate.SQL                        : delete from shift_assignments where id=?
Hibernate: delete from shift_assignments where id=?
2025-10-13T15:13:07.307+09:00 DEBUG 16864 --- [Shift Scheduler Demo] [           main] org.hibernate.SQL                        : delete from shift_assignments where id=?
Hibernate: delete from shift_assignments where id=?
2025-10-13T15:13:07.307+09:00 DEBUG 16864 --- [Shift Scheduler Demo] [           main] org.hibernate.SQL                        : delete from shift_assignments where id=?
Hibernate: delete from shift_assignments where id=?
2025-10-13T15:13:07.307+09:00 DEBUG 16864 --- [Shift Scheduler Demo] [           main] org.hibernate.SQL                        : delete from shift_assignments where id=?
Hibernate: delete from shift_assignments where id=?
2025-10-13T15:13:07.307+09:00 DEBUG 16864 --- [Shift Scheduler Demo] [           main] org.hibernate.SQL                        : delete from shift_assignments where id=?
Hibernate: delete from shift_assignments where id=?
2025-10-13T15:13:07.307+09:00 DEBUG 16864 --- [Shift Scheduler Demo] [           main] org.hibernate.SQL                        : delete from shift_assignments where id=?
Hibernate: delete from shift_assignments where id=?
2025-10-13T15:13:07.307+09:00 DEBUG 16864 --- [Shift Scheduler Demo] [           main] org.hibernate.SQL                        : delete from shift_assignments where id=?
Hibernate: delete from shift_assignments where id=?
2025-10-13T15:13:07.309+09:00 DEBUG 16864 --- [Shift Scheduler Demo] [           main] org.hibernate.SQL                        : delete from shift_assignments where id=?
Hibernate: delete from shift_assignments where id=?
2025-10-13T15:13:07.309+09:00 DEBUG 16864 --- [Shift Scheduler Demo] [           main] org.hibernate.SQL                        : delete from shift_assignments where id=?
Hibernate: delete from shift_assignments where id=?
2025-10-13T15:13:07.309+09:00 DEBUG 16864 --- [Shift Scheduler Demo] [           main] org.hibernate.SQL                        : delete from shift_assignments where id=?
Hibernate: delete from shift_assignments where id=?
2025-10-13T15:13:07.309+09:00 DEBUG 16864 --- [Shift Scheduler Demo] [           main] org.hibernate.SQL                        : delete from shift_assignments where id=?
Hibernate: delete from shift_assignments where id=?
2025-10-13T15:13:07.309+09:00 DEBUG 16864 --- [Shift Scheduler Demo] [           main] org.hibernate.SQL                        : delete from shift_assignments where id=?
Hibernate: delete from shift_assignments where id=?
2025-10-13T15:13:07.309+09:00 DEBUG 16864 --- [Shift Scheduler Demo] [           main] org.hibernate.SQL                        : delete from shift_assignments where id=?
Hibernate: delete from shift_assignments where id=?
2025-10-13T15:13:07.310+09:00 DEBUG 16864 --- [Shift Scheduler Demo] [           main] org.hibernate.SQL                        : delete from shift_assignments where id=?
Hibernate: delete from shift_assignments where id=?
2025-10-13T15:13:07.310+09:00 DEBUG 16864 --- [Shift Scheduler Demo] [           main] org.hibernate.SQL                        : delete from shift_assignments where id=?
Hibernate: delete from shift_assignments where id=?
2025-10-13T15:13:07.310+09:00 DEBUG 16864 --- [Shift Scheduler Demo] [           main] org.hibernate.SQL                        : delete from shift_assignments where id=?
Hibernate: delete from shift_assignments where id=?
2025-10-13T15:13:07.310+09:00 DEBUG 16864 --- [Shift Scheduler Demo] [           main] org.hibernate.SQL                        : delete from shift_assignments where id=?
Hibernate: delete from shift_assignments where id=?
2025-10-13T15:13:07.310+09:00 DEBUG 16864 --- [Shift Scheduler Demo] [           main] org.hibernate.SQL                        : delete from shift_assignments where id=?
Hibernate: delete from shift_assignments where id=?
2025-10-13T15:13:07.311+09:00 DEBUG 16864 --- [Shift Scheduler Demo] [           main] org.hibernate.SQL                        : delete from shift_assignments where id=?
Hibernate: delete from shift_assignments where id=?
2025-10-13T15:13:07.311+09:00 DEBUG 16864 --- [Shift Scheduler Demo] [           main] org.hibernate.SQL                        : delete from shift_assignments where id=?
Hibernate: delete from shift_assignments where id=?
2025-10-13T15:13:07.311+09:00 DEBUG 16864 --- [Shift Scheduler Demo] [           main] org.hibernate.SQL                        : delete from shift_assignments where id=?
Hibernate: delete from shift_assignments where id=?
2025-10-13T15:13:07.311+09:00 DEBUG 16864 --- [Shift Scheduler Demo] [           main] org.hibernate.SQL                        : delete from shift_assignments where id=?
Hibernate: delete from shift_assignments where id=?
2025-10-13T15:13:07.311+09:00 DEBUG 16864 --- [Shift Scheduler Demo] [           main] org.hibernate.SQL                        : delete from shift_assignments where id=?
Hibernate: delete from shift_assignments where id=?
2025-10-13T15:13:07.311+09:00 DEBUG 16864 --- [Shift Scheduler Demo] [           main] org.hibernate.SQL                        : delete from shift_assignments where id=?
Hibernate: delete from shift_assignments where id=?
2025-10-13T15:13:07.311+09:00 DEBUG 16864 --- [Shift Scheduler Demo] [           main] org.hibernate.SQL                        : delete from shift_assignments where id=?
Hibernate: delete from shift_assignments where id=?
2025-10-13T15:13:07.312+09:00 DEBUG 16864 --- [Shift Scheduler Demo] [           main] org.hibernate.SQL                        : delete from shift_assignments where id=?
Hibernate: delete from shift_assignments where id=?
2025-10-13T15:13:07.312+09:00 DEBUG 16864 --- [Shift Scheduler Demo] [           main] org.hibernate.SQL                        : delete from shift_assignments where id=?
Hibernate: delete from shift_assignments where id=?
2025-10-13T15:13:07.312+09:00 DEBUG 16864 --- [Shift Scheduler Demo] [           main] org.hibernate.SQL                        : delete from shift_assignments where id=?
Hibernate: delete from shift_assignments where id=?
2025-10-13T15:13:07.312+09:00 DEBUG 16864 --- [Shift Scheduler Demo] [           main] org.hibernate.SQL                        : delete from shift_assignments where id=?
Hibernate: delete from shift_assignments where id=?
2025-10-13T15:13:07.312+09:00 DEBUG 16864 --- [Shift Scheduler Demo] [           main] org.hibernate.SQL                        : delete from shift_assignments where id=?
Hibernate: delete from shift_assignments where id=?
2025-10-13T15:13:07.312+09:00 DEBUG 16864 --- [Shift Scheduler Demo] [           main] org.hibernate.SQL                        : delete from shift_assignments where id=?
Hibernate: delete from shift_assignments where id=?
2025-10-13T15:13:07.313+09:00 DEBUG 16864 --- [Shift Scheduler Demo] [           main] org.hibernate.SQL                        : delete from shift_assignments where id=?
Hibernate: delete from shift_assignments where id=?
2025-10-13T15:13:07.313+09:00 DEBUG 16864 --- [Shift Scheduler Demo] [           main] org.hibernate.SQL                        : delete from shift_assignments where id=?
Hibernate: delete from shift_assignments where id=?
2025-10-13T15:13:07.313+09:00 DEBUG 16864 --- [Shift Scheduler Demo] [           main] org.hibernate.SQL                        : delete from shift_assignments where id=?
Hibernate: delete from shift_assignments where id=?
2025-10-13T15:13:07.313+09:00 DEBUG 16864 --- [Shift Scheduler Demo] [           main] org.hibernate.SQL                        : delete from shift_assignments where id=?
Hibernate: delete from shift_assignments where id=?
2025-10-13T15:13:07.313+09:00 DEBUG 16864 --- [Shift Scheduler Demo] [           main] org.hibernate.SQL                        : delete from shift_assignments where id=?
Hibernate: delete from shift_assignments where id=?
2025-10-13T15:13:07.313+09:00 DEBUG 16864 --- [Shift Scheduler Demo] [           main] org.hibernate.SQL                        : delete from shift_assignments where id=?
Hibernate: delete from shift_assignments where id=?
2025-10-13T15:13:07.314+09:00 DEBUG 16864 --- [Shift Scheduler Demo] [           main] org.hibernate.SQL                        : delete from shift_assignments where id=?
Hibernate: delete from shift_assignments where id=?
2025-10-13T15:13:07.314+09:00 DEBUG 16864 --- [Shift Scheduler Demo] [           main] org.hibernate.SQL                        : delete from shift_assignments where id=?
Hibernate: delete from shift_assignments where id=?
2025-10-13T15:13:07.314+09:00 DEBUG 16864 --- [Shift Scheduler Demo] [           main] org.hibernate.SQL                        : delete from shift_assignments where id=?
Hibernate: delete from shift_assignments where id=?
2025-10-13T15:13:07.314+09:00 DEBUG 16864 --- [Shift Scheduler Demo] [           main] org.hibernate.SQL                        : delete from shift_assignments where id=?
Hibernate: delete from shift_assignments where id=?
2025-10-13T15:13:07.314+09:00 DEBUG 16864 --- [Shift Scheduler Demo] [           main] org.hibernate.SQL                        : delete from shift_assignments where id=?
Hibernate: delete from shift_assignments where id=?
2025-10-13T15:13:07.314+09:00 DEBUG 16864 --- [Shift Scheduler Demo] [           main] org.hibernate.SQL                        : delete from shift_assignments where id=?
Hibernate: delete from shift_assignments where id=?
2025-10-13T15:13:07.314+09:00 DEBUG 16864 --- [Shift Scheduler Demo] [           main] org.hibernate.SQL                        : delete from shift_assignments where id=?
Hibernate: delete from shift_assignments where id=?
2025-10-13T15:13:07.315+09:00 DEBUG 16864 --- [Shift Scheduler Demo] [           main] org.hibernate.SQL                        : delete from shift_assignments where id=?
Hibernate: delete from shift_assignments where id=?
2025-10-13T15:13:07.315+09:00 DEBUG 16864 --- [Shift Scheduler Demo] [           main] org.hibernate.SQL                        : delete from shift_assignments where id=?
Hibernate: delete from shift_assignments where id=?
2025-10-13T15:13:07.315+09:00 DEBUG 16864 --- [Shift Scheduler Demo] [           main] org.hibernate.SQL                        : delete from shift_assignments where id=?
Hibernate: delete from shift_assignments where id=?
2025-10-13T15:13:07.315+09:00 DEBUG 16864 --- [Shift Scheduler Demo] [           main] org.hibernate.SQL                        : delete from shift_assignments where id=?
Hibernate: delete from shift_assignments where id=?
2025-10-13T15:13:07.315+09:00 DEBUG 16864 --- [Shift Scheduler Demo] [           main] org.hibernate.SQL                        : delete from shift_assignments where id=?
Hibernate: delete from shift_assignments where id=?
2025-10-13T15:13:07.315+09:00 DEBUG 16864 --- [Shift Scheduler Demo] [           main] org.hibernate.SQL                        : delete from shift_assignments where id=?
Hibernate: delete from shift_assignments where id=?
2025-10-13T15:13:07.315+09:00 DEBUG 16864 --- [Shift Scheduler Demo] [           main] org.hibernate.SQL                        : delete from shift_assignments where id=?
Hibernate: delete from shift_assignments where id=?
2025-10-13T15:13:07.315+09:00 DEBUG 16864 --- [Shift Scheduler Demo] [           main] org.hibernate.SQL                        : delete from shift_assignments where id=?
Hibernate: delete from shift_assignments where id=?
2025-10-13T15:13:07.315+09:00 DEBUG 16864 --- [Shift Scheduler Demo] [           main] org.hibernate.SQL                        : delete from shift_assignments where id=?
Hibernate: delete from shift_assignments where id=?
2025-10-13T15:13:07.316+09:00 DEBUG 16864 --- [Shift Scheduler Demo] [           main] org.hibernate.SQL                        : delete from shift_assignments where id=?
Hibernate: delete from shift_assignments where id=?
2025-10-13T15:13:07.316+09:00 DEBUG 16864 --- [Shift Scheduler Demo] [           main] org.hibernate.SQL                        : delete from shift_assignments where id=?
Hibernate: delete from shift_assignments where id=?
2025-10-13T15:13:07.316+09:00 DEBUG 16864 --- [Shift Scheduler Demo] [           main] org.hibernate.SQL                        : delete from shift_assignments where id=?
Hibernate: delete from shift_assignments where id=?
2025-10-13T15:13:07.316+09:00 DEBUG 16864 --- [Shift Scheduler Demo] [           main] org.hibernate.SQL                        : delete from shift_assignments where id=?
Hibernate: delete from shift_assignments where id=?
2025-10-13T15:13:07.316+09:00 DEBUG 16864 --- [Shift Scheduler Demo] [           main] org.hibernate.SQL                        : delete from shift_assignments where id=?
Hibernate: delete from shift_assignments where id=?
2025-10-13T15:13:07.316+09:00 DEBUG 16864 --- [Shift Scheduler Demo] [           main] org.hibernate.SQL                        : delete from shift_assignments where id=?
Hibernate: delete from shift_assignments where id=?
2025-10-13T15:13:07.316+09:00 DEBUG 16864 --- [Shift Scheduler Demo] [           main] org.hibernate.SQL                        : delete from shift_assignments where id=?
Hibernate: delete from shift_assignments where id=?
2025-10-13T15:13:07.316+09:00 DEBUG 16864 --- [Shift Scheduler Demo] [           main] org.hibernate.SQL                        : delete from shift_assignments where id=?
Hibernate: delete from shift_assignments where id=?
2025-10-13T15:13:07.317+09:00 DEBUG 16864 --- [Shift Scheduler Demo] [           main] org.hibernate.SQL                        : delete from shift_assignments where id=?
Hibernate: delete from shift_assignments where id=?
2025-10-13T15:13:07.317+09:00 DEBUG 16864 --- [Shift Scheduler Demo] [           main] org.hibernate.SQL                        : delete from shift_assignments where id=?
Hibernate: delete from shift_assignments where id=?
2025-10-13T15:13:07.317+09:00 DEBUG 16864 --- [Shift Scheduler Demo] [           main] org.hibernate.SQL                        : delete from shift_assignments where id=?
Hibernate: delete from shift_assignments where id=?
2025-10-13T15:13:07.317+09:00 DEBUG 16864 --- [Shift Scheduler Demo] [           main] org.hibernate.SQL                        : delete from shift_assignments where id=?
Hibernate: delete from shift_assignments where id=?
2025-10-13T15:13:07.317+09:00 DEBUG 16864 --- [Shift Scheduler Demo] [           main] org.hibernate.SQL                        : delete from shift_assignments where id=?
Hibernate: delete from shift_assignments where id=?
2025-10-13T15:13:07.317+09:00 DEBUG 16864 --- [Shift Scheduler Demo] [           main] org.hibernate.SQL                        : delete from shift_assignments where id=?
Hibernate: delete from shift_assignments where id=?
2025-10-13T15:13:07.317+09:00 DEBUG 16864 --- [Shift Scheduler Demo] [           main] org.hibernate.SQL                        : delete from shift_assignments where id=?
Hibernate: delete from shift_assignments where id=?
2025-10-13T15:13:07.317+09:00 DEBUG 16864 --- [Shift Scheduler Demo] [           main] org.hibernate.SQL                        : delete from shift_assignments where id=?
Hibernate: delete from shift_assignments where id=?
2025-10-13T15:13:07.317+09:00 DEBUG 16864 --- [Shift Scheduler Demo] [           main] org.hibernate.SQL                        : delete from shift_assignments where id=?
Hibernate: delete from shift_assignments where id=?
2025-10-13T15:13:07.318+09:00 DEBUG 16864 --- [Shift Scheduler Demo] [           main] org.hibernate.SQL                        : delete from shift_assignments where id=?
Hibernate: delete from shift_assignments where id=?
2025-10-13T15:13:07.318+09:00 DEBUG 16864 --- [Shift Scheduler Demo] [           main] org.hibernate.SQL                        : delete from shift_assignments where id=?
Hibernate: delete from shift_assignments where id=?
2025-10-13T15:13:07.318+09:00 DEBUG 16864 --- [Shift Scheduler Demo] [           main] org.hibernate.SQL                        : delete from shift_assignments where id=?
Hibernate: delete from shift_assignments where id=?
2025-10-13T15:13:07.318+09:00 DEBUG 16864 --- [Shift Scheduler Demo] [           main] org.hibernate.SQL                        : delete from shift_assignments where id=?
Hibernate: delete from shift_assignments where id=?
2025-10-13T15:13:07.318+09:00 DEBUG 16864 --- [Shift Scheduler Demo] [           main] org.hibernate.SQL                        : delete from shift_assignments where id=?
Hibernate: delete from shift_assignments where id=?
2025-10-13T15:13:07.318+09:00 DEBUG 16864 --- [Shift Scheduler Demo] [           main] org.hibernate.SQL                        : delete from shift_assignments where id=?
Hibernate: delete from shift_assignments where id=?
2025-10-13T15:13:07.318+09:00 DEBUG 16864 --- [Shift Scheduler Demo] [           main] org.hibernate.SQL                        : delete from shift_assignments where id=?
Hibernate: delete from shift_assignments where id=?
2025-10-13T15:13:07.319+09:00 DEBUG 16864 --- [Shift Scheduler Demo] [           main] org.hibernate.SQL                        : delete from shift_assignments where id=?
Hibernate: delete from shift_assignments where id=?
2025-10-13T15:13:07.319+09:00 DEBUG 16864 --- [Shift Scheduler Demo] [           main] org.hibernate.SQL                        : delete from shift_assignments where id=?
Hibernate: delete from shift_assignments where id=?
2025-10-13T15:13:07.319+09:00 DEBUG 16864 --- [Shift Scheduler Demo] [           main] org.hibernate.SQL                        : delete from shift_assignments where id=?
Hibernate: delete from shift_assignments where id=?
2025-10-13T15:13:07.319+09:00 DEBUG 16864 --- [Shift Scheduler Demo] [           main] org.hibernate.SQL                        : delete from shift_assignments where id=?
Hibernate: delete from shift_assignments where id=?
2025-10-13T15:13:07.319+09:00 DEBUG 16864 --- [Shift Scheduler Demo] [           main] org.hibernate.SQL                        : delete from shift_assignments where id=?
Hibernate: delete from shift_assignments where id=?
2025-10-13T15:13:07.319+09:00 DEBUG 16864 --- [Shift Scheduler Demo] [           main] org.hibernate.SQL                        : delete from shift_assignments where id=?
Hibernate: delete from shift_assignments where id=?
2025-10-13T15:13:07.319+09:00 DEBUG 16864 --- [Shift Scheduler Demo] [           main] org.hibernate.SQL                        : delete from shift_assignments where id=?
Hibernate: delete from shift_assignments where id=?
2025-10-13T15:13:07.320+09:00 DEBUG 16864 --- [Shift Scheduler Demo] [           main] org.hibernate.SQL                        : delete from shift_assignments where id=?
Hibernate: delete from shift_assignments where id=?
2025-10-13T15:13:07.320+09:00 DEBUG 16864 --- [Shift Scheduler Demo] [           main] org.hibernate.SQL                        : delete from shift_assignments where id=?
Hibernate: delete from shift_assignments where id=?
2025-10-13T15:13:07.320+09:00 DEBUG 16864 --- [Shift Scheduler Demo] [           main] org.hibernate.SQL                        : delete from shift_assignments where id=?
Hibernate: delete from shift_assignments where id=?
2025-10-13T15:13:07.321+09:00 DEBUG 16864 --- [Shift Scheduler Demo] [           main] org.hibernate.SQL                        : delete from shift_assignments where id=?
Hibernate: delete from shift_assignments where id=?
2025-10-13T15:13:07.321+09:00 DEBUG 16864 --- [Shift Scheduler Demo] [           main] org.hibernate.SQL                        : delete from shift_assignments where id=?
Hibernate: delete from shift_assignments where id=?
2025-10-13T15:13:07.321+09:00 DEBUG 16864 --- [Shift Scheduler Demo] [           main] org.hibernate.SQL                        : delete from shift_assignments where id=?
Hibernate: delete from shift_assignments where id=?
2025-10-13T15:13:07.321+09:00 DEBUG 16864 --- [Shift Scheduler Demo] [           main] org.hibernate.SQL                        : delete from shift_assignments where id=?
Hibernate: delete from shift_assignments where id=?
2025-10-13T15:13:07.321+09:00 DEBUG 16864 --- [Shift Scheduler Demo] [           main] org.hibernate.SQL                        : delete from shift_assignments where id=?
Hibernate: delete from shift_assignments where id=?
2025-10-13T15:13:07.321+09:00 DEBUG 16864 --- [Shift Scheduler Demo] [           main] org.hibernate.SQL                        : delete from shift_assignments where id=?
Hibernate: delete from shift_assignments where id=?
2025-10-13T15:13:07.321+09:00 DEBUG 16864 --- [Shift Scheduler Demo] [           main] org.hibernate.SQL                        : delete from shift_assignments where id=?
Hibernate: delete from shift_assignments where id=?
2025-10-13T15:13:07.321+09:00 DEBUG 16864 --- [Shift Scheduler Demo] [           main] org.hibernate.SQL                        : delete from shift_assignments where id=?
Hibernate: delete from shift_assignments where id=?
2025-10-13T15:13:07.323+09:00 DEBUG 16864 --- [Shift Scheduler Demo] [           main] org.hibernate.SQL                        : delete from shift_assignments where id=?
Hibernate: delete from shift_assignments where id=?
2025-10-13T15:13:07.323+09:00 DEBUG 16864 --- [Shift Scheduler Demo] [           main] org.hibernate.SQL                        : delete from shift_assignments where id=?
Hibernate: delete from shift_assignments where id=?
2025-10-13T15:13:07.323+09:00 DEBUG 16864 --- [Shift Scheduler Demo] [           main] org.hibernate.SQL                        : delete from shift_assignments where id=?
Hibernate: delete from shift_assignments where id=?
2025-10-13T15:13:07.323+09:00 DEBUG 16864 --- [Shift Scheduler Demo] [           main] org.hibernate.SQL                        : delete from shift_assignments where id=?
Hibernate: delete from shift_assignments where id=?
2025-10-13T15:13:07.323+09:00 DEBUG 16864 --- [Shift Scheduler Demo] [           main] org.hibernate.SQL                        : delete from shift_assignments where id=?
Hibernate: delete from shift_assignments where id=?
2025-10-13T15:13:07.323+09:00 DEBUG 16864 --- [Shift Scheduler Demo] [           main] org.hibernate.SQL                        : delete from shift_assignments where id=?
Hibernate: delete from shift_assignments where id=?
2025-10-13T15:13:07.323+09:00 DEBUG 16864 --- [Shift Scheduler Demo] [           main] org.hibernate.SQL                        : delete from shift_assignments where id=?
Hibernate: delete from shift_assignments where id=?
2025-10-13T15:13:07.323+09:00 DEBUG 16864 --- [Shift Scheduler Demo] [           main] org.hibernate.SQL                        : delete from shift_assignments where id=?
Hibernate: delete from shift_assignments where id=?
2025-10-13T15:13:07.323+09:00 DEBUG 16864 --- [Shift Scheduler Demo] [           main] org.hibernate.SQL                        : delete from shift_assignments where id=?
Hibernate: delete from shift_assignments where id=?
2025-10-13T15:13:07.323+09:00 DEBUG 16864 --- [Shift Scheduler Demo] [           main] org.hibernate.SQL                        : delete from shift_assignments where id=?
Hibernate: delete from shift_assignments where id=?
2025-10-13T15:13:07.323+09:00 DEBUG 16864 --- [Shift Scheduler Demo] [           main] org.hibernate.SQL                        : delete from shift_assignments where id=?
Hibernate: delete from shift_assignments where id=?
2025-10-13T15:13:07.325+09:00 DEBUG 16864 --- [Shift Scheduler Demo] [           main] org.hibernate.SQL                        : delete from shift_assignments where id=?
Hibernate: delete from shift_assignments where id=?
2025-10-13T15:13:07.325+09:00 DEBUG 16864 --- [Shift Scheduler Demo] [           main] org.hibernate.SQL                        : delete from shift_assignments where id=?
Hibernate: delete from shift_assignments where id=?
2025-10-13T15:13:07.325+09:00 DEBUG 16864 --- [Shift Scheduler Demo] [           main] org.hibernate.SQL                        : delete from shift_assignments where id=?
Hibernate: delete from shift_assignments where id=?
2025-10-13T15:13:07.325+09:00 DEBUG 16864 --- [Shift Scheduler Demo] [           main] org.hibernate.SQL                        : delete from shift_assignments where id=?
Hibernate: delete from shift_assignments where id=?
2025-10-13T15:13:07.325+09:00 DEBUG 16864 --- [Shift Scheduler Demo] [           main] org.hibernate.SQL                        : delete from shift_assignments where id=?
Hibernate: delete from shift_assignments where id=?
2025-10-13T15:13:07.325+09:00 DEBUG 16864 --- [Shift Scheduler Demo] [           main] org.hibernate.SQL                        : delete from shift_assignments where id=?
Hibernate: delete from shift_assignments where id=?
2025-10-13T15:13:07.325+09:00 DEBUG 16864 --- [Shift Scheduler Demo] [           main] org.hibernate.SQL                        : delete from shift_assignments where id=?
Hibernate: delete from shift_assignments where id=?
2025-10-13T15:13:07.325+09:00 DEBUG 16864 --- [Shift Scheduler Demo] [           main] org.hibernate.SQL                        : delete from shift_assignments where id=?
Hibernate: delete from shift_assignments where id=?
2025-10-13T15:13:07.325+09:00 DEBUG 16864 --- [Shift Scheduler Demo] [           main] org.hibernate.SQL                        : delete from shift_assignments where id=?
Hibernate: delete from shift_assignments where id=?
2025-10-13T15:13:07.325+09:00 DEBUG 16864 --- [Shift Scheduler Demo] [           main] org.hibernate.SQL                        : delete from shift_assignments where id=?
Hibernate: delete from shift_assignments where id=?
2025-10-13T15:13:07.325+09:00 DEBUG 16864 --- [Shift Scheduler Demo] [           main] org.hibernate.SQL                        : delete from shift_assignments where id=?
Hibernate: delete from shift_assignments where id=?
2025-10-13T15:13:07.325+09:00 DEBUG 16864 --- [Shift Scheduler Demo] [           main] org.hibernate.SQL                        : delete from shift_assignments where id=?
Hibernate: delete from shift_assignments where id=?
2025-10-13T15:13:07.325+09:00 DEBUG 16864 --- [Shift Scheduler Demo] [           main] org.hibernate.SQL                        : delete from shift_assignments where id=?
Hibernate: delete from shift_assignments where id=?
2025-10-13T15:13:07.325+09:00 DEBUG 16864 --- [Shift Scheduler Demo] [           main] org.hibernate.SQL                        : delete from shift_assignments where id=?
Hibernate: delete from shift_assignments where id=?
2025-10-13T15:13:07.325+09:00 DEBUG 16864 --- [Shift Scheduler Demo] [           main] org.hibernate.SQL                        : delete from shift_assignments where id=?
Hibernate: delete from shift_assignments where id=?
2025-10-13T15:13:07.327+09:00 DEBUG 16864 --- [Shift Scheduler Demo] [           main] org.hibernate.SQL                        : delete from shift_assignments where id=?
Hibernate: delete from shift_assignments where id=?
2025-10-13T15:13:07.327+09:00 DEBUG 16864 --- [Shift Scheduler Demo] [           main] org.hibernate.SQL                        : delete from shift_assignments where id=?
Hibernate: delete from shift_assignments where id=?
2025-10-13T15:13:07.328+09:00 DEBUG 16864 --- [Shift Scheduler Demo] [           main] org.hibernate.SQL                        : delete from shift_assignments where id=?
Hibernate: delete from shift_assignments where id=?
2025-10-13T15:13:07.328+09:00 DEBUG 16864 --- [Shift Scheduler Demo] [           main] org.hibernate.SQL                        : delete from shift_assignments where id=?
Hibernate: delete from shift_assignments where id=?
2025-10-13T15:13:07.328+09:00 DEBUG 16864 --- [Shift Scheduler Demo] [           main] org.hibernate.SQL                        : delete from shift_assignments where id=?
Hibernate: delete from shift_assignments where id=?
2025-10-13T15:13:07.328+09:00 DEBUG 16864 --- [Shift Scheduler Demo] [           main] org.hibernate.SQL                        : delete from shift_assignments where id=?
Hibernate: delete from shift_assignments where id=?
2025-10-13T15:13:07.328+09:00 DEBUG 16864 --- [Shift Scheduler Demo] [           main] org.hibernate.SQL                        : delete from shift_assignments where id=?
Hibernate: delete from shift_assignments where id=?
2025-10-13T15:13:07.328+09:00 DEBUG 16864 --- [Shift Scheduler Demo] [           main] org.hibernate.SQL                        : delete from shift_assignments where id=?
Hibernate: delete from shift_assignments where id=?
2025-10-13T15:13:07.329+09:00 DEBUG 16864 --- [Shift Scheduler Demo] [           main] org.hibernate.SQL                        : delete from shift_assignments where id=?
Hibernate: delete from shift_assignments where id=?
2025-10-13T15:13:07.329+09:00 DEBUG 16864 --- [Shift Scheduler Demo] [           main] org.hibernate.SQL                        : delete from shift_assignments where id=?
Hibernate: delete from shift_assignments where id=?
2025-10-13T15:13:07.329+09:00 DEBUG 16864 --- [Shift Scheduler Demo] [           main] org.hibernate.SQL                        : delete from shift_assignments where id=?
Hibernate: delete from shift_assignments where id=?
2025-10-13T15:13:07.329+09:00 DEBUG 16864 --- [Shift Scheduler Demo] [           main] org.hibernate.SQL                        : delete from shift_assignments where id=?
Hibernate: delete from shift_assignments where id=?
2025-10-13T15:13:07.329+09:00 DEBUG 16864 --- [Shift Scheduler Demo] [           main] org.hibernate.SQL                        : delete from shift_assignments where id=?
Hibernate: delete from shift_assignments where id=?
2025-10-13T15:13:07.329+09:00 DEBUG 16864 --- [Shift Scheduler Demo] [           main] org.hibernate.SQL                        : delete from shift_assignments where id=?
Hibernate: delete from shift_assignments where id=?
2025-10-13T15:13:07.329+09:00 DEBUG 16864 --- [Shift Scheduler Demo] [           main] org.hibernate.SQL                        : delete from shift_assignments where id=?
Hibernate: delete from shift_assignments where id=?
2025-10-13T15:13:07.330+09:00 DEBUG 16864 --- [Shift Scheduler Demo] [           main] org.hibernate.SQL                        : delete from shift_assignments where id=?
Hibernate: delete from shift_assignments where id=?
2025-10-13T15:13:07.330+09:00 DEBUG 16864 --- [Shift Scheduler Demo] [           main] org.hibernate.SQL                        : delete from shift_assignments where id=?
Hibernate: delete from shift_assignments where id=?
2025-10-13T15:13:07.330+09:00 DEBUG 16864 --- [Shift Scheduler Demo] [           main] org.hibernate.SQL                        : delete from shift_assignments where id=?
Hibernate: delete from shift_assignments where id=?
2025-10-13T15:13:07.330+09:00 DEBUG 16864 --- [Shift Scheduler Demo] [           main] org.hibernate.SQL                        : delete from shift_assignments where id=?
Hibernate: delete from shift_assignments where id=?
2025-10-13T15:13:07.330+09:00 DEBUG 16864 --- [Shift Scheduler Demo] [           main] org.hibernate.SQL                        : delete from shift_assignments where id=?
Hibernate: delete from shift_assignments where id=?
2025-10-13T15:13:07.330+09:00 DEBUG 16864 --- [Shift Scheduler Demo] [           main] org.hibernate.SQL                        : delete from shift_assignments where id=?
Hibernate: delete from shift_assignments where id=?
2025-10-13T15:13:07.330+09:00 DEBUG 16864 --- [Shift Scheduler Demo] [           main] org.hibernate.SQL                        : delete from shift_assignments where id=?
Hibernate: delete from shift_assignments where id=?
2025-10-13T15:13:07.330+09:00 DEBUG 16864 --- [Shift Scheduler Demo] [           main] org.hibernate.SQL                        : delete from shift_assignments where id=?
Hibernate: delete from shift_assignments where id=?
2025-10-13T15:13:07.331+09:00 DEBUG 16864 --- [Shift Scheduler Demo] [           main] org.hibernate.SQL                        : delete from shift_assignments where id=?
Hibernate: delete from shift_assignments where id=?
2025-10-13T15:13:07.331+09:00 DEBUG 16864 --- [Shift Scheduler Demo] [           main] org.hibernate.SQL                        : delete from shift_assignments where id=?
Hibernate: delete from shift_assignments where id=?
2025-10-13T15:13:07.331+09:00 DEBUG 16864 --- [Shift Scheduler Demo] [           main] org.hibernate.SQL                        : delete from shift_assignments where id=?
Hibernate: delete from shift_assignments where id=?
2025-10-13T15:13:07.331+09:00 DEBUG 16864 --- [Shift Scheduler Demo] [           main] org.hibernate.SQL                        : delete from shift_assignments where id=?
Hibernate: delete from shift_assignments where id=?
2025-10-13T15:13:07.331+09:00 DEBUG 16864 --- [Shift Scheduler Demo] [           main] org.hibernate.SQL                        : delete from shift_assignments where id=?
Hibernate: delete from shift_assignments where id=?
2025-10-13T15:13:07.331+09:00 DEBUG 16864 --- [Shift Scheduler Demo] [           main] org.hibernate.SQL                        : delete from shift_assignments where id=?
Hibernate: delete from shift_assignments where id=?
2025-10-13T15:13:07.331+09:00 DEBUG 16864 --- [Shift Scheduler Demo] [           main] org.hibernate.SQL                        : delete from shift_assignments where id=?
Hibernate: delete from shift_assignments where id=?
2025-10-13T15:13:07.331+09:00 DEBUG 16864 --- [Shift Scheduler Demo] [           main] org.hibernate.SQL                        : delete from shift_assignments where id=?
Hibernate: delete from shift_assignments where id=?
2025-10-13T15:13:07.332+09:00 DEBUG 16864 --- [Shift Scheduler Demo] [           main] org.hibernate.SQL                        : delete from shift_assignments where id=?
Hibernate: delete from shift_assignments where id=?
2025-10-13T15:13:07.332+09:00 DEBUG 16864 --- [Shift Scheduler Demo] [           main] org.hibernate.SQL                        : delete from shift_assignments where id=?
Hibernate: delete from shift_assignments where id=?
2025-10-13T15:13:07.332+09:00 DEBUG 16864 --- [Shift Scheduler Demo] [           main] org.hibernate.SQL                        : delete from shift_assignments where id=?
Hibernate: delete from shift_assignments where id=?
2025-10-13T15:13:07.332+09:00 DEBUG 16864 --- [Shift Scheduler Demo] [           main] org.hibernate.SQL                        : delete from shift_assignments where id=?
Hibernate: delete from shift_assignments where id=?
2025-10-13T15:13:07.332+09:00 DEBUG 16864 --- [Shift Scheduler Demo] [           main] org.hibernate.SQL                        : delete from shift_assignments where id=?
Hibernate: delete from shift_assignments where id=?
2025-10-13T15:13:07.332+09:00 DEBUG 16864 --- [Shift Scheduler Demo] [           main] org.hibernate.SQL                        : delete from shift_assignments where id=?
Hibernate: delete from shift_assignments where id=?
2025-10-13T15:13:07.332+09:00 DEBUG 16864 --- [Shift Scheduler Demo] [           main] org.hibernate.SQL                        : delete from shift_assignments where id=?
Hibernate: delete from shift_assignments where id=?
2025-10-13T15:13:07.332+09:00 DEBUG 16864 --- [Shift Scheduler Demo] [           main] org.hibernate.SQL                        : delete from shift_assignments where id=?
Hibernate: delete from shift_assignments where id=?
2025-10-13T15:13:07.332+09:00 DEBUG 16864 --- [Shift Scheduler Demo] [           main] org.hibernate.SQL                        : delete from shift_assignments where id=?
Hibernate: delete from shift_assignments where id=?
2025-10-13T15:13:07.332+09:00 DEBUG 16864 --- [Shift Scheduler Demo] [           main] org.hibernate.SQL                        : delete from shift_assignments where id=?
Hibernate: delete from shift_assignments where id=?
2025-10-13T15:13:07.332+09:00 DEBUG 16864 --- [Shift Scheduler Demo] [           main] org.hibernate.SQL                        : delete from shift_assignments where id=?
Hibernate: delete from shift_assignments where id=?
2025-10-13T15:13:07.332+09:00 DEBUG 16864 --- [Shift Scheduler Demo] [           main] org.hibernate.SQL                        : delete from shift_assignments where id=?
Hibernate: delete from shift_assignments where id=?
2025-10-13T15:13:07.333+09:00 DEBUG 16864 --- [Shift Scheduler Demo] [           main] org.hibernate.SQL                        : delete from shift_assignments where id=?
Hibernate: delete from shift_assignments where id=?
2025-10-13T15:13:07.333+09:00 DEBUG 16864 --- [Shift Scheduler Demo] [           main] org.hibernate.SQL                        : delete from employee_constraints where id=?
Hibernate: delete from employee_constraints where id=?
2025-10-13T15:13:07.333+09:00 DEBUG 16864 --- [Shift Scheduler Demo] [           main] org.hibernate.SQL                        : delete from employee_constraints where id=?
Hibernate: delete from employee_constraints where id=?
2025-10-13T15:13:07.333+09:00 DEBUG 16864 --- [Shift Scheduler Demo] [           main] org.hibernate.SQL                        : delete from employee_constraints where id=?
Hibernate: delete from employee_constraints where id=?
2025-10-13T15:13:07.333+09:00 DEBUG 16864 --- [Shift Scheduler Demo] [           main] org.hibernate.SQL                        : delete from employee_constraints where id=?
Hibernate: delete from employee_constraints where id=?
2025-10-13T15:13:07.333+09:00 DEBUG 16864 --- [Shift Scheduler Demo] [           main] org.hibernate.SQL                        : delete from employee_constraints where id=?
Hibernate: delete from employee_constraints where id=?
2025-10-13T15:13:07.334+09:00 DEBUG 16864 --- [Shift Scheduler Demo] [           main] org.hibernate.SQL                        : delete from employee_constraints where id=?
Hibernate: delete from employee_constraints where id=?
2025-10-13T15:13:07.334+09:00 DEBUG 16864 --- [Shift Scheduler Demo] [           main] org.hibernate.SQL                        : delete from employee_constraints where id=?
Hibernate: delete from employee_constraints where id=?
2025-10-13T15:13:07.334+09:00 DEBUG 16864 --- [Shift Scheduler Demo] [           main] org.hibernate.SQL                        : delete from employee_constraints where id=?
Hibernate: delete from employee_constraints where id=?
2025-10-13T15:13:07.334+09:00 DEBUG 16864 --- [Shift Scheduler Demo] [           main] org.hibernate.SQL                        : delete from employee_constraints where id=?
Hibernate: delete from employee_constraints where id=?
2025-10-13T15:13:07.334+09:00 DEBUG 16864 --- [Shift Scheduler Demo] [           main] org.hibernate.SQL                        : delete from employee_constraints where id=?
Hibernate: delete from employee_constraints where id=?
2025-10-13T15:13:07.334+09:00 DEBUG 16864 --- [Shift Scheduler Demo] [           main] org.hibernate.SQL                        : delete from employee_constraints where id=?
Hibernate: delete from employee_constraints where id=?
2025-10-13T15:13:07.334+09:00 DEBUG 16864 --- [Shift Scheduler Demo] [           main] org.hibernate.SQL                        : delete from employee_constraints where id=?
Hibernate: delete from employee_constraints where id=?
2025-10-13T15:13:07.334+09:00 DEBUG 16864 --- [Shift Scheduler Demo] [           main] org.hibernate.SQL                        : delete from employee_constraints where id=?
Hibernate: delete from employee_constraints where id=?
2025-10-13T15:13:07.335+09:00 DEBUG 16864 --- [Shift Scheduler Demo] [           main] org.hibernate.SQL                        : delete from employee_constraints where id=?
Hibernate: delete from employee_constraints where id=?
2025-10-13T15:13:07.335+09:00 DEBUG 16864 --- [Shift Scheduler Demo] [           main] org.hibernate.SQL                        : delete from employee_constraints where id=?
Hibernate: delete from employee_constraints where id=?
2025-10-13T15:13:07.335+09:00 DEBUG 16864 --- [Shift Scheduler Demo] [           main] org.hibernate.SQL                        : delete from employee_constraints where id=?
Hibernate: delete from employee_constraints where id=?
2025-10-13T15:13:07.335+09:00 DEBUG 16864 --- [Shift Scheduler Demo] [           main] org.hibernate.SQL                        : delete from employee_constraints where id=?
Hibernate: delete from employee_constraints where id=?
2025-10-13T15:13:07.335+09:00 DEBUG 16864 --- [Shift Scheduler Demo] [           main] org.hibernate.SQL                        : delete from employee_constraints where id=?
Hibernate: delete from employee_constraints where id=?
2025-10-13T15:13:07.335+09:00 DEBUG 16864 --- [Shift Scheduler Demo] [           main] org.hibernate.SQL                        : delete from employee_constraints where id=?
Hibernate: delete from employee_constraints where id=?
2025-10-13T15:13:07.336+09:00 DEBUG 16864 --- [Shift Scheduler Demo] [           main] org.hibernate.SQL                        : delete from employee_constraints where id=?
Hibernate: delete from employee_constraints where id=?
2025-10-13T15:13:07.336+09:00 DEBUG 16864 --- [Shift Scheduler Demo] [           main] org.hibernate.SQL                        : delete from employee_constraints where id=?
Hibernate: delete from employee_constraints where id=?
2025-10-13T15:13:07.336+09:00 DEBUG 16864 --- [Shift Scheduler Demo] [           main] org.hibernate.SQL                        : delete from employee_constraints where id=?
Hibernate: delete from employee_constraints where id=?
2025-10-13T15:13:07.336+09:00 DEBUG 16864 --- [Shift Scheduler Demo] [           main] org.hibernate.SQL                        : delete from employee_constraints where id=?
Hibernate: delete from employee_constraints where id=?
2025-10-13T15:13:07.336+09:00 DEBUG 16864 --- [Shift Scheduler Demo] [           main] org.hibernate.SQL                        : delete from employee_constraints where id=?
Hibernate: delete from employee_constraints where id=?
2025-10-13T15:13:07.338+09:00 DEBUG 16864 --- [Shift Scheduler Demo] [           main] org.hibernate.SQL                        : delete from employee_constraints where id=?
Hibernate: delete from employee_constraints where id=?
2025-10-13T15:13:07.338+09:00 DEBUG 16864 --- [Shift Scheduler Demo] [           main] org.hibernate.SQL                        : delete from employee_constraints where id=?
Hibernate: delete from employee_constraints where id=?
2025-10-13T15:13:07.340+09:00 DEBUG 16864 --- [Shift Scheduler Demo] [           main] org.hibernate.SQL                        : delete from employee_constraints where id=?
Hibernate: delete from employee_constraints where id=?
2025-10-13T15:13:07.340+09:00 DEBUG 16864 --- [Shift Scheduler Demo] [           main] org.hibernate.SQL                        : delete from employee_constraints where id=?
Hibernate: delete from employee_constraints where id=?
2025-10-13T15:13:07.340+09:00 DEBUG 16864 --- [Shift Scheduler Demo] [           main] org.hibernate.SQL                        : delete from employee_constraints where id=?
Hibernate: delete from employee_constraints where id=?
2025-10-13T15:13:07.340+09:00 DEBUG 16864 --- [Shift Scheduler Demo] [           main] org.hibernate.SQL                        : delete from employee_constraints where id=?
Hibernate: delete from employee_constraints where id=?
2025-10-13T15:13:07.340+09:00 DEBUG 16864 --- [Shift Scheduler Demo] [           main] org.hibernate.SQL                        : delete from employee_constraints where id=?
Hibernate: delete from employee_constraints where id=?
2025-10-13T15:13:07.340+09:00 DEBUG 16864 --- [Shift Scheduler Demo] [           main] org.hibernate.SQL                        : delete from employee_constraints where id=?
Hibernate: delete from employee_constraints where id=?
2025-10-13T15:13:07.340+09:00 DEBUG 16864 --- [Shift Scheduler Demo] [           main] org.hibernate.SQL                        : delete from employee_constraints where id=?
Hibernate: delete from employee_constraints where id=?
2025-10-13T15:13:07.340+09:00 DEBUG 16864 --- [Shift Scheduler Demo] [           main] org.hibernate.SQL                        : delete from employee_constraints where id=?
Hibernate: delete from employee_constraints where id=?
2025-10-13T15:13:07.340+09:00 DEBUG 16864 --- [Shift Scheduler Demo] [           main] org.hibernate.SQL                        : delete from employee_constraints where id=?
Hibernate: delete from employee_constraints where id=?
2025-10-13T15:13:07.340+09:00 DEBUG 16864 --- [Shift Scheduler Demo] [           main] org.hibernate.SQL                        : delete from employee_constraints where id=?
Hibernate: delete from employee_constraints where id=?
2025-10-13T15:13:07.340+09:00 DEBUG 16864 --- [Shift Scheduler Demo] [           main] org.hibernate.SQL                        : delete from employee_constraints where id=?
Hibernate: delete from employee_constraints where id=?
2025-10-13T15:13:07.340+09:00 DEBUG 16864 --- [Shift Scheduler Demo] [           main] org.hibernate.SQL                        : delete from employee_constraints where id=?
Hibernate: delete from employee_constraints where id=?
2025-10-13T15:13:07.340+09:00 DEBUG 16864 --- [Shift Scheduler Demo] [           main] org.hibernate.SQL                        : delete from employee_constraints where id=?
Hibernate: delete from employee_constraints where id=?
2025-10-13T15:13:07.340+09:00 DEBUG 16864 --- [Shift Scheduler Demo] [           main] org.hibernate.SQL                        : delete from employee_constraints where id=?
Hibernate: delete from employee_constraints where id=?
2025-10-13T15:13:07.340+09:00 DEBUG 16864 --- [Shift Scheduler Demo] [           main] org.hibernate.SQL                        : delete from employee_constraints where id=?
Hibernate: delete from employee_constraints where id=?
2025-10-13T15:13:07.340+09:00 DEBUG 16864 --- [Shift Scheduler Demo] [           main] org.hibernate.SQL                        : delete from employee_constraints where id=?
Hibernate: delete from employee_constraints where id=?
2025-10-13T15:13:07.340+09:00 DEBUG 16864 --- [Shift Scheduler Demo] [           main] org.hibernate.SQL                        : delete from employee_constraints where id=?
Hibernate: delete from employee_constraints where id=?
2025-10-13T15:13:07.340+09:00 DEBUG 16864 --- [Shift Scheduler Demo] [           main] org.hibernate.SQL                        : delete from employee_constraints where id=?
Hibernate: delete from employee_constraints where id=?
2025-10-13T15:13:07.340+09:00 DEBUG 16864 --- [Shift Scheduler Demo] [           main] org.hibernate.SQL                        : delete from employee_constraints where id=?
Hibernate: delete from employee_constraints where id=?
2025-10-13T15:13:07.340+09:00 DEBUG 16864 --- [Shift Scheduler Demo] [           main] org.hibernate.SQL                        : delete from employee_constraints where id=?
Hibernate: delete from employee_constraints where id=?
2025-10-13T15:13:07.340+09:00 DEBUG 16864 --- [Shift Scheduler Demo] [           main] org.hibernate.SQL                        : delete from employee_constraints where id=?
Hibernate: delete from employee_constraints where id=?
2025-10-13T15:13:07.340+09:00 DEBUG 16864 --- [Shift Scheduler Demo] [           main] org.hibernate.SQL                        : delete from employee_constraints where id=?
Hibernate: delete from employee_constraints where id=?
2025-10-13T15:13:07.340+09:00 DEBUG 16864 --- [Shift Scheduler Demo] [           main] org.hibernate.SQL                        : delete from employee_constraints where id=?
Hibernate: delete from employee_constraints where id=?
2025-10-13T15:13:07.340+09:00 DEBUG 16864 --- [Shift Scheduler Demo] [           main] org.hibernate.SQL                        : delete from employee_constraints where id=?
Hibernate: delete from employee_constraints where id=?
2025-10-13T15:13:07.340+09:00 DEBUG 16864 --- [Shift Scheduler Demo] [           main] org.hibernate.SQL                        : delete from employee_constraints where id=?
Hibernate: delete from employee_constraints where id=?
2025-10-13T15:13:07.340+09:00 DEBUG 16864 --- [Shift Scheduler Demo] [           main] org.hibernate.SQL                        : delete from employee_constraints where id=?
Hibernate: delete from employee_constraints where id=?
2025-10-13T15:13:07.340+09:00 DEBUG 16864 --- [Shift Scheduler Demo] [           main] org.hibernate.SQL                        : delete from employee_constraints where id=?
Hibernate: delete from employee_constraints where id=?
2025-10-13T15:13:07.340+09:00 DEBUG 16864 --- [Shift Scheduler Demo] [           main] org.hibernate.SQL                        : delete from employee_constraints where id=?
Hibernate: delete from employee_constraints where id=?
2025-10-13T15:13:07.340+09:00 DEBUG 16864 --- [Shift Scheduler Demo] [           main] org.hibernate.SQL                        : delete from employee_constraints where id=?
Hibernate: delete from employee_constraints where id=?
2025-10-13T15:13:07.340+09:00 DEBUG 16864 --- [Shift Scheduler Demo] [           main] org.hibernate.SQL                        : delete from employee_constraints where id=?
Hibernate: delete from employee_constraints where id=?
2025-10-13T15:13:07.340+09:00 DEBUG 16864 --- [Shift Scheduler Demo] [           main] org.hibernate.SQL                        : delete from employee_constraints where id=?
Hibernate: delete from employee_constraints where id=?
2025-10-13T15:13:07.340+09:00 DEBUG 16864 --- [Shift Scheduler Demo] [           main] org.hibernate.SQL                        : delete from employee_constraints where id=?
Hibernate: delete from employee_constraints where id=?
2025-10-13T15:13:07.340+09:00 DEBUG 16864 --- [Shift Scheduler Demo] [           main] org.hibernate.SQL                        : delete from employee_constraints where id=?
Hibernate: delete from employee_constraints where id=?
2025-10-13T15:13:07.340+09:00 DEBUG 16864 --- [Shift Scheduler Demo] [           main] org.hibernate.SQL                        : delete from employee_constraints where id=?
Hibernate: delete from employee_constraints where id=?
2025-10-13T15:13:07.340+09:00 DEBUG 16864 --- [Shift Scheduler Demo] [           main] org.hibernate.SQL                        : delete from employee_constraints where id=?
Hibernate: delete from employee_constraints where id=?
2025-10-13T15:13:07.344+09:00 DEBUG 16864 --- [Shift Scheduler Demo] [           main] org.hibernate.SQL                        : delete from employee_constraints where id=?
Hibernate: delete from employee_constraints where id=?
2025-10-13T15:13:07.344+09:00 DEBUG 16864 --- [Shift Scheduler Demo] [           main] org.hibernate.SQL                        : delete from employee_constraints where id=?
Hibernate: delete from employee_constraints where id=?
2025-10-13T15:13:07.344+09:00 DEBUG 16864 --- [Shift Scheduler Demo] [           main] org.hibernate.SQL                        : delete from employee_constraints where id=?
Hibernate: delete from employee_constraints where id=?
2025-10-13T15:13:07.344+09:00 DEBUG 16864 --- [Shift Scheduler Demo] [           main] org.hibernate.SQL                        : delete from employee_constraints where id=?
Hibernate: delete from employee_constraints where id=?
2025-10-13T15:13:07.344+09:00 DEBUG 16864 --- [Shift Scheduler Demo] [           main] org.hibernate.SQL                        : delete from employee_constraints where id=?
Hibernate: delete from employee_constraints where id=?
2025-10-13T15:13:07.344+09:00 DEBUG 16864 --- [Shift Scheduler Demo] [           main] org.hibernate.SQL                        : delete from employee_constraints where id=?
Hibernate: delete from employee_constraints where id=?
2025-10-13T15:13:07.344+09:00 DEBUG 16864 --- [Shift Scheduler Demo] [           main] org.hibernate.SQL                        : delete from employee_constraints where id=?
Hibernate: delete from employee_constraints where id=?
2025-10-13T15:13:07.345+09:00 DEBUG 16864 --- [Shift Scheduler Demo] [           main] org.hibernate.SQL                        : delete from employee_constraints where id=?
Hibernate: delete from employee_constraints where id=?
2025-10-13T15:13:07.345+09:00 DEBUG 16864 --- [Shift Scheduler Demo] [           main] org.hibernate.SQL                        : delete from employee_constraints where id=?
Hibernate: delete from employee_constraints where id=?
2025-10-13T15:13:07.345+09:00 DEBUG 16864 --- [Shift Scheduler Demo] [           main] org.hibernate.SQL                        : delete from employee_constraints where id=?
Hibernate: delete from employee_constraints where id=?
2025-10-13T15:13:07.345+09:00 DEBUG 16864 --- [Shift Scheduler Demo] [           main] org.hibernate.SQL                        : delete from employee_constraints where id=?
Hibernate: delete from employee_constraints where id=?
2025-10-13T15:13:07.345+09:00 DEBUG 16864 --- [Shift Scheduler Demo] [           main] org.hibernate.SQL                        : delete from employee_constraints where id=?
Hibernate: delete from employee_constraints where id=?
2025-10-13T15:13:07.345+09:00 DEBUG 16864 --- [Shift Scheduler Demo] [           main] org.hibernate.SQL                        : delete from employee_constraints where id=?
Hibernate: delete from employee_constraints where id=?
2025-10-13T15:13:07.345+09:00 DEBUG 16864 --- [Shift Scheduler Demo] [           main] org.hibernate.SQL                        : delete from employee_constraints where id=?
Hibernate: delete from employee_constraints where id=?
2025-10-13T15:13:07.346+09:00 DEBUG 16864 --- [Shift Scheduler Demo] [           main] org.hibernate.SQL                        : select sa1_0.id,sa1_0.employee_id,sa1_0.end_time,sa1_0.shift_name,sa1_0.start_time,sa1_0.work_date from shift_assignments sa1_0 where sa1_0.work_date<? order by sa1_0.work_date desc limit ?
Hibernate: select sa1_0.id,sa1_0.employee_id,sa1_0.end_time,sa1_0.shift_name,sa1_0.start_time,sa1_0.work_date from shift_assignments sa1_0 where sa1_0.work_date<? order by sa1_0.work_date desc limit ?
2025-10-13T15:13:07.365+09:00 DEBUG 16864 --- [Shift Scheduler Demo] [           main] org.hibernate.SQL                        : select sa1_0.id,sa1_0.employee_id,sa1_0.end_time,sa1_0.shift_name,sa1_0.start_time,sa1_0.work_date from shift_assignments sa1_0 where sa1_0.work_date between ? and ?
Hibernate: select sa1_0.id,sa1_0.employee_id,sa1_0.end_time,sa1_0.shift_name,sa1_0.start_time,sa1_0.work_date from shift_assignments sa1_0 where sa1_0.work_date between ? and ?
2025-10-13T15:13:07.365+09:00  INFO 16864 --- [Shift Scheduler Demo] [           main] c.e.shiftv1.schedule.ScheduleService     : 登録従業員数: 30名
2025-10-13T15:13:07.377+09:00 DEBUG 16864 --- [Shift Scheduler Demo] [           main] org.hibernate.SQL                        : select sa1_0.id,sa1_0.employee_id,sa1_0.end_time,sa1_0.shift_name,sa1_0.start_time,sa1_0.work_date from shift_assignments sa1_0 where sa1_0.work_date=?
Hibernate: select sa1_0.id,sa1_0.employee_id,sa1_0.end_time,sa1_0.shift_name,sa1_0.start_time,sa1_0.work_date from shift_assignments sa1_0 where sa1_0.work_date=?
2025-10-13T15:13:07.383+09:00 DEBUG 16864 --- [Shift Scheduler Demo] [           main] org.hibernate.SQL                        : select sa1_0.id,sa1_0.employee_id,sa1_0.end_time,sa1_0.shift_name,sa1_0.start_time,sa1_0.work_date from shift_assignments sa1_0 where sa1_0.work_date=?
Hibernate: select sa1_0.id,sa1_0.employee_id,sa1_0.end_time,sa1_0.shift_name,sa1_0.start_time,sa1_0.work_date from shift_assignments sa1_0 where sa1_0.work_date=?
2025-10-13T15:13:07.390+09:00 DEBUG 16864 --- [Shift Scheduler Demo] [           main] org.hibernate.SQL                        : select sa1_0.id,sa1_0.employee_id,sa1_0.end_time,sa1_0.shift_name,sa1_0.start_time,sa1_0.work_date from shift_assignments sa1_0 where sa1_0.work_date=?
Hibernate: select sa1_0.id,sa1_0.employee_id,sa1_0.end_time,sa1_0.shift_name,sa1_0.start_time,sa1_0.work_date from shift_assignments sa1_0 where sa1_0.work_date=?
2025-10-13T15:13:07.398+09:00 DEBUG 16864 --- [Shift Scheduler Demo] [           main] org.hibernate.SQL                        : select sa1_0.id,sa1_0.employee_id,sa1_0.end_time,sa1_0.shift_name,sa1_0.start_time,sa1_0.work_date from shift_assignments sa1_0 where sa1_0.work_date=?
Hibernate: select sa1_0.id,sa1_0.employee_id,sa1_0.end_time,sa1_0.shift_name,sa1_0.start_time,sa1_0.work_date from shift_assignments sa1_0 where sa1_0.work_date=?
2025-10-13T15:13:07.406+09:00 DEBUG 16864 --- [Shift Scheduler Demo] [           main] org.hibernate.SQL                        : select sa1_0.id,sa1_0.employee_id,sa1_0.end_time,sa1_0.shift_name,sa1_0.start_time,sa1_0.work_date from shift_assignments sa1_0 where sa1_0.work_date=?
Hibernate: select sa1_0.id,sa1_0.employee_id,sa1_0.end_time,sa1_0.shift_name,sa1_0.start_time,sa1_0.work_date from shift_assignments sa1_0 where sa1_0.work_date=?
2025-10-13T15:13:07.420+09:00 DEBUG 16864 --- [Shift Scheduler Demo] [           main] org.hibernate.SQL                        : select sa1_0.id,sa1_0.employee_id,sa1_0.end_time,sa1_0.shift_name,sa1_0.start_time,sa1_0.work_date from shift_assignments sa1_0 where sa1_0.work_date=?
Hibernate: select sa1_0.id,sa1_0.employee_id,sa1_0.end_time,sa1_0.shift_name,sa1_0.start_time,sa1_0.work_date from shift_assignments sa1_0 where sa1_0.work_date=?
2025-10-13T15:13:07.438+09:00 DEBUG 16864 --- [Shift Scheduler Demo] [           main] org.hibernate.SQL                        : select sa1_0.id,sa1_0.employee_id,sa1_0.end_time,sa1_0.shift_name,sa1_0.start_time,sa1_0.work_date from shift_assignments sa1_0 where sa1_0.work_date=?
Hibernate: select sa1_0.id,sa1_0.employee_id,sa1_0.end_time,sa1_0.shift_name,sa1_0.start_time,sa1_0.work_date from shift_assignments sa1_0 where sa1_0.work_date=?
2025-10-13T15:13:07.447+09:00 DEBUG 16864 --- [Shift Scheduler Demo] [           main] org.hibernate.SQL                        : select sa1_0.id,sa1_0.employee_id,sa1_0.end_time,sa1_0.shift_name,sa1_0.start_time,sa1_0.work_date from shift_assignments sa1_0 where sa1_0.work_date=?
Hibernate: select sa1_0.id,sa1_0.employee_id,sa1_0.end_time,sa1_0.shift_name,sa1_0.start_time,sa1_0.work_date from shift_assignments sa1_0 where sa1_0.work_date=?
2025-10-13T15:13:07.447+09:00 DEBUG 16864 --- [Shift Scheduler Demo] [           main] org.hibernate.SQL                        : select sa1_0.id,sa1_0.employee_id,sa1_0.end_time,sa1_0.shift_name,sa1_0.start_time,sa1_0.work_date from shift_assignments sa1_0 where sa1_0.work_date=?
Hibernate: select sa1_0.id,sa1_0.employee_id,sa1_0.end_time,sa1_0.shift_name,sa1_0.start_time,sa1_0.work_date from shift_assignments sa1_0 where sa1_0.work_date=?
2025-10-13T15:13:07.456+09:00 DEBUG 16864 --- [Shift Scheduler Demo] [           main] org.hibernate.SQL                        : select sa1_0.id,sa1_0.employee_id,sa1_0.end_time,sa1_0.shift_name,sa1_0.start_time,sa1_0.work_date from shift_assignments sa1_0 where sa1_0.work_date=?
Hibernate: select sa1_0.id,sa1_0.employee_id,sa1_0.end_time,sa1_0.shift_name,sa1_0.start_time,sa1_0.work_date from shift_assignments sa1_0 where sa1_0.work_date=?
2025-10-13T15:13:07.461+09:00 DEBUG 16864 --- [Shift Scheduler Demo] [           main] org.hibernate.SQL                        : select sa1_0.id,sa1_0.employee_id,sa1_0.end_time,sa1_0.shift_name,sa1_0.start_time,sa1_0.work_date from shift_assignments sa1_0 where sa1_0.work_date=?
Hibernate: select sa1_0.id,sa1_0.employee_id,sa1_0.end_time,sa1_0.shift_name,sa1_0.start_time,sa1_0.work_date from shift_assignments sa1_0 where sa1_0.work_date=?
2025-10-13T15:13:07.465+09:00 DEBUG 16864 --- [Shift Scheduler Demo] [           main] org.hibernate.SQL                        : select sa1_0.id,sa1_0.employee_id,sa1_0.end_time,sa1_0.shift_name,sa1_0.start_time,sa1_0.work_date from shift_assignments sa1_0 where sa1_0.work_date=?
Hibernate: select sa1_0.id,sa1_0.employee_id,sa1_0.end_time,sa1_0.shift_name,sa1_0.start_time,sa1_0.work_date from shift_assignments sa1_0 where sa1_0.work_date=?
2025-10-13T15:13:07.468+09:00 DEBUG 16864 --- [Shift Scheduler Demo] [           main] org.hibernate.SQL                        : select sa1_0.id,sa1_0.employee_id,sa1_0.end_time,sa1_0.shift_name,sa1_0.start_time,sa1_0.work_date from shift_assignments sa1_0 where sa1_0.work_date=?
Hibernate: select sa1_0.id,sa1_0.employee_id,sa1_0.end_time,sa1_0.shift_name,sa1_0.start_time,sa1_0.work_date from shift_assignments sa1_0 where sa1_0.work_date=?
2025-10-13T15:13:07.472+09:00 DEBUG 16864 --- [Shift Scheduler Demo] [           main] org.hibernate.SQL                        : select sa1_0.id,sa1_0.employee_id,sa1_0.end_time,sa1_0.shift_name,sa1_0.start_time,sa1_0.work_date from shift_assignments sa1_0 where sa1_0.work_date=?
Hibernate: select sa1_0.id,sa1_0.employee_id,sa1_0.end_time,sa1_0.shift_name,sa1_0.start_time,sa1_0.work_date from shift_assignments sa1_0 where sa1_0.work_date=?
2025-10-13T15:13:07.475+09:00 DEBUG 16864 --- [Shift Scheduler Demo] [           main] org.hibernate.SQL                        : select sa1_0.id,sa1_0.employee_id,sa1_0.end_time,sa1_0.shift_name,sa1_0.start_time,sa1_0.work_date from shift_assignments sa1_0 where sa1_0.work_date=?
Hibernate: select sa1_0.id,sa1_0.employee_id,sa1_0.end_time,sa1_0.shift_name,sa1_0.start_time,sa1_0.work_date from shift_assignments sa1_0 where sa1_0.work_date=?
2025-10-13T15:13:07.478+09:00 DEBUG 16864 --- [Shift Scheduler Demo] [           main] org.hibernate.SQL                        : select sa1_0.id,sa1_0.employee_id,sa1_0.end_time,sa1_0.shift_name,sa1_0.start_time,sa1_0.work_date from shift_assignments sa1_0 where sa1_0.work_date=?
Hibernate: select sa1_0.id,sa1_0.employee_id,sa1_0.end_time,sa1_0.shift_name,sa1_0.start_time,sa1_0.work_date from shift_assignments sa1_0 where sa1_0.work_date=?
2025-10-13T15:13:07.481+09:00 DEBUG 16864 --- [Shift Scheduler Demo] [           main] org.hibernate.SQL                        : select sa1_0.id,sa1_0.employee_id,sa1_0.end_time,sa1_0.shift_name,sa1_0.start_time,sa1_0.work_date from shift_assignments sa1_0 where sa1_0.work_date=?
Hibernate: select sa1_0.id,sa1_0.employee_id,sa1_0.end_time,sa1_0.shift_name,sa1_0.start_time,sa1_0.work_date from shift_assignments sa1_0 where sa1_0.work_date=?
2025-10-13T15:13:07.484+09:00 DEBUG 16864 --- [Shift Scheduler Demo] [           main] org.hibernate.SQL                        : select sa1_0.id,sa1_0.employee_id,sa1_0.end_time,sa1_0.shift_name,sa1_0.start_time,sa1_0.work_date from shift_assignments sa1_0 where sa1_0.work_date=?
Hibernate: select sa1_0.id,sa1_0.employee_id,sa1_0.end_time,sa1_0.shift_name,sa1_0.start_time,sa1_0.work_date from shift_assignments sa1_0 where sa1_0.work_date=?
2025-10-13T15:13:07.487+09:00 DEBUG 16864 --- [Shift Scheduler Demo] [           main] org.hibernate.SQL                        : select sa1_0.id,sa1_0.employee_id,sa1_0.end_time,sa1_0.shift_name,sa1_0.start_time,sa1_0.work_date from shift_assignments sa1_0 where sa1_0.work_date=?
Hibernate: select sa1_0.id,sa1_0.employee_id,sa1_0.end_time,sa1_0.shift_name,sa1_0.start_time,sa1_0.work_date from shift_assignments sa1_0 where sa1_0.work_date=?
2025-10-13T15:13:07.489+09:00 DEBUG 16864 --- [Shift Scheduler Demo] [           main] org.hibernate.SQL                        : select sa1_0.id,sa1_0.employee_id,sa1_0.end_time,sa1_0.shift_name,sa1_0.start_time,sa1_0.work_date from shift_assignments sa1_0 where sa1_0.work_date=?
Hibernate: select sa1_0.id,sa1_0.employee_id,sa1_0.end_time,sa1_0.shift_name,sa1_0.start_time,sa1_0.work_date from shift_assignments sa1_0 where sa1_0.work_date=?
2025-10-13T15:13:07.491+09:00 DEBUG 16864 --- [Shift Scheduler Demo] [           main] org.hibernate.SQL                        : select sa1_0.id,sa1_0.employee_id,sa1_0.end_time,sa1_0.shift_name,sa1_0.start_time,sa1_0.work_date from shift_assignments sa1_0 where sa1_0.work_date=?
Hibernate: select sa1_0.id,sa1_0.employee_id,sa1_0.end_time,sa1_0.shift_name,sa1_0.start_time,sa1_0.work_date from shift_assignments sa1_0 where sa1_0.work_date=?
2025-10-13T15:13:07.494+09:00 DEBUG 16864 --- [Shift Scheduler Demo] [           main] org.hibernate.SQL                        : select sa1_0.id,sa1_0.employee_id,sa1_0.end_time,sa1_0.shift_name,sa1_0.start_time,sa1_0.work_date from shift_assignments sa1_0 where sa1_0.work_date=?
Hibernate: select sa1_0.id,sa1_0.employee_id,sa1_0.end_time,sa1_0.shift_name,sa1_0.start_time,sa1_0.work_date from shift_assignments sa1_0 where sa1_0.work_date=?
2025-10-13T15:13:07.495+09:00 DEBUG 16864 --- [Shift Scheduler Demo] [           main] org.hibernate.SQL                        : select sa1_0.id,sa1_0.employee_id,sa1_0.end_time,sa1_0.shift_name,sa1_0.start_time,sa1_0.work_date from shift_assignments sa1_0 where sa1_0.work_date=?
Hibernate: select sa1_0.id,sa1_0.employee_id,sa1_0.end_time,sa1_0.shift_name,sa1_0.start_time,sa1_0.work_date from shift_assignments sa1_0 where sa1_0.work_date=?
2025-10-13T15:13:07.497+09:00 DEBUG 16864 --- [Shift Scheduler Demo] [           main] org.hibernate.SQL                        : select sa1_0.id,sa1_0.employee_id,sa1_0.end_time,sa1_0.shift_name,sa1_0.start_time,sa1_0.work_date from shift_assignments sa1_0 where sa1_0.work_date=?
Hibernate: select sa1_0.id,sa1_0.employee_id,sa1_0.end_time,sa1_0.shift_name,sa1_0.start_time,sa1_0.work_date from shift_assignments sa1_0 where sa1_0.work_date=?
2025-10-13T15:13:07.499+09:00 DEBUG 16864 --- [Shift Scheduler Demo] [           main] org.hibernate.SQL                        : select sa1_0.id,sa1_0.employee_id,sa1_0.end_time,sa1_0.shift_name,sa1_0.start_time,sa1_0.work_date from shift_assignments sa1_0 where sa1_0.work_date=?
Hibernate: select sa1_0.id,sa1_0.employee_id,sa1_0.end_time,sa1_0.shift_name,sa1_0.start_time,sa1_0.work_date from shift_assignments sa1_0 where sa1_0.work_date=?
2025-10-13T15:13:07.501+09:00 DEBUG 16864 --- [Shift Scheduler Demo] [           main] org.hibernate.SQL                        : select sa1_0.id,sa1_0.employee_id,sa1_0.end_time,sa1_0.shift_name,sa1_0.start_time,sa1_0.work_date from shift_assignments sa1_0 where sa1_0.work_date=?
Hibernate: select sa1_0.id,sa1_0.employee_id,sa1_0.end_time,sa1_0.shift_name,sa1_0.start_time,sa1_0.work_date from shift_assignments sa1_0 where sa1_0.work_date=?
2025-10-13T15:13:07.502+09:00 DEBUG 16864 --- [Shift Scheduler Demo] [           main] org.hibernate.SQL                        : select sa1_0.id,sa1_0.employee_id,sa1_0.end_time,sa1_0.shift_name,sa1_0.start_time,sa1_0.work_date from shift_assignments sa1_0 where sa1_0.work_date=?
Hibernate: select sa1_0.id,sa1_0.employee_id,sa1_0.end_time,sa1_0.shift_name,sa1_0.start_time,sa1_0.work_date from shift_assignments sa1_0 where sa1_0.work_date=?
2025-10-13T15:13:07.504+09:00 DEBUG 16864 --- [Shift Scheduler Demo] [           main] org.hibernate.SQL                        : select sa1_0.id,sa1_0.employee_id,sa1_0.end_time,sa1_0.shift_name,sa1_0.start_time,sa1_0.work_date from shift_assignments sa1_0 where sa1_0.work_date=?
Hibernate: select sa1_0.id,sa1_0.employee_id,sa1_0.end_time,sa1_0.shift_name,sa1_0.start_time,sa1_0.work_date from shift_assignments sa1_0 where sa1_0.work_date=?
2025-10-13T15:13:07.507+09:00 DEBUG 16864 --- [Shift Scheduler Demo] [           main] org.hibernate.SQL                        : select sa1_0.id,sa1_0.employee_id,sa1_0.end_time,sa1_0.shift_name,sa1_0.start_time,sa1_0.work_date from shift_assignments sa1_0 where sa1_0.work_date=?
Hibernate: select sa1_0.id,sa1_0.employee_id,sa1_0.end_time,sa1_0.shift_name,sa1_0.start_time,sa1_0.work_date from shift_assignments sa1_0 where sa1_0.work_date=?
2025-10-13T15:13:07.510+09:00 DEBUG 16864 --- [Shift Scheduler Demo] [           main] org.hibernate.SQL                        : select sa1_0.id,sa1_0.employee_id,sa1_0.end_time,sa1_0.shift_name,sa1_0.start_time,sa1_0.work_date from shift_assignments sa1_0 where sa1_0.work_date=?
Hibernate: select sa1_0.id,sa1_0.employee_id,sa1_0.end_time,sa1_0.shift_name,sa1_0.start_time,sa1_0.work_date from shift_assignments sa1_0 where sa1_0.work_date=?
2025-10-13T15:13:07.513+09:00 DEBUG 16864 --- [Shift Scheduler Demo] [           main] org.hibernate.SQL                        : select sa1_0.id,sa1_0.employee_id,sa1_0.end_time,sa1_0.shift_name,sa1_0.start_time,sa1_0.work_date from shift_assignments sa1_0 where sa1_0.work_date=?
Hibernate: select sa1_0.id,sa1_0.employee_id,sa1_0.end_time,sa1_0.shift_name,sa1_0.start_time,sa1_0.work_date from shift_assignments sa1_0 where sa1_0.work_date=?
2025-10-13T15:13:07.514+09:00  INFO 16864 --- [Shift Scheduler Demo] [           main] c.e.shiftv1.schedule.ScheduleService     : 既存のシフト割り当てを削除しました: 2024-07-01 から 2024-07-31
2025-10-13T15:13:07.517+09:00 DEBUG 16864 --- [Shift Scheduler Demo] [           main] org.hibernate.SQL                        : select sc1_0.id,sc1_0.is_active,sc1_0.created_at,sc1_0.end_time,sc1_0.name,sc1_0.required_employees,sc1_0.start_time,sc1_0.updated_at,sc1_0.is_weekend from shift_config sc1_0 where sc1_0.is_active=1
Hibernate: select sc1_0.id,sc1_0.is_active,sc1_0.created_at,sc1_0.end_time,sc1_0.name,sc1_0.required_employees,sc1_0.start_time,sc1_0.updated_at,sc1_0.is_weekend from shift_config sc1_0 where sc1_0.is_active=1
2025-10-13T15:13:07.525+09:00 DEBUG 16864 --- [Shift Scheduler Demo] [           main] org.hibernate.SQL                        : select ec1_0.id,ec1_0.is_active,ec1_0.created_at,ec1_0.date,ec1_0.employee_id,ec1_0.end_time,ec1_0.reason,ec1_0.start_time,ec1_0.type,ec1_0.updated_at from employee_constraints ec1_0 where ec1_0.date between ? and ? and ec1_0.is_active=1
Hibernate: select ec1_0.id,ec1_0.is_active,ec1_0.created_at,ec1_0.date,ec1_0.employee_id,ec1_0.end_time,ec1_0.reason,ec1_0.start_time,ec1_0.type,ec1_0.updated_at from employee_constraints ec1_0 where ec1_0.date between ? and ? and ec1_0.is_active=1
2025-10-13T15:13:07.625+09:00 DEBUG 16864 --- [Shift Scheduler Demo] [           main] org.hibernate.SQL                        : insert into shift_assignments (employee_id,end_time,shift_name,start_time,work_date) values (?,?,?,?,?)
Hibernate: insert into shift_assignments (employee_id,end_time,shift_name,start_time,work_date) values (?,?,?,?,?)
2025-10-13T15:13:07.625+09:00 DEBUG 16864 --- [Shift Scheduler Demo] [           main] org.hibernate.SQL                        : select last_insert_rowid()
Hibernate: select last_insert_rowid()
2025-10-13T15:13:07.626+09:00 DEBUG 16864 --- [Shift Scheduler Demo] [           main] org.hibernate.SQL                        : insert into shift_assignments (employee_id,end_time,shift_name,start_time,work_date) values (?,?,?,?,?)
Hibernate: insert into shift_assignments (employee_id,end_time,shift_name,start_time,work_date) values (?,?,?,?,?)
2025-10-13T15:13:07.627+09:00 DEBUG 16864 --- [Shift Scheduler Demo] [           main] org.hibernate.SQL                        : select last_insert_rowid()
Hibernate: select last_insert_rowid()
2025-10-13T15:13:07.627+09:00 DEBUG 16864 --- [Shift Scheduler Demo] [           main] org.hibernate.SQL                        : insert into shift_assignments (employee_id,end_time,shift_name,start_time,work_date) values (?,?,?,?,?)
Hibernate: insert into shift_assignments (employee_id,end_time,shift_name,start_time,work_date) values (?,?,?,?,?)
2025-10-13T15:13:07.628+09:00 DEBUG 16864 --- [Shift Scheduler Demo] [           main] org.hibernate.SQL                        : select last_insert_rowid()
Hibernate: select last_insert_rowid()
2025-10-13T15:13:07.628+09:00 DEBUG 16864 --- [Shift Scheduler Demo] [           main] org.hibernate.SQL                        : insert into shift_assignments (employee_id,end_time,shift_name,start_time,work_date) values (?,?,?,?,?)
Hibernate: insert into shift_assignments (employee_id,end_time,shift_name,start_time,work_date) values (?,?,?,?,?)
2025-10-13T15:13:07.628+09:00 DEBUG 16864 --- [Shift Scheduler Demo] [           main] org.hibernate.SQL                        : select last_insert_rowid()
Hibernate: select last_insert_rowid()
2025-10-13T15:13:07.629+09:00 DEBUG 16864 --- [Shift Scheduler Demo] [           main] org.hibernate.SQL                        : insert into shift_assignments (employee_id,end_time,shift_name,start_time,work_date) values (?,?,?,?,?)
Hibernate: insert into shift_assignments (employee_id,end_time,shift_name,start_time,work_date) values (?,?,?,?,?)
2025-10-13T15:13:07.629+09:00 DEBUG 16864 --- [Shift Scheduler Demo] [           main] org.hibernate.SQL                        : select last_insert_rowid()
Hibernate: select last_insert_rowid()
2025-10-13T15:13:07.630+09:00 DEBUG 16864 --- [Shift Scheduler Demo] [           main] org.hibernate.SQL                        : insert into shift_assignments (employee_id,end_time,shift_name,start_time,work_date) values (?,?,?,?,?)
Hibernate: insert into shift_assignments (employee_id,end_time,shift_name,start_time,work_date) values (?,?,?,?,?)
2025-10-13T15:13:07.630+09:00 DEBUG 16864 --- [Shift Scheduler Demo] [           main] org.hibernate.SQL                        : select last_insert_rowid()
Hibernate: select last_insert_rowid()
2025-10-13T15:13:07.631+09:00 DEBUG 16864 --- [Shift Scheduler Demo] [           main] org.hibernate.SQL                        : insert into shift_assignments (employee_id,end_time,shift_name,start_time,work_date) values (?,?,?,?,?)
Hibernate: insert into shift_assignments (employee_id,end_time,shift_name,start_time,work_date) values (?,?,?,?,?)
2025-10-13T15:13:07.631+09:00 DEBUG 16864 --- [Shift Scheduler Demo] [           main] org.hibernate.SQL                        : select last_insert_rowid()
Hibernate: select last_insert_rowid()
2025-10-13T15:13:07.632+09:00 DEBUG 16864 --- [Shift Scheduler Demo] [           main] org.hibernate.SQL                        : insert into shift_assignments (employee_id,end_time,shift_name,start_time,work_date) values (?,?,?,?,?)
Hibernate: insert into shift_assignments (employee_id,end_time,shift_name,start_time,work_date) values (?,?,?,?,?)
2025-10-13T15:13:07.632+09:00 DEBUG 16864 --- [Shift Scheduler Demo] [           main] org.hibernate.SQL                        : select last_insert_rowid()
Hibernate: select last_insert_rowid()
2025-10-13T15:13:07.633+09:00 DEBUG 16864 --- [Shift Scheduler Demo] [           main] org.hibernate.SQL                        : insert into shift_assignments (employee_id,end_time,shift_name,start_time,work_date) values (?,?,?,?,?)
Hibernate: insert into shift_assignments (employee_id,end_time,shift_name,start_time,work_date) values (?,?,?,?,?)
2025-10-13T15:13:07.633+09:00 DEBUG 16864 --- [Shift Scheduler Demo] [           main] org.hibernate.SQL                        : select last_insert_rowid()
Hibernate: select last_insert_rowid()
2025-10-13T15:13:07.634+09:00 DEBUG 16864 --- [Shift Scheduler Demo] [           main] org.hibernate.SQL                        : insert into shift_assignments (employee_id,end_time,shift_name,start_time,work_date) values (?,?,?,?,?)
Hibernate: insert into shift_assignments (employee_id,end_time,shift_name,start_time,work_date) values (?,?,?,?,?)
2025-10-13T15:13:07.634+09:00 DEBUG 16864 --- [Shift Scheduler Demo] [           main] org.hibernate.SQL                        : select last_insert_rowid()
Hibernate: select last_insert_rowid()
2025-10-13T15:13:07.634+09:00 DEBUG 16864 --- [Shift Scheduler Demo] [           main] org.hibernate.SQL                        : insert into shift_assignments (employee_id,end_time,shift_name,start_time,work_date) values (?,?,?,?,?)
Hibernate: insert into shift_assignments (employee_id,end_time,shift_name,start_time,work_date) values (?,?,?,?,?)
2025-10-13T15:13:07.635+09:00 DEBUG 16864 --- [Shift Scheduler Demo] [           main] org.hibernate.SQL                        : select last_insert_rowid()
Hibernate: select last_insert_rowid()
2025-10-13T15:13:07.635+09:00 DEBUG 16864 --- [Shift Scheduler Demo] [           main] org.hibernate.SQL                        : insert into shift_assignments (employee_id,end_time,shift_name,start_time,work_date) values (?,?,?,?,?)
Hibernate: insert into shift_assignments (employee_id,end_time,shift_name,start_time,work_date) values (?,?,?,?,?)
2025-10-13T15:13:07.636+09:00 DEBUG 16864 --- [Shift Scheduler Demo] [           main] org.hibernate.SQL                        : select last_insert_rowid()
Hibernate: select last_insert_rowid()
2025-10-13T15:13:07.637+09:00 DEBUG 16864 --- [Shift Scheduler Demo] [           main] org.hibernate.SQL                        : insert into shift_assignments (employee_id,end_time,shift_name,start_time,work_date) values (?,?,?,?,?)
Hibernate: insert into shift_assignments (employee_id,end_time,shift_name,start_time,work_date) values (?,?,?,?,?)
2025-10-13T15:13:07.638+09:00 DEBUG 16864 --- [Shift Scheduler Demo] [           main] org.hibernate.SQL                        : select last_insert_rowid()
Hibernate: select last_insert_rowid()
2025-10-13T15:13:07.639+09:00 DEBUG 16864 --- [Shift Scheduler Demo] [           main] org.hibernate.SQL                        : insert into shift_assignments (employee_id,end_time,shift_name,start_time,work_date) values (?,?,?,?,?)
Hibernate: insert into shift_assignments (employee_id,end_time,shift_name,start_time,work_date) values (?,?,?,?,?)
2025-10-13T15:13:07.639+09:00 DEBUG 16864 --- [Shift Scheduler Demo] [           main] org.hibernate.SQL                        : select last_insert_rowid()
Hibernate: select last_insert_rowid()
2025-10-13T15:13:07.639+09:00 DEBUG 16864 --- [Shift Scheduler Demo] [           main] org.hibernate.SQL                        : insert into shift_assignments (employee_id,end_time,shift_name,start_time,work_date) values (?,?,?,?,?)
Hibernate: insert into shift_assignments (employee_id,end_time,shift_name,start_time,work_date) values (?,?,?,?,?)
2025-10-13T15:13:07.640+09:00 DEBUG 16864 --- [Shift Scheduler Demo] [           main] org.hibernate.SQL                        : select last_insert_rowid()
Hibernate: select last_insert_rowid()
2025-10-13T15:13:07.640+09:00 DEBUG 16864 --- [Shift Scheduler Demo] [           main] org.hibernate.SQL                        : insert into shift_assignments (employee_id,end_time,shift_name,start_time,work_date) values (?,?,?,?,?)
Hibernate: insert into shift_assignments (employee_id,end_time,shift_name,start_time,work_date) values (?,?,?,?,?)
2025-10-13T15:13:07.640+09:00 DEBUG 16864 --- [Shift Scheduler Demo] [           main] org.hibernate.SQL                        : select last_insert_rowid()
Hibernate: select last_insert_rowid()
2025-10-13T15:13:07.641+09:00 DEBUG 16864 --- [Shift Scheduler Demo] [           main] org.hibernate.SQL                        : insert into shift_assignments (employee_id,end_time,shift_name,start_time,work_date) values (?,?,?,?,?)
Hibernate: insert into shift_assignments (employee_id,end_time,shift_name,start_time,work_date) values (?,?,?,?,?)
2025-10-13T15:13:07.641+09:00 DEBUG 16864 --- [Shift Scheduler Demo] [           main] org.hibernate.SQL                        : select last_insert_rowid()
Hibernate: select last_insert_rowid()
2025-10-13T15:13:07.641+09:00 DEBUG 16864 --- [Shift Scheduler Demo] [           main] org.hibernate.SQL                        : insert into shift_assignments (employee_id,end_time,shift_name,start_time,work_date) values (?,?,?,?,?)
Hibernate: insert into shift_assignments (employee_id,end_time,shift_name,start_time,work_date) values (?,?,?,?,?)
2025-10-13T15:13:07.641+09:00 DEBUG 16864 --- [Shift Scheduler Demo] [           main] org.hibernate.SQL                        : select last_insert_rowid()
Hibernate: select last_insert_rowid()
2025-10-13T15:13:07.641+09:00 DEBUG 16864 --- [Shift Scheduler Demo] [           main] org.hibernate.SQL                        : insert into shift_assignments (employee_id,end_time,shift_name,start_time,work_date) values (?,?,?,?,?)
Hibernate: insert into shift_assignments (employee_id,end_time,shift_name,start_time,work_date) values (?,?,?,?,?)
2025-10-13T15:13:07.642+09:00 DEBUG 16864 --- [Shift Scheduler Demo] [           main] org.hibernate.SQL                        : select last_insert_rowid()
Hibernate: select last_insert_rowid()
2025-10-13T15:13:07.642+09:00 DEBUG 16864 --- [Shift Scheduler Demo] [           main] org.hibernate.SQL                        : insert into shift_assignments (employee_id,end_time,shift_name,start_time,work_date) values (?,?,?,?,?)
Hibernate: insert into shift_assignments (employee_id,end_time,shift_name,start_time,work_date) values (?,?,?,?,?)
2025-10-13T15:13:07.642+09:00 DEBUG 16864 --- [Shift Scheduler Demo] [           main] org.hibernate.SQL                        : select last_insert_rowid()
Hibernate: select last_insert_rowid()
2025-10-13T15:13:07.642+09:00 DEBUG 16864 --- [Shift Scheduler Demo] [           main] org.hibernate.SQL                        : insert into shift_assignments (employee_id,end_time,shift_name,start_time,work_date) values (?,?,?,?,?)
Hibernate: insert into shift_assignments (employee_id,end_time,shift_name,start_time,work_date) values (?,?,?,?,?)
2025-10-13T15:13:07.644+09:00 DEBUG 16864 --- [Shift Scheduler Demo] [           main] org.hibernate.SQL                        : select last_insert_rowid()
Hibernate: select last_insert_rowid()
2025-10-13T15:13:07.644+09:00 DEBUG 16864 --- [Shift Scheduler Demo] [           main] org.hibernate.SQL                        : insert into shift_assignments (employee_id,end_time,shift_name,start_time,work_date) values (?,?,?,?,?)
Hibernate: insert into shift_assignments (employee_id,end_time,shift_name,start_time,work_date) values (?,?,?,?,?)
2025-10-13T15:13:07.645+09:00 DEBUG 16864 --- [Shift Scheduler Demo] [           main] org.hibernate.SQL                        : select last_insert_rowid()
Hibernate: select last_insert_rowid()
2025-10-13T15:13:07.645+09:00 DEBUG 16864 --- [Shift Scheduler Demo] [           main] org.hibernate.SQL                        : insert into shift_assignments (employee_id,end_time,shift_name,start_time,work_date) values (?,?,?,?,?)
Hibernate: insert into shift_assignments (employee_id,end_time,shift_name,start_time,work_date) values (?,?,?,?,?)
2025-10-13T15:13:07.645+09:00 DEBUG 16864 --- [Shift Scheduler Demo] [           main] org.hibernate.SQL                        : select last_insert_rowid()
Hibernate: select last_insert_rowid()
2025-10-13T15:13:07.645+09:00 DEBUG 16864 --- [Shift Scheduler Demo] [           main] org.hibernate.SQL                        : insert into shift_assignments (employee_id,end_time,shift_name,start_time,work_date) values (?,?,?,?,?)
Hibernate: insert into shift_assignments (employee_id,end_time,shift_name,start_time,work_date) values (?,?,?,?,?)
2025-10-13T15:13:07.646+09:00 DEBUG 16864 --- [Shift Scheduler Demo] [           main] org.hibernate.SQL                        : select last_insert_rowid()
Hibernate: select last_insert_rowid()
2025-10-13T15:13:07.646+09:00 DEBUG 16864 --- [Shift Scheduler Demo] [           main] org.hibernate.SQL                        : insert into shift_assignments (employee_id,end_time,shift_name,start_time,work_date) values (?,?,?,?,?)
Hibernate: insert into shift_assignments (employee_id,end_time,shift_name,start_time,work_date) values (?,?,?,?,?)
2025-10-13T15:13:07.646+09:00 DEBUG 16864 --- [Shift Scheduler Demo] [           main] org.hibernate.SQL                        : select last_insert_rowid()
Hibernate: select last_insert_rowid()
2025-10-13T15:13:07.647+09:00 DEBUG 16864 --- [Shift Scheduler Demo] [           main] org.hibernate.SQL                        : insert into shift_assignments (employee_id,end_time,shift_name,start_time,work_date) values (?,?,?,?,?)
Hibernate: insert into shift_assignments (employee_id,end_time,shift_name,start_time,work_date) values (?,?,?,?,?)
2025-10-13T15:13:07.647+09:00 DEBUG 16864 --- [Shift Scheduler Demo] [           main] org.hibernate.SQL                        : select last_insert_rowid()
Hibernate: select last_insert_rowid()
2025-10-13T15:13:07.647+09:00 DEBUG 16864 --- [Shift Scheduler Demo] [           main] org.hibernate.SQL                        : insert into shift_assignments (employee_id,end_time,shift_name,start_time,work_date) values (?,?,?,?,?)
Hibernate: insert into shift_assignments (employee_id,end_time,shift_name,start_time,work_date) values (?,?,?,?,?)
2025-10-13T15:13:07.648+09:00 DEBUG 16864 --- [Shift Scheduler Demo] [           main] org.hibernate.SQL                        : select last_insert_rowid()
Hibernate: select last_insert_rowid()
2025-10-13T15:13:07.648+09:00 DEBUG 16864 --- [Shift Scheduler Demo] [           main] org.hibernate.SQL                        : insert into shift_assignments (employee_id,end_time,shift_name,start_time,work_date) values (?,?,?,?,?)
Hibernate: insert into shift_assignments (employee_id,end_time,shift_name,start_time,work_date) values (?,?,?,?,?)
2025-10-13T15:13:07.648+09:00 DEBUG 16864 --- [Shift Scheduler Demo] [           main] org.hibernate.SQL                        : select last_insert_rowid()
Hibernate: select last_insert_rowid()
2025-10-13T15:13:07.649+09:00 DEBUG 16864 --- [Shift Scheduler Demo] [           main] org.hibernate.SQL                        : insert into shift_assignments (employee_id,end_time,shift_name,start_time,work_date) values (?,?,?,?,?)
Hibernate: insert into shift_assignments (employee_id,end_time,shift_name,start_time,work_date) values (?,?,?,?,?)
2025-10-13T15:13:07.649+09:00 DEBUG 16864 --- [Shift Scheduler Demo] [           main] org.hibernate.SQL                        : select last_insert_rowid()
Hibernate: select last_insert_rowid()
2025-10-13T15:13:07.650+09:00 DEBUG 16864 --- [Shift Scheduler Demo] [           main] org.hibernate.SQL                        : insert into shift_assignments (employee_id,end_time,shift_name,start_time,work_date) values (?,?,?,?,?)
Hibernate: insert into shift_assignments (employee_id,end_time,shift_name,start_time,work_date) values (?,?,?,?,?)
2025-10-13T15:13:07.650+09:00 DEBUG 16864 --- [Shift Scheduler Demo] [           main] org.hibernate.SQL                        : select last_insert_rowid()
Hibernate: select last_insert_rowid()
2025-10-13T15:13:07.650+09:00 DEBUG 16864 --- [Shift Scheduler Demo] [           main] org.hibernate.SQL                        : insert into shift_assignments (employee_id,end_time,shift_name,start_time,work_date) values (?,?,?,?,?)
Hibernate: insert into shift_assignments (employee_id,end_time,shift_name,start_time,work_date) values (?,?,?,?,?)
2025-10-13T15:13:07.650+09:00 DEBUG 16864 --- [Shift Scheduler Demo] [           main] org.hibernate.SQL                        : select last_insert_rowid()
Hibernate: select last_insert_rowid()
2025-10-13T15:13:07.651+09:00 DEBUG 16864 --- [Shift Scheduler Demo] [           main] org.hibernate.SQL                        : insert into shift_assignments (employee_id,end_time,shift_name,start_time,work_date) values (?,?,?,?,?)
Hibernate: insert into shift_assignments (employee_id,end_time,shift_name,start_time,work_date) values (?,?,?,?,?)
2025-10-13T15:13:07.652+09:00 DEBUG 16864 --- [Shift Scheduler Demo] [           main] org.hibernate.SQL                        : select last_insert_rowid()
Hibernate: select last_insert_rowid()
2025-10-13T15:13:07.652+09:00 DEBUG 16864 --- [Shift Scheduler Demo] [           main] org.hibernate.SQL                        : insert into shift_assignments (employee_id,end_time,shift_name,start_time,work_date) values (?,?,?,?,?)
Hibernate: insert into shift_assignments (employee_id,end_time,shift_name,start_time,work_date) values (?,?,?,?,?)
2025-10-13T15:13:07.652+09:00 DEBUG 16864 --- [Shift Scheduler Demo] [           main] org.hibernate.SQL                        : select last_insert_rowid()
Hibernate: select last_insert_rowid()
2025-10-13T15:13:07.652+09:00 DEBUG 16864 --- [Shift Scheduler Demo] [           main] org.hibernate.SQL                        : insert into shift_assignments (employee_id,end_time,shift_name,start_time,work_date) values (?,?,?,?,?)
Hibernate: insert into shift_assignments (employee_id,end_time,shift_name,start_time,work_date) values (?,?,?,?,?)
2025-10-13T15:13:07.652+09:00 DEBUG 16864 --- [Shift Scheduler Demo] [           main] org.hibernate.SQL                        : select last_insert_rowid()
Hibernate: select last_insert_rowid()
2025-10-13T15:13:07.654+09:00 DEBUG 16864 --- [Shift Scheduler Demo] [           main] org.hibernate.SQL                        : insert into shift_assignments (employee_id,end_time,shift_name,start_time,work_date) values (?,?,?,?,?)
Hibernate: insert into shift_assignments (employee_id,end_time,shift_name,start_time,work_date) values (?,?,?,?,?)
2025-10-13T15:13:07.655+09:00 DEBUG 16864 --- [Shift Scheduler Demo] [           main] org.hibernate.SQL                        : select last_insert_rowid()
Hibernate: select last_insert_rowid()
2025-10-13T15:13:07.655+09:00 DEBUG 16864 --- [Shift Scheduler Demo] [           main] org.hibernate.SQL                        : insert into shift_assignments (employee_id,end_time,shift_name,start_time,work_date) values (?,?,?,?,?)
Hibernate: insert into shift_assignments (employee_id,end_time,shift_name,start_time,work_date) values (?,?,?,?,?)
2025-10-13T15:13:07.656+09:00 DEBUG 16864 --- [Shift Scheduler Demo] [           main] org.hibernate.SQL                        : select last_insert_rowid()
Hibernate: select last_insert_rowid()
2025-10-13T15:13:07.656+09:00 DEBUG 16864 --- [Shift Scheduler Demo] [           main] org.hibernate.SQL                        : insert into shift_assignments (employee_id,end_time,shift_name,start_time,work_date) values (?,?,?,?,?)
Hibernate: insert into shift_assignments (employee_id,end_time,shift_name,start_time,work_date) values (?,?,?,?,?)
2025-10-13T15:13:07.656+09:00 DEBUG 16864 --- [Shift Scheduler Demo] [           main] org.hibernate.SQL                        : select last_insert_rowid()
Hibernate: select last_insert_rowid()
2025-10-13T15:13:07.657+09:00 DEBUG 16864 --- [Shift Scheduler Demo] [           main] org.hibernate.SQL                        : insert into shift_assignments (employee_id,end_time,shift_name,start_time,work_date) values (?,?,?,?,?)
Hibernate: insert into shift_assignments (employee_id,end_time,shift_name,start_time,work_date) values (?,?,?,?,?)
2025-10-13T15:13:07.657+09:00 DEBUG 16864 --- [Shift Scheduler Demo] [           main] org.hibernate.SQL                        : select last_insert_rowid()
Hibernate: select last_insert_rowid()
2025-10-13T15:13:07.657+09:00 DEBUG 16864 --- [Shift Scheduler Demo] [           main] org.hibernate.SQL                        : insert into shift_assignments (employee_id,end_time,shift_name,start_time,work_date) values (?,?,?,?,?)
Hibernate: insert into shift_assignments (employee_id,end_time,shift_name,start_time,work_date) values (?,?,?,?,?)
2025-10-13T15:13:07.658+09:00 DEBUG 16864 --- [Shift Scheduler Demo] [           main] org.hibernate.SQL                        : select last_insert_rowid()
Hibernate: select last_insert_rowid()
2025-10-13T15:13:07.658+09:00 DEBUG 16864 --- [Shift Scheduler Demo] [           main] org.hibernate.SQL                        : insert into shift_assignments (employee_id,end_time,shift_name,start_time,work_date) values (?,?,?,?,?)
Hibernate: insert into shift_assignments (employee_id,end_time,shift_name,start_time,work_date) values (?,?,?,?,?)
2025-10-13T15:13:07.658+09:00 DEBUG 16864 --- [Shift Scheduler Demo] [           main] org.hibernate.SQL                        : select last_insert_rowid()
Hibernate: select last_insert_rowid()
2025-10-13T15:13:07.658+09:00 DEBUG 16864 --- [Shift Scheduler Demo] [           main] org.hibernate.SQL                        : insert into shift_assignments (employee_id,end_time,shift_name,start_time,work_date) values (?,?,?,?,?)
Hibernate: insert into shift_assignments (employee_id,end_time,shift_name,start_time,work_date) values (?,?,?,?,?)
2025-10-13T15:13:07.659+09:00 DEBUG 16864 --- [Shift Scheduler Demo] [           main] org.hibernate.SQL                        : select last_insert_rowid()
Hibernate: select last_insert_rowid()
2025-10-13T15:13:07.659+09:00 DEBUG 16864 --- [Shift Scheduler Demo] [           main] org.hibernate.SQL                        : insert into shift_assignments (employee_id,end_time,shift_name,start_time,work_date) values (?,?,?,?,?)
Hibernate: insert into shift_assignments (employee_id,end_time,shift_name,start_time,work_date) values (?,?,?,?,?)
2025-10-13T15:13:07.659+09:00 DEBUG 16864 --- [Shift Scheduler Demo] [           main] org.hibernate.SQL                        : select last_insert_rowid()
Hibernate: select last_insert_rowid()
2025-10-13T15:13:07.660+09:00 DEBUG 16864 --- [Shift Scheduler Demo] [           main] org.hibernate.SQL                        : insert into shift_assignments (employee_id,end_time,shift_name,start_time,work_date) values (?,?,?,?,?)
Hibernate: insert into shift_assignments (employee_id,end_time,shift_name,start_time,work_date) values (?,?,?,?,?)
2025-10-13T15:13:07.660+09:00 DEBUG 16864 --- [Shift Scheduler Demo] [           main] org.hibernate.SQL                        : select last_insert_rowid()
Hibernate: select last_insert_rowid()
2025-10-13T15:13:07.660+09:00 DEBUG 16864 --- [Shift Scheduler Demo] [           main] org.hibernate.SQL                        : insert into shift_assignments (employee_id,end_time,shift_name,start_time,work_date) values (?,?,?,?,?)
Hibernate: insert into shift_assignments (employee_id,end_time,shift_name,start_time,work_date) values (?,?,?,?,?)
2025-10-13T15:13:07.661+09:00 DEBUG 16864 --- [Shift Scheduler Demo] [           main] org.hibernate.SQL                        : select last_insert_rowid()
Hibernate: select last_insert_rowid()
2025-10-13T15:13:07.661+09:00 DEBUG 16864 --- [Shift Scheduler Demo] [           main] org.hibernate.SQL                        : insert into shift_assignments (employee_id,end_time,shift_name,start_time,work_date) values (?,?,?,?,?)
Hibernate: insert into shift_assignments (employee_id,end_time,shift_name,start_time,work_date) values (?,?,?,?,?)
2025-10-13T15:13:07.661+09:00 DEBUG 16864 --- [Shift Scheduler Demo] [           main] org.hibernate.SQL                        : select last_insert_rowid()
Hibernate: select last_insert_rowid()
2025-10-13T15:13:07.662+09:00 DEBUG 16864 --- [Shift Scheduler Demo] [           main] org.hibernate.SQL                        : insert into shift_assignments (employee_id,end_time,shift_name,start_time,work_date) values (?,?,?,?,?)
Hibernate: insert into shift_assignments (employee_id,end_time,shift_name,start_time,work_date) values (?,?,?,?,?)
2025-10-13T15:13:07.662+09:00 DEBUG 16864 --- [Shift Scheduler Demo] [           main] org.hibernate.SQL                        : select last_insert_rowid()
Hibernate: select last_insert_rowid()
2025-10-13T15:13:07.662+09:00 DEBUG 16864 --- [Shift Scheduler Demo] [           main] org.hibernate.SQL                        : insert into shift_assignments (employee_id,end_time,shift_name,start_time,work_date) values (?,?,?,?,?)
Hibernate: insert into shift_assignments (employee_id,end_time,shift_name,start_time,work_date) values (?,?,?,?,?)
2025-10-13T15:13:07.663+09:00 DEBUG 16864 --- [Shift Scheduler Demo] [           main] org.hibernate.SQL                        : select last_insert_rowid()
Hibernate: select last_insert_rowid()
2025-10-13T15:13:07.663+09:00 DEBUG 16864 --- [Shift Scheduler Demo] [           main] org.hibernate.SQL                        : insert into shift_assignments (employee_id,end_time,shift_name,start_time,work_date) values (?,?,?,?,?)
Hibernate: insert into shift_assignments (employee_id,end_time,shift_name,start_time,work_date) values (?,?,?,?,?)
2025-10-13T15:13:07.663+09:00 DEBUG 16864 --- [Shift Scheduler Demo] [           main] org.hibernate.SQL                        : select last_insert_rowid()
Hibernate: select last_insert_rowid()
2025-10-13T15:13:07.664+09:00 DEBUG 16864 --- [Shift Scheduler Demo] [           main] org.hibernate.SQL                        : insert into shift_assignments (employee_id,end_time,shift_name,start_time,work_date) values (?,?,?,?,?)
Hibernate: insert into shift_assignments (employee_id,end_time,shift_name,start_time,work_date) values (?,?,?,?,?)
2025-10-13T15:13:07.664+09:00 DEBUG 16864 --- [Shift Scheduler Demo] [           main] org.hibernate.SQL                        : select last_insert_rowid()
Hibernate: select last_insert_rowid()
2025-10-13T15:13:07.664+09:00 DEBUG 16864 --- [Shift Scheduler Demo] [           main] org.hibernate.SQL                        : insert into shift_assignments (employee_id,end_time,shift_name,start_time,work_date) values (?,?,?,?,?)
Hibernate: insert into shift_assignments (employee_id,end_time,shift_name,start_time,work_date) values (?,?,?,?,?)
2025-10-13T15:13:07.665+09:00 DEBUG 16864 --- [Shift Scheduler Demo] [           main] org.hibernate.SQL                        : select last_insert_rowid()
Hibernate: select last_insert_rowid()
2025-10-13T15:13:07.666+09:00 DEBUG 16864 --- [Shift Scheduler Demo] [           main] org.hibernate.SQL                        : insert into shift_assignments (employee_id,end_time,shift_name,start_time,work_date) values (?,?,?,?,?)
Hibernate: insert into shift_assignments (employee_id,end_time,shift_name,start_time,work_date) values (?,?,?,?,?)
2025-10-13T15:13:07.666+09:00 DEBUG 16864 --- [Shift Scheduler Demo] [           main] org.hibernate.SQL                        : select last_insert_rowid()
Hibernate: select last_insert_rowid()
2025-10-13T15:13:07.666+09:00 DEBUG 16864 --- [Shift Scheduler Demo] [           main] org.hibernate.SQL                        : insert into shift_assignments (employee_id,end_time,shift_name,start_time,work_date) values (?,?,?,?,?)
Hibernate: insert into shift_assignments (employee_id,end_time,shift_name,start_time,work_date) values (?,?,?,?,?)
2025-10-13T15:13:07.667+09:00 DEBUG 16864 --- [Shift Scheduler Demo] [           main] org.hibernate.SQL                        : select last_insert_rowid()
Hibernate: select last_insert_rowid()
2025-10-13T15:13:07.667+09:00 DEBUG 16864 --- [Shift Scheduler Demo] [           main] org.hibernate.SQL                        : insert into shift_assignments (employee_id,end_time,shift_name,start_time,work_date) values (?,?,?,?,?)
Hibernate: insert into shift_assignments (employee_id,end_time,shift_name,start_time,work_date) values (?,?,?,?,?)
2025-10-13T15:13:07.668+09:00 DEBUG 16864 --- [Shift Scheduler Demo] [           main] org.hibernate.SQL                        : select last_insert_rowid()
Hibernate: select last_insert_rowid()
2025-10-13T15:13:07.668+09:00 DEBUG 16864 --- [Shift Scheduler Demo] [           main] org.hibernate.SQL                        : insert into shift_assignments (employee_id,end_time,shift_name,start_time,work_date) values (?,?,?,?,?)
Hibernate: insert into shift_assignments (employee_id,end_time,shift_name,start_time,work_date) values (?,?,?,?,?)
2025-10-13T15:13:07.668+09:00 DEBUG 16864 --- [Shift Scheduler Demo] [           main] org.hibernate.SQL                        : select last_insert_rowid()
Hibernate: select last_insert_rowid()
2025-10-13T15:13:07.668+09:00 DEBUG 16864 --- [Shift Scheduler Demo] [           main] org.hibernate.SQL                        : insert into shift_assignments (employee_id,end_time,shift_name,start_time,work_date) values (?,?,?,?,?)
Hibernate: insert into shift_assignments (employee_id,end_time,shift_name,start_time,work_date) values (?,?,?,?,?)
2025-10-13T15:13:07.668+09:00 DEBUG 16864 --- [Shift Scheduler Demo] [           main] org.hibernate.SQL                        : select last_insert_rowid()
Hibernate: select last_insert_rowid()
2025-10-13T15:13:07.670+09:00 DEBUG 16864 --- [Shift Scheduler Demo] [           main] org.hibernate.SQL                        : insert into shift_assignments (employee_id,end_time,shift_name,start_time,work_date) values (?,?,?,?,?)
Hibernate: insert into shift_assignments (employee_id,end_time,shift_name,start_time,work_date) values (?,?,?,?,?)
2025-10-13T15:13:07.670+09:00 DEBUG 16864 --- [Shift Scheduler Demo] [           main] org.hibernate.SQL                        : select last_insert_rowid()
Hibernate: select last_insert_rowid()
2025-10-13T15:13:07.670+09:00 DEBUG 16864 --- [Shift Scheduler Demo] [           main] org.hibernate.SQL                        : insert into shift_assignments (employee_id,end_time,shift_name,start_time,work_date) values (?,?,?,?,?)
Hibernate: insert into shift_assignments (employee_id,end_time,shift_name,start_time,work_date) values (?,?,?,?,?)
2025-10-13T15:13:07.670+09:00 DEBUG 16864 --- [Shift Scheduler Demo] [           main] org.hibernate.SQL                        : select last_insert_rowid()
Hibernate: select last_insert_rowid()
2025-10-13T15:13:07.671+09:00 DEBUG 16864 --- [Shift Scheduler Demo] [           main] org.hibernate.SQL                        : insert into shift_assignments (employee_id,end_time,shift_name,start_time,work_date) values (?,?,?,?,?)
Hibernate: insert into shift_assignments (employee_id,end_time,shift_name,start_time,work_date) values (?,?,?,?,?)
2025-10-13T15:13:07.672+09:00 DEBUG 16864 --- [Shift Scheduler Demo] [           main] org.hibernate.SQL                        : select last_insert_rowid()
Hibernate: select last_insert_rowid()
2025-10-13T15:13:07.672+09:00 DEBUG 16864 --- [Shift Scheduler Demo] [           main] org.hibernate.SQL                        : insert into shift_assignments (employee_id,end_time,shift_name,start_time,work_date) values (?,?,?,?,?)
Hibernate: insert into shift_assignments (employee_id,end_time,shift_name,start_time,work_date) values (?,?,?,?,?)
2025-10-13T15:13:07.673+09:00 DEBUG 16864 --- [Shift Scheduler Demo] [           main] org.hibernate.SQL                        : select last_insert_rowid()
Hibernate: select last_insert_rowid()
2025-10-13T15:13:07.673+09:00 DEBUG 16864 --- [Shift Scheduler Demo] [           main] org.hibernate.SQL                        : insert into shift_assignments (employee_id,end_time,shift_name,start_time,work_date) values (?,?,?,?,?)
Hibernate: insert into shift_assignments (employee_id,end_time,shift_name,start_time,work_date) values (?,?,?,?,?)
2025-10-13T15:13:07.673+09:00 DEBUG 16864 --- [Shift Scheduler Demo] [           main] org.hibernate.SQL                        : select last_insert_rowid()
Hibernate: select last_insert_rowid()
2025-10-13T15:13:07.674+09:00 DEBUG 16864 --- [Shift Scheduler Demo] [           main] org.hibernate.SQL                        : insert into shift_assignments (employee_id,end_time,shift_name,start_time,work_date) values (?,?,?,?,?)
Hibernate: insert into shift_assignments (employee_id,end_time,shift_name,start_time,work_date) values (?,?,?,?,?)
2025-10-13T15:13:07.674+09:00 DEBUG 16864 --- [Shift Scheduler Demo] [           main] org.hibernate.SQL                        : select last_insert_rowid()
Hibernate: select last_insert_rowid()
2025-10-13T15:13:07.675+09:00 DEBUG 16864 --- [Shift Scheduler Demo] [           main] org.hibernate.SQL                        : insert into shift_assignments (employee_id,end_time,shift_name,start_time,work_date) values (?,?,?,?,?)
Hibernate: insert into shift_assignments (employee_id,end_time,shift_name,start_time,work_date) values (?,?,?,?,?)
2025-10-13T15:13:07.675+09:00 DEBUG 16864 --- [Shift Scheduler Demo] [           main] org.hibernate.SQL                        : select last_insert_rowid()
Hibernate: select last_insert_rowid()
2025-10-13T15:13:07.676+09:00 DEBUG 16864 --- [Shift Scheduler Demo] [           main] org.hibernate.SQL                        : insert into shift_assignments (employee_id,end_time,shift_name,start_time,work_date) values (?,?,?,?,?)
Hibernate: insert into shift_assignments (employee_id,end_time,shift_name,start_time,work_date) values (?,?,?,?,?)
2025-10-13T15:13:07.676+09:00 DEBUG 16864 --- [Shift Scheduler Demo] [           main] org.hibernate.SQL                        : select last_insert_rowid()
Hibernate: select last_insert_rowid()
2025-10-13T15:13:07.676+09:00 DEBUG 16864 --- [Shift Scheduler Demo] [           main] org.hibernate.SQL                        : insert into shift_assignments (employee_id,end_time,shift_name,start_time,work_date) values (?,?,?,?,?)
Hibernate: insert into shift_assignments (employee_id,end_time,shift_name,start_time,work_date) values (?,?,?,?,?)
2025-10-13T15:13:07.677+09:00 DEBUG 16864 --- [Shift Scheduler Demo] [           main] org.hibernate.SQL                        : select last_insert_rowid()
Hibernate: select last_insert_rowid()
2025-10-13T15:13:07.677+09:00 DEBUG 16864 --- [Shift Scheduler Demo] [           main] org.hibernate.SQL                        : insert into shift_assignments (employee_id,end_time,shift_name,start_time,work_date) values (?,?,?,?,?)
Hibernate: insert into shift_assignments (employee_id,end_time,shift_name,start_time,work_date) values (?,?,?,?,?)
2025-10-13T15:13:07.677+09:00 DEBUG 16864 --- [Shift Scheduler Demo] [           main] org.hibernate.SQL                        : select last_insert_rowid()
Hibernate: select last_insert_rowid()
2025-10-13T15:13:07.678+09:00 DEBUG 16864 --- [Shift Scheduler Demo] [           main] org.hibernate.SQL                        : insert into shift_assignments (employee_id,end_time,shift_name,start_time,work_date) values (?,?,?,?,?)
Hibernate: insert into shift_assignments (employee_id,end_time,shift_name,start_time,work_date) values (?,?,?,?,?)
2025-10-13T15:13:07.678+09:00 DEBUG 16864 --- [Shift Scheduler Demo] [           main] org.hibernate.SQL                        : select last_insert_rowid()
Hibernate: select last_insert_rowid()
2025-10-13T15:13:07.678+09:00 DEBUG 16864 --- [Shift Scheduler Demo] [           main] org.hibernate.SQL                        : insert into shift_assignments (employee_id,end_time,shift_name,start_time,work_date) values (?,?,?,?,?)
Hibernate: insert into shift_assignments (employee_id,end_time,shift_name,start_time,work_date) values (?,?,?,?,?)
2025-10-13T15:13:07.679+09:00 DEBUG 16864 --- [Shift Scheduler Demo] [           main] org.hibernate.SQL                        : select last_insert_rowid()
Hibernate: select last_insert_rowid()
2025-10-13T15:13:07.679+09:00 DEBUG 16864 --- [Shift Scheduler Demo] [           main] org.hibernate.SQL                        : insert into shift_assignments (employee_id,end_time,shift_name,start_time,work_date) values (?,?,?,?,?)
Hibernate: insert into shift_assignments (employee_id,end_time,shift_name,start_time,work_date) values (?,?,?,?,?)
2025-10-13T15:13:07.679+09:00 DEBUG 16864 --- [Shift Scheduler Demo] [           main] org.hibernate.SQL                        : select last_insert_rowid()
Hibernate: select last_insert_rowid()
2025-10-13T15:13:07.680+09:00 DEBUG 16864 --- [Shift Scheduler Demo] [           main] org.hibernate.SQL                        : insert into shift_assignments (employee_id,end_time,shift_name,start_time,work_date) values (?,?,?,?,?)
Hibernate: insert into shift_assignments (employee_id,end_time,shift_name,start_time,work_date) values (?,?,?,?,?)
2025-10-13T15:13:07.680+09:00 DEBUG 16864 --- [Shift Scheduler Demo] [           main] org.hibernate.SQL                        : select last_insert_rowid()
Hibernate: select last_insert_rowid()
2025-10-13T15:13:07.680+09:00 DEBUG 16864 --- [Shift Scheduler Demo] [           main] org.hibernate.SQL                        : insert into shift_assignments (employee_id,end_time,shift_name,start_time,work_date) values (?,?,?,?,?)
Hibernate: insert into shift_assignments (employee_id,end_time,shift_name,start_time,work_date) values (?,?,?,?,?)
2025-10-13T15:13:07.681+09:00 DEBUG 16864 --- [Shift Scheduler Demo] [           main] org.hibernate.SQL                        : select last_insert_rowid()
Hibernate: select last_insert_rowid()
2025-10-13T15:13:07.681+09:00 DEBUG 16864 --- [Shift Scheduler Demo] [           main] org.hibernate.SQL                        : insert into shift_assignments (employee_id,end_time,shift_name,start_time,work_date) values (?,?,?,?,?)
Hibernate: insert into shift_assignments (employee_id,end_time,shift_name,start_time,work_date) values (?,?,?,?,?)
2025-10-13T15:13:07.681+09:00 DEBUG 16864 --- [Shift Scheduler Demo] [           main] org.hibernate.SQL                        : select last_insert_rowid()
Hibernate: select last_insert_rowid()
2025-10-13T15:13:07.682+09:00 DEBUG 16864 --- [Shift Scheduler Demo] [           main] org.hibernate.SQL                        : insert into shift_assignments (employee_id,end_time,shift_name,start_time,work_date) values (?,?,?,?,?)
Hibernate: insert into shift_assignments (employee_id,end_time,shift_name,start_time,work_date) values (?,?,?,?,?)
2025-10-13T15:13:07.682+09:00 DEBUG 16864 --- [Shift Scheduler Demo] [           main] org.hibernate.SQL                        : select last_insert_rowid()
Hibernate: select last_insert_rowid()
2025-10-13T15:13:07.682+09:00 DEBUG 16864 --- [Shift Scheduler Demo] [           main] org.hibernate.SQL                        : insert into shift_assignments (employee_id,end_time,shift_name,start_time,work_date) values (?,?,?,?,?)
Hibernate: insert into shift_assignments (employee_id,end_time,shift_name,start_time,work_date) values (?,?,?,?,?)
2025-10-13T15:13:07.683+09:00 DEBUG 16864 --- [Shift Scheduler Demo] [           main] org.hibernate.SQL                        : select last_insert_rowid()
Hibernate: select last_insert_rowid()
2025-10-13T15:13:07.683+09:00 DEBUG 16864 --- [Shift Scheduler Demo] [           main] org.hibernate.SQL                        : insert into shift_assignments (employee_id,end_time,shift_name,start_time,work_date) values (?,?,?,?,?)
Hibernate: insert into shift_assignments (employee_id,end_time,shift_name,start_time,work_date) values (?,?,?,?,?)
2025-10-13T15:13:07.683+09:00 DEBUG 16864 --- [Shift Scheduler Demo] [           main] org.hibernate.SQL                        : select last_insert_rowid()
Hibernate: select last_insert_rowid()
2025-10-13T15:13:07.684+09:00 DEBUG 16864 --- [Shift Scheduler Demo] [           main] org.hibernate.SQL                        : insert into shift_assignments (employee_id,end_time,shift_name,start_time,work_date) values (?,?,?,?,?)
Hibernate: insert into shift_assignments (employee_id,end_time,shift_name,start_time,work_date) values (?,?,?,?,?)
2025-10-13T15:13:07.684+09:00 DEBUG 16864 --- [Shift Scheduler Demo] [           main] org.hibernate.SQL                        : select last_insert_rowid()
Hibernate: select last_insert_rowid()
2025-10-13T15:13:07.684+09:00 DEBUG 16864 --- [Shift Scheduler Demo] [           main] org.hibernate.SQL                        : insert into shift_assignments (employee_id,end_time,shift_name,start_time,work_date) values (?,?,?,?,?)
Hibernate: insert into shift_assignments (employee_id,end_time,shift_name,start_time,work_date) values (?,?,?,?,?)
2025-10-13T15:13:07.685+09:00 DEBUG 16864 --- [Shift Scheduler Demo] [           main] org.hibernate.SQL                        : select last_insert_rowid()
Hibernate: select last_insert_rowid()
2025-10-13T15:13:07.685+09:00 DEBUG 16864 --- [Shift Scheduler Demo] [           main] org.hibernate.SQL                        : insert into shift_assignments (employee_id,end_time,shift_name,start_time,work_date) values (?,?,?,?,?)
Hibernate: insert into shift_assignments (employee_id,end_time,shift_name,start_time,work_date) values (?,?,?,?,?)
2025-10-13T15:13:07.685+09:00 DEBUG 16864 --- [Shift Scheduler Demo] [           main] org.hibernate.SQL                        : select last_insert_rowid()
Hibernate: select last_insert_rowid()
2025-10-13T15:13:07.686+09:00 DEBUG 16864 --- [Shift Scheduler Demo] [           main] org.hibernate.SQL                        : insert into shift_assignments (employee_id,end_time,shift_name,start_time,work_date) values (?,?,?,?,?)
Hibernate: insert into shift_assignments (employee_id,end_time,shift_name,start_time,work_date) values (?,?,?,?,?)
2025-10-13T15:13:07.687+09:00 DEBUG 16864 --- [Shift Scheduler Demo] [           main] org.hibernate.SQL                        : select last_insert_rowid()
Hibernate: select last_insert_rowid()
2025-10-13T15:13:07.688+09:00 DEBUG 16864 --- [Shift Scheduler Demo] [           main] org.hibernate.SQL                        : insert into shift_assignments (employee_id,end_time,shift_name,start_time,work_date) values (?,?,?,?,?)
Hibernate: insert into shift_assignments (employee_id,end_time,shift_name,start_time,work_date) values (?,?,?,?,?)
2025-10-13T15:13:07.688+09:00 DEBUG 16864 --- [Shift Scheduler Demo] [           main] org.hibernate.SQL                        : select last_insert_rowid()
Hibernate: select last_insert_rowid()
2025-10-13T15:13:07.689+09:00 DEBUG 16864 --- [Shift Scheduler Demo] [           main] org.hibernate.SQL                        : insert into shift_assignments (employee_id,end_time,shift_name,start_time,work_date) values (?,?,?,?,?)
Hibernate: insert into shift_assignments (employee_id,end_time,shift_name,start_time,work_date) values (?,?,?,?,?)
2025-10-13T15:13:07.689+09:00 DEBUG 16864 --- [Shift Scheduler Demo] [           main] org.hibernate.SQL                        : select last_insert_rowid()
Hibernate: select last_insert_rowid()
2025-10-13T15:13:07.689+09:00 DEBUG 16864 --- [Shift Scheduler Demo] [           main] org.hibernate.SQL                        : insert into shift_assignments (employee_id,end_time,shift_name,start_time,work_date) values (?,?,?,?,?)
Hibernate: insert into shift_assignments (employee_id,end_time,shift_name,start_time,work_date) values (?,?,?,?,?)
2025-10-13T15:13:07.690+09:00 DEBUG 16864 --- [Shift Scheduler Demo] [           main] org.hibernate.SQL                        : select last_insert_rowid()
Hibernate: select last_insert_rowid()
2025-10-13T15:13:07.691+09:00 DEBUG 16864 --- [Shift Scheduler Demo] [           main] org.hibernate.SQL                        : insert into shift_assignments (employee_id,end_time,shift_name,start_time,work_date) values (?,?,?,?,?)
Hibernate: insert into shift_assignments (employee_id,end_time,shift_name,start_time,work_date) values (?,?,?,?,?)
2025-10-13T15:13:07.691+09:00 DEBUG 16864 --- [Shift Scheduler Demo] [           main] org.hibernate.SQL                        : select last_insert_rowid()
Hibernate: select last_insert_rowid()
2025-10-13T15:13:07.692+09:00 DEBUG 16864 --- [Shift Scheduler Demo] [           main] org.hibernate.SQL                        : insert into shift_assignments (employee_id,end_time,shift_name,start_time,work_date) values (?,?,?,?,?)
Hibernate: insert into shift_assignments (employee_id,end_time,shift_name,start_time,work_date) values (?,?,?,?,?)
2025-10-13T15:13:07.692+09:00 DEBUG 16864 --- [Shift Scheduler Demo] [           main] org.hibernate.SQL                        : select last_insert_rowid()
Hibernate: select last_insert_rowid()
2025-10-13T15:13:07.693+09:00 DEBUG 16864 --- [Shift Scheduler Demo] [           main] org.hibernate.SQL                        : insert into shift_assignments (employee_id,end_time,shift_name,start_time,work_date) values (?,?,?,?,?)
Hibernate: insert into shift_assignments (employee_id,end_time,shift_name,start_time,work_date) values (?,?,?,?,?)
2025-10-13T15:13:07.693+09:00 DEBUG 16864 --- [Shift Scheduler Demo] [           main] org.hibernate.SQL                        : select last_insert_rowid()
Hibernate: select last_insert_rowid()
2025-10-13T15:13:07.694+09:00 DEBUG 16864 --- [Shift Scheduler Demo] [           main] org.hibernate.SQL                        : insert into shift_assignments (employee_id,end_time,shift_name,start_time,work_date) values (?,?,?,?,?)
Hibernate: insert into shift_assignments (employee_id,end_time,shift_name,start_time,work_date) values (?,?,?,?,?)
2025-10-13T15:13:07.694+09:00 DEBUG 16864 --- [Shift Scheduler Demo] [           main] org.hibernate.SQL                        : select last_insert_rowid()
Hibernate: select last_insert_rowid()
2025-10-13T15:13:07.695+09:00 DEBUG 16864 --- [Shift Scheduler Demo] [           main] org.hibernate.SQL                        : insert into shift_assignments (employee_id,end_time,shift_name,start_time,work_date) values (?,?,?,?,?)
Hibernate: insert into shift_assignments (employee_id,end_time,shift_name,start_time,work_date) values (?,?,?,?,?)
2025-10-13T15:13:07.696+09:00 DEBUG 16864 --- [Shift Scheduler Demo] [           main] org.hibernate.SQL                        : select last_insert_rowid()
Hibernate: select last_insert_rowid()
2025-10-13T15:13:07.696+09:00 DEBUG 16864 --- [Shift Scheduler Demo] [           main] org.hibernate.SQL                        : insert into shift_assignments (employee_id,end_time,shift_name,start_time,work_date) values (?,?,?,?,?)
Hibernate: insert into shift_assignments (employee_id,end_time,shift_name,start_time,work_date) values (?,?,?,?,?)
2025-10-13T15:13:07.696+09:00 DEBUG 16864 --- [Shift Scheduler Demo] [           main] org.hibernate.SQL                        : select last_insert_rowid()
Hibernate: select last_insert_rowid()
2025-10-13T15:13:07.697+09:00 DEBUG 16864 --- [Shift Scheduler Demo] [           main] org.hibernate.SQL                        : insert into shift_assignments (employee_id,end_time,shift_name,start_time,work_date) values (?,?,?,?,?)
Hibernate: insert into shift_assignments (employee_id,end_time,shift_name,start_time,work_date) values (?,?,?,?,?)
2025-10-13T15:13:07.699+09:00 DEBUG 16864 --- [Shift Scheduler Demo] [           main] org.hibernate.SQL                        : select last_insert_rowid()
Hibernate: select last_insert_rowid()
2025-10-13T15:13:07.701+09:00 DEBUG 16864 --- [Shift Scheduler Demo] [           main] org.hibernate.SQL                        : insert into shift_assignments (employee_id,end_time,shift_name,start_time,work_date) values (?,?,?,?,?)
Hibernate: insert into shift_assignments (employee_id,end_time,shift_name,start_time,work_date) values (?,?,?,?,?)
2025-10-13T15:13:07.702+09:00 DEBUG 16864 --- [Shift Scheduler Demo] [           main] org.hibernate.SQL                        : select last_insert_rowid()
Hibernate: select last_insert_rowid()
2025-10-13T15:13:07.702+09:00 DEBUG 16864 --- [Shift Scheduler Demo] [           main] org.hibernate.SQL                        : insert into shift_assignments (employee_id,end_time,shift_name,start_time,work_date) values (?,?,?,?,?)
Hibernate: insert into shift_assignments (employee_id,end_time,shift_name,start_time,work_date) values (?,?,?,?,?)
2025-10-13T15:13:07.703+09:00 DEBUG 16864 --- [Shift Scheduler Demo] [           main] org.hibernate.SQL                        : select last_insert_rowid()
Hibernate: select last_insert_rowid()
2025-10-13T15:13:07.703+09:00 DEBUG 16864 --- [Shift Scheduler Demo] [           main] org.hibernate.SQL                        : insert into shift_assignments (employee_id,end_time,shift_name,start_time,work_date) values (?,?,?,?,?)
Hibernate: insert into shift_assignments (employee_id,end_time,shift_name,start_time,work_date) values (?,?,?,?,?)
2025-10-13T15:13:07.704+09:00 DEBUG 16864 --- [Shift Scheduler Demo] [           main] org.hibernate.SQL                        : select last_insert_rowid()
Hibernate: select last_insert_rowid()
2025-10-13T15:13:07.706+09:00 DEBUG 16864 --- [Shift Scheduler Demo] [           main] org.hibernate.SQL                        : insert into shift_assignments (employee_id,end_time,shift_name,start_time,work_date) values (?,?,?,?,?)
Hibernate: insert into shift_assignments (employee_id,end_time,shift_name,start_time,work_date) values (?,?,?,?,?)
2025-10-13T15:13:07.706+09:00 DEBUG 16864 --- [Shift Scheduler Demo] [           main] org.hibernate.SQL                        : select last_insert_rowid()
Hibernate: select last_insert_rowid()
2025-10-13T15:13:07.707+09:00 DEBUG 16864 --- [Shift Scheduler Demo] [           main] org.hibernate.SQL                        : insert into shift_assignments (employee_id,end_time,shift_name,start_time,work_date) values (?,?,?,?,?)
Hibernate: insert into shift_assignments (employee_id,end_time,shift_name,start_time,work_date) values (?,?,?,?,?)
2025-10-13T15:13:07.707+09:00 DEBUG 16864 --- [Shift Scheduler Demo] [           main] org.hibernate.SQL                        : select last_insert_rowid()
Hibernate: select last_insert_rowid()
2025-10-13T15:13:07.707+09:00 DEBUG 16864 --- [Shift Scheduler Demo] [           main] org.hibernate.SQL                        : insert into shift_assignments (employee_id,end_time,shift_name,start_time,work_date) values (?,?,?,?,?)
Hibernate: insert into shift_assignments (employee_id,end_time,shift_name,start_time,work_date) values (?,?,?,?,?)
2025-10-13T15:13:07.708+09:00 DEBUG 16864 --- [Shift Scheduler Demo] [           main] org.hibernate.SQL                        : select last_insert_rowid()
Hibernate: select last_insert_rowid()
2025-10-13T15:13:07.708+09:00 DEBUG 16864 --- [Shift Scheduler Demo] [           main] org.hibernate.SQL                        : insert into shift_assignments (employee_id,end_time,shift_name,start_time,work_date) values (?,?,?,?,?)
Hibernate: insert into shift_assignments (employee_id,end_time,shift_name,start_time,work_date) values (?,?,?,?,?)
2025-10-13T15:13:07.708+09:00 DEBUG 16864 --- [Shift Scheduler Demo] [           main] org.hibernate.SQL                        : select last_insert_rowid()
Hibernate: select last_insert_rowid()
2025-10-13T15:13:07.709+09:00 DEBUG 16864 --- [Shift Scheduler Demo] [           main] org.hibernate.SQL                        : insert into shift_assignments (employee_id,end_time,shift_name,start_time,work_date) values (?,?,?,?,?)
Hibernate: insert into shift_assignments (employee_id,end_time,shift_name,start_time,work_date) values (?,?,?,?,?)
2025-10-13T15:13:07.709+09:00 DEBUG 16864 --- [Shift Scheduler Demo] [           main] org.hibernate.SQL                        : select last_insert_rowid()
Hibernate: select last_insert_rowid()
2025-10-13T15:13:07.709+09:00 DEBUG 16864 --- [Shift Scheduler Demo] [           main] org.hibernate.SQL                        : insert into shift_assignments (employee_id,end_time,shift_name,start_time,work_date) values (?,?,?,?,?)
Hibernate: insert into shift_assignments (employee_id,end_time,shift_name,start_time,work_date) values (?,?,?,?,?)
2025-10-13T15:13:07.710+09:00 DEBUG 16864 --- [Shift Scheduler Demo] [           main] org.hibernate.SQL                        : select last_insert_rowid()
Hibernate: select last_insert_rowid()
2025-10-13T15:13:07.710+09:00 DEBUG 16864 --- [Shift Scheduler Demo] [           main] org.hibernate.SQL                        : insert into shift_assignments (employee_id,end_time,shift_name,start_time,work_date) values (?,?,?,?,?)
Hibernate: insert into shift_assignments (employee_id,end_time,shift_name,start_time,work_date) values (?,?,?,?,?)
2025-10-13T15:13:07.710+09:00 DEBUG 16864 --- [Shift Scheduler Demo] [           main] org.hibernate.SQL                        : select last_insert_rowid()
Hibernate: select last_insert_rowid()
2025-10-13T15:13:07.711+09:00 DEBUG 16864 --- [Shift Scheduler Demo] [           main] org.hibernate.SQL                        : insert into shift_assignments (employee_id,end_time,shift_name,start_time,work_date) values (?,?,?,?,?)
Hibernate: insert into shift_assignments (employee_id,end_time,shift_name,start_time,work_date) values (?,?,?,?,?)
2025-10-13T15:13:07.711+09:00 DEBUG 16864 --- [Shift Scheduler Demo] [           main] org.hibernate.SQL                        : select last_insert_rowid()
Hibernate: select last_insert_rowid()
2025-10-13T15:13:07.712+09:00 DEBUG 16864 --- [Shift Scheduler Demo] [           main] org.hibernate.SQL                        : insert into shift_assignments (employee_id,end_time,shift_name,start_time,work_date) values (?,?,?,?,?)
Hibernate: insert into shift_assignments (employee_id,end_time,shift_name,start_time,work_date) values (?,?,?,?,?)
2025-10-13T15:13:07.712+09:00 DEBUG 16864 --- [Shift Scheduler Demo] [           main] org.hibernate.SQL                        : select last_insert_rowid()
Hibernate: select last_insert_rowid()
2025-10-13T15:13:07.713+09:00 DEBUG 16864 --- [Shift Scheduler Demo] [           main] org.hibernate.SQL                        : insert into shift_assignments (employee_id,end_time,shift_name,start_time,work_date) values (?,?,?,?,?)
Hibernate: insert into shift_assignments (employee_id,end_time,shift_name,start_time,work_date) values (?,?,?,?,?)
2025-10-13T15:13:07.713+09:00 DEBUG 16864 --- [Shift Scheduler Demo] [           main] org.hibernate.SQL                        : select last_insert_rowid()
Hibernate: select last_insert_rowid()
2025-10-13T15:13:07.713+09:00 DEBUG 16864 --- [Shift Scheduler Demo] [           main] org.hibernate.SQL                        : insert into shift_assignments (employee_id,end_time,shift_name,start_time,work_date) values (?,?,?,?,?)
Hibernate: insert into shift_assignments (employee_id,end_time,shift_name,start_time,work_date) values (?,?,?,?,?)
2025-10-13T15:13:07.714+09:00 DEBUG 16864 --- [Shift Scheduler Demo] [           main] org.hibernate.SQL                        : select last_insert_rowid()
Hibernate: select last_insert_rowid()
2025-10-13T15:13:07.714+09:00 DEBUG 16864 --- [Shift Scheduler Demo] [           main] org.hibernate.SQL                        : insert into shift_assignments (employee_id,end_time,shift_name,start_time,work_date) values (?,?,?,?,?)
Hibernate: insert into shift_assignments (employee_id,end_time,shift_name,start_time,work_date) values (?,?,?,?,?)
2025-10-13T15:13:07.714+09:00 DEBUG 16864 --- [Shift Scheduler Demo] [           main] org.hibernate.SQL                        : select last_insert_rowid()
Hibernate: select last_insert_rowid()
2025-10-13T15:13:07.715+09:00 DEBUG 16864 --- [Shift Scheduler Demo] [           main] org.hibernate.SQL                        : insert into shift_assignments (employee_id,end_time,shift_name,start_time,work_date) values (?,?,?,?,?)
Hibernate: insert into shift_assignments (employee_id,end_time,shift_name,start_time,work_date) values (?,?,?,?,?)
2025-10-13T15:13:07.715+09:00 DEBUG 16864 --- [Shift Scheduler Demo] [           main] org.hibernate.SQL                        : select last_insert_rowid()
Hibernate: select last_insert_rowid()
2025-10-13T15:13:07.715+09:00 DEBUG 16864 --- [Shift Scheduler Demo] [           main] org.hibernate.SQL                        : insert into shift_assignments (employee_id,end_time,shift_name,start_time,work_date) values (?,?,?,?,?)
Hibernate: insert into shift_assignments (employee_id,end_time,shift_name,start_time,work_date) values (?,?,?,?,?)
2025-10-13T15:13:07.716+09:00 DEBUG 16864 --- [Shift Scheduler Demo] [           main] org.hibernate.SQL                        : select last_insert_rowid()
Hibernate: select last_insert_rowid()
2025-10-13T15:13:07.716+09:00 DEBUG 16864 --- [Shift Scheduler Demo] [           main] org.hibernate.SQL                        : insert into shift_assignments (employee_id,end_time,shift_name,start_time,work_date) values (?,?,?,?,?)
Hibernate: insert into shift_assignments (employee_id,end_time,shift_name,start_time,work_date) values (?,?,?,?,?)
2025-10-13T15:13:07.716+09:00 DEBUG 16864 --- [Shift Scheduler Demo] [           main] org.hibernate.SQL                        : select last_insert_rowid()
Hibernate: select last_insert_rowid()
2025-10-13T15:13:07.717+09:00 DEBUG 16864 --- [Shift Scheduler Demo] [           main] org.hibernate.SQL                        : insert into shift_assignments (employee_id,end_time,shift_name,start_time,work_date) values (?,?,?,?,?)
Hibernate: insert into shift_assignments (employee_id,end_time,shift_name,start_time,work_date) values (?,?,?,?,?)
2025-10-13T15:13:07.717+09:00 DEBUG 16864 --- [Shift Scheduler Demo] [           main] org.hibernate.SQL                        : select last_insert_rowid()
Hibernate: select last_insert_rowid()
2025-10-13T15:13:07.717+09:00 DEBUG 16864 --- [Shift Scheduler Demo] [           main] org.hibernate.SQL                        : insert into shift_assignments (employee_id,end_time,shift_name,start_time,work_date) values (?,?,?,?,?)
Hibernate: insert into shift_assignments (employee_id,end_time,shift_name,start_time,work_date) values (?,?,?,?,?)
2025-10-13T15:13:07.718+09:00 DEBUG 16864 --- [Shift Scheduler Demo] [           main] org.hibernate.SQL                        : select last_insert_rowid()
Hibernate: select last_insert_rowid()
2025-10-13T15:13:07.718+09:00 DEBUG 16864 --- [Shift Scheduler Demo] [           main] org.hibernate.SQL                        : insert into shift_assignments (employee_id,end_time,shift_name,start_time,work_date) values (?,?,?,?,?)
Hibernate: insert into shift_assignments (employee_id,end_time,shift_name,start_time,work_date) values (?,?,?,?,?)
2025-10-13T15:13:07.718+09:00 DEBUG 16864 --- [Shift Scheduler Demo] [           main] org.hibernate.SQL                        : select last_insert_rowid()
Hibernate: select last_insert_rowid()
2025-10-13T15:13:07.719+09:00 DEBUG 16864 --- [Shift Scheduler Demo] [           main] org.hibernate.SQL                        : insert into shift_assignments (employee_id,end_time,shift_name,start_time,work_date) values (?,?,?,?,?)
Hibernate: insert into shift_assignments (employee_id,end_time,shift_name,start_time,work_date) values (?,?,?,?,?)
2025-10-13T15:13:07.719+09:00 DEBUG 16864 --- [Shift Scheduler Demo] [           main] org.hibernate.SQL                        : select last_insert_rowid()
Hibernate: select last_insert_rowid()
2025-10-13T15:13:07.719+09:00 DEBUG 16864 --- [Shift Scheduler Demo] [           main] org.hibernate.SQL                        : insert into shift_assignments (employee_id,end_time,shift_name,start_time,work_date) values (?,?,?,?,?)
Hibernate: insert into shift_assignments (employee_id,end_time,shift_name,start_time,work_date) values (?,?,?,?,?)
2025-10-13T15:13:07.720+09:00 DEBUG 16864 --- [Shift Scheduler Demo] [           main] org.hibernate.SQL                        : select last_insert_rowid()
Hibernate: select last_insert_rowid()
2025-10-13T15:13:07.720+09:00 DEBUG 16864 --- [Shift Scheduler Demo] [           main] org.hibernate.SQL                        : insert into shift_assignments (employee_id,end_time,shift_name,start_time,work_date) values (?,?,?,?,?)
Hibernate: insert into shift_assignments (employee_id,end_time,shift_name,start_time,work_date) values (?,?,?,?,?)
2025-10-13T15:13:07.720+09:00 DEBUG 16864 --- [Shift Scheduler Demo] [           main] org.hibernate.SQL                        : select last_insert_rowid()
Hibernate: select last_insert_rowid()
2025-10-13T15:13:07.721+09:00 DEBUG 16864 --- [Shift Scheduler Demo] [           main] org.hibernate.SQL                        : insert into shift_assignments (employee_id,end_time,shift_name,start_time,work_date) values (?,?,?,?,?)
Hibernate: insert into shift_assignments (employee_id,end_time,shift_name,start_time,work_date) values (?,?,?,?,?)
2025-10-13T15:13:07.721+09:00 DEBUG 16864 --- [Shift Scheduler Demo] [           main] org.hibernate.SQL                        : select last_insert_rowid()
Hibernate: select last_insert_rowid()
2025-10-13T15:13:07.723+09:00 DEBUG 16864 --- [Shift Scheduler Demo] [           main] org.hibernate.SQL                        : insert into shift_assignments (employee_id,end_time,shift_name,start_time,work_date) values (?,?,?,?,?)
Hibernate: insert into shift_assignments (employee_id,end_time,shift_name,start_time,work_date) values (?,?,?,?,?)
2025-10-13T15:13:07.724+09:00 DEBUG 16864 --- [Shift Scheduler Demo] [           main] org.hibernate.SQL                        : select last_insert_rowid()
Hibernate: select last_insert_rowid()
2025-10-13T15:13:07.725+09:00 DEBUG 16864 --- [Shift Scheduler Demo] [           main] org.hibernate.SQL                        : insert into shift_assignments (employee_id,end_time,shift_name,start_time,work_date) values (?,?,?,?,?)
Hibernate: insert into shift_assignments (employee_id,end_time,shift_name,start_time,work_date) values (?,?,?,?,?)
2025-10-13T15:13:07.726+09:00 DEBUG 16864 --- [Shift Scheduler Demo] [           main] org.hibernate.SQL                        : select last_insert_rowid()
Hibernate: select last_insert_rowid()
2025-10-13T15:13:07.727+09:00 DEBUG 16864 --- [Shift Scheduler Demo] [           main] org.hibernate.SQL                        : insert into shift_assignments (employee_id,end_time,shift_name,start_time,work_date) values (?,?,?,?,?)
Hibernate: insert into shift_assignments (employee_id,end_time,shift_name,start_time,work_date) values (?,?,?,?,?)
2025-10-13T15:13:07.727+09:00 DEBUG 16864 --- [Shift Scheduler Demo] [           main] org.hibernate.SQL                        : select last_insert_rowid()
Hibernate: select last_insert_rowid()
2025-10-13T15:13:07.728+09:00 DEBUG 16864 --- [Shift Scheduler Demo] [           main] org.hibernate.SQL                        : insert into shift_assignments (employee_id,end_time,shift_name,start_time,work_date) values (?,?,?,?,?)
Hibernate: insert into shift_assignments (employee_id,end_time,shift_name,start_time,work_date) values (?,?,?,?,?)
2025-10-13T15:13:07.728+09:00 DEBUG 16864 --- [Shift Scheduler Demo] [           main] org.hibernate.SQL                        : select last_insert_rowid()
Hibernate: select last_insert_rowid()
2025-10-13T15:13:07.729+09:00 DEBUG 16864 --- [Shift Scheduler Demo] [           main] org.hibernate.SQL                        : insert into shift_assignments (employee_id,end_time,shift_name,start_time,work_date) values (?,?,?,?,?)
Hibernate: insert into shift_assignments (employee_id,end_time,shift_name,start_time,work_date) values (?,?,?,?,?)
2025-10-13T15:13:07.768+09:00 DEBUG 16864 --- [Shift Scheduler Demo] [           main] org.hibernate.SQL                        : select last_insert_rowid()
Hibernate: select last_insert_rowid()
2025-10-13T15:13:07.770+09:00 DEBUG 16864 --- [Shift Scheduler Demo] [           main] org.hibernate.SQL                        : insert into shift_assignments (employee_id,end_time,shift_name,start_time,work_date) values (?,?,?,?,?)
Hibernate: insert into shift_assignments (employee_id,end_time,shift_name,start_time,work_date) values (?,?,?,?,?)
2025-10-13T15:13:07.771+09:00 DEBUG 16864 --- [Shift Scheduler Demo] [           main] org.hibernate.SQL                        : select last_insert_rowid()
Hibernate: select last_insert_rowid()
2025-10-13T15:13:07.780+09:00 DEBUG 16864 --- [Shift Scheduler Demo] [           main] org.hibernate.SQL                        : insert into shift_assignments (employee_id,end_time,shift_name,start_time,work_date) values (?,?,?,?,?)
Hibernate: insert into shift_assignments (employee_id,end_time,shift_name,start_time,work_date) values (?,?,?,?,?)
2025-10-13T15:13:07.781+09:00 DEBUG 16864 --- [Shift Scheduler Demo] [           main] org.hibernate.SQL                        : select last_insert_rowid()
Hibernate: select last_insert_rowid()
2025-10-13T15:13:07.782+09:00 DEBUG 16864 --- [Shift Scheduler Demo] [           main] org.hibernate.SQL                        : insert into shift_assignments (employee_id,end_time,shift_name,start_time,work_date) values (?,?,?,?,?)
Hibernate: insert into shift_assignments (employee_id,end_time,shift_name,start_time,work_date) values (?,?,?,?,?)
2025-10-13T15:13:07.785+09:00 DEBUG 16864 --- [Shift Scheduler Demo] [           main] org.hibernate.SQL                        : select last_insert_rowid()
Hibernate: select last_insert_rowid()
2025-10-13T15:13:07.785+09:00 DEBUG 16864 --- [Shift Scheduler Demo] [           main] org.hibernate.SQL                        : insert into shift_assignments (employee_id,end_time,shift_name,start_time,work_date) values (?,?,?,?,?)
Hibernate: insert into shift_assignments (employee_id,end_time,shift_name,start_time,work_date) values (?,?,?,?,?)
2025-10-13T15:13:07.785+09:00 DEBUG 16864 --- [Shift Scheduler Demo] [           main] org.hibernate.SQL                        : select last_insert_rowid()
Hibernate: select last_insert_rowid()
2025-10-13T15:13:07.787+09:00 DEBUG 16864 --- [Shift Scheduler Demo] [           main] org.hibernate.SQL                        : insert into shift_assignments (employee_id,end_time,shift_name,start_time,work_date) values (?,?,?,?,?)
Hibernate: insert into shift_assignments (employee_id,end_time,shift_name,start_time,work_date) values (?,?,?,?,?)
2025-10-13T15:13:07.787+09:00 DEBUG 16864 --- [Shift Scheduler Demo] [           main] org.hibernate.SQL                        : select last_insert_rowid()
Hibernate: select last_insert_rowid()
2025-10-13T15:13:07.799+09:00 DEBUG 16864 --- [Shift Scheduler Demo] [           main] org.hibernate.SQL                        : insert into shift_assignments (employee_id,end_time,shift_name,start_time,work_date) values (?,?,?,?,?)
Hibernate: insert into shift_assignments (employee_id,end_time,shift_name,start_time,work_date) values (?,?,?,?,?)
2025-10-13T15:13:07.799+09:00 DEBUG 16864 --- [Shift Scheduler Demo] [           main] org.hibernate.SQL                        : select last_insert_rowid()
Hibernate: select last_insert_rowid()
2025-10-13T15:13:07.799+09:00 DEBUG 16864 --- [Shift Scheduler Demo] [           main] org.hibernate.SQL                        : insert into shift_assignments (employee_id,end_time,shift_name,start_time,work_date) values (?,?,?,?,?)
Hibernate: insert into shift_assignments (employee_id,end_time,shift_name,start_time,work_date) values (?,?,?,?,?)
2025-10-13T15:13:07.801+09:00 DEBUG 16864 --- [Shift Scheduler Demo] [           main] org.hibernate.SQL                        : select last_insert_rowid()
Hibernate: select last_insert_rowid()
2025-10-13T15:13:07.801+09:00 DEBUG 16864 --- [Shift Scheduler Demo] [           main] org.hibernate.SQL                        : insert into shift_assignments (employee_id,end_time,shift_name,start_time,work_date) values (?,?,?,?,?)
Hibernate: insert into shift_assignments (employee_id,end_time,shift_name,start_time,work_date) values (?,?,?,?,?)
2025-10-13T15:13:07.801+09:00 DEBUG 16864 --- [Shift Scheduler Demo] [           main] org.hibernate.SQL                        : select last_insert_rowid()
Hibernate: select last_insert_rowid()
2025-10-13T15:13:07.801+09:00 DEBUG 16864 --- [Shift Scheduler Demo] [           main] org.hibernate.SQL                        : insert into shift_assignments (employee_id,end_time,shift_name,start_time,work_date) values (?,?,?,?,?)
Hibernate: insert into shift_assignments (employee_id,end_time,shift_name,start_time,work_date) values (?,?,?,?,?)
2025-10-13T15:13:07.803+09:00 DEBUG 16864 --- [Shift Scheduler Demo] [           main] org.hibernate.SQL                        : select last_insert_rowid()
Hibernate: select last_insert_rowid()
2025-10-13T15:13:07.804+09:00 DEBUG 16864 --- [Shift Scheduler Demo] [           main] org.hibernate.SQL                        : insert into shift_assignments (employee_id,end_time,shift_name,start_time,work_date) values (?,?,?,?,?)
Hibernate: insert into shift_assignments (employee_id,end_time,shift_name,start_time,work_date) values (?,?,?,?,?)
2025-10-13T15:13:07.804+09:00 DEBUG 16864 --- [Shift Scheduler Demo] [           main] org.hibernate.SQL                        : select last_insert_rowid()
Hibernate: select last_insert_rowid()
2025-10-13T15:13:07.804+09:00 DEBUG 16864 --- [Shift Scheduler Demo] [           main] org.hibernate.SQL                        : insert into shift_assignments (employee_id,end_time,shift_name,start_time,work_date) values (?,?,?,?,?)
Hibernate: insert into shift_assignments (employee_id,end_time,shift_name,start_time,work_date) values (?,?,?,?,?)
2025-10-13T15:13:07.805+09:00 DEBUG 16864 --- [Shift Scheduler Demo] [           main] org.hibernate.SQL                        : select last_insert_rowid()
Hibernate: select last_insert_rowid()
2025-10-13T15:13:07.805+09:00 DEBUG 16864 --- [Shift Scheduler Demo] [           main] org.hibernate.SQL                        : insert into shift_assignments (employee_id,end_time,shift_name,start_time,work_date) values (?,?,?,?,?)
Hibernate: insert into shift_assignments (employee_id,end_time,shift_name,start_time,work_date) values (?,?,?,?,?)
2025-10-13T15:13:07.806+09:00 DEBUG 16864 --- [Shift Scheduler Demo] [           main] org.hibernate.SQL                        : select last_insert_rowid()
Hibernate: select last_insert_rowid()
2025-10-13T15:13:07.807+09:00 DEBUG 16864 --- [Shift Scheduler Demo] [           main] org.hibernate.SQL                        : insert into shift_assignments (employee_id,end_time,shift_name,start_time,work_date) values (?,?,?,?,?)
Hibernate: insert into shift_assignments (employee_id,end_time,shift_name,start_time,work_date) values (?,?,?,?,?)
2025-10-13T15:13:07.808+09:00 DEBUG 16864 --- [Shift Scheduler Demo] [           main] org.hibernate.SQL                        : select last_insert_rowid()
Hibernate: select last_insert_rowid()
2025-10-13T15:13:07.809+09:00 DEBUG 16864 --- [Shift Scheduler Demo] [           main] org.hibernate.SQL                        : insert into shift_assignments (employee_id,end_time,shift_name,start_time,work_date) values (?,?,?,?,?)
Hibernate: insert into shift_assignments (employee_id,end_time,shift_name,start_time,work_date) values (?,?,?,?,?)
2025-10-13T15:13:07.809+09:00 DEBUG 16864 --- [Shift Scheduler Demo] [           main] org.hibernate.SQL                        : select last_insert_rowid()
Hibernate: select last_insert_rowid()
2025-10-13T15:13:07.809+09:00 DEBUG 16864 --- [Shift Scheduler Demo] [           main] org.hibernate.SQL                        : insert into shift_assignments (employee_id,end_time,shift_name,start_time,work_date) values (?,?,?,?,?)
Hibernate: insert into shift_assignments (employee_id,end_time,shift_name,start_time,work_date) values (?,?,?,?,?)
2025-10-13T15:13:07.809+09:00 DEBUG 16864 --- [Shift Scheduler Demo] [           main] org.hibernate.SQL                        : select last_insert_rowid()
Hibernate: select last_insert_rowid()
2025-10-13T15:13:07.809+09:00 DEBUG 16864 --- [Shift Scheduler Demo] [           main] org.hibernate.SQL                        : insert into shift_assignments (employee_id,end_time,shift_name,start_time,work_date) values (?,?,?,?,?)
Hibernate: insert into shift_assignments (employee_id,end_time,shift_name,start_time,work_date) values (?,?,?,?,?)
2025-10-13T15:13:07.809+09:00 DEBUG 16864 --- [Shift Scheduler Demo] [           main] org.hibernate.SQL                        : select last_insert_rowid()
Hibernate: select last_insert_rowid()
2025-10-13T15:13:07.809+09:00 DEBUG 16864 --- [Shift Scheduler Demo] [           main] org.hibernate.SQL                        : insert into shift_assignments (employee_id,end_time,shift_name,start_time,work_date) values (?,?,?,?,?)
Hibernate: insert into shift_assignments (employee_id,end_time,shift_name,start_time,work_date) values (?,?,?,?,?)
2025-10-13T15:13:07.809+09:00 DEBUG 16864 --- [Shift Scheduler Demo] [           main] org.hibernate.SQL                        : select last_insert_rowid()
Hibernate: select last_insert_rowid()
2025-10-13T15:13:07.809+09:00 DEBUG 16864 --- [Shift Scheduler Demo] [           main] org.hibernate.SQL                        : insert into shift_assignments (employee_id,end_time,shift_name,start_time,work_date) values (?,?,?,?,?)
Hibernate: insert into shift_assignments (employee_id,end_time,shift_name,start_time,work_date) values (?,?,?,?,?)
2025-10-13T15:13:07.809+09:00 DEBUG 16864 --- [Shift Scheduler Demo] [           main] org.hibernate.SQL                        : select last_insert_rowid()
Hibernate: select last_insert_rowid()
2025-10-13T15:13:07.809+09:00 DEBUG 16864 --- [Shift Scheduler Demo] [           main] org.hibernate.SQL                        : insert into shift_assignments (employee_id,end_time,shift_name,start_time,work_date) values (?,?,?,?,?)
Hibernate: insert into shift_assignments (employee_id,end_time,shift_name,start_time,work_date) values (?,?,?,?,?)
2025-10-13T15:13:07.809+09:00 DEBUG 16864 --- [Shift Scheduler Demo] [           main] org.hibernate.SQL                        : select last_insert_rowid()
Hibernate: select last_insert_rowid()
2025-10-13T15:13:07.809+09:00 DEBUG 16864 --- [Shift Scheduler Demo] [           main] org.hibernate.SQL                        : insert into shift_assignments (employee_id,end_time,shift_name,start_time,work_date) values (?,?,?,?,?)
Hibernate: insert into shift_assignments (employee_id,end_time,shift_name,start_time,work_date) values (?,?,?,?,?)
2025-10-13T15:13:07.809+09:00 DEBUG 16864 --- [Shift Scheduler Demo] [           main] org.hibernate.SQL                        : select last_insert_rowid()
Hibernate: select last_insert_rowid()
2025-10-13T15:13:07.809+09:00 DEBUG 16864 --- [Shift Scheduler Demo] [           main] org.hibernate.SQL                        : insert into shift_assignments (employee_id,end_time,shift_name,start_time,work_date) values (?,?,?,?,?)
Hibernate: insert into shift_assignments (employee_id,end_time,shift_name,start_time,work_date) values (?,?,?,?,?)
2025-10-13T15:13:07.809+09:00 DEBUG 16864 --- [Shift Scheduler Demo] [           main] org.hibernate.SQL                        : select last_insert_rowid()
Hibernate: select last_insert_rowid()
2025-10-13T15:13:07.809+09:00 DEBUG 16864 --- [Shift Scheduler Demo] [           main] org.hibernate.SQL                        : insert into shift_assignments (employee_id,end_time,shift_name,start_time,work_date) values (?,?,?,?,?)
Hibernate: insert into shift_assignments (employee_id,end_time,shift_name,start_time,work_date) values (?,?,?,?,?)
2025-10-13T15:13:07.809+09:00 DEBUG 16864 --- [Shift Scheduler Demo] [           main] org.hibernate.SQL                        : select last_insert_rowid()
Hibernate: select last_insert_rowid()
2025-10-13T15:13:07.809+09:00 DEBUG 16864 --- [Shift Scheduler Demo] [           main] org.hibernate.SQL                        : insert into shift_assignments (employee_id,end_time,shift_name,start_time,work_date) values (?,?,?,?,?)
Hibernate: insert into shift_assignments (employee_id,end_time,shift_name,start_time,work_date) values (?,?,?,?,?)
2025-10-13T15:13:07.809+09:00 DEBUG 16864 --- [Shift Scheduler Demo] [           main] org.hibernate.SQL                        : select last_insert_rowid()
Hibernate: select last_insert_rowid()
2025-10-13T15:13:07.809+09:00 DEBUG 16864 --- [Shift Scheduler Demo] [           main] org.hibernate.SQL                        : insert into shift_assignments (employee_id,end_time,shift_name,start_time,work_date) values (?,?,?,?,?)
Hibernate: insert into shift_assignments (employee_id,end_time,shift_name,start_time,work_date) values (?,?,?,?,?)
2025-10-13T15:13:07.809+09:00 DEBUG 16864 --- [Shift Scheduler Demo] [           main] org.hibernate.SQL                        : select last_insert_rowid()
Hibernate: select last_insert_rowid()
2025-10-13T15:13:07.809+09:00 DEBUG 16864 --- [Shift Scheduler Demo] [           main] org.hibernate.SQL                        : insert into shift_assignments (employee_id,end_time,shift_name,start_time,work_date) values (?,?,?,?,?)
Hibernate: insert into shift_assignments (employee_id,end_time,shift_name,start_time,work_date) values (?,?,?,?,?)
2025-10-13T15:13:07.809+09:00 DEBUG 16864 --- [Shift Scheduler Demo] [           main] org.hibernate.SQL                        : select last_insert_rowid()
Hibernate: select last_insert_rowid()
2025-10-13T15:13:07.809+09:00 DEBUG 16864 --- [Shift Scheduler Demo] [           main] org.hibernate.SQL                        : insert into shift_assignments (employee_id,end_time,shift_name,start_time,work_date) values (?,?,?,?,?)
Hibernate: insert into shift_assignments (employee_id,end_time,shift_name,start_time,work_date) values (?,?,?,?,?)
2025-10-13T15:13:07.809+09:00 DEBUG 16864 --- [Shift Scheduler Demo] [           main] org.hibernate.SQL                        : select last_insert_rowid()
Hibernate: select last_insert_rowid()
2025-10-13T15:13:07.821+09:00 DEBUG 16864 --- [Shift Scheduler Demo] [           main] org.hibernate.SQL                        : insert into shift_assignments (employee_id,end_time,shift_name,start_time,work_date) values (?,?,?,?,?)
Hibernate: insert into shift_assignments (employee_id,end_time,shift_name,start_time,work_date) values (?,?,?,?,?)
2025-10-13T15:13:07.822+09:00 DEBUG 16864 --- [Shift Scheduler Demo] [           main] org.hibernate.SQL                        : select last_insert_rowid()
Hibernate: select last_insert_rowid()
2025-10-13T15:13:07.822+09:00 DEBUG 16864 --- [Shift Scheduler Demo] [           main] org.hibernate.SQL                        : insert into shift_assignments (employee_id,end_time,shift_name,start_time,work_date) values (?,?,?,?,?)
Hibernate: insert into shift_assignments (employee_id,end_time,shift_name,start_time,work_date) values (?,?,?,?,?)
2025-10-13T15:13:07.823+09:00 DEBUG 16864 --- [Shift Scheduler Demo] [           main] org.hibernate.SQL                        : select last_insert_rowid()
Hibernate: select last_insert_rowid()
2025-10-13T15:13:07.823+09:00 DEBUG 16864 --- [Shift Scheduler Demo] [           main] org.hibernate.SQL                        : insert into shift_assignments (employee_id,end_time,shift_name,start_time,work_date) values (?,?,?,?,?)
Hibernate: insert into shift_assignments (employee_id,end_time,shift_name,start_time,work_date) values (?,?,?,?,?)
2025-10-13T15:13:07.823+09:00 DEBUG 16864 --- [Shift Scheduler Demo] [           main] org.hibernate.SQL                        : select last_insert_rowid()
Hibernate: select last_insert_rowid()
2025-10-13T15:13:07.823+09:00 DEBUG 16864 --- [Shift Scheduler Demo] [           main] org.hibernate.SQL                        : insert into shift_assignments (employee_id,end_time,shift_name,start_time,work_date) values (?,?,?,?,?)
Hibernate: insert into shift_assignments (employee_id,end_time,shift_name,start_time,work_date) values (?,?,?,?,?)
2025-10-13T15:13:07.824+09:00 DEBUG 16864 --- [Shift Scheduler Demo] [           main] org.hibernate.SQL                        : select last_insert_rowid()
Hibernate: select last_insert_rowid()
2025-10-13T15:13:07.826+09:00 DEBUG 16864 --- [Shift Scheduler Demo] [           main] org.hibernate.SQL                        : insert into shift_assignments (employee_id,end_time,shift_name,start_time,work_date) values (?,?,?,?,?)
Hibernate: insert into shift_assignments (employee_id,end_time,shift_name,start_time,work_date) values (?,?,?,?,?)
2025-10-13T15:13:07.828+09:00 DEBUG 16864 --- [Shift Scheduler Demo] [           main] org.hibernate.SQL                        : select last_insert_rowid()
Hibernate: select last_insert_rowid()
2025-10-13T15:13:07.829+09:00 DEBUG 16864 --- [Shift Scheduler Demo] [           main] org.hibernate.SQL                        : insert into shift_assignments (employee_id,end_time,shift_name,start_time,work_date) values (?,?,?,?,?)
Hibernate: insert into shift_assignments (employee_id,end_time,shift_name,start_time,work_date) values (?,?,?,?,?)
2025-10-13T15:13:07.829+09:00 DEBUG 16864 --- [Shift Scheduler Demo] [           main] org.hibernate.SQL                        : select last_insert_rowid()
Hibernate: select last_insert_rowid()
2025-10-13T15:13:07.830+09:00 DEBUG 16864 --- [Shift Scheduler Demo] [           main] org.hibernate.SQL                        : insert into shift_assignments (employee_id,end_time,shift_name,start_time,work_date) values (?,?,?,?,?)
Hibernate: insert into shift_assignments (employee_id,end_time,shift_name,start_time,work_date) values (?,?,?,?,?)
2025-10-13T15:13:07.830+09:00 DEBUG 16864 --- [Shift Scheduler Demo] [           main] org.hibernate.SQL                        : select last_insert_rowid()
Hibernate: select last_insert_rowid()
2025-10-13T15:13:07.830+09:00 DEBUG 16864 --- [Shift Scheduler Demo] [           main] org.hibernate.SQL                        : insert into shift_assignments (employee_id,end_time,shift_name,start_time,work_date) values (?,?,?,?,?)
Hibernate: insert into shift_assignments (employee_id,end_time,shift_name,start_time,work_date) values (?,?,?,?,?)
2025-10-13T15:13:07.831+09:00 DEBUG 16864 --- [Shift Scheduler Demo] [           main] org.hibernate.SQL                        : select last_insert_rowid()
Hibernate: select last_insert_rowid()
2025-10-13T15:13:07.831+09:00 DEBUG 16864 --- [Shift Scheduler Demo] [           main] org.hibernate.SQL                        : insert into shift_assignments (employee_id,end_time,shift_name,start_time,work_date) values (?,?,?,?,?)
Hibernate: insert into shift_assignments (employee_id,end_time,shift_name,start_time,work_date) values (?,?,?,?,?)
2025-10-13T15:13:07.831+09:00 DEBUG 16864 --- [Shift Scheduler Demo] [           main] org.hibernate.SQL                        : select last_insert_rowid()
Hibernate: select last_insert_rowid()
2025-10-13T15:13:07.832+09:00 DEBUG 16864 --- [Shift Scheduler Demo] [           main] org.hibernate.SQL                        : insert into shift_assignments (employee_id,end_time,shift_name,start_time,work_date) values (?,?,?,?,?)
Hibernate: insert into shift_assignments (employee_id,end_time,shift_name,start_time,work_date) values (?,?,?,?,?)
2025-10-13T15:13:07.832+09:00 DEBUG 16864 --- [Shift Scheduler Demo] [           main] org.hibernate.SQL                        : select last_insert_rowid()
Hibernate: select last_insert_rowid()
2025-10-13T15:13:07.832+09:00 DEBUG 16864 --- [Shift Scheduler Demo] [           main] org.hibernate.SQL                        : insert into shift_assignments (employee_id,end_time,shift_name,start_time,work_date) values (?,?,?,?,?)
Hibernate: insert into shift_assignments (employee_id,end_time,shift_name,start_time,work_date) values (?,?,?,?,?)
2025-10-13T15:13:07.832+09:00 DEBUG 16864 --- [Shift Scheduler Demo] [           main] org.hibernate.SQL                        : select last_insert_rowid()
Hibernate: select last_insert_rowid()
2025-10-13T15:13:07.833+09:00 DEBUG 16864 --- [Shift Scheduler Demo] [           main] org.hibernate.SQL                        : insert into shift_assignments (employee_id,end_time,shift_name,start_time,work_date) values (?,?,?,?,?)
Hibernate: insert into shift_assignments (employee_id,end_time,shift_name,start_time,work_date) values (?,?,?,?,?)
2025-10-13T15:13:07.833+09:00 DEBUG 16864 --- [Shift Scheduler Demo] [           main] org.hibernate.SQL                        : select last_insert_rowid()
Hibernate: select last_insert_rowid()
2025-10-13T15:13:07.833+09:00 DEBUG 16864 --- [Shift Scheduler Demo] [           main] org.hibernate.SQL                        : insert into shift_assignments (employee_id,end_time,shift_name,start_time,work_date) values (?,?,?,?,?)
Hibernate: insert into shift_assignments (employee_id,end_time,shift_name,start_time,work_date) values (?,?,?,?,?)
2025-10-13T15:13:07.833+09:00 DEBUG 16864 --- [Shift Scheduler Demo] [           main] org.hibernate.SQL                        : select last_insert_rowid()
Hibernate: select last_insert_rowid()
2025-10-13T15:13:07.834+09:00 DEBUG 16864 --- [Shift Scheduler Demo] [           main] org.hibernate.SQL                        : insert into shift_assignments (employee_id,end_time,shift_name,start_time,work_date) values (?,?,?,?,?)
Hibernate: insert into shift_assignments (employee_id,end_time,shift_name,start_time,work_date) values (?,?,?,?,?)
2025-10-13T15:13:07.834+09:00 DEBUG 16864 --- [Shift Scheduler Demo] [           main] org.hibernate.SQL                        : select last_insert_rowid()
Hibernate: select last_insert_rowid()
2025-10-13T15:13:07.834+09:00 DEBUG 16864 --- [Shift Scheduler Demo] [           main] org.hibernate.SQL                        : insert into shift_assignments (employee_id,end_time,shift_name,start_time,work_date) values (?,?,?,?,?)
Hibernate: insert into shift_assignments (employee_id,end_time,shift_name,start_time,work_date) values (?,?,?,?,?)
2025-10-13T15:13:07.834+09:00 DEBUG 16864 --- [Shift Scheduler Demo] [           main] org.hibernate.SQL                        : select last_insert_rowid()
Hibernate: select last_insert_rowid()
2025-10-13T15:13:07.835+09:00 DEBUG 16864 --- [Shift Scheduler Demo] [           main] org.hibernate.SQL                        : insert into shift_assignments (employee_id,end_time,shift_name,start_time,work_date) values (?,?,?,?,?)
Hibernate: insert into shift_assignments (employee_id,end_time,shift_name,start_time,work_date) values (?,?,?,?,?)
2025-10-13T15:13:07.835+09:00 DEBUG 16864 --- [Shift Scheduler Demo] [           main] org.hibernate.SQL                        : select last_insert_rowid()
Hibernate: select last_insert_rowid()
2025-10-13T15:13:07.835+09:00 DEBUG 16864 --- [Shift Scheduler Demo] [           main] org.hibernate.SQL                        : insert into shift_assignments (employee_id,end_time,shift_name,start_time,work_date) values (?,?,?,?,?)
Hibernate: insert into shift_assignments (employee_id,end_time,shift_name,start_time,work_date) values (?,?,?,?,?)
2025-10-13T15:13:07.835+09:00 DEBUG 16864 --- [Shift Scheduler Demo] [           main] org.hibernate.SQL                        : select last_insert_rowid()
Hibernate: select last_insert_rowid()
2025-10-13T15:13:07.836+09:00 DEBUG 16864 --- [Shift Scheduler Demo] [           main] org.hibernate.SQL                        : insert into shift_assignments (employee_id,end_time,shift_name,start_time,work_date) values (?,?,?,?,?)
Hibernate: insert into shift_assignments (employee_id,end_time,shift_name,start_time,work_date) values (?,?,?,?,?)
2025-10-13T15:13:07.836+09:00 DEBUG 16864 --- [Shift Scheduler Demo] [           main] org.hibernate.SQL                        : select last_insert_rowid()
Hibernate: select last_insert_rowid()
2025-10-13T15:13:07.836+09:00 DEBUG 16864 --- [Shift Scheduler Demo] [           main] org.hibernate.SQL                        : insert into shift_assignments (employee_id,end_time,shift_name,start_time,work_date) values (?,?,?,?,?)
Hibernate: insert into shift_assignments (employee_id,end_time,shift_name,start_time,work_date) values (?,?,?,?,?)
2025-10-13T15:13:07.837+09:00 DEBUG 16864 --- [Shift Scheduler Demo] [           main] org.hibernate.SQL                        : select last_insert_rowid()
Hibernate: select last_insert_rowid()
2025-10-13T15:13:07.841+09:00 DEBUG 16864 --- [Shift Scheduler Demo] [           main] org.hibernate.SQL                        : insert into shift_assignments (employee_id,end_time,shift_name,start_time,work_date) values (?,?,?,?,?)
Hibernate: insert into shift_assignments (employee_id,end_time,shift_name,start_time,work_date) values (?,?,?,?,?)
2025-10-13T15:13:07.842+09:00 DEBUG 16864 --- [Shift Scheduler Demo] [           main] org.hibernate.SQL                        : select last_insert_rowid()
Hibernate: select last_insert_rowid()
2025-10-13T15:13:07.843+09:00 DEBUG 16864 --- [Shift Scheduler Demo] [           main] org.hibernate.SQL                        : insert into shift_assignments (employee_id,end_time,shift_name,start_time,work_date) values (?,?,?,?,?)
Hibernate: insert into shift_assignments (employee_id,end_time,shift_name,start_time,work_date) values (?,?,?,?,?)
2025-10-13T15:13:07.843+09:00 DEBUG 16864 --- [Shift Scheduler Demo] [           main] org.hibernate.SQL                        : select last_insert_rowid()
Hibernate: select last_insert_rowid()
2025-10-13T15:13:07.844+09:00 DEBUG 16864 --- [Shift Scheduler Demo] [           main] org.hibernate.SQL                        : insert into shift_assignments (employee_id,end_time,shift_name,start_time,work_date) values (?,?,?,?,?)
Hibernate: insert into shift_assignments (employee_id,end_time,shift_name,start_time,work_date) values (?,?,?,?,?)
2025-10-13T15:13:07.844+09:00 DEBUG 16864 --- [Shift Scheduler Demo] [           main] org.hibernate.SQL                        : select last_insert_rowid()
Hibernate: select last_insert_rowid()
2025-10-13T15:13:07.844+09:00 DEBUG 16864 --- [Shift Scheduler Demo] [           main] org.hibernate.SQL                        : insert into shift_assignments (employee_id,end_time,shift_name,start_time,work_date) values (?,?,?,?,?)
Hibernate: insert into shift_assignments (employee_id,end_time,shift_name,start_time,work_date) values (?,?,?,?,?)
2025-10-13T15:13:07.845+09:00 DEBUG 16864 --- [Shift Scheduler Demo] [           main] org.hibernate.SQL                        : select last_insert_rowid()
Hibernate: select last_insert_rowid()
2025-10-13T15:13:07.845+09:00 DEBUG 16864 --- [Shift Scheduler Demo] [           main] org.hibernate.SQL                        : insert into shift_assignments (employee_id,end_time,shift_name,start_time,work_date) values (?,?,?,?,?)
Hibernate: insert into shift_assignments (employee_id,end_time,shift_name,start_time,work_date) values (?,?,?,?,?)
2025-10-13T15:13:07.845+09:00 DEBUG 16864 --- [Shift Scheduler Demo] [           main] org.hibernate.SQL                        : select last_insert_rowid()
Hibernate: select last_insert_rowid()
2025-10-13T15:13:07.845+09:00 DEBUG 16864 --- [Shift Scheduler Demo] [           main] org.hibernate.SQL                        : insert into shift_assignments (employee_id,end_time,shift_name,start_time,work_date) values (?,?,?,?,?)
Hibernate: insert into shift_assignments (employee_id,end_time,shift_name,start_time,work_date) values (?,?,?,?,?)
2025-10-13T15:13:07.845+09:00 DEBUG 16864 --- [Shift Scheduler Demo] [           main] org.hibernate.SQL                        : select last_insert_rowid()
Hibernate: select last_insert_rowid()
2025-10-13T15:13:07.845+09:00 DEBUG 16864 --- [Shift Scheduler Demo] [           main] org.hibernate.SQL                        : insert into shift_assignments (employee_id,end_time,shift_name,start_time,work_date) values (?,?,?,?,?)
Hibernate: insert into shift_assignments (employee_id,end_time,shift_name,start_time,work_date) values (?,?,?,?,?)
2025-10-13T15:13:07.846+09:00 DEBUG 16864 --- [Shift Scheduler Demo] [           main] org.hibernate.SQL                        : select last_insert_rowid()
Hibernate: select last_insert_rowid()
2025-10-13T15:13:07.846+09:00 DEBUG 16864 --- [Shift Scheduler Demo] [           main] org.hibernate.SQL                        : insert into shift_assignments (employee_id,end_time,shift_name,start_time,work_date) values (?,?,?,?,?)
Hibernate: insert into shift_assignments (employee_id,end_time,shift_name,start_time,work_date) values (?,?,?,?,?)
2025-10-13T15:13:07.846+09:00 DEBUG 16864 --- [Shift Scheduler Demo] [           main] org.hibernate.SQL                        : select last_insert_rowid()
Hibernate: select last_insert_rowid()
2025-10-13T15:13:07.846+09:00 DEBUG 16864 --- [Shift Scheduler Demo] [           main] org.hibernate.SQL                        : insert into shift_assignments (employee_id,end_time,shift_name,start_time,work_date) values (?,?,?,?,?)
Hibernate: insert into shift_assignments (employee_id,end_time,shift_name,start_time,work_date) values (?,?,?,?,?)
2025-10-13T15:13:07.846+09:00 DEBUG 16864 --- [Shift Scheduler Demo] [           main] org.hibernate.SQL                        : select last_insert_rowid()
Hibernate: select last_insert_rowid()
2025-10-13T15:13:07.846+09:00 DEBUG 16864 --- [Shift Scheduler Demo] [           main] org.hibernate.SQL                        : insert into shift_assignments (employee_id,end_time,shift_name,start_time,work_date) values (?,?,?,?,?)
Hibernate: insert into shift_assignments (employee_id,end_time,shift_name,start_time,work_date) values (?,?,?,?,?)
2025-10-13T15:13:07.847+09:00 DEBUG 16864 --- [Shift Scheduler Demo] [           main] org.hibernate.SQL                        : select last_insert_rowid()
Hibernate: select last_insert_rowid()
2025-10-13T15:13:07.847+09:00 DEBUG 16864 --- [Shift Scheduler Demo] [           main] org.hibernate.SQL                        : insert into shift_assignments (employee_id,end_time,shift_name,start_time,work_date) values (?,?,?,?,?)
Hibernate: insert into shift_assignments (employee_id,end_time,shift_name,start_time,work_date) values (?,?,?,?,?)
2025-10-13T15:13:07.847+09:00 DEBUG 16864 --- [Shift Scheduler Demo] [           main] org.hibernate.SQL                        : select last_insert_rowid()
Hibernate: select last_insert_rowid()
2025-10-13T15:13:07.847+09:00 DEBUG 16864 --- [Shift Scheduler Demo] [           main] org.hibernate.SQL                        : insert into shift_assignments (employee_id,end_time,shift_name,start_time,work_date) values (?,?,?,?,?)
Hibernate: insert into shift_assignments (employee_id,end_time,shift_name,start_time,work_date) values (?,?,?,?,?)
2025-10-13T15:13:07.847+09:00 DEBUG 16864 --- [Shift Scheduler Demo] [           main] org.hibernate.SQL                        : select last_insert_rowid()
Hibernate: select last_insert_rowid()
2025-10-13T15:13:07.848+09:00 DEBUG 16864 --- [Shift Scheduler Demo] [           main] org.hibernate.SQL                        : insert into shift_assignments (employee_id,end_time,shift_name,start_time,work_date) values (?,?,?,?,?)
Hibernate: insert into shift_assignments (employee_id,end_time,shift_name,start_time,work_date) values (?,?,?,?,?)
2025-10-13T15:13:07.848+09:00 DEBUG 16864 --- [Shift Scheduler Demo] [           main] org.hibernate.SQL                        : select last_insert_rowid()
Hibernate: select last_insert_rowid()
2025-10-13T15:13:07.848+09:00 DEBUG 16864 --- [Shift Scheduler Demo] [           main] org.hibernate.SQL                        : insert into shift_assignments (employee_id,end_time,shift_name,start_time,work_date) values (?,?,?,?,?)
Hibernate: insert into shift_assignments (employee_id,end_time,shift_name,start_time,work_date) values (?,?,?,?,?)
2025-10-13T15:13:07.848+09:00 DEBUG 16864 --- [Shift Scheduler Demo] [           main] org.hibernate.SQL                        : select last_insert_rowid()
Hibernate: select last_insert_rowid()
2025-10-13T15:13:07.848+09:00 DEBUG 16864 --- [Shift Scheduler Demo] [           main] org.hibernate.SQL                        : insert into shift_assignments (employee_id,end_time,shift_name,start_time,work_date) values (?,?,?,?,?)
Hibernate: insert into shift_assignments (employee_id,end_time,shift_name,start_time,work_date) values (?,?,?,?,?)
2025-10-13T15:13:07.848+09:00 DEBUG 16864 --- [Shift Scheduler Demo] [           main] org.hibernate.SQL                        : select last_insert_rowid()
Hibernate: select last_insert_rowid()
2025-10-13T15:13:07.849+09:00 DEBUG 16864 --- [Shift Scheduler Demo] [           main] org.hibernate.SQL                        : insert into shift_assignments (employee_id,end_time,shift_name,start_time,work_date) values (?,?,?,?,?)
Hibernate: insert into shift_assignments (employee_id,end_time,shift_name,start_time,work_date) values (?,?,?,?,?)
2025-10-13T15:13:07.849+09:00 DEBUG 16864 --- [Shift Scheduler Demo] [           main] org.hibernate.SQL                        : select last_insert_rowid()
Hibernate: select last_insert_rowid()
2025-10-13T15:13:07.849+09:00 DEBUG 16864 --- [Shift Scheduler Demo] [           main] org.hibernate.SQL                        : insert into shift_assignments (employee_id,end_time,shift_name,start_time,work_date) values (?,?,?,?,?)
Hibernate: insert into shift_assignments (employee_id,end_time,shift_name,start_time,work_date) values (?,?,?,?,?)
2025-10-13T15:13:07.849+09:00 DEBUG 16864 --- [Shift Scheduler Demo] [           main] org.hibernate.SQL                        : select last_insert_rowid()
Hibernate: select last_insert_rowid()
2025-10-13T15:13:07.849+09:00 DEBUG 16864 --- [Shift Scheduler Demo] [           main] org.hibernate.SQL                        : insert into shift_assignments (employee_id,end_time,shift_name,start_time,work_date) values (?,?,?,?,?)
Hibernate: insert into shift_assignments (employee_id,end_time,shift_name,start_time,work_date) values (?,?,?,?,?)
2025-10-13T15:13:07.850+09:00 DEBUG 16864 --- [Shift Scheduler Demo] [           main] org.hibernate.SQL                        : select last_insert_rowid()
Hibernate: select last_insert_rowid()
2025-10-13T15:13:07.850+09:00 DEBUG 16864 --- [Shift Scheduler Demo] [           main] org.hibernate.SQL                        : insert into shift_assignments (employee_id,end_time,shift_name,start_time,work_date) values (?,?,?,?,?)
Hibernate: insert into shift_assignments (employee_id,end_time,shift_name,start_time,work_date) values (?,?,?,?,?)
2025-10-13T15:13:07.850+09:00 DEBUG 16864 --- [Shift Scheduler Demo] [           main] org.hibernate.SQL                        : select last_insert_rowid()
Hibernate: select last_insert_rowid()
2025-10-13T15:13:07.850+09:00 DEBUG 16864 --- [Shift Scheduler Demo] [           main] org.hibernate.SQL                        : insert into shift_assignments (employee_id,end_time,shift_name,start_time,work_date) values (?,?,?,?,?)
Hibernate: insert into shift_assignments (employee_id,end_time,shift_name,start_time,work_date) values (?,?,?,?,?)
2025-10-13T15:13:07.850+09:00 DEBUG 16864 --- [Shift Scheduler Demo] [           main] org.hibernate.SQL                        : select last_insert_rowid()
Hibernate: select last_insert_rowid()
2025-10-13T15:13:07.851+09:00 DEBUG 16864 --- [Shift Scheduler Demo] [           main] org.hibernate.SQL                        : insert into shift_assignments (employee_id,end_time,shift_name,start_time,work_date) values (?,?,?,?,?)
Hibernate: insert into shift_assignments (employee_id,end_time,shift_name,start_time,work_date) values (?,?,?,?,?)
2025-10-13T15:13:07.851+09:00 DEBUG 16864 --- [Shift Scheduler Demo] [           main] org.hibernate.SQL                        : select last_insert_rowid()
Hibernate: select last_insert_rowid()
2025-10-13T15:13:07.851+09:00 DEBUG 16864 --- [Shift Scheduler Demo] [           main] org.hibernate.SQL                        : insert into shift_assignments (employee_id,end_time,shift_name,start_time,work_date) values (?,?,?,?,?)
Hibernate: insert into shift_assignments (employee_id,end_time,shift_name,start_time,work_date) values (?,?,?,?,?)
2025-10-13T15:13:07.851+09:00 DEBUG 16864 --- [Shift Scheduler Demo] [           main] org.hibernate.SQL                        : select last_insert_rowid()
Hibernate: select last_insert_rowid()
2025-10-13T15:13:07.852+09:00 DEBUG 16864 --- [Shift Scheduler Demo] [           main] org.hibernate.SQL                        : insert into shift_assignments (employee_id,end_time,shift_name,start_time,work_date) values (?,?,?,?,?)
Hibernate: insert into shift_assignments (employee_id,end_time,shift_name,start_time,work_date) values (?,?,?,?,?)
2025-10-13T15:13:07.853+09:00 DEBUG 16864 --- [Shift Scheduler Demo] [           main] org.hibernate.SQL                        : select last_insert_rowid()
Hibernate: select last_insert_rowid()
2025-10-13T15:13:07.853+09:00 DEBUG 16864 --- [Shift Scheduler Demo] [           main] org.hibernate.SQL                        : insert into shift_assignments (employee_id,end_time,shift_name,start_time,work_date) values (?,?,?,?,?)
Hibernate: insert into shift_assignments (employee_id,end_time,shift_name,start_time,work_date) values (?,?,?,?,?)
2025-10-13T15:13:07.854+09:00 DEBUG 16864 --- [Shift Scheduler Demo] [           main] org.hibernate.SQL                        : select last_insert_rowid()
Hibernate: select last_insert_rowid()
2025-10-13T15:13:07.854+09:00 DEBUG 16864 --- [Shift Scheduler Demo] [           main] org.hibernate.SQL                        : insert into shift_assignments (employee_id,end_time,shift_name,start_time,work_date) values (?,?,?,?,?)
Hibernate: insert into shift_assignments (employee_id,end_time,shift_name,start_time,work_date) values (?,?,?,?,?)
2025-10-13T15:13:07.855+09:00 DEBUG 16864 --- [Shift Scheduler Demo] [           main] org.hibernate.SQL                        : select last_insert_rowid()
Hibernate: select last_insert_rowid()
2025-10-13T15:13:07.855+09:00 DEBUG 16864 --- [Shift Scheduler Demo] [           main] org.hibernate.SQL                        : insert into shift_assignments (employee_id,end_time,shift_name,start_time,work_date) values (?,?,?,?,?)
Hibernate: insert into shift_assignments (employee_id,end_time,shift_name,start_time,work_date) values (?,?,?,?,?)
2025-10-13T15:13:07.855+09:00 DEBUG 16864 --- [Shift Scheduler Demo] [           main] org.hibernate.SQL                        : select last_insert_rowid()
Hibernate: select last_insert_rowid()
2025-10-13T15:13:07.856+09:00 DEBUG 16864 --- [Shift Scheduler Demo] [           main] org.hibernate.SQL                        : insert into shift_assignments (employee_id,end_time,shift_name,start_time,work_date) values (?,?,?,?,?)
Hibernate: insert into shift_assignments (employee_id,end_time,shift_name,start_time,work_date) values (?,?,?,?,?)
2025-10-13T15:13:07.857+09:00 DEBUG 16864 --- [Shift Scheduler Demo] [           main] org.hibernate.SQL                        : select last_insert_rowid()
Hibernate: select last_insert_rowid()
2025-10-13T15:13:07.858+09:00 DEBUG 16864 --- [Shift Scheduler Demo] [           main] org.hibernate.SQL                        : insert into shift_assignments (employee_id,end_time,shift_name,start_time,work_date) values (?,?,?,?,?)
Hibernate: insert into shift_assignments (employee_id,end_time,shift_name,start_time,work_date) values (?,?,?,?,?)
2025-10-13T15:13:07.858+09:00 DEBUG 16864 --- [Shift Scheduler Demo] [           main] org.hibernate.SQL                        : select last_insert_rowid()
Hibernate: select last_insert_rowid()
2025-10-13T15:13:07.859+09:00 DEBUG 16864 --- [Shift Scheduler Demo] [           main] org.hibernate.SQL                        : insert into shift_assignments (employee_id,end_time,shift_name,start_time,work_date) values (?,?,?,?,?)
Hibernate: insert into shift_assignments (employee_id,end_time,shift_name,start_time,work_date) values (?,?,?,?,?)
2025-10-13T15:13:07.859+09:00 DEBUG 16864 --- [Shift Scheduler Demo] [           main] org.hibernate.SQL                        : select last_insert_rowid()
Hibernate: select last_insert_rowid()
2025-10-13T15:13:07.859+09:00 DEBUG 16864 --- [Shift Scheduler Demo] [           main] org.hibernate.SQL                        : insert into shift_assignments (employee_id,end_time,shift_name,start_time,work_date) values (?,?,?,?,?)
Hibernate: insert into shift_assignments (employee_id,end_time,shift_name,start_time,work_date) values (?,?,?,?,?)
2025-10-13T15:13:07.860+09:00 DEBUG 16864 --- [Shift Scheduler Demo] [           main] org.hibernate.SQL                        : select last_insert_rowid()
Hibernate: select last_insert_rowid()
2025-10-13T15:13:07.860+09:00 DEBUG 16864 --- [Shift Scheduler Demo] [           main] org.hibernate.SQL                        : insert into shift_assignments (employee_id,end_time,shift_name,start_time,work_date) values (?,?,?,?,?)
Hibernate: insert into shift_assignments (employee_id,end_time,shift_name,start_time,work_date) values (?,?,?,?,?)
2025-10-13T15:13:07.860+09:00 DEBUG 16864 --- [Shift Scheduler Demo] [           main] org.hibernate.SQL                        : select last_insert_rowid()
Hibernate: select last_insert_rowid()
2025-10-13T15:13:07.860+09:00 DEBUG 16864 --- [Shift Scheduler Demo] [           main] org.hibernate.SQL                        : insert into shift_assignments (employee_id,end_time,shift_name,start_time,work_date) values (?,?,?,?,?)
Hibernate: insert into shift_assignments (employee_id,end_time,shift_name,start_time,work_date) values (?,?,?,?,?)
2025-10-13T15:13:07.861+09:00 DEBUG 16864 --- [Shift Scheduler Demo] [           main] org.hibernate.SQL                        : select last_insert_rowid()
Hibernate: select last_insert_rowid()
2025-10-13T15:13:07.861+09:00 DEBUG 16864 --- [Shift Scheduler Demo] [           main] org.hibernate.SQL                        : insert into shift_assignments (employee_id,end_time,shift_name,start_time,work_date) values (?,?,?,?,?)
Hibernate: insert into shift_assignments (employee_id,end_time,shift_name,start_time,work_date) values (?,?,?,?,?)
2025-10-13T15:13:07.861+09:00 DEBUG 16864 --- [Shift Scheduler Demo] [           main] org.hibernate.SQL                        : select last_insert_rowid()
Hibernate: select last_insert_rowid()
2025-10-13T15:13:07.861+09:00 DEBUG 16864 --- [Shift Scheduler Demo] [           main] org.hibernate.SQL                        : insert into shift_assignments (employee_id,end_time,shift_name,start_time,work_date) values (?,?,?,?,?)
Hibernate: insert into shift_assignments (employee_id,end_time,shift_name,start_time,work_date) values (?,?,?,?,?)
2025-10-13T15:13:07.861+09:00 DEBUG 16864 --- [Shift Scheduler Demo] [           main] org.hibernate.SQL                        : select last_insert_rowid()
Hibernate: select last_insert_rowid()
2025-10-13T15:13:07.862+09:00 DEBUG 16864 --- [Shift Scheduler Demo] [           main] org.hibernate.SQL                        : insert into shift_assignments (employee_id,end_time,shift_name,start_time,work_date) values (?,?,?,?,?)
Hibernate: insert into shift_assignments (employee_id,end_time,shift_name,start_time,work_date) values (?,?,?,?,?)
2025-10-13T15:13:07.862+09:00 DEBUG 16864 --- [Shift Scheduler Demo] [           main] org.hibernate.SQL                        : select last_insert_rowid()
Hibernate: select last_insert_rowid()
2025-10-13T15:13:07.862+09:00 DEBUG 16864 --- [Shift Scheduler Demo] [           main] org.hibernate.SQL                        : insert into shift_assignments (employee_id,end_time,shift_name,start_time,work_date) values (?,?,?,?,?)
Hibernate: insert into shift_assignments (employee_id,end_time,shift_name,start_time,work_date) values (?,?,?,?,?)
2025-10-13T15:13:07.862+09:00 DEBUG 16864 --- [Shift Scheduler Demo] [           main] org.hibernate.SQL                        : select last_insert_rowid()
Hibernate: select last_insert_rowid()
2025-10-13T15:13:07.863+09:00 DEBUG 16864 --- [Shift Scheduler Demo] [           main] org.hibernate.SQL                        : insert into shift_assignments (employee_id,end_time,shift_name,start_time,work_date) values (?,?,?,?,?)
Hibernate: insert into shift_assignments (employee_id,end_time,shift_name,start_time,work_date) values (?,?,?,?,?)
2025-10-13T15:13:07.863+09:00 DEBUG 16864 --- [Shift Scheduler Demo] [           main] org.hibernate.SQL                        : select last_insert_rowid()
Hibernate: select last_insert_rowid()
2025-10-13T15:13:07.863+09:00 DEBUG 16864 --- [Shift Scheduler Demo] [           main] org.hibernate.SQL                        : insert into shift_assignments (employee_id,end_time,shift_name,start_time,work_date) values (?,?,?,?,?)
Hibernate: insert into shift_assignments (employee_id,end_time,shift_name,start_time,work_date) values (?,?,?,?,?)
2025-10-13T15:13:07.863+09:00 DEBUG 16864 --- [Shift Scheduler Demo] [           main] org.hibernate.SQL                        : select last_insert_rowid()
Hibernate: select last_insert_rowid()
2025-10-13T15:13:07.863+09:00 DEBUG 16864 --- [Shift Scheduler Demo] [           main] org.hibernate.SQL                        : insert into shift_assignments (employee_id,end_time,shift_name,start_time,work_date) values (?,?,?,?,?)
Hibernate: insert into shift_assignments (employee_id,end_time,shift_name,start_time,work_date) values (?,?,?,?,?)
2025-10-13T15:13:07.864+09:00 DEBUG 16864 --- [Shift Scheduler Demo] [           main] org.hibernate.SQL                        : select last_insert_rowid()
Hibernate: select last_insert_rowid()
2025-10-13T15:13:07.864+09:00 DEBUG 16864 --- [Shift Scheduler Demo] [           main] org.hibernate.SQL                        : insert into shift_assignments (employee_id,end_time,shift_name,start_time,work_date) values (?,?,?,?,?)
Hibernate: insert into shift_assignments (employee_id,end_time,shift_name,start_time,work_date) values (?,?,?,?,?)
2025-10-13T15:13:07.864+09:00 DEBUG 16864 --- [Shift Scheduler Demo] [           main] org.hibernate.SQL                        : select last_insert_rowid()
Hibernate: select last_insert_rowid()
2025-10-13T15:13:07.865+09:00 DEBUG 16864 --- [Shift Scheduler Demo] [           main] org.hibernate.SQL                        : insert into shift_assignments (employee_id,end_time,shift_name,start_time,work_date) values (?,?,?,?,?)
Hibernate: insert into shift_assignments (employee_id,end_time,shift_name,start_time,work_date) values (?,?,?,?,?)
2025-10-13T15:13:07.865+09:00 DEBUG 16864 --- [Shift Scheduler Demo] [           main] org.hibernate.SQL                        : select last_insert_rowid()
Hibernate: select last_insert_rowid()
2025-10-13T15:13:07.865+09:00 DEBUG 16864 --- [Shift Scheduler Demo] [           main] org.hibernate.SQL                        : insert into shift_assignments (employee_id,end_time,shift_name,start_time,work_date) values (?,?,?,?,?)
Hibernate: insert into shift_assignments (employee_id,end_time,shift_name,start_time,work_date) values (?,?,?,?,?)
2025-10-13T15:13:07.865+09:00 DEBUG 16864 --- [Shift Scheduler Demo] [           main] org.hibernate.SQL                        : select last_insert_rowid()
Hibernate: select last_insert_rowid()
2025-10-13T15:13:07.866+09:00 DEBUG 16864 --- [Shift Scheduler Demo] [           main] org.hibernate.SQL                        : insert into shift_assignments (employee_id,end_time,shift_name,start_time,work_date) values (?,?,?,?,?)
Hibernate: insert into shift_assignments (employee_id,end_time,shift_name,start_time,work_date) values (?,?,?,?,?)
2025-10-13T15:13:07.866+09:00 DEBUG 16864 --- [Shift Scheduler Demo] [           main] org.hibernate.SQL                        : select last_insert_rowid()
Hibernate: select last_insert_rowid()
2025-10-13T15:13:07.866+09:00 DEBUG 16864 --- [Shift Scheduler Demo] [           main] org.hibernate.SQL                        : insert into shift_assignments (employee_id,end_time,shift_name,start_time,work_date) values (?,?,?,?,?)
Hibernate: insert into shift_assignments (employee_id,end_time,shift_name,start_time,work_date) values (?,?,?,?,?)
2025-10-13T15:13:07.866+09:00 DEBUG 16864 --- [Shift Scheduler Demo] [           main] org.hibernate.SQL                        : select last_insert_rowid()
Hibernate: select last_insert_rowid()
2025-10-13T15:13:07.866+09:00 DEBUG 16864 --- [Shift Scheduler Demo] [           main] org.hibernate.SQL                        : insert into shift_assignments (employee_id,end_time,shift_name,start_time,work_date) values (?,?,?,?,?)
Hibernate: insert into shift_assignments (employee_id,end_time,shift_name,start_time,work_date) values (?,?,?,?,?)
2025-10-13T15:13:07.867+09:00 DEBUG 16864 --- [Shift Scheduler Demo] [           main] org.hibernate.SQL                        : select last_insert_rowid()
Hibernate: select last_insert_rowid()
2025-10-13T15:13:07.867+09:00 DEBUG 16864 --- [Shift Scheduler Demo] [           main] org.hibernate.SQL                        : insert into shift_assignments (employee_id,end_time,shift_name,start_time,work_date) values (?,?,?,?,?)
Hibernate: insert into shift_assignments (employee_id,end_time,shift_name,start_time,work_date) values (?,?,?,?,?)
2025-10-13T15:13:07.867+09:00 DEBUG 16864 --- [Shift Scheduler Demo] [           main] org.hibernate.SQL                        : select last_insert_rowid()
Hibernate: select last_insert_rowid()
2025-10-13T15:13:07.868+09:00 DEBUG 16864 --- [Shift Scheduler Demo] [           main] org.hibernate.SQL                        : insert into shift_assignments (employee_id,end_time,shift_name,start_time,work_date) values (?,?,?,?,?)
Hibernate: insert into shift_assignments (employee_id,end_time,shift_name,start_time,work_date) values (?,?,?,?,?)
2025-10-13T15:13:07.868+09:00 DEBUG 16864 --- [Shift Scheduler Demo] [           main] org.hibernate.SQL                        : select last_insert_rowid()
Hibernate: select last_insert_rowid()
2025-10-13T15:13:07.868+09:00 DEBUG 16864 --- [Shift Scheduler Demo] [           main] org.hibernate.SQL                        : insert into shift_assignments (employee_id,end_time,shift_name,start_time,work_date) values (?,?,?,?,?)
Hibernate: insert into shift_assignments (employee_id,end_time,shift_name,start_time,work_date) values (?,?,?,?,?)
2025-10-13T15:13:07.868+09:00 DEBUG 16864 --- [Shift Scheduler Demo] [           main] org.hibernate.SQL                        : select last_insert_rowid()
Hibernate: select last_insert_rowid()
2025-10-13T15:13:07.868+09:00 DEBUG 16864 --- [Shift Scheduler Demo] [           main] org.hibernate.SQL                        : insert into shift_assignments (employee_id,end_time,shift_name,start_time,work_date) values (?,?,?,?,?)
Hibernate: insert into shift_assignments (employee_id,end_time,shift_name,start_time,work_date) values (?,?,?,?,?)
2025-10-13T15:13:07.868+09:00 DEBUG 16864 --- [Shift Scheduler Demo] [           main] org.hibernate.SQL                        : select last_insert_rowid()
Hibernate: select last_insert_rowid()
2025-10-13T15:13:07.869+09:00 DEBUG 16864 --- [Shift Scheduler Demo] [           main] org.hibernate.SQL                        : insert into shift_assignments (employee_id,end_time,shift_name,start_time,work_date) values (?,?,?,?,?)
Hibernate: insert into shift_assignments (employee_id,end_time,shift_name,start_time,work_date) values (?,?,?,?,?)
2025-10-13T15:13:07.869+09:00 DEBUG 16864 --- [Shift Scheduler Demo] [           main] org.hibernate.SQL                        : select last_insert_rowid()
Hibernate: select last_insert_rowid()
2025-10-13T15:13:07.869+09:00 DEBUG 16864 --- [Shift Scheduler Demo] [           main] org.hibernate.SQL                        : insert into shift_assignments (employee_id,end_time,shift_name,start_time,work_date) values (?,?,?,?,?)
Hibernate: insert into shift_assignments (employee_id,end_time,shift_name,start_time,work_date) values (?,?,?,?,?)
2025-10-13T15:13:07.869+09:00 DEBUG 16864 --- [Shift Scheduler Demo] [           main] org.hibernate.SQL                        : select last_insert_rowid()
Hibernate: select last_insert_rowid()
2025-10-13T15:13:07.869+09:00 DEBUG 16864 --- [Shift Scheduler Demo] [           main] org.hibernate.SQL                        : insert into shift_assignments (employee_id,end_time,shift_name,start_time,work_date) values (?,?,?,?,?)
Hibernate: insert into shift_assignments (employee_id,end_time,shift_name,start_time,work_date) values (?,?,?,?,?)
2025-10-13T15:13:07.870+09:00 DEBUG 16864 --- [Shift Scheduler Demo] [           main] org.hibernate.SQL                        : select last_insert_rowid()
Hibernate: select last_insert_rowid()
2025-10-13T15:13:07.870+09:00 DEBUG 16864 --- [Shift Scheduler Demo] [           main] org.hibernate.SQL                        : insert into shift_assignments (employee_id,end_time,shift_name,start_time,work_date) values (?,?,?,?,?)
Hibernate: insert into shift_assignments (employee_id,end_time,shift_name,start_time,work_date) values (?,?,?,?,?)
2025-10-13T15:13:07.870+09:00 DEBUG 16864 --- [Shift Scheduler Demo] [           main] org.hibernate.SQL                        : select last_insert_rowid()
Hibernate: select last_insert_rowid()
2025-10-13T15:13:07.871+09:00 DEBUG 16864 --- [Shift Scheduler Demo] [           main] org.hibernate.SQL                        : insert into shift_assignments (employee_id,end_time,shift_name,start_time,work_date) values (?,?,?,?,?)
Hibernate: insert into shift_assignments (employee_id,end_time,shift_name,start_time,work_date) values (?,?,?,?,?)
2025-10-13T15:13:07.871+09:00 DEBUG 16864 --- [Shift Scheduler Demo] [           main] org.hibernate.SQL                        : select last_insert_rowid()
Hibernate: select last_insert_rowid()
2025-10-13T15:13:07.871+09:00 DEBUG 16864 --- [Shift Scheduler Demo] [           main] org.hibernate.SQL                        : insert into shift_assignments (employee_id,end_time,shift_name,start_time,work_date) values (?,?,?,?,?)
Hibernate: insert into shift_assignments (employee_id,end_time,shift_name,start_time,work_date) values (?,?,?,?,?)
2025-10-13T15:13:07.871+09:00 DEBUG 16864 --- [Shift Scheduler Demo] [           main] org.hibernate.SQL                        : select last_insert_rowid()
Hibernate: select last_insert_rowid()
2025-10-13T15:13:07.871+09:00 DEBUG 16864 --- [Shift Scheduler Demo] [           main] org.hibernate.SQL                        : insert into shift_assignments (employee_id,end_time,shift_name,start_time,work_date) values (?,?,?,?,?)
Hibernate: insert into shift_assignments (employee_id,end_time,shift_name,start_time,work_date) values (?,?,?,?,?)
2025-10-13T15:13:07.872+09:00 DEBUG 16864 --- [Shift Scheduler Demo] [           main] org.hibernate.SQL                        : select last_insert_rowid()
Hibernate: select last_insert_rowid()
2025-10-13T15:13:07.872+09:00 DEBUG 16864 --- [Shift Scheduler Demo] [           main] org.hibernate.SQL                        : insert into shift_assignments (employee_id,end_time,shift_name,start_time,work_date) values (?,?,?,?,?)
Hibernate: insert into shift_assignments (employee_id,end_time,shift_name,start_time,work_date) values (?,?,?,?,?)
2025-10-13T15:13:07.872+09:00 DEBUG 16864 --- [Shift Scheduler Demo] [           main] org.hibernate.SQL                        : select last_insert_rowid()
Hibernate: select last_insert_rowid()
2025-10-13T15:13:07.872+09:00 DEBUG 16864 --- [Shift Scheduler Demo] [           main] org.hibernate.SQL                        : insert into shift_assignments (employee_id,end_time,shift_name,start_time,work_date) values (?,?,?,?,?)
Hibernate: insert into shift_assignments (employee_id,end_time,shift_name,start_time,work_date) values (?,?,?,?,?)
2025-10-13T15:13:07.872+09:00 DEBUG 16864 --- [Shift Scheduler Demo] [           main] org.hibernate.SQL                        : select last_insert_rowid()
Hibernate: select last_insert_rowid()
2025-10-13T15:13:07.873+09:00 DEBUG 16864 --- [Shift Scheduler Demo] [           main] org.hibernate.SQL                        : insert into shift_assignments (employee_id,end_time,shift_name,start_time,work_date) values (?,?,?,?,?)
Hibernate: insert into shift_assignments (employee_id,end_time,shift_name,start_time,work_date) values (?,?,?,?,?)
2025-10-13T15:13:07.873+09:00 DEBUG 16864 --- [Shift Scheduler Demo] [           main] org.hibernate.SQL                        : select last_insert_rowid()
Hibernate: select last_insert_rowid()
2025-10-13T15:13:07.873+09:00 DEBUG 16864 --- [Shift Scheduler Demo] [           main] org.hibernate.SQL                        : insert into shift_assignments (employee_id,end_time,shift_name,start_time,work_date) values (?,?,?,?,?)
Hibernate: insert into shift_assignments (employee_id,end_time,shift_name,start_time,work_date) values (?,?,?,?,?)
2025-10-13T15:13:07.873+09:00 DEBUG 16864 --- [Shift Scheduler Demo] [           main] org.hibernate.SQL                        : select last_insert_rowid()
Hibernate: select last_insert_rowid()
2025-10-13T15:13:07.873+09:00 DEBUG 16864 --- [Shift Scheduler Demo] [           main] org.hibernate.SQL                        : insert into shift_assignments (employee_id,end_time,shift_name,start_time,work_date) values (?,?,?,?,?)
Hibernate: insert into shift_assignments (employee_id,end_time,shift_name,start_time,work_date) values (?,?,?,?,?)
2025-10-13T15:13:07.873+09:00 DEBUG 16864 --- [Shift Scheduler Demo] [           main] org.hibernate.SQL                        : select last_insert_rowid()
Hibernate: select last_insert_rowid()
2025-10-13T15:13:07.874+09:00  INFO 16864 --- [Shift Scheduler Demo] [           main] c.e.shiftv1.schedule.ScheduleService     : シフト生成が完了しました: 224件の割り当てを生成
]]></system-out>
    <system-err><![CDATA[WARNING: A Java agent has been loaded dynamically (C:\Users\takow\.m2\repository\net\bytebuddy\byte-buddy-agent\1.14.13\byte-buddy-agent-1.14.13.jar)
WARNING: If a serviceability tool is in use, please run with -XX:+EnableDynamicAgentLoading to hide this warning
WARNING: If a serviceability tool is not in use, please run with -Djdk.instrument.traceUsage for more information
WARNING: Dynamic loading of agents will be disallowed by default in a future release
]]></system-err>
  </testcase>
  <testcase name="generateMonthlySchedule_assignsEmployeesForEachShift" classname="com.example.shiftv1.schedule.ScheduleServiceTest" time="0.565">
    <system-out><![CDATA[2025-10-13T15:13:07.962+09:00 DEBUG 16864 --- [Shift Scheduler Demo] [           main] org.hibernate.SQL                        : select sa1_0.id,sa1_0.employee_id,sa1_0.end_time,sa1_0.shift_name,sa1_0.start_time,sa1_0.work_date from shift_assignments sa1_0
Hibernate: select sa1_0.id,sa1_0.employee_id,sa1_0.end_time,sa1_0.shift_name,sa1_0.start_time,sa1_0.work_date from shift_assignments sa1_0
2025-10-13T15:13:08.038+09:00 DEBUG 16864 --- [Shift Scheduler Demo] [           main] org.hibernate.SQL                        : select ec1_0.id,ec1_0.is_active,ec1_0.created_at,ec1_0.date,ec1_0.employee_id,ec1_0.end_time,ec1_0.reason,ec1_0.start_time,ec1_0.type,ec1_0.updated_at from employee_constraints ec1_0
Hibernate: select ec1_0.id,ec1_0.is_active,ec1_0.created_at,ec1_0.date,ec1_0.employee_id,ec1_0.end_time,ec1_0.reason,ec1_0.start_time,ec1_0.type,ec1_0.updated_at from employee_constraints ec1_0
2025-10-13T15:13:08.048+09:00  INFO 16864 --- [Shift Scheduler Demo] [           main] c.e.shiftv1.schedule.ScheduleService     : シフト生成を開始します: 2024年7月
2025-10-13T15:13:08.052+09:00 DEBUG 16864 --- [Shift Scheduler Demo] [           main] org.hibernate.SQL                        : select e1_0.id,e1_0.created_at,e1_0.name,e1_0.role from employees e1_0
Hibernate: select e1_0.id,e1_0.created_at,e1_0.name,e1_0.role from employees e1_0
2025-10-13T15:13:08.057+09:00 DEBUG 16864 --- [Shift Scheduler Demo] [           main] org.hibernate.SQL                        : delete from shift_assignments where id=?
Hibernate: delete from shift_assignments where id=?
2025-10-13T15:13:08.061+09:00 DEBUG 16864 --- [Shift Scheduler Demo] [           main] org.hibernate.SQL                        : delete from shift_assignments where id=?
Hibernate: delete from shift_assignments where id=?
2025-10-13T15:13:08.061+09:00 DEBUG 16864 --- [Shift Scheduler Demo] [           main] org.hibernate.SQL                        : delete from shift_assignments where id=?
Hibernate: delete from shift_assignments where id=?
2025-10-13T15:13:08.061+09:00 DEBUG 16864 --- [Shift Scheduler Demo] [           main] org.hibernate.SQL                        : delete from shift_assignments where id=?
Hibernate: delete from shift_assignments where id=?
2025-10-13T15:13:08.061+09:00 DEBUG 16864 --- [Shift Scheduler Demo] [           main] org.hibernate.SQL                        : delete from shift_assignments where id=?
Hibernate: delete from shift_assignments where id=?
2025-10-13T15:13:08.061+09:00 DEBUG 16864 --- [Shift Scheduler Demo] [           main] org.hibernate.SQL                        : delete from shift_assignments where id=?
Hibernate: delete from shift_assignments where id=?
2025-10-13T15:13:08.061+09:00 DEBUG 16864 --- [Shift Scheduler Demo] [           main] org.hibernate.SQL                        : delete from shift_assignments where id=?
Hibernate: delete from shift_assignments where id=?
2025-10-13T15:13:08.061+09:00 DEBUG 16864 --- [Shift Scheduler Demo] [           main] org.hibernate.SQL                        : delete from shift_assignments where id=?
Hibernate: delete from shift_assignments where id=?
2025-10-13T15:13:08.061+09:00 DEBUG 16864 --- [Shift Scheduler Demo] [           main] org.hibernate.SQL                        : delete from shift_assignments where id=?
Hibernate: delete from shift_assignments where id=?
2025-10-13T15:13:08.062+09:00 DEBUG 16864 --- [Shift Scheduler Demo] [           main] org.hibernate.SQL                        : delete from shift_assignments where id=?
Hibernate: delete from shift_assignments where id=?
2025-10-13T15:13:08.062+09:00 DEBUG 16864 --- [Shift Scheduler Demo] [           main] org.hibernate.SQL                        : delete from shift_assignments where id=?
Hibernate: delete from shift_assignments where id=?
2025-10-13T15:13:08.062+09:00 DEBUG 16864 --- [Shift Scheduler Demo] [           main] org.hibernate.SQL                        : delete from shift_assignments where id=?
Hibernate: delete from shift_assignments where id=?
2025-10-13T15:13:08.062+09:00 DEBUG 16864 --- [Shift Scheduler Demo] [           main] org.hibernate.SQL                        : delete from shift_assignments where id=?
Hibernate: delete from shift_assignments where id=?
2025-10-13T15:13:08.062+09:00 DEBUG 16864 --- [Shift Scheduler Demo] [           main] org.hibernate.SQL                        : delete from shift_assignments where id=?
Hibernate: delete from shift_assignments where id=?
2025-10-13T15:13:08.062+09:00 DEBUG 16864 --- [Shift Scheduler Demo] [           main] org.hibernate.SQL                        : delete from shift_assignments where id=?
Hibernate: delete from shift_assignments where id=?
2025-10-13T15:13:08.062+09:00 DEBUG 16864 --- [Shift Scheduler Demo] [           main] org.hibernate.SQL                        : delete from shift_assignments where id=?
Hibernate: delete from shift_assignments where id=?
2025-10-13T15:13:08.062+09:00 DEBUG 16864 --- [Shift Scheduler Demo] [           main] org.hibernate.SQL                        : delete from shift_assignments where id=?
Hibernate: delete from shift_assignments where id=?
2025-10-13T15:13:08.062+09:00 DEBUG 16864 --- [Shift Scheduler Demo] [           main] org.hibernate.SQL                        : delete from shift_assignments where id=?
Hibernate: delete from shift_assignments where id=?
2025-10-13T15:13:08.062+09:00 DEBUG 16864 --- [Shift Scheduler Demo] [           main] org.hibernate.SQL                        : delete from shift_assignments where id=?
Hibernate: delete from shift_assignments where id=?
2025-10-13T15:13:08.063+09:00 DEBUG 16864 --- [Shift Scheduler Demo] [           main] org.hibernate.SQL                        : delete from shift_assignments where id=?
Hibernate: delete from shift_assignments where id=?
2025-10-13T15:13:08.063+09:00 DEBUG 16864 --- [Shift Scheduler Demo] [           main] org.hibernate.SQL                        : delete from shift_assignments where id=?
Hibernate: delete from shift_assignments where id=?
2025-10-13T15:13:08.063+09:00 DEBUG 16864 --- [Shift Scheduler Demo] [           main] org.hibernate.SQL                        : delete from shift_assignments where id=?
Hibernate: delete from shift_assignments where id=?
2025-10-13T15:13:08.063+09:00 DEBUG 16864 --- [Shift Scheduler Demo] [           main] org.hibernate.SQL                        : delete from shift_assignments where id=?
Hibernate: delete from shift_assignments where id=?
2025-10-13T15:13:08.063+09:00 DEBUG 16864 --- [Shift Scheduler Demo] [           main] org.hibernate.SQL                        : delete from shift_assignments where id=?
Hibernate: delete from shift_assignments where id=?
2025-10-13T15:13:08.063+09:00 DEBUG 16864 --- [Shift Scheduler Demo] [           main] org.hibernate.SQL                        : delete from shift_assignments where id=?
Hibernate: delete from shift_assignments where id=?
2025-10-13T15:13:08.064+09:00 DEBUG 16864 --- [Shift Scheduler Demo] [           main] org.hibernate.SQL                        : delete from shift_assignments where id=?
Hibernate: delete from shift_assignments where id=?
2025-10-13T15:13:08.064+09:00 DEBUG 16864 --- [Shift Scheduler Demo] [           main] org.hibernate.SQL                        : delete from shift_assignments where id=?
Hibernate: delete from shift_assignments where id=?
2025-10-13T15:13:08.064+09:00 DEBUG 16864 --- [Shift Scheduler Demo] [           main] org.hibernate.SQL                        : delete from shift_assignments where id=?
Hibernate: delete from shift_assignments where id=?
2025-10-13T15:13:08.064+09:00 DEBUG 16864 --- [Shift Scheduler Demo] [           main] org.hibernate.SQL                        : delete from shift_assignments where id=?
Hibernate: delete from shift_assignments where id=?
2025-10-13T15:13:08.064+09:00 DEBUG 16864 --- [Shift Scheduler Demo] [           main] org.hibernate.SQL                        : delete from shift_assignments where id=?
Hibernate: delete from shift_assignments where id=?
2025-10-13T15:13:08.064+09:00 DEBUG 16864 --- [Shift Scheduler Demo] [           main] org.hibernate.SQL                        : delete from shift_assignments where id=?
Hibernate: delete from shift_assignments where id=?
2025-10-13T15:13:08.064+09:00 DEBUG 16864 --- [Shift Scheduler Demo] [           main] org.hibernate.SQL                        : delete from shift_assignments where id=?
Hibernate: delete from shift_assignments where id=?
2025-10-13T15:13:08.064+09:00 DEBUG 16864 --- [Shift Scheduler Demo] [           main] org.hibernate.SQL                        : delete from shift_assignments where id=?
Hibernate: delete from shift_assignments where id=?
2025-10-13T15:13:08.065+09:00 DEBUG 16864 --- [Shift Scheduler Demo] [           main] org.hibernate.SQL                        : delete from shift_assignments where id=?
Hibernate: delete from shift_assignments where id=?
2025-10-13T15:13:08.065+09:00 DEBUG 16864 --- [Shift Scheduler Demo] [           main] org.hibernate.SQL                        : delete from shift_assignments where id=?
Hibernate: delete from shift_assignments where id=?
2025-10-13T15:13:08.065+09:00 DEBUG 16864 --- [Shift Scheduler Demo] [           main] org.hibernate.SQL                        : delete from shift_assignments where id=?
Hibernate: delete from shift_assignments where id=?
2025-10-13T15:13:08.065+09:00 DEBUG 16864 --- [Shift Scheduler Demo] [           main] org.hibernate.SQL                        : delete from shift_assignments where id=?
Hibernate: delete from shift_assignments where id=?
2025-10-13T15:13:08.065+09:00 DEBUG 16864 --- [Shift Scheduler Demo] [           main] org.hibernate.SQL                        : delete from shift_assignments where id=?
Hibernate: delete from shift_assignments where id=?
2025-10-13T15:13:08.065+09:00 DEBUG 16864 --- [Shift Scheduler Demo] [           main] org.hibernate.SQL                        : delete from shift_assignments where id=?
Hibernate: delete from shift_assignments where id=?
2025-10-13T15:13:08.066+09:00 DEBUG 16864 --- [Shift Scheduler Demo] [           main] org.hibernate.SQL                        : delete from shift_assignments where id=?
Hibernate: delete from shift_assignments where id=?
2025-10-13T15:13:08.066+09:00 DEBUG 16864 --- [Shift Scheduler Demo] [           main] org.hibernate.SQL                        : delete from shift_assignments where id=?
Hibernate: delete from shift_assignments where id=?
2025-10-13T15:13:08.066+09:00 DEBUG 16864 --- [Shift Scheduler Demo] [           main] org.hibernate.SQL                        : delete from shift_assignments where id=?
Hibernate: delete from shift_assignments where id=?
2025-10-13T15:13:08.066+09:00 DEBUG 16864 --- [Shift Scheduler Demo] [           main] org.hibernate.SQL                        : delete from shift_assignments where id=?
Hibernate: delete from shift_assignments where id=?
2025-10-13T15:13:08.066+09:00 DEBUG 16864 --- [Shift Scheduler Demo] [           main] org.hibernate.SQL                        : delete from shift_assignments where id=?
Hibernate: delete from shift_assignments where id=?
2025-10-13T15:13:08.066+09:00 DEBUG 16864 --- [Shift Scheduler Demo] [           main] org.hibernate.SQL                        : delete from shift_assignments where id=?
Hibernate: delete from shift_assignments where id=?
2025-10-13T15:13:08.066+09:00 DEBUG 16864 --- [Shift Scheduler Demo] [           main] org.hibernate.SQL                        : delete from shift_assignments where id=?
Hibernate: delete from shift_assignments where id=?
2025-10-13T15:13:08.066+09:00 DEBUG 16864 --- [Shift Scheduler Demo] [           main] org.hibernate.SQL                        : delete from shift_assignments where id=?
Hibernate: delete from shift_assignments where id=?
2025-10-13T15:13:08.066+09:00 DEBUG 16864 --- [Shift Scheduler Demo] [           main] org.hibernate.SQL                        : delete from shift_assignments where id=?
Hibernate: delete from shift_assignments where id=?
2025-10-13T15:13:08.066+09:00 DEBUG 16864 --- [Shift Scheduler Demo] [           main] org.hibernate.SQL                        : delete from shift_assignments where id=?
Hibernate: delete from shift_assignments where id=?
2025-10-13T15:13:08.066+09:00 DEBUG 16864 --- [Shift Scheduler Demo] [           main] org.hibernate.SQL                        : delete from shift_assignments where id=?
Hibernate: delete from shift_assignments where id=?
2025-10-13T15:13:08.068+09:00 DEBUG 16864 --- [Shift Scheduler Demo] [           main] org.hibernate.SQL                        : delete from shift_assignments where id=?
Hibernate: delete from shift_assignments where id=?
2025-10-13T15:13:08.068+09:00 DEBUG 16864 --- [Shift Scheduler Demo] [           main] org.hibernate.SQL                        : delete from shift_assignments where id=?
Hibernate: delete from shift_assignments where id=?
2025-10-13T15:13:08.068+09:00 DEBUG 16864 --- [Shift Scheduler Demo] [           main] org.hibernate.SQL                        : delete from shift_assignments where id=?
Hibernate: delete from shift_assignments where id=?
2025-10-13T15:13:08.068+09:00 DEBUG 16864 --- [Shift Scheduler Demo] [           main] org.hibernate.SQL                        : delete from shift_assignments where id=?
Hibernate: delete from shift_assignments where id=?
2025-10-13T15:13:08.068+09:00 DEBUG 16864 --- [Shift Scheduler Demo] [           main] org.hibernate.SQL                        : delete from shift_assignments where id=?
Hibernate: delete from shift_assignments where id=?
2025-10-13T15:13:08.068+09:00 DEBUG 16864 --- [Shift Scheduler Demo] [           main] org.hibernate.SQL                        : delete from shift_assignments where id=?
Hibernate: delete from shift_assignments where id=?
2025-10-13T15:13:08.068+09:00 DEBUG 16864 --- [Shift Scheduler Demo] [           main] org.hibernate.SQL                        : delete from shift_assignments where id=?
Hibernate: delete from shift_assignments where id=?
2025-10-13T15:13:08.068+09:00 DEBUG 16864 --- [Shift Scheduler Demo] [           main] org.hibernate.SQL                        : delete from shift_assignments where id=?
Hibernate: delete from shift_assignments where id=?
2025-10-13T15:13:08.068+09:00 DEBUG 16864 --- [Shift Scheduler Demo] [           main] org.hibernate.SQL                        : delete from shift_assignments where id=?
Hibernate: delete from shift_assignments where id=?
2025-10-13T15:13:08.068+09:00 DEBUG 16864 --- [Shift Scheduler Demo] [           main] org.hibernate.SQL                        : delete from shift_assignments where id=?
Hibernate: delete from shift_assignments where id=?
2025-10-13T15:13:08.068+09:00 DEBUG 16864 --- [Shift Scheduler Demo] [           main] org.hibernate.SQL                        : delete from shift_assignments where id=?
Hibernate: delete from shift_assignments where id=?
2025-10-13T15:13:08.068+09:00 DEBUG 16864 --- [Shift Scheduler Demo] [           main] org.hibernate.SQL                        : delete from shift_assignments where id=?
Hibernate: delete from shift_assignments where id=?
2025-10-13T15:13:08.068+09:00 DEBUG 16864 --- [Shift Scheduler Demo] [           main] org.hibernate.SQL                        : delete from shift_assignments where id=?
Hibernate: delete from shift_assignments where id=?
2025-10-13T15:13:08.068+09:00 DEBUG 16864 --- [Shift Scheduler Demo] [           main] org.hibernate.SQL                        : delete from shift_assignments where id=?
Hibernate: delete from shift_assignments where id=?
2025-10-13T15:13:08.068+09:00 DEBUG 16864 --- [Shift Scheduler Demo] [           main] org.hibernate.SQL                        : delete from shift_assignments where id=?
Hibernate: delete from shift_assignments where id=?
2025-10-13T15:13:08.068+09:00 DEBUG 16864 --- [Shift Scheduler Demo] [           main] org.hibernate.SQL                        : delete from shift_assignments where id=?
Hibernate: delete from shift_assignments where id=?
2025-10-13T15:13:08.068+09:00 DEBUG 16864 --- [Shift Scheduler Demo] [           main] org.hibernate.SQL                        : delete from shift_assignments where id=?
Hibernate: delete from shift_assignments where id=?
2025-10-13T15:13:08.068+09:00 DEBUG 16864 --- [Shift Scheduler Demo] [           main] org.hibernate.SQL                        : delete from shift_assignments where id=?
Hibernate: delete from shift_assignments where id=?
2025-10-13T15:13:08.068+09:00 DEBUG 16864 --- [Shift Scheduler Demo] [           main] org.hibernate.SQL                        : delete from shift_assignments where id=?
Hibernate: delete from shift_assignments where id=?
2025-10-13T15:13:08.068+09:00 DEBUG 16864 --- [Shift Scheduler Demo] [           main] org.hibernate.SQL                        : delete from shift_assignments where id=?
Hibernate: delete from shift_assignments where id=?
2025-10-13T15:13:08.068+09:00 DEBUG 16864 --- [Shift Scheduler Demo] [           main] org.hibernate.SQL                        : delete from shift_assignments where id=?
Hibernate: delete from shift_assignments where id=?
2025-10-13T15:13:08.068+09:00 DEBUG 16864 --- [Shift Scheduler Demo] [           main] org.hibernate.SQL                        : delete from shift_assignments where id=?
Hibernate: delete from shift_assignments where id=?
2025-10-13T15:13:08.068+09:00 DEBUG 16864 --- [Shift Scheduler Demo] [           main] org.hibernate.SQL                        : delete from shift_assignments where id=?
Hibernate: delete from shift_assignments where id=?
2025-10-13T15:13:08.068+09:00 DEBUG 16864 --- [Shift Scheduler Demo] [           main] org.hibernate.SQL                        : delete from shift_assignments where id=?
Hibernate: delete from shift_assignments where id=?
2025-10-13T15:13:08.068+09:00 DEBUG 16864 --- [Shift Scheduler Demo] [           main] org.hibernate.SQL                        : delete from shift_assignments where id=?
Hibernate: delete from shift_assignments where id=?
2025-10-13T15:13:08.068+09:00 DEBUG 16864 --- [Shift Scheduler Demo] [           main] org.hibernate.SQL                        : delete from shift_assignments where id=?
Hibernate: delete from shift_assignments where id=?
2025-10-13T15:13:08.068+09:00 DEBUG 16864 --- [Shift Scheduler Demo] [           main] org.hibernate.SQL                        : delete from shift_assignments where id=?
Hibernate: delete from shift_assignments where id=?
2025-10-13T15:13:08.070+09:00 DEBUG 16864 --- [Shift Scheduler Demo] [           main] org.hibernate.SQL                        : delete from shift_assignments where id=?
Hibernate: delete from shift_assignments where id=?
2025-10-13T15:13:08.070+09:00 DEBUG 16864 --- [Shift Scheduler Demo] [           main] org.hibernate.SQL                        : delete from shift_assignments where id=?
Hibernate: delete from shift_assignments where id=?
2025-10-13T15:13:08.070+09:00 DEBUG 16864 --- [Shift Scheduler Demo] [           main] org.hibernate.SQL                        : delete from shift_assignments where id=?
Hibernate: delete from shift_assignments where id=?
2025-10-13T15:13:08.070+09:00 DEBUG 16864 --- [Shift Scheduler Demo] [           main] org.hibernate.SQL                        : delete from shift_assignments where id=?
Hibernate: delete from shift_assignments where id=?
2025-10-13T15:13:08.071+09:00 DEBUG 16864 --- [Shift Scheduler Demo] [           main] org.hibernate.SQL                        : delete from shift_assignments where id=?
Hibernate: delete from shift_assignments where id=?
2025-10-13T15:13:08.071+09:00 DEBUG 16864 --- [Shift Scheduler Demo] [           main] org.hibernate.SQL                        : delete from shift_assignments where id=?
Hibernate: delete from shift_assignments where id=?
2025-10-13T15:13:08.071+09:00 DEBUG 16864 --- [Shift Scheduler Demo] [           main] org.hibernate.SQL                        : delete from shift_assignments where id=?
Hibernate: delete from shift_assignments where id=?
2025-10-13T15:13:08.071+09:00 DEBUG 16864 --- [Shift Scheduler Demo] [           main] org.hibernate.SQL                        : delete from shift_assignments where id=?
Hibernate: delete from shift_assignments where id=?
2025-10-13T15:13:08.071+09:00 DEBUG 16864 --- [Shift Scheduler Demo] [           main] org.hibernate.SQL                        : delete from shift_assignments where id=?
Hibernate: delete from shift_assignments where id=?
2025-10-13T15:13:08.071+09:00 DEBUG 16864 --- [Shift Scheduler Demo] [           main] org.hibernate.SQL                        : delete from shift_assignments where id=?
Hibernate: delete from shift_assignments where id=?
2025-10-13T15:13:08.071+09:00 DEBUG 16864 --- [Shift Scheduler Demo] [           main] org.hibernate.SQL                        : delete from shift_assignments where id=?
Hibernate: delete from shift_assignments where id=?
2025-10-13T15:13:08.071+09:00 DEBUG 16864 --- [Shift Scheduler Demo] [           main] org.hibernate.SQL                        : delete from shift_assignments where id=?
Hibernate: delete from shift_assignments where id=?
2025-10-13T15:13:08.071+09:00 DEBUG 16864 --- [Shift Scheduler Demo] [           main] org.hibernate.SQL                        : delete from shift_assignments where id=?
Hibernate: delete from shift_assignments where id=?
2025-10-13T15:13:08.071+09:00 DEBUG 16864 --- [Shift Scheduler Demo] [           main] org.hibernate.SQL                        : delete from shift_assignments where id=?
Hibernate: delete from shift_assignments where id=?
2025-10-13T15:13:08.071+09:00 DEBUG 16864 --- [Shift Scheduler Demo] [           main] org.hibernate.SQL                        : delete from shift_assignments where id=?
Hibernate: delete from shift_assignments where id=?
2025-10-13T15:13:08.071+09:00 DEBUG 16864 --- [Shift Scheduler Demo] [           main] org.hibernate.SQL                        : delete from shift_assignments where id=?
Hibernate: delete from shift_assignments where id=?
2025-10-13T15:13:08.071+09:00 DEBUG 16864 --- [Shift Scheduler Demo] [           main] org.hibernate.SQL                        : delete from shift_assignments where id=?
Hibernate: delete from shift_assignments where id=?
2025-10-13T15:13:08.071+09:00 DEBUG 16864 --- [Shift Scheduler Demo] [           main] org.hibernate.SQL                        : delete from shift_assignments where id=?
Hibernate: delete from shift_assignments where id=?
2025-10-13T15:13:08.071+09:00 DEBUG 16864 --- [Shift Scheduler Demo] [           main] org.hibernate.SQL                        : delete from shift_assignments where id=?
Hibernate: delete from shift_assignments where id=?
2025-10-13T15:13:08.071+09:00 DEBUG 16864 --- [Shift Scheduler Demo] [           main] org.hibernate.SQL                        : delete from shift_assignments where id=?
Hibernate: delete from shift_assignments where id=?
2025-10-13T15:13:08.073+09:00 DEBUG 16864 --- [Shift Scheduler Demo] [           main] org.hibernate.SQL                        : delete from shift_assignments where id=?
Hibernate: delete from shift_assignments where id=?
2025-10-13T15:13:08.073+09:00 DEBUG 16864 --- [Shift Scheduler Demo] [           main] org.hibernate.SQL                        : delete from shift_assignments where id=?
Hibernate: delete from shift_assignments where id=?
2025-10-13T15:13:08.073+09:00 DEBUG 16864 --- [Shift Scheduler Demo] [           main] org.hibernate.SQL                        : delete from shift_assignments where id=?
Hibernate: delete from shift_assignments where id=?
2025-10-13T15:13:08.073+09:00 DEBUG 16864 --- [Shift Scheduler Demo] [           main] org.hibernate.SQL                        : delete from shift_assignments where id=?
Hibernate: delete from shift_assignments where id=?
2025-10-13T15:13:08.073+09:00 DEBUG 16864 --- [Shift Scheduler Demo] [           main] org.hibernate.SQL                        : delete from shift_assignments where id=?
Hibernate: delete from shift_assignments where id=?
2025-10-13T15:13:08.073+09:00 DEBUG 16864 --- [Shift Scheduler Demo] [           main] org.hibernate.SQL                        : delete from shift_assignments where id=?
Hibernate: delete from shift_assignments where id=?
2025-10-13T15:13:08.073+09:00 DEBUG 16864 --- [Shift Scheduler Demo] [           main] org.hibernate.SQL                        : delete from shift_assignments where id=?
Hibernate: delete from shift_assignments where id=?
2025-10-13T15:13:08.073+09:00 DEBUG 16864 --- [Shift Scheduler Demo] [           main] org.hibernate.SQL                        : delete from shift_assignments where id=?
Hibernate: delete from shift_assignments where id=?
2025-10-13T15:13:08.073+09:00 DEBUG 16864 --- [Shift Scheduler Demo] [           main] org.hibernate.SQL                        : delete from shift_assignments where id=?
Hibernate: delete from shift_assignments where id=?
2025-10-13T15:13:08.073+09:00 DEBUG 16864 --- [Shift Scheduler Demo] [           main] org.hibernate.SQL                        : delete from shift_assignments where id=?
Hibernate: delete from shift_assignments where id=?
2025-10-13T15:13:08.073+09:00 DEBUG 16864 --- [Shift Scheduler Demo] [           main] org.hibernate.SQL                        : delete from shift_assignments where id=?
Hibernate: delete from shift_assignments where id=?
2025-10-13T15:13:08.073+09:00 DEBUG 16864 --- [Shift Scheduler Demo] [           main] org.hibernate.SQL                        : delete from shift_assignments where id=?
Hibernate: delete from shift_assignments where id=?
2025-10-13T15:13:08.073+09:00 DEBUG 16864 --- [Shift Scheduler Demo] [           main] org.hibernate.SQL                        : delete from shift_assignments where id=?
Hibernate: delete from shift_assignments where id=?
2025-10-13T15:13:08.073+09:00 DEBUG 16864 --- [Shift Scheduler Demo] [           main] org.hibernate.SQL                        : delete from shift_assignments where id=?
Hibernate: delete from shift_assignments where id=?
2025-10-13T15:13:08.073+09:00 DEBUG 16864 --- [Shift Scheduler Demo] [           main] org.hibernate.SQL                        : delete from shift_assignments where id=?
Hibernate: delete from shift_assignments where id=?
2025-10-13T15:13:08.073+09:00 DEBUG 16864 --- [Shift Scheduler Demo] [           main] org.hibernate.SQL                        : delete from shift_assignments where id=?
Hibernate: delete from shift_assignments where id=?
2025-10-13T15:13:08.073+09:00 DEBUG 16864 --- [Shift Scheduler Demo] [           main] org.hibernate.SQL                        : delete from shift_assignments where id=?
Hibernate: delete from shift_assignments where id=?
2025-10-13T15:13:08.073+09:00 DEBUG 16864 --- [Shift Scheduler Demo] [           main] org.hibernate.SQL                        : delete from shift_assignments where id=?
Hibernate: delete from shift_assignments where id=?
2025-10-13T15:13:08.073+09:00 DEBUG 16864 --- [Shift Scheduler Demo] [           main] org.hibernate.SQL                        : delete from shift_assignments where id=?
Hibernate: delete from shift_assignments where id=?
2025-10-13T15:13:08.073+09:00 DEBUG 16864 --- [Shift Scheduler Demo] [           main] org.hibernate.SQL                        : delete from shift_assignments where id=?
Hibernate: delete from shift_assignments where id=?
2025-10-13T15:13:08.073+09:00 DEBUG 16864 --- [Shift Scheduler Demo] [           main] org.hibernate.SQL                        : delete from shift_assignments where id=?
Hibernate: delete from shift_assignments where id=?
2025-10-13T15:13:08.073+09:00 DEBUG 16864 --- [Shift Scheduler Demo] [           main] org.hibernate.SQL                        : delete from shift_assignments where id=?
Hibernate: delete from shift_assignments where id=?
2025-10-13T15:13:08.075+09:00 DEBUG 16864 --- [Shift Scheduler Demo] [           main] org.hibernate.SQL                        : delete from shift_assignments where id=?
Hibernate: delete from shift_assignments where id=?
2025-10-13T15:13:08.075+09:00 DEBUG 16864 --- [Shift Scheduler Demo] [           main] org.hibernate.SQL                        : delete from shift_assignments where id=?
Hibernate: delete from shift_assignments where id=?
2025-10-13T15:13:08.075+09:00 DEBUG 16864 --- [Shift Scheduler Demo] [           main] org.hibernate.SQL                        : delete from shift_assignments where id=?
Hibernate: delete from shift_assignments where id=?
2025-10-13T15:13:08.075+09:00 DEBUG 16864 --- [Shift Scheduler Demo] [           main] org.hibernate.SQL                        : delete from shift_assignments where id=?
Hibernate: delete from shift_assignments where id=?
2025-10-13T15:13:08.075+09:00 DEBUG 16864 --- [Shift Scheduler Demo] [           main] org.hibernate.SQL                        : delete from shift_assignments where id=?
Hibernate: delete from shift_assignments where id=?
2025-10-13T15:13:08.075+09:00 DEBUG 16864 --- [Shift Scheduler Demo] [           main] org.hibernate.SQL                        : delete from shift_assignments where id=?
Hibernate: delete from shift_assignments where id=?
2025-10-13T15:13:08.075+09:00 DEBUG 16864 --- [Shift Scheduler Demo] [           main] org.hibernate.SQL                        : delete from shift_assignments where id=?
Hibernate: delete from shift_assignments where id=?
2025-10-13T15:13:08.075+09:00 DEBUG 16864 --- [Shift Scheduler Demo] [           main] org.hibernate.SQL                        : delete from shift_assignments where id=?
Hibernate: delete from shift_assignments where id=?
2025-10-13T15:13:08.075+09:00 DEBUG 16864 --- [Shift Scheduler Demo] [           main] org.hibernate.SQL                        : delete from shift_assignments where id=?
Hibernate: delete from shift_assignments where id=?
2025-10-13T15:13:08.075+09:00 DEBUG 16864 --- [Shift Scheduler Demo] [           main] org.hibernate.SQL                        : delete from shift_assignments where id=?
Hibernate: delete from shift_assignments where id=?
2025-10-13T15:13:08.075+09:00 DEBUG 16864 --- [Shift Scheduler Demo] [           main] org.hibernate.SQL                        : delete from shift_assignments where id=?
Hibernate: delete from shift_assignments where id=?
2025-10-13T15:13:08.075+09:00 DEBUG 16864 --- [Shift Scheduler Demo] [           main] org.hibernate.SQL                        : delete from shift_assignments where id=?
Hibernate: delete from shift_assignments where id=?
2025-10-13T15:13:08.075+09:00 DEBUG 16864 --- [Shift Scheduler Demo] [           main] org.hibernate.SQL                        : delete from shift_assignments where id=?
Hibernate: delete from shift_assignments where id=?
2025-10-13T15:13:08.075+09:00 DEBUG 16864 --- [Shift Scheduler Demo] [           main] org.hibernate.SQL                        : delete from shift_assignments where id=?
Hibernate: delete from shift_assignments where id=?
2025-10-13T15:13:08.075+09:00 DEBUG 16864 --- [Shift Scheduler Demo] [           main] org.hibernate.SQL                        : delete from shift_assignments where id=?
Hibernate: delete from shift_assignments where id=?
2025-10-13T15:13:08.075+09:00 DEBUG 16864 --- [Shift Scheduler Demo] [           main] org.hibernate.SQL                        : delete from shift_assignments where id=?
Hibernate: delete from shift_assignments where id=?
2025-10-13T15:13:08.075+09:00 DEBUG 16864 --- [Shift Scheduler Demo] [           main] org.hibernate.SQL                        : delete from shift_assignments where id=?
Hibernate: delete from shift_assignments where id=?
2025-10-13T15:13:08.075+09:00 DEBUG 16864 --- [Shift Scheduler Demo] [           main] org.hibernate.SQL                        : delete from shift_assignments where id=?
Hibernate: delete from shift_assignments where id=?
2025-10-13T15:13:08.077+09:00 DEBUG 16864 --- [Shift Scheduler Demo] [           main] org.hibernate.SQL                        : delete from shift_assignments where id=?
Hibernate: delete from shift_assignments where id=?
2025-10-13T15:13:08.077+09:00 DEBUG 16864 --- [Shift Scheduler Demo] [           main] org.hibernate.SQL                        : delete from shift_assignments where id=?
Hibernate: delete from shift_assignments where id=?
2025-10-13T15:13:08.077+09:00 DEBUG 16864 --- [Shift Scheduler Demo] [           main] org.hibernate.SQL                        : delete from shift_assignments where id=?
Hibernate: delete from shift_assignments where id=?
2025-10-13T15:13:08.077+09:00 DEBUG 16864 --- [Shift Scheduler Demo] [           main] org.hibernate.SQL                        : delete from shift_assignments where id=?
Hibernate: delete from shift_assignments where id=?
2025-10-13T15:13:08.077+09:00 DEBUG 16864 --- [Shift Scheduler Demo] [           main] org.hibernate.SQL                        : delete from shift_assignments where id=?
Hibernate: delete from shift_assignments where id=?
2025-10-13T15:13:08.077+09:00 DEBUG 16864 --- [Shift Scheduler Demo] [           main] org.hibernate.SQL                        : delete from shift_assignments where id=?
Hibernate: delete from shift_assignments where id=?
2025-10-13T15:13:08.077+09:00 DEBUG 16864 --- [Shift Scheduler Demo] [           main] org.hibernate.SQL                        : delete from shift_assignments where id=?
Hibernate: delete from shift_assignments where id=?
2025-10-13T15:13:08.077+09:00 DEBUG 16864 --- [Shift Scheduler Demo] [           main] org.hibernate.SQL                        : delete from shift_assignments where id=?
Hibernate: delete from shift_assignments where id=?
2025-10-13T15:13:08.077+09:00 DEBUG 16864 --- [Shift Scheduler Demo] [           main] org.hibernate.SQL                        : delete from shift_assignments where id=?
Hibernate: delete from shift_assignments where id=?
2025-10-13T15:13:08.077+09:00 DEBUG 16864 --- [Shift Scheduler Demo] [           main] org.hibernate.SQL                        : delete from shift_assignments where id=?
Hibernate: delete from shift_assignments where id=?
2025-10-13T15:13:08.078+09:00 DEBUG 16864 --- [Shift Scheduler Demo] [           main] org.hibernate.SQL                        : delete from shift_assignments where id=?
Hibernate: delete from shift_assignments where id=?
2025-10-13T15:13:08.078+09:00 DEBUG 16864 --- [Shift Scheduler Demo] [           main] org.hibernate.SQL                        : delete from shift_assignments where id=?
Hibernate: delete from shift_assignments where id=?
2025-10-13T15:13:08.078+09:00 DEBUG 16864 --- [Shift Scheduler Demo] [           main] org.hibernate.SQL                        : delete from shift_assignments where id=?
Hibernate: delete from shift_assignments where id=?
2025-10-13T15:13:08.078+09:00 DEBUG 16864 --- [Shift Scheduler Demo] [           main] org.hibernate.SQL                        : delete from shift_assignments where id=?
Hibernate: delete from shift_assignments where id=?
2025-10-13T15:13:08.078+09:00 DEBUG 16864 --- [Shift Scheduler Demo] [           main] org.hibernate.SQL                        : delete from shift_assignments where id=?
Hibernate: delete from shift_assignments where id=?
2025-10-13T15:13:08.078+09:00 DEBUG 16864 --- [Shift Scheduler Demo] [           main] org.hibernate.SQL                        : delete from shift_assignments where id=?
Hibernate: delete from shift_assignments where id=?
2025-10-13T15:13:08.078+09:00 DEBUG 16864 --- [Shift Scheduler Demo] [           main] org.hibernate.SQL                        : delete from shift_assignments where id=?
Hibernate: delete from shift_assignments where id=?
2025-10-13T15:13:08.078+09:00 DEBUG 16864 --- [Shift Scheduler Demo] [           main] org.hibernate.SQL                        : delete from shift_assignments where id=?
Hibernate: delete from shift_assignments where id=?
2025-10-13T15:13:08.078+09:00 DEBUG 16864 --- [Shift Scheduler Demo] [           main] org.hibernate.SQL                        : delete from shift_assignments where id=?
Hibernate: delete from shift_assignments where id=?
2025-10-13T15:13:08.079+09:00 DEBUG 16864 --- [Shift Scheduler Demo] [           main] org.hibernate.SQL                        : delete from shift_assignments where id=?
Hibernate: delete from shift_assignments where id=?
2025-10-13T15:13:08.079+09:00 DEBUG 16864 --- [Shift Scheduler Demo] [           main] org.hibernate.SQL                        : delete from shift_assignments where id=?
Hibernate: delete from shift_assignments where id=?
2025-10-13T15:13:08.079+09:00 DEBUG 16864 --- [Shift Scheduler Demo] [           main] org.hibernate.SQL                        : delete from shift_assignments where id=?
Hibernate: delete from shift_assignments where id=?
2025-10-13T15:13:08.079+09:00 DEBUG 16864 --- [Shift Scheduler Demo] [           main] org.hibernate.SQL                        : delete from shift_assignments where id=?
Hibernate: delete from shift_assignments where id=?
2025-10-13T15:13:08.079+09:00 DEBUG 16864 --- [Shift Scheduler Demo] [           main] org.hibernate.SQL                        : delete from shift_assignments where id=?
Hibernate: delete from shift_assignments where id=?
2025-10-13T15:13:08.079+09:00 DEBUG 16864 --- [Shift Scheduler Demo] [           main] org.hibernate.SQL                        : delete from shift_assignments where id=?
Hibernate: delete from shift_assignments where id=?
2025-10-13T15:13:08.079+09:00 DEBUG 16864 --- [Shift Scheduler Demo] [           main] org.hibernate.SQL                        : delete from shift_assignments where id=?
Hibernate: delete from shift_assignments where id=?
2025-10-13T15:13:08.079+09:00 DEBUG 16864 --- [Shift Scheduler Demo] [           main] org.hibernate.SQL                        : delete from shift_assignments where id=?
Hibernate: delete from shift_assignments where id=?
2025-10-13T15:13:08.079+09:00 DEBUG 16864 --- [Shift Scheduler Demo] [           main] org.hibernate.SQL                        : delete from shift_assignments where id=?
Hibernate: delete from shift_assignments where id=?
2025-10-13T15:13:08.079+09:00 DEBUG 16864 --- [Shift Scheduler Demo] [           main] org.hibernate.SQL                        : delete from shift_assignments where id=?
Hibernate: delete from shift_assignments where id=?
2025-10-13T15:13:08.080+09:00 DEBUG 16864 --- [Shift Scheduler Demo] [           main] org.hibernate.SQL                        : delete from shift_assignments where id=?
Hibernate: delete from shift_assignments where id=?
2025-10-13T15:13:08.080+09:00 DEBUG 16864 --- [Shift Scheduler Demo] [           main] org.hibernate.SQL                        : delete from shift_assignments where id=?
Hibernate: delete from shift_assignments where id=?
2025-10-13T15:13:08.080+09:00 DEBUG 16864 --- [Shift Scheduler Demo] [           main] org.hibernate.SQL                        : delete from shift_assignments where id=?
Hibernate: delete from shift_assignments where id=?
2025-10-13T15:13:08.080+09:00 DEBUG 16864 --- [Shift Scheduler Demo] [           main] org.hibernate.SQL                        : delete from shift_assignments where id=?
Hibernate: delete from shift_assignments where id=?
2025-10-13T15:13:08.080+09:00 DEBUG 16864 --- [Shift Scheduler Demo] [           main] org.hibernate.SQL                        : delete from shift_assignments where id=?
Hibernate: delete from shift_assignments where id=?
2025-10-13T15:13:08.080+09:00 DEBUG 16864 --- [Shift Scheduler Demo] [           main] org.hibernate.SQL                        : delete from shift_assignments where id=?
Hibernate: delete from shift_assignments where id=?
2025-10-13T15:13:08.080+09:00 DEBUG 16864 --- [Shift Scheduler Demo] [           main] org.hibernate.SQL                        : delete from shift_assignments where id=?
Hibernate: delete from shift_assignments where id=?
2025-10-13T15:13:08.080+09:00 DEBUG 16864 --- [Shift Scheduler Demo] [           main] org.hibernate.SQL                        : delete from shift_assignments where id=?
Hibernate: delete from shift_assignments where id=?
2025-10-13T15:13:08.081+09:00 DEBUG 16864 --- [Shift Scheduler Demo] [           main] org.hibernate.SQL                        : delete from shift_assignments where id=?
Hibernate: delete from shift_assignments where id=?
2025-10-13T15:13:08.081+09:00 DEBUG 16864 --- [Shift Scheduler Demo] [           main] org.hibernate.SQL                        : delete from shift_assignments where id=?
Hibernate: delete from shift_assignments where id=?
2025-10-13T15:13:08.081+09:00 DEBUG 16864 --- [Shift Scheduler Demo] [           main] org.hibernate.SQL                        : delete from shift_assignments where id=?
Hibernate: delete from shift_assignments where id=?
2025-10-13T15:13:08.081+09:00 DEBUG 16864 --- [Shift Scheduler Demo] [           main] org.hibernate.SQL                        : delete from shift_assignments where id=?
Hibernate: delete from shift_assignments where id=?
2025-10-13T15:13:08.081+09:00 DEBUG 16864 --- [Shift Scheduler Demo] [           main] org.hibernate.SQL                        : delete from shift_assignments where id=?
Hibernate: delete from shift_assignments where id=?
2025-10-13T15:13:08.081+09:00 DEBUG 16864 --- [Shift Scheduler Demo] [           main] org.hibernate.SQL                        : delete from shift_assignments where id=?
Hibernate: delete from shift_assignments where id=?
2025-10-13T15:13:08.082+09:00 DEBUG 16864 --- [Shift Scheduler Demo] [           main] org.hibernate.SQL                        : delete from shift_assignments where id=?
Hibernate: delete from shift_assignments where id=?
2025-10-13T15:13:08.082+09:00 DEBUG 16864 --- [Shift Scheduler Demo] [           main] org.hibernate.SQL                        : delete from shift_assignments where id=?
Hibernate: delete from shift_assignments where id=?
2025-10-13T15:13:08.082+09:00 DEBUG 16864 --- [Shift Scheduler Demo] [           main] org.hibernate.SQL                        : delete from shift_assignments where id=?
Hibernate: delete from shift_assignments where id=?
2025-10-13T15:13:08.082+09:00 DEBUG 16864 --- [Shift Scheduler Demo] [           main] org.hibernate.SQL                        : delete from shift_assignments where id=?
Hibernate: delete from shift_assignments where id=?
2025-10-13T15:13:08.082+09:00 DEBUG 16864 --- [Shift Scheduler Demo] [           main] org.hibernate.SQL                        : delete from shift_assignments where id=?
Hibernate: delete from shift_assignments where id=?
2025-10-13T15:13:08.082+09:00 DEBUG 16864 --- [Shift Scheduler Demo] [           main] org.hibernate.SQL                        : delete from shift_assignments where id=?
Hibernate: delete from shift_assignments where id=?
2025-10-13T15:13:08.082+09:00 DEBUG 16864 --- [Shift Scheduler Demo] [           main] org.hibernate.SQL                        : delete from shift_assignments where id=?
Hibernate: delete from shift_assignments where id=?
2025-10-13T15:13:08.082+09:00 DEBUG 16864 --- [Shift Scheduler Demo] [           main] org.hibernate.SQL                        : delete from shift_assignments where id=?
Hibernate: delete from shift_assignments where id=?
2025-10-13T15:13:08.082+09:00 DEBUG 16864 --- [Shift Scheduler Demo] [           main] org.hibernate.SQL                        : delete from shift_assignments where id=?
Hibernate: delete from shift_assignments where id=?
2025-10-13T15:13:08.083+09:00 DEBUG 16864 --- [Shift Scheduler Demo] [           main] org.hibernate.SQL                        : delete from shift_assignments where id=?
Hibernate: delete from shift_assignments where id=?
2025-10-13T15:13:08.083+09:00 DEBUG 16864 --- [Shift Scheduler Demo] [           main] org.hibernate.SQL                        : delete from shift_assignments where id=?
Hibernate: delete from shift_assignments where id=?
2025-10-13T15:13:08.083+09:00 DEBUG 16864 --- [Shift Scheduler Demo] [           main] org.hibernate.SQL                        : delete from shift_assignments where id=?
Hibernate: delete from shift_assignments where id=?
2025-10-13T15:13:08.083+09:00 DEBUG 16864 --- [Shift Scheduler Demo] [           main] org.hibernate.SQL                        : delete from shift_assignments where id=?
Hibernate: delete from shift_assignments where id=?
2025-10-13T15:13:08.083+09:00 DEBUG 16864 --- [Shift Scheduler Demo] [           main] org.hibernate.SQL                        : delete from shift_assignments where id=?
Hibernate: delete from shift_assignments where id=?
2025-10-13T15:13:08.083+09:00 DEBUG 16864 --- [Shift Scheduler Demo] [           main] org.hibernate.SQL                        : delete from shift_assignments where id=?
Hibernate: delete from shift_assignments where id=?
2025-10-13T15:13:08.083+09:00 DEBUG 16864 --- [Shift Scheduler Demo] [           main] org.hibernate.SQL                        : delete from shift_assignments where id=?
Hibernate: delete from shift_assignments where id=?
2025-10-13T15:13:08.084+09:00 DEBUG 16864 --- [Shift Scheduler Demo] [           main] org.hibernate.SQL                        : delete from shift_assignments where id=?
Hibernate: delete from shift_assignments where id=?
2025-10-13T15:13:08.084+09:00 DEBUG 16864 --- [Shift Scheduler Demo] [           main] org.hibernate.SQL                        : delete from shift_assignments where id=?
Hibernate: delete from shift_assignments where id=?
2025-10-13T15:13:08.084+09:00 DEBUG 16864 --- [Shift Scheduler Demo] [           main] org.hibernate.SQL                        : delete from shift_assignments where id=?
Hibernate: delete from shift_assignments where id=?
2025-10-13T15:13:08.084+09:00 DEBUG 16864 --- [Shift Scheduler Demo] [           main] org.hibernate.SQL                        : delete from shift_assignments where id=?
Hibernate: delete from shift_assignments where id=?
2025-10-13T15:13:08.084+09:00 DEBUG 16864 --- [Shift Scheduler Demo] [           main] org.hibernate.SQL                        : delete from shift_assignments where id=?
Hibernate: delete from shift_assignments where id=?
2025-10-13T15:13:08.084+09:00 DEBUG 16864 --- [Shift Scheduler Demo] [           main] org.hibernate.SQL                        : delete from shift_assignments where id=?
Hibernate: delete from shift_assignments where id=?
2025-10-13T15:13:08.084+09:00 DEBUG 16864 --- [Shift Scheduler Demo] [           main] org.hibernate.SQL                        : delete from shift_assignments where id=?
Hibernate: delete from shift_assignments where id=?
2025-10-13T15:13:08.084+09:00 DEBUG 16864 --- [Shift Scheduler Demo] [           main] org.hibernate.SQL                        : delete from shift_assignments where id=?
Hibernate: delete from shift_assignments where id=?
2025-10-13T15:13:08.085+09:00 DEBUG 16864 --- [Shift Scheduler Demo] [           main] org.hibernate.SQL                        : delete from shift_assignments where id=?
Hibernate: delete from shift_assignments where id=?
2025-10-13T15:13:08.085+09:00 DEBUG 16864 --- [Shift Scheduler Demo] [           main] org.hibernate.SQL                        : delete from shift_assignments where id=?
Hibernate: delete from shift_assignments where id=?
2025-10-13T15:13:08.085+09:00 DEBUG 16864 --- [Shift Scheduler Demo] [           main] org.hibernate.SQL                        : delete from shift_assignments where id=?
Hibernate: delete from shift_assignments where id=?
2025-10-13T15:13:08.085+09:00 DEBUG 16864 --- [Shift Scheduler Demo] [           main] org.hibernate.SQL                        : delete from shift_assignments where id=?
Hibernate: delete from shift_assignments where id=?
2025-10-13T15:13:08.085+09:00 DEBUG 16864 --- [Shift Scheduler Demo] [           main] org.hibernate.SQL                        : delete from shift_assignments where id=?
Hibernate: delete from shift_assignments where id=?
2025-10-13T15:13:08.085+09:00 DEBUG 16864 --- [Shift Scheduler Demo] [           main] org.hibernate.SQL                        : delete from shift_assignments where id=?
Hibernate: delete from shift_assignments where id=?
2025-10-13T15:13:08.085+09:00 DEBUG 16864 --- [Shift Scheduler Demo] [           main] org.hibernate.SQL                        : delete from shift_assignments where id=?
Hibernate: delete from shift_assignments where id=?
2025-10-13T15:13:08.085+09:00 DEBUG 16864 --- [Shift Scheduler Demo] [           main] org.hibernate.SQL                        : delete from shift_assignments where id=?
Hibernate: delete from shift_assignments where id=?
2025-10-13T15:13:08.085+09:00 DEBUG 16864 --- [Shift Scheduler Demo] [           main] org.hibernate.SQL                        : delete from shift_assignments where id=?
Hibernate: delete from shift_assignments where id=?
2025-10-13T15:13:08.085+09:00 DEBUG 16864 --- [Shift Scheduler Demo] [           main] org.hibernate.SQL                        : delete from shift_assignments where id=?
Hibernate: delete from shift_assignments where id=?
2025-10-13T15:13:08.085+09:00 DEBUG 16864 --- [Shift Scheduler Demo] [           main] org.hibernate.SQL                        : delete from shift_assignments where id=?
Hibernate: delete from shift_assignments where id=?
2025-10-13T15:13:08.086+09:00 DEBUG 16864 --- [Shift Scheduler Demo] [           main] org.hibernate.SQL                        : delete from shift_assignments where id=?
Hibernate: delete from shift_assignments where id=?
2025-10-13T15:13:08.086+09:00 DEBUG 16864 --- [Shift Scheduler Demo] [           main] org.hibernate.SQL                        : delete from shift_assignments where id=?
Hibernate: delete from shift_assignments where id=?
2025-10-13T15:13:08.086+09:00 DEBUG 16864 --- [Shift Scheduler Demo] [           main] org.hibernate.SQL                        : delete from shift_assignments where id=?
Hibernate: delete from shift_assignments where id=?
2025-10-13T15:13:08.086+09:00 DEBUG 16864 --- [Shift Scheduler Demo] [           main] org.hibernate.SQL                        : delete from shift_assignments where id=?
Hibernate: delete from shift_assignments where id=?
2025-10-13T15:13:08.086+09:00 DEBUG 16864 --- [Shift Scheduler Demo] [           main] org.hibernate.SQL                        : delete from shift_assignments where id=?
Hibernate: delete from shift_assignments where id=?
2025-10-13T15:13:08.086+09:00 DEBUG 16864 --- [Shift Scheduler Demo] [           main] org.hibernate.SQL                        : delete from shift_assignments where id=?
Hibernate: delete from shift_assignments where id=?
2025-10-13T15:13:08.086+09:00 DEBUG 16864 --- [Shift Scheduler Demo] [           main] org.hibernate.SQL                        : delete from shift_assignments where id=?
Hibernate: delete from shift_assignments where id=?
2025-10-13T15:13:08.086+09:00 DEBUG 16864 --- [Shift Scheduler Demo] [           main] org.hibernate.SQL                        : delete from shift_assignments where id=?
Hibernate: delete from shift_assignments where id=?
2025-10-13T15:13:08.086+09:00 DEBUG 16864 --- [Shift Scheduler Demo] [           main] org.hibernate.SQL                        : delete from shift_assignments where id=?
Hibernate: delete from shift_assignments where id=?
2025-10-13T15:13:08.086+09:00 DEBUG 16864 --- [Shift Scheduler Demo] [           main] org.hibernate.SQL                        : delete from shift_assignments where id=?
Hibernate: delete from shift_assignments where id=?
2025-10-13T15:13:08.086+09:00 DEBUG 16864 --- [Shift Scheduler Demo] [           main] org.hibernate.SQL                        : delete from shift_assignments where id=?
Hibernate: delete from shift_assignments where id=?
2025-10-13T15:13:08.086+09:00 DEBUG 16864 --- [Shift Scheduler Demo] [           main] org.hibernate.SQL                        : delete from shift_assignments where id=?
Hibernate: delete from shift_assignments where id=?
2025-10-13T15:13:08.086+09:00 DEBUG 16864 --- [Shift Scheduler Demo] [           main] org.hibernate.SQL                        : delete from shift_assignments where id=?
Hibernate: delete from shift_assignments where id=?
2025-10-13T15:13:08.086+09:00 DEBUG 16864 --- [Shift Scheduler Demo] [           main] org.hibernate.SQL                        : delete from shift_assignments where id=?
Hibernate: delete from shift_assignments where id=?
2025-10-13T15:13:08.087+09:00 DEBUG 16864 --- [Shift Scheduler Demo] [           main] org.hibernate.SQL                        : delete from shift_assignments where id=?
Hibernate: delete from shift_assignments where id=?
2025-10-13T15:13:08.087+09:00 DEBUG 16864 --- [Shift Scheduler Demo] [           main] org.hibernate.SQL                        : delete from shift_assignments where id=?
Hibernate: delete from shift_assignments where id=?
2025-10-13T15:13:08.087+09:00 DEBUG 16864 --- [Shift Scheduler Demo] [           main] org.hibernate.SQL                        : delete from shift_assignments where id=?
Hibernate: delete from shift_assignments where id=?
2025-10-13T15:13:08.087+09:00 DEBUG 16864 --- [Shift Scheduler Demo] [           main] org.hibernate.SQL                        : delete from shift_assignments where id=?
Hibernate: delete from shift_assignments where id=?
2025-10-13T15:13:08.087+09:00 DEBUG 16864 --- [Shift Scheduler Demo] [           main] org.hibernate.SQL                        : delete from shift_assignments where id=?
Hibernate: delete from shift_assignments where id=?
2025-10-13T15:13:08.087+09:00 DEBUG 16864 --- [Shift Scheduler Demo] [           main] org.hibernate.SQL                        : delete from shift_assignments where id=?
Hibernate: delete from shift_assignments where id=?
2025-10-13T15:13:08.087+09:00 DEBUG 16864 --- [Shift Scheduler Demo] [           main] org.hibernate.SQL                        : delete from shift_assignments where id=?
Hibernate: delete from shift_assignments where id=?
2025-10-13T15:13:08.088+09:00 DEBUG 16864 --- [Shift Scheduler Demo] [           main] org.hibernate.SQL                        : delete from shift_assignments where id=?
Hibernate: delete from shift_assignments where id=?
2025-10-13T15:13:08.088+09:00 DEBUG 16864 --- [Shift Scheduler Demo] [           main] org.hibernate.SQL                        : delete from shift_assignments where id=?
Hibernate: delete from shift_assignments where id=?
2025-10-13T15:13:08.088+09:00 DEBUG 16864 --- [Shift Scheduler Demo] [           main] org.hibernate.SQL                        : delete from shift_assignments where id=?
Hibernate: delete from shift_assignments where id=?
2025-10-13T15:13:08.089+09:00 DEBUG 16864 --- [Shift Scheduler Demo] [           main] org.hibernate.SQL                        : delete from shift_assignments where id=?
Hibernate: delete from shift_assignments where id=?
2025-10-13T15:13:08.089+09:00 DEBUG 16864 --- [Shift Scheduler Demo] [           main] org.hibernate.SQL                        : delete from shift_assignments where id=?
Hibernate: delete from shift_assignments where id=?
2025-10-13T15:13:08.089+09:00 DEBUG 16864 --- [Shift Scheduler Demo] [           main] org.hibernate.SQL                        : delete from shift_assignments where id=?
Hibernate: delete from shift_assignments where id=?
2025-10-13T15:13:08.089+09:00 DEBUG 16864 --- [Shift Scheduler Demo] [           main] org.hibernate.SQL                        : delete from shift_assignments where id=?
Hibernate: delete from shift_assignments where id=?
2025-10-13T15:13:08.089+09:00 DEBUG 16864 --- [Shift Scheduler Demo] [           main] org.hibernate.SQL                        : delete from shift_assignments where id=?
Hibernate: delete from shift_assignments where id=?
2025-10-13T15:13:08.089+09:00 DEBUG 16864 --- [Shift Scheduler Demo] [           main] org.hibernate.SQL                        : delete from shift_assignments where id=?
Hibernate: delete from shift_assignments where id=?
2025-10-13T15:13:08.089+09:00 DEBUG 16864 --- [Shift Scheduler Demo] [           main] org.hibernate.SQL                        : delete from shift_assignments where id=?
Hibernate: delete from shift_assignments where id=?
2025-10-13T15:13:08.089+09:00 DEBUG 16864 --- [Shift Scheduler Demo] [           main] org.hibernate.SQL                        : delete from shift_assignments where id=?
Hibernate: delete from shift_assignments where id=?
2025-10-13T15:13:08.089+09:00 DEBUG 16864 --- [Shift Scheduler Demo] [           main] org.hibernate.SQL                        : delete from shift_assignments where id=?
Hibernate: delete from shift_assignments where id=?
2025-10-13T15:13:08.089+09:00 DEBUG 16864 --- [Shift Scheduler Demo] [           main] org.hibernate.SQL                        : delete from shift_assignments where id=?
Hibernate: delete from shift_assignments where id=?
2025-10-13T15:13:08.089+09:00 DEBUG 16864 --- [Shift Scheduler Demo] [           main] org.hibernate.SQL                        : delete from shift_assignments where id=?
Hibernate: delete from shift_assignments where id=?
2025-10-13T15:13:08.089+09:00 DEBUG 16864 --- [Shift Scheduler Demo] [           main] org.hibernate.SQL                        : delete from shift_assignments where id=?
Hibernate: delete from shift_assignments where id=?
2025-10-13T15:13:08.090+09:00 DEBUG 16864 --- [Shift Scheduler Demo] [           main] org.hibernate.SQL                        : delete from shift_assignments where id=?
Hibernate: delete from shift_assignments where id=?
2025-10-13T15:13:08.090+09:00 DEBUG 16864 --- [Shift Scheduler Demo] [           main] org.hibernate.SQL                        : delete from shift_assignments where id=?
Hibernate: delete from shift_assignments where id=?
2025-10-13T15:13:08.090+09:00 DEBUG 16864 --- [Shift Scheduler Demo] [           main] org.hibernate.SQL                        : delete from shift_assignments where id=?
Hibernate: delete from shift_assignments where id=?
2025-10-13T15:13:08.090+09:00 DEBUG 16864 --- [Shift Scheduler Demo] [           main] org.hibernate.SQL                        : delete from shift_assignments where id=?
Hibernate: delete from shift_assignments where id=?
2025-10-13T15:13:08.090+09:00 DEBUG 16864 --- [Shift Scheduler Demo] [           main] org.hibernate.SQL                        : delete from shift_assignments where id=?
Hibernate: delete from shift_assignments where id=?
2025-10-13T15:13:08.090+09:00 DEBUG 16864 --- [Shift Scheduler Demo] [           main] org.hibernate.SQL                        : delete from shift_assignments where id=?
Hibernate: delete from shift_assignments where id=?
2025-10-13T15:13:08.090+09:00 DEBUG 16864 --- [Shift Scheduler Demo] [           main] org.hibernate.SQL                        : delete from shift_assignments where id=?
Hibernate: delete from shift_assignments where id=?
2025-10-13T15:13:08.090+09:00 DEBUG 16864 --- [Shift Scheduler Demo] [           main] org.hibernate.SQL                        : delete from shift_assignments where id=?
Hibernate: delete from shift_assignments where id=?
2025-10-13T15:13:08.090+09:00 DEBUG 16864 --- [Shift Scheduler Demo] [           main] org.hibernate.SQL                        : delete from shift_assignments where id=?
Hibernate: delete from shift_assignments where id=?
2025-10-13T15:13:08.090+09:00 DEBUG 16864 --- [Shift Scheduler Demo] [           main] org.hibernate.SQL                        : delete from shift_assignments where id=?
Hibernate: delete from shift_assignments where id=?
2025-10-13T15:13:08.090+09:00 DEBUG 16864 --- [Shift Scheduler Demo] [           main] org.hibernate.SQL                        : delete from shift_assignments where id=?
Hibernate: delete from shift_assignments where id=?
2025-10-13T15:13:08.091+09:00 DEBUG 16864 --- [Shift Scheduler Demo] [           main] org.hibernate.SQL                        : delete from shift_assignments where id=?
Hibernate: delete from shift_assignments where id=?
2025-10-13T15:13:08.091+09:00 DEBUG 16864 --- [Shift Scheduler Demo] [           main] org.hibernate.SQL                        : delete from shift_assignments where id=?
Hibernate: delete from shift_assignments where id=?
2025-10-13T15:13:08.091+09:00 DEBUG 16864 --- [Shift Scheduler Demo] [           main] org.hibernate.SQL                        : delete from shift_assignments where id=?
Hibernate: delete from shift_assignments where id=?
2025-10-13T15:13:08.091+09:00 DEBUG 16864 --- [Shift Scheduler Demo] [           main] org.hibernate.SQL                        : delete from shift_assignments where id=?
Hibernate: delete from shift_assignments where id=?
2025-10-13T15:13:08.091+09:00 DEBUG 16864 --- [Shift Scheduler Demo] [           main] org.hibernate.SQL                        : delete from shift_assignments where id=?
Hibernate: delete from shift_assignments where id=?
2025-10-13T15:13:08.091+09:00 DEBUG 16864 --- [Shift Scheduler Demo] [           main] org.hibernate.SQL                        : delete from shift_assignments where id=?
Hibernate: delete from shift_assignments where id=?
2025-10-13T15:13:08.091+09:00 DEBUG 16864 --- [Shift Scheduler Demo] [           main] org.hibernate.SQL                        : delete from shift_assignments where id=?
Hibernate: delete from shift_assignments where id=?
2025-10-13T15:13:08.091+09:00 DEBUG 16864 --- [Shift Scheduler Demo] [           main] org.hibernate.SQL                        : delete from shift_assignments where id=?
Hibernate: delete from shift_assignments where id=?
2025-10-13T15:13:08.091+09:00 DEBUG 16864 --- [Shift Scheduler Demo] [           main] org.hibernate.SQL                        : delete from shift_assignments where id=?
Hibernate: delete from shift_assignments where id=?
2025-10-13T15:13:08.091+09:00 DEBUG 16864 --- [Shift Scheduler Demo] [           main] org.hibernate.SQL                        : delete from shift_assignments where id=?
Hibernate: delete from shift_assignments where id=?
2025-10-13T15:13:08.091+09:00 DEBUG 16864 --- [Shift Scheduler Demo] [           main] org.hibernate.SQL                        : delete from shift_assignments where id=?
Hibernate: delete from shift_assignments where id=?
2025-10-13T15:13:08.091+09:00 DEBUG 16864 --- [Shift Scheduler Demo] [           main] org.hibernate.SQL                        : delete from shift_assignments where id=?
Hibernate: delete from shift_assignments where id=?
2025-10-13T15:13:08.091+09:00 DEBUG 16864 --- [Shift Scheduler Demo] [           main] org.hibernate.SQL                        : delete from shift_assignments where id=?
Hibernate: delete from shift_assignments where id=?
2025-10-13T15:13:08.092+09:00 DEBUG 16864 --- [Shift Scheduler Demo] [           main] org.hibernate.SQL                        : delete from shift_assignments where id=?
Hibernate: delete from shift_assignments where id=?
2025-10-13T15:13:08.092+09:00 DEBUG 16864 --- [Shift Scheduler Demo] [           main] org.hibernate.SQL                        : delete from shift_assignments where id=?
Hibernate: delete from shift_assignments where id=?
2025-10-13T15:13:08.092+09:00 DEBUG 16864 --- [Shift Scheduler Demo] [           main] org.hibernate.SQL                        : delete from shift_assignments where id=?
Hibernate: delete from shift_assignments where id=?
2025-10-13T15:13:08.092+09:00 DEBUG 16864 --- [Shift Scheduler Demo] [           main] org.hibernate.SQL                        : delete from shift_assignments where id=?
Hibernate: delete from shift_assignments where id=?
2025-10-13T15:13:08.092+09:00 DEBUG 16864 --- [Shift Scheduler Demo] [           main] org.hibernate.SQL                        : delete from shift_assignments where id=?
Hibernate: delete from shift_assignments where id=?
2025-10-13T15:13:08.092+09:00 DEBUG 16864 --- [Shift Scheduler Demo] [           main] org.hibernate.SQL                        : delete from shift_assignments where id=?
Hibernate: delete from shift_assignments where id=?
2025-10-13T15:13:08.092+09:00 DEBUG 16864 --- [Shift Scheduler Demo] [           main] org.hibernate.SQL                        : delete from shift_assignments where id=?
Hibernate: delete from shift_assignments where id=?
2025-10-13T15:13:08.092+09:00 DEBUG 16864 --- [Shift Scheduler Demo] [           main] org.hibernate.SQL                        : delete from shift_assignments where id=?
Hibernate: delete from shift_assignments where id=?
2025-10-13T15:13:08.092+09:00 DEBUG 16864 --- [Shift Scheduler Demo] [           main] org.hibernate.SQL                        : delete from shift_assignments where id=?
Hibernate: delete from shift_assignments where id=?
2025-10-13T15:13:08.092+09:00 DEBUG 16864 --- [Shift Scheduler Demo] [           main] org.hibernate.SQL                        : delete from shift_assignments where id=?
Hibernate: delete from shift_assignments where id=?
2025-10-13T15:13:08.092+09:00 DEBUG 16864 --- [Shift Scheduler Demo] [           main] org.hibernate.SQL                        : delete from shift_assignments where id=?
Hibernate: delete from shift_assignments where id=?
2025-10-13T15:13:08.092+09:00 DEBUG 16864 --- [Shift Scheduler Demo] [           main] org.hibernate.SQL                        : delete from shift_assignments where id=?
Hibernate: delete from shift_assignments where id=?
2025-10-13T15:13:08.092+09:00 DEBUG 16864 --- [Shift Scheduler Demo] [           main] org.hibernate.SQL                        : delete from shift_assignments where id=?
Hibernate: delete from shift_assignments where id=?
2025-10-13T15:13:08.092+09:00 DEBUG 16864 --- [Shift Scheduler Demo] [           main] org.hibernate.SQL                        : delete from shift_assignments where id=?
Hibernate: delete from shift_assignments where id=?
2025-10-13T15:13:08.092+09:00 DEBUG 16864 --- [Shift Scheduler Demo] [           main] org.hibernate.SQL                        : delete from shift_assignments where id=?
Hibernate: delete from shift_assignments where id=?
2025-10-13T15:13:08.092+09:00 DEBUG 16864 --- [Shift Scheduler Demo] [           main] org.hibernate.SQL                        : delete from shift_assignments where id=?
Hibernate: delete from shift_assignments where id=?
2025-10-13T15:13:08.092+09:00 DEBUG 16864 --- [Shift Scheduler Demo] [           main] org.hibernate.SQL                        : delete from shift_assignments where id=?
Hibernate: delete from shift_assignments where id=?
2025-10-13T15:13:08.092+09:00 DEBUG 16864 --- [Shift Scheduler Demo] [           main] org.hibernate.SQL                        : delete from shift_assignments where id=?
Hibernate: delete from shift_assignments where id=?
2025-10-13T15:13:08.093+09:00 DEBUG 16864 --- [Shift Scheduler Demo] [           main] org.hibernate.SQL                        : delete from shift_assignments where id=?
Hibernate: delete from shift_assignments where id=?
2025-10-13T15:13:08.093+09:00 DEBUG 16864 --- [Shift Scheduler Demo] [           main] org.hibernate.SQL                        : delete from shift_assignments where id=?
Hibernate: delete from shift_assignments where id=?
2025-10-13T15:13:08.093+09:00 DEBUG 16864 --- [Shift Scheduler Demo] [           main] org.hibernate.SQL                        : delete from shift_assignments where id=?
Hibernate: delete from shift_assignments where id=?
2025-10-13T15:13:08.093+09:00 DEBUG 16864 --- [Shift Scheduler Demo] [           main] org.hibernate.SQL                        : delete from shift_assignments where id=?
Hibernate: delete from shift_assignments where id=?
2025-10-13T15:13:08.093+09:00 DEBUG 16864 --- [Shift Scheduler Demo] [           main] org.hibernate.SQL                        : delete from shift_assignments where id=?
Hibernate: delete from shift_assignments where id=?
2025-10-13T15:13:08.093+09:00 DEBUG 16864 --- [Shift Scheduler Demo] [           main] org.hibernate.SQL                        : delete from shift_assignments where id=?
Hibernate: delete from shift_assignments where id=?
2025-10-13T15:13:08.093+09:00 DEBUG 16864 --- [Shift Scheduler Demo] [           main] org.hibernate.SQL                        : delete from shift_assignments where id=?
Hibernate: delete from shift_assignments where id=?
2025-10-13T15:13:08.093+09:00 DEBUG 16864 --- [Shift Scheduler Demo] [           main] org.hibernate.SQL                        : delete from shift_assignments where id=?
Hibernate: delete from shift_assignments where id=?
2025-10-13T15:13:08.093+09:00 DEBUG 16864 --- [Shift Scheduler Demo] [           main] org.hibernate.SQL                        : delete from shift_assignments where id=?
Hibernate: delete from shift_assignments where id=?
2025-10-13T15:13:08.093+09:00 DEBUG 16864 --- [Shift Scheduler Demo] [           main] org.hibernate.SQL                        : delete from shift_assignments where id=?
Hibernate: delete from shift_assignments where id=?
2025-10-13T15:13:08.093+09:00 DEBUG 16864 --- [Shift Scheduler Demo] [           main] org.hibernate.SQL                        : delete from shift_assignments where id=?
Hibernate: delete from shift_assignments where id=?
2025-10-13T15:13:08.093+09:00 DEBUG 16864 --- [Shift Scheduler Demo] [           main] org.hibernate.SQL                        : delete from shift_assignments where id=?
Hibernate: delete from shift_assignments where id=?
2025-10-13T15:13:08.093+09:00 DEBUG 16864 --- [Shift Scheduler Demo] [           main] org.hibernate.SQL                        : delete from shift_assignments where id=?
Hibernate: delete from shift_assignments where id=?
2025-10-13T15:13:08.093+09:00 DEBUG 16864 --- [Shift Scheduler Demo] [           main] org.hibernate.SQL                        : delete from shift_assignments where id=?
Hibernate: delete from shift_assignments where id=?
2025-10-13T15:13:08.093+09:00 DEBUG 16864 --- [Shift Scheduler Demo] [           main] org.hibernate.SQL                        : delete from shift_assignments where id=?
Hibernate: delete from shift_assignments where id=?
2025-10-13T15:13:08.094+09:00 DEBUG 16864 --- [Shift Scheduler Demo] [           main] org.hibernate.SQL                        : delete from shift_assignments where id=?
Hibernate: delete from shift_assignments where id=?
2025-10-13T15:13:08.094+09:00 DEBUG 16864 --- [Shift Scheduler Demo] [           main] org.hibernate.SQL                        : delete from shift_assignments where id=?
Hibernate: delete from shift_assignments where id=?
2025-10-13T15:13:08.094+09:00 DEBUG 16864 --- [Shift Scheduler Demo] [           main] org.hibernate.SQL                        : delete from shift_assignments where id=?
Hibernate: delete from shift_assignments where id=?
2025-10-13T15:13:08.094+09:00 DEBUG 16864 --- [Shift Scheduler Demo] [           main] org.hibernate.SQL                        : delete from shift_assignments where id=?
Hibernate: delete from shift_assignments where id=?
2025-10-13T15:13:08.094+09:00 DEBUG 16864 --- [Shift Scheduler Demo] [           main] org.hibernate.SQL                        : delete from shift_assignments where id=?
Hibernate: delete from shift_assignments where id=?
2025-10-13T15:13:08.094+09:00 DEBUG 16864 --- [Shift Scheduler Demo] [           main] org.hibernate.SQL                        : delete from shift_assignments where id=?
Hibernate: delete from shift_assignments where id=?
2025-10-13T15:13:08.094+09:00 DEBUG 16864 --- [Shift Scheduler Demo] [           main] org.hibernate.SQL                        : delete from shift_assignments where id=?
Hibernate: delete from shift_assignments where id=?
2025-10-13T15:13:08.094+09:00 DEBUG 16864 --- [Shift Scheduler Demo] [           main] org.hibernate.SQL                        : delete from shift_assignments where id=?
Hibernate: delete from shift_assignments where id=?
2025-10-13T15:13:08.094+09:00 DEBUG 16864 --- [Shift Scheduler Demo] [           main] org.hibernate.SQL                        : delete from shift_assignments where id=?
Hibernate: delete from shift_assignments where id=?
2025-10-13T15:13:08.094+09:00 DEBUG 16864 --- [Shift Scheduler Demo] [           main] org.hibernate.SQL                        : delete from shift_assignments where id=?
Hibernate: delete from shift_assignments where id=?
2025-10-13T15:13:08.094+09:00 DEBUG 16864 --- [Shift Scheduler Demo] [           main] org.hibernate.SQL                        : delete from shift_assignments where id=?
Hibernate: delete from shift_assignments where id=?
2025-10-13T15:13:08.094+09:00 DEBUG 16864 --- [Shift Scheduler Demo] [           main] org.hibernate.SQL                        : delete from shift_assignments where id=?
Hibernate: delete from shift_assignments where id=?
2025-10-13T15:13:08.094+09:00 DEBUG 16864 --- [Shift Scheduler Demo] [           main] org.hibernate.SQL                        : delete from shift_assignments where id=?
Hibernate: delete from shift_assignments where id=?
2025-10-13T15:13:08.094+09:00 DEBUG 16864 --- [Shift Scheduler Demo] [           main] org.hibernate.SQL                        : delete from shift_assignments where id=?
Hibernate: delete from shift_assignments where id=?
2025-10-13T15:13:08.094+09:00 DEBUG 16864 --- [Shift Scheduler Demo] [           main] org.hibernate.SQL                        : delete from shift_assignments where id=?
Hibernate: delete from shift_assignments where id=?
2025-10-13T15:13:08.095+09:00 DEBUG 16864 --- [Shift Scheduler Demo] [           main] org.hibernate.SQL                        : delete from shift_assignments where id=?
Hibernate: delete from shift_assignments where id=?
2025-10-13T15:13:08.095+09:00 DEBUG 16864 --- [Shift Scheduler Demo] [           main] org.hibernate.SQL                        : delete from shift_assignments where id=?
Hibernate: delete from shift_assignments where id=?
2025-10-13T15:13:08.095+09:00 DEBUG 16864 --- [Shift Scheduler Demo] [           main] org.hibernate.SQL                        : delete from shift_assignments where id=?
Hibernate: delete from shift_assignments where id=?
2025-10-13T15:13:08.095+09:00 DEBUG 16864 --- [Shift Scheduler Demo] [           main] org.hibernate.SQL                        : delete from shift_assignments where id=?
Hibernate: delete from shift_assignments where id=?
2025-10-13T15:13:08.095+09:00 DEBUG 16864 --- [Shift Scheduler Demo] [           main] org.hibernate.SQL                        : delete from shift_assignments where id=?
Hibernate: delete from shift_assignments where id=?
2025-10-13T15:13:08.095+09:00 DEBUG 16864 --- [Shift Scheduler Demo] [           main] org.hibernate.SQL                        : delete from shift_assignments where id=?
Hibernate: delete from shift_assignments where id=?
2025-10-13T15:13:08.095+09:00 DEBUG 16864 --- [Shift Scheduler Demo] [           main] org.hibernate.SQL                        : delete from shift_assignments where id=?
Hibernate: delete from shift_assignments where id=?
2025-10-13T15:13:08.095+09:00 DEBUG 16864 --- [Shift Scheduler Demo] [           main] org.hibernate.SQL                        : delete from shift_assignments where id=?
Hibernate: delete from shift_assignments where id=?
2025-10-13T15:13:08.095+09:00 DEBUG 16864 --- [Shift Scheduler Demo] [           main] org.hibernate.SQL                        : delete from shift_assignments where id=?
Hibernate: delete from shift_assignments where id=?
2025-10-13T15:13:08.095+09:00 DEBUG 16864 --- [Shift Scheduler Demo] [           main] org.hibernate.SQL                        : delete from shift_assignments where id=?
Hibernate: delete from shift_assignments where id=?
2025-10-13T15:13:08.095+09:00 DEBUG 16864 --- [Shift Scheduler Demo] [           main] org.hibernate.SQL                        : delete from shift_assignments where id=?
Hibernate: delete from shift_assignments where id=?
2025-10-13T15:13:08.095+09:00 DEBUG 16864 --- [Shift Scheduler Demo] [           main] org.hibernate.SQL                        : delete from shift_assignments where id=?
Hibernate: delete from shift_assignments where id=?
2025-10-13T15:13:08.095+09:00 DEBUG 16864 --- [Shift Scheduler Demo] [           main] org.hibernate.SQL                        : delete from shift_assignments where id=?
Hibernate: delete from shift_assignments where id=?
2025-10-13T15:13:08.095+09:00 DEBUG 16864 --- [Shift Scheduler Demo] [           main] org.hibernate.SQL                        : delete from shift_assignments where id=?
Hibernate: delete from shift_assignments where id=?
2025-10-13T15:13:08.095+09:00 DEBUG 16864 --- [Shift Scheduler Demo] [           main] org.hibernate.SQL                        : delete from shift_assignments where id=?
Hibernate: delete from shift_assignments where id=?
2025-10-13T15:13:08.095+09:00 DEBUG 16864 --- [Shift Scheduler Demo] [           main] org.hibernate.SQL                        : delete from shift_assignments where id=?
Hibernate: delete from shift_assignments where id=?
2025-10-13T15:13:08.096+09:00 DEBUG 16864 --- [Shift Scheduler Demo] [           main] org.hibernate.SQL                        : delete from shift_assignments where id=?
Hibernate: delete from shift_assignments where id=?
2025-10-13T15:13:08.096+09:00 DEBUG 16864 --- [Shift Scheduler Demo] [           main] org.hibernate.SQL                        : delete from shift_assignments where id=?
Hibernate: delete from shift_assignments where id=?
2025-10-13T15:13:08.096+09:00 DEBUG 16864 --- [Shift Scheduler Demo] [           main] org.hibernate.SQL                        : delete from shift_assignments where id=?
Hibernate: delete from shift_assignments where id=?
2025-10-13T15:13:08.096+09:00 DEBUG 16864 --- [Shift Scheduler Demo] [           main] org.hibernate.SQL                        : delete from shift_assignments where id=?
Hibernate: delete from shift_assignments where id=?
2025-10-13T15:13:08.096+09:00 DEBUG 16864 --- [Shift Scheduler Demo] [           main] org.hibernate.SQL                        : delete from shift_assignments where id=?
Hibernate: delete from shift_assignments where id=?
2025-10-13T15:13:08.096+09:00 DEBUG 16864 --- [Shift Scheduler Demo] [           main] org.hibernate.SQL                        : delete from shift_assignments where id=?
Hibernate: delete from shift_assignments where id=?
2025-10-13T15:13:08.096+09:00 DEBUG 16864 --- [Shift Scheduler Demo] [           main] org.hibernate.SQL                        : delete from shift_assignments where id=?
Hibernate: delete from shift_assignments where id=?
2025-10-13T15:13:08.096+09:00 DEBUG 16864 --- [Shift Scheduler Demo] [           main] org.hibernate.SQL                        : delete from shift_assignments where id=?
Hibernate: delete from shift_assignments where id=?
2025-10-13T15:13:08.096+09:00 DEBUG 16864 --- [Shift Scheduler Demo] [           main] org.hibernate.SQL                        : delete from shift_assignments where id=?
Hibernate: delete from shift_assignments where id=?
2025-10-13T15:13:08.096+09:00 DEBUG 16864 --- [Shift Scheduler Demo] [           main] org.hibernate.SQL                        : delete from shift_assignments where id=?
Hibernate: delete from shift_assignments where id=?
2025-10-13T15:13:08.096+09:00 DEBUG 16864 --- [Shift Scheduler Demo] [           main] org.hibernate.SQL                        : delete from shift_assignments where id=?
Hibernate: delete from shift_assignments where id=?
2025-10-13T15:13:08.096+09:00 DEBUG 16864 --- [Shift Scheduler Demo] [           main] org.hibernate.SQL                        : delete from shift_assignments where id=?
Hibernate: delete from shift_assignments where id=?
2025-10-13T15:13:08.096+09:00 DEBUG 16864 --- [Shift Scheduler Demo] [           main] org.hibernate.SQL                        : delete from shift_assignments where id=?
Hibernate: delete from shift_assignments where id=?
2025-10-13T15:13:08.097+09:00 DEBUG 16864 --- [Shift Scheduler Demo] [           main] org.hibernate.SQL                        : delete from shift_assignments where id=?
Hibernate: delete from shift_assignments where id=?
2025-10-13T15:13:08.097+09:00 DEBUG 16864 --- [Shift Scheduler Demo] [           main] org.hibernate.SQL                        : delete from shift_assignments where id=?
Hibernate: delete from shift_assignments where id=?
2025-10-13T15:13:08.097+09:00 DEBUG 16864 --- [Shift Scheduler Demo] [           main] org.hibernate.SQL                        : delete from shift_assignments where id=?
Hibernate: delete from shift_assignments where id=?
2025-10-13T15:13:08.097+09:00 DEBUG 16864 --- [Shift Scheduler Demo] [           main] org.hibernate.SQL                        : delete from shift_assignments where id=?
Hibernate: delete from shift_assignments where id=?
2025-10-13T15:13:08.097+09:00 DEBUG 16864 --- [Shift Scheduler Demo] [           main] org.hibernate.SQL                        : delete from shift_assignments where id=?
Hibernate: delete from shift_assignments where id=?
2025-10-13T15:13:08.097+09:00 DEBUG 16864 --- [Shift Scheduler Demo] [           main] org.hibernate.SQL                        : delete from shift_assignments where id=?
Hibernate: delete from shift_assignments where id=?
2025-10-13T15:13:08.097+09:00 DEBUG 16864 --- [Shift Scheduler Demo] [           main] org.hibernate.SQL                        : delete from shift_assignments where id=?
Hibernate: delete from shift_assignments where id=?
2025-10-13T15:13:08.097+09:00 DEBUG 16864 --- [Shift Scheduler Demo] [           main] org.hibernate.SQL                        : delete from shift_assignments where id=?
Hibernate: delete from shift_assignments where id=?
2025-10-13T15:13:08.097+09:00 DEBUG 16864 --- [Shift Scheduler Demo] [           main] org.hibernate.SQL                        : delete from shift_assignments where id=?
Hibernate: delete from shift_assignments where id=?
2025-10-13T15:13:08.097+09:00 DEBUG 16864 --- [Shift Scheduler Demo] [           main] org.hibernate.SQL                        : delete from shift_assignments where id=?
Hibernate: delete from shift_assignments where id=?
2025-10-13T15:13:08.097+09:00 DEBUG 16864 --- [Shift Scheduler Demo] [           main] org.hibernate.SQL                        : delete from shift_assignments where id=?
Hibernate: delete from shift_assignments where id=?
2025-10-13T15:13:08.097+09:00 DEBUG 16864 --- [Shift Scheduler Demo] [           main] org.hibernate.SQL                        : delete from shift_assignments where id=?
Hibernate: delete from shift_assignments where id=?
2025-10-13T15:13:08.097+09:00 DEBUG 16864 --- [Shift Scheduler Demo] [           main] org.hibernate.SQL                        : delete from shift_assignments where id=?
Hibernate: delete from shift_assignments where id=?
2025-10-13T15:13:08.097+09:00 DEBUG 16864 --- [Shift Scheduler Demo] [           main] org.hibernate.SQL                        : delete from shift_assignments where id=?
Hibernate: delete from shift_assignments where id=?
2025-10-13T15:13:08.097+09:00 DEBUG 16864 --- [Shift Scheduler Demo] [           main] org.hibernate.SQL                        : delete from shift_assignments where id=?
Hibernate: delete from shift_assignments where id=?
2025-10-13T15:13:08.098+09:00 DEBUG 16864 --- [Shift Scheduler Demo] [           main] org.hibernate.SQL                        : delete from shift_assignments where id=?
Hibernate: delete from shift_assignments where id=?
2025-10-13T15:13:08.098+09:00 DEBUG 16864 --- [Shift Scheduler Demo] [           main] org.hibernate.SQL                        : delete from shift_assignments where id=?
Hibernate: delete from shift_assignments where id=?
2025-10-13T15:13:08.098+09:00 DEBUG 16864 --- [Shift Scheduler Demo] [           main] org.hibernate.SQL                        : delete from shift_assignments where id=?
Hibernate: delete from shift_assignments where id=?
2025-10-13T15:13:08.098+09:00 DEBUG 16864 --- [Shift Scheduler Demo] [           main] org.hibernate.SQL                        : delete from shift_assignments where id=?
Hibernate: delete from shift_assignments where id=?
2025-10-13T15:13:08.098+09:00 DEBUG 16864 --- [Shift Scheduler Demo] [           main] org.hibernate.SQL                        : delete from shift_assignments where id=?
Hibernate: delete from shift_assignments where id=?
2025-10-13T15:13:08.098+09:00 DEBUG 16864 --- [Shift Scheduler Demo] [           main] org.hibernate.SQL                        : delete from shift_assignments where id=?
Hibernate: delete from shift_assignments where id=?
2025-10-13T15:13:08.098+09:00 DEBUG 16864 --- [Shift Scheduler Demo] [           main] org.hibernate.SQL                        : delete from shift_assignments where id=?
Hibernate: delete from shift_assignments where id=?
2025-10-13T15:13:08.098+09:00 DEBUG 16864 --- [Shift Scheduler Demo] [           main] org.hibernate.SQL                        : delete from shift_assignments where id=?
Hibernate: delete from shift_assignments where id=?
2025-10-13T15:13:08.098+09:00 DEBUG 16864 --- [Shift Scheduler Demo] [           main] org.hibernate.SQL                        : delete from shift_assignments where id=?
Hibernate: delete from shift_assignments where id=?
2025-10-13T15:13:08.098+09:00 DEBUG 16864 --- [Shift Scheduler Demo] [           main] org.hibernate.SQL                        : delete from shift_assignments where id=?
Hibernate: delete from shift_assignments where id=?
2025-10-13T15:13:08.098+09:00 DEBUG 16864 --- [Shift Scheduler Demo] [           main] org.hibernate.SQL                        : delete from shift_assignments where id=?
Hibernate: delete from shift_assignments where id=?
2025-10-13T15:13:08.098+09:00 DEBUG 16864 --- [Shift Scheduler Demo] [           main] org.hibernate.SQL                        : delete from shift_assignments where id=?
Hibernate: delete from shift_assignments where id=?
2025-10-13T15:13:08.098+09:00 DEBUG 16864 --- [Shift Scheduler Demo] [           main] org.hibernate.SQL                        : delete from shift_assignments where id=?
Hibernate: delete from shift_assignments where id=?
2025-10-13T15:13:08.098+09:00 DEBUG 16864 --- [Shift Scheduler Demo] [           main] org.hibernate.SQL                        : delete from shift_assignments where id=?
Hibernate: delete from shift_assignments where id=?
2025-10-13T15:13:08.098+09:00 DEBUG 16864 --- [Shift Scheduler Demo] [           main] org.hibernate.SQL                        : delete from shift_assignments where id=?
Hibernate: delete from shift_assignments where id=?
2025-10-13T15:13:08.099+09:00 DEBUG 16864 --- [Shift Scheduler Demo] [           main] org.hibernate.SQL                        : delete from shift_assignments where id=?
Hibernate: delete from shift_assignments where id=?
2025-10-13T15:13:08.099+09:00 DEBUG 16864 --- [Shift Scheduler Demo] [           main] org.hibernate.SQL                        : delete from shift_assignments where id=?
Hibernate: delete from shift_assignments where id=?
2025-10-13T15:13:08.099+09:00 DEBUG 16864 --- [Shift Scheduler Demo] [           main] org.hibernate.SQL                        : delete from shift_assignments where id=?
Hibernate: delete from shift_assignments where id=?
2025-10-13T15:13:08.099+09:00 DEBUG 16864 --- [Shift Scheduler Demo] [           main] org.hibernate.SQL                        : delete from shift_assignments where id=?
Hibernate: delete from shift_assignments where id=?
2025-10-13T15:13:08.099+09:00 DEBUG 16864 --- [Shift Scheduler Demo] [           main] org.hibernate.SQL                        : delete from shift_assignments where id=?
Hibernate: delete from shift_assignments where id=?
2025-10-13T15:13:08.099+09:00 DEBUG 16864 --- [Shift Scheduler Demo] [           main] org.hibernate.SQL                        : delete from shift_assignments where id=?
Hibernate: delete from shift_assignments where id=?
2025-10-13T15:13:08.099+09:00 DEBUG 16864 --- [Shift Scheduler Demo] [           main] org.hibernate.SQL                        : delete from shift_assignments where id=?
Hibernate: delete from shift_assignments where id=?
2025-10-13T15:13:08.099+09:00 DEBUG 16864 --- [Shift Scheduler Demo] [           main] org.hibernate.SQL                        : delete from shift_assignments where id=?
Hibernate: delete from shift_assignments where id=?
2025-10-13T15:13:08.099+09:00 DEBUG 16864 --- [Shift Scheduler Demo] [           main] org.hibernate.SQL                        : delete from shift_assignments where id=?
Hibernate: delete from shift_assignments where id=?
2025-10-13T15:13:08.099+09:00 DEBUG 16864 --- [Shift Scheduler Demo] [           main] org.hibernate.SQL                        : delete from shift_assignments where id=?
Hibernate: delete from shift_assignments where id=?
2025-10-13T15:13:08.099+09:00 DEBUG 16864 --- [Shift Scheduler Demo] [           main] org.hibernate.SQL                        : delete from shift_assignments where id=?
Hibernate: delete from shift_assignments where id=?
2025-10-13T15:13:08.099+09:00 DEBUG 16864 --- [Shift Scheduler Demo] [           main] org.hibernate.SQL                        : delete from shift_assignments where id=?
Hibernate: delete from shift_assignments where id=?
2025-10-13T15:13:08.099+09:00 DEBUG 16864 --- [Shift Scheduler Demo] [           main] org.hibernate.SQL                        : delete from shift_assignments where id=?
Hibernate: delete from shift_assignments where id=?
2025-10-13T15:13:08.099+09:00 DEBUG 16864 --- [Shift Scheduler Demo] [           main] org.hibernate.SQL                        : delete from shift_assignments where id=?
Hibernate: delete from shift_assignments where id=?
2025-10-13T15:13:08.099+09:00 DEBUG 16864 --- [Shift Scheduler Demo] [           main] org.hibernate.SQL                        : delete from shift_assignments where id=?
Hibernate: delete from shift_assignments where id=?
2025-10-13T15:13:08.099+09:00 DEBUG 16864 --- [Shift Scheduler Demo] [           main] org.hibernate.SQL                        : delete from shift_assignments where id=?
Hibernate: delete from shift_assignments where id=?
2025-10-13T15:13:08.100+09:00 DEBUG 16864 --- [Shift Scheduler Demo] [           main] org.hibernate.SQL                        : delete from shift_assignments where id=?
Hibernate: delete from shift_assignments where id=?
2025-10-13T15:13:08.100+09:00 DEBUG 16864 --- [Shift Scheduler Demo] [           main] org.hibernate.SQL                        : delete from shift_assignments where id=?
Hibernate: delete from shift_assignments where id=?
2025-10-13T15:13:08.100+09:00 DEBUG 16864 --- [Shift Scheduler Demo] [           main] org.hibernate.SQL                        : delete from shift_assignments where id=?
Hibernate: delete from shift_assignments where id=?
2025-10-13T15:13:08.100+09:00 DEBUG 16864 --- [Shift Scheduler Demo] [           main] org.hibernate.SQL                        : delete from shift_assignments where id=?
Hibernate: delete from shift_assignments where id=?
2025-10-13T15:13:08.100+09:00 DEBUG 16864 --- [Shift Scheduler Demo] [           main] org.hibernate.SQL                        : delete from shift_assignments where id=?
Hibernate: delete from shift_assignments where id=?
2025-10-13T15:13:08.100+09:00 DEBUG 16864 --- [Shift Scheduler Demo] [           main] org.hibernate.SQL                        : delete from shift_assignments where id=?
Hibernate: delete from shift_assignments where id=?
2025-10-13T15:13:08.100+09:00 DEBUG 16864 --- [Shift Scheduler Demo] [           main] org.hibernate.SQL                        : delete from shift_assignments where id=?
Hibernate: delete from shift_assignments where id=?
2025-10-13T15:13:08.100+09:00 DEBUG 16864 --- [Shift Scheduler Demo] [           main] org.hibernate.SQL                        : delete from shift_assignments where id=?
Hibernate: delete from shift_assignments where id=?
2025-10-13T15:13:08.100+09:00 DEBUG 16864 --- [Shift Scheduler Demo] [           main] org.hibernate.SQL                        : delete from shift_assignments where id=?
Hibernate: delete from shift_assignments where id=?
2025-10-13T15:13:08.100+09:00 DEBUG 16864 --- [Shift Scheduler Demo] [           main] org.hibernate.SQL                        : delete from shift_assignments where id=?
Hibernate: delete from shift_assignments where id=?
2025-10-13T15:13:08.100+09:00 DEBUG 16864 --- [Shift Scheduler Demo] [           main] org.hibernate.SQL                        : delete from shift_assignments where id=?
Hibernate: delete from shift_assignments where id=?
2025-10-13T15:13:08.100+09:00 DEBUG 16864 --- [Shift Scheduler Demo] [           main] org.hibernate.SQL                        : delete from shift_assignments where id=?
Hibernate: delete from shift_assignments where id=?
2025-10-13T15:13:08.100+09:00 DEBUG 16864 --- [Shift Scheduler Demo] [           main] org.hibernate.SQL                        : delete from shift_assignments where id=?
Hibernate: delete from shift_assignments where id=?
2025-10-13T15:13:08.100+09:00 DEBUG 16864 --- [Shift Scheduler Demo] [           main] org.hibernate.SQL                        : delete from shift_assignments where id=?
Hibernate: delete from shift_assignments where id=?
2025-10-13T15:13:08.101+09:00 DEBUG 16864 --- [Shift Scheduler Demo] [           main] org.hibernate.SQL                        : delete from shift_assignments where id=?
Hibernate: delete from shift_assignments where id=?
2025-10-13T15:13:08.101+09:00 DEBUG 16864 --- [Shift Scheduler Demo] [           main] org.hibernate.SQL                        : delete from shift_assignments where id=?
Hibernate: delete from shift_assignments where id=?
2025-10-13T15:13:08.101+09:00 DEBUG 16864 --- [Shift Scheduler Demo] [           main] org.hibernate.SQL                        : delete from shift_assignments where id=?
Hibernate: delete from shift_assignments where id=?
2025-10-13T15:13:08.101+09:00 DEBUG 16864 --- [Shift Scheduler Demo] [           main] org.hibernate.SQL                        : delete from shift_assignments where id=?
Hibernate: delete from shift_assignments where id=?
2025-10-13T15:13:08.101+09:00 DEBUG 16864 --- [Shift Scheduler Demo] [           main] org.hibernate.SQL                        : delete from shift_assignments where id=?
Hibernate: delete from shift_assignments where id=?
2025-10-13T15:13:08.101+09:00 DEBUG 16864 --- [Shift Scheduler Demo] [           main] org.hibernate.SQL                        : delete from shift_assignments where id=?
Hibernate: delete from shift_assignments where id=?
2025-10-13T15:13:08.101+09:00 DEBUG 16864 --- [Shift Scheduler Demo] [           main] org.hibernate.SQL                        : delete from shift_assignments where id=?
Hibernate: delete from shift_assignments where id=?
2025-10-13T15:13:08.101+09:00 DEBUG 16864 --- [Shift Scheduler Demo] [           main] org.hibernate.SQL                        : delete from shift_assignments where id=?
Hibernate: delete from shift_assignments where id=?
2025-10-13T15:13:08.101+09:00 DEBUG 16864 --- [Shift Scheduler Demo] [           main] org.hibernate.SQL                        : delete from shift_assignments where id=?
Hibernate: delete from shift_assignments where id=?
2025-10-13T15:13:08.101+09:00 DEBUG 16864 --- [Shift Scheduler Demo] [           main] org.hibernate.SQL                        : delete from shift_assignments where id=?
Hibernate: delete from shift_assignments where id=?
2025-10-13T15:13:08.101+09:00 DEBUG 16864 --- [Shift Scheduler Demo] [           main] org.hibernate.SQL                        : delete from shift_assignments where id=?
Hibernate: delete from shift_assignments where id=?
2025-10-13T15:13:08.101+09:00 DEBUG 16864 --- [Shift Scheduler Demo] [           main] org.hibernate.SQL                        : delete from shift_assignments where id=?
Hibernate: delete from shift_assignments where id=?
2025-10-13T15:13:08.101+09:00 DEBUG 16864 --- [Shift Scheduler Demo] [           main] org.hibernate.SQL                        : delete from shift_assignments where id=?
Hibernate: delete from shift_assignments where id=?
2025-10-13T15:13:08.101+09:00 DEBUG 16864 --- [Shift Scheduler Demo] [           main] org.hibernate.SQL                        : delete from shift_assignments where id=?
Hibernate: delete from shift_assignments where id=?
2025-10-13T15:13:08.102+09:00 DEBUG 16864 --- [Shift Scheduler Demo] [           main] org.hibernate.SQL                        : delete from shift_assignments where id=?
Hibernate: delete from shift_assignments where id=?
2025-10-13T15:13:08.102+09:00 DEBUG 16864 --- [Shift Scheduler Demo] [           main] org.hibernate.SQL                        : delete from shift_assignments where id=?
Hibernate: delete from shift_assignments where id=?
2025-10-13T15:13:08.102+09:00 DEBUG 16864 --- [Shift Scheduler Demo] [           main] org.hibernate.SQL                        : delete from shift_assignments where id=?
Hibernate: delete from shift_assignments where id=?
2025-10-13T15:13:08.102+09:00 DEBUG 16864 --- [Shift Scheduler Demo] [           main] org.hibernate.SQL                        : delete from shift_assignments where id=?
Hibernate: delete from shift_assignments where id=?
2025-10-13T15:13:08.102+09:00 DEBUG 16864 --- [Shift Scheduler Demo] [           main] org.hibernate.SQL                        : delete from shift_assignments where id=?
Hibernate: delete from shift_assignments where id=?
2025-10-13T15:13:08.103+09:00 DEBUG 16864 --- [Shift Scheduler Demo] [           main] org.hibernate.SQL                        : delete from shift_assignments where id=?
Hibernate: delete from shift_assignments where id=?
2025-10-13T15:13:08.103+09:00 DEBUG 16864 --- [Shift Scheduler Demo] [           main] org.hibernate.SQL                        : delete from shift_assignments where id=?
Hibernate: delete from shift_assignments where id=?
2025-10-13T15:13:08.104+09:00 DEBUG 16864 --- [Shift Scheduler Demo] [           main] org.hibernate.SQL                        : delete from shift_assignments where id=?
Hibernate: delete from shift_assignments where id=?
2025-10-13T15:13:08.104+09:00 DEBUG 16864 --- [Shift Scheduler Demo] [           main] org.hibernate.SQL                        : delete from shift_assignments where id=?
Hibernate: delete from shift_assignments where id=?
2025-10-13T15:13:08.105+09:00 DEBUG 16864 --- [Shift Scheduler Demo] [           main] org.hibernate.SQL                        : delete from shift_assignments where id=?
Hibernate: delete from shift_assignments where id=?
2025-10-13T15:13:08.105+09:00 DEBUG 16864 --- [Shift Scheduler Demo] [           main] org.hibernate.SQL                        : delete from shift_assignments where id=?
Hibernate: delete from shift_assignments where id=?
2025-10-13T15:13:08.105+09:00 DEBUG 16864 --- [Shift Scheduler Demo] [           main] org.hibernate.SQL                        : delete from shift_assignments where id=?
Hibernate: delete from shift_assignments where id=?
2025-10-13T15:13:08.105+09:00 DEBUG 16864 --- [Shift Scheduler Demo] [           main] org.hibernate.SQL                        : delete from shift_assignments where id=?
Hibernate: delete from shift_assignments where id=?
2025-10-13T15:13:08.105+09:00 DEBUG 16864 --- [Shift Scheduler Demo] [           main] org.hibernate.SQL                        : delete from shift_assignments where id=?
Hibernate: delete from shift_assignments where id=?
2025-10-13T15:13:08.105+09:00 DEBUG 16864 --- [Shift Scheduler Demo] [           main] org.hibernate.SQL                        : delete from shift_assignments where id=?
Hibernate: delete from shift_assignments where id=?
2025-10-13T15:13:08.107+09:00 DEBUG 16864 --- [Shift Scheduler Demo] [           main] org.hibernate.SQL                        : delete from shift_assignments where id=?
Hibernate: delete from shift_assignments where id=?
2025-10-13T15:13:08.107+09:00 DEBUG 16864 --- [Shift Scheduler Demo] [           main] org.hibernate.SQL                        : delete from shift_assignments where id=?
Hibernate: delete from shift_assignments where id=?
2025-10-13T15:13:08.107+09:00 DEBUG 16864 --- [Shift Scheduler Demo] [           main] org.hibernate.SQL                        : delete from shift_assignments where id=?
Hibernate: delete from shift_assignments where id=?
2025-10-13T15:13:08.107+09:00 DEBUG 16864 --- [Shift Scheduler Demo] [           main] org.hibernate.SQL                        : delete from shift_assignments where id=?
Hibernate: delete from shift_assignments where id=?
2025-10-13T15:13:08.107+09:00 DEBUG 16864 --- [Shift Scheduler Demo] [           main] org.hibernate.SQL                        : delete from shift_assignments where id=?
Hibernate: delete from shift_assignments where id=?
2025-10-13T15:13:08.107+09:00 DEBUG 16864 --- [Shift Scheduler Demo] [           main] org.hibernate.SQL                        : delete from shift_assignments where id=?
Hibernate: delete from shift_assignments where id=?
2025-10-13T15:13:08.107+09:00 DEBUG 16864 --- [Shift Scheduler Demo] [           main] org.hibernate.SQL                        : delete from shift_assignments where id=?
Hibernate: delete from shift_assignments where id=?
2025-10-13T15:13:08.107+09:00 DEBUG 16864 --- [Shift Scheduler Demo] [           main] org.hibernate.SQL                        : delete from shift_assignments where id=?
Hibernate: delete from shift_assignments where id=?
2025-10-13T15:13:08.107+09:00 DEBUG 16864 --- [Shift Scheduler Demo] [           main] org.hibernate.SQL                        : delete from shift_assignments where id=?
Hibernate: delete from shift_assignments where id=?
2025-10-13T15:13:08.107+09:00 DEBUG 16864 --- [Shift Scheduler Demo] [           main] org.hibernate.SQL                        : delete from shift_assignments where id=?
Hibernate: delete from shift_assignments where id=?
2025-10-13T15:13:08.107+09:00 DEBUG 16864 --- [Shift Scheduler Demo] [           main] org.hibernate.SQL                        : delete from shift_assignments where id=?
Hibernate: delete from shift_assignments where id=?
2025-10-13T15:13:08.107+09:00 DEBUG 16864 --- [Shift Scheduler Demo] [           main] org.hibernate.SQL                        : delete from shift_assignments where id=?
Hibernate: delete from shift_assignments where id=?
2025-10-13T15:13:08.107+09:00 DEBUG 16864 --- [Shift Scheduler Demo] [           main] org.hibernate.SQL                        : delete from shift_assignments where id=?
Hibernate: delete from shift_assignments where id=?
2025-10-13T15:13:08.107+09:00 DEBUG 16864 --- [Shift Scheduler Demo] [           main] org.hibernate.SQL                        : delete from shift_assignments where id=?
Hibernate: delete from shift_assignments where id=?
2025-10-13T15:13:08.107+09:00 DEBUG 16864 --- [Shift Scheduler Demo] [           main] org.hibernate.SQL                        : delete from shift_assignments where id=?
Hibernate: delete from shift_assignments where id=?
2025-10-13T15:13:08.107+09:00 DEBUG 16864 --- [Shift Scheduler Demo] [           main] org.hibernate.SQL                        : delete from shift_assignments where id=?
Hibernate: delete from shift_assignments where id=?
2025-10-13T15:13:08.109+09:00 DEBUG 16864 --- [Shift Scheduler Demo] [           main] org.hibernate.SQL                        : delete from shift_assignments where id=?
Hibernate: delete from shift_assignments where id=?
2025-10-13T15:13:08.109+09:00 DEBUG 16864 --- [Shift Scheduler Demo] [           main] org.hibernate.SQL                        : delete from shift_assignments where id=?
Hibernate: delete from shift_assignments where id=?
2025-10-13T15:13:08.109+09:00 DEBUG 16864 --- [Shift Scheduler Demo] [           main] org.hibernate.SQL                        : delete from shift_assignments where id=?
Hibernate: delete from shift_assignments where id=?
2025-10-13T15:13:08.109+09:00 DEBUG 16864 --- [Shift Scheduler Demo] [           main] org.hibernate.SQL                        : delete from shift_assignments where id=?
Hibernate: delete from shift_assignments where id=?
2025-10-13T15:13:08.109+09:00 DEBUG 16864 --- [Shift Scheduler Demo] [           main] org.hibernate.SQL                        : delete from shift_assignments where id=?
Hibernate: delete from shift_assignments where id=?
2025-10-13T15:13:08.109+09:00 DEBUG 16864 --- [Shift Scheduler Demo] [           main] org.hibernate.SQL                        : delete from shift_assignments where id=?
Hibernate: delete from shift_assignments where id=?
2025-10-13T15:13:08.109+09:00 DEBUG 16864 --- [Shift Scheduler Demo] [           main] org.hibernate.SQL                        : delete from shift_assignments where id=?
Hibernate: delete from shift_assignments where id=?
2025-10-13T15:13:08.109+09:00 DEBUG 16864 --- [Shift Scheduler Demo] [           main] org.hibernate.SQL                        : delete from shift_assignments where id=?
Hibernate: delete from shift_assignments where id=?
2025-10-13T15:13:08.109+09:00 DEBUG 16864 --- [Shift Scheduler Demo] [           main] org.hibernate.SQL                        : delete from shift_assignments where id=?
Hibernate: delete from shift_assignments where id=?
2025-10-13T15:13:08.109+09:00 DEBUG 16864 --- [Shift Scheduler Demo] [           main] org.hibernate.SQL                        : delete from shift_assignments where id=?
Hibernate: delete from shift_assignments where id=?
2025-10-13T15:13:08.109+09:00 DEBUG 16864 --- [Shift Scheduler Demo] [           main] org.hibernate.SQL                        : delete from shift_assignments where id=?
Hibernate: delete from shift_assignments where id=?
2025-10-13T15:13:08.109+09:00 DEBUG 16864 --- [Shift Scheduler Demo] [           main] org.hibernate.SQL                        : delete from shift_assignments where id=?
Hibernate: delete from shift_assignments where id=?
2025-10-13T15:13:08.109+09:00 DEBUG 16864 --- [Shift Scheduler Demo] [           main] org.hibernate.SQL                        : delete from shift_assignments where id=?
Hibernate: delete from shift_assignments where id=?
2025-10-13T15:13:08.109+09:00 DEBUG 16864 --- [Shift Scheduler Demo] [           main] org.hibernate.SQL                        : delete from shift_assignments where id=?
Hibernate: delete from shift_assignments where id=?
2025-10-13T15:13:08.109+09:00 DEBUG 16864 --- [Shift Scheduler Demo] [           main] org.hibernate.SQL                        : delete from shift_assignments where id=?
Hibernate: delete from shift_assignments where id=?
2025-10-13T15:13:08.109+09:00 DEBUG 16864 --- [Shift Scheduler Demo] [           main] org.hibernate.SQL                        : delete from shift_assignments where id=?
Hibernate: delete from shift_assignments where id=?
2025-10-13T15:13:08.109+09:00 DEBUG 16864 --- [Shift Scheduler Demo] [           main] org.hibernate.SQL                        : delete from shift_assignments where id=?
Hibernate: delete from shift_assignments where id=?
2025-10-13T15:13:08.111+09:00 DEBUG 16864 --- [Shift Scheduler Demo] [           main] org.hibernate.SQL                        : delete from shift_assignments where id=?
Hibernate: delete from shift_assignments where id=?
2025-10-13T15:13:08.111+09:00 DEBUG 16864 --- [Shift Scheduler Demo] [           main] org.hibernate.SQL                        : delete from shift_assignments where id=?
Hibernate: delete from shift_assignments where id=?
2025-10-13T15:13:08.111+09:00 DEBUG 16864 --- [Shift Scheduler Demo] [           main] org.hibernate.SQL                        : delete from shift_assignments where id=?
Hibernate: delete from shift_assignments where id=?
2025-10-13T15:13:08.111+09:00 DEBUG 16864 --- [Shift Scheduler Demo] [           main] org.hibernate.SQL                        : delete from shift_assignments where id=?
Hibernate: delete from shift_assignments where id=?
2025-10-13T15:13:08.111+09:00 DEBUG 16864 --- [Shift Scheduler Demo] [           main] org.hibernate.SQL                        : delete from shift_assignments where id=?
Hibernate: delete from shift_assignments where id=?
2025-10-13T15:13:08.111+09:00 DEBUG 16864 --- [Shift Scheduler Demo] [           main] org.hibernate.SQL                        : delete from shift_assignments where id=?
Hibernate: delete from shift_assignments where id=?
2025-10-13T15:13:08.111+09:00 DEBUG 16864 --- [Shift Scheduler Demo] [           main] org.hibernate.SQL                        : delete from shift_assignments where id=?
Hibernate: delete from shift_assignments where id=?
2025-10-13T15:13:08.111+09:00 DEBUG 16864 --- [Shift Scheduler Demo] [           main] org.hibernate.SQL                        : delete from shift_assignments where id=?
Hibernate: delete from shift_assignments where id=?
2025-10-13T15:13:08.111+09:00 DEBUG 16864 --- [Shift Scheduler Demo] [           main] org.hibernate.SQL                        : delete from shift_assignments where id=?
Hibernate: delete from shift_assignments where id=?
2025-10-13T15:13:08.111+09:00 DEBUG 16864 --- [Shift Scheduler Demo] [           main] org.hibernate.SQL                        : delete from shift_assignments where id=?
Hibernate: delete from shift_assignments where id=?
2025-10-13T15:13:08.111+09:00 DEBUG 16864 --- [Shift Scheduler Demo] [           main] org.hibernate.SQL                        : delete from shift_assignments where id=?
Hibernate: delete from shift_assignments where id=?
2025-10-13T15:13:08.111+09:00 DEBUG 16864 --- [Shift Scheduler Demo] [           main] org.hibernate.SQL                        : delete from shift_assignments where id=?
Hibernate: delete from shift_assignments where id=?
2025-10-13T15:13:08.111+09:00 DEBUG 16864 --- [Shift Scheduler Demo] [           main] org.hibernate.SQL                        : delete from shift_assignments where id=?
Hibernate: delete from shift_assignments where id=?
2025-10-13T15:13:08.111+09:00 DEBUG 16864 --- [Shift Scheduler Demo] [           main] org.hibernate.SQL                        : delete from shift_assignments where id=?
Hibernate: delete from shift_assignments where id=?
2025-10-13T15:13:08.111+09:00 DEBUG 16864 --- [Shift Scheduler Demo] [           main] org.hibernate.SQL                        : delete from shift_assignments where id=?
Hibernate: delete from shift_assignments where id=?
2025-10-13T15:13:08.111+09:00 DEBUG 16864 --- [Shift Scheduler Demo] [           main] org.hibernate.SQL                        : delete from shift_assignments where id=?
Hibernate: delete from shift_assignments where id=?
2025-10-13T15:13:08.111+09:00 DEBUG 16864 --- [Shift Scheduler Demo] [           main] org.hibernate.SQL                        : delete from shift_assignments where id=?
Hibernate: delete from shift_assignments where id=?
2025-10-13T15:13:08.111+09:00 DEBUG 16864 --- [Shift Scheduler Demo] [           main] org.hibernate.SQL                        : delete from shift_assignments where id=?
Hibernate: delete from shift_assignments where id=?
2025-10-13T15:13:08.113+09:00 DEBUG 16864 --- [Shift Scheduler Demo] [           main] org.hibernate.SQL                        : delete from shift_assignments where id=?
Hibernate: delete from shift_assignments where id=?
2025-10-13T15:13:08.113+09:00 DEBUG 16864 --- [Shift Scheduler Demo] [           main] org.hibernate.SQL                        : delete from shift_assignments where id=?
Hibernate: delete from shift_assignments where id=?
2025-10-13T15:13:08.113+09:00 DEBUG 16864 --- [Shift Scheduler Demo] [           main] org.hibernate.SQL                        : delete from shift_assignments where id=?
Hibernate: delete from shift_assignments where id=?
2025-10-13T15:13:08.115+09:00 DEBUG 16864 --- [Shift Scheduler Demo] [           main] org.hibernate.SQL                        : delete from shift_assignments where id=?
Hibernate: delete from shift_assignments where id=?
2025-10-13T15:13:08.115+09:00 DEBUG 16864 --- [Shift Scheduler Demo] [           main] org.hibernate.SQL                        : delete from shift_assignments where id=?
Hibernate: delete from shift_assignments where id=?
2025-10-13T15:13:08.115+09:00 DEBUG 16864 --- [Shift Scheduler Demo] [           main] org.hibernate.SQL                        : delete from shift_assignments where id=?
Hibernate: delete from shift_assignments where id=?
2025-10-13T15:13:08.115+09:00 DEBUG 16864 --- [Shift Scheduler Demo] [           main] org.hibernate.SQL                        : delete from shift_assignments where id=?
Hibernate: delete from shift_assignments where id=?
2025-10-13T15:13:08.118+09:00 DEBUG 16864 --- [Shift Scheduler Demo] [           main] org.hibernate.SQL                        : delete from shift_assignments where id=?
Hibernate: delete from shift_assignments where id=?
2025-10-13T15:13:08.118+09:00 DEBUG 16864 --- [Shift Scheduler Demo] [           main] org.hibernate.SQL                        : delete from shift_assignments where id=?
Hibernate: delete from shift_assignments where id=?
2025-10-13T15:13:08.118+09:00 DEBUG 16864 --- [Shift Scheduler Demo] [           main] org.hibernate.SQL                        : delete from shift_assignments where id=?
Hibernate: delete from shift_assignments where id=?
2025-10-13T15:13:08.118+09:00 DEBUG 16864 --- [Shift Scheduler Demo] [           main] org.hibernate.SQL                        : delete from shift_assignments where id=?
Hibernate: delete from shift_assignments where id=?
2025-10-13T15:13:08.118+09:00 DEBUG 16864 --- [Shift Scheduler Demo] [           main] org.hibernate.SQL                        : delete from shift_assignments where id=?
Hibernate: delete from shift_assignments where id=?
2025-10-13T15:13:08.118+09:00 DEBUG 16864 --- [Shift Scheduler Demo] [           main] org.hibernate.SQL                        : delete from shift_assignments where id=?
Hibernate: delete from shift_assignments where id=?
2025-10-13T15:13:08.118+09:00 DEBUG 16864 --- [Shift Scheduler Demo] [           main] org.hibernate.SQL                        : delete from shift_assignments where id=?
Hibernate: delete from shift_assignments where id=?
2025-10-13T15:13:08.118+09:00 DEBUG 16864 --- [Shift Scheduler Demo] [           main] org.hibernate.SQL                        : delete from shift_assignments where id=?
Hibernate: delete from shift_assignments where id=?
2025-10-13T15:13:08.118+09:00 DEBUG 16864 --- [Shift Scheduler Demo] [           main] org.hibernate.SQL                        : delete from shift_assignments where id=?
Hibernate: delete from shift_assignments where id=?
2025-10-13T15:13:08.118+09:00 DEBUG 16864 --- [Shift Scheduler Demo] [           main] org.hibernate.SQL                        : delete from shift_assignments where id=?
Hibernate: delete from shift_assignments where id=?
2025-10-13T15:13:08.122+09:00 DEBUG 16864 --- [Shift Scheduler Demo] [           main] org.hibernate.SQL                        : delete from shift_assignments where id=?
Hibernate: delete from shift_assignments where id=?
2025-10-13T15:13:08.122+09:00 DEBUG 16864 --- [Shift Scheduler Demo] [           main] org.hibernate.SQL                        : delete from shift_assignments where id=?
Hibernate: delete from shift_assignments where id=?
2025-10-13T15:13:08.122+09:00 DEBUG 16864 --- [Shift Scheduler Demo] [           main] org.hibernate.SQL                        : delete from shift_assignments where id=?
Hibernate: delete from shift_assignments where id=?
2025-10-13T15:13:08.122+09:00 DEBUG 16864 --- [Shift Scheduler Demo] [           main] org.hibernate.SQL                        : delete from shift_assignments where id=?
Hibernate: delete from shift_assignments where id=?
2025-10-13T15:13:08.122+09:00 DEBUG 16864 --- [Shift Scheduler Demo] [           main] org.hibernate.SQL                        : delete from shift_assignments where id=?
Hibernate: delete from shift_assignments where id=?
2025-10-13T15:13:08.123+09:00 DEBUG 16864 --- [Shift Scheduler Demo] [           main] org.hibernate.SQL                        : delete from shift_assignments where id=?
Hibernate: delete from shift_assignments where id=?
2025-10-13T15:13:08.123+09:00 DEBUG 16864 --- [Shift Scheduler Demo] [           main] org.hibernate.SQL                        : delete from shift_assignments where id=?
Hibernate: delete from shift_assignments where id=?
2025-10-13T15:13:08.123+09:00 DEBUG 16864 --- [Shift Scheduler Demo] [           main] org.hibernate.SQL                        : delete from shift_assignments where id=?
Hibernate: delete from shift_assignments where id=?
2025-10-13T15:13:08.123+09:00 DEBUG 16864 --- [Shift Scheduler Demo] [           main] org.hibernate.SQL                        : delete from shift_assignments where id=?
Hibernate: delete from shift_assignments where id=?
2025-10-13T15:13:08.123+09:00 DEBUG 16864 --- [Shift Scheduler Demo] [           main] org.hibernate.SQL                        : delete from shift_assignments where id=?
Hibernate: delete from shift_assignments where id=?
2025-10-13T15:13:08.124+09:00 DEBUG 16864 --- [Shift Scheduler Demo] [           main] org.hibernate.SQL                        : delete from shift_assignments where id=?
Hibernate: delete from shift_assignments where id=?
2025-10-13T15:13:08.127+09:00 DEBUG 16864 --- [Shift Scheduler Demo] [           main] org.hibernate.SQL                        : delete from shift_assignments where id=?
Hibernate: delete from shift_assignments where id=?
2025-10-13T15:13:08.127+09:00 DEBUG 16864 --- [Shift Scheduler Demo] [           main] org.hibernate.SQL                        : delete from shift_assignments where id=?
Hibernate: delete from shift_assignments where id=?
2025-10-13T15:13:08.127+09:00 DEBUG 16864 --- [Shift Scheduler Demo] [           main] org.hibernate.SQL                        : delete from shift_assignments where id=?
Hibernate: delete from shift_assignments where id=?
2025-10-13T15:13:08.127+09:00 DEBUG 16864 --- [Shift Scheduler Demo] [           main] org.hibernate.SQL                        : delete from shift_assignments where id=?
Hibernate: delete from shift_assignments where id=?
2025-10-13T15:13:08.127+09:00 DEBUG 16864 --- [Shift Scheduler Demo] [           main] org.hibernate.SQL                        : delete from shift_assignments where id=?
Hibernate: delete from shift_assignments where id=?
2025-10-13T15:13:08.127+09:00 DEBUG 16864 --- [Shift Scheduler Demo] [           main] org.hibernate.SQL                        : delete from shift_assignments where id=?
Hibernate: delete from shift_assignments where id=?
2025-10-13T15:13:08.128+09:00 DEBUG 16864 --- [Shift Scheduler Demo] [           main] org.hibernate.SQL                        : delete from shift_assignments where id=?
Hibernate: delete from shift_assignments where id=?
2025-10-13T15:13:08.128+09:00 DEBUG 16864 --- [Shift Scheduler Demo] [           main] org.hibernate.SQL                        : delete from shift_assignments where id=?
Hibernate: delete from shift_assignments where id=?
2025-10-13T15:13:08.128+09:00 DEBUG 16864 --- [Shift Scheduler Demo] [           main] org.hibernate.SQL                        : delete from shift_assignments where id=?
Hibernate: delete from shift_assignments where id=?
2025-10-13T15:13:08.128+09:00 DEBUG 16864 --- [Shift Scheduler Demo] [           main] org.hibernate.SQL                        : delete from shift_assignments where id=?
Hibernate: delete from shift_assignments where id=?
2025-10-13T15:13:08.128+09:00 DEBUG 16864 --- [Shift Scheduler Demo] [           main] org.hibernate.SQL                        : delete from shift_assignments where id=?
Hibernate: delete from shift_assignments where id=?
2025-10-13T15:13:08.128+09:00 DEBUG 16864 --- [Shift Scheduler Demo] [           main] org.hibernate.SQL                        : delete from shift_assignments where id=?
Hibernate: delete from shift_assignments where id=?
2025-10-13T15:13:08.128+09:00 DEBUG 16864 --- [Shift Scheduler Demo] [           main] org.hibernate.SQL                        : delete from shift_assignments where id=?
Hibernate: delete from shift_assignments where id=?
2025-10-13T15:13:08.128+09:00 DEBUG 16864 --- [Shift Scheduler Demo] [           main] org.hibernate.SQL                        : delete from shift_assignments where id=?
Hibernate: delete from shift_assignments where id=?
2025-10-13T15:13:08.128+09:00 DEBUG 16864 --- [Shift Scheduler Demo] [           main] org.hibernate.SQL                        : delete from shift_assignments where id=?
Hibernate: delete from shift_assignments where id=?
2025-10-13T15:13:08.128+09:00 DEBUG 16864 --- [Shift Scheduler Demo] [           main] org.hibernate.SQL                        : delete from shift_assignments where id=?
Hibernate: delete from shift_assignments where id=?
2025-10-13T15:13:08.128+09:00 DEBUG 16864 --- [Shift Scheduler Demo] [           main] org.hibernate.SQL                        : delete from shift_assignments where id=?
Hibernate: delete from shift_assignments where id=?
2025-10-13T15:13:08.128+09:00 DEBUG 16864 --- [Shift Scheduler Demo] [           main] org.hibernate.SQL                        : delete from shift_assignments where id=?
Hibernate: delete from shift_assignments where id=?
2025-10-13T15:13:08.128+09:00 DEBUG 16864 --- [Shift Scheduler Demo] [           main] org.hibernate.SQL                        : delete from shift_assignments where id=?
Hibernate: delete from shift_assignments where id=?
2025-10-13T15:13:08.128+09:00 DEBUG 16864 --- [Shift Scheduler Demo] [           main] org.hibernate.SQL                        : delete from shift_assignments where id=?
Hibernate: delete from shift_assignments where id=?
2025-10-13T15:13:08.129+09:00 DEBUG 16864 --- [Shift Scheduler Demo] [           main] org.hibernate.SQL                        : delete from shift_assignments where id=?
Hibernate: delete from shift_assignments where id=?
2025-10-13T15:13:08.129+09:00 DEBUG 16864 --- [Shift Scheduler Demo] [           main] org.hibernate.SQL                        : delete from shift_assignments where id=?
Hibernate: delete from shift_assignments where id=?
2025-10-13T15:13:08.129+09:00 DEBUG 16864 --- [Shift Scheduler Demo] [           main] org.hibernate.SQL                        : delete from shift_assignments where id=?
Hibernate: delete from shift_assignments where id=?
2025-10-13T15:13:08.129+09:00 DEBUG 16864 --- [Shift Scheduler Demo] [           main] org.hibernate.SQL                        : delete from shift_assignments where id=?
Hibernate: delete from shift_assignments where id=?
2025-10-13T15:13:08.129+09:00 DEBUG 16864 --- [Shift Scheduler Demo] [           main] org.hibernate.SQL                        : delete from shift_assignments where id=?
Hibernate: delete from shift_assignments where id=?
2025-10-13T15:13:08.130+09:00 DEBUG 16864 --- [Shift Scheduler Demo] [           main] org.hibernate.SQL                        : delete from shift_assignments where id=?
Hibernate: delete from shift_assignments where id=?
2025-10-13T15:13:08.130+09:00 DEBUG 16864 --- [Shift Scheduler Demo] [           main] org.hibernate.SQL                        : delete from shift_assignments where id=?
Hibernate: delete from shift_assignments where id=?
2025-10-13T15:13:08.130+09:00 DEBUG 16864 --- [Shift Scheduler Demo] [           main] org.hibernate.SQL                        : delete from shift_assignments where id=?
Hibernate: delete from shift_assignments where id=?
2025-10-13T15:13:08.130+09:00 DEBUG 16864 --- [Shift Scheduler Demo] [           main] org.hibernate.SQL                        : delete from shift_assignments where id=?
Hibernate: delete from shift_assignments where id=?
2025-10-13T15:13:08.130+09:00 DEBUG 16864 --- [Shift Scheduler Demo] [           main] org.hibernate.SQL                        : delete from shift_assignments where id=?
Hibernate: delete from shift_assignments where id=?
2025-10-13T15:13:08.130+09:00 DEBUG 16864 --- [Shift Scheduler Demo] [           main] org.hibernate.SQL                        : delete from shift_assignments where id=?
Hibernate: delete from shift_assignments where id=?
2025-10-13T15:13:08.131+09:00 DEBUG 16864 --- [Shift Scheduler Demo] [           main] org.hibernate.SQL                        : delete from shift_assignments where id=?
Hibernate: delete from shift_assignments where id=?
2025-10-13T15:13:08.131+09:00 DEBUG 16864 --- [Shift Scheduler Demo] [           main] org.hibernate.SQL                        : delete from shift_assignments where id=?
Hibernate: delete from shift_assignments where id=?
2025-10-13T15:13:08.131+09:00 DEBUG 16864 --- [Shift Scheduler Demo] [           main] org.hibernate.SQL                        : delete from shift_assignments where id=?
Hibernate: delete from shift_assignments where id=?
2025-10-13T15:13:08.131+09:00 DEBUG 16864 --- [Shift Scheduler Demo] [           main] org.hibernate.SQL                        : delete from shift_assignments where id=?
Hibernate: delete from shift_assignments where id=?
2025-10-13T15:13:08.131+09:00 DEBUG 16864 --- [Shift Scheduler Demo] [           main] org.hibernate.SQL                        : delete from shift_assignments where id=?
Hibernate: delete from shift_assignments where id=?
2025-10-13T15:13:08.131+09:00 DEBUG 16864 --- [Shift Scheduler Demo] [           main] org.hibernate.SQL                        : delete from shift_assignments where id=?
Hibernate: delete from shift_assignments where id=?
2025-10-13T15:13:08.131+09:00 DEBUG 16864 --- [Shift Scheduler Demo] [           main] org.hibernate.SQL                        : delete from shift_assignments where id=?
Hibernate: delete from shift_assignments where id=?
2025-10-13T15:13:08.131+09:00 DEBUG 16864 --- [Shift Scheduler Demo] [           main] org.hibernate.SQL                        : delete from shift_assignments where id=?
Hibernate: delete from shift_assignments where id=?
2025-10-13T15:13:08.131+09:00 DEBUG 16864 --- [Shift Scheduler Demo] [           main] org.hibernate.SQL                        : delete from shift_assignments where id=?
Hibernate: delete from shift_assignments where id=?
2025-10-13T15:13:08.131+09:00 DEBUG 16864 --- [Shift Scheduler Demo] [           main] org.hibernate.SQL                        : delete from shift_assignments where id=?
Hibernate: delete from shift_assignments where id=?
2025-10-13T15:13:08.131+09:00 DEBUG 16864 --- [Shift Scheduler Demo] [           main] org.hibernate.SQL                        : delete from shift_assignments where id=?
Hibernate: delete from shift_assignments where id=?
2025-10-13T15:13:08.131+09:00 DEBUG 16864 --- [Shift Scheduler Demo] [           main] org.hibernate.SQL                        : delete from shift_assignments where id=?
Hibernate: delete from shift_assignments where id=?
2025-10-13T15:13:08.132+09:00 DEBUG 16864 --- [Shift Scheduler Demo] [           main] org.hibernate.SQL                        : delete from shift_assignments where id=?
Hibernate: delete from shift_assignments where id=?
2025-10-13T15:13:08.132+09:00 DEBUG 16864 --- [Shift Scheduler Demo] [           main] org.hibernate.SQL                        : delete from shift_assignments where id=?
Hibernate: delete from shift_assignments where id=?
2025-10-13T15:13:08.132+09:00 DEBUG 16864 --- [Shift Scheduler Demo] [           main] org.hibernate.SQL                        : delete from shift_assignments where id=?
Hibernate: delete from shift_assignments where id=?
2025-10-13T15:13:08.132+09:00 DEBUG 16864 --- [Shift Scheduler Demo] [           main] org.hibernate.SQL                        : delete from shift_assignments where id=?
Hibernate: delete from shift_assignments where id=?
2025-10-13T15:13:08.132+09:00 DEBUG 16864 --- [Shift Scheduler Demo] [           main] org.hibernate.SQL                        : delete from shift_assignments where id=?
Hibernate: delete from shift_assignments where id=?
2025-10-13T15:13:08.132+09:00 DEBUG 16864 --- [Shift Scheduler Demo] [           main] org.hibernate.SQL                        : delete from shift_assignments where id=?
Hibernate: delete from shift_assignments where id=?
2025-10-13T15:13:08.132+09:00 DEBUG 16864 --- [Shift Scheduler Demo] [           main] org.hibernate.SQL                        : delete from shift_assignments where id=?
Hibernate: delete from shift_assignments where id=?
2025-10-13T15:13:08.132+09:00 DEBUG 16864 --- [Shift Scheduler Demo] [           main] org.hibernate.SQL                        : delete from shift_assignments where id=?
Hibernate: delete from shift_assignments where id=?
2025-10-13T15:13:08.132+09:00 DEBUG 16864 --- [Shift Scheduler Demo] [           main] org.hibernate.SQL                        : delete from shift_assignments where id=?
Hibernate: delete from shift_assignments where id=?
2025-10-13T15:13:08.133+09:00 DEBUG 16864 --- [Shift Scheduler Demo] [           main] org.hibernate.SQL                        : delete from shift_assignments where id=?
Hibernate: delete from shift_assignments where id=?
2025-10-13T15:13:08.133+09:00 DEBUG 16864 --- [Shift Scheduler Demo] [           main] org.hibernate.SQL                        : delete from shift_assignments where id=?
Hibernate: delete from shift_assignments where id=?
2025-10-13T15:13:08.133+09:00 DEBUG 16864 --- [Shift Scheduler Demo] [           main] org.hibernate.SQL                        : delete from shift_assignments where id=?
Hibernate: delete from shift_assignments where id=?
2025-10-13T15:13:08.133+09:00 DEBUG 16864 --- [Shift Scheduler Demo] [           main] org.hibernate.SQL                        : delete from shift_assignments where id=?
Hibernate: delete from shift_assignments where id=?
2025-10-13T15:13:08.133+09:00 DEBUG 16864 --- [Shift Scheduler Demo] [           main] org.hibernate.SQL                        : delete from shift_assignments where id=?
Hibernate: delete from shift_assignments where id=?
2025-10-13T15:13:08.133+09:00 DEBUG 16864 --- [Shift Scheduler Demo] [           main] org.hibernate.SQL                        : delete from shift_assignments where id=?
Hibernate: delete from shift_assignments where id=?
2025-10-13T15:13:08.133+09:00 DEBUG 16864 --- [Shift Scheduler Demo] [           main] org.hibernate.SQL                        : delete from shift_assignments where id=?
Hibernate: delete from shift_assignments where id=?
2025-10-13T15:13:08.133+09:00 DEBUG 16864 --- [Shift Scheduler Demo] [           main] org.hibernate.SQL                        : delete from shift_assignments where id=?
Hibernate: delete from shift_assignments where id=?
2025-10-13T15:13:08.134+09:00 DEBUG 16864 --- [Shift Scheduler Demo] [           main] org.hibernate.SQL                        : delete from shift_assignments where id=?
Hibernate: delete from shift_assignments where id=?
2025-10-13T15:13:08.134+09:00 DEBUG 16864 --- [Shift Scheduler Demo] [           main] org.hibernate.SQL                        : delete from shift_assignments where id=?
Hibernate: delete from shift_assignments where id=?
2025-10-13T15:13:08.134+09:00 DEBUG 16864 --- [Shift Scheduler Demo] [           main] org.hibernate.SQL                        : delete from shift_assignments where id=?
Hibernate: delete from shift_assignments where id=?
2025-10-13T15:13:08.134+09:00 DEBUG 16864 --- [Shift Scheduler Demo] [           main] org.hibernate.SQL                        : delete from shift_assignments where id=?
Hibernate: delete from shift_assignments where id=?
2025-10-13T15:13:08.134+09:00 DEBUG 16864 --- [Shift Scheduler Demo] [           main] org.hibernate.SQL                        : delete from shift_assignments where id=?
Hibernate: delete from shift_assignments where id=?
2025-10-13T15:13:08.134+09:00 DEBUG 16864 --- [Shift Scheduler Demo] [           main] org.hibernate.SQL                        : delete from shift_assignments where id=?
Hibernate: delete from shift_assignments where id=?
2025-10-13T15:13:08.134+09:00 DEBUG 16864 --- [Shift Scheduler Demo] [           main] org.hibernate.SQL                        : delete from shift_assignments where id=?
Hibernate: delete from shift_assignments where id=?
2025-10-13T15:13:08.134+09:00 DEBUG 16864 --- [Shift Scheduler Demo] [           main] org.hibernate.SQL                        : delete from shift_assignments where id=?
Hibernate: delete from shift_assignments where id=?
2025-10-13T15:13:08.134+09:00 DEBUG 16864 --- [Shift Scheduler Demo] [           main] org.hibernate.SQL                        : delete from shift_assignments where id=?
Hibernate: delete from shift_assignments where id=?
2025-10-13T15:13:08.135+09:00 DEBUG 16864 --- [Shift Scheduler Demo] [           main] org.hibernate.SQL                        : delete from shift_assignments where id=?
Hibernate: delete from shift_assignments where id=?
2025-10-13T15:13:08.135+09:00 DEBUG 16864 --- [Shift Scheduler Demo] [           main] org.hibernate.SQL                        : delete from shift_assignments where id=?
Hibernate: delete from shift_assignments where id=?
2025-10-13T15:13:08.135+09:00 DEBUG 16864 --- [Shift Scheduler Demo] [           main] org.hibernate.SQL                        : delete from shift_assignments where id=?
Hibernate: delete from shift_assignments where id=?
2025-10-13T15:13:08.135+09:00 DEBUG 16864 --- [Shift Scheduler Demo] [           main] org.hibernate.SQL                        : delete from shift_assignments where id=?
Hibernate: delete from shift_assignments where id=?
2025-10-13T15:13:08.135+09:00 DEBUG 16864 --- [Shift Scheduler Demo] [           main] org.hibernate.SQL                        : delete from shift_assignments where id=?
Hibernate: delete from shift_assignments where id=?
2025-10-13T15:13:08.135+09:00 DEBUG 16864 --- [Shift Scheduler Demo] [           main] org.hibernate.SQL                        : delete from shift_assignments where id=?
Hibernate: delete from shift_assignments where id=?
2025-10-13T15:13:08.135+09:00 DEBUG 16864 --- [Shift Scheduler Demo] [           main] org.hibernate.SQL                        : delete from shift_assignments where id=?
Hibernate: delete from shift_assignments where id=?
2025-10-13T15:13:08.135+09:00 DEBUG 16864 --- [Shift Scheduler Demo] [           main] org.hibernate.SQL                        : delete from shift_assignments where id=?
Hibernate: delete from shift_assignments where id=?
2025-10-13T15:13:08.135+09:00 DEBUG 16864 --- [Shift Scheduler Demo] [           main] org.hibernate.SQL                        : delete from shift_assignments where id=?
Hibernate: delete from shift_assignments where id=?
2025-10-13T15:13:08.136+09:00 DEBUG 16864 --- [Shift Scheduler Demo] [           main] org.hibernate.SQL                        : delete from shift_assignments where id=?
Hibernate: delete from shift_assignments where id=?
2025-10-13T15:13:08.136+09:00 DEBUG 16864 --- [Shift Scheduler Demo] [           main] org.hibernate.SQL                        : delete from shift_assignments where id=?
Hibernate: delete from shift_assignments where id=?
2025-10-13T15:13:08.137+09:00 DEBUG 16864 --- [Shift Scheduler Demo] [           main] org.hibernate.SQL                        : delete from shift_assignments where id=?
Hibernate: delete from shift_assignments where id=?
2025-10-13T15:13:08.137+09:00 DEBUG 16864 --- [Shift Scheduler Demo] [           main] org.hibernate.SQL                        : delete from shift_assignments where id=?
Hibernate: delete from shift_assignments where id=?
2025-10-13T15:13:08.137+09:00 DEBUG 16864 --- [Shift Scheduler Demo] [           main] org.hibernate.SQL                        : delete from shift_assignments where id=?
Hibernate: delete from shift_assignments where id=?
2025-10-13T15:13:08.137+09:00 DEBUG 16864 --- [Shift Scheduler Demo] [           main] org.hibernate.SQL                        : delete from shift_assignments where id=?
Hibernate: delete from shift_assignments where id=?
2025-10-13T15:13:08.137+09:00 DEBUG 16864 --- [Shift Scheduler Demo] [           main] org.hibernate.SQL                        : delete from shift_assignments where id=?
Hibernate: delete from shift_assignments where id=?
2025-10-13T15:13:08.137+09:00 DEBUG 16864 --- [Shift Scheduler Demo] [           main] org.hibernate.SQL                        : delete from shift_assignments where id=?
Hibernate: delete from shift_assignments where id=?
2025-10-13T15:13:08.137+09:00 DEBUG 16864 --- [Shift Scheduler Demo] [           main] org.hibernate.SQL                        : delete from shift_assignments where id=?
Hibernate: delete from shift_assignments where id=?
2025-10-13T15:13:08.138+09:00 DEBUG 16864 --- [Shift Scheduler Demo] [           main] org.hibernate.SQL                        : delete from shift_assignments where id=?
Hibernate: delete from shift_assignments where id=?
2025-10-13T15:13:08.138+09:00 DEBUG 16864 --- [Shift Scheduler Demo] [           main] org.hibernate.SQL                        : delete from shift_assignments where id=?
Hibernate: delete from shift_assignments where id=?
2025-10-13T15:13:08.138+09:00 DEBUG 16864 --- [Shift Scheduler Demo] [           main] org.hibernate.SQL                        : delete from shift_assignments where id=?
Hibernate: delete from shift_assignments where id=?
2025-10-13T15:13:08.138+09:00 DEBUG 16864 --- [Shift Scheduler Demo] [           main] org.hibernate.SQL                        : delete from shift_assignments where id=?
Hibernate: delete from shift_assignments where id=?
2025-10-13T15:13:08.138+09:00 DEBUG 16864 --- [Shift Scheduler Demo] [           main] org.hibernate.SQL                        : delete from shift_assignments where id=?
Hibernate: delete from shift_assignments where id=?
2025-10-13T15:13:08.138+09:00 DEBUG 16864 --- [Shift Scheduler Demo] [           main] org.hibernate.SQL                        : delete from shift_assignments where id=?
Hibernate: delete from shift_assignments where id=?
2025-10-13T15:13:08.138+09:00 DEBUG 16864 --- [Shift Scheduler Demo] [           main] org.hibernate.SQL                        : delete from shift_assignments where id=?
Hibernate: delete from shift_assignments where id=?
2025-10-13T15:13:08.138+09:00 DEBUG 16864 --- [Shift Scheduler Demo] [           main] org.hibernate.SQL                        : delete from shift_assignments where id=?
Hibernate: delete from shift_assignments where id=?
2025-10-13T15:13:08.138+09:00 DEBUG 16864 --- [Shift Scheduler Demo] [           main] org.hibernate.SQL                        : delete from shift_assignments where id=?
Hibernate: delete from shift_assignments where id=?
2025-10-13T15:13:08.138+09:00 DEBUG 16864 --- [Shift Scheduler Demo] [           main] org.hibernate.SQL                        : delete from shift_assignments where id=?
Hibernate: delete from shift_assignments where id=?
2025-10-13T15:13:08.139+09:00 DEBUG 16864 --- [Shift Scheduler Demo] [           main] org.hibernate.SQL                        : delete from shift_assignments where id=?
Hibernate: delete from shift_assignments where id=?
2025-10-13T15:13:08.139+09:00 DEBUG 16864 --- [Shift Scheduler Demo] [           main] org.hibernate.SQL                        : delete from shift_assignments where id=?
Hibernate: delete from shift_assignments where id=?
2025-10-13T15:13:08.139+09:00 DEBUG 16864 --- [Shift Scheduler Demo] [           main] org.hibernate.SQL                        : delete from shift_assignments where id=?
Hibernate: delete from shift_assignments where id=?
2025-10-13T15:13:08.139+09:00 DEBUG 16864 --- [Shift Scheduler Demo] [           main] org.hibernate.SQL                        : delete from shift_assignments where id=?
Hibernate: delete from shift_assignments where id=?
2025-10-13T15:13:08.139+09:00 DEBUG 16864 --- [Shift Scheduler Demo] [           main] org.hibernate.SQL                        : delete from shift_assignments where id=?
Hibernate: delete from shift_assignments where id=?
2025-10-13T15:13:08.139+09:00 DEBUG 16864 --- [Shift Scheduler Demo] [           main] org.hibernate.SQL                        : delete from shift_assignments where id=?
Hibernate: delete from shift_assignments where id=?
2025-10-13T15:13:08.139+09:00 DEBUG 16864 --- [Shift Scheduler Demo] [           main] org.hibernate.SQL                        : delete from shift_assignments where id=?
Hibernate: delete from shift_assignments where id=?
2025-10-13T15:13:08.140+09:00 DEBUG 16864 --- [Shift Scheduler Demo] [           main] org.hibernate.SQL                        : delete from shift_assignments where id=?
Hibernate: delete from shift_assignments where id=?
2025-10-13T15:13:08.140+09:00 DEBUG 16864 --- [Shift Scheduler Demo] [           main] org.hibernate.SQL                        : delete from shift_assignments where id=?
Hibernate: delete from shift_assignments where id=?
2025-10-13T15:13:08.140+09:00 DEBUG 16864 --- [Shift Scheduler Demo] [           main] org.hibernate.SQL                        : delete from shift_assignments where id=?
Hibernate: delete from shift_assignments where id=?
2025-10-13T15:13:08.140+09:00 DEBUG 16864 --- [Shift Scheduler Demo] [           main] org.hibernate.SQL                        : delete from shift_assignments where id=?
Hibernate: delete from shift_assignments where id=?
2025-10-13T15:13:08.140+09:00 DEBUG 16864 --- [Shift Scheduler Demo] [           main] org.hibernate.SQL                        : delete from shift_assignments where id=?
Hibernate: delete from shift_assignments where id=?
2025-10-13T15:13:08.140+09:00 DEBUG 16864 --- [Shift Scheduler Demo] [           main] org.hibernate.SQL                        : delete from shift_assignments where id=?
Hibernate: delete from shift_assignments where id=?
2025-10-13T15:13:08.140+09:00 DEBUG 16864 --- [Shift Scheduler Demo] [           main] org.hibernate.SQL                        : delete from shift_assignments where id=?
Hibernate: delete from shift_assignments where id=?
2025-10-13T15:13:08.141+09:00 DEBUG 16864 --- [Shift Scheduler Demo] [           main] org.hibernate.SQL                        : delete from shift_assignments where id=?
Hibernate: delete from shift_assignments where id=?
2025-10-13T15:13:08.141+09:00 DEBUG 16864 --- [Shift Scheduler Demo] [           main] org.hibernate.SQL                        : delete from shift_assignments where id=?
Hibernate: delete from shift_assignments where id=?
2025-10-13T15:13:08.141+09:00 DEBUG 16864 --- [Shift Scheduler Demo] [           main] org.hibernate.SQL                        : delete from shift_assignments where id=?
Hibernate: delete from shift_assignments where id=?
2025-10-13T15:13:08.141+09:00 DEBUG 16864 --- [Shift Scheduler Demo] [           main] org.hibernate.SQL                        : delete from shift_assignments where id=?
Hibernate: delete from shift_assignments where id=?
2025-10-13T15:13:08.142+09:00 DEBUG 16864 --- [Shift Scheduler Demo] [           main] org.hibernate.SQL                        : delete from shift_assignments where id=?
Hibernate: delete from shift_assignments where id=?
2025-10-13T15:13:08.142+09:00 DEBUG 16864 --- [Shift Scheduler Demo] [           main] org.hibernate.SQL                        : delete from shift_assignments where id=?
Hibernate: delete from shift_assignments where id=?
2025-10-13T15:13:08.142+09:00 DEBUG 16864 --- [Shift Scheduler Demo] [           main] org.hibernate.SQL                        : delete from shift_assignments where id=?
Hibernate: delete from shift_assignments where id=?
2025-10-13T15:13:08.142+09:00 DEBUG 16864 --- [Shift Scheduler Demo] [           main] org.hibernate.SQL                        : delete from shift_assignments where id=?
Hibernate: delete from shift_assignments where id=?
2025-10-13T15:13:08.142+09:00 DEBUG 16864 --- [Shift Scheduler Demo] [           main] org.hibernate.SQL                        : delete from shift_assignments where id=?
Hibernate: delete from shift_assignments where id=?
2025-10-13T15:13:08.142+09:00 DEBUG 16864 --- [Shift Scheduler Demo] [           main] org.hibernate.SQL                        : delete from shift_assignments where id=?
Hibernate: delete from shift_assignments where id=?
2025-10-13T15:13:08.142+09:00 DEBUG 16864 --- [Shift Scheduler Demo] [           main] org.hibernate.SQL                        : delete from shift_assignments where id=?
Hibernate: delete from shift_assignments where id=?
2025-10-13T15:13:08.143+09:00 DEBUG 16864 --- [Shift Scheduler Demo] [           main] org.hibernate.SQL                        : delete from shift_assignments where id=?
Hibernate: delete from shift_assignments where id=?
2025-10-13T15:13:08.143+09:00 DEBUG 16864 --- [Shift Scheduler Demo] [           main] org.hibernate.SQL                        : delete from shift_assignments where id=?
Hibernate: delete from shift_assignments where id=?
2025-10-13T15:13:08.143+09:00 DEBUG 16864 --- [Shift Scheduler Demo] [           main] org.hibernate.SQL                        : delete from shift_assignments where id=?
Hibernate: delete from shift_assignments where id=?
2025-10-13T15:13:08.143+09:00 DEBUG 16864 --- [Shift Scheduler Demo] [           main] org.hibernate.SQL                        : delete from shift_assignments where id=?
Hibernate: delete from shift_assignments where id=?
2025-10-13T15:13:08.144+09:00 DEBUG 16864 --- [Shift Scheduler Demo] [           main] org.hibernate.SQL                        : delete from shift_assignments where id=?
Hibernate: delete from shift_assignments where id=?
2025-10-13T15:13:08.144+09:00 DEBUG 16864 --- [Shift Scheduler Demo] [           main] org.hibernate.SQL                        : delete from shift_assignments where id=?
Hibernate: delete from shift_assignments where id=?
2025-10-13T15:13:08.145+09:00 DEBUG 16864 --- [Shift Scheduler Demo] [           main] org.hibernate.SQL                        : delete from shift_assignments where id=?
Hibernate: delete from shift_assignments where id=?
2025-10-13T15:13:08.147+09:00 DEBUG 16864 --- [Shift Scheduler Demo] [           main] org.hibernate.SQL                        : delete from shift_assignments where id=?
Hibernate: delete from shift_assignments where id=?
2025-10-13T15:13:08.147+09:00 DEBUG 16864 --- [Shift Scheduler Demo] [           main] org.hibernate.SQL                        : delete from shift_assignments where id=?
Hibernate: delete from shift_assignments where id=?
2025-10-13T15:13:08.147+09:00 DEBUG 16864 --- [Shift Scheduler Demo] [           main] org.hibernate.SQL                        : delete from shift_assignments where id=?
Hibernate: delete from shift_assignments where id=?
2025-10-13T15:13:08.147+09:00 DEBUG 16864 --- [Shift Scheduler Demo] [           main] org.hibernate.SQL                        : delete from shift_assignments where id=?
Hibernate: delete from shift_assignments where id=?
2025-10-13T15:13:08.147+09:00 DEBUG 16864 --- [Shift Scheduler Demo] [           main] org.hibernate.SQL                        : delete from shift_assignments where id=?
Hibernate: delete from shift_assignments where id=?
2025-10-13T15:13:08.147+09:00 DEBUG 16864 --- [Shift Scheduler Demo] [           main] org.hibernate.SQL                        : delete from shift_assignments where id=?
Hibernate: delete from shift_assignments where id=?
2025-10-13T15:13:08.147+09:00 DEBUG 16864 --- [Shift Scheduler Demo] [           main] org.hibernate.SQL                        : delete from shift_assignments where id=?
Hibernate: delete from shift_assignments where id=?
2025-10-13T15:13:08.147+09:00 DEBUG 16864 --- [Shift Scheduler Demo] [           main] org.hibernate.SQL                        : delete from shift_assignments where id=?
Hibernate: delete from shift_assignments where id=?
2025-10-13T15:13:08.147+09:00 DEBUG 16864 --- [Shift Scheduler Demo] [           main] org.hibernate.SQL                        : delete from shift_assignments where id=?
Hibernate: delete from shift_assignments where id=?
2025-10-13T15:13:08.147+09:00 DEBUG 16864 --- [Shift Scheduler Demo] [           main] org.hibernate.SQL                        : delete from shift_assignments where id=?
Hibernate: delete from shift_assignments where id=?
2025-10-13T15:13:08.147+09:00 DEBUG 16864 --- [Shift Scheduler Demo] [           main] org.hibernate.SQL                        : delete from shift_assignments where id=?
Hibernate: delete from shift_assignments where id=?
2025-10-13T15:13:08.147+09:00 DEBUG 16864 --- [Shift Scheduler Demo] [           main] org.hibernate.SQL                        : delete from shift_assignments where id=?
Hibernate: delete from shift_assignments where id=?
2025-10-13T15:13:08.147+09:00 DEBUG 16864 --- [Shift Scheduler Demo] [           main] org.hibernate.SQL                        : delete from shift_assignments where id=?
Hibernate: delete from shift_assignments where id=?
2025-10-13T15:13:08.147+09:00 DEBUG 16864 --- [Shift Scheduler Demo] [           main] org.hibernate.SQL                        : delete from shift_assignments where id=?
Hibernate: delete from shift_assignments where id=?
2025-10-13T15:13:08.147+09:00 DEBUG 16864 --- [Shift Scheduler Demo] [           main] org.hibernate.SQL                        : delete from shift_assignments where id=?
Hibernate: delete from shift_assignments where id=?
2025-10-13T15:13:08.147+09:00 DEBUG 16864 --- [Shift Scheduler Demo] [           main] org.hibernate.SQL                        : delete from shift_assignments where id=?
Hibernate: delete from shift_assignments where id=?
2025-10-13T15:13:08.147+09:00 DEBUG 16864 --- [Shift Scheduler Demo] [           main] org.hibernate.SQL                        : delete from shift_assignments where id=?
Hibernate: delete from shift_assignments where id=?
2025-10-13T15:13:08.147+09:00 DEBUG 16864 --- [Shift Scheduler Demo] [           main] org.hibernate.SQL                        : delete from shift_assignments where id=?
Hibernate: delete from shift_assignments where id=?
2025-10-13T15:13:08.147+09:00 DEBUG 16864 --- [Shift Scheduler Demo] [           main] org.hibernate.SQL                        : delete from shift_assignments where id=?
Hibernate: delete from shift_assignments where id=?
2025-10-13T15:13:08.147+09:00 DEBUG 16864 --- [Shift Scheduler Demo] [           main] org.hibernate.SQL                        : delete from shift_assignments where id=?
Hibernate: delete from shift_assignments where id=?
2025-10-13T15:13:08.147+09:00 DEBUG 16864 --- [Shift Scheduler Demo] [           main] org.hibernate.SQL                        : delete from shift_assignments where id=?
Hibernate: delete from shift_assignments where id=?
2025-10-13T15:13:08.147+09:00 DEBUG 16864 --- [Shift Scheduler Demo] [           main] org.hibernate.SQL                        : delete from shift_assignments where id=?
Hibernate: delete from shift_assignments where id=?
2025-10-13T15:13:08.147+09:00 DEBUG 16864 --- [Shift Scheduler Demo] [           main] org.hibernate.SQL                        : delete from shift_assignments where id=?
Hibernate: delete from shift_assignments where id=?
2025-10-13T15:13:08.147+09:00 DEBUG 16864 --- [Shift Scheduler Demo] [           main] org.hibernate.SQL                        : delete from shift_assignments where id=?
Hibernate: delete from shift_assignments where id=?
2025-10-13T15:13:08.147+09:00 DEBUG 16864 --- [Shift Scheduler Demo] [           main] org.hibernate.SQL                        : delete from shift_assignments where id=?
Hibernate: delete from shift_assignments where id=?
2025-10-13T15:13:08.147+09:00 DEBUG 16864 --- [Shift Scheduler Demo] [           main] org.hibernate.SQL                        : delete from shift_assignments where id=?
Hibernate: delete from shift_assignments where id=?
2025-10-13T15:13:08.147+09:00 DEBUG 16864 --- [Shift Scheduler Demo] [           main] org.hibernate.SQL                        : delete from shift_assignments where id=?
Hibernate: delete from shift_assignments where id=?
2025-10-13T15:13:08.147+09:00 DEBUG 16864 --- [Shift Scheduler Demo] [           main] org.hibernate.SQL                        : delete from shift_assignments where id=?
Hibernate: delete from shift_assignments where id=?
2025-10-13T15:13:08.147+09:00 DEBUG 16864 --- [Shift Scheduler Demo] [           main] org.hibernate.SQL                        : delete from shift_assignments where id=?
Hibernate: delete from shift_assignments where id=?
2025-10-13T15:13:08.147+09:00 DEBUG 16864 --- [Shift Scheduler Demo] [           main] org.hibernate.SQL                        : delete from shift_assignments where id=?
Hibernate: delete from shift_assignments where id=?
2025-10-13T15:13:08.147+09:00 DEBUG 16864 --- [Shift Scheduler Demo] [           main] org.hibernate.SQL                        : delete from shift_assignments where id=?
Hibernate: delete from shift_assignments where id=?
2025-10-13T15:13:08.147+09:00 DEBUG 16864 --- [Shift Scheduler Demo] [           main] org.hibernate.SQL                        : delete from shift_assignments where id=?
Hibernate: delete from shift_assignments where id=?
2025-10-13T15:13:08.147+09:00 DEBUG 16864 --- [Shift Scheduler Demo] [           main] org.hibernate.SQL                        : delete from shift_assignments where id=?
Hibernate: delete from shift_assignments where id=?
2025-10-13T15:13:08.147+09:00 DEBUG 16864 --- [Shift Scheduler Demo] [           main] org.hibernate.SQL                        : delete from shift_assignments where id=?
Hibernate: delete from shift_assignments where id=?
2025-10-13T15:13:08.147+09:00 DEBUG 16864 --- [Shift Scheduler Demo] [           main] org.hibernate.SQL                        : delete from shift_assignments where id=?
Hibernate: delete from shift_assignments where id=?
2025-10-13T15:13:08.147+09:00 DEBUG 16864 --- [Shift Scheduler Demo] [           main] org.hibernate.SQL                        : delete from shift_assignments where id=?
Hibernate: delete from shift_assignments where id=?
2025-10-13T15:13:08.147+09:00 DEBUG 16864 --- [Shift Scheduler Demo] [           main] org.hibernate.SQL                        : delete from shift_assignments where id=?
Hibernate: delete from shift_assignments where id=?
2025-10-13T15:13:08.147+09:00 DEBUG 16864 --- [Shift Scheduler Demo] [           main] org.hibernate.SQL                        : delete from shift_assignments where id=?
Hibernate: delete from shift_assignments where id=?
2025-10-13T15:13:08.147+09:00 DEBUG 16864 --- [Shift Scheduler Demo] [           main] org.hibernate.SQL                        : delete from shift_assignments where id=?
Hibernate: delete from shift_assignments where id=?
2025-10-13T15:13:08.152+09:00 DEBUG 16864 --- [Shift Scheduler Demo] [           main] org.hibernate.SQL                        : delete from shift_assignments where id=?
Hibernate: delete from shift_assignments where id=?
2025-10-13T15:13:08.152+09:00 DEBUG 16864 --- [Shift Scheduler Demo] [           main] org.hibernate.SQL                        : delete from shift_assignments where id=?
Hibernate: delete from shift_assignments where id=?
2025-10-13T15:13:08.152+09:00 DEBUG 16864 --- [Shift Scheduler Demo] [           main] org.hibernate.SQL                        : delete from shift_assignments where id=?
Hibernate: delete from shift_assignments where id=?
2025-10-13T15:13:08.154+09:00 DEBUG 16864 --- [Shift Scheduler Demo] [           main] org.hibernate.SQL                        : delete from shift_assignments where id=?
Hibernate: delete from shift_assignments where id=?
2025-10-13T15:13:08.154+09:00 DEBUG 16864 --- [Shift Scheduler Demo] [           main] org.hibernate.SQL                        : delete from shift_assignments where id=?
Hibernate: delete from shift_assignments where id=?
2025-10-13T15:13:08.155+09:00 DEBUG 16864 --- [Shift Scheduler Demo] [           main] org.hibernate.SQL                        : delete from shift_assignments where id=?
Hibernate: delete from shift_assignments where id=?
2025-10-13T15:13:08.155+09:00 DEBUG 16864 --- [Shift Scheduler Demo] [           main] org.hibernate.SQL                        : delete from shift_assignments where id=?
Hibernate: delete from shift_assignments where id=?
2025-10-13T15:13:08.155+09:00 DEBUG 16864 --- [Shift Scheduler Demo] [           main] org.hibernate.SQL                        : delete from shift_assignments where id=?
Hibernate: delete from shift_assignments where id=?
2025-10-13T15:13:08.155+09:00 DEBUG 16864 --- [Shift Scheduler Demo] [           main] org.hibernate.SQL                        : delete from shift_assignments where id=?
Hibernate: delete from shift_assignments where id=?
2025-10-13T15:13:08.155+09:00 DEBUG 16864 --- [Shift Scheduler Demo] [           main] org.hibernate.SQL                        : delete from shift_assignments where id=?
Hibernate: delete from shift_assignments where id=?
2025-10-13T15:13:08.155+09:00 DEBUG 16864 --- [Shift Scheduler Demo] [           main] org.hibernate.SQL                        : delete from shift_assignments where id=?
Hibernate: delete from shift_assignments where id=?
2025-10-13T15:13:08.155+09:00 DEBUG 16864 --- [Shift Scheduler Demo] [           main] org.hibernate.SQL                        : delete from shift_assignments where id=?
Hibernate: delete from shift_assignments where id=?
2025-10-13T15:13:08.155+09:00 DEBUG 16864 --- [Shift Scheduler Demo] [           main] org.hibernate.SQL                        : delete from shift_assignments where id=?
Hibernate: delete from shift_assignments where id=?
2025-10-13T15:13:08.155+09:00 DEBUG 16864 --- [Shift Scheduler Demo] [           main] org.hibernate.SQL                        : delete from shift_assignments where id=?
Hibernate: delete from shift_assignments where id=?
2025-10-13T15:13:08.156+09:00 DEBUG 16864 --- [Shift Scheduler Demo] [           main] org.hibernate.SQL                        : delete from shift_assignments where id=?
Hibernate: delete from shift_assignments where id=?
2025-10-13T15:13:08.156+09:00 DEBUG 16864 --- [Shift Scheduler Demo] [           main] org.hibernate.SQL                        : delete from shift_assignments where id=?
Hibernate: delete from shift_assignments where id=?
2025-10-13T15:13:08.156+09:00 DEBUG 16864 --- [Shift Scheduler Demo] [           main] org.hibernate.SQL                        : delete from shift_assignments where id=?
Hibernate: delete from shift_assignments where id=?
2025-10-13T15:13:08.156+09:00 DEBUG 16864 --- [Shift Scheduler Demo] [           main] org.hibernate.SQL                        : delete from shift_assignments where id=?
Hibernate: delete from shift_assignments where id=?
2025-10-13T15:13:08.156+09:00 DEBUG 16864 --- [Shift Scheduler Demo] [           main] org.hibernate.SQL                        : delete from shift_assignments where id=?
Hibernate: delete from shift_assignments where id=?
2025-10-13T15:13:08.156+09:00 DEBUG 16864 --- [Shift Scheduler Demo] [           main] org.hibernate.SQL                        : delete from shift_assignments where id=?
Hibernate: delete from shift_assignments where id=?
2025-10-13T15:13:08.156+09:00 DEBUG 16864 --- [Shift Scheduler Demo] [           main] org.hibernate.SQL                        : delete from shift_assignments where id=?
Hibernate: delete from shift_assignments where id=?
2025-10-13T15:13:08.156+09:00 DEBUG 16864 --- [Shift Scheduler Demo] [           main] org.hibernate.SQL                        : delete from shift_assignments where id=?
Hibernate: delete from shift_assignments where id=?
2025-10-13T15:13:08.156+09:00 DEBUG 16864 --- [Shift Scheduler Demo] [           main] org.hibernate.SQL                        : delete from shift_assignments where id=?
Hibernate: delete from shift_assignments where id=?
2025-10-13T15:13:08.157+09:00 DEBUG 16864 --- [Shift Scheduler Demo] [           main] org.hibernate.SQL                        : delete from shift_assignments where id=?
Hibernate: delete from shift_assignments where id=?
2025-10-13T15:13:08.157+09:00 DEBUG 16864 --- [Shift Scheduler Demo] [           main] org.hibernate.SQL                        : delete from shift_assignments where id=?
Hibernate: delete from shift_assignments where id=?
2025-10-13T15:13:08.157+09:00 DEBUG 16864 --- [Shift Scheduler Demo] [           main] org.hibernate.SQL                        : delete from shift_assignments where id=?
Hibernate: delete from shift_assignments where id=?
2025-10-13T15:13:08.157+09:00 DEBUG 16864 --- [Shift Scheduler Demo] [           main] org.hibernate.SQL                        : delete from shift_assignments where id=?
Hibernate: delete from shift_assignments where id=?
2025-10-13T15:13:08.157+09:00 DEBUG 16864 --- [Shift Scheduler Demo] [           main] org.hibernate.SQL                        : delete from shift_assignments where id=?
Hibernate: delete from shift_assignments where id=?
2025-10-13T15:13:08.157+09:00 DEBUG 16864 --- [Shift Scheduler Demo] [           main] org.hibernate.SQL                        : delete from shift_assignments where id=?
Hibernate: delete from shift_assignments where id=?
2025-10-13T15:13:08.157+09:00 DEBUG 16864 --- [Shift Scheduler Demo] [           main] org.hibernate.SQL                        : delete from shift_assignments where id=?
Hibernate: delete from shift_assignments where id=?
2025-10-13T15:13:08.157+09:00 DEBUG 16864 --- [Shift Scheduler Demo] [           main] org.hibernate.SQL                        : delete from shift_assignments where id=?
Hibernate: delete from shift_assignments where id=?
2025-10-13T15:13:08.157+09:00 DEBUG 16864 --- [Shift Scheduler Demo] [           main] org.hibernate.SQL                        : delete from shift_assignments where id=?
Hibernate: delete from shift_assignments where id=?
2025-10-13T15:13:08.157+09:00 DEBUG 16864 --- [Shift Scheduler Demo] [           main] org.hibernate.SQL                        : delete from shift_assignments where id=?
Hibernate: delete from shift_assignments where id=?
2025-10-13T15:13:08.157+09:00 DEBUG 16864 --- [Shift Scheduler Demo] [           main] org.hibernate.SQL                        : delete from shift_assignments where id=?
Hibernate: delete from shift_assignments where id=?
2025-10-13T15:13:08.157+09:00 DEBUG 16864 --- [Shift Scheduler Demo] [           main] org.hibernate.SQL                        : delete from shift_assignments where id=?
Hibernate: delete from shift_assignments where id=?
2025-10-13T15:13:08.157+09:00 DEBUG 16864 --- [Shift Scheduler Demo] [           main] org.hibernate.SQL                        : delete from shift_assignments where id=?
Hibernate: delete from shift_assignments where id=?
2025-10-13T15:13:08.157+09:00 DEBUG 16864 --- [Shift Scheduler Demo] [           main] org.hibernate.SQL                        : delete from shift_assignments where id=?
Hibernate: delete from shift_assignments where id=?
2025-10-13T15:13:08.157+09:00 DEBUG 16864 --- [Shift Scheduler Demo] [           main] org.hibernate.SQL                        : delete from shift_assignments where id=?
Hibernate: delete from shift_assignments where id=?
2025-10-13T15:13:08.158+09:00 DEBUG 16864 --- [Shift Scheduler Demo] [           main] org.hibernate.SQL                        : delete from shift_assignments where id=?
Hibernate: delete from shift_assignments where id=?
2025-10-13T15:13:08.158+09:00 DEBUG 16864 --- [Shift Scheduler Demo] [           main] org.hibernate.SQL                        : delete from shift_assignments where id=?
Hibernate: delete from shift_assignments where id=?
2025-10-13T15:13:08.158+09:00 DEBUG 16864 --- [Shift Scheduler Demo] [           main] org.hibernate.SQL                        : delete from shift_assignments where id=?
Hibernate: delete from shift_assignments where id=?
2025-10-13T15:13:08.158+09:00 DEBUG 16864 --- [Shift Scheduler Demo] [           main] org.hibernate.SQL                        : delete from shift_assignments where id=?
Hibernate: delete from shift_assignments where id=?
2025-10-13T15:13:08.158+09:00 DEBUG 16864 --- [Shift Scheduler Demo] [           main] org.hibernate.SQL                        : delete from shift_assignments where id=?
Hibernate: delete from shift_assignments where id=?
2025-10-13T15:13:08.158+09:00 DEBUG 16864 --- [Shift Scheduler Demo] [           main] org.hibernate.SQL                        : delete from shift_assignments where id=?
Hibernate: delete from shift_assignments where id=?
2025-10-13T15:13:08.158+09:00 DEBUG 16864 --- [Shift Scheduler Demo] [           main] org.hibernate.SQL                        : delete from shift_assignments where id=?
Hibernate: delete from shift_assignments where id=?
2025-10-13T15:13:08.158+09:00 DEBUG 16864 --- [Shift Scheduler Demo] [           main] org.hibernate.SQL                        : delete from shift_assignments where id=?
Hibernate: delete from shift_assignments where id=?
2025-10-13T15:13:08.158+09:00 DEBUG 16864 --- [Shift Scheduler Demo] [           main] org.hibernate.SQL                        : delete from shift_assignments where id=?
Hibernate: delete from shift_assignments where id=?
2025-10-13T15:13:08.158+09:00 DEBUG 16864 --- [Shift Scheduler Demo] [           main] org.hibernate.SQL                        : delete from shift_assignments where id=?
Hibernate: delete from shift_assignments where id=?
2025-10-13T15:13:08.158+09:00 DEBUG 16864 --- [Shift Scheduler Demo] [           main] org.hibernate.SQL                        : delete from shift_assignments where id=?
Hibernate: delete from shift_assignments where id=?
2025-10-13T15:13:08.158+09:00 DEBUG 16864 --- [Shift Scheduler Demo] [           main] org.hibernate.SQL                        : delete from shift_assignments where id=?
Hibernate: delete from shift_assignments where id=?
2025-10-13T15:13:08.158+09:00 DEBUG 16864 --- [Shift Scheduler Demo] [           main] org.hibernate.SQL                        : delete from shift_assignments where id=?
Hibernate: delete from shift_assignments where id=?
2025-10-13T15:13:08.159+09:00 DEBUG 16864 --- [Shift Scheduler Demo] [           main] org.hibernate.SQL                        : delete from shift_assignments where id=?
Hibernate: delete from shift_assignments where id=?
2025-10-13T15:13:08.159+09:00 DEBUG 16864 --- [Shift Scheduler Demo] [           main] org.hibernate.SQL                        : delete from shift_assignments where id=?
Hibernate: delete from shift_assignments where id=?
2025-10-13T15:13:08.159+09:00 DEBUG 16864 --- [Shift Scheduler Demo] [           main] org.hibernate.SQL                        : delete from shift_assignments where id=?
Hibernate: delete from shift_assignments where id=?
2025-10-13T15:13:08.159+09:00 DEBUG 16864 --- [Shift Scheduler Demo] [           main] org.hibernate.SQL                        : delete from shift_assignments where id=?
Hibernate: delete from shift_assignments where id=?
2025-10-13T15:13:08.159+09:00 DEBUG 16864 --- [Shift Scheduler Demo] [           main] org.hibernate.SQL                        : delete from shift_assignments where id=?
Hibernate: delete from shift_assignments where id=?
2025-10-13T15:13:08.159+09:00 DEBUG 16864 --- [Shift Scheduler Demo] [           main] org.hibernate.SQL                        : delete from shift_assignments where id=?
Hibernate: delete from shift_assignments where id=?
2025-10-13T15:13:08.159+09:00 DEBUG 16864 --- [Shift Scheduler Demo] [           main] org.hibernate.SQL                        : delete from shift_assignments where id=?
Hibernate: delete from shift_assignments where id=?
2025-10-13T15:13:08.159+09:00 DEBUG 16864 --- [Shift Scheduler Demo] [           main] org.hibernate.SQL                        : delete from shift_assignments where id=?
Hibernate: delete from shift_assignments where id=?
2025-10-13T15:13:08.159+09:00 DEBUG 16864 --- [Shift Scheduler Demo] [           main] org.hibernate.SQL                        : delete from shift_assignments where id=?
Hibernate: delete from shift_assignments where id=?
2025-10-13T15:13:08.159+09:00 DEBUG 16864 --- [Shift Scheduler Demo] [           main] org.hibernate.SQL                        : delete from shift_assignments where id=?
Hibernate: delete from shift_assignments where id=?
2025-10-13T15:13:08.159+09:00 DEBUG 16864 --- [Shift Scheduler Demo] [           main] org.hibernate.SQL                        : delete from shift_assignments where id=?
Hibernate: delete from shift_assignments where id=?
2025-10-13T15:13:08.159+09:00 DEBUG 16864 --- [Shift Scheduler Demo] [           main] org.hibernate.SQL                        : delete from shift_assignments where id=?
Hibernate: delete from shift_assignments where id=?
2025-10-13T15:13:08.159+09:00 DEBUG 16864 --- [Shift Scheduler Demo] [           main] org.hibernate.SQL                        : delete from shift_assignments where id=?
Hibernate: delete from shift_assignments where id=?
2025-10-13T15:13:08.159+09:00 DEBUG 16864 --- [Shift Scheduler Demo] [           main] org.hibernate.SQL                        : delete from shift_assignments where id=?
Hibernate: delete from shift_assignments where id=?
2025-10-13T15:13:08.159+09:00 DEBUG 16864 --- [Shift Scheduler Demo] [           main] org.hibernate.SQL                        : delete from shift_assignments where id=?
Hibernate: delete from shift_assignments where id=?
2025-10-13T15:13:08.159+09:00 DEBUG 16864 --- [Shift Scheduler Demo] [           main] org.hibernate.SQL                        : delete from shift_assignments where id=?
Hibernate: delete from shift_assignments where id=?
2025-10-13T15:13:08.159+09:00 DEBUG 16864 --- [Shift Scheduler Demo] [           main] org.hibernate.SQL                        : delete from shift_assignments where id=?
Hibernate: delete from shift_assignments where id=?
2025-10-13T15:13:08.160+09:00 DEBUG 16864 --- [Shift Scheduler Demo] [           main] org.hibernate.SQL                        : delete from shift_assignments where id=?
Hibernate: delete from shift_assignments where id=?
2025-10-13T15:13:08.160+09:00 DEBUG 16864 --- [Shift Scheduler Demo] [           main] org.hibernate.SQL                        : delete from shift_assignments where id=?
Hibernate: delete from shift_assignments where id=?
2025-10-13T15:13:08.160+09:00 DEBUG 16864 --- [Shift Scheduler Demo] [           main] org.hibernate.SQL                        : delete from shift_assignments where id=?
Hibernate: delete from shift_assignments where id=?
2025-10-13T15:13:08.160+09:00 DEBUG 16864 --- [Shift Scheduler Demo] [           main] org.hibernate.SQL                        : delete from shift_assignments where id=?
Hibernate: delete from shift_assignments where id=?
2025-10-13T15:13:08.160+09:00 DEBUG 16864 --- [Shift Scheduler Demo] [           main] org.hibernate.SQL                        : delete from shift_assignments where id=?
Hibernate: delete from shift_assignments where id=?
2025-10-13T15:13:08.160+09:00 DEBUG 16864 --- [Shift Scheduler Demo] [           main] org.hibernate.SQL                        : delete from shift_assignments where id=?
Hibernate: delete from shift_assignments where id=?
2025-10-13T15:13:08.160+09:00 DEBUG 16864 --- [Shift Scheduler Demo] [           main] org.hibernate.SQL                        : delete from shift_assignments where id=?
Hibernate: delete from shift_assignments where id=?
2025-10-13T15:13:08.160+09:00 DEBUG 16864 --- [Shift Scheduler Demo] [           main] org.hibernate.SQL                        : delete from shift_assignments where id=?
Hibernate: delete from shift_assignments where id=?
2025-10-13T15:13:08.161+09:00 DEBUG 16864 --- [Shift Scheduler Demo] [           main] org.hibernate.SQL                        : delete from shift_assignments where id=?
Hibernate: delete from shift_assignments where id=?
2025-10-13T15:13:08.161+09:00 DEBUG 16864 --- [Shift Scheduler Demo] [           main] org.hibernate.SQL                        : delete from shift_assignments where id=?
Hibernate: delete from shift_assignments where id=?
2025-10-13T15:13:08.161+09:00 DEBUG 16864 --- [Shift Scheduler Demo] [           main] org.hibernate.SQL                        : delete from shift_assignments where id=?
Hibernate: delete from shift_assignments where id=?
2025-10-13T15:13:08.161+09:00 DEBUG 16864 --- [Shift Scheduler Demo] [           main] org.hibernate.SQL                        : delete from shift_assignments where id=?
Hibernate: delete from shift_assignments where id=?
2025-10-13T15:13:08.161+09:00 DEBUG 16864 --- [Shift Scheduler Demo] [           main] org.hibernate.SQL                        : delete from shift_assignments where id=?
Hibernate: delete from shift_assignments where id=?
2025-10-13T15:13:08.161+09:00 DEBUG 16864 --- [Shift Scheduler Demo] [           main] org.hibernate.SQL                        : delete from shift_assignments where id=?
Hibernate: delete from shift_assignments where id=?
2025-10-13T15:13:08.161+09:00 DEBUG 16864 --- [Shift Scheduler Demo] [           main] org.hibernate.SQL                        : delete from shift_assignments where id=?
Hibernate: delete from shift_assignments where id=?
2025-10-13T15:13:08.161+09:00 DEBUG 16864 --- [Shift Scheduler Demo] [           main] org.hibernate.SQL                        : delete from shift_assignments where id=?
Hibernate: delete from shift_assignments where id=?
2025-10-13T15:13:08.161+09:00 DEBUG 16864 --- [Shift Scheduler Demo] [           main] org.hibernate.SQL                        : delete from shift_assignments where id=?
Hibernate: delete from shift_assignments where id=?
2025-10-13T15:13:08.162+09:00 DEBUG 16864 --- [Shift Scheduler Demo] [           main] org.hibernate.SQL                        : delete from shift_assignments where id=?
Hibernate: delete from shift_assignments where id=?
2025-10-13T15:13:08.162+09:00 DEBUG 16864 --- [Shift Scheduler Demo] [           main] org.hibernate.SQL                        : delete from shift_assignments where id=?
Hibernate: delete from shift_assignments where id=?
2025-10-13T15:13:08.162+09:00 DEBUG 16864 --- [Shift Scheduler Demo] [           main] org.hibernate.SQL                        : delete from shift_assignments where id=?
Hibernate: delete from shift_assignments where id=?
2025-10-13T15:13:08.162+09:00 DEBUG 16864 --- [Shift Scheduler Demo] [           main] org.hibernate.SQL                        : delete from shift_assignments where id=?
Hibernate: delete from shift_assignments where id=?
2025-10-13T15:13:08.162+09:00 DEBUG 16864 --- [Shift Scheduler Demo] [           main] org.hibernate.SQL                        : delete from shift_assignments where id=?
Hibernate: delete from shift_assignments where id=?
2025-10-13T15:13:08.162+09:00 DEBUG 16864 --- [Shift Scheduler Demo] [           main] org.hibernate.SQL                        : delete from shift_assignments where id=?
Hibernate: delete from shift_assignments where id=?
2025-10-13T15:13:08.162+09:00 DEBUG 16864 --- [Shift Scheduler Demo] [           main] org.hibernate.SQL                        : delete from shift_assignments where id=?
Hibernate: delete from shift_assignments where id=?
2025-10-13T15:13:08.162+09:00 DEBUG 16864 --- [Shift Scheduler Demo] [           main] org.hibernate.SQL                        : delete from shift_assignments where id=?
Hibernate: delete from shift_assignments where id=?
2025-10-13T15:13:08.162+09:00 DEBUG 16864 --- [Shift Scheduler Demo] [           main] org.hibernate.SQL                        : delete from shift_assignments where id=?
Hibernate: delete from shift_assignments where id=?
2025-10-13T15:13:08.162+09:00 DEBUG 16864 --- [Shift Scheduler Demo] [           main] org.hibernate.SQL                        : delete from shift_assignments where id=?
Hibernate: delete from shift_assignments where id=?
2025-10-13T15:13:08.162+09:00 DEBUG 16864 --- [Shift Scheduler Demo] [           main] org.hibernate.SQL                        : delete from shift_assignments where id=?
Hibernate: delete from shift_assignments where id=?
2025-10-13T15:13:08.163+09:00 DEBUG 16864 --- [Shift Scheduler Demo] [           main] org.hibernate.SQL                        : delete from shift_assignments where id=?
Hibernate: delete from shift_assignments where id=?
2025-10-13T15:13:08.163+09:00 DEBUG 16864 --- [Shift Scheduler Demo] [           main] org.hibernate.SQL                        : delete from shift_assignments where id=?
Hibernate: delete from shift_assignments where id=?
2025-10-13T15:13:08.163+09:00 DEBUG 16864 --- [Shift Scheduler Demo] [           main] org.hibernate.SQL                        : delete from shift_assignments where id=?
Hibernate: delete from shift_assignments where id=?
2025-10-13T15:13:08.163+09:00 DEBUG 16864 --- [Shift Scheduler Demo] [           main] org.hibernate.SQL                        : delete from shift_assignments where id=?
Hibernate: delete from shift_assignments where id=?
2025-10-13T15:13:08.163+09:00 DEBUG 16864 --- [Shift Scheduler Demo] [           main] org.hibernate.SQL                        : delete from shift_assignments where id=?
Hibernate: delete from shift_assignments where id=?
2025-10-13T15:13:08.163+09:00 DEBUG 16864 --- [Shift Scheduler Demo] [           main] org.hibernate.SQL                        : delete from shift_assignments where id=?
Hibernate: delete from shift_assignments where id=?
2025-10-13T15:13:08.163+09:00 DEBUG 16864 --- [Shift Scheduler Demo] [           main] org.hibernate.SQL                        : delete from shift_assignments where id=?
Hibernate: delete from shift_assignments where id=?
2025-10-13T15:13:08.163+09:00 DEBUG 16864 --- [Shift Scheduler Demo] [           main] org.hibernate.SQL                        : delete from shift_assignments where id=?
Hibernate: delete from shift_assignments where id=?
2025-10-13T15:13:08.163+09:00 DEBUG 16864 --- [Shift Scheduler Demo] [           main] org.hibernate.SQL                        : delete from shift_assignments where id=?
Hibernate: delete from shift_assignments where id=?
2025-10-13T15:13:08.163+09:00 DEBUG 16864 --- [Shift Scheduler Demo] [           main] org.hibernate.SQL                        : delete from shift_assignments where id=?
Hibernate: delete from shift_assignments where id=?
2025-10-13T15:13:08.164+09:00 DEBUG 16864 --- [Shift Scheduler Demo] [           main] org.hibernate.SQL                        : delete from shift_assignments where id=?
Hibernate: delete from shift_assignments where id=?
2025-10-13T15:13:08.164+09:00 DEBUG 16864 --- [Shift Scheduler Demo] [           main] org.hibernate.SQL                        : delete from shift_assignments where id=?
Hibernate: delete from shift_assignments where id=?
2025-10-13T15:13:08.164+09:00 DEBUG 16864 --- [Shift Scheduler Demo] [           main] org.hibernate.SQL                        : delete from shift_assignments where id=?
Hibernate: delete from shift_assignments where id=?
2025-10-13T15:13:08.164+09:00 DEBUG 16864 --- [Shift Scheduler Demo] [           main] org.hibernate.SQL                        : delete from shift_assignments where id=?
Hibernate: delete from shift_assignments where id=?
2025-10-13T15:13:08.164+09:00 DEBUG 16864 --- [Shift Scheduler Demo] [           main] org.hibernate.SQL                        : delete from shift_assignments where id=?
Hibernate: delete from shift_assignments where id=?
2025-10-13T15:13:08.164+09:00 DEBUG 16864 --- [Shift Scheduler Demo] [           main] org.hibernate.SQL                        : delete from shift_assignments where id=?
Hibernate: delete from shift_assignments where id=?
2025-10-13T15:13:08.164+09:00 DEBUG 16864 --- [Shift Scheduler Demo] [           main] org.hibernate.SQL                        : delete from shift_assignments where id=?
Hibernate: delete from shift_assignments where id=?
2025-10-13T15:13:08.164+09:00 DEBUG 16864 --- [Shift Scheduler Demo] [           main] org.hibernate.SQL                        : delete from shift_assignments where id=?
Hibernate: delete from shift_assignments where id=?
2025-10-13T15:13:08.164+09:00 DEBUG 16864 --- [Shift Scheduler Demo] [           main] org.hibernate.SQL                        : delete from shift_assignments where id=?
Hibernate: delete from shift_assignments where id=?
2025-10-13T15:13:08.164+09:00 DEBUG 16864 --- [Shift Scheduler Demo] [           main] org.hibernate.SQL                        : delete from shift_assignments where id=?
Hibernate: delete from shift_assignments where id=?
2025-10-13T15:13:08.165+09:00 DEBUG 16864 --- [Shift Scheduler Demo] [           main] org.hibernate.SQL                        : delete from shift_assignments where id=?
Hibernate: delete from shift_assignments where id=?
2025-10-13T15:13:08.165+09:00 DEBUG 16864 --- [Shift Scheduler Demo] [           main] org.hibernate.SQL                        : delete from shift_assignments where id=?
Hibernate: delete from shift_assignments where id=?
2025-10-13T15:13:08.165+09:00 DEBUG 16864 --- [Shift Scheduler Demo] [           main] org.hibernate.SQL                        : delete from shift_assignments where id=?
Hibernate: delete from shift_assignments where id=?
2025-10-13T15:13:08.165+09:00 DEBUG 16864 --- [Shift Scheduler Demo] [           main] org.hibernate.SQL                        : delete from shift_assignments where id=?
Hibernate: delete from shift_assignments where id=?
2025-10-13T15:13:08.165+09:00 DEBUG 16864 --- [Shift Scheduler Demo] [           main] org.hibernate.SQL                        : delete from shift_assignments where id=?
Hibernate: delete from shift_assignments where id=?
2025-10-13T15:13:08.165+09:00 DEBUG 16864 --- [Shift Scheduler Demo] [           main] org.hibernate.SQL                        : delete from shift_assignments where id=?
Hibernate: delete from shift_assignments where id=?
2025-10-13T15:13:08.165+09:00 DEBUG 16864 --- [Shift Scheduler Demo] [           main] org.hibernate.SQL                        : delete from shift_assignments where id=?
Hibernate: delete from shift_assignments where id=?
2025-10-13T15:13:08.165+09:00 DEBUG 16864 --- [Shift Scheduler Demo] [           main] org.hibernate.SQL                        : delete from shift_assignments where id=?
Hibernate: delete from shift_assignments where id=?
2025-10-13T15:13:08.165+09:00 DEBUG 16864 --- [Shift Scheduler Demo] [           main] org.hibernate.SQL                        : delete from shift_assignments where id=?
Hibernate: delete from shift_assignments where id=?
2025-10-13T15:13:08.165+09:00 DEBUG 16864 --- [Shift Scheduler Demo] [           main] org.hibernate.SQL                        : delete from shift_assignments where id=?
Hibernate: delete from shift_assignments where id=?
2025-10-13T15:13:08.165+09:00 DEBUG 16864 --- [Shift Scheduler Demo] [           main] org.hibernate.SQL                        : delete from shift_assignments where id=?
Hibernate: delete from shift_assignments where id=?
2025-10-13T15:13:08.165+09:00 DEBUG 16864 --- [Shift Scheduler Demo] [           main] org.hibernate.SQL                        : delete from shift_assignments where id=?
Hibernate: delete from shift_assignments where id=?
2025-10-13T15:13:08.166+09:00 DEBUG 16864 --- [Shift Scheduler Demo] [           main] org.hibernate.SQL                        : delete from shift_assignments where id=?
Hibernate: delete from shift_assignments where id=?
2025-10-13T15:13:08.166+09:00 DEBUG 16864 --- [Shift Scheduler Demo] [           main] org.hibernate.SQL                        : delete from shift_assignments where id=?
Hibernate: delete from shift_assignments where id=?
2025-10-13T15:13:08.166+09:00 DEBUG 16864 --- [Shift Scheduler Demo] [           main] org.hibernate.SQL                        : delete from shift_assignments where id=?
Hibernate: delete from shift_assignments where id=?
2025-10-13T15:13:08.166+09:00 DEBUG 16864 --- [Shift Scheduler Demo] [           main] org.hibernate.SQL                        : delete from shift_assignments where id=?
Hibernate: delete from shift_assignments where id=?
2025-10-13T15:13:08.166+09:00 DEBUG 16864 --- [Shift Scheduler Demo] [           main] org.hibernate.SQL                        : delete from shift_assignments where id=?
Hibernate: delete from shift_assignments where id=?
2025-10-13T15:13:08.166+09:00 DEBUG 16864 --- [Shift Scheduler Demo] [           main] org.hibernate.SQL                        : delete from shift_assignments where id=?
Hibernate: delete from shift_assignments where id=?
2025-10-13T15:13:08.166+09:00 DEBUG 16864 --- [Shift Scheduler Demo] [           main] org.hibernate.SQL                        : delete from shift_assignments where id=?
Hibernate: delete from shift_assignments where id=?
2025-10-13T15:13:08.166+09:00 DEBUG 16864 --- [Shift Scheduler Demo] [           main] org.hibernate.SQL                        : delete from shift_assignments where id=?
Hibernate: delete from shift_assignments where id=?
2025-10-13T15:13:08.166+09:00 DEBUG 16864 --- [Shift Scheduler Demo] [           main] org.hibernate.SQL                        : delete from shift_assignments where id=?
Hibernate: delete from shift_assignments where id=?
2025-10-13T15:13:08.166+09:00 DEBUG 16864 --- [Shift Scheduler Demo] [           main] org.hibernate.SQL                        : delete from shift_assignments where id=?
Hibernate: delete from shift_assignments where id=?
2025-10-13T15:13:08.167+09:00 DEBUG 16864 --- [Shift Scheduler Demo] [           main] org.hibernate.SQL                        : delete from shift_assignments where id=?
Hibernate: delete from shift_assignments where id=?
2025-10-13T15:13:08.167+09:00 DEBUG 16864 --- [Shift Scheduler Demo] [           main] org.hibernate.SQL                        : delete from shift_assignments where id=?
Hibernate: delete from shift_assignments where id=?
2025-10-13T15:13:08.167+09:00 DEBUG 16864 --- [Shift Scheduler Demo] [           main] org.hibernate.SQL                        : delete from shift_assignments where id=?
Hibernate: delete from shift_assignments where id=?
2025-10-13T15:13:08.167+09:00 DEBUG 16864 --- [Shift Scheduler Demo] [           main] org.hibernate.SQL                        : delete from shift_assignments where id=?
Hibernate: delete from shift_assignments where id=?
2025-10-13T15:13:08.167+09:00 DEBUG 16864 --- [Shift Scheduler Demo] [           main] org.hibernate.SQL                        : delete from shift_assignments where id=?
Hibernate: delete from shift_assignments where id=?
2025-10-13T15:13:08.168+09:00 DEBUG 16864 --- [Shift Scheduler Demo] [           main] org.hibernate.SQL                        : delete from shift_assignments where id=?
Hibernate: delete from shift_assignments where id=?
2025-10-13T15:13:08.168+09:00 DEBUG 16864 --- [Shift Scheduler Demo] [           main] org.hibernate.SQL                        : delete from shift_assignments where id=?
Hibernate: delete from shift_assignments where id=?
2025-10-13T15:13:08.168+09:00 DEBUG 16864 --- [Shift Scheduler Demo] [           main] org.hibernate.SQL                        : delete from shift_assignments where id=?
Hibernate: delete from shift_assignments where id=?
2025-10-13T15:13:08.168+09:00 DEBUG 16864 --- [Shift Scheduler Demo] [           main] org.hibernate.SQL                        : delete from shift_assignments where id=?
Hibernate: delete from shift_assignments where id=?
2025-10-13T15:13:08.168+09:00 DEBUG 16864 --- [Shift Scheduler Demo] [           main] org.hibernate.SQL                        : delete from shift_assignments where id=?
Hibernate: delete from shift_assignments where id=?
2025-10-13T15:13:08.168+09:00 DEBUG 16864 --- [Shift Scheduler Demo] [           main] org.hibernate.SQL                        : delete from shift_assignments where id=?
Hibernate: delete from shift_assignments where id=?
2025-10-13T15:13:08.168+09:00 DEBUG 16864 --- [Shift Scheduler Demo] [           main] org.hibernate.SQL                        : delete from shift_assignments where id=?
Hibernate: delete from shift_assignments where id=?
2025-10-13T15:13:08.168+09:00 DEBUG 16864 --- [Shift Scheduler Demo] [           main] org.hibernate.SQL                        : delete from shift_assignments where id=?
Hibernate: delete from shift_assignments where id=?
2025-10-13T15:13:08.168+09:00 DEBUG 16864 --- [Shift Scheduler Demo] [           main] org.hibernate.SQL                        : delete from shift_assignments where id=?
Hibernate: delete from shift_assignments where id=?
2025-10-13T15:13:08.169+09:00 DEBUG 16864 --- [Shift Scheduler Demo] [           main] org.hibernate.SQL                        : delete from shift_assignments where id=?
Hibernate: delete from shift_assignments where id=?
2025-10-13T15:13:08.169+09:00 DEBUG 16864 --- [Shift Scheduler Demo] [           main] org.hibernate.SQL                        : delete from shift_assignments where id=?
Hibernate: delete from shift_assignments where id=?
2025-10-13T15:13:08.169+09:00 DEBUG 16864 --- [Shift Scheduler Demo] [           main] org.hibernate.SQL                        : delete from shift_assignments where id=?
Hibernate: delete from shift_assignments where id=?
2025-10-13T15:13:08.169+09:00 DEBUG 16864 --- [Shift Scheduler Demo] [           main] org.hibernate.SQL                        : delete from shift_assignments where id=?
Hibernate: delete from shift_assignments where id=?
2025-10-13T15:13:08.169+09:00 DEBUG 16864 --- [Shift Scheduler Demo] [           main] org.hibernate.SQL                        : delete from shift_assignments where id=?
Hibernate: delete from shift_assignments where id=?
2025-10-13T15:13:08.170+09:00 DEBUG 16864 --- [Shift Scheduler Demo] [           main] org.hibernate.SQL                        : delete from shift_assignments where id=?
Hibernate: delete from shift_assignments where id=?
2025-10-13T15:13:08.170+09:00 DEBUG 16864 --- [Shift Scheduler Demo] [           main] org.hibernate.SQL                        : delete from shift_assignments where id=?
Hibernate: delete from shift_assignments where id=?
2025-10-13T15:13:08.170+09:00 DEBUG 16864 --- [Shift Scheduler Demo] [           main] org.hibernate.SQL                        : delete from shift_assignments where id=?
Hibernate: delete from shift_assignments where id=?
2025-10-13T15:13:08.170+09:00 DEBUG 16864 --- [Shift Scheduler Demo] [           main] org.hibernate.SQL                        : delete from shift_assignments where id=?
Hibernate: delete from shift_assignments where id=?
2025-10-13T15:13:08.170+09:00 DEBUG 16864 --- [Shift Scheduler Demo] [           main] org.hibernate.SQL                        : delete from shift_assignments where id=?
Hibernate: delete from shift_assignments where id=?
2025-10-13T15:13:08.170+09:00 DEBUG 16864 --- [Shift Scheduler Demo] [           main] org.hibernate.SQL                        : delete from shift_assignments where id=?
Hibernate: delete from shift_assignments where id=?
2025-10-13T15:13:08.171+09:00 DEBUG 16864 --- [Shift Scheduler Demo] [           main] org.hibernate.SQL                        : delete from shift_assignments where id=?
Hibernate: delete from shift_assignments where id=?
2025-10-13T15:13:08.171+09:00 DEBUG 16864 --- [Shift Scheduler Demo] [           main] org.hibernate.SQL                        : delete from shift_assignments where id=?
Hibernate: delete from shift_assignments where id=?
2025-10-13T15:13:08.171+09:00 DEBUG 16864 --- [Shift Scheduler Demo] [           main] org.hibernate.SQL                        : delete from shift_assignments where id=?
Hibernate: delete from shift_assignments where id=?
2025-10-13T15:13:08.172+09:00 DEBUG 16864 --- [Shift Scheduler Demo] [           main] org.hibernate.SQL                        : delete from shift_assignments where id=?
Hibernate: delete from shift_assignments where id=?
2025-10-13T15:13:08.177+09:00 DEBUG 16864 --- [Shift Scheduler Demo] [           main] org.hibernate.SQL                        : delete from shift_assignments where id=?
Hibernate: delete from shift_assignments where id=?
2025-10-13T15:13:08.177+09:00 DEBUG 16864 --- [Shift Scheduler Demo] [           main] org.hibernate.SQL                        : delete from shift_assignments where id=?
Hibernate: delete from shift_assignments where id=?
2025-10-13T15:13:08.177+09:00 DEBUG 16864 --- [Shift Scheduler Demo] [           main] org.hibernate.SQL                        : delete from shift_assignments where id=?
Hibernate: delete from shift_assignments where id=?
2025-10-13T15:13:08.178+09:00 DEBUG 16864 --- [Shift Scheduler Demo] [           main] org.hibernate.SQL                        : delete from shift_assignments where id=?
Hibernate: delete from shift_assignments where id=?
2025-10-13T15:13:08.178+09:00 DEBUG 16864 --- [Shift Scheduler Demo] [           main] org.hibernate.SQL                        : delete from shift_assignments where id=?
Hibernate: delete from shift_assignments where id=?
2025-10-13T15:13:08.178+09:00 DEBUG 16864 --- [Shift Scheduler Demo] [           main] org.hibernate.SQL                        : delete from shift_assignments where id=?
Hibernate: delete from shift_assignments where id=?
2025-10-13T15:13:08.178+09:00 DEBUG 16864 --- [Shift Scheduler Demo] [           main] org.hibernate.SQL                        : delete from shift_assignments where id=?
Hibernate: delete from shift_assignments where id=?
2025-10-13T15:13:08.178+09:00 DEBUG 16864 --- [Shift Scheduler Demo] [           main] org.hibernate.SQL                        : delete from shift_assignments where id=?
Hibernate: delete from shift_assignments where id=?
2025-10-13T15:13:08.179+09:00 DEBUG 16864 --- [Shift Scheduler Demo] [           main] org.hibernate.SQL                        : delete from shift_assignments where id=?
Hibernate: delete from shift_assignments where id=?
2025-10-13T15:13:08.179+09:00 DEBUG 16864 --- [Shift Scheduler Demo] [           main] org.hibernate.SQL                        : delete from shift_assignments where id=?
Hibernate: delete from shift_assignments where id=?
2025-10-13T15:13:08.179+09:00 DEBUG 16864 --- [Shift Scheduler Demo] [           main] org.hibernate.SQL                        : delete from shift_assignments where id=?
Hibernate: delete from shift_assignments where id=?
2025-10-13T15:13:08.180+09:00 DEBUG 16864 --- [Shift Scheduler Demo] [           main] org.hibernate.SQL                        : delete from shift_assignments where id=?
Hibernate: delete from shift_assignments where id=?
2025-10-13T15:13:08.180+09:00 DEBUG 16864 --- [Shift Scheduler Demo] [           main] org.hibernate.SQL                        : delete from shift_assignments where id=?
Hibernate: delete from shift_assignments where id=?
2025-10-13T15:13:08.180+09:00 DEBUG 16864 --- [Shift Scheduler Demo] [           main] org.hibernate.SQL                        : delete from shift_assignments where id=?
Hibernate: delete from shift_assignments where id=?
2025-10-13T15:13:08.180+09:00 DEBUG 16864 --- [Shift Scheduler Demo] [           main] org.hibernate.SQL                        : delete from shift_assignments where id=?
Hibernate: delete from shift_assignments where id=?
2025-10-13T15:13:08.180+09:00 DEBUG 16864 --- [Shift Scheduler Demo] [           main] org.hibernate.SQL                        : delete from shift_assignments where id=?
Hibernate: delete from shift_assignments where id=?
2025-10-13T15:13:08.180+09:00 DEBUG 16864 --- [Shift Scheduler Demo] [           main] org.hibernate.SQL                        : delete from shift_assignments where id=?
Hibernate: delete from shift_assignments where id=?
2025-10-13T15:13:08.182+09:00 DEBUG 16864 --- [Shift Scheduler Demo] [           main] org.hibernate.SQL                        : delete from shift_assignments where id=?
Hibernate: delete from shift_assignments where id=?
2025-10-13T15:13:08.182+09:00 DEBUG 16864 --- [Shift Scheduler Demo] [           main] org.hibernate.SQL                        : delete from shift_assignments where id=?
Hibernate: delete from shift_assignments where id=?
2025-10-13T15:13:08.182+09:00 DEBUG 16864 --- [Shift Scheduler Demo] [           main] org.hibernate.SQL                        : delete from shift_assignments where id=?
Hibernate: delete from shift_assignments where id=?
2025-10-13T15:13:08.184+09:00 DEBUG 16864 --- [Shift Scheduler Demo] [           main] org.hibernate.SQL                        : delete from shift_assignments where id=?
Hibernate: delete from shift_assignments where id=?
2025-10-13T15:13:08.184+09:00 DEBUG 16864 --- [Shift Scheduler Demo] [           main] org.hibernate.SQL                        : delete from shift_assignments where id=?
Hibernate: delete from shift_assignments where id=?
2025-10-13T15:13:08.184+09:00 DEBUG 16864 --- [Shift Scheduler Demo] [           main] org.hibernate.SQL                        : delete from shift_assignments where id=?
Hibernate: delete from shift_assignments where id=?
2025-10-13T15:13:08.184+09:00 DEBUG 16864 --- [Shift Scheduler Demo] [           main] org.hibernate.SQL                        : delete from shift_assignments where id=?
Hibernate: delete from shift_assignments where id=?
2025-10-13T15:13:08.184+09:00 DEBUG 16864 --- [Shift Scheduler Demo] [           main] org.hibernate.SQL                        : delete from shift_assignments where id=?
Hibernate: delete from shift_assignments where id=?
2025-10-13T15:13:08.184+09:00 DEBUG 16864 --- [Shift Scheduler Demo] [           main] org.hibernate.SQL                        : delete from shift_assignments where id=?
Hibernate: delete from shift_assignments where id=?
2025-10-13T15:13:08.184+09:00 DEBUG 16864 --- [Shift Scheduler Demo] [           main] org.hibernate.SQL                        : delete from shift_assignments where id=?
Hibernate: delete from shift_assignments where id=?
2025-10-13T15:13:08.184+09:00 DEBUG 16864 --- [Shift Scheduler Demo] [           main] org.hibernate.SQL                        : delete from shift_assignments where id=?
Hibernate: delete from shift_assignments where id=?
2025-10-13T15:13:08.184+09:00 DEBUG 16864 --- [Shift Scheduler Demo] [           main] org.hibernate.SQL                        : delete from shift_assignments where id=?
Hibernate: delete from shift_assignments where id=?
2025-10-13T15:13:08.184+09:00 DEBUG 16864 --- [Shift Scheduler Demo] [           main] org.hibernate.SQL                        : delete from shift_assignments where id=?
Hibernate: delete from shift_assignments where id=?
2025-10-13T15:13:08.184+09:00 DEBUG 16864 --- [Shift Scheduler Demo] [           main] org.hibernate.SQL                        : delete from shift_assignments where id=?
Hibernate: delete from shift_assignments where id=?
2025-10-13T15:13:08.184+09:00 DEBUG 16864 --- [Shift Scheduler Demo] [           main] org.hibernate.SQL                        : delete from shift_assignments where id=?
Hibernate: delete from shift_assignments where id=?
2025-10-13T15:13:08.184+09:00 DEBUG 16864 --- [Shift Scheduler Demo] [           main] org.hibernate.SQL                        : delete from shift_assignments where id=?
Hibernate: delete from shift_assignments where id=?
2025-10-13T15:13:08.184+09:00 DEBUG 16864 --- [Shift Scheduler Demo] [           main] org.hibernate.SQL                        : delete from shift_assignments where id=?
Hibernate: delete from shift_assignments where id=?
2025-10-13T15:13:08.184+09:00 DEBUG 16864 --- [Shift Scheduler Demo] [           main] org.hibernate.SQL                        : delete from shift_assignments where id=?
Hibernate: delete from shift_assignments where id=?
2025-10-13T15:13:08.184+09:00 DEBUG 16864 --- [Shift Scheduler Demo] [           main] org.hibernate.SQL                        : delete from shift_assignments where id=?
Hibernate: delete from shift_assignments where id=?
2025-10-13T15:13:08.184+09:00 DEBUG 16864 --- [Shift Scheduler Demo] [           main] org.hibernate.SQL                        : delete from shift_assignments where id=?
Hibernate: delete from shift_assignments where id=?
2025-10-13T15:13:08.184+09:00 DEBUG 16864 --- [Shift Scheduler Demo] [           main] org.hibernate.SQL                        : delete from shift_assignments where id=?
Hibernate: delete from shift_assignments where id=?
2025-10-13T15:13:08.184+09:00 DEBUG 16864 --- [Shift Scheduler Demo] [           main] org.hibernate.SQL                        : delete from shift_assignments where id=?
Hibernate: delete from shift_assignments where id=?
2025-10-13T15:13:08.186+09:00 DEBUG 16864 --- [Shift Scheduler Demo] [           main] org.hibernate.SQL                        : delete from shift_assignments where id=?
Hibernate: delete from shift_assignments where id=?
2025-10-13T15:13:08.186+09:00 DEBUG 16864 --- [Shift Scheduler Demo] [           main] org.hibernate.SQL                        : delete from shift_assignments where id=?
Hibernate: delete from shift_assignments where id=?
2025-10-13T15:13:08.186+09:00 DEBUG 16864 --- [Shift Scheduler Demo] [           main] org.hibernate.SQL                        : delete from shift_assignments where id=?
Hibernate: delete from shift_assignments where id=?
2025-10-13T15:13:08.186+09:00 DEBUG 16864 --- [Shift Scheduler Demo] [           main] org.hibernate.SQL                        : delete from shift_assignments where id=?
Hibernate: delete from shift_assignments where id=?
2025-10-13T15:13:08.186+09:00 DEBUG 16864 --- [Shift Scheduler Demo] [           main] org.hibernate.SQL                        : delete from shift_assignments where id=?
Hibernate: delete from shift_assignments where id=?
2025-10-13T15:13:08.186+09:00 DEBUG 16864 --- [Shift Scheduler Demo] [           main] org.hibernate.SQL                        : delete from shift_assignments where id=?
Hibernate: delete from shift_assignments where id=?
2025-10-13T15:13:08.186+09:00 DEBUG 16864 --- [Shift Scheduler Demo] [           main] org.hibernate.SQL                        : delete from shift_assignments where id=?
Hibernate: delete from shift_assignments where id=?
2025-10-13T15:13:08.186+09:00 DEBUG 16864 --- [Shift Scheduler Demo] [           main] org.hibernate.SQL                        : delete from shift_assignments where id=?
Hibernate: delete from shift_assignments where id=?
2025-10-13T15:13:08.186+09:00 DEBUG 16864 --- [Shift Scheduler Demo] [           main] org.hibernate.SQL                        : delete from shift_assignments where id=?
Hibernate: delete from shift_assignments where id=?
2025-10-13T15:13:08.186+09:00 DEBUG 16864 --- [Shift Scheduler Demo] [           main] org.hibernate.SQL                        : delete from shift_assignments where id=?
Hibernate: delete from shift_assignments where id=?
2025-10-13T15:13:08.186+09:00 DEBUG 16864 --- [Shift Scheduler Demo] [           main] org.hibernate.SQL                        : delete from shift_assignments where id=?
Hibernate: delete from shift_assignments where id=?
2025-10-13T15:13:08.186+09:00 DEBUG 16864 --- [Shift Scheduler Demo] [           main] org.hibernate.SQL                        : delete from shift_assignments where id=?
Hibernate: delete from shift_assignments where id=?
2025-10-13T15:13:08.186+09:00 DEBUG 16864 --- [Shift Scheduler Demo] [           main] org.hibernate.SQL                        : delete from shift_assignments where id=?
Hibernate: delete from shift_assignments where id=?
2025-10-13T15:13:08.186+09:00 DEBUG 16864 --- [Shift Scheduler Demo] [           main] org.hibernate.SQL                        : delete from shift_assignments where id=?
Hibernate: delete from shift_assignments where id=?
2025-10-13T15:13:08.186+09:00 DEBUG 16864 --- [Shift Scheduler Demo] [           main] org.hibernate.SQL                        : delete from shift_assignments where id=?
Hibernate: delete from shift_assignments where id=?
2025-10-13T15:13:08.186+09:00 DEBUG 16864 --- [Shift Scheduler Demo] [           main] org.hibernate.SQL                        : delete from shift_assignments where id=?
Hibernate: delete from shift_assignments where id=?
2025-10-13T15:13:08.188+09:00 DEBUG 16864 --- [Shift Scheduler Demo] [           main] org.hibernate.SQL                        : delete from shift_assignments where id=?
Hibernate: delete from shift_assignments where id=?
2025-10-13T15:13:08.188+09:00 DEBUG 16864 --- [Shift Scheduler Demo] [           main] org.hibernate.SQL                        : delete from shift_assignments where id=?
Hibernate: delete from shift_assignments where id=?
2025-10-13T15:13:08.188+09:00 DEBUG 16864 --- [Shift Scheduler Demo] [           main] org.hibernate.SQL                        : delete from shift_assignments where id=?
Hibernate: delete from shift_assignments where id=?
2025-10-13T15:13:08.188+09:00 DEBUG 16864 --- [Shift Scheduler Demo] [           main] org.hibernate.SQL                        : delete from shift_assignments where id=?
Hibernate: delete from shift_assignments where id=?
2025-10-13T15:13:08.188+09:00 DEBUG 16864 --- [Shift Scheduler Demo] [           main] org.hibernate.SQL                        : delete from shift_assignments where id=?
Hibernate: delete from shift_assignments where id=?
2025-10-13T15:13:08.188+09:00 DEBUG 16864 --- [Shift Scheduler Demo] [           main] org.hibernate.SQL                        : delete from shift_assignments where id=?
Hibernate: delete from shift_assignments where id=?
2025-10-13T15:13:08.188+09:00 DEBUG 16864 --- [Shift Scheduler Demo] [           main] org.hibernate.SQL                        : delete from shift_assignments where id=?
Hibernate: delete from shift_assignments where id=?
2025-10-13T15:13:08.188+09:00 DEBUG 16864 --- [Shift Scheduler Demo] [           main] org.hibernate.SQL                        : delete from shift_assignments where id=?
Hibernate: delete from shift_assignments where id=?
2025-10-13T15:13:08.189+09:00 DEBUG 16864 --- [Shift Scheduler Demo] [           main] org.hibernate.SQL                        : delete from shift_assignments where id=?
Hibernate: delete from shift_assignments where id=?
2025-10-13T15:13:08.189+09:00 DEBUG 16864 --- [Shift Scheduler Demo] [           main] org.hibernate.SQL                        : delete from shift_assignments where id=?
Hibernate: delete from shift_assignments where id=?
2025-10-13T15:13:08.189+09:00 DEBUG 16864 --- [Shift Scheduler Demo] [           main] org.hibernate.SQL                        : delete from shift_assignments where id=?
Hibernate: delete from shift_assignments where id=?
2025-10-13T15:13:08.189+09:00 DEBUG 16864 --- [Shift Scheduler Demo] [           main] org.hibernate.SQL                        : delete from shift_assignments where id=?
Hibernate: delete from shift_assignments where id=?
2025-10-13T15:13:08.189+09:00 DEBUG 16864 --- [Shift Scheduler Demo] [           main] org.hibernate.SQL                        : delete from shift_assignments where id=?
Hibernate: delete from shift_assignments where id=?
2025-10-13T15:13:08.189+09:00 DEBUG 16864 --- [Shift Scheduler Demo] [           main] org.hibernate.SQL                        : delete from shift_assignments where id=?
Hibernate: delete from shift_assignments where id=?
2025-10-13T15:13:08.189+09:00 DEBUG 16864 --- [Shift Scheduler Demo] [           main] org.hibernate.SQL                        : delete from shift_assignments where id=?
Hibernate: delete from shift_assignments where id=?
2025-10-13T15:13:08.189+09:00 DEBUG 16864 --- [Shift Scheduler Demo] [           main] org.hibernate.SQL                        : delete from shift_assignments where id=?
Hibernate: delete from shift_assignments where id=?
2025-10-13T15:13:08.190+09:00 DEBUG 16864 --- [Shift Scheduler Demo] [           main] org.hibernate.SQL                        : delete from shift_assignments where id=?
Hibernate: delete from shift_assignments where id=?
2025-10-13T15:13:08.190+09:00 DEBUG 16864 --- [Shift Scheduler Demo] [           main] org.hibernate.SQL                        : delete from shift_assignments where id=?
Hibernate: delete from shift_assignments where id=?
2025-10-13T15:13:08.190+09:00 DEBUG 16864 --- [Shift Scheduler Demo] [           main] org.hibernate.SQL                        : delete from shift_assignments where id=?
Hibernate: delete from shift_assignments where id=?
2025-10-13T15:13:08.190+09:00 DEBUG 16864 --- [Shift Scheduler Demo] [           main] org.hibernate.SQL                        : delete from shift_assignments where id=?
Hibernate: delete from shift_assignments where id=?
2025-10-13T15:13:08.190+09:00 DEBUG 16864 --- [Shift Scheduler Demo] [           main] org.hibernate.SQL                        : delete from shift_assignments where id=?
Hibernate: delete from shift_assignments where id=?
2025-10-13T15:13:08.190+09:00 DEBUG 16864 --- [Shift Scheduler Demo] [           main] org.hibernate.SQL                        : delete from shift_assignments where id=?
Hibernate: delete from shift_assignments where id=?
2025-10-13T15:13:08.190+09:00 DEBUG 16864 --- [Shift Scheduler Demo] [           main] org.hibernate.SQL                        : delete from shift_assignments where id=?
Hibernate: delete from shift_assignments where id=?
2025-10-13T15:13:08.190+09:00 DEBUG 16864 --- [Shift Scheduler Demo] [           main] org.hibernate.SQL                        : delete from shift_assignments where id=?
Hibernate: delete from shift_assignments where id=?
2025-10-13T15:13:08.190+09:00 DEBUG 16864 --- [Shift Scheduler Demo] [           main] org.hibernate.SQL                        : delete from shift_assignments where id=?
Hibernate: delete from shift_assignments where id=?
2025-10-13T15:13:08.190+09:00 DEBUG 16864 --- [Shift Scheduler Demo] [           main] org.hibernate.SQL                        : delete from shift_assignments where id=?
Hibernate: delete from shift_assignments where id=?
2025-10-13T15:13:08.190+09:00 DEBUG 16864 --- [Shift Scheduler Demo] [           main] org.hibernate.SQL                        : delete from shift_assignments where id=?
Hibernate: delete from shift_assignments where id=?
2025-10-13T15:13:08.190+09:00 DEBUG 16864 --- [Shift Scheduler Demo] [           main] org.hibernate.SQL                        : delete from shift_assignments where id=?
Hibernate: delete from shift_assignments where id=?
2025-10-13T15:13:08.190+09:00 DEBUG 16864 --- [Shift Scheduler Demo] [           main] org.hibernate.SQL                        : delete from shift_assignments where id=?
Hibernate: delete from shift_assignments where id=?
2025-10-13T15:13:08.191+09:00 DEBUG 16864 --- [Shift Scheduler Demo] [           main] org.hibernate.SQL                        : delete from shift_assignments where id=?
Hibernate: delete from shift_assignments where id=?
2025-10-13T15:13:08.191+09:00 DEBUG 16864 --- [Shift Scheduler Demo] [           main] org.hibernate.SQL                        : delete from shift_assignments where id=?
Hibernate: delete from shift_assignments where id=?
2025-10-13T15:13:08.191+09:00 DEBUG 16864 --- [Shift Scheduler Demo] [           main] org.hibernate.SQL                        : delete from shift_assignments where id=?
Hibernate: delete from shift_assignments where id=?
2025-10-13T15:13:08.191+09:00 DEBUG 16864 --- [Shift Scheduler Demo] [           main] org.hibernate.SQL                        : delete from shift_assignments where id=?
Hibernate: delete from shift_assignments where id=?
2025-10-13T15:13:08.191+09:00 DEBUG 16864 --- [Shift Scheduler Demo] [           main] org.hibernate.SQL                        : delete from shift_assignments where id=?
Hibernate: delete from shift_assignments where id=?
2025-10-13T15:13:08.191+09:00 DEBUG 16864 --- [Shift Scheduler Demo] [           main] org.hibernate.SQL                        : delete from shift_assignments where id=?
Hibernate: delete from shift_assignments where id=?
2025-10-13T15:13:08.191+09:00 DEBUG 16864 --- [Shift Scheduler Demo] [           main] org.hibernate.SQL                        : delete from shift_assignments where id=?
Hibernate: delete from shift_assignments where id=?
2025-10-13T15:13:08.191+09:00 DEBUG 16864 --- [Shift Scheduler Demo] [           main] org.hibernate.SQL                        : delete from shift_assignments where id=?
Hibernate: delete from shift_assignments where id=?
2025-10-13T15:13:08.191+09:00 DEBUG 16864 --- [Shift Scheduler Demo] [           main] org.hibernate.SQL                        : delete from shift_assignments where id=?
Hibernate: delete from shift_assignments where id=?
2025-10-13T15:13:08.191+09:00 DEBUG 16864 --- [Shift Scheduler Demo] [           main] org.hibernate.SQL                        : delete from shift_assignments where id=?
Hibernate: delete from shift_assignments where id=?
2025-10-13T15:13:08.191+09:00 DEBUG 16864 --- [Shift Scheduler Demo] [           main] org.hibernate.SQL                        : delete from shift_assignments where id=?
Hibernate: delete from shift_assignments where id=?
2025-10-13T15:13:08.191+09:00 DEBUG 16864 --- [Shift Scheduler Demo] [           main] org.hibernate.SQL                        : delete from shift_assignments where id=?
Hibernate: delete from shift_assignments where id=?
2025-10-13T15:13:08.191+09:00 DEBUG 16864 --- [Shift Scheduler Demo] [           main] org.hibernate.SQL                        : delete from shift_assignments where id=?
Hibernate: delete from shift_assignments where id=?
2025-10-13T15:13:08.191+09:00 DEBUG 16864 --- [Shift Scheduler Demo] [           main] org.hibernate.SQL                        : delete from shift_assignments where id=?
Hibernate: delete from shift_assignments where id=?
2025-10-13T15:13:08.192+09:00 DEBUG 16864 --- [Shift Scheduler Demo] [           main] org.hibernate.SQL                        : delete from shift_assignments where id=?
Hibernate: delete from shift_assignments where id=?
2025-10-13T15:13:08.192+09:00 DEBUG 16864 --- [Shift Scheduler Demo] [           main] org.hibernate.SQL                        : delete from shift_assignments where id=?
Hibernate: delete from shift_assignments where id=?
2025-10-13T15:13:08.192+09:00 DEBUG 16864 --- [Shift Scheduler Demo] [           main] org.hibernate.SQL                        : delete from shift_assignments where id=?
Hibernate: delete from shift_assignments where id=?
2025-10-13T15:13:08.192+09:00 DEBUG 16864 --- [Shift Scheduler Demo] [           main] org.hibernate.SQL                        : delete from shift_assignments where id=?
Hibernate: delete from shift_assignments where id=?
2025-10-13T15:13:08.192+09:00 DEBUG 16864 --- [Shift Scheduler Demo] [           main] org.hibernate.SQL                        : delete from shift_assignments where id=?
Hibernate: delete from shift_assignments where id=?
2025-10-13T15:13:08.192+09:00 DEBUG 16864 --- [Shift Scheduler Demo] [           main] org.hibernate.SQL                        : delete from shift_assignments where id=?
Hibernate: delete from shift_assignments where id=?
2025-10-13T15:13:08.192+09:00 DEBUG 16864 --- [Shift Scheduler Demo] [           main] org.hibernate.SQL                        : delete from shift_assignments where id=?
Hibernate: delete from shift_assignments where id=?
2025-10-13T15:13:08.192+09:00 DEBUG 16864 --- [Shift Scheduler Demo] [           main] org.hibernate.SQL                        : delete from shift_assignments where id=?
Hibernate: delete from shift_assignments where id=?
2025-10-13T15:13:08.192+09:00 DEBUG 16864 --- [Shift Scheduler Demo] [           main] org.hibernate.SQL                        : delete from shift_assignments where id=?
Hibernate: delete from shift_assignments where id=?
2025-10-13T15:13:08.192+09:00 DEBUG 16864 --- [Shift Scheduler Demo] [           main] org.hibernate.SQL                        : delete from shift_assignments where id=?
Hibernate: delete from shift_assignments where id=?
2025-10-13T15:13:08.192+09:00 DEBUG 16864 --- [Shift Scheduler Demo] [           main] org.hibernate.SQL                        : delete from shift_assignments where id=?
Hibernate: delete from shift_assignments where id=?
2025-10-13T15:13:08.192+09:00 DEBUG 16864 --- [Shift Scheduler Demo] [           main] org.hibernate.SQL                        : delete from shift_assignments where id=?
Hibernate: delete from shift_assignments where id=?
2025-10-13T15:13:08.192+09:00 DEBUG 16864 --- [Shift Scheduler Demo] [           main] org.hibernate.SQL                        : delete from shift_assignments where id=?
Hibernate: delete from shift_assignments where id=?
2025-10-13T15:13:08.192+09:00 DEBUG 16864 --- [Shift Scheduler Demo] [           main] org.hibernate.SQL                        : delete from shift_assignments where id=?
Hibernate: delete from shift_assignments where id=?
2025-10-13T15:13:08.192+09:00 DEBUG 16864 --- [Shift Scheduler Demo] [           main] org.hibernate.SQL                        : delete from shift_assignments where id=?
Hibernate: delete from shift_assignments where id=?
2025-10-13T15:13:08.193+09:00 DEBUG 16864 --- [Shift Scheduler Demo] [           main] org.hibernate.SQL                        : delete from shift_assignments where id=?
Hibernate: delete from shift_assignments where id=?
2025-10-13T15:13:08.193+09:00 DEBUG 16864 --- [Shift Scheduler Demo] [           main] org.hibernate.SQL                        : delete from shift_assignments where id=?
Hibernate: delete from shift_assignments where id=?
2025-10-13T15:13:08.193+09:00 DEBUG 16864 --- [Shift Scheduler Demo] [           main] org.hibernate.SQL                        : delete from shift_assignments where id=?
Hibernate: delete from shift_assignments where id=?
2025-10-13T15:13:08.193+09:00 DEBUG 16864 --- [Shift Scheduler Demo] [           main] org.hibernate.SQL                        : delete from shift_assignments where id=?
Hibernate: delete from shift_assignments where id=?
2025-10-13T15:13:08.193+09:00 DEBUG 16864 --- [Shift Scheduler Demo] [           main] org.hibernate.SQL                        : delete from shift_assignments where id=?
Hibernate: delete from shift_assignments where id=?
2025-10-13T15:13:08.193+09:00 DEBUG 16864 --- [Shift Scheduler Demo] [           main] org.hibernate.SQL                        : delete from shift_assignments where id=?
Hibernate: delete from shift_assignments where id=?
2025-10-13T15:13:08.193+09:00 DEBUG 16864 --- [Shift Scheduler Demo] [           main] org.hibernate.SQL                        : delete from shift_assignments where id=?
Hibernate: delete from shift_assignments where id=?
2025-10-13T15:13:08.193+09:00 DEBUG 16864 --- [Shift Scheduler Demo] [           main] org.hibernate.SQL                        : delete from shift_assignments where id=?
Hibernate: delete from shift_assignments where id=?
2025-10-13T15:13:08.193+09:00 DEBUG 16864 --- [Shift Scheduler Demo] [           main] org.hibernate.SQL                        : delete from shift_assignments where id=?
Hibernate: delete from shift_assignments where id=?
2025-10-13T15:13:08.193+09:00 DEBUG 16864 --- [Shift Scheduler Demo] [           main] org.hibernate.SQL                        : delete from shift_assignments where id=?
Hibernate: delete from shift_assignments where id=?
2025-10-13T15:13:08.193+09:00 DEBUG 16864 --- [Shift Scheduler Demo] [           main] org.hibernate.SQL                        : delete from shift_assignments where id=?
Hibernate: delete from shift_assignments where id=?
2025-10-13T15:13:08.193+09:00 DEBUG 16864 --- [Shift Scheduler Demo] [           main] org.hibernate.SQL                        : delete from shift_assignments where id=?
Hibernate: delete from shift_assignments where id=?
2025-10-13T15:13:08.193+09:00 DEBUG 16864 --- [Shift Scheduler Demo] [           main] org.hibernate.SQL                        : delete from shift_assignments where id=?
Hibernate: delete from shift_assignments where id=?
2025-10-13T15:13:08.193+09:00 DEBUG 16864 --- [Shift Scheduler Demo] [           main] org.hibernate.SQL                        : delete from shift_assignments where id=?
Hibernate: delete from shift_assignments where id=?
2025-10-13T15:13:08.193+09:00 DEBUG 16864 --- [Shift Scheduler Demo] [           main] org.hibernate.SQL                        : delete from shift_assignments where id=?
Hibernate: delete from shift_assignments where id=?
2025-10-13T15:13:08.193+09:00 DEBUG 16864 --- [Shift Scheduler Demo] [           main] org.hibernate.SQL                        : delete from shift_assignments where id=?
Hibernate: delete from shift_assignments where id=?
2025-10-13T15:13:08.194+09:00 DEBUG 16864 --- [Shift Scheduler Demo] [           main] org.hibernate.SQL                        : delete from shift_assignments where id=?
Hibernate: delete from shift_assignments where id=?
2025-10-13T15:13:08.194+09:00 DEBUG 16864 --- [Shift Scheduler Demo] [           main] org.hibernate.SQL                        : delete from shift_assignments where id=?
Hibernate: delete from shift_assignments where id=?
2025-10-13T15:13:08.194+09:00 DEBUG 16864 --- [Shift Scheduler Demo] [           main] org.hibernate.SQL                        : delete from shift_assignments where id=?
Hibernate: delete from shift_assignments where id=?
2025-10-13T15:13:08.194+09:00 DEBUG 16864 --- [Shift Scheduler Demo] [           main] org.hibernate.SQL                        : delete from shift_assignments where id=?
Hibernate: delete from shift_assignments where id=?
2025-10-13T15:13:08.194+09:00 DEBUG 16864 --- [Shift Scheduler Demo] [           main] org.hibernate.SQL                        : delete from shift_assignments where id=?
Hibernate: delete from shift_assignments where id=?
2025-10-13T15:13:08.194+09:00 DEBUG 16864 --- [Shift Scheduler Demo] [           main] org.hibernate.SQL                        : delete from shift_assignments where id=?
Hibernate: delete from shift_assignments where id=?
2025-10-13T15:13:08.194+09:00 DEBUG 16864 --- [Shift Scheduler Demo] [           main] org.hibernate.SQL                        : delete from shift_assignments where id=?
Hibernate: delete from shift_assignments where id=?
2025-10-13T15:13:08.194+09:00 DEBUG 16864 --- [Shift Scheduler Demo] [           main] org.hibernate.SQL                        : delete from shift_assignments where id=?
Hibernate: delete from shift_assignments where id=?
2025-10-13T15:13:08.194+09:00 DEBUG 16864 --- [Shift Scheduler Demo] [           main] org.hibernate.SQL                        : delete from shift_assignments where id=?
Hibernate: delete from shift_assignments where id=?
2025-10-13T15:13:08.194+09:00 DEBUG 16864 --- [Shift Scheduler Demo] [           main] org.hibernate.SQL                        : delete from shift_assignments where id=?
Hibernate: delete from shift_assignments where id=?
2025-10-13T15:13:08.194+09:00 DEBUG 16864 --- [Shift Scheduler Demo] [           main] org.hibernate.SQL                        : delete from shift_assignments where id=?
Hibernate: delete from shift_assignments where id=?
2025-10-13T15:13:08.194+09:00 DEBUG 16864 --- [Shift Scheduler Demo] [           main] org.hibernate.SQL                        : delete from shift_assignments where id=?
Hibernate: delete from shift_assignments where id=?
2025-10-13T15:13:08.194+09:00 DEBUG 16864 --- [Shift Scheduler Demo] [           main] org.hibernate.SQL                        : delete from shift_assignments where id=?
Hibernate: delete from shift_assignments where id=?
2025-10-13T15:13:08.194+09:00 DEBUG 16864 --- [Shift Scheduler Demo] [           main] org.hibernate.SQL                        : delete from shift_assignments where id=?
Hibernate: delete from shift_assignments where id=?
2025-10-13T15:13:08.194+09:00 DEBUG 16864 --- [Shift Scheduler Demo] [           main] org.hibernate.SQL                        : delete from shift_assignments where id=?
Hibernate: delete from shift_assignments where id=?
2025-10-13T15:13:08.194+09:00 DEBUG 16864 --- [Shift Scheduler Demo] [           main] org.hibernate.SQL                        : delete from shift_assignments where id=?
Hibernate: delete from shift_assignments where id=?
2025-10-13T15:13:08.194+09:00 DEBUG 16864 --- [Shift Scheduler Demo] [           main] org.hibernate.SQL                        : delete from shift_assignments where id=?
Hibernate: delete from shift_assignments where id=?
2025-10-13T15:13:08.195+09:00 DEBUG 16864 --- [Shift Scheduler Demo] [           main] org.hibernate.SQL                        : delete from shift_assignments where id=?
Hibernate: delete from shift_assignments where id=?
2025-10-13T15:13:08.195+09:00 DEBUG 16864 --- [Shift Scheduler Demo] [           main] org.hibernate.SQL                        : delete from shift_assignments where id=?
Hibernate: delete from shift_assignments where id=?
2025-10-13T15:13:08.195+09:00 DEBUG 16864 --- [Shift Scheduler Demo] [           main] org.hibernate.SQL                        : delete from shift_assignments where id=?
Hibernate: delete from shift_assignments where id=?
2025-10-13T15:13:08.195+09:00 DEBUG 16864 --- [Shift Scheduler Demo] [           main] org.hibernate.SQL                        : delete from shift_assignments where id=?
Hibernate: delete from shift_assignments where id=?
2025-10-13T15:13:08.195+09:00 DEBUG 16864 --- [Shift Scheduler Demo] [           main] org.hibernate.SQL                        : delete from shift_assignments where id=?
Hibernate: delete from shift_assignments where id=?
2025-10-13T15:13:08.195+09:00 DEBUG 16864 --- [Shift Scheduler Demo] [           main] org.hibernate.SQL                        : delete from shift_assignments where id=?
Hibernate: delete from shift_assignments where id=?
2025-10-13T15:13:08.195+09:00 DEBUG 16864 --- [Shift Scheduler Demo] [           main] org.hibernate.SQL                        : delete from shift_assignments where id=?
Hibernate: delete from shift_assignments where id=?
2025-10-13T15:13:08.195+09:00 DEBUG 16864 --- [Shift Scheduler Demo] [           main] org.hibernate.SQL                        : delete from shift_assignments where id=?
Hibernate: delete from shift_assignments where id=?
2025-10-13T15:13:08.195+09:00 DEBUG 16864 --- [Shift Scheduler Demo] [           main] org.hibernate.SQL                        : delete from shift_assignments where id=?
Hibernate: delete from shift_assignments where id=?
2025-10-13T15:13:08.195+09:00 DEBUG 16864 --- [Shift Scheduler Demo] [           main] org.hibernate.SQL                        : delete from shift_assignments where id=?
Hibernate: delete from shift_assignments where id=?
2025-10-13T15:13:08.195+09:00 DEBUG 16864 --- [Shift Scheduler Demo] [           main] org.hibernate.SQL                        : delete from shift_assignments where id=?
Hibernate: delete from shift_assignments where id=?
2025-10-13T15:13:08.195+09:00 DEBUG 16864 --- [Shift Scheduler Demo] [           main] org.hibernate.SQL                        : delete from shift_assignments where id=?
Hibernate: delete from shift_assignments where id=?
2025-10-13T15:13:08.195+09:00 DEBUG 16864 --- [Shift Scheduler Demo] [           main] org.hibernate.SQL                        : delete from shift_assignments where id=?
Hibernate: delete from shift_assignments where id=?
2025-10-13T15:13:08.195+09:00 DEBUG 16864 --- [Shift Scheduler Demo] [           main] org.hibernate.SQL                        : delete from shift_assignments where id=?
Hibernate: delete from shift_assignments where id=?
2025-10-13T15:13:08.195+09:00 DEBUG 16864 --- [Shift Scheduler Demo] [           main] org.hibernate.SQL                        : delete from shift_assignments where id=?
Hibernate: delete from shift_assignments where id=?
2025-10-13T15:13:08.195+09:00 DEBUG 16864 --- [Shift Scheduler Demo] [           main] org.hibernate.SQL                        : delete from shift_assignments where id=?
Hibernate: delete from shift_assignments where id=?
2025-10-13T15:13:08.195+09:00 DEBUG 16864 --- [Shift Scheduler Demo] [           main] org.hibernate.SQL                        : delete from shift_assignments where id=?
Hibernate: delete from shift_assignments where id=?
2025-10-13T15:13:08.195+09:00 DEBUG 16864 --- [Shift Scheduler Demo] [           main] org.hibernate.SQL                        : delete from shift_assignments where id=?
Hibernate: delete from shift_assignments where id=?
2025-10-13T15:13:08.196+09:00 DEBUG 16864 --- [Shift Scheduler Demo] [           main] org.hibernate.SQL                        : delete from shift_assignments where id=?
Hibernate: delete from shift_assignments where id=?
2025-10-13T15:13:08.196+09:00 DEBUG 16864 --- [Shift Scheduler Demo] [           main] org.hibernate.SQL                        : delete from shift_assignments where id=?
Hibernate: delete from shift_assignments where id=?
2025-10-13T15:13:08.196+09:00 DEBUG 16864 --- [Shift Scheduler Demo] [           main] org.hibernate.SQL                        : delete from shift_assignments where id=?
Hibernate: delete from shift_assignments where id=?
2025-10-13T15:13:08.196+09:00 DEBUG 16864 --- [Shift Scheduler Demo] [           main] org.hibernate.SQL                        : delete from shift_assignments where id=?
Hibernate: delete from shift_assignments where id=?
2025-10-13T15:13:08.196+09:00 DEBUG 16864 --- [Shift Scheduler Demo] [           main] org.hibernate.SQL                        : delete from shift_assignments where id=?
Hibernate: delete from shift_assignments where id=?
2025-10-13T15:13:08.196+09:00 DEBUG 16864 --- [Shift Scheduler Demo] [           main] org.hibernate.SQL                        : delete from shift_assignments where id=?
Hibernate: delete from shift_assignments where id=?
2025-10-13T15:13:08.196+09:00 DEBUG 16864 --- [Shift Scheduler Demo] [           main] org.hibernate.SQL                        : delete from shift_assignments where id=?
Hibernate: delete from shift_assignments where id=?
2025-10-13T15:13:08.196+09:00 DEBUG 16864 --- [Shift Scheduler Demo] [           main] org.hibernate.SQL                        : delete from shift_assignments where id=?
Hibernate: delete from shift_assignments where id=?
2025-10-13T15:13:08.196+09:00 DEBUG 16864 --- [Shift Scheduler Demo] [           main] org.hibernate.SQL                        : delete from shift_assignments where id=?
Hibernate: delete from shift_assignments where id=?
2025-10-13T15:13:08.197+09:00 DEBUG 16864 --- [Shift Scheduler Demo] [           main] org.hibernate.SQL                        : delete from shift_assignments where id=?
Hibernate: delete from shift_assignments where id=?
2025-10-13T15:13:08.197+09:00 DEBUG 16864 --- [Shift Scheduler Demo] [           main] org.hibernate.SQL                        : delete from shift_assignments where id=?
Hibernate: delete from shift_assignments where id=?
2025-10-13T15:13:08.197+09:00 DEBUG 16864 --- [Shift Scheduler Demo] [           main] org.hibernate.SQL                        : delete from shift_assignments where id=?
Hibernate: delete from shift_assignments where id=?
2025-10-13T15:13:08.197+09:00 DEBUG 16864 --- [Shift Scheduler Demo] [           main] org.hibernate.SQL                        : delete from shift_assignments where id=?
Hibernate: delete from shift_assignments where id=?
2025-10-13T15:13:08.197+09:00 DEBUG 16864 --- [Shift Scheduler Demo] [           main] org.hibernate.SQL                        : delete from shift_assignments where id=?
Hibernate: delete from shift_assignments where id=?
2025-10-13T15:13:08.197+09:00 DEBUG 16864 --- [Shift Scheduler Demo] [           main] org.hibernate.SQL                        : delete from shift_assignments where id=?
Hibernate: delete from shift_assignments where id=?
2025-10-13T15:13:08.197+09:00 DEBUG 16864 --- [Shift Scheduler Demo] [           main] org.hibernate.SQL                        : delete from shift_assignments where id=?
Hibernate: delete from shift_assignments where id=?
2025-10-13T15:13:08.197+09:00 DEBUG 16864 --- [Shift Scheduler Demo] [           main] org.hibernate.SQL                        : delete from shift_assignments where id=?
Hibernate: delete from shift_assignments where id=?
2025-10-13T15:13:08.197+09:00 DEBUG 16864 --- [Shift Scheduler Demo] [           main] org.hibernate.SQL                        : delete from shift_assignments where id=?
Hibernate: delete from shift_assignments where id=?
2025-10-13T15:13:08.197+09:00 DEBUG 16864 --- [Shift Scheduler Demo] [           main] org.hibernate.SQL                        : delete from shift_assignments where id=?
Hibernate: delete from shift_assignments where id=?
2025-10-13T15:13:08.197+09:00 DEBUG 16864 --- [Shift Scheduler Demo] [           main] org.hibernate.SQL                        : delete from shift_assignments where id=?
Hibernate: delete from shift_assignments where id=?
2025-10-13T15:13:08.197+09:00 DEBUG 16864 --- [Shift Scheduler Demo] [           main] org.hibernate.SQL                        : delete from shift_assignments where id=?
Hibernate: delete from shift_assignments where id=?
2025-10-13T15:13:08.197+09:00 DEBUG 16864 --- [Shift Scheduler Demo] [           main] org.hibernate.SQL                        : delete from shift_assignments where id=?
Hibernate: delete from shift_assignments where id=?
2025-10-13T15:13:08.197+09:00 DEBUG 16864 --- [Shift Scheduler Demo] [           main] org.hibernate.SQL                        : delete from shift_assignments where id=?
Hibernate: delete from shift_assignments where id=?
2025-10-13T15:13:08.197+09:00 DEBUG 16864 --- [Shift Scheduler Demo] [           main] org.hibernate.SQL                        : delete from shift_assignments where id=?
Hibernate: delete from shift_assignments where id=?
2025-10-13T15:13:08.198+09:00 DEBUG 16864 --- [Shift Scheduler Demo] [           main] org.hibernate.SQL                        : delete from shift_assignments where id=?
Hibernate: delete from shift_assignments where id=?
2025-10-13T15:13:08.198+09:00 DEBUG 16864 --- [Shift Scheduler Demo] [           main] org.hibernate.SQL                        : delete from shift_assignments where id=?
Hibernate: delete from shift_assignments where id=?
2025-10-13T15:13:08.198+09:00 DEBUG 16864 --- [Shift Scheduler Demo] [           main] org.hibernate.SQL                        : delete from shift_assignments where id=?
Hibernate: delete from shift_assignments where id=?
2025-10-13T15:13:08.198+09:00 DEBUG 16864 --- [Shift Scheduler Demo] [           main] org.hibernate.SQL                        : delete from shift_assignments where id=?
Hibernate: delete from shift_assignments where id=?
2025-10-13T15:13:08.198+09:00 DEBUG 16864 --- [Shift Scheduler Demo] [           main] org.hibernate.SQL                        : delete from shift_assignments where id=?
Hibernate: delete from shift_assignments where id=?
2025-10-13T15:13:08.198+09:00 DEBUG 16864 --- [Shift Scheduler Demo] [           main] org.hibernate.SQL                        : delete from shift_assignments where id=?
Hibernate: delete from shift_assignments where id=?
2025-10-13T15:13:08.199+09:00 DEBUG 16864 --- [Shift Scheduler Demo] [           main] org.hibernate.SQL                        : delete from shift_assignments where id=?
Hibernate: delete from shift_assignments where id=?
2025-10-13T15:13:08.199+09:00 DEBUG 16864 --- [Shift Scheduler Demo] [           main] org.hibernate.SQL                        : delete from shift_assignments where id=?
Hibernate: delete from shift_assignments where id=?
2025-10-13T15:13:08.199+09:00 DEBUG 16864 --- [Shift Scheduler Demo] [           main] org.hibernate.SQL                        : delete from shift_assignments where id=?
Hibernate: delete from shift_assignments where id=?
2025-10-13T15:13:08.199+09:00 DEBUG 16864 --- [Shift Scheduler Demo] [           main] org.hibernate.SQL                        : delete from shift_assignments where id=?
Hibernate: delete from shift_assignments where id=?
2025-10-13T15:13:08.199+09:00 DEBUG 16864 --- [Shift Scheduler Demo] [           main] org.hibernate.SQL                        : delete from shift_assignments where id=?
Hibernate: delete from shift_assignments where id=?
2025-10-13T15:13:08.199+09:00 DEBUG 16864 --- [Shift Scheduler Demo] [           main] org.hibernate.SQL                        : delete from shift_assignments where id=?
Hibernate: delete from shift_assignments where id=?
2025-10-13T15:13:08.199+09:00 DEBUG 16864 --- [Shift Scheduler Demo] [           main] org.hibernate.SQL                        : delete from shift_assignments where id=?
Hibernate: delete from shift_assignments where id=?
2025-10-13T15:13:08.199+09:00 DEBUG 16864 --- [Shift Scheduler Demo] [           main] org.hibernate.SQL                        : delete from shift_assignments where id=?
Hibernate: delete from shift_assignments where id=?
2025-10-13T15:13:08.200+09:00 DEBUG 16864 --- [Shift Scheduler Demo] [           main] org.hibernate.SQL                        : delete from shift_assignments where id=?
Hibernate: delete from shift_assignments where id=?
2025-10-13T15:13:08.200+09:00 DEBUG 16864 --- [Shift Scheduler Demo] [           main] org.hibernate.SQL                        : delete from shift_assignments where id=?
Hibernate: delete from shift_assignments where id=?
2025-10-13T15:13:08.200+09:00 DEBUG 16864 --- [Shift Scheduler Demo] [           main] org.hibernate.SQL                        : delete from shift_assignments where id=?
Hibernate: delete from shift_assignments where id=?
2025-10-13T15:13:08.200+09:00 DEBUG 16864 --- [Shift Scheduler Demo] [           main] org.hibernate.SQL                        : delete from shift_assignments where id=?
Hibernate: delete from shift_assignments where id=?
2025-10-13T15:13:08.200+09:00 DEBUG 16864 --- [Shift Scheduler Demo] [           main] org.hibernate.SQL                        : delete from shift_assignments where id=?
Hibernate: delete from shift_assignments where id=?
2025-10-13T15:13:08.200+09:00 DEBUG 16864 --- [Shift Scheduler Demo] [           main] org.hibernate.SQL                        : delete from shift_assignments where id=?
Hibernate: delete from shift_assignments where id=?
2025-10-13T15:13:08.200+09:00 DEBUG 16864 --- [Shift Scheduler Demo] [           main] org.hibernate.SQL                        : delete from shift_assignments where id=?
Hibernate: delete from shift_assignments where id=?
2025-10-13T15:13:08.200+09:00 DEBUG 16864 --- [Shift Scheduler Demo] [           main] org.hibernate.SQL                        : delete from shift_assignments where id=?
Hibernate: delete from shift_assignments where id=?
2025-10-13T15:13:08.201+09:00 DEBUG 16864 --- [Shift Scheduler Demo] [           main] org.hibernate.SQL                        : delete from shift_assignments where id=?
Hibernate: delete from shift_assignments where id=?
2025-10-13T15:13:08.201+09:00 DEBUG 16864 --- [Shift Scheduler Demo] [           main] org.hibernate.SQL                        : delete from shift_assignments where id=?
Hibernate: delete from shift_assignments where id=?
2025-10-13T15:13:08.201+09:00 DEBUG 16864 --- [Shift Scheduler Demo] [           main] org.hibernate.SQL                        : delete from shift_assignments where id=?
Hibernate: delete from shift_assignments where id=?
2025-10-13T15:13:08.201+09:00 DEBUG 16864 --- [Shift Scheduler Demo] [           main] org.hibernate.SQL                        : delete from shift_assignments where id=?
Hibernate: delete from shift_assignments where id=?
2025-10-13T15:13:08.201+09:00 DEBUG 16864 --- [Shift Scheduler Demo] [           main] org.hibernate.SQL                        : delete from shift_assignments where id=?
Hibernate: delete from shift_assignments where id=?
2025-10-13T15:13:08.201+09:00 DEBUG 16864 --- [Shift Scheduler Demo] [           main] org.hibernate.SQL                        : delete from shift_assignments where id=?
Hibernate: delete from shift_assignments where id=?
2025-10-13T15:13:08.201+09:00 DEBUG 16864 --- [Shift Scheduler Demo] [           main] org.hibernate.SQL                        : delete from shift_assignments where id=?
Hibernate: delete from shift_assignments where id=?
2025-10-13T15:13:08.201+09:00 DEBUG 16864 --- [Shift Scheduler Demo] [           main] org.hibernate.SQL                        : delete from shift_assignments where id=?
Hibernate: delete from shift_assignments where id=?
2025-10-13T15:13:08.201+09:00 DEBUG 16864 --- [Shift Scheduler Demo] [           main] org.hibernate.SQL                        : delete from shift_assignments where id=?
Hibernate: delete from shift_assignments where id=?
2025-10-13T15:13:08.201+09:00 DEBUG 16864 --- [Shift Scheduler Demo] [           main] org.hibernate.SQL                        : delete from shift_assignments where id=?
Hibernate: delete from shift_assignments where id=?
2025-10-13T15:13:08.201+09:00 DEBUG 16864 --- [Shift Scheduler Demo] [           main] org.hibernate.SQL                        : delete from shift_assignments where id=?
Hibernate: delete from shift_assignments where id=?
2025-10-13T15:13:08.201+09:00 DEBUG 16864 --- [Shift Scheduler Demo] [           main] org.hibernate.SQL                        : delete from shift_assignments where id=?
Hibernate: delete from shift_assignments where id=?
2025-10-13T15:13:08.201+09:00 DEBUG 16864 --- [Shift Scheduler Demo] [           main] org.hibernate.SQL                        : delete from shift_assignments where id=?
Hibernate: delete from shift_assignments where id=?
2025-10-13T15:13:08.202+09:00 DEBUG 16864 --- [Shift Scheduler Demo] [           main] org.hibernate.SQL                        : delete from shift_assignments where id=?
Hibernate: delete from shift_assignments where id=?
2025-10-13T15:13:08.202+09:00 DEBUG 16864 --- [Shift Scheduler Demo] [           main] org.hibernate.SQL                        : delete from shift_assignments where id=?
Hibernate: delete from shift_assignments where id=?
2025-10-13T15:13:08.202+09:00 DEBUG 16864 --- [Shift Scheduler Demo] [           main] org.hibernate.SQL                        : delete from shift_assignments where id=?
Hibernate: delete from shift_assignments where id=?
2025-10-13T15:13:08.202+09:00 DEBUG 16864 --- [Shift Scheduler Demo] [           main] org.hibernate.SQL                        : delete from shift_assignments where id=?
Hibernate: delete from shift_assignments where id=?
2025-10-13T15:13:08.202+09:00 DEBUG 16864 --- [Shift Scheduler Demo] [           main] org.hibernate.SQL                        : delete from shift_assignments where id=?
Hibernate: delete from shift_assignments where id=?
2025-10-13T15:13:08.202+09:00 DEBUG 16864 --- [Shift Scheduler Demo] [           main] org.hibernate.SQL                        : delete from employee_constraints where id=?
Hibernate: delete from employee_constraints where id=?
2025-10-13T15:13:08.202+09:00 DEBUG 16864 --- [Shift Scheduler Demo] [           main] org.hibernate.SQL                        : delete from employee_constraints where id=?
Hibernate: delete from employee_constraints where id=?
2025-10-13T15:13:08.202+09:00 DEBUG 16864 --- [Shift Scheduler Demo] [           main] org.hibernate.SQL                        : delete from employee_constraints where id=?
Hibernate: delete from employee_constraints where id=?
2025-10-13T15:13:08.202+09:00 DEBUG 16864 --- [Shift Scheduler Demo] [           main] org.hibernate.SQL                        : delete from employee_constraints where id=?
Hibernate: delete from employee_constraints where id=?
2025-10-13T15:13:08.202+09:00 DEBUG 16864 --- [Shift Scheduler Demo] [           main] org.hibernate.SQL                        : delete from employee_constraints where id=?
Hibernate: delete from employee_constraints where id=?
2025-10-13T15:13:08.202+09:00 DEBUG 16864 --- [Shift Scheduler Demo] [           main] org.hibernate.SQL                        : delete from employee_constraints where id=?
Hibernate: delete from employee_constraints where id=?
2025-10-13T15:13:08.202+09:00 DEBUG 16864 --- [Shift Scheduler Demo] [           main] org.hibernate.SQL                        : delete from employee_constraints where id=?
Hibernate: delete from employee_constraints where id=?
2025-10-13T15:13:08.203+09:00 DEBUG 16864 --- [Shift Scheduler Demo] [           main] org.hibernate.SQL                        : delete from employee_constraints where id=?
Hibernate: delete from employee_constraints where id=?
2025-10-13T15:13:08.203+09:00 DEBUG 16864 --- [Shift Scheduler Demo] [           main] org.hibernate.SQL                        : delete from employee_constraints where id=?
Hibernate: delete from employee_constraints where id=?
2025-10-13T15:13:08.203+09:00 DEBUG 16864 --- [Shift Scheduler Demo] [           main] org.hibernate.SQL                        : delete from employee_constraints where id=?
Hibernate: delete from employee_constraints where id=?
2025-10-13T15:13:08.203+09:00 DEBUG 16864 --- [Shift Scheduler Demo] [           main] org.hibernate.SQL                        : delete from employee_constraints where id=?
Hibernate: delete from employee_constraints where id=?
2025-10-13T15:13:08.203+09:00 DEBUG 16864 --- [Shift Scheduler Demo] [           main] org.hibernate.SQL                        : delete from employee_constraints where id=?
Hibernate: delete from employee_constraints where id=?
2025-10-13T15:13:08.203+09:00 DEBUG 16864 --- [Shift Scheduler Demo] [           main] org.hibernate.SQL                        : delete from employee_constraints where id=?
Hibernate: delete from employee_constraints where id=?
2025-10-13T15:13:08.203+09:00 DEBUG 16864 --- [Shift Scheduler Demo] [           main] org.hibernate.SQL                        : delete from employee_constraints where id=?
Hibernate: delete from employee_constraints where id=?
2025-10-13T15:13:08.203+09:00 DEBUG 16864 --- [Shift Scheduler Demo] [           main] org.hibernate.SQL                        : delete from employee_constraints where id=?
Hibernate: delete from employee_constraints where id=?
2025-10-13T15:13:08.203+09:00 DEBUG 16864 --- [Shift Scheduler Demo] [           main] org.hibernate.SQL                        : delete from employee_constraints where id=?
Hibernate: delete from employee_constraints where id=?
2025-10-13T15:13:08.203+09:00 DEBUG 16864 --- [Shift Scheduler Demo] [           main] org.hibernate.SQL                        : delete from employee_constraints where id=?
Hibernate: delete from employee_constraints where id=?
2025-10-13T15:13:08.203+09:00 DEBUG 16864 --- [Shift Scheduler Demo] [           main] org.hibernate.SQL                        : delete from employee_constraints where id=?
Hibernate: delete from employee_constraints where id=?
2025-10-13T15:13:08.203+09:00 DEBUG 16864 --- [Shift Scheduler Demo] [           main] org.hibernate.SQL                        : delete from employee_constraints where id=?
Hibernate: delete from employee_constraints where id=?
2025-10-13T15:13:08.204+09:00 DEBUG 16864 --- [Shift Scheduler Demo] [           main] org.hibernate.SQL                        : delete from employee_constraints where id=?
Hibernate: delete from employee_constraints where id=?
2025-10-13T15:13:08.204+09:00 DEBUG 16864 --- [Shift Scheduler Demo] [           main] org.hibernate.SQL                        : delete from employee_constraints where id=?
Hibernate: delete from employee_constraints where id=?
2025-10-13T15:13:08.204+09:00 DEBUG 16864 --- [Shift Scheduler Demo] [           main] org.hibernate.SQL                        : delete from employee_constraints where id=?
Hibernate: delete from employee_constraints where id=?
2025-10-13T15:13:08.204+09:00 DEBUG 16864 --- [Shift Scheduler Demo] [           main] org.hibernate.SQL                        : delete from employee_constraints where id=?
Hibernate: delete from employee_constraints where id=?
2025-10-13T15:13:08.204+09:00 DEBUG 16864 --- [Shift Scheduler Demo] [           main] org.hibernate.SQL                        : delete from employee_constraints where id=?
Hibernate: delete from employee_constraints where id=?
2025-10-13T15:13:08.204+09:00 DEBUG 16864 --- [Shift Scheduler Demo] [           main] org.hibernate.SQL                        : delete from employee_constraints where id=?
Hibernate: delete from employee_constraints where id=?
2025-10-13T15:13:08.204+09:00 DEBUG 16864 --- [Shift Scheduler Demo] [           main] org.hibernate.SQL                        : delete from employee_constraints where id=?
Hibernate: delete from employee_constraints where id=?
2025-10-13T15:13:08.204+09:00 DEBUG 16864 --- [Shift Scheduler Demo] [           main] org.hibernate.SQL                        : delete from employee_constraints where id=?
Hibernate: delete from employee_constraints where id=?
2025-10-13T15:13:08.204+09:00 DEBUG 16864 --- [Shift Scheduler Demo] [           main] org.hibernate.SQL                        : delete from employee_constraints where id=?
Hibernate: delete from employee_constraints where id=?
2025-10-13T15:13:08.204+09:00 DEBUG 16864 --- [Shift Scheduler Demo] [           main] org.hibernate.SQL                        : delete from employee_constraints where id=?
Hibernate: delete from employee_constraints where id=?
2025-10-13T15:13:08.204+09:00 DEBUG 16864 --- [Shift Scheduler Demo] [           main] org.hibernate.SQL                        : delete from employee_constraints where id=?
Hibernate: delete from employee_constraints where id=?
2025-10-13T15:13:08.204+09:00 DEBUG 16864 --- [Shift Scheduler Demo] [           main] org.hibernate.SQL                        : delete from employee_constraints where id=?
Hibernate: delete from employee_constraints where id=?
2025-10-13T15:13:08.204+09:00 DEBUG 16864 --- [Shift Scheduler Demo] [           main] org.hibernate.SQL                        : delete from employee_constraints where id=?
Hibernate: delete from employee_constraints where id=?
2025-10-13T15:13:08.205+09:00 DEBUG 16864 --- [Shift Scheduler Demo] [           main] org.hibernate.SQL                        : delete from employee_constraints where id=?
Hibernate: delete from employee_constraints where id=?
2025-10-13T15:13:08.205+09:00 DEBUG 16864 --- [Shift Scheduler Demo] [           main] org.hibernate.SQL                        : delete from employee_constraints where id=?
Hibernate: delete from employee_constraints where id=?
2025-10-13T15:13:08.205+09:00 DEBUG 16864 --- [Shift Scheduler Demo] [           main] org.hibernate.SQL                        : delete from employee_constraints where id=?
Hibernate: delete from employee_constraints where id=?
2025-10-13T15:13:08.205+09:00 DEBUG 16864 --- [Shift Scheduler Demo] [           main] org.hibernate.SQL                        : delete from employee_constraints where id=?
Hibernate: delete from employee_constraints where id=?
2025-10-13T15:13:08.205+09:00 DEBUG 16864 --- [Shift Scheduler Demo] [           main] org.hibernate.SQL                        : delete from employee_constraints where id=?
Hibernate: delete from employee_constraints where id=?
2025-10-13T15:13:08.205+09:00 DEBUG 16864 --- [Shift Scheduler Demo] [           main] org.hibernate.SQL                        : delete from employee_constraints where id=?
Hibernate: delete from employee_constraints where id=?
2025-10-13T15:13:08.205+09:00 DEBUG 16864 --- [Shift Scheduler Demo] [           main] org.hibernate.SQL                        : delete from employee_constraints where id=?
Hibernate: delete from employee_constraints where id=?
2025-10-13T15:13:08.205+09:00 DEBUG 16864 --- [Shift Scheduler Demo] [           main] org.hibernate.SQL                        : delete from employee_constraints where id=?
Hibernate: delete from employee_constraints where id=?
2025-10-13T15:13:08.205+09:00 DEBUG 16864 --- [Shift Scheduler Demo] [           main] org.hibernate.SQL                        : delete from employee_constraints where id=?
Hibernate: delete from employee_constraints where id=?
2025-10-13T15:13:08.205+09:00 DEBUG 16864 --- [Shift Scheduler Demo] [           main] org.hibernate.SQL                        : delete from employee_constraints where id=?
Hibernate: delete from employee_constraints where id=?
2025-10-13T15:13:08.206+09:00 DEBUG 16864 --- [Shift Scheduler Demo] [           main] org.hibernate.SQL                        : delete from employee_constraints where id=?
Hibernate: delete from employee_constraints where id=?
2025-10-13T15:13:08.206+09:00 DEBUG 16864 --- [Shift Scheduler Demo] [           main] org.hibernate.SQL                        : delete from employee_constraints where id=?
Hibernate: delete from employee_constraints where id=?
2025-10-13T15:13:08.206+09:00 DEBUG 16864 --- [Shift Scheduler Demo] [           main] org.hibernate.SQL                        : delete from employee_constraints where id=?
Hibernate: delete from employee_constraints where id=?
2025-10-13T15:13:08.206+09:00 DEBUG 16864 --- [Shift Scheduler Demo] [           main] org.hibernate.SQL                        : delete from employee_constraints where id=?
Hibernate: delete from employee_constraints where id=?
2025-10-13T15:13:08.206+09:00 DEBUG 16864 --- [Shift Scheduler Demo] [           main] org.hibernate.SQL                        : delete from employee_constraints where id=?
Hibernate: delete from employee_constraints where id=?
2025-10-13T15:13:08.206+09:00 DEBUG 16864 --- [Shift Scheduler Demo] [           main] org.hibernate.SQL                        : delete from employee_constraints where id=?
Hibernate: delete from employee_constraints where id=?
2025-10-13T15:13:08.206+09:00 DEBUG 16864 --- [Shift Scheduler Demo] [           main] org.hibernate.SQL                        : delete from employee_constraints where id=?
Hibernate: delete from employee_constraints where id=?
2025-10-13T15:13:08.206+09:00 DEBUG 16864 --- [Shift Scheduler Demo] [           main] org.hibernate.SQL                        : delete from employee_constraints where id=?
Hibernate: delete from employee_constraints where id=?
2025-10-13T15:13:08.206+09:00 DEBUG 16864 --- [Shift Scheduler Demo] [           main] org.hibernate.SQL                        : delete from employee_constraints where id=?
Hibernate: delete from employee_constraints where id=?
2025-10-13T15:13:08.206+09:00 DEBUG 16864 --- [Shift Scheduler Demo] [           main] org.hibernate.SQL                        : delete from employee_constraints where id=?
Hibernate: delete from employee_constraints where id=?
2025-10-13T15:13:08.206+09:00 DEBUG 16864 --- [Shift Scheduler Demo] [           main] org.hibernate.SQL                        : delete from employee_constraints where id=?
Hibernate: delete from employee_constraints where id=?
2025-10-13T15:13:08.206+09:00 DEBUG 16864 --- [Shift Scheduler Demo] [           main] org.hibernate.SQL                        : delete from employee_constraints where id=?
Hibernate: delete from employee_constraints where id=?
2025-10-13T15:13:08.206+09:00 DEBUG 16864 --- [Shift Scheduler Demo] [           main] org.hibernate.SQL                        : delete from employee_constraints where id=?
Hibernate: delete from employee_constraints where id=?
2025-10-13T15:13:08.207+09:00 DEBUG 16864 --- [Shift Scheduler Demo] [           main] org.hibernate.SQL                        : delete from employee_constraints where id=?
Hibernate: delete from employee_constraints where id=?
2025-10-13T15:13:08.207+09:00 DEBUG 16864 --- [Shift Scheduler Demo] [           main] org.hibernate.SQL                        : delete from employee_constraints where id=?
Hibernate: delete from employee_constraints where id=?
2025-10-13T15:13:08.207+09:00 DEBUG 16864 --- [Shift Scheduler Demo] [           main] org.hibernate.SQL                        : delete from employee_constraints where id=?
Hibernate: delete from employee_constraints where id=?
2025-10-13T15:13:08.207+09:00 DEBUG 16864 --- [Shift Scheduler Demo] [           main] org.hibernate.SQL                        : delete from employee_constraints where id=?
Hibernate: delete from employee_constraints where id=?
2025-10-13T15:13:08.207+09:00 DEBUG 16864 --- [Shift Scheduler Demo] [           main] org.hibernate.SQL                        : delete from employee_constraints where id=?
Hibernate: delete from employee_constraints where id=?
2025-10-13T15:13:08.207+09:00 DEBUG 16864 --- [Shift Scheduler Demo] [           main] org.hibernate.SQL                        : delete from employee_constraints where id=?
Hibernate: delete from employee_constraints where id=?
2025-10-13T15:13:08.207+09:00 DEBUG 16864 --- [Shift Scheduler Demo] [           main] org.hibernate.SQL                        : delete from employee_constraints where id=?
Hibernate: delete from employee_constraints where id=?
2025-10-13T15:13:08.207+09:00 DEBUG 16864 --- [Shift Scheduler Demo] [           main] org.hibernate.SQL                        : delete from employee_constraints where id=?
Hibernate: delete from employee_constraints where id=?
2025-10-13T15:13:08.207+09:00 DEBUG 16864 --- [Shift Scheduler Demo] [           main] org.hibernate.SQL                        : delete from employee_constraints where id=?
Hibernate: delete from employee_constraints where id=?
2025-10-13T15:13:08.207+09:00 DEBUG 16864 --- [Shift Scheduler Demo] [           main] org.hibernate.SQL                        : delete from employee_constraints where id=?
Hibernate: delete from employee_constraints where id=?
2025-10-13T15:13:08.207+09:00 DEBUG 16864 --- [Shift Scheduler Demo] [           main] org.hibernate.SQL                        : delete from employee_constraints where id=?
Hibernate: delete from employee_constraints where id=?
2025-10-13T15:13:08.207+09:00 DEBUG 16864 --- [Shift Scheduler Demo] [           main] org.hibernate.SQL                        : delete from employee_constraints where id=?
Hibernate: delete from employee_constraints where id=?
2025-10-13T15:13:08.207+09:00 DEBUG 16864 --- [Shift Scheduler Demo] [           main] org.hibernate.SQL                        : delete from employee_constraints where id=?
Hibernate: delete from employee_constraints where id=?
2025-10-13T15:13:08.208+09:00 DEBUG 16864 --- [Shift Scheduler Demo] [           main] org.hibernate.SQL                        : delete from employee_constraints where id=?
Hibernate: delete from employee_constraints where id=?
2025-10-13T15:13:08.208+09:00 DEBUG 16864 --- [Shift Scheduler Demo] [           main] org.hibernate.SQL                        : delete from employee_constraints where id=?
Hibernate: delete from employee_constraints where id=?
2025-10-13T15:13:08.208+09:00 DEBUG 16864 --- [Shift Scheduler Demo] [           main] org.hibernate.SQL                        : delete from employee_constraints where id=?
Hibernate: delete from employee_constraints where id=?
2025-10-13T15:13:08.208+09:00 DEBUG 16864 --- [Shift Scheduler Demo] [           main] org.hibernate.SQL                        : delete from employee_constraints where id=?
Hibernate: delete from employee_constraints where id=?
2025-10-13T15:13:08.208+09:00 DEBUG 16864 --- [Shift Scheduler Demo] [           main] org.hibernate.SQL                        : delete from employee_constraints where id=?
Hibernate: delete from employee_constraints where id=?
2025-10-13T15:13:08.208+09:00 DEBUG 16864 --- [Shift Scheduler Demo] [           main] org.hibernate.SQL                        : delete from employee_constraints where id=?
Hibernate: delete from employee_constraints where id=?
2025-10-13T15:13:08.208+09:00 DEBUG 16864 --- [Shift Scheduler Demo] [           main] org.hibernate.SQL                        : delete from employee_constraints where id=?
Hibernate: delete from employee_constraints where id=?
2025-10-13T15:13:08.208+09:00 DEBUG 16864 --- [Shift Scheduler Demo] [           main] org.hibernate.SQL                        : select sa1_0.id,sa1_0.employee_id,sa1_0.end_time,sa1_0.shift_name,sa1_0.start_time,sa1_0.work_date from shift_assignments sa1_0 where sa1_0.work_date<? order by sa1_0.work_date desc limit ?
Hibernate: select sa1_0.id,sa1_0.employee_id,sa1_0.end_time,sa1_0.shift_name,sa1_0.start_time,sa1_0.work_date from shift_assignments sa1_0 where sa1_0.work_date<? order by sa1_0.work_date desc limit ?
2025-10-13T15:13:08.212+09:00 DEBUG 16864 --- [Shift Scheduler Demo] [           main] org.hibernate.SQL                        : select sa1_0.id,sa1_0.employee_id,sa1_0.end_time,sa1_0.shift_name,sa1_0.start_time,sa1_0.work_date from shift_assignments sa1_0 where sa1_0.work_date between ? and ?
Hibernate: select sa1_0.id,sa1_0.employee_id,sa1_0.end_time,sa1_0.shift_name,sa1_0.start_time,sa1_0.work_date from shift_assignments sa1_0 where sa1_0.work_date between ? and ?
2025-10-13T15:13:08.213+09:00  INFO 16864 --- [Shift Scheduler Demo] [           main] c.e.shiftv1.schedule.ScheduleService     : 登録従業員数: 30名
2025-10-13T15:13:08.215+09:00 DEBUG 16864 --- [Shift Scheduler Demo] [           main] org.hibernate.SQL                        : select sa1_0.id,sa1_0.employee_id,sa1_0.end_time,sa1_0.shift_name,sa1_0.start_time,sa1_0.work_date from shift_assignments sa1_0 where sa1_0.work_date=?
Hibernate: select sa1_0.id,sa1_0.employee_id,sa1_0.end_time,sa1_0.shift_name,sa1_0.start_time,sa1_0.work_date from shift_assignments sa1_0 where sa1_0.work_date=?
2025-10-13T15:13:08.218+09:00 DEBUG 16864 --- [Shift Scheduler Demo] [           main] org.hibernate.SQL                        : select sa1_0.id,sa1_0.employee_id,sa1_0.end_time,sa1_0.shift_name,sa1_0.start_time,sa1_0.work_date from shift_assignments sa1_0 where sa1_0.work_date=?
Hibernate: select sa1_0.id,sa1_0.employee_id,sa1_0.end_time,sa1_0.shift_name,sa1_0.start_time,sa1_0.work_date from shift_assignments sa1_0 where sa1_0.work_date=?
2025-10-13T15:13:08.220+09:00 DEBUG 16864 --- [Shift Scheduler Demo] [           main] org.hibernate.SQL                        : select sa1_0.id,sa1_0.employee_id,sa1_0.end_time,sa1_0.shift_name,sa1_0.start_time,sa1_0.work_date from shift_assignments sa1_0 where sa1_0.work_date=?
Hibernate: select sa1_0.id,sa1_0.employee_id,sa1_0.end_time,sa1_0.shift_name,sa1_0.start_time,sa1_0.work_date from shift_assignments sa1_0 where sa1_0.work_date=?
2025-10-13T15:13:08.223+09:00 DEBUG 16864 --- [Shift Scheduler Demo] [           main] org.hibernate.SQL                        : select sa1_0.id,sa1_0.employee_id,sa1_0.end_time,sa1_0.shift_name,sa1_0.start_time,sa1_0.work_date from shift_assignments sa1_0 where sa1_0.work_date=?
Hibernate: select sa1_0.id,sa1_0.employee_id,sa1_0.end_time,sa1_0.shift_name,sa1_0.start_time,sa1_0.work_date from shift_assignments sa1_0 where sa1_0.work_date=?
2025-10-13T15:13:08.225+09:00 DEBUG 16864 --- [Shift Scheduler Demo] [           main] org.hibernate.SQL                        : select sa1_0.id,sa1_0.employee_id,sa1_0.end_time,sa1_0.shift_name,sa1_0.start_time,sa1_0.work_date from shift_assignments sa1_0 where sa1_0.work_date=?
Hibernate: select sa1_0.id,sa1_0.employee_id,sa1_0.end_time,sa1_0.shift_name,sa1_0.start_time,sa1_0.work_date from shift_assignments sa1_0 where sa1_0.work_date=?
2025-10-13T15:13:08.227+09:00 DEBUG 16864 --- [Shift Scheduler Demo] [           main] org.hibernate.SQL                        : select sa1_0.id,sa1_0.employee_id,sa1_0.end_time,sa1_0.shift_name,sa1_0.start_time,sa1_0.work_date from shift_assignments sa1_0 where sa1_0.work_date=?
Hibernate: select sa1_0.id,sa1_0.employee_id,sa1_0.end_time,sa1_0.shift_name,sa1_0.start_time,sa1_0.work_date from shift_assignments sa1_0 where sa1_0.work_date=?
2025-10-13T15:13:08.229+09:00 DEBUG 16864 --- [Shift Scheduler Demo] [           main] org.hibernate.SQL                        : select sa1_0.id,sa1_0.employee_id,sa1_0.end_time,sa1_0.shift_name,sa1_0.start_time,sa1_0.work_date from shift_assignments sa1_0 where sa1_0.work_date=?
Hibernate: select sa1_0.id,sa1_0.employee_id,sa1_0.end_time,sa1_0.shift_name,sa1_0.start_time,sa1_0.work_date from shift_assignments sa1_0 where sa1_0.work_date=?
2025-10-13T15:13:08.229+09:00 DEBUG 16864 --- [Shift Scheduler Demo] [           main] org.hibernate.SQL                        : select sa1_0.id,sa1_0.employee_id,sa1_0.end_time,sa1_0.shift_name,sa1_0.start_time,sa1_0.work_date from shift_assignments sa1_0 where sa1_0.work_date=?
Hibernate: select sa1_0.id,sa1_0.employee_id,sa1_0.end_time,sa1_0.shift_name,sa1_0.start_time,sa1_0.work_date from shift_assignments sa1_0 where sa1_0.work_date=?
2025-10-13T15:13:08.233+09:00 DEBUG 16864 --- [Shift Scheduler Demo] [           main] org.hibernate.SQL                        : select sa1_0.id,sa1_0.employee_id,sa1_0.end_time,sa1_0.shift_name,sa1_0.start_time,sa1_0.work_date from shift_assignments sa1_0 where sa1_0.work_date=?
Hibernate: select sa1_0.id,sa1_0.employee_id,sa1_0.end_time,sa1_0.shift_name,sa1_0.start_time,sa1_0.work_date from shift_assignments sa1_0 where sa1_0.work_date=?
2025-10-13T15:13:08.235+09:00 DEBUG 16864 --- [Shift Scheduler Demo] [           main] org.hibernate.SQL                        : select sa1_0.id,sa1_0.employee_id,sa1_0.end_time,sa1_0.shift_name,sa1_0.start_time,sa1_0.work_date from shift_assignments sa1_0 where sa1_0.work_date=?
Hibernate: select sa1_0.id,sa1_0.employee_id,sa1_0.end_time,sa1_0.shift_name,sa1_0.start_time,sa1_0.work_date from shift_assignments sa1_0 where sa1_0.work_date=?
2025-10-13T15:13:08.238+09:00 DEBUG 16864 --- [Shift Scheduler Demo] [           main] org.hibernate.SQL                        : select sa1_0.id,sa1_0.employee_id,sa1_0.end_time,sa1_0.shift_name,sa1_0.start_time,sa1_0.work_date from shift_assignments sa1_0 where sa1_0.work_date=?
Hibernate: select sa1_0.id,sa1_0.employee_id,sa1_0.end_time,sa1_0.shift_name,sa1_0.start_time,sa1_0.work_date from shift_assignments sa1_0 where sa1_0.work_date=?
2025-10-13T15:13:08.238+09:00 DEBUG 16864 --- [Shift Scheduler Demo] [           main] org.hibernate.SQL                        : select sa1_0.id,sa1_0.employee_id,sa1_0.end_time,sa1_0.shift_name,sa1_0.start_time,sa1_0.work_date from shift_assignments sa1_0 where sa1_0.work_date=?
Hibernate: select sa1_0.id,sa1_0.employee_id,sa1_0.end_time,sa1_0.shift_name,sa1_0.start_time,sa1_0.work_date from shift_assignments sa1_0 where sa1_0.work_date=?
2025-10-13T15:13:08.243+09:00 DEBUG 16864 --- [Shift Scheduler Demo] [           main] org.hibernate.SQL                        : select sa1_0.id,sa1_0.employee_id,sa1_0.end_time,sa1_0.shift_name,sa1_0.start_time,sa1_0.work_date from shift_assignments sa1_0 where sa1_0.work_date=?
Hibernate: select sa1_0.id,sa1_0.employee_id,sa1_0.end_time,sa1_0.shift_name,sa1_0.start_time,sa1_0.work_date from shift_assignments sa1_0 where sa1_0.work_date=?
2025-10-13T15:13:08.243+09:00 DEBUG 16864 --- [Shift Scheduler Demo] [           main] org.hibernate.SQL                        : select sa1_0.id,sa1_0.employee_id,sa1_0.end_time,sa1_0.shift_name,sa1_0.start_time,sa1_0.work_date from shift_assignments sa1_0 where sa1_0.work_date=?
Hibernate: select sa1_0.id,sa1_0.employee_id,sa1_0.end_time,sa1_0.shift_name,sa1_0.start_time,sa1_0.work_date from shift_assignments sa1_0 where sa1_0.work_date=?
2025-10-13T15:13:08.243+09:00 DEBUG 16864 --- [Shift Scheduler Demo] [           main] org.hibernate.SQL                        : select sa1_0.id,sa1_0.employee_id,sa1_0.end_time,sa1_0.shift_name,sa1_0.start_time,sa1_0.work_date from shift_assignments sa1_0 where sa1_0.work_date=?
Hibernate: select sa1_0.id,sa1_0.employee_id,sa1_0.end_time,sa1_0.shift_name,sa1_0.start_time,sa1_0.work_date from shift_assignments sa1_0 where sa1_0.work_date=?
2025-10-13T15:13:08.250+09:00 DEBUG 16864 --- [Shift Scheduler Demo] [           main] org.hibernate.SQL                        : select sa1_0.id,sa1_0.employee_id,sa1_0.end_time,sa1_0.shift_name,sa1_0.start_time,sa1_0.work_date from shift_assignments sa1_0 where sa1_0.work_date=?
Hibernate: select sa1_0.id,sa1_0.employee_id,sa1_0.end_time,sa1_0.shift_name,sa1_0.start_time,sa1_0.work_date from shift_assignments sa1_0 where sa1_0.work_date=?
2025-10-13T15:13:08.254+09:00 DEBUG 16864 --- [Shift Scheduler Demo] [           main] org.hibernate.SQL                        : select sa1_0.id,sa1_0.employee_id,sa1_0.end_time,sa1_0.shift_name,sa1_0.start_time,sa1_0.work_date from shift_assignments sa1_0 where sa1_0.work_date=?
Hibernate: select sa1_0.id,sa1_0.employee_id,sa1_0.end_time,sa1_0.shift_name,sa1_0.start_time,sa1_0.work_date from shift_assignments sa1_0 where sa1_0.work_date=?
2025-10-13T15:13:08.256+09:00 DEBUG 16864 --- [Shift Scheduler Demo] [           main] org.hibernate.SQL                        : select sa1_0.id,sa1_0.employee_id,sa1_0.end_time,sa1_0.shift_name,sa1_0.start_time,sa1_0.work_date from shift_assignments sa1_0 where sa1_0.work_date=?
Hibernate: select sa1_0.id,sa1_0.employee_id,sa1_0.end_time,sa1_0.shift_name,sa1_0.start_time,sa1_0.work_date from shift_assignments sa1_0 where sa1_0.work_date=?
2025-10-13T15:13:08.259+09:00 DEBUG 16864 --- [Shift Scheduler Demo] [           main] org.hibernate.SQL                        : select sa1_0.id,sa1_0.employee_id,sa1_0.end_time,sa1_0.shift_name,sa1_0.start_time,sa1_0.work_date from shift_assignments sa1_0 where sa1_0.work_date=?
Hibernate: select sa1_0.id,sa1_0.employee_id,sa1_0.end_time,sa1_0.shift_name,sa1_0.start_time,sa1_0.work_date from shift_assignments sa1_0 where sa1_0.work_date=?
2025-10-13T15:13:08.261+09:00 DEBUG 16864 --- [Shift Scheduler Demo] [           main] org.hibernate.SQL                        : select sa1_0.id,sa1_0.employee_id,sa1_0.end_time,sa1_0.shift_name,sa1_0.start_time,sa1_0.work_date from shift_assignments sa1_0 where sa1_0.work_date=?
Hibernate: select sa1_0.id,sa1_0.employee_id,sa1_0.end_time,sa1_0.shift_name,sa1_0.start_time,sa1_0.work_date from shift_assignments sa1_0 where sa1_0.work_date=?
2025-10-13T15:13:08.263+09:00 DEBUG 16864 --- [Shift Scheduler Demo] [           main] org.hibernate.SQL                        : select sa1_0.id,sa1_0.employee_id,sa1_0.end_time,sa1_0.shift_name,sa1_0.start_time,sa1_0.work_date from shift_assignments sa1_0 where sa1_0.work_date=?
Hibernate: select sa1_0.id,sa1_0.employee_id,sa1_0.end_time,sa1_0.shift_name,sa1_0.start_time,sa1_0.work_date from shift_assignments sa1_0 where sa1_0.work_date=?
2025-10-13T15:13:08.271+09:00 DEBUG 16864 --- [Shift Scheduler Demo] [           main] org.hibernate.SQL                        : select sa1_0.id,sa1_0.employee_id,sa1_0.end_time,sa1_0.shift_name,sa1_0.start_time,sa1_0.work_date from shift_assignments sa1_0 where sa1_0.work_date=?
Hibernate: select sa1_0.id,sa1_0.employee_id,sa1_0.end_time,sa1_0.shift_name,sa1_0.start_time,sa1_0.work_date from shift_assignments sa1_0 where sa1_0.work_date=?
2025-10-13T15:13:08.274+09:00 DEBUG 16864 --- [Shift Scheduler Demo] [           main] org.hibernate.SQL                        : select sa1_0.id,sa1_0.employee_id,sa1_0.end_time,sa1_0.shift_name,sa1_0.start_time,sa1_0.work_date from shift_assignments sa1_0 where sa1_0.work_date=?
Hibernate: select sa1_0.id,sa1_0.employee_id,sa1_0.end_time,sa1_0.shift_name,sa1_0.start_time,sa1_0.work_date from shift_assignments sa1_0 where sa1_0.work_date=?
2025-10-13T15:13:08.279+09:00 DEBUG 16864 --- [Shift Scheduler Demo] [           main] org.hibernate.SQL                        : select sa1_0.id,sa1_0.employee_id,sa1_0.end_time,sa1_0.shift_name,sa1_0.start_time,sa1_0.work_date from shift_assignments sa1_0 where sa1_0.work_date=?
Hibernate: select sa1_0.id,sa1_0.employee_id,sa1_0.end_time,sa1_0.shift_name,sa1_0.start_time,sa1_0.work_date from shift_assignments sa1_0 where sa1_0.work_date=?
2025-10-13T15:13:08.281+09:00 DEBUG 16864 --- [Shift Scheduler Demo] [           main] org.hibernate.SQL                        : select sa1_0.id,sa1_0.employee_id,sa1_0.end_time,sa1_0.shift_name,sa1_0.start_time,sa1_0.work_date from shift_assignments sa1_0 where sa1_0.work_date=?
Hibernate: select sa1_0.id,sa1_0.employee_id,sa1_0.end_time,sa1_0.shift_name,sa1_0.start_time,sa1_0.work_date from shift_assignments sa1_0 where sa1_0.work_date=?
2025-10-13T15:13:08.283+09:00 DEBUG 16864 --- [Shift Scheduler Demo] [           main] org.hibernate.SQL                        : select sa1_0.id,sa1_0.employee_id,sa1_0.end_time,sa1_0.shift_name,sa1_0.start_time,sa1_0.work_date from shift_assignments sa1_0 where sa1_0.work_date=?
Hibernate: select sa1_0.id,sa1_0.employee_id,sa1_0.end_time,sa1_0.shift_name,sa1_0.start_time,sa1_0.work_date from shift_assignments sa1_0 where sa1_0.work_date=?
2025-10-13T15:13:08.285+09:00 DEBUG 16864 --- [Shift Scheduler Demo] [           main] org.hibernate.SQL                        : select sa1_0.id,sa1_0.employee_id,sa1_0.end_time,sa1_0.shift_name,sa1_0.start_time,sa1_0.work_date from shift_assignments sa1_0 where sa1_0.work_date=?
Hibernate: select sa1_0.id,sa1_0.employee_id,sa1_0.end_time,sa1_0.shift_name,sa1_0.start_time,sa1_0.work_date from shift_assignments sa1_0 where sa1_0.work_date=?
2025-10-13T15:13:08.287+09:00 DEBUG 16864 --- [Shift Scheduler Demo] [           main] org.hibernate.SQL                        : select sa1_0.id,sa1_0.employee_id,sa1_0.end_time,sa1_0.shift_name,sa1_0.start_time,sa1_0.work_date from shift_assignments sa1_0 where sa1_0.work_date=?
Hibernate: select sa1_0.id,sa1_0.employee_id,sa1_0.end_time,sa1_0.shift_name,sa1_0.start_time,sa1_0.work_date from shift_assignments sa1_0 where sa1_0.work_date=?
2025-10-13T15:13:08.290+09:00 DEBUG 16864 --- [Shift Scheduler Demo] [           main] org.hibernate.SQL                        : select sa1_0.id,sa1_0.employee_id,sa1_0.end_time,sa1_0.shift_name,sa1_0.start_time,sa1_0.work_date from shift_assignments sa1_0 where sa1_0.work_date=?
Hibernate: select sa1_0.id,sa1_0.employee_id,sa1_0.end_time,sa1_0.shift_name,sa1_0.start_time,sa1_0.work_date from shift_assignments sa1_0 where sa1_0.work_date=?
2025-10-13T15:13:08.292+09:00 DEBUG 16864 --- [Shift Scheduler Demo] [           main] org.hibernate.SQL                        : select sa1_0.id,sa1_0.employee_id,sa1_0.end_time,sa1_0.shift_name,sa1_0.start_time,sa1_0.work_date from shift_assignments sa1_0 where sa1_0.work_date=?
Hibernate: select sa1_0.id,sa1_0.employee_id,sa1_0.end_time,sa1_0.shift_name,sa1_0.start_time,sa1_0.work_date from shift_assignments sa1_0 where sa1_0.work_date=?
2025-10-13T15:13:08.295+09:00 DEBUG 16864 --- [Shift Scheduler Demo] [           main] org.hibernate.SQL                        : select sa1_0.id,sa1_0.employee_id,sa1_0.end_time,sa1_0.shift_name,sa1_0.start_time,sa1_0.work_date from shift_assignments sa1_0 where sa1_0.work_date=?
Hibernate: select sa1_0.id,sa1_0.employee_id,sa1_0.end_time,sa1_0.shift_name,sa1_0.start_time,sa1_0.work_date from shift_assignments sa1_0 where sa1_0.work_date=?
2025-10-13T15:13:08.295+09:00  INFO 16864 --- [Shift Scheduler Demo] [           main] c.e.shiftv1.schedule.ScheduleService     : 既存のシフト割り当てを削除しました: 2024-07-01 から 2024-07-31
2025-10-13T15:13:08.297+09:00 DEBUG 16864 --- [Shift Scheduler Demo] [           main] org.hibernate.SQL                        : select sc1_0.id,sc1_0.is_active,sc1_0.created_at,sc1_0.end_time,sc1_0.name,sc1_0.required_employees,sc1_0.start_time,sc1_0.updated_at,sc1_0.is_weekend from shift_config sc1_0 where sc1_0.is_active=1
Hibernate: select sc1_0.id,sc1_0.is_active,sc1_0.created_at,sc1_0.end_time,sc1_0.name,sc1_0.required_employees,sc1_0.start_time,sc1_0.updated_at,sc1_0.is_weekend from shift_config sc1_0 where sc1_0.is_active=1
2025-10-13T15:13:08.300+09:00 DEBUG 16864 --- [Shift Scheduler Demo] [           main] org.hibernate.SQL                        : select ec1_0.id,ec1_0.is_active,ec1_0.created_at,ec1_0.date,ec1_0.employee_id,ec1_0.end_time,ec1_0.reason,ec1_0.start_time,ec1_0.type,ec1_0.updated_at from employee_constraints ec1_0 where ec1_0.date between ? and ? and ec1_0.is_active=1
Hibernate: select ec1_0.id,ec1_0.is_active,ec1_0.created_at,ec1_0.date,ec1_0.employee_id,ec1_0.end_time,ec1_0.reason,ec1_0.start_time,ec1_0.type,ec1_0.updated_at from employee_constraints ec1_0 where ec1_0.date between ? and ? and ec1_0.is_active=1
2025-10-13T15:13:08.313+09:00 DEBUG 16864 --- [Shift Scheduler Demo] [           main] org.hibernate.SQL                        : insert into shift_assignments (employee_id,end_time,shift_name,start_time,work_date) values (?,?,?,?,?)
Hibernate: insert into shift_assignments (employee_id,end_time,shift_name,start_time,work_date) values (?,?,?,?,?)
2025-10-13T15:13:08.313+09:00 DEBUG 16864 --- [Shift Scheduler Demo] [           main] org.hibernate.SQL                        : select last_insert_rowid()
Hibernate: select last_insert_rowid()
2025-10-13T15:13:08.313+09:00 DEBUG 16864 --- [Shift Scheduler Demo] [           main] org.hibernate.SQL                        : insert into shift_assignments (employee_id,end_time,shift_name,start_time,work_date) values (?,?,?,?,?)
Hibernate: insert into shift_assignments (employee_id,end_time,shift_name,start_time,work_date) values (?,?,?,?,?)
2025-10-13T15:13:08.314+09:00 DEBUG 16864 --- [Shift Scheduler Demo] [           main] org.hibernate.SQL                        : select last_insert_rowid()
Hibernate: select last_insert_rowid()
2025-10-13T15:13:08.314+09:00 DEBUG 16864 --- [Shift Scheduler Demo] [           main] org.hibernate.SQL                        : insert into shift_assignments (employee_id,end_time,shift_name,start_time,work_date) values (?,?,?,?,?)
Hibernate: insert into shift_assignments (employee_id,end_time,shift_name,start_time,work_date) values (?,?,?,?,?)
2025-10-13T15:13:08.314+09:00 DEBUG 16864 --- [Shift Scheduler Demo] [           main] org.hibernate.SQL                        : select last_insert_rowid()
Hibernate: select last_insert_rowid()
2025-10-13T15:13:08.314+09:00 DEBUG 16864 --- [Shift Scheduler Demo] [           main] org.hibernate.SQL                        : insert into shift_assignments (employee_id,end_time,shift_name,start_time,work_date) values (?,?,?,?,?)
Hibernate: insert into shift_assignments (employee_id,end_time,shift_name,start_time,work_date) values (?,?,?,?,?)
2025-10-13T15:13:08.314+09:00 DEBUG 16864 --- [Shift Scheduler Demo] [           main] org.hibernate.SQL                        : select last_insert_rowid()
Hibernate: select last_insert_rowid()
2025-10-13T15:13:08.315+09:00 DEBUG 16864 --- [Shift Scheduler Demo] [           main] org.hibernate.SQL                        : insert into shift_assignments (employee_id,end_time,shift_name,start_time,work_date) values (?,?,?,?,?)
Hibernate: insert into shift_assignments (employee_id,end_time,shift_name,start_time,work_date) values (?,?,?,?,?)
2025-10-13T15:13:08.315+09:00 DEBUG 16864 --- [Shift Scheduler Demo] [           main] org.hibernate.SQL                        : select last_insert_rowid()
Hibernate: select last_insert_rowid()
2025-10-13T15:13:08.315+09:00 DEBUG 16864 --- [Shift Scheduler Demo] [           main] org.hibernate.SQL                        : insert into shift_assignments (employee_id,end_time,shift_name,start_time,work_date) values (?,?,?,?,?)
Hibernate: insert into shift_assignments (employee_id,end_time,shift_name,start_time,work_date) values (?,?,?,?,?)
2025-10-13T15:13:08.315+09:00 DEBUG 16864 --- [Shift Scheduler Demo] [           main] org.hibernate.SQL                        : select last_insert_rowid()
Hibernate: select last_insert_rowid()
2025-10-13T15:13:08.315+09:00 DEBUG 16864 --- [Shift Scheduler Demo] [           main] org.hibernate.SQL                        : insert into shift_assignments (employee_id,end_time,shift_name,start_time,work_date) values (?,?,?,?,?)
Hibernate: insert into shift_assignments (employee_id,end_time,shift_name,start_time,work_date) values (?,?,?,?,?)
2025-10-13T15:13:08.315+09:00 DEBUG 16864 --- [Shift Scheduler Demo] [           main] org.hibernate.SQL                        : select last_insert_rowid()
Hibernate: select last_insert_rowid()
2025-10-13T15:13:08.316+09:00 DEBUG 16864 --- [Shift Scheduler Demo] [           main] org.hibernate.SQL                        : insert into shift_assignments (employee_id,end_time,shift_name,start_time,work_date) values (?,?,?,?,?)
Hibernate: insert into shift_assignments (employee_id,end_time,shift_name,start_time,work_date) values (?,?,?,?,?)
2025-10-13T15:13:08.316+09:00 DEBUG 16864 --- [Shift Scheduler Demo] [           main] org.hibernate.SQL                        : select last_insert_rowid()
Hibernate: select last_insert_rowid()
2025-10-13T15:13:08.316+09:00 DEBUG 16864 --- [Shift Scheduler Demo] [           main] org.hibernate.SQL                        : insert into shift_assignments (employee_id,end_time,shift_name,start_time,work_date) values (?,?,?,?,?)
Hibernate: insert into shift_assignments (employee_id,end_time,shift_name,start_time,work_date) values (?,?,?,?,?)
2025-10-13T15:13:08.316+09:00 DEBUG 16864 --- [Shift Scheduler Demo] [           main] org.hibernate.SQL                        : select last_insert_rowid()
Hibernate: select last_insert_rowid()
2025-10-13T15:13:08.317+09:00 DEBUG 16864 --- [Shift Scheduler Demo] [           main] org.hibernate.SQL                        : insert into shift_assignments (employee_id,end_time,shift_name,start_time,work_date) values (?,?,?,?,?)
Hibernate: insert into shift_assignments (employee_id,end_time,shift_name,start_time,work_date) values (?,?,?,?,?)
2025-10-13T15:13:08.317+09:00 DEBUG 16864 --- [Shift Scheduler Demo] [           main] org.hibernate.SQL                        : select last_insert_rowid()
Hibernate: select last_insert_rowid()
2025-10-13T15:13:08.317+09:00 DEBUG 16864 --- [Shift Scheduler Demo] [           main] org.hibernate.SQL                        : insert into shift_assignments (employee_id,end_time,shift_name,start_time,work_date) values (?,?,?,?,?)
Hibernate: insert into shift_assignments (employee_id,end_time,shift_name,start_time,work_date) values (?,?,?,?,?)
2025-10-13T15:13:08.317+09:00 DEBUG 16864 --- [Shift Scheduler Demo] [           main] org.hibernate.SQL                        : select last_insert_rowid()
Hibernate: select last_insert_rowid()
2025-10-13T15:13:08.317+09:00 DEBUG 16864 --- [Shift Scheduler Demo] [           main] org.hibernate.SQL                        : insert into shift_assignments (employee_id,end_time,shift_name,start_time,work_date) values (?,?,?,?,?)
Hibernate: insert into shift_assignments (employee_id,end_time,shift_name,start_time,work_date) values (?,?,?,?,?)
2025-10-13T15:13:08.318+09:00 DEBUG 16864 --- [Shift Scheduler Demo] [           main] org.hibernate.SQL                        : select last_insert_rowid()
Hibernate: select last_insert_rowid()
2025-10-13T15:13:08.318+09:00 DEBUG 16864 --- [Shift Scheduler Demo] [           main] org.hibernate.SQL                        : insert into shift_assignments (employee_id,end_time,shift_name,start_time,work_date) values (?,?,?,?,?)
Hibernate: insert into shift_assignments (employee_id,end_time,shift_name,start_time,work_date) values (?,?,?,?,?)
2025-10-13T15:13:08.318+09:00 DEBUG 16864 --- [Shift Scheduler Demo] [           main] org.hibernate.SQL                        : select last_insert_rowid()
Hibernate: select last_insert_rowid()
2025-10-13T15:13:08.318+09:00 DEBUG 16864 --- [Shift Scheduler Demo] [           main] org.hibernate.SQL                        : insert into shift_assignments (employee_id,end_time,shift_name,start_time,work_date) values (?,?,?,?,?)
Hibernate: insert into shift_assignments (employee_id,end_time,shift_name,start_time,work_date) values (?,?,?,?,?)
2025-10-13T15:13:08.319+09:00 DEBUG 16864 --- [Shift Scheduler Demo] [           main] org.hibernate.SQL                        : select last_insert_rowid()
Hibernate: select last_insert_rowid()
2025-10-13T15:13:08.319+09:00 DEBUG 16864 --- [Shift Scheduler Demo] [           main] org.hibernate.SQL                        : insert into shift_assignments (employee_id,end_time,shift_name,start_time,work_date) values (?,?,?,?,?)
Hibernate: insert into shift_assignments (employee_id,end_time,shift_name,start_time,work_date) values (?,?,?,?,?)
2025-10-13T15:13:08.319+09:00 DEBUG 16864 --- [Shift Scheduler Demo] [           main] org.hibernate.SQL                        : select last_insert_rowid()
Hibernate: select last_insert_rowid()
2025-10-13T15:13:08.319+09:00 DEBUG 16864 --- [Shift Scheduler Demo] [           main] org.hibernate.SQL                        : insert into shift_assignments (employee_id,end_time,shift_name,start_time,work_date) values (?,?,?,?,?)
Hibernate: insert into shift_assignments (employee_id,end_time,shift_name,start_time,work_date) values (?,?,?,?,?)
2025-10-13T15:13:08.319+09:00 DEBUG 16864 --- [Shift Scheduler Demo] [           main] org.hibernate.SQL                        : select last_insert_rowid()
Hibernate: select last_insert_rowid()
2025-10-13T15:13:08.320+09:00 DEBUG 16864 --- [Shift Scheduler Demo] [           main] org.hibernate.SQL                        : insert into shift_assignments (employee_id,end_time,shift_name,start_time,work_date) values (?,?,?,?,?)
Hibernate: insert into shift_assignments (employee_id,end_time,shift_name,start_time,work_date) values (?,?,?,?,?)
2025-10-13T15:13:08.320+09:00 DEBUG 16864 --- [Shift Scheduler Demo] [           main] org.hibernate.SQL                        : select last_insert_rowid()
Hibernate: select last_insert_rowid()
2025-10-13T15:13:08.320+09:00 DEBUG 16864 --- [Shift Scheduler Demo] [           main] org.hibernate.SQL                        : insert into shift_assignments (employee_id,end_time,shift_name,start_time,work_date) values (?,?,?,?,?)
Hibernate: insert into shift_assignments (employee_id,end_time,shift_name,start_time,work_date) values (?,?,?,?,?)
2025-10-13T15:13:08.321+09:00 DEBUG 16864 --- [Shift Scheduler Demo] [           main] org.hibernate.SQL                        : select last_insert_rowid()
Hibernate: select last_insert_rowid()
2025-10-13T15:13:08.322+09:00 DEBUG 16864 --- [Shift Scheduler Demo] [           main] org.hibernate.SQL                        : insert into shift_assignments (employee_id,end_time,shift_name,start_time,work_date) values (?,?,?,?,?)
Hibernate: insert into shift_assignments (employee_id,end_time,shift_name,start_time,work_date) values (?,?,?,?,?)
2025-10-13T15:13:08.323+09:00 DEBUG 16864 --- [Shift Scheduler Demo] [           main] org.hibernate.SQL                        : select last_insert_rowid()
Hibernate: select last_insert_rowid()
2025-10-13T15:13:08.323+09:00 DEBUG 16864 --- [Shift Scheduler Demo] [           main] org.hibernate.SQL                        : insert into shift_assignments (employee_id,end_time,shift_name,start_time,work_date) values (?,?,?,?,?)
Hibernate: insert into shift_assignments (employee_id,end_time,shift_name,start_time,work_date) values (?,?,?,?,?)
2025-10-13T15:13:08.323+09:00 DEBUG 16864 --- [Shift Scheduler Demo] [           main] org.hibernate.SQL                        : select last_insert_rowid()
Hibernate: select last_insert_rowid()
2025-10-13T15:13:08.323+09:00 DEBUG 16864 --- [Shift Scheduler Demo] [           main] org.hibernate.SQL                        : insert into shift_assignments (employee_id,end_time,shift_name,start_time,work_date) values (?,?,?,?,?)
Hibernate: insert into shift_assignments (employee_id,end_time,shift_name,start_time,work_date) values (?,?,?,?,?)
2025-10-13T15:13:08.323+09:00 DEBUG 16864 --- [Shift Scheduler Demo] [           main] org.hibernate.SQL                        : select last_insert_rowid()
Hibernate: select last_insert_rowid()
2025-10-13T15:13:08.323+09:00 DEBUG 16864 --- [Shift Scheduler Demo] [           main] org.hibernate.SQL                        : insert into shift_assignments (employee_id,end_time,shift_name,start_time,work_date) values (?,?,?,?,?)
Hibernate: insert into shift_assignments (employee_id,end_time,shift_name,start_time,work_date) values (?,?,?,?,?)
2025-10-13T15:13:08.323+09:00 DEBUG 16864 --- [Shift Scheduler Demo] [           main] org.hibernate.SQL                        : select last_insert_rowid()
Hibernate: select last_insert_rowid()
2025-10-13T15:13:08.323+09:00 DEBUG 16864 --- [Shift Scheduler Demo] [           main] org.hibernate.SQL                        : insert into shift_assignments (employee_id,end_time,shift_name,start_time,work_date) values (?,?,?,?,?)
Hibernate: insert into shift_assignments (employee_id,end_time,shift_name,start_time,work_date) values (?,?,?,?,?)
2025-10-13T15:13:08.323+09:00 DEBUG 16864 --- [Shift Scheduler Demo] [           main] org.hibernate.SQL                        : select last_insert_rowid()
Hibernate: select last_insert_rowid()
2025-10-13T15:13:08.323+09:00 DEBUG 16864 --- [Shift Scheduler Demo] [           main] org.hibernate.SQL                        : insert into shift_assignments (employee_id,end_time,shift_name,start_time,work_date) values (?,?,?,?,?)
Hibernate: insert into shift_assignments (employee_id,end_time,shift_name,start_time,work_date) values (?,?,?,?,?)
2025-10-13T15:13:08.323+09:00 DEBUG 16864 --- [Shift Scheduler Demo] [           main] org.hibernate.SQL                        : select last_insert_rowid()
Hibernate: select last_insert_rowid()
2025-10-13T15:13:08.327+09:00 DEBUG 16864 --- [Shift Scheduler Demo] [           main] org.hibernate.SQL                        : insert into shift_assignments (employee_id,end_time,shift_name,start_time,work_date) values (?,?,?,?,?)
Hibernate: insert into shift_assignments (employee_id,end_time,shift_name,start_time,work_date) values (?,?,?,?,?)
2025-10-13T15:13:08.327+09:00 DEBUG 16864 --- [Shift Scheduler Demo] [           main] org.hibernate.SQL                        : select last_insert_rowid()
Hibernate: select last_insert_rowid()
2025-10-13T15:13:08.327+09:00 DEBUG 16864 --- [Shift Scheduler Demo] [           main] org.hibernate.SQL                        : insert into shift_assignments (employee_id,end_time,shift_name,start_time,work_date) values (?,?,?,?,?)
Hibernate: insert into shift_assignments (employee_id,end_time,shift_name,start_time,work_date) values (?,?,?,?,?)
2025-10-13T15:13:08.328+09:00 DEBUG 16864 --- [Shift Scheduler Demo] [           main] org.hibernate.SQL                        : select last_insert_rowid()
Hibernate: select last_insert_rowid()
2025-10-13T15:13:08.328+09:00 DEBUG 16864 --- [Shift Scheduler Demo] [           main] org.hibernate.SQL                        : insert into shift_assignments (employee_id,end_time,shift_name,start_time,work_date) values (?,?,?,?,?)
Hibernate: insert into shift_assignments (employee_id,end_time,shift_name,start_time,work_date) values (?,?,?,?,?)
2025-10-13T15:13:08.328+09:00 DEBUG 16864 --- [Shift Scheduler Demo] [           main] org.hibernate.SQL                        : select last_insert_rowid()
Hibernate: select last_insert_rowid()
2025-10-13T15:13:08.329+09:00 DEBUG 16864 --- [Shift Scheduler Demo] [           main] org.hibernate.SQL                        : insert into shift_assignments (employee_id,end_time,shift_name,start_time,work_date) values (?,?,?,?,?)
Hibernate: insert into shift_assignments (employee_id,end_time,shift_name,start_time,work_date) values (?,?,?,?,?)
2025-10-13T15:13:08.329+09:00 DEBUG 16864 --- [Shift Scheduler Demo] [           main] org.hibernate.SQL                        : select last_insert_rowid()
Hibernate: select last_insert_rowid()
2025-10-13T15:13:08.329+09:00 DEBUG 16864 --- [Shift Scheduler Demo] [           main] org.hibernate.SQL                        : insert into shift_assignments (employee_id,end_time,shift_name,start_time,work_date) values (?,?,?,?,?)
Hibernate: insert into shift_assignments (employee_id,end_time,shift_name,start_time,work_date) values (?,?,?,?,?)
2025-10-13T15:13:08.329+09:00 DEBUG 16864 --- [Shift Scheduler Demo] [           main] org.hibernate.SQL                        : select last_insert_rowid()
Hibernate: select last_insert_rowid()
2025-10-13T15:13:08.330+09:00 DEBUG 16864 --- [Shift Scheduler Demo] [           main] org.hibernate.SQL                        : insert into shift_assignments (employee_id,end_time,shift_name,start_time,work_date) values (?,?,?,?,?)
Hibernate: insert into shift_assignments (employee_id,end_time,shift_name,start_time,work_date) values (?,?,?,?,?)
2025-10-13T15:13:08.330+09:00 DEBUG 16864 --- [Shift Scheduler Demo] [           main] org.hibernate.SQL                        : select last_insert_rowid()
Hibernate: select last_insert_rowid()
2025-10-13T15:13:08.330+09:00 DEBUG 16864 --- [Shift Scheduler Demo] [           main] org.hibernate.SQL                        : insert into shift_assignments (employee_id,end_time,shift_name,start_time,work_date) values (?,?,?,?,?)
Hibernate: insert into shift_assignments (employee_id,end_time,shift_name,start_time,work_date) values (?,?,?,?,?)
2025-10-13T15:13:08.331+09:00 DEBUG 16864 --- [Shift Scheduler Demo] [           main] org.hibernate.SQL                        : select last_insert_rowid()
Hibernate: select last_insert_rowid()
2025-10-13T15:13:08.331+09:00 DEBUG 16864 --- [Shift Scheduler Demo] [           main] org.hibernate.SQL                        : insert into shift_assignments (employee_id,end_time,shift_name,start_time,work_date) values (?,?,?,?,?)
Hibernate: insert into shift_assignments (employee_id,end_time,shift_name,start_time,work_date) values (?,?,?,?,?)
2025-10-13T15:13:08.331+09:00 DEBUG 16864 --- [Shift Scheduler Demo] [           main] org.hibernate.SQL                        : select last_insert_rowid()
Hibernate: select last_insert_rowid()
2025-10-13T15:13:08.331+09:00 DEBUG 16864 --- [Shift Scheduler Demo] [           main] org.hibernate.SQL                        : insert into shift_assignments (employee_id,end_time,shift_name,start_time,work_date) values (?,?,?,?,?)
Hibernate: insert into shift_assignments (employee_id,end_time,shift_name,start_time,work_date) values (?,?,?,?,?)
2025-10-13T15:13:08.332+09:00 DEBUG 16864 --- [Shift Scheduler Demo] [           main] org.hibernate.SQL                        : select last_insert_rowid()
Hibernate: select last_insert_rowid()
2025-10-13T15:13:08.332+09:00 DEBUG 16864 --- [Shift Scheduler Demo] [           main] org.hibernate.SQL                        : insert into shift_assignments (employee_id,end_time,shift_name,start_time,work_date) values (?,?,?,?,?)
Hibernate: insert into shift_assignments (employee_id,end_time,shift_name,start_time,work_date) values (?,?,?,?,?)
2025-10-13T15:13:08.332+09:00 DEBUG 16864 --- [Shift Scheduler Demo] [           main] org.hibernate.SQL                        : select last_insert_rowid()
Hibernate: select last_insert_rowid()
2025-10-13T15:13:08.332+09:00 DEBUG 16864 --- [Shift Scheduler Demo] [           main] org.hibernate.SQL                        : insert into shift_assignments (employee_id,end_time,shift_name,start_time,work_date) values (?,?,?,?,?)
Hibernate: insert into shift_assignments (employee_id,end_time,shift_name,start_time,work_date) values (?,?,?,?,?)
2025-10-13T15:13:08.333+09:00 DEBUG 16864 --- [Shift Scheduler Demo] [           main] org.hibernate.SQL                        : select last_insert_rowid()
Hibernate: select last_insert_rowid()
2025-10-13T15:13:08.333+09:00 DEBUG 16864 --- [Shift Scheduler Demo] [           main] org.hibernate.SQL                        : insert into shift_assignments (employee_id,end_time,shift_name,start_time,work_date) values (?,?,?,?,?)
Hibernate: insert into shift_assignments (employee_id,end_time,shift_name,start_time,work_date) values (?,?,?,?,?)
2025-10-13T15:13:08.333+09:00 DEBUG 16864 --- [Shift Scheduler Demo] [           main] org.hibernate.SQL                        : select last_insert_rowid()
Hibernate: select last_insert_rowid()
2025-10-13T15:13:08.333+09:00 DEBUG 16864 --- [Shift Scheduler Demo] [           main] org.hibernate.SQL                        : insert into shift_assignments (employee_id,end_time,shift_name,start_time,work_date) values (?,?,?,?,?)
Hibernate: insert into shift_assignments (employee_id,end_time,shift_name,start_time,work_date) values (?,?,?,?,?)
2025-10-13T15:13:08.334+09:00 DEBUG 16864 --- [Shift Scheduler Demo] [           main] org.hibernate.SQL                        : select last_insert_rowid()
Hibernate: select last_insert_rowid()
2025-10-13T15:13:08.334+09:00 DEBUG 16864 --- [Shift Scheduler Demo] [           main] org.hibernate.SQL                        : insert into shift_assignments (employee_id,end_time,shift_name,start_time,work_date) values (?,?,?,?,?)
Hibernate: insert into shift_assignments (employee_id,end_time,shift_name,start_time,work_date) values (?,?,?,?,?)
2025-10-13T15:13:08.334+09:00 DEBUG 16864 --- [Shift Scheduler Demo] [           main] org.hibernate.SQL                        : select last_insert_rowid()
Hibernate: select last_insert_rowid()
2025-10-13T15:13:08.335+09:00 DEBUG 16864 --- [Shift Scheduler Demo] [           main] org.hibernate.SQL                        : insert into shift_assignments (employee_id,end_time,shift_name,start_time,work_date) values (?,?,?,?,?)
Hibernate: insert into shift_assignments (employee_id,end_time,shift_name,start_time,work_date) values (?,?,?,?,?)
2025-10-13T15:13:08.335+09:00 DEBUG 16864 --- [Shift Scheduler Demo] [           main] org.hibernate.SQL                        : select last_insert_rowid()
Hibernate: select last_insert_rowid()
2025-10-13T15:13:08.335+09:00 DEBUG 16864 --- [Shift Scheduler Demo] [           main] org.hibernate.SQL                        : insert into shift_assignments (employee_id,end_time,shift_name,start_time,work_date) values (?,?,?,?,?)
Hibernate: insert into shift_assignments (employee_id,end_time,shift_name,start_time,work_date) values (?,?,?,?,?)
2025-10-13T15:13:08.335+09:00 DEBUG 16864 --- [Shift Scheduler Demo] [           main] org.hibernate.SQL                        : select last_insert_rowid()
Hibernate: select last_insert_rowid()
2025-10-13T15:13:08.336+09:00 DEBUG 16864 --- [Shift Scheduler Demo] [           main] org.hibernate.SQL                        : insert into shift_assignments (employee_id,end_time,shift_name,start_time,work_date) values (?,?,?,?,?)
Hibernate: insert into shift_assignments (employee_id,end_time,shift_name,start_time,work_date) values (?,?,?,?,?)
2025-10-13T15:13:08.336+09:00 DEBUG 16864 --- [Shift Scheduler Demo] [           main] org.hibernate.SQL                        : select last_insert_rowid()
Hibernate: select last_insert_rowid()
2025-10-13T15:13:08.336+09:00 DEBUG 16864 --- [Shift Scheduler Demo] [           main] org.hibernate.SQL                        : insert into shift_assignments (employee_id,end_time,shift_name,start_time,work_date) values (?,?,?,?,?)
Hibernate: insert into shift_assignments (employee_id,end_time,shift_name,start_time,work_date) values (?,?,?,?,?)
2025-10-13T15:13:08.336+09:00 DEBUG 16864 --- [Shift Scheduler Demo] [           main] org.hibernate.SQL                        : select last_insert_rowid()
Hibernate: select last_insert_rowid()
2025-10-13T15:13:08.337+09:00 DEBUG 16864 --- [Shift Scheduler Demo] [           main] org.hibernate.SQL                        : insert into shift_assignments (employee_id,end_time,shift_name,start_time,work_date) values (?,?,?,?,?)
Hibernate: insert into shift_assignments (employee_id,end_time,shift_name,start_time,work_date) values (?,?,?,?,?)
2025-10-13T15:13:08.337+09:00 DEBUG 16864 --- [Shift Scheduler Demo] [           main] org.hibernate.SQL                        : select last_insert_rowid()
Hibernate: select last_insert_rowid()
2025-10-13T15:13:08.338+09:00 DEBUG 16864 --- [Shift Scheduler Demo] [           main] org.hibernate.SQL                        : insert into shift_assignments (employee_id,end_time,shift_name,start_time,work_date) values (?,?,?,?,?)
Hibernate: insert into shift_assignments (employee_id,end_time,shift_name,start_time,work_date) values (?,?,?,?,?)
2025-10-13T15:13:08.338+09:00 DEBUG 16864 --- [Shift Scheduler Demo] [           main] org.hibernate.SQL                        : select last_insert_rowid()
Hibernate: select last_insert_rowid()
2025-10-13T15:13:08.338+09:00 DEBUG 16864 --- [Shift Scheduler Demo] [           main] org.hibernate.SQL                        : insert into shift_assignments (employee_id,end_time,shift_name,start_time,work_date) values (?,?,?,?,?)
Hibernate: insert into shift_assignments (employee_id,end_time,shift_name,start_time,work_date) values (?,?,?,?,?)
2025-10-13T15:13:08.338+09:00 DEBUG 16864 --- [Shift Scheduler Demo] [           main] org.hibernate.SQL                        : select last_insert_rowid()
Hibernate: select last_insert_rowid()
2025-10-13T15:13:08.338+09:00 DEBUG 16864 --- [Shift Scheduler Demo] [           main] org.hibernate.SQL                        : insert into shift_assignments (employee_id,end_time,shift_name,start_time,work_date) values (?,?,?,?,?)
Hibernate: insert into shift_assignments (employee_id,end_time,shift_name,start_time,work_date) values (?,?,?,?,?)
2025-10-13T15:13:08.338+09:00 DEBUG 16864 --- [Shift Scheduler Demo] [           main] org.hibernate.SQL                        : select last_insert_rowid()
Hibernate: select last_insert_rowid()
2025-10-13T15:13:08.342+09:00 DEBUG 16864 --- [Shift Scheduler Demo] [           main] org.hibernate.SQL                        : insert into shift_assignments (employee_id,end_time,shift_name,start_time,work_date) values (?,?,?,?,?)
Hibernate: insert into shift_assignments (employee_id,end_time,shift_name,start_time,work_date) values (?,?,?,?,?)
2025-10-13T15:13:08.342+09:00 DEBUG 16864 --- [Shift Scheduler Demo] [           main] org.hibernate.SQL                        : select last_insert_rowid()
Hibernate: select last_insert_rowid()
2025-10-13T15:13:08.342+09:00 DEBUG 16864 --- [Shift Scheduler Demo] [           main] org.hibernate.SQL                        : insert into shift_assignments (employee_id,end_time,shift_name,start_time,work_date) values (?,?,?,?,?)
Hibernate: insert into shift_assignments (employee_id,end_time,shift_name,start_time,work_date) values (?,?,?,?,?)
2025-10-13T15:13:08.342+09:00 DEBUG 16864 --- [Shift Scheduler Demo] [           main] org.hibernate.SQL                        : select last_insert_rowid()
Hibernate: select last_insert_rowid()
2025-10-13T15:13:08.343+09:00 DEBUG 16864 --- [Shift Scheduler Demo] [           main] org.hibernate.SQL                        : insert into shift_assignments (employee_id,end_time,shift_name,start_time,work_date) values (?,?,?,?,?)
Hibernate: insert into shift_assignments (employee_id,end_time,shift_name,start_time,work_date) values (?,?,?,?,?)
2025-10-13T15:13:08.343+09:00 DEBUG 16864 --- [Shift Scheduler Demo] [           main] org.hibernate.SQL                        : select last_insert_rowid()
Hibernate: select last_insert_rowid()
2025-10-13T15:13:08.343+09:00 DEBUG 16864 --- [Shift Scheduler Demo] [           main] org.hibernate.SQL                        : insert into shift_assignments (employee_id,end_time,shift_name,start_time,work_date) values (?,?,?,?,?)
Hibernate: insert into shift_assignments (employee_id,end_time,shift_name,start_time,work_date) values (?,?,?,?,?)
2025-10-13T15:13:08.343+09:00 DEBUG 16864 --- [Shift Scheduler Demo] [           main] org.hibernate.SQL                        : select last_insert_rowid()
Hibernate: select last_insert_rowid()
2025-10-13T15:13:08.343+09:00 DEBUG 16864 --- [Shift Scheduler Demo] [           main] org.hibernate.SQL                        : insert into shift_assignments (employee_id,end_time,shift_name,start_time,work_date) values (?,?,?,?,?)
Hibernate: insert into shift_assignments (employee_id,end_time,shift_name,start_time,work_date) values (?,?,?,?,?)
2025-10-13T15:13:08.344+09:00 DEBUG 16864 --- [Shift Scheduler Demo] [           main] org.hibernate.SQL                        : select last_insert_rowid()
Hibernate: select last_insert_rowid()
2025-10-13T15:13:08.344+09:00 DEBUG 16864 --- [Shift Scheduler Demo] [           main] org.hibernate.SQL                        : insert into shift_assignments (employee_id,end_time,shift_name,start_time,work_date) values (?,?,?,?,?)
Hibernate: insert into shift_assignments (employee_id,end_time,shift_name,start_time,work_date) values (?,?,?,?,?)
2025-10-13T15:13:08.344+09:00 DEBUG 16864 --- [Shift Scheduler Demo] [           main] org.hibernate.SQL                        : select last_insert_rowid()
Hibernate: select last_insert_rowid()
2025-10-13T15:13:08.344+09:00 DEBUG 16864 --- [Shift Scheduler Demo] [           main] org.hibernate.SQL                        : insert into shift_assignments (employee_id,end_time,shift_name,start_time,work_date) values (?,?,?,?,?)
Hibernate: insert into shift_assignments (employee_id,end_time,shift_name,start_time,work_date) values (?,?,?,?,?)
2025-10-13T15:13:08.344+09:00 DEBUG 16864 --- [Shift Scheduler Demo] [           main] org.hibernate.SQL                        : select last_insert_rowid()
Hibernate: select last_insert_rowid()
2025-10-13T15:13:08.344+09:00 DEBUG 16864 --- [Shift Scheduler Demo] [           main] org.hibernate.SQL                        : insert into shift_assignments (employee_id,end_time,shift_name,start_time,work_date) values (?,?,?,?,?)
Hibernate: insert into shift_assignments (employee_id,end_time,shift_name,start_time,work_date) values (?,?,?,?,?)
2025-10-13T15:13:08.345+09:00 DEBUG 16864 --- [Shift Scheduler Demo] [           main] org.hibernate.SQL                        : select last_insert_rowid()
Hibernate: select last_insert_rowid()
2025-10-13T15:13:08.345+09:00 DEBUG 16864 --- [Shift Scheduler Demo] [           main] org.hibernate.SQL                        : insert into shift_assignments (employee_id,end_time,shift_name,start_time,work_date) values (?,?,?,?,?)
Hibernate: insert into shift_assignments (employee_id,end_time,shift_name,start_time,work_date) values (?,?,?,?,?)
2025-10-13T15:13:08.345+09:00 DEBUG 16864 --- [Shift Scheduler Demo] [           main] org.hibernate.SQL                        : select last_insert_rowid()
Hibernate: select last_insert_rowid()
2025-10-13T15:13:08.345+09:00 DEBUG 16864 --- [Shift Scheduler Demo] [           main] org.hibernate.SQL                        : insert into shift_assignments (employee_id,end_time,shift_name,start_time,work_date) values (?,?,?,?,?)
Hibernate: insert into shift_assignments (employee_id,end_time,shift_name,start_time,work_date) values (?,?,?,?,?)
2025-10-13T15:13:08.345+09:00 DEBUG 16864 --- [Shift Scheduler Demo] [           main] org.hibernate.SQL                        : select last_insert_rowid()
Hibernate: select last_insert_rowid()
2025-10-13T15:13:08.345+09:00 DEBUG 16864 --- [Shift Scheduler Demo] [           main] org.hibernate.SQL                        : insert into shift_assignments (employee_id,end_time,shift_name,start_time,work_date) values (?,?,?,?,?)
Hibernate: insert into shift_assignments (employee_id,end_time,shift_name,start_time,work_date) values (?,?,?,?,?)
2025-10-13T15:13:08.346+09:00 DEBUG 16864 --- [Shift Scheduler Demo] [           main] org.hibernate.SQL                        : select last_insert_rowid()
Hibernate: select last_insert_rowid()
2025-10-13T15:13:08.346+09:00 DEBUG 16864 --- [Shift Scheduler Demo] [           main] org.hibernate.SQL                        : insert into shift_assignments (employee_id,end_time,shift_name,start_time,work_date) values (?,?,?,?,?)
Hibernate: insert into shift_assignments (employee_id,end_time,shift_name,start_time,work_date) values (?,?,?,?,?)
2025-10-13T15:13:08.346+09:00 DEBUG 16864 --- [Shift Scheduler Demo] [           main] org.hibernate.SQL                        : select last_insert_rowid()
Hibernate: select last_insert_rowid()
2025-10-13T15:13:08.346+09:00 DEBUG 16864 --- [Shift Scheduler Demo] [           main] org.hibernate.SQL                        : insert into shift_assignments (employee_id,end_time,shift_name,start_time,work_date) values (?,?,?,?,?)
Hibernate: insert into shift_assignments (employee_id,end_time,shift_name,start_time,work_date) values (?,?,?,?,?)
2025-10-13T15:13:08.346+09:00 DEBUG 16864 --- [Shift Scheduler Demo] [           main] org.hibernate.SQL                        : select last_insert_rowid()
Hibernate: select last_insert_rowid()
2025-10-13T15:13:08.346+09:00 DEBUG 16864 --- [Shift Scheduler Demo] [           main] org.hibernate.SQL                        : insert into shift_assignments (employee_id,end_time,shift_name,start_time,work_date) values (?,?,?,?,?)
Hibernate: insert into shift_assignments (employee_id,end_time,shift_name,start_time,work_date) values (?,?,?,?,?)
2025-10-13T15:13:08.346+09:00 DEBUG 16864 --- [Shift Scheduler Demo] [           main] org.hibernate.SQL                        : select last_insert_rowid()
Hibernate: select last_insert_rowid()
2025-10-13T15:13:08.347+09:00 DEBUG 16864 --- [Shift Scheduler Demo] [           main] org.hibernate.SQL                        : insert into shift_assignments (employee_id,end_time,shift_name,start_time,work_date) values (?,?,?,?,?)
Hibernate: insert into shift_assignments (employee_id,end_time,shift_name,start_time,work_date) values (?,?,?,?,?)
2025-10-13T15:13:08.347+09:00 DEBUG 16864 --- [Shift Scheduler Demo] [           main] org.hibernate.SQL                        : select last_insert_rowid()
Hibernate: select last_insert_rowid()
2025-10-13T15:13:08.347+09:00 DEBUG 16864 --- [Shift Scheduler Demo] [           main] org.hibernate.SQL                        : insert into shift_assignments (employee_id,end_time,shift_name,start_time,work_date) values (?,?,?,?,?)
Hibernate: insert into shift_assignments (employee_id,end_time,shift_name,start_time,work_date) values (?,?,?,?,?)
2025-10-13T15:13:08.347+09:00 DEBUG 16864 --- [Shift Scheduler Demo] [           main] org.hibernate.SQL                        : select last_insert_rowid()
Hibernate: select last_insert_rowid()
2025-10-13T15:13:08.347+09:00 DEBUG 16864 --- [Shift Scheduler Demo] [           main] org.hibernate.SQL                        : insert into shift_assignments (employee_id,end_time,shift_name,start_time,work_date) values (?,?,?,?,?)
Hibernate: insert into shift_assignments (employee_id,end_time,shift_name,start_time,work_date) values (?,?,?,?,?)
2025-10-13T15:13:08.347+09:00 DEBUG 16864 --- [Shift Scheduler Demo] [           main] org.hibernate.SQL                        : select last_insert_rowid()
Hibernate: select last_insert_rowid()
2025-10-13T15:13:08.348+09:00 DEBUG 16864 --- [Shift Scheduler Demo] [           main] org.hibernate.SQL                        : insert into shift_assignments (employee_id,end_time,shift_name,start_time,work_date) values (?,?,?,?,?)
Hibernate: insert into shift_assignments (employee_id,end_time,shift_name,start_time,work_date) values (?,?,?,?,?)
2025-10-13T15:13:08.348+09:00 DEBUG 16864 --- [Shift Scheduler Demo] [           main] org.hibernate.SQL                        : select last_insert_rowid()
Hibernate: select last_insert_rowid()
2025-10-13T15:13:08.348+09:00 DEBUG 16864 --- [Shift Scheduler Demo] [           main] org.hibernate.SQL                        : insert into shift_assignments (employee_id,end_time,shift_name,start_time,work_date) values (?,?,?,?,?)
Hibernate: insert into shift_assignments (employee_id,end_time,shift_name,start_time,work_date) values (?,?,?,?,?)
2025-10-13T15:13:08.348+09:00 DEBUG 16864 --- [Shift Scheduler Demo] [           main] org.hibernate.SQL                        : select last_insert_rowid()
Hibernate: select last_insert_rowid()
2025-10-13T15:13:08.348+09:00 DEBUG 16864 --- [Shift Scheduler Demo] [           main] org.hibernate.SQL                        : insert into shift_assignments (employee_id,end_time,shift_name,start_time,work_date) values (?,?,?,?,?)
Hibernate: insert into shift_assignments (employee_id,end_time,shift_name,start_time,work_date) values (?,?,?,?,?)
2025-10-13T15:13:08.348+09:00 DEBUG 16864 --- [Shift Scheduler Demo] [           main] org.hibernate.SQL                        : select last_insert_rowid()
Hibernate: select last_insert_rowid()
2025-10-13T15:13:08.349+09:00 DEBUG 16864 --- [Shift Scheduler Demo] [           main] org.hibernate.SQL                        : insert into shift_assignments (employee_id,end_time,shift_name,start_time,work_date) values (?,?,?,?,?)
Hibernate: insert into shift_assignments (employee_id,end_time,shift_name,start_time,work_date) values (?,?,?,?,?)
2025-10-13T15:13:08.350+09:00 DEBUG 16864 --- [Shift Scheduler Demo] [           main] org.hibernate.SQL                        : select last_insert_rowid()
Hibernate: select last_insert_rowid()
2025-10-13T15:13:08.350+09:00 DEBUG 16864 --- [Shift Scheduler Demo] [           main] org.hibernate.SQL                        : insert into shift_assignments (employee_id,end_time,shift_name,start_time,work_date) values (?,?,?,?,?)
Hibernate: insert into shift_assignments (employee_id,end_time,shift_name,start_time,work_date) values (?,?,?,?,?)
2025-10-13T15:13:08.351+09:00 DEBUG 16864 --- [Shift Scheduler Demo] [           main] org.hibernate.SQL                        : select last_insert_rowid()
Hibernate: select last_insert_rowid()
2025-10-13T15:13:08.351+09:00 DEBUG 16864 --- [Shift Scheduler Demo] [           main] org.hibernate.SQL                        : insert into shift_assignments (employee_id,end_time,shift_name,start_time,work_date) values (?,?,?,?,?)
Hibernate: insert into shift_assignments (employee_id,end_time,shift_name,start_time,work_date) values (?,?,?,?,?)
2025-10-13T15:13:08.351+09:00 DEBUG 16864 --- [Shift Scheduler Demo] [           main] org.hibernate.SQL                        : select last_insert_rowid()
Hibernate: select last_insert_rowid()
2025-10-13T15:13:08.352+09:00 DEBUG 16864 --- [Shift Scheduler Demo] [           main] org.hibernate.SQL                        : insert into shift_assignments (employee_id,end_time,shift_name,start_time,work_date) values (?,?,?,?,?)
Hibernate: insert into shift_assignments (employee_id,end_time,shift_name,start_time,work_date) values (?,?,?,?,?)
2025-10-13T15:13:08.352+09:00 DEBUG 16864 --- [Shift Scheduler Demo] [           main] org.hibernate.SQL                        : select last_insert_rowid()
Hibernate: select last_insert_rowid()
2025-10-13T15:13:08.352+09:00 DEBUG 16864 --- [Shift Scheduler Demo] [           main] org.hibernate.SQL                        : insert into shift_assignments (employee_id,end_time,shift_name,start_time,work_date) values (?,?,?,?,?)
Hibernate: insert into shift_assignments (employee_id,end_time,shift_name,start_time,work_date) values (?,?,?,?,?)
2025-10-13T15:13:08.353+09:00 DEBUG 16864 --- [Shift Scheduler Demo] [           main] org.hibernate.SQL                        : select last_insert_rowid()
Hibernate: select last_insert_rowid()
2025-10-13T15:13:08.353+09:00 DEBUG 16864 --- [Shift Scheduler Demo] [           main] org.hibernate.SQL                        : insert into shift_assignments (employee_id,end_time,shift_name,start_time,work_date) values (?,?,?,?,?)
Hibernate: insert into shift_assignments (employee_id,end_time,shift_name,start_time,work_date) values (?,?,?,?,?)
2025-10-13T15:13:08.353+09:00 DEBUG 16864 --- [Shift Scheduler Demo] [           main] org.hibernate.SQL                        : select last_insert_rowid()
Hibernate: select last_insert_rowid()
2025-10-13T15:13:08.353+09:00 DEBUG 16864 --- [Shift Scheduler Demo] [           main] org.hibernate.SQL                        : insert into shift_assignments (employee_id,end_time,shift_name,start_time,work_date) values (?,?,?,?,?)
Hibernate: insert into shift_assignments (employee_id,end_time,shift_name,start_time,work_date) values (?,?,?,?,?)
2025-10-13T15:13:08.354+09:00 DEBUG 16864 --- [Shift Scheduler Demo] [           main] org.hibernate.SQL                        : select last_insert_rowid()
Hibernate: select last_insert_rowid()
2025-10-13T15:13:08.355+09:00 DEBUG 16864 --- [Shift Scheduler Demo] [           main] org.hibernate.SQL                        : insert into shift_assignments (employee_id,end_time,shift_name,start_time,work_date) values (?,?,?,?,?)
Hibernate: insert into shift_assignments (employee_id,end_time,shift_name,start_time,work_date) values (?,?,?,?,?)
2025-10-13T15:13:08.355+09:00 DEBUG 16864 --- [Shift Scheduler Demo] [           main] org.hibernate.SQL                        : select last_insert_rowid()
Hibernate: select last_insert_rowid()
2025-10-13T15:13:08.355+09:00 DEBUG 16864 --- [Shift Scheduler Demo] [           main] org.hibernate.SQL                        : insert into shift_assignments (employee_id,end_time,shift_name,start_time,work_date) values (?,?,?,?,?)
Hibernate: insert into shift_assignments (employee_id,end_time,shift_name,start_time,work_date) values (?,?,?,?,?)
2025-10-13T15:13:08.355+09:00 DEBUG 16864 --- [Shift Scheduler Demo] [           main] org.hibernate.SQL                        : select last_insert_rowid()
Hibernate: select last_insert_rowid()
2025-10-13T15:13:08.355+09:00 DEBUG 16864 --- [Shift Scheduler Demo] [           main] org.hibernate.SQL                        : insert into shift_assignments (employee_id,end_time,shift_name,start_time,work_date) values (?,?,?,?,?)
Hibernate: insert into shift_assignments (employee_id,end_time,shift_name,start_time,work_date) values (?,?,?,?,?)
2025-10-13T15:13:08.355+09:00 DEBUG 16864 --- [Shift Scheduler Demo] [           main] org.hibernate.SQL                        : select last_insert_rowid()
Hibernate: select last_insert_rowid()
2025-10-13T15:13:08.355+09:00 DEBUG 16864 --- [Shift Scheduler Demo] [           main] org.hibernate.SQL                        : insert into shift_assignments (employee_id,end_time,shift_name,start_time,work_date) values (?,?,?,?,?)
Hibernate: insert into shift_assignments (employee_id,end_time,shift_name,start_time,work_date) values (?,?,?,?,?)
2025-10-13T15:13:08.358+09:00 DEBUG 16864 --- [Shift Scheduler Demo] [           main] org.hibernate.SQL                        : select last_insert_rowid()
Hibernate: select last_insert_rowid()
2025-10-13T15:13:08.358+09:00 DEBUG 16864 --- [Shift Scheduler Demo] [           main] org.hibernate.SQL                        : insert into shift_assignments (employee_id,end_time,shift_name,start_time,work_date) values (?,?,?,?,?)
Hibernate: insert into shift_assignments (employee_id,end_time,shift_name,start_time,work_date) values (?,?,?,?,?)
2025-10-13T15:13:08.358+09:00 DEBUG 16864 --- [Shift Scheduler Demo] [           main] org.hibernate.SQL                        : select last_insert_rowid()
Hibernate: select last_insert_rowid()
2025-10-13T15:13:08.359+09:00 DEBUG 16864 --- [Shift Scheduler Demo] [           main] org.hibernate.SQL                        : insert into shift_assignments (employee_id,end_time,shift_name,start_time,work_date) values (?,?,?,?,?)
Hibernate: insert into shift_assignments (employee_id,end_time,shift_name,start_time,work_date) values (?,?,?,?,?)
2025-10-13T15:13:08.359+09:00 DEBUG 16864 --- [Shift Scheduler Demo] [           main] org.hibernate.SQL                        : select last_insert_rowid()
Hibernate: select last_insert_rowid()
2025-10-13T15:13:08.359+09:00 DEBUG 16864 --- [Shift Scheduler Demo] [           main] org.hibernate.SQL                        : insert into shift_assignments (employee_id,end_time,shift_name,start_time,work_date) values (?,?,?,?,?)
Hibernate: insert into shift_assignments (employee_id,end_time,shift_name,start_time,work_date) values (?,?,?,?,?)
2025-10-13T15:13:08.359+09:00 DEBUG 16864 --- [Shift Scheduler Demo] [           main] org.hibernate.SQL                        : select last_insert_rowid()
Hibernate: select last_insert_rowid()
2025-10-13T15:13:08.360+09:00 DEBUG 16864 --- [Shift Scheduler Demo] [           main] org.hibernate.SQL                        : insert into shift_assignments (employee_id,end_time,shift_name,start_time,work_date) values (?,?,?,?,?)
Hibernate: insert into shift_assignments (employee_id,end_time,shift_name,start_time,work_date) values (?,?,?,?,?)
2025-10-13T15:13:08.360+09:00 DEBUG 16864 --- [Shift Scheduler Demo] [           main] org.hibernate.SQL                        : select last_insert_rowid()
Hibernate: select last_insert_rowid()
2025-10-13T15:13:08.360+09:00 DEBUG 16864 --- [Shift Scheduler Demo] [           main] org.hibernate.SQL                        : insert into shift_assignments (employee_id,end_time,shift_name,start_time,work_date) values (?,?,?,?,?)
Hibernate: insert into shift_assignments (employee_id,end_time,shift_name,start_time,work_date) values (?,?,?,?,?)
2025-10-13T15:13:08.360+09:00 DEBUG 16864 --- [Shift Scheduler Demo] [           main] org.hibernate.SQL                        : select last_insert_rowid()
Hibernate: select last_insert_rowid()
2025-10-13T15:13:08.360+09:00 DEBUG 16864 --- [Shift Scheduler Demo] [           main] org.hibernate.SQL                        : insert into shift_assignments (employee_id,end_time,shift_name,start_time,work_date) values (?,?,?,?,?)
Hibernate: insert into shift_assignments (employee_id,end_time,shift_name,start_time,work_date) values (?,?,?,?,?)
2025-10-13T15:13:08.360+09:00 DEBUG 16864 --- [Shift Scheduler Demo] [           main] org.hibernate.SQL                        : select last_insert_rowid()
Hibernate: select last_insert_rowid()
2025-10-13T15:13:08.361+09:00 DEBUG 16864 --- [Shift Scheduler Demo] [           main] org.hibernate.SQL                        : insert into shift_assignments (employee_id,end_time,shift_name,start_time,work_date) values (?,?,?,?,?)
Hibernate: insert into shift_assignments (employee_id,end_time,shift_name,start_time,work_date) values (?,?,?,?,?)
2025-10-13T15:13:08.361+09:00 DEBUG 16864 --- [Shift Scheduler Demo] [           main] org.hibernate.SQL                        : select last_insert_rowid()
Hibernate: select last_insert_rowid()
2025-10-13T15:13:08.361+09:00 DEBUG 16864 --- [Shift Scheduler Demo] [           main] org.hibernate.SQL                        : insert into shift_assignments (employee_id,end_time,shift_name,start_time,work_date) values (?,?,?,?,?)
Hibernate: insert into shift_assignments (employee_id,end_time,shift_name,start_time,work_date) values (?,?,?,?,?)
2025-10-13T15:13:08.361+09:00 DEBUG 16864 --- [Shift Scheduler Demo] [           main] org.hibernate.SQL                        : select last_insert_rowid()
Hibernate: select last_insert_rowid()
2025-10-13T15:13:08.361+09:00 DEBUG 16864 --- [Shift Scheduler Demo] [           main] org.hibernate.SQL                        : insert into shift_assignments (employee_id,end_time,shift_name,start_time,work_date) values (?,?,?,?,?)
Hibernate: insert into shift_assignments (employee_id,end_time,shift_name,start_time,work_date) values (?,?,?,?,?)
2025-10-13T15:13:08.362+09:00 DEBUG 16864 --- [Shift Scheduler Demo] [           main] org.hibernate.SQL                        : select last_insert_rowid()
Hibernate: select last_insert_rowid()
2025-10-13T15:13:08.362+09:00 DEBUG 16864 --- [Shift Scheduler Demo] [           main] org.hibernate.SQL                        : insert into shift_assignments (employee_id,end_time,shift_name,start_time,work_date) values (?,?,?,?,?)
Hibernate: insert into shift_assignments (employee_id,end_time,shift_name,start_time,work_date) values (?,?,?,?,?)
2025-10-13T15:13:08.362+09:00 DEBUG 16864 --- [Shift Scheduler Demo] [           main] org.hibernate.SQL                        : select last_insert_rowid()
Hibernate: select last_insert_rowid()
2025-10-13T15:13:08.362+09:00 DEBUG 16864 --- [Shift Scheduler Demo] [           main] org.hibernate.SQL                        : insert into shift_assignments (employee_id,end_time,shift_name,start_time,work_date) values (?,?,?,?,?)
Hibernate: insert into shift_assignments (employee_id,end_time,shift_name,start_time,work_date) values (?,?,?,?,?)
2025-10-13T15:13:08.364+09:00 DEBUG 16864 --- [Shift Scheduler Demo] [           main] org.hibernate.SQL                        : select last_insert_rowid()
Hibernate: select last_insert_rowid()
2025-10-13T15:13:08.364+09:00 DEBUG 16864 --- [Shift Scheduler Demo] [           main] org.hibernate.SQL                        : insert into shift_assignments (employee_id,end_time,shift_name,start_time,work_date) values (?,?,?,?,?)
Hibernate: insert into shift_assignments (employee_id,end_time,shift_name,start_time,work_date) values (?,?,?,?,?)
2025-10-13T15:13:08.364+09:00 DEBUG 16864 --- [Shift Scheduler Demo] [           main] org.hibernate.SQL                        : select last_insert_rowid()
Hibernate: select last_insert_rowid()
2025-10-13T15:13:08.364+09:00 DEBUG 16864 --- [Shift Scheduler Demo] [           main] org.hibernate.SQL                        : insert into shift_assignments (employee_id,end_time,shift_name,start_time,work_date) values (?,?,?,?,?)
Hibernate: insert into shift_assignments (employee_id,end_time,shift_name,start_time,work_date) values (?,?,?,?,?)
2025-10-13T15:13:08.365+09:00 DEBUG 16864 --- [Shift Scheduler Demo] [           main] org.hibernate.SQL                        : select last_insert_rowid()
Hibernate: select last_insert_rowid()
2025-10-13T15:13:08.365+09:00 DEBUG 16864 --- [Shift Scheduler Demo] [           main] org.hibernate.SQL                        : insert into shift_assignments (employee_id,end_time,shift_name,start_time,work_date) values (?,?,?,?,?)
Hibernate: insert into shift_assignments (employee_id,end_time,shift_name,start_time,work_date) values (?,?,?,?,?)
2025-10-13T15:13:08.366+09:00 DEBUG 16864 --- [Shift Scheduler Demo] [           main] org.hibernate.SQL                        : select last_insert_rowid()
Hibernate: select last_insert_rowid()
2025-10-13T15:13:08.366+09:00 DEBUG 16864 --- [Shift Scheduler Demo] [           main] org.hibernate.SQL                        : insert into shift_assignments (employee_id,end_time,shift_name,start_time,work_date) values (?,?,?,?,?)
Hibernate: insert into shift_assignments (employee_id,end_time,shift_name,start_time,work_date) values (?,?,?,?,?)
2025-10-13T15:13:08.366+09:00 DEBUG 16864 --- [Shift Scheduler Demo] [           main] org.hibernate.SQL                        : select last_insert_rowid()
Hibernate: select last_insert_rowid()
2025-10-13T15:13:08.367+09:00 DEBUG 16864 --- [Shift Scheduler Demo] [           main] org.hibernate.SQL                        : insert into shift_assignments (employee_id,end_time,shift_name,start_time,work_date) values (?,?,?,?,?)
Hibernate: insert into shift_assignments (employee_id,end_time,shift_name,start_time,work_date) values (?,?,?,?,?)
2025-10-13T15:13:08.367+09:00 DEBUG 16864 --- [Shift Scheduler Demo] [           main] org.hibernate.SQL                        : select last_insert_rowid()
Hibernate: select last_insert_rowid()
2025-10-13T15:13:08.367+09:00 DEBUG 16864 --- [Shift Scheduler Demo] [           main] org.hibernate.SQL                        : insert into shift_assignments (employee_id,end_time,shift_name,start_time,work_date) values (?,?,?,?,?)
Hibernate: insert into shift_assignments (employee_id,end_time,shift_name,start_time,work_date) values (?,?,?,?,?)
2025-10-13T15:13:08.367+09:00 DEBUG 16864 --- [Shift Scheduler Demo] [           main] org.hibernate.SQL                        : select last_insert_rowid()
Hibernate: select last_insert_rowid()
2025-10-13T15:13:08.367+09:00 DEBUG 16864 --- [Shift Scheduler Demo] [           main] org.hibernate.SQL                        : insert into shift_assignments (employee_id,end_time,shift_name,start_time,work_date) values (?,?,?,?,?)
Hibernate: insert into shift_assignments (employee_id,end_time,shift_name,start_time,work_date) values (?,?,?,?,?)
2025-10-13T15:13:08.368+09:00 DEBUG 16864 --- [Shift Scheduler Demo] [           main] org.hibernate.SQL                        : select last_insert_rowid()
Hibernate: select last_insert_rowid()
2025-10-13T15:13:08.368+09:00 DEBUG 16864 --- [Shift Scheduler Demo] [           main] org.hibernate.SQL                        : insert into shift_assignments (employee_id,end_time,shift_name,start_time,work_date) values (?,?,?,?,?)
Hibernate: insert into shift_assignments (employee_id,end_time,shift_name,start_time,work_date) values (?,?,?,?,?)
2025-10-13T15:13:08.368+09:00 DEBUG 16864 --- [Shift Scheduler Demo] [           main] org.hibernate.SQL                        : select last_insert_rowid()
Hibernate: select last_insert_rowid()
2025-10-13T15:13:08.368+09:00 DEBUG 16864 --- [Shift Scheduler Demo] [           main] org.hibernate.SQL                        : insert into shift_assignments (employee_id,end_time,shift_name,start_time,work_date) values (?,?,?,?,?)
Hibernate: insert into shift_assignments (employee_id,end_time,shift_name,start_time,work_date) values (?,?,?,?,?)
2025-10-13T15:13:08.369+09:00 DEBUG 16864 --- [Shift Scheduler Demo] [           main] org.hibernate.SQL                        : select last_insert_rowid()
Hibernate: select last_insert_rowid()
2025-10-13T15:13:08.369+09:00 DEBUG 16864 --- [Shift Scheduler Demo] [           main] org.hibernate.SQL                        : insert into shift_assignments (employee_id,end_time,shift_name,start_time,work_date) values (?,?,?,?,?)
Hibernate: insert into shift_assignments (employee_id,end_time,shift_name,start_time,work_date) values (?,?,?,?,?)
2025-10-13T15:13:08.369+09:00 DEBUG 16864 --- [Shift Scheduler Demo] [           main] org.hibernate.SQL                        : select last_insert_rowid()
Hibernate: select last_insert_rowid()
2025-10-13T15:13:08.369+09:00 DEBUG 16864 --- [Shift Scheduler Demo] [           main] org.hibernate.SQL                        : insert into shift_assignments (employee_id,end_time,shift_name,start_time,work_date) values (?,?,?,?,?)
Hibernate: insert into shift_assignments (employee_id,end_time,shift_name,start_time,work_date) values (?,?,?,?,?)
2025-10-13T15:13:08.369+09:00 DEBUG 16864 --- [Shift Scheduler Demo] [           main] org.hibernate.SQL                        : select last_insert_rowid()
Hibernate: select last_insert_rowid()
2025-10-13T15:13:08.369+09:00 DEBUG 16864 --- [Shift Scheduler Demo] [           main] org.hibernate.SQL                        : insert into shift_assignments (employee_id,end_time,shift_name,start_time,work_date) values (?,?,?,?,?)
Hibernate: insert into shift_assignments (employee_id,end_time,shift_name,start_time,work_date) values (?,?,?,?,?)
2025-10-13T15:13:08.370+09:00 DEBUG 16864 --- [Shift Scheduler Demo] [           main] org.hibernate.SQL                        : select last_insert_rowid()
Hibernate: select last_insert_rowid()
2025-10-13T15:13:08.370+09:00 DEBUG 16864 --- [Shift Scheduler Demo] [           main] org.hibernate.SQL                        : insert into shift_assignments (employee_id,end_time,shift_name,start_time,work_date) values (?,?,?,?,?)
Hibernate: insert into shift_assignments (employee_id,end_time,shift_name,start_time,work_date) values (?,?,?,?,?)
2025-10-13T15:13:08.370+09:00 DEBUG 16864 --- [Shift Scheduler Demo] [           main] org.hibernate.SQL                        : select last_insert_rowid()
Hibernate: select last_insert_rowid()
2025-10-13T15:13:08.372+09:00 DEBUG 16864 --- [Shift Scheduler Demo] [           main] org.hibernate.SQL                        : insert into shift_assignments (employee_id,end_time,shift_name,start_time,work_date) values (?,?,?,?,?)
Hibernate: insert into shift_assignments (employee_id,end_time,shift_name,start_time,work_date) values (?,?,?,?,?)
2025-10-13T15:13:08.374+09:00 DEBUG 16864 --- [Shift Scheduler Demo] [           main] org.hibernate.SQL                        : select last_insert_rowid()
Hibernate: select last_insert_rowid()
2025-10-13T15:13:08.374+09:00 DEBUG 16864 --- [Shift Scheduler Demo] [           main] org.hibernate.SQL                        : insert into shift_assignments (employee_id,end_time,shift_name,start_time,work_date) values (?,?,?,?,?)
Hibernate: insert into shift_assignments (employee_id,end_time,shift_name,start_time,work_date) values (?,?,?,?,?)
2025-10-13T15:13:08.374+09:00 DEBUG 16864 --- [Shift Scheduler Demo] [           main] org.hibernate.SQL                        : select last_insert_rowid()
Hibernate: select last_insert_rowid()
2025-10-13T15:13:08.374+09:00 DEBUG 16864 --- [Shift Scheduler Demo] [           main] org.hibernate.SQL                        : insert into shift_assignments (employee_id,end_time,shift_name,start_time,work_date) values (?,?,?,?,?)
Hibernate: insert into shift_assignments (employee_id,end_time,shift_name,start_time,work_date) values (?,?,?,?,?)
2025-10-13T15:13:08.375+09:00 DEBUG 16864 --- [Shift Scheduler Demo] [           main] org.hibernate.SQL                        : select last_insert_rowid()
Hibernate: select last_insert_rowid()
2025-10-13T15:13:08.375+09:00 DEBUG 16864 --- [Shift Scheduler Demo] [           main] org.hibernate.SQL                        : insert into shift_assignments (employee_id,end_time,shift_name,start_time,work_date) values (?,?,?,?,?)
Hibernate: insert into shift_assignments (employee_id,end_time,shift_name,start_time,work_date) values (?,?,?,?,?)
2025-10-13T15:13:08.376+09:00 DEBUG 16864 --- [Shift Scheduler Demo] [           main] org.hibernate.SQL                        : select last_insert_rowid()
Hibernate: select last_insert_rowid()
2025-10-13T15:13:08.376+09:00 DEBUG 16864 --- [Shift Scheduler Demo] [           main] org.hibernate.SQL                        : insert into shift_assignments (employee_id,end_time,shift_name,start_time,work_date) values (?,?,?,?,?)
Hibernate: insert into shift_assignments (employee_id,end_time,shift_name,start_time,work_date) values (?,?,?,?,?)
2025-10-13T15:13:08.376+09:00 DEBUG 16864 --- [Shift Scheduler Demo] [           main] org.hibernate.SQL                        : select last_insert_rowid()
Hibernate: select last_insert_rowid()
2025-10-13T15:13:08.377+09:00 DEBUG 16864 --- [Shift Scheduler Demo] [           main] org.hibernate.SQL                        : insert into shift_assignments (employee_id,end_time,shift_name,start_time,work_date) values (?,?,?,?,?)
Hibernate: insert into shift_assignments (employee_id,end_time,shift_name,start_time,work_date) values (?,?,?,?,?)
2025-10-13T15:13:08.377+09:00 DEBUG 16864 --- [Shift Scheduler Demo] [           main] org.hibernate.SQL                        : select last_insert_rowid()
Hibernate: select last_insert_rowid()
2025-10-13T15:13:08.377+09:00 DEBUG 16864 --- [Shift Scheduler Demo] [           main] org.hibernate.SQL                        : insert into shift_assignments (employee_id,end_time,shift_name,start_time,work_date) values (?,?,?,?,?)
Hibernate: insert into shift_assignments (employee_id,end_time,shift_name,start_time,work_date) values (?,?,?,?,?)
2025-10-13T15:13:08.377+09:00 DEBUG 16864 --- [Shift Scheduler Demo] [           main] org.hibernate.SQL                        : select last_insert_rowid()
Hibernate: select last_insert_rowid()
2025-10-13T15:13:08.377+09:00 DEBUG 16864 --- [Shift Scheduler Demo] [           main] org.hibernate.SQL                        : insert into shift_assignments (employee_id,end_time,shift_name,start_time,work_date) values (?,?,?,?,?)
Hibernate: insert into shift_assignments (employee_id,end_time,shift_name,start_time,work_date) values (?,?,?,?,?)
2025-10-13T15:13:08.378+09:00 DEBUG 16864 --- [Shift Scheduler Demo] [           main] org.hibernate.SQL                        : select last_insert_rowid()
Hibernate: select last_insert_rowid()
2025-10-13T15:13:08.378+09:00 DEBUG 16864 --- [Shift Scheduler Demo] [           main] org.hibernate.SQL                        : insert into shift_assignments (employee_id,end_time,shift_name,start_time,work_date) values (?,?,?,?,?)
Hibernate: insert into shift_assignments (employee_id,end_time,shift_name,start_time,work_date) values (?,?,?,?,?)
2025-10-13T15:13:08.378+09:00 DEBUG 16864 --- [Shift Scheduler Demo] [           main] org.hibernate.SQL                        : select last_insert_rowid()
Hibernate: select last_insert_rowid()
2025-10-13T15:13:08.378+09:00 DEBUG 16864 --- [Shift Scheduler Demo] [           main] org.hibernate.SQL                        : insert into shift_assignments (employee_id,end_time,shift_name,start_time,work_date) values (?,?,?,?,?)
Hibernate: insert into shift_assignments (employee_id,end_time,shift_name,start_time,work_date) values (?,?,?,?,?)
2025-10-13T15:13:08.378+09:00 DEBUG 16864 --- [Shift Scheduler Demo] [           main] org.hibernate.SQL                        : select last_insert_rowid()
Hibernate: select last_insert_rowid()
2025-10-13T15:13:08.379+09:00 DEBUG 16864 --- [Shift Scheduler Demo] [           main] org.hibernate.SQL                        : insert into shift_assignments (employee_id,end_time,shift_name,start_time,work_date) values (?,?,?,?,?)
Hibernate: insert into shift_assignments (employee_id,end_time,shift_name,start_time,work_date) values (?,?,?,?,?)
2025-10-13T15:13:08.379+09:00 DEBUG 16864 --- [Shift Scheduler Demo] [           main] org.hibernate.SQL                        : select last_insert_rowid()
Hibernate: select last_insert_rowid()
2025-10-13T15:13:08.379+09:00 DEBUG 16864 --- [Shift Scheduler Demo] [           main] org.hibernate.SQL                        : insert into shift_assignments (employee_id,end_time,shift_name,start_time,work_date) values (?,?,?,?,?)
Hibernate: insert into shift_assignments (employee_id,end_time,shift_name,start_time,work_date) values (?,?,?,?,?)
2025-10-13T15:13:08.379+09:00 DEBUG 16864 --- [Shift Scheduler Demo] [           main] org.hibernate.SQL                        : select last_insert_rowid()
Hibernate: select last_insert_rowid()
2025-10-13T15:13:08.379+09:00 DEBUG 16864 --- [Shift Scheduler Demo] [           main] org.hibernate.SQL                        : insert into shift_assignments (employee_id,end_time,shift_name,start_time,work_date) values (?,?,?,?,?)
Hibernate: insert into shift_assignments (employee_id,end_time,shift_name,start_time,work_date) values (?,?,?,?,?)
2025-10-13T15:13:08.379+09:00 DEBUG 16864 --- [Shift Scheduler Demo] [           main] org.hibernate.SQL                        : select last_insert_rowid()
Hibernate: select last_insert_rowid()
2025-10-13T15:13:08.380+09:00 DEBUG 16864 --- [Shift Scheduler Demo] [           main] org.hibernate.SQL                        : insert into shift_assignments (employee_id,end_time,shift_name,start_time,work_date) values (?,?,?,?,?)
Hibernate: insert into shift_assignments (employee_id,end_time,shift_name,start_time,work_date) values (?,?,?,?,?)
2025-10-13T15:13:08.380+09:00 DEBUG 16864 --- [Shift Scheduler Demo] [           main] org.hibernate.SQL                        : select last_insert_rowid()
Hibernate: select last_insert_rowid()
2025-10-13T15:13:08.380+09:00 DEBUG 16864 --- [Shift Scheduler Demo] [           main] org.hibernate.SQL                        : insert into shift_assignments (employee_id,end_time,shift_name,start_time,work_date) values (?,?,?,?,?)
Hibernate: insert into shift_assignments (employee_id,end_time,shift_name,start_time,work_date) values (?,?,?,?,?)
2025-10-13T15:13:08.380+09:00 DEBUG 16864 --- [Shift Scheduler Demo] [           main] org.hibernate.SQL                        : select last_insert_rowid()
Hibernate: select last_insert_rowid()
2025-10-13T15:13:08.380+09:00 DEBUG 16864 --- [Shift Scheduler Demo] [           main] org.hibernate.SQL                        : insert into shift_assignments (employee_id,end_time,shift_name,start_time,work_date) values (?,?,?,?,?)
Hibernate: insert into shift_assignments (employee_id,end_time,shift_name,start_time,work_date) values (?,?,?,?,?)
2025-10-13T15:13:08.381+09:00 DEBUG 16864 --- [Shift Scheduler Demo] [           main] org.hibernate.SQL                        : select last_insert_rowid()
Hibernate: select last_insert_rowid()
2025-10-13T15:13:08.381+09:00 DEBUG 16864 --- [Shift Scheduler Demo] [           main] org.hibernate.SQL                        : insert into shift_assignments (employee_id,end_time,shift_name,start_time,work_date) values (?,?,?,?,?)
Hibernate: insert into shift_assignments (employee_id,end_time,shift_name,start_time,work_date) values (?,?,?,?,?)
2025-10-13T15:13:08.381+09:00 DEBUG 16864 --- [Shift Scheduler Demo] [           main] org.hibernate.SQL                        : select last_insert_rowid()
Hibernate: select last_insert_rowid()
2025-10-13T15:13:08.382+09:00 DEBUG 16864 --- [Shift Scheduler Demo] [           main] org.hibernate.SQL                        : insert into shift_assignments (employee_id,end_time,shift_name,start_time,work_date) values (?,?,?,?,?)
Hibernate: insert into shift_assignments (employee_id,end_time,shift_name,start_time,work_date) values (?,?,?,?,?)
2025-10-13T15:13:08.382+09:00 DEBUG 16864 --- [Shift Scheduler Demo] [           main] org.hibernate.SQL                        : select last_insert_rowid()
Hibernate: select last_insert_rowid()
2025-10-13T15:13:08.383+09:00 DEBUG 16864 --- [Shift Scheduler Demo] [           main] org.hibernate.SQL                        : insert into shift_assignments (employee_id,end_time,shift_name,start_time,work_date) values (?,?,?,?,?)
Hibernate: insert into shift_assignments (employee_id,end_time,shift_name,start_time,work_date) values (?,?,?,?,?)
2025-10-13T15:13:08.383+09:00 DEBUG 16864 --- [Shift Scheduler Demo] [           main] org.hibernate.SQL                        : select last_insert_rowid()
Hibernate: select last_insert_rowid()
2025-10-13T15:13:08.383+09:00 DEBUG 16864 --- [Shift Scheduler Demo] [           main] org.hibernate.SQL                        : insert into shift_assignments (employee_id,end_time,shift_name,start_time,work_date) values (?,?,?,?,?)
Hibernate: insert into shift_assignments (employee_id,end_time,shift_name,start_time,work_date) values (?,?,?,?,?)
2025-10-13T15:13:08.384+09:00 DEBUG 16864 --- [Shift Scheduler Demo] [           main] org.hibernate.SQL                        : select last_insert_rowid()
Hibernate: select last_insert_rowid()
2025-10-13T15:13:08.384+09:00 DEBUG 16864 --- [Shift Scheduler Demo] [           main] org.hibernate.SQL                        : insert into shift_assignments (employee_id,end_time,shift_name,start_time,work_date) values (?,?,?,?,?)
Hibernate: insert into shift_assignments (employee_id,end_time,shift_name,start_time,work_date) values (?,?,?,?,?)
2025-10-13T15:13:08.384+09:00 DEBUG 16864 --- [Shift Scheduler Demo] [           main] org.hibernate.SQL                        : select last_insert_rowid()
Hibernate: select last_insert_rowid()
2025-10-13T15:13:08.384+09:00 DEBUG 16864 --- [Shift Scheduler Demo] [           main] org.hibernate.SQL                        : insert into shift_assignments (employee_id,end_time,shift_name,start_time,work_date) values (?,?,?,?,?)
Hibernate: insert into shift_assignments (employee_id,end_time,shift_name,start_time,work_date) values (?,?,?,?,?)
2025-10-13T15:13:08.385+09:00 DEBUG 16864 --- [Shift Scheduler Demo] [           main] org.hibernate.SQL                        : select last_insert_rowid()
Hibernate: select last_insert_rowid()
2025-10-13T15:13:08.385+09:00 DEBUG 16864 --- [Shift Scheduler Demo] [           main] org.hibernate.SQL                        : insert into shift_assignments (employee_id,end_time,shift_name,start_time,work_date) values (?,?,?,?,?)
Hibernate: insert into shift_assignments (employee_id,end_time,shift_name,start_time,work_date) values (?,?,?,?,?)
2025-10-13T15:13:08.385+09:00 DEBUG 16864 --- [Shift Scheduler Demo] [           main] org.hibernate.SQL                        : select last_insert_rowid()
Hibernate: select last_insert_rowid()
2025-10-13T15:13:08.385+09:00 DEBUG 16864 --- [Shift Scheduler Demo] [           main] org.hibernate.SQL                        : insert into shift_assignments (employee_id,end_time,shift_name,start_time,work_date) values (?,?,?,?,?)
Hibernate: insert into shift_assignments (employee_id,end_time,shift_name,start_time,work_date) values (?,?,?,?,?)
2025-10-13T15:13:08.385+09:00 DEBUG 16864 --- [Shift Scheduler Demo] [           main] org.hibernate.SQL                        : select last_insert_rowid()
Hibernate: select last_insert_rowid()
2025-10-13T15:13:08.386+09:00 DEBUG 16864 --- [Shift Scheduler Demo] [           main] org.hibernate.SQL                        : insert into shift_assignments (employee_id,end_time,shift_name,start_time,work_date) values (?,?,?,?,?)
Hibernate: insert into shift_assignments (employee_id,end_time,shift_name,start_time,work_date) values (?,?,?,?,?)
2025-10-13T15:13:08.386+09:00 DEBUG 16864 --- [Shift Scheduler Demo] [           main] org.hibernate.SQL                        : select last_insert_rowid()
Hibernate: select last_insert_rowid()
2025-10-13T15:13:08.386+09:00 DEBUG 16864 --- [Shift Scheduler Demo] [           main] org.hibernate.SQL                        : insert into shift_assignments (employee_id,end_time,shift_name,start_time,work_date) values (?,?,?,?,?)
Hibernate: insert into shift_assignments (employee_id,end_time,shift_name,start_time,work_date) values (?,?,?,?,?)
2025-10-13T15:13:08.386+09:00 DEBUG 16864 --- [Shift Scheduler Demo] [           main] org.hibernate.SQL                        : select last_insert_rowid()
Hibernate: select last_insert_rowid()
2025-10-13T15:13:08.386+09:00 DEBUG 16864 --- [Shift Scheduler Demo] [           main] org.hibernate.SQL                        : insert into shift_assignments (employee_id,end_time,shift_name,start_time,work_date) values (?,?,?,?,?)
Hibernate: insert into shift_assignments (employee_id,end_time,shift_name,start_time,work_date) values (?,?,?,?,?)
2025-10-13T15:13:08.387+09:00 DEBUG 16864 --- [Shift Scheduler Demo] [           main] org.hibernate.SQL                        : select last_insert_rowid()
Hibernate: select last_insert_rowid()
2025-10-13T15:13:08.387+09:00 DEBUG 16864 --- [Shift Scheduler Demo] [           main] org.hibernate.SQL                        : insert into shift_assignments (employee_id,end_time,shift_name,start_time,work_date) values (?,?,?,?,?)
Hibernate: insert into shift_assignments (employee_id,end_time,shift_name,start_time,work_date) values (?,?,?,?,?)
2025-10-13T15:13:08.388+09:00 DEBUG 16864 --- [Shift Scheduler Demo] [           main] org.hibernate.SQL                        : select last_insert_rowid()
Hibernate: select last_insert_rowid()
2025-10-13T15:13:08.388+09:00 DEBUG 16864 --- [Shift Scheduler Demo] [           main] org.hibernate.SQL                        : insert into shift_assignments (employee_id,end_time,shift_name,start_time,work_date) values (?,?,?,?,?)
Hibernate: insert into shift_assignments (employee_id,end_time,shift_name,start_time,work_date) values (?,?,?,?,?)
2025-10-13T15:13:08.388+09:00 DEBUG 16864 --- [Shift Scheduler Demo] [           main] org.hibernate.SQL                        : select last_insert_rowid()
Hibernate: select last_insert_rowid()
2025-10-13T15:13:08.390+09:00 DEBUG 16864 --- [Shift Scheduler Demo] [           main] org.hibernate.SQL                        : insert into shift_assignments (employee_id,end_time,shift_name,start_time,work_date) values (?,?,?,?,?)
Hibernate: insert into shift_assignments (employee_id,end_time,shift_name,start_time,work_date) values (?,?,?,?,?)
2025-10-13T15:13:08.390+09:00 DEBUG 16864 --- [Shift Scheduler Demo] [           main] org.hibernate.SQL                        : select last_insert_rowid()
Hibernate: select last_insert_rowid()
2025-10-13T15:13:08.390+09:00 DEBUG 16864 --- [Shift Scheduler Demo] [           main] org.hibernate.SQL                        : insert into shift_assignments (employee_id,end_time,shift_name,start_time,work_date) values (?,?,?,?,?)
Hibernate: insert into shift_assignments (employee_id,end_time,shift_name,start_time,work_date) values (?,?,?,?,?)
2025-10-13T15:13:08.390+09:00 DEBUG 16864 --- [Shift Scheduler Demo] [           main] org.hibernate.SQL                        : select last_insert_rowid()
Hibernate: select last_insert_rowid()
2025-10-13T15:13:08.390+09:00 DEBUG 16864 --- [Shift Scheduler Demo] [           main] org.hibernate.SQL                        : insert into shift_assignments (employee_id,end_time,shift_name,start_time,work_date) values (?,?,?,?,?)
Hibernate: insert into shift_assignments (employee_id,end_time,shift_name,start_time,work_date) values (?,?,?,?,?)
2025-10-13T15:13:08.390+09:00 DEBUG 16864 --- [Shift Scheduler Demo] [           main] org.hibernate.SQL                        : select last_insert_rowid()
Hibernate: select last_insert_rowid()
2025-10-13T15:13:08.392+09:00 DEBUG 16864 --- [Shift Scheduler Demo] [           main] org.hibernate.SQL                        : insert into shift_assignments (employee_id,end_time,shift_name,start_time,work_date) values (?,?,?,?,?)
Hibernate: insert into shift_assignments (employee_id,end_time,shift_name,start_time,work_date) values (?,?,?,?,?)
2025-10-13T15:13:08.392+09:00 DEBUG 16864 --- [Shift Scheduler Demo] [           main] org.hibernate.SQL                        : select last_insert_rowid()
Hibernate: select last_insert_rowid()
2025-10-13T15:13:08.392+09:00 DEBUG 16864 --- [Shift Scheduler Demo] [           main] org.hibernate.SQL                        : insert into shift_assignments (employee_id,end_time,shift_name,start_time,work_date) values (?,?,?,?,?)
Hibernate: insert into shift_assignments (employee_id,end_time,shift_name,start_time,work_date) values (?,?,?,?,?)
2025-10-13T15:13:08.392+09:00 DEBUG 16864 --- [Shift Scheduler Demo] [           main] org.hibernate.SQL                        : select last_insert_rowid()
Hibernate: select last_insert_rowid()
2025-10-13T15:13:08.392+09:00 DEBUG 16864 --- [Shift Scheduler Demo] [           main] org.hibernate.SQL                        : insert into shift_assignments (employee_id,end_time,shift_name,start_time,work_date) values (?,?,?,?,?)
Hibernate: insert into shift_assignments (employee_id,end_time,shift_name,start_time,work_date) values (?,?,?,?,?)
2025-10-13T15:13:08.393+09:00 DEBUG 16864 --- [Shift Scheduler Demo] [           main] org.hibernate.SQL                        : select last_insert_rowid()
Hibernate: select last_insert_rowid()
2025-10-13T15:13:08.393+09:00 DEBUG 16864 --- [Shift Scheduler Demo] [           main] org.hibernate.SQL                        : insert into shift_assignments (employee_id,end_time,shift_name,start_time,work_date) values (?,?,?,?,?)
Hibernate: insert into shift_assignments (employee_id,end_time,shift_name,start_time,work_date) values (?,?,?,?,?)
2025-10-13T15:13:08.393+09:00 DEBUG 16864 --- [Shift Scheduler Demo] [           main] org.hibernate.SQL                        : select last_insert_rowid()
Hibernate: select last_insert_rowid()
2025-10-13T15:13:08.393+09:00 DEBUG 16864 --- [Shift Scheduler Demo] [           main] org.hibernate.SQL                        : insert into shift_assignments (employee_id,end_time,shift_name,start_time,work_date) values (?,?,?,?,?)
Hibernate: insert into shift_assignments (employee_id,end_time,shift_name,start_time,work_date) values (?,?,?,?,?)
2025-10-13T15:13:08.393+09:00 DEBUG 16864 --- [Shift Scheduler Demo] [           main] org.hibernate.SQL                        : select last_insert_rowid()
Hibernate: select last_insert_rowid()
2025-10-13T15:13:08.394+09:00 DEBUG 16864 --- [Shift Scheduler Demo] [           main] org.hibernate.SQL                        : insert into shift_assignments (employee_id,end_time,shift_name,start_time,work_date) values (?,?,?,?,?)
Hibernate: insert into shift_assignments (employee_id,end_time,shift_name,start_time,work_date) values (?,?,?,?,?)
2025-10-13T15:13:08.394+09:00 DEBUG 16864 --- [Shift Scheduler Demo] [           main] org.hibernate.SQL                        : select last_insert_rowid()
Hibernate: select last_insert_rowid()
2025-10-13T15:13:08.394+09:00 DEBUG 16864 --- [Shift Scheduler Demo] [           main] org.hibernate.SQL                        : insert into shift_assignments (employee_id,end_time,shift_name,start_time,work_date) values (?,?,?,?,?)
Hibernate: insert into shift_assignments (employee_id,end_time,shift_name,start_time,work_date) values (?,?,?,?,?)
2025-10-13T15:13:08.394+09:00 DEBUG 16864 --- [Shift Scheduler Demo] [           main] org.hibernate.SQL                        : select last_insert_rowid()
Hibernate: select last_insert_rowid()
2025-10-13T15:13:08.394+09:00 DEBUG 16864 --- [Shift Scheduler Demo] [           main] org.hibernate.SQL                        : insert into shift_assignments (employee_id,end_time,shift_name,start_time,work_date) values (?,?,?,?,?)
Hibernate: insert into shift_assignments (employee_id,end_time,shift_name,start_time,work_date) values (?,?,?,?,?)
2025-10-13T15:13:08.394+09:00 DEBUG 16864 --- [Shift Scheduler Demo] [           main] org.hibernate.SQL                        : select last_insert_rowid()
Hibernate: select last_insert_rowid()
2025-10-13T15:13:08.395+09:00 DEBUG 16864 --- [Shift Scheduler Demo] [           main] org.hibernate.SQL                        : insert into shift_assignments (employee_id,end_time,shift_name,start_time,work_date) values (?,?,?,?,?)
Hibernate: insert into shift_assignments (employee_id,end_time,shift_name,start_time,work_date) values (?,?,?,?,?)
2025-10-13T15:13:08.395+09:00 DEBUG 16864 --- [Shift Scheduler Demo] [           main] org.hibernate.SQL                        : select last_insert_rowid()
Hibernate: select last_insert_rowid()
2025-10-13T15:13:08.395+09:00 DEBUG 16864 --- [Shift Scheduler Demo] [           main] org.hibernate.SQL                        : insert into shift_assignments (employee_id,end_time,shift_name,start_time,work_date) values (?,?,?,?,?)
Hibernate: insert into shift_assignments (employee_id,end_time,shift_name,start_time,work_date) values (?,?,?,?,?)
2025-10-13T15:13:08.395+09:00 DEBUG 16864 --- [Shift Scheduler Demo] [           main] org.hibernate.SQL                        : select last_insert_rowid()
Hibernate: select last_insert_rowid()
2025-10-13T15:13:08.396+09:00 DEBUG 16864 --- [Shift Scheduler Demo] [           main] org.hibernate.SQL                        : insert into shift_assignments (employee_id,end_time,shift_name,start_time,work_date) values (?,?,?,?,?)
Hibernate: insert into shift_assignments (employee_id,end_time,shift_name,start_time,work_date) values (?,?,?,?,?)
2025-10-13T15:13:08.396+09:00 DEBUG 16864 --- [Shift Scheduler Demo] [           main] org.hibernate.SQL                        : select last_insert_rowid()
Hibernate: select last_insert_rowid()
2025-10-13T15:13:08.396+09:00 DEBUG 16864 --- [Shift Scheduler Demo] [           main] org.hibernate.SQL                        : insert into shift_assignments (employee_id,end_time,shift_name,start_time,work_date) values (?,?,?,?,?)
Hibernate: insert into shift_assignments (employee_id,end_time,shift_name,start_time,work_date) values (?,?,?,?,?)
2025-10-13T15:13:08.396+09:00 DEBUG 16864 --- [Shift Scheduler Demo] [           main] org.hibernate.SQL                        : select last_insert_rowid()
Hibernate: select last_insert_rowid()
2025-10-13T15:13:08.397+09:00 DEBUG 16864 --- [Shift Scheduler Demo] [           main] org.hibernate.SQL                        : insert into shift_assignments (employee_id,end_time,shift_name,start_time,work_date) values (?,?,?,?,?)
Hibernate: insert into shift_assignments (employee_id,end_time,shift_name,start_time,work_date) values (?,?,?,?,?)
2025-10-13T15:13:08.397+09:00 DEBUG 16864 --- [Shift Scheduler Demo] [           main] org.hibernate.SQL                        : select last_insert_rowid()
Hibernate: select last_insert_rowid()
2025-10-13T15:13:08.398+09:00 DEBUG 16864 --- [Shift Scheduler Demo] [           main] org.hibernate.SQL                        : insert into shift_assignments (employee_id,end_time,shift_name,start_time,work_date) values (?,?,?,?,?)
Hibernate: insert into shift_assignments (employee_id,end_time,shift_name,start_time,work_date) values (?,?,?,?,?)
2025-10-13T15:13:08.398+09:00 DEBUG 16864 --- [Shift Scheduler Demo] [           main] org.hibernate.SQL                        : select last_insert_rowid()
Hibernate: select last_insert_rowid()
2025-10-13T15:13:08.399+09:00 DEBUG 16864 --- [Shift Scheduler Demo] [           main] org.hibernate.SQL                        : insert into shift_assignments (employee_id,end_time,shift_name,start_time,work_date) values (?,?,?,?,?)
Hibernate: insert into shift_assignments (employee_id,end_time,shift_name,start_time,work_date) values (?,?,?,?,?)
2025-10-13T15:13:08.399+09:00 DEBUG 16864 --- [Shift Scheduler Demo] [           main] org.hibernate.SQL                        : select last_insert_rowid()
Hibernate: select last_insert_rowid()
2025-10-13T15:13:08.399+09:00 DEBUG 16864 --- [Shift Scheduler Demo] [           main] org.hibernate.SQL                        : insert into shift_assignments (employee_id,end_time,shift_name,start_time,work_date) values (?,?,?,?,?)
Hibernate: insert into shift_assignments (employee_id,end_time,shift_name,start_time,work_date) values (?,?,?,?,?)
2025-10-13T15:13:08.399+09:00 DEBUG 16864 --- [Shift Scheduler Demo] [           main] org.hibernate.SQL                        : select last_insert_rowid()
Hibernate: select last_insert_rowid()
2025-10-13T15:13:08.399+09:00 DEBUG 16864 --- [Shift Scheduler Demo] [           main] org.hibernate.SQL                        : insert into shift_assignments (employee_id,end_time,shift_name,start_time,work_date) values (?,?,?,?,?)
Hibernate: insert into shift_assignments (employee_id,end_time,shift_name,start_time,work_date) values (?,?,?,?,?)
2025-10-13T15:13:08.399+09:00 DEBUG 16864 --- [Shift Scheduler Demo] [           main] org.hibernate.SQL                        : select last_insert_rowid()
Hibernate: select last_insert_rowid()
2025-10-13T15:13:08.400+09:00 DEBUG 16864 --- [Shift Scheduler Demo] [           main] org.hibernate.SQL                        : insert into shift_assignments (employee_id,end_time,shift_name,start_time,work_date) values (?,?,?,?,?)
Hibernate: insert into shift_assignments (employee_id,end_time,shift_name,start_time,work_date) values (?,?,?,?,?)
2025-10-13T15:13:08.400+09:00 DEBUG 16864 --- [Shift Scheduler Demo] [           main] org.hibernate.SQL                        : select last_insert_rowid()
Hibernate: select last_insert_rowid()
2025-10-13T15:13:08.400+09:00 DEBUG 16864 --- [Shift Scheduler Demo] [           main] org.hibernate.SQL                        : insert into shift_assignments (employee_id,end_time,shift_name,start_time,work_date) values (?,?,?,?,?)
Hibernate: insert into shift_assignments (employee_id,end_time,shift_name,start_time,work_date) values (?,?,?,?,?)
2025-10-13T15:13:08.400+09:00 DEBUG 16864 --- [Shift Scheduler Demo] [           main] org.hibernate.SQL                        : select last_insert_rowid()
Hibernate: select last_insert_rowid()
2025-10-13T15:13:08.400+09:00 DEBUG 16864 --- [Shift Scheduler Demo] [           main] org.hibernate.SQL                        : insert into shift_assignments (employee_id,end_time,shift_name,start_time,work_date) values (?,?,?,?,?)
Hibernate: insert into shift_assignments (employee_id,end_time,shift_name,start_time,work_date) values (?,?,?,?,?)
2025-10-13T15:13:08.401+09:00 DEBUG 16864 --- [Shift Scheduler Demo] [           main] org.hibernate.SQL                        : select last_insert_rowid()
Hibernate: select last_insert_rowid()
2025-10-13T15:13:08.401+09:00 DEBUG 16864 --- [Shift Scheduler Demo] [           main] org.hibernate.SQL                        : insert into shift_assignments (employee_id,end_time,shift_name,start_time,work_date) values (?,?,?,?,?)
Hibernate: insert into shift_assignments (employee_id,end_time,shift_name,start_time,work_date) values (?,?,?,?,?)
2025-10-13T15:13:08.401+09:00 DEBUG 16864 --- [Shift Scheduler Demo] [           main] org.hibernate.SQL                        : select last_insert_rowid()
Hibernate: select last_insert_rowid()
2025-10-13T15:13:08.401+09:00 DEBUG 16864 --- [Shift Scheduler Demo] [           main] org.hibernate.SQL                        : insert into shift_assignments (employee_id,end_time,shift_name,start_time,work_date) values (?,?,?,?,?)
Hibernate: insert into shift_assignments (employee_id,end_time,shift_name,start_time,work_date) values (?,?,?,?,?)
2025-10-13T15:13:08.401+09:00 DEBUG 16864 --- [Shift Scheduler Demo] [           main] org.hibernate.SQL                        : select last_insert_rowid()
Hibernate: select last_insert_rowid()
2025-10-13T15:13:08.402+09:00 DEBUG 16864 --- [Shift Scheduler Demo] [           main] org.hibernate.SQL                        : insert into shift_assignments (employee_id,end_time,shift_name,start_time,work_date) values (?,?,?,?,?)
Hibernate: insert into shift_assignments (employee_id,end_time,shift_name,start_time,work_date) values (?,?,?,?,?)
2025-10-13T15:13:08.402+09:00 DEBUG 16864 --- [Shift Scheduler Demo] [           main] org.hibernate.SQL                        : select last_insert_rowid()
Hibernate: select last_insert_rowid()
2025-10-13T15:13:08.402+09:00 DEBUG 16864 --- [Shift Scheduler Demo] [           main] org.hibernate.SQL                        : insert into shift_assignments (employee_id,end_time,shift_name,start_time,work_date) values (?,?,?,?,?)
Hibernate: insert into shift_assignments (employee_id,end_time,shift_name,start_time,work_date) values (?,?,?,?,?)
2025-10-13T15:13:08.402+09:00 DEBUG 16864 --- [Shift Scheduler Demo] [           main] org.hibernate.SQL                        : select last_insert_rowid()
Hibernate: select last_insert_rowid()
2025-10-13T15:13:08.402+09:00 DEBUG 16864 --- [Shift Scheduler Demo] [           main] org.hibernate.SQL                        : insert into shift_assignments (employee_id,end_time,shift_name,start_time,work_date) values (?,?,?,?,?)
Hibernate: insert into shift_assignments (employee_id,end_time,shift_name,start_time,work_date) values (?,?,?,?,?)
2025-10-13T15:13:08.403+09:00 DEBUG 16864 --- [Shift Scheduler Demo] [           main] org.hibernate.SQL                        : select last_insert_rowid()
Hibernate: select last_insert_rowid()
2025-10-13T15:13:08.403+09:00 DEBUG 16864 --- [Shift Scheduler Demo] [           main] org.hibernate.SQL                        : insert into shift_assignments (employee_id,end_time,shift_name,start_time,work_date) values (?,?,?,?,?)
Hibernate: insert into shift_assignments (employee_id,end_time,shift_name,start_time,work_date) values (?,?,?,?,?)
2025-10-13T15:13:08.404+09:00 DEBUG 16864 --- [Shift Scheduler Demo] [           main] org.hibernate.SQL                        : select last_insert_rowid()
Hibernate: select last_insert_rowid()
2025-10-13T15:13:08.405+09:00 DEBUG 16864 --- [Shift Scheduler Demo] [           main] org.hibernate.SQL                        : insert into shift_assignments (employee_id,end_time,shift_name,start_time,work_date) values (?,?,?,?,?)
Hibernate: insert into shift_assignments (employee_id,end_time,shift_name,start_time,work_date) values (?,?,?,?,?)
2025-10-13T15:13:08.405+09:00 DEBUG 16864 --- [Shift Scheduler Demo] [           main] org.hibernate.SQL                        : select last_insert_rowid()
Hibernate: select last_insert_rowid()
2025-10-13T15:13:08.405+09:00 DEBUG 16864 --- [Shift Scheduler Demo] [           main] org.hibernate.SQL                        : insert into shift_assignments (employee_id,end_time,shift_name,start_time,work_date) values (?,?,?,?,?)
Hibernate: insert into shift_assignments (employee_id,end_time,shift_name,start_time,work_date) values (?,?,?,?,?)
2025-10-13T15:13:08.408+09:00 DEBUG 16864 --- [Shift Scheduler Demo] [           main] org.hibernate.SQL                        : select last_insert_rowid()
Hibernate: select last_insert_rowid()
2025-10-13T15:13:08.408+09:00 DEBUG 16864 --- [Shift Scheduler Demo] [           main] org.hibernate.SQL                        : insert into shift_assignments (employee_id,end_time,shift_name,start_time,work_date) values (?,?,?,?,?)
Hibernate: insert into shift_assignments (employee_id,end_time,shift_name,start_time,work_date) values (?,?,?,?,?)
2025-10-13T15:13:08.409+09:00 DEBUG 16864 --- [Shift Scheduler Demo] [           main] org.hibernate.SQL                        : select last_insert_rowid()
Hibernate: select last_insert_rowid()
2025-10-13T15:13:08.409+09:00 DEBUG 16864 --- [Shift Scheduler Demo] [           main] org.hibernate.SQL                        : insert into shift_assignments (employee_id,end_time,shift_name,start_time,work_date) values (?,?,?,?,?)
Hibernate: insert into shift_assignments (employee_id,end_time,shift_name,start_time,work_date) values (?,?,?,?,?)
2025-10-13T15:13:08.409+09:00 DEBUG 16864 --- [Shift Scheduler Demo] [           main] org.hibernate.SQL                        : select last_insert_rowid()
Hibernate: select last_insert_rowid()
2025-10-13T15:13:08.410+09:00 DEBUG 16864 --- [Shift Scheduler Demo] [           main] org.hibernate.SQL                        : insert into shift_assignments (employee_id,end_time,shift_name,start_time,work_date) values (?,?,?,?,?)
Hibernate: insert into shift_assignments (employee_id,end_time,shift_name,start_time,work_date) values (?,?,?,?,?)
2025-10-13T15:13:08.410+09:00 DEBUG 16864 --- [Shift Scheduler Demo] [           main] org.hibernate.SQL                        : select last_insert_rowid()
Hibernate: select last_insert_rowid()
2025-10-13T15:13:08.410+09:00 DEBUG 16864 --- [Shift Scheduler Demo] [           main] org.hibernate.SQL                        : insert into shift_assignments (employee_id,end_time,shift_name,start_time,work_date) values (?,?,?,?,?)
Hibernate: insert into shift_assignments (employee_id,end_time,shift_name,start_time,work_date) values (?,?,?,?,?)
2025-10-13T15:13:08.410+09:00 DEBUG 16864 --- [Shift Scheduler Demo] [           main] org.hibernate.SQL                        : select last_insert_rowid()
Hibernate: select last_insert_rowid()
2025-10-13T15:13:08.410+09:00 DEBUG 16864 --- [Shift Scheduler Demo] [           main] org.hibernate.SQL                        : insert into shift_assignments (employee_id,end_time,shift_name,start_time,work_date) values (?,?,?,?,?)
Hibernate: insert into shift_assignments (employee_id,end_time,shift_name,start_time,work_date) values (?,?,?,?,?)
2025-10-13T15:13:08.411+09:00 DEBUG 16864 --- [Shift Scheduler Demo] [           main] org.hibernate.SQL                        : select last_insert_rowid()
Hibernate: select last_insert_rowid()
2025-10-13T15:13:08.411+09:00 DEBUG 16864 --- [Shift Scheduler Demo] [           main] org.hibernate.SQL                        : insert into shift_assignments (employee_id,end_time,shift_name,start_time,work_date) values (?,?,?,?,?)
Hibernate: insert into shift_assignments (employee_id,end_time,shift_name,start_time,work_date) values (?,?,?,?,?)
2025-10-13T15:13:08.411+09:00 DEBUG 16864 --- [Shift Scheduler Demo] [           main] org.hibernate.SQL                        : select last_insert_rowid()
Hibernate: select last_insert_rowid()
2025-10-13T15:13:08.411+09:00 DEBUG 16864 --- [Shift Scheduler Demo] [           main] org.hibernate.SQL                        : insert into shift_assignments (employee_id,end_time,shift_name,start_time,work_date) values (?,?,?,?,?)
Hibernate: insert into shift_assignments (employee_id,end_time,shift_name,start_time,work_date) values (?,?,?,?,?)
2025-10-13T15:13:08.411+09:00 DEBUG 16864 --- [Shift Scheduler Demo] [           main] org.hibernate.SQL                        : select last_insert_rowid()
Hibernate: select last_insert_rowid()
2025-10-13T15:13:08.412+09:00 DEBUG 16864 --- [Shift Scheduler Demo] [           main] org.hibernate.SQL                        : insert into shift_assignments (employee_id,end_time,shift_name,start_time,work_date) values (?,?,?,?,?)
Hibernate: insert into shift_assignments (employee_id,end_time,shift_name,start_time,work_date) values (?,?,?,?,?)
2025-10-13T15:13:08.412+09:00 DEBUG 16864 --- [Shift Scheduler Demo] [           main] org.hibernate.SQL                        : select last_insert_rowid()
Hibernate: select last_insert_rowid()
2025-10-13T15:13:08.412+09:00 DEBUG 16864 --- [Shift Scheduler Demo] [           main] org.hibernate.SQL                        : insert into shift_assignments (employee_id,end_time,shift_name,start_time,work_date) values (?,?,?,?,?)
Hibernate: insert into shift_assignments (employee_id,end_time,shift_name,start_time,work_date) values (?,?,?,?,?)
2025-10-13T15:13:08.412+09:00 DEBUG 16864 --- [Shift Scheduler Demo] [           main] org.hibernate.SQL                        : select last_insert_rowid()
Hibernate: select last_insert_rowid()
2025-10-13T15:13:08.412+09:00 DEBUG 16864 --- [Shift Scheduler Demo] [           main] org.hibernate.SQL                        : insert into shift_assignments (employee_id,end_time,shift_name,start_time,work_date) values (?,?,?,?,?)
Hibernate: insert into shift_assignments (employee_id,end_time,shift_name,start_time,work_date) values (?,?,?,?,?)
2025-10-13T15:13:08.413+09:00 DEBUG 16864 --- [Shift Scheduler Demo] [           main] org.hibernate.SQL                        : select last_insert_rowid()
Hibernate: select last_insert_rowid()
2025-10-13T15:13:08.413+09:00 DEBUG 16864 --- [Shift Scheduler Demo] [           main] org.hibernate.SQL                        : insert into shift_assignments (employee_id,end_time,shift_name,start_time,work_date) values (?,?,?,?,?)
Hibernate: insert into shift_assignments (employee_id,end_time,shift_name,start_time,work_date) values (?,?,?,?,?)
2025-10-13T15:13:08.413+09:00 DEBUG 16864 --- [Shift Scheduler Demo] [           main] org.hibernate.SQL                        : select last_insert_rowid()
Hibernate: select last_insert_rowid()
2025-10-13T15:13:08.413+09:00 DEBUG 16864 --- [Shift Scheduler Demo] [           main] org.hibernate.SQL                        : insert into shift_assignments (employee_id,end_time,shift_name,start_time,work_date) values (?,?,?,?,?)
Hibernate: insert into shift_assignments (employee_id,end_time,shift_name,start_time,work_date) values (?,?,?,?,?)
2025-10-13T15:13:08.413+09:00 DEBUG 16864 --- [Shift Scheduler Demo] [           main] org.hibernate.SQL                        : select last_insert_rowid()
Hibernate: select last_insert_rowid()
2025-10-13T15:13:08.414+09:00 DEBUG 16864 --- [Shift Scheduler Demo] [           main] org.hibernate.SQL                        : insert into shift_assignments (employee_id,end_time,shift_name,start_time,work_date) values (?,?,?,?,?)
Hibernate: insert into shift_assignments (employee_id,end_time,shift_name,start_time,work_date) values (?,?,?,?,?)
2025-10-13T15:13:08.414+09:00 DEBUG 16864 --- [Shift Scheduler Demo] [           main] org.hibernate.SQL                        : select last_insert_rowid()
Hibernate: select last_insert_rowid()
2025-10-13T15:13:08.414+09:00 DEBUG 16864 --- [Shift Scheduler Demo] [           main] org.hibernate.SQL                        : insert into shift_assignments (employee_id,end_time,shift_name,start_time,work_date) values (?,?,?,?,?)
Hibernate: insert into shift_assignments (employee_id,end_time,shift_name,start_time,work_date) values (?,?,?,?,?)
2025-10-13T15:13:08.414+09:00 DEBUG 16864 --- [Shift Scheduler Demo] [           main] org.hibernate.SQL                        : select last_insert_rowid()
Hibernate: select last_insert_rowid()
2025-10-13T15:13:08.414+09:00 DEBUG 16864 --- [Shift Scheduler Demo] [           main] org.hibernate.SQL                        : insert into shift_assignments (employee_id,end_time,shift_name,start_time,work_date) values (?,?,?,?,?)
Hibernate: insert into shift_assignments (employee_id,end_time,shift_name,start_time,work_date) values (?,?,?,?,?)
2025-10-13T15:13:08.414+09:00 DEBUG 16864 --- [Shift Scheduler Demo] [           main] org.hibernate.SQL                        : select last_insert_rowid()
Hibernate: select last_insert_rowid()
2025-10-13T15:13:08.414+09:00 DEBUG 16864 --- [Shift Scheduler Demo] [           main] org.hibernate.SQL                        : insert into shift_assignments (employee_id,end_time,shift_name,start_time,work_date) values (?,?,?,?,?)
Hibernate: insert into shift_assignments (employee_id,end_time,shift_name,start_time,work_date) values (?,?,?,?,?)
2025-10-13T15:13:08.415+09:00 DEBUG 16864 --- [Shift Scheduler Demo] [           main] org.hibernate.SQL                        : select last_insert_rowid()
Hibernate: select last_insert_rowid()
2025-10-13T15:13:08.415+09:00 DEBUG 16864 --- [Shift Scheduler Demo] [           main] org.hibernate.SQL                        : insert into shift_assignments (employee_id,end_time,shift_name,start_time,work_date) values (?,?,?,?,?)
Hibernate: insert into shift_assignments (employee_id,end_time,shift_name,start_time,work_date) values (?,?,?,?,?)
2025-10-13T15:13:08.415+09:00 DEBUG 16864 --- [Shift Scheduler Demo] [           main] org.hibernate.SQL                        : select last_insert_rowid()
Hibernate: select last_insert_rowid()
2025-10-13T15:13:08.415+09:00 DEBUG 16864 --- [Shift Scheduler Demo] [           main] org.hibernate.SQL                        : insert into shift_assignments (employee_id,end_time,shift_name,start_time,work_date) values (?,?,?,?,?)
Hibernate: insert into shift_assignments (employee_id,end_time,shift_name,start_time,work_date) values (?,?,?,?,?)
2025-10-13T15:13:08.415+09:00 DEBUG 16864 --- [Shift Scheduler Demo] [           main] org.hibernate.SQL                        : select last_insert_rowid()
Hibernate: select last_insert_rowid()
2025-10-13T15:13:08.415+09:00 DEBUG 16864 --- [Shift Scheduler Demo] [           main] org.hibernate.SQL                        : insert into shift_assignments (employee_id,end_time,shift_name,start_time,work_date) values (?,?,?,?,?)
Hibernate: insert into shift_assignments (employee_id,end_time,shift_name,start_time,work_date) values (?,?,?,?,?)
2025-10-13T15:13:08.415+09:00 DEBUG 16864 --- [Shift Scheduler Demo] [           main] org.hibernate.SQL                        : select last_insert_rowid()
Hibernate: select last_insert_rowid()
2025-10-13T15:13:08.416+09:00 DEBUG 16864 --- [Shift Scheduler Demo] [           main] org.hibernate.SQL                        : insert into shift_assignments (employee_id,end_time,shift_name,start_time,work_date) values (?,?,?,?,?)
Hibernate: insert into shift_assignments (employee_id,end_time,shift_name,start_time,work_date) values (?,?,?,?,?)
2025-10-13T15:13:08.416+09:00 DEBUG 16864 --- [Shift Scheduler Demo] [           main] org.hibernate.SQL                        : select last_insert_rowid()
Hibernate: select last_insert_rowid()
2025-10-13T15:13:08.416+09:00 DEBUG 16864 --- [Shift Scheduler Demo] [           main] org.hibernate.SQL                        : insert into shift_assignments (employee_id,end_time,shift_name,start_time,work_date) values (?,?,?,?,?)
Hibernate: insert into shift_assignments (employee_id,end_time,shift_name,start_time,work_date) values (?,?,?,?,?)
2025-10-13T15:13:08.416+09:00 DEBUG 16864 --- [Shift Scheduler Demo] [           main] org.hibernate.SQL                        : select last_insert_rowid()
Hibernate: select last_insert_rowid()
2025-10-13T15:13:08.416+09:00 DEBUG 16864 --- [Shift Scheduler Demo] [           main] org.hibernate.SQL                        : insert into shift_assignments (employee_id,end_time,shift_name,start_time,work_date) values (?,?,?,?,?)
Hibernate: insert into shift_assignments (employee_id,end_time,shift_name,start_time,work_date) values (?,?,?,?,?)
2025-10-13T15:13:08.417+09:00 DEBUG 16864 --- [Shift Scheduler Demo] [           main] org.hibernate.SQL                        : select last_insert_rowid()
Hibernate: select last_insert_rowid()
2025-10-13T15:13:08.417+09:00 DEBUG 16864 --- [Shift Scheduler Demo] [           main] org.hibernate.SQL                        : insert into shift_assignments (employee_id,end_time,shift_name,start_time,work_date) values (?,?,?,?,?)
Hibernate: insert into shift_assignments (employee_id,end_time,shift_name,start_time,work_date) values (?,?,?,?,?)
2025-10-13T15:13:08.417+09:00 DEBUG 16864 --- [Shift Scheduler Demo] [           main] org.hibernate.SQL                        : select last_insert_rowid()
Hibernate: select last_insert_rowid()
2025-10-13T15:13:08.417+09:00 DEBUG 16864 --- [Shift Scheduler Demo] [           main] org.hibernate.SQL                        : insert into shift_assignments (employee_id,end_time,shift_name,start_time,work_date) values (?,?,?,?,?)
Hibernate: insert into shift_assignments (employee_id,end_time,shift_name,start_time,work_date) values (?,?,?,?,?)
2025-10-13T15:13:08.418+09:00 DEBUG 16864 --- [Shift Scheduler Demo] [           main] org.hibernate.SQL                        : select last_insert_rowid()
Hibernate: select last_insert_rowid()
2025-10-13T15:13:08.418+09:00 DEBUG 16864 --- [Shift Scheduler Demo] [           main] org.hibernate.SQL                        : insert into shift_assignments (employee_id,end_time,shift_name,start_time,work_date) values (?,?,?,?,?)
Hibernate: insert into shift_assignments (employee_id,end_time,shift_name,start_time,work_date) values (?,?,?,?,?)
2025-10-13T15:13:08.418+09:00 DEBUG 16864 --- [Shift Scheduler Demo] [           main] org.hibernate.SQL                        : select last_insert_rowid()
Hibernate: select last_insert_rowid()
2025-10-13T15:13:08.418+09:00 DEBUG 16864 --- [Shift Scheduler Demo] [           main] org.hibernate.SQL                        : insert into shift_assignments (employee_id,end_time,shift_name,start_time,work_date) values (?,?,?,?,?)
Hibernate: insert into shift_assignments (employee_id,end_time,shift_name,start_time,work_date) values (?,?,?,?,?)
2025-10-13T15:13:08.418+09:00 DEBUG 16864 --- [Shift Scheduler Demo] [           main] org.hibernate.SQL                        : select last_insert_rowid()
Hibernate: select last_insert_rowid()
2025-10-13T15:13:08.419+09:00 DEBUG 16864 --- [Shift Scheduler Demo] [           main] org.hibernate.SQL                        : insert into shift_assignments (employee_id,end_time,shift_name,start_time,work_date) values (?,?,?,?,?)
Hibernate: insert into shift_assignments (employee_id,end_time,shift_name,start_time,work_date) values (?,?,?,?,?)
2025-10-13T15:13:08.419+09:00 DEBUG 16864 --- [Shift Scheduler Demo] [           main] org.hibernate.SQL                        : select last_insert_rowid()
Hibernate: select last_insert_rowid()
2025-10-13T15:13:08.419+09:00 DEBUG 16864 --- [Shift Scheduler Demo] [           main] org.hibernate.SQL                        : insert into shift_assignments (employee_id,end_time,shift_name,start_time,work_date) values (?,?,?,?,?)
Hibernate: insert into shift_assignments (employee_id,end_time,shift_name,start_time,work_date) values (?,?,?,?,?)
2025-10-13T15:13:08.419+09:00 DEBUG 16864 --- [Shift Scheduler Demo] [           main] org.hibernate.SQL                        : select last_insert_rowid()
Hibernate: select last_insert_rowid()
2025-10-13T15:13:08.419+09:00 DEBUG 16864 --- [Shift Scheduler Demo] [           main] org.hibernate.SQL                        : insert into shift_assignments (employee_id,end_time,shift_name,start_time,work_date) values (?,?,?,?,?)
Hibernate: insert into shift_assignments (employee_id,end_time,shift_name,start_time,work_date) values (?,?,?,?,?)
2025-10-13T15:13:08.420+09:00 DEBUG 16864 --- [Shift Scheduler Demo] [           main] org.hibernate.SQL                        : select last_insert_rowid()
Hibernate: select last_insert_rowid()
2025-10-13T15:13:08.422+09:00 DEBUG 16864 --- [Shift Scheduler Demo] [           main] org.hibernate.SQL                        : insert into shift_assignments (employee_id,end_time,shift_name,start_time,work_date) values (?,?,?,?,?)
Hibernate: insert into shift_assignments (employee_id,end_time,shift_name,start_time,work_date) values (?,?,?,?,?)
2025-10-13T15:13:08.423+09:00 DEBUG 16864 --- [Shift Scheduler Demo] [           main] org.hibernate.SQL                        : select last_insert_rowid()
Hibernate: select last_insert_rowid()
2025-10-13T15:13:08.424+09:00 DEBUG 16864 --- [Shift Scheduler Demo] [           main] org.hibernate.SQL                        : insert into shift_assignments (employee_id,end_time,shift_name,start_time,work_date) values (?,?,?,?,?)
Hibernate: insert into shift_assignments (employee_id,end_time,shift_name,start_time,work_date) values (?,?,?,?,?)
2025-10-13T15:13:08.424+09:00 DEBUG 16864 --- [Shift Scheduler Demo] [           main] org.hibernate.SQL                        : select last_insert_rowid()
Hibernate: select last_insert_rowid()
2025-10-13T15:13:08.425+09:00 DEBUG 16864 --- [Shift Scheduler Demo] [           main] org.hibernate.SQL                        : insert into shift_assignments (employee_id,end_time,shift_name,start_time,work_date) values (?,?,?,?,?)
Hibernate: insert into shift_assignments (employee_id,end_time,shift_name,start_time,work_date) values (?,?,?,?,?)
2025-10-13T15:13:08.425+09:00 DEBUG 16864 --- [Shift Scheduler Demo] [           main] org.hibernate.SQL                        : select last_insert_rowid()
Hibernate: select last_insert_rowid()
2025-10-13T15:13:08.425+09:00 DEBUG 16864 --- [Shift Scheduler Demo] [           main] org.hibernate.SQL                        : insert into shift_assignments (employee_id,end_time,shift_name,start_time,work_date) values (?,?,?,?,?)
Hibernate: insert into shift_assignments (employee_id,end_time,shift_name,start_time,work_date) values (?,?,?,?,?)
2025-10-13T15:13:08.426+09:00 DEBUG 16864 --- [Shift Scheduler Demo] [           main] org.hibernate.SQL                        : select last_insert_rowid()
Hibernate: select last_insert_rowid()
2025-10-13T15:13:08.426+09:00 DEBUG 16864 --- [Shift Scheduler Demo] [           main] org.hibernate.SQL                        : insert into shift_assignments (employee_id,end_time,shift_name,start_time,work_date) values (?,?,?,?,?)
Hibernate: insert into shift_assignments (employee_id,end_time,shift_name,start_time,work_date) values (?,?,?,?,?)
2025-10-13T15:13:08.426+09:00 DEBUG 16864 --- [Shift Scheduler Demo] [           main] org.hibernate.SQL                        : select last_insert_rowid()
Hibernate: select last_insert_rowid()
2025-10-13T15:13:08.427+09:00 DEBUG 16864 --- [Shift Scheduler Demo] [           main] org.hibernate.SQL                        : insert into shift_assignments (employee_id,end_time,shift_name,start_time,work_date) values (?,?,?,?,?)
Hibernate: insert into shift_assignments (employee_id,end_time,shift_name,start_time,work_date) values (?,?,?,?,?)
2025-10-13T15:13:08.427+09:00 DEBUG 16864 --- [Shift Scheduler Demo] [           main] org.hibernate.SQL                        : select last_insert_rowid()
Hibernate: select last_insert_rowid()
2025-10-13T15:13:08.427+09:00 DEBUG 16864 --- [Shift Scheduler Demo] [           main] org.hibernate.SQL                        : insert into shift_assignments (employee_id,end_time,shift_name,start_time,work_date) values (?,?,?,?,?)
Hibernate: insert into shift_assignments (employee_id,end_time,shift_name,start_time,work_date) values (?,?,?,?,?)
2025-10-13T15:13:08.428+09:00 DEBUG 16864 --- [Shift Scheduler Demo] [           main] org.hibernate.SQL                        : select last_insert_rowid()
Hibernate: select last_insert_rowid()
2025-10-13T15:13:08.428+09:00 DEBUG 16864 --- [Shift Scheduler Demo] [           main] org.hibernate.SQL                        : insert into shift_assignments (employee_id,end_time,shift_name,start_time,work_date) values (?,?,?,?,?)
Hibernate: insert into shift_assignments (employee_id,end_time,shift_name,start_time,work_date) values (?,?,?,?,?)
2025-10-13T15:13:08.428+09:00 DEBUG 16864 --- [Shift Scheduler Demo] [           main] org.hibernate.SQL                        : select last_insert_rowid()
Hibernate: select last_insert_rowid()
2025-10-13T15:13:08.428+09:00 DEBUG 16864 --- [Shift Scheduler Demo] [           main] org.hibernate.SQL                        : insert into shift_assignments (employee_id,end_time,shift_name,start_time,work_date) values (?,?,?,?,?)
Hibernate: insert into shift_assignments (employee_id,end_time,shift_name,start_time,work_date) values (?,?,?,?,?)
2025-10-13T15:13:08.429+09:00 DEBUG 16864 --- [Shift Scheduler Demo] [           main] org.hibernate.SQL                        : select last_insert_rowid()
Hibernate: select last_insert_rowid()
2025-10-13T15:13:08.429+09:00 DEBUG 16864 --- [Shift Scheduler Demo] [           main] org.hibernate.SQL                        : insert into shift_assignments (employee_id,end_time,shift_name,start_time,work_date) values (?,?,?,?,?)
Hibernate: insert into shift_assignments (employee_id,end_time,shift_name,start_time,work_date) values (?,?,?,?,?)
2025-10-13T15:13:08.429+09:00 DEBUG 16864 --- [Shift Scheduler Demo] [           main] org.hibernate.SQL                        : select last_insert_rowid()
Hibernate: select last_insert_rowid()
2025-10-13T15:13:08.429+09:00 DEBUG 16864 --- [Shift Scheduler Demo] [           main] org.hibernate.SQL                        : insert into shift_assignments (employee_id,end_time,shift_name,start_time,work_date) values (?,?,?,?,?)
Hibernate: insert into shift_assignments (employee_id,end_time,shift_name,start_time,work_date) values (?,?,?,?,?)
2025-10-13T15:13:08.429+09:00 DEBUG 16864 --- [Shift Scheduler Demo] [           main] org.hibernate.SQL                        : select last_insert_rowid()
Hibernate: select last_insert_rowid()
2025-10-13T15:13:08.429+09:00 DEBUG 16864 --- [Shift Scheduler Demo] [           main] org.hibernate.SQL                        : insert into shift_assignments (employee_id,end_time,shift_name,start_time,work_date) values (?,?,?,?,?)
Hibernate: insert into shift_assignments (employee_id,end_time,shift_name,start_time,work_date) values (?,?,?,?,?)
2025-10-13T15:13:08.430+09:00 DEBUG 16864 --- [Shift Scheduler Demo] [           main] org.hibernate.SQL                        : select last_insert_rowid()
Hibernate: select last_insert_rowid()
2025-10-13T15:13:08.430+09:00 DEBUG 16864 --- [Shift Scheduler Demo] [           main] org.hibernate.SQL                        : insert into shift_assignments (employee_id,end_time,shift_name,start_time,work_date) values (?,?,?,?,?)
Hibernate: insert into shift_assignments (employee_id,end_time,shift_name,start_time,work_date) values (?,?,?,?,?)
2025-10-13T15:13:08.430+09:00 DEBUG 16864 --- [Shift Scheduler Demo] [           main] org.hibernate.SQL                        : select last_insert_rowid()
Hibernate: select last_insert_rowid()
2025-10-13T15:13:08.431+09:00 DEBUG 16864 --- [Shift Scheduler Demo] [           main] org.hibernate.SQL                        : insert into shift_assignments (employee_id,end_time,shift_name,start_time,work_date) values (?,?,?,?,?)
Hibernate: insert into shift_assignments (employee_id,end_time,shift_name,start_time,work_date) values (?,?,?,?,?)
2025-10-13T15:13:08.431+09:00 DEBUG 16864 --- [Shift Scheduler Demo] [           main] org.hibernate.SQL                        : select last_insert_rowid()
Hibernate: select last_insert_rowid()
2025-10-13T15:13:08.432+09:00 DEBUG 16864 --- [Shift Scheduler Demo] [           main] org.hibernate.SQL                        : insert into shift_assignments (employee_id,end_time,shift_name,start_time,work_date) values (?,?,?,?,?)
Hibernate: insert into shift_assignments (employee_id,end_time,shift_name,start_time,work_date) values (?,?,?,?,?)
2025-10-13T15:13:08.432+09:00 DEBUG 16864 --- [Shift Scheduler Demo] [           main] org.hibernate.SQL                        : select last_insert_rowid()
Hibernate: select last_insert_rowid()
2025-10-13T15:13:08.432+09:00 DEBUG 16864 --- [Shift Scheduler Demo] [           main] org.hibernate.SQL                        : insert into shift_assignments (employee_id,end_time,shift_name,start_time,work_date) values (?,?,?,?,?)
Hibernate: insert into shift_assignments (employee_id,end_time,shift_name,start_time,work_date) values (?,?,?,?,?)
2025-10-13T15:13:08.433+09:00 DEBUG 16864 --- [Shift Scheduler Demo] [           main] org.hibernate.SQL                        : select last_insert_rowid()
Hibernate: select last_insert_rowid()
2025-10-13T15:13:08.433+09:00 DEBUG 16864 --- [Shift Scheduler Demo] [           main] org.hibernate.SQL                        : insert into shift_assignments (employee_id,end_time,shift_name,start_time,work_date) values (?,?,?,?,?)
Hibernate: insert into shift_assignments (employee_id,end_time,shift_name,start_time,work_date) values (?,?,?,?,?)
2025-10-13T15:13:08.433+09:00 DEBUG 16864 --- [Shift Scheduler Demo] [           main] org.hibernate.SQL                        : select last_insert_rowid()
Hibernate: select last_insert_rowid()
2025-10-13T15:13:08.433+09:00 DEBUG 16864 --- [Shift Scheduler Demo] [           main] org.hibernate.SQL                        : insert into shift_assignments (employee_id,end_time,shift_name,start_time,work_date) values (?,?,?,?,?)
Hibernate: insert into shift_assignments (employee_id,end_time,shift_name,start_time,work_date) values (?,?,?,?,?)
2025-10-13T15:13:08.434+09:00 DEBUG 16864 --- [Shift Scheduler Demo] [           main] org.hibernate.SQL                        : select last_insert_rowid()
Hibernate: select last_insert_rowid()
2025-10-13T15:13:08.434+09:00 DEBUG 16864 --- [Shift Scheduler Demo] [           main] org.hibernate.SQL                        : insert into shift_assignments (employee_id,end_time,shift_name,start_time,work_date) values (?,?,?,?,?)
Hibernate: insert into shift_assignments (employee_id,end_time,shift_name,start_time,work_date) values (?,?,?,?,?)
2025-10-13T15:13:08.434+09:00 DEBUG 16864 --- [Shift Scheduler Demo] [           main] org.hibernate.SQL                        : select last_insert_rowid()
Hibernate: select last_insert_rowid()
2025-10-13T15:13:08.434+09:00 DEBUG 16864 --- [Shift Scheduler Demo] [           main] org.hibernate.SQL                        : insert into shift_assignments (employee_id,end_time,shift_name,start_time,work_date) values (?,?,?,?,?)
Hibernate: insert into shift_assignments (employee_id,end_time,shift_name,start_time,work_date) values (?,?,?,?,?)
2025-10-13T15:13:08.434+09:00 DEBUG 16864 --- [Shift Scheduler Demo] [           main] org.hibernate.SQL                        : select last_insert_rowid()
Hibernate: select last_insert_rowid()
2025-10-13T15:13:08.434+09:00 DEBUG 16864 --- [Shift Scheduler Demo] [           main] org.hibernate.SQL                        : insert into shift_assignments (employee_id,end_time,shift_name,start_time,work_date) values (?,?,?,?,?)
Hibernate: insert into shift_assignments (employee_id,end_time,shift_name,start_time,work_date) values (?,?,?,?,?)
2025-10-13T15:13:08.435+09:00 DEBUG 16864 --- [Shift Scheduler Demo] [           main] org.hibernate.SQL                        : select last_insert_rowid()
Hibernate: select last_insert_rowid()
2025-10-13T15:13:08.435+09:00 DEBUG 16864 --- [Shift Scheduler Demo] [           main] org.hibernate.SQL                        : insert into shift_assignments (employee_id,end_time,shift_name,start_time,work_date) values (?,?,?,?,?)
Hibernate: insert into shift_assignments (employee_id,end_time,shift_name,start_time,work_date) values (?,?,?,?,?)
2025-10-13T15:13:08.435+09:00 DEBUG 16864 --- [Shift Scheduler Demo] [           main] org.hibernate.SQL                        : select last_insert_rowid()
Hibernate: select last_insert_rowid()
2025-10-13T15:13:08.435+09:00 DEBUG 16864 --- [Shift Scheduler Demo] [           main] org.hibernate.SQL                        : insert into shift_assignments (employee_id,end_time,shift_name,start_time,work_date) values (?,?,?,?,?)
Hibernate: insert into shift_assignments (employee_id,end_time,shift_name,start_time,work_date) values (?,?,?,?,?)
2025-10-13T15:13:08.435+09:00 DEBUG 16864 --- [Shift Scheduler Demo] [           main] org.hibernate.SQL                        : select last_insert_rowid()
Hibernate: select last_insert_rowid()
2025-10-13T15:13:08.435+09:00 DEBUG 16864 --- [Shift Scheduler Demo] [           main] org.hibernate.SQL                        : insert into shift_assignments (employee_id,end_time,shift_name,start_time,work_date) values (?,?,?,?,?)
Hibernate: insert into shift_assignments (employee_id,end_time,shift_name,start_time,work_date) values (?,?,?,?,?)
2025-10-13T15:13:08.436+09:00 DEBUG 16864 --- [Shift Scheduler Demo] [           main] org.hibernate.SQL                        : select last_insert_rowid()
Hibernate: select last_insert_rowid()
2025-10-13T15:13:08.437+09:00 DEBUG 16864 --- [Shift Scheduler Demo] [           main] org.hibernate.SQL                        : insert into shift_assignments (employee_id,end_time,shift_name,start_time,work_date) values (?,?,?,?,?)
Hibernate: insert into shift_assignments (employee_id,end_time,shift_name,start_time,work_date) values (?,?,?,?,?)
2025-10-13T15:13:08.438+09:00 DEBUG 16864 --- [Shift Scheduler Demo] [           main] org.hibernate.SQL                        : select last_insert_rowid()
Hibernate: select last_insert_rowid()
2025-10-13T15:13:08.439+09:00 DEBUG 16864 --- [Shift Scheduler Demo] [           main] org.hibernate.SQL                        : insert into shift_assignments (employee_id,end_time,shift_name,start_time,work_date) values (?,?,?,?,?)
Hibernate: insert into shift_assignments (employee_id,end_time,shift_name,start_time,work_date) values (?,?,?,?,?)
2025-10-13T15:13:08.439+09:00 DEBUG 16864 --- [Shift Scheduler Demo] [           main] org.hibernate.SQL                        : select last_insert_rowid()
Hibernate: select last_insert_rowid()
2025-10-13T15:13:08.441+09:00 DEBUG 16864 --- [Shift Scheduler Demo] [           main] org.hibernate.SQL                        : insert into shift_assignments (employee_id,end_time,shift_name,start_time,work_date) values (?,?,?,?,?)
Hibernate: insert into shift_assignments (employee_id,end_time,shift_name,start_time,work_date) values (?,?,?,?,?)
2025-10-13T15:13:08.441+09:00 DEBUG 16864 --- [Shift Scheduler Demo] [           main] org.hibernate.SQL                        : select last_insert_rowid()
Hibernate: select last_insert_rowid()
2025-10-13T15:13:08.441+09:00 DEBUG 16864 --- [Shift Scheduler Demo] [           main] org.hibernate.SQL                        : insert into shift_assignments (employee_id,end_time,shift_name,start_time,work_date) values (?,?,?,?,?)
Hibernate: insert into shift_assignments (employee_id,end_time,shift_name,start_time,work_date) values (?,?,?,?,?)
2025-10-13T15:13:08.444+09:00 DEBUG 16864 --- [Shift Scheduler Demo] [           main] org.hibernate.SQL                        : select last_insert_rowid()
Hibernate: select last_insert_rowid()
2025-10-13T15:13:08.444+09:00 DEBUG 16864 --- [Shift Scheduler Demo] [           main] org.hibernate.SQL                        : insert into shift_assignments (employee_id,end_time,shift_name,start_time,work_date) values (?,?,?,?,?)
Hibernate: insert into shift_assignments (employee_id,end_time,shift_name,start_time,work_date) values (?,?,?,?,?)
2025-10-13T15:13:08.445+09:00 DEBUG 16864 --- [Shift Scheduler Demo] [           main] org.hibernate.SQL                        : select last_insert_rowid()
Hibernate: select last_insert_rowid()
2025-10-13T15:13:08.445+09:00 DEBUG 16864 --- [Shift Scheduler Demo] [           main] org.hibernate.SQL                        : insert into shift_assignments (employee_id,end_time,shift_name,start_time,work_date) values (?,?,?,?,?)
Hibernate: insert into shift_assignments (employee_id,end_time,shift_name,start_time,work_date) values (?,?,?,?,?)
2025-10-13T15:13:08.445+09:00 DEBUG 16864 --- [Shift Scheduler Demo] [           main] org.hibernate.SQL                        : select last_insert_rowid()
Hibernate: select last_insert_rowid()
2025-10-13T15:13:08.446+09:00 DEBUG 16864 --- [Shift Scheduler Demo] [           main] org.hibernate.SQL                        : insert into shift_assignments (employee_id,end_time,shift_name,start_time,work_date) values (?,?,?,?,?)
Hibernate: insert into shift_assignments (employee_id,end_time,shift_name,start_time,work_date) values (?,?,?,?,?)
2025-10-13T15:13:08.446+09:00 DEBUG 16864 --- [Shift Scheduler Demo] [           main] org.hibernate.SQL                        : select last_insert_rowid()
Hibernate: select last_insert_rowid()
2025-10-13T15:13:08.446+09:00 DEBUG 16864 --- [Shift Scheduler Demo] [           main] org.hibernate.SQL                        : insert into shift_assignments (employee_id,end_time,shift_name,start_time,work_date) values (?,?,?,?,?)
Hibernate: insert into shift_assignments (employee_id,end_time,shift_name,start_time,work_date) values (?,?,?,?,?)
2025-10-13T15:13:08.446+09:00 DEBUG 16864 --- [Shift Scheduler Demo] [           main] org.hibernate.SQL                        : select last_insert_rowid()
Hibernate: select last_insert_rowid()
2025-10-13T15:13:08.454+09:00 DEBUG 16864 --- [Shift Scheduler Demo] [           main] org.hibernate.SQL                        : insert into shift_assignments (employee_id,end_time,shift_name,start_time,work_date) values (?,?,?,?,?)
Hibernate: insert into shift_assignments (employee_id,end_time,shift_name,start_time,work_date) values (?,?,?,?,?)
2025-10-13T15:13:08.456+09:00 DEBUG 16864 --- [Shift Scheduler Demo] [           main] org.hibernate.SQL                        : select last_insert_rowid()
Hibernate: select last_insert_rowid()
2025-10-13T15:13:08.466+09:00 DEBUG 16864 --- [Shift Scheduler Demo] [           main] org.hibernate.SQL                        : insert into shift_assignments (employee_id,end_time,shift_name,start_time,work_date) values (?,?,?,?,?)
Hibernate: insert into shift_assignments (employee_id,end_time,shift_name,start_time,work_date) values (?,?,?,?,?)
2025-10-13T15:13:08.468+09:00 DEBUG 16864 --- [Shift Scheduler Demo] [           main] org.hibernate.SQL                        : select last_insert_rowid()
Hibernate: select last_insert_rowid()
2025-10-13T15:13:08.471+09:00  INFO 16864 --- [Shift Scheduler Demo] [           main] c.e.shiftv1.schedule.ScheduleService     : シフト生成が完了しました: 224件の割り当てを生成
2025-10-13T15:13:08.478+09:00 DEBUG 16864 --- [Shift Scheduler Demo] [           main] org.hibernate.SQL                        : select sc1_0.id,sc1_0.is_active,sc1_0.created_at,sc1_0.end_time,sc1_0.name,sc1_0.required_employees,sc1_0.start_time,sc1_0.updated_at,sc1_0.is_weekend from shift_config sc1_0 where sc1_0.is_active=1
Hibernate: select sc1_0.id,sc1_0.is_active,sc1_0.created_at,sc1_0.end_time,sc1_0.name,sc1_0.required_employees,sc1_0.start_time,sc1_0.updated_at,sc1_0.is_weekend from shift_config sc1_0 where sc1_0.is_active=1
2025-10-13T15:13:08.497+09:00 DEBUG 16864 --- [Shift Scheduler Demo] [           main] org.hibernate.SQL                        : select count(*) from employees e1_0
Hibernate: select count(*) from employees e1_0
]]></system-out>
  </testcase>
</testsuite>