<?xml version="1.0" encoding="UTF-8"?>
<testsuite xmlns:xsi="http://www.w3.org/2001/XMLSchema-instance" xsi:noNamespaceSchemaLocation="https://maven.apache.org/surefire/maven-surefire-plugin/xsd/surefire-test-report-3.0.xsd" version="3.0" name="com.example.shiftv1.schedule.ScheduleServiceTest" time="1.598" tests="2" errors="0" skipped="0" failures="0">
  <properties>
    <property name="java.specification.version" value="23"/>
    <property name="sun.cpu.isalist" value="amd64"/>
    <property name="sun.jnu.encoding" value="MS932"/>
    <property name="java.class.path" value="C:\Users\takow\Documents\02_programming\java\shiftv1\target\test-classes;C:\Users\takow\Documents\02_programming\java\shiftv1\target\classes;C:\Users\takow\.m2\repository\org\springframework\boot\spring-boot-starter-web\3.5.2\spring-boot-starter-web-3.5.2.jar;C:\Users\takow\.m2\repository\org\springframework\boot\spring-boot-starter\3.5.2\spring-boot-starter-3.5.2.jar;C:\Users\takow\.m2\repository\org\springframework\boot\spring-boot\3.5.2\spring-boot-3.5.2.jar;C:\Users\takow\.m2\repository\org\springframework\boot\spring-boot-autoconfigure\3.5.2\spring-boot-autoconfigure-3.5.2.jar;C:\Users\takow\.m2\repository\org\springframework\boot\spring-boot-starter-logging\3.5.2\spring-boot-starter-logging-3.5.2.jar;C:\Users\takow\.m2\repository\ch\qos\logback\logback-classic\1.5.18\logback-classic-1.5.18.jar;C:\Users\takow\.m2\repository\ch\qos\logback\logback-core\1.5.18\logback-core-1.5.18.jar;C:\Users\takow\.m2\repository\org\apache\logging\log4j\log4j-to-slf4j\2.24.3\log4j-to-slf4j-2.24.3.jar;C:\Users\takow\.m2\repository\org\apache\logging\log4j\log4j-api\2.24.3\log4j-api-2.24.3.jar;C:\Users\takow\.m2\repository\org\slf4j\jul-to-slf4j\2.0.17\jul-to-slf4j-2.0.17.jar;C:\Users\takow\.m2\repository\jakarta\annotation\jakarta.annotation-api\2.1.1\jakarta.annotation-api-2.1.1.jar;C:\Users\takow\.m2\repository\org\yaml\snakeyaml\2.4\snakeyaml-2.4.jar;C:\Users\takow\.m2\repository\org\springframework\boot\spring-boot-starter-json\3.5.2\spring-boot-starter-json-3.5.2.jar;C:\Users\takow\.m2\repository\com\fasterxml\jackson\core\jackson-databind\2.19.1\jackson-databind-2.19.1.jar;C:\Users\takow\.m2\repository\com\fasterxml\jackson\core\jackson-annotations\2.19.1\jackson-annotations-2.19.1.jar;C:\Users\takow\.m2\repository\com\fasterxml\jackson\core\jackson-core\2.19.1\jackson-core-2.19.1.jar;C:\Users\takow\.m2\repository\com\fasterxml\jackson\datatype\jackson-datatype-jdk8\2.19.1\jackson-datatype-jdk8-2.19.1.jar;C:\Users\takow\.m2\repository\com\fasterxml\jackson\datatype\jackson-datatype-jsr310\2.19.1\jackson-datatype-jsr310-2.19.1.jar;C:\Users\takow\.m2\repository\com\fasterxml\jackson\module\jackson-module-parameter-names\2.19.1\jackson-module-parameter-names-2.19.1.jar;C:\Users\takow\.m2\repository\org\springframework\boot\spring-boot-starter-tomcat\3.5.2\spring-boot-starter-tomcat-3.5.2.jar;C:\Users\takow\.m2\repository\org\apache\tomcat\embed\tomcat-embed-core\10.1.42\tomcat-embed-core-10.1.42.jar;C:\Users\takow\.m2\repository\org\apache\tomcat\embed\tomcat-embed-websocket\10.1.42\tomcat-embed-websocket-10.1.42.jar;C:\Users\takow\.m2\repository\org\springframework\spring-web\6.2.8\spring-web-6.2.8.jar;C:\Users\takow\.m2\repository\org\springframework\spring-beans\6.2.8\spring-beans-6.2.8.jar;C:\Users\takow\.m2\repository\org\springframework\spring-webmvc\6.2.8\spring-webmvc-6.2.8.jar;C:\Users\takow\.m2\repository\org\springframework\spring-context\6.2.8\spring-context-6.2.8.jar;C:\Users\takow\.m2\repository\org\springframework\spring-expression\6.2.8\spring-expression-6.2.8.jar;C:\Users\takow\.m2\repository\org\springframework\boot\spring-boot-starter-data-jpa\3.5.2\spring-boot-starter-data-jpa-3.5.2.jar;C:\Users\takow\.m2\repository\org\springframework\boot\spring-boot-starter-jdbc\3.5.2\spring-boot-starter-jdbc-3.5.2.jar;C:\Users\takow\.m2\repository\com\zaxxer\HikariCP\6.3.0\HikariCP-6.3.0.jar;C:\Users\takow\.m2\repository\org\springframework\spring-jdbc\6.2.8\spring-jdbc-6.2.8.jar;C:\Users\takow\.m2\repository\org\hibernate\orm\hibernate-core\6.6.18.Final\hibernate-core-6.6.18.Final.jar;C:\Users\takow\.m2\repository\jakarta\persistence\jakarta.persistence-api\3.1.0\jakarta.persistence-api-3.1.0.jar;C:\Users\takow\.m2\repository\jakarta\transaction\jakarta.transaction-api\2.0.1\jakarta.transaction-api-2.0.1.jar;C:\Users\takow\.m2\repository\org\hibernate\common\hibernate-commons-annotations\7.0.3.Final\hibernate-commons-annotations-7.0.3.Final.jar;C:\Users\takow\.m2\repository\io\smallrye\jandex\3.2.0\jandex-3.2.0.jar;C:\Users\takow\.m2\repository\com\fasterxml\classmate\1.7.0\classmate-1.7.0.jar;C:\Users\takow\.m2\repository\net\bytebuddy\byte-buddy\1.17.6\byte-buddy-1.17.6.jar;C:\Users\takow\.m2\repository\org\glassfish\jaxb\jaxb-runtime\4.0.5\jaxb-runtime-4.0.5.jar;C:\Users\takow\.m2\repository\org\glassfish\jaxb\jaxb-core\4.0.5\jaxb-core-4.0.5.jar;C:\Users\takow\.m2\repository\org\eclipse\angus\angus-activation\2.0.2\angus-activation-2.0.2.jar;C:\Users\takow\.m2\repository\org\glassfish\jaxb\txw2\4.0.5\txw2-4.0.5.jar;C:\Users\takow\.m2\repository\com\sun\istack\istack-commons-runtime\4.1.2\istack-commons-runtime-4.1.2.jar;C:\Users\takow\.m2\repository\jakarta\inject\jakarta.inject-api\2.0.1\jakarta.inject-api-2.0.1.jar;C:\Users\takow\.m2\repository\org\antlr\antlr4-runtime\4.13.0\antlr4-runtime-4.13.0.jar;C:\Users\takow\.m2\repository\org\springframework\data\spring-data-jpa\3.5.1\spring-data-jpa-3.5.1.jar;C:\Users\takow\.m2\repository\org\springframework\data\spring-data-commons\3.5.1\spring-data-commons-3.5.1.jar;C:\Users\takow\.m2\repository\org\springframework\spring-orm\6.2.8\spring-orm-6.2.8.jar;C:\Users\takow\.m2\repository\org\springframework\spring-tx\6.2.8\spring-tx-6.2.8.jar;C:\Users\takow\.m2\repository\org\springframework\spring-aspects\6.2.8\spring-aspects-6.2.8.jar;C:\Users\takow\.m2\repository\org\aspectj\aspectjweaver\1.9.24\aspectjweaver-1.9.24.jar;C:\Users\takow\.m2\repository\org\xerial\sqlite-jdbc\3.46.0.0\sqlite-jdbc-3.46.0.0.jar;C:\Users\takow\.m2\repository\org\slf4j\slf4j-api\2.0.17\slf4j-api-2.0.17.jar;C:\Users\takow\.m2\repository\org\hibernate\orm\hibernate-community-dialects\6.4.4.Final\hibernate-community-dialects-6.4.4.Final.jar;C:\Users\takow\.m2\repository\org\jboss\logging\jboss-logging\3.6.1.Final\jboss-logging-3.6.1.Final.jar;C:\Users\takow\.m2\repository\org\projectlombok\lombok\1.18.38\lombok-1.18.38.jar;C:\Users\takow\.m2\repository\org\springframework\boot\spring-boot-starter-thymeleaf\3.5.2\spring-boot-starter-thymeleaf-3.5.2.jar;C:\Users\takow\.m2\repository\org\thymeleaf\thymeleaf-spring6\3.1.3.RELEASE\thymeleaf-spring6-3.1.3.RELEASE.jar;C:\Users\takow\.m2\repository\org\thymeleaf\thymeleaf\3.1.3.RELEASE\thymeleaf-3.1.3.RELEASE.jar;C:\Users\takow\.m2\repository\org\attoparser\attoparser\2.0.7.RELEASE\attoparser-2.0.7.RELEASE.jar;C:\Users\takow\.m2\repository\org\unbescape\unbescape\1.1.6.RELEASE\unbescape-1.1.6.RELEASE.jar;C:\Users\takow\.m2\repository\org\springframework\boot\spring-boot-starter-validation\3.5.2\spring-boot-starter-validation-3.5.2.jar;C:\Users\takow\.m2\repository\org\apache\tomcat\embed\tomcat-embed-el\10.1.42\tomcat-embed-el-10.1.42.jar;C:\Users\takow\.m2\repository\org\hibernate\validator\hibernate-validator\8.0.2.Final\hibernate-validator-8.0.2.Final.jar;C:\Users\takow\.m2\repository\jakarta\validation\jakarta.validation-api\3.0.2\jakarta.validation-api-3.0.2.jar;C:\Users\takow\.m2\repository\org\springframework\boot\spring-boot-starter-security\3.5.2\spring-boot-starter-security-3.5.2.jar;C:\Users\takow\.m2\repository\org\springframework\spring-aop\6.2.8\spring-aop-6.2.8.jar;C:\Users\takow\.m2\repository\org\springframework\security\spring-security-config\6.5.1\spring-security-config-6.5.1.jar;C:\Users\takow\.m2\repository\org\springframework\security\spring-security-core\6.5.1\spring-security-core-6.5.1.jar;C:\Users\takow\.m2\repository\org\springframework\security\spring-security-crypto\6.5.1\spring-security-crypto-6.5.1.jar;C:\Users\takow\.m2\repository\org\springframework\security\spring-security-web\6.5.1\spring-security-web-6.5.1.jar;C:\Users\takow\.m2\repository\org\springframework\boot\spring-boot-starter-actuator\3.5.2\spring-boot-starter-actuator-3.5.2.jar;C:\Users\takow\.m2\repository\org\springframework\boot\spring-boot-actuator-autoconfigure\3.5.2\spring-boot-actuator-autoconfigure-3.5.2.jar;C:\Users\takow\.m2\repository\org\springframework\boot\spring-boot-actuator\3.5.2\spring-boot-actuator-3.5.2.jar;C:\Users\takow\.m2\repository\io\micrometer\micrometer-observation\1.15.1\micrometer-observation-1.15.1.jar;C:\Users\takow\.m2\repository\io\micrometer\micrometer-commons\1.15.1\micrometer-commons-1.15.1.jar;C:\Users\takow\.m2\repository\io\micrometer\micrometer-jakarta9\1.15.1\micrometer-jakarta9-1.15.1.jar;C:\Users\takow\.m2\repository\io\micrometer\micrometer-core\1.15.1\micrometer-core-1.15.1.jar;C:\Users\takow\.m2\repository\org\hdrhistogram\HdrHistogram\2.2.2\HdrHistogram-2.2.2.jar;C:\Users\takow\.m2\repository\org\latencyutils\LatencyUtils\2.0.3\LatencyUtils-2.0.3.jar;C:\Users\takow\.m2\repository\org\springframework\boot\spring-boot-starter-test\3.5.2\spring-boot-starter-test-3.5.2.jar;C:\Users\takow\.m2\repository\org\springframework\boot\spring-boot-test\3.5.2\spring-boot-test-3.5.2.jar;C:\Users\takow\.m2\repository\org\springframework\boot\spring-boot-test-autoconfigure\3.5.2\spring-boot-test-autoconfigure-3.5.2.jar;C:\Users\takow\.m2\repository\com\jayway\jsonpath\json-path\2.9.0\json-path-2.9.0.jar;C:\Users\takow\.m2\repository\jakarta\xml\bind\jakarta.xml.bind-api\4.0.2\jakarta.xml.bind-api-4.0.2.jar;C:\Users\takow\.m2\repository\jakarta\activation\jakarta.activation-api\2.1.3\jakarta.activation-api-2.1.3.jar;C:\Users\takow\.m2\repository\net\minidev\json-smart\2.5.2\json-smart-2.5.2.jar;C:\Users\takow\.m2\repository\net\minidev\accessors-smart\2.5.2\accessors-smart-2.5.2.jar;C:\Users\takow\.m2\repository\org\ow2\asm\asm\9.7.1\asm-9.7.1.jar;C:\Users\takow\.m2\repository\org\assertj\assertj-core\3.27.3\assertj-core-3.27.3.jar;C:\Users\takow\.m2\repository\org\awaitility\awaitility\4.2.2\awaitility-4.2.2.jar;C:\Users\takow\.m2\repository\org\hamcrest\hamcrest\3.0\hamcrest-3.0.jar;C:\Users\takow\.m2\repository\org\junit\jupiter\junit-jupiter\5.12.2\junit-jupiter-5.12.2.jar;C:\Users\takow\.m2\repository\org\junit\jupiter\junit-jupiter-api\5.12.2\junit-jupiter-api-5.12.2.jar;C:\Users\takow\.m2\repository\org\opentest4j\opentest4j\1.3.0\opentest4j-1.3.0.jar;C:\Users\takow\.m2\repository\org\junit\platform\junit-platform-commons\1.12.2\junit-platform-commons-1.12.2.jar;C:\Users\takow\.m2\repository\org\apiguardian\apiguardian-api\1.1.2\apiguardian-api-1.1.2.jar;C:\Users\takow\.m2\repository\org\junit\jupiter\junit-jupiter-params\5.12.2\junit-jupiter-params-5.12.2.jar;C:\Users\takow\.m2\repository\org\junit\jupiter\junit-jupiter-engine\5.12.2\junit-jupiter-engine-5.12.2.jar;C:\Users\takow\.m2\repository\org\junit\platform\junit-platform-engine\1.12.2\junit-platform-engine-1.12.2.jar;C:\Users\takow\.m2\repository\org\mockito\mockito-core\5.17.0\mockito-core-5.17.0.jar;C:\Users\takow\.m2\repository\net\bytebuddy\byte-buddy-agent\1.17.6\byte-buddy-agent-1.17.6.jar;C:\Users\takow\.m2\repository\org\objenesis\objenesis\3.3\objenesis-3.3.jar;C:\Users\takow\.m2\repository\org\mockito\mockito-junit-jupiter\5.17.0\mockito-junit-jupiter-5.17.0.jar;C:\Users\takow\.m2\repository\org\skyscreamer\jsonassert\1.5.3\jsonassert-1.5.3.jar;C:\Users\takow\.m2\repository\com\vaadin\external\google\android-json\0.0.20131108.vaadin1\android-json-0.0.20131108.vaadin1.jar;C:\Users\takow\.m2\repository\org\springframework\spring-core\6.2.8\spring-core-6.2.8.jar;C:\Users\takow\.m2\repository\org\springframework\spring-jcl\6.2.8\spring-jcl-6.2.8.jar;C:\Users\takow\.m2\repository\org\springframework\spring-test\6.2.8\spring-test-6.2.8.jar;C:\Users\takow\.m2\repository\org\xmlunit\xmlunit-core\2.10.2\xmlunit-core-2.10.2.jar;"/>
    <property name="java.vm.vendor" value="Oracle Corporation"/>
    <property name="sun.arch.data.model" value="64"/>
    <property name="user.variant" value=""/>
    <property name="java.vendor.url" value="https://java.oracle.com/"/>
    <property name="user.timezone" value="Asia/Tokyo"/>
    <property name="org.jboss.logging.provider" value="slf4j"/>
    <property name="os.name" value="Windows 11"/>
    <property name="java.vm.specification.version" value="23"/>
    <property name="APPLICATION_NAME" value="Shift Scheduler Demo"/>
    <property name="sun.java.launcher" value="SUN_STANDARD"/>
    <property name="user.country" value="JP"/>
    <property name="sun.boot.library.path" value="C:\Program Files\Java\jdk-23\bin"/>
    <property name="sun.java.command" value="C:\Users\takow\AppData\Local\Temp\surefire7915747301928058371\surefirebooter-20251026122216613_3.jar C:\Users\takow\AppData\Local\Temp\surefire7915747301928058371 2025-10-26T12-22-16_473-jvmRun1 surefire-20251026122216613_1tmp surefire_0-20251026122216613_2tmp"/>
    <property name="jdk.debug" value="release"/>
    <property name="surefire.test.class.path" value="C:\Users\takow\Documents\02_programming\java\shiftv1\target\test-classes;C:\Users\takow\Documents\02_programming\java\shiftv1\target\classes;C:\Users\takow\.m2\repository\org\springframework\boot\spring-boot-starter-web\3.5.2\spring-boot-starter-web-3.5.2.jar;C:\Users\takow\.m2\repository\org\springframework\boot\spring-boot-starter\3.5.2\spring-boot-starter-3.5.2.jar;C:\Users\takow\.m2\repository\org\springframework\boot\spring-boot\3.5.2\spring-boot-3.5.2.jar;C:\Users\takow\.m2\repository\org\springframework\boot\spring-boot-autoconfigure\3.5.2\spring-boot-autoconfigure-3.5.2.jar;C:\Users\takow\.m2\repository\org\springframework\boot\spring-boot-starter-logging\3.5.2\spring-boot-starter-logging-3.5.2.jar;C:\Users\takow\.m2\repository\ch\qos\logback\logback-classic\1.5.18\logback-classic-1.5.18.jar;C:\Users\takow\.m2\repository\ch\qos\logback\logback-core\1.5.18\logback-core-1.5.18.jar;C:\Users\takow\.m2\repository\org\apache\logging\log4j\log4j-to-slf4j\2.24.3\log4j-to-slf4j-2.24.3.jar;C:\Users\takow\.m2\repository\org\apache\logging\log4j\log4j-api\2.24.3\log4j-api-2.24.3.jar;C:\Users\takow\.m2\repository\org\slf4j\jul-to-slf4j\2.0.17\jul-to-slf4j-2.0.17.jar;C:\Users\takow\.m2\repository\jakarta\annotation\jakarta.annotation-api\2.1.1\jakarta.annotation-api-2.1.1.jar;C:\Users\takow\.m2\repository\org\yaml\snakeyaml\2.4\snakeyaml-2.4.jar;C:\Users\takow\.m2\repository\org\springframework\boot\spring-boot-starter-json\3.5.2\spring-boot-starter-json-3.5.2.jar;C:\Users\takow\.m2\repository\com\fasterxml\jackson\core\jackson-databind\2.19.1\jackson-databind-2.19.1.jar;C:\Users\takow\.m2\repository\com\fasterxml\jackson\core\jackson-annotations\2.19.1\jackson-annotations-2.19.1.jar;C:\Users\takow\.m2\repository\com\fasterxml\jackson\core\jackson-core\2.19.1\jackson-core-2.19.1.jar;C:\Users\takow\.m2\repository\com\fasterxml\jackson\datatype\jackson-datatype-jdk8\2.19.1\jackson-datatype-jdk8-2.19.1.jar;C:\Users\takow\.m2\repository\com\fasterxml\jackson\datatype\jackson-datatype-jsr310\2.19.1\jackson-datatype-jsr310-2.19.1.jar;C:\Users\takow\.m2\repository\com\fasterxml\jackson\module\jackson-module-parameter-names\2.19.1\jackson-module-parameter-names-2.19.1.jar;C:\Users\takow\.m2\repository\org\springframework\boot\spring-boot-starter-tomcat\3.5.2\spring-boot-starter-tomcat-3.5.2.jar;C:\Users\takow\.m2\repository\org\apache\tomcat\embed\tomcat-embed-core\10.1.42\tomcat-embed-core-10.1.42.jar;C:\Users\takow\.m2\repository\org\apache\tomcat\embed\tomcat-embed-websocket\10.1.42\tomcat-embed-websocket-10.1.42.jar;C:\Users\takow\.m2\repository\org\springframework\spring-web\6.2.8\spring-web-6.2.8.jar;C:\Users\takow\.m2\repository\org\springframework\spring-beans\6.2.8\spring-beans-6.2.8.jar;C:\Users\takow\.m2\repository\org\springframework\spring-webmvc\6.2.8\spring-webmvc-6.2.8.jar;C:\Users\takow\.m2\repository\org\springframework\spring-context\6.2.8\spring-context-6.2.8.jar;C:\Users\takow\.m2\repository\org\springframework\spring-expression\6.2.8\spring-expression-6.2.8.jar;C:\Users\takow\.m2\repository\org\springframework\boot\spring-boot-starter-data-jpa\3.5.2\spring-boot-starter-data-jpa-3.5.2.jar;C:\Users\takow\.m2\repository\org\springframework\boot\spring-boot-starter-jdbc\3.5.2\spring-boot-starter-jdbc-3.5.2.jar;C:\Users\takow\.m2\repository\com\zaxxer\HikariCP\6.3.0\HikariCP-6.3.0.jar;C:\Users\takow\.m2\repository\org\springframework\spring-jdbc\6.2.8\spring-jdbc-6.2.8.jar;C:\Users\takow\.m2\repository\org\hibernate\orm\hibernate-core\6.6.18.Final\hibernate-core-6.6.18.Final.jar;C:\Users\takow\.m2\repository\jakarta\persistence\jakarta.persistence-api\3.1.0\jakarta.persistence-api-3.1.0.jar;C:\Users\takow\.m2\repository\jakarta\transaction\jakarta.transaction-api\2.0.1\jakarta.transaction-api-2.0.1.jar;C:\Users\takow\.m2\repository\org\hibernate\common\hibernate-commons-annotations\7.0.3.Final\hibernate-commons-annotations-7.0.3.Final.jar;C:\Users\takow\.m2\repository\io\smallrye\jandex\3.2.0\jandex-3.2.0.jar;C:\Users\takow\.m2\repository\com\fasterxml\classmate\1.7.0\classmate-1.7.0.jar;C:\Users\takow\.m2\repository\net\bytebuddy\byte-buddy\1.17.6\byte-buddy-1.17.6.jar;C:\Users\takow\.m2\repository\org\glassfish\jaxb\jaxb-runtime\4.0.5\jaxb-runtime-4.0.5.jar;C:\Users\takow\.m2\repository\org\glassfish\jaxb\jaxb-core\4.0.5\jaxb-core-4.0.5.jar;C:\Users\takow\.m2\repository\org\eclipse\angus\angus-activation\2.0.2\angus-activation-2.0.2.jar;C:\Users\takow\.m2\repository\org\glassfish\jaxb\txw2\4.0.5\txw2-4.0.5.jar;C:\Users\takow\.m2\repository\com\sun\istack\istack-commons-runtime\4.1.2\istack-commons-runtime-4.1.2.jar;C:\Users\takow\.m2\repository\jakarta\inject\jakarta.inject-api\2.0.1\jakarta.inject-api-2.0.1.jar;C:\Users\takow\.m2\repository\org\antlr\antlr4-runtime\4.13.0\antlr4-runtime-4.13.0.jar;C:\Users\takow\.m2\repository\org\springframework\data\spring-data-jpa\3.5.1\spring-data-jpa-3.5.1.jar;C:\Users\takow\.m2\repository\org\springframework\data\spring-data-commons\3.5.1\spring-data-commons-3.5.1.jar;C:\Users\takow\.m2\repository\org\springframework\spring-orm\6.2.8\spring-orm-6.2.8.jar;C:\Users\takow\.m2\repository\org\springframework\spring-tx\6.2.8\spring-tx-6.2.8.jar;C:\Users\takow\.m2\repository\org\springframework\spring-aspects\6.2.8\spring-aspects-6.2.8.jar;C:\Users\takow\.m2\repository\org\aspectj\aspectjweaver\1.9.24\aspectjweaver-1.9.24.jar;C:\Users\takow\.m2\repository\org\xerial\sqlite-jdbc\3.46.0.0\sqlite-jdbc-3.46.0.0.jar;C:\Users\takow\.m2\repository\org\slf4j\slf4j-api\2.0.17\slf4j-api-2.0.17.jar;C:\Users\takow\.m2\repository\org\hibernate\orm\hibernate-community-dialects\6.4.4.Final\hibernate-community-dialects-6.4.4.Final.jar;C:\Users\takow\.m2\repository\org\jboss\logging\jboss-logging\3.6.1.Final\jboss-logging-3.6.1.Final.jar;C:\Users\takow\.m2\repository\org\projectlombok\lombok\1.18.38\lombok-1.18.38.jar;C:\Users\takow\.m2\repository\org\springframework\boot\spring-boot-starter-thymeleaf\3.5.2\spring-boot-starter-thymeleaf-3.5.2.jar;C:\Users\takow\.m2\repository\org\thymeleaf\thymeleaf-spring6\3.1.3.RELEASE\thymeleaf-spring6-3.1.3.RELEASE.jar;C:\Users\takow\.m2\repository\org\thymeleaf\thymeleaf\3.1.3.RELEASE\thymeleaf-3.1.3.RELEASE.jar;C:\Users\takow\.m2\repository\org\attoparser\attoparser\2.0.7.RELEASE\attoparser-2.0.7.RELEASE.jar;C:\Users\takow\.m2\repository\org\unbescape\unbescape\1.1.6.RELEASE\unbescape-1.1.6.RELEASE.jar;C:\Users\takow\.m2\repository\org\springframework\boot\spring-boot-starter-validation\3.5.2\spring-boot-starter-validation-3.5.2.jar;C:\Users\takow\.m2\repository\org\apache\tomcat\embed\tomcat-embed-el\10.1.42\tomcat-embed-el-10.1.42.jar;C:\Users\takow\.m2\repository\org\hibernate\validator\hibernate-validator\8.0.2.Final\hibernate-validator-8.0.2.Final.jar;C:\Users\takow\.m2\repository\jakarta\validation\jakarta.validation-api\3.0.2\jakarta.validation-api-3.0.2.jar;C:\Users\takow\.m2\repository\org\springframework\boot\spring-boot-starter-security\3.5.2\spring-boot-starter-security-3.5.2.jar;C:\Users\takow\.m2\repository\org\springframework\spring-aop\6.2.8\spring-aop-6.2.8.jar;C:\Users\takow\.m2\repository\org\springframework\security\spring-security-config\6.5.1\spring-security-config-6.5.1.jar;C:\Users\takow\.m2\repository\org\springframework\security\spring-security-core\6.5.1\spring-security-core-6.5.1.jar;C:\Users\takow\.m2\repository\org\springframework\security\spring-security-crypto\6.5.1\spring-security-crypto-6.5.1.jar;C:\Users\takow\.m2\repository\org\springframework\security\spring-security-web\6.5.1\spring-security-web-6.5.1.jar;C:\Users\takow\.m2\repository\org\springframework\boot\spring-boot-starter-actuator\3.5.2\spring-boot-starter-actuator-3.5.2.jar;C:\Users\takow\.m2\repository\org\springframework\boot\spring-boot-actuator-autoconfigure\3.5.2\spring-boot-actuator-autoconfigure-3.5.2.jar;C:\Users\takow\.m2\repository\org\springframework\boot\spring-boot-actuator\3.5.2\spring-boot-actuator-3.5.2.jar;C:\Users\takow\.m2\repository\io\micrometer\micrometer-observation\1.15.1\micrometer-observation-1.15.1.jar;C:\Users\takow\.m2\repository\io\micrometer\micrometer-commons\1.15.1\micrometer-commons-1.15.1.jar;C:\Users\takow\.m2\repository\io\micrometer\micrometer-jakarta9\1.15.1\micrometer-jakarta9-1.15.1.jar;C:\Users\takow\.m2\repository\io\micrometer\micrometer-core\1.15.1\micrometer-core-1.15.1.jar;C:\Users\takow\.m2\repository\org\hdrhistogram\HdrHistogram\2.2.2\HdrHistogram-2.2.2.jar;C:\Users\takow\.m2\repository\org\latencyutils\LatencyUtils\2.0.3\LatencyUtils-2.0.3.jar;C:\Users\takow\.m2\repository\org\springframework\boot\spring-boot-starter-test\3.5.2\spring-boot-starter-test-3.5.2.jar;C:\Users\takow\.m2\repository\org\springframework\boot\spring-boot-test\3.5.2\spring-boot-test-3.5.2.jar;C:\Users\takow\.m2\repository\org\springframework\boot\spring-boot-test-autoconfigure\3.5.2\spring-boot-test-autoconfigure-3.5.2.jar;C:\Users\takow\.m2\repository\com\jayway\jsonpath\json-path\2.9.0\json-path-2.9.0.jar;C:\Users\takow\.m2\repository\jakarta\xml\bind\jakarta.xml.bind-api\4.0.2\jakarta.xml.bind-api-4.0.2.jar;C:\Users\takow\.m2\repository\jakarta\activation\jakarta.activation-api\2.1.3\jakarta.activation-api-2.1.3.jar;C:\Users\takow\.m2\repository\net\minidev\json-smart\2.5.2\json-smart-2.5.2.jar;C:\Users\takow\.m2\repository\net\minidev\accessors-smart\2.5.2\accessors-smart-2.5.2.jar;C:\Users\takow\.m2\repository\org\ow2\asm\asm\9.7.1\asm-9.7.1.jar;C:\Users\takow\.m2\repository\org\assertj\assertj-core\3.27.3\assertj-core-3.27.3.jar;C:\Users\takow\.m2\repository\org\awaitility\awaitility\4.2.2\awaitility-4.2.2.jar;C:\Users\takow\.m2\repository\org\hamcrest\hamcrest\3.0\hamcrest-3.0.jar;C:\Users\takow\.m2\repository\org\junit\jupiter\junit-jupiter\5.12.2\junit-jupiter-5.12.2.jar;C:\Users\takow\.m2\repository\org\junit\jupiter\junit-jupiter-api\5.12.2\junit-jupiter-api-5.12.2.jar;C:\Users\takow\.m2\repository\org\opentest4j\opentest4j\1.3.0\opentest4j-1.3.0.jar;C:\Users\takow\.m2\repository\org\junit\platform\junit-platform-commons\1.12.2\junit-platform-commons-1.12.2.jar;C:\Users\takow\.m2\repository\org\apiguardian\apiguardian-api\1.1.2\apiguardian-api-1.1.2.jar;C:\Users\takow\.m2\repository\org\junit\jupiter\junit-jupiter-params\5.12.2\junit-jupiter-params-5.12.2.jar;C:\Users\takow\.m2\repository\org\junit\jupiter\junit-jupiter-engine\5.12.2\junit-jupiter-engine-5.12.2.jar;C:\Users\takow\.m2\repository\org\junit\platform\junit-platform-engine\1.12.2\junit-platform-engine-1.12.2.jar;C:\Users\takow\.m2\repository\org\mockito\mockito-core\5.17.0\mockito-core-5.17.0.jar;C:\Users\takow\.m2\repository\net\bytebuddy\byte-buddy-agent\1.17.6\byte-buddy-agent-1.17.6.jar;C:\Users\takow\.m2\repository\org\objenesis\objenesis\3.3\objenesis-3.3.jar;C:\Users\takow\.m2\repository\org\mockito\mockito-junit-jupiter\5.17.0\mockito-junit-jupiter-5.17.0.jar;C:\Users\takow\.m2\repository\org\skyscreamer\jsonassert\1.5.3\jsonassert-1.5.3.jar;C:\Users\takow\.m2\repository\com\vaadin\external\google\android-json\0.0.20131108.vaadin1\android-json-0.0.20131108.vaadin1.jar;C:\Users\takow\.m2\repository\org\springframework\spring-core\6.2.8\spring-core-6.2.8.jar;C:\Users\takow\.m2\repository\org\springframework\spring-jcl\6.2.8\spring-jcl-6.2.8.jar;C:\Users\takow\.m2\repository\org\springframework\spring-test\6.2.8\spring-test-6.2.8.jar;C:\Users\takow\.m2\repository\org\xmlunit\xmlunit-core\2.10.2\xmlunit-core-2.10.2.jar;"/>
    <property name="sun.cpu.endian" value="little"/>
    <property name="user.home" value="C:\Users\takow"/>
    <property name="user.language" value="ja"/>
    <property name="java.specification.vendor" value="Oracle Corporation"/>
    <property name="java.version.date" value="2025-01-21"/>
    <property name="java.home" value="C:\Program Files\Java\jdk-23"/>
    <property name="file.separator" value="\"/>
    <property name="basedir" value="C:\Users\takow\Documents\02_programming\java\shiftv1"/>
    <property name="java.vm.compressedOopsMode" value="32-bit"/>
    <property name="line.separator" value="&#10;"/>
    <property name="java.vm.specification.vendor" value="Oracle Corporation"/>
    <property name="java.specification.name" value="Java Platform API Specification"/>
    <property name="FILE_LOG_CHARSET" value="UTF-8"/>
    <property name="java.awt.headless" value="true"/>
    <property name="surefire.real.class.path" value="C:\Users\takow\AppData\Local\Temp\surefire7915747301928058371\surefirebooter-20251026122216613_3.jar"/>
    <property name="user.script" value=""/>
    <property name="sun.management.compiler" value="HotSpot 64-Bit Tiered Compilers"/>
    <property name="java.runtime.version" value="23.0.2+7-58"/>
    <property name="user.name" value="takow"/>
    <property name="stdout.encoding" value="MS932"/>
    <property name="path.separator" value=";"/>
    <property name="os.version" value="10.0"/>
    <property name="java.runtime.name" value="Java(TM) SE Runtime Environment"/>
    <property name="file.encoding" value="UTF-8"/>
    <property name="java.vm.name" value="Java HotSpot(TM) 64-Bit Server VM"/>
    <property name="localRepository" value="C:\Users\takow\.m2\repository"/>
    <property name="java.vendor.url.bug" value="https://bugreport.java.com/bugreport/"/>
    <property name="java.io.tmpdir" value="C:\Users\takow\AppData\Local\Temp\"/>
    <property name="com.zaxxer.hikari.pool_number" value="1"/>
    <property name="java.version" value="23.0.2"/>
    <property name="user.dir" value="C:\Users\takow\Documents\02_programming\java\shiftv1"/>
    <property name="os.arch" value="amd64"/>
    <property name="java.vm.specification.name" value="Java Virtual Machine Specification"/>
    <property name="PID" value="19468"/>
    <property name="sun.os.patch.level" value=""/>
    <property name="CONSOLE_LOG_CHARSET" value="windows-31j"/>
    <property name="native.encoding" value="MS932"/>
    <property name="java.library.path" value="C:\Program Files\Java\jdk-23\bin;C:\WINDOWS\Sun\Java\bin;C:\WINDOWS\system32;C:\WINDOWS;C:\Program Files\PowerShell\7;C:\Program Files\Java\jdk-23\bin;C:\Program Files\Java\jdk-23\bin;C:\Program Files\Java\jdk-23\bin;C:\WINDOWS\System32&quot;;C:\Program Files\Git\cmd;C:\Program Files\PowerShell\7\;C:\Program Files\cursor\resources\app\bin&quot;;C:\Program Files\Git\cmd;C:\Program Files\PowerShell\7\;C:\Program Files\cursor\resources\app\bin&quot;;C:\Program Files\Git\cmd;C:\Program Files\PowerShell\7\;C:\Program Files\cursor\resources\app\bin;C:\Users\takow\Documents\SQLite;C:\Users\takow\AppData\Local\Programs\Python\Python312\;C:\Users\takow\AppData\Local\Programs\Python\Launcher\;C:\Users\takow\AppData\Local\Microsoft\WindowsApps;C:\Users\takow\AppData\Local\Programs\Microsoft VS Code\bin;C:\Users\takow\Documents\02_programming\java\099_環境\apache-maven-3.9.9\bin;C:\Users\takow\AppData\Local\JetBrains\Toolbox\scripts;C:\Windows\System32;;c:\Users\takow\AppData\Roaming\Code\User\globalStorage\github.copilot-chat\debugCommand;."/>
    <property name="java.vm.info" value="mixed mode, sharing"/>
    <property name="stderr.encoding" value="MS932"/>
    <property name="java.vendor" value="Oracle Corporation"/>
    <property name="java.vm.version" value="23.0.2+7-58"/>
    <property name="sun.io.unicode.encoding" value="UnicodeLittle"/>
    <property name="java.class.version" value="67.0"/>
    <property name="LOGGED_APPLICATION_NAME" value="[Shift Scheduler Demo] "/>
  </properties>
  <testcase name="generateMonthlySchedule_respectsEmployeeConstraints" classname="com.example.shiftv1.schedule.ScheduleServiceTest" time="0.935">
    <system-out><![CDATA[2025-10-26T12:22:31.564+09:00  INFO 19468 --- [Shift Scheduler Demo] [           main] t.c.s.AnnotationConfigContextLoaderUtils : Could not detect default configuration classes for test class [com.example.shiftv1.schedule.ScheduleServiceTest]: ScheduleServiceTest does not declare any static, non-private, non-final, nested classes annotated with @Configuration.
2025-10-26T12:22:31.564+09:00  INFO 19468 --- [Shift Scheduler Demo] [           main] .b.t.c.SpringBootTestContextBootstrapper : Found @SpringBootConfiguration com.example.shiftv1.Shiftv1Application for test class com.example.shiftv1.schedule.ScheduleServiceTest
2025-10-26T12:22:31.594+09:00 DEBUG 19468 --- [Shift Scheduler Demo] [           main] org.hibernate.SQL                        : select sa1_0.id,sa1_0.employee_id,sa1_0.end_time,sa1_0.shift_name,sa1_0.start_time,sa1_0.work_date from shift_assignments sa1_0
Hibernate: select sa1_0.id,sa1_0.employee_id,sa1_0.end_time,sa1_0.shift_name,sa1_0.start_time,sa1_0.work_date from shift_assignments sa1_0
2025-10-26T12:22:31.757+09:00 DEBUG 19468 --- [Shift Scheduler Demo] [           main] org.hibernate.SQL                        : select ec1_0.id,ec1_0.is_active,ec1_0.created_at,ec1_0.date,ec1_0.employee_id,ec1_0.end_time,ec1_0.reason,ec1_0.start_time,ec1_0.type,ec1_0.updated_at from employee_constraints ec1_0
Hibernate: select ec1_0.id,ec1_0.is_active,ec1_0.created_at,ec1_0.date,ec1_0.employee_id,ec1_0.end_time,ec1_0.reason,ec1_0.start_time,ec1_0.type,ec1_0.updated_at from employee_constraints ec1_0
2025-10-26T12:22:31.764+09:00 DEBUG 19468 --- [Shift Scheduler Demo] [           main] org.hibernate.SQL                        : select e1_0.id,e1_0.created_at,e1_0.name,e1_0.role from employees e1_0
Hibernate: select e1_0.id,e1_0.created_at,e1_0.name,e1_0.role from employees e1_0
2025-10-26T12:22:31.764+09:00 DEBUG 19468 --- [Shift Scheduler Demo] [           main] org.hibernate.SQL                        : select s1_0.employee_id,s1_1.id,s1_1.code,s1_1.created_at,s1_1.description,s1_1.name,s1_1.priority,s1_1.updated_at from employee_skills s1_0 join skills s1_1 on s1_1.id=s1_0.skill_id where s1_0.employee_id=?
Hibernate: select s1_0.employee_id,s1_1.id,s1_1.code,s1_1.created_at,s1_1.description,s1_1.name,s1_1.priority,s1_1.updated_at from employee_skills s1_0 join skills s1_1 on s1_1.id=s1_0.skill_id where s1_0.employee_id=?
2025-10-26T12:22:31.771+09:00 DEBUG 19468 --- [Shift Scheduler Demo] [           main] org.hibernate.SQL                        : select s1_0.employee_id,s1_1.id,s1_1.code,s1_1.created_at,s1_1.description,s1_1.name,s1_1.priority,s1_1.updated_at from employee_skills s1_0 join skills s1_1 on s1_1.id=s1_0.skill_id where s1_0.employee_id=?
Hibernate: select s1_0.employee_id,s1_1.id,s1_1.code,s1_1.created_at,s1_1.description,s1_1.name,s1_1.priority,s1_1.updated_at from employee_skills s1_0 join skills s1_1 on s1_1.id=s1_0.skill_id where s1_0.employee_id=?
2025-10-26T12:22:31.771+09:00 DEBUG 19468 --- [Shift Scheduler Demo] [           main] org.hibernate.SQL                        : select s1_0.employee_id,s1_1.id,s1_1.code,s1_1.created_at,s1_1.description,s1_1.name,s1_1.priority,s1_1.updated_at from employee_skills s1_0 join skills s1_1 on s1_1.id=s1_0.skill_id where s1_0.employee_id=?
Hibernate: select s1_0.employee_id,s1_1.id,s1_1.code,s1_1.created_at,s1_1.description,s1_1.name,s1_1.priority,s1_1.updated_at from employee_skills s1_0 join skills s1_1 on s1_1.id=s1_0.skill_id where s1_0.employee_id=?
2025-10-26T12:22:31.774+09:00 DEBUG 19468 --- [Shift Scheduler Demo] [           main] org.hibernate.SQL                        : select s1_0.employee_id,s1_1.id,s1_1.code,s1_1.created_at,s1_1.description,s1_1.name,s1_1.priority,s1_1.updated_at from employee_skills s1_0 join skills s1_1 on s1_1.id=s1_0.skill_id where s1_0.employee_id=?
Hibernate: select s1_0.employee_id,s1_1.id,s1_1.code,s1_1.created_at,s1_1.description,s1_1.name,s1_1.priority,s1_1.updated_at from employee_skills s1_0 join skills s1_1 on s1_1.id=s1_0.skill_id where s1_0.employee_id=?
2025-10-26T12:22:31.774+09:00 DEBUG 19468 --- [Shift Scheduler Demo] [           main] org.hibernate.SQL                        : select s1_0.employee_id,s1_1.id,s1_1.code,s1_1.created_at,s1_1.description,s1_1.name,s1_1.priority,s1_1.updated_at from employee_skills s1_0 join skills s1_1 on s1_1.id=s1_0.skill_id where s1_0.employee_id=?
Hibernate: select s1_0.employee_id,s1_1.id,s1_1.code,s1_1.created_at,s1_1.description,s1_1.name,s1_1.priority,s1_1.updated_at from employee_skills s1_0 join skills s1_1 on s1_1.id=s1_0.skill_id where s1_0.employee_id=?
2025-10-26T12:22:31.774+09:00 DEBUG 19468 --- [Shift Scheduler Demo] [           main] org.hibernate.SQL                        : select s1_0.employee_id,s1_1.id,s1_1.code,s1_1.created_at,s1_1.description,s1_1.name,s1_1.priority,s1_1.updated_at from employee_skills s1_0 join skills s1_1 on s1_1.id=s1_0.skill_id where s1_0.employee_id=?
Hibernate: select s1_0.employee_id,s1_1.id,s1_1.code,s1_1.created_at,s1_1.description,s1_1.name,s1_1.priority,s1_1.updated_at from employee_skills s1_0 join skills s1_1 on s1_1.id=s1_0.skill_id where s1_0.employee_id=?
2025-10-26T12:22:31.774+09:00 DEBUG 19468 --- [Shift Scheduler Demo] [           main] org.hibernate.SQL                        : select s1_0.employee_id,s1_1.id,s1_1.code,s1_1.created_at,s1_1.description,s1_1.name,s1_1.priority,s1_1.updated_at from employee_skills s1_0 join skills s1_1 on s1_1.id=s1_0.skill_id where s1_0.employee_id=?
Hibernate: select s1_0.employee_id,s1_1.id,s1_1.code,s1_1.created_at,s1_1.description,s1_1.name,s1_1.priority,s1_1.updated_at from employee_skills s1_0 join skills s1_1 on s1_1.id=s1_0.skill_id where s1_0.employee_id=?
2025-10-26T12:22:31.774+09:00 DEBUG 19468 --- [Shift Scheduler Demo] [           main] org.hibernate.SQL                        : select s1_0.employee_id,s1_1.id,s1_1.code,s1_1.created_at,s1_1.description,s1_1.name,s1_1.priority,s1_1.updated_at from employee_skills s1_0 join skills s1_1 on s1_1.id=s1_0.skill_id where s1_0.employee_id=?
Hibernate: select s1_0.employee_id,s1_1.id,s1_1.code,s1_1.created_at,s1_1.description,s1_1.name,s1_1.priority,s1_1.updated_at from employee_skills s1_0 join skills s1_1 on s1_1.id=s1_0.skill_id where s1_0.employee_id=?
2025-10-26T12:22:31.774+09:00 DEBUG 19468 --- [Shift Scheduler Demo] [           main] org.hibernate.SQL                        : select s1_0.employee_id,s1_1.id,s1_1.code,s1_1.created_at,s1_1.description,s1_1.name,s1_1.priority,s1_1.updated_at from employee_skills s1_0 join skills s1_1 on s1_1.id=s1_0.skill_id where s1_0.employee_id=?
Hibernate: select s1_0.employee_id,s1_1.id,s1_1.code,s1_1.created_at,s1_1.description,s1_1.name,s1_1.priority,s1_1.updated_at from employee_skills s1_0 join skills s1_1 on s1_1.id=s1_0.skill_id where s1_0.employee_id=?
2025-10-26T12:22:31.774+09:00 DEBUG 19468 --- [Shift Scheduler Demo] [           main] org.hibernate.SQL                        : select s1_0.employee_id,s1_1.id,s1_1.code,s1_1.created_at,s1_1.description,s1_1.name,s1_1.priority,s1_1.updated_at from employee_skills s1_0 join skills s1_1 on s1_1.id=s1_0.skill_id where s1_0.employee_id=?
Hibernate: select s1_0.employee_id,s1_1.id,s1_1.code,s1_1.created_at,s1_1.description,s1_1.name,s1_1.priority,s1_1.updated_at from employee_skills s1_0 join skills s1_1 on s1_1.id=s1_0.skill_id where s1_0.employee_id=?
2025-10-26T12:22:31.774+09:00 DEBUG 19468 --- [Shift Scheduler Demo] [           main] org.hibernate.SQL                        : select s1_0.employee_id,s1_1.id,s1_1.code,s1_1.created_at,s1_1.description,s1_1.name,s1_1.priority,s1_1.updated_at from employee_skills s1_0 join skills s1_1 on s1_1.id=s1_0.skill_id where s1_0.employee_id=?
Hibernate: select s1_0.employee_id,s1_1.id,s1_1.code,s1_1.created_at,s1_1.description,s1_1.name,s1_1.priority,s1_1.updated_at from employee_skills s1_0 join skills s1_1 on s1_1.id=s1_0.skill_id where s1_0.employee_id=?
2025-10-26T12:22:31.774+09:00 DEBUG 19468 --- [Shift Scheduler Demo] [           main] org.hibernate.SQL                        : select s1_0.employee_id,s1_1.id,s1_1.code,s1_1.created_at,s1_1.description,s1_1.name,s1_1.priority,s1_1.updated_at from employee_skills s1_0 join skills s1_1 on s1_1.id=s1_0.skill_id where s1_0.employee_id=?
Hibernate: select s1_0.employee_id,s1_1.id,s1_1.code,s1_1.created_at,s1_1.description,s1_1.name,s1_1.priority,s1_1.updated_at from employee_skills s1_0 join skills s1_1 on s1_1.id=s1_0.skill_id where s1_0.employee_id=?
2025-10-26T12:22:31.774+09:00 DEBUG 19468 --- [Shift Scheduler Demo] [           main] org.hibernate.SQL                        : select s1_0.employee_id,s1_1.id,s1_1.code,s1_1.created_at,s1_1.description,s1_1.name,s1_1.priority,s1_1.updated_at from employee_skills s1_0 join skills s1_1 on s1_1.id=s1_0.skill_id where s1_0.employee_id=?
Hibernate: select s1_0.employee_id,s1_1.id,s1_1.code,s1_1.created_at,s1_1.description,s1_1.name,s1_1.priority,s1_1.updated_at from employee_skills s1_0 join skills s1_1 on s1_1.id=s1_0.skill_id where s1_0.employee_id=?
2025-10-26T12:22:31.774+09:00 DEBUG 19468 --- [Shift Scheduler Demo] [           main] org.hibernate.SQL                        : select s1_0.employee_id,s1_1.id,s1_1.code,s1_1.created_at,s1_1.description,s1_1.name,s1_1.priority,s1_1.updated_at from employee_skills s1_0 join skills s1_1 on s1_1.id=s1_0.skill_id where s1_0.employee_id=?
Hibernate: select s1_0.employee_id,s1_1.id,s1_1.code,s1_1.created_at,s1_1.description,s1_1.name,s1_1.priority,s1_1.updated_at from employee_skills s1_0 join skills s1_1 on s1_1.id=s1_0.skill_id where s1_0.employee_id=?
2025-10-26T12:22:31.774+09:00 DEBUG 19468 --- [Shift Scheduler Demo] [           main] org.hibernate.SQL                        : select s1_0.employee_id,s1_1.id,s1_1.code,s1_1.created_at,s1_1.description,s1_1.name,s1_1.priority,s1_1.updated_at from employee_skills s1_0 join skills s1_1 on s1_1.id=s1_0.skill_id where s1_0.employee_id=?
Hibernate: select s1_0.employee_id,s1_1.id,s1_1.code,s1_1.created_at,s1_1.description,s1_1.name,s1_1.priority,s1_1.updated_at from employee_skills s1_0 join skills s1_1 on s1_1.id=s1_0.skill_id where s1_0.employee_id=?
2025-10-26T12:22:31.774+09:00 DEBUG 19468 --- [Shift Scheduler Demo] [           main] org.hibernate.SQL                        : select s1_0.employee_id,s1_1.id,s1_1.code,s1_1.created_at,s1_1.description,s1_1.name,s1_1.priority,s1_1.updated_at from employee_skills s1_0 join skills s1_1 on s1_1.id=s1_0.skill_id where s1_0.employee_id=?
Hibernate: select s1_0.employee_id,s1_1.id,s1_1.code,s1_1.created_at,s1_1.description,s1_1.name,s1_1.priority,s1_1.updated_at from employee_skills s1_0 join skills s1_1 on s1_1.id=s1_0.skill_id where s1_0.employee_id=?
2025-10-26T12:22:31.774+09:00 DEBUG 19468 --- [Shift Scheduler Demo] [           main] org.hibernate.SQL                        : select s1_0.employee_id,s1_1.id,s1_1.code,s1_1.created_at,s1_1.description,s1_1.name,s1_1.priority,s1_1.updated_at from employee_skills s1_0 join skills s1_1 on s1_1.id=s1_0.skill_id where s1_0.employee_id=?
Hibernate: select s1_0.employee_id,s1_1.id,s1_1.code,s1_1.created_at,s1_1.description,s1_1.name,s1_1.priority,s1_1.updated_at from employee_skills s1_0 join skills s1_1 on s1_1.id=s1_0.skill_id where s1_0.employee_id=?
2025-10-26T12:22:31.774+09:00 DEBUG 19468 --- [Shift Scheduler Demo] [           main] org.hibernate.SQL                        : select s1_0.employee_id,s1_1.id,s1_1.code,s1_1.created_at,s1_1.description,s1_1.name,s1_1.priority,s1_1.updated_at from employee_skills s1_0 join skills s1_1 on s1_1.id=s1_0.skill_id where s1_0.employee_id=?
Hibernate: select s1_0.employee_id,s1_1.id,s1_1.code,s1_1.created_at,s1_1.description,s1_1.name,s1_1.priority,s1_1.updated_at from employee_skills s1_0 join skills s1_1 on s1_1.id=s1_0.skill_id where s1_0.employee_id=?
2025-10-26T12:22:31.774+09:00 DEBUG 19468 --- [Shift Scheduler Demo] [           main] org.hibernate.SQL                        : select s1_0.employee_id,s1_1.id,s1_1.code,s1_1.created_at,s1_1.description,s1_1.name,s1_1.priority,s1_1.updated_at from employee_skills s1_0 join skills s1_1 on s1_1.id=s1_0.skill_id where s1_0.employee_id=?
Hibernate: select s1_0.employee_id,s1_1.id,s1_1.code,s1_1.created_at,s1_1.description,s1_1.name,s1_1.priority,s1_1.updated_at from employee_skills s1_0 join skills s1_1 on s1_1.id=s1_0.skill_id where s1_0.employee_id=?
2025-10-26T12:22:31.774+09:00 DEBUG 19468 --- [Shift Scheduler Demo] [           main] org.hibernate.SQL                        : select s1_0.employee_id,s1_1.id,s1_1.code,s1_1.created_at,s1_1.description,s1_1.name,s1_1.priority,s1_1.updated_at from employee_skills s1_0 join skills s1_1 on s1_1.id=s1_0.skill_id where s1_0.employee_id=?
Hibernate: select s1_0.employee_id,s1_1.id,s1_1.code,s1_1.created_at,s1_1.description,s1_1.name,s1_1.priority,s1_1.updated_at from employee_skills s1_0 join skills s1_1 on s1_1.id=s1_0.skill_id where s1_0.employee_id=?
2025-10-26T12:22:31.774+09:00 DEBUG 19468 --- [Shift Scheduler Demo] [           main] org.hibernate.SQL                        : select s1_0.employee_id,s1_1.id,s1_1.code,s1_1.created_at,s1_1.description,s1_1.name,s1_1.priority,s1_1.updated_at from employee_skills s1_0 join skills s1_1 on s1_1.id=s1_0.skill_id where s1_0.employee_id=?
Hibernate: select s1_0.employee_id,s1_1.id,s1_1.code,s1_1.created_at,s1_1.description,s1_1.name,s1_1.priority,s1_1.updated_at from employee_skills s1_0 join skills s1_1 on s1_1.id=s1_0.skill_id where s1_0.employee_id=?
2025-10-26T12:22:31.774+09:00 DEBUG 19468 --- [Shift Scheduler Demo] [           main] org.hibernate.SQL                        : select s1_0.employee_id,s1_1.id,s1_1.code,s1_1.created_at,s1_1.description,s1_1.name,s1_1.priority,s1_1.updated_at from employee_skills s1_0 join skills s1_1 on s1_1.id=s1_0.skill_id where s1_0.employee_id=?
Hibernate: select s1_0.employee_id,s1_1.id,s1_1.code,s1_1.created_at,s1_1.description,s1_1.name,s1_1.priority,s1_1.updated_at from employee_skills s1_0 join skills s1_1 on s1_1.id=s1_0.skill_id where s1_0.employee_id=?
2025-10-26T12:22:31.774+09:00 DEBUG 19468 --- [Shift Scheduler Demo] [           main] org.hibernate.SQL                        : select s1_0.employee_id,s1_1.id,s1_1.code,s1_1.created_at,s1_1.description,s1_1.name,s1_1.priority,s1_1.updated_at from employee_skills s1_0 join skills s1_1 on s1_1.id=s1_0.skill_id where s1_0.employee_id=?
Hibernate: select s1_0.employee_id,s1_1.id,s1_1.code,s1_1.created_at,s1_1.description,s1_1.name,s1_1.priority,s1_1.updated_at from employee_skills s1_0 join skills s1_1 on s1_1.id=s1_0.skill_id where s1_0.employee_id=?
2025-10-26T12:22:31.774+09:00 DEBUG 19468 --- [Shift Scheduler Demo] [           main] org.hibernate.SQL                        : select s1_0.employee_id,s1_1.id,s1_1.code,s1_1.created_at,s1_1.description,s1_1.name,s1_1.priority,s1_1.updated_at from employee_skills s1_0 join skills s1_1 on s1_1.id=s1_0.skill_id where s1_0.employee_id=?
Hibernate: select s1_0.employee_id,s1_1.id,s1_1.code,s1_1.created_at,s1_1.description,s1_1.name,s1_1.priority,s1_1.updated_at from employee_skills s1_0 join skills s1_1 on s1_1.id=s1_0.skill_id where s1_0.employee_id=?
2025-10-26T12:22:31.774+09:00 DEBUG 19468 --- [Shift Scheduler Demo] [           main] org.hibernate.SQL                        : select s1_0.employee_id,s1_1.id,s1_1.code,s1_1.created_at,s1_1.description,s1_1.name,s1_1.priority,s1_1.updated_at from employee_skills s1_0 join skills s1_1 on s1_1.id=s1_0.skill_id where s1_0.employee_id=?
Hibernate: select s1_0.employee_id,s1_1.id,s1_1.code,s1_1.created_at,s1_1.description,s1_1.name,s1_1.priority,s1_1.updated_at from employee_skills s1_0 join skills s1_1 on s1_1.id=s1_0.skill_id where s1_0.employee_id=?
2025-10-26T12:22:31.774+09:00 DEBUG 19468 --- [Shift Scheduler Demo] [           main] org.hibernate.SQL                        : select s1_0.employee_id,s1_1.id,s1_1.code,s1_1.created_at,s1_1.description,s1_1.name,s1_1.priority,s1_1.updated_at from employee_skills s1_0 join skills s1_1 on s1_1.id=s1_0.skill_id where s1_0.employee_id=?
Hibernate: select s1_0.employee_id,s1_1.id,s1_1.code,s1_1.created_at,s1_1.description,s1_1.name,s1_1.priority,s1_1.updated_at from employee_skills s1_0 join skills s1_1 on s1_1.id=s1_0.skill_id where s1_0.employee_id=?
2025-10-26T12:22:31.774+09:00 DEBUG 19468 --- [Shift Scheduler Demo] [           main] org.hibernate.SQL                        : select s1_0.employee_id,s1_1.id,s1_1.code,s1_1.created_at,s1_1.description,s1_1.name,s1_1.priority,s1_1.updated_at from employee_skills s1_0 join skills s1_1 on s1_1.id=s1_0.skill_id where s1_0.employee_id=?
Hibernate: select s1_0.employee_id,s1_1.id,s1_1.code,s1_1.created_at,s1_1.description,s1_1.name,s1_1.priority,s1_1.updated_at from employee_skills s1_0 join skills s1_1 on s1_1.id=s1_0.skill_id where s1_0.employee_id=?
2025-10-26T12:22:31.780+09:00 DEBUG 19468 --- [Shift Scheduler Demo] [           main] org.hibernate.SQL                        : select s1_0.employee_id,s1_1.id,s1_1.code,s1_1.created_at,s1_1.description,s1_1.name,s1_1.priority,s1_1.updated_at from employee_skills s1_0 join skills s1_1 on s1_1.id=s1_0.skill_id where s1_0.employee_id=?
Hibernate: select s1_0.employee_id,s1_1.id,s1_1.code,s1_1.created_at,s1_1.description,s1_1.name,s1_1.priority,s1_1.updated_at from employee_skills s1_0 join skills s1_1 on s1_1.id=s1_0.skill_id where s1_0.employee_id=?
2025-10-26T12:22:31.780+09:00 DEBUG 19468 --- [Shift Scheduler Demo] [           main] org.hibernate.SQL                        : select s1_0.employee_id,s1_1.id,s1_1.code,s1_1.created_at,s1_1.description,s1_1.name,s1_1.priority,s1_1.updated_at from employee_skills s1_0 join skills s1_1 on s1_1.id=s1_0.skill_id where s1_0.employee_id=?
Hibernate: select s1_0.employee_id,s1_1.id,s1_1.code,s1_1.created_at,s1_1.description,s1_1.name,s1_1.priority,s1_1.updated_at from employee_skills s1_0 join skills s1_1 on s1_1.id=s1_0.skill_id where s1_0.employee_id=?
2025-10-26T12:22:31.780+09:00 DEBUG 19468 --- [Shift Scheduler Demo] [           main] org.hibernate.SQL                        : select s1_0.employee_id,s1_1.id,s1_1.code,s1_1.created_at,s1_1.description,s1_1.name,s1_1.priority,s1_1.updated_at from employee_skills s1_0 join skills s1_1 on s1_1.id=s1_0.skill_id where s1_0.employee_id=?
Hibernate: select s1_0.employee_id,s1_1.id,s1_1.code,s1_1.created_at,s1_1.description,s1_1.name,s1_1.priority,s1_1.updated_at from employee_skills s1_0 join skills s1_1 on s1_1.id=s1_0.skill_id where s1_0.employee_id=?
2025-10-26T12:22:31.803+09:00 DEBUG 19468 --- [Shift Scheduler Demo] [           main] org.hibernate.SQL                        : insert into employee_constraints (is_active,created_at,date,employee_id,end_time,reason,start_time,type,updated_at) values (?,?,?,?,?,?,?,?,?)
Hibernate: insert into employee_constraints (is_active,created_at,date,employee_id,end_time,reason,start_time,type,updated_at) values (?,?,?,?,?,?,?,?,?)
2025-10-26T12:22:31.806+09:00 DEBUG 19468 --- [Shift Scheduler Demo] [           main] org.hibernate.SQL                        : select last_insert_rowid()
Hibernate: select last_insert_rowid()
2025-10-26T12:22:31.808+09:00 DEBUG 19468 --- [Shift Scheduler Demo] [           main] org.hibernate.SQL                        : insert into employee_constraints (is_active,created_at,date,employee_id,end_time,reason,start_time,type,updated_at) values (?,?,?,?,?,?,?,?,?)
Hibernate: insert into employee_constraints (is_active,created_at,date,employee_id,end_time,reason,start_time,type,updated_at) values (?,?,?,?,?,?,?,?,?)
2025-10-26T12:22:31.808+09:00 DEBUG 19468 --- [Shift Scheduler Demo] [           main] org.hibernate.SQL                        : select last_insert_rowid()
Hibernate: select last_insert_rowid()
2025-10-26T12:22:31.810+09:00  INFO 19468 --- [Shift Scheduler Demo] [           main] c.e.shiftv1.schedule.ScheduleService     : �V�t�g�������J�n���܂�: 2024�N7��
2025-10-26T12:22:31.810+09:00 DEBUG 19468 --- [Shift Scheduler Demo] [           main] org.hibernate.SQL                        : select e1_0.id,e1_0.created_at,e1_0.name,e1_0.role from employees e1_0
Hibernate: select e1_0.id,e1_0.created_at,e1_0.name,e1_0.role from employees e1_0
2025-10-26T12:22:31.821+09:00 DEBUG 19468 --- [Shift Scheduler Demo] [           main] org.hibernate.SQL                        : delete from shift_assignments where id=?
Hibernate: delete from shift_assignments where id=?
2025-10-26T12:22:31.821+09:00 DEBUG 19468 --- [Shift Scheduler Demo] [           main] org.hibernate.SQL                        : delete from shift_assignments where id=?
Hibernate: delete from shift_assignments where id=?
2025-10-26T12:22:31.823+09:00 DEBUG 19468 --- [Shift Scheduler Demo] [           main] org.hibernate.SQL                        : delete from shift_assignments where id=?
Hibernate: delete from shift_assignments where id=?
2025-10-26T12:22:31.823+09:00 DEBUG 19468 --- [Shift Scheduler Demo] [           main] org.hibernate.SQL                        : delete from shift_assignments where id=?
Hibernate: delete from shift_assignments where id=?
2025-10-26T12:22:31.823+09:00 DEBUG 19468 --- [Shift Scheduler Demo] [           main] org.hibernate.SQL                        : delete from shift_assignments where id=?
Hibernate: delete from shift_assignments where id=?
2025-10-26T12:22:31.823+09:00 DEBUG 19468 --- [Shift Scheduler Demo] [           main] org.hibernate.SQL                        : delete from shift_assignments where id=?
Hibernate: delete from shift_assignments where id=?
2025-10-26T12:22:31.823+09:00 DEBUG 19468 --- [Shift Scheduler Demo] [           main] org.hibernate.SQL                        : delete from shift_assignments where id=?
Hibernate: delete from shift_assignments where id=?
2025-10-26T12:22:31.823+09:00 DEBUG 19468 --- [Shift Scheduler Demo] [           main] org.hibernate.SQL                        : delete from shift_assignments where id=?
Hibernate: delete from shift_assignments where id=?
2025-10-26T12:22:31.823+09:00 DEBUG 19468 --- [Shift Scheduler Demo] [           main] org.hibernate.SQL                        : delete from shift_assignments where id=?
Hibernate: delete from shift_assignments where id=?
2025-10-26T12:22:31.823+09:00 DEBUG 19468 --- [Shift Scheduler Demo] [           main] org.hibernate.SQL                        : delete from shift_assignments where id=?
Hibernate: delete from shift_assignments where id=?
2025-10-26T12:22:31.823+09:00 DEBUG 19468 --- [Shift Scheduler Demo] [           main] org.hibernate.SQL                        : delete from shift_assignments where id=?
Hibernate: delete from shift_assignments where id=?
2025-10-26T12:22:31.823+09:00 DEBUG 19468 --- [Shift Scheduler Demo] [           main] org.hibernate.SQL                        : delete from shift_assignments where id=?
Hibernate: delete from shift_assignments where id=?
2025-10-26T12:22:31.823+09:00 DEBUG 19468 --- [Shift Scheduler Demo] [           main] org.hibernate.SQL                        : delete from shift_assignments where id=?
Hibernate: delete from shift_assignments where id=?
2025-10-26T12:22:31.823+09:00 DEBUG 19468 --- [Shift Scheduler Demo] [           main] org.hibernate.SQL                        : delete from shift_assignments where id=?
Hibernate: delete from shift_assignments where id=?
2025-10-26T12:22:31.823+09:00 DEBUG 19468 --- [Shift Scheduler Demo] [           main] org.hibernate.SQL                        : delete from shift_assignments where id=?
Hibernate: delete from shift_assignments where id=?
2025-10-26T12:22:31.823+09:00 DEBUG 19468 --- [Shift Scheduler Demo] [           main] org.hibernate.SQL                        : delete from shift_assignments where id=?
Hibernate: delete from shift_assignments where id=?
2025-10-26T12:22:31.823+09:00 DEBUG 19468 --- [Shift Scheduler Demo] [           main] org.hibernate.SQL                        : delete from shift_assignments where id=?
Hibernate: delete from shift_assignments where id=?
2025-10-26T12:22:31.823+09:00 DEBUG 19468 --- [Shift Scheduler Demo] [           main] org.hibernate.SQL                        : delete from shift_assignments where id=?
Hibernate: delete from shift_assignments where id=?
2025-10-26T12:22:31.823+09:00 DEBUG 19468 --- [Shift Scheduler Demo] [           main] org.hibernate.SQL                        : delete from shift_assignments where id=?
Hibernate: delete from shift_assignments where id=?
2025-10-26T12:22:31.823+09:00 DEBUG 19468 --- [Shift Scheduler Demo] [           main] org.hibernate.SQL                        : delete from shift_assignments where id=?
Hibernate: delete from shift_assignments where id=?
2025-10-26T12:22:31.823+09:00 DEBUG 19468 --- [Shift Scheduler Demo] [           main] org.hibernate.SQL                        : delete from shift_assignments where id=?
Hibernate: delete from shift_assignments where id=?
2025-10-26T12:22:31.823+09:00 DEBUG 19468 --- [Shift Scheduler Demo] [           main] org.hibernate.SQL                        : delete from shift_assignments where id=?
Hibernate: delete from shift_assignments where id=?
2025-10-26T12:22:31.823+09:00 DEBUG 19468 --- [Shift Scheduler Demo] [           main] org.hibernate.SQL                        : delete from shift_assignments where id=?
Hibernate: delete from shift_assignments where id=?
2025-10-26T12:22:31.823+09:00 DEBUG 19468 --- [Shift Scheduler Demo] [           main] org.hibernate.SQL                        : delete from shift_assignments where id=?
Hibernate: delete from shift_assignments where id=?
2025-10-26T12:22:31.823+09:00 DEBUG 19468 --- [Shift Scheduler Demo] [           main] org.hibernate.SQL                        : delete from shift_assignments where id=?
Hibernate: delete from shift_assignments where id=?
2025-10-26T12:22:31.823+09:00 DEBUG 19468 --- [Shift Scheduler Demo] [           main] org.hibernate.SQL                        : delete from shift_assignments where id=?
Hibernate: delete from shift_assignments where id=?
2025-10-26T12:22:31.823+09:00 DEBUG 19468 --- [Shift Scheduler Demo] [           main] org.hibernate.SQL                        : delete from shift_assignments where id=?
Hibernate: delete from shift_assignments where id=?
2025-10-26T12:22:31.823+09:00 DEBUG 19468 --- [Shift Scheduler Demo] [           main] org.hibernate.SQL                        : delete from shift_assignments where id=?
Hibernate: delete from shift_assignments where id=?
2025-10-26T12:22:31.823+09:00 DEBUG 19468 --- [Shift Scheduler Demo] [           main] org.hibernate.SQL                        : delete from shift_assignments where id=?
Hibernate: delete from shift_assignments where id=?
2025-10-26T12:22:31.823+09:00 DEBUG 19468 --- [Shift Scheduler Demo] [           main] org.hibernate.SQL                        : delete from shift_assignments where id=?
Hibernate: delete from shift_assignments where id=?
2025-10-26T12:22:31.823+09:00 DEBUG 19468 --- [Shift Scheduler Demo] [           main] org.hibernate.SQL                        : delete from shift_assignments where id=?
Hibernate: delete from shift_assignments where id=?
2025-10-26T12:22:31.827+09:00 DEBUG 19468 --- [Shift Scheduler Demo] [           main] org.hibernate.SQL                        : delete from shift_assignments where id=?
Hibernate: delete from shift_assignments where id=?
2025-10-26T12:22:31.827+09:00 DEBUG 19468 --- [Shift Scheduler Demo] [           main] org.hibernate.SQL                        : delete from shift_assignments where id=?
Hibernate: delete from shift_assignments where id=?
2025-10-26T12:22:31.827+09:00 DEBUG 19468 --- [Shift Scheduler Demo] [           main] org.hibernate.SQL                        : delete from shift_assignments where id=?
Hibernate: delete from shift_assignments where id=?
2025-10-26T12:22:31.827+09:00 DEBUG 19468 --- [Shift Scheduler Demo] [           main] org.hibernate.SQL                        : delete from shift_assignments where id=?
Hibernate: delete from shift_assignments where id=?
2025-10-26T12:22:31.827+09:00 DEBUG 19468 --- [Shift Scheduler Demo] [           main] org.hibernate.SQL                        : delete from shift_assignments where id=?
Hibernate: delete from shift_assignments where id=?
2025-10-26T12:22:31.827+09:00 DEBUG 19468 --- [Shift Scheduler Demo] [           main] org.hibernate.SQL                        : delete from shift_assignments where id=?
Hibernate: delete from shift_assignments where id=?
2025-10-26T12:22:31.828+09:00 DEBUG 19468 --- [Shift Scheduler Demo] [           main] org.hibernate.SQL                        : delete from shift_assignments where id=?
Hibernate: delete from shift_assignments where id=?
2025-10-26T12:22:31.828+09:00 DEBUG 19468 --- [Shift Scheduler Demo] [           main] org.hibernate.SQL                        : delete from shift_assignments where id=?
Hibernate: delete from shift_assignments where id=?
2025-10-26T12:22:31.828+09:00 DEBUG 19468 --- [Shift Scheduler Demo] [           main] org.hibernate.SQL                        : delete from shift_assignments where id=?
Hibernate: delete from shift_assignments where id=?
2025-10-26T12:22:31.828+09:00 DEBUG 19468 --- [Shift Scheduler Demo] [           main] org.hibernate.SQL                        : delete from shift_assignments where id=?
Hibernate: delete from shift_assignments where id=?
2025-10-26T12:22:31.828+09:00 DEBUG 19468 --- [Shift Scheduler Demo] [           main] org.hibernate.SQL                        : delete from shift_assignments where id=?
Hibernate: delete from shift_assignments where id=?
2025-10-26T12:22:31.828+09:00 DEBUG 19468 --- [Shift Scheduler Demo] [           main] org.hibernate.SQL                        : delete from shift_assignments where id=?
Hibernate: delete from shift_assignments where id=?
2025-10-26T12:22:31.828+09:00 DEBUG 19468 --- [Shift Scheduler Demo] [           main] org.hibernate.SQL                        : delete from shift_assignments where id=?
Hibernate: delete from shift_assignments where id=?
2025-10-26T12:22:31.828+09:00 DEBUG 19468 --- [Shift Scheduler Demo] [           main] org.hibernate.SQL                        : delete from shift_assignments where id=?
Hibernate: delete from shift_assignments where id=?
2025-10-26T12:22:31.828+09:00 DEBUG 19468 --- [Shift Scheduler Demo] [           main] org.hibernate.SQL                        : delete from shift_assignments where id=?
Hibernate: delete from shift_assignments where id=?
2025-10-26T12:22:31.828+09:00 DEBUG 19468 --- [Shift Scheduler Demo] [           main] org.hibernate.SQL                        : delete from shift_assignments where id=?
Hibernate: delete from shift_assignments where id=?
2025-10-26T12:22:31.828+09:00 DEBUG 19468 --- [Shift Scheduler Demo] [           main] org.hibernate.SQL                        : delete from shift_assignments where id=?
Hibernate: delete from shift_assignments where id=?
2025-10-26T12:22:31.828+09:00 DEBUG 19468 --- [Shift Scheduler Demo] [           main] org.hibernate.SQL                        : delete from shift_assignments where id=?
Hibernate: delete from shift_assignments where id=?
2025-10-26T12:22:31.828+09:00 DEBUG 19468 --- [Shift Scheduler Demo] [           main] org.hibernate.SQL                        : delete from shift_assignments where id=?
Hibernate: delete from shift_assignments where id=?
2025-10-26T12:22:31.828+09:00 DEBUG 19468 --- [Shift Scheduler Demo] [           main] org.hibernate.SQL                        : delete from shift_assignments where id=?
Hibernate: delete from shift_assignments where id=?
2025-10-26T12:22:31.828+09:00 DEBUG 19468 --- [Shift Scheduler Demo] [           main] org.hibernate.SQL                        : delete from shift_assignments where id=?
Hibernate: delete from shift_assignments where id=?
2025-10-26T12:22:31.828+09:00 DEBUG 19468 --- [Shift Scheduler Demo] [           main] org.hibernate.SQL                        : delete from shift_assignments where id=?
Hibernate: delete from shift_assignments where id=?
2025-10-26T12:22:31.828+09:00 DEBUG 19468 --- [Shift Scheduler Demo] [           main] org.hibernate.SQL                        : delete from shift_assignments where id=?
Hibernate: delete from shift_assignments where id=?
2025-10-26T12:22:31.828+09:00 DEBUG 19468 --- [Shift Scheduler Demo] [           main] org.hibernate.SQL                        : delete from shift_assignments where id=?
Hibernate: delete from shift_assignments where id=?
2025-10-26T12:22:31.828+09:00 DEBUG 19468 --- [Shift Scheduler Demo] [           main] org.hibernate.SQL                        : delete from shift_assignments where id=?
Hibernate: delete from shift_assignments where id=?
2025-10-26T12:22:31.828+09:00 DEBUG 19468 --- [Shift Scheduler Demo] [           main] org.hibernate.SQL                        : delete from shift_assignments where id=?
Hibernate: delete from shift_assignments where id=?
2025-10-26T12:22:31.828+09:00 DEBUG 19468 --- [Shift Scheduler Demo] [           main] org.hibernate.SQL                        : delete from shift_assignments where id=?
Hibernate: delete from shift_assignments where id=?
2025-10-26T12:22:31.828+09:00 DEBUG 19468 --- [Shift Scheduler Demo] [           main] org.hibernate.SQL                        : delete from shift_assignments where id=?
Hibernate: delete from shift_assignments where id=?
2025-10-26T12:22:31.828+09:00 DEBUG 19468 --- [Shift Scheduler Demo] [           main] org.hibernate.SQL                        : delete from shift_assignments where id=?
Hibernate: delete from shift_assignments where id=?
2025-10-26T12:22:31.828+09:00 DEBUG 19468 --- [Shift Scheduler Demo] [           main] org.hibernate.SQL                        : delete from shift_assignments where id=?
Hibernate: delete from shift_assignments where id=?
2025-10-26T12:22:31.828+09:00 DEBUG 19468 --- [Shift Scheduler Demo] [           main] org.hibernate.SQL                        : delete from shift_assignments where id=?
Hibernate: delete from shift_assignments where id=?
2025-10-26T12:22:31.828+09:00 DEBUG 19468 --- [Shift Scheduler Demo] [           main] org.hibernate.SQL                        : delete from shift_assignments where id=?
Hibernate: delete from shift_assignments where id=?
2025-10-26T12:22:31.828+09:00 DEBUG 19468 --- [Shift Scheduler Demo] [           main] org.hibernate.SQL                        : delete from shift_assignments where id=?
Hibernate: delete from shift_assignments where id=?
2025-10-26T12:22:31.828+09:00 DEBUG 19468 --- [Shift Scheduler Demo] [           main] org.hibernate.SQL                        : delete from shift_assignments where id=?
Hibernate: delete from shift_assignments where id=?
2025-10-26T12:22:31.828+09:00 DEBUG 19468 --- [Shift Scheduler Demo] [           main] org.hibernate.SQL                        : delete from shift_assignments where id=?
Hibernate: delete from shift_assignments where id=?
2025-10-26T12:22:31.828+09:00 DEBUG 19468 --- [Shift Scheduler Demo] [           main] org.hibernate.SQL                        : delete from shift_assignments where id=?
Hibernate: delete from shift_assignments where id=?
2025-10-26T12:22:31.828+09:00 DEBUG 19468 --- [Shift Scheduler Demo] [           main] org.hibernate.SQL                        : delete from shift_assignments where id=?
Hibernate: delete from shift_assignments where id=?
2025-10-26T12:22:31.828+09:00 DEBUG 19468 --- [Shift Scheduler Demo] [           main] org.hibernate.SQL                        : delete from shift_assignments where id=?
Hibernate: delete from shift_assignments where id=?
2025-10-26T12:22:31.828+09:00 DEBUG 19468 --- [Shift Scheduler Demo] [           main] org.hibernate.SQL                        : delete from shift_assignments where id=?
Hibernate: delete from shift_assignments where id=?
2025-10-26T12:22:31.828+09:00 DEBUG 19468 --- [Shift Scheduler Demo] [           main] org.hibernate.SQL                        : delete from shift_assignments where id=?
Hibernate: delete from shift_assignments where id=?
2025-10-26T12:22:31.828+09:00 DEBUG 19468 --- [Shift Scheduler Demo] [           main] org.hibernate.SQL                        : delete from shift_assignments where id=?
Hibernate: delete from shift_assignments where id=?
2025-10-26T12:22:31.828+09:00 DEBUG 19468 --- [Shift Scheduler Demo] [           main] org.hibernate.SQL                        : delete from shift_assignments where id=?
Hibernate: delete from shift_assignments where id=?
2025-10-26T12:22:31.828+09:00 DEBUG 19468 --- [Shift Scheduler Demo] [           main] org.hibernate.SQL                        : delete from shift_assignments where id=?
Hibernate: delete from shift_assignments where id=?
2025-10-26T12:22:31.828+09:00 DEBUG 19468 --- [Shift Scheduler Demo] [           main] org.hibernate.SQL                        : delete from shift_assignments where id=?
Hibernate: delete from shift_assignments where id=?
2025-10-26T12:22:31.828+09:00 DEBUG 19468 --- [Shift Scheduler Demo] [           main] org.hibernate.SQL                        : delete from shift_assignments where id=?
Hibernate: delete from shift_assignments where id=?
2025-10-26T12:22:31.828+09:00 DEBUG 19468 --- [Shift Scheduler Demo] [           main] org.hibernate.SQL                        : delete from shift_assignments where id=?
Hibernate: delete from shift_assignments where id=?
2025-10-26T12:22:31.828+09:00 DEBUG 19468 --- [Shift Scheduler Demo] [           main] org.hibernate.SQL                        : delete from shift_assignments where id=?
Hibernate: delete from shift_assignments where id=?
2025-10-26T12:22:31.828+09:00 DEBUG 19468 --- [Shift Scheduler Demo] [           main] org.hibernate.SQL                        : delete from shift_assignments where id=?
Hibernate: delete from shift_assignments where id=?
2025-10-26T12:22:31.828+09:00 DEBUG 19468 --- [Shift Scheduler Demo] [           main] org.hibernate.SQL                        : delete from shift_assignments where id=?
Hibernate: delete from shift_assignments where id=?
2025-10-26T12:22:31.828+09:00 DEBUG 19468 --- [Shift Scheduler Demo] [           main] org.hibernate.SQL                        : delete from shift_assignments where id=?
Hibernate: delete from shift_assignments where id=?
2025-10-26T12:22:31.828+09:00 DEBUG 19468 --- [Shift Scheduler Demo] [           main] org.hibernate.SQL                        : delete from shift_assignments where id=?
Hibernate: delete from shift_assignments where id=?
2025-10-26T12:22:31.828+09:00 DEBUG 19468 --- [Shift Scheduler Demo] [           main] org.hibernate.SQL                        : delete from shift_assignments where id=?
Hibernate: delete from shift_assignments where id=?
2025-10-26T12:22:31.828+09:00 DEBUG 19468 --- [Shift Scheduler Demo] [           main] org.hibernate.SQL                        : delete from shift_assignments where id=?
Hibernate: delete from shift_assignments where id=?
2025-10-26T12:22:31.828+09:00 DEBUG 19468 --- [Shift Scheduler Demo] [           main] org.hibernate.SQL                        : delete from shift_assignments where id=?
Hibernate: delete from shift_assignments where id=?
2025-10-26T12:22:31.828+09:00 DEBUG 19468 --- [Shift Scheduler Demo] [           main] org.hibernate.SQL                        : delete from shift_assignments where id=?
Hibernate: delete from shift_assignments where id=?
2025-10-26T12:22:31.828+09:00 DEBUG 19468 --- [Shift Scheduler Demo] [           main] org.hibernate.SQL                        : delete from shift_assignments where id=?
Hibernate: delete from shift_assignments where id=?
2025-10-26T12:22:31.834+09:00 DEBUG 19468 --- [Shift Scheduler Demo] [           main] org.hibernate.SQL                        : delete from shift_assignments where id=?
Hibernate: delete from shift_assignments where id=?
2025-10-26T12:22:31.834+09:00 DEBUG 19468 --- [Shift Scheduler Demo] [           main] org.hibernate.SQL                        : delete from shift_assignments where id=?
Hibernate: delete from shift_assignments where id=?
2025-10-26T12:22:31.834+09:00 DEBUG 19468 --- [Shift Scheduler Demo] [           main] org.hibernate.SQL                        : delete from shift_assignments where id=?
Hibernate: delete from shift_assignments where id=?
2025-10-26T12:22:31.834+09:00 DEBUG 19468 --- [Shift Scheduler Demo] [           main] org.hibernate.SQL                        : delete from shift_assignments where id=?
Hibernate: delete from shift_assignments where id=?
2025-10-26T12:22:31.834+09:00 DEBUG 19468 --- [Shift Scheduler Demo] [           main] org.hibernate.SQL                        : delete from shift_assignments where id=?
Hibernate: delete from shift_assignments where id=?
2025-10-26T12:22:31.834+09:00 DEBUG 19468 --- [Shift Scheduler Demo] [           main] org.hibernate.SQL                        : delete from shift_assignments where id=?
Hibernate: delete from shift_assignments where id=?
2025-10-26T12:22:31.834+09:00 DEBUG 19468 --- [Shift Scheduler Demo] [           main] org.hibernate.SQL                        : delete from shift_assignments where id=?
Hibernate: delete from shift_assignments where id=?
2025-10-26T12:22:31.834+09:00 DEBUG 19468 --- [Shift Scheduler Demo] [           main] org.hibernate.SQL                        : delete from shift_assignments where id=?
Hibernate: delete from shift_assignments where id=?
2025-10-26T12:22:31.834+09:00 DEBUG 19468 --- [Shift Scheduler Demo] [           main] org.hibernate.SQL                        : delete from shift_assignments where id=?
Hibernate: delete from shift_assignments where id=?
2025-10-26T12:22:31.834+09:00 DEBUG 19468 --- [Shift Scheduler Demo] [           main] org.hibernate.SQL                        : delete from shift_assignments where id=?
Hibernate: delete from shift_assignments where id=?
2025-10-26T12:22:31.834+09:00 DEBUG 19468 --- [Shift Scheduler Demo] [           main] org.hibernate.SQL                        : delete from shift_assignments where id=?
Hibernate: delete from shift_assignments where id=?
2025-10-26T12:22:31.834+09:00 DEBUG 19468 --- [Shift Scheduler Demo] [           main] org.hibernate.SQL                        : delete from shift_assignments where id=?
Hibernate: delete from shift_assignments where id=?
2025-10-26T12:22:31.834+09:00 DEBUG 19468 --- [Shift Scheduler Demo] [           main] org.hibernate.SQL                        : delete from shift_assignments where id=?
Hibernate: delete from shift_assignments where id=?
2025-10-26T12:22:31.834+09:00 DEBUG 19468 --- [Shift Scheduler Demo] [           main] org.hibernate.SQL                        : delete from shift_assignments where id=?
Hibernate: delete from shift_assignments where id=?
2025-10-26T12:22:31.834+09:00 DEBUG 19468 --- [Shift Scheduler Demo] [           main] org.hibernate.SQL                        : delete from shift_assignments where id=?
Hibernate: delete from shift_assignments where id=?
2025-10-26T12:22:31.836+09:00 DEBUG 19468 --- [Shift Scheduler Demo] [           main] org.hibernate.SQL                        : delete from shift_assignments where id=?
Hibernate: delete from shift_assignments where id=?
2025-10-26T12:22:31.836+09:00 DEBUG 19468 --- [Shift Scheduler Demo] [           main] org.hibernate.SQL                        : delete from shift_assignments where id=?
Hibernate: delete from shift_assignments where id=?
2025-10-26T12:22:31.836+09:00 DEBUG 19468 --- [Shift Scheduler Demo] [           main] org.hibernate.SQL                        : delete from shift_assignments where id=?
Hibernate: delete from shift_assignments where id=?
2025-10-26T12:22:31.836+09:00 DEBUG 19468 --- [Shift Scheduler Demo] [           main] org.hibernate.SQL                        : delete from shift_assignments where id=?
Hibernate: delete from shift_assignments where id=?
2025-10-26T12:22:31.836+09:00 DEBUG 19468 --- [Shift Scheduler Demo] [           main] org.hibernate.SQL                        : delete from shift_assignments where id=?
Hibernate: delete from shift_assignments where id=?
2025-10-26T12:22:31.840+09:00 DEBUG 19468 --- [Shift Scheduler Demo] [           main] org.hibernate.SQL                        : delete from shift_assignments where id=?
Hibernate: delete from shift_assignments where id=?
2025-10-26T12:22:31.840+09:00 DEBUG 19468 --- [Shift Scheduler Demo] [           main] org.hibernate.SQL                        : delete from shift_assignments where id=?
Hibernate: delete from shift_assignments where id=?
2025-10-26T12:22:31.842+09:00 DEBUG 19468 --- [Shift Scheduler Demo] [           main] org.hibernate.SQL                        : delete from shift_assignments where id=?
Hibernate: delete from shift_assignments where id=?
2025-10-26T12:22:31.842+09:00 DEBUG 19468 --- [Shift Scheduler Demo] [           main] org.hibernate.SQL                        : delete from shift_assignments where id=?
Hibernate: delete from shift_assignments where id=?
2025-10-26T12:22:31.844+09:00 DEBUG 19468 --- [Shift Scheduler Demo] [           main] org.hibernate.SQL                        : delete from shift_assignments where id=?
Hibernate: delete from shift_assignments where id=?
2025-10-26T12:22:31.844+09:00 DEBUG 19468 --- [Shift Scheduler Demo] [           main] org.hibernate.SQL                        : delete from shift_assignments where id=?
Hibernate: delete from shift_assignments where id=?
2025-10-26T12:22:31.846+09:00 DEBUG 19468 --- [Shift Scheduler Demo] [           main] org.hibernate.SQL                        : delete from shift_assignments where id=?
Hibernate: delete from shift_assignments where id=?
2025-10-26T12:22:31.846+09:00 DEBUG 19468 --- [Shift Scheduler Demo] [           main] org.hibernate.SQL                        : delete from shift_assignments where id=?
Hibernate: delete from shift_assignments where id=?
2025-10-26T12:22:31.846+09:00 DEBUG 19468 --- [Shift Scheduler Demo] [           main] org.hibernate.SQL                        : delete from shift_assignments where id=?
Hibernate: delete from shift_assignments where id=?
2025-10-26T12:22:31.846+09:00 DEBUG 19468 --- [Shift Scheduler Demo] [           main] org.hibernate.SQL                        : delete from shift_assignments where id=?
Hibernate: delete from shift_assignments where id=?
2025-10-26T12:22:31.846+09:00 DEBUG 19468 --- [Shift Scheduler Demo] [           main] org.hibernate.SQL                        : delete from shift_assignments where id=?
Hibernate: delete from shift_assignments where id=?
2025-10-26T12:22:31.847+09:00 DEBUG 19468 --- [Shift Scheduler Demo] [           main] org.hibernate.SQL                        : delete from shift_assignments where id=?
Hibernate: delete from shift_assignments where id=?
2025-10-26T12:22:31.847+09:00 DEBUG 19468 --- [Shift Scheduler Demo] [           main] org.hibernate.SQL                        : delete from shift_assignments where id=?
Hibernate: delete from shift_assignments where id=?
2025-10-26T12:22:31.847+09:00 DEBUG 19468 --- [Shift Scheduler Demo] [           main] org.hibernate.SQL                        : delete from shift_assignments where id=?
Hibernate: delete from shift_assignments where id=?
2025-10-26T12:22:31.848+09:00 DEBUG 19468 --- [Shift Scheduler Demo] [           main] org.hibernate.SQL                        : delete from shift_assignments where id=?
Hibernate: delete from shift_assignments where id=?
2025-10-26T12:22:31.848+09:00 DEBUG 19468 --- [Shift Scheduler Demo] [           main] org.hibernate.SQL                        : delete from shift_assignments where id=?
Hibernate: delete from shift_assignments where id=?
2025-10-26T12:22:31.848+09:00 DEBUG 19468 --- [Shift Scheduler Demo] [           main] org.hibernate.SQL                        : delete from shift_assignments where id=?
Hibernate: delete from shift_assignments where id=?
2025-10-26T12:22:31.848+09:00 DEBUG 19468 --- [Shift Scheduler Demo] [           main] org.hibernate.SQL                        : delete from shift_assignments where id=?
Hibernate: delete from shift_assignments where id=?
2025-10-26T12:22:31.848+09:00 DEBUG 19468 --- [Shift Scheduler Demo] [           main] org.hibernate.SQL                        : delete from shift_assignments where id=?
Hibernate: delete from shift_assignments where id=?
2025-10-26T12:22:31.849+09:00 DEBUG 19468 --- [Shift Scheduler Demo] [           main] org.hibernate.SQL                        : delete from shift_assignments where id=?
Hibernate: delete from shift_assignments where id=?
2025-10-26T12:22:31.850+09:00 DEBUG 19468 --- [Shift Scheduler Demo] [           main] org.hibernate.SQL                        : delete from shift_assignments where id=?
Hibernate: delete from shift_assignments where id=?
2025-10-26T12:22:31.850+09:00 DEBUG 19468 --- [Shift Scheduler Demo] [           main] org.hibernate.SQL                        : delete from shift_assignments where id=?
Hibernate: delete from shift_assignments where id=?
2025-10-26T12:22:31.850+09:00 DEBUG 19468 --- [Shift Scheduler Demo] [           main] org.hibernate.SQL                        : delete from shift_assignments where id=?
Hibernate: delete from shift_assignments where id=?
2025-10-26T12:22:31.850+09:00 DEBUG 19468 --- [Shift Scheduler Demo] [           main] org.hibernate.SQL                        : delete from shift_assignments where id=?
Hibernate: delete from shift_assignments where id=?
2025-10-26T12:22:31.852+09:00 DEBUG 19468 --- [Shift Scheduler Demo] [           main] org.hibernate.SQL                        : delete from shift_assignments where id=?
Hibernate: delete from shift_assignments where id=?
2025-10-26T12:22:31.852+09:00 DEBUG 19468 --- [Shift Scheduler Demo] [           main] org.hibernate.SQL                        : delete from shift_assignments where id=?
Hibernate: delete from shift_assignments where id=?
2025-10-26T12:22:31.852+09:00 DEBUG 19468 --- [Shift Scheduler Demo] [           main] org.hibernate.SQL                        : delete from shift_assignments where id=?
Hibernate: delete from shift_assignments where id=?
2025-10-26T12:22:31.852+09:00 DEBUG 19468 --- [Shift Scheduler Demo] [           main] org.hibernate.SQL                        : delete from shift_assignments where id=?
Hibernate: delete from shift_assignments where id=?
2025-10-26T12:22:31.852+09:00 DEBUG 19468 --- [Shift Scheduler Demo] [           main] org.hibernate.SQL                        : delete from shift_assignments where id=?
Hibernate: delete from shift_assignments where id=?
2025-10-26T12:22:31.852+09:00 DEBUG 19468 --- [Shift Scheduler Demo] [           main] org.hibernate.SQL                        : delete from shift_assignments where id=?
Hibernate: delete from shift_assignments where id=?
2025-10-26T12:22:31.852+09:00 DEBUG 19468 --- [Shift Scheduler Demo] [           main] org.hibernate.SQL                        : delete from shift_assignments where id=?
Hibernate: delete from shift_assignments where id=?
2025-10-26T12:22:31.852+09:00 DEBUG 19468 --- [Shift Scheduler Demo] [           main] org.hibernate.SQL                        : delete from shift_assignments where id=?
Hibernate: delete from shift_assignments where id=?
2025-10-26T12:22:31.852+09:00 DEBUG 19468 --- [Shift Scheduler Demo] [           main] org.hibernate.SQL                        : delete from shift_assignments where id=?
Hibernate: delete from shift_assignments where id=?
2025-10-26T12:22:31.852+09:00 DEBUG 19468 --- [Shift Scheduler Demo] [           main] org.hibernate.SQL                        : delete from shift_assignments where id=?
Hibernate: delete from shift_assignments where id=?
2025-10-26T12:22:31.852+09:00 DEBUG 19468 --- [Shift Scheduler Demo] [           main] org.hibernate.SQL                        : delete from shift_assignments where id=?
Hibernate: delete from shift_assignments where id=?
2025-10-26T12:22:31.852+09:00 DEBUG 19468 --- [Shift Scheduler Demo] [           main] org.hibernate.SQL                        : delete from shift_assignments where id=?
Hibernate: delete from shift_assignments where id=?
2025-10-26T12:22:31.852+09:00 DEBUG 19468 --- [Shift Scheduler Demo] [           main] org.hibernate.SQL                        : delete from shift_assignments where id=?
Hibernate: delete from shift_assignments where id=?
2025-10-26T12:22:31.854+09:00 DEBUG 19468 --- [Shift Scheduler Demo] [           main] org.hibernate.SQL                        : delete from shift_assignments where id=?
Hibernate: delete from shift_assignments where id=?
2025-10-26T12:22:31.854+09:00 DEBUG 19468 --- [Shift Scheduler Demo] [           main] org.hibernate.SQL                        : delete from shift_assignments where id=?
Hibernate: delete from shift_assignments where id=?
2025-10-26T12:22:31.854+09:00 DEBUG 19468 --- [Shift Scheduler Demo] [           main] org.hibernate.SQL                        : delete from shift_assignments where id=?
Hibernate: delete from shift_assignments where id=?
2025-10-26T12:22:31.854+09:00 DEBUG 19468 --- [Shift Scheduler Demo] [           main] org.hibernate.SQL                        : delete from shift_assignments where id=?
Hibernate: delete from shift_assignments where id=?
2025-10-26T12:22:31.855+09:00 DEBUG 19468 --- [Shift Scheduler Demo] [           main] org.hibernate.SQL                        : delete from shift_assignments where id=?
Hibernate: delete from shift_assignments where id=?
2025-10-26T12:22:31.855+09:00 DEBUG 19468 --- [Shift Scheduler Demo] [           main] org.hibernate.SQL                        : delete from shift_assignments where id=?
Hibernate: delete from shift_assignments where id=?
2025-10-26T12:22:31.856+09:00 DEBUG 19468 --- [Shift Scheduler Demo] [           main] org.hibernate.SQL                        : delete from shift_assignments where id=?
Hibernate: delete from shift_assignments where id=?
2025-10-26T12:22:31.856+09:00 DEBUG 19468 --- [Shift Scheduler Demo] [           main] org.hibernate.SQL                        : delete from shift_assignments where id=?
Hibernate: delete from shift_assignments where id=?
2025-10-26T12:22:31.856+09:00 DEBUG 19468 --- [Shift Scheduler Demo] [           main] org.hibernate.SQL                        : delete from shift_assignments where id=?
Hibernate: delete from shift_assignments where id=?
2025-10-26T12:22:31.856+09:00 DEBUG 19468 --- [Shift Scheduler Demo] [           main] org.hibernate.SQL                        : delete from shift_assignments where id=?
Hibernate: delete from shift_assignments where id=?
2025-10-26T12:22:31.857+09:00 DEBUG 19468 --- [Shift Scheduler Demo] [           main] org.hibernate.SQL                        : delete from shift_assignments where id=?
Hibernate: delete from shift_assignments where id=?
2025-10-26T12:22:31.857+09:00 DEBUG 19468 --- [Shift Scheduler Demo] [           main] org.hibernate.SQL                        : delete from shift_assignments where id=?
Hibernate: delete from shift_assignments where id=?
2025-10-26T12:22:31.857+09:00 DEBUG 19468 --- [Shift Scheduler Demo] [           main] org.hibernate.SQL                        : delete from shift_assignments where id=?
Hibernate: delete from shift_assignments where id=?
2025-10-26T12:22:31.857+09:00 DEBUG 19468 --- [Shift Scheduler Demo] [           main] org.hibernate.SQL                        : delete from shift_assignments where id=?
Hibernate: delete from shift_assignments where id=?
2025-10-26T12:22:31.857+09:00 DEBUG 19468 --- [Shift Scheduler Demo] [           main] org.hibernate.SQL                        : delete from shift_assignments where id=?
Hibernate: delete from shift_assignments where id=?
2025-10-26T12:22:31.857+09:00 DEBUG 19468 --- [Shift Scheduler Demo] [           main] org.hibernate.SQL                        : delete from shift_assignments where id=?
Hibernate: delete from shift_assignments where id=?
2025-10-26T12:22:31.857+09:00 DEBUG 19468 --- [Shift Scheduler Demo] [           main] org.hibernate.SQL                        : delete from shift_assignments where id=?
Hibernate: delete from shift_assignments where id=?
2025-10-26T12:22:31.857+09:00 DEBUG 19468 --- [Shift Scheduler Demo] [           main] org.hibernate.SQL                        : delete from shift_assignments where id=?
Hibernate: delete from shift_assignments where id=?
2025-10-26T12:22:31.857+09:00 DEBUG 19468 --- [Shift Scheduler Demo] [           main] org.hibernate.SQL                        : delete from shift_assignments where id=?
Hibernate: delete from shift_assignments where id=?
2025-10-26T12:22:31.857+09:00 DEBUG 19468 --- [Shift Scheduler Demo] [           main] org.hibernate.SQL                        : delete from shift_assignments where id=?
Hibernate: delete from shift_assignments where id=?
2025-10-26T12:22:31.857+09:00 DEBUG 19468 --- [Shift Scheduler Demo] [           main] org.hibernate.SQL                        : delete from shift_assignments where id=?
Hibernate: delete from shift_assignments where id=?
2025-10-26T12:22:31.858+09:00 DEBUG 19468 --- [Shift Scheduler Demo] [           main] org.hibernate.SQL                        : delete from shift_assignments where id=?
Hibernate: delete from shift_assignments where id=?
2025-10-26T12:22:31.858+09:00 DEBUG 19468 --- [Shift Scheduler Demo] [           main] org.hibernate.SQL                        : delete from shift_assignments where id=?
Hibernate: delete from shift_assignments where id=?
2025-10-26T12:22:31.858+09:00 DEBUG 19468 --- [Shift Scheduler Demo] [           main] org.hibernate.SQL                        : delete from shift_assignments where id=?
Hibernate: delete from shift_assignments where id=?
2025-10-26T12:22:31.858+09:00 DEBUG 19468 --- [Shift Scheduler Demo] [           main] org.hibernate.SQL                        : delete from shift_assignments where id=?
Hibernate: delete from shift_assignments where id=?
2025-10-26T12:22:31.859+09:00 DEBUG 19468 --- [Shift Scheduler Demo] [           main] org.hibernate.SQL                        : delete from shift_assignments where id=?
Hibernate: delete from shift_assignments where id=?
2025-10-26T12:22:31.859+09:00 DEBUG 19468 --- [Shift Scheduler Demo] [           main] org.hibernate.SQL                        : delete from shift_assignments where id=?
Hibernate: delete from shift_assignments where id=?
2025-10-26T12:22:31.859+09:00 DEBUG 19468 --- [Shift Scheduler Demo] [           main] org.hibernate.SQL                        : delete from shift_assignments where id=?
Hibernate: delete from shift_assignments where id=?
2025-10-26T12:22:31.859+09:00 DEBUG 19468 --- [Shift Scheduler Demo] [           main] org.hibernate.SQL                        : delete from shift_assignments where id=?
Hibernate: delete from shift_assignments where id=?
2025-10-26T12:22:31.859+09:00 DEBUG 19468 --- [Shift Scheduler Demo] [           main] org.hibernate.SQL                        : delete from shift_assignments where id=?
Hibernate: delete from shift_assignments where id=?
2025-10-26T12:22:31.861+09:00 DEBUG 19468 --- [Shift Scheduler Demo] [           main] org.hibernate.SQL                        : delete from shift_assignments where id=?
Hibernate: delete from shift_assignments where id=?
2025-10-26T12:22:31.861+09:00 DEBUG 19468 --- [Shift Scheduler Demo] [           main] org.hibernate.SQL                        : delete from shift_assignments where id=?
Hibernate: delete from shift_assignments where id=?
2025-10-26T12:22:31.861+09:00 DEBUG 19468 --- [Shift Scheduler Demo] [           main] org.hibernate.SQL                        : delete from shift_assignments where id=?
Hibernate: delete from shift_assignments where id=?
2025-10-26T12:22:31.861+09:00 DEBUG 19468 --- [Shift Scheduler Demo] [           main] org.hibernate.SQL                        : delete from shift_assignments where id=?
Hibernate: delete from shift_assignments where id=?
2025-10-26T12:22:31.861+09:00 DEBUG 19468 --- [Shift Scheduler Demo] [           main] org.hibernate.SQL                        : delete from shift_assignments where id=?
Hibernate: delete from shift_assignments where id=?
2025-10-26T12:22:31.861+09:00 DEBUG 19468 --- [Shift Scheduler Demo] [           main] org.hibernate.SQL                        : delete from shift_assignments where id=?
Hibernate: delete from shift_assignments where id=?
2025-10-26T12:22:31.861+09:00 DEBUG 19468 --- [Shift Scheduler Demo] [           main] org.hibernate.SQL                        : delete from shift_assignments where id=?
Hibernate: delete from shift_assignments where id=?
2025-10-26T12:22:31.861+09:00 DEBUG 19468 --- [Shift Scheduler Demo] [           main] org.hibernate.SQL                        : delete from shift_assignments where id=?
Hibernate: delete from shift_assignments where id=?
2025-10-26T12:22:31.861+09:00 DEBUG 19468 --- [Shift Scheduler Demo] [           main] org.hibernate.SQL                        : delete from shift_assignments where id=?
Hibernate: delete from shift_assignments where id=?
2025-10-26T12:22:31.862+09:00 DEBUG 19468 --- [Shift Scheduler Demo] [           main] org.hibernate.SQL                        : delete from shift_assignments where id=?
Hibernate: delete from shift_assignments where id=?
2025-10-26T12:22:31.862+09:00 DEBUG 19468 --- [Shift Scheduler Demo] [           main] org.hibernate.SQL                        : delete from shift_assignments where id=?
Hibernate: delete from shift_assignments where id=?
2025-10-26T12:22:31.862+09:00 DEBUG 19468 --- [Shift Scheduler Demo] [           main] org.hibernate.SQL                        : delete from shift_assignments where id=?
Hibernate: delete from shift_assignments where id=?
2025-10-26T12:22:31.862+09:00 DEBUG 19468 --- [Shift Scheduler Demo] [           main] org.hibernate.SQL                        : delete from shift_assignments where id=?
Hibernate: delete from shift_assignments where id=?
2025-10-26T12:22:31.862+09:00 DEBUG 19468 --- [Shift Scheduler Demo] [           main] org.hibernate.SQL                        : delete from shift_assignments where id=?
Hibernate: delete from shift_assignments where id=?
2025-10-26T12:22:31.863+09:00 DEBUG 19468 --- [Shift Scheduler Demo] [           main] org.hibernate.SQL                        : delete from shift_assignments where id=?
Hibernate: delete from shift_assignments where id=?
2025-10-26T12:22:31.863+09:00 DEBUG 19468 --- [Shift Scheduler Demo] [           main] org.hibernate.SQL                        : delete from shift_assignments where id=?
Hibernate: delete from shift_assignments where id=?
2025-10-26T12:22:31.863+09:00 DEBUG 19468 --- [Shift Scheduler Demo] [           main] org.hibernate.SQL                        : delete from shift_assignments where id=?
Hibernate: delete from shift_assignments where id=?
2025-10-26T12:22:31.863+09:00 DEBUG 19468 --- [Shift Scheduler Demo] [           main] org.hibernate.SQL                        : delete from shift_assignments where id=?
Hibernate: delete from shift_assignments where id=?
2025-10-26T12:22:31.863+09:00 DEBUG 19468 --- [Shift Scheduler Demo] [           main] org.hibernate.SQL                        : delete from shift_assignments where id=?
Hibernate: delete from shift_assignments where id=?
2025-10-26T12:22:31.863+09:00 DEBUG 19468 --- [Shift Scheduler Demo] [           main] org.hibernate.SQL                        : delete from shift_assignments where id=?
Hibernate: delete from shift_assignments where id=?
2025-10-26T12:22:31.864+09:00 DEBUG 19468 --- [Shift Scheduler Demo] [           main] org.hibernate.SQL                        : delete from shift_assignments where id=?
Hibernate: delete from shift_assignments where id=?
2025-10-26T12:22:31.864+09:00 DEBUG 19468 --- [Shift Scheduler Demo] [           main] org.hibernate.SQL                        : delete from shift_assignments where id=?
Hibernate: delete from shift_assignments where id=?
2025-10-26T12:22:31.864+09:00 DEBUG 19468 --- [Shift Scheduler Demo] [           main] org.hibernate.SQL                        : delete from shift_assignments where id=?
Hibernate: delete from shift_assignments where id=?
2025-10-26T12:22:31.864+09:00 DEBUG 19468 --- [Shift Scheduler Demo] [           main] org.hibernate.SQL                        : delete from shift_assignments where id=?
Hibernate: delete from shift_assignments where id=?
2025-10-26T12:22:31.865+09:00 DEBUG 19468 --- [Shift Scheduler Demo] [           main] org.hibernate.SQL                        : delete from shift_assignments where id=?
Hibernate: delete from shift_assignments where id=?
2025-10-26T12:22:31.865+09:00 DEBUG 19468 --- [Shift Scheduler Demo] [           main] org.hibernate.SQL                        : delete from shift_assignments where id=?
Hibernate: delete from shift_assignments where id=?
2025-10-26T12:22:31.865+09:00 DEBUG 19468 --- [Shift Scheduler Demo] [           main] org.hibernate.SQL                        : delete from shift_assignments where id=?
Hibernate: delete from shift_assignments where id=?
2025-10-26T12:22:31.866+09:00 DEBUG 19468 --- [Shift Scheduler Demo] [           main] org.hibernate.SQL                        : delete from shift_assignments where id=?
Hibernate: delete from shift_assignments where id=?
2025-10-26T12:22:31.866+09:00 DEBUG 19468 --- [Shift Scheduler Demo] [           main] org.hibernate.SQL                        : delete from shift_assignments where id=?
Hibernate: delete from shift_assignments where id=?
2025-10-26T12:22:31.866+09:00 DEBUG 19468 --- [Shift Scheduler Demo] [           main] org.hibernate.SQL                        : delete from shift_assignments where id=?
Hibernate: delete from shift_assignments where id=?
2025-10-26T12:22:31.866+09:00 DEBUG 19468 --- [Shift Scheduler Demo] [           main] org.hibernate.SQL                        : delete from shift_assignments where id=?
Hibernate: delete from shift_assignments where id=?
2025-10-26T12:22:31.866+09:00 DEBUG 19468 --- [Shift Scheduler Demo] [           main] org.hibernate.SQL                        : delete from shift_assignments where id=?
Hibernate: delete from shift_assignments where id=?
2025-10-26T12:22:31.866+09:00 DEBUG 19468 --- [Shift Scheduler Demo] [           main] org.hibernate.SQL                        : delete from shift_assignments where id=?
Hibernate: delete from shift_assignments where id=?
2025-10-26T12:22:31.866+09:00 DEBUG 19468 --- [Shift Scheduler Demo] [           main] org.hibernate.SQL                        : delete from shift_assignments where id=?
Hibernate: delete from shift_assignments where id=?
2025-10-26T12:22:31.866+09:00 DEBUG 19468 --- [Shift Scheduler Demo] [           main] org.hibernate.SQL                        : delete from shift_assignments where id=?
Hibernate: delete from shift_assignments where id=?
2025-10-26T12:22:31.866+09:00 DEBUG 19468 --- [Shift Scheduler Demo] [           main] org.hibernate.SQL                        : delete from shift_assignments where id=?
Hibernate: delete from shift_assignments where id=?
2025-10-26T12:22:31.867+09:00 DEBUG 19468 --- [Shift Scheduler Demo] [           main] org.hibernate.SQL                        : delete from shift_assignments where id=?
Hibernate: delete from shift_assignments where id=?
2025-10-26T12:22:31.867+09:00 DEBUG 19468 --- [Shift Scheduler Demo] [           main] org.hibernate.SQL                        : delete from shift_assignments where id=?
Hibernate: delete from shift_assignments where id=?
2025-10-26T12:22:31.867+09:00 DEBUG 19468 --- [Shift Scheduler Demo] [           main] org.hibernate.SQL                        : delete from shift_assignments where id=?
Hibernate: delete from shift_assignments where id=?
2025-10-26T12:22:31.867+09:00 DEBUG 19468 --- [Shift Scheduler Demo] [           main] org.hibernate.SQL                        : delete from shift_assignments where id=?
Hibernate: delete from shift_assignments where id=?
2025-10-26T12:22:31.867+09:00 DEBUG 19468 --- [Shift Scheduler Demo] [           main] org.hibernate.SQL                        : delete from shift_assignments where id=?
Hibernate: delete from shift_assignments where id=?
2025-10-26T12:22:31.868+09:00 DEBUG 19468 --- [Shift Scheduler Demo] [           main] org.hibernate.SQL                        : delete from shift_assignments where id=?
Hibernate: delete from shift_assignments where id=?
2025-10-26T12:22:31.868+09:00 DEBUG 19468 --- [Shift Scheduler Demo] [           main] org.hibernate.SQL                        : delete from shift_assignments where id=?
Hibernate: delete from shift_assignments where id=?
2025-10-26T12:22:31.868+09:00 DEBUG 19468 --- [Shift Scheduler Demo] [           main] org.hibernate.SQL                        : delete from shift_assignments where id=?
Hibernate: delete from shift_assignments where id=?
2025-10-26T12:22:31.868+09:00 DEBUG 19468 --- [Shift Scheduler Demo] [           main] org.hibernate.SQL                        : delete from shift_assignments where id=?
Hibernate: delete from shift_assignments where id=?
2025-10-26T12:22:31.868+09:00 DEBUG 19468 --- [Shift Scheduler Demo] [           main] org.hibernate.SQL                        : delete from shift_assignments where id=?
Hibernate: delete from shift_assignments where id=?
2025-10-26T12:22:31.868+09:00 DEBUG 19468 --- [Shift Scheduler Demo] [           main] org.hibernate.SQL                        : delete from shift_assignments where id=?
Hibernate: delete from shift_assignments where id=?
2025-10-26T12:22:31.868+09:00 DEBUG 19468 --- [Shift Scheduler Demo] [           main] org.hibernate.SQL                        : delete from shift_assignments where id=?
Hibernate: delete from shift_assignments where id=?
2025-10-26T12:22:31.868+09:00 DEBUG 19468 --- [Shift Scheduler Demo] [           main] org.hibernate.SQL                        : delete from shift_assignments where id=?
Hibernate: delete from shift_assignments where id=?
2025-10-26T12:22:31.868+09:00 DEBUG 19468 --- [Shift Scheduler Demo] [           main] org.hibernate.SQL                        : delete from shift_assignments where id=?
Hibernate: delete from shift_assignments where id=?
2025-10-26T12:22:31.869+09:00 DEBUG 19468 --- [Shift Scheduler Demo] [           main] org.hibernate.SQL                        : delete from shift_assignments where id=?
Hibernate: delete from shift_assignments where id=?
2025-10-26T12:22:31.869+09:00 DEBUG 19468 --- [Shift Scheduler Demo] [           main] org.hibernate.SQL                        : delete from shift_assignments where id=?
Hibernate: delete from shift_assignments where id=?
2025-10-26T12:22:31.869+09:00 DEBUG 19468 --- [Shift Scheduler Demo] [           main] org.hibernate.SQL                        : delete from shift_assignments where id=?
Hibernate: delete from shift_assignments where id=?
2025-10-26T12:22:31.869+09:00 DEBUG 19468 --- [Shift Scheduler Demo] [           main] org.hibernate.SQL                        : delete from shift_assignments where id=?
Hibernate: delete from shift_assignments where id=?
2025-10-26T12:22:31.869+09:00 DEBUG 19468 --- [Shift Scheduler Demo] [           main] org.hibernate.SQL                        : delete from shift_assignments where id=?
Hibernate: delete from shift_assignments where id=?
2025-10-26T12:22:31.869+09:00 DEBUG 19468 --- [Shift Scheduler Demo] [           main] org.hibernate.SQL                        : delete from shift_assignments where id=?
Hibernate: delete from shift_assignments where id=?
2025-10-26T12:22:31.869+09:00 DEBUG 19468 --- [Shift Scheduler Demo] [           main] org.hibernate.SQL                        : delete from shift_assignments where id=?
Hibernate: delete from shift_assignments where id=?
2025-10-26T12:22:31.869+09:00 DEBUG 19468 --- [Shift Scheduler Demo] [           main] org.hibernate.SQL                        : delete from shift_assignments where id=?
Hibernate: delete from shift_assignments where id=?
2025-10-26T12:22:31.869+09:00 DEBUG 19468 --- [Shift Scheduler Demo] [           main] org.hibernate.SQL                        : delete from shift_assignments where id=?
Hibernate: delete from shift_assignments where id=?
2025-10-26T12:22:31.870+09:00 DEBUG 19468 --- [Shift Scheduler Demo] [           main] org.hibernate.SQL                        : delete from shift_assignments where id=?
Hibernate: delete from shift_assignments where id=?
2025-10-26T12:22:31.870+09:00 DEBUG 19468 --- [Shift Scheduler Demo] [           main] org.hibernate.SQL                        : delete from shift_assignments where id=?
Hibernate: delete from shift_assignments where id=?
2025-10-26T12:22:31.871+09:00 DEBUG 19468 --- [Shift Scheduler Demo] [           main] org.hibernate.SQL                        : delete from shift_assignments where id=?
Hibernate: delete from shift_assignments where id=?
2025-10-26T12:22:31.871+09:00 DEBUG 19468 --- [Shift Scheduler Demo] [           main] org.hibernate.SQL                        : delete from shift_assignments where id=?
Hibernate: delete from shift_assignments where id=?
2025-10-26T12:22:31.871+09:00 DEBUG 19468 --- [Shift Scheduler Demo] [           main] org.hibernate.SQL                        : delete from shift_assignments where id=?
Hibernate: delete from shift_assignments where id=?
2025-10-26T12:22:31.872+09:00 DEBUG 19468 --- [Shift Scheduler Demo] [           main] org.hibernate.SQL                        : delete from shift_assignments where id=?
Hibernate: delete from shift_assignments where id=?
2025-10-26T12:22:31.872+09:00 DEBUG 19468 --- [Shift Scheduler Demo] [           main] org.hibernate.SQL                        : delete from shift_assignments where id=?
Hibernate: delete from shift_assignments where id=?
2025-10-26T12:22:31.872+09:00 DEBUG 19468 --- [Shift Scheduler Demo] [           main] org.hibernate.SQL                        : delete from shift_assignments where id=?
Hibernate: delete from shift_assignments where id=?
2025-10-26T12:22:31.872+09:00 DEBUG 19468 --- [Shift Scheduler Demo] [           main] org.hibernate.SQL                        : delete from shift_assignments where id=?
Hibernate: delete from shift_assignments where id=?
2025-10-26T12:22:31.872+09:00 DEBUG 19468 --- [Shift Scheduler Demo] [           main] org.hibernate.SQL                        : delete from shift_assignments where id=?
Hibernate: delete from shift_assignments where id=?
2025-10-26T12:22:31.872+09:00 DEBUG 19468 --- [Shift Scheduler Demo] [           main] org.hibernate.SQL                        : delete from shift_assignments where id=?
Hibernate: delete from shift_assignments where id=?
2025-10-26T12:22:31.872+09:00 DEBUG 19468 --- [Shift Scheduler Demo] [           main] org.hibernate.SQL                        : delete from shift_assignments where id=?
Hibernate: delete from shift_assignments where id=?
2025-10-26T12:22:31.872+09:00 DEBUG 19468 --- [Shift Scheduler Demo] [           main] org.hibernate.SQL                        : delete from shift_assignments where id=?
Hibernate: delete from shift_assignments where id=?
2025-10-26T12:22:31.873+09:00 DEBUG 19468 --- [Shift Scheduler Demo] [           main] org.hibernate.SQL                        : delete from shift_assignments where id=?
Hibernate: delete from shift_assignments where id=?
2025-10-26T12:22:31.873+09:00 DEBUG 19468 --- [Shift Scheduler Demo] [           main] org.hibernate.SQL                        : delete from shift_assignments where id=?
Hibernate: delete from shift_assignments where id=?
2025-10-26T12:22:31.873+09:00 DEBUG 19468 --- [Shift Scheduler Demo] [           main] org.hibernate.SQL                        : delete from shift_assignments where id=?
Hibernate: delete from shift_assignments where id=?
2025-10-26T12:22:31.873+09:00 DEBUG 19468 --- [Shift Scheduler Demo] [           main] org.hibernate.SQL                        : delete from shift_assignments where id=?
Hibernate: delete from shift_assignments where id=?
2025-10-26T12:22:31.874+09:00 DEBUG 19468 --- [Shift Scheduler Demo] [           main] org.hibernate.SQL                        : delete from shift_assignments where id=?
Hibernate: delete from shift_assignments where id=?
2025-10-26T12:22:31.874+09:00 DEBUG 19468 --- [Shift Scheduler Demo] [           main] org.hibernate.SQL                        : delete from shift_assignments where id=?
Hibernate: delete from shift_assignments where id=?
2025-10-26T12:22:31.874+09:00 DEBUG 19468 --- [Shift Scheduler Demo] [           main] org.hibernate.SQL                        : delete from shift_assignments where id=?
Hibernate: delete from shift_assignments where id=?
2025-10-26T12:22:31.874+09:00 DEBUG 19468 --- [Shift Scheduler Demo] [           main] org.hibernate.SQL                        : delete from shift_assignments where id=?
Hibernate: delete from shift_assignments where id=?
2025-10-26T12:22:31.874+09:00 DEBUG 19468 --- [Shift Scheduler Demo] [           main] org.hibernate.SQL                        : delete from shift_assignments where id=?
Hibernate: delete from shift_assignments where id=?
2025-10-26T12:22:31.875+09:00 DEBUG 19468 --- [Shift Scheduler Demo] [           main] org.hibernate.SQL                        : delete from shift_assignments where id=?
Hibernate: delete from shift_assignments where id=?
2025-10-26T12:22:31.875+09:00 DEBUG 19468 --- [Shift Scheduler Demo] [           main] org.hibernate.SQL                        : delete from shift_assignments where id=?
Hibernate: delete from shift_assignments where id=?
2025-10-26T12:22:31.875+09:00 DEBUG 19468 --- [Shift Scheduler Demo] [           main] org.hibernate.SQL                        : delete from shift_assignments where id=?
Hibernate: delete from shift_assignments where id=?
2025-10-26T12:22:31.875+09:00 DEBUG 19468 --- [Shift Scheduler Demo] [           main] org.hibernate.SQL                        : delete from shift_assignments where id=?
Hibernate: delete from shift_assignments where id=?
2025-10-26T12:22:31.875+09:00 DEBUG 19468 --- [Shift Scheduler Demo] [           main] org.hibernate.SQL                        : delete from shift_assignments where id=?
Hibernate: delete from shift_assignments where id=?
2025-10-26T12:22:31.875+09:00 DEBUG 19468 --- [Shift Scheduler Demo] [           main] org.hibernate.SQL                        : delete from shift_assignments where id=?
Hibernate: delete from shift_assignments where id=?
2025-10-26T12:22:31.876+09:00 DEBUG 19468 --- [Shift Scheduler Demo] [           main] org.hibernate.SQL                        : delete from shift_assignments where id=?
Hibernate: delete from shift_assignments where id=?
2025-10-26T12:22:31.876+09:00 DEBUG 19468 --- [Shift Scheduler Demo] [           main] org.hibernate.SQL                        : delete from shift_assignments where id=?
Hibernate: delete from shift_assignments where id=?
2025-10-26T12:22:31.876+09:00 DEBUG 19468 --- [Shift Scheduler Demo] [           main] org.hibernate.SQL                        : delete from shift_assignments where id=?
Hibernate: delete from shift_assignments where id=?
2025-10-26T12:22:31.876+09:00 DEBUG 19468 --- [Shift Scheduler Demo] [           main] org.hibernate.SQL                        : delete from shift_assignments where id=?
Hibernate: delete from shift_assignments where id=?
2025-10-26T12:22:31.876+09:00 DEBUG 19468 --- [Shift Scheduler Demo] [           main] org.hibernate.SQL                        : delete from shift_assignments where id=?
Hibernate: delete from shift_assignments where id=?
2025-10-26T12:22:31.876+09:00 DEBUG 19468 --- [Shift Scheduler Demo] [           main] org.hibernate.SQL                        : delete from shift_assignments where id=?
Hibernate: delete from shift_assignments where id=?
2025-10-26T12:22:31.876+09:00 DEBUG 19468 --- [Shift Scheduler Demo] [           main] org.hibernate.SQL                        : delete from shift_assignments where id=?
Hibernate: delete from shift_assignments where id=?
2025-10-26T12:22:31.876+09:00 DEBUG 19468 --- [Shift Scheduler Demo] [           main] org.hibernate.SQL                        : delete from shift_assignments where id=?
Hibernate: delete from shift_assignments where id=?
2025-10-26T12:22:31.877+09:00 DEBUG 19468 --- [Shift Scheduler Demo] [           main] org.hibernate.SQL                        : delete from shift_assignments where id=?
Hibernate: delete from shift_assignments where id=?
2025-10-26T12:22:31.877+09:00 DEBUG 19468 --- [Shift Scheduler Demo] [           main] org.hibernate.SQL                        : delete from shift_assignments where id=?
Hibernate: delete from shift_assignments where id=?
2025-10-26T12:22:31.877+09:00 DEBUG 19468 --- [Shift Scheduler Demo] [           main] org.hibernate.SQL                        : delete from shift_assignments where id=?
Hibernate: delete from shift_assignments where id=?
2025-10-26T12:22:31.877+09:00 DEBUG 19468 --- [Shift Scheduler Demo] [           main] org.hibernate.SQL                        : delete from shift_assignments where id=?
Hibernate: delete from shift_assignments where id=?
2025-10-26T12:22:31.877+09:00 DEBUG 19468 --- [Shift Scheduler Demo] [           main] org.hibernate.SQL                        : delete from shift_assignments where id=?
Hibernate: delete from shift_assignments where id=?
2025-10-26T12:22:31.877+09:00 DEBUG 19468 --- [Shift Scheduler Demo] [           main] org.hibernate.SQL                        : delete from shift_assignments where id=?
Hibernate: delete from shift_assignments where id=?
2025-10-26T12:22:31.877+09:00 DEBUG 19468 --- [Shift Scheduler Demo] [           main] org.hibernate.SQL                        : delete from shift_assignments where id=?
Hibernate: delete from shift_assignments where id=?
2025-10-26T12:22:31.877+09:00 DEBUG 19468 --- [Shift Scheduler Demo] [           main] org.hibernate.SQL                        : delete from shift_assignments where id=?
Hibernate: delete from shift_assignments where id=?
2025-10-26T12:22:31.877+09:00 DEBUG 19468 --- [Shift Scheduler Demo] [           main] org.hibernate.SQL                        : delete from shift_assignments where id=?
Hibernate: delete from shift_assignments where id=?
2025-10-26T12:22:31.877+09:00 DEBUG 19468 --- [Shift Scheduler Demo] [           main] org.hibernate.SQL                        : delete from shift_assignments where id=?
Hibernate: delete from shift_assignments where id=?
2025-10-26T12:22:31.877+09:00 DEBUG 19468 --- [Shift Scheduler Demo] [           main] org.hibernate.SQL                        : delete from shift_assignments where id=?
Hibernate: delete from shift_assignments where id=?
2025-10-26T12:22:31.878+09:00 DEBUG 19468 --- [Shift Scheduler Demo] [           main] org.hibernate.SQL                        : delete from shift_assignments where id=?
Hibernate: delete from shift_assignments where id=?
2025-10-26T12:22:31.878+09:00 DEBUG 19468 --- [Shift Scheduler Demo] [           main] org.hibernate.SQL                        : delete from shift_assignments where id=?
Hibernate: delete from shift_assignments where id=?
2025-10-26T12:22:31.878+09:00 DEBUG 19468 --- [Shift Scheduler Demo] [           main] org.hibernate.SQL                        : delete from shift_assignments where id=?
Hibernate: delete from shift_assignments where id=?
2025-10-26T12:22:31.878+09:00 DEBUG 19468 --- [Shift Scheduler Demo] [           main] org.hibernate.SQL                        : delete from shift_assignments where id=?
Hibernate: delete from shift_assignments where id=?
2025-10-26T12:22:31.878+09:00 DEBUG 19468 --- [Shift Scheduler Demo] [           main] org.hibernate.SQL                        : delete from shift_assignments where id=?
Hibernate: delete from shift_assignments where id=?
2025-10-26T12:22:31.878+09:00 DEBUG 19468 --- [Shift Scheduler Demo] [           main] org.hibernate.SQL                        : delete from shift_assignments where id=?
Hibernate: delete from shift_assignments where id=?
2025-10-26T12:22:31.878+09:00 DEBUG 19468 --- [Shift Scheduler Demo] [           main] org.hibernate.SQL                        : delete from shift_assignments where id=?
Hibernate: delete from shift_assignments where id=?
2025-10-26T12:22:31.878+09:00 DEBUG 19468 --- [Shift Scheduler Demo] [           main] org.hibernate.SQL                        : delete from shift_assignments where id=?
Hibernate: delete from shift_assignments where id=?
2025-10-26T12:22:31.878+09:00 DEBUG 19468 --- [Shift Scheduler Demo] [           main] org.hibernate.SQL                        : delete from shift_assignments where id=?
Hibernate: delete from shift_assignments where id=?
2025-10-26T12:22:31.878+09:00 DEBUG 19468 --- [Shift Scheduler Demo] [           main] org.hibernate.SQL                        : delete from shift_assignments where id=?
Hibernate: delete from shift_assignments where id=?
2025-10-26T12:22:31.878+09:00 DEBUG 19468 --- [Shift Scheduler Demo] [           main] org.hibernate.SQL                        : delete from shift_assignments where id=?
Hibernate: delete from shift_assignments where id=?
2025-10-26T12:22:31.878+09:00 DEBUG 19468 --- [Shift Scheduler Demo] [           main] org.hibernate.SQL                        : delete from shift_assignments where id=?
Hibernate: delete from shift_assignments where id=?
2025-10-26T12:22:31.878+09:00 DEBUG 19468 --- [Shift Scheduler Demo] [           main] org.hibernate.SQL                        : delete from shift_assignments where id=?
Hibernate: delete from shift_assignments where id=?
2025-10-26T12:22:31.879+09:00 DEBUG 19468 --- [Shift Scheduler Demo] [           main] org.hibernate.SQL                        : delete from shift_assignments where id=?
Hibernate: delete from shift_assignments where id=?
2025-10-26T12:22:31.879+09:00 DEBUG 19468 --- [Shift Scheduler Demo] [           main] org.hibernate.SQL                        : delete from shift_assignments where id=?
Hibernate: delete from shift_assignments where id=?
2025-10-26T12:22:31.879+09:00 DEBUG 19468 --- [Shift Scheduler Demo] [           main] org.hibernate.SQL                        : delete from shift_assignments where id=?
Hibernate: delete from shift_assignments where id=?
2025-10-26T12:22:31.879+09:00 DEBUG 19468 --- [Shift Scheduler Demo] [           main] org.hibernate.SQL                        : delete from shift_assignments where id=?
Hibernate: delete from shift_assignments where id=?
2025-10-26T12:22:31.879+09:00 DEBUG 19468 --- [Shift Scheduler Demo] [           main] org.hibernate.SQL                        : delete from shift_assignments where id=?
Hibernate: delete from shift_assignments where id=?
2025-10-26T12:22:31.879+09:00 DEBUG 19468 --- [Shift Scheduler Demo] [           main] org.hibernate.SQL                        : delete from shift_assignments where id=?
Hibernate: delete from shift_assignments where id=?
2025-10-26T12:22:31.879+09:00 DEBUG 19468 --- [Shift Scheduler Demo] [           main] org.hibernate.SQL                        : delete from shift_assignments where id=?
Hibernate: delete from shift_assignments where id=?
2025-10-26T12:22:31.879+09:00 DEBUG 19468 --- [Shift Scheduler Demo] [           main] org.hibernate.SQL                        : delete from shift_assignments where id=?
Hibernate: delete from shift_assignments where id=?
2025-10-26T12:22:31.879+09:00 DEBUG 19468 --- [Shift Scheduler Demo] [           main] org.hibernate.SQL                        : delete from shift_assignments where id=?
Hibernate: delete from shift_assignments where id=?
2025-10-26T12:22:31.880+09:00 DEBUG 19468 --- [Shift Scheduler Demo] [           main] org.hibernate.SQL                        : delete from shift_assignments where id=?
Hibernate: delete from shift_assignments where id=?
2025-10-26T12:22:31.880+09:00 DEBUG 19468 --- [Shift Scheduler Demo] [           main] org.hibernate.SQL                        : delete from shift_assignments where id=?
Hibernate: delete from shift_assignments where id=?
2025-10-26T12:22:31.880+09:00 DEBUG 19468 --- [Shift Scheduler Demo] [           main] org.hibernate.SQL                        : delete from shift_assignments where id=?
Hibernate: delete from shift_assignments where id=?
2025-10-26T12:22:31.880+09:00 DEBUG 19468 --- [Shift Scheduler Demo] [           main] org.hibernate.SQL                        : delete from shift_assignments where id=?
Hibernate: delete from shift_assignments where id=?
2025-10-26T12:22:31.880+09:00 DEBUG 19468 --- [Shift Scheduler Demo] [           main] org.hibernate.SQL                        : delete from shift_assignments where id=?
Hibernate: delete from shift_assignments where id=?
2025-10-26T12:22:31.880+09:00 DEBUG 19468 --- [Shift Scheduler Demo] [           main] org.hibernate.SQL                        : delete from shift_assignments where id=?
Hibernate: delete from shift_assignments where id=?
2025-10-26T12:22:31.880+09:00 DEBUG 19468 --- [Shift Scheduler Demo] [           main] org.hibernate.SQL                        : delete from shift_assignments where id=?
Hibernate: delete from shift_assignments where id=?
2025-10-26T12:22:31.880+09:00 DEBUG 19468 --- [Shift Scheduler Demo] [           main] org.hibernate.SQL                        : delete from shift_assignments where id=?
Hibernate: delete from shift_assignments where id=?
2025-10-26T12:22:31.880+09:00 DEBUG 19468 --- [Shift Scheduler Demo] [           main] org.hibernate.SQL                        : delete from shift_assignments where id=?
Hibernate: delete from shift_assignments where id=?
2025-10-26T12:22:31.880+09:00 DEBUG 19468 --- [Shift Scheduler Demo] [           main] org.hibernate.SQL                        : delete from shift_assignments where id=?
Hibernate: delete from shift_assignments where id=?
2025-10-26T12:22:31.880+09:00 DEBUG 19468 --- [Shift Scheduler Demo] [           main] org.hibernate.SQL                        : delete from shift_assignments where id=?
Hibernate: delete from shift_assignments where id=?
2025-10-26T12:22:31.880+09:00 DEBUG 19468 --- [Shift Scheduler Demo] [           main] org.hibernate.SQL                        : delete from shift_assignments where id=?
Hibernate: delete from shift_assignments where id=?
2025-10-26T12:22:31.880+09:00 DEBUG 19468 --- [Shift Scheduler Demo] [           main] org.hibernate.SQL                        : delete from shift_assignments where id=?
Hibernate: delete from shift_assignments where id=?
2025-10-26T12:22:31.880+09:00 DEBUG 19468 --- [Shift Scheduler Demo] [           main] org.hibernate.SQL                        : delete from shift_assignments where id=?
Hibernate: delete from shift_assignments where id=?
2025-10-26T12:22:31.880+09:00 DEBUG 19468 --- [Shift Scheduler Demo] [           main] org.hibernate.SQL                        : delete from shift_assignments where id=?
Hibernate: delete from shift_assignments where id=?
2025-10-26T12:22:31.881+09:00 DEBUG 19468 --- [Shift Scheduler Demo] [           main] org.hibernate.SQL                        : delete from shift_assignments where id=?
Hibernate: delete from shift_assignments where id=?
2025-10-26T12:22:31.881+09:00 DEBUG 19468 --- [Shift Scheduler Demo] [           main] org.hibernate.SQL                        : delete from shift_assignments where id=?
Hibernate: delete from shift_assignments where id=?
2025-10-26T12:22:31.881+09:00 DEBUG 19468 --- [Shift Scheduler Demo] [           main] org.hibernate.SQL                        : delete from shift_assignments where id=?
Hibernate: delete from shift_assignments where id=?
2025-10-26T12:22:31.881+09:00 DEBUG 19468 --- [Shift Scheduler Demo] [           main] org.hibernate.SQL                        : delete from shift_assignments where id=?
Hibernate: delete from shift_assignments where id=?
2025-10-26T12:22:31.881+09:00 DEBUG 19468 --- [Shift Scheduler Demo] [           main] org.hibernate.SQL                        : delete from shift_assignments where id=?
Hibernate: delete from shift_assignments where id=?
2025-10-26T12:22:31.881+09:00 DEBUG 19468 --- [Shift Scheduler Demo] [           main] org.hibernate.SQL                        : delete from shift_assignments where id=?
Hibernate: delete from shift_assignments where id=?
2025-10-26T12:22:31.881+09:00 DEBUG 19468 --- [Shift Scheduler Demo] [           main] org.hibernate.SQL                        : delete from shift_assignments where id=?
Hibernate: delete from shift_assignments where id=?
2025-10-26T12:22:31.881+09:00 DEBUG 19468 --- [Shift Scheduler Demo] [           main] org.hibernate.SQL                        : delete from shift_assignments where id=?
Hibernate: delete from shift_assignments where id=?
2025-10-26T12:22:31.881+09:00 DEBUG 19468 --- [Shift Scheduler Demo] [           main] org.hibernate.SQL                        : delete from shift_assignments where id=?
Hibernate: delete from shift_assignments where id=?
2025-10-26T12:22:31.881+09:00 DEBUG 19468 --- [Shift Scheduler Demo] [           main] org.hibernate.SQL                        : delete from shift_assignments where id=?
Hibernate: delete from shift_assignments where id=?
2025-10-26T12:22:31.881+09:00 DEBUG 19468 --- [Shift Scheduler Demo] [           main] org.hibernate.SQL                        : delete from shift_assignments where id=?
Hibernate: delete from shift_assignments where id=?
2025-10-26T12:22:31.881+09:00 DEBUG 19468 --- [Shift Scheduler Demo] [           main] org.hibernate.SQL                        : delete from shift_assignments where id=?
Hibernate: delete from shift_assignments where id=?
2025-10-26T12:22:31.881+09:00 DEBUG 19468 --- [Shift Scheduler Demo] [           main] org.hibernate.SQL                        : delete from shift_assignments where id=?
Hibernate: delete from shift_assignments where id=?
2025-10-26T12:22:31.881+09:00 DEBUG 19468 --- [Shift Scheduler Demo] [           main] org.hibernate.SQL                        : delete from shift_assignments where id=?
Hibernate: delete from shift_assignments where id=?
2025-10-26T12:22:31.881+09:00 DEBUG 19468 --- [Shift Scheduler Demo] [           main] org.hibernate.SQL                        : delete from shift_assignments where id=?
Hibernate: delete from shift_assignments where id=?
2025-10-26T12:22:31.882+09:00 DEBUG 19468 --- [Shift Scheduler Demo] [           main] org.hibernate.SQL                        : delete from shift_assignments where id=?
Hibernate: delete from shift_assignments where id=?
2025-10-26T12:22:31.883+09:00 DEBUG 19468 --- [Shift Scheduler Demo] [           main] org.hibernate.SQL                        : delete from shift_assignments where id=?
Hibernate: delete from shift_assignments where id=?
2025-10-26T12:22:31.884+09:00 DEBUG 19468 --- [Shift Scheduler Demo] [           main] org.hibernate.SQL                        : delete from shift_assignments where id=?
Hibernate: delete from shift_assignments where id=?
2025-10-26T12:22:31.885+09:00 DEBUG 19468 --- [Shift Scheduler Demo] [           main] org.hibernate.SQL                        : delete from shift_assignments where id=?
Hibernate: delete from shift_assignments where id=?
2025-10-26T12:22:31.886+09:00 DEBUG 19468 --- [Shift Scheduler Demo] [           main] org.hibernate.SQL                        : delete from shift_assignments where id=?
Hibernate: delete from shift_assignments where id=?
2025-10-26T12:22:31.886+09:00 DEBUG 19468 --- [Shift Scheduler Demo] [           main] org.hibernate.SQL                        : delete from shift_assignments where id=?
Hibernate: delete from shift_assignments where id=?
2025-10-26T12:22:31.886+09:00 DEBUG 19468 --- [Shift Scheduler Demo] [           main] org.hibernate.SQL                        : delete from shift_assignments where id=?
Hibernate: delete from shift_assignments where id=?
2025-10-26T12:22:31.886+09:00 DEBUG 19468 --- [Shift Scheduler Demo] [           main] org.hibernate.SQL                        : delete from shift_assignments where id=?
Hibernate: delete from shift_assignments where id=?
2025-10-26T12:22:31.892+09:00 DEBUG 19468 --- [Shift Scheduler Demo] [           main] org.hibernate.SQL                        : delete from shift_assignments where id=?
Hibernate: delete from shift_assignments where id=?
2025-10-26T12:22:31.893+09:00 DEBUG 19468 --- [Shift Scheduler Demo] [           main] org.hibernate.SQL                        : delete from shift_assignments where id=?
Hibernate: delete from shift_assignments where id=?
2025-10-26T12:22:31.893+09:00 DEBUG 19468 --- [Shift Scheduler Demo] [           main] org.hibernate.SQL                        : delete from shift_assignments where id=?
Hibernate: delete from shift_assignments where id=?
2025-10-26T12:22:31.893+09:00 DEBUG 19468 --- [Shift Scheduler Demo] [           main] org.hibernate.SQL                        : delete from shift_assignments where id=?
Hibernate: delete from shift_assignments where id=?
2025-10-26T12:22:31.893+09:00 DEBUG 19468 --- [Shift Scheduler Demo] [           main] org.hibernate.SQL                        : delete from shift_assignments where id=?
Hibernate: delete from shift_assignments where id=?
2025-10-26T12:22:31.893+09:00 DEBUG 19468 --- [Shift Scheduler Demo] [           main] org.hibernate.SQL                        : delete from shift_assignments where id=?
Hibernate: delete from shift_assignments where id=?
2025-10-26T12:22:31.893+09:00 DEBUG 19468 --- [Shift Scheduler Demo] [           main] org.hibernate.SQL                        : delete from shift_assignments where id=?
Hibernate: delete from shift_assignments where id=?
2025-10-26T12:22:31.893+09:00 DEBUG 19468 --- [Shift Scheduler Demo] [           main] org.hibernate.SQL                        : delete from shift_assignments where id=?
Hibernate: delete from shift_assignments where id=?
2025-10-26T12:22:31.893+09:00 DEBUG 19468 --- [Shift Scheduler Demo] [           main] org.hibernate.SQL                        : delete from shift_assignments where id=?
Hibernate: delete from shift_assignments where id=?
2025-10-26T12:22:31.893+09:00 DEBUG 19468 --- [Shift Scheduler Demo] [           main] org.hibernate.SQL                        : delete from shift_assignments where id=?
Hibernate: delete from shift_assignments where id=?
2025-10-26T12:22:31.894+09:00 DEBUG 19468 --- [Shift Scheduler Demo] [           main] org.hibernate.SQL                        : delete from shift_assignments where id=?
Hibernate: delete from shift_assignments where id=?
2025-10-26T12:22:31.894+09:00 DEBUG 19468 --- [Shift Scheduler Demo] [           main] org.hibernate.SQL                        : delete from shift_assignments where id=?
Hibernate: delete from shift_assignments where id=?
2025-10-26T12:22:31.894+09:00 DEBUG 19468 --- [Shift Scheduler Demo] [           main] org.hibernate.SQL                        : delete from shift_assignments where id=?
Hibernate: delete from shift_assignments where id=?
2025-10-26T12:22:31.894+09:00 DEBUG 19468 --- [Shift Scheduler Demo] [           main] org.hibernate.SQL                        : delete from shift_assignments where id=?
Hibernate: delete from shift_assignments where id=?
2025-10-26T12:22:31.894+09:00 DEBUG 19468 --- [Shift Scheduler Demo] [           main] org.hibernate.SQL                        : delete from shift_assignments where id=?
Hibernate: delete from shift_assignments where id=?
2025-10-26T12:22:31.894+09:00 DEBUG 19468 --- [Shift Scheduler Demo] [           main] org.hibernate.SQL                        : delete from shift_assignments where id=?
Hibernate: delete from shift_assignments where id=?
2025-10-26T12:22:31.895+09:00 DEBUG 19468 --- [Shift Scheduler Demo] [           main] org.hibernate.SQL                        : delete from shift_assignments where id=?
Hibernate: delete from shift_assignments where id=?
2025-10-26T12:22:31.895+09:00 DEBUG 19468 --- [Shift Scheduler Demo] [           main] org.hibernate.SQL                        : delete from shift_assignments where id=?
Hibernate: delete from shift_assignments where id=?
2025-10-26T12:22:31.895+09:00 DEBUG 19468 --- [Shift Scheduler Demo] [           main] org.hibernate.SQL                        : delete from shift_assignments where id=?
Hibernate: delete from shift_assignments where id=?
2025-10-26T12:22:31.895+09:00 DEBUG 19468 --- [Shift Scheduler Demo] [           main] org.hibernate.SQL                        : delete from shift_assignments where id=?
Hibernate: delete from shift_assignments where id=?
2025-10-26T12:22:31.895+09:00 DEBUG 19468 --- [Shift Scheduler Demo] [           main] org.hibernate.SQL                        : delete from shift_assignments where id=?
Hibernate: delete from shift_assignments where id=?
2025-10-26T12:22:31.895+09:00 DEBUG 19468 --- [Shift Scheduler Demo] [           main] org.hibernate.SQL                        : delete from shift_assignments where id=?
Hibernate: delete from shift_assignments where id=?
2025-10-26T12:22:31.895+09:00 DEBUG 19468 --- [Shift Scheduler Demo] [           main] org.hibernate.SQL                        : delete from shift_assignments where id=?
Hibernate: delete from shift_assignments where id=?
2025-10-26T12:22:31.895+09:00 DEBUG 19468 --- [Shift Scheduler Demo] [           main] org.hibernate.SQL                        : delete from shift_assignments where id=?
Hibernate: delete from shift_assignments where id=?
2025-10-26T12:22:31.895+09:00 DEBUG 19468 --- [Shift Scheduler Demo] [           main] org.hibernate.SQL                        : delete from shift_assignments where id=?
Hibernate: delete from shift_assignments where id=?
2025-10-26T12:22:31.895+09:00 DEBUG 19468 --- [Shift Scheduler Demo] [           main] org.hibernate.SQL                        : delete from shift_assignments where id=?
Hibernate: delete from shift_assignments where id=?
2025-10-26T12:22:31.895+09:00 DEBUG 19468 --- [Shift Scheduler Demo] [           main] org.hibernate.SQL                        : delete from shift_assignments where id=?
Hibernate: delete from shift_assignments where id=?
2025-10-26T12:22:31.895+09:00 DEBUG 19468 --- [Shift Scheduler Demo] [           main] org.hibernate.SQL                        : delete from shift_assignments where id=?
Hibernate: delete from shift_assignments where id=?
2025-10-26T12:22:31.895+09:00 DEBUG 19468 --- [Shift Scheduler Demo] [           main] org.hibernate.SQL                        : delete from shift_assignments where id=?
Hibernate: delete from shift_assignments where id=?
2025-10-26T12:22:31.895+09:00 DEBUG 19468 --- [Shift Scheduler Demo] [           main] org.hibernate.SQL                        : delete from shift_assignments where id=?
Hibernate: delete from shift_assignments where id=?
2025-10-26T12:22:31.896+09:00 DEBUG 19468 --- [Shift Scheduler Demo] [           main] org.hibernate.SQL                        : delete from shift_assignments where id=?
Hibernate: delete from shift_assignments where id=?
2025-10-26T12:22:31.896+09:00 DEBUG 19468 --- [Shift Scheduler Demo] [           main] org.hibernate.SQL                        : delete from shift_assignments where id=?
Hibernate: delete from shift_assignments where id=?
2025-10-26T12:22:31.897+09:00 DEBUG 19468 --- [Shift Scheduler Demo] [           main] org.hibernate.SQL                        : delete from shift_assignments where id=?
Hibernate: delete from shift_assignments where id=?
2025-10-26T12:22:31.897+09:00 DEBUG 19468 --- [Shift Scheduler Demo] [           main] org.hibernate.SQL                        : delete from shift_assignments where id=?
Hibernate: delete from shift_assignments where id=?
2025-10-26T12:22:31.897+09:00 DEBUG 19468 --- [Shift Scheduler Demo] [           main] org.hibernate.SQL                        : delete from shift_assignments where id=?
Hibernate: delete from shift_assignments where id=?
2025-10-26T12:22:31.897+09:00 DEBUG 19468 --- [Shift Scheduler Demo] [           main] org.hibernate.SQL                        : delete from shift_assignments where id=?
Hibernate: delete from shift_assignments where id=?
2025-10-26T12:22:31.897+09:00 DEBUG 19468 --- [Shift Scheduler Demo] [           main] org.hibernate.SQL                        : delete from shift_assignments where id=?
Hibernate: delete from shift_assignments where id=?
2025-10-26T12:22:31.897+09:00 DEBUG 19468 --- [Shift Scheduler Demo] [           main] org.hibernate.SQL                        : delete from shift_assignments where id=?
Hibernate: delete from shift_assignments where id=?
2025-10-26T12:22:31.897+09:00 DEBUG 19468 --- [Shift Scheduler Demo] [           main] org.hibernate.SQL                        : delete from shift_assignments where id=?
Hibernate: delete from shift_assignments where id=?
2025-10-26T12:22:31.897+09:00 DEBUG 19468 --- [Shift Scheduler Demo] [           main] org.hibernate.SQL                        : delete from shift_assignments where id=?
Hibernate: delete from shift_assignments where id=?
2025-10-26T12:22:31.897+09:00 DEBUG 19468 --- [Shift Scheduler Demo] [           main] org.hibernate.SQL                        : delete from shift_assignments where id=?
Hibernate: delete from shift_assignments where id=?
2025-10-26T12:22:31.897+09:00 DEBUG 19468 --- [Shift Scheduler Demo] [           main] org.hibernate.SQL                        : delete from shift_assignments where id=?
Hibernate: delete from shift_assignments where id=?
2025-10-26T12:22:31.897+09:00 DEBUG 19468 --- [Shift Scheduler Demo] [           main] org.hibernate.SQL                        : delete from shift_assignments where id=?
Hibernate: delete from shift_assignments where id=?
2025-10-26T12:22:31.897+09:00 DEBUG 19468 --- [Shift Scheduler Demo] [           main] org.hibernate.SQL                        : delete from shift_assignments where id=?
Hibernate: delete from shift_assignments where id=?
2025-10-26T12:22:31.897+09:00 DEBUG 19468 --- [Shift Scheduler Demo] [           main] org.hibernate.SQL                        : delete from shift_assignments where id=?
Hibernate: delete from shift_assignments where id=?
2025-10-26T12:22:31.897+09:00 DEBUG 19468 --- [Shift Scheduler Demo] [           main] org.hibernate.SQL                        : delete from shift_assignments where id=?
Hibernate: delete from shift_assignments where id=?
2025-10-26T12:22:31.899+09:00 DEBUG 19468 --- [Shift Scheduler Demo] [           main] org.hibernate.SQL                        : delete from shift_assignments where id=?
Hibernate: delete from shift_assignments where id=?
2025-10-26T12:22:31.899+09:00 DEBUG 19468 --- [Shift Scheduler Demo] [           main] org.hibernate.SQL                        : delete from shift_assignments where id=?
Hibernate: delete from shift_assignments where id=?
2025-10-26T12:22:31.899+09:00 DEBUG 19468 --- [Shift Scheduler Demo] [           main] org.hibernate.SQL                        : delete from shift_assignments where id=?
Hibernate: delete from shift_assignments where id=?
2025-10-26T12:22:31.899+09:00 DEBUG 19468 --- [Shift Scheduler Demo] [           main] org.hibernate.SQL                        : delete from shift_assignments where id=?
Hibernate: delete from shift_assignments where id=?
2025-10-26T12:22:31.899+09:00 DEBUG 19468 --- [Shift Scheduler Demo] [           main] org.hibernate.SQL                        : delete from shift_assignments where id=?
Hibernate: delete from shift_assignments where id=?
2025-10-26T12:22:31.899+09:00 DEBUG 19468 --- [Shift Scheduler Demo] [           main] org.hibernate.SQL                        : delete from shift_assignments where id=?
Hibernate: delete from shift_assignments where id=?
2025-10-26T12:22:31.899+09:00 DEBUG 19468 --- [Shift Scheduler Demo] [           main] org.hibernate.SQL                        : delete from shift_assignments where id=?
Hibernate: delete from shift_assignments where id=?
2025-10-26T12:22:31.899+09:00 DEBUG 19468 --- [Shift Scheduler Demo] [           main] org.hibernate.SQL                        : delete from shift_assignments where id=?
Hibernate: delete from shift_assignments where id=?
2025-10-26T12:22:31.899+09:00 DEBUG 19468 --- [Shift Scheduler Demo] [           main] org.hibernate.SQL                        : delete from shift_assignments where id=?
Hibernate: delete from shift_assignments where id=?
2025-10-26T12:22:31.899+09:00 DEBUG 19468 --- [Shift Scheduler Demo] [           main] org.hibernate.SQL                        : delete from shift_assignments where id=?
Hibernate: delete from shift_assignments where id=?
2025-10-26T12:22:31.899+09:00 DEBUG 19468 --- [Shift Scheduler Demo] [           main] org.hibernate.SQL                        : delete from shift_assignments where id=?
Hibernate: delete from shift_assignments where id=?
2025-10-26T12:22:31.899+09:00 DEBUG 19468 --- [Shift Scheduler Demo] [           main] org.hibernate.SQL                        : delete from shift_assignments where id=?
Hibernate: delete from shift_assignments where id=?
2025-10-26T12:22:31.899+09:00 DEBUG 19468 --- [Shift Scheduler Demo] [           main] org.hibernate.SQL                        : delete from shift_assignments where id=?
Hibernate: delete from shift_assignments where id=?
2025-10-26T12:22:31.899+09:00 DEBUG 19468 --- [Shift Scheduler Demo] [           main] org.hibernate.SQL                        : delete from shift_assignments where id=?
Hibernate: delete from shift_assignments where id=?
2025-10-26T12:22:31.899+09:00 DEBUG 19468 --- [Shift Scheduler Demo] [           main] org.hibernate.SQL                        : delete from shift_assignments where id=?
Hibernate: delete from shift_assignments where id=?
2025-10-26T12:22:31.899+09:00 DEBUG 19468 --- [Shift Scheduler Demo] [           main] org.hibernate.SQL                        : delete from shift_assignments where id=?
Hibernate: delete from shift_assignments where id=?
2025-10-26T12:22:31.900+09:00 DEBUG 19468 --- [Shift Scheduler Demo] [           main] org.hibernate.SQL                        : delete from shift_assignments where id=?
Hibernate: delete from shift_assignments where id=?
2025-10-26T12:22:31.900+09:00 DEBUG 19468 --- [Shift Scheduler Demo] [           main] org.hibernate.SQL                        : delete from shift_assignments where id=?
Hibernate: delete from shift_assignments where id=?
2025-10-26T12:22:31.901+09:00 DEBUG 19468 --- [Shift Scheduler Demo] [           main] org.hibernate.SQL                        : delete from shift_assignments where id=?
Hibernate: delete from shift_assignments where id=?
2025-10-26T12:22:31.901+09:00 DEBUG 19468 --- [Shift Scheduler Demo] [           main] org.hibernate.SQL                        : delete from shift_assignments where id=?
Hibernate: delete from shift_assignments where id=?
2025-10-26T12:22:31.901+09:00 DEBUG 19468 --- [Shift Scheduler Demo] [           main] org.hibernate.SQL                        : delete from shift_assignments where id=?
Hibernate: delete from shift_assignments where id=?
2025-10-26T12:22:31.901+09:00 DEBUG 19468 --- [Shift Scheduler Demo] [           main] org.hibernate.SQL                        : delete from shift_assignments where id=?
Hibernate: delete from shift_assignments where id=?
2025-10-26T12:22:31.901+09:00 DEBUG 19468 --- [Shift Scheduler Demo] [           main] org.hibernate.SQL                        : delete from shift_assignments where id=?
Hibernate: delete from shift_assignments where id=?
2025-10-26T12:22:31.901+09:00 DEBUG 19468 --- [Shift Scheduler Demo] [           main] org.hibernate.SQL                        : delete from shift_assignments where id=?
Hibernate: delete from shift_assignments where id=?
2025-10-26T12:22:31.901+09:00 DEBUG 19468 --- [Shift Scheduler Demo] [           main] org.hibernate.SQL                        : delete from shift_assignments where id=?
Hibernate: delete from shift_assignments where id=?
2025-10-26T12:22:31.901+09:00 DEBUG 19468 --- [Shift Scheduler Demo] [           main] org.hibernate.SQL                        : delete from shift_assignments where id=?
Hibernate: delete from shift_assignments where id=?
2025-10-26T12:22:31.901+09:00 DEBUG 19468 --- [Shift Scheduler Demo] [           main] org.hibernate.SQL                        : delete from shift_assignments where id=?
Hibernate: delete from shift_assignments where id=?
2025-10-26T12:22:31.901+09:00 DEBUG 19468 --- [Shift Scheduler Demo] [           main] org.hibernate.SQL                        : delete from shift_assignments where id=?
Hibernate: delete from shift_assignments where id=?
2025-10-26T12:22:31.901+09:00 DEBUG 19468 --- [Shift Scheduler Demo] [           main] org.hibernate.SQL                        : delete from shift_assignments where id=?
Hibernate: delete from shift_assignments where id=?
2025-10-26T12:22:31.901+09:00 DEBUG 19468 --- [Shift Scheduler Demo] [           main] org.hibernate.SQL                        : delete from shift_assignments where id=?
Hibernate: delete from shift_assignments where id=?
2025-10-26T12:22:31.901+09:00 DEBUG 19468 --- [Shift Scheduler Demo] [           main] org.hibernate.SQL                        : delete from shift_assignments where id=?
Hibernate: delete from shift_assignments where id=?
2025-10-26T12:22:31.901+09:00 DEBUG 19468 --- [Shift Scheduler Demo] [           main] org.hibernate.SQL                        : delete from shift_assignments where id=?
Hibernate: delete from shift_assignments where id=?
2025-10-26T12:22:31.901+09:00 DEBUG 19468 --- [Shift Scheduler Demo] [           main] org.hibernate.SQL                        : delete from shift_assignments where id=?
Hibernate: delete from shift_assignments where id=?
2025-10-26T12:22:31.903+09:00 DEBUG 19468 --- [Shift Scheduler Demo] [           main] org.hibernate.SQL                        : delete from shift_assignments where id=?
Hibernate: delete from shift_assignments where id=?
2025-10-26T12:22:31.903+09:00 DEBUG 19468 --- [Shift Scheduler Demo] [           main] org.hibernate.SQL                        : delete from shift_assignments where id=?
Hibernate: delete from shift_assignments where id=?
2025-10-26T12:22:31.903+09:00 DEBUG 19468 --- [Shift Scheduler Demo] [           main] org.hibernate.SQL                        : delete from shift_assignments where id=?
Hibernate: delete from shift_assignments where id=?
2025-10-26T12:22:31.903+09:00 DEBUG 19468 --- [Shift Scheduler Demo] [           main] org.hibernate.SQL                        : delete from shift_assignments where id=?
Hibernate: delete from shift_assignments where id=?
2025-10-26T12:22:31.903+09:00 DEBUG 19468 --- [Shift Scheduler Demo] [           main] org.hibernate.SQL                        : delete from shift_assignments where id=?
Hibernate: delete from shift_assignments where id=?
2025-10-26T12:22:31.903+09:00 DEBUG 19468 --- [Shift Scheduler Demo] [           main] org.hibernate.SQL                        : delete from shift_assignments where id=?
Hibernate: delete from shift_assignments where id=?
2025-10-26T12:22:31.903+09:00 DEBUG 19468 --- [Shift Scheduler Demo] [           main] org.hibernate.SQL                        : delete from shift_assignments where id=?
Hibernate: delete from shift_assignments where id=?
2025-10-26T12:22:31.903+09:00 DEBUG 19468 --- [Shift Scheduler Demo] [           main] org.hibernate.SQL                        : delete from shift_assignments where id=?
Hibernate: delete from shift_assignments where id=?
2025-10-26T12:22:31.903+09:00 DEBUG 19468 --- [Shift Scheduler Demo] [           main] org.hibernate.SQL                        : delete from shift_assignments where id=?
Hibernate: delete from shift_assignments where id=?
2025-10-26T12:22:31.903+09:00 DEBUG 19468 --- [Shift Scheduler Demo] [           main] org.hibernate.SQL                        : delete from shift_assignments where id=?
Hibernate: delete from shift_assignments where id=?
2025-10-26T12:22:31.903+09:00 DEBUG 19468 --- [Shift Scheduler Demo] [           main] org.hibernate.SQL                        : delete from shift_assignments where id=?
Hibernate: delete from shift_assignments where id=?
2025-10-26T12:22:31.903+09:00 DEBUG 19468 --- [Shift Scheduler Demo] [           main] org.hibernate.SQL                        : delete from shift_assignments where id=?
Hibernate: delete from shift_assignments where id=?
2025-10-26T12:22:31.903+09:00 DEBUG 19468 --- [Shift Scheduler Demo] [           main] org.hibernate.SQL                        : delete from shift_assignments where id=?
Hibernate: delete from shift_assignments where id=?
2025-10-26T12:22:31.904+09:00 DEBUG 19468 --- [Shift Scheduler Demo] [           main] org.hibernate.SQL                        : delete from shift_assignments where id=?
Hibernate: delete from shift_assignments where id=?
2025-10-26T12:22:31.904+09:00 DEBUG 19468 --- [Shift Scheduler Demo] [           main] org.hibernate.SQL                        : delete from shift_assignments where id=?
Hibernate: delete from shift_assignments where id=?
2025-10-26T12:22:31.904+09:00 DEBUG 19468 --- [Shift Scheduler Demo] [           main] org.hibernate.SQL                        : delete from shift_assignments where id=?
Hibernate: delete from shift_assignments where id=?
2025-10-26T12:22:31.904+09:00 DEBUG 19468 --- [Shift Scheduler Demo] [           main] org.hibernate.SQL                        : delete from shift_assignments where id=?
Hibernate: delete from shift_assignments where id=?
2025-10-26T12:22:31.904+09:00 DEBUG 19468 --- [Shift Scheduler Demo] [           main] org.hibernate.SQL                        : delete from shift_assignments where id=?
Hibernate: delete from shift_assignments where id=?
2025-10-26T12:22:31.904+09:00 DEBUG 19468 --- [Shift Scheduler Demo] [           main] org.hibernate.SQL                        : delete from shift_assignments where id=?
Hibernate: delete from shift_assignments where id=?
2025-10-26T12:22:31.904+09:00 DEBUG 19468 --- [Shift Scheduler Demo] [           main] org.hibernate.SQL                        : delete from shift_assignments where id=?
Hibernate: delete from shift_assignments where id=?
2025-10-26T12:22:31.904+09:00 DEBUG 19468 --- [Shift Scheduler Demo] [           main] org.hibernate.SQL                        : delete from shift_assignments where id=?
Hibernate: delete from shift_assignments where id=?
2025-10-26T12:22:31.904+09:00 DEBUG 19468 --- [Shift Scheduler Demo] [           main] org.hibernate.SQL                        : delete from shift_assignments where id=?
Hibernate: delete from shift_assignments where id=?
2025-10-26T12:22:31.904+09:00 DEBUG 19468 --- [Shift Scheduler Demo] [           main] org.hibernate.SQL                        : delete from shift_assignments where id=?
Hibernate: delete from shift_assignments where id=?
2025-10-26T12:22:31.904+09:00 DEBUG 19468 --- [Shift Scheduler Demo] [           main] org.hibernate.SQL                        : delete from shift_assignments where id=?
Hibernate: delete from shift_assignments where id=?
2025-10-26T12:22:31.904+09:00 DEBUG 19468 --- [Shift Scheduler Demo] [           main] org.hibernate.SQL                        : delete from shift_assignments where id=?
Hibernate: delete from shift_assignments where id=?
2025-10-26T12:22:31.904+09:00 DEBUG 19468 --- [Shift Scheduler Demo] [           main] org.hibernate.SQL                        : delete from shift_assignments where id=?
Hibernate: delete from shift_assignments where id=?
2025-10-26T12:22:31.904+09:00 DEBUG 19468 --- [Shift Scheduler Demo] [           main] org.hibernate.SQL                        : delete from shift_assignments where id=?
Hibernate: delete from shift_assignments where id=?
2025-10-26T12:22:31.904+09:00 DEBUG 19468 --- [Shift Scheduler Demo] [           main] org.hibernate.SQL                        : delete from shift_assignments where id=?
Hibernate: delete from shift_assignments where id=?
2025-10-26T12:22:31.904+09:00 DEBUG 19468 --- [Shift Scheduler Demo] [           main] org.hibernate.SQL                        : delete from shift_assignments where id=?
Hibernate: delete from shift_assignments where id=?
2025-10-26T12:22:31.906+09:00 DEBUG 19468 --- [Shift Scheduler Demo] [           main] org.hibernate.SQL                        : delete from shift_assignments where id=?
Hibernate: delete from shift_assignments where id=?
2025-10-26T12:22:31.906+09:00 DEBUG 19468 --- [Shift Scheduler Demo] [           main] org.hibernate.SQL                        : delete from shift_assignments where id=?
Hibernate: delete from shift_assignments where id=?
2025-10-26T12:22:31.906+09:00 DEBUG 19468 --- [Shift Scheduler Demo] [           main] org.hibernate.SQL                        : delete from shift_assignments where id=?
Hibernate: delete from shift_assignments where id=?
2025-10-26T12:22:31.906+09:00 DEBUG 19468 --- [Shift Scheduler Demo] [           main] org.hibernate.SQL                        : delete from shift_assignments where id=?
Hibernate: delete from shift_assignments where id=?
2025-10-26T12:22:31.906+09:00 DEBUG 19468 --- [Shift Scheduler Demo] [           main] org.hibernate.SQL                        : delete from shift_assignments where id=?
Hibernate: delete from shift_assignments where id=?
2025-10-26T12:22:31.906+09:00 DEBUG 19468 --- [Shift Scheduler Demo] [           main] org.hibernate.SQL                        : delete from shift_assignments where id=?
Hibernate: delete from shift_assignments where id=?
2025-10-26T12:22:31.906+09:00 DEBUG 19468 --- [Shift Scheduler Demo] [           main] org.hibernate.SQL                        : delete from shift_assignments where id=?
Hibernate: delete from shift_assignments where id=?
2025-10-26T12:22:31.906+09:00 DEBUG 19468 --- [Shift Scheduler Demo] [           main] org.hibernate.SQL                        : delete from shift_assignments where id=?
Hibernate: delete from shift_assignments where id=?
2025-10-26T12:22:31.906+09:00 DEBUG 19468 --- [Shift Scheduler Demo] [           main] org.hibernate.SQL                        : delete from shift_assignments where id=?
Hibernate: delete from shift_assignments where id=?
2025-10-26T12:22:31.906+09:00 DEBUG 19468 --- [Shift Scheduler Demo] [           main] org.hibernate.SQL                        : delete from shift_assignments where id=?
Hibernate: delete from shift_assignments where id=?
2025-10-26T12:22:31.907+09:00 DEBUG 19468 --- [Shift Scheduler Demo] [           main] org.hibernate.SQL                        : delete from shift_assignments where id=?
Hibernate: delete from shift_assignments where id=?
2025-10-26T12:22:31.907+09:00 DEBUG 19468 --- [Shift Scheduler Demo] [           main] org.hibernate.SQL                        : delete from shift_assignments where id=?
Hibernate: delete from shift_assignments where id=?
2025-10-26T12:22:31.907+09:00 DEBUG 19468 --- [Shift Scheduler Demo] [           main] org.hibernate.SQL                        : delete from shift_assignments where id=?
Hibernate: delete from shift_assignments where id=?
2025-10-26T12:22:31.907+09:00 DEBUG 19468 --- [Shift Scheduler Demo] [           main] org.hibernate.SQL                        : delete from shift_assignments where id=?
Hibernate: delete from shift_assignments where id=?
2025-10-26T12:22:31.907+09:00 DEBUG 19468 --- [Shift Scheduler Demo] [           main] org.hibernate.SQL                        : delete from shift_assignments where id=?
Hibernate: delete from shift_assignments where id=?
2025-10-26T12:22:31.907+09:00 DEBUG 19468 --- [Shift Scheduler Demo] [           main] org.hibernate.SQL                        : delete from shift_assignments where id=?
Hibernate: delete from shift_assignments where id=?
2025-10-26T12:22:31.907+09:00 DEBUG 19468 --- [Shift Scheduler Demo] [           main] org.hibernate.SQL                        : delete from shift_assignments where id=?
Hibernate: delete from shift_assignments where id=?
2025-10-26T12:22:31.907+09:00 DEBUG 19468 --- [Shift Scheduler Demo] [           main] org.hibernate.SQL                        : delete from shift_assignments where id=?
Hibernate: delete from shift_assignments where id=?
2025-10-26T12:22:31.907+09:00 DEBUG 19468 --- [Shift Scheduler Demo] [           main] org.hibernate.SQL                        : delete from shift_assignments where id=?
Hibernate: delete from shift_assignments where id=?
2025-10-26T12:22:31.907+09:00 DEBUG 19468 --- [Shift Scheduler Demo] [           main] org.hibernate.SQL                        : delete from shift_assignments where id=?
Hibernate: delete from shift_assignments where id=?
2025-10-26T12:22:31.907+09:00 DEBUG 19468 --- [Shift Scheduler Demo] [           main] org.hibernate.SQL                        : delete from shift_assignments where id=?
Hibernate: delete from shift_assignments where id=?
2025-10-26T12:22:31.907+09:00 DEBUG 19468 --- [Shift Scheduler Demo] [           main] org.hibernate.SQL                        : delete from shift_assignments where id=?
Hibernate: delete from shift_assignments where id=?
2025-10-26T12:22:31.907+09:00 DEBUG 19468 --- [Shift Scheduler Demo] [           main] org.hibernate.SQL                        : delete from shift_assignments where id=?
Hibernate: delete from shift_assignments where id=?
2025-10-26T12:22:31.907+09:00 DEBUG 19468 --- [Shift Scheduler Demo] [           main] org.hibernate.SQL                        : delete from shift_assignments where id=?
Hibernate: delete from shift_assignments where id=?
2025-10-26T12:22:31.907+09:00 DEBUG 19468 --- [Shift Scheduler Demo] [           main] org.hibernate.SQL                        : delete from shift_assignments where id=?
Hibernate: delete from shift_assignments where id=?
2025-10-26T12:22:31.908+09:00 DEBUG 19468 --- [Shift Scheduler Demo] [           main] org.hibernate.SQL                        : delete from shift_assignments where id=?
Hibernate: delete from shift_assignments where id=?
2025-10-26T12:22:31.908+09:00 DEBUG 19468 --- [Shift Scheduler Demo] [           main] org.hibernate.SQL                        : delete from shift_assignments where id=?
Hibernate: delete from shift_assignments where id=?
2025-10-26T12:22:31.908+09:00 DEBUG 19468 --- [Shift Scheduler Demo] [           main] org.hibernate.SQL                        : delete from shift_assignments where id=?
Hibernate: delete from shift_assignments where id=?
2025-10-26T12:22:31.908+09:00 DEBUG 19468 --- [Shift Scheduler Demo] [           main] org.hibernate.SQL                        : delete from shift_assignments where id=?
Hibernate: delete from shift_assignments where id=?
2025-10-26T12:22:31.908+09:00 DEBUG 19468 --- [Shift Scheduler Demo] [           main] org.hibernate.SQL                        : delete from shift_assignments where id=?
Hibernate: delete from shift_assignments where id=?
2025-10-26T12:22:31.908+09:00 DEBUG 19468 --- [Shift Scheduler Demo] [           main] org.hibernate.SQL                        : delete from shift_assignments where id=?
Hibernate: delete from shift_assignments where id=?
2025-10-26T12:22:31.908+09:00 DEBUG 19468 --- [Shift Scheduler Demo] [           main] org.hibernate.SQL                        : delete from shift_assignments where id=?
Hibernate: delete from shift_assignments where id=?
2025-10-26T12:22:31.908+09:00 DEBUG 19468 --- [Shift Scheduler Demo] [           main] org.hibernate.SQL                        : delete from shift_assignments where id=?
Hibernate: delete from shift_assignments where id=?
2025-10-26T12:22:31.908+09:00 DEBUG 19468 --- [Shift Scheduler Demo] [           main] org.hibernate.SQL                        : delete from shift_assignments where id=?
Hibernate: delete from shift_assignments where id=?
2025-10-26T12:22:31.908+09:00 DEBUG 19468 --- [Shift Scheduler Demo] [           main] org.hibernate.SQL                        : delete from shift_assignments where id=?
Hibernate: delete from shift_assignments where id=?
2025-10-26T12:22:31.908+09:00 DEBUG 19468 --- [Shift Scheduler Demo] [           main] org.hibernate.SQL                        : delete from shift_assignments where id=?
Hibernate: delete from shift_assignments where id=?
2025-10-26T12:22:31.908+09:00 DEBUG 19468 --- [Shift Scheduler Demo] [           main] org.hibernate.SQL                        : delete from shift_assignments where id=?
Hibernate: delete from shift_assignments where id=?
2025-10-26T12:22:31.908+09:00 DEBUG 19468 --- [Shift Scheduler Demo] [           main] org.hibernate.SQL                        : delete from shift_assignments where id=?
Hibernate: delete from shift_assignments where id=?
2025-10-26T12:22:31.908+09:00 DEBUG 19468 --- [Shift Scheduler Demo] [           main] org.hibernate.SQL                        : delete from shift_assignments where id=?
Hibernate: delete from shift_assignments where id=?
2025-10-26T12:22:31.908+09:00 DEBUG 19468 --- [Shift Scheduler Demo] [           main] org.hibernate.SQL                        : delete from shift_assignments where id=?
Hibernate: delete from shift_assignments where id=?
2025-10-26T12:22:31.908+09:00 DEBUG 19468 --- [Shift Scheduler Demo] [           main] org.hibernate.SQL                        : delete from shift_assignments where id=?
Hibernate: delete from shift_assignments where id=?
2025-10-26T12:22:31.908+09:00 DEBUG 19468 --- [Shift Scheduler Demo] [           main] org.hibernate.SQL                        : delete from shift_assignments where id=?
Hibernate: delete from shift_assignments where id=?
2025-10-26T12:22:31.908+09:00 DEBUG 19468 --- [Shift Scheduler Demo] [           main] org.hibernate.SQL                        : delete from shift_assignments where id=?
Hibernate: delete from shift_assignments where id=?
2025-10-26T12:22:31.908+09:00 DEBUG 19468 --- [Shift Scheduler Demo] [           main] org.hibernate.SQL                        : delete from shift_assignments where id=?
Hibernate: delete from shift_assignments where id=?
2025-10-26T12:22:31.908+09:00 DEBUG 19468 --- [Shift Scheduler Demo] [           main] org.hibernate.SQL                        : delete from shift_assignments where id=?
Hibernate: delete from shift_assignments where id=?
2025-10-26T12:22:31.908+09:00 DEBUG 19468 --- [Shift Scheduler Demo] [           main] org.hibernate.SQL                        : delete from shift_assignments where id=?
Hibernate: delete from shift_assignments where id=?
2025-10-26T12:22:31.908+09:00 DEBUG 19468 --- [Shift Scheduler Demo] [           main] org.hibernate.SQL                        : delete from shift_assignments where id=?
Hibernate: delete from shift_assignments where id=?
2025-10-26T12:22:31.911+09:00 DEBUG 19468 --- [Shift Scheduler Demo] [           main] org.hibernate.SQL                        : delete from shift_assignments where id=?
Hibernate: delete from shift_assignments where id=?
2025-10-26T12:22:31.911+09:00 DEBUG 19468 --- [Shift Scheduler Demo] [           main] org.hibernate.SQL                        : delete from shift_assignments where id=?
Hibernate: delete from shift_assignments where id=?
2025-10-26T12:22:31.911+09:00 DEBUG 19468 --- [Shift Scheduler Demo] [           main] org.hibernate.SQL                        : delete from shift_assignments where id=?
Hibernate: delete from shift_assignments where id=?
2025-10-26T12:22:31.911+09:00 DEBUG 19468 --- [Shift Scheduler Demo] [           main] org.hibernate.SQL                        : delete from shift_assignments where id=?
Hibernate: delete from shift_assignments where id=?
2025-10-26T12:22:31.911+09:00 DEBUG 19468 --- [Shift Scheduler Demo] [           main] org.hibernate.SQL                        : delete from shift_assignments where id=?
Hibernate: delete from shift_assignments where id=?
2025-10-26T12:22:31.911+09:00 DEBUG 19468 --- [Shift Scheduler Demo] [           main] org.hibernate.SQL                        : delete from shift_assignments where id=?
Hibernate: delete from shift_assignments where id=?
2025-10-26T12:22:31.911+09:00 DEBUG 19468 --- [Shift Scheduler Demo] [           main] org.hibernate.SQL                        : delete from shift_assignments where id=?
Hibernate: delete from shift_assignments where id=?
2025-10-26T12:22:31.911+09:00 DEBUG 19468 --- [Shift Scheduler Demo] [           main] org.hibernate.SQL                        : delete from shift_assignments where id=?
Hibernate: delete from shift_assignments where id=?
2025-10-26T12:22:31.911+09:00 DEBUG 19468 --- [Shift Scheduler Demo] [           main] org.hibernate.SQL                        : delete from shift_assignments where id=?
Hibernate: delete from shift_assignments where id=?
2025-10-26T12:22:31.911+09:00 DEBUG 19468 --- [Shift Scheduler Demo] [           main] org.hibernate.SQL                        : delete from shift_assignments where id=?
Hibernate: delete from shift_assignments where id=?
2025-10-26T12:22:31.911+09:00 DEBUG 19468 --- [Shift Scheduler Demo] [           main] org.hibernate.SQL                        : delete from shift_assignments where id=?
Hibernate: delete from shift_assignments where id=?
2025-10-26T12:22:31.911+09:00 DEBUG 19468 --- [Shift Scheduler Demo] [           main] org.hibernate.SQL                        : delete from shift_assignments where id=?
Hibernate: delete from shift_assignments where id=?
2025-10-26T12:22:31.911+09:00 DEBUG 19468 --- [Shift Scheduler Demo] [           main] org.hibernate.SQL                        : delete from shift_assignments where id=?
Hibernate: delete from shift_assignments where id=?
2025-10-26T12:22:31.911+09:00 DEBUG 19468 --- [Shift Scheduler Demo] [           main] org.hibernate.SQL                        : delete from shift_assignments where id=?
Hibernate: delete from shift_assignments where id=?
2025-10-26T12:22:31.911+09:00 DEBUG 19468 --- [Shift Scheduler Demo] [           main] org.hibernate.SQL                        : delete from shift_assignments where id=?
Hibernate: delete from shift_assignments where id=?
2025-10-26T12:22:31.911+09:00 DEBUG 19468 --- [Shift Scheduler Demo] [           main] org.hibernate.SQL                        : delete from shift_assignments where id=?
Hibernate: delete from shift_assignments where id=?
2025-10-26T12:22:31.911+09:00 DEBUG 19468 --- [Shift Scheduler Demo] [           main] org.hibernate.SQL                        : delete from shift_assignments where id=?
Hibernate: delete from shift_assignments where id=?
2025-10-26T12:22:31.911+09:00 DEBUG 19468 --- [Shift Scheduler Demo] [           main] org.hibernate.SQL                        : delete from shift_assignments where id=?
Hibernate: delete from shift_assignments where id=?
2025-10-26T12:22:31.911+09:00 DEBUG 19468 --- [Shift Scheduler Demo] [           main] org.hibernate.SQL                        : delete from shift_assignments where id=?
Hibernate: delete from shift_assignments where id=?
2025-10-26T12:22:31.911+09:00 DEBUG 19468 --- [Shift Scheduler Demo] [           main] org.hibernate.SQL                        : delete from shift_assignments where id=?
Hibernate: delete from shift_assignments where id=?
2025-10-26T12:22:31.911+09:00 DEBUG 19468 --- [Shift Scheduler Demo] [           main] org.hibernate.SQL                        : delete from shift_assignments where id=?
Hibernate: delete from shift_assignments where id=?
2025-10-26T12:22:31.911+09:00 DEBUG 19468 --- [Shift Scheduler Demo] [           main] org.hibernate.SQL                        : delete from shift_assignments where id=?
Hibernate: delete from shift_assignments where id=?
2025-10-26T12:22:31.911+09:00 DEBUG 19468 --- [Shift Scheduler Demo] [           main] org.hibernate.SQL                        : delete from shift_assignments where id=?
Hibernate: delete from shift_assignments where id=?
2025-10-26T12:22:31.911+09:00 DEBUG 19468 --- [Shift Scheduler Demo] [           main] org.hibernate.SQL                        : delete from shift_assignments where id=?
Hibernate: delete from shift_assignments where id=?
2025-10-26T12:22:31.911+09:00 DEBUG 19468 --- [Shift Scheduler Demo] [           main] org.hibernate.SQL                        : delete from shift_assignments where id=?
Hibernate: delete from shift_assignments where id=?
2025-10-26T12:22:31.911+09:00 DEBUG 19468 --- [Shift Scheduler Demo] [           main] org.hibernate.SQL                        : delete from shift_assignments where id=?
Hibernate: delete from shift_assignments where id=?
2025-10-26T12:22:31.911+09:00 DEBUG 19468 --- [Shift Scheduler Demo] [           main] org.hibernate.SQL                        : delete from shift_assignments where id=?
Hibernate: delete from shift_assignments where id=?
2025-10-26T12:22:31.911+09:00 DEBUG 19468 --- [Shift Scheduler Demo] [           main] org.hibernate.SQL                        : delete from shift_assignments where id=?
Hibernate: delete from shift_assignments where id=?
2025-10-26T12:22:31.911+09:00 DEBUG 19468 --- [Shift Scheduler Demo] [           main] org.hibernate.SQL                        : delete from shift_assignments where id=?
Hibernate: delete from shift_assignments where id=?
2025-10-26T12:22:31.911+09:00 DEBUG 19468 --- [Shift Scheduler Demo] [           main] org.hibernate.SQL                        : delete from shift_assignments where id=?
Hibernate: delete from shift_assignments where id=?
2025-10-26T12:22:31.911+09:00 DEBUG 19468 --- [Shift Scheduler Demo] [           main] org.hibernate.SQL                        : delete from shift_assignments where id=?
Hibernate: delete from shift_assignments where id=?
2025-10-26T12:22:31.911+09:00 DEBUG 19468 --- [Shift Scheduler Demo] [           main] org.hibernate.SQL                        : delete from shift_assignments where id=?
Hibernate: delete from shift_assignments where id=?
2025-10-26T12:22:31.911+09:00 DEBUG 19468 --- [Shift Scheduler Demo] [           main] org.hibernate.SQL                        : delete from shift_assignments where id=?
Hibernate: delete from shift_assignments where id=?
2025-10-26T12:22:31.911+09:00 DEBUG 19468 --- [Shift Scheduler Demo] [           main] org.hibernate.SQL                        : delete from shift_assignments where id=?
Hibernate: delete from shift_assignments where id=?
2025-10-26T12:22:31.911+09:00 DEBUG 19468 --- [Shift Scheduler Demo] [           main] org.hibernate.SQL                        : delete from shift_assignments where id=?
Hibernate: delete from shift_assignments where id=?
2025-10-26T12:22:31.911+09:00 DEBUG 19468 --- [Shift Scheduler Demo] [           main] org.hibernate.SQL                        : delete from shift_assignments where id=?
Hibernate: delete from shift_assignments where id=?
2025-10-26T12:22:31.911+09:00 DEBUG 19468 --- [Shift Scheduler Demo] [           main] org.hibernate.SQL                        : delete from shift_assignments where id=?
Hibernate: delete from shift_assignments where id=?
2025-10-26T12:22:31.911+09:00 DEBUG 19468 --- [Shift Scheduler Demo] [           main] org.hibernate.SQL                        : delete from shift_assignments where id=?
Hibernate: delete from shift_assignments where id=?
2025-10-26T12:22:31.911+09:00 DEBUG 19468 --- [Shift Scheduler Demo] [           main] org.hibernate.SQL                        : delete from shift_assignments where id=?
Hibernate: delete from shift_assignments where id=?
2025-10-26T12:22:31.911+09:00 DEBUG 19468 --- [Shift Scheduler Demo] [           main] org.hibernate.SQL                        : delete from shift_assignments where id=?
Hibernate: delete from shift_assignments where id=?
2025-10-26T12:22:31.914+09:00 DEBUG 19468 --- [Shift Scheduler Demo] [           main] org.hibernate.SQL                        : delete from shift_assignments where id=?
Hibernate: delete from shift_assignments where id=?
2025-10-26T12:22:31.914+09:00 DEBUG 19468 --- [Shift Scheduler Demo] [           main] org.hibernate.SQL                        : delete from shift_assignments where id=?
Hibernate: delete from shift_assignments where id=?
2025-10-26T12:22:31.914+09:00 DEBUG 19468 --- [Shift Scheduler Demo] [           main] org.hibernate.SQL                        : delete from shift_assignments where id=?
Hibernate: delete from shift_assignments where id=?
2025-10-26T12:22:31.914+09:00 DEBUG 19468 --- [Shift Scheduler Demo] [           main] org.hibernate.SQL                        : delete from shift_assignments where id=?
Hibernate: delete from shift_assignments where id=?
2025-10-26T12:22:31.914+09:00 DEBUG 19468 --- [Shift Scheduler Demo] [           main] org.hibernate.SQL                        : delete from shift_assignments where id=?
Hibernate: delete from shift_assignments where id=?
2025-10-26T12:22:31.914+09:00 DEBUG 19468 --- [Shift Scheduler Demo] [           main] org.hibernate.SQL                        : delete from shift_assignments where id=?
Hibernate: delete from shift_assignments where id=?
2025-10-26T12:22:31.914+09:00 DEBUG 19468 --- [Shift Scheduler Demo] [           main] org.hibernate.SQL                        : delete from shift_assignments where id=?
Hibernate: delete from shift_assignments where id=?
2025-10-26T12:22:31.914+09:00 DEBUG 19468 --- [Shift Scheduler Demo] [           main] org.hibernate.SQL                        : delete from shift_assignments where id=?
Hibernate: delete from shift_assignments where id=?
2025-10-26T12:22:31.914+09:00 DEBUG 19468 --- [Shift Scheduler Demo] [           main] org.hibernate.SQL                        : delete from shift_assignments where id=?
Hibernate: delete from shift_assignments where id=?
2025-10-26T12:22:31.914+09:00 DEBUG 19468 --- [Shift Scheduler Demo] [           main] org.hibernate.SQL                        : delete from shift_assignments where id=?
Hibernate: delete from shift_assignments where id=?
2025-10-26T12:22:31.914+09:00 DEBUG 19468 --- [Shift Scheduler Demo] [           main] org.hibernate.SQL                        : delete from shift_assignments where id=?
Hibernate: delete from shift_assignments where id=?
2025-10-26T12:22:31.914+09:00 DEBUG 19468 --- [Shift Scheduler Demo] [           main] org.hibernate.SQL                        : delete from shift_assignments where id=?
Hibernate: delete from shift_assignments where id=?
2025-10-26T12:22:31.914+09:00 DEBUG 19468 --- [Shift Scheduler Demo] [           main] org.hibernate.SQL                        : delete from shift_assignments where id=?
Hibernate: delete from shift_assignments where id=?
2025-10-26T12:22:31.914+09:00 DEBUG 19468 --- [Shift Scheduler Demo] [           main] org.hibernate.SQL                        : delete from shift_assignments where id=?
Hibernate: delete from shift_assignments where id=?
2025-10-26T12:22:31.914+09:00 DEBUG 19468 --- [Shift Scheduler Demo] [           main] org.hibernate.SQL                        : delete from shift_assignments where id=?
Hibernate: delete from shift_assignments where id=?
2025-10-26T12:22:31.914+09:00 DEBUG 19468 --- [Shift Scheduler Demo] [           main] org.hibernate.SQL                        : delete from shift_assignments where id=?
Hibernate: delete from shift_assignments where id=?
2025-10-26T12:22:31.914+09:00 DEBUG 19468 --- [Shift Scheduler Demo] [           main] org.hibernate.SQL                        : delete from shift_assignments where id=?
Hibernate: delete from shift_assignments where id=?
2025-10-26T12:22:31.914+09:00 DEBUG 19468 --- [Shift Scheduler Demo] [           main] org.hibernate.SQL                        : delete from shift_assignments where id=?
Hibernate: delete from shift_assignments where id=?
2025-10-26T12:22:31.914+09:00 DEBUG 19468 --- [Shift Scheduler Demo] [           main] org.hibernate.SQL                        : delete from shift_assignments where id=?
Hibernate: delete from shift_assignments where id=?
2025-10-26T12:22:31.914+09:00 DEBUG 19468 --- [Shift Scheduler Demo] [           main] org.hibernate.SQL                        : delete from shift_assignments where id=?
Hibernate: delete from shift_assignments where id=?
2025-10-26T12:22:31.914+09:00 DEBUG 19468 --- [Shift Scheduler Demo] [           main] org.hibernate.SQL                        : delete from shift_assignments where id=?
Hibernate: delete from shift_assignments where id=?
2025-10-26T12:22:31.914+09:00 DEBUG 19468 --- [Shift Scheduler Demo] [           main] org.hibernate.SQL                        : delete from shift_assignments where id=?
Hibernate: delete from shift_assignments where id=?
2025-10-26T12:22:31.914+09:00 DEBUG 19468 --- [Shift Scheduler Demo] [           main] org.hibernate.SQL                        : delete from shift_assignments where id=?
Hibernate: delete from shift_assignments where id=?
2025-10-26T12:22:31.916+09:00 DEBUG 19468 --- [Shift Scheduler Demo] [           main] org.hibernate.SQL                        : delete from shift_assignments where id=?
Hibernate: delete from shift_assignments where id=?
2025-10-26T12:22:31.916+09:00 DEBUG 19468 --- [Shift Scheduler Demo] [           main] org.hibernate.SQL                        : delete from shift_assignments where id=?
Hibernate: delete from shift_assignments where id=?
2025-10-26T12:22:31.916+09:00 DEBUG 19468 --- [Shift Scheduler Demo] [           main] org.hibernate.SQL                        : delete from shift_assignments where id=?
Hibernate: delete from shift_assignments where id=?
2025-10-26T12:22:31.916+09:00 DEBUG 19468 --- [Shift Scheduler Demo] [           main] org.hibernate.SQL                        : delete from shift_assignments where id=?
Hibernate: delete from shift_assignments where id=?
2025-10-26T12:22:31.916+09:00 DEBUG 19468 --- [Shift Scheduler Demo] [           main] org.hibernate.SQL                        : delete from shift_assignments where id=?
Hibernate: delete from shift_assignments where id=?
2025-10-26T12:22:31.916+09:00 DEBUG 19468 --- [Shift Scheduler Demo] [           main] org.hibernate.SQL                        : delete from shift_assignments where id=?
Hibernate: delete from shift_assignments where id=?
2025-10-26T12:22:31.916+09:00 DEBUG 19468 --- [Shift Scheduler Demo] [           main] org.hibernate.SQL                        : delete from shift_assignments where id=?
Hibernate: delete from shift_assignments where id=?
2025-10-26T12:22:31.916+09:00 DEBUG 19468 --- [Shift Scheduler Demo] [           main] org.hibernate.SQL                        : delete from shift_assignments where id=?
Hibernate: delete from shift_assignments where id=?
2025-10-26T12:22:31.917+09:00 DEBUG 19468 --- [Shift Scheduler Demo] [           main] org.hibernate.SQL                        : delete from shift_assignments where id=?
Hibernate: delete from shift_assignments where id=?
2025-10-26T12:22:31.917+09:00 DEBUG 19468 --- [Shift Scheduler Demo] [           main] org.hibernate.SQL                        : delete from shift_assignments where id=?
Hibernate: delete from shift_assignments where id=?
2025-10-26T12:22:31.917+09:00 DEBUG 19468 --- [Shift Scheduler Demo] [           main] org.hibernate.SQL                        : delete from shift_assignments where id=?
Hibernate: delete from shift_assignments where id=?
2025-10-26T12:22:31.917+09:00 DEBUG 19468 --- [Shift Scheduler Demo] [           main] org.hibernate.SQL                        : delete from shift_assignments where id=?
Hibernate: delete from shift_assignments where id=?
2025-10-26T12:22:31.917+09:00 DEBUG 19468 --- [Shift Scheduler Demo] [           main] org.hibernate.SQL                        : delete from shift_assignments where id=?
Hibernate: delete from shift_assignments where id=?
2025-10-26T12:22:31.917+09:00 DEBUG 19468 --- [Shift Scheduler Demo] [           main] org.hibernate.SQL                        : delete from shift_assignments where id=?
Hibernate: delete from shift_assignments where id=?
2025-10-26T12:22:31.917+09:00 DEBUG 19468 --- [Shift Scheduler Demo] [           main] org.hibernate.SQL                        : delete from shift_assignments where id=?
Hibernate: delete from shift_assignments where id=?
2025-10-26T12:22:31.917+09:00 DEBUG 19468 --- [Shift Scheduler Demo] [           main] org.hibernate.SQL                        : delete from shift_assignments where id=?
Hibernate: delete from shift_assignments where id=?
2025-10-26T12:22:31.918+09:00 DEBUG 19468 --- [Shift Scheduler Demo] [           main] org.hibernate.SQL                        : delete from shift_assignments where id=?
Hibernate: delete from shift_assignments where id=?
2025-10-26T12:22:31.918+09:00 DEBUG 19468 --- [Shift Scheduler Demo] [           main] org.hibernate.SQL                        : delete from shift_assignments where id=?
Hibernate: delete from shift_assignments where id=?
2025-10-26T12:22:31.918+09:00 DEBUG 19468 --- [Shift Scheduler Demo] [           main] org.hibernate.SQL                        : delete from shift_assignments where id=?
Hibernate: delete from shift_assignments where id=?
2025-10-26T12:22:31.918+09:00 DEBUG 19468 --- [Shift Scheduler Demo] [           main] org.hibernate.SQL                        : delete from shift_assignments where id=?
Hibernate: delete from shift_assignments where id=?
2025-10-26T12:22:31.918+09:00 DEBUG 19468 --- [Shift Scheduler Demo] [           main] org.hibernate.SQL                        : delete from shift_assignments where id=?
Hibernate: delete from shift_assignments where id=?
2025-10-26T12:22:31.918+09:00 DEBUG 19468 --- [Shift Scheduler Demo] [           main] org.hibernate.SQL                        : delete from shift_assignments where id=?
Hibernate: delete from shift_assignments where id=?
2025-10-26T12:22:31.918+09:00 DEBUG 19468 --- [Shift Scheduler Demo] [           main] org.hibernate.SQL                        : delete from shift_assignments where id=?
Hibernate: delete from shift_assignments where id=?
2025-10-26T12:22:31.918+09:00 DEBUG 19468 --- [Shift Scheduler Demo] [           main] org.hibernate.SQL                        : delete from shift_assignments where id=?
Hibernate: delete from shift_assignments where id=?
2025-10-26T12:22:31.918+09:00 DEBUG 19468 --- [Shift Scheduler Demo] [           main] org.hibernate.SQL                        : delete from shift_assignments where id=?
Hibernate: delete from shift_assignments where id=?
2025-10-26T12:22:31.918+09:00 DEBUG 19468 --- [Shift Scheduler Demo] [           main] org.hibernate.SQL                        : delete from shift_assignments where id=?
Hibernate: delete from shift_assignments where id=?
2025-10-26T12:22:31.919+09:00 DEBUG 19468 --- [Shift Scheduler Demo] [           main] org.hibernate.SQL                        : delete from shift_assignments where id=?
Hibernate: delete from shift_assignments where id=?
2025-10-26T12:22:31.919+09:00 DEBUG 19468 --- [Shift Scheduler Demo] [           main] org.hibernate.SQL                        : delete from shift_assignments where id=?
Hibernate: delete from shift_assignments where id=?
2025-10-26T12:22:31.919+09:00 DEBUG 19468 --- [Shift Scheduler Demo] [           main] org.hibernate.SQL                        : delete from shift_assignments where id=?
Hibernate: delete from shift_assignments where id=?
2025-10-26T12:22:31.919+09:00 DEBUG 19468 --- [Shift Scheduler Demo] [           main] org.hibernate.SQL                        : delete from shift_assignments where id=?
Hibernate: delete from shift_assignments where id=?
2025-10-26T12:22:31.919+09:00 DEBUG 19468 --- [Shift Scheduler Demo] [           main] org.hibernate.SQL                        : delete from shift_assignments where id=?
Hibernate: delete from shift_assignments where id=?
2025-10-26T12:22:31.919+09:00 DEBUG 19468 --- [Shift Scheduler Demo] [           main] org.hibernate.SQL                        : delete from shift_assignments where id=?
Hibernate: delete from shift_assignments where id=?
2025-10-26T12:22:31.919+09:00 DEBUG 19468 --- [Shift Scheduler Demo] [           main] org.hibernate.SQL                        : delete from shift_assignments where id=?
Hibernate: delete from shift_assignments where id=?
2025-10-26T12:22:31.919+09:00 DEBUG 19468 --- [Shift Scheduler Demo] [           main] org.hibernate.SQL                        : delete from shift_assignments where id=?
Hibernate: delete from shift_assignments where id=?
2025-10-26T12:22:31.919+09:00 DEBUG 19468 --- [Shift Scheduler Demo] [           main] org.hibernate.SQL                        : delete from shift_assignments where id=?
Hibernate: delete from shift_assignments where id=?
2025-10-26T12:22:31.919+09:00 DEBUG 19468 --- [Shift Scheduler Demo] [           main] org.hibernate.SQL                        : delete from shift_assignments where id=?
Hibernate: delete from shift_assignments where id=?
2025-10-26T12:22:31.919+09:00 DEBUG 19468 --- [Shift Scheduler Demo] [           main] org.hibernate.SQL                        : delete from shift_assignments where id=?
Hibernate: delete from shift_assignments where id=?
2025-10-26T12:22:31.919+09:00 DEBUG 19468 --- [Shift Scheduler Demo] [           main] org.hibernate.SQL                        : delete from shift_assignments where id=?
Hibernate: delete from shift_assignments where id=?
2025-10-26T12:22:31.920+09:00 DEBUG 19468 --- [Shift Scheduler Demo] [           main] org.hibernate.SQL                        : delete from shift_assignments where id=?
Hibernate: delete from shift_assignments where id=?
2025-10-26T12:22:31.920+09:00 DEBUG 19468 --- [Shift Scheduler Demo] [           main] org.hibernate.SQL                        : delete from shift_assignments where id=?
Hibernate: delete from shift_assignments where id=?
2025-10-26T12:22:31.920+09:00 DEBUG 19468 --- [Shift Scheduler Demo] [           main] org.hibernate.SQL                        : delete from shift_assignments where id=?
Hibernate: delete from shift_assignments where id=?
2025-10-26T12:22:31.920+09:00 DEBUG 19468 --- [Shift Scheduler Demo] [           main] org.hibernate.SQL                        : delete from shift_assignments where id=?
Hibernate: delete from shift_assignments where id=?
2025-10-26T12:22:31.920+09:00 DEBUG 19468 --- [Shift Scheduler Demo] [           main] org.hibernate.SQL                        : delete from shift_assignments where id=?
Hibernate: delete from shift_assignments where id=?
2025-10-26T12:22:31.920+09:00 DEBUG 19468 --- [Shift Scheduler Demo] [           main] org.hibernate.SQL                        : delete from shift_assignments where id=?
Hibernate: delete from shift_assignments where id=?
2025-10-26T12:22:31.920+09:00 DEBUG 19468 --- [Shift Scheduler Demo] [           main] org.hibernate.SQL                        : delete from shift_assignments where id=?
Hibernate: delete from shift_assignments where id=?
2025-10-26T12:22:31.920+09:00 DEBUG 19468 --- [Shift Scheduler Demo] [           main] org.hibernate.SQL                        : delete from shift_assignments where id=?
Hibernate: delete from shift_assignments where id=?
2025-10-26T12:22:31.920+09:00 DEBUG 19468 --- [Shift Scheduler Demo] [           main] org.hibernate.SQL                        : delete from shift_assignments where id=?
Hibernate: delete from shift_assignments where id=?
2025-10-26T12:22:31.920+09:00 DEBUG 19468 --- [Shift Scheduler Demo] [           main] org.hibernate.SQL                        : delete from shift_assignments where id=?
Hibernate: delete from shift_assignments where id=?
2025-10-26T12:22:31.920+09:00 DEBUG 19468 --- [Shift Scheduler Demo] [           main] org.hibernate.SQL                        : delete from shift_assignments where id=?
Hibernate: delete from shift_assignments where id=?
2025-10-26T12:22:31.920+09:00 DEBUG 19468 --- [Shift Scheduler Demo] [           main] org.hibernate.SQL                        : delete from shift_assignments where id=?
Hibernate: delete from shift_assignments where id=?
2025-10-26T12:22:31.920+09:00 DEBUG 19468 --- [Shift Scheduler Demo] [           main] org.hibernate.SQL                        : delete from shift_assignments where id=?
Hibernate: delete from shift_assignments where id=?
2025-10-26T12:22:31.922+09:00 DEBUG 19468 --- [Shift Scheduler Demo] [           main] org.hibernate.SQL                        : delete from shift_assignments where id=?
Hibernate: delete from shift_assignments where id=?
2025-10-26T12:22:31.922+09:00 DEBUG 19468 --- [Shift Scheduler Demo] [           main] org.hibernate.SQL                        : delete from shift_assignments where id=?
Hibernate: delete from shift_assignments where id=?
2025-10-26T12:22:31.922+09:00 DEBUG 19468 --- [Shift Scheduler Demo] [           main] org.hibernate.SQL                        : delete from shift_assignments where id=?
Hibernate: delete from shift_assignments where id=?
2025-10-26T12:22:31.922+09:00 DEBUG 19468 --- [Shift Scheduler Demo] [           main] org.hibernate.SQL                        : delete from shift_assignments where id=?
Hibernate: delete from shift_assignments where id=?
2025-10-26T12:22:31.922+09:00 DEBUG 19468 --- [Shift Scheduler Demo] [           main] org.hibernate.SQL                        : delete from shift_assignments where id=?
Hibernate: delete from shift_assignments where id=?
2025-10-26T12:22:31.922+09:00 DEBUG 19468 --- [Shift Scheduler Demo] [           main] org.hibernate.SQL                        : delete from shift_assignments where id=?
Hibernate: delete from shift_assignments where id=?
2025-10-26T12:22:31.922+09:00 DEBUG 19468 --- [Shift Scheduler Demo] [           main] org.hibernate.SQL                        : delete from shift_assignments where id=?
Hibernate: delete from shift_assignments where id=?
2025-10-26T12:22:31.922+09:00 DEBUG 19468 --- [Shift Scheduler Demo] [           main] org.hibernate.SQL                        : delete from shift_assignments where id=?
Hibernate: delete from shift_assignments where id=?
2025-10-26T12:22:31.923+09:00 DEBUG 19468 --- [Shift Scheduler Demo] [           main] org.hibernate.SQL                        : delete from shift_assignments where id=?
Hibernate: delete from shift_assignments where id=?
2025-10-26T12:22:31.923+09:00 DEBUG 19468 --- [Shift Scheduler Demo] [           main] org.hibernate.SQL                        : delete from shift_assignments where id=?
Hibernate: delete from shift_assignments where id=?
2025-10-26T12:22:31.923+09:00 DEBUG 19468 --- [Shift Scheduler Demo] [           main] org.hibernate.SQL                        : delete from shift_assignments where id=?
Hibernate: delete from shift_assignments where id=?
2025-10-26T12:22:31.923+09:00 DEBUG 19468 --- [Shift Scheduler Demo] [           main] org.hibernate.SQL                        : delete from shift_assignments where id=?
Hibernate: delete from shift_assignments where id=?
2025-10-26T12:22:31.923+09:00 DEBUG 19468 --- [Shift Scheduler Demo] [           main] org.hibernate.SQL                        : delete from shift_assignments where id=?
Hibernate: delete from shift_assignments where id=?
2025-10-26T12:22:31.923+09:00 DEBUG 19468 --- [Shift Scheduler Demo] [           main] org.hibernate.SQL                        : delete from shift_assignments where id=?
Hibernate: delete from shift_assignments where id=?
2025-10-26T12:22:31.923+09:00 DEBUG 19468 --- [Shift Scheduler Demo] [           main] org.hibernate.SQL                        : delete from shift_assignments where id=?
Hibernate: delete from shift_assignments where id=?
2025-10-26T12:22:31.923+09:00 DEBUG 19468 --- [Shift Scheduler Demo] [           main] org.hibernate.SQL                        : delete from shift_assignments where id=?
Hibernate: delete from shift_assignments where id=?
2025-10-26T12:22:31.923+09:00 DEBUG 19468 --- [Shift Scheduler Demo] [           main] org.hibernate.SQL                        : delete from shift_assignments where id=?
Hibernate: delete from shift_assignments where id=?
2025-10-26T12:22:31.923+09:00 DEBUG 19468 --- [Shift Scheduler Demo] [           main] org.hibernate.SQL                        : delete from shift_assignments where id=?
Hibernate: delete from shift_assignments where id=?
2025-10-26T12:22:31.923+09:00 DEBUG 19468 --- [Shift Scheduler Demo] [           main] org.hibernate.SQL                        : delete from shift_assignments where id=?
Hibernate: delete from shift_assignments where id=?
2025-10-26T12:22:31.923+09:00 DEBUG 19468 --- [Shift Scheduler Demo] [           main] org.hibernate.SQL                        : delete from shift_assignments where id=?
Hibernate: delete from shift_assignments where id=?
2025-10-26T12:22:31.923+09:00 DEBUG 19468 --- [Shift Scheduler Demo] [           main] org.hibernate.SQL                        : delete from shift_assignments where id=?
Hibernate: delete from shift_assignments where id=?
2025-10-26T12:22:31.923+09:00 DEBUG 19468 --- [Shift Scheduler Demo] [           main] org.hibernate.SQL                        : delete from shift_assignments where id=?
Hibernate: delete from shift_assignments where id=?
2025-10-26T12:22:31.923+09:00 DEBUG 19468 --- [Shift Scheduler Demo] [           main] org.hibernate.SQL                        : delete from shift_assignments where id=?
Hibernate: delete from shift_assignments where id=?
2025-10-26T12:22:31.923+09:00 DEBUG 19468 --- [Shift Scheduler Demo] [           main] org.hibernate.SQL                        : delete from shift_assignments where id=?
Hibernate: delete from shift_assignments where id=?
2025-10-26T12:22:31.924+09:00 DEBUG 19468 --- [Shift Scheduler Demo] [           main] org.hibernate.SQL                        : delete from shift_assignments where id=?
Hibernate: delete from shift_assignments where id=?
2025-10-26T12:22:31.924+09:00 DEBUG 19468 --- [Shift Scheduler Demo] [           main] org.hibernate.SQL                        : delete from shift_assignments where id=?
Hibernate: delete from shift_assignments where id=?
2025-10-26T12:22:31.924+09:00 DEBUG 19468 --- [Shift Scheduler Demo] [           main] org.hibernate.SQL                        : delete from shift_assignments where id=?
Hibernate: delete from shift_assignments where id=?
2025-10-26T12:22:31.924+09:00 DEBUG 19468 --- [Shift Scheduler Demo] [           main] org.hibernate.SQL                        : delete from shift_assignments where id=?
Hibernate: delete from shift_assignments where id=?
2025-10-26T12:22:31.924+09:00 DEBUG 19468 --- [Shift Scheduler Demo] [           main] org.hibernate.SQL                        : delete from shift_assignments where id=?
Hibernate: delete from shift_assignments where id=?
2025-10-26T12:22:31.924+09:00 DEBUG 19468 --- [Shift Scheduler Demo] [           main] org.hibernate.SQL                        : delete from shift_assignments where id=?
Hibernate: delete from shift_assignments where id=?
2025-10-26T12:22:31.924+09:00 DEBUG 19468 --- [Shift Scheduler Demo] [           main] org.hibernate.SQL                        : delete from shift_assignments where id=?
Hibernate: delete from shift_assignments where id=?
2025-10-26T12:22:31.924+09:00 DEBUG 19468 --- [Shift Scheduler Demo] [           main] org.hibernate.SQL                        : delete from shift_assignments where id=?
Hibernate: delete from shift_assignments where id=?
2025-10-26T12:22:31.924+09:00 DEBUG 19468 --- [Shift Scheduler Demo] [           main] org.hibernate.SQL                        : delete from shift_assignments where id=?
Hibernate: delete from shift_assignments where id=?
2025-10-26T12:22:31.924+09:00 DEBUG 19468 --- [Shift Scheduler Demo] [           main] org.hibernate.SQL                        : delete from shift_assignments where id=?
Hibernate: delete from shift_assignments where id=?
2025-10-26T12:22:31.924+09:00 DEBUG 19468 --- [Shift Scheduler Demo] [           main] org.hibernate.SQL                        : delete from shift_assignments where id=?
Hibernate: delete from shift_assignments where id=?
2025-10-26T12:22:31.924+09:00 DEBUG 19468 --- [Shift Scheduler Demo] [           main] org.hibernate.SQL                        : delete from shift_assignments where id=?
Hibernate: delete from shift_assignments where id=?
2025-10-26T12:22:31.924+09:00 DEBUG 19468 --- [Shift Scheduler Demo] [           main] org.hibernate.SQL                        : delete from shift_assignments where id=?
Hibernate: delete from shift_assignments where id=?
2025-10-26T12:22:31.924+09:00 DEBUG 19468 --- [Shift Scheduler Demo] [           main] org.hibernate.SQL                        : delete from shift_assignments where id=?
Hibernate: delete from shift_assignments where id=?
2025-10-26T12:22:31.924+09:00 DEBUG 19468 --- [Shift Scheduler Demo] [           main] org.hibernate.SQL                        : delete from shift_assignments where id=?
Hibernate: delete from shift_assignments where id=?
2025-10-26T12:22:31.924+09:00 DEBUG 19468 --- [Shift Scheduler Demo] [           main] org.hibernate.SQL                        : delete from shift_assignments where id=?
Hibernate: delete from shift_assignments where id=?
2025-10-26T12:22:31.924+09:00 DEBUG 19468 --- [Shift Scheduler Demo] [           main] org.hibernate.SQL                        : delete from shift_assignments where id=?
Hibernate: delete from shift_assignments where id=?
2025-10-26T12:22:31.924+09:00 DEBUG 19468 --- [Shift Scheduler Demo] [           main] org.hibernate.SQL                        : delete from shift_assignments where id=?
Hibernate: delete from shift_assignments where id=?
2025-10-26T12:22:31.924+09:00 DEBUG 19468 --- [Shift Scheduler Demo] [           main] org.hibernate.SQL                        : delete from shift_assignments where id=?
Hibernate: delete from shift_assignments where id=?
2025-10-26T12:22:31.924+09:00 DEBUG 19468 --- [Shift Scheduler Demo] [           main] org.hibernate.SQL                        : delete from shift_assignments where id=?
Hibernate: delete from shift_assignments where id=?
2025-10-26T12:22:31.924+09:00 DEBUG 19468 --- [Shift Scheduler Demo] [           main] org.hibernate.SQL                        : delete from shift_assignments where id=?
Hibernate: delete from shift_assignments where id=?
2025-10-26T12:22:31.924+09:00 DEBUG 19468 --- [Shift Scheduler Demo] [           main] org.hibernate.SQL                        : delete from shift_assignments where id=?
Hibernate: delete from shift_assignments where id=?
2025-10-26T12:22:31.924+09:00 DEBUG 19468 --- [Shift Scheduler Demo] [           main] org.hibernate.SQL                        : delete from shift_assignments where id=?
Hibernate: delete from shift_assignments where id=?
2025-10-26T12:22:31.925+09:00 DEBUG 19468 --- [Shift Scheduler Demo] [           main] org.hibernate.SQL                        : delete from shift_assignments where id=?
Hibernate: delete from shift_assignments where id=?
2025-10-26T12:22:31.925+09:00 DEBUG 19468 --- [Shift Scheduler Demo] [           main] org.hibernate.SQL                        : delete from shift_assignments where id=?
Hibernate: delete from shift_assignments where id=?
2025-10-26T12:22:31.925+09:00 DEBUG 19468 --- [Shift Scheduler Demo] [           main] org.hibernate.SQL                        : delete from shift_assignments where id=?
Hibernate: delete from shift_assignments where id=?
2025-10-26T12:22:31.925+09:00 DEBUG 19468 --- [Shift Scheduler Demo] [           main] org.hibernate.SQL                        : delete from shift_assignments where id=?
Hibernate: delete from shift_assignments where id=?
2025-10-26T12:22:31.925+09:00 DEBUG 19468 --- [Shift Scheduler Demo] [           main] org.hibernate.SQL                        : delete from shift_assignments where id=?
Hibernate: delete from shift_assignments where id=?
2025-10-26T12:22:31.925+09:00 DEBUG 19468 --- [Shift Scheduler Demo] [           main] org.hibernate.SQL                        : delete from shift_assignments where id=?
Hibernate: delete from shift_assignments where id=?
2025-10-26T12:22:31.925+09:00 DEBUG 19468 --- [Shift Scheduler Demo] [           main] org.hibernate.SQL                        : delete from shift_assignments where id=?
Hibernate: delete from shift_assignments where id=?
2025-10-26T12:22:31.925+09:00 DEBUG 19468 --- [Shift Scheduler Demo] [           main] org.hibernate.SQL                        : delete from shift_assignments where id=?
Hibernate: delete from shift_assignments where id=?
2025-10-26T12:22:31.925+09:00 DEBUG 19468 --- [Shift Scheduler Demo] [           main] org.hibernate.SQL                        : delete from shift_assignments where id=?
Hibernate: delete from shift_assignments where id=?
2025-10-26T12:22:31.925+09:00 DEBUG 19468 --- [Shift Scheduler Demo] [           main] org.hibernate.SQL                        : delete from shift_assignments where id=?
Hibernate: delete from shift_assignments where id=?
2025-10-26T12:22:31.925+09:00 DEBUG 19468 --- [Shift Scheduler Demo] [           main] org.hibernate.SQL                        : delete from shift_assignments where id=?
Hibernate: delete from shift_assignments where id=?
2025-10-26T12:22:31.925+09:00 DEBUG 19468 --- [Shift Scheduler Demo] [           main] org.hibernate.SQL                        : delete from shift_assignments where id=?
Hibernate: delete from shift_assignments where id=?
2025-10-26T12:22:31.925+09:00 DEBUG 19468 --- [Shift Scheduler Demo] [           main] org.hibernate.SQL                        : delete from shift_assignments where id=?
Hibernate: delete from shift_assignments where id=?
2025-10-26T12:22:31.925+09:00 DEBUG 19468 --- [Shift Scheduler Demo] [           main] org.hibernate.SQL                        : delete from shift_assignments where id=?
Hibernate: delete from shift_assignments where id=?
2025-10-26T12:22:31.925+09:00 DEBUG 19468 --- [Shift Scheduler Demo] [           main] org.hibernate.SQL                        : delete from shift_assignments where id=?
Hibernate: delete from shift_assignments where id=?
2025-10-26T12:22:31.925+09:00 DEBUG 19468 --- [Shift Scheduler Demo] [           main] org.hibernate.SQL                        : delete from shift_assignments where id=?
Hibernate: delete from shift_assignments where id=?
2025-10-26T12:22:31.925+09:00 DEBUG 19468 --- [Shift Scheduler Demo] [           main] org.hibernate.SQL                        : delete from shift_assignments where id=?
Hibernate: delete from shift_assignments where id=?
2025-10-26T12:22:31.925+09:00 DEBUG 19468 --- [Shift Scheduler Demo] [           main] org.hibernate.SQL                        : delete from shift_assignments where id=?
Hibernate: delete from shift_assignments where id=?
2025-10-26T12:22:31.925+09:00 DEBUG 19468 --- [Shift Scheduler Demo] [           main] org.hibernate.SQL                        : delete from shift_assignments where id=?
Hibernate: delete from shift_assignments where id=?
2025-10-26T12:22:31.925+09:00 DEBUG 19468 --- [Shift Scheduler Demo] [           main] org.hibernate.SQL                        : delete from shift_assignments where id=?
Hibernate: delete from shift_assignments where id=?
2025-10-26T12:22:31.925+09:00 DEBUG 19468 --- [Shift Scheduler Demo] [           main] org.hibernate.SQL                        : delete from shift_assignments where id=?
Hibernate: delete from shift_assignments where id=?
2025-10-26T12:22:31.925+09:00 DEBUG 19468 --- [Shift Scheduler Demo] [           main] org.hibernate.SQL                        : delete from shift_assignments where id=?
Hibernate: delete from shift_assignments where id=?
2025-10-26T12:22:31.925+09:00 DEBUG 19468 --- [Shift Scheduler Demo] [           main] org.hibernate.SQL                        : delete from shift_assignments where id=?
Hibernate: delete from shift_assignments where id=?
2025-10-26T12:22:31.925+09:00 DEBUG 19468 --- [Shift Scheduler Demo] [           main] org.hibernate.SQL                        : delete from shift_assignments where id=?
Hibernate: delete from shift_assignments where id=?
2025-10-26T12:22:31.925+09:00 DEBUG 19468 --- [Shift Scheduler Demo] [           main] org.hibernate.SQL                        : delete from shift_assignments where id=?
Hibernate: delete from shift_assignments where id=?
2025-10-26T12:22:31.925+09:00 DEBUG 19468 --- [Shift Scheduler Demo] [           main] org.hibernate.SQL                        : delete from shift_assignments where id=?
Hibernate: delete from shift_assignments where id=?
2025-10-26T12:22:31.927+09:00 DEBUG 19468 --- [Shift Scheduler Demo] [           main] org.hibernate.SQL                        : delete from shift_assignments where id=?
Hibernate: delete from shift_assignments where id=?
2025-10-26T12:22:31.927+09:00 DEBUG 19468 --- [Shift Scheduler Demo] [           main] org.hibernate.SQL                        : delete from shift_assignments where id=?
Hibernate: delete from shift_assignments where id=?
2025-10-26T12:22:31.927+09:00 DEBUG 19468 --- [Shift Scheduler Demo] [           main] org.hibernate.SQL                        : delete from shift_assignments where id=?
Hibernate: delete from shift_assignments where id=?
2025-10-26T12:22:31.927+09:00 DEBUG 19468 --- [Shift Scheduler Demo] [           main] org.hibernate.SQL                        : delete from shift_assignments where id=?
Hibernate: delete from shift_assignments where id=?
2025-10-26T12:22:31.927+09:00 DEBUG 19468 --- [Shift Scheduler Demo] [           main] org.hibernate.SQL                        : delete from shift_assignments where id=?
Hibernate: delete from shift_assignments where id=?
2025-10-26T12:22:31.927+09:00 DEBUG 19468 --- [Shift Scheduler Demo] [           main] org.hibernate.SQL                        : delete from shift_assignments where id=?
Hibernate: delete from shift_assignments where id=?
2025-10-26T12:22:31.927+09:00 DEBUG 19468 --- [Shift Scheduler Demo] [           main] org.hibernate.SQL                        : delete from shift_assignments where id=?
Hibernate: delete from shift_assignments where id=?
2025-10-26T12:22:31.927+09:00 DEBUG 19468 --- [Shift Scheduler Demo] [           main] org.hibernate.SQL                        : delete from shift_assignments where id=?
Hibernate: delete from shift_assignments where id=?
2025-10-26T12:22:31.927+09:00 DEBUG 19468 --- [Shift Scheduler Demo] [           main] org.hibernate.SQL                        : delete from shift_assignments where id=?
Hibernate: delete from shift_assignments where id=?
2025-10-26T12:22:31.927+09:00 DEBUG 19468 --- [Shift Scheduler Demo] [           main] org.hibernate.SQL                        : delete from shift_assignments where id=?
Hibernate: delete from shift_assignments where id=?
2025-10-26T12:22:31.927+09:00 DEBUG 19468 --- [Shift Scheduler Demo] [           main] org.hibernate.SQL                        : delete from shift_assignments where id=?
Hibernate: delete from shift_assignments where id=?
2025-10-26T12:22:31.927+09:00 DEBUG 19468 --- [Shift Scheduler Demo] [           main] org.hibernate.SQL                        : delete from shift_assignments where id=?
Hibernate: delete from shift_assignments where id=?
2025-10-26T12:22:31.927+09:00 DEBUG 19468 --- [Shift Scheduler Demo] [           main] org.hibernate.SQL                        : delete from shift_assignments where id=?
Hibernate: delete from shift_assignments where id=?
2025-10-26T12:22:31.927+09:00 DEBUG 19468 --- [Shift Scheduler Demo] [           main] org.hibernate.SQL                        : delete from shift_assignments where id=?
Hibernate: delete from shift_assignments where id=?
2025-10-26T12:22:31.927+09:00 DEBUG 19468 --- [Shift Scheduler Demo] [           main] org.hibernate.SQL                        : delete from shift_assignments where id=?
Hibernate: delete from shift_assignments where id=?
2025-10-26T12:22:31.927+09:00 DEBUG 19468 --- [Shift Scheduler Demo] [           main] org.hibernate.SQL                        : delete from shift_assignments where id=?
Hibernate: delete from shift_assignments where id=?
2025-10-26T12:22:31.927+09:00 DEBUG 19468 --- [Shift Scheduler Demo] [           main] org.hibernate.SQL                        : delete from shift_assignments where id=?
Hibernate: delete from shift_assignments where id=?
2025-10-26T12:22:31.927+09:00 DEBUG 19468 --- [Shift Scheduler Demo] [           main] org.hibernate.SQL                        : delete from shift_assignments where id=?
Hibernate: delete from shift_assignments where id=?
2025-10-26T12:22:31.927+09:00 DEBUG 19468 --- [Shift Scheduler Demo] [           main] org.hibernate.SQL                        : delete from shift_assignments where id=?
Hibernate: delete from shift_assignments where id=?
2025-10-26T12:22:31.927+09:00 DEBUG 19468 --- [Shift Scheduler Demo] [           main] org.hibernate.SQL                        : delete from shift_assignments where id=?
Hibernate: delete from shift_assignments where id=?
2025-10-26T12:22:31.927+09:00 DEBUG 19468 --- [Shift Scheduler Demo] [           main] org.hibernate.SQL                        : delete from shift_assignments where id=?
Hibernate: delete from shift_assignments where id=?
2025-10-26T12:22:31.927+09:00 DEBUG 19468 --- [Shift Scheduler Demo] [           main] org.hibernate.SQL                        : delete from shift_assignments where id=?
Hibernate: delete from shift_assignments where id=?
2025-10-26T12:22:31.927+09:00 DEBUG 19468 --- [Shift Scheduler Demo] [           main] org.hibernate.SQL                        : delete from shift_assignments where id=?
Hibernate: delete from shift_assignments where id=?
2025-10-26T12:22:31.927+09:00 DEBUG 19468 --- [Shift Scheduler Demo] [           main] org.hibernate.SQL                        : delete from shift_assignments where id=?
Hibernate: delete from shift_assignments where id=?
2025-10-26T12:22:31.927+09:00 DEBUG 19468 --- [Shift Scheduler Demo] [           main] org.hibernate.SQL                        : delete from shift_assignments where id=?
Hibernate: delete from shift_assignments where id=?
2025-10-26T12:22:31.927+09:00 DEBUG 19468 --- [Shift Scheduler Demo] [           main] org.hibernate.SQL                        : delete from shift_assignments where id=?
Hibernate: delete from shift_assignments where id=?
2025-10-26T12:22:31.927+09:00 DEBUG 19468 --- [Shift Scheduler Demo] [           main] org.hibernate.SQL                        : delete from shift_assignments where id=?
Hibernate: delete from shift_assignments where id=?
2025-10-26T12:22:31.929+09:00 DEBUG 19468 --- [Shift Scheduler Demo] [           main] org.hibernate.SQL                        : delete from shift_assignments where id=?
Hibernate: delete from shift_assignments where id=?
2025-10-26T12:22:31.929+09:00 DEBUG 19468 --- [Shift Scheduler Demo] [           main] org.hibernate.SQL                        : delete from shift_assignments where id=?
Hibernate: delete from shift_assignments where id=?
2025-10-26T12:22:31.929+09:00 DEBUG 19468 --- [Shift Scheduler Demo] [           main] org.hibernate.SQL                        : delete from shift_assignments where id=?
Hibernate: delete from shift_assignments where id=?
2025-10-26T12:22:31.929+09:00 DEBUG 19468 --- [Shift Scheduler Demo] [           main] org.hibernate.SQL                        : delete from shift_assignments where id=?
Hibernate: delete from shift_assignments where id=?
2025-10-26T12:22:31.929+09:00 DEBUG 19468 --- [Shift Scheduler Demo] [           main] org.hibernate.SQL                        : delete from shift_assignments where id=?
Hibernate: delete from shift_assignments where id=?
2025-10-26T12:22:31.929+09:00 DEBUG 19468 --- [Shift Scheduler Demo] [           main] org.hibernate.SQL                        : delete from shift_assignments where id=?
Hibernate: delete from shift_assignments where id=?
2025-10-26T12:22:31.929+09:00 DEBUG 19468 --- [Shift Scheduler Demo] [           main] org.hibernate.SQL                        : delete from shift_assignments where id=?
Hibernate: delete from shift_assignments where id=?
2025-10-26T12:22:31.929+09:00 DEBUG 19468 --- [Shift Scheduler Demo] [           main] org.hibernate.SQL                        : delete from shift_assignments where id=?
Hibernate: delete from shift_assignments where id=?
2025-10-26T12:22:31.929+09:00 DEBUG 19468 --- [Shift Scheduler Demo] [           main] org.hibernate.SQL                        : delete from shift_assignments where id=?
Hibernate: delete from shift_assignments where id=?
2025-10-26T12:22:31.929+09:00 DEBUG 19468 --- [Shift Scheduler Demo] [           main] org.hibernate.SQL                        : delete from shift_assignments where id=?
Hibernate: delete from shift_assignments where id=?
2025-10-26T12:22:31.929+09:00 DEBUG 19468 --- [Shift Scheduler Demo] [           main] org.hibernate.SQL                        : delete from shift_assignments where id=?
Hibernate: delete from shift_assignments where id=?
2025-10-26T12:22:31.929+09:00 DEBUG 19468 --- [Shift Scheduler Demo] [           main] org.hibernate.SQL                        : delete from shift_assignments where id=?
Hibernate: delete from shift_assignments where id=?
2025-10-26T12:22:31.929+09:00 DEBUG 19468 --- [Shift Scheduler Demo] [           main] org.hibernate.SQL                        : delete from shift_assignments where id=?
Hibernate: delete from shift_assignments where id=?
2025-10-26T12:22:31.929+09:00 DEBUG 19468 --- [Shift Scheduler Demo] [           main] org.hibernate.SQL                        : delete from shift_assignments where id=?
Hibernate: delete from shift_assignments where id=?
2025-10-26T12:22:31.929+09:00 DEBUG 19468 --- [Shift Scheduler Demo] [           main] org.hibernate.SQL                        : delete from shift_assignments where id=?
Hibernate: delete from shift_assignments where id=?
2025-10-26T12:22:31.929+09:00 DEBUG 19468 --- [Shift Scheduler Demo] [           main] org.hibernate.SQL                        : delete from shift_assignments where id=?
Hibernate: delete from shift_assignments where id=?
2025-10-26T12:22:31.929+09:00 DEBUG 19468 --- [Shift Scheduler Demo] [           main] org.hibernate.SQL                        : delete from shift_assignments where id=?
Hibernate: delete from shift_assignments where id=?
2025-10-26T12:22:31.931+09:00 DEBUG 19468 --- [Shift Scheduler Demo] [           main] org.hibernate.SQL                        : delete from shift_assignments where id=?
Hibernate: delete from shift_assignments where id=?
2025-10-26T12:22:31.931+09:00 DEBUG 19468 --- [Shift Scheduler Demo] [           main] org.hibernate.SQL                        : delete from shift_assignments where id=?
Hibernate: delete from shift_assignments where id=?
2025-10-26T12:22:31.931+09:00 DEBUG 19468 --- [Shift Scheduler Demo] [           main] org.hibernate.SQL                        : delete from shift_assignments where id=?
Hibernate: delete from shift_assignments where id=?
2025-10-26T12:22:31.931+09:00 DEBUG 19468 --- [Shift Scheduler Demo] [           main] org.hibernate.SQL                        : delete from shift_assignments where id=?
Hibernate: delete from shift_assignments where id=?
2025-10-26T12:22:31.931+09:00 DEBUG 19468 --- [Shift Scheduler Demo] [           main] org.hibernate.SQL                        : delete from shift_assignments where id=?
Hibernate: delete from shift_assignments where id=?
2025-10-26T12:22:31.931+09:00 DEBUG 19468 --- [Shift Scheduler Demo] [           main] org.hibernate.SQL                        : delete from shift_assignments where id=?
Hibernate: delete from shift_assignments where id=?
2025-10-26T12:22:31.931+09:00 DEBUG 19468 --- [Shift Scheduler Demo] [           main] org.hibernate.SQL                        : delete from shift_assignments where id=?
Hibernate: delete from shift_assignments where id=?
2025-10-26T12:22:31.931+09:00 DEBUG 19468 --- [Shift Scheduler Demo] [           main] org.hibernate.SQL                        : delete from shift_assignments where id=?
Hibernate: delete from shift_assignments where id=?
2025-10-26T12:22:31.933+09:00 DEBUG 19468 --- [Shift Scheduler Demo] [           main] org.hibernate.SQL                        : delete from shift_assignments where id=?
Hibernate: delete from shift_assignments where id=?
2025-10-26T12:22:31.933+09:00 DEBUG 19468 --- [Shift Scheduler Demo] [           main] org.hibernate.SQL                        : delete from shift_assignments where id=?
Hibernate: delete from shift_assignments where id=?
2025-10-26T12:22:31.933+09:00 DEBUG 19468 --- [Shift Scheduler Demo] [           main] org.hibernate.SQL                        : delete from shift_assignments where id=?
Hibernate: delete from shift_assignments where id=?
2025-10-26T12:22:31.933+09:00 DEBUG 19468 --- [Shift Scheduler Demo] [           main] org.hibernate.SQL                        : delete from shift_assignments where id=?
Hibernate: delete from shift_assignments where id=?
2025-10-26T12:22:31.933+09:00 DEBUG 19468 --- [Shift Scheduler Demo] [           main] org.hibernate.SQL                        : delete from shift_assignments where id=?
Hibernate: delete from shift_assignments where id=?
2025-10-26T12:22:31.933+09:00 DEBUG 19468 --- [Shift Scheduler Demo] [           main] org.hibernate.SQL                        : delete from shift_assignments where id=?
Hibernate: delete from shift_assignments where id=?
2025-10-26T12:22:31.933+09:00 DEBUG 19468 --- [Shift Scheduler Demo] [           main] org.hibernate.SQL                        : delete from shift_assignments where id=?
Hibernate: delete from shift_assignments where id=?
2025-10-26T12:22:31.938+09:00 DEBUG 19468 --- [Shift Scheduler Demo] [           main] org.hibernate.SQL                        : delete from shift_assignments where id=?
Hibernate: delete from shift_assignments where id=?
2025-10-26T12:22:31.939+09:00 DEBUG 19468 --- [Shift Scheduler Demo] [           main] org.hibernate.SQL                        : delete from shift_assignments where id=?
Hibernate: delete from shift_assignments where id=?
2025-10-26T12:22:31.940+09:00 DEBUG 19468 --- [Shift Scheduler Demo] [           main] org.hibernate.SQL                        : delete from shift_assignments where id=?
Hibernate: delete from shift_assignments where id=?
2025-10-26T12:22:31.940+09:00 DEBUG 19468 --- [Shift Scheduler Demo] [           main] org.hibernate.SQL                        : delete from shift_assignments where id=?
Hibernate: delete from shift_assignments where id=?
2025-10-26T12:22:31.942+09:00 DEBUG 19468 --- [Shift Scheduler Demo] [           main] org.hibernate.SQL                        : delete from shift_assignments where id=?
Hibernate: delete from shift_assignments where id=?
2025-10-26T12:22:31.943+09:00 DEBUG 19468 --- [Shift Scheduler Demo] [           main] org.hibernate.SQL                        : delete from shift_assignments where id=?
Hibernate: delete from shift_assignments where id=?
2025-10-26T12:22:31.944+09:00 DEBUG 19468 --- [Shift Scheduler Demo] [           main] org.hibernate.SQL                        : delete from shift_assignments where id=?
Hibernate: delete from shift_assignments where id=?
2025-10-26T12:22:31.945+09:00 DEBUG 19468 --- [Shift Scheduler Demo] [           main] org.hibernate.SQL                        : delete from shift_assignments where id=?
Hibernate: delete from shift_assignments where id=?
2025-10-26T12:22:31.946+09:00 DEBUG 19468 --- [Shift Scheduler Demo] [           main] org.hibernate.SQL                        : delete from shift_assignments where id=?
Hibernate: delete from shift_assignments where id=?
2025-10-26T12:22:31.946+09:00 DEBUG 19468 --- [Shift Scheduler Demo] [           main] org.hibernate.SQL                        : delete from shift_assignments where id=?
Hibernate: delete from shift_assignments where id=?
2025-10-26T12:22:31.947+09:00 DEBUG 19468 --- [Shift Scheduler Demo] [           main] org.hibernate.SQL                        : delete from shift_assignments where id=?
Hibernate: delete from shift_assignments where id=?
2025-10-26T12:22:31.947+09:00 DEBUG 19468 --- [Shift Scheduler Demo] [           main] org.hibernate.SQL                        : delete from shift_assignments where id=?
Hibernate: delete from shift_assignments where id=?
2025-10-26T12:22:31.947+09:00 DEBUG 19468 --- [Shift Scheduler Demo] [           main] org.hibernate.SQL                        : delete from shift_assignments where id=?
Hibernate: delete from shift_assignments where id=?
2025-10-26T12:22:31.947+09:00 DEBUG 19468 --- [Shift Scheduler Demo] [           main] org.hibernate.SQL                        : delete from shift_assignments where id=?
Hibernate: delete from shift_assignments where id=?
2025-10-26T12:22:31.947+09:00 DEBUG 19468 --- [Shift Scheduler Demo] [           main] org.hibernate.SQL                        : delete from shift_assignments where id=?
Hibernate: delete from shift_assignments where id=?
2025-10-26T12:22:31.947+09:00 DEBUG 19468 --- [Shift Scheduler Demo] [           main] org.hibernate.SQL                        : delete from shift_assignments where id=?
Hibernate: delete from shift_assignments where id=?
2025-10-26T12:22:31.947+09:00 DEBUG 19468 --- [Shift Scheduler Demo] [           main] org.hibernate.SQL                        : delete from shift_assignments where id=?
Hibernate: delete from shift_assignments where id=?
2025-10-26T12:22:31.947+09:00 DEBUG 19468 --- [Shift Scheduler Demo] [           main] org.hibernate.SQL                        : delete from shift_assignments where id=?
Hibernate: delete from shift_assignments where id=?
2025-10-26T12:22:31.947+09:00 DEBUG 19468 --- [Shift Scheduler Demo] [           main] org.hibernate.SQL                        : delete from shift_assignments where id=?
Hibernate: delete from shift_assignments where id=?
2025-10-26T12:22:31.947+09:00 DEBUG 19468 --- [Shift Scheduler Demo] [           main] org.hibernate.SQL                        : delete from shift_assignments where id=?
Hibernate: delete from shift_assignments where id=?
2025-10-26T12:22:31.949+09:00 DEBUG 19468 --- [Shift Scheduler Demo] [           main] org.hibernate.SQL                        : delete from shift_assignments where id=?
Hibernate: delete from shift_assignments where id=?
2025-10-26T12:22:31.949+09:00 DEBUG 19468 --- [Shift Scheduler Demo] [           main] org.hibernate.SQL                        : delete from shift_assignments where id=?
Hibernate: delete from shift_assignments where id=?
2025-10-26T12:22:31.949+09:00 DEBUG 19468 --- [Shift Scheduler Demo] [           main] org.hibernate.SQL                        : delete from shift_assignments where id=?
Hibernate: delete from shift_assignments where id=?
2025-10-26T12:22:31.949+09:00 DEBUG 19468 --- [Shift Scheduler Demo] [           main] org.hibernate.SQL                        : delete from shift_assignments where id=?
Hibernate: delete from shift_assignments where id=?
2025-10-26T12:22:31.949+09:00 DEBUG 19468 --- [Shift Scheduler Demo] [           main] org.hibernate.SQL                        : delete from shift_assignments where id=?
Hibernate: delete from shift_assignments where id=?
2025-10-26T12:22:31.949+09:00 DEBUG 19468 --- [Shift Scheduler Demo] [           main] org.hibernate.SQL                        : delete from shift_assignments where id=?
Hibernate: delete from shift_assignments where id=?
2025-10-26T12:22:31.949+09:00 DEBUG 19468 --- [Shift Scheduler Demo] [           main] org.hibernate.SQL                        : delete from shift_assignments where id=?
Hibernate: delete from shift_assignments where id=?
2025-10-26T12:22:31.949+09:00 DEBUG 19468 --- [Shift Scheduler Demo] [           main] org.hibernate.SQL                        : delete from shift_assignments where id=?
Hibernate: delete from shift_assignments where id=?
2025-10-26T12:22:31.949+09:00 DEBUG 19468 --- [Shift Scheduler Demo] [           main] org.hibernate.SQL                        : delete from shift_assignments where id=?
Hibernate: delete from shift_assignments where id=?
2025-10-26T12:22:31.949+09:00 DEBUG 19468 --- [Shift Scheduler Demo] [           main] org.hibernate.SQL                        : delete from shift_assignments where id=?
Hibernate: delete from shift_assignments where id=?
2025-10-26T12:22:31.950+09:00 DEBUG 19468 --- [Shift Scheduler Demo] [           main] org.hibernate.SQL                        : delete from shift_assignments where id=?
Hibernate: delete from shift_assignments where id=?
2025-10-26T12:22:31.950+09:00 DEBUG 19468 --- [Shift Scheduler Demo] [           main] org.hibernate.SQL                        : delete from shift_assignments where id=?
Hibernate: delete from shift_assignments where id=?
2025-10-26T12:22:31.950+09:00 DEBUG 19468 --- [Shift Scheduler Demo] [           main] org.hibernate.SQL                        : delete from shift_assignments where id=?
Hibernate: delete from shift_assignments where id=?
2025-10-26T12:22:31.950+09:00 DEBUG 19468 --- [Shift Scheduler Demo] [           main] org.hibernate.SQL                        : delete from shift_assignments where id=?
Hibernate: delete from shift_assignments where id=?
2025-10-26T12:22:31.950+09:00 DEBUG 19468 --- [Shift Scheduler Demo] [           main] org.hibernate.SQL                        : delete from shift_assignments where id=?
Hibernate: delete from shift_assignments where id=?
2025-10-26T12:22:31.950+09:00 DEBUG 19468 --- [Shift Scheduler Demo] [           main] org.hibernate.SQL                        : delete from shift_assignments where id=?
Hibernate: delete from shift_assignments where id=?
2025-10-26T12:22:31.950+09:00 DEBUG 19468 --- [Shift Scheduler Demo] [           main] org.hibernate.SQL                        : delete from shift_assignments where id=?
Hibernate: delete from shift_assignments where id=?
2025-10-26T12:22:31.950+09:00 DEBUG 19468 --- [Shift Scheduler Demo] [           main] org.hibernate.SQL                        : delete from shift_assignments where id=?
Hibernate: delete from shift_assignments where id=?
2025-10-26T12:22:31.950+09:00 DEBUG 19468 --- [Shift Scheduler Demo] [           main] org.hibernate.SQL                        : delete from shift_assignments where id=?
Hibernate: delete from shift_assignments where id=?
2025-10-26T12:22:31.950+09:00 DEBUG 19468 --- [Shift Scheduler Demo] [           main] org.hibernate.SQL                        : delete from shift_assignments where id=?
Hibernate: delete from shift_assignments where id=?
2025-10-26T12:22:31.950+09:00 DEBUG 19468 --- [Shift Scheduler Demo] [           main] org.hibernate.SQL                        : delete from shift_assignments where id=?
Hibernate: delete from shift_assignments where id=?
2025-10-26T12:22:31.950+09:00 DEBUG 19468 --- [Shift Scheduler Demo] [           main] org.hibernate.SQL                        : delete from shift_assignments where id=?
Hibernate: delete from shift_assignments where id=?
2025-10-26T12:22:31.950+09:00 DEBUG 19468 --- [Shift Scheduler Demo] [           main] org.hibernate.SQL                        : delete from shift_assignments where id=?
Hibernate: delete from shift_assignments where id=?
2025-10-26T12:22:31.951+09:00 DEBUG 19468 --- [Shift Scheduler Demo] [           main] org.hibernate.SQL                        : delete from shift_assignments where id=?
Hibernate: delete from shift_assignments where id=?
2025-10-26T12:22:31.951+09:00 DEBUG 19468 --- [Shift Scheduler Demo] [           main] org.hibernate.SQL                        : delete from shift_assignments where id=?
Hibernate: delete from shift_assignments where id=?
2025-10-26T12:22:31.951+09:00 DEBUG 19468 --- [Shift Scheduler Demo] [           main] org.hibernate.SQL                        : delete from shift_assignments where id=?
Hibernate: delete from shift_assignments where id=?
2025-10-26T12:22:31.951+09:00 DEBUG 19468 --- [Shift Scheduler Demo] [           main] org.hibernate.SQL                        : delete from shift_assignments where id=?
Hibernate: delete from shift_assignments where id=?
2025-10-26T12:22:31.951+09:00 DEBUG 19468 --- [Shift Scheduler Demo] [           main] org.hibernate.SQL                        : delete from shift_assignments where id=?
Hibernate: delete from shift_assignments where id=?
2025-10-26T12:22:31.951+09:00 DEBUG 19468 --- [Shift Scheduler Demo] [           main] org.hibernate.SQL                        : delete from shift_assignments where id=?
Hibernate: delete from shift_assignments where id=?
2025-10-26T12:22:31.951+09:00 DEBUG 19468 --- [Shift Scheduler Demo] [           main] org.hibernate.SQL                        : delete from shift_assignments where id=?
Hibernate: delete from shift_assignments where id=?
2025-10-26T12:22:31.951+09:00 DEBUG 19468 --- [Shift Scheduler Demo] [           main] org.hibernate.SQL                        : delete from shift_assignments where id=?
Hibernate: delete from shift_assignments where id=?
2025-10-26T12:22:31.951+09:00 DEBUG 19468 --- [Shift Scheduler Demo] [           main] org.hibernate.SQL                        : delete from shift_assignments where id=?
Hibernate: delete from shift_assignments where id=?
2025-10-26T12:22:31.952+09:00 DEBUG 19468 --- [Shift Scheduler Demo] [           main] org.hibernate.SQL                        : delete from shift_assignments where id=?
Hibernate: delete from shift_assignments where id=?
2025-10-26T12:22:31.952+09:00 DEBUG 19468 --- [Shift Scheduler Demo] [           main] org.hibernate.SQL                        : delete from shift_assignments where id=?
Hibernate: delete from shift_assignments where id=?
2025-10-26T12:22:31.952+09:00 DEBUG 19468 --- [Shift Scheduler Demo] [           main] org.hibernate.SQL                        : delete from shift_assignments where id=?
Hibernate: delete from shift_assignments where id=?
2025-10-26T12:22:31.952+09:00 DEBUG 19468 --- [Shift Scheduler Demo] [           main] org.hibernate.SQL                        : delete from shift_assignments where id=?
Hibernate: delete from shift_assignments where id=?
2025-10-26T12:22:31.952+09:00 DEBUG 19468 --- [Shift Scheduler Demo] [           main] org.hibernate.SQL                        : delete from shift_assignments where id=?
Hibernate: delete from shift_assignments where id=?
2025-10-26T12:22:31.952+09:00 DEBUG 19468 --- [Shift Scheduler Demo] [           main] org.hibernate.SQL                        : delete from shift_assignments where id=?
Hibernate: delete from shift_assignments where id=?
2025-10-26T12:22:31.952+09:00 DEBUG 19468 --- [Shift Scheduler Demo] [           main] org.hibernate.SQL                        : delete from shift_assignments where id=?
Hibernate: delete from shift_assignments where id=?
2025-10-26T12:22:31.952+09:00 DEBUG 19468 --- [Shift Scheduler Demo] [           main] org.hibernate.SQL                        : delete from shift_assignments where id=?
Hibernate: delete from shift_assignments where id=?
2025-10-26T12:22:31.952+09:00 DEBUG 19468 --- [Shift Scheduler Demo] [           main] org.hibernate.SQL                        : delete from shift_assignments where id=?
Hibernate: delete from shift_assignments where id=?
2025-10-26T12:22:31.952+09:00 DEBUG 19468 --- [Shift Scheduler Demo] [           main] org.hibernate.SQL                        : delete from shift_assignments where id=?
Hibernate: delete from shift_assignments where id=?
2025-10-26T12:22:31.952+09:00 DEBUG 19468 --- [Shift Scheduler Demo] [           main] org.hibernate.SQL                        : delete from shift_assignments where id=?
Hibernate: delete from shift_assignments where id=?
2025-10-26T12:22:31.952+09:00 DEBUG 19468 --- [Shift Scheduler Demo] [           main] org.hibernate.SQL                        : delete from shift_assignments where id=?
Hibernate: delete from shift_assignments where id=?
2025-10-26T12:22:31.952+09:00 DEBUG 19468 --- [Shift Scheduler Demo] [           main] org.hibernate.SQL                        : delete from shift_assignments where id=?
Hibernate: delete from shift_assignments where id=?
2025-10-26T12:22:31.954+09:00 DEBUG 19468 --- [Shift Scheduler Demo] [           main] org.hibernate.SQL                        : delete from shift_assignments where id=?
Hibernate: delete from shift_assignments where id=?
2025-10-26T12:22:31.954+09:00 DEBUG 19468 --- [Shift Scheduler Demo] [           main] org.hibernate.SQL                        : delete from shift_assignments where id=?
Hibernate: delete from shift_assignments where id=?
2025-10-26T12:22:31.954+09:00 DEBUG 19468 --- [Shift Scheduler Demo] [           main] org.hibernate.SQL                        : delete from shift_assignments where id=?
Hibernate: delete from shift_assignments where id=?
2025-10-26T12:22:31.954+09:00 DEBUG 19468 --- [Shift Scheduler Demo] [           main] org.hibernate.SQL                        : delete from shift_assignments where id=?
Hibernate: delete from shift_assignments where id=?
2025-10-26T12:22:31.954+09:00 DEBUG 19468 --- [Shift Scheduler Demo] [           main] org.hibernate.SQL                        : delete from shift_assignments where id=?
Hibernate: delete from shift_assignments where id=?
2025-10-26T12:22:31.954+09:00 DEBUG 19468 --- [Shift Scheduler Demo] [           main] org.hibernate.SQL                        : delete from shift_assignments where id=?
Hibernate: delete from shift_assignments where id=?
2025-10-26T12:22:31.955+09:00 DEBUG 19468 --- [Shift Scheduler Demo] [           main] org.hibernate.SQL                        : delete from shift_assignments where id=?
Hibernate: delete from shift_assignments where id=?
2025-10-26T12:22:31.955+09:00 DEBUG 19468 --- [Shift Scheduler Demo] [           main] org.hibernate.SQL                        : delete from shift_assignments where id=?
Hibernate: delete from shift_assignments where id=?
2025-10-26T12:22:31.955+09:00 DEBUG 19468 --- [Shift Scheduler Demo] [           main] org.hibernate.SQL                        : delete from shift_assignments where id=?
Hibernate: delete from shift_assignments where id=?
2025-10-26T12:22:31.955+09:00 DEBUG 19468 --- [Shift Scheduler Demo] [           main] org.hibernate.SQL                        : delete from shift_assignments where id=?
Hibernate: delete from shift_assignments where id=?
2025-10-26T12:22:31.955+09:00 DEBUG 19468 --- [Shift Scheduler Demo] [           main] org.hibernate.SQL                        : delete from shift_assignments where id=?
Hibernate: delete from shift_assignments where id=?
2025-10-26T12:22:31.955+09:00 DEBUG 19468 --- [Shift Scheduler Demo] [           main] org.hibernate.SQL                        : delete from shift_assignments where id=?
Hibernate: delete from shift_assignments where id=?
2025-10-26T12:22:31.956+09:00 DEBUG 19468 --- [Shift Scheduler Demo] [           main] org.hibernate.SQL                        : delete from shift_assignments where id=?
Hibernate: delete from shift_assignments where id=?
2025-10-26T12:22:31.956+09:00 DEBUG 19468 --- [Shift Scheduler Demo] [           main] org.hibernate.SQL                        : delete from shift_assignments where id=?
Hibernate: delete from shift_assignments where id=?
2025-10-26T12:22:31.956+09:00 DEBUG 19468 --- [Shift Scheduler Demo] [           main] org.hibernate.SQL                        : delete from shift_assignments where id=?
Hibernate: delete from shift_assignments where id=?
2025-10-26T12:22:31.956+09:00 DEBUG 19468 --- [Shift Scheduler Demo] [           main] org.hibernate.SQL                        : delete from shift_assignments where id=?
Hibernate: delete from shift_assignments where id=?
2025-10-26T12:22:31.956+09:00 DEBUG 19468 --- [Shift Scheduler Demo] [           main] org.hibernate.SQL                        : delete from shift_assignments where id=?
Hibernate: delete from shift_assignments where id=?
2025-10-26T12:22:31.956+09:00 DEBUG 19468 --- [Shift Scheduler Demo] [           main] org.hibernate.SQL                        : delete from shift_assignments where id=?
Hibernate: delete from shift_assignments where id=?
2025-10-26T12:22:31.956+09:00 DEBUG 19468 --- [Shift Scheduler Demo] [           main] org.hibernate.SQL                        : delete from shift_assignments where id=?
Hibernate: delete from shift_assignments where id=?
2025-10-26T12:22:31.956+09:00 DEBUG 19468 --- [Shift Scheduler Demo] [           main] org.hibernate.SQL                        : delete from shift_assignments where id=?
Hibernate: delete from shift_assignments where id=?
2025-10-26T12:22:31.957+09:00 DEBUG 19468 --- [Shift Scheduler Demo] [           main] org.hibernate.SQL                        : delete from shift_assignments where id=?
Hibernate: delete from shift_assignments where id=?
2025-10-26T12:22:31.957+09:00 DEBUG 19468 --- [Shift Scheduler Demo] [           main] org.hibernate.SQL                        : delete from shift_assignments where id=?
Hibernate: delete from shift_assignments where id=?
2025-10-26T12:22:31.957+09:00 DEBUG 19468 --- [Shift Scheduler Demo] [           main] org.hibernate.SQL                        : delete from shift_assignments where id=?
Hibernate: delete from shift_assignments where id=?
2025-10-26T12:22:31.957+09:00 DEBUG 19468 --- [Shift Scheduler Demo] [           main] org.hibernate.SQL                        : delete from shift_assignments where id=?
Hibernate: delete from shift_assignments where id=?
2025-10-26T12:22:31.957+09:00 DEBUG 19468 --- [Shift Scheduler Demo] [           main] org.hibernate.SQL                        : delete from shift_assignments where id=?
Hibernate: delete from shift_assignments where id=?
2025-10-26T12:22:31.957+09:00 DEBUG 19468 --- [Shift Scheduler Demo] [           main] org.hibernate.SQL                        : delete from shift_assignments where id=?
Hibernate: delete from shift_assignments where id=?
2025-10-26T12:22:31.957+09:00 DEBUG 19468 --- [Shift Scheduler Demo] [           main] org.hibernate.SQL                        : delete from shift_assignments where id=?
Hibernate: delete from shift_assignments where id=?
2025-10-26T12:22:31.957+09:00 DEBUG 19468 --- [Shift Scheduler Demo] [           main] org.hibernate.SQL                        : delete from shift_assignments where id=?
Hibernate: delete from shift_assignments where id=?
2025-10-26T12:22:31.958+09:00 DEBUG 19468 --- [Shift Scheduler Demo] [           main] org.hibernate.SQL                        : delete from shift_assignments where id=?
Hibernate: delete from shift_assignments where id=?
2025-10-26T12:22:31.958+09:00 DEBUG 19468 --- [Shift Scheduler Demo] [           main] org.hibernate.SQL                        : delete from shift_assignments where id=?
Hibernate: delete from shift_assignments where id=?
2025-10-26T12:22:31.958+09:00 DEBUG 19468 --- [Shift Scheduler Demo] [           main] org.hibernate.SQL                        : delete from shift_assignments where id=?
Hibernate: delete from shift_assignments where id=?
2025-10-26T12:22:31.958+09:00 DEBUG 19468 --- [Shift Scheduler Demo] [           main] org.hibernate.SQL                        : delete from shift_assignments where id=?
Hibernate: delete from shift_assignments where id=?
2025-10-26T12:22:31.958+09:00 DEBUG 19468 --- [Shift Scheduler Demo] [           main] org.hibernate.SQL                        : delete from shift_assignments where id=?
Hibernate: delete from shift_assignments where id=?
2025-10-26T12:22:31.958+09:00 DEBUG 19468 --- [Shift Scheduler Demo] [           main] org.hibernate.SQL                        : delete from shift_assignments where id=?
Hibernate: delete from shift_assignments where id=?
2025-10-26T12:22:31.958+09:00 DEBUG 19468 --- [Shift Scheduler Demo] [           main] org.hibernate.SQL                        : delete from shift_assignments where id=?
Hibernate: delete from shift_assignments where id=?
2025-10-26T12:22:31.958+09:00 DEBUG 19468 --- [Shift Scheduler Demo] [           main] org.hibernate.SQL                        : delete from shift_assignments where id=?
Hibernate: delete from shift_assignments where id=?
2025-10-26T12:22:31.958+09:00 DEBUG 19468 --- [Shift Scheduler Demo] [           main] org.hibernate.SQL                        : delete from shift_assignments where id=?
Hibernate: delete from shift_assignments where id=?
2025-10-26T12:22:31.959+09:00 DEBUG 19468 --- [Shift Scheduler Demo] [           main] org.hibernate.SQL                        : delete from shift_assignments where id=?
Hibernate: delete from shift_assignments where id=?
2025-10-26T12:22:31.959+09:00 DEBUG 19468 --- [Shift Scheduler Demo] [           main] org.hibernate.SQL                        : delete from shift_assignments where id=?
Hibernate: delete from shift_assignments where id=?
2025-10-26T12:22:31.961+09:00 DEBUG 19468 --- [Shift Scheduler Demo] [           main] org.hibernate.SQL                        : delete from shift_assignments where id=?
Hibernate: delete from shift_assignments where id=?
2025-10-26T12:22:31.961+09:00 DEBUG 19468 --- [Shift Scheduler Demo] [           main] org.hibernate.SQL                        : delete from shift_assignments where id=?
Hibernate: delete from shift_assignments where id=?
2025-10-26T12:22:31.961+09:00 DEBUG 19468 --- [Shift Scheduler Demo] [           main] org.hibernate.SQL                        : delete from shift_assignments where id=?
Hibernate: delete from shift_assignments where id=?
2025-10-26T12:22:31.961+09:00 DEBUG 19468 --- [Shift Scheduler Demo] [           main] org.hibernate.SQL                        : delete from shift_assignments where id=?
Hibernate: delete from shift_assignments where id=?
2025-10-26T12:22:31.961+09:00 DEBUG 19468 --- [Shift Scheduler Demo] [           main] org.hibernate.SQL                        : delete from shift_assignments where id=?
Hibernate: delete from shift_assignments where id=?
2025-10-26T12:22:31.963+09:00 DEBUG 19468 --- [Shift Scheduler Demo] [           main] org.hibernate.SQL                        : delete from shift_assignments where id=?
Hibernate: delete from shift_assignments where id=?
2025-10-26T12:22:31.964+09:00 DEBUG 19468 --- [Shift Scheduler Demo] [           main] org.hibernate.SQL                        : delete from shift_assignments where id=?
Hibernate: delete from shift_assignments where id=?
2025-10-26T12:22:31.965+09:00 DEBUG 19468 --- [Shift Scheduler Demo] [           main] org.hibernate.SQL                        : delete from shift_assignments where id=?
Hibernate: delete from shift_assignments where id=?
2025-10-26T12:22:31.965+09:00 DEBUG 19468 --- [Shift Scheduler Demo] [           main] org.hibernate.SQL                        : delete from shift_assignments where id=?
Hibernate: delete from shift_assignments where id=?
2025-10-26T12:22:31.965+09:00 DEBUG 19468 --- [Shift Scheduler Demo] [           main] org.hibernate.SQL                        : delete from shift_assignments where id=?
Hibernate: delete from shift_assignments where id=?
2025-10-26T12:22:31.965+09:00 DEBUG 19468 --- [Shift Scheduler Demo] [           main] org.hibernate.SQL                        : delete from shift_assignments where id=?
Hibernate: delete from shift_assignments where id=?
2025-10-26T12:22:31.965+09:00 DEBUG 19468 --- [Shift Scheduler Demo] [           main] org.hibernate.SQL                        : delete from shift_assignments where id=?
Hibernate: delete from shift_assignments where id=?
2025-10-26T12:22:31.965+09:00 DEBUG 19468 --- [Shift Scheduler Demo] [           main] org.hibernate.SQL                        : delete from shift_assignments where id=?
Hibernate: delete from shift_assignments where id=?
2025-10-26T12:22:31.965+09:00 DEBUG 19468 --- [Shift Scheduler Demo] [           main] org.hibernate.SQL                        : delete from shift_assignments where id=?
Hibernate: delete from shift_assignments where id=?
2025-10-26T12:22:31.965+09:00 DEBUG 19468 --- [Shift Scheduler Demo] [           main] org.hibernate.SQL                        : delete from shift_assignments where id=?
Hibernate: delete from shift_assignments where id=?
2025-10-26T12:22:31.966+09:00 DEBUG 19468 --- [Shift Scheduler Demo] [           main] org.hibernate.SQL                        : delete from shift_assignments where id=?
Hibernate: delete from shift_assignments where id=?
2025-10-26T12:22:31.966+09:00 DEBUG 19468 --- [Shift Scheduler Demo] [           main] org.hibernate.SQL                        : delete from shift_assignments where id=?
Hibernate: delete from shift_assignments where id=?
2025-10-26T12:22:31.966+09:00 DEBUG 19468 --- [Shift Scheduler Demo] [           main] org.hibernate.SQL                        : delete from shift_assignments where id=?
Hibernate: delete from shift_assignments where id=?
2025-10-26T12:22:31.966+09:00 DEBUG 19468 --- [Shift Scheduler Demo] [           main] org.hibernate.SQL                        : delete from shift_assignments where id=?
Hibernate: delete from shift_assignments where id=?
2025-10-26T12:22:31.968+09:00 DEBUG 19468 --- [Shift Scheduler Demo] [           main] org.hibernate.SQL                        : delete from shift_assignments where id=?
Hibernate: delete from shift_assignments where id=?
2025-10-26T12:22:31.968+09:00 DEBUG 19468 --- [Shift Scheduler Demo] [           main] org.hibernate.SQL                        : delete from shift_assignments where id=?
Hibernate: delete from shift_assignments where id=?
2025-10-26T12:22:31.968+09:00 DEBUG 19468 --- [Shift Scheduler Demo] [           main] org.hibernate.SQL                        : delete from shift_assignments where id=?
Hibernate: delete from shift_assignments where id=?
2025-10-26T12:22:31.968+09:00 DEBUG 19468 --- [Shift Scheduler Demo] [           main] org.hibernate.SQL                        : delete from shift_assignments where id=?
Hibernate: delete from shift_assignments where id=?
2025-10-26T12:22:31.968+09:00 DEBUG 19468 --- [Shift Scheduler Demo] [           main] org.hibernate.SQL                        : delete from shift_assignments where id=?
Hibernate: delete from shift_assignments where id=?
2025-10-26T12:22:31.968+09:00 DEBUG 19468 --- [Shift Scheduler Demo] [           main] org.hibernate.SQL                        : delete from shift_assignments where id=?
Hibernate: delete from shift_assignments where id=?
2025-10-26T12:22:31.969+09:00 DEBUG 19468 --- [Shift Scheduler Demo] [           main] org.hibernate.SQL                        : delete from shift_assignments where id=?
Hibernate: delete from shift_assignments where id=?
2025-10-26T12:22:31.969+09:00 DEBUG 19468 --- [Shift Scheduler Demo] [           main] org.hibernate.SQL                        : delete from shift_assignments where id=?
Hibernate: delete from shift_assignments where id=?
2025-10-26T12:22:31.969+09:00 DEBUG 19468 --- [Shift Scheduler Demo] [           main] org.hibernate.SQL                        : delete from shift_assignments where id=?
Hibernate: delete from shift_assignments where id=?
2025-10-26T12:22:31.969+09:00 DEBUG 19468 --- [Shift Scheduler Demo] [           main] org.hibernate.SQL                        : delete from shift_assignments where id=?
Hibernate: delete from shift_assignments where id=?
2025-10-26T12:22:31.970+09:00 DEBUG 19468 --- [Shift Scheduler Demo] [           main] org.hibernate.SQL                        : delete from shift_assignments where id=?
Hibernate: delete from shift_assignments where id=?
2025-10-26T12:22:31.970+09:00 DEBUG 19468 --- [Shift Scheduler Demo] [           main] org.hibernate.SQL                        : delete from shift_assignments where id=?
Hibernate: delete from shift_assignments where id=?
2025-10-26T12:22:31.970+09:00 DEBUG 19468 --- [Shift Scheduler Demo] [           main] org.hibernate.SQL                        : delete from shift_assignments where id=?
Hibernate: delete from shift_assignments where id=?
2025-10-26T12:22:31.970+09:00 DEBUG 19468 --- [Shift Scheduler Demo] [           main] org.hibernate.SQL                        : delete from shift_assignments where id=?
Hibernate: delete from shift_assignments where id=?
2025-10-26T12:22:31.970+09:00 DEBUG 19468 --- [Shift Scheduler Demo] [           main] org.hibernate.SQL                        : delete from shift_assignments where id=?
Hibernate: delete from shift_assignments where id=?
2025-10-26T12:22:31.970+09:00 DEBUG 19468 --- [Shift Scheduler Demo] [           main] org.hibernate.SQL                        : delete from shift_assignments where id=?
Hibernate: delete from shift_assignments where id=?
2025-10-26T12:22:31.970+09:00 DEBUG 19468 --- [Shift Scheduler Demo] [           main] org.hibernate.SQL                        : delete from shift_assignments where id=?
Hibernate: delete from shift_assignments where id=?
2025-10-26T12:22:31.970+09:00 DEBUG 19468 --- [Shift Scheduler Demo] [           main] org.hibernate.SQL                        : delete from shift_assignments where id=?
Hibernate: delete from shift_assignments where id=?
2025-10-26T12:22:31.970+09:00 DEBUG 19468 --- [Shift Scheduler Demo] [           main] org.hibernate.SQL                        : delete from shift_assignments where id=?
Hibernate: delete from shift_assignments where id=?
2025-10-26T12:22:31.970+09:00 DEBUG 19468 --- [Shift Scheduler Demo] [           main] org.hibernate.SQL                        : delete from shift_assignments where id=?
Hibernate: delete from shift_assignments where id=?
2025-10-26T12:22:31.970+09:00 DEBUG 19468 --- [Shift Scheduler Demo] [           main] org.hibernate.SQL                        : delete from shift_assignments where id=?
Hibernate: delete from shift_assignments where id=?
2025-10-26T12:22:31.970+09:00 DEBUG 19468 --- [Shift Scheduler Demo] [           main] org.hibernate.SQL                        : delete from shift_assignments where id=?
Hibernate: delete from shift_assignments where id=?
2025-10-26T12:22:31.970+09:00 DEBUG 19468 --- [Shift Scheduler Demo] [           main] org.hibernate.SQL                        : delete from shift_assignments where id=?
Hibernate: delete from shift_assignments where id=?
2025-10-26T12:22:31.971+09:00 DEBUG 19468 --- [Shift Scheduler Demo] [           main] org.hibernate.SQL                        : delete from shift_assignments where id=?
Hibernate: delete from shift_assignments where id=?
2025-10-26T12:22:31.971+09:00 DEBUG 19468 --- [Shift Scheduler Demo] [           main] org.hibernate.SQL                        : delete from shift_assignments where id=?
Hibernate: delete from shift_assignments where id=?
2025-10-26T12:22:31.971+09:00 DEBUG 19468 --- [Shift Scheduler Demo] [           main] org.hibernate.SQL                        : delete from shift_assignments where id=?
Hibernate: delete from shift_assignments where id=?
2025-10-26T12:22:31.971+09:00 DEBUG 19468 --- [Shift Scheduler Demo] [           main] org.hibernate.SQL                        : delete from shift_assignments where id=?
Hibernate: delete from shift_assignments where id=?
2025-10-26T12:22:31.971+09:00 DEBUG 19468 --- [Shift Scheduler Demo] [           main] org.hibernate.SQL                        : delete from shift_assignments where id=?
Hibernate: delete from shift_assignments where id=?
2025-10-26T12:22:31.971+09:00 DEBUG 19468 --- [Shift Scheduler Demo] [           main] org.hibernate.SQL                        : delete from shift_assignments where id=?
Hibernate: delete from shift_assignments where id=?
2025-10-26T12:22:31.971+09:00 DEBUG 19468 --- [Shift Scheduler Demo] [           main] org.hibernate.SQL                        : delete from shift_assignments where id=?
Hibernate: delete from shift_assignments where id=?
2025-10-26T12:22:31.971+09:00 DEBUG 19468 --- [Shift Scheduler Demo] [           main] org.hibernate.SQL                        : delete from shift_assignments where id=?
Hibernate: delete from shift_assignments where id=?
2025-10-26T12:22:31.971+09:00 DEBUG 19468 --- [Shift Scheduler Demo] [           main] org.hibernate.SQL                        : delete from shift_assignments where id=?
Hibernate: delete from shift_assignments where id=?
2025-10-26T12:22:31.971+09:00 DEBUG 19468 --- [Shift Scheduler Demo] [           main] org.hibernate.SQL                        : delete from shift_assignments where id=?
Hibernate: delete from shift_assignments where id=?
2025-10-26T12:22:31.971+09:00 DEBUG 19468 --- [Shift Scheduler Demo] [           main] org.hibernate.SQL                        : delete from shift_assignments where id=?
Hibernate: delete from shift_assignments where id=?
2025-10-26T12:22:31.971+09:00 DEBUG 19468 --- [Shift Scheduler Demo] [           main] org.hibernate.SQL                        : delete from shift_assignments where id=?
Hibernate: delete from shift_assignments where id=?
2025-10-26T12:22:31.971+09:00 DEBUG 19468 --- [Shift Scheduler Demo] [           main] org.hibernate.SQL                        : delete from shift_assignments where id=?
Hibernate: delete from shift_assignments where id=?
2025-10-26T12:22:31.972+09:00 DEBUG 19468 --- [Shift Scheduler Demo] [           main] org.hibernate.SQL                        : delete from shift_assignments where id=?
Hibernate: delete from shift_assignments where id=?
2025-10-26T12:22:31.972+09:00 DEBUG 19468 --- [Shift Scheduler Demo] [           main] org.hibernate.SQL                        : delete from shift_assignments where id=?
Hibernate: delete from shift_assignments where id=?
2025-10-26T12:22:31.972+09:00 DEBUG 19468 --- [Shift Scheduler Demo] [           main] org.hibernate.SQL                        : delete from shift_assignments where id=?
Hibernate: delete from shift_assignments where id=?
2025-10-26T12:22:31.972+09:00 DEBUG 19468 --- [Shift Scheduler Demo] [           main] org.hibernate.SQL                        : delete from shift_assignments where id=?
Hibernate: delete from shift_assignments where id=?
2025-10-26T12:22:31.972+09:00 DEBUG 19468 --- [Shift Scheduler Demo] [           main] org.hibernate.SQL                        : delete from shift_assignments where id=?
Hibernate: delete from shift_assignments where id=?
2025-10-26T12:22:31.972+09:00 DEBUG 19468 --- [Shift Scheduler Demo] [           main] org.hibernate.SQL                        : delete from shift_assignments where id=?
Hibernate: delete from shift_assignments where id=?
2025-10-26T12:22:31.972+09:00 DEBUG 19468 --- [Shift Scheduler Demo] [           main] org.hibernate.SQL                        : delete from shift_assignments where id=?
Hibernate: delete from shift_assignments where id=?
2025-10-26T12:22:31.972+09:00 DEBUG 19468 --- [Shift Scheduler Demo] [           main] org.hibernate.SQL                        : delete from shift_assignments where id=?
Hibernate: delete from shift_assignments where id=?
2025-10-26T12:22:31.972+09:00 DEBUG 19468 --- [Shift Scheduler Demo] [           main] org.hibernate.SQL                        : delete from shift_assignments where id=?
Hibernate: delete from shift_assignments where id=?
2025-10-26T12:22:31.972+09:00 DEBUG 19468 --- [Shift Scheduler Demo] [           main] org.hibernate.SQL                        : delete from shift_assignments where id=?
Hibernate: delete from shift_assignments where id=?
2025-10-26T12:22:31.972+09:00 DEBUG 19468 --- [Shift Scheduler Demo] [           main] org.hibernate.SQL                        : delete from shift_assignments where id=?
Hibernate: delete from shift_assignments where id=?
2025-10-26T12:22:31.973+09:00 DEBUG 19468 --- [Shift Scheduler Demo] [           main] org.hibernate.SQL                        : delete from shift_assignments where id=?
Hibernate: delete from shift_assignments where id=?
2025-10-26T12:22:31.973+09:00 DEBUG 19468 --- [Shift Scheduler Demo] [           main] org.hibernate.SQL                        : delete from shift_assignments where id=?
Hibernate: delete from shift_assignments where id=?
2025-10-26T12:22:31.973+09:00 DEBUG 19468 --- [Shift Scheduler Demo] [           main] org.hibernate.SQL                        : delete from shift_assignments where id=?
Hibernate: delete from shift_assignments where id=?
2025-10-26T12:22:31.973+09:00 DEBUG 19468 --- [Shift Scheduler Demo] [           main] org.hibernate.SQL                        : delete from shift_assignments where id=?
Hibernate: delete from shift_assignments where id=?
2025-10-26T12:22:31.974+09:00 DEBUG 19468 --- [Shift Scheduler Demo] [           main] org.hibernate.SQL                        : delete from shift_assignments where id=?
Hibernate: delete from shift_assignments where id=?
2025-10-26T12:22:31.974+09:00 DEBUG 19468 --- [Shift Scheduler Demo] [           main] org.hibernate.SQL                        : delete from shift_assignments where id=?
Hibernate: delete from shift_assignments where id=?
2025-10-26T12:22:31.974+09:00 DEBUG 19468 --- [Shift Scheduler Demo] [           main] org.hibernate.SQL                        : delete from shift_assignments where id=?
Hibernate: delete from shift_assignments where id=?
2025-10-26T12:22:31.975+09:00 DEBUG 19468 --- [Shift Scheduler Demo] [           main] org.hibernate.SQL                        : delete from shift_assignments where id=?
Hibernate: delete from shift_assignments where id=?
2025-10-26T12:22:31.975+09:00 DEBUG 19468 --- [Shift Scheduler Demo] [           main] org.hibernate.SQL                        : delete from shift_assignments where id=?
Hibernate: delete from shift_assignments where id=?
2025-10-26T12:22:31.975+09:00 DEBUG 19468 --- [Shift Scheduler Demo] [           main] org.hibernate.SQL                        : delete from shift_assignments where id=?
Hibernate: delete from shift_assignments where id=?
2025-10-26T12:22:31.975+09:00 DEBUG 19468 --- [Shift Scheduler Demo] [           main] org.hibernate.SQL                        : delete from shift_assignments where id=?
Hibernate: delete from shift_assignments where id=?
2025-10-26T12:22:31.975+09:00 DEBUG 19468 --- [Shift Scheduler Demo] [           main] org.hibernate.SQL                        : delete from shift_assignments where id=?
Hibernate: delete from shift_assignments where id=?
2025-10-26T12:22:31.976+09:00 DEBUG 19468 --- [Shift Scheduler Demo] [           main] org.hibernate.SQL                        : delete from shift_assignments where id=?
Hibernate: delete from shift_assignments where id=?
2025-10-26T12:22:31.976+09:00 DEBUG 19468 --- [Shift Scheduler Demo] [           main] org.hibernate.SQL                        : delete from shift_assignments where id=?
Hibernate: delete from shift_assignments where id=?
2025-10-26T12:22:31.976+09:00 DEBUG 19468 --- [Shift Scheduler Demo] [           main] org.hibernate.SQL                        : delete from shift_assignments where id=?
Hibernate: delete from shift_assignments where id=?
2025-10-26T12:22:31.976+09:00 DEBUG 19468 --- [Shift Scheduler Demo] [           main] org.hibernate.SQL                        : delete from shift_assignments where id=?
Hibernate: delete from shift_assignments where id=?
2025-10-26T12:22:31.977+09:00 DEBUG 19468 --- [Shift Scheduler Demo] [           main] org.hibernate.SQL                        : delete from shift_assignments where id=?
Hibernate: delete from shift_assignments where id=?
2025-10-26T12:22:31.977+09:00 DEBUG 19468 --- [Shift Scheduler Demo] [           main] org.hibernate.SQL                        : delete from shift_assignments where id=?
Hibernate: delete from shift_assignments where id=?
2025-10-26T12:22:31.977+09:00 DEBUG 19468 --- [Shift Scheduler Demo] [           main] org.hibernate.SQL                        : delete from shift_assignments where id=?
Hibernate: delete from shift_assignments where id=?
2025-10-26T12:22:31.977+09:00 DEBUG 19468 --- [Shift Scheduler Demo] [           main] org.hibernate.SQL                        : delete from shift_assignments where id=?
Hibernate: delete from shift_assignments where id=?
2025-10-26T12:22:31.977+09:00 DEBUG 19468 --- [Shift Scheduler Demo] [           main] org.hibernate.SQL                        : delete from shift_assignments where id=?
Hibernate: delete from shift_assignments where id=?
2025-10-26T12:22:31.977+09:00 DEBUG 19468 --- [Shift Scheduler Demo] [           main] org.hibernate.SQL                        : delete from shift_assignments where id=?
Hibernate: delete from shift_assignments where id=?
2025-10-26T12:22:31.977+09:00 DEBUG 19468 --- [Shift Scheduler Demo] [           main] org.hibernate.SQL                        : delete from shift_assignments where id=?
Hibernate: delete from shift_assignments where id=?
2025-10-26T12:22:31.977+09:00 DEBUG 19468 --- [Shift Scheduler Demo] [           main] org.hibernate.SQL                        : delete from shift_assignments where id=?
Hibernate: delete from shift_assignments where id=?
2025-10-26T12:22:31.977+09:00 DEBUG 19468 --- [Shift Scheduler Demo] [           main] org.hibernate.SQL                        : delete from shift_assignments where id=?
Hibernate: delete from shift_assignments where id=?
2025-10-26T12:22:31.977+09:00 DEBUG 19468 --- [Shift Scheduler Demo] [           main] org.hibernate.SQL                        : delete from shift_assignments where id=?
Hibernate: delete from shift_assignments where id=?
2025-10-26T12:22:31.977+09:00 DEBUG 19468 --- [Shift Scheduler Demo] [           main] org.hibernate.SQL                        : delete from shift_assignments where id=?
Hibernate: delete from shift_assignments where id=?
2025-10-26T12:22:31.977+09:00 DEBUG 19468 --- [Shift Scheduler Demo] [           main] org.hibernate.SQL                        : delete from shift_assignments where id=?
Hibernate: delete from shift_assignments where id=?
2025-10-26T12:22:31.977+09:00 DEBUG 19468 --- [Shift Scheduler Demo] [           main] org.hibernate.SQL                        : delete from shift_assignments where id=?
Hibernate: delete from shift_assignments where id=?
2025-10-26T12:22:31.978+09:00 DEBUG 19468 --- [Shift Scheduler Demo] [           main] org.hibernate.SQL                        : delete from shift_assignments where id=?
Hibernate: delete from shift_assignments where id=?
2025-10-26T12:22:31.978+09:00 DEBUG 19468 --- [Shift Scheduler Demo] [           main] org.hibernate.SQL                        : delete from shift_assignments where id=?
Hibernate: delete from shift_assignments where id=?
2025-10-26T12:22:31.978+09:00 DEBUG 19468 --- [Shift Scheduler Demo] [           main] org.hibernate.SQL                        : delete from shift_assignments where id=?
Hibernate: delete from shift_assignments where id=?
2025-10-26T12:22:31.978+09:00 DEBUG 19468 --- [Shift Scheduler Demo] [           main] org.hibernate.SQL                        : delete from shift_assignments where id=?
Hibernate: delete from shift_assignments where id=?
2025-10-26T12:22:31.978+09:00 DEBUG 19468 --- [Shift Scheduler Demo] [           main] org.hibernate.SQL                        : delete from shift_assignments where id=?
Hibernate: delete from shift_assignments where id=?
2025-10-26T12:22:31.978+09:00 DEBUG 19468 --- [Shift Scheduler Demo] [           main] org.hibernate.SQL                        : delete from shift_assignments where id=?
Hibernate: delete from shift_assignments where id=?
2025-10-26T12:22:31.978+09:00 DEBUG 19468 --- [Shift Scheduler Demo] [           main] org.hibernate.SQL                        : delete from shift_assignments where id=?
Hibernate: delete from shift_assignments where id=?
2025-10-26T12:22:31.978+09:00 DEBUG 19468 --- [Shift Scheduler Demo] [           main] org.hibernate.SQL                        : delete from shift_assignments where id=?
Hibernate: delete from shift_assignments where id=?
2025-10-26T12:22:31.978+09:00 DEBUG 19468 --- [Shift Scheduler Demo] [           main] org.hibernate.SQL                        : delete from shift_assignments where id=?
Hibernate: delete from shift_assignments where id=?
2025-10-26T12:22:31.978+09:00 DEBUG 19468 --- [Shift Scheduler Demo] [           main] org.hibernate.SQL                        : delete from shift_assignments where id=?
Hibernate: delete from shift_assignments where id=?
2025-10-26T12:22:31.979+09:00 DEBUG 19468 --- [Shift Scheduler Demo] [           main] org.hibernate.SQL                        : delete from shift_assignments where id=?
Hibernate: delete from shift_assignments where id=?
2025-10-26T12:22:31.980+09:00 DEBUG 19468 --- [Shift Scheduler Demo] [           main] org.hibernate.SQL                        : delete from shift_assignments where id=?
Hibernate: delete from shift_assignments where id=?
2025-10-26T12:22:31.980+09:00 DEBUG 19468 --- [Shift Scheduler Demo] [           main] org.hibernate.SQL                        : delete from shift_assignments where id=?
Hibernate: delete from shift_assignments where id=?
2025-10-26T12:22:31.981+09:00 DEBUG 19468 --- [Shift Scheduler Demo] [           main] org.hibernate.SQL                        : delete from shift_assignments where id=?
Hibernate: delete from shift_assignments where id=?
2025-10-26T12:22:31.982+09:00 DEBUG 19468 --- [Shift Scheduler Demo] [           main] org.hibernate.SQL                        : delete from shift_assignments where id=?
Hibernate: delete from shift_assignments where id=?
2025-10-26T12:22:31.982+09:00 DEBUG 19468 --- [Shift Scheduler Demo] [           main] org.hibernate.SQL                        : delete from shift_assignments where id=?
Hibernate: delete from shift_assignments where id=?
2025-10-26T12:22:31.983+09:00 DEBUG 19468 --- [Shift Scheduler Demo] [           main] org.hibernate.SQL                        : delete from shift_assignments where id=?
Hibernate: delete from shift_assignments where id=?
2025-10-26T12:22:31.983+09:00 DEBUG 19468 --- [Shift Scheduler Demo] [           main] org.hibernate.SQL                        : delete from shift_assignments where id=?
Hibernate: delete from shift_assignments where id=?
2025-10-26T12:22:31.985+09:00 DEBUG 19468 --- [Shift Scheduler Demo] [           main] org.hibernate.SQL                        : delete from shift_assignments where id=?
Hibernate: delete from shift_assignments where id=?
2025-10-26T12:22:31.991+09:00 DEBUG 19468 --- [Shift Scheduler Demo] [           main] org.hibernate.SQL                        : delete from shift_assignments where id=?
Hibernate: delete from shift_assignments where id=?
2025-10-26T12:22:31.993+09:00 DEBUG 19468 --- [Shift Scheduler Demo] [           main] org.hibernate.SQL                        : delete from shift_assignments where id=?
Hibernate: delete from shift_assignments where id=?
2025-10-26T12:22:31.993+09:00 DEBUG 19468 --- [Shift Scheduler Demo] [           main] org.hibernate.SQL                        : delete from shift_assignments where id=?
Hibernate: delete from shift_assignments where id=?
2025-10-26T12:22:31.993+09:00 DEBUG 19468 --- [Shift Scheduler Demo] [           main] org.hibernate.SQL                        : delete from shift_assignments where id=?
Hibernate: delete from shift_assignments where id=?
2025-10-26T12:22:31.993+09:00 DEBUG 19468 --- [Shift Scheduler Demo] [           main] org.hibernate.SQL                        : delete from shift_assignments where id=?
Hibernate: delete from shift_assignments where id=?
2025-10-26T12:22:31.993+09:00 DEBUG 19468 --- [Shift Scheduler Demo] [           main] org.hibernate.SQL                        : delete from shift_assignments where id=?
Hibernate: delete from shift_assignments where id=?
2025-10-26T12:22:31.993+09:00 DEBUG 19468 --- [Shift Scheduler Demo] [           main] org.hibernate.SQL                        : delete from shift_assignments where id=?
Hibernate: delete from shift_assignments where id=?
2025-10-26T12:22:31.993+09:00 DEBUG 19468 --- [Shift Scheduler Demo] [           main] org.hibernate.SQL                        : delete from shift_assignments where id=?
Hibernate: delete from shift_assignments where id=?
2025-10-26T12:22:31.993+09:00 DEBUG 19468 --- [Shift Scheduler Demo] [           main] org.hibernate.SQL                        : delete from shift_assignments where id=?
Hibernate: delete from shift_assignments where id=?
2025-10-26T12:22:31.993+09:00 DEBUG 19468 --- [Shift Scheduler Demo] [           main] org.hibernate.SQL                        : delete from shift_assignments where id=?
Hibernate: delete from shift_assignments where id=?
2025-10-26T12:22:31.993+09:00 DEBUG 19468 --- [Shift Scheduler Demo] [           main] org.hibernate.SQL                        : delete from shift_assignments where id=?
Hibernate: delete from shift_assignments where id=?
2025-10-26T12:22:31.993+09:00 DEBUG 19468 --- [Shift Scheduler Demo] [           main] org.hibernate.SQL                        : delete from shift_assignments where id=?
Hibernate: delete from shift_assignments where id=?
2025-10-26T12:22:31.993+09:00 DEBUG 19468 --- [Shift Scheduler Demo] [           main] org.hibernate.SQL                        : delete from shift_assignments where id=?
Hibernate: delete from shift_assignments where id=?
2025-10-26T12:22:31.993+09:00 DEBUG 19468 --- [Shift Scheduler Demo] [           main] org.hibernate.SQL                        : delete from shift_assignments where id=?
Hibernate: delete from shift_assignments where id=?
2025-10-26T12:22:31.993+09:00 DEBUG 19468 --- [Shift Scheduler Demo] [           main] org.hibernate.SQL                        : delete from shift_assignments where id=?
Hibernate: delete from shift_assignments where id=?
2025-10-26T12:22:31.993+09:00 DEBUG 19468 --- [Shift Scheduler Demo] [           main] org.hibernate.SQL                        : delete from shift_assignments where id=?
Hibernate: delete from shift_assignments where id=?
2025-10-26T12:22:31.993+09:00 DEBUG 19468 --- [Shift Scheduler Demo] [           main] org.hibernate.SQL                        : delete from shift_assignments where id=?
Hibernate: delete from shift_assignments where id=?
2025-10-26T12:22:31.993+09:00 DEBUG 19468 --- [Shift Scheduler Demo] [           main] org.hibernate.SQL                        : delete from shift_assignments where id=?
Hibernate: delete from shift_assignments where id=?
2025-10-26T12:22:31.993+09:00 DEBUG 19468 --- [Shift Scheduler Demo] [           main] org.hibernate.SQL                        : delete from shift_assignments where id=?
Hibernate: delete from shift_assignments where id=?
2025-10-26T12:22:31.993+09:00 DEBUG 19468 --- [Shift Scheduler Demo] [           main] org.hibernate.SQL                        : delete from shift_assignments where id=?
Hibernate: delete from shift_assignments where id=?
2025-10-26T12:22:31.993+09:00 DEBUG 19468 --- [Shift Scheduler Demo] [           main] org.hibernate.SQL                        : delete from shift_assignments where id=?
Hibernate: delete from shift_assignments where id=?
2025-10-26T12:22:31.993+09:00 DEBUG 19468 --- [Shift Scheduler Demo] [           main] org.hibernate.SQL                        : delete from shift_assignments where id=?
Hibernate: delete from shift_assignments where id=?
2025-10-26T12:22:31.993+09:00 DEBUG 19468 --- [Shift Scheduler Demo] [           main] org.hibernate.SQL                        : delete from shift_assignments where id=?
Hibernate: delete from shift_assignments where id=?
2025-10-26T12:22:31.995+09:00 DEBUG 19468 --- [Shift Scheduler Demo] [           main] org.hibernate.SQL                        : delete from shift_assignments where id=?
Hibernate: delete from shift_assignments where id=?
2025-10-26T12:22:31.995+09:00 DEBUG 19468 --- [Shift Scheduler Demo] [           main] org.hibernate.SQL                        : delete from shift_assignments where id=?
Hibernate: delete from shift_assignments where id=?
2025-10-26T12:22:31.995+09:00 DEBUG 19468 --- [Shift Scheduler Demo] [           main] org.hibernate.SQL                        : delete from shift_assignments where id=?
Hibernate: delete from shift_assignments where id=?
2025-10-26T12:22:31.995+09:00 DEBUG 19468 --- [Shift Scheduler Demo] [           main] org.hibernate.SQL                        : delete from shift_assignments where id=?
Hibernate: delete from shift_assignments where id=?
2025-10-26T12:22:31.995+09:00 DEBUG 19468 --- [Shift Scheduler Demo] [           main] org.hibernate.SQL                        : delete from shift_assignments where id=?
Hibernate: delete from shift_assignments where id=?
2025-10-26T12:22:31.995+09:00 DEBUG 19468 --- [Shift Scheduler Demo] [           main] org.hibernate.SQL                        : delete from shift_assignments where id=?
Hibernate: delete from shift_assignments where id=?
2025-10-26T12:22:31.995+09:00 DEBUG 19468 --- [Shift Scheduler Demo] [           main] org.hibernate.SQL                        : delete from shift_assignments where id=?
Hibernate: delete from shift_assignments where id=?
2025-10-26T12:22:31.995+09:00 DEBUG 19468 --- [Shift Scheduler Demo] [           main] org.hibernate.SQL                        : delete from shift_assignments where id=?
Hibernate: delete from shift_assignments where id=?
2025-10-26T12:22:31.995+09:00 DEBUG 19468 --- [Shift Scheduler Demo] [           main] org.hibernate.SQL                        : delete from shift_assignments where id=?
Hibernate: delete from shift_assignments where id=?
2025-10-26T12:22:31.997+09:00 DEBUG 19468 --- [Shift Scheduler Demo] [           main] org.hibernate.SQL                        : delete from shift_assignments where id=?
Hibernate: delete from shift_assignments where id=?
2025-10-26T12:22:31.997+09:00 DEBUG 19468 --- [Shift Scheduler Demo] [           main] org.hibernate.SQL                        : delete from shift_assignments where id=?
Hibernate: delete from shift_assignments where id=?
2025-10-26T12:22:31.997+09:00 DEBUG 19468 --- [Shift Scheduler Demo] [           main] org.hibernate.SQL                        : delete from shift_assignments where id=?
Hibernate: delete from shift_assignments where id=?
2025-10-26T12:22:31.997+09:00 DEBUG 19468 --- [Shift Scheduler Demo] [           main] org.hibernate.SQL                        : delete from shift_assignments where id=?
Hibernate: delete from shift_assignments where id=?
2025-10-26T12:22:31.997+09:00 DEBUG 19468 --- [Shift Scheduler Demo] [           main] org.hibernate.SQL                        : delete from shift_assignments where id=?
Hibernate: delete from shift_assignments where id=?
2025-10-26T12:22:31.997+09:00 DEBUG 19468 --- [Shift Scheduler Demo] [           main] org.hibernate.SQL                        : delete from shift_assignments where id=?
Hibernate: delete from shift_assignments where id=?
2025-10-26T12:22:31.997+09:00 DEBUG 19468 --- [Shift Scheduler Demo] [           main] org.hibernate.SQL                        : delete from shift_assignments where id=?
Hibernate: delete from shift_assignments where id=?
2025-10-26T12:22:31.997+09:00 DEBUG 19468 --- [Shift Scheduler Demo] [           main] org.hibernate.SQL                        : delete from shift_assignments where id=?
Hibernate: delete from shift_assignments where id=?
2025-10-26T12:22:31.997+09:00 DEBUG 19468 --- [Shift Scheduler Demo] [           main] org.hibernate.SQL                        : delete from shift_assignments where id=?
Hibernate: delete from shift_assignments where id=?
2025-10-26T12:22:32.000+09:00 DEBUG 19468 --- [Shift Scheduler Demo] [           main] org.hibernate.SQL                        : delete from shift_assignments where id=?
Hibernate: delete from shift_assignments where id=?
2025-10-26T12:22:32.000+09:00 DEBUG 19468 --- [Shift Scheduler Demo] [           main] org.hibernate.SQL                        : delete from shift_assignments where id=?
Hibernate: delete from shift_assignments where id=?
2025-10-26T12:22:32.001+09:00 DEBUG 19468 --- [Shift Scheduler Demo] [           main] org.hibernate.SQL                        : delete from shift_assignments where id=?
Hibernate: delete from shift_assignments where id=?
2025-10-26T12:22:32.002+09:00 DEBUG 19468 --- [Shift Scheduler Demo] [           main] org.hibernate.SQL                        : delete from shift_assignments where id=?
Hibernate: delete from shift_assignments where id=?
2025-10-26T12:22:32.002+09:00 DEBUG 19468 --- [Shift Scheduler Demo] [           main] org.hibernate.SQL                        : delete from shift_assignments where id=?
Hibernate: delete from shift_assignments where id=?
2025-10-26T12:22:32.002+09:00 DEBUG 19468 --- [Shift Scheduler Demo] [           main] org.hibernate.SQL                        : delete from shift_assignments where id=?
Hibernate: delete from shift_assignments where id=?
2025-10-26T12:22:32.003+09:00 DEBUG 19468 --- [Shift Scheduler Demo] [           main] org.hibernate.SQL                        : delete from shift_assignments where id=?
Hibernate: delete from shift_assignments where id=?
2025-10-26T12:22:32.003+09:00 DEBUG 19468 --- [Shift Scheduler Demo] [           main] org.hibernate.SQL                        : delete from shift_assignments where id=?
Hibernate: delete from shift_assignments where id=?
2025-10-26T12:22:32.003+09:00 DEBUG 19468 --- [Shift Scheduler Demo] [           main] org.hibernate.SQL                        : delete from shift_assignments where id=?
Hibernate: delete from shift_assignments where id=?
2025-10-26T12:22:32.003+09:00 DEBUG 19468 --- [Shift Scheduler Demo] [           main] org.hibernate.SQL                        : delete from shift_assignments where id=?
Hibernate: delete from shift_assignments where id=?
2025-10-26T12:22:32.003+09:00 DEBUG 19468 --- [Shift Scheduler Demo] [           main] org.hibernate.SQL                        : delete from shift_assignments where id=?
Hibernate: delete from shift_assignments where id=?
2025-10-26T12:22:32.003+09:00 DEBUG 19468 --- [Shift Scheduler Demo] [           main] org.hibernate.SQL                        : delete from shift_assignments where id=?
Hibernate: delete from shift_assignments where id=?
2025-10-26T12:22:32.003+09:00 DEBUG 19468 --- [Shift Scheduler Demo] [           main] org.hibernate.SQL                        : delete from shift_assignments where id=?
Hibernate: delete from shift_assignments where id=?
2025-10-26T12:22:32.003+09:00 DEBUG 19468 --- [Shift Scheduler Demo] [           main] org.hibernate.SQL                        : delete from shift_assignments where id=?
Hibernate: delete from shift_assignments where id=?
2025-10-26T12:22:32.003+09:00 DEBUG 19468 --- [Shift Scheduler Demo] [           main] org.hibernate.SQL                        : delete from shift_assignments where id=?
Hibernate: delete from shift_assignments where id=?
2025-10-26T12:22:32.003+09:00 DEBUG 19468 --- [Shift Scheduler Demo] [           main] org.hibernate.SQL                        : delete from shift_assignments where id=?
Hibernate: delete from shift_assignments where id=?
2025-10-26T12:22:32.004+09:00 DEBUG 19468 --- [Shift Scheduler Demo] [           main] org.hibernate.SQL                        : delete from shift_assignments where id=?
Hibernate: delete from shift_assignments where id=?
2025-10-26T12:22:32.008+09:00 DEBUG 19468 --- [Shift Scheduler Demo] [           main] org.hibernate.SQL                        : delete from shift_assignments where id=?
Hibernate: delete from shift_assignments where id=?
2025-10-26T12:22:32.008+09:00 DEBUG 19468 --- [Shift Scheduler Demo] [           main] org.hibernate.SQL                        : delete from shift_assignments where id=?
Hibernate: delete from shift_assignments where id=?
2025-10-26T12:22:32.008+09:00 DEBUG 19468 --- [Shift Scheduler Demo] [           main] org.hibernate.SQL                        : delete from shift_assignments where id=?
Hibernate: delete from shift_assignments where id=?
2025-10-26T12:22:32.009+09:00 DEBUG 19468 --- [Shift Scheduler Demo] [           main] org.hibernate.SQL                        : delete from shift_assignments where id=?
Hibernate: delete from shift_assignments where id=?
2025-10-26T12:22:32.009+09:00 DEBUG 19468 --- [Shift Scheduler Demo] [           main] org.hibernate.SQL                        : delete from shift_assignments where id=?
Hibernate: delete from shift_assignments where id=?
2025-10-26T12:22:32.009+09:00 DEBUG 19468 --- [Shift Scheduler Demo] [           main] org.hibernate.SQL                        : delete from shift_assignments where id=?
Hibernate: delete from shift_assignments where id=?
2025-10-26T12:22:32.010+09:00 DEBUG 19468 --- [Shift Scheduler Demo] [           main] org.hibernate.SQL                        : delete from shift_assignments where id=?
Hibernate: delete from shift_assignments where id=?
2025-10-26T12:22:32.010+09:00 DEBUG 19468 --- [Shift Scheduler Demo] [           main] org.hibernate.SQL                        : delete from shift_assignments where id=?
Hibernate: delete from shift_assignments where id=?
2025-10-26T12:22:32.010+09:00 DEBUG 19468 --- [Shift Scheduler Demo] [           main] org.hibernate.SQL                        : delete from shift_assignments where id=?
Hibernate: delete from shift_assignments where id=?
2025-10-26T12:22:32.012+09:00 DEBUG 19468 --- [Shift Scheduler Demo] [           main] org.hibernate.SQL                        : delete from shift_assignments where id=?
Hibernate: delete from shift_assignments where id=?
2025-10-26T12:22:32.012+09:00 DEBUG 19468 --- [Shift Scheduler Demo] [           main] org.hibernate.SQL                        : delete from shift_assignments where id=?
Hibernate: delete from shift_assignments where id=?
2025-10-26T12:22:32.012+09:00 DEBUG 19468 --- [Shift Scheduler Demo] [           main] org.hibernate.SQL                        : delete from shift_assignments where id=?
Hibernate: delete from shift_assignments where id=?
2025-10-26T12:22:32.012+09:00 DEBUG 19468 --- [Shift Scheduler Demo] [           main] org.hibernate.SQL                        : delete from shift_assignments where id=?
Hibernate: delete from shift_assignments where id=?
2025-10-26T12:22:32.012+09:00 DEBUG 19468 --- [Shift Scheduler Demo] [           main] org.hibernate.SQL                        : delete from shift_assignments where id=?
Hibernate: delete from shift_assignments where id=?
2025-10-26T12:22:32.012+09:00 DEBUG 19468 --- [Shift Scheduler Demo] [           main] org.hibernate.SQL                        : delete from shift_assignments where id=?
Hibernate: delete from shift_assignments where id=?
2025-10-26T12:22:32.012+09:00 DEBUG 19468 --- [Shift Scheduler Demo] [           main] org.hibernate.SQL                        : delete from shift_assignments where id=?
Hibernate: delete from shift_assignments where id=?
2025-10-26T12:22:32.012+09:00 DEBUG 19468 --- [Shift Scheduler Demo] [           main] org.hibernate.SQL                        : delete from shift_assignments where id=?
Hibernate: delete from shift_assignments where id=?
2025-10-26T12:22:32.012+09:00 DEBUG 19468 --- [Shift Scheduler Demo] [           main] org.hibernate.SQL                        : delete from shift_assignments where id=?
Hibernate: delete from shift_assignments where id=?
2025-10-26T12:22:32.012+09:00 DEBUG 19468 --- [Shift Scheduler Demo] [           main] org.hibernate.SQL                        : delete from shift_assignments where id=?
Hibernate: delete from shift_assignments where id=?
2025-10-26T12:22:32.012+09:00 DEBUG 19468 --- [Shift Scheduler Demo] [           main] org.hibernate.SQL                        : delete from shift_assignments where id=?
Hibernate: delete from shift_assignments where id=?
2025-10-26T12:22:32.012+09:00 DEBUG 19468 --- [Shift Scheduler Demo] [           main] org.hibernate.SQL                        : delete from shift_assignments where id=?
Hibernate: delete from shift_assignments where id=?
2025-10-26T12:22:32.012+09:00 DEBUG 19468 --- [Shift Scheduler Demo] [           main] org.hibernate.SQL                        : delete from shift_assignments where id=?
Hibernate: delete from shift_assignments where id=?
2025-10-26T12:22:32.012+09:00 DEBUG 19468 --- [Shift Scheduler Demo] [           main] org.hibernate.SQL                        : delete from shift_assignments where id=?
Hibernate: delete from shift_assignments where id=?
2025-10-26T12:22:32.012+09:00 DEBUG 19468 --- [Shift Scheduler Demo] [           main] org.hibernate.SQL                        : delete from shift_assignments where id=?
Hibernate: delete from shift_assignments where id=?
2025-10-26T12:22:32.012+09:00 DEBUG 19468 --- [Shift Scheduler Demo] [           main] org.hibernate.SQL                        : delete from shift_assignments where id=?
Hibernate: delete from shift_assignments where id=?
2025-10-26T12:22:32.014+09:00 DEBUG 19468 --- [Shift Scheduler Demo] [           main] org.hibernate.SQL                        : delete from shift_assignments where id=?
Hibernate: delete from shift_assignments where id=?
2025-10-26T12:22:32.014+09:00 DEBUG 19468 --- [Shift Scheduler Demo] [           main] org.hibernate.SQL                        : delete from shift_assignments where id=?
Hibernate: delete from shift_assignments where id=?
2025-10-26T12:22:32.014+09:00 DEBUG 19468 --- [Shift Scheduler Demo] [           main] org.hibernate.SQL                        : delete from shift_assignments where id=?
Hibernate: delete from shift_assignments where id=?
2025-10-26T12:22:32.014+09:00 DEBUG 19468 --- [Shift Scheduler Demo] [           main] org.hibernate.SQL                        : delete from shift_assignments where id=?
Hibernate: delete from shift_assignments where id=?
2025-10-26T12:22:32.016+09:00 DEBUG 19468 --- [Shift Scheduler Demo] [           main] org.hibernate.SQL                        : delete from shift_assignments where id=?
Hibernate: delete from shift_assignments where id=?
2025-10-26T12:22:32.017+09:00 DEBUG 19468 --- [Shift Scheduler Demo] [           main] org.hibernate.SQL                        : delete from shift_assignments where id=?
Hibernate: delete from shift_assignments where id=?
2025-10-26T12:22:32.017+09:00 DEBUG 19468 --- [Shift Scheduler Demo] [           main] org.hibernate.SQL                        : delete from shift_assignments where id=?
Hibernate: delete from shift_assignments where id=?
2025-10-26T12:22:32.017+09:00 DEBUG 19468 --- [Shift Scheduler Demo] [           main] org.hibernate.SQL                        : delete from shift_assignments where id=?
Hibernate: delete from shift_assignments where id=?
2025-10-26T12:22:32.018+09:00 DEBUG 19468 --- [Shift Scheduler Demo] [           main] org.hibernate.SQL                        : delete from shift_assignments where id=?
Hibernate: delete from shift_assignments where id=?
2025-10-26T12:22:32.018+09:00 DEBUG 19468 --- [Shift Scheduler Demo] [           main] org.hibernate.SQL                        : delete from shift_assignments where id=?
Hibernate: delete from shift_assignments where id=?
2025-10-26T12:22:32.018+09:00 DEBUG 19468 --- [Shift Scheduler Demo] [           main] org.hibernate.SQL                        : delete from shift_assignments where id=?
Hibernate: delete from shift_assignments where id=?
2025-10-26T12:22:32.018+09:00 DEBUG 19468 --- [Shift Scheduler Demo] [           main] org.hibernate.SQL                        : delete from shift_assignments where id=?
Hibernate: delete from shift_assignments where id=?
2025-10-26T12:22:32.018+09:00 DEBUG 19468 --- [Shift Scheduler Demo] [           main] org.hibernate.SQL                        : delete from shift_assignments where id=?
Hibernate: delete from shift_assignments where id=?
2025-10-26T12:22:32.018+09:00 DEBUG 19468 --- [Shift Scheduler Demo] [           main] org.hibernate.SQL                        : delete from shift_assignments where id=?
Hibernate: delete from shift_assignments where id=?
2025-10-26T12:22:32.018+09:00 DEBUG 19468 --- [Shift Scheduler Demo] [           main] org.hibernate.SQL                        : delete from shift_assignments where id=?
Hibernate: delete from shift_assignments where id=?
2025-10-26T12:22:32.018+09:00 DEBUG 19468 --- [Shift Scheduler Demo] [           main] org.hibernate.SQL                        : delete from shift_assignments where id=?
Hibernate: delete from shift_assignments where id=?
2025-10-26T12:22:32.018+09:00 DEBUG 19468 --- [Shift Scheduler Demo] [           main] org.hibernate.SQL                        : delete from shift_assignments where id=?
Hibernate: delete from shift_assignments where id=?
2025-10-26T12:22:32.018+09:00 DEBUG 19468 --- [Shift Scheduler Demo] [           main] org.hibernate.SQL                        : delete from shift_assignments where id=?
Hibernate: delete from shift_assignments where id=?
2025-10-26T12:22:32.018+09:00 DEBUG 19468 --- [Shift Scheduler Demo] [           main] org.hibernate.SQL                        : delete from shift_assignments where id=?
Hibernate: delete from shift_assignments where id=?
2025-10-26T12:22:32.018+09:00 DEBUG 19468 --- [Shift Scheduler Demo] [           main] org.hibernate.SQL                        : delete from shift_assignments where id=?
Hibernate: delete from shift_assignments where id=?
2025-10-26T12:22:32.018+09:00 DEBUG 19468 --- [Shift Scheduler Demo] [           main] org.hibernate.SQL                        : delete from shift_assignments where id=?
Hibernate: delete from shift_assignments where id=?
2025-10-26T12:22:32.018+09:00 DEBUG 19468 --- [Shift Scheduler Demo] [           main] org.hibernate.SQL                        : delete from shift_assignments where id=?
Hibernate: delete from shift_assignments where id=?
2025-10-26T12:22:32.018+09:00 DEBUG 19468 --- [Shift Scheduler Demo] [           main] org.hibernate.SQL                        : delete from shift_assignments where id=?
Hibernate: delete from shift_assignments where id=?
2025-10-26T12:22:32.018+09:00 DEBUG 19468 --- [Shift Scheduler Demo] [           main] org.hibernate.SQL                        : delete from shift_assignments where id=?
Hibernate: delete from shift_assignments where id=?
2025-10-26T12:22:32.018+09:00 DEBUG 19468 --- [Shift Scheduler Demo] [           main] org.hibernate.SQL                        : delete from shift_assignments where id=?
Hibernate: delete from shift_assignments where id=?
2025-10-26T12:22:32.018+09:00 DEBUG 19468 --- [Shift Scheduler Demo] [           main] org.hibernate.SQL                        : delete from shift_assignments where id=?
Hibernate: delete from shift_assignments where id=?
2025-10-26T12:22:32.018+09:00 DEBUG 19468 --- [Shift Scheduler Demo] [           main] org.hibernate.SQL                        : delete from shift_assignments where id=?
Hibernate: delete from shift_assignments where id=?
2025-10-26T12:22:32.018+09:00 DEBUG 19468 --- [Shift Scheduler Demo] [           main] org.hibernate.SQL                        : delete from shift_assignments where id=?
Hibernate: delete from shift_assignments where id=?
2025-10-26T12:22:32.018+09:00 DEBUG 19468 --- [Shift Scheduler Demo] [           main] org.hibernate.SQL                        : delete from shift_assignments where id=?
Hibernate: delete from shift_assignments where id=?
2025-10-26T12:22:32.018+09:00 DEBUG 19468 --- [Shift Scheduler Demo] [           main] org.hibernate.SQL                        : delete from shift_assignments where id=?
Hibernate: delete from shift_assignments where id=?
2025-10-26T12:22:32.018+09:00 DEBUG 19468 --- [Shift Scheduler Demo] [           main] org.hibernate.SQL                        : delete from shift_assignments where id=?
Hibernate: delete from shift_assignments where id=?
2025-10-26T12:22:32.019+09:00 DEBUG 19468 --- [Shift Scheduler Demo] [           main] org.hibernate.SQL                        : delete from shift_assignments where id=?
Hibernate: delete from shift_assignments where id=?
2025-10-26T12:22:32.019+09:00 DEBUG 19468 --- [Shift Scheduler Demo] [           main] org.hibernate.SQL                        : delete from shift_assignments where id=?
Hibernate: delete from shift_assignments where id=?
2025-10-26T12:22:32.019+09:00 DEBUG 19468 --- [Shift Scheduler Demo] [           main] org.hibernate.SQL                        : delete from shift_assignments where id=?
Hibernate: delete from shift_assignments where id=?
2025-10-26T12:22:32.019+09:00 DEBUG 19468 --- [Shift Scheduler Demo] [           main] org.hibernate.SQL                        : delete from shift_assignments where id=?
Hibernate: delete from shift_assignments where id=?
2025-10-26T12:22:32.019+09:00 DEBUG 19468 --- [Shift Scheduler Demo] [           main] org.hibernate.SQL                        : delete from shift_assignments where id=?
Hibernate: delete from shift_assignments where id=?
2025-10-26T12:22:32.019+09:00 DEBUG 19468 --- [Shift Scheduler Demo] [           main] org.hibernate.SQL                        : delete from shift_assignments where id=?
Hibernate: delete from shift_assignments where id=?
2025-10-26T12:22:32.019+09:00 DEBUG 19468 --- [Shift Scheduler Demo] [           main] org.hibernate.SQL                        : delete from shift_assignments where id=?
Hibernate: delete from shift_assignments where id=?
2025-10-26T12:22:32.019+09:00 DEBUG 19468 --- [Shift Scheduler Demo] [           main] org.hibernate.SQL                        : delete from shift_assignments where id=?
Hibernate: delete from shift_assignments where id=?
2025-10-26T12:22:32.019+09:00 DEBUG 19468 --- [Shift Scheduler Demo] [           main] org.hibernate.SQL                        : delete from shift_assignments where id=?
Hibernate: delete from shift_assignments where id=?
2025-10-26T12:22:32.019+09:00 DEBUG 19468 --- [Shift Scheduler Demo] [           main] org.hibernate.SQL                        : delete from shift_assignments where id=?
Hibernate: delete from shift_assignments where id=?
2025-10-26T12:22:32.019+09:00 DEBUG 19468 --- [Shift Scheduler Demo] [           main] org.hibernate.SQL                        : delete from shift_assignments where id=?
Hibernate: delete from shift_assignments where id=?
2025-10-26T12:22:32.019+09:00 DEBUG 19468 --- [Shift Scheduler Demo] [           main] org.hibernate.SQL                        : delete from shift_assignments where id=?
Hibernate: delete from shift_assignments where id=?
2025-10-26T12:22:32.019+09:00 DEBUG 19468 --- [Shift Scheduler Demo] [           main] org.hibernate.SQL                        : delete from shift_assignments where id=?
Hibernate: delete from shift_assignments where id=?
2025-10-26T12:22:32.019+09:00 DEBUG 19468 --- [Shift Scheduler Demo] [           main] org.hibernate.SQL                        : delete from shift_assignments where id=?
Hibernate: delete from shift_assignments where id=?
2025-10-26T12:22:32.019+09:00 DEBUG 19468 --- [Shift Scheduler Demo] [           main] org.hibernate.SQL                        : delete from shift_assignments where id=?
Hibernate: delete from shift_assignments where id=?
2025-10-26T12:22:32.019+09:00 DEBUG 19468 --- [Shift Scheduler Demo] [           main] org.hibernate.SQL                        : delete from shift_assignments where id=?
Hibernate: delete from shift_assignments where id=?
2025-10-26T12:22:32.020+09:00 DEBUG 19468 --- [Shift Scheduler Demo] [           main] org.hibernate.SQL                        : delete from shift_assignments where id=?
Hibernate: delete from shift_assignments where id=?
2025-10-26T12:22:32.022+09:00 DEBUG 19468 --- [Shift Scheduler Demo] [           main] org.hibernate.SQL                        : delete from shift_assignments where id=?
Hibernate: delete from shift_assignments where id=?
2025-10-26T12:22:32.022+09:00 DEBUG 19468 --- [Shift Scheduler Demo] [           main] org.hibernate.SQL                        : delete from shift_assignments where id=?
Hibernate: delete from shift_assignments where id=?
2025-10-26T12:22:32.022+09:00 DEBUG 19468 --- [Shift Scheduler Demo] [           main] org.hibernate.SQL                        : delete from shift_assignments where id=?
Hibernate: delete from shift_assignments where id=?
2025-10-26T12:22:32.022+09:00 DEBUG 19468 --- [Shift Scheduler Demo] [           main] org.hibernate.SQL                        : delete from shift_assignments where id=?
Hibernate: delete from shift_assignments where id=?
2025-10-26T12:22:32.022+09:00 DEBUG 19468 --- [Shift Scheduler Demo] [           main] org.hibernate.SQL                        : delete from shift_assignments where id=?
Hibernate: delete from shift_assignments where id=?
2025-10-26T12:22:32.022+09:00 DEBUG 19468 --- [Shift Scheduler Demo] [           main] org.hibernate.SQL                        : delete from shift_assignments where id=?
Hibernate: delete from shift_assignments where id=?
2025-10-26T12:22:32.022+09:00 DEBUG 19468 --- [Shift Scheduler Demo] [           main] org.hibernate.SQL                        : delete from shift_assignments where id=?
Hibernate: delete from shift_assignments where id=?
2025-10-26T12:22:32.024+09:00 DEBUG 19468 --- [Shift Scheduler Demo] [           main] org.hibernate.SQL                        : delete from shift_assignments where id=?
Hibernate: delete from shift_assignments where id=?
2025-10-26T12:22:32.024+09:00 DEBUG 19468 --- [Shift Scheduler Demo] [           main] org.hibernate.SQL                        : delete from shift_assignments where id=?
Hibernate: delete from shift_assignments where id=?
2025-10-26T12:22:32.025+09:00 DEBUG 19468 --- [Shift Scheduler Demo] [           main] org.hibernate.SQL                        : delete from shift_assignments where id=?
Hibernate: delete from shift_assignments where id=?
2025-10-26T12:22:32.026+09:00 DEBUG 19468 --- [Shift Scheduler Demo] [           main] org.hibernate.SQL                        : delete from shift_assignments where id=?
Hibernate: delete from shift_assignments where id=?
2025-10-26T12:22:32.027+09:00 DEBUG 19468 --- [Shift Scheduler Demo] [           main] org.hibernate.SQL                        : delete from shift_assignments where id=?
Hibernate: delete from shift_assignments where id=?
2025-10-26T12:22:32.027+09:00 DEBUG 19468 --- [Shift Scheduler Demo] [           main] org.hibernate.SQL                        : delete from shift_assignments where id=?
Hibernate: delete from shift_assignments where id=?
2025-10-26T12:22:32.027+09:00 DEBUG 19468 --- [Shift Scheduler Demo] [           main] org.hibernate.SQL                        : delete from shift_assignments where id=?
Hibernate: delete from shift_assignments where id=?
2025-10-26T12:22:32.027+09:00 DEBUG 19468 --- [Shift Scheduler Demo] [           main] org.hibernate.SQL                        : delete from shift_assignments where id=?
Hibernate: delete from shift_assignments where id=?
2025-10-26T12:22:32.028+09:00 DEBUG 19468 --- [Shift Scheduler Demo] [           main] org.hibernate.SQL                        : delete from shift_assignments where id=?
Hibernate: delete from shift_assignments where id=?
2025-10-26T12:22:32.028+09:00 DEBUG 19468 --- [Shift Scheduler Demo] [           main] org.hibernate.SQL                        : delete from shift_assignments where id=?
Hibernate: delete from shift_assignments where id=?
2025-10-26T12:22:32.028+09:00 DEBUG 19468 --- [Shift Scheduler Demo] [           main] org.hibernate.SQL                        : delete from shift_assignments where id=?
Hibernate: delete from shift_assignments where id=?
2025-10-26T12:22:32.028+09:00 DEBUG 19468 --- [Shift Scheduler Demo] [           main] org.hibernate.SQL                        : delete from shift_assignments where id=?
Hibernate: delete from shift_assignments where id=?
2025-10-26T12:22:32.028+09:00 DEBUG 19468 --- [Shift Scheduler Demo] [           main] org.hibernate.SQL                        : delete from shift_assignments where id=?
Hibernate: delete from shift_assignments where id=?
2025-10-26T12:22:32.028+09:00 DEBUG 19468 --- [Shift Scheduler Demo] [           main] org.hibernate.SQL                        : delete from shift_assignments where id=?
Hibernate: delete from shift_assignments where id=?
2025-10-26T12:22:32.028+09:00 DEBUG 19468 --- [Shift Scheduler Demo] [           main] org.hibernate.SQL                        : delete from shift_assignments where id=?
Hibernate: delete from shift_assignments where id=?
2025-10-26T12:22:32.028+09:00 DEBUG 19468 --- [Shift Scheduler Demo] [           main] org.hibernate.SQL                        : delete from shift_assignments where id=?
Hibernate: delete from shift_assignments where id=?
2025-10-26T12:22:32.028+09:00 DEBUG 19468 --- [Shift Scheduler Demo] [           main] org.hibernate.SQL                        : delete from shift_assignments where id=?
Hibernate: delete from shift_assignments where id=?
2025-10-26T12:22:32.028+09:00 DEBUG 19468 --- [Shift Scheduler Demo] [           main] org.hibernate.SQL                        : delete from shift_assignments where id=?
Hibernate: delete from shift_assignments where id=?
2025-10-26T12:22:32.028+09:00 DEBUG 19468 --- [Shift Scheduler Demo] [           main] org.hibernate.SQL                        : delete from shift_assignments where id=?
Hibernate: delete from shift_assignments where id=?
2025-10-26T12:22:32.028+09:00 DEBUG 19468 --- [Shift Scheduler Demo] [           main] org.hibernate.SQL                        : delete from shift_assignments where id=?
Hibernate: delete from shift_assignments where id=?
2025-10-26T12:22:32.028+09:00 DEBUG 19468 --- [Shift Scheduler Demo] [           main] org.hibernate.SQL                        : delete from shift_assignments where id=?
Hibernate: delete from shift_assignments where id=?
2025-10-26T12:22:32.028+09:00 DEBUG 19468 --- [Shift Scheduler Demo] [           main] org.hibernate.SQL                        : delete from shift_assignments where id=?
Hibernate: delete from shift_assignments where id=?
2025-10-26T12:22:32.028+09:00 DEBUG 19468 --- [Shift Scheduler Demo] [           main] org.hibernate.SQL                        : delete from shift_assignments where id=?
Hibernate: delete from shift_assignments where id=?
2025-10-26T12:22:32.031+09:00 DEBUG 19468 --- [Shift Scheduler Demo] [           main] org.hibernate.SQL                        : delete from shift_assignments where id=?
Hibernate: delete from shift_assignments where id=?
2025-10-26T12:22:32.031+09:00 DEBUG 19468 --- [Shift Scheduler Demo] [           main] org.hibernate.SQL                        : delete from shift_assignments where id=?
Hibernate: delete from shift_assignments where id=?
2025-10-26T12:22:32.031+09:00 DEBUG 19468 --- [Shift Scheduler Demo] [           main] org.hibernate.SQL                        : delete from shift_assignments where id=?
Hibernate: delete from shift_assignments where id=?
2025-10-26T12:22:32.031+09:00 DEBUG 19468 --- [Shift Scheduler Demo] [           main] org.hibernate.SQL                        : delete from shift_assignments where id=?
Hibernate: delete from shift_assignments where id=?
2025-10-26T12:22:32.031+09:00 DEBUG 19468 --- [Shift Scheduler Demo] [           main] org.hibernate.SQL                        : delete from shift_assignments where id=?
Hibernate: delete from shift_assignments where id=?
2025-10-26T12:22:32.031+09:00 DEBUG 19468 --- [Shift Scheduler Demo] [           main] org.hibernate.SQL                        : delete from shift_assignments where id=?
Hibernate: delete from shift_assignments where id=?
2025-10-26T12:22:32.031+09:00 DEBUG 19468 --- [Shift Scheduler Demo] [           main] org.hibernate.SQL                        : delete from shift_assignments where id=?
Hibernate: delete from shift_assignments where id=?
2025-10-26T12:22:32.031+09:00 DEBUG 19468 --- [Shift Scheduler Demo] [           main] org.hibernate.SQL                        : delete from shift_assignments where id=?
Hibernate: delete from shift_assignments where id=?
2025-10-26T12:22:32.031+09:00 DEBUG 19468 --- [Shift Scheduler Demo] [           main] org.hibernate.SQL                        : delete from shift_assignments where id=?
Hibernate: delete from shift_assignments where id=?
2025-10-26T12:22:32.031+09:00 DEBUG 19468 --- [Shift Scheduler Demo] [           main] org.hibernate.SQL                        : delete from shift_assignments where id=?
Hibernate: delete from shift_assignments where id=?
2025-10-26T12:22:32.031+09:00 DEBUG 19468 --- [Shift Scheduler Demo] [           main] org.hibernate.SQL                        : delete from shift_assignments where id=?
Hibernate: delete from shift_assignments where id=?
2025-10-26T12:22:32.031+09:00 DEBUG 19468 --- [Shift Scheduler Demo] [           main] org.hibernate.SQL                        : delete from shift_assignments where id=?
Hibernate: delete from shift_assignments where id=?
2025-10-26T12:22:32.031+09:00 DEBUG 19468 --- [Shift Scheduler Demo] [           main] org.hibernate.SQL                        : delete from shift_assignments where id=?
Hibernate: delete from shift_assignments where id=?
2025-10-26T12:22:32.036+09:00 DEBUG 19468 --- [Shift Scheduler Demo] [           main] org.hibernate.SQL                        : delete from shift_assignments where id=?
Hibernate: delete from shift_assignments where id=?
2025-10-26T12:22:32.037+09:00 DEBUG 19468 --- [Shift Scheduler Demo] [           main] org.hibernate.SQL                        : delete from shift_assignments where id=?
Hibernate: delete from shift_assignments where id=?
2025-10-26T12:22:32.039+09:00 DEBUG 19468 --- [Shift Scheduler Demo] [           main] org.hibernate.SQL                        : delete from shift_assignments where id=?
Hibernate: delete from shift_assignments where id=?
2025-10-26T12:22:32.039+09:00 DEBUG 19468 --- [Shift Scheduler Demo] [           main] org.hibernate.SQL                        : delete from shift_assignments where id=?
Hibernate: delete from shift_assignments where id=?
2025-10-26T12:22:32.039+09:00 DEBUG 19468 --- [Shift Scheduler Demo] [           main] org.hibernate.SQL                        : delete from shift_assignments where id=?
Hibernate: delete from shift_assignments where id=?
2025-10-26T12:22:32.039+09:00 DEBUG 19468 --- [Shift Scheduler Demo] [           main] org.hibernate.SQL                        : delete from shift_assignments where id=?
Hibernate: delete from shift_assignments where id=?
2025-10-26T12:22:32.039+09:00 DEBUG 19468 --- [Shift Scheduler Demo] [           main] org.hibernate.SQL                        : delete from shift_assignments where id=?
Hibernate: delete from shift_assignments where id=?
2025-10-26T12:22:32.039+09:00 DEBUG 19468 --- [Shift Scheduler Demo] [           main] org.hibernate.SQL                        : delete from shift_assignments where id=?
Hibernate: delete from shift_assignments where id=?
2025-10-26T12:22:32.039+09:00 DEBUG 19468 --- [Shift Scheduler Demo] [           main] org.hibernate.SQL                        : delete from shift_assignments where id=?
Hibernate: delete from shift_assignments where id=?
2025-10-26T12:22:32.039+09:00 DEBUG 19468 --- [Shift Scheduler Demo] [           main] org.hibernate.SQL                        : delete from shift_assignments where id=?
Hibernate: delete from shift_assignments where id=?
2025-10-26T12:22:32.039+09:00 DEBUG 19468 --- [Shift Scheduler Demo] [           main] org.hibernate.SQL                        : delete from shift_assignments where id=?
Hibernate: delete from shift_assignments where id=?
2025-10-26T12:22:32.039+09:00 DEBUG 19468 --- [Shift Scheduler Demo] [           main] org.hibernate.SQL                        : delete from shift_assignments where id=?
Hibernate: delete from shift_assignments where id=?
2025-10-26T12:22:32.039+09:00 DEBUG 19468 --- [Shift Scheduler Demo] [           main] org.hibernate.SQL                        : delete from shift_assignments where id=?
Hibernate: delete from shift_assignments where id=?
2025-10-26T12:22:32.041+09:00 DEBUG 19468 --- [Shift Scheduler Demo] [           main] org.hibernate.SQL                        : delete from shift_assignments where id=?
Hibernate: delete from shift_assignments where id=?
2025-10-26T12:22:32.041+09:00 DEBUG 19468 --- [Shift Scheduler Demo] [           main] org.hibernate.SQL                        : delete from shift_assignments where id=?
Hibernate: delete from shift_assignments where id=?
2025-10-26T12:22:32.042+09:00 DEBUG 19468 --- [Shift Scheduler Demo] [           main] org.hibernate.SQL                        : delete from shift_assignments where id=?
Hibernate: delete from shift_assignments where id=?
2025-10-26T12:22:32.042+09:00 DEBUG 19468 --- [Shift Scheduler Demo] [           main] org.hibernate.SQL                        : delete from shift_assignments where id=?
Hibernate: delete from shift_assignments where id=?
2025-10-26T12:22:32.043+09:00 DEBUG 19468 --- [Shift Scheduler Demo] [           main] org.hibernate.SQL                        : delete from shift_assignments where id=?
Hibernate: delete from shift_assignments where id=?
2025-10-26T12:22:32.043+09:00 DEBUG 19468 --- [Shift Scheduler Demo] [           main] org.hibernate.SQL                        : delete from shift_assignments where id=?
Hibernate: delete from shift_assignments where id=?
2025-10-26T12:22:32.043+09:00 DEBUG 19468 --- [Shift Scheduler Demo] [           main] org.hibernate.SQL                        : delete from shift_assignments where id=?
Hibernate: delete from shift_assignments where id=?
2025-10-26T12:22:32.043+09:00 DEBUG 19468 --- [Shift Scheduler Demo] [           main] org.hibernate.SQL                        : delete from shift_assignments where id=?
Hibernate: delete from shift_assignments where id=?
2025-10-26T12:22:32.044+09:00 DEBUG 19468 --- [Shift Scheduler Demo] [           main] org.hibernate.SQL                        : delete from shift_assignments where id=?
Hibernate: delete from shift_assignments where id=?
2025-10-26T12:22:32.044+09:00 DEBUG 19468 --- [Shift Scheduler Demo] [           main] org.hibernate.SQL                        : delete from shift_assignments where id=?
Hibernate: delete from shift_assignments where id=?
2025-10-26T12:22:32.044+09:00 DEBUG 19468 --- [Shift Scheduler Demo] [           main] org.hibernate.SQL                        : delete from shift_assignments where id=?
Hibernate: delete from shift_assignments where id=?
2025-10-26T12:22:32.044+09:00 DEBUG 19468 --- [Shift Scheduler Demo] [           main] org.hibernate.SQL                        : delete from shift_assignments where id=?
Hibernate: delete from shift_assignments where id=?
2025-10-26T12:22:32.044+09:00 DEBUG 19468 --- [Shift Scheduler Demo] [           main] org.hibernate.SQL                        : delete from shift_assignments where id=?
Hibernate: delete from shift_assignments where id=?
2025-10-26T12:22:32.044+09:00 DEBUG 19468 --- [Shift Scheduler Demo] [           main] org.hibernate.SQL                        : delete from shift_assignments where id=?
Hibernate: delete from shift_assignments where id=?
2025-10-26T12:22:32.044+09:00 DEBUG 19468 --- [Shift Scheduler Demo] [           main] org.hibernate.SQL                        : delete from shift_assignments where id=?
Hibernate: delete from shift_assignments where id=?
2025-10-26T12:22:32.044+09:00 DEBUG 19468 --- [Shift Scheduler Demo] [           main] org.hibernate.SQL                        : delete from shift_assignments where id=?
Hibernate: delete from shift_assignments where id=?
2025-10-26T12:22:32.044+09:00 DEBUG 19468 --- [Shift Scheduler Demo] [           main] org.hibernate.SQL                        : delete from shift_assignments where id=?
Hibernate: delete from shift_assignments where id=?
2025-10-26T12:22:32.045+09:00 DEBUG 19468 --- [Shift Scheduler Demo] [           main] org.hibernate.SQL                        : delete from shift_assignments where id=?
Hibernate: delete from shift_assignments where id=?
2025-10-26T12:22:32.045+09:00 DEBUG 19468 --- [Shift Scheduler Demo] [           main] org.hibernate.SQL                        : delete from shift_assignments where id=?
Hibernate: delete from shift_assignments where id=?
2025-10-26T12:22:32.045+09:00 DEBUG 19468 --- [Shift Scheduler Demo] [           main] org.hibernate.SQL                        : delete from shift_assignments where id=?
Hibernate: delete from shift_assignments where id=?
2025-10-26T12:22:32.046+09:00 DEBUG 19468 --- [Shift Scheduler Demo] [           main] org.hibernate.SQL                        : delete from shift_assignments where id=?
Hibernate: delete from shift_assignments where id=?
2025-10-26T12:22:32.046+09:00 DEBUG 19468 --- [Shift Scheduler Demo] [           main] org.hibernate.SQL                        : delete from shift_assignments where id=?
Hibernate: delete from shift_assignments where id=?
2025-10-26T12:22:32.046+09:00 DEBUG 19468 --- [Shift Scheduler Demo] [           main] org.hibernate.SQL                        : delete from shift_assignments where id=?
Hibernate: delete from shift_assignments where id=?
2025-10-26T12:22:32.046+09:00 DEBUG 19468 --- [Shift Scheduler Demo] [           main] org.hibernate.SQL                        : delete from shift_assignments where id=?
Hibernate: delete from shift_assignments where id=?
2025-10-26T12:22:32.046+09:00 DEBUG 19468 --- [Shift Scheduler Demo] [           main] org.hibernate.SQL                        : delete from shift_assignments where id=?
Hibernate: delete from shift_assignments where id=?
2025-10-26T12:22:32.046+09:00 DEBUG 19468 --- [Shift Scheduler Demo] [           main] org.hibernate.SQL                        : delete from shift_assignments where id=?
Hibernate: delete from shift_assignments where id=?
2025-10-26T12:22:32.046+09:00 DEBUG 19468 --- [Shift Scheduler Demo] [           main] org.hibernate.SQL                        : delete from shift_assignments where id=?
Hibernate: delete from shift_assignments where id=?
2025-10-26T12:22:32.046+09:00 DEBUG 19468 --- [Shift Scheduler Demo] [           main] org.hibernate.SQL                        : delete from shift_assignments where id=?
Hibernate: delete from shift_assignments where id=?
2025-10-26T12:22:32.046+09:00 DEBUG 19468 --- [Shift Scheduler Demo] [           main] org.hibernate.SQL                        : delete from shift_assignments where id=?
Hibernate: delete from shift_assignments where id=?
2025-10-26T12:22:32.046+09:00 DEBUG 19468 --- [Shift Scheduler Demo] [           main] org.hibernate.SQL                        : delete from shift_assignments where id=?
Hibernate: delete from shift_assignments where id=?
2025-10-26T12:22:32.049+09:00 DEBUG 19468 --- [Shift Scheduler Demo] [           main] org.hibernate.SQL                        : delete from shift_assignments where id=?
Hibernate: delete from shift_assignments where id=?
2025-10-26T12:22:32.049+09:00 DEBUG 19468 --- [Shift Scheduler Demo] [           main] org.hibernate.SQL                        : delete from shift_assignments where id=?
Hibernate: delete from shift_assignments where id=?
2025-10-26T12:22:32.049+09:00 DEBUG 19468 --- [Shift Scheduler Demo] [           main] org.hibernate.SQL                        : delete from shift_assignments where id=?
Hibernate: delete from shift_assignments where id=?
2025-10-26T12:22:32.049+09:00 DEBUG 19468 --- [Shift Scheduler Demo] [           main] org.hibernate.SQL                        : delete from shift_assignments where id=?
Hibernate: delete from shift_assignments where id=?
2025-10-26T12:22:32.050+09:00 DEBUG 19468 --- [Shift Scheduler Demo] [           main] org.hibernate.SQL                        : delete from shift_assignments where id=?
Hibernate: delete from shift_assignments where id=?
2025-10-26T12:22:32.050+09:00 DEBUG 19468 --- [Shift Scheduler Demo] [           main] org.hibernate.SQL                        : delete from shift_assignments where id=?
Hibernate: delete from shift_assignments where id=?
2025-10-26T12:22:32.050+09:00 DEBUG 19468 --- [Shift Scheduler Demo] [           main] org.hibernate.SQL                        : delete from shift_assignments where id=?
Hibernate: delete from shift_assignments where id=?
2025-10-26T12:22:32.050+09:00 DEBUG 19468 --- [Shift Scheduler Demo] [           main] org.hibernate.SQL                        : delete from shift_assignments where id=?
Hibernate: delete from shift_assignments where id=?
2025-10-26T12:22:32.050+09:00 DEBUG 19468 --- [Shift Scheduler Demo] [           main] org.hibernate.SQL                        : delete from shift_assignments where id=?
Hibernate: delete from shift_assignments where id=?
2025-10-26T12:22:32.050+09:00 DEBUG 19468 --- [Shift Scheduler Demo] [           main] org.hibernate.SQL                        : delete from shift_assignments where id=?
Hibernate: delete from shift_assignments where id=?
2025-10-26T12:22:32.050+09:00 DEBUG 19468 --- [Shift Scheduler Demo] [           main] org.hibernate.SQL                        : delete from shift_assignments where id=?
Hibernate: delete from shift_assignments where id=?
2025-10-26T12:22:32.050+09:00 DEBUG 19468 --- [Shift Scheduler Demo] [           main] org.hibernate.SQL                        : delete from shift_assignments where id=?
Hibernate: delete from shift_assignments where id=?
2025-10-26T12:22:32.050+09:00 DEBUG 19468 --- [Shift Scheduler Demo] [           main] org.hibernate.SQL                        : delete from shift_assignments where id=?
Hibernate: delete from shift_assignments where id=?
2025-10-26T12:22:32.050+09:00 DEBUG 19468 --- [Shift Scheduler Demo] [           main] org.hibernate.SQL                        : delete from shift_assignments where id=?
Hibernate: delete from shift_assignments where id=?
2025-10-26T12:22:32.050+09:00 DEBUG 19468 --- [Shift Scheduler Demo] [           main] org.hibernate.SQL                        : delete from shift_assignments where id=?
Hibernate: delete from shift_assignments where id=?
2025-10-26T12:22:32.050+09:00 DEBUG 19468 --- [Shift Scheduler Demo] [           main] org.hibernate.SQL                        : delete from shift_assignments where id=?
Hibernate: delete from shift_assignments where id=?
2025-10-26T12:22:32.050+09:00 DEBUG 19468 --- [Shift Scheduler Demo] [           main] org.hibernate.SQL                        : delete from shift_assignments where id=?
Hibernate: delete from shift_assignments where id=?
2025-10-26T12:22:32.050+09:00 DEBUG 19468 --- [Shift Scheduler Demo] [           main] org.hibernate.SQL                        : delete from shift_assignments where id=?
Hibernate: delete from shift_assignments where id=?
2025-10-26T12:22:32.050+09:00 DEBUG 19468 --- [Shift Scheduler Demo] [           main] org.hibernate.SQL                        : delete from shift_assignments where id=?
Hibernate: delete from shift_assignments where id=?
2025-10-26T12:22:32.050+09:00 DEBUG 19468 --- [Shift Scheduler Demo] [           main] org.hibernate.SQL                        : delete from shift_assignments where id=?
Hibernate: delete from shift_assignments where id=?
2025-10-26T12:22:32.050+09:00 DEBUG 19468 --- [Shift Scheduler Demo] [           main] org.hibernate.SQL                        : delete from shift_assignments where id=?
Hibernate: delete from shift_assignments where id=?
2025-10-26T12:22:32.050+09:00 DEBUG 19468 --- [Shift Scheduler Demo] [           main] org.hibernate.SQL                        : delete from shift_assignments where id=?
Hibernate: delete from shift_assignments where id=?
2025-10-26T12:22:32.050+09:00 DEBUG 19468 --- [Shift Scheduler Demo] [           main] org.hibernate.SQL                        : delete from shift_assignments where id=?
Hibernate: delete from shift_assignments where id=?
2025-10-26T12:22:32.050+09:00 DEBUG 19468 --- [Shift Scheduler Demo] [           main] org.hibernate.SQL                        : delete from shift_assignments where id=?
Hibernate: delete from shift_assignments where id=?
2025-10-26T12:22:32.051+09:00 DEBUG 19468 --- [Shift Scheduler Demo] [           main] org.hibernate.SQL                        : delete from shift_assignments where id=?
Hibernate: delete from shift_assignments where id=?
2025-10-26T12:22:32.051+09:00 DEBUG 19468 --- [Shift Scheduler Demo] [           main] org.hibernate.SQL                        : delete from shift_assignments where id=?
Hibernate: delete from shift_assignments where id=?
2025-10-26T12:22:32.051+09:00 DEBUG 19468 --- [Shift Scheduler Demo] [           main] org.hibernate.SQL                        : delete from shift_assignments where id=?
Hibernate: delete from shift_assignments where id=?
2025-10-26T12:22:32.051+09:00 DEBUG 19468 --- [Shift Scheduler Demo] [           main] org.hibernate.SQL                        : delete from shift_assignments where id=?
Hibernate: delete from shift_assignments where id=?
2025-10-26T12:22:32.051+09:00 DEBUG 19468 --- [Shift Scheduler Demo] [           main] org.hibernate.SQL                        : delete from shift_assignments where id=?
Hibernate: delete from shift_assignments where id=?
2025-10-26T12:22:32.051+09:00 DEBUG 19468 --- [Shift Scheduler Demo] [           main] org.hibernate.SQL                        : delete from shift_assignments where id=?
Hibernate: delete from shift_assignments where id=?
2025-10-26T12:22:32.051+09:00 DEBUG 19468 --- [Shift Scheduler Demo] [           main] org.hibernate.SQL                        : delete from shift_assignments where id=?
Hibernate: delete from shift_assignments where id=?
2025-10-26T12:22:32.051+09:00 DEBUG 19468 --- [Shift Scheduler Demo] [           main] org.hibernate.SQL                        : delete from shift_assignments where id=?
Hibernate: delete from shift_assignments where id=?
2025-10-26T12:22:32.051+09:00 DEBUG 19468 --- [Shift Scheduler Demo] [           main] org.hibernate.SQL                        : delete from shift_assignments where id=?
Hibernate: delete from shift_assignments where id=?
2025-10-26T12:22:32.051+09:00 DEBUG 19468 --- [Shift Scheduler Demo] [           main] org.hibernate.SQL                        : delete from shift_assignments where id=?
Hibernate: delete from shift_assignments where id=?
2025-10-26T12:22:32.051+09:00 DEBUG 19468 --- [Shift Scheduler Demo] [           main] org.hibernate.SQL                        : delete from shift_assignments where id=?
Hibernate: delete from shift_assignments where id=?
2025-10-26T12:22:32.051+09:00 DEBUG 19468 --- [Shift Scheduler Demo] [           main] org.hibernate.SQL                        : delete from shift_assignments where id=?
Hibernate: delete from shift_assignments where id=?
2025-10-26T12:22:32.051+09:00 DEBUG 19468 --- [Shift Scheduler Demo] [           main] org.hibernate.SQL                        : delete from shift_assignments where id=?
Hibernate: delete from shift_assignments where id=?
2025-10-26T12:22:32.051+09:00 DEBUG 19468 --- [Shift Scheduler Demo] [           main] org.hibernate.SQL                        : delete from shift_assignments where id=?
Hibernate: delete from shift_assignments where id=?
2025-10-26T12:22:32.051+09:00 DEBUG 19468 --- [Shift Scheduler Demo] [           main] org.hibernate.SQL                        : delete from shift_assignments where id=?
Hibernate: delete from shift_assignments where id=?
2025-10-26T12:22:32.051+09:00 DEBUG 19468 --- [Shift Scheduler Demo] [           main] org.hibernate.SQL                        : delete from shift_assignments where id=?
Hibernate: delete from shift_assignments where id=?
2025-10-26T12:22:32.051+09:00 DEBUG 19468 --- [Shift Scheduler Demo] [           main] org.hibernate.SQL                        : delete from shift_assignments where id=?
Hibernate: delete from shift_assignments where id=?
2025-10-26T12:22:32.051+09:00 DEBUG 19468 --- [Shift Scheduler Demo] [           main] org.hibernate.SQL                        : delete from shift_assignments where id=?
Hibernate: delete from shift_assignments where id=?
2025-10-26T12:22:32.051+09:00 DEBUG 19468 --- [Shift Scheduler Demo] [           main] org.hibernate.SQL                        : delete from shift_assignments where id=?
Hibernate: delete from shift_assignments where id=?
2025-10-26T12:22:32.051+09:00 DEBUG 19468 --- [Shift Scheduler Demo] [           main] org.hibernate.SQL                        : delete from shift_assignments where id=?
Hibernate: delete from shift_assignments where id=?
2025-10-26T12:22:32.051+09:00 DEBUG 19468 --- [Shift Scheduler Demo] [           main] org.hibernate.SQL                        : delete from shift_assignments where id=?
Hibernate: delete from shift_assignments where id=?
2025-10-26T12:22:32.051+09:00 DEBUG 19468 --- [Shift Scheduler Demo] [           main] org.hibernate.SQL                        : delete from shift_assignments where id=?
Hibernate: delete from shift_assignments where id=?
2025-10-26T12:22:32.051+09:00 DEBUG 19468 --- [Shift Scheduler Demo] [           main] org.hibernate.SQL                        : delete from shift_assignments where id=?
Hibernate: delete from shift_assignments where id=?
2025-10-26T12:22:32.051+09:00 DEBUG 19468 --- [Shift Scheduler Demo] [           main] org.hibernate.SQL                        : delete from shift_assignments where id=?
Hibernate: delete from shift_assignments where id=?
2025-10-26T12:22:32.051+09:00 DEBUG 19468 --- [Shift Scheduler Demo] [           main] org.hibernate.SQL                        : delete from shift_assignments where id=?
Hibernate: delete from shift_assignments where id=?
2025-10-26T12:22:32.051+09:00 DEBUG 19468 --- [Shift Scheduler Demo] [           main] org.hibernate.SQL                        : delete from shift_assignments where id=?
Hibernate: delete from shift_assignments where id=?
2025-10-26T12:22:32.051+09:00 DEBUG 19468 --- [Shift Scheduler Demo] [           main] org.hibernate.SQL                        : delete from shift_assignments where id=?
Hibernate: delete from shift_assignments where id=?
2025-10-26T12:22:32.051+09:00 DEBUG 19468 --- [Shift Scheduler Demo] [           main] org.hibernate.SQL                        : delete from shift_assignments where id=?
Hibernate: delete from shift_assignments where id=?
2025-10-26T12:22:32.051+09:00 DEBUG 19468 --- [Shift Scheduler Demo] [           main] org.hibernate.SQL                        : delete from shift_assignments where id=?
Hibernate: delete from shift_assignments where id=?
2025-10-26T12:22:32.051+09:00 DEBUG 19468 --- [Shift Scheduler Demo] [           main] org.hibernate.SQL                        : delete from shift_assignments where id=?
Hibernate: delete from shift_assignments where id=?
2025-10-26T12:22:32.052+09:00 DEBUG 19468 --- [Shift Scheduler Demo] [           main] org.hibernate.SQL                        : delete from shift_assignments where id=?
Hibernate: delete from shift_assignments where id=?
2025-10-26T12:22:32.052+09:00 DEBUG 19468 --- [Shift Scheduler Demo] [           main] org.hibernate.SQL                        : delete from shift_assignments where id=?
Hibernate: delete from shift_assignments where id=?
2025-10-26T12:22:32.052+09:00 DEBUG 19468 --- [Shift Scheduler Demo] [           main] org.hibernate.SQL                        : delete from shift_assignments where id=?
Hibernate: delete from shift_assignments where id=?
2025-10-26T12:22:32.052+09:00 DEBUG 19468 --- [Shift Scheduler Demo] [           main] org.hibernate.SQL                        : delete from shift_assignments where id=?
Hibernate: delete from shift_assignments where id=?
2025-10-26T12:22:32.052+09:00 DEBUG 19468 --- [Shift Scheduler Demo] [           main] org.hibernate.SQL                        : delete from shift_assignments where id=?
Hibernate: delete from shift_assignments where id=?
2025-10-26T12:22:32.052+09:00 DEBUG 19468 --- [Shift Scheduler Demo] [           main] org.hibernate.SQL                        : delete from shift_assignments where id=?
Hibernate: delete from shift_assignments where id=?
2025-10-26T12:22:32.052+09:00 DEBUG 19468 --- [Shift Scheduler Demo] [           main] org.hibernate.SQL                        : delete from shift_assignments where id=?
Hibernate: delete from shift_assignments where id=?
2025-10-26T12:22:32.052+09:00 DEBUG 19468 --- [Shift Scheduler Demo] [           main] org.hibernate.SQL                        : delete from shift_assignments where id=?
Hibernate: delete from shift_assignments where id=?
2025-10-26T12:22:32.052+09:00 DEBUG 19468 --- [Shift Scheduler Demo] [           main] org.hibernate.SQL                        : delete from shift_assignments where id=?
Hibernate: delete from shift_assignments where id=?
2025-10-26T12:22:32.052+09:00 DEBUG 19468 --- [Shift Scheduler Demo] [           main] org.hibernate.SQL                        : delete from shift_assignments where id=?
Hibernate: delete from shift_assignments where id=?
2025-10-26T12:22:32.052+09:00 DEBUG 19468 --- [Shift Scheduler Demo] [           main] org.hibernate.SQL                        : delete from shift_assignments where id=?
Hibernate: delete from shift_assignments where id=?
2025-10-26T12:22:32.052+09:00 DEBUG 19468 --- [Shift Scheduler Demo] [           main] org.hibernate.SQL                        : delete from shift_assignments where id=?
Hibernate: delete from shift_assignments where id=?
2025-10-26T12:22:32.052+09:00 DEBUG 19468 --- [Shift Scheduler Demo] [           main] org.hibernate.SQL                        : delete from shift_assignments where id=?
Hibernate: delete from shift_assignments where id=?
2025-10-26T12:22:32.052+09:00 DEBUG 19468 --- [Shift Scheduler Demo] [           main] org.hibernate.SQL                        : delete from shift_assignments where id=?
Hibernate: delete from shift_assignments where id=?
2025-10-26T12:22:32.052+09:00 DEBUG 19468 --- [Shift Scheduler Demo] [           main] org.hibernate.SQL                        : delete from shift_assignments where id=?
Hibernate: delete from shift_assignments where id=?
2025-10-26T12:22:32.053+09:00 DEBUG 19468 --- [Shift Scheduler Demo] [           main] org.hibernate.SQL                        : delete from shift_assignments where id=?
Hibernate: delete from shift_assignments where id=?
2025-10-26T12:22:32.053+09:00 DEBUG 19468 --- [Shift Scheduler Demo] [           main] org.hibernate.SQL                        : delete from shift_assignments where id=?
Hibernate: delete from shift_assignments where id=?
2025-10-26T12:22:32.053+09:00 DEBUG 19468 --- [Shift Scheduler Demo] [           main] org.hibernate.SQL                        : delete from shift_assignments where id=?
Hibernate: delete from shift_assignments where id=?
2025-10-26T12:22:32.053+09:00 DEBUG 19468 --- [Shift Scheduler Demo] [           main] org.hibernate.SQL                        : delete from shift_assignments where id=?
Hibernate: delete from shift_assignments where id=?
2025-10-26T12:22:32.053+09:00 DEBUG 19468 --- [Shift Scheduler Demo] [           main] org.hibernate.SQL                        : delete from shift_assignments where id=?
Hibernate: delete from shift_assignments where id=?
2025-10-26T12:22:32.053+09:00 DEBUG 19468 --- [Shift Scheduler Demo] [           main] org.hibernate.SQL                        : delete from shift_assignments where id=?
Hibernate: delete from shift_assignments where id=?
2025-10-26T12:22:32.054+09:00 DEBUG 19468 --- [Shift Scheduler Demo] [           main] org.hibernate.SQL                        : delete from shift_assignments where id=?
Hibernate: delete from shift_assignments where id=?
2025-10-26T12:22:32.054+09:00 DEBUG 19468 --- [Shift Scheduler Demo] [           main] org.hibernate.SQL                        : delete from shift_assignments where id=?
Hibernate: delete from shift_assignments where id=?
2025-10-26T12:22:32.054+09:00 DEBUG 19468 --- [Shift Scheduler Demo] [           main] org.hibernate.SQL                        : delete from shift_assignments where id=?
Hibernate: delete from shift_assignments where id=?
2025-10-26T12:22:32.054+09:00 DEBUG 19468 --- [Shift Scheduler Demo] [           main] org.hibernate.SQL                        : delete from shift_assignments where id=?
Hibernate: delete from shift_assignments where id=?
2025-10-26T12:22:32.054+09:00 DEBUG 19468 --- [Shift Scheduler Demo] [           main] org.hibernate.SQL                        : delete from shift_assignments where id=?
Hibernate: delete from shift_assignments where id=?
2025-10-26T12:22:32.054+09:00 DEBUG 19468 --- [Shift Scheduler Demo] [           main] org.hibernate.SQL                        : delete from shift_assignments where id=?
Hibernate: delete from shift_assignments where id=?
2025-10-26T12:22:32.054+09:00 DEBUG 19468 --- [Shift Scheduler Demo] [           main] org.hibernate.SQL                        : delete from shift_assignments where id=?
Hibernate: delete from shift_assignments where id=?
2025-10-26T12:22:32.054+09:00 DEBUG 19468 --- [Shift Scheduler Demo] [           main] org.hibernate.SQL                        : delete from shift_assignments where id=?
Hibernate: delete from shift_assignments where id=?
2025-10-26T12:22:32.054+09:00 DEBUG 19468 --- [Shift Scheduler Demo] [           main] org.hibernate.SQL                        : delete from shift_assignments where id=?
Hibernate: delete from shift_assignments where id=?
2025-10-26T12:22:32.056+09:00 DEBUG 19468 --- [Shift Scheduler Demo] [           main] org.hibernate.SQL                        : delete from shift_assignments where id=?
Hibernate: delete from shift_assignments where id=?
2025-10-26T12:22:32.056+09:00 DEBUG 19468 --- [Shift Scheduler Demo] [           main] org.hibernate.SQL                        : delete from shift_assignments where id=?
Hibernate: delete from shift_assignments where id=?
2025-10-26T12:22:32.056+09:00 DEBUG 19468 --- [Shift Scheduler Demo] [           main] org.hibernate.SQL                        : delete from shift_assignments where id=?
Hibernate: delete from shift_assignments where id=?
2025-10-26T12:22:32.056+09:00 DEBUG 19468 --- [Shift Scheduler Demo] [           main] org.hibernate.SQL                        : delete from shift_assignments where id=?
Hibernate: delete from shift_assignments where id=?
2025-10-26T12:22:32.056+09:00 DEBUG 19468 --- [Shift Scheduler Demo] [           main] org.hibernate.SQL                        : delete from shift_assignments where id=?
Hibernate: delete from shift_assignments where id=?
2025-10-26T12:22:32.056+09:00 DEBUG 19468 --- [Shift Scheduler Demo] [           main] org.hibernate.SQL                        : delete from shift_assignments where id=?
Hibernate: delete from shift_assignments where id=?
2025-10-26T12:22:32.056+09:00 DEBUG 19468 --- [Shift Scheduler Demo] [           main] org.hibernate.SQL                        : delete from shift_assignments where id=?
Hibernate: delete from shift_assignments where id=?
2025-10-26T12:22:32.056+09:00 DEBUG 19468 --- [Shift Scheduler Demo] [           main] org.hibernate.SQL                        : delete from shift_assignments where id=?
Hibernate: delete from shift_assignments where id=?
2025-10-26T12:22:32.056+09:00 DEBUG 19468 --- [Shift Scheduler Demo] [           main] org.hibernate.SQL                        : delete from shift_assignments where id=?
Hibernate: delete from shift_assignments where id=?
2025-10-26T12:22:32.056+09:00 DEBUG 19468 --- [Shift Scheduler Demo] [           main] org.hibernate.SQL                        : delete from shift_assignments where id=?
Hibernate: delete from shift_assignments where id=?
2025-10-26T12:22:32.056+09:00 DEBUG 19468 --- [Shift Scheduler Demo] [           main] org.hibernate.SQL                        : delete from shift_assignments where id=?
Hibernate: delete from shift_assignments where id=?
2025-10-26T12:22:32.056+09:00 DEBUG 19468 --- [Shift Scheduler Demo] [           main] org.hibernate.SQL                        : delete from shift_assignments where id=?
Hibernate: delete from shift_assignments where id=?
2025-10-26T12:22:32.056+09:00 DEBUG 19468 --- [Shift Scheduler Demo] [           main] org.hibernate.SQL                        : delete from shift_assignments where id=?
Hibernate: delete from shift_assignments where id=?
2025-10-26T12:22:32.056+09:00 DEBUG 19468 --- [Shift Scheduler Demo] [           main] org.hibernate.SQL                        : delete from shift_assignments where id=?
Hibernate: delete from shift_assignments where id=?
2025-10-26T12:22:32.056+09:00 DEBUG 19468 --- [Shift Scheduler Demo] [           main] org.hibernate.SQL                        : delete from shift_assignments where id=?
Hibernate: delete from shift_assignments where id=?
2025-10-26T12:22:32.056+09:00 DEBUG 19468 --- [Shift Scheduler Demo] [           main] org.hibernate.SQL                        : delete from shift_assignments where id=?
Hibernate: delete from shift_assignments where id=?
2025-10-26T12:22:32.056+09:00 DEBUG 19468 --- [Shift Scheduler Demo] [           main] org.hibernate.SQL                        : delete from shift_assignments where id=?
Hibernate: delete from shift_assignments where id=?
2025-10-26T12:22:32.056+09:00 DEBUG 19468 --- [Shift Scheduler Demo] [           main] org.hibernate.SQL                        : delete from shift_assignments where id=?
Hibernate: delete from shift_assignments where id=?
2025-10-26T12:22:32.056+09:00 DEBUG 19468 --- [Shift Scheduler Demo] [           main] org.hibernate.SQL                        : delete from shift_assignments where id=?
Hibernate: delete from shift_assignments where id=?
2025-10-26T12:22:32.058+09:00 DEBUG 19468 --- [Shift Scheduler Demo] [           main] org.hibernate.SQL                        : delete from shift_assignments where id=?
Hibernate: delete from shift_assignments where id=?
2025-10-26T12:22:32.059+09:00 DEBUG 19468 --- [Shift Scheduler Demo] [           main] org.hibernate.SQL                        : delete from shift_assignments where id=?
Hibernate: delete from shift_assignments where id=?
2025-10-26T12:22:32.059+09:00 DEBUG 19468 --- [Shift Scheduler Demo] [           main] org.hibernate.SQL                        : delete from shift_assignments where id=?
Hibernate: delete from shift_assignments where id=?
2025-10-26T12:22:32.059+09:00 DEBUG 19468 --- [Shift Scheduler Demo] [           main] org.hibernate.SQL                        : delete from shift_assignments where id=?
Hibernate: delete from shift_assignments where id=?
2025-10-26T12:22:32.060+09:00 DEBUG 19468 --- [Shift Scheduler Demo] [           main] org.hibernate.SQL                        : delete from shift_assignments where id=?
Hibernate: delete from shift_assignments where id=?
2025-10-26T12:22:32.060+09:00 DEBUG 19468 --- [Shift Scheduler Demo] [           main] org.hibernate.SQL                        : delete from shift_assignments where id=?
Hibernate: delete from shift_assignments where id=?
2025-10-26T12:22:32.060+09:00 DEBUG 19468 --- [Shift Scheduler Demo] [           main] org.hibernate.SQL                        : delete from shift_assignments where id=?
Hibernate: delete from shift_assignments where id=?
2025-10-26T12:22:32.060+09:00 DEBUG 19468 --- [Shift Scheduler Demo] [           main] org.hibernate.SQL                        : delete from shift_assignments where id=?
Hibernate: delete from shift_assignments where id=?
2025-10-26T12:22:32.060+09:00 DEBUG 19468 --- [Shift Scheduler Demo] [           main] org.hibernate.SQL                        : delete from shift_assignments where id=?
Hibernate: delete from shift_assignments where id=?
2025-10-26T12:22:32.060+09:00 DEBUG 19468 --- [Shift Scheduler Demo] [           main] org.hibernate.SQL                        : delete from shift_assignments where id=?
Hibernate: delete from shift_assignments where id=?
2025-10-26T12:22:32.060+09:00 DEBUG 19468 --- [Shift Scheduler Demo] [           main] org.hibernate.SQL                        : delete from shift_assignments where id=?
Hibernate: delete from shift_assignments where id=?
2025-10-26T12:22:32.060+09:00 DEBUG 19468 --- [Shift Scheduler Demo] [           main] org.hibernate.SQL                        : delete from shift_assignments where id=?
Hibernate: delete from shift_assignments where id=?
2025-10-26T12:22:32.060+09:00 DEBUG 19468 --- [Shift Scheduler Demo] [           main] org.hibernate.SQL                        : delete from shift_assignments where id=?
Hibernate: delete from shift_assignments where id=?
2025-10-26T12:22:32.060+09:00 DEBUG 19468 --- [Shift Scheduler Demo] [           main] org.hibernate.SQL                        : delete from shift_assignments where id=?
Hibernate: delete from shift_assignments where id=?
2025-10-26T12:22:32.060+09:00 DEBUG 19468 --- [Shift Scheduler Demo] [           main] org.hibernate.SQL                        : delete from shift_assignments where id=?
Hibernate: delete from shift_assignments where id=?
2025-10-26T12:22:32.060+09:00 DEBUG 19468 --- [Shift Scheduler Demo] [           main] org.hibernate.SQL                        : delete from shift_assignments where id=?
Hibernate: delete from shift_assignments where id=?
2025-10-26T12:22:32.060+09:00 DEBUG 19468 --- [Shift Scheduler Demo] [           main] org.hibernate.SQL                        : delete from shift_assignments where id=?
Hibernate: delete from shift_assignments where id=?
2025-10-26T12:22:32.060+09:00 DEBUG 19468 --- [Shift Scheduler Demo] [           main] org.hibernate.SQL                        : delete from shift_assignments where id=?
Hibernate: delete from shift_assignments where id=?
2025-10-26T12:22:32.060+09:00 DEBUG 19468 --- [Shift Scheduler Demo] [           main] org.hibernate.SQL                        : delete from shift_assignments where id=?
Hibernate: delete from shift_assignments where id=?
2025-10-26T12:22:32.060+09:00 DEBUG 19468 --- [Shift Scheduler Demo] [           main] org.hibernate.SQL                        : delete from shift_assignments where id=?
Hibernate: delete from shift_assignments where id=?
2025-10-26T12:22:32.060+09:00 DEBUG 19468 --- [Shift Scheduler Demo] [           main] org.hibernate.SQL                        : delete from shift_assignments where id=?
Hibernate: delete from shift_assignments where id=?
2025-10-26T12:22:32.061+09:00 DEBUG 19468 --- [Shift Scheduler Demo] [           main] org.hibernate.SQL                        : delete from shift_assignments where id=?
Hibernate: delete from shift_assignments where id=?
2025-10-26T12:22:32.061+09:00 DEBUG 19468 --- [Shift Scheduler Demo] [           main] org.hibernate.SQL                        : delete from shift_assignments where id=?
Hibernate: delete from shift_assignments where id=?
2025-10-26T12:22:32.061+09:00 DEBUG 19468 --- [Shift Scheduler Demo] [           main] org.hibernate.SQL                        : delete from shift_assignments where id=?
Hibernate: delete from shift_assignments where id=?
2025-10-26T12:22:32.061+09:00 DEBUG 19468 --- [Shift Scheduler Demo] [           main] org.hibernate.SQL                        : delete from shift_assignments where id=?
Hibernate: delete from shift_assignments where id=?
2025-10-26T12:22:32.061+09:00 DEBUG 19468 --- [Shift Scheduler Demo] [           main] org.hibernate.SQL                        : delete from shift_assignments where id=?
Hibernate: delete from shift_assignments where id=?
2025-10-26T12:22:32.061+09:00 DEBUG 19468 --- [Shift Scheduler Demo] [           main] org.hibernate.SQL                        : delete from shift_assignments where id=?
Hibernate: delete from shift_assignments where id=?
2025-10-26T12:22:32.061+09:00 DEBUG 19468 --- [Shift Scheduler Demo] [           main] org.hibernate.SQL                        : delete from shift_assignments where id=?
Hibernate: delete from shift_assignments where id=?
2025-10-26T12:22:32.061+09:00 DEBUG 19468 --- [Shift Scheduler Demo] [           main] org.hibernate.SQL                        : delete from shift_assignments where id=?
Hibernate: delete from shift_assignments where id=?
2025-10-26T12:22:32.061+09:00 DEBUG 19468 --- [Shift Scheduler Demo] [           main] org.hibernate.SQL                        : delete from shift_assignments where id=?
Hibernate: delete from shift_assignments where id=?
2025-10-26T12:22:32.061+09:00 DEBUG 19468 --- [Shift Scheduler Demo] [           main] org.hibernate.SQL                        : delete from shift_assignments where id=?
Hibernate: delete from shift_assignments where id=?
2025-10-26T12:22:32.061+09:00 DEBUG 19468 --- [Shift Scheduler Demo] [           main] org.hibernate.SQL                        : delete from shift_assignments where id=?
Hibernate: delete from shift_assignments where id=?
2025-10-26T12:22:32.061+09:00 DEBUG 19468 --- [Shift Scheduler Demo] [           main] org.hibernate.SQL                        : delete from shift_assignments where id=?
Hibernate: delete from shift_assignments where id=?
2025-10-26T12:22:32.061+09:00 DEBUG 19468 --- [Shift Scheduler Demo] [           main] org.hibernate.SQL                        : delete from shift_assignments where id=?
Hibernate: delete from shift_assignments where id=?
2025-10-26T12:22:32.063+09:00 DEBUG 19468 --- [Shift Scheduler Demo] [           main] org.hibernate.SQL                        : delete from shift_assignments where id=?
Hibernate: delete from shift_assignments where id=?
2025-10-26T12:22:32.063+09:00 DEBUG 19468 --- [Shift Scheduler Demo] [           main] org.hibernate.SQL                        : delete from shift_assignments where id=?
Hibernate: delete from shift_assignments where id=?
2025-10-26T12:22:32.063+09:00 DEBUG 19468 --- [Shift Scheduler Demo] [           main] org.hibernate.SQL                        : delete from shift_assignments where id=?
Hibernate: delete from shift_assignments where id=?
2025-10-26T12:22:32.063+09:00 DEBUG 19468 --- [Shift Scheduler Demo] [           main] org.hibernate.SQL                        : delete from shift_assignments where id=?
Hibernate: delete from shift_assignments where id=?
2025-10-26T12:22:32.063+09:00 DEBUG 19468 --- [Shift Scheduler Demo] [           main] org.hibernate.SQL                        : delete from shift_assignments where id=?
Hibernate: delete from shift_assignments where id=?
2025-10-26T12:22:32.063+09:00 DEBUG 19468 --- [Shift Scheduler Demo] [           main] org.hibernate.SQL                        : delete from shift_assignments where id=?
Hibernate: delete from shift_assignments where id=?
2025-10-26T12:22:32.064+09:00 DEBUG 19468 --- [Shift Scheduler Demo] [           main] org.hibernate.SQL                        : delete from shift_assignments where id=?
Hibernate: delete from shift_assignments where id=?
2025-10-26T12:22:32.064+09:00 DEBUG 19468 --- [Shift Scheduler Demo] [           main] org.hibernate.SQL                        : delete from shift_assignments where id=?
Hibernate: delete from shift_assignments where id=?
2025-10-26T12:22:32.064+09:00 DEBUG 19468 --- [Shift Scheduler Demo] [           main] org.hibernate.SQL                        : delete from shift_assignments where id=?
Hibernate: delete from shift_assignments where id=?
2025-10-26T12:22:32.064+09:00 DEBUG 19468 --- [Shift Scheduler Demo] [           main] org.hibernate.SQL                        : delete from shift_assignments where id=?
Hibernate: delete from shift_assignments where id=?
2025-10-26T12:22:32.064+09:00 DEBUG 19468 --- [Shift Scheduler Demo] [           main] org.hibernate.SQL                        : delete from shift_assignments where id=?
Hibernate: delete from shift_assignments where id=?
2025-10-26T12:22:32.064+09:00 DEBUG 19468 --- [Shift Scheduler Demo] [           main] org.hibernate.SQL                        : delete from shift_assignments where id=?
Hibernate: delete from shift_assignments where id=?
2025-10-26T12:22:32.064+09:00 DEBUG 19468 --- [Shift Scheduler Demo] [           main] org.hibernate.SQL                        : delete from shift_assignments where id=?
Hibernate: delete from shift_assignments where id=?
2025-10-26T12:22:32.064+09:00 DEBUG 19468 --- [Shift Scheduler Demo] [           main] org.hibernate.SQL                        : delete from shift_assignments where id=?
Hibernate: delete from shift_assignments where id=?
2025-10-26T12:22:32.064+09:00 DEBUG 19468 --- [Shift Scheduler Demo] [           main] org.hibernate.SQL                        : delete from shift_assignments where id=?
Hibernate: delete from shift_assignments where id=?
2025-10-26T12:22:32.064+09:00 DEBUG 19468 --- [Shift Scheduler Demo] [           main] org.hibernate.SQL                        : delete from shift_assignments where id=?
Hibernate: delete from shift_assignments where id=?
2025-10-26T12:22:32.064+09:00 DEBUG 19468 --- [Shift Scheduler Demo] [           main] org.hibernate.SQL                        : delete from shift_assignments where id=?
Hibernate: delete from shift_assignments where id=?
2025-10-26T12:22:32.065+09:00 DEBUG 19468 --- [Shift Scheduler Demo] [           main] org.hibernate.SQL                        : delete from shift_assignments where id=?
Hibernate: delete from shift_assignments where id=?
2025-10-26T12:22:32.066+09:00 DEBUG 19468 --- [Shift Scheduler Demo] [           main] org.hibernate.SQL                        : delete from shift_assignments where id=?
Hibernate: delete from shift_assignments where id=?
2025-10-26T12:22:32.066+09:00 DEBUG 19468 --- [Shift Scheduler Demo] [           main] org.hibernate.SQL                        : delete from shift_assignments where id=?
Hibernate: delete from shift_assignments where id=?
2025-10-26T12:22:32.066+09:00 DEBUG 19468 --- [Shift Scheduler Demo] [           main] org.hibernate.SQL                        : delete from shift_assignments where id=?
Hibernate: delete from shift_assignments where id=?
2025-10-26T12:22:32.066+09:00 DEBUG 19468 --- [Shift Scheduler Demo] [           main] org.hibernate.SQL                        : delete from shift_assignments where id=?
Hibernate: delete from shift_assignments where id=?
2025-10-26T12:22:32.066+09:00 DEBUG 19468 --- [Shift Scheduler Demo] [           main] org.hibernate.SQL                        : delete from shift_assignments where id=?
Hibernate: delete from shift_assignments where id=?
2025-10-26T12:22:32.066+09:00 DEBUG 19468 --- [Shift Scheduler Demo] [           main] org.hibernate.SQL                        : delete from shift_assignments where id=?
Hibernate: delete from shift_assignments where id=?
2025-10-26T12:22:32.066+09:00 DEBUG 19468 --- [Shift Scheduler Demo] [           main] org.hibernate.SQL                        : delete from shift_assignments where id=?
Hibernate: delete from shift_assignments where id=?
2025-10-26T12:22:32.066+09:00 DEBUG 19468 --- [Shift Scheduler Demo] [           main] org.hibernate.SQL                        : delete from shift_assignments where id=?
Hibernate: delete from shift_assignments where id=?
2025-10-26T12:22:32.066+09:00 DEBUG 19468 --- [Shift Scheduler Demo] [           main] org.hibernate.SQL                        : delete from shift_assignments where id=?
Hibernate: delete from shift_assignments where id=?
2025-10-26T12:22:32.066+09:00 DEBUG 19468 --- [Shift Scheduler Demo] [           main] org.hibernate.SQL                        : delete from shift_assignments where id=?
Hibernate: delete from shift_assignments where id=?
2025-10-26T12:22:32.066+09:00 DEBUG 19468 --- [Shift Scheduler Demo] [           main] org.hibernate.SQL                        : delete from shift_assignments where id=?
Hibernate: delete from shift_assignments where id=?
2025-10-26T12:22:32.066+09:00 DEBUG 19468 --- [Shift Scheduler Demo] [           main] org.hibernate.SQL                        : delete from shift_assignments where id=?
Hibernate: delete from shift_assignments where id=?
2025-10-26T12:22:32.066+09:00 DEBUG 19468 --- [Shift Scheduler Demo] [           main] org.hibernate.SQL                        : delete from shift_assignments where id=?
Hibernate: delete from shift_assignments where id=?
2025-10-26T12:22:32.066+09:00 DEBUG 19468 --- [Shift Scheduler Demo] [           main] org.hibernate.SQL                        : delete from shift_assignments where id=?
Hibernate: delete from shift_assignments where id=?
2025-10-26T12:22:32.066+09:00 DEBUG 19468 --- [Shift Scheduler Demo] [           main] org.hibernate.SQL                        : delete from shift_assignments where id=?
Hibernate: delete from shift_assignments where id=?
2025-10-26T12:22:32.066+09:00 DEBUG 19468 --- [Shift Scheduler Demo] [           main] org.hibernate.SQL                        : delete from shift_assignments where id=?
Hibernate: delete from shift_assignments where id=?
2025-10-26T12:22:32.067+09:00 DEBUG 19468 --- [Shift Scheduler Demo] [           main] org.hibernate.SQL                        : delete from shift_assignments where id=?
Hibernate: delete from shift_assignments where id=?
2025-10-26T12:22:32.067+09:00 DEBUG 19468 --- [Shift Scheduler Demo] [           main] org.hibernate.SQL                        : delete from shift_assignments where id=?
Hibernate: delete from shift_assignments where id=?
2025-10-26T12:22:32.067+09:00 DEBUG 19468 --- [Shift Scheduler Demo] [           main] org.hibernate.SQL                        : delete from shift_assignments where id=?
Hibernate: delete from shift_assignments where id=?
2025-10-26T12:22:32.067+09:00 DEBUG 19468 --- [Shift Scheduler Demo] [           main] org.hibernate.SQL                        : delete from shift_assignments where id=?
Hibernate: delete from shift_assignments where id=?
2025-10-26T12:22:32.067+09:00 DEBUG 19468 --- [Shift Scheduler Demo] [           main] org.hibernate.SQL                        : delete from shift_assignments where id=?
Hibernate: delete from shift_assignments where id=?
2025-10-26T12:22:32.067+09:00 DEBUG 19468 --- [Shift Scheduler Demo] [           main] org.hibernate.SQL                        : delete from shift_assignments where id=?
Hibernate: delete from shift_assignments where id=?
2025-10-26T12:22:32.067+09:00 DEBUG 19468 --- [Shift Scheduler Demo] [           main] org.hibernate.SQL                        : delete from shift_assignments where id=?
Hibernate: delete from shift_assignments where id=?
2025-10-26T12:22:32.067+09:00 DEBUG 19468 --- [Shift Scheduler Demo] [           main] org.hibernate.SQL                        : delete from shift_assignments where id=?
Hibernate: delete from shift_assignments where id=?
2025-10-26T12:22:32.067+09:00 DEBUG 19468 --- [Shift Scheduler Demo] [           main] org.hibernate.SQL                        : delete from shift_assignments where id=?
Hibernate: delete from shift_assignments where id=?
2025-10-26T12:22:32.067+09:00 DEBUG 19468 --- [Shift Scheduler Demo] [           main] org.hibernate.SQL                        : delete from shift_assignments where id=?
Hibernate: delete from shift_assignments where id=?
2025-10-26T12:22:32.067+09:00 DEBUG 19468 --- [Shift Scheduler Demo] [           main] org.hibernate.SQL                        : delete from shift_assignments where id=?
Hibernate: delete from shift_assignments where id=?
2025-10-26T12:22:32.067+09:00 DEBUG 19468 --- [Shift Scheduler Demo] [           main] org.hibernate.SQL                        : delete from shift_assignments where id=?
Hibernate: delete from shift_assignments where id=?
2025-10-26T12:22:32.067+09:00 DEBUG 19468 --- [Shift Scheduler Demo] [           main] org.hibernate.SQL                        : delete from shift_assignments where id=?
Hibernate: delete from shift_assignments where id=?
2025-10-26T12:22:32.067+09:00 DEBUG 19468 --- [Shift Scheduler Demo] [           main] org.hibernate.SQL                        : delete from shift_assignments where id=?
Hibernate: delete from shift_assignments where id=?
2025-10-26T12:22:32.067+09:00 DEBUG 19468 --- [Shift Scheduler Demo] [           main] org.hibernate.SQL                        : delete from shift_assignments where id=?
Hibernate: delete from shift_assignments where id=?
2025-10-26T12:22:32.068+09:00 DEBUG 19468 --- [Shift Scheduler Demo] [           main] org.hibernate.SQL                        : delete from shift_assignments where id=?
Hibernate: delete from shift_assignments where id=?
2025-10-26T12:22:32.068+09:00 DEBUG 19468 --- [Shift Scheduler Demo] [           main] org.hibernate.SQL                        : delete from shift_assignments where id=?
Hibernate: delete from shift_assignments where id=?
2025-10-26T12:22:32.068+09:00 DEBUG 19468 --- [Shift Scheduler Demo] [           main] org.hibernate.SQL                        : delete from shift_assignments where id=?
Hibernate: delete from shift_assignments where id=?
2025-10-26T12:22:32.068+09:00 DEBUG 19468 --- [Shift Scheduler Demo] [           main] org.hibernate.SQL                        : delete from shift_assignments where id=?
Hibernate: delete from shift_assignments where id=?
2025-10-26T12:22:32.068+09:00 DEBUG 19468 --- [Shift Scheduler Demo] [           main] org.hibernate.SQL                        : delete from shift_assignments where id=?
Hibernate: delete from shift_assignments where id=?
2025-10-26T12:22:32.068+09:00 DEBUG 19468 --- [Shift Scheduler Demo] [           main] org.hibernate.SQL                        : delete from shift_assignments where id=?
Hibernate: delete from shift_assignments where id=?
2025-10-26T12:22:32.068+09:00 DEBUG 19468 --- [Shift Scheduler Demo] [           main] org.hibernate.SQL                        : delete from shift_assignments where id=?
Hibernate: delete from shift_assignments where id=?
2025-10-26T12:22:32.068+09:00 DEBUG 19468 --- [Shift Scheduler Demo] [           main] org.hibernate.SQL                        : delete from shift_assignments where id=?
Hibernate: delete from shift_assignments where id=?
2025-10-26T12:22:32.068+09:00 DEBUG 19468 --- [Shift Scheduler Demo] [           main] org.hibernate.SQL                        : delete from shift_assignments where id=?
Hibernate: delete from shift_assignments where id=?
2025-10-26T12:22:32.068+09:00 DEBUG 19468 --- [Shift Scheduler Demo] [           main] org.hibernate.SQL                        : delete from shift_assignments where id=?
Hibernate: delete from shift_assignments where id=?
2025-10-26T12:22:32.068+09:00 DEBUG 19468 --- [Shift Scheduler Demo] [           main] org.hibernate.SQL                        : delete from shift_assignments where id=?
Hibernate: delete from shift_assignments where id=?
2025-10-26T12:22:32.068+09:00 DEBUG 19468 --- [Shift Scheduler Demo] [           main] org.hibernate.SQL                        : delete from shift_assignments where id=?
Hibernate: delete from shift_assignments where id=?
2025-10-26T12:22:32.068+09:00 DEBUG 19468 --- [Shift Scheduler Demo] [           main] org.hibernate.SQL                        : delete from shift_assignments where id=?
Hibernate: delete from shift_assignments where id=?
2025-10-26T12:22:32.069+09:00 DEBUG 19468 --- [Shift Scheduler Demo] [           main] org.hibernate.SQL                        : delete from shift_assignments where id=?
Hibernate: delete from shift_assignments where id=?
2025-10-26T12:22:32.069+09:00 DEBUG 19468 --- [Shift Scheduler Demo] [           main] org.hibernate.SQL                        : delete from shift_assignments where id=?
Hibernate: delete from shift_assignments where id=?
2025-10-26T12:22:32.069+09:00 DEBUG 19468 --- [Shift Scheduler Demo] [           main] org.hibernate.SQL                        : delete from shift_assignments where id=?
Hibernate: delete from shift_assignments where id=?
2025-10-26T12:22:32.069+09:00 DEBUG 19468 --- [Shift Scheduler Demo] [           main] org.hibernate.SQL                        : delete from shift_assignments where id=?
Hibernate: delete from shift_assignments where id=?
2025-10-26T12:22:32.069+09:00 DEBUG 19468 --- [Shift Scheduler Demo] [           main] org.hibernate.SQL                        : delete from shift_assignments where id=?
Hibernate: delete from shift_assignments where id=?
2025-10-26T12:22:32.069+09:00 DEBUG 19468 --- [Shift Scheduler Demo] [           main] org.hibernate.SQL                        : delete from shift_assignments where id=?
Hibernate: delete from shift_assignments where id=?
2025-10-26T12:22:32.069+09:00 DEBUG 19468 --- [Shift Scheduler Demo] [           main] org.hibernate.SQL                        : delete from shift_assignments where id=?
Hibernate: delete from shift_assignments where id=?
2025-10-26T12:22:32.069+09:00 DEBUG 19468 --- [Shift Scheduler Demo] [           main] org.hibernate.SQL                        : delete from shift_assignments where id=?
Hibernate: delete from shift_assignments where id=?
2025-10-26T12:22:32.069+09:00 DEBUG 19468 --- [Shift Scheduler Demo] [           main] org.hibernate.SQL                        : delete from shift_assignments where id=?
Hibernate: delete from shift_assignments where id=?
2025-10-26T12:22:32.069+09:00 DEBUG 19468 --- [Shift Scheduler Demo] [           main] org.hibernate.SQL                        : delete from shift_assignments where id=?
Hibernate: delete from shift_assignments where id=?
2025-10-26T12:22:32.069+09:00 DEBUG 19468 --- [Shift Scheduler Demo] [           main] org.hibernate.SQL                        : delete from shift_assignments where id=?
Hibernate: delete from shift_assignments where id=?
2025-10-26T12:22:32.069+09:00 DEBUG 19468 --- [Shift Scheduler Demo] [           main] org.hibernate.SQL                        : delete from shift_assignments where id=?
Hibernate: delete from shift_assignments where id=?
2025-10-26T12:22:32.070+09:00 DEBUG 19468 --- [Shift Scheduler Demo] [           main] org.hibernate.SQL                        : delete from shift_assignments where id=?
Hibernate: delete from shift_assignments where id=?
2025-10-26T12:22:32.070+09:00 DEBUG 19468 --- [Shift Scheduler Demo] [           main] org.hibernate.SQL                        : delete from shift_assignments where id=?
Hibernate: delete from shift_assignments where id=?
2025-10-26T12:22:32.070+09:00 DEBUG 19468 --- [Shift Scheduler Demo] [           main] org.hibernate.SQL                        : delete from shift_assignments where id=?
Hibernate: delete from shift_assignments where id=?
2025-10-26T12:22:32.070+09:00 DEBUG 19468 --- [Shift Scheduler Demo] [           main] org.hibernate.SQL                        : delete from shift_assignments where id=?
Hibernate: delete from shift_assignments where id=?
2025-10-26T12:22:32.070+09:00 DEBUG 19468 --- [Shift Scheduler Demo] [           main] org.hibernate.SQL                        : delete from shift_assignments where id=?
Hibernate: delete from shift_assignments where id=?
2025-10-26T12:22:32.070+09:00 DEBUG 19468 --- [Shift Scheduler Demo] [           main] org.hibernate.SQL                        : delete from shift_assignments where id=?
Hibernate: delete from shift_assignments where id=?
2025-10-26T12:22:32.070+09:00 DEBUG 19468 --- [Shift Scheduler Demo] [           main] org.hibernate.SQL                        : delete from shift_assignments where id=?
Hibernate: delete from shift_assignments where id=?
2025-10-26T12:22:32.070+09:00 DEBUG 19468 --- [Shift Scheduler Demo] [           main] org.hibernate.SQL                        : delete from shift_assignments where id=?
Hibernate: delete from shift_assignments where id=?
2025-10-26T12:22:32.070+09:00 DEBUG 19468 --- [Shift Scheduler Demo] [           main] org.hibernate.SQL                        : delete from shift_assignments where id=?
Hibernate: delete from shift_assignments where id=?
2025-10-26T12:22:32.072+09:00 DEBUG 19468 --- [Shift Scheduler Demo] [           main] org.hibernate.SQL                        : delete from shift_assignments where id=?
Hibernate: delete from shift_assignments where id=?
2025-10-26T12:22:32.072+09:00 DEBUG 19468 --- [Shift Scheduler Demo] [           main] org.hibernate.SQL                        : delete from shift_assignments where id=?
Hibernate: delete from shift_assignments where id=?
2025-10-26T12:22:32.072+09:00 DEBUG 19468 --- [Shift Scheduler Demo] [           main] org.hibernate.SQL                        : delete from shift_assignments where id=?
Hibernate: delete from shift_assignments where id=?
2025-10-26T12:22:32.072+09:00 DEBUG 19468 --- [Shift Scheduler Demo] [           main] org.hibernate.SQL                        : delete from shift_assignments where id=?
Hibernate: delete from shift_assignments where id=?
2025-10-26T12:22:32.072+09:00 DEBUG 19468 --- [Shift Scheduler Demo] [           main] org.hibernate.SQL                        : delete from shift_assignments where id=?
Hibernate: delete from shift_assignments where id=?
2025-10-26T12:22:32.072+09:00 DEBUG 19468 --- [Shift Scheduler Demo] [           main] org.hibernate.SQL                        : delete from shift_assignments where id=?
Hibernate: delete from shift_assignments where id=?
2025-10-26T12:22:32.072+09:00 DEBUG 19468 --- [Shift Scheduler Demo] [           main] org.hibernate.SQL                        : delete from shift_assignments where id=?
Hibernate: delete from shift_assignments where id=?
2025-10-26T12:22:32.072+09:00 DEBUG 19468 --- [Shift Scheduler Demo] [           main] org.hibernate.SQL                        : delete from shift_assignments where id=?
Hibernate: delete from shift_assignments where id=?
2025-10-26T12:22:32.072+09:00 DEBUG 19468 --- [Shift Scheduler Demo] [           main] org.hibernate.SQL                        : delete from shift_assignments where id=?
Hibernate: delete from shift_assignments where id=?
2025-10-26T12:22:32.072+09:00 DEBUG 19468 --- [Shift Scheduler Demo] [           main] org.hibernate.SQL                        : delete from shift_assignments where id=?
Hibernate: delete from shift_assignments where id=?
2025-10-26T12:22:32.072+09:00 DEBUG 19468 --- [Shift Scheduler Demo] [           main] org.hibernate.SQL                        : delete from shift_assignments where id=?
Hibernate: delete from shift_assignments where id=?
2025-10-26T12:22:32.072+09:00 DEBUG 19468 --- [Shift Scheduler Demo] [           main] org.hibernate.SQL                        : delete from shift_assignments where id=?
Hibernate: delete from shift_assignments where id=?
2025-10-26T12:22:32.072+09:00 DEBUG 19468 --- [Shift Scheduler Demo] [           main] org.hibernate.SQL                        : delete from shift_assignments where id=?
Hibernate: delete from shift_assignments where id=?
2025-10-26T12:22:32.072+09:00 DEBUG 19468 --- [Shift Scheduler Demo] [           main] org.hibernate.SQL                        : delete from shift_assignments where id=?
Hibernate: delete from shift_assignments where id=?
2025-10-26T12:22:32.072+09:00 DEBUG 19468 --- [Shift Scheduler Demo] [           main] org.hibernate.SQL                        : delete from shift_assignments where id=?
Hibernate: delete from shift_assignments where id=?
2025-10-26T12:22:32.072+09:00 DEBUG 19468 --- [Shift Scheduler Demo] [           main] org.hibernate.SQL                        : delete from shift_assignments where id=?
Hibernate: delete from shift_assignments where id=?
2025-10-26T12:22:32.072+09:00 DEBUG 19468 --- [Shift Scheduler Demo] [           main] org.hibernate.SQL                        : delete from shift_assignments where id=?
Hibernate: delete from shift_assignments where id=?
2025-10-26T12:22:32.074+09:00 DEBUG 19468 --- [Shift Scheduler Demo] [           main] org.hibernate.SQL                        : delete from shift_assignments where id=?
Hibernate: delete from shift_assignments where id=?
2025-10-26T12:22:32.074+09:00 DEBUG 19468 --- [Shift Scheduler Demo] [           main] org.hibernate.SQL                        : delete from shift_assignments where id=?
Hibernate: delete from shift_assignments where id=?
2025-10-26T12:22:32.074+09:00 DEBUG 19468 --- [Shift Scheduler Demo] [           main] org.hibernate.SQL                        : delete from shift_assignments where id=?
Hibernate: delete from shift_assignments where id=?
2025-10-26T12:22:32.074+09:00 DEBUG 19468 --- [Shift Scheduler Demo] [           main] org.hibernate.SQL                        : delete from shift_assignments where id=?
Hibernate: delete from shift_assignments where id=?
2025-10-26T12:22:32.074+09:00 DEBUG 19468 --- [Shift Scheduler Demo] [           main] org.hibernate.SQL                        : delete from shift_assignments where id=?
Hibernate: delete from shift_assignments where id=?
2025-10-26T12:22:32.074+09:00 DEBUG 19468 --- [Shift Scheduler Demo] [           main] org.hibernate.SQL                        : delete from shift_assignments where id=?
Hibernate: delete from shift_assignments where id=?
2025-10-26T12:22:32.074+09:00 DEBUG 19468 --- [Shift Scheduler Demo] [           main] org.hibernate.SQL                        : delete from shift_assignments where id=?
Hibernate: delete from shift_assignments where id=?
2025-10-26T12:22:32.074+09:00 DEBUG 19468 --- [Shift Scheduler Demo] [           main] org.hibernate.SQL                        : delete from shift_assignments where id=?
Hibernate: delete from shift_assignments where id=?
2025-10-26T12:22:32.074+09:00 DEBUG 19468 --- [Shift Scheduler Demo] [           main] org.hibernate.SQL                        : delete from shift_assignments where id=?
Hibernate: delete from shift_assignments where id=?
2025-10-26T12:22:32.074+09:00 DEBUG 19468 --- [Shift Scheduler Demo] [           main] org.hibernate.SQL                        : delete from shift_assignments where id=?
Hibernate: delete from shift_assignments where id=?
2025-10-26T12:22:32.074+09:00 DEBUG 19468 --- [Shift Scheduler Demo] [           main] org.hibernate.SQL                        : delete from shift_assignments where id=?
Hibernate: delete from shift_assignments where id=?
2025-10-26T12:22:32.074+09:00 DEBUG 19468 --- [Shift Scheduler Demo] [           main] org.hibernate.SQL                        : delete from shift_assignments where id=?
Hibernate: delete from shift_assignments where id=?
2025-10-26T12:22:32.074+09:00 DEBUG 19468 --- [Shift Scheduler Demo] [           main] org.hibernate.SQL                        : delete from shift_assignments where id=?
Hibernate: delete from shift_assignments where id=?
2025-10-26T12:22:32.074+09:00 DEBUG 19468 --- [Shift Scheduler Demo] [           main] org.hibernate.SQL                        : delete from shift_assignments where id=?
Hibernate: delete from shift_assignments where id=?
2025-10-26T12:22:32.074+09:00 DEBUG 19468 --- [Shift Scheduler Demo] [           main] org.hibernate.SQL                        : delete from shift_assignments where id=?
Hibernate: delete from shift_assignments where id=?
2025-10-26T12:22:32.074+09:00 DEBUG 19468 --- [Shift Scheduler Demo] [           main] org.hibernate.SQL                        : delete from shift_assignments where id=?
Hibernate: delete from shift_assignments where id=?
2025-10-26T12:22:32.074+09:00 DEBUG 19468 --- [Shift Scheduler Demo] [           main] org.hibernate.SQL                        : delete from shift_assignments where id=?
Hibernate: delete from shift_assignments where id=?
2025-10-26T12:22:32.074+09:00 DEBUG 19468 --- [Shift Scheduler Demo] [           main] org.hibernate.SQL                        : delete from shift_assignments where id=?
Hibernate: delete from shift_assignments where id=?
2025-10-26T12:22:32.074+09:00 DEBUG 19468 --- [Shift Scheduler Demo] [           main] org.hibernate.SQL                        : delete from shift_assignments where id=?
Hibernate: delete from shift_assignments where id=?
2025-10-26T12:22:32.074+09:00 DEBUG 19468 --- [Shift Scheduler Demo] [           main] org.hibernate.SQL                        : delete from shift_assignments where id=?
Hibernate: delete from shift_assignments where id=?
2025-10-26T12:22:32.074+09:00 DEBUG 19468 --- [Shift Scheduler Demo] [           main] org.hibernate.SQL                        : delete from shift_assignments where id=?
Hibernate: delete from shift_assignments where id=?
2025-10-26T12:22:32.074+09:00 DEBUG 19468 --- [Shift Scheduler Demo] [           main] org.hibernate.SQL                        : delete from shift_assignments where id=?
Hibernate: delete from shift_assignments where id=?
2025-10-26T12:22:32.074+09:00 DEBUG 19468 --- [Shift Scheduler Demo] [           main] org.hibernate.SQL                        : delete from shift_assignments where id=?
Hibernate: delete from shift_assignments where id=?
2025-10-26T12:22:32.074+09:00 DEBUG 19468 --- [Shift Scheduler Demo] [           main] org.hibernate.SQL                        : delete from shift_assignments where id=?
Hibernate: delete from shift_assignments where id=?
2025-10-26T12:22:32.074+09:00 DEBUG 19468 --- [Shift Scheduler Demo] [           main] org.hibernate.SQL                        : delete from shift_assignments where id=?
Hibernate: delete from shift_assignments where id=?
2025-10-26T12:22:32.074+09:00 DEBUG 19468 --- [Shift Scheduler Demo] [           main] org.hibernate.SQL                        : delete from shift_assignments where id=?
Hibernate: delete from shift_assignments where id=?
2025-10-26T12:22:32.074+09:00 DEBUG 19468 --- [Shift Scheduler Demo] [           main] org.hibernate.SQL                        : delete from shift_assignments where id=?
Hibernate: delete from shift_assignments where id=?
2025-10-26T12:22:32.074+09:00 DEBUG 19468 --- [Shift Scheduler Demo] [           main] org.hibernate.SQL                        : delete from shift_assignments where id=?
Hibernate: delete from shift_assignments where id=?
2025-10-26T12:22:32.074+09:00 DEBUG 19468 --- [Shift Scheduler Demo] [           main] org.hibernate.SQL                        : delete from shift_assignments where id=?
Hibernate: delete from shift_assignments where id=?
2025-10-26T12:22:32.074+09:00 DEBUG 19468 --- [Shift Scheduler Demo] [           main] org.hibernate.SQL                        : delete from shift_assignments where id=?
Hibernate: delete from shift_assignments where id=?
2025-10-26T12:22:32.074+09:00 DEBUG 19468 --- [Shift Scheduler Demo] [           main] org.hibernate.SQL                        : delete from shift_assignments where id=?
Hibernate: delete from shift_assignments where id=?
2025-10-26T12:22:32.074+09:00 DEBUG 19468 --- [Shift Scheduler Demo] [           main] org.hibernate.SQL                        : delete from shift_assignments where id=?
Hibernate: delete from shift_assignments where id=?
2025-10-26T12:22:32.074+09:00 DEBUG 19468 --- [Shift Scheduler Demo] [           main] org.hibernate.SQL                        : delete from shift_assignments where id=?
Hibernate: delete from shift_assignments where id=?
2025-10-26T12:22:32.074+09:00 DEBUG 19468 --- [Shift Scheduler Demo] [           main] org.hibernate.SQL                        : delete from shift_assignments where id=?
Hibernate: delete from shift_assignments where id=?
2025-10-26T12:22:32.074+09:00 DEBUG 19468 --- [Shift Scheduler Demo] [           main] org.hibernate.SQL                        : delete from shift_assignments where id=?
Hibernate: delete from shift_assignments where id=?
2025-10-26T12:22:32.075+09:00 DEBUG 19468 --- [Shift Scheduler Demo] [           main] org.hibernate.SQL                        : delete from shift_assignments where id=?
Hibernate: delete from shift_assignments where id=?
2025-10-26T12:22:32.075+09:00 DEBUG 19468 --- [Shift Scheduler Demo] [           main] org.hibernate.SQL                        : delete from shift_assignments where id=?
Hibernate: delete from shift_assignments where id=?
2025-10-26T12:22:32.075+09:00 DEBUG 19468 --- [Shift Scheduler Demo] [           main] org.hibernate.SQL                        : delete from shift_assignments where id=?
Hibernate: delete from shift_assignments where id=?
2025-10-26T12:22:32.075+09:00 DEBUG 19468 --- [Shift Scheduler Demo] [           main] org.hibernate.SQL                        : delete from shift_assignments where id=?
Hibernate: delete from shift_assignments where id=?
2025-10-26T12:22:32.075+09:00 DEBUG 19468 --- [Shift Scheduler Demo] [           main] org.hibernate.SQL                        : delete from shift_assignments where id=?
Hibernate: delete from shift_assignments where id=?
2025-10-26T12:22:32.075+09:00 DEBUG 19468 --- [Shift Scheduler Demo] [           main] org.hibernate.SQL                        : delete from shift_assignments where id=?
Hibernate: delete from shift_assignments where id=?
2025-10-26T12:22:32.075+09:00 DEBUG 19468 --- [Shift Scheduler Demo] [           main] org.hibernate.SQL                        : delete from shift_assignments where id=?
Hibernate: delete from shift_assignments where id=?
2025-10-26T12:22:32.075+09:00 DEBUG 19468 --- [Shift Scheduler Demo] [           main] org.hibernate.SQL                        : delete from shift_assignments where id=?
Hibernate: delete from shift_assignments where id=?
2025-10-26T12:22:32.075+09:00 DEBUG 19468 --- [Shift Scheduler Demo] [           main] org.hibernate.SQL                        : delete from shift_assignments where id=?
Hibernate: delete from shift_assignments where id=?
2025-10-26T12:22:32.075+09:00 DEBUG 19468 --- [Shift Scheduler Demo] [           main] org.hibernate.SQL                        : delete from shift_assignments where id=?
Hibernate: delete from shift_assignments where id=?
2025-10-26T12:22:32.075+09:00 DEBUG 19468 --- [Shift Scheduler Demo] [           main] org.hibernate.SQL                        : delete from shift_assignments where id=?
Hibernate: delete from shift_assignments where id=?
2025-10-26T12:22:32.075+09:00 DEBUG 19468 --- [Shift Scheduler Demo] [           main] org.hibernate.SQL                        : delete from shift_assignments where id=?
Hibernate: delete from shift_assignments where id=?
2025-10-26T12:22:32.075+09:00 DEBUG 19468 --- [Shift Scheduler Demo] [           main] org.hibernate.SQL                        : delete from shift_assignments where id=?
Hibernate: delete from shift_assignments where id=?
2025-10-26T12:22:32.075+09:00 DEBUG 19468 --- [Shift Scheduler Demo] [           main] org.hibernate.SQL                        : delete from shift_assignments where id=?
Hibernate: delete from shift_assignments where id=?
2025-10-26T12:22:32.075+09:00 DEBUG 19468 --- [Shift Scheduler Demo] [           main] org.hibernate.SQL                        : delete from shift_assignments where id=?
Hibernate: delete from shift_assignments where id=?
2025-10-26T12:22:32.075+09:00 DEBUG 19468 --- [Shift Scheduler Demo] [           main] org.hibernate.SQL                        : delete from shift_assignments where id=?
Hibernate: delete from shift_assignments where id=?
2025-10-26T12:22:32.075+09:00 DEBUG 19468 --- [Shift Scheduler Demo] [           main] org.hibernate.SQL                        : delete from shift_assignments where id=?
Hibernate: delete from shift_assignments where id=?
2025-10-26T12:22:32.075+09:00 DEBUG 19468 --- [Shift Scheduler Demo] [           main] org.hibernate.SQL                        : delete from shift_assignments where id=?
Hibernate: delete from shift_assignments where id=?
2025-10-26T12:22:32.075+09:00 DEBUG 19468 --- [Shift Scheduler Demo] [           main] org.hibernate.SQL                        : delete from shift_assignments where id=?
Hibernate: delete from shift_assignments where id=?
2025-10-26T12:22:32.075+09:00 DEBUG 19468 --- [Shift Scheduler Demo] [           main] org.hibernate.SQL                        : delete from shift_assignments where id=?
Hibernate: delete from shift_assignments where id=?
2025-10-26T12:22:32.075+09:00 DEBUG 19468 --- [Shift Scheduler Demo] [           main] org.hibernate.SQL                        : delete from shift_assignments where id=?
Hibernate: delete from shift_assignments where id=?
2025-10-26T12:22:32.076+09:00 DEBUG 19468 --- [Shift Scheduler Demo] [           main] org.hibernate.SQL                        : delete from shift_assignments where id=?
Hibernate: delete from shift_assignments where id=?
2025-10-26T12:22:32.076+09:00 DEBUG 19468 --- [Shift Scheduler Demo] [           main] org.hibernate.SQL                        : delete from shift_assignments where id=?
Hibernate: delete from shift_assignments where id=?
2025-10-26T12:22:32.076+09:00 DEBUG 19468 --- [Shift Scheduler Demo] [           main] org.hibernate.SQL                        : delete from shift_assignments where id=?
Hibernate: delete from shift_assignments where id=?
2025-10-26T12:22:32.076+09:00 DEBUG 19468 --- [Shift Scheduler Demo] [           main] org.hibernate.SQL                        : delete from shift_assignments where id=?
Hibernate: delete from shift_assignments where id=?
2025-10-26T12:22:32.076+09:00 DEBUG 19468 --- [Shift Scheduler Demo] [           main] org.hibernate.SQL                        : delete from shift_assignments where id=?
Hibernate: delete from shift_assignments where id=?
2025-10-26T12:22:32.076+09:00 DEBUG 19468 --- [Shift Scheduler Demo] [           main] org.hibernate.SQL                        : delete from shift_assignments where id=?
Hibernate: delete from shift_assignments where id=?
2025-10-26T12:22:32.076+09:00 DEBUG 19468 --- [Shift Scheduler Demo] [           main] org.hibernate.SQL                        : delete from shift_assignments where id=?
Hibernate: delete from shift_assignments where id=?
2025-10-26T12:22:32.076+09:00 DEBUG 19468 --- [Shift Scheduler Demo] [           main] org.hibernate.SQL                        : delete from shift_assignments where id=?
Hibernate: delete from shift_assignments where id=?
2025-10-26T12:22:32.076+09:00 DEBUG 19468 --- [Shift Scheduler Demo] [           main] org.hibernate.SQL                        : delete from shift_assignments where id=?
Hibernate: delete from shift_assignments where id=?
2025-10-26T12:22:32.076+09:00 DEBUG 19468 --- [Shift Scheduler Demo] [           main] org.hibernate.SQL                        : delete from shift_assignments where id=?
Hibernate: delete from shift_assignments where id=?
2025-10-26T12:22:32.076+09:00 DEBUG 19468 --- [Shift Scheduler Demo] [           main] org.hibernate.SQL                        : delete from shift_assignments where id=?
Hibernate: delete from shift_assignments where id=?
2025-10-26T12:22:32.076+09:00 DEBUG 19468 --- [Shift Scheduler Demo] [           main] org.hibernate.SQL                        : delete from shift_assignments where id=?
Hibernate: delete from shift_assignments where id=?
2025-10-26T12:22:32.076+09:00 DEBUG 19468 --- [Shift Scheduler Demo] [           main] org.hibernate.SQL                        : delete from shift_assignments where id=?
Hibernate: delete from shift_assignments where id=?
2025-10-26T12:22:32.076+09:00 DEBUG 19468 --- [Shift Scheduler Demo] [           main] org.hibernate.SQL                        : delete from shift_assignments where id=?
Hibernate: delete from shift_assignments where id=?
2025-10-26T12:22:32.076+09:00 DEBUG 19468 --- [Shift Scheduler Demo] [           main] org.hibernate.SQL                        : delete from shift_assignments where id=?
Hibernate: delete from shift_assignments where id=?
2025-10-26T12:22:32.076+09:00 DEBUG 19468 --- [Shift Scheduler Demo] [           main] org.hibernate.SQL                        : delete from shift_assignments where id=?
Hibernate: delete from shift_assignments where id=?
2025-10-26T12:22:32.076+09:00 DEBUG 19468 --- [Shift Scheduler Demo] [           main] org.hibernate.SQL                        : delete from shift_assignments where id=?
Hibernate: delete from shift_assignments where id=?
2025-10-26T12:22:32.076+09:00 DEBUG 19468 --- [Shift Scheduler Demo] [           main] org.hibernate.SQL                        : delete from shift_assignments where id=?
Hibernate: delete from shift_assignments where id=?
2025-10-26T12:22:32.077+09:00 DEBUG 19468 --- [Shift Scheduler Demo] [           main] org.hibernate.SQL                        : delete from shift_assignments where id=?
Hibernate: delete from shift_assignments where id=?
2025-10-26T12:22:32.077+09:00 DEBUG 19468 --- [Shift Scheduler Demo] [           main] org.hibernate.SQL                        : delete from shift_assignments where id=?
Hibernate: delete from shift_assignments where id=?
2025-10-26T12:22:32.077+09:00 DEBUG 19468 --- [Shift Scheduler Demo] [           main] org.hibernate.SQL                        : delete from shift_assignments where id=?
Hibernate: delete from shift_assignments where id=?
2025-10-26T12:22:32.077+09:00 DEBUG 19468 --- [Shift Scheduler Demo] [           main] org.hibernate.SQL                        : delete from shift_assignments where id=?
Hibernate: delete from shift_assignments where id=?
2025-10-26T12:22:32.077+09:00 DEBUG 19468 --- [Shift Scheduler Demo] [           main] org.hibernate.SQL                        : delete from shift_assignments where id=?
Hibernate: delete from shift_assignments where id=?
2025-10-26T12:22:32.077+09:00 DEBUG 19468 --- [Shift Scheduler Demo] [           main] org.hibernate.SQL                        : delete from shift_assignments where id=?
Hibernate: delete from shift_assignments where id=?
2025-10-26T12:22:32.077+09:00 DEBUG 19468 --- [Shift Scheduler Demo] [           main] org.hibernate.SQL                        : delete from shift_assignments where id=?
Hibernate: delete from shift_assignments where id=?
2025-10-26T12:22:32.077+09:00 DEBUG 19468 --- [Shift Scheduler Demo] [           main] org.hibernate.SQL                        : delete from shift_assignments where id=?
Hibernate: delete from shift_assignments where id=?
2025-10-26T12:22:32.077+09:00 DEBUG 19468 --- [Shift Scheduler Demo] [           main] org.hibernate.SQL                        : delete from shift_assignments where id=?
Hibernate: delete from shift_assignments where id=?
2025-10-26T12:22:32.077+09:00 DEBUG 19468 --- [Shift Scheduler Demo] [           main] org.hibernate.SQL                        : delete from shift_assignments where id=?
Hibernate: delete from shift_assignments where id=?
2025-10-26T12:22:32.078+09:00 DEBUG 19468 --- [Shift Scheduler Demo] [           main] org.hibernate.SQL                        : delete from shift_assignments where id=?
Hibernate: delete from shift_assignments where id=?
2025-10-26T12:22:32.078+09:00 DEBUG 19468 --- [Shift Scheduler Demo] [           main] org.hibernate.SQL                        : delete from shift_assignments where id=?
Hibernate: delete from shift_assignments where id=?
2025-10-26T12:22:32.078+09:00 DEBUG 19468 --- [Shift Scheduler Demo] [           main] org.hibernate.SQL                        : delete from shift_assignments where id=?
Hibernate: delete from shift_assignments where id=?
2025-10-26T12:22:32.078+09:00 DEBUG 19468 --- [Shift Scheduler Demo] [           main] org.hibernate.SQL                        : delete from shift_assignments where id=?
Hibernate: delete from shift_assignments where id=?
2025-10-26T12:22:32.078+09:00 DEBUG 19468 --- [Shift Scheduler Demo] [           main] org.hibernate.SQL                        : delete from shift_assignments where id=?
Hibernate: delete from shift_assignments where id=?
2025-10-26T12:22:32.078+09:00 DEBUG 19468 --- [Shift Scheduler Demo] [           main] org.hibernate.SQL                        : delete from shift_assignments where id=?
Hibernate: delete from shift_assignments where id=?
2025-10-26T12:22:32.078+09:00 DEBUG 19468 --- [Shift Scheduler Demo] [           main] org.hibernate.SQL                        : delete from shift_assignments where id=?
Hibernate: delete from shift_assignments where id=?
2025-10-26T12:22:32.078+09:00 DEBUG 19468 --- [Shift Scheduler Demo] [           main] org.hibernate.SQL                        : delete from shift_assignments where id=?
Hibernate: delete from shift_assignments where id=?
2025-10-26T12:22:32.078+09:00 DEBUG 19468 --- [Shift Scheduler Demo] [           main] org.hibernate.SQL                        : delete from shift_assignments where id=?
Hibernate: delete from shift_assignments where id=?
2025-10-26T12:22:32.078+09:00 DEBUG 19468 --- [Shift Scheduler Demo] [           main] org.hibernate.SQL                        : delete from shift_assignments where id=?
Hibernate: delete from shift_assignments where id=?
2025-10-26T12:22:32.078+09:00 DEBUG 19468 --- [Shift Scheduler Demo] [           main] org.hibernate.SQL                        : delete from shift_assignments where id=?
Hibernate: delete from shift_assignments where id=?
2025-10-26T12:22:32.078+09:00 DEBUG 19468 --- [Shift Scheduler Demo] [           main] org.hibernate.SQL                        : delete from shift_assignments where id=?
Hibernate: delete from shift_assignments where id=?
2025-10-26T12:22:32.078+09:00 DEBUG 19468 --- [Shift Scheduler Demo] [           main] org.hibernate.SQL                        : delete from shift_assignments where id=?
Hibernate: delete from shift_assignments where id=?
2025-10-26T12:22:32.078+09:00 DEBUG 19468 --- [Shift Scheduler Demo] [           main] org.hibernate.SQL                        : delete from shift_assignments where id=?
Hibernate: delete from shift_assignments where id=?
2025-10-26T12:22:32.078+09:00 DEBUG 19468 --- [Shift Scheduler Demo] [           main] org.hibernate.SQL                        : delete from shift_assignments where id=?
Hibernate: delete from shift_assignments where id=?
2025-10-26T12:22:32.078+09:00 DEBUG 19468 --- [Shift Scheduler Demo] [           main] org.hibernate.SQL                        : delete from shift_assignments where id=?
Hibernate: delete from shift_assignments where id=?
2025-10-26T12:22:32.078+09:00 DEBUG 19468 --- [Shift Scheduler Demo] [           main] org.hibernate.SQL                        : delete from shift_assignments where id=?
Hibernate: delete from shift_assignments where id=?
2025-10-26T12:22:32.079+09:00 DEBUG 19468 --- [Shift Scheduler Demo] [           main] org.hibernate.SQL                        : delete from shift_assignments where id=?
Hibernate: delete from shift_assignments where id=?
2025-10-26T12:22:32.079+09:00 DEBUG 19468 --- [Shift Scheduler Demo] [           main] org.hibernate.SQL                        : delete from shift_assignments where id=?
Hibernate: delete from shift_assignments where id=?
2025-10-26T12:22:32.079+09:00 DEBUG 19468 --- [Shift Scheduler Demo] [           main] org.hibernate.SQL                        : delete from shift_assignments where id=?
Hibernate: delete from shift_assignments where id=?
2025-10-26T12:22:32.079+09:00 DEBUG 19468 --- [Shift Scheduler Demo] [           main] org.hibernate.SQL                        : delete from shift_assignments where id=?
Hibernate: delete from shift_assignments where id=?
2025-10-26T12:22:32.079+09:00 DEBUG 19468 --- [Shift Scheduler Demo] [           main] org.hibernate.SQL                        : delete from shift_assignments where id=?
Hibernate: delete from shift_assignments where id=?
2025-10-26T12:22:32.079+09:00 DEBUG 19468 --- [Shift Scheduler Demo] [           main] org.hibernate.SQL                        : delete from shift_assignments where id=?
Hibernate: delete from shift_assignments where id=?
2025-10-26T12:22:32.079+09:00 DEBUG 19468 --- [Shift Scheduler Demo] [           main] org.hibernate.SQL                        : delete from shift_assignments where id=?
Hibernate: delete from shift_assignments where id=?
2025-10-26T12:22:32.079+09:00 DEBUG 19468 --- [Shift Scheduler Demo] [           main] org.hibernate.SQL                        : delete from shift_assignments where id=?
Hibernate: delete from shift_assignments where id=?
2025-10-26T12:22:32.079+09:00 DEBUG 19468 --- [Shift Scheduler Demo] [           main] org.hibernate.SQL                        : delete from shift_assignments where id=?
Hibernate: delete from shift_assignments where id=?
2025-10-26T12:22:32.079+09:00 DEBUG 19468 --- [Shift Scheduler Demo] [           main] org.hibernate.SQL                        : delete from shift_assignments where id=?
Hibernate: delete from shift_assignments where id=?
2025-10-26T12:22:32.079+09:00 DEBUG 19468 --- [Shift Scheduler Demo] [           main] org.hibernate.SQL                        : delete from shift_assignments where id=?
Hibernate: delete from shift_assignments where id=?
2025-10-26T12:22:32.079+09:00 DEBUG 19468 --- [Shift Scheduler Demo] [           main] org.hibernate.SQL                        : delete from shift_assignments where id=?
Hibernate: delete from shift_assignments where id=?
2025-10-26T12:22:32.079+09:00 DEBUG 19468 --- [Shift Scheduler Demo] [           main] org.hibernate.SQL                        : delete from shift_assignments where id=?
Hibernate: delete from shift_assignments where id=?
2025-10-26T12:22:32.079+09:00 DEBUG 19468 --- [Shift Scheduler Demo] [           main] org.hibernate.SQL                        : delete from shift_assignments where id=?
Hibernate: delete from shift_assignments where id=?
2025-10-26T12:22:32.079+09:00 DEBUG 19468 --- [Shift Scheduler Demo] [           main] org.hibernate.SQL                        : delete from shift_assignments where id=?
Hibernate: delete from shift_assignments where id=?
2025-10-26T12:22:32.079+09:00 DEBUG 19468 --- [Shift Scheduler Demo] [           main] org.hibernate.SQL                        : delete from shift_assignments where id=?
Hibernate: delete from shift_assignments where id=?
2025-10-26T12:22:32.079+09:00 DEBUG 19468 --- [Shift Scheduler Demo] [           main] org.hibernate.SQL                        : delete from shift_assignments where id=?
Hibernate: delete from shift_assignments where id=?
2025-10-26T12:22:32.079+09:00 DEBUG 19468 --- [Shift Scheduler Demo] [           main] org.hibernate.SQL                        : delete from shift_assignments where id=?
Hibernate: delete from shift_assignments where id=?
2025-10-26T12:22:32.079+09:00 DEBUG 19468 --- [Shift Scheduler Demo] [           main] org.hibernate.SQL                        : delete from shift_assignments where id=?
Hibernate: delete from shift_assignments where id=?
2025-10-26T12:22:32.079+09:00 DEBUG 19468 --- [Shift Scheduler Demo] [           main] org.hibernate.SQL                        : delete from shift_assignments where id=?
Hibernate: delete from shift_assignments where id=?
2025-10-26T12:22:32.079+09:00 DEBUG 19468 --- [Shift Scheduler Demo] [           main] org.hibernate.SQL                        : delete from shift_assignments where id=?
Hibernate: delete from shift_assignments where id=?
2025-10-26T12:22:32.079+09:00 DEBUG 19468 --- [Shift Scheduler Demo] [           main] org.hibernate.SQL                        : delete from shift_assignments where id=?
Hibernate: delete from shift_assignments where id=?
2025-10-26T12:22:32.079+09:00 DEBUG 19468 --- [Shift Scheduler Demo] [           main] org.hibernate.SQL                        : delete from shift_assignments where id=?
Hibernate: delete from shift_assignments where id=?
2025-10-26T12:22:32.079+09:00 DEBUG 19468 --- [Shift Scheduler Demo] [           main] org.hibernate.SQL                        : delete from shift_assignments where id=?
Hibernate: delete from shift_assignments where id=?
2025-10-26T12:22:32.079+09:00 DEBUG 19468 --- [Shift Scheduler Demo] [           main] org.hibernate.SQL                        : delete from shift_assignments where id=?
Hibernate: delete from shift_assignments where id=?
2025-10-26T12:22:32.080+09:00 DEBUG 19468 --- [Shift Scheduler Demo] [           main] org.hibernate.SQL                        : delete from shift_assignments where id=?
Hibernate: delete from shift_assignments where id=?
2025-10-26T12:22:32.080+09:00 DEBUG 19468 --- [Shift Scheduler Demo] [           main] org.hibernate.SQL                        : delete from shift_assignments where id=?
Hibernate: delete from shift_assignments where id=?
2025-10-26T12:22:32.080+09:00 DEBUG 19468 --- [Shift Scheduler Demo] [           main] org.hibernate.SQL                        : delete from shift_assignments where id=?
Hibernate: delete from shift_assignments where id=?
2025-10-26T12:22:32.080+09:00 DEBUG 19468 --- [Shift Scheduler Demo] [           main] org.hibernate.SQL                        : delete from shift_assignments where id=?
Hibernate: delete from shift_assignments where id=?
2025-10-26T12:22:32.080+09:00 DEBUG 19468 --- [Shift Scheduler Demo] [           main] org.hibernate.SQL                        : delete from shift_assignments where id=?
Hibernate: delete from shift_assignments where id=?
2025-10-26T12:22:32.080+09:00 DEBUG 19468 --- [Shift Scheduler Demo] [           main] org.hibernate.SQL                        : delete from shift_assignments where id=?
Hibernate: delete from shift_assignments where id=?
2025-10-26T12:22:32.080+09:00 DEBUG 19468 --- [Shift Scheduler Demo] [           main] org.hibernate.SQL                        : delete from shift_assignments where id=?
Hibernate: delete from shift_assignments where id=?
2025-10-26T12:22:32.080+09:00 DEBUG 19468 --- [Shift Scheduler Demo] [           main] org.hibernate.SQL                        : delete from shift_assignments where id=?
Hibernate: delete from shift_assignments where id=?
2025-10-26T12:22:32.080+09:00 DEBUG 19468 --- [Shift Scheduler Demo] [           main] org.hibernate.SQL                        : delete from shift_assignments where id=?
Hibernate: delete from shift_assignments where id=?
2025-10-26T12:22:32.080+09:00 DEBUG 19468 --- [Shift Scheduler Demo] [           main] org.hibernate.SQL                        : delete from shift_assignments where id=?
Hibernate: delete from shift_assignments where id=?
2025-10-26T12:22:32.080+09:00 DEBUG 19468 --- [Shift Scheduler Demo] [           main] org.hibernate.SQL                        : delete from shift_assignments where id=?
Hibernate: delete from shift_assignments where id=?
2025-10-26T12:22:32.080+09:00 DEBUG 19468 --- [Shift Scheduler Demo] [           main] org.hibernate.SQL                        : delete from shift_assignments where id=?
Hibernate: delete from shift_assignments where id=?
2025-10-26T12:22:32.080+09:00 DEBUG 19468 --- [Shift Scheduler Demo] [           main] org.hibernate.SQL                        : delete from shift_assignments where id=?
Hibernate: delete from shift_assignments where id=?
2025-10-26T12:22:32.081+09:00 DEBUG 19468 --- [Shift Scheduler Demo] [           main] org.hibernate.SQL                        : delete from shift_assignments where id=?
Hibernate: delete from shift_assignments where id=?
2025-10-26T12:22:32.081+09:00 DEBUG 19468 --- [Shift Scheduler Demo] [           main] org.hibernate.SQL                        : delete from shift_assignments where id=?
Hibernate: delete from shift_assignments where id=?
2025-10-26T12:22:32.081+09:00 DEBUG 19468 --- [Shift Scheduler Demo] [           main] org.hibernate.SQL                        : delete from shift_assignments where id=?
Hibernate: delete from shift_assignments where id=?
2025-10-26T12:22:32.081+09:00 DEBUG 19468 --- [Shift Scheduler Demo] [           main] org.hibernate.SQL                        : delete from shift_assignments where id=?
Hibernate: delete from shift_assignments where id=?
2025-10-26T12:22:32.081+09:00 DEBUG 19468 --- [Shift Scheduler Demo] [           main] org.hibernate.SQL                        : delete from shift_assignments where id=?
Hibernate: delete from shift_assignments where id=?
2025-10-26T12:22:32.081+09:00 DEBUG 19468 --- [Shift Scheduler Demo] [           main] org.hibernate.SQL                        : delete from shift_assignments where id=?
Hibernate: delete from shift_assignments where id=?
2025-10-26T12:22:32.081+09:00 DEBUG 19468 --- [Shift Scheduler Demo] [           main] org.hibernate.SQL                        : delete from shift_assignments where id=?
Hibernate: delete from shift_assignments where id=?
2025-10-26T12:22:32.081+09:00 DEBUG 19468 --- [Shift Scheduler Demo] [           main] org.hibernate.SQL                        : delete from shift_assignments where id=?
Hibernate: delete from shift_assignments where id=?
2025-10-26T12:22:32.081+09:00 DEBUG 19468 --- [Shift Scheduler Demo] [           main] org.hibernate.SQL                        : delete from shift_assignments where id=?
Hibernate: delete from shift_assignments where id=?
2025-10-26T12:22:32.081+09:00 DEBUG 19468 --- [Shift Scheduler Demo] [           main] org.hibernate.SQL                        : delete from shift_assignments where id=?
Hibernate: delete from shift_assignments where id=?
2025-10-26T12:22:32.081+09:00 DEBUG 19468 --- [Shift Scheduler Demo] [           main] org.hibernate.SQL                        : delete from shift_assignments where id=?
Hibernate: delete from shift_assignments where id=?
2025-10-26T12:22:32.081+09:00 DEBUG 19468 --- [Shift Scheduler Demo] [           main] org.hibernate.SQL                        : delete from shift_assignments where id=?
Hibernate: delete from shift_assignments where id=?
2025-10-26T12:22:32.081+09:00 DEBUG 19468 --- [Shift Scheduler Demo] [           main] org.hibernate.SQL                        : delete from shift_assignments where id=?
Hibernate: delete from shift_assignments where id=?
2025-10-26T12:22:32.081+09:00 DEBUG 19468 --- [Shift Scheduler Demo] [           main] org.hibernate.SQL                        : delete from shift_assignments where id=?
Hibernate: delete from shift_assignments where id=?
2025-10-26T12:22:32.081+09:00 DEBUG 19468 --- [Shift Scheduler Demo] [           main] org.hibernate.SQL                        : delete from shift_assignments where id=?
Hibernate: delete from shift_assignments where id=?
2025-10-26T12:22:32.081+09:00 DEBUG 19468 --- [Shift Scheduler Demo] [           main] org.hibernate.SQL                        : delete from shift_assignments where id=?
Hibernate: delete from shift_assignments where id=?
2025-10-26T12:22:32.081+09:00 DEBUG 19468 --- [Shift Scheduler Demo] [           main] org.hibernate.SQL                        : delete from shift_assignments where id=?
Hibernate: delete from shift_assignments where id=?
2025-10-26T12:22:32.081+09:00 DEBUG 19468 --- [Shift Scheduler Demo] [           main] org.hibernate.SQL                        : delete from shift_assignments where id=?
Hibernate: delete from shift_assignments where id=?
2025-10-26T12:22:32.081+09:00 DEBUG 19468 --- [Shift Scheduler Demo] [           main] org.hibernate.SQL                        : delete from shift_assignments where id=?
Hibernate: delete from shift_assignments where id=?
2025-10-26T12:22:32.081+09:00 DEBUG 19468 --- [Shift Scheduler Demo] [           main] org.hibernate.SQL                        : delete from shift_assignments where id=?
Hibernate: delete from shift_assignments where id=?
2025-10-26T12:22:32.082+09:00 DEBUG 19468 --- [Shift Scheduler Demo] [           main] org.hibernate.SQL                        : delete from shift_assignments where id=?
Hibernate: delete from shift_assignments where id=?
2025-10-26T12:22:32.082+09:00 DEBUG 19468 --- [Shift Scheduler Demo] [           main] org.hibernate.SQL                        : delete from shift_assignments where id=?
Hibernate: delete from shift_assignments where id=?
2025-10-26T12:22:32.082+09:00 DEBUG 19468 --- [Shift Scheduler Demo] [           main] org.hibernate.SQL                        : delete from shift_assignments where id=?
Hibernate: delete from shift_assignments where id=?
2025-10-26T12:22:32.082+09:00 DEBUG 19468 --- [Shift Scheduler Demo] [           main] org.hibernate.SQL                        : delete from shift_assignments where id=?
Hibernate: delete from shift_assignments where id=?
2025-10-26T12:22:32.082+09:00 DEBUG 19468 --- [Shift Scheduler Demo] [           main] org.hibernate.SQL                        : delete from shift_assignments where id=?
Hibernate: delete from shift_assignments where id=?
2025-10-26T12:22:32.082+09:00 DEBUG 19468 --- [Shift Scheduler Demo] [           main] org.hibernate.SQL                        : delete from shift_assignments where id=?
Hibernate: delete from shift_assignments where id=?
2025-10-26T12:22:32.082+09:00 DEBUG 19468 --- [Shift Scheduler Demo] [           main] org.hibernate.SQL                        : delete from shift_assignments where id=?
Hibernate: delete from shift_assignments where id=?
2025-10-26T12:22:32.082+09:00 DEBUG 19468 --- [Shift Scheduler Demo] [           main] org.hibernate.SQL                        : delete from shift_assignments where id=?
Hibernate: delete from shift_assignments where id=?
2025-10-26T12:22:32.082+09:00 DEBUG 19468 --- [Shift Scheduler Demo] [           main] org.hibernate.SQL                        : delete from shift_assignments where id=?
Hibernate: delete from shift_assignments where id=?
2025-10-26T12:22:32.082+09:00 DEBUG 19468 --- [Shift Scheduler Demo] [           main] org.hibernate.SQL                        : delete from shift_assignments where id=?
Hibernate: delete from shift_assignments where id=?
2025-10-26T12:22:32.083+09:00 DEBUG 19468 --- [Shift Scheduler Demo] [           main] org.hibernate.SQL                        : delete from shift_assignments where id=?
Hibernate: delete from shift_assignments where id=?
2025-10-26T12:22:32.083+09:00 DEBUG 19468 --- [Shift Scheduler Demo] [           main] org.hibernate.SQL                        : delete from shift_assignments where id=?
Hibernate: delete from shift_assignments where id=?
2025-10-26T12:22:32.083+09:00 DEBUG 19468 --- [Shift Scheduler Demo] [           main] org.hibernate.SQL                        : delete from shift_assignments where id=?
Hibernate: delete from shift_assignments where id=?
2025-10-26T12:22:32.083+09:00 DEBUG 19468 --- [Shift Scheduler Demo] [           main] org.hibernate.SQL                        : delete from shift_assignments where id=?
Hibernate: delete from shift_assignments where id=?
2025-10-26T12:22:32.083+09:00 DEBUG 19468 --- [Shift Scheduler Demo] [           main] org.hibernate.SQL                        : delete from shift_assignments where id=?
Hibernate: delete from shift_assignments where id=?
2025-10-26T12:22:32.083+09:00 DEBUG 19468 --- [Shift Scheduler Demo] [           main] org.hibernate.SQL                        : delete from shift_assignments where id=?
Hibernate: delete from shift_assignments where id=?
2025-10-26T12:22:32.083+09:00 DEBUG 19468 --- [Shift Scheduler Demo] [           main] org.hibernate.SQL                        : delete from shift_assignments where id=?
Hibernate: delete from shift_assignments where id=?
2025-10-26T12:22:32.083+09:00 DEBUG 19468 --- [Shift Scheduler Demo] [           main] org.hibernate.SQL                        : delete from shift_assignments where id=?
Hibernate: delete from shift_assignments where id=?
2025-10-26T12:22:32.083+09:00 DEBUG 19468 --- [Shift Scheduler Demo] [           main] org.hibernate.SQL                        : delete from shift_assignments where id=?
Hibernate: delete from shift_assignments where id=?
2025-10-26T12:22:32.083+09:00 DEBUG 19468 --- [Shift Scheduler Demo] [           main] org.hibernate.SQL                        : delete from shift_assignments where id=?
Hibernate: delete from shift_assignments where id=?
2025-10-26T12:22:32.083+09:00 DEBUG 19468 --- [Shift Scheduler Demo] [           main] org.hibernate.SQL                        : delete from shift_assignments where id=?
Hibernate: delete from shift_assignments where id=?
2025-10-26T12:22:32.083+09:00 DEBUG 19468 --- [Shift Scheduler Demo] [           main] org.hibernate.SQL                        : delete from shift_assignments where id=?
Hibernate: delete from shift_assignments where id=?
2025-10-26T12:22:32.083+09:00 DEBUG 19468 --- [Shift Scheduler Demo] [           main] org.hibernate.SQL                        : delete from shift_assignments where id=?
Hibernate: delete from shift_assignments where id=?
2025-10-26T12:22:32.083+09:00 DEBUG 19468 --- [Shift Scheduler Demo] [           main] org.hibernate.SQL                        : delete from shift_assignments where id=?
Hibernate: delete from shift_assignments where id=?
2025-10-26T12:22:32.083+09:00 DEBUG 19468 --- [Shift Scheduler Demo] [           main] org.hibernate.SQL                        : delete from shift_assignments where id=?
Hibernate: delete from shift_assignments where id=?
2025-10-26T12:22:32.084+09:00 DEBUG 19468 --- [Shift Scheduler Demo] [           main] org.hibernate.SQL                        : delete from shift_assignments where id=?
Hibernate: delete from shift_assignments where id=?
2025-10-26T12:22:32.084+09:00 DEBUG 19468 --- [Shift Scheduler Demo] [           main] org.hibernate.SQL                        : delete from shift_assignments where id=?
Hibernate: delete from shift_assignments where id=?
2025-10-26T12:22:32.084+09:00 DEBUG 19468 --- [Shift Scheduler Demo] [           main] org.hibernate.SQL                        : delete from shift_assignments where id=?
Hibernate: delete from shift_assignments where id=?
2025-10-26T12:22:32.084+09:00 DEBUG 19468 --- [Shift Scheduler Demo] [           main] org.hibernate.SQL                        : delete from shift_assignments where id=?
Hibernate: delete from shift_assignments where id=?
2025-10-26T12:22:32.084+09:00 DEBUG 19468 --- [Shift Scheduler Demo] [           main] org.hibernate.SQL                        : delete from shift_assignments where id=?
Hibernate: delete from shift_assignments where id=?
2025-10-26T12:22:32.084+09:00 DEBUG 19468 --- [Shift Scheduler Demo] [           main] org.hibernate.SQL                        : delete from shift_assignments where id=?
Hibernate: delete from shift_assignments where id=?
2025-10-26T12:22:32.084+09:00 DEBUG 19468 --- [Shift Scheduler Demo] [           main] org.hibernate.SQL                        : delete from shift_assignments where id=?
Hibernate: delete from shift_assignments where id=?
2025-10-26T12:22:32.084+09:00 DEBUG 19468 --- [Shift Scheduler Demo] [           main] org.hibernate.SQL                        : delete from shift_assignments where id=?
Hibernate: delete from shift_assignments where id=?
2025-10-26T12:22:32.084+09:00 DEBUG 19468 --- [Shift Scheduler Demo] [           main] org.hibernate.SQL                        : delete from shift_assignments where id=?
Hibernate: delete from shift_assignments where id=?
2025-10-26T12:22:32.084+09:00 DEBUG 19468 --- [Shift Scheduler Demo] [           main] org.hibernate.SQL                        : delete from shift_assignments where id=?
Hibernate: delete from shift_assignments where id=?
2025-10-26T12:22:32.084+09:00 DEBUG 19468 --- [Shift Scheduler Demo] [           main] org.hibernate.SQL                        : delete from shift_assignments where id=?
Hibernate: delete from shift_assignments where id=?
2025-10-26T12:22:32.084+09:00 DEBUG 19468 --- [Shift Scheduler Demo] [           main] org.hibernate.SQL                        : delete from shift_assignments where id=?
Hibernate: delete from shift_assignments where id=?
2025-10-26T12:22:32.084+09:00 DEBUG 19468 --- [Shift Scheduler Demo] [           main] org.hibernate.SQL                        : delete from shift_assignments where id=?
Hibernate: delete from shift_assignments where id=?
2025-10-26T12:22:32.084+09:00 DEBUG 19468 --- [Shift Scheduler Demo] [           main] org.hibernate.SQL                        : delete from shift_assignments where id=?
Hibernate: delete from shift_assignments where id=?
2025-10-26T12:22:32.084+09:00 DEBUG 19468 --- [Shift Scheduler Demo] [           main] org.hibernate.SQL                        : delete from shift_assignments where id=?
Hibernate: delete from shift_assignments where id=?
2025-10-26T12:22:32.084+09:00 DEBUG 19468 --- [Shift Scheduler Demo] [           main] org.hibernate.SQL                        : delete from shift_assignments where id=?
Hibernate: delete from shift_assignments where id=?
2025-10-26T12:22:32.084+09:00 DEBUG 19468 --- [Shift Scheduler Demo] [           main] org.hibernate.SQL                        : delete from shift_assignments where id=?
Hibernate: delete from shift_assignments where id=?
2025-10-26T12:22:32.084+09:00 DEBUG 19468 --- [Shift Scheduler Demo] [           main] org.hibernate.SQL                        : delete from shift_assignments where id=?
Hibernate: delete from shift_assignments where id=?
2025-10-26T12:22:32.084+09:00 DEBUG 19468 --- [Shift Scheduler Demo] [           main] org.hibernate.SQL                        : delete from shift_assignments where id=?
Hibernate: delete from shift_assignments where id=?
2025-10-26T12:22:32.084+09:00 DEBUG 19468 --- [Shift Scheduler Demo] [           main] org.hibernate.SQL                        : delete from shift_assignments where id=?
Hibernate: delete from shift_assignments where id=?
2025-10-26T12:22:32.084+09:00 DEBUG 19468 --- [Shift Scheduler Demo] [           main] org.hibernate.SQL                        : delete from shift_assignments where id=?
Hibernate: delete from shift_assignments where id=?
2025-10-26T12:22:32.084+09:00 DEBUG 19468 --- [Shift Scheduler Demo] [           main] org.hibernate.SQL                        : delete from shift_assignments where id=?
Hibernate: delete from shift_assignments where id=?
2025-10-26T12:22:32.084+09:00 DEBUG 19468 --- [Shift Scheduler Demo] [           main] org.hibernate.SQL                        : delete from shift_assignments where id=?
Hibernate: delete from shift_assignments where id=?
2025-10-26T12:22:32.084+09:00 DEBUG 19468 --- [Shift Scheduler Demo] [           main] org.hibernate.SQL                        : delete from shift_assignments where id=?
Hibernate: delete from shift_assignments where id=?
2025-10-26T12:22:32.085+09:00 DEBUG 19468 --- [Shift Scheduler Demo] [           main] org.hibernate.SQL                        : delete from shift_assignments where id=?
Hibernate: delete from shift_assignments where id=?
2025-10-26T12:22:32.085+09:00 DEBUG 19468 --- [Shift Scheduler Demo] [           main] org.hibernate.SQL                        : delete from shift_assignments where id=?
Hibernate: delete from shift_assignments where id=?
2025-10-26T12:22:32.085+09:00 DEBUG 19468 --- [Shift Scheduler Demo] [           main] org.hibernate.SQL                        : delete from shift_assignments where id=?
Hibernate: delete from shift_assignments where id=?
2025-10-26T12:22:32.085+09:00 DEBUG 19468 --- [Shift Scheduler Demo] [           main] org.hibernate.SQL                        : delete from shift_assignments where id=?
Hibernate: delete from shift_assignments where id=?
2025-10-26T12:22:32.085+09:00 DEBUG 19468 --- [Shift Scheduler Demo] [           main] org.hibernate.SQL                        : delete from shift_assignments where id=?
Hibernate: delete from shift_assignments where id=?
2025-10-26T12:22:32.085+09:00 DEBUG 19468 --- [Shift Scheduler Demo] [           main] org.hibernate.SQL                        : delete from shift_assignments where id=?
Hibernate: delete from shift_assignments where id=?
2025-10-26T12:22:32.085+09:00 DEBUG 19468 --- [Shift Scheduler Demo] [           main] org.hibernate.SQL                        : delete from shift_assignments where id=?
Hibernate: delete from shift_assignments where id=?
2025-10-26T12:22:32.085+09:00 DEBUG 19468 --- [Shift Scheduler Demo] [           main] org.hibernate.SQL                        : delete from shift_assignments where id=?
Hibernate: delete from shift_assignments where id=?
2025-10-26T12:22:32.085+09:00 DEBUG 19468 --- [Shift Scheduler Demo] [           main] org.hibernate.SQL                        : delete from shift_assignments where id=?
Hibernate: delete from shift_assignments where id=?
2025-10-26T12:22:32.085+09:00 DEBUG 19468 --- [Shift Scheduler Demo] [           main] org.hibernate.SQL                        : delete from shift_assignments where id=?
Hibernate: delete from shift_assignments where id=?
2025-10-26T12:22:32.085+09:00 DEBUG 19468 --- [Shift Scheduler Demo] [           main] org.hibernate.SQL                        : delete from shift_assignments where id=?
Hibernate: delete from shift_assignments where id=?
2025-10-26T12:22:32.085+09:00 DEBUG 19468 --- [Shift Scheduler Demo] [           main] org.hibernate.SQL                        : delete from shift_assignments where id=?
Hibernate: delete from shift_assignments where id=?
2025-10-26T12:22:32.085+09:00 DEBUG 19468 --- [Shift Scheduler Demo] [           main] org.hibernate.SQL                        : delete from shift_assignments where id=?
Hibernate: delete from shift_assignments where id=?
2025-10-26T12:22:32.085+09:00 DEBUG 19468 --- [Shift Scheduler Demo] [           main] org.hibernate.SQL                        : delete from shift_assignments where id=?
Hibernate: delete from shift_assignments where id=?
2025-10-26T12:22:32.085+09:00 DEBUG 19468 --- [Shift Scheduler Demo] [           main] org.hibernate.SQL                        : delete from shift_assignments where id=?
Hibernate: delete from shift_assignments where id=?
2025-10-26T12:22:32.085+09:00 DEBUG 19468 --- [Shift Scheduler Demo] [           main] org.hibernate.SQL                        : delete from shift_assignments where id=?
Hibernate: delete from shift_assignments where id=?
2025-10-26T12:22:32.085+09:00 DEBUG 19468 --- [Shift Scheduler Demo] [           main] org.hibernate.SQL                        : delete from shift_assignments where id=?
Hibernate: delete from shift_assignments where id=?
2025-10-26T12:22:32.085+09:00 DEBUG 19468 --- [Shift Scheduler Demo] [           main] org.hibernate.SQL                        : delete from shift_assignments where id=?
Hibernate: delete from shift_assignments where id=?
2025-10-26T12:22:32.085+09:00 DEBUG 19468 --- [Shift Scheduler Demo] [           main] org.hibernate.SQL                        : delete from shift_assignments where id=?
Hibernate: delete from shift_assignments where id=?
2025-10-26T12:22:32.086+09:00 DEBUG 19468 --- [Shift Scheduler Demo] [           main] org.hibernate.SQL                        : delete from shift_assignments where id=?
Hibernate: delete from shift_assignments where id=?
2025-10-26T12:22:32.086+09:00 DEBUG 19468 --- [Shift Scheduler Demo] [           main] org.hibernate.SQL                        : delete from shift_assignments where id=?
Hibernate: delete from shift_assignments where id=?
2025-10-26T12:22:32.086+09:00 DEBUG 19468 --- [Shift Scheduler Demo] [           main] org.hibernate.SQL                        : delete from shift_assignments where id=?
Hibernate: delete from shift_assignments where id=?
2025-10-26T12:22:32.086+09:00 DEBUG 19468 --- [Shift Scheduler Demo] [           main] org.hibernate.SQL                        : delete from shift_assignments where id=?
Hibernate: delete from shift_assignments where id=?
2025-10-26T12:22:32.086+09:00 DEBUG 19468 --- [Shift Scheduler Demo] [           main] org.hibernate.SQL                        : delete from shift_assignments where id=?
Hibernate: delete from shift_assignments where id=?
2025-10-26T12:22:32.086+09:00 DEBUG 19468 --- [Shift Scheduler Demo] [           main] org.hibernate.SQL                        : delete from shift_assignments where id=?
Hibernate: delete from shift_assignments where id=?
2025-10-26T12:22:32.086+09:00 DEBUG 19468 --- [Shift Scheduler Demo] [           main] org.hibernate.SQL                        : delete from shift_assignments where id=?
Hibernate: delete from shift_assignments where id=?
2025-10-26T12:22:32.086+09:00 DEBUG 19468 --- [Shift Scheduler Demo] [           main] org.hibernate.SQL                        : delete from shift_assignments where id=?
Hibernate: delete from shift_assignments where id=?
2025-10-26T12:22:32.086+09:00 DEBUG 19468 --- [Shift Scheduler Demo] [           main] org.hibernate.SQL                        : delete from shift_assignments where id=?
Hibernate: delete from shift_assignments where id=?
2025-10-26T12:22:32.086+09:00 DEBUG 19468 --- [Shift Scheduler Demo] [           main] org.hibernate.SQL                        : delete from shift_assignments where id=?
Hibernate: delete from shift_assignments where id=?
2025-10-26T12:22:32.088+09:00 DEBUG 19468 --- [Shift Scheduler Demo] [           main] org.hibernate.SQL                        : delete from shift_assignments where id=?
Hibernate: delete from shift_assignments where id=?
2025-10-26T12:22:32.088+09:00 DEBUG 19468 --- [Shift Scheduler Demo] [           main] org.hibernate.SQL                        : delete from shift_assignments where id=?
Hibernate: delete from shift_assignments where id=?
2025-10-26T12:22:32.089+09:00 DEBUG 19468 --- [Shift Scheduler Demo] [           main] org.hibernate.SQL                        : delete from shift_assignments where id=?
Hibernate: delete from shift_assignments where id=?
2025-10-26T12:22:32.089+09:00 DEBUG 19468 --- [Shift Scheduler Demo] [           main] org.hibernate.SQL                        : delete from shift_assignments where id=?
Hibernate: delete from shift_assignments where id=?
2025-10-26T12:22:32.089+09:00 DEBUG 19468 --- [Shift Scheduler Demo] [           main] org.hibernate.SQL                        : delete from shift_assignments where id=?
Hibernate: delete from shift_assignments where id=?
2025-10-26T12:22:32.089+09:00 DEBUG 19468 --- [Shift Scheduler Demo] [           main] org.hibernate.SQL                        : delete from shift_assignments where id=?
Hibernate: delete from shift_assignments where id=?
2025-10-26T12:22:32.089+09:00 DEBUG 19468 --- [Shift Scheduler Demo] [           main] org.hibernate.SQL                        : delete from shift_assignments where id=?
Hibernate: delete from shift_assignments where id=?
2025-10-26T12:22:32.089+09:00 DEBUG 19468 --- [Shift Scheduler Demo] [           main] org.hibernate.SQL                        : delete from shift_assignments where id=?
Hibernate: delete from shift_assignments where id=?
2025-10-26T12:22:32.089+09:00 DEBUG 19468 --- [Shift Scheduler Demo] [           main] org.hibernate.SQL                        : delete from shift_assignments where id=?
Hibernate: delete from shift_assignments where id=?
2025-10-26T12:22:32.089+09:00 DEBUG 19468 --- [Shift Scheduler Demo] [           main] org.hibernate.SQL                        : delete from shift_assignments where id=?
Hibernate: delete from shift_assignments where id=?
2025-10-26T12:22:32.089+09:00 DEBUG 19468 --- [Shift Scheduler Demo] [           main] org.hibernate.SQL                        : delete from shift_assignments where id=?
Hibernate: delete from shift_assignments where id=?
2025-10-26T12:22:32.089+09:00 DEBUG 19468 --- [Shift Scheduler Demo] [           main] org.hibernate.SQL                        : delete from shift_assignments where id=?
Hibernate: delete from shift_assignments where id=?
2025-10-26T12:22:32.089+09:00 DEBUG 19468 --- [Shift Scheduler Demo] [           main] org.hibernate.SQL                        : delete from shift_assignments where id=?
Hibernate: delete from shift_assignments where id=?
2025-10-26T12:22:32.089+09:00 DEBUG 19468 --- [Shift Scheduler Demo] [           main] org.hibernate.SQL                        : delete from shift_assignments where id=?
Hibernate: delete from shift_assignments where id=?
2025-10-26T12:22:32.089+09:00 DEBUG 19468 --- [Shift Scheduler Demo] [           main] org.hibernate.SQL                        : delete from shift_assignments where id=?
Hibernate: delete from shift_assignments where id=?
2025-10-26T12:22:32.089+09:00 DEBUG 19468 --- [Shift Scheduler Demo] [           main] org.hibernate.SQL                        : delete from shift_assignments where id=?
Hibernate: delete from shift_assignments where id=?
2025-10-26T12:22:32.089+09:00 DEBUG 19468 --- [Shift Scheduler Demo] [           main] org.hibernate.SQL                        : delete from shift_assignments where id=?
Hibernate: delete from shift_assignments where id=?
2025-10-26T12:22:32.089+09:00 DEBUG 19468 --- [Shift Scheduler Demo] [           main] org.hibernate.SQL                        : delete from shift_assignments where id=?
Hibernate: delete from shift_assignments where id=?
2025-10-26T12:22:32.089+09:00 DEBUG 19468 --- [Shift Scheduler Demo] [           main] org.hibernate.SQL                        : delete from shift_assignments where id=?
Hibernate: delete from shift_assignments where id=?
2025-10-26T12:22:32.089+09:00 DEBUG 19468 --- [Shift Scheduler Demo] [           main] org.hibernate.SQL                        : delete from shift_assignments where id=?
Hibernate: delete from shift_assignments where id=?
2025-10-26T12:22:32.089+09:00 DEBUG 19468 --- [Shift Scheduler Demo] [           main] org.hibernate.SQL                        : delete from shift_assignments where id=?
Hibernate: delete from shift_assignments where id=?
2025-10-26T12:22:32.090+09:00 DEBUG 19468 --- [Shift Scheduler Demo] [           main] org.hibernate.SQL                        : delete from shift_assignments where id=?
Hibernate: delete from shift_assignments where id=?
2025-10-26T12:22:32.090+09:00 DEBUG 19468 --- [Shift Scheduler Demo] [           main] org.hibernate.SQL                        : delete from shift_assignments where id=?
Hibernate: delete from shift_assignments where id=?
2025-10-26T12:22:32.090+09:00 DEBUG 19468 --- [Shift Scheduler Demo] [           main] org.hibernate.SQL                        : delete from shift_assignments where id=?
Hibernate: delete from shift_assignments where id=?
2025-10-26T12:22:32.090+09:00 DEBUG 19468 --- [Shift Scheduler Demo] [           main] org.hibernate.SQL                        : delete from shift_assignments where id=?
Hibernate: delete from shift_assignments where id=?
2025-10-26T12:22:32.090+09:00 DEBUG 19468 --- [Shift Scheduler Demo] [           main] org.hibernate.SQL                        : delete from shift_assignments where id=?
Hibernate: delete from shift_assignments where id=?
2025-10-26T12:22:32.090+09:00 DEBUG 19468 --- [Shift Scheduler Demo] [           main] org.hibernate.SQL                        : delete from shift_assignments where id=?
Hibernate: delete from shift_assignments where id=?
2025-10-26T12:22:32.090+09:00 DEBUG 19468 --- [Shift Scheduler Demo] [           main] org.hibernate.SQL                        : delete from shift_assignments where id=?
Hibernate: delete from shift_assignments where id=?
2025-10-26T12:22:32.090+09:00 DEBUG 19468 --- [Shift Scheduler Demo] [           main] org.hibernate.SQL                        : delete from shift_assignments where id=?
Hibernate: delete from shift_assignments where id=?
2025-10-26T12:22:32.092+09:00 DEBUG 19468 --- [Shift Scheduler Demo] [           main] org.hibernate.SQL                        : delete from shift_assignments where id=?
Hibernate: delete from shift_assignments where id=?
2025-10-26T12:22:32.092+09:00 DEBUG 19468 --- [Shift Scheduler Demo] [           main] org.hibernate.SQL                        : delete from shift_assignments where id=?
Hibernate: delete from shift_assignments where id=?
2025-10-26T12:22:32.092+09:00 DEBUG 19468 --- [Shift Scheduler Demo] [           main] org.hibernate.SQL                        : delete from shift_assignments where id=?
Hibernate: delete from shift_assignments where id=?
2025-10-26T12:22:32.092+09:00 DEBUG 19468 --- [Shift Scheduler Demo] [           main] org.hibernate.SQL                        : delete from shift_assignments where id=?
Hibernate: delete from shift_assignments where id=?
2025-10-26T12:22:32.092+09:00 DEBUG 19468 --- [Shift Scheduler Demo] [           main] org.hibernate.SQL                        : delete from shift_assignments where id=?
Hibernate: delete from shift_assignments where id=?
2025-10-26T12:22:32.092+09:00 DEBUG 19468 --- [Shift Scheduler Demo] [           main] org.hibernate.SQL                        : delete from shift_assignments where id=?
Hibernate: delete from shift_assignments where id=?
2025-10-26T12:22:32.092+09:00 DEBUG 19468 --- [Shift Scheduler Demo] [           main] org.hibernate.SQL                        : delete from shift_assignments where id=?
Hibernate: delete from shift_assignments where id=?
2025-10-26T12:22:32.092+09:00 DEBUG 19468 --- [Shift Scheduler Demo] [           main] org.hibernate.SQL                        : delete from shift_assignments where id=?
Hibernate: delete from shift_assignments where id=?
2025-10-26T12:22:32.092+09:00 DEBUG 19468 --- [Shift Scheduler Demo] [           main] org.hibernate.SQL                        : delete from shift_assignments where id=?
Hibernate: delete from shift_assignments where id=?
2025-10-26T12:22:32.092+09:00 DEBUG 19468 --- [Shift Scheduler Demo] [           main] org.hibernate.SQL                        : delete from shift_assignments where id=?
Hibernate: delete from shift_assignments where id=?
2025-10-26T12:22:32.093+09:00 DEBUG 19468 --- [Shift Scheduler Demo] [           main] org.hibernate.SQL                        : delete from shift_assignments where id=?
Hibernate: delete from shift_assignments where id=?
2025-10-26T12:22:32.093+09:00 DEBUG 19468 --- [Shift Scheduler Demo] [           main] org.hibernate.SQL                        : delete from shift_assignments where id=?
Hibernate: delete from shift_assignments where id=?
2025-10-26T12:22:32.093+09:00 DEBUG 19468 --- [Shift Scheduler Demo] [           main] org.hibernate.SQL                        : delete from shift_assignments where id=?
Hibernate: delete from shift_assignments where id=?
2025-10-26T12:22:32.093+09:00 DEBUG 19468 --- [Shift Scheduler Demo] [           main] org.hibernate.SQL                        : delete from shift_assignments where id=?
Hibernate: delete from shift_assignments where id=?
2025-10-26T12:22:32.093+09:00 DEBUG 19468 --- [Shift Scheduler Demo] [           main] org.hibernate.SQL                        : delete from shift_assignments where id=?
Hibernate: delete from shift_assignments where id=?
2025-10-26T12:22:32.093+09:00 DEBUG 19468 --- [Shift Scheduler Demo] [           main] org.hibernate.SQL                        : delete from shift_assignments where id=?
Hibernate: delete from shift_assignments where id=?
2025-10-26T12:22:32.093+09:00 DEBUG 19468 --- [Shift Scheduler Demo] [           main] org.hibernate.SQL                        : delete from shift_assignments where id=?
Hibernate: delete from shift_assignments where id=?
2025-10-26T12:22:32.093+09:00 DEBUG 19468 --- [Shift Scheduler Demo] [           main] org.hibernate.SQL                        : delete from shift_assignments where id=?
Hibernate: delete from shift_assignments where id=?
2025-10-26T12:22:32.094+09:00 DEBUG 19468 --- [Shift Scheduler Demo] [           main] org.hibernate.SQL                        : delete from shift_assignments where id=?
Hibernate: delete from shift_assignments where id=?
2025-10-26T12:22:32.094+09:00 DEBUG 19468 --- [Shift Scheduler Demo] [           main] org.hibernate.SQL                        : delete from shift_assignments where id=?
Hibernate: delete from shift_assignments where id=?
2025-10-26T12:22:32.094+09:00 DEBUG 19468 --- [Shift Scheduler Demo] [           main] org.hibernate.SQL                        : delete from shift_assignments where id=?
Hibernate: delete from shift_assignments where id=?
2025-10-26T12:22:32.095+09:00 DEBUG 19468 --- [Shift Scheduler Demo] [           main] org.hibernate.SQL                        : delete from shift_assignments where id=?
Hibernate: delete from shift_assignments where id=?
2025-10-26T12:22:32.095+09:00 DEBUG 19468 --- [Shift Scheduler Demo] [           main] org.hibernate.SQL                        : delete from shift_assignments where id=?
Hibernate: delete from shift_assignments where id=?
2025-10-26T12:22:32.095+09:00 DEBUG 19468 --- [Shift Scheduler Demo] [           main] org.hibernate.SQL                        : delete from shift_assignments where id=?
Hibernate: delete from shift_assignments where id=?
2025-10-26T12:22:32.095+09:00 DEBUG 19468 --- [Shift Scheduler Demo] [           main] org.hibernate.SQL                        : delete from shift_assignments where id=?
Hibernate: delete from shift_assignments where id=?
2025-10-26T12:22:32.095+09:00 DEBUG 19468 --- [Shift Scheduler Demo] [           main] org.hibernate.SQL                        : delete from shift_assignments where id=?
Hibernate: delete from shift_assignments where id=?
2025-10-26T12:22:32.095+09:00 DEBUG 19468 --- [Shift Scheduler Demo] [           main] org.hibernate.SQL                        : delete from shift_assignments where id=?
Hibernate: delete from shift_assignments where id=?
2025-10-26T12:22:32.095+09:00 DEBUG 19468 --- [Shift Scheduler Demo] [           main] org.hibernate.SQL                        : delete from shift_assignments where id=?
Hibernate: delete from shift_assignments where id=?
2025-10-26T12:22:32.095+09:00 DEBUG 19468 --- [Shift Scheduler Demo] [           main] org.hibernate.SQL                        : delete from shift_assignments where id=?
Hibernate: delete from shift_assignments where id=?
2025-10-26T12:22:32.095+09:00 DEBUG 19468 --- [Shift Scheduler Demo] [           main] org.hibernate.SQL                        : delete from shift_assignments where id=?
Hibernate: delete from shift_assignments where id=?
2025-10-26T12:22:32.095+09:00 DEBUG 19468 --- [Shift Scheduler Demo] [           main] org.hibernate.SQL                        : delete from shift_assignments where id=?
Hibernate: delete from shift_assignments where id=?
2025-10-26T12:22:32.095+09:00 DEBUG 19468 --- [Shift Scheduler Demo] [           main] org.hibernate.SQL                        : delete from shift_assignments where id=?
Hibernate: delete from shift_assignments where id=?
2025-10-26T12:22:32.095+09:00 DEBUG 19468 --- [Shift Scheduler Demo] [           main] org.hibernate.SQL                        : delete from shift_assignments where id=?
Hibernate: delete from shift_assignments where id=?
2025-10-26T12:22:32.095+09:00 DEBUG 19468 --- [Shift Scheduler Demo] [           main] org.hibernate.SQL                        : delete from shift_assignments where id=?
Hibernate: delete from shift_assignments where id=?
2025-10-26T12:22:32.095+09:00 DEBUG 19468 --- [Shift Scheduler Demo] [           main] org.hibernate.SQL                        : delete from shift_assignments where id=?
Hibernate: delete from shift_assignments where id=?
2025-10-26T12:22:32.095+09:00 DEBUG 19468 --- [Shift Scheduler Demo] [           main] org.hibernate.SQL                        : delete from shift_assignments where id=?
Hibernate: delete from shift_assignments where id=?
2025-10-26T12:22:32.095+09:00 DEBUG 19468 --- [Shift Scheduler Demo] [           main] org.hibernate.SQL                        : delete from shift_assignments where id=?
Hibernate: delete from shift_assignments where id=?
2025-10-26T12:22:32.095+09:00 DEBUG 19468 --- [Shift Scheduler Demo] [           main] org.hibernate.SQL                        : delete from shift_assignments where id=?
Hibernate: delete from shift_assignments where id=?
2025-10-26T12:22:32.095+09:00 DEBUG 19468 --- [Shift Scheduler Demo] [           main] org.hibernate.SQL                        : delete from shift_assignments where id=?
Hibernate: delete from shift_assignments where id=?
2025-10-26T12:22:32.095+09:00 DEBUG 19468 --- [Shift Scheduler Demo] [           main] org.hibernate.SQL                        : delete from shift_assignments where id=?
Hibernate: delete from shift_assignments where id=?
2025-10-26T12:22:32.095+09:00 DEBUG 19468 --- [Shift Scheduler Demo] [           main] org.hibernate.SQL                        : delete from shift_assignments where id=?
Hibernate: delete from shift_assignments where id=?
2025-10-26T12:22:32.096+09:00 DEBUG 19468 --- [Shift Scheduler Demo] [           main] org.hibernate.SQL                        : delete from shift_assignments where id=?
Hibernate: delete from shift_assignments where id=?
2025-10-26T12:22:32.096+09:00 DEBUG 19468 --- [Shift Scheduler Demo] [           main] org.hibernate.SQL                        : delete from shift_assignments where id=?
Hibernate: delete from shift_assignments where id=?
2025-10-26T12:22:32.096+09:00 DEBUG 19468 --- [Shift Scheduler Demo] [           main] org.hibernate.SQL                        : delete from shift_assignments where id=?
Hibernate: delete from shift_assignments where id=?
2025-10-26T12:22:32.096+09:00 DEBUG 19468 --- [Shift Scheduler Demo] [           main] org.hibernate.SQL                        : delete from shift_assignments where id=?
Hibernate: delete from shift_assignments where id=?
2025-10-26T12:22:32.096+09:00 DEBUG 19468 --- [Shift Scheduler Demo] [           main] org.hibernate.SQL                        : delete from shift_assignments where id=?
Hibernate: delete from shift_assignments where id=?
2025-10-26T12:22:32.096+09:00 DEBUG 19468 --- [Shift Scheduler Demo] [           main] org.hibernate.SQL                        : delete from shift_assignments where id=?
Hibernate: delete from shift_assignments where id=?
2025-10-26T12:22:32.096+09:00 DEBUG 19468 --- [Shift Scheduler Demo] [           main] org.hibernate.SQL                        : delete from shift_assignments where id=?
Hibernate: delete from shift_assignments where id=?
2025-10-26T12:22:32.096+09:00 DEBUG 19468 --- [Shift Scheduler Demo] [           main] org.hibernate.SQL                        : delete from shift_assignments where id=?
Hibernate: delete from shift_assignments where id=?
2025-10-26T12:22:32.096+09:00 DEBUG 19468 --- [Shift Scheduler Demo] [           main] org.hibernate.SQL                        : delete from shift_assignments where id=?
Hibernate: delete from shift_assignments where id=?
2025-10-26T12:22:32.096+09:00 DEBUG 19468 --- [Shift Scheduler Demo] [           main] org.hibernate.SQL                        : delete from shift_assignments where id=?
Hibernate: delete from shift_assignments where id=?
2025-10-26T12:22:32.096+09:00 DEBUG 19468 --- [Shift Scheduler Demo] [           main] org.hibernate.SQL                        : delete from shift_assignments where id=?
Hibernate: delete from shift_assignments where id=?
2025-10-26T12:22:32.096+09:00 DEBUG 19468 --- [Shift Scheduler Demo] [           main] org.hibernate.SQL                        : delete from shift_assignments where id=?
Hibernate: delete from shift_assignments where id=?
2025-10-26T12:22:32.096+09:00 DEBUG 19468 --- [Shift Scheduler Demo] [           main] org.hibernate.SQL                        : delete from shift_assignments where id=?
Hibernate: delete from shift_assignments where id=?
2025-10-26T12:22:32.096+09:00 DEBUG 19468 --- [Shift Scheduler Demo] [           main] org.hibernate.SQL                        : delete from shift_assignments where id=?
Hibernate: delete from shift_assignments where id=?
2025-10-26T12:22:32.097+09:00 DEBUG 19468 --- [Shift Scheduler Demo] [           main] org.hibernate.SQL                        : delete from shift_assignments where id=?
Hibernate: delete from shift_assignments where id=?
2025-10-26T12:22:32.097+09:00 DEBUG 19468 --- [Shift Scheduler Demo] [           main] org.hibernate.SQL                        : delete from shift_assignments where id=?
Hibernate: delete from shift_assignments where id=?
2025-10-26T12:22:32.097+09:00 DEBUG 19468 --- [Shift Scheduler Demo] [           main] org.hibernate.SQL                        : delete from shift_assignments where id=?
Hibernate: delete from shift_assignments where id=?
2025-10-26T12:22:32.097+09:00 DEBUG 19468 --- [Shift Scheduler Demo] [           main] org.hibernate.SQL                        : delete from shift_assignments where id=?
Hibernate: delete from shift_assignments where id=?
2025-10-26T12:22:32.097+09:00 DEBUG 19468 --- [Shift Scheduler Demo] [           main] org.hibernate.SQL                        : delete from shift_assignments where id=?
Hibernate: delete from shift_assignments where id=?
2025-10-26T12:22:32.097+09:00 DEBUG 19468 --- [Shift Scheduler Demo] [           main] org.hibernate.SQL                        : delete from shift_assignments where id=?
Hibernate: delete from shift_assignments where id=?
2025-10-26T12:22:32.097+09:00 DEBUG 19468 --- [Shift Scheduler Demo] [           main] org.hibernate.SQL                        : delete from shift_assignments where id=?
Hibernate: delete from shift_assignments where id=?
2025-10-26T12:22:32.097+09:00 DEBUG 19468 --- [Shift Scheduler Demo] [           main] org.hibernate.SQL                        : delete from shift_assignments where id=?
Hibernate: delete from shift_assignments where id=?
2025-10-26T12:22:32.097+09:00 DEBUG 19468 --- [Shift Scheduler Demo] [           main] org.hibernate.SQL                        : delete from shift_assignments where id=?
Hibernate: delete from shift_assignments where id=?
2025-10-26T12:22:32.097+09:00 DEBUG 19468 --- [Shift Scheduler Demo] [           main] org.hibernate.SQL                        : delete from shift_assignments where id=?
Hibernate: delete from shift_assignments where id=?
2025-10-26T12:22:32.097+09:00 DEBUG 19468 --- [Shift Scheduler Demo] [           main] org.hibernate.SQL                        : delete from shift_assignments where id=?
Hibernate: delete from shift_assignments where id=?
2025-10-26T12:22:32.097+09:00 DEBUG 19468 --- [Shift Scheduler Demo] [           main] org.hibernate.SQL                        : delete from shift_assignments where id=?
Hibernate: delete from shift_assignments where id=?
2025-10-26T12:22:32.097+09:00 DEBUG 19468 --- [Shift Scheduler Demo] [           main] org.hibernate.SQL                        : delete from shift_assignments where id=?
Hibernate: delete from shift_assignments where id=?
2025-10-26T12:22:32.097+09:00 DEBUG 19468 --- [Shift Scheduler Demo] [           main] org.hibernate.SQL                        : delete from shift_assignments where id=?
Hibernate: delete from shift_assignments where id=?
2025-10-26T12:22:32.097+09:00 DEBUG 19468 --- [Shift Scheduler Demo] [           main] org.hibernate.SQL                        : delete from shift_assignments where id=?
Hibernate: delete from shift_assignments where id=?
2025-10-26T12:22:32.097+09:00 DEBUG 19468 --- [Shift Scheduler Demo] [           main] org.hibernate.SQL                        : delete from shift_assignments where id=?
Hibernate: delete from shift_assignments where id=?
2025-10-26T12:22:32.097+09:00 DEBUG 19468 --- [Shift Scheduler Demo] [           main] org.hibernate.SQL                        : delete from shift_assignments where id=?
Hibernate: delete from shift_assignments where id=?
2025-10-26T12:22:32.097+09:00 DEBUG 19468 --- [Shift Scheduler Demo] [           main] org.hibernate.SQL                        : delete from shift_assignments where id=?
Hibernate: delete from shift_assignments where id=?
2025-10-26T12:22:32.097+09:00 DEBUG 19468 --- [Shift Scheduler Demo] [           main] org.hibernate.SQL                        : delete from shift_assignments where id=?
Hibernate: delete from shift_assignments where id=?
2025-10-26T12:22:32.097+09:00 DEBUG 19468 --- [Shift Scheduler Demo] [           main] org.hibernate.SQL                        : delete from shift_assignments where id=?
Hibernate: delete from shift_assignments where id=?
2025-10-26T12:22:32.097+09:00 DEBUG 19468 --- [Shift Scheduler Demo] [           main] org.hibernate.SQL                        : delete from shift_assignments where id=?
Hibernate: delete from shift_assignments where id=?
2025-10-26T12:22:32.097+09:00 DEBUG 19468 --- [Shift Scheduler Demo] [           main] org.hibernate.SQL                        : delete from shift_assignments where id=?
Hibernate: delete from shift_assignments where id=?
2025-10-26T12:22:32.097+09:00 DEBUG 19468 --- [Shift Scheduler Demo] [           main] org.hibernate.SQL                        : delete from shift_assignments where id=?
Hibernate: delete from shift_assignments where id=?
2025-10-26T12:22:32.097+09:00 DEBUG 19468 --- [Shift Scheduler Demo] [           main] org.hibernate.SQL                        : delete from shift_assignments where id=?
Hibernate: delete from shift_assignments where id=?
2025-10-26T12:22:32.097+09:00 DEBUG 19468 --- [Shift Scheduler Demo] [           main] org.hibernate.SQL                        : delete from shift_assignments where id=?
Hibernate: delete from shift_assignments where id=?
2025-10-26T12:22:32.097+09:00 DEBUG 19468 --- [Shift Scheduler Demo] [           main] org.hibernate.SQL                        : delete from shift_assignments where id=?
Hibernate: delete from shift_assignments where id=?
2025-10-26T12:22:32.097+09:00 DEBUG 19468 --- [Shift Scheduler Demo] [           main] org.hibernate.SQL                        : delete from shift_assignments where id=?
Hibernate: delete from shift_assignments where id=?
2025-10-26T12:22:32.100+09:00 DEBUG 19468 --- [Shift Scheduler Demo] [           main] org.hibernate.SQL                        : delete from shift_assignments where id=?
Hibernate: delete from shift_assignments where id=?
2025-10-26T12:22:32.100+09:00 DEBUG 19468 --- [Shift Scheduler Demo] [           main] org.hibernate.SQL                        : delete from shift_assignments where id=?
Hibernate: delete from shift_assignments where id=?
2025-10-26T12:22:32.100+09:00 DEBUG 19468 --- [Shift Scheduler Demo] [           main] org.hibernate.SQL                        : delete from shift_assignments where id=?
Hibernate: delete from shift_assignments where id=?
2025-10-26T12:22:32.100+09:00 DEBUG 19468 --- [Shift Scheduler Demo] [           main] org.hibernate.SQL                        : delete from shift_assignments where id=?
Hibernate: delete from shift_assignments where id=?
2025-10-26T12:22:32.100+09:00 DEBUG 19468 --- [Shift Scheduler Demo] [           main] org.hibernate.SQL                        : delete from shift_assignments where id=?
Hibernate: delete from shift_assignments where id=?
2025-10-26T12:22:32.100+09:00 DEBUG 19468 --- [Shift Scheduler Demo] [           main] org.hibernate.SQL                        : delete from shift_assignments where id=?
Hibernate: delete from shift_assignments where id=?
2025-10-26T12:22:32.100+09:00 DEBUG 19468 --- [Shift Scheduler Demo] [           main] org.hibernate.SQL                        : delete from shift_assignments where id=?
Hibernate: delete from shift_assignments where id=?
2025-10-26T12:22:32.100+09:00 DEBUG 19468 --- [Shift Scheduler Demo] [           main] org.hibernate.SQL                        : delete from shift_assignments where id=?
Hibernate: delete from shift_assignments where id=?
2025-10-26T12:22:32.100+09:00 DEBUG 19468 --- [Shift Scheduler Demo] [           main] org.hibernate.SQL                        : delete from shift_assignments where id=?
Hibernate: delete from shift_assignments where id=?
2025-10-26T12:22:32.100+09:00 DEBUG 19468 --- [Shift Scheduler Demo] [           main] org.hibernate.SQL                        : delete from shift_assignments where id=?
Hibernate: delete from shift_assignments where id=?
2025-10-26T12:22:32.100+09:00 DEBUG 19468 --- [Shift Scheduler Demo] [           main] org.hibernate.SQL                        : delete from shift_assignments where id=?
Hibernate: delete from shift_assignments where id=?
2025-10-26T12:22:32.100+09:00 DEBUG 19468 --- [Shift Scheduler Demo] [           main] org.hibernate.SQL                        : delete from shift_assignments where id=?
Hibernate: delete from shift_assignments where id=?
2025-10-26T12:22:32.100+09:00 DEBUG 19468 --- [Shift Scheduler Demo] [           main] org.hibernate.SQL                        : delete from shift_assignments where id=?
Hibernate: delete from shift_assignments where id=?
2025-10-26T12:22:32.100+09:00 DEBUG 19468 --- [Shift Scheduler Demo] [           main] org.hibernate.SQL                        : delete from shift_assignments where id=?
Hibernate: delete from shift_assignments where id=?
2025-10-26T12:22:32.100+09:00 DEBUG 19468 --- [Shift Scheduler Demo] [           main] org.hibernate.SQL                        : delete from shift_assignments where id=?
Hibernate: delete from shift_assignments where id=?
2025-10-26T12:22:32.100+09:00 DEBUG 19468 --- [Shift Scheduler Demo] [           main] org.hibernate.SQL                        : delete from shift_assignments where id=?
Hibernate: delete from shift_assignments where id=?
2025-10-26T12:22:32.100+09:00 DEBUG 19468 --- [Shift Scheduler Demo] [           main] org.hibernate.SQL                        : delete from shift_assignments where id=?
Hibernate: delete from shift_assignments where id=?
2025-10-26T12:22:32.100+09:00 DEBUG 19468 --- [Shift Scheduler Demo] [           main] org.hibernate.SQL                        : delete from shift_assignments where id=?
Hibernate: delete from shift_assignments where id=?
2025-10-26T12:22:32.100+09:00 DEBUG 19468 --- [Shift Scheduler Demo] [           main] org.hibernate.SQL                        : delete from shift_assignments where id=?
Hibernate: delete from shift_assignments where id=?
2025-10-26T12:22:32.100+09:00 DEBUG 19468 --- [Shift Scheduler Demo] [           main] org.hibernate.SQL                        : delete from shift_assignments where id=?
Hibernate: delete from shift_assignments where id=?
2025-10-26T12:22:32.100+09:00 DEBUG 19468 --- [Shift Scheduler Demo] [           main] org.hibernate.SQL                        : delete from shift_assignments where id=?
Hibernate: delete from shift_assignments where id=?
2025-10-26T12:22:32.100+09:00 DEBUG 19468 --- [Shift Scheduler Demo] [           main] org.hibernate.SQL                        : delete from shift_assignments where id=?
Hibernate: delete from shift_assignments where id=?
2025-10-26T12:22:32.100+09:00 DEBUG 19468 --- [Shift Scheduler Demo] [           main] org.hibernate.SQL                        : delete from shift_assignments where id=?
Hibernate: delete from shift_assignments where id=?
2025-10-26T12:22:32.101+09:00 DEBUG 19468 --- [Shift Scheduler Demo] [           main] org.hibernate.SQL                        : delete from shift_assignments where id=?
Hibernate: delete from shift_assignments where id=?
2025-10-26T12:22:32.101+09:00 DEBUG 19468 --- [Shift Scheduler Demo] [           main] org.hibernate.SQL                        : delete from shift_assignments where id=?
Hibernate: delete from shift_assignments where id=?
2025-10-26T12:22:32.101+09:00 DEBUG 19468 --- [Shift Scheduler Demo] [           main] org.hibernate.SQL                        : delete from shift_assignments where id=?
Hibernate: delete from shift_assignments where id=?
2025-10-26T12:22:32.101+09:00 DEBUG 19468 --- [Shift Scheduler Demo] [           main] org.hibernate.SQL                        : delete from shift_assignments where id=?
Hibernate: delete from shift_assignments where id=?
2025-10-26T12:22:32.101+09:00 DEBUG 19468 --- [Shift Scheduler Demo] [           main] org.hibernate.SQL                        : delete from shift_assignments where id=?
Hibernate: delete from shift_assignments where id=?
2025-10-26T12:22:32.101+09:00 DEBUG 19468 --- [Shift Scheduler Demo] [           main] org.hibernate.SQL                        : delete from shift_assignments where id=?
Hibernate: delete from shift_assignments where id=?
2025-10-26T12:22:32.101+09:00 DEBUG 19468 --- [Shift Scheduler Demo] [           main] org.hibernate.SQL                        : delete from shift_assignments where id=?
Hibernate: delete from shift_assignments where id=?
2025-10-26T12:22:32.101+09:00 DEBUG 19468 --- [Shift Scheduler Demo] [           main] org.hibernate.SQL                        : delete from shift_assignments where id=?
Hibernate: delete from shift_assignments where id=?
2025-10-26T12:22:32.101+09:00 DEBUG 19468 --- [Shift Scheduler Demo] [           main] org.hibernate.SQL                        : delete from shift_assignments where id=?
Hibernate: delete from shift_assignments where id=?
2025-10-26T12:22:32.101+09:00 DEBUG 19468 --- [Shift Scheduler Demo] [           main] org.hibernate.SQL                        : delete from shift_assignments where id=?
Hibernate: delete from shift_assignments where id=?
2025-10-26T12:22:32.101+09:00 DEBUG 19468 --- [Shift Scheduler Demo] [           main] org.hibernate.SQL                        : delete from shift_assignments where id=?
Hibernate: delete from shift_assignments where id=?
2025-10-26T12:22:32.101+09:00 DEBUG 19468 --- [Shift Scheduler Demo] [           main] org.hibernate.SQL                        : delete from shift_assignments where id=?
Hibernate: delete from shift_assignments where id=?
2025-10-26T12:22:32.101+09:00 DEBUG 19468 --- [Shift Scheduler Demo] [           main] org.hibernate.SQL                        : delete from shift_assignments where id=?
Hibernate: delete from shift_assignments where id=?
2025-10-26T12:22:32.101+09:00 DEBUG 19468 --- [Shift Scheduler Demo] [           main] org.hibernate.SQL                        : delete from shift_assignments where id=?
Hibernate: delete from shift_assignments where id=?
2025-10-26T12:22:32.101+09:00 DEBUG 19468 --- [Shift Scheduler Demo] [           main] org.hibernate.SQL                        : delete from shift_assignments where id=?
Hibernate: delete from shift_assignments where id=?
2025-10-26T12:22:32.101+09:00 DEBUG 19468 --- [Shift Scheduler Demo] [           main] org.hibernate.SQL                        : delete from shift_assignments where id=?
Hibernate: delete from shift_assignments where id=?
2025-10-26T12:22:32.102+09:00 DEBUG 19468 --- [Shift Scheduler Demo] [           main] org.hibernate.SQL                        : delete from shift_assignments where id=?
Hibernate: delete from shift_assignments where id=?
2025-10-26T12:22:32.102+09:00 DEBUG 19468 --- [Shift Scheduler Demo] [           main] org.hibernate.SQL                        : delete from shift_assignments where id=?
Hibernate: delete from shift_assignments where id=?
2025-10-26T12:22:32.102+09:00 DEBUG 19468 --- [Shift Scheduler Demo] [           main] org.hibernate.SQL                        : delete from shift_assignments where id=?
Hibernate: delete from shift_assignments where id=?
2025-10-26T12:22:32.102+09:00 DEBUG 19468 --- [Shift Scheduler Demo] [           main] org.hibernate.SQL                        : delete from shift_assignments where id=?
Hibernate: delete from shift_assignments where id=?
2025-10-26T12:22:32.102+09:00 DEBUG 19468 --- [Shift Scheduler Demo] [           main] org.hibernate.SQL                        : delete from shift_assignments where id=?
Hibernate: delete from shift_assignments where id=?
2025-10-26T12:22:32.102+09:00 DEBUG 19468 --- [Shift Scheduler Demo] [           main] org.hibernate.SQL                        : delete from shift_assignments where id=?
Hibernate: delete from shift_assignments where id=?
2025-10-26T12:22:32.102+09:00 DEBUG 19468 --- [Shift Scheduler Demo] [           main] org.hibernate.SQL                        : delete from shift_assignments where id=?
Hibernate: delete from shift_assignments where id=?
2025-10-26T12:22:32.102+09:00 DEBUG 19468 --- [Shift Scheduler Demo] [           main] org.hibernate.SQL                        : delete from shift_assignments where id=?
Hibernate: delete from shift_assignments where id=?
2025-10-26T12:22:32.102+09:00 DEBUG 19468 --- [Shift Scheduler Demo] [           main] org.hibernate.SQL                        : delete from shift_assignments where id=?
Hibernate: delete from shift_assignments where id=?
2025-10-26T12:22:32.102+09:00 DEBUG 19468 --- [Shift Scheduler Demo] [           main] org.hibernate.SQL                        : delete from shift_assignments where id=?
Hibernate: delete from shift_assignments where id=?
2025-10-26T12:22:32.105+09:00 DEBUG 19468 --- [Shift Scheduler Demo] [           main] org.hibernate.SQL                        : delete from shift_assignments where id=?
Hibernate: delete from shift_assignments where id=?
2025-10-26T12:22:32.105+09:00 DEBUG 19468 --- [Shift Scheduler Demo] [           main] org.hibernate.SQL                        : delete from shift_assignments where id=?
Hibernate: delete from shift_assignments where id=?
2025-10-26T12:22:32.105+09:00 DEBUG 19468 --- [Shift Scheduler Demo] [           main] org.hibernate.SQL                        : delete from shift_assignments where id=?
Hibernate: delete from shift_assignments where id=?
2025-10-26T12:22:32.105+09:00 DEBUG 19468 --- [Shift Scheduler Demo] [           main] org.hibernate.SQL                        : delete from shift_assignments where id=?
Hibernate: delete from shift_assignments where id=?
2025-10-26T12:22:32.107+09:00 DEBUG 19468 --- [Shift Scheduler Demo] [           main] org.hibernate.SQL                        : delete from shift_assignments where id=?
Hibernate: delete from shift_assignments where id=?
2025-10-26T12:22:32.107+09:00 DEBUG 19468 --- [Shift Scheduler Demo] [           main] org.hibernate.SQL                        : delete from shift_assignments where id=?
Hibernate: delete from shift_assignments where id=?
2025-10-26T12:22:32.107+09:00 DEBUG 19468 --- [Shift Scheduler Demo] [           main] org.hibernate.SQL                        : delete from shift_assignments where id=?
Hibernate: delete from shift_assignments where id=?
2025-10-26T12:22:32.107+09:00 DEBUG 19468 --- [Shift Scheduler Demo] [           main] org.hibernate.SQL                        : delete from shift_assignments where id=?
Hibernate: delete from shift_assignments where id=?
2025-10-26T12:22:32.107+09:00 DEBUG 19468 --- [Shift Scheduler Demo] [           main] org.hibernate.SQL                        : delete from shift_assignments where id=?
Hibernate: delete from shift_assignments where id=?
2025-10-26T12:22:32.107+09:00 DEBUG 19468 --- [Shift Scheduler Demo] [           main] org.hibernate.SQL                        : delete from shift_assignments where id=?
Hibernate: delete from shift_assignments where id=?
2025-10-26T12:22:32.107+09:00 DEBUG 19468 --- [Shift Scheduler Demo] [           main] org.hibernate.SQL                        : delete from shift_assignments where id=?
Hibernate: delete from shift_assignments where id=?
2025-10-26T12:22:32.107+09:00 DEBUG 19468 --- [Shift Scheduler Demo] [           main] org.hibernate.SQL                        : delete from shift_assignments where id=?
Hibernate: delete from shift_assignments where id=?
2025-10-26T12:22:32.107+09:00 DEBUG 19468 --- [Shift Scheduler Demo] [           main] org.hibernate.SQL                        : delete from shift_assignments where id=?
Hibernate: delete from shift_assignments where id=?
2025-10-26T12:22:32.107+09:00 DEBUG 19468 --- [Shift Scheduler Demo] [           main] org.hibernate.SQL                        : delete from shift_assignments where id=?
Hibernate: delete from shift_assignments where id=?
2025-10-26T12:22:32.107+09:00 DEBUG 19468 --- [Shift Scheduler Demo] [           main] org.hibernate.SQL                        : delete from shift_assignments where id=?
Hibernate: delete from shift_assignments where id=?
2025-10-26T12:22:32.107+09:00 DEBUG 19468 --- [Shift Scheduler Demo] [           main] org.hibernate.SQL                        : delete from shift_assignments where id=?
Hibernate: delete from shift_assignments where id=?
2025-10-26T12:22:32.107+09:00 DEBUG 19468 --- [Shift Scheduler Demo] [           main] org.hibernate.SQL                        : delete from shift_assignments where id=?
Hibernate: delete from shift_assignments where id=?
2025-10-26T12:22:32.107+09:00 DEBUG 19468 --- [Shift Scheduler Demo] [           main] org.hibernate.SQL                        : delete from shift_assignments where id=?
Hibernate: delete from shift_assignments where id=?
2025-10-26T12:22:32.107+09:00 DEBUG 19468 --- [Shift Scheduler Demo] [           main] org.hibernate.SQL                        : delete from shift_assignments where id=?
Hibernate: delete from shift_assignments where id=?
2025-10-26T12:22:32.107+09:00 DEBUG 19468 --- [Shift Scheduler Demo] [           main] org.hibernate.SQL                        : delete from shift_assignments where id=?
Hibernate: delete from shift_assignments where id=?
2025-10-26T12:22:32.107+09:00 DEBUG 19468 --- [Shift Scheduler Demo] [           main] org.hibernate.SQL                        : delete from shift_assignments where id=?
Hibernate: delete from shift_assignments where id=?
2025-10-26T12:22:32.107+09:00 DEBUG 19468 --- [Shift Scheduler Demo] [           main] org.hibernate.SQL                        : delete from shift_assignments where id=?
Hibernate: delete from shift_assignments where id=?
2025-10-26T12:22:32.107+09:00 DEBUG 19468 --- [Shift Scheduler Demo] [           main] org.hibernate.SQL                        : delete from shift_assignments where id=?
Hibernate: delete from shift_assignments where id=?
2025-10-26T12:22:32.107+09:00 DEBUG 19468 --- [Shift Scheduler Demo] [           main] org.hibernate.SQL                        : delete from shift_assignments where id=?
Hibernate: delete from shift_assignments where id=?
2025-10-26T12:22:32.109+09:00 DEBUG 19468 --- [Shift Scheduler Demo] [           main] org.hibernate.SQL                        : delete from shift_assignments where id=?
Hibernate: delete from shift_assignments where id=?
2025-10-26T12:22:32.112+09:00 DEBUG 19468 --- [Shift Scheduler Demo] [           main] org.hibernate.SQL                        : delete from shift_assignments where id=?
Hibernate: delete from shift_assignments where id=?
2025-10-26T12:22:32.112+09:00 DEBUG 19468 --- [Shift Scheduler Demo] [           main] org.hibernate.SQL                        : delete from shift_assignments where id=?
Hibernate: delete from shift_assignments where id=?
2025-10-26T12:22:32.112+09:00 DEBUG 19468 --- [Shift Scheduler Demo] [           main] org.hibernate.SQL                        : delete from shift_assignments where id=?
Hibernate: delete from shift_assignments where id=?
2025-10-26T12:22:32.112+09:00 DEBUG 19468 --- [Shift Scheduler Demo] [           main] org.hibernate.SQL                        : delete from shift_assignments where id=?
Hibernate: delete from shift_assignments where id=?
2025-10-26T12:22:32.112+09:00 DEBUG 19468 --- [Shift Scheduler Demo] [           main] org.hibernate.SQL                        : delete from shift_assignments where id=?
Hibernate: delete from shift_assignments where id=?
2025-10-26T12:22:32.112+09:00 DEBUG 19468 --- [Shift Scheduler Demo] [           main] org.hibernate.SQL                        : delete from shift_assignments where id=?
Hibernate: delete from shift_assignments where id=?
2025-10-26T12:22:32.112+09:00 DEBUG 19468 --- [Shift Scheduler Demo] [           main] org.hibernate.SQL                        : delete from shift_assignments where id=?
Hibernate: delete from shift_assignments where id=?
2025-10-26T12:22:32.112+09:00 DEBUG 19468 --- [Shift Scheduler Demo] [           main] org.hibernate.SQL                        : delete from shift_assignments where id=?
Hibernate: delete from shift_assignments where id=?
2025-10-26T12:22:32.112+09:00 DEBUG 19468 --- [Shift Scheduler Demo] [           main] org.hibernate.SQL                        : delete from shift_assignments where id=?
Hibernate: delete from shift_assignments where id=?
2025-10-26T12:22:32.112+09:00 DEBUG 19468 --- [Shift Scheduler Demo] [           main] org.hibernate.SQL                        : delete from shift_assignments where id=?
Hibernate: delete from shift_assignments where id=?
2025-10-26T12:22:32.112+09:00 DEBUG 19468 --- [Shift Scheduler Demo] [           main] org.hibernate.SQL                        : delete from shift_assignments where id=?
Hibernate: delete from shift_assignments where id=?
2025-10-26T12:22:32.112+09:00 DEBUG 19468 --- [Shift Scheduler Demo] [           main] org.hibernate.SQL                        : delete from shift_assignments where id=?
Hibernate: delete from shift_assignments where id=?
2025-10-26T12:22:32.112+09:00 DEBUG 19468 --- [Shift Scheduler Demo] [           main] org.hibernate.SQL                        : delete from shift_assignments where id=?
Hibernate: delete from shift_assignments where id=?
2025-10-26T12:22:32.112+09:00 DEBUG 19468 --- [Shift Scheduler Demo] [           main] org.hibernate.SQL                        : delete from shift_assignments where id=?
Hibernate: delete from shift_assignments where id=?
2025-10-26T12:22:32.112+09:00 DEBUG 19468 --- [Shift Scheduler Demo] [           main] org.hibernate.SQL                        : delete from shift_assignments where id=?
Hibernate: delete from shift_assignments where id=?
2025-10-26T12:22:32.112+09:00 DEBUG 19468 --- [Shift Scheduler Demo] [           main] org.hibernate.SQL                        : delete from shift_assignments where id=?
Hibernate: delete from shift_assignments where id=?
2025-10-26T12:22:32.112+09:00 DEBUG 19468 --- [Shift Scheduler Demo] [           main] org.hibernate.SQL                        : delete from shift_assignments where id=?
Hibernate: delete from shift_assignments where id=?
2025-10-26T12:22:32.112+09:00 DEBUG 19468 --- [Shift Scheduler Demo] [           main] org.hibernate.SQL                        : delete from shift_assignments where id=?
Hibernate: delete from shift_assignments where id=?
2025-10-26T12:22:32.112+09:00 DEBUG 19468 --- [Shift Scheduler Demo] [           main] org.hibernate.SQL                        : delete from shift_assignments where id=?
Hibernate: delete from shift_assignments where id=?
2025-10-26T12:22:32.112+09:00 DEBUG 19468 --- [Shift Scheduler Demo] [           main] org.hibernate.SQL                        : delete from shift_assignments where id=?
Hibernate: delete from shift_assignments where id=?
2025-10-26T12:22:32.112+09:00 DEBUG 19468 --- [Shift Scheduler Demo] [           main] org.hibernate.SQL                        : delete from shift_assignments where id=?
Hibernate: delete from shift_assignments where id=?
2025-10-26T12:22:32.112+09:00 DEBUG 19468 --- [Shift Scheduler Demo] [           main] org.hibernate.SQL                        : delete from shift_assignments where id=?
Hibernate: delete from shift_assignments where id=?
2025-10-26T12:22:32.112+09:00 DEBUG 19468 --- [Shift Scheduler Demo] [           main] org.hibernate.SQL                        : delete from shift_assignments where id=?
Hibernate: delete from shift_assignments where id=?
2025-10-26T12:22:32.113+09:00 DEBUG 19468 --- [Shift Scheduler Demo] [           main] org.hibernate.SQL                        : delete from shift_assignments where id=?
Hibernate: delete from shift_assignments where id=?
2025-10-26T12:22:32.113+09:00 DEBUG 19468 --- [Shift Scheduler Demo] [           main] org.hibernate.SQL                        : delete from shift_assignments where id=?
Hibernate: delete from shift_assignments where id=?
2025-10-26T12:22:32.113+09:00 DEBUG 19468 --- [Shift Scheduler Demo] [           main] org.hibernate.SQL                        : delete from shift_assignments where id=?
Hibernate: delete from shift_assignments where id=?
2025-10-26T12:22:32.113+09:00 DEBUG 19468 --- [Shift Scheduler Demo] [           main] org.hibernate.SQL                        : delete from shift_assignments where id=?
Hibernate: delete from shift_assignments where id=?
2025-10-26T12:22:32.113+09:00 DEBUG 19468 --- [Shift Scheduler Demo] [           main] org.hibernate.SQL                        : delete from shift_assignments where id=?
Hibernate: delete from shift_assignments where id=?
2025-10-26T12:22:32.113+09:00 DEBUG 19468 --- [Shift Scheduler Demo] [           main] org.hibernate.SQL                        : delete from shift_assignments where id=?
Hibernate: delete from shift_assignments where id=?
2025-10-26T12:22:32.113+09:00 DEBUG 19468 --- [Shift Scheduler Demo] [           main] org.hibernate.SQL                        : delete from shift_assignments where id=?
Hibernate: delete from shift_assignments where id=?
2025-10-26T12:22:32.113+09:00 DEBUG 19468 --- [Shift Scheduler Demo] [           main] org.hibernate.SQL                        : delete from shift_assignments where id=?
Hibernate: delete from shift_assignments where id=?
2025-10-26T12:22:32.113+09:00 DEBUG 19468 --- [Shift Scheduler Demo] [           main] org.hibernate.SQL                        : delete from shift_assignments where id=?
Hibernate: delete from shift_assignments where id=?
2025-10-26T12:22:32.113+09:00 DEBUG 19468 --- [Shift Scheduler Demo] [           main] org.hibernate.SQL                        : delete from shift_assignments where id=?
Hibernate: delete from shift_assignments where id=?
2025-10-26T12:22:32.113+09:00 DEBUG 19468 --- [Shift Scheduler Demo] [           main] org.hibernate.SQL                        : delete from shift_assignments where id=?
Hibernate: delete from shift_assignments where id=?
2025-10-26T12:22:32.113+09:00 DEBUG 19468 --- [Shift Scheduler Demo] [           main] org.hibernate.SQL                        : delete from shift_assignments where id=?
Hibernate: delete from shift_assignments where id=?
2025-10-26T12:22:32.113+09:00 DEBUG 19468 --- [Shift Scheduler Demo] [           main] org.hibernate.SQL                        : delete from shift_assignments where id=?
Hibernate: delete from shift_assignments where id=?
2025-10-26T12:22:32.113+09:00 DEBUG 19468 --- [Shift Scheduler Demo] [           main] org.hibernate.SQL                        : delete from shift_assignments where id=?
Hibernate: delete from shift_assignments where id=?
2025-10-26T12:22:32.113+09:00 DEBUG 19468 --- [Shift Scheduler Demo] [           main] org.hibernate.SQL                        : delete from shift_assignments where id=?
Hibernate: delete from shift_assignments where id=?
2025-10-26T12:22:32.113+09:00 DEBUG 19468 --- [Shift Scheduler Demo] [           main] org.hibernate.SQL                        : delete from shift_assignments where id=?
Hibernate: delete from shift_assignments where id=?
2025-10-26T12:22:32.113+09:00 DEBUG 19468 --- [Shift Scheduler Demo] [           main] org.hibernate.SQL                        : delete from shift_assignments where id=?
Hibernate: delete from shift_assignments where id=?
2025-10-26T12:22:32.113+09:00 DEBUG 19468 --- [Shift Scheduler Demo] [           main] org.hibernate.SQL                        : delete from shift_assignments where id=?
Hibernate: delete from shift_assignments where id=?
2025-10-26T12:22:32.114+09:00 DEBUG 19468 --- [Shift Scheduler Demo] [           main] org.hibernate.SQL                        : delete from shift_assignments where id=?
Hibernate: delete from shift_assignments where id=?
2025-10-26T12:22:32.115+09:00 DEBUG 19468 --- [Shift Scheduler Demo] [           main] org.hibernate.SQL                        : delete from shift_assignments where id=?
Hibernate: delete from shift_assignments where id=?
2025-10-26T12:22:32.115+09:00 DEBUG 19468 --- [Shift Scheduler Demo] [           main] org.hibernate.SQL                        : delete from shift_assignments where id=?
Hibernate: delete from shift_assignments where id=?
2025-10-26T12:22:32.115+09:00 DEBUG 19468 --- [Shift Scheduler Demo] [           main] org.hibernate.SQL                        : delete from shift_assignments where id=?
Hibernate: delete from shift_assignments where id=?
2025-10-26T12:22:32.115+09:00 DEBUG 19468 --- [Shift Scheduler Demo] [           main] org.hibernate.SQL                        : delete from shift_assignments where id=?
Hibernate: delete from shift_assignments where id=?
2025-10-26T12:22:32.115+09:00 DEBUG 19468 --- [Shift Scheduler Demo] [           main] org.hibernate.SQL                        : delete from shift_assignments where id=?
Hibernate: delete from shift_assignments where id=?
2025-10-26T12:22:32.115+09:00 DEBUG 19468 --- [Shift Scheduler Demo] [           main] org.hibernate.SQL                        : delete from shift_assignments where id=?
Hibernate: delete from shift_assignments where id=?
2025-10-26T12:22:32.115+09:00 DEBUG 19468 --- [Shift Scheduler Demo] [           main] org.hibernate.SQL                        : delete from shift_assignments where id=?
Hibernate: delete from shift_assignments where id=?
2025-10-26T12:22:32.115+09:00 DEBUG 19468 --- [Shift Scheduler Demo] [           main] org.hibernate.SQL                        : delete from shift_assignments where id=?
Hibernate: delete from shift_assignments where id=?
2025-10-26T12:22:32.115+09:00 DEBUG 19468 --- [Shift Scheduler Demo] [           main] org.hibernate.SQL                        : delete from shift_assignments where id=?
Hibernate: delete from shift_assignments where id=?
2025-10-26T12:22:32.115+09:00 DEBUG 19468 --- [Shift Scheduler Demo] [           main] org.hibernate.SQL                        : delete from shift_assignments where id=?
Hibernate: delete from shift_assignments where id=?
2025-10-26T12:22:32.115+09:00 DEBUG 19468 --- [Shift Scheduler Demo] [           main] org.hibernate.SQL                        : delete from shift_assignments where id=?
Hibernate: delete from shift_assignments where id=?
2025-10-26T12:22:32.115+09:00 DEBUG 19468 --- [Shift Scheduler Demo] [           main] org.hibernate.SQL                        : delete from shift_assignments where id=?
Hibernate: delete from shift_assignments where id=?
2025-10-26T12:22:32.115+09:00 DEBUG 19468 --- [Shift Scheduler Demo] [           main] org.hibernate.SQL                        : delete from shift_assignments where id=?
Hibernate: delete from shift_assignments where id=?
2025-10-26T12:22:32.115+09:00 DEBUG 19468 --- [Shift Scheduler Demo] [           main] org.hibernate.SQL                        : delete from shift_assignments where id=?
Hibernate: delete from shift_assignments where id=?
2025-10-26T12:22:32.115+09:00 DEBUG 19468 --- [Shift Scheduler Demo] [           main] org.hibernate.SQL                        : delete from shift_assignments where id=?
Hibernate: delete from shift_assignments where id=?
2025-10-26T12:22:32.115+09:00 DEBUG 19468 --- [Shift Scheduler Demo] [           main] org.hibernate.SQL                        : delete from shift_assignments where id=?
Hibernate: delete from shift_assignments where id=?
2025-10-26T12:22:32.115+09:00 DEBUG 19468 --- [Shift Scheduler Demo] [           main] org.hibernate.SQL                        : delete from shift_assignments where id=?
Hibernate: delete from shift_assignments where id=?
2025-10-26T12:22:32.115+09:00 DEBUG 19468 --- [Shift Scheduler Demo] [           main] org.hibernate.SQL                        : delete from shift_assignments where id=?
Hibernate: delete from shift_assignments where id=?
2025-10-26T12:22:32.115+09:00 DEBUG 19468 --- [Shift Scheduler Demo] [           main] org.hibernate.SQL                        : delete from shift_assignments where id=?
Hibernate: delete from shift_assignments where id=?
2025-10-26T12:22:32.115+09:00 DEBUG 19468 --- [Shift Scheduler Demo] [           main] org.hibernate.SQL                        : delete from shift_assignments where id=?
Hibernate: delete from shift_assignments where id=?
2025-10-26T12:22:32.115+09:00 DEBUG 19468 --- [Shift Scheduler Demo] [           main] org.hibernate.SQL                        : delete from shift_assignments where id=?
Hibernate: delete from shift_assignments where id=?
2025-10-26T12:22:32.115+09:00 DEBUG 19468 --- [Shift Scheduler Demo] [           main] org.hibernate.SQL                        : delete from shift_assignments where id=?
Hibernate: delete from shift_assignments where id=?
2025-10-26T12:22:32.115+09:00 DEBUG 19468 --- [Shift Scheduler Demo] [           main] org.hibernate.SQL                        : delete from shift_assignments where id=?
Hibernate: delete from shift_assignments where id=?
2025-10-26T12:22:32.115+09:00 DEBUG 19468 --- [Shift Scheduler Demo] [           main] org.hibernate.SQL                        : delete from shift_assignments where id=?
Hibernate: delete from shift_assignments where id=?
2025-10-26T12:22:32.115+09:00 DEBUG 19468 --- [Shift Scheduler Demo] [           main] org.hibernate.SQL                        : delete from shift_assignments where id=?
Hibernate: delete from shift_assignments where id=?
2025-10-26T12:22:32.115+09:00 DEBUG 19468 --- [Shift Scheduler Demo] [           main] org.hibernate.SQL                        : delete from shift_assignments where id=?
Hibernate: delete from shift_assignments where id=?
2025-10-26T12:22:32.115+09:00 DEBUG 19468 --- [Shift Scheduler Demo] [           main] org.hibernate.SQL                        : delete from shift_assignments where id=?
Hibernate: delete from shift_assignments where id=?
2025-10-26T12:22:32.115+09:00 DEBUG 19468 --- [Shift Scheduler Demo] [           main] org.hibernate.SQL                        : delete from shift_assignments where id=?
Hibernate: delete from shift_assignments where id=?
2025-10-26T12:22:32.115+09:00 DEBUG 19468 --- [Shift Scheduler Demo] [           main] org.hibernate.SQL                        : delete from shift_assignments where id=?
Hibernate: delete from shift_assignments where id=?
2025-10-26T12:22:32.116+09:00 DEBUG 19468 --- [Shift Scheduler Demo] [           main] org.hibernate.SQL                        : delete from shift_assignments where id=?
Hibernate: delete from shift_assignments where id=?
2025-10-26T12:22:32.116+09:00 DEBUG 19468 --- [Shift Scheduler Demo] [           main] org.hibernate.SQL                        : delete from shift_assignments where id=?
Hibernate: delete from shift_assignments where id=?
2025-10-26T12:22:32.116+09:00 DEBUG 19468 --- [Shift Scheduler Demo] [           main] org.hibernate.SQL                        : delete from shift_assignments where id=?
Hibernate: delete from shift_assignments where id=?
2025-10-26T12:22:32.116+09:00 DEBUG 19468 --- [Shift Scheduler Demo] [           main] org.hibernate.SQL                        : delete from shift_assignments where id=?
Hibernate: delete from shift_assignments where id=?
2025-10-26T12:22:32.116+09:00 DEBUG 19468 --- [Shift Scheduler Demo] [           main] org.hibernate.SQL                        : delete from shift_assignments where id=?
Hibernate: delete from shift_assignments where id=?
2025-10-26T12:22:32.116+09:00 DEBUG 19468 --- [Shift Scheduler Demo] [           main] org.hibernate.SQL                        : delete from shift_assignments where id=?
Hibernate: delete from shift_assignments where id=?
2025-10-26T12:22:32.116+09:00 DEBUG 19468 --- [Shift Scheduler Demo] [           main] org.hibernate.SQL                        : delete from shift_assignments where id=?
Hibernate: delete from shift_assignments where id=?
2025-10-26T12:22:32.116+09:00 DEBUG 19468 --- [Shift Scheduler Demo] [           main] org.hibernate.SQL                        : delete from shift_assignments where id=?
Hibernate: delete from shift_assignments where id=?
2025-10-26T12:22:32.116+09:00 DEBUG 19468 --- [Shift Scheduler Demo] [           main] org.hibernate.SQL                        : delete from shift_assignments where id=?
Hibernate: delete from shift_assignments where id=?
2025-10-26T12:22:32.116+09:00 DEBUG 19468 --- [Shift Scheduler Demo] [           main] org.hibernate.SQL                        : delete from shift_assignments where id=?
Hibernate: delete from shift_assignments where id=?
2025-10-26T12:22:32.116+09:00 DEBUG 19468 --- [Shift Scheduler Demo] [           main] org.hibernate.SQL                        : delete from shift_assignments where id=?
Hibernate: delete from shift_assignments where id=?
2025-10-26T12:22:32.116+09:00 DEBUG 19468 --- [Shift Scheduler Demo] [           main] org.hibernate.SQL                        : delete from shift_assignments where id=?
Hibernate: delete from shift_assignments where id=?
2025-10-26T12:22:32.116+09:00 DEBUG 19468 --- [Shift Scheduler Demo] [           main] org.hibernate.SQL                        : delete from shift_assignments where id=?
Hibernate: delete from shift_assignments where id=?
2025-10-26T12:22:32.116+09:00 DEBUG 19468 --- [Shift Scheduler Demo] [           main] org.hibernate.SQL                        : delete from shift_assignments where id=?
Hibernate: delete from shift_assignments where id=?
2025-10-26T12:22:32.116+09:00 DEBUG 19468 --- [Shift Scheduler Demo] [           main] org.hibernate.SQL                        : delete from shift_assignments where id=?
Hibernate: delete from shift_assignments where id=?
2025-10-26T12:22:32.116+09:00 DEBUG 19468 --- [Shift Scheduler Demo] [           main] org.hibernate.SQL                        : delete from shift_assignments where id=?
Hibernate: delete from shift_assignments where id=?
2025-10-26T12:22:32.116+09:00 DEBUG 19468 --- [Shift Scheduler Demo] [           main] org.hibernate.SQL                        : delete from shift_assignments where id=?
Hibernate: delete from shift_assignments where id=?
2025-10-26T12:22:32.116+09:00 DEBUG 19468 --- [Shift Scheduler Demo] [           main] org.hibernate.SQL                        : delete from shift_assignments where id=?
Hibernate: delete from shift_assignments where id=?
2025-10-26T12:22:32.116+09:00 DEBUG 19468 --- [Shift Scheduler Demo] [           main] org.hibernate.SQL                        : delete from shift_assignments where id=?
Hibernate: delete from shift_assignments where id=?
2025-10-26T12:22:32.116+09:00 DEBUG 19468 --- [Shift Scheduler Demo] [           main] org.hibernate.SQL                        : delete from shift_assignments where id=?
Hibernate: delete from shift_assignments where id=?
2025-10-26T12:22:32.116+09:00 DEBUG 19468 --- [Shift Scheduler Demo] [           main] org.hibernate.SQL                        : delete from shift_assignments where id=?
Hibernate: delete from shift_assignments where id=?
2025-10-26T12:22:32.116+09:00 DEBUG 19468 --- [Shift Scheduler Demo] [           main] org.hibernate.SQL                        : delete from shift_assignments where id=?
Hibernate: delete from shift_assignments where id=?
2025-10-26T12:22:32.116+09:00 DEBUG 19468 --- [Shift Scheduler Demo] [           main] org.hibernate.SQL                        : delete from shift_assignments where id=?
Hibernate: delete from shift_assignments where id=?
2025-10-26T12:22:32.116+09:00 DEBUG 19468 --- [Shift Scheduler Demo] [           main] org.hibernate.SQL                        : delete from shift_assignments where id=?
Hibernate: delete from shift_assignments where id=?
2025-10-26T12:22:32.117+09:00 DEBUG 19468 --- [Shift Scheduler Demo] [           main] org.hibernate.SQL                        : delete from shift_assignments where id=?
Hibernate: delete from shift_assignments where id=?
2025-10-26T12:22:32.118+09:00 DEBUG 19468 --- [Shift Scheduler Demo] [           main] org.hibernate.SQL                        : delete from shift_assignments where id=?
Hibernate: delete from shift_assignments where id=?
2025-10-26T12:22:32.118+09:00 DEBUG 19468 --- [Shift Scheduler Demo] [           main] org.hibernate.SQL                        : delete from shift_assignments where id=?
Hibernate: delete from shift_assignments where id=?
2025-10-26T12:22:32.118+09:00 DEBUG 19468 --- [Shift Scheduler Demo] [           main] org.hibernate.SQL                        : delete from shift_assignments where id=?
Hibernate: delete from shift_assignments where id=?
2025-10-26T12:22:32.118+09:00 DEBUG 19468 --- [Shift Scheduler Demo] [           main] org.hibernate.SQL                        : delete from shift_assignments where id=?
Hibernate: delete from shift_assignments where id=?
2025-10-26T12:22:32.118+09:00 DEBUG 19468 --- [Shift Scheduler Demo] [           main] org.hibernate.SQL                        : delete from shift_assignments where id=?
Hibernate: delete from shift_assignments where id=?
2025-10-26T12:22:32.118+09:00 DEBUG 19468 --- [Shift Scheduler Demo] [           main] org.hibernate.SQL                        : delete from shift_assignments where id=?
Hibernate: delete from shift_assignments where id=?
2025-10-26T12:22:32.118+09:00 DEBUG 19468 --- [Shift Scheduler Demo] [           main] org.hibernate.SQL                        : delete from shift_assignments where id=?
Hibernate: delete from shift_assignments where id=?
2025-10-26T12:22:32.118+09:00 DEBUG 19468 --- [Shift Scheduler Demo] [           main] org.hibernate.SQL                        : delete from shift_assignments where id=?
Hibernate: delete from shift_assignments where id=?
2025-10-26T12:22:32.118+09:00 DEBUG 19468 --- [Shift Scheduler Demo] [           main] org.hibernate.SQL                        : delete from shift_assignments where id=?
Hibernate: delete from shift_assignments where id=?
2025-10-26T12:22:32.118+09:00 DEBUG 19468 --- [Shift Scheduler Demo] [           main] org.hibernate.SQL                        : delete from shift_assignments where id=?
Hibernate: delete from shift_assignments where id=?
2025-10-26T12:22:32.118+09:00 DEBUG 19468 --- [Shift Scheduler Demo] [           main] org.hibernate.SQL                        : delete from shift_assignments where id=?
Hibernate: delete from shift_assignments where id=?
2025-10-26T12:22:32.118+09:00 DEBUG 19468 --- [Shift Scheduler Demo] [           main] org.hibernate.SQL                        : delete from shift_assignments where id=?
Hibernate: delete from shift_assignments where id=?
2025-10-26T12:22:32.118+09:00 DEBUG 19468 --- [Shift Scheduler Demo] [           main] org.hibernate.SQL                        : delete from shift_assignments where id=?
Hibernate: delete from shift_assignments where id=?
2025-10-26T12:22:32.118+09:00 DEBUG 19468 --- [Shift Scheduler Demo] [           main] org.hibernate.SQL                        : delete from shift_assignments where id=?
Hibernate: delete from shift_assignments where id=?
2025-10-26T12:22:32.118+09:00 DEBUG 19468 --- [Shift Scheduler Demo] [           main] org.hibernate.SQL                        : delete from shift_assignments where id=?
Hibernate: delete from shift_assignments where id=?
2025-10-26T12:22:32.118+09:00 DEBUG 19468 --- [Shift Scheduler Demo] [           main] org.hibernate.SQL                        : delete from shift_assignments where id=?
Hibernate: delete from shift_assignments where id=?
2025-10-26T12:22:32.118+09:00 DEBUG 19468 --- [Shift Scheduler Demo] [           main] org.hibernate.SQL                        : delete from shift_assignments where id=?
Hibernate: delete from shift_assignments where id=?
2025-10-26T12:22:32.118+09:00 DEBUG 19468 --- [Shift Scheduler Demo] [           main] org.hibernate.SQL                        : delete from shift_assignments where id=?
Hibernate: delete from shift_assignments where id=?
2025-10-26T12:22:32.118+09:00 DEBUG 19468 --- [Shift Scheduler Demo] [           main] org.hibernate.SQL                        : delete from shift_assignments where id=?
Hibernate: delete from shift_assignments where id=?
2025-10-26T12:22:32.119+09:00 DEBUG 19468 --- [Shift Scheduler Demo] [           main] org.hibernate.SQL                        : delete from shift_assignments where id=?
Hibernate: delete from shift_assignments where id=?
2025-10-26T12:22:32.119+09:00 DEBUG 19468 --- [Shift Scheduler Demo] [           main] org.hibernate.SQL                        : delete from shift_assignments where id=?
Hibernate: delete from shift_assignments where id=?
2025-10-26T12:22:32.119+09:00 DEBUG 19468 --- [Shift Scheduler Demo] [           main] org.hibernate.SQL                        : delete from shift_assignments where id=?
Hibernate: delete from shift_assignments where id=?
2025-10-26T12:22:32.119+09:00 DEBUG 19468 --- [Shift Scheduler Demo] [           main] org.hibernate.SQL                        : delete from shift_assignments where id=?
Hibernate: delete from shift_assignments where id=?
2025-10-26T12:22:32.119+09:00 DEBUG 19468 --- [Shift Scheduler Demo] [           main] org.hibernate.SQL                        : delete from shift_assignments where id=?
Hibernate: delete from shift_assignments where id=?
2025-10-26T12:22:32.119+09:00 DEBUG 19468 --- [Shift Scheduler Demo] [           main] org.hibernate.SQL                        : delete from shift_assignments where id=?
Hibernate: delete from shift_assignments where id=?
2025-10-26T12:22:32.119+09:00 DEBUG 19468 --- [Shift Scheduler Demo] [           main] org.hibernate.SQL                        : delete from shift_assignments where id=?
Hibernate: delete from shift_assignments where id=?
2025-10-26T12:22:32.119+09:00 DEBUG 19468 --- [Shift Scheduler Demo] [           main] org.hibernate.SQL                        : delete from shift_assignments where id=?
Hibernate: delete from shift_assignments where id=?
2025-10-26T12:22:32.119+09:00 DEBUG 19468 --- [Shift Scheduler Demo] [           main] org.hibernate.SQL                        : delete from shift_assignments where id=?
Hibernate: delete from shift_assignments where id=?
2025-10-26T12:22:32.119+09:00 DEBUG 19468 --- [Shift Scheduler Demo] [           main] org.hibernate.SQL                        : delete from shift_assignments where id=?
Hibernate: delete from shift_assignments where id=?
2025-10-26T12:22:32.122+09:00 DEBUG 19468 --- [Shift Scheduler Demo] [           main] org.hibernate.SQL                        : delete from shift_assignments where id=?
Hibernate: delete from shift_assignments where id=?
2025-10-26T12:22:32.122+09:00 DEBUG 19468 --- [Shift Scheduler Demo] [           main] org.hibernate.SQL                        : delete from shift_assignments where id=?
Hibernate: delete from shift_assignments where id=?
2025-10-26T12:22:32.122+09:00 DEBUG 19468 --- [Shift Scheduler Demo] [           main] org.hibernate.SQL                        : delete from shift_assignments where id=?
Hibernate: delete from shift_assignments where id=?
2025-10-26T12:22:32.122+09:00 DEBUG 19468 --- [Shift Scheduler Demo] [           main] org.hibernate.SQL                        : delete from shift_assignments where id=?
Hibernate: delete from shift_assignments where id=?
2025-10-26T12:22:32.122+09:00 DEBUG 19468 --- [Shift Scheduler Demo] [           main] org.hibernate.SQL                        : delete from shift_assignments where id=?
Hibernate: delete from shift_assignments where id=?
2025-10-26T12:22:32.122+09:00 DEBUG 19468 --- [Shift Scheduler Demo] [           main] org.hibernate.SQL                        : delete from shift_assignments where id=?
Hibernate: delete from shift_assignments where id=?
2025-10-26T12:22:32.122+09:00 DEBUG 19468 --- [Shift Scheduler Demo] [           main] org.hibernate.SQL                        : delete from shift_assignments where id=?
Hibernate: delete from shift_assignments where id=?
2025-10-26T12:22:32.122+09:00 DEBUG 19468 --- [Shift Scheduler Demo] [           main] org.hibernate.SQL                        : delete from shift_assignments where id=?
Hibernate: delete from shift_assignments where id=?
2025-10-26T12:22:32.122+09:00 DEBUG 19468 --- [Shift Scheduler Demo] [           main] org.hibernate.SQL                        : delete from shift_assignments where id=?
Hibernate: delete from shift_assignments where id=?
2025-10-26T12:22:32.122+09:00 DEBUG 19468 --- [Shift Scheduler Demo] [           main] org.hibernate.SQL                        : delete from shift_assignments where id=?
Hibernate: delete from shift_assignments where id=?
2025-10-26T12:22:32.122+09:00 DEBUG 19468 --- [Shift Scheduler Demo] [           main] org.hibernate.SQL                        : delete from shift_assignments where id=?
Hibernate: delete from shift_assignments where id=?
2025-10-26T12:22:32.122+09:00 DEBUG 19468 --- [Shift Scheduler Demo] [           main] org.hibernate.SQL                        : delete from shift_assignments where id=?
Hibernate: delete from shift_assignments where id=?
2025-10-26T12:22:32.122+09:00 DEBUG 19468 --- [Shift Scheduler Demo] [           main] org.hibernate.SQL                        : delete from shift_assignments where id=?
Hibernate: delete from shift_assignments where id=?
2025-10-26T12:22:32.122+09:00 DEBUG 19468 --- [Shift Scheduler Demo] [           main] org.hibernate.SQL                        : delete from shift_assignments where id=?
Hibernate: delete from shift_assignments where id=?
2025-10-26T12:22:32.122+09:00 DEBUG 19468 --- [Shift Scheduler Demo] [           main] org.hibernate.SQL                        : delete from shift_assignments where id=?
Hibernate: delete from shift_assignments where id=?
2025-10-26T12:22:32.122+09:00 DEBUG 19468 --- [Shift Scheduler Demo] [           main] org.hibernate.SQL                        : delete from shift_assignments where id=?
Hibernate: delete from shift_assignments where id=?
2025-10-26T12:22:32.122+09:00 DEBUG 19468 --- [Shift Scheduler Demo] [           main] org.hibernate.SQL                        : delete from shift_assignments where id=?
Hibernate: delete from shift_assignments where id=?
2025-10-26T12:22:32.122+09:00 DEBUG 19468 --- [Shift Scheduler Demo] [           main] org.hibernate.SQL                        : delete from shift_assignments where id=?
Hibernate: delete from shift_assignments where id=?
2025-10-26T12:22:32.122+09:00 DEBUG 19468 --- [Shift Scheduler Demo] [           main] org.hibernate.SQL                        : delete from shift_assignments where id=?
Hibernate: delete from shift_assignments where id=?
2025-10-26T12:22:32.122+09:00 DEBUG 19468 --- [Shift Scheduler Demo] [           main] org.hibernate.SQL                        : delete from shift_assignments where id=?
Hibernate: delete from shift_assignments where id=?
2025-10-26T12:22:32.122+09:00 DEBUG 19468 --- [Shift Scheduler Demo] [           main] org.hibernate.SQL                        : delete from shift_assignments where id=?
Hibernate: delete from shift_assignments where id=?
2025-10-26T12:22:32.124+09:00 DEBUG 19468 --- [Shift Scheduler Demo] [           main] org.hibernate.SQL                        : delete from shift_assignments where id=?
Hibernate: delete from shift_assignments where id=?
2025-10-26T12:22:32.124+09:00 DEBUG 19468 --- [Shift Scheduler Demo] [           main] org.hibernate.SQL                        : delete from shift_assignments where id=?
Hibernate: delete from shift_assignments where id=?
2025-10-26T12:22:32.124+09:00 DEBUG 19468 --- [Shift Scheduler Demo] [           main] org.hibernate.SQL                        : delete from shift_assignments where id=?
Hibernate: delete from shift_assignments where id=?
2025-10-26T12:22:32.124+09:00 DEBUG 19468 --- [Shift Scheduler Demo] [           main] org.hibernate.SQL                        : delete from shift_assignments where id=?
Hibernate: delete from shift_assignments where id=?
2025-10-26T12:22:32.124+09:00 DEBUG 19468 --- [Shift Scheduler Demo] [           main] org.hibernate.SQL                        : delete from shift_assignments where id=?
Hibernate: delete from shift_assignments where id=?
2025-10-26T12:22:32.124+09:00 DEBUG 19468 --- [Shift Scheduler Demo] [           main] org.hibernate.SQL                        : delete from shift_assignments where id=?
Hibernate: delete from shift_assignments where id=?
2025-10-26T12:22:32.124+09:00 DEBUG 19468 --- [Shift Scheduler Demo] [           main] org.hibernate.SQL                        : delete from shift_assignments where id=?
Hibernate: delete from shift_assignments where id=?
2025-10-26T12:22:32.124+09:00 DEBUG 19468 --- [Shift Scheduler Demo] [           main] org.hibernate.SQL                        : delete from shift_assignments where id=?
Hibernate: delete from shift_assignments where id=?
2025-10-26T12:22:32.124+09:00 DEBUG 19468 --- [Shift Scheduler Demo] [           main] org.hibernate.SQL                        : delete from shift_assignments where id=?
Hibernate: delete from shift_assignments where id=?
2025-10-26T12:22:32.124+09:00 DEBUG 19468 --- [Shift Scheduler Demo] [           main] org.hibernate.SQL                        : delete from shift_assignments where id=?
Hibernate: delete from shift_assignments where id=?
2025-10-26T12:22:32.124+09:00 DEBUG 19468 --- [Shift Scheduler Demo] [           main] org.hibernate.SQL                        : delete from shift_assignments where id=?
Hibernate: delete from shift_assignments where id=?
2025-10-26T12:22:32.128+09:00 DEBUG 19468 --- [Shift Scheduler Demo] [           main] org.hibernate.SQL                        : delete from employee_constraints where id=?
Hibernate: delete from employee_constraints where id=?
2025-10-26T12:22:32.128+09:00 DEBUG 19468 --- [Shift Scheduler Demo] [           main] org.hibernate.SQL                        : delete from employee_constraints where id=?
Hibernate: delete from employee_constraints where id=?
2025-10-26T12:22:32.128+09:00 DEBUG 19468 --- [Shift Scheduler Demo] [           main] org.hibernate.SQL                        : delete from employee_constraints where id=?
Hibernate: delete from employee_constraints where id=?
2025-10-26T12:22:32.128+09:00 DEBUG 19468 --- [Shift Scheduler Demo] [           main] org.hibernate.SQL                        : delete from employee_constraints where id=?
Hibernate: delete from employee_constraints where id=?
2025-10-26T12:22:32.128+09:00 DEBUG 19468 --- [Shift Scheduler Demo] [           main] org.hibernate.SQL                        : delete from employee_constraints where id=?
Hibernate: delete from employee_constraints where id=?
2025-10-26T12:22:32.128+09:00 DEBUG 19468 --- [Shift Scheduler Demo] [           main] org.hibernate.SQL                        : delete from employee_constraints where id=?
Hibernate: delete from employee_constraints where id=?
2025-10-26T12:22:32.128+09:00 DEBUG 19468 --- [Shift Scheduler Demo] [           main] org.hibernate.SQL                        : delete from employee_constraints where id=?
Hibernate: delete from employee_constraints where id=?
2025-10-26T12:22:32.128+09:00 DEBUG 19468 --- [Shift Scheduler Demo] [           main] org.hibernate.SQL                        : delete from employee_constraints where id=?
Hibernate: delete from employee_constraints where id=?
2025-10-26T12:22:32.128+09:00 DEBUG 19468 --- [Shift Scheduler Demo] [           main] org.hibernate.SQL                        : delete from employee_constraints where id=?
Hibernate: delete from employee_constraints where id=?
2025-10-26T12:22:32.128+09:00 DEBUG 19468 --- [Shift Scheduler Demo] [           main] org.hibernate.SQL                        : delete from employee_constraints where id=?
Hibernate: delete from employee_constraints where id=?
2025-10-26T12:22:32.128+09:00 DEBUG 19468 --- [Shift Scheduler Demo] [           main] org.hibernate.SQL                        : delete from employee_constraints where id=?
Hibernate: delete from employee_constraints where id=?
2025-10-26T12:22:32.130+09:00 DEBUG 19468 --- [Shift Scheduler Demo] [           main] org.hibernate.SQL                        : delete from employee_constraints where id=?
Hibernate: delete from employee_constraints where id=?
2025-10-26T12:22:32.131+09:00 DEBUG 19468 --- [Shift Scheduler Demo] [           main] org.hibernate.SQL                        : delete from employee_constraints where id=?
Hibernate: delete from employee_constraints where id=?
2025-10-26T12:22:32.131+09:00 DEBUG 19468 --- [Shift Scheduler Demo] [           main] org.hibernate.SQL                        : delete from employee_constraints where id=?
Hibernate: delete from employee_constraints where id=?
2025-10-26T12:22:32.131+09:00 DEBUG 19468 --- [Shift Scheduler Demo] [           main] org.hibernate.SQL                        : delete from employee_constraints where id=?
Hibernate: delete from employee_constraints where id=?
2025-10-26T12:22:32.132+09:00 DEBUG 19468 --- [Shift Scheduler Demo] [           main] org.hibernate.SQL                        : delete from employee_constraints where id=?
Hibernate: delete from employee_constraints where id=?
2025-10-26T12:22:32.132+09:00 DEBUG 19468 --- [Shift Scheduler Demo] [           main] org.hibernate.SQL                        : delete from employee_constraints where id=?
Hibernate: delete from employee_constraints where id=?
2025-10-26T12:22:32.132+09:00 DEBUG 19468 --- [Shift Scheduler Demo] [           main] org.hibernate.SQL                        : delete from employee_constraints where id=?
Hibernate: delete from employee_constraints where id=?
2025-10-26T12:22:32.132+09:00 DEBUG 19468 --- [Shift Scheduler Demo] [           main] org.hibernate.SQL                        : delete from employee_constraints where id=?
Hibernate: delete from employee_constraints where id=?
2025-10-26T12:22:32.132+09:00 DEBUG 19468 --- [Shift Scheduler Demo] [           main] org.hibernate.SQL                        : delete from employee_constraints where id=?
Hibernate: delete from employee_constraints where id=?
2025-10-26T12:22:32.132+09:00 DEBUG 19468 --- [Shift Scheduler Demo] [           main] org.hibernate.SQL                        : delete from employee_constraints where id=?
Hibernate: delete from employee_constraints where id=?
2025-10-26T12:22:32.132+09:00 DEBUG 19468 --- [Shift Scheduler Demo] [           main] org.hibernate.SQL                        : delete from employee_constraints where id=?
Hibernate: delete from employee_constraints where id=?
2025-10-26T12:22:32.132+09:00 DEBUG 19468 --- [Shift Scheduler Demo] [           main] org.hibernate.SQL                        : delete from employee_constraints where id=?
Hibernate: delete from employee_constraints where id=?
2025-10-26T12:22:32.133+09:00 DEBUG 19468 --- [Shift Scheduler Demo] [           main] org.hibernate.SQL                        : delete from employee_constraints where id=?
Hibernate: delete from employee_constraints where id=?
2025-10-26T12:22:32.133+09:00 DEBUG 19468 --- [Shift Scheduler Demo] [           main] org.hibernate.SQL                        : delete from employee_constraints where id=?
Hibernate: delete from employee_constraints where id=?
2025-10-26T12:22:32.133+09:00 DEBUG 19468 --- [Shift Scheduler Demo] [           main] org.hibernate.SQL                        : delete from employee_constraints where id=?
Hibernate: delete from employee_constraints where id=?
2025-10-26T12:22:32.133+09:00 DEBUG 19468 --- [Shift Scheduler Demo] [           main] org.hibernate.SQL                        : delete from employee_constraints where id=?
Hibernate: delete from employee_constraints where id=?
2025-10-26T12:22:32.133+09:00 DEBUG 19468 --- [Shift Scheduler Demo] [           main] org.hibernate.SQL                        : delete from employee_constraints where id=?
Hibernate: delete from employee_constraints where id=?
2025-10-26T12:22:32.133+09:00 DEBUG 19468 --- [Shift Scheduler Demo] [           main] org.hibernate.SQL                        : delete from employee_constraints where id=?
Hibernate: delete from employee_constraints where id=?
2025-10-26T12:22:32.133+09:00 DEBUG 19468 --- [Shift Scheduler Demo] [           main] org.hibernate.SQL                        : delete from employee_constraints where id=?
Hibernate: delete from employee_constraints where id=?
2025-10-26T12:22:32.133+09:00 DEBUG 19468 --- [Shift Scheduler Demo] [           main] org.hibernate.SQL                        : delete from employee_constraints where id=?
Hibernate: delete from employee_constraints where id=?
2025-10-26T12:22:32.133+09:00 DEBUG 19468 --- [Shift Scheduler Demo] [           main] org.hibernate.SQL                        : delete from employee_constraints where id=?
Hibernate: delete from employee_constraints where id=?
2025-10-26T12:22:32.133+09:00 DEBUG 19468 --- [Shift Scheduler Demo] [           main] org.hibernate.SQL                        : delete from employee_constraints where id=?
Hibernate: delete from employee_constraints where id=?
2025-10-26T12:22:32.133+09:00 DEBUG 19468 --- [Shift Scheduler Demo] [           main] org.hibernate.SQL                        : delete from employee_constraints where id=?
Hibernate: delete from employee_constraints where id=?
2025-10-26T12:22:32.133+09:00 DEBUG 19468 --- [Shift Scheduler Demo] [           main] org.hibernate.SQL                        : delete from employee_constraints where id=?
Hibernate: delete from employee_constraints where id=?
2025-10-26T12:22:32.133+09:00 DEBUG 19468 --- [Shift Scheduler Demo] [           main] org.hibernate.SQL                        : delete from employee_constraints where id=?
Hibernate: delete from employee_constraints where id=?
2025-10-26T12:22:32.133+09:00 DEBUG 19468 --- [Shift Scheduler Demo] [           main] org.hibernate.SQL                        : delete from employee_constraints where id=?
Hibernate: delete from employee_constraints where id=?
2025-10-26T12:22:32.133+09:00 DEBUG 19468 --- [Shift Scheduler Demo] [           main] org.hibernate.SQL                        : delete from employee_constraints where id=?
Hibernate: delete from employee_constraints where id=?
2025-10-26T12:22:32.133+09:00 DEBUG 19468 --- [Shift Scheduler Demo] [           main] org.hibernate.SQL                        : delete from employee_constraints where id=?
Hibernate: delete from employee_constraints where id=?
2025-10-26T12:22:32.133+09:00 DEBUG 19468 --- [Shift Scheduler Demo] [           main] org.hibernate.SQL                        : delete from employee_constraints where id=?
Hibernate: delete from employee_constraints where id=?
2025-10-26T12:22:32.133+09:00 DEBUG 19468 --- [Shift Scheduler Demo] [           main] org.hibernate.SQL                        : delete from employee_constraints where id=?
Hibernate: delete from employee_constraints where id=?
2025-10-26T12:22:32.133+09:00 DEBUG 19468 --- [Shift Scheduler Demo] [           main] org.hibernate.SQL                        : delete from employee_constraints where id=?
Hibernate: delete from employee_constraints where id=?
2025-10-26T12:22:32.133+09:00 DEBUG 19468 --- [Shift Scheduler Demo] [           main] org.hibernate.SQL                        : delete from employee_constraints where id=?
Hibernate: delete from employee_constraints where id=?
2025-10-26T12:22:32.133+09:00 DEBUG 19468 --- [Shift Scheduler Demo] [           main] org.hibernate.SQL                        : delete from employee_constraints where id=?
Hibernate: delete from employee_constraints where id=?
2025-10-26T12:22:32.133+09:00 DEBUG 19468 --- [Shift Scheduler Demo] [           main] org.hibernate.SQL                        : delete from employee_constraints where id=?
Hibernate: delete from employee_constraints where id=?
2025-10-26T12:22:32.133+09:00 DEBUG 19468 --- [Shift Scheduler Demo] [           main] org.hibernate.SQL                        : delete from employee_constraints where id=?
Hibernate: delete from employee_constraints where id=?
2025-10-26T12:22:32.133+09:00 DEBUG 19468 --- [Shift Scheduler Demo] [           main] org.hibernate.SQL                        : delete from employee_constraints where id=?
Hibernate: delete from employee_constraints where id=?
2025-10-26T12:22:32.133+09:00 DEBUG 19468 --- [Shift Scheduler Demo] [           main] org.hibernate.SQL                        : delete from employee_constraints where id=?
Hibernate: delete from employee_constraints where id=?
2025-10-26T12:22:32.133+09:00 DEBUG 19468 --- [Shift Scheduler Demo] [           main] org.hibernate.SQL                        : delete from employee_constraints where id=?
Hibernate: delete from employee_constraints where id=?
2025-10-26T12:22:32.133+09:00 DEBUG 19468 --- [Shift Scheduler Demo] [           main] org.hibernate.SQL                        : delete from employee_constraints where id=?
Hibernate: delete from employee_constraints where id=?
2025-10-26T12:22:32.134+09:00 DEBUG 19468 --- [Shift Scheduler Demo] [           main] org.hibernate.SQL                        : delete from employee_constraints where id=?
Hibernate: delete from employee_constraints where id=?
2025-10-26T12:22:32.134+09:00 DEBUG 19468 --- [Shift Scheduler Demo] [           main] org.hibernate.SQL                        : delete from employee_constraints where id=?
Hibernate: delete from employee_constraints where id=?
2025-10-26T12:22:32.134+09:00 DEBUG 19468 --- [Shift Scheduler Demo] [           main] org.hibernate.SQL                        : delete from employee_constraints where id=?
Hibernate: delete from employee_constraints where id=?
2025-10-26T12:22:32.134+09:00 DEBUG 19468 --- [Shift Scheduler Demo] [           main] org.hibernate.SQL                        : delete from employee_constraints where id=?
Hibernate: delete from employee_constraints where id=?
2025-10-26T12:22:32.134+09:00 DEBUG 19468 --- [Shift Scheduler Demo] [           main] org.hibernate.SQL                        : delete from employee_constraints where id=?
Hibernate: delete from employee_constraints where id=?
2025-10-26T12:22:32.134+09:00 DEBUG 19468 --- [Shift Scheduler Demo] [           main] org.hibernate.SQL                        : delete from employee_constraints where id=?
Hibernate: delete from employee_constraints where id=?
2025-10-26T12:22:32.134+09:00 DEBUG 19468 --- [Shift Scheduler Demo] [           main] org.hibernate.SQL                        : delete from employee_constraints where id=?
Hibernate: delete from employee_constraints where id=?
2025-10-26T12:22:32.134+09:00 DEBUG 19468 --- [Shift Scheduler Demo] [           main] org.hibernate.SQL                        : delete from employee_constraints where id=?
Hibernate: delete from employee_constraints where id=?
2025-10-26T12:22:32.134+09:00 DEBUG 19468 --- [Shift Scheduler Demo] [           main] org.hibernate.SQL                        : delete from employee_constraints where id=?
Hibernate: delete from employee_constraints where id=?
2025-10-26T12:22:32.134+09:00 DEBUG 19468 --- [Shift Scheduler Demo] [           main] org.hibernate.SQL                        : delete from employee_constraints where id=?
Hibernate: delete from employee_constraints where id=?
2025-10-26T12:22:32.134+09:00 DEBUG 19468 --- [Shift Scheduler Demo] [           main] org.hibernate.SQL                        : delete from employee_constraints where id=?
Hibernate: delete from employee_constraints where id=?
2025-10-26T12:22:32.134+09:00 DEBUG 19468 --- [Shift Scheduler Demo] [           main] org.hibernate.SQL                        : delete from employee_constraints where id=?
Hibernate: delete from employee_constraints where id=?
2025-10-26T12:22:32.134+09:00 DEBUG 19468 --- [Shift Scheduler Demo] [           main] org.hibernate.SQL                        : delete from employee_constraints where id=?
Hibernate: delete from employee_constraints where id=?
2025-10-26T12:22:32.134+09:00 DEBUG 19468 --- [Shift Scheduler Demo] [           main] org.hibernate.SQL                        : delete from employee_constraints where id=?
Hibernate: delete from employee_constraints where id=?
2025-10-26T12:22:32.134+09:00 DEBUG 19468 --- [Shift Scheduler Demo] [           main] org.hibernate.SQL                        : delete from employee_constraints where id=?
Hibernate: delete from employee_constraints where id=?
2025-10-26T12:22:32.134+09:00 DEBUG 19468 --- [Shift Scheduler Demo] [           main] org.hibernate.SQL                        : delete from employee_constraints where id=?
Hibernate: delete from employee_constraints where id=?
2025-10-26T12:22:32.134+09:00 DEBUG 19468 --- [Shift Scheduler Demo] [           main] org.hibernate.SQL                        : delete from employee_constraints where id=?
Hibernate: delete from employee_constraints where id=?
2025-10-26T12:22:32.134+09:00 DEBUG 19468 --- [Shift Scheduler Demo] [           main] org.hibernate.SQL                        : delete from employee_constraints where id=?
Hibernate: delete from employee_constraints where id=?
2025-10-26T12:22:32.134+09:00 DEBUG 19468 --- [Shift Scheduler Demo] [           main] org.hibernate.SQL                        : delete from employee_constraints where id=?
Hibernate: delete from employee_constraints where id=?
2025-10-26T12:22:32.134+09:00 DEBUG 19468 --- [Shift Scheduler Demo] [           main] org.hibernate.SQL                        : delete from employee_constraints where id=?
Hibernate: delete from employee_constraints where id=?
2025-10-26T12:22:32.134+09:00 DEBUG 19468 --- [Shift Scheduler Demo] [           main] org.hibernate.SQL                        : delete from employee_constraints where id=?
Hibernate: delete from employee_constraints where id=?
2025-10-26T12:22:32.134+09:00 DEBUG 19468 --- [Shift Scheduler Demo] [           main] org.hibernate.SQL                        : delete from employee_constraints where id=?
Hibernate: delete from employee_constraints where id=?
2025-10-26T12:22:32.134+09:00 DEBUG 19468 --- [Shift Scheduler Demo] [           main] org.hibernate.SQL                        : delete from employee_constraints where id=?
Hibernate: delete from employee_constraints where id=?
2025-10-26T12:22:32.134+09:00 DEBUG 19468 --- [Shift Scheduler Demo] [           main] org.hibernate.SQL                        : delete from employee_constraints where id=?
Hibernate: delete from employee_constraints where id=?
2025-10-26T12:22:32.134+09:00 DEBUG 19468 --- [Shift Scheduler Demo] [           main] org.hibernate.SQL                        : delete from employee_constraints where id=?
Hibernate: delete from employee_constraints where id=?
2025-10-26T12:22:32.135+09:00 DEBUG 19468 --- [Shift Scheduler Demo] [           main] org.hibernate.SQL                        : select sa1_0.id,sa1_0.employee_id,sa1_0.end_time,sa1_0.shift_name,sa1_0.start_time,sa1_0.work_date from shift_assignments sa1_0 where sa1_0.work_date<? order by sa1_0.work_date desc limit ?
Hibernate: select sa1_0.id,sa1_0.employee_id,sa1_0.end_time,sa1_0.shift_name,sa1_0.start_time,sa1_0.work_date from shift_assignments sa1_0 where sa1_0.work_date<? order by sa1_0.work_date desc limit ?
2025-10-26T12:22:32.143+09:00 DEBUG 19468 --- [Shift Scheduler Demo] [           main] org.hibernate.SQL                        : select sa1_0.id,sa1_0.employee_id,sa1_0.end_time,sa1_0.shift_name,sa1_0.start_time,sa1_0.work_date from shift_assignments sa1_0 where sa1_0.work_date between ? and ?
Hibernate: select sa1_0.id,sa1_0.employee_id,sa1_0.end_time,sa1_0.shift_name,sa1_0.start_time,sa1_0.work_date from shift_assignments sa1_0 where sa1_0.work_date between ? and ?
2025-10-26T12:22:32.145+09:00  INFO 19468 --- [Shift Scheduler Demo] [           main] c.e.shiftv1.schedule.ScheduleService     : �o�^�]�ƈ���: 30��
2025-10-26T12:22:32.147+09:00 DEBUG 19468 --- [Shift Scheduler Demo] [           main] org.hibernate.SQL                        : select sa1_0.id,sa1_0.employee_id,sa1_0.end_time,sa1_0.shift_name,sa1_0.start_time,sa1_0.work_date from shift_assignments sa1_0 where sa1_0.work_date=?
Hibernate: select sa1_0.id,sa1_0.employee_id,sa1_0.end_time,sa1_0.shift_name,sa1_0.start_time,sa1_0.work_date from shift_assignments sa1_0 where sa1_0.work_date=?
2025-10-26T12:22:32.149+09:00 DEBUG 19468 --- [Shift Scheduler Demo] [           main] org.hibernate.SQL                        : select sa1_0.id,sa1_0.employee_id,sa1_0.end_time,sa1_0.shift_name,sa1_0.start_time,sa1_0.work_date from shift_assignments sa1_0 where sa1_0.work_date=?
Hibernate: select sa1_0.id,sa1_0.employee_id,sa1_0.end_time,sa1_0.shift_name,sa1_0.start_time,sa1_0.work_date from shift_assignments sa1_0 where sa1_0.work_date=?
2025-10-26T12:22:32.152+09:00 DEBUG 19468 --- [Shift Scheduler Demo] [           main] org.hibernate.SQL                        : select sa1_0.id,sa1_0.employee_id,sa1_0.end_time,sa1_0.shift_name,sa1_0.start_time,sa1_0.work_date from shift_assignments sa1_0 where sa1_0.work_date=?
Hibernate: select sa1_0.id,sa1_0.employee_id,sa1_0.end_time,sa1_0.shift_name,sa1_0.start_time,sa1_0.work_date from shift_assignments sa1_0 where sa1_0.work_date=?
2025-10-26T12:22:32.154+09:00 DEBUG 19468 --- [Shift Scheduler Demo] [           main] org.hibernate.SQL                        : select sa1_0.id,sa1_0.employee_id,sa1_0.end_time,sa1_0.shift_name,sa1_0.start_time,sa1_0.work_date from shift_assignments sa1_0 where sa1_0.work_date=?
Hibernate: select sa1_0.id,sa1_0.employee_id,sa1_0.end_time,sa1_0.shift_name,sa1_0.start_time,sa1_0.work_date from shift_assignments sa1_0 where sa1_0.work_date=?
2025-10-26T12:22:32.160+09:00 DEBUG 19468 --- [Shift Scheduler Demo] [           main] org.hibernate.SQL                        : select sa1_0.id,sa1_0.employee_id,sa1_0.end_time,sa1_0.shift_name,sa1_0.start_time,sa1_0.work_date from shift_assignments sa1_0 where sa1_0.work_date=?
Hibernate: select sa1_0.id,sa1_0.employee_id,sa1_0.end_time,sa1_0.shift_name,sa1_0.start_time,sa1_0.work_date from shift_assignments sa1_0 where sa1_0.work_date=?
2025-10-26T12:22:32.162+09:00 DEBUG 19468 --- [Shift Scheduler Demo] [           main] org.hibernate.SQL                        : select sa1_0.id,sa1_0.employee_id,sa1_0.end_time,sa1_0.shift_name,sa1_0.start_time,sa1_0.work_date from shift_assignments sa1_0 where sa1_0.work_date=?
Hibernate: select sa1_0.id,sa1_0.employee_id,sa1_0.end_time,sa1_0.shift_name,sa1_0.start_time,sa1_0.work_date from shift_assignments sa1_0 where sa1_0.work_date=?
2025-10-26T12:22:32.165+09:00 DEBUG 19468 --- [Shift Scheduler Demo] [           main] org.hibernate.SQL                        : select sa1_0.id,sa1_0.employee_id,sa1_0.end_time,sa1_0.shift_name,sa1_0.start_time,sa1_0.work_date from shift_assignments sa1_0 where sa1_0.work_date=?
Hibernate: select sa1_0.id,sa1_0.employee_id,sa1_0.end_time,sa1_0.shift_name,sa1_0.start_time,sa1_0.work_date from shift_assignments sa1_0 where sa1_0.work_date=?
2025-10-26T12:22:32.172+09:00 DEBUG 19468 --- [Shift Scheduler Demo] [           main] org.hibernate.SQL                        : select sa1_0.id,sa1_0.employee_id,sa1_0.end_time,sa1_0.shift_name,sa1_0.start_time,sa1_0.work_date from shift_assignments sa1_0 where sa1_0.work_date=?
Hibernate: select sa1_0.id,sa1_0.employee_id,sa1_0.end_time,sa1_0.shift_name,sa1_0.start_time,sa1_0.work_date from shift_assignments sa1_0 where sa1_0.work_date=?
2025-10-26T12:22:32.175+09:00 DEBUG 19468 --- [Shift Scheduler Demo] [           main] org.hibernate.SQL                        : select sa1_0.id,sa1_0.employee_id,sa1_0.end_time,sa1_0.shift_name,sa1_0.start_time,sa1_0.work_date from shift_assignments sa1_0 where sa1_0.work_date=?
Hibernate: select sa1_0.id,sa1_0.employee_id,sa1_0.end_time,sa1_0.shift_name,sa1_0.start_time,sa1_0.work_date from shift_assignments sa1_0 where sa1_0.work_date=?
2025-10-26T12:22:32.177+09:00 DEBUG 19468 --- [Shift Scheduler Demo] [           main] org.hibernate.SQL                        : select sa1_0.id,sa1_0.employee_id,sa1_0.end_time,sa1_0.shift_name,sa1_0.start_time,sa1_0.work_date from shift_assignments sa1_0 where sa1_0.work_date=?
Hibernate: select sa1_0.id,sa1_0.employee_id,sa1_0.end_time,sa1_0.shift_name,sa1_0.start_time,sa1_0.work_date from shift_assignments sa1_0 where sa1_0.work_date=?
2025-10-26T12:22:32.190+09:00 DEBUG 19468 --- [Shift Scheduler Demo] [           main] org.hibernate.SQL                        : select sa1_0.id,sa1_0.employee_id,sa1_0.end_time,sa1_0.shift_name,sa1_0.start_time,sa1_0.work_date from shift_assignments sa1_0 where sa1_0.work_date=?
Hibernate: select sa1_0.id,sa1_0.employee_id,sa1_0.end_time,sa1_0.shift_name,sa1_0.start_time,sa1_0.work_date from shift_assignments sa1_0 where sa1_0.work_date=?
2025-10-26T12:22:32.193+09:00 DEBUG 19468 --- [Shift Scheduler Demo] [           main] org.hibernate.SQL                        : select sa1_0.id,sa1_0.employee_id,sa1_0.end_time,sa1_0.shift_name,sa1_0.start_time,sa1_0.work_date from shift_assignments sa1_0 where sa1_0.work_date=?
Hibernate: select sa1_0.id,sa1_0.employee_id,sa1_0.end_time,sa1_0.shift_name,sa1_0.start_time,sa1_0.work_date from shift_assignments sa1_0 where sa1_0.work_date=?
2025-10-26T12:22:32.198+09:00 DEBUG 19468 --- [Shift Scheduler Demo] [           main] org.hibernate.SQL                        : select sa1_0.id,sa1_0.employee_id,sa1_0.end_time,sa1_0.shift_name,sa1_0.start_time,sa1_0.work_date from shift_assignments sa1_0 where sa1_0.work_date=?
Hibernate: select sa1_0.id,sa1_0.employee_id,sa1_0.end_time,sa1_0.shift_name,sa1_0.start_time,sa1_0.work_date from shift_assignments sa1_0 where sa1_0.work_date=?
2025-10-26T12:22:32.201+09:00 DEBUG 19468 --- [Shift Scheduler Demo] [           main] org.hibernate.SQL                        : select sa1_0.id,sa1_0.employee_id,sa1_0.end_time,sa1_0.shift_name,sa1_0.start_time,sa1_0.work_date from shift_assignments sa1_0 where sa1_0.work_date=?
Hibernate: select sa1_0.id,sa1_0.employee_id,sa1_0.end_time,sa1_0.shift_name,sa1_0.start_time,sa1_0.work_date from shift_assignments sa1_0 where sa1_0.work_date=?
2025-10-26T12:22:32.204+09:00 DEBUG 19468 --- [Shift Scheduler Demo] [           main] org.hibernate.SQL                        : select sa1_0.id,sa1_0.employee_id,sa1_0.end_time,sa1_0.shift_name,sa1_0.start_time,sa1_0.work_date from shift_assignments sa1_0 where sa1_0.work_date=?
Hibernate: select sa1_0.id,sa1_0.employee_id,sa1_0.end_time,sa1_0.shift_name,sa1_0.start_time,sa1_0.work_date from shift_assignments sa1_0 where sa1_0.work_date=?
2025-10-26T12:22:32.206+09:00 DEBUG 19468 --- [Shift Scheduler Demo] [           main] org.hibernate.SQL                        : select sa1_0.id,sa1_0.employee_id,sa1_0.end_time,sa1_0.shift_name,sa1_0.start_time,sa1_0.work_date from shift_assignments sa1_0 where sa1_0.work_date=?
Hibernate: select sa1_0.id,sa1_0.employee_id,sa1_0.end_time,sa1_0.shift_name,sa1_0.start_time,sa1_0.work_date from shift_assignments sa1_0 where sa1_0.work_date=?
2025-10-26T12:22:32.211+09:00 DEBUG 19468 --- [Shift Scheduler Demo] [           main] org.hibernate.SQL                        : select sa1_0.id,sa1_0.employee_id,sa1_0.end_time,sa1_0.shift_name,sa1_0.start_time,sa1_0.work_date from shift_assignments sa1_0 where sa1_0.work_date=?
Hibernate: select sa1_0.id,sa1_0.employee_id,sa1_0.end_time,sa1_0.shift_name,sa1_0.start_time,sa1_0.work_date from shift_assignments sa1_0 where sa1_0.work_date=?
2025-10-26T12:22:32.214+09:00 DEBUG 19468 --- [Shift Scheduler Demo] [           main] org.hibernate.SQL                        : select sa1_0.id,sa1_0.employee_id,sa1_0.end_time,sa1_0.shift_name,sa1_0.start_time,sa1_0.work_date from shift_assignments sa1_0 where sa1_0.work_date=?
Hibernate: select sa1_0.id,sa1_0.employee_id,sa1_0.end_time,sa1_0.shift_name,sa1_0.start_time,sa1_0.work_date from shift_assignments sa1_0 where sa1_0.work_date=?
2025-10-26T12:22:32.214+09:00 DEBUG 19468 --- [Shift Scheduler Demo] [           main] org.hibernate.SQL                        : select sa1_0.id,sa1_0.employee_id,sa1_0.end_time,sa1_0.shift_name,sa1_0.start_time,sa1_0.work_date from shift_assignments sa1_0 where sa1_0.work_date=?
Hibernate: select sa1_0.id,sa1_0.employee_id,sa1_0.end_time,sa1_0.shift_name,sa1_0.start_time,sa1_0.work_date from shift_assignments sa1_0 where sa1_0.work_date=?
2025-10-26T12:22:32.219+09:00 DEBUG 19468 --- [Shift Scheduler Demo] [           main] org.hibernate.SQL                        : select sa1_0.id,sa1_0.employee_id,sa1_0.end_time,sa1_0.shift_name,sa1_0.start_time,sa1_0.work_date from shift_assignments sa1_0 where sa1_0.work_date=?
Hibernate: select sa1_0.id,sa1_0.employee_id,sa1_0.end_time,sa1_0.shift_name,sa1_0.start_time,sa1_0.work_date from shift_assignments sa1_0 where sa1_0.work_date=?
2025-10-26T12:22:32.224+09:00 DEBUG 19468 --- [Shift Scheduler Demo] [           main] org.hibernate.SQL                        : select sa1_0.id,sa1_0.employee_id,sa1_0.end_time,sa1_0.shift_name,sa1_0.start_time,sa1_0.work_date from shift_assignments sa1_0 where sa1_0.work_date=?
Hibernate: select sa1_0.id,sa1_0.employee_id,sa1_0.end_time,sa1_0.shift_name,sa1_0.start_time,sa1_0.work_date from shift_assignments sa1_0 where sa1_0.work_date=?
2025-10-26T12:22:32.226+09:00 DEBUG 19468 --- [Shift Scheduler Demo] [           main] org.hibernate.SQL                        : select sa1_0.id,sa1_0.employee_id,sa1_0.end_time,sa1_0.shift_name,sa1_0.start_time,sa1_0.work_date from shift_assignments sa1_0 where sa1_0.work_date=?
Hibernate: select sa1_0.id,sa1_0.employee_id,sa1_0.end_time,sa1_0.shift_name,sa1_0.start_time,sa1_0.work_date from shift_assignments sa1_0 where sa1_0.work_date=?
2025-10-26T12:22:32.229+09:00 DEBUG 19468 --- [Shift Scheduler Demo] [           main] org.hibernate.SQL                        : select sa1_0.id,sa1_0.employee_id,sa1_0.end_time,sa1_0.shift_name,sa1_0.start_time,sa1_0.work_date from shift_assignments sa1_0 where sa1_0.work_date=?
Hibernate: select sa1_0.id,sa1_0.employee_id,sa1_0.end_time,sa1_0.shift_name,sa1_0.start_time,sa1_0.work_date from shift_assignments sa1_0 where sa1_0.work_date=?
2025-10-26T12:22:32.229+09:00 DEBUG 19468 --- [Shift Scheduler Demo] [           main] org.hibernate.SQL                        : select sa1_0.id,sa1_0.employee_id,sa1_0.end_time,sa1_0.shift_name,sa1_0.start_time,sa1_0.work_date from shift_assignments sa1_0 where sa1_0.work_date=?
Hibernate: select sa1_0.id,sa1_0.employee_id,sa1_0.end_time,sa1_0.shift_name,sa1_0.start_time,sa1_0.work_date from shift_assignments sa1_0 where sa1_0.work_date=?
2025-10-26T12:22:32.234+09:00 DEBUG 19468 --- [Shift Scheduler Demo] [           main] org.hibernate.SQL                        : select sa1_0.id,sa1_0.employee_id,sa1_0.end_time,sa1_0.shift_name,sa1_0.start_time,sa1_0.work_date from shift_assignments sa1_0 where sa1_0.work_date=?
Hibernate: select sa1_0.id,sa1_0.employee_id,sa1_0.end_time,sa1_0.shift_name,sa1_0.start_time,sa1_0.work_date from shift_assignments sa1_0 where sa1_0.work_date=?
2025-10-26T12:22:32.237+09:00 DEBUG 19468 --- [Shift Scheduler Demo] [           main] org.hibernate.SQL                        : select sa1_0.id,sa1_0.employee_id,sa1_0.end_time,sa1_0.shift_name,sa1_0.start_time,sa1_0.work_date from shift_assignments sa1_0 where sa1_0.work_date=?
Hibernate: select sa1_0.id,sa1_0.employee_id,sa1_0.end_time,sa1_0.shift_name,sa1_0.start_time,sa1_0.work_date from shift_assignments sa1_0 where sa1_0.work_date=?
2025-10-26T12:22:32.239+09:00 DEBUG 19468 --- [Shift Scheduler Demo] [           main] org.hibernate.SQL                        : select sa1_0.id,sa1_0.employee_id,sa1_0.end_time,sa1_0.shift_name,sa1_0.start_time,sa1_0.work_date from shift_assignments sa1_0 where sa1_0.work_date=?
Hibernate: select sa1_0.id,sa1_0.employee_id,sa1_0.end_time,sa1_0.shift_name,sa1_0.start_time,sa1_0.work_date from shift_assignments sa1_0 where sa1_0.work_date=?
2025-10-26T12:22:32.241+09:00 DEBUG 19468 --- [Shift Scheduler Demo] [           main] org.hibernate.SQL                        : select sa1_0.id,sa1_0.employee_id,sa1_0.end_time,sa1_0.shift_name,sa1_0.start_time,sa1_0.work_date from shift_assignments sa1_0 where sa1_0.work_date=?
Hibernate: select sa1_0.id,sa1_0.employee_id,sa1_0.end_time,sa1_0.shift_name,sa1_0.start_time,sa1_0.work_date from shift_assignments sa1_0 where sa1_0.work_date=?
2025-10-26T12:22:32.244+09:00 DEBUG 19468 --- [Shift Scheduler Demo] [           main] org.hibernate.SQL                        : select sa1_0.id,sa1_0.employee_id,sa1_0.end_time,sa1_0.shift_name,sa1_0.start_time,sa1_0.work_date from shift_assignments sa1_0 where sa1_0.work_date=?
Hibernate: select sa1_0.id,sa1_0.employee_id,sa1_0.end_time,sa1_0.shift_name,sa1_0.start_time,sa1_0.work_date from shift_assignments sa1_0 where sa1_0.work_date=?
2025-10-26T12:22:32.246+09:00 DEBUG 19468 --- [Shift Scheduler Demo] [           main] org.hibernate.SQL                        : select sa1_0.id,sa1_0.employee_id,sa1_0.end_time,sa1_0.shift_name,sa1_0.start_time,sa1_0.work_date from shift_assignments sa1_0 where sa1_0.work_date=?
Hibernate: select sa1_0.id,sa1_0.employee_id,sa1_0.end_time,sa1_0.shift_name,sa1_0.start_time,sa1_0.work_date from shift_assignments sa1_0 where sa1_0.work_date=?
2025-10-26T12:22:32.248+09:00 DEBUG 19468 --- [Shift Scheduler Demo] [           main] org.hibernate.SQL                        : select sa1_0.id,sa1_0.employee_id,sa1_0.end_time,sa1_0.shift_name,sa1_0.start_time,sa1_0.work_date from shift_assignments sa1_0 where sa1_0.work_date=?
Hibernate: select sa1_0.id,sa1_0.employee_id,sa1_0.end_time,sa1_0.shift_name,sa1_0.start_time,sa1_0.work_date from shift_assignments sa1_0 where sa1_0.work_date=?
2025-10-26T12:22:32.248+09:00  INFO 19468 --- [Shift Scheduler Demo] [           main] c.e.shiftv1.schedule.ScheduleService     : �����̃V�t�g���蓖�Ă��폜���܂���: 2024-07-01 ���� 2024-07-31
2025-10-26T12:22:32.250+09:00 DEBUG 19468 --- [Shift Scheduler Demo] [           main] org.hibernate.SQL                        : select sc1_0.id,sc1_0.is_active,sc1_0.created_at,sc1_0.day_of_week,sc1_0.end_time,sc1_0.is_holiday,sc1_0.name,sc1_0.required_employees,sc1_0.required_skill_id,sc1_0.start_time,sc1_0.updated_at from shift_config sc1_0 where sc1_0.is_active=1
Hibernate: select sc1_0.id,sc1_0.is_active,sc1_0.created_at,sc1_0.day_of_week,sc1_0.end_time,sc1_0.is_holiday,sc1_0.name,sc1_0.required_employees,sc1_0.required_skill_id,sc1_0.start_time,sc1_0.updated_at from shift_config sc1_0 where sc1_0.is_active=1
2025-10-26T12:22:32.252+09:00 DEBUG 19468 --- [Shift Scheduler Demo] [           main] org.hibernate.SQL                        : select d1_0.shift_config_id,d1_0.day_of_week from shift_config_days d1_0 where d1_0.shift_config_id=?
Hibernate: select d1_0.shift_config_id,d1_0.day_of_week from shift_config_days d1_0 where d1_0.shift_config_id=?
2025-10-26T12:22:32.258+09:00 DEBUG 19468 --- [Shift Scheduler Demo] [           main] org.hibernate.SQL                        : select ec1_0.id,ec1_0.is_active,ec1_0.created_at,ec1_0.date,ec1_0.employee_id,ec1_0.end_time,ec1_0.reason,ec1_0.start_time,ec1_0.type,ec1_0.updated_at from employee_constraints ec1_0 where ec1_0.date between ? and ? and ec1_0.is_active=1
Hibernate: select ec1_0.id,ec1_0.is_active,ec1_0.created_at,ec1_0.date,ec1_0.employee_id,ec1_0.end_time,ec1_0.reason,ec1_0.start_time,ec1_0.type,ec1_0.updated_at from employee_constraints ec1_0 where ec1_0.date between ? and ? and ec1_0.is_active=1
2025-10-26T12:22:32.261+09:00 DEBUG 19468 --- [Shift Scheduler Demo] [           main] org.hibernate.SQL                        : select h1_0.date from holidays h1_0 where h1_0.date between ? and ?
Hibernate: select h1_0.date from holidays h1_0 where h1_0.date between ? and ?
2025-10-26T12:22:32.262+09:00 DEBUG 19468 --- [Shift Scheduler Demo] [           main] org.hibernate.SQL                        : select di1_0.id,di1_0.is_active,di1_0.created_at,di1_0.date,di1_0.day_of_week,di1_0.end_time,di1_0.required_seats,di1_0.skill_id,di1_0.sort_order,di1_0.start_time,di1_0.updated_at from demand_intervals di1_0 where (di1_0.date=? or (di1_0.date is null and di1_0.day_of_week=?)) and (di1_0.is_active=1 or di1_0.is_active is null) and di1_0.skill_id is not null
Hibernate: select di1_0.id,di1_0.is_active,di1_0.created_at,di1_0.date,di1_0.day_of_week,di1_0.end_time,di1_0.required_seats,di1_0.skill_id,di1_0.sort_order,di1_0.start_time,di1_0.updated_at from demand_intervals di1_0 where (di1_0.date=? or (di1_0.date is null and di1_0.day_of_week=?)) and (di1_0.is_active=1 or di1_0.is_active is null) and di1_0.skill_id is not null
2025-10-26T12:22:32.264+09:00 DEBUG 19468 --- [Shift Scheduler Demo] [           main] org.hibernate.SQL                        : select di1_0.id,di1_0.is_active,di1_0.created_at,di1_0.date,di1_0.day_of_week,di1_0.end_time,di1_0.required_seats,di1_0.skill_id,di1_0.sort_order,di1_0.start_time,di1_0.updated_at from demand_intervals di1_0 where (di1_0.date=? or (di1_0.date is null and di1_0.day_of_week=?)) and (di1_0.is_active=1 or di1_0.is_active is null) and di1_0.skill_id is not null
Hibernate: select di1_0.id,di1_0.is_active,di1_0.created_at,di1_0.date,di1_0.day_of_week,di1_0.end_time,di1_0.required_seats,di1_0.skill_id,di1_0.sort_order,di1_0.start_time,di1_0.updated_at from demand_intervals di1_0 where (di1_0.date=? or (di1_0.date is null and di1_0.day_of_week=?)) and (di1_0.is_active=1 or di1_0.is_active is null) and di1_0.skill_id is not null
2025-10-26T12:22:32.266+09:00 DEBUG 19468 --- [Shift Scheduler Demo] [           main] org.hibernate.SQL                        : select di1_0.id,di1_0.is_active,di1_0.created_at,di1_0.date,di1_0.day_of_week,di1_0.end_time,di1_0.required_seats,di1_0.skill_id,di1_0.sort_order,di1_0.start_time,di1_0.updated_at from demand_intervals di1_0 where (di1_0.date=? or (di1_0.date is null and di1_0.day_of_week=?)) and (di1_0.is_active=1 or di1_0.is_active is null) and di1_0.skill_id is not null
Hibernate: select di1_0.id,di1_0.is_active,di1_0.created_at,di1_0.date,di1_0.day_of_week,di1_0.end_time,di1_0.required_seats,di1_0.skill_id,di1_0.sort_order,di1_0.start_time,di1_0.updated_at from demand_intervals di1_0 where (di1_0.date=? or (di1_0.date is null and di1_0.day_of_week=?)) and (di1_0.is_active=1 or di1_0.is_active is null) and di1_0.skill_id is not null
2025-10-26T12:22:32.268+09:00 DEBUG 19468 --- [Shift Scheduler Demo] [           main] org.hibernate.SQL                        : select di1_0.id,di1_0.is_active,di1_0.created_at,di1_0.date,di1_0.day_of_week,di1_0.end_time,di1_0.required_seats,di1_0.skill_id,di1_0.sort_order,di1_0.start_time,di1_0.updated_at from demand_intervals di1_0 where (di1_0.date=? or (di1_0.date is null and di1_0.day_of_week=?)) and (di1_0.is_active=1 or di1_0.is_active is null) and di1_0.skill_id is not null
Hibernate: select di1_0.id,di1_0.is_active,di1_0.created_at,di1_0.date,di1_0.day_of_week,di1_0.end_time,di1_0.required_seats,di1_0.skill_id,di1_0.sort_order,di1_0.start_time,di1_0.updated_at from demand_intervals di1_0 where (di1_0.date=? or (di1_0.date is null and di1_0.day_of_week=?)) and (di1_0.is_active=1 or di1_0.is_active is null) and di1_0.skill_id is not null
2025-10-26T12:22:32.273+09:00 DEBUG 19468 --- [Shift Scheduler Demo] [           main] org.hibernate.SQL                        : select di1_0.id,di1_0.is_active,di1_0.created_at,di1_0.date,di1_0.day_of_week,di1_0.end_time,di1_0.required_seats,di1_0.skill_id,di1_0.sort_order,di1_0.start_time,di1_0.updated_at from demand_intervals di1_0 where (di1_0.date=? or (di1_0.date is null and di1_0.day_of_week=?)) and (di1_0.is_active=1 or di1_0.is_active is null) and di1_0.skill_id is not null
Hibernate: select di1_0.id,di1_0.is_active,di1_0.created_at,di1_0.date,di1_0.day_of_week,di1_0.end_time,di1_0.required_seats,di1_0.skill_id,di1_0.sort_order,di1_0.start_time,di1_0.updated_at from demand_intervals di1_0 where (di1_0.date=? or (di1_0.date is null and di1_0.day_of_week=?)) and (di1_0.is_active=1 or di1_0.is_active is null) and di1_0.skill_id is not null
2025-10-26T12:22:32.275+09:00 DEBUG 19468 --- [Shift Scheduler Demo] [           main] org.hibernate.SQL                        : select di1_0.id,di1_0.is_active,di1_0.created_at,di1_0.date,di1_0.day_of_week,di1_0.end_time,di1_0.required_seats,di1_0.skill_id,di1_0.sort_order,di1_0.start_time,di1_0.updated_at from demand_intervals di1_0 where (di1_0.date=? or (di1_0.date is null and di1_0.day_of_week=?)) and (di1_0.is_active=1 or di1_0.is_active is null) and di1_0.skill_id is not null
Hibernate: select di1_0.id,di1_0.is_active,di1_0.created_at,di1_0.date,di1_0.day_of_week,di1_0.end_time,di1_0.required_seats,di1_0.skill_id,di1_0.sort_order,di1_0.start_time,di1_0.updated_at from demand_intervals di1_0 where (di1_0.date=? or (di1_0.date is null and di1_0.day_of_week=?)) and (di1_0.is_active=1 or di1_0.is_active is null) and di1_0.skill_id is not null
2025-10-26T12:22:32.278+09:00 DEBUG 19468 --- [Shift Scheduler Demo] [           main] org.hibernate.SQL                        : select di1_0.id,di1_0.is_active,di1_0.created_at,di1_0.date,di1_0.day_of_week,di1_0.end_time,di1_0.required_seats,di1_0.skill_id,di1_0.sort_order,di1_0.start_time,di1_0.updated_at from demand_intervals di1_0 where (di1_0.date=? or (di1_0.date is null and di1_0.day_of_week=?)) and (di1_0.is_active=1 or di1_0.is_active is null) and di1_0.skill_id is not null
Hibernate: select di1_0.id,di1_0.is_active,di1_0.created_at,di1_0.date,di1_0.day_of_week,di1_0.end_time,di1_0.required_seats,di1_0.skill_id,di1_0.sort_order,di1_0.start_time,di1_0.updated_at from demand_intervals di1_0 where (di1_0.date=? or (di1_0.date is null and di1_0.day_of_week=?)) and (di1_0.is_active=1 or di1_0.is_active is null) and di1_0.skill_id is not null
2025-10-26T12:22:32.280+09:00 DEBUG 19468 --- [Shift Scheduler Demo] [           main] org.hibernate.SQL                        : select di1_0.id,di1_0.is_active,di1_0.created_at,di1_0.date,di1_0.day_of_week,di1_0.end_time,di1_0.required_seats,di1_0.skill_id,di1_0.sort_order,di1_0.start_time,di1_0.updated_at from demand_intervals di1_0 where (di1_0.date=? or (di1_0.date is null and di1_0.day_of_week=?)) and (di1_0.is_active=1 or di1_0.is_active is null) and di1_0.skill_id is not null
Hibernate: select di1_0.id,di1_0.is_active,di1_0.created_at,di1_0.date,di1_0.day_of_week,di1_0.end_time,di1_0.required_seats,di1_0.skill_id,di1_0.sort_order,di1_0.start_time,di1_0.updated_at from demand_intervals di1_0 where (di1_0.date=? or (di1_0.date is null and di1_0.day_of_week=?)) and (di1_0.is_active=1 or di1_0.is_active is null) and di1_0.skill_id is not null
2025-10-26T12:22:32.282+09:00 DEBUG 19468 --- [Shift Scheduler Demo] [           main] org.hibernate.SQL                        : select di1_0.id,di1_0.is_active,di1_0.created_at,di1_0.date,di1_0.day_of_week,di1_0.end_time,di1_0.required_seats,di1_0.skill_id,di1_0.sort_order,di1_0.start_time,di1_0.updated_at from demand_intervals di1_0 where (di1_0.date=? or (di1_0.date is null and di1_0.day_of_week=?)) and (di1_0.is_active=1 or di1_0.is_active is null) and di1_0.skill_id is not null
Hibernate: select di1_0.id,di1_0.is_active,di1_0.created_at,di1_0.date,di1_0.day_of_week,di1_0.end_time,di1_0.required_seats,di1_0.skill_id,di1_0.sort_order,di1_0.start_time,di1_0.updated_at from demand_intervals di1_0 where (di1_0.date=? or (di1_0.date is null and di1_0.day_of_week=?)) and (di1_0.is_active=1 or di1_0.is_active is null) and di1_0.skill_id is not null
2025-10-26T12:22:32.284+09:00 DEBUG 19468 --- [Shift Scheduler Demo] [           main] org.hibernate.SQL                        : select di1_0.id,di1_0.is_active,di1_0.created_at,di1_0.date,di1_0.day_of_week,di1_0.end_time,di1_0.required_seats,di1_0.skill_id,di1_0.sort_order,di1_0.start_time,di1_0.updated_at from demand_intervals di1_0 where (di1_0.date=? or (di1_0.date is null and di1_0.day_of_week=?)) and (di1_0.is_active=1 or di1_0.is_active is null) and di1_0.skill_id is not null
Hibernate: select di1_0.id,di1_0.is_active,di1_0.created_at,di1_0.date,di1_0.day_of_week,di1_0.end_time,di1_0.required_seats,di1_0.skill_id,di1_0.sort_order,di1_0.start_time,di1_0.updated_at from demand_intervals di1_0 where (di1_0.date=? or (di1_0.date is null and di1_0.day_of_week=?)) and (di1_0.is_active=1 or di1_0.is_active is null) and di1_0.skill_id is not null
2025-10-26T12:22:32.286+09:00 DEBUG 19468 --- [Shift Scheduler Demo] [           main] org.hibernate.SQL                        : select di1_0.id,di1_0.is_active,di1_0.created_at,di1_0.date,di1_0.day_of_week,di1_0.end_time,di1_0.required_seats,di1_0.skill_id,di1_0.sort_order,di1_0.start_time,di1_0.updated_at from demand_intervals di1_0 where (di1_0.date=? or (di1_0.date is null and di1_0.day_of_week=?)) and (di1_0.is_active=1 or di1_0.is_active is null) and di1_0.skill_id is not null
Hibernate: select di1_0.id,di1_0.is_active,di1_0.created_at,di1_0.date,di1_0.day_of_week,di1_0.end_time,di1_0.required_seats,di1_0.skill_id,di1_0.sort_order,di1_0.start_time,di1_0.updated_at from demand_intervals di1_0 where (di1_0.date=? or (di1_0.date is null and di1_0.day_of_week=?)) and (di1_0.is_active=1 or di1_0.is_active is null) and di1_0.skill_id is not null
2025-10-26T12:22:32.288+09:00 DEBUG 19468 --- [Shift Scheduler Demo] [           main] org.hibernate.SQL                        : select di1_0.id,di1_0.is_active,di1_0.created_at,di1_0.date,di1_0.day_of_week,di1_0.end_time,di1_0.required_seats,di1_0.skill_id,di1_0.sort_order,di1_0.start_time,di1_0.updated_at from demand_intervals di1_0 where (di1_0.date=? or (di1_0.date is null and di1_0.day_of_week=?)) and (di1_0.is_active=1 or di1_0.is_active is null) and di1_0.skill_id is not null
Hibernate: select di1_0.id,di1_0.is_active,di1_0.created_at,di1_0.date,di1_0.day_of_week,di1_0.end_time,di1_0.required_seats,di1_0.skill_id,di1_0.sort_order,di1_0.start_time,di1_0.updated_at from demand_intervals di1_0 where (di1_0.date=? or (di1_0.date is null and di1_0.day_of_week=?)) and (di1_0.is_active=1 or di1_0.is_active is null) and di1_0.skill_id is not null
2025-10-26T12:22:32.290+09:00 DEBUG 19468 --- [Shift Scheduler Demo] [           main] org.hibernate.SQL                        : select di1_0.id,di1_0.is_active,di1_0.created_at,di1_0.date,di1_0.day_of_week,di1_0.end_time,di1_0.required_seats,di1_0.skill_id,di1_0.sort_order,di1_0.start_time,di1_0.updated_at from demand_intervals di1_0 where (di1_0.date=? or (di1_0.date is null and di1_0.day_of_week=?)) and (di1_0.is_active=1 or di1_0.is_active is null) and di1_0.skill_id is not null
Hibernate: select di1_0.id,di1_0.is_active,di1_0.created_at,di1_0.date,di1_0.day_of_week,di1_0.end_time,di1_0.required_seats,di1_0.skill_id,di1_0.sort_order,di1_0.start_time,di1_0.updated_at from demand_intervals di1_0 where (di1_0.date=? or (di1_0.date is null and di1_0.day_of_week=?)) and (di1_0.is_active=1 or di1_0.is_active is null) and di1_0.skill_id is not null
2025-10-26T12:22:32.293+09:00 DEBUG 19468 --- [Shift Scheduler Demo] [           main] org.hibernate.SQL                        : select di1_0.id,di1_0.is_active,di1_0.created_at,di1_0.date,di1_0.day_of_week,di1_0.end_time,di1_0.required_seats,di1_0.skill_id,di1_0.sort_order,di1_0.start_time,di1_0.updated_at from demand_intervals di1_0 where (di1_0.date=? or (di1_0.date is null and di1_0.day_of_week=?)) and (di1_0.is_active=1 or di1_0.is_active is null) and di1_0.skill_id is not null
Hibernate: select di1_0.id,di1_0.is_active,di1_0.created_at,di1_0.date,di1_0.day_of_week,di1_0.end_time,di1_0.required_seats,di1_0.skill_id,di1_0.sort_order,di1_0.start_time,di1_0.updated_at from demand_intervals di1_0 where (di1_0.date=? or (di1_0.date is null and di1_0.day_of_week=?)) and (di1_0.is_active=1 or di1_0.is_active is null) and di1_0.skill_id is not null
2025-10-26T12:22:32.297+09:00 DEBUG 19468 --- [Shift Scheduler Demo] [           main] org.hibernate.SQL                        : select di1_0.id,di1_0.is_active,di1_0.created_at,di1_0.date,di1_0.day_of_week,di1_0.end_time,di1_0.required_seats,di1_0.skill_id,di1_0.sort_order,di1_0.start_time,di1_0.updated_at from demand_intervals di1_0 where (di1_0.date=? or (di1_0.date is null and di1_0.day_of_week=?)) and (di1_0.is_active=1 or di1_0.is_active is null) and di1_0.skill_id is not null
Hibernate: select di1_0.id,di1_0.is_active,di1_0.created_at,di1_0.date,di1_0.day_of_week,di1_0.end_time,di1_0.required_seats,di1_0.skill_id,di1_0.sort_order,di1_0.start_time,di1_0.updated_at from demand_intervals di1_0 where (di1_0.date=? or (di1_0.date is null and di1_0.day_of_week=?)) and (di1_0.is_active=1 or di1_0.is_active is null) and di1_0.skill_id is not null
2025-10-26T12:22:32.299+09:00 DEBUG 19468 --- [Shift Scheduler Demo] [           main] org.hibernate.SQL                        : select di1_0.id,di1_0.is_active,di1_0.created_at,di1_0.date,di1_0.day_of_week,di1_0.end_time,di1_0.required_seats,di1_0.skill_id,di1_0.sort_order,di1_0.start_time,di1_0.updated_at from demand_intervals di1_0 where (di1_0.date=? or (di1_0.date is null and di1_0.day_of_week=?)) and (di1_0.is_active=1 or di1_0.is_active is null) and di1_0.skill_id is not null
Hibernate: select di1_0.id,di1_0.is_active,di1_0.created_at,di1_0.date,di1_0.day_of_week,di1_0.end_time,di1_0.required_seats,di1_0.skill_id,di1_0.sort_order,di1_0.start_time,di1_0.updated_at from demand_intervals di1_0 where (di1_0.date=? or (di1_0.date is null and di1_0.day_of_week=?)) and (di1_0.is_active=1 or di1_0.is_active is null) and di1_0.skill_id is not null
2025-10-26T12:22:32.301+09:00 DEBUG 19468 --- [Shift Scheduler Demo] [           main] org.hibernate.SQL                        : select di1_0.id,di1_0.is_active,di1_0.created_at,di1_0.date,di1_0.day_of_week,di1_0.end_time,di1_0.required_seats,di1_0.skill_id,di1_0.sort_order,di1_0.start_time,di1_0.updated_at from demand_intervals di1_0 where (di1_0.date=? or (di1_0.date is null and di1_0.day_of_week=?)) and (di1_0.is_active=1 or di1_0.is_active is null) and di1_0.skill_id is not null
Hibernate: select di1_0.id,di1_0.is_active,di1_0.created_at,di1_0.date,di1_0.day_of_week,di1_0.end_time,di1_0.required_seats,di1_0.skill_id,di1_0.sort_order,di1_0.start_time,di1_0.updated_at from demand_intervals di1_0 where (di1_0.date=? or (di1_0.date is null and di1_0.day_of_week=?)) and (di1_0.is_active=1 or di1_0.is_active is null) and di1_0.skill_id is not null
2025-10-26T12:22:32.302+09:00 DEBUG 19468 --- [Shift Scheduler Demo] [           main] org.hibernate.SQL                        : select di1_0.id,di1_0.is_active,di1_0.created_at,di1_0.date,di1_0.day_of_week,di1_0.end_time,di1_0.required_seats,di1_0.skill_id,di1_0.sort_order,di1_0.start_time,di1_0.updated_at from demand_intervals di1_0 where (di1_0.date=? or (di1_0.date is null and di1_0.day_of_week=?)) and (di1_0.is_active=1 or di1_0.is_active is null) and di1_0.skill_id is not null
Hibernate: select di1_0.id,di1_0.is_active,di1_0.created_at,di1_0.date,di1_0.day_of_week,di1_0.end_time,di1_0.required_seats,di1_0.skill_id,di1_0.sort_order,di1_0.start_time,di1_0.updated_at from demand_intervals di1_0 where (di1_0.date=? or (di1_0.date is null and di1_0.day_of_week=?)) and (di1_0.is_active=1 or di1_0.is_active is null) and di1_0.skill_id is not null
2025-10-26T12:22:32.305+09:00 DEBUG 19468 --- [Shift Scheduler Demo] [           main] org.hibernate.SQL                        : select di1_0.id,di1_0.is_active,di1_0.created_at,di1_0.date,di1_0.day_of_week,di1_0.end_time,di1_0.required_seats,di1_0.skill_id,di1_0.sort_order,di1_0.start_time,di1_0.updated_at from demand_intervals di1_0 where (di1_0.date=? or (di1_0.date is null and di1_0.day_of_week=?)) and (di1_0.is_active=1 or di1_0.is_active is null) and di1_0.skill_id is not null
Hibernate: select di1_0.id,di1_0.is_active,di1_0.created_at,di1_0.date,di1_0.day_of_week,di1_0.end_time,di1_0.required_seats,di1_0.skill_id,di1_0.sort_order,di1_0.start_time,di1_0.updated_at from demand_intervals di1_0 where (di1_0.date=? or (di1_0.date is null and di1_0.day_of_week=?)) and (di1_0.is_active=1 or di1_0.is_active is null) and di1_0.skill_id is not null
2025-10-26T12:22:32.308+09:00 DEBUG 19468 --- [Shift Scheduler Demo] [           main] org.hibernate.SQL                        : select di1_0.id,di1_0.is_active,di1_0.created_at,di1_0.date,di1_0.day_of_week,di1_0.end_time,di1_0.required_seats,di1_0.skill_id,di1_0.sort_order,di1_0.start_time,di1_0.updated_at from demand_intervals di1_0 where (di1_0.date=? or (di1_0.date is null and di1_0.day_of_week=?)) and (di1_0.is_active=1 or di1_0.is_active is null) and di1_0.skill_id is not null
Hibernate: select di1_0.id,di1_0.is_active,di1_0.created_at,di1_0.date,di1_0.day_of_week,di1_0.end_time,di1_0.required_seats,di1_0.skill_id,di1_0.sort_order,di1_0.start_time,di1_0.updated_at from demand_intervals di1_0 where (di1_0.date=? or (di1_0.date is null and di1_0.day_of_week=?)) and (di1_0.is_active=1 or di1_0.is_active is null) and di1_0.skill_id is not null
2025-10-26T12:22:32.310+09:00 DEBUG 19468 --- [Shift Scheduler Demo] [           main] org.hibernate.SQL                        : select di1_0.id,di1_0.is_active,di1_0.created_at,di1_0.date,di1_0.day_of_week,di1_0.end_time,di1_0.required_seats,di1_0.skill_id,di1_0.sort_order,di1_0.start_time,di1_0.updated_at from demand_intervals di1_0 where (di1_0.date=? or (di1_0.date is null and di1_0.day_of_week=?)) and (di1_0.is_active=1 or di1_0.is_active is null) and di1_0.skill_id is not null
Hibernate: select di1_0.id,di1_0.is_active,di1_0.created_at,di1_0.date,di1_0.day_of_week,di1_0.end_time,di1_0.required_seats,di1_0.skill_id,di1_0.sort_order,di1_0.start_time,di1_0.updated_at from demand_intervals di1_0 where (di1_0.date=? or (di1_0.date is null and di1_0.day_of_week=?)) and (di1_0.is_active=1 or di1_0.is_active is null) and di1_0.skill_id is not null
2025-10-26T12:22:32.311+09:00 DEBUG 19468 --- [Shift Scheduler Demo] [           main] org.hibernate.SQL                        : select di1_0.id,di1_0.is_active,di1_0.created_at,di1_0.date,di1_0.day_of_week,di1_0.end_time,di1_0.required_seats,di1_0.skill_id,di1_0.sort_order,di1_0.start_time,di1_0.updated_at from demand_intervals di1_0 where (di1_0.date=? or (di1_0.date is null and di1_0.day_of_week=?)) and (di1_0.is_active=1 or di1_0.is_active is null) and di1_0.skill_id is not null
Hibernate: select di1_0.id,di1_0.is_active,di1_0.created_at,di1_0.date,di1_0.day_of_week,di1_0.end_time,di1_0.required_seats,di1_0.skill_id,di1_0.sort_order,di1_0.start_time,di1_0.updated_at from demand_intervals di1_0 where (di1_0.date=? or (di1_0.date is null and di1_0.day_of_week=?)) and (di1_0.is_active=1 or di1_0.is_active is null) and di1_0.skill_id is not null
2025-10-26T12:22:32.313+09:00 DEBUG 19468 --- [Shift Scheduler Demo] [           main] org.hibernate.SQL                        : select di1_0.id,di1_0.is_active,di1_0.created_at,di1_0.date,di1_0.day_of_week,di1_0.end_time,di1_0.required_seats,di1_0.skill_id,di1_0.sort_order,di1_0.start_time,di1_0.updated_at from demand_intervals di1_0 where (di1_0.date=? or (di1_0.date is null and di1_0.day_of_week=?)) and (di1_0.is_active=1 or di1_0.is_active is null) and di1_0.skill_id is not null
Hibernate: select di1_0.id,di1_0.is_active,di1_0.created_at,di1_0.date,di1_0.day_of_week,di1_0.end_time,di1_0.required_seats,di1_0.skill_id,di1_0.sort_order,di1_0.start_time,di1_0.updated_at from demand_intervals di1_0 where (di1_0.date=? or (di1_0.date is null and di1_0.day_of_week=?)) and (di1_0.is_active=1 or di1_0.is_active is null) and di1_0.skill_id is not null
2025-10-26T12:22:32.314+09:00 DEBUG 19468 --- [Shift Scheduler Demo] [           main] org.hibernate.SQL                        : select di1_0.id,di1_0.is_active,di1_0.created_at,di1_0.date,di1_0.day_of_week,di1_0.end_time,di1_0.required_seats,di1_0.skill_id,di1_0.sort_order,di1_0.start_time,di1_0.updated_at from demand_intervals di1_0 where (di1_0.date=? or (di1_0.date is null and di1_0.day_of_week=?)) and (di1_0.is_active=1 or di1_0.is_active is null) and di1_0.skill_id is not null
Hibernate: select di1_0.id,di1_0.is_active,di1_0.created_at,di1_0.date,di1_0.day_of_week,di1_0.end_time,di1_0.required_seats,di1_0.skill_id,di1_0.sort_order,di1_0.start_time,di1_0.updated_at from demand_intervals di1_0 where (di1_0.date=? or (di1_0.date is null and di1_0.day_of_week=?)) and (di1_0.is_active=1 or di1_0.is_active is null) and di1_0.skill_id is not null
2025-10-26T12:22:32.317+09:00 DEBUG 19468 --- [Shift Scheduler Demo] [           main] org.hibernate.SQL                        : select di1_0.id,di1_0.is_active,di1_0.created_at,di1_0.date,di1_0.day_of_week,di1_0.end_time,di1_0.required_seats,di1_0.skill_id,di1_0.sort_order,di1_0.start_time,di1_0.updated_at from demand_intervals di1_0 where (di1_0.date=? or (di1_0.date is null and di1_0.day_of_week=?)) and (di1_0.is_active=1 or di1_0.is_active is null) and di1_0.skill_id is not null
Hibernate: select di1_0.id,di1_0.is_active,di1_0.created_at,di1_0.date,di1_0.day_of_week,di1_0.end_time,di1_0.required_seats,di1_0.skill_id,di1_0.sort_order,di1_0.start_time,di1_0.updated_at from demand_intervals di1_0 where (di1_0.date=? or (di1_0.date is null and di1_0.day_of_week=?)) and (di1_0.is_active=1 or di1_0.is_active is null) and di1_0.skill_id is not null
2025-10-26T12:22:32.318+09:00 DEBUG 19468 --- [Shift Scheduler Demo] [           main] org.hibernate.SQL                        : select di1_0.id,di1_0.is_active,di1_0.created_at,di1_0.date,di1_0.day_of_week,di1_0.end_time,di1_0.required_seats,di1_0.skill_id,di1_0.sort_order,di1_0.start_time,di1_0.updated_at from demand_intervals di1_0 where (di1_0.date=? or (di1_0.date is null and di1_0.day_of_week=?)) and (di1_0.is_active=1 or di1_0.is_active is null) and di1_0.skill_id is not null
Hibernate: select di1_0.id,di1_0.is_active,di1_0.created_at,di1_0.date,di1_0.day_of_week,di1_0.end_time,di1_0.required_seats,di1_0.skill_id,di1_0.sort_order,di1_0.start_time,di1_0.updated_at from demand_intervals di1_0 where (di1_0.date=? or (di1_0.date is null and di1_0.day_of_week=?)) and (di1_0.is_active=1 or di1_0.is_active is null) and di1_0.skill_id is not null
2025-10-26T12:22:32.319+09:00 DEBUG 19468 --- [Shift Scheduler Demo] [           main] org.hibernate.SQL                        : select di1_0.id,di1_0.is_active,di1_0.created_at,di1_0.date,di1_0.day_of_week,di1_0.end_time,di1_0.required_seats,di1_0.skill_id,di1_0.sort_order,di1_0.start_time,di1_0.updated_at from demand_intervals di1_0 where (di1_0.date=? or (di1_0.date is null and di1_0.day_of_week=?)) and (di1_0.is_active=1 or di1_0.is_active is null) and di1_0.skill_id is not null
Hibernate: select di1_0.id,di1_0.is_active,di1_0.created_at,di1_0.date,di1_0.day_of_week,di1_0.end_time,di1_0.required_seats,di1_0.skill_id,di1_0.sort_order,di1_0.start_time,di1_0.updated_at from demand_intervals di1_0 where (di1_0.date=? or (di1_0.date is null and di1_0.day_of_week=?)) and (di1_0.is_active=1 or di1_0.is_active is null) and di1_0.skill_id is not null
2025-10-26T12:22:32.320+09:00 DEBUG 19468 --- [Shift Scheduler Demo] [           main] org.hibernate.SQL                        : select di1_0.id,di1_0.is_active,di1_0.created_at,di1_0.date,di1_0.day_of_week,di1_0.end_time,di1_0.required_seats,di1_0.skill_id,di1_0.sort_order,di1_0.start_time,di1_0.updated_at from demand_intervals di1_0 where (di1_0.date=? or (di1_0.date is null and di1_0.day_of_week=?)) and (di1_0.is_active=1 or di1_0.is_active is null) and di1_0.skill_id is not null
Hibernate: select di1_0.id,di1_0.is_active,di1_0.created_at,di1_0.date,di1_0.day_of_week,di1_0.end_time,di1_0.required_seats,di1_0.skill_id,di1_0.sort_order,di1_0.start_time,di1_0.updated_at from demand_intervals di1_0 where (di1_0.date=? or (di1_0.date is null and di1_0.day_of_week=?)) and (di1_0.is_active=1 or di1_0.is_active is null) and di1_0.skill_id is not null
2025-10-26T12:22:32.322+09:00 DEBUG 19468 --- [Shift Scheduler Demo] [           main] org.hibernate.SQL                        : select di1_0.id,di1_0.is_active,di1_0.created_at,di1_0.date,di1_0.day_of_week,di1_0.end_time,di1_0.required_seats,di1_0.skill_id,di1_0.sort_order,di1_0.start_time,di1_0.updated_at from demand_intervals di1_0 where (di1_0.date=? or (di1_0.date is null and di1_0.day_of_week=?)) and (di1_0.is_active=1 or di1_0.is_active is null) and di1_0.skill_id is not null
Hibernate: select di1_0.id,di1_0.is_active,di1_0.created_at,di1_0.date,di1_0.day_of_week,di1_0.end_time,di1_0.required_seats,di1_0.skill_id,di1_0.sort_order,di1_0.start_time,di1_0.updated_at from demand_intervals di1_0 where (di1_0.date=? or (di1_0.date is null and di1_0.day_of_week=?)) and (di1_0.is_active=1 or di1_0.is_active is null) and di1_0.skill_id is not null
2025-10-26T12:22:32.324+09:00 DEBUG 19468 --- [Shift Scheduler Demo] [           main] org.hibernate.SQL                        : select di1_0.id,di1_0.is_active,di1_0.created_at,di1_0.date,di1_0.day_of_week,di1_0.end_time,di1_0.required_seats,di1_0.skill_id,di1_0.sort_order,di1_0.start_time,di1_0.updated_at from demand_intervals di1_0 where (di1_0.date=? or (di1_0.date is null and di1_0.day_of_week=?)) and (di1_0.is_active=1 or di1_0.is_active is null) and di1_0.skill_id is not null
Hibernate: select di1_0.id,di1_0.is_active,di1_0.created_at,di1_0.date,di1_0.day_of_week,di1_0.end_time,di1_0.required_seats,di1_0.skill_id,di1_0.sort_order,di1_0.start_time,di1_0.updated_at from demand_intervals di1_0 where (di1_0.date=? or (di1_0.date is null and di1_0.day_of_week=?)) and (di1_0.is_active=1 or di1_0.is_active is null) and di1_0.skill_id is not null
2025-10-26T12:22:32.326+09:00 DEBUG 19468 --- [Shift Scheduler Demo] [           main] org.hibernate.SQL                        : select di1_0.id,di1_0.is_active,di1_0.created_at,di1_0.date,di1_0.day_of_week,di1_0.end_time,di1_0.required_seats,di1_0.skill_id,di1_0.sort_order,di1_0.start_time,di1_0.updated_at from demand_intervals di1_0 where (di1_0.date=? or (di1_0.date is null and di1_0.day_of_week=?)) and (di1_0.is_active=1 or di1_0.is_active is null) and di1_0.skill_id is not null
Hibernate: select di1_0.id,di1_0.is_active,di1_0.created_at,di1_0.date,di1_0.day_of_week,di1_0.end_time,di1_0.required_seats,di1_0.skill_id,di1_0.sort_order,di1_0.start_time,di1_0.updated_at from demand_intervals di1_0 where (di1_0.date=? or (di1_0.date is null and di1_0.day_of_week=?)) and (di1_0.is_active=1 or di1_0.is_active is null) and di1_0.skill_id is not null
2025-10-26T12:22:32.326+09:00 DEBUG 19468 --- [Shift Scheduler Demo] [           main] org.hibernate.SQL                        : select di1_0.id,di1_0.is_active,di1_0.created_at,di1_0.date,di1_0.day_of_week,di1_0.end_time,di1_0.required_seats,di1_0.skill_id,di1_0.sort_order,di1_0.start_time,di1_0.updated_at from demand_intervals di1_0 where (di1_0.date=? or (di1_0.date is null and di1_0.day_of_week=?)) and (di1_0.is_active=1 or di1_0.is_active is null) and di1_0.skill_id is not null
Hibernate: select di1_0.id,di1_0.is_active,di1_0.created_at,di1_0.date,di1_0.day_of_week,di1_0.end_time,di1_0.required_seats,di1_0.skill_id,di1_0.sort_order,di1_0.start_time,di1_0.updated_at from demand_intervals di1_0 where (di1_0.date=? or (di1_0.date is null and di1_0.day_of_week=?)) and (di1_0.is_active=1 or di1_0.is_active is null) and di1_0.skill_id is not null
2025-10-26T12:22:32.333+09:00 DEBUG 19468 --- [Shift Scheduler Demo] [           main] org.hibernate.SQL                        : select di1_0.id,di1_0.is_active,di1_0.created_at,di1_0.date,di1_0.day_of_week,di1_0.end_time,di1_0.required_seats,di1_0.skill_id,di1_0.sort_order,di1_0.start_time,di1_0.updated_at from demand_intervals di1_0 where (di1_0.date=? or (di1_0.date is null and di1_0.day_of_week=?)) and (di1_0.is_active=1 or di1_0.is_active is null) and di1_0.skill_id is not null
Hibernate: select di1_0.id,di1_0.is_active,di1_0.created_at,di1_0.date,di1_0.day_of_week,di1_0.end_time,di1_0.required_seats,di1_0.skill_id,di1_0.sort_order,di1_0.start_time,di1_0.updated_at from demand_intervals di1_0 where (di1_0.date=? or (di1_0.date is null and di1_0.day_of_week=?)) and (di1_0.is_active=1 or di1_0.is_active is null) and di1_0.skill_id is not null
2025-10-26T12:22:32.339+09:00 DEBUG 19468 --- [Shift Scheduler Demo] [           main] org.hibernate.SQL                        : select di1_0.id,di1_0.is_active,di1_0.created_at,di1_0.date,di1_0.day_of_week,di1_0.end_time,di1_0.required_seats,di1_0.skill_id,di1_0.sort_order,di1_0.start_time,di1_0.updated_at from demand_intervals di1_0 where (di1_0.date=? or (di1_0.date is null and di1_0.day_of_week=?)) and (di1_0.is_active=1 or di1_0.is_active is null) and di1_0.skill_id is not null
Hibernate: select di1_0.id,di1_0.is_active,di1_0.created_at,di1_0.date,di1_0.day_of_week,di1_0.end_time,di1_0.required_seats,di1_0.skill_id,di1_0.sort_order,di1_0.start_time,di1_0.updated_at from demand_intervals di1_0 where (di1_0.date=? or (di1_0.date is null and di1_0.day_of_week=?)) and (di1_0.is_active=1 or di1_0.is_active is null) and di1_0.skill_id is not null
2025-10-26T12:22:32.343+09:00 DEBUG 19468 --- [Shift Scheduler Demo] [           main] org.hibernate.SQL                        : select di1_0.id,di1_0.is_active,di1_0.created_at,di1_0.date,di1_0.day_of_week,di1_0.end_time,di1_0.required_seats,di1_0.skill_id,di1_0.sort_order,di1_0.start_time,di1_0.updated_at from demand_intervals di1_0 where (di1_0.date=? or (di1_0.date is null and di1_0.day_of_week=?)) and (di1_0.is_active=1 or di1_0.is_active is null) and di1_0.skill_id is not null
Hibernate: select di1_0.id,di1_0.is_active,di1_0.created_at,di1_0.date,di1_0.day_of_week,di1_0.end_time,di1_0.required_seats,di1_0.skill_id,di1_0.sort_order,di1_0.start_time,di1_0.updated_at from demand_intervals di1_0 where (di1_0.date=? or (di1_0.date is null and di1_0.day_of_week=?)) and (di1_0.is_active=1 or di1_0.is_active is null) and di1_0.skill_id is not null
2025-10-26T12:22:32.346+09:00 DEBUG 19468 --- [Shift Scheduler Demo] [           main] org.hibernate.SQL                        : select di1_0.id,di1_0.is_active,di1_0.created_at,di1_0.date,di1_0.day_of_week,di1_0.end_time,di1_0.required_seats,di1_0.skill_id,di1_0.sort_order,di1_0.start_time,di1_0.updated_at from demand_intervals di1_0 where (di1_0.date=? or (di1_0.date is null and di1_0.day_of_week=?)) and (di1_0.is_active=1 or di1_0.is_active is null) and di1_0.skill_id is not null
Hibernate: select di1_0.id,di1_0.is_active,di1_0.created_at,di1_0.date,di1_0.day_of_week,di1_0.end_time,di1_0.required_seats,di1_0.skill_id,di1_0.sort_order,di1_0.start_time,di1_0.updated_at from demand_intervals di1_0 where (di1_0.date=? or (di1_0.date is null and di1_0.day_of_week=?)) and (di1_0.is_active=1 or di1_0.is_active is null) and di1_0.skill_id is not null
2025-10-26T12:22:32.349+09:00 DEBUG 19468 --- [Shift Scheduler Demo] [           main] org.hibernate.SQL                        : select di1_0.id,di1_0.is_active,di1_0.created_at,di1_0.date,di1_0.day_of_week,di1_0.end_time,di1_0.required_seats,di1_0.skill_id,di1_0.sort_order,di1_0.start_time,di1_0.updated_at from demand_intervals di1_0 where (di1_0.date=? or (di1_0.date is null and di1_0.day_of_week=?)) and (di1_0.is_active=1 or di1_0.is_active is null) and di1_0.skill_id is not null
Hibernate: select di1_0.id,di1_0.is_active,di1_0.created_at,di1_0.date,di1_0.day_of_week,di1_0.end_time,di1_0.required_seats,di1_0.skill_id,di1_0.sort_order,di1_0.start_time,di1_0.updated_at from demand_intervals di1_0 where (di1_0.date=? or (di1_0.date is null and di1_0.day_of_week=?)) and (di1_0.is_active=1 or di1_0.is_active is null) and di1_0.skill_id is not null
2025-10-26T12:22:32.352+09:00 DEBUG 19468 --- [Shift Scheduler Demo] [           main] org.hibernate.SQL                        : select di1_0.id,di1_0.is_active,di1_0.created_at,di1_0.date,di1_0.day_of_week,di1_0.end_time,di1_0.required_seats,di1_0.skill_id,di1_0.sort_order,di1_0.start_time,di1_0.updated_at from demand_intervals di1_0 where (di1_0.date=? or (di1_0.date is null and di1_0.day_of_week=?)) and (di1_0.is_active=1 or di1_0.is_active is null) and di1_0.skill_id is not null
Hibernate: select di1_0.id,di1_0.is_active,di1_0.created_at,di1_0.date,di1_0.day_of_week,di1_0.end_time,di1_0.required_seats,di1_0.skill_id,di1_0.sort_order,di1_0.start_time,di1_0.updated_at from demand_intervals di1_0 where (di1_0.date=? or (di1_0.date is null and di1_0.day_of_week=?)) and (di1_0.is_active=1 or di1_0.is_active is null) and di1_0.skill_id is not null
2025-10-26T12:22:32.357+09:00 DEBUG 19468 --- [Shift Scheduler Demo] [           main] org.hibernate.SQL                        : select di1_0.id,di1_0.is_active,di1_0.created_at,di1_0.date,di1_0.day_of_week,di1_0.end_time,di1_0.required_seats,di1_0.skill_id,di1_0.sort_order,di1_0.start_time,di1_0.updated_at from demand_intervals di1_0 where (di1_0.date=? or (di1_0.date is null and di1_0.day_of_week=?)) and (di1_0.is_active=1 or di1_0.is_active is null) and di1_0.skill_id is not null
Hibernate: select di1_0.id,di1_0.is_active,di1_0.created_at,di1_0.date,di1_0.day_of_week,di1_0.end_time,di1_0.required_seats,di1_0.skill_id,di1_0.sort_order,di1_0.start_time,di1_0.updated_at from demand_intervals di1_0 where (di1_0.date=? or (di1_0.date is null and di1_0.day_of_week=?)) and (di1_0.is_active=1 or di1_0.is_active is null) and di1_0.skill_id is not null
2025-10-26T12:22:32.360+09:00 DEBUG 19468 --- [Shift Scheduler Demo] [           main] org.hibernate.SQL                        : select di1_0.id,di1_0.is_active,di1_0.created_at,di1_0.date,di1_0.day_of_week,di1_0.end_time,di1_0.required_seats,di1_0.skill_id,di1_0.sort_order,di1_0.start_time,di1_0.updated_at from demand_intervals di1_0 where (di1_0.date=? or (di1_0.date is null and di1_0.day_of_week=?)) and (di1_0.is_active=1 or di1_0.is_active is null) and di1_0.skill_id is not null
Hibernate: select di1_0.id,di1_0.is_active,di1_0.created_at,di1_0.date,di1_0.day_of_week,di1_0.end_time,di1_0.required_seats,di1_0.skill_id,di1_0.sort_order,di1_0.start_time,di1_0.updated_at from demand_intervals di1_0 where (di1_0.date=? or (di1_0.date is null and di1_0.day_of_week=?)) and (di1_0.is_active=1 or di1_0.is_active is null) and di1_0.skill_id is not null
2025-10-26T12:22:32.361+09:00 DEBUG 19468 --- [Shift Scheduler Demo] [           main] org.hibernate.SQL                        : select di1_0.id,di1_0.is_active,di1_0.created_at,di1_0.date,di1_0.day_of_week,di1_0.end_time,di1_0.required_seats,di1_0.skill_id,di1_0.sort_order,di1_0.start_time,di1_0.updated_at from demand_intervals di1_0 where (di1_0.date=? or (di1_0.date is null and di1_0.day_of_week=?)) and (di1_0.is_active=1 or di1_0.is_active is null) and di1_0.skill_id is not null
Hibernate: select di1_0.id,di1_0.is_active,di1_0.created_at,di1_0.date,di1_0.day_of_week,di1_0.end_time,di1_0.required_seats,di1_0.skill_id,di1_0.sort_order,di1_0.start_time,di1_0.updated_at from demand_intervals di1_0 where (di1_0.date=? or (di1_0.date is null and di1_0.day_of_week=?)) and (di1_0.is_active=1 or di1_0.is_active is null) and di1_0.skill_id is not null
2025-10-26T12:22:32.364+09:00 DEBUG 19468 --- [Shift Scheduler Demo] [           main] org.hibernate.SQL                        : select di1_0.id,di1_0.is_active,di1_0.created_at,di1_0.date,di1_0.day_of_week,di1_0.end_time,di1_0.required_seats,di1_0.skill_id,di1_0.sort_order,di1_0.start_time,di1_0.updated_at from demand_intervals di1_0 where (di1_0.date=? or (di1_0.date is null and di1_0.day_of_week=?)) and (di1_0.is_active=1 or di1_0.is_active is null) and di1_0.skill_id is not null
Hibernate: select di1_0.id,di1_0.is_active,di1_0.created_at,di1_0.date,di1_0.day_of_week,di1_0.end_time,di1_0.required_seats,di1_0.skill_id,di1_0.sort_order,di1_0.start_time,di1_0.updated_at from demand_intervals di1_0 where (di1_0.date=? or (di1_0.date is null and di1_0.day_of_week=?)) and (di1_0.is_active=1 or di1_0.is_active is null) and di1_0.skill_id is not null
2025-10-26T12:22:32.366+09:00 DEBUG 19468 --- [Shift Scheduler Demo] [           main] org.hibernate.SQL                        : select di1_0.id,di1_0.is_active,di1_0.created_at,di1_0.date,di1_0.day_of_week,di1_0.end_time,di1_0.required_seats,di1_0.skill_id,di1_0.sort_order,di1_0.start_time,di1_0.updated_at from demand_intervals di1_0 where (di1_0.date=? or (di1_0.date is null and di1_0.day_of_week=?)) and (di1_0.is_active=1 or di1_0.is_active is null) and di1_0.skill_id is not null
Hibernate: select di1_0.id,di1_0.is_active,di1_0.created_at,di1_0.date,di1_0.day_of_week,di1_0.end_time,di1_0.required_seats,di1_0.skill_id,di1_0.sort_order,di1_0.start_time,di1_0.updated_at from demand_intervals di1_0 where (di1_0.date=? or (di1_0.date is null and di1_0.day_of_week=?)) and (di1_0.is_active=1 or di1_0.is_active is null) and di1_0.skill_id is not null
2025-10-26T12:22:32.369+09:00 DEBUG 19468 --- [Shift Scheduler Demo] [           main] org.hibernate.SQL                        : select di1_0.id,di1_0.is_active,di1_0.created_at,di1_0.date,di1_0.day_of_week,di1_0.end_time,di1_0.required_seats,di1_0.skill_id,di1_0.sort_order,di1_0.start_time,di1_0.updated_at from demand_intervals di1_0 where (di1_0.date=? or (di1_0.date is null and di1_0.day_of_week=?)) and (di1_0.is_active=1 or di1_0.is_active is null) and di1_0.skill_id is not null
Hibernate: select di1_0.id,di1_0.is_active,di1_0.created_at,di1_0.date,di1_0.day_of_week,di1_0.end_time,di1_0.required_seats,di1_0.skill_id,di1_0.sort_order,di1_0.start_time,di1_0.updated_at from demand_intervals di1_0 where (di1_0.date=? or (di1_0.date is null and di1_0.day_of_week=?)) and (di1_0.is_active=1 or di1_0.is_active is null) and di1_0.skill_id is not null
2025-10-26T12:22:32.375+09:00 DEBUG 19468 --- [Shift Scheduler Demo] [           main] org.hibernate.SQL                        : select di1_0.id,di1_0.is_active,di1_0.created_at,di1_0.date,di1_0.day_of_week,di1_0.end_time,di1_0.required_seats,di1_0.skill_id,di1_0.sort_order,di1_0.start_time,di1_0.updated_at from demand_intervals di1_0 where (di1_0.date=? or (di1_0.date is null and di1_0.day_of_week=?)) and (di1_0.is_active=1 or di1_0.is_active is null) and di1_0.skill_id is not null
Hibernate: select di1_0.id,di1_0.is_active,di1_0.created_at,di1_0.date,di1_0.day_of_week,di1_0.end_time,di1_0.required_seats,di1_0.skill_id,di1_0.sort_order,di1_0.start_time,di1_0.updated_at from demand_intervals di1_0 where (di1_0.date=? or (di1_0.date is null and di1_0.day_of_week=?)) and (di1_0.is_active=1 or di1_0.is_active is null) and di1_0.skill_id is not null
2025-10-26T12:22:32.378+09:00 DEBUG 19468 --- [Shift Scheduler Demo] [           main] org.hibernate.SQL                        : select di1_0.id,di1_0.is_active,di1_0.created_at,di1_0.date,di1_0.day_of_week,di1_0.end_time,di1_0.required_seats,di1_0.skill_id,di1_0.sort_order,di1_0.start_time,di1_0.updated_at from demand_intervals di1_0 where (di1_0.date=? or (di1_0.date is null and di1_0.day_of_week=?)) and (di1_0.is_active=1 or di1_0.is_active is null) and di1_0.skill_id is not null
Hibernate: select di1_0.id,di1_0.is_active,di1_0.created_at,di1_0.date,di1_0.day_of_week,di1_0.end_time,di1_0.required_seats,di1_0.skill_id,di1_0.sort_order,di1_0.start_time,di1_0.updated_at from demand_intervals di1_0 where (di1_0.date=? or (di1_0.date is null and di1_0.day_of_week=?)) and (di1_0.is_active=1 or di1_0.is_active is null) and di1_0.skill_id is not null
2025-10-26T12:22:32.382+09:00 DEBUG 19468 --- [Shift Scheduler Demo] [           main] org.hibernate.SQL                        : select di1_0.id,di1_0.is_active,di1_0.created_at,di1_0.date,di1_0.day_of_week,di1_0.end_time,di1_0.required_seats,di1_0.skill_id,di1_0.sort_order,di1_0.start_time,di1_0.updated_at from demand_intervals di1_0 where (di1_0.date=? or (di1_0.date is null and di1_0.day_of_week=?)) and (di1_0.is_active=1 or di1_0.is_active is null) and di1_0.skill_id is not null
Hibernate: select di1_0.id,di1_0.is_active,di1_0.created_at,di1_0.date,di1_0.day_of_week,di1_0.end_time,di1_0.required_seats,di1_0.skill_id,di1_0.sort_order,di1_0.start_time,di1_0.updated_at from demand_intervals di1_0 where (di1_0.date=? or (di1_0.date is null and di1_0.day_of_week=?)) and (di1_0.is_active=1 or di1_0.is_active is null) and di1_0.skill_id is not null
2025-10-26T12:22:32.388+09:00 DEBUG 19468 --- [Shift Scheduler Demo] [           main] org.hibernate.SQL                        : select di1_0.id,di1_0.is_active,di1_0.created_at,di1_0.date,di1_0.day_of_week,di1_0.end_time,di1_0.required_seats,di1_0.skill_id,di1_0.sort_order,di1_0.start_time,di1_0.updated_at from demand_intervals di1_0 where (di1_0.date=? or (di1_0.date is null and di1_0.day_of_week=?)) and (di1_0.is_active=1 or di1_0.is_active is null) and di1_0.skill_id is not null
Hibernate: select di1_0.id,di1_0.is_active,di1_0.created_at,di1_0.date,di1_0.day_of_week,di1_0.end_time,di1_0.required_seats,di1_0.skill_id,di1_0.sort_order,di1_0.start_time,di1_0.updated_at from demand_intervals di1_0 where (di1_0.date=? or (di1_0.date is null and di1_0.day_of_week=?)) and (di1_0.is_active=1 or di1_0.is_active is null) and di1_0.skill_id is not null
2025-10-26T12:22:32.391+09:00 DEBUG 19468 --- [Shift Scheduler Demo] [           main] org.hibernate.SQL                        : select di1_0.id,di1_0.is_active,di1_0.created_at,di1_0.date,di1_0.day_of_week,di1_0.end_time,di1_0.required_seats,di1_0.skill_id,di1_0.sort_order,di1_0.start_time,di1_0.updated_at from demand_intervals di1_0 where (di1_0.date=? or (di1_0.date is null and di1_0.day_of_week=?)) and (di1_0.is_active=1 or di1_0.is_active is null) and di1_0.skill_id is not null
Hibernate: select di1_0.id,di1_0.is_active,di1_0.created_at,di1_0.date,di1_0.day_of_week,di1_0.end_time,di1_0.required_seats,di1_0.skill_id,di1_0.sort_order,di1_0.start_time,di1_0.updated_at from demand_intervals di1_0 where (di1_0.date=? or (di1_0.date is null and di1_0.day_of_week=?)) and (di1_0.is_active=1 or di1_0.is_active is null) and di1_0.skill_id is not null
2025-10-26T12:22:32.394+09:00 DEBUG 19468 --- [Shift Scheduler Demo] [           main] org.hibernate.SQL                        : select di1_0.id,di1_0.is_active,di1_0.created_at,di1_0.date,di1_0.day_of_week,di1_0.end_time,di1_0.required_seats,di1_0.skill_id,di1_0.sort_order,di1_0.start_time,di1_0.updated_at from demand_intervals di1_0 where (di1_0.date=? or (di1_0.date is null and di1_0.day_of_week=?)) and (di1_0.is_active=1 or di1_0.is_active is null) and di1_0.skill_id is not null
Hibernate: select di1_0.id,di1_0.is_active,di1_0.created_at,di1_0.date,di1_0.day_of_week,di1_0.end_time,di1_0.required_seats,di1_0.skill_id,di1_0.sort_order,di1_0.start_time,di1_0.updated_at from demand_intervals di1_0 where (di1_0.date=? or (di1_0.date is null and di1_0.day_of_week=?)) and (di1_0.is_active=1 or di1_0.is_active is null) and di1_0.skill_id is not null
2025-10-26T12:22:32.396+09:00 DEBUG 19468 --- [Shift Scheduler Demo] [           main] org.hibernate.SQL                        : select di1_0.id,di1_0.is_active,di1_0.created_at,di1_0.date,di1_0.day_of_week,di1_0.end_time,di1_0.required_seats,di1_0.skill_id,di1_0.sort_order,di1_0.start_time,di1_0.updated_at from demand_intervals di1_0 where (di1_0.date=? or (di1_0.date is null and di1_0.day_of_week=?)) and (di1_0.is_active=1 or di1_0.is_active is null) and di1_0.skill_id is not null
Hibernate: select di1_0.id,di1_0.is_active,di1_0.created_at,di1_0.date,di1_0.day_of_week,di1_0.end_time,di1_0.required_seats,di1_0.skill_id,di1_0.sort_order,di1_0.start_time,di1_0.updated_at from demand_intervals di1_0 where (di1_0.date=? or (di1_0.date is null and di1_0.day_of_week=?)) and (di1_0.is_active=1 or di1_0.is_active is null) and di1_0.skill_id is not null
2025-10-26T12:22:32.397+09:00 DEBUG 19468 --- [Shift Scheduler Demo] [           main] org.hibernate.SQL                        : select di1_0.id,di1_0.is_active,di1_0.created_at,di1_0.date,di1_0.day_of_week,di1_0.end_time,di1_0.required_seats,di1_0.skill_id,di1_0.sort_order,di1_0.start_time,di1_0.updated_at from demand_intervals di1_0 where (di1_0.date=? or (di1_0.date is null and di1_0.day_of_week=?)) and (di1_0.is_active=1 or di1_0.is_active is null) and di1_0.skill_id is not null
Hibernate: select di1_0.id,di1_0.is_active,di1_0.created_at,di1_0.date,di1_0.day_of_week,di1_0.end_time,di1_0.required_seats,di1_0.skill_id,di1_0.sort_order,di1_0.start_time,di1_0.updated_at from demand_intervals di1_0 where (di1_0.date=? or (di1_0.date is null and di1_0.day_of_week=?)) and (di1_0.is_active=1 or di1_0.is_active is null) and di1_0.skill_id is not null
2025-10-26T12:22:32.399+09:00 DEBUG 19468 --- [Shift Scheduler Demo] [           main] org.hibernate.SQL                        : select di1_0.id,di1_0.is_active,di1_0.created_at,di1_0.date,di1_0.day_of_week,di1_0.end_time,di1_0.required_seats,di1_0.skill_id,di1_0.sort_order,di1_0.start_time,di1_0.updated_at from demand_intervals di1_0 where (di1_0.date=? or (di1_0.date is null and di1_0.day_of_week=?)) and (di1_0.is_active=1 or di1_0.is_active is null) and di1_0.skill_id is not null
Hibernate: select di1_0.id,di1_0.is_active,di1_0.created_at,di1_0.date,di1_0.day_of_week,di1_0.end_time,di1_0.required_seats,di1_0.skill_id,di1_0.sort_order,di1_0.start_time,di1_0.updated_at from demand_intervals di1_0 where (di1_0.date=? or (di1_0.date is null and di1_0.day_of_week=?)) and (di1_0.is_active=1 or di1_0.is_active is null) and di1_0.skill_id is not null
2025-10-26T12:22:32.400+09:00 DEBUG 19468 --- [Shift Scheduler Demo] [           main] org.hibernate.SQL                        : select di1_0.id,di1_0.is_active,di1_0.created_at,di1_0.date,di1_0.day_of_week,di1_0.end_time,di1_0.required_seats,di1_0.skill_id,di1_0.sort_order,di1_0.start_time,di1_0.updated_at from demand_intervals di1_0 where (di1_0.date=? or (di1_0.date is null and di1_0.day_of_week=?)) and (di1_0.is_active=1 or di1_0.is_active is null) and di1_0.skill_id is not null
Hibernate: select di1_0.id,di1_0.is_active,di1_0.created_at,di1_0.date,di1_0.day_of_week,di1_0.end_time,di1_0.required_seats,di1_0.skill_id,di1_0.sort_order,di1_0.start_time,di1_0.updated_at from demand_intervals di1_0 where (di1_0.date=? or (di1_0.date is null and di1_0.day_of_week=?)) and (di1_0.is_active=1 or di1_0.is_active is null) and di1_0.skill_id is not null
2025-10-26T12:22:32.402+09:00 DEBUG 19468 --- [Shift Scheduler Demo] [           main] org.hibernate.SQL                        : insert into shift_assignments (employee_id,end_time,shift_name,start_time,work_date) values (?,?,?,?,?)
Hibernate: insert into shift_assignments (employee_id,end_time,shift_name,start_time,work_date) values (?,?,?,?,?)
2025-10-26T12:22:32.403+09:00 DEBUG 19468 --- [Shift Scheduler Demo] [           main] org.hibernate.SQL                        : select last_insert_rowid()
Hibernate: select last_insert_rowid()
2025-10-26T12:22:32.404+09:00 DEBUG 19468 --- [Shift Scheduler Demo] [           main] org.hibernate.SQL                        : insert into shift_assignments (employee_id,end_time,shift_name,start_time,work_date) values (?,?,?,?,?)
Hibernate: insert into shift_assignments (employee_id,end_time,shift_name,start_time,work_date) values (?,?,?,?,?)
2025-10-26T12:22:32.404+09:00 DEBUG 19468 --- [Shift Scheduler Demo] [           main] org.hibernate.SQL                        : select last_insert_rowid()
Hibernate: select last_insert_rowid()
2025-10-26T12:22:32.405+09:00 DEBUG 19468 --- [Shift Scheduler Demo] [           main] org.hibernate.SQL                        : insert into shift_assignments (employee_id,end_time,shift_name,start_time,work_date) values (?,?,?,?,?)
Hibernate: insert into shift_assignments (employee_id,end_time,shift_name,start_time,work_date) values (?,?,?,?,?)
2025-10-26T12:22:32.406+09:00 DEBUG 19468 --- [Shift Scheduler Demo] [           main] org.hibernate.SQL                        : select last_insert_rowid()
Hibernate: select last_insert_rowid()
2025-10-26T12:22:32.407+09:00 DEBUG 19468 --- [Shift Scheduler Demo] [           main] org.hibernate.SQL                        : insert into shift_assignments (employee_id,end_time,shift_name,start_time,work_date) values (?,?,?,?,?)
Hibernate: insert into shift_assignments (employee_id,end_time,shift_name,start_time,work_date) values (?,?,?,?,?)
2025-10-26T12:22:32.407+09:00 DEBUG 19468 --- [Shift Scheduler Demo] [           main] org.hibernate.SQL                        : select last_insert_rowid()
Hibernate: select last_insert_rowid()
2025-10-26T12:22:32.407+09:00 DEBUG 19468 --- [Shift Scheduler Demo] [           main] org.hibernate.SQL                        : insert into shift_assignments (employee_id,end_time,shift_name,start_time,work_date) values (?,?,?,?,?)
Hibernate: insert into shift_assignments (employee_id,end_time,shift_name,start_time,work_date) values (?,?,?,?,?)
2025-10-26T12:22:32.407+09:00 DEBUG 19468 --- [Shift Scheduler Demo] [           main] org.hibernate.SQL                        : select last_insert_rowid()
Hibernate: select last_insert_rowid()
2025-10-26T12:22:32.409+09:00 DEBUG 19468 --- [Shift Scheduler Demo] [           main] org.hibernate.SQL                        : insert into shift_assignments (employee_id,end_time,shift_name,start_time,work_date) values (?,?,?,?,?)
Hibernate: insert into shift_assignments (employee_id,end_time,shift_name,start_time,work_date) values (?,?,?,?,?)
2025-10-26T12:22:32.409+09:00 DEBUG 19468 --- [Shift Scheduler Demo] [           main] org.hibernate.SQL                        : select last_insert_rowid()
Hibernate: select last_insert_rowid()
2025-10-26T12:22:32.409+09:00 DEBUG 19468 --- [Shift Scheduler Demo] [           main] org.hibernate.SQL                        : insert into shift_assignments (employee_id,end_time,shift_name,start_time,work_date) values (?,?,?,?,?)
Hibernate: insert into shift_assignments (employee_id,end_time,shift_name,start_time,work_date) values (?,?,?,?,?)
2025-10-26T12:22:32.410+09:00 DEBUG 19468 --- [Shift Scheduler Demo] [           main] org.hibernate.SQL                        : select last_insert_rowid()
Hibernate: select last_insert_rowid()
2025-10-26T12:22:32.410+09:00 DEBUG 19468 --- [Shift Scheduler Demo] [           main] org.hibernate.SQL                        : insert into shift_assignments (employee_id,end_time,shift_name,start_time,work_date) values (?,?,?,?,?)
Hibernate: insert into shift_assignments (employee_id,end_time,shift_name,start_time,work_date) values (?,?,?,?,?)
2025-10-26T12:22:32.411+09:00 DEBUG 19468 --- [Shift Scheduler Demo] [           main] org.hibernate.SQL                        : select last_insert_rowid()
Hibernate: select last_insert_rowid()
2025-10-26T12:22:32.411+09:00 DEBUG 19468 --- [Shift Scheduler Demo] [           main] org.hibernate.SQL                        : insert into shift_assignments (employee_id,end_time,shift_name,start_time,work_date) values (?,?,?,?,?)
Hibernate: insert into shift_assignments (employee_id,end_time,shift_name,start_time,work_date) values (?,?,?,?,?)
2025-10-26T12:22:32.411+09:00 DEBUG 19468 --- [Shift Scheduler Demo] [           main] org.hibernate.SQL                        : select last_insert_rowid()
Hibernate: select last_insert_rowid()
2025-10-26T12:22:32.412+09:00 DEBUG 19468 --- [Shift Scheduler Demo] [           main] org.hibernate.SQL                        : insert into shift_assignments (employee_id,end_time,shift_name,start_time,work_date) values (?,?,?,?,?)
Hibernate: insert into shift_assignments (employee_id,end_time,shift_name,start_time,work_date) values (?,?,?,?,?)
2025-10-26T12:22:32.412+09:00 DEBUG 19468 --- [Shift Scheduler Demo] [           main] org.hibernate.SQL                        : select last_insert_rowid()
Hibernate: select last_insert_rowid()
2025-10-26T12:22:32.412+09:00 DEBUG 19468 --- [Shift Scheduler Demo] [           main] org.hibernate.SQL                        : insert into shift_assignments (employee_id,end_time,shift_name,start_time,work_date) values (?,?,?,?,?)
Hibernate: insert into shift_assignments (employee_id,end_time,shift_name,start_time,work_date) values (?,?,?,?,?)
2025-10-26T12:22:32.412+09:00 DEBUG 19468 --- [Shift Scheduler Demo] [           main] org.hibernate.SQL                        : select last_insert_rowid()
Hibernate: select last_insert_rowid()
2025-10-26T12:22:32.413+09:00 DEBUG 19468 --- [Shift Scheduler Demo] [           main] org.hibernate.SQL                        : insert into shift_assignments (employee_id,end_time,shift_name,start_time,work_date) values (?,?,?,?,?)
Hibernate: insert into shift_assignments (employee_id,end_time,shift_name,start_time,work_date) values (?,?,?,?,?)
2025-10-26T12:22:32.413+09:00 DEBUG 19468 --- [Shift Scheduler Demo] [           main] org.hibernate.SQL                        : select last_insert_rowid()
Hibernate: select last_insert_rowid()
2025-10-26T12:22:32.413+09:00 DEBUG 19468 --- [Shift Scheduler Demo] [           main] org.hibernate.SQL                        : insert into shift_assignments (employee_id,end_time,shift_name,start_time,work_date) values (?,?,?,?,?)
Hibernate: insert into shift_assignments (employee_id,end_time,shift_name,start_time,work_date) values (?,?,?,?,?)
2025-10-26T12:22:32.414+09:00 DEBUG 19468 --- [Shift Scheduler Demo] [           main] org.hibernate.SQL                        : select last_insert_rowid()
Hibernate: select last_insert_rowid()
2025-10-26T12:22:32.414+09:00 DEBUG 19468 --- [Shift Scheduler Demo] [           main] org.hibernate.SQL                        : insert into shift_assignments (employee_id,end_time,shift_name,start_time,work_date) values (?,?,?,?,?)
Hibernate: insert into shift_assignments (employee_id,end_time,shift_name,start_time,work_date) values (?,?,?,?,?)
2025-10-26T12:22:32.415+09:00 DEBUG 19468 --- [Shift Scheduler Demo] [           main] org.hibernate.SQL                        : select last_insert_rowid()
Hibernate: select last_insert_rowid()
2025-10-26T12:22:32.415+09:00 DEBUG 19468 --- [Shift Scheduler Demo] [           main] org.hibernate.SQL                        : insert into shift_assignments (employee_id,end_time,shift_name,start_time,work_date) values (?,?,?,?,?)
Hibernate: insert into shift_assignments (employee_id,end_time,shift_name,start_time,work_date) values (?,?,?,?,?)
2025-10-26T12:22:32.416+09:00 DEBUG 19468 --- [Shift Scheduler Demo] [           main] org.hibernate.SQL                        : select last_insert_rowid()
Hibernate: select last_insert_rowid()
2025-10-26T12:22:32.416+09:00 DEBUG 19468 --- [Shift Scheduler Demo] [           main] org.hibernate.SQL                        : insert into shift_assignments (employee_id,end_time,shift_name,start_time,work_date) values (?,?,?,?,?)
Hibernate: insert into shift_assignments (employee_id,end_time,shift_name,start_time,work_date) values (?,?,?,?,?)
2025-10-26T12:22:32.417+09:00 DEBUG 19468 --- [Shift Scheduler Demo] [           main] org.hibernate.SQL                        : select last_insert_rowid()
Hibernate: select last_insert_rowid()
2025-10-26T12:22:32.417+09:00 DEBUG 19468 --- [Shift Scheduler Demo] [           main] org.hibernate.SQL                        : insert into shift_assignments (employee_id,end_time,shift_name,start_time,work_date) values (?,?,?,?,?)
Hibernate: insert into shift_assignments (employee_id,end_time,shift_name,start_time,work_date) values (?,?,?,?,?)
2025-10-26T12:22:32.417+09:00 DEBUG 19468 --- [Shift Scheduler Demo] [           main] org.hibernate.SQL                        : select last_insert_rowid()
Hibernate: select last_insert_rowid()
2025-10-26T12:22:32.418+09:00 DEBUG 19468 --- [Shift Scheduler Demo] [           main] org.hibernate.SQL                        : insert into shift_assignments (employee_id,end_time,shift_name,start_time,work_date) values (?,?,?,?,?)
Hibernate: insert into shift_assignments (employee_id,end_time,shift_name,start_time,work_date) values (?,?,?,?,?)
2025-10-26T12:22:32.418+09:00 DEBUG 19468 --- [Shift Scheduler Demo] [           main] org.hibernate.SQL                        : select last_insert_rowid()
Hibernate: select last_insert_rowid()
2025-10-26T12:22:32.418+09:00 DEBUG 19468 --- [Shift Scheduler Demo] [           main] org.hibernate.SQL                        : insert into shift_assignments (employee_id,end_time,shift_name,start_time,work_date) values (?,?,?,?,?)
Hibernate: insert into shift_assignments (employee_id,end_time,shift_name,start_time,work_date) values (?,?,?,?,?)
2025-10-26T12:22:32.419+09:00 DEBUG 19468 --- [Shift Scheduler Demo] [           main] org.hibernate.SQL                        : select last_insert_rowid()
Hibernate: select last_insert_rowid()
2025-10-26T12:22:32.421+09:00 DEBUG 19468 --- [Shift Scheduler Demo] [           main] org.hibernate.SQL                        : insert into shift_assignments (employee_id,end_time,shift_name,start_time,work_date) values (?,?,?,?,?)
Hibernate: insert into shift_assignments (employee_id,end_time,shift_name,start_time,work_date) values (?,?,?,?,?)
2025-10-26T12:22:32.422+09:00 DEBUG 19468 --- [Shift Scheduler Demo] [           main] org.hibernate.SQL                        : select last_insert_rowid()
Hibernate: select last_insert_rowid()
2025-10-26T12:22:32.422+09:00 DEBUG 19468 --- [Shift Scheduler Demo] [           main] org.hibernate.SQL                        : insert into shift_assignments (employee_id,end_time,shift_name,start_time,work_date) values (?,?,?,?,?)
Hibernate: insert into shift_assignments (employee_id,end_time,shift_name,start_time,work_date) values (?,?,?,?,?)
2025-10-26T12:22:32.422+09:00 DEBUG 19468 --- [Shift Scheduler Demo] [           main] org.hibernate.SQL                        : select last_insert_rowid()
Hibernate: select last_insert_rowid()
2025-10-26T12:22:32.424+09:00 DEBUG 19468 --- [Shift Scheduler Demo] [           main] org.hibernate.SQL                        : insert into shift_assignments (employee_id,end_time,shift_name,start_time,work_date) values (?,?,?,?,?)
Hibernate: insert into shift_assignments (employee_id,end_time,shift_name,start_time,work_date) values (?,?,?,?,?)
2025-10-26T12:22:32.424+09:00 DEBUG 19468 --- [Shift Scheduler Demo] [           main] org.hibernate.SQL                        : select last_insert_rowid()
Hibernate: select last_insert_rowid()
2025-10-26T12:22:32.425+09:00 DEBUG 19468 --- [Shift Scheduler Demo] [           main] org.hibernate.SQL                        : insert into shift_assignments (employee_id,end_time,shift_name,start_time,work_date) values (?,?,?,?,?)
Hibernate: insert into shift_assignments (employee_id,end_time,shift_name,start_time,work_date) values (?,?,?,?,?)
2025-10-26T12:22:32.426+09:00 DEBUG 19468 --- [Shift Scheduler Demo] [           main] org.hibernate.SQL                        : select last_insert_rowid()
Hibernate: select last_insert_rowid()
2025-10-26T12:22:32.426+09:00 DEBUG 19468 --- [Shift Scheduler Demo] [           main] org.hibernate.SQL                        : insert into shift_assignments (employee_id,end_time,shift_name,start_time,work_date) values (?,?,?,?,?)
Hibernate: insert into shift_assignments (employee_id,end_time,shift_name,start_time,work_date) values (?,?,?,?,?)
2025-10-26T12:22:32.427+09:00 DEBUG 19468 --- [Shift Scheduler Demo] [           main] org.hibernate.SQL                        : select last_insert_rowid()
Hibernate: select last_insert_rowid()
2025-10-26T12:22:32.427+09:00 DEBUG 19468 --- [Shift Scheduler Demo] [           main] org.hibernate.SQL                        : insert into shift_assignments (employee_id,end_time,shift_name,start_time,work_date) values (?,?,?,?,?)
Hibernate: insert into shift_assignments (employee_id,end_time,shift_name,start_time,work_date) values (?,?,?,?,?)
2025-10-26T12:22:32.428+09:00 DEBUG 19468 --- [Shift Scheduler Demo] [           main] org.hibernate.SQL                        : select last_insert_rowid()
Hibernate: select last_insert_rowid()
2025-10-26T12:22:32.428+09:00 DEBUG 19468 --- [Shift Scheduler Demo] [           main] org.hibernate.SQL                        : insert into shift_assignments (employee_id,end_time,shift_name,start_time,work_date) values (?,?,?,?,?)
Hibernate: insert into shift_assignments (employee_id,end_time,shift_name,start_time,work_date) values (?,?,?,?,?)
2025-10-26T12:22:32.428+09:00 DEBUG 19468 --- [Shift Scheduler Demo] [           main] org.hibernate.SQL                        : select last_insert_rowid()
Hibernate: select last_insert_rowid()
2025-10-26T12:22:32.429+09:00 DEBUG 19468 --- [Shift Scheduler Demo] [           main] org.hibernate.SQL                        : insert into shift_assignments (employee_id,end_time,shift_name,start_time,work_date) values (?,?,?,?,?)
Hibernate: insert into shift_assignments (employee_id,end_time,shift_name,start_time,work_date) values (?,?,?,?,?)
2025-10-26T12:22:32.430+09:00 DEBUG 19468 --- [Shift Scheduler Demo] [           main] org.hibernate.SQL                        : select last_insert_rowid()
Hibernate: select last_insert_rowid()
2025-10-26T12:22:32.430+09:00 DEBUG 19468 --- [Shift Scheduler Demo] [           main] org.hibernate.SQL                        : insert into shift_assignments (employee_id,end_time,shift_name,start_time,work_date) values (?,?,?,?,?)
Hibernate: insert into shift_assignments (employee_id,end_time,shift_name,start_time,work_date) values (?,?,?,?,?)
2025-10-26T12:22:32.430+09:00 DEBUG 19468 --- [Shift Scheduler Demo] [           main] org.hibernate.SQL                        : select last_insert_rowid()
Hibernate: select last_insert_rowid()
2025-10-26T12:22:32.430+09:00 DEBUG 19468 --- [Shift Scheduler Demo] [           main] org.hibernate.SQL                        : insert into shift_assignments (employee_id,end_time,shift_name,start_time,work_date) values (?,?,?,?,?)
Hibernate: insert into shift_assignments (employee_id,end_time,shift_name,start_time,work_date) values (?,?,?,?,?)
2025-10-26T12:22:32.430+09:00 DEBUG 19468 --- [Shift Scheduler Demo] [           main] org.hibernate.SQL                        : select last_insert_rowid()
Hibernate: select last_insert_rowid()
2025-10-26T12:22:32.432+09:00 DEBUG 19468 --- [Shift Scheduler Demo] [           main] org.hibernate.SQL                        : insert into shift_assignments (employee_id,end_time,shift_name,start_time,work_date) values (?,?,?,?,?)
Hibernate: insert into shift_assignments (employee_id,end_time,shift_name,start_time,work_date) values (?,?,?,?,?)
2025-10-26T12:22:32.432+09:00 DEBUG 19468 --- [Shift Scheduler Demo] [           main] org.hibernate.SQL                        : select last_insert_rowid()
Hibernate: select last_insert_rowid()
2025-10-26T12:22:32.432+09:00 DEBUG 19468 --- [Shift Scheduler Demo] [           main] org.hibernate.SQL                        : insert into shift_assignments (employee_id,end_time,shift_name,start_time,work_date) values (?,?,?,?,?)
Hibernate: insert into shift_assignments (employee_id,end_time,shift_name,start_time,work_date) values (?,?,?,?,?)
2025-10-26T12:22:32.432+09:00 DEBUG 19468 --- [Shift Scheduler Demo] [           main] org.hibernate.SQL                        : select last_insert_rowid()
Hibernate: select last_insert_rowid()
2025-10-26T12:22:32.433+09:00 DEBUG 19468 --- [Shift Scheduler Demo] [           main] org.hibernate.SQL                        : insert into shift_assignments (employee_id,end_time,shift_name,start_time,work_date) values (?,?,?,?,?)
Hibernate: insert into shift_assignments (employee_id,end_time,shift_name,start_time,work_date) values (?,?,?,?,?)
2025-10-26T12:22:32.433+09:00 DEBUG 19468 --- [Shift Scheduler Demo] [           main] org.hibernate.SQL                        : select last_insert_rowid()
Hibernate: select last_insert_rowid()
2025-10-26T12:22:32.434+09:00 DEBUG 19468 --- [Shift Scheduler Demo] [           main] org.hibernate.SQL                        : insert into shift_assignments (employee_id,end_time,shift_name,start_time,work_date) values (?,?,?,?,?)
Hibernate: insert into shift_assignments (employee_id,end_time,shift_name,start_time,work_date) values (?,?,?,?,?)
2025-10-26T12:22:32.434+09:00 DEBUG 19468 --- [Shift Scheduler Demo] [           main] org.hibernate.SQL                        : select last_insert_rowid()
Hibernate: select last_insert_rowid()
2025-10-26T12:22:32.434+09:00 DEBUG 19468 --- [Shift Scheduler Demo] [           main] org.hibernate.SQL                        : insert into shift_assignments (employee_id,end_time,shift_name,start_time,work_date) values (?,?,?,?,?)
Hibernate: insert into shift_assignments (employee_id,end_time,shift_name,start_time,work_date) values (?,?,?,?,?)
2025-10-26T12:22:32.436+09:00 DEBUG 19468 --- [Shift Scheduler Demo] [           main] org.hibernate.SQL                        : select last_insert_rowid()
Hibernate: select last_insert_rowid()
2025-10-26T12:22:32.439+09:00 DEBUG 19468 --- [Shift Scheduler Demo] [           main] org.hibernate.SQL                        : insert into shift_assignments (employee_id,end_time,shift_name,start_time,work_date) values (?,?,?,?,?)
Hibernate: insert into shift_assignments (employee_id,end_time,shift_name,start_time,work_date) values (?,?,?,?,?)
2025-10-26T12:22:32.440+09:00 DEBUG 19468 --- [Shift Scheduler Demo] [           main] org.hibernate.SQL                        : select last_insert_rowid()
Hibernate: select last_insert_rowid()
2025-10-26T12:22:32.440+09:00 DEBUG 19468 --- [Shift Scheduler Demo] [           main] org.hibernate.SQL                        : insert into shift_assignments (employee_id,end_time,shift_name,start_time,work_date) values (?,?,?,?,?)
Hibernate: insert into shift_assignments (employee_id,end_time,shift_name,start_time,work_date) values (?,?,?,?,?)
2025-10-26T12:22:32.442+09:00 DEBUG 19468 --- [Shift Scheduler Demo] [           main] org.hibernate.SQL                        : select last_insert_rowid()
Hibernate: select last_insert_rowid()
2025-10-26T12:22:32.442+09:00 DEBUG 19468 --- [Shift Scheduler Demo] [           main] org.hibernate.SQL                        : insert into shift_assignments (employee_id,end_time,shift_name,start_time,work_date) values (?,?,?,?,?)
Hibernate: insert into shift_assignments (employee_id,end_time,shift_name,start_time,work_date) values (?,?,?,?,?)
2025-10-26T12:22:32.442+09:00 DEBUG 19468 --- [Shift Scheduler Demo] [           main] org.hibernate.SQL                        : select last_insert_rowid()
Hibernate: select last_insert_rowid()
2025-10-26T12:22:32.442+09:00 DEBUG 19468 --- [Shift Scheduler Demo] [           main] org.hibernate.SQL                        : insert into shift_assignments (employee_id,end_time,shift_name,start_time,work_date) values (?,?,?,?,?)
Hibernate: insert into shift_assignments (employee_id,end_time,shift_name,start_time,work_date) values (?,?,?,?,?)
2025-10-26T12:22:32.442+09:00 DEBUG 19468 --- [Shift Scheduler Demo] [           main] org.hibernate.SQL                        : select last_insert_rowid()
Hibernate: select last_insert_rowid()
2025-10-26T12:22:32.442+09:00 DEBUG 19468 --- [Shift Scheduler Demo] [           main] org.hibernate.SQL                        : insert into shift_assignments (employee_id,end_time,shift_name,start_time,work_date) values (?,?,?,?,?)
Hibernate: insert into shift_assignments (employee_id,end_time,shift_name,start_time,work_date) values (?,?,?,?,?)
2025-10-26T12:22:32.442+09:00 DEBUG 19468 --- [Shift Scheduler Demo] [           main] org.hibernate.SQL                        : select last_insert_rowid()
Hibernate: select last_insert_rowid()
2025-10-26T12:22:32.445+09:00 DEBUG 19468 --- [Shift Scheduler Demo] [           main] org.hibernate.SQL                        : insert into shift_assignments (employee_id,end_time,shift_name,start_time,work_date) values (?,?,?,?,?)
Hibernate: insert into shift_assignments (employee_id,end_time,shift_name,start_time,work_date) values (?,?,?,?,?)
2025-10-26T12:22:32.445+09:00 DEBUG 19468 --- [Shift Scheduler Demo] [           main] org.hibernate.SQL                        : select last_insert_rowid()
Hibernate: select last_insert_rowid()
2025-10-26T12:22:32.446+09:00 DEBUG 19468 --- [Shift Scheduler Demo] [           main] org.hibernate.SQL                        : insert into shift_assignments (employee_id,end_time,shift_name,start_time,work_date) values (?,?,?,?,?)
Hibernate: insert into shift_assignments (employee_id,end_time,shift_name,start_time,work_date) values (?,?,?,?,?)
2025-10-26T12:22:32.446+09:00 DEBUG 19468 --- [Shift Scheduler Demo] [           main] org.hibernate.SQL                        : select last_insert_rowid()
Hibernate: select last_insert_rowid()
2025-10-26T12:22:32.447+09:00 DEBUG 19468 --- [Shift Scheduler Demo] [           main] org.hibernate.SQL                        : insert into shift_assignments (employee_id,end_time,shift_name,start_time,work_date) values (?,?,?,?,?)
Hibernate: insert into shift_assignments (employee_id,end_time,shift_name,start_time,work_date) values (?,?,?,?,?)
2025-10-26T12:22:32.447+09:00 DEBUG 19468 --- [Shift Scheduler Demo] [           main] org.hibernate.SQL                        : select last_insert_rowid()
Hibernate: select last_insert_rowid()
2025-10-26T12:22:32.447+09:00 DEBUG 19468 --- [Shift Scheduler Demo] [           main] org.hibernate.SQL                        : insert into shift_assignments (employee_id,end_time,shift_name,start_time,work_date) values (?,?,?,?,?)
Hibernate: insert into shift_assignments (employee_id,end_time,shift_name,start_time,work_date) values (?,?,?,?,?)
2025-10-26T12:22:32.447+09:00 DEBUG 19468 --- [Shift Scheduler Demo] [           main] org.hibernate.SQL                        : select last_insert_rowid()
Hibernate: select last_insert_rowid()
2025-10-26T12:22:32.448+09:00 DEBUG 19468 --- [Shift Scheduler Demo] [           main] org.hibernate.SQL                        : insert into shift_assignments (employee_id,end_time,shift_name,start_time,work_date) values (?,?,?,?,?)
Hibernate: insert into shift_assignments (employee_id,end_time,shift_name,start_time,work_date) values (?,?,?,?,?)
2025-10-26T12:22:32.448+09:00 DEBUG 19468 --- [Shift Scheduler Demo] [           main] org.hibernate.SQL                        : select last_insert_rowid()
Hibernate: select last_insert_rowid()
2025-10-26T12:22:32.448+09:00 DEBUG 19468 --- [Shift Scheduler Demo] [           main] org.hibernate.SQL                        : insert into shift_assignments (employee_id,end_time,shift_name,start_time,work_date) values (?,?,?,?,?)
Hibernate: insert into shift_assignments (employee_id,end_time,shift_name,start_time,work_date) values (?,?,?,?,?)
2025-10-26T12:22:32.448+09:00 DEBUG 19468 --- [Shift Scheduler Demo] [           main] org.hibernate.SQL                        : select last_insert_rowid()
Hibernate: select last_insert_rowid()
2025-10-26T12:22:32.449+09:00 DEBUG 19468 --- [Shift Scheduler Demo] [           main] org.hibernate.SQL                        : insert into shift_assignments (employee_id,end_time,shift_name,start_time,work_date) values (?,?,?,?,?)
Hibernate: insert into shift_assignments (employee_id,end_time,shift_name,start_time,work_date) values (?,?,?,?,?)
2025-10-26T12:22:32.449+09:00 DEBUG 19468 --- [Shift Scheduler Demo] [           main] org.hibernate.SQL                        : select last_insert_rowid()
Hibernate: select last_insert_rowid()
2025-10-26T12:22:32.450+09:00 DEBUG 19468 --- [Shift Scheduler Demo] [           main] org.hibernate.SQL                        : insert into shift_assignments (employee_id,end_time,shift_name,start_time,work_date) values (?,?,?,?,?)
Hibernate: insert into shift_assignments (employee_id,end_time,shift_name,start_time,work_date) values (?,?,?,?,?)
2025-10-26T12:22:32.450+09:00 DEBUG 19468 --- [Shift Scheduler Demo] [           main] org.hibernate.SQL                        : select last_insert_rowid()
Hibernate: select last_insert_rowid()
2025-10-26T12:22:32.450+09:00 DEBUG 19468 --- [Shift Scheduler Demo] [           main] org.hibernate.SQL                        : insert into shift_assignments (employee_id,end_time,shift_name,start_time,work_date) values (?,?,?,?,?)
Hibernate: insert into shift_assignments (employee_id,end_time,shift_name,start_time,work_date) values (?,?,?,?,?)
2025-10-26T12:22:32.450+09:00 DEBUG 19468 --- [Shift Scheduler Demo] [           main] org.hibernate.SQL                        : select last_insert_rowid()
Hibernate: select last_insert_rowid()
2025-10-26T12:22:32.450+09:00 DEBUG 19468 --- [Shift Scheduler Demo] [           main] org.hibernate.SQL                        : insert into shift_assignments (employee_id,end_time,shift_name,start_time,work_date) values (?,?,?,?,?)
Hibernate: insert into shift_assignments (employee_id,end_time,shift_name,start_time,work_date) values (?,?,?,?,?)
2025-10-26T12:22:32.450+09:00 DEBUG 19468 --- [Shift Scheduler Demo] [           main] org.hibernate.SQL                        : select last_insert_rowid()
Hibernate: select last_insert_rowid()
2025-10-26T12:22:32.450+09:00 DEBUG 19468 --- [Shift Scheduler Demo] [           main] org.hibernate.SQL                        : insert into shift_assignments (employee_id,end_time,shift_name,start_time,work_date) values (?,?,?,?,?)
Hibernate: insert into shift_assignments (employee_id,end_time,shift_name,start_time,work_date) values (?,?,?,?,?)
2025-10-26T12:22:32.450+09:00 DEBUG 19468 --- [Shift Scheduler Demo] [           main] org.hibernate.SQL                        : select last_insert_rowid()
Hibernate: select last_insert_rowid()
2025-10-26T12:22:32.450+09:00 DEBUG 19468 --- [Shift Scheduler Demo] [           main] org.hibernate.SQL                        : insert into shift_assignments (employee_id,end_time,shift_name,start_time,work_date) values (?,?,?,?,?)
Hibernate: insert into shift_assignments (employee_id,end_time,shift_name,start_time,work_date) values (?,?,?,?,?)
2025-10-26T12:22:32.450+09:00 DEBUG 19468 --- [Shift Scheduler Demo] [           main] org.hibernate.SQL                        : select last_insert_rowid()
Hibernate: select last_insert_rowid()
2025-10-26T12:22:32.450+09:00 DEBUG 19468 --- [Shift Scheduler Demo] [           main] org.hibernate.SQL                        : insert into shift_assignments (employee_id,end_time,shift_name,start_time,work_date) values (?,?,?,?,?)
Hibernate: insert into shift_assignments (employee_id,end_time,shift_name,start_time,work_date) values (?,?,?,?,?)
2025-10-26T12:22:32.450+09:00 DEBUG 19468 --- [Shift Scheduler Demo] [           main] org.hibernate.SQL                        : select last_insert_rowid()
Hibernate: select last_insert_rowid()
2025-10-26T12:22:32.450+09:00 DEBUG 19468 --- [Shift Scheduler Demo] [           main] org.hibernate.SQL                        : insert into shift_assignments (employee_id,end_time,shift_name,start_time,work_date) values (?,?,?,?,?)
Hibernate: insert into shift_assignments (employee_id,end_time,shift_name,start_time,work_date) values (?,?,?,?,?)
2025-10-26T12:22:32.455+09:00 DEBUG 19468 --- [Shift Scheduler Demo] [           main] org.hibernate.SQL                        : select last_insert_rowid()
Hibernate: select last_insert_rowid()
2025-10-26T12:22:32.455+09:00 DEBUG 19468 --- [Shift Scheduler Demo] [           main] org.hibernate.SQL                        : insert into shift_assignments (employee_id,end_time,shift_name,start_time,work_date) values (?,?,?,?,?)
Hibernate: insert into shift_assignments (employee_id,end_time,shift_name,start_time,work_date) values (?,?,?,?,?)
2025-10-26T12:22:32.457+09:00 DEBUG 19468 --- [Shift Scheduler Demo] [           main] org.hibernate.SQL                        : select last_insert_rowid()
Hibernate: select last_insert_rowid()
2025-10-26T12:22:32.458+09:00 DEBUG 19468 --- [Shift Scheduler Demo] [           main] org.hibernate.SQL                        : insert into shift_assignments (employee_id,end_time,shift_name,start_time,work_date) values (?,?,?,?,?)
Hibernate: insert into shift_assignments (employee_id,end_time,shift_name,start_time,work_date) values (?,?,?,?,?)
2025-10-26T12:22:32.458+09:00 DEBUG 19468 --- [Shift Scheduler Demo] [           main] org.hibernate.SQL                        : select last_insert_rowid()
Hibernate: select last_insert_rowid()
2025-10-26T12:22:32.459+09:00 DEBUG 19468 --- [Shift Scheduler Demo] [           main] org.hibernate.SQL                        : insert into shift_assignments (employee_id,end_time,shift_name,start_time,work_date) values (?,?,?,?,?)
Hibernate: insert into shift_assignments (employee_id,end_time,shift_name,start_time,work_date) values (?,?,?,?,?)
2025-10-26T12:22:32.459+09:00 DEBUG 19468 --- [Shift Scheduler Demo] [           main] org.hibernate.SQL                        : select last_insert_rowid()
Hibernate: select last_insert_rowid()
2025-10-26T12:22:32.460+09:00 DEBUG 19468 --- [Shift Scheduler Demo] [           main] org.hibernate.SQL                        : insert into shift_assignments (employee_id,end_time,shift_name,start_time,work_date) values (?,?,?,?,?)
Hibernate: insert into shift_assignments (employee_id,end_time,shift_name,start_time,work_date) values (?,?,?,?,?)
2025-10-26T12:22:32.460+09:00 DEBUG 19468 --- [Shift Scheduler Demo] [           main] org.hibernate.SQL                        : select last_insert_rowid()
Hibernate: select last_insert_rowid()
2025-10-26T12:22:32.461+09:00 DEBUG 19468 --- [Shift Scheduler Demo] [           main] org.hibernate.SQL                        : insert into shift_assignments (employee_id,end_time,shift_name,start_time,work_date) values (?,?,?,?,?)
Hibernate: insert into shift_assignments (employee_id,end_time,shift_name,start_time,work_date) values (?,?,?,?,?)
2025-10-26T12:22:32.461+09:00 DEBUG 19468 --- [Shift Scheduler Demo] [           main] org.hibernate.SQL                        : select last_insert_rowid()
Hibernate: select last_insert_rowid()
2025-10-26T12:22:32.462+09:00 DEBUG 19468 --- [Shift Scheduler Demo] [           main] org.hibernate.SQL                        : insert into shift_assignments (employee_id,end_time,shift_name,start_time,work_date) values (?,?,?,?,?)
Hibernate: insert into shift_assignments (employee_id,end_time,shift_name,start_time,work_date) values (?,?,?,?,?)
2025-10-26T12:22:32.462+09:00 DEBUG 19468 --- [Shift Scheduler Demo] [           main] org.hibernate.SQL                        : select last_insert_rowid()
Hibernate: select last_insert_rowid()
2025-10-26T12:22:32.462+09:00 DEBUG 19468 --- [Shift Scheduler Demo] [           main] org.hibernate.SQL                        : insert into shift_assignments (employee_id,end_time,shift_name,start_time,work_date) values (?,?,?,?,?)
Hibernate: insert into shift_assignments (employee_id,end_time,shift_name,start_time,work_date) values (?,?,?,?,?)
2025-10-26T12:22:32.462+09:00 DEBUG 19468 --- [Shift Scheduler Demo] [           main] org.hibernate.SQL                        : select last_insert_rowid()
Hibernate: select last_insert_rowid()
2025-10-26T12:22:32.462+09:00 DEBUG 19468 --- [Shift Scheduler Demo] [           main] org.hibernate.SQL                        : insert into shift_assignments (employee_id,end_time,shift_name,start_time,work_date) values (?,?,?,?,?)
Hibernate: insert into shift_assignments (employee_id,end_time,shift_name,start_time,work_date) values (?,?,?,?,?)
2025-10-26T12:22:32.462+09:00 DEBUG 19468 --- [Shift Scheduler Demo] [           main] org.hibernate.SQL                        : select last_insert_rowid()
Hibernate: select last_insert_rowid()
2025-10-26T12:22:32.462+09:00 DEBUG 19468 --- [Shift Scheduler Demo] [           main] org.hibernate.SQL                        : insert into shift_assignments (employee_id,end_time,shift_name,start_time,work_date) values (?,?,?,?,?)
Hibernate: insert into shift_assignments (employee_id,end_time,shift_name,start_time,work_date) values (?,?,?,?,?)
2025-10-26T12:22:32.462+09:00 DEBUG 19468 --- [Shift Scheduler Demo] [           main] org.hibernate.SQL                        : select last_insert_rowid()
Hibernate: select last_insert_rowid()
2025-10-26T12:22:32.462+09:00 DEBUG 19468 --- [Shift Scheduler Demo] [           main] org.hibernate.SQL                        : insert into shift_assignments (employee_id,end_time,shift_name,start_time,work_date) values (?,?,?,?,?)
Hibernate: insert into shift_assignments (employee_id,end_time,shift_name,start_time,work_date) values (?,?,?,?,?)
2025-10-26T12:22:32.462+09:00 DEBUG 19468 --- [Shift Scheduler Demo] [           main] org.hibernate.SQL                        : select last_insert_rowid()
Hibernate: select last_insert_rowid()
2025-10-26T12:22:32.466+09:00 DEBUG 19468 --- [Shift Scheduler Demo] [           main] org.hibernate.SQL                        : insert into shift_assignments (employee_id,end_time,shift_name,start_time,work_date) values (?,?,?,?,?)
Hibernate: insert into shift_assignments (employee_id,end_time,shift_name,start_time,work_date) values (?,?,?,?,?)
2025-10-26T12:22:32.466+09:00 DEBUG 19468 --- [Shift Scheduler Demo] [           main] org.hibernate.SQL                        : select last_insert_rowid()
Hibernate: select last_insert_rowid()
2025-10-26T12:22:32.466+09:00 DEBUG 19468 --- [Shift Scheduler Demo] [           main] org.hibernate.SQL                        : insert into shift_assignments (employee_id,end_time,shift_name,start_time,work_date) values (?,?,?,?,?)
Hibernate: insert into shift_assignments (employee_id,end_time,shift_name,start_time,work_date) values (?,?,?,?,?)
2025-10-26T12:22:32.467+09:00 DEBUG 19468 --- [Shift Scheduler Demo] [           main] org.hibernate.SQL                        : select last_insert_rowid()
Hibernate: select last_insert_rowid()
2025-10-26T12:22:32.467+09:00 DEBUG 19468 --- [Shift Scheduler Demo] [           main] org.hibernate.SQL                        : insert into shift_assignments (employee_id,end_time,shift_name,start_time,work_date) values (?,?,?,?,?)
Hibernate: insert into shift_assignments (employee_id,end_time,shift_name,start_time,work_date) values (?,?,?,?,?)
2025-10-26T12:22:32.468+09:00 DEBUG 19468 --- [Shift Scheduler Demo] [           main] org.hibernate.SQL                        : select last_insert_rowid()
Hibernate: select last_insert_rowid()
2025-10-26T12:22:32.468+09:00 DEBUG 19468 --- [Shift Scheduler Demo] [           main] org.hibernate.SQL                        : insert into shift_assignments (employee_id,end_time,shift_name,start_time,work_date) values (?,?,?,?,?)
Hibernate: insert into shift_assignments (employee_id,end_time,shift_name,start_time,work_date) values (?,?,?,?,?)
2025-10-26T12:22:32.468+09:00 DEBUG 19468 --- [Shift Scheduler Demo] [           main] org.hibernate.SQL                        : select last_insert_rowid()
Hibernate: select last_insert_rowid()
2025-10-26T12:22:32.469+09:00 DEBUG 19468 --- [Shift Scheduler Demo] [           main] org.hibernate.SQL                        : insert into shift_assignments (employee_id,end_time,shift_name,start_time,work_date) values (?,?,?,?,?)
Hibernate: insert into shift_assignments (employee_id,end_time,shift_name,start_time,work_date) values (?,?,?,?,?)
2025-10-26T12:22:32.470+09:00 DEBUG 19468 --- [Shift Scheduler Demo] [           main] org.hibernate.SQL                        : select last_insert_rowid()
Hibernate: select last_insert_rowid()
2025-10-26T12:22:32.472+09:00 DEBUG 19468 --- [Shift Scheduler Demo] [           main] org.hibernate.SQL                        : insert into shift_assignments (employee_id,end_time,shift_name,start_time,work_date) values (?,?,?,?,?)
Hibernate: insert into shift_assignments (employee_id,end_time,shift_name,start_time,work_date) values (?,?,?,?,?)
2025-10-26T12:22:32.472+09:00 DEBUG 19468 --- [Shift Scheduler Demo] [           main] org.hibernate.SQL                        : select last_insert_rowid()
Hibernate: select last_insert_rowid()
2025-10-26T12:22:32.474+09:00 DEBUG 19468 --- [Shift Scheduler Demo] [           main] org.hibernate.SQL                        : insert into shift_assignments (employee_id,end_time,shift_name,start_time,work_date) values (?,?,?,?,?)
Hibernate: insert into shift_assignments (employee_id,end_time,shift_name,start_time,work_date) values (?,?,?,?,?)
2025-10-26T12:22:32.474+09:00 DEBUG 19468 --- [Shift Scheduler Demo] [           main] org.hibernate.SQL                        : select last_insert_rowid()
Hibernate: select last_insert_rowid()
2025-10-26T12:22:32.475+09:00 DEBUG 19468 --- [Shift Scheduler Demo] [           main] org.hibernate.SQL                        : insert into shift_assignments (employee_id,end_time,shift_name,start_time,work_date) values (?,?,?,?,?)
Hibernate: insert into shift_assignments (employee_id,end_time,shift_name,start_time,work_date) values (?,?,?,?,?)
2025-10-26T12:22:32.475+09:00 DEBUG 19468 --- [Shift Scheduler Demo] [           main] org.hibernate.SQL                        : select last_insert_rowid()
Hibernate: select last_insert_rowid()
2025-10-26T12:22:32.476+09:00 DEBUG 19468 --- [Shift Scheduler Demo] [           main] org.hibernate.SQL                        : insert into shift_assignments (employee_id,end_time,shift_name,start_time,work_date) values (?,?,?,?,?)
Hibernate: insert into shift_assignments (employee_id,end_time,shift_name,start_time,work_date) values (?,?,?,?,?)
2025-10-26T12:22:32.476+09:00 DEBUG 19468 --- [Shift Scheduler Demo] [           main] org.hibernate.SQL                        : select last_insert_rowid()
Hibernate: select last_insert_rowid()
2025-10-26T12:22:32.476+09:00 DEBUG 19468 --- [Shift Scheduler Demo] [           main] org.hibernate.SQL                        : insert into shift_assignments (employee_id,end_time,shift_name,start_time,work_date) values (?,?,?,?,?)
Hibernate: insert into shift_assignments (employee_id,end_time,shift_name,start_time,work_date) values (?,?,?,?,?)
2025-10-26T12:22:32.477+09:00 DEBUG 19468 --- [Shift Scheduler Demo] [           main] org.hibernate.SQL                        : select last_insert_rowid()
Hibernate: select last_insert_rowid()
2025-10-26T12:22:32.477+09:00 DEBUG 19468 --- [Shift Scheduler Demo] [           main] org.hibernate.SQL                        : insert into shift_assignments (employee_id,end_time,shift_name,start_time,work_date) values (?,?,?,?,?)
Hibernate: insert into shift_assignments (employee_id,end_time,shift_name,start_time,work_date) values (?,?,?,?,?)
2025-10-26T12:22:32.477+09:00 DEBUG 19468 --- [Shift Scheduler Demo] [           main] org.hibernate.SQL                        : select last_insert_rowid()
Hibernate: select last_insert_rowid()
2025-10-26T12:22:32.479+09:00 DEBUG 19468 --- [Shift Scheduler Demo] [           main] org.hibernate.SQL                        : insert into shift_assignments (employee_id,end_time,shift_name,start_time,work_date) values (?,?,?,?,?)
Hibernate: insert into shift_assignments (employee_id,end_time,shift_name,start_time,work_date) values (?,?,?,?,?)
2025-10-26T12:22:32.479+09:00 DEBUG 19468 --- [Shift Scheduler Demo] [           main] org.hibernate.SQL                        : select last_insert_rowid()
Hibernate: select last_insert_rowid()
2025-10-26T12:22:32.480+09:00 DEBUG 19468 --- [Shift Scheduler Demo] [           main] org.hibernate.SQL                        : insert into shift_assignments (employee_id,end_time,shift_name,start_time,work_date) values (?,?,?,?,?)
Hibernate: insert into shift_assignments (employee_id,end_time,shift_name,start_time,work_date) values (?,?,?,?,?)
2025-10-26T12:22:32.480+09:00 DEBUG 19468 --- [Shift Scheduler Demo] [           main] org.hibernate.SQL                        : select last_insert_rowid()
Hibernate: select last_insert_rowid()
2025-10-26T12:22:32.480+09:00 DEBUG 19468 --- [Shift Scheduler Demo] [           main] org.hibernate.SQL                        : insert into shift_assignments (employee_id,end_time,shift_name,start_time,work_date) values (?,?,?,?,?)
Hibernate: insert into shift_assignments (employee_id,end_time,shift_name,start_time,work_date) values (?,?,?,?,?)
2025-10-26T12:22:32.480+09:00 DEBUG 19468 --- [Shift Scheduler Demo] [           main] org.hibernate.SQL                        : select last_insert_rowid()
Hibernate: select last_insert_rowid()
2025-10-26T12:22:32.480+09:00 DEBUG 19468 --- [Shift Scheduler Demo] [           main] org.hibernate.SQL                        : insert into shift_assignments (employee_id,end_time,shift_name,start_time,work_date) values (?,?,?,?,?)
Hibernate: insert into shift_assignments (employee_id,end_time,shift_name,start_time,work_date) values (?,?,?,?,?)
2025-10-26T12:22:32.480+09:00 DEBUG 19468 --- [Shift Scheduler Demo] [           main] org.hibernate.SQL                        : select last_insert_rowid()
Hibernate: select last_insert_rowid()
2025-10-26T12:22:32.480+09:00 DEBUG 19468 --- [Shift Scheduler Demo] [           main] org.hibernate.SQL                        : insert into shift_assignments (employee_id,end_time,shift_name,start_time,work_date) values (?,?,?,?,?)
Hibernate: insert into shift_assignments (employee_id,end_time,shift_name,start_time,work_date) values (?,?,?,?,?)
2025-10-26T12:22:32.480+09:00 DEBUG 19468 --- [Shift Scheduler Demo] [           main] org.hibernate.SQL                        : select last_insert_rowid()
Hibernate: select last_insert_rowid()
2025-10-26T12:22:32.480+09:00 DEBUG 19468 --- [Shift Scheduler Demo] [           main] org.hibernate.SQL                        : insert into shift_assignments (employee_id,end_time,shift_name,start_time,work_date) values (?,?,?,?,?)
Hibernate: insert into shift_assignments (employee_id,end_time,shift_name,start_time,work_date) values (?,?,?,?,?)
2025-10-26T12:22:32.480+09:00 DEBUG 19468 --- [Shift Scheduler Demo] [           main] org.hibernate.SQL                        : select last_insert_rowid()
Hibernate: select last_insert_rowid()
2025-10-26T12:22:32.480+09:00 DEBUG 19468 --- [Shift Scheduler Demo] [           main] org.hibernate.SQL                        : insert into shift_assignments (employee_id,end_time,shift_name,start_time,work_date) values (?,?,?,?,?)
Hibernate: insert into shift_assignments (employee_id,end_time,shift_name,start_time,work_date) values (?,?,?,?,?)
2025-10-26T12:22:32.480+09:00 DEBUG 19468 --- [Shift Scheduler Demo] [           main] org.hibernate.SQL                        : select last_insert_rowid()
Hibernate: select last_insert_rowid()
2025-10-26T12:22:32.480+09:00 DEBUG 19468 --- [Shift Scheduler Demo] [           main] org.hibernate.SQL                        : insert into shift_assignments (employee_id,end_time,shift_name,start_time,work_date) values (?,?,?,?,?)
Hibernate: insert into shift_assignments (employee_id,end_time,shift_name,start_time,work_date) values (?,?,?,?,?)
2025-10-26T12:22:32.480+09:00 DEBUG 19468 --- [Shift Scheduler Demo] [           main] org.hibernate.SQL                        : select last_insert_rowid()
Hibernate: select last_insert_rowid()
2025-10-26T12:22:32.486+09:00 DEBUG 19468 --- [Shift Scheduler Demo] [           main] org.hibernate.SQL                        : insert into shift_assignments (employee_id,end_time,shift_name,start_time,work_date) values (?,?,?,?,?)
Hibernate: insert into shift_assignments (employee_id,end_time,shift_name,start_time,work_date) values (?,?,?,?,?)
2025-10-26T12:22:32.486+09:00 DEBUG 19468 --- [Shift Scheduler Demo] [           main] org.hibernate.SQL                        : select last_insert_rowid()
Hibernate: select last_insert_rowid()
2025-10-26T12:22:32.486+09:00 DEBUG 19468 --- [Shift Scheduler Demo] [           main] org.hibernate.SQL                        : insert into shift_assignments (employee_id,end_time,shift_name,start_time,work_date) values (?,?,?,?,?)
Hibernate: insert into shift_assignments (employee_id,end_time,shift_name,start_time,work_date) values (?,?,?,?,?)
2025-10-26T12:22:32.487+09:00 DEBUG 19468 --- [Shift Scheduler Demo] [           main] org.hibernate.SQL                        : select last_insert_rowid()
Hibernate: select last_insert_rowid()
2025-10-26T12:22:32.487+09:00 DEBUG 19468 --- [Shift Scheduler Demo] [           main] org.hibernate.SQL                        : insert into shift_assignments (employee_id,end_time,shift_name,start_time,work_date) values (?,?,?,?,?)
Hibernate: insert into shift_assignments (employee_id,end_time,shift_name,start_time,work_date) values (?,?,?,?,?)
2025-10-26T12:22:32.489+09:00 DEBUG 19468 --- [Shift Scheduler Demo] [           main] org.hibernate.SQL                        : select last_insert_rowid()
Hibernate: select last_insert_rowid()
2025-10-26T12:22:32.489+09:00 DEBUG 19468 --- [Shift Scheduler Demo] [           main] org.hibernate.SQL                        : insert into shift_assignments (employee_id,end_time,shift_name,start_time,work_date) values (?,?,?,?,?)
Hibernate: insert into shift_assignments (employee_id,end_time,shift_name,start_time,work_date) values (?,?,?,?,?)
2025-10-26T12:22:32.491+09:00 DEBUG 19468 --- [Shift Scheduler Demo] [           main] org.hibernate.SQL                        : select last_insert_rowid()
Hibernate: select last_insert_rowid()
2025-10-26T12:22:32.491+09:00 DEBUG 19468 --- [Shift Scheduler Demo] [           main] org.hibernate.SQL                        : insert into shift_assignments (employee_id,end_time,shift_name,start_time,work_date) values (?,?,?,?,?)
Hibernate: insert into shift_assignments (employee_id,end_time,shift_name,start_time,work_date) values (?,?,?,?,?)
2025-10-26T12:22:32.491+09:00 DEBUG 19468 --- [Shift Scheduler Demo] [           main] org.hibernate.SQL                        : select last_insert_rowid()
Hibernate: select last_insert_rowid()
2025-10-26T12:22:32.491+09:00 DEBUG 19468 --- [Shift Scheduler Demo] [           main] org.hibernate.SQL                        : insert into shift_assignments (employee_id,end_time,shift_name,start_time,work_date) values (?,?,?,?,?)
Hibernate: insert into shift_assignments (employee_id,end_time,shift_name,start_time,work_date) values (?,?,?,?,?)
2025-10-26T12:22:32.493+09:00 DEBUG 19468 --- [Shift Scheduler Demo] [           main] org.hibernate.SQL                        : select last_insert_rowid()
Hibernate: select last_insert_rowid()
2025-10-26T12:22:32.493+09:00 DEBUG 19468 --- [Shift Scheduler Demo] [           main] org.hibernate.SQL                        : insert into shift_assignments (employee_id,end_time,shift_name,start_time,work_date) values (?,?,?,?,?)
Hibernate: insert into shift_assignments (employee_id,end_time,shift_name,start_time,work_date) values (?,?,?,?,?)
2025-10-26T12:22:32.493+09:00 DEBUG 19468 --- [Shift Scheduler Demo] [           main] org.hibernate.SQL                        : select last_insert_rowid()
Hibernate: select last_insert_rowid()
2025-10-26T12:22:32.493+09:00 DEBUG 19468 --- [Shift Scheduler Demo] [           main] org.hibernate.SQL                        : insert into shift_assignments (employee_id,end_time,shift_name,start_time,work_date) values (?,?,?,?,?)
Hibernate: insert into shift_assignments (employee_id,end_time,shift_name,start_time,work_date) values (?,?,?,?,?)
2025-10-26T12:22:32.493+09:00 DEBUG 19468 --- [Shift Scheduler Demo] [           main] org.hibernate.SQL                        : select last_insert_rowid()
Hibernate: select last_insert_rowid()
2025-10-26T12:22:32.495+09:00 DEBUG 19468 --- [Shift Scheduler Demo] [           main] org.hibernate.SQL                        : insert into shift_assignments (employee_id,end_time,shift_name,start_time,work_date) values (?,?,?,?,?)
Hibernate: insert into shift_assignments (employee_id,end_time,shift_name,start_time,work_date) values (?,?,?,?,?)
2025-10-26T12:22:32.495+09:00 DEBUG 19468 --- [Shift Scheduler Demo] [           main] org.hibernate.SQL                        : select last_insert_rowid()
Hibernate: select last_insert_rowid()
2025-10-26T12:22:32.496+09:00 DEBUG 19468 --- [Shift Scheduler Demo] [           main] org.hibernate.SQL                        : insert into shift_assignments (employee_id,end_time,shift_name,start_time,work_date) values (?,?,?,?,?)
Hibernate: insert into shift_assignments (employee_id,end_time,shift_name,start_time,work_date) values (?,?,?,?,?)
2025-10-26T12:22:32.496+09:00 DEBUG 19468 --- [Shift Scheduler Demo] [           main] org.hibernate.SQL                        : select last_insert_rowid()
Hibernate: select last_insert_rowid()
2025-10-26T12:22:32.497+09:00  INFO 19468 --- [Shift Scheduler Demo] [           main] c.e.shiftv1.schedule.ScheduleService     : �V�t�g�������������܂���: 92���̊��蓖�Ă𐶐�
]]></system-out>
  </testcase>
  <testcase name="generateMonthlySchedule_assignsEmployeesForEachShift" classname="com.example.shiftv1.schedule.ScheduleServiceTest" time="0.637">
    <system-out><![CDATA[2025-10-26T12:22:32.533+09:00 DEBUG 19468 --- [Shift Scheduler Demo] [           main] org.hibernate.SQL                        : select sa1_0.id,sa1_0.employee_id,sa1_0.end_time,sa1_0.shift_name,sa1_0.start_time,sa1_0.work_date from shift_assignments sa1_0
Hibernate: select sa1_0.id,sa1_0.employee_id,sa1_0.end_time,sa1_0.shift_name,sa1_0.start_time,sa1_0.work_date from shift_assignments sa1_0
2025-10-26T12:22:32.585+09:00 DEBUG 19468 --- [Shift Scheduler Demo] [           main] org.hibernate.SQL                        : select ec1_0.id,ec1_0.is_active,ec1_0.created_at,ec1_0.date,ec1_0.employee_id,ec1_0.end_time,ec1_0.reason,ec1_0.start_time,ec1_0.type,ec1_0.updated_at from employee_constraints ec1_0
Hibernate: select ec1_0.id,ec1_0.is_active,ec1_0.created_at,ec1_0.date,ec1_0.employee_id,ec1_0.end_time,ec1_0.reason,ec1_0.start_time,ec1_0.type,ec1_0.updated_at from employee_constraints ec1_0
2025-10-26T12:22:32.596+09:00  INFO 19468 --- [Shift Scheduler Demo] [           main] c.e.shiftv1.schedule.ScheduleService     : �V�t�g�������J�n���܂�: 2024�N7��
2025-10-26T12:22:32.599+09:00 DEBUG 19468 --- [Shift Scheduler Demo] [           main] org.hibernate.SQL                        : select e1_0.id,e1_0.created_at,e1_0.name,e1_0.role from employees e1_0
Hibernate: select e1_0.id,e1_0.created_at,e1_0.name,e1_0.role from employees e1_0
2025-10-26T12:22:32.603+09:00 DEBUG 19468 --- [Shift Scheduler Demo] [           main] org.hibernate.SQL                        : select s1_0.employee_id,s1_1.id,s1_1.code,s1_1.created_at,s1_1.description,s1_1.name,s1_1.priority,s1_1.updated_at from employee_skills s1_0 join skills s1_1 on s1_1.id=s1_0.skill_id where s1_0.employee_id=?
Hibernate: select s1_0.employee_id,s1_1.id,s1_1.code,s1_1.created_at,s1_1.description,s1_1.name,s1_1.priority,s1_1.updated_at from employee_skills s1_0 join skills s1_1 on s1_1.id=s1_0.skill_id where s1_0.employee_id=?
2025-10-26T12:22:32.603+09:00 DEBUG 19468 --- [Shift Scheduler Demo] [           main] org.hibernate.SQL                        : select s1_0.employee_id,s1_1.id,s1_1.code,s1_1.created_at,s1_1.description,s1_1.name,s1_1.priority,s1_1.updated_at from employee_skills s1_0 join skills s1_1 on s1_1.id=s1_0.skill_id where s1_0.employee_id=?
Hibernate: select s1_0.employee_id,s1_1.id,s1_1.code,s1_1.created_at,s1_1.description,s1_1.name,s1_1.priority,s1_1.updated_at from employee_skills s1_0 join skills s1_1 on s1_1.id=s1_0.skill_id where s1_0.employee_id=?
2025-10-26T12:22:32.605+09:00 DEBUG 19468 --- [Shift Scheduler Demo] [           main] org.hibernate.SQL                        : select s1_0.employee_id,s1_1.id,s1_1.code,s1_1.created_at,s1_1.description,s1_1.name,s1_1.priority,s1_1.updated_at from employee_skills s1_0 join skills s1_1 on s1_1.id=s1_0.skill_id where s1_0.employee_id=?
Hibernate: select s1_0.employee_id,s1_1.id,s1_1.code,s1_1.created_at,s1_1.description,s1_1.name,s1_1.priority,s1_1.updated_at from employee_skills s1_0 join skills s1_1 on s1_1.id=s1_0.skill_id where s1_0.employee_id=?
2025-10-26T12:22:32.605+09:00 DEBUG 19468 --- [Shift Scheduler Demo] [           main] org.hibernate.SQL                        : select s1_0.employee_id,s1_1.id,s1_1.code,s1_1.created_at,s1_1.description,s1_1.name,s1_1.priority,s1_1.updated_at from employee_skills s1_0 join skills s1_1 on s1_1.id=s1_0.skill_id where s1_0.employee_id=?
Hibernate: select s1_0.employee_id,s1_1.id,s1_1.code,s1_1.created_at,s1_1.description,s1_1.name,s1_1.priority,s1_1.updated_at from employee_skills s1_0 join skills s1_1 on s1_1.id=s1_0.skill_id where s1_0.employee_id=?
2025-10-26T12:22:32.605+09:00 DEBUG 19468 --- [Shift Scheduler Demo] [           main] org.hibernate.SQL                        : select s1_0.employee_id,s1_1.id,s1_1.code,s1_1.created_at,s1_1.description,s1_1.name,s1_1.priority,s1_1.updated_at from employee_skills s1_0 join skills s1_1 on s1_1.id=s1_0.skill_id where s1_0.employee_id=?
Hibernate: select s1_0.employee_id,s1_1.id,s1_1.code,s1_1.created_at,s1_1.description,s1_1.name,s1_1.priority,s1_1.updated_at from employee_skills s1_0 join skills s1_1 on s1_1.id=s1_0.skill_id where s1_0.employee_id=?
2025-10-26T12:22:32.607+09:00 DEBUG 19468 --- [Shift Scheduler Demo] [           main] org.hibernate.SQL                        : select s1_0.employee_id,s1_1.id,s1_1.code,s1_1.created_at,s1_1.description,s1_1.name,s1_1.priority,s1_1.updated_at from employee_skills s1_0 join skills s1_1 on s1_1.id=s1_0.skill_id where s1_0.employee_id=?
Hibernate: select s1_0.employee_id,s1_1.id,s1_1.code,s1_1.created_at,s1_1.description,s1_1.name,s1_1.priority,s1_1.updated_at from employee_skills s1_0 join skills s1_1 on s1_1.id=s1_0.skill_id where s1_0.employee_id=?
2025-10-26T12:22:32.607+09:00 DEBUG 19468 --- [Shift Scheduler Demo] [           main] org.hibernate.SQL                        : select s1_0.employee_id,s1_1.id,s1_1.code,s1_1.created_at,s1_1.description,s1_1.name,s1_1.priority,s1_1.updated_at from employee_skills s1_0 join skills s1_1 on s1_1.id=s1_0.skill_id where s1_0.employee_id=?
Hibernate: select s1_0.employee_id,s1_1.id,s1_1.code,s1_1.created_at,s1_1.description,s1_1.name,s1_1.priority,s1_1.updated_at from employee_skills s1_0 join skills s1_1 on s1_1.id=s1_0.skill_id where s1_0.employee_id=?
2025-10-26T12:22:32.608+09:00 DEBUG 19468 --- [Shift Scheduler Demo] [           main] org.hibernate.SQL                        : select s1_0.employee_id,s1_1.id,s1_1.code,s1_1.created_at,s1_1.description,s1_1.name,s1_1.priority,s1_1.updated_at from employee_skills s1_0 join skills s1_1 on s1_1.id=s1_0.skill_id where s1_0.employee_id=?
Hibernate: select s1_0.employee_id,s1_1.id,s1_1.code,s1_1.created_at,s1_1.description,s1_1.name,s1_1.priority,s1_1.updated_at from employee_skills s1_0 join skills s1_1 on s1_1.id=s1_0.skill_id where s1_0.employee_id=?
2025-10-26T12:22:32.608+09:00 DEBUG 19468 --- [Shift Scheduler Demo] [           main] org.hibernate.SQL                        : select s1_0.employee_id,s1_1.id,s1_1.code,s1_1.created_at,s1_1.description,s1_1.name,s1_1.priority,s1_1.updated_at from employee_skills s1_0 join skills s1_1 on s1_1.id=s1_0.skill_id where s1_0.employee_id=?
Hibernate: select s1_0.employee_id,s1_1.id,s1_1.code,s1_1.created_at,s1_1.description,s1_1.name,s1_1.priority,s1_1.updated_at from employee_skills s1_0 join skills s1_1 on s1_1.id=s1_0.skill_id where s1_0.employee_id=?
2025-10-26T12:22:32.608+09:00 DEBUG 19468 --- [Shift Scheduler Demo] [           main] org.hibernate.SQL                        : select s1_0.employee_id,s1_1.id,s1_1.code,s1_1.created_at,s1_1.description,s1_1.name,s1_1.priority,s1_1.updated_at from employee_skills s1_0 join skills s1_1 on s1_1.id=s1_0.skill_id where s1_0.employee_id=?
Hibernate: select s1_0.employee_id,s1_1.id,s1_1.code,s1_1.created_at,s1_1.description,s1_1.name,s1_1.priority,s1_1.updated_at from employee_skills s1_0 join skills s1_1 on s1_1.id=s1_0.skill_id where s1_0.employee_id=?
2025-10-26T12:22:32.608+09:00 DEBUG 19468 --- [Shift Scheduler Demo] [           main] org.hibernate.SQL                        : select s1_0.employee_id,s1_1.id,s1_1.code,s1_1.created_at,s1_1.description,s1_1.name,s1_1.priority,s1_1.updated_at from employee_skills s1_0 join skills s1_1 on s1_1.id=s1_0.skill_id where s1_0.employee_id=?
Hibernate: select s1_0.employee_id,s1_1.id,s1_1.code,s1_1.created_at,s1_1.description,s1_1.name,s1_1.priority,s1_1.updated_at from employee_skills s1_0 join skills s1_1 on s1_1.id=s1_0.skill_id where s1_0.employee_id=?
2025-10-26T12:22:32.608+09:00 DEBUG 19468 --- [Shift Scheduler Demo] [           main] org.hibernate.SQL                        : select s1_0.employee_id,s1_1.id,s1_1.code,s1_1.created_at,s1_1.description,s1_1.name,s1_1.priority,s1_1.updated_at from employee_skills s1_0 join skills s1_1 on s1_1.id=s1_0.skill_id where s1_0.employee_id=?
Hibernate: select s1_0.employee_id,s1_1.id,s1_1.code,s1_1.created_at,s1_1.description,s1_1.name,s1_1.priority,s1_1.updated_at from employee_skills s1_0 join skills s1_1 on s1_1.id=s1_0.skill_id where s1_0.employee_id=?
2025-10-26T12:22:32.610+09:00 DEBUG 19468 --- [Shift Scheduler Demo] [           main] org.hibernate.SQL                        : select s1_0.employee_id,s1_1.id,s1_1.code,s1_1.created_at,s1_1.description,s1_1.name,s1_1.priority,s1_1.updated_at from employee_skills s1_0 join skills s1_1 on s1_1.id=s1_0.skill_id where s1_0.employee_id=?
Hibernate: select s1_0.employee_id,s1_1.id,s1_1.code,s1_1.created_at,s1_1.description,s1_1.name,s1_1.priority,s1_1.updated_at from employee_skills s1_0 join skills s1_1 on s1_1.id=s1_0.skill_id where s1_0.employee_id=?
2025-10-26T12:22:32.610+09:00 DEBUG 19468 --- [Shift Scheduler Demo] [           main] org.hibernate.SQL                        : select s1_0.employee_id,s1_1.id,s1_1.code,s1_1.created_at,s1_1.description,s1_1.name,s1_1.priority,s1_1.updated_at from employee_skills s1_0 join skills s1_1 on s1_1.id=s1_0.skill_id where s1_0.employee_id=?
Hibernate: select s1_0.employee_id,s1_1.id,s1_1.code,s1_1.created_at,s1_1.description,s1_1.name,s1_1.priority,s1_1.updated_at from employee_skills s1_0 join skills s1_1 on s1_1.id=s1_0.skill_id where s1_0.employee_id=?
2025-10-26T12:22:32.610+09:00 DEBUG 19468 --- [Shift Scheduler Demo] [           main] org.hibernate.SQL                        : select s1_0.employee_id,s1_1.id,s1_1.code,s1_1.created_at,s1_1.description,s1_1.name,s1_1.priority,s1_1.updated_at from employee_skills s1_0 join skills s1_1 on s1_1.id=s1_0.skill_id where s1_0.employee_id=?
Hibernate: select s1_0.employee_id,s1_1.id,s1_1.code,s1_1.created_at,s1_1.description,s1_1.name,s1_1.priority,s1_1.updated_at from employee_skills s1_0 join skills s1_1 on s1_1.id=s1_0.skill_id where s1_0.employee_id=?
2025-10-26T12:22:32.610+09:00 DEBUG 19468 --- [Shift Scheduler Demo] [           main] org.hibernate.SQL                        : select s1_0.employee_id,s1_1.id,s1_1.code,s1_1.created_at,s1_1.description,s1_1.name,s1_1.priority,s1_1.updated_at from employee_skills s1_0 join skills s1_1 on s1_1.id=s1_0.skill_id where s1_0.employee_id=?
Hibernate: select s1_0.employee_id,s1_1.id,s1_1.code,s1_1.created_at,s1_1.description,s1_1.name,s1_1.priority,s1_1.updated_at from employee_skills s1_0 join skills s1_1 on s1_1.id=s1_0.skill_id where s1_0.employee_id=?
2025-10-26T12:22:32.610+09:00 DEBUG 19468 --- [Shift Scheduler Demo] [           main] org.hibernate.SQL                        : select s1_0.employee_id,s1_1.id,s1_1.code,s1_1.created_at,s1_1.description,s1_1.name,s1_1.priority,s1_1.updated_at from employee_skills s1_0 join skills s1_1 on s1_1.id=s1_0.skill_id where s1_0.employee_id=?
Hibernate: select s1_0.employee_id,s1_1.id,s1_1.code,s1_1.created_at,s1_1.description,s1_1.name,s1_1.priority,s1_1.updated_at from employee_skills s1_0 join skills s1_1 on s1_1.id=s1_0.skill_id where s1_0.employee_id=?
2025-10-26T12:22:32.610+09:00 DEBUG 19468 --- [Shift Scheduler Demo] [           main] org.hibernate.SQL                        : select s1_0.employee_id,s1_1.id,s1_1.code,s1_1.created_at,s1_1.description,s1_1.name,s1_1.priority,s1_1.updated_at from employee_skills s1_0 join skills s1_1 on s1_1.id=s1_0.skill_id where s1_0.employee_id=?
Hibernate: select s1_0.employee_id,s1_1.id,s1_1.code,s1_1.created_at,s1_1.description,s1_1.name,s1_1.priority,s1_1.updated_at from employee_skills s1_0 join skills s1_1 on s1_1.id=s1_0.skill_id where s1_0.employee_id=?
2025-10-26T12:22:32.612+09:00 DEBUG 19468 --- [Shift Scheduler Demo] [           main] org.hibernate.SQL                        : select s1_0.employee_id,s1_1.id,s1_1.code,s1_1.created_at,s1_1.description,s1_1.name,s1_1.priority,s1_1.updated_at from employee_skills s1_0 join skills s1_1 on s1_1.id=s1_0.skill_id where s1_0.employee_id=?
Hibernate: select s1_0.employee_id,s1_1.id,s1_1.code,s1_1.created_at,s1_1.description,s1_1.name,s1_1.priority,s1_1.updated_at from employee_skills s1_0 join skills s1_1 on s1_1.id=s1_0.skill_id where s1_0.employee_id=?
2025-10-26T12:22:32.612+09:00 DEBUG 19468 --- [Shift Scheduler Demo] [           main] org.hibernate.SQL                        : select s1_0.employee_id,s1_1.id,s1_1.code,s1_1.created_at,s1_1.description,s1_1.name,s1_1.priority,s1_1.updated_at from employee_skills s1_0 join skills s1_1 on s1_1.id=s1_0.skill_id where s1_0.employee_id=?
Hibernate: select s1_0.employee_id,s1_1.id,s1_1.code,s1_1.created_at,s1_1.description,s1_1.name,s1_1.priority,s1_1.updated_at from employee_skills s1_0 join skills s1_1 on s1_1.id=s1_0.skill_id where s1_0.employee_id=?
2025-10-26T12:22:32.612+09:00 DEBUG 19468 --- [Shift Scheduler Demo] [           main] org.hibernate.SQL                        : select s1_0.employee_id,s1_1.id,s1_1.code,s1_1.created_at,s1_1.description,s1_1.name,s1_1.priority,s1_1.updated_at from employee_skills s1_0 join skills s1_1 on s1_1.id=s1_0.skill_id where s1_0.employee_id=?
Hibernate: select s1_0.employee_id,s1_1.id,s1_1.code,s1_1.created_at,s1_1.description,s1_1.name,s1_1.priority,s1_1.updated_at from employee_skills s1_0 join skills s1_1 on s1_1.id=s1_0.skill_id where s1_0.employee_id=?
2025-10-26T12:22:32.612+09:00 DEBUG 19468 --- [Shift Scheduler Demo] [           main] org.hibernate.SQL                        : select s1_0.employee_id,s1_1.id,s1_1.code,s1_1.created_at,s1_1.description,s1_1.name,s1_1.priority,s1_1.updated_at from employee_skills s1_0 join skills s1_1 on s1_1.id=s1_0.skill_id where s1_0.employee_id=?
Hibernate: select s1_0.employee_id,s1_1.id,s1_1.code,s1_1.created_at,s1_1.description,s1_1.name,s1_1.priority,s1_1.updated_at from employee_skills s1_0 join skills s1_1 on s1_1.id=s1_0.skill_id where s1_0.employee_id=?
2025-10-26T12:22:32.612+09:00 DEBUG 19468 --- [Shift Scheduler Demo] [           main] org.hibernate.SQL                        : select s1_0.employee_id,s1_1.id,s1_1.code,s1_1.created_at,s1_1.description,s1_1.name,s1_1.priority,s1_1.updated_at from employee_skills s1_0 join skills s1_1 on s1_1.id=s1_0.skill_id where s1_0.employee_id=?
Hibernate: select s1_0.employee_id,s1_1.id,s1_1.code,s1_1.created_at,s1_1.description,s1_1.name,s1_1.priority,s1_1.updated_at from employee_skills s1_0 join skills s1_1 on s1_1.id=s1_0.skill_id where s1_0.employee_id=?
2025-10-26T12:22:32.612+09:00 DEBUG 19468 --- [Shift Scheduler Demo] [           main] org.hibernate.SQL                        : select s1_0.employee_id,s1_1.id,s1_1.code,s1_1.created_at,s1_1.description,s1_1.name,s1_1.priority,s1_1.updated_at from employee_skills s1_0 join skills s1_1 on s1_1.id=s1_0.skill_id where s1_0.employee_id=?
Hibernate: select s1_0.employee_id,s1_1.id,s1_1.code,s1_1.created_at,s1_1.description,s1_1.name,s1_1.priority,s1_1.updated_at from employee_skills s1_0 join skills s1_1 on s1_1.id=s1_0.skill_id where s1_0.employee_id=?
2025-10-26T12:22:32.612+09:00 DEBUG 19468 --- [Shift Scheduler Demo] [           main] org.hibernate.SQL                        : select s1_0.employee_id,s1_1.id,s1_1.code,s1_1.created_at,s1_1.description,s1_1.name,s1_1.priority,s1_1.updated_at from employee_skills s1_0 join skills s1_1 on s1_1.id=s1_0.skill_id where s1_0.employee_id=?
Hibernate: select s1_0.employee_id,s1_1.id,s1_1.code,s1_1.created_at,s1_1.description,s1_1.name,s1_1.priority,s1_1.updated_at from employee_skills s1_0 join skills s1_1 on s1_1.id=s1_0.skill_id where s1_0.employee_id=?
2025-10-26T12:22:32.613+09:00 DEBUG 19468 --- [Shift Scheduler Demo] [           main] org.hibernate.SQL                        : select s1_0.employee_id,s1_1.id,s1_1.code,s1_1.created_at,s1_1.description,s1_1.name,s1_1.priority,s1_1.updated_at from employee_skills s1_0 join skills s1_1 on s1_1.id=s1_0.skill_id where s1_0.employee_id=?
Hibernate: select s1_0.employee_id,s1_1.id,s1_1.code,s1_1.created_at,s1_1.description,s1_1.name,s1_1.priority,s1_1.updated_at from employee_skills s1_0 join skills s1_1 on s1_1.id=s1_0.skill_id where s1_0.employee_id=?
2025-10-26T12:22:32.614+09:00 DEBUG 19468 --- [Shift Scheduler Demo] [           main] org.hibernate.SQL                        : select s1_0.employee_id,s1_1.id,s1_1.code,s1_1.created_at,s1_1.description,s1_1.name,s1_1.priority,s1_1.updated_at from employee_skills s1_0 join skills s1_1 on s1_1.id=s1_0.skill_id where s1_0.employee_id=?
Hibernate: select s1_0.employee_id,s1_1.id,s1_1.code,s1_1.created_at,s1_1.description,s1_1.name,s1_1.priority,s1_1.updated_at from employee_skills s1_0 join skills s1_1 on s1_1.id=s1_0.skill_id where s1_0.employee_id=?
2025-10-26T12:22:32.614+09:00 DEBUG 19468 --- [Shift Scheduler Demo] [           main] org.hibernate.SQL                        : select s1_0.employee_id,s1_1.id,s1_1.code,s1_1.created_at,s1_1.description,s1_1.name,s1_1.priority,s1_1.updated_at from employee_skills s1_0 join skills s1_1 on s1_1.id=s1_0.skill_id where s1_0.employee_id=?
Hibernate: select s1_0.employee_id,s1_1.id,s1_1.code,s1_1.created_at,s1_1.description,s1_1.name,s1_1.priority,s1_1.updated_at from employee_skills s1_0 join skills s1_1 on s1_1.id=s1_0.skill_id where s1_0.employee_id=?
2025-10-26T12:22:32.614+09:00 DEBUG 19468 --- [Shift Scheduler Demo] [           main] org.hibernate.SQL                        : select s1_0.employee_id,s1_1.id,s1_1.code,s1_1.created_at,s1_1.description,s1_1.name,s1_1.priority,s1_1.updated_at from employee_skills s1_0 join skills s1_1 on s1_1.id=s1_0.skill_id where s1_0.employee_id=?
Hibernate: select s1_0.employee_id,s1_1.id,s1_1.code,s1_1.created_at,s1_1.description,s1_1.name,s1_1.priority,s1_1.updated_at from employee_skills s1_0 join skills s1_1 on s1_1.id=s1_0.skill_id where s1_0.employee_id=?
2025-10-26T12:22:32.614+09:00 DEBUG 19468 --- [Shift Scheduler Demo] [           main] org.hibernate.SQL                        : select s1_0.employee_id,s1_1.id,s1_1.code,s1_1.created_at,s1_1.description,s1_1.name,s1_1.priority,s1_1.updated_at from employee_skills s1_0 join skills s1_1 on s1_1.id=s1_0.skill_id where s1_0.employee_id=?
Hibernate: select s1_0.employee_id,s1_1.id,s1_1.code,s1_1.created_at,s1_1.description,s1_1.name,s1_1.priority,s1_1.updated_at from employee_skills s1_0 join skills s1_1 on s1_1.id=s1_0.skill_id where s1_0.employee_id=?
2025-10-26T12:22:32.618+09:00 DEBUG 19468 --- [Shift Scheduler Demo] [           main] org.hibernate.SQL                        : delete from shift_assignments where id=?
Hibernate: delete from shift_assignments where id=?
2025-10-26T12:22:32.618+09:00 DEBUG 19468 --- [Shift Scheduler Demo] [           main] org.hibernate.SQL                        : delete from shift_assignments where id=?
Hibernate: delete from shift_assignments where id=?
2025-10-26T12:22:32.618+09:00 DEBUG 19468 --- [Shift Scheduler Demo] [           main] org.hibernate.SQL                        : delete from shift_assignments where id=?
Hibernate: delete from shift_assignments where id=?
2025-10-26T12:22:32.618+09:00 DEBUG 19468 --- [Shift Scheduler Demo] [           main] org.hibernate.SQL                        : delete from shift_assignments where id=?
Hibernate: delete from shift_assignments where id=?
2025-10-26T12:22:32.618+09:00 DEBUG 19468 --- [Shift Scheduler Demo] [           main] org.hibernate.SQL                        : delete from shift_assignments where id=?
Hibernate: delete from shift_assignments where id=?
2025-10-26T12:22:32.618+09:00 DEBUG 19468 --- [Shift Scheduler Demo] [           main] org.hibernate.SQL                        : delete from shift_assignments where id=?
Hibernate: delete from shift_assignments where id=?
2025-10-26T12:22:32.618+09:00 DEBUG 19468 --- [Shift Scheduler Demo] [           main] org.hibernate.SQL                        : delete from shift_assignments where id=?
Hibernate: delete from shift_assignments where id=?
2025-10-26T12:22:32.618+09:00 DEBUG 19468 --- [Shift Scheduler Demo] [           main] org.hibernate.SQL                        : delete from shift_assignments where id=?
Hibernate: delete from shift_assignments where id=?
2025-10-26T12:22:32.618+09:00 DEBUG 19468 --- [Shift Scheduler Demo] [           main] org.hibernate.SQL                        : delete from shift_assignments where id=?
Hibernate: delete from shift_assignments where id=?
2025-10-26T12:22:32.618+09:00 DEBUG 19468 --- [Shift Scheduler Demo] [           main] org.hibernate.SQL                        : delete from shift_assignments where id=?
Hibernate: delete from shift_assignments where id=?
2025-10-26T12:22:32.618+09:00 DEBUG 19468 --- [Shift Scheduler Demo] [           main] org.hibernate.SQL                        : delete from shift_assignments where id=?
Hibernate: delete from shift_assignments where id=?
2025-10-26T12:22:32.618+09:00 DEBUG 19468 --- [Shift Scheduler Demo] [           main] org.hibernate.SQL                        : delete from shift_assignments where id=?
Hibernate: delete from shift_assignments where id=?
2025-10-26T12:22:32.618+09:00 DEBUG 19468 --- [Shift Scheduler Demo] [           main] org.hibernate.SQL                        : delete from shift_assignments where id=?
Hibernate: delete from shift_assignments where id=?
2025-10-26T12:22:32.618+09:00 DEBUG 19468 --- [Shift Scheduler Demo] [           main] org.hibernate.SQL                        : delete from shift_assignments where id=?
Hibernate: delete from shift_assignments where id=?
2025-10-26T12:22:32.618+09:00 DEBUG 19468 --- [Shift Scheduler Demo] [           main] org.hibernate.SQL                        : delete from shift_assignments where id=?
Hibernate: delete from shift_assignments where id=?
2025-10-26T12:22:32.618+09:00 DEBUG 19468 --- [Shift Scheduler Demo] [           main] org.hibernate.SQL                        : delete from shift_assignments where id=?
Hibernate: delete from shift_assignments where id=?
2025-10-26T12:22:32.618+09:00 DEBUG 19468 --- [Shift Scheduler Demo] [           main] org.hibernate.SQL                        : delete from shift_assignments where id=?
Hibernate: delete from shift_assignments where id=?
2025-10-26T12:22:32.618+09:00 DEBUG 19468 --- [Shift Scheduler Demo] [           main] org.hibernate.SQL                        : delete from shift_assignments where id=?
Hibernate: delete from shift_assignments where id=?
2025-10-26T12:22:32.618+09:00 DEBUG 19468 --- [Shift Scheduler Demo] [           main] org.hibernate.SQL                        : delete from shift_assignments where id=?
Hibernate: delete from shift_assignments where id=?
2025-10-26T12:22:32.618+09:00 DEBUG 19468 --- [Shift Scheduler Demo] [           main] org.hibernate.SQL                        : delete from shift_assignments where id=?
Hibernate: delete from shift_assignments where id=?
2025-10-26T12:22:32.618+09:00 DEBUG 19468 --- [Shift Scheduler Demo] [           main] org.hibernate.SQL                        : delete from shift_assignments where id=?
Hibernate: delete from shift_assignments where id=?
2025-10-26T12:22:32.618+09:00 DEBUG 19468 --- [Shift Scheduler Demo] [           main] org.hibernate.SQL                        : delete from shift_assignments where id=?
Hibernate: delete from shift_assignments where id=?
2025-10-26T12:22:32.618+09:00 DEBUG 19468 --- [Shift Scheduler Demo] [           main] org.hibernate.SQL                        : delete from shift_assignments where id=?
Hibernate: delete from shift_assignments where id=?
2025-10-26T12:22:32.618+09:00 DEBUG 19468 --- [Shift Scheduler Demo] [           main] org.hibernate.SQL                        : delete from shift_assignments where id=?
Hibernate: delete from shift_assignments where id=?
2025-10-26T12:22:32.618+09:00 DEBUG 19468 --- [Shift Scheduler Demo] [           main] org.hibernate.SQL                        : delete from shift_assignments where id=?
Hibernate: delete from shift_assignments where id=?
2025-10-26T12:22:32.618+09:00 DEBUG 19468 --- [Shift Scheduler Demo] [           main] org.hibernate.SQL                        : delete from shift_assignments where id=?
Hibernate: delete from shift_assignments where id=?
2025-10-26T12:22:32.620+09:00 DEBUG 19468 --- [Shift Scheduler Demo] [           main] org.hibernate.SQL                        : delete from shift_assignments where id=?
Hibernate: delete from shift_assignments where id=?
2025-10-26T12:22:32.620+09:00 DEBUG 19468 --- [Shift Scheduler Demo] [           main] org.hibernate.SQL                        : delete from shift_assignments where id=?
Hibernate: delete from shift_assignments where id=?
2025-10-26T12:22:32.620+09:00 DEBUG 19468 --- [Shift Scheduler Demo] [           main] org.hibernate.SQL                        : delete from shift_assignments where id=?
Hibernate: delete from shift_assignments where id=?
2025-10-26T12:22:32.620+09:00 DEBUG 19468 --- [Shift Scheduler Demo] [           main] org.hibernate.SQL                        : delete from shift_assignments where id=?
Hibernate: delete from shift_assignments where id=?
2025-10-26T12:22:32.620+09:00 DEBUG 19468 --- [Shift Scheduler Demo] [           main] org.hibernate.SQL                        : delete from shift_assignments where id=?
Hibernate: delete from shift_assignments where id=?
2025-10-26T12:22:32.620+09:00 DEBUG 19468 --- [Shift Scheduler Demo] [           main] org.hibernate.SQL                        : delete from shift_assignments where id=?
Hibernate: delete from shift_assignments where id=?
2025-10-26T12:22:32.620+09:00 DEBUG 19468 --- [Shift Scheduler Demo] [           main] org.hibernate.SQL                        : delete from shift_assignments where id=?
Hibernate: delete from shift_assignments where id=?
2025-10-26T12:22:32.620+09:00 DEBUG 19468 --- [Shift Scheduler Demo] [           main] org.hibernate.SQL                        : delete from shift_assignments where id=?
Hibernate: delete from shift_assignments where id=?
2025-10-26T12:22:32.620+09:00 DEBUG 19468 --- [Shift Scheduler Demo] [           main] org.hibernate.SQL                        : delete from shift_assignments where id=?
Hibernate: delete from shift_assignments where id=?
2025-10-26T12:22:32.620+09:00 DEBUG 19468 --- [Shift Scheduler Demo] [           main] org.hibernate.SQL                        : delete from shift_assignments where id=?
Hibernate: delete from shift_assignments where id=?
2025-10-26T12:22:32.620+09:00 DEBUG 19468 --- [Shift Scheduler Demo] [           main] org.hibernate.SQL                        : delete from shift_assignments where id=?
Hibernate: delete from shift_assignments where id=?
2025-10-26T12:22:32.620+09:00 DEBUG 19468 --- [Shift Scheduler Demo] [           main] org.hibernate.SQL                        : delete from shift_assignments where id=?
Hibernate: delete from shift_assignments where id=?
2025-10-26T12:22:32.620+09:00 DEBUG 19468 --- [Shift Scheduler Demo] [           main] org.hibernate.SQL                        : delete from shift_assignments where id=?
Hibernate: delete from shift_assignments where id=?
2025-10-26T12:22:32.620+09:00 DEBUG 19468 --- [Shift Scheduler Demo] [           main] org.hibernate.SQL                        : delete from shift_assignments where id=?
Hibernate: delete from shift_assignments where id=?
2025-10-26T12:22:32.620+09:00 DEBUG 19468 --- [Shift Scheduler Demo] [           main] org.hibernate.SQL                        : delete from shift_assignments where id=?
Hibernate: delete from shift_assignments where id=?
2025-10-26T12:22:32.620+09:00 DEBUG 19468 --- [Shift Scheduler Demo] [           main] org.hibernate.SQL                        : delete from shift_assignments where id=?
Hibernate: delete from shift_assignments where id=?
2025-10-26T12:22:32.620+09:00 DEBUG 19468 --- [Shift Scheduler Demo] [           main] org.hibernate.SQL                        : delete from shift_assignments where id=?
Hibernate: delete from shift_assignments where id=?
2025-10-26T12:22:32.620+09:00 DEBUG 19468 --- [Shift Scheduler Demo] [           main] org.hibernate.SQL                        : delete from shift_assignments where id=?
Hibernate: delete from shift_assignments where id=?
2025-10-26T12:22:32.620+09:00 DEBUG 19468 --- [Shift Scheduler Demo] [           main] org.hibernate.SQL                        : delete from shift_assignments where id=?
Hibernate: delete from shift_assignments where id=?
2025-10-26T12:22:32.620+09:00 DEBUG 19468 --- [Shift Scheduler Demo] [           main] org.hibernate.SQL                        : delete from shift_assignments where id=?
Hibernate: delete from shift_assignments where id=?
2025-10-26T12:22:32.620+09:00 DEBUG 19468 --- [Shift Scheduler Demo] [           main] org.hibernate.SQL                        : delete from shift_assignments where id=?
Hibernate: delete from shift_assignments where id=?
2025-10-26T12:22:32.620+09:00 DEBUG 19468 --- [Shift Scheduler Demo] [           main] org.hibernate.SQL                        : delete from shift_assignments where id=?
Hibernate: delete from shift_assignments where id=?
2025-10-26T12:22:32.620+09:00 DEBUG 19468 --- [Shift Scheduler Demo] [           main] org.hibernate.SQL                        : delete from shift_assignments where id=?
Hibernate: delete from shift_assignments where id=?
2025-10-26T12:22:32.620+09:00 DEBUG 19468 --- [Shift Scheduler Demo] [           main] org.hibernate.SQL                        : delete from shift_assignments where id=?
Hibernate: delete from shift_assignments where id=?
2025-10-26T12:22:32.622+09:00 DEBUG 19468 --- [Shift Scheduler Demo] [           main] org.hibernate.SQL                        : delete from shift_assignments where id=?
Hibernate: delete from shift_assignments where id=?
2025-10-26T12:22:32.622+09:00 DEBUG 19468 --- [Shift Scheduler Demo] [           main] org.hibernate.SQL                        : delete from shift_assignments where id=?
Hibernate: delete from shift_assignments where id=?
2025-10-26T12:22:32.622+09:00 DEBUG 19468 --- [Shift Scheduler Demo] [           main] org.hibernate.SQL                        : delete from shift_assignments where id=?
Hibernate: delete from shift_assignments where id=?
2025-10-26T12:22:32.622+09:00 DEBUG 19468 --- [Shift Scheduler Demo] [           main] org.hibernate.SQL                        : delete from shift_assignments where id=?
Hibernate: delete from shift_assignments where id=?
2025-10-26T12:22:32.622+09:00 DEBUG 19468 --- [Shift Scheduler Demo] [           main] org.hibernate.SQL                        : delete from shift_assignments where id=?
Hibernate: delete from shift_assignments where id=?
2025-10-26T12:22:32.622+09:00 DEBUG 19468 --- [Shift Scheduler Demo] [           main] org.hibernate.SQL                        : delete from shift_assignments where id=?
Hibernate: delete from shift_assignments where id=?
2025-10-26T12:22:32.622+09:00 DEBUG 19468 --- [Shift Scheduler Demo] [           main] org.hibernate.SQL                        : delete from shift_assignments where id=?
Hibernate: delete from shift_assignments where id=?
2025-10-26T12:22:32.622+09:00 DEBUG 19468 --- [Shift Scheduler Demo] [           main] org.hibernate.SQL                        : delete from shift_assignments where id=?
Hibernate: delete from shift_assignments where id=?
2025-10-26T12:22:32.622+09:00 DEBUG 19468 --- [Shift Scheduler Demo] [           main] org.hibernate.SQL                        : delete from shift_assignments where id=?
Hibernate: delete from shift_assignments where id=?
2025-10-26T12:22:32.623+09:00 DEBUG 19468 --- [Shift Scheduler Demo] [           main] org.hibernate.SQL                        : delete from shift_assignments where id=?
Hibernate: delete from shift_assignments where id=?
2025-10-26T12:22:32.623+09:00 DEBUG 19468 --- [Shift Scheduler Demo] [           main] org.hibernate.SQL                        : delete from shift_assignments where id=?
Hibernate: delete from shift_assignments where id=?
2025-10-26T12:22:32.623+09:00 DEBUG 19468 --- [Shift Scheduler Demo] [           main] org.hibernate.SQL                        : delete from shift_assignments where id=?
Hibernate: delete from shift_assignments where id=?
2025-10-26T12:22:32.623+09:00 DEBUG 19468 --- [Shift Scheduler Demo] [           main] org.hibernate.SQL                        : delete from shift_assignments where id=?
Hibernate: delete from shift_assignments where id=?
2025-10-26T12:22:32.623+09:00 DEBUG 19468 --- [Shift Scheduler Demo] [           main] org.hibernate.SQL                        : delete from shift_assignments where id=?
Hibernate: delete from shift_assignments where id=?
2025-10-26T12:22:32.623+09:00 DEBUG 19468 --- [Shift Scheduler Demo] [           main] org.hibernate.SQL                        : delete from shift_assignments where id=?
Hibernate: delete from shift_assignments where id=?
2025-10-26T12:22:32.623+09:00 DEBUG 19468 --- [Shift Scheduler Demo] [           main] org.hibernate.SQL                        : delete from shift_assignments where id=?
Hibernate: delete from shift_assignments where id=?
2025-10-26T12:22:32.623+09:00 DEBUG 19468 --- [Shift Scheduler Demo] [           main] org.hibernate.SQL                        : delete from shift_assignments where id=?
Hibernate: delete from shift_assignments where id=?
2025-10-26T12:22:32.623+09:00 DEBUG 19468 --- [Shift Scheduler Demo] [           main] org.hibernate.SQL                        : delete from shift_assignments where id=?
Hibernate: delete from shift_assignments where id=?
2025-10-26T12:22:32.623+09:00 DEBUG 19468 --- [Shift Scheduler Demo] [           main] org.hibernate.SQL                        : delete from shift_assignments where id=?
Hibernate: delete from shift_assignments where id=?
2025-10-26T12:22:32.623+09:00 DEBUG 19468 --- [Shift Scheduler Demo] [           main] org.hibernate.SQL                        : delete from shift_assignments where id=?
Hibernate: delete from shift_assignments where id=?
2025-10-26T12:22:32.623+09:00 DEBUG 19468 --- [Shift Scheduler Demo] [           main] org.hibernate.SQL                        : delete from shift_assignments where id=?
Hibernate: delete from shift_assignments where id=?
2025-10-26T12:22:32.623+09:00 DEBUG 19468 --- [Shift Scheduler Demo] [           main] org.hibernate.SQL                        : delete from shift_assignments where id=?
Hibernate: delete from shift_assignments where id=?
2025-10-26T12:22:32.623+09:00 DEBUG 19468 --- [Shift Scheduler Demo] [           main] org.hibernate.SQL                        : delete from shift_assignments where id=?
Hibernate: delete from shift_assignments where id=?
2025-10-26T12:22:32.623+09:00 DEBUG 19468 --- [Shift Scheduler Demo] [           main] org.hibernate.SQL                        : delete from shift_assignments where id=?
Hibernate: delete from shift_assignments where id=?
2025-10-26T12:22:32.623+09:00 DEBUG 19468 --- [Shift Scheduler Demo] [           main] org.hibernate.SQL                        : delete from shift_assignments where id=?
Hibernate: delete from shift_assignments where id=?
2025-10-26T12:22:32.623+09:00 DEBUG 19468 --- [Shift Scheduler Demo] [           main] org.hibernate.SQL                        : delete from shift_assignments where id=?
Hibernate: delete from shift_assignments where id=?
2025-10-26T12:22:32.623+09:00 DEBUG 19468 --- [Shift Scheduler Demo] [           main] org.hibernate.SQL                        : delete from shift_assignments where id=?
Hibernate: delete from shift_assignments where id=?
2025-10-26T12:22:32.623+09:00 DEBUG 19468 --- [Shift Scheduler Demo] [           main] org.hibernate.SQL                        : delete from shift_assignments where id=?
Hibernate: delete from shift_assignments where id=?
2025-10-26T12:22:32.623+09:00 DEBUG 19468 --- [Shift Scheduler Demo] [           main] org.hibernate.SQL                        : delete from shift_assignments where id=?
Hibernate: delete from shift_assignments where id=?
2025-10-26T12:22:32.623+09:00 DEBUG 19468 --- [Shift Scheduler Demo] [           main] org.hibernate.SQL                        : delete from shift_assignments where id=?
Hibernate: delete from shift_assignments where id=?
2025-10-26T12:22:32.623+09:00 DEBUG 19468 --- [Shift Scheduler Demo] [           main] org.hibernate.SQL                        : delete from shift_assignments where id=?
Hibernate: delete from shift_assignments where id=?
2025-10-26T12:22:32.623+09:00 DEBUG 19468 --- [Shift Scheduler Demo] [           main] org.hibernate.SQL                        : delete from shift_assignments where id=?
Hibernate: delete from shift_assignments where id=?
2025-10-26T12:22:32.623+09:00 DEBUG 19468 --- [Shift Scheduler Demo] [           main] org.hibernate.SQL                        : delete from shift_assignments where id=?
Hibernate: delete from shift_assignments where id=?
2025-10-26T12:22:32.623+09:00 DEBUG 19468 --- [Shift Scheduler Demo] [           main] org.hibernate.SQL                        : delete from shift_assignments where id=?
Hibernate: delete from shift_assignments where id=?
2025-10-26T12:22:32.623+09:00 DEBUG 19468 --- [Shift Scheduler Demo] [           main] org.hibernate.SQL                        : delete from shift_assignments where id=?
Hibernate: delete from shift_assignments where id=?
2025-10-26T12:22:32.623+09:00 DEBUG 19468 --- [Shift Scheduler Demo] [           main] org.hibernate.SQL                        : delete from shift_assignments where id=?
Hibernate: delete from shift_assignments where id=?
2025-10-26T12:22:32.623+09:00 DEBUG 19468 --- [Shift Scheduler Demo] [           main] org.hibernate.SQL                        : delete from shift_assignments where id=?
Hibernate: delete from shift_assignments where id=?
2025-10-26T12:22:32.623+09:00 DEBUG 19468 --- [Shift Scheduler Demo] [           main] org.hibernate.SQL                        : delete from shift_assignments where id=?
Hibernate: delete from shift_assignments where id=?
2025-10-26T12:22:32.623+09:00 DEBUG 19468 --- [Shift Scheduler Demo] [           main] org.hibernate.SQL                        : delete from shift_assignments where id=?
Hibernate: delete from shift_assignments where id=?
2025-10-26T12:22:32.623+09:00 DEBUG 19468 --- [Shift Scheduler Demo] [           main] org.hibernate.SQL                        : delete from shift_assignments where id=?
Hibernate: delete from shift_assignments where id=?
2025-10-26T12:22:32.623+09:00 DEBUG 19468 --- [Shift Scheduler Demo] [           main] org.hibernate.SQL                        : delete from shift_assignments where id=?
Hibernate: delete from shift_assignments where id=?
2025-10-26T12:22:32.623+09:00 DEBUG 19468 --- [Shift Scheduler Demo] [           main] org.hibernate.SQL                        : delete from shift_assignments where id=?
Hibernate: delete from shift_assignments where id=?
2025-10-26T12:22:32.623+09:00 DEBUG 19468 --- [Shift Scheduler Demo] [           main] org.hibernate.SQL                        : delete from shift_assignments where id=?
Hibernate: delete from shift_assignments where id=?
2025-10-26T12:22:32.623+09:00 DEBUG 19468 --- [Shift Scheduler Demo] [           main] org.hibernate.SQL                        : delete from shift_assignments where id=?
Hibernate: delete from shift_assignments where id=?
2025-10-26T12:22:32.623+09:00 DEBUG 19468 --- [Shift Scheduler Demo] [           main] org.hibernate.SQL                        : delete from shift_assignments where id=?
Hibernate: delete from shift_assignments where id=?
2025-10-26T12:22:32.623+09:00 DEBUG 19468 --- [Shift Scheduler Demo] [           main] org.hibernate.SQL                        : delete from shift_assignments where id=?
Hibernate: delete from shift_assignments where id=?
2025-10-26T12:22:32.623+09:00 DEBUG 19468 --- [Shift Scheduler Demo] [           main] org.hibernate.SQL                        : delete from shift_assignments where id=?
Hibernate: delete from shift_assignments where id=?
2025-10-26T12:22:32.623+09:00 DEBUG 19468 --- [Shift Scheduler Demo] [           main] org.hibernate.SQL                        : delete from shift_assignments where id=?
Hibernate: delete from shift_assignments where id=?
2025-10-26T12:22:32.623+09:00 DEBUG 19468 --- [Shift Scheduler Demo] [           main] org.hibernate.SQL                        : delete from shift_assignments where id=?
Hibernate: delete from shift_assignments where id=?
2025-10-26T12:22:32.625+09:00 DEBUG 19468 --- [Shift Scheduler Demo] [           main] org.hibernate.SQL                        : delete from shift_assignments where id=?
Hibernate: delete from shift_assignments where id=?
2025-10-26T12:22:32.625+09:00 DEBUG 19468 --- [Shift Scheduler Demo] [           main] org.hibernate.SQL                        : delete from shift_assignments where id=?
Hibernate: delete from shift_assignments where id=?
2025-10-26T12:22:32.625+09:00 DEBUG 19468 --- [Shift Scheduler Demo] [           main] org.hibernate.SQL                        : delete from shift_assignments where id=?
Hibernate: delete from shift_assignments where id=?
2025-10-26T12:22:32.625+09:00 DEBUG 19468 --- [Shift Scheduler Demo] [           main] org.hibernate.SQL                        : delete from shift_assignments where id=?
Hibernate: delete from shift_assignments where id=?
2025-10-26T12:22:32.625+09:00 DEBUG 19468 --- [Shift Scheduler Demo] [           main] org.hibernate.SQL                        : delete from shift_assignments where id=?
Hibernate: delete from shift_assignments where id=?
2025-10-26T12:22:32.625+09:00 DEBUG 19468 --- [Shift Scheduler Demo] [           main] org.hibernate.SQL                        : delete from shift_assignments where id=?
Hibernate: delete from shift_assignments where id=?
2025-10-26T12:22:32.625+09:00 DEBUG 19468 --- [Shift Scheduler Demo] [           main] org.hibernate.SQL                        : delete from shift_assignments where id=?
Hibernate: delete from shift_assignments where id=?
2025-10-26T12:22:32.625+09:00 DEBUG 19468 --- [Shift Scheduler Demo] [           main] org.hibernate.SQL                        : delete from shift_assignments where id=?
Hibernate: delete from shift_assignments where id=?
2025-10-26T12:22:32.625+09:00 DEBUG 19468 --- [Shift Scheduler Demo] [           main] org.hibernate.SQL                        : delete from shift_assignments where id=?
Hibernate: delete from shift_assignments where id=?
2025-10-26T12:22:32.625+09:00 DEBUG 19468 --- [Shift Scheduler Demo] [           main] org.hibernate.SQL                        : delete from shift_assignments where id=?
Hibernate: delete from shift_assignments where id=?
2025-10-26T12:22:32.625+09:00 DEBUG 19468 --- [Shift Scheduler Demo] [           main] org.hibernate.SQL                        : delete from shift_assignments where id=?
Hibernate: delete from shift_assignments where id=?
2025-10-26T12:22:32.625+09:00 DEBUG 19468 --- [Shift Scheduler Demo] [           main] org.hibernate.SQL                        : delete from shift_assignments where id=?
Hibernate: delete from shift_assignments where id=?
2025-10-26T12:22:32.625+09:00 DEBUG 19468 --- [Shift Scheduler Demo] [           main] org.hibernate.SQL                        : delete from shift_assignments where id=?
Hibernate: delete from shift_assignments where id=?
2025-10-26T12:22:32.625+09:00 DEBUG 19468 --- [Shift Scheduler Demo] [           main] org.hibernate.SQL                        : delete from shift_assignments where id=?
Hibernate: delete from shift_assignments where id=?
2025-10-26T12:22:32.625+09:00 DEBUG 19468 --- [Shift Scheduler Demo] [           main] org.hibernate.SQL                        : delete from shift_assignments where id=?
Hibernate: delete from shift_assignments where id=?
2025-10-26T12:22:32.625+09:00 DEBUG 19468 --- [Shift Scheduler Demo] [           main] org.hibernate.SQL                        : delete from shift_assignments where id=?
Hibernate: delete from shift_assignments where id=?
2025-10-26T12:22:32.625+09:00 DEBUG 19468 --- [Shift Scheduler Demo] [           main] org.hibernate.SQL                        : delete from shift_assignments where id=?
Hibernate: delete from shift_assignments where id=?
2025-10-26T12:22:32.625+09:00 DEBUG 19468 --- [Shift Scheduler Demo] [           main] org.hibernate.SQL                        : delete from shift_assignments where id=?
Hibernate: delete from shift_assignments where id=?
2025-10-26T12:22:32.625+09:00 DEBUG 19468 --- [Shift Scheduler Demo] [           main] org.hibernate.SQL                        : delete from shift_assignments where id=?
Hibernate: delete from shift_assignments where id=?
2025-10-26T12:22:32.625+09:00 DEBUG 19468 --- [Shift Scheduler Demo] [           main] org.hibernate.SQL                        : delete from shift_assignments where id=?
Hibernate: delete from shift_assignments where id=?
2025-10-26T12:22:32.625+09:00 DEBUG 19468 --- [Shift Scheduler Demo] [           main] org.hibernate.SQL                        : delete from shift_assignments where id=?
Hibernate: delete from shift_assignments where id=?
2025-10-26T12:22:32.625+09:00 DEBUG 19468 --- [Shift Scheduler Demo] [           main] org.hibernate.SQL                        : delete from shift_assignments where id=?
Hibernate: delete from shift_assignments where id=?
2025-10-26T12:22:32.625+09:00 DEBUG 19468 --- [Shift Scheduler Demo] [           main] org.hibernate.SQL                        : delete from shift_assignments where id=?
Hibernate: delete from shift_assignments where id=?
2025-10-26T12:22:32.625+09:00 DEBUG 19468 --- [Shift Scheduler Demo] [           main] org.hibernate.SQL                        : delete from shift_assignments where id=?
Hibernate: delete from shift_assignments where id=?
2025-10-26T12:22:32.626+09:00 DEBUG 19468 --- [Shift Scheduler Demo] [           main] org.hibernate.SQL                        : delete from shift_assignments where id=?
Hibernate: delete from shift_assignments where id=?
2025-10-26T12:22:32.626+09:00 DEBUG 19468 --- [Shift Scheduler Demo] [           main] org.hibernate.SQL                        : delete from shift_assignments where id=?
Hibernate: delete from shift_assignments where id=?
2025-10-26T12:22:32.626+09:00 DEBUG 19468 --- [Shift Scheduler Demo] [           main] org.hibernate.SQL                        : delete from shift_assignments where id=?
Hibernate: delete from shift_assignments where id=?
2025-10-26T12:22:32.626+09:00 DEBUG 19468 --- [Shift Scheduler Demo] [           main] org.hibernate.SQL                        : delete from shift_assignments where id=?
Hibernate: delete from shift_assignments where id=?
2025-10-26T12:22:32.626+09:00 DEBUG 19468 --- [Shift Scheduler Demo] [           main] org.hibernate.SQL                        : delete from shift_assignments where id=?
Hibernate: delete from shift_assignments where id=?
2025-10-26T12:22:32.626+09:00 DEBUG 19468 --- [Shift Scheduler Demo] [           main] org.hibernate.SQL                        : delete from shift_assignments where id=?
Hibernate: delete from shift_assignments where id=?
2025-10-26T12:22:32.626+09:00 DEBUG 19468 --- [Shift Scheduler Demo] [           main] org.hibernate.SQL                        : delete from shift_assignments where id=?
Hibernate: delete from shift_assignments where id=?
2025-10-26T12:22:32.626+09:00 DEBUG 19468 --- [Shift Scheduler Demo] [           main] org.hibernate.SQL                        : delete from shift_assignments where id=?
Hibernate: delete from shift_assignments where id=?
2025-10-26T12:22:32.626+09:00 DEBUG 19468 --- [Shift Scheduler Demo] [           main] org.hibernate.SQL                        : delete from shift_assignments where id=?
Hibernate: delete from shift_assignments where id=?
2025-10-26T12:22:32.626+09:00 DEBUG 19468 --- [Shift Scheduler Demo] [           main] org.hibernate.SQL                        : delete from shift_assignments where id=?
Hibernate: delete from shift_assignments where id=?
2025-10-26T12:22:32.626+09:00 DEBUG 19468 --- [Shift Scheduler Demo] [           main] org.hibernate.SQL                        : delete from shift_assignments where id=?
Hibernate: delete from shift_assignments where id=?
2025-10-26T12:22:32.626+09:00 DEBUG 19468 --- [Shift Scheduler Demo] [           main] org.hibernate.SQL                        : delete from shift_assignments where id=?
Hibernate: delete from shift_assignments where id=?
2025-10-26T12:22:32.626+09:00 DEBUG 19468 --- [Shift Scheduler Demo] [           main] org.hibernate.SQL                        : delete from shift_assignments where id=?
Hibernate: delete from shift_assignments where id=?
2025-10-26T12:22:32.626+09:00 DEBUG 19468 --- [Shift Scheduler Demo] [           main] org.hibernate.SQL                        : delete from shift_assignments where id=?
Hibernate: delete from shift_assignments where id=?
2025-10-26T12:22:32.626+09:00 DEBUG 19468 --- [Shift Scheduler Demo] [           main] org.hibernate.SQL                        : delete from shift_assignments where id=?
Hibernate: delete from shift_assignments where id=?
2025-10-26T12:22:32.626+09:00 DEBUG 19468 --- [Shift Scheduler Demo] [           main] org.hibernate.SQL                        : delete from shift_assignments where id=?
Hibernate: delete from shift_assignments where id=?
2025-10-26T12:22:32.626+09:00 DEBUG 19468 --- [Shift Scheduler Demo] [           main] org.hibernate.SQL                        : delete from shift_assignments where id=?
Hibernate: delete from shift_assignments where id=?
2025-10-26T12:22:32.626+09:00 DEBUG 19468 --- [Shift Scheduler Demo] [           main] org.hibernate.SQL                        : delete from shift_assignments where id=?
Hibernate: delete from shift_assignments where id=?
2025-10-26T12:22:32.626+09:00 DEBUG 19468 --- [Shift Scheduler Demo] [           main] org.hibernate.SQL                        : delete from shift_assignments where id=?
Hibernate: delete from shift_assignments where id=?
2025-10-26T12:22:32.626+09:00 DEBUG 19468 --- [Shift Scheduler Demo] [           main] org.hibernate.SQL                        : delete from shift_assignments where id=?
Hibernate: delete from shift_assignments where id=?
2025-10-26T12:22:32.626+09:00 DEBUG 19468 --- [Shift Scheduler Demo] [           main] org.hibernate.SQL                        : delete from shift_assignments where id=?
Hibernate: delete from shift_assignments where id=?
2025-10-26T12:22:32.626+09:00 DEBUG 19468 --- [Shift Scheduler Demo] [           main] org.hibernate.SQL                        : delete from shift_assignments where id=?
Hibernate: delete from shift_assignments where id=?
2025-10-26T12:22:32.626+09:00 DEBUG 19468 --- [Shift Scheduler Demo] [           main] org.hibernate.SQL                        : delete from shift_assignments where id=?
Hibernate: delete from shift_assignments where id=?
2025-10-26T12:22:32.626+09:00 DEBUG 19468 --- [Shift Scheduler Demo] [           main] org.hibernate.SQL                        : delete from shift_assignments where id=?
Hibernate: delete from shift_assignments where id=?
2025-10-26T12:22:32.626+09:00 DEBUG 19468 --- [Shift Scheduler Demo] [           main] org.hibernate.SQL                        : delete from shift_assignments where id=?
Hibernate: delete from shift_assignments where id=?
2025-10-26T12:22:32.626+09:00 DEBUG 19468 --- [Shift Scheduler Demo] [           main] org.hibernate.SQL                        : delete from shift_assignments where id=?
Hibernate: delete from shift_assignments where id=?
2025-10-26T12:22:32.627+09:00 DEBUG 19468 --- [Shift Scheduler Demo] [           main] org.hibernate.SQL                        : delete from shift_assignments where id=?
Hibernate: delete from shift_assignments where id=?
2025-10-26T12:22:32.627+09:00 DEBUG 19468 --- [Shift Scheduler Demo] [           main] org.hibernate.SQL                        : delete from shift_assignments where id=?
Hibernate: delete from shift_assignments where id=?
2025-10-26T12:22:32.627+09:00 DEBUG 19468 --- [Shift Scheduler Demo] [           main] org.hibernate.SQL                        : delete from shift_assignments where id=?
Hibernate: delete from shift_assignments where id=?
2025-10-26T12:22:32.627+09:00 DEBUG 19468 --- [Shift Scheduler Demo] [           main] org.hibernate.SQL                        : delete from shift_assignments where id=?
Hibernate: delete from shift_assignments where id=?
2025-10-26T12:22:32.627+09:00 DEBUG 19468 --- [Shift Scheduler Demo] [           main] org.hibernate.SQL                        : delete from shift_assignments where id=?
Hibernate: delete from shift_assignments where id=?
2025-10-26T12:22:32.627+09:00 DEBUG 19468 --- [Shift Scheduler Demo] [           main] org.hibernate.SQL                        : delete from shift_assignments where id=?
Hibernate: delete from shift_assignments where id=?
2025-10-26T12:22:32.627+09:00 DEBUG 19468 --- [Shift Scheduler Demo] [           main] org.hibernate.SQL                        : delete from shift_assignments where id=?
Hibernate: delete from shift_assignments where id=?
2025-10-26T12:22:32.627+09:00 DEBUG 19468 --- [Shift Scheduler Demo] [           main] org.hibernate.SQL                        : delete from shift_assignments where id=?
Hibernate: delete from shift_assignments where id=?
2025-10-26T12:22:32.627+09:00 DEBUG 19468 --- [Shift Scheduler Demo] [           main] org.hibernate.SQL                        : delete from shift_assignments where id=?
Hibernate: delete from shift_assignments where id=?
2025-10-26T12:22:32.627+09:00 DEBUG 19468 --- [Shift Scheduler Demo] [           main] org.hibernate.SQL                        : delete from shift_assignments where id=?
Hibernate: delete from shift_assignments where id=?
2025-10-26T12:22:32.627+09:00 DEBUG 19468 --- [Shift Scheduler Demo] [           main] org.hibernate.SQL                        : delete from shift_assignments where id=?
Hibernate: delete from shift_assignments where id=?
2025-10-26T12:22:32.627+09:00 DEBUG 19468 --- [Shift Scheduler Demo] [           main] org.hibernate.SQL                        : delete from shift_assignments where id=?
Hibernate: delete from shift_assignments where id=?
2025-10-26T12:22:32.627+09:00 DEBUG 19468 --- [Shift Scheduler Demo] [           main] org.hibernate.SQL                        : delete from shift_assignments where id=?
Hibernate: delete from shift_assignments where id=?
2025-10-26T12:22:32.627+09:00 DEBUG 19468 --- [Shift Scheduler Demo] [           main] org.hibernate.SQL                        : delete from shift_assignments where id=?
Hibernate: delete from shift_assignments where id=?
2025-10-26T12:22:32.627+09:00 DEBUG 19468 --- [Shift Scheduler Demo] [           main] org.hibernate.SQL                        : delete from shift_assignments where id=?
Hibernate: delete from shift_assignments where id=?
2025-10-26T12:22:32.627+09:00 DEBUG 19468 --- [Shift Scheduler Demo] [           main] org.hibernate.SQL                        : delete from shift_assignments where id=?
Hibernate: delete from shift_assignments where id=?
2025-10-26T12:22:32.627+09:00 DEBUG 19468 --- [Shift Scheduler Demo] [           main] org.hibernate.SQL                        : delete from shift_assignments where id=?
Hibernate: delete from shift_assignments where id=?
2025-10-26T12:22:32.627+09:00 DEBUG 19468 --- [Shift Scheduler Demo] [           main] org.hibernate.SQL                        : delete from shift_assignments where id=?
Hibernate: delete from shift_assignments where id=?
2025-10-26T12:22:32.627+09:00 DEBUG 19468 --- [Shift Scheduler Demo] [           main] org.hibernate.SQL                        : delete from shift_assignments where id=?
Hibernate: delete from shift_assignments where id=?
2025-10-26T12:22:32.627+09:00 DEBUG 19468 --- [Shift Scheduler Demo] [           main] org.hibernate.SQL                        : delete from shift_assignments where id=?
Hibernate: delete from shift_assignments where id=?
2025-10-26T12:22:32.627+09:00 DEBUG 19468 --- [Shift Scheduler Demo] [           main] org.hibernate.SQL                        : delete from shift_assignments where id=?
Hibernate: delete from shift_assignments where id=?
2025-10-26T12:22:32.628+09:00 DEBUG 19468 --- [Shift Scheduler Demo] [           main] org.hibernate.SQL                        : delete from shift_assignments where id=?
Hibernate: delete from shift_assignments where id=?
2025-10-26T12:22:32.628+09:00 DEBUG 19468 --- [Shift Scheduler Demo] [           main] org.hibernate.SQL                        : delete from shift_assignments where id=?
Hibernate: delete from shift_assignments where id=?
2025-10-26T12:22:32.628+09:00 DEBUG 19468 --- [Shift Scheduler Demo] [           main] org.hibernate.SQL                        : delete from shift_assignments where id=?
Hibernate: delete from shift_assignments where id=?
2025-10-26T12:22:32.628+09:00 DEBUG 19468 --- [Shift Scheduler Demo] [           main] org.hibernate.SQL                        : delete from shift_assignments where id=?
Hibernate: delete from shift_assignments where id=?
2025-10-26T12:22:32.628+09:00 DEBUG 19468 --- [Shift Scheduler Demo] [           main] org.hibernate.SQL                        : delete from shift_assignments where id=?
Hibernate: delete from shift_assignments where id=?
2025-10-26T12:22:32.628+09:00 DEBUG 19468 --- [Shift Scheduler Demo] [           main] org.hibernate.SQL                        : delete from shift_assignments where id=?
Hibernate: delete from shift_assignments where id=?
2025-10-26T12:22:32.628+09:00 DEBUG 19468 --- [Shift Scheduler Demo] [           main] org.hibernate.SQL                        : delete from shift_assignments where id=?
Hibernate: delete from shift_assignments where id=?
2025-10-26T12:22:32.628+09:00 DEBUG 19468 --- [Shift Scheduler Demo] [           main] org.hibernate.SQL                        : delete from shift_assignments where id=?
Hibernate: delete from shift_assignments where id=?
2025-10-26T12:22:32.628+09:00 DEBUG 19468 --- [Shift Scheduler Demo] [           main] org.hibernate.SQL                        : delete from shift_assignments where id=?
Hibernate: delete from shift_assignments where id=?
2025-10-26T12:22:32.628+09:00 DEBUG 19468 --- [Shift Scheduler Demo] [           main] org.hibernate.SQL                        : delete from shift_assignments where id=?
Hibernate: delete from shift_assignments where id=?
2025-10-26T12:22:32.628+09:00 DEBUG 19468 --- [Shift Scheduler Demo] [           main] org.hibernate.SQL                        : delete from shift_assignments where id=?
Hibernate: delete from shift_assignments where id=?
2025-10-26T12:22:32.628+09:00 DEBUG 19468 --- [Shift Scheduler Demo] [           main] org.hibernate.SQL                        : delete from shift_assignments where id=?
Hibernate: delete from shift_assignments where id=?
2025-10-26T12:22:32.628+09:00 DEBUG 19468 --- [Shift Scheduler Demo] [           main] org.hibernate.SQL                        : delete from shift_assignments where id=?
Hibernate: delete from shift_assignments where id=?
2025-10-26T12:22:32.628+09:00 DEBUG 19468 --- [Shift Scheduler Demo] [           main] org.hibernate.SQL                        : delete from shift_assignments where id=?
Hibernate: delete from shift_assignments where id=?
2025-10-26T12:22:32.628+09:00 DEBUG 19468 --- [Shift Scheduler Demo] [           main] org.hibernate.SQL                        : delete from shift_assignments where id=?
Hibernate: delete from shift_assignments where id=?
2025-10-26T12:22:32.628+09:00 DEBUG 19468 --- [Shift Scheduler Demo] [           main] org.hibernate.SQL                        : delete from shift_assignments where id=?
Hibernate: delete from shift_assignments where id=?
2025-10-26T12:22:32.628+09:00 DEBUG 19468 --- [Shift Scheduler Demo] [           main] org.hibernate.SQL                        : delete from shift_assignments where id=?
Hibernate: delete from shift_assignments where id=?
2025-10-26T12:22:32.628+09:00 DEBUG 19468 --- [Shift Scheduler Demo] [           main] org.hibernate.SQL                        : delete from shift_assignments where id=?
Hibernate: delete from shift_assignments where id=?
2025-10-26T12:22:32.628+09:00 DEBUG 19468 --- [Shift Scheduler Demo] [           main] org.hibernate.SQL                        : delete from shift_assignments where id=?
Hibernate: delete from shift_assignments where id=?
2025-10-26T12:22:32.628+09:00 DEBUG 19468 --- [Shift Scheduler Demo] [           main] org.hibernate.SQL                        : delete from shift_assignments where id=?
Hibernate: delete from shift_assignments where id=?
2025-10-26T12:22:32.628+09:00 DEBUG 19468 --- [Shift Scheduler Demo] [           main] org.hibernate.SQL                        : delete from shift_assignments where id=?
Hibernate: delete from shift_assignments where id=?
2025-10-26T12:22:32.628+09:00 DEBUG 19468 --- [Shift Scheduler Demo] [           main] org.hibernate.SQL                        : delete from shift_assignments where id=?
Hibernate: delete from shift_assignments where id=?
2025-10-26T12:22:32.628+09:00 DEBUG 19468 --- [Shift Scheduler Demo] [           main] org.hibernate.SQL                        : delete from shift_assignments where id=?
Hibernate: delete from shift_assignments where id=?
2025-10-26T12:22:32.628+09:00 DEBUG 19468 --- [Shift Scheduler Demo] [           main] org.hibernate.SQL                        : delete from shift_assignments where id=?
Hibernate: delete from shift_assignments where id=?
2025-10-26T12:22:32.628+09:00 DEBUG 19468 --- [Shift Scheduler Demo] [           main] org.hibernate.SQL                        : delete from shift_assignments where id=?
Hibernate: delete from shift_assignments where id=?
2025-10-26T12:22:32.628+09:00 DEBUG 19468 --- [Shift Scheduler Demo] [           main] org.hibernate.SQL                        : delete from shift_assignments where id=?
Hibernate: delete from shift_assignments where id=?
2025-10-26T12:22:32.628+09:00 DEBUG 19468 --- [Shift Scheduler Demo] [           main] org.hibernate.SQL                        : delete from shift_assignments where id=?
Hibernate: delete from shift_assignments where id=?
2025-10-26T12:22:32.628+09:00 DEBUG 19468 --- [Shift Scheduler Demo] [           main] org.hibernate.SQL                        : delete from shift_assignments where id=?
Hibernate: delete from shift_assignments where id=?
2025-10-26T12:22:32.628+09:00 DEBUG 19468 --- [Shift Scheduler Demo] [           main] org.hibernate.SQL                        : delete from shift_assignments where id=?
Hibernate: delete from shift_assignments where id=?
2025-10-26T12:22:32.628+09:00 DEBUG 19468 --- [Shift Scheduler Demo] [           main] org.hibernate.SQL                        : delete from shift_assignments where id=?
Hibernate: delete from shift_assignments where id=?
2025-10-26T12:22:32.629+09:00 DEBUG 19468 --- [Shift Scheduler Demo] [           main] org.hibernate.SQL                        : delete from shift_assignments where id=?
Hibernate: delete from shift_assignments where id=?
2025-10-26T12:22:32.629+09:00 DEBUG 19468 --- [Shift Scheduler Demo] [           main] org.hibernate.SQL                        : delete from shift_assignments where id=?
Hibernate: delete from shift_assignments where id=?
2025-10-26T12:22:32.629+09:00 DEBUG 19468 --- [Shift Scheduler Demo] [           main] org.hibernate.SQL                        : delete from shift_assignments where id=?
Hibernate: delete from shift_assignments where id=?
2025-10-26T12:22:32.629+09:00 DEBUG 19468 --- [Shift Scheduler Demo] [           main] org.hibernate.SQL                        : delete from shift_assignments where id=?
Hibernate: delete from shift_assignments where id=?
2025-10-26T12:22:32.629+09:00 DEBUG 19468 --- [Shift Scheduler Demo] [           main] org.hibernate.SQL                        : delete from shift_assignments where id=?
Hibernate: delete from shift_assignments where id=?
2025-10-26T12:22:32.629+09:00 DEBUG 19468 --- [Shift Scheduler Demo] [           main] org.hibernate.SQL                        : delete from shift_assignments where id=?
Hibernate: delete from shift_assignments where id=?
2025-10-26T12:22:32.629+09:00 DEBUG 19468 --- [Shift Scheduler Demo] [           main] org.hibernate.SQL                        : delete from shift_assignments where id=?
Hibernate: delete from shift_assignments where id=?
2025-10-26T12:22:32.629+09:00 DEBUG 19468 --- [Shift Scheduler Demo] [           main] org.hibernate.SQL                        : delete from shift_assignments where id=?
Hibernate: delete from shift_assignments where id=?
2025-10-26T12:22:32.629+09:00 DEBUG 19468 --- [Shift Scheduler Demo] [           main] org.hibernate.SQL                        : delete from shift_assignments where id=?
Hibernate: delete from shift_assignments where id=?
2025-10-26T12:22:32.629+09:00 DEBUG 19468 --- [Shift Scheduler Demo] [           main] org.hibernate.SQL                        : delete from shift_assignments where id=?
Hibernate: delete from shift_assignments where id=?
2025-10-26T12:22:32.629+09:00 DEBUG 19468 --- [Shift Scheduler Demo] [           main] org.hibernate.SQL                        : delete from shift_assignments where id=?
Hibernate: delete from shift_assignments where id=?
2025-10-26T12:22:32.629+09:00 DEBUG 19468 --- [Shift Scheduler Demo] [           main] org.hibernate.SQL                        : delete from shift_assignments where id=?
Hibernate: delete from shift_assignments where id=?
2025-10-26T12:22:32.629+09:00 DEBUG 19468 --- [Shift Scheduler Demo] [           main] org.hibernate.SQL                        : delete from shift_assignments where id=?
Hibernate: delete from shift_assignments where id=?
2025-10-26T12:22:32.629+09:00 DEBUG 19468 --- [Shift Scheduler Demo] [           main] org.hibernate.SQL                        : delete from shift_assignments where id=?
Hibernate: delete from shift_assignments where id=?
2025-10-26T12:22:32.629+09:00 DEBUG 19468 --- [Shift Scheduler Demo] [           main] org.hibernate.SQL                        : delete from shift_assignments where id=?
Hibernate: delete from shift_assignments where id=?
2025-10-26T12:22:32.629+09:00 DEBUG 19468 --- [Shift Scheduler Demo] [           main] org.hibernate.SQL                        : delete from shift_assignments where id=?
Hibernate: delete from shift_assignments where id=?
2025-10-26T12:22:32.629+09:00 DEBUG 19468 --- [Shift Scheduler Demo] [           main] org.hibernate.SQL                        : delete from shift_assignments where id=?
Hibernate: delete from shift_assignments where id=?
2025-10-26T12:22:32.629+09:00 DEBUG 19468 --- [Shift Scheduler Demo] [           main] org.hibernate.SQL                        : delete from shift_assignments where id=?
Hibernate: delete from shift_assignments where id=?
2025-10-26T12:22:32.629+09:00 DEBUG 19468 --- [Shift Scheduler Demo] [           main] org.hibernate.SQL                        : delete from shift_assignments where id=?
Hibernate: delete from shift_assignments where id=?
2025-10-26T12:22:32.629+09:00 DEBUG 19468 --- [Shift Scheduler Demo] [           main] org.hibernate.SQL                        : delete from shift_assignments where id=?
Hibernate: delete from shift_assignments where id=?
2025-10-26T12:22:32.629+09:00 DEBUG 19468 --- [Shift Scheduler Demo] [           main] org.hibernate.SQL                        : delete from shift_assignments where id=?
Hibernate: delete from shift_assignments where id=?
2025-10-26T12:22:32.629+09:00 DEBUG 19468 --- [Shift Scheduler Demo] [           main] org.hibernate.SQL                        : delete from shift_assignments where id=?
Hibernate: delete from shift_assignments where id=?
2025-10-26T12:22:32.629+09:00 DEBUG 19468 --- [Shift Scheduler Demo] [           main] org.hibernate.SQL                        : delete from shift_assignments where id=?
Hibernate: delete from shift_assignments where id=?
2025-10-26T12:22:32.629+09:00 DEBUG 19468 --- [Shift Scheduler Demo] [           main] org.hibernate.SQL                        : delete from shift_assignments where id=?
Hibernate: delete from shift_assignments where id=?
2025-10-26T12:22:32.629+09:00 DEBUG 19468 --- [Shift Scheduler Demo] [           main] org.hibernate.SQL                        : delete from shift_assignments where id=?
Hibernate: delete from shift_assignments where id=?
2025-10-26T12:22:32.629+09:00 DEBUG 19468 --- [Shift Scheduler Demo] [           main] org.hibernate.SQL                        : delete from shift_assignments where id=?
Hibernate: delete from shift_assignments where id=?
2025-10-26T12:22:32.629+09:00 DEBUG 19468 --- [Shift Scheduler Demo] [           main] org.hibernate.SQL                        : delete from shift_assignments where id=?
Hibernate: delete from shift_assignments where id=?
2025-10-26T12:22:32.629+09:00 DEBUG 19468 --- [Shift Scheduler Demo] [           main] org.hibernate.SQL                        : delete from shift_assignments where id=?
Hibernate: delete from shift_assignments where id=?
2025-10-26T12:22:32.629+09:00 DEBUG 19468 --- [Shift Scheduler Demo] [           main] org.hibernate.SQL                        : delete from shift_assignments where id=?
Hibernate: delete from shift_assignments where id=?
2025-10-26T12:22:32.629+09:00 DEBUG 19468 --- [Shift Scheduler Demo] [           main] org.hibernate.SQL                        : delete from shift_assignments where id=?
Hibernate: delete from shift_assignments where id=?
2025-10-26T12:22:32.629+09:00 DEBUG 19468 --- [Shift Scheduler Demo] [           main] org.hibernate.SQL                        : delete from shift_assignments where id=?
Hibernate: delete from shift_assignments where id=?
2025-10-26T12:22:32.629+09:00 DEBUG 19468 --- [Shift Scheduler Demo] [           main] org.hibernate.SQL                        : delete from shift_assignments where id=?
Hibernate: delete from shift_assignments where id=?
2025-10-26T12:22:32.629+09:00 DEBUG 19468 --- [Shift Scheduler Demo] [           main] org.hibernate.SQL                        : delete from shift_assignments where id=?
Hibernate: delete from shift_assignments where id=?
2025-10-26T12:22:32.629+09:00 DEBUG 19468 --- [Shift Scheduler Demo] [           main] org.hibernate.SQL                        : delete from shift_assignments where id=?
Hibernate: delete from shift_assignments where id=?
2025-10-26T12:22:32.630+09:00 DEBUG 19468 --- [Shift Scheduler Demo] [           main] org.hibernate.SQL                        : delete from shift_assignments where id=?
Hibernate: delete from shift_assignments where id=?
2025-10-26T12:22:32.630+09:00 DEBUG 19468 --- [Shift Scheduler Demo] [           main] org.hibernate.SQL                        : delete from shift_assignments where id=?
Hibernate: delete from shift_assignments where id=?
2025-10-26T12:22:32.630+09:00 DEBUG 19468 --- [Shift Scheduler Demo] [           main] org.hibernate.SQL                        : delete from shift_assignments where id=?
Hibernate: delete from shift_assignments where id=?
2025-10-26T12:22:32.630+09:00 DEBUG 19468 --- [Shift Scheduler Demo] [           main] org.hibernate.SQL                        : delete from shift_assignments where id=?
Hibernate: delete from shift_assignments where id=?
2025-10-26T12:22:32.630+09:00 DEBUG 19468 --- [Shift Scheduler Demo] [           main] org.hibernate.SQL                        : delete from shift_assignments where id=?
Hibernate: delete from shift_assignments where id=?
2025-10-26T12:22:32.630+09:00 DEBUG 19468 --- [Shift Scheduler Demo] [           main] org.hibernate.SQL                        : delete from shift_assignments where id=?
Hibernate: delete from shift_assignments where id=?
2025-10-26T12:22:32.630+09:00 DEBUG 19468 --- [Shift Scheduler Demo] [           main] org.hibernate.SQL                        : delete from shift_assignments where id=?
Hibernate: delete from shift_assignments where id=?
2025-10-26T12:22:32.630+09:00 DEBUG 19468 --- [Shift Scheduler Demo] [           main] org.hibernate.SQL                        : delete from shift_assignments where id=?
Hibernate: delete from shift_assignments where id=?
2025-10-26T12:22:32.630+09:00 DEBUG 19468 --- [Shift Scheduler Demo] [           main] org.hibernate.SQL                        : delete from shift_assignments where id=?
Hibernate: delete from shift_assignments where id=?
2025-10-26T12:22:32.630+09:00 DEBUG 19468 --- [Shift Scheduler Demo] [           main] org.hibernate.SQL                        : delete from shift_assignments where id=?
Hibernate: delete from shift_assignments where id=?
2025-10-26T12:22:32.630+09:00 DEBUG 19468 --- [Shift Scheduler Demo] [           main] org.hibernate.SQL                        : delete from shift_assignments where id=?
Hibernate: delete from shift_assignments where id=?
2025-10-26T12:22:32.630+09:00 DEBUG 19468 --- [Shift Scheduler Demo] [           main] org.hibernate.SQL                        : delete from shift_assignments where id=?
Hibernate: delete from shift_assignments where id=?
2025-10-26T12:22:32.630+09:00 DEBUG 19468 --- [Shift Scheduler Demo] [           main] org.hibernate.SQL                        : delete from shift_assignments where id=?
Hibernate: delete from shift_assignments where id=?
2025-10-26T12:22:32.630+09:00 DEBUG 19468 --- [Shift Scheduler Demo] [           main] org.hibernate.SQL                        : delete from shift_assignments where id=?
Hibernate: delete from shift_assignments where id=?
2025-10-26T12:22:32.630+09:00 DEBUG 19468 --- [Shift Scheduler Demo] [           main] org.hibernate.SQL                        : delete from shift_assignments where id=?
Hibernate: delete from shift_assignments where id=?
2025-10-26T12:22:32.630+09:00 DEBUG 19468 --- [Shift Scheduler Demo] [           main] org.hibernate.SQL                        : delete from shift_assignments where id=?
Hibernate: delete from shift_assignments where id=?
2025-10-26T12:22:32.630+09:00 DEBUG 19468 --- [Shift Scheduler Demo] [           main] org.hibernate.SQL                        : delete from shift_assignments where id=?
Hibernate: delete from shift_assignments where id=?
2025-10-26T12:22:32.630+09:00 DEBUG 19468 --- [Shift Scheduler Demo] [           main] org.hibernate.SQL                        : delete from shift_assignments where id=?
Hibernate: delete from shift_assignments where id=?
2025-10-26T12:22:32.630+09:00 DEBUG 19468 --- [Shift Scheduler Demo] [           main] org.hibernate.SQL                        : delete from shift_assignments where id=?
Hibernate: delete from shift_assignments where id=?
2025-10-26T12:22:32.630+09:00 DEBUG 19468 --- [Shift Scheduler Demo] [           main] org.hibernate.SQL                        : delete from shift_assignments where id=?
Hibernate: delete from shift_assignments where id=?
2025-10-26T12:22:32.630+09:00 DEBUG 19468 --- [Shift Scheduler Demo] [           main] org.hibernate.SQL                        : delete from shift_assignments where id=?
Hibernate: delete from shift_assignments where id=?
2025-10-26T12:22:32.630+09:00 DEBUG 19468 --- [Shift Scheduler Demo] [           main] org.hibernate.SQL                        : delete from shift_assignments where id=?
Hibernate: delete from shift_assignments where id=?
2025-10-26T12:22:32.630+09:00 DEBUG 19468 --- [Shift Scheduler Demo] [           main] org.hibernate.SQL                        : delete from shift_assignments where id=?
Hibernate: delete from shift_assignments where id=?
2025-10-26T12:22:32.630+09:00 DEBUG 19468 --- [Shift Scheduler Demo] [           main] org.hibernate.SQL                        : delete from shift_assignments where id=?
Hibernate: delete from shift_assignments where id=?
2025-10-26T12:22:32.630+09:00 DEBUG 19468 --- [Shift Scheduler Demo] [           main] org.hibernate.SQL                        : delete from shift_assignments where id=?
Hibernate: delete from shift_assignments where id=?
2025-10-26T12:22:32.630+09:00 DEBUG 19468 --- [Shift Scheduler Demo] [           main] org.hibernate.SQL                        : delete from shift_assignments where id=?
Hibernate: delete from shift_assignments where id=?
2025-10-26T12:22:32.630+09:00 DEBUG 19468 --- [Shift Scheduler Demo] [           main] org.hibernate.SQL                        : delete from shift_assignments where id=?
Hibernate: delete from shift_assignments where id=?
2025-10-26T12:22:32.630+09:00 DEBUG 19468 --- [Shift Scheduler Demo] [           main] org.hibernate.SQL                        : delete from shift_assignments where id=?
Hibernate: delete from shift_assignments where id=?
2025-10-26T12:22:32.630+09:00 DEBUG 19468 --- [Shift Scheduler Demo] [           main] org.hibernate.SQL                        : delete from shift_assignments where id=?
Hibernate: delete from shift_assignments where id=?
2025-10-26T12:22:32.630+09:00 DEBUG 19468 --- [Shift Scheduler Demo] [           main] org.hibernate.SQL                        : delete from shift_assignments where id=?
Hibernate: delete from shift_assignments where id=?
2025-10-26T12:22:32.630+09:00 DEBUG 19468 --- [Shift Scheduler Demo] [           main] org.hibernate.SQL                        : delete from shift_assignments where id=?
Hibernate: delete from shift_assignments where id=?
2025-10-26T12:22:32.630+09:00 DEBUG 19468 --- [Shift Scheduler Demo] [           main] org.hibernate.SQL                        : delete from shift_assignments where id=?
Hibernate: delete from shift_assignments where id=?
2025-10-26T12:22:32.630+09:00 DEBUG 19468 --- [Shift Scheduler Demo] [           main] org.hibernate.SQL                        : delete from shift_assignments where id=?
Hibernate: delete from shift_assignments where id=?
2025-10-26T12:22:32.630+09:00 DEBUG 19468 --- [Shift Scheduler Demo] [           main] org.hibernate.SQL                        : delete from shift_assignments where id=?
Hibernate: delete from shift_assignments where id=?
2025-10-26T12:22:32.630+09:00 DEBUG 19468 --- [Shift Scheduler Demo] [           main] org.hibernate.SQL                        : delete from shift_assignments where id=?
Hibernate: delete from shift_assignments where id=?
2025-10-26T12:22:32.630+09:00 DEBUG 19468 --- [Shift Scheduler Demo] [           main] org.hibernate.SQL                        : delete from shift_assignments where id=?
Hibernate: delete from shift_assignments where id=?
2025-10-26T12:22:32.630+09:00 DEBUG 19468 --- [Shift Scheduler Demo] [           main] org.hibernate.SQL                        : delete from shift_assignments where id=?
Hibernate: delete from shift_assignments where id=?
2025-10-26T12:22:32.630+09:00 DEBUG 19468 --- [Shift Scheduler Demo] [           main] org.hibernate.SQL                        : delete from shift_assignments where id=?
Hibernate: delete from shift_assignments where id=?
2025-10-26T12:22:32.630+09:00 DEBUG 19468 --- [Shift Scheduler Demo] [           main] org.hibernate.SQL                        : delete from shift_assignments where id=?
Hibernate: delete from shift_assignments where id=?
2025-10-26T12:22:32.630+09:00 DEBUG 19468 --- [Shift Scheduler Demo] [           main] org.hibernate.SQL                        : delete from shift_assignments where id=?
Hibernate: delete from shift_assignments where id=?
2025-10-26T12:22:32.630+09:00 DEBUG 19468 --- [Shift Scheduler Demo] [           main] org.hibernate.SQL                        : delete from shift_assignments where id=?
Hibernate: delete from shift_assignments where id=?
2025-10-26T12:22:32.630+09:00 DEBUG 19468 --- [Shift Scheduler Demo] [           main] org.hibernate.SQL                        : delete from shift_assignments where id=?
Hibernate: delete from shift_assignments where id=?
2025-10-26T12:22:32.630+09:00 DEBUG 19468 --- [Shift Scheduler Demo] [           main] org.hibernate.SQL                        : delete from shift_assignments where id=?
Hibernate: delete from shift_assignments where id=?
2025-10-26T12:22:32.630+09:00 DEBUG 19468 --- [Shift Scheduler Demo] [           main] org.hibernate.SQL                        : delete from shift_assignments where id=?
Hibernate: delete from shift_assignments where id=?
2025-10-26T12:22:32.630+09:00 DEBUG 19468 --- [Shift Scheduler Demo] [           main] org.hibernate.SQL                        : delete from shift_assignments where id=?
Hibernate: delete from shift_assignments where id=?
2025-10-26T12:22:32.630+09:00 DEBUG 19468 --- [Shift Scheduler Demo] [           main] org.hibernate.SQL                        : delete from shift_assignments where id=?
Hibernate: delete from shift_assignments where id=?
2025-10-26T12:22:32.631+09:00 DEBUG 19468 --- [Shift Scheduler Demo] [           main] org.hibernate.SQL                        : delete from shift_assignments where id=?
Hibernate: delete from shift_assignments where id=?
2025-10-26T12:22:32.631+09:00 DEBUG 19468 --- [Shift Scheduler Demo] [           main] org.hibernate.SQL                        : delete from shift_assignments where id=?
Hibernate: delete from shift_assignments where id=?
2025-10-26T12:22:32.631+09:00 DEBUG 19468 --- [Shift Scheduler Demo] [           main] org.hibernate.SQL                        : delete from shift_assignments where id=?
Hibernate: delete from shift_assignments where id=?
2025-10-26T12:22:32.631+09:00 DEBUG 19468 --- [Shift Scheduler Demo] [           main] org.hibernate.SQL                        : delete from shift_assignments where id=?
Hibernate: delete from shift_assignments where id=?
2025-10-26T12:22:32.631+09:00 DEBUG 19468 --- [Shift Scheduler Demo] [           main] org.hibernate.SQL                        : delete from shift_assignments where id=?
Hibernate: delete from shift_assignments where id=?
2025-10-26T12:22:32.631+09:00 DEBUG 19468 --- [Shift Scheduler Demo] [           main] org.hibernate.SQL                        : delete from shift_assignments where id=?
Hibernate: delete from shift_assignments where id=?
2025-10-26T12:22:32.631+09:00 DEBUG 19468 --- [Shift Scheduler Demo] [           main] org.hibernate.SQL                        : delete from shift_assignments where id=?
Hibernate: delete from shift_assignments where id=?
2025-10-26T12:22:32.631+09:00 DEBUG 19468 --- [Shift Scheduler Demo] [           main] org.hibernate.SQL                        : delete from shift_assignments where id=?
Hibernate: delete from shift_assignments where id=?
2025-10-26T12:22:32.631+09:00 DEBUG 19468 --- [Shift Scheduler Demo] [           main] org.hibernate.SQL                        : delete from shift_assignments where id=?
Hibernate: delete from shift_assignments where id=?
2025-10-26T12:22:32.631+09:00 DEBUG 19468 --- [Shift Scheduler Demo] [           main] org.hibernate.SQL                        : delete from shift_assignments where id=?
Hibernate: delete from shift_assignments where id=?
2025-10-26T12:22:32.631+09:00 DEBUG 19468 --- [Shift Scheduler Demo] [           main] org.hibernate.SQL                        : delete from shift_assignments where id=?
Hibernate: delete from shift_assignments where id=?
2025-10-26T12:22:32.631+09:00 DEBUG 19468 --- [Shift Scheduler Demo] [           main] org.hibernate.SQL                        : delete from shift_assignments where id=?
Hibernate: delete from shift_assignments where id=?
2025-10-26T12:22:32.631+09:00 DEBUG 19468 --- [Shift Scheduler Demo] [           main] org.hibernate.SQL                        : delete from shift_assignments where id=?
Hibernate: delete from shift_assignments where id=?
2025-10-26T12:22:32.631+09:00 DEBUG 19468 --- [Shift Scheduler Demo] [           main] org.hibernate.SQL                        : delete from shift_assignments where id=?
Hibernate: delete from shift_assignments where id=?
2025-10-26T12:22:32.631+09:00 DEBUG 19468 --- [Shift Scheduler Demo] [           main] org.hibernate.SQL                        : delete from shift_assignments where id=?
Hibernate: delete from shift_assignments where id=?
2025-10-26T12:22:32.631+09:00 DEBUG 19468 --- [Shift Scheduler Demo] [           main] org.hibernate.SQL                        : delete from shift_assignments where id=?
Hibernate: delete from shift_assignments where id=?
2025-10-26T12:22:32.631+09:00 DEBUG 19468 --- [Shift Scheduler Demo] [           main] org.hibernate.SQL                        : delete from shift_assignments where id=?
Hibernate: delete from shift_assignments where id=?
2025-10-26T12:22:32.631+09:00 DEBUG 19468 --- [Shift Scheduler Demo] [           main] org.hibernate.SQL                        : delete from shift_assignments where id=?
Hibernate: delete from shift_assignments where id=?
2025-10-26T12:22:32.631+09:00 DEBUG 19468 --- [Shift Scheduler Demo] [           main] org.hibernate.SQL                        : delete from shift_assignments where id=?
Hibernate: delete from shift_assignments where id=?
2025-10-26T12:22:32.631+09:00 DEBUG 19468 --- [Shift Scheduler Demo] [           main] org.hibernate.SQL                        : delete from shift_assignments where id=?
Hibernate: delete from shift_assignments where id=?
2025-10-26T12:22:32.631+09:00 DEBUG 19468 --- [Shift Scheduler Demo] [           main] org.hibernate.SQL                        : delete from shift_assignments where id=?
Hibernate: delete from shift_assignments where id=?
2025-10-26T12:22:32.631+09:00 DEBUG 19468 --- [Shift Scheduler Demo] [           main] org.hibernate.SQL                        : delete from shift_assignments where id=?
Hibernate: delete from shift_assignments where id=?
2025-10-26T12:22:32.632+09:00 DEBUG 19468 --- [Shift Scheduler Demo] [           main] org.hibernate.SQL                        : delete from shift_assignments where id=?
Hibernate: delete from shift_assignments where id=?
2025-10-26T12:22:32.632+09:00 DEBUG 19468 --- [Shift Scheduler Demo] [           main] org.hibernate.SQL                        : delete from shift_assignments where id=?
Hibernate: delete from shift_assignments where id=?
2025-10-26T12:22:32.632+09:00 DEBUG 19468 --- [Shift Scheduler Demo] [           main] org.hibernate.SQL                        : delete from shift_assignments where id=?
Hibernate: delete from shift_assignments where id=?
2025-10-26T12:22:32.632+09:00 DEBUG 19468 --- [Shift Scheduler Demo] [           main] org.hibernate.SQL                        : delete from shift_assignments where id=?
Hibernate: delete from shift_assignments where id=?
2025-10-26T12:22:32.632+09:00 DEBUG 19468 --- [Shift Scheduler Demo] [           main] org.hibernate.SQL                        : delete from shift_assignments where id=?
Hibernate: delete from shift_assignments where id=?
2025-10-26T12:22:32.632+09:00 DEBUG 19468 --- [Shift Scheduler Demo] [           main] org.hibernate.SQL                        : delete from shift_assignments where id=?
Hibernate: delete from shift_assignments where id=?
2025-10-26T12:22:32.632+09:00 DEBUG 19468 --- [Shift Scheduler Demo] [           main] org.hibernate.SQL                        : delete from shift_assignments where id=?
Hibernate: delete from shift_assignments where id=?
2025-10-26T12:22:32.632+09:00 DEBUG 19468 --- [Shift Scheduler Demo] [           main] org.hibernate.SQL                        : delete from shift_assignments where id=?
Hibernate: delete from shift_assignments where id=?
2025-10-26T12:22:32.632+09:00 DEBUG 19468 --- [Shift Scheduler Demo] [           main] org.hibernate.SQL                        : delete from shift_assignments where id=?
Hibernate: delete from shift_assignments where id=?
2025-10-26T12:22:32.632+09:00 DEBUG 19468 --- [Shift Scheduler Demo] [           main] org.hibernate.SQL                        : delete from shift_assignments where id=?
Hibernate: delete from shift_assignments where id=?
2025-10-26T12:22:32.632+09:00 DEBUG 19468 --- [Shift Scheduler Demo] [           main] org.hibernate.SQL                        : delete from shift_assignments where id=?
Hibernate: delete from shift_assignments where id=?
2025-10-26T12:22:32.632+09:00 DEBUG 19468 --- [Shift Scheduler Demo] [           main] org.hibernate.SQL                        : delete from shift_assignments where id=?
Hibernate: delete from shift_assignments where id=?
2025-10-26T12:22:32.632+09:00 DEBUG 19468 --- [Shift Scheduler Demo] [           main] org.hibernate.SQL                        : delete from shift_assignments where id=?
Hibernate: delete from shift_assignments where id=?
2025-10-26T12:22:32.632+09:00 DEBUG 19468 --- [Shift Scheduler Demo] [           main] org.hibernate.SQL                        : delete from shift_assignments where id=?
Hibernate: delete from shift_assignments where id=?
2025-10-26T12:22:32.632+09:00 DEBUG 19468 --- [Shift Scheduler Demo] [           main] org.hibernate.SQL                        : delete from shift_assignments where id=?
Hibernate: delete from shift_assignments where id=?
2025-10-26T12:22:32.632+09:00 DEBUG 19468 --- [Shift Scheduler Demo] [           main] org.hibernate.SQL                        : delete from shift_assignments where id=?
Hibernate: delete from shift_assignments where id=?
2025-10-26T12:22:32.632+09:00 DEBUG 19468 --- [Shift Scheduler Demo] [           main] org.hibernate.SQL                        : delete from shift_assignments where id=?
Hibernate: delete from shift_assignments where id=?
2025-10-26T12:22:32.632+09:00 DEBUG 19468 --- [Shift Scheduler Demo] [           main] org.hibernate.SQL                        : delete from shift_assignments where id=?
Hibernate: delete from shift_assignments where id=?
2025-10-26T12:22:32.632+09:00 DEBUG 19468 --- [Shift Scheduler Demo] [           main] org.hibernate.SQL                        : delete from shift_assignments where id=?
Hibernate: delete from shift_assignments where id=?
2025-10-26T12:22:32.632+09:00 DEBUG 19468 --- [Shift Scheduler Demo] [           main] org.hibernate.SQL                        : delete from shift_assignments where id=?
Hibernate: delete from shift_assignments where id=?
2025-10-26T12:22:32.632+09:00 DEBUG 19468 --- [Shift Scheduler Demo] [           main] org.hibernate.SQL                        : delete from shift_assignments where id=?
Hibernate: delete from shift_assignments where id=?
2025-10-26T12:22:32.632+09:00 DEBUG 19468 --- [Shift Scheduler Demo] [           main] org.hibernate.SQL                        : delete from shift_assignments where id=?
Hibernate: delete from shift_assignments where id=?
2025-10-26T12:22:32.632+09:00 DEBUG 19468 --- [Shift Scheduler Demo] [           main] org.hibernate.SQL                        : delete from shift_assignments where id=?
Hibernate: delete from shift_assignments where id=?
2025-10-26T12:22:32.632+09:00 DEBUG 19468 --- [Shift Scheduler Demo] [           main] org.hibernate.SQL                        : delete from shift_assignments where id=?
Hibernate: delete from shift_assignments where id=?
2025-10-26T12:22:32.632+09:00 DEBUG 19468 --- [Shift Scheduler Demo] [           main] org.hibernate.SQL                        : delete from shift_assignments where id=?
Hibernate: delete from shift_assignments where id=?
2025-10-26T12:22:32.632+09:00 DEBUG 19468 --- [Shift Scheduler Demo] [           main] org.hibernate.SQL                        : delete from shift_assignments where id=?
Hibernate: delete from shift_assignments where id=?
2025-10-26T12:22:32.632+09:00 DEBUG 19468 --- [Shift Scheduler Demo] [           main] org.hibernate.SQL                        : delete from shift_assignments where id=?
Hibernate: delete from shift_assignments where id=?
2025-10-26T12:22:32.632+09:00 DEBUG 19468 --- [Shift Scheduler Demo] [           main] org.hibernate.SQL                        : delete from shift_assignments where id=?
Hibernate: delete from shift_assignments where id=?
2025-10-26T12:22:32.632+09:00 DEBUG 19468 --- [Shift Scheduler Demo] [           main] org.hibernate.SQL                        : delete from shift_assignments where id=?
Hibernate: delete from shift_assignments where id=?
2025-10-26T12:22:32.632+09:00 DEBUG 19468 --- [Shift Scheduler Demo] [           main] org.hibernate.SQL                        : delete from shift_assignments where id=?
Hibernate: delete from shift_assignments where id=?
2025-10-26T12:22:32.632+09:00 DEBUG 19468 --- [Shift Scheduler Demo] [           main] org.hibernate.SQL                        : delete from shift_assignments where id=?
Hibernate: delete from shift_assignments where id=?
2025-10-26T12:22:32.632+09:00 DEBUG 19468 --- [Shift Scheduler Demo] [           main] org.hibernate.SQL                        : delete from shift_assignments where id=?
Hibernate: delete from shift_assignments where id=?
2025-10-26T12:22:32.632+09:00 DEBUG 19468 --- [Shift Scheduler Demo] [           main] org.hibernate.SQL                        : delete from shift_assignments where id=?
Hibernate: delete from shift_assignments where id=?
2025-10-26T12:22:32.632+09:00 DEBUG 19468 --- [Shift Scheduler Demo] [           main] org.hibernate.SQL                        : delete from shift_assignments where id=?
Hibernate: delete from shift_assignments where id=?
2025-10-26T12:22:32.632+09:00 DEBUG 19468 --- [Shift Scheduler Demo] [           main] org.hibernate.SQL                        : delete from shift_assignments where id=?
Hibernate: delete from shift_assignments where id=?
2025-10-26T12:22:32.632+09:00 DEBUG 19468 --- [Shift Scheduler Demo] [           main] org.hibernate.SQL                        : delete from shift_assignments where id=?
Hibernate: delete from shift_assignments where id=?
2025-10-26T12:22:32.632+09:00 DEBUG 19468 --- [Shift Scheduler Demo] [           main] org.hibernate.SQL                        : delete from shift_assignments where id=?
Hibernate: delete from shift_assignments where id=?
2025-10-26T12:22:32.632+09:00 DEBUG 19468 --- [Shift Scheduler Demo] [           main] org.hibernate.SQL                        : delete from shift_assignments where id=?
Hibernate: delete from shift_assignments where id=?
2025-10-26T12:22:32.632+09:00 DEBUG 19468 --- [Shift Scheduler Demo] [           main] org.hibernate.SQL                        : delete from shift_assignments where id=?
Hibernate: delete from shift_assignments where id=?
2025-10-26T12:22:32.632+09:00 DEBUG 19468 --- [Shift Scheduler Demo] [           main] org.hibernate.SQL                        : delete from shift_assignments where id=?
Hibernate: delete from shift_assignments where id=?
2025-10-26T12:22:32.632+09:00 DEBUG 19468 --- [Shift Scheduler Demo] [           main] org.hibernate.SQL                        : delete from shift_assignments where id=?
Hibernate: delete from shift_assignments where id=?
2025-10-26T12:22:32.632+09:00 DEBUG 19468 --- [Shift Scheduler Demo] [           main] org.hibernate.SQL                        : delete from shift_assignments where id=?
Hibernate: delete from shift_assignments where id=?
2025-10-26T12:22:32.632+09:00 DEBUG 19468 --- [Shift Scheduler Demo] [           main] org.hibernate.SQL                        : delete from shift_assignments where id=?
Hibernate: delete from shift_assignments where id=?
2025-10-26T12:22:32.632+09:00 DEBUG 19468 --- [Shift Scheduler Demo] [           main] org.hibernate.SQL                        : delete from shift_assignments where id=?
Hibernate: delete from shift_assignments where id=?
2025-10-26T12:22:32.632+09:00 DEBUG 19468 --- [Shift Scheduler Demo] [           main] org.hibernate.SQL                        : delete from shift_assignments where id=?
Hibernate: delete from shift_assignments where id=?
2025-10-26T12:22:32.633+09:00 DEBUG 19468 --- [Shift Scheduler Demo] [           main] org.hibernate.SQL                        : delete from shift_assignments where id=?
Hibernate: delete from shift_assignments where id=?
2025-10-26T12:22:32.633+09:00 DEBUG 19468 --- [Shift Scheduler Demo] [           main] org.hibernate.SQL                        : delete from shift_assignments where id=?
Hibernate: delete from shift_assignments where id=?
2025-10-26T12:22:32.633+09:00 DEBUG 19468 --- [Shift Scheduler Demo] [           main] org.hibernate.SQL                        : delete from shift_assignments where id=?
Hibernate: delete from shift_assignments where id=?
2025-10-26T12:22:32.633+09:00 DEBUG 19468 --- [Shift Scheduler Demo] [           main] org.hibernate.SQL                        : delete from shift_assignments where id=?
Hibernate: delete from shift_assignments where id=?
2025-10-26T12:22:32.633+09:00 DEBUG 19468 --- [Shift Scheduler Demo] [           main] org.hibernate.SQL                        : delete from shift_assignments where id=?
Hibernate: delete from shift_assignments where id=?
2025-10-26T12:22:32.633+09:00 DEBUG 19468 --- [Shift Scheduler Demo] [           main] org.hibernate.SQL                        : delete from shift_assignments where id=?
Hibernate: delete from shift_assignments where id=?
2025-10-26T12:22:32.633+09:00 DEBUG 19468 --- [Shift Scheduler Demo] [           main] org.hibernate.SQL                        : delete from shift_assignments where id=?
Hibernate: delete from shift_assignments where id=?
2025-10-26T12:22:32.633+09:00 DEBUG 19468 --- [Shift Scheduler Demo] [           main] org.hibernate.SQL                        : delete from shift_assignments where id=?
Hibernate: delete from shift_assignments where id=?
2025-10-26T12:22:32.633+09:00 DEBUG 19468 --- [Shift Scheduler Demo] [           main] org.hibernate.SQL                        : delete from shift_assignments where id=?
Hibernate: delete from shift_assignments where id=?
2025-10-26T12:22:32.633+09:00 DEBUG 19468 --- [Shift Scheduler Demo] [           main] org.hibernate.SQL                        : delete from shift_assignments where id=?
Hibernate: delete from shift_assignments where id=?
2025-10-26T12:22:32.633+09:00 DEBUG 19468 --- [Shift Scheduler Demo] [           main] org.hibernate.SQL                        : delete from shift_assignments where id=?
Hibernate: delete from shift_assignments where id=?
2025-10-26T12:22:32.633+09:00 DEBUG 19468 --- [Shift Scheduler Demo] [           main] org.hibernate.SQL                        : delete from shift_assignments where id=?
Hibernate: delete from shift_assignments where id=?
2025-10-26T12:22:32.633+09:00 DEBUG 19468 --- [Shift Scheduler Demo] [           main] org.hibernate.SQL                        : delete from shift_assignments where id=?
Hibernate: delete from shift_assignments where id=?
2025-10-26T12:22:32.633+09:00 DEBUG 19468 --- [Shift Scheduler Demo] [           main] org.hibernate.SQL                        : delete from shift_assignments where id=?
Hibernate: delete from shift_assignments where id=?
2025-10-26T12:22:32.633+09:00 DEBUG 19468 --- [Shift Scheduler Demo] [           main] org.hibernate.SQL                        : delete from shift_assignments where id=?
Hibernate: delete from shift_assignments where id=?
2025-10-26T12:22:32.633+09:00 DEBUG 19468 --- [Shift Scheduler Demo] [           main] org.hibernate.SQL                        : delete from shift_assignments where id=?
Hibernate: delete from shift_assignments where id=?
2025-10-26T12:22:32.633+09:00 DEBUG 19468 --- [Shift Scheduler Demo] [           main] org.hibernate.SQL                        : delete from shift_assignments where id=?
Hibernate: delete from shift_assignments where id=?
2025-10-26T12:22:32.633+09:00 DEBUG 19468 --- [Shift Scheduler Demo] [           main] org.hibernate.SQL                        : delete from shift_assignments where id=?
Hibernate: delete from shift_assignments where id=?
2025-10-26T12:22:32.633+09:00 DEBUG 19468 --- [Shift Scheduler Demo] [           main] org.hibernate.SQL                        : delete from shift_assignments where id=?
Hibernate: delete from shift_assignments where id=?
2025-10-26T12:22:32.633+09:00 DEBUG 19468 --- [Shift Scheduler Demo] [           main] org.hibernate.SQL                        : delete from shift_assignments where id=?
Hibernate: delete from shift_assignments where id=?
2025-10-26T12:22:32.633+09:00 DEBUG 19468 --- [Shift Scheduler Demo] [           main] org.hibernate.SQL                        : delete from shift_assignments where id=?
Hibernate: delete from shift_assignments where id=?
2025-10-26T12:22:32.633+09:00 DEBUG 19468 --- [Shift Scheduler Demo] [           main] org.hibernate.SQL                        : delete from shift_assignments where id=?
Hibernate: delete from shift_assignments where id=?
2025-10-26T12:22:32.633+09:00 DEBUG 19468 --- [Shift Scheduler Demo] [           main] org.hibernate.SQL                        : delete from shift_assignments where id=?
Hibernate: delete from shift_assignments where id=?
2025-10-26T12:22:32.633+09:00 DEBUG 19468 --- [Shift Scheduler Demo] [           main] org.hibernate.SQL                        : delete from shift_assignments where id=?
Hibernate: delete from shift_assignments where id=?
2025-10-26T12:22:32.633+09:00 DEBUG 19468 --- [Shift Scheduler Demo] [           main] org.hibernate.SQL                        : delete from shift_assignments where id=?
Hibernate: delete from shift_assignments where id=?
2025-10-26T12:22:32.633+09:00 DEBUG 19468 --- [Shift Scheduler Demo] [           main] org.hibernate.SQL                        : delete from shift_assignments where id=?
Hibernate: delete from shift_assignments where id=?
2025-10-26T12:22:32.633+09:00 DEBUG 19468 --- [Shift Scheduler Demo] [           main] org.hibernate.SQL                        : delete from shift_assignments where id=?
Hibernate: delete from shift_assignments where id=?
2025-10-26T12:22:32.633+09:00 DEBUG 19468 --- [Shift Scheduler Demo] [           main] org.hibernate.SQL                        : delete from shift_assignments where id=?
Hibernate: delete from shift_assignments where id=?
2025-10-26T12:22:32.633+09:00 DEBUG 19468 --- [Shift Scheduler Demo] [           main] org.hibernate.SQL                        : delete from shift_assignments where id=?
Hibernate: delete from shift_assignments where id=?
2025-10-26T12:22:32.633+09:00 DEBUG 19468 --- [Shift Scheduler Demo] [           main] org.hibernate.SQL                        : delete from shift_assignments where id=?
Hibernate: delete from shift_assignments where id=?
2025-10-26T12:22:32.633+09:00 DEBUG 19468 --- [Shift Scheduler Demo] [           main] org.hibernate.SQL                        : delete from shift_assignments where id=?
Hibernate: delete from shift_assignments where id=?
2025-10-26T12:22:32.633+09:00 DEBUG 19468 --- [Shift Scheduler Demo] [           main] org.hibernate.SQL                        : delete from shift_assignments where id=?
Hibernate: delete from shift_assignments where id=?
2025-10-26T12:22:32.633+09:00 DEBUG 19468 --- [Shift Scheduler Demo] [           main] org.hibernate.SQL                        : delete from shift_assignments where id=?
Hibernate: delete from shift_assignments where id=?
2025-10-26T12:22:32.633+09:00 DEBUG 19468 --- [Shift Scheduler Demo] [           main] org.hibernate.SQL                        : delete from shift_assignments where id=?
Hibernate: delete from shift_assignments where id=?
2025-10-26T12:22:32.633+09:00 DEBUG 19468 --- [Shift Scheduler Demo] [           main] org.hibernate.SQL                        : delete from shift_assignments where id=?
Hibernate: delete from shift_assignments where id=?
2025-10-26T12:22:32.633+09:00 DEBUG 19468 --- [Shift Scheduler Demo] [           main] org.hibernate.SQL                        : delete from shift_assignments where id=?
Hibernate: delete from shift_assignments where id=?
2025-10-26T12:22:32.633+09:00 DEBUG 19468 --- [Shift Scheduler Demo] [           main] org.hibernate.SQL                        : delete from shift_assignments where id=?
Hibernate: delete from shift_assignments where id=?
2025-10-26T12:22:32.633+09:00 DEBUG 19468 --- [Shift Scheduler Demo] [           main] org.hibernate.SQL                        : delete from shift_assignments where id=?
Hibernate: delete from shift_assignments where id=?
2025-10-26T12:22:32.633+09:00 DEBUG 19468 --- [Shift Scheduler Demo] [           main] org.hibernate.SQL                        : delete from shift_assignments where id=?
Hibernate: delete from shift_assignments where id=?
2025-10-26T12:22:32.633+09:00 DEBUG 19468 --- [Shift Scheduler Demo] [           main] org.hibernate.SQL                        : delete from shift_assignments where id=?
Hibernate: delete from shift_assignments where id=?
2025-10-26T12:22:32.633+09:00 DEBUG 19468 --- [Shift Scheduler Demo] [           main] org.hibernate.SQL                        : delete from shift_assignments where id=?
Hibernate: delete from shift_assignments where id=?
2025-10-26T12:22:32.633+09:00 DEBUG 19468 --- [Shift Scheduler Demo] [           main] org.hibernate.SQL                        : delete from shift_assignments where id=?
Hibernate: delete from shift_assignments where id=?
2025-10-26T12:22:32.633+09:00 DEBUG 19468 --- [Shift Scheduler Demo] [           main] org.hibernate.SQL                        : delete from shift_assignments where id=?
Hibernate: delete from shift_assignments where id=?
2025-10-26T12:22:32.633+09:00 DEBUG 19468 --- [Shift Scheduler Demo] [           main] org.hibernate.SQL                        : delete from shift_assignments where id=?
Hibernate: delete from shift_assignments where id=?
2025-10-26T12:22:32.633+09:00 DEBUG 19468 --- [Shift Scheduler Demo] [           main] org.hibernate.SQL                        : delete from shift_assignments where id=?
Hibernate: delete from shift_assignments where id=?
2025-10-26T12:22:32.633+09:00 DEBUG 19468 --- [Shift Scheduler Demo] [           main] org.hibernate.SQL                        : delete from shift_assignments where id=?
Hibernate: delete from shift_assignments where id=?
2025-10-26T12:22:32.633+09:00 DEBUG 19468 --- [Shift Scheduler Demo] [           main] org.hibernate.SQL                        : delete from shift_assignments where id=?
Hibernate: delete from shift_assignments where id=?
2025-10-26T12:22:32.633+09:00 DEBUG 19468 --- [Shift Scheduler Demo] [           main] org.hibernate.SQL                        : delete from shift_assignments where id=?
Hibernate: delete from shift_assignments where id=?
2025-10-26T12:22:32.633+09:00 DEBUG 19468 --- [Shift Scheduler Demo] [           main] org.hibernate.SQL                        : delete from shift_assignments where id=?
Hibernate: delete from shift_assignments where id=?
2025-10-26T12:22:32.633+09:00 DEBUG 19468 --- [Shift Scheduler Demo] [           main] org.hibernate.SQL                        : delete from shift_assignments where id=?
Hibernate: delete from shift_assignments where id=?
2025-10-26T12:22:32.633+09:00 DEBUG 19468 --- [Shift Scheduler Demo] [           main] org.hibernate.SQL                        : delete from shift_assignments where id=?
Hibernate: delete from shift_assignments where id=?
2025-10-26T12:22:32.633+09:00 DEBUG 19468 --- [Shift Scheduler Demo] [           main] org.hibernate.SQL                        : delete from shift_assignments where id=?
Hibernate: delete from shift_assignments where id=?
2025-10-26T12:22:32.633+09:00 DEBUG 19468 --- [Shift Scheduler Demo] [           main] org.hibernate.SQL                        : delete from shift_assignments where id=?
Hibernate: delete from shift_assignments where id=?
2025-10-26T12:22:32.633+09:00 DEBUG 19468 --- [Shift Scheduler Demo] [           main] org.hibernate.SQL                        : delete from shift_assignments where id=?
Hibernate: delete from shift_assignments where id=?
2025-10-26T12:22:32.633+09:00 DEBUG 19468 --- [Shift Scheduler Demo] [           main] org.hibernate.SQL                        : delete from shift_assignments where id=?
Hibernate: delete from shift_assignments where id=?
2025-10-26T12:22:32.633+09:00 DEBUG 19468 --- [Shift Scheduler Demo] [           main] org.hibernate.SQL                        : delete from shift_assignments where id=?
Hibernate: delete from shift_assignments where id=?
2025-10-26T12:22:32.633+09:00 DEBUG 19468 --- [Shift Scheduler Demo] [           main] org.hibernate.SQL                        : delete from shift_assignments where id=?
Hibernate: delete from shift_assignments where id=?
2025-10-26T12:22:32.633+09:00 DEBUG 19468 --- [Shift Scheduler Demo] [           main] org.hibernate.SQL                        : delete from shift_assignments where id=?
Hibernate: delete from shift_assignments where id=?
2025-10-26T12:22:32.633+09:00 DEBUG 19468 --- [Shift Scheduler Demo] [           main] org.hibernate.SQL                        : delete from shift_assignments where id=?
Hibernate: delete from shift_assignments where id=?
2025-10-26T12:22:32.633+09:00 DEBUG 19468 --- [Shift Scheduler Demo] [           main] org.hibernate.SQL                        : delete from shift_assignments where id=?
Hibernate: delete from shift_assignments where id=?
2025-10-26T12:22:32.633+09:00 DEBUG 19468 --- [Shift Scheduler Demo] [           main] org.hibernate.SQL                        : delete from shift_assignments where id=?
Hibernate: delete from shift_assignments where id=?
2025-10-26T12:22:32.633+09:00 DEBUG 19468 --- [Shift Scheduler Demo] [           main] org.hibernate.SQL                        : delete from shift_assignments where id=?
Hibernate: delete from shift_assignments where id=?
2025-10-26T12:22:32.633+09:00 DEBUG 19468 --- [Shift Scheduler Demo] [           main] org.hibernate.SQL                        : delete from shift_assignments where id=?
Hibernate: delete from shift_assignments where id=?
2025-10-26T12:22:32.633+09:00 DEBUG 19468 --- [Shift Scheduler Demo] [           main] org.hibernate.SQL                        : delete from shift_assignments where id=?
Hibernate: delete from shift_assignments where id=?
2025-10-26T12:22:32.636+09:00 DEBUG 19468 --- [Shift Scheduler Demo] [           main] org.hibernate.SQL                        : delete from shift_assignments where id=?
Hibernate: delete from shift_assignments where id=?
2025-10-26T12:22:32.636+09:00 DEBUG 19468 --- [Shift Scheduler Demo] [           main] org.hibernate.SQL                        : delete from shift_assignments where id=?
Hibernate: delete from shift_assignments where id=?
2025-10-26T12:22:32.636+09:00 DEBUG 19468 --- [Shift Scheduler Demo] [           main] org.hibernate.SQL                        : delete from shift_assignments where id=?
Hibernate: delete from shift_assignments where id=?
2025-10-26T12:22:32.636+09:00 DEBUG 19468 --- [Shift Scheduler Demo] [           main] org.hibernate.SQL                        : delete from shift_assignments where id=?
Hibernate: delete from shift_assignments where id=?
2025-10-26T12:22:32.636+09:00 DEBUG 19468 --- [Shift Scheduler Demo] [           main] org.hibernate.SQL                        : delete from shift_assignments where id=?
Hibernate: delete from shift_assignments where id=?
2025-10-26T12:22:32.636+09:00 DEBUG 19468 --- [Shift Scheduler Demo] [           main] org.hibernate.SQL                        : delete from shift_assignments where id=?
Hibernate: delete from shift_assignments where id=?
2025-10-26T12:22:32.636+09:00 DEBUG 19468 --- [Shift Scheduler Demo] [           main] org.hibernate.SQL                        : delete from shift_assignments where id=?
Hibernate: delete from shift_assignments where id=?
2025-10-26T12:22:32.636+09:00 DEBUG 19468 --- [Shift Scheduler Demo] [           main] org.hibernate.SQL                        : delete from shift_assignments where id=?
Hibernate: delete from shift_assignments where id=?
2025-10-26T12:22:32.636+09:00 DEBUG 19468 --- [Shift Scheduler Demo] [           main] org.hibernate.SQL                        : delete from shift_assignments where id=?
Hibernate: delete from shift_assignments where id=?
2025-10-26T12:22:32.636+09:00 DEBUG 19468 --- [Shift Scheduler Demo] [           main] org.hibernate.SQL                        : delete from shift_assignments where id=?
Hibernate: delete from shift_assignments where id=?
2025-10-26T12:22:32.636+09:00 DEBUG 19468 --- [Shift Scheduler Demo] [           main] org.hibernate.SQL                        : delete from shift_assignments where id=?
Hibernate: delete from shift_assignments where id=?
2025-10-26T12:22:32.636+09:00 DEBUG 19468 --- [Shift Scheduler Demo] [           main] org.hibernate.SQL                        : delete from shift_assignments where id=?
Hibernate: delete from shift_assignments where id=?
2025-10-26T12:22:32.636+09:00 DEBUG 19468 --- [Shift Scheduler Demo] [           main] org.hibernate.SQL                        : delete from shift_assignments where id=?
Hibernate: delete from shift_assignments where id=?
2025-10-26T12:22:32.636+09:00 DEBUG 19468 --- [Shift Scheduler Demo] [           main] org.hibernate.SQL                        : delete from shift_assignments where id=?
Hibernate: delete from shift_assignments where id=?
2025-10-26T12:22:32.636+09:00 DEBUG 19468 --- [Shift Scheduler Demo] [           main] org.hibernate.SQL                        : delete from shift_assignments where id=?
Hibernate: delete from shift_assignments where id=?
2025-10-26T12:22:32.636+09:00 DEBUG 19468 --- [Shift Scheduler Demo] [           main] org.hibernate.SQL                        : delete from shift_assignments where id=?
Hibernate: delete from shift_assignments where id=?
2025-10-26T12:22:32.636+09:00 DEBUG 19468 --- [Shift Scheduler Demo] [           main] org.hibernate.SQL                        : delete from shift_assignments where id=?
Hibernate: delete from shift_assignments where id=?
2025-10-26T12:22:32.636+09:00 DEBUG 19468 --- [Shift Scheduler Demo] [           main] org.hibernate.SQL                        : delete from shift_assignments where id=?
Hibernate: delete from shift_assignments where id=?
2025-10-26T12:22:32.636+09:00 DEBUG 19468 --- [Shift Scheduler Demo] [           main] org.hibernate.SQL                        : delete from shift_assignments where id=?
Hibernate: delete from shift_assignments where id=?
2025-10-26T12:22:32.636+09:00 DEBUG 19468 --- [Shift Scheduler Demo] [           main] org.hibernate.SQL                        : delete from shift_assignments where id=?
Hibernate: delete from shift_assignments where id=?
2025-10-26T12:22:32.636+09:00 DEBUG 19468 --- [Shift Scheduler Demo] [           main] org.hibernate.SQL                        : delete from shift_assignments where id=?
Hibernate: delete from shift_assignments where id=?
2025-10-26T12:22:32.638+09:00 DEBUG 19468 --- [Shift Scheduler Demo] [           main] org.hibernate.SQL                        : delete from shift_assignments where id=?
Hibernate: delete from shift_assignments where id=?
2025-10-26T12:22:32.641+09:00 DEBUG 19468 --- [Shift Scheduler Demo] [           main] org.hibernate.SQL                        : delete from shift_assignments where id=?
Hibernate: delete from shift_assignments where id=?
2025-10-26T12:22:32.641+09:00 DEBUG 19468 --- [Shift Scheduler Demo] [           main] org.hibernate.SQL                        : delete from shift_assignments where id=?
Hibernate: delete from shift_assignments where id=?
2025-10-26T12:22:32.641+09:00 DEBUG 19468 --- [Shift Scheduler Demo] [           main] org.hibernate.SQL                        : delete from shift_assignments where id=?
Hibernate: delete from shift_assignments where id=?
2025-10-26T12:22:32.641+09:00 DEBUG 19468 --- [Shift Scheduler Demo] [           main] org.hibernate.SQL                        : delete from shift_assignments where id=?
Hibernate: delete from shift_assignments where id=?
2025-10-26T12:22:32.641+09:00 DEBUG 19468 --- [Shift Scheduler Demo] [           main] org.hibernate.SQL                        : delete from shift_assignments where id=?
Hibernate: delete from shift_assignments where id=?
2025-10-26T12:22:32.641+09:00 DEBUG 19468 --- [Shift Scheduler Demo] [           main] org.hibernate.SQL                        : delete from shift_assignments where id=?
Hibernate: delete from shift_assignments where id=?
2025-10-26T12:22:32.641+09:00 DEBUG 19468 --- [Shift Scheduler Demo] [           main] org.hibernate.SQL                        : delete from shift_assignments where id=?
Hibernate: delete from shift_assignments where id=?
2025-10-26T12:22:32.641+09:00 DEBUG 19468 --- [Shift Scheduler Demo] [           main] org.hibernate.SQL                        : delete from shift_assignments where id=?
Hibernate: delete from shift_assignments where id=?
2025-10-26T12:22:32.641+09:00 DEBUG 19468 --- [Shift Scheduler Demo] [           main] org.hibernate.SQL                        : delete from shift_assignments where id=?
Hibernate: delete from shift_assignments where id=?
2025-10-26T12:22:32.641+09:00 DEBUG 19468 --- [Shift Scheduler Demo] [           main] org.hibernate.SQL                        : delete from shift_assignments where id=?
Hibernate: delete from shift_assignments where id=?
2025-10-26T12:22:32.641+09:00 DEBUG 19468 --- [Shift Scheduler Demo] [           main] org.hibernate.SQL                        : delete from shift_assignments where id=?
Hibernate: delete from shift_assignments where id=?
2025-10-26T12:22:32.641+09:00 DEBUG 19468 --- [Shift Scheduler Demo] [           main] org.hibernate.SQL                        : delete from shift_assignments where id=?
Hibernate: delete from shift_assignments where id=?
2025-10-26T12:22:32.641+09:00 DEBUG 19468 --- [Shift Scheduler Demo] [           main] org.hibernate.SQL                        : delete from shift_assignments where id=?
Hibernate: delete from shift_assignments where id=?
2025-10-26T12:22:32.641+09:00 DEBUG 19468 --- [Shift Scheduler Demo] [           main] org.hibernate.SQL                        : delete from shift_assignments where id=?
Hibernate: delete from shift_assignments where id=?
2025-10-26T12:22:32.641+09:00 DEBUG 19468 --- [Shift Scheduler Demo] [           main] org.hibernate.SQL                        : delete from shift_assignments where id=?
Hibernate: delete from shift_assignments where id=?
2025-10-26T12:22:32.641+09:00 DEBUG 19468 --- [Shift Scheduler Demo] [           main] org.hibernate.SQL                        : delete from shift_assignments where id=?
Hibernate: delete from shift_assignments where id=?
2025-10-26T12:22:32.641+09:00 DEBUG 19468 --- [Shift Scheduler Demo] [           main] org.hibernate.SQL                        : delete from shift_assignments where id=?
Hibernate: delete from shift_assignments where id=?
2025-10-26T12:22:32.642+09:00 DEBUG 19468 --- [Shift Scheduler Demo] [           main] org.hibernate.SQL                        : delete from shift_assignments where id=?
Hibernate: delete from shift_assignments where id=?
2025-10-26T12:22:32.642+09:00 DEBUG 19468 --- [Shift Scheduler Demo] [           main] org.hibernate.SQL                        : delete from shift_assignments where id=?
Hibernate: delete from shift_assignments where id=?
2025-10-26T12:22:32.642+09:00 DEBUG 19468 --- [Shift Scheduler Demo] [           main] org.hibernate.SQL                        : delete from shift_assignments where id=?
Hibernate: delete from shift_assignments where id=?
2025-10-26T12:22:32.642+09:00 DEBUG 19468 --- [Shift Scheduler Demo] [           main] org.hibernate.SQL                        : delete from shift_assignments where id=?
Hibernate: delete from shift_assignments where id=?
2025-10-26T12:22:32.642+09:00 DEBUG 19468 --- [Shift Scheduler Demo] [           main] org.hibernate.SQL                        : delete from shift_assignments where id=?
Hibernate: delete from shift_assignments where id=?
2025-10-26T12:22:32.642+09:00 DEBUG 19468 --- [Shift Scheduler Demo] [           main] org.hibernate.SQL                        : delete from shift_assignments where id=?
Hibernate: delete from shift_assignments where id=?
2025-10-26T12:22:32.642+09:00 DEBUG 19468 --- [Shift Scheduler Demo] [           main] org.hibernate.SQL                        : delete from shift_assignments where id=?
Hibernate: delete from shift_assignments where id=?
2025-10-26T12:22:32.642+09:00 DEBUG 19468 --- [Shift Scheduler Demo] [           main] org.hibernate.SQL                        : delete from shift_assignments where id=?
Hibernate: delete from shift_assignments where id=?
2025-10-26T12:22:32.642+09:00 DEBUG 19468 --- [Shift Scheduler Demo] [           main] org.hibernate.SQL                        : delete from shift_assignments where id=?
Hibernate: delete from shift_assignments where id=?
2025-10-26T12:22:32.642+09:00 DEBUG 19468 --- [Shift Scheduler Demo] [           main] org.hibernate.SQL                        : delete from shift_assignments where id=?
Hibernate: delete from shift_assignments where id=?
2025-10-26T12:22:32.642+09:00 DEBUG 19468 --- [Shift Scheduler Demo] [           main] org.hibernate.SQL                        : delete from shift_assignments where id=?
Hibernate: delete from shift_assignments where id=?
2025-10-26T12:22:32.642+09:00 DEBUG 19468 --- [Shift Scheduler Demo] [           main] org.hibernate.SQL                        : delete from shift_assignments where id=?
Hibernate: delete from shift_assignments where id=?
2025-10-26T12:22:32.642+09:00 DEBUG 19468 --- [Shift Scheduler Demo] [           main] org.hibernate.SQL                        : delete from shift_assignments where id=?
Hibernate: delete from shift_assignments where id=?
2025-10-26T12:22:32.642+09:00 DEBUG 19468 --- [Shift Scheduler Demo] [           main] org.hibernate.SQL                        : delete from shift_assignments where id=?
Hibernate: delete from shift_assignments where id=?
2025-10-26T12:22:32.642+09:00 DEBUG 19468 --- [Shift Scheduler Demo] [           main] org.hibernate.SQL                        : delete from shift_assignments where id=?
Hibernate: delete from shift_assignments where id=?
2025-10-26T12:22:32.642+09:00 DEBUG 19468 --- [Shift Scheduler Demo] [           main] org.hibernate.SQL                        : delete from shift_assignments where id=?
Hibernate: delete from shift_assignments where id=?
2025-10-26T12:22:32.642+09:00 DEBUG 19468 --- [Shift Scheduler Demo] [           main] org.hibernate.SQL                        : delete from shift_assignments where id=?
Hibernate: delete from shift_assignments where id=?
2025-10-26T12:22:32.643+09:00 DEBUG 19468 --- [Shift Scheduler Demo] [           main] org.hibernate.SQL                        : delete from shift_assignments where id=?
Hibernate: delete from shift_assignments where id=?
2025-10-26T12:22:32.643+09:00 DEBUG 19468 --- [Shift Scheduler Demo] [           main] org.hibernate.SQL                        : delete from shift_assignments where id=?
Hibernate: delete from shift_assignments where id=?
2025-10-26T12:22:32.643+09:00 DEBUG 19468 --- [Shift Scheduler Demo] [           main] org.hibernate.SQL                        : delete from shift_assignments where id=?
Hibernate: delete from shift_assignments where id=?
2025-10-26T12:22:32.643+09:00 DEBUG 19468 --- [Shift Scheduler Demo] [           main] org.hibernate.SQL                        : delete from shift_assignments where id=?
Hibernate: delete from shift_assignments where id=?
2025-10-26T12:22:32.643+09:00 DEBUG 19468 --- [Shift Scheduler Demo] [           main] org.hibernate.SQL                        : delete from shift_assignments where id=?
Hibernate: delete from shift_assignments where id=?
2025-10-26T12:22:32.643+09:00 DEBUG 19468 --- [Shift Scheduler Demo] [           main] org.hibernate.SQL                        : delete from shift_assignments where id=?
Hibernate: delete from shift_assignments where id=?
2025-10-26T12:22:32.643+09:00 DEBUG 19468 --- [Shift Scheduler Demo] [           main] org.hibernate.SQL                        : delete from shift_assignments where id=?
Hibernate: delete from shift_assignments where id=?
2025-10-26T12:22:32.643+09:00 DEBUG 19468 --- [Shift Scheduler Demo] [           main] org.hibernate.SQL                        : delete from shift_assignments where id=?
Hibernate: delete from shift_assignments where id=?
2025-10-26T12:22:32.643+09:00 DEBUG 19468 --- [Shift Scheduler Demo] [           main] org.hibernate.SQL                        : delete from shift_assignments where id=?
Hibernate: delete from shift_assignments where id=?
2025-10-26T12:22:32.643+09:00 DEBUG 19468 --- [Shift Scheduler Demo] [           main] org.hibernate.SQL                        : delete from shift_assignments where id=?
Hibernate: delete from shift_assignments where id=?
2025-10-26T12:22:32.643+09:00 DEBUG 19468 --- [Shift Scheduler Demo] [           main] org.hibernate.SQL                        : delete from shift_assignments where id=?
Hibernate: delete from shift_assignments where id=?
2025-10-26T12:22:32.643+09:00 DEBUG 19468 --- [Shift Scheduler Demo] [           main] org.hibernate.SQL                        : delete from shift_assignments where id=?
Hibernate: delete from shift_assignments where id=?
2025-10-26T12:22:32.643+09:00 DEBUG 19468 --- [Shift Scheduler Demo] [           main] org.hibernate.SQL                        : delete from shift_assignments where id=?
Hibernate: delete from shift_assignments where id=?
2025-10-26T12:22:32.643+09:00 DEBUG 19468 --- [Shift Scheduler Demo] [           main] org.hibernate.SQL                        : delete from shift_assignments where id=?
Hibernate: delete from shift_assignments where id=?
2025-10-26T12:22:32.643+09:00 DEBUG 19468 --- [Shift Scheduler Demo] [           main] org.hibernate.SQL                        : delete from shift_assignments where id=?
Hibernate: delete from shift_assignments where id=?
2025-10-26T12:22:32.643+09:00 DEBUG 19468 --- [Shift Scheduler Demo] [           main] org.hibernate.SQL                        : delete from shift_assignments where id=?
Hibernate: delete from shift_assignments where id=?
2025-10-26T12:22:32.643+09:00 DEBUG 19468 --- [Shift Scheduler Demo] [           main] org.hibernate.SQL                        : delete from shift_assignments where id=?
Hibernate: delete from shift_assignments where id=?
2025-10-26T12:22:32.643+09:00 DEBUG 19468 --- [Shift Scheduler Demo] [           main] org.hibernate.SQL                        : delete from shift_assignments where id=?
Hibernate: delete from shift_assignments where id=?
2025-10-26T12:22:32.643+09:00 DEBUG 19468 --- [Shift Scheduler Demo] [           main] org.hibernate.SQL                        : delete from shift_assignments where id=?
Hibernate: delete from shift_assignments where id=?
2025-10-26T12:22:32.643+09:00 DEBUG 19468 --- [Shift Scheduler Demo] [           main] org.hibernate.SQL                        : delete from shift_assignments where id=?
Hibernate: delete from shift_assignments where id=?
2025-10-26T12:22:32.643+09:00 DEBUG 19468 --- [Shift Scheduler Demo] [           main] org.hibernate.SQL                        : delete from shift_assignments where id=?
Hibernate: delete from shift_assignments where id=?
2025-10-26T12:22:32.643+09:00 DEBUG 19468 --- [Shift Scheduler Demo] [           main] org.hibernate.SQL                        : delete from shift_assignments where id=?
Hibernate: delete from shift_assignments where id=?
2025-10-26T12:22:32.643+09:00 DEBUG 19468 --- [Shift Scheduler Demo] [           main] org.hibernate.SQL                        : delete from shift_assignments where id=?
Hibernate: delete from shift_assignments where id=?
2025-10-26T12:22:32.643+09:00 DEBUG 19468 --- [Shift Scheduler Demo] [           main] org.hibernate.SQL                        : delete from shift_assignments where id=?
Hibernate: delete from shift_assignments where id=?
2025-10-26T12:22:32.643+09:00 DEBUG 19468 --- [Shift Scheduler Demo] [           main] org.hibernate.SQL                        : delete from shift_assignments where id=?
Hibernate: delete from shift_assignments where id=?
2025-10-26T12:22:32.643+09:00 DEBUG 19468 --- [Shift Scheduler Demo] [           main] org.hibernate.SQL                        : delete from shift_assignments where id=?
Hibernate: delete from shift_assignments where id=?
2025-10-26T12:22:32.643+09:00 DEBUG 19468 --- [Shift Scheduler Demo] [           main] org.hibernate.SQL                        : delete from shift_assignments where id=?
Hibernate: delete from shift_assignments where id=?
2025-10-26T12:22:32.643+09:00 DEBUG 19468 --- [Shift Scheduler Demo] [           main] org.hibernate.SQL                        : delete from shift_assignments where id=?
Hibernate: delete from shift_assignments where id=?
2025-10-26T12:22:32.643+09:00 DEBUG 19468 --- [Shift Scheduler Demo] [           main] org.hibernate.SQL                        : delete from shift_assignments where id=?
Hibernate: delete from shift_assignments where id=?
2025-10-26T12:22:32.643+09:00 DEBUG 19468 --- [Shift Scheduler Demo] [           main] org.hibernate.SQL                        : delete from shift_assignments where id=?
Hibernate: delete from shift_assignments where id=?
2025-10-26T12:22:32.643+09:00 DEBUG 19468 --- [Shift Scheduler Demo] [           main] org.hibernate.SQL                        : delete from shift_assignments where id=?
Hibernate: delete from shift_assignments where id=?
2025-10-26T12:22:32.643+09:00 DEBUG 19468 --- [Shift Scheduler Demo] [           main] org.hibernate.SQL                        : delete from shift_assignments where id=?
Hibernate: delete from shift_assignments where id=?
2025-10-26T12:22:32.643+09:00 DEBUG 19468 --- [Shift Scheduler Demo] [           main] org.hibernate.SQL                        : delete from shift_assignments where id=?
Hibernate: delete from shift_assignments where id=?
2025-10-26T12:22:32.644+09:00 DEBUG 19468 --- [Shift Scheduler Demo] [           main] org.hibernate.SQL                        : delete from shift_assignments where id=?
Hibernate: delete from shift_assignments where id=?
2025-10-26T12:22:32.644+09:00 DEBUG 19468 --- [Shift Scheduler Demo] [           main] org.hibernate.SQL                        : delete from shift_assignments where id=?
Hibernate: delete from shift_assignments where id=?
2025-10-26T12:22:32.644+09:00 DEBUG 19468 --- [Shift Scheduler Demo] [           main] org.hibernate.SQL                        : delete from shift_assignments where id=?
Hibernate: delete from shift_assignments where id=?
2025-10-26T12:22:32.644+09:00 DEBUG 19468 --- [Shift Scheduler Demo] [           main] org.hibernate.SQL                        : delete from shift_assignments where id=?
Hibernate: delete from shift_assignments where id=?
2025-10-26T12:22:32.644+09:00 DEBUG 19468 --- [Shift Scheduler Demo] [           main] org.hibernate.SQL                        : delete from shift_assignments where id=?
Hibernate: delete from shift_assignments where id=?
2025-10-26T12:22:32.644+09:00 DEBUG 19468 --- [Shift Scheduler Demo] [           main] org.hibernate.SQL                        : delete from shift_assignments where id=?
Hibernate: delete from shift_assignments where id=?
2025-10-26T12:22:32.644+09:00 DEBUG 19468 --- [Shift Scheduler Demo] [           main] org.hibernate.SQL                        : delete from shift_assignments where id=?
Hibernate: delete from shift_assignments where id=?
2025-10-26T12:22:32.644+09:00 DEBUG 19468 --- [Shift Scheduler Demo] [           main] org.hibernate.SQL                        : delete from shift_assignments where id=?
Hibernate: delete from shift_assignments where id=?
2025-10-26T12:22:32.645+09:00 DEBUG 19468 --- [Shift Scheduler Demo] [           main] org.hibernate.SQL                        : delete from shift_assignments where id=?
Hibernate: delete from shift_assignments where id=?
2025-10-26T12:22:32.645+09:00 DEBUG 19468 --- [Shift Scheduler Demo] [           main] org.hibernate.SQL                        : delete from shift_assignments where id=?
Hibernate: delete from shift_assignments where id=?
2025-10-26T12:22:32.645+09:00 DEBUG 19468 --- [Shift Scheduler Demo] [           main] org.hibernate.SQL                        : delete from shift_assignments where id=?
Hibernate: delete from shift_assignments where id=?
2025-10-26T12:22:32.645+09:00 DEBUG 19468 --- [Shift Scheduler Demo] [           main] org.hibernate.SQL                        : delete from shift_assignments where id=?
Hibernate: delete from shift_assignments where id=?
2025-10-26T12:22:32.645+09:00 DEBUG 19468 --- [Shift Scheduler Demo] [           main] org.hibernate.SQL                        : delete from shift_assignments where id=?
Hibernate: delete from shift_assignments where id=?
2025-10-26T12:22:32.645+09:00 DEBUG 19468 --- [Shift Scheduler Demo] [           main] org.hibernate.SQL                        : delete from shift_assignments where id=?
Hibernate: delete from shift_assignments where id=?
2025-10-26T12:22:32.645+09:00 DEBUG 19468 --- [Shift Scheduler Demo] [           main] org.hibernate.SQL                        : delete from shift_assignments where id=?
Hibernate: delete from shift_assignments where id=?
2025-10-26T12:22:32.645+09:00 DEBUG 19468 --- [Shift Scheduler Demo] [           main] org.hibernate.SQL                        : delete from shift_assignments where id=?
Hibernate: delete from shift_assignments where id=?
2025-10-26T12:22:32.645+09:00 DEBUG 19468 --- [Shift Scheduler Demo] [           main] org.hibernate.SQL                        : delete from shift_assignments where id=?
Hibernate: delete from shift_assignments where id=?
2025-10-26T12:22:32.645+09:00 DEBUG 19468 --- [Shift Scheduler Demo] [           main] org.hibernate.SQL                        : delete from shift_assignments where id=?
Hibernate: delete from shift_assignments where id=?
2025-10-26T12:22:32.645+09:00 DEBUG 19468 --- [Shift Scheduler Demo] [           main] org.hibernate.SQL                        : delete from shift_assignments where id=?
Hibernate: delete from shift_assignments where id=?
2025-10-26T12:22:32.646+09:00 DEBUG 19468 --- [Shift Scheduler Demo] [           main] org.hibernate.SQL                        : delete from shift_assignments where id=?
Hibernate: delete from shift_assignments where id=?
2025-10-26T12:22:32.646+09:00 DEBUG 19468 --- [Shift Scheduler Demo] [           main] org.hibernate.SQL                        : delete from shift_assignments where id=?
Hibernate: delete from shift_assignments where id=?
2025-10-26T12:22:32.646+09:00 DEBUG 19468 --- [Shift Scheduler Demo] [           main] org.hibernate.SQL                        : delete from shift_assignments where id=?
Hibernate: delete from shift_assignments where id=?
2025-10-26T12:22:32.646+09:00 DEBUG 19468 --- [Shift Scheduler Demo] [           main] org.hibernate.SQL                        : delete from shift_assignments where id=?
Hibernate: delete from shift_assignments where id=?
2025-10-26T12:22:32.646+09:00 DEBUG 19468 --- [Shift Scheduler Demo] [           main] org.hibernate.SQL                        : delete from shift_assignments where id=?
Hibernate: delete from shift_assignments where id=?
2025-10-26T12:22:32.646+09:00 DEBUG 19468 --- [Shift Scheduler Demo] [           main] org.hibernate.SQL                        : delete from shift_assignments where id=?
Hibernate: delete from shift_assignments where id=?
2025-10-26T12:22:32.646+09:00 DEBUG 19468 --- [Shift Scheduler Demo] [           main] org.hibernate.SQL                        : delete from shift_assignments where id=?
Hibernate: delete from shift_assignments where id=?
2025-10-26T12:22:32.646+09:00 DEBUG 19468 --- [Shift Scheduler Demo] [           main] org.hibernate.SQL                        : delete from shift_assignments where id=?
Hibernate: delete from shift_assignments where id=?
2025-10-26T12:22:32.646+09:00 DEBUG 19468 --- [Shift Scheduler Demo] [           main] org.hibernate.SQL                        : delete from shift_assignments where id=?
Hibernate: delete from shift_assignments where id=?
2025-10-26T12:22:32.646+09:00 DEBUG 19468 --- [Shift Scheduler Demo] [           main] org.hibernate.SQL                        : delete from shift_assignments where id=?
Hibernate: delete from shift_assignments where id=?
2025-10-26T12:22:32.649+09:00 DEBUG 19468 --- [Shift Scheduler Demo] [           main] org.hibernate.SQL                        : delete from shift_assignments where id=?
Hibernate: delete from shift_assignments where id=?
2025-10-26T12:22:32.649+09:00 DEBUG 19468 --- [Shift Scheduler Demo] [           main] org.hibernate.SQL                        : delete from shift_assignments where id=?
Hibernate: delete from shift_assignments where id=?
2025-10-26T12:22:32.649+09:00 DEBUG 19468 --- [Shift Scheduler Demo] [           main] org.hibernate.SQL                        : delete from shift_assignments where id=?
Hibernate: delete from shift_assignments where id=?
2025-10-26T12:22:32.649+09:00 DEBUG 19468 --- [Shift Scheduler Demo] [           main] org.hibernate.SQL                        : delete from shift_assignments where id=?
Hibernate: delete from shift_assignments where id=?
2025-10-26T12:22:32.649+09:00 DEBUG 19468 --- [Shift Scheduler Demo] [           main] org.hibernate.SQL                        : delete from shift_assignments where id=?
Hibernate: delete from shift_assignments where id=?
2025-10-26T12:22:32.649+09:00 DEBUG 19468 --- [Shift Scheduler Demo] [           main] org.hibernate.SQL                        : delete from shift_assignments where id=?
Hibernate: delete from shift_assignments where id=?
2025-10-26T12:22:32.649+09:00 DEBUG 19468 --- [Shift Scheduler Demo] [           main] org.hibernate.SQL                        : delete from shift_assignments where id=?
Hibernate: delete from shift_assignments where id=?
2025-10-26T12:22:32.649+09:00 DEBUG 19468 --- [Shift Scheduler Demo] [           main] org.hibernate.SQL                        : delete from shift_assignments where id=?
Hibernate: delete from shift_assignments where id=?
2025-10-26T12:22:32.649+09:00 DEBUG 19468 --- [Shift Scheduler Demo] [           main] org.hibernate.SQL                        : delete from shift_assignments where id=?
Hibernate: delete from shift_assignments where id=?
2025-10-26T12:22:32.649+09:00 DEBUG 19468 --- [Shift Scheduler Demo] [           main] org.hibernate.SQL                        : delete from shift_assignments where id=?
Hibernate: delete from shift_assignments where id=?
2025-10-26T12:22:32.649+09:00 DEBUG 19468 --- [Shift Scheduler Demo] [           main] org.hibernate.SQL                        : delete from shift_assignments where id=?
Hibernate: delete from shift_assignments where id=?
2025-10-26T12:22:32.649+09:00 DEBUG 19468 --- [Shift Scheduler Demo] [           main] org.hibernate.SQL                        : delete from shift_assignments where id=?
Hibernate: delete from shift_assignments where id=?
2025-10-26T12:22:32.649+09:00 DEBUG 19468 --- [Shift Scheduler Demo] [           main] org.hibernate.SQL                        : delete from shift_assignments where id=?
Hibernate: delete from shift_assignments where id=?
2025-10-26T12:22:32.649+09:00 DEBUG 19468 --- [Shift Scheduler Demo] [           main] org.hibernate.SQL                        : delete from shift_assignments where id=?
Hibernate: delete from shift_assignments where id=?
2025-10-26T12:22:32.649+09:00 DEBUG 19468 --- [Shift Scheduler Demo] [           main] org.hibernate.SQL                        : delete from shift_assignments where id=?
Hibernate: delete from shift_assignments where id=?
2025-10-26T12:22:32.649+09:00 DEBUG 19468 --- [Shift Scheduler Demo] [           main] org.hibernate.SQL                        : delete from shift_assignments where id=?
Hibernate: delete from shift_assignments where id=?
2025-10-26T12:22:32.649+09:00 DEBUG 19468 --- [Shift Scheduler Demo] [           main] org.hibernate.SQL                        : delete from shift_assignments where id=?
Hibernate: delete from shift_assignments where id=?
2025-10-26T12:22:32.649+09:00 DEBUG 19468 --- [Shift Scheduler Demo] [           main] org.hibernate.SQL                        : delete from shift_assignments where id=?
Hibernate: delete from shift_assignments where id=?
2025-10-26T12:22:32.649+09:00 DEBUG 19468 --- [Shift Scheduler Demo] [           main] org.hibernate.SQL                        : delete from shift_assignments where id=?
Hibernate: delete from shift_assignments where id=?
2025-10-26T12:22:32.649+09:00 DEBUG 19468 --- [Shift Scheduler Demo] [           main] org.hibernate.SQL                        : delete from shift_assignments where id=?
Hibernate: delete from shift_assignments where id=?
2025-10-26T12:22:32.649+09:00 DEBUG 19468 --- [Shift Scheduler Demo] [           main] org.hibernate.SQL                        : delete from shift_assignments where id=?
Hibernate: delete from shift_assignments where id=?
2025-10-26T12:22:32.649+09:00 DEBUG 19468 --- [Shift Scheduler Demo] [           main] org.hibernate.SQL                        : delete from shift_assignments where id=?
Hibernate: delete from shift_assignments where id=?
2025-10-26T12:22:32.649+09:00 DEBUG 19468 --- [Shift Scheduler Demo] [           main] org.hibernate.SQL                        : delete from shift_assignments where id=?
Hibernate: delete from shift_assignments where id=?
2025-10-26T12:22:32.649+09:00 DEBUG 19468 --- [Shift Scheduler Demo] [           main] org.hibernate.SQL                        : delete from shift_assignments where id=?
Hibernate: delete from shift_assignments where id=?
2025-10-26T12:22:32.649+09:00 DEBUG 19468 --- [Shift Scheduler Demo] [           main] org.hibernate.SQL                        : delete from shift_assignments where id=?
Hibernate: delete from shift_assignments where id=?
2025-10-26T12:22:32.649+09:00 DEBUG 19468 --- [Shift Scheduler Demo] [           main] org.hibernate.SQL                        : delete from shift_assignments where id=?
Hibernate: delete from shift_assignments where id=?
2025-10-26T12:22:32.649+09:00 DEBUG 19468 --- [Shift Scheduler Demo] [           main] org.hibernate.SQL                        : delete from shift_assignments where id=?
Hibernate: delete from shift_assignments where id=?
2025-10-26T12:22:32.649+09:00 DEBUG 19468 --- [Shift Scheduler Demo] [           main] org.hibernate.SQL                        : delete from shift_assignments where id=?
Hibernate: delete from shift_assignments where id=?
2025-10-26T12:22:32.650+09:00 DEBUG 19468 --- [Shift Scheduler Demo] [           main] org.hibernate.SQL                        : delete from shift_assignments where id=?
Hibernate: delete from shift_assignments where id=?
2025-10-26T12:22:32.650+09:00 DEBUG 19468 --- [Shift Scheduler Demo] [           main] org.hibernate.SQL                        : delete from shift_assignments where id=?
Hibernate: delete from shift_assignments where id=?
2025-10-26T12:22:32.650+09:00 DEBUG 19468 --- [Shift Scheduler Demo] [           main] org.hibernate.SQL                        : delete from shift_assignments where id=?
Hibernate: delete from shift_assignments where id=?
2025-10-26T12:22:32.650+09:00 DEBUG 19468 --- [Shift Scheduler Demo] [           main] org.hibernate.SQL                        : delete from shift_assignments where id=?
Hibernate: delete from shift_assignments where id=?
2025-10-26T12:22:32.650+09:00 DEBUG 19468 --- [Shift Scheduler Demo] [           main] org.hibernate.SQL                        : delete from shift_assignments where id=?
Hibernate: delete from shift_assignments where id=?
2025-10-26T12:22:32.650+09:00 DEBUG 19468 --- [Shift Scheduler Demo] [           main] org.hibernate.SQL                        : delete from shift_assignments where id=?
Hibernate: delete from shift_assignments where id=?
2025-10-26T12:22:32.650+09:00 DEBUG 19468 --- [Shift Scheduler Demo] [           main] org.hibernate.SQL                        : delete from shift_assignments where id=?
Hibernate: delete from shift_assignments where id=?
2025-10-26T12:22:32.650+09:00 DEBUG 19468 --- [Shift Scheduler Demo] [           main] org.hibernate.SQL                        : delete from shift_assignments where id=?
Hibernate: delete from shift_assignments where id=?
2025-10-26T12:22:32.650+09:00 DEBUG 19468 --- [Shift Scheduler Demo] [           main] org.hibernate.SQL                        : delete from shift_assignments where id=?
Hibernate: delete from shift_assignments where id=?
2025-10-26T12:22:32.650+09:00 DEBUG 19468 --- [Shift Scheduler Demo] [           main] org.hibernate.SQL                        : delete from shift_assignments where id=?
Hibernate: delete from shift_assignments where id=?
2025-10-26T12:22:32.650+09:00 DEBUG 19468 --- [Shift Scheduler Demo] [           main] org.hibernate.SQL                        : delete from shift_assignments where id=?
Hibernate: delete from shift_assignments where id=?
2025-10-26T12:22:32.650+09:00 DEBUG 19468 --- [Shift Scheduler Demo] [           main] org.hibernate.SQL                        : delete from shift_assignments where id=?
Hibernate: delete from shift_assignments where id=?
2025-10-26T12:22:32.650+09:00 DEBUG 19468 --- [Shift Scheduler Demo] [           main] org.hibernate.SQL                        : delete from shift_assignments where id=?
Hibernate: delete from shift_assignments where id=?
2025-10-26T12:22:32.650+09:00 DEBUG 19468 --- [Shift Scheduler Demo] [           main] org.hibernate.SQL                        : delete from shift_assignments where id=?
Hibernate: delete from shift_assignments where id=?
2025-10-26T12:22:32.650+09:00 DEBUG 19468 --- [Shift Scheduler Demo] [           main] org.hibernate.SQL                        : delete from shift_assignments where id=?
Hibernate: delete from shift_assignments where id=?
2025-10-26T12:22:32.650+09:00 DEBUG 19468 --- [Shift Scheduler Demo] [           main] org.hibernate.SQL                        : delete from shift_assignments where id=?
Hibernate: delete from shift_assignments where id=?
2025-10-26T12:22:32.650+09:00 DEBUG 19468 --- [Shift Scheduler Demo] [           main] org.hibernate.SQL                        : delete from shift_assignments where id=?
Hibernate: delete from shift_assignments where id=?
2025-10-26T12:22:32.650+09:00 DEBUG 19468 --- [Shift Scheduler Demo] [           main] org.hibernate.SQL                        : delete from shift_assignments where id=?
Hibernate: delete from shift_assignments where id=?
2025-10-26T12:22:32.650+09:00 DEBUG 19468 --- [Shift Scheduler Demo] [           main] org.hibernate.SQL                        : delete from shift_assignments where id=?
Hibernate: delete from shift_assignments where id=?
2025-10-26T12:22:32.650+09:00 DEBUG 19468 --- [Shift Scheduler Demo] [           main] org.hibernate.SQL                        : delete from shift_assignments where id=?
Hibernate: delete from shift_assignments where id=?
2025-10-26T12:22:32.650+09:00 DEBUG 19468 --- [Shift Scheduler Demo] [           main] org.hibernate.SQL                        : delete from shift_assignments where id=?
Hibernate: delete from shift_assignments where id=?
2025-10-26T12:22:32.650+09:00 DEBUG 19468 --- [Shift Scheduler Demo] [           main] org.hibernate.SQL                        : delete from shift_assignments where id=?
Hibernate: delete from shift_assignments where id=?
2025-10-26T12:22:32.650+09:00 DEBUG 19468 --- [Shift Scheduler Demo] [           main] org.hibernate.SQL                        : delete from shift_assignments where id=?
Hibernate: delete from shift_assignments where id=?
2025-10-26T12:22:32.650+09:00 DEBUG 19468 --- [Shift Scheduler Demo] [           main] org.hibernate.SQL                        : delete from shift_assignments where id=?
Hibernate: delete from shift_assignments where id=?
2025-10-26T12:22:32.650+09:00 DEBUG 19468 --- [Shift Scheduler Demo] [           main] org.hibernate.SQL                        : delete from shift_assignments where id=?
Hibernate: delete from shift_assignments where id=?
2025-10-26T12:22:32.650+09:00 DEBUG 19468 --- [Shift Scheduler Demo] [           main] org.hibernate.SQL                        : delete from shift_assignments where id=?
Hibernate: delete from shift_assignments where id=?
2025-10-26T12:22:32.650+09:00 DEBUG 19468 --- [Shift Scheduler Demo] [           main] org.hibernate.SQL                        : delete from shift_assignments where id=?
Hibernate: delete from shift_assignments where id=?
2025-10-26T12:22:32.650+09:00 DEBUG 19468 --- [Shift Scheduler Demo] [           main] org.hibernate.SQL                        : delete from shift_assignments where id=?
Hibernate: delete from shift_assignments where id=?
2025-10-26T12:22:32.650+09:00 DEBUG 19468 --- [Shift Scheduler Demo] [           main] org.hibernate.SQL                        : delete from shift_assignments where id=?
Hibernate: delete from shift_assignments where id=?
2025-10-26T12:22:32.650+09:00 DEBUG 19468 --- [Shift Scheduler Demo] [           main] org.hibernate.SQL                        : delete from shift_assignments where id=?
Hibernate: delete from shift_assignments where id=?
2025-10-26T12:22:32.650+09:00 DEBUG 19468 --- [Shift Scheduler Demo] [           main] org.hibernate.SQL                        : delete from shift_assignments where id=?
Hibernate: delete from shift_assignments where id=?
2025-10-26T12:22:32.650+09:00 DEBUG 19468 --- [Shift Scheduler Demo] [           main] org.hibernate.SQL                        : delete from shift_assignments where id=?
Hibernate: delete from shift_assignments where id=?
2025-10-26T12:22:32.650+09:00 DEBUG 19468 --- [Shift Scheduler Demo] [           main] org.hibernate.SQL                        : delete from shift_assignments where id=?
Hibernate: delete from shift_assignments where id=?
2025-10-26T12:22:32.650+09:00 DEBUG 19468 --- [Shift Scheduler Demo] [           main] org.hibernate.SQL                        : delete from shift_assignments where id=?
Hibernate: delete from shift_assignments where id=?
2025-10-26T12:22:32.650+09:00 DEBUG 19468 --- [Shift Scheduler Demo] [           main] org.hibernate.SQL                        : delete from shift_assignments where id=?
Hibernate: delete from shift_assignments where id=?
2025-10-26T12:22:32.650+09:00 DEBUG 19468 --- [Shift Scheduler Demo] [           main] org.hibernate.SQL                        : delete from shift_assignments where id=?
Hibernate: delete from shift_assignments where id=?
2025-10-26T12:22:32.650+09:00 DEBUG 19468 --- [Shift Scheduler Demo] [           main] org.hibernate.SQL                        : delete from shift_assignments where id=?
Hibernate: delete from shift_assignments where id=?
2025-10-26T12:22:32.650+09:00 DEBUG 19468 --- [Shift Scheduler Demo] [           main] org.hibernate.SQL                        : delete from shift_assignments where id=?
Hibernate: delete from shift_assignments where id=?
2025-10-26T12:22:32.650+09:00 DEBUG 19468 --- [Shift Scheduler Demo] [           main] org.hibernate.SQL                        : delete from shift_assignments where id=?
Hibernate: delete from shift_assignments where id=?
2025-10-26T12:22:32.650+09:00 DEBUG 19468 --- [Shift Scheduler Demo] [           main] org.hibernate.SQL                        : delete from shift_assignments where id=?
Hibernate: delete from shift_assignments where id=?
2025-10-26T12:22:32.650+09:00 DEBUG 19468 --- [Shift Scheduler Demo] [           main] org.hibernate.SQL                        : delete from shift_assignments where id=?
Hibernate: delete from shift_assignments where id=?
2025-10-26T12:22:32.650+09:00 DEBUG 19468 --- [Shift Scheduler Demo] [           main] org.hibernate.SQL                        : delete from shift_assignments where id=?
Hibernate: delete from shift_assignments where id=?
2025-10-26T12:22:32.651+09:00 DEBUG 19468 --- [Shift Scheduler Demo] [           main] org.hibernate.SQL                        : delete from shift_assignments where id=?
Hibernate: delete from shift_assignments where id=?
2025-10-26T12:22:32.651+09:00 DEBUG 19468 --- [Shift Scheduler Demo] [           main] org.hibernate.SQL                        : delete from shift_assignments where id=?
Hibernate: delete from shift_assignments where id=?
2025-10-26T12:22:32.651+09:00 DEBUG 19468 --- [Shift Scheduler Demo] [           main] org.hibernate.SQL                        : delete from shift_assignments where id=?
Hibernate: delete from shift_assignments where id=?
2025-10-26T12:22:32.651+09:00 DEBUG 19468 --- [Shift Scheduler Demo] [           main] org.hibernate.SQL                        : delete from shift_assignments where id=?
Hibernate: delete from shift_assignments where id=?
2025-10-26T12:22:32.651+09:00 DEBUG 19468 --- [Shift Scheduler Demo] [           main] org.hibernate.SQL                        : delete from shift_assignments where id=?
Hibernate: delete from shift_assignments where id=?
2025-10-26T12:22:32.651+09:00 DEBUG 19468 --- [Shift Scheduler Demo] [           main] org.hibernate.SQL                        : delete from shift_assignments where id=?
Hibernate: delete from shift_assignments where id=?
2025-10-26T12:22:32.651+09:00 DEBUG 19468 --- [Shift Scheduler Demo] [           main] org.hibernate.SQL                        : delete from shift_assignments where id=?
Hibernate: delete from shift_assignments where id=?
2025-10-26T12:22:32.651+09:00 DEBUG 19468 --- [Shift Scheduler Demo] [           main] org.hibernate.SQL                        : delete from shift_assignments where id=?
Hibernate: delete from shift_assignments where id=?
2025-10-26T12:22:32.651+09:00 DEBUG 19468 --- [Shift Scheduler Demo] [           main] org.hibernate.SQL                        : delete from shift_assignments where id=?
Hibernate: delete from shift_assignments where id=?
2025-10-26T12:22:32.651+09:00 DEBUG 19468 --- [Shift Scheduler Demo] [           main] org.hibernate.SQL                        : delete from shift_assignments where id=?
Hibernate: delete from shift_assignments where id=?
2025-10-26T12:22:32.651+09:00 DEBUG 19468 --- [Shift Scheduler Demo] [           main] org.hibernate.SQL                        : delete from shift_assignments where id=?
Hibernate: delete from shift_assignments where id=?
2025-10-26T12:22:32.651+09:00 DEBUG 19468 --- [Shift Scheduler Demo] [           main] org.hibernate.SQL                        : delete from shift_assignments where id=?
Hibernate: delete from shift_assignments where id=?
2025-10-26T12:22:32.651+09:00 DEBUG 19468 --- [Shift Scheduler Demo] [           main] org.hibernate.SQL                        : delete from shift_assignments where id=?
Hibernate: delete from shift_assignments where id=?
2025-10-26T12:22:32.651+09:00 DEBUG 19468 --- [Shift Scheduler Demo] [           main] org.hibernate.SQL                        : delete from shift_assignments where id=?
Hibernate: delete from shift_assignments where id=?
2025-10-26T12:22:32.651+09:00 DEBUG 19468 --- [Shift Scheduler Demo] [           main] org.hibernate.SQL                        : delete from shift_assignments where id=?
Hibernate: delete from shift_assignments where id=?
2025-10-26T12:22:32.651+09:00 DEBUG 19468 --- [Shift Scheduler Demo] [           main] org.hibernate.SQL                        : delete from shift_assignments where id=?
Hibernate: delete from shift_assignments where id=?
2025-10-26T12:22:32.651+09:00 DEBUG 19468 --- [Shift Scheduler Demo] [           main] org.hibernate.SQL                        : delete from shift_assignments where id=?
Hibernate: delete from shift_assignments where id=?
2025-10-26T12:22:32.651+09:00 DEBUG 19468 --- [Shift Scheduler Demo] [           main] org.hibernate.SQL                        : delete from shift_assignments where id=?
Hibernate: delete from shift_assignments where id=?
2025-10-26T12:22:32.652+09:00 DEBUG 19468 --- [Shift Scheduler Demo] [           main] org.hibernate.SQL                        : delete from shift_assignments where id=?
Hibernate: delete from shift_assignments where id=?
2025-10-26T12:22:32.652+09:00 DEBUG 19468 --- [Shift Scheduler Demo] [           main] org.hibernate.SQL                        : delete from shift_assignments where id=?
Hibernate: delete from shift_assignments where id=?
2025-10-26T12:22:32.652+09:00 DEBUG 19468 --- [Shift Scheduler Demo] [           main] org.hibernate.SQL                        : delete from shift_assignments where id=?
Hibernate: delete from shift_assignments where id=?
2025-10-26T12:22:32.652+09:00 DEBUG 19468 --- [Shift Scheduler Demo] [           main] org.hibernate.SQL                        : delete from shift_assignments where id=?
Hibernate: delete from shift_assignments where id=?
2025-10-26T12:22:32.652+09:00 DEBUG 19468 --- [Shift Scheduler Demo] [           main] org.hibernate.SQL                        : delete from shift_assignments where id=?
Hibernate: delete from shift_assignments where id=?
2025-10-26T12:22:32.652+09:00 DEBUG 19468 --- [Shift Scheduler Demo] [           main] org.hibernate.SQL                        : delete from shift_assignments where id=?
Hibernate: delete from shift_assignments where id=?
2025-10-26T12:22:32.652+09:00 DEBUG 19468 --- [Shift Scheduler Demo] [           main] org.hibernate.SQL                        : delete from shift_assignments where id=?
Hibernate: delete from shift_assignments where id=?
2025-10-26T12:22:32.652+09:00 DEBUG 19468 --- [Shift Scheduler Demo] [           main] org.hibernate.SQL                        : delete from shift_assignments where id=?
Hibernate: delete from shift_assignments where id=?
2025-10-26T12:22:32.652+09:00 DEBUG 19468 --- [Shift Scheduler Demo] [           main] org.hibernate.SQL                        : delete from shift_assignments where id=?
Hibernate: delete from shift_assignments where id=?
2025-10-26T12:22:32.652+09:00 DEBUG 19468 --- [Shift Scheduler Demo] [           main] org.hibernate.SQL                        : delete from shift_assignments where id=?
Hibernate: delete from shift_assignments where id=?
2025-10-26T12:22:32.652+09:00 DEBUG 19468 --- [Shift Scheduler Demo] [           main] org.hibernate.SQL                        : delete from shift_assignments where id=?
Hibernate: delete from shift_assignments where id=?
2025-10-26T12:22:32.652+09:00 DEBUG 19468 --- [Shift Scheduler Demo] [           main] org.hibernate.SQL                        : delete from shift_assignments where id=?
Hibernate: delete from shift_assignments where id=?
2025-10-26T12:22:32.652+09:00 DEBUG 19468 --- [Shift Scheduler Demo] [           main] org.hibernate.SQL                        : delete from shift_assignments where id=?
Hibernate: delete from shift_assignments where id=?
2025-10-26T12:22:32.652+09:00 DEBUG 19468 --- [Shift Scheduler Demo] [           main] org.hibernate.SQL                        : delete from shift_assignments where id=?
Hibernate: delete from shift_assignments where id=?
2025-10-26T12:22:32.652+09:00 DEBUG 19468 --- [Shift Scheduler Demo] [           main] org.hibernate.SQL                        : delete from shift_assignments where id=?
Hibernate: delete from shift_assignments where id=?
2025-10-26T12:22:32.652+09:00 DEBUG 19468 --- [Shift Scheduler Demo] [           main] org.hibernate.SQL                        : delete from shift_assignments where id=?
Hibernate: delete from shift_assignments where id=?
2025-10-26T12:22:32.652+09:00 DEBUG 19468 --- [Shift Scheduler Demo] [           main] org.hibernate.SQL                        : delete from shift_assignments where id=?
Hibernate: delete from shift_assignments where id=?
2025-10-26T12:22:32.652+09:00 DEBUG 19468 --- [Shift Scheduler Demo] [           main] org.hibernate.SQL                        : delete from shift_assignments where id=?
Hibernate: delete from shift_assignments where id=?
2025-10-26T12:22:32.652+09:00 DEBUG 19468 --- [Shift Scheduler Demo] [           main] org.hibernate.SQL                        : delete from shift_assignments where id=?
Hibernate: delete from shift_assignments where id=?
2025-10-26T12:22:32.652+09:00 DEBUG 19468 --- [Shift Scheduler Demo] [           main] org.hibernate.SQL                        : delete from shift_assignments where id=?
Hibernate: delete from shift_assignments where id=?
2025-10-26T12:22:32.652+09:00 DEBUG 19468 --- [Shift Scheduler Demo] [           main] org.hibernate.SQL                        : delete from shift_assignments where id=?
Hibernate: delete from shift_assignments where id=?
2025-10-26T12:22:32.652+09:00 DEBUG 19468 --- [Shift Scheduler Demo] [           main] org.hibernate.SQL                        : delete from shift_assignments where id=?
Hibernate: delete from shift_assignments where id=?
2025-10-26T12:22:32.652+09:00 DEBUG 19468 --- [Shift Scheduler Demo] [           main] org.hibernate.SQL                        : delete from shift_assignments where id=?
Hibernate: delete from shift_assignments where id=?
2025-10-26T12:22:32.652+09:00 DEBUG 19468 --- [Shift Scheduler Demo] [           main] org.hibernate.SQL                        : delete from shift_assignments where id=?
Hibernate: delete from shift_assignments where id=?
2025-10-26T12:22:32.652+09:00 DEBUG 19468 --- [Shift Scheduler Demo] [           main] org.hibernate.SQL                        : delete from shift_assignments where id=?
Hibernate: delete from shift_assignments where id=?
2025-10-26T12:22:32.652+09:00 DEBUG 19468 --- [Shift Scheduler Demo] [           main] org.hibernate.SQL                        : delete from shift_assignments where id=?
Hibernate: delete from shift_assignments where id=?
2025-10-26T12:22:32.654+09:00 DEBUG 19468 --- [Shift Scheduler Demo] [           main] org.hibernate.SQL                        : delete from shift_assignments where id=?
Hibernate: delete from shift_assignments where id=?
2025-10-26T12:22:32.654+09:00 DEBUG 19468 --- [Shift Scheduler Demo] [           main] org.hibernate.SQL                        : delete from shift_assignments where id=?
Hibernate: delete from shift_assignments where id=?
2025-10-26T12:22:32.654+09:00 DEBUG 19468 --- [Shift Scheduler Demo] [           main] org.hibernate.SQL                        : delete from shift_assignments where id=?
Hibernate: delete from shift_assignments where id=?
2025-10-26T12:22:32.654+09:00 DEBUG 19468 --- [Shift Scheduler Demo] [           main] org.hibernate.SQL                        : delete from shift_assignments where id=?
Hibernate: delete from shift_assignments where id=?
2025-10-26T12:22:32.654+09:00 DEBUG 19468 --- [Shift Scheduler Demo] [           main] org.hibernate.SQL                        : delete from shift_assignments where id=?
Hibernate: delete from shift_assignments where id=?
2025-10-26T12:22:32.654+09:00 DEBUG 19468 --- [Shift Scheduler Demo] [           main] org.hibernate.SQL                        : delete from shift_assignments where id=?
Hibernate: delete from shift_assignments where id=?
2025-10-26T12:22:32.654+09:00 DEBUG 19468 --- [Shift Scheduler Demo] [           main] org.hibernate.SQL                        : delete from shift_assignments where id=?
Hibernate: delete from shift_assignments where id=?
2025-10-26T12:22:32.655+09:00 DEBUG 19468 --- [Shift Scheduler Demo] [           main] org.hibernate.SQL                        : delete from shift_assignments where id=?
Hibernate: delete from shift_assignments where id=?
2025-10-26T12:22:32.655+09:00 DEBUG 19468 --- [Shift Scheduler Demo] [           main] org.hibernate.SQL                        : delete from shift_assignments where id=?
Hibernate: delete from shift_assignments where id=?
2025-10-26T12:22:32.655+09:00 DEBUG 19468 --- [Shift Scheduler Demo] [           main] org.hibernate.SQL                        : delete from shift_assignments where id=?
Hibernate: delete from shift_assignments where id=?
2025-10-26T12:22:32.655+09:00 DEBUG 19468 --- [Shift Scheduler Demo] [           main] org.hibernate.SQL                        : delete from shift_assignments where id=?
Hibernate: delete from shift_assignments where id=?
2025-10-26T12:22:32.655+09:00 DEBUG 19468 --- [Shift Scheduler Demo] [           main] org.hibernate.SQL                        : delete from shift_assignments where id=?
Hibernate: delete from shift_assignments where id=?
2025-10-26T12:22:32.655+09:00 DEBUG 19468 --- [Shift Scheduler Demo] [           main] org.hibernate.SQL                        : delete from shift_assignments where id=?
Hibernate: delete from shift_assignments where id=?
2025-10-26T12:22:32.655+09:00 DEBUG 19468 --- [Shift Scheduler Demo] [           main] org.hibernate.SQL                        : delete from shift_assignments where id=?
Hibernate: delete from shift_assignments where id=?
2025-10-26T12:22:32.655+09:00 DEBUG 19468 --- [Shift Scheduler Demo] [           main] org.hibernate.SQL                        : delete from shift_assignments where id=?
Hibernate: delete from shift_assignments where id=?
2025-10-26T12:22:32.655+09:00 DEBUG 19468 --- [Shift Scheduler Demo] [           main] org.hibernate.SQL                        : delete from shift_assignments where id=?
Hibernate: delete from shift_assignments where id=?
2025-10-26T12:22:32.655+09:00 DEBUG 19468 --- [Shift Scheduler Demo] [           main] org.hibernate.SQL                        : delete from shift_assignments where id=?
Hibernate: delete from shift_assignments where id=?
2025-10-26T12:22:32.655+09:00 DEBUG 19468 --- [Shift Scheduler Demo] [           main] org.hibernate.SQL                        : delete from shift_assignments where id=?
Hibernate: delete from shift_assignments where id=?
2025-10-26T12:22:32.655+09:00 DEBUG 19468 --- [Shift Scheduler Demo] [           main] org.hibernate.SQL                        : delete from shift_assignments where id=?
Hibernate: delete from shift_assignments where id=?
2025-10-26T12:22:32.655+09:00 DEBUG 19468 --- [Shift Scheduler Demo] [           main] org.hibernate.SQL                        : delete from shift_assignments where id=?
Hibernate: delete from shift_assignments where id=?
2025-10-26T12:22:32.655+09:00 DEBUG 19468 --- [Shift Scheduler Demo] [           main] org.hibernate.SQL                        : delete from shift_assignments where id=?
Hibernate: delete from shift_assignments where id=?
2025-10-26T12:22:32.655+09:00 DEBUG 19468 --- [Shift Scheduler Demo] [           main] org.hibernate.SQL                        : delete from shift_assignments where id=?
Hibernate: delete from shift_assignments where id=?
2025-10-26T12:22:32.655+09:00 DEBUG 19468 --- [Shift Scheduler Demo] [           main] org.hibernate.SQL                        : delete from shift_assignments where id=?
Hibernate: delete from shift_assignments where id=?
2025-10-26T12:22:32.655+09:00 DEBUG 19468 --- [Shift Scheduler Demo] [           main] org.hibernate.SQL                        : delete from shift_assignments where id=?
Hibernate: delete from shift_assignments where id=?
2025-10-26T12:22:32.655+09:00 DEBUG 19468 --- [Shift Scheduler Demo] [           main] org.hibernate.SQL                        : delete from shift_assignments where id=?
Hibernate: delete from shift_assignments where id=?
2025-10-26T12:22:32.655+09:00 DEBUG 19468 --- [Shift Scheduler Demo] [           main] org.hibernate.SQL                        : delete from shift_assignments where id=?
Hibernate: delete from shift_assignments where id=?
2025-10-26T12:22:32.655+09:00 DEBUG 19468 --- [Shift Scheduler Demo] [           main] org.hibernate.SQL                        : delete from shift_assignments where id=?
Hibernate: delete from shift_assignments where id=?
2025-10-26T12:22:32.655+09:00 DEBUG 19468 --- [Shift Scheduler Demo] [           main] org.hibernate.SQL                        : delete from shift_assignments where id=?
Hibernate: delete from shift_assignments where id=?
2025-10-26T12:22:32.655+09:00 DEBUG 19468 --- [Shift Scheduler Demo] [           main] org.hibernate.SQL                        : delete from shift_assignments where id=?
Hibernate: delete from shift_assignments where id=?
2025-10-26T12:22:32.655+09:00 DEBUG 19468 --- [Shift Scheduler Demo] [           main] org.hibernate.SQL                        : delete from shift_assignments where id=?
Hibernate: delete from shift_assignments where id=?
2025-10-26T12:22:32.657+09:00 DEBUG 19468 --- [Shift Scheduler Demo] [           main] org.hibernate.SQL                        : delete from shift_assignments where id=?
Hibernate: delete from shift_assignments where id=?
2025-10-26T12:22:32.657+09:00 DEBUG 19468 --- [Shift Scheduler Demo] [           main] org.hibernate.SQL                        : delete from shift_assignments where id=?
Hibernate: delete from shift_assignments where id=?
2025-10-26T12:22:32.657+09:00 DEBUG 19468 --- [Shift Scheduler Demo] [           main] org.hibernate.SQL                        : delete from shift_assignments where id=?
Hibernate: delete from shift_assignments where id=?
2025-10-26T12:22:32.657+09:00 DEBUG 19468 --- [Shift Scheduler Demo] [           main] org.hibernate.SQL                        : delete from shift_assignments where id=?
Hibernate: delete from shift_assignments where id=?
2025-10-26T12:22:32.657+09:00 DEBUG 19468 --- [Shift Scheduler Demo] [           main] org.hibernate.SQL                        : delete from shift_assignments where id=?
Hibernate: delete from shift_assignments where id=?
2025-10-26T12:22:32.657+09:00 DEBUG 19468 --- [Shift Scheduler Demo] [           main] org.hibernate.SQL                        : delete from shift_assignments where id=?
Hibernate: delete from shift_assignments where id=?
2025-10-26T12:22:32.657+09:00 DEBUG 19468 --- [Shift Scheduler Demo] [           main] org.hibernate.SQL                        : delete from shift_assignments where id=?
Hibernate: delete from shift_assignments where id=?
2025-10-26T12:22:32.657+09:00 DEBUG 19468 --- [Shift Scheduler Demo] [           main] org.hibernate.SQL                        : delete from shift_assignments where id=?
Hibernate: delete from shift_assignments where id=?
2025-10-26T12:22:32.657+09:00 DEBUG 19468 --- [Shift Scheduler Demo] [           main] org.hibernate.SQL                        : delete from shift_assignments where id=?
Hibernate: delete from shift_assignments where id=?
2025-10-26T12:22:32.657+09:00 DEBUG 19468 --- [Shift Scheduler Demo] [           main] org.hibernate.SQL                        : delete from shift_assignments where id=?
Hibernate: delete from shift_assignments where id=?
2025-10-26T12:22:32.657+09:00 DEBUG 19468 --- [Shift Scheduler Demo] [           main] org.hibernate.SQL                        : delete from shift_assignments where id=?
Hibernate: delete from shift_assignments where id=?
2025-10-26T12:22:32.657+09:00 DEBUG 19468 --- [Shift Scheduler Demo] [           main] org.hibernate.SQL                        : delete from shift_assignments where id=?
Hibernate: delete from shift_assignments where id=?
2025-10-26T12:22:32.657+09:00 DEBUG 19468 --- [Shift Scheduler Demo] [           main] org.hibernate.SQL                        : delete from shift_assignments where id=?
Hibernate: delete from shift_assignments where id=?
2025-10-26T12:22:32.657+09:00 DEBUG 19468 --- [Shift Scheduler Demo] [           main] org.hibernate.SQL                        : delete from shift_assignments where id=?
Hibernate: delete from shift_assignments where id=?
2025-10-26T12:22:32.657+09:00 DEBUG 19468 --- [Shift Scheduler Demo] [           main] org.hibernate.SQL                        : delete from shift_assignments where id=?
Hibernate: delete from shift_assignments where id=?
2025-10-26T12:22:32.659+09:00 DEBUG 19468 --- [Shift Scheduler Demo] [           main] org.hibernate.SQL                        : delete from shift_assignments where id=?
Hibernate: delete from shift_assignments where id=?
2025-10-26T12:22:32.659+09:00 DEBUG 19468 --- [Shift Scheduler Demo] [           main] org.hibernate.SQL                        : delete from shift_assignments where id=?
Hibernate: delete from shift_assignments where id=?
2025-10-26T12:22:32.659+09:00 DEBUG 19468 --- [Shift Scheduler Demo] [           main] org.hibernate.SQL                        : delete from shift_assignments where id=?
Hibernate: delete from shift_assignments where id=?
2025-10-26T12:22:32.659+09:00 DEBUG 19468 --- [Shift Scheduler Demo] [           main] org.hibernate.SQL                        : delete from shift_assignments where id=?
Hibernate: delete from shift_assignments where id=?
2025-10-26T12:22:32.659+09:00 DEBUG 19468 --- [Shift Scheduler Demo] [           main] org.hibernate.SQL                        : delete from shift_assignments where id=?
Hibernate: delete from shift_assignments where id=?
2025-10-26T12:22:32.659+09:00 DEBUG 19468 --- [Shift Scheduler Demo] [           main] org.hibernate.SQL                        : delete from shift_assignments where id=?
Hibernate: delete from shift_assignments where id=?
2025-10-26T12:22:32.659+09:00 DEBUG 19468 --- [Shift Scheduler Demo] [           main] org.hibernate.SQL                        : delete from shift_assignments where id=?
Hibernate: delete from shift_assignments where id=?
2025-10-26T12:22:32.659+09:00 DEBUG 19468 --- [Shift Scheduler Demo] [           main] org.hibernate.SQL                        : delete from shift_assignments where id=?
Hibernate: delete from shift_assignments where id=?
2025-10-26T12:22:32.659+09:00 DEBUG 19468 --- [Shift Scheduler Demo] [           main] org.hibernate.SQL                        : delete from shift_assignments where id=?
Hibernate: delete from shift_assignments where id=?
2025-10-26T12:22:32.660+09:00 DEBUG 19468 --- [Shift Scheduler Demo] [           main] org.hibernate.SQL                        : delete from shift_assignments where id=?
Hibernate: delete from shift_assignments where id=?
2025-10-26T12:22:32.660+09:00 DEBUG 19468 --- [Shift Scheduler Demo] [           main] org.hibernate.SQL                        : delete from shift_assignments where id=?
Hibernate: delete from shift_assignments where id=?
2025-10-26T12:22:32.660+09:00 DEBUG 19468 --- [Shift Scheduler Demo] [           main] org.hibernate.SQL                        : delete from shift_assignments where id=?
Hibernate: delete from shift_assignments where id=?
2025-10-26T12:22:32.660+09:00 DEBUG 19468 --- [Shift Scheduler Demo] [           main] org.hibernate.SQL                        : delete from shift_assignments where id=?
Hibernate: delete from shift_assignments where id=?
2025-10-26T12:22:32.660+09:00 DEBUG 19468 --- [Shift Scheduler Demo] [           main] org.hibernate.SQL                        : delete from shift_assignments where id=?
Hibernate: delete from shift_assignments where id=?
2025-10-26T12:22:32.660+09:00 DEBUG 19468 --- [Shift Scheduler Demo] [           main] org.hibernate.SQL                        : delete from shift_assignments where id=?
Hibernate: delete from shift_assignments where id=?
2025-10-26T12:22:32.660+09:00 DEBUG 19468 --- [Shift Scheduler Demo] [           main] org.hibernate.SQL                        : delete from shift_assignments where id=?
Hibernate: delete from shift_assignments where id=?
2025-10-26T12:22:32.661+09:00 DEBUG 19468 --- [Shift Scheduler Demo] [           main] org.hibernate.SQL                        : delete from shift_assignments where id=?
Hibernate: delete from shift_assignments where id=?
2025-10-26T12:22:32.661+09:00 DEBUG 19468 --- [Shift Scheduler Demo] [           main] org.hibernate.SQL                        : delete from shift_assignments where id=?
Hibernate: delete from shift_assignments where id=?
2025-10-26T12:22:32.661+09:00 DEBUG 19468 --- [Shift Scheduler Demo] [           main] org.hibernate.SQL                        : delete from shift_assignments where id=?
Hibernate: delete from shift_assignments where id=?
2025-10-26T12:22:32.661+09:00 DEBUG 19468 --- [Shift Scheduler Demo] [           main] org.hibernate.SQL                        : delete from shift_assignments where id=?
Hibernate: delete from shift_assignments where id=?
2025-10-26T12:22:32.661+09:00 DEBUG 19468 --- [Shift Scheduler Demo] [           main] org.hibernate.SQL                        : delete from shift_assignments where id=?
Hibernate: delete from shift_assignments where id=?
2025-10-26T12:22:32.661+09:00 DEBUG 19468 --- [Shift Scheduler Demo] [           main] org.hibernate.SQL                        : delete from shift_assignments where id=?
Hibernate: delete from shift_assignments where id=?
2025-10-26T12:22:32.661+09:00 DEBUG 19468 --- [Shift Scheduler Demo] [           main] org.hibernate.SQL                        : delete from shift_assignments where id=?
Hibernate: delete from shift_assignments where id=?
2025-10-26T12:22:32.661+09:00 DEBUG 19468 --- [Shift Scheduler Demo] [           main] org.hibernate.SQL                        : delete from shift_assignments where id=?
Hibernate: delete from shift_assignments where id=?
2025-10-26T12:22:32.661+09:00 DEBUG 19468 --- [Shift Scheduler Demo] [           main] org.hibernate.SQL                        : delete from shift_assignments where id=?
Hibernate: delete from shift_assignments where id=?
2025-10-26T12:22:32.661+09:00 DEBUG 19468 --- [Shift Scheduler Demo] [           main] org.hibernate.SQL                        : delete from shift_assignments where id=?
Hibernate: delete from shift_assignments where id=?
2025-10-26T12:22:32.661+09:00 DEBUG 19468 --- [Shift Scheduler Demo] [           main] org.hibernate.SQL                        : delete from shift_assignments where id=?
Hibernate: delete from shift_assignments where id=?
2025-10-26T12:22:32.661+09:00 DEBUG 19468 --- [Shift Scheduler Demo] [           main] org.hibernate.SQL                        : delete from shift_assignments where id=?
Hibernate: delete from shift_assignments where id=?
2025-10-26T12:22:32.661+09:00 DEBUG 19468 --- [Shift Scheduler Demo] [           main] org.hibernate.SQL                        : delete from shift_assignments where id=?
Hibernate: delete from shift_assignments where id=?
2025-10-26T12:22:32.661+09:00 DEBUG 19468 --- [Shift Scheduler Demo] [           main] org.hibernate.SQL                        : delete from shift_assignments where id=?
Hibernate: delete from shift_assignments where id=?
2025-10-26T12:22:32.661+09:00 DEBUG 19468 --- [Shift Scheduler Demo] [           main] org.hibernate.SQL                        : delete from shift_assignments where id=?
Hibernate: delete from shift_assignments where id=?
2025-10-26T12:22:32.661+09:00 DEBUG 19468 --- [Shift Scheduler Demo] [           main] org.hibernate.SQL                        : delete from shift_assignments where id=?
Hibernate: delete from shift_assignments where id=?
2025-10-26T12:22:32.661+09:00 DEBUG 19468 --- [Shift Scheduler Demo] [           main] org.hibernate.SQL                        : delete from shift_assignments where id=?
Hibernate: delete from shift_assignments where id=?
2025-10-26T12:22:32.661+09:00 DEBUG 19468 --- [Shift Scheduler Demo] [           main] org.hibernate.SQL                        : delete from shift_assignments where id=?
Hibernate: delete from shift_assignments where id=?
2025-10-26T12:22:32.661+09:00 DEBUG 19468 --- [Shift Scheduler Demo] [           main] org.hibernate.SQL                        : delete from shift_assignments where id=?
Hibernate: delete from shift_assignments where id=?
2025-10-26T12:22:32.661+09:00 DEBUG 19468 --- [Shift Scheduler Demo] [           main] org.hibernate.SQL                        : delete from shift_assignments where id=?
Hibernate: delete from shift_assignments where id=?
2025-10-26T12:22:32.662+09:00 DEBUG 19468 --- [Shift Scheduler Demo] [           main] org.hibernate.SQL                        : delete from shift_assignments where id=?
Hibernate: delete from shift_assignments where id=?
2025-10-26T12:22:32.662+09:00 DEBUG 19468 --- [Shift Scheduler Demo] [           main] org.hibernate.SQL                        : delete from shift_assignments where id=?
Hibernate: delete from shift_assignments where id=?
2025-10-26T12:22:32.662+09:00 DEBUG 19468 --- [Shift Scheduler Demo] [           main] org.hibernate.SQL                        : delete from shift_assignments where id=?
Hibernate: delete from shift_assignments where id=?
2025-10-26T12:22:32.662+09:00 DEBUG 19468 --- [Shift Scheduler Demo] [           main] org.hibernate.SQL                        : delete from shift_assignments where id=?
Hibernate: delete from shift_assignments where id=?
2025-10-26T12:22:32.662+09:00 DEBUG 19468 --- [Shift Scheduler Demo] [           main] org.hibernate.SQL                        : delete from shift_assignments where id=?
Hibernate: delete from shift_assignments where id=?
2025-10-26T12:22:32.662+09:00 DEBUG 19468 --- [Shift Scheduler Demo] [           main] org.hibernate.SQL                        : delete from shift_assignments where id=?
Hibernate: delete from shift_assignments where id=?
2025-10-26T12:22:32.662+09:00 DEBUG 19468 --- [Shift Scheduler Demo] [           main] org.hibernate.SQL                        : delete from shift_assignments where id=?
Hibernate: delete from shift_assignments where id=?
2025-10-26T12:22:32.662+09:00 DEBUG 19468 --- [Shift Scheduler Demo] [           main] org.hibernate.SQL                        : delete from shift_assignments where id=?
Hibernate: delete from shift_assignments where id=?
2025-10-26T12:22:32.662+09:00 DEBUG 19468 --- [Shift Scheduler Demo] [           main] org.hibernate.SQL                        : delete from shift_assignments where id=?
Hibernate: delete from shift_assignments where id=?
2025-10-26T12:22:32.662+09:00 DEBUG 19468 --- [Shift Scheduler Demo] [           main] org.hibernate.SQL                        : delete from shift_assignments where id=?
Hibernate: delete from shift_assignments where id=?
2025-10-26T12:22:32.662+09:00 DEBUG 19468 --- [Shift Scheduler Demo] [           main] org.hibernate.SQL                        : delete from shift_assignments where id=?
Hibernate: delete from shift_assignments where id=?
2025-10-26T12:22:32.662+09:00 DEBUG 19468 --- [Shift Scheduler Demo] [           main] org.hibernate.SQL                        : delete from shift_assignments where id=?
Hibernate: delete from shift_assignments where id=?
2025-10-26T12:22:32.662+09:00 DEBUG 19468 --- [Shift Scheduler Demo] [           main] org.hibernate.SQL                        : delete from shift_assignments where id=?
Hibernate: delete from shift_assignments where id=?
2025-10-26T12:22:32.662+09:00 DEBUG 19468 --- [Shift Scheduler Demo] [           main] org.hibernate.SQL                        : delete from shift_assignments where id=?
Hibernate: delete from shift_assignments where id=?
2025-10-26T12:22:32.662+09:00 DEBUG 19468 --- [Shift Scheduler Demo] [           main] org.hibernate.SQL                        : delete from shift_assignments where id=?
Hibernate: delete from shift_assignments where id=?
2025-10-26T12:22:32.662+09:00 DEBUG 19468 --- [Shift Scheduler Demo] [           main] org.hibernate.SQL                        : delete from shift_assignments where id=?
Hibernate: delete from shift_assignments where id=?
2025-10-26T12:22:32.662+09:00 DEBUG 19468 --- [Shift Scheduler Demo] [           main] org.hibernate.SQL                        : delete from shift_assignments where id=?
Hibernate: delete from shift_assignments where id=?
2025-10-26T12:22:32.662+09:00 DEBUG 19468 --- [Shift Scheduler Demo] [           main] org.hibernate.SQL                        : delete from shift_assignments where id=?
Hibernate: delete from shift_assignments where id=?
2025-10-26T12:22:32.662+09:00 DEBUG 19468 --- [Shift Scheduler Demo] [           main] org.hibernate.SQL                        : delete from shift_assignments where id=?
Hibernate: delete from shift_assignments where id=?
2025-10-26T12:22:32.662+09:00 DEBUG 19468 --- [Shift Scheduler Demo] [           main] org.hibernate.SQL                        : delete from shift_assignments where id=?
Hibernate: delete from shift_assignments where id=?
2025-10-26T12:22:32.662+09:00 DEBUG 19468 --- [Shift Scheduler Demo] [           main] org.hibernate.SQL                        : delete from shift_assignments where id=?
Hibernate: delete from shift_assignments where id=?
2025-10-26T12:22:32.662+09:00 DEBUG 19468 --- [Shift Scheduler Demo] [           main] org.hibernate.SQL                        : delete from shift_assignments where id=?
Hibernate: delete from shift_assignments where id=?
2025-10-26T12:22:32.662+09:00 DEBUG 19468 --- [Shift Scheduler Demo] [           main] org.hibernate.SQL                        : delete from shift_assignments where id=?
Hibernate: delete from shift_assignments where id=?
2025-10-26T12:22:32.662+09:00 DEBUG 19468 --- [Shift Scheduler Demo] [           main] org.hibernate.SQL                        : delete from shift_assignments where id=?
Hibernate: delete from shift_assignments where id=?
2025-10-26T12:22:32.663+09:00 DEBUG 19468 --- [Shift Scheduler Demo] [           main] org.hibernate.SQL                        : delete from shift_assignments where id=?
Hibernate: delete from shift_assignments where id=?
2025-10-26T12:22:32.663+09:00 DEBUG 19468 --- [Shift Scheduler Demo] [           main] org.hibernate.SQL                        : delete from shift_assignments where id=?
Hibernate: delete from shift_assignments where id=?
2025-10-26T12:22:32.663+09:00 DEBUG 19468 --- [Shift Scheduler Demo] [           main] org.hibernate.SQL                        : delete from shift_assignments where id=?
Hibernate: delete from shift_assignments where id=?
2025-10-26T12:22:32.663+09:00 DEBUG 19468 --- [Shift Scheduler Demo] [           main] org.hibernate.SQL                        : delete from shift_assignments where id=?
Hibernate: delete from shift_assignments where id=?
2025-10-26T12:22:32.663+09:00 DEBUG 19468 --- [Shift Scheduler Demo] [           main] org.hibernate.SQL                        : delete from shift_assignments where id=?
Hibernate: delete from shift_assignments where id=?
2025-10-26T12:22:32.663+09:00 DEBUG 19468 --- [Shift Scheduler Demo] [           main] org.hibernate.SQL                        : delete from shift_assignments where id=?
Hibernate: delete from shift_assignments where id=?
2025-10-26T12:22:32.663+09:00 DEBUG 19468 --- [Shift Scheduler Demo] [           main] org.hibernate.SQL                        : delete from shift_assignments where id=?
Hibernate: delete from shift_assignments where id=?
2025-10-26T12:22:32.663+09:00 DEBUG 19468 --- [Shift Scheduler Demo] [           main] org.hibernate.SQL                        : delete from shift_assignments where id=?
Hibernate: delete from shift_assignments where id=?
2025-10-26T12:22:32.663+09:00 DEBUG 19468 --- [Shift Scheduler Demo] [           main] org.hibernate.SQL                        : delete from shift_assignments where id=?
Hibernate: delete from shift_assignments where id=?
2025-10-26T12:22:32.663+09:00 DEBUG 19468 --- [Shift Scheduler Demo] [           main] org.hibernate.SQL                        : delete from shift_assignments where id=?
Hibernate: delete from shift_assignments where id=?
2025-10-26T12:22:32.663+09:00 DEBUG 19468 --- [Shift Scheduler Demo] [           main] org.hibernate.SQL                        : delete from shift_assignments where id=?
Hibernate: delete from shift_assignments where id=?
2025-10-26T12:22:32.663+09:00 DEBUG 19468 --- [Shift Scheduler Demo] [           main] org.hibernate.SQL                        : delete from shift_assignments where id=?
Hibernate: delete from shift_assignments where id=?
2025-10-26T12:22:32.663+09:00 DEBUG 19468 --- [Shift Scheduler Demo] [           main] org.hibernate.SQL                        : delete from shift_assignments where id=?
Hibernate: delete from shift_assignments where id=?
2025-10-26T12:22:32.664+09:00 DEBUG 19468 --- [Shift Scheduler Demo] [           main] org.hibernate.SQL                        : delete from shift_assignments where id=?
Hibernate: delete from shift_assignments where id=?
2025-10-26T12:22:32.664+09:00 DEBUG 19468 --- [Shift Scheduler Demo] [           main] org.hibernate.SQL                        : delete from shift_assignments where id=?
Hibernate: delete from shift_assignments where id=?
2025-10-26T12:22:32.664+09:00 DEBUG 19468 --- [Shift Scheduler Demo] [           main] org.hibernate.SQL                        : delete from shift_assignments where id=?
Hibernate: delete from shift_assignments where id=?
2025-10-26T12:22:32.664+09:00 DEBUG 19468 --- [Shift Scheduler Demo] [           main] org.hibernate.SQL                        : delete from shift_assignments where id=?
Hibernate: delete from shift_assignments where id=?
2025-10-26T12:22:32.664+09:00 DEBUG 19468 --- [Shift Scheduler Demo] [           main] org.hibernate.SQL                        : delete from shift_assignments where id=?
Hibernate: delete from shift_assignments where id=?
2025-10-26T12:22:32.664+09:00 DEBUG 19468 --- [Shift Scheduler Demo] [           main] org.hibernate.SQL                        : delete from shift_assignments where id=?
Hibernate: delete from shift_assignments where id=?
2025-10-26T12:22:32.664+09:00 DEBUG 19468 --- [Shift Scheduler Demo] [           main] org.hibernate.SQL                        : delete from shift_assignments where id=?
Hibernate: delete from shift_assignments where id=?
2025-10-26T12:22:32.664+09:00 DEBUG 19468 --- [Shift Scheduler Demo] [           main] org.hibernate.SQL                        : delete from shift_assignments where id=?
Hibernate: delete from shift_assignments where id=?
2025-10-26T12:22:32.664+09:00 DEBUG 19468 --- [Shift Scheduler Demo] [           main] org.hibernate.SQL                        : delete from shift_assignments where id=?
Hibernate: delete from shift_assignments where id=?
2025-10-26T12:22:32.664+09:00 DEBUG 19468 --- [Shift Scheduler Demo] [           main] org.hibernate.SQL                        : delete from shift_assignments where id=?
Hibernate: delete from shift_assignments where id=?
2025-10-26T12:22:32.664+09:00 DEBUG 19468 --- [Shift Scheduler Demo] [           main] org.hibernate.SQL                        : delete from shift_assignments where id=?
Hibernate: delete from shift_assignments where id=?
2025-10-26T12:22:32.664+09:00 DEBUG 19468 --- [Shift Scheduler Demo] [           main] org.hibernate.SQL                        : delete from shift_assignments where id=?
Hibernate: delete from shift_assignments where id=?
2025-10-26T12:22:32.664+09:00 DEBUG 19468 --- [Shift Scheduler Demo] [           main] org.hibernate.SQL                        : delete from shift_assignments where id=?
Hibernate: delete from shift_assignments where id=?
2025-10-26T12:22:32.664+09:00 DEBUG 19468 --- [Shift Scheduler Demo] [           main] org.hibernate.SQL                        : delete from shift_assignments where id=?
Hibernate: delete from shift_assignments where id=?
2025-10-26T12:22:32.664+09:00 DEBUG 19468 --- [Shift Scheduler Demo] [           main] org.hibernate.SQL                        : delete from shift_assignments where id=?
Hibernate: delete from shift_assignments where id=?
2025-10-26T12:22:32.664+09:00 DEBUG 19468 --- [Shift Scheduler Demo] [           main] org.hibernate.SQL                        : delete from shift_assignments where id=?
Hibernate: delete from shift_assignments where id=?
2025-10-26T12:22:32.664+09:00 DEBUG 19468 --- [Shift Scheduler Demo] [           main] org.hibernate.SQL                        : delete from shift_assignments where id=?
Hibernate: delete from shift_assignments where id=?
2025-10-26T12:22:32.664+09:00 DEBUG 19468 --- [Shift Scheduler Demo] [           main] org.hibernate.SQL                        : delete from shift_assignments where id=?
Hibernate: delete from shift_assignments where id=?
2025-10-26T12:22:32.665+09:00 DEBUG 19468 --- [Shift Scheduler Demo] [           main] org.hibernate.SQL                        : delete from shift_assignments where id=?
Hibernate: delete from shift_assignments where id=?
2025-10-26T12:22:32.665+09:00 DEBUG 19468 --- [Shift Scheduler Demo] [           main] org.hibernate.SQL                        : delete from shift_assignments where id=?
Hibernate: delete from shift_assignments where id=?
2025-10-26T12:22:32.665+09:00 DEBUG 19468 --- [Shift Scheduler Demo] [           main] org.hibernate.SQL                        : delete from shift_assignments where id=?
Hibernate: delete from shift_assignments where id=?
2025-10-26T12:22:32.665+09:00 DEBUG 19468 --- [Shift Scheduler Demo] [           main] org.hibernate.SQL                        : delete from shift_assignments where id=?
Hibernate: delete from shift_assignments where id=?
2025-10-26T12:22:32.665+09:00 DEBUG 19468 --- [Shift Scheduler Demo] [           main] org.hibernate.SQL                        : delete from shift_assignments where id=?
Hibernate: delete from shift_assignments where id=?
2025-10-26T12:22:32.665+09:00 DEBUG 19468 --- [Shift Scheduler Demo] [           main] org.hibernate.SQL                        : delete from shift_assignments where id=?
Hibernate: delete from shift_assignments where id=?
2025-10-26T12:22:32.665+09:00 DEBUG 19468 --- [Shift Scheduler Demo] [           main] org.hibernate.SQL                        : delete from shift_assignments where id=?
Hibernate: delete from shift_assignments where id=?
2025-10-26T12:22:32.665+09:00 DEBUG 19468 --- [Shift Scheduler Demo] [           main] org.hibernate.SQL                        : delete from shift_assignments where id=?
Hibernate: delete from shift_assignments where id=?
2025-10-26T12:22:32.665+09:00 DEBUG 19468 --- [Shift Scheduler Demo] [           main] org.hibernate.SQL                        : delete from shift_assignments where id=?
Hibernate: delete from shift_assignments where id=?
2025-10-26T12:22:32.665+09:00 DEBUG 19468 --- [Shift Scheduler Demo] [           main] org.hibernate.SQL                        : delete from shift_assignments where id=?
Hibernate: delete from shift_assignments where id=?
2025-10-26T12:22:32.665+09:00 DEBUG 19468 --- [Shift Scheduler Demo] [           main] org.hibernate.SQL                        : delete from shift_assignments where id=?
Hibernate: delete from shift_assignments where id=?
2025-10-26T12:22:32.665+09:00 DEBUG 19468 --- [Shift Scheduler Demo] [           main] org.hibernate.SQL                        : delete from shift_assignments where id=?
Hibernate: delete from shift_assignments where id=?
2025-10-26T12:22:32.665+09:00 DEBUG 19468 --- [Shift Scheduler Demo] [           main] org.hibernate.SQL                        : delete from shift_assignments where id=?
Hibernate: delete from shift_assignments where id=?
2025-10-26T12:22:32.666+09:00 DEBUG 19468 --- [Shift Scheduler Demo] [           main] org.hibernate.SQL                        : delete from shift_assignments where id=?
Hibernate: delete from shift_assignments where id=?
2025-10-26T12:22:32.666+09:00 DEBUG 19468 --- [Shift Scheduler Demo] [           main] org.hibernate.SQL                        : delete from shift_assignments where id=?
Hibernate: delete from shift_assignments where id=?
2025-10-26T12:22:32.666+09:00 DEBUG 19468 --- [Shift Scheduler Demo] [           main] org.hibernate.SQL                        : delete from shift_assignments where id=?
Hibernate: delete from shift_assignments where id=?
2025-10-26T12:22:32.666+09:00 DEBUG 19468 --- [Shift Scheduler Demo] [           main] org.hibernate.SQL                        : delete from shift_assignments where id=?
Hibernate: delete from shift_assignments where id=?
2025-10-26T12:22:32.666+09:00 DEBUG 19468 --- [Shift Scheduler Demo] [           main] org.hibernate.SQL                        : delete from shift_assignments where id=?
Hibernate: delete from shift_assignments where id=?
2025-10-26T12:22:32.666+09:00 DEBUG 19468 --- [Shift Scheduler Demo] [           main] org.hibernate.SQL                        : delete from shift_assignments where id=?
Hibernate: delete from shift_assignments where id=?
2025-10-26T12:22:32.666+09:00 DEBUG 19468 --- [Shift Scheduler Demo] [           main] org.hibernate.SQL                        : delete from shift_assignments where id=?
Hibernate: delete from shift_assignments where id=?
2025-10-26T12:22:32.667+09:00 DEBUG 19468 --- [Shift Scheduler Demo] [           main] org.hibernate.SQL                        : delete from shift_assignments where id=?
Hibernate: delete from shift_assignments where id=?
2025-10-26T12:22:32.667+09:00 DEBUG 19468 --- [Shift Scheduler Demo] [           main] org.hibernate.SQL                        : delete from shift_assignments where id=?
Hibernate: delete from shift_assignments where id=?
2025-10-26T12:22:32.667+09:00 DEBUG 19468 --- [Shift Scheduler Demo] [           main] org.hibernate.SQL                        : delete from shift_assignments where id=?
Hibernate: delete from shift_assignments where id=?
2025-10-26T12:22:32.667+09:00 DEBUG 19468 --- [Shift Scheduler Demo] [           main] org.hibernate.SQL                        : delete from shift_assignments where id=?
Hibernate: delete from shift_assignments where id=?
2025-10-26T12:22:32.667+09:00 DEBUG 19468 --- [Shift Scheduler Demo] [           main] org.hibernate.SQL                        : delete from shift_assignments where id=?
Hibernate: delete from shift_assignments where id=?
2025-10-26T12:22:32.667+09:00 DEBUG 19468 --- [Shift Scheduler Demo] [           main] org.hibernate.SQL                        : delete from shift_assignments where id=?
Hibernate: delete from shift_assignments where id=?
2025-10-26T12:22:32.667+09:00 DEBUG 19468 --- [Shift Scheduler Demo] [           main] org.hibernate.SQL                        : delete from shift_assignments where id=?
Hibernate: delete from shift_assignments where id=?
2025-10-26T12:22:32.667+09:00 DEBUG 19468 --- [Shift Scheduler Demo] [           main] org.hibernate.SQL                        : delete from shift_assignments where id=?
Hibernate: delete from shift_assignments where id=?
2025-10-26T12:22:32.667+09:00 DEBUG 19468 --- [Shift Scheduler Demo] [           main] org.hibernate.SQL                        : delete from shift_assignments where id=?
Hibernate: delete from shift_assignments where id=?
2025-10-26T12:22:32.667+09:00 DEBUG 19468 --- [Shift Scheduler Demo] [           main] org.hibernate.SQL                        : delete from shift_assignments where id=?
Hibernate: delete from shift_assignments where id=?
2025-10-26T12:22:32.667+09:00 DEBUG 19468 --- [Shift Scheduler Demo] [           main] org.hibernate.SQL                        : delete from shift_assignments where id=?
Hibernate: delete from shift_assignments where id=?
2025-10-26T12:22:32.667+09:00 DEBUG 19468 --- [Shift Scheduler Demo] [           main] org.hibernate.SQL                        : delete from shift_assignments where id=?
Hibernate: delete from shift_assignments where id=?
2025-10-26T12:22:32.667+09:00 DEBUG 19468 --- [Shift Scheduler Demo] [           main] org.hibernate.SQL                        : delete from shift_assignments where id=?
Hibernate: delete from shift_assignments where id=?
2025-10-26T12:22:32.667+09:00 DEBUG 19468 --- [Shift Scheduler Demo] [           main] org.hibernate.SQL                        : delete from shift_assignments where id=?
Hibernate: delete from shift_assignments where id=?
2025-10-26T12:22:32.668+09:00 DEBUG 19468 --- [Shift Scheduler Demo] [           main] org.hibernate.SQL                        : delete from shift_assignments where id=?
Hibernate: delete from shift_assignments where id=?
2025-10-26T12:22:32.668+09:00 DEBUG 19468 --- [Shift Scheduler Demo] [           main] org.hibernate.SQL                        : delete from shift_assignments where id=?
Hibernate: delete from shift_assignments where id=?
2025-10-26T12:22:32.668+09:00 DEBUG 19468 --- [Shift Scheduler Demo] [           main] org.hibernate.SQL                        : delete from shift_assignments where id=?
Hibernate: delete from shift_assignments where id=?
2025-10-26T12:22:32.668+09:00 DEBUG 19468 --- [Shift Scheduler Demo] [           main] org.hibernate.SQL                        : delete from shift_assignments where id=?
Hibernate: delete from shift_assignments where id=?
2025-10-26T12:22:32.668+09:00 DEBUG 19468 --- [Shift Scheduler Demo] [           main] org.hibernate.SQL                        : delete from shift_assignments where id=?
Hibernate: delete from shift_assignments where id=?
2025-10-26T12:22:32.668+09:00 DEBUG 19468 --- [Shift Scheduler Demo] [           main] org.hibernate.SQL                        : delete from shift_assignments where id=?
Hibernate: delete from shift_assignments where id=?
2025-10-26T12:22:32.668+09:00 DEBUG 19468 --- [Shift Scheduler Demo] [           main] org.hibernate.SQL                        : delete from shift_assignments where id=?
Hibernate: delete from shift_assignments where id=?
2025-10-26T12:22:32.668+09:00 DEBUG 19468 --- [Shift Scheduler Demo] [           main] org.hibernate.SQL                        : delete from shift_assignments where id=?
Hibernate: delete from shift_assignments where id=?
2025-10-26T12:22:32.668+09:00 DEBUG 19468 --- [Shift Scheduler Demo] [           main] org.hibernate.SQL                        : delete from shift_assignments where id=?
Hibernate: delete from shift_assignments where id=?
2025-10-26T12:22:32.668+09:00 DEBUG 19468 --- [Shift Scheduler Demo] [           main] org.hibernate.SQL                        : delete from shift_assignments where id=?
Hibernate: delete from shift_assignments where id=?
2025-10-26T12:22:32.668+09:00 DEBUG 19468 --- [Shift Scheduler Demo] [           main] org.hibernate.SQL                        : delete from shift_assignments where id=?
Hibernate: delete from shift_assignments where id=?
2025-10-26T12:22:32.668+09:00 DEBUG 19468 --- [Shift Scheduler Demo] [           main] org.hibernate.SQL                        : delete from shift_assignments where id=?
Hibernate: delete from shift_assignments where id=?
2025-10-26T12:22:32.668+09:00 DEBUG 19468 --- [Shift Scheduler Demo] [           main] org.hibernate.SQL                        : delete from shift_assignments where id=?
Hibernate: delete from shift_assignments where id=?
2025-10-26T12:22:32.668+09:00 DEBUG 19468 --- [Shift Scheduler Demo] [           main] org.hibernate.SQL                        : delete from shift_assignments where id=?
Hibernate: delete from shift_assignments where id=?
2025-10-26T12:22:32.668+09:00 DEBUG 19468 --- [Shift Scheduler Demo] [           main] org.hibernate.SQL                        : delete from shift_assignments where id=?
Hibernate: delete from shift_assignments where id=?
2025-10-26T12:22:32.668+09:00 DEBUG 19468 --- [Shift Scheduler Demo] [           main] org.hibernate.SQL                        : delete from shift_assignments where id=?
Hibernate: delete from shift_assignments where id=?
2025-10-26T12:22:32.668+09:00 DEBUG 19468 --- [Shift Scheduler Demo] [           main] org.hibernate.SQL                        : delete from shift_assignments where id=?
Hibernate: delete from shift_assignments where id=?
2025-10-26T12:22:32.668+09:00 DEBUG 19468 --- [Shift Scheduler Demo] [           main] org.hibernate.SQL                        : delete from shift_assignments where id=?
Hibernate: delete from shift_assignments where id=?
2025-10-26T12:22:32.668+09:00 DEBUG 19468 --- [Shift Scheduler Demo] [           main] org.hibernate.SQL                        : delete from shift_assignments where id=?
Hibernate: delete from shift_assignments where id=?
2025-10-26T12:22:32.668+09:00 DEBUG 19468 --- [Shift Scheduler Demo] [           main] org.hibernate.SQL                        : delete from shift_assignments where id=?
Hibernate: delete from shift_assignments where id=?
2025-10-26T12:22:32.668+09:00 DEBUG 19468 --- [Shift Scheduler Demo] [           main] org.hibernate.SQL                        : delete from shift_assignments where id=?
Hibernate: delete from shift_assignments where id=?
2025-10-26T12:22:32.669+09:00 DEBUG 19468 --- [Shift Scheduler Demo] [           main] org.hibernate.SQL                        : delete from shift_assignments where id=?
Hibernate: delete from shift_assignments where id=?
2025-10-26T12:22:32.669+09:00 DEBUG 19468 --- [Shift Scheduler Demo] [           main] org.hibernate.SQL                        : delete from shift_assignments where id=?
Hibernate: delete from shift_assignments where id=?
2025-10-26T12:22:32.669+09:00 DEBUG 19468 --- [Shift Scheduler Demo] [           main] org.hibernate.SQL                        : delete from shift_assignments where id=?
Hibernate: delete from shift_assignments where id=?
2025-10-26T12:22:32.669+09:00 DEBUG 19468 --- [Shift Scheduler Demo] [           main] org.hibernate.SQL                        : delete from shift_assignments where id=?
Hibernate: delete from shift_assignments where id=?
2025-10-26T12:22:32.669+09:00 DEBUG 19468 --- [Shift Scheduler Demo] [           main] org.hibernate.SQL                        : delete from shift_assignments where id=?
Hibernate: delete from shift_assignments where id=?
2025-10-26T12:22:32.669+09:00 DEBUG 19468 --- [Shift Scheduler Demo] [           main] org.hibernate.SQL                        : delete from shift_assignments where id=?
Hibernate: delete from shift_assignments where id=?
2025-10-26T12:22:32.669+09:00 DEBUG 19468 --- [Shift Scheduler Demo] [           main] org.hibernate.SQL                        : delete from shift_assignments where id=?
Hibernate: delete from shift_assignments where id=?
2025-10-26T12:22:32.669+09:00 DEBUG 19468 --- [Shift Scheduler Demo] [           main] org.hibernate.SQL                        : delete from shift_assignments where id=?
Hibernate: delete from shift_assignments where id=?
2025-10-26T12:22:32.670+09:00 DEBUG 19468 --- [Shift Scheduler Demo] [           main] org.hibernate.SQL                        : delete from shift_assignments where id=?
Hibernate: delete from shift_assignments where id=?
2025-10-26T12:22:32.670+09:00 DEBUG 19468 --- [Shift Scheduler Demo] [           main] org.hibernate.SQL                        : delete from shift_assignments where id=?
Hibernate: delete from shift_assignments where id=?
2025-10-26T12:22:32.670+09:00 DEBUG 19468 --- [Shift Scheduler Demo] [           main] org.hibernate.SQL                        : delete from shift_assignments where id=?
Hibernate: delete from shift_assignments where id=?
2025-10-26T12:22:32.670+09:00 DEBUG 19468 --- [Shift Scheduler Demo] [           main] org.hibernate.SQL                        : delete from shift_assignments where id=?
Hibernate: delete from shift_assignments where id=?
2025-10-26T12:22:32.670+09:00 DEBUG 19468 --- [Shift Scheduler Demo] [           main] org.hibernate.SQL                        : delete from shift_assignments where id=?
Hibernate: delete from shift_assignments where id=?
2025-10-26T12:22:32.670+09:00 DEBUG 19468 --- [Shift Scheduler Demo] [           main] org.hibernate.SQL                        : delete from shift_assignments where id=?
Hibernate: delete from shift_assignments where id=?
2025-10-26T12:22:32.670+09:00 DEBUG 19468 --- [Shift Scheduler Demo] [           main] org.hibernate.SQL                        : delete from shift_assignments where id=?
Hibernate: delete from shift_assignments where id=?
2025-10-26T12:22:32.670+09:00 DEBUG 19468 --- [Shift Scheduler Demo] [           main] org.hibernate.SQL                        : delete from shift_assignments where id=?
Hibernate: delete from shift_assignments where id=?
2025-10-26T12:22:32.670+09:00 DEBUG 19468 --- [Shift Scheduler Demo] [           main] org.hibernate.SQL                        : delete from shift_assignments where id=?
Hibernate: delete from shift_assignments where id=?
2025-10-26T12:22:32.670+09:00 DEBUG 19468 --- [Shift Scheduler Demo] [           main] org.hibernate.SQL                        : delete from shift_assignments where id=?
Hibernate: delete from shift_assignments where id=?
2025-10-26T12:22:32.671+09:00 DEBUG 19468 --- [Shift Scheduler Demo] [           main] org.hibernate.SQL                        : delete from shift_assignments where id=?
Hibernate: delete from shift_assignments where id=?
2025-10-26T12:22:32.671+09:00 DEBUG 19468 --- [Shift Scheduler Demo] [           main] org.hibernate.SQL                        : delete from shift_assignments where id=?
Hibernate: delete from shift_assignments where id=?
2025-10-26T12:22:32.671+09:00 DEBUG 19468 --- [Shift Scheduler Demo] [           main] org.hibernate.SQL                        : delete from shift_assignments where id=?
Hibernate: delete from shift_assignments where id=?
2025-10-26T12:22:32.671+09:00 DEBUG 19468 --- [Shift Scheduler Demo] [           main] org.hibernate.SQL                        : delete from shift_assignments where id=?
Hibernate: delete from shift_assignments where id=?
2025-10-26T12:22:32.671+09:00 DEBUG 19468 --- [Shift Scheduler Demo] [           main] org.hibernate.SQL                        : delete from shift_assignments where id=?
Hibernate: delete from shift_assignments where id=?
2025-10-26T12:22:32.671+09:00 DEBUG 19468 --- [Shift Scheduler Demo] [           main] org.hibernate.SQL                        : delete from shift_assignments where id=?
Hibernate: delete from shift_assignments where id=?
2025-10-26T12:22:32.671+09:00 DEBUG 19468 --- [Shift Scheduler Demo] [           main] org.hibernate.SQL                        : delete from shift_assignments where id=?
Hibernate: delete from shift_assignments where id=?
2025-10-26T12:22:32.671+09:00 DEBUG 19468 --- [Shift Scheduler Demo] [           main] org.hibernate.SQL                        : delete from shift_assignments where id=?
Hibernate: delete from shift_assignments where id=?
2025-10-26T12:22:32.671+09:00 DEBUG 19468 --- [Shift Scheduler Demo] [           main] org.hibernate.SQL                        : delete from shift_assignments where id=?
Hibernate: delete from shift_assignments where id=?
2025-10-26T12:22:32.671+09:00 DEBUG 19468 --- [Shift Scheduler Demo] [           main] org.hibernate.SQL                        : delete from shift_assignments where id=?
Hibernate: delete from shift_assignments where id=?
2025-10-26T12:22:32.671+09:00 DEBUG 19468 --- [Shift Scheduler Demo] [           main] org.hibernate.SQL                        : delete from shift_assignments where id=?
Hibernate: delete from shift_assignments where id=?
2025-10-26T12:22:32.671+09:00 DEBUG 19468 --- [Shift Scheduler Demo] [           main] org.hibernate.SQL                        : delete from shift_assignments where id=?
Hibernate: delete from shift_assignments where id=?
2025-10-26T12:22:32.671+09:00 DEBUG 19468 --- [Shift Scheduler Demo] [           main] org.hibernate.SQL                        : delete from shift_assignments where id=?
Hibernate: delete from shift_assignments where id=?
2025-10-26T12:22:32.672+09:00 DEBUG 19468 --- [Shift Scheduler Demo] [           main] org.hibernate.SQL                        : delete from shift_assignments where id=?
Hibernate: delete from shift_assignments where id=?
2025-10-26T12:22:32.674+09:00 DEBUG 19468 --- [Shift Scheduler Demo] [           main] org.hibernate.SQL                        : delete from shift_assignments where id=?
Hibernate: delete from shift_assignments where id=?
2025-10-26T12:22:32.681+09:00 DEBUG 19468 --- [Shift Scheduler Demo] [           main] org.hibernate.SQL                        : delete from shift_assignments where id=?
Hibernate: delete from shift_assignments where id=?
2025-10-26T12:22:32.682+09:00 DEBUG 19468 --- [Shift Scheduler Demo] [           main] org.hibernate.SQL                        : delete from shift_assignments where id=?
Hibernate: delete from shift_assignments where id=?
2025-10-26T12:22:32.682+09:00 DEBUG 19468 --- [Shift Scheduler Demo] [           main] org.hibernate.SQL                        : delete from shift_assignments where id=?
Hibernate: delete from shift_assignments where id=?
2025-10-26T12:22:32.682+09:00 DEBUG 19468 --- [Shift Scheduler Demo] [           main] org.hibernate.SQL                        : delete from shift_assignments where id=?
Hibernate: delete from shift_assignments where id=?
2025-10-26T12:22:32.682+09:00 DEBUG 19468 --- [Shift Scheduler Demo] [           main] org.hibernate.SQL                        : delete from shift_assignments where id=?
Hibernate: delete from shift_assignments where id=?
2025-10-26T12:22:32.682+09:00 DEBUG 19468 --- [Shift Scheduler Demo] [           main] org.hibernate.SQL                        : delete from shift_assignments where id=?
Hibernate: delete from shift_assignments where id=?
2025-10-26T12:22:32.682+09:00 DEBUG 19468 --- [Shift Scheduler Demo] [           main] org.hibernate.SQL                        : delete from shift_assignments where id=?
Hibernate: delete from shift_assignments where id=?
2025-10-26T12:22:32.682+09:00 DEBUG 19468 --- [Shift Scheduler Demo] [           main] org.hibernate.SQL                        : delete from shift_assignments where id=?
Hibernate: delete from shift_assignments where id=?
2025-10-26T12:22:32.683+09:00 DEBUG 19468 --- [Shift Scheduler Demo] [           main] org.hibernate.SQL                        : delete from shift_assignments where id=?
Hibernate: delete from shift_assignments where id=?
2025-10-26T12:22:32.683+09:00 DEBUG 19468 --- [Shift Scheduler Demo] [           main] org.hibernate.SQL                        : delete from shift_assignments where id=?
Hibernate: delete from shift_assignments where id=?
2025-10-26T12:22:32.683+09:00 DEBUG 19468 --- [Shift Scheduler Demo] [           main] org.hibernate.SQL                        : delete from shift_assignments where id=?
Hibernate: delete from shift_assignments where id=?
2025-10-26T12:22:32.683+09:00 DEBUG 19468 --- [Shift Scheduler Demo] [           main] org.hibernate.SQL                        : delete from shift_assignments where id=?
Hibernate: delete from shift_assignments where id=?
2025-10-26T12:22:32.683+09:00 DEBUG 19468 --- [Shift Scheduler Demo] [           main] org.hibernate.SQL                        : delete from shift_assignments where id=?
Hibernate: delete from shift_assignments where id=?
2025-10-26T12:22:32.683+09:00 DEBUG 19468 --- [Shift Scheduler Demo] [           main] org.hibernate.SQL                        : delete from shift_assignments where id=?
Hibernate: delete from shift_assignments where id=?
2025-10-26T12:22:32.683+09:00 DEBUG 19468 --- [Shift Scheduler Demo] [           main] org.hibernate.SQL                        : delete from shift_assignments where id=?
Hibernate: delete from shift_assignments where id=?
2025-10-26T12:22:32.683+09:00 DEBUG 19468 --- [Shift Scheduler Demo] [           main] org.hibernate.SQL                        : delete from shift_assignments where id=?
Hibernate: delete from shift_assignments where id=?
2025-10-26T12:22:32.683+09:00 DEBUG 19468 --- [Shift Scheduler Demo] [           main] org.hibernate.SQL                        : delete from shift_assignments where id=?
Hibernate: delete from shift_assignments where id=?
2025-10-26T12:22:32.683+09:00 DEBUG 19468 --- [Shift Scheduler Demo] [           main] org.hibernate.SQL                        : delete from shift_assignments where id=?
Hibernate: delete from shift_assignments where id=?
2025-10-26T12:22:32.683+09:00 DEBUG 19468 --- [Shift Scheduler Demo] [           main] org.hibernate.SQL                        : delete from shift_assignments where id=?
Hibernate: delete from shift_assignments where id=?
2025-10-26T12:22:32.683+09:00 DEBUG 19468 --- [Shift Scheduler Demo] [           main] org.hibernate.SQL                        : delete from shift_assignments where id=?
Hibernate: delete from shift_assignments where id=?
2025-10-26T12:22:32.683+09:00 DEBUG 19468 --- [Shift Scheduler Demo] [           main] org.hibernate.SQL                        : delete from shift_assignments where id=?
Hibernate: delete from shift_assignments where id=?
2025-10-26T12:22:32.683+09:00 DEBUG 19468 --- [Shift Scheduler Demo] [           main] org.hibernate.SQL                        : delete from shift_assignments where id=?
Hibernate: delete from shift_assignments where id=?
2025-10-26T12:22:32.683+09:00 DEBUG 19468 --- [Shift Scheduler Demo] [           main] org.hibernate.SQL                        : delete from shift_assignments where id=?
Hibernate: delete from shift_assignments where id=?
2025-10-26T12:22:32.683+09:00 DEBUG 19468 --- [Shift Scheduler Demo] [           main] org.hibernate.SQL                        : delete from shift_assignments where id=?
Hibernate: delete from shift_assignments where id=?
2025-10-26T12:22:32.683+09:00 DEBUG 19468 --- [Shift Scheduler Demo] [           main] org.hibernate.SQL                        : delete from shift_assignments where id=?
Hibernate: delete from shift_assignments where id=?
2025-10-26T12:22:32.683+09:00 DEBUG 19468 --- [Shift Scheduler Demo] [           main] org.hibernate.SQL                        : delete from shift_assignments where id=?
Hibernate: delete from shift_assignments where id=?
2025-10-26T12:22:32.683+09:00 DEBUG 19468 --- [Shift Scheduler Demo] [           main] org.hibernate.SQL                        : delete from shift_assignments where id=?
Hibernate: delete from shift_assignments where id=?
2025-10-26T12:22:32.683+09:00 DEBUG 19468 --- [Shift Scheduler Demo] [           main] org.hibernate.SQL                        : delete from shift_assignments where id=?
Hibernate: delete from shift_assignments where id=?
2025-10-26T12:22:32.683+09:00 DEBUG 19468 --- [Shift Scheduler Demo] [           main] org.hibernate.SQL                        : delete from shift_assignments where id=?
Hibernate: delete from shift_assignments where id=?
2025-10-26T12:22:32.683+09:00 DEBUG 19468 --- [Shift Scheduler Demo] [           main] org.hibernate.SQL                        : delete from shift_assignments where id=?
Hibernate: delete from shift_assignments where id=?
2025-10-26T12:22:32.683+09:00 DEBUG 19468 --- [Shift Scheduler Demo] [           main] org.hibernate.SQL                        : delete from shift_assignments where id=?
Hibernate: delete from shift_assignments where id=?
2025-10-26T12:22:32.683+09:00 DEBUG 19468 --- [Shift Scheduler Demo] [           main] org.hibernate.SQL                        : delete from shift_assignments where id=?
Hibernate: delete from shift_assignments where id=?
2025-10-26T12:22:32.683+09:00 DEBUG 19468 --- [Shift Scheduler Demo] [           main] org.hibernate.SQL                        : delete from shift_assignments where id=?
Hibernate: delete from shift_assignments where id=?
2025-10-26T12:22:32.683+09:00 DEBUG 19468 --- [Shift Scheduler Demo] [           main] org.hibernate.SQL                        : delete from shift_assignments where id=?
Hibernate: delete from shift_assignments where id=?
2025-10-26T12:22:32.683+09:00 DEBUG 19468 --- [Shift Scheduler Demo] [           main] org.hibernate.SQL                        : delete from shift_assignments where id=?
Hibernate: delete from shift_assignments where id=?
2025-10-26T12:22:32.684+09:00 DEBUG 19468 --- [Shift Scheduler Demo] [           main] org.hibernate.SQL                        : delete from shift_assignments where id=?
Hibernate: delete from shift_assignments where id=?
2025-10-26T12:22:32.684+09:00 DEBUG 19468 --- [Shift Scheduler Demo] [           main] org.hibernate.SQL                        : delete from shift_assignments where id=?
Hibernate: delete from shift_assignments where id=?
2025-10-26T12:22:32.684+09:00 DEBUG 19468 --- [Shift Scheduler Demo] [           main] org.hibernate.SQL                        : delete from shift_assignments where id=?
Hibernate: delete from shift_assignments where id=?
2025-10-26T12:22:32.684+09:00 DEBUG 19468 --- [Shift Scheduler Demo] [           main] org.hibernate.SQL                        : delete from shift_assignments where id=?
Hibernate: delete from shift_assignments where id=?
2025-10-26T12:22:32.684+09:00 DEBUG 19468 --- [Shift Scheduler Demo] [           main] org.hibernate.SQL                        : delete from shift_assignments where id=?
Hibernate: delete from shift_assignments where id=?
2025-10-26T12:22:32.684+09:00 DEBUG 19468 --- [Shift Scheduler Demo] [           main] org.hibernate.SQL                        : delete from shift_assignments where id=?
Hibernate: delete from shift_assignments where id=?
2025-10-26T12:22:32.684+09:00 DEBUG 19468 --- [Shift Scheduler Demo] [           main] org.hibernate.SQL                        : delete from shift_assignments where id=?
Hibernate: delete from shift_assignments where id=?
2025-10-26T12:22:32.684+09:00 DEBUG 19468 --- [Shift Scheduler Demo] [           main] org.hibernate.SQL                        : delete from shift_assignments where id=?
Hibernate: delete from shift_assignments where id=?
2025-10-26T12:22:32.684+09:00 DEBUG 19468 --- [Shift Scheduler Demo] [           main] org.hibernate.SQL                        : delete from shift_assignments where id=?
Hibernate: delete from shift_assignments where id=?
2025-10-26T12:22:32.684+09:00 DEBUG 19468 --- [Shift Scheduler Demo] [           main] org.hibernate.SQL                        : delete from shift_assignments where id=?
Hibernate: delete from shift_assignments where id=?
2025-10-26T12:22:32.684+09:00 DEBUG 19468 --- [Shift Scheduler Demo] [           main] org.hibernate.SQL                        : delete from shift_assignments where id=?
Hibernate: delete from shift_assignments where id=?
2025-10-26T12:22:32.684+09:00 DEBUG 19468 --- [Shift Scheduler Demo] [           main] org.hibernate.SQL                        : delete from shift_assignments where id=?
Hibernate: delete from shift_assignments where id=?
2025-10-26T12:22:32.684+09:00 DEBUG 19468 --- [Shift Scheduler Demo] [           main] org.hibernate.SQL                        : delete from shift_assignments where id=?
Hibernate: delete from shift_assignments where id=?
2025-10-26T12:22:32.684+09:00 DEBUG 19468 --- [Shift Scheduler Demo] [           main] org.hibernate.SQL                        : delete from shift_assignments where id=?
Hibernate: delete from shift_assignments where id=?
2025-10-26T12:22:32.684+09:00 DEBUG 19468 --- [Shift Scheduler Demo] [           main] org.hibernate.SQL                        : delete from shift_assignments where id=?
Hibernate: delete from shift_assignments where id=?
2025-10-26T12:22:32.684+09:00 DEBUG 19468 --- [Shift Scheduler Demo] [           main] org.hibernate.SQL                        : delete from shift_assignments where id=?
Hibernate: delete from shift_assignments where id=?
2025-10-26T12:22:32.684+09:00 DEBUG 19468 --- [Shift Scheduler Demo] [           main] org.hibernate.SQL                        : delete from shift_assignments where id=?
Hibernate: delete from shift_assignments where id=?
2025-10-26T12:22:32.684+09:00 DEBUG 19468 --- [Shift Scheduler Demo] [           main] org.hibernate.SQL                        : delete from shift_assignments where id=?
Hibernate: delete from shift_assignments where id=?
2025-10-26T12:22:32.684+09:00 DEBUG 19468 --- [Shift Scheduler Demo] [           main] org.hibernate.SQL                        : delete from shift_assignments where id=?
Hibernate: delete from shift_assignments where id=?
2025-10-26T12:22:32.684+09:00 DEBUG 19468 --- [Shift Scheduler Demo] [           main] org.hibernate.SQL                        : delete from shift_assignments where id=?
Hibernate: delete from shift_assignments where id=?
2025-10-26T12:22:32.684+09:00 DEBUG 19468 --- [Shift Scheduler Demo] [           main] org.hibernate.SQL                        : delete from shift_assignments where id=?
Hibernate: delete from shift_assignments where id=?
2025-10-26T12:22:32.684+09:00 DEBUG 19468 --- [Shift Scheduler Demo] [           main] org.hibernate.SQL                        : delete from shift_assignments where id=?
Hibernate: delete from shift_assignments where id=?
2025-10-26T12:22:32.684+09:00 DEBUG 19468 --- [Shift Scheduler Demo] [           main] org.hibernate.SQL                        : delete from shift_assignments where id=?
Hibernate: delete from shift_assignments where id=?
2025-10-26T12:22:32.684+09:00 DEBUG 19468 --- [Shift Scheduler Demo] [           main] org.hibernate.SQL                        : delete from shift_assignments where id=?
Hibernate: delete from shift_assignments where id=?
2025-10-26T12:22:32.684+09:00 DEBUG 19468 --- [Shift Scheduler Demo] [           main] org.hibernate.SQL                        : delete from shift_assignments where id=?
Hibernate: delete from shift_assignments where id=?
2025-10-26T12:22:32.684+09:00 DEBUG 19468 --- [Shift Scheduler Demo] [           main] org.hibernate.SQL                        : delete from shift_assignments where id=?
Hibernate: delete from shift_assignments where id=?
2025-10-26T12:22:32.684+09:00 DEBUG 19468 --- [Shift Scheduler Demo] [           main] org.hibernate.SQL                        : delete from shift_assignments where id=?
Hibernate: delete from shift_assignments where id=?
2025-10-26T12:22:32.684+09:00 DEBUG 19468 --- [Shift Scheduler Demo] [           main] org.hibernate.SQL                        : delete from shift_assignments where id=?
Hibernate: delete from shift_assignments where id=?
2025-10-26T12:22:32.685+09:00 DEBUG 19468 --- [Shift Scheduler Demo] [           main] org.hibernate.SQL                        : delete from shift_assignments where id=?
Hibernate: delete from shift_assignments where id=?
2025-10-26T12:22:32.685+09:00 DEBUG 19468 --- [Shift Scheduler Demo] [           main] org.hibernate.SQL                        : delete from shift_assignments where id=?
Hibernate: delete from shift_assignments where id=?
2025-10-26T12:22:32.685+09:00 DEBUG 19468 --- [Shift Scheduler Demo] [           main] org.hibernate.SQL                        : delete from shift_assignments where id=?
Hibernate: delete from shift_assignments where id=?
2025-10-26T12:22:32.685+09:00 DEBUG 19468 --- [Shift Scheduler Demo] [           main] org.hibernate.SQL                        : delete from shift_assignments where id=?
Hibernate: delete from shift_assignments where id=?
2025-10-26T12:22:32.685+09:00 DEBUG 19468 --- [Shift Scheduler Demo] [           main] org.hibernate.SQL                        : delete from shift_assignments where id=?
Hibernate: delete from shift_assignments where id=?
2025-10-26T12:22:32.685+09:00 DEBUG 19468 --- [Shift Scheduler Demo] [           main] org.hibernate.SQL                        : delete from shift_assignments where id=?
Hibernate: delete from shift_assignments where id=?
2025-10-26T12:22:32.685+09:00 DEBUG 19468 --- [Shift Scheduler Demo] [           main] org.hibernate.SQL                        : delete from shift_assignments where id=?
Hibernate: delete from shift_assignments where id=?
2025-10-26T12:22:32.685+09:00 DEBUG 19468 --- [Shift Scheduler Demo] [           main] org.hibernate.SQL                        : delete from shift_assignments where id=?
Hibernate: delete from shift_assignments where id=?
2025-10-26T12:22:32.685+09:00 DEBUG 19468 --- [Shift Scheduler Demo] [           main] org.hibernate.SQL                        : delete from shift_assignments where id=?
Hibernate: delete from shift_assignments where id=?
2025-10-26T12:22:32.685+09:00 DEBUG 19468 --- [Shift Scheduler Demo] [           main] org.hibernate.SQL                        : delete from shift_assignments where id=?
Hibernate: delete from shift_assignments where id=?
2025-10-26T12:22:32.685+09:00 DEBUG 19468 --- [Shift Scheduler Demo] [           main] org.hibernate.SQL                        : delete from shift_assignments where id=?
Hibernate: delete from shift_assignments where id=?
2025-10-26T12:22:32.685+09:00 DEBUG 19468 --- [Shift Scheduler Demo] [           main] org.hibernate.SQL                        : delete from shift_assignments where id=?
Hibernate: delete from shift_assignments where id=?
2025-10-26T12:22:32.685+09:00 DEBUG 19468 --- [Shift Scheduler Demo] [           main] org.hibernate.SQL                        : delete from shift_assignments where id=?
Hibernate: delete from shift_assignments where id=?
2025-10-26T12:22:32.685+09:00 DEBUG 19468 --- [Shift Scheduler Demo] [           main] org.hibernate.SQL                        : delete from shift_assignments where id=?
Hibernate: delete from shift_assignments where id=?
2025-10-26T12:22:32.686+09:00 DEBUG 19468 --- [Shift Scheduler Demo] [           main] org.hibernate.SQL                        : delete from shift_assignments where id=?
Hibernate: delete from shift_assignments where id=?
2025-10-26T12:22:32.686+09:00 DEBUG 19468 --- [Shift Scheduler Demo] [           main] org.hibernate.SQL                        : delete from shift_assignments where id=?
Hibernate: delete from shift_assignments where id=?
2025-10-26T12:22:32.686+09:00 DEBUG 19468 --- [Shift Scheduler Demo] [           main] org.hibernate.SQL                        : delete from shift_assignments where id=?
Hibernate: delete from shift_assignments where id=?
2025-10-26T12:22:32.686+09:00 DEBUG 19468 --- [Shift Scheduler Demo] [           main] org.hibernate.SQL                        : delete from shift_assignments where id=?
Hibernate: delete from shift_assignments where id=?
2025-10-26T12:22:32.686+09:00 DEBUG 19468 --- [Shift Scheduler Demo] [           main] org.hibernate.SQL                        : delete from shift_assignments where id=?
Hibernate: delete from shift_assignments where id=?
2025-10-26T12:22:32.686+09:00 DEBUG 19468 --- [Shift Scheduler Demo] [           main] org.hibernate.SQL                        : delete from shift_assignments where id=?
Hibernate: delete from shift_assignments where id=?
2025-10-26T12:22:32.686+09:00 DEBUG 19468 --- [Shift Scheduler Demo] [           main] org.hibernate.SQL                        : delete from shift_assignments where id=?
Hibernate: delete from shift_assignments where id=?
2025-10-26T12:22:32.686+09:00 DEBUG 19468 --- [Shift Scheduler Demo] [           main] org.hibernate.SQL                        : delete from shift_assignments where id=?
Hibernate: delete from shift_assignments where id=?
2025-10-26T12:22:32.686+09:00 DEBUG 19468 --- [Shift Scheduler Demo] [           main] org.hibernate.SQL                        : delete from shift_assignments where id=?
Hibernate: delete from shift_assignments where id=?
2025-10-26T12:22:32.686+09:00 DEBUG 19468 --- [Shift Scheduler Demo] [           main] org.hibernate.SQL                        : delete from shift_assignments where id=?
Hibernate: delete from shift_assignments where id=?
2025-10-26T12:22:32.686+09:00 DEBUG 19468 --- [Shift Scheduler Demo] [           main] org.hibernate.SQL                        : delete from shift_assignments where id=?
Hibernate: delete from shift_assignments where id=?
2025-10-26T12:22:32.686+09:00 DEBUG 19468 --- [Shift Scheduler Demo] [           main] org.hibernate.SQL                        : delete from shift_assignments where id=?
Hibernate: delete from shift_assignments where id=?
2025-10-26T12:22:32.687+09:00 DEBUG 19468 --- [Shift Scheduler Demo] [           main] org.hibernate.SQL                        : delete from shift_assignments where id=?
Hibernate: delete from shift_assignments where id=?
2025-10-26T12:22:32.687+09:00 DEBUG 19468 --- [Shift Scheduler Demo] [           main] org.hibernate.SQL                        : delete from shift_assignments where id=?
Hibernate: delete from shift_assignments where id=?
2025-10-26T12:22:32.687+09:00 DEBUG 19468 --- [Shift Scheduler Demo] [           main] org.hibernate.SQL                        : delete from shift_assignments where id=?
Hibernate: delete from shift_assignments where id=?
2025-10-26T12:22:32.687+09:00 DEBUG 19468 --- [Shift Scheduler Demo] [           main] org.hibernate.SQL                        : delete from shift_assignments where id=?
Hibernate: delete from shift_assignments where id=?
2025-10-26T12:22:32.687+09:00 DEBUG 19468 --- [Shift Scheduler Demo] [           main] org.hibernate.SQL                        : delete from shift_assignments where id=?
Hibernate: delete from shift_assignments where id=?
2025-10-26T12:22:32.687+09:00 DEBUG 19468 --- [Shift Scheduler Demo] [           main] org.hibernate.SQL                        : delete from shift_assignments where id=?
Hibernate: delete from shift_assignments where id=?
2025-10-26T12:22:32.688+09:00 DEBUG 19468 --- [Shift Scheduler Demo] [           main] org.hibernate.SQL                        : delete from shift_assignments where id=?
Hibernate: delete from shift_assignments where id=?
2025-10-26T12:22:32.688+09:00 DEBUG 19468 --- [Shift Scheduler Demo] [           main] org.hibernate.SQL                        : delete from shift_assignments where id=?
Hibernate: delete from shift_assignments where id=?
2025-10-26T12:22:32.688+09:00 DEBUG 19468 --- [Shift Scheduler Demo] [           main] org.hibernate.SQL                        : delete from shift_assignments where id=?
Hibernate: delete from shift_assignments where id=?
2025-10-26T12:22:32.688+09:00 DEBUG 19468 --- [Shift Scheduler Demo] [           main] org.hibernate.SQL                        : delete from shift_assignments where id=?
Hibernate: delete from shift_assignments where id=?
2025-10-26T12:22:32.688+09:00 DEBUG 19468 --- [Shift Scheduler Demo] [           main] org.hibernate.SQL                        : delete from shift_assignments where id=?
Hibernate: delete from shift_assignments where id=?
2025-10-26T12:22:32.688+09:00 DEBUG 19468 --- [Shift Scheduler Demo] [           main] org.hibernate.SQL                        : delete from shift_assignments where id=?
Hibernate: delete from shift_assignments where id=?
2025-10-26T12:22:32.688+09:00 DEBUG 19468 --- [Shift Scheduler Demo] [           main] org.hibernate.SQL                        : delete from shift_assignments where id=?
Hibernate: delete from shift_assignments where id=?
2025-10-26T12:22:32.688+09:00 DEBUG 19468 --- [Shift Scheduler Demo] [           main] org.hibernate.SQL                        : delete from shift_assignments where id=?
Hibernate: delete from shift_assignments where id=?
2025-10-26T12:22:32.688+09:00 DEBUG 19468 --- [Shift Scheduler Demo] [           main] org.hibernate.SQL                        : delete from shift_assignments where id=?
Hibernate: delete from shift_assignments where id=?
2025-10-26T12:22:32.688+09:00 DEBUG 19468 --- [Shift Scheduler Demo] [           main] org.hibernate.SQL                        : delete from shift_assignments where id=?
Hibernate: delete from shift_assignments where id=?
2025-10-26T12:22:32.688+09:00 DEBUG 19468 --- [Shift Scheduler Demo] [           main] org.hibernate.SQL                        : delete from shift_assignments where id=?
Hibernate: delete from shift_assignments where id=?
2025-10-26T12:22:32.690+09:00 DEBUG 19468 --- [Shift Scheduler Demo] [           main] org.hibernate.SQL                        : delete from shift_assignments where id=?
Hibernate: delete from shift_assignments where id=?
2025-10-26T12:22:32.690+09:00 DEBUG 19468 --- [Shift Scheduler Demo] [           main] org.hibernate.SQL                        : delete from shift_assignments where id=?
Hibernate: delete from shift_assignments where id=?
2025-10-26T12:22:32.690+09:00 DEBUG 19468 --- [Shift Scheduler Demo] [           main] org.hibernate.SQL                        : delete from shift_assignments where id=?
Hibernate: delete from shift_assignments where id=?
2025-10-26T12:22:32.690+09:00 DEBUG 19468 --- [Shift Scheduler Demo] [           main] org.hibernate.SQL                        : delete from shift_assignments where id=?
Hibernate: delete from shift_assignments where id=?
2025-10-26T12:22:32.690+09:00 DEBUG 19468 --- [Shift Scheduler Demo] [           main] org.hibernate.SQL                        : delete from shift_assignments where id=?
Hibernate: delete from shift_assignments where id=?
2025-10-26T12:22:32.690+09:00 DEBUG 19468 --- [Shift Scheduler Demo] [           main] org.hibernate.SQL                        : delete from shift_assignments where id=?
Hibernate: delete from shift_assignments where id=?
2025-10-26T12:22:32.690+09:00 DEBUG 19468 --- [Shift Scheduler Demo] [           main] org.hibernate.SQL                        : delete from shift_assignments where id=?
Hibernate: delete from shift_assignments where id=?
2025-10-26T12:22:32.690+09:00 DEBUG 19468 --- [Shift Scheduler Demo] [           main] org.hibernate.SQL                        : delete from shift_assignments where id=?
Hibernate: delete from shift_assignments where id=?
2025-10-26T12:22:32.690+09:00 DEBUG 19468 --- [Shift Scheduler Demo] [           main] org.hibernate.SQL                        : delete from shift_assignments where id=?
Hibernate: delete from shift_assignments where id=?
2025-10-26T12:22:32.690+09:00 DEBUG 19468 --- [Shift Scheduler Demo] [           main] org.hibernate.SQL                        : delete from shift_assignments where id=?
Hibernate: delete from shift_assignments where id=?
2025-10-26T12:22:32.690+09:00 DEBUG 19468 --- [Shift Scheduler Demo] [           main] org.hibernate.SQL                        : delete from shift_assignments where id=?
Hibernate: delete from shift_assignments where id=?
2025-10-26T12:22:32.690+09:00 DEBUG 19468 --- [Shift Scheduler Demo] [           main] org.hibernate.SQL                        : delete from shift_assignments where id=?
Hibernate: delete from shift_assignments where id=?
2025-10-26T12:22:32.690+09:00 DEBUG 19468 --- [Shift Scheduler Demo] [           main] org.hibernate.SQL                        : delete from shift_assignments where id=?
Hibernate: delete from shift_assignments where id=?
2025-10-26T12:22:32.690+09:00 DEBUG 19468 --- [Shift Scheduler Demo] [           main] org.hibernate.SQL                        : delete from shift_assignments where id=?
Hibernate: delete from shift_assignments where id=?
2025-10-26T12:22:32.690+09:00 DEBUG 19468 --- [Shift Scheduler Demo] [           main] org.hibernate.SQL                        : delete from shift_assignments where id=?
Hibernate: delete from shift_assignments where id=?
2025-10-26T12:22:32.690+09:00 DEBUG 19468 --- [Shift Scheduler Demo] [           main] org.hibernate.SQL                        : delete from shift_assignments where id=?
Hibernate: delete from shift_assignments where id=?
2025-10-26T12:22:32.690+09:00 DEBUG 19468 --- [Shift Scheduler Demo] [           main] org.hibernate.SQL                        : delete from shift_assignments where id=?
Hibernate: delete from shift_assignments where id=?
2025-10-26T12:22:32.692+09:00 DEBUG 19468 --- [Shift Scheduler Demo] [           main] org.hibernate.SQL                        : delete from shift_assignments where id=?
Hibernate: delete from shift_assignments where id=?
2025-10-26T12:22:32.692+09:00 DEBUG 19468 --- [Shift Scheduler Demo] [           main] org.hibernate.SQL                        : delete from shift_assignments where id=?
Hibernate: delete from shift_assignments where id=?
2025-10-26T12:22:32.692+09:00 DEBUG 19468 --- [Shift Scheduler Demo] [           main] org.hibernate.SQL                        : delete from shift_assignments where id=?
Hibernate: delete from shift_assignments where id=?
2025-10-26T12:22:32.692+09:00 DEBUG 19468 --- [Shift Scheduler Demo] [           main] org.hibernate.SQL                        : delete from shift_assignments where id=?
Hibernate: delete from shift_assignments where id=?
2025-10-26T12:22:32.693+09:00 DEBUG 19468 --- [Shift Scheduler Demo] [           main] org.hibernate.SQL                        : delete from shift_assignments where id=?
Hibernate: delete from shift_assignments where id=?
2025-10-26T12:22:32.693+09:00 DEBUG 19468 --- [Shift Scheduler Demo] [           main] org.hibernate.SQL                        : delete from shift_assignments where id=?
Hibernate: delete from shift_assignments where id=?
2025-10-26T12:22:32.693+09:00 DEBUG 19468 --- [Shift Scheduler Demo] [           main] org.hibernate.SQL                        : delete from shift_assignments where id=?
Hibernate: delete from shift_assignments where id=?
2025-10-26T12:22:32.693+09:00 DEBUG 19468 --- [Shift Scheduler Demo] [           main] org.hibernate.SQL                        : delete from shift_assignments where id=?
Hibernate: delete from shift_assignments where id=?
2025-10-26T12:22:32.693+09:00 DEBUG 19468 --- [Shift Scheduler Demo] [           main] org.hibernate.SQL                        : delete from shift_assignments where id=?
Hibernate: delete from shift_assignments where id=?
2025-10-26T12:22:32.693+09:00 DEBUG 19468 --- [Shift Scheduler Demo] [           main] org.hibernate.SQL                        : delete from shift_assignments where id=?
Hibernate: delete from shift_assignments where id=?
2025-10-26T12:22:32.693+09:00 DEBUG 19468 --- [Shift Scheduler Demo] [           main] org.hibernate.SQL                        : delete from shift_assignments where id=?
Hibernate: delete from shift_assignments where id=?
2025-10-26T12:22:32.693+09:00 DEBUG 19468 --- [Shift Scheduler Demo] [           main] org.hibernate.SQL                        : delete from shift_assignments where id=?
Hibernate: delete from shift_assignments where id=?
2025-10-26T12:22:32.693+09:00 DEBUG 19468 --- [Shift Scheduler Demo] [           main] org.hibernate.SQL                        : delete from shift_assignments where id=?
Hibernate: delete from shift_assignments where id=?
2025-10-26T12:22:32.693+09:00 DEBUG 19468 --- [Shift Scheduler Demo] [           main] org.hibernate.SQL                        : delete from shift_assignments where id=?
Hibernate: delete from shift_assignments where id=?
2025-10-26T12:22:32.694+09:00 DEBUG 19468 --- [Shift Scheduler Demo] [           main] org.hibernate.SQL                        : delete from shift_assignments where id=?
Hibernate: delete from shift_assignments where id=?
2025-10-26T12:22:32.694+09:00 DEBUG 19468 --- [Shift Scheduler Demo] [           main] org.hibernate.SQL                        : delete from shift_assignments where id=?
Hibernate: delete from shift_assignments where id=?
2025-10-26T12:22:32.694+09:00 DEBUG 19468 --- [Shift Scheduler Demo] [           main] org.hibernate.SQL                        : delete from shift_assignments where id=?
Hibernate: delete from shift_assignments where id=?
2025-10-26T12:22:32.694+09:00 DEBUG 19468 --- [Shift Scheduler Demo] [           main] org.hibernate.SQL                        : delete from shift_assignments where id=?
Hibernate: delete from shift_assignments where id=?
2025-10-26T12:22:32.694+09:00 DEBUG 19468 --- [Shift Scheduler Demo] [           main] org.hibernate.SQL                        : delete from shift_assignments where id=?
Hibernate: delete from shift_assignments where id=?
2025-10-26T12:22:32.694+09:00 DEBUG 19468 --- [Shift Scheduler Demo] [           main] org.hibernate.SQL                        : delete from shift_assignments where id=?
Hibernate: delete from shift_assignments where id=?
2025-10-26T12:22:32.694+09:00 DEBUG 19468 --- [Shift Scheduler Demo] [           main] org.hibernate.SQL                        : delete from shift_assignments where id=?
Hibernate: delete from shift_assignments where id=?
2025-10-26T12:22:32.694+09:00 DEBUG 19468 --- [Shift Scheduler Demo] [           main] org.hibernate.SQL                        : delete from shift_assignments where id=?
Hibernate: delete from shift_assignments where id=?
2025-10-26T12:22:32.694+09:00 DEBUG 19468 --- [Shift Scheduler Demo] [           main] org.hibernate.SQL                        : delete from shift_assignments where id=?
Hibernate: delete from shift_assignments where id=?
2025-10-26T12:22:32.694+09:00 DEBUG 19468 --- [Shift Scheduler Demo] [           main] org.hibernate.SQL                        : delete from shift_assignments where id=?
Hibernate: delete from shift_assignments where id=?
2025-10-26T12:22:32.694+09:00 DEBUG 19468 --- [Shift Scheduler Demo] [           main] org.hibernate.SQL                        : delete from shift_assignments where id=?
Hibernate: delete from shift_assignments where id=?
2025-10-26T12:22:32.694+09:00 DEBUG 19468 --- [Shift Scheduler Demo] [           main] org.hibernate.SQL                        : delete from shift_assignments where id=?
Hibernate: delete from shift_assignments where id=?
2025-10-26T12:22:32.694+09:00 DEBUG 19468 --- [Shift Scheduler Demo] [           main] org.hibernate.SQL                        : delete from shift_assignments where id=?
Hibernate: delete from shift_assignments where id=?
2025-10-26T12:22:32.694+09:00 DEBUG 19468 --- [Shift Scheduler Demo] [           main] org.hibernate.SQL                        : delete from shift_assignments where id=?
Hibernate: delete from shift_assignments where id=?
2025-10-26T12:22:32.694+09:00 DEBUG 19468 --- [Shift Scheduler Demo] [           main] org.hibernate.SQL                        : delete from shift_assignments where id=?
Hibernate: delete from shift_assignments where id=?
2025-10-26T12:22:32.694+09:00 DEBUG 19468 --- [Shift Scheduler Demo] [           main] org.hibernate.SQL                        : delete from shift_assignments where id=?
Hibernate: delete from shift_assignments where id=?
2025-10-26T12:22:32.694+09:00 DEBUG 19468 --- [Shift Scheduler Demo] [           main] org.hibernate.SQL                        : delete from shift_assignments where id=?
Hibernate: delete from shift_assignments where id=?
2025-10-26T12:22:32.694+09:00 DEBUG 19468 --- [Shift Scheduler Demo] [           main] org.hibernate.SQL                        : delete from shift_assignments where id=?
Hibernate: delete from shift_assignments where id=?
2025-10-26T12:22:32.694+09:00 DEBUG 19468 --- [Shift Scheduler Demo] [           main] org.hibernate.SQL                        : delete from shift_assignments where id=?
Hibernate: delete from shift_assignments where id=?
2025-10-26T12:22:32.694+09:00 DEBUG 19468 --- [Shift Scheduler Demo] [           main] org.hibernate.SQL                        : delete from shift_assignments where id=?
Hibernate: delete from shift_assignments where id=?
2025-10-26T12:22:32.694+09:00 DEBUG 19468 --- [Shift Scheduler Demo] [           main] org.hibernate.SQL                        : delete from shift_assignments where id=?
Hibernate: delete from shift_assignments where id=?
2025-10-26T12:22:32.694+09:00 DEBUG 19468 --- [Shift Scheduler Demo] [           main] org.hibernate.SQL                        : delete from shift_assignments where id=?
Hibernate: delete from shift_assignments where id=?
2025-10-26T12:22:32.694+09:00 DEBUG 19468 --- [Shift Scheduler Demo] [           main] org.hibernate.SQL                        : delete from shift_assignments where id=?
Hibernate: delete from shift_assignments where id=?
2025-10-26T12:22:32.694+09:00 DEBUG 19468 --- [Shift Scheduler Demo] [           main] org.hibernate.SQL                        : delete from shift_assignments where id=?
Hibernate: delete from shift_assignments where id=?
2025-10-26T12:22:32.694+09:00 DEBUG 19468 --- [Shift Scheduler Demo] [           main] org.hibernate.SQL                        : delete from shift_assignments where id=?
Hibernate: delete from shift_assignments where id=?
2025-10-26T12:22:32.695+09:00 DEBUG 19468 --- [Shift Scheduler Demo] [           main] org.hibernate.SQL                        : delete from shift_assignments where id=?
Hibernate: delete from shift_assignments where id=?
2025-10-26T12:22:32.695+09:00 DEBUG 19468 --- [Shift Scheduler Demo] [           main] org.hibernate.SQL                        : delete from shift_assignments where id=?
Hibernate: delete from shift_assignments where id=?
2025-10-26T12:22:32.695+09:00 DEBUG 19468 --- [Shift Scheduler Demo] [           main] org.hibernate.SQL                        : delete from shift_assignments where id=?
Hibernate: delete from shift_assignments where id=?
2025-10-26T12:22:32.695+09:00 DEBUG 19468 --- [Shift Scheduler Demo] [           main] org.hibernate.SQL                        : delete from shift_assignments where id=?
Hibernate: delete from shift_assignments where id=?
2025-10-26T12:22:32.695+09:00 DEBUG 19468 --- [Shift Scheduler Demo] [           main] org.hibernate.SQL                        : delete from shift_assignments where id=?
Hibernate: delete from shift_assignments where id=?
2025-10-26T12:22:32.695+09:00 DEBUG 19468 --- [Shift Scheduler Demo] [           main] org.hibernate.SQL                        : delete from shift_assignments where id=?
Hibernate: delete from shift_assignments where id=?
2025-10-26T12:22:32.695+09:00 DEBUG 19468 --- [Shift Scheduler Demo] [           main] org.hibernate.SQL                        : delete from shift_assignments where id=?
Hibernate: delete from shift_assignments where id=?
2025-10-26T12:22:32.695+09:00 DEBUG 19468 --- [Shift Scheduler Demo] [           main] org.hibernate.SQL                        : delete from shift_assignments where id=?
Hibernate: delete from shift_assignments where id=?
2025-10-26T12:22:32.695+09:00 DEBUG 19468 --- [Shift Scheduler Demo] [           main] org.hibernate.SQL                        : delete from shift_assignments where id=?
Hibernate: delete from shift_assignments where id=?
2025-10-26T12:22:32.695+09:00 DEBUG 19468 --- [Shift Scheduler Demo] [           main] org.hibernate.SQL                        : delete from shift_assignments where id=?
Hibernate: delete from shift_assignments where id=?
2025-10-26T12:22:32.695+09:00 DEBUG 19468 --- [Shift Scheduler Demo] [           main] org.hibernate.SQL                        : delete from shift_assignments where id=?
Hibernate: delete from shift_assignments where id=?
2025-10-26T12:22:32.695+09:00 DEBUG 19468 --- [Shift Scheduler Demo] [           main] org.hibernate.SQL                        : delete from shift_assignments where id=?
Hibernate: delete from shift_assignments where id=?
2025-10-26T12:22:32.695+09:00 DEBUG 19468 --- [Shift Scheduler Demo] [           main] org.hibernate.SQL                        : delete from shift_assignments where id=?
Hibernate: delete from shift_assignments where id=?
2025-10-26T12:22:32.695+09:00 DEBUG 19468 --- [Shift Scheduler Demo] [           main] org.hibernate.SQL                        : delete from shift_assignments where id=?
Hibernate: delete from shift_assignments where id=?
2025-10-26T12:22:32.696+09:00 DEBUG 19468 --- [Shift Scheduler Demo] [           main] org.hibernate.SQL                        : delete from shift_assignments where id=?
Hibernate: delete from shift_assignments where id=?
2025-10-26T12:22:32.696+09:00 DEBUG 19468 --- [Shift Scheduler Demo] [           main] org.hibernate.SQL                        : delete from shift_assignments where id=?
Hibernate: delete from shift_assignments where id=?
2025-10-26T12:22:32.696+09:00 DEBUG 19468 --- [Shift Scheduler Demo] [           main] org.hibernate.SQL                        : delete from shift_assignments where id=?
Hibernate: delete from shift_assignments where id=?
2025-10-26T12:22:32.696+09:00 DEBUG 19468 --- [Shift Scheduler Demo] [           main] org.hibernate.SQL                        : delete from shift_assignments where id=?
Hibernate: delete from shift_assignments where id=?
2025-10-26T12:22:32.696+09:00 DEBUG 19468 --- [Shift Scheduler Demo] [           main] org.hibernate.SQL                        : delete from shift_assignments where id=?
Hibernate: delete from shift_assignments where id=?
2025-10-26T12:22:32.696+09:00 DEBUG 19468 --- [Shift Scheduler Demo] [           main] org.hibernate.SQL                        : delete from shift_assignments where id=?
Hibernate: delete from shift_assignments where id=?
2025-10-26T12:22:32.696+09:00 DEBUG 19468 --- [Shift Scheduler Demo] [           main] org.hibernate.SQL                        : delete from shift_assignments where id=?
Hibernate: delete from shift_assignments where id=?
2025-10-26T12:22:32.696+09:00 DEBUG 19468 --- [Shift Scheduler Demo] [           main] org.hibernate.SQL                        : delete from shift_assignments where id=?
Hibernate: delete from shift_assignments where id=?
2025-10-26T12:22:32.696+09:00 DEBUG 19468 --- [Shift Scheduler Demo] [           main] org.hibernate.SQL                        : delete from shift_assignments where id=?
Hibernate: delete from shift_assignments where id=?
2025-10-26T12:22:32.697+09:00 DEBUG 19468 --- [Shift Scheduler Demo] [           main] org.hibernate.SQL                        : delete from shift_assignments where id=?
Hibernate: delete from shift_assignments where id=?
2025-10-26T12:22:32.697+09:00 DEBUG 19468 --- [Shift Scheduler Demo] [           main] org.hibernate.SQL                        : delete from shift_assignments where id=?
Hibernate: delete from shift_assignments where id=?
2025-10-26T12:22:32.697+09:00 DEBUG 19468 --- [Shift Scheduler Demo] [           main] org.hibernate.SQL                        : delete from shift_assignments where id=?
Hibernate: delete from shift_assignments where id=?
2025-10-26T12:22:32.697+09:00 DEBUG 19468 --- [Shift Scheduler Demo] [           main] org.hibernate.SQL                        : delete from shift_assignments where id=?
Hibernate: delete from shift_assignments where id=?
2025-10-26T12:22:32.697+09:00 DEBUG 19468 --- [Shift Scheduler Demo] [           main] org.hibernate.SQL                        : delete from shift_assignments where id=?
Hibernate: delete from shift_assignments where id=?
2025-10-26T12:22:32.697+09:00 DEBUG 19468 --- [Shift Scheduler Demo] [           main] org.hibernate.SQL                        : delete from shift_assignments where id=?
Hibernate: delete from shift_assignments where id=?
2025-10-26T12:22:32.697+09:00 DEBUG 19468 --- [Shift Scheduler Demo] [           main] org.hibernate.SQL                        : delete from shift_assignments where id=?
Hibernate: delete from shift_assignments where id=?
2025-10-26T12:22:32.697+09:00 DEBUG 19468 --- [Shift Scheduler Demo] [           main] org.hibernate.SQL                        : delete from shift_assignments where id=?
Hibernate: delete from shift_assignments where id=?
2025-10-26T12:22:32.697+09:00 DEBUG 19468 --- [Shift Scheduler Demo] [           main] org.hibernate.SQL                        : delete from shift_assignments where id=?
Hibernate: delete from shift_assignments where id=?
2025-10-26T12:22:32.697+09:00 DEBUG 19468 --- [Shift Scheduler Demo] [           main] org.hibernate.SQL                        : delete from shift_assignments where id=?
Hibernate: delete from shift_assignments where id=?
2025-10-26T12:22:32.697+09:00 DEBUG 19468 --- [Shift Scheduler Demo] [           main] org.hibernate.SQL                        : delete from shift_assignments where id=?
Hibernate: delete from shift_assignments where id=?
2025-10-26T12:22:32.697+09:00 DEBUG 19468 --- [Shift Scheduler Demo] [           main] org.hibernate.SQL                        : delete from shift_assignments where id=?
Hibernate: delete from shift_assignments where id=?
2025-10-26T12:22:32.697+09:00 DEBUG 19468 --- [Shift Scheduler Demo] [           main] org.hibernate.SQL                        : delete from shift_assignments where id=?
Hibernate: delete from shift_assignments where id=?
2025-10-26T12:22:32.697+09:00 DEBUG 19468 --- [Shift Scheduler Demo] [           main] org.hibernate.SQL                        : delete from shift_assignments where id=?
Hibernate: delete from shift_assignments where id=?
2025-10-26T12:22:32.697+09:00 DEBUG 19468 --- [Shift Scheduler Demo] [           main] org.hibernate.SQL                        : delete from shift_assignments where id=?
Hibernate: delete from shift_assignments where id=?
2025-10-26T12:22:32.697+09:00 DEBUG 19468 --- [Shift Scheduler Demo] [           main] org.hibernate.SQL                        : delete from shift_assignments where id=?
Hibernate: delete from shift_assignments where id=?
2025-10-26T12:22:32.697+09:00 DEBUG 19468 --- [Shift Scheduler Demo] [           main] org.hibernate.SQL                        : delete from shift_assignments where id=?
Hibernate: delete from shift_assignments where id=?
2025-10-26T12:22:32.697+09:00 DEBUG 19468 --- [Shift Scheduler Demo] [           main] org.hibernate.SQL                        : delete from shift_assignments where id=?
Hibernate: delete from shift_assignments where id=?
2025-10-26T12:22:32.697+09:00 DEBUG 19468 --- [Shift Scheduler Demo] [           main] org.hibernate.SQL                        : delete from shift_assignments where id=?
Hibernate: delete from shift_assignments where id=?
2025-10-26T12:22:32.697+09:00 DEBUG 19468 --- [Shift Scheduler Demo] [           main] org.hibernate.SQL                        : delete from shift_assignments where id=?
Hibernate: delete from shift_assignments where id=?
2025-10-26T12:22:32.697+09:00 DEBUG 19468 --- [Shift Scheduler Demo] [           main] org.hibernate.SQL                        : delete from shift_assignments where id=?
Hibernate: delete from shift_assignments where id=?
2025-10-26T12:22:32.697+09:00 DEBUG 19468 --- [Shift Scheduler Demo] [           main] org.hibernate.SQL                        : delete from shift_assignments where id=?
Hibernate: delete from shift_assignments where id=?
2025-10-26T12:22:32.697+09:00 DEBUG 19468 --- [Shift Scheduler Demo] [           main] org.hibernate.SQL                        : delete from shift_assignments where id=?
Hibernate: delete from shift_assignments where id=?
2025-10-26T12:22:32.697+09:00 DEBUG 19468 --- [Shift Scheduler Demo] [           main] org.hibernate.SQL                        : delete from shift_assignments where id=?
Hibernate: delete from shift_assignments where id=?
2025-10-26T12:22:32.697+09:00 DEBUG 19468 --- [Shift Scheduler Demo] [           main] org.hibernate.SQL                        : delete from shift_assignments where id=?
Hibernate: delete from shift_assignments where id=?
2025-10-26T12:22:32.697+09:00 DEBUG 19468 --- [Shift Scheduler Demo] [           main] org.hibernate.SQL                        : delete from shift_assignments where id=?
Hibernate: delete from shift_assignments where id=?
2025-10-26T12:22:32.697+09:00 DEBUG 19468 --- [Shift Scheduler Demo] [           main] org.hibernate.SQL                        : delete from shift_assignments where id=?
Hibernate: delete from shift_assignments where id=?
2025-10-26T12:22:32.697+09:00 DEBUG 19468 --- [Shift Scheduler Demo] [           main] org.hibernate.SQL                        : delete from shift_assignments where id=?
Hibernate: delete from shift_assignments where id=?
2025-10-26T12:22:32.697+09:00 DEBUG 19468 --- [Shift Scheduler Demo] [           main] org.hibernate.SQL                        : delete from shift_assignments where id=?
Hibernate: delete from shift_assignments where id=?
2025-10-26T12:22:32.697+09:00 DEBUG 19468 --- [Shift Scheduler Demo] [           main] org.hibernate.SQL                        : delete from shift_assignments where id=?
Hibernate: delete from shift_assignments where id=?
2025-10-26T12:22:32.697+09:00 DEBUG 19468 --- [Shift Scheduler Demo] [           main] org.hibernate.SQL                        : delete from shift_assignments where id=?
Hibernate: delete from shift_assignments where id=?
2025-10-26T12:22:32.698+09:00 DEBUG 19468 --- [Shift Scheduler Demo] [           main] org.hibernate.SQL                        : delete from shift_assignments where id=?
Hibernate: delete from shift_assignments where id=?
2025-10-26T12:22:32.698+09:00 DEBUG 19468 --- [Shift Scheduler Demo] [           main] org.hibernate.SQL                        : delete from shift_assignments where id=?
Hibernate: delete from shift_assignments where id=?
2025-10-26T12:22:32.698+09:00 DEBUG 19468 --- [Shift Scheduler Demo] [           main] org.hibernate.SQL                        : delete from shift_assignments where id=?
Hibernate: delete from shift_assignments where id=?
2025-10-26T12:22:32.698+09:00 DEBUG 19468 --- [Shift Scheduler Demo] [           main] org.hibernate.SQL                        : delete from shift_assignments where id=?
Hibernate: delete from shift_assignments where id=?
2025-10-26T12:22:32.698+09:00 DEBUG 19468 --- [Shift Scheduler Demo] [           main] org.hibernate.SQL                        : delete from shift_assignments where id=?
Hibernate: delete from shift_assignments where id=?
2025-10-26T12:22:32.698+09:00 DEBUG 19468 --- [Shift Scheduler Demo] [           main] org.hibernate.SQL                        : delete from shift_assignments where id=?
Hibernate: delete from shift_assignments where id=?
2025-10-26T12:22:32.698+09:00 DEBUG 19468 --- [Shift Scheduler Demo] [           main] org.hibernate.SQL                        : delete from shift_assignments where id=?
Hibernate: delete from shift_assignments where id=?
2025-10-26T12:22:32.698+09:00 DEBUG 19468 --- [Shift Scheduler Demo] [           main] org.hibernate.SQL                        : delete from shift_assignments where id=?
Hibernate: delete from shift_assignments where id=?
2025-10-26T12:22:32.698+09:00 DEBUG 19468 --- [Shift Scheduler Demo] [           main] org.hibernate.SQL                        : delete from shift_assignments where id=?
Hibernate: delete from shift_assignments where id=?
2025-10-26T12:22:32.698+09:00 DEBUG 19468 --- [Shift Scheduler Demo] [           main] org.hibernate.SQL                        : delete from shift_assignments where id=?
Hibernate: delete from shift_assignments where id=?
2025-10-26T12:22:32.698+09:00 DEBUG 19468 --- [Shift Scheduler Demo] [           main] org.hibernate.SQL                        : delete from shift_assignments where id=?
Hibernate: delete from shift_assignments where id=?
2025-10-26T12:22:32.698+09:00 DEBUG 19468 --- [Shift Scheduler Demo] [           main] org.hibernate.SQL                        : delete from shift_assignments where id=?
Hibernate: delete from shift_assignments where id=?
2025-10-26T12:22:32.698+09:00 DEBUG 19468 --- [Shift Scheduler Demo] [           main] org.hibernate.SQL                        : delete from shift_assignments where id=?
Hibernate: delete from shift_assignments where id=?
2025-10-26T12:22:32.698+09:00 DEBUG 19468 --- [Shift Scheduler Demo] [           main] org.hibernate.SQL                        : delete from shift_assignments where id=?
Hibernate: delete from shift_assignments where id=?
2025-10-26T12:22:32.698+09:00 DEBUG 19468 --- [Shift Scheduler Demo] [           main] org.hibernate.SQL                        : delete from shift_assignments where id=?
Hibernate: delete from shift_assignments where id=?
2025-10-26T12:22:32.698+09:00 DEBUG 19468 --- [Shift Scheduler Demo] [           main] org.hibernate.SQL                        : delete from shift_assignments where id=?
Hibernate: delete from shift_assignments where id=?
2025-10-26T12:22:32.698+09:00 DEBUG 19468 --- [Shift Scheduler Demo] [           main] org.hibernate.SQL                        : delete from shift_assignments where id=?
Hibernate: delete from shift_assignments where id=?
2025-10-26T12:22:32.698+09:00 DEBUG 19468 --- [Shift Scheduler Demo] [           main] org.hibernate.SQL                        : delete from shift_assignments where id=?
Hibernate: delete from shift_assignments where id=?
2025-10-26T12:22:32.700+09:00 DEBUG 19468 --- [Shift Scheduler Demo] [           main] org.hibernate.SQL                        : delete from shift_assignments where id=?
Hibernate: delete from shift_assignments where id=?
2025-10-26T12:22:32.700+09:00 DEBUG 19468 --- [Shift Scheduler Demo] [           main] org.hibernate.SQL                        : delete from shift_assignments where id=?
Hibernate: delete from shift_assignments where id=?
2025-10-26T12:22:32.700+09:00 DEBUG 19468 --- [Shift Scheduler Demo] [           main] org.hibernate.SQL                        : delete from shift_assignments where id=?
Hibernate: delete from shift_assignments where id=?
2025-10-26T12:22:32.700+09:00 DEBUG 19468 --- [Shift Scheduler Demo] [           main] org.hibernate.SQL                        : delete from shift_assignments where id=?
Hibernate: delete from shift_assignments where id=?
2025-10-26T12:22:32.700+09:00 DEBUG 19468 --- [Shift Scheduler Demo] [           main] org.hibernate.SQL                        : delete from shift_assignments where id=?
Hibernate: delete from shift_assignments where id=?
2025-10-26T12:22:32.700+09:00 DEBUG 19468 --- [Shift Scheduler Demo] [           main] org.hibernate.SQL                        : delete from shift_assignments where id=?
Hibernate: delete from shift_assignments where id=?
2025-10-26T12:22:32.700+09:00 DEBUG 19468 --- [Shift Scheduler Demo] [           main] org.hibernate.SQL                        : delete from shift_assignments where id=?
Hibernate: delete from shift_assignments where id=?
2025-10-26T12:22:32.700+09:00 DEBUG 19468 --- [Shift Scheduler Demo] [           main] org.hibernate.SQL                        : delete from shift_assignments where id=?
Hibernate: delete from shift_assignments where id=?
2025-10-26T12:22:32.700+09:00 DEBUG 19468 --- [Shift Scheduler Demo] [           main] org.hibernate.SQL                        : delete from shift_assignments where id=?
Hibernate: delete from shift_assignments where id=?
2025-10-26T12:22:32.700+09:00 DEBUG 19468 --- [Shift Scheduler Demo] [           main] org.hibernate.SQL                        : delete from shift_assignments where id=?
Hibernate: delete from shift_assignments where id=?
2025-10-26T12:22:32.700+09:00 DEBUG 19468 --- [Shift Scheduler Demo] [           main] org.hibernate.SQL                        : delete from shift_assignments where id=?
Hibernate: delete from shift_assignments where id=?
2025-10-26T12:22:32.700+09:00 DEBUG 19468 --- [Shift Scheduler Demo] [           main] org.hibernate.SQL                        : delete from shift_assignments where id=?
Hibernate: delete from shift_assignments where id=?
2025-10-26T12:22:32.700+09:00 DEBUG 19468 --- [Shift Scheduler Demo] [           main] org.hibernate.SQL                        : delete from shift_assignments where id=?
Hibernate: delete from shift_assignments where id=?
2025-10-26T12:22:32.700+09:00 DEBUG 19468 --- [Shift Scheduler Demo] [           main] org.hibernate.SQL                        : delete from shift_assignments where id=?
Hibernate: delete from shift_assignments where id=?
2025-10-26T12:22:32.700+09:00 DEBUG 19468 --- [Shift Scheduler Demo] [           main] org.hibernate.SQL                        : delete from shift_assignments where id=?
Hibernate: delete from shift_assignments where id=?
2025-10-26T12:22:32.700+09:00 DEBUG 19468 --- [Shift Scheduler Demo] [           main] org.hibernate.SQL                        : delete from shift_assignments where id=?
Hibernate: delete from shift_assignments where id=?
2025-10-26T12:22:32.700+09:00 DEBUG 19468 --- [Shift Scheduler Demo] [           main] org.hibernate.SQL                        : delete from shift_assignments where id=?
Hibernate: delete from shift_assignments where id=?
2025-10-26T12:22:32.700+09:00 DEBUG 19468 --- [Shift Scheduler Demo] [           main] org.hibernate.SQL                        : delete from shift_assignments where id=?
Hibernate: delete from shift_assignments where id=?
2025-10-26T12:22:32.700+09:00 DEBUG 19468 --- [Shift Scheduler Demo] [           main] org.hibernate.SQL                        : delete from shift_assignments where id=?
Hibernate: delete from shift_assignments where id=?
2025-10-26T12:22:32.700+09:00 DEBUG 19468 --- [Shift Scheduler Demo] [           main] org.hibernate.SQL                        : delete from shift_assignments where id=?
Hibernate: delete from shift_assignments where id=?
2025-10-26T12:22:32.700+09:00 DEBUG 19468 --- [Shift Scheduler Demo] [           main] org.hibernate.SQL                        : delete from shift_assignments where id=?
Hibernate: delete from shift_assignments where id=?
2025-10-26T12:22:32.700+09:00 DEBUG 19468 --- [Shift Scheduler Demo] [           main] org.hibernate.SQL                        : delete from shift_assignments where id=?
Hibernate: delete from shift_assignments where id=?
2025-10-26T12:22:32.700+09:00 DEBUG 19468 --- [Shift Scheduler Demo] [           main] org.hibernate.SQL                        : delete from shift_assignments where id=?
Hibernate: delete from shift_assignments where id=?
2025-10-26T12:22:32.700+09:00 DEBUG 19468 --- [Shift Scheduler Demo] [           main] org.hibernate.SQL                        : delete from shift_assignments where id=?
Hibernate: delete from shift_assignments where id=?
2025-10-26T12:22:32.700+09:00 DEBUG 19468 --- [Shift Scheduler Demo] [           main] org.hibernate.SQL                        : delete from shift_assignments where id=?
Hibernate: delete from shift_assignments where id=?
2025-10-26T12:22:32.700+09:00 DEBUG 19468 --- [Shift Scheduler Demo] [           main] org.hibernate.SQL                        : delete from shift_assignments where id=?
Hibernate: delete from shift_assignments where id=?
2025-10-26T12:22:32.700+09:00 DEBUG 19468 --- [Shift Scheduler Demo] [           main] org.hibernate.SQL                        : delete from shift_assignments where id=?
Hibernate: delete from shift_assignments where id=?
2025-10-26T12:22:32.700+09:00 DEBUG 19468 --- [Shift Scheduler Demo] [           main] org.hibernate.SQL                        : delete from shift_assignments where id=?
Hibernate: delete from shift_assignments where id=?
2025-10-26T12:22:32.700+09:00 DEBUG 19468 --- [Shift Scheduler Demo] [           main] org.hibernate.SQL                        : delete from shift_assignments where id=?
Hibernate: delete from shift_assignments where id=?
2025-10-26T12:22:32.700+09:00 DEBUG 19468 --- [Shift Scheduler Demo] [           main] org.hibernate.SQL                        : delete from shift_assignments where id=?
Hibernate: delete from shift_assignments where id=?
2025-10-26T12:22:32.700+09:00 DEBUG 19468 --- [Shift Scheduler Demo] [           main] org.hibernate.SQL                        : delete from shift_assignments where id=?
Hibernate: delete from shift_assignments where id=?
2025-10-26T12:22:32.700+09:00 DEBUG 19468 --- [Shift Scheduler Demo] [           main] org.hibernate.SQL                        : delete from shift_assignments where id=?
Hibernate: delete from shift_assignments where id=?
2025-10-26T12:22:32.700+09:00 DEBUG 19468 --- [Shift Scheduler Demo] [           main] org.hibernate.SQL                        : delete from shift_assignments where id=?
Hibernate: delete from shift_assignments where id=?
2025-10-26T12:22:32.700+09:00 DEBUG 19468 --- [Shift Scheduler Demo] [           main] org.hibernate.SQL                        : delete from shift_assignments where id=?
Hibernate: delete from shift_assignments where id=?
2025-10-26T12:22:32.700+09:00 DEBUG 19468 --- [Shift Scheduler Demo] [           main] org.hibernate.SQL                        : delete from shift_assignments where id=?
Hibernate: delete from shift_assignments where id=?
2025-10-26T12:22:32.700+09:00 DEBUG 19468 --- [Shift Scheduler Demo] [           main] org.hibernate.SQL                        : delete from shift_assignments where id=?
Hibernate: delete from shift_assignments where id=?
2025-10-26T12:22:32.701+09:00 DEBUG 19468 --- [Shift Scheduler Demo] [           main] org.hibernate.SQL                        : delete from shift_assignments where id=?
Hibernate: delete from shift_assignments where id=?
2025-10-26T12:22:32.705+09:00 DEBUG 19468 --- [Shift Scheduler Demo] [           main] org.hibernate.SQL                        : delete from shift_assignments where id=?
Hibernate: delete from shift_assignments where id=?
2025-10-26T12:22:32.708+09:00 DEBUG 19468 --- [Shift Scheduler Demo] [           main] org.hibernate.SQL                        : delete from shift_assignments where id=?
Hibernate: delete from shift_assignments where id=?
2025-10-26T12:22:32.708+09:00 DEBUG 19468 --- [Shift Scheduler Demo] [           main] org.hibernate.SQL                        : delete from shift_assignments where id=?
Hibernate: delete from shift_assignments where id=?
2025-10-26T12:22:32.708+09:00 DEBUG 19468 --- [Shift Scheduler Demo] [           main] org.hibernate.SQL                        : delete from shift_assignments where id=?
Hibernate: delete from shift_assignments where id=?
2025-10-26T12:22:32.708+09:00 DEBUG 19468 --- [Shift Scheduler Demo] [           main] org.hibernate.SQL                        : delete from shift_assignments where id=?
Hibernate: delete from shift_assignments where id=?
2025-10-26T12:22:32.708+09:00 DEBUG 19468 --- [Shift Scheduler Demo] [           main] org.hibernate.SQL                        : delete from shift_assignments where id=?
Hibernate: delete from shift_assignments where id=?
2025-10-26T12:22:32.708+09:00 DEBUG 19468 --- [Shift Scheduler Demo] [           main] org.hibernate.SQL                        : delete from shift_assignments where id=?
Hibernate: delete from shift_assignments where id=?
2025-10-26T12:22:32.708+09:00 DEBUG 19468 --- [Shift Scheduler Demo] [           main] org.hibernate.SQL                        : delete from shift_assignments where id=?
Hibernate: delete from shift_assignments where id=?
2025-10-26T12:22:32.708+09:00 DEBUG 19468 --- [Shift Scheduler Demo] [           main] org.hibernate.SQL                        : delete from shift_assignments where id=?
Hibernate: delete from shift_assignments where id=?
2025-10-26T12:22:32.708+09:00 DEBUG 19468 --- [Shift Scheduler Demo] [           main] org.hibernate.SQL                        : delete from shift_assignments where id=?
Hibernate: delete from shift_assignments where id=?
2025-10-26T12:22:32.708+09:00 DEBUG 19468 --- [Shift Scheduler Demo] [           main] org.hibernate.SQL                        : delete from shift_assignments where id=?
Hibernate: delete from shift_assignments where id=?
2025-10-26T12:22:32.708+09:00 DEBUG 19468 --- [Shift Scheduler Demo] [           main] org.hibernate.SQL                        : delete from shift_assignments where id=?
Hibernate: delete from shift_assignments where id=?
2025-10-26T12:22:32.708+09:00 DEBUG 19468 --- [Shift Scheduler Demo] [           main] org.hibernate.SQL                        : delete from shift_assignments where id=?
Hibernate: delete from shift_assignments where id=?
2025-10-26T12:22:32.708+09:00 DEBUG 19468 --- [Shift Scheduler Demo] [           main] org.hibernate.SQL                        : delete from shift_assignments where id=?
Hibernate: delete from shift_assignments where id=?
2025-10-26T12:22:32.708+09:00 DEBUG 19468 --- [Shift Scheduler Demo] [           main] org.hibernate.SQL                        : delete from shift_assignments where id=?
Hibernate: delete from shift_assignments where id=?
2025-10-26T12:22:32.708+09:00 DEBUG 19468 --- [Shift Scheduler Demo] [           main] org.hibernate.SQL                        : delete from shift_assignments where id=?
Hibernate: delete from shift_assignments where id=?
2025-10-26T12:22:32.708+09:00 DEBUG 19468 --- [Shift Scheduler Demo] [           main] org.hibernate.SQL                        : delete from shift_assignments where id=?
Hibernate: delete from shift_assignments where id=?
2025-10-26T12:22:32.708+09:00 DEBUG 19468 --- [Shift Scheduler Demo] [           main] org.hibernate.SQL                        : delete from shift_assignments where id=?
Hibernate: delete from shift_assignments where id=?
2025-10-26T12:22:32.708+09:00 DEBUG 19468 --- [Shift Scheduler Demo] [           main] org.hibernate.SQL                        : delete from shift_assignments where id=?
Hibernate: delete from shift_assignments where id=?
2025-10-26T12:22:32.708+09:00 DEBUG 19468 --- [Shift Scheduler Demo] [           main] org.hibernate.SQL                        : delete from shift_assignments where id=?
Hibernate: delete from shift_assignments where id=?
2025-10-26T12:22:32.708+09:00 DEBUG 19468 --- [Shift Scheduler Demo] [           main] org.hibernate.SQL                        : delete from shift_assignments where id=?
Hibernate: delete from shift_assignments where id=?
2025-10-26T12:22:32.708+09:00 DEBUG 19468 --- [Shift Scheduler Demo] [           main] org.hibernate.SQL                        : delete from shift_assignments where id=?
Hibernate: delete from shift_assignments where id=?
2025-10-26T12:22:32.708+09:00 DEBUG 19468 --- [Shift Scheduler Demo] [           main] org.hibernate.SQL                        : delete from shift_assignments where id=?
Hibernate: delete from shift_assignments where id=?
2025-10-26T12:22:32.708+09:00 DEBUG 19468 --- [Shift Scheduler Demo] [           main] org.hibernate.SQL                        : delete from shift_assignments where id=?
Hibernate: delete from shift_assignments where id=?
2025-10-26T12:22:32.708+09:00 DEBUG 19468 --- [Shift Scheduler Demo] [           main] org.hibernate.SQL                        : delete from shift_assignments where id=?
Hibernate: delete from shift_assignments where id=?
2025-10-26T12:22:32.708+09:00 DEBUG 19468 --- [Shift Scheduler Demo] [           main] org.hibernate.SQL                        : delete from shift_assignments where id=?
Hibernate: delete from shift_assignments where id=?
2025-10-26T12:22:32.708+09:00 DEBUG 19468 --- [Shift Scheduler Demo] [           main] org.hibernate.SQL                        : delete from shift_assignments where id=?
Hibernate: delete from shift_assignments where id=?
2025-10-26T12:22:32.708+09:00 DEBUG 19468 --- [Shift Scheduler Demo] [           main] org.hibernate.SQL                        : delete from shift_assignments where id=?
Hibernate: delete from shift_assignments where id=?
2025-10-26T12:22:32.708+09:00 DEBUG 19468 --- [Shift Scheduler Demo] [           main] org.hibernate.SQL                        : delete from shift_assignments where id=?
Hibernate: delete from shift_assignments where id=?
2025-10-26T12:22:32.708+09:00 DEBUG 19468 --- [Shift Scheduler Demo] [           main] org.hibernate.SQL                        : delete from shift_assignments where id=?
Hibernate: delete from shift_assignments where id=?
2025-10-26T12:22:32.710+09:00 DEBUG 19468 --- [Shift Scheduler Demo] [           main] org.hibernate.SQL                        : delete from shift_assignments where id=?
Hibernate: delete from shift_assignments where id=?
2025-10-26T12:22:32.710+09:00 DEBUG 19468 --- [Shift Scheduler Demo] [           main] org.hibernate.SQL                        : delete from shift_assignments where id=?
Hibernate: delete from shift_assignments where id=?
2025-10-26T12:22:32.710+09:00 DEBUG 19468 --- [Shift Scheduler Demo] [           main] org.hibernate.SQL                        : delete from shift_assignments where id=?
Hibernate: delete from shift_assignments where id=?
2025-10-26T12:22:32.710+09:00 DEBUG 19468 --- [Shift Scheduler Demo] [           main] org.hibernate.SQL                        : delete from shift_assignments where id=?
Hibernate: delete from shift_assignments where id=?
2025-10-26T12:22:32.710+09:00 DEBUG 19468 --- [Shift Scheduler Demo] [           main] org.hibernate.SQL                        : delete from shift_assignments where id=?
Hibernate: delete from shift_assignments where id=?
2025-10-26T12:22:32.710+09:00 DEBUG 19468 --- [Shift Scheduler Demo] [           main] org.hibernate.SQL                        : delete from shift_assignments where id=?
Hibernate: delete from shift_assignments where id=?
2025-10-26T12:22:32.710+09:00 DEBUG 19468 --- [Shift Scheduler Demo] [           main] org.hibernate.SQL                        : delete from shift_assignments where id=?
Hibernate: delete from shift_assignments where id=?
2025-10-26T12:22:32.710+09:00 DEBUG 19468 --- [Shift Scheduler Demo] [           main] org.hibernate.SQL                        : delete from shift_assignments where id=?
Hibernate: delete from shift_assignments where id=?
2025-10-26T12:22:32.710+09:00 DEBUG 19468 --- [Shift Scheduler Demo] [           main] org.hibernate.SQL                        : delete from shift_assignments where id=?
Hibernate: delete from shift_assignments where id=?
2025-10-26T12:22:32.710+09:00 DEBUG 19468 --- [Shift Scheduler Demo] [           main] org.hibernate.SQL                        : delete from shift_assignments where id=?
Hibernate: delete from shift_assignments where id=?
2025-10-26T12:22:32.710+09:00 DEBUG 19468 --- [Shift Scheduler Demo] [           main] org.hibernate.SQL                        : delete from shift_assignments where id=?
Hibernate: delete from shift_assignments where id=?
2025-10-26T12:22:32.710+09:00 DEBUG 19468 --- [Shift Scheduler Demo] [           main] org.hibernate.SQL                        : delete from shift_assignments where id=?
Hibernate: delete from shift_assignments where id=?
2025-10-26T12:22:32.710+09:00 DEBUG 19468 --- [Shift Scheduler Demo] [           main] org.hibernate.SQL                        : delete from shift_assignments where id=?
Hibernate: delete from shift_assignments where id=?
2025-10-26T12:22:32.710+09:00 DEBUG 19468 --- [Shift Scheduler Demo] [           main] org.hibernate.SQL                        : delete from shift_assignments where id=?
Hibernate: delete from shift_assignments where id=?
2025-10-26T12:22:32.710+09:00 DEBUG 19468 --- [Shift Scheduler Demo] [           main] org.hibernate.SQL                        : delete from shift_assignments where id=?
Hibernate: delete from shift_assignments where id=?
2025-10-26T12:22:32.710+09:00 DEBUG 19468 --- [Shift Scheduler Demo] [           main] org.hibernate.SQL                        : delete from shift_assignments where id=?
Hibernate: delete from shift_assignments where id=?
2025-10-26T12:22:32.710+09:00 DEBUG 19468 --- [Shift Scheduler Demo] [           main] org.hibernate.SQL                        : delete from shift_assignments where id=?
Hibernate: delete from shift_assignments where id=?
2025-10-26T12:22:32.710+09:00 DEBUG 19468 --- [Shift Scheduler Demo] [           main] org.hibernate.SQL                        : delete from shift_assignments where id=?
Hibernate: delete from shift_assignments where id=?
2025-10-26T12:22:32.710+09:00 DEBUG 19468 --- [Shift Scheduler Demo] [           main] org.hibernate.SQL                        : delete from shift_assignments where id=?
Hibernate: delete from shift_assignments where id=?
2025-10-26T12:22:32.710+09:00 DEBUG 19468 --- [Shift Scheduler Demo] [           main] org.hibernate.SQL                        : delete from shift_assignments where id=?
Hibernate: delete from shift_assignments where id=?
2025-10-26T12:22:32.710+09:00 DEBUG 19468 --- [Shift Scheduler Demo] [           main] org.hibernate.SQL                        : delete from shift_assignments where id=?
Hibernate: delete from shift_assignments where id=?
2025-10-26T12:22:32.710+09:00 DEBUG 19468 --- [Shift Scheduler Demo] [           main] org.hibernate.SQL                        : delete from shift_assignments where id=?
Hibernate: delete from shift_assignments where id=?
2025-10-26T12:22:32.710+09:00 DEBUG 19468 --- [Shift Scheduler Demo] [           main] org.hibernate.SQL                        : delete from shift_assignments where id=?
Hibernate: delete from shift_assignments where id=?
2025-10-26T12:22:32.710+09:00 DEBUG 19468 --- [Shift Scheduler Demo] [           main] org.hibernate.SQL                        : delete from shift_assignments where id=?
Hibernate: delete from shift_assignments where id=?
2025-10-26T12:22:32.710+09:00 DEBUG 19468 --- [Shift Scheduler Demo] [           main] org.hibernate.SQL                        : delete from shift_assignments where id=?
Hibernate: delete from shift_assignments where id=?
2025-10-26T12:22:32.710+09:00 DEBUG 19468 --- [Shift Scheduler Demo] [           main] org.hibernate.SQL                        : delete from shift_assignments where id=?
Hibernate: delete from shift_assignments where id=?
2025-10-26T12:22:32.710+09:00 DEBUG 19468 --- [Shift Scheduler Demo] [           main] org.hibernate.SQL                        : delete from shift_assignments where id=?
Hibernate: delete from shift_assignments where id=?
2025-10-26T12:22:32.710+09:00 DEBUG 19468 --- [Shift Scheduler Demo] [           main] org.hibernate.SQL                        : delete from shift_assignments where id=?
Hibernate: delete from shift_assignments where id=?
2025-10-26T12:22:32.710+09:00 DEBUG 19468 --- [Shift Scheduler Demo] [           main] org.hibernate.SQL                        : delete from shift_assignments where id=?
Hibernate: delete from shift_assignments where id=?
2025-10-26T12:22:32.710+09:00 DEBUG 19468 --- [Shift Scheduler Demo] [           main] org.hibernate.SQL                        : delete from shift_assignments where id=?
Hibernate: delete from shift_assignments where id=?
2025-10-26T12:22:32.710+09:00 DEBUG 19468 --- [Shift Scheduler Demo] [           main] org.hibernate.SQL                        : delete from shift_assignments where id=?
Hibernate: delete from shift_assignments where id=?
2025-10-26T12:22:32.710+09:00 DEBUG 19468 --- [Shift Scheduler Demo] [           main] org.hibernate.SQL                        : delete from shift_assignments where id=?
Hibernate: delete from shift_assignments where id=?
2025-10-26T12:22:32.710+09:00 DEBUG 19468 --- [Shift Scheduler Demo] [           main] org.hibernate.SQL                        : delete from shift_assignments where id=?
Hibernate: delete from shift_assignments where id=?
2025-10-26T12:22:32.710+09:00 DEBUG 19468 --- [Shift Scheduler Demo] [           main] org.hibernate.SQL                        : delete from shift_assignments where id=?
Hibernate: delete from shift_assignments where id=?
2025-10-26T12:22:32.710+09:00 DEBUG 19468 --- [Shift Scheduler Demo] [           main] org.hibernate.SQL                        : delete from shift_assignments where id=?
Hibernate: delete from shift_assignments where id=?
2025-10-26T12:22:32.710+09:00 DEBUG 19468 --- [Shift Scheduler Demo] [           main] org.hibernate.SQL                        : delete from shift_assignments where id=?
Hibernate: delete from shift_assignments where id=?
2025-10-26T12:22:32.710+09:00 DEBUG 19468 --- [Shift Scheduler Demo] [           main] org.hibernate.SQL                        : delete from shift_assignments where id=?
Hibernate: delete from shift_assignments where id=?
2025-10-26T12:22:32.710+09:00 DEBUG 19468 --- [Shift Scheduler Demo] [           main] org.hibernate.SQL                        : delete from shift_assignments where id=?
Hibernate: delete from shift_assignments where id=?
2025-10-26T12:22:32.710+09:00 DEBUG 19468 --- [Shift Scheduler Demo] [           main] org.hibernate.SQL                        : delete from shift_assignments where id=?
Hibernate: delete from shift_assignments where id=?
2025-10-26T12:22:32.710+09:00 DEBUG 19468 --- [Shift Scheduler Demo] [           main] org.hibernate.SQL                        : delete from shift_assignments where id=?
Hibernate: delete from shift_assignments where id=?
2025-10-26T12:22:32.710+09:00 DEBUG 19468 --- [Shift Scheduler Demo] [           main] org.hibernate.SQL                        : delete from shift_assignments where id=?
Hibernate: delete from shift_assignments where id=?
2025-10-26T12:22:32.710+09:00 DEBUG 19468 --- [Shift Scheduler Demo] [           main] org.hibernate.SQL                        : delete from shift_assignments where id=?
Hibernate: delete from shift_assignments where id=?
2025-10-26T12:22:32.710+09:00 DEBUG 19468 --- [Shift Scheduler Demo] [           main] org.hibernate.SQL                        : delete from shift_assignments where id=?
Hibernate: delete from shift_assignments where id=?
2025-10-26T12:22:32.710+09:00 DEBUG 19468 --- [Shift Scheduler Demo] [           main] org.hibernate.SQL                        : delete from shift_assignments where id=?
Hibernate: delete from shift_assignments where id=?
2025-10-26T12:22:32.710+09:00 DEBUG 19468 --- [Shift Scheduler Demo] [           main] org.hibernate.SQL                        : delete from shift_assignments where id=?
Hibernate: delete from shift_assignments where id=?
2025-10-26T12:22:32.713+09:00 DEBUG 19468 --- [Shift Scheduler Demo] [           main] org.hibernate.SQL                        : delete from shift_assignments where id=?
Hibernate: delete from shift_assignments where id=?
2025-10-26T12:22:32.713+09:00 DEBUG 19468 --- [Shift Scheduler Demo] [           main] org.hibernate.SQL                        : delete from shift_assignments where id=?
Hibernate: delete from shift_assignments where id=?
2025-10-26T12:22:32.713+09:00 DEBUG 19468 --- [Shift Scheduler Demo] [           main] org.hibernate.SQL                        : delete from shift_assignments where id=?
Hibernate: delete from shift_assignments where id=?
2025-10-26T12:22:32.713+09:00 DEBUG 19468 --- [Shift Scheduler Demo] [           main] org.hibernate.SQL                        : delete from shift_assignments where id=?
Hibernate: delete from shift_assignments where id=?
2025-10-26T12:22:32.713+09:00 DEBUG 19468 --- [Shift Scheduler Demo] [           main] org.hibernate.SQL                        : delete from shift_assignments where id=?
Hibernate: delete from shift_assignments where id=?
2025-10-26T12:22:32.713+09:00 DEBUG 19468 --- [Shift Scheduler Demo] [           main] org.hibernate.SQL                        : delete from shift_assignments where id=?
Hibernate: delete from shift_assignments where id=?
2025-10-26T12:22:32.713+09:00 DEBUG 19468 --- [Shift Scheduler Demo] [           main] org.hibernate.SQL                        : delete from shift_assignments where id=?
Hibernate: delete from shift_assignments where id=?
2025-10-26T12:22:32.713+09:00 DEBUG 19468 --- [Shift Scheduler Demo] [           main] org.hibernate.SQL                        : delete from shift_assignments where id=?
Hibernate: delete from shift_assignments where id=?
2025-10-26T12:22:32.713+09:00 DEBUG 19468 --- [Shift Scheduler Demo] [           main] org.hibernate.SQL                        : delete from shift_assignments where id=?
Hibernate: delete from shift_assignments where id=?
2025-10-26T12:22:32.713+09:00 DEBUG 19468 --- [Shift Scheduler Demo] [           main] org.hibernate.SQL                        : delete from shift_assignments where id=?
Hibernate: delete from shift_assignments where id=?
2025-10-26T12:22:32.713+09:00 DEBUG 19468 --- [Shift Scheduler Demo] [           main] org.hibernate.SQL                        : delete from shift_assignments where id=?
Hibernate: delete from shift_assignments where id=?
2025-10-26T12:22:32.713+09:00 DEBUG 19468 --- [Shift Scheduler Demo] [           main] org.hibernate.SQL                        : delete from shift_assignments where id=?
Hibernate: delete from shift_assignments where id=?
2025-10-26T12:22:32.713+09:00 DEBUG 19468 --- [Shift Scheduler Demo] [           main] org.hibernate.SQL                        : delete from shift_assignments where id=?
Hibernate: delete from shift_assignments where id=?
2025-10-26T12:22:32.713+09:00 DEBUG 19468 --- [Shift Scheduler Demo] [           main] org.hibernate.SQL                        : delete from shift_assignments where id=?
Hibernate: delete from shift_assignments where id=?
2025-10-26T12:22:32.713+09:00 DEBUG 19468 --- [Shift Scheduler Demo] [           main] org.hibernate.SQL                        : delete from shift_assignments where id=?
Hibernate: delete from shift_assignments where id=?
2025-10-26T12:22:32.713+09:00 DEBUG 19468 --- [Shift Scheduler Demo] [           main] org.hibernate.SQL                        : delete from shift_assignments where id=?
Hibernate: delete from shift_assignments where id=?
2025-10-26T12:22:32.713+09:00 DEBUG 19468 --- [Shift Scheduler Demo] [           main] org.hibernate.SQL                        : delete from shift_assignments where id=?
Hibernate: delete from shift_assignments where id=?
2025-10-26T12:22:32.713+09:00 DEBUG 19468 --- [Shift Scheduler Demo] [           main] org.hibernate.SQL                        : delete from shift_assignments where id=?
Hibernate: delete from shift_assignments where id=?
2025-10-26T12:22:32.713+09:00 DEBUG 19468 --- [Shift Scheduler Demo] [           main] org.hibernate.SQL                        : delete from shift_assignments where id=?
Hibernate: delete from shift_assignments where id=?
2025-10-26T12:22:32.713+09:00 DEBUG 19468 --- [Shift Scheduler Demo] [           main] org.hibernate.SQL                        : delete from shift_assignments where id=?
Hibernate: delete from shift_assignments where id=?
2025-10-26T12:22:32.713+09:00 DEBUG 19468 --- [Shift Scheduler Demo] [           main] org.hibernate.SQL                        : delete from shift_assignments where id=?
Hibernate: delete from shift_assignments where id=?
2025-10-26T12:22:32.713+09:00 DEBUG 19468 --- [Shift Scheduler Demo] [           main] org.hibernate.SQL                        : delete from shift_assignments where id=?
Hibernate: delete from shift_assignments where id=?
2025-10-26T12:22:32.713+09:00 DEBUG 19468 --- [Shift Scheduler Demo] [           main] org.hibernate.SQL                        : delete from shift_assignments where id=?
Hibernate: delete from shift_assignments where id=?
2025-10-26T12:22:32.713+09:00 DEBUG 19468 --- [Shift Scheduler Demo] [           main] org.hibernate.SQL                        : delete from shift_assignments where id=?
Hibernate: delete from shift_assignments where id=?
2025-10-26T12:22:32.713+09:00 DEBUG 19468 --- [Shift Scheduler Demo] [           main] org.hibernate.SQL                        : delete from shift_assignments where id=?
Hibernate: delete from shift_assignments where id=?
2025-10-26T12:22:32.713+09:00 DEBUG 19468 --- [Shift Scheduler Demo] [           main] org.hibernate.SQL                        : delete from shift_assignments where id=?
Hibernate: delete from shift_assignments where id=?
2025-10-26T12:22:32.713+09:00 DEBUG 19468 --- [Shift Scheduler Demo] [           main] org.hibernate.SQL                        : delete from shift_assignments where id=?
Hibernate: delete from shift_assignments where id=?
2025-10-26T12:22:32.713+09:00 DEBUG 19468 --- [Shift Scheduler Demo] [           main] org.hibernate.SQL                        : delete from shift_assignments where id=?
Hibernate: delete from shift_assignments where id=?
2025-10-26T12:22:32.713+09:00 DEBUG 19468 --- [Shift Scheduler Demo] [           main] org.hibernate.SQL                        : delete from shift_assignments where id=?
Hibernate: delete from shift_assignments where id=?
2025-10-26T12:22:32.713+09:00 DEBUG 19468 --- [Shift Scheduler Demo] [           main] org.hibernate.SQL                        : delete from shift_assignments where id=?
Hibernate: delete from shift_assignments where id=?
2025-10-26T12:22:32.713+09:00 DEBUG 19468 --- [Shift Scheduler Demo] [           main] org.hibernate.SQL                        : delete from shift_assignments where id=?
Hibernate: delete from shift_assignments where id=?
2025-10-26T12:22:32.713+09:00 DEBUG 19468 --- [Shift Scheduler Demo] [           main] org.hibernate.SQL                        : delete from shift_assignments where id=?
Hibernate: delete from shift_assignments where id=?
2025-10-26T12:22:32.713+09:00 DEBUG 19468 --- [Shift Scheduler Demo] [           main] org.hibernate.SQL                        : delete from shift_assignments where id=?
Hibernate: delete from shift_assignments where id=?
2025-10-26T12:22:32.713+09:00 DEBUG 19468 --- [Shift Scheduler Demo] [           main] org.hibernate.SQL                        : delete from shift_assignments where id=?
Hibernate: delete from shift_assignments where id=?
2025-10-26T12:22:32.713+09:00 DEBUG 19468 --- [Shift Scheduler Demo] [           main] org.hibernate.SQL                        : delete from shift_assignments where id=?
Hibernate: delete from shift_assignments where id=?
2025-10-26T12:22:32.713+09:00 DEBUG 19468 --- [Shift Scheduler Demo] [           main] org.hibernate.SQL                        : delete from shift_assignments where id=?
Hibernate: delete from shift_assignments where id=?
2025-10-26T12:22:32.713+09:00 DEBUG 19468 --- [Shift Scheduler Demo] [           main] org.hibernate.SQL                        : delete from shift_assignments where id=?
Hibernate: delete from shift_assignments where id=?
2025-10-26T12:22:32.713+09:00 DEBUG 19468 --- [Shift Scheduler Demo] [           main] org.hibernate.SQL                        : delete from shift_assignments where id=?
Hibernate: delete from shift_assignments where id=?
2025-10-26T12:22:32.713+09:00 DEBUG 19468 --- [Shift Scheduler Demo] [           main] org.hibernate.SQL                        : delete from shift_assignments where id=?
Hibernate: delete from shift_assignments where id=?
2025-10-26T12:22:32.713+09:00 DEBUG 19468 --- [Shift Scheduler Demo] [           main] org.hibernate.SQL                        : delete from shift_assignments where id=?
Hibernate: delete from shift_assignments where id=?
2025-10-26T12:22:32.713+09:00 DEBUG 19468 --- [Shift Scheduler Demo] [           main] org.hibernate.SQL                        : delete from shift_assignments where id=?
Hibernate: delete from shift_assignments where id=?
2025-10-26T12:22:32.715+09:00 DEBUG 19468 --- [Shift Scheduler Demo] [           main] org.hibernate.SQL                        : delete from shift_assignments where id=?
Hibernate: delete from shift_assignments where id=?
2025-10-26T12:22:32.715+09:00 DEBUG 19468 --- [Shift Scheduler Demo] [           main] org.hibernate.SQL                        : delete from shift_assignments where id=?
Hibernate: delete from shift_assignments where id=?
2025-10-26T12:22:32.715+09:00 DEBUG 19468 --- [Shift Scheduler Demo] [           main] org.hibernate.SQL                        : delete from shift_assignments where id=?
Hibernate: delete from shift_assignments where id=?
2025-10-26T12:22:32.715+09:00 DEBUG 19468 --- [Shift Scheduler Demo] [           main] org.hibernate.SQL                        : delete from shift_assignments where id=?
Hibernate: delete from shift_assignments where id=?
2025-10-26T12:22:32.715+09:00 DEBUG 19468 --- [Shift Scheduler Demo] [           main] org.hibernate.SQL                        : delete from shift_assignments where id=?
Hibernate: delete from shift_assignments where id=?
2025-10-26T12:22:32.715+09:00 DEBUG 19468 --- [Shift Scheduler Demo] [           main] org.hibernate.SQL                        : delete from shift_assignments where id=?
Hibernate: delete from shift_assignments where id=?
2025-10-26T12:22:32.715+09:00 DEBUG 19468 --- [Shift Scheduler Demo] [           main] org.hibernate.SQL                        : delete from shift_assignments where id=?
Hibernate: delete from shift_assignments where id=?
2025-10-26T12:22:32.715+09:00 DEBUG 19468 --- [Shift Scheduler Demo] [           main] org.hibernate.SQL                        : delete from shift_assignments where id=?
Hibernate: delete from shift_assignments where id=?
2025-10-26T12:22:32.715+09:00 DEBUG 19468 --- [Shift Scheduler Demo] [           main] org.hibernate.SQL                        : delete from shift_assignments where id=?
Hibernate: delete from shift_assignments where id=?
2025-10-26T12:22:32.715+09:00 DEBUG 19468 --- [Shift Scheduler Demo] [           main] org.hibernate.SQL                        : delete from shift_assignments where id=?
Hibernate: delete from shift_assignments where id=?
2025-10-26T12:22:32.715+09:00 DEBUG 19468 --- [Shift Scheduler Demo] [           main] org.hibernate.SQL                        : delete from shift_assignments where id=?
Hibernate: delete from shift_assignments where id=?
2025-10-26T12:22:32.715+09:00 DEBUG 19468 --- [Shift Scheduler Demo] [           main] org.hibernate.SQL                        : delete from shift_assignments where id=?
Hibernate: delete from shift_assignments where id=?
2025-10-26T12:22:32.715+09:00 DEBUG 19468 --- [Shift Scheduler Demo] [           main] org.hibernate.SQL                        : delete from shift_assignments where id=?
Hibernate: delete from shift_assignments where id=?
2025-10-26T12:22:32.715+09:00 DEBUG 19468 --- [Shift Scheduler Demo] [           main] org.hibernate.SQL                        : delete from shift_assignments where id=?
Hibernate: delete from shift_assignments where id=?
2025-10-26T12:22:32.715+09:00 DEBUG 19468 --- [Shift Scheduler Demo] [           main] org.hibernate.SQL                        : delete from shift_assignments where id=?
Hibernate: delete from shift_assignments where id=?
2025-10-26T12:22:32.715+09:00 DEBUG 19468 --- [Shift Scheduler Demo] [           main] org.hibernate.SQL                        : delete from shift_assignments where id=?
Hibernate: delete from shift_assignments where id=?
2025-10-26T12:22:32.715+09:00 DEBUG 19468 --- [Shift Scheduler Demo] [           main] org.hibernate.SQL                        : delete from shift_assignments where id=?
Hibernate: delete from shift_assignments where id=?
2025-10-26T12:22:32.715+09:00 DEBUG 19468 --- [Shift Scheduler Demo] [           main] org.hibernate.SQL                        : delete from shift_assignments where id=?
Hibernate: delete from shift_assignments where id=?
2025-10-26T12:22:32.715+09:00 DEBUG 19468 --- [Shift Scheduler Demo] [           main] org.hibernate.SQL                        : delete from shift_assignments where id=?
Hibernate: delete from shift_assignments where id=?
2025-10-26T12:22:32.715+09:00 DEBUG 19468 --- [Shift Scheduler Demo] [           main] org.hibernate.SQL                        : delete from shift_assignments where id=?
Hibernate: delete from shift_assignments where id=?
2025-10-26T12:22:32.715+09:00 DEBUG 19468 --- [Shift Scheduler Demo] [           main] org.hibernate.SQL                        : delete from shift_assignments where id=?
Hibernate: delete from shift_assignments where id=?
2025-10-26T12:22:32.715+09:00 DEBUG 19468 --- [Shift Scheduler Demo] [           main] org.hibernate.SQL                        : delete from shift_assignments where id=?
Hibernate: delete from shift_assignments where id=?
2025-10-26T12:22:32.715+09:00 DEBUG 19468 --- [Shift Scheduler Demo] [           main] org.hibernate.SQL                        : delete from shift_assignments where id=?
Hibernate: delete from shift_assignments where id=?
2025-10-26T12:22:32.715+09:00 DEBUG 19468 --- [Shift Scheduler Demo] [           main] org.hibernate.SQL                        : delete from shift_assignments where id=?
Hibernate: delete from shift_assignments where id=?
2025-10-26T12:22:32.715+09:00 DEBUG 19468 --- [Shift Scheduler Demo] [           main] org.hibernate.SQL                        : delete from shift_assignments where id=?
Hibernate: delete from shift_assignments where id=?
2025-10-26T12:22:32.715+09:00 DEBUG 19468 --- [Shift Scheduler Demo] [           main] org.hibernate.SQL                        : delete from shift_assignments where id=?
Hibernate: delete from shift_assignments where id=?
2025-10-26T12:22:32.715+09:00 DEBUG 19468 --- [Shift Scheduler Demo] [           main] org.hibernate.SQL                        : delete from shift_assignments where id=?
Hibernate: delete from shift_assignments where id=?
2025-10-26T12:22:32.715+09:00 DEBUG 19468 --- [Shift Scheduler Demo] [           main] org.hibernate.SQL                        : delete from shift_assignments where id=?
Hibernate: delete from shift_assignments where id=?
2025-10-26T12:22:32.715+09:00 DEBUG 19468 --- [Shift Scheduler Demo] [           main] org.hibernate.SQL                        : delete from shift_assignments where id=?
Hibernate: delete from shift_assignments where id=?
2025-10-26T12:22:32.715+09:00 DEBUG 19468 --- [Shift Scheduler Demo] [           main] org.hibernate.SQL                        : delete from shift_assignments where id=?
Hibernate: delete from shift_assignments where id=?
2025-10-26T12:22:32.715+09:00 DEBUG 19468 --- [Shift Scheduler Demo] [           main] org.hibernate.SQL                        : delete from shift_assignments where id=?
Hibernate: delete from shift_assignments where id=?
2025-10-26T12:22:32.715+09:00 DEBUG 19468 --- [Shift Scheduler Demo] [           main] org.hibernate.SQL                        : delete from shift_assignments where id=?
Hibernate: delete from shift_assignments where id=?
2025-10-26T12:22:32.715+09:00 DEBUG 19468 --- [Shift Scheduler Demo] [           main] org.hibernate.SQL                        : delete from shift_assignments where id=?
Hibernate: delete from shift_assignments where id=?
2025-10-26T12:22:32.715+09:00 DEBUG 19468 --- [Shift Scheduler Demo] [           main] org.hibernate.SQL                        : delete from shift_assignments where id=?
Hibernate: delete from shift_assignments where id=?
2025-10-26T12:22:32.715+09:00 DEBUG 19468 --- [Shift Scheduler Demo] [           main] org.hibernate.SQL                        : delete from shift_assignments where id=?
Hibernate: delete from shift_assignments where id=?
2025-10-26T12:22:32.715+09:00 DEBUG 19468 --- [Shift Scheduler Demo] [           main] org.hibernate.SQL                        : delete from shift_assignments where id=?
Hibernate: delete from shift_assignments where id=?
2025-10-26T12:22:32.715+09:00 DEBUG 19468 --- [Shift Scheduler Demo] [           main] org.hibernate.SQL                        : delete from shift_assignments where id=?
Hibernate: delete from shift_assignments where id=?
2025-10-26T12:22:32.715+09:00 DEBUG 19468 --- [Shift Scheduler Demo] [           main] org.hibernate.SQL                        : delete from shift_assignments where id=?
Hibernate: delete from shift_assignments where id=?
2025-10-26T12:22:32.715+09:00 DEBUG 19468 --- [Shift Scheduler Demo] [           main] org.hibernate.SQL                        : delete from shift_assignments where id=?
Hibernate: delete from shift_assignments where id=?
2025-10-26T12:22:32.715+09:00 DEBUG 19468 --- [Shift Scheduler Demo] [           main] org.hibernate.SQL                        : delete from shift_assignments where id=?
Hibernate: delete from shift_assignments where id=?
2025-10-26T12:22:32.715+09:00 DEBUG 19468 --- [Shift Scheduler Demo] [           main] org.hibernate.SQL                        : delete from shift_assignments where id=?
Hibernate: delete from shift_assignments where id=?
2025-10-26T12:22:32.715+09:00 DEBUG 19468 --- [Shift Scheduler Demo] [           main] org.hibernate.SQL                        : delete from shift_assignments where id=?
Hibernate: delete from shift_assignments where id=?
2025-10-26T12:22:32.716+09:00 DEBUG 19468 --- [Shift Scheduler Demo] [           main] org.hibernate.SQL                        : delete from shift_assignments where id=?
Hibernate: delete from shift_assignments where id=?
2025-10-26T12:22:32.716+09:00 DEBUG 19468 --- [Shift Scheduler Demo] [           main] org.hibernate.SQL                        : delete from shift_assignments where id=?
Hibernate: delete from shift_assignments where id=?
2025-10-26T12:22:32.716+09:00 DEBUG 19468 --- [Shift Scheduler Demo] [           main] org.hibernate.SQL                        : delete from shift_assignments where id=?
Hibernate: delete from shift_assignments where id=?
2025-10-26T12:22:32.716+09:00 DEBUG 19468 --- [Shift Scheduler Demo] [           main] org.hibernate.SQL                        : delete from shift_assignments where id=?
Hibernate: delete from shift_assignments where id=?
2025-10-26T12:22:32.716+09:00 DEBUG 19468 --- [Shift Scheduler Demo] [           main] org.hibernate.SQL                        : delete from shift_assignments where id=?
Hibernate: delete from shift_assignments where id=?
2025-10-26T12:22:32.716+09:00 DEBUG 19468 --- [Shift Scheduler Demo] [           main] org.hibernate.SQL                        : delete from shift_assignments where id=?
Hibernate: delete from shift_assignments where id=?
2025-10-26T12:22:32.716+09:00 DEBUG 19468 --- [Shift Scheduler Demo] [           main] org.hibernate.SQL                        : delete from shift_assignments where id=?
Hibernate: delete from shift_assignments where id=?
2025-10-26T12:22:32.716+09:00 DEBUG 19468 --- [Shift Scheduler Demo] [           main] org.hibernate.SQL                        : delete from shift_assignments where id=?
Hibernate: delete from shift_assignments where id=?
2025-10-26T12:22:32.716+09:00 DEBUG 19468 --- [Shift Scheduler Demo] [           main] org.hibernate.SQL                        : delete from shift_assignments where id=?
Hibernate: delete from shift_assignments where id=?
2025-10-26T12:22:32.716+09:00 DEBUG 19468 --- [Shift Scheduler Demo] [           main] org.hibernate.SQL                        : delete from shift_assignments where id=?
Hibernate: delete from shift_assignments where id=?
2025-10-26T12:22:32.716+09:00 DEBUG 19468 --- [Shift Scheduler Demo] [           main] org.hibernate.SQL                        : delete from shift_assignments where id=?
Hibernate: delete from shift_assignments where id=?
2025-10-26T12:22:32.716+09:00 DEBUG 19468 --- [Shift Scheduler Demo] [           main] org.hibernate.SQL                        : delete from shift_assignments where id=?
Hibernate: delete from shift_assignments where id=?
2025-10-26T12:22:32.716+09:00 DEBUG 19468 --- [Shift Scheduler Demo] [           main] org.hibernate.SQL                        : delete from shift_assignments where id=?
Hibernate: delete from shift_assignments where id=?
2025-10-26T12:22:32.716+09:00 DEBUG 19468 --- [Shift Scheduler Demo] [           main] org.hibernate.SQL                        : delete from shift_assignments where id=?
Hibernate: delete from shift_assignments where id=?
2025-10-26T12:22:32.716+09:00 DEBUG 19468 --- [Shift Scheduler Demo] [           main] org.hibernate.SQL                        : delete from shift_assignments where id=?
Hibernate: delete from shift_assignments where id=?
2025-10-26T12:22:32.716+09:00 DEBUG 19468 --- [Shift Scheduler Demo] [           main] org.hibernate.SQL                        : delete from shift_assignments where id=?
Hibernate: delete from shift_assignments where id=?
2025-10-26T12:22:32.716+09:00 DEBUG 19468 --- [Shift Scheduler Demo] [           main] org.hibernate.SQL                        : delete from shift_assignments where id=?
Hibernate: delete from shift_assignments where id=?
2025-10-26T12:22:32.716+09:00 DEBUG 19468 --- [Shift Scheduler Demo] [           main] org.hibernate.SQL                        : delete from shift_assignments where id=?
Hibernate: delete from shift_assignments where id=?
2025-10-26T12:22:32.716+09:00 DEBUG 19468 --- [Shift Scheduler Demo] [           main] org.hibernate.SQL                        : delete from shift_assignments where id=?
Hibernate: delete from shift_assignments where id=?
2025-10-26T12:22:32.716+09:00 DEBUG 19468 --- [Shift Scheduler Demo] [           main] org.hibernate.SQL                        : delete from shift_assignments where id=?
Hibernate: delete from shift_assignments where id=?
2025-10-26T12:22:32.716+09:00 DEBUG 19468 --- [Shift Scheduler Demo] [           main] org.hibernate.SQL                        : delete from shift_assignments where id=?
Hibernate: delete from shift_assignments where id=?
2025-10-26T12:22:32.716+09:00 DEBUG 19468 --- [Shift Scheduler Demo] [           main] org.hibernate.SQL                        : delete from shift_assignments where id=?
Hibernate: delete from shift_assignments where id=?
2025-10-26T12:22:32.716+09:00 DEBUG 19468 --- [Shift Scheduler Demo] [           main] org.hibernate.SQL                        : delete from shift_assignments where id=?
Hibernate: delete from shift_assignments where id=?
2025-10-26T12:22:32.716+09:00 DEBUG 19468 --- [Shift Scheduler Demo] [           main] org.hibernate.SQL                        : delete from shift_assignments where id=?
Hibernate: delete from shift_assignments where id=?
2025-10-26T12:22:32.716+09:00 DEBUG 19468 --- [Shift Scheduler Demo] [           main] org.hibernate.SQL                        : delete from shift_assignments where id=?
Hibernate: delete from shift_assignments where id=?
2025-10-26T12:22:32.717+09:00 DEBUG 19468 --- [Shift Scheduler Demo] [           main] org.hibernate.SQL                        : delete from shift_assignments where id=?
Hibernate: delete from shift_assignments where id=?
2025-10-26T12:22:32.717+09:00 DEBUG 19468 --- [Shift Scheduler Demo] [           main] org.hibernate.SQL                        : delete from shift_assignments where id=?
Hibernate: delete from shift_assignments where id=?
2025-10-26T12:22:32.717+09:00 DEBUG 19468 --- [Shift Scheduler Demo] [           main] org.hibernate.SQL                        : delete from shift_assignments where id=?
Hibernate: delete from shift_assignments where id=?
2025-10-26T12:22:32.717+09:00 DEBUG 19468 --- [Shift Scheduler Demo] [           main] org.hibernate.SQL                        : delete from shift_assignments where id=?
Hibernate: delete from shift_assignments where id=?
2025-10-26T12:22:32.717+09:00 DEBUG 19468 --- [Shift Scheduler Demo] [           main] org.hibernate.SQL                        : delete from shift_assignments where id=?
Hibernate: delete from shift_assignments where id=?
2025-10-26T12:22:32.717+09:00 DEBUG 19468 --- [Shift Scheduler Demo] [           main] org.hibernate.SQL                        : delete from shift_assignments where id=?
Hibernate: delete from shift_assignments where id=?
2025-10-26T12:22:32.717+09:00 DEBUG 19468 --- [Shift Scheduler Demo] [           main] org.hibernate.SQL                        : delete from shift_assignments where id=?
Hibernate: delete from shift_assignments where id=?
2025-10-26T12:22:32.717+09:00 DEBUG 19468 --- [Shift Scheduler Demo] [           main] org.hibernate.SQL                        : delete from shift_assignments where id=?
Hibernate: delete from shift_assignments where id=?
2025-10-26T12:22:32.717+09:00 DEBUG 19468 --- [Shift Scheduler Demo] [           main] org.hibernate.SQL                        : delete from shift_assignments where id=?
Hibernate: delete from shift_assignments where id=?
2025-10-26T12:22:32.717+09:00 DEBUG 19468 --- [Shift Scheduler Demo] [           main] org.hibernate.SQL                        : delete from shift_assignments where id=?
Hibernate: delete from shift_assignments where id=?
2025-10-26T12:22:32.717+09:00 DEBUG 19468 --- [Shift Scheduler Demo] [           main] org.hibernate.SQL                        : delete from shift_assignments where id=?
Hibernate: delete from shift_assignments where id=?
2025-10-26T12:22:32.717+09:00 DEBUG 19468 --- [Shift Scheduler Demo] [           main] org.hibernate.SQL                        : delete from shift_assignments where id=?
Hibernate: delete from shift_assignments where id=?
2025-10-26T12:22:32.717+09:00 DEBUG 19468 --- [Shift Scheduler Demo] [           main] org.hibernate.SQL                        : delete from shift_assignments where id=?
Hibernate: delete from shift_assignments where id=?
2025-10-26T12:22:32.717+09:00 DEBUG 19468 --- [Shift Scheduler Demo] [           main] org.hibernate.SQL                        : delete from shift_assignments where id=?
Hibernate: delete from shift_assignments where id=?
2025-10-26T12:22:32.717+09:00 DEBUG 19468 --- [Shift Scheduler Demo] [           main] org.hibernate.SQL                        : delete from shift_assignments where id=?
Hibernate: delete from shift_assignments where id=?
2025-10-26T12:22:32.717+09:00 DEBUG 19468 --- [Shift Scheduler Demo] [           main] org.hibernate.SQL                        : delete from shift_assignments where id=?
Hibernate: delete from shift_assignments where id=?
2025-10-26T12:22:32.717+09:00 DEBUG 19468 --- [Shift Scheduler Demo] [           main] org.hibernate.SQL                        : delete from shift_assignments where id=?
Hibernate: delete from shift_assignments where id=?
2025-10-26T12:22:32.717+09:00 DEBUG 19468 --- [Shift Scheduler Demo] [           main] org.hibernate.SQL                        : delete from shift_assignments where id=?
Hibernate: delete from shift_assignments where id=?
2025-10-26T12:22:32.717+09:00 DEBUG 19468 --- [Shift Scheduler Demo] [           main] org.hibernate.SQL                        : delete from shift_assignments where id=?
Hibernate: delete from shift_assignments where id=?
2025-10-26T12:22:32.717+09:00 DEBUG 19468 --- [Shift Scheduler Demo] [           main] org.hibernate.SQL                        : delete from shift_assignments where id=?
Hibernate: delete from shift_assignments where id=?
2025-10-26T12:22:32.717+09:00 DEBUG 19468 --- [Shift Scheduler Demo] [           main] org.hibernate.SQL                        : delete from shift_assignments where id=?
Hibernate: delete from shift_assignments where id=?
2025-10-26T12:22:32.717+09:00 DEBUG 19468 --- [Shift Scheduler Demo] [           main] org.hibernate.SQL                        : delete from shift_assignments where id=?
Hibernate: delete from shift_assignments where id=?
2025-10-26T12:22:32.717+09:00 DEBUG 19468 --- [Shift Scheduler Demo] [           main] org.hibernate.SQL                        : delete from shift_assignments where id=?
Hibernate: delete from shift_assignments where id=?
2025-10-26T12:22:32.717+09:00 DEBUG 19468 --- [Shift Scheduler Demo] [           main] org.hibernate.SQL                        : delete from shift_assignments where id=?
Hibernate: delete from shift_assignments where id=?
2025-10-26T12:22:32.717+09:00 DEBUG 19468 --- [Shift Scheduler Demo] [           main] org.hibernate.SQL                        : delete from shift_assignments where id=?
Hibernate: delete from shift_assignments where id=?
2025-10-26T12:22:32.717+09:00 DEBUG 19468 --- [Shift Scheduler Demo] [           main] org.hibernate.SQL                        : delete from shift_assignments where id=?
Hibernate: delete from shift_assignments where id=?
2025-10-26T12:22:32.717+09:00 DEBUG 19468 --- [Shift Scheduler Demo] [           main] org.hibernate.SQL                        : delete from shift_assignments where id=?
Hibernate: delete from shift_assignments where id=?
2025-10-26T12:22:32.717+09:00 DEBUG 19468 --- [Shift Scheduler Demo] [           main] org.hibernate.SQL                        : delete from shift_assignments where id=?
Hibernate: delete from shift_assignments where id=?
2025-10-26T12:22:32.717+09:00 DEBUG 19468 --- [Shift Scheduler Demo] [           main] org.hibernate.SQL                        : delete from shift_assignments where id=?
Hibernate: delete from shift_assignments where id=?
2025-10-26T12:22:32.717+09:00 DEBUG 19468 --- [Shift Scheduler Demo] [           main] org.hibernate.SQL                        : delete from shift_assignments where id=?
Hibernate: delete from shift_assignments where id=?
2025-10-26T12:22:32.717+09:00 DEBUG 19468 --- [Shift Scheduler Demo] [           main] org.hibernate.SQL                        : delete from shift_assignments where id=?
Hibernate: delete from shift_assignments where id=?
2025-10-26T12:22:32.717+09:00 DEBUG 19468 --- [Shift Scheduler Demo] [           main] org.hibernate.SQL                        : delete from shift_assignments where id=?
Hibernate: delete from shift_assignments where id=?
2025-10-26T12:22:32.717+09:00 DEBUG 19468 --- [Shift Scheduler Demo] [           main] org.hibernate.SQL                        : delete from shift_assignments where id=?
Hibernate: delete from shift_assignments where id=?
2025-10-26T12:22:32.717+09:00 DEBUG 19468 --- [Shift Scheduler Demo] [           main] org.hibernate.SQL                        : delete from shift_assignments where id=?
Hibernate: delete from shift_assignments where id=?
2025-10-26T12:22:32.717+09:00 DEBUG 19468 --- [Shift Scheduler Demo] [           main] org.hibernate.SQL                        : delete from shift_assignments where id=?
Hibernate: delete from shift_assignments where id=?
2025-10-26T12:22:32.717+09:00 DEBUG 19468 --- [Shift Scheduler Demo] [           main] org.hibernate.SQL                        : delete from shift_assignments where id=?
Hibernate: delete from shift_assignments where id=?
2025-10-26T12:22:32.718+09:00 DEBUG 19468 --- [Shift Scheduler Demo] [           main] org.hibernate.SQL                        : delete from shift_assignments where id=?
Hibernate: delete from shift_assignments where id=?
2025-10-26T12:22:32.718+09:00 DEBUG 19468 --- [Shift Scheduler Demo] [           main] org.hibernate.SQL                        : delete from shift_assignments where id=?
Hibernate: delete from shift_assignments where id=?
2025-10-26T12:22:32.718+09:00 DEBUG 19468 --- [Shift Scheduler Demo] [           main] org.hibernate.SQL                        : delete from shift_assignments where id=?
Hibernate: delete from shift_assignments where id=?
2025-10-26T12:22:32.718+09:00 DEBUG 19468 --- [Shift Scheduler Demo] [           main] org.hibernate.SQL                        : delete from shift_assignments where id=?
Hibernate: delete from shift_assignments where id=?
2025-10-26T12:22:32.718+09:00 DEBUG 19468 --- [Shift Scheduler Demo] [           main] org.hibernate.SQL                        : delete from shift_assignments where id=?
Hibernate: delete from shift_assignments where id=?
2025-10-26T12:22:32.718+09:00 DEBUG 19468 --- [Shift Scheduler Demo] [           main] org.hibernate.SQL                        : delete from shift_assignments where id=?
Hibernate: delete from shift_assignments where id=?
2025-10-26T12:22:32.718+09:00 DEBUG 19468 --- [Shift Scheduler Demo] [           main] org.hibernate.SQL                        : delete from shift_assignments where id=?
Hibernate: delete from shift_assignments where id=?
2025-10-26T12:22:32.718+09:00 DEBUG 19468 --- [Shift Scheduler Demo] [           main] org.hibernate.SQL                        : delete from shift_assignments where id=?
Hibernate: delete from shift_assignments where id=?
2025-10-26T12:22:32.718+09:00 DEBUG 19468 --- [Shift Scheduler Demo] [           main] org.hibernate.SQL                        : delete from shift_assignments where id=?
Hibernate: delete from shift_assignments where id=?
2025-10-26T12:22:32.718+09:00 DEBUG 19468 --- [Shift Scheduler Demo] [           main] org.hibernate.SQL                        : delete from shift_assignments where id=?
Hibernate: delete from shift_assignments where id=?
2025-10-26T12:22:32.718+09:00 DEBUG 19468 --- [Shift Scheduler Demo] [           main] org.hibernate.SQL                        : delete from shift_assignments where id=?
Hibernate: delete from shift_assignments where id=?
2025-10-26T12:22:32.718+09:00 DEBUG 19468 --- [Shift Scheduler Demo] [           main] org.hibernate.SQL                        : delete from shift_assignments where id=?
Hibernate: delete from shift_assignments where id=?
2025-10-26T12:22:32.718+09:00 DEBUG 19468 --- [Shift Scheduler Demo] [           main] org.hibernate.SQL                        : delete from shift_assignments where id=?
Hibernate: delete from shift_assignments where id=?
2025-10-26T12:22:32.718+09:00 DEBUG 19468 --- [Shift Scheduler Demo] [           main] org.hibernate.SQL                        : delete from shift_assignments where id=?
Hibernate: delete from shift_assignments where id=?
2025-10-26T12:22:32.718+09:00 DEBUG 19468 --- [Shift Scheduler Demo] [           main] org.hibernate.SQL                        : delete from shift_assignments where id=?
Hibernate: delete from shift_assignments where id=?
2025-10-26T12:22:32.718+09:00 DEBUG 19468 --- [Shift Scheduler Demo] [           main] org.hibernate.SQL                        : delete from shift_assignments where id=?
Hibernate: delete from shift_assignments where id=?
2025-10-26T12:22:32.718+09:00 DEBUG 19468 --- [Shift Scheduler Demo] [           main] org.hibernate.SQL                        : delete from shift_assignments where id=?
Hibernate: delete from shift_assignments where id=?
2025-10-26T12:22:32.718+09:00 DEBUG 19468 --- [Shift Scheduler Demo] [           main] org.hibernate.SQL                        : delete from shift_assignments where id=?
Hibernate: delete from shift_assignments where id=?
2025-10-26T12:22:32.718+09:00 DEBUG 19468 --- [Shift Scheduler Demo] [           main] org.hibernate.SQL                        : delete from shift_assignments where id=?
Hibernate: delete from shift_assignments where id=?
2025-10-26T12:22:32.718+09:00 DEBUG 19468 --- [Shift Scheduler Demo] [           main] org.hibernate.SQL                        : delete from shift_assignments where id=?
Hibernate: delete from shift_assignments where id=?
2025-10-26T12:22:32.718+09:00 DEBUG 19468 --- [Shift Scheduler Demo] [           main] org.hibernate.SQL                        : delete from shift_assignments where id=?
Hibernate: delete from shift_assignments where id=?
2025-10-26T12:22:32.718+09:00 DEBUG 19468 --- [Shift Scheduler Demo] [           main] org.hibernate.SQL                        : delete from shift_assignments where id=?
Hibernate: delete from shift_assignments where id=?
2025-10-26T12:22:32.718+09:00 DEBUG 19468 --- [Shift Scheduler Demo] [           main] org.hibernate.SQL                        : delete from shift_assignments where id=?
Hibernate: delete from shift_assignments where id=?
2025-10-26T12:22:32.718+09:00 DEBUG 19468 --- [Shift Scheduler Demo] [           main] org.hibernate.SQL                        : delete from shift_assignments where id=?
Hibernate: delete from shift_assignments where id=?
2025-10-26T12:22:32.718+09:00 DEBUG 19468 --- [Shift Scheduler Demo] [           main] org.hibernate.SQL                        : delete from shift_assignments where id=?
Hibernate: delete from shift_assignments where id=?
2025-10-26T12:22:32.718+09:00 DEBUG 19468 --- [Shift Scheduler Demo] [           main] org.hibernate.SQL                        : delete from shift_assignments where id=?
Hibernate: delete from shift_assignments where id=?
2025-10-26T12:22:32.718+09:00 DEBUG 19468 --- [Shift Scheduler Demo] [           main] org.hibernate.SQL                        : delete from shift_assignments where id=?
Hibernate: delete from shift_assignments where id=?
2025-10-26T12:22:32.718+09:00 DEBUG 19468 --- [Shift Scheduler Demo] [           main] org.hibernate.SQL                        : delete from shift_assignments where id=?
Hibernate: delete from shift_assignments where id=?
2025-10-26T12:22:32.718+09:00 DEBUG 19468 --- [Shift Scheduler Demo] [           main] org.hibernate.SQL                        : delete from shift_assignments where id=?
Hibernate: delete from shift_assignments where id=?
2025-10-26T12:22:32.718+09:00 DEBUG 19468 --- [Shift Scheduler Demo] [           main] org.hibernate.SQL                        : delete from shift_assignments where id=?
Hibernate: delete from shift_assignments where id=?
2025-10-26T12:22:32.718+09:00 DEBUG 19468 --- [Shift Scheduler Demo] [           main] org.hibernate.SQL                        : delete from shift_assignments where id=?
Hibernate: delete from shift_assignments where id=?
2025-10-26T12:22:32.718+09:00 DEBUG 19468 --- [Shift Scheduler Demo] [           main] org.hibernate.SQL                        : delete from shift_assignments where id=?
Hibernate: delete from shift_assignments where id=?
2025-10-26T12:22:32.718+09:00 DEBUG 19468 --- [Shift Scheduler Demo] [           main] org.hibernate.SQL                        : delete from shift_assignments where id=?
Hibernate: delete from shift_assignments where id=?
2025-10-26T12:22:32.718+09:00 DEBUG 19468 --- [Shift Scheduler Demo] [           main] org.hibernate.SQL                        : delete from shift_assignments where id=?
Hibernate: delete from shift_assignments where id=?
2025-10-26T12:22:32.718+09:00 DEBUG 19468 --- [Shift Scheduler Demo] [           main] org.hibernate.SQL                        : delete from shift_assignments where id=?
Hibernate: delete from shift_assignments where id=?
2025-10-26T12:22:32.718+09:00 DEBUG 19468 --- [Shift Scheduler Demo] [           main] org.hibernate.SQL                        : delete from shift_assignments where id=?
Hibernate: delete from shift_assignments where id=?
2025-10-26T12:22:32.718+09:00 DEBUG 19468 --- [Shift Scheduler Demo] [           main] org.hibernate.SQL                        : delete from shift_assignments where id=?
Hibernate: delete from shift_assignments where id=?
2025-10-26T12:22:32.718+09:00 DEBUG 19468 --- [Shift Scheduler Demo] [           main] org.hibernate.SQL                        : delete from shift_assignments where id=?
Hibernate: delete from shift_assignments where id=?
2025-10-26T12:22:32.718+09:00 DEBUG 19468 --- [Shift Scheduler Demo] [           main] org.hibernate.SQL                        : delete from shift_assignments where id=?
Hibernate: delete from shift_assignments where id=?
2025-10-26T12:22:32.719+09:00 DEBUG 19468 --- [Shift Scheduler Demo] [           main] org.hibernate.SQL                        : delete from shift_assignments where id=?
Hibernate: delete from shift_assignments where id=?
2025-10-26T12:22:32.719+09:00 DEBUG 19468 --- [Shift Scheduler Demo] [           main] org.hibernate.SQL                        : delete from shift_assignments where id=?
Hibernate: delete from shift_assignments where id=?
2025-10-26T12:22:32.719+09:00 DEBUG 19468 --- [Shift Scheduler Demo] [           main] org.hibernate.SQL                        : delete from shift_assignments where id=?
Hibernate: delete from shift_assignments where id=?
2025-10-26T12:22:32.719+09:00 DEBUG 19468 --- [Shift Scheduler Demo] [           main] org.hibernate.SQL                        : delete from shift_assignments where id=?
Hibernate: delete from shift_assignments where id=?
2025-10-26T12:22:32.721+09:00 DEBUG 19468 --- [Shift Scheduler Demo] [           main] org.hibernate.SQL                        : delete from shift_assignments where id=?
Hibernate: delete from shift_assignments where id=?
2025-10-26T12:22:32.723+09:00 DEBUG 19468 --- [Shift Scheduler Demo] [           main] org.hibernate.SQL                        : delete from shift_assignments where id=?
Hibernate: delete from shift_assignments where id=?
2025-10-26T12:22:32.723+09:00 DEBUG 19468 --- [Shift Scheduler Demo] [           main] org.hibernate.SQL                        : delete from shift_assignments where id=?
Hibernate: delete from shift_assignments where id=?
2025-10-26T12:22:32.723+09:00 DEBUG 19468 --- [Shift Scheduler Demo] [           main] org.hibernate.SQL                        : delete from shift_assignments where id=?
Hibernate: delete from shift_assignments where id=?
2025-10-26T12:22:32.723+09:00 DEBUG 19468 --- [Shift Scheduler Demo] [           main] org.hibernate.SQL                        : delete from shift_assignments where id=?
Hibernate: delete from shift_assignments where id=?
2025-10-26T12:22:32.723+09:00 DEBUG 19468 --- [Shift Scheduler Demo] [           main] org.hibernate.SQL                        : delete from shift_assignments where id=?
Hibernate: delete from shift_assignments where id=?
2025-10-26T12:22:32.723+09:00 DEBUG 19468 --- [Shift Scheduler Demo] [           main] org.hibernate.SQL                        : delete from shift_assignments where id=?
Hibernate: delete from shift_assignments where id=?
2025-10-26T12:22:32.723+09:00 DEBUG 19468 --- [Shift Scheduler Demo] [           main] org.hibernate.SQL                        : delete from shift_assignments where id=?
Hibernate: delete from shift_assignments where id=?
2025-10-26T12:22:32.723+09:00 DEBUG 19468 --- [Shift Scheduler Demo] [           main] org.hibernate.SQL                        : delete from shift_assignments where id=?
Hibernate: delete from shift_assignments where id=?
2025-10-26T12:22:32.723+09:00 DEBUG 19468 --- [Shift Scheduler Demo] [           main] org.hibernate.SQL                        : delete from shift_assignments where id=?
Hibernate: delete from shift_assignments where id=?
2025-10-26T12:22:32.723+09:00 DEBUG 19468 --- [Shift Scheduler Demo] [           main] org.hibernate.SQL                        : delete from shift_assignments where id=?
Hibernate: delete from shift_assignments where id=?
2025-10-26T12:22:32.723+09:00 DEBUG 19468 --- [Shift Scheduler Demo] [           main] org.hibernate.SQL                        : delete from shift_assignments where id=?
Hibernate: delete from shift_assignments where id=?
2025-10-26T12:22:32.723+09:00 DEBUG 19468 --- [Shift Scheduler Demo] [           main] org.hibernate.SQL                        : delete from shift_assignments where id=?
Hibernate: delete from shift_assignments where id=?
2025-10-26T12:22:32.723+09:00 DEBUG 19468 --- [Shift Scheduler Demo] [           main] org.hibernate.SQL                        : delete from shift_assignments where id=?
Hibernate: delete from shift_assignments where id=?
2025-10-26T12:22:32.723+09:00 DEBUG 19468 --- [Shift Scheduler Demo] [           main] org.hibernate.SQL                        : delete from shift_assignments where id=?
Hibernate: delete from shift_assignments where id=?
2025-10-26T12:22:32.723+09:00 DEBUG 19468 --- [Shift Scheduler Demo] [           main] org.hibernate.SQL                        : delete from shift_assignments where id=?
Hibernate: delete from shift_assignments where id=?
2025-10-26T12:22:32.723+09:00 DEBUG 19468 --- [Shift Scheduler Demo] [           main] org.hibernate.SQL                        : delete from shift_assignments where id=?
Hibernate: delete from shift_assignments where id=?
2025-10-26T12:22:32.723+09:00 DEBUG 19468 --- [Shift Scheduler Demo] [           main] org.hibernate.SQL                        : delete from shift_assignments where id=?
Hibernate: delete from shift_assignments where id=?
2025-10-26T12:22:32.723+09:00 DEBUG 19468 --- [Shift Scheduler Demo] [           main] org.hibernate.SQL                        : delete from shift_assignments where id=?
Hibernate: delete from shift_assignments where id=?
2025-10-26T12:22:32.723+09:00 DEBUG 19468 --- [Shift Scheduler Demo] [           main] org.hibernate.SQL                        : delete from shift_assignments where id=?
Hibernate: delete from shift_assignments where id=?
2025-10-26T12:22:32.723+09:00 DEBUG 19468 --- [Shift Scheduler Demo] [           main] org.hibernate.SQL                        : delete from shift_assignments where id=?
Hibernate: delete from shift_assignments where id=?
2025-10-26T12:22:32.723+09:00 DEBUG 19468 --- [Shift Scheduler Demo] [           main] org.hibernate.SQL                        : delete from shift_assignments where id=?
Hibernate: delete from shift_assignments where id=?
2025-10-26T12:22:32.723+09:00 DEBUG 19468 --- [Shift Scheduler Demo] [           main] org.hibernate.SQL                        : delete from shift_assignments where id=?
Hibernate: delete from shift_assignments where id=?
2025-10-26T12:22:32.723+09:00 DEBUG 19468 --- [Shift Scheduler Demo] [           main] org.hibernate.SQL                        : delete from shift_assignments where id=?
Hibernate: delete from shift_assignments where id=?
2025-10-26T12:22:32.723+09:00 DEBUG 19468 --- [Shift Scheduler Demo] [           main] org.hibernate.SQL                        : delete from shift_assignments where id=?
Hibernate: delete from shift_assignments where id=?
2025-10-26T12:22:32.723+09:00 DEBUG 19468 --- [Shift Scheduler Demo] [           main] org.hibernate.SQL                        : delete from shift_assignments where id=?
Hibernate: delete from shift_assignments where id=?
2025-10-26T12:22:32.723+09:00 DEBUG 19468 --- [Shift Scheduler Demo] [           main] org.hibernate.SQL                        : delete from shift_assignments where id=?
Hibernate: delete from shift_assignments where id=?
2025-10-26T12:22:32.723+09:00 DEBUG 19468 --- [Shift Scheduler Demo] [           main] org.hibernate.SQL                        : delete from shift_assignments where id=?
Hibernate: delete from shift_assignments where id=?
2025-10-26T12:22:32.723+09:00 DEBUG 19468 --- [Shift Scheduler Demo] [           main] org.hibernate.SQL                        : delete from shift_assignments where id=?
Hibernate: delete from shift_assignments where id=?
2025-10-26T12:22:32.723+09:00 DEBUG 19468 --- [Shift Scheduler Demo] [           main] org.hibernate.SQL                        : delete from shift_assignments where id=?
Hibernate: delete from shift_assignments where id=?
2025-10-26T12:22:32.723+09:00 DEBUG 19468 --- [Shift Scheduler Demo] [           main] org.hibernate.SQL                        : delete from shift_assignments where id=?
Hibernate: delete from shift_assignments where id=?
2025-10-26T12:22:32.723+09:00 DEBUG 19468 --- [Shift Scheduler Demo] [           main] org.hibernate.SQL                        : delete from shift_assignments where id=?
Hibernate: delete from shift_assignments where id=?
2025-10-26T12:22:32.723+09:00 DEBUG 19468 --- [Shift Scheduler Demo] [           main] org.hibernate.SQL                        : delete from shift_assignments where id=?
Hibernate: delete from shift_assignments where id=?
2025-10-26T12:22:32.723+09:00 DEBUG 19468 --- [Shift Scheduler Demo] [           main] org.hibernate.SQL                        : delete from shift_assignments where id=?
Hibernate: delete from shift_assignments where id=?
2025-10-26T12:22:32.723+09:00 DEBUG 19468 --- [Shift Scheduler Demo] [           main] org.hibernate.SQL                        : delete from shift_assignments where id=?
Hibernate: delete from shift_assignments where id=?
2025-10-26T12:22:32.723+09:00 DEBUG 19468 --- [Shift Scheduler Demo] [           main] org.hibernate.SQL                        : delete from shift_assignments where id=?
Hibernate: delete from shift_assignments where id=?
2025-10-26T12:22:32.723+09:00 DEBUG 19468 --- [Shift Scheduler Demo] [           main] org.hibernate.SQL                        : delete from shift_assignments where id=?
Hibernate: delete from shift_assignments where id=?
2025-10-26T12:22:32.723+09:00 DEBUG 19468 --- [Shift Scheduler Demo] [           main] org.hibernate.SQL                        : delete from shift_assignments where id=?
Hibernate: delete from shift_assignments where id=?
2025-10-26T12:22:32.723+09:00 DEBUG 19468 --- [Shift Scheduler Demo] [           main] org.hibernate.SQL                        : delete from shift_assignments where id=?
Hibernate: delete from shift_assignments where id=?
2025-10-26T12:22:32.723+09:00 DEBUG 19468 --- [Shift Scheduler Demo] [           main] org.hibernate.SQL                        : delete from shift_assignments where id=?
Hibernate: delete from shift_assignments where id=?
2025-10-26T12:22:32.723+09:00 DEBUG 19468 --- [Shift Scheduler Demo] [           main] org.hibernate.SQL                        : delete from shift_assignments where id=?
Hibernate: delete from shift_assignments where id=?
2025-10-26T12:22:32.723+09:00 DEBUG 19468 --- [Shift Scheduler Demo] [           main] org.hibernate.SQL                        : delete from shift_assignments where id=?
Hibernate: delete from shift_assignments where id=?
2025-10-26T12:22:32.723+09:00 DEBUG 19468 --- [Shift Scheduler Demo] [           main] org.hibernate.SQL                        : delete from shift_assignments where id=?
Hibernate: delete from shift_assignments where id=?
2025-10-26T12:22:32.723+09:00 DEBUG 19468 --- [Shift Scheduler Demo] [           main] org.hibernate.SQL                        : delete from shift_assignments where id=?
Hibernate: delete from shift_assignments where id=?
2025-10-26T12:22:32.723+09:00 DEBUG 19468 --- [Shift Scheduler Demo] [           main] org.hibernate.SQL                        : delete from shift_assignments where id=?
Hibernate: delete from shift_assignments where id=?
2025-10-26T12:22:32.723+09:00 DEBUG 19468 --- [Shift Scheduler Demo] [           main] org.hibernate.SQL                        : delete from shift_assignments where id=?
Hibernate: delete from shift_assignments where id=?
2025-10-26T12:22:32.723+09:00 DEBUG 19468 --- [Shift Scheduler Demo] [           main] org.hibernate.SQL                        : delete from shift_assignments where id=?
Hibernate: delete from shift_assignments where id=?
2025-10-26T12:22:32.723+09:00 DEBUG 19468 --- [Shift Scheduler Demo] [           main] org.hibernate.SQL                        : delete from shift_assignments where id=?
Hibernate: delete from shift_assignments where id=?
2025-10-26T12:22:32.723+09:00 DEBUG 19468 --- [Shift Scheduler Demo] [           main] org.hibernate.SQL                        : delete from shift_assignments where id=?
Hibernate: delete from shift_assignments where id=?
2025-10-26T12:22:32.723+09:00 DEBUG 19468 --- [Shift Scheduler Demo] [           main] org.hibernate.SQL                        : delete from shift_assignments where id=?
Hibernate: delete from shift_assignments where id=?
2025-10-26T12:22:32.723+09:00 DEBUG 19468 --- [Shift Scheduler Demo] [           main] org.hibernate.SQL                        : delete from shift_assignments where id=?
Hibernate: delete from shift_assignments where id=?
2025-10-26T12:22:32.723+09:00 DEBUG 19468 --- [Shift Scheduler Demo] [           main] org.hibernate.SQL                        : delete from shift_assignments where id=?
Hibernate: delete from shift_assignments where id=?
2025-10-26T12:22:32.723+09:00 DEBUG 19468 --- [Shift Scheduler Demo] [           main] org.hibernate.SQL                        : delete from shift_assignments where id=?
Hibernate: delete from shift_assignments where id=?
2025-10-26T12:22:32.723+09:00 DEBUG 19468 --- [Shift Scheduler Demo] [           main] org.hibernate.SQL                        : delete from shift_assignments where id=?
Hibernate: delete from shift_assignments where id=?
2025-10-26T12:22:32.723+09:00 DEBUG 19468 --- [Shift Scheduler Demo] [           main] org.hibernate.SQL                        : delete from shift_assignments where id=?
Hibernate: delete from shift_assignments where id=?
2025-10-26T12:22:32.723+09:00 DEBUG 19468 --- [Shift Scheduler Demo] [           main] org.hibernate.SQL                        : delete from shift_assignments where id=?
Hibernate: delete from shift_assignments where id=?
2025-10-26T12:22:32.723+09:00 DEBUG 19468 --- [Shift Scheduler Demo] [           main] org.hibernate.SQL                        : delete from shift_assignments where id=?
Hibernate: delete from shift_assignments where id=?
2025-10-26T12:22:32.723+09:00 DEBUG 19468 --- [Shift Scheduler Demo] [           main] org.hibernate.SQL                        : delete from shift_assignments where id=?
Hibernate: delete from shift_assignments where id=?
2025-10-26T12:22:32.723+09:00 DEBUG 19468 --- [Shift Scheduler Demo] [           main] org.hibernate.SQL                        : delete from shift_assignments where id=?
Hibernate: delete from shift_assignments where id=?
2025-10-26T12:22:32.723+09:00 DEBUG 19468 --- [Shift Scheduler Demo] [           main] org.hibernate.SQL                        : delete from shift_assignments where id=?
Hibernate: delete from shift_assignments where id=?
2025-10-26T12:22:32.723+09:00 DEBUG 19468 --- [Shift Scheduler Demo] [           main] org.hibernate.SQL                        : delete from shift_assignments where id=?
Hibernate: delete from shift_assignments where id=?
2025-10-26T12:22:32.723+09:00 DEBUG 19468 --- [Shift Scheduler Demo] [           main] org.hibernate.SQL                        : delete from shift_assignments where id=?
Hibernate: delete from shift_assignments where id=?
2025-10-26T12:22:32.723+09:00 DEBUG 19468 --- [Shift Scheduler Demo] [           main] org.hibernate.SQL                        : delete from shift_assignments where id=?
Hibernate: delete from shift_assignments where id=?
2025-10-26T12:22:32.723+09:00 DEBUG 19468 --- [Shift Scheduler Demo] [           main] org.hibernate.SQL                        : delete from shift_assignments where id=?
Hibernate: delete from shift_assignments where id=?
2025-10-26T12:22:32.723+09:00 DEBUG 19468 --- [Shift Scheduler Demo] [           main] org.hibernate.SQL                        : delete from shift_assignments where id=?
Hibernate: delete from shift_assignments where id=?
2025-10-26T12:22:32.723+09:00 DEBUG 19468 --- [Shift Scheduler Demo] [           main] org.hibernate.SQL                        : delete from shift_assignments where id=?
Hibernate: delete from shift_assignments where id=?
2025-10-26T12:22:32.725+09:00 DEBUG 19468 --- [Shift Scheduler Demo] [           main] org.hibernate.SQL                        : delete from shift_assignments where id=?
Hibernate: delete from shift_assignments where id=?
2025-10-26T12:22:32.725+09:00 DEBUG 19468 --- [Shift Scheduler Demo] [           main] org.hibernate.SQL                        : delete from shift_assignments where id=?
Hibernate: delete from shift_assignments where id=?
2025-10-26T12:22:32.725+09:00 DEBUG 19468 --- [Shift Scheduler Demo] [           main] org.hibernate.SQL                        : delete from shift_assignments where id=?
Hibernate: delete from shift_assignments where id=?
2025-10-26T12:22:32.725+09:00 DEBUG 19468 --- [Shift Scheduler Demo] [           main] org.hibernate.SQL                        : delete from shift_assignments where id=?
Hibernate: delete from shift_assignments where id=?
2025-10-26T12:22:32.725+09:00 DEBUG 19468 --- [Shift Scheduler Demo] [           main] org.hibernate.SQL                        : delete from shift_assignments where id=?
Hibernate: delete from shift_assignments where id=?
2025-10-26T12:22:32.725+09:00 DEBUG 19468 --- [Shift Scheduler Demo] [           main] org.hibernate.SQL                        : delete from shift_assignments where id=?
Hibernate: delete from shift_assignments where id=?
2025-10-26T12:22:32.725+09:00 DEBUG 19468 --- [Shift Scheduler Demo] [           main] org.hibernate.SQL                        : delete from shift_assignments where id=?
Hibernate: delete from shift_assignments where id=?
2025-10-26T12:22:32.725+09:00 DEBUG 19468 --- [Shift Scheduler Demo] [           main] org.hibernate.SQL                        : delete from shift_assignments where id=?
Hibernate: delete from shift_assignments where id=?
2025-10-26T12:22:32.725+09:00 DEBUG 19468 --- [Shift Scheduler Demo] [           main] org.hibernate.SQL                        : delete from shift_assignments where id=?
Hibernate: delete from shift_assignments where id=?
2025-10-26T12:22:32.725+09:00 DEBUG 19468 --- [Shift Scheduler Demo] [           main] org.hibernate.SQL                        : delete from shift_assignments where id=?
Hibernate: delete from shift_assignments where id=?
2025-10-26T12:22:32.725+09:00 DEBUG 19468 --- [Shift Scheduler Demo] [           main] org.hibernate.SQL                        : delete from shift_assignments where id=?
Hibernate: delete from shift_assignments where id=?
2025-10-26T12:22:32.725+09:00 DEBUG 19468 --- [Shift Scheduler Demo] [           main] org.hibernate.SQL                        : delete from shift_assignments where id=?
Hibernate: delete from shift_assignments where id=?
2025-10-26T12:22:32.725+09:00 DEBUG 19468 --- [Shift Scheduler Demo] [           main] org.hibernate.SQL                        : delete from shift_assignments where id=?
Hibernate: delete from shift_assignments where id=?
2025-10-26T12:22:32.725+09:00 DEBUG 19468 --- [Shift Scheduler Demo] [           main] org.hibernate.SQL                        : delete from shift_assignments where id=?
Hibernate: delete from shift_assignments where id=?
2025-10-26T12:22:32.725+09:00 DEBUG 19468 --- [Shift Scheduler Demo] [           main] org.hibernate.SQL                        : delete from shift_assignments where id=?
Hibernate: delete from shift_assignments where id=?
2025-10-26T12:22:32.725+09:00 DEBUG 19468 --- [Shift Scheduler Demo] [           main] org.hibernate.SQL                        : delete from shift_assignments where id=?
Hibernate: delete from shift_assignments where id=?
2025-10-26T12:22:32.725+09:00 DEBUG 19468 --- [Shift Scheduler Demo] [           main] org.hibernate.SQL                        : delete from shift_assignments where id=?
Hibernate: delete from shift_assignments where id=?
2025-10-26T12:22:32.725+09:00 DEBUG 19468 --- [Shift Scheduler Demo] [           main] org.hibernate.SQL                        : delete from shift_assignments where id=?
Hibernate: delete from shift_assignments where id=?
2025-10-26T12:22:32.725+09:00 DEBUG 19468 --- [Shift Scheduler Demo] [           main] org.hibernate.SQL                        : delete from shift_assignments where id=?
Hibernate: delete from shift_assignments where id=?
2025-10-26T12:22:32.725+09:00 DEBUG 19468 --- [Shift Scheduler Demo] [           main] org.hibernate.SQL                        : delete from shift_assignments where id=?
Hibernate: delete from shift_assignments where id=?
2025-10-26T12:22:32.725+09:00 DEBUG 19468 --- [Shift Scheduler Demo] [           main] org.hibernate.SQL                        : delete from shift_assignments where id=?
Hibernate: delete from shift_assignments where id=?
2025-10-26T12:22:32.725+09:00 DEBUG 19468 --- [Shift Scheduler Demo] [           main] org.hibernate.SQL                        : delete from shift_assignments where id=?
Hibernate: delete from shift_assignments where id=?
2025-10-26T12:22:32.725+09:00 DEBUG 19468 --- [Shift Scheduler Demo] [           main] org.hibernate.SQL                        : delete from shift_assignments where id=?
Hibernate: delete from shift_assignments where id=?
2025-10-26T12:22:32.725+09:00 DEBUG 19468 --- [Shift Scheduler Demo] [           main] org.hibernate.SQL                        : delete from shift_assignments where id=?
Hibernate: delete from shift_assignments where id=?
2025-10-26T12:22:32.725+09:00 DEBUG 19468 --- [Shift Scheduler Demo] [           main] org.hibernate.SQL                        : delete from shift_assignments where id=?
Hibernate: delete from shift_assignments where id=?
2025-10-26T12:22:32.725+09:00 DEBUG 19468 --- [Shift Scheduler Demo] [           main] org.hibernate.SQL                        : delete from shift_assignments where id=?
Hibernate: delete from shift_assignments where id=?
2025-10-26T12:22:32.725+09:00 DEBUG 19468 --- [Shift Scheduler Demo] [           main] org.hibernate.SQL                        : delete from shift_assignments where id=?
Hibernate: delete from shift_assignments where id=?
2025-10-26T12:22:32.725+09:00 DEBUG 19468 --- [Shift Scheduler Demo] [           main] org.hibernate.SQL                        : delete from shift_assignments where id=?
Hibernate: delete from shift_assignments where id=?
2025-10-26T12:22:32.725+09:00 DEBUG 19468 --- [Shift Scheduler Demo] [           main] org.hibernate.SQL                        : delete from shift_assignments where id=?
Hibernate: delete from shift_assignments where id=?
2025-10-26T12:22:32.725+09:00 DEBUG 19468 --- [Shift Scheduler Demo] [           main] org.hibernate.SQL                        : delete from shift_assignments where id=?
Hibernate: delete from shift_assignments where id=?
2025-10-26T12:22:32.725+09:00 DEBUG 19468 --- [Shift Scheduler Demo] [           main] org.hibernate.SQL                        : delete from shift_assignments where id=?
Hibernate: delete from shift_assignments where id=?
2025-10-26T12:22:32.725+09:00 DEBUG 19468 --- [Shift Scheduler Demo] [           main] org.hibernate.SQL                        : delete from shift_assignments where id=?
Hibernate: delete from shift_assignments where id=?
2025-10-26T12:22:32.725+09:00 DEBUG 19468 --- [Shift Scheduler Demo] [           main] org.hibernate.SQL                        : delete from shift_assignments where id=?
Hibernate: delete from shift_assignments where id=?
2025-10-26T12:22:32.725+09:00 DEBUG 19468 --- [Shift Scheduler Demo] [           main] org.hibernate.SQL                        : delete from shift_assignments where id=?
Hibernate: delete from shift_assignments where id=?
2025-10-26T12:22:32.725+09:00 DEBUG 19468 --- [Shift Scheduler Demo] [           main] org.hibernate.SQL                        : delete from shift_assignments where id=?
Hibernate: delete from shift_assignments where id=?
2025-10-26T12:22:32.725+09:00 DEBUG 19468 --- [Shift Scheduler Demo] [           main] org.hibernate.SQL                        : delete from shift_assignments where id=?
Hibernate: delete from shift_assignments where id=?
2025-10-26T12:22:32.725+09:00 DEBUG 19468 --- [Shift Scheduler Demo] [           main] org.hibernate.SQL                        : delete from shift_assignments where id=?
Hibernate: delete from shift_assignments where id=?
2025-10-26T12:22:32.725+09:00 DEBUG 19468 --- [Shift Scheduler Demo] [           main] org.hibernate.SQL                        : delete from shift_assignments where id=?
Hibernate: delete from shift_assignments where id=?
2025-10-26T12:22:32.725+09:00 DEBUG 19468 --- [Shift Scheduler Demo] [           main] org.hibernate.SQL                        : delete from shift_assignments where id=?
Hibernate: delete from shift_assignments where id=?
2025-10-26T12:22:32.725+09:00 DEBUG 19468 --- [Shift Scheduler Demo] [           main] org.hibernate.SQL                        : delete from shift_assignments where id=?
Hibernate: delete from shift_assignments where id=?
2025-10-26T12:22:32.725+09:00 DEBUG 19468 --- [Shift Scheduler Demo] [           main] org.hibernate.SQL                        : delete from shift_assignments where id=?
Hibernate: delete from shift_assignments where id=?
2025-10-26T12:22:32.725+09:00 DEBUG 19468 --- [Shift Scheduler Demo] [           main] org.hibernate.SQL                        : delete from shift_assignments where id=?
Hibernate: delete from shift_assignments where id=?
2025-10-26T12:22:32.725+09:00 DEBUG 19468 --- [Shift Scheduler Demo] [           main] org.hibernate.SQL                        : delete from shift_assignments where id=?
Hibernate: delete from shift_assignments where id=?
2025-10-26T12:22:32.725+09:00 DEBUG 19468 --- [Shift Scheduler Demo] [           main] org.hibernate.SQL                        : delete from shift_assignments where id=?
Hibernate: delete from shift_assignments where id=?
2025-10-26T12:22:32.725+09:00 DEBUG 19468 --- [Shift Scheduler Demo] [           main] org.hibernate.SQL                        : delete from shift_assignments where id=?
Hibernate: delete from shift_assignments where id=?
2025-10-26T12:22:32.725+09:00 DEBUG 19468 --- [Shift Scheduler Demo] [           main] org.hibernate.SQL                        : delete from shift_assignments where id=?
Hibernate: delete from shift_assignments where id=?
2025-10-26T12:22:32.725+09:00 DEBUG 19468 --- [Shift Scheduler Demo] [           main] org.hibernate.SQL                        : delete from shift_assignments where id=?
Hibernate: delete from shift_assignments where id=?
2025-10-26T12:22:32.725+09:00 DEBUG 19468 --- [Shift Scheduler Demo] [           main] org.hibernate.SQL                        : delete from shift_assignments where id=?
Hibernate: delete from shift_assignments where id=?
2025-10-26T12:22:32.725+09:00 DEBUG 19468 --- [Shift Scheduler Demo] [           main] org.hibernate.SQL                        : delete from shift_assignments where id=?
Hibernate: delete from shift_assignments where id=?
2025-10-26T12:22:32.725+09:00 DEBUG 19468 --- [Shift Scheduler Demo] [           main] org.hibernate.SQL                        : delete from shift_assignments where id=?
Hibernate: delete from shift_assignments where id=?
2025-10-26T12:22:32.727+09:00 DEBUG 19468 --- [Shift Scheduler Demo] [           main] org.hibernate.SQL                        : delete from shift_assignments where id=?
Hibernate: delete from shift_assignments where id=?
2025-10-26T12:22:32.727+09:00 DEBUG 19468 --- [Shift Scheduler Demo] [           main] org.hibernate.SQL                        : delete from shift_assignments where id=?
Hibernate: delete from shift_assignments where id=?
2025-10-26T12:22:32.727+09:00 DEBUG 19468 --- [Shift Scheduler Demo] [           main] org.hibernate.SQL                        : delete from shift_assignments where id=?
Hibernate: delete from shift_assignments where id=?
2025-10-26T12:22:32.727+09:00 DEBUG 19468 --- [Shift Scheduler Demo] [           main] org.hibernate.SQL                        : delete from shift_assignments where id=?
Hibernate: delete from shift_assignments where id=?
2025-10-26T12:22:32.727+09:00 DEBUG 19468 --- [Shift Scheduler Demo] [           main] org.hibernate.SQL                        : delete from shift_assignments where id=?
Hibernate: delete from shift_assignments where id=?
2025-10-26T12:22:32.727+09:00 DEBUG 19468 --- [Shift Scheduler Demo] [           main] org.hibernate.SQL                        : delete from shift_assignments where id=?
Hibernate: delete from shift_assignments where id=?
2025-10-26T12:22:32.727+09:00 DEBUG 19468 --- [Shift Scheduler Demo] [           main] org.hibernate.SQL                        : delete from shift_assignments where id=?
Hibernate: delete from shift_assignments where id=?
2025-10-26T12:22:32.727+09:00 DEBUG 19468 --- [Shift Scheduler Demo] [           main] org.hibernate.SQL                        : delete from shift_assignments where id=?
Hibernate: delete from shift_assignments where id=?
2025-10-26T12:22:32.727+09:00 DEBUG 19468 --- [Shift Scheduler Demo] [           main] org.hibernate.SQL                        : delete from shift_assignments where id=?
Hibernate: delete from shift_assignments where id=?
2025-10-26T12:22:32.727+09:00 DEBUG 19468 --- [Shift Scheduler Demo] [           main] org.hibernate.SQL                        : delete from shift_assignments where id=?
Hibernate: delete from shift_assignments where id=?
2025-10-26T12:22:32.727+09:00 DEBUG 19468 --- [Shift Scheduler Demo] [           main] org.hibernate.SQL                        : delete from shift_assignments where id=?
Hibernate: delete from shift_assignments where id=?
2025-10-26T12:22:32.727+09:00 DEBUG 19468 --- [Shift Scheduler Demo] [           main] org.hibernate.SQL                        : delete from shift_assignments where id=?
Hibernate: delete from shift_assignments where id=?
2025-10-26T12:22:32.727+09:00 DEBUG 19468 --- [Shift Scheduler Demo] [           main] org.hibernate.SQL                        : delete from shift_assignments where id=?
Hibernate: delete from shift_assignments where id=?
2025-10-26T12:22:32.727+09:00 DEBUG 19468 --- [Shift Scheduler Demo] [           main] org.hibernate.SQL                        : delete from shift_assignments where id=?
Hibernate: delete from shift_assignments where id=?
2025-10-26T12:22:32.727+09:00 DEBUG 19468 --- [Shift Scheduler Demo] [           main] org.hibernate.SQL                        : delete from shift_assignments where id=?
Hibernate: delete from shift_assignments where id=?
2025-10-26T12:22:32.727+09:00 DEBUG 19468 --- [Shift Scheduler Demo] [           main] org.hibernate.SQL                        : delete from shift_assignments where id=?
Hibernate: delete from shift_assignments where id=?
2025-10-26T12:22:32.727+09:00 DEBUG 19468 --- [Shift Scheduler Demo] [           main] org.hibernate.SQL                        : delete from shift_assignments where id=?
Hibernate: delete from shift_assignments where id=?
2025-10-26T12:22:32.727+09:00 DEBUG 19468 --- [Shift Scheduler Demo] [           main] org.hibernate.SQL                        : delete from shift_assignments where id=?
Hibernate: delete from shift_assignments where id=?
2025-10-26T12:22:32.727+09:00 DEBUG 19468 --- [Shift Scheduler Demo] [           main] org.hibernate.SQL                        : delete from shift_assignments where id=?
Hibernate: delete from shift_assignments where id=?
2025-10-26T12:22:32.727+09:00 DEBUG 19468 --- [Shift Scheduler Demo] [           main] org.hibernate.SQL                        : delete from shift_assignments where id=?
Hibernate: delete from shift_assignments where id=?
2025-10-26T12:22:32.727+09:00 DEBUG 19468 --- [Shift Scheduler Demo] [           main] org.hibernate.SQL                        : delete from shift_assignments where id=?
Hibernate: delete from shift_assignments where id=?
2025-10-26T12:22:32.727+09:00 DEBUG 19468 --- [Shift Scheduler Demo] [           main] org.hibernate.SQL                        : delete from shift_assignments where id=?
Hibernate: delete from shift_assignments where id=?
2025-10-26T12:22:32.727+09:00 DEBUG 19468 --- [Shift Scheduler Demo] [           main] org.hibernate.SQL                        : delete from shift_assignments where id=?
Hibernate: delete from shift_assignments where id=?
2025-10-26T12:22:32.727+09:00 DEBUG 19468 --- [Shift Scheduler Demo] [           main] org.hibernate.SQL                        : delete from shift_assignments where id=?
Hibernate: delete from shift_assignments where id=?
2025-10-26T12:22:32.727+09:00 DEBUG 19468 --- [Shift Scheduler Demo] [           main] org.hibernate.SQL                        : delete from shift_assignments where id=?
Hibernate: delete from shift_assignments where id=?
2025-10-26T12:22:32.727+09:00 DEBUG 19468 --- [Shift Scheduler Demo] [           main] org.hibernate.SQL                        : delete from shift_assignments where id=?
Hibernate: delete from shift_assignments where id=?
2025-10-26T12:22:32.727+09:00 DEBUG 19468 --- [Shift Scheduler Demo] [           main] org.hibernate.SQL                        : delete from shift_assignments where id=?
Hibernate: delete from shift_assignments where id=?
2025-10-26T12:22:32.727+09:00 DEBUG 19468 --- [Shift Scheduler Demo] [           main] org.hibernate.SQL                        : delete from shift_assignments where id=?
Hibernate: delete from shift_assignments where id=?
2025-10-26T12:22:32.727+09:00 DEBUG 19468 --- [Shift Scheduler Demo] [           main] org.hibernate.SQL                        : delete from shift_assignments where id=?
Hibernate: delete from shift_assignments where id=?
2025-10-26T12:22:32.727+09:00 DEBUG 19468 --- [Shift Scheduler Demo] [           main] org.hibernate.SQL                        : delete from shift_assignments where id=?
Hibernate: delete from shift_assignments where id=?
2025-10-26T12:22:32.727+09:00 DEBUG 19468 --- [Shift Scheduler Demo] [           main] org.hibernate.SQL                        : delete from shift_assignments where id=?
Hibernate: delete from shift_assignments where id=?
2025-10-26T12:22:32.727+09:00 DEBUG 19468 --- [Shift Scheduler Demo] [           main] org.hibernate.SQL                        : delete from shift_assignments where id=?
Hibernate: delete from shift_assignments where id=?
2025-10-26T12:22:32.727+09:00 DEBUG 19468 --- [Shift Scheduler Demo] [           main] org.hibernate.SQL                        : delete from shift_assignments where id=?
Hibernate: delete from shift_assignments where id=?
2025-10-26T12:22:32.727+09:00 DEBUG 19468 --- [Shift Scheduler Demo] [           main] org.hibernate.SQL                        : delete from shift_assignments where id=?
Hibernate: delete from shift_assignments where id=?
2025-10-26T12:22:32.729+09:00 DEBUG 19468 --- [Shift Scheduler Demo] [           main] org.hibernate.SQL                        : delete from shift_assignments where id=?
Hibernate: delete from shift_assignments where id=?
2025-10-26T12:22:32.729+09:00 DEBUG 19468 --- [Shift Scheduler Demo] [           main] org.hibernate.SQL                        : delete from shift_assignments where id=?
Hibernate: delete from shift_assignments where id=?
2025-10-26T12:22:32.729+09:00 DEBUG 19468 --- [Shift Scheduler Demo] [           main] org.hibernate.SQL                        : delete from shift_assignments where id=?
Hibernate: delete from shift_assignments where id=?
2025-10-26T12:22:32.729+09:00 DEBUG 19468 --- [Shift Scheduler Demo] [           main] org.hibernate.SQL                        : delete from shift_assignments where id=?
Hibernate: delete from shift_assignments where id=?
2025-10-26T12:22:32.729+09:00 DEBUG 19468 --- [Shift Scheduler Demo] [           main] org.hibernate.SQL                        : delete from shift_assignments where id=?
Hibernate: delete from shift_assignments where id=?
2025-10-26T12:22:32.729+09:00 DEBUG 19468 --- [Shift Scheduler Demo] [           main] org.hibernate.SQL                        : delete from shift_assignments where id=?
Hibernate: delete from shift_assignments where id=?
2025-10-26T12:22:32.729+09:00 DEBUG 19468 --- [Shift Scheduler Demo] [           main] org.hibernate.SQL                        : delete from shift_assignments where id=?
Hibernate: delete from shift_assignments where id=?
2025-10-26T12:22:32.729+09:00 DEBUG 19468 --- [Shift Scheduler Demo] [           main] org.hibernate.SQL                        : delete from shift_assignments where id=?
Hibernate: delete from shift_assignments where id=?
2025-10-26T12:22:32.729+09:00 DEBUG 19468 --- [Shift Scheduler Demo] [           main] org.hibernate.SQL                        : delete from shift_assignments where id=?
Hibernate: delete from shift_assignments where id=?
2025-10-26T12:22:32.729+09:00 DEBUG 19468 --- [Shift Scheduler Demo] [           main] org.hibernate.SQL                        : delete from shift_assignments where id=?
Hibernate: delete from shift_assignments where id=?
2025-10-26T12:22:32.729+09:00 DEBUG 19468 --- [Shift Scheduler Demo] [           main] org.hibernate.SQL                        : delete from shift_assignments where id=?
Hibernate: delete from shift_assignments where id=?
2025-10-26T12:22:32.729+09:00 DEBUG 19468 --- [Shift Scheduler Demo] [           main] org.hibernate.SQL                        : delete from shift_assignments where id=?
Hibernate: delete from shift_assignments where id=?
2025-10-26T12:22:32.729+09:00 DEBUG 19468 --- [Shift Scheduler Demo] [           main] org.hibernate.SQL                        : delete from shift_assignments where id=?
Hibernate: delete from shift_assignments where id=?
2025-10-26T12:22:32.729+09:00 DEBUG 19468 --- [Shift Scheduler Demo] [           main] org.hibernate.SQL                        : delete from shift_assignments where id=?
Hibernate: delete from shift_assignments where id=?
2025-10-26T12:22:32.731+09:00 DEBUG 19468 --- [Shift Scheduler Demo] [           main] org.hibernate.SQL                        : delete from shift_assignments where id=?
Hibernate: delete from shift_assignments where id=?
2025-10-26T12:22:32.731+09:00 DEBUG 19468 --- [Shift Scheduler Demo] [           main] org.hibernate.SQL                        : delete from shift_assignments where id=?
Hibernate: delete from shift_assignments where id=?
2025-10-26T12:22:32.731+09:00 DEBUG 19468 --- [Shift Scheduler Demo] [           main] org.hibernate.SQL                        : delete from shift_assignments where id=?
Hibernate: delete from shift_assignments where id=?
2025-10-26T12:22:32.731+09:00 DEBUG 19468 --- [Shift Scheduler Demo] [           main] org.hibernate.SQL                        : delete from shift_assignments where id=?
Hibernate: delete from shift_assignments where id=?
2025-10-26T12:22:32.731+09:00 DEBUG 19468 --- [Shift Scheduler Demo] [           main] org.hibernate.SQL                        : delete from shift_assignments where id=?
Hibernate: delete from shift_assignments where id=?
2025-10-26T12:22:32.731+09:00 DEBUG 19468 --- [Shift Scheduler Demo] [           main] org.hibernate.SQL                        : delete from shift_assignments where id=?
Hibernate: delete from shift_assignments where id=?
2025-10-26T12:22:32.731+09:00 DEBUG 19468 --- [Shift Scheduler Demo] [           main] org.hibernate.SQL                        : delete from shift_assignments where id=?
Hibernate: delete from shift_assignments where id=?
2025-10-26T12:22:32.731+09:00 DEBUG 19468 --- [Shift Scheduler Demo] [           main] org.hibernate.SQL                        : delete from shift_assignments where id=?
Hibernate: delete from shift_assignments where id=?
2025-10-26T12:22:32.731+09:00 DEBUG 19468 --- [Shift Scheduler Demo] [           main] org.hibernate.SQL                        : delete from shift_assignments where id=?
Hibernate: delete from shift_assignments where id=?
2025-10-26T12:22:32.731+09:00 DEBUG 19468 --- [Shift Scheduler Demo] [           main] org.hibernate.SQL                        : delete from shift_assignments where id=?
Hibernate: delete from shift_assignments where id=?
2025-10-26T12:22:32.731+09:00 DEBUG 19468 --- [Shift Scheduler Demo] [           main] org.hibernate.SQL                        : delete from shift_assignments where id=?
Hibernate: delete from shift_assignments where id=?
2025-10-26T12:22:32.731+09:00 DEBUG 19468 --- [Shift Scheduler Demo] [           main] org.hibernate.SQL                        : delete from shift_assignments where id=?
Hibernate: delete from shift_assignments where id=?
2025-10-26T12:22:32.731+09:00 DEBUG 19468 --- [Shift Scheduler Demo] [           main] org.hibernate.SQL                        : delete from shift_assignments where id=?
Hibernate: delete from shift_assignments where id=?
2025-10-26T12:22:32.731+09:00 DEBUG 19468 --- [Shift Scheduler Demo] [           main] org.hibernate.SQL                        : delete from shift_assignments where id=?
Hibernate: delete from shift_assignments where id=?
2025-10-26T12:22:32.731+09:00 DEBUG 19468 --- [Shift Scheduler Demo] [           main] org.hibernate.SQL                        : delete from shift_assignments where id=?
Hibernate: delete from shift_assignments where id=?
2025-10-26T12:22:32.731+09:00 DEBUG 19468 --- [Shift Scheduler Demo] [           main] org.hibernate.SQL                        : delete from shift_assignments where id=?
Hibernate: delete from shift_assignments where id=?
2025-10-26T12:22:32.731+09:00 DEBUG 19468 --- [Shift Scheduler Demo] [           main] org.hibernate.SQL                        : delete from shift_assignments where id=?
Hibernate: delete from shift_assignments where id=?
2025-10-26T12:22:32.731+09:00 DEBUG 19468 --- [Shift Scheduler Demo] [           main] org.hibernate.SQL                        : delete from shift_assignments where id=?
Hibernate: delete from shift_assignments where id=?
2025-10-26T12:22:32.731+09:00 DEBUG 19468 --- [Shift Scheduler Demo] [           main] org.hibernate.SQL                        : delete from shift_assignments where id=?
Hibernate: delete from shift_assignments where id=?
2025-10-26T12:22:32.731+09:00 DEBUG 19468 --- [Shift Scheduler Demo] [           main] org.hibernate.SQL                        : delete from shift_assignments where id=?
Hibernate: delete from shift_assignments where id=?
2025-10-26T12:22:32.731+09:00 DEBUG 19468 --- [Shift Scheduler Demo] [           main] org.hibernate.SQL                        : delete from shift_assignments where id=?
Hibernate: delete from shift_assignments where id=?
2025-10-26T12:22:32.731+09:00 DEBUG 19468 --- [Shift Scheduler Demo] [           main] org.hibernate.SQL                        : delete from shift_assignments where id=?
Hibernate: delete from shift_assignments where id=?
2025-10-26T12:22:32.731+09:00 DEBUG 19468 --- [Shift Scheduler Demo] [           main] org.hibernate.SQL                        : delete from shift_assignments where id=?
Hibernate: delete from shift_assignments where id=?
2025-10-26T12:22:32.731+09:00 DEBUG 19468 --- [Shift Scheduler Demo] [           main] org.hibernate.SQL                        : delete from shift_assignments where id=?
Hibernate: delete from shift_assignments where id=?
2025-10-26T12:22:32.731+09:00 DEBUG 19468 --- [Shift Scheduler Demo] [           main] org.hibernate.SQL                        : delete from shift_assignments where id=?
Hibernate: delete from shift_assignments where id=?
2025-10-26T12:22:32.731+09:00 DEBUG 19468 --- [Shift Scheduler Demo] [           main] org.hibernate.SQL                        : delete from shift_assignments where id=?
Hibernate: delete from shift_assignments where id=?
2025-10-26T12:22:32.731+09:00 DEBUG 19468 --- [Shift Scheduler Demo] [           main] org.hibernate.SQL                        : delete from shift_assignments where id=?
Hibernate: delete from shift_assignments where id=?
2025-10-26T12:22:32.731+09:00 DEBUG 19468 --- [Shift Scheduler Demo] [           main] org.hibernate.SQL                        : delete from shift_assignments where id=?
Hibernate: delete from shift_assignments where id=?
2025-10-26T12:22:32.731+09:00 DEBUG 19468 --- [Shift Scheduler Demo] [           main] org.hibernate.SQL                        : delete from shift_assignments where id=?
Hibernate: delete from shift_assignments where id=?
2025-10-26T12:22:32.731+09:00 DEBUG 19468 --- [Shift Scheduler Demo] [           main] org.hibernate.SQL                        : delete from shift_assignments where id=?
Hibernate: delete from shift_assignments where id=?
2025-10-26T12:22:32.731+09:00 DEBUG 19468 --- [Shift Scheduler Demo] [           main] org.hibernate.SQL                        : delete from shift_assignments where id=?
Hibernate: delete from shift_assignments where id=?
2025-10-26T12:22:32.731+09:00 DEBUG 19468 --- [Shift Scheduler Demo] [           main] org.hibernate.SQL                        : delete from shift_assignments where id=?
Hibernate: delete from shift_assignments where id=?
2025-10-26T12:22:32.731+09:00 DEBUG 19468 --- [Shift Scheduler Demo] [           main] org.hibernate.SQL                        : delete from shift_assignments where id=?
Hibernate: delete from shift_assignments where id=?
2025-10-26T12:22:32.731+09:00 DEBUG 19468 --- [Shift Scheduler Demo] [           main] org.hibernate.SQL                        : delete from shift_assignments where id=?
Hibernate: delete from shift_assignments where id=?
2025-10-26T12:22:32.731+09:00 DEBUG 19468 --- [Shift Scheduler Demo] [           main] org.hibernate.SQL                        : delete from shift_assignments where id=?
Hibernate: delete from shift_assignments where id=?
2025-10-26T12:22:32.731+09:00 DEBUG 19468 --- [Shift Scheduler Demo] [           main] org.hibernate.SQL                        : delete from shift_assignments where id=?
Hibernate: delete from shift_assignments where id=?
2025-10-26T12:22:32.734+09:00 DEBUG 19468 --- [Shift Scheduler Demo] [           main] org.hibernate.SQL                        : delete from shift_assignments where id=?
Hibernate: delete from shift_assignments where id=?
2025-10-26T12:22:32.734+09:00 DEBUG 19468 --- [Shift Scheduler Demo] [           main] org.hibernate.SQL                        : delete from shift_assignments where id=?
Hibernate: delete from shift_assignments where id=?
2025-10-26T12:22:32.734+09:00 DEBUG 19468 --- [Shift Scheduler Demo] [           main] org.hibernate.SQL                        : delete from shift_assignments where id=?
Hibernate: delete from shift_assignments where id=?
2025-10-26T12:22:32.734+09:00 DEBUG 19468 --- [Shift Scheduler Demo] [           main] org.hibernate.SQL                        : delete from shift_assignments where id=?
Hibernate: delete from shift_assignments where id=?
2025-10-26T12:22:32.734+09:00 DEBUG 19468 --- [Shift Scheduler Demo] [           main] org.hibernate.SQL                        : delete from shift_assignments where id=?
Hibernate: delete from shift_assignments where id=?
2025-10-26T12:22:32.734+09:00 DEBUG 19468 --- [Shift Scheduler Demo] [           main] org.hibernate.SQL                        : delete from shift_assignments where id=?
Hibernate: delete from shift_assignments where id=?
2025-10-26T12:22:32.734+09:00 DEBUG 19468 --- [Shift Scheduler Demo] [           main] org.hibernate.SQL                        : delete from shift_assignments where id=?
Hibernate: delete from shift_assignments where id=?
2025-10-26T12:22:32.734+09:00 DEBUG 19468 --- [Shift Scheduler Demo] [           main] org.hibernate.SQL                        : delete from shift_assignments where id=?
Hibernate: delete from shift_assignments where id=?
2025-10-26T12:22:32.734+09:00 DEBUG 19468 --- [Shift Scheduler Demo] [           main] org.hibernate.SQL                        : delete from shift_assignments where id=?
Hibernate: delete from shift_assignments where id=?
2025-10-26T12:22:32.734+09:00 DEBUG 19468 --- [Shift Scheduler Demo] [           main] org.hibernate.SQL                        : delete from shift_assignments where id=?
Hibernate: delete from shift_assignments where id=?
2025-10-26T12:22:32.734+09:00 DEBUG 19468 --- [Shift Scheduler Demo] [           main] org.hibernate.SQL                        : delete from shift_assignments where id=?
Hibernate: delete from shift_assignments where id=?
2025-10-26T12:22:32.734+09:00 DEBUG 19468 --- [Shift Scheduler Demo] [           main] org.hibernate.SQL                        : delete from shift_assignments where id=?
Hibernate: delete from shift_assignments where id=?
2025-10-26T12:22:32.734+09:00 DEBUG 19468 --- [Shift Scheduler Demo] [           main] org.hibernate.SQL                        : delete from shift_assignments where id=?
Hibernate: delete from shift_assignments where id=?
2025-10-26T12:22:32.734+09:00 DEBUG 19468 --- [Shift Scheduler Demo] [           main] org.hibernate.SQL                        : delete from shift_assignments where id=?
Hibernate: delete from shift_assignments where id=?
2025-10-26T12:22:32.734+09:00 DEBUG 19468 --- [Shift Scheduler Demo] [           main] org.hibernate.SQL                        : delete from shift_assignments where id=?
Hibernate: delete from shift_assignments where id=?
2025-10-26T12:22:32.734+09:00 DEBUG 19468 --- [Shift Scheduler Demo] [           main] org.hibernate.SQL                        : delete from shift_assignments where id=?
Hibernate: delete from shift_assignments where id=?
2025-10-26T12:22:32.734+09:00 DEBUG 19468 --- [Shift Scheduler Demo] [           main] org.hibernate.SQL                        : delete from shift_assignments where id=?
Hibernate: delete from shift_assignments where id=?
2025-10-26T12:22:32.734+09:00 DEBUG 19468 --- [Shift Scheduler Demo] [           main] org.hibernate.SQL                        : delete from shift_assignments where id=?
Hibernate: delete from shift_assignments where id=?
2025-10-26T12:22:32.734+09:00 DEBUG 19468 --- [Shift Scheduler Demo] [           main] org.hibernate.SQL                        : delete from shift_assignments where id=?
Hibernate: delete from shift_assignments where id=?
2025-10-26T12:22:32.734+09:00 DEBUG 19468 --- [Shift Scheduler Demo] [           main] org.hibernate.SQL                        : delete from shift_assignments where id=?
Hibernate: delete from shift_assignments where id=?
2025-10-26T12:22:32.734+09:00 DEBUG 19468 --- [Shift Scheduler Demo] [           main] org.hibernate.SQL                        : delete from shift_assignments where id=?
Hibernate: delete from shift_assignments where id=?
2025-10-26T12:22:32.734+09:00 DEBUG 19468 --- [Shift Scheduler Demo] [           main] org.hibernate.SQL                        : delete from shift_assignments where id=?
Hibernate: delete from shift_assignments where id=?
2025-10-26T12:22:32.734+09:00 DEBUG 19468 --- [Shift Scheduler Demo] [           main] org.hibernate.SQL                        : delete from shift_assignments where id=?
Hibernate: delete from shift_assignments where id=?
2025-10-26T12:22:32.734+09:00 DEBUG 19468 --- [Shift Scheduler Demo] [           main] org.hibernate.SQL                        : delete from shift_assignments where id=?
Hibernate: delete from shift_assignments where id=?
2025-10-26T12:22:32.734+09:00 DEBUG 19468 --- [Shift Scheduler Demo] [           main] org.hibernate.SQL                        : delete from shift_assignments where id=?
Hibernate: delete from shift_assignments where id=?
2025-10-26T12:22:32.734+09:00 DEBUG 19468 --- [Shift Scheduler Demo] [           main] org.hibernate.SQL                        : delete from shift_assignments where id=?
Hibernate: delete from shift_assignments where id=?
2025-10-26T12:22:32.734+09:00 DEBUG 19468 --- [Shift Scheduler Demo] [           main] org.hibernate.SQL                        : delete from shift_assignments where id=?
Hibernate: delete from shift_assignments where id=?
2025-10-26T12:22:32.736+09:00 DEBUG 19468 --- [Shift Scheduler Demo] [           main] org.hibernate.SQL                        : delete from shift_assignments where id=?
Hibernate: delete from shift_assignments where id=?
2025-10-26T12:22:32.736+09:00 DEBUG 19468 --- [Shift Scheduler Demo] [           main] org.hibernate.SQL                        : delete from shift_assignments where id=?
Hibernate: delete from shift_assignments where id=?
2025-10-26T12:22:32.736+09:00 DEBUG 19468 --- [Shift Scheduler Demo] [           main] org.hibernate.SQL                        : delete from shift_assignments where id=?
Hibernate: delete from shift_assignments where id=?
2025-10-26T12:22:32.736+09:00 DEBUG 19468 --- [Shift Scheduler Demo] [           main] org.hibernate.SQL                        : delete from shift_assignments where id=?
Hibernate: delete from shift_assignments where id=?
2025-10-26T12:22:32.736+09:00 DEBUG 19468 --- [Shift Scheduler Demo] [           main] org.hibernate.SQL                        : delete from shift_assignments where id=?
Hibernate: delete from shift_assignments where id=?
2025-10-26T12:22:32.736+09:00 DEBUG 19468 --- [Shift Scheduler Demo] [           main] org.hibernate.SQL                        : delete from shift_assignments where id=?
Hibernate: delete from shift_assignments where id=?
2025-10-26T12:22:32.736+09:00 DEBUG 19468 --- [Shift Scheduler Demo] [           main] org.hibernate.SQL                        : delete from shift_assignments where id=?
Hibernate: delete from shift_assignments where id=?
2025-10-26T12:22:32.736+09:00 DEBUG 19468 --- [Shift Scheduler Demo] [           main] org.hibernate.SQL                        : delete from shift_assignments where id=?
Hibernate: delete from shift_assignments where id=?
2025-10-26T12:22:32.736+09:00 DEBUG 19468 --- [Shift Scheduler Demo] [           main] org.hibernate.SQL                        : delete from shift_assignments where id=?
Hibernate: delete from shift_assignments where id=?
2025-10-26T12:22:32.736+09:00 DEBUG 19468 --- [Shift Scheduler Demo] [           main] org.hibernate.SQL                        : delete from shift_assignments where id=?
Hibernate: delete from shift_assignments where id=?
2025-10-26T12:22:32.736+09:00 DEBUG 19468 --- [Shift Scheduler Demo] [           main] org.hibernate.SQL                        : delete from shift_assignments where id=?
Hibernate: delete from shift_assignments where id=?
2025-10-26T12:22:32.736+09:00 DEBUG 19468 --- [Shift Scheduler Demo] [           main] org.hibernate.SQL                        : delete from shift_assignments where id=?
Hibernate: delete from shift_assignments where id=?
2025-10-26T12:22:32.736+09:00 DEBUG 19468 --- [Shift Scheduler Demo] [           main] org.hibernate.SQL                        : delete from shift_assignments where id=?
Hibernate: delete from shift_assignments where id=?
2025-10-26T12:22:32.736+09:00 DEBUG 19468 --- [Shift Scheduler Demo] [           main] org.hibernate.SQL                        : delete from shift_assignments where id=?
Hibernate: delete from shift_assignments where id=?
2025-10-26T12:22:32.736+09:00 DEBUG 19468 --- [Shift Scheduler Demo] [           main] org.hibernate.SQL                        : delete from shift_assignments where id=?
Hibernate: delete from shift_assignments where id=?
2025-10-26T12:22:32.736+09:00 DEBUG 19468 --- [Shift Scheduler Demo] [           main] org.hibernate.SQL                        : delete from shift_assignments where id=?
Hibernate: delete from shift_assignments where id=?
2025-10-26T12:22:32.736+09:00 DEBUG 19468 --- [Shift Scheduler Demo] [           main] org.hibernate.SQL                        : delete from shift_assignments where id=?
Hibernate: delete from shift_assignments where id=?
2025-10-26T12:22:32.736+09:00 DEBUG 19468 --- [Shift Scheduler Demo] [           main] org.hibernate.SQL                        : delete from shift_assignments where id=?
Hibernate: delete from shift_assignments where id=?
2025-10-26T12:22:32.736+09:00 DEBUG 19468 --- [Shift Scheduler Demo] [           main] org.hibernate.SQL                        : delete from shift_assignments where id=?
Hibernate: delete from shift_assignments where id=?
2025-10-26T12:22:32.736+09:00 DEBUG 19468 --- [Shift Scheduler Demo] [           main] org.hibernate.SQL                        : delete from shift_assignments where id=?
Hibernate: delete from shift_assignments where id=?
2025-10-26T12:22:32.736+09:00 DEBUG 19468 --- [Shift Scheduler Demo] [           main] org.hibernate.SQL                        : delete from shift_assignments where id=?
Hibernate: delete from shift_assignments where id=?
2025-10-26T12:22:32.736+09:00 DEBUG 19468 --- [Shift Scheduler Demo] [           main] org.hibernate.SQL                        : delete from shift_assignments where id=?
Hibernate: delete from shift_assignments where id=?
2025-10-26T12:22:32.736+09:00 DEBUG 19468 --- [Shift Scheduler Demo] [           main] org.hibernate.SQL                        : delete from shift_assignments where id=?
Hibernate: delete from shift_assignments where id=?
2025-10-26T12:22:32.741+09:00 DEBUG 19468 --- [Shift Scheduler Demo] [           main] org.hibernate.SQL                        : delete from shift_assignments where id=?
Hibernate: delete from shift_assignments where id=?
2025-10-26T12:22:32.741+09:00 DEBUG 19468 --- [Shift Scheduler Demo] [           main] org.hibernate.SQL                        : delete from shift_assignments where id=?
Hibernate: delete from shift_assignments where id=?
2025-10-26T12:22:32.741+09:00 DEBUG 19468 --- [Shift Scheduler Demo] [           main] org.hibernate.SQL                        : delete from shift_assignments where id=?
Hibernate: delete from shift_assignments where id=?
2025-10-26T12:22:32.741+09:00 DEBUG 19468 --- [Shift Scheduler Demo] [           main] org.hibernate.SQL                        : delete from shift_assignments where id=?
Hibernate: delete from shift_assignments where id=?
2025-10-26T12:22:32.741+09:00 DEBUG 19468 --- [Shift Scheduler Demo] [           main] org.hibernate.SQL                        : delete from shift_assignments where id=?
Hibernate: delete from shift_assignments where id=?
2025-10-26T12:22:32.741+09:00 DEBUG 19468 --- [Shift Scheduler Demo] [           main] org.hibernate.SQL                        : delete from shift_assignments where id=?
Hibernate: delete from shift_assignments where id=?
2025-10-26T12:22:32.741+09:00 DEBUG 19468 --- [Shift Scheduler Demo] [           main] org.hibernate.SQL                        : delete from shift_assignments where id=?
Hibernate: delete from shift_assignments where id=?
2025-10-26T12:22:32.741+09:00 DEBUG 19468 --- [Shift Scheduler Demo] [           main] org.hibernate.SQL                        : delete from shift_assignments where id=?
Hibernate: delete from shift_assignments where id=?
2025-10-26T12:22:32.741+09:00 DEBUG 19468 --- [Shift Scheduler Demo] [           main] org.hibernate.SQL                        : delete from shift_assignments where id=?
Hibernate: delete from shift_assignments where id=?
2025-10-26T12:22:32.741+09:00 DEBUG 19468 --- [Shift Scheduler Demo] [           main] org.hibernate.SQL                        : delete from shift_assignments where id=?
Hibernate: delete from shift_assignments where id=?
2025-10-26T12:22:32.741+09:00 DEBUG 19468 --- [Shift Scheduler Demo] [           main] org.hibernate.SQL                        : delete from shift_assignments where id=?
Hibernate: delete from shift_assignments where id=?
2025-10-26T12:22:32.741+09:00 DEBUG 19468 --- [Shift Scheduler Demo] [           main] org.hibernate.SQL                        : delete from shift_assignments where id=?
Hibernate: delete from shift_assignments where id=?
2025-10-26T12:22:32.741+09:00 DEBUG 19468 --- [Shift Scheduler Demo] [           main] org.hibernate.SQL                        : delete from shift_assignments where id=?
Hibernate: delete from shift_assignments where id=?
2025-10-26T12:22:32.741+09:00 DEBUG 19468 --- [Shift Scheduler Demo] [           main] org.hibernate.SQL                        : delete from shift_assignments where id=?
Hibernate: delete from shift_assignments where id=?
2025-10-26T12:22:32.741+09:00 DEBUG 19468 --- [Shift Scheduler Demo] [           main] org.hibernate.SQL                        : delete from shift_assignments where id=?
Hibernate: delete from shift_assignments where id=?
2025-10-26T12:22:32.741+09:00 DEBUG 19468 --- [Shift Scheduler Demo] [           main] org.hibernate.SQL                        : delete from shift_assignments where id=?
Hibernate: delete from shift_assignments where id=?
2025-10-26T12:22:32.741+09:00 DEBUG 19468 --- [Shift Scheduler Demo] [           main] org.hibernate.SQL                        : delete from shift_assignments where id=?
Hibernate: delete from shift_assignments where id=?
2025-10-26T12:22:32.741+09:00 DEBUG 19468 --- [Shift Scheduler Demo] [           main] org.hibernate.SQL                        : delete from shift_assignments where id=?
Hibernate: delete from shift_assignments where id=?
2025-10-26T12:22:32.741+09:00 DEBUG 19468 --- [Shift Scheduler Demo] [           main] org.hibernate.SQL                        : delete from shift_assignments where id=?
Hibernate: delete from shift_assignments where id=?
2025-10-26T12:22:32.741+09:00 DEBUG 19468 --- [Shift Scheduler Demo] [           main] org.hibernate.SQL                        : delete from shift_assignments where id=?
Hibernate: delete from shift_assignments where id=?
2025-10-26T12:22:32.741+09:00 DEBUG 19468 --- [Shift Scheduler Demo] [           main] org.hibernate.SQL                        : delete from shift_assignments where id=?
Hibernate: delete from shift_assignments where id=?
2025-10-26T12:22:32.741+09:00 DEBUG 19468 --- [Shift Scheduler Demo] [           main] org.hibernate.SQL                        : delete from shift_assignments where id=?
Hibernate: delete from shift_assignments where id=?
2025-10-26T12:22:32.741+09:00 DEBUG 19468 --- [Shift Scheduler Demo] [           main] org.hibernate.SQL                        : delete from shift_assignments where id=?
Hibernate: delete from shift_assignments where id=?
2025-10-26T12:22:32.741+09:00 DEBUG 19468 --- [Shift Scheduler Demo] [           main] org.hibernate.SQL                        : delete from shift_assignments where id=?
Hibernate: delete from shift_assignments where id=?
2025-10-26T12:22:32.741+09:00 DEBUG 19468 --- [Shift Scheduler Demo] [           main] org.hibernate.SQL                        : delete from shift_assignments where id=?
Hibernate: delete from shift_assignments where id=?
2025-10-26T12:22:32.741+09:00 DEBUG 19468 --- [Shift Scheduler Demo] [           main] org.hibernate.SQL                        : delete from shift_assignments where id=?
Hibernate: delete from shift_assignments where id=?
2025-10-26T12:22:32.741+09:00 DEBUG 19468 --- [Shift Scheduler Demo] [           main] org.hibernate.SQL                        : delete from shift_assignments where id=?
Hibernate: delete from shift_assignments where id=?
2025-10-26T12:22:32.741+09:00 DEBUG 19468 --- [Shift Scheduler Demo] [           main] org.hibernate.SQL                        : delete from shift_assignments where id=?
Hibernate: delete from shift_assignments where id=?
2025-10-26T12:22:32.741+09:00 DEBUG 19468 --- [Shift Scheduler Demo] [           main] org.hibernate.SQL                        : delete from shift_assignments where id=?
Hibernate: delete from shift_assignments where id=?
2025-10-26T12:22:32.741+09:00 DEBUG 19468 --- [Shift Scheduler Demo] [           main] org.hibernate.SQL                        : delete from shift_assignments where id=?
Hibernate: delete from shift_assignments where id=?
2025-10-26T12:22:32.741+09:00 DEBUG 19468 --- [Shift Scheduler Demo] [           main] org.hibernate.SQL                        : delete from shift_assignments where id=?
Hibernate: delete from shift_assignments where id=?
2025-10-26T12:22:32.741+09:00 DEBUG 19468 --- [Shift Scheduler Demo] [           main] org.hibernate.SQL                        : delete from shift_assignments where id=?
Hibernate: delete from shift_assignments where id=?
2025-10-26T12:22:32.741+09:00 DEBUG 19468 --- [Shift Scheduler Demo] [           main] org.hibernate.SQL                        : delete from shift_assignments where id=?
Hibernate: delete from shift_assignments where id=?
2025-10-26T12:22:32.741+09:00 DEBUG 19468 --- [Shift Scheduler Demo] [           main] org.hibernate.SQL                        : delete from shift_assignments where id=?
Hibernate: delete from shift_assignments where id=?
2025-10-26T12:22:32.741+09:00 DEBUG 19468 --- [Shift Scheduler Demo] [           main] org.hibernate.SQL                        : delete from shift_assignments where id=?
Hibernate: delete from shift_assignments where id=?
2025-10-26T12:22:32.741+09:00 DEBUG 19468 --- [Shift Scheduler Demo] [           main] org.hibernate.SQL                        : delete from shift_assignments where id=?
Hibernate: delete from shift_assignments where id=?
2025-10-26T12:22:32.741+09:00 DEBUG 19468 --- [Shift Scheduler Demo] [           main] org.hibernate.SQL                        : delete from shift_assignments where id=?
Hibernate: delete from shift_assignments where id=?
2025-10-26T12:22:32.741+09:00 DEBUG 19468 --- [Shift Scheduler Demo] [           main] org.hibernate.SQL                        : delete from shift_assignments where id=?
Hibernate: delete from shift_assignments where id=?
2025-10-26T12:22:32.741+09:00 DEBUG 19468 --- [Shift Scheduler Demo] [           main] org.hibernate.SQL                        : delete from shift_assignments where id=?
Hibernate: delete from shift_assignments where id=?
2025-10-26T12:22:32.741+09:00 DEBUG 19468 --- [Shift Scheduler Demo] [           main] org.hibernate.SQL                        : delete from shift_assignments where id=?
Hibernate: delete from shift_assignments where id=?
2025-10-26T12:22:32.741+09:00 DEBUG 19468 --- [Shift Scheduler Demo] [           main] org.hibernate.SQL                        : delete from shift_assignments where id=?
Hibernate: delete from shift_assignments where id=?
2025-10-26T12:22:32.741+09:00 DEBUG 19468 --- [Shift Scheduler Demo] [           main] org.hibernate.SQL                        : delete from shift_assignments where id=?
Hibernate: delete from shift_assignments where id=?
2025-10-26T12:22:32.741+09:00 DEBUG 19468 --- [Shift Scheduler Demo] [           main] org.hibernate.SQL                        : delete from shift_assignments where id=?
Hibernate: delete from shift_assignments where id=?
2025-10-26T12:22:32.741+09:00 DEBUG 19468 --- [Shift Scheduler Demo] [           main] org.hibernate.SQL                        : delete from shift_assignments where id=?
Hibernate: delete from shift_assignments where id=?
2025-10-26T12:22:32.741+09:00 DEBUG 19468 --- [Shift Scheduler Demo] [           main] org.hibernate.SQL                        : delete from shift_assignments where id=?
Hibernate: delete from shift_assignments where id=?
2025-10-26T12:22:32.741+09:00 DEBUG 19468 --- [Shift Scheduler Demo] [           main] org.hibernate.SQL                        : delete from shift_assignments where id=?
Hibernate: delete from shift_assignments where id=?
2025-10-26T12:22:32.741+09:00 DEBUG 19468 --- [Shift Scheduler Demo] [           main] org.hibernate.SQL                        : delete from shift_assignments where id=?
Hibernate: delete from shift_assignments where id=?
2025-10-26T12:22:32.741+09:00 DEBUG 19468 --- [Shift Scheduler Demo] [           main] org.hibernate.SQL                        : delete from shift_assignments where id=?
Hibernate: delete from shift_assignments where id=?
2025-10-26T12:22:32.741+09:00 DEBUG 19468 --- [Shift Scheduler Demo] [           main] org.hibernate.SQL                        : delete from shift_assignments where id=?
Hibernate: delete from shift_assignments where id=?
2025-10-26T12:22:32.741+09:00 DEBUG 19468 --- [Shift Scheduler Demo] [           main] org.hibernate.SQL                        : delete from shift_assignments where id=?
Hibernate: delete from shift_assignments where id=?
2025-10-26T12:22:32.741+09:00 DEBUG 19468 --- [Shift Scheduler Demo] [           main] org.hibernate.SQL                        : delete from shift_assignments where id=?
Hibernate: delete from shift_assignments where id=?
2025-10-26T12:22:32.741+09:00 DEBUG 19468 --- [Shift Scheduler Demo] [           main] org.hibernate.SQL                        : delete from shift_assignments where id=?
Hibernate: delete from shift_assignments where id=?
2025-10-26T12:22:32.741+09:00 DEBUG 19468 --- [Shift Scheduler Demo] [           main] org.hibernate.SQL                        : delete from shift_assignments where id=?
Hibernate: delete from shift_assignments where id=?
2025-10-26T12:22:32.741+09:00 DEBUG 19468 --- [Shift Scheduler Demo] [           main] org.hibernate.SQL                        : delete from shift_assignments where id=?
Hibernate: delete from shift_assignments where id=?
2025-10-26T12:22:32.743+09:00 DEBUG 19468 --- [Shift Scheduler Demo] [           main] org.hibernate.SQL                        : delete from shift_assignments where id=?
Hibernate: delete from shift_assignments where id=?
2025-10-26T12:22:32.743+09:00 DEBUG 19468 --- [Shift Scheduler Demo] [           main] org.hibernate.SQL                        : delete from shift_assignments where id=?
Hibernate: delete from shift_assignments where id=?
2025-10-26T12:22:32.743+09:00 DEBUG 19468 --- [Shift Scheduler Demo] [           main] org.hibernate.SQL                        : delete from shift_assignments where id=?
Hibernate: delete from shift_assignments where id=?
2025-10-26T12:22:32.743+09:00 DEBUG 19468 --- [Shift Scheduler Demo] [           main] org.hibernate.SQL                        : delete from shift_assignments where id=?
Hibernate: delete from shift_assignments where id=?
2025-10-26T12:22:32.743+09:00 DEBUG 19468 --- [Shift Scheduler Demo] [           main] org.hibernate.SQL                        : delete from shift_assignments where id=?
Hibernate: delete from shift_assignments where id=?
2025-10-26T12:22:32.743+09:00 DEBUG 19468 --- [Shift Scheduler Demo] [           main] org.hibernate.SQL                        : delete from shift_assignments where id=?
Hibernate: delete from shift_assignments where id=?
2025-10-26T12:22:32.743+09:00 DEBUG 19468 --- [Shift Scheduler Demo] [           main] org.hibernate.SQL                        : delete from shift_assignments where id=?
Hibernate: delete from shift_assignments where id=?
2025-10-26T12:22:32.743+09:00 DEBUG 19468 --- [Shift Scheduler Demo] [           main] org.hibernate.SQL                        : delete from shift_assignments where id=?
Hibernate: delete from shift_assignments where id=?
2025-10-26T12:22:32.743+09:00 DEBUG 19468 --- [Shift Scheduler Demo] [           main] org.hibernate.SQL                        : delete from shift_assignments where id=?
Hibernate: delete from shift_assignments where id=?
2025-10-26T12:22:32.743+09:00 DEBUG 19468 --- [Shift Scheduler Demo] [           main] org.hibernate.SQL                        : delete from shift_assignments where id=?
Hibernate: delete from shift_assignments where id=?
2025-10-26T12:22:32.743+09:00 DEBUG 19468 --- [Shift Scheduler Demo] [           main] org.hibernate.SQL                        : delete from shift_assignments where id=?
Hibernate: delete from shift_assignments where id=?
2025-10-26T12:22:32.743+09:00 DEBUG 19468 --- [Shift Scheduler Demo] [           main] org.hibernate.SQL                        : delete from shift_assignments where id=?
Hibernate: delete from shift_assignments where id=?
2025-10-26T12:22:32.743+09:00 DEBUG 19468 --- [Shift Scheduler Demo] [           main] org.hibernate.SQL                        : delete from shift_assignments where id=?
Hibernate: delete from shift_assignments where id=?
2025-10-26T12:22:32.743+09:00 DEBUG 19468 --- [Shift Scheduler Demo] [           main] org.hibernate.SQL                        : delete from shift_assignments where id=?
Hibernate: delete from shift_assignments where id=?
2025-10-26T12:22:32.743+09:00 DEBUG 19468 --- [Shift Scheduler Demo] [           main] org.hibernate.SQL                        : delete from shift_assignments where id=?
Hibernate: delete from shift_assignments where id=?
2025-10-26T12:22:32.743+09:00 DEBUG 19468 --- [Shift Scheduler Demo] [           main] org.hibernate.SQL                        : delete from shift_assignments where id=?
Hibernate: delete from shift_assignments where id=?
2025-10-26T12:22:32.743+09:00 DEBUG 19468 --- [Shift Scheduler Demo] [           main] org.hibernate.SQL                        : delete from shift_assignments where id=?
Hibernate: delete from shift_assignments where id=?
2025-10-26T12:22:32.743+09:00 DEBUG 19468 --- [Shift Scheduler Demo] [           main] org.hibernate.SQL                        : delete from shift_assignments where id=?
Hibernate: delete from shift_assignments where id=?
2025-10-26T12:22:32.743+09:00 DEBUG 19468 --- [Shift Scheduler Demo] [           main] org.hibernate.SQL                        : delete from shift_assignments where id=?
Hibernate: delete from shift_assignments where id=?
2025-10-26T12:22:32.743+09:00 DEBUG 19468 --- [Shift Scheduler Demo] [           main] org.hibernate.SQL                        : delete from shift_assignments where id=?
Hibernate: delete from shift_assignments where id=?
2025-10-26T12:22:32.743+09:00 DEBUG 19468 --- [Shift Scheduler Demo] [           main] org.hibernate.SQL                        : delete from shift_assignments where id=?
Hibernate: delete from shift_assignments where id=?
2025-10-26T12:22:32.743+09:00 DEBUG 19468 --- [Shift Scheduler Demo] [           main] org.hibernate.SQL                        : delete from shift_assignments where id=?
Hibernate: delete from shift_assignments where id=?
2025-10-26T12:22:32.743+09:00 DEBUG 19468 --- [Shift Scheduler Demo] [           main] org.hibernate.SQL                        : delete from shift_assignments where id=?
Hibernate: delete from shift_assignments where id=?
2025-10-26T12:22:32.743+09:00 DEBUG 19468 --- [Shift Scheduler Demo] [           main] org.hibernate.SQL                        : delete from shift_assignments where id=?
Hibernate: delete from shift_assignments where id=?
2025-10-26T12:22:32.743+09:00 DEBUG 19468 --- [Shift Scheduler Demo] [           main] org.hibernate.SQL                        : delete from shift_assignments where id=?
Hibernate: delete from shift_assignments where id=?
2025-10-26T12:22:32.743+09:00 DEBUG 19468 --- [Shift Scheduler Demo] [           main] org.hibernate.SQL                        : delete from shift_assignments where id=?
Hibernate: delete from shift_assignments where id=?
2025-10-26T12:22:32.743+09:00 DEBUG 19468 --- [Shift Scheduler Demo] [           main] org.hibernate.SQL                        : delete from shift_assignments where id=?
Hibernate: delete from shift_assignments where id=?
2025-10-26T12:22:32.743+09:00 DEBUG 19468 --- [Shift Scheduler Demo] [           main] org.hibernate.SQL                        : delete from shift_assignments where id=?
Hibernate: delete from shift_assignments where id=?
2025-10-26T12:22:32.743+09:00 DEBUG 19468 --- [Shift Scheduler Demo] [           main] org.hibernate.SQL                        : delete from shift_assignments where id=?
Hibernate: delete from shift_assignments where id=?
2025-10-26T12:22:32.743+09:00 DEBUG 19468 --- [Shift Scheduler Demo] [           main] org.hibernate.SQL                        : delete from shift_assignments where id=?
Hibernate: delete from shift_assignments where id=?
2025-10-26T12:22:32.743+09:00 DEBUG 19468 --- [Shift Scheduler Demo] [           main] org.hibernate.SQL                        : delete from shift_assignments where id=?
Hibernate: delete from shift_assignments where id=?
2025-10-26T12:22:32.743+09:00 DEBUG 19468 --- [Shift Scheduler Demo] [           main] org.hibernate.SQL                        : delete from shift_assignments where id=?
Hibernate: delete from shift_assignments where id=?
2025-10-26T12:22:32.744+09:00 DEBUG 19468 --- [Shift Scheduler Demo] [           main] org.hibernate.SQL                        : delete from shift_assignments where id=?
Hibernate: delete from shift_assignments where id=?
2025-10-26T12:22:32.744+09:00 DEBUG 19468 --- [Shift Scheduler Demo] [           main] org.hibernate.SQL                        : delete from shift_assignments where id=?
Hibernate: delete from shift_assignments where id=?
2025-10-26T12:22:32.744+09:00 DEBUG 19468 --- [Shift Scheduler Demo] [           main] org.hibernate.SQL                        : delete from shift_assignments where id=?
Hibernate: delete from shift_assignments where id=?
2025-10-26T12:22:32.744+09:00 DEBUG 19468 --- [Shift Scheduler Demo] [           main] org.hibernate.SQL                        : delete from shift_assignments where id=?
Hibernate: delete from shift_assignments where id=?
2025-10-26T12:22:32.744+09:00 DEBUG 19468 --- [Shift Scheduler Demo] [           main] org.hibernate.SQL                        : delete from shift_assignments where id=?
Hibernate: delete from shift_assignments where id=?
2025-10-26T12:22:32.744+09:00 DEBUG 19468 --- [Shift Scheduler Demo] [           main] org.hibernate.SQL                        : delete from shift_assignments where id=?
Hibernate: delete from shift_assignments where id=?
2025-10-26T12:22:32.744+09:00 DEBUG 19468 --- [Shift Scheduler Demo] [           main] org.hibernate.SQL                        : delete from shift_assignments where id=?
Hibernate: delete from shift_assignments where id=?
2025-10-26T12:22:32.744+09:00 DEBUG 19468 --- [Shift Scheduler Demo] [           main] org.hibernate.SQL                        : delete from shift_assignments where id=?
Hibernate: delete from shift_assignments where id=?
2025-10-26T12:22:32.744+09:00 DEBUG 19468 --- [Shift Scheduler Demo] [           main] org.hibernate.SQL                        : delete from shift_assignments where id=?
Hibernate: delete from shift_assignments where id=?
2025-10-26T12:22:32.744+09:00 DEBUG 19468 --- [Shift Scheduler Demo] [           main] org.hibernate.SQL                        : delete from shift_assignments where id=?
Hibernate: delete from shift_assignments where id=?
2025-10-26T12:22:32.744+09:00 DEBUG 19468 --- [Shift Scheduler Demo] [           main] org.hibernate.SQL                        : delete from shift_assignments where id=?
Hibernate: delete from shift_assignments where id=?
2025-10-26T12:22:32.744+09:00 DEBUG 19468 --- [Shift Scheduler Demo] [           main] org.hibernate.SQL                        : delete from shift_assignments where id=?
Hibernate: delete from shift_assignments where id=?
2025-10-26T12:22:32.744+09:00 DEBUG 19468 --- [Shift Scheduler Demo] [           main] org.hibernate.SQL                        : delete from shift_assignments where id=?
Hibernate: delete from shift_assignments where id=?
2025-10-26T12:22:32.744+09:00 DEBUG 19468 --- [Shift Scheduler Demo] [           main] org.hibernate.SQL                        : delete from shift_assignments where id=?
Hibernate: delete from shift_assignments where id=?
2025-10-26T12:22:32.746+09:00 DEBUG 19468 --- [Shift Scheduler Demo] [           main] org.hibernate.SQL                        : delete from shift_assignments where id=?
Hibernate: delete from shift_assignments where id=?
2025-10-26T12:22:32.746+09:00 DEBUG 19468 --- [Shift Scheduler Demo] [           main] org.hibernate.SQL                        : delete from shift_assignments where id=?
Hibernate: delete from shift_assignments where id=?
2025-10-26T12:22:32.746+09:00 DEBUG 19468 --- [Shift Scheduler Demo] [           main] org.hibernate.SQL                        : delete from shift_assignments where id=?
Hibernate: delete from shift_assignments where id=?
2025-10-26T12:22:32.746+09:00 DEBUG 19468 --- [Shift Scheduler Demo] [           main] org.hibernate.SQL                        : delete from shift_assignments where id=?
Hibernate: delete from shift_assignments where id=?
2025-10-26T12:22:32.746+09:00 DEBUG 19468 --- [Shift Scheduler Demo] [           main] org.hibernate.SQL                        : delete from shift_assignments where id=?
Hibernate: delete from shift_assignments where id=?
2025-10-26T12:22:32.748+09:00 DEBUG 19468 --- [Shift Scheduler Demo] [           main] org.hibernate.SQL                        : delete from shift_assignments where id=?
Hibernate: delete from shift_assignments where id=?
2025-10-26T12:22:32.748+09:00 DEBUG 19468 --- [Shift Scheduler Demo] [           main] org.hibernate.SQL                        : delete from shift_assignments where id=?
Hibernate: delete from shift_assignments where id=?
2025-10-26T12:22:32.748+09:00 DEBUG 19468 --- [Shift Scheduler Demo] [           main] org.hibernate.SQL                        : delete from shift_assignments where id=?
Hibernate: delete from shift_assignments where id=?
2025-10-26T12:22:32.748+09:00 DEBUG 19468 --- [Shift Scheduler Demo] [           main] org.hibernate.SQL                        : delete from shift_assignments where id=?
Hibernate: delete from shift_assignments where id=?
2025-10-26T12:22:32.748+09:00 DEBUG 19468 --- [Shift Scheduler Demo] [           main] org.hibernate.SQL                        : delete from shift_assignments where id=?
Hibernate: delete from shift_assignments where id=?
2025-10-26T12:22:32.748+09:00 DEBUG 19468 --- [Shift Scheduler Demo] [           main] org.hibernate.SQL                        : delete from shift_assignments where id=?
Hibernate: delete from shift_assignments where id=?
2025-10-26T12:22:32.748+09:00 DEBUG 19468 --- [Shift Scheduler Demo] [           main] org.hibernate.SQL                        : delete from shift_assignments where id=?
Hibernate: delete from shift_assignments where id=?
2025-10-26T12:22:32.748+09:00 DEBUG 19468 --- [Shift Scheduler Demo] [           main] org.hibernate.SQL                        : delete from shift_assignments where id=?
Hibernate: delete from shift_assignments where id=?
2025-10-26T12:22:32.748+09:00 DEBUG 19468 --- [Shift Scheduler Demo] [           main] org.hibernate.SQL                        : delete from shift_assignments where id=?
Hibernate: delete from shift_assignments where id=?
2025-10-26T12:22:32.748+09:00 DEBUG 19468 --- [Shift Scheduler Demo] [           main] org.hibernate.SQL                        : delete from shift_assignments where id=?
Hibernate: delete from shift_assignments where id=?
2025-10-26T12:22:32.748+09:00 DEBUG 19468 --- [Shift Scheduler Demo] [           main] org.hibernate.SQL                        : delete from shift_assignments where id=?
Hibernate: delete from shift_assignments where id=?
2025-10-26T12:22:32.748+09:00 DEBUG 19468 --- [Shift Scheduler Demo] [           main] org.hibernate.SQL                        : delete from shift_assignments where id=?
Hibernate: delete from shift_assignments where id=?
2025-10-26T12:22:32.748+09:00 DEBUG 19468 --- [Shift Scheduler Demo] [           main] org.hibernate.SQL                        : delete from shift_assignments where id=?
Hibernate: delete from shift_assignments where id=?
2025-10-26T12:22:32.748+09:00 DEBUG 19468 --- [Shift Scheduler Demo] [           main] org.hibernate.SQL                        : delete from shift_assignments where id=?
Hibernate: delete from shift_assignments where id=?
2025-10-26T12:22:32.748+09:00 DEBUG 19468 --- [Shift Scheduler Demo] [           main] org.hibernate.SQL                        : delete from shift_assignments where id=?
Hibernate: delete from shift_assignments where id=?
2025-10-26T12:22:32.748+09:00 DEBUG 19468 --- [Shift Scheduler Demo] [           main] org.hibernate.SQL                        : delete from shift_assignments where id=?
Hibernate: delete from shift_assignments where id=?
2025-10-26T12:22:32.748+09:00 DEBUG 19468 --- [Shift Scheduler Demo] [           main] org.hibernate.SQL                        : delete from shift_assignments where id=?
Hibernate: delete from shift_assignments where id=?
2025-10-26T12:22:32.748+09:00 DEBUG 19468 --- [Shift Scheduler Demo] [           main] org.hibernate.SQL                        : delete from shift_assignments where id=?
Hibernate: delete from shift_assignments where id=?
2025-10-26T12:22:32.748+09:00 DEBUG 19468 --- [Shift Scheduler Demo] [           main] org.hibernate.SQL                        : delete from shift_assignments where id=?
Hibernate: delete from shift_assignments where id=?
2025-10-26T12:22:32.748+09:00 DEBUG 19468 --- [Shift Scheduler Demo] [           main] org.hibernate.SQL                        : delete from shift_assignments where id=?
Hibernate: delete from shift_assignments where id=?
2025-10-26T12:22:32.748+09:00 DEBUG 19468 --- [Shift Scheduler Demo] [           main] org.hibernate.SQL                        : delete from shift_assignments where id=?
Hibernate: delete from shift_assignments where id=?
2025-10-26T12:22:32.748+09:00 DEBUG 19468 --- [Shift Scheduler Demo] [           main] org.hibernate.SQL                        : delete from shift_assignments where id=?
Hibernate: delete from shift_assignments where id=?
2025-10-26T12:22:32.748+09:00 DEBUG 19468 --- [Shift Scheduler Demo] [           main] org.hibernate.SQL                        : delete from shift_assignments where id=?
Hibernate: delete from shift_assignments where id=?
2025-10-26T12:22:32.748+09:00 DEBUG 19468 --- [Shift Scheduler Demo] [           main] org.hibernate.SQL                        : delete from shift_assignments where id=?
Hibernate: delete from shift_assignments where id=?
2025-10-26T12:22:32.748+09:00 DEBUG 19468 --- [Shift Scheduler Demo] [           main] org.hibernate.SQL                        : delete from shift_assignments where id=?
Hibernate: delete from shift_assignments where id=?
2025-10-26T12:22:32.748+09:00 DEBUG 19468 --- [Shift Scheduler Demo] [           main] org.hibernate.SQL                        : delete from shift_assignments where id=?
Hibernate: delete from shift_assignments where id=?
2025-10-26T12:22:32.748+09:00 DEBUG 19468 --- [Shift Scheduler Demo] [           main] org.hibernate.SQL                        : delete from shift_assignments where id=?
Hibernate: delete from shift_assignments where id=?
2025-10-26T12:22:32.748+09:00 DEBUG 19468 --- [Shift Scheduler Demo] [           main] org.hibernate.SQL                        : delete from shift_assignments where id=?
Hibernate: delete from shift_assignments where id=?
2025-10-26T12:22:32.749+09:00 DEBUG 19468 --- [Shift Scheduler Demo] [           main] org.hibernate.SQL                        : delete from shift_assignments where id=?
Hibernate: delete from shift_assignments where id=?
2025-10-26T12:22:32.749+09:00 DEBUG 19468 --- [Shift Scheduler Demo] [           main] org.hibernate.SQL                        : delete from shift_assignments where id=?
Hibernate: delete from shift_assignments where id=?
2025-10-26T12:22:32.749+09:00 DEBUG 19468 --- [Shift Scheduler Demo] [           main] org.hibernate.SQL                        : delete from shift_assignments where id=?
Hibernate: delete from shift_assignments where id=?
2025-10-26T12:22:32.749+09:00 DEBUG 19468 --- [Shift Scheduler Demo] [           main] org.hibernate.SQL                        : delete from shift_assignments where id=?
Hibernate: delete from shift_assignments where id=?
2025-10-26T12:22:32.749+09:00 DEBUG 19468 --- [Shift Scheduler Demo] [           main] org.hibernate.SQL                        : delete from shift_assignments where id=?
Hibernate: delete from shift_assignments where id=?
2025-10-26T12:22:32.749+09:00 DEBUG 19468 --- [Shift Scheduler Demo] [           main] org.hibernate.SQL                        : delete from shift_assignments where id=?
Hibernate: delete from shift_assignments where id=?
2025-10-26T12:22:32.749+09:00 DEBUG 19468 --- [Shift Scheduler Demo] [           main] org.hibernate.SQL                        : delete from shift_assignments where id=?
Hibernate: delete from shift_assignments where id=?
2025-10-26T12:22:32.749+09:00 DEBUG 19468 --- [Shift Scheduler Demo] [           main] org.hibernate.SQL                        : delete from shift_assignments where id=?
Hibernate: delete from shift_assignments where id=?
2025-10-26T12:22:32.749+09:00 DEBUG 19468 --- [Shift Scheduler Demo] [           main] org.hibernate.SQL                        : delete from shift_assignments where id=?
Hibernate: delete from shift_assignments where id=?
2025-10-26T12:22:32.749+09:00 DEBUG 19468 --- [Shift Scheduler Demo] [           main] org.hibernate.SQL                        : delete from shift_assignments where id=?
Hibernate: delete from shift_assignments where id=?
2025-10-26T12:22:32.749+09:00 DEBUG 19468 --- [Shift Scheduler Demo] [           main] org.hibernate.SQL                        : delete from shift_assignments where id=?
Hibernate: delete from shift_assignments where id=?
2025-10-26T12:22:32.749+09:00 DEBUG 19468 --- [Shift Scheduler Demo] [           main] org.hibernate.SQL                        : delete from shift_assignments where id=?
Hibernate: delete from shift_assignments where id=?
2025-10-26T12:22:32.749+09:00 DEBUG 19468 --- [Shift Scheduler Demo] [           main] org.hibernate.SQL                        : delete from shift_assignments where id=?
Hibernate: delete from shift_assignments where id=?
2025-10-26T12:22:32.749+09:00 DEBUG 19468 --- [Shift Scheduler Demo] [           main] org.hibernate.SQL                        : delete from shift_assignments where id=?
Hibernate: delete from shift_assignments where id=?
2025-10-26T12:22:32.749+09:00 DEBUG 19468 --- [Shift Scheduler Demo] [           main] org.hibernate.SQL                        : delete from shift_assignments where id=?
Hibernate: delete from shift_assignments where id=?
2025-10-26T12:22:32.750+09:00 DEBUG 19468 --- [Shift Scheduler Demo] [           main] org.hibernate.SQL                        : delete from shift_assignments where id=?
Hibernate: delete from shift_assignments where id=?
2025-10-26T12:22:32.750+09:00 DEBUG 19468 --- [Shift Scheduler Demo] [           main] org.hibernate.SQL                        : delete from shift_assignments where id=?
Hibernate: delete from shift_assignments where id=?
2025-10-26T12:22:32.750+09:00 DEBUG 19468 --- [Shift Scheduler Demo] [           main] org.hibernate.SQL                        : delete from shift_assignments where id=?
Hibernate: delete from shift_assignments where id=?
2025-10-26T12:22:32.750+09:00 DEBUG 19468 --- [Shift Scheduler Demo] [           main] org.hibernate.SQL                        : delete from shift_assignments where id=?
Hibernate: delete from shift_assignments where id=?
2025-10-26T12:22:32.750+09:00 DEBUG 19468 --- [Shift Scheduler Demo] [           main] org.hibernate.SQL                        : delete from shift_assignments where id=?
Hibernate: delete from shift_assignments where id=?
2025-10-26T12:22:32.750+09:00 DEBUG 19468 --- [Shift Scheduler Demo] [           main] org.hibernate.SQL                        : delete from shift_assignments where id=?
Hibernate: delete from shift_assignments where id=?
2025-10-26T12:22:32.750+09:00 DEBUG 19468 --- [Shift Scheduler Demo] [           main] org.hibernate.SQL                        : delete from shift_assignments where id=?
Hibernate: delete from shift_assignments where id=?
2025-10-26T12:22:32.750+09:00 DEBUG 19468 --- [Shift Scheduler Demo] [           main] org.hibernate.SQL                        : delete from shift_assignments where id=?
Hibernate: delete from shift_assignments where id=?
2025-10-26T12:22:32.750+09:00 DEBUG 19468 --- [Shift Scheduler Demo] [           main] org.hibernate.SQL                        : delete from shift_assignments where id=?
Hibernate: delete from shift_assignments where id=?
2025-10-26T12:22:32.750+09:00 DEBUG 19468 --- [Shift Scheduler Demo] [           main] org.hibernate.SQL                        : delete from shift_assignments where id=?
Hibernate: delete from shift_assignments where id=?
2025-10-26T12:22:32.750+09:00 DEBUG 19468 --- [Shift Scheduler Demo] [           main] org.hibernate.SQL                        : delete from shift_assignments where id=?
Hibernate: delete from shift_assignments where id=?
2025-10-26T12:22:32.750+09:00 DEBUG 19468 --- [Shift Scheduler Demo] [           main] org.hibernate.SQL                        : delete from shift_assignments where id=?
Hibernate: delete from shift_assignments where id=?
2025-10-26T12:22:32.750+09:00 DEBUG 19468 --- [Shift Scheduler Demo] [           main] org.hibernate.SQL                        : delete from shift_assignments where id=?
Hibernate: delete from shift_assignments where id=?
2025-10-26T12:22:32.750+09:00 DEBUG 19468 --- [Shift Scheduler Demo] [           main] org.hibernate.SQL                        : delete from shift_assignments where id=?
Hibernate: delete from shift_assignments where id=?
2025-10-26T12:22:32.750+09:00 DEBUG 19468 --- [Shift Scheduler Demo] [           main] org.hibernate.SQL                        : delete from shift_assignments where id=?
Hibernate: delete from shift_assignments where id=?
2025-10-26T12:22:32.750+09:00 DEBUG 19468 --- [Shift Scheduler Demo] [           main] org.hibernate.SQL                        : delete from shift_assignments where id=?
Hibernate: delete from shift_assignments where id=?
2025-10-26T12:22:32.750+09:00 DEBUG 19468 --- [Shift Scheduler Demo] [           main] org.hibernate.SQL                        : delete from shift_assignments where id=?
Hibernate: delete from shift_assignments where id=?
2025-10-26T12:22:32.750+09:00 DEBUG 19468 --- [Shift Scheduler Demo] [           main] org.hibernate.SQL                        : delete from shift_assignments where id=?
Hibernate: delete from shift_assignments where id=?
2025-10-26T12:22:32.751+09:00 DEBUG 19468 --- [Shift Scheduler Demo] [           main] org.hibernate.SQL                        : delete from shift_assignments where id=?
Hibernate: delete from shift_assignments where id=?
2025-10-26T12:22:32.751+09:00 DEBUG 19468 --- [Shift Scheduler Demo] [           main] org.hibernate.SQL                        : delete from shift_assignments where id=?
Hibernate: delete from shift_assignments where id=?
2025-10-26T12:22:32.751+09:00 DEBUG 19468 --- [Shift Scheduler Demo] [           main] org.hibernate.SQL                        : delete from shift_assignments where id=?
Hibernate: delete from shift_assignments where id=?
2025-10-26T12:22:32.751+09:00 DEBUG 19468 --- [Shift Scheduler Demo] [           main] org.hibernate.SQL                        : delete from shift_assignments where id=?
Hibernate: delete from shift_assignments where id=?
2025-10-26T12:22:32.751+09:00 DEBUG 19468 --- [Shift Scheduler Demo] [           main] org.hibernate.SQL                        : delete from shift_assignments where id=?
Hibernate: delete from shift_assignments where id=?
2025-10-26T12:22:32.751+09:00 DEBUG 19468 --- [Shift Scheduler Demo] [           main] org.hibernate.SQL                        : delete from shift_assignments where id=?
Hibernate: delete from shift_assignments where id=?
2025-10-26T12:22:32.751+09:00 DEBUG 19468 --- [Shift Scheduler Demo] [           main] org.hibernate.SQL                        : delete from shift_assignments where id=?
Hibernate: delete from shift_assignments where id=?
2025-10-26T12:22:32.751+09:00 DEBUG 19468 --- [Shift Scheduler Demo] [           main] org.hibernate.SQL                        : delete from shift_assignments where id=?
Hibernate: delete from shift_assignments where id=?
2025-10-26T12:22:32.751+09:00 DEBUG 19468 --- [Shift Scheduler Demo] [           main] org.hibernate.SQL                        : delete from shift_assignments where id=?
Hibernate: delete from shift_assignments where id=?
2025-10-26T12:22:32.751+09:00 DEBUG 19468 --- [Shift Scheduler Demo] [           main] org.hibernate.SQL                        : delete from shift_assignments where id=?
Hibernate: delete from shift_assignments where id=?
2025-10-26T12:22:32.751+09:00 DEBUG 19468 --- [Shift Scheduler Demo] [           main] org.hibernate.SQL                        : delete from shift_assignments where id=?
Hibernate: delete from shift_assignments where id=?
2025-10-26T12:22:32.751+09:00 DEBUG 19468 --- [Shift Scheduler Demo] [           main] org.hibernate.SQL                        : delete from shift_assignments where id=?
Hibernate: delete from shift_assignments where id=?
2025-10-26T12:22:32.751+09:00 DEBUG 19468 --- [Shift Scheduler Demo] [           main] org.hibernate.SQL                        : delete from shift_assignments where id=?
Hibernate: delete from shift_assignments where id=?
2025-10-26T12:22:32.751+09:00 DEBUG 19468 --- [Shift Scheduler Demo] [           main] org.hibernate.SQL                        : delete from shift_assignments where id=?
Hibernate: delete from shift_assignments where id=?
2025-10-26T12:22:32.751+09:00 DEBUG 19468 --- [Shift Scheduler Demo] [           main] org.hibernate.SQL                        : delete from shift_assignments where id=?
Hibernate: delete from shift_assignments where id=?
2025-10-26T12:22:32.751+09:00 DEBUG 19468 --- [Shift Scheduler Demo] [           main] org.hibernate.SQL                        : delete from shift_assignments where id=?
Hibernate: delete from shift_assignments where id=?
2025-10-26T12:22:32.751+09:00 DEBUG 19468 --- [Shift Scheduler Demo] [           main] org.hibernate.SQL                        : delete from shift_assignments where id=?
Hibernate: delete from shift_assignments where id=?
2025-10-26T12:22:32.751+09:00 DEBUG 19468 --- [Shift Scheduler Demo] [           main] org.hibernate.SQL                        : delete from shift_assignments where id=?
Hibernate: delete from shift_assignments where id=?
2025-10-26T12:22:32.751+09:00 DEBUG 19468 --- [Shift Scheduler Demo] [           main] org.hibernate.SQL                        : delete from shift_assignments where id=?
Hibernate: delete from shift_assignments where id=?
2025-10-26T12:22:32.751+09:00 DEBUG 19468 --- [Shift Scheduler Demo] [           main] org.hibernate.SQL                        : delete from shift_assignments where id=?
Hibernate: delete from shift_assignments where id=?
2025-10-26T12:22:32.751+09:00 DEBUG 19468 --- [Shift Scheduler Demo] [           main] org.hibernate.SQL                        : delete from shift_assignments where id=?
Hibernate: delete from shift_assignments where id=?
2025-10-26T12:22:32.751+09:00 DEBUG 19468 --- [Shift Scheduler Demo] [           main] org.hibernate.SQL                        : delete from shift_assignments where id=?
Hibernate: delete from shift_assignments where id=?
2025-10-26T12:22:32.751+09:00 DEBUG 19468 --- [Shift Scheduler Demo] [           main] org.hibernate.SQL                        : delete from shift_assignments where id=?
Hibernate: delete from shift_assignments where id=?
2025-10-26T12:22:32.751+09:00 DEBUG 19468 --- [Shift Scheduler Demo] [           main] org.hibernate.SQL                        : delete from shift_assignments where id=?
Hibernate: delete from shift_assignments where id=?
2025-10-26T12:22:32.751+09:00 DEBUG 19468 --- [Shift Scheduler Demo] [           main] org.hibernate.SQL                        : delete from shift_assignments where id=?
Hibernate: delete from shift_assignments where id=?
2025-10-26T12:22:32.751+09:00 DEBUG 19468 --- [Shift Scheduler Demo] [           main] org.hibernate.SQL                        : delete from shift_assignments where id=?
Hibernate: delete from shift_assignments where id=?
2025-10-26T12:22:32.751+09:00 DEBUG 19468 --- [Shift Scheduler Demo] [           main] org.hibernate.SQL                        : delete from shift_assignments where id=?
Hibernate: delete from shift_assignments where id=?
2025-10-26T12:22:32.751+09:00 DEBUG 19468 --- [Shift Scheduler Demo] [           main] org.hibernate.SQL                        : delete from shift_assignments where id=?
Hibernate: delete from shift_assignments where id=?
2025-10-26T12:22:32.751+09:00 DEBUG 19468 --- [Shift Scheduler Demo] [           main] org.hibernate.SQL                        : delete from shift_assignments where id=?
Hibernate: delete from shift_assignments where id=?
2025-10-26T12:22:32.751+09:00 DEBUG 19468 --- [Shift Scheduler Demo] [           main] org.hibernate.SQL                        : delete from shift_assignments where id=?
Hibernate: delete from shift_assignments where id=?
2025-10-26T12:22:32.751+09:00 DEBUG 19468 --- [Shift Scheduler Demo] [           main] org.hibernate.SQL                        : delete from shift_assignments where id=?
Hibernate: delete from shift_assignments where id=?
2025-10-26T12:22:32.751+09:00 DEBUG 19468 --- [Shift Scheduler Demo] [           main] org.hibernate.SQL                        : delete from shift_assignments where id=?
Hibernate: delete from shift_assignments where id=?
2025-10-26T12:22:32.751+09:00 DEBUG 19468 --- [Shift Scheduler Demo] [           main] org.hibernate.SQL                        : delete from shift_assignments where id=?
Hibernate: delete from shift_assignments where id=?
2025-10-26T12:22:32.752+09:00 DEBUG 19468 --- [Shift Scheduler Demo] [           main] org.hibernate.SQL                        : delete from shift_assignments where id=?
Hibernate: delete from shift_assignments where id=?
2025-10-26T12:22:32.752+09:00 DEBUG 19468 --- [Shift Scheduler Demo] [           main] org.hibernate.SQL                        : delete from shift_assignments where id=?
Hibernate: delete from shift_assignments where id=?
2025-10-26T12:22:32.752+09:00 DEBUG 19468 --- [Shift Scheduler Demo] [           main] org.hibernate.SQL                        : delete from shift_assignments where id=?
Hibernate: delete from shift_assignments where id=?
2025-10-26T12:22:32.752+09:00 DEBUG 19468 --- [Shift Scheduler Demo] [           main] org.hibernate.SQL                        : delete from shift_assignments where id=?
Hibernate: delete from shift_assignments where id=?
2025-10-26T12:22:32.752+09:00 DEBUG 19468 --- [Shift Scheduler Demo] [           main] org.hibernate.SQL                        : delete from shift_assignments where id=?
Hibernate: delete from shift_assignments where id=?
2025-10-26T12:22:32.752+09:00 DEBUG 19468 --- [Shift Scheduler Demo] [           main] org.hibernate.SQL                        : delete from shift_assignments where id=?
Hibernate: delete from shift_assignments where id=?
2025-10-26T12:22:32.752+09:00 DEBUG 19468 --- [Shift Scheduler Demo] [           main] org.hibernate.SQL                        : delete from shift_assignments where id=?
Hibernate: delete from shift_assignments where id=?
2025-10-26T12:22:32.752+09:00 DEBUG 19468 --- [Shift Scheduler Demo] [           main] org.hibernate.SQL                        : delete from shift_assignments where id=?
Hibernate: delete from shift_assignments where id=?
2025-10-26T12:22:32.752+09:00 DEBUG 19468 --- [Shift Scheduler Demo] [           main] org.hibernate.SQL                        : delete from shift_assignments where id=?
Hibernate: delete from shift_assignments where id=?
2025-10-26T12:22:32.752+09:00 DEBUG 19468 --- [Shift Scheduler Demo] [           main] org.hibernate.SQL                        : delete from shift_assignments where id=?
Hibernate: delete from shift_assignments where id=?
2025-10-26T12:22:32.752+09:00 DEBUG 19468 --- [Shift Scheduler Demo] [           main] org.hibernate.SQL                        : delete from shift_assignments where id=?
Hibernate: delete from shift_assignments where id=?
2025-10-26T12:22:32.752+09:00 DEBUG 19468 --- [Shift Scheduler Demo] [           main] org.hibernate.SQL                        : delete from shift_assignments where id=?
Hibernate: delete from shift_assignments where id=?
2025-10-26T12:22:32.752+09:00 DEBUG 19468 --- [Shift Scheduler Demo] [           main] org.hibernate.SQL                        : delete from shift_assignments where id=?
Hibernate: delete from shift_assignments where id=?
2025-10-26T12:22:32.752+09:00 DEBUG 19468 --- [Shift Scheduler Demo] [           main] org.hibernate.SQL                        : delete from shift_assignments where id=?
Hibernate: delete from shift_assignments where id=?
2025-10-26T12:22:32.752+09:00 DEBUG 19468 --- [Shift Scheduler Demo] [           main] org.hibernate.SQL                        : delete from shift_assignments where id=?
Hibernate: delete from shift_assignments where id=?
2025-10-26T12:22:32.752+09:00 DEBUG 19468 --- [Shift Scheduler Demo] [           main] org.hibernate.SQL                        : delete from shift_assignments where id=?
Hibernate: delete from shift_assignments where id=?
2025-10-26T12:22:32.752+09:00 DEBUG 19468 --- [Shift Scheduler Demo] [           main] org.hibernate.SQL                        : delete from shift_assignments where id=?
Hibernate: delete from shift_assignments where id=?
2025-10-26T12:22:32.752+09:00 DEBUG 19468 --- [Shift Scheduler Demo] [           main] org.hibernate.SQL                        : delete from shift_assignments where id=?
Hibernate: delete from shift_assignments where id=?
2025-10-26T12:22:32.752+09:00 DEBUG 19468 --- [Shift Scheduler Demo] [           main] org.hibernate.SQL                        : delete from shift_assignments where id=?
Hibernate: delete from shift_assignments where id=?
2025-10-26T12:22:32.752+09:00 DEBUG 19468 --- [Shift Scheduler Demo] [           main] org.hibernate.SQL                        : delete from shift_assignments where id=?
Hibernate: delete from shift_assignments where id=?
2025-10-26T12:22:32.752+09:00 DEBUG 19468 --- [Shift Scheduler Demo] [           main] org.hibernate.SQL                        : delete from shift_assignments where id=?
Hibernate: delete from shift_assignments where id=?
2025-10-26T12:22:32.752+09:00 DEBUG 19468 --- [Shift Scheduler Demo] [           main] org.hibernate.SQL                        : delete from shift_assignments where id=?
Hibernate: delete from shift_assignments where id=?
2025-10-26T12:22:32.752+09:00 DEBUG 19468 --- [Shift Scheduler Demo] [           main] org.hibernate.SQL                        : delete from shift_assignments where id=?
Hibernate: delete from shift_assignments where id=?
2025-10-26T12:22:32.752+09:00 DEBUG 19468 --- [Shift Scheduler Demo] [           main] org.hibernate.SQL                        : delete from shift_assignments where id=?
Hibernate: delete from shift_assignments where id=?
2025-10-26T12:22:32.752+09:00 DEBUG 19468 --- [Shift Scheduler Demo] [           main] org.hibernate.SQL                        : delete from shift_assignments where id=?
Hibernate: delete from shift_assignments where id=?
2025-10-26T12:22:32.752+09:00 DEBUG 19468 --- [Shift Scheduler Demo] [           main] org.hibernate.SQL                        : delete from shift_assignments where id=?
Hibernate: delete from shift_assignments where id=?
2025-10-26T12:22:32.752+09:00 DEBUG 19468 --- [Shift Scheduler Demo] [           main] org.hibernate.SQL                        : delete from shift_assignments where id=?
Hibernate: delete from shift_assignments where id=?
2025-10-26T12:22:32.752+09:00 DEBUG 19468 --- [Shift Scheduler Demo] [           main] org.hibernate.SQL                        : delete from shift_assignments where id=?
Hibernate: delete from shift_assignments where id=?
2025-10-26T12:22:32.752+09:00 DEBUG 19468 --- [Shift Scheduler Demo] [           main] org.hibernate.SQL                        : delete from shift_assignments where id=?
Hibernate: delete from shift_assignments where id=?
2025-10-26T12:22:32.752+09:00 DEBUG 19468 --- [Shift Scheduler Demo] [           main] org.hibernate.SQL                        : delete from shift_assignments where id=?
Hibernate: delete from shift_assignments where id=?
2025-10-26T12:22:32.752+09:00 DEBUG 19468 --- [Shift Scheduler Demo] [           main] org.hibernate.SQL                        : delete from shift_assignments where id=?
Hibernate: delete from shift_assignments where id=?
2025-10-26T12:22:32.752+09:00 DEBUG 19468 --- [Shift Scheduler Demo] [           main] org.hibernate.SQL                        : delete from shift_assignments where id=?
Hibernate: delete from shift_assignments where id=?
2025-10-26T12:22:32.752+09:00 DEBUG 19468 --- [Shift Scheduler Demo] [           main] org.hibernate.SQL                        : delete from shift_assignments where id=?
Hibernate: delete from shift_assignments where id=?
2025-10-26T12:22:32.752+09:00 DEBUG 19468 --- [Shift Scheduler Demo] [           main] org.hibernate.SQL                        : delete from shift_assignments where id=?
Hibernate: delete from shift_assignments where id=?
2025-10-26T12:22:32.752+09:00 DEBUG 19468 --- [Shift Scheduler Demo] [           main] org.hibernate.SQL                        : delete from shift_assignments where id=?
Hibernate: delete from shift_assignments where id=?
2025-10-26T12:22:32.752+09:00 DEBUG 19468 --- [Shift Scheduler Demo] [           main] org.hibernate.SQL                        : delete from shift_assignments where id=?
Hibernate: delete from shift_assignments where id=?
2025-10-26T12:22:32.752+09:00 DEBUG 19468 --- [Shift Scheduler Demo] [           main] org.hibernate.SQL                        : delete from shift_assignments where id=?
Hibernate: delete from shift_assignments where id=?
2025-10-26T12:22:32.752+09:00 DEBUG 19468 --- [Shift Scheduler Demo] [           main] org.hibernate.SQL                        : delete from shift_assignments where id=?
Hibernate: delete from shift_assignments where id=?
2025-10-26T12:22:32.752+09:00 DEBUG 19468 --- [Shift Scheduler Demo] [           main] org.hibernate.SQL                        : delete from shift_assignments where id=?
Hibernate: delete from shift_assignments where id=?
2025-10-26T12:22:32.752+09:00 DEBUG 19468 --- [Shift Scheduler Demo] [           main] org.hibernate.SQL                        : delete from shift_assignments where id=?
Hibernate: delete from shift_assignments where id=?
2025-10-26T12:22:32.752+09:00 DEBUG 19468 --- [Shift Scheduler Demo] [           main] org.hibernate.SQL                        : delete from shift_assignments where id=?
Hibernate: delete from shift_assignments where id=?
2025-10-26T12:22:32.752+09:00 DEBUG 19468 --- [Shift Scheduler Demo] [           main] org.hibernate.SQL                        : delete from shift_assignments where id=?
Hibernate: delete from shift_assignments where id=?
2025-10-26T12:22:32.752+09:00 DEBUG 19468 --- [Shift Scheduler Demo] [           main] org.hibernate.SQL                        : delete from shift_assignments where id=?
Hibernate: delete from shift_assignments where id=?
2025-10-26T12:22:32.752+09:00 DEBUG 19468 --- [Shift Scheduler Demo] [           main] org.hibernate.SQL                        : delete from shift_assignments where id=?
Hibernate: delete from shift_assignments where id=?
2025-10-26T12:22:32.752+09:00 DEBUG 19468 --- [Shift Scheduler Demo] [           main] org.hibernate.SQL                        : delete from shift_assignments where id=?
Hibernate: delete from shift_assignments where id=?
2025-10-26T12:22:32.752+09:00 DEBUG 19468 --- [Shift Scheduler Demo] [           main] org.hibernate.SQL                        : delete from shift_assignments where id=?
Hibernate: delete from shift_assignments where id=?
2025-10-26T12:22:32.752+09:00 DEBUG 19468 --- [Shift Scheduler Demo] [           main] org.hibernate.SQL                        : delete from shift_assignments where id=?
Hibernate: delete from shift_assignments where id=?
2025-10-26T12:22:32.752+09:00 DEBUG 19468 --- [Shift Scheduler Demo] [           main] org.hibernate.SQL                        : delete from shift_assignments where id=?
Hibernate: delete from shift_assignments where id=?
2025-10-26T12:22:32.753+09:00 DEBUG 19468 --- [Shift Scheduler Demo] [           main] org.hibernate.SQL                        : delete from shift_assignments where id=?
Hibernate: delete from shift_assignments where id=?
2025-10-26T12:22:32.753+09:00 DEBUG 19468 --- [Shift Scheduler Demo] [           main] org.hibernate.SQL                        : delete from shift_assignments where id=?
Hibernate: delete from shift_assignments where id=?
2025-10-26T12:22:32.753+09:00 DEBUG 19468 --- [Shift Scheduler Demo] [           main] org.hibernate.SQL                        : delete from shift_assignments where id=?
Hibernate: delete from shift_assignments where id=?
2025-10-26T12:22:32.753+09:00 DEBUG 19468 --- [Shift Scheduler Demo] [           main] org.hibernate.SQL                        : delete from shift_assignments where id=?
Hibernate: delete from shift_assignments where id=?
2025-10-26T12:22:32.753+09:00 DEBUG 19468 --- [Shift Scheduler Demo] [           main] org.hibernate.SQL                        : delete from shift_assignments where id=?
Hibernate: delete from shift_assignments where id=?
2025-10-26T12:22:32.753+09:00 DEBUG 19468 --- [Shift Scheduler Demo] [           main] org.hibernate.SQL                        : delete from shift_assignments where id=?
Hibernate: delete from shift_assignments where id=?
2025-10-26T12:22:32.753+09:00 DEBUG 19468 --- [Shift Scheduler Demo] [           main] org.hibernate.SQL                        : delete from shift_assignments where id=?
Hibernate: delete from shift_assignments where id=?
2025-10-26T12:22:32.753+09:00 DEBUG 19468 --- [Shift Scheduler Demo] [           main] org.hibernate.SQL                        : delete from shift_assignments where id=?
Hibernate: delete from shift_assignments where id=?
2025-10-26T12:22:32.753+09:00 DEBUG 19468 --- [Shift Scheduler Demo] [           main] org.hibernate.SQL                        : delete from shift_assignments where id=?
Hibernate: delete from shift_assignments where id=?
2025-10-26T12:22:32.753+09:00 DEBUG 19468 --- [Shift Scheduler Demo] [           main] org.hibernate.SQL                        : delete from shift_assignments where id=?
Hibernate: delete from shift_assignments where id=?
2025-10-26T12:22:32.753+09:00 DEBUG 19468 --- [Shift Scheduler Demo] [           main] org.hibernate.SQL                        : delete from shift_assignments where id=?
Hibernate: delete from shift_assignments where id=?
2025-10-26T12:22:32.753+09:00 DEBUG 19468 --- [Shift Scheduler Demo] [           main] org.hibernate.SQL                        : delete from shift_assignments where id=?
Hibernate: delete from shift_assignments where id=?
2025-10-26T12:22:32.753+09:00 DEBUG 19468 --- [Shift Scheduler Demo] [           main] org.hibernate.SQL                        : delete from shift_assignments where id=?
Hibernate: delete from shift_assignments where id=?
2025-10-26T12:22:32.753+09:00 DEBUG 19468 --- [Shift Scheduler Demo] [           main] org.hibernate.SQL                        : delete from shift_assignments where id=?
Hibernate: delete from shift_assignments where id=?
2025-10-26T12:22:32.753+09:00 DEBUG 19468 --- [Shift Scheduler Demo] [           main] org.hibernate.SQL                        : delete from shift_assignments where id=?
Hibernate: delete from shift_assignments where id=?
2025-10-26T12:22:32.753+09:00 DEBUG 19468 --- [Shift Scheduler Demo] [           main] org.hibernate.SQL                        : delete from shift_assignments where id=?
Hibernate: delete from shift_assignments where id=?
2025-10-26T12:22:32.753+09:00 DEBUG 19468 --- [Shift Scheduler Demo] [           main] org.hibernate.SQL                        : delete from shift_assignments where id=?
Hibernate: delete from shift_assignments where id=?
2025-10-26T12:22:32.753+09:00 DEBUG 19468 --- [Shift Scheduler Demo] [           main] org.hibernate.SQL                        : delete from shift_assignments where id=?
Hibernate: delete from shift_assignments where id=?
2025-10-26T12:22:32.753+09:00 DEBUG 19468 --- [Shift Scheduler Demo] [           main] org.hibernate.SQL                        : delete from shift_assignments where id=?
Hibernate: delete from shift_assignments where id=?
2025-10-26T12:22:32.753+09:00 DEBUG 19468 --- [Shift Scheduler Demo] [           main] org.hibernate.SQL                        : delete from shift_assignments where id=?
Hibernate: delete from shift_assignments where id=?
2025-10-26T12:22:32.753+09:00 DEBUG 19468 --- [Shift Scheduler Demo] [           main] org.hibernate.SQL                        : delete from shift_assignments where id=?
Hibernate: delete from shift_assignments where id=?
2025-10-26T12:22:32.753+09:00 DEBUG 19468 --- [Shift Scheduler Demo] [           main] org.hibernate.SQL                        : delete from shift_assignments where id=?
Hibernate: delete from shift_assignments where id=?
2025-10-26T12:22:32.753+09:00 DEBUG 19468 --- [Shift Scheduler Demo] [           main] org.hibernate.SQL                        : delete from shift_assignments where id=?
Hibernate: delete from shift_assignments where id=?
2025-10-26T12:22:32.753+09:00 DEBUG 19468 --- [Shift Scheduler Demo] [           main] org.hibernate.SQL                        : delete from shift_assignments where id=?
Hibernate: delete from shift_assignments where id=?
2025-10-26T12:22:32.753+09:00 DEBUG 19468 --- [Shift Scheduler Demo] [           main] org.hibernate.SQL                        : delete from shift_assignments where id=?
Hibernate: delete from shift_assignments where id=?
2025-10-26T12:22:32.753+09:00 DEBUG 19468 --- [Shift Scheduler Demo] [           main] org.hibernate.SQL                        : delete from shift_assignments where id=?
Hibernate: delete from shift_assignments where id=?
2025-10-26T12:22:32.753+09:00 DEBUG 19468 --- [Shift Scheduler Demo] [           main] org.hibernate.SQL                        : delete from shift_assignments where id=?
Hibernate: delete from shift_assignments where id=?
2025-10-26T12:22:32.754+09:00 DEBUG 19468 --- [Shift Scheduler Demo] [           main] org.hibernate.SQL                        : delete from shift_assignments where id=?
Hibernate: delete from shift_assignments where id=?
2025-10-26T12:22:32.754+09:00 DEBUG 19468 --- [Shift Scheduler Demo] [           main] org.hibernate.SQL                        : delete from shift_assignments where id=?
Hibernate: delete from shift_assignments where id=?
2025-10-26T12:22:32.754+09:00 DEBUG 19468 --- [Shift Scheduler Demo] [           main] org.hibernate.SQL                        : delete from shift_assignments where id=?
Hibernate: delete from shift_assignments where id=?
2025-10-26T12:22:32.754+09:00 DEBUG 19468 --- [Shift Scheduler Demo] [           main] org.hibernate.SQL                        : delete from shift_assignments where id=?
Hibernate: delete from shift_assignments where id=?
2025-10-26T12:22:32.754+09:00 DEBUG 19468 --- [Shift Scheduler Demo] [           main] org.hibernate.SQL                        : delete from shift_assignments where id=?
Hibernate: delete from shift_assignments where id=?
2025-10-26T12:22:32.754+09:00 DEBUG 19468 --- [Shift Scheduler Demo] [           main] org.hibernate.SQL                        : delete from shift_assignments where id=?
Hibernate: delete from shift_assignments where id=?
2025-10-26T12:22:32.754+09:00 DEBUG 19468 --- [Shift Scheduler Demo] [           main] org.hibernate.SQL                        : delete from shift_assignments where id=?
Hibernate: delete from shift_assignments where id=?
2025-10-26T12:22:32.754+09:00 DEBUG 19468 --- [Shift Scheduler Demo] [           main] org.hibernate.SQL                        : delete from shift_assignments where id=?
Hibernate: delete from shift_assignments where id=?
2025-10-26T12:22:32.754+09:00 DEBUG 19468 --- [Shift Scheduler Demo] [           main] org.hibernate.SQL                        : delete from shift_assignments where id=?
Hibernate: delete from shift_assignments where id=?
2025-10-26T12:22:32.754+09:00 DEBUG 19468 --- [Shift Scheduler Demo] [           main] org.hibernate.SQL                        : delete from shift_assignments where id=?
Hibernate: delete from shift_assignments where id=?
2025-10-26T12:22:32.754+09:00 DEBUG 19468 --- [Shift Scheduler Demo] [           main] org.hibernate.SQL                        : delete from shift_assignments where id=?
Hibernate: delete from shift_assignments where id=?
2025-10-26T12:22:32.754+09:00 DEBUG 19468 --- [Shift Scheduler Demo] [           main] org.hibernate.SQL                        : delete from shift_assignments where id=?
Hibernate: delete from shift_assignments where id=?
2025-10-26T12:22:32.754+09:00 DEBUG 19468 --- [Shift Scheduler Demo] [           main] org.hibernate.SQL                        : delete from shift_assignments where id=?
Hibernate: delete from shift_assignments where id=?
2025-10-26T12:22:32.754+09:00 DEBUG 19468 --- [Shift Scheduler Demo] [           main] org.hibernate.SQL                        : delete from shift_assignments where id=?
Hibernate: delete from shift_assignments where id=?
2025-10-26T12:22:32.754+09:00 DEBUG 19468 --- [Shift Scheduler Demo] [           main] org.hibernate.SQL                        : delete from shift_assignments where id=?
Hibernate: delete from shift_assignments where id=?
2025-10-26T12:22:32.754+09:00 DEBUG 19468 --- [Shift Scheduler Demo] [           main] org.hibernate.SQL                        : delete from shift_assignments where id=?
Hibernate: delete from shift_assignments where id=?
2025-10-26T12:22:32.754+09:00 DEBUG 19468 --- [Shift Scheduler Demo] [           main] org.hibernate.SQL                        : delete from shift_assignments where id=?
Hibernate: delete from shift_assignments where id=?
2025-10-26T12:22:32.754+09:00 DEBUG 19468 --- [Shift Scheduler Demo] [           main] org.hibernate.SQL                        : delete from shift_assignments where id=?
Hibernate: delete from shift_assignments where id=?
2025-10-26T12:22:32.755+09:00 DEBUG 19468 --- [Shift Scheduler Demo] [           main] org.hibernate.SQL                        : delete from shift_assignments where id=?
Hibernate: delete from shift_assignments where id=?
2025-10-26T12:22:32.755+09:00 DEBUG 19468 --- [Shift Scheduler Demo] [           main] org.hibernate.SQL                        : delete from shift_assignments where id=?
Hibernate: delete from shift_assignments where id=?
2025-10-26T12:22:32.755+09:00 DEBUG 19468 --- [Shift Scheduler Demo] [           main] org.hibernate.SQL                        : delete from shift_assignments where id=?
Hibernate: delete from shift_assignments where id=?
2025-10-26T12:22:32.755+09:00 DEBUG 19468 --- [Shift Scheduler Demo] [           main] org.hibernate.SQL                        : delete from shift_assignments where id=?
Hibernate: delete from shift_assignments where id=?
2025-10-26T12:22:32.755+09:00 DEBUG 19468 --- [Shift Scheduler Demo] [           main] org.hibernate.SQL                        : delete from shift_assignments where id=?
Hibernate: delete from shift_assignments where id=?
2025-10-26T12:22:32.755+09:00 DEBUG 19468 --- [Shift Scheduler Demo] [           main] org.hibernate.SQL                        : delete from shift_assignments where id=?
Hibernate: delete from shift_assignments where id=?
2025-10-26T12:22:32.755+09:00 DEBUG 19468 --- [Shift Scheduler Demo] [           main] org.hibernate.SQL                        : delete from shift_assignments where id=?
Hibernate: delete from shift_assignments where id=?
2025-10-26T12:22:32.755+09:00 DEBUG 19468 --- [Shift Scheduler Demo] [           main] org.hibernate.SQL                        : delete from shift_assignments where id=?
Hibernate: delete from shift_assignments where id=?
2025-10-26T12:22:32.755+09:00 DEBUG 19468 --- [Shift Scheduler Demo] [           main] org.hibernate.SQL                        : delete from shift_assignments where id=?
Hibernate: delete from shift_assignments where id=?
2025-10-26T12:22:32.755+09:00 DEBUG 19468 --- [Shift Scheduler Demo] [           main] org.hibernate.SQL                        : delete from shift_assignments where id=?
Hibernate: delete from shift_assignments where id=?
2025-10-26T12:22:32.755+09:00 DEBUG 19468 --- [Shift Scheduler Demo] [           main] org.hibernate.SQL                        : delete from shift_assignments where id=?
Hibernate: delete from shift_assignments where id=?
2025-10-26T12:22:32.755+09:00 DEBUG 19468 --- [Shift Scheduler Demo] [           main] org.hibernate.SQL                        : delete from shift_assignments where id=?
Hibernate: delete from shift_assignments where id=?
2025-10-26T12:22:32.755+09:00 DEBUG 19468 --- [Shift Scheduler Demo] [           main] org.hibernate.SQL                        : delete from shift_assignments where id=?
Hibernate: delete from shift_assignments where id=?
2025-10-26T12:22:32.755+09:00 DEBUG 19468 --- [Shift Scheduler Demo] [           main] org.hibernate.SQL                        : delete from shift_assignments where id=?
Hibernate: delete from shift_assignments where id=?
2025-10-26T12:22:32.757+09:00 DEBUG 19468 --- [Shift Scheduler Demo] [           main] org.hibernate.SQL                        : delete from shift_assignments where id=?
Hibernate: delete from shift_assignments where id=?
2025-10-26T12:22:32.757+09:00 DEBUG 19468 --- [Shift Scheduler Demo] [           main] org.hibernate.SQL                        : delete from shift_assignments where id=?
Hibernate: delete from shift_assignments where id=?
2025-10-26T12:22:32.757+09:00 DEBUG 19468 --- [Shift Scheduler Demo] [           main] org.hibernate.SQL                        : delete from shift_assignments where id=?
Hibernate: delete from shift_assignments where id=?
2025-10-26T12:22:32.757+09:00 DEBUG 19468 --- [Shift Scheduler Demo] [           main] org.hibernate.SQL                        : delete from shift_assignments where id=?
Hibernate: delete from shift_assignments where id=?
2025-10-26T12:22:32.757+09:00 DEBUG 19468 --- [Shift Scheduler Demo] [           main] org.hibernate.SQL                        : delete from shift_assignments where id=?
Hibernate: delete from shift_assignments where id=?
2025-10-26T12:22:32.757+09:00 DEBUG 19468 --- [Shift Scheduler Demo] [           main] org.hibernate.SQL                        : delete from shift_assignments where id=?
Hibernate: delete from shift_assignments where id=?
2025-10-26T12:22:32.757+09:00 DEBUG 19468 --- [Shift Scheduler Demo] [           main] org.hibernate.SQL                        : delete from shift_assignments where id=?
Hibernate: delete from shift_assignments where id=?
2025-10-26T12:22:32.757+09:00 DEBUG 19468 --- [Shift Scheduler Demo] [           main] org.hibernate.SQL                        : delete from shift_assignments where id=?
Hibernate: delete from shift_assignments where id=?
2025-10-26T12:22:32.757+09:00 DEBUG 19468 --- [Shift Scheduler Demo] [           main] org.hibernate.SQL                        : delete from shift_assignments where id=?
Hibernate: delete from shift_assignments where id=?
2025-10-26T12:22:32.757+09:00 DEBUG 19468 --- [Shift Scheduler Demo] [           main] org.hibernate.SQL                        : delete from shift_assignments where id=?
Hibernate: delete from shift_assignments where id=?
2025-10-26T12:22:32.757+09:00 DEBUG 19468 --- [Shift Scheduler Demo] [           main] org.hibernate.SQL                        : delete from shift_assignments where id=?
Hibernate: delete from shift_assignments where id=?
2025-10-26T12:22:32.757+09:00 DEBUG 19468 --- [Shift Scheduler Demo] [           main] org.hibernate.SQL                        : delete from shift_assignments where id=?
Hibernate: delete from shift_assignments where id=?
2025-10-26T12:22:32.757+09:00 DEBUG 19468 --- [Shift Scheduler Demo] [           main] org.hibernate.SQL                        : delete from shift_assignments where id=?
Hibernate: delete from shift_assignments where id=?
2025-10-26T12:22:32.757+09:00 DEBUG 19468 --- [Shift Scheduler Demo] [           main] org.hibernate.SQL                        : delete from shift_assignments where id=?
Hibernate: delete from shift_assignments where id=?
2025-10-26T12:22:32.757+09:00 DEBUG 19468 --- [Shift Scheduler Demo] [           main] org.hibernate.SQL                        : delete from shift_assignments where id=?
Hibernate: delete from shift_assignments where id=?
2025-10-26T12:22:32.757+09:00 DEBUG 19468 --- [Shift Scheduler Demo] [           main] org.hibernate.SQL                        : delete from shift_assignments where id=?
Hibernate: delete from shift_assignments where id=?
2025-10-26T12:22:32.757+09:00 DEBUG 19468 --- [Shift Scheduler Demo] [           main] org.hibernate.SQL                        : delete from shift_assignments where id=?
Hibernate: delete from shift_assignments where id=?
2025-10-26T12:22:32.757+09:00 DEBUG 19468 --- [Shift Scheduler Demo] [           main] org.hibernate.SQL                        : delete from shift_assignments where id=?
Hibernate: delete from shift_assignments where id=?
2025-10-26T12:22:32.757+09:00 DEBUG 19468 --- [Shift Scheduler Demo] [           main] org.hibernate.SQL                        : delete from shift_assignments where id=?
Hibernate: delete from shift_assignments where id=?
2025-10-26T12:22:32.757+09:00 DEBUG 19468 --- [Shift Scheduler Demo] [           main] org.hibernate.SQL                        : delete from shift_assignments where id=?
Hibernate: delete from shift_assignments where id=?
2025-10-26T12:22:32.757+09:00 DEBUG 19468 --- [Shift Scheduler Demo] [           main] org.hibernate.SQL                        : delete from shift_assignments where id=?
Hibernate: delete from shift_assignments where id=?
2025-10-26T12:22:32.757+09:00 DEBUG 19468 --- [Shift Scheduler Demo] [           main] org.hibernate.SQL                        : delete from shift_assignments where id=?
Hibernate: delete from shift_assignments where id=?
2025-10-26T12:22:32.757+09:00 DEBUG 19468 --- [Shift Scheduler Demo] [           main] org.hibernate.SQL                        : delete from shift_assignments where id=?
Hibernate: delete from shift_assignments where id=?
2025-10-26T12:22:32.757+09:00 DEBUG 19468 --- [Shift Scheduler Demo] [           main] org.hibernate.SQL                        : delete from shift_assignments where id=?
Hibernate: delete from shift_assignments where id=?
2025-10-26T12:22:32.757+09:00 DEBUG 19468 --- [Shift Scheduler Demo] [           main] org.hibernate.SQL                        : delete from shift_assignments where id=?
Hibernate: delete from shift_assignments where id=?
2025-10-26T12:22:32.757+09:00 DEBUG 19468 --- [Shift Scheduler Demo] [           main] org.hibernate.SQL                        : delete from shift_assignments where id=?
Hibernate: delete from shift_assignments where id=?
2025-10-26T12:22:32.757+09:00 DEBUG 19468 --- [Shift Scheduler Demo] [           main] org.hibernate.SQL                        : delete from shift_assignments where id=?
Hibernate: delete from shift_assignments where id=?
2025-10-26T12:22:32.757+09:00 DEBUG 19468 --- [Shift Scheduler Demo] [           main] org.hibernate.SQL                        : delete from shift_assignments where id=?
Hibernate: delete from shift_assignments where id=?
2025-10-26T12:22:32.757+09:00 DEBUG 19468 --- [Shift Scheduler Demo] [           main] org.hibernate.SQL                        : delete from shift_assignments where id=?
Hibernate: delete from shift_assignments where id=?
2025-10-26T12:22:32.757+09:00 DEBUG 19468 --- [Shift Scheduler Demo] [           main] org.hibernate.SQL                        : delete from shift_assignments where id=?
Hibernate: delete from shift_assignments where id=?
2025-10-26T12:22:32.757+09:00 DEBUG 19468 --- [Shift Scheduler Demo] [           main] org.hibernate.SQL                        : delete from shift_assignments where id=?
Hibernate: delete from shift_assignments where id=?
2025-10-26T12:22:32.757+09:00 DEBUG 19468 --- [Shift Scheduler Demo] [           main] org.hibernate.SQL                        : delete from shift_assignments where id=?
Hibernate: delete from shift_assignments where id=?
2025-10-26T12:22:32.757+09:00 DEBUG 19468 --- [Shift Scheduler Demo] [           main] org.hibernate.SQL                        : delete from shift_assignments where id=?
Hibernate: delete from shift_assignments where id=?
2025-10-26T12:22:32.757+09:00 DEBUG 19468 --- [Shift Scheduler Demo] [           main] org.hibernate.SQL                        : delete from shift_assignments where id=?
Hibernate: delete from shift_assignments where id=?
2025-10-26T12:22:32.757+09:00 DEBUG 19468 --- [Shift Scheduler Demo] [           main] org.hibernate.SQL                        : delete from shift_assignments where id=?
Hibernate: delete from shift_assignments where id=?
2025-10-26T12:22:32.757+09:00 DEBUG 19468 --- [Shift Scheduler Demo] [           main] org.hibernate.SQL                        : delete from shift_assignments where id=?
Hibernate: delete from shift_assignments where id=?
2025-10-26T12:22:32.757+09:00 DEBUG 19468 --- [Shift Scheduler Demo] [           main] org.hibernate.SQL                        : delete from employee_constraints where id=?
Hibernate: delete from employee_constraints where id=?
2025-10-26T12:22:32.757+09:00 DEBUG 19468 --- [Shift Scheduler Demo] [           main] org.hibernate.SQL                        : delete from employee_constraints where id=?
Hibernate: delete from employee_constraints where id=?
2025-10-26T12:22:32.757+09:00 DEBUG 19468 --- [Shift Scheduler Demo] [           main] org.hibernate.SQL                        : delete from employee_constraints where id=?
Hibernate: delete from employee_constraints where id=?
2025-10-26T12:22:32.757+09:00 DEBUG 19468 --- [Shift Scheduler Demo] [           main] org.hibernate.SQL                        : delete from employee_constraints where id=?
Hibernate: delete from employee_constraints where id=?
2025-10-26T12:22:32.757+09:00 DEBUG 19468 --- [Shift Scheduler Demo] [           main] org.hibernate.SQL                        : delete from employee_constraints where id=?
Hibernate: delete from employee_constraints where id=?
2025-10-26T12:22:32.757+09:00 DEBUG 19468 --- [Shift Scheduler Demo] [           main] org.hibernate.SQL                        : delete from employee_constraints where id=?
Hibernate: delete from employee_constraints where id=?
2025-10-26T12:22:32.757+09:00 DEBUG 19468 --- [Shift Scheduler Demo] [           main] org.hibernate.SQL                        : delete from employee_constraints where id=?
Hibernate: delete from employee_constraints where id=?
2025-10-26T12:22:32.757+09:00 DEBUG 19468 --- [Shift Scheduler Demo] [           main] org.hibernate.SQL                        : delete from employee_constraints where id=?
Hibernate: delete from employee_constraints where id=?
2025-10-26T12:22:32.757+09:00 DEBUG 19468 --- [Shift Scheduler Demo] [           main] org.hibernate.SQL                        : delete from employee_constraints where id=?
Hibernate: delete from employee_constraints where id=?
2025-10-26T12:22:32.757+09:00 DEBUG 19468 --- [Shift Scheduler Demo] [           main] org.hibernate.SQL                        : delete from employee_constraints where id=?
Hibernate: delete from employee_constraints where id=?
2025-10-26T12:22:32.757+09:00 DEBUG 19468 --- [Shift Scheduler Demo] [           main] org.hibernate.SQL                        : delete from employee_constraints where id=?
Hibernate: delete from employee_constraints where id=?
2025-10-26T12:22:32.757+09:00 DEBUG 19468 --- [Shift Scheduler Demo] [           main] org.hibernate.SQL                        : delete from employee_constraints where id=?
Hibernate: delete from employee_constraints where id=?
2025-10-26T12:22:32.757+09:00 DEBUG 19468 --- [Shift Scheduler Demo] [           main] org.hibernate.SQL                        : delete from employee_constraints where id=?
Hibernate: delete from employee_constraints where id=?
2025-10-26T12:22:32.757+09:00 DEBUG 19468 --- [Shift Scheduler Demo] [           main] org.hibernate.SQL                        : delete from employee_constraints where id=?
Hibernate: delete from employee_constraints where id=?
2025-10-26T12:22:32.757+09:00 DEBUG 19468 --- [Shift Scheduler Demo] [           main] org.hibernate.SQL                        : delete from employee_constraints where id=?
Hibernate: delete from employee_constraints where id=?
2025-10-26T12:22:32.757+09:00 DEBUG 19468 --- [Shift Scheduler Demo] [           main] org.hibernate.SQL                        : delete from employee_constraints where id=?
Hibernate: delete from employee_constraints where id=?
2025-10-26T12:22:32.757+09:00 DEBUG 19468 --- [Shift Scheduler Demo] [           main] org.hibernate.SQL                        : delete from employee_constraints where id=?
Hibernate: delete from employee_constraints where id=?
2025-10-26T12:22:32.757+09:00 DEBUG 19468 --- [Shift Scheduler Demo] [           main] org.hibernate.SQL                        : delete from employee_constraints where id=?
Hibernate: delete from employee_constraints where id=?
2025-10-26T12:22:32.757+09:00 DEBUG 19468 --- [Shift Scheduler Demo] [           main] org.hibernate.SQL                        : delete from employee_constraints where id=?
Hibernate: delete from employee_constraints where id=?
2025-10-26T12:22:32.757+09:00 DEBUG 19468 --- [Shift Scheduler Demo] [           main] org.hibernate.SQL                        : delete from employee_constraints where id=?
Hibernate: delete from employee_constraints where id=?
2025-10-26T12:22:32.757+09:00 DEBUG 19468 --- [Shift Scheduler Demo] [           main] org.hibernate.SQL                        : delete from employee_constraints where id=?
Hibernate: delete from employee_constraints where id=?
2025-10-26T12:22:32.757+09:00 DEBUG 19468 --- [Shift Scheduler Demo] [           main] org.hibernate.SQL                        : delete from employee_constraints where id=?
Hibernate: delete from employee_constraints where id=?
2025-10-26T12:22:32.757+09:00 DEBUG 19468 --- [Shift Scheduler Demo] [           main] org.hibernate.SQL                        : delete from employee_constraints where id=?
Hibernate: delete from employee_constraints where id=?
2025-10-26T12:22:32.757+09:00 DEBUG 19468 --- [Shift Scheduler Demo] [           main] org.hibernate.SQL                        : delete from employee_constraints where id=?
Hibernate: delete from employee_constraints where id=?
2025-10-26T12:22:32.757+09:00 DEBUG 19468 --- [Shift Scheduler Demo] [           main] org.hibernate.SQL                        : delete from employee_constraints where id=?
Hibernate: delete from employee_constraints where id=?
2025-10-26T12:22:32.759+09:00 DEBUG 19468 --- [Shift Scheduler Demo] [           main] org.hibernate.SQL                        : delete from employee_constraints where id=?
Hibernate: delete from employee_constraints where id=?
2025-10-26T12:22:32.759+09:00 DEBUG 19468 --- [Shift Scheduler Demo] [           main] org.hibernate.SQL                        : delete from employee_constraints where id=?
Hibernate: delete from employee_constraints where id=?
2025-10-26T12:22:32.759+09:00 DEBUG 19468 --- [Shift Scheduler Demo] [           main] org.hibernate.SQL                        : delete from employee_constraints where id=?
Hibernate: delete from employee_constraints where id=?
2025-10-26T12:22:32.759+09:00 DEBUG 19468 --- [Shift Scheduler Demo] [           main] org.hibernate.SQL                        : delete from employee_constraints where id=?
Hibernate: delete from employee_constraints where id=?
2025-10-26T12:22:32.759+09:00 DEBUG 19468 --- [Shift Scheduler Demo] [           main] org.hibernate.SQL                        : delete from employee_constraints where id=?
Hibernate: delete from employee_constraints where id=?
2025-10-26T12:22:32.759+09:00 DEBUG 19468 --- [Shift Scheduler Demo] [           main] org.hibernate.SQL                        : delete from employee_constraints where id=?
Hibernate: delete from employee_constraints where id=?
2025-10-26T12:22:32.759+09:00 DEBUG 19468 --- [Shift Scheduler Demo] [           main] org.hibernate.SQL                        : delete from employee_constraints where id=?
Hibernate: delete from employee_constraints where id=?
2025-10-26T12:22:32.759+09:00 DEBUG 19468 --- [Shift Scheduler Demo] [           main] org.hibernate.SQL                        : delete from employee_constraints where id=?
Hibernate: delete from employee_constraints where id=?
2025-10-26T12:22:32.759+09:00 DEBUG 19468 --- [Shift Scheduler Demo] [           main] org.hibernate.SQL                        : delete from employee_constraints where id=?
Hibernate: delete from employee_constraints where id=?
2025-10-26T12:22:32.759+09:00 DEBUG 19468 --- [Shift Scheduler Demo] [           main] org.hibernate.SQL                        : delete from employee_constraints where id=?
Hibernate: delete from employee_constraints where id=?
2025-10-26T12:22:32.759+09:00 DEBUG 19468 --- [Shift Scheduler Demo] [           main] org.hibernate.SQL                        : delete from employee_constraints where id=?
Hibernate: delete from employee_constraints where id=?
2025-10-26T12:22:32.759+09:00 DEBUG 19468 --- [Shift Scheduler Demo] [           main] org.hibernate.SQL                        : delete from employee_constraints where id=?
Hibernate: delete from employee_constraints where id=?
2025-10-26T12:22:32.759+09:00 DEBUG 19468 --- [Shift Scheduler Demo] [           main] org.hibernate.SQL                        : delete from employee_constraints where id=?
Hibernate: delete from employee_constraints where id=?
2025-10-26T12:22:32.759+09:00 DEBUG 19468 --- [Shift Scheduler Demo] [           main] org.hibernate.SQL                        : delete from employee_constraints where id=?
Hibernate: delete from employee_constraints where id=?
2025-10-26T12:22:32.759+09:00 DEBUG 19468 --- [Shift Scheduler Demo] [           main] org.hibernate.SQL                        : delete from employee_constraints where id=?
Hibernate: delete from employee_constraints where id=?
2025-10-26T12:22:32.759+09:00 DEBUG 19468 --- [Shift Scheduler Demo] [           main] org.hibernate.SQL                        : delete from employee_constraints where id=?
Hibernate: delete from employee_constraints where id=?
2025-10-26T12:22:32.759+09:00 DEBUG 19468 --- [Shift Scheduler Demo] [           main] org.hibernate.SQL                        : delete from employee_constraints where id=?
Hibernate: delete from employee_constraints where id=?
2025-10-26T12:22:32.759+09:00 DEBUG 19468 --- [Shift Scheduler Demo] [           main] org.hibernate.SQL                        : delete from employee_constraints where id=?
Hibernate: delete from employee_constraints where id=?
2025-10-26T12:22:32.759+09:00 DEBUG 19468 --- [Shift Scheduler Demo] [           main] org.hibernate.SQL                        : delete from employee_constraints where id=?
Hibernate: delete from employee_constraints where id=?
2025-10-26T12:22:32.759+09:00 DEBUG 19468 --- [Shift Scheduler Demo] [           main] org.hibernate.SQL                        : delete from employee_constraints where id=?
Hibernate: delete from employee_constraints where id=?
2025-10-26T12:22:32.759+09:00 DEBUG 19468 --- [Shift Scheduler Demo] [           main] org.hibernate.SQL                        : delete from employee_constraints where id=?
Hibernate: delete from employee_constraints where id=?
2025-10-26T12:22:32.759+09:00 DEBUG 19468 --- [Shift Scheduler Demo] [           main] org.hibernate.SQL                        : delete from employee_constraints where id=?
Hibernate: delete from employee_constraints where id=?
2025-10-26T12:22:32.759+09:00 DEBUG 19468 --- [Shift Scheduler Demo] [           main] org.hibernate.SQL                        : delete from employee_constraints where id=?
Hibernate: delete from employee_constraints where id=?
2025-10-26T12:22:32.759+09:00 DEBUG 19468 --- [Shift Scheduler Demo] [           main] org.hibernate.SQL                        : delete from employee_constraints where id=?
Hibernate: delete from employee_constraints where id=?
2025-10-26T12:22:32.759+09:00 DEBUG 19468 --- [Shift Scheduler Demo] [           main] org.hibernate.SQL                        : delete from employee_constraints where id=?
Hibernate: delete from employee_constraints where id=?
2025-10-26T12:22:32.759+09:00 DEBUG 19468 --- [Shift Scheduler Demo] [           main] org.hibernate.SQL                        : delete from employee_constraints where id=?
Hibernate: delete from employee_constraints where id=?
2025-10-26T12:22:32.759+09:00 DEBUG 19468 --- [Shift Scheduler Demo] [           main] org.hibernate.SQL                        : delete from employee_constraints where id=?
Hibernate: delete from employee_constraints where id=?
2025-10-26T12:22:32.759+09:00 DEBUG 19468 --- [Shift Scheduler Demo] [           main] org.hibernate.SQL                        : delete from employee_constraints where id=?
Hibernate: delete from employee_constraints where id=?
2025-10-26T12:22:32.759+09:00 DEBUG 19468 --- [Shift Scheduler Demo] [           main] org.hibernate.SQL                        : delete from employee_constraints where id=?
Hibernate: delete from employee_constraints where id=?
2025-10-26T12:22:32.759+09:00 DEBUG 19468 --- [Shift Scheduler Demo] [           main] org.hibernate.SQL                        : delete from employee_constraints where id=?
Hibernate: delete from employee_constraints where id=?
2025-10-26T12:22:32.759+09:00 DEBUG 19468 --- [Shift Scheduler Demo] [           main] org.hibernate.SQL                        : delete from employee_constraints where id=?
Hibernate: delete from employee_constraints where id=?
2025-10-26T12:22:32.759+09:00 DEBUG 19468 --- [Shift Scheduler Demo] [           main] org.hibernate.SQL                        : delete from employee_constraints where id=?
Hibernate: delete from employee_constraints where id=?
2025-10-26T12:22:32.759+09:00 DEBUG 19468 --- [Shift Scheduler Demo] [           main] org.hibernate.SQL                        : delete from employee_constraints where id=?
Hibernate: delete from employee_constraints where id=?
2025-10-26T12:22:32.759+09:00 DEBUG 19468 --- [Shift Scheduler Demo] [           main] org.hibernate.SQL                        : delete from employee_constraints where id=?
Hibernate: delete from employee_constraints where id=?
2025-10-26T12:22:32.759+09:00 DEBUG 19468 --- [Shift Scheduler Demo] [           main] org.hibernate.SQL                        : delete from employee_constraints where id=?
Hibernate: delete from employee_constraints where id=?
2025-10-26T12:22:32.759+09:00 DEBUG 19468 --- [Shift Scheduler Demo] [           main] org.hibernate.SQL                        : delete from employee_constraints where id=?
Hibernate: delete from employee_constraints where id=?
2025-10-26T12:22:32.759+09:00 DEBUG 19468 --- [Shift Scheduler Demo] [           main] org.hibernate.SQL                        : delete from employee_constraints where id=?
Hibernate: delete from employee_constraints where id=?
2025-10-26T12:22:32.759+09:00 DEBUG 19468 --- [Shift Scheduler Demo] [           main] org.hibernate.SQL                        : delete from employee_constraints where id=?
Hibernate: delete from employee_constraints where id=?
2025-10-26T12:22:32.759+09:00 DEBUG 19468 --- [Shift Scheduler Demo] [           main] org.hibernate.SQL                        : delete from employee_constraints where id=?
Hibernate: delete from employee_constraints where id=?
2025-10-26T12:22:32.761+09:00 DEBUG 19468 --- [Shift Scheduler Demo] [           main] org.hibernate.SQL                        : delete from employee_constraints where id=?
Hibernate: delete from employee_constraints where id=?
2025-10-26T12:22:32.761+09:00 DEBUG 19468 --- [Shift Scheduler Demo] [           main] org.hibernate.SQL                        : delete from employee_constraints where id=?
Hibernate: delete from employee_constraints where id=?
2025-10-26T12:22:32.761+09:00 DEBUG 19468 --- [Shift Scheduler Demo] [           main] org.hibernate.SQL                        : delete from employee_constraints where id=?
Hibernate: delete from employee_constraints where id=?
2025-10-26T12:22:32.761+09:00 DEBUG 19468 --- [Shift Scheduler Demo] [           main] org.hibernate.SQL                        : delete from employee_constraints where id=?
Hibernate: delete from employee_constraints where id=?
2025-10-26T12:22:32.761+09:00 DEBUG 19468 --- [Shift Scheduler Demo] [           main] org.hibernate.SQL                        : delete from employee_constraints where id=?
Hibernate: delete from employee_constraints where id=?
2025-10-26T12:22:32.761+09:00 DEBUG 19468 --- [Shift Scheduler Demo] [           main] org.hibernate.SQL                        : delete from employee_constraints where id=?
Hibernate: delete from employee_constraints where id=?
2025-10-26T12:22:32.761+09:00 DEBUG 19468 --- [Shift Scheduler Demo] [           main] org.hibernate.SQL                        : delete from employee_constraints where id=?
Hibernate: delete from employee_constraints where id=?
2025-10-26T12:22:32.761+09:00 DEBUG 19468 --- [Shift Scheduler Demo] [           main] org.hibernate.SQL                        : delete from employee_constraints where id=?
Hibernate: delete from employee_constraints where id=?
2025-10-26T12:22:32.761+09:00 DEBUG 19468 --- [Shift Scheduler Demo] [           main] org.hibernate.SQL                        : delete from employee_constraints where id=?
Hibernate: delete from employee_constraints where id=?
2025-10-26T12:22:32.761+09:00 DEBUG 19468 --- [Shift Scheduler Demo] [           main] org.hibernate.SQL                        : delete from employee_constraints where id=?
Hibernate: delete from employee_constraints where id=?
2025-10-26T12:22:32.761+09:00 DEBUG 19468 --- [Shift Scheduler Demo] [           main] org.hibernate.SQL                        : delete from employee_constraints where id=?
Hibernate: delete from employee_constraints where id=?
2025-10-26T12:22:32.762+09:00 DEBUG 19468 --- [Shift Scheduler Demo] [           main] org.hibernate.SQL                        : select sa1_0.id,sa1_0.employee_id,sa1_0.end_time,sa1_0.shift_name,sa1_0.start_time,sa1_0.work_date from shift_assignments sa1_0 where sa1_0.work_date<? order by sa1_0.work_date desc limit ?
Hibernate: select sa1_0.id,sa1_0.employee_id,sa1_0.end_time,sa1_0.shift_name,sa1_0.start_time,sa1_0.work_date from shift_assignments sa1_0 where sa1_0.work_date<? order by sa1_0.work_date desc limit ?
2025-10-26T12:22:32.766+09:00 DEBUG 19468 --- [Shift Scheduler Demo] [           main] org.hibernate.SQL                        : select sa1_0.id,sa1_0.employee_id,sa1_0.end_time,sa1_0.shift_name,sa1_0.start_time,sa1_0.work_date from shift_assignments sa1_0 where sa1_0.work_date between ? and ?
Hibernate: select sa1_0.id,sa1_0.employee_id,sa1_0.end_time,sa1_0.shift_name,sa1_0.start_time,sa1_0.work_date from shift_assignments sa1_0 where sa1_0.work_date between ? and ?
2025-10-26T12:22:32.768+09:00  INFO 19468 --- [Shift Scheduler Demo] [           main] c.e.shiftv1.schedule.ScheduleService     : �o�^�]�ƈ���: 30��
2025-10-26T12:22:32.770+09:00 DEBUG 19468 --- [Shift Scheduler Demo] [           main] org.hibernate.SQL                        : select sa1_0.id,sa1_0.employee_id,sa1_0.end_time,sa1_0.shift_name,sa1_0.start_time,sa1_0.work_date from shift_assignments sa1_0 where sa1_0.work_date=?
Hibernate: select sa1_0.id,sa1_0.employee_id,sa1_0.end_time,sa1_0.shift_name,sa1_0.start_time,sa1_0.work_date from shift_assignments sa1_0 where sa1_0.work_date=?
2025-10-26T12:22:32.773+09:00 DEBUG 19468 --- [Shift Scheduler Demo] [           main] org.hibernate.SQL                        : select sa1_0.id,sa1_0.employee_id,sa1_0.end_time,sa1_0.shift_name,sa1_0.start_time,sa1_0.work_date from shift_assignments sa1_0 where sa1_0.work_date=?
Hibernate: select sa1_0.id,sa1_0.employee_id,sa1_0.end_time,sa1_0.shift_name,sa1_0.start_time,sa1_0.work_date from shift_assignments sa1_0 where sa1_0.work_date=?
2025-10-26T12:22:32.777+09:00 DEBUG 19468 --- [Shift Scheduler Demo] [           main] org.hibernate.SQL                        : select sa1_0.id,sa1_0.employee_id,sa1_0.end_time,sa1_0.shift_name,sa1_0.start_time,sa1_0.work_date from shift_assignments sa1_0 where sa1_0.work_date=?
Hibernate: select sa1_0.id,sa1_0.employee_id,sa1_0.end_time,sa1_0.shift_name,sa1_0.start_time,sa1_0.work_date from shift_assignments sa1_0 where sa1_0.work_date=?
2025-10-26T12:22:32.779+09:00 DEBUG 19468 --- [Shift Scheduler Demo] [           main] org.hibernate.SQL                        : select sa1_0.id,sa1_0.employee_id,sa1_0.end_time,sa1_0.shift_name,sa1_0.start_time,sa1_0.work_date from shift_assignments sa1_0 where sa1_0.work_date=?
Hibernate: select sa1_0.id,sa1_0.employee_id,sa1_0.end_time,sa1_0.shift_name,sa1_0.start_time,sa1_0.work_date from shift_assignments sa1_0 where sa1_0.work_date=?
2025-10-26T12:22:32.784+09:00 DEBUG 19468 --- [Shift Scheduler Demo] [           main] org.hibernate.SQL                        : select sa1_0.id,sa1_0.employee_id,sa1_0.end_time,sa1_0.shift_name,sa1_0.start_time,sa1_0.work_date from shift_assignments sa1_0 where sa1_0.work_date=?
Hibernate: select sa1_0.id,sa1_0.employee_id,sa1_0.end_time,sa1_0.shift_name,sa1_0.start_time,sa1_0.work_date from shift_assignments sa1_0 where sa1_0.work_date=?
2025-10-26T12:22:32.786+09:00 DEBUG 19468 --- [Shift Scheduler Demo] [           main] org.hibernate.SQL                        : select sa1_0.id,sa1_0.employee_id,sa1_0.end_time,sa1_0.shift_name,sa1_0.start_time,sa1_0.work_date from shift_assignments sa1_0 where sa1_0.work_date=?
Hibernate: select sa1_0.id,sa1_0.employee_id,sa1_0.end_time,sa1_0.shift_name,sa1_0.start_time,sa1_0.work_date from shift_assignments sa1_0 where sa1_0.work_date=?
2025-10-26T12:22:32.788+09:00 DEBUG 19468 --- [Shift Scheduler Demo] [           main] org.hibernate.SQL                        : select sa1_0.id,sa1_0.employee_id,sa1_0.end_time,sa1_0.shift_name,sa1_0.start_time,sa1_0.work_date from shift_assignments sa1_0 where sa1_0.work_date=?
Hibernate: select sa1_0.id,sa1_0.employee_id,sa1_0.end_time,sa1_0.shift_name,sa1_0.start_time,sa1_0.work_date from shift_assignments sa1_0 where sa1_0.work_date=?
2025-10-26T12:22:32.792+09:00 DEBUG 19468 --- [Shift Scheduler Demo] [           main] org.hibernate.SQL                        : select sa1_0.id,sa1_0.employee_id,sa1_0.end_time,sa1_0.shift_name,sa1_0.start_time,sa1_0.work_date from shift_assignments sa1_0 where sa1_0.work_date=?
Hibernate: select sa1_0.id,sa1_0.employee_id,sa1_0.end_time,sa1_0.shift_name,sa1_0.start_time,sa1_0.work_date from shift_assignments sa1_0 where sa1_0.work_date=?
2025-10-26T12:22:32.795+09:00 DEBUG 19468 --- [Shift Scheduler Demo] [           main] org.hibernate.SQL                        : select sa1_0.id,sa1_0.employee_id,sa1_0.end_time,sa1_0.shift_name,sa1_0.start_time,sa1_0.work_date from shift_assignments sa1_0 where sa1_0.work_date=?
Hibernate: select sa1_0.id,sa1_0.employee_id,sa1_0.end_time,sa1_0.shift_name,sa1_0.start_time,sa1_0.work_date from shift_assignments sa1_0 where sa1_0.work_date=?
2025-10-26T12:22:32.797+09:00 DEBUG 19468 --- [Shift Scheduler Demo] [           main] org.hibernate.SQL                        : select sa1_0.id,sa1_0.employee_id,sa1_0.end_time,sa1_0.shift_name,sa1_0.start_time,sa1_0.work_date from shift_assignments sa1_0 where sa1_0.work_date=?
Hibernate: select sa1_0.id,sa1_0.employee_id,sa1_0.end_time,sa1_0.shift_name,sa1_0.start_time,sa1_0.work_date from shift_assignments sa1_0 where sa1_0.work_date=?
2025-10-26T12:22:32.799+09:00 DEBUG 19468 --- [Shift Scheduler Demo] [           main] org.hibernate.SQL                        : select sa1_0.id,sa1_0.employee_id,sa1_0.end_time,sa1_0.shift_name,sa1_0.start_time,sa1_0.work_date from shift_assignments sa1_0 where sa1_0.work_date=?
Hibernate: select sa1_0.id,sa1_0.employee_id,sa1_0.end_time,sa1_0.shift_name,sa1_0.start_time,sa1_0.work_date from shift_assignments sa1_0 where sa1_0.work_date=?
2025-10-26T12:22:32.801+09:00 DEBUG 19468 --- [Shift Scheduler Demo] [           main] org.hibernate.SQL                        : select sa1_0.id,sa1_0.employee_id,sa1_0.end_time,sa1_0.shift_name,sa1_0.start_time,sa1_0.work_date from shift_assignments sa1_0 where sa1_0.work_date=?
Hibernate: select sa1_0.id,sa1_0.employee_id,sa1_0.end_time,sa1_0.shift_name,sa1_0.start_time,sa1_0.work_date from shift_assignments sa1_0 where sa1_0.work_date=?
2025-10-26T12:22:32.804+09:00 DEBUG 19468 --- [Shift Scheduler Demo] [           main] org.hibernate.SQL                        : select sa1_0.id,sa1_0.employee_id,sa1_0.end_time,sa1_0.shift_name,sa1_0.start_time,sa1_0.work_date from shift_assignments sa1_0 where sa1_0.work_date=?
Hibernate: select sa1_0.id,sa1_0.employee_id,sa1_0.end_time,sa1_0.shift_name,sa1_0.start_time,sa1_0.work_date from shift_assignments sa1_0 where sa1_0.work_date=?
2025-10-26T12:22:32.809+09:00 DEBUG 19468 --- [Shift Scheduler Demo] [           main] org.hibernate.SQL                        : select sa1_0.id,sa1_0.employee_id,sa1_0.end_time,sa1_0.shift_name,sa1_0.start_time,sa1_0.work_date from shift_assignments sa1_0 where sa1_0.work_date=?
Hibernate: select sa1_0.id,sa1_0.employee_id,sa1_0.end_time,sa1_0.shift_name,sa1_0.start_time,sa1_0.work_date from shift_assignments sa1_0 where sa1_0.work_date=?
2025-10-26T12:22:32.812+09:00 DEBUG 19468 --- [Shift Scheduler Demo] [           main] org.hibernate.SQL                        : select sa1_0.id,sa1_0.employee_id,sa1_0.end_time,sa1_0.shift_name,sa1_0.start_time,sa1_0.work_date from shift_assignments sa1_0 where sa1_0.work_date=?
Hibernate: select sa1_0.id,sa1_0.employee_id,sa1_0.end_time,sa1_0.shift_name,sa1_0.start_time,sa1_0.work_date from shift_assignments sa1_0 where sa1_0.work_date=?
2025-10-26T12:22:32.814+09:00 DEBUG 19468 --- [Shift Scheduler Demo] [           main] org.hibernate.SQL                        : select sa1_0.id,sa1_0.employee_id,sa1_0.end_time,sa1_0.shift_name,sa1_0.start_time,sa1_0.work_date from shift_assignments sa1_0 where sa1_0.work_date=?
Hibernate: select sa1_0.id,sa1_0.employee_id,sa1_0.end_time,sa1_0.shift_name,sa1_0.start_time,sa1_0.work_date from shift_assignments sa1_0 where sa1_0.work_date=?
2025-10-26T12:22:32.816+09:00 DEBUG 19468 --- [Shift Scheduler Demo] [           main] org.hibernate.SQL                        : select sa1_0.id,sa1_0.employee_id,sa1_0.end_time,sa1_0.shift_name,sa1_0.start_time,sa1_0.work_date from shift_assignments sa1_0 where sa1_0.work_date=?
Hibernate: select sa1_0.id,sa1_0.employee_id,sa1_0.end_time,sa1_0.shift_name,sa1_0.start_time,sa1_0.work_date from shift_assignments sa1_0 where sa1_0.work_date=?
2025-10-26T12:22:32.818+09:00 DEBUG 19468 --- [Shift Scheduler Demo] [           main] org.hibernate.SQL                        : select sa1_0.id,sa1_0.employee_id,sa1_0.end_time,sa1_0.shift_name,sa1_0.start_time,sa1_0.work_date from shift_assignments sa1_0 where sa1_0.work_date=?
Hibernate: select sa1_0.id,sa1_0.employee_id,sa1_0.end_time,sa1_0.shift_name,sa1_0.start_time,sa1_0.work_date from shift_assignments sa1_0 where sa1_0.work_date=?
2025-10-26T12:22:32.823+09:00 DEBUG 19468 --- [Shift Scheduler Demo] [           main] org.hibernate.SQL                        : select sa1_0.id,sa1_0.employee_id,sa1_0.end_time,sa1_0.shift_name,sa1_0.start_time,sa1_0.work_date from shift_assignments sa1_0 where sa1_0.work_date=?
Hibernate: select sa1_0.id,sa1_0.employee_id,sa1_0.end_time,sa1_0.shift_name,sa1_0.start_time,sa1_0.work_date from shift_assignments sa1_0 where sa1_0.work_date=?
2025-10-26T12:22:32.827+09:00 DEBUG 19468 --- [Shift Scheduler Demo] [           main] org.hibernate.SQL                        : select sa1_0.id,sa1_0.employee_id,sa1_0.end_time,sa1_0.shift_name,sa1_0.start_time,sa1_0.work_date from shift_assignments sa1_0 where sa1_0.work_date=?
Hibernate: select sa1_0.id,sa1_0.employee_id,sa1_0.end_time,sa1_0.shift_name,sa1_0.start_time,sa1_0.work_date from shift_assignments sa1_0 where sa1_0.work_date=?
2025-10-26T12:22:32.829+09:00 DEBUG 19468 --- [Shift Scheduler Demo] [           main] org.hibernate.SQL                        : select sa1_0.id,sa1_0.employee_id,sa1_0.end_time,sa1_0.shift_name,sa1_0.start_time,sa1_0.work_date from shift_assignments sa1_0 where sa1_0.work_date=?
Hibernate: select sa1_0.id,sa1_0.employee_id,sa1_0.end_time,sa1_0.shift_name,sa1_0.start_time,sa1_0.work_date from shift_assignments sa1_0 where sa1_0.work_date=?
2025-10-26T12:22:32.831+09:00 DEBUG 19468 --- [Shift Scheduler Demo] [           main] org.hibernate.SQL                        : select sa1_0.id,sa1_0.employee_id,sa1_0.end_time,sa1_0.shift_name,sa1_0.start_time,sa1_0.work_date from shift_assignments sa1_0 where sa1_0.work_date=?
Hibernate: select sa1_0.id,sa1_0.employee_id,sa1_0.end_time,sa1_0.shift_name,sa1_0.start_time,sa1_0.work_date from shift_assignments sa1_0 where sa1_0.work_date=?
2025-10-26T12:22:32.833+09:00 DEBUG 19468 --- [Shift Scheduler Demo] [           main] org.hibernate.SQL                        : select sa1_0.id,sa1_0.employee_id,sa1_0.end_time,sa1_0.shift_name,sa1_0.start_time,sa1_0.work_date from shift_assignments sa1_0 where sa1_0.work_date=?
Hibernate: select sa1_0.id,sa1_0.employee_id,sa1_0.end_time,sa1_0.shift_name,sa1_0.start_time,sa1_0.work_date from shift_assignments sa1_0 where sa1_0.work_date=?
2025-10-26T12:22:32.835+09:00 DEBUG 19468 --- [Shift Scheduler Demo] [           main] org.hibernate.SQL                        : select sa1_0.id,sa1_0.employee_id,sa1_0.end_time,sa1_0.shift_name,sa1_0.start_time,sa1_0.work_date from shift_assignments sa1_0 where sa1_0.work_date=?
Hibernate: select sa1_0.id,sa1_0.employee_id,sa1_0.end_time,sa1_0.shift_name,sa1_0.start_time,sa1_0.work_date from shift_assignments sa1_0 where sa1_0.work_date=?
2025-10-26T12:22:32.838+09:00 DEBUG 19468 --- [Shift Scheduler Demo] [           main] org.hibernate.SQL                        : select sa1_0.id,sa1_0.employee_id,sa1_0.end_time,sa1_0.shift_name,sa1_0.start_time,sa1_0.work_date from shift_assignments sa1_0 where sa1_0.work_date=?
Hibernate: select sa1_0.id,sa1_0.employee_id,sa1_0.end_time,sa1_0.shift_name,sa1_0.start_time,sa1_0.work_date from shift_assignments sa1_0 where sa1_0.work_date=?
2025-10-26T12:22:32.841+09:00 DEBUG 19468 --- [Shift Scheduler Demo] [           main] org.hibernate.SQL                        : select sa1_0.id,sa1_0.employee_id,sa1_0.end_time,sa1_0.shift_name,sa1_0.start_time,sa1_0.work_date from shift_assignments sa1_0 where sa1_0.work_date=?
Hibernate: select sa1_0.id,sa1_0.employee_id,sa1_0.end_time,sa1_0.shift_name,sa1_0.start_time,sa1_0.work_date from shift_assignments sa1_0 where sa1_0.work_date=?
2025-10-26T12:22:32.845+09:00 DEBUG 19468 --- [Shift Scheduler Demo] [           main] org.hibernate.SQL                        : select sa1_0.id,sa1_0.employee_id,sa1_0.end_time,sa1_0.shift_name,sa1_0.start_time,sa1_0.work_date from shift_assignments sa1_0 where sa1_0.work_date=?
Hibernate: select sa1_0.id,sa1_0.employee_id,sa1_0.end_time,sa1_0.shift_name,sa1_0.start_time,sa1_0.work_date from shift_assignments sa1_0 where sa1_0.work_date=?
2025-10-26T12:22:32.848+09:00 DEBUG 19468 --- [Shift Scheduler Demo] [           main] org.hibernate.SQL                        : select sa1_0.id,sa1_0.employee_id,sa1_0.end_time,sa1_0.shift_name,sa1_0.start_time,sa1_0.work_date from shift_assignments sa1_0 where sa1_0.work_date=?
Hibernate: select sa1_0.id,sa1_0.employee_id,sa1_0.end_time,sa1_0.shift_name,sa1_0.start_time,sa1_0.work_date from shift_assignments sa1_0 where sa1_0.work_date=?
2025-10-26T12:22:32.857+09:00 DEBUG 19468 --- [Shift Scheduler Demo] [           main] org.hibernate.SQL                        : select sa1_0.id,sa1_0.employee_id,sa1_0.end_time,sa1_0.shift_name,sa1_0.start_time,sa1_0.work_date from shift_assignments sa1_0 where sa1_0.work_date=?
Hibernate: select sa1_0.id,sa1_0.employee_id,sa1_0.end_time,sa1_0.shift_name,sa1_0.start_time,sa1_0.work_date from shift_assignments sa1_0 where sa1_0.work_date=?
2025-10-26T12:22:32.862+09:00 DEBUG 19468 --- [Shift Scheduler Demo] [           main] org.hibernate.SQL                        : select sa1_0.id,sa1_0.employee_id,sa1_0.end_time,sa1_0.shift_name,sa1_0.start_time,sa1_0.work_date from shift_assignments sa1_0 where sa1_0.work_date=?
Hibernate: select sa1_0.id,sa1_0.employee_id,sa1_0.end_time,sa1_0.shift_name,sa1_0.start_time,sa1_0.work_date from shift_assignments sa1_0 where sa1_0.work_date=?
2025-10-26T12:22:32.866+09:00 DEBUG 19468 --- [Shift Scheduler Demo] [           main] org.hibernate.SQL                        : select sa1_0.id,sa1_0.employee_id,sa1_0.end_time,sa1_0.shift_name,sa1_0.start_time,sa1_0.work_date from shift_assignments sa1_0 where sa1_0.work_date=?
Hibernate: select sa1_0.id,sa1_0.employee_id,sa1_0.end_time,sa1_0.shift_name,sa1_0.start_time,sa1_0.work_date from shift_assignments sa1_0 where sa1_0.work_date=?
2025-10-26T12:22:32.867+09:00  INFO 19468 --- [Shift Scheduler Demo] [           main] c.e.shiftv1.schedule.ScheduleService     : �����̃V�t�g���蓖�Ă��폜���܂���: 2024-07-01 ���� 2024-07-31
2025-10-26T12:22:32.868+09:00 DEBUG 19468 --- [Shift Scheduler Demo] [           main] org.hibernate.SQL                        : select sc1_0.id,sc1_0.is_active,sc1_0.created_at,sc1_0.day_of_week,sc1_0.end_time,sc1_0.is_holiday,sc1_0.name,sc1_0.required_employees,sc1_0.required_skill_id,sc1_0.start_time,sc1_0.updated_at from shift_config sc1_0 where sc1_0.is_active=1
Hibernate: select sc1_0.id,sc1_0.is_active,sc1_0.created_at,sc1_0.day_of_week,sc1_0.end_time,sc1_0.is_holiday,sc1_0.name,sc1_0.required_employees,sc1_0.required_skill_id,sc1_0.start_time,sc1_0.updated_at from shift_config sc1_0 where sc1_0.is_active=1
2025-10-26T12:22:32.870+09:00 DEBUG 19468 --- [Shift Scheduler Demo] [           main] org.hibernate.SQL                        : select d1_0.shift_config_id,d1_0.day_of_week from shift_config_days d1_0 where d1_0.shift_config_id=?
Hibernate: select d1_0.shift_config_id,d1_0.day_of_week from shift_config_days d1_0 where d1_0.shift_config_id=?
2025-10-26T12:22:32.872+09:00 DEBUG 19468 --- [Shift Scheduler Demo] [           main] org.hibernate.SQL                        : select ec1_0.id,ec1_0.is_active,ec1_0.created_at,ec1_0.date,ec1_0.employee_id,ec1_0.end_time,ec1_0.reason,ec1_0.start_time,ec1_0.type,ec1_0.updated_at from employee_constraints ec1_0 where ec1_0.date between ? and ? and ec1_0.is_active=1
Hibernate: select ec1_0.id,ec1_0.is_active,ec1_0.created_at,ec1_0.date,ec1_0.employee_id,ec1_0.end_time,ec1_0.reason,ec1_0.start_time,ec1_0.type,ec1_0.updated_at from employee_constraints ec1_0 where ec1_0.date between ? and ? and ec1_0.is_active=1
2025-10-26T12:22:32.872+09:00 DEBUG 19468 --- [Shift Scheduler Demo] [           main] org.hibernate.SQL                        : select h1_0.date from holidays h1_0 where h1_0.date between ? and ?
Hibernate: select h1_0.date from holidays h1_0 where h1_0.date between ? and ?
2025-10-26T12:22:32.878+09:00 DEBUG 19468 --- [Shift Scheduler Demo] [           main] org.hibernate.SQL                        : select di1_0.id,di1_0.is_active,di1_0.created_at,di1_0.date,di1_0.day_of_week,di1_0.end_time,di1_0.required_seats,di1_0.skill_id,di1_0.sort_order,di1_0.start_time,di1_0.updated_at from demand_intervals di1_0 where (di1_0.date=? or (di1_0.date is null and di1_0.day_of_week=?)) and (di1_0.is_active=1 or di1_0.is_active is null) and di1_0.skill_id is not null
Hibernate: select di1_0.id,di1_0.is_active,di1_0.created_at,di1_0.date,di1_0.day_of_week,di1_0.end_time,di1_0.required_seats,di1_0.skill_id,di1_0.sort_order,di1_0.start_time,di1_0.updated_at from demand_intervals di1_0 where (di1_0.date=? or (di1_0.date is null and di1_0.day_of_week=?)) and (di1_0.is_active=1 or di1_0.is_active is null) and di1_0.skill_id is not null
2025-10-26T12:22:32.879+09:00 DEBUG 19468 --- [Shift Scheduler Demo] [           main] org.hibernate.SQL                        : select di1_0.id,di1_0.is_active,di1_0.created_at,di1_0.date,di1_0.day_of_week,di1_0.end_time,di1_0.required_seats,di1_0.skill_id,di1_0.sort_order,di1_0.start_time,di1_0.updated_at from demand_intervals di1_0 where (di1_0.date=? or (di1_0.date is null and di1_0.day_of_week=?)) and (di1_0.is_active=1 or di1_0.is_active is null) and di1_0.skill_id is not null
Hibernate: select di1_0.id,di1_0.is_active,di1_0.created_at,di1_0.date,di1_0.day_of_week,di1_0.end_time,di1_0.required_seats,di1_0.skill_id,di1_0.sort_order,di1_0.start_time,di1_0.updated_at from demand_intervals di1_0 where (di1_0.date=? or (di1_0.date is null and di1_0.day_of_week=?)) and (di1_0.is_active=1 or di1_0.is_active is null) and di1_0.skill_id is not null
2025-10-26T12:22:32.880+09:00 DEBUG 19468 --- [Shift Scheduler Demo] [           main] org.hibernate.SQL                        : select di1_0.id,di1_0.is_active,di1_0.created_at,di1_0.date,di1_0.day_of_week,di1_0.end_time,di1_0.required_seats,di1_0.skill_id,di1_0.sort_order,di1_0.start_time,di1_0.updated_at from demand_intervals di1_0 where (di1_0.date=? or (di1_0.date is null and di1_0.day_of_week=?)) and (di1_0.is_active=1 or di1_0.is_active is null) and di1_0.skill_id is not null
Hibernate: select di1_0.id,di1_0.is_active,di1_0.created_at,di1_0.date,di1_0.day_of_week,di1_0.end_time,di1_0.required_seats,di1_0.skill_id,di1_0.sort_order,di1_0.start_time,di1_0.updated_at from demand_intervals di1_0 where (di1_0.date=? or (di1_0.date is null and di1_0.day_of_week=?)) and (di1_0.is_active=1 or di1_0.is_active is null) and di1_0.skill_id is not null
2025-10-26T12:22:32.882+09:00 DEBUG 19468 --- [Shift Scheduler Demo] [           main] org.hibernate.SQL                        : select di1_0.id,di1_0.is_active,di1_0.created_at,di1_0.date,di1_0.day_of_week,di1_0.end_time,di1_0.required_seats,di1_0.skill_id,di1_0.sort_order,di1_0.start_time,di1_0.updated_at from demand_intervals di1_0 where (di1_0.date=? or (di1_0.date is null and di1_0.day_of_week=?)) and (di1_0.is_active=1 or di1_0.is_active is null) and di1_0.skill_id is not null
Hibernate: select di1_0.id,di1_0.is_active,di1_0.created_at,di1_0.date,di1_0.day_of_week,di1_0.end_time,di1_0.required_seats,di1_0.skill_id,di1_0.sort_order,di1_0.start_time,di1_0.updated_at from demand_intervals di1_0 where (di1_0.date=? or (di1_0.date is null and di1_0.day_of_week=?)) and (di1_0.is_active=1 or di1_0.is_active is null) and di1_0.skill_id is not null
2025-10-26T12:22:32.882+09:00 DEBUG 19468 --- [Shift Scheduler Demo] [           main] org.hibernate.SQL                        : select di1_0.id,di1_0.is_active,di1_0.created_at,di1_0.date,di1_0.day_of_week,di1_0.end_time,di1_0.required_seats,di1_0.skill_id,di1_0.sort_order,di1_0.start_time,di1_0.updated_at from demand_intervals di1_0 where (di1_0.date=? or (di1_0.date is null and di1_0.day_of_week=?)) and (di1_0.is_active=1 or di1_0.is_active is null) and di1_0.skill_id is not null
Hibernate: select di1_0.id,di1_0.is_active,di1_0.created_at,di1_0.date,di1_0.day_of_week,di1_0.end_time,di1_0.required_seats,di1_0.skill_id,di1_0.sort_order,di1_0.start_time,di1_0.updated_at from demand_intervals di1_0 where (di1_0.date=? or (di1_0.date is null and di1_0.day_of_week=?)) and (di1_0.is_active=1 or di1_0.is_active is null) and di1_0.skill_id is not null
2025-10-26T12:22:32.884+09:00 DEBUG 19468 --- [Shift Scheduler Demo] [           main] org.hibernate.SQL                        : select di1_0.id,di1_0.is_active,di1_0.created_at,di1_0.date,di1_0.day_of_week,di1_0.end_time,di1_0.required_seats,di1_0.skill_id,di1_0.sort_order,di1_0.start_time,di1_0.updated_at from demand_intervals di1_0 where (di1_0.date=? or (di1_0.date is null and di1_0.day_of_week=?)) and (di1_0.is_active=1 or di1_0.is_active is null) and di1_0.skill_id is not null
Hibernate: select di1_0.id,di1_0.is_active,di1_0.created_at,di1_0.date,di1_0.day_of_week,di1_0.end_time,di1_0.required_seats,di1_0.skill_id,di1_0.sort_order,di1_0.start_time,di1_0.updated_at from demand_intervals di1_0 where (di1_0.date=? or (di1_0.date is null and di1_0.day_of_week=?)) and (di1_0.is_active=1 or di1_0.is_active is null) and di1_0.skill_id is not null
2025-10-26T12:22:32.884+09:00 DEBUG 19468 --- [Shift Scheduler Demo] [           main] org.hibernate.SQL                        : select di1_0.id,di1_0.is_active,di1_0.created_at,di1_0.date,di1_0.day_of_week,di1_0.end_time,di1_0.required_seats,di1_0.skill_id,di1_0.sort_order,di1_0.start_time,di1_0.updated_at from demand_intervals di1_0 where (di1_0.date=? or (di1_0.date is null and di1_0.day_of_week=?)) and (di1_0.is_active=1 or di1_0.is_active is null) and di1_0.skill_id is not null
Hibernate: select di1_0.id,di1_0.is_active,di1_0.created_at,di1_0.date,di1_0.day_of_week,di1_0.end_time,di1_0.required_seats,di1_0.skill_id,di1_0.sort_order,di1_0.start_time,di1_0.updated_at from demand_intervals di1_0 where (di1_0.date=? or (di1_0.date is null and di1_0.day_of_week=?)) and (di1_0.is_active=1 or di1_0.is_active is null) and di1_0.skill_id is not null
2025-10-26T12:22:32.884+09:00 DEBUG 19468 --- [Shift Scheduler Demo] [           main] org.hibernate.SQL                        : select di1_0.id,di1_0.is_active,di1_0.created_at,di1_0.date,di1_0.day_of_week,di1_0.end_time,di1_0.required_seats,di1_0.skill_id,di1_0.sort_order,di1_0.start_time,di1_0.updated_at from demand_intervals di1_0 where (di1_0.date=? or (di1_0.date is null and di1_0.day_of_week=?)) and (di1_0.is_active=1 or di1_0.is_active is null) and di1_0.skill_id is not null
Hibernate: select di1_0.id,di1_0.is_active,di1_0.created_at,di1_0.date,di1_0.day_of_week,di1_0.end_time,di1_0.required_seats,di1_0.skill_id,di1_0.sort_order,di1_0.start_time,di1_0.updated_at from demand_intervals di1_0 where (di1_0.date=? or (di1_0.date is null and di1_0.day_of_week=?)) and (di1_0.is_active=1 or di1_0.is_active is null) and di1_0.skill_id is not null
2025-10-26T12:22:32.892+09:00 DEBUG 19468 --- [Shift Scheduler Demo] [           main] org.hibernate.SQL                        : select di1_0.id,di1_0.is_active,di1_0.created_at,di1_0.date,di1_0.day_of_week,di1_0.end_time,di1_0.required_seats,di1_0.skill_id,di1_0.sort_order,di1_0.start_time,di1_0.updated_at from demand_intervals di1_0 where (di1_0.date=? or (di1_0.date is null and di1_0.day_of_week=?)) and (di1_0.is_active=1 or di1_0.is_active is null) and di1_0.skill_id is not null
Hibernate: select di1_0.id,di1_0.is_active,di1_0.created_at,di1_0.date,di1_0.day_of_week,di1_0.end_time,di1_0.required_seats,di1_0.skill_id,di1_0.sort_order,di1_0.start_time,di1_0.updated_at from demand_intervals di1_0 where (di1_0.date=? or (di1_0.date is null and di1_0.day_of_week=?)) and (di1_0.is_active=1 or di1_0.is_active is null) and di1_0.skill_id is not null
2025-10-26T12:22:32.894+09:00 DEBUG 19468 --- [Shift Scheduler Demo] [           main] org.hibernate.SQL                        : select di1_0.id,di1_0.is_active,di1_0.created_at,di1_0.date,di1_0.day_of_week,di1_0.end_time,di1_0.required_seats,di1_0.skill_id,di1_0.sort_order,di1_0.start_time,di1_0.updated_at from demand_intervals di1_0 where (di1_0.date=? or (di1_0.date is null and di1_0.day_of_week=?)) and (di1_0.is_active=1 or di1_0.is_active is null) and di1_0.skill_id is not null
Hibernate: select di1_0.id,di1_0.is_active,di1_0.created_at,di1_0.date,di1_0.day_of_week,di1_0.end_time,di1_0.required_seats,di1_0.skill_id,di1_0.sort_order,di1_0.start_time,di1_0.updated_at from demand_intervals di1_0 where (di1_0.date=? or (di1_0.date is null and di1_0.day_of_week=?)) and (di1_0.is_active=1 or di1_0.is_active is null) and di1_0.skill_id is not null
2025-10-26T12:22:32.896+09:00 DEBUG 19468 --- [Shift Scheduler Demo] [           main] org.hibernate.SQL                        : select di1_0.id,di1_0.is_active,di1_0.created_at,di1_0.date,di1_0.day_of_week,di1_0.end_time,di1_0.required_seats,di1_0.skill_id,di1_0.sort_order,di1_0.start_time,di1_0.updated_at from demand_intervals di1_0 where (di1_0.date=? or (di1_0.date is null and di1_0.day_of_week=?)) and (di1_0.is_active=1 or di1_0.is_active is null) and di1_0.skill_id is not null
Hibernate: select di1_0.id,di1_0.is_active,di1_0.created_at,di1_0.date,di1_0.day_of_week,di1_0.end_time,di1_0.required_seats,di1_0.skill_id,di1_0.sort_order,di1_0.start_time,di1_0.updated_at from demand_intervals di1_0 where (di1_0.date=? or (di1_0.date is null and di1_0.day_of_week=?)) and (di1_0.is_active=1 or di1_0.is_active is null) and di1_0.skill_id is not null
2025-10-26T12:22:32.899+09:00 DEBUG 19468 --- [Shift Scheduler Demo] [           main] org.hibernate.SQL                        : select di1_0.id,di1_0.is_active,di1_0.created_at,di1_0.date,di1_0.day_of_week,di1_0.end_time,di1_0.required_seats,di1_0.skill_id,di1_0.sort_order,di1_0.start_time,di1_0.updated_at from demand_intervals di1_0 where (di1_0.date=? or (di1_0.date is null and di1_0.day_of_week=?)) and (di1_0.is_active=1 or di1_0.is_active is null) and di1_0.skill_id is not null
Hibernate: select di1_0.id,di1_0.is_active,di1_0.created_at,di1_0.date,di1_0.day_of_week,di1_0.end_time,di1_0.required_seats,di1_0.skill_id,di1_0.sort_order,di1_0.start_time,di1_0.updated_at from demand_intervals di1_0 where (di1_0.date=? or (di1_0.date is null and di1_0.day_of_week=?)) and (di1_0.is_active=1 or di1_0.is_active is null) and di1_0.skill_id is not null
2025-10-26T12:22:32.901+09:00 DEBUG 19468 --- [Shift Scheduler Demo] [           main] org.hibernate.SQL                        : select di1_0.id,di1_0.is_active,di1_0.created_at,di1_0.date,di1_0.day_of_week,di1_0.end_time,di1_0.required_seats,di1_0.skill_id,di1_0.sort_order,di1_0.start_time,di1_0.updated_at from demand_intervals di1_0 where (di1_0.date=? or (di1_0.date is null and di1_0.day_of_week=?)) and (di1_0.is_active=1 or di1_0.is_active is null) and di1_0.skill_id is not null
Hibernate: select di1_0.id,di1_0.is_active,di1_0.created_at,di1_0.date,di1_0.day_of_week,di1_0.end_time,di1_0.required_seats,di1_0.skill_id,di1_0.sort_order,di1_0.start_time,di1_0.updated_at from demand_intervals di1_0 where (di1_0.date=? or (di1_0.date is null and di1_0.day_of_week=?)) and (di1_0.is_active=1 or di1_0.is_active is null) and di1_0.skill_id is not null
2025-10-26T12:22:32.902+09:00 DEBUG 19468 --- [Shift Scheduler Demo] [           main] org.hibernate.SQL                        : select di1_0.id,di1_0.is_active,di1_0.created_at,di1_0.date,di1_0.day_of_week,di1_0.end_time,di1_0.required_seats,di1_0.skill_id,di1_0.sort_order,di1_0.start_time,di1_0.updated_at from demand_intervals di1_0 where (di1_0.date=? or (di1_0.date is null and di1_0.day_of_week=?)) and (di1_0.is_active=1 or di1_0.is_active is null) and di1_0.skill_id is not null
Hibernate: select di1_0.id,di1_0.is_active,di1_0.created_at,di1_0.date,di1_0.day_of_week,di1_0.end_time,di1_0.required_seats,di1_0.skill_id,di1_0.sort_order,di1_0.start_time,di1_0.updated_at from demand_intervals di1_0 where (di1_0.date=? or (di1_0.date is null and di1_0.day_of_week=?)) and (di1_0.is_active=1 or di1_0.is_active is null) and di1_0.skill_id is not null
2025-10-26T12:22:32.903+09:00 DEBUG 19468 --- [Shift Scheduler Demo] [           main] org.hibernate.SQL                        : select di1_0.id,di1_0.is_active,di1_0.created_at,di1_0.date,di1_0.day_of_week,di1_0.end_time,di1_0.required_seats,di1_0.skill_id,di1_0.sort_order,di1_0.start_time,di1_0.updated_at from demand_intervals di1_0 where (di1_0.date=? or (di1_0.date is null and di1_0.day_of_week=?)) and (di1_0.is_active=1 or di1_0.is_active is null) and di1_0.skill_id is not null
Hibernate: select di1_0.id,di1_0.is_active,di1_0.created_at,di1_0.date,di1_0.day_of_week,di1_0.end_time,di1_0.required_seats,di1_0.skill_id,di1_0.sort_order,di1_0.start_time,di1_0.updated_at from demand_intervals di1_0 where (di1_0.date=? or (di1_0.date is null and di1_0.day_of_week=?)) and (di1_0.is_active=1 or di1_0.is_active is null) and di1_0.skill_id is not null
2025-10-26T12:22:32.904+09:00 DEBUG 19468 --- [Shift Scheduler Demo] [           main] org.hibernate.SQL                        : select di1_0.id,di1_0.is_active,di1_0.created_at,di1_0.date,di1_0.day_of_week,di1_0.end_time,di1_0.required_seats,di1_0.skill_id,di1_0.sort_order,di1_0.start_time,di1_0.updated_at from demand_intervals di1_0 where (di1_0.date=? or (di1_0.date is null and di1_0.day_of_week=?)) and (di1_0.is_active=1 or di1_0.is_active is null) and di1_0.skill_id is not null
Hibernate: select di1_0.id,di1_0.is_active,di1_0.created_at,di1_0.date,di1_0.day_of_week,di1_0.end_time,di1_0.required_seats,di1_0.skill_id,di1_0.sort_order,di1_0.start_time,di1_0.updated_at from demand_intervals di1_0 where (di1_0.date=? or (di1_0.date is null and di1_0.day_of_week=?)) and (di1_0.is_active=1 or di1_0.is_active is null) and di1_0.skill_id is not null
2025-10-26T12:22:32.904+09:00 DEBUG 19468 --- [Shift Scheduler Demo] [           main] org.hibernate.SQL                        : select di1_0.id,di1_0.is_active,di1_0.created_at,di1_0.date,di1_0.day_of_week,di1_0.end_time,di1_0.required_seats,di1_0.skill_id,di1_0.sort_order,di1_0.start_time,di1_0.updated_at from demand_intervals di1_0 where (di1_0.date=? or (di1_0.date is null and di1_0.day_of_week=?)) and (di1_0.is_active=1 or di1_0.is_active is null) and di1_0.skill_id is not null
Hibernate: select di1_0.id,di1_0.is_active,di1_0.created_at,di1_0.date,di1_0.day_of_week,di1_0.end_time,di1_0.required_seats,di1_0.skill_id,di1_0.sort_order,di1_0.start_time,di1_0.updated_at from demand_intervals di1_0 where (di1_0.date=? or (di1_0.date is null and di1_0.day_of_week=?)) and (di1_0.is_active=1 or di1_0.is_active is null) and di1_0.skill_id is not null
2025-10-26T12:22:32.907+09:00 DEBUG 19468 --- [Shift Scheduler Demo] [           main] org.hibernate.SQL                        : select di1_0.id,di1_0.is_active,di1_0.created_at,di1_0.date,di1_0.day_of_week,di1_0.end_time,di1_0.required_seats,di1_0.skill_id,di1_0.sort_order,di1_0.start_time,di1_0.updated_at from demand_intervals di1_0 where (di1_0.date=? or (di1_0.date is null and di1_0.day_of_week=?)) and (di1_0.is_active=1 or di1_0.is_active is null) and di1_0.skill_id is not null
Hibernate: select di1_0.id,di1_0.is_active,di1_0.created_at,di1_0.date,di1_0.day_of_week,di1_0.end_time,di1_0.required_seats,di1_0.skill_id,di1_0.sort_order,di1_0.start_time,di1_0.updated_at from demand_intervals di1_0 where (di1_0.date=? or (di1_0.date is null and di1_0.day_of_week=?)) and (di1_0.is_active=1 or di1_0.is_active is null) and di1_0.skill_id is not null
2025-10-26T12:22:32.910+09:00 DEBUG 19468 --- [Shift Scheduler Demo] [           main] org.hibernate.SQL                        : select di1_0.id,di1_0.is_active,di1_0.created_at,di1_0.date,di1_0.day_of_week,di1_0.end_time,di1_0.required_seats,di1_0.skill_id,di1_0.sort_order,di1_0.start_time,di1_0.updated_at from demand_intervals di1_0 where (di1_0.date=? or (di1_0.date is null and di1_0.day_of_week=?)) and (di1_0.is_active=1 or di1_0.is_active is null) and di1_0.skill_id is not null
Hibernate: select di1_0.id,di1_0.is_active,di1_0.created_at,di1_0.date,di1_0.day_of_week,di1_0.end_time,di1_0.required_seats,di1_0.skill_id,di1_0.sort_order,di1_0.start_time,di1_0.updated_at from demand_intervals di1_0 where (di1_0.date=? or (di1_0.date is null and di1_0.day_of_week=?)) and (di1_0.is_active=1 or di1_0.is_active is null) and di1_0.skill_id is not null
2025-10-26T12:22:32.911+09:00 DEBUG 19468 --- [Shift Scheduler Demo] [           main] org.hibernate.SQL                        : select di1_0.id,di1_0.is_active,di1_0.created_at,di1_0.date,di1_0.day_of_week,di1_0.end_time,di1_0.required_seats,di1_0.skill_id,di1_0.sort_order,di1_0.start_time,di1_0.updated_at from demand_intervals di1_0 where (di1_0.date=? or (di1_0.date is null and di1_0.day_of_week=?)) and (di1_0.is_active=1 or di1_0.is_active is null) and di1_0.skill_id is not null
Hibernate: select di1_0.id,di1_0.is_active,di1_0.created_at,di1_0.date,di1_0.day_of_week,di1_0.end_time,di1_0.required_seats,di1_0.skill_id,di1_0.sort_order,di1_0.start_time,di1_0.updated_at from demand_intervals di1_0 where (di1_0.date=? or (di1_0.date is null and di1_0.day_of_week=?)) and (di1_0.is_active=1 or di1_0.is_active is null) and di1_0.skill_id is not null
2025-10-26T12:22:32.912+09:00 DEBUG 19468 --- [Shift Scheduler Demo] [           main] org.hibernate.SQL                        : select di1_0.id,di1_0.is_active,di1_0.created_at,di1_0.date,di1_0.day_of_week,di1_0.end_time,di1_0.required_seats,di1_0.skill_id,di1_0.sort_order,di1_0.start_time,di1_0.updated_at from demand_intervals di1_0 where (di1_0.date=? or (di1_0.date is null and di1_0.day_of_week=?)) and (di1_0.is_active=1 or di1_0.is_active is null) and di1_0.skill_id is not null
Hibernate: select di1_0.id,di1_0.is_active,di1_0.created_at,di1_0.date,di1_0.day_of_week,di1_0.end_time,di1_0.required_seats,di1_0.skill_id,di1_0.sort_order,di1_0.start_time,di1_0.updated_at from demand_intervals di1_0 where (di1_0.date=? or (di1_0.date is null and di1_0.day_of_week=?)) and (di1_0.is_active=1 or di1_0.is_active is null) and di1_0.skill_id is not null
2025-10-26T12:22:32.913+09:00 DEBUG 19468 --- [Shift Scheduler Demo] [           main] org.hibernate.SQL                        : select di1_0.id,di1_0.is_active,di1_0.created_at,di1_0.date,di1_0.day_of_week,di1_0.end_time,di1_0.required_seats,di1_0.skill_id,di1_0.sort_order,di1_0.start_time,di1_0.updated_at from demand_intervals di1_0 where (di1_0.date=? or (di1_0.date is null and di1_0.day_of_week=?)) and (di1_0.is_active=1 or di1_0.is_active is null) and di1_0.skill_id is not null
Hibernate: select di1_0.id,di1_0.is_active,di1_0.created_at,di1_0.date,di1_0.day_of_week,di1_0.end_time,di1_0.required_seats,di1_0.skill_id,di1_0.sort_order,di1_0.start_time,di1_0.updated_at from demand_intervals di1_0 where (di1_0.date=? or (di1_0.date is null and di1_0.day_of_week=?)) and (di1_0.is_active=1 or di1_0.is_active is null) and di1_0.skill_id is not null
2025-10-26T12:22:32.914+09:00 DEBUG 19468 --- [Shift Scheduler Demo] [           main] org.hibernate.SQL                        : select di1_0.id,di1_0.is_active,di1_0.created_at,di1_0.date,di1_0.day_of_week,di1_0.end_time,di1_0.required_seats,di1_0.skill_id,di1_0.sort_order,di1_0.start_time,di1_0.updated_at from demand_intervals di1_0 where (di1_0.date=? or (di1_0.date is null and di1_0.day_of_week=?)) and (di1_0.is_active=1 or di1_0.is_active is null) and di1_0.skill_id is not null
Hibernate: select di1_0.id,di1_0.is_active,di1_0.created_at,di1_0.date,di1_0.day_of_week,di1_0.end_time,di1_0.required_seats,di1_0.skill_id,di1_0.sort_order,di1_0.start_time,di1_0.updated_at from demand_intervals di1_0 where (di1_0.date=? or (di1_0.date is null and di1_0.day_of_week=?)) and (di1_0.is_active=1 or di1_0.is_active is null) and di1_0.skill_id is not null
2025-10-26T12:22:32.915+09:00 DEBUG 19468 --- [Shift Scheduler Demo] [           main] org.hibernate.SQL                        : select di1_0.id,di1_0.is_active,di1_0.created_at,di1_0.date,di1_0.day_of_week,di1_0.end_time,di1_0.required_seats,di1_0.skill_id,di1_0.sort_order,di1_0.start_time,di1_0.updated_at from demand_intervals di1_0 where (di1_0.date=? or (di1_0.date is null and di1_0.day_of_week=?)) and (di1_0.is_active=1 or di1_0.is_active is null) and di1_0.skill_id is not null
Hibernate: select di1_0.id,di1_0.is_active,di1_0.created_at,di1_0.date,di1_0.day_of_week,di1_0.end_time,di1_0.required_seats,di1_0.skill_id,di1_0.sort_order,di1_0.start_time,di1_0.updated_at from demand_intervals di1_0 where (di1_0.date=? or (di1_0.date is null and di1_0.day_of_week=?)) and (di1_0.is_active=1 or di1_0.is_active is null) and di1_0.skill_id is not null
2025-10-26T12:22:32.916+09:00 DEBUG 19468 --- [Shift Scheduler Demo] [           main] org.hibernate.SQL                        : select di1_0.id,di1_0.is_active,di1_0.created_at,di1_0.date,di1_0.day_of_week,di1_0.end_time,di1_0.required_seats,di1_0.skill_id,di1_0.sort_order,di1_0.start_time,di1_0.updated_at from demand_intervals di1_0 where (di1_0.date=? or (di1_0.date is null and di1_0.day_of_week=?)) and (di1_0.is_active=1 or di1_0.is_active is null) and di1_0.skill_id is not null
Hibernate: select di1_0.id,di1_0.is_active,di1_0.created_at,di1_0.date,di1_0.day_of_week,di1_0.end_time,di1_0.required_seats,di1_0.skill_id,di1_0.sort_order,di1_0.start_time,di1_0.updated_at from demand_intervals di1_0 where (di1_0.date=? or (di1_0.date is null and di1_0.day_of_week=?)) and (di1_0.is_active=1 or di1_0.is_active is null) and di1_0.skill_id is not null
2025-10-26T12:22:32.917+09:00 DEBUG 19468 --- [Shift Scheduler Demo] [           main] org.hibernate.SQL                        : select di1_0.id,di1_0.is_active,di1_0.created_at,di1_0.date,di1_0.day_of_week,di1_0.end_time,di1_0.required_seats,di1_0.skill_id,di1_0.sort_order,di1_0.start_time,di1_0.updated_at from demand_intervals di1_0 where (di1_0.date=? or (di1_0.date is null and di1_0.day_of_week=?)) and (di1_0.is_active=1 or di1_0.is_active is null) and di1_0.skill_id is not null
Hibernate: select di1_0.id,di1_0.is_active,di1_0.created_at,di1_0.date,di1_0.day_of_week,di1_0.end_time,di1_0.required_seats,di1_0.skill_id,di1_0.sort_order,di1_0.start_time,di1_0.updated_at from demand_intervals di1_0 where (di1_0.date=? or (di1_0.date is null and di1_0.day_of_week=?)) and (di1_0.is_active=1 or di1_0.is_active is null) and di1_0.skill_id is not null
2025-10-26T12:22:32.918+09:00 DEBUG 19468 --- [Shift Scheduler Demo] [           main] org.hibernate.SQL                        : select di1_0.id,di1_0.is_active,di1_0.created_at,di1_0.date,di1_0.day_of_week,di1_0.end_time,di1_0.required_seats,di1_0.skill_id,di1_0.sort_order,di1_0.start_time,di1_0.updated_at from demand_intervals di1_0 where (di1_0.date=? or (di1_0.date is null and di1_0.day_of_week=?)) and (di1_0.is_active=1 or di1_0.is_active is null) and di1_0.skill_id is not null
Hibernate: select di1_0.id,di1_0.is_active,di1_0.created_at,di1_0.date,di1_0.day_of_week,di1_0.end_time,di1_0.required_seats,di1_0.skill_id,di1_0.sort_order,di1_0.start_time,di1_0.updated_at from demand_intervals di1_0 where (di1_0.date=? or (di1_0.date is null and di1_0.day_of_week=?)) and (di1_0.is_active=1 or di1_0.is_active is null) and di1_0.skill_id is not null
2025-10-26T12:22:32.919+09:00 DEBUG 19468 --- [Shift Scheduler Demo] [           main] org.hibernate.SQL                        : select di1_0.id,di1_0.is_active,di1_0.created_at,di1_0.date,di1_0.day_of_week,di1_0.end_time,di1_0.required_seats,di1_0.skill_id,di1_0.sort_order,di1_0.start_time,di1_0.updated_at from demand_intervals di1_0 where (di1_0.date=? or (di1_0.date is null and di1_0.day_of_week=?)) and (di1_0.is_active=1 or di1_0.is_active is null) and di1_0.skill_id is not null
Hibernate: select di1_0.id,di1_0.is_active,di1_0.created_at,di1_0.date,di1_0.day_of_week,di1_0.end_time,di1_0.required_seats,di1_0.skill_id,di1_0.sort_order,di1_0.start_time,di1_0.updated_at from demand_intervals di1_0 where (di1_0.date=? or (di1_0.date is null and di1_0.day_of_week=?)) and (di1_0.is_active=1 or di1_0.is_active is null) and di1_0.skill_id is not null
2025-10-26T12:22:32.921+09:00 DEBUG 19468 --- [Shift Scheduler Demo] [           main] org.hibernate.SQL                        : select di1_0.id,di1_0.is_active,di1_0.created_at,di1_0.date,di1_0.day_of_week,di1_0.end_time,di1_0.required_seats,di1_0.skill_id,di1_0.sort_order,di1_0.start_time,di1_0.updated_at from demand_intervals di1_0 where (di1_0.date=? or (di1_0.date is null and di1_0.day_of_week=?)) and (di1_0.is_active=1 or di1_0.is_active is null) and di1_0.skill_id is not null
Hibernate: select di1_0.id,di1_0.is_active,di1_0.created_at,di1_0.date,di1_0.day_of_week,di1_0.end_time,di1_0.required_seats,di1_0.skill_id,di1_0.sort_order,di1_0.start_time,di1_0.updated_at from demand_intervals di1_0 where (di1_0.date=? or (di1_0.date is null and di1_0.day_of_week=?)) and (di1_0.is_active=1 or di1_0.is_active is null) and di1_0.skill_id is not null
2025-10-26T12:22:32.922+09:00 DEBUG 19468 --- [Shift Scheduler Demo] [           main] org.hibernate.SQL                        : select di1_0.id,di1_0.is_active,di1_0.created_at,di1_0.date,di1_0.day_of_week,di1_0.end_time,di1_0.required_seats,di1_0.skill_id,di1_0.sort_order,di1_0.start_time,di1_0.updated_at from demand_intervals di1_0 where (di1_0.date=? or (di1_0.date is null and di1_0.day_of_week=?)) and (di1_0.is_active=1 or di1_0.is_active is null) and di1_0.skill_id is not null
Hibernate: select di1_0.id,di1_0.is_active,di1_0.created_at,di1_0.date,di1_0.day_of_week,di1_0.end_time,di1_0.required_seats,di1_0.skill_id,di1_0.sort_order,di1_0.start_time,di1_0.updated_at from demand_intervals di1_0 where (di1_0.date=? or (di1_0.date is null and di1_0.day_of_week=?)) and (di1_0.is_active=1 or di1_0.is_active is null) and di1_0.skill_id is not null
2025-10-26T12:22:32.924+09:00 DEBUG 19468 --- [Shift Scheduler Demo] [           main] org.hibernate.SQL                        : select di1_0.id,di1_0.is_active,di1_0.created_at,di1_0.date,di1_0.day_of_week,di1_0.end_time,di1_0.required_seats,di1_0.skill_id,di1_0.sort_order,di1_0.start_time,di1_0.updated_at from demand_intervals di1_0 where (di1_0.date=? or (di1_0.date is null and di1_0.day_of_week=?)) and (di1_0.is_active=1 or di1_0.is_active is null) and di1_0.skill_id is not null
Hibernate: select di1_0.id,di1_0.is_active,di1_0.created_at,di1_0.date,di1_0.day_of_week,di1_0.end_time,di1_0.required_seats,di1_0.skill_id,di1_0.sort_order,di1_0.start_time,di1_0.updated_at from demand_intervals di1_0 where (di1_0.date=? or (di1_0.date is null and di1_0.day_of_week=?)) and (di1_0.is_active=1 or di1_0.is_active is null) and di1_0.skill_id is not null
2025-10-26T12:22:32.925+09:00 DEBUG 19468 --- [Shift Scheduler Demo] [           main] org.hibernate.SQL                        : select di1_0.id,di1_0.is_active,di1_0.created_at,di1_0.date,di1_0.day_of_week,di1_0.end_time,di1_0.required_seats,di1_0.skill_id,di1_0.sort_order,di1_0.start_time,di1_0.updated_at from demand_intervals di1_0 where (di1_0.date=? or (di1_0.date is null and di1_0.day_of_week=?)) and (di1_0.is_active=1 or di1_0.is_active is null) and di1_0.skill_id is not null
Hibernate: select di1_0.id,di1_0.is_active,di1_0.created_at,di1_0.date,di1_0.day_of_week,di1_0.end_time,di1_0.required_seats,di1_0.skill_id,di1_0.sort_order,di1_0.start_time,di1_0.updated_at from demand_intervals di1_0 where (di1_0.date=? or (di1_0.date is null and di1_0.day_of_week=?)) and (di1_0.is_active=1 or di1_0.is_active is null) and di1_0.skill_id is not null
2025-10-26T12:22:32.930+09:00 DEBUG 19468 --- [Shift Scheduler Demo] [           main] org.hibernate.SQL                        : select di1_0.id,di1_0.is_active,di1_0.created_at,di1_0.date,di1_0.day_of_week,di1_0.end_time,di1_0.required_seats,di1_0.skill_id,di1_0.sort_order,di1_0.start_time,di1_0.updated_at from demand_intervals di1_0 where (di1_0.date=? or (di1_0.date is null and di1_0.day_of_week=?)) and (di1_0.is_active=1 or di1_0.is_active is null) and di1_0.skill_id is not null
Hibernate: select di1_0.id,di1_0.is_active,di1_0.created_at,di1_0.date,di1_0.day_of_week,di1_0.end_time,di1_0.required_seats,di1_0.skill_id,di1_0.sort_order,di1_0.start_time,di1_0.updated_at from demand_intervals di1_0 where (di1_0.date=? or (di1_0.date is null and di1_0.day_of_week=?)) and (di1_0.is_active=1 or di1_0.is_active is null) and di1_0.skill_id is not null
2025-10-26T12:22:32.933+09:00 DEBUG 19468 --- [Shift Scheduler Demo] [           main] org.hibernate.SQL                        : select di1_0.id,di1_0.is_active,di1_0.created_at,di1_0.date,di1_0.day_of_week,di1_0.end_time,di1_0.required_seats,di1_0.skill_id,di1_0.sort_order,di1_0.start_time,di1_0.updated_at from demand_intervals di1_0 where (di1_0.date=? or (di1_0.date is null and di1_0.day_of_week=?)) and (di1_0.is_active=1 or di1_0.is_active is null) and di1_0.skill_id is not null
Hibernate: select di1_0.id,di1_0.is_active,di1_0.created_at,di1_0.date,di1_0.day_of_week,di1_0.end_time,di1_0.required_seats,di1_0.skill_id,di1_0.sort_order,di1_0.start_time,di1_0.updated_at from demand_intervals di1_0 where (di1_0.date=? or (di1_0.date is null and di1_0.day_of_week=?)) and (di1_0.is_active=1 or di1_0.is_active is null) and di1_0.skill_id is not null
2025-10-26T12:22:32.935+09:00 DEBUG 19468 --- [Shift Scheduler Demo] [           main] org.hibernate.SQL                        : select di1_0.id,di1_0.is_active,di1_0.created_at,di1_0.date,di1_0.day_of_week,di1_0.end_time,di1_0.required_seats,di1_0.skill_id,di1_0.sort_order,di1_0.start_time,di1_0.updated_at from demand_intervals di1_0 where (di1_0.date=? or (di1_0.date is null and di1_0.day_of_week=?)) and (di1_0.is_active=1 or di1_0.is_active is null) and di1_0.skill_id is not null
Hibernate: select di1_0.id,di1_0.is_active,di1_0.created_at,di1_0.date,di1_0.day_of_week,di1_0.end_time,di1_0.required_seats,di1_0.skill_id,di1_0.sort_order,di1_0.start_time,di1_0.updated_at from demand_intervals di1_0 where (di1_0.date=? or (di1_0.date is null and di1_0.day_of_week=?)) and (di1_0.is_active=1 or di1_0.is_active is null) and di1_0.skill_id is not null
2025-10-26T12:22:32.939+09:00 DEBUG 19468 --- [Shift Scheduler Demo] [           main] org.hibernate.SQL                        : select di1_0.id,di1_0.is_active,di1_0.created_at,di1_0.date,di1_0.day_of_week,di1_0.end_time,di1_0.required_seats,di1_0.skill_id,di1_0.sort_order,di1_0.start_time,di1_0.updated_at from demand_intervals di1_0 where (di1_0.date=? or (di1_0.date is null and di1_0.day_of_week=?)) and (di1_0.is_active=1 or di1_0.is_active is null) and di1_0.skill_id is not null
Hibernate: select di1_0.id,di1_0.is_active,di1_0.created_at,di1_0.date,di1_0.day_of_week,di1_0.end_time,di1_0.required_seats,di1_0.skill_id,di1_0.sort_order,di1_0.start_time,di1_0.updated_at from demand_intervals di1_0 where (di1_0.date=? or (di1_0.date is null and di1_0.day_of_week=?)) and (di1_0.is_active=1 or di1_0.is_active is null) and di1_0.skill_id is not null
2025-10-26T12:22:32.941+09:00 DEBUG 19468 --- [Shift Scheduler Demo] [           main] org.hibernate.SQL                        : select di1_0.id,di1_0.is_active,di1_0.created_at,di1_0.date,di1_0.day_of_week,di1_0.end_time,di1_0.required_seats,di1_0.skill_id,di1_0.sort_order,di1_0.start_time,di1_0.updated_at from demand_intervals di1_0 where (di1_0.date=? or (di1_0.date is null and di1_0.day_of_week=?)) and (di1_0.is_active=1 or di1_0.is_active is null) and di1_0.skill_id is not null
Hibernate: select di1_0.id,di1_0.is_active,di1_0.created_at,di1_0.date,di1_0.day_of_week,di1_0.end_time,di1_0.required_seats,di1_0.skill_id,di1_0.sort_order,di1_0.start_time,di1_0.updated_at from demand_intervals di1_0 where (di1_0.date=? or (di1_0.date is null and di1_0.day_of_week=?)) and (di1_0.is_active=1 or di1_0.is_active is null) and di1_0.skill_id is not null
2025-10-26T12:22:32.943+09:00 DEBUG 19468 --- [Shift Scheduler Demo] [           main] org.hibernate.SQL                        : select di1_0.id,di1_0.is_active,di1_0.created_at,di1_0.date,di1_0.day_of_week,di1_0.end_time,di1_0.required_seats,di1_0.skill_id,di1_0.sort_order,di1_0.start_time,di1_0.updated_at from demand_intervals di1_0 where (di1_0.date=? or (di1_0.date is null and di1_0.day_of_week=?)) and (di1_0.is_active=1 or di1_0.is_active is null) and di1_0.skill_id is not null
Hibernate: select di1_0.id,di1_0.is_active,di1_0.created_at,di1_0.date,di1_0.day_of_week,di1_0.end_time,di1_0.required_seats,di1_0.skill_id,di1_0.sort_order,di1_0.start_time,di1_0.updated_at from demand_intervals di1_0 where (di1_0.date=? or (di1_0.date is null and di1_0.day_of_week=?)) and (di1_0.is_active=1 or di1_0.is_active is null) and di1_0.skill_id is not null
2025-10-26T12:22:32.945+09:00 DEBUG 19468 --- [Shift Scheduler Demo] [           main] org.hibernate.SQL                        : select di1_0.id,di1_0.is_active,di1_0.created_at,di1_0.date,di1_0.day_of_week,di1_0.end_time,di1_0.required_seats,di1_0.skill_id,di1_0.sort_order,di1_0.start_time,di1_0.updated_at from demand_intervals di1_0 where (di1_0.date=? or (di1_0.date is null and di1_0.day_of_week=?)) and (di1_0.is_active=1 or di1_0.is_active is null) and di1_0.skill_id is not null
Hibernate: select di1_0.id,di1_0.is_active,di1_0.created_at,di1_0.date,di1_0.day_of_week,di1_0.end_time,di1_0.required_seats,di1_0.skill_id,di1_0.sort_order,di1_0.start_time,di1_0.updated_at from demand_intervals di1_0 where (di1_0.date=? or (di1_0.date is null and di1_0.day_of_week=?)) and (di1_0.is_active=1 or di1_0.is_active is null) and di1_0.skill_id is not null
2025-10-26T12:22:32.946+09:00 DEBUG 19468 --- [Shift Scheduler Demo] [           main] org.hibernate.SQL                        : select di1_0.id,di1_0.is_active,di1_0.created_at,di1_0.date,di1_0.day_of_week,di1_0.end_time,di1_0.required_seats,di1_0.skill_id,di1_0.sort_order,di1_0.start_time,di1_0.updated_at from demand_intervals di1_0 where (di1_0.date=? or (di1_0.date is null and di1_0.day_of_week=?)) and (di1_0.is_active=1 or di1_0.is_active is null) and di1_0.skill_id is not null
Hibernate: select di1_0.id,di1_0.is_active,di1_0.created_at,di1_0.date,di1_0.day_of_week,di1_0.end_time,di1_0.required_seats,di1_0.skill_id,di1_0.sort_order,di1_0.start_time,di1_0.updated_at from demand_intervals di1_0 where (di1_0.date=? or (di1_0.date is null and di1_0.day_of_week=?)) and (di1_0.is_active=1 or di1_0.is_active is null) and di1_0.skill_id is not null
2025-10-26T12:22:32.947+09:00 DEBUG 19468 --- [Shift Scheduler Demo] [           main] org.hibernate.SQL                        : select di1_0.id,di1_0.is_active,di1_0.created_at,di1_0.date,di1_0.day_of_week,di1_0.end_time,di1_0.required_seats,di1_0.skill_id,di1_0.sort_order,di1_0.start_time,di1_0.updated_at from demand_intervals di1_0 where (di1_0.date=? or (di1_0.date is null and di1_0.day_of_week=?)) and (di1_0.is_active=1 or di1_0.is_active is null) and di1_0.skill_id is not null
Hibernate: select di1_0.id,di1_0.is_active,di1_0.created_at,di1_0.date,di1_0.day_of_week,di1_0.end_time,di1_0.required_seats,di1_0.skill_id,di1_0.sort_order,di1_0.start_time,di1_0.updated_at from demand_intervals di1_0 where (di1_0.date=? or (di1_0.date is null and di1_0.day_of_week=?)) and (di1_0.is_active=1 or di1_0.is_active is null) and di1_0.skill_id is not null
2025-10-26T12:22:32.949+09:00 DEBUG 19468 --- [Shift Scheduler Demo] [           main] org.hibernate.SQL                        : select di1_0.id,di1_0.is_active,di1_0.created_at,di1_0.date,di1_0.day_of_week,di1_0.end_time,di1_0.required_seats,di1_0.skill_id,di1_0.sort_order,di1_0.start_time,di1_0.updated_at from demand_intervals di1_0 where (di1_0.date=? or (di1_0.date is null and di1_0.day_of_week=?)) and (di1_0.is_active=1 or di1_0.is_active is null) and di1_0.skill_id is not null
Hibernate: select di1_0.id,di1_0.is_active,di1_0.created_at,di1_0.date,di1_0.day_of_week,di1_0.end_time,di1_0.required_seats,di1_0.skill_id,di1_0.sort_order,di1_0.start_time,di1_0.updated_at from demand_intervals di1_0 where (di1_0.date=? or (di1_0.date is null and di1_0.day_of_week=?)) and (di1_0.is_active=1 or di1_0.is_active is null) and di1_0.skill_id is not null
2025-10-26T12:22:32.950+09:00 DEBUG 19468 --- [Shift Scheduler Demo] [           main] org.hibernate.SQL                        : select di1_0.id,di1_0.is_active,di1_0.created_at,di1_0.date,di1_0.day_of_week,di1_0.end_time,di1_0.required_seats,di1_0.skill_id,di1_0.sort_order,di1_0.start_time,di1_0.updated_at from demand_intervals di1_0 where (di1_0.date=? or (di1_0.date is null and di1_0.day_of_week=?)) and (di1_0.is_active=1 or di1_0.is_active is null) and di1_0.skill_id is not null
Hibernate: select di1_0.id,di1_0.is_active,di1_0.created_at,di1_0.date,di1_0.day_of_week,di1_0.end_time,di1_0.required_seats,di1_0.skill_id,di1_0.sort_order,di1_0.start_time,di1_0.updated_at from demand_intervals di1_0 where (di1_0.date=? or (di1_0.date is null and di1_0.day_of_week=?)) and (di1_0.is_active=1 or di1_0.is_active is null) and di1_0.skill_id is not null
2025-10-26T12:22:32.951+09:00 DEBUG 19468 --- [Shift Scheduler Demo] [           main] org.hibernate.SQL                        : select di1_0.id,di1_0.is_active,di1_0.created_at,di1_0.date,di1_0.day_of_week,di1_0.end_time,di1_0.required_seats,di1_0.skill_id,di1_0.sort_order,di1_0.start_time,di1_0.updated_at from demand_intervals di1_0 where (di1_0.date=? or (di1_0.date is null and di1_0.day_of_week=?)) and (di1_0.is_active=1 or di1_0.is_active is null) and di1_0.skill_id is not null
Hibernate: select di1_0.id,di1_0.is_active,di1_0.created_at,di1_0.date,di1_0.day_of_week,di1_0.end_time,di1_0.required_seats,di1_0.skill_id,di1_0.sort_order,di1_0.start_time,di1_0.updated_at from demand_intervals di1_0 where (di1_0.date=? or (di1_0.date is null and di1_0.day_of_week=?)) and (di1_0.is_active=1 or di1_0.is_active is null) and di1_0.skill_id is not null
2025-10-26T12:22:32.952+09:00 DEBUG 19468 --- [Shift Scheduler Demo] [           main] org.hibernate.SQL                        : select di1_0.id,di1_0.is_active,di1_0.created_at,di1_0.date,di1_0.day_of_week,di1_0.end_time,di1_0.required_seats,di1_0.skill_id,di1_0.sort_order,di1_0.start_time,di1_0.updated_at from demand_intervals di1_0 where (di1_0.date=? or (di1_0.date is null and di1_0.day_of_week=?)) and (di1_0.is_active=1 or di1_0.is_active is null) and di1_0.skill_id is not null
Hibernate: select di1_0.id,di1_0.is_active,di1_0.created_at,di1_0.date,di1_0.day_of_week,di1_0.end_time,di1_0.required_seats,di1_0.skill_id,di1_0.sort_order,di1_0.start_time,di1_0.updated_at from demand_intervals di1_0 where (di1_0.date=? or (di1_0.date is null and di1_0.day_of_week=?)) and (di1_0.is_active=1 or di1_0.is_active is null) and di1_0.skill_id is not null
2025-10-26T12:22:32.954+09:00 DEBUG 19468 --- [Shift Scheduler Demo] [           main] org.hibernate.SQL                        : select di1_0.id,di1_0.is_active,di1_0.created_at,di1_0.date,di1_0.day_of_week,di1_0.end_time,di1_0.required_seats,di1_0.skill_id,di1_0.sort_order,di1_0.start_time,di1_0.updated_at from demand_intervals di1_0 where (di1_0.date=? or (di1_0.date is null and di1_0.day_of_week=?)) and (di1_0.is_active=1 or di1_0.is_active is null) and di1_0.skill_id is not null
Hibernate: select di1_0.id,di1_0.is_active,di1_0.created_at,di1_0.date,di1_0.day_of_week,di1_0.end_time,di1_0.required_seats,di1_0.skill_id,di1_0.sort_order,di1_0.start_time,di1_0.updated_at from demand_intervals di1_0 where (di1_0.date=? or (di1_0.date is null and di1_0.day_of_week=?)) and (di1_0.is_active=1 or di1_0.is_active is null) and di1_0.skill_id is not null
2025-10-26T12:22:32.954+09:00 DEBUG 19468 --- [Shift Scheduler Demo] [           main] org.hibernate.SQL                        : select di1_0.id,di1_0.is_active,di1_0.created_at,di1_0.date,di1_0.day_of_week,di1_0.end_time,di1_0.required_seats,di1_0.skill_id,di1_0.sort_order,di1_0.start_time,di1_0.updated_at from demand_intervals di1_0 where (di1_0.date=? or (di1_0.date is null and di1_0.day_of_week=?)) and (di1_0.is_active=1 or di1_0.is_active is null) and di1_0.skill_id is not null
Hibernate: select di1_0.id,di1_0.is_active,di1_0.created_at,di1_0.date,di1_0.day_of_week,di1_0.end_time,di1_0.required_seats,di1_0.skill_id,di1_0.sort_order,di1_0.start_time,di1_0.updated_at from demand_intervals di1_0 where (di1_0.date=? or (di1_0.date is null and di1_0.day_of_week=?)) and (di1_0.is_active=1 or di1_0.is_active is null) and di1_0.skill_id is not null
2025-10-26T12:22:32.958+09:00 DEBUG 19468 --- [Shift Scheduler Demo] [           main] org.hibernate.SQL                        : select di1_0.id,di1_0.is_active,di1_0.created_at,di1_0.date,di1_0.day_of_week,di1_0.end_time,di1_0.required_seats,di1_0.skill_id,di1_0.sort_order,di1_0.start_time,di1_0.updated_at from demand_intervals di1_0 where (di1_0.date=? or (di1_0.date is null and di1_0.day_of_week=?)) and (di1_0.is_active=1 or di1_0.is_active is null) and di1_0.skill_id is not null
Hibernate: select di1_0.id,di1_0.is_active,di1_0.created_at,di1_0.date,di1_0.day_of_week,di1_0.end_time,di1_0.required_seats,di1_0.skill_id,di1_0.sort_order,di1_0.start_time,di1_0.updated_at from demand_intervals di1_0 where (di1_0.date=? or (di1_0.date is null and di1_0.day_of_week=?)) and (di1_0.is_active=1 or di1_0.is_active is null) and di1_0.skill_id is not null
2025-10-26T12:22:32.960+09:00 DEBUG 19468 --- [Shift Scheduler Demo] [           main] org.hibernate.SQL                        : select di1_0.id,di1_0.is_active,di1_0.created_at,di1_0.date,di1_0.day_of_week,di1_0.end_time,di1_0.required_seats,di1_0.skill_id,di1_0.sort_order,di1_0.start_time,di1_0.updated_at from demand_intervals di1_0 where (di1_0.date=? or (di1_0.date is null and di1_0.day_of_week=?)) and (di1_0.is_active=1 or di1_0.is_active is null) and di1_0.skill_id is not null
Hibernate: select di1_0.id,di1_0.is_active,di1_0.created_at,di1_0.date,di1_0.day_of_week,di1_0.end_time,di1_0.required_seats,di1_0.skill_id,di1_0.sort_order,di1_0.start_time,di1_0.updated_at from demand_intervals di1_0 where (di1_0.date=? or (di1_0.date is null and di1_0.day_of_week=?)) and (di1_0.is_active=1 or di1_0.is_active is null) and di1_0.skill_id is not null
2025-10-26T12:22:32.961+09:00 DEBUG 19468 --- [Shift Scheduler Demo] [           main] org.hibernate.SQL                        : select di1_0.id,di1_0.is_active,di1_0.created_at,di1_0.date,di1_0.day_of_week,di1_0.end_time,di1_0.required_seats,di1_0.skill_id,di1_0.sort_order,di1_0.start_time,di1_0.updated_at from demand_intervals di1_0 where (di1_0.date=? or (di1_0.date is null and di1_0.day_of_week=?)) and (di1_0.is_active=1 or di1_0.is_active is null) and di1_0.skill_id is not null
Hibernate: select di1_0.id,di1_0.is_active,di1_0.created_at,di1_0.date,di1_0.day_of_week,di1_0.end_time,di1_0.required_seats,di1_0.skill_id,di1_0.sort_order,di1_0.start_time,di1_0.updated_at from demand_intervals di1_0 where (di1_0.date=? or (di1_0.date is null and di1_0.day_of_week=?)) and (di1_0.is_active=1 or di1_0.is_active is null) and di1_0.skill_id is not null
2025-10-26T12:22:32.962+09:00 DEBUG 19468 --- [Shift Scheduler Demo] [           main] org.hibernate.SQL                        : select di1_0.id,di1_0.is_active,di1_0.created_at,di1_0.date,di1_0.day_of_week,di1_0.end_time,di1_0.required_seats,di1_0.skill_id,di1_0.sort_order,di1_0.start_time,di1_0.updated_at from demand_intervals di1_0 where (di1_0.date=? or (di1_0.date is null and di1_0.day_of_week=?)) and (di1_0.is_active=1 or di1_0.is_active is null) and di1_0.skill_id is not null
Hibernate: select di1_0.id,di1_0.is_active,di1_0.created_at,di1_0.date,di1_0.day_of_week,di1_0.end_time,di1_0.required_seats,di1_0.skill_id,di1_0.sort_order,di1_0.start_time,di1_0.updated_at from demand_intervals di1_0 where (di1_0.date=? or (di1_0.date is null and di1_0.day_of_week=?)) and (di1_0.is_active=1 or di1_0.is_active is null) and di1_0.skill_id is not null
2025-10-26T12:22:32.962+09:00 DEBUG 19468 --- [Shift Scheduler Demo] [           main] org.hibernate.SQL                        : select di1_0.id,di1_0.is_active,di1_0.created_at,di1_0.date,di1_0.day_of_week,di1_0.end_time,di1_0.required_seats,di1_0.skill_id,di1_0.sort_order,di1_0.start_time,di1_0.updated_at from demand_intervals di1_0 where (di1_0.date=? or (di1_0.date is null and di1_0.day_of_week=?)) and (di1_0.is_active=1 or di1_0.is_active is null) and di1_0.skill_id is not null
Hibernate: select di1_0.id,di1_0.is_active,di1_0.created_at,di1_0.date,di1_0.day_of_week,di1_0.end_time,di1_0.required_seats,di1_0.skill_id,di1_0.sort_order,di1_0.start_time,di1_0.updated_at from demand_intervals di1_0 where (di1_0.date=? or (di1_0.date is null and di1_0.day_of_week=?)) and (di1_0.is_active=1 or di1_0.is_active is null) and di1_0.skill_id is not null
2025-10-26T12:22:32.962+09:00 DEBUG 19468 --- [Shift Scheduler Demo] [           main] org.hibernate.SQL                        : select di1_0.id,di1_0.is_active,di1_0.created_at,di1_0.date,di1_0.day_of_week,di1_0.end_time,di1_0.required_seats,di1_0.skill_id,di1_0.sort_order,di1_0.start_time,di1_0.updated_at from demand_intervals di1_0 where (di1_0.date=? or (di1_0.date is null and di1_0.day_of_week=?)) and (di1_0.is_active=1 or di1_0.is_active is null) and di1_0.skill_id is not null
Hibernate: select di1_0.id,di1_0.is_active,di1_0.created_at,di1_0.date,di1_0.day_of_week,di1_0.end_time,di1_0.required_seats,di1_0.skill_id,di1_0.sort_order,di1_0.start_time,di1_0.updated_at from demand_intervals di1_0 where (di1_0.date=? or (di1_0.date is null and di1_0.day_of_week=?)) and (di1_0.is_active=1 or di1_0.is_active is null) and di1_0.skill_id is not null
2025-10-26T12:22:32.966+09:00 DEBUG 19468 --- [Shift Scheduler Demo] [           main] org.hibernate.SQL                        : select di1_0.id,di1_0.is_active,di1_0.created_at,di1_0.date,di1_0.day_of_week,di1_0.end_time,di1_0.required_seats,di1_0.skill_id,di1_0.sort_order,di1_0.start_time,di1_0.updated_at from demand_intervals di1_0 where (di1_0.date=? or (di1_0.date is null and di1_0.day_of_week=?)) and (di1_0.is_active=1 or di1_0.is_active is null) and di1_0.skill_id is not null
Hibernate: select di1_0.id,di1_0.is_active,di1_0.created_at,di1_0.date,di1_0.day_of_week,di1_0.end_time,di1_0.required_seats,di1_0.skill_id,di1_0.sort_order,di1_0.start_time,di1_0.updated_at from demand_intervals di1_0 where (di1_0.date=? or (di1_0.date is null and di1_0.day_of_week=?)) and (di1_0.is_active=1 or di1_0.is_active is null) and di1_0.skill_id is not null
2025-10-26T12:22:32.968+09:00 DEBUG 19468 --- [Shift Scheduler Demo] [           main] org.hibernate.SQL                        : insert into shift_assignments (employee_id,end_time,shift_name,start_time,work_date) values (?,?,?,?,?)
Hibernate: insert into shift_assignments (employee_id,end_time,shift_name,start_time,work_date) values (?,?,?,?,?)
2025-10-26T12:22:32.968+09:00 DEBUG 19468 --- [Shift Scheduler Demo] [           main] org.hibernate.SQL                        : select last_insert_rowid()
Hibernate: select last_insert_rowid()
2025-10-26T12:22:32.970+09:00 DEBUG 19468 --- [Shift Scheduler Demo] [           main] org.hibernate.SQL                        : insert into shift_assignments (employee_id,end_time,shift_name,start_time,work_date) values (?,?,?,?,?)
Hibernate: insert into shift_assignments (employee_id,end_time,shift_name,start_time,work_date) values (?,?,?,?,?)
2025-10-26T12:22:32.970+09:00 DEBUG 19468 --- [Shift Scheduler Demo] [           main] org.hibernate.SQL                        : select last_insert_rowid()
Hibernate: select last_insert_rowid()
2025-10-26T12:22:32.972+09:00 DEBUG 19468 --- [Shift Scheduler Demo] [           main] org.hibernate.SQL                        : insert into shift_assignments (employee_id,end_time,shift_name,start_time,work_date) values (?,?,?,?,?)
Hibernate: insert into shift_assignments (employee_id,end_time,shift_name,start_time,work_date) values (?,?,?,?,?)
2025-10-26T12:22:32.972+09:00 DEBUG 19468 --- [Shift Scheduler Demo] [           main] org.hibernate.SQL                        : select last_insert_rowid()
Hibernate: select last_insert_rowid()
2025-10-26T12:22:32.972+09:00 DEBUG 19468 --- [Shift Scheduler Demo] [           main] org.hibernate.SQL                        : insert into shift_assignments (employee_id,end_time,shift_name,start_time,work_date) values (?,?,?,?,?)
Hibernate: insert into shift_assignments (employee_id,end_time,shift_name,start_time,work_date) values (?,?,?,?,?)
2025-10-26T12:22:32.972+09:00 DEBUG 19468 --- [Shift Scheduler Demo] [           main] org.hibernate.SQL                        : select last_insert_rowid()
Hibernate: select last_insert_rowid()
2025-10-26T12:22:32.972+09:00 DEBUG 19468 --- [Shift Scheduler Demo] [           main] org.hibernate.SQL                        : insert into shift_assignments (employee_id,end_time,shift_name,start_time,work_date) values (?,?,?,?,?)
Hibernate: insert into shift_assignments (employee_id,end_time,shift_name,start_time,work_date) values (?,?,?,?,?)
2025-10-26T12:22:32.972+09:00 DEBUG 19468 --- [Shift Scheduler Demo] [           main] org.hibernate.SQL                        : select last_insert_rowid()
Hibernate: select last_insert_rowid()
2025-10-26T12:22:32.975+09:00 DEBUG 19468 --- [Shift Scheduler Demo] [           main] org.hibernate.SQL                        : insert into shift_assignments (employee_id,end_time,shift_name,start_time,work_date) values (?,?,?,?,?)
Hibernate: insert into shift_assignments (employee_id,end_time,shift_name,start_time,work_date) values (?,?,?,?,?)
2025-10-26T12:22:32.975+09:00 DEBUG 19468 --- [Shift Scheduler Demo] [           main] org.hibernate.SQL                        : select last_insert_rowid()
Hibernate: select last_insert_rowid()
2025-10-26T12:22:32.975+09:00 DEBUG 19468 --- [Shift Scheduler Demo] [           main] org.hibernate.SQL                        : insert into shift_assignments (employee_id,end_time,shift_name,start_time,work_date) values (?,?,?,?,?)
Hibernate: insert into shift_assignments (employee_id,end_time,shift_name,start_time,work_date) values (?,?,?,?,?)
2025-10-26T12:22:32.976+09:00 DEBUG 19468 --- [Shift Scheduler Demo] [           main] org.hibernate.SQL                        : select last_insert_rowid()
Hibernate: select last_insert_rowid()
2025-10-26T12:22:32.976+09:00 DEBUG 19468 --- [Shift Scheduler Demo] [           main] org.hibernate.SQL                        : insert into shift_assignments (employee_id,end_time,shift_name,start_time,work_date) values (?,?,?,?,?)
Hibernate: insert into shift_assignments (employee_id,end_time,shift_name,start_time,work_date) values (?,?,?,?,?)
2025-10-26T12:22:32.976+09:00 DEBUG 19468 --- [Shift Scheduler Demo] [           main] org.hibernate.SQL                        : select last_insert_rowid()
Hibernate: select last_insert_rowid()
2025-10-26T12:22:32.977+09:00 DEBUG 19468 --- [Shift Scheduler Demo] [           main] org.hibernate.SQL                        : insert into shift_assignments (employee_id,end_time,shift_name,start_time,work_date) values (?,?,?,?,?)
Hibernate: insert into shift_assignments (employee_id,end_time,shift_name,start_time,work_date) values (?,?,?,?,?)
2025-10-26T12:22:32.977+09:00 DEBUG 19468 --- [Shift Scheduler Demo] [           main] org.hibernate.SQL                        : select last_insert_rowid()
Hibernate: select last_insert_rowid()
2025-10-26T12:22:32.977+09:00 DEBUG 19468 --- [Shift Scheduler Demo] [           main] org.hibernate.SQL                        : insert into shift_assignments (employee_id,end_time,shift_name,start_time,work_date) values (?,?,?,?,?)
Hibernate: insert into shift_assignments (employee_id,end_time,shift_name,start_time,work_date) values (?,?,?,?,?)
2025-10-26T12:22:32.977+09:00 DEBUG 19468 --- [Shift Scheduler Demo] [           main] org.hibernate.SQL                        : select last_insert_rowid()
Hibernate: select last_insert_rowid()
2025-10-26T12:22:32.977+09:00 DEBUG 19468 --- [Shift Scheduler Demo] [           main] org.hibernate.SQL                        : insert into shift_assignments (employee_id,end_time,shift_name,start_time,work_date) values (?,?,?,?,?)
Hibernate: insert into shift_assignments (employee_id,end_time,shift_name,start_time,work_date) values (?,?,?,?,?)
2025-10-26T12:22:32.978+09:00 DEBUG 19468 --- [Shift Scheduler Demo] [           main] org.hibernate.SQL                        : select last_insert_rowid()
Hibernate: select last_insert_rowid()
2025-10-26T12:22:32.978+09:00 DEBUG 19468 --- [Shift Scheduler Demo] [           main] org.hibernate.SQL                        : insert into shift_assignments (employee_id,end_time,shift_name,start_time,work_date) values (?,?,?,?,?)
Hibernate: insert into shift_assignments (employee_id,end_time,shift_name,start_time,work_date) values (?,?,?,?,?)
2025-10-26T12:22:32.978+09:00 DEBUG 19468 --- [Shift Scheduler Demo] [           main] org.hibernate.SQL                        : select last_insert_rowid()
Hibernate: select last_insert_rowid()
2025-10-26T12:22:32.978+09:00 DEBUG 19468 --- [Shift Scheduler Demo] [           main] org.hibernate.SQL                        : insert into shift_assignments (employee_id,end_time,shift_name,start_time,work_date) values (?,?,?,?,?)
Hibernate: insert into shift_assignments (employee_id,end_time,shift_name,start_time,work_date) values (?,?,?,?,?)
2025-10-26T12:22:32.978+09:00 DEBUG 19468 --- [Shift Scheduler Demo] [           main] org.hibernate.SQL                        : select last_insert_rowid()
Hibernate: select last_insert_rowid()
2025-10-26T12:22:32.978+09:00 DEBUG 19468 --- [Shift Scheduler Demo] [           main] org.hibernate.SQL                        : insert into shift_assignments (employee_id,end_time,shift_name,start_time,work_date) values (?,?,?,?,?)
Hibernate: insert into shift_assignments (employee_id,end_time,shift_name,start_time,work_date) values (?,?,?,?,?)
2025-10-26T12:22:32.979+09:00 DEBUG 19468 --- [Shift Scheduler Demo] [           main] org.hibernate.SQL                        : select last_insert_rowid()
Hibernate: select last_insert_rowid()
2025-10-26T12:22:32.979+09:00 DEBUG 19468 --- [Shift Scheduler Demo] [           main] org.hibernate.SQL                        : insert into shift_assignments (employee_id,end_time,shift_name,start_time,work_date) values (?,?,?,?,?)
Hibernate: insert into shift_assignments (employee_id,end_time,shift_name,start_time,work_date) values (?,?,?,?,?)
2025-10-26T12:22:32.980+09:00 DEBUG 19468 --- [Shift Scheduler Demo] [           main] org.hibernate.SQL                        : select last_insert_rowid()
Hibernate: select last_insert_rowid()
2025-10-26T12:22:32.980+09:00 DEBUG 19468 --- [Shift Scheduler Demo] [           main] org.hibernate.SQL                        : insert into shift_assignments (employee_id,end_time,shift_name,start_time,work_date) values (?,?,?,?,?)
Hibernate: insert into shift_assignments (employee_id,end_time,shift_name,start_time,work_date) values (?,?,?,?,?)
2025-10-26T12:22:32.980+09:00 DEBUG 19468 --- [Shift Scheduler Demo] [           main] org.hibernate.SQL                        : select last_insert_rowid()
Hibernate: select last_insert_rowid()
2025-10-26T12:22:32.980+09:00 DEBUG 19468 --- [Shift Scheduler Demo] [           main] org.hibernate.SQL                        : insert into shift_assignments (employee_id,end_time,shift_name,start_time,work_date) values (?,?,?,?,?)
Hibernate: insert into shift_assignments (employee_id,end_time,shift_name,start_time,work_date) values (?,?,?,?,?)
2025-10-26T12:22:32.980+09:00 DEBUG 19468 --- [Shift Scheduler Demo] [           main] org.hibernate.SQL                        : select last_insert_rowid()
Hibernate: select last_insert_rowid()
2025-10-26T12:22:32.980+09:00 DEBUG 19468 --- [Shift Scheduler Demo] [           main] org.hibernate.SQL                        : insert into shift_assignments (employee_id,end_time,shift_name,start_time,work_date) values (?,?,?,?,?)
Hibernate: insert into shift_assignments (employee_id,end_time,shift_name,start_time,work_date) values (?,?,?,?,?)
2025-10-26T12:22:32.980+09:00 DEBUG 19468 --- [Shift Scheduler Demo] [           main] org.hibernate.SQL                        : select last_insert_rowid()
Hibernate: select last_insert_rowid()
2025-10-26T12:22:32.980+09:00 DEBUG 19468 --- [Shift Scheduler Demo] [           main] org.hibernate.SQL                        : insert into shift_assignments (employee_id,end_time,shift_name,start_time,work_date) values (?,?,?,?,?)
Hibernate: insert into shift_assignments (employee_id,end_time,shift_name,start_time,work_date) values (?,?,?,?,?)
2025-10-26T12:22:32.980+09:00 DEBUG 19468 --- [Shift Scheduler Demo] [           main] org.hibernate.SQL                        : select last_insert_rowid()
Hibernate: select last_insert_rowid()
2025-10-26T12:22:32.980+09:00 DEBUG 19468 --- [Shift Scheduler Demo] [           main] org.hibernate.SQL                        : insert into shift_assignments (employee_id,end_time,shift_name,start_time,work_date) values (?,?,?,?,?)
Hibernate: insert into shift_assignments (employee_id,end_time,shift_name,start_time,work_date) values (?,?,?,?,?)
2025-10-26T12:22:32.980+09:00 DEBUG 19468 --- [Shift Scheduler Demo] [           main] org.hibernate.SQL                        : select last_insert_rowid()
Hibernate: select last_insert_rowid()
2025-10-26T12:22:32.980+09:00 DEBUG 19468 --- [Shift Scheduler Demo] [           main] org.hibernate.SQL                        : insert into shift_assignments (employee_id,end_time,shift_name,start_time,work_date) values (?,?,?,?,?)
Hibernate: insert into shift_assignments (employee_id,end_time,shift_name,start_time,work_date) values (?,?,?,?,?)
2025-10-26T12:22:32.980+09:00 DEBUG 19468 --- [Shift Scheduler Demo] [           main] org.hibernate.SQL                        : select last_insert_rowid()
Hibernate: select last_insert_rowid()
2025-10-26T12:22:32.980+09:00 DEBUG 19468 --- [Shift Scheduler Demo] [           main] org.hibernate.SQL                        : insert into shift_assignments (employee_id,end_time,shift_name,start_time,work_date) values (?,?,?,?,?)
Hibernate: insert into shift_assignments (employee_id,end_time,shift_name,start_time,work_date) values (?,?,?,?,?)
2025-10-26T12:22:32.980+09:00 DEBUG 19468 --- [Shift Scheduler Demo] [           main] org.hibernate.SQL                        : select last_insert_rowid()
Hibernate: select last_insert_rowid()
2025-10-26T12:22:32.980+09:00 DEBUG 19468 --- [Shift Scheduler Demo] [           main] org.hibernate.SQL                        : insert into shift_assignments (employee_id,end_time,shift_name,start_time,work_date) values (?,?,?,?,?)
Hibernate: insert into shift_assignments (employee_id,end_time,shift_name,start_time,work_date) values (?,?,?,?,?)
2025-10-26T12:22:32.980+09:00 DEBUG 19468 --- [Shift Scheduler Demo] [           main] org.hibernate.SQL                        : select last_insert_rowid()
Hibernate: select last_insert_rowid()
2025-10-26T12:22:32.980+09:00 DEBUG 19468 --- [Shift Scheduler Demo] [           main] org.hibernate.SQL                        : insert into shift_assignments (employee_id,end_time,shift_name,start_time,work_date) values (?,?,?,?,?)
Hibernate: insert into shift_assignments (employee_id,end_time,shift_name,start_time,work_date) values (?,?,?,?,?)
2025-10-26T12:22:32.980+09:00 DEBUG 19468 --- [Shift Scheduler Demo] [           main] org.hibernate.SQL                        : select last_insert_rowid()
Hibernate: select last_insert_rowid()
2025-10-26T12:22:32.980+09:00 DEBUG 19468 --- [Shift Scheduler Demo] [           main] org.hibernate.SQL                        : insert into shift_assignments (employee_id,end_time,shift_name,start_time,work_date) values (?,?,?,?,?)
Hibernate: insert into shift_assignments (employee_id,end_time,shift_name,start_time,work_date) values (?,?,?,?,?)
2025-10-26T12:22:32.980+09:00 DEBUG 19468 --- [Shift Scheduler Demo] [           main] org.hibernate.SQL                        : select last_insert_rowid()
Hibernate: select last_insert_rowid()
2025-10-26T12:22:32.980+09:00 DEBUG 19468 --- [Shift Scheduler Demo] [           main] org.hibernate.SQL                        : insert into shift_assignments (employee_id,end_time,shift_name,start_time,work_date) values (?,?,?,?,?)
Hibernate: insert into shift_assignments (employee_id,end_time,shift_name,start_time,work_date) values (?,?,?,?,?)
2025-10-26T12:22:32.980+09:00 DEBUG 19468 --- [Shift Scheduler Demo] [           main] org.hibernate.SQL                        : select last_insert_rowid()
Hibernate: select last_insert_rowid()
2025-10-26T12:22:32.980+09:00 DEBUG 19468 --- [Shift Scheduler Demo] [           main] org.hibernate.SQL                        : insert into shift_assignments (employee_id,end_time,shift_name,start_time,work_date) values (?,?,?,?,?)
Hibernate: insert into shift_assignments (employee_id,end_time,shift_name,start_time,work_date) values (?,?,?,?,?)
2025-10-26T12:22:32.980+09:00 DEBUG 19468 --- [Shift Scheduler Demo] [           main] org.hibernate.SQL                        : select last_insert_rowid()
Hibernate: select last_insert_rowid()
2025-10-26T12:22:32.980+09:00 DEBUG 19468 --- [Shift Scheduler Demo] [           main] org.hibernate.SQL                        : insert into shift_assignments (employee_id,end_time,shift_name,start_time,work_date) values (?,?,?,?,?)
Hibernate: insert into shift_assignments (employee_id,end_time,shift_name,start_time,work_date) values (?,?,?,?,?)
2025-10-26T12:22:32.980+09:00 DEBUG 19468 --- [Shift Scheduler Demo] [           main] org.hibernate.SQL                        : select last_insert_rowid()
Hibernate: select last_insert_rowid()
2025-10-26T12:22:32.986+09:00 DEBUG 19468 --- [Shift Scheduler Demo] [           main] org.hibernate.SQL                        : insert into shift_assignments (employee_id,end_time,shift_name,start_time,work_date) values (?,?,?,?,?)
Hibernate: insert into shift_assignments (employee_id,end_time,shift_name,start_time,work_date) values (?,?,?,?,?)
2025-10-26T12:22:32.986+09:00 DEBUG 19468 --- [Shift Scheduler Demo] [           main] org.hibernate.SQL                        : select last_insert_rowid()
Hibernate: select last_insert_rowid()
2025-10-26T12:22:32.986+09:00 DEBUG 19468 --- [Shift Scheduler Demo] [           main] org.hibernate.SQL                        : insert into shift_assignments (employee_id,end_time,shift_name,start_time,work_date) values (?,?,?,?,?)
Hibernate: insert into shift_assignments (employee_id,end_time,shift_name,start_time,work_date) values (?,?,?,?,?)
2025-10-26T12:22:32.986+09:00 DEBUG 19468 --- [Shift Scheduler Demo] [           main] org.hibernate.SQL                        : select last_insert_rowid()
Hibernate: select last_insert_rowid()
2025-10-26T12:22:32.986+09:00 DEBUG 19468 --- [Shift Scheduler Demo] [           main] org.hibernate.SQL                        : insert into shift_assignments (employee_id,end_time,shift_name,start_time,work_date) values (?,?,?,?,?)
Hibernate: insert into shift_assignments (employee_id,end_time,shift_name,start_time,work_date) values (?,?,?,?,?)
2025-10-26T12:22:32.987+09:00 DEBUG 19468 --- [Shift Scheduler Demo] [           main] org.hibernate.SQL                        : select last_insert_rowid()
Hibernate: select last_insert_rowid()
2025-10-26T12:22:32.987+09:00 DEBUG 19468 --- [Shift Scheduler Demo] [           main] org.hibernate.SQL                        : insert into shift_assignments (employee_id,end_time,shift_name,start_time,work_date) values (?,?,?,?,?)
Hibernate: insert into shift_assignments (employee_id,end_time,shift_name,start_time,work_date) values (?,?,?,?,?)
2025-10-26T12:22:32.989+09:00 DEBUG 19468 --- [Shift Scheduler Demo] [           main] org.hibernate.SQL                        : select last_insert_rowid()
Hibernate: select last_insert_rowid()
2025-10-26T12:22:32.989+09:00 DEBUG 19468 --- [Shift Scheduler Demo] [           main] org.hibernate.SQL                        : insert into shift_assignments (employee_id,end_time,shift_name,start_time,work_date) values (?,?,?,?,?)
Hibernate: insert into shift_assignments (employee_id,end_time,shift_name,start_time,work_date) values (?,?,?,?,?)
2025-10-26T12:22:32.989+09:00 DEBUG 19468 --- [Shift Scheduler Demo] [           main] org.hibernate.SQL                        : select last_insert_rowid()
Hibernate: select last_insert_rowid()
2025-10-26T12:22:32.989+09:00 DEBUG 19468 --- [Shift Scheduler Demo] [           main] org.hibernate.SQL                        : insert into shift_assignments (employee_id,end_time,shift_name,start_time,work_date) values (?,?,?,?,?)
Hibernate: insert into shift_assignments (employee_id,end_time,shift_name,start_time,work_date) values (?,?,?,?,?)
2025-10-26T12:22:32.989+09:00 DEBUG 19468 --- [Shift Scheduler Demo] [           main] org.hibernate.SQL                        : select last_insert_rowid()
Hibernate: select last_insert_rowid()
2025-10-26T12:22:32.989+09:00 DEBUG 19468 --- [Shift Scheduler Demo] [           main] org.hibernate.SQL                        : insert into shift_assignments (employee_id,end_time,shift_name,start_time,work_date) values (?,?,?,?,?)
Hibernate: insert into shift_assignments (employee_id,end_time,shift_name,start_time,work_date) values (?,?,?,?,?)
2025-10-26T12:22:32.989+09:00 DEBUG 19468 --- [Shift Scheduler Demo] [           main] org.hibernate.SQL                        : select last_insert_rowid()
Hibernate: select last_insert_rowid()
2025-10-26T12:22:32.989+09:00 DEBUG 19468 --- [Shift Scheduler Demo] [           main] org.hibernate.SQL                        : insert into shift_assignments (employee_id,end_time,shift_name,start_time,work_date) values (?,?,?,?,?)
Hibernate: insert into shift_assignments (employee_id,end_time,shift_name,start_time,work_date) values (?,?,?,?,?)
2025-10-26T12:22:32.989+09:00 DEBUG 19468 --- [Shift Scheduler Demo] [           main] org.hibernate.SQL                        : select last_insert_rowid()
Hibernate: select last_insert_rowid()
2025-10-26T12:22:32.989+09:00 DEBUG 19468 --- [Shift Scheduler Demo] [           main] org.hibernate.SQL                        : insert into shift_assignments (employee_id,end_time,shift_name,start_time,work_date) values (?,?,?,?,?)
Hibernate: insert into shift_assignments (employee_id,end_time,shift_name,start_time,work_date) values (?,?,?,?,?)
2025-10-26T12:22:32.989+09:00 DEBUG 19468 --- [Shift Scheduler Demo] [           main] org.hibernate.SQL                        : select last_insert_rowid()
Hibernate: select last_insert_rowid()
2025-10-26T12:22:32.989+09:00 DEBUG 19468 --- [Shift Scheduler Demo] [           main] org.hibernate.SQL                        : insert into shift_assignments (employee_id,end_time,shift_name,start_time,work_date) values (?,?,?,?,?)
Hibernate: insert into shift_assignments (employee_id,end_time,shift_name,start_time,work_date) values (?,?,?,?,?)
2025-10-26T12:22:32.989+09:00 DEBUG 19468 --- [Shift Scheduler Demo] [           main] org.hibernate.SQL                        : select last_insert_rowid()
Hibernate: select last_insert_rowid()
2025-10-26T12:22:32.989+09:00 DEBUG 19468 --- [Shift Scheduler Demo] [           main] org.hibernate.SQL                        : insert into shift_assignments (employee_id,end_time,shift_name,start_time,work_date) values (?,?,?,?,?)
Hibernate: insert into shift_assignments (employee_id,end_time,shift_name,start_time,work_date) values (?,?,?,?,?)
2025-10-26T12:22:32.989+09:00 DEBUG 19468 --- [Shift Scheduler Demo] [           main] org.hibernate.SQL                        : select last_insert_rowid()
Hibernate: select last_insert_rowid()
2025-10-26T12:22:32.989+09:00 DEBUG 19468 --- [Shift Scheduler Demo] [           main] org.hibernate.SQL                        : insert into shift_assignments (employee_id,end_time,shift_name,start_time,work_date) values (?,?,?,?,?)
Hibernate: insert into shift_assignments (employee_id,end_time,shift_name,start_time,work_date) values (?,?,?,?,?)
2025-10-26T12:22:32.989+09:00 DEBUG 19468 --- [Shift Scheduler Demo] [           main] org.hibernate.SQL                        : select last_insert_rowid()
Hibernate: select last_insert_rowid()
2025-10-26T12:22:32.995+09:00 DEBUG 19468 --- [Shift Scheduler Demo] [           main] org.hibernate.SQL                        : insert into shift_assignments (employee_id,end_time,shift_name,start_time,work_date) values (?,?,?,?,?)
Hibernate: insert into shift_assignments (employee_id,end_time,shift_name,start_time,work_date) values (?,?,?,?,?)
2025-10-26T12:22:32.995+09:00 DEBUG 19468 --- [Shift Scheduler Demo] [           main] org.hibernate.SQL                        : select last_insert_rowid()
Hibernate: select last_insert_rowid()
2025-10-26T12:22:32.996+09:00 DEBUG 19468 --- [Shift Scheduler Demo] [           main] org.hibernate.SQL                        : insert into shift_assignments (employee_id,end_time,shift_name,start_time,work_date) values (?,?,?,?,?)
Hibernate: insert into shift_assignments (employee_id,end_time,shift_name,start_time,work_date) values (?,?,?,?,?)
2025-10-26T12:22:32.996+09:00 DEBUG 19468 --- [Shift Scheduler Demo] [           main] org.hibernate.SQL                        : select last_insert_rowid()
Hibernate: select last_insert_rowid()
2025-10-26T12:22:32.996+09:00 DEBUG 19468 --- [Shift Scheduler Demo] [           main] org.hibernate.SQL                        : insert into shift_assignments (employee_id,end_time,shift_name,start_time,work_date) values (?,?,?,?,?)
Hibernate: insert into shift_assignments (employee_id,end_time,shift_name,start_time,work_date) values (?,?,?,?,?)
2025-10-26T12:22:32.996+09:00 DEBUG 19468 --- [Shift Scheduler Demo] [           main] org.hibernate.SQL                        : select last_insert_rowid()
Hibernate: select last_insert_rowid()
2025-10-26T12:22:32.996+09:00 DEBUG 19468 --- [Shift Scheduler Demo] [           main] org.hibernate.SQL                        : insert into shift_assignments (employee_id,end_time,shift_name,start_time,work_date) values (?,?,?,?,?)
Hibernate: insert into shift_assignments (employee_id,end_time,shift_name,start_time,work_date) values (?,?,?,?,?)
2025-10-26T12:22:32.996+09:00 DEBUG 19468 --- [Shift Scheduler Demo] [           main] org.hibernate.SQL                        : select last_insert_rowid()
Hibernate: select last_insert_rowid()
2025-10-26T12:22:32.997+09:00 DEBUG 19468 --- [Shift Scheduler Demo] [           main] org.hibernate.SQL                        : insert into shift_assignments (employee_id,end_time,shift_name,start_time,work_date) values (?,?,?,?,?)
Hibernate: insert into shift_assignments (employee_id,end_time,shift_name,start_time,work_date) values (?,?,?,?,?)
2025-10-26T12:22:32.997+09:00 DEBUG 19468 --- [Shift Scheduler Demo] [           main] org.hibernate.SQL                        : select last_insert_rowid()
Hibernate: select last_insert_rowid()
2025-10-26T12:22:32.997+09:00 DEBUG 19468 --- [Shift Scheduler Demo] [           main] org.hibernate.SQL                        : insert into shift_assignments (employee_id,end_time,shift_name,start_time,work_date) values (?,?,?,?,?)
Hibernate: insert into shift_assignments (employee_id,end_time,shift_name,start_time,work_date) values (?,?,?,?,?)
2025-10-26T12:22:32.997+09:00 DEBUG 19468 --- [Shift Scheduler Demo] [           main] org.hibernate.SQL                        : select last_insert_rowid()
Hibernate: select last_insert_rowid()
2025-10-26T12:22:32.998+09:00 DEBUG 19468 --- [Shift Scheduler Demo] [           main] org.hibernate.SQL                        : insert into shift_assignments (employee_id,end_time,shift_name,start_time,work_date) values (?,?,?,?,?)
Hibernate: insert into shift_assignments (employee_id,end_time,shift_name,start_time,work_date) values (?,?,?,?,?)
2025-10-26T12:22:32.998+09:00 DEBUG 19468 --- [Shift Scheduler Demo] [           main] org.hibernate.SQL                        : select last_insert_rowid()
Hibernate: select last_insert_rowid()
2025-10-26T12:22:32.998+09:00 DEBUG 19468 --- [Shift Scheduler Demo] [           main] org.hibernate.SQL                        : insert into shift_assignments (employee_id,end_time,shift_name,start_time,work_date) values (?,?,?,?,?)
Hibernate: insert into shift_assignments (employee_id,end_time,shift_name,start_time,work_date) values (?,?,?,?,?)
2025-10-26T12:22:32.998+09:00 DEBUG 19468 --- [Shift Scheduler Demo] [           main] org.hibernate.SQL                        : select last_insert_rowid()
Hibernate: select last_insert_rowid()
2025-10-26T12:22:32.998+09:00 DEBUG 19468 --- [Shift Scheduler Demo] [           main] org.hibernate.SQL                        : insert into shift_assignments (employee_id,end_time,shift_name,start_time,work_date) values (?,?,?,?,?)
Hibernate: insert into shift_assignments (employee_id,end_time,shift_name,start_time,work_date) values (?,?,?,?,?)
2025-10-26T12:22:32.998+09:00 DEBUG 19468 --- [Shift Scheduler Demo] [           main] org.hibernate.SQL                        : select last_insert_rowid()
Hibernate: select last_insert_rowid()
2025-10-26T12:22:32.999+09:00 DEBUG 19468 --- [Shift Scheduler Demo] [           main] org.hibernate.SQL                        : insert into shift_assignments (employee_id,end_time,shift_name,start_time,work_date) values (?,?,?,?,?)
Hibernate: insert into shift_assignments (employee_id,end_time,shift_name,start_time,work_date) values (?,?,?,?,?)
2025-10-26T12:22:32.999+09:00 DEBUG 19468 --- [Shift Scheduler Demo] [           main] org.hibernate.SQL                        : select last_insert_rowid()
Hibernate: select last_insert_rowid()
2025-10-26T12:22:33.000+09:00 DEBUG 19468 --- [Shift Scheduler Demo] [           main] org.hibernate.SQL                        : insert into shift_assignments (employee_id,end_time,shift_name,start_time,work_date) values (?,?,?,?,?)
Hibernate: insert into shift_assignments (employee_id,end_time,shift_name,start_time,work_date) values (?,?,?,?,?)
2025-10-26T12:22:33.000+09:00 DEBUG 19468 --- [Shift Scheduler Demo] [           main] org.hibernate.SQL                        : select last_insert_rowid()
Hibernate: select last_insert_rowid()
2025-10-26T12:22:33.000+09:00 DEBUG 19468 --- [Shift Scheduler Demo] [           main] org.hibernate.SQL                        : insert into shift_assignments (employee_id,end_time,shift_name,start_time,work_date) values (?,?,?,?,?)
Hibernate: insert into shift_assignments (employee_id,end_time,shift_name,start_time,work_date) values (?,?,?,?,?)
2025-10-26T12:22:33.000+09:00 DEBUG 19468 --- [Shift Scheduler Demo] [           main] org.hibernate.SQL                        : select last_insert_rowid()
Hibernate: select last_insert_rowid()
2025-10-26T12:22:33.000+09:00 DEBUG 19468 --- [Shift Scheduler Demo] [           main] org.hibernate.SQL                        : insert into shift_assignments (employee_id,end_time,shift_name,start_time,work_date) values (?,?,?,?,?)
Hibernate: insert into shift_assignments (employee_id,end_time,shift_name,start_time,work_date) values (?,?,?,?,?)
2025-10-26T12:22:33.000+09:00 DEBUG 19468 --- [Shift Scheduler Demo] [           main] org.hibernate.SQL                        : select last_insert_rowid()
Hibernate: select last_insert_rowid()
2025-10-26T12:22:33.000+09:00 DEBUG 19468 --- [Shift Scheduler Demo] [           main] org.hibernate.SQL                        : insert into shift_assignments (employee_id,end_time,shift_name,start_time,work_date) values (?,?,?,?,?)
Hibernate: insert into shift_assignments (employee_id,end_time,shift_name,start_time,work_date) values (?,?,?,?,?)
2025-10-26T12:22:33.000+09:00 DEBUG 19468 --- [Shift Scheduler Demo] [           main] org.hibernate.SQL                        : select last_insert_rowid()
Hibernate: select last_insert_rowid()
2025-10-26T12:22:33.000+09:00 DEBUG 19468 --- [Shift Scheduler Demo] [           main] org.hibernate.SQL                        : insert into shift_assignments (employee_id,end_time,shift_name,start_time,work_date) values (?,?,?,?,?)
Hibernate: insert into shift_assignments (employee_id,end_time,shift_name,start_time,work_date) values (?,?,?,?,?)
2025-10-26T12:22:33.000+09:00 DEBUG 19468 --- [Shift Scheduler Demo] [           main] org.hibernate.SQL                        : select last_insert_rowid()
Hibernate: select last_insert_rowid()
2025-10-26T12:22:33.000+09:00 DEBUG 19468 --- [Shift Scheduler Demo] [           main] org.hibernate.SQL                        : insert into shift_assignments (employee_id,end_time,shift_name,start_time,work_date) values (?,?,?,?,?)
Hibernate: insert into shift_assignments (employee_id,end_time,shift_name,start_time,work_date) values (?,?,?,?,?)
2025-10-26T12:22:33.000+09:00 DEBUG 19468 --- [Shift Scheduler Demo] [           main] org.hibernate.SQL                        : select last_insert_rowid()
Hibernate: select last_insert_rowid()
2025-10-26T12:22:33.000+09:00 DEBUG 19468 --- [Shift Scheduler Demo] [           main] org.hibernate.SQL                        : insert into shift_assignments (employee_id,end_time,shift_name,start_time,work_date) values (?,?,?,?,?)
Hibernate: insert into shift_assignments (employee_id,end_time,shift_name,start_time,work_date) values (?,?,?,?,?)
2025-10-26T12:22:33.004+09:00 DEBUG 19468 --- [Shift Scheduler Demo] [           main] org.hibernate.SQL                        : select last_insert_rowid()
Hibernate: select last_insert_rowid()
2025-10-26T12:22:33.004+09:00 DEBUG 19468 --- [Shift Scheduler Demo] [           main] org.hibernate.SQL                        : insert into shift_assignments (employee_id,end_time,shift_name,start_time,work_date) values (?,?,?,?,?)
Hibernate: insert into shift_assignments (employee_id,end_time,shift_name,start_time,work_date) values (?,?,?,?,?)
2025-10-26T12:22:33.004+09:00 DEBUG 19468 --- [Shift Scheduler Demo] [           main] org.hibernate.SQL                        : select last_insert_rowid()
Hibernate: select last_insert_rowid()
2025-10-26T12:22:33.004+09:00 DEBUG 19468 --- [Shift Scheduler Demo] [           main] org.hibernate.SQL                        : insert into shift_assignments (employee_id,end_time,shift_name,start_time,work_date) values (?,?,?,?,?)
Hibernate: insert into shift_assignments (employee_id,end_time,shift_name,start_time,work_date) values (?,?,?,?,?)
2025-10-26T12:22:33.006+09:00 DEBUG 19468 --- [Shift Scheduler Demo] [           main] org.hibernate.SQL                        : select last_insert_rowid()
Hibernate: select last_insert_rowid()
2025-10-26T12:22:33.008+09:00 DEBUG 19468 --- [Shift Scheduler Demo] [           main] org.hibernate.SQL                        : insert into shift_assignments (employee_id,end_time,shift_name,start_time,work_date) values (?,?,?,?,?)
Hibernate: insert into shift_assignments (employee_id,end_time,shift_name,start_time,work_date) values (?,?,?,?,?)
2025-10-26T12:22:33.009+09:00 DEBUG 19468 --- [Shift Scheduler Demo] [           main] org.hibernate.SQL                        : select last_insert_rowid()
Hibernate: select last_insert_rowid()
2025-10-26T12:22:33.009+09:00 DEBUG 19468 --- [Shift Scheduler Demo] [           main] org.hibernate.SQL                        : insert into shift_assignments (employee_id,end_time,shift_name,start_time,work_date) values (?,?,?,?,?)
Hibernate: insert into shift_assignments (employee_id,end_time,shift_name,start_time,work_date) values (?,?,?,?,?)
2025-10-26T12:22:33.010+09:00 DEBUG 19468 --- [Shift Scheduler Demo] [           main] org.hibernate.SQL                        : select last_insert_rowid()
Hibernate: select last_insert_rowid()
2025-10-26T12:22:33.010+09:00 DEBUG 19468 --- [Shift Scheduler Demo] [           main] org.hibernate.SQL                        : insert into shift_assignments (employee_id,end_time,shift_name,start_time,work_date) values (?,?,?,?,?)
Hibernate: insert into shift_assignments (employee_id,end_time,shift_name,start_time,work_date) values (?,?,?,?,?)
2025-10-26T12:22:33.010+09:00 DEBUG 19468 --- [Shift Scheduler Demo] [           main] org.hibernate.SQL                        : select last_insert_rowid()
Hibernate: select last_insert_rowid()
2025-10-26T12:22:33.011+09:00 DEBUG 19468 --- [Shift Scheduler Demo] [           main] org.hibernate.SQL                        : insert into shift_assignments (employee_id,end_time,shift_name,start_time,work_date) values (?,?,?,?,?)
Hibernate: insert into shift_assignments (employee_id,end_time,shift_name,start_time,work_date) values (?,?,?,?,?)
2025-10-26T12:22:33.012+09:00 DEBUG 19468 --- [Shift Scheduler Demo] [           main] org.hibernate.SQL                        : select last_insert_rowid()
Hibernate: select last_insert_rowid()
2025-10-26T12:22:33.012+09:00 DEBUG 19468 --- [Shift Scheduler Demo] [           main] org.hibernate.SQL                        : insert into shift_assignments (employee_id,end_time,shift_name,start_time,work_date) values (?,?,?,?,?)
Hibernate: insert into shift_assignments (employee_id,end_time,shift_name,start_time,work_date) values (?,?,?,?,?)
2025-10-26T12:22:33.012+09:00 DEBUG 19468 --- [Shift Scheduler Demo] [           main] org.hibernate.SQL                        : select last_insert_rowid()
Hibernate: select last_insert_rowid()
2025-10-26T12:22:33.014+09:00 DEBUG 19468 --- [Shift Scheduler Demo] [           main] org.hibernate.SQL                        : insert into shift_assignments (employee_id,end_time,shift_name,start_time,work_date) values (?,?,?,?,?)
Hibernate: insert into shift_assignments (employee_id,end_time,shift_name,start_time,work_date) values (?,?,?,?,?)
2025-10-26T12:22:33.014+09:00 DEBUG 19468 --- [Shift Scheduler Demo] [           main] org.hibernate.SQL                        : select last_insert_rowid()
Hibernate: select last_insert_rowid()
2025-10-26T12:22:33.014+09:00 DEBUG 19468 --- [Shift Scheduler Demo] [           main] org.hibernate.SQL                        : insert into shift_assignments (employee_id,end_time,shift_name,start_time,work_date) values (?,?,?,?,?)
Hibernate: insert into shift_assignments (employee_id,end_time,shift_name,start_time,work_date) values (?,?,?,?,?)
2025-10-26T12:22:33.014+09:00 DEBUG 19468 --- [Shift Scheduler Demo] [           main] org.hibernate.SQL                        : select last_insert_rowid()
Hibernate: select last_insert_rowid()
2025-10-26T12:22:33.014+09:00 DEBUG 19468 --- [Shift Scheduler Demo] [           main] org.hibernate.SQL                        : insert into shift_assignments (employee_id,end_time,shift_name,start_time,work_date) values (?,?,?,?,?)
Hibernate: insert into shift_assignments (employee_id,end_time,shift_name,start_time,work_date) values (?,?,?,?,?)
2025-10-26T12:22:33.014+09:00 DEBUG 19468 --- [Shift Scheduler Demo] [           main] org.hibernate.SQL                        : select last_insert_rowid()
Hibernate: select last_insert_rowid()
2025-10-26T12:22:33.018+09:00 DEBUG 19468 --- [Shift Scheduler Demo] [           main] org.hibernate.SQL                        : insert into shift_assignments (employee_id,end_time,shift_name,start_time,work_date) values (?,?,?,?,?)
Hibernate: insert into shift_assignments (employee_id,end_time,shift_name,start_time,work_date) values (?,?,?,?,?)
2025-10-26T12:22:33.018+09:00 DEBUG 19468 --- [Shift Scheduler Demo] [           main] org.hibernate.SQL                        : select last_insert_rowid()
Hibernate: select last_insert_rowid()
2025-10-26T12:22:33.019+09:00 DEBUG 19468 --- [Shift Scheduler Demo] [           main] org.hibernate.SQL                        : insert into shift_assignments (employee_id,end_time,shift_name,start_time,work_date) values (?,?,?,?,?)
Hibernate: insert into shift_assignments (employee_id,end_time,shift_name,start_time,work_date) values (?,?,?,?,?)
2025-10-26T12:22:33.019+09:00 DEBUG 19468 --- [Shift Scheduler Demo] [           main] org.hibernate.SQL                        : select last_insert_rowid()
Hibernate: select last_insert_rowid()
2025-10-26T12:22:33.020+09:00 DEBUG 19468 --- [Shift Scheduler Demo] [           main] org.hibernate.SQL                        : insert into shift_assignments (employee_id,end_time,shift_name,start_time,work_date) values (?,?,?,?,?)
Hibernate: insert into shift_assignments (employee_id,end_time,shift_name,start_time,work_date) values (?,?,?,?,?)
2025-10-26T12:22:33.022+09:00 DEBUG 19468 --- [Shift Scheduler Demo] [           main] org.hibernate.SQL                        : select last_insert_rowid()
Hibernate: select last_insert_rowid()
2025-10-26T12:22:33.024+09:00 DEBUG 19468 --- [Shift Scheduler Demo] [           main] org.hibernate.SQL                        : insert into shift_assignments (employee_id,end_time,shift_name,start_time,work_date) values (?,?,?,?,?)
Hibernate: insert into shift_assignments (employee_id,end_time,shift_name,start_time,work_date) values (?,?,?,?,?)
2025-10-26T12:22:33.024+09:00 DEBUG 19468 --- [Shift Scheduler Demo] [           main] org.hibernate.SQL                        : select last_insert_rowid()
Hibernate: select last_insert_rowid()
2025-10-26T12:22:33.025+09:00 DEBUG 19468 --- [Shift Scheduler Demo] [           main] org.hibernate.SQL                        : insert into shift_assignments (employee_id,end_time,shift_name,start_time,work_date) values (?,?,?,?,?)
Hibernate: insert into shift_assignments (employee_id,end_time,shift_name,start_time,work_date) values (?,?,?,?,?)
2025-10-26T12:22:33.025+09:00 DEBUG 19468 --- [Shift Scheduler Demo] [           main] org.hibernate.SQL                        : select last_insert_rowid()
Hibernate: select last_insert_rowid()
2025-10-26T12:22:33.025+09:00 DEBUG 19468 --- [Shift Scheduler Demo] [           main] org.hibernate.SQL                        : insert into shift_assignments (employee_id,end_time,shift_name,start_time,work_date) values (?,?,?,?,?)
Hibernate: insert into shift_assignments (employee_id,end_time,shift_name,start_time,work_date) values (?,?,?,?,?)
2025-10-26T12:22:33.026+09:00 DEBUG 19468 --- [Shift Scheduler Demo] [           main] org.hibernate.SQL                        : select last_insert_rowid()
Hibernate: select last_insert_rowid()
2025-10-26T12:22:33.027+09:00 DEBUG 19468 --- [Shift Scheduler Demo] [           main] org.hibernate.SQL                        : insert into shift_assignments (employee_id,end_time,shift_name,start_time,work_date) values (?,?,?,?,?)
Hibernate: insert into shift_assignments (employee_id,end_time,shift_name,start_time,work_date) values (?,?,?,?,?)
2025-10-26T12:22:33.027+09:00 DEBUG 19468 --- [Shift Scheduler Demo] [           main] org.hibernate.SQL                        : select last_insert_rowid()
Hibernate: select last_insert_rowid()
2025-10-26T12:22:33.062+09:00 DEBUG 19468 --- [Shift Scheduler Demo] [           main] org.hibernate.SQL                        : insert into shift_assignments (employee_id,end_time,shift_name,start_time,work_date) values (?,?,?,?,?)
Hibernate: insert into shift_assignments (employee_id,end_time,shift_name,start_time,work_date) values (?,?,?,?,?)
2025-10-26T12:22:33.064+09:00 DEBUG 19468 --- [Shift Scheduler Demo] [           main] org.hibernate.SQL                        : select last_insert_rowid()
Hibernate: select last_insert_rowid()
2025-10-26T12:22:33.064+09:00 DEBUG 19468 --- [Shift Scheduler Demo] [           main] org.hibernate.SQL                        : insert into shift_assignments (employee_id,end_time,shift_name,start_time,work_date) values (?,?,?,?,?)
Hibernate: insert into shift_assignments (employee_id,end_time,shift_name,start_time,work_date) values (?,?,?,?,?)
2025-10-26T12:22:33.064+09:00 DEBUG 19468 --- [Shift Scheduler Demo] [           main] org.hibernate.SQL                        : select last_insert_rowid()
Hibernate: select last_insert_rowid()
2025-10-26T12:22:33.064+09:00 DEBUG 19468 --- [Shift Scheduler Demo] [           main] org.hibernate.SQL                        : insert into shift_assignments (employee_id,end_time,shift_name,start_time,work_date) values (?,?,?,?,?)
Hibernate: insert into shift_assignments (employee_id,end_time,shift_name,start_time,work_date) values (?,?,?,?,?)
2025-10-26T12:22:33.064+09:00 DEBUG 19468 --- [Shift Scheduler Demo] [           main] org.hibernate.SQL                        : select last_insert_rowid()
Hibernate: select last_insert_rowid()
2025-10-26T12:22:33.066+09:00 DEBUG 19468 --- [Shift Scheduler Demo] [           main] org.hibernate.SQL                        : insert into shift_assignments (employee_id,end_time,shift_name,start_time,work_date) values (?,?,?,?,?)
Hibernate: insert into shift_assignments (employee_id,end_time,shift_name,start_time,work_date) values (?,?,?,?,?)
2025-10-26T12:22:33.066+09:00 DEBUG 19468 --- [Shift Scheduler Demo] [           main] org.hibernate.SQL                        : select last_insert_rowid()
Hibernate: select last_insert_rowid()
2025-10-26T12:22:33.066+09:00 DEBUG 19468 --- [Shift Scheduler Demo] [           main] org.hibernate.SQL                        : insert into shift_assignments (employee_id,end_time,shift_name,start_time,work_date) values (?,?,?,?,?)
Hibernate: insert into shift_assignments (employee_id,end_time,shift_name,start_time,work_date) values (?,?,?,?,?)
2025-10-26T12:22:33.066+09:00 DEBUG 19468 --- [Shift Scheduler Demo] [           main] org.hibernate.SQL                        : select last_insert_rowid()
Hibernate: select last_insert_rowid()
2025-10-26T12:22:33.066+09:00 DEBUG 19468 --- [Shift Scheduler Demo] [           main] org.hibernate.SQL                        : insert into shift_assignments (employee_id,end_time,shift_name,start_time,work_date) values (?,?,?,?,?)
Hibernate: insert into shift_assignments (employee_id,end_time,shift_name,start_time,work_date) values (?,?,?,?,?)
2025-10-26T12:22:33.066+09:00 DEBUG 19468 --- [Shift Scheduler Demo] [           main] org.hibernate.SQL                        : select last_insert_rowid()
Hibernate: select last_insert_rowid()
2025-10-26T12:22:33.066+09:00 DEBUG 19468 --- [Shift Scheduler Demo] [           main] org.hibernate.SQL                        : insert into shift_assignments (employee_id,end_time,shift_name,start_time,work_date) values (?,?,?,?,?)
Hibernate: insert into shift_assignments (employee_id,end_time,shift_name,start_time,work_date) values (?,?,?,?,?)
2025-10-26T12:22:33.066+09:00 DEBUG 19468 --- [Shift Scheduler Demo] [           main] org.hibernate.SQL                        : select last_insert_rowid()
Hibernate: select last_insert_rowid()
2025-10-26T12:22:33.066+09:00 DEBUG 19468 --- [Shift Scheduler Demo] [           main] org.hibernate.SQL                        : insert into shift_assignments (employee_id,end_time,shift_name,start_time,work_date) values (?,?,?,?,?)
Hibernate: insert into shift_assignments (employee_id,end_time,shift_name,start_time,work_date) values (?,?,?,?,?)
2025-10-26T12:22:33.066+09:00 DEBUG 19468 --- [Shift Scheduler Demo] [           main] org.hibernate.SQL                        : select last_insert_rowid()
Hibernate: select last_insert_rowid()
2025-10-26T12:22:33.066+09:00 DEBUG 19468 --- [Shift Scheduler Demo] [           main] org.hibernate.SQL                        : insert into shift_assignments (employee_id,end_time,shift_name,start_time,work_date) values (?,?,?,?,?)
Hibernate: insert into shift_assignments (employee_id,end_time,shift_name,start_time,work_date) values (?,?,?,?,?)
2025-10-26T12:22:33.066+09:00 DEBUG 19468 --- [Shift Scheduler Demo] [           main] org.hibernate.SQL                        : select last_insert_rowid()
Hibernate: select last_insert_rowid()
2025-10-26T12:22:33.066+09:00 DEBUG 19468 --- [Shift Scheduler Demo] [           main] org.hibernate.SQL                        : insert into shift_assignments (employee_id,end_time,shift_name,start_time,work_date) values (?,?,?,?,?)
Hibernate: insert into shift_assignments (employee_id,end_time,shift_name,start_time,work_date) values (?,?,?,?,?)
2025-10-26T12:22:33.066+09:00 DEBUG 19468 --- [Shift Scheduler Demo] [           main] org.hibernate.SQL                        : select last_insert_rowid()
Hibernate: select last_insert_rowid()
2025-10-26T12:22:33.068+09:00 DEBUG 19468 --- [Shift Scheduler Demo] [           main] org.hibernate.SQL                        : insert into shift_assignments (employee_id,end_time,shift_name,start_time,work_date) values (?,?,?,?,?)
Hibernate: insert into shift_assignments (employee_id,end_time,shift_name,start_time,work_date) values (?,?,?,?,?)
2025-10-26T12:22:33.068+09:00 DEBUG 19468 --- [Shift Scheduler Demo] [           main] org.hibernate.SQL                        : select last_insert_rowid()
Hibernate: select last_insert_rowid()
2025-10-26T12:22:33.068+09:00 DEBUG 19468 --- [Shift Scheduler Demo] [           main] org.hibernate.SQL                        : insert into shift_assignments (employee_id,end_time,shift_name,start_time,work_date) values (?,?,?,?,?)
Hibernate: insert into shift_assignments (employee_id,end_time,shift_name,start_time,work_date) values (?,?,?,?,?)
2025-10-26T12:22:33.068+09:00 DEBUG 19468 --- [Shift Scheduler Demo] [           main] org.hibernate.SQL                        : select last_insert_rowid()
Hibernate: select last_insert_rowid()
2025-10-26T12:22:33.068+09:00 DEBUG 19468 --- [Shift Scheduler Demo] [           main] org.hibernate.SQL                        : insert into shift_assignments (employee_id,end_time,shift_name,start_time,work_date) values (?,?,?,?,?)
Hibernate: insert into shift_assignments (employee_id,end_time,shift_name,start_time,work_date) values (?,?,?,?,?)
2025-10-26T12:22:33.068+09:00 DEBUG 19468 --- [Shift Scheduler Demo] [           main] org.hibernate.SQL                        : select last_insert_rowid()
Hibernate: select last_insert_rowid()
2025-10-26T12:22:33.068+09:00 DEBUG 19468 --- [Shift Scheduler Demo] [           main] org.hibernate.SQL                        : insert into shift_assignments (employee_id,end_time,shift_name,start_time,work_date) values (?,?,?,?,?)
Hibernate: insert into shift_assignments (employee_id,end_time,shift_name,start_time,work_date) values (?,?,?,?,?)
2025-10-26T12:22:33.068+09:00 DEBUG 19468 --- [Shift Scheduler Demo] [           main] org.hibernate.SQL                        : select last_insert_rowid()
Hibernate: select last_insert_rowid()
2025-10-26T12:22:33.068+09:00 DEBUG 19468 --- [Shift Scheduler Demo] [           main] org.hibernate.SQL                        : insert into shift_assignments (employee_id,end_time,shift_name,start_time,work_date) values (?,?,?,?,?)
Hibernate: insert into shift_assignments (employee_id,end_time,shift_name,start_time,work_date) values (?,?,?,?,?)
2025-10-26T12:22:33.068+09:00 DEBUG 19468 --- [Shift Scheduler Demo] [           main] org.hibernate.SQL                        : select last_insert_rowid()
Hibernate: select last_insert_rowid()
2025-10-26T12:22:33.068+09:00 DEBUG 19468 --- [Shift Scheduler Demo] [           main] org.hibernate.SQL                        : insert into shift_assignments (employee_id,end_time,shift_name,start_time,work_date) values (?,?,?,?,?)
Hibernate: insert into shift_assignments (employee_id,end_time,shift_name,start_time,work_date) values (?,?,?,?,?)
2025-10-26T12:22:33.068+09:00 DEBUG 19468 --- [Shift Scheduler Demo] [           main] org.hibernate.SQL                        : select last_insert_rowid()
Hibernate: select last_insert_rowid()
2025-10-26T12:22:33.068+09:00 DEBUG 19468 --- [Shift Scheduler Demo] [           main] org.hibernate.SQL                        : insert into shift_assignments (employee_id,end_time,shift_name,start_time,work_date) values (?,?,?,?,?)
Hibernate: insert into shift_assignments (employee_id,end_time,shift_name,start_time,work_date) values (?,?,?,?,?)
2025-10-26T12:22:33.068+09:00 DEBUG 19468 --- [Shift Scheduler Demo] [           main] org.hibernate.SQL                        : select last_insert_rowid()
Hibernate: select last_insert_rowid()
2025-10-26T12:22:33.070+09:00 DEBUG 19468 --- [Shift Scheduler Demo] [           main] org.hibernate.SQL                        : insert into shift_assignments (employee_id,end_time,shift_name,start_time,work_date) values (?,?,?,?,?)
Hibernate: insert into shift_assignments (employee_id,end_time,shift_name,start_time,work_date) values (?,?,?,?,?)
2025-10-26T12:22:33.070+09:00 DEBUG 19468 --- [Shift Scheduler Demo] [           main] org.hibernate.SQL                        : select last_insert_rowid()
Hibernate: select last_insert_rowid()
2025-10-26T12:22:33.071+09:00  INFO 19468 --- [Shift Scheduler Demo] [           main] c.e.shiftv1.schedule.ScheduleService     : �V�t�g�������������܂���: 92���̊��蓖�Ă𐶐�
2025-10-26T12:22:33.073+09:00 DEBUG 19468 --- [Shift Scheduler Demo] [           main] org.hibernate.SQL                        : select sc1_0.id,sc1_0.is_active,sc1_0.created_at,sc1_0.day_of_week,sc1_0.end_time,sc1_0.is_holiday,sc1_0.name,sc1_0.required_employees,sc1_0.required_skill_id,sc1_0.start_time,sc1_0.updated_at from shift_config sc1_0 where sc1_0.is_active=1
Hibernate: select sc1_0.id,sc1_0.is_active,sc1_0.created_at,sc1_0.day_of_week,sc1_0.end_time,sc1_0.is_holiday,sc1_0.name,sc1_0.required_employees,sc1_0.required_skill_id,sc1_0.start_time,sc1_0.updated_at from shift_config sc1_0 where sc1_0.is_active=1
2025-10-26T12:22:33.075+09:00 DEBUG 19468 --- [Shift Scheduler Demo] [           main] org.hibernate.SQL                        : select h1_0.date from holidays h1_0 where h1_0.date between ? and ?
Hibernate: select h1_0.date from holidays h1_0 where h1_0.date between ? and ?
2025-10-26T12:22:33.079+09:00 DEBUG 19468 --- [Shift Scheduler Demo] [           main] org.hibernate.SQL                        : select h1_0.date from holidays h1_0 where h1_0.date between ? and ?
Hibernate: select h1_0.date from holidays h1_0 where h1_0.date between ? and ?
2025-10-26T12:22:33.082+09:00 DEBUG 19468 --- [Shift Scheduler Demo] [           main] org.hibernate.SQL                        : select h1_0.date from holidays h1_0 where h1_0.date between ? and ?
Hibernate: select h1_0.date from holidays h1_0 where h1_0.date between ? and ?
2025-10-26T12:22:33.082+09:00 DEBUG 19468 --- [Shift Scheduler Demo] [           main] org.hibernate.SQL                        : select h1_0.date from holidays h1_0 where h1_0.date between ? and ?
Hibernate: select h1_0.date from holidays h1_0 where h1_0.date between ? and ?
2025-10-26T12:22:33.084+09:00 DEBUG 19468 --- [Shift Scheduler Demo] [           main] org.hibernate.SQL                        : select h1_0.date from holidays h1_0 where h1_0.date between ? and ?
Hibernate: select h1_0.date from holidays h1_0 where h1_0.date between ? and ?
2025-10-26T12:22:33.084+09:00 DEBUG 19468 --- [Shift Scheduler Demo] [           main] org.hibernate.SQL                        : select h1_0.date from holidays h1_0 where h1_0.date between ? and ?
Hibernate: select h1_0.date from holidays h1_0 where h1_0.date between ? and ?
2025-10-26T12:22:33.098+09:00 DEBUG 19468 --- [Shift Scheduler Demo] [           main] org.hibernate.SQL                        : select h1_0.date from holidays h1_0 where h1_0.date between ? and ?
Hibernate: select h1_0.date from holidays h1_0 where h1_0.date between ? and ?
2025-10-26T12:22:33.098+09:00 DEBUG 19468 --- [Shift Scheduler Demo] [           main] org.hibernate.SQL                        : select h1_0.date from holidays h1_0 where h1_0.date between ? and ?
Hibernate: select h1_0.date from holidays h1_0 where h1_0.date between ? and ?
2025-10-26T12:22:33.098+09:00 DEBUG 19468 --- [Shift Scheduler Demo] [           main] org.hibernate.SQL                        : select h1_0.date from holidays h1_0 where h1_0.date between ? and ?
Hibernate: select h1_0.date from holidays h1_0 where h1_0.date between ? and ?
2025-10-26T12:22:33.098+09:00 DEBUG 19468 --- [Shift Scheduler Demo] [           main] org.hibernate.SQL                        : select h1_0.date from holidays h1_0 where h1_0.date between ? and ?
Hibernate: select h1_0.date from holidays h1_0 where h1_0.date between ? and ?
2025-10-26T12:22:33.105+09:00 DEBUG 19468 --- [Shift Scheduler Demo] [           main] org.hibernate.SQL                        : select h1_0.date from holidays h1_0 where h1_0.date between ? and ?
Hibernate: select h1_0.date from holidays h1_0 where h1_0.date between ? and ?
2025-10-26T12:22:33.107+09:00 DEBUG 19468 --- [Shift Scheduler Demo] [           main] org.hibernate.SQL                        : select h1_0.date from holidays h1_0 where h1_0.date between ? and ?
Hibernate: select h1_0.date from holidays h1_0 where h1_0.date between ? and ?
2025-10-26T12:22:33.110+09:00 DEBUG 19468 --- [Shift Scheduler Demo] [           main] org.hibernate.SQL                        : select h1_0.date from holidays h1_0 where h1_0.date between ? and ?
Hibernate: select h1_0.date from holidays h1_0 where h1_0.date between ? and ?
2025-10-26T12:22:33.113+09:00 DEBUG 19468 --- [Shift Scheduler Demo] [           main] org.hibernate.SQL                        : select h1_0.date from holidays h1_0 where h1_0.date between ? and ?
Hibernate: select h1_0.date from holidays h1_0 where h1_0.date between ? and ?
2025-10-26T12:22:33.113+09:00 DEBUG 19468 --- [Shift Scheduler Demo] [           main] org.hibernate.SQL                        : select h1_0.date from holidays h1_0 where h1_0.date between ? and ?
Hibernate: select h1_0.date from holidays h1_0 where h1_0.date between ? and ?
2025-10-26T12:22:33.116+09:00 DEBUG 19468 --- [Shift Scheduler Demo] [           main] org.hibernate.SQL                        : select h1_0.date from holidays h1_0 where h1_0.date between ? and ?
Hibernate: select h1_0.date from holidays h1_0 where h1_0.date between ? and ?
2025-10-26T12:22:33.118+09:00 DEBUG 19468 --- [Shift Scheduler Demo] [           main] org.hibernate.SQL                        : select h1_0.date from holidays h1_0 where h1_0.date between ? and ?
Hibernate: select h1_0.date from holidays h1_0 where h1_0.date between ? and ?
2025-10-26T12:22:33.119+09:00 DEBUG 19468 --- [Shift Scheduler Demo] [           main] org.hibernate.SQL                        : select h1_0.date from holidays h1_0 where h1_0.date between ? and ?
Hibernate: select h1_0.date from holidays h1_0 where h1_0.date between ? and ?
2025-10-26T12:22:33.123+09:00 DEBUG 19468 --- [Shift Scheduler Demo] [           main] org.hibernate.SQL                        : select h1_0.date from holidays h1_0 where h1_0.date between ? and ?
Hibernate: select h1_0.date from holidays h1_0 where h1_0.date between ? and ?
2025-10-26T12:22:33.123+09:00 DEBUG 19468 --- [Shift Scheduler Demo] [           main] org.hibernate.SQL                        : select h1_0.date from holidays h1_0 where h1_0.date between ? and ?
Hibernate: select h1_0.date from holidays h1_0 where h1_0.date between ? and ?
2025-10-26T12:22:33.125+09:00 DEBUG 19468 --- [Shift Scheduler Demo] [           main] org.hibernate.SQL                        : select h1_0.date from holidays h1_0 where h1_0.date between ? and ?
Hibernate: select h1_0.date from holidays h1_0 where h1_0.date between ? and ?
2025-10-26T12:22:33.128+09:00 DEBUG 19468 --- [Shift Scheduler Demo] [           main] org.hibernate.SQL                        : select h1_0.date from holidays h1_0 where h1_0.date between ? and ?
Hibernate: select h1_0.date from holidays h1_0 where h1_0.date between ? and ?
2025-10-26T12:22:33.128+09:00 DEBUG 19468 --- [Shift Scheduler Demo] [           main] org.hibernate.SQL                        : select h1_0.date from holidays h1_0 where h1_0.date between ? and ?
Hibernate: select h1_0.date from holidays h1_0 where h1_0.date between ? and ?
2025-10-26T12:22:33.130+09:00 DEBUG 19468 --- [Shift Scheduler Demo] [           main] org.hibernate.SQL                        : select h1_0.date from holidays h1_0 where h1_0.date between ? and ?
Hibernate: select h1_0.date from holidays h1_0 where h1_0.date between ? and ?
2025-10-26T12:22:33.130+09:00 DEBUG 19468 --- [Shift Scheduler Demo] [           main] org.hibernate.SQL                        : select h1_0.date from holidays h1_0 where h1_0.date between ? and ?
Hibernate: select h1_0.date from holidays h1_0 where h1_0.date between ? and ?
2025-10-26T12:22:33.132+09:00 DEBUG 19468 --- [Shift Scheduler Demo] [           main] org.hibernate.SQL                        : select h1_0.date from holidays h1_0 where h1_0.date between ? and ?
Hibernate: select h1_0.date from holidays h1_0 where h1_0.date between ? and ?
2025-10-26T12:22:33.132+09:00 DEBUG 19468 --- [Shift Scheduler Demo] [           main] org.hibernate.SQL                        : select h1_0.date from holidays h1_0 where h1_0.date between ? and ?
Hibernate: select h1_0.date from holidays h1_0 where h1_0.date between ? and ?
2025-10-26T12:22:33.134+09:00 DEBUG 19468 --- [Shift Scheduler Demo] [           main] org.hibernate.SQL                        : select h1_0.date from holidays h1_0 where h1_0.date between ? and ?
Hibernate: select h1_0.date from holidays h1_0 where h1_0.date between ? and ?
2025-10-26T12:22:33.136+09:00 DEBUG 19468 --- [Shift Scheduler Demo] [           main] org.hibernate.SQL                        : select h1_0.date from holidays h1_0 where h1_0.date between ? and ?
Hibernate: select h1_0.date from holidays h1_0 where h1_0.date between ? and ?
2025-10-26T12:22:33.138+09:00 DEBUG 19468 --- [Shift Scheduler Demo] [           main] org.hibernate.SQL                        : select h1_0.date from holidays h1_0 where h1_0.date between ? and ?
Hibernate: select h1_0.date from holidays h1_0 where h1_0.date between ? and ?
2025-10-26T12:22:33.140+09:00 DEBUG 19468 --- [Shift Scheduler Demo] [           main] org.hibernate.SQL                        : select h1_0.date from holidays h1_0 where h1_0.date between ? and ?
Hibernate: select h1_0.date from holidays h1_0 where h1_0.date between ? and ?
2025-10-26T12:22:33.146+09:00 DEBUG 19468 --- [Shift Scheduler Demo] [           main] org.hibernate.SQL                        : select count(*) from employees e1_0
Hibernate: select count(*) from employees e1_0
]]></system-out>
  </testcase>
</testsuite>