<?xml version="1.0" encoding="UTF-8"?>
<testsuite xmlns:xsi="http://www.w3.org/2001/XMLSchema-instance" xsi:noNamespaceSchemaLocation="https://maven.apache.org/surefire/maven-surefire-plugin/xsd/surefire-test-report-3.0.xsd" version="3.0" name="com.example.shiftv1.schedule.October2025GenerationTest" time="16.072" tests="1" errors="0" skipped="0" failures="0">
  <properties>
    <property name="java.specification.version" value="23"/>
    <property name="sun.cpu.isalist" value="amd64"/>
    <property name="sun.jnu.encoding" value="MS932"/>
    <property name="java.class.path" value="C:\Users\takow\Documents\02_programming\java\shiftv1\target\test-classes;C:\Users\takow\Documents\02_programming\java\shiftv1\target\classes;C:\Users\takow\.m2\repository\org\springframework\boot\spring-boot-starter-web\3.2.5\spring-boot-starter-web-3.2.5.jar;C:\Users\takow\.m2\repository\org\springframework\boot\spring-boot-starter\3.2.5\spring-boot-starter-3.2.5.jar;C:\Users\takow\.m2\repository\org\springframework\boot\spring-boot\3.2.5\spring-boot-3.2.5.jar;C:\Users\takow\.m2\repository\org\springframework\boot\spring-boot-autoconfigure\3.2.5\spring-boot-autoconfigure-3.2.5.jar;C:\Users\takow\.m2\repository\org\springframework\boot\spring-boot-starter-logging\3.2.5\spring-boot-starter-logging-3.2.5.jar;C:\Users\takow\.m2\repository\ch\qos\logback\logback-classic\1.4.14\logback-classic-1.4.14.jar;C:\Users\takow\.m2\repository\ch\qos\logback\logback-core\1.4.14\logback-core-1.4.14.jar;C:\Users\takow\.m2\repository\org\apache\logging\log4j\log4j-to-slf4j\2.21.1\log4j-to-slf4j-2.21.1.jar;C:\Users\takow\.m2\repository\org\apache\logging\log4j\log4j-api\2.21.1\log4j-api-2.21.1.jar;C:\Users\takow\.m2\repository\org\slf4j\jul-to-slf4j\2.0.13\jul-to-slf4j-2.0.13.jar;C:\Users\takow\.m2\repository\jakarta\annotation\jakarta.annotation-api\2.1.1\jakarta.annotation-api-2.1.1.jar;C:\Users\takow\.m2\repository\org\yaml\snakeyaml\2.2\snakeyaml-2.2.jar;C:\Users\takow\.m2\repository\org\springframework\boot\spring-boot-starter-json\3.2.5\spring-boot-starter-json-3.2.5.jar;C:\Users\takow\.m2\repository\com\fasterxml\jackson\core\jackson-databind\2.15.4\jackson-databind-2.15.4.jar;C:\Users\takow\.m2\repository\com\fasterxml\jackson\core\jackson-annotations\2.15.4\jackson-annotations-2.15.4.jar;C:\Users\takow\.m2\repository\com\fasterxml\jackson\core\jackson-core\2.15.4\jackson-core-2.15.4.jar;C:\Users\takow\.m2\repository\com\fasterxml\jackson\datatype\jackson-datatype-jdk8\2.15.4\jackson-datatype-jdk8-2.15.4.jar;C:\Users\takow\.m2\repository\com\fasterxml\jackson\datatype\jackson-datatype-jsr310\2.15.4\jackson-datatype-jsr310-2.15.4.jar;C:\Users\takow\.m2\repository\com\fasterxml\jackson\module\jackson-module-parameter-names\2.15.4\jackson-module-parameter-names-2.15.4.jar;C:\Users\takow\.m2\repository\org\springframework\boot\spring-boot-starter-tomcat\3.2.5\spring-boot-starter-tomcat-3.2.5.jar;C:\Users\takow\.m2\repository\org\apache\tomcat\embed\tomcat-embed-core\10.1.20\tomcat-embed-core-10.1.20.jar;C:\Users\takow\.m2\repository\org\apache\tomcat\embed\tomcat-embed-websocket\10.1.20\tomcat-embed-websocket-10.1.20.jar;C:\Users\takow\.m2\repository\org\springframework\spring-web\6.1.6\spring-web-6.1.6.jar;C:\Users\takow\.m2\repository\org\springframework\spring-beans\6.1.6\spring-beans-6.1.6.jar;C:\Users\takow\.m2\repository\org\springframework\spring-webmvc\6.1.6\spring-webmvc-6.1.6.jar;C:\Users\takow\.m2\repository\org\springframework\spring-context\6.1.6\spring-context-6.1.6.jar;C:\Users\takow\.m2\repository\org\springframework\spring-expression\6.1.6\spring-expression-6.1.6.jar;C:\Users\takow\.m2\repository\org\springframework\boot\spring-boot-starter-data-jpa\3.2.5\spring-boot-starter-data-jpa-3.2.5.jar;C:\Users\takow\.m2\repository\org\springframework\boot\spring-boot-starter-aop\3.2.5\spring-boot-starter-aop-3.2.5.jar;C:\Users\takow\.m2\repository\org\aspectj\aspectjweaver\1.9.22\aspectjweaver-1.9.22.jar;C:\Users\takow\.m2\repository\org\springframework\boot\spring-boot-starter-jdbc\3.2.5\spring-boot-starter-jdbc-3.2.5.jar;C:\Users\takow\.m2\repository\com\zaxxer\HikariCP\5.0.1\HikariCP-5.0.1.jar;C:\Users\takow\.m2\repository\org\springframework\spring-jdbc\6.1.6\spring-jdbc-6.1.6.jar;C:\Users\takow\.m2\repository\org\hibernate\orm\hibernate-core\6.4.4.Final\hibernate-core-6.4.4.Final.jar;C:\Users\takow\.m2\repository\jakarta\persistence\jakarta.persistence-api\3.1.0\jakarta.persistence-api-3.1.0.jar;C:\Users\takow\.m2\repository\jakarta\transaction\jakarta.transaction-api\2.0.1\jakarta.transaction-api-2.0.1.jar;C:\Users\takow\.m2\repository\org\hibernate\common\hibernate-commons-annotations\6.0.6.Final\hibernate-commons-annotations-6.0.6.Final.jar;C:\Users\takow\.m2\repository\io\smallrye\jandex\3.1.2\jandex-3.1.2.jar;C:\Users\takow\.m2\repository\com\fasterxml\classmate\1.6.0\classmate-1.6.0.jar;C:\Users\takow\.m2\repository\net\bytebuddy\byte-buddy\1.14.13\byte-buddy-1.14.13.jar;C:\Users\takow\.m2\repository\org\glassfish\jaxb\jaxb-runtime\4.0.5\jaxb-runtime-4.0.5.jar;C:\Users\takow\.m2\repository\org\glassfish\jaxb\jaxb-core\4.0.5\jaxb-core-4.0.5.jar;C:\Users\takow\.m2\repository\org\eclipse\angus\angus-activation\2.0.2\angus-activation-2.0.2.jar;C:\Users\takow\.m2\repository\org\glassfish\jaxb\txw2\4.0.5\txw2-4.0.5.jar;C:\Users\takow\.m2\repository\com\sun\istack\istack-commons-runtime\4.1.2\istack-commons-runtime-4.1.2.jar;C:\Users\takow\.m2\repository\jakarta\inject\jakarta.inject-api\2.0.1\jakarta.inject-api-2.0.1.jar;C:\Users\takow\.m2\repository\org\antlr\antlr4-runtime\4.13.0\antlr4-runtime-4.13.0.jar;C:\Users\takow\.m2\repository\org\springframework\data\spring-data-jpa\3.2.5\spring-data-jpa-3.2.5.jar;C:\Users\takow\.m2\repository\org\springframework\data\spring-data-commons\3.2.5\spring-data-commons-3.2.5.jar;C:\Users\takow\.m2\repository\org\springframework\spring-orm\6.1.6\spring-orm-6.1.6.jar;C:\Users\takow\.m2\repository\org\springframework\spring-tx\6.1.6\spring-tx-6.1.6.jar;C:\Users\takow\.m2\repository\org\springframework\spring-aspects\6.1.6\spring-aspects-6.1.6.jar;C:\Users\takow\.m2\repository\org\xerial\sqlite-jdbc\3.46.0.0\sqlite-jdbc-3.46.0.0.jar;C:\Users\takow\.m2\repository\org\slf4j\slf4j-api\2.0.13\slf4j-api-2.0.13.jar;C:\Users\takow\.m2\repository\org\hibernate\orm\hibernate-community-dialects\6.4.4.Final\hibernate-community-dialects-6.4.4.Final.jar;C:\Users\takow\.m2\repository\org\jboss\logging\jboss-logging\3.5.3.Final\jboss-logging-3.5.3.Final.jar;C:\Users\takow\.m2\repository\org\projectlombok\lombok\1.18.32\lombok-1.18.32.jar;C:\Users\takow\.m2\repository\org\springframework\boot\spring-boot-starter-thymeleaf\3.2.5\spring-boot-starter-thymeleaf-3.2.5.jar;C:\Users\takow\.m2\repository\org\thymeleaf\thymeleaf-spring6\3.1.2.RELEASE\thymeleaf-spring6-3.1.2.RELEASE.jar;C:\Users\takow\.m2\repository\org\thymeleaf\thymeleaf\3.1.2.RELEASE\thymeleaf-3.1.2.RELEASE.jar;C:\Users\takow\.m2\repository\org\attoparser\attoparser\2.0.7.RELEASE\attoparser-2.0.7.RELEASE.jar;C:\Users\takow\.m2\repository\org\unbescape\unbescape\1.1.6.RELEASE\unbescape-1.1.6.RELEASE.jar;C:\Users\takow\.m2\repository\org\springframework\boot\spring-boot-starter-validation\3.2.5\spring-boot-starter-validation-3.2.5.jar;C:\Users\takow\.m2\repository\org\apache\tomcat\embed\tomcat-embed-el\10.1.20\tomcat-embed-el-10.1.20.jar;C:\Users\takow\.m2\repository\org\hibernate\validator\hibernate-validator\8.0.1.Final\hibernate-validator-8.0.1.Final.jar;C:\Users\takow\.m2\repository\jakarta\validation\jakarta.validation-api\3.0.2\jakarta.validation-api-3.0.2.jar;C:\Users\takow\.m2\repository\org\springframework\boot\spring-boot-starter-security\3.2.5\spring-boot-starter-security-3.2.5.jar;C:\Users\takow\.m2\repository\org\springframework\spring-aop\6.1.6\spring-aop-6.1.6.jar;C:\Users\takow\.m2\repository\org\springframework\security\spring-security-config\6.2.4\spring-security-config-6.2.4.jar;C:\Users\takow\.m2\repository\org\springframework\security\spring-security-core\6.2.4\spring-security-core-6.2.4.jar;C:\Users\takow\.m2\repository\org\springframework\security\spring-security-crypto\6.2.4\spring-security-crypto-6.2.4.jar;C:\Users\takow\.m2\repository\org\springframework\security\spring-security-web\6.2.4\spring-security-web-6.2.4.jar;C:\Users\takow\.m2\repository\org\springframework\boot\spring-boot-starter-actuator\3.2.5\spring-boot-starter-actuator-3.2.5.jar;C:\Users\takow\.m2\repository\org\springframework\boot\spring-boot-actuator-autoconfigure\3.2.5\spring-boot-actuator-autoconfigure-3.2.5.jar;C:\Users\takow\.m2\repository\org\springframework\boot\spring-boot-actuator\3.2.5\spring-boot-actuator-3.2.5.jar;C:\Users\takow\.m2\repository\io\micrometer\micrometer-observation\1.12.5\micrometer-observation-1.12.5.jar;C:\Users\takow\.m2\repository\io\micrometer\micrometer-commons\1.12.5\micrometer-commons-1.12.5.jar;C:\Users\takow\.m2\repository\io\micrometer\micrometer-jakarta9\1.12.5\micrometer-jakarta9-1.12.5.jar;C:\Users\takow\.m2\repository\io\micrometer\micrometer-core\1.12.5\micrometer-core-1.12.5.jar;C:\Users\takow\.m2\repository\org\hdrhistogram\HdrHistogram\2.1.12\HdrHistogram-2.1.12.jar;C:\Users\takow\.m2\repository\org\latencyutils\LatencyUtils\2.0.3\LatencyUtils-2.0.3.jar;C:\Users\takow\.m2\repository\org\springframework\boot\spring-boot-starter-test\3.2.5\spring-boot-starter-test-3.2.5.jar;C:\Users\takow\.m2\repository\org\springframework\boot\spring-boot-test\3.2.5\spring-boot-test-3.2.5.jar;C:\Users\takow\.m2\repository\org\springframework\boot\spring-boot-test-autoconfigure\3.2.5\spring-boot-test-autoconfigure-3.2.5.jar;C:\Users\takow\.m2\repository\com\jayway\jsonpath\json-path\2.9.0\json-path-2.9.0.jar;C:\Users\takow\.m2\repository\jakarta\xml\bind\jakarta.xml.bind-api\4.0.2\jakarta.xml.bind-api-4.0.2.jar;C:\Users\takow\.m2\repository\jakarta\activation\jakarta.activation-api\2.1.3\jakarta.activation-api-2.1.3.jar;C:\Users\takow\.m2\repository\net\minidev\json-smart\2.5.1\json-smart-2.5.1.jar;C:\Users\takow\.m2\repository\net\minidev\accessors-smart\2.5.1\accessors-smart-2.5.1.jar;C:\Users\takow\.m2\repository\org\ow2\asm\asm\9.6\asm-9.6.jar;C:\Users\takow\.m2\repository\org\assertj\assertj-core\3.24.2\assertj-core-3.24.2.jar;C:\Users\takow\.m2\repository\org\awaitility\awaitility\4.2.1\awaitility-4.2.1.jar;C:\Users\takow\.m2\repository\org\hamcrest\hamcrest\2.2\hamcrest-2.2.jar;C:\Users\takow\.m2\repository\org\junit\jupiter\junit-jupiter\5.10.2\junit-jupiter-5.10.2.jar;C:\Users\takow\.m2\repository\org\junit\jupiter\junit-jupiter-api\5.10.2\junit-jupiter-api-5.10.2.jar;C:\Users\takow\.m2\repository\org\opentest4j\opentest4j\1.3.0\opentest4j-1.3.0.jar;C:\Users\takow\.m2\repository\org\junit\platform\junit-platform-commons\1.10.2\junit-platform-commons-1.10.2.jar;C:\Users\takow\.m2\repository\org\apiguardian\apiguardian-api\1.1.2\apiguardian-api-1.1.2.jar;C:\Users\takow\.m2\repository\org\junit\jupiter\junit-jupiter-params\5.10.2\junit-jupiter-params-5.10.2.jar;C:\Users\takow\.m2\repository\org\junit\jupiter\junit-jupiter-engine\5.10.2\junit-jupiter-engine-5.10.2.jar;C:\Users\takow\.m2\repository\org\junit\platform\junit-platform-engine\1.10.2\junit-platform-engine-1.10.2.jar;C:\Users\takow\.m2\repository\org\mockito\mockito-core\5.7.0\mockito-core-5.7.0.jar;C:\Users\takow\.m2\repository\net\bytebuddy\byte-buddy-agent\1.14.13\byte-buddy-agent-1.14.13.jar;C:\Users\takow\.m2\repository\org\objenesis\objenesis\3.3\objenesis-3.3.jar;C:\Users\takow\.m2\repository\org\mockito\mockito-junit-jupiter\5.7.0\mockito-junit-jupiter-5.7.0.jar;C:\Users\takow\.m2\repository\org\skyscreamer\jsonassert\1.5.1\jsonassert-1.5.1.jar;C:\Users\takow\.m2\repository\com\vaadin\external\google\android-json\0.0.20131108.vaadin1\android-json-0.0.20131108.vaadin1.jar;C:\Users\takow\.m2\repository\org\springframework\spring-core\6.1.6\spring-core-6.1.6.jar;C:\Users\takow\.m2\repository\org\springframework\spring-jcl\6.1.6\spring-jcl-6.1.6.jar;C:\Users\takow\.m2\repository\org\springframework\spring-test\6.1.6\spring-test-6.1.6.jar;C:\Users\takow\.m2\repository\org\xmlunit\xmlunit-core\2.9.1\xmlunit-core-2.9.1.jar;"/>
    <property name="java.vm.vendor" value="Oracle Corporation"/>
    <property name="sun.arch.data.model" value="64"/>
    <property name="user.variant" value=""/>
    <property name="java.vendor.url" value="https://java.oracle.com/"/>
    <property name="user.timezone" value="Asia/Tokyo"/>
    <property name="org.jboss.logging.provider" value="slf4j"/>
    <property name="os.name" value="Windows 11"/>
    <property name="java.vm.specification.version" value="23"/>
    <property name="sun.java.launcher" value="SUN_STANDARD"/>
    <property name="user.country" value="JP"/>
    <property name="sun.boot.library.path" value="C:\Program Files\Java\jdk-23\bin"/>
    <property name="sun.java.command" value="C:\Users\takow\AppData\Local\Temp\surefire3552591148838911901\surefirebooter-20251019140429286_3.jar C:\Users\takow\AppData\Local\Temp\surefire3552591148838911901 2025-10-19T14-04-29_123-jvmRun1 surefire-20251019140429286_1tmp surefire_0-20251019140429286_2tmp"/>
    <property name="jdk.debug" value="release"/>
    <property name="surefire.test.class.path" value="C:\Users\takow\Documents\02_programming\java\shiftv1\target\test-classes;C:\Users\takow\Documents\02_programming\java\shiftv1\target\classes;C:\Users\takow\.m2\repository\org\springframework\boot\spring-boot-starter-web\3.2.5\spring-boot-starter-web-3.2.5.jar;C:\Users\takow\.m2\repository\org\springframework\boot\spring-boot-starter\3.2.5\spring-boot-starter-3.2.5.jar;C:\Users\takow\.m2\repository\org\springframework\boot\spring-boot\3.2.5\spring-boot-3.2.5.jar;C:\Users\takow\.m2\repository\org\springframework\boot\spring-boot-autoconfigure\3.2.5\spring-boot-autoconfigure-3.2.5.jar;C:\Users\takow\.m2\repository\org\springframework\boot\spring-boot-starter-logging\3.2.5\spring-boot-starter-logging-3.2.5.jar;C:\Users\takow\.m2\repository\ch\qos\logback\logback-classic\1.4.14\logback-classic-1.4.14.jar;C:\Users\takow\.m2\repository\ch\qos\logback\logback-core\1.4.14\logback-core-1.4.14.jar;C:\Users\takow\.m2\repository\org\apache\logging\log4j\log4j-to-slf4j\2.21.1\log4j-to-slf4j-2.21.1.jar;C:\Users\takow\.m2\repository\org\apache\logging\log4j\log4j-api\2.21.1\log4j-api-2.21.1.jar;C:\Users\takow\.m2\repository\org\slf4j\jul-to-slf4j\2.0.13\jul-to-slf4j-2.0.13.jar;C:\Users\takow\.m2\repository\jakarta\annotation\jakarta.annotation-api\2.1.1\jakarta.annotation-api-2.1.1.jar;C:\Users\takow\.m2\repository\org\yaml\snakeyaml\2.2\snakeyaml-2.2.jar;C:\Users\takow\.m2\repository\org\springframework\boot\spring-boot-starter-json\3.2.5\spring-boot-starter-json-3.2.5.jar;C:\Users\takow\.m2\repository\com\fasterxml\jackson\core\jackson-databind\2.15.4\jackson-databind-2.15.4.jar;C:\Users\takow\.m2\repository\com\fasterxml\jackson\core\jackson-annotations\2.15.4\jackson-annotations-2.15.4.jar;C:\Users\takow\.m2\repository\com\fasterxml\jackson\core\jackson-core\2.15.4\jackson-core-2.15.4.jar;C:\Users\takow\.m2\repository\com\fasterxml\jackson\datatype\jackson-datatype-jdk8\2.15.4\jackson-datatype-jdk8-2.15.4.jar;C:\Users\takow\.m2\repository\com\fasterxml\jackson\datatype\jackson-datatype-jsr310\2.15.4\jackson-datatype-jsr310-2.15.4.jar;C:\Users\takow\.m2\repository\com\fasterxml\jackson\module\jackson-module-parameter-names\2.15.4\jackson-module-parameter-names-2.15.4.jar;C:\Users\takow\.m2\repository\org\springframework\boot\spring-boot-starter-tomcat\3.2.5\spring-boot-starter-tomcat-3.2.5.jar;C:\Users\takow\.m2\repository\org\apache\tomcat\embed\tomcat-embed-core\10.1.20\tomcat-embed-core-10.1.20.jar;C:\Users\takow\.m2\repository\org\apache\tomcat\embed\tomcat-embed-websocket\10.1.20\tomcat-embed-websocket-10.1.20.jar;C:\Users\takow\.m2\repository\org\springframework\spring-web\6.1.6\spring-web-6.1.6.jar;C:\Users\takow\.m2\repository\org\springframework\spring-beans\6.1.6\spring-beans-6.1.6.jar;C:\Users\takow\.m2\repository\org\springframework\spring-webmvc\6.1.6\spring-webmvc-6.1.6.jar;C:\Users\takow\.m2\repository\org\springframework\spring-context\6.1.6\spring-context-6.1.6.jar;C:\Users\takow\.m2\repository\org\springframework\spring-expression\6.1.6\spring-expression-6.1.6.jar;C:\Users\takow\.m2\repository\org\springframework\boot\spring-boot-starter-data-jpa\3.2.5\spring-boot-starter-data-jpa-3.2.5.jar;C:\Users\takow\.m2\repository\org\springframework\boot\spring-boot-starter-aop\3.2.5\spring-boot-starter-aop-3.2.5.jar;C:\Users\takow\.m2\repository\org\aspectj\aspectjweaver\1.9.22\aspectjweaver-1.9.22.jar;C:\Users\takow\.m2\repository\org\springframework\boot\spring-boot-starter-jdbc\3.2.5\spring-boot-starter-jdbc-3.2.5.jar;C:\Users\takow\.m2\repository\com\zaxxer\HikariCP\5.0.1\HikariCP-5.0.1.jar;C:\Users\takow\.m2\repository\org\springframework\spring-jdbc\6.1.6\spring-jdbc-6.1.6.jar;C:\Users\takow\.m2\repository\org\hibernate\orm\hibernate-core\6.4.4.Final\hibernate-core-6.4.4.Final.jar;C:\Users\takow\.m2\repository\jakarta\persistence\jakarta.persistence-api\3.1.0\jakarta.persistence-api-3.1.0.jar;C:\Users\takow\.m2\repository\jakarta\transaction\jakarta.transaction-api\2.0.1\jakarta.transaction-api-2.0.1.jar;C:\Users\takow\.m2\repository\org\hibernate\common\hibernate-commons-annotations\6.0.6.Final\hibernate-commons-annotations-6.0.6.Final.jar;C:\Users\takow\.m2\repository\io\smallrye\jandex\3.1.2\jandex-3.1.2.jar;C:\Users\takow\.m2\repository\com\fasterxml\classmate\1.6.0\classmate-1.6.0.jar;C:\Users\takow\.m2\repository\net\bytebuddy\byte-buddy\1.14.13\byte-buddy-1.14.13.jar;C:\Users\takow\.m2\repository\org\glassfish\jaxb\jaxb-runtime\4.0.5\jaxb-runtime-4.0.5.jar;C:\Users\takow\.m2\repository\org\glassfish\jaxb\jaxb-core\4.0.5\jaxb-core-4.0.5.jar;C:\Users\takow\.m2\repository\org\eclipse\angus\angus-activation\2.0.2\angus-activation-2.0.2.jar;C:\Users\takow\.m2\repository\org\glassfish\jaxb\txw2\4.0.5\txw2-4.0.5.jar;C:\Users\takow\.m2\repository\com\sun\istack\istack-commons-runtime\4.1.2\istack-commons-runtime-4.1.2.jar;C:\Users\takow\.m2\repository\jakarta\inject\jakarta.inject-api\2.0.1\jakarta.inject-api-2.0.1.jar;C:\Users\takow\.m2\repository\org\antlr\antlr4-runtime\4.13.0\antlr4-runtime-4.13.0.jar;C:\Users\takow\.m2\repository\org\springframework\data\spring-data-jpa\3.2.5\spring-data-jpa-3.2.5.jar;C:\Users\takow\.m2\repository\org\springframework\data\spring-data-commons\3.2.5\spring-data-commons-3.2.5.jar;C:\Users\takow\.m2\repository\org\springframework\spring-orm\6.1.6\spring-orm-6.1.6.jar;C:\Users\takow\.m2\repository\org\springframework\spring-tx\6.1.6\spring-tx-6.1.6.jar;C:\Users\takow\.m2\repository\org\springframework\spring-aspects\6.1.6\spring-aspects-6.1.6.jar;C:\Users\takow\.m2\repository\org\xerial\sqlite-jdbc\3.46.0.0\sqlite-jdbc-3.46.0.0.jar;C:\Users\takow\.m2\repository\org\slf4j\slf4j-api\2.0.13\slf4j-api-2.0.13.jar;C:\Users\takow\.m2\repository\org\hibernate\orm\hibernate-community-dialects\6.4.4.Final\hibernate-community-dialects-6.4.4.Final.jar;C:\Users\takow\.m2\repository\org\jboss\logging\jboss-logging\3.5.3.Final\jboss-logging-3.5.3.Final.jar;C:\Users\takow\.m2\repository\org\projectlombok\lombok\1.18.32\lombok-1.18.32.jar;C:\Users\takow\.m2\repository\org\springframework\boot\spring-boot-starter-thymeleaf\3.2.5\spring-boot-starter-thymeleaf-3.2.5.jar;C:\Users\takow\.m2\repository\org\thymeleaf\thymeleaf-spring6\3.1.2.RELEASE\thymeleaf-spring6-3.1.2.RELEASE.jar;C:\Users\takow\.m2\repository\org\thymeleaf\thymeleaf\3.1.2.RELEASE\thymeleaf-3.1.2.RELEASE.jar;C:\Users\takow\.m2\repository\org\attoparser\attoparser\2.0.7.RELEASE\attoparser-2.0.7.RELEASE.jar;C:\Users\takow\.m2\repository\org\unbescape\unbescape\1.1.6.RELEASE\unbescape-1.1.6.RELEASE.jar;C:\Users\takow\.m2\repository\org\springframework\boot\spring-boot-starter-validation\3.2.5\spring-boot-starter-validation-3.2.5.jar;C:\Users\takow\.m2\repository\org\apache\tomcat\embed\tomcat-embed-el\10.1.20\tomcat-embed-el-10.1.20.jar;C:\Users\takow\.m2\repository\org\hibernate\validator\hibernate-validator\8.0.1.Final\hibernate-validator-8.0.1.Final.jar;C:\Users\takow\.m2\repository\jakarta\validation\jakarta.validation-api\3.0.2\jakarta.validation-api-3.0.2.jar;C:\Users\takow\.m2\repository\org\springframework\boot\spring-boot-starter-security\3.2.5\spring-boot-starter-security-3.2.5.jar;C:\Users\takow\.m2\repository\org\springframework\spring-aop\6.1.6\spring-aop-6.1.6.jar;C:\Users\takow\.m2\repository\org\springframework\security\spring-security-config\6.2.4\spring-security-config-6.2.4.jar;C:\Users\takow\.m2\repository\org\springframework\security\spring-security-core\6.2.4\spring-security-core-6.2.4.jar;C:\Users\takow\.m2\repository\org\springframework\security\spring-security-crypto\6.2.4\spring-security-crypto-6.2.4.jar;C:\Users\takow\.m2\repository\org\springframework\security\spring-security-web\6.2.4\spring-security-web-6.2.4.jar;C:\Users\takow\.m2\repository\org\springframework\boot\spring-boot-starter-actuator\3.2.5\spring-boot-starter-actuator-3.2.5.jar;C:\Users\takow\.m2\repository\org\springframework\boot\spring-boot-actuator-autoconfigure\3.2.5\spring-boot-actuator-autoconfigure-3.2.5.jar;C:\Users\takow\.m2\repository\org\springframework\boot\spring-boot-actuator\3.2.5\spring-boot-actuator-3.2.5.jar;C:\Users\takow\.m2\repository\io\micrometer\micrometer-observation\1.12.5\micrometer-observation-1.12.5.jar;C:\Users\takow\.m2\repository\io\micrometer\micrometer-commons\1.12.5\micrometer-commons-1.12.5.jar;C:\Users\takow\.m2\repository\io\micrometer\micrometer-jakarta9\1.12.5\micrometer-jakarta9-1.12.5.jar;C:\Users\takow\.m2\repository\io\micrometer\micrometer-core\1.12.5\micrometer-core-1.12.5.jar;C:\Users\takow\.m2\repository\org\hdrhistogram\HdrHistogram\2.1.12\HdrHistogram-2.1.12.jar;C:\Users\takow\.m2\repository\org\latencyutils\LatencyUtils\2.0.3\LatencyUtils-2.0.3.jar;C:\Users\takow\.m2\repository\org\springframework\boot\spring-boot-starter-test\3.2.5\spring-boot-starter-test-3.2.5.jar;C:\Users\takow\.m2\repository\org\springframework\boot\spring-boot-test\3.2.5\spring-boot-test-3.2.5.jar;C:\Users\takow\.m2\repository\org\springframework\boot\spring-boot-test-autoconfigure\3.2.5\spring-boot-test-autoconfigure-3.2.5.jar;C:\Users\takow\.m2\repository\com\jayway\jsonpath\json-path\2.9.0\json-path-2.9.0.jar;C:\Users\takow\.m2\repository\jakarta\xml\bind\jakarta.xml.bind-api\4.0.2\jakarta.xml.bind-api-4.0.2.jar;C:\Users\takow\.m2\repository\jakarta\activation\jakarta.activation-api\2.1.3\jakarta.activation-api-2.1.3.jar;C:\Users\takow\.m2\repository\net\minidev\json-smart\2.5.1\json-smart-2.5.1.jar;C:\Users\takow\.m2\repository\net\minidev\accessors-smart\2.5.1\accessors-smart-2.5.1.jar;C:\Users\takow\.m2\repository\org\ow2\asm\asm\9.6\asm-9.6.jar;C:\Users\takow\.m2\repository\org\assertj\assertj-core\3.24.2\assertj-core-3.24.2.jar;C:\Users\takow\.m2\repository\org\awaitility\awaitility\4.2.1\awaitility-4.2.1.jar;C:\Users\takow\.m2\repository\org\hamcrest\hamcrest\2.2\hamcrest-2.2.jar;C:\Users\takow\.m2\repository\org\junit\jupiter\junit-jupiter\5.10.2\junit-jupiter-5.10.2.jar;C:\Users\takow\.m2\repository\org\junit\jupiter\junit-jupiter-api\5.10.2\junit-jupiter-api-5.10.2.jar;C:\Users\takow\.m2\repository\org\opentest4j\opentest4j\1.3.0\opentest4j-1.3.0.jar;C:\Users\takow\.m2\repository\org\junit\platform\junit-platform-commons\1.10.2\junit-platform-commons-1.10.2.jar;C:\Users\takow\.m2\repository\org\apiguardian\apiguardian-api\1.1.2\apiguardian-api-1.1.2.jar;C:\Users\takow\.m2\repository\org\junit\jupiter\junit-jupiter-params\5.10.2\junit-jupiter-params-5.10.2.jar;C:\Users\takow\.m2\repository\org\junit\jupiter\junit-jupiter-engine\5.10.2\junit-jupiter-engine-5.10.2.jar;C:\Users\takow\.m2\repository\org\junit\platform\junit-platform-engine\1.10.2\junit-platform-engine-1.10.2.jar;C:\Users\takow\.m2\repository\org\mockito\mockito-core\5.7.0\mockito-core-5.7.0.jar;C:\Users\takow\.m2\repository\net\bytebuddy\byte-buddy-agent\1.14.13\byte-buddy-agent-1.14.13.jar;C:\Users\takow\.m2\repository\org\objenesis\objenesis\3.3\objenesis-3.3.jar;C:\Users\takow\.m2\repository\org\mockito\mockito-junit-jupiter\5.7.0\mockito-junit-jupiter-5.7.0.jar;C:\Users\takow\.m2\repository\org\skyscreamer\jsonassert\1.5.1\jsonassert-1.5.1.jar;C:\Users\takow\.m2\repository\com\vaadin\external\google\android-json\0.0.20131108.vaadin1\android-json-0.0.20131108.vaadin1.jar;C:\Users\takow\.m2\repository\org\springframework\spring-core\6.1.6\spring-core-6.1.6.jar;C:\Users\takow\.m2\repository\org\springframework\spring-jcl\6.1.6\spring-jcl-6.1.6.jar;C:\Users\takow\.m2\repository\org\springframework\spring-test\6.1.6\spring-test-6.1.6.jar;C:\Users\takow\.m2\repository\org\xmlunit\xmlunit-core\2.9.1\xmlunit-core-2.9.1.jar;"/>
    <property name="test" value="October2025GenerationTest"/>
    <property name="sun.cpu.endian" value="little"/>
    <property name="user.home" value="C:\Users\takow"/>
    <property name="user.language" value="ja"/>
    <property name="java.specification.vendor" value="Oracle Corporation"/>
    <property name="java.version.date" value="2025-01-21"/>
    <property name="java.home" value="C:\Program Files\Java\jdk-23"/>
    <property name="file.separator" value="\"/>
    <property name="basedir" value="C:\Users\takow\Documents\02_programming\java\shiftv1"/>
    <property name="java.vm.compressedOopsMode" value="32-bit"/>
    <property name="line.separator" value="&#10;"/>
    <property name="java.vm.specification.vendor" value="Oracle Corporation"/>
    <property name="java.specification.name" value="Java Platform API Specification"/>
    <property name="FILE_LOG_CHARSET" value="UTF-8"/>
    <property name="java.awt.headless" value="true"/>
    <property name="surefire.real.class.path" value="C:\Users\takow\AppData\Local\Temp\surefire3552591148838911901\surefirebooter-20251019140429286_3.jar"/>
    <property name="user.script" value=""/>
    <property name="sun.management.compiler" value="HotSpot 64-Bit Tiered Compilers"/>
    <property name="java.runtime.version" value="23.0.2+7-58"/>
    <property name="user.name" value="takow"/>
    <property name="stdout.encoding" value="MS932"/>
    <property name="path.separator" value=";"/>
    <property name="os.version" value="10.0"/>
    <property name="java.runtime.name" value="Java(TM) SE Runtime Environment"/>
    <property name="file.encoding" value="UTF-8"/>
    <property name="java.vm.name" value="Java HotSpot(TM) 64-Bit Server VM"/>
    <property name="localRepository" value="C:\Users\takow\.m2\repository"/>
    <property name="java.vendor.url.bug" value="https://bugreport.java.com/bugreport/"/>
    <property name="java.io.tmpdir" value="C:\Users\takow\AppData\Local\Temp\"/>
    <property name="com.zaxxer.hikari.pool_number" value="1"/>
    <property name="java.version" value="23.0.2"/>
    <property name="user.dir" value="C:\Users\takow\Documents\02_programming\java\shiftv1"/>
    <property name="os.arch" value="amd64"/>
    <property name="java.vm.specification.name" value="Java Virtual Machine Specification"/>
    <property name="PID" value="3356"/>
    <property name="sun.os.patch.level" value=""/>
    <property name="CONSOLE_LOG_CHARSET" value="UTF-8"/>
    <property name="native.encoding" value="MS932"/>
    <property name="java.library.path" value="C:\Program Files\Java\jdk-23\bin;C:\WINDOWS\Sun\Java\bin;C:\WINDOWS\system32;C:\WINDOWS;C:\Program Files\PowerShell\7;C:\Users\takow\AppData\Local\Temp\.tmpvrMQfd;C:\Program Files\Java\jdk-23\bin;C:\Program Files\Java\jdk-23\bin;C:\Program Files\Java\jdk-23\bin;C:\WINDOWS\System32&quot;;C:\Program Files\Git\cmd;C:\Program Files\PowerShell\7\;C:\Program Files\cursor\resources\app\bin&quot;;C:\Program Files\Git\cmd;C:\Program Files\PowerShell\7\;C:\Program Files\cursor\resources\app\bin&quot;;C:\Program Files\Git\cmd;C:\Program Files\PowerShell\7\;C:\Program Files\cursor\resources\app\bin;C:\Users\takow\Documents\SQLite;C:\Users\takow\AppData\Local\Programs\Python\Python312\;C:\Users\takow\AppData\Local\Programs\Python\Launcher\;C:\Users\takow\AppData\Local\Microsoft\WindowsApps;C:\Users\takow\AppData\Local\Programs\Microsoft VS Code\bin;C:\Users\takow\Documents\02_programming\java\099_環境\apache-maven-3.9.9\bin;C:\Users\takow\AppData\Local\JetBrains\Toolbox\scripts;C:\Windows\System32;;c:\Users\takow\.vscode\extensions\openai.chatgpt-0.4.21-win32-x64\bin\windows-x86_64;."/>
    <property name="java.vm.info" value="mixed mode, sharing"/>
    <property name="stderr.encoding" value="MS932"/>
    <property name="java.vendor" value="Oracle Corporation"/>
    <property name="java.vm.version" value="23.0.2+7-58"/>
    <property name="sun.io.unicode.encoding" value="UnicodeLittle"/>
    <property name="java.class.version" value="67.0"/>
    <property name="LOGGED_APPLICATION_NAME" value="[Shift Scheduler Demo] "/>
  </properties>
  <testcase name="generateMonthlySchedule_2025_10_persistsAndReturnsAssignments" classname="com.example.shiftv1.schedule.October2025GenerationTest" time="1.438">
    <system-out><![CDATA[14:04:30.493 [main] INFO org.springframework.test.context.support.AnnotationConfigContextLoaderUtils -- Could not detect default configuration classes for test class [com.example.shiftv1.schedule.October2025GenerationTest]: October2025GenerationTest does not declare any static, non-private, non-final, nested classes annotated with @Configuration.
14:04:30.704 [main] INFO org.springframework.boot.test.context.SpringBootTestContextBootstrapper -- Found @SpringBootConfiguration com.example.shiftv1.Shiftv1Application for test class com.example.shiftv1.schedule.October2025GenerationTest

  .   ____          _            __ _ _
 /\\ / ___'_ __ _ _(_)_ __  __ _ \ \ \ \
( ( )\___ | '_ | '_| | '_ \/ _` | \ \ \ \
 \\/  ___)| |_)| | | | | || (_| |  ) ) ) )
  '  |____| .__|_| |_|_| |_\__, | / / / /
 =========|_|==============|___/=/_/_/_/
 :: Spring Boot ::                (v3.2.5)

2025-10-19T14:04:31.596+09:00  INFO 3356 --- [Shift Scheduler Demo] [           main] c.e.s.s.October2025GenerationTest        : Starting October2025GenerationTest using Java 23.0.2 with PID 3356 (started by takow in C:\Users\takow\Documents\02_programming\java\shiftv1)
2025-10-19T14:04:31.598+09:00  INFO 3356 --- [Shift Scheduler Demo] [           main] c.e.s.s.October2025GenerationTest        : No active profile set, falling back to 1 default profile: "default"
2025-10-19T14:04:33.743+09:00  INFO 3356 --- [Shift Scheduler Demo] [           main] .s.d.r.c.RepositoryConfigurationDelegate : Bootstrapping Spring Data JPA repositories in DEFAULT mode.
2025-10-19T14:04:33.894+09:00  INFO 3356 --- [Shift Scheduler Demo] [           main] .s.d.r.c.RepositoryConfigurationDelegate : Finished Spring Data repository scanning in 143 ms. Found 14 JPA repository interfaces.
2025-10-19T14:04:35.323+09:00  INFO 3356 --- [Shift Scheduler Demo] [           main] o.hibernate.jpa.internal.util.LogHelper  : HHH000204: Processing PersistenceUnitInfo [name: default]
2025-10-19T14:04:35.433+09:00  INFO 3356 --- [Shift Scheduler Demo] [           main] org.hibernate.Version                    : HHH000412: Hibernate ORM core version 6.4.4.Final
2025-10-19T14:04:35.490+09:00  INFO 3356 --- [Shift Scheduler Demo] [           main] o.h.c.internal.RegionFactoryInitiator    : HHH000026: Second-level cache disabled
2025-10-19T14:04:35.900+09:00  INFO 3356 --- [Shift Scheduler Demo] [           main] o.s.o.j.p.SpringPersistenceUnitInfo      : No LoadTimeWeaver setup: ignoring JPA class transformer
2025-10-19T14:04:35.940+09:00  INFO 3356 --- [Shift Scheduler Demo] [           main] com.zaxxer.hikari.HikariDataSource       : HikariPool-1 - Starting...
2025-10-19T14:04:36.123+09:00  INFO 3356 --- [Shift Scheduler Demo] [           main] com.zaxxer.hikari.pool.HikariPool        : HikariPool-1 - Added connection org.sqlite.jdbc4.JDBC4Connection@79d14037
2025-10-19T14:04:36.124+09:00  INFO 3356 --- [Shift Scheduler Demo] [           main] com.zaxxer.hikari.HikariDataSource       : HikariPool-1 - Start completed.
2025-10-19T14:04:37.710+09:00  INFO 3356 --- [Shift Scheduler Demo] [           main] o.h.e.t.j.p.i.JtaPlatformInitiator       : HHH000489: No JTA platform available (set 'hibernate.transaction.jta.platform' to enable JTA platform integration)
2025-10-19T14:04:37.794+09:00  INFO 3356 --- [Shift Scheduler Demo] [           main] j.LocalContainerEntityManagerFactoryBean : Initialized JPA EntityManagerFactory for persistence unit 'default'
2025-10-19T14:04:38.760+09:00  INFO 3356 --- [Shift Scheduler Demo] [           main] o.s.d.j.r.query.QueryEnhancerFactory     : Hibernate is in classpath; If applicable, HQL parser will be used.
2025-10-19T14:04:41.505+09:00  WARN 3356 --- [Shift Scheduler Demo] [           main] JpaBaseConfiguration$JpaWebConfiguration : spring.jpa.open-in-view is enabled by default. Therefore, database queries may be performed during view rendering. Explicitly configure spring.jpa.open-in-view to disable this warning
2025-10-19T14:04:42.510+09:00  INFO 3356 --- [Shift Scheduler Demo] [           main] o.s.b.a.e.web.EndpointLinksResolver      : Exposing 1 endpoint(s) beneath base path '/actuator'
2025-10-19T14:04:42.702+09:00  INFO 3356 --- [Shift Scheduler Demo] [           main] o.s.s.web.DefaultSecurityFilterChain     : Will secure any request with [org.springframework.security.web.session.DisableEncodeUrlFilter@16109bed, org.springframework.security.web.context.request.async.WebAsyncManagerIntegrationFilter@9cdbf65, org.springframework.security.web.context.SecurityContextHolderFilter@3353d096, org.springframework.security.web.header.HeaderWriterFilter@47c57d0f, org.springframework.web.filter.CorsFilter@72d0cbc9, org.springframework.security.web.authentication.logout.LogoutFilter@41ed3d2a, org.springframework.security.web.authentication.UsernamePasswordAuthenticationFilter@ba9a098, org.springframework.security.web.savedrequest.RequestCacheAwareFilter@7f2d4421, org.springframework.security.web.servletapi.SecurityContextHolderAwareRequestFilter@d2775ae, org.springframework.security.web.authentication.AnonymousAuthenticationFilter@45050433, org.springframework.security.web.session.SessionManagementFilter@1fcbace0, org.springframework.security.web.access.ExceptionTranslationFilter@2d5c1ebf, org.springframework.security.web.access.intercept.AuthorizationFilter@2cbad233]
2025-10-19T14:04:44.114+09:00  INFO 3356 --- [Shift Scheduler Demo] [           main] c.e.s.s.October2025GenerationTest        : Started October2025GenerationTest in 13.2 seconds (process running for 14.669)
2025-10-19T14:04:44.497+09:00 DEBUG 3356 --- [Shift Scheduler Demo] [           main] org.hibernate.SQL                        : select count(*) from shift_change_requests scr1_0
Hibernate: select count(*) from shift_change_requests scr1_0
2025-10-19T14:04:44.523+09:00  INFO 3356 --- [Shift Scheduler Demo] [           main] c.e.s.s.ShiftChangeDataInitializer       : シフト変更申請データは既に存在します
2025-10-19T14:04:44.558+09:00 DEBUG 3356 --- [Shift Scheduler Demo] [           main] org.hibernate.SQL                        : select e1_0.id,e1_0.created_at,e1_0.name,e1_0.role from employees e1_0
Hibernate: select e1_0.id,e1_0.created_at,e1_0.name,e1_0.role from employees e1_0
2025-10-19T14:04:44.595+09:00 DEBUG 3356 --- [Shift Scheduler Demo] [           main] org.hibernate.SQL                        : select s1_0.employee_id,s1_1.id,s1_1.code,s1_1.created_at,s1_1.description,s1_1.name,s1_1.updated_at from employee_skills s1_0 join skills s1_1 on s1_1.id=s1_0.skill_id where s1_0.employee_id=?
Hibernate: select s1_0.employee_id,s1_1.id,s1_1.code,s1_1.created_at,s1_1.description,s1_1.name,s1_1.updated_at from employee_skills s1_0 join skills s1_1 on s1_1.id=s1_0.skill_id where s1_0.employee_id=?
2025-10-19T14:04:44.602+09:00 DEBUG 3356 --- [Shift Scheduler Demo] [           main] org.hibernate.SQL                        : select s1_0.employee_id,s1_1.id,s1_1.code,s1_1.created_at,s1_1.description,s1_1.name,s1_1.updated_at from employee_skills s1_0 join skills s1_1 on s1_1.id=s1_0.skill_id where s1_0.employee_id=?
Hibernate: select s1_0.employee_id,s1_1.id,s1_1.code,s1_1.created_at,s1_1.description,s1_1.name,s1_1.updated_at from employee_skills s1_0 join skills s1_1 on s1_1.id=s1_0.skill_id where s1_0.employee_id=?
2025-10-19T14:04:44.604+09:00 DEBUG 3356 --- [Shift Scheduler Demo] [           main] org.hibernate.SQL                        : select s1_0.employee_id,s1_1.id,s1_1.code,s1_1.created_at,s1_1.description,s1_1.name,s1_1.updated_at from employee_skills s1_0 join skills s1_1 on s1_1.id=s1_0.skill_id where s1_0.employee_id=?
Hibernate: select s1_0.employee_id,s1_1.id,s1_1.code,s1_1.created_at,s1_1.description,s1_1.name,s1_1.updated_at from employee_skills s1_0 join skills s1_1 on s1_1.id=s1_0.skill_id where s1_0.employee_id=?
2025-10-19T14:04:44.605+09:00 DEBUG 3356 --- [Shift Scheduler Demo] [           main] org.hibernate.SQL                        : select s1_0.employee_id,s1_1.id,s1_1.code,s1_1.created_at,s1_1.description,s1_1.name,s1_1.updated_at from employee_skills s1_0 join skills s1_1 on s1_1.id=s1_0.skill_id where s1_0.employee_id=?
Hibernate: select s1_0.employee_id,s1_1.id,s1_1.code,s1_1.created_at,s1_1.description,s1_1.name,s1_1.updated_at from employee_skills s1_0 join skills s1_1 on s1_1.id=s1_0.skill_id where s1_0.employee_id=?
2025-10-19T14:04:44.606+09:00 DEBUG 3356 --- [Shift Scheduler Demo] [           main] org.hibernate.SQL                        : select s1_0.employee_id,s1_1.id,s1_1.code,s1_1.created_at,s1_1.description,s1_1.name,s1_1.updated_at from employee_skills s1_0 join skills s1_1 on s1_1.id=s1_0.skill_id where s1_0.employee_id=?
Hibernate: select s1_0.employee_id,s1_1.id,s1_1.code,s1_1.created_at,s1_1.description,s1_1.name,s1_1.updated_at from employee_skills s1_0 join skills s1_1 on s1_1.id=s1_0.skill_id where s1_0.employee_id=?
2025-10-19T14:04:44.607+09:00 DEBUG 3356 --- [Shift Scheduler Demo] [           main] org.hibernate.SQL                        : select s1_0.employee_id,s1_1.id,s1_1.code,s1_1.created_at,s1_1.description,s1_1.name,s1_1.updated_at from employee_skills s1_0 join skills s1_1 on s1_1.id=s1_0.skill_id where s1_0.employee_id=?
Hibernate: select s1_0.employee_id,s1_1.id,s1_1.code,s1_1.created_at,s1_1.description,s1_1.name,s1_1.updated_at from employee_skills s1_0 join skills s1_1 on s1_1.id=s1_0.skill_id where s1_0.employee_id=?
2025-10-19T14:04:44.607+09:00 DEBUG 3356 --- [Shift Scheduler Demo] [           main] org.hibernate.SQL                        : select s1_0.employee_id,s1_1.id,s1_1.code,s1_1.created_at,s1_1.description,s1_1.name,s1_1.updated_at from employee_skills s1_0 join skills s1_1 on s1_1.id=s1_0.skill_id where s1_0.employee_id=?
Hibernate: select s1_0.employee_id,s1_1.id,s1_1.code,s1_1.created_at,s1_1.description,s1_1.name,s1_1.updated_at from employee_skills s1_0 join skills s1_1 on s1_1.id=s1_0.skill_id where s1_0.employee_id=?
2025-10-19T14:04:44.608+09:00 DEBUG 3356 --- [Shift Scheduler Demo] [           main] org.hibernate.SQL                        : select s1_0.employee_id,s1_1.id,s1_1.code,s1_1.created_at,s1_1.description,s1_1.name,s1_1.updated_at from employee_skills s1_0 join skills s1_1 on s1_1.id=s1_0.skill_id where s1_0.employee_id=?
Hibernate: select s1_0.employee_id,s1_1.id,s1_1.code,s1_1.created_at,s1_1.description,s1_1.name,s1_1.updated_at from employee_skills s1_0 join skills s1_1 on s1_1.id=s1_0.skill_id where s1_0.employee_id=?
2025-10-19T14:04:44.609+09:00 DEBUG 3356 --- [Shift Scheduler Demo] [           main] org.hibernate.SQL                        : select s1_0.employee_id,s1_1.id,s1_1.code,s1_1.created_at,s1_1.description,s1_1.name,s1_1.updated_at from employee_skills s1_0 join skills s1_1 on s1_1.id=s1_0.skill_id where s1_0.employee_id=?
Hibernate: select s1_0.employee_id,s1_1.id,s1_1.code,s1_1.created_at,s1_1.description,s1_1.name,s1_1.updated_at from employee_skills s1_0 join skills s1_1 on s1_1.id=s1_0.skill_id where s1_0.employee_id=?
2025-10-19T14:04:44.610+09:00 DEBUG 3356 --- [Shift Scheduler Demo] [           main] org.hibernate.SQL                        : select s1_0.employee_id,s1_1.id,s1_1.code,s1_1.created_at,s1_1.description,s1_1.name,s1_1.updated_at from employee_skills s1_0 join skills s1_1 on s1_1.id=s1_0.skill_id where s1_0.employee_id=?
Hibernate: select s1_0.employee_id,s1_1.id,s1_1.code,s1_1.created_at,s1_1.description,s1_1.name,s1_1.updated_at from employee_skills s1_0 join skills s1_1 on s1_1.id=s1_0.skill_id where s1_0.employee_id=?
2025-10-19T14:04:44.611+09:00 DEBUG 3356 --- [Shift Scheduler Demo] [           main] org.hibernate.SQL                        : select s1_0.employee_id,s1_1.id,s1_1.code,s1_1.created_at,s1_1.description,s1_1.name,s1_1.updated_at from employee_skills s1_0 join skills s1_1 on s1_1.id=s1_0.skill_id where s1_0.employee_id=?
Hibernate: select s1_0.employee_id,s1_1.id,s1_1.code,s1_1.created_at,s1_1.description,s1_1.name,s1_1.updated_at from employee_skills s1_0 join skills s1_1 on s1_1.id=s1_0.skill_id where s1_0.employee_id=?
2025-10-19T14:04:44.612+09:00 DEBUG 3356 --- [Shift Scheduler Demo] [           main] org.hibernate.SQL                        : select s1_0.employee_id,s1_1.id,s1_1.code,s1_1.created_at,s1_1.description,s1_1.name,s1_1.updated_at from employee_skills s1_0 join skills s1_1 on s1_1.id=s1_0.skill_id where s1_0.employee_id=?
Hibernate: select s1_0.employee_id,s1_1.id,s1_1.code,s1_1.created_at,s1_1.description,s1_1.name,s1_1.updated_at from employee_skills s1_0 join skills s1_1 on s1_1.id=s1_0.skill_id where s1_0.employee_id=?
2025-10-19T14:04:44.613+09:00 DEBUG 3356 --- [Shift Scheduler Demo] [           main] org.hibernate.SQL                        : select s1_0.employee_id,s1_1.id,s1_1.code,s1_1.created_at,s1_1.description,s1_1.name,s1_1.updated_at from employee_skills s1_0 join skills s1_1 on s1_1.id=s1_0.skill_id where s1_0.employee_id=?
Hibernate: select s1_0.employee_id,s1_1.id,s1_1.code,s1_1.created_at,s1_1.description,s1_1.name,s1_1.updated_at from employee_skills s1_0 join skills s1_1 on s1_1.id=s1_0.skill_id where s1_0.employee_id=?
2025-10-19T14:04:44.613+09:00 DEBUG 3356 --- [Shift Scheduler Demo] [           main] org.hibernate.SQL                        : select s1_0.employee_id,s1_1.id,s1_1.code,s1_1.created_at,s1_1.description,s1_1.name,s1_1.updated_at from employee_skills s1_0 join skills s1_1 on s1_1.id=s1_0.skill_id where s1_0.employee_id=?
Hibernate: select s1_0.employee_id,s1_1.id,s1_1.code,s1_1.created_at,s1_1.description,s1_1.name,s1_1.updated_at from employee_skills s1_0 join skills s1_1 on s1_1.id=s1_0.skill_id where s1_0.employee_id=?
2025-10-19T14:04:44.614+09:00 DEBUG 3356 --- [Shift Scheduler Demo] [           main] org.hibernate.SQL                        : select s1_0.employee_id,s1_1.id,s1_1.code,s1_1.created_at,s1_1.description,s1_1.name,s1_1.updated_at from employee_skills s1_0 join skills s1_1 on s1_1.id=s1_0.skill_id where s1_0.employee_id=?
Hibernate: select s1_0.employee_id,s1_1.id,s1_1.code,s1_1.created_at,s1_1.description,s1_1.name,s1_1.updated_at from employee_skills s1_0 join skills s1_1 on s1_1.id=s1_0.skill_id where s1_0.employee_id=?
2025-10-19T14:04:44.615+09:00 DEBUG 3356 --- [Shift Scheduler Demo] [           main] org.hibernate.SQL                        : select s1_0.employee_id,s1_1.id,s1_1.code,s1_1.created_at,s1_1.description,s1_1.name,s1_1.updated_at from employee_skills s1_0 join skills s1_1 on s1_1.id=s1_0.skill_id where s1_0.employee_id=?
Hibernate: select s1_0.employee_id,s1_1.id,s1_1.code,s1_1.created_at,s1_1.description,s1_1.name,s1_1.updated_at from employee_skills s1_0 join skills s1_1 on s1_1.id=s1_0.skill_id where s1_0.employee_id=?
2025-10-19T14:04:44.615+09:00 DEBUG 3356 --- [Shift Scheduler Demo] [           main] org.hibernate.SQL                        : select s1_0.employee_id,s1_1.id,s1_1.code,s1_1.created_at,s1_1.description,s1_1.name,s1_1.updated_at from employee_skills s1_0 join skills s1_1 on s1_1.id=s1_0.skill_id where s1_0.employee_id=?
Hibernate: select s1_0.employee_id,s1_1.id,s1_1.code,s1_1.created_at,s1_1.description,s1_1.name,s1_1.updated_at from employee_skills s1_0 join skills s1_1 on s1_1.id=s1_0.skill_id where s1_0.employee_id=?
2025-10-19T14:04:44.618+09:00 DEBUG 3356 --- [Shift Scheduler Demo] [           main] org.hibernate.SQL                        : select s1_0.employee_id,s1_1.id,s1_1.code,s1_1.created_at,s1_1.description,s1_1.name,s1_1.updated_at from employee_skills s1_0 join skills s1_1 on s1_1.id=s1_0.skill_id where s1_0.employee_id=?
Hibernate: select s1_0.employee_id,s1_1.id,s1_1.code,s1_1.created_at,s1_1.description,s1_1.name,s1_1.updated_at from employee_skills s1_0 join skills s1_1 on s1_1.id=s1_0.skill_id where s1_0.employee_id=?
2025-10-19T14:04:44.618+09:00 DEBUG 3356 --- [Shift Scheduler Demo] [           main] org.hibernate.SQL                        : select s1_0.employee_id,s1_1.id,s1_1.code,s1_1.created_at,s1_1.description,s1_1.name,s1_1.updated_at from employee_skills s1_0 join skills s1_1 on s1_1.id=s1_0.skill_id where s1_0.employee_id=?
Hibernate: select s1_0.employee_id,s1_1.id,s1_1.code,s1_1.created_at,s1_1.description,s1_1.name,s1_1.updated_at from employee_skills s1_0 join skills s1_1 on s1_1.id=s1_0.skill_id where s1_0.employee_id=?
2025-10-19T14:04:44.620+09:00 DEBUG 3356 --- [Shift Scheduler Demo] [           main] org.hibernate.SQL                        : select s1_0.employee_id,s1_1.id,s1_1.code,s1_1.created_at,s1_1.description,s1_1.name,s1_1.updated_at from employee_skills s1_0 join skills s1_1 on s1_1.id=s1_0.skill_id where s1_0.employee_id=?
Hibernate: select s1_0.employee_id,s1_1.id,s1_1.code,s1_1.created_at,s1_1.description,s1_1.name,s1_1.updated_at from employee_skills s1_0 join skills s1_1 on s1_1.id=s1_0.skill_id where s1_0.employee_id=?
2025-10-19T14:04:44.621+09:00 DEBUG 3356 --- [Shift Scheduler Demo] [           main] org.hibernate.SQL                        : select s1_0.employee_id,s1_1.id,s1_1.code,s1_1.created_at,s1_1.description,s1_1.name,s1_1.updated_at from employee_skills s1_0 join skills s1_1 on s1_1.id=s1_0.skill_id where s1_0.employee_id=?
Hibernate: select s1_0.employee_id,s1_1.id,s1_1.code,s1_1.created_at,s1_1.description,s1_1.name,s1_1.updated_at from employee_skills s1_0 join skills s1_1 on s1_1.id=s1_0.skill_id where s1_0.employee_id=?
2025-10-19T14:04:44.622+09:00 DEBUG 3356 --- [Shift Scheduler Demo] [           main] org.hibernate.SQL                        : select s1_0.employee_id,s1_1.id,s1_1.code,s1_1.created_at,s1_1.description,s1_1.name,s1_1.updated_at from employee_skills s1_0 join skills s1_1 on s1_1.id=s1_0.skill_id where s1_0.employee_id=?
Hibernate: select s1_0.employee_id,s1_1.id,s1_1.code,s1_1.created_at,s1_1.description,s1_1.name,s1_1.updated_at from employee_skills s1_0 join skills s1_1 on s1_1.id=s1_0.skill_id where s1_0.employee_id=?
2025-10-19T14:04:44.623+09:00 DEBUG 3356 --- [Shift Scheduler Demo] [           main] org.hibernate.SQL                        : select s1_0.employee_id,s1_1.id,s1_1.code,s1_1.created_at,s1_1.description,s1_1.name,s1_1.updated_at from employee_skills s1_0 join skills s1_1 on s1_1.id=s1_0.skill_id where s1_0.employee_id=?
Hibernate: select s1_0.employee_id,s1_1.id,s1_1.code,s1_1.created_at,s1_1.description,s1_1.name,s1_1.updated_at from employee_skills s1_0 join skills s1_1 on s1_1.id=s1_0.skill_id where s1_0.employee_id=?
2025-10-19T14:04:44.623+09:00 DEBUG 3356 --- [Shift Scheduler Demo] [           main] org.hibernate.SQL                        : select s1_0.employee_id,s1_1.id,s1_1.code,s1_1.created_at,s1_1.description,s1_1.name,s1_1.updated_at from employee_skills s1_0 join skills s1_1 on s1_1.id=s1_0.skill_id where s1_0.employee_id=?
Hibernate: select s1_0.employee_id,s1_1.id,s1_1.code,s1_1.created_at,s1_1.description,s1_1.name,s1_1.updated_at from employee_skills s1_0 join skills s1_1 on s1_1.id=s1_0.skill_id where s1_0.employee_id=?
2025-10-19T14:04:44.624+09:00 DEBUG 3356 --- [Shift Scheduler Demo] [           main] org.hibernate.SQL                        : select s1_0.employee_id,s1_1.id,s1_1.code,s1_1.created_at,s1_1.description,s1_1.name,s1_1.updated_at from employee_skills s1_0 join skills s1_1 on s1_1.id=s1_0.skill_id where s1_0.employee_id=?
Hibernate: select s1_0.employee_id,s1_1.id,s1_1.code,s1_1.created_at,s1_1.description,s1_1.name,s1_1.updated_at from employee_skills s1_0 join skills s1_1 on s1_1.id=s1_0.skill_id where s1_0.employee_id=?
2025-10-19T14:04:44.625+09:00 DEBUG 3356 --- [Shift Scheduler Demo] [           main] org.hibernate.SQL                        : select s1_0.employee_id,s1_1.id,s1_1.code,s1_1.created_at,s1_1.description,s1_1.name,s1_1.updated_at from employee_skills s1_0 join skills s1_1 on s1_1.id=s1_0.skill_id where s1_0.employee_id=?
Hibernate: select s1_0.employee_id,s1_1.id,s1_1.code,s1_1.created_at,s1_1.description,s1_1.name,s1_1.updated_at from employee_skills s1_0 join skills s1_1 on s1_1.id=s1_0.skill_id where s1_0.employee_id=?
2025-10-19T14:04:44.625+09:00 DEBUG 3356 --- [Shift Scheduler Demo] [           main] org.hibernate.SQL                        : select s1_0.employee_id,s1_1.id,s1_1.code,s1_1.created_at,s1_1.description,s1_1.name,s1_1.updated_at from employee_skills s1_0 join skills s1_1 on s1_1.id=s1_0.skill_id where s1_0.employee_id=?
Hibernate: select s1_0.employee_id,s1_1.id,s1_1.code,s1_1.created_at,s1_1.description,s1_1.name,s1_1.updated_at from employee_skills s1_0 join skills s1_1 on s1_1.id=s1_0.skill_id where s1_0.employee_id=?
2025-10-19T14:04:44.626+09:00 DEBUG 3356 --- [Shift Scheduler Demo] [           main] org.hibernate.SQL                        : select s1_0.employee_id,s1_1.id,s1_1.code,s1_1.created_at,s1_1.description,s1_1.name,s1_1.updated_at from employee_skills s1_0 join skills s1_1 on s1_1.id=s1_0.skill_id where s1_0.employee_id=?
Hibernate: select s1_0.employee_id,s1_1.id,s1_1.code,s1_1.created_at,s1_1.description,s1_1.name,s1_1.updated_at from employee_skills s1_0 join skills s1_1 on s1_1.id=s1_0.skill_id where s1_0.employee_id=?
2025-10-19T14:04:44.627+09:00 DEBUG 3356 --- [Shift Scheduler Demo] [           main] org.hibernate.SQL                        : select s1_0.employee_id,s1_1.id,s1_1.code,s1_1.created_at,s1_1.description,s1_1.name,s1_1.updated_at from employee_skills s1_0 join skills s1_1 on s1_1.id=s1_0.skill_id where s1_0.employee_id=?
Hibernate: select s1_0.employee_id,s1_1.id,s1_1.code,s1_1.created_at,s1_1.description,s1_1.name,s1_1.updated_at from employee_skills s1_0 join skills s1_1 on s1_1.id=s1_0.skill_id where s1_0.employee_id=?
2025-10-19T14:04:44.628+09:00 DEBUG 3356 --- [Shift Scheduler Demo] [           main] org.hibernate.SQL                        : select s1_0.employee_id,s1_1.id,s1_1.code,s1_1.created_at,s1_1.description,s1_1.name,s1_1.updated_at from employee_skills s1_0 join skills s1_1 on s1_1.id=s1_0.skill_id where s1_0.employee_id=?
Hibernate: select s1_0.employee_id,s1_1.id,s1_1.code,s1_1.created_at,s1_1.description,s1_1.name,s1_1.updated_at from employee_skills s1_0 join skills s1_1 on s1_1.id=s1_0.skill_id where s1_0.employee_id=?
2025-10-19T14:04:44.734+09:00 DEBUG 3356 --- [Shift Scheduler Demo] [           main] org.hibernate.SQL                        : select er1_0.id,er1_0.allow_holiday_work,er1_0.allow_multiple_shifts_per_day,er1_0.daily_max_hours,er1_0.employee_id,er1_0.max_consecutive_days,er1_0.min_rest_hours,er1_0.weekly_max_hours from employee_rules er1_0 left join employees e1_0 on e1_0.id=er1_0.employee_id where e1_0.id=?
Hibernate: select er1_0.id,er1_0.allow_holiday_work,er1_0.allow_multiple_shifts_per_day,er1_0.daily_max_hours,er1_0.employee_id,er1_0.max_consecutive_days,er1_0.min_rest_hours,er1_0.weekly_max_hours from employee_rules er1_0 left join employees e1_0 on e1_0.id=er1_0.employee_id where e1_0.id=?
2025-10-19T14:04:44.748+09:00 DEBUG 3356 --- [Shift Scheduler Demo] [           main] org.hibernate.SQL                        : select er1_0.id,er1_0.allow_holiday_work,er1_0.allow_multiple_shifts_per_day,er1_0.daily_max_hours,er1_0.employee_id,er1_0.max_consecutive_days,er1_0.min_rest_hours,er1_0.weekly_max_hours from employee_rules er1_0 left join employees e1_0 on e1_0.id=er1_0.employee_id where e1_0.id=?
Hibernate: select er1_0.id,er1_0.allow_holiday_work,er1_0.allow_multiple_shifts_per_day,er1_0.daily_max_hours,er1_0.employee_id,er1_0.max_consecutive_days,er1_0.min_rest_hours,er1_0.weekly_max_hours from employee_rules er1_0 left join employees e1_0 on e1_0.id=er1_0.employee_id where e1_0.id=?
2025-10-19T14:04:44.753+09:00 DEBUG 3356 --- [Shift Scheduler Demo] [           main] org.hibernate.SQL                        : select er1_0.id,er1_0.allow_holiday_work,er1_0.allow_multiple_shifts_per_day,er1_0.daily_max_hours,er1_0.employee_id,er1_0.max_consecutive_days,er1_0.min_rest_hours,er1_0.weekly_max_hours from employee_rules er1_0 left join employees e1_0 on e1_0.id=er1_0.employee_id where e1_0.id=?
Hibernate: select er1_0.id,er1_0.allow_holiday_work,er1_0.allow_multiple_shifts_per_day,er1_0.daily_max_hours,er1_0.employee_id,er1_0.max_consecutive_days,er1_0.min_rest_hours,er1_0.weekly_max_hours from employee_rules er1_0 left join employees e1_0 on e1_0.id=er1_0.employee_id where e1_0.id=?
2025-10-19T14:04:44.757+09:00 DEBUG 3356 --- [Shift Scheduler Demo] [           main] org.hibernate.SQL                        : select er1_0.id,er1_0.allow_holiday_work,er1_0.allow_multiple_shifts_per_day,er1_0.daily_max_hours,er1_0.employee_id,er1_0.max_consecutive_days,er1_0.min_rest_hours,er1_0.weekly_max_hours from employee_rules er1_0 left join employees e1_0 on e1_0.id=er1_0.employee_id where e1_0.id=?
Hibernate: select er1_0.id,er1_0.allow_holiday_work,er1_0.allow_multiple_shifts_per_day,er1_0.daily_max_hours,er1_0.employee_id,er1_0.max_consecutive_days,er1_0.min_rest_hours,er1_0.weekly_max_hours from employee_rules er1_0 left join employees e1_0 on e1_0.id=er1_0.employee_id where e1_0.id=?
2025-10-19T14:04:44.761+09:00 DEBUG 3356 --- [Shift Scheduler Demo] [           main] org.hibernate.SQL                        : select er1_0.id,er1_0.allow_holiday_work,er1_0.allow_multiple_shifts_per_day,er1_0.daily_max_hours,er1_0.employee_id,er1_0.max_consecutive_days,er1_0.min_rest_hours,er1_0.weekly_max_hours from employee_rules er1_0 left join employees e1_0 on e1_0.id=er1_0.employee_id where e1_0.id=?
Hibernate: select er1_0.id,er1_0.allow_holiday_work,er1_0.allow_multiple_shifts_per_day,er1_0.daily_max_hours,er1_0.employee_id,er1_0.max_consecutive_days,er1_0.min_rest_hours,er1_0.weekly_max_hours from employee_rules er1_0 left join employees e1_0 on e1_0.id=er1_0.employee_id where e1_0.id=?
2025-10-19T14:04:44.764+09:00 DEBUG 3356 --- [Shift Scheduler Demo] [           main] org.hibernate.SQL                        : select er1_0.id,er1_0.allow_holiday_work,er1_0.allow_multiple_shifts_per_day,er1_0.daily_max_hours,er1_0.employee_id,er1_0.max_consecutive_days,er1_0.min_rest_hours,er1_0.weekly_max_hours from employee_rules er1_0 left join employees e1_0 on e1_0.id=er1_0.employee_id where e1_0.id=?
Hibernate: select er1_0.id,er1_0.allow_holiday_work,er1_0.allow_multiple_shifts_per_day,er1_0.daily_max_hours,er1_0.employee_id,er1_0.max_consecutive_days,er1_0.min_rest_hours,er1_0.weekly_max_hours from employee_rules er1_0 left join employees e1_0 on e1_0.id=er1_0.employee_id where e1_0.id=?
2025-10-19T14:04:44.767+09:00 DEBUG 3356 --- [Shift Scheduler Demo] [           main] org.hibernate.SQL                        : select er1_0.id,er1_0.allow_holiday_work,er1_0.allow_multiple_shifts_per_day,er1_0.daily_max_hours,er1_0.employee_id,er1_0.max_consecutive_days,er1_0.min_rest_hours,er1_0.weekly_max_hours from employee_rules er1_0 left join employees e1_0 on e1_0.id=er1_0.employee_id where e1_0.id=?
Hibernate: select er1_0.id,er1_0.allow_holiday_work,er1_0.allow_multiple_shifts_per_day,er1_0.daily_max_hours,er1_0.employee_id,er1_0.max_consecutive_days,er1_0.min_rest_hours,er1_0.weekly_max_hours from employee_rules er1_0 left join employees e1_0 on e1_0.id=er1_0.employee_id where e1_0.id=?
2025-10-19T14:04:44.773+09:00 DEBUG 3356 --- [Shift Scheduler Demo] [           main] org.hibernate.SQL                        : select er1_0.id,er1_0.allow_holiday_work,er1_0.allow_multiple_shifts_per_day,er1_0.daily_max_hours,er1_0.employee_id,er1_0.max_consecutive_days,er1_0.min_rest_hours,er1_0.weekly_max_hours from employee_rules er1_0 left join employees e1_0 on e1_0.id=er1_0.employee_id where e1_0.id=?
Hibernate: select er1_0.id,er1_0.allow_holiday_work,er1_0.allow_multiple_shifts_per_day,er1_0.daily_max_hours,er1_0.employee_id,er1_0.max_consecutive_days,er1_0.min_rest_hours,er1_0.weekly_max_hours from employee_rules er1_0 left join employees e1_0 on e1_0.id=er1_0.employee_id where e1_0.id=?
2025-10-19T14:04:44.777+09:00 DEBUG 3356 --- [Shift Scheduler Demo] [           main] org.hibernate.SQL                        : select er1_0.id,er1_0.allow_holiday_work,er1_0.allow_multiple_shifts_per_day,er1_0.daily_max_hours,er1_0.employee_id,er1_0.max_consecutive_days,er1_0.min_rest_hours,er1_0.weekly_max_hours from employee_rules er1_0 left join employees e1_0 on e1_0.id=er1_0.employee_id where e1_0.id=?
Hibernate: select er1_0.id,er1_0.allow_holiday_work,er1_0.allow_multiple_shifts_per_day,er1_0.daily_max_hours,er1_0.employee_id,er1_0.max_consecutive_days,er1_0.min_rest_hours,er1_0.weekly_max_hours from employee_rules er1_0 left join employees e1_0 on e1_0.id=er1_0.employee_id where e1_0.id=?
2025-10-19T14:04:44.780+09:00 DEBUG 3356 --- [Shift Scheduler Demo] [           main] org.hibernate.SQL                        : select er1_0.id,er1_0.allow_holiday_work,er1_0.allow_multiple_shifts_per_day,er1_0.daily_max_hours,er1_0.employee_id,er1_0.max_consecutive_days,er1_0.min_rest_hours,er1_0.weekly_max_hours from employee_rules er1_0 left join employees e1_0 on e1_0.id=er1_0.employee_id where e1_0.id=?
Hibernate: select er1_0.id,er1_0.allow_holiday_work,er1_0.allow_multiple_shifts_per_day,er1_0.daily_max_hours,er1_0.employee_id,er1_0.max_consecutive_days,er1_0.min_rest_hours,er1_0.weekly_max_hours from employee_rules er1_0 left join employees e1_0 on e1_0.id=er1_0.employee_id where e1_0.id=?
2025-10-19T14:04:44.784+09:00 DEBUG 3356 --- [Shift Scheduler Demo] [           main] org.hibernate.SQL                        : select er1_0.id,er1_0.allow_holiday_work,er1_0.allow_multiple_shifts_per_day,er1_0.daily_max_hours,er1_0.employee_id,er1_0.max_consecutive_days,er1_0.min_rest_hours,er1_0.weekly_max_hours from employee_rules er1_0 left join employees e1_0 on e1_0.id=er1_0.employee_id where e1_0.id=?
Hibernate: select er1_0.id,er1_0.allow_holiday_work,er1_0.allow_multiple_shifts_per_day,er1_0.daily_max_hours,er1_0.employee_id,er1_0.max_consecutive_days,er1_0.min_rest_hours,er1_0.weekly_max_hours from employee_rules er1_0 left join employees e1_0 on e1_0.id=er1_0.employee_id where e1_0.id=?
2025-10-19T14:04:44.788+09:00 DEBUG 3356 --- [Shift Scheduler Demo] [           main] org.hibernate.SQL                        : select er1_0.id,er1_0.allow_holiday_work,er1_0.allow_multiple_shifts_per_day,er1_0.daily_max_hours,er1_0.employee_id,er1_0.max_consecutive_days,er1_0.min_rest_hours,er1_0.weekly_max_hours from employee_rules er1_0 left join employees e1_0 on e1_0.id=er1_0.employee_id where e1_0.id=?
Hibernate: select er1_0.id,er1_0.allow_holiday_work,er1_0.allow_multiple_shifts_per_day,er1_0.daily_max_hours,er1_0.employee_id,er1_0.max_consecutive_days,er1_0.min_rest_hours,er1_0.weekly_max_hours from employee_rules er1_0 left join employees e1_0 on e1_0.id=er1_0.employee_id where e1_0.id=?
2025-10-19T14:04:44.791+09:00 DEBUG 3356 --- [Shift Scheduler Demo] [           main] org.hibernate.SQL                        : select er1_0.id,er1_0.allow_holiday_work,er1_0.allow_multiple_shifts_per_day,er1_0.daily_max_hours,er1_0.employee_id,er1_0.max_consecutive_days,er1_0.min_rest_hours,er1_0.weekly_max_hours from employee_rules er1_0 left join employees e1_0 on e1_0.id=er1_0.employee_id where e1_0.id=?
Hibernate: select er1_0.id,er1_0.allow_holiday_work,er1_0.allow_multiple_shifts_per_day,er1_0.daily_max_hours,er1_0.employee_id,er1_0.max_consecutive_days,er1_0.min_rest_hours,er1_0.weekly_max_hours from employee_rules er1_0 left join employees e1_0 on e1_0.id=er1_0.employee_id where e1_0.id=?
2025-10-19T14:04:44.796+09:00 DEBUG 3356 --- [Shift Scheduler Demo] [           main] org.hibernate.SQL                        : select er1_0.id,er1_0.allow_holiday_work,er1_0.allow_multiple_shifts_per_day,er1_0.daily_max_hours,er1_0.employee_id,er1_0.max_consecutive_days,er1_0.min_rest_hours,er1_0.weekly_max_hours from employee_rules er1_0 left join employees e1_0 on e1_0.id=er1_0.employee_id where e1_0.id=?
Hibernate: select er1_0.id,er1_0.allow_holiday_work,er1_0.allow_multiple_shifts_per_day,er1_0.daily_max_hours,er1_0.employee_id,er1_0.max_consecutive_days,er1_0.min_rest_hours,er1_0.weekly_max_hours from employee_rules er1_0 left join employees e1_0 on e1_0.id=er1_0.employee_id where e1_0.id=?
2025-10-19T14:04:44.801+09:00 DEBUG 3356 --- [Shift Scheduler Demo] [           main] org.hibernate.SQL                        : select er1_0.id,er1_0.allow_holiday_work,er1_0.allow_multiple_shifts_per_day,er1_0.daily_max_hours,er1_0.employee_id,er1_0.max_consecutive_days,er1_0.min_rest_hours,er1_0.weekly_max_hours from employee_rules er1_0 left join employees e1_0 on e1_0.id=er1_0.employee_id where e1_0.id=?
Hibernate: select er1_0.id,er1_0.allow_holiday_work,er1_0.allow_multiple_shifts_per_day,er1_0.daily_max_hours,er1_0.employee_id,er1_0.max_consecutive_days,er1_0.min_rest_hours,er1_0.weekly_max_hours from employee_rules er1_0 left join employees e1_0 on e1_0.id=er1_0.employee_id where e1_0.id=?
2025-10-19T14:04:44.806+09:00 DEBUG 3356 --- [Shift Scheduler Demo] [           main] org.hibernate.SQL                        : select er1_0.id,er1_0.allow_holiday_work,er1_0.allow_multiple_shifts_per_day,er1_0.daily_max_hours,er1_0.employee_id,er1_0.max_consecutive_days,er1_0.min_rest_hours,er1_0.weekly_max_hours from employee_rules er1_0 left join employees e1_0 on e1_0.id=er1_0.employee_id where e1_0.id=?
Hibernate: select er1_0.id,er1_0.allow_holiday_work,er1_0.allow_multiple_shifts_per_day,er1_0.daily_max_hours,er1_0.employee_id,er1_0.max_consecutive_days,er1_0.min_rest_hours,er1_0.weekly_max_hours from employee_rules er1_0 left join employees e1_0 on e1_0.id=er1_0.employee_id where e1_0.id=?
2025-10-19T14:04:44.808+09:00 DEBUG 3356 --- [Shift Scheduler Demo] [           main] org.hibernate.SQL                        : select er1_0.id,er1_0.allow_holiday_work,er1_0.allow_multiple_shifts_per_day,er1_0.daily_max_hours,er1_0.employee_id,er1_0.max_consecutive_days,er1_0.min_rest_hours,er1_0.weekly_max_hours from employee_rules er1_0 left join employees e1_0 on e1_0.id=er1_0.employee_id where e1_0.id=?
Hibernate: select er1_0.id,er1_0.allow_holiday_work,er1_0.allow_multiple_shifts_per_day,er1_0.daily_max_hours,er1_0.employee_id,er1_0.max_consecutive_days,er1_0.min_rest_hours,er1_0.weekly_max_hours from employee_rules er1_0 left join employees e1_0 on e1_0.id=er1_0.employee_id where e1_0.id=?
2025-10-19T14:04:44.811+09:00 DEBUG 3356 --- [Shift Scheduler Demo] [           main] org.hibernate.SQL                        : select er1_0.id,er1_0.allow_holiday_work,er1_0.allow_multiple_shifts_per_day,er1_0.daily_max_hours,er1_0.employee_id,er1_0.max_consecutive_days,er1_0.min_rest_hours,er1_0.weekly_max_hours from employee_rules er1_0 left join employees e1_0 on e1_0.id=er1_0.employee_id where e1_0.id=?
Hibernate: select er1_0.id,er1_0.allow_holiday_work,er1_0.allow_multiple_shifts_per_day,er1_0.daily_max_hours,er1_0.employee_id,er1_0.max_consecutive_days,er1_0.min_rest_hours,er1_0.weekly_max_hours from employee_rules er1_0 left join employees e1_0 on e1_0.id=er1_0.employee_id where e1_0.id=?
2025-10-19T14:04:44.813+09:00 DEBUG 3356 --- [Shift Scheduler Demo] [           main] org.hibernate.SQL                        : select er1_0.id,er1_0.allow_holiday_work,er1_0.allow_multiple_shifts_per_day,er1_0.daily_max_hours,er1_0.employee_id,er1_0.max_consecutive_days,er1_0.min_rest_hours,er1_0.weekly_max_hours from employee_rules er1_0 left join employees e1_0 on e1_0.id=er1_0.employee_id where e1_0.id=?
Hibernate: select er1_0.id,er1_0.allow_holiday_work,er1_0.allow_multiple_shifts_per_day,er1_0.daily_max_hours,er1_0.employee_id,er1_0.max_consecutive_days,er1_0.min_rest_hours,er1_0.weekly_max_hours from employee_rules er1_0 left join employees e1_0 on e1_0.id=er1_0.employee_id where e1_0.id=?
2025-10-19T14:04:44.815+09:00 DEBUG 3356 --- [Shift Scheduler Demo] [           main] org.hibernate.SQL                        : select er1_0.id,er1_0.allow_holiday_work,er1_0.allow_multiple_shifts_per_day,er1_0.daily_max_hours,er1_0.employee_id,er1_0.max_consecutive_days,er1_0.min_rest_hours,er1_0.weekly_max_hours from employee_rules er1_0 left join employees e1_0 on e1_0.id=er1_0.employee_id where e1_0.id=?
Hibernate: select er1_0.id,er1_0.allow_holiday_work,er1_0.allow_multiple_shifts_per_day,er1_0.daily_max_hours,er1_0.employee_id,er1_0.max_consecutive_days,er1_0.min_rest_hours,er1_0.weekly_max_hours from employee_rules er1_0 left join employees e1_0 on e1_0.id=er1_0.employee_id where e1_0.id=?
2025-10-19T14:04:44.819+09:00 DEBUG 3356 --- [Shift Scheduler Demo] [           main] org.hibernate.SQL                        : select er1_0.id,er1_0.allow_holiday_work,er1_0.allow_multiple_shifts_per_day,er1_0.daily_max_hours,er1_0.employee_id,er1_0.max_consecutive_days,er1_0.min_rest_hours,er1_0.weekly_max_hours from employee_rules er1_0 left join employees e1_0 on e1_0.id=er1_0.employee_id where e1_0.id=?
Hibernate: select er1_0.id,er1_0.allow_holiday_work,er1_0.allow_multiple_shifts_per_day,er1_0.daily_max_hours,er1_0.employee_id,er1_0.max_consecutive_days,er1_0.min_rest_hours,er1_0.weekly_max_hours from employee_rules er1_0 left join employees e1_0 on e1_0.id=er1_0.employee_id where e1_0.id=?
2025-10-19T14:04:44.822+09:00 DEBUG 3356 --- [Shift Scheduler Demo] [           main] org.hibernate.SQL                        : select er1_0.id,er1_0.allow_holiday_work,er1_0.allow_multiple_shifts_per_day,er1_0.daily_max_hours,er1_0.employee_id,er1_0.max_consecutive_days,er1_0.min_rest_hours,er1_0.weekly_max_hours from employee_rules er1_0 left join employees e1_0 on e1_0.id=er1_0.employee_id where e1_0.id=?
Hibernate: select er1_0.id,er1_0.allow_holiday_work,er1_0.allow_multiple_shifts_per_day,er1_0.daily_max_hours,er1_0.employee_id,er1_0.max_consecutive_days,er1_0.min_rest_hours,er1_0.weekly_max_hours from employee_rules er1_0 left join employees e1_0 on e1_0.id=er1_0.employee_id where e1_0.id=?
2025-10-19T14:04:44.824+09:00 DEBUG 3356 --- [Shift Scheduler Demo] [           main] org.hibernate.SQL                        : select er1_0.id,er1_0.allow_holiday_work,er1_0.allow_multiple_shifts_per_day,er1_0.daily_max_hours,er1_0.employee_id,er1_0.max_consecutive_days,er1_0.min_rest_hours,er1_0.weekly_max_hours from employee_rules er1_0 left join employees e1_0 on e1_0.id=er1_0.employee_id where e1_0.id=?
Hibernate: select er1_0.id,er1_0.allow_holiday_work,er1_0.allow_multiple_shifts_per_day,er1_0.daily_max_hours,er1_0.employee_id,er1_0.max_consecutive_days,er1_0.min_rest_hours,er1_0.weekly_max_hours from employee_rules er1_0 left join employees e1_0 on e1_0.id=er1_0.employee_id where e1_0.id=?
2025-10-19T14:04:44.826+09:00 DEBUG 3356 --- [Shift Scheduler Demo] [           main] org.hibernate.SQL                        : select er1_0.id,er1_0.allow_holiday_work,er1_0.allow_multiple_shifts_per_day,er1_0.daily_max_hours,er1_0.employee_id,er1_0.max_consecutive_days,er1_0.min_rest_hours,er1_0.weekly_max_hours from employee_rules er1_0 left join employees e1_0 on e1_0.id=er1_0.employee_id where e1_0.id=?
Hibernate: select er1_0.id,er1_0.allow_holiday_work,er1_0.allow_multiple_shifts_per_day,er1_0.daily_max_hours,er1_0.employee_id,er1_0.max_consecutive_days,er1_0.min_rest_hours,er1_0.weekly_max_hours from employee_rules er1_0 left join employees e1_0 on e1_0.id=er1_0.employee_id where e1_0.id=?
2025-10-19T14:04:44.828+09:00 DEBUG 3356 --- [Shift Scheduler Demo] [           main] org.hibernate.SQL                        : select er1_0.id,er1_0.allow_holiday_work,er1_0.allow_multiple_shifts_per_day,er1_0.daily_max_hours,er1_0.employee_id,er1_0.max_consecutive_days,er1_0.min_rest_hours,er1_0.weekly_max_hours from employee_rules er1_0 left join employees e1_0 on e1_0.id=er1_0.employee_id where e1_0.id=?
Hibernate: select er1_0.id,er1_0.allow_holiday_work,er1_0.allow_multiple_shifts_per_day,er1_0.daily_max_hours,er1_0.employee_id,er1_0.max_consecutive_days,er1_0.min_rest_hours,er1_0.weekly_max_hours from employee_rules er1_0 left join employees e1_0 on e1_0.id=er1_0.employee_id where e1_0.id=?
2025-10-19T14:04:44.831+09:00 DEBUG 3356 --- [Shift Scheduler Demo] [           main] org.hibernate.SQL                        : select er1_0.id,er1_0.allow_holiday_work,er1_0.allow_multiple_shifts_per_day,er1_0.daily_max_hours,er1_0.employee_id,er1_0.max_consecutive_days,er1_0.min_rest_hours,er1_0.weekly_max_hours from employee_rules er1_0 left join employees e1_0 on e1_0.id=er1_0.employee_id where e1_0.id=?
Hibernate: select er1_0.id,er1_0.allow_holiday_work,er1_0.allow_multiple_shifts_per_day,er1_0.daily_max_hours,er1_0.employee_id,er1_0.max_consecutive_days,er1_0.min_rest_hours,er1_0.weekly_max_hours from employee_rules er1_0 left join employees e1_0 on e1_0.id=er1_0.employee_id where e1_0.id=?
2025-10-19T14:04:44.834+09:00 DEBUG 3356 --- [Shift Scheduler Demo] [           main] org.hibernate.SQL                        : select er1_0.id,er1_0.allow_holiday_work,er1_0.allow_multiple_shifts_per_day,er1_0.daily_max_hours,er1_0.employee_id,er1_0.max_consecutive_days,er1_0.min_rest_hours,er1_0.weekly_max_hours from employee_rules er1_0 left join employees e1_0 on e1_0.id=er1_0.employee_id where e1_0.id=?
Hibernate: select er1_0.id,er1_0.allow_holiday_work,er1_0.allow_multiple_shifts_per_day,er1_0.daily_max_hours,er1_0.employee_id,er1_0.max_consecutive_days,er1_0.min_rest_hours,er1_0.weekly_max_hours from employee_rules er1_0 left join employees e1_0 on e1_0.id=er1_0.employee_id where e1_0.id=?
2025-10-19T14:04:44.839+09:00 DEBUG 3356 --- [Shift Scheduler Demo] [           main] org.hibernate.SQL                        : select er1_0.id,er1_0.allow_holiday_work,er1_0.allow_multiple_shifts_per_day,er1_0.daily_max_hours,er1_0.employee_id,er1_0.max_consecutive_days,er1_0.min_rest_hours,er1_0.weekly_max_hours from employee_rules er1_0 left join employees e1_0 on e1_0.id=er1_0.employee_id where e1_0.id=?
Hibernate: select er1_0.id,er1_0.allow_holiday_work,er1_0.allow_multiple_shifts_per_day,er1_0.daily_max_hours,er1_0.employee_id,er1_0.max_consecutive_days,er1_0.min_rest_hours,er1_0.weekly_max_hours from employee_rules er1_0 left join employees e1_0 on e1_0.id=er1_0.employee_id where e1_0.id=?
2025-10-19T14:04:44.842+09:00 DEBUG 3356 --- [Shift Scheduler Demo] [           main] org.hibernate.SQL                        : select er1_0.id,er1_0.allow_holiday_work,er1_0.allow_multiple_shifts_per_day,er1_0.daily_max_hours,er1_0.employee_id,er1_0.max_consecutive_days,er1_0.min_rest_hours,er1_0.weekly_max_hours from employee_rules er1_0 left join employees e1_0 on e1_0.id=er1_0.employee_id where e1_0.id=?
Hibernate: select er1_0.id,er1_0.allow_holiday_work,er1_0.allow_multiple_shifts_per_day,er1_0.daily_max_hours,er1_0.employee_id,er1_0.max_consecutive_days,er1_0.min_rest_hours,er1_0.weekly_max_hours from employee_rules er1_0 left join employees e1_0 on e1_0.id=er1_0.employee_id where e1_0.id=?
2025-10-19T14:04:44.844+09:00 DEBUG 3356 --- [Shift Scheduler Demo] [           main] org.hibernate.SQL                        : select er1_0.id,er1_0.allow_holiday_work,er1_0.allow_multiple_shifts_per_day,er1_0.daily_max_hours,er1_0.employee_id,er1_0.max_consecutive_days,er1_0.min_rest_hours,er1_0.weekly_max_hours from employee_rules er1_0 left join employees e1_0 on e1_0.id=er1_0.employee_id where e1_0.id=?
Hibernate: select er1_0.id,er1_0.allow_holiday_work,er1_0.allow_multiple_shifts_per_day,er1_0.daily_max_hours,er1_0.employee_id,er1_0.max_consecutive_days,er1_0.min_rest_hours,er1_0.weekly_max_hours from employee_rules er1_0 left join employees e1_0 on e1_0.id=er1_0.employee_id where e1_0.id=?
2025-10-19T14:04:44.848+09:00 DEBUG 3356 --- [Shift Scheduler Demo] [           main] org.hibernate.SQL                        : select count(*) from employee_constraints ec1_0
Hibernate: select count(*) from employee_constraints ec1_0
2025-10-19T14:04:44.849+09:00  INFO 3356 --- [Shift Scheduler Demo] [           main] c.e.s.c.ConstraintDataInitializer        : 制約データは既に存在します
2025-10-19T14:04:44.855+09:00 DEBUG 3356 --- [Shift Scheduler Demo] [           main] org.hibernate.SQL                        : select sc1_0.id from shift_config sc1_0 where sc1_0.name=? limit ?
Hibernate: select sc1_0.id from shift_config sc1_0 where sc1_0.name=? limit ?
2025-10-19T14:04:44.858+09:00 DEBUG 3356 --- [Shift Scheduler Demo] [           main] org.hibernate.SQL                        : select sc1_0.id from shift_config sc1_0 where sc1_0.name=? limit ?
Hibernate: select sc1_0.id from shift_config sc1_0 where sc1_0.name=? limit ?
2025-10-19T14:04:44.860+09:00 DEBUG 3356 --- [Shift Scheduler Demo] [           main] org.hibernate.SQL                        : select sc1_0.id from shift_config sc1_0 where sc1_0.name=? limit ?
Hibernate: select sc1_0.id from shift_config sc1_0 where sc1_0.name=? limit ?
2025-10-19T14:04:44.861+09:00  INFO 3356 --- [Shift Scheduler Demo] [           main] c.e.s.config.ShiftConfigDataInitializer  : シフト設定データの初期化が完了しました
2025-10-19T14:04:44.862+09:00 DEBUG 3356 --- [Shift Scheduler Demo] [           main] org.hibernate.SQL                        : select count(*) from employees e1_0
Hibernate: select count(*) from employees e1_0
2025-10-19T14:04:44.865+09:00 DEBUG 3356 --- [Shift Scheduler Demo] [           main] org.hibernate.SQL                        : select u1_0.id from users u1_0 where u1_0.username=? limit ?
Hibernate: select u1_0.id from users u1_0 where u1_0.username=? limit ?
2025-10-19T14:04:44.869+09:00 DEBUG 3356 --- [Shift Scheduler Demo] [           main] org.hibernate.SQL                        : select u1_0.id from users u1_0 where u1_0.username=? limit ?
Hibernate: select u1_0.id from users u1_0 where u1_0.username=? limit ?
2025-10-19T14:04:44.871+09:00  INFO 3356 --- [Shift Scheduler Demo] [           main] c.e.shiftv1.auth.UserDataInitializer     : ユーザーデータの初期化が完了しました
2025-10-19T14:04:45.611+09:00  INFO 3356 --- [Shift Scheduler Demo] [           main] c.e.shiftv1.schedule.ScheduleService     : シフト生成を開始します: 2025年10月
2025-10-19T14:04:45.615+09:00 DEBUG 3356 --- [Shift Scheduler Demo] [           main] org.hibernate.SQL                        : select e1_0.id,e1_0.created_at,e1_0.name,e1_0.role from employees e1_0
Hibernate: select e1_0.id,e1_0.created_at,e1_0.name,e1_0.role from employees e1_0
2025-10-19T14:04:45.622+09:00 DEBUG 3356 --- [Shift Scheduler Demo] [           main] org.hibernate.SQL                        : select s1_0.employee_id,s1_1.id,s1_1.code,s1_1.created_at,s1_1.description,s1_1.name,s1_1.updated_at from employee_skills s1_0 join skills s1_1 on s1_1.id=s1_0.skill_id where s1_0.employee_id=?
Hibernate: select s1_0.employee_id,s1_1.id,s1_1.code,s1_1.created_at,s1_1.description,s1_1.name,s1_1.updated_at from employee_skills s1_0 join skills s1_1 on s1_1.id=s1_0.skill_id where s1_0.employee_id=?
2025-10-19T14:04:45.623+09:00 DEBUG 3356 --- [Shift Scheduler Demo] [           main] org.hibernate.SQL                        : select s1_0.employee_id,s1_1.id,s1_1.code,s1_1.created_at,s1_1.description,s1_1.name,s1_1.updated_at from employee_skills s1_0 join skills s1_1 on s1_1.id=s1_0.skill_id where s1_0.employee_id=?
Hibernate: select s1_0.employee_id,s1_1.id,s1_1.code,s1_1.created_at,s1_1.description,s1_1.name,s1_1.updated_at from employee_skills s1_0 join skills s1_1 on s1_1.id=s1_0.skill_id where s1_0.employee_id=?
2025-10-19T14:04:45.623+09:00 DEBUG 3356 --- [Shift Scheduler Demo] [           main] org.hibernate.SQL                        : select s1_0.employee_id,s1_1.id,s1_1.code,s1_1.created_at,s1_1.description,s1_1.name,s1_1.updated_at from employee_skills s1_0 join skills s1_1 on s1_1.id=s1_0.skill_id where s1_0.employee_id=?
Hibernate: select s1_0.employee_id,s1_1.id,s1_1.code,s1_1.created_at,s1_1.description,s1_1.name,s1_1.updated_at from employee_skills s1_0 join skills s1_1 on s1_1.id=s1_0.skill_id where s1_0.employee_id=?
2025-10-19T14:04:45.624+09:00 DEBUG 3356 --- [Shift Scheduler Demo] [           main] org.hibernate.SQL                        : select s1_0.employee_id,s1_1.id,s1_1.code,s1_1.created_at,s1_1.description,s1_1.name,s1_1.updated_at from employee_skills s1_0 join skills s1_1 on s1_1.id=s1_0.skill_id where s1_0.employee_id=?
Hibernate: select s1_0.employee_id,s1_1.id,s1_1.code,s1_1.created_at,s1_1.description,s1_1.name,s1_1.updated_at from employee_skills s1_0 join skills s1_1 on s1_1.id=s1_0.skill_id where s1_0.employee_id=?
2025-10-19T14:04:45.625+09:00 DEBUG 3356 --- [Shift Scheduler Demo] [           main] org.hibernate.SQL                        : select s1_0.employee_id,s1_1.id,s1_1.code,s1_1.created_at,s1_1.description,s1_1.name,s1_1.updated_at from employee_skills s1_0 join skills s1_1 on s1_1.id=s1_0.skill_id where s1_0.employee_id=?
Hibernate: select s1_0.employee_id,s1_1.id,s1_1.code,s1_1.created_at,s1_1.description,s1_1.name,s1_1.updated_at from employee_skills s1_0 join skills s1_1 on s1_1.id=s1_0.skill_id where s1_0.employee_id=?
2025-10-19T14:04:45.626+09:00 DEBUG 3356 --- [Shift Scheduler Demo] [           main] org.hibernate.SQL                        : select s1_0.employee_id,s1_1.id,s1_1.code,s1_1.created_at,s1_1.description,s1_1.name,s1_1.updated_at from employee_skills s1_0 join skills s1_1 on s1_1.id=s1_0.skill_id where s1_0.employee_id=?
Hibernate: select s1_0.employee_id,s1_1.id,s1_1.code,s1_1.created_at,s1_1.description,s1_1.name,s1_1.updated_at from employee_skills s1_0 join skills s1_1 on s1_1.id=s1_0.skill_id where s1_0.employee_id=?
2025-10-19T14:04:45.627+09:00 DEBUG 3356 --- [Shift Scheduler Demo] [           main] org.hibernate.SQL                        : select s1_0.employee_id,s1_1.id,s1_1.code,s1_1.created_at,s1_1.description,s1_1.name,s1_1.updated_at from employee_skills s1_0 join skills s1_1 on s1_1.id=s1_0.skill_id where s1_0.employee_id=?
Hibernate: select s1_0.employee_id,s1_1.id,s1_1.code,s1_1.created_at,s1_1.description,s1_1.name,s1_1.updated_at from employee_skills s1_0 join skills s1_1 on s1_1.id=s1_0.skill_id where s1_0.employee_id=?
2025-10-19T14:04:45.627+09:00 DEBUG 3356 --- [Shift Scheduler Demo] [           main] org.hibernate.SQL                        : select s1_0.employee_id,s1_1.id,s1_1.code,s1_1.created_at,s1_1.description,s1_1.name,s1_1.updated_at from employee_skills s1_0 join skills s1_1 on s1_1.id=s1_0.skill_id where s1_0.employee_id=?
Hibernate: select s1_0.employee_id,s1_1.id,s1_1.code,s1_1.created_at,s1_1.description,s1_1.name,s1_1.updated_at from employee_skills s1_0 join skills s1_1 on s1_1.id=s1_0.skill_id where s1_0.employee_id=?
2025-10-19T14:04:45.628+09:00 DEBUG 3356 --- [Shift Scheduler Demo] [           main] org.hibernate.SQL                        : select s1_0.employee_id,s1_1.id,s1_1.code,s1_1.created_at,s1_1.description,s1_1.name,s1_1.updated_at from employee_skills s1_0 join skills s1_1 on s1_1.id=s1_0.skill_id where s1_0.employee_id=?
Hibernate: select s1_0.employee_id,s1_1.id,s1_1.code,s1_1.created_at,s1_1.description,s1_1.name,s1_1.updated_at from employee_skills s1_0 join skills s1_1 on s1_1.id=s1_0.skill_id where s1_0.employee_id=?
2025-10-19T14:04:45.629+09:00 DEBUG 3356 --- [Shift Scheduler Demo] [           main] org.hibernate.SQL                        : select s1_0.employee_id,s1_1.id,s1_1.code,s1_1.created_at,s1_1.description,s1_1.name,s1_1.updated_at from employee_skills s1_0 join skills s1_1 on s1_1.id=s1_0.skill_id where s1_0.employee_id=?
Hibernate: select s1_0.employee_id,s1_1.id,s1_1.code,s1_1.created_at,s1_1.description,s1_1.name,s1_1.updated_at from employee_skills s1_0 join skills s1_1 on s1_1.id=s1_0.skill_id where s1_0.employee_id=?
2025-10-19T14:04:45.629+09:00 DEBUG 3356 --- [Shift Scheduler Demo] [           main] org.hibernate.SQL                        : select s1_0.employee_id,s1_1.id,s1_1.code,s1_1.created_at,s1_1.description,s1_1.name,s1_1.updated_at from employee_skills s1_0 join skills s1_1 on s1_1.id=s1_0.skill_id where s1_0.employee_id=?
Hibernate: select s1_0.employee_id,s1_1.id,s1_1.code,s1_1.created_at,s1_1.description,s1_1.name,s1_1.updated_at from employee_skills s1_0 join skills s1_1 on s1_1.id=s1_0.skill_id where s1_0.employee_id=?
2025-10-19T14:04:45.630+09:00 DEBUG 3356 --- [Shift Scheduler Demo] [           main] org.hibernate.SQL                        : select s1_0.employee_id,s1_1.id,s1_1.code,s1_1.created_at,s1_1.description,s1_1.name,s1_1.updated_at from employee_skills s1_0 join skills s1_1 on s1_1.id=s1_0.skill_id where s1_0.employee_id=?
Hibernate: select s1_0.employee_id,s1_1.id,s1_1.code,s1_1.created_at,s1_1.description,s1_1.name,s1_1.updated_at from employee_skills s1_0 join skills s1_1 on s1_1.id=s1_0.skill_id where s1_0.employee_id=?
2025-10-19T14:04:45.630+09:00 DEBUG 3356 --- [Shift Scheduler Demo] [           main] org.hibernate.SQL                        : select s1_0.employee_id,s1_1.id,s1_1.code,s1_1.created_at,s1_1.description,s1_1.name,s1_1.updated_at from employee_skills s1_0 join skills s1_1 on s1_1.id=s1_0.skill_id where s1_0.employee_id=?
Hibernate: select s1_0.employee_id,s1_1.id,s1_1.code,s1_1.created_at,s1_1.description,s1_1.name,s1_1.updated_at from employee_skills s1_0 join skills s1_1 on s1_1.id=s1_0.skill_id where s1_0.employee_id=?
2025-10-19T14:04:45.631+09:00 DEBUG 3356 --- [Shift Scheduler Demo] [           main] org.hibernate.SQL                        : select s1_0.employee_id,s1_1.id,s1_1.code,s1_1.created_at,s1_1.description,s1_1.name,s1_1.updated_at from employee_skills s1_0 join skills s1_1 on s1_1.id=s1_0.skill_id where s1_0.employee_id=?
Hibernate: select s1_0.employee_id,s1_1.id,s1_1.code,s1_1.created_at,s1_1.description,s1_1.name,s1_1.updated_at from employee_skills s1_0 join skills s1_1 on s1_1.id=s1_0.skill_id where s1_0.employee_id=?
2025-10-19T14:04:45.631+09:00 DEBUG 3356 --- [Shift Scheduler Demo] [           main] org.hibernate.SQL                        : select s1_0.employee_id,s1_1.id,s1_1.code,s1_1.created_at,s1_1.description,s1_1.name,s1_1.updated_at from employee_skills s1_0 join skills s1_1 on s1_1.id=s1_0.skill_id where s1_0.employee_id=?
Hibernate: select s1_0.employee_id,s1_1.id,s1_1.code,s1_1.created_at,s1_1.description,s1_1.name,s1_1.updated_at from employee_skills s1_0 join skills s1_1 on s1_1.id=s1_0.skill_id where s1_0.employee_id=?
2025-10-19T14:04:45.634+09:00 DEBUG 3356 --- [Shift Scheduler Demo] [           main] org.hibernate.SQL                        : select s1_0.employee_id,s1_1.id,s1_1.code,s1_1.created_at,s1_1.description,s1_1.name,s1_1.updated_at from employee_skills s1_0 join skills s1_1 on s1_1.id=s1_0.skill_id where s1_0.employee_id=?
Hibernate: select s1_0.employee_id,s1_1.id,s1_1.code,s1_1.created_at,s1_1.description,s1_1.name,s1_1.updated_at from employee_skills s1_0 join skills s1_1 on s1_1.id=s1_0.skill_id where s1_0.employee_id=?
2025-10-19T14:04:45.635+09:00 DEBUG 3356 --- [Shift Scheduler Demo] [           main] org.hibernate.SQL                        : select s1_0.employee_id,s1_1.id,s1_1.code,s1_1.created_at,s1_1.description,s1_1.name,s1_1.updated_at from employee_skills s1_0 join skills s1_1 on s1_1.id=s1_0.skill_id where s1_0.employee_id=?
Hibernate: select s1_0.employee_id,s1_1.id,s1_1.code,s1_1.created_at,s1_1.description,s1_1.name,s1_1.updated_at from employee_skills s1_0 join skills s1_1 on s1_1.id=s1_0.skill_id where s1_0.employee_id=?
2025-10-19T14:04:45.636+09:00 DEBUG 3356 --- [Shift Scheduler Demo] [           main] org.hibernate.SQL                        : select s1_0.employee_id,s1_1.id,s1_1.code,s1_1.created_at,s1_1.description,s1_1.name,s1_1.updated_at from employee_skills s1_0 join skills s1_1 on s1_1.id=s1_0.skill_id where s1_0.employee_id=?
Hibernate: select s1_0.employee_id,s1_1.id,s1_1.code,s1_1.created_at,s1_1.description,s1_1.name,s1_1.updated_at from employee_skills s1_0 join skills s1_1 on s1_1.id=s1_0.skill_id where s1_0.employee_id=?
2025-10-19T14:04:45.636+09:00 DEBUG 3356 --- [Shift Scheduler Demo] [           main] org.hibernate.SQL                        : select s1_0.employee_id,s1_1.id,s1_1.code,s1_1.created_at,s1_1.description,s1_1.name,s1_1.updated_at from employee_skills s1_0 join skills s1_1 on s1_1.id=s1_0.skill_id where s1_0.employee_id=?
Hibernate: select s1_0.employee_id,s1_1.id,s1_1.code,s1_1.created_at,s1_1.description,s1_1.name,s1_1.updated_at from employee_skills s1_0 join skills s1_1 on s1_1.id=s1_0.skill_id where s1_0.employee_id=?
2025-10-19T14:04:45.637+09:00 DEBUG 3356 --- [Shift Scheduler Demo] [           main] org.hibernate.SQL                        : select s1_0.employee_id,s1_1.id,s1_1.code,s1_1.created_at,s1_1.description,s1_1.name,s1_1.updated_at from employee_skills s1_0 join skills s1_1 on s1_1.id=s1_0.skill_id where s1_0.employee_id=?
Hibernate: select s1_0.employee_id,s1_1.id,s1_1.code,s1_1.created_at,s1_1.description,s1_1.name,s1_1.updated_at from employee_skills s1_0 join skills s1_1 on s1_1.id=s1_0.skill_id where s1_0.employee_id=?
2025-10-19T14:04:45.637+09:00 DEBUG 3356 --- [Shift Scheduler Demo] [           main] org.hibernate.SQL                        : select s1_0.employee_id,s1_1.id,s1_1.code,s1_1.created_at,s1_1.description,s1_1.name,s1_1.updated_at from employee_skills s1_0 join skills s1_1 on s1_1.id=s1_0.skill_id where s1_0.employee_id=?
Hibernate: select s1_0.employee_id,s1_1.id,s1_1.code,s1_1.created_at,s1_1.description,s1_1.name,s1_1.updated_at from employee_skills s1_0 join skills s1_1 on s1_1.id=s1_0.skill_id where s1_0.employee_id=?
2025-10-19T14:04:45.638+09:00 DEBUG 3356 --- [Shift Scheduler Demo] [           main] org.hibernate.SQL                        : select s1_0.employee_id,s1_1.id,s1_1.code,s1_1.created_at,s1_1.description,s1_1.name,s1_1.updated_at from employee_skills s1_0 join skills s1_1 on s1_1.id=s1_0.skill_id where s1_0.employee_id=?
Hibernate: select s1_0.employee_id,s1_1.id,s1_1.code,s1_1.created_at,s1_1.description,s1_1.name,s1_1.updated_at from employee_skills s1_0 join skills s1_1 on s1_1.id=s1_0.skill_id where s1_0.employee_id=?
2025-10-19T14:04:45.638+09:00 DEBUG 3356 --- [Shift Scheduler Demo] [           main] org.hibernate.SQL                        : select s1_0.employee_id,s1_1.id,s1_1.code,s1_1.created_at,s1_1.description,s1_1.name,s1_1.updated_at from employee_skills s1_0 join skills s1_1 on s1_1.id=s1_0.skill_id where s1_0.employee_id=?
Hibernate: select s1_0.employee_id,s1_1.id,s1_1.code,s1_1.created_at,s1_1.description,s1_1.name,s1_1.updated_at from employee_skills s1_0 join skills s1_1 on s1_1.id=s1_0.skill_id where s1_0.employee_id=?
2025-10-19T14:04:45.639+09:00 DEBUG 3356 --- [Shift Scheduler Demo] [           main] org.hibernate.SQL                        : select s1_0.employee_id,s1_1.id,s1_1.code,s1_1.created_at,s1_1.description,s1_1.name,s1_1.updated_at from employee_skills s1_0 join skills s1_1 on s1_1.id=s1_0.skill_id where s1_0.employee_id=?
Hibernate: select s1_0.employee_id,s1_1.id,s1_1.code,s1_1.created_at,s1_1.description,s1_1.name,s1_1.updated_at from employee_skills s1_0 join skills s1_1 on s1_1.id=s1_0.skill_id where s1_0.employee_id=?
2025-10-19T14:04:45.639+09:00 DEBUG 3356 --- [Shift Scheduler Demo] [           main] org.hibernate.SQL                        : select s1_0.employee_id,s1_1.id,s1_1.code,s1_1.created_at,s1_1.description,s1_1.name,s1_1.updated_at from employee_skills s1_0 join skills s1_1 on s1_1.id=s1_0.skill_id where s1_0.employee_id=?
Hibernate: select s1_0.employee_id,s1_1.id,s1_1.code,s1_1.created_at,s1_1.description,s1_1.name,s1_1.updated_at from employee_skills s1_0 join skills s1_1 on s1_1.id=s1_0.skill_id where s1_0.employee_id=?
2025-10-19T14:04:45.640+09:00 DEBUG 3356 --- [Shift Scheduler Demo] [           main] org.hibernate.SQL                        : select s1_0.employee_id,s1_1.id,s1_1.code,s1_1.created_at,s1_1.description,s1_1.name,s1_1.updated_at from employee_skills s1_0 join skills s1_1 on s1_1.id=s1_0.skill_id where s1_0.employee_id=?
Hibernate: select s1_0.employee_id,s1_1.id,s1_1.code,s1_1.created_at,s1_1.description,s1_1.name,s1_1.updated_at from employee_skills s1_0 join skills s1_1 on s1_1.id=s1_0.skill_id where s1_0.employee_id=?
2025-10-19T14:04:45.640+09:00 DEBUG 3356 --- [Shift Scheduler Demo] [           main] org.hibernate.SQL                        : select s1_0.employee_id,s1_1.id,s1_1.code,s1_1.created_at,s1_1.description,s1_1.name,s1_1.updated_at from employee_skills s1_0 join skills s1_1 on s1_1.id=s1_0.skill_id where s1_0.employee_id=?
Hibernate: select s1_0.employee_id,s1_1.id,s1_1.code,s1_1.created_at,s1_1.description,s1_1.name,s1_1.updated_at from employee_skills s1_0 join skills s1_1 on s1_1.id=s1_0.skill_id where s1_0.employee_id=?
2025-10-19T14:04:45.641+09:00 DEBUG 3356 --- [Shift Scheduler Demo] [           main] org.hibernate.SQL                        : select s1_0.employee_id,s1_1.id,s1_1.code,s1_1.created_at,s1_1.description,s1_1.name,s1_1.updated_at from employee_skills s1_0 join skills s1_1 on s1_1.id=s1_0.skill_id where s1_0.employee_id=?
Hibernate: select s1_0.employee_id,s1_1.id,s1_1.code,s1_1.created_at,s1_1.description,s1_1.name,s1_1.updated_at from employee_skills s1_0 join skills s1_1 on s1_1.id=s1_0.skill_id where s1_0.employee_id=?
2025-10-19T14:04:45.641+09:00 DEBUG 3356 --- [Shift Scheduler Demo] [           main] org.hibernate.SQL                        : select s1_0.employee_id,s1_1.id,s1_1.code,s1_1.created_at,s1_1.description,s1_1.name,s1_1.updated_at from employee_skills s1_0 join skills s1_1 on s1_1.id=s1_0.skill_id where s1_0.employee_id=?
Hibernate: select s1_0.employee_id,s1_1.id,s1_1.code,s1_1.created_at,s1_1.description,s1_1.name,s1_1.updated_at from employee_skills s1_0 join skills s1_1 on s1_1.id=s1_0.skill_id where s1_0.employee_id=?
2025-10-19T14:04:45.642+09:00 DEBUG 3356 --- [Shift Scheduler Demo] [           main] org.hibernate.SQL                        : select s1_0.employee_id,s1_1.id,s1_1.code,s1_1.created_at,s1_1.description,s1_1.name,s1_1.updated_at from employee_skills s1_0 join skills s1_1 on s1_1.id=s1_0.skill_id where s1_0.employee_id=?
Hibernate: select s1_0.employee_id,s1_1.id,s1_1.code,s1_1.created_at,s1_1.description,s1_1.name,s1_1.updated_at from employee_skills s1_0 join skills s1_1 on s1_1.id=s1_0.skill_id where s1_0.employee_id=?
2025-10-19T14:04:45.660+09:00 DEBUG 3356 --- [Shift Scheduler Demo] [           main] org.hibernate.SQL                        : select sa1_0.id,sa1_0.employee_id,sa1_0.end_time,sa1_0.shift_name,sa1_0.start_time,sa1_0.work_date from shift_assignments sa1_0 where sa1_0.work_date<? order by sa1_0.work_date desc limit ?
Hibernate: select sa1_0.id,sa1_0.employee_id,sa1_0.end_time,sa1_0.shift_name,sa1_0.start_time,sa1_0.work_date from shift_assignments sa1_0 where sa1_0.work_date<? order by sa1_0.work_date desc limit ?
2025-10-19T14:04:45.670+09:00 DEBUG 3356 --- [Shift Scheduler Demo] [           main] org.hibernate.SQL                        : select sa1_0.id,sa1_0.employee_id,sa1_0.end_time,sa1_0.shift_name,sa1_0.start_time,sa1_0.work_date from shift_assignments sa1_0 where sa1_0.work_date between ? and ?
Hibernate: select sa1_0.id,sa1_0.employee_id,sa1_0.end_time,sa1_0.shift_name,sa1_0.start_time,sa1_0.work_date from shift_assignments sa1_0 where sa1_0.work_date between ? and ?
2025-10-19T14:04:45.671+09:00  INFO 3356 --- [Shift Scheduler Demo] [           main] c.e.shiftv1.schedule.ScheduleService     : 登録従業員数: 30名
2025-10-19T14:04:45.675+09:00 DEBUG 3356 --- [Shift Scheduler Demo] [           main] org.hibernate.SQL                        : select sa1_0.id,sa1_0.employee_id,sa1_0.end_time,sa1_0.shift_name,sa1_0.start_time,sa1_0.work_date from shift_assignments sa1_0 where sa1_0.work_date=?
Hibernate: select sa1_0.id,sa1_0.employee_id,sa1_0.end_time,sa1_0.shift_name,sa1_0.start_time,sa1_0.work_date from shift_assignments sa1_0 where sa1_0.work_date=?
2025-10-19T14:04:45.678+09:00 DEBUG 3356 --- [Shift Scheduler Demo] [           main] org.hibernate.SQL                        : select sa1_0.id,sa1_0.employee_id,sa1_0.end_time,sa1_0.shift_name,sa1_0.start_time,sa1_0.work_date from shift_assignments sa1_0 where sa1_0.work_date=?
Hibernate: select sa1_0.id,sa1_0.employee_id,sa1_0.end_time,sa1_0.shift_name,sa1_0.start_time,sa1_0.work_date from shift_assignments sa1_0 where sa1_0.work_date=?
2025-10-19T14:04:45.682+09:00 DEBUG 3356 --- [Shift Scheduler Demo] [           main] org.hibernate.SQL                        : select sa1_0.id,sa1_0.employee_id,sa1_0.end_time,sa1_0.shift_name,sa1_0.start_time,sa1_0.work_date from shift_assignments sa1_0 where sa1_0.work_date=?
Hibernate: select sa1_0.id,sa1_0.employee_id,sa1_0.end_time,sa1_0.shift_name,sa1_0.start_time,sa1_0.work_date from shift_assignments sa1_0 where sa1_0.work_date=?
2025-10-19T14:04:45.687+09:00 DEBUG 3356 --- [Shift Scheduler Demo] [           main] org.hibernate.SQL                        : select sa1_0.id,sa1_0.employee_id,sa1_0.end_time,sa1_0.shift_name,sa1_0.start_time,sa1_0.work_date from shift_assignments sa1_0 where sa1_0.work_date=?
Hibernate: select sa1_0.id,sa1_0.employee_id,sa1_0.end_time,sa1_0.shift_name,sa1_0.start_time,sa1_0.work_date from shift_assignments sa1_0 where sa1_0.work_date=?
2025-10-19T14:04:45.690+09:00 DEBUG 3356 --- [Shift Scheduler Demo] [           main] org.hibernate.SQL                        : select sa1_0.id,sa1_0.employee_id,sa1_0.end_time,sa1_0.shift_name,sa1_0.start_time,sa1_0.work_date from shift_assignments sa1_0 where sa1_0.work_date=?
Hibernate: select sa1_0.id,sa1_0.employee_id,sa1_0.end_time,sa1_0.shift_name,sa1_0.start_time,sa1_0.work_date from shift_assignments sa1_0 where sa1_0.work_date=?
2025-10-19T14:04:45.693+09:00 DEBUG 3356 --- [Shift Scheduler Demo] [           main] org.hibernate.SQL                        : select sa1_0.id,sa1_0.employee_id,sa1_0.end_time,sa1_0.shift_name,sa1_0.start_time,sa1_0.work_date from shift_assignments sa1_0 where sa1_0.work_date=?
Hibernate: select sa1_0.id,sa1_0.employee_id,sa1_0.end_time,sa1_0.shift_name,sa1_0.start_time,sa1_0.work_date from shift_assignments sa1_0 where sa1_0.work_date=?
2025-10-19T14:04:45.696+09:00 DEBUG 3356 --- [Shift Scheduler Demo] [           main] org.hibernate.SQL                        : select sa1_0.id,sa1_0.employee_id,sa1_0.end_time,sa1_0.shift_name,sa1_0.start_time,sa1_0.work_date from shift_assignments sa1_0 where sa1_0.work_date=?
Hibernate: select sa1_0.id,sa1_0.employee_id,sa1_0.end_time,sa1_0.shift_name,sa1_0.start_time,sa1_0.work_date from shift_assignments sa1_0 where sa1_0.work_date=?
2025-10-19T14:04:45.699+09:00 DEBUG 3356 --- [Shift Scheduler Demo] [           main] org.hibernate.SQL                        : select sa1_0.id,sa1_0.employee_id,sa1_0.end_time,sa1_0.shift_name,sa1_0.start_time,sa1_0.work_date from shift_assignments sa1_0 where sa1_0.work_date=?
Hibernate: select sa1_0.id,sa1_0.employee_id,sa1_0.end_time,sa1_0.shift_name,sa1_0.start_time,sa1_0.work_date from shift_assignments sa1_0 where sa1_0.work_date=?
2025-10-19T14:04:45.701+09:00 DEBUG 3356 --- [Shift Scheduler Demo] [           main] org.hibernate.SQL                        : select sa1_0.id,sa1_0.employee_id,sa1_0.end_time,sa1_0.shift_name,sa1_0.start_time,sa1_0.work_date from shift_assignments sa1_0 where sa1_0.work_date=?
Hibernate: select sa1_0.id,sa1_0.employee_id,sa1_0.end_time,sa1_0.shift_name,sa1_0.start_time,sa1_0.work_date from shift_assignments sa1_0 where sa1_0.work_date=?
2025-10-19T14:04:45.705+09:00 DEBUG 3356 --- [Shift Scheduler Demo] [           main] org.hibernate.SQL                        : select sa1_0.id,sa1_0.employee_id,sa1_0.end_time,sa1_0.shift_name,sa1_0.start_time,sa1_0.work_date from shift_assignments sa1_0 where sa1_0.work_date=?
Hibernate: select sa1_0.id,sa1_0.employee_id,sa1_0.end_time,sa1_0.shift_name,sa1_0.start_time,sa1_0.work_date from shift_assignments sa1_0 where sa1_0.work_date=?
2025-10-19T14:04:45.708+09:00 DEBUG 3356 --- [Shift Scheduler Demo] [           main] org.hibernate.SQL                        : select sa1_0.id,sa1_0.employee_id,sa1_0.end_time,sa1_0.shift_name,sa1_0.start_time,sa1_0.work_date from shift_assignments sa1_0 where sa1_0.work_date=?
Hibernate: select sa1_0.id,sa1_0.employee_id,sa1_0.end_time,sa1_0.shift_name,sa1_0.start_time,sa1_0.work_date from shift_assignments sa1_0 where sa1_0.work_date=?
2025-10-19T14:04:45.710+09:00 DEBUG 3356 --- [Shift Scheduler Demo] [           main] org.hibernate.SQL                        : select sa1_0.id,sa1_0.employee_id,sa1_0.end_time,sa1_0.shift_name,sa1_0.start_time,sa1_0.work_date from shift_assignments sa1_0 where sa1_0.work_date=?
Hibernate: select sa1_0.id,sa1_0.employee_id,sa1_0.end_time,sa1_0.shift_name,sa1_0.start_time,sa1_0.work_date from shift_assignments sa1_0 where sa1_0.work_date=?
2025-10-19T14:04:45.713+09:00 DEBUG 3356 --- [Shift Scheduler Demo] [           main] org.hibernate.SQL                        : select sa1_0.id,sa1_0.employee_id,sa1_0.end_time,sa1_0.shift_name,sa1_0.start_time,sa1_0.work_date from shift_assignments sa1_0 where sa1_0.work_date=?
Hibernate: select sa1_0.id,sa1_0.employee_id,sa1_0.end_time,sa1_0.shift_name,sa1_0.start_time,sa1_0.work_date from shift_assignments sa1_0 where sa1_0.work_date=?
2025-10-19T14:04:45.717+09:00 DEBUG 3356 --- [Shift Scheduler Demo] [           main] org.hibernate.SQL                        : select sa1_0.id,sa1_0.employee_id,sa1_0.end_time,sa1_0.shift_name,sa1_0.start_time,sa1_0.work_date from shift_assignments sa1_0 where sa1_0.work_date=?
Hibernate: select sa1_0.id,sa1_0.employee_id,sa1_0.end_time,sa1_0.shift_name,sa1_0.start_time,sa1_0.work_date from shift_assignments sa1_0 where sa1_0.work_date=?
2025-10-19T14:04:45.717+09:00 DEBUG 3356 --- [Shift Scheduler Demo] [           main] org.hibernate.SQL                        : select sa1_0.id,sa1_0.employee_id,sa1_0.end_time,sa1_0.shift_name,sa1_0.start_time,sa1_0.work_date from shift_assignments sa1_0 where sa1_0.work_date=?
Hibernate: select sa1_0.id,sa1_0.employee_id,sa1_0.end_time,sa1_0.shift_name,sa1_0.start_time,sa1_0.work_date from shift_assignments sa1_0 where sa1_0.work_date=?
2025-10-19T14:04:45.722+09:00 DEBUG 3356 --- [Shift Scheduler Demo] [           main] org.hibernate.SQL                        : select sa1_0.id,sa1_0.employee_id,sa1_0.end_time,sa1_0.shift_name,sa1_0.start_time,sa1_0.work_date from shift_assignments sa1_0 where sa1_0.work_date=?
Hibernate: select sa1_0.id,sa1_0.employee_id,sa1_0.end_time,sa1_0.shift_name,sa1_0.start_time,sa1_0.work_date from shift_assignments sa1_0 where sa1_0.work_date=?
2025-10-19T14:04:45.725+09:00 DEBUG 3356 --- [Shift Scheduler Demo] [           main] org.hibernate.SQL                        : select sa1_0.id,sa1_0.employee_id,sa1_0.end_time,sa1_0.shift_name,sa1_0.start_time,sa1_0.work_date from shift_assignments sa1_0 where sa1_0.work_date=?
Hibernate: select sa1_0.id,sa1_0.employee_id,sa1_0.end_time,sa1_0.shift_name,sa1_0.start_time,sa1_0.work_date from shift_assignments sa1_0 where sa1_0.work_date=?
2025-10-19T14:04:45.727+09:00 DEBUG 3356 --- [Shift Scheduler Demo] [           main] org.hibernate.SQL                        : select sa1_0.id,sa1_0.employee_id,sa1_0.end_time,sa1_0.shift_name,sa1_0.start_time,sa1_0.work_date from shift_assignments sa1_0 where sa1_0.work_date=?
Hibernate: select sa1_0.id,sa1_0.employee_id,sa1_0.end_time,sa1_0.shift_name,sa1_0.start_time,sa1_0.work_date from shift_assignments sa1_0 where sa1_0.work_date=?
2025-10-19T14:04:45.730+09:00 DEBUG 3356 --- [Shift Scheduler Demo] [           main] org.hibernate.SQL                        : select sa1_0.id,sa1_0.employee_id,sa1_0.end_time,sa1_0.shift_name,sa1_0.start_time,sa1_0.work_date from shift_assignments sa1_0 where sa1_0.work_date=?
Hibernate: select sa1_0.id,sa1_0.employee_id,sa1_0.end_time,sa1_0.shift_name,sa1_0.start_time,sa1_0.work_date from shift_assignments sa1_0 where sa1_0.work_date=?
2025-10-19T14:04:45.734+09:00 DEBUG 3356 --- [Shift Scheduler Demo] [           main] org.hibernate.SQL                        : select sa1_0.id,sa1_0.employee_id,sa1_0.end_time,sa1_0.shift_name,sa1_0.start_time,sa1_0.work_date from shift_assignments sa1_0 where sa1_0.work_date=?
Hibernate: select sa1_0.id,sa1_0.employee_id,sa1_0.end_time,sa1_0.shift_name,sa1_0.start_time,sa1_0.work_date from shift_assignments sa1_0 where sa1_0.work_date=?
2025-10-19T14:04:45.739+09:00 DEBUG 3356 --- [Shift Scheduler Demo] [           main] org.hibernate.SQL                        : select sa1_0.id,sa1_0.employee_id,sa1_0.end_time,sa1_0.shift_name,sa1_0.start_time,sa1_0.work_date from shift_assignments sa1_0 where sa1_0.work_date=?
Hibernate: select sa1_0.id,sa1_0.employee_id,sa1_0.end_time,sa1_0.shift_name,sa1_0.start_time,sa1_0.work_date from shift_assignments sa1_0 where sa1_0.work_date=?
2025-10-19T14:04:45.742+09:00 DEBUG 3356 --- [Shift Scheduler Demo] [           main] org.hibernate.SQL                        : select sa1_0.id,sa1_0.employee_id,sa1_0.end_time,sa1_0.shift_name,sa1_0.start_time,sa1_0.work_date from shift_assignments sa1_0 where sa1_0.work_date=?
Hibernate: select sa1_0.id,sa1_0.employee_id,sa1_0.end_time,sa1_0.shift_name,sa1_0.start_time,sa1_0.work_date from shift_assignments sa1_0 where sa1_0.work_date=?
2025-10-19T14:04:45.745+09:00 DEBUG 3356 --- [Shift Scheduler Demo] [           main] org.hibernate.SQL                        : select sa1_0.id,sa1_0.employee_id,sa1_0.end_time,sa1_0.shift_name,sa1_0.start_time,sa1_0.work_date from shift_assignments sa1_0 where sa1_0.work_date=?
Hibernate: select sa1_0.id,sa1_0.employee_id,sa1_0.end_time,sa1_0.shift_name,sa1_0.start_time,sa1_0.work_date from shift_assignments sa1_0 where sa1_0.work_date=?
2025-10-19T14:04:45.748+09:00 DEBUG 3356 --- [Shift Scheduler Demo] [           main] org.hibernate.SQL                        : select sa1_0.id,sa1_0.employee_id,sa1_0.end_time,sa1_0.shift_name,sa1_0.start_time,sa1_0.work_date from shift_assignments sa1_0 where sa1_0.work_date=?
Hibernate: select sa1_0.id,sa1_0.employee_id,sa1_0.end_time,sa1_0.shift_name,sa1_0.start_time,sa1_0.work_date from shift_assignments sa1_0 where sa1_0.work_date=?
2025-10-19T14:04:45.754+09:00 DEBUG 3356 --- [Shift Scheduler Demo] [           main] org.hibernate.SQL                        : select sa1_0.id,sa1_0.employee_id,sa1_0.end_time,sa1_0.shift_name,sa1_0.start_time,sa1_0.work_date from shift_assignments sa1_0 where sa1_0.work_date=?
Hibernate: select sa1_0.id,sa1_0.employee_id,sa1_0.end_time,sa1_0.shift_name,sa1_0.start_time,sa1_0.work_date from shift_assignments sa1_0 where sa1_0.work_date=?
2025-10-19T14:04:45.757+09:00 DEBUG 3356 --- [Shift Scheduler Demo] [           main] org.hibernate.SQL                        : select sa1_0.id,sa1_0.employee_id,sa1_0.end_time,sa1_0.shift_name,sa1_0.start_time,sa1_0.work_date from shift_assignments sa1_0 where sa1_0.work_date=?
Hibernate: select sa1_0.id,sa1_0.employee_id,sa1_0.end_time,sa1_0.shift_name,sa1_0.start_time,sa1_0.work_date from shift_assignments sa1_0 where sa1_0.work_date=?
2025-10-19T14:04:45.759+09:00 DEBUG 3356 --- [Shift Scheduler Demo] [           main] org.hibernate.SQL                        : select sa1_0.id,sa1_0.employee_id,sa1_0.end_time,sa1_0.shift_name,sa1_0.start_time,sa1_0.work_date from shift_assignments sa1_0 where sa1_0.work_date=?
Hibernate: select sa1_0.id,sa1_0.employee_id,sa1_0.end_time,sa1_0.shift_name,sa1_0.start_time,sa1_0.work_date from shift_assignments sa1_0 where sa1_0.work_date=?
2025-10-19T14:04:45.762+09:00 DEBUG 3356 --- [Shift Scheduler Demo] [           main] org.hibernate.SQL                        : select sa1_0.id,sa1_0.employee_id,sa1_0.end_time,sa1_0.shift_name,sa1_0.start_time,sa1_0.work_date from shift_assignments sa1_0 where sa1_0.work_date=?
Hibernate: select sa1_0.id,sa1_0.employee_id,sa1_0.end_time,sa1_0.shift_name,sa1_0.start_time,sa1_0.work_date from shift_assignments sa1_0 where sa1_0.work_date=?
2025-10-19T14:04:45.764+09:00 DEBUG 3356 --- [Shift Scheduler Demo] [           main] org.hibernate.SQL                        : select sa1_0.id,sa1_0.employee_id,sa1_0.end_time,sa1_0.shift_name,sa1_0.start_time,sa1_0.work_date from shift_assignments sa1_0 where sa1_0.work_date=?
Hibernate: select sa1_0.id,sa1_0.employee_id,sa1_0.end_time,sa1_0.shift_name,sa1_0.start_time,sa1_0.work_date from shift_assignments sa1_0 where sa1_0.work_date=?
2025-10-19T14:04:45.768+09:00 DEBUG 3356 --- [Shift Scheduler Demo] [           main] org.hibernate.SQL                        : select sa1_0.id,sa1_0.employee_id,sa1_0.end_time,sa1_0.shift_name,sa1_0.start_time,sa1_0.work_date from shift_assignments sa1_0 where sa1_0.work_date=?
Hibernate: select sa1_0.id,sa1_0.employee_id,sa1_0.end_time,sa1_0.shift_name,sa1_0.start_time,sa1_0.work_date from shift_assignments sa1_0 where sa1_0.work_date=?
2025-10-19T14:04:45.771+09:00 DEBUG 3356 --- [Shift Scheduler Demo] [           main] org.hibernate.SQL                        : select sa1_0.id,sa1_0.employee_id,sa1_0.end_time,sa1_0.shift_name,sa1_0.start_time,sa1_0.work_date from shift_assignments sa1_0 where sa1_0.work_date=?
Hibernate: select sa1_0.id,sa1_0.employee_id,sa1_0.end_time,sa1_0.shift_name,sa1_0.start_time,sa1_0.work_date from shift_assignments sa1_0 where sa1_0.work_date=?
2025-10-19T14:04:45.772+09:00  INFO 3356 --- [Shift Scheduler Demo] [           main] c.e.shiftv1.schedule.ScheduleService     : 既存のシフト割り当てを削除しました: 2025-10-01 から 2025-10-31
2025-10-19T14:04:45.781+09:00 DEBUG 3356 --- [Shift Scheduler Demo] [           main] org.hibernate.SQL                        : select sc1_0.id,sc1_0.is_active,sc1_0.created_at,sc1_0.day_of_week,sc1_0.end_time,sc1_0.is_holiday,sc1_0.name,sc1_0.required_employees,sc1_0.required_skill_id,sc1_0.start_time,sc1_0.updated_at from shift_config sc1_0 where sc1_0.is_active=1
Hibernate: select sc1_0.id,sc1_0.is_active,sc1_0.created_at,sc1_0.day_of_week,sc1_0.end_time,sc1_0.is_holiday,sc1_0.name,sc1_0.required_employees,sc1_0.required_skill_id,sc1_0.start_time,sc1_0.updated_at from shift_config sc1_0 where sc1_0.is_active=1
2025-10-19T14:04:45.784+09:00 DEBUG 3356 --- [Shift Scheduler Demo] [           main] org.hibernate.SQL                        : select d1_0.shift_config_id,d1_0.day_of_week from shift_config_days d1_0 where d1_0.shift_config_id=?
Hibernate: select d1_0.shift_config_id,d1_0.day_of_week from shift_config_days d1_0 where d1_0.shift_config_id=?
2025-10-19T14:04:45.790+09:00 DEBUG 3356 --- [Shift Scheduler Demo] [           main] org.hibernate.SQL                        : select ec1_0.id,ec1_0.is_active,ec1_0.created_at,ec1_0.date,ec1_0.employee_id,ec1_0.end_time,ec1_0.reason,ec1_0.start_time,ec1_0.type,ec1_0.updated_at from employee_constraints ec1_0 where ec1_0.date between ? and ? and ec1_0.is_active=1
Hibernate: select ec1_0.id,ec1_0.is_active,ec1_0.created_at,ec1_0.date,ec1_0.employee_id,ec1_0.end_time,ec1_0.reason,ec1_0.start_time,ec1_0.type,ec1_0.updated_at from employee_constraints ec1_0 where ec1_0.date between ? and ? and ec1_0.is_active=1
2025-10-19T14:04:45.810+09:00 DEBUG 3356 --- [Shift Scheduler Demo] [           main] org.hibernate.SQL                        : select h1_0.date from holidays h1_0 where h1_0.date between ? and ?
Hibernate: select h1_0.date from holidays h1_0 where h1_0.date between ? and ?
2025-10-19T14:04:45.825+09:00 DEBUG 3356 --- [Shift Scheduler Demo] [           main] org.hibernate.SQL                        : select di1_0.id,di1_0.is_active,di1_0.created_at,di1_0.date,di1_0.day_of_week,di1_0.end_time,di1_0.required_seats,di1_0.skill_id,di1_0.sort_order,di1_0.start_time,di1_0.updated_at from demand_intervals di1_0 where (di1_0.date=? or (di1_0.date is null and di1_0.day_of_week=?)) and (di1_0.is_active=1 or di1_0.is_active is null)
Hibernate: select di1_0.id,di1_0.is_active,di1_0.created_at,di1_0.date,di1_0.day_of_week,di1_0.end_time,di1_0.required_seats,di1_0.skill_id,di1_0.sort_order,di1_0.start_time,di1_0.updated_at from demand_intervals di1_0 where (di1_0.date=? or (di1_0.date is null and di1_0.day_of_week=?)) and (di1_0.is_active=1 or di1_0.is_active is null)
2025-10-19T14:04:45.831+09:00 DEBUG 3356 --- [Shift Scheduler Demo] [           main] org.hibernate.SQL                        : select di1_0.id,di1_0.is_active,di1_0.created_at,di1_0.date,di1_0.day_of_week,di1_0.end_time,di1_0.required_seats,di1_0.skill_id,di1_0.sort_order,di1_0.start_time,di1_0.updated_at from demand_intervals di1_0 where (di1_0.date=? or (di1_0.date is null and di1_0.day_of_week=?)) and (di1_0.is_active=1 or di1_0.is_active is null)
Hibernate: select di1_0.id,di1_0.is_active,di1_0.created_at,di1_0.date,di1_0.day_of_week,di1_0.end_time,di1_0.required_seats,di1_0.skill_id,di1_0.sort_order,di1_0.start_time,di1_0.updated_at from demand_intervals di1_0 where (di1_0.date=? or (di1_0.date is null and di1_0.day_of_week=?)) and (di1_0.is_active=1 or di1_0.is_active is null)
2025-10-19T14:04:45.836+09:00 DEBUG 3356 --- [Shift Scheduler Demo] [           main] org.hibernate.SQL                        : select di1_0.id,di1_0.is_active,di1_0.created_at,di1_0.date,di1_0.day_of_week,di1_0.end_time,di1_0.required_seats,di1_0.skill_id,di1_0.sort_order,di1_0.start_time,di1_0.updated_at from demand_intervals di1_0 where (di1_0.date=? or (di1_0.date is null and di1_0.day_of_week=?)) and (di1_0.is_active=1 or di1_0.is_active is null)
Hibernate: select di1_0.id,di1_0.is_active,di1_0.created_at,di1_0.date,di1_0.day_of_week,di1_0.end_time,di1_0.required_seats,di1_0.skill_id,di1_0.sort_order,di1_0.start_time,di1_0.updated_at from demand_intervals di1_0 where (di1_0.date=? or (di1_0.date is null and di1_0.day_of_week=?)) and (di1_0.is_active=1 or di1_0.is_active is null)
2025-10-19T14:04:45.839+09:00 DEBUG 3356 --- [Shift Scheduler Demo] [           main] org.hibernate.SQL                        : select di1_0.id,di1_0.is_active,di1_0.created_at,di1_0.date,di1_0.day_of_week,di1_0.end_time,di1_0.required_seats,di1_0.skill_id,di1_0.sort_order,di1_0.start_time,di1_0.updated_at from demand_intervals di1_0 where (di1_0.date=? or (di1_0.date is null and di1_0.day_of_week=?)) and (di1_0.is_active=1 or di1_0.is_active is null)
Hibernate: select di1_0.id,di1_0.is_active,di1_0.created_at,di1_0.date,di1_0.day_of_week,di1_0.end_time,di1_0.required_seats,di1_0.skill_id,di1_0.sort_order,di1_0.start_time,di1_0.updated_at from demand_intervals di1_0 where (di1_0.date=? or (di1_0.date is null and di1_0.day_of_week=?)) and (di1_0.is_active=1 or di1_0.is_active is null)
2025-10-19T14:04:45.842+09:00 DEBUG 3356 --- [Shift Scheduler Demo] [           main] org.hibernate.SQL                        : select di1_0.id,di1_0.is_active,di1_0.created_at,di1_0.date,di1_0.day_of_week,di1_0.end_time,di1_0.required_seats,di1_0.skill_id,di1_0.sort_order,di1_0.start_time,di1_0.updated_at from demand_intervals di1_0 where (di1_0.date=? or (di1_0.date is null and di1_0.day_of_week=?)) and (di1_0.is_active=1 or di1_0.is_active is null)
Hibernate: select di1_0.id,di1_0.is_active,di1_0.created_at,di1_0.date,di1_0.day_of_week,di1_0.end_time,di1_0.required_seats,di1_0.skill_id,di1_0.sort_order,di1_0.start_time,di1_0.updated_at from demand_intervals di1_0 where (di1_0.date=? or (di1_0.date is null and di1_0.day_of_week=?)) and (di1_0.is_active=1 or di1_0.is_active is null)
2025-10-19T14:04:45.845+09:00 DEBUG 3356 --- [Shift Scheduler Demo] [           main] org.hibernate.SQL                        : select di1_0.id,di1_0.is_active,di1_0.created_at,di1_0.date,di1_0.day_of_week,di1_0.end_time,di1_0.required_seats,di1_0.skill_id,di1_0.sort_order,di1_0.start_time,di1_0.updated_at from demand_intervals di1_0 where (di1_0.date=? or (di1_0.date is null and di1_0.day_of_week=?)) and (di1_0.is_active=1 or di1_0.is_active is null)
Hibernate: select di1_0.id,di1_0.is_active,di1_0.created_at,di1_0.date,di1_0.day_of_week,di1_0.end_time,di1_0.required_seats,di1_0.skill_id,di1_0.sort_order,di1_0.start_time,di1_0.updated_at from demand_intervals di1_0 where (di1_0.date=? or (di1_0.date is null and di1_0.day_of_week=?)) and (di1_0.is_active=1 or di1_0.is_active is null)
2025-10-19T14:04:45.848+09:00 DEBUG 3356 --- [Shift Scheduler Demo] [           main] org.hibernate.SQL                        : select di1_0.id,di1_0.is_active,di1_0.created_at,di1_0.date,di1_0.day_of_week,di1_0.end_time,di1_0.required_seats,di1_0.skill_id,di1_0.sort_order,di1_0.start_time,di1_0.updated_at from demand_intervals di1_0 where (di1_0.date=? or (di1_0.date is null and di1_0.day_of_week=?)) and (di1_0.is_active=1 or di1_0.is_active is null)
Hibernate: select di1_0.id,di1_0.is_active,di1_0.created_at,di1_0.date,di1_0.day_of_week,di1_0.end_time,di1_0.required_seats,di1_0.skill_id,di1_0.sort_order,di1_0.start_time,di1_0.updated_at from demand_intervals di1_0 where (di1_0.date=? or (di1_0.date is null and di1_0.day_of_week=?)) and (di1_0.is_active=1 or di1_0.is_active is null)
2025-10-19T14:04:45.854+09:00 DEBUG 3356 --- [Shift Scheduler Demo] [           main] org.hibernate.SQL                        : select di1_0.id,di1_0.is_active,di1_0.created_at,di1_0.date,di1_0.day_of_week,di1_0.end_time,di1_0.required_seats,di1_0.skill_id,di1_0.sort_order,di1_0.start_time,di1_0.updated_at from demand_intervals di1_0 where (di1_0.date=? or (di1_0.date is null and di1_0.day_of_week=?)) and (di1_0.is_active=1 or di1_0.is_active is null)
Hibernate: select di1_0.id,di1_0.is_active,di1_0.created_at,di1_0.date,di1_0.day_of_week,di1_0.end_time,di1_0.required_seats,di1_0.skill_id,di1_0.sort_order,di1_0.start_time,di1_0.updated_at from demand_intervals di1_0 where (di1_0.date=? or (di1_0.date is null and di1_0.day_of_week=?)) and (di1_0.is_active=1 or di1_0.is_active is null)
2025-10-19T14:04:45.857+09:00 DEBUG 3356 --- [Shift Scheduler Demo] [           main] org.hibernate.SQL                        : select di1_0.id,di1_0.is_active,di1_0.created_at,di1_0.date,di1_0.day_of_week,di1_0.end_time,di1_0.required_seats,di1_0.skill_id,di1_0.sort_order,di1_0.start_time,di1_0.updated_at from demand_intervals di1_0 where (di1_0.date=? or (di1_0.date is null and di1_0.day_of_week=?)) and (di1_0.is_active=1 or di1_0.is_active is null)
Hibernate: select di1_0.id,di1_0.is_active,di1_0.created_at,di1_0.date,di1_0.day_of_week,di1_0.end_time,di1_0.required_seats,di1_0.skill_id,di1_0.sort_order,di1_0.start_time,di1_0.updated_at from demand_intervals di1_0 where (di1_0.date=? or (di1_0.date is null and di1_0.day_of_week=?)) and (di1_0.is_active=1 or di1_0.is_active is null)
2025-10-19T14:04:45.859+09:00 DEBUG 3356 --- [Shift Scheduler Demo] [           main] org.hibernate.SQL                        : select di1_0.id,di1_0.is_active,di1_0.created_at,di1_0.date,di1_0.day_of_week,di1_0.end_time,di1_0.required_seats,di1_0.skill_id,di1_0.sort_order,di1_0.start_time,di1_0.updated_at from demand_intervals di1_0 where (di1_0.date=? or (di1_0.date is null and di1_0.day_of_week=?)) and (di1_0.is_active=1 or di1_0.is_active is null)
Hibernate: select di1_0.id,di1_0.is_active,di1_0.created_at,di1_0.date,di1_0.day_of_week,di1_0.end_time,di1_0.required_seats,di1_0.skill_id,di1_0.sort_order,di1_0.start_time,di1_0.updated_at from demand_intervals di1_0 where (di1_0.date=? or (di1_0.date is null and di1_0.day_of_week=?)) and (di1_0.is_active=1 or di1_0.is_active is null)
2025-10-19T14:04:45.863+09:00 DEBUG 3356 --- [Shift Scheduler Demo] [           main] org.hibernate.SQL                        : select di1_0.id,di1_0.is_active,di1_0.created_at,di1_0.date,di1_0.day_of_week,di1_0.end_time,di1_0.required_seats,di1_0.skill_id,di1_0.sort_order,di1_0.start_time,di1_0.updated_at from demand_intervals di1_0 where (di1_0.date=? or (di1_0.date is null and di1_0.day_of_week=?)) and (di1_0.is_active=1 or di1_0.is_active is null)
Hibernate: select di1_0.id,di1_0.is_active,di1_0.created_at,di1_0.date,di1_0.day_of_week,di1_0.end_time,di1_0.required_seats,di1_0.skill_id,di1_0.sort_order,di1_0.start_time,di1_0.updated_at from demand_intervals di1_0 where (di1_0.date=? or (di1_0.date is null and di1_0.day_of_week=?)) and (di1_0.is_active=1 or di1_0.is_active is null)
2025-10-19T14:04:45.866+09:00 DEBUG 3356 --- [Shift Scheduler Demo] [           main] org.hibernate.SQL                        : select di1_0.id,di1_0.is_active,di1_0.created_at,di1_0.date,di1_0.day_of_week,di1_0.end_time,di1_0.required_seats,di1_0.skill_id,di1_0.sort_order,di1_0.start_time,di1_0.updated_at from demand_intervals di1_0 where (di1_0.date=? or (di1_0.date is null and di1_0.day_of_week=?)) and (di1_0.is_active=1 or di1_0.is_active is null)
Hibernate: select di1_0.id,di1_0.is_active,di1_0.created_at,di1_0.date,di1_0.day_of_week,di1_0.end_time,di1_0.required_seats,di1_0.skill_id,di1_0.sort_order,di1_0.start_time,di1_0.updated_at from demand_intervals di1_0 where (di1_0.date=? or (di1_0.date is null and di1_0.day_of_week=?)) and (di1_0.is_active=1 or di1_0.is_active is null)
2025-10-19T14:04:45.872+09:00 DEBUG 3356 --- [Shift Scheduler Demo] [           main] org.hibernate.SQL                        : select di1_0.id,di1_0.is_active,di1_0.created_at,di1_0.date,di1_0.day_of_week,di1_0.end_time,di1_0.required_seats,di1_0.skill_id,di1_0.sort_order,di1_0.start_time,di1_0.updated_at from demand_intervals di1_0 where (di1_0.date=? or (di1_0.date is null and di1_0.day_of_week=?)) and (di1_0.is_active=1 or di1_0.is_active is null)
Hibernate: select di1_0.id,di1_0.is_active,di1_0.created_at,di1_0.date,di1_0.day_of_week,di1_0.end_time,di1_0.required_seats,di1_0.skill_id,di1_0.sort_order,di1_0.start_time,di1_0.updated_at from demand_intervals di1_0 where (di1_0.date=? or (di1_0.date is null and di1_0.day_of_week=?)) and (di1_0.is_active=1 or di1_0.is_active is null)
2025-10-19T14:04:45.875+09:00 DEBUG 3356 --- [Shift Scheduler Demo] [           main] org.hibernate.SQL                        : select di1_0.id,di1_0.is_active,di1_0.created_at,di1_0.date,di1_0.day_of_week,di1_0.end_time,di1_0.required_seats,di1_0.skill_id,di1_0.sort_order,di1_0.start_time,di1_0.updated_at from demand_intervals di1_0 where (di1_0.date=? or (di1_0.date is null and di1_0.day_of_week=?)) and (di1_0.is_active=1 or di1_0.is_active is null)
Hibernate: select di1_0.id,di1_0.is_active,di1_0.created_at,di1_0.date,di1_0.day_of_week,di1_0.end_time,di1_0.required_seats,di1_0.skill_id,di1_0.sort_order,di1_0.start_time,di1_0.updated_at from demand_intervals di1_0 where (di1_0.date=? or (di1_0.date is null and di1_0.day_of_week=?)) and (di1_0.is_active=1 or di1_0.is_active is null)
2025-10-19T14:04:45.880+09:00 DEBUG 3356 --- [Shift Scheduler Demo] [           main] org.hibernate.SQL                        : select di1_0.id,di1_0.is_active,di1_0.created_at,di1_0.date,di1_0.day_of_week,di1_0.end_time,di1_0.required_seats,di1_0.skill_id,di1_0.sort_order,di1_0.start_time,di1_0.updated_at from demand_intervals di1_0 where (di1_0.date=? or (di1_0.date is null and di1_0.day_of_week=?)) and (di1_0.is_active=1 or di1_0.is_active is null)
Hibernate: select di1_0.id,di1_0.is_active,di1_0.created_at,di1_0.date,di1_0.day_of_week,di1_0.end_time,di1_0.required_seats,di1_0.skill_id,di1_0.sort_order,di1_0.start_time,di1_0.updated_at from demand_intervals di1_0 where (di1_0.date=? or (di1_0.date is null and di1_0.day_of_week=?)) and (di1_0.is_active=1 or di1_0.is_active is null)
2025-10-19T14:04:45.882+09:00 DEBUG 3356 --- [Shift Scheduler Demo] [           main] org.hibernate.SQL                        : select di1_0.id,di1_0.is_active,di1_0.created_at,di1_0.date,di1_0.day_of_week,di1_0.end_time,di1_0.required_seats,di1_0.skill_id,di1_0.sort_order,di1_0.start_time,di1_0.updated_at from demand_intervals di1_0 where (di1_0.date=? or (di1_0.date is null and di1_0.day_of_week=?)) and (di1_0.is_active=1 or di1_0.is_active is null)
Hibernate: select di1_0.id,di1_0.is_active,di1_0.created_at,di1_0.date,di1_0.day_of_week,di1_0.end_time,di1_0.required_seats,di1_0.skill_id,di1_0.sort_order,di1_0.start_time,di1_0.updated_at from demand_intervals di1_0 where (di1_0.date=? or (di1_0.date is null and di1_0.day_of_week=?)) and (di1_0.is_active=1 or di1_0.is_active is null)
2025-10-19T14:04:45.887+09:00 DEBUG 3356 --- [Shift Scheduler Demo] [           main] org.hibernate.SQL                        : select di1_0.id,di1_0.is_active,di1_0.created_at,di1_0.date,di1_0.day_of_week,di1_0.end_time,di1_0.required_seats,di1_0.skill_id,di1_0.sort_order,di1_0.start_time,di1_0.updated_at from demand_intervals di1_0 where (di1_0.date=? or (di1_0.date is null and di1_0.day_of_week=?)) and (di1_0.is_active=1 or di1_0.is_active is null)
Hibernate: select di1_0.id,di1_0.is_active,di1_0.created_at,di1_0.date,di1_0.day_of_week,di1_0.end_time,di1_0.required_seats,di1_0.skill_id,di1_0.sort_order,di1_0.start_time,di1_0.updated_at from demand_intervals di1_0 where (di1_0.date=? or (di1_0.date is null and di1_0.day_of_week=?)) and (di1_0.is_active=1 or di1_0.is_active is null)
2025-10-19T14:04:45.890+09:00 DEBUG 3356 --- [Shift Scheduler Demo] [           main] org.hibernate.SQL                        : select di1_0.id,di1_0.is_active,di1_0.created_at,di1_0.date,di1_0.day_of_week,di1_0.end_time,di1_0.required_seats,di1_0.skill_id,di1_0.sort_order,di1_0.start_time,di1_0.updated_at from demand_intervals di1_0 where (di1_0.date=? or (di1_0.date is null and di1_0.day_of_week=?)) and (di1_0.is_active=1 or di1_0.is_active is null)
Hibernate: select di1_0.id,di1_0.is_active,di1_0.created_at,di1_0.date,di1_0.day_of_week,di1_0.end_time,di1_0.required_seats,di1_0.skill_id,di1_0.sort_order,di1_0.start_time,di1_0.updated_at from demand_intervals di1_0 where (di1_0.date=? or (di1_0.date is null and di1_0.day_of_week=?)) and (di1_0.is_active=1 or di1_0.is_active is null)
2025-10-19T14:04:45.892+09:00 DEBUG 3356 --- [Shift Scheduler Demo] [           main] org.hibernate.SQL                        : select di1_0.id,di1_0.is_active,di1_0.created_at,di1_0.date,di1_0.day_of_week,di1_0.end_time,di1_0.required_seats,di1_0.skill_id,di1_0.sort_order,di1_0.start_time,di1_0.updated_at from demand_intervals di1_0 where (di1_0.date=? or (di1_0.date is null and di1_0.day_of_week=?)) and (di1_0.is_active=1 or di1_0.is_active is null)
Hibernate: select di1_0.id,di1_0.is_active,di1_0.created_at,di1_0.date,di1_0.day_of_week,di1_0.end_time,di1_0.required_seats,di1_0.skill_id,di1_0.sort_order,di1_0.start_time,di1_0.updated_at from demand_intervals di1_0 where (di1_0.date=? or (di1_0.date is null and di1_0.day_of_week=?)) and (di1_0.is_active=1 or di1_0.is_active is null)
2025-10-19T14:04:45.897+09:00 DEBUG 3356 --- [Shift Scheduler Demo] [           main] org.hibernate.SQL                        : select di1_0.id,di1_0.is_active,di1_0.created_at,di1_0.date,di1_0.day_of_week,di1_0.end_time,di1_0.required_seats,di1_0.skill_id,di1_0.sort_order,di1_0.start_time,di1_0.updated_at from demand_intervals di1_0 where (di1_0.date=? or (di1_0.date is null and di1_0.day_of_week=?)) and (di1_0.is_active=1 or di1_0.is_active is null)
Hibernate: select di1_0.id,di1_0.is_active,di1_0.created_at,di1_0.date,di1_0.day_of_week,di1_0.end_time,di1_0.required_seats,di1_0.skill_id,di1_0.sort_order,di1_0.start_time,di1_0.updated_at from demand_intervals di1_0 where (di1_0.date=? or (di1_0.date is null and di1_0.day_of_week=?)) and (di1_0.is_active=1 or di1_0.is_active is null)
2025-10-19T14:04:45.906+09:00 DEBUG 3356 --- [Shift Scheduler Demo] [           main] org.hibernate.SQL                        : select di1_0.id,di1_0.is_active,di1_0.created_at,di1_0.date,di1_0.day_of_week,di1_0.end_time,di1_0.required_seats,di1_0.skill_id,di1_0.sort_order,di1_0.start_time,di1_0.updated_at from demand_intervals di1_0 where (di1_0.date=? or (di1_0.date is null and di1_0.day_of_week=?)) and (di1_0.is_active=1 or di1_0.is_active is null)
Hibernate: select di1_0.id,di1_0.is_active,di1_0.created_at,di1_0.date,di1_0.day_of_week,di1_0.end_time,di1_0.required_seats,di1_0.skill_id,di1_0.sort_order,di1_0.start_time,di1_0.updated_at from demand_intervals di1_0 where (di1_0.date=? or (di1_0.date is null and di1_0.day_of_week=?)) and (di1_0.is_active=1 or di1_0.is_active is null)
2025-10-19T14:04:45.909+09:00 DEBUG 3356 --- [Shift Scheduler Demo] [           main] org.hibernate.SQL                        : select di1_0.id,di1_0.is_active,di1_0.created_at,di1_0.date,di1_0.day_of_week,di1_0.end_time,di1_0.required_seats,di1_0.skill_id,di1_0.sort_order,di1_0.start_time,di1_0.updated_at from demand_intervals di1_0 where (di1_0.date=? or (di1_0.date is null and di1_0.day_of_week=?)) and (di1_0.is_active=1 or di1_0.is_active is null)
Hibernate: select di1_0.id,di1_0.is_active,di1_0.created_at,di1_0.date,di1_0.day_of_week,di1_0.end_time,di1_0.required_seats,di1_0.skill_id,di1_0.sort_order,di1_0.start_time,di1_0.updated_at from demand_intervals di1_0 where (di1_0.date=? or (di1_0.date is null and di1_0.day_of_week=?)) and (di1_0.is_active=1 or di1_0.is_active is null)
2025-10-19T14:04:45.912+09:00 DEBUG 3356 --- [Shift Scheduler Demo] [           main] org.hibernate.SQL                        : select di1_0.id,di1_0.is_active,di1_0.created_at,di1_0.date,di1_0.day_of_week,di1_0.end_time,di1_0.required_seats,di1_0.skill_id,di1_0.sort_order,di1_0.start_time,di1_0.updated_at from demand_intervals di1_0 where (di1_0.date=? or (di1_0.date is null and di1_0.day_of_week=?)) and (di1_0.is_active=1 or di1_0.is_active is null)
Hibernate: select di1_0.id,di1_0.is_active,di1_0.created_at,di1_0.date,di1_0.day_of_week,di1_0.end_time,di1_0.required_seats,di1_0.skill_id,di1_0.sort_order,di1_0.start_time,di1_0.updated_at from demand_intervals di1_0 where (di1_0.date=? or (di1_0.date is null and di1_0.day_of_week=?)) and (di1_0.is_active=1 or di1_0.is_active is null)
2025-10-19T14:04:45.916+09:00 DEBUG 3356 --- [Shift Scheduler Demo] [           main] org.hibernate.SQL                        : select di1_0.id,di1_0.is_active,di1_0.created_at,di1_0.date,di1_0.day_of_week,di1_0.end_time,di1_0.required_seats,di1_0.skill_id,di1_0.sort_order,di1_0.start_time,di1_0.updated_at from demand_intervals di1_0 where (di1_0.date=? or (di1_0.date is null and di1_0.day_of_week=?)) and (di1_0.is_active=1 or di1_0.is_active is null)
Hibernate: select di1_0.id,di1_0.is_active,di1_0.created_at,di1_0.date,di1_0.day_of_week,di1_0.end_time,di1_0.required_seats,di1_0.skill_id,di1_0.sort_order,di1_0.start_time,di1_0.updated_at from demand_intervals di1_0 where (di1_0.date=? or (di1_0.date is null and di1_0.day_of_week=?)) and (di1_0.is_active=1 or di1_0.is_active is null)
2025-10-19T14:04:45.928+09:00 DEBUG 3356 --- [Shift Scheduler Demo] [           main] org.hibernate.SQL                        : select di1_0.id,di1_0.is_active,di1_0.created_at,di1_0.date,di1_0.day_of_week,di1_0.end_time,di1_0.required_seats,di1_0.skill_id,di1_0.sort_order,di1_0.start_time,di1_0.updated_at from demand_intervals di1_0 where (di1_0.date=? or (di1_0.date is null and di1_0.day_of_week=?)) and (di1_0.is_active=1 or di1_0.is_active is null)
Hibernate: select di1_0.id,di1_0.is_active,di1_0.created_at,di1_0.date,di1_0.day_of_week,di1_0.end_time,di1_0.required_seats,di1_0.skill_id,di1_0.sort_order,di1_0.start_time,di1_0.updated_at from demand_intervals di1_0 where (di1_0.date=? or (di1_0.date is null and di1_0.day_of_week=?)) and (di1_0.is_active=1 or di1_0.is_active is null)
2025-10-19T14:04:45.931+09:00 DEBUG 3356 --- [Shift Scheduler Demo] [           main] org.hibernate.SQL                        : select di1_0.id,di1_0.is_active,di1_0.created_at,di1_0.date,di1_0.day_of_week,di1_0.end_time,di1_0.required_seats,di1_0.skill_id,di1_0.sort_order,di1_0.start_time,di1_0.updated_at from demand_intervals di1_0 where (di1_0.date=? or (di1_0.date is null and di1_0.day_of_week=?)) and (di1_0.is_active=1 or di1_0.is_active is null)
Hibernate: select di1_0.id,di1_0.is_active,di1_0.created_at,di1_0.date,di1_0.day_of_week,di1_0.end_time,di1_0.required_seats,di1_0.skill_id,di1_0.sort_order,di1_0.start_time,di1_0.updated_at from demand_intervals di1_0 where (di1_0.date=? or (di1_0.date is null and di1_0.day_of_week=?)) and (di1_0.is_active=1 or di1_0.is_active is null)
2025-10-19T14:04:45.937+09:00 DEBUG 3356 --- [Shift Scheduler Demo] [           main] org.hibernate.SQL                        : select di1_0.id,di1_0.is_active,di1_0.created_at,di1_0.date,di1_0.day_of_week,di1_0.end_time,di1_0.required_seats,di1_0.skill_id,di1_0.sort_order,di1_0.start_time,di1_0.updated_at from demand_intervals di1_0 where (di1_0.date=? or (di1_0.date is null and di1_0.day_of_week=?)) and (di1_0.is_active=1 or di1_0.is_active is null)
Hibernate: select di1_0.id,di1_0.is_active,di1_0.created_at,di1_0.date,di1_0.day_of_week,di1_0.end_time,di1_0.required_seats,di1_0.skill_id,di1_0.sort_order,di1_0.start_time,di1_0.updated_at from demand_intervals di1_0 where (di1_0.date=? or (di1_0.date is null and di1_0.day_of_week=?)) and (di1_0.is_active=1 or di1_0.is_active is null)
2025-10-19T14:04:45.940+09:00 DEBUG 3356 --- [Shift Scheduler Demo] [           main] org.hibernate.SQL                        : select di1_0.id,di1_0.is_active,di1_0.created_at,di1_0.date,di1_0.day_of_week,di1_0.end_time,di1_0.required_seats,di1_0.skill_id,di1_0.sort_order,di1_0.start_time,di1_0.updated_at from demand_intervals di1_0 where (di1_0.date=? or (di1_0.date is null and di1_0.day_of_week=?)) and (di1_0.is_active=1 or di1_0.is_active is null)
Hibernate: select di1_0.id,di1_0.is_active,di1_0.created_at,di1_0.date,di1_0.day_of_week,di1_0.end_time,di1_0.required_seats,di1_0.skill_id,di1_0.sort_order,di1_0.start_time,di1_0.updated_at from demand_intervals di1_0 where (di1_0.date=? or (di1_0.date is null and di1_0.day_of_week=?)) and (di1_0.is_active=1 or di1_0.is_active is null)
2025-10-19T14:04:45.943+09:00 DEBUG 3356 --- [Shift Scheduler Demo] [           main] org.hibernate.SQL                        : select di1_0.id,di1_0.is_active,di1_0.created_at,di1_0.date,di1_0.day_of_week,di1_0.end_time,di1_0.required_seats,di1_0.skill_id,di1_0.sort_order,di1_0.start_time,di1_0.updated_at from demand_intervals di1_0 where (di1_0.date=? or (di1_0.date is null and di1_0.day_of_week=?)) and (di1_0.is_active=1 or di1_0.is_active is null)
Hibernate: select di1_0.id,di1_0.is_active,di1_0.created_at,di1_0.date,di1_0.day_of_week,di1_0.end_time,di1_0.required_seats,di1_0.skill_id,di1_0.sort_order,di1_0.start_time,di1_0.updated_at from demand_intervals di1_0 where (di1_0.date=? or (di1_0.date is null and di1_0.day_of_week=?)) and (di1_0.is_active=1 or di1_0.is_active is null)
2025-10-19T14:04:45.946+09:00 DEBUG 3356 --- [Shift Scheduler Demo] [           main] org.hibernate.SQL                        : select di1_0.id,di1_0.is_active,di1_0.created_at,di1_0.date,di1_0.day_of_week,di1_0.end_time,di1_0.required_seats,di1_0.skill_id,di1_0.sort_order,di1_0.start_time,di1_0.updated_at from demand_intervals di1_0 where (di1_0.date=? or (di1_0.date is null and di1_0.day_of_week=?)) and (di1_0.is_active=1 or di1_0.is_active is null)
Hibernate: select di1_0.id,di1_0.is_active,di1_0.created_at,di1_0.date,di1_0.day_of_week,di1_0.end_time,di1_0.required_seats,di1_0.skill_id,di1_0.sort_order,di1_0.start_time,di1_0.updated_at from demand_intervals di1_0 where (di1_0.date=? or (di1_0.date is null and di1_0.day_of_week=?)) and (di1_0.is_active=1 or di1_0.is_active is null)
2025-10-19T14:04:45.949+09:00 DEBUG 3356 --- [Shift Scheduler Demo] [           main] org.hibernate.SQL                        : select di1_0.id,di1_0.is_active,di1_0.created_at,di1_0.date,di1_0.day_of_week,di1_0.end_time,di1_0.required_seats,di1_0.skill_id,di1_0.sort_order,di1_0.start_time,di1_0.updated_at from demand_intervals di1_0 where (di1_0.date=? or (di1_0.date is null and di1_0.day_of_week=?)) and (di1_0.is_active=1 or di1_0.is_active is null)
Hibernate: select di1_0.id,di1_0.is_active,di1_0.created_at,di1_0.date,di1_0.day_of_week,di1_0.end_time,di1_0.required_seats,di1_0.skill_id,di1_0.sort_order,di1_0.start_time,di1_0.updated_at from demand_intervals di1_0 where (di1_0.date=? or (di1_0.date is null and di1_0.day_of_week=?)) and (di1_0.is_active=1 or di1_0.is_active is null)
2025-10-19T14:04:45.954+09:00 DEBUG 3356 --- [Shift Scheduler Demo] [           main] org.hibernate.SQL                        : select di1_0.id,di1_0.is_active,di1_0.created_at,di1_0.date,di1_0.day_of_week,di1_0.end_time,di1_0.required_seats,di1_0.skill_id,di1_0.sort_order,di1_0.start_time,di1_0.updated_at from demand_intervals di1_0 where (di1_0.date=? or (di1_0.date is null and di1_0.day_of_week=?)) and (di1_0.is_active=1 or di1_0.is_active is null)
Hibernate: select di1_0.id,di1_0.is_active,di1_0.created_at,di1_0.date,di1_0.day_of_week,di1_0.end_time,di1_0.required_seats,di1_0.skill_id,di1_0.sort_order,di1_0.start_time,di1_0.updated_at from demand_intervals di1_0 where (di1_0.date=? or (di1_0.date is null and di1_0.day_of_week=?)) and (di1_0.is_active=1 or di1_0.is_active is null)
2025-10-19T14:04:45.960+09:00 DEBUG 3356 --- [Shift Scheduler Demo] [           main] org.hibernate.SQL                        : select di1_0.id,di1_0.is_active,di1_0.created_at,di1_0.date,di1_0.day_of_week,di1_0.end_time,di1_0.required_seats,di1_0.skill_id,di1_0.sort_order,di1_0.start_time,di1_0.updated_at from demand_intervals di1_0 where (di1_0.date=? or (di1_0.date is null and di1_0.day_of_week=?)) and (di1_0.is_active=1 or di1_0.is_active is null)
Hibernate: select di1_0.id,di1_0.is_active,di1_0.created_at,di1_0.date,di1_0.day_of_week,di1_0.end_time,di1_0.required_seats,di1_0.skill_id,di1_0.sort_order,di1_0.start_time,di1_0.updated_at from demand_intervals di1_0 where (di1_0.date=? or (di1_0.date is null and di1_0.day_of_week=?)) and (di1_0.is_active=1 or di1_0.is_active is null)
2025-10-19T14:04:45.964+09:00 DEBUG 3356 --- [Shift Scheduler Demo] [           main] org.hibernate.SQL                        : select di1_0.id,di1_0.is_active,di1_0.created_at,di1_0.date,di1_0.day_of_week,di1_0.end_time,di1_0.required_seats,di1_0.skill_id,di1_0.sort_order,di1_0.start_time,di1_0.updated_at from demand_intervals di1_0 where (di1_0.date=? or (di1_0.date is null and di1_0.day_of_week=?)) and (di1_0.is_active=1 or di1_0.is_active is null)
Hibernate: select di1_0.id,di1_0.is_active,di1_0.created_at,di1_0.date,di1_0.day_of_week,di1_0.end_time,di1_0.required_seats,di1_0.skill_id,di1_0.sort_order,di1_0.start_time,di1_0.updated_at from demand_intervals di1_0 where (di1_0.date=? or (di1_0.date is null and di1_0.day_of_week=?)) and (di1_0.is_active=1 or di1_0.is_active is null)
2025-10-19T14:04:45.970+09:00 DEBUG 3356 --- [Shift Scheduler Demo] [           main] org.hibernate.SQL                        : select di1_0.id,di1_0.is_active,di1_0.created_at,di1_0.date,di1_0.day_of_week,di1_0.end_time,di1_0.required_seats,di1_0.skill_id,di1_0.sort_order,di1_0.start_time,di1_0.updated_at from demand_intervals di1_0 where (di1_0.date=? or (di1_0.date is null and di1_0.day_of_week=?)) and (di1_0.is_active=1 or di1_0.is_active is null)
Hibernate: select di1_0.id,di1_0.is_active,di1_0.created_at,di1_0.date,di1_0.day_of_week,di1_0.end_time,di1_0.required_seats,di1_0.skill_id,di1_0.sort_order,di1_0.start_time,di1_0.updated_at from demand_intervals di1_0 where (di1_0.date=? or (di1_0.date is null and di1_0.day_of_week=?)) and (di1_0.is_active=1 or di1_0.is_active is null)
2025-10-19T14:04:45.973+09:00 DEBUG 3356 --- [Shift Scheduler Demo] [           main] org.hibernate.SQL                        : select di1_0.id,di1_0.is_active,di1_0.created_at,di1_0.date,di1_0.day_of_week,di1_0.end_time,di1_0.required_seats,di1_0.skill_id,di1_0.sort_order,di1_0.start_time,di1_0.updated_at from demand_intervals di1_0 where (di1_0.date=? or (di1_0.date is null and di1_0.day_of_week=?)) and (di1_0.is_active=1 or di1_0.is_active is null)
Hibernate: select di1_0.id,di1_0.is_active,di1_0.created_at,di1_0.date,di1_0.day_of_week,di1_0.end_time,di1_0.required_seats,di1_0.skill_id,di1_0.sort_order,di1_0.start_time,di1_0.updated_at from demand_intervals di1_0 where (di1_0.date=? or (di1_0.date is null and di1_0.day_of_week=?)) and (di1_0.is_active=1 or di1_0.is_active is null)
2025-10-19T14:04:45.975+09:00 DEBUG 3356 --- [Shift Scheduler Demo] [           main] org.hibernate.SQL                        : select di1_0.id,di1_0.is_active,di1_0.created_at,di1_0.date,di1_0.day_of_week,di1_0.end_time,di1_0.required_seats,di1_0.skill_id,di1_0.sort_order,di1_0.start_time,di1_0.updated_at from demand_intervals di1_0 where (di1_0.date=? or (di1_0.date is null and di1_0.day_of_week=?)) and (di1_0.is_active=1 or di1_0.is_active is null)
Hibernate: select di1_0.id,di1_0.is_active,di1_0.created_at,di1_0.date,di1_0.day_of_week,di1_0.end_time,di1_0.required_seats,di1_0.skill_id,di1_0.sort_order,di1_0.start_time,di1_0.updated_at from demand_intervals di1_0 where (di1_0.date=? or (di1_0.date is null and di1_0.day_of_week=?)) and (di1_0.is_active=1 or di1_0.is_active is null)
2025-10-19T14:04:45.979+09:00 DEBUG 3356 --- [Shift Scheduler Demo] [           main] org.hibernate.SQL                        : select di1_0.id,di1_0.is_active,di1_0.created_at,di1_0.date,di1_0.day_of_week,di1_0.end_time,di1_0.required_seats,di1_0.skill_id,di1_0.sort_order,di1_0.start_time,di1_0.updated_at from demand_intervals di1_0 where (di1_0.date=? or (di1_0.date is null and di1_0.day_of_week=?)) and (di1_0.is_active=1 or di1_0.is_active is null)
Hibernate: select di1_0.id,di1_0.is_active,di1_0.created_at,di1_0.date,di1_0.day_of_week,di1_0.end_time,di1_0.required_seats,di1_0.skill_id,di1_0.sort_order,di1_0.start_time,di1_0.updated_at from demand_intervals di1_0 where (di1_0.date=? or (di1_0.date is null and di1_0.day_of_week=?)) and (di1_0.is_active=1 or di1_0.is_active is null)
2025-10-19T14:04:45.982+09:00 DEBUG 3356 --- [Shift Scheduler Demo] [           main] org.hibernate.SQL                        : select di1_0.id,di1_0.is_active,di1_0.created_at,di1_0.date,di1_0.day_of_week,di1_0.end_time,di1_0.required_seats,di1_0.skill_id,di1_0.sort_order,di1_0.start_time,di1_0.updated_at from demand_intervals di1_0 where (di1_0.date=? or (di1_0.date is null and di1_0.day_of_week=?)) and (di1_0.is_active=1 or di1_0.is_active is null)
Hibernate: select di1_0.id,di1_0.is_active,di1_0.created_at,di1_0.date,di1_0.day_of_week,di1_0.end_time,di1_0.required_seats,di1_0.skill_id,di1_0.sort_order,di1_0.start_time,di1_0.updated_at from demand_intervals di1_0 where (di1_0.date=? or (di1_0.date is null and di1_0.day_of_week=?)) and (di1_0.is_active=1 or di1_0.is_active is null)
2025-10-19T14:04:45.987+09:00 DEBUG 3356 --- [Shift Scheduler Demo] [           main] org.hibernate.SQL                        : select di1_0.id,di1_0.is_active,di1_0.created_at,di1_0.date,di1_0.day_of_week,di1_0.end_time,di1_0.required_seats,di1_0.skill_id,di1_0.sort_order,di1_0.start_time,di1_0.updated_at from demand_intervals di1_0 where (di1_0.date=? or (di1_0.date is null and di1_0.day_of_week=?)) and (di1_0.is_active=1 or di1_0.is_active is null)
Hibernate: select di1_0.id,di1_0.is_active,di1_0.created_at,di1_0.date,di1_0.day_of_week,di1_0.end_time,di1_0.required_seats,di1_0.skill_id,di1_0.sort_order,di1_0.start_time,di1_0.updated_at from demand_intervals di1_0 where (di1_0.date=? or (di1_0.date is null and di1_0.day_of_week=?)) and (di1_0.is_active=1 or di1_0.is_active is null)
2025-10-19T14:04:45.993+09:00 DEBUG 3356 --- [Shift Scheduler Demo] [           main] org.hibernate.SQL                        : select di1_0.id,di1_0.is_active,di1_0.created_at,di1_0.date,di1_0.day_of_week,di1_0.end_time,di1_0.required_seats,di1_0.skill_id,di1_0.sort_order,di1_0.start_time,di1_0.updated_at from demand_intervals di1_0 where (di1_0.date=? or (di1_0.date is null and di1_0.day_of_week=?)) and (di1_0.is_active=1 or di1_0.is_active is null)
Hibernate: select di1_0.id,di1_0.is_active,di1_0.created_at,di1_0.date,di1_0.day_of_week,di1_0.end_time,di1_0.required_seats,di1_0.skill_id,di1_0.sort_order,di1_0.start_time,di1_0.updated_at from demand_intervals di1_0 where (di1_0.date=? or (di1_0.date is null and di1_0.day_of_week=?)) and (di1_0.is_active=1 or di1_0.is_active is null)
2025-10-19T14:04:45.996+09:00 DEBUG 3356 --- [Shift Scheduler Demo] [           main] org.hibernate.SQL                        : select di1_0.id,di1_0.is_active,di1_0.created_at,di1_0.date,di1_0.day_of_week,di1_0.end_time,di1_0.required_seats,di1_0.skill_id,di1_0.sort_order,di1_0.start_time,di1_0.updated_at from demand_intervals di1_0 where (di1_0.date=? or (di1_0.date is null and di1_0.day_of_week=?)) and (di1_0.is_active=1 or di1_0.is_active is null)
Hibernate: select di1_0.id,di1_0.is_active,di1_0.created_at,di1_0.date,di1_0.day_of_week,di1_0.end_time,di1_0.required_seats,di1_0.skill_id,di1_0.sort_order,di1_0.start_time,di1_0.updated_at from demand_intervals di1_0 where (di1_0.date=? or (di1_0.date is null and di1_0.day_of_week=?)) and (di1_0.is_active=1 or di1_0.is_active is null)
2025-10-19T14:04:46.001+09:00 DEBUG 3356 --- [Shift Scheduler Demo] [           main] org.hibernate.SQL                        : select di1_0.id,di1_0.is_active,di1_0.created_at,di1_0.date,di1_0.day_of_week,di1_0.end_time,di1_0.required_seats,di1_0.skill_id,di1_0.sort_order,di1_0.start_time,di1_0.updated_at from demand_intervals di1_0 where (di1_0.date=? or (di1_0.date is null and di1_0.day_of_week=?)) and (di1_0.is_active=1 or di1_0.is_active is null)
Hibernate: select di1_0.id,di1_0.is_active,di1_0.created_at,di1_0.date,di1_0.day_of_week,di1_0.end_time,di1_0.required_seats,di1_0.skill_id,di1_0.sort_order,di1_0.start_time,di1_0.updated_at from demand_intervals di1_0 where (di1_0.date=? or (di1_0.date is null and di1_0.day_of_week=?)) and (di1_0.is_active=1 or di1_0.is_active is null)
2025-10-19T14:04:46.005+09:00 DEBUG 3356 --- [Shift Scheduler Demo] [           main] org.hibernate.SQL                        : select di1_0.id,di1_0.is_active,di1_0.created_at,di1_0.date,di1_0.day_of_week,di1_0.end_time,di1_0.required_seats,di1_0.skill_id,di1_0.sort_order,di1_0.start_time,di1_0.updated_at from demand_intervals di1_0 where (di1_0.date=? or (di1_0.date is null and di1_0.day_of_week=?)) and (di1_0.is_active=1 or di1_0.is_active is null)
Hibernate: select di1_0.id,di1_0.is_active,di1_0.created_at,di1_0.date,di1_0.day_of_week,di1_0.end_time,di1_0.required_seats,di1_0.skill_id,di1_0.sort_order,di1_0.start_time,di1_0.updated_at from demand_intervals di1_0 where (di1_0.date=? or (di1_0.date is null and di1_0.day_of_week=?)) and (di1_0.is_active=1 or di1_0.is_active is null)
2025-10-19T14:04:46.009+09:00 DEBUG 3356 --- [Shift Scheduler Demo] [           main] org.hibernate.SQL                        : select di1_0.id,di1_0.is_active,di1_0.created_at,di1_0.date,di1_0.day_of_week,di1_0.end_time,di1_0.required_seats,di1_0.skill_id,di1_0.sort_order,di1_0.start_time,di1_0.updated_at from demand_intervals di1_0 where (di1_0.date=? or (di1_0.date is null and di1_0.day_of_week=?)) and (di1_0.is_active=1 or di1_0.is_active is null)
Hibernate: select di1_0.id,di1_0.is_active,di1_0.created_at,di1_0.date,di1_0.day_of_week,di1_0.end_time,di1_0.required_seats,di1_0.skill_id,di1_0.sort_order,di1_0.start_time,di1_0.updated_at from demand_intervals di1_0 where (di1_0.date=? or (di1_0.date is null and di1_0.day_of_week=?)) and (di1_0.is_active=1 or di1_0.is_active is null)
2025-10-19T14:04:46.013+09:00 DEBUG 3356 --- [Shift Scheduler Demo] [           main] org.hibernate.SQL                        : select di1_0.id,di1_0.is_active,di1_0.created_at,di1_0.date,di1_0.day_of_week,di1_0.end_time,di1_0.required_seats,di1_0.skill_id,di1_0.sort_order,di1_0.start_time,di1_0.updated_at from demand_intervals di1_0 where (di1_0.date=? or (di1_0.date is null and di1_0.day_of_week=?)) and (di1_0.is_active=1 or di1_0.is_active is null)
Hibernate: select di1_0.id,di1_0.is_active,di1_0.created_at,di1_0.date,di1_0.day_of_week,di1_0.end_time,di1_0.required_seats,di1_0.skill_id,di1_0.sort_order,di1_0.start_time,di1_0.updated_at from demand_intervals di1_0 where (di1_0.date=? or (di1_0.date is null and di1_0.day_of_week=?)) and (di1_0.is_active=1 or di1_0.is_active is null)
2025-10-19T14:04:46.016+09:00 DEBUG 3356 --- [Shift Scheduler Demo] [           main] org.hibernate.SQL                        : select di1_0.id,di1_0.is_active,di1_0.created_at,di1_0.date,di1_0.day_of_week,di1_0.end_time,di1_0.required_seats,di1_0.skill_id,di1_0.sort_order,di1_0.start_time,di1_0.updated_at from demand_intervals di1_0 where (di1_0.date=? or (di1_0.date is null and di1_0.day_of_week=?)) and (di1_0.is_active=1 or di1_0.is_active is null)
Hibernate: select di1_0.id,di1_0.is_active,di1_0.created_at,di1_0.date,di1_0.day_of_week,di1_0.end_time,di1_0.required_seats,di1_0.skill_id,di1_0.sort_order,di1_0.start_time,di1_0.updated_at from demand_intervals di1_0 where (di1_0.date=? or (di1_0.date is null and di1_0.day_of_week=?)) and (di1_0.is_active=1 or di1_0.is_active is null)
2025-10-19T14:04:46.020+09:00 DEBUG 3356 --- [Shift Scheduler Demo] [           main] org.hibernate.SQL                        : select di1_0.id,di1_0.is_active,di1_0.created_at,di1_0.date,di1_0.day_of_week,di1_0.end_time,di1_0.required_seats,di1_0.skill_id,di1_0.sort_order,di1_0.start_time,di1_0.updated_at from demand_intervals di1_0 where (di1_0.date=? or (di1_0.date is null and di1_0.day_of_week=?)) and (di1_0.is_active=1 or di1_0.is_active is null)
Hibernate: select di1_0.id,di1_0.is_active,di1_0.created_at,di1_0.date,di1_0.day_of_week,di1_0.end_time,di1_0.required_seats,di1_0.skill_id,di1_0.sort_order,di1_0.start_time,di1_0.updated_at from demand_intervals di1_0 where (di1_0.date=? or (di1_0.date is null and di1_0.day_of_week=?)) and (di1_0.is_active=1 or di1_0.is_active is null)
2025-10-19T14:04:46.023+09:00 DEBUG 3356 --- [Shift Scheduler Demo] [           main] org.hibernate.SQL                        : select di1_0.id,di1_0.is_active,di1_0.created_at,di1_0.date,di1_0.day_of_week,di1_0.end_time,di1_0.required_seats,di1_0.skill_id,di1_0.sort_order,di1_0.start_time,di1_0.updated_at from demand_intervals di1_0 where (di1_0.date=? or (di1_0.date is null and di1_0.day_of_week=?)) and (di1_0.is_active=1 or di1_0.is_active is null)
Hibernate: select di1_0.id,di1_0.is_active,di1_0.created_at,di1_0.date,di1_0.day_of_week,di1_0.end_time,di1_0.required_seats,di1_0.skill_id,di1_0.sort_order,di1_0.start_time,di1_0.updated_at from demand_intervals di1_0 where (di1_0.date=? or (di1_0.date is null and di1_0.day_of_week=?)) and (di1_0.is_active=1 or di1_0.is_active is null)
2025-10-19T14:04:46.026+09:00 DEBUG 3356 --- [Shift Scheduler Demo] [           main] org.hibernate.SQL                        : select di1_0.id,di1_0.is_active,di1_0.created_at,di1_0.date,di1_0.day_of_week,di1_0.end_time,di1_0.required_seats,di1_0.skill_id,di1_0.sort_order,di1_0.start_time,di1_0.updated_at from demand_intervals di1_0 where (di1_0.date=? or (di1_0.date is null and di1_0.day_of_week=?)) and (di1_0.is_active=1 or di1_0.is_active is null)
Hibernate: select di1_0.id,di1_0.is_active,di1_0.created_at,di1_0.date,di1_0.day_of_week,di1_0.end_time,di1_0.required_seats,di1_0.skill_id,di1_0.sort_order,di1_0.start_time,di1_0.updated_at from demand_intervals di1_0 where (di1_0.date=? or (di1_0.date is null and di1_0.day_of_week=?)) and (di1_0.is_active=1 or di1_0.is_active is null)
2025-10-19T14:04:46.028+09:00 DEBUG 3356 --- [Shift Scheduler Demo] [           main] org.hibernate.SQL                        : select di1_0.id,di1_0.is_active,di1_0.created_at,di1_0.date,di1_0.day_of_week,di1_0.end_time,di1_0.required_seats,di1_0.skill_id,di1_0.sort_order,di1_0.start_time,di1_0.updated_at from demand_intervals di1_0 where (di1_0.date=? or (di1_0.date is null and di1_0.day_of_week=?)) and (di1_0.is_active=1 or di1_0.is_active is null)
Hibernate: select di1_0.id,di1_0.is_active,di1_0.created_at,di1_0.date,di1_0.day_of_week,di1_0.end_time,di1_0.required_seats,di1_0.skill_id,di1_0.sort_order,di1_0.start_time,di1_0.updated_at from demand_intervals di1_0 where (di1_0.date=? or (di1_0.date is null and di1_0.day_of_week=?)) and (di1_0.is_active=1 or di1_0.is_active is null)
2025-10-19T14:04:46.032+09:00 DEBUG 3356 --- [Shift Scheduler Demo] [           main] org.hibernate.SQL                        : select di1_0.id,di1_0.is_active,di1_0.created_at,di1_0.date,di1_0.day_of_week,di1_0.end_time,di1_0.required_seats,di1_0.skill_id,di1_0.sort_order,di1_0.start_time,di1_0.updated_at from demand_intervals di1_0 where (di1_0.date=? or (di1_0.date is null and di1_0.day_of_week=?)) and (di1_0.is_active=1 or di1_0.is_active is null)
Hibernate: select di1_0.id,di1_0.is_active,di1_0.created_at,di1_0.date,di1_0.day_of_week,di1_0.end_time,di1_0.required_seats,di1_0.skill_id,di1_0.sort_order,di1_0.start_time,di1_0.updated_at from demand_intervals di1_0 where (di1_0.date=? or (di1_0.date is null and di1_0.day_of_week=?)) and (di1_0.is_active=1 or di1_0.is_active is null)
2025-10-19T14:04:46.037+09:00 DEBUG 3356 --- [Shift Scheduler Demo] [           main] org.hibernate.SQL                        : select di1_0.id,di1_0.is_active,di1_0.created_at,di1_0.date,di1_0.day_of_week,di1_0.end_time,di1_0.required_seats,di1_0.skill_id,di1_0.sort_order,di1_0.start_time,di1_0.updated_at from demand_intervals di1_0 where (di1_0.date=? or (di1_0.date is null and di1_0.day_of_week=?)) and (di1_0.is_active=1 or di1_0.is_active is null)
Hibernate: select di1_0.id,di1_0.is_active,di1_0.created_at,di1_0.date,di1_0.day_of_week,di1_0.end_time,di1_0.required_seats,di1_0.skill_id,di1_0.sort_order,di1_0.start_time,di1_0.updated_at from demand_intervals di1_0 where (di1_0.date=? or (di1_0.date is null and di1_0.day_of_week=?)) and (di1_0.is_active=1 or di1_0.is_active is null)
2025-10-19T14:04:46.039+09:00 DEBUG 3356 --- [Shift Scheduler Demo] [           main] org.hibernate.SQL                        : select di1_0.id,di1_0.is_active,di1_0.created_at,di1_0.date,di1_0.day_of_week,di1_0.end_time,di1_0.required_seats,di1_0.skill_id,di1_0.sort_order,di1_0.start_time,di1_0.updated_at from demand_intervals di1_0 where (di1_0.date=? or (di1_0.date is null and di1_0.day_of_week=?)) and (di1_0.is_active=1 or di1_0.is_active is null)
Hibernate: select di1_0.id,di1_0.is_active,di1_0.created_at,di1_0.date,di1_0.day_of_week,di1_0.end_time,di1_0.required_seats,di1_0.skill_id,di1_0.sort_order,di1_0.start_time,di1_0.updated_at from demand_intervals di1_0 where (di1_0.date=? or (di1_0.date is null and di1_0.day_of_week=?)) and (di1_0.is_active=1 or di1_0.is_active is null)
2025-10-19T14:04:46.071+09:00 DEBUG 3356 --- [Shift Scheduler Demo] [           main] org.hibernate.SQL                        : insert into shift_assignments (employee_id,end_time,shift_name,start_time,work_date) values (?,?,?,?,?)
Hibernate: insert into shift_assignments (employee_id,end_time,shift_name,start_time,work_date) values (?,?,?,?,?)
2025-10-19T14:04:46.078+09:00 DEBUG 3356 --- [Shift Scheduler Demo] [           main] org.hibernate.SQL                        : select last_insert_rowid()
Hibernate: select last_insert_rowid()
2025-10-19T14:04:46.085+09:00 DEBUG 3356 --- [Shift Scheduler Demo] [           main] org.hibernate.SQL                        : insert into shift_assignments (employee_id,end_time,shift_name,start_time,work_date) values (?,?,?,?,?)
Hibernate: insert into shift_assignments (employee_id,end_time,shift_name,start_time,work_date) values (?,?,?,?,?)
2025-10-19T14:04:46.086+09:00 DEBUG 3356 --- [Shift Scheduler Demo] [           main] org.hibernate.SQL                        : select last_insert_rowid()
Hibernate: select last_insert_rowid()
2025-10-19T14:04:46.087+09:00 DEBUG 3356 --- [Shift Scheduler Demo] [           main] org.hibernate.SQL                        : insert into shift_assignments (employee_id,end_time,shift_name,start_time,work_date) values (?,?,?,?,?)
Hibernate: insert into shift_assignments (employee_id,end_time,shift_name,start_time,work_date) values (?,?,?,?,?)
2025-10-19T14:04:46.088+09:00 DEBUG 3356 --- [Shift Scheduler Demo] [           main] org.hibernate.SQL                        : select last_insert_rowid()
Hibernate: select last_insert_rowid()
2025-10-19T14:04:46.088+09:00 DEBUG 3356 --- [Shift Scheduler Demo] [           main] org.hibernate.SQL                        : insert into shift_assignments (employee_id,end_time,shift_name,start_time,work_date) values (?,?,?,?,?)
Hibernate: insert into shift_assignments (employee_id,end_time,shift_name,start_time,work_date) values (?,?,?,?,?)
2025-10-19T14:04:46.089+09:00 DEBUG 3356 --- [Shift Scheduler Demo] [           main] org.hibernate.SQL                        : select last_insert_rowid()
Hibernate: select last_insert_rowid()
2025-10-19T14:04:46.089+09:00 DEBUG 3356 --- [Shift Scheduler Demo] [           main] org.hibernate.SQL                        : insert into shift_assignments (employee_id,end_time,shift_name,start_time,work_date) values (?,?,?,?,?)
Hibernate: insert into shift_assignments (employee_id,end_time,shift_name,start_time,work_date) values (?,?,?,?,?)
2025-10-19T14:04:46.091+09:00 DEBUG 3356 --- [Shift Scheduler Demo] [           main] org.hibernate.SQL                        : select last_insert_rowid()
Hibernate: select last_insert_rowid()
2025-10-19T14:04:46.092+09:00 DEBUG 3356 --- [Shift Scheduler Demo] [           main] org.hibernate.SQL                        : insert into shift_assignments (employee_id,end_time,shift_name,start_time,work_date) values (?,?,?,?,?)
Hibernate: insert into shift_assignments (employee_id,end_time,shift_name,start_time,work_date) values (?,?,?,?,?)
2025-10-19T14:04:46.092+09:00 DEBUG 3356 --- [Shift Scheduler Demo] [           main] org.hibernate.SQL                        : select last_insert_rowid()
Hibernate: select last_insert_rowid()
2025-10-19T14:04:46.093+09:00 DEBUG 3356 --- [Shift Scheduler Demo] [           main] org.hibernate.SQL                        : insert into shift_assignments (employee_id,end_time,shift_name,start_time,work_date) values (?,?,?,?,?)
Hibernate: insert into shift_assignments (employee_id,end_time,shift_name,start_time,work_date) values (?,?,?,?,?)
2025-10-19T14:04:46.093+09:00 DEBUG 3356 --- [Shift Scheduler Demo] [           main] org.hibernate.SQL                        : select last_insert_rowid()
Hibernate: select last_insert_rowid()
2025-10-19T14:04:46.094+09:00 DEBUG 3356 --- [Shift Scheduler Demo] [           main] org.hibernate.SQL                        : insert into shift_assignments (employee_id,end_time,shift_name,start_time,work_date) values (?,?,?,?,?)
Hibernate: insert into shift_assignments (employee_id,end_time,shift_name,start_time,work_date) values (?,?,?,?,?)
2025-10-19T14:04:46.094+09:00 DEBUG 3356 --- [Shift Scheduler Demo] [           main] org.hibernate.SQL                        : select last_insert_rowid()
Hibernate: select last_insert_rowid()
2025-10-19T14:04:46.095+09:00 DEBUG 3356 --- [Shift Scheduler Demo] [           main] org.hibernate.SQL                        : insert into shift_assignments (employee_id,end_time,shift_name,start_time,work_date) values (?,?,?,?,?)
Hibernate: insert into shift_assignments (employee_id,end_time,shift_name,start_time,work_date) values (?,?,?,?,?)
2025-10-19T14:04:46.095+09:00 DEBUG 3356 --- [Shift Scheduler Demo] [           main] org.hibernate.SQL                        : select last_insert_rowid()
Hibernate: select last_insert_rowid()
2025-10-19T14:04:46.096+09:00 DEBUG 3356 --- [Shift Scheduler Demo] [           main] org.hibernate.SQL                        : insert into shift_assignments (employee_id,end_time,shift_name,start_time,work_date) values (?,?,?,?,?)
Hibernate: insert into shift_assignments (employee_id,end_time,shift_name,start_time,work_date) values (?,?,?,?,?)
2025-10-19T14:04:46.096+09:00 DEBUG 3356 --- [Shift Scheduler Demo] [           main] org.hibernate.SQL                        : select last_insert_rowid()
Hibernate: select last_insert_rowid()
2025-10-19T14:04:46.097+09:00 DEBUG 3356 --- [Shift Scheduler Demo] [           main] org.hibernate.SQL                        : insert into shift_assignments (employee_id,end_time,shift_name,start_time,work_date) values (?,?,?,?,?)
Hibernate: insert into shift_assignments (employee_id,end_time,shift_name,start_time,work_date) values (?,?,?,?,?)
2025-10-19T14:04:46.097+09:00 DEBUG 3356 --- [Shift Scheduler Demo] [           main] org.hibernate.SQL                        : select last_insert_rowid()
Hibernate: select last_insert_rowid()
2025-10-19T14:04:46.098+09:00 DEBUG 3356 --- [Shift Scheduler Demo] [           main] org.hibernate.SQL                        : insert into shift_assignments (employee_id,end_time,shift_name,start_time,work_date) values (?,?,?,?,?)
Hibernate: insert into shift_assignments (employee_id,end_time,shift_name,start_time,work_date) values (?,?,?,?,?)
2025-10-19T14:04:46.099+09:00 DEBUG 3356 --- [Shift Scheduler Demo] [           main] org.hibernate.SQL                        : select last_insert_rowid()
Hibernate: select last_insert_rowid()
2025-10-19T14:04:46.103+09:00 DEBUG 3356 --- [Shift Scheduler Demo] [           main] org.hibernate.SQL                        : insert into shift_assignments (employee_id,end_time,shift_name,start_time,work_date) values (?,?,?,?,?)
Hibernate: insert into shift_assignments (employee_id,end_time,shift_name,start_time,work_date) values (?,?,?,?,?)
2025-10-19T14:04:46.104+09:00 DEBUG 3356 --- [Shift Scheduler Demo] [           main] org.hibernate.SQL                        : select last_insert_rowid()
Hibernate: select last_insert_rowid()
2025-10-19T14:04:46.106+09:00 DEBUG 3356 --- [Shift Scheduler Demo] [           main] org.hibernate.SQL                        : insert into shift_assignments (employee_id,end_time,shift_name,start_time,work_date) values (?,?,?,?,?)
Hibernate: insert into shift_assignments (employee_id,end_time,shift_name,start_time,work_date) values (?,?,?,?,?)
2025-10-19T14:04:46.106+09:00 DEBUG 3356 --- [Shift Scheduler Demo] [           main] org.hibernate.SQL                        : select last_insert_rowid()
Hibernate: select last_insert_rowid()
2025-10-19T14:04:46.107+09:00 DEBUG 3356 --- [Shift Scheduler Demo] [           main] org.hibernate.SQL                        : insert into shift_assignments (employee_id,end_time,shift_name,start_time,work_date) values (?,?,?,?,?)
Hibernate: insert into shift_assignments (employee_id,end_time,shift_name,start_time,work_date) values (?,?,?,?,?)
2025-10-19T14:04:46.108+09:00 DEBUG 3356 --- [Shift Scheduler Demo] [           main] org.hibernate.SQL                        : select last_insert_rowid()
Hibernate: select last_insert_rowid()
2025-10-19T14:04:46.109+09:00 DEBUG 3356 --- [Shift Scheduler Demo] [           main] org.hibernate.SQL                        : insert into shift_assignments (employee_id,end_time,shift_name,start_time,work_date) values (?,?,?,?,?)
Hibernate: insert into shift_assignments (employee_id,end_time,shift_name,start_time,work_date) values (?,?,?,?,?)
2025-10-19T14:04:46.109+09:00 DEBUG 3356 --- [Shift Scheduler Demo] [           main] org.hibernate.SQL                        : select last_insert_rowid()
Hibernate: select last_insert_rowid()
2025-10-19T14:04:46.110+09:00 DEBUG 3356 --- [Shift Scheduler Demo] [           main] org.hibernate.SQL                        : insert into shift_assignments (employee_id,end_time,shift_name,start_time,work_date) values (?,?,?,?,?)
Hibernate: insert into shift_assignments (employee_id,end_time,shift_name,start_time,work_date) values (?,?,?,?,?)
2025-10-19T14:04:46.110+09:00 DEBUG 3356 --- [Shift Scheduler Demo] [           main] org.hibernate.SQL                        : select last_insert_rowid()
Hibernate: select last_insert_rowid()
2025-10-19T14:04:46.111+09:00 DEBUG 3356 --- [Shift Scheduler Demo] [           main] org.hibernate.SQL                        : insert into shift_assignments (employee_id,end_time,shift_name,start_time,work_date) values (?,?,?,?,?)
Hibernate: insert into shift_assignments (employee_id,end_time,shift_name,start_time,work_date) values (?,?,?,?,?)
2025-10-19T14:04:46.111+09:00 DEBUG 3356 --- [Shift Scheduler Demo] [           main] org.hibernate.SQL                        : select last_insert_rowid()
Hibernate: select last_insert_rowid()
2025-10-19T14:04:46.113+09:00 DEBUG 3356 --- [Shift Scheduler Demo] [           main] org.hibernate.SQL                        : insert into shift_assignments (employee_id,end_time,shift_name,start_time,work_date) values (?,?,?,?,?)
Hibernate: insert into shift_assignments (employee_id,end_time,shift_name,start_time,work_date) values (?,?,?,?,?)
2025-10-19T14:04:46.113+09:00 DEBUG 3356 --- [Shift Scheduler Demo] [           main] org.hibernate.SQL                        : select last_insert_rowid()
Hibernate: select last_insert_rowid()
2025-10-19T14:04:46.114+09:00 DEBUG 3356 --- [Shift Scheduler Demo] [           main] org.hibernate.SQL                        : insert into shift_assignments (employee_id,end_time,shift_name,start_time,work_date) values (?,?,?,?,?)
Hibernate: insert into shift_assignments (employee_id,end_time,shift_name,start_time,work_date) values (?,?,?,?,?)
2025-10-19T14:04:46.114+09:00 DEBUG 3356 --- [Shift Scheduler Demo] [           main] org.hibernate.SQL                        : select last_insert_rowid()
Hibernate: select last_insert_rowid()
2025-10-19T14:04:46.115+09:00 DEBUG 3356 --- [Shift Scheduler Demo] [           main] org.hibernate.SQL                        : insert into shift_assignments (employee_id,end_time,shift_name,start_time,work_date) values (?,?,?,?,?)
Hibernate: insert into shift_assignments (employee_id,end_time,shift_name,start_time,work_date) values (?,?,?,?,?)
2025-10-19T14:04:46.116+09:00 DEBUG 3356 --- [Shift Scheduler Demo] [           main] org.hibernate.SQL                        : select last_insert_rowid()
Hibernate: select last_insert_rowid()
2025-10-19T14:04:46.116+09:00 DEBUG 3356 --- [Shift Scheduler Demo] [           main] org.hibernate.SQL                        : insert into shift_assignments (employee_id,end_time,shift_name,start_time,work_date) values (?,?,?,?,?)
Hibernate: insert into shift_assignments (employee_id,end_time,shift_name,start_time,work_date) values (?,?,?,?,?)
2025-10-19T14:04:46.116+09:00 DEBUG 3356 --- [Shift Scheduler Demo] [           main] org.hibernate.SQL                        : select last_insert_rowid()
Hibernate: select last_insert_rowid()
2025-10-19T14:04:46.117+09:00 DEBUG 3356 --- [Shift Scheduler Demo] [           main] org.hibernate.SQL                        : insert into shift_assignments (employee_id,end_time,shift_name,start_time,work_date) values (?,?,?,?,?)
Hibernate: insert into shift_assignments (employee_id,end_time,shift_name,start_time,work_date) values (?,?,?,?,?)
2025-10-19T14:04:46.118+09:00 DEBUG 3356 --- [Shift Scheduler Demo] [           main] org.hibernate.SQL                        : select last_insert_rowid()
Hibernate: select last_insert_rowid()
2025-10-19T14:04:46.121+09:00 DEBUG 3356 --- [Shift Scheduler Demo] [           main] org.hibernate.SQL                        : insert into shift_assignments (employee_id,end_time,shift_name,start_time,work_date) values (?,?,?,?,?)
Hibernate: insert into shift_assignments (employee_id,end_time,shift_name,start_time,work_date) values (?,?,?,?,?)
2025-10-19T14:04:46.122+09:00 DEBUG 3356 --- [Shift Scheduler Demo] [           main] org.hibernate.SQL                        : select last_insert_rowid()
Hibernate: select last_insert_rowid()
2025-10-19T14:04:46.123+09:00 DEBUG 3356 --- [Shift Scheduler Demo] [           main] org.hibernate.SQL                        : insert into shift_assignments (employee_id,end_time,shift_name,start_time,work_date) values (?,?,?,?,?)
Hibernate: insert into shift_assignments (employee_id,end_time,shift_name,start_time,work_date) values (?,?,?,?,?)
2025-10-19T14:04:46.123+09:00 DEBUG 3356 --- [Shift Scheduler Demo] [           main] org.hibernate.SQL                        : select last_insert_rowid()
Hibernate: select last_insert_rowid()
2025-10-19T14:04:46.124+09:00 DEBUG 3356 --- [Shift Scheduler Demo] [           main] org.hibernate.SQL                        : insert into shift_assignments (employee_id,end_time,shift_name,start_time,work_date) values (?,?,?,?,?)
Hibernate: insert into shift_assignments (employee_id,end_time,shift_name,start_time,work_date) values (?,?,?,?,?)
2025-10-19T14:04:46.124+09:00 DEBUG 3356 --- [Shift Scheduler Demo] [           main] org.hibernate.SQL                        : select last_insert_rowid()
Hibernate: select last_insert_rowid()
2025-10-19T14:04:46.125+09:00 DEBUG 3356 --- [Shift Scheduler Demo] [           main] org.hibernate.SQL                        : insert into shift_assignments (employee_id,end_time,shift_name,start_time,work_date) values (?,?,?,?,?)
Hibernate: insert into shift_assignments (employee_id,end_time,shift_name,start_time,work_date) values (?,?,?,?,?)
2025-10-19T14:04:46.125+09:00 DEBUG 3356 --- [Shift Scheduler Demo] [           main] org.hibernate.SQL                        : select last_insert_rowid()
Hibernate: select last_insert_rowid()
2025-10-19T14:04:46.126+09:00 DEBUG 3356 --- [Shift Scheduler Demo] [           main] org.hibernate.SQL                        : insert into shift_assignments (employee_id,end_time,shift_name,start_time,work_date) values (?,?,?,?,?)
Hibernate: insert into shift_assignments (employee_id,end_time,shift_name,start_time,work_date) values (?,?,?,?,?)
2025-10-19T14:04:46.127+09:00 DEBUG 3356 --- [Shift Scheduler Demo] [           main] org.hibernate.SQL                        : select last_insert_rowid()
Hibernate: select last_insert_rowid()
2025-10-19T14:04:46.127+09:00 DEBUG 3356 --- [Shift Scheduler Demo] [           main] org.hibernate.SQL                        : insert into shift_assignments (employee_id,end_time,shift_name,start_time,work_date) values (?,?,?,?,?)
Hibernate: insert into shift_assignments (employee_id,end_time,shift_name,start_time,work_date) values (?,?,?,?,?)
2025-10-19T14:04:46.128+09:00 DEBUG 3356 --- [Shift Scheduler Demo] [           main] org.hibernate.SQL                        : select last_insert_rowid()
Hibernate: select last_insert_rowid()
2025-10-19T14:04:46.129+09:00 DEBUG 3356 --- [Shift Scheduler Demo] [           main] org.hibernate.SQL                        : insert into shift_assignments (employee_id,end_time,shift_name,start_time,work_date) values (?,?,?,?,?)
Hibernate: insert into shift_assignments (employee_id,end_time,shift_name,start_time,work_date) values (?,?,?,?,?)
2025-10-19T14:04:46.129+09:00 DEBUG 3356 --- [Shift Scheduler Demo] [           main] org.hibernate.SQL                        : select last_insert_rowid()
Hibernate: select last_insert_rowid()
2025-10-19T14:04:46.130+09:00 DEBUG 3356 --- [Shift Scheduler Demo] [           main] org.hibernate.SQL                        : insert into shift_assignments (employee_id,end_time,shift_name,start_time,work_date) values (?,?,?,?,?)
Hibernate: insert into shift_assignments (employee_id,end_time,shift_name,start_time,work_date) values (?,?,?,?,?)
2025-10-19T14:04:46.131+09:00 DEBUG 3356 --- [Shift Scheduler Demo] [           main] org.hibernate.SQL                        : select last_insert_rowid()
Hibernate: select last_insert_rowid()
2025-10-19T14:04:46.132+09:00 DEBUG 3356 --- [Shift Scheduler Demo] [           main] org.hibernate.SQL                        : insert into shift_assignments (employee_id,end_time,shift_name,start_time,work_date) values (?,?,?,?,?)
Hibernate: insert into shift_assignments (employee_id,end_time,shift_name,start_time,work_date) values (?,?,?,?,?)
2025-10-19T14:04:46.132+09:00 DEBUG 3356 --- [Shift Scheduler Demo] [           main] org.hibernate.SQL                        : select last_insert_rowid()
Hibernate: select last_insert_rowid()
2025-10-19T14:04:46.132+09:00 DEBUG 3356 --- [Shift Scheduler Demo] [           main] org.hibernate.SQL                        : insert into shift_assignments (employee_id,end_time,shift_name,start_time,work_date) values (?,?,?,?,?)
Hibernate: insert into shift_assignments (employee_id,end_time,shift_name,start_time,work_date) values (?,?,?,?,?)
2025-10-19T14:04:46.133+09:00 DEBUG 3356 --- [Shift Scheduler Demo] [           main] org.hibernate.SQL                        : select last_insert_rowid()
Hibernate: select last_insert_rowid()
2025-10-19T14:04:46.134+09:00 DEBUG 3356 --- [Shift Scheduler Demo] [           main] org.hibernate.SQL                        : insert into shift_assignments (employee_id,end_time,shift_name,start_time,work_date) values (?,?,?,?,?)
Hibernate: insert into shift_assignments (employee_id,end_time,shift_name,start_time,work_date) values (?,?,?,?,?)
2025-10-19T14:04:46.136+09:00 DEBUG 3356 --- [Shift Scheduler Demo] [           main] org.hibernate.SQL                        : select last_insert_rowid()
Hibernate: select last_insert_rowid()
2025-10-19T14:04:46.137+09:00 DEBUG 3356 --- [Shift Scheduler Demo] [           main] org.hibernate.SQL                        : insert into shift_assignments (employee_id,end_time,shift_name,start_time,work_date) values (?,?,?,?,?)
Hibernate: insert into shift_assignments (employee_id,end_time,shift_name,start_time,work_date) values (?,?,?,?,?)
2025-10-19T14:04:46.139+09:00 DEBUG 3356 --- [Shift Scheduler Demo] [           main] org.hibernate.SQL                        : select last_insert_rowid()
Hibernate: select last_insert_rowid()
2025-10-19T14:04:46.140+09:00 DEBUG 3356 --- [Shift Scheduler Demo] [           main] org.hibernate.SQL                        : insert into shift_assignments (employee_id,end_time,shift_name,start_time,work_date) values (?,?,?,?,?)
Hibernate: insert into shift_assignments (employee_id,end_time,shift_name,start_time,work_date) values (?,?,?,?,?)
2025-10-19T14:04:46.140+09:00 DEBUG 3356 --- [Shift Scheduler Demo] [           main] org.hibernate.SQL                        : select last_insert_rowid()
Hibernate: select last_insert_rowid()
2025-10-19T14:04:46.141+09:00 DEBUG 3356 --- [Shift Scheduler Demo] [           main] org.hibernate.SQL                        : insert into shift_assignments (employee_id,end_time,shift_name,start_time,work_date) values (?,?,?,?,?)
Hibernate: insert into shift_assignments (employee_id,end_time,shift_name,start_time,work_date) values (?,?,?,?,?)
2025-10-19T14:04:46.142+09:00 DEBUG 3356 --- [Shift Scheduler Demo] [           main] org.hibernate.SQL                        : select last_insert_rowid()
Hibernate: select last_insert_rowid()
2025-10-19T14:04:46.142+09:00 DEBUG 3356 --- [Shift Scheduler Demo] [           main] org.hibernate.SQL                        : insert into shift_assignments (employee_id,end_time,shift_name,start_time,work_date) values (?,?,?,?,?)
Hibernate: insert into shift_assignments (employee_id,end_time,shift_name,start_time,work_date) values (?,?,?,?,?)
2025-10-19T14:04:46.143+09:00 DEBUG 3356 --- [Shift Scheduler Demo] [           main] org.hibernate.SQL                        : select last_insert_rowid()
Hibernate: select last_insert_rowid()
2025-10-19T14:04:46.144+09:00 DEBUG 3356 --- [Shift Scheduler Demo] [           main] org.hibernate.SQL                        : insert into shift_assignments (employee_id,end_time,shift_name,start_time,work_date) values (?,?,?,?,?)
Hibernate: insert into shift_assignments (employee_id,end_time,shift_name,start_time,work_date) values (?,?,?,?,?)
2025-10-19T14:04:46.144+09:00 DEBUG 3356 --- [Shift Scheduler Demo] [           main] org.hibernate.SQL                        : select last_insert_rowid()
Hibernate: select last_insert_rowid()
2025-10-19T14:04:46.145+09:00 DEBUG 3356 --- [Shift Scheduler Demo] [           main] org.hibernate.SQL                        : insert into shift_assignments (employee_id,end_time,shift_name,start_time,work_date) values (?,?,?,?,?)
Hibernate: insert into shift_assignments (employee_id,end_time,shift_name,start_time,work_date) values (?,?,?,?,?)
2025-10-19T14:04:46.145+09:00 DEBUG 3356 --- [Shift Scheduler Demo] [           main] org.hibernate.SQL                        : select last_insert_rowid()
Hibernate: select last_insert_rowid()
2025-10-19T14:04:46.146+09:00 DEBUG 3356 --- [Shift Scheduler Demo] [           main] org.hibernate.SQL                        : insert into shift_assignments (employee_id,end_time,shift_name,start_time,work_date) values (?,?,?,?,?)
Hibernate: insert into shift_assignments (employee_id,end_time,shift_name,start_time,work_date) values (?,?,?,?,?)
2025-10-19T14:04:46.146+09:00 DEBUG 3356 --- [Shift Scheduler Demo] [           main] org.hibernate.SQL                        : select last_insert_rowid()
Hibernate: select last_insert_rowid()
2025-10-19T14:04:46.146+09:00 DEBUG 3356 --- [Shift Scheduler Demo] [           main] org.hibernate.SQL                        : insert into shift_assignments (employee_id,end_time,shift_name,start_time,work_date) values (?,?,?,?,?)
Hibernate: insert into shift_assignments (employee_id,end_time,shift_name,start_time,work_date) values (?,?,?,?,?)
2025-10-19T14:04:46.146+09:00 DEBUG 3356 --- [Shift Scheduler Demo] [           main] org.hibernate.SQL                        : select last_insert_rowid()
Hibernate: select last_insert_rowid()
2025-10-19T14:04:46.147+09:00 DEBUG 3356 --- [Shift Scheduler Demo] [           main] org.hibernate.SQL                        : insert into shift_assignments (employee_id,end_time,shift_name,start_time,work_date) values (?,?,?,?,?)
Hibernate: insert into shift_assignments (employee_id,end_time,shift_name,start_time,work_date) values (?,?,?,?,?)
2025-10-19T14:04:46.147+09:00 DEBUG 3356 --- [Shift Scheduler Demo] [           main] org.hibernate.SQL                        : select last_insert_rowid()
Hibernate: select last_insert_rowid()
2025-10-19T14:04:46.148+09:00 DEBUG 3356 --- [Shift Scheduler Demo] [           main] org.hibernate.SQL                        : insert into shift_assignments (employee_id,end_time,shift_name,start_time,work_date) values (?,?,?,?,?)
Hibernate: insert into shift_assignments (employee_id,end_time,shift_name,start_time,work_date) values (?,?,?,?,?)
2025-10-19T14:04:46.148+09:00 DEBUG 3356 --- [Shift Scheduler Demo] [           main] org.hibernate.SQL                        : select last_insert_rowid()
Hibernate: select last_insert_rowid()
2025-10-19T14:04:46.148+09:00 DEBUG 3356 --- [Shift Scheduler Demo] [           main] org.hibernate.SQL                        : insert into shift_assignments (employee_id,end_time,shift_name,start_time,work_date) values (?,?,?,?,?)
Hibernate: insert into shift_assignments (employee_id,end_time,shift_name,start_time,work_date) values (?,?,?,?,?)
2025-10-19T14:04:46.148+09:00 DEBUG 3356 --- [Shift Scheduler Demo] [           main] org.hibernate.SQL                        : select last_insert_rowid()
Hibernate: select last_insert_rowid()
2025-10-19T14:04:46.149+09:00 DEBUG 3356 --- [Shift Scheduler Demo] [           main] org.hibernate.SQL                        : insert into shift_assignments (employee_id,end_time,shift_name,start_time,work_date) values (?,?,?,?,?)
Hibernate: insert into shift_assignments (employee_id,end_time,shift_name,start_time,work_date) values (?,?,?,?,?)
2025-10-19T14:04:46.149+09:00 DEBUG 3356 --- [Shift Scheduler Demo] [           main] org.hibernate.SQL                        : select last_insert_rowid()
Hibernate: select last_insert_rowid()
2025-10-19T14:04:46.149+09:00 DEBUG 3356 --- [Shift Scheduler Demo] [           main] org.hibernate.SQL                        : insert into shift_assignments (employee_id,end_time,shift_name,start_time,work_date) values (?,?,?,?,?)
Hibernate: insert into shift_assignments (employee_id,end_time,shift_name,start_time,work_date) values (?,?,?,?,?)
2025-10-19T14:04:46.150+09:00 DEBUG 3356 --- [Shift Scheduler Demo] [           main] org.hibernate.SQL                        : select last_insert_rowid()
Hibernate: select last_insert_rowid()
2025-10-19T14:04:46.151+09:00 DEBUG 3356 --- [Shift Scheduler Demo] [           main] org.hibernate.SQL                        : insert into shift_assignments (employee_id,end_time,shift_name,start_time,work_date) values (?,?,?,?,?)
Hibernate: insert into shift_assignments (employee_id,end_time,shift_name,start_time,work_date) values (?,?,?,?,?)
2025-10-19T14:04:46.152+09:00 DEBUG 3356 --- [Shift Scheduler Demo] [           main] org.hibernate.SQL                        : select last_insert_rowid()
Hibernate: select last_insert_rowid()
2025-10-19T14:04:46.152+09:00 DEBUG 3356 --- [Shift Scheduler Demo] [           main] org.hibernate.SQL                        : insert into shift_assignments (employee_id,end_time,shift_name,start_time,work_date) values (?,?,?,?,?)
Hibernate: insert into shift_assignments (employee_id,end_time,shift_name,start_time,work_date) values (?,?,?,?,?)
2025-10-19T14:04:46.153+09:00 DEBUG 3356 --- [Shift Scheduler Demo] [           main] org.hibernate.SQL                        : select last_insert_rowid()
Hibernate: select last_insert_rowid()
2025-10-19T14:04:46.153+09:00 DEBUG 3356 --- [Shift Scheduler Demo] [           main] org.hibernate.SQL                        : insert into shift_assignments (employee_id,end_time,shift_name,start_time,work_date) values (?,?,?,?,?)
Hibernate: insert into shift_assignments (employee_id,end_time,shift_name,start_time,work_date) values (?,?,?,?,?)
2025-10-19T14:04:46.154+09:00 DEBUG 3356 --- [Shift Scheduler Demo] [           main] org.hibernate.SQL                        : select last_insert_rowid()
Hibernate: select last_insert_rowid()
2025-10-19T14:04:46.154+09:00 DEBUG 3356 --- [Shift Scheduler Demo] [           main] org.hibernate.SQL                        : insert into shift_assignments (employee_id,end_time,shift_name,start_time,work_date) values (?,?,?,?,?)
Hibernate: insert into shift_assignments (employee_id,end_time,shift_name,start_time,work_date) values (?,?,?,?,?)
2025-10-19T14:04:46.155+09:00 DEBUG 3356 --- [Shift Scheduler Demo] [           main] org.hibernate.SQL                        : select last_insert_rowid()
Hibernate: select last_insert_rowid()
2025-10-19T14:04:46.155+09:00 DEBUG 3356 --- [Shift Scheduler Demo] [           main] org.hibernate.SQL                        : insert into shift_assignments (employee_id,end_time,shift_name,start_time,work_date) values (?,?,?,?,?)
Hibernate: insert into shift_assignments (employee_id,end_time,shift_name,start_time,work_date) values (?,?,?,?,?)
2025-10-19T14:04:46.155+09:00 DEBUG 3356 --- [Shift Scheduler Demo] [           main] org.hibernate.SQL                        : select last_insert_rowid()
Hibernate: select last_insert_rowid()
2025-10-19T14:04:46.156+09:00 DEBUG 3356 --- [Shift Scheduler Demo] [           main] org.hibernate.SQL                        : insert into shift_assignments (employee_id,end_time,shift_name,start_time,work_date) values (?,?,?,?,?)
Hibernate: insert into shift_assignments (employee_id,end_time,shift_name,start_time,work_date) values (?,?,?,?,?)
2025-10-19T14:04:46.156+09:00 DEBUG 3356 --- [Shift Scheduler Demo] [           main] org.hibernate.SQL                        : select last_insert_rowid()
Hibernate: select last_insert_rowid()
2025-10-19T14:04:46.157+09:00 DEBUG 3356 --- [Shift Scheduler Demo] [           main] org.hibernate.SQL                        : insert into shift_assignments (employee_id,end_time,shift_name,start_time,work_date) values (?,?,?,?,?)
Hibernate: insert into shift_assignments (employee_id,end_time,shift_name,start_time,work_date) values (?,?,?,?,?)
2025-10-19T14:04:46.158+09:00 DEBUG 3356 --- [Shift Scheduler Demo] [           main] org.hibernate.SQL                        : select last_insert_rowid()
Hibernate: select last_insert_rowid()
2025-10-19T14:04:46.158+09:00 DEBUG 3356 --- [Shift Scheduler Demo] [           main] org.hibernate.SQL                        : insert into shift_assignments (employee_id,end_time,shift_name,start_time,work_date) values (?,?,?,?,?)
Hibernate: insert into shift_assignments (employee_id,end_time,shift_name,start_time,work_date) values (?,?,?,?,?)
2025-10-19T14:04:46.159+09:00 DEBUG 3356 --- [Shift Scheduler Demo] [           main] org.hibernate.SQL                        : select last_insert_rowid()
Hibernate: select last_insert_rowid()
2025-10-19T14:04:46.159+09:00 DEBUG 3356 --- [Shift Scheduler Demo] [           main] org.hibernate.SQL                        : insert into shift_assignments (employee_id,end_time,shift_name,start_time,work_date) values (?,?,?,?,?)
Hibernate: insert into shift_assignments (employee_id,end_time,shift_name,start_time,work_date) values (?,?,?,?,?)
2025-10-19T14:04:46.160+09:00 DEBUG 3356 --- [Shift Scheduler Demo] [           main] org.hibernate.SQL                        : select last_insert_rowid()
Hibernate: select last_insert_rowid()
2025-10-19T14:04:46.160+09:00 DEBUG 3356 --- [Shift Scheduler Demo] [           main] org.hibernate.SQL                        : insert into shift_assignments (employee_id,end_time,shift_name,start_time,work_date) values (?,?,?,?,?)
Hibernate: insert into shift_assignments (employee_id,end_time,shift_name,start_time,work_date) values (?,?,?,?,?)
2025-10-19T14:04:46.160+09:00 DEBUG 3356 --- [Shift Scheduler Demo] [           main] org.hibernate.SQL                        : select last_insert_rowid()
Hibernate: select last_insert_rowid()
2025-10-19T14:04:46.161+09:00 DEBUG 3356 --- [Shift Scheduler Demo] [           main] org.hibernate.SQL                        : insert into shift_assignments (employee_id,end_time,shift_name,start_time,work_date) values (?,?,?,?,?)
Hibernate: insert into shift_assignments (employee_id,end_time,shift_name,start_time,work_date) values (?,?,?,?,?)
2025-10-19T14:04:46.161+09:00 DEBUG 3356 --- [Shift Scheduler Demo] [           main] org.hibernate.SQL                        : select last_insert_rowid()
Hibernate: select last_insert_rowid()
2025-10-19T14:04:46.161+09:00 DEBUG 3356 --- [Shift Scheduler Demo] [           main] org.hibernate.SQL                        : insert into shift_assignments (employee_id,end_time,shift_name,start_time,work_date) values (?,?,?,?,?)
Hibernate: insert into shift_assignments (employee_id,end_time,shift_name,start_time,work_date) values (?,?,?,?,?)
2025-10-19T14:04:46.162+09:00 DEBUG 3356 --- [Shift Scheduler Demo] [           main] org.hibernate.SQL                        : select last_insert_rowid()
Hibernate: select last_insert_rowid()
2025-10-19T14:04:46.162+09:00 DEBUG 3356 --- [Shift Scheduler Demo] [           main] org.hibernate.SQL                        : insert into shift_assignments (employee_id,end_time,shift_name,start_time,work_date) values (?,?,?,?,?)
Hibernate: insert into shift_assignments (employee_id,end_time,shift_name,start_time,work_date) values (?,?,?,?,?)
2025-10-19T14:04:46.162+09:00 DEBUG 3356 --- [Shift Scheduler Demo] [           main] org.hibernate.SQL                        : select last_insert_rowid()
Hibernate: select last_insert_rowid()
2025-10-19T14:04:46.163+09:00 DEBUG 3356 --- [Shift Scheduler Demo] [           main] org.hibernate.SQL                        : insert into shift_assignments (employee_id,end_time,shift_name,start_time,work_date) values (?,?,?,?,?)
Hibernate: insert into shift_assignments (employee_id,end_time,shift_name,start_time,work_date) values (?,?,?,?,?)
2025-10-19T14:04:46.163+09:00 DEBUG 3356 --- [Shift Scheduler Demo] [           main] org.hibernate.SQL                        : select last_insert_rowid()
Hibernate: select last_insert_rowid()
2025-10-19T14:04:46.163+09:00 DEBUG 3356 --- [Shift Scheduler Demo] [           main] org.hibernate.SQL                        : insert into shift_assignments (employee_id,end_time,shift_name,start_time,work_date) values (?,?,?,?,?)
Hibernate: insert into shift_assignments (employee_id,end_time,shift_name,start_time,work_date) values (?,?,?,?,?)
2025-10-19T14:04:46.164+09:00 DEBUG 3356 --- [Shift Scheduler Demo] [           main] org.hibernate.SQL                        : select last_insert_rowid()
Hibernate: select last_insert_rowid()
2025-10-19T14:04:46.164+09:00 DEBUG 3356 --- [Shift Scheduler Demo] [           main] org.hibernate.SQL                        : insert into shift_assignments (employee_id,end_time,shift_name,start_time,work_date) values (?,?,?,?,?)
Hibernate: insert into shift_assignments (employee_id,end_time,shift_name,start_time,work_date) values (?,?,?,?,?)
2025-10-19T14:04:46.165+09:00 DEBUG 3356 --- [Shift Scheduler Demo] [           main] org.hibernate.SQL                        : select last_insert_rowid()
Hibernate: select last_insert_rowid()
2025-10-19T14:04:46.165+09:00 DEBUG 3356 --- [Shift Scheduler Demo] [           main] org.hibernate.SQL                        : insert into shift_assignments (employee_id,end_time,shift_name,start_time,work_date) values (?,?,?,?,?)
Hibernate: insert into shift_assignments (employee_id,end_time,shift_name,start_time,work_date) values (?,?,?,?,?)
2025-10-19T14:04:46.165+09:00 DEBUG 3356 --- [Shift Scheduler Demo] [           main] org.hibernate.SQL                        : select last_insert_rowid()
Hibernate: select last_insert_rowid()
2025-10-19T14:04:46.168+09:00 DEBUG 3356 --- [Shift Scheduler Demo] [           main] org.hibernate.SQL                        : insert into shift_assignments (employee_id,end_time,shift_name,start_time,work_date) values (?,?,?,?,?)
Hibernate: insert into shift_assignments (employee_id,end_time,shift_name,start_time,work_date) values (?,?,?,?,?)
2025-10-19T14:04:46.169+09:00 DEBUG 3356 --- [Shift Scheduler Demo] [           main] org.hibernate.SQL                        : select last_insert_rowid()
Hibernate: select last_insert_rowid()
2025-10-19T14:04:46.169+09:00 DEBUG 3356 --- [Shift Scheduler Demo] [           main] org.hibernate.SQL                        : insert into shift_assignments (employee_id,end_time,shift_name,start_time,work_date) values (?,?,?,?,?)
Hibernate: insert into shift_assignments (employee_id,end_time,shift_name,start_time,work_date) values (?,?,?,?,?)
2025-10-19T14:04:46.170+09:00 DEBUG 3356 --- [Shift Scheduler Demo] [           main] org.hibernate.SQL                        : select last_insert_rowid()
Hibernate: select last_insert_rowid()
2025-10-19T14:04:46.170+09:00 DEBUG 3356 --- [Shift Scheduler Demo] [           main] org.hibernate.SQL                        : insert into shift_assignments (employee_id,end_time,shift_name,start_time,work_date) values (?,?,?,?,?)
Hibernate: insert into shift_assignments (employee_id,end_time,shift_name,start_time,work_date) values (?,?,?,?,?)
2025-10-19T14:04:46.171+09:00 DEBUG 3356 --- [Shift Scheduler Demo] [           main] org.hibernate.SQL                        : select last_insert_rowid()
Hibernate: select last_insert_rowid()
2025-10-19T14:04:46.171+09:00 DEBUG 3356 --- [Shift Scheduler Demo] [           main] org.hibernate.SQL                        : insert into shift_assignments (employee_id,end_time,shift_name,start_time,work_date) values (?,?,?,?,?)
Hibernate: insert into shift_assignments (employee_id,end_time,shift_name,start_time,work_date) values (?,?,?,?,?)
2025-10-19T14:04:46.171+09:00 DEBUG 3356 --- [Shift Scheduler Demo] [           main] org.hibernate.SQL                        : select last_insert_rowid()
Hibernate: select last_insert_rowid()
2025-10-19T14:04:46.172+09:00 DEBUG 3356 --- [Shift Scheduler Demo] [           main] org.hibernate.SQL                        : insert into shift_assignments (employee_id,end_time,shift_name,start_time,work_date) values (?,?,?,?,?)
Hibernate: insert into shift_assignments (employee_id,end_time,shift_name,start_time,work_date) values (?,?,?,?,?)
2025-10-19T14:04:46.173+09:00 DEBUG 3356 --- [Shift Scheduler Demo] [           main] org.hibernate.SQL                        : select last_insert_rowid()
Hibernate: select last_insert_rowid()
2025-10-19T14:04:46.173+09:00 DEBUG 3356 --- [Shift Scheduler Demo] [           main] org.hibernate.SQL                        : insert into shift_assignments (employee_id,end_time,shift_name,start_time,work_date) values (?,?,?,?,?)
Hibernate: insert into shift_assignments (employee_id,end_time,shift_name,start_time,work_date) values (?,?,?,?,?)
2025-10-19T14:04:46.173+09:00 DEBUG 3356 --- [Shift Scheduler Demo] [           main] org.hibernate.SQL                        : select last_insert_rowid()
Hibernate: select last_insert_rowid()
2025-10-19T14:04:46.174+09:00 DEBUG 3356 --- [Shift Scheduler Demo] [           main] org.hibernate.SQL                        : insert into shift_assignments (employee_id,end_time,shift_name,start_time,work_date) values (?,?,?,?,?)
Hibernate: insert into shift_assignments (employee_id,end_time,shift_name,start_time,work_date) values (?,?,?,?,?)
2025-10-19T14:04:46.174+09:00 DEBUG 3356 --- [Shift Scheduler Demo] [           main] org.hibernate.SQL                        : select last_insert_rowid()
Hibernate: select last_insert_rowid()
2025-10-19T14:04:46.174+09:00 DEBUG 3356 --- [Shift Scheduler Demo] [           main] org.hibernate.SQL                        : insert into shift_assignments (employee_id,end_time,shift_name,start_time,work_date) values (?,?,?,?,?)
Hibernate: insert into shift_assignments (employee_id,end_time,shift_name,start_time,work_date) values (?,?,?,?,?)
2025-10-19T14:04:46.175+09:00 DEBUG 3356 --- [Shift Scheduler Demo] [           main] org.hibernate.SQL                        : select last_insert_rowid()
Hibernate: select last_insert_rowid()
2025-10-19T14:04:46.175+09:00 DEBUG 3356 --- [Shift Scheduler Demo] [           main] org.hibernate.SQL                        : insert into shift_assignments (employee_id,end_time,shift_name,start_time,work_date) values (?,?,?,?,?)
Hibernate: insert into shift_assignments (employee_id,end_time,shift_name,start_time,work_date) values (?,?,?,?,?)
2025-10-19T14:04:46.175+09:00 DEBUG 3356 --- [Shift Scheduler Demo] [           main] org.hibernate.SQL                        : select last_insert_rowid()
Hibernate: select last_insert_rowid()
2025-10-19T14:04:46.176+09:00 DEBUG 3356 --- [Shift Scheduler Demo] [           main] org.hibernate.SQL                        : insert into shift_assignments (employee_id,end_time,shift_name,start_time,work_date) values (?,?,?,?,?)
Hibernate: insert into shift_assignments (employee_id,end_time,shift_name,start_time,work_date) values (?,?,?,?,?)
2025-10-19T14:04:46.176+09:00 DEBUG 3356 --- [Shift Scheduler Demo] [           main] org.hibernate.SQL                        : select last_insert_rowid()
Hibernate: select last_insert_rowid()
2025-10-19T14:04:46.176+09:00 DEBUG 3356 --- [Shift Scheduler Demo] [           main] org.hibernate.SQL                        : insert into shift_assignments (employee_id,end_time,shift_name,start_time,work_date) values (?,?,?,?,?)
Hibernate: insert into shift_assignments (employee_id,end_time,shift_name,start_time,work_date) values (?,?,?,?,?)
2025-10-19T14:04:46.177+09:00 DEBUG 3356 --- [Shift Scheduler Demo] [           main] org.hibernate.SQL                        : select last_insert_rowid()
Hibernate: select last_insert_rowid()
2025-10-19T14:04:46.177+09:00 DEBUG 3356 --- [Shift Scheduler Demo] [           main] org.hibernate.SQL                        : insert into shift_assignments (employee_id,end_time,shift_name,start_time,work_date) values (?,?,?,?,?)
Hibernate: insert into shift_assignments (employee_id,end_time,shift_name,start_time,work_date) values (?,?,?,?,?)
2025-10-19T14:04:46.177+09:00 DEBUG 3356 --- [Shift Scheduler Demo] [           main] org.hibernate.SQL                        : select last_insert_rowid()
Hibernate: select last_insert_rowid()
2025-10-19T14:04:46.178+09:00 DEBUG 3356 --- [Shift Scheduler Demo] [           main] org.hibernate.SQL                        : insert into shift_assignments (employee_id,end_time,shift_name,start_time,work_date) values (?,?,?,?,?)
Hibernate: insert into shift_assignments (employee_id,end_time,shift_name,start_time,work_date) values (?,?,?,?,?)
2025-10-19T14:04:46.178+09:00 DEBUG 3356 --- [Shift Scheduler Demo] [           main] org.hibernate.SQL                        : select last_insert_rowid()
Hibernate: select last_insert_rowid()
2025-10-19T14:04:46.178+09:00 DEBUG 3356 --- [Shift Scheduler Demo] [           main] org.hibernate.SQL                        : insert into shift_assignments (employee_id,end_time,shift_name,start_time,work_date) values (?,?,?,?,?)
Hibernate: insert into shift_assignments (employee_id,end_time,shift_name,start_time,work_date) values (?,?,?,?,?)
2025-10-19T14:04:46.178+09:00 DEBUG 3356 --- [Shift Scheduler Demo] [           main] org.hibernate.SQL                        : select last_insert_rowid()
Hibernate: select last_insert_rowid()
2025-10-19T14:04:46.179+09:00 DEBUG 3356 --- [Shift Scheduler Demo] [           main] org.hibernate.SQL                        : insert into shift_assignments (employee_id,end_time,shift_name,start_time,work_date) values (?,?,?,?,?)
Hibernate: insert into shift_assignments (employee_id,end_time,shift_name,start_time,work_date) values (?,?,?,?,?)
2025-10-19T14:04:46.179+09:00 DEBUG 3356 --- [Shift Scheduler Demo] [           main] org.hibernate.SQL                        : select last_insert_rowid()
Hibernate: select last_insert_rowid()
2025-10-19T14:04:46.179+09:00 DEBUG 3356 --- [Shift Scheduler Demo] [           main] org.hibernate.SQL                        : insert into shift_assignments (employee_id,end_time,shift_name,start_time,work_date) values (?,?,?,?,?)
Hibernate: insert into shift_assignments (employee_id,end_time,shift_name,start_time,work_date) values (?,?,?,?,?)
2025-10-19T14:04:46.179+09:00 DEBUG 3356 --- [Shift Scheduler Demo] [           main] org.hibernate.SQL                        : select last_insert_rowid()
Hibernate: select last_insert_rowid()
2025-10-19T14:04:46.180+09:00 DEBUG 3356 --- [Shift Scheduler Demo] [           main] org.hibernate.SQL                        : insert into shift_assignments (employee_id,end_time,shift_name,start_time,work_date) values (?,?,?,?,?)
Hibernate: insert into shift_assignments (employee_id,end_time,shift_name,start_time,work_date) values (?,?,?,?,?)
2025-10-19T14:04:46.180+09:00 DEBUG 3356 --- [Shift Scheduler Demo] [           main] org.hibernate.SQL                        : select last_insert_rowid()
Hibernate: select last_insert_rowid()
2025-10-19T14:04:46.180+09:00 DEBUG 3356 --- [Shift Scheduler Demo] [           main] org.hibernate.SQL                        : insert into shift_assignments (employee_id,end_time,shift_name,start_time,work_date) values (?,?,?,?,?)
Hibernate: insert into shift_assignments (employee_id,end_time,shift_name,start_time,work_date) values (?,?,?,?,?)
2025-10-19T14:04:46.180+09:00 DEBUG 3356 --- [Shift Scheduler Demo] [           main] org.hibernate.SQL                        : select last_insert_rowid()
Hibernate: select last_insert_rowid()
2025-10-19T14:04:46.181+09:00 DEBUG 3356 --- [Shift Scheduler Demo] [           main] org.hibernate.SQL                        : insert into shift_assignments (employee_id,end_time,shift_name,start_time,work_date) values (?,?,?,?,?)
Hibernate: insert into shift_assignments (employee_id,end_time,shift_name,start_time,work_date) values (?,?,?,?,?)
2025-10-19T14:04:46.181+09:00 DEBUG 3356 --- [Shift Scheduler Demo] [           main] org.hibernate.SQL                        : select last_insert_rowid()
Hibernate: select last_insert_rowid()
2025-10-19T14:04:46.181+09:00 DEBUG 3356 --- [Shift Scheduler Demo] [           main] org.hibernate.SQL                        : insert into shift_assignments (employee_id,end_time,shift_name,start_time,work_date) values (?,?,?,?,?)
Hibernate: insert into shift_assignments (employee_id,end_time,shift_name,start_time,work_date) values (?,?,?,?,?)
2025-10-19T14:04:46.181+09:00 DEBUG 3356 --- [Shift Scheduler Demo] [           main] org.hibernate.SQL                        : select last_insert_rowid()
Hibernate: select last_insert_rowid()
2025-10-19T14:04:46.182+09:00 DEBUG 3356 --- [Shift Scheduler Demo] [           main] org.hibernate.SQL                        : insert into shift_assignments (employee_id,end_time,shift_name,start_time,work_date) values (?,?,?,?,?)
Hibernate: insert into shift_assignments (employee_id,end_time,shift_name,start_time,work_date) values (?,?,?,?,?)
2025-10-19T14:04:46.182+09:00 DEBUG 3356 --- [Shift Scheduler Demo] [           main] org.hibernate.SQL                        : select last_insert_rowid()
Hibernate: select last_insert_rowid()
2025-10-19T14:04:46.183+09:00 DEBUG 3356 --- [Shift Scheduler Demo] [           main] org.hibernate.SQL                        : insert into shift_assignments (employee_id,end_time,shift_name,start_time,work_date) values (?,?,?,?,?)
Hibernate: insert into shift_assignments (employee_id,end_time,shift_name,start_time,work_date) values (?,?,?,?,?)
2025-10-19T14:04:46.184+09:00 DEBUG 3356 --- [Shift Scheduler Demo] [           main] org.hibernate.SQL                        : select last_insert_rowid()
Hibernate: select last_insert_rowid()
2025-10-19T14:04:46.185+09:00 DEBUG 3356 --- [Shift Scheduler Demo] [           main] org.hibernate.SQL                        : insert into shift_assignments (employee_id,end_time,shift_name,start_time,work_date) values (?,?,?,?,?)
Hibernate: insert into shift_assignments (employee_id,end_time,shift_name,start_time,work_date) values (?,?,?,?,?)
2025-10-19T14:04:46.185+09:00 DEBUG 3356 --- [Shift Scheduler Demo] [           main] org.hibernate.SQL                        : select last_insert_rowid()
Hibernate: select last_insert_rowid()
2025-10-19T14:04:46.186+09:00 DEBUG 3356 --- [Shift Scheduler Demo] [           main] org.hibernate.SQL                        : insert into shift_assignments (employee_id,end_time,shift_name,start_time,work_date) values (?,?,?,?,?)
Hibernate: insert into shift_assignments (employee_id,end_time,shift_name,start_time,work_date) values (?,?,?,?,?)
2025-10-19T14:04:46.186+09:00 DEBUG 3356 --- [Shift Scheduler Demo] [           main] org.hibernate.SQL                        : select last_insert_rowid()
Hibernate: select last_insert_rowid()
2025-10-19T14:04:46.187+09:00 DEBUG 3356 --- [Shift Scheduler Demo] [           main] org.hibernate.SQL                        : insert into shift_assignments (employee_id,end_time,shift_name,start_time,work_date) values (?,?,?,?,?)
Hibernate: insert into shift_assignments (employee_id,end_time,shift_name,start_time,work_date) values (?,?,?,?,?)
2025-10-19T14:04:46.187+09:00 DEBUG 3356 --- [Shift Scheduler Demo] [           main] org.hibernate.SQL                        : select last_insert_rowid()
Hibernate: select last_insert_rowid()
2025-10-19T14:04:46.187+09:00 DEBUG 3356 --- [Shift Scheduler Demo] [           main] org.hibernate.SQL                        : insert into shift_assignments (employee_id,end_time,shift_name,start_time,work_date) values (?,?,?,?,?)
Hibernate: insert into shift_assignments (employee_id,end_time,shift_name,start_time,work_date) values (?,?,?,?,?)
2025-10-19T14:04:46.188+09:00 DEBUG 3356 --- [Shift Scheduler Demo] [           main] org.hibernate.SQL                        : select last_insert_rowid()
Hibernate: select last_insert_rowid()
2025-10-19T14:04:46.188+09:00 DEBUG 3356 --- [Shift Scheduler Demo] [           main] org.hibernate.SQL                        : insert into shift_assignments (employee_id,end_time,shift_name,start_time,work_date) values (?,?,?,?,?)
Hibernate: insert into shift_assignments (employee_id,end_time,shift_name,start_time,work_date) values (?,?,?,?,?)
2025-10-19T14:04:46.188+09:00 DEBUG 3356 --- [Shift Scheduler Demo] [           main] org.hibernate.SQL                        : select last_insert_rowid()
Hibernate: select last_insert_rowid()
2025-10-19T14:04:46.189+09:00 DEBUG 3356 --- [Shift Scheduler Demo] [           main] org.hibernate.SQL                        : insert into shift_assignments (employee_id,end_time,shift_name,start_time,work_date) values (?,?,?,?,?)
Hibernate: insert into shift_assignments (employee_id,end_time,shift_name,start_time,work_date) values (?,?,?,?,?)
2025-10-19T14:04:46.189+09:00 DEBUG 3356 --- [Shift Scheduler Demo] [           main] org.hibernate.SQL                        : select last_insert_rowid()
Hibernate: select last_insert_rowid()
2025-10-19T14:04:46.190+09:00  INFO 3356 --- [Shift Scheduler Demo] [           main] c.e.shiftv1.schedule.ScheduleService     : シフト生成が完了しました: 92件の割り当てを生成
2025-10-19T14:04:46.315+09:00 DEBUG 3356 --- [Shift Scheduler Demo] [           main] org.hibernate.SQL                        : select sa1_0.id,sa1_0.employee_id,sa1_0.end_time,sa1_0.shift_name,sa1_0.start_time,sa1_0.work_date from shift_assignments sa1_0 where sa1_0.work_date between ? and ?
Hibernate: select sa1_0.id,sa1_0.employee_id,sa1_0.end_time,sa1_0.shift_name,sa1_0.start_time,sa1_0.work_date from shift_assignments sa1_0 where sa1_0.work_date between ? and ?
]]></system-out>
    <system-err><![CDATA[WARNING: A Java agent has been loaded dynamically (C:\Users\takow\.m2\repository\net\bytebuddy\byte-buddy-agent\1.14.13\byte-buddy-agent-1.14.13.jar)
WARNING: If a serviceability tool is in use, please run with -XX:+EnableDynamicAgentLoading to hide this warning
WARNING: If a serviceability tool is not in use, please run with -Djdk.instrument.traceUsage for more information
WARNING: Dynamic loading of agents will be disallowed by default in a future release
]]></system-err>
  </testcase>
</testsuite>