<?xml version="1.0" encoding="UTF-8"?>
<testsuite xmlns:xsi="http://www.w3.org/2001/XMLSchema-instance" xsi:noNamespaceSchemaLocation="https://maven.apache.org/surefire/maven-surefire-plugin/xsd/surefire-test-report-3.0.xsd" version="3.0" name="com.example.shiftv1.schedule.ScheduleServiceTest" time="10.07" tests="2" errors="0" skipped="0" failures="0">
  <properties>
    <property name="java.specification.version" value="23"/>
    <property name="sun.cpu.isalist" value="amd64"/>
    <property name="sun.jnu.encoding" value="MS932"/>
    <property name="java.class.path" value="C:\Users\takow\Documents\02_programming\java\shiftv1\target\test-classes;C:\Users\takow\Documents\02_programming\java\shiftv1\target\classes;C:\Users\takow\.m2\repository\org\springframework\boot\spring-boot-starter-web\3.2.5\spring-boot-starter-web-3.2.5.jar;C:\Users\takow\.m2\repository\org\springframework\boot\spring-boot-starter\3.2.5\spring-boot-starter-3.2.5.jar;C:\Users\takow\.m2\repository\org\springframework\boot\spring-boot\3.2.5\spring-boot-3.2.5.jar;C:\Users\takow\.m2\repository\org\springframework\boot\spring-boot-autoconfigure\3.2.5\spring-boot-autoconfigure-3.2.5.jar;C:\Users\takow\.m2\repository\org\springframework\boot\spring-boot-starter-logging\3.2.5\spring-boot-starter-logging-3.2.5.jar;C:\Users\takow\.m2\repository\ch\qos\logback\logback-classic\1.4.14\logback-classic-1.4.14.jar;C:\Users\takow\.m2\repository\ch\qos\logback\logback-core\1.4.14\logback-core-1.4.14.jar;C:\Users\takow\.m2\repository\org\apache\logging\log4j\log4j-to-slf4j\2.21.1\log4j-to-slf4j-2.21.1.jar;C:\Users\takow\.m2\repository\org\apache\logging\log4j\log4j-api\2.21.1\log4j-api-2.21.1.jar;C:\Users\takow\.m2\repository\org\slf4j\jul-to-slf4j\2.0.13\jul-to-slf4j-2.0.13.jar;C:\Users\takow\.m2\repository\jakarta\annotation\jakarta.annotation-api\2.1.1\jakarta.annotation-api-2.1.1.jar;C:\Users\takow\.m2\repository\org\yaml\snakeyaml\2.2\snakeyaml-2.2.jar;C:\Users\takow\.m2\repository\org\springframework\boot\spring-boot-starter-json\3.2.5\spring-boot-starter-json-3.2.5.jar;C:\Users\takow\.m2\repository\com\fasterxml\jackson\core\jackson-databind\2.15.4\jackson-databind-2.15.4.jar;C:\Users\takow\.m2\repository\com\fasterxml\jackson\core\jackson-annotations\2.15.4\jackson-annotations-2.15.4.jar;C:\Users\takow\.m2\repository\com\fasterxml\jackson\core\jackson-core\2.15.4\jackson-core-2.15.4.jar;C:\Users\takow\.m2\repository\com\fasterxml\jackson\datatype\jackson-datatype-jdk8\2.15.4\jackson-datatype-jdk8-2.15.4.jar;C:\Users\takow\.m2\repository\com\fasterxml\jackson\datatype\jackson-datatype-jsr310\2.15.4\jackson-datatype-jsr310-2.15.4.jar;C:\Users\takow\.m2\repository\com\fasterxml\jackson\module\jackson-module-parameter-names\2.15.4\jackson-module-parameter-names-2.15.4.jar;C:\Users\takow\.m2\repository\org\springframework\boot\spring-boot-starter-tomcat\3.2.5\spring-boot-starter-tomcat-3.2.5.jar;C:\Users\takow\.m2\repository\org\apache\tomcat\embed\tomcat-embed-core\10.1.20\tomcat-embed-core-10.1.20.jar;C:\Users\takow\.m2\repository\org\apache\tomcat\embed\tomcat-embed-websocket\10.1.20\tomcat-embed-websocket-10.1.20.jar;C:\Users\takow\.m2\repository\org\springframework\spring-web\6.1.6\spring-web-6.1.6.jar;C:\Users\takow\.m2\repository\org\springframework\spring-beans\6.1.6\spring-beans-6.1.6.jar;C:\Users\takow\.m2\repository\org\springframework\spring-webmvc\6.1.6\spring-webmvc-6.1.6.jar;C:\Users\takow\.m2\repository\org\springframework\spring-context\6.1.6\spring-context-6.1.6.jar;C:\Users\takow\.m2\repository\org\springframework\spring-expression\6.1.6\spring-expression-6.1.6.jar;C:\Users\takow\.m2\repository\org\springframework\boot\spring-boot-starter-data-jpa\3.2.5\spring-boot-starter-data-jpa-3.2.5.jar;C:\Users\takow\.m2\repository\org\springframework\boot\spring-boot-starter-aop\3.2.5\spring-boot-starter-aop-3.2.5.jar;C:\Users\takow\.m2\repository\org\aspectj\aspectjweaver\1.9.22\aspectjweaver-1.9.22.jar;C:\Users\takow\.m2\repository\org\springframework\boot\spring-boot-starter-jdbc\3.2.5\spring-boot-starter-jdbc-3.2.5.jar;C:\Users\takow\.m2\repository\com\zaxxer\HikariCP\5.0.1\HikariCP-5.0.1.jar;C:\Users\takow\.m2\repository\org\springframework\spring-jdbc\6.1.6\spring-jdbc-6.1.6.jar;C:\Users\takow\.m2\repository\org\hibernate\orm\hibernate-core\6.4.4.Final\hibernate-core-6.4.4.Final.jar;C:\Users\takow\.m2\repository\jakarta\persistence\jakarta.persistence-api\3.1.0\jakarta.persistence-api-3.1.0.jar;C:\Users\takow\.m2\repository\jakarta\transaction\jakarta.transaction-api\2.0.1\jakarta.transaction-api-2.0.1.jar;C:\Users\takow\.m2\repository\org\hibernate\common\hibernate-commons-annotations\6.0.6.Final\hibernate-commons-annotations-6.0.6.Final.jar;C:\Users\takow\.m2\repository\io\smallrye\jandex\3.1.2\jandex-3.1.2.jar;C:\Users\takow\.m2\repository\com\fasterxml\classmate\1.6.0\classmate-1.6.0.jar;C:\Users\takow\.m2\repository\net\bytebuddy\byte-buddy\1.14.13\byte-buddy-1.14.13.jar;C:\Users\takow\.m2\repository\org\glassfish\jaxb\jaxb-runtime\4.0.5\jaxb-runtime-4.0.5.jar;C:\Users\takow\.m2\repository\org\glassfish\jaxb\jaxb-core\4.0.5\jaxb-core-4.0.5.jar;C:\Users\takow\.m2\repository\org\eclipse\angus\angus-activation\2.0.2\angus-activation-2.0.2.jar;C:\Users\takow\.m2\repository\org\glassfish\jaxb\txw2\4.0.5\txw2-4.0.5.jar;C:\Users\takow\.m2\repository\com\sun\istack\istack-commons-runtime\4.1.2\istack-commons-runtime-4.1.2.jar;C:\Users\takow\.m2\repository\jakarta\inject\jakarta.inject-api\2.0.1\jakarta.inject-api-2.0.1.jar;C:\Users\takow\.m2\repository\org\antlr\antlr4-runtime\4.13.0\antlr4-runtime-4.13.0.jar;C:\Users\takow\.m2\repository\org\springframework\data\spring-data-jpa\3.2.5\spring-data-jpa-3.2.5.jar;C:\Users\takow\.m2\repository\org\springframework\data\spring-data-commons\3.2.5\spring-data-commons-3.2.5.jar;C:\Users\takow\.m2\repository\org\springframework\spring-orm\6.1.6\spring-orm-6.1.6.jar;C:\Users\takow\.m2\repository\org\springframework\spring-tx\6.1.6\spring-tx-6.1.6.jar;C:\Users\takow\.m2\repository\org\springframework\spring-aspects\6.1.6\spring-aspects-6.1.6.jar;C:\Users\takow\.m2\repository\org\xerial\sqlite-jdbc\3.46.0.0\sqlite-jdbc-3.46.0.0.jar;C:\Users\takow\.m2\repository\org\slf4j\slf4j-api\2.0.13\slf4j-api-2.0.13.jar;C:\Users\takow\.m2\repository\org\hibernate\orm\hibernate-community-dialects\6.4.4.Final\hibernate-community-dialects-6.4.4.Final.jar;C:\Users\takow\.m2\repository\org\jboss\logging\jboss-logging\3.5.3.Final\jboss-logging-3.5.3.Final.jar;C:\Users\takow\.m2\repository\org\projectlombok\lombok\1.18.32\lombok-1.18.32.jar;C:\Users\takow\.m2\repository\org\springframework\boot\spring-boot-starter-thymeleaf\3.2.5\spring-boot-starter-thymeleaf-3.2.5.jar;C:\Users\takow\.m2\repository\org\thymeleaf\thymeleaf-spring6\3.1.2.RELEASE\thymeleaf-spring6-3.1.2.RELEASE.jar;C:\Users\takow\.m2\repository\org\thymeleaf\thymeleaf\3.1.2.RELEASE\thymeleaf-3.1.2.RELEASE.jar;C:\Users\takow\.m2\repository\org\attoparser\attoparser\2.0.7.RELEASE\attoparser-2.0.7.RELEASE.jar;C:\Users\takow\.m2\repository\org\unbescape\unbescape\1.1.6.RELEASE\unbescape-1.1.6.RELEASE.jar;C:\Users\takow\.m2\repository\org\springframework\boot\spring-boot-starter-validation\3.2.5\spring-boot-starter-validation-3.2.5.jar;C:\Users\takow\.m2\repository\org\apache\tomcat\embed\tomcat-embed-el\10.1.20\tomcat-embed-el-10.1.20.jar;C:\Users\takow\.m2\repository\org\hibernate\validator\hibernate-validator\8.0.1.Final\hibernate-validator-8.0.1.Final.jar;C:\Users\takow\.m2\repository\jakarta\validation\jakarta.validation-api\3.0.2\jakarta.validation-api-3.0.2.jar;C:\Users\takow\.m2\repository\org\springframework\boot\spring-boot-starter-security\3.2.5\spring-boot-starter-security-3.2.5.jar;C:\Users\takow\.m2\repository\org\springframework\spring-aop\6.1.6\spring-aop-6.1.6.jar;C:\Users\takow\.m2\repository\org\springframework\security\spring-security-config\6.2.4\spring-security-config-6.2.4.jar;C:\Users\takow\.m2\repository\org\springframework\security\spring-security-core\6.2.4\spring-security-core-6.2.4.jar;C:\Users\takow\.m2\repository\org\springframework\security\spring-security-crypto\6.2.4\spring-security-crypto-6.2.4.jar;C:\Users\takow\.m2\repository\org\springframework\security\spring-security-web\6.2.4\spring-security-web-6.2.4.jar;C:\Users\takow\.m2\repository\org\springframework\boot\spring-boot-starter-actuator\3.2.5\spring-boot-starter-actuator-3.2.5.jar;C:\Users\takow\.m2\repository\org\springframework\boot\spring-boot-actuator-autoconfigure\3.2.5\spring-boot-actuator-autoconfigure-3.2.5.jar;C:\Users\takow\.m2\repository\org\springframework\boot\spring-boot-actuator\3.2.5\spring-boot-actuator-3.2.5.jar;C:\Users\takow\.m2\repository\io\micrometer\micrometer-observation\1.12.5\micrometer-observation-1.12.5.jar;C:\Users\takow\.m2\repository\io\micrometer\micrometer-commons\1.12.5\micrometer-commons-1.12.5.jar;C:\Users\takow\.m2\repository\io\micrometer\micrometer-jakarta9\1.12.5\micrometer-jakarta9-1.12.5.jar;C:\Users\takow\.m2\repository\io\micrometer\micrometer-core\1.12.5\micrometer-core-1.12.5.jar;C:\Users\takow\.m2\repository\org\hdrhistogram\HdrHistogram\2.1.12\HdrHistogram-2.1.12.jar;C:\Users\takow\.m2\repository\org\latencyutils\LatencyUtils\2.0.3\LatencyUtils-2.0.3.jar;C:\Users\takow\.m2\repository\org\springframework\boot\spring-boot-starter-test\3.2.5\spring-boot-starter-test-3.2.5.jar;C:\Users\takow\.m2\repository\org\springframework\boot\spring-boot-test\3.2.5\spring-boot-test-3.2.5.jar;C:\Users\takow\.m2\repository\org\springframework\boot\spring-boot-test-autoconfigure\3.2.5\spring-boot-test-autoconfigure-3.2.5.jar;C:\Users\takow\.m2\repository\com\jayway\jsonpath\json-path\2.9.0\json-path-2.9.0.jar;C:\Users\takow\.m2\repository\jakarta\xml\bind\jakarta.xml.bind-api\4.0.2\jakarta.xml.bind-api-4.0.2.jar;C:\Users\takow\.m2\repository\jakarta\activation\jakarta.activation-api\2.1.3\jakarta.activation-api-2.1.3.jar;C:\Users\takow\.m2\repository\net\minidev\json-smart\2.5.1\json-smart-2.5.1.jar;C:\Users\takow\.m2\repository\net\minidev\accessors-smart\2.5.1\accessors-smart-2.5.1.jar;C:\Users\takow\.m2\repository\org\ow2\asm\asm\9.6\asm-9.6.jar;C:\Users\takow\.m2\repository\org\assertj\assertj-core\3.24.2\assertj-core-3.24.2.jar;C:\Users\takow\.m2\repository\org\awaitility\awaitility\4.2.1\awaitility-4.2.1.jar;C:\Users\takow\.m2\repository\org\hamcrest\hamcrest\2.2\hamcrest-2.2.jar;C:\Users\takow\.m2\repository\org\junit\jupiter\junit-jupiter\5.10.2\junit-jupiter-5.10.2.jar;C:\Users\takow\.m2\repository\org\junit\jupiter\junit-jupiter-api\5.10.2\junit-jupiter-api-5.10.2.jar;C:\Users\takow\.m2\repository\org\opentest4j\opentest4j\1.3.0\opentest4j-1.3.0.jar;C:\Users\takow\.m2\repository\org\junit\platform\junit-platform-commons\1.10.2\junit-platform-commons-1.10.2.jar;C:\Users\takow\.m2\repository\org\apiguardian\apiguardian-api\1.1.2\apiguardian-api-1.1.2.jar;C:\Users\takow\.m2\repository\org\junit\jupiter\junit-jupiter-params\5.10.2\junit-jupiter-params-5.10.2.jar;C:\Users\takow\.m2\repository\org\junit\jupiter\junit-jupiter-engine\5.10.2\junit-jupiter-engine-5.10.2.jar;C:\Users\takow\.m2\repository\org\junit\platform\junit-platform-engine\1.10.2\junit-platform-engine-1.10.2.jar;C:\Users\takow\.m2\repository\org\mockito\mockito-core\5.7.0\mockito-core-5.7.0.jar;C:\Users\takow\.m2\repository\net\bytebuddy\byte-buddy-agent\1.14.13\byte-buddy-agent-1.14.13.jar;C:\Users\takow\.m2\repository\org\objenesis\objenesis\3.3\objenesis-3.3.jar;C:\Users\takow\.m2\repository\org\mockito\mockito-junit-jupiter\5.7.0\mockito-junit-jupiter-5.7.0.jar;C:\Users\takow\.m2\repository\org\skyscreamer\jsonassert\1.5.1\jsonassert-1.5.1.jar;C:\Users\takow\.m2\repository\com\vaadin\external\google\android-json\0.0.20131108.vaadin1\android-json-0.0.20131108.vaadin1.jar;C:\Users\takow\.m2\repository\org\springframework\spring-core\6.1.6\spring-core-6.1.6.jar;C:\Users\takow\.m2\repository\org\springframework\spring-jcl\6.1.6\spring-jcl-6.1.6.jar;C:\Users\takow\.m2\repository\org\springframework\spring-test\6.1.6\spring-test-6.1.6.jar;C:\Users\takow\.m2\repository\org\xmlunit\xmlunit-core\2.9.1\xmlunit-core-2.9.1.jar;"/>
    <property name="java.vm.vendor" value="Oracle Corporation"/>
    <property name="sun.arch.data.model" value="64"/>
    <property name="user.variant" value=""/>
    <property name="java.vendor.url" value="https://java.oracle.com/"/>
    <property name="user.timezone" value="Asia/Tokyo"/>
    <property name="org.jboss.logging.provider" value="slf4j"/>
    <property name="os.name" value="Windows 11"/>
    <property name="java.vm.specification.version" value="23"/>
    <property name="sun.java.launcher" value="SUN_STANDARD"/>
    <property name="user.country" value="JP"/>
    <property name="sun.boot.library.path" value="C:\Program Files\Java\jdk-23\bin"/>
    <property name="sun.java.command" value="C:\Users\takow\AppData\Local\Temp\surefire14865311761000106535\surefirebooter-20251013214256681_3.jar C:\Users\takow\AppData\Local\Temp\surefire14865311761000106535 2025-10-13T21-42-56_571-jvmRun1 surefire-20251013214256681_1tmp surefire_0-20251013214256681_2tmp"/>
    <property name="jdk.debug" value="release"/>
    <property name="surefire.test.class.path" value="C:\Users\takow\Documents\02_programming\java\shiftv1\target\test-classes;C:\Users\takow\Documents\02_programming\java\shiftv1\target\classes;C:\Users\takow\.m2\repository\org\springframework\boot\spring-boot-starter-web\3.2.5\spring-boot-starter-web-3.2.5.jar;C:\Users\takow\.m2\repository\org\springframework\boot\spring-boot-starter\3.2.5\spring-boot-starter-3.2.5.jar;C:\Users\takow\.m2\repository\org\springframework\boot\spring-boot\3.2.5\spring-boot-3.2.5.jar;C:\Users\takow\.m2\repository\org\springframework\boot\spring-boot-autoconfigure\3.2.5\spring-boot-autoconfigure-3.2.5.jar;C:\Users\takow\.m2\repository\org\springframework\boot\spring-boot-starter-logging\3.2.5\spring-boot-starter-logging-3.2.5.jar;C:\Users\takow\.m2\repository\ch\qos\logback\logback-classic\1.4.14\logback-classic-1.4.14.jar;C:\Users\takow\.m2\repository\ch\qos\logback\logback-core\1.4.14\logback-core-1.4.14.jar;C:\Users\takow\.m2\repository\org\apache\logging\log4j\log4j-to-slf4j\2.21.1\log4j-to-slf4j-2.21.1.jar;C:\Users\takow\.m2\repository\org\apache\logging\log4j\log4j-api\2.21.1\log4j-api-2.21.1.jar;C:\Users\takow\.m2\repository\org\slf4j\jul-to-slf4j\2.0.13\jul-to-slf4j-2.0.13.jar;C:\Users\takow\.m2\repository\jakarta\annotation\jakarta.annotation-api\2.1.1\jakarta.annotation-api-2.1.1.jar;C:\Users\takow\.m2\repository\org\yaml\snakeyaml\2.2\snakeyaml-2.2.jar;C:\Users\takow\.m2\repository\org\springframework\boot\spring-boot-starter-json\3.2.5\spring-boot-starter-json-3.2.5.jar;C:\Users\takow\.m2\repository\com\fasterxml\jackson\core\jackson-databind\2.15.4\jackson-databind-2.15.4.jar;C:\Users\takow\.m2\repository\com\fasterxml\jackson\core\jackson-annotations\2.15.4\jackson-annotations-2.15.4.jar;C:\Users\takow\.m2\repository\com\fasterxml\jackson\core\jackson-core\2.15.4\jackson-core-2.15.4.jar;C:\Users\takow\.m2\repository\com\fasterxml\jackson\datatype\jackson-datatype-jdk8\2.15.4\jackson-datatype-jdk8-2.15.4.jar;C:\Users\takow\.m2\repository\com\fasterxml\jackson\datatype\jackson-datatype-jsr310\2.15.4\jackson-datatype-jsr310-2.15.4.jar;C:\Users\takow\.m2\repository\com\fasterxml\jackson\module\jackson-module-parameter-names\2.15.4\jackson-module-parameter-names-2.15.4.jar;C:\Users\takow\.m2\repository\org\springframework\boot\spring-boot-starter-tomcat\3.2.5\spring-boot-starter-tomcat-3.2.5.jar;C:\Users\takow\.m2\repository\org\apache\tomcat\embed\tomcat-embed-core\10.1.20\tomcat-embed-core-10.1.20.jar;C:\Users\takow\.m2\repository\org\apache\tomcat\embed\tomcat-embed-websocket\10.1.20\tomcat-embed-websocket-10.1.20.jar;C:\Users\takow\.m2\repository\org\springframework\spring-web\6.1.6\spring-web-6.1.6.jar;C:\Users\takow\.m2\repository\org\springframework\spring-beans\6.1.6\spring-beans-6.1.6.jar;C:\Users\takow\.m2\repository\org\springframework\spring-webmvc\6.1.6\spring-webmvc-6.1.6.jar;C:\Users\takow\.m2\repository\org\springframework\spring-context\6.1.6\spring-context-6.1.6.jar;C:\Users\takow\.m2\repository\org\springframework\spring-expression\6.1.6\spring-expression-6.1.6.jar;C:\Users\takow\.m2\repository\org\springframework\boot\spring-boot-starter-data-jpa\3.2.5\spring-boot-starter-data-jpa-3.2.5.jar;C:\Users\takow\.m2\repository\org\springframework\boot\spring-boot-starter-aop\3.2.5\spring-boot-starter-aop-3.2.5.jar;C:\Users\takow\.m2\repository\org\aspectj\aspectjweaver\1.9.22\aspectjweaver-1.9.22.jar;C:\Users\takow\.m2\repository\org\springframework\boot\spring-boot-starter-jdbc\3.2.5\spring-boot-starter-jdbc-3.2.5.jar;C:\Users\takow\.m2\repository\com\zaxxer\HikariCP\5.0.1\HikariCP-5.0.1.jar;C:\Users\takow\.m2\repository\org\springframework\spring-jdbc\6.1.6\spring-jdbc-6.1.6.jar;C:\Users\takow\.m2\repository\org\hibernate\orm\hibernate-core\6.4.4.Final\hibernate-core-6.4.4.Final.jar;C:\Users\takow\.m2\repository\jakarta\persistence\jakarta.persistence-api\3.1.0\jakarta.persistence-api-3.1.0.jar;C:\Users\takow\.m2\repository\jakarta\transaction\jakarta.transaction-api\2.0.1\jakarta.transaction-api-2.0.1.jar;C:\Users\takow\.m2\repository\org\hibernate\common\hibernate-commons-annotations\6.0.6.Final\hibernate-commons-annotations-6.0.6.Final.jar;C:\Users\takow\.m2\repository\io\smallrye\jandex\3.1.2\jandex-3.1.2.jar;C:\Users\takow\.m2\repository\com\fasterxml\classmate\1.6.0\classmate-1.6.0.jar;C:\Users\takow\.m2\repository\net\bytebuddy\byte-buddy\1.14.13\byte-buddy-1.14.13.jar;C:\Users\takow\.m2\repository\org\glassfish\jaxb\jaxb-runtime\4.0.5\jaxb-runtime-4.0.5.jar;C:\Users\takow\.m2\repository\org\glassfish\jaxb\jaxb-core\4.0.5\jaxb-core-4.0.5.jar;C:\Users\takow\.m2\repository\org\eclipse\angus\angus-activation\2.0.2\angus-activation-2.0.2.jar;C:\Users\takow\.m2\repository\org\glassfish\jaxb\txw2\4.0.5\txw2-4.0.5.jar;C:\Users\takow\.m2\repository\com\sun\istack\istack-commons-runtime\4.1.2\istack-commons-runtime-4.1.2.jar;C:\Users\takow\.m2\repository\jakarta\inject\jakarta.inject-api\2.0.1\jakarta.inject-api-2.0.1.jar;C:\Users\takow\.m2\repository\org\antlr\antlr4-runtime\4.13.0\antlr4-runtime-4.13.0.jar;C:\Users\takow\.m2\repository\org\springframework\data\spring-data-jpa\3.2.5\spring-data-jpa-3.2.5.jar;C:\Users\takow\.m2\repository\org\springframework\data\spring-data-commons\3.2.5\spring-data-commons-3.2.5.jar;C:\Users\takow\.m2\repository\org\springframework\spring-orm\6.1.6\spring-orm-6.1.6.jar;C:\Users\takow\.m2\repository\org\springframework\spring-tx\6.1.6\spring-tx-6.1.6.jar;C:\Users\takow\.m2\repository\org\springframework\spring-aspects\6.1.6\spring-aspects-6.1.6.jar;C:\Users\takow\.m2\repository\org\xerial\sqlite-jdbc\3.46.0.0\sqlite-jdbc-3.46.0.0.jar;C:\Users\takow\.m2\repository\org\slf4j\slf4j-api\2.0.13\slf4j-api-2.0.13.jar;C:\Users\takow\.m2\repository\org\hibernate\orm\hibernate-community-dialects\6.4.4.Final\hibernate-community-dialects-6.4.4.Final.jar;C:\Users\takow\.m2\repository\org\jboss\logging\jboss-logging\3.5.3.Final\jboss-logging-3.5.3.Final.jar;C:\Users\takow\.m2\repository\org\projectlombok\lombok\1.18.32\lombok-1.18.32.jar;C:\Users\takow\.m2\repository\org\springframework\boot\spring-boot-starter-thymeleaf\3.2.5\spring-boot-starter-thymeleaf-3.2.5.jar;C:\Users\takow\.m2\repository\org\thymeleaf\thymeleaf-spring6\3.1.2.RELEASE\thymeleaf-spring6-3.1.2.RELEASE.jar;C:\Users\takow\.m2\repository\org\thymeleaf\thymeleaf\3.1.2.RELEASE\thymeleaf-3.1.2.RELEASE.jar;C:\Users\takow\.m2\repository\org\attoparser\attoparser\2.0.7.RELEASE\attoparser-2.0.7.RELEASE.jar;C:\Users\takow\.m2\repository\org\unbescape\unbescape\1.1.6.RELEASE\unbescape-1.1.6.RELEASE.jar;C:\Users\takow\.m2\repository\org\springframework\boot\spring-boot-starter-validation\3.2.5\spring-boot-starter-validation-3.2.5.jar;C:\Users\takow\.m2\repository\org\apache\tomcat\embed\tomcat-embed-el\10.1.20\tomcat-embed-el-10.1.20.jar;C:\Users\takow\.m2\repository\org\hibernate\validator\hibernate-validator\8.0.1.Final\hibernate-validator-8.0.1.Final.jar;C:\Users\takow\.m2\repository\jakarta\validation\jakarta.validation-api\3.0.2\jakarta.validation-api-3.0.2.jar;C:\Users\takow\.m2\repository\org\springframework\boot\spring-boot-starter-security\3.2.5\spring-boot-starter-security-3.2.5.jar;C:\Users\takow\.m2\repository\org\springframework\spring-aop\6.1.6\spring-aop-6.1.6.jar;C:\Users\takow\.m2\repository\org\springframework\security\spring-security-config\6.2.4\spring-security-config-6.2.4.jar;C:\Users\takow\.m2\repository\org\springframework\security\spring-security-core\6.2.4\spring-security-core-6.2.4.jar;C:\Users\takow\.m2\repository\org\springframework\security\spring-security-crypto\6.2.4\spring-security-crypto-6.2.4.jar;C:\Users\takow\.m2\repository\org\springframework\security\spring-security-web\6.2.4\spring-security-web-6.2.4.jar;C:\Users\takow\.m2\repository\org\springframework\boot\spring-boot-starter-actuator\3.2.5\spring-boot-starter-actuator-3.2.5.jar;C:\Users\takow\.m2\repository\org\springframework\boot\spring-boot-actuator-autoconfigure\3.2.5\spring-boot-actuator-autoconfigure-3.2.5.jar;C:\Users\takow\.m2\repository\org\springframework\boot\spring-boot-actuator\3.2.5\spring-boot-actuator-3.2.5.jar;C:\Users\takow\.m2\repository\io\micrometer\micrometer-observation\1.12.5\micrometer-observation-1.12.5.jar;C:\Users\takow\.m2\repository\io\micrometer\micrometer-commons\1.12.5\micrometer-commons-1.12.5.jar;C:\Users\takow\.m2\repository\io\micrometer\micrometer-jakarta9\1.12.5\micrometer-jakarta9-1.12.5.jar;C:\Users\takow\.m2\repository\io\micrometer\micrometer-core\1.12.5\micrometer-core-1.12.5.jar;C:\Users\takow\.m2\repository\org\hdrhistogram\HdrHistogram\2.1.12\HdrHistogram-2.1.12.jar;C:\Users\takow\.m2\repository\org\latencyutils\LatencyUtils\2.0.3\LatencyUtils-2.0.3.jar;C:\Users\takow\.m2\repository\org\springframework\boot\spring-boot-starter-test\3.2.5\spring-boot-starter-test-3.2.5.jar;C:\Users\takow\.m2\repository\org\springframework\boot\spring-boot-test\3.2.5\spring-boot-test-3.2.5.jar;C:\Users\takow\.m2\repository\org\springframework\boot\spring-boot-test-autoconfigure\3.2.5\spring-boot-test-autoconfigure-3.2.5.jar;C:\Users\takow\.m2\repository\com\jayway\jsonpath\json-path\2.9.0\json-path-2.9.0.jar;C:\Users\takow\.m2\repository\jakarta\xml\bind\jakarta.xml.bind-api\4.0.2\jakarta.xml.bind-api-4.0.2.jar;C:\Users\takow\.m2\repository\jakarta\activation\jakarta.activation-api\2.1.3\jakarta.activation-api-2.1.3.jar;C:\Users\takow\.m2\repository\net\minidev\json-smart\2.5.1\json-smart-2.5.1.jar;C:\Users\takow\.m2\repository\net\minidev\accessors-smart\2.5.1\accessors-smart-2.5.1.jar;C:\Users\takow\.m2\repository\org\ow2\asm\asm\9.6\asm-9.6.jar;C:\Users\takow\.m2\repository\org\assertj\assertj-core\3.24.2\assertj-core-3.24.2.jar;C:\Users\takow\.m2\repository\org\awaitility\awaitility\4.2.1\awaitility-4.2.1.jar;C:\Users\takow\.m2\repository\org\hamcrest\hamcrest\2.2\hamcrest-2.2.jar;C:\Users\takow\.m2\repository\org\junit\jupiter\junit-jupiter\5.10.2\junit-jupiter-5.10.2.jar;C:\Users\takow\.m2\repository\org\junit\jupiter\junit-jupiter-api\5.10.2\junit-jupiter-api-5.10.2.jar;C:\Users\takow\.m2\repository\org\opentest4j\opentest4j\1.3.0\opentest4j-1.3.0.jar;C:\Users\takow\.m2\repository\org\junit\platform\junit-platform-commons\1.10.2\junit-platform-commons-1.10.2.jar;C:\Users\takow\.m2\repository\org\apiguardian\apiguardian-api\1.1.2\apiguardian-api-1.1.2.jar;C:\Users\takow\.m2\repository\org\junit\jupiter\junit-jupiter-params\5.10.2\junit-jupiter-params-5.10.2.jar;C:\Users\takow\.m2\repository\org\junit\jupiter\junit-jupiter-engine\5.10.2\junit-jupiter-engine-5.10.2.jar;C:\Users\takow\.m2\repository\org\junit\platform\junit-platform-engine\1.10.2\junit-platform-engine-1.10.2.jar;C:\Users\takow\.m2\repository\org\mockito\mockito-core\5.7.0\mockito-core-5.7.0.jar;C:\Users\takow\.m2\repository\net\bytebuddy\byte-buddy-agent\1.14.13\byte-buddy-agent-1.14.13.jar;C:\Users\takow\.m2\repository\org\objenesis\objenesis\3.3\objenesis-3.3.jar;C:\Users\takow\.m2\repository\org\mockito\mockito-junit-jupiter\5.7.0\mockito-junit-jupiter-5.7.0.jar;C:\Users\takow\.m2\repository\org\skyscreamer\jsonassert\1.5.1\jsonassert-1.5.1.jar;C:\Users\takow\.m2\repository\com\vaadin\external\google\android-json\0.0.20131108.vaadin1\android-json-0.0.20131108.vaadin1.jar;C:\Users\takow\.m2\repository\org\springframework\spring-core\6.1.6\spring-core-6.1.6.jar;C:\Users\takow\.m2\repository\org\springframework\spring-jcl\6.1.6\spring-jcl-6.1.6.jar;C:\Users\takow\.m2\repository\org\springframework\spring-test\6.1.6\spring-test-6.1.6.jar;C:\Users\takow\.m2\repository\org\xmlunit\xmlunit-core\2.9.1\xmlunit-core-2.9.1.jar;"/>
    <property name="sun.cpu.endian" value="little"/>
    <property name="user.home" value="C:\Users\takow"/>
    <property name="user.language" value="ja"/>
    <property name="java.specification.vendor" value="Oracle Corporation"/>
    <property name="java.version.date" value="2025-01-21"/>
    <property name="java.home" value="C:\Program Files\Java\jdk-23"/>
    <property name="file.separator" value="\"/>
    <property name="basedir" value="C:\Users\takow\Documents\02_programming\java\shiftv1"/>
    <property name="java.vm.compressedOopsMode" value="32-bit"/>
    <property name="line.separator" value="&#10;"/>
    <property name="java.vm.specification.vendor" value="Oracle Corporation"/>
    <property name="java.specification.name" value="Java Platform API Specification"/>
    <property name="FILE_LOG_CHARSET" value="UTF-8"/>
    <property name="java.awt.headless" value="true"/>
    <property name="surefire.real.class.path" value="C:\Users\takow\AppData\Local\Temp\surefire14865311761000106535\surefirebooter-20251013214256681_3.jar"/>
    <property name="user.script" value=""/>
    <property name="sun.management.compiler" value="HotSpot 64-Bit Tiered Compilers"/>
    <property name="java.runtime.version" value="23.0.2+7-58"/>
    <property name="user.name" value="takow"/>
    <property name="stdout.encoding" value="MS932"/>
    <property name="path.separator" value=";"/>
    <property name="os.version" value="10.0"/>
    <property name="java.runtime.name" value="Java(TM) SE Runtime Environment"/>
    <property name="file.encoding" value="UTF-8"/>
    <property name="java.vm.name" value="Java HotSpot(TM) 64-Bit Server VM"/>
    <property name="skipTests" value="false"/>
    <property name="localRepository" value="C:\Users\takow\.m2\repository"/>
    <property name="java.vendor.url.bug" value="https://bugreport.java.com/bugreport/"/>
    <property name="java.io.tmpdir" value="C:\Users\takow\AppData\Local\Temp\"/>
    <property name="com.zaxxer.hikari.pool_number" value="1"/>
    <property name="java.version" value="23.0.2"/>
    <property name="user.dir" value="C:\Users\takow\Documents\02_programming\java\shiftv1"/>
    <property name="os.arch" value="amd64"/>
    <property name="java.vm.specification.name" value="Java Virtual Machine Specification"/>
    <property name="PID" value="2284"/>
    <property name="failIfNoTests" value="false"/>
    <property name="sun.os.patch.level" value=""/>
    <property name="CONSOLE_LOG_CHARSET" value="UTF-8"/>
    <property name="native.encoding" value="MS932"/>
    <property name="java.library.path" value="C:\Program Files\Java\jdk-23\bin;C:\WINDOWS\Sun\Java\bin;C:\WINDOWS\system32;C:\WINDOWS;C:\Program Files\PowerShell\7;C:\Users\takow\AppData\Local\Temp\.tmpRYauxg;C:\Program Files\Java\jdk-23\bin;C:\Program Files\Java\jdk-23\bin;C:\Program Files\Java\jdk-23\bin;C:\WINDOWS\System32&quot;;C:\Program Files\Git\cmd;C:\Program Files\PowerShell\7\;C:\Program Files\cursor\resources\app\bin&quot;;C:\Program Files\Git\cmd;C:\Program Files\PowerShell\7\;C:\Program Files\cursor\resources\app\bin&quot;;C:\Program Files\Git\cmd;C:\Program Files\PowerShell\7\;C:\Program Files\cursor\resources\app\bin;C:\Users\takow\Documents\SQLite;C:\Users\takow\AppData\Local\Programs\Python\Python312\;C:\Users\takow\AppData\Local\Programs\Python\Launcher\;C:\Users\takow\AppData\Local\Microsoft\WindowsApps;C:\Users\takow\AppData\Local\Programs\Microsoft VS Code\bin;C:\Users\takow\Documents\02_programming\java\099_環境\apache-maven-3.9.9\bin;C:\Users\takow\AppData\Local\JetBrains\Toolbox\scripts;C:\Windows\System32;;c:\Users\takow\.vscode\extensions\openai.chatgpt-0.4.19-win32-x64\bin\windows-x86_64;."/>
    <property name="java.vm.info" value="mixed mode, sharing"/>
    <property name="stderr.encoding" value="MS932"/>
    <property name="java.vendor" value="Oracle Corporation"/>
    <property name="java.vm.version" value="23.0.2+7-58"/>
    <property name="sun.io.unicode.encoding" value="UnicodeLittle"/>
    <property name="java.class.version" value="67.0"/>
    <property name="LOGGED_APPLICATION_NAME" value="[Shift Scheduler Demo] "/>
  </properties>
  <testcase name="generateMonthlySchedule_respectsEmployeeConstraints" classname="com.example.shiftv1.schedule.ScheduleServiceTest" time="1.358">
    <system-out><![CDATA[21:42:57.704 [main] INFO org.springframework.test.context.support.AnnotationConfigContextLoaderUtils -- Could not detect default configuration classes for test class [com.example.shiftv1.schedule.ScheduleServiceTest]: ScheduleServiceTest does not declare any static, non-private, non-final, nested classes annotated with @Configuration.
21:42:57.856 [main] INFO org.springframework.boot.test.context.SpringBootTestContextBootstrapper -- Found @SpringBootConfiguration com.example.shiftv1.Shiftv1Application for test class com.example.shiftv1.schedule.ScheduleServiceTest

  .   ____          _            __ _ _
 /\\ / ___'_ __ _ _(_)_ __  __ _ \ \ \ \
( ( )\___ | '_ | '_| | '_ \/ _` | \ \ \ \
 \\/  ___)| |_)| | | | | || (_| |  ) ) ) )
  '  |____| .__|_| |_|_| |_\__, | / / / /
 =========|_|==============|___/=/_/_/_/
 :: Spring Boot ::                (v3.2.5)

2025-10-13T21:42:58.290+09:00  INFO 2284 --- [Shift Scheduler Demo] [           main] c.e.s.schedule.ScheduleServiceTest       : Starting ScheduleServiceTest using Java 23.0.2 with PID 2284 (started by takow in C:\Users\takow\Documents\02_programming\java\shiftv1)
2025-10-13T21:42:58.290+09:00  INFO 2284 --- [Shift Scheduler Demo] [           main] c.e.s.schedule.ScheduleServiceTest       : No active profile set, falling back to 1 default profile: "default"
2025-10-13T21:42:59.479+09:00  INFO 2284 --- [Shift Scheduler Demo] [           main] .s.d.r.c.RepositoryConfigurationDelegate : Bootstrapping Spring Data JPA repositories in DEFAULT mode.
2025-10-13T21:42:59.552+09:00  INFO 2284 --- [Shift Scheduler Demo] [           main] .s.d.r.c.RepositoryConfigurationDelegate : Finished Spring Data repository scanning in 65 ms. Found 7 JPA repository interfaces.
2025-10-13T21:43:00.451+09:00  INFO 2284 --- [Shift Scheduler Demo] [           main] o.hibernate.jpa.internal.util.LogHelper  : HHH000204: Processing PersistenceUnitInfo [name: default]
2025-10-13T21:43:00.522+09:00  INFO 2284 --- [Shift Scheduler Demo] [           main] org.hibernate.Version                    : HHH000412: Hibernate ORM core version 6.4.4.Final
2025-10-13T21:43:00.559+09:00  INFO 2284 --- [Shift Scheduler Demo] [           main] o.h.c.internal.RegionFactoryInitiator    : HHH000026: Second-level cache disabled
2025-10-13T21:43:00.850+09:00  INFO 2284 --- [Shift Scheduler Demo] [           main] o.s.o.j.p.SpringPersistenceUnitInfo      : No LoadTimeWeaver setup: ignoring JPA class transformer
2025-10-13T21:43:00.887+09:00  INFO 2284 --- [Shift Scheduler Demo] [           main] com.zaxxer.hikari.HikariDataSource       : HikariPool-1 - Starting...
2025-10-13T21:43:01.045+09:00  INFO 2284 --- [Shift Scheduler Demo] [           main] com.zaxxer.hikari.pool.HikariPool        : HikariPool-1 - Added connection org.sqlite.jdbc4.JDBC4Connection@4f676900
2025-10-13T21:43:01.047+09:00  INFO 2284 --- [Shift Scheduler Demo] [           main] com.zaxxer.hikari.HikariDataSource       : HikariPool-1 - Start completed.
2025-10-13T21:43:02.219+09:00  INFO 2284 --- [Shift Scheduler Demo] [           main] o.h.e.t.j.p.i.JtaPlatformInitiator       : HHH000489: No JTA platform available (set 'hibernate.transaction.jta.platform' to enable JTA platform integration)
2025-10-13T21:43:02.269+09:00  INFO 2284 --- [Shift Scheduler Demo] [           main] j.LocalContainerEntityManagerFactoryBean : Initialized JPA EntityManagerFactory for persistence unit 'default'
2025-10-13T21:43:02.924+09:00  INFO 2284 --- [Shift Scheduler Demo] [           main] o.s.d.j.r.query.QueryEnhancerFactory     : Hibernate is in classpath; If applicable, HQL parser will be used.
2025-10-13T21:43:03.939+09:00  WARN 2284 --- [Shift Scheduler Demo] [           main] JpaBaseConfiguration$JpaWebConfiguration : spring.jpa.open-in-view is enabled by default. Therefore, database queries may be performed during view rendering. Explicitly configure spring.jpa.open-in-view to disable this warning
2025-10-13T21:43:04.638+09:00  INFO 2284 --- [Shift Scheduler Demo] [           main] o.s.b.a.e.web.EndpointLinksResolver      : Exposing 1 endpoint(s) beneath base path '/actuator'
2025-10-13T21:43:04.757+09:00  INFO 2284 --- [Shift Scheduler Demo] [           main] o.s.s.web.DefaultSecurityFilterChain     : Will secure any request with [org.springframework.security.web.session.DisableEncodeUrlFilter@3b69bffe, org.springframework.security.web.context.request.async.WebAsyncManagerIntegrationFilter@7dc88f5c, org.springframework.security.web.context.SecurityContextHolderFilter@2460c928, org.springframework.security.web.header.HeaderWriterFilter@44988600, org.springframework.web.filter.CorsFilter@2cc1fdb1, org.springframework.security.web.authentication.logout.LogoutFilter@73edfe51, org.springframework.security.web.authentication.UsernamePasswordAuthenticationFilter@2c8eb04e, org.springframework.security.web.savedrequest.RequestCacheAwareFilter@60600939, org.springframework.security.web.servletapi.SecurityContextHolderAwareRequestFilter@258be1c6, org.springframework.security.web.authentication.AnonymousAuthenticationFilter@67c8ca0f, org.springframework.security.web.session.SessionManagementFilter@f895fd7, org.springframework.security.web.access.ExceptionTranslationFilter@7584b20d, org.springframework.security.web.access.intercept.AuthorizationFilter@52f7a138]
2025-10-13T21:43:05.425+09:00  INFO 2284 --- [Shift Scheduler Demo] [           main] c.e.s.schedule.ScheduleServiceTest       : Started ScheduleServiceTest in 7.414 seconds (process running for 8.609)
2025-10-13T21:43:05.640+09:00 DEBUG 2284 --- [Shift Scheduler Demo] [           main] org.hibernate.SQL                        : select u1_0.id from users u1_0 where u1_0.username=? limit ?
Hibernate: select u1_0.id from users u1_0 where u1_0.username=? limit ?
2025-10-13T21:43:05.658+09:00 DEBUG 2284 --- [Shift Scheduler Demo] [           main] org.hibernate.SQL                        : select u1_0.id from users u1_0 where u1_0.username=? limit ?
Hibernate: select u1_0.id from users u1_0 where u1_0.username=? limit ?
2025-10-13T21:43:05.660+09:00  INFO 2284 --- [Shift Scheduler Demo] [           main] c.e.shiftv1.auth.UserDataInitializer     : ユーザーデータの初期化が完了しました
2025-10-13T21:43:05.682+09:00 DEBUG 2284 --- [Shift Scheduler Demo] [           main] org.hibernate.SQL                        : select count(*) from employee_constraints ec1_0
Hibernate: select count(*) from employee_constraints ec1_0
2025-10-13T21:43:05.684+09:00  INFO 2284 --- [Shift Scheduler Demo] [           main] c.e.s.c.ConstraintDataInitializer        : 制約データは既に存在します
2025-10-13T21:43:05.686+09:00 DEBUG 2284 --- [Shift Scheduler Demo] [           main] org.hibernate.SQL                        : select count(*) from shift_change_requests scr1_0
Hibernate: select count(*) from shift_change_requests scr1_0
2025-10-13T21:43:05.688+09:00  INFO 2284 --- [Shift Scheduler Demo] [           main] c.e.s.s.ShiftChangeDataInitializer       : シフト変更申請データは既に存在します
2025-10-13T21:43:05.689+09:00 DEBUG 2284 --- [Shift Scheduler Demo] [           main] org.hibernate.SQL                        : select sc1_0.id from shift_config sc1_0 where sc1_0.name=? limit ?
Hibernate: select sc1_0.id from shift_config sc1_0 where sc1_0.name=? limit ?
2025-10-13T21:43:05.691+09:00 DEBUG 2284 --- [Shift Scheduler Demo] [           main] org.hibernate.SQL                        : select sc1_0.id from shift_config sc1_0 where sc1_0.name=? limit ?
Hibernate: select sc1_0.id from shift_config sc1_0 where sc1_0.name=? limit ?
2025-10-13T21:43:05.692+09:00 DEBUG 2284 --- [Shift Scheduler Demo] [           main] org.hibernate.SQL                        : select sc1_0.id from shift_config sc1_0 where sc1_0.name=? limit ?
Hibernate: select sc1_0.id from shift_config sc1_0 where sc1_0.name=? limit ?
2025-10-13T21:43:05.693+09:00  INFO 2284 --- [Shift Scheduler Demo] [           main] c.e.s.config.ShiftConfigDataInitializer  : シフト設定データの初期化が完了しました
2025-10-13T21:43:06.225+09:00 DEBUG 2284 --- [Shift Scheduler Demo] [           main] org.hibernate.SQL                        : select sa1_0.id,sa1_0.employee_id,sa1_0.end_time,sa1_0.shift_name,sa1_0.start_time,sa1_0.work_date from shift_assignments sa1_0
Hibernate: select sa1_0.id,sa1_0.employee_id,sa1_0.end_time,sa1_0.shift_name,sa1_0.start_time,sa1_0.work_date from shift_assignments sa1_0
2025-10-13T21:43:06.406+09:00 DEBUG 2284 --- [Shift Scheduler Demo] [           main] org.hibernate.SQL                        : select ec1_0.id,ec1_0.is_active,ec1_0.created_at,ec1_0.date,ec1_0.employee_id,ec1_0.end_time,ec1_0.reason,ec1_0.start_time,ec1_0.type,ec1_0.updated_at from employee_constraints ec1_0
Hibernate: select ec1_0.id,ec1_0.is_active,ec1_0.created_at,ec1_0.date,ec1_0.employee_id,ec1_0.end_time,ec1_0.reason,ec1_0.start_time,ec1_0.type,ec1_0.updated_at from employee_constraints ec1_0
2025-10-13T21:43:06.421+09:00 DEBUG 2284 --- [Shift Scheduler Demo] [           main] org.hibernate.SQL                        : select e1_0.id,e1_0.created_at,e1_0.name,e1_0.role from employees e1_0
Hibernate: select e1_0.id,e1_0.created_at,e1_0.name,e1_0.role from employees e1_0
2025-10-13T21:43:06.498+09:00 DEBUG 2284 --- [Shift Scheduler Demo] [           main] org.hibernate.SQL                        : insert into employee_constraints (is_active,created_at,date,employee_id,end_time,reason,start_time,type,updated_at) values (?,?,?,?,?,?,?,?,?)
Hibernate: insert into employee_constraints (is_active,created_at,date,employee_id,end_time,reason,start_time,type,updated_at) values (?,?,?,?,?,?,?,?,?)
2025-10-13T21:43:06.498+09:00 DEBUG 2284 --- [Shift Scheduler Demo] [           main] org.hibernate.SQL                        : select last_insert_rowid()
Hibernate: select last_insert_rowid()
2025-10-13T21:43:06.498+09:00 DEBUG 2284 --- [Shift Scheduler Demo] [           main] org.hibernate.SQL                        : insert into employee_constraints (is_active,created_at,date,employee_id,end_time,reason,start_time,type,updated_at) values (?,?,?,?,?,?,?,?,?)
Hibernate: insert into employee_constraints (is_active,created_at,date,employee_id,end_time,reason,start_time,type,updated_at) values (?,?,?,?,?,?,?,?,?)
2025-10-13T21:43:06.498+09:00 DEBUG 2284 --- [Shift Scheduler Demo] [           main] org.hibernate.SQL                        : select last_insert_rowid()
Hibernate: select last_insert_rowid()
2025-10-13T21:43:06.513+09:00  INFO 2284 --- [Shift Scheduler Demo] [           main] c.e.shiftv1.schedule.ScheduleService     : シフト生成を開始します: 2024年7月
2025-10-13T21:43:06.517+09:00 DEBUG 2284 --- [Shift Scheduler Demo] [           main] org.hibernate.SQL                        : select e1_0.id,e1_0.created_at,e1_0.name,e1_0.role from employees e1_0
Hibernate: select e1_0.id,e1_0.created_at,e1_0.name,e1_0.role from employees e1_0
2025-10-13T21:43:06.530+09:00 DEBUG 2284 --- [Shift Scheduler Demo] [           main] org.hibernate.SQL                        : delete from shift_assignments where id=?
Hibernate: delete from shift_assignments where id=?
2025-10-13T21:43:06.530+09:00 DEBUG 2284 --- [Shift Scheduler Demo] [           main] org.hibernate.SQL                        : delete from shift_assignments where id=?
Hibernate: delete from shift_assignments where id=?
2025-10-13T21:43:06.534+09:00 DEBUG 2284 --- [Shift Scheduler Demo] [           main] org.hibernate.SQL                        : delete from shift_assignments where id=?
Hibernate: delete from shift_assignments where id=?
2025-10-13T21:43:06.534+09:00 DEBUG 2284 --- [Shift Scheduler Demo] [           main] org.hibernate.SQL                        : delete from shift_assignments where id=?
Hibernate: delete from shift_assignments where id=?
2025-10-13T21:43:06.534+09:00 DEBUG 2284 --- [Shift Scheduler Demo] [           main] org.hibernate.SQL                        : delete from shift_assignments where id=?
Hibernate: delete from shift_assignments where id=?
2025-10-13T21:43:06.534+09:00 DEBUG 2284 --- [Shift Scheduler Demo] [           main] org.hibernate.SQL                        : delete from shift_assignments where id=?
Hibernate: delete from shift_assignments where id=?
2025-10-13T21:43:06.535+09:00 DEBUG 2284 --- [Shift Scheduler Demo] [           main] org.hibernate.SQL                        : delete from shift_assignments where id=?
Hibernate: delete from shift_assignments where id=?
2025-10-13T21:43:06.535+09:00 DEBUG 2284 --- [Shift Scheduler Demo] [           main] org.hibernate.SQL                        : delete from shift_assignments where id=?
Hibernate: delete from shift_assignments where id=?
2025-10-13T21:43:06.535+09:00 DEBUG 2284 --- [Shift Scheduler Demo] [           main] org.hibernate.SQL                        : delete from shift_assignments where id=?
Hibernate: delete from shift_assignments where id=?
2025-10-13T21:43:06.535+09:00 DEBUG 2284 --- [Shift Scheduler Demo] [           main] org.hibernate.SQL                        : delete from shift_assignments where id=?
Hibernate: delete from shift_assignments where id=?
2025-10-13T21:43:06.536+09:00 DEBUG 2284 --- [Shift Scheduler Demo] [           main] org.hibernate.SQL                        : delete from shift_assignments where id=?
Hibernate: delete from shift_assignments where id=?
2025-10-13T21:43:06.536+09:00 DEBUG 2284 --- [Shift Scheduler Demo] [           main] org.hibernate.SQL                        : delete from shift_assignments where id=?
Hibernate: delete from shift_assignments where id=?
2025-10-13T21:43:06.536+09:00 DEBUG 2284 --- [Shift Scheduler Demo] [           main] org.hibernate.SQL                        : delete from shift_assignments where id=?
Hibernate: delete from shift_assignments where id=?
2025-10-13T21:43:06.536+09:00 DEBUG 2284 --- [Shift Scheduler Demo] [           main] org.hibernate.SQL                        : delete from shift_assignments where id=?
Hibernate: delete from shift_assignments where id=?
2025-10-13T21:43:06.536+09:00 DEBUG 2284 --- [Shift Scheduler Demo] [           main] org.hibernate.SQL                        : delete from shift_assignments where id=?
Hibernate: delete from shift_assignments where id=?
2025-10-13T21:43:06.537+09:00 DEBUG 2284 --- [Shift Scheduler Demo] [           main] org.hibernate.SQL                        : delete from shift_assignments where id=?
Hibernate: delete from shift_assignments where id=?
2025-10-13T21:43:06.537+09:00 DEBUG 2284 --- [Shift Scheduler Demo] [           main] org.hibernate.SQL                        : delete from shift_assignments where id=?
Hibernate: delete from shift_assignments where id=?
2025-10-13T21:43:06.537+09:00 DEBUG 2284 --- [Shift Scheduler Demo] [           main] org.hibernate.SQL                        : delete from shift_assignments where id=?
Hibernate: delete from shift_assignments where id=?
2025-10-13T21:43:06.537+09:00 DEBUG 2284 --- [Shift Scheduler Demo] [           main] org.hibernate.SQL                        : delete from shift_assignments where id=?
Hibernate: delete from shift_assignments where id=?
2025-10-13T21:43:06.537+09:00 DEBUG 2284 --- [Shift Scheduler Demo] [           main] org.hibernate.SQL                        : delete from shift_assignments where id=?
Hibernate: delete from shift_assignments where id=?
2025-10-13T21:43:06.537+09:00 DEBUG 2284 --- [Shift Scheduler Demo] [           main] org.hibernate.SQL                        : delete from shift_assignments where id=?
Hibernate: delete from shift_assignments where id=?
2025-10-13T21:43:06.538+09:00 DEBUG 2284 --- [Shift Scheduler Demo] [           main] org.hibernate.SQL                        : delete from shift_assignments where id=?
Hibernate: delete from shift_assignments where id=?
2025-10-13T21:43:06.538+09:00 DEBUG 2284 --- [Shift Scheduler Demo] [           main] org.hibernate.SQL                        : delete from shift_assignments where id=?
Hibernate: delete from shift_assignments where id=?
2025-10-13T21:43:06.538+09:00 DEBUG 2284 --- [Shift Scheduler Demo] [           main] org.hibernate.SQL                        : delete from shift_assignments where id=?
Hibernate: delete from shift_assignments where id=?
2025-10-13T21:43:06.538+09:00 DEBUG 2284 --- [Shift Scheduler Demo] [           main] org.hibernate.SQL                        : delete from shift_assignments where id=?
Hibernate: delete from shift_assignments where id=?
2025-10-13T21:43:06.538+09:00 DEBUG 2284 --- [Shift Scheduler Demo] [           main] org.hibernate.SQL                        : delete from shift_assignments where id=?
Hibernate: delete from shift_assignments where id=?
2025-10-13T21:43:06.539+09:00 DEBUG 2284 --- [Shift Scheduler Demo] [           main] org.hibernate.SQL                        : delete from shift_assignments where id=?
Hibernate: delete from shift_assignments where id=?
2025-10-13T21:43:06.539+09:00 DEBUG 2284 --- [Shift Scheduler Demo] [           main] org.hibernate.SQL                        : delete from shift_assignments where id=?
Hibernate: delete from shift_assignments where id=?
2025-10-13T21:43:06.539+09:00 DEBUG 2284 --- [Shift Scheduler Demo] [           main] org.hibernate.SQL                        : delete from shift_assignments where id=?
Hibernate: delete from shift_assignments where id=?
2025-10-13T21:43:06.539+09:00 DEBUG 2284 --- [Shift Scheduler Demo] [           main] org.hibernate.SQL                        : delete from shift_assignments where id=?
Hibernate: delete from shift_assignments where id=?
2025-10-13T21:43:06.539+09:00 DEBUG 2284 --- [Shift Scheduler Demo] [           main] org.hibernate.SQL                        : delete from shift_assignments where id=?
Hibernate: delete from shift_assignments where id=?
2025-10-13T21:43:06.540+09:00 DEBUG 2284 --- [Shift Scheduler Demo] [           main] org.hibernate.SQL                        : delete from shift_assignments where id=?
Hibernate: delete from shift_assignments where id=?
2025-10-13T21:43:06.540+09:00 DEBUG 2284 --- [Shift Scheduler Demo] [           main] org.hibernate.SQL                        : delete from shift_assignments where id=?
Hibernate: delete from shift_assignments where id=?
2025-10-13T21:43:06.540+09:00 DEBUG 2284 --- [Shift Scheduler Demo] [           main] org.hibernate.SQL                        : delete from shift_assignments where id=?
Hibernate: delete from shift_assignments where id=?
2025-10-13T21:43:06.540+09:00 DEBUG 2284 --- [Shift Scheduler Demo] [           main] org.hibernate.SQL                        : delete from shift_assignments where id=?
Hibernate: delete from shift_assignments where id=?
2025-10-13T21:43:06.540+09:00 DEBUG 2284 --- [Shift Scheduler Demo] [           main] org.hibernate.SQL                        : delete from shift_assignments where id=?
Hibernate: delete from shift_assignments where id=?
2025-10-13T21:43:06.541+09:00 DEBUG 2284 --- [Shift Scheduler Demo] [           main] org.hibernate.SQL                        : delete from shift_assignments where id=?
Hibernate: delete from shift_assignments where id=?
2025-10-13T21:43:06.541+09:00 DEBUG 2284 --- [Shift Scheduler Demo] [           main] org.hibernate.SQL                        : delete from shift_assignments where id=?
Hibernate: delete from shift_assignments where id=?
2025-10-13T21:43:06.541+09:00 DEBUG 2284 --- [Shift Scheduler Demo] [           main] org.hibernate.SQL                        : delete from shift_assignments where id=?
Hibernate: delete from shift_assignments where id=?
2025-10-13T21:43:06.541+09:00 DEBUG 2284 --- [Shift Scheduler Demo] [           main] org.hibernate.SQL                        : delete from shift_assignments where id=?
Hibernate: delete from shift_assignments where id=?
2025-10-13T21:43:06.541+09:00 DEBUG 2284 --- [Shift Scheduler Demo] [           main] org.hibernate.SQL                        : delete from shift_assignments where id=?
Hibernate: delete from shift_assignments where id=?
2025-10-13T21:43:06.541+09:00 DEBUG 2284 --- [Shift Scheduler Demo] [           main] org.hibernate.SQL                        : delete from shift_assignments where id=?
Hibernate: delete from shift_assignments where id=?
2025-10-13T21:43:06.542+09:00 DEBUG 2284 --- [Shift Scheduler Demo] [           main] org.hibernate.SQL                        : delete from shift_assignments where id=?
Hibernate: delete from shift_assignments where id=?
2025-10-13T21:43:06.542+09:00 DEBUG 2284 --- [Shift Scheduler Demo] [           main] org.hibernate.SQL                        : delete from shift_assignments where id=?
Hibernate: delete from shift_assignments where id=?
2025-10-13T21:43:06.542+09:00 DEBUG 2284 --- [Shift Scheduler Demo] [           main] org.hibernate.SQL                        : delete from shift_assignments where id=?
Hibernate: delete from shift_assignments where id=?
2025-10-13T21:43:06.542+09:00 DEBUG 2284 --- [Shift Scheduler Demo] [           main] org.hibernate.SQL                        : delete from shift_assignments where id=?
Hibernate: delete from shift_assignments where id=?
2025-10-13T21:43:06.542+09:00 DEBUG 2284 --- [Shift Scheduler Demo] [           main] org.hibernate.SQL                        : delete from shift_assignments where id=?
Hibernate: delete from shift_assignments where id=?
2025-10-13T21:43:06.543+09:00 DEBUG 2284 --- [Shift Scheduler Demo] [           main] org.hibernate.SQL                        : delete from shift_assignments where id=?
Hibernate: delete from shift_assignments where id=?
2025-10-13T21:43:06.543+09:00 DEBUG 2284 --- [Shift Scheduler Demo] [           main] org.hibernate.SQL                        : delete from shift_assignments where id=?
Hibernate: delete from shift_assignments where id=?
2025-10-13T21:43:06.543+09:00 DEBUG 2284 --- [Shift Scheduler Demo] [           main] org.hibernate.SQL                        : delete from shift_assignments where id=?
Hibernate: delete from shift_assignments where id=?
2025-10-13T21:43:06.543+09:00 DEBUG 2284 --- [Shift Scheduler Demo] [           main] org.hibernate.SQL                        : delete from shift_assignments where id=?
Hibernate: delete from shift_assignments where id=?
2025-10-13T21:43:06.543+09:00 DEBUG 2284 --- [Shift Scheduler Demo] [           main] org.hibernate.SQL                        : delete from shift_assignments where id=?
Hibernate: delete from shift_assignments where id=?
2025-10-13T21:43:06.544+09:00 DEBUG 2284 --- [Shift Scheduler Demo] [           main] org.hibernate.SQL                        : delete from shift_assignments where id=?
Hibernate: delete from shift_assignments where id=?
2025-10-13T21:43:06.544+09:00 DEBUG 2284 --- [Shift Scheduler Demo] [           main] org.hibernate.SQL                        : delete from shift_assignments where id=?
Hibernate: delete from shift_assignments where id=?
2025-10-13T21:43:06.544+09:00 DEBUG 2284 --- [Shift Scheduler Demo] [           main] org.hibernate.SQL                        : delete from shift_assignments where id=?
Hibernate: delete from shift_assignments where id=?
2025-10-13T21:43:06.544+09:00 DEBUG 2284 --- [Shift Scheduler Demo] [           main] org.hibernate.SQL                        : delete from shift_assignments where id=?
Hibernate: delete from shift_assignments where id=?
2025-10-13T21:43:06.544+09:00 DEBUG 2284 --- [Shift Scheduler Demo] [           main] org.hibernate.SQL                        : delete from shift_assignments where id=?
Hibernate: delete from shift_assignments where id=?
2025-10-13T21:43:06.544+09:00 DEBUG 2284 --- [Shift Scheduler Demo] [           main] org.hibernate.SQL                        : delete from shift_assignments where id=?
Hibernate: delete from shift_assignments where id=?
2025-10-13T21:43:06.545+09:00 DEBUG 2284 --- [Shift Scheduler Demo] [           main] org.hibernate.SQL                        : delete from shift_assignments where id=?
Hibernate: delete from shift_assignments where id=?
2025-10-13T21:43:06.545+09:00 DEBUG 2284 --- [Shift Scheduler Demo] [           main] org.hibernate.SQL                        : delete from shift_assignments where id=?
Hibernate: delete from shift_assignments where id=?
2025-10-13T21:43:06.545+09:00 DEBUG 2284 --- [Shift Scheduler Demo] [           main] org.hibernate.SQL                        : delete from shift_assignments where id=?
Hibernate: delete from shift_assignments where id=?
2025-10-13T21:43:06.545+09:00 DEBUG 2284 --- [Shift Scheduler Demo] [           main] org.hibernate.SQL                        : delete from shift_assignments where id=?
Hibernate: delete from shift_assignments where id=?
2025-10-13T21:43:06.546+09:00 DEBUG 2284 --- [Shift Scheduler Demo] [           main] org.hibernate.SQL                        : delete from shift_assignments where id=?
Hibernate: delete from shift_assignments where id=?
2025-10-13T21:43:06.546+09:00 DEBUG 2284 --- [Shift Scheduler Demo] [           main] org.hibernate.SQL                        : delete from shift_assignments where id=?
Hibernate: delete from shift_assignments where id=?
2025-10-13T21:43:06.546+09:00 DEBUG 2284 --- [Shift Scheduler Demo] [           main] org.hibernate.SQL                        : delete from shift_assignments where id=?
Hibernate: delete from shift_assignments where id=?
2025-10-13T21:43:06.547+09:00 DEBUG 2284 --- [Shift Scheduler Demo] [           main] org.hibernate.SQL                        : delete from shift_assignments where id=?
Hibernate: delete from shift_assignments where id=?
2025-10-13T21:43:06.547+09:00 DEBUG 2284 --- [Shift Scheduler Demo] [           main] org.hibernate.SQL                        : delete from shift_assignments where id=?
Hibernate: delete from shift_assignments where id=?
2025-10-13T21:43:06.547+09:00 DEBUG 2284 --- [Shift Scheduler Demo] [           main] org.hibernate.SQL                        : delete from shift_assignments where id=?
Hibernate: delete from shift_assignments where id=?
2025-10-13T21:43:06.547+09:00 DEBUG 2284 --- [Shift Scheduler Demo] [           main] org.hibernate.SQL                        : delete from shift_assignments where id=?
Hibernate: delete from shift_assignments where id=?
2025-10-13T21:43:06.547+09:00 DEBUG 2284 --- [Shift Scheduler Demo] [           main] org.hibernate.SQL                        : delete from shift_assignments where id=?
Hibernate: delete from shift_assignments where id=?
2025-10-13T21:43:06.548+09:00 DEBUG 2284 --- [Shift Scheduler Demo] [           main] org.hibernate.SQL                        : delete from shift_assignments where id=?
Hibernate: delete from shift_assignments where id=?
2025-10-13T21:43:06.548+09:00 DEBUG 2284 --- [Shift Scheduler Demo] [           main] org.hibernate.SQL                        : delete from shift_assignments where id=?
Hibernate: delete from shift_assignments where id=?
2025-10-13T21:43:06.548+09:00 DEBUG 2284 --- [Shift Scheduler Demo] [           main] org.hibernate.SQL                        : delete from shift_assignments where id=?
Hibernate: delete from shift_assignments where id=?
2025-10-13T21:43:06.548+09:00 DEBUG 2284 --- [Shift Scheduler Demo] [           main] org.hibernate.SQL                        : delete from shift_assignments where id=?
Hibernate: delete from shift_assignments where id=?
2025-10-13T21:43:06.548+09:00 DEBUG 2284 --- [Shift Scheduler Demo] [           main] org.hibernate.SQL                        : delete from shift_assignments where id=?
Hibernate: delete from shift_assignments where id=?
2025-10-13T21:43:06.548+09:00 DEBUG 2284 --- [Shift Scheduler Demo] [           main] org.hibernate.SQL                        : delete from shift_assignments where id=?
Hibernate: delete from shift_assignments where id=?
2025-10-13T21:43:06.549+09:00 DEBUG 2284 --- [Shift Scheduler Demo] [           main] org.hibernate.SQL                        : delete from shift_assignments where id=?
Hibernate: delete from shift_assignments where id=?
2025-10-13T21:43:06.549+09:00 DEBUG 2284 --- [Shift Scheduler Demo] [           main] org.hibernate.SQL                        : delete from shift_assignments where id=?
Hibernate: delete from shift_assignments where id=?
2025-10-13T21:43:06.549+09:00 DEBUG 2284 --- [Shift Scheduler Demo] [           main] org.hibernate.SQL                        : delete from shift_assignments where id=?
Hibernate: delete from shift_assignments where id=?
2025-10-13T21:43:06.550+09:00 DEBUG 2284 --- [Shift Scheduler Demo] [           main] org.hibernate.SQL                        : delete from shift_assignments where id=?
Hibernate: delete from shift_assignments where id=?
2025-10-13T21:43:06.553+09:00 DEBUG 2284 --- [Shift Scheduler Demo] [           main] org.hibernate.SQL                        : delete from shift_assignments where id=?
Hibernate: delete from shift_assignments where id=?
2025-10-13T21:43:06.554+09:00 DEBUG 2284 --- [Shift Scheduler Demo] [           main] org.hibernate.SQL                        : delete from shift_assignments where id=?
Hibernate: delete from shift_assignments where id=?
2025-10-13T21:43:06.556+09:00 DEBUG 2284 --- [Shift Scheduler Demo] [           main] org.hibernate.SQL                        : delete from shift_assignments where id=?
Hibernate: delete from shift_assignments where id=?
2025-10-13T21:43:06.558+09:00 DEBUG 2284 --- [Shift Scheduler Demo] [           main] org.hibernate.SQL                        : delete from shift_assignments where id=?
Hibernate: delete from shift_assignments where id=?
2025-10-13T21:43:06.560+09:00 DEBUG 2284 --- [Shift Scheduler Demo] [           main] org.hibernate.SQL                        : delete from shift_assignments where id=?
Hibernate: delete from shift_assignments where id=?
2025-10-13T21:43:06.561+09:00 DEBUG 2284 --- [Shift Scheduler Demo] [           main] org.hibernate.SQL                        : delete from shift_assignments where id=?
Hibernate: delete from shift_assignments where id=?
2025-10-13T21:43:06.561+09:00 DEBUG 2284 --- [Shift Scheduler Demo] [           main] org.hibernate.SQL                        : delete from shift_assignments where id=?
Hibernate: delete from shift_assignments where id=?
2025-10-13T21:43:06.561+09:00 DEBUG 2284 --- [Shift Scheduler Demo] [           main] org.hibernate.SQL                        : delete from shift_assignments where id=?
Hibernate: delete from shift_assignments where id=?
2025-10-13T21:43:06.562+09:00 DEBUG 2284 --- [Shift Scheduler Demo] [           main] org.hibernate.SQL                        : delete from shift_assignments where id=?
Hibernate: delete from shift_assignments where id=?
2025-10-13T21:43:06.562+09:00 DEBUG 2284 --- [Shift Scheduler Demo] [           main] org.hibernate.SQL                        : delete from shift_assignments where id=?
Hibernate: delete from shift_assignments where id=?
2025-10-13T21:43:06.563+09:00 DEBUG 2284 --- [Shift Scheduler Demo] [           main] org.hibernate.SQL                        : delete from shift_assignments where id=?
Hibernate: delete from shift_assignments where id=?
2025-10-13T21:43:06.564+09:00 DEBUG 2284 --- [Shift Scheduler Demo] [           main] org.hibernate.SQL                        : delete from shift_assignments where id=?
Hibernate: delete from shift_assignments where id=?
2025-10-13T21:43:06.564+09:00 DEBUG 2284 --- [Shift Scheduler Demo] [           main] org.hibernate.SQL                        : delete from shift_assignments where id=?
Hibernate: delete from shift_assignments where id=?
2025-10-13T21:43:06.564+09:00 DEBUG 2284 --- [Shift Scheduler Demo] [           main] org.hibernate.SQL                        : delete from shift_assignments where id=?
Hibernate: delete from shift_assignments where id=?
2025-10-13T21:43:06.565+09:00 DEBUG 2284 --- [Shift Scheduler Demo] [           main] org.hibernate.SQL                        : delete from shift_assignments where id=?
Hibernate: delete from shift_assignments where id=?
2025-10-13T21:43:06.565+09:00 DEBUG 2284 --- [Shift Scheduler Demo] [           main] org.hibernate.SQL                        : delete from shift_assignments where id=?
Hibernate: delete from shift_assignments where id=?
2025-10-13T21:43:06.565+09:00 DEBUG 2284 --- [Shift Scheduler Demo] [           main] org.hibernate.SQL                        : delete from shift_assignments where id=?
Hibernate: delete from shift_assignments where id=?
2025-10-13T21:43:06.565+09:00 DEBUG 2284 --- [Shift Scheduler Demo] [           main] org.hibernate.SQL                        : delete from shift_assignments where id=?
Hibernate: delete from shift_assignments where id=?
2025-10-13T21:43:06.566+09:00 DEBUG 2284 --- [Shift Scheduler Demo] [           main] org.hibernate.SQL                        : delete from shift_assignments where id=?
Hibernate: delete from shift_assignments where id=?
2025-10-13T21:43:06.566+09:00 DEBUG 2284 --- [Shift Scheduler Demo] [           main] org.hibernate.SQL                        : delete from shift_assignments where id=?
Hibernate: delete from shift_assignments where id=?
2025-10-13T21:43:06.566+09:00 DEBUG 2284 --- [Shift Scheduler Demo] [           main] org.hibernate.SQL                        : delete from shift_assignments where id=?
Hibernate: delete from shift_assignments where id=?
2025-10-13T21:43:06.566+09:00 DEBUG 2284 --- [Shift Scheduler Demo] [           main] org.hibernate.SQL                        : delete from shift_assignments where id=?
Hibernate: delete from shift_assignments where id=?
2025-10-13T21:43:06.566+09:00 DEBUG 2284 --- [Shift Scheduler Demo] [           main] org.hibernate.SQL                        : delete from shift_assignments where id=?
Hibernate: delete from shift_assignments where id=?
2025-10-13T21:43:06.567+09:00 DEBUG 2284 --- [Shift Scheduler Demo] [           main] org.hibernate.SQL                        : delete from shift_assignments where id=?
Hibernate: delete from shift_assignments where id=?
2025-10-13T21:43:06.567+09:00 DEBUG 2284 --- [Shift Scheduler Demo] [           main] org.hibernate.SQL                        : delete from shift_assignments where id=?
Hibernate: delete from shift_assignments where id=?
2025-10-13T21:43:06.567+09:00 DEBUG 2284 --- [Shift Scheduler Demo] [           main] org.hibernate.SQL                        : delete from shift_assignments where id=?
Hibernate: delete from shift_assignments where id=?
2025-10-13T21:43:06.567+09:00 DEBUG 2284 --- [Shift Scheduler Demo] [           main] org.hibernate.SQL                        : delete from shift_assignments where id=?
Hibernate: delete from shift_assignments where id=?
2025-10-13T21:43:06.568+09:00 DEBUG 2284 --- [Shift Scheduler Demo] [           main] org.hibernate.SQL                        : delete from shift_assignments where id=?
Hibernate: delete from shift_assignments where id=?
2025-10-13T21:43:06.568+09:00 DEBUG 2284 --- [Shift Scheduler Demo] [           main] org.hibernate.SQL                        : delete from shift_assignments where id=?
Hibernate: delete from shift_assignments where id=?
2025-10-13T21:43:06.569+09:00 DEBUG 2284 --- [Shift Scheduler Demo] [           main] org.hibernate.SQL                        : delete from shift_assignments where id=?
Hibernate: delete from shift_assignments where id=?
2025-10-13T21:43:06.569+09:00 DEBUG 2284 --- [Shift Scheduler Demo] [           main] org.hibernate.SQL                        : delete from shift_assignments where id=?
Hibernate: delete from shift_assignments where id=?
2025-10-13T21:43:06.569+09:00 DEBUG 2284 --- [Shift Scheduler Demo] [           main] org.hibernate.SQL                        : delete from shift_assignments where id=?
Hibernate: delete from shift_assignments where id=?
2025-10-13T21:43:06.569+09:00 DEBUG 2284 --- [Shift Scheduler Demo] [           main] org.hibernate.SQL                        : delete from shift_assignments where id=?
Hibernate: delete from shift_assignments where id=?
2025-10-13T21:43:06.570+09:00 DEBUG 2284 --- [Shift Scheduler Demo] [           main] org.hibernate.SQL                        : delete from shift_assignments where id=?
Hibernate: delete from shift_assignments where id=?
2025-10-13T21:43:06.570+09:00 DEBUG 2284 --- [Shift Scheduler Demo] [           main] org.hibernate.SQL                        : delete from shift_assignments where id=?
Hibernate: delete from shift_assignments where id=?
2025-10-13T21:43:06.570+09:00 DEBUG 2284 --- [Shift Scheduler Demo] [           main] org.hibernate.SQL                        : delete from shift_assignments where id=?
Hibernate: delete from shift_assignments where id=?
2025-10-13T21:43:06.570+09:00 DEBUG 2284 --- [Shift Scheduler Demo] [           main] org.hibernate.SQL                        : delete from shift_assignments where id=?
Hibernate: delete from shift_assignments where id=?
2025-10-13T21:43:06.571+09:00 DEBUG 2284 --- [Shift Scheduler Demo] [           main] org.hibernate.SQL                        : delete from shift_assignments where id=?
Hibernate: delete from shift_assignments where id=?
2025-10-13T21:43:06.571+09:00 DEBUG 2284 --- [Shift Scheduler Demo] [           main] org.hibernate.SQL                        : delete from shift_assignments where id=?
Hibernate: delete from shift_assignments where id=?
2025-10-13T21:43:06.571+09:00 DEBUG 2284 --- [Shift Scheduler Demo] [           main] org.hibernate.SQL                        : delete from shift_assignments where id=?
Hibernate: delete from shift_assignments where id=?
2025-10-13T21:43:06.571+09:00 DEBUG 2284 --- [Shift Scheduler Demo] [           main] org.hibernate.SQL                        : delete from shift_assignments where id=?
Hibernate: delete from shift_assignments where id=?
2025-10-13T21:43:06.572+09:00 DEBUG 2284 --- [Shift Scheduler Demo] [           main] org.hibernate.SQL                        : delete from shift_assignments where id=?
Hibernate: delete from shift_assignments where id=?
2025-10-13T21:43:06.572+09:00 DEBUG 2284 --- [Shift Scheduler Demo] [           main] org.hibernate.SQL                        : delete from shift_assignments where id=?
Hibernate: delete from shift_assignments where id=?
2025-10-13T21:43:06.572+09:00 DEBUG 2284 --- [Shift Scheduler Demo] [           main] org.hibernate.SQL                        : delete from shift_assignments where id=?
Hibernate: delete from shift_assignments where id=?
2025-10-13T21:43:06.572+09:00 DEBUG 2284 --- [Shift Scheduler Demo] [           main] org.hibernate.SQL                        : delete from shift_assignments where id=?
Hibernate: delete from shift_assignments where id=?
2025-10-13T21:43:06.573+09:00 DEBUG 2284 --- [Shift Scheduler Demo] [           main] org.hibernate.SQL                        : delete from shift_assignments where id=?
Hibernate: delete from shift_assignments where id=?
2025-10-13T21:43:06.573+09:00 DEBUG 2284 --- [Shift Scheduler Demo] [           main] org.hibernate.SQL                        : delete from shift_assignments where id=?
Hibernate: delete from shift_assignments where id=?
2025-10-13T21:43:06.573+09:00 DEBUG 2284 --- [Shift Scheduler Demo] [           main] org.hibernate.SQL                        : delete from shift_assignments where id=?
Hibernate: delete from shift_assignments where id=?
2025-10-13T21:43:06.573+09:00 DEBUG 2284 --- [Shift Scheduler Demo] [           main] org.hibernate.SQL                        : delete from shift_assignments where id=?
Hibernate: delete from shift_assignments where id=?
2025-10-13T21:43:06.574+09:00 DEBUG 2284 --- [Shift Scheduler Demo] [           main] org.hibernate.SQL                        : delete from shift_assignments where id=?
Hibernate: delete from shift_assignments where id=?
2025-10-13T21:43:06.574+09:00 DEBUG 2284 --- [Shift Scheduler Demo] [           main] org.hibernate.SQL                        : delete from shift_assignments where id=?
Hibernate: delete from shift_assignments where id=?
2025-10-13T21:43:06.574+09:00 DEBUG 2284 --- [Shift Scheduler Demo] [           main] org.hibernate.SQL                        : delete from shift_assignments where id=?
Hibernate: delete from shift_assignments where id=?
2025-10-13T21:43:06.574+09:00 DEBUG 2284 --- [Shift Scheduler Demo] [           main] org.hibernate.SQL                        : delete from shift_assignments where id=?
Hibernate: delete from shift_assignments where id=?
2025-10-13T21:43:06.575+09:00 DEBUG 2284 --- [Shift Scheduler Demo] [           main] org.hibernate.SQL                        : delete from shift_assignments where id=?
Hibernate: delete from shift_assignments where id=?
2025-10-13T21:43:06.575+09:00 DEBUG 2284 --- [Shift Scheduler Demo] [           main] org.hibernate.SQL                        : delete from shift_assignments where id=?
Hibernate: delete from shift_assignments where id=?
2025-10-13T21:43:06.575+09:00 DEBUG 2284 --- [Shift Scheduler Demo] [           main] org.hibernate.SQL                        : delete from shift_assignments where id=?
Hibernate: delete from shift_assignments where id=?
2025-10-13T21:43:06.575+09:00 DEBUG 2284 --- [Shift Scheduler Demo] [           main] org.hibernate.SQL                        : delete from shift_assignments where id=?
Hibernate: delete from shift_assignments where id=?
2025-10-13T21:43:06.575+09:00 DEBUG 2284 --- [Shift Scheduler Demo] [           main] org.hibernate.SQL                        : delete from shift_assignments where id=?
Hibernate: delete from shift_assignments where id=?
2025-10-13T21:43:06.575+09:00 DEBUG 2284 --- [Shift Scheduler Demo] [           main] org.hibernate.SQL                        : delete from shift_assignments where id=?
Hibernate: delete from shift_assignments where id=?
2025-10-13T21:43:06.576+09:00 DEBUG 2284 --- [Shift Scheduler Demo] [           main] org.hibernate.SQL                        : delete from shift_assignments where id=?
Hibernate: delete from shift_assignments where id=?
2025-10-13T21:43:06.576+09:00 DEBUG 2284 --- [Shift Scheduler Demo] [           main] org.hibernate.SQL                        : delete from shift_assignments where id=?
Hibernate: delete from shift_assignments where id=?
2025-10-13T21:43:06.576+09:00 DEBUG 2284 --- [Shift Scheduler Demo] [           main] org.hibernate.SQL                        : delete from shift_assignments where id=?
Hibernate: delete from shift_assignments where id=?
2025-10-13T21:43:06.576+09:00 DEBUG 2284 --- [Shift Scheduler Demo] [           main] org.hibernate.SQL                        : delete from shift_assignments where id=?
Hibernate: delete from shift_assignments where id=?
2025-10-13T21:43:06.576+09:00 DEBUG 2284 --- [Shift Scheduler Demo] [           main] org.hibernate.SQL                        : delete from shift_assignments where id=?
Hibernate: delete from shift_assignments where id=?
2025-10-13T21:43:06.576+09:00 DEBUG 2284 --- [Shift Scheduler Demo] [           main] org.hibernate.SQL                        : delete from shift_assignments where id=?
Hibernate: delete from shift_assignments where id=?
2025-10-13T21:43:06.576+09:00 DEBUG 2284 --- [Shift Scheduler Demo] [           main] org.hibernate.SQL                        : delete from shift_assignments where id=?
Hibernate: delete from shift_assignments where id=?
2025-10-13T21:43:06.577+09:00 DEBUG 2284 --- [Shift Scheduler Demo] [           main] org.hibernate.SQL                        : delete from shift_assignments where id=?
Hibernate: delete from shift_assignments where id=?
2025-10-13T21:43:06.577+09:00 DEBUG 2284 --- [Shift Scheduler Demo] [           main] org.hibernate.SQL                        : delete from shift_assignments where id=?
Hibernate: delete from shift_assignments where id=?
2025-10-13T21:43:06.577+09:00 DEBUG 2284 --- [Shift Scheduler Demo] [           main] org.hibernate.SQL                        : delete from shift_assignments where id=?
Hibernate: delete from shift_assignments where id=?
2025-10-13T21:43:06.577+09:00 DEBUG 2284 --- [Shift Scheduler Demo] [           main] org.hibernate.SQL                        : delete from shift_assignments where id=?
Hibernate: delete from shift_assignments where id=?
2025-10-13T21:43:06.577+09:00 DEBUG 2284 --- [Shift Scheduler Demo] [           main] org.hibernate.SQL                        : delete from shift_assignments where id=?
Hibernate: delete from shift_assignments where id=?
2025-10-13T21:43:06.577+09:00 DEBUG 2284 --- [Shift Scheduler Demo] [           main] org.hibernate.SQL                        : delete from shift_assignments where id=?
Hibernate: delete from shift_assignments where id=?
2025-10-13T21:43:06.578+09:00 DEBUG 2284 --- [Shift Scheduler Demo] [           main] org.hibernate.SQL                        : delete from shift_assignments where id=?
Hibernate: delete from shift_assignments where id=?
2025-10-13T21:43:06.578+09:00 DEBUG 2284 --- [Shift Scheduler Demo] [           main] org.hibernate.SQL                        : delete from shift_assignments where id=?
Hibernate: delete from shift_assignments where id=?
2025-10-13T21:43:06.578+09:00 DEBUG 2284 --- [Shift Scheduler Demo] [           main] org.hibernate.SQL                        : delete from shift_assignments where id=?
Hibernate: delete from shift_assignments where id=?
2025-10-13T21:43:06.578+09:00 DEBUG 2284 --- [Shift Scheduler Demo] [           main] org.hibernate.SQL                        : delete from shift_assignments where id=?
Hibernate: delete from shift_assignments where id=?
2025-10-13T21:43:06.578+09:00 DEBUG 2284 --- [Shift Scheduler Demo] [           main] org.hibernate.SQL                        : delete from shift_assignments where id=?
Hibernate: delete from shift_assignments where id=?
2025-10-13T21:43:06.578+09:00 DEBUG 2284 --- [Shift Scheduler Demo] [           main] org.hibernate.SQL                        : delete from shift_assignments where id=?
Hibernate: delete from shift_assignments where id=?
2025-10-13T21:43:06.578+09:00 DEBUG 2284 --- [Shift Scheduler Demo] [           main] org.hibernate.SQL                        : delete from shift_assignments where id=?
Hibernate: delete from shift_assignments where id=?
2025-10-13T21:43:06.578+09:00 DEBUG 2284 --- [Shift Scheduler Demo] [           main] org.hibernate.SQL                        : delete from shift_assignments where id=?
Hibernate: delete from shift_assignments where id=?
2025-10-13T21:43:06.578+09:00 DEBUG 2284 --- [Shift Scheduler Demo] [           main] org.hibernate.SQL                        : delete from shift_assignments where id=?
Hibernate: delete from shift_assignments where id=?
2025-10-13T21:43:06.578+09:00 DEBUG 2284 --- [Shift Scheduler Demo] [           main] org.hibernate.SQL                        : delete from shift_assignments where id=?
Hibernate: delete from shift_assignments where id=?
2025-10-13T21:43:06.579+09:00 DEBUG 2284 --- [Shift Scheduler Demo] [           main] org.hibernate.SQL                        : delete from shift_assignments where id=?
Hibernate: delete from shift_assignments where id=?
2025-10-13T21:43:06.579+09:00 DEBUG 2284 --- [Shift Scheduler Demo] [           main] org.hibernate.SQL                        : delete from shift_assignments where id=?
Hibernate: delete from shift_assignments where id=?
2025-10-13T21:43:06.579+09:00 DEBUG 2284 --- [Shift Scheduler Demo] [           main] org.hibernate.SQL                        : delete from shift_assignments where id=?
Hibernate: delete from shift_assignments where id=?
2025-10-13T21:43:06.579+09:00 DEBUG 2284 --- [Shift Scheduler Demo] [           main] org.hibernate.SQL                        : delete from shift_assignments where id=?
Hibernate: delete from shift_assignments where id=?
2025-10-13T21:43:06.579+09:00 DEBUG 2284 --- [Shift Scheduler Demo] [           main] org.hibernate.SQL                        : delete from shift_assignments where id=?
Hibernate: delete from shift_assignments where id=?
2025-10-13T21:43:06.579+09:00 DEBUG 2284 --- [Shift Scheduler Demo] [           main] org.hibernate.SQL                        : delete from shift_assignments where id=?
Hibernate: delete from shift_assignments where id=?
2025-10-13T21:43:06.579+09:00 DEBUG 2284 --- [Shift Scheduler Demo] [           main] org.hibernate.SQL                        : delete from shift_assignments where id=?
Hibernate: delete from shift_assignments where id=?
2025-10-13T21:43:06.580+09:00 DEBUG 2284 --- [Shift Scheduler Demo] [           main] org.hibernate.SQL                        : delete from shift_assignments where id=?
Hibernate: delete from shift_assignments where id=?
2025-10-13T21:43:06.580+09:00 DEBUG 2284 --- [Shift Scheduler Demo] [           main] org.hibernate.SQL                        : delete from shift_assignments where id=?
Hibernate: delete from shift_assignments where id=?
2025-10-13T21:43:06.580+09:00 DEBUG 2284 --- [Shift Scheduler Demo] [           main] org.hibernate.SQL                        : delete from shift_assignments where id=?
Hibernate: delete from shift_assignments where id=?
2025-10-13T21:43:06.580+09:00 DEBUG 2284 --- [Shift Scheduler Demo] [           main] org.hibernate.SQL                        : delete from shift_assignments where id=?
Hibernate: delete from shift_assignments where id=?
2025-10-13T21:43:06.581+09:00 DEBUG 2284 --- [Shift Scheduler Demo] [           main] org.hibernate.SQL                        : delete from shift_assignments where id=?
Hibernate: delete from shift_assignments where id=?
2025-10-13T21:43:06.581+09:00 DEBUG 2284 --- [Shift Scheduler Demo] [           main] org.hibernate.SQL                        : delete from shift_assignments where id=?
Hibernate: delete from shift_assignments where id=?
2025-10-13T21:43:06.581+09:00 DEBUG 2284 --- [Shift Scheduler Demo] [           main] org.hibernate.SQL                        : delete from shift_assignments where id=?
Hibernate: delete from shift_assignments where id=?
2025-10-13T21:43:06.581+09:00 DEBUG 2284 --- [Shift Scheduler Demo] [           main] org.hibernate.SQL                        : delete from shift_assignments where id=?
Hibernate: delete from shift_assignments where id=?
2025-10-13T21:43:06.581+09:00 DEBUG 2284 --- [Shift Scheduler Demo] [           main] org.hibernate.SQL                        : delete from shift_assignments where id=?
Hibernate: delete from shift_assignments where id=?
2025-10-13T21:43:06.581+09:00 DEBUG 2284 --- [Shift Scheduler Demo] [           main] org.hibernate.SQL                        : delete from shift_assignments where id=?
Hibernate: delete from shift_assignments where id=?
2025-10-13T21:43:06.582+09:00 DEBUG 2284 --- [Shift Scheduler Demo] [           main] org.hibernate.SQL                        : delete from shift_assignments where id=?
Hibernate: delete from shift_assignments where id=?
2025-10-13T21:43:06.582+09:00 DEBUG 2284 --- [Shift Scheduler Demo] [           main] org.hibernate.SQL                        : delete from shift_assignments where id=?
Hibernate: delete from shift_assignments where id=?
2025-10-13T21:43:06.582+09:00 DEBUG 2284 --- [Shift Scheduler Demo] [           main] org.hibernate.SQL                        : delete from shift_assignments where id=?
Hibernate: delete from shift_assignments where id=?
2025-10-13T21:43:06.582+09:00 DEBUG 2284 --- [Shift Scheduler Demo] [           main] org.hibernate.SQL                        : delete from shift_assignments where id=?
Hibernate: delete from shift_assignments where id=?
2025-10-13T21:43:06.583+09:00 DEBUG 2284 --- [Shift Scheduler Demo] [           main] org.hibernate.SQL                        : delete from shift_assignments where id=?
Hibernate: delete from shift_assignments where id=?
2025-10-13T21:43:06.583+09:00 DEBUG 2284 --- [Shift Scheduler Demo] [           main] org.hibernate.SQL                        : delete from shift_assignments where id=?
Hibernate: delete from shift_assignments where id=?
2025-10-13T21:43:06.583+09:00 DEBUG 2284 --- [Shift Scheduler Demo] [           main] org.hibernate.SQL                        : delete from shift_assignments where id=?
Hibernate: delete from shift_assignments where id=?
2025-10-13T21:43:06.583+09:00 DEBUG 2284 --- [Shift Scheduler Demo] [           main] org.hibernate.SQL                        : delete from shift_assignments where id=?
Hibernate: delete from shift_assignments where id=?
2025-10-13T21:43:06.584+09:00 DEBUG 2284 --- [Shift Scheduler Demo] [           main] org.hibernate.SQL                        : delete from shift_assignments where id=?
Hibernate: delete from shift_assignments where id=?
2025-10-13T21:43:06.584+09:00 DEBUG 2284 --- [Shift Scheduler Demo] [           main] org.hibernate.SQL                        : delete from shift_assignments where id=?
Hibernate: delete from shift_assignments where id=?
2025-10-13T21:43:06.584+09:00 DEBUG 2284 --- [Shift Scheduler Demo] [           main] org.hibernate.SQL                        : delete from shift_assignments where id=?
Hibernate: delete from shift_assignments where id=?
2025-10-13T21:43:06.584+09:00 DEBUG 2284 --- [Shift Scheduler Demo] [           main] org.hibernate.SQL                        : delete from shift_assignments where id=?
Hibernate: delete from shift_assignments where id=?
2025-10-13T21:43:06.585+09:00 DEBUG 2284 --- [Shift Scheduler Demo] [           main] org.hibernate.SQL                        : delete from shift_assignments where id=?
Hibernate: delete from shift_assignments where id=?
2025-10-13T21:43:06.585+09:00 DEBUG 2284 --- [Shift Scheduler Demo] [           main] org.hibernate.SQL                        : delete from shift_assignments where id=?
Hibernate: delete from shift_assignments where id=?
2025-10-13T21:43:06.585+09:00 DEBUG 2284 --- [Shift Scheduler Demo] [           main] org.hibernate.SQL                        : delete from shift_assignments where id=?
Hibernate: delete from shift_assignments where id=?
2025-10-13T21:43:06.585+09:00 DEBUG 2284 --- [Shift Scheduler Demo] [           main] org.hibernate.SQL                        : delete from shift_assignments where id=?
Hibernate: delete from shift_assignments where id=?
2025-10-13T21:43:06.586+09:00 DEBUG 2284 --- [Shift Scheduler Demo] [           main] org.hibernate.SQL                        : delete from shift_assignments where id=?
Hibernate: delete from shift_assignments where id=?
2025-10-13T21:43:06.586+09:00 DEBUG 2284 --- [Shift Scheduler Demo] [           main] org.hibernate.SQL                        : delete from shift_assignments where id=?
Hibernate: delete from shift_assignments where id=?
2025-10-13T21:43:06.586+09:00 DEBUG 2284 --- [Shift Scheduler Demo] [           main] org.hibernate.SQL                        : delete from shift_assignments where id=?
Hibernate: delete from shift_assignments where id=?
2025-10-13T21:43:06.586+09:00 DEBUG 2284 --- [Shift Scheduler Demo] [           main] org.hibernate.SQL                        : delete from shift_assignments where id=?
Hibernate: delete from shift_assignments where id=?
2025-10-13T21:43:06.586+09:00 DEBUG 2284 --- [Shift Scheduler Demo] [           main] org.hibernate.SQL                        : delete from shift_assignments where id=?
Hibernate: delete from shift_assignments where id=?
2025-10-13T21:43:06.586+09:00 DEBUG 2284 --- [Shift Scheduler Demo] [           main] org.hibernate.SQL                        : delete from shift_assignments where id=?
Hibernate: delete from shift_assignments where id=?
2025-10-13T21:43:06.586+09:00 DEBUG 2284 --- [Shift Scheduler Demo] [           main] org.hibernate.SQL                        : delete from shift_assignments where id=?
Hibernate: delete from shift_assignments where id=?
2025-10-13T21:43:06.586+09:00 DEBUG 2284 --- [Shift Scheduler Demo] [           main] org.hibernate.SQL                        : delete from shift_assignments where id=?
Hibernate: delete from shift_assignments where id=?
2025-10-13T21:43:06.586+09:00 DEBUG 2284 --- [Shift Scheduler Demo] [           main] org.hibernate.SQL                        : delete from shift_assignments where id=?
Hibernate: delete from shift_assignments where id=?
2025-10-13T21:43:06.586+09:00 DEBUG 2284 --- [Shift Scheduler Demo] [           main] org.hibernate.SQL                        : delete from shift_assignments where id=?
Hibernate: delete from shift_assignments where id=?
2025-10-13T21:43:06.586+09:00 DEBUG 2284 --- [Shift Scheduler Demo] [           main] org.hibernate.SQL                        : delete from shift_assignments where id=?
Hibernate: delete from shift_assignments where id=?
2025-10-13T21:43:06.586+09:00 DEBUG 2284 --- [Shift Scheduler Demo] [           main] org.hibernate.SQL                        : delete from shift_assignments where id=?
Hibernate: delete from shift_assignments where id=?
2025-10-13T21:43:06.586+09:00 DEBUG 2284 --- [Shift Scheduler Demo] [           main] org.hibernate.SQL                        : delete from shift_assignments where id=?
Hibernate: delete from shift_assignments where id=?
2025-10-13T21:43:06.586+09:00 DEBUG 2284 --- [Shift Scheduler Demo] [           main] org.hibernate.SQL                        : delete from shift_assignments where id=?
Hibernate: delete from shift_assignments where id=?
2025-10-13T21:43:06.586+09:00 DEBUG 2284 --- [Shift Scheduler Demo] [           main] org.hibernate.SQL                        : delete from shift_assignments where id=?
Hibernate: delete from shift_assignments where id=?
2025-10-13T21:43:06.586+09:00 DEBUG 2284 --- [Shift Scheduler Demo] [           main] org.hibernate.SQL                        : delete from shift_assignments where id=?
Hibernate: delete from shift_assignments where id=?
2025-10-13T21:43:06.586+09:00 DEBUG 2284 --- [Shift Scheduler Demo] [           main] org.hibernate.SQL                        : delete from shift_assignments where id=?
Hibernate: delete from shift_assignments where id=?
2025-10-13T21:43:06.586+09:00 DEBUG 2284 --- [Shift Scheduler Demo] [           main] org.hibernate.SQL                        : delete from shift_assignments where id=?
Hibernate: delete from shift_assignments where id=?
2025-10-13T21:43:06.586+09:00 DEBUG 2284 --- [Shift Scheduler Demo] [           main] org.hibernate.SQL                        : delete from shift_assignments where id=?
Hibernate: delete from shift_assignments where id=?
2025-10-13T21:43:06.586+09:00 DEBUG 2284 --- [Shift Scheduler Demo] [           main] org.hibernate.SQL                        : delete from shift_assignments where id=?
Hibernate: delete from shift_assignments where id=?
2025-10-13T21:43:06.586+09:00 DEBUG 2284 --- [Shift Scheduler Demo] [           main] org.hibernate.SQL                        : delete from shift_assignments where id=?
Hibernate: delete from shift_assignments where id=?
2025-10-13T21:43:06.586+09:00 DEBUG 2284 --- [Shift Scheduler Demo] [           main] org.hibernate.SQL                        : delete from shift_assignments where id=?
Hibernate: delete from shift_assignments where id=?
2025-10-13T21:43:06.586+09:00 DEBUG 2284 --- [Shift Scheduler Demo] [           main] org.hibernate.SQL                        : delete from shift_assignments where id=?
Hibernate: delete from shift_assignments where id=?
2025-10-13T21:43:06.586+09:00 DEBUG 2284 --- [Shift Scheduler Demo] [           main] org.hibernate.SQL                        : delete from shift_assignments where id=?
Hibernate: delete from shift_assignments where id=?
2025-10-13T21:43:06.586+09:00 DEBUG 2284 --- [Shift Scheduler Demo] [           main] org.hibernate.SQL                        : delete from shift_assignments where id=?
Hibernate: delete from shift_assignments where id=?
2025-10-13T21:43:06.586+09:00 DEBUG 2284 --- [Shift Scheduler Demo] [           main] org.hibernate.SQL                        : delete from shift_assignments where id=?
Hibernate: delete from shift_assignments where id=?
2025-10-13T21:43:06.586+09:00 DEBUG 2284 --- [Shift Scheduler Demo] [           main] org.hibernate.SQL                        : delete from shift_assignments where id=?
Hibernate: delete from shift_assignments where id=?
2025-10-13T21:43:06.586+09:00 DEBUG 2284 --- [Shift Scheduler Demo] [           main] org.hibernate.SQL                        : delete from shift_assignments where id=?
Hibernate: delete from shift_assignments where id=?
2025-10-13T21:43:06.586+09:00 DEBUG 2284 --- [Shift Scheduler Demo] [           main] org.hibernate.SQL                        : delete from shift_assignments where id=?
Hibernate: delete from shift_assignments where id=?
2025-10-13T21:43:06.586+09:00 DEBUG 2284 --- [Shift Scheduler Demo] [           main] org.hibernate.SQL                        : delete from shift_assignments where id=?
Hibernate: delete from shift_assignments where id=?
2025-10-13T21:43:06.586+09:00 DEBUG 2284 --- [Shift Scheduler Demo] [           main] org.hibernate.SQL                        : delete from shift_assignments where id=?
Hibernate: delete from shift_assignments where id=?
2025-10-13T21:43:06.586+09:00 DEBUG 2284 --- [Shift Scheduler Demo] [           main] org.hibernate.SQL                        : delete from shift_assignments where id=?
Hibernate: delete from shift_assignments where id=?
2025-10-13T21:43:06.586+09:00 DEBUG 2284 --- [Shift Scheduler Demo] [           main] org.hibernate.SQL                        : delete from shift_assignments where id=?
Hibernate: delete from shift_assignments where id=?
2025-10-13T21:43:06.586+09:00 DEBUG 2284 --- [Shift Scheduler Demo] [           main] org.hibernate.SQL                        : delete from shift_assignments where id=?
Hibernate: delete from shift_assignments where id=?
2025-10-13T21:43:06.586+09:00 DEBUG 2284 --- [Shift Scheduler Demo] [           main] org.hibernate.SQL                        : delete from shift_assignments where id=?
Hibernate: delete from shift_assignments where id=?
2025-10-13T21:43:06.586+09:00 DEBUG 2284 --- [Shift Scheduler Demo] [           main] org.hibernate.SQL                        : delete from shift_assignments where id=?
Hibernate: delete from shift_assignments where id=?
2025-10-13T21:43:06.586+09:00 DEBUG 2284 --- [Shift Scheduler Demo] [           main] org.hibernate.SQL                        : delete from shift_assignments where id=?
Hibernate: delete from shift_assignments where id=?
2025-10-13T21:43:06.586+09:00 DEBUG 2284 --- [Shift Scheduler Demo] [           main] org.hibernate.SQL                        : delete from shift_assignments where id=?
Hibernate: delete from shift_assignments where id=?
2025-10-13T21:43:06.586+09:00 DEBUG 2284 --- [Shift Scheduler Demo] [           main] org.hibernate.SQL                        : delete from shift_assignments where id=?
Hibernate: delete from shift_assignments where id=?
2025-10-13T21:43:06.586+09:00 DEBUG 2284 --- [Shift Scheduler Demo] [           main] org.hibernate.SQL                        : delete from shift_assignments where id=?
Hibernate: delete from shift_assignments where id=?
2025-10-13T21:43:06.586+09:00 DEBUG 2284 --- [Shift Scheduler Demo] [           main] org.hibernate.SQL                        : delete from shift_assignments where id=?
Hibernate: delete from shift_assignments where id=?
2025-10-13T21:43:06.586+09:00 DEBUG 2284 --- [Shift Scheduler Demo] [           main] org.hibernate.SQL                        : delete from shift_assignments where id=?
Hibernate: delete from shift_assignments where id=?
2025-10-13T21:43:06.586+09:00 DEBUG 2284 --- [Shift Scheduler Demo] [           main] org.hibernate.SQL                        : delete from shift_assignments where id=?
Hibernate: delete from shift_assignments where id=?
2025-10-13T21:43:06.586+09:00 DEBUG 2284 --- [Shift Scheduler Demo] [           main] org.hibernate.SQL                        : delete from shift_assignments where id=?
Hibernate: delete from shift_assignments where id=?
2025-10-13T21:43:06.586+09:00 DEBUG 2284 --- [Shift Scheduler Demo] [           main] org.hibernate.SQL                        : delete from shift_assignments where id=?
Hibernate: delete from shift_assignments where id=?
2025-10-13T21:43:06.586+09:00 DEBUG 2284 --- [Shift Scheduler Demo] [           main] org.hibernate.SQL                        : delete from shift_assignments where id=?
Hibernate: delete from shift_assignments where id=?
2025-10-13T21:43:06.586+09:00 DEBUG 2284 --- [Shift Scheduler Demo] [           main] org.hibernate.SQL                        : delete from shift_assignments where id=?
Hibernate: delete from shift_assignments where id=?
2025-10-13T21:43:06.586+09:00 DEBUG 2284 --- [Shift Scheduler Demo] [           main] org.hibernate.SQL                        : delete from shift_assignments where id=?
Hibernate: delete from shift_assignments where id=?
2025-10-13T21:43:06.586+09:00 DEBUG 2284 --- [Shift Scheduler Demo] [           main] org.hibernate.SQL                        : delete from shift_assignments where id=?
Hibernate: delete from shift_assignments where id=?
2025-10-13T21:43:06.586+09:00 DEBUG 2284 --- [Shift Scheduler Demo] [           main] org.hibernate.SQL                        : delete from shift_assignments where id=?
Hibernate: delete from shift_assignments where id=?
2025-10-13T21:43:06.586+09:00 DEBUG 2284 --- [Shift Scheduler Demo] [           main] org.hibernate.SQL                        : delete from shift_assignments where id=?
Hibernate: delete from shift_assignments where id=?
2025-10-13T21:43:06.586+09:00 DEBUG 2284 --- [Shift Scheduler Demo] [           main] org.hibernate.SQL                        : delete from shift_assignments where id=?
Hibernate: delete from shift_assignments where id=?
2025-10-13T21:43:06.586+09:00 DEBUG 2284 --- [Shift Scheduler Demo] [           main] org.hibernate.SQL                        : delete from shift_assignments where id=?
Hibernate: delete from shift_assignments where id=?
2025-10-13T21:43:06.586+09:00 DEBUG 2284 --- [Shift Scheduler Demo] [           main] org.hibernate.SQL                        : delete from shift_assignments where id=?
Hibernate: delete from shift_assignments where id=?
2025-10-13T21:43:06.586+09:00 DEBUG 2284 --- [Shift Scheduler Demo] [           main] org.hibernate.SQL                        : delete from shift_assignments where id=?
Hibernate: delete from shift_assignments where id=?
2025-10-13T21:43:06.586+09:00 DEBUG 2284 --- [Shift Scheduler Demo] [           main] org.hibernate.SQL                        : delete from shift_assignments where id=?
Hibernate: delete from shift_assignments where id=?
2025-10-13T21:43:06.586+09:00 DEBUG 2284 --- [Shift Scheduler Demo] [           main] org.hibernate.SQL                        : delete from shift_assignments where id=?
Hibernate: delete from shift_assignments where id=?
2025-10-13T21:43:06.596+09:00 DEBUG 2284 --- [Shift Scheduler Demo] [           main] org.hibernate.SQL                        : delete from shift_assignments where id=?
Hibernate: delete from shift_assignments where id=?
2025-10-13T21:43:06.601+09:00 DEBUG 2284 --- [Shift Scheduler Demo] [           main] org.hibernate.SQL                        : delete from shift_assignments where id=?
Hibernate: delete from shift_assignments where id=?
2025-10-13T21:43:06.603+09:00 DEBUG 2284 --- [Shift Scheduler Demo] [           main] org.hibernate.SQL                        : delete from shift_assignments where id=?
Hibernate: delete from shift_assignments where id=?
2025-10-13T21:43:06.607+09:00 DEBUG 2284 --- [Shift Scheduler Demo] [           main] org.hibernate.SQL                        : delete from shift_assignments where id=?
Hibernate: delete from shift_assignments where id=?
2025-10-13T21:43:06.609+09:00 DEBUG 2284 --- [Shift Scheduler Demo] [           main] org.hibernate.SQL                        : delete from shift_assignments where id=?
Hibernate: delete from shift_assignments where id=?
2025-10-13T21:43:06.610+09:00 DEBUG 2284 --- [Shift Scheduler Demo] [           main] org.hibernate.SQL                        : delete from shift_assignments where id=?
Hibernate: delete from shift_assignments where id=?
2025-10-13T21:43:06.612+09:00 DEBUG 2284 --- [Shift Scheduler Demo] [           main] org.hibernate.SQL                        : delete from shift_assignments where id=?
Hibernate: delete from shift_assignments where id=?
2025-10-13T21:43:06.612+09:00 DEBUG 2284 --- [Shift Scheduler Demo] [           main] org.hibernate.SQL                        : delete from shift_assignments where id=?
Hibernate: delete from shift_assignments where id=?
2025-10-13T21:43:06.612+09:00 DEBUG 2284 --- [Shift Scheduler Demo] [           main] org.hibernate.SQL                        : delete from shift_assignments where id=?
Hibernate: delete from shift_assignments where id=?
2025-10-13T21:43:06.613+09:00 DEBUG 2284 --- [Shift Scheduler Demo] [           main] org.hibernate.SQL                        : delete from shift_assignments where id=?
Hibernate: delete from shift_assignments where id=?
2025-10-13T21:43:06.613+09:00 DEBUG 2284 --- [Shift Scheduler Demo] [           main] org.hibernate.SQL                        : delete from shift_assignments where id=?
Hibernate: delete from shift_assignments where id=?
2025-10-13T21:43:06.613+09:00 DEBUG 2284 --- [Shift Scheduler Demo] [           main] org.hibernate.SQL                        : delete from shift_assignments where id=?
Hibernate: delete from shift_assignments where id=?
2025-10-13T21:43:06.613+09:00 DEBUG 2284 --- [Shift Scheduler Demo] [           main] org.hibernate.SQL                        : delete from shift_assignments where id=?
Hibernate: delete from shift_assignments where id=?
2025-10-13T21:43:06.613+09:00 DEBUG 2284 --- [Shift Scheduler Demo] [           main] org.hibernate.SQL                        : delete from shift_assignments where id=?
Hibernate: delete from shift_assignments where id=?
2025-10-13T21:43:06.614+09:00 DEBUG 2284 --- [Shift Scheduler Demo] [           main] org.hibernate.SQL                        : delete from shift_assignments where id=?
Hibernate: delete from shift_assignments where id=?
2025-10-13T21:43:06.614+09:00 DEBUG 2284 --- [Shift Scheduler Demo] [           main] org.hibernate.SQL                        : delete from shift_assignments where id=?
Hibernate: delete from shift_assignments where id=?
2025-10-13T21:43:06.615+09:00 DEBUG 2284 --- [Shift Scheduler Demo] [           main] org.hibernate.SQL                        : delete from shift_assignments where id=?
Hibernate: delete from shift_assignments where id=?
2025-10-13T21:43:06.616+09:00 DEBUG 2284 --- [Shift Scheduler Demo] [           main] org.hibernate.SQL                        : delete from shift_assignments where id=?
Hibernate: delete from shift_assignments where id=?
2025-10-13T21:43:06.616+09:00 DEBUG 2284 --- [Shift Scheduler Demo] [           main] org.hibernate.SQL                        : delete from shift_assignments where id=?
Hibernate: delete from shift_assignments where id=?
2025-10-13T21:43:06.616+09:00 DEBUG 2284 --- [Shift Scheduler Demo] [           main] org.hibernate.SQL                        : delete from shift_assignments where id=?
Hibernate: delete from shift_assignments where id=?
2025-10-13T21:43:06.617+09:00 DEBUG 2284 --- [Shift Scheduler Demo] [           main] org.hibernate.SQL                        : delete from shift_assignments where id=?
Hibernate: delete from shift_assignments where id=?
2025-10-13T21:43:06.617+09:00 DEBUG 2284 --- [Shift Scheduler Demo] [           main] org.hibernate.SQL                        : delete from shift_assignments where id=?
Hibernate: delete from shift_assignments where id=?
2025-10-13T21:43:06.617+09:00 DEBUG 2284 --- [Shift Scheduler Demo] [           main] org.hibernate.SQL                        : delete from shift_assignments where id=?
Hibernate: delete from shift_assignments where id=?
2025-10-13T21:43:06.617+09:00 DEBUG 2284 --- [Shift Scheduler Demo] [           main] org.hibernate.SQL                        : delete from shift_assignments where id=?
Hibernate: delete from shift_assignments where id=?
2025-10-13T21:43:06.617+09:00 DEBUG 2284 --- [Shift Scheduler Demo] [           main] org.hibernate.SQL                        : delete from shift_assignments where id=?
Hibernate: delete from shift_assignments where id=?
2025-10-13T21:43:06.617+09:00 DEBUG 2284 --- [Shift Scheduler Demo] [           main] org.hibernate.SQL                        : delete from shift_assignments where id=?
Hibernate: delete from shift_assignments where id=?
2025-10-13T21:43:06.618+09:00 DEBUG 2284 --- [Shift Scheduler Demo] [           main] org.hibernate.SQL                        : delete from shift_assignments where id=?
Hibernate: delete from shift_assignments where id=?
2025-10-13T21:43:06.618+09:00 DEBUG 2284 --- [Shift Scheduler Demo] [           main] org.hibernate.SQL                        : delete from shift_assignments where id=?
Hibernate: delete from shift_assignments where id=?
2025-10-13T21:43:06.618+09:00 DEBUG 2284 --- [Shift Scheduler Demo] [           main] org.hibernate.SQL                        : delete from shift_assignments where id=?
Hibernate: delete from shift_assignments where id=?
2025-10-13T21:43:06.618+09:00 DEBUG 2284 --- [Shift Scheduler Demo] [           main] org.hibernate.SQL                        : delete from shift_assignments where id=?
Hibernate: delete from shift_assignments where id=?
2025-10-13T21:43:06.618+09:00 DEBUG 2284 --- [Shift Scheduler Demo] [           main] org.hibernate.SQL                        : delete from shift_assignments where id=?
Hibernate: delete from shift_assignments where id=?
2025-10-13T21:43:06.618+09:00 DEBUG 2284 --- [Shift Scheduler Demo] [           main] org.hibernate.SQL                        : delete from shift_assignments where id=?
Hibernate: delete from shift_assignments where id=?
2025-10-13T21:43:06.618+09:00 DEBUG 2284 --- [Shift Scheduler Demo] [           main] org.hibernate.SQL                        : delete from shift_assignments where id=?
Hibernate: delete from shift_assignments where id=?
2025-10-13T21:43:06.618+09:00 DEBUG 2284 --- [Shift Scheduler Demo] [           main] org.hibernate.SQL                        : delete from shift_assignments where id=?
Hibernate: delete from shift_assignments where id=?
2025-10-13T21:43:06.619+09:00 DEBUG 2284 --- [Shift Scheduler Demo] [           main] org.hibernate.SQL                        : delete from shift_assignments where id=?
Hibernate: delete from shift_assignments where id=?
2025-10-13T21:43:06.619+09:00 DEBUG 2284 --- [Shift Scheduler Demo] [           main] org.hibernate.SQL                        : delete from shift_assignments where id=?
Hibernate: delete from shift_assignments where id=?
2025-10-13T21:43:06.619+09:00 DEBUG 2284 --- [Shift Scheduler Demo] [           main] org.hibernate.SQL                        : delete from shift_assignments where id=?
Hibernate: delete from shift_assignments where id=?
2025-10-13T21:43:06.619+09:00 DEBUG 2284 --- [Shift Scheduler Demo] [           main] org.hibernate.SQL                        : delete from shift_assignments where id=?
Hibernate: delete from shift_assignments where id=?
2025-10-13T21:43:06.619+09:00 DEBUG 2284 --- [Shift Scheduler Demo] [           main] org.hibernate.SQL                        : delete from shift_assignments where id=?
Hibernate: delete from shift_assignments where id=?
2025-10-13T21:43:06.619+09:00 DEBUG 2284 --- [Shift Scheduler Demo] [           main] org.hibernate.SQL                        : delete from shift_assignments where id=?
Hibernate: delete from shift_assignments where id=?
2025-10-13T21:43:06.619+09:00 DEBUG 2284 --- [Shift Scheduler Demo] [           main] org.hibernate.SQL                        : delete from shift_assignments where id=?
Hibernate: delete from shift_assignments where id=?
2025-10-13T21:43:06.619+09:00 DEBUG 2284 --- [Shift Scheduler Demo] [           main] org.hibernate.SQL                        : delete from shift_assignments where id=?
Hibernate: delete from shift_assignments where id=?
2025-10-13T21:43:06.620+09:00 DEBUG 2284 --- [Shift Scheduler Demo] [           main] org.hibernate.SQL                        : delete from shift_assignments where id=?
Hibernate: delete from shift_assignments where id=?
2025-10-13T21:43:06.620+09:00 DEBUG 2284 --- [Shift Scheduler Demo] [           main] org.hibernate.SQL                        : delete from shift_assignments where id=?
Hibernate: delete from shift_assignments where id=?
2025-10-13T21:43:06.620+09:00 DEBUG 2284 --- [Shift Scheduler Demo] [           main] org.hibernate.SQL                        : delete from shift_assignments where id=?
Hibernate: delete from shift_assignments where id=?
2025-10-13T21:43:06.620+09:00 DEBUG 2284 --- [Shift Scheduler Demo] [           main] org.hibernate.SQL                        : delete from shift_assignments where id=?
Hibernate: delete from shift_assignments where id=?
2025-10-13T21:43:06.620+09:00 DEBUG 2284 --- [Shift Scheduler Demo] [           main] org.hibernate.SQL                        : delete from shift_assignments where id=?
Hibernate: delete from shift_assignments where id=?
2025-10-13T21:43:06.620+09:00 DEBUG 2284 --- [Shift Scheduler Demo] [           main] org.hibernate.SQL                        : delete from shift_assignments where id=?
Hibernate: delete from shift_assignments where id=?
2025-10-13T21:43:06.620+09:00 DEBUG 2284 --- [Shift Scheduler Demo] [           main] org.hibernate.SQL                        : delete from shift_assignments where id=?
Hibernate: delete from shift_assignments where id=?
2025-10-13T21:43:06.620+09:00 DEBUG 2284 --- [Shift Scheduler Demo] [           main] org.hibernate.SQL                        : delete from shift_assignments where id=?
Hibernate: delete from shift_assignments where id=?
2025-10-13T21:43:06.620+09:00 DEBUG 2284 --- [Shift Scheduler Demo] [           main] org.hibernate.SQL                        : delete from shift_assignments where id=?
Hibernate: delete from shift_assignments where id=?
2025-10-13T21:43:06.621+09:00 DEBUG 2284 --- [Shift Scheduler Demo] [           main] org.hibernate.SQL                        : delete from shift_assignments where id=?
Hibernate: delete from shift_assignments where id=?
2025-10-13T21:43:06.621+09:00 DEBUG 2284 --- [Shift Scheduler Demo] [           main] org.hibernate.SQL                        : delete from shift_assignments where id=?
Hibernate: delete from shift_assignments where id=?
2025-10-13T21:43:06.621+09:00 DEBUG 2284 --- [Shift Scheduler Demo] [           main] org.hibernate.SQL                        : delete from shift_assignments where id=?
Hibernate: delete from shift_assignments where id=?
2025-10-13T21:43:06.621+09:00 DEBUG 2284 --- [Shift Scheduler Demo] [           main] org.hibernate.SQL                        : delete from shift_assignments where id=?
Hibernate: delete from shift_assignments where id=?
2025-10-13T21:43:06.621+09:00 DEBUG 2284 --- [Shift Scheduler Demo] [           main] org.hibernate.SQL                        : delete from shift_assignments where id=?
Hibernate: delete from shift_assignments where id=?
2025-10-13T21:43:06.621+09:00 DEBUG 2284 --- [Shift Scheduler Demo] [           main] org.hibernate.SQL                        : delete from shift_assignments where id=?
Hibernate: delete from shift_assignments where id=?
2025-10-13T21:43:06.621+09:00 DEBUG 2284 --- [Shift Scheduler Demo] [           main] org.hibernate.SQL                        : delete from shift_assignments where id=?
Hibernate: delete from shift_assignments where id=?
2025-10-13T21:43:06.621+09:00 DEBUG 2284 --- [Shift Scheduler Demo] [           main] org.hibernate.SQL                        : delete from shift_assignments where id=?
Hibernate: delete from shift_assignments where id=?
2025-10-13T21:43:06.622+09:00 DEBUG 2284 --- [Shift Scheduler Demo] [           main] org.hibernate.SQL                        : delete from shift_assignments where id=?
Hibernate: delete from shift_assignments where id=?
2025-10-13T21:43:06.622+09:00 DEBUG 2284 --- [Shift Scheduler Demo] [           main] org.hibernate.SQL                        : delete from shift_assignments where id=?
Hibernate: delete from shift_assignments where id=?
2025-10-13T21:43:06.622+09:00 DEBUG 2284 --- [Shift Scheduler Demo] [           main] org.hibernate.SQL                        : delete from shift_assignments where id=?
Hibernate: delete from shift_assignments where id=?
2025-10-13T21:43:06.622+09:00 DEBUG 2284 --- [Shift Scheduler Demo] [           main] org.hibernate.SQL                        : delete from shift_assignments where id=?
Hibernate: delete from shift_assignments where id=?
2025-10-13T21:43:06.622+09:00 DEBUG 2284 --- [Shift Scheduler Demo] [           main] org.hibernate.SQL                        : delete from shift_assignments where id=?
Hibernate: delete from shift_assignments where id=?
2025-10-13T21:43:06.622+09:00 DEBUG 2284 --- [Shift Scheduler Demo] [           main] org.hibernate.SQL                        : delete from shift_assignments where id=?
Hibernate: delete from shift_assignments where id=?
2025-10-13T21:43:06.622+09:00 DEBUG 2284 --- [Shift Scheduler Demo] [           main] org.hibernate.SQL                        : delete from shift_assignments where id=?
Hibernate: delete from shift_assignments where id=?
2025-10-13T21:43:06.622+09:00 DEBUG 2284 --- [Shift Scheduler Demo] [           main] org.hibernate.SQL                        : delete from shift_assignments where id=?
Hibernate: delete from shift_assignments where id=?
2025-10-13T21:43:06.623+09:00 DEBUG 2284 --- [Shift Scheduler Demo] [           main] org.hibernate.SQL                        : delete from shift_assignments where id=?
Hibernate: delete from shift_assignments where id=?
2025-10-13T21:43:06.623+09:00 DEBUG 2284 --- [Shift Scheduler Demo] [           main] org.hibernate.SQL                        : delete from shift_assignments where id=?
Hibernate: delete from shift_assignments where id=?
2025-10-13T21:43:06.623+09:00 DEBUG 2284 --- [Shift Scheduler Demo] [           main] org.hibernate.SQL                        : delete from shift_assignments where id=?
Hibernate: delete from shift_assignments where id=?
2025-10-13T21:43:06.623+09:00 DEBUG 2284 --- [Shift Scheduler Demo] [           main] org.hibernate.SQL                        : delete from shift_assignments where id=?
Hibernate: delete from shift_assignments where id=?
2025-10-13T21:43:06.623+09:00 DEBUG 2284 --- [Shift Scheduler Demo] [           main] org.hibernate.SQL                        : delete from shift_assignments where id=?
Hibernate: delete from shift_assignments where id=?
2025-10-13T21:43:06.623+09:00 DEBUG 2284 --- [Shift Scheduler Demo] [           main] org.hibernate.SQL                        : delete from shift_assignments where id=?
Hibernate: delete from shift_assignments where id=?
2025-10-13T21:43:06.623+09:00 DEBUG 2284 --- [Shift Scheduler Demo] [           main] org.hibernate.SQL                        : delete from shift_assignments where id=?
Hibernate: delete from shift_assignments where id=?
2025-10-13T21:43:06.623+09:00 DEBUG 2284 --- [Shift Scheduler Demo] [           main] org.hibernate.SQL                        : delete from shift_assignments where id=?
Hibernate: delete from shift_assignments where id=?
2025-10-13T21:43:06.623+09:00 DEBUG 2284 --- [Shift Scheduler Demo] [           main] org.hibernate.SQL                        : delete from shift_assignments where id=?
Hibernate: delete from shift_assignments where id=?
2025-10-13T21:43:06.624+09:00 DEBUG 2284 --- [Shift Scheduler Demo] [           main] org.hibernate.SQL                        : delete from shift_assignments where id=?
Hibernate: delete from shift_assignments where id=?
2025-10-13T21:43:06.624+09:00 DEBUG 2284 --- [Shift Scheduler Demo] [           main] org.hibernate.SQL                        : delete from shift_assignments where id=?
Hibernate: delete from shift_assignments where id=?
2025-10-13T21:43:06.624+09:00 DEBUG 2284 --- [Shift Scheduler Demo] [           main] org.hibernate.SQL                        : delete from shift_assignments where id=?
Hibernate: delete from shift_assignments where id=?
2025-10-13T21:43:06.624+09:00 DEBUG 2284 --- [Shift Scheduler Demo] [           main] org.hibernate.SQL                        : delete from shift_assignments where id=?
Hibernate: delete from shift_assignments where id=?
2025-10-13T21:43:06.624+09:00 DEBUG 2284 --- [Shift Scheduler Demo] [           main] org.hibernate.SQL                        : delete from shift_assignments where id=?
Hibernate: delete from shift_assignments where id=?
2025-10-13T21:43:06.624+09:00 DEBUG 2284 --- [Shift Scheduler Demo] [           main] org.hibernate.SQL                        : delete from shift_assignments where id=?
Hibernate: delete from shift_assignments where id=?
2025-10-13T21:43:06.624+09:00 DEBUG 2284 --- [Shift Scheduler Demo] [           main] org.hibernate.SQL                        : delete from shift_assignments where id=?
Hibernate: delete from shift_assignments where id=?
2025-10-13T21:43:06.624+09:00 DEBUG 2284 --- [Shift Scheduler Demo] [           main] org.hibernate.SQL                        : delete from shift_assignments where id=?
Hibernate: delete from shift_assignments where id=?
2025-10-13T21:43:06.624+09:00 DEBUG 2284 --- [Shift Scheduler Demo] [           main] org.hibernate.SQL                        : delete from shift_assignments where id=?
Hibernate: delete from shift_assignments where id=?
2025-10-13T21:43:06.624+09:00 DEBUG 2284 --- [Shift Scheduler Demo] [           main] org.hibernate.SQL                        : delete from shift_assignments where id=?
Hibernate: delete from shift_assignments where id=?
2025-10-13T21:43:06.624+09:00 DEBUG 2284 --- [Shift Scheduler Demo] [           main] org.hibernate.SQL                        : delete from shift_assignments where id=?
Hibernate: delete from shift_assignments where id=?
2025-10-13T21:43:06.625+09:00 DEBUG 2284 --- [Shift Scheduler Demo] [           main] org.hibernate.SQL                        : delete from shift_assignments where id=?
Hibernate: delete from shift_assignments where id=?
2025-10-13T21:43:06.625+09:00 DEBUG 2284 --- [Shift Scheduler Demo] [           main] org.hibernate.SQL                        : delete from shift_assignments where id=?
Hibernate: delete from shift_assignments where id=?
2025-10-13T21:43:06.625+09:00 DEBUG 2284 --- [Shift Scheduler Demo] [           main] org.hibernate.SQL                        : delete from shift_assignments where id=?
Hibernate: delete from shift_assignments where id=?
2025-10-13T21:43:06.625+09:00 DEBUG 2284 --- [Shift Scheduler Demo] [           main] org.hibernate.SQL                        : delete from shift_assignments where id=?
Hibernate: delete from shift_assignments where id=?
2025-10-13T21:43:06.625+09:00 DEBUG 2284 --- [Shift Scheduler Demo] [           main] org.hibernate.SQL                        : delete from shift_assignments where id=?
Hibernate: delete from shift_assignments where id=?
2025-10-13T21:43:06.625+09:00 DEBUG 2284 --- [Shift Scheduler Demo] [           main] org.hibernate.SQL                        : delete from shift_assignments where id=?
Hibernate: delete from shift_assignments where id=?
2025-10-13T21:43:06.625+09:00 DEBUG 2284 --- [Shift Scheduler Demo] [           main] org.hibernate.SQL                        : delete from shift_assignments where id=?
Hibernate: delete from shift_assignments where id=?
2025-10-13T21:43:06.625+09:00 DEBUG 2284 --- [Shift Scheduler Demo] [           main] org.hibernate.SQL                        : delete from shift_assignments where id=?
Hibernate: delete from shift_assignments where id=?
2025-10-13T21:43:06.625+09:00 DEBUG 2284 --- [Shift Scheduler Demo] [           main] org.hibernate.SQL                        : delete from shift_assignments where id=?
Hibernate: delete from shift_assignments where id=?
2025-10-13T21:43:06.626+09:00 DEBUG 2284 --- [Shift Scheduler Demo] [           main] org.hibernate.SQL                        : delete from shift_assignments where id=?
Hibernate: delete from shift_assignments where id=?
2025-10-13T21:43:06.626+09:00 DEBUG 2284 --- [Shift Scheduler Demo] [           main] org.hibernate.SQL                        : delete from shift_assignments where id=?
Hibernate: delete from shift_assignments where id=?
2025-10-13T21:43:06.626+09:00 DEBUG 2284 --- [Shift Scheduler Demo] [           main] org.hibernate.SQL                        : delete from shift_assignments where id=?
Hibernate: delete from shift_assignments where id=?
2025-10-13T21:43:06.626+09:00 DEBUG 2284 --- [Shift Scheduler Demo] [           main] org.hibernate.SQL                        : delete from shift_assignments where id=?
Hibernate: delete from shift_assignments where id=?
2025-10-13T21:43:06.626+09:00 DEBUG 2284 --- [Shift Scheduler Demo] [           main] org.hibernate.SQL                        : delete from shift_assignments where id=?
Hibernate: delete from shift_assignments where id=?
2025-10-13T21:43:06.626+09:00 DEBUG 2284 --- [Shift Scheduler Demo] [           main] org.hibernate.SQL                        : delete from shift_assignments where id=?
Hibernate: delete from shift_assignments where id=?
2025-10-13T21:43:06.626+09:00 DEBUG 2284 --- [Shift Scheduler Demo] [           main] org.hibernate.SQL                        : delete from shift_assignments where id=?
Hibernate: delete from shift_assignments where id=?
2025-10-13T21:43:06.626+09:00 DEBUG 2284 --- [Shift Scheduler Demo] [           main] org.hibernate.SQL                        : delete from shift_assignments where id=?
Hibernate: delete from shift_assignments where id=?
2025-10-13T21:43:06.626+09:00 DEBUG 2284 --- [Shift Scheduler Demo] [           main] org.hibernate.SQL                        : delete from shift_assignments where id=?
Hibernate: delete from shift_assignments where id=?
2025-10-13T21:43:06.627+09:00 DEBUG 2284 --- [Shift Scheduler Demo] [           main] org.hibernate.SQL                        : delete from shift_assignments where id=?
Hibernate: delete from shift_assignments where id=?
2025-10-13T21:43:06.627+09:00 DEBUG 2284 --- [Shift Scheduler Demo] [           main] org.hibernate.SQL                        : delete from shift_assignments where id=?
Hibernate: delete from shift_assignments where id=?
2025-10-13T21:43:06.627+09:00 DEBUG 2284 --- [Shift Scheduler Demo] [           main] org.hibernate.SQL                        : delete from shift_assignments where id=?
Hibernate: delete from shift_assignments where id=?
2025-10-13T21:43:06.627+09:00 DEBUG 2284 --- [Shift Scheduler Demo] [           main] org.hibernate.SQL                        : delete from shift_assignments where id=?
Hibernate: delete from shift_assignments where id=?
2025-10-13T21:43:06.627+09:00 DEBUG 2284 --- [Shift Scheduler Demo] [           main] org.hibernate.SQL                        : delete from shift_assignments where id=?
Hibernate: delete from shift_assignments where id=?
2025-10-13T21:43:06.627+09:00 DEBUG 2284 --- [Shift Scheduler Demo] [           main] org.hibernate.SQL                        : delete from shift_assignments where id=?
Hibernate: delete from shift_assignments where id=?
2025-10-13T21:43:06.628+09:00 DEBUG 2284 --- [Shift Scheduler Demo] [           main] org.hibernate.SQL                        : delete from shift_assignments where id=?
Hibernate: delete from shift_assignments where id=?
2025-10-13T21:43:06.628+09:00 DEBUG 2284 --- [Shift Scheduler Demo] [           main] org.hibernate.SQL                        : delete from shift_assignments where id=?
Hibernate: delete from shift_assignments where id=?
2025-10-13T21:43:06.628+09:00 DEBUG 2284 --- [Shift Scheduler Demo] [           main] org.hibernate.SQL                        : delete from shift_assignments where id=?
Hibernate: delete from shift_assignments where id=?
2025-10-13T21:43:06.628+09:00 DEBUG 2284 --- [Shift Scheduler Demo] [           main] org.hibernate.SQL                        : delete from shift_assignments where id=?
Hibernate: delete from shift_assignments where id=?
2025-10-13T21:43:06.628+09:00 DEBUG 2284 --- [Shift Scheduler Demo] [           main] org.hibernate.SQL                        : delete from shift_assignments where id=?
Hibernate: delete from shift_assignments where id=?
2025-10-13T21:43:06.628+09:00 DEBUG 2284 --- [Shift Scheduler Demo] [           main] org.hibernate.SQL                        : delete from shift_assignments where id=?
Hibernate: delete from shift_assignments where id=?
2025-10-13T21:43:06.628+09:00 DEBUG 2284 --- [Shift Scheduler Demo] [           main] org.hibernate.SQL                        : delete from shift_assignments where id=?
Hibernate: delete from shift_assignments where id=?
2025-10-13T21:43:06.628+09:00 DEBUG 2284 --- [Shift Scheduler Demo] [           main] org.hibernate.SQL                        : delete from shift_assignments where id=?
Hibernate: delete from shift_assignments where id=?
2025-10-13T21:43:06.629+09:00 DEBUG 2284 --- [Shift Scheduler Demo] [           main] org.hibernate.SQL                        : delete from shift_assignments where id=?
Hibernate: delete from shift_assignments where id=?
2025-10-13T21:43:06.629+09:00 DEBUG 2284 --- [Shift Scheduler Demo] [           main] org.hibernate.SQL                        : delete from shift_assignments where id=?
Hibernate: delete from shift_assignments where id=?
2025-10-13T21:43:06.629+09:00 DEBUG 2284 --- [Shift Scheduler Demo] [           main] org.hibernate.SQL                        : delete from shift_assignments where id=?
Hibernate: delete from shift_assignments where id=?
2025-10-13T21:43:06.629+09:00 DEBUG 2284 --- [Shift Scheduler Demo] [           main] org.hibernate.SQL                        : delete from shift_assignments where id=?
Hibernate: delete from shift_assignments where id=?
2025-10-13T21:43:06.629+09:00 DEBUG 2284 --- [Shift Scheduler Demo] [           main] org.hibernate.SQL                        : delete from shift_assignments where id=?
Hibernate: delete from shift_assignments where id=?
2025-10-13T21:43:06.629+09:00 DEBUG 2284 --- [Shift Scheduler Demo] [           main] org.hibernate.SQL                        : delete from shift_assignments where id=?
Hibernate: delete from shift_assignments where id=?
2025-10-13T21:43:06.629+09:00 DEBUG 2284 --- [Shift Scheduler Demo] [           main] org.hibernate.SQL                        : delete from shift_assignments where id=?
Hibernate: delete from shift_assignments where id=?
2025-10-13T21:43:06.629+09:00 DEBUG 2284 --- [Shift Scheduler Demo] [           main] org.hibernate.SQL                        : delete from shift_assignments where id=?
Hibernate: delete from shift_assignments where id=?
2025-10-13T21:43:06.630+09:00 DEBUG 2284 --- [Shift Scheduler Demo] [           main] org.hibernate.SQL                        : delete from shift_assignments where id=?
Hibernate: delete from shift_assignments where id=?
2025-10-13T21:43:06.630+09:00 DEBUG 2284 --- [Shift Scheduler Demo] [           main] org.hibernate.SQL                        : delete from shift_assignments where id=?
Hibernate: delete from shift_assignments where id=?
2025-10-13T21:43:06.630+09:00 DEBUG 2284 --- [Shift Scheduler Demo] [           main] org.hibernate.SQL                        : delete from shift_assignments where id=?
Hibernate: delete from shift_assignments where id=?
2025-10-13T21:43:06.630+09:00 DEBUG 2284 --- [Shift Scheduler Demo] [           main] org.hibernate.SQL                        : delete from shift_assignments where id=?
Hibernate: delete from shift_assignments where id=?
2025-10-13T21:43:06.630+09:00 DEBUG 2284 --- [Shift Scheduler Demo] [           main] org.hibernate.SQL                        : delete from shift_assignments where id=?
Hibernate: delete from shift_assignments where id=?
2025-10-13T21:43:06.630+09:00 DEBUG 2284 --- [Shift Scheduler Demo] [           main] org.hibernate.SQL                        : delete from shift_assignments where id=?
Hibernate: delete from shift_assignments where id=?
2025-10-13T21:43:06.630+09:00 DEBUG 2284 --- [Shift Scheduler Demo] [           main] org.hibernate.SQL                        : delete from shift_assignments where id=?
Hibernate: delete from shift_assignments where id=?
2025-10-13T21:43:06.630+09:00 DEBUG 2284 --- [Shift Scheduler Demo] [           main] org.hibernate.SQL                        : delete from shift_assignments where id=?
Hibernate: delete from shift_assignments where id=?
2025-10-13T21:43:06.631+09:00 DEBUG 2284 --- [Shift Scheduler Demo] [           main] org.hibernate.SQL                        : delete from shift_assignments where id=?
Hibernate: delete from shift_assignments where id=?
2025-10-13T21:43:06.631+09:00 DEBUG 2284 --- [Shift Scheduler Demo] [           main] org.hibernate.SQL                        : delete from shift_assignments where id=?
Hibernate: delete from shift_assignments where id=?
2025-10-13T21:43:06.631+09:00 DEBUG 2284 --- [Shift Scheduler Demo] [           main] org.hibernate.SQL                        : delete from shift_assignments where id=?
Hibernate: delete from shift_assignments where id=?
2025-10-13T21:43:06.631+09:00 DEBUG 2284 --- [Shift Scheduler Demo] [           main] org.hibernate.SQL                        : delete from shift_assignments where id=?
Hibernate: delete from shift_assignments where id=?
2025-10-13T21:43:06.631+09:00 DEBUG 2284 --- [Shift Scheduler Demo] [           main] org.hibernate.SQL                        : delete from shift_assignments where id=?
Hibernate: delete from shift_assignments where id=?
2025-10-13T21:43:06.631+09:00 DEBUG 2284 --- [Shift Scheduler Demo] [           main] org.hibernate.SQL                        : delete from shift_assignments where id=?
Hibernate: delete from shift_assignments where id=?
2025-10-13T21:43:06.631+09:00 DEBUG 2284 --- [Shift Scheduler Demo] [           main] org.hibernate.SQL                        : delete from shift_assignments where id=?
Hibernate: delete from shift_assignments where id=?
2025-10-13T21:43:06.631+09:00 DEBUG 2284 --- [Shift Scheduler Demo] [           main] org.hibernate.SQL                        : delete from shift_assignments where id=?
Hibernate: delete from shift_assignments where id=?
2025-10-13T21:43:06.632+09:00 DEBUG 2284 --- [Shift Scheduler Demo] [           main] org.hibernate.SQL                        : delete from shift_assignments where id=?
Hibernate: delete from shift_assignments where id=?
2025-10-13T21:43:06.632+09:00 DEBUG 2284 --- [Shift Scheduler Demo] [           main] org.hibernate.SQL                        : delete from shift_assignments where id=?
Hibernate: delete from shift_assignments where id=?
2025-10-13T21:43:06.632+09:00 DEBUG 2284 --- [Shift Scheduler Demo] [           main] org.hibernate.SQL                        : delete from shift_assignments where id=?
Hibernate: delete from shift_assignments where id=?
2025-10-13T21:43:06.632+09:00 DEBUG 2284 --- [Shift Scheduler Demo] [           main] org.hibernate.SQL                        : delete from shift_assignments where id=?
Hibernate: delete from shift_assignments where id=?
2025-10-13T21:43:06.632+09:00 DEBUG 2284 --- [Shift Scheduler Demo] [           main] org.hibernate.SQL                        : delete from shift_assignments where id=?
Hibernate: delete from shift_assignments where id=?
2025-10-13T21:43:06.632+09:00 DEBUG 2284 --- [Shift Scheduler Demo] [           main] org.hibernate.SQL                        : delete from shift_assignments where id=?
Hibernate: delete from shift_assignments where id=?
2025-10-13T21:43:06.632+09:00 DEBUG 2284 --- [Shift Scheduler Demo] [           main] org.hibernate.SQL                        : delete from shift_assignments where id=?
Hibernate: delete from shift_assignments where id=?
2025-10-13T21:43:06.632+09:00 DEBUG 2284 --- [Shift Scheduler Demo] [           main] org.hibernate.SQL                        : delete from shift_assignments where id=?
Hibernate: delete from shift_assignments where id=?
2025-10-13T21:43:06.632+09:00 DEBUG 2284 --- [Shift Scheduler Demo] [           main] org.hibernate.SQL                        : delete from shift_assignments where id=?
Hibernate: delete from shift_assignments where id=?
2025-10-13T21:43:06.632+09:00 DEBUG 2284 --- [Shift Scheduler Demo] [           main] org.hibernate.SQL                        : delete from shift_assignments where id=?
Hibernate: delete from shift_assignments where id=?
2025-10-13T21:43:06.632+09:00 DEBUG 2284 --- [Shift Scheduler Demo] [           main] org.hibernate.SQL                        : delete from shift_assignments where id=?
Hibernate: delete from shift_assignments where id=?
2025-10-13T21:43:06.633+09:00 DEBUG 2284 --- [Shift Scheduler Demo] [           main] org.hibernate.SQL                        : delete from shift_assignments where id=?
Hibernate: delete from shift_assignments where id=?
2025-10-13T21:43:06.633+09:00 DEBUG 2284 --- [Shift Scheduler Demo] [           main] org.hibernate.SQL                        : delete from shift_assignments where id=?
Hibernate: delete from shift_assignments where id=?
2025-10-13T21:43:06.633+09:00 DEBUG 2284 --- [Shift Scheduler Demo] [           main] org.hibernate.SQL                        : delete from shift_assignments where id=?
Hibernate: delete from shift_assignments where id=?
2025-10-13T21:43:06.633+09:00 DEBUG 2284 --- [Shift Scheduler Demo] [           main] org.hibernate.SQL                        : delete from shift_assignments where id=?
Hibernate: delete from shift_assignments where id=?
2025-10-13T21:43:06.633+09:00 DEBUG 2284 --- [Shift Scheduler Demo] [           main] org.hibernate.SQL                        : delete from shift_assignments where id=?
Hibernate: delete from shift_assignments where id=?
2025-10-13T21:43:06.633+09:00 DEBUG 2284 --- [Shift Scheduler Demo] [           main] org.hibernate.SQL                        : delete from shift_assignments where id=?
Hibernate: delete from shift_assignments where id=?
2025-10-13T21:43:06.634+09:00 DEBUG 2284 --- [Shift Scheduler Demo] [           main] org.hibernate.SQL                        : delete from shift_assignments where id=?
Hibernate: delete from shift_assignments where id=?
2025-10-13T21:43:06.634+09:00 DEBUG 2284 --- [Shift Scheduler Demo] [           main] org.hibernate.SQL                        : delete from shift_assignments where id=?
Hibernate: delete from shift_assignments where id=?
2025-10-13T21:43:06.634+09:00 DEBUG 2284 --- [Shift Scheduler Demo] [           main] org.hibernate.SQL                        : delete from shift_assignments where id=?
Hibernate: delete from shift_assignments where id=?
2025-10-13T21:43:06.634+09:00 DEBUG 2284 --- [Shift Scheduler Demo] [           main] org.hibernate.SQL                        : delete from shift_assignments where id=?
Hibernate: delete from shift_assignments where id=?
2025-10-13T21:43:06.634+09:00 DEBUG 2284 --- [Shift Scheduler Demo] [           main] org.hibernate.SQL                        : delete from shift_assignments where id=?
Hibernate: delete from shift_assignments where id=?
2025-10-13T21:43:06.634+09:00 DEBUG 2284 --- [Shift Scheduler Demo] [           main] org.hibernate.SQL                        : delete from shift_assignments where id=?
Hibernate: delete from shift_assignments where id=?
2025-10-13T21:43:06.635+09:00 DEBUG 2284 --- [Shift Scheduler Demo] [           main] org.hibernate.SQL                        : delete from shift_assignments where id=?
Hibernate: delete from shift_assignments where id=?
2025-10-13T21:43:06.635+09:00 DEBUG 2284 --- [Shift Scheduler Demo] [           main] org.hibernate.SQL                        : delete from shift_assignments where id=?
Hibernate: delete from shift_assignments where id=?
2025-10-13T21:43:06.635+09:00 DEBUG 2284 --- [Shift Scheduler Demo] [           main] org.hibernate.SQL                        : delete from shift_assignments where id=?
Hibernate: delete from shift_assignments where id=?
2025-10-13T21:43:06.635+09:00 DEBUG 2284 --- [Shift Scheduler Demo] [           main] org.hibernate.SQL                        : delete from shift_assignments where id=?
Hibernate: delete from shift_assignments where id=?
2025-10-13T21:43:06.635+09:00 DEBUG 2284 --- [Shift Scheduler Demo] [           main] org.hibernate.SQL                        : delete from shift_assignments where id=?
Hibernate: delete from shift_assignments where id=?
2025-10-13T21:43:06.635+09:00 DEBUG 2284 --- [Shift Scheduler Demo] [           main] org.hibernate.SQL                        : delete from shift_assignments where id=?
Hibernate: delete from shift_assignments where id=?
2025-10-13T21:43:06.636+09:00 DEBUG 2284 --- [Shift Scheduler Demo] [           main] org.hibernate.SQL                        : delete from shift_assignments where id=?
Hibernate: delete from shift_assignments where id=?
2025-10-13T21:43:06.636+09:00 DEBUG 2284 --- [Shift Scheduler Demo] [           main] org.hibernate.SQL                        : delete from shift_assignments where id=?
Hibernate: delete from shift_assignments where id=?
2025-10-13T21:43:06.637+09:00 DEBUG 2284 --- [Shift Scheduler Demo] [           main] org.hibernate.SQL                        : delete from shift_assignments where id=?
Hibernate: delete from shift_assignments where id=?
2025-10-13T21:43:06.637+09:00 DEBUG 2284 --- [Shift Scheduler Demo] [           main] org.hibernate.SQL                        : delete from shift_assignments where id=?
Hibernate: delete from shift_assignments where id=?
2025-10-13T21:43:06.637+09:00 DEBUG 2284 --- [Shift Scheduler Demo] [           main] org.hibernate.SQL                        : delete from shift_assignments where id=?
Hibernate: delete from shift_assignments where id=?
2025-10-13T21:43:06.637+09:00 DEBUG 2284 --- [Shift Scheduler Demo] [           main] org.hibernate.SQL                        : delete from shift_assignments where id=?
Hibernate: delete from shift_assignments where id=?
2025-10-13T21:43:06.637+09:00 DEBUG 2284 --- [Shift Scheduler Demo] [           main] org.hibernate.SQL                        : delete from shift_assignments where id=?
Hibernate: delete from shift_assignments where id=?
2025-10-13T21:43:06.638+09:00 DEBUG 2284 --- [Shift Scheduler Demo] [           main] org.hibernate.SQL                        : delete from shift_assignments where id=?
Hibernate: delete from shift_assignments where id=?
2025-10-13T21:43:06.639+09:00 DEBUG 2284 --- [Shift Scheduler Demo] [           main] org.hibernate.SQL                        : delete from shift_assignments where id=?
Hibernate: delete from shift_assignments where id=?
2025-10-13T21:43:06.639+09:00 DEBUG 2284 --- [Shift Scheduler Demo] [           main] org.hibernate.SQL                        : delete from shift_assignments where id=?
Hibernate: delete from shift_assignments where id=?
2025-10-13T21:43:06.640+09:00 DEBUG 2284 --- [Shift Scheduler Demo] [           main] org.hibernate.SQL                        : delete from shift_assignments where id=?
Hibernate: delete from shift_assignments where id=?
2025-10-13T21:43:06.640+09:00 DEBUG 2284 --- [Shift Scheduler Demo] [           main] org.hibernate.SQL                        : delete from shift_assignments where id=?
Hibernate: delete from shift_assignments where id=?
2025-10-13T21:43:06.640+09:00 DEBUG 2284 --- [Shift Scheduler Demo] [           main] org.hibernate.SQL                        : delete from shift_assignments where id=?
Hibernate: delete from shift_assignments where id=?
2025-10-13T21:43:06.641+09:00 DEBUG 2284 --- [Shift Scheduler Demo] [           main] org.hibernate.SQL                        : delete from shift_assignments where id=?
Hibernate: delete from shift_assignments where id=?
2025-10-13T21:43:06.641+09:00 DEBUG 2284 --- [Shift Scheduler Demo] [           main] org.hibernate.SQL                        : delete from shift_assignments where id=?
Hibernate: delete from shift_assignments where id=?
2025-10-13T21:43:06.641+09:00 DEBUG 2284 --- [Shift Scheduler Demo] [           main] org.hibernate.SQL                        : delete from shift_assignments where id=?
Hibernate: delete from shift_assignments where id=?
2025-10-13T21:43:06.642+09:00 DEBUG 2284 --- [Shift Scheduler Demo] [           main] org.hibernate.SQL                        : delete from shift_assignments where id=?
Hibernate: delete from shift_assignments where id=?
2025-10-13T21:43:06.642+09:00 DEBUG 2284 --- [Shift Scheduler Demo] [           main] org.hibernate.SQL                        : delete from shift_assignments where id=?
Hibernate: delete from shift_assignments where id=?
2025-10-13T21:43:06.643+09:00 DEBUG 2284 --- [Shift Scheduler Demo] [           main] org.hibernate.SQL                        : delete from shift_assignments where id=?
Hibernate: delete from shift_assignments where id=?
2025-10-13T21:43:06.643+09:00 DEBUG 2284 --- [Shift Scheduler Demo] [           main] org.hibernate.SQL                        : delete from shift_assignments where id=?
Hibernate: delete from shift_assignments where id=?
2025-10-13T21:43:06.643+09:00 DEBUG 2284 --- [Shift Scheduler Demo] [           main] org.hibernate.SQL                        : delete from shift_assignments where id=?
Hibernate: delete from shift_assignments where id=?
2025-10-13T21:43:06.643+09:00 DEBUG 2284 --- [Shift Scheduler Demo] [           main] org.hibernate.SQL                        : delete from shift_assignments where id=?
Hibernate: delete from shift_assignments where id=?
2025-10-13T21:43:06.643+09:00 DEBUG 2284 --- [Shift Scheduler Demo] [           main] org.hibernate.SQL                        : delete from shift_assignments where id=?
Hibernate: delete from shift_assignments where id=?
2025-10-13T21:43:06.643+09:00 DEBUG 2284 --- [Shift Scheduler Demo] [           main] org.hibernate.SQL                        : delete from shift_assignments where id=?
Hibernate: delete from shift_assignments where id=?
2025-10-13T21:43:06.644+09:00 DEBUG 2284 --- [Shift Scheduler Demo] [           main] org.hibernate.SQL                        : delete from shift_assignments where id=?
Hibernate: delete from shift_assignments where id=?
2025-10-13T21:43:06.644+09:00 DEBUG 2284 --- [Shift Scheduler Demo] [           main] org.hibernate.SQL                        : delete from shift_assignments where id=?
Hibernate: delete from shift_assignments where id=?
2025-10-13T21:43:06.644+09:00 DEBUG 2284 --- [Shift Scheduler Demo] [           main] org.hibernate.SQL                        : delete from shift_assignments where id=?
Hibernate: delete from shift_assignments where id=?
2025-10-13T21:43:06.644+09:00 DEBUG 2284 --- [Shift Scheduler Demo] [           main] org.hibernate.SQL                        : delete from shift_assignments where id=?
Hibernate: delete from shift_assignments where id=?
2025-10-13T21:43:06.645+09:00 DEBUG 2284 --- [Shift Scheduler Demo] [           main] org.hibernate.SQL                        : delete from shift_assignments where id=?
Hibernate: delete from shift_assignments where id=?
2025-10-13T21:43:06.645+09:00 DEBUG 2284 --- [Shift Scheduler Demo] [           main] org.hibernate.SQL                        : delete from shift_assignments where id=?
Hibernate: delete from shift_assignments where id=?
2025-10-13T21:43:06.645+09:00 DEBUG 2284 --- [Shift Scheduler Demo] [           main] org.hibernate.SQL                        : delete from shift_assignments where id=?
Hibernate: delete from shift_assignments where id=?
2025-10-13T21:43:06.645+09:00 DEBUG 2284 --- [Shift Scheduler Demo] [           main] org.hibernate.SQL                        : delete from shift_assignments where id=?
Hibernate: delete from shift_assignments where id=?
2025-10-13T21:43:06.645+09:00 DEBUG 2284 --- [Shift Scheduler Demo] [           main] org.hibernate.SQL                        : delete from shift_assignments where id=?
Hibernate: delete from shift_assignments where id=?
2025-10-13T21:43:06.646+09:00 DEBUG 2284 --- [Shift Scheduler Demo] [           main] org.hibernate.SQL                        : delete from shift_assignments where id=?
Hibernate: delete from shift_assignments where id=?
2025-10-13T21:43:06.646+09:00 DEBUG 2284 --- [Shift Scheduler Demo] [           main] org.hibernate.SQL                        : delete from shift_assignments where id=?
Hibernate: delete from shift_assignments where id=?
2025-10-13T21:43:06.646+09:00 DEBUG 2284 --- [Shift Scheduler Demo] [           main] org.hibernate.SQL                        : delete from shift_assignments where id=?
Hibernate: delete from shift_assignments where id=?
2025-10-13T21:43:06.646+09:00 DEBUG 2284 --- [Shift Scheduler Demo] [           main] org.hibernate.SQL                        : delete from shift_assignments where id=?
Hibernate: delete from shift_assignments where id=?
2025-10-13T21:43:06.646+09:00 DEBUG 2284 --- [Shift Scheduler Demo] [           main] org.hibernate.SQL                        : delete from shift_assignments where id=?
Hibernate: delete from shift_assignments where id=?
2025-10-13T21:43:06.646+09:00 DEBUG 2284 --- [Shift Scheduler Demo] [           main] org.hibernate.SQL                        : delete from shift_assignments where id=?
Hibernate: delete from shift_assignments where id=?
2025-10-13T21:43:06.646+09:00 DEBUG 2284 --- [Shift Scheduler Demo] [           main] org.hibernate.SQL                        : delete from shift_assignments where id=?
Hibernate: delete from shift_assignments where id=?
2025-10-13T21:43:06.646+09:00 DEBUG 2284 --- [Shift Scheduler Demo] [           main] org.hibernate.SQL                        : delete from shift_assignments where id=?
Hibernate: delete from shift_assignments where id=?
2025-10-13T21:43:06.646+09:00 DEBUG 2284 --- [Shift Scheduler Demo] [           main] org.hibernate.SQL                        : delete from shift_assignments where id=?
Hibernate: delete from shift_assignments where id=?
2025-10-13T21:43:06.647+09:00 DEBUG 2284 --- [Shift Scheduler Demo] [           main] org.hibernate.SQL                        : delete from shift_assignments where id=?
Hibernate: delete from shift_assignments where id=?
2025-10-13T21:43:06.647+09:00 DEBUG 2284 --- [Shift Scheduler Demo] [           main] org.hibernate.SQL                        : delete from shift_assignments where id=?
Hibernate: delete from shift_assignments where id=?
2025-10-13T21:43:06.647+09:00 DEBUG 2284 --- [Shift Scheduler Demo] [           main] org.hibernate.SQL                        : delete from shift_assignments where id=?
Hibernate: delete from shift_assignments where id=?
2025-10-13T21:43:06.647+09:00 DEBUG 2284 --- [Shift Scheduler Demo] [           main] org.hibernate.SQL                        : delete from shift_assignments where id=?
Hibernate: delete from shift_assignments where id=?
2025-10-13T21:43:06.647+09:00 DEBUG 2284 --- [Shift Scheduler Demo] [           main] org.hibernate.SQL                        : delete from shift_assignments where id=?
Hibernate: delete from shift_assignments where id=?
2025-10-13T21:43:06.647+09:00 DEBUG 2284 --- [Shift Scheduler Demo] [           main] org.hibernate.SQL                        : delete from shift_assignments where id=?
Hibernate: delete from shift_assignments where id=?
2025-10-13T21:43:06.648+09:00 DEBUG 2284 --- [Shift Scheduler Demo] [           main] org.hibernate.SQL                        : delete from shift_assignments where id=?
Hibernate: delete from shift_assignments where id=?
2025-10-13T21:43:06.648+09:00 DEBUG 2284 --- [Shift Scheduler Demo] [           main] org.hibernate.SQL                        : delete from shift_assignments where id=?
Hibernate: delete from shift_assignments where id=?
2025-10-13T21:43:06.648+09:00 DEBUG 2284 --- [Shift Scheduler Demo] [           main] org.hibernate.SQL                        : delete from shift_assignments where id=?
Hibernate: delete from shift_assignments where id=?
2025-10-13T21:43:06.648+09:00 DEBUG 2284 --- [Shift Scheduler Demo] [           main] org.hibernate.SQL                        : delete from shift_assignments where id=?
Hibernate: delete from shift_assignments where id=?
2025-10-13T21:43:06.648+09:00 DEBUG 2284 --- [Shift Scheduler Demo] [           main] org.hibernate.SQL                        : delete from shift_assignments where id=?
Hibernate: delete from shift_assignments where id=?
2025-10-13T21:43:06.649+09:00 DEBUG 2284 --- [Shift Scheduler Demo] [           main] org.hibernate.SQL                        : delete from shift_assignments where id=?
Hibernate: delete from shift_assignments where id=?
2025-10-13T21:43:06.649+09:00 DEBUG 2284 --- [Shift Scheduler Demo] [           main] org.hibernate.SQL                        : delete from shift_assignments where id=?
Hibernate: delete from shift_assignments where id=?
2025-10-13T21:43:06.649+09:00 DEBUG 2284 --- [Shift Scheduler Demo] [           main] org.hibernate.SQL                        : delete from shift_assignments where id=?
Hibernate: delete from shift_assignments where id=?
2025-10-13T21:43:06.649+09:00 DEBUG 2284 --- [Shift Scheduler Demo] [           main] org.hibernate.SQL                        : delete from shift_assignments where id=?
Hibernate: delete from shift_assignments where id=?
2025-10-13T21:43:06.649+09:00 DEBUG 2284 --- [Shift Scheduler Demo] [           main] org.hibernate.SQL                        : delete from shift_assignments where id=?
Hibernate: delete from shift_assignments where id=?
2025-10-13T21:43:06.649+09:00 DEBUG 2284 --- [Shift Scheduler Demo] [           main] org.hibernate.SQL                        : delete from shift_assignments where id=?
Hibernate: delete from shift_assignments where id=?
2025-10-13T21:43:06.649+09:00 DEBUG 2284 --- [Shift Scheduler Demo] [           main] org.hibernate.SQL                        : delete from shift_assignments where id=?
Hibernate: delete from shift_assignments where id=?
2025-10-13T21:43:06.650+09:00 DEBUG 2284 --- [Shift Scheduler Demo] [           main] org.hibernate.SQL                        : delete from shift_assignments where id=?
Hibernate: delete from shift_assignments where id=?
2025-10-13T21:43:06.650+09:00 DEBUG 2284 --- [Shift Scheduler Demo] [           main] org.hibernate.SQL                        : delete from shift_assignments where id=?
Hibernate: delete from shift_assignments where id=?
2025-10-13T21:43:06.650+09:00 DEBUG 2284 --- [Shift Scheduler Demo] [           main] org.hibernate.SQL                        : delete from shift_assignments where id=?
Hibernate: delete from shift_assignments where id=?
2025-10-13T21:43:06.650+09:00 DEBUG 2284 --- [Shift Scheduler Demo] [           main] org.hibernate.SQL                        : delete from shift_assignments where id=?
Hibernate: delete from shift_assignments where id=?
2025-10-13T21:43:06.650+09:00 DEBUG 2284 --- [Shift Scheduler Demo] [           main] org.hibernate.SQL                        : delete from shift_assignments where id=?
Hibernate: delete from shift_assignments where id=?
2025-10-13T21:43:06.650+09:00 DEBUG 2284 --- [Shift Scheduler Demo] [           main] org.hibernate.SQL                        : delete from shift_assignments where id=?
Hibernate: delete from shift_assignments where id=?
2025-10-13T21:43:06.651+09:00 DEBUG 2284 --- [Shift Scheduler Demo] [           main] org.hibernate.SQL                        : delete from shift_assignments where id=?
Hibernate: delete from shift_assignments where id=?
2025-10-13T21:43:06.651+09:00 DEBUG 2284 --- [Shift Scheduler Demo] [           main] org.hibernate.SQL                        : delete from shift_assignments where id=?
Hibernate: delete from shift_assignments where id=?
2025-10-13T21:43:06.651+09:00 DEBUG 2284 --- [Shift Scheduler Demo] [           main] org.hibernate.SQL                        : delete from shift_assignments where id=?
Hibernate: delete from shift_assignments where id=?
2025-10-13T21:43:06.651+09:00 DEBUG 2284 --- [Shift Scheduler Demo] [           main] org.hibernate.SQL                        : delete from shift_assignments where id=?
Hibernate: delete from shift_assignments where id=?
2025-10-13T21:43:06.652+09:00 DEBUG 2284 --- [Shift Scheduler Demo] [           main] org.hibernate.SQL                        : delete from shift_assignments where id=?
Hibernate: delete from shift_assignments where id=?
2025-10-13T21:43:06.652+09:00 DEBUG 2284 --- [Shift Scheduler Demo] [           main] org.hibernate.SQL                        : delete from shift_assignments where id=?
Hibernate: delete from shift_assignments where id=?
2025-10-13T21:43:06.652+09:00 DEBUG 2284 --- [Shift Scheduler Demo] [           main] org.hibernate.SQL                        : delete from shift_assignments where id=?
Hibernate: delete from shift_assignments where id=?
2025-10-13T21:43:06.652+09:00 DEBUG 2284 --- [Shift Scheduler Demo] [           main] org.hibernate.SQL                        : delete from shift_assignments where id=?
Hibernate: delete from shift_assignments where id=?
2025-10-13T21:43:06.652+09:00 DEBUG 2284 --- [Shift Scheduler Demo] [           main] org.hibernate.SQL                        : delete from shift_assignments where id=?
Hibernate: delete from shift_assignments where id=?
2025-10-13T21:43:06.653+09:00 DEBUG 2284 --- [Shift Scheduler Demo] [           main] org.hibernate.SQL                        : delete from shift_assignments where id=?
Hibernate: delete from shift_assignments where id=?
2025-10-13T21:43:06.653+09:00 DEBUG 2284 --- [Shift Scheduler Demo] [           main] org.hibernate.SQL                        : delete from shift_assignments where id=?
Hibernate: delete from shift_assignments where id=?
2025-10-13T21:43:06.653+09:00 DEBUG 2284 --- [Shift Scheduler Demo] [           main] org.hibernate.SQL                        : delete from shift_assignments where id=?
Hibernate: delete from shift_assignments where id=?
2025-10-13T21:43:06.653+09:00 DEBUG 2284 --- [Shift Scheduler Demo] [           main] org.hibernate.SQL                        : delete from shift_assignments where id=?
Hibernate: delete from shift_assignments where id=?
2025-10-13T21:43:06.653+09:00 DEBUG 2284 --- [Shift Scheduler Demo] [           main] org.hibernate.SQL                        : delete from shift_assignments where id=?
Hibernate: delete from shift_assignments where id=?
2025-10-13T21:43:06.654+09:00 DEBUG 2284 --- [Shift Scheduler Demo] [           main] org.hibernate.SQL                        : delete from shift_assignments where id=?
Hibernate: delete from shift_assignments where id=?
2025-10-13T21:43:06.654+09:00 DEBUG 2284 --- [Shift Scheduler Demo] [           main] org.hibernate.SQL                        : delete from shift_assignments where id=?
Hibernate: delete from shift_assignments where id=?
2025-10-13T21:43:06.654+09:00 DEBUG 2284 --- [Shift Scheduler Demo] [           main] org.hibernate.SQL                        : delete from shift_assignments where id=?
Hibernate: delete from shift_assignments where id=?
2025-10-13T21:43:06.654+09:00 DEBUG 2284 --- [Shift Scheduler Demo] [           main] org.hibernate.SQL                        : delete from shift_assignments where id=?
Hibernate: delete from shift_assignments where id=?
2025-10-13T21:43:06.654+09:00 DEBUG 2284 --- [Shift Scheduler Demo] [           main] org.hibernate.SQL                        : delete from shift_assignments where id=?
Hibernate: delete from shift_assignments where id=?
2025-10-13T21:43:06.654+09:00 DEBUG 2284 --- [Shift Scheduler Demo] [           main] org.hibernate.SQL                        : delete from shift_assignments where id=?
Hibernate: delete from shift_assignments where id=?
2025-10-13T21:43:06.654+09:00 DEBUG 2284 --- [Shift Scheduler Demo] [           main] org.hibernate.SQL                        : delete from shift_assignments where id=?
Hibernate: delete from shift_assignments where id=?
2025-10-13T21:43:06.654+09:00 DEBUG 2284 --- [Shift Scheduler Demo] [           main] org.hibernate.SQL                        : delete from shift_assignments where id=?
Hibernate: delete from shift_assignments where id=?
2025-10-13T21:43:06.655+09:00 DEBUG 2284 --- [Shift Scheduler Demo] [           main] org.hibernate.SQL                        : delete from shift_assignments where id=?
Hibernate: delete from shift_assignments where id=?
2025-10-13T21:43:06.655+09:00 DEBUG 2284 --- [Shift Scheduler Demo] [           main] org.hibernate.SQL                        : delete from shift_assignments where id=?
Hibernate: delete from shift_assignments where id=?
2025-10-13T21:43:06.655+09:00 DEBUG 2284 --- [Shift Scheduler Demo] [           main] org.hibernate.SQL                        : delete from shift_assignments where id=?
Hibernate: delete from shift_assignments where id=?
2025-10-13T21:43:06.655+09:00 DEBUG 2284 --- [Shift Scheduler Demo] [           main] org.hibernate.SQL                        : delete from shift_assignments where id=?
Hibernate: delete from shift_assignments where id=?
2025-10-13T21:43:06.655+09:00 DEBUG 2284 --- [Shift Scheduler Demo] [           main] org.hibernate.SQL                        : delete from shift_assignments where id=?
Hibernate: delete from shift_assignments where id=?
2025-10-13T21:43:06.655+09:00 DEBUG 2284 --- [Shift Scheduler Demo] [           main] org.hibernate.SQL                        : delete from shift_assignments where id=?
Hibernate: delete from shift_assignments where id=?
2025-10-13T21:43:06.655+09:00 DEBUG 2284 --- [Shift Scheduler Demo] [           main] org.hibernate.SQL                        : delete from shift_assignments where id=?
Hibernate: delete from shift_assignments where id=?
2025-10-13T21:43:06.655+09:00 DEBUG 2284 --- [Shift Scheduler Demo] [           main] org.hibernate.SQL                        : delete from shift_assignments where id=?
Hibernate: delete from shift_assignments where id=?
2025-10-13T21:43:06.655+09:00 DEBUG 2284 --- [Shift Scheduler Demo] [           main] org.hibernate.SQL                        : delete from shift_assignments where id=?
Hibernate: delete from shift_assignments where id=?
2025-10-13T21:43:06.656+09:00 DEBUG 2284 --- [Shift Scheduler Demo] [           main] org.hibernate.SQL                        : delete from shift_assignments where id=?
Hibernate: delete from shift_assignments where id=?
2025-10-13T21:43:06.656+09:00 DEBUG 2284 --- [Shift Scheduler Demo] [           main] org.hibernate.SQL                        : delete from shift_assignments where id=?
Hibernate: delete from shift_assignments where id=?
2025-10-13T21:43:06.656+09:00 DEBUG 2284 --- [Shift Scheduler Demo] [           main] org.hibernate.SQL                        : delete from shift_assignments where id=?
Hibernate: delete from shift_assignments where id=?
2025-10-13T21:43:06.656+09:00 DEBUG 2284 --- [Shift Scheduler Demo] [           main] org.hibernate.SQL                        : delete from shift_assignments where id=?
Hibernate: delete from shift_assignments where id=?
2025-10-13T21:43:06.656+09:00 DEBUG 2284 --- [Shift Scheduler Demo] [           main] org.hibernate.SQL                        : delete from shift_assignments where id=?
Hibernate: delete from shift_assignments where id=?
2025-10-13T21:43:06.656+09:00 DEBUG 2284 --- [Shift Scheduler Demo] [           main] org.hibernate.SQL                        : delete from shift_assignments where id=?
Hibernate: delete from shift_assignments where id=?
2025-10-13T21:43:06.656+09:00 DEBUG 2284 --- [Shift Scheduler Demo] [           main] org.hibernate.SQL                        : delete from shift_assignments where id=?
Hibernate: delete from shift_assignments where id=?
2025-10-13T21:43:06.656+09:00 DEBUG 2284 --- [Shift Scheduler Demo] [           main] org.hibernate.SQL                        : delete from shift_assignments where id=?
Hibernate: delete from shift_assignments where id=?
2025-10-13T21:43:06.656+09:00 DEBUG 2284 --- [Shift Scheduler Demo] [           main] org.hibernate.SQL                        : delete from shift_assignments where id=?
Hibernate: delete from shift_assignments where id=?
2025-10-13T21:43:06.656+09:00 DEBUG 2284 --- [Shift Scheduler Demo] [           main] org.hibernate.SQL                        : delete from shift_assignments where id=?
Hibernate: delete from shift_assignments where id=?
2025-10-13T21:43:06.657+09:00 DEBUG 2284 --- [Shift Scheduler Demo] [           main] org.hibernate.SQL                        : delete from shift_assignments where id=?
Hibernate: delete from shift_assignments where id=?
2025-10-13T21:43:06.657+09:00 DEBUG 2284 --- [Shift Scheduler Demo] [           main] org.hibernate.SQL                        : delete from shift_assignments where id=?
Hibernate: delete from shift_assignments where id=?
2025-10-13T21:43:06.657+09:00 DEBUG 2284 --- [Shift Scheduler Demo] [           main] org.hibernate.SQL                        : delete from shift_assignments where id=?
Hibernate: delete from shift_assignments where id=?
2025-10-13T21:43:06.657+09:00 DEBUG 2284 --- [Shift Scheduler Demo] [           main] org.hibernate.SQL                        : delete from shift_assignments where id=?
Hibernate: delete from shift_assignments where id=?
2025-10-13T21:43:06.657+09:00 DEBUG 2284 --- [Shift Scheduler Demo] [           main] org.hibernate.SQL                        : delete from shift_assignments where id=?
Hibernate: delete from shift_assignments where id=?
2025-10-13T21:43:06.657+09:00 DEBUG 2284 --- [Shift Scheduler Demo] [           main] org.hibernate.SQL                        : delete from shift_assignments where id=?
Hibernate: delete from shift_assignments where id=?
2025-10-13T21:43:06.657+09:00 DEBUG 2284 --- [Shift Scheduler Demo] [           main] org.hibernate.SQL                        : delete from shift_assignments where id=?
Hibernate: delete from shift_assignments where id=?
2025-10-13T21:43:06.658+09:00 DEBUG 2284 --- [Shift Scheduler Demo] [           main] org.hibernate.SQL                        : delete from shift_assignments where id=?
Hibernate: delete from shift_assignments where id=?
2025-10-13T21:43:06.658+09:00 DEBUG 2284 --- [Shift Scheduler Demo] [           main] org.hibernate.SQL                        : delete from shift_assignments where id=?
Hibernate: delete from shift_assignments where id=?
2025-10-13T21:43:06.658+09:00 DEBUG 2284 --- [Shift Scheduler Demo] [           main] org.hibernate.SQL                        : delete from shift_assignments where id=?
Hibernate: delete from shift_assignments where id=?
2025-10-13T21:43:06.658+09:00 DEBUG 2284 --- [Shift Scheduler Demo] [           main] org.hibernate.SQL                        : delete from shift_assignments where id=?
Hibernate: delete from shift_assignments where id=?
2025-10-13T21:43:06.658+09:00 DEBUG 2284 --- [Shift Scheduler Demo] [           main] org.hibernate.SQL                        : delete from shift_assignments where id=?
Hibernate: delete from shift_assignments where id=?
2025-10-13T21:43:06.658+09:00 DEBUG 2284 --- [Shift Scheduler Demo] [           main] org.hibernate.SQL                        : delete from shift_assignments where id=?
Hibernate: delete from shift_assignments where id=?
2025-10-13T21:43:06.658+09:00 DEBUG 2284 --- [Shift Scheduler Demo] [           main] org.hibernate.SQL                        : delete from shift_assignments where id=?
Hibernate: delete from shift_assignments where id=?
2025-10-13T21:43:06.658+09:00 DEBUG 2284 --- [Shift Scheduler Demo] [           main] org.hibernate.SQL                        : delete from shift_assignments where id=?
Hibernate: delete from shift_assignments where id=?
2025-10-13T21:43:06.658+09:00 DEBUG 2284 --- [Shift Scheduler Demo] [           main] org.hibernate.SQL                        : delete from shift_assignments where id=?
Hibernate: delete from shift_assignments where id=?
2025-10-13T21:43:06.658+09:00 DEBUG 2284 --- [Shift Scheduler Demo] [           main] org.hibernate.SQL                        : delete from shift_assignments where id=?
Hibernate: delete from shift_assignments where id=?
2025-10-13T21:43:06.658+09:00 DEBUG 2284 --- [Shift Scheduler Demo] [           main] org.hibernate.SQL                        : delete from shift_assignments where id=?
Hibernate: delete from shift_assignments where id=?
2025-10-13T21:43:06.658+09:00 DEBUG 2284 --- [Shift Scheduler Demo] [           main] org.hibernate.SQL                        : delete from shift_assignments where id=?
Hibernate: delete from shift_assignments where id=?
2025-10-13T21:43:06.658+09:00 DEBUG 2284 --- [Shift Scheduler Demo] [           main] org.hibernate.SQL                        : delete from shift_assignments where id=?
Hibernate: delete from shift_assignments where id=?
2025-10-13T21:43:06.658+09:00 DEBUG 2284 --- [Shift Scheduler Demo] [           main] org.hibernate.SQL                        : delete from shift_assignments where id=?
Hibernate: delete from shift_assignments where id=?
2025-10-13T21:43:06.658+09:00 DEBUG 2284 --- [Shift Scheduler Demo] [           main] org.hibernate.SQL                        : delete from shift_assignments where id=?
Hibernate: delete from shift_assignments where id=?
2025-10-13T21:43:06.658+09:00 DEBUG 2284 --- [Shift Scheduler Demo] [           main] org.hibernate.SQL                        : delete from shift_assignments where id=?
Hibernate: delete from shift_assignments where id=?
2025-10-13T21:43:06.658+09:00 DEBUG 2284 --- [Shift Scheduler Demo] [           main] org.hibernate.SQL                        : delete from shift_assignments where id=?
Hibernate: delete from shift_assignments where id=?
2025-10-13T21:43:06.658+09:00 DEBUG 2284 --- [Shift Scheduler Demo] [           main] org.hibernate.SQL                        : delete from shift_assignments where id=?
Hibernate: delete from shift_assignments where id=?
2025-10-13T21:43:06.658+09:00 DEBUG 2284 --- [Shift Scheduler Demo] [           main] org.hibernate.SQL                        : delete from shift_assignments where id=?
Hibernate: delete from shift_assignments where id=?
2025-10-13T21:43:06.658+09:00 DEBUG 2284 --- [Shift Scheduler Demo] [           main] org.hibernate.SQL                        : delete from shift_assignments where id=?
Hibernate: delete from shift_assignments where id=?
2025-10-13T21:43:06.658+09:00 DEBUG 2284 --- [Shift Scheduler Demo] [           main] org.hibernate.SQL                        : delete from shift_assignments where id=?
Hibernate: delete from shift_assignments where id=?
2025-10-13T21:43:06.658+09:00 DEBUG 2284 --- [Shift Scheduler Demo] [           main] org.hibernate.SQL                        : delete from shift_assignments where id=?
Hibernate: delete from shift_assignments where id=?
2025-10-13T21:43:06.658+09:00 DEBUG 2284 --- [Shift Scheduler Demo] [           main] org.hibernate.SQL                        : delete from shift_assignments where id=?
Hibernate: delete from shift_assignments where id=?
2025-10-13T21:43:06.658+09:00 DEBUG 2284 --- [Shift Scheduler Demo] [           main] org.hibernate.SQL                        : delete from shift_assignments where id=?
Hibernate: delete from shift_assignments where id=?
2025-10-13T21:43:06.658+09:00 DEBUG 2284 --- [Shift Scheduler Demo] [           main] org.hibernate.SQL                        : delete from shift_assignments where id=?
Hibernate: delete from shift_assignments where id=?
2025-10-13T21:43:06.658+09:00 DEBUG 2284 --- [Shift Scheduler Demo] [           main] org.hibernate.SQL                        : delete from shift_assignments where id=?
Hibernate: delete from shift_assignments where id=?
2025-10-13T21:43:06.658+09:00 DEBUG 2284 --- [Shift Scheduler Demo] [           main] org.hibernate.SQL                        : delete from shift_assignments where id=?
Hibernate: delete from shift_assignments where id=?
2025-10-13T21:43:06.658+09:00 DEBUG 2284 --- [Shift Scheduler Demo] [           main] org.hibernate.SQL                        : delete from shift_assignments where id=?
Hibernate: delete from shift_assignments where id=?
2025-10-13T21:43:06.658+09:00 DEBUG 2284 --- [Shift Scheduler Demo] [           main] org.hibernate.SQL                        : delete from shift_assignments where id=?
Hibernate: delete from shift_assignments where id=?
2025-10-13T21:43:06.658+09:00 DEBUG 2284 --- [Shift Scheduler Demo] [           main] org.hibernate.SQL                        : delete from shift_assignments where id=?
Hibernate: delete from shift_assignments where id=?
2025-10-13T21:43:06.658+09:00 DEBUG 2284 --- [Shift Scheduler Demo] [           main] org.hibernate.SQL                        : delete from shift_assignments where id=?
Hibernate: delete from shift_assignments where id=?
2025-10-13T21:43:06.658+09:00 DEBUG 2284 --- [Shift Scheduler Demo] [           main] org.hibernate.SQL                        : delete from shift_assignments where id=?
Hibernate: delete from shift_assignments where id=?
2025-10-13T21:43:06.658+09:00 DEBUG 2284 --- [Shift Scheduler Demo] [           main] org.hibernate.SQL                        : delete from shift_assignments where id=?
Hibernate: delete from shift_assignments where id=?
2025-10-13T21:43:06.658+09:00 DEBUG 2284 --- [Shift Scheduler Demo] [           main] org.hibernate.SQL                        : delete from shift_assignments where id=?
Hibernate: delete from shift_assignments where id=?
2025-10-13T21:43:06.658+09:00 DEBUG 2284 --- [Shift Scheduler Demo] [           main] org.hibernate.SQL                        : delete from shift_assignments where id=?
Hibernate: delete from shift_assignments where id=?
2025-10-13T21:43:06.658+09:00 DEBUG 2284 --- [Shift Scheduler Demo] [           main] org.hibernate.SQL                        : delete from shift_assignments where id=?
Hibernate: delete from shift_assignments where id=?
2025-10-13T21:43:06.658+09:00 DEBUG 2284 --- [Shift Scheduler Demo] [           main] org.hibernate.SQL                        : delete from shift_assignments where id=?
Hibernate: delete from shift_assignments where id=?
2025-10-13T21:43:06.658+09:00 DEBUG 2284 --- [Shift Scheduler Demo] [           main] org.hibernate.SQL                        : delete from shift_assignments where id=?
Hibernate: delete from shift_assignments where id=?
2025-10-13T21:43:06.658+09:00 DEBUG 2284 --- [Shift Scheduler Demo] [           main] org.hibernate.SQL                        : delete from shift_assignments where id=?
Hibernate: delete from shift_assignments where id=?
2025-10-13T21:43:06.662+09:00 DEBUG 2284 --- [Shift Scheduler Demo] [           main] org.hibernate.SQL                        : delete from shift_assignments where id=?
Hibernate: delete from shift_assignments where id=?
2025-10-13T21:43:06.662+09:00 DEBUG 2284 --- [Shift Scheduler Demo] [           main] org.hibernate.SQL                        : delete from shift_assignments where id=?
Hibernate: delete from shift_assignments where id=?
2025-10-13T21:43:06.662+09:00 DEBUG 2284 --- [Shift Scheduler Demo] [           main] org.hibernate.SQL                        : delete from shift_assignments where id=?
Hibernate: delete from shift_assignments where id=?
2025-10-13T21:43:06.662+09:00 DEBUG 2284 --- [Shift Scheduler Demo] [           main] org.hibernate.SQL                        : delete from shift_assignments where id=?
Hibernate: delete from shift_assignments where id=?
2025-10-13T21:43:06.662+09:00 DEBUG 2284 --- [Shift Scheduler Demo] [           main] org.hibernate.SQL                        : delete from shift_assignments where id=?
Hibernate: delete from shift_assignments where id=?
2025-10-13T21:43:06.662+09:00 DEBUG 2284 --- [Shift Scheduler Demo] [           main] org.hibernate.SQL                        : delete from shift_assignments where id=?
Hibernate: delete from shift_assignments where id=?
2025-10-13T21:43:06.662+09:00 DEBUG 2284 --- [Shift Scheduler Demo] [           main] org.hibernate.SQL                        : delete from shift_assignments where id=?
Hibernate: delete from shift_assignments where id=?
2025-10-13T21:43:06.662+09:00 DEBUG 2284 --- [Shift Scheduler Demo] [           main] org.hibernate.SQL                        : delete from shift_assignments where id=?
Hibernate: delete from shift_assignments where id=?
2025-10-13T21:43:06.662+09:00 DEBUG 2284 --- [Shift Scheduler Demo] [           main] org.hibernate.SQL                        : delete from shift_assignments where id=?
Hibernate: delete from shift_assignments where id=?
2025-10-13T21:43:06.662+09:00 DEBUG 2284 --- [Shift Scheduler Demo] [           main] org.hibernate.SQL                        : delete from shift_assignments where id=?
Hibernate: delete from shift_assignments where id=?
2025-10-13T21:43:06.663+09:00 DEBUG 2284 --- [Shift Scheduler Demo] [           main] org.hibernate.SQL                        : delete from shift_assignments where id=?
Hibernate: delete from shift_assignments where id=?
2025-10-13T21:43:06.663+09:00 DEBUG 2284 --- [Shift Scheduler Demo] [           main] org.hibernate.SQL                        : delete from shift_assignments where id=?
Hibernate: delete from shift_assignments where id=?
2025-10-13T21:43:06.663+09:00 DEBUG 2284 --- [Shift Scheduler Demo] [           main] org.hibernate.SQL                        : delete from shift_assignments where id=?
Hibernate: delete from shift_assignments where id=?
2025-10-13T21:43:06.663+09:00 DEBUG 2284 --- [Shift Scheduler Demo] [           main] org.hibernate.SQL                        : delete from shift_assignments where id=?
Hibernate: delete from shift_assignments where id=?
2025-10-13T21:43:06.663+09:00 DEBUG 2284 --- [Shift Scheduler Demo] [           main] org.hibernate.SQL                        : delete from shift_assignments where id=?
Hibernate: delete from shift_assignments where id=?
2025-10-13T21:43:06.663+09:00 DEBUG 2284 --- [Shift Scheduler Demo] [           main] org.hibernate.SQL                        : delete from shift_assignments where id=?
Hibernate: delete from shift_assignments where id=?
2025-10-13T21:43:06.663+09:00 DEBUG 2284 --- [Shift Scheduler Demo] [           main] org.hibernate.SQL                        : delete from shift_assignments where id=?
Hibernate: delete from shift_assignments where id=?
2025-10-13T21:43:06.663+09:00 DEBUG 2284 --- [Shift Scheduler Demo] [           main] org.hibernate.SQL                        : delete from shift_assignments where id=?
Hibernate: delete from shift_assignments where id=?
2025-10-13T21:43:06.663+09:00 DEBUG 2284 --- [Shift Scheduler Demo] [           main] org.hibernate.SQL                        : delete from shift_assignments where id=?
Hibernate: delete from shift_assignments where id=?
2025-10-13T21:43:06.665+09:00 DEBUG 2284 --- [Shift Scheduler Demo] [           main] org.hibernate.SQL                        : delete from shift_assignments where id=?
Hibernate: delete from shift_assignments where id=?
2025-10-13T21:43:06.666+09:00 DEBUG 2284 --- [Shift Scheduler Demo] [           main] org.hibernate.SQL                        : delete from shift_assignments where id=?
Hibernate: delete from shift_assignments where id=?
2025-10-13T21:43:06.669+09:00 DEBUG 2284 --- [Shift Scheduler Demo] [           main] org.hibernate.SQL                        : delete from shift_assignments where id=?
Hibernate: delete from shift_assignments where id=?
2025-10-13T21:43:06.669+09:00 DEBUG 2284 --- [Shift Scheduler Demo] [           main] org.hibernate.SQL                        : delete from shift_assignments where id=?
Hibernate: delete from shift_assignments where id=?
2025-10-13T21:43:06.670+09:00 DEBUG 2284 --- [Shift Scheduler Demo] [           main] org.hibernate.SQL                        : delete from shift_assignments where id=?
Hibernate: delete from shift_assignments where id=?
2025-10-13T21:43:06.670+09:00 DEBUG 2284 --- [Shift Scheduler Demo] [           main] org.hibernate.SQL                        : delete from shift_assignments where id=?
Hibernate: delete from shift_assignments where id=?
2025-10-13T21:43:06.671+09:00 DEBUG 2284 --- [Shift Scheduler Demo] [           main] org.hibernate.SQL                        : delete from shift_assignments where id=?
Hibernate: delete from shift_assignments where id=?
2025-10-13T21:43:06.672+09:00 DEBUG 2284 --- [Shift Scheduler Demo] [           main] org.hibernate.SQL                        : delete from shift_assignments where id=?
Hibernate: delete from shift_assignments where id=?
2025-10-13T21:43:06.672+09:00 DEBUG 2284 --- [Shift Scheduler Demo] [           main] org.hibernate.SQL                        : delete from shift_assignments where id=?
Hibernate: delete from shift_assignments where id=?
2025-10-13T21:43:06.672+09:00 DEBUG 2284 --- [Shift Scheduler Demo] [           main] org.hibernate.SQL                        : delete from shift_assignments where id=?
Hibernate: delete from shift_assignments where id=?
2025-10-13T21:43:06.673+09:00 DEBUG 2284 --- [Shift Scheduler Demo] [           main] org.hibernate.SQL                        : delete from shift_assignments where id=?
Hibernate: delete from shift_assignments where id=?
2025-10-13T21:43:06.673+09:00 DEBUG 2284 --- [Shift Scheduler Demo] [           main] org.hibernate.SQL                        : delete from shift_assignments where id=?
Hibernate: delete from shift_assignments where id=?
2025-10-13T21:43:06.673+09:00 DEBUG 2284 --- [Shift Scheduler Demo] [           main] org.hibernate.SQL                        : delete from shift_assignments where id=?
Hibernate: delete from shift_assignments where id=?
2025-10-13T21:43:06.674+09:00 DEBUG 2284 --- [Shift Scheduler Demo] [           main] org.hibernate.SQL                        : delete from shift_assignments where id=?
Hibernate: delete from shift_assignments where id=?
2025-10-13T21:43:06.674+09:00 DEBUG 2284 --- [Shift Scheduler Demo] [           main] org.hibernate.SQL                        : delete from shift_assignments where id=?
Hibernate: delete from shift_assignments where id=?
2025-10-13T21:43:06.674+09:00 DEBUG 2284 --- [Shift Scheduler Demo] [           main] org.hibernate.SQL                        : delete from shift_assignments where id=?
Hibernate: delete from shift_assignments where id=?
2025-10-13T21:43:06.674+09:00 DEBUG 2284 --- [Shift Scheduler Demo] [           main] org.hibernate.SQL                        : delete from shift_assignments where id=?
Hibernate: delete from shift_assignments where id=?
2025-10-13T21:43:06.674+09:00 DEBUG 2284 --- [Shift Scheduler Demo] [           main] org.hibernate.SQL                        : delete from shift_assignments where id=?
Hibernate: delete from shift_assignments where id=?
2025-10-13T21:43:06.675+09:00 DEBUG 2284 --- [Shift Scheduler Demo] [           main] org.hibernate.SQL                        : delete from shift_assignments where id=?
Hibernate: delete from shift_assignments where id=?
2025-10-13T21:43:06.675+09:00 DEBUG 2284 --- [Shift Scheduler Demo] [           main] org.hibernate.SQL                        : delete from shift_assignments where id=?
Hibernate: delete from shift_assignments where id=?
2025-10-13T21:43:06.675+09:00 DEBUG 2284 --- [Shift Scheduler Demo] [           main] org.hibernate.SQL                        : delete from shift_assignments where id=?
Hibernate: delete from shift_assignments where id=?
2025-10-13T21:43:06.675+09:00 DEBUG 2284 --- [Shift Scheduler Demo] [           main] org.hibernate.SQL                        : delete from shift_assignments where id=?
Hibernate: delete from shift_assignments where id=?
2025-10-13T21:43:06.675+09:00 DEBUG 2284 --- [Shift Scheduler Demo] [           main] org.hibernate.SQL                        : delete from shift_assignments where id=?
Hibernate: delete from shift_assignments where id=?
2025-10-13T21:43:06.675+09:00 DEBUG 2284 --- [Shift Scheduler Demo] [           main] org.hibernate.SQL                        : delete from shift_assignments where id=?
Hibernate: delete from shift_assignments where id=?
2025-10-13T21:43:06.675+09:00 DEBUG 2284 --- [Shift Scheduler Demo] [           main] org.hibernate.SQL                        : delete from shift_assignments where id=?
Hibernate: delete from shift_assignments where id=?
2025-10-13T21:43:06.676+09:00 DEBUG 2284 --- [Shift Scheduler Demo] [           main] org.hibernate.SQL                        : delete from shift_assignments where id=?
Hibernate: delete from shift_assignments where id=?
2025-10-13T21:43:06.676+09:00 DEBUG 2284 --- [Shift Scheduler Demo] [           main] org.hibernate.SQL                        : delete from shift_assignments where id=?
Hibernate: delete from shift_assignments where id=?
2025-10-13T21:43:06.676+09:00 DEBUG 2284 --- [Shift Scheduler Demo] [           main] org.hibernate.SQL                        : delete from shift_assignments where id=?
Hibernate: delete from shift_assignments where id=?
2025-10-13T21:43:06.676+09:00 DEBUG 2284 --- [Shift Scheduler Demo] [           main] org.hibernate.SQL                        : delete from shift_assignments where id=?
Hibernate: delete from shift_assignments where id=?
2025-10-13T21:43:06.676+09:00 DEBUG 2284 --- [Shift Scheduler Demo] [           main] org.hibernate.SQL                        : delete from shift_assignments where id=?
Hibernate: delete from shift_assignments where id=?
2025-10-13T21:43:06.677+09:00 DEBUG 2284 --- [Shift Scheduler Demo] [           main] org.hibernate.SQL                        : delete from shift_assignments where id=?
Hibernate: delete from shift_assignments where id=?
2025-10-13T21:43:06.677+09:00 DEBUG 2284 --- [Shift Scheduler Demo] [           main] org.hibernate.SQL                        : delete from shift_assignments where id=?
Hibernate: delete from shift_assignments where id=?
2025-10-13T21:43:06.677+09:00 DEBUG 2284 --- [Shift Scheduler Demo] [           main] org.hibernate.SQL                        : delete from shift_assignments where id=?
Hibernate: delete from shift_assignments where id=?
2025-10-13T21:43:06.677+09:00 DEBUG 2284 --- [Shift Scheduler Demo] [           main] org.hibernate.SQL                        : delete from shift_assignments where id=?
Hibernate: delete from shift_assignments where id=?
2025-10-13T21:43:06.677+09:00 DEBUG 2284 --- [Shift Scheduler Demo] [           main] org.hibernate.SQL                        : delete from shift_assignments where id=?
Hibernate: delete from shift_assignments where id=?
2025-10-13T21:43:06.678+09:00 DEBUG 2284 --- [Shift Scheduler Demo] [           main] org.hibernate.SQL                        : delete from shift_assignments where id=?
Hibernate: delete from shift_assignments where id=?
2025-10-13T21:43:06.678+09:00 DEBUG 2284 --- [Shift Scheduler Demo] [           main] org.hibernate.SQL                        : delete from shift_assignments where id=?
Hibernate: delete from shift_assignments where id=?
2025-10-13T21:43:06.678+09:00 DEBUG 2284 --- [Shift Scheduler Demo] [           main] org.hibernate.SQL                        : delete from shift_assignments where id=?
Hibernate: delete from shift_assignments where id=?
2025-10-13T21:43:06.678+09:00 DEBUG 2284 --- [Shift Scheduler Demo] [           main] org.hibernate.SQL                        : delete from shift_assignments where id=?
Hibernate: delete from shift_assignments where id=?
2025-10-13T21:43:06.679+09:00 DEBUG 2284 --- [Shift Scheduler Demo] [           main] org.hibernate.SQL                        : delete from shift_assignments where id=?
Hibernate: delete from shift_assignments where id=?
2025-10-13T21:43:06.679+09:00 DEBUG 2284 --- [Shift Scheduler Demo] [           main] org.hibernate.SQL                        : delete from shift_assignments where id=?
Hibernate: delete from shift_assignments where id=?
2025-10-13T21:43:06.679+09:00 DEBUG 2284 --- [Shift Scheduler Demo] [           main] org.hibernate.SQL                        : delete from shift_assignments where id=?
Hibernate: delete from shift_assignments where id=?
2025-10-13T21:43:06.679+09:00 DEBUG 2284 --- [Shift Scheduler Demo] [           main] org.hibernate.SQL                        : delete from shift_assignments where id=?
Hibernate: delete from shift_assignments where id=?
2025-10-13T21:43:06.679+09:00 DEBUG 2284 --- [Shift Scheduler Demo] [           main] org.hibernate.SQL                        : delete from shift_assignments where id=?
Hibernate: delete from shift_assignments where id=?
2025-10-13T21:43:06.679+09:00 DEBUG 2284 --- [Shift Scheduler Demo] [           main] org.hibernate.SQL                        : delete from shift_assignments where id=?
Hibernate: delete from shift_assignments where id=?
2025-10-13T21:43:06.679+09:00 DEBUG 2284 --- [Shift Scheduler Demo] [           main] org.hibernate.SQL                        : delete from shift_assignments where id=?
Hibernate: delete from shift_assignments where id=?
2025-10-13T21:43:06.679+09:00 DEBUG 2284 --- [Shift Scheduler Demo] [           main] org.hibernate.SQL                        : delete from shift_assignments where id=?
Hibernate: delete from shift_assignments where id=?
2025-10-13T21:43:06.679+09:00 DEBUG 2284 --- [Shift Scheduler Demo] [           main] org.hibernate.SQL                        : delete from shift_assignments where id=?
Hibernate: delete from shift_assignments where id=?
2025-10-13T21:43:06.679+09:00 DEBUG 2284 --- [Shift Scheduler Demo] [           main] org.hibernate.SQL                        : delete from shift_assignments where id=?
Hibernate: delete from shift_assignments where id=?
2025-10-13T21:43:06.680+09:00 DEBUG 2284 --- [Shift Scheduler Demo] [           main] org.hibernate.SQL                        : delete from shift_assignments where id=?
Hibernate: delete from shift_assignments where id=?
2025-10-13T21:43:06.680+09:00 DEBUG 2284 --- [Shift Scheduler Demo] [           main] org.hibernate.SQL                        : delete from shift_assignments where id=?
Hibernate: delete from shift_assignments where id=?
2025-10-13T21:43:06.680+09:00 DEBUG 2284 --- [Shift Scheduler Demo] [           main] org.hibernate.SQL                        : delete from shift_assignments where id=?
Hibernate: delete from shift_assignments where id=?
2025-10-13T21:43:06.680+09:00 DEBUG 2284 --- [Shift Scheduler Demo] [           main] org.hibernate.SQL                        : delete from shift_assignments where id=?
Hibernate: delete from shift_assignments where id=?
2025-10-13T21:43:06.680+09:00 DEBUG 2284 --- [Shift Scheduler Demo] [           main] org.hibernate.SQL                        : delete from shift_assignments where id=?
Hibernate: delete from shift_assignments where id=?
2025-10-13T21:43:06.680+09:00 DEBUG 2284 --- [Shift Scheduler Demo] [           main] org.hibernate.SQL                        : delete from shift_assignments where id=?
Hibernate: delete from shift_assignments where id=?
2025-10-13T21:43:06.680+09:00 DEBUG 2284 --- [Shift Scheduler Demo] [           main] org.hibernate.SQL                        : delete from shift_assignments where id=?
Hibernate: delete from shift_assignments where id=?
2025-10-13T21:43:06.680+09:00 DEBUG 2284 --- [Shift Scheduler Demo] [           main] org.hibernate.SQL                        : delete from shift_assignments where id=?
Hibernate: delete from shift_assignments where id=?
2025-10-13T21:43:06.680+09:00 DEBUG 2284 --- [Shift Scheduler Demo] [           main] org.hibernate.SQL                        : delete from shift_assignments where id=?
Hibernate: delete from shift_assignments where id=?
2025-10-13T21:43:06.680+09:00 DEBUG 2284 --- [Shift Scheduler Demo] [           main] org.hibernate.SQL                        : delete from shift_assignments where id=?
Hibernate: delete from shift_assignments where id=?
2025-10-13T21:43:06.680+09:00 DEBUG 2284 --- [Shift Scheduler Demo] [           main] org.hibernate.SQL                        : delete from shift_assignments where id=?
Hibernate: delete from shift_assignments where id=?
2025-10-13T21:43:06.680+09:00 DEBUG 2284 --- [Shift Scheduler Demo] [           main] org.hibernate.SQL                        : delete from shift_assignments where id=?
Hibernate: delete from shift_assignments where id=?
2025-10-13T21:43:06.681+09:00 DEBUG 2284 --- [Shift Scheduler Demo] [           main] org.hibernate.SQL                        : delete from shift_assignments where id=?
Hibernate: delete from shift_assignments where id=?
2025-10-13T21:43:06.681+09:00 DEBUG 2284 --- [Shift Scheduler Demo] [           main] org.hibernate.SQL                        : delete from shift_assignments where id=?
Hibernate: delete from shift_assignments where id=?
2025-10-13T21:43:06.681+09:00 DEBUG 2284 --- [Shift Scheduler Demo] [           main] org.hibernate.SQL                        : delete from shift_assignments where id=?
Hibernate: delete from shift_assignments where id=?
2025-10-13T21:43:06.681+09:00 DEBUG 2284 --- [Shift Scheduler Demo] [           main] org.hibernate.SQL                        : delete from shift_assignments where id=?
Hibernate: delete from shift_assignments where id=?
2025-10-13T21:43:06.681+09:00 DEBUG 2284 --- [Shift Scheduler Demo] [           main] org.hibernate.SQL                        : delete from shift_assignments where id=?
Hibernate: delete from shift_assignments where id=?
2025-10-13T21:43:06.681+09:00 DEBUG 2284 --- [Shift Scheduler Demo] [           main] org.hibernate.SQL                        : delete from shift_assignments where id=?
Hibernate: delete from shift_assignments where id=?
2025-10-13T21:43:06.681+09:00 DEBUG 2284 --- [Shift Scheduler Demo] [           main] org.hibernate.SQL                        : delete from shift_assignments where id=?
Hibernate: delete from shift_assignments where id=?
2025-10-13T21:43:06.681+09:00 DEBUG 2284 --- [Shift Scheduler Demo] [           main] org.hibernate.SQL                        : delete from shift_assignments where id=?
Hibernate: delete from shift_assignments where id=?
2025-10-13T21:43:06.681+09:00 DEBUG 2284 --- [Shift Scheduler Demo] [           main] org.hibernate.SQL                        : delete from shift_assignments where id=?
Hibernate: delete from shift_assignments where id=?
2025-10-13T21:43:06.681+09:00 DEBUG 2284 --- [Shift Scheduler Demo] [           main] org.hibernate.SQL                        : delete from shift_assignments where id=?
Hibernate: delete from shift_assignments where id=?
2025-10-13T21:43:06.681+09:00 DEBUG 2284 --- [Shift Scheduler Demo] [           main] org.hibernate.SQL                        : delete from shift_assignments where id=?
Hibernate: delete from shift_assignments where id=?
2025-10-13T21:43:06.682+09:00 DEBUG 2284 --- [Shift Scheduler Demo] [           main] org.hibernate.SQL                        : delete from shift_assignments where id=?
Hibernate: delete from shift_assignments where id=?
2025-10-13T21:43:06.682+09:00 DEBUG 2284 --- [Shift Scheduler Demo] [           main] org.hibernate.SQL                        : delete from shift_assignments where id=?
Hibernate: delete from shift_assignments where id=?
2025-10-13T21:43:06.682+09:00 DEBUG 2284 --- [Shift Scheduler Demo] [           main] org.hibernate.SQL                        : delete from shift_assignments where id=?
Hibernate: delete from shift_assignments where id=?
2025-10-13T21:43:06.682+09:00 DEBUG 2284 --- [Shift Scheduler Demo] [           main] org.hibernate.SQL                        : delete from shift_assignments where id=?
Hibernate: delete from shift_assignments where id=?
2025-10-13T21:43:06.682+09:00 DEBUG 2284 --- [Shift Scheduler Demo] [           main] org.hibernate.SQL                        : delete from shift_assignments where id=?
Hibernate: delete from shift_assignments where id=?
2025-10-13T21:43:06.682+09:00 DEBUG 2284 --- [Shift Scheduler Demo] [           main] org.hibernate.SQL                        : delete from shift_assignments where id=?
Hibernate: delete from shift_assignments where id=?
2025-10-13T21:43:06.682+09:00 DEBUG 2284 --- [Shift Scheduler Demo] [           main] org.hibernate.SQL                        : delete from shift_assignments where id=?
Hibernate: delete from shift_assignments where id=?
2025-10-13T21:43:06.682+09:00 DEBUG 2284 --- [Shift Scheduler Demo] [           main] org.hibernate.SQL                        : delete from shift_assignments where id=?
Hibernate: delete from shift_assignments where id=?
2025-10-13T21:43:06.682+09:00 DEBUG 2284 --- [Shift Scheduler Demo] [           main] org.hibernate.SQL                        : delete from shift_assignments where id=?
Hibernate: delete from shift_assignments where id=?
2025-10-13T21:43:06.682+09:00 DEBUG 2284 --- [Shift Scheduler Demo] [           main] org.hibernate.SQL                        : delete from shift_assignments where id=?
Hibernate: delete from shift_assignments where id=?
2025-10-13T21:43:06.682+09:00 DEBUG 2284 --- [Shift Scheduler Demo] [           main] org.hibernate.SQL                        : delete from shift_assignments where id=?
Hibernate: delete from shift_assignments where id=?
2025-10-13T21:43:06.682+09:00 DEBUG 2284 --- [Shift Scheduler Demo] [           main] org.hibernate.SQL                        : delete from shift_assignments where id=?
Hibernate: delete from shift_assignments where id=?
2025-10-13T21:43:06.682+09:00 DEBUG 2284 --- [Shift Scheduler Demo] [           main] org.hibernate.SQL                        : delete from shift_assignments where id=?
Hibernate: delete from shift_assignments where id=?
2025-10-13T21:43:06.682+09:00 DEBUG 2284 --- [Shift Scheduler Demo] [           main] org.hibernate.SQL                        : delete from shift_assignments where id=?
Hibernate: delete from shift_assignments where id=?
2025-10-13T21:43:06.683+09:00 DEBUG 2284 --- [Shift Scheduler Demo] [           main] org.hibernate.SQL                        : delete from shift_assignments where id=?
Hibernate: delete from shift_assignments where id=?
2025-10-13T21:43:06.683+09:00 DEBUG 2284 --- [Shift Scheduler Demo] [           main] org.hibernate.SQL                        : delete from shift_assignments where id=?
Hibernate: delete from shift_assignments where id=?
2025-10-13T21:43:06.683+09:00 DEBUG 2284 --- [Shift Scheduler Demo] [           main] org.hibernate.SQL                        : delete from shift_assignments where id=?
Hibernate: delete from shift_assignments where id=?
2025-10-13T21:43:06.683+09:00 DEBUG 2284 --- [Shift Scheduler Demo] [           main] org.hibernate.SQL                        : delete from shift_assignments where id=?
Hibernate: delete from shift_assignments where id=?
2025-10-13T21:43:06.683+09:00 DEBUG 2284 --- [Shift Scheduler Demo] [           main] org.hibernate.SQL                        : delete from shift_assignments where id=?
Hibernate: delete from shift_assignments where id=?
2025-10-13T21:43:06.683+09:00 DEBUG 2284 --- [Shift Scheduler Demo] [           main] org.hibernate.SQL                        : delete from shift_assignments where id=?
Hibernate: delete from shift_assignments where id=?
2025-10-13T21:43:06.683+09:00 DEBUG 2284 --- [Shift Scheduler Demo] [           main] org.hibernate.SQL                        : delete from shift_assignments where id=?
Hibernate: delete from shift_assignments where id=?
2025-10-13T21:43:06.683+09:00 DEBUG 2284 --- [Shift Scheduler Demo] [           main] org.hibernate.SQL                        : delete from shift_assignments where id=?
Hibernate: delete from shift_assignments where id=?
2025-10-13T21:43:06.683+09:00 DEBUG 2284 --- [Shift Scheduler Demo] [           main] org.hibernate.SQL                        : delete from shift_assignments where id=?
Hibernate: delete from shift_assignments where id=?
2025-10-13T21:43:06.683+09:00 DEBUG 2284 --- [Shift Scheduler Demo] [           main] org.hibernate.SQL                        : delete from shift_assignments where id=?
Hibernate: delete from shift_assignments where id=?
2025-10-13T21:43:06.683+09:00 DEBUG 2284 --- [Shift Scheduler Demo] [           main] org.hibernate.SQL                        : delete from shift_assignments where id=?
Hibernate: delete from shift_assignments where id=?
2025-10-13T21:43:06.683+09:00 DEBUG 2284 --- [Shift Scheduler Demo] [           main] org.hibernate.SQL                        : delete from shift_assignments where id=?
Hibernate: delete from shift_assignments where id=?
2025-10-13T21:43:06.683+09:00 DEBUG 2284 --- [Shift Scheduler Demo] [           main] org.hibernate.SQL                        : delete from shift_assignments where id=?
Hibernate: delete from shift_assignments where id=?
2025-10-13T21:43:06.684+09:00 DEBUG 2284 --- [Shift Scheduler Demo] [           main] org.hibernate.SQL                        : delete from shift_assignments where id=?
Hibernate: delete from shift_assignments where id=?
2025-10-13T21:43:06.684+09:00 DEBUG 2284 --- [Shift Scheduler Demo] [           main] org.hibernate.SQL                        : delete from shift_assignments where id=?
Hibernate: delete from shift_assignments where id=?
2025-10-13T21:43:06.684+09:00 DEBUG 2284 --- [Shift Scheduler Demo] [           main] org.hibernate.SQL                        : delete from shift_assignments where id=?
Hibernate: delete from shift_assignments where id=?
2025-10-13T21:43:06.684+09:00 DEBUG 2284 --- [Shift Scheduler Demo] [           main] org.hibernate.SQL                        : delete from shift_assignments where id=?
Hibernate: delete from shift_assignments where id=?
2025-10-13T21:43:06.684+09:00 DEBUG 2284 --- [Shift Scheduler Demo] [           main] org.hibernate.SQL                        : delete from shift_assignments where id=?
Hibernate: delete from shift_assignments where id=?
2025-10-13T21:43:06.684+09:00 DEBUG 2284 --- [Shift Scheduler Demo] [           main] org.hibernate.SQL                        : delete from shift_assignments where id=?
Hibernate: delete from shift_assignments where id=?
2025-10-13T21:43:06.684+09:00 DEBUG 2284 --- [Shift Scheduler Demo] [           main] org.hibernate.SQL                        : delete from shift_assignments where id=?
Hibernate: delete from shift_assignments where id=?
2025-10-13T21:43:06.684+09:00 DEBUG 2284 --- [Shift Scheduler Demo] [           main] org.hibernate.SQL                        : delete from shift_assignments where id=?
Hibernate: delete from shift_assignments where id=?
2025-10-13T21:43:06.684+09:00 DEBUG 2284 --- [Shift Scheduler Demo] [           main] org.hibernate.SQL                        : delete from shift_assignments where id=?
Hibernate: delete from shift_assignments where id=?
2025-10-13T21:43:06.684+09:00 DEBUG 2284 --- [Shift Scheduler Demo] [           main] org.hibernate.SQL                        : delete from shift_assignments where id=?
Hibernate: delete from shift_assignments where id=?
2025-10-13T21:43:06.684+09:00 DEBUG 2284 --- [Shift Scheduler Demo] [           main] org.hibernate.SQL                        : delete from shift_assignments where id=?
Hibernate: delete from shift_assignments where id=?
2025-10-13T21:43:06.684+09:00 DEBUG 2284 --- [Shift Scheduler Demo] [           main] org.hibernate.SQL                        : delete from shift_assignments where id=?
Hibernate: delete from shift_assignments where id=?
2025-10-13T21:43:06.684+09:00 DEBUG 2284 --- [Shift Scheduler Demo] [           main] org.hibernate.SQL                        : delete from shift_assignments where id=?
Hibernate: delete from shift_assignments where id=?
2025-10-13T21:43:06.684+09:00 DEBUG 2284 --- [Shift Scheduler Demo] [           main] org.hibernate.SQL                        : delete from shift_assignments where id=?
Hibernate: delete from shift_assignments where id=?
2025-10-13T21:43:06.684+09:00 DEBUG 2284 --- [Shift Scheduler Demo] [           main] org.hibernate.SQL                        : delete from shift_assignments where id=?
Hibernate: delete from shift_assignments where id=?
2025-10-13T21:43:06.685+09:00 DEBUG 2284 --- [Shift Scheduler Demo] [           main] org.hibernate.SQL                        : delete from shift_assignments where id=?
Hibernate: delete from shift_assignments where id=?
2025-10-13T21:43:06.685+09:00 DEBUG 2284 --- [Shift Scheduler Demo] [           main] org.hibernate.SQL                        : delete from shift_assignments where id=?
Hibernate: delete from shift_assignments where id=?
2025-10-13T21:43:06.685+09:00 DEBUG 2284 --- [Shift Scheduler Demo] [           main] org.hibernate.SQL                        : delete from shift_assignments where id=?
Hibernate: delete from shift_assignments where id=?
2025-10-13T21:43:06.685+09:00 DEBUG 2284 --- [Shift Scheduler Demo] [           main] org.hibernate.SQL                        : delete from shift_assignments where id=?
Hibernate: delete from shift_assignments where id=?
2025-10-13T21:43:06.685+09:00 DEBUG 2284 --- [Shift Scheduler Demo] [           main] org.hibernate.SQL                        : delete from shift_assignments where id=?
Hibernate: delete from shift_assignments where id=?
2025-10-13T21:43:06.685+09:00 DEBUG 2284 --- [Shift Scheduler Demo] [           main] org.hibernate.SQL                        : delete from shift_assignments where id=?
Hibernate: delete from shift_assignments where id=?
2025-10-13T21:43:06.685+09:00 DEBUG 2284 --- [Shift Scheduler Demo] [           main] org.hibernate.SQL                        : delete from shift_assignments where id=?
Hibernate: delete from shift_assignments where id=?
2025-10-13T21:43:06.685+09:00 DEBUG 2284 --- [Shift Scheduler Demo] [           main] org.hibernate.SQL                        : delete from shift_assignments where id=?
Hibernate: delete from shift_assignments where id=?
2025-10-13T21:43:06.685+09:00 DEBUG 2284 --- [Shift Scheduler Demo] [           main] org.hibernate.SQL                        : delete from shift_assignments where id=?
Hibernate: delete from shift_assignments where id=?
2025-10-13T21:43:06.685+09:00 DEBUG 2284 --- [Shift Scheduler Demo] [           main] org.hibernate.SQL                        : delete from shift_assignments where id=?
Hibernate: delete from shift_assignments where id=?
2025-10-13T21:43:06.685+09:00 DEBUG 2284 --- [Shift Scheduler Demo] [           main] org.hibernate.SQL                        : delete from shift_assignments where id=?
Hibernate: delete from shift_assignments where id=?
2025-10-13T21:43:06.685+09:00 DEBUG 2284 --- [Shift Scheduler Demo] [           main] org.hibernate.SQL                        : delete from shift_assignments where id=?
Hibernate: delete from shift_assignments where id=?
2025-10-13T21:43:06.685+09:00 DEBUG 2284 --- [Shift Scheduler Demo] [           main] org.hibernate.SQL                        : delete from shift_assignments where id=?
Hibernate: delete from shift_assignments where id=?
2025-10-13T21:43:06.685+09:00 DEBUG 2284 --- [Shift Scheduler Demo] [           main] org.hibernate.SQL                        : delete from shift_assignments where id=?
Hibernate: delete from shift_assignments where id=?
2025-10-13T21:43:06.686+09:00 DEBUG 2284 --- [Shift Scheduler Demo] [           main] org.hibernate.SQL                        : delete from shift_assignments where id=?
Hibernate: delete from shift_assignments where id=?
2025-10-13T21:43:06.686+09:00 DEBUG 2284 --- [Shift Scheduler Demo] [           main] org.hibernate.SQL                        : delete from shift_assignments where id=?
Hibernate: delete from shift_assignments where id=?
2025-10-13T21:43:06.686+09:00 DEBUG 2284 --- [Shift Scheduler Demo] [           main] org.hibernate.SQL                        : delete from shift_assignments where id=?
Hibernate: delete from shift_assignments where id=?
2025-10-13T21:43:06.686+09:00 DEBUG 2284 --- [Shift Scheduler Demo] [           main] org.hibernate.SQL                        : delete from shift_assignments where id=?
Hibernate: delete from shift_assignments where id=?
2025-10-13T21:43:06.686+09:00 DEBUG 2284 --- [Shift Scheduler Demo] [           main] org.hibernate.SQL                        : delete from shift_assignments where id=?
Hibernate: delete from shift_assignments where id=?
2025-10-13T21:43:06.686+09:00 DEBUG 2284 --- [Shift Scheduler Demo] [           main] org.hibernate.SQL                        : delete from shift_assignments where id=?
Hibernate: delete from shift_assignments where id=?
2025-10-13T21:43:06.686+09:00 DEBUG 2284 --- [Shift Scheduler Demo] [           main] org.hibernate.SQL                        : delete from shift_assignments where id=?
Hibernate: delete from shift_assignments where id=?
2025-10-13T21:43:06.686+09:00 DEBUG 2284 --- [Shift Scheduler Demo] [           main] org.hibernate.SQL                        : delete from shift_assignments where id=?
Hibernate: delete from shift_assignments where id=?
2025-10-13T21:43:06.686+09:00 DEBUG 2284 --- [Shift Scheduler Demo] [           main] org.hibernate.SQL                        : delete from shift_assignments where id=?
Hibernate: delete from shift_assignments where id=?
2025-10-13T21:43:06.686+09:00 DEBUG 2284 --- [Shift Scheduler Demo] [           main] org.hibernate.SQL                        : delete from shift_assignments where id=?
Hibernate: delete from shift_assignments where id=?
2025-10-13T21:43:06.686+09:00 DEBUG 2284 --- [Shift Scheduler Demo] [           main] org.hibernate.SQL                        : delete from shift_assignments where id=?
Hibernate: delete from shift_assignments where id=?
2025-10-13T21:43:06.686+09:00 DEBUG 2284 --- [Shift Scheduler Demo] [           main] org.hibernate.SQL                        : delete from shift_assignments where id=?
Hibernate: delete from shift_assignments where id=?
2025-10-13T21:43:06.686+09:00 DEBUG 2284 --- [Shift Scheduler Demo] [           main] org.hibernate.SQL                        : delete from shift_assignments where id=?
Hibernate: delete from shift_assignments where id=?
2025-10-13T21:43:06.687+09:00 DEBUG 2284 --- [Shift Scheduler Demo] [           main] org.hibernate.SQL                        : delete from shift_assignments where id=?
Hibernate: delete from shift_assignments where id=?
2025-10-13T21:43:06.687+09:00 DEBUG 2284 --- [Shift Scheduler Demo] [           main] org.hibernate.SQL                        : delete from shift_assignments where id=?
Hibernate: delete from shift_assignments where id=?
2025-10-13T21:43:06.687+09:00 DEBUG 2284 --- [Shift Scheduler Demo] [           main] org.hibernate.SQL                        : delete from shift_assignments where id=?
Hibernate: delete from shift_assignments where id=?
2025-10-13T21:43:06.687+09:00 DEBUG 2284 --- [Shift Scheduler Demo] [           main] org.hibernate.SQL                        : delete from shift_assignments where id=?
Hibernate: delete from shift_assignments where id=?
2025-10-13T21:43:06.687+09:00 DEBUG 2284 --- [Shift Scheduler Demo] [           main] org.hibernate.SQL                        : delete from shift_assignments where id=?
Hibernate: delete from shift_assignments where id=?
2025-10-13T21:43:06.687+09:00 DEBUG 2284 --- [Shift Scheduler Demo] [           main] org.hibernate.SQL                        : delete from shift_assignments where id=?
Hibernate: delete from shift_assignments where id=?
2025-10-13T21:43:06.687+09:00 DEBUG 2284 --- [Shift Scheduler Demo] [           main] org.hibernate.SQL                        : delete from shift_assignments where id=?
Hibernate: delete from shift_assignments where id=?
2025-10-13T21:43:06.687+09:00 DEBUG 2284 --- [Shift Scheduler Demo] [           main] org.hibernate.SQL                        : delete from shift_assignments where id=?
Hibernate: delete from shift_assignments where id=?
2025-10-13T21:43:06.687+09:00 DEBUG 2284 --- [Shift Scheduler Demo] [           main] org.hibernate.SQL                        : delete from shift_assignments where id=?
Hibernate: delete from shift_assignments where id=?
2025-10-13T21:43:06.687+09:00 DEBUG 2284 --- [Shift Scheduler Demo] [           main] org.hibernate.SQL                        : delete from shift_assignments where id=?
Hibernate: delete from shift_assignments where id=?
2025-10-13T21:43:06.687+09:00 DEBUG 2284 --- [Shift Scheduler Demo] [           main] org.hibernate.SQL                        : delete from shift_assignments where id=?
Hibernate: delete from shift_assignments where id=?
2025-10-13T21:43:06.687+09:00 DEBUG 2284 --- [Shift Scheduler Demo] [           main] org.hibernate.SQL                        : delete from shift_assignments where id=?
Hibernate: delete from shift_assignments where id=?
2025-10-13T21:43:06.687+09:00 DEBUG 2284 --- [Shift Scheduler Demo] [           main] org.hibernate.SQL                        : delete from shift_assignments where id=?
Hibernate: delete from shift_assignments where id=?
2025-10-13T21:43:06.687+09:00 DEBUG 2284 --- [Shift Scheduler Demo] [           main] org.hibernate.SQL                        : delete from shift_assignments where id=?
Hibernate: delete from shift_assignments where id=?
2025-10-13T21:43:06.687+09:00 DEBUG 2284 --- [Shift Scheduler Demo] [           main] org.hibernate.SQL                        : delete from shift_assignments where id=?
Hibernate: delete from shift_assignments where id=?
2025-10-13T21:43:06.688+09:00 DEBUG 2284 --- [Shift Scheduler Demo] [           main] org.hibernate.SQL                        : delete from shift_assignments where id=?
Hibernate: delete from shift_assignments where id=?
2025-10-13T21:43:06.688+09:00 DEBUG 2284 --- [Shift Scheduler Demo] [           main] org.hibernate.SQL                        : delete from shift_assignments where id=?
Hibernate: delete from shift_assignments where id=?
2025-10-13T21:43:06.688+09:00 DEBUG 2284 --- [Shift Scheduler Demo] [           main] org.hibernate.SQL                        : delete from shift_assignments where id=?
Hibernate: delete from shift_assignments where id=?
2025-10-13T21:43:06.688+09:00 DEBUG 2284 --- [Shift Scheduler Demo] [           main] org.hibernate.SQL                        : delete from shift_assignments where id=?
Hibernate: delete from shift_assignments where id=?
2025-10-13T21:43:06.688+09:00 DEBUG 2284 --- [Shift Scheduler Demo] [           main] org.hibernate.SQL                        : delete from shift_assignments where id=?
Hibernate: delete from shift_assignments where id=?
2025-10-13T21:43:06.688+09:00 DEBUG 2284 --- [Shift Scheduler Demo] [           main] org.hibernate.SQL                        : delete from shift_assignments where id=?
Hibernate: delete from shift_assignments where id=?
2025-10-13T21:43:06.688+09:00 DEBUG 2284 --- [Shift Scheduler Demo] [           main] org.hibernate.SQL                        : delete from shift_assignments where id=?
Hibernate: delete from shift_assignments where id=?
2025-10-13T21:43:06.688+09:00 DEBUG 2284 --- [Shift Scheduler Demo] [           main] org.hibernate.SQL                        : delete from shift_assignments where id=?
Hibernate: delete from shift_assignments where id=?
2025-10-13T21:43:06.688+09:00 DEBUG 2284 --- [Shift Scheduler Demo] [           main] org.hibernate.SQL                        : delete from shift_assignments where id=?
Hibernate: delete from shift_assignments where id=?
2025-10-13T21:43:06.688+09:00 DEBUG 2284 --- [Shift Scheduler Demo] [           main] org.hibernate.SQL                        : delete from shift_assignments where id=?
Hibernate: delete from shift_assignments where id=?
2025-10-13T21:43:06.688+09:00 DEBUG 2284 --- [Shift Scheduler Demo] [           main] org.hibernate.SQL                        : delete from shift_assignments where id=?
Hibernate: delete from shift_assignments where id=?
2025-10-13T21:43:06.688+09:00 DEBUG 2284 --- [Shift Scheduler Demo] [           main] org.hibernate.SQL                        : delete from shift_assignments where id=?
Hibernate: delete from shift_assignments where id=?
2025-10-13T21:43:06.688+09:00 DEBUG 2284 --- [Shift Scheduler Demo] [           main] org.hibernate.SQL                        : delete from shift_assignments where id=?
Hibernate: delete from shift_assignments where id=?
2025-10-13T21:43:06.689+09:00 DEBUG 2284 --- [Shift Scheduler Demo] [           main] org.hibernate.SQL                        : delete from shift_assignments where id=?
Hibernate: delete from shift_assignments where id=?
2025-10-13T21:43:06.694+09:00 DEBUG 2284 --- [Shift Scheduler Demo] [           main] org.hibernate.SQL                        : delete from shift_assignments where id=?
Hibernate: delete from shift_assignments where id=?
2025-10-13T21:43:06.694+09:00 DEBUG 2284 --- [Shift Scheduler Demo] [           main] org.hibernate.SQL                        : delete from shift_assignments where id=?
Hibernate: delete from shift_assignments where id=?
2025-10-13T21:43:06.728+09:00 DEBUG 2284 --- [Shift Scheduler Demo] [           main] org.hibernate.SQL                        : delete from shift_assignments where id=?
Hibernate: delete from shift_assignments where id=?
2025-10-13T21:43:06.728+09:00 DEBUG 2284 --- [Shift Scheduler Demo] [           main] org.hibernate.SQL                        : delete from shift_assignments where id=?
Hibernate: delete from shift_assignments where id=?
2025-10-13T21:43:06.728+09:00 DEBUG 2284 --- [Shift Scheduler Demo] [           main] org.hibernate.SQL                        : delete from shift_assignments where id=?
Hibernate: delete from shift_assignments where id=?
2025-10-13T21:43:06.728+09:00 DEBUG 2284 --- [Shift Scheduler Demo] [           main] org.hibernate.SQL                        : delete from shift_assignments where id=?
Hibernate: delete from shift_assignments where id=?
2025-10-13T21:43:06.730+09:00 DEBUG 2284 --- [Shift Scheduler Demo] [           main] org.hibernate.SQL                        : delete from shift_assignments where id=?
Hibernate: delete from shift_assignments where id=?
2025-10-13T21:43:06.730+09:00 DEBUG 2284 --- [Shift Scheduler Demo] [           main] org.hibernate.SQL                        : delete from shift_assignments where id=?
Hibernate: delete from shift_assignments where id=?
2025-10-13T21:43:06.730+09:00 DEBUG 2284 --- [Shift Scheduler Demo] [           main] org.hibernate.SQL                        : delete from shift_assignments where id=?
Hibernate: delete from shift_assignments where id=?
2025-10-13T21:43:06.730+09:00 DEBUG 2284 --- [Shift Scheduler Demo] [           main] org.hibernate.SQL                        : delete from shift_assignments where id=?
Hibernate: delete from shift_assignments where id=?
2025-10-13T21:43:06.730+09:00 DEBUG 2284 --- [Shift Scheduler Demo] [           main] org.hibernate.SQL                        : delete from shift_assignments where id=?
Hibernate: delete from shift_assignments where id=?
2025-10-13T21:43:06.730+09:00 DEBUG 2284 --- [Shift Scheduler Demo] [           main] org.hibernate.SQL                        : delete from shift_assignments where id=?
Hibernate: delete from shift_assignments where id=?
2025-10-13T21:43:06.730+09:00 DEBUG 2284 --- [Shift Scheduler Demo] [           main] org.hibernate.SQL                        : delete from shift_assignments where id=?
Hibernate: delete from shift_assignments where id=?
2025-10-13T21:43:06.730+09:00 DEBUG 2284 --- [Shift Scheduler Demo] [           main] org.hibernate.SQL                        : delete from shift_assignments where id=?
Hibernate: delete from shift_assignments where id=?
2025-10-13T21:43:06.730+09:00 DEBUG 2284 --- [Shift Scheduler Demo] [           main] org.hibernate.SQL                        : delete from shift_assignments where id=?
Hibernate: delete from shift_assignments where id=?
2025-10-13T21:43:06.730+09:00 DEBUG 2284 --- [Shift Scheduler Demo] [           main] org.hibernate.SQL                        : delete from shift_assignments where id=?
Hibernate: delete from shift_assignments where id=?
2025-10-13T21:43:06.730+09:00 DEBUG 2284 --- [Shift Scheduler Demo] [           main] org.hibernate.SQL                        : delete from shift_assignments where id=?
Hibernate: delete from shift_assignments where id=?
2025-10-13T21:43:06.730+09:00 DEBUG 2284 --- [Shift Scheduler Demo] [           main] org.hibernate.SQL                        : delete from shift_assignments where id=?
Hibernate: delete from shift_assignments where id=?
2025-10-13T21:43:06.730+09:00 DEBUG 2284 --- [Shift Scheduler Demo] [           main] org.hibernate.SQL                        : delete from shift_assignments where id=?
Hibernate: delete from shift_assignments where id=?
2025-10-13T21:43:06.731+09:00 DEBUG 2284 --- [Shift Scheduler Demo] [           main] org.hibernate.SQL                        : delete from shift_assignments where id=?
Hibernate: delete from shift_assignments where id=?
2025-10-13T21:43:06.731+09:00 DEBUG 2284 --- [Shift Scheduler Demo] [           main] org.hibernate.SQL                        : delete from shift_assignments where id=?
Hibernate: delete from shift_assignments where id=?
2025-10-13T21:43:06.731+09:00 DEBUG 2284 --- [Shift Scheduler Demo] [           main] org.hibernate.SQL                        : delete from shift_assignments where id=?
Hibernate: delete from shift_assignments where id=?
2025-10-13T21:43:06.731+09:00 DEBUG 2284 --- [Shift Scheduler Demo] [           main] org.hibernate.SQL                        : delete from shift_assignments where id=?
Hibernate: delete from shift_assignments where id=?
2025-10-13T21:43:06.731+09:00 DEBUG 2284 --- [Shift Scheduler Demo] [           main] org.hibernate.SQL                        : delete from shift_assignments where id=?
Hibernate: delete from shift_assignments where id=?
2025-10-13T21:43:06.731+09:00 DEBUG 2284 --- [Shift Scheduler Demo] [           main] org.hibernate.SQL                        : delete from shift_assignments where id=?
Hibernate: delete from shift_assignments where id=?
2025-10-13T21:43:06.731+09:00 DEBUG 2284 --- [Shift Scheduler Demo] [           main] org.hibernate.SQL                        : delete from shift_assignments where id=?
Hibernate: delete from shift_assignments where id=?
2025-10-13T21:43:06.731+09:00 DEBUG 2284 --- [Shift Scheduler Demo] [           main] org.hibernate.SQL                        : delete from shift_assignments where id=?
Hibernate: delete from shift_assignments where id=?
2025-10-13T21:43:06.731+09:00 DEBUG 2284 --- [Shift Scheduler Demo] [           main] org.hibernate.SQL                        : delete from shift_assignments where id=?
Hibernate: delete from shift_assignments where id=?
2025-10-13T21:43:06.731+09:00 DEBUG 2284 --- [Shift Scheduler Demo] [           main] org.hibernate.SQL                        : delete from shift_assignments where id=?
Hibernate: delete from shift_assignments where id=?
2025-10-13T21:43:06.731+09:00 DEBUG 2284 --- [Shift Scheduler Demo] [           main] org.hibernate.SQL                        : delete from shift_assignments where id=?
Hibernate: delete from shift_assignments where id=?
2025-10-13T21:43:06.731+09:00 DEBUG 2284 --- [Shift Scheduler Demo] [           main] org.hibernate.SQL                        : delete from shift_assignments where id=?
Hibernate: delete from shift_assignments where id=?
2025-10-13T21:43:06.732+09:00 DEBUG 2284 --- [Shift Scheduler Demo] [           main] org.hibernate.SQL                        : delete from shift_assignments where id=?
Hibernate: delete from shift_assignments where id=?
2025-10-13T21:43:06.732+09:00 DEBUG 2284 --- [Shift Scheduler Demo] [           main] org.hibernate.SQL                        : delete from shift_assignments where id=?
Hibernate: delete from shift_assignments where id=?
2025-10-13T21:43:06.732+09:00 DEBUG 2284 --- [Shift Scheduler Demo] [           main] org.hibernate.SQL                        : delete from shift_assignments where id=?
Hibernate: delete from shift_assignments where id=?
2025-10-13T21:43:06.732+09:00 DEBUG 2284 --- [Shift Scheduler Demo] [           main] org.hibernate.SQL                        : delete from shift_assignments where id=?
Hibernate: delete from shift_assignments where id=?
2025-10-13T21:43:06.732+09:00 DEBUG 2284 --- [Shift Scheduler Demo] [           main] org.hibernate.SQL                        : delete from shift_assignments where id=?
Hibernate: delete from shift_assignments where id=?
2025-10-13T21:43:06.732+09:00 DEBUG 2284 --- [Shift Scheduler Demo] [           main] org.hibernate.SQL                        : delete from shift_assignments where id=?
Hibernate: delete from shift_assignments where id=?
2025-10-13T21:43:06.732+09:00 DEBUG 2284 --- [Shift Scheduler Demo] [           main] org.hibernate.SQL                        : delete from shift_assignments where id=?
Hibernate: delete from shift_assignments where id=?
2025-10-13T21:43:06.733+09:00 DEBUG 2284 --- [Shift Scheduler Demo] [           main] org.hibernate.SQL                        : delete from shift_assignments where id=?
Hibernate: delete from shift_assignments where id=?
2025-10-13T21:43:06.733+09:00 DEBUG 2284 --- [Shift Scheduler Demo] [           main] org.hibernate.SQL                        : delete from shift_assignments where id=?
Hibernate: delete from shift_assignments where id=?
2025-10-13T21:43:06.733+09:00 DEBUG 2284 --- [Shift Scheduler Demo] [           main] org.hibernate.SQL                        : delete from shift_assignments where id=?
Hibernate: delete from shift_assignments where id=?
2025-10-13T21:43:06.733+09:00 DEBUG 2284 --- [Shift Scheduler Demo] [           main] org.hibernate.SQL                        : delete from shift_assignments where id=?
Hibernate: delete from shift_assignments where id=?
2025-10-13T21:43:06.733+09:00 DEBUG 2284 --- [Shift Scheduler Demo] [           main] org.hibernate.SQL                        : delete from shift_assignments where id=?
Hibernate: delete from shift_assignments where id=?
2025-10-13T21:43:06.733+09:00 DEBUG 2284 --- [Shift Scheduler Demo] [           main] org.hibernate.SQL                        : delete from shift_assignments where id=?
Hibernate: delete from shift_assignments where id=?
2025-10-13T21:43:06.733+09:00 DEBUG 2284 --- [Shift Scheduler Demo] [           main] org.hibernate.SQL                        : delete from shift_assignments where id=?
Hibernate: delete from shift_assignments where id=?
2025-10-13T21:43:06.733+09:00 DEBUG 2284 --- [Shift Scheduler Demo] [           main] org.hibernate.SQL                        : delete from shift_assignments where id=?
Hibernate: delete from shift_assignments where id=?
2025-10-13T21:43:06.733+09:00 DEBUG 2284 --- [Shift Scheduler Demo] [           main] org.hibernate.SQL                        : delete from shift_assignments where id=?
Hibernate: delete from shift_assignments where id=?
2025-10-13T21:43:06.733+09:00 DEBUG 2284 --- [Shift Scheduler Demo] [           main] org.hibernate.SQL                        : delete from shift_assignments where id=?
Hibernate: delete from shift_assignments where id=?
2025-10-13T21:43:06.733+09:00 DEBUG 2284 --- [Shift Scheduler Demo] [           main] org.hibernate.SQL                        : delete from shift_assignments where id=?
Hibernate: delete from shift_assignments where id=?
2025-10-13T21:43:06.733+09:00 DEBUG 2284 --- [Shift Scheduler Demo] [           main] org.hibernate.SQL                        : delete from shift_assignments where id=?
Hibernate: delete from shift_assignments where id=?
2025-10-13T21:43:06.733+09:00 DEBUG 2284 --- [Shift Scheduler Demo] [           main] org.hibernate.SQL                        : delete from shift_assignments where id=?
Hibernate: delete from shift_assignments where id=?
2025-10-13T21:43:06.733+09:00 DEBUG 2284 --- [Shift Scheduler Demo] [           main] org.hibernate.SQL                        : delete from shift_assignments where id=?
Hibernate: delete from shift_assignments where id=?
2025-10-13T21:43:06.733+09:00 DEBUG 2284 --- [Shift Scheduler Demo] [           main] org.hibernate.SQL                        : delete from shift_assignments where id=?
Hibernate: delete from shift_assignments where id=?
2025-10-13T21:43:06.735+09:00 DEBUG 2284 --- [Shift Scheduler Demo] [           main] org.hibernate.SQL                        : delete from shift_assignments where id=?
Hibernate: delete from shift_assignments where id=?
2025-10-13T21:43:06.736+09:00 DEBUG 2284 --- [Shift Scheduler Demo] [           main] org.hibernate.SQL                        : delete from shift_assignments where id=?
Hibernate: delete from shift_assignments where id=?
2025-10-13T21:43:06.737+09:00 DEBUG 2284 --- [Shift Scheduler Demo] [           main] org.hibernate.SQL                        : delete from shift_assignments where id=?
Hibernate: delete from shift_assignments where id=?
2025-10-13T21:43:06.737+09:00 DEBUG 2284 --- [Shift Scheduler Demo] [           main] org.hibernate.SQL                        : delete from shift_assignments where id=?
Hibernate: delete from shift_assignments where id=?
2025-10-13T21:43:06.737+09:00 DEBUG 2284 --- [Shift Scheduler Demo] [           main] org.hibernate.SQL                        : delete from shift_assignments where id=?
Hibernate: delete from shift_assignments where id=?
2025-10-13T21:43:06.737+09:00 DEBUG 2284 --- [Shift Scheduler Demo] [           main] org.hibernate.SQL                        : delete from shift_assignments where id=?
Hibernate: delete from shift_assignments where id=?
2025-10-13T21:43:06.737+09:00 DEBUG 2284 --- [Shift Scheduler Demo] [           main] org.hibernate.SQL                        : delete from shift_assignments where id=?
Hibernate: delete from shift_assignments where id=?
2025-10-13T21:43:06.737+09:00 DEBUG 2284 --- [Shift Scheduler Demo] [           main] org.hibernate.SQL                        : delete from shift_assignments where id=?
Hibernate: delete from shift_assignments where id=?
2025-10-13T21:43:06.737+09:00 DEBUG 2284 --- [Shift Scheduler Demo] [           main] org.hibernate.SQL                        : delete from shift_assignments where id=?
Hibernate: delete from shift_assignments where id=?
2025-10-13T21:43:06.737+09:00 DEBUG 2284 --- [Shift Scheduler Demo] [           main] org.hibernate.SQL                        : delete from shift_assignments where id=?
Hibernate: delete from shift_assignments where id=?
2025-10-13T21:43:06.737+09:00 DEBUG 2284 --- [Shift Scheduler Demo] [           main] org.hibernate.SQL                        : delete from shift_assignments where id=?
Hibernate: delete from shift_assignments where id=?
2025-10-13T21:43:06.737+09:00 DEBUG 2284 --- [Shift Scheduler Demo] [           main] org.hibernate.SQL                        : delete from shift_assignments where id=?
Hibernate: delete from shift_assignments where id=?
2025-10-13T21:43:06.738+09:00 DEBUG 2284 --- [Shift Scheduler Demo] [           main] org.hibernate.SQL                        : delete from shift_assignments where id=?
Hibernate: delete from shift_assignments where id=?
2025-10-13T21:43:06.738+09:00 DEBUG 2284 --- [Shift Scheduler Demo] [           main] org.hibernate.SQL                        : delete from shift_assignments where id=?
Hibernate: delete from shift_assignments where id=?
2025-10-13T21:43:06.738+09:00 DEBUG 2284 --- [Shift Scheduler Demo] [           main] org.hibernate.SQL                        : delete from shift_assignments where id=?
Hibernate: delete from shift_assignments where id=?
2025-10-13T21:43:06.738+09:00 DEBUG 2284 --- [Shift Scheduler Demo] [           main] org.hibernate.SQL                        : delete from shift_assignments where id=?
Hibernate: delete from shift_assignments where id=?
2025-10-13T21:43:06.738+09:00 DEBUG 2284 --- [Shift Scheduler Demo] [           main] org.hibernate.SQL                        : delete from shift_assignments where id=?
Hibernate: delete from shift_assignments where id=?
2025-10-13T21:43:06.738+09:00 DEBUG 2284 --- [Shift Scheduler Demo] [           main] org.hibernate.SQL                        : delete from shift_assignments where id=?
Hibernate: delete from shift_assignments where id=?
2025-10-13T21:43:06.738+09:00 DEBUG 2284 --- [Shift Scheduler Demo] [           main] org.hibernate.SQL                        : delete from shift_assignments where id=?
Hibernate: delete from shift_assignments where id=?
2025-10-13T21:43:06.738+09:00 DEBUG 2284 --- [Shift Scheduler Demo] [           main] org.hibernate.SQL                        : delete from shift_assignments where id=?
Hibernate: delete from shift_assignments where id=?
2025-10-13T21:43:06.738+09:00 DEBUG 2284 --- [Shift Scheduler Demo] [           main] org.hibernate.SQL                        : delete from shift_assignments where id=?
Hibernate: delete from shift_assignments where id=?
2025-10-13T21:43:06.738+09:00 DEBUG 2284 --- [Shift Scheduler Demo] [           main] org.hibernate.SQL                        : delete from shift_assignments where id=?
Hibernate: delete from shift_assignments where id=?
2025-10-13T21:43:06.738+09:00 DEBUG 2284 --- [Shift Scheduler Demo] [           main] org.hibernate.SQL                        : delete from shift_assignments where id=?
Hibernate: delete from shift_assignments where id=?
2025-10-13T21:43:06.738+09:00 DEBUG 2284 --- [Shift Scheduler Demo] [           main] org.hibernate.SQL                        : delete from shift_assignments where id=?
Hibernate: delete from shift_assignments where id=?
2025-10-13T21:43:06.738+09:00 DEBUG 2284 --- [Shift Scheduler Demo] [           main] org.hibernate.SQL                        : delete from shift_assignments where id=?
Hibernate: delete from shift_assignments where id=?
2025-10-13T21:43:06.739+09:00 DEBUG 2284 --- [Shift Scheduler Demo] [           main] org.hibernate.SQL                        : delete from shift_assignments where id=?
Hibernate: delete from shift_assignments where id=?
2025-10-13T21:43:06.739+09:00 DEBUG 2284 --- [Shift Scheduler Demo] [           main] org.hibernate.SQL                        : delete from shift_assignments where id=?
Hibernate: delete from shift_assignments where id=?
2025-10-13T21:43:06.739+09:00 DEBUG 2284 --- [Shift Scheduler Demo] [           main] org.hibernate.SQL                        : delete from shift_assignments where id=?
Hibernate: delete from shift_assignments where id=?
2025-10-13T21:43:06.739+09:00 DEBUG 2284 --- [Shift Scheduler Demo] [           main] org.hibernate.SQL                        : delete from shift_assignments where id=?
Hibernate: delete from shift_assignments where id=?
2025-10-13T21:43:06.739+09:00 DEBUG 2284 --- [Shift Scheduler Demo] [           main] org.hibernate.SQL                        : delete from shift_assignments where id=?
Hibernate: delete from shift_assignments where id=?
2025-10-13T21:43:06.739+09:00 DEBUG 2284 --- [Shift Scheduler Demo] [           main] org.hibernate.SQL                        : delete from shift_assignments where id=?
Hibernate: delete from shift_assignments where id=?
2025-10-13T21:43:06.739+09:00 DEBUG 2284 --- [Shift Scheduler Demo] [           main] org.hibernate.SQL                        : delete from shift_assignments where id=?
Hibernate: delete from shift_assignments where id=?
2025-10-13T21:43:06.739+09:00 DEBUG 2284 --- [Shift Scheduler Demo] [           main] org.hibernate.SQL                        : delete from shift_assignments where id=?
Hibernate: delete from shift_assignments where id=?
2025-10-13T21:43:06.739+09:00 DEBUG 2284 --- [Shift Scheduler Demo] [           main] org.hibernate.SQL                        : delete from shift_assignments where id=?
Hibernate: delete from shift_assignments where id=?
2025-10-13T21:43:06.739+09:00 DEBUG 2284 --- [Shift Scheduler Demo] [           main] org.hibernate.SQL                        : delete from shift_assignments where id=?
Hibernate: delete from shift_assignments where id=?
2025-10-13T21:43:06.739+09:00 DEBUG 2284 --- [Shift Scheduler Demo] [           main] org.hibernate.SQL                        : delete from shift_assignments where id=?
Hibernate: delete from shift_assignments where id=?
2025-10-13T21:43:06.739+09:00 DEBUG 2284 --- [Shift Scheduler Demo] [           main] org.hibernate.SQL                        : delete from shift_assignments where id=?
Hibernate: delete from shift_assignments where id=?
2025-10-13T21:43:06.740+09:00 DEBUG 2284 --- [Shift Scheduler Demo] [           main] org.hibernate.SQL                        : delete from shift_assignments where id=?
Hibernate: delete from shift_assignments where id=?
2025-10-13T21:43:06.740+09:00 DEBUG 2284 --- [Shift Scheduler Demo] [           main] org.hibernate.SQL                        : delete from shift_assignments where id=?
Hibernate: delete from shift_assignments where id=?
2025-10-13T21:43:06.740+09:00 DEBUG 2284 --- [Shift Scheduler Demo] [           main] org.hibernate.SQL                        : delete from shift_assignments where id=?
Hibernate: delete from shift_assignments where id=?
2025-10-13T21:43:06.740+09:00 DEBUG 2284 --- [Shift Scheduler Demo] [           main] org.hibernate.SQL                        : delete from shift_assignments where id=?
Hibernate: delete from shift_assignments where id=?
2025-10-13T21:43:06.740+09:00 DEBUG 2284 --- [Shift Scheduler Demo] [           main] org.hibernate.SQL                        : delete from shift_assignments where id=?
Hibernate: delete from shift_assignments where id=?
2025-10-13T21:43:06.740+09:00 DEBUG 2284 --- [Shift Scheduler Demo] [           main] org.hibernate.SQL                        : delete from shift_assignments where id=?
Hibernate: delete from shift_assignments where id=?
2025-10-13T21:43:06.740+09:00 DEBUG 2284 --- [Shift Scheduler Demo] [           main] org.hibernate.SQL                        : delete from shift_assignments where id=?
Hibernate: delete from shift_assignments where id=?
2025-10-13T21:43:06.740+09:00 DEBUG 2284 --- [Shift Scheduler Demo] [           main] org.hibernate.SQL                        : delete from shift_assignments where id=?
Hibernate: delete from shift_assignments where id=?
2025-10-13T21:43:06.740+09:00 DEBUG 2284 --- [Shift Scheduler Demo] [           main] org.hibernate.SQL                        : delete from shift_assignments where id=?
Hibernate: delete from shift_assignments where id=?
2025-10-13T21:43:06.740+09:00 DEBUG 2284 --- [Shift Scheduler Demo] [           main] org.hibernate.SQL                        : delete from shift_assignments where id=?
Hibernate: delete from shift_assignments where id=?
2025-10-13T21:43:06.740+09:00 DEBUG 2284 --- [Shift Scheduler Demo] [           main] org.hibernate.SQL                        : delete from shift_assignments where id=?
Hibernate: delete from shift_assignments where id=?
2025-10-13T21:43:06.740+09:00 DEBUG 2284 --- [Shift Scheduler Demo] [           main] org.hibernate.SQL                        : delete from shift_assignments where id=?
Hibernate: delete from shift_assignments where id=?
2025-10-13T21:43:06.740+09:00 DEBUG 2284 --- [Shift Scheduler Demo] [           main] org.hibernate.SQL                        : delete from shift_assignments where id=?
Hibernate: delete from shift_assignments where id=?
2025-10-13T21:43:06.740+09:00 DEBUG 2284 --- [Shift Scheduler Demo] [           main] org.hibernate.SQL                        : delete from shift_assignments where id=?
Hibernate: delete from shift_assignments where id=?
2025-10-13T21:43:06.741+09:00 DEBUG 2284 --- [Shift Scheduler Demo] [           main] org.hibernate.SQL                        : delete from shift_assignments where id=?
Hibernate: delete from shift_assignments where id=?
2025-10-13T21:43:06.741+09:00 DEBUG 2284 --- [Shift Scheduler Demo] [           main] org.hibernate.SQL                        : delete from shift_assignments where id=?
Hibernate: delete from shift_assignments where id=?
2025-10-13T21:43:06.741+09:00 DEBUG 2284 --- [Shift Scheduler Demo] [           main] org.hibernate.SQL                        : delete from shift_assignments where id=?
Hibernate: delete from shift_assignments where id=?
2025-10-13T21:43:06.741+09:00 DEBUG 2284 --- [Shift Scheduler Demo] [           main] org.hibernate.SQL                        : delete from shift_assignments where id=?
Hibernate: delete from shift_assignments where id=?
2025-10-13T21:43:06.741+09:00 DEBUG 2284 --- [Shift Scheduler Demo] [           main] org.hibernate.SQL                        : delete from shift_assignments where id=?
Hibernate: delete from shift_assignments where id=?
2025-10-13T21:43:06.741+09:00 DEBUG 2284 --- [Shift Scheduler Demo] [           main] org.hibernate.SQL                        : delete from shift_assignments where id=?
Hibernate: delete from shift_assignments where id=?
2025-10-13T21:43:06.741+09:00 DEBUG 2284 --- [Shift Scheduler Demo] [           main] org.hibernate.SQL                        : delete from shift_assignments where id=?
Hibernate: delete from shift_assignments where id=?
2025-10-13T21:43:06.741+09:00 DEBUG 2284 --- [Shift Scheduler Demo] [           main] org.hibernate.SQL                        : delete from shift_assignments where id=?
Hibernate: delete from shift_assignments where id=?
2025-10-13T21:43:06.741+09:00 DEBUG 2284 --- [Shift Scheduler Demo] [           main] org.hibernate.SQL                        : delete from shift_assignments where id=?
Hibernate: delete from shift_assignments where id=?
2025-10-13T21:43:06.741+09:00 DEBUG 2284 --- [Shift Scheduler Demo] [           main] org.hibernate.SQL                        : delete from shift_assignments where id=?
Hibernate: delete from shift_assignments where id=?
2025-10-13T21:43:06.741+09:00 DEBUG 2284 --- [Shift Scheduler Demo] [           main] org.hibernate.SQL                        : delete from shift_assignments where id=?
Hibernate: delete from shift_assignments where id=?
2025-10-13T21:43:06.741+09:00 DEBUG 2284 --- [Shift Scheduler Demo] [           main] org.hibernate.SQL                        : delete from shift_assignments where id=?
Hibernate: delete from shift_assignments where id=?
2025-10-13T21:43:06.742+09:00 DEBUG 2284 --- [Shift Scheduler Demo] [           main] org.hibernate.SQL                        : delete from shift_assignments where id=?
Hibernate: delete from shift_assignments where id=?
2025-10-13T21:43:06.742+09:00 DEBUG 2284 --- [Shift Scheduler Demo] [           main] org.hibernate.SQL                        : delete from shift_assignments where id=?
Hibernate: delete from shift_assignments where id=?
2025-10-13T21:43:06.742+09:00 DEBUG 2284 --- [Shift Scheduler Demo] [           main] org.hibernate.SQL                        : delete from shift_assignments where id=?
Hibernate: delete from shift_assignments where id=?
2025-10-13T21:43:06.742+09:00 DEBUG 2284 --- [Shift Scheduler Demo] [           main] org.hibernate.SQL                        : delete from shift_assignments where id=?
Hibernate: delete from shift_assignments where id=?
2025-10-13T21:43:06.742+09:00 DEBUG 2284 --- [Shift Scheduler Demo] [           main] org.hibernate.SQL                        : delete from shift_assignments where id=?
Hibernate: delete from shift_assignments where id=?
2025-10-13T21:43:06.742+09:00 DEBUG 2284 --- [Shift Scheduler Demo] [           main] org.hibernate.SQL                        : delete from shift_assignments where id=?
Hibernate: delete from shift_assignments where id=?
2025-10-13T21:43:06.742+09:00 DEBUG 2284 --- [Shift Scheduler Demo] [           main] org.hibernate.SQL                        : delete from shift_assignments where id=?
Hibernate: delete from shift_assignments where id=?
2025-10-13T21:43:06.742+09:00 DEBUG 2284 --- [Shift Scheduler Demo] [           main] org.hibernate.SQL                        : delete from shift_assignments where id=?
Hibernate: delete from shift_assignments where id=?
2025-10-13T21:43:06.742+09:00 DEBUG 2284 --- [Shift Scheduler Demo] [           main] org.hibernate.SQL                        : delete from shift_assignments where id=?
Hibernate: delete from shift_assignments where id=?
2025-10-13T21:43:06.743+09:00 DEBUG 2284 --- [Shift Scheduler Demo] [           main] org.hibernate.SQL                        : delete from shift_assignments where id=?
Hibernate: delete from shift_assignments where id=?
2025-10-13T21:43:06.743+09:00 DEBUG 2284 --- [Shift Scheduler Demo] [           main] org.hibernate.SQL                        : delete from shift_assignments where id=?
Hibernate: delete from shift_assignments where id=?
2025-10-13T21:43:06.743+09:00 DEBUG 2284 --- [Shift Scheduler Demo] [           main] org.hibernate.SQL                        : delete from shift_assignments where id=?
Hibernate: delete from shift_assignments where id=?
2025-10-13T21:43:06.743+09:00 DEBUG 2284 --- [Shift Scheduler Demo] [           main] org.hibernate.SQL                        : delete from shift_assignments where id=?
Hibernate: delete from shift_assignments where id=?
2025-10-13T21:43:06.743+09:00 DEBUG 2284 --- [Shift Scheduler Demo] [           main] org.hibernate.SQL                        : delete from shift_assignments where id=?
Hibernate: delete from shift_assignments where id=?
2025-10-13T21:43:06.743+09:00 DEBUG 2284 --- [Shift Scheduler Demo] [           main] org.hibernate.SQL                        : delete from shift_assignments where id=?
Hibernate: delete from shift_assignments where id=?
2025-10-13T21:43:06.743+09:00 DEBUG 2284 --- [Shift Scheduler Demo] [           main] org.hibernate.SQL                        : delete from shift_assignments where id=?
Hibernate: delete from shift_assignments where id=?
2025-10-13T21:43:06.744+09:00 DEBUG 2284 --- [Shift Scheduler Demo] [           main] org.hibernate.SQL                        : delete from shift_assignments where id=?
Hibernate: delete from shift_assignments where id=?
2025-10-13T21:43:06.744+09:00 DEBUG 2284 --- [Shift Scheduler Demo] [           main] org.hibernate.SQL                        : delete from shift_assignments where id=?
Hibernate: delete from shift_assignments where id=?
2025-10-13T21:43:06.744+09:00 DEBUG 2284 --- [Shift Scheduler Demo] [           main] org.hibernate.SQL                        : delete from shift_assignments where id=?
Hibernate: delete from shift_assignments where id=?
2025-10-13T21:43:06.744+09:00 DEBUG 2284 --- [Shift Scheduler Demo] [           main] org.hibernate.SQL                        : delete from shift_assignments where id=?
Hibernate: delete from shift_assignments where id=?
2025-10-13T21:43:06.744+09:00 DEBUG 2284 --- [Shift Scheduler Demo] [           main] org.hibernate.SQL                        : delete from shift_assignments where id=?
Hibernate: delete from shift_assignments where id=?
2025-10-13T21:43:06.744+09:00 DEBUG 2284 --- [Shift Scheduler Demo] [           main] org.hibernate.SQL                        : delete from shift_assignments where id=?
Hibernate: delete from shift_assignments where id=?
2025-10-13T21:43:06.744+09:00 DEBUG 2284 --- [Shift Scheduler Demo] [           main] org.hibernate.SQL                        : delete from shift_assignments where id=?
Hibernate: delete from shift_assignments where id=?
2025-10-13T21:43:06.745+09:00 DEBUG 2284 --- [Shift Scheduler Demo] [           main] org.hibernate.SQL                        : delete from shift_assignments where id=?
Hibernate: delete from shift_assignments where id=?
2025-10-13T21:43:06.745+09:00 DEBUG 2284 --- [Shift Scheduler Demo] [           main] org.hibernate.SQL                        : delete from shift_assignments where id=?
Hibernate: delete from shift_assignments where id=?
2025-10-13T21:43:06.746+09:00 DEBUG 2284 --- [Shift Scheduler Demo] [           main] org.hibernate.SQL                        : delete from shift_assignments where id=?
Hibernate: delete from shift_assignments where id=?
2025-10-13T21:43:06.746+09:00 DEBUG 2284 --- [Shift Scheduler Demo] [           main] org.hibernate.SQL                        : delete from shift_assignments where id=?
Hibernate: delete from shift_assignments where id=?
2025-10-13T21:43:06.746+09:00 DEBUG 2284 --- [Shift Scheduler Demo] [           main] org.hibernate.SQL                        : delete from shift_assignments where id=?
Hibernate: delete from shift_assignments where id=?
2025-10-13T21:43:06.746+09:00 DEBUG 2284 --- [Shift Scheduler Demo] [           main] org.hibernate.SQL                        : delete from shift_assignments where id=?
Hibernate: delete from shift_assignments where id=?
2025-10-13T21:43:06.746+09:00 DEBUG 2284 --- [Shift Scheduler Demo] [           main] org.hibernate.SQL                        : delete from shift_assignments where id=?
Hibernate: delete from shift_assignments where id=?
2025-10-13T21:43:06.746+09:00 DEBUG 2284 --- [Shift Scheduler Demo] [           main] org.hibernate.SQL                        : delete from shift_assignments where id=?
Hibernate: delete from shift_assignments where id=?
2025-10-13T21:43:06.746+09:00 DEBUG 2284 --- [Shift Scheduler Demo] [           main] org.hibernate.SQL                        : delete from shift_assignments where id=?
Hibernate: delete from shift_assignments where id=?
2025-10-13T21:43:06.746+09:00 DEBUG 2284 --- [Shift Scheduler Demo] [           main] org.hibernate.SQL                        : delete from shift_assignments where id=?
Hibernate: delete from shift_assignments where id=?
2025-10-13T21:43:06.746+09:00 DEBUG 2284 --- [Shift Scheduler Demo] [           main] org.hibernate.SQL                        : delete from shift_assignments where id=?
Hibernate: delete from shift_assignments where id=?
2025-10-13T21:43:06.746+09:00 DEBUG 2284 --- [Shift Scheduler Demo] [           main] org.hibernate.SQL                        : delete from shift_assignments where id=?
Hibernate: delete from shift_assignments where id=?
2025-10-13T21:43:06.747+09:00 DEBUG 2284 --- [Shift Scheduler Demo] [           main] org.hibernate.SQL                        : delete from shift_assignments where id=?
Hibernate: delete from shift_assignments where id=?
2025-10-13T21:43:06.747+09:00 DEBUG 2284 --- [Shift Scheduler Demo] [           main] org.hibernate.SQL                        : delete from shift_assignments where id=?
Hibernate: delete from shift_assignments where id=?
2025-10-13T21:43:06.747+09:00 DEBUG 2284 --- [Shift Scheduler Demo] [           main] org.hibernate.SQL                        : delete from shift_assignments where id=?
Hibernate: delete from shift_assignments where id=?
2025-10-13T21:43:06.747+09:00 DEBUG 2284 --- [Shift Scheduler Demo] [           main] org.hibernate.SQL                        : delete from shift_assignments where id=?
Hibernate: delete from shift_assignments where id=?
2025-10-13T21:43:06.747+09:00 DEBUG 2284 --- [Shift Scheduler Demo] [           main] org.hibernate.SQL                        : delete from shift_assignments where id=?
Hibernate: delete from shift_assignments where id=?
2025-10-13T21:43:06.747+09:00 DEBUG 2284 --- [Shift Scheduler Demo] [           main] org.hibernate.SQL                        : delete from shift_assignments where id=?
Hibernate: delete from shift_assignments where id=?
2025-10-13T21:43:06.747+09:00 DEBUG 2284 --- [Shift Scheduler Demo] [           main] org.hibernate.SQL                        : delete from shift_assignments where id=?
Hibernate: delete from shift_assignments where id=?
2025-10-13T21:43:06.747+09:00 DEBUG 2284 --- [Shift Scheduler Demo] [           main] org.hibernate.SQL                        : delete from shift_assignments where id=?
Hibernate: delete from shift_assignments where id=?
2025-10-13T21:43:06.747+09:00 DEBUG 2284 --- [Shift Scheduler Demo] [           main] org.hibernate.SQL                        : delete from shift_assignments where id=?
Hibernate: delete from shift_assignments where id=?
2025-10-13T21:43:06.747+09:00 DEBUG 2284 --- [Shift Scheduler Demo] [           main] org.hibernate.SQL                        : delete from shift_assignments where id=?
Hibernate: delete from shift_assignments where id=?
2025-10-13T21:43:06.747+09:00 DEBUG 2284 --- [Shift Scheduler Demo] [           main] org.hibernate.SQL                        : delete from shift_assignments where id=?
Hibernate: delete from shift_assignments where id=?
2025-10-13T21:43:06.748+09:00 DEBUG 2284 --- [Shift Scheduler Demo] [           main] org.hibernate.SQL                        : delete from shift_assignments where id=?
Hibernate: delete from shift_assignments where id=?
2025-10-13T21:43:06.748+09:00 DEBUG 2284 --- [Shift Scheduler Demo] [           main] org.hibernate.SQL                        : delete from shift_assignments where id=?
Hibernate: delete from shift_assignments where id=?
2025-10-13T21:43:06.748+09:00 DEBUG 2284 --- [Shift Scheduler Demo] [           main] org.hibernate.SQL                        : delete from shift_assignments where id=?
Hibernate: delete from shift_assignments where id=?
2025-10-13T21:43:06.748+09:00 DEBUG 2284 --- [Shift Scheduler Demo] [           main] org.hibernate.SQL                        : delete from shift_assignments where id=?
Hibernate: delete from shift_assignments where id=?
2025-10-13T21:43:06.748+09:00 DEBUG 2284 --- [Shift Scheduler Demo] [           main] org.hibernate.SQL                        : delete from shift_assignments where id=?
Hibernate: delete from shift_assignments where id=?
2025-10-13T21:43:06.748+09:00 DEBUG 2284 --- [Shift Scheduler Demo] [           main] org.hibernate.SQL                        : delete from shift_assignments where id=?
Hibernate: delete from shift_assignments where id=?
2025-10-13T21:43:06.748+09:00 DEBUG 2284 --- [Shift Scheduler Demo] [           main] org.hibernate.SQL                        : delete from shift_assignments where id=?
Hibernate: delete from shift_assignments where id=?
2025-10-13T21:43:06.748+09:00 DEBUG 2284 --- [Shift Scheduler Demo] [           main] org.hibernate.SQL                        : delete from shift_assignments where id=?
Hibernate: delete from shift_assignments where id=?
2025-10-13T21:43:06.748+09:00 DEBUG 2284 --- [Shift Scheduler Demo] [           main] org.hibernate.SQL                        : delete from shift_assignments where id=?
Hibernate: delete from shift_assignments where id=?
2025-10-13T21:43:06.749+09:00 DEBUG 2284 --- [Shift Scheduler Demo] [           main] org.hibernate.SQL                        : delete from shift_assignments where id=?
Hibernate: delete from shift_assignments where id=?
2025-10-13T21:43:06.749+09:00 DEBUG 2284 --- [Shift Scheduler Demo] [           main] org.hibernate.SQL                        : delete from shift_assignments where id=?
Hibernate: delete from shift_assignments where id=?
2025-10-13T21:43:06.749+09:00 DEBUG 2284 --- [Shift Scheduler Demo] [           main] org.hibernate.SQL                        : delete from shift_assignments where id=?
Hibernate: delete from shift_assignments where id=?
2025-10-13T21:43:06.749+09:00 DEBUG 2284 --- [Shift Scheduler Demo] [           main] org.hibernate.SQL                        : delete from shift_assignments where id=?
Hibernate: delete from shift_assignments where id=?
2025-10-13T21:43:06.750+09:00 DEBUG 2284 --- [Shift Scheduler Demo] [           main] org.hibernate.SQL                        : delete from shift_assignments where id=?
Hibernate: delete from shift_assignments where id=?
2025-10-13T21:43:06.752+09:00 DEBUG 2284 --- [Shift Scheduler Demo] [           main] org.hibernate.SQL                        : delete from shift_assignments where id=?
Hibernate: delete from shift_assignments where id=?
2025-10-13T21:43:06.753+09:00 DEBUG 2284 --- [Shift Scheduler Demo] [           main] org.hibernate.SQL                        : delete from shift_assignments where id=?
Hibernate: delete from shift_assignments where id=?
2025-10-13T21:43:06.754+09:00 DEBUG 2284 --- [Shift Scheduler Demo] [           main] org.hibernate.SQL                        : delete from shift_assignments where id=?
Hibernate: delete from shift_assignments where id=?
2025-10-13T21:43:06.754+09:00 DEBUG 2284 --- [Shift Scheduler Demo] [           main] org.hibernate.SQL                        : delete from shift_assignments where id=?
Hibernate: delete from shift_assignments where id=?
2025-10-13T21:43:06.754+09:00 DEBUG 2284 --- [Shift Scheduler Demo] [           main] org.hibernate.SQL                        : delete from shift_assignments where id=?
Hibernate: delete from shift_assignments where id=?
2025-10-13T21:43:06.754+09:00 DEBUG 2284 --- [Shift Scheduler Demo] [           main] org.hibernate.SQL                        : delete from shift_assignments where id=?
Hibernate: delete from shift_assignments where id=?
2025-10-13T21:43:06.754+09:00 DEBUG 2284 --- [Shift Scheduler Demo] [           main] org.hibernate.SQL                        : delete from shift_assignments where id=?
Hibernate: delete from shift_assignments where id=?
2025-10-13T21:43:06.754+09:00 DEBUG 2284 --- [Shift Scheduler Demo] [           main] org.hibernate.SQL                        : delete from shift_assignments where id=?
Hibernate: delete from shift_assignments where id=?
2025-10-13T21:43:06.754+09:00 DEBUG 2284 --- [Shift Scheduler Demo] [           main] org.hibernate.SQL                        : delete from shift_assignments where id=?
Hibernate: delete from shift_assignments where id=?
2025-10-13T21:43:06.754+09:00 DEBUG 2284 --- [Shift Scheduler Demo] [           main] org.hibernate.SQL                        : delete from shift_assignments where id=?
Hibernate: delete from shift_assignments where id=?
2025-10-13T21:43:06.755+09:00 DEBUG 2284 --- [Shift Scheduler Demo] [           main] org.hibernate.SQL                        : delete from shift_assignments where id=?
Hibernate: delete from shift_assignments where id=?
2025-10-13T21:43:06.755+09:00 DEBUG 2284 --- [Shift Scheduler Demo] [           main] org.hibernate.SQL                        : delete from shift_assignments where id=?
Hibernate: delete from shift_assignments where id=?
2025-10-13T21:43:06.755+09:00 DEBUG 2284 --- [Shift Scheduler Demo] [           main] org.hibernate.SQL                        : delete from shift_assignments where id=?
Hibernate: delete from shift_assignments where id=?
2025-10-13T21:43:06.755+09:00 DEBUG 2284 --- [Shift Scheduler Demo] [           main] org.hibernate.SQL                        : delete from shift_assignments where id=?
Hibernate: delete from shift_assignments where id=?
2025-10-13T21:43:06.755+09:00 DEBUG 2284 --- [Shift Scheduler Demo] [           main] org.hibernate.SQL                        : delete from shift_assignments where id=?
Hibernate: delete from shift_assignments where id=?
2025-10-13T21:43:06.755+09:00 DEBUG 2284 --- [Shift Scheduler Demo] [           main] org.hibernate.SQL                        : delete from shift_assignments where id=?
Hibernate: delete from shift_assignments where id=?
2025-10-13T21:43:06.755+09:00 DEBUG 2284 --- [Shift Scheduler Demo] [           main] org.hibernate.SQL                        : delete from shift_assignments where id=?
Hibernate: delete from shift_assignments where id=?
2025-10-13T21:43:06.755+09:00 DEBUG 2284 --- [Shift Scheduler Demo] [           main] org.hibernate.SQL                        : delete from shift_assignments where id=?
Hibernate: delete from shift_assignments where id=?
2025-10-13T21:43:06.755+09:00 DEBUG 2284 --- [Shift Scheduler Demo] [           main] org.hibernate.SQL                        : delete from shift_assignments where id=?
Hibernate: delete from shift_assignments where id=?
2025-10-13T21:43:06.755+09:00 DEBUG 2284 --- [Shift Scheduler Demo] [           main] org.hibernate.SQL                        : delete from shift_assignments where id=?
Hibernate: delete from shift_assignments where id=?
2025-10-13T21:43:06.755+09:00 DEBUG 2284 --- [Shift Scheduler Demo] [           main] org.hibernate.SQL                        : delete from shift_assignments where id=?
Hibernate: delete from shift_assignments where id=?
2025-10-13T21:43:06.755+09:00 DEBUG 2284 --- [Shift Scheduler Demo] [           main] org.hibernate.SQL                        : delete from shift_assignments where id=?
Hibernate: delete from shift_assignments where id=?
2025-10-13T21:43:06.755+09:00 DEBUG 2284 --- [Shift Scheduler Demo] [           main] org.hibernate.SQL                        : delete from shift_assignments where id=?
Hibernate: delete from shift_assignments where id=?
2025-10-13T21:43:06.755+09:00 DEBUG 2284 --- [Shift Scheduler Demo] [           main] org.hibernate.SQL                        : delete from shift_assignments where id=?
Hibernate: delete from shift_assignments where id=?
2025-10-13T21:43:06.756+09:00 DEBUG 2284 --- [Shift Scheduler Demo] [           main] org.hibernate.SQL                        : delete from shift_assignments where id=?
Hibernate: delete from shift_assignments where id=?
2025-10-13T21:43:06.756+09:00 DEBUG 2284 --- [Shift Scheduler Demo] [           main] org.hibernate.SQL                        : delete from shift_assignments where id=?
Hibernate: delete from shift_assignments where id=?
2025-10-13T21:43:06.756+09:00 DEBUG 2284 --- [Shift Scheduler Demo] [           main] org.hibernate.SQL                        : delete from shift_assignments where id=?
Hibernate: delete from shift_assignments where id=?
2025-10-13T21:43:06.756+09:00 DEBUG 2284 --- [Shift Scheduler Demo] [           main] org.hibernate.SQL                        : delete from shift_assignments where id=?
Hibernate: delete from shift_assignments where id=?
2025-10-13T21:43:06.756+09:00 DEBUG 2284 --- [Shift Scheduler Demo] [           main] org.hibernate.SQL                        : delete from shift_assignments where id=?
Hibernate: delete from shift_assignments where id=?
2025-10-13T21:43:06.756+09:00 DEBUG 2284 --- [Shift Scheduler Demo] [           main] org.hibernate.SQL                        : delete from shift_assignments where id=?
Hibernate: delete from shift_assignments where id=?
2025-10-13T21:43:06.756+09:00 DEBUG 2284 --- [Shift Scheduler Demo] [           main] org.hibernate.SQL                        : delete from shift_assignments where id=?
Hibernate: delete from shift_assignments where id=?
2025-10-13T21:43:06.756+09:00 DEBUG 2284 --- [Shift Scheduler Demo] [           main] org.hibernate.SQL                        : delete from shift_assignments where id=?
Hibernate: delete from shift_assignments where id=?
2025-10-13T21:43:06.756+09:00 DEBUG 2284 --- [Shift Scheduler Demo] [           main] org.hibernate.SQL                        : delete from shift_assignments where id=?
Hibernate: delete from shift_assignments where id=?
2025-10-13T21:43:06.756+09:00 DEBUG 2284 --- [Shift Scheduler Demo] [           main] org.hibernate.SQL                        : delete from shift_assignments where id=?
Hibernate: delete from shift_assignments where id=?
2025-10-13T21:43:06.756+09:00 DEBUG 2284 --- [Shift Scheduler Demo] [           main] org.hibernate.SQL                        : delete from shift_assignments where id=?
Hibernate: delete from shift_assignments where id=?
2025-10-13T21:43:06.756+09:00 DEBUG 2284 --- [Shift Scheduler Demo] [           main] org.hibernate.SQL                        : delete from shift_assignments where id=?
Hibernate: delete from shift_assignments where id=?
2025-10-13T21:43:06.756+09:00 DEBUG 2284 --- [Shift Scheduler Demo] [           main] org.hibernate.SQL                        : delete from shift_assignments where id=?
Hibernate: delete from shift_assignments where id=?
2025-10-13T21:43:06.756+09:00 DEBUG 2284 --- [Shift Scheduler Demo] [           main] org.hibernate.SQL                        : delete from shift_assignments where id=?
Hibernate: delete from shift_assignments where id=?
2025-10-13T21:43:06.756+09:00 DEBUG 2284 --- [Shift Scheduler Demo] [           main] org.hibernate.SQL                        : delete from shift_assignments where id=?
Hibernate: delete from shift_assignments where id=?
2025-10-13T21:43:06.756+09:00 DEBUG 2284 --- [Shift Scheduler Demo] [           main] org.hibernate.SQL                        : delete from shift_assignments where id=?
Hibernate: delete from shift_assignments where id=?
2025-10-13T21:43:06.756+09:00 DEBUG 2284 --- [Shift Scheduler Demo] [           main] org.hibernate.SQL                        : delete from shift_assignments where id=?
Hibernate: delete from shift_assignments where id=?
2025-10-13T21:43:06.756+09:00 DEBUG 2284 --- [Shift Scheduler Demo] [           main] org.hibernate.SQL                        : delete from shift_assignments where id=?
Hibernate: delete from shift_assignments where id=?
2025-10-13T21:43:06.756+09:00 DEBUG 2284 --- [Shift Scheduler Demo] [           main] org.hibernate.SQL                        : delete from shift_assignments where id=?
Hibernate: delete from shift_assignments where id=?
2025-10-13T21:43:06.756+09:00 DEBUG 2284 --- [Shift Scheduler Demo] [           main] org.hibernate.SQL                        : delete from shift_assignments where id=?
Hibernate: delete from shift_assignments where id=?
2025-10-13T21:43:06.757+09:00 DEBUG 2284 --- [Shift Scheduler Demo] [           main] org.hibernate.SQL                        : delete from shift_assignments where id=?
Hibernate: delete from shift_assignments where id=?
2025-10-13T21:43:06.757+09:00 DEBUG 2284 --- [Shift Scheduler Demo] [           main] org.hibernate.SQL                        : delete from shift_assignments where id=?
Hibernate: delete from shift_assignments where id=?
2025-10-13T21:43:06.757+09:00 DEBUG 2284 --- [Shift Scheduler Demo] [           main] org.hibernate.SQL                        : delete from shift_assignments where id=?
Hibernate: delete from shift_assignments where id=?
2025-10-13T21:43:06.757+09:00 DEBUG 2284 --- [Shift Scheduler Demo] [           main] org.hibernate.SQL                        : delete from shift_assignments where id=?
Hibernate: delete from shift_assignments where id=?
2025-10-13T21:43:06.757+09:00 DEBUG 2284 --- [Shift Scheduler Demo] [           main] org.hibernate.SQL                        : delete from shift_assignments where id=?
Hibernate: delete from shift_assignments where id=?
2025-10-13T21:43:06.757+09:00 DEBUG 2284 --- [Shift Scheduler Demo] [           main] org.hibernate.SQL                        : delete from shift_assignments where id=?
Hibernate: delete from shift_assignments where id=?
2025-10-13T21:43:06.757+09:00 DEBUG 2284 --- [Shift Scheduler Demo] [           main] org.hibernate.SQL                        : delete from shift_assignments where id=?
Hibernate: delete from shift_assignments where id=?
2025-10-13T21:43:06.757+09:00 DEBUG 2284 --- [Shift Scheduler Demo] [           main] org.hibernate.SQL                        : delete from shift_assignments where id=?
Hibernate: delete from shift_assignments where id=?
2025-10-13T21:43:06.757+09:00 DEBUG 2284 --- [Shift Scheduler Demo] [           main] org.hibernate.SQL                        : delete from shift_assignments where id=?
Hibernate: delete from shift_assignments where id=?
2025-10-13T21:43:06.757+09:00 DEBUG 2284 --- [Shift Scheduler Demo] [           main] org.hibernate.SQL                        : delete from shift_assignments where id=?
Hibernate: delete from shift_assignments where id=?
2025-10-13T21:43:06.757+09:00 DEBUG 2284 --- [Shift Scheduler Demo] [           main] org.hibernate.SQL                        : delete from shift_assignments where id=?
Hibernate: delete from shift_assignments where id=?
2025-10-13T21:43:06.757+09:00 DEBUG 2284 --- [Shift Scheduler Demo] [           main] org.hibernate.SQL                        : delete from shift_assignments where id=?
Hibernate: delete from shift_assignments where id=?
2025-10-13T21:43:06.757+09:00 DEBUG 2284 --- [Shift Scheduler Demo] [           main] org.hibernate.SQL                        : delete from shift_assignments where id=?
Hibernate: delete from shift_assignments where id=?
2025-10-13T21:43:06.758+09:00 DEBUG 2284 --- [Shift Scheduler Demo] [           main] org.hibernate.SQL                        : delete from shift_assignments where id=?
Hibernate: delete from shift_assignments where id=?
2025-10-13T21:43:06.758+09:00 DEBUG 2284 --- [Shift Scheduler Demo] [           main] org.hibernate.SQL                        : delete from shift_assignments where id=?
Hibernate: delete from shift_assignments where id=?
2025-10-13T21:43:06.758+09:00 DEBUG 2284 --- [Shift Scheduler Demo] [           main] org.hibernate.SQL                        : delete from shift_assignments where id=?
Hibernate: delete from shift_assignments where id=?
2025-10-13T21:43:06.758+09:00 DEBUG 2284 --- [Shift Scheduler Demo] [           main] org.hibernate.SQL                        : delete from shift_assignments where id=?
Hibernate: delete from shift_assignments where id=?
2025-10-13T21:43:06.758+09:00 DEBUG 2284 --- [Shift Scheduler Demo] [           main] org.hibernate.SQL                        : delete from shift_assignments where id=?
Hibernate: delete from shift_assignments where id=?
2025-10-13T21:43:06.758+09:00 DEBUG 2284 --- [Shift Scheduler Demo] [           main] org.hibernate.SQL                        : delete from shift_assignments where id=?
Hibernate: delete from shift_assignments where id=?
2025-10-13T21:43:06.759+09:00 DEBUG 2284 --- [Shift Scheduler Demo] [           main] org.hibernate.SQL                        : delete from shift_assignments where id=?
Hibernate: delete from shift_assignments where id=?
2025-10-13T21:43:06.759+09:00 DEBUG 2284 --- [Shift Scheduler Demo] [           main] org.hibernate.SQL                        : delete from shift_assignments where id=?
Hibernate: delete from shift_assignments where id=?
2025-10-13T21:43:06.759+09:00 DEBUG 2284 --- [Shift Scheduler Demo] [           main] org.hibernate.SQL                        : delete from shift_assignments where id=?
Hibernate: delete from shift_assignments where id=?
2025-10-13T21:43:06.759+09:00 DEBUG 2284 --- [Shift Scheduler Demo] [           main] org.hibernate.SQL                        : delete from shift_assignments where id=?
Hibernate: delete from shift_assignments where id=?
2025-10-13T21:43:06.759+09:00 DEBUG 2284 --- [Shift Scheduler Demo] [           main] org.hibernate.SQL                        : delete from shift_assignments where id=?
Hibernate: delete from shift_assignments where id=?
2025-10-13T21:43:06.759+09:00 DEBUG 2284 --- [Shift Scheduler Demo] [           main] org.hibernate.SQL                        : delete from shift_assignments where id=?
Hibernate: delete from shift_assignments where id=?
2025-10-13T21:43:06.759+09:00 DEBUG 2284 --- [Shift Scheduler Demo] [           main] org.hibernate.SQL                        : delete from shift_assignments where id=?
Hibernate: delete from shift_assignments where id=?
2025-10-13T21:43:06.759+09:00 DEBUG 2284 --- [Shift Scheduler Demo] [           main] org.hibernate.SQL                        : delete from shift_assignments where id=?
Hibernate: delete from shift_assignments where id=?
2025-10-13T21:43:06.759+09:00 DEBUG 2284 --- [Shift Scheduler Demo] [           main] org.hibernate.SQL                        : delete from shift_assignments where id=?
Hibernate: delete from shift_assignments where id=?
2025-10-13T21:43:06.759+09:00 DEBUG 2284 --- [Shift Scheduler Demo] [           main] org.hibernate.SQL                        : delete from shift_assignments where id=?
Hibernate: delete from shift_assignments where id=?
2025-10-13T21:43:06.759+09:00 DEBUG 2284 --- [Shift Scheduler Demo] [           main] org.hibernate.SQL                        : delete from shift_assignments where id=?
Hibernate: delete from shift_assignments where id=?
2025-10-13T21:43:06.759+09:00 DEBUG 2284 --- [Shift Scheduler Demo] [           main] org.hibernate.SQL                        : delete from shift_assignments where id=?
Hibernate: delete from shift_assignments where id=?
2025-10-13T21:43:06.759+09:00 DEBUG 2284 --- [Shift Scheduler Demo] [           main] org.hibernate.SQL                        : delete from shift_assignments where id=?
Hibernate: delete from shift_assignments where id=?
2025-10-13T21:43:06.759+09:00 DEBUG 2284 --- [Shift Scheduler Demo] [           main] org.hibernate.SQL                        : delete from shift_assignments where id=?
Hibernate: delete from shift_assignments where id=?
2025-10-13T21:43:06.760+09:00 DEBUG 2284 --- [Shift Scheduler Demo] [           main] org.hibernate.SQL                        : delete from shift_assignments where id=?
Hibernate: delete from shift_assignments where id=?
2025-10-13T21:43:06.760+09:00 DEBUG 2284 --- [Shift Scheduler Demo] [           main] org.hibernate.SQL                        : delete from shift_assignments where id=?
Hibernate: delete from shift_assignments where id=?
2025-10-13T21:43:06.760+09:00 DEBUG 2284 --- [Shift Scheduler Demo] [           main] org.hibernate.SQL                        : delete from shift_assignments where id=?
Hibernate: delete from shift_assignments where id=?
2025-10-13T21:43:06.760+09:00 DEBUG 2284 --- [Shift Scheduler Demo] [           main] org.hibernate.SQL                        : delete from shift_assignments where id=?
Hibernate: delete from shift_assignments where id=?
2025-10-13T21:43:06.760+09:00 DEBUG 2284 --- [Shift Scheduler Demo] [           main] org.hibernate.SQL                        : delete from shift_assignments where id=?
Hibernate: delete from shift_assignments where id=?
2025-10-13T21:43:06.760+09:00 DEBUG 2284 --- [Shift Scheduler Demo] [           main] org.hibernate.SQL                        : delete from shift_assignments where id=?
Hibernate: delete from shift_assignments where id=?
2025-10-13T21:43:06.760+09:00 DEBUG 2284 --- [Shift Scheduler Demo] [           main] org.hibernate.SQL                        : delete from shift_assignments where id=?
Hibernate: delete from shift_assignments where id=?
2025-10-13T21:43:06.760+09:00 DEBUG 2284 --- [Shift Scheduler Demo] [           main] org.hibernate.SQL                        : delete from shift_assignments where id=?
Hibernate: delete from shift_assignments where id=?
2025-10-13T21:43:06.760+09:00 DEBUG 2284 --- [Shift Scheduler Demo] [           main] org.hibernate.SQL                        : delete from shift_assignments where id=?
Hibernate: delete from shift_assignments where id=?
2025-10-13T21:43:06.760+09:00 DEBUG 2284 --- [Shift Scheduler Demo] [           main] org.hibernate.SQL                        : delete from shift_assignments where id=?
Hibernate: delete from shift_assignments where id=?
2025-10-13T21:43:06.760+09:00 DEBUG 2284 --- [Shift Scheduler Demo] [           main] org.hibernate.SQL                        : delete from shift_assignments where id=?
Hibernate: delete from shift_assignments where id=?
2025-10-13T21:43:06.761+09:00 DEBUG 2284 --- [Shift Scheduler Demo] [           main] org.hibernate.SQL                        : delete from shift_assignments where id=?
Hibernate: delete from shift_assignments where id=?
2025-10-13T21:43:06.761+09:00 DEBUG 2284 --- [Shift Scheduler Demo] [           main] org.hibernate.SQL                        : delete from shift_assignments where id=?
Hibernate: delete from shift_assignments where id=?
2025-10-13T21:43:06.761+09:00 DEBUG 2284 --- [Shift Scheduler Demo] [           main] org.hibernate.SQL                        : delete from shift_assignments where id=?
Hibernate: delete from shift_assignments where id=?
2025-10-13T21:43:06.761+09:00 DEBUG 2284 --- [Shift Scheduler Demo] [           main] org.hibernate.SQL                        : delete from shift_assignments where id=?
Hibernate: delete from shift_assignments where id=?
2025-10-13T21:43:06.761+09:00 DEBUG 2284 --- [Shift Scheduler Demo] [           main] org.hibernate.SQL                        : delete from shift_assignments where id=?
Hibernate: delete from shift_assignments where id=?
2025-10-13T21:43:06.761+09:00 DEBUG 2284 --- [Shift Scheduler Demo] [           main] org.hibernate.SQL                        : delete from shift_assignments where id=?
Hibernate: delete from shift_assignments where id=?
2025-10-13T21:43:06.761+09:00 DEBUG 2284 --- [Shift Scheduler Demo] [           main] org.hibernate.SQL                        : delete from shift_assignments where id=?
Hibernate: delete from shift_assignments where id=?
2025-10-13T21:43:06.762+09:00 DEBUG 2284 --- [Shift Scheduler Demo] [           main] org.hibernate.SQL                        : delete from shift_assignments where id=?
Hibernate: delete from shift_assignments where id=?
2025-10-13T21:43:06.762+09:00 DEBUG 2284 --- [Shift Scheduler Demo] [           main] org.hibernate.SQL                        : delete from shift_assignments where id=?
Hibernate: delete from shift_assignments where id=?
2025-10-13T21:43:06.762+09:00 DEBUG 2284 --- [Shift Scheduler Demo] [           main] org.hibernate.SQL                        : delete from shift_assignments where id=?
Hibernate: delete from shift_assignments where id=?
2025-10-13T21:43:06.762+09:00 DEBUG 2284 --- [Shift Scheduler Demo] [           main] org.hibernate.SQL                        : delete from shift_assignments where id=?
Hibernate: delete from shift_assignments where id=?
2025-10-13T21:43:06.762+09:00 DEBUG 2284 --- [Shift Scheduler Demo] [           main] org.hibernate.SQL                        : delete from shift_assignments where id=?
Hibernate: delete from shift_assignments where id=?
2025-10-13T21:43:06.762+09:00 DEBUG 2284 --- [Shift Scheduler Demo] [           main] org.hibernate.SQL                        : delete from shift_assignments where id=?
Hibernate: delete from shift_assignments where id=?
2025-10-13T21:43:06.762+09:00 DEBUG 2284 --- [Shift Scheduler Demo] [           main] org.hibernate.SQL                        : delete from shift_assignments where id=?
Hibernate: delete from shift_assignments where id=?
2025-10-13T21:43:06.762+09:00 DEBUG 2284 --- [Shift Scheduler Demo] [           main] org.hibernate.SQL                        : delete from shift_assignments where id=?
Hibernate: delete from shift_assignments where id=?
2025-10-13T21:43:06.762+09:00 DEBUG 2284 --- [Shift Scheduler Demo] [           main] org.hibernate.SQL                        : delete from shift_assignments where id=?
Hibernate: delete from shift_assignments where id=?
2025-10-13T21:43:06.762+09:00 DEBUG 2284 --- [Shift Scheduler Demo] [           main] org.hibernate.SQL                        : delete from shift_assignments where id=?
Hibernate: delete from shift_assignments where id=?
2025-10-13T21:43:06.762+09:00 DEBUG 2284 --- [Shift Scheduler Demo] [           main] org.hibernate.SQL                        : delete from shift_assignments where id=?
Hibernate: delete from shift_assignments where id=?
2025-10-13T21:43:06.762+09:00 DEBUG 2284 --- [Shift Scheduler Demo] [           main] org.hibernate.SQL                        : delete from shift_assignments where id=?
Hibernate: delete from shift_assignments where id=?
2025-10-13T21:43:06.762+09:00 DEBUG 2284 --- [Shift Scheduler Demo] [           main] org.hibernate.SQL                        : delete from shift_assignments where id=?
Hibernate: delete from shift_assignments where id=?
2025-10-13T21:43:06.763+09:00 DEBUG 2284 --- [Shift Scheduler Demo] [           main] org.hibernate.SQL                        : delete from shift_assignments where id=?
Hibernate: delete from shift_assignments where id=?
2025-10-13T21:43:06.763+09:00 DEBUG 2284 --- [Shift Scheduler Demo] [           main] org.hibernate.SQL                        : delete from shift_assignments where id=?
Hibernate: delete from shift_assignments where id=?
2025-10-13T21:43:06.763+09:00 DEBUG 2284 --- [Shift Scheduler Demo] [           main] org.hibernate.SQL                        : delete from shift_assignments where id=?
Hibernate: delete from shift_assignments where id=?
2025-10-13T21:43:06.763+09:00 DEBUG 2284 --- [Shift Scheduler Demo] [           main] org.hibernate.SQL                        : delete from shift_assignments where id=?
Hibernate: delete from shift_assignments where id=?
2025-10-13T21:43:06.763+09:00 DEBUG 2284 --- [Shift Scheduler Demo] [           main] org.hibernate.SQL                        : delete from shift_assignments where id=?
Hibernate: delete from shift_assignments where id=?
2025-10-13T21:43:06.763+09:00 DEBUG 2284 --- [Shift Scheduler Demo] [           main] org.hibernate.SQL                        : delete from shift_assignments where id=?
Hibernate: delete from shift_assignments where id=?
2025-10-13T21:43:06.763+09:00 DEBUG 2284 --- [Shift Scheduler Demo] [           main] org.hibernate.SQL                        : delete from shift_assignments where id=?
Hibernate: delete from shift_assignments where id=?
2025-10-13T21:43:06.763+09:00 DEBUG 2284 --- [Shift Scheduler Demo] [           main] org.hibernate.SQL                        : delete from shift_assignments where id=?
Hibernate: delete from shift_assignments where id=?
2025-10-13T21:43:06.763+09:00 DEBUG 2284 --- [Shift Scheduler Demo] [           main] org.hibernate.SQL                        : delete from shift_assignments where id=?
Hibernate: delete from shift_assignments where id=?
2025-10-13T21:43:06.763+09:00 DEBUG 2284 --- [Shift Scheduler Demo] [           main] org.hibernate.SQL                        : delete from shift_assignments where id=?
Hibernate: delete from shift_assignments where id=?
2025-10-13T21:43:06.763+09:00 DEBUG 2284 --- [Shift Scheduler Demo] [           main] org.hibernate.SQL                        : delete from shift_assignments where id=?
Hibernate: delete from shift_assignments where id=?
2025-10-13T21:43:06.763+09:00 DEBUG 2284 --- [Shift Scheduler Demo] [           main] org.hibernate.SQL                        : delete from shift_assignments where id=?
Hibernate: delete from shift_assignments where id=?
2025-10-13T21:43:06.763+09:00 DEBUG 2284 --- [Shift Scheduler Demo] [           main] org.hibernate.SQL                        : delete from shift_assignments where id=?
Hibernate: delete from shift_assignments where id=?
2025-10-13T21:43:06.763+09:00 DEBUG 2284 --- [Shift Scheduler Demo] [           main] org.hibernate.SQL                        : delete from shift_assignments where id=?
Hibernate: delete from shift_assignments where id=?
2025-10-13T21:43:06.763+09:00 DEBUG 2284 --- [Shift Scheduler Demo] [           main] org.hibernate.SQL                        : delete from shift_assignments where id=?
Hibernate: delete from shift_assignments where id=?
2025-10-13T21:43:06.763+09:00 DEBUG 2284 --- [Shift Scheduler Demo] [           main] org.hibernate.SQL                        : delete from shift_assignments where id=?
Hibernate: delete from shift_assignments where id=?
2025-10-13T21:43:06.763+09:00 DEBUG 2284 --- [Shift Scheduler Demo] [           main] org.hibernate.SQL                        : delete from shift_assignments where id=?
Hibernate: delete from shift_assignments where id=?
2025-10-13T21:43:06.763+09:00 DEBUG 2284 --- [Shift Scheduler Demo] [           main] org.hibernate.SQL                        : delete from shift_assignments where id=?
Hibernate: delete from shift_assignments where id=?
2025-10-13T21:43:06.764+09:00 DEBUG 2284 --- [Shift Scheduler Demo] [           main] org.hibernate.SQL                        : delete from shift_assignments where id=?
Hibernate: delete from shift_assignments where id=?
2025-10-13T21:43:06.764+09:00 DEBUG 2284 --- [Shift Scheduler Demo] [           main] org.hibernate.SQL                        : delete from shift_assignments where id=?
Hibernate: delete from shift_assignments where id=?
2025-10-13T21:43:06.764+09:00 DEBUG 2284 --- [Shift Scheduler Demo] [           main] org.hibernate.SQL                        : delete from shift_assignments where id=?
Hibernate: delete from shift_assignments where id=?
2025-10-13T21:43:06.764+09:00 DEBUG 2284 --- [Shift Scheduler Demo] [           main] org.hibernate.SQL                        : delete from shift_assignments where id=?
Hibernate: delete from shift_assignments where id=?
2025-10-13T21:43:06.764+09:00 DEBUG 2284 --- [Shift Scheduler Demo] [           main] org.hibernate.SQL                        : delete from shift_assignments where id=?
Hibernate: delete from shift_assignments where id=?
2025-10-13T21:43:06.764+09:00 DEBUG 2284 --- [Shift Scheduler Demo] [           main] org.hibernate.SQL                        : delete from shift_assignments where id=?
Hibernate: delete from shift_assignments where id=?
2025-10-13T21:43:06.764+09:00 DEBUG 2284 --- [Shift Scheduler Demo] [           main] org.hibernate.SQL                        : delete from shift_assignments where id=?
Hibernate: delete from shift_assignments where id=?
2025-10-13T21:43:06.764+09:00 DEBUG 2284 --- [Shift Scheduler Demo] [           main] org.hibernate.SQL                        : delete from shift_assignments where id=?
Hibernate: delete from shift_assignments where id=?
2025-10-13T21:43:06.764+09:00 DEBUG 2284 --- [Shift Scheduler Demo] [           main] org.hibernate.SQL                        : delete from shift_assignments where id=?
Hibernate: delete from shift_assignments where id=?
2025-10-13T21:43:06.764+09:00 DEBUG 2284 --- [Shift Scheduler Demo] [           main] org.hibernate.SQL                        : delete from shift_assignments where id=?
Hibernate: delete from shift_assignments where id=?
2025-10-13T21:43:06.764+09:00 DEBUG 2284 --- [Shift Scheduler Demo] [           main] org.hibernate.SQL                        : delete from shift_assignments where id=?
Hibernate: delete from shift_assignments where id=?
2025-10-13T21:43:06.764+09:00 DEBUG 2284 --- [Shift Scheduler Demo] [           main] org.hibernate.SQL                        : delete from shift_assignments where id=?
Hibernate: delete from shift_assignments where id=?
2025-10-13T21:43:06.764+09:00 DEBUG 2284 --- [Shift Scheduler Demo] [           main] org.hibernate.SQL                        : delete from shift_assignments where id=?
Hibernate: delete from shift_assignments where id=?
2025-10-13T21:43:06.764+09:00 DEBUG 2284 --- [Shift Scheduler Demo] [           main] org.hibernate.SQL                        : delete from shift_assignments where id=?
Hibernate: delete from shift_assignments where id=?
2025-10-13T21:43:06.764+09:00 DEBUG 2284 --- [Shift Scheduler Demo] [           main] org.hibernate.SQL                        : delete from shift_assignments where id=?
Hibernate: delete from shift_assignments where id=?
2025-10-13T21:43:06.764+09:00 DEBUG 2284 --- [Shift Scheduler Demo] [           main] org.hibernate.SQL                        : delete from shift_assignments where id=?
Hibernate: delete from shift_assignments where id=?
2025-10-13T21:43:06.764+09:00 DEBUG 2284 --- [Shift Scheduler Demo] [           main] org.hibernate.SQL                        : delete from shift_assignments where id=?
Hibernate: delete from shift_assignments where id=?
2025-10-13T21:43:06.765+09:00 DEBUG 2284 --- [Shift Scheduler Demo] [           main] org.hibernate.SQL                        : delete from shift_assignments where id=?
Hibernate: delete from shift_assignments where id=?
2025-10-13T21:43:06.765+09:00 DEBUG 2284 --- [Shift Scheduler Demo] [           main] org.hibernate.SQL                        : delete from shift_assignments where id=?
Hibernate: delete from shift_assignments where id=?
2025-10-13T21:43:06.765+09:00 DEBUG 2284 --- [Shift Scheduler Demo] [           main] org.hibernate.SQL                        : delete from shift_assignments where id=?
Hibernate: delete from shift_assignments where id=?
2025-10-13T21:43:06.765+09:00 DEBUG 2284 --- [Shift Scheduler Demo] [           main] org.hibernate.SQL                        : delete from shift_assignments where id=?
Hibernate: delete from shift_assignments where id=?
2025-10-13T21:43:06.765+09:00 DEBUG 2284 --- [Shift Scheduler Demo] [           main] org.hibernate.SQL                        : delete from shift_assignments where id=?
Hibernate: delete from shift_assignments where id=?
2025-10-13T21:43:06.765+09:00 DEBUG 2284 --- [Shift Scheduler Demo] [           main] org.hibernate.SQL                        : delete from shift_assignments where id=?
Hibernate: delete from shift_assignments where id=?
2025-10-13T21:43:06.765+09:00 DEBUG 2284 --- [Shift Scheduler Demo] [           main] org.hibernate.SQL                        : delete from shift_assignments where id=?
Hibernate: delete from shift_assignments where id=?
2025-10-13T21:43:06.765+09:00 DEBUG 2284 --- [Shift Scheduler Demo] [           main] org.hibernate.SQL                        : delete from shift_assignments where id=?
Hibernate: delete from shift_assignments where id=?
2025-10-13T21:43:06.765+09:00 DEBUG 2284 --- [Shift Scheduler Demo] [           main] org.hibernate.SQL                        : delete from shift_assignments where id=?
Hibernate: delete from shift_assignments where id=?
2025-10-13T21:43:06.765+09:00 DEBUG 2284 --- [Shift Scheduler Demo] [           main] org.hibernate.SQL                        : delete from shift_assignments where id=?
Hibernate: delete from shift_assignments where id=?
2025-10-13T21:43:06.765+09:00 DEBUG 2284 --- [Shift Scheduler Demo] [           main] org.hibernate.SQL                        : delete from shift_assignments where id=?
Hibernate: delete from shift_assignments where id=?
2025-10-13T21:43:06.765+09:00 DEBUG 2284 --- [Shift Scheduler Demo] [           main] org.hibernate.SQL                        : delete from shift_assignments where id=?
Hibernate: delete from shift_assignments where id=?
2025-10-13T21:43:06.765+09:00 DEBUG 2284 --- [Shift Scheduler Demo] [           main] org.hibernate.SQL                        : delete from shift_assignments where id=?
Hibernate: delete from shift_assignments where id=?
2025-10-13T21:43:06.765+09:00 DEBUG 2284 --- [Shift Scheduler Demo] [           main] org.hibernate.SQL                        : delete from shift_assignments where id=?
Hibernate: delete from shift_assignments where id=?
2025-10-13T21:43:06.765+09:00 DEBUG 2284 --- [Shift Scheduler Demo] [           main] org.hibernate.SQL                        : delete from shift_assignments where id=?
Hibernate: delete from shift_assignments where id=?
2025-10-13T21:43:06.765+09:00 DEBUG 2284 --- [Shift Scheduler Demo] [           main] org.hibernate.SQL                        : delete from shift_assignments where id=?
Hibernate: delete from shift_assignments where id=?
2025-10-13T21:43:06.765+09:00 DEBUG 2284 --- [Shift Scheduler Demo] [           main] org.hibernate.SQL                        : delete from shift_assignments where id=?
Hibernate: delete from shift_assignments where id=?
2025-10-13T21:43:06.765+09:00 DEBUG 2284 --- [Shift Scheduler Demo] [           main] org.hibernate.SQL                        : delete from shift_assignments where id=?
Hibernate: delete from shift_assignments where id=?
2025-10-13T21:43:06.765+09:00 DEBUG 2284 --- [Shift Scheduler Demo] [           main] org.hibernate.SQL                        : delete from shift_assignments where id=?
Hibernate: delete from shift_assignments where id=?
2025-10-13T21:43:06.769+09:00 DEBUG 2284 --- [Shift Scheduler Demo] [           main] org.hibernate.SQL                        : delete from shift_assignments where id=?
Hibernate: delete from shift_assignments where id=?
2025-10-13T21:43:06.771+09:00 DEBUG 2284 --- [Shift Scheduler Demo] [           main] org.hibernate.SQL                        : delete from shift_assignments where id=?
Hibernate: delete from shift_assignments where id=?
2025-10-13T21:43:06.771+09:00 DEBUG 2284 --- [Shift Scheduler Demo] [           main] org.hibernate.SQL                        : delete from shift_assignments where id=?
Hibernate: delete from shift_assignments where id=?
2025-10-13T21:43:06.771+09:00 DEBUG 2284 --- [Shift Scheduler Demo] [           main] org.hibernate.SQL                        : delete from shift_assignments where id=?
Hibernate: delete from shift_assignments where id=?
2025-10-13T21:43:06.771+09:00 DEBUG 2284 --- [Shift Scheduler Demo] [           main] org.hibernate.SQL                        : delete from shift_assignments where id=?
Hibernate: delete from shift_assignments where id=?
2025-10-13T21:43:06.771+09:00 DEBUG 2284 --- [Shift Scheduler Demo] [           main] org.hibernate.SQL                        : delete from shift_assignments where id=?
Hibernate: delete from shift_assignments where id=?
2025-10-13T21:43:06.771+09:00 DEBUG 2284 --- [Shift Scheduler Demo] [           main] org.hibernate.SQL                        : delete from shift_assignments where id=?
Hibernate: delete from shift_assignments where id=?
2025-10-13T21:43:06.771+09:00 DEBUG 2284 --- [Shift Scheduler Demo] [           main] org.hibernate.SQL                        : delete from shift_assignments where id=?
Hibernate: delete from shift_assignments where id=?
2025-10-13T21:43:06.771+09:00 DEBUG 2284 --- [Shift Scheduler Demo] [           main] org.hibernate.SQL                        : delete from shift_assignments where id=?
Hibernate: delete from shift_assignments where id=?
2025-10-13T21:43:06.771+09:00 DEBUG 2284 --- [Shift Scheduler Demo] [           main] org.hibernate.SQL                        : delete from shift_assignments where id=?
Hibernate: delete from shift_assignments where id=?
2025-10-13T21:43:06.771+09:00 DEBUG 2284 --- [Shift Scheduler Demo] [           main] org.hibernate.SQL                        : delete from shift_assignments where id=?
Hibernate: delete from shift_assignments where id=?
2025-10-13T21:43:06.771+09:00 DEBUG 2284 --- [Shift Scheduler Demo] [           main] org.hibernate.SQL                        : delete from shift_assignments where id=?
Hibernate: delete from shift_assignments where id=?
2025-10-13T21:43:06.771+09:00 DEBUG 2284 --- [Shift Scheduler Demo] [           main] org.hibernate.SQL                        : delete from shift_assignments where id=?
Hibernate: delete from shift_assignments where id=?
2025-10-13T21:43:06.771+09:00 DEBUG 2284 --- [Shift Scheduler Demo] [           main] org.hibernate.SQL                        : delete from shift_assignments where id=?
Hibernate: delete from shift_assignments where id=?
2025-10-13T21:43:06.771+09:00 DEBUG 2284 --- [Shift Scheduler Demo] [           main] org.hibernate.SQL                        : delete from shift_assignments where id=?
Hibernate: delete from shift_assignments where id=?
2025-10-13T21:43:06.771+09:00 DEBUG 2284 --- [Shift Scheduler Demo] [           main] org.hibernate.SQL                        : delete from shift_assignments where id=?
Hibernate: delete from shift_assignments where id=?
2025-10-13T21:43:06.771+09:00 DEBUG 2284 --- [Shift Scheduler Demo] [           main] org.hibernate.SQL                        : delete from shift_assignments where id=?
Hibernate: delete from shift_assignments where id=?
2025-10-13T21:43:06.771+09:00 DEBUG 2284 --- [Shift Scheduler Demo] [           main] org.hibernate.SQL                        : delete from shift_assignments where id=?
Hibernate: delete from shift_assignments where id=?
2025-10-13T21:43:06.771+09:00 DEBUG 2284 --- [Shift Scheduler Demo] [           main] org.hibernate.SQL                        : delete from shift_assignments where id=?
Hibernate: delete from shift_assignments where id=?
2025-10-13T21:43:06.771+09:00 DEBUG 2284 --- [Shift Scheduler Demo] [           main] org.hibernate.SQL                        : delete from shift_assignments where id=?
Hibernate: delete from shift_assignments where id=?
2025-10-13T21:43:06.771+09:00 DEBUG 2284 --- [Shift Scheduler Demo] [           main] org.hibernate.SQL                        : delete from shift_assignments where id=?
Hibernate: delete from shift_assignments where id=?
2025-10-13T21:43:06.771+09:00 DEBUG 2284 --- [Shift Scheduler Demo] [           main] org.hibernate.SQL                        : delete from shift_assignments where id=?
Hibernate: delete from shift_assignments where id=?
2025-10-13T21:43:06.771+09:00 DEBUG 2284 --- [Shift Scheduler Demo] [           main] org.hibernate.SQL                        : delete from shift_assignments where id=?
Hibernate: delete from shift_assignments where id=?
2025-10-13T21:43:06.771+09:00 DEBUG 2284 --- [Shift Scheduler Demo] [           main] org.hibernate.SQL                        : delete from shift_assignments where id=?
Hibernate: delete from shift_assignments where id=?
2025-10-13T21:43:06.771+09:00 DEBUG 2284 --- [Shift Scheduler Demo] [           main] org.hibernate.SQL                        : delete from shift_assignments where id=?
Hibernate: delete from shift_assignments where id=?
2025-10-13T21:43:06.771+09:00 DEBUG 2284 --- [Shift Scheduler Demo] [           main] org.hibernate.SQL                        : delete from shift_assignments where id=?
Hibernate: delete from shift_assignments where id=?
2025-10-13T21:43:06.771+09:00 DEBUG 2284 --- [Shift Scheduler Demo] [           main] org.hibernate.SQL                        : delete from shift_assignments where id=?
Hibernate: delete from shift_assignments where id=?
2025-10-13T21:43:06.771+09:00 DEBUG 2284 --- [Shift Scheduler Demo] [           main] org.hibernate.SQL                        : delete from shift_assignments where id=?
Hibernate: delete from shift_assignments where id=?
2025-10-13T21:43:06.771+09:00 DEBUG 2284 --- [Shift Scheduler Demo] [           main] org.hibernate.SQL                        : delete from shift_assignments where id=?
Hibernate: delete from shift_assignments where id=?
2025-10-13T21:43:06.771+09:00 DEBUG 2284 --- [Shift Scheduler Demo] [           main] org.hibernate.SQL                        : delete from shift_assignments where id=?
Hibernate: delete from shift_assignments where id=?
2025-10-13T21:43:06.771+09:00 DEBUG 2284 --- [Shift Scheduler Demo] [           main] org.hibernate.SQL                        : delete from shift_assignments where id=?
Hibernate: delete from shift_assignments where id=?
2025-10-13T21:43:06.771+09:00 DEBUG 2284 --- [Shift Scheduler Demo] [           main] org.hibernate.SQL                        : delete from shift_assignments where id=?
Hibernate: delete from shift_assignments where id=?
2025-10-13T21:43:06.771+09:00 DEBUG 2284 --- [Shift Scheduler Demo] [           main] org.hibernate.SQL                        : delete from shift_assignments where id=?
Hibernate: delete from shift_assignments where id=?
2025-10-13T21:43:06.771+09:00 DEBUG 2284 --- [Shift Scheduler Demo] [           main] org.hibernate.SQL                        : delete from shift_assignments where id=?
Hibernate: delete from shift_assignments where id=?
2025-10-13T21:43:06.771+09:00 DEBUG 2284 --- [Shift Scheduler Demo] [           main] org.hibernate.SQL                        : delete from shift_assignments where id=?
Hibernate: delete from shift_assignments where id=?
2025-10-13T21:43:06.771+09:00 DEBUG 2284 --- [Shift Scheduler Demo] [           main] org.hibernate.SQL                        : delete from shift_assignments where id=?
Hibernate: delete from shift_assignments where id=?
2025-10-13T21:43:06.771+09:00 DEBUG 2284 --- [Shift Scheduler Demo] [           main] org.hibernate.SQL                        : delete from shift_assignments where id=?
Hibernate: delete from shift_assignments where id=?
2025-10-13T21:43:06.771+09:00 DEBUG 2284 --- [Shift Scheduler Demo] [           main] org.hibernate.SQL                        : delete from shift_assignments where id=?
Hibernate: delete from shift_assignments where id=?
2025-10-13T21:43:06.771+09:00 DEBUG 2284 --- [Shift Scheduler Demo] [           main] org.hibernate.SQL                        : delete from shift_assignments where id=?
Hibernate: delete from shift_assignments where id=?
2025-10-13T21:43:06.771+09:00 DEBUG 2284 --- [Shift Scheduler Demo] [           main] org.hibernate.SQL                        : delete from shift_assignments where id=?
Hibernate: delete from shift_assignments where id=?
2025-10-13T21:43:06.771+09:00 DEBUG 2284 --- [Shift Scheduler Demo] [           main] org.hibernate.SQL                        : delete from shift_assignments where id=?
Hibernate: delete from shift_assignments where id=?
2025-10-13T21:43:06.771+09:00 DEBUG 2284 --- [Shift Scheduler Demo] [           main] org.hibernate.SQL                        : delete from shift_assignments where id=?
Hibernate: delete from shift_assignments where id=?
2025-10-13T21:43:06.771+09:00 DEBUG 2284 --- [Shift Scheduler Demo] [           main] org.hibernate.SQL                        : delete from shift_assignments where id=?
Hibernate: delete from shift_assignments where id=?
2025-10-13T21:43:06.771+09:00 DEBUG 2284 --- [Shift Scheduler Demo] [           main] org.hibernate.SQL                        : delete from shift_assignments where id=?
Hibernate: delete from shift_assignments where id=?
2025-10-13T21:43:06.771+09:00 DEBUG 2284 --- [Shift Scheduler Demo] [           main] org.hibernate.SQL                        : delete from shift_assignments where id=?
Hibernate: delete from shift_assignments where id=?
2025-10-13T21:43:06.771+09:00 DEBUG 2284 --- [Shift Scheduler Demo] [           main] org.hibernate.SQL                        : delete from shift_assignments where id=?
Hibernate: delete from shift_assignments where id=?
2025-10-13T21:43:06.771+09:00 DEBUG 2284 --- [Shift Scheduler Demo] [           main] org.hibernate.SQL                        : delete from shift_assignments where id=?
Hibernate: delete from shift_assignments where id=?
2025-10-13T21:43:06.771+09:00 DEBUG 2284 --- [Shift Scheduler Demo] [           main] org.hibernate.SQL                        : delete from shift_assignments where id=?
Hibernate: delete from shift_assignments where id=?
2025-10-13T21:43:06.771+09:00 DEBUG 2284 --- [Shift Scheduler Demo] [           main] org.hibernate.SQL                        : delete from shift_assignments where id=?
Hibernate: delete from shift_assignments where id=?
2025-10-13T21:43:06.771+09:00 DEBUG 2284 --- [Shift Scheduler Demo] [           main] org.hibernate.SQL                        : delete from shift_assignments where id=?
Hibernate: delete from shift_assignments where id=?
2025-10-13T21:43:06.771+09:00 DEBUG 2284 --- [Shift Scheduler Demo] [           main] org.hibernate.SQL                        : delete from shift_assignments where id=?
Hibernate: delete from shift_assignments where id=?
2025-10-13T21:43:06.771+09:00 DEBUG 2284 --- [Shift Scheduler Demo] [           main] org.hibernate.SQL                        : delete from shift_assignments where id=?
Hibernate: delete from shift_assignments where id=?
2025-10-13T21:43:06.771+09:00 DEBUG 2284 --- [Shift Scheduler Demo] [           main] org.hibernate.SQL                        : delete from shift_assignments where id=?
Hibernate: delete from shift_assignments where id=?
2025-10-13T21:43:06.771+09:00 DEBUG 2284 --- [Shift Scheduler Demo] [           main] org.hibernate.SQL                        : delete from shift_assignments where id=?
Hibernate: delete from shift_assignments where id=?
2025-10-13T21:43:06.771+09:00 DEBUG 2284 --- [Shift Scheduler Demo] [           main] org.hibernate.SQL                        : delete from shift_assignments where id=?
Hibernate: delete from shift_assignments where id=?
2025-10-13T21:43:06.771+09:00 DEBUG 2284 --- [Shift Scheduler Demo] [           main] org.hibernate.SQL                        : delete from shift_assignments where id=?
Hibernate: delete from shift_assignments where id=?
2025-10-13T21:43:06.771+09:00 DEBUG 2284 --- [Shift Scheduler Demo] [           main] org.hibernate.SQL                        : delete from shift_assignments where id=?
Hibernate: delete from shift_assignments where id=?
2025-10-13T21:43:06.771+09:00 DEBUG 2284 --- [Shift Scheduler Demo] [           main] org.hibernate.SQL                        : delete from shift_assignments where id=?
Hibernate: delete from shift_assignments where id=?
2025-10-13T21:43:06.771+09:00 DEBUG 2284 --- [Shift Scheduler Demo] [           main] org.hibernate.SQL                        : delete from shift_assignments where id=?
Hibernate: delete from shift_assignments where id=?
2025-10-13T21:43:06.771+09:00 DEBUG 2284 --- [Shift Scheduler Demo] [           main] org.hibernate.SQL                        : delete from shift_assignments where id=?
Hibernate: delete from shift_assignments where id=?
2025-10-13T21:43:06.771+09:00 DEBUG 2284 --- [Shift Scheduler Demo] [           main] org.hibernate.SQL                        : delete from shift_assignments where id=?
Hibernate: delete from shift_assignments where id=?
2025-10-13T21:43:06.771+09:00 DEBUG 2284 --- [Shift Scheduler Demo] [           main] org.hibernate.SQL                        : delete from shift_assignments where id=?
Hibernate: delete from shift_assignments where id=?
2025-10-13T21:43:06.771+09:00 DEBUG 2284 --- [Shift Scheduler Demo] [           main] org.hibernate.SQL                        : delete from shift_assignments where id=?
Hibernate: delete from shift_assignments where id=?
2025-10-13T21:43:06.771+09:00 DEBUG 2284 --- [Shift Scheduler Demo] [           main] org.hibernate.SQL                        : delete from shift_assignments where id=?
Hibernate: delete from shift_assignments where id=?
2025-10-13T21:43:06.771+09:00 DEBUG 2284 --- [Shift Scheduler Demo] [           main] org.hibernate.SQL                        : delete from shift_assignments where id=?
Hibernate: delete from shift_assignments where id=?
2025-10-13T21:43:06.771+09:00 DEBUG 2284 --- [Shift Scheduler Demo] [           main] org.hibernate.SQL                        : delete from shift_assignments where id=?
Hibernate: delete from shift_assignments where id=?
2025-10-13T21:43:06.771+09:00 DEBUG 2284 --- [Shift Scheduler Demo] [           main] org.hibernate.SQL                        : delete from shift_assignments where id=?
Hibernate: delete from shift_assignments where id=?
2025-10-13T21:43:06.771+09:00 DEBUG 2284 --- [Shift Scheduler Demo] [           main] org.hibernate.SQL                        : delete from shift_assignments where id=?
Hibernate: delete from shift_assignments where id=?
2025-10-13T21:43:06.771+09:00 DEBUG 2284 --- [Shift Scheduler Demo] [           main] org.hibernate.SQL                        : delete from shift_assignments where id=?
Hibernate: delete from shift_assignments where id=?
2025-10-13T21:43:06.771+09:00 DEBUG 2284 --- [Shift Scheduler Demo] [           main] org.hibernate.SQL                        : delete from shift_assignments where id=?
Hibernate: delete from shift_assignments where id=?
2025-10-13T21:43:06.771+09:00 DEBUG 2284 --- [Shift Scheduler Demo] [           main] org.hibernate.SQL                        : delete from shift_assignments where id=?
Hibernate: delete from shift_assignments where id=?
2025-10-13T21:43:06.771+09:00 DEBUG 2284 --- [Shift Scheduler Demo] [           main] org.hibernate.SQL                        : delete from shift_assignments where id=?
Hibernate: delete from shift_assignments where id=?
2025-10-13T21:43:06.771+09:00 DEBUG 2284 --- [Shift Scheduler Demo] [           main] org.hibernate.SQL                        : delete from shift_assignments where id=?
Hibernate: delete from shift_assignments where id=?
2025-10-13T21:43:06.771+09:00 DEBUG 2284 --- [Shift Scheduler Demo] [           main] org.hibernate.SQL                        : delete from shift_assignments where id=?
Hibernate: delete from shift_assignments where id=?
2025-10-13T21:43:06.771+09:00 DEBUG 2284 --- [Shift Scheduler Demo] [           main] org.hibernate.SQL                        : delete from shift_assignments where id=?
Hibernate: delete from shift_assignments where id=?
2025-10-13T21:43:06.771+09:00 DEBUG 2284 --- [Shift Scheduler Demo] [           main] org.hibernate.SQL                        : delete from shift_assignments where id=?
Hibernate: delete from shift_assignments where id=?
2025-10-13T21:43:06.771+09:00 DEBUG 2284 --- [Shift Scheduler Demo] [           main] org.hibernate.SQL                        : delete from shift_assignments where id=?
Hibernate: delete from shift_assignments where id=?
2025-10-13T21:43:06.771+09:00 DEBUG 2284 --- [Shift Scheduler Demo] [           main] org.hibernate.SQL                        : delete from shift_assignments where id=?
Hibernate: delete from shift_assignments where id=?
2025-10-13T21:43:06.771+09:00 DEBUG 2284 --- [Shift Scheduler Demo] [           main] org.hibernate.SQL                        : delete from shift_assignments where id=?
Hibernate: delete from shift_assignments where id=?
2025-10-13T21:43:06.771+09:00 DEBUG 2284 --- [Shift Scheduler Demo] [           main] org.hibernate.SQL                        : delete from shift_assignments where id=?
Hibernate: delete from shift_assignments where id=?
2025-10-13T21:43:06.771+09:00 DEBUG 2284 --- [Shift Scheduler Demo] [           main] org.hibernate.SQL                        : delete from shift_assignments where id=?
Hibernate: delete from shift_assignments where id=?
2025-10-13T21:43:06.771+09:00 DEBUG 2284 --- [Shift Scheduler Demo] [           main] org.hibernate.SQL                        : delete from shift_assignments where id=?
Hibernate: delete from shift_assignments where id=?
2025-10-13T21:43:06.771+09:00 DEBUG 2284 --- [Shift Scheduler Demo] [           main] org.hibernate.SQL                        : delete from shift_assignments where id=?
Hibernate: delete from shift_assignments where id=?
2025-10-13T21:43:06.771+09:00 DEBUG 2284 --- [Shift Scheduler Demo] [           main] org.hibernate.SQL                        : delete from shift_assignments where id=?
Hibernate: delete from shift_assignments where id=?
2025-10-13T21:43:06.771+09:00 DEBUG 2284 --- [Shift Scheduler Demo] [           main] org.hibernate.SQL                        : delete from shift_assignments where id=?
Hibernate: delete from shift_assignments where id=?
2025-10-13T21:43:06.771+09:00 DEBUG 2284 --- [Shift Scheduler Demo] [           main] org.hibernate.SQL                        : delete from shift_assignments where id=?
Hibernate: delete from shift_assignments where id=?
2025-10-13T21:43:06.771+09:00 DEBUG 2284 --- [Shift Scheduler Demo] [           main] org.hibernate.SQL                        : delete from shift_assignments where id=?
Hibernate: delete from shift_assignments where id=?
2025-10-13T21:43:06.771+09:00 DEBUG 2284 --- [Shift Scheduler Demo] [           main] org.hibernate.SQL                        : delete from shift_assignments where id=?
Hibernate: delete from shift_assignments where id=?
2025-10-13T21:43:06.771+09:00 DEBUG 2284 --- [Shift Scheduler Demo] [           main] org.hibernate.SQL                        : delete from shift_assignments where id=?
Hibernate: delete from shift_assignments where id=?
2025-10-13T21:43:06.771+09:00 DEBUG 2284 --- [Shift Scheduler Demo] [           main] org.hibernate.SQL                        : delete from shift_assignments where id=?
Hibernate: delete from shift_assignments where id=?
2025-10-13T21:43:06.771+09:00 DEBUG 2284 --- [Shift Scheduler Demo] [           main] org.hibernate.SQL                        : delete from shift_assignments where id=?
Hibernate: delete from shift_assignments where id=?
2025-10-13T21:43:06.771+09:00 DEBUG 2284 --- [Shift Scheduler Demo] [           main] org.hibernate.SQL                        : delete from shift_assignments where id=?
Hibernate: delete from shift_assignments where id=?
2025-10-13T21:43:06.771+09:00 DEBUG 2284 --- [Shift Scheduler Demo] [           main] org.hibernate.SQL                        : delete from shift_assignments where id=?
Hibernate: delete from shift_assignments where id=?
2025-10-13T21:43:06.771+09:00 DEBUG 2284 --- [Shift Scheduler Demo] [           main] org.hibernate.SQL                        : delete from shift_assignments where id=?
Hibernate: delete from shift_assignments where id=?
2025-10-13T21:43:06.771+09:00 DEBUG 2284 --- [Shift Scheduler Demo] [           main] org.hibernate.SQL                        : delete from shift_assignments where id=?
Hibernate: delete from shift_assignments where id=?
2025-10-13T21:43:06.771+09:00 DEBUG 2284 --- [Shift Scheduler Demo] [           main] org.hibernate.SQL                        : delete from shift_assignments where id=?
Hibernate: delete from shift_assignments where id=?
2025-10-13T21:43:06.771+09:00 DEBUG 2284 --- [Shift Scheduler Demo] [           main] org.hibernate.SQL                        : delete from shift_assignments where id=?
Hibernate: delete from shift_assignments where id=?
2025-10-13T21:43:06.771+09:00 DEBUG 2284 --- [Shift Scheduler Demo] [           main] org.hibernate.SQL                        : delete from shift_assignments where id=?
Hibernate: delete from shift_assignments where id=?
2025-10-13T21:43:06.771+09:00 DEBUG 2284 --- [Shift Scheduler Demo] [           main] org.hibernate.SQL                        : delete from shift_assignments where id=?
Hibernate: delete from shift_assignments where id=?
2025-10-13T21:43:06.778+09:00 DEBUG 2284 --- [Shift Scheduler Demo] [           main] org.hibernate.SQL                        : delete from shift_assignments where id=?
Hibernate: delete from shift_assignments where id=?
2025-10-13T21:43:06.778+09:00 DEBUG 2284 --- [Shift Scheduler Demo] [           main] org.hibernate.SQL                        : delete from shift_assignments where id=?
Hibernate: delete from shift_assignments where id=?
2025-10-13T21:43:06.778+09:00 DEBUG 2284 --- [Shift Scheduler Demo] [           main] org.hibernate.SQL                        : delete from shift_assignments where id=?
Hibernate: delete from shift_assignments where id=?
2025-10-13T21:43:06.778+09:00 DEBUG 2284 --- [Shift Scheduler Demo] [           main] org.hibernate.SQL                        : delete from shift_assignments where id=?
Hibernate: delete from shift_assignments where id=?
2025-10-13T21:43:06.778+09:00 DEBUG 2284 --- [Shift Scheduler Demo] [           main] org.hibernate.SQL                        : delete from shift_assignments where id=?
Hibernate: delete from shift_assignments where id=?
2025-10-13T21:43:06.778+09:00 DEBUG 2284 --- [Shift Scheduler Demo] [           main] org.hibernate.SQL                        : delete from shift_assignments where id=?
Hibernate: delete from shift_assignments where id=?
2025-10-13T21:43:06.778+09:00 DEBUG 2284 --- [Shift Scheduler Demo] [           main] org.hibernate.SQL                        : delete from shift_assignments where id=?
Hibernate: delete from shift_assignments where id=?
2025-10-13T21:43:06.778+09:00 DEBUG 2284 --- [Shift Scheduler Demo] [           main] org.hibernate.SQL                        : delete from shift_assignments where id=?
Hibernate: delete from shift_assignments where id=?
2025-10-13T21:43:06.778+09:00 DEBUG 2284 --- [Shift Scheduler Demo] [           main] org.hibernate.SQL                        : delete from shift_assignments where id=?
Hibernate: delete from shift_assignments where id=?
2025-10-13T21:43:06.778+09:00 DEBUG 2284 --- [Shift Scheduler Demo] [           main] org.hibernate.SQL                        : delete from shift_assignments where id=?
Hibernate: delete from shift_assignments where id=?
2025-10-13T21:43:06.778+09:00 DEBUG 2284 --- [Shift Scheduler Demo] [           main] org.hibernate.SQL                        : delete from shift_assignments where id=?
Hibernate: delete from shift_assignments where id=?
2025-10-13T21:43:06.778+09:00 DEBUG 2284 --- [Shift Scheduler Demo] [           main] org.hibernate.SQL                        : delete from shift_assignments where id=?
Hibernate: delete from shift_assignments where id=?
2025-10-13T21:43:06.778+09:00 DEBUG 2284 --- [Shift Scheduler Demo] [           main] org.hibernate.SQL                        : delete from shift_assignments where id=?
Hibernate: delete from shift_assignments where id=?
2025-10-13T21:43:06.778+09:00 DEBUG 2284 --- [Shift Scheduler Demo] [           main] org.hibernate.SQL                        : delete from shift_assignments where id=?
Hibernate: delete from shift_assignments where id=?
2025-10-13T21:43:06.779+09:00 DEBUG 2284 --- [Shift Scheduler Demo] [           main] org.hibernate.SQL                        : delete from shift_assignments where id=?
Hibernate: delete from shift_assignments where id=?
2025-10-13T21:43:06.779+09:00 DEBUG 2284 --- [Shift Scheduler Demo] [           main] org.hibernate.SQL                        : delete from shift_assignments where id=?
Hibernate: delete from shift_assignments where id=?
2025-10-13T21:43:06.779+09:00 DEBUG 2284 --- [Shift Scheduler Demo] [           main] org.hibernate.SQL                        : delete from shift_assignments where id=?
Hibernate: delete from shift_assignments where id=?
2025-10-13T21:43:06.779+09:00 DEBUG 2284 --- [Shift Scheduler Demo] [           main] org.hibernate.SQL                        : delete from shift_assignments where id=?
Hibernate: delete from shift_assignments where id=?
2025-10-13T21:43:06.779+09:00 DEBUG 2284 --- [Shift Scheduler Demo] [           main] org.hibernate.SQL                        : delete from shift_assignments where id=?
Hibernate: delete from shift_assignments where id=?
2025-10-13T21:43:06.779+09:00 DEBUG 2284 --- [Shift Scheduler Demo] [           main] org.hibernate.SQL                        : delete from shift_assignments where id=?
Hibernate: delete from shift_assignments where id=?
2025-10-13T21:43:06.779+09:00 DEBUG 2284 --- [Shift Scheduler Demo] [           main] org.hibernate.SQL                        : delete from shift_assignments where id=?
Hibernate: delete from shift_assignments where id=?
2025-10-13T21:43:06.779+09:00 DEBUG 2284 --- [Shift Scheduler Demo] [           main] org.hibernate.SQL                        : delete from shift_assignments where id=?
Hibernate: delete from shift_assignments where id=?
2025-10-13T21:43:06.779+09:00 DEBUG 2284 --- [Shift Scheduler Demo] [           main] org.hibernate.SQL                        : delete from shift_assignments where id=?
Hibernate: delete from shift_assignments where id=?
2025-10-13T21:43:06.779+09:00 DEBUG 2284 --- [Shift Scheduler Demo] [           main] org.hibernate.SQL                        : delete from shift_assignments where id=?
Hibernate: delete from shift_assignments where id=?
2025-10-13T21:43:06.779+09:00 DEBUG 2284 --- [Shift Scheduler Demo] [           main] org.hibernate.SQL                        : delete from shift_assignments where id=?
Hibernate: delete from shift_assignments where id=?
2025-10-13T21:43:06.779+09:00 DEBUG 2284 --- [Shift Scheduler Demo] [           main] org.hibernate.SQL                        : delete from shift_assignments where id=?
Hibernate: delete from shift_assignments where id=?
2025-10-13T21:43:06.779+09:00 DEBUG 2284 --- [Shift Scheduler Demo] [           main] org.hibernate.SQL                        : delete from shift_assignments where id=?
Hibernate: delete from shift_assignments where id=?
2025-10-13T21:43:06.779+09:00 DEBUG 2284 --- [Shift Scheduler Demo] [           main] org.hibernate.SQL                        : delete from shift_assignments where id=?
Hibernate: delete from shift_assignments where id=?
2025-10-13T21:43:06.779+09:00 DEBUG 2284 --- [Shift Scheduler Demo] [           main] org.hibernate.SQL                        : delete from shift_assignments where id=?
Hibernate: delete from shift_assignments where id=?
2025-10-13T21:43:06.779+09:00 DEBUG 2284 --- [Shift Scheduler Demo] [           main] org.hibernate.SQL                        : delete from shift_assignments where id=?
Hibernate: delete from shift_assignments where id=?
2025-10-13T21:43:06.780+09:00 DEBUG 2284 --- [Shift Scheduler Demo] [           main] org.hibernate.SQL                        : delete from shift_assignments where id=?
Hibernate: delete from shift_assignments where id=?
2025-10-13T21:43:06.780+09:00 DEBUG 2284 --- [Shift Scheduler Demo] [           main] org.hibernate.SQL                        : delete from shift_assignments where id=?
Hibernate: delete from shift_assignments where id=?
2025-10-13T21:43:06.780+09:00 DEBUG 2284 --- [Shift Scheduler Demo] [           main] org.hibernate.SQL                        : delete from shift_assignments where id=?
Hibernate: delete from shift_assignments where id=?
2025-10-13T21:43:06.780+09:00 DEBUG 2284 --- [Shift Scheduler Demo] [           main] org.hibernate.SQL                        : delete from shift_assignments where id=?
Hibernate: delete from shift_assignments where id=?
2025-10-13T21:43:06.780+09:00 DEBUG 2284 --- [Shift Scheduler Demo] [           main] org.hibernate.SQL                        : delete from shift_assignments where id=?
Hibernate: delete from shift_assignments where id=?
2025-10-13T21:43:06.780+09:00 DEBUG 2284 --- [Shift Scheduler Demo] [           main] org.hibernate.SQL                        : delete from shift_assignments where id=?
Hibernate: delete from shift_assignments where id=?
2025-10-13T21:43:06.780+09:00 DEBUG 2284 --- [Shift Scheduler Demo] [           main] org.hibernate.SQL                        : delete from shift_assignments where id=?
Hibernate: delete from shift_assignments where id=?
2025-10-13T21:43:06.780+09:00 DEBUG 2284 --- [Shift Scheduler Demo] [           main] org.hibernate.SQL                        : delete from shift_assignments where id=?
Hibernate: delete from shift_assignments where id=?
2025-10-13T21:43:06.780+09:00 DEBUG 2284 --- [Shift Scheduler Demo] [           main] org.hibernate.SQL                        : delete from shift_assignments where id=?
Hibernate: delete from shift_assignments where id=?
2025-10-13T21:43:06.780+09:00 DEBUG 2284 --- [Shift Scheduler Demo] [           main] org.hibernate.SQL                        : delete from shift_assignments where id=?
Hibernate: delete from shift_assignments where id=?
2025-10-13T21:43:06.780+09:00 DEBUG 2284 --- [Shift Scheduler Demo] [           main] org.hibernate.SQL                        : delete from shift_assignments where id=?
Hibernate: delete from shift_assignments where id=?
2025-10-13T21:43:06.780+09:00 DEBUG 2284 --- [Shift Scheduler Demo] [           main] org.hibernate.SQL                        : delete from shift_assignments where id=?
Hibernate: delete from shift_assignments where id=?
2025-10-13T21:43:06.780+09:00 DEBUG 2284 --- [Shift Scheduler Demo] [           main] org.hibernate.SQL                        : delete from shift_assignments where id=?
Hibernate: delete from shift_assignments where id=?
2025-10-13T21:43:06.780+09:00 DEBUG 2284 --- [Shift Scheduler Demo] [           main] org.hibernate.SQL                        : delete from shift_assignments where id=?
Hibernate: delete from shift_assignments where id=?
2025-10-13T21:43:06.782+09:00 DEBUG 2284 --- [Shift Scheduler Demo] [           main] org.hibernate.SQL                        : delete from shift_assignments where id=?
Hibernate: delete from shift_assignments where id=?
2025-10-13T21:43:06.782+09:00 DEBUG 2284 --- [Shift Scheduler Demo] [           main] org.hibernate.SQL                        : delete from shift_assignments where id=?
Hibernate: delete from shift_assignments where id=?
2025-10-13T21:43:06.782+09:00 DEBUG 2284 --- [Shift Scheduler Demo] [           main] org.hibernate.SQL                        : delete from shift_assignments where id=?
Hibernate: delete from shift_assignments where id=?
2025-10-13T21:43:06.782+09:00 DEBUG 2284 --- [Shift Scheduler Demo] [           main] org.hibernate.SQL                        : delete from shift_assignments where id=?
Hibernate: delete from shift_assignments where id=?
2025-10-13T21:43:06.782+09:00 DEBUG 2284 --- [Shift Scheduler Demo] [           main] org.hibernate.SQL                        : delete from shift_assignments where id=?
Hibernate: delete from shift_assignments where id=?
2025-10-13T21:43:06.782+09:00 DEBUG 2284 --- [Shift Scheduler Demo] [           main] org.hibernate.SQL                        : delete from shift_assignments where id=?
Hibernate: delete from shift_assignments where id=?
2025-10-13T21:43:06.782+09:00 DEBUG 2284 --- [Shift Scheduler Demo] [           main] org.hibernate.SQL                        : delete from shift_assignments where id=?
Hibernate: delete from shift_assignments where id=?
2025-10-13T21:43:06.782+09:00 DEBUG 2284 --- [Shift Scheduler Demo] [           main] org.hibernate.SQL                        : delete from shift_assignments where id=?
Hibernate: delete from shift_assignments where id=?
2025-10-13T21:43:06.782+09:00 DEBUG 2284 --- [Shift Scheduler Demo] [           main] org.hibernate.SQL                        : delete from shift_assignments where id=?
Hibernate: delete from shift_assignments where id=?
2025-10-13T21:43:06.782+09:00 DEBUG 2284 --- [Shift Scheduler Demo] [           main] org.hibernate.SQL                        : delete from shift_assignments where id=?
Hibernate: delete from shift_assignments where id=?
2025-10-13T21:43:06.782+09:00 DEBUG 2284 --- [Shift Scheduler Demo] [           main] org.hibernate.SQL                        : delete from shift_assignments where id=?
Hibernate: delete from shift_assignments where id=?
2025-10-13T21:43:06.782+09:00 DEBUG 2284 --- [Shift Scheduler Demo] [           main] org.hibernate.SQL                        : delete from shift_assignments where id=?
Hibernate: delete from shift_assignments where id=?
2025-10-13T21:43:06.782+09:00 DEBUG 2284 --- [Shift Scheduler Demo] [           main] org.hibernate.SQL                        : delete from shift_assignments where id=?
Hibernate: delete from shift_assignments where id=?
2025-10-13T21:43:06.782+09:00 DEBUG 2284 --- [Shift Scheduler Demo] [           main] org.hibernate.SQL                        : delete from shift_assignments where id=?
Hibernate: delete from shift_assignments where id=?
2025-10-13T21:43:06.782+09:00 DEBUG 2284 --- [Shift Scheduler Demo] [           main] org.hibernate.SQL                        : delete from shift_assignments where id=?
Hibernate: delete from shift_assignments where id=?
2025-10-13T21:43:06.782+09:00 DEBUG 2284 --- [Shift Scheduler Demo] [           main] org.hibernate.SQL                        : delete from shift_assignments where id=?
Hibernate: delete from shift_assignments where id=?
2025-10-13T21:43:06.782+09:00 DEBUG 2284 --- [Shift Scheduler Demo] [           main] org.hibernate.SQL                        : delete from shift_assignments where id=?
Hibernate: delete from shift_assignments where id=?
2025-10-13T21:43:06.782+09:00 DEBUG 2284 --- [Shift Scheduler Demo] [           main] org.hibernate.SQL                        : delete from shift_assignments where id=?
Hibernate: delete from shift_assignments where id=?
2025-10-13T21:43:06.783+09:00 DEBUG 2284 --- [Shift Scheduler Demo] [           main] org.hibernate.SQL                        : delete from shift_assignments where id=?
Hibernate: delete from shift_assignments where id=?
2025-10-13T21:43:06.783+09:00 DEBUG 2284 --- [Shift Scheduler Demo] [           main] org.hibernate.SQL                        : delete from shift_assignments where id=?
Hibernate: delete from shift_assignments where id=?
2025-10-13T21:43:06.783+09:00 DEBUG 2284 --- [Shift Scheduler Demo] [           main] org.hibernate.SQL                        : delete from shift_assignments where id=?
Hibernate: delete from shift_assignments where id=?
2025-10-13T21:43:06.783+09:00 DEBUG 2284 --- [Shift Scheduler Demo] [           main] org.hibernate.SQL                        : delete from shift_assignments where id=?
Hibernate: delete from shift_assignments where id=?
2025-10-13T21:43:06.783+09:00 DEBUG 2284 --- [Shift Scheduler Demo] [           main] org.hibernate.SQL                        : delete from shift_assignments where id=?
Hibernate: delete from shift_assignments where id=?
2025-10-13T21:43:06.783+09:00 DEBUG 2284 --- [Shift Scheduler Demo] [           main] org.hibernate.SQL                        : delete from shift_assignments where id=?
Hibernate: delete from shift_assignments where id=?
2025-10-13T21:43:06.783+09:00 DEBUG 2284 --- [Shift Scheduler Demo] [           main] org.hibernate.SQL                        : delete from shift_assignments where id=?
Hibernate: delete from shift_assignments where id=?
2025-10-13T21:43:06.783+09:00 DEBUG 2284 --- [Shift Scheduler Demo] [           main] org.hibernate.SQL                        : delete from shift_assignments where id=?
Hibernate: delete from shift_assignments where id=?
2025-10-13T21:43:06.783+09:00 DEBUG 2284 --- [Shift Scheduler Demo] [           main] org.hibernate.SQL                        : delete from shift_assignments where id=?
Hibernate: delete from shift_assignments where id=?
2025-10-13T21:43:06.783+09:00 DEBUG 2284 --- [Shift Scheduler Demo] [           main] org.hibernate.SQL                        : delete from shift_assignments where id=?
Hibernate: delete from shift_assignments where id=?
2025-10-13T21:43:06.783+09:00 DEBUG 2284 --- [Shift Scheduler Demo] [           main] org.hibernate.SQL                        : delete from shift_assignments where id=?
Hibernate: delete from shift_assignments where id=?
2025-10-13T21:43:06.783+09:00 DEBUG 2284 --- [Shift Scheduler Demo] [           main] org.hibernate.SQL                        : delete from shift_assignments where id=?
Hibernate: delete from shift_assignments where id=?
2025-10-13T21:43:06.783+09:00 DEBUG 2284 --- [Shift Scheduler Demo] [           main] org.hibernate.SQL                        : delete from shift_assignments where id=?
Hibernate: delete from shift_assignments where id=?
2025-10-13T21:43:06.783+09:00 DEBUG 2284 --- [Shift Scheduler Demo] [           main] org.hibernate.SQL                        : delete from shift_assignments where id=?
Hibernate: delete from shift_assignments where id=?
2025-10-13T21:43:06.784+09:00 DEBUG 2284 --- [Shift Scheduler Demo] [           main] org.hibernate.SQL                        : delete from shift_assignments where id=?
Hibernate: delete from shift_assignments where id=?
2025-10-13T21:43:06.784+09:00 DEBUG 2284 --- [Shift Scheduler Demo] [           main] org.hibernate.SQL                        : delete from shift_assignments where id=?
Hibernate: delete from shift_assignments where id=?
2025-10-13T21:43:06.786+09:00 DEBUG 2284 --- [Shift Scheduler Demo] [           main] org.hibernate.SQL                        : delete from shift_assignments where id=?
Hibernate: delete from shift_assignments where id=?
2025-10-13T21:43:06.787+09:00 DEBUG 2284 --- [Shift Scheduler Demo] [           main] org.hibernate.SQL                        : delete from shift_assignments where id=?
Hibernate: delete from shift_assignments where id=?
2025-10-13T21:43:06.787+09:00 DEBUG 2284 --- [Shift Scheduler Demo] [           main] org.hibernate.SQL                        : delete from shift_assignments where id=?
Hibernate: delete from shift_assignments where id=?
2025-10-13T21:43:06.787+09:00 DEBUG 2284 --- [Shift Scheduler Demo] [           main] org.hibernate.SQL                        : delete from shift_assignments where id=?
Hibernate: delete from shift_assignments where id=?
2025-10-13T21:43:06.787+09:00 DEBUG 2284 --- [Shift Scheduler Demo] [           main] org.hibernate.SQL                        : delete from shift_assignments where id=?
Hibernate: delete from shift_assignments where id=?
2025-10-13T21:43:06.787+09:00 DEBUG 2284 --- [Shift Scheduler Demo] [           main] org.hibernate.SQL                        : delete from shift_assignments where id=?
Hibernate: delete from shift_assignments where id=?
2025-10-13T21:43:06.787+09:00 DEBUG 2284 --- [Shift Scheduler Demo] [           main] org.hibernate.SQL                        : delete from shift_assignments where id=?
Hibernate: delete from shift_assignments where id=?
2025-10-13T21:43:06.787+09:00 DEBUG 2284 --- [Shift Scheduler Demo] [           main] org.hibernate.SQL                        : delete from shift_assignments where id=?
Hibernate: delete from shift_assignments where id=?
2025-10-13T21:43:06.787+09:00 DEBUG 2284 --- [Shift Scheduler Demo] [           main] org.hibernate.SQL                        : delete from shift_assignments where id=?
Hibernate: delete from shift_assignments where id=?
2025-10-13T21:43:06.787+09:00 DEBUG 2284 --- [Shift Scheduler Demo] [           main] org.hibernate.SQL                        : delete from shift_assignments where id=?
Hibernate: delete from shift_assignments where id=?
2025-10-13T21:43:06.787+09:00 DEBUG 2284 --- [Shift Scheduler Demo] [           main] org.hibernate.SQL                        : delete from shift_assignments where id=?
Hibernate: delete from shift_assignments where id=?
2025-10-13T21:43:06.787+09:00 DEBUG 2284 --- [Shift Scheduler Demo] [           main] org.hibernate.SQL                        : delete from shift_assignments where id=?
Hibernate: delete from shift_assignments where id=?
2025-10-13T21:43:06.788+09:00 DEBUG 2284 --- [Shift Scheduler Demo] [           main] org.hibernate.SQL                        : delete from shift_assignments where id=?
Hibernate: delete from shift_assignments where id=?
2025-10-13T21:43:06.788+09:00 DEBUG 2284 --- [Shift Scheduler Demo] [           main] org.hibernate.SQL                        : delete from shift_assignments where id=?
Hibernate: delete from shift_assignments where id=?
2025-10-13T21:43:06.788+09:00 DEBUG 2284 --- [Shift Scheduler Demo] [           main] org.hibernate.SQL                        : delete from shift_assignments where id=?
Hibernate: delete from shift_assignments where id=?
2025-10-13T21:43:06.788+09:00 DEBUG 2284 --- [Shift Scheduler Demo] [           main] org.hibernate.SQL                        : delete from shift_assignments where id=?
Hibernate: delete from shift_assignments where id=?
2025-10-13T21:43:06.788+09:00 DEBUG 2284 --- [Shift Scheduler Demo] [           main] org.hibernate.SQL                        : delete from shift_assignments where id=?
Hibernate: delete from shift_assignments where id=?
2025-10-13T21:43:06.788+09:00 DEBUG 2284 --- [Shift Scheduler Demo] [           main] org.hibernate.SQL                        : delete from shift_assignments where id=?
Hibernate: delete from shift_assignments where id=?
2025-10-13T21:43:06.788+09:00 DEBUG 2284 --- [Shift Scheduler Demo] [           main] org.hibernate.SQL                        : delete from shift_assignments where id=?
Hibernate: delete from shift_assignments where id=?
2025-10-13T21:43:06.788+09:00 DEBUG 2284 --- [Shift Scheduler Demo] [           main] org.hibernate.SQL                        : delete from shift_assignments where id=?
Hibernate: delete from shift_assignments where id=?
2025-10-13T21:43:06.788+09:00 DEBUG 2284 --- [Shift Scheduler Demo] [           main] org.hibernate.SQL                        : delete from shift_assignments where id=?
Hibernate: delete from shift_assignments where id=?
2025-10-13T21:43:06.788+09:00 DEBUG 2284 --- [Shift Scheduler Demo] [           main] org.hibernate.SQL                        : delete from shift_assignments where id=?
Hibernate: delete from shift_assignments where id=?
2025-10-13T21:43:06.788+09:00 DEBUG 2284 --- [Shift Scheduler Demo] [           main] org.hibernate.SQL                        : delete from shift_assignments where id=?
Hibernate: delete from shift_assignments where id=?
2025-10-13T21:43:06.788+09:00 DEBUG 2284 --- [Shift Scheduler Demo] [           main] org.hibernate.SQL                        : delete from shift_assignments where id=?
Hibernate: delete from shift_assignments where id=?
2025-10-13T21:43:06.789+09:00 DEBUG 2284 --- [Shift Scheduler Demo] [           main] org.hibernate.SQL                        : delete from shift_assignments where id=?
Hibernate: delete from shift_assignments where id=?
2025-10-13T21:43:06.789+09:00 DEBUG 2284 --- [Shift Scheduler Demo] [           main] org.hibernate.SQL                        : delete from shift_assignments where id=?
Hibernate: delete from shift_assignments where id=?
2025-10-13T21:43:06.789+09:00 DEBUG 2284 --- [Shift Scheduler Demo] [           main] org.hibernate.SQL                        : delete from shift_assignments where id=?
Hibernate: delete from shift_assignments where id=?
2025-10-13T21:43:06.789+09:00 DEBUG 2284 --- [Shift Scheduler Demo] [           main] org.hibernate.SQL                        : delete from shift_assignments where id=?
Hibernate: delete from shift_assignments where id=?
2025-10-13T21:43:06.789+09:00 DEBUG 2284 --- [Shift Scheduler Demo] [           main] org.hibernate.SQL                        : delete from shift_assignments where id=?
Hibernate: delete from shift_assignments where id=?
2025-10-13T21:43:06.789+09:00 DEBUG 2284 --- [Shift Scheduler Demo] [           main] org.hibernate.SQL                        : delete from shift_assignments where id=?
Hibernate: delete from shift_assignments where id=?
2025-10-13T21:43:06.789+09:00 DEBUG 2284 --- [Shift Scheduler Demo] [           main] org.hibernate.SQL                        : delete from shift_assignments where id=?
Hibernate: delete from shift_assignments where id=?
2025-10-13T21:43:06.789+09:00 DEBUG 2284 --- [Shift Scheduler Demo] [           main] org.hibernate.SQL                        : delete from shift_assignments where id=?
Hibernate: delete from shift_assignments where id=?
2025-10-13T21:43:06.789+09:00 DEBUG 2284 --- [Shift Scheduler Demo] [           main] org.hibernate.SQL                        : delete from shift_assignments where id=?
Hibernate: delete from shift_assignments where id=?
2025-10-13T21:43:06.789+09:00 DEBUG 2284 --- [Shift Scheduler Demo] [           main] org.hibernate.SQL                        : delete from shift_assignments where id=?
Hibernate: delete from shift_assignments where id=?
2025-10-13T21:43:06.789+09:00 DEBUG 2284 --- [Shift Scheduler Demo] [           main] org.hibernate.SQL                        : delete from shift_assignments where id=?
Hibernate: delete from shift_assignments where id=?
2025-10-13T21:43:06.789+09:00 DEBUG 2284 --- [Shift Scheduler Demo] [           main] org.hibernate.SQL                        : delete from shift_assignments where id=?
Hibernate: delete from shift_assignments where id=?
2025-10-13T21:43:06.789+09:00 DEBUG 2284 --- [Shift Scheduler Demo] [           main] org.hibernate.SQL                        : delete from shift_assignments where id=?
Hibernate: delete from shift_assignments where id=?
2025-10-13T21:43:06.789+09:00 DEBUG 2284 --- [Shift Scheduler Demo] [           main] org.hibernate.SQL                        : delete from shift_assignments where id=?
Hibernate: delete from shift_assignments where id=?
2025-10-13T21:43:06.789+09:00 DEBUG 2284 --- [Shift Scheduler Demo] [           main] org.hibernate.SQL                        : delete from shift_assignments where id=?
Hibernate: delete from shift_assignments where id=?
2025-10-13T21:43:06.789+09:00 DEBUG 2284 --- [Shift Scheduler Demo] [           main] org.hibernate.SQL                        : delete from shift_assignments where id=?
Hibernate: delete from shift_assignments where id=?
2025-10-13T21:43:06.789+09:00 DEBUG 2284 --- [Shift Scheduler Demo] [           main] org.hibernate.SQL                        : delete from shift_assignments where id=?
Hibernate: delete from shift_assignments where id=?
2025-10-13T21:43:06.789+09:00 DEBUG 2284 --- [Shift Scheduler Demo] [           main] org.hibernate.SQL                        : delete from shift_assignments where id=?
Hibernate: delete from shift_assignments where id=?
2025-10-13T21:43:06.790+09:00 DEBUG 2284 --- [Shift Scheduler Demo] [           main] org.hibernate.SQL                        : delete from shift_assignments where id=?
Hibernate: delete from shift_assignments where id=?
2025-10-13T21:43:06.790+09:00 DEBUG 2284 --- [Shift Scheduler Demo] [           main] org.hibernate.SQL                        : delete from shift_assignments where id=?
Hibernate: delete from shift_assignments where id=?
2025-10-13T21:43:06.790+09:00 DEBUG 2284 --- [Shift Scheduler Demo] [           main] org.hibernate.SQL                        : delete from shift_assignments where id=?
Hibernate: delete from shift_assignments where id=?
2025-10-13T21:43:06.790+09:00 DEBUG 2284 --- [Shift Scheduler Demo] [           main] org.hibernate.SQL                        : delete from shift_assignments where id=?
Hibernate: delete from shift_assignments where id=?
2025-10-13T21:43:06.790+09:00 DEBUG 2284 --- [Shift Scheduler Demo] [           main] org.hibernate.SQL                        : delete from shift_assignments where id=?
Hibernate: delete from shift_assignments where id=?
2025-10-13T21:43:06.790+09:00 DEBUG 2284 --- [Shift Scheduler Demo] [           main] org.hibernate.SQL                        : delete from shift_assignments where id=?
Hibernate: delete from shift_assignments where id=?
2025-10-13T21:43:06.790+09:00 DEBUG 2284 --- [Shift Scheduler Demo] [           main] org.hibernate.SQL                        : delete from shift_assignments where id=?
Hibernate: delete from shift_assignments where id=?
2025-10-13T21:43:06.790+09:00 DEBUG 2284 --- [Shift Scheduler Demo] [           main] org.hibernate.SQL                        : delete from shift_assignments where id=?
Hibernate: delete from shift_assignments where id=?
2025-10-13T21:43:06.790+09:00 DEBUG 2284 --- [Shift Scheduler Demo] [           main] org.hibernate.SQL                        : delete from shift_assignments where id=?
Hibernate: delete from shift_assignments where id=?
2025-10-13T21:43:06.790+09:00 DEBUG 2284 --- [Shift Scheduler Demo] [           main] org.hibernate.SQL                        : delete from shift_assignments where id=?
Hibernate: delete from shift_assignments where id=?
2025-10-13T21:43:06.790+09:00 DEBUG 2284 --- [Shift Scheduler Demo] [           main] org.hibernate.SQL                        : delete from shift_assignments where id=?
Hibernate: delete from shift_assignments where id=?
2025-10-13T21:43:06.790+09:00 DEBUG 2284 --- [Shift Scheduler Demo] [           main] org.hibernate.SQL                        : delete from shift_assignments where id=?
Hibernate: delete from shift_assignments where id=?
2025-10-13T21:43:06.790+09:00 DEBUG 2284 --- [Shift Scheduler Demo] [           main] org.hibernate.SQL                        : delete from shift_assignments where id=?
Hibernate: delete from shift_assignments where id=?
2025-10-13T21:43:06.790+09:00 DEBUG 2284 --- [Shift Scheduler Demo] [           main] org.hibernate.SQL                        : delete from shift_assignments where id=?
Hibernate: delete from shift_assignments where id=?
2025-10-13T21:43:06.791+09:00 DEBUG 2284 --- [Shift Scheduler Demo] [           main] org.hibernate.SQL                        : delete from shift_assignments where id=?
Hibernate: delete from shift_assignments where id=?
2025-10-13T21:43:06.791+09:00 DEBUG 2284 --- [Shift Scheduler Demo] [           main] org.hibernate.SQL                        : delete from shift_assignments where id=?
Hibernate: delete from shift_assignments where id=?
2025-10-13T21:43:06.791+09:00 DEBUG 2284 --- [Shift Scheduler Demo] [           main] org.hibernate.SQL                        : delete from shift_assignments where id=?
Hibernate: delete from shift_assignments where id=?
2025-10-13T21:43:06.791+09:00 DEBUG 2284 --- [Shift Scheduler Demo] [           main] org.hibernate.SQL                        : delete from shift_assignments where id=?
Hibernate: delete from shift_assignments where id=?
2025-10-13T21:43:06.791+09:00 DEBUG 2284 --- [Shift Scheduler Demo] [           main] org.hibernate.SQL                        : delete from shift_assignments where id=?
Hibernate: delete from shift_assignments where id=?
2025-10-13T21:43:06.791+09:00 DEBUG 2284 --- [Shift Scheduler Demo] [           main] org.hibernate.SQL                        : delete from shift_assignments where id=?
Hibernate: delete from shift_assignments where id=?
2025-10-13T21:43:06.791+09:00 DEBUG 2284 --- [Shift Scheduler Demo] [           main] org.hibernate.SQL                        : delete from shift_assignments where id=?
Hibernate: delete from shift_assignments where id=?
2025-10-13T21:43:06.791+09:00 DEBUG 2284 --- [Shift Scheduler Demo] [           main] org.hibernate.SQL                        : delete from shift_assignments where id=?
Hibernate: delete from shift_assignments where id=?
2025-10-13T21:43:06.791+09:00 DEBUG 2284 --- [Shift Scheduler Demo] [           main] org.hibernate.SQL                        : delete from shift_assignments where id=?
Hibernate: delete from shift_assignments where id=?
2025-10-13T21:43:06.791+09:00 DEBUG 2284 --- [Shift Scheduler Demo] [           main] org.hibernate.SQL                        : delete from shift_assignments where id=?
Hibernate: delete from shift_assignments where id=?
2025-10-13T21:43:06.791+09:00 DEBUG 2284 --- [Shift Scheduler Demo] [           main] org.hibernate.SQL                        : delete from shift_assignments where id=?
Hibernate: delete from shift_assignments where id=?
2025-10-13T21:43:06.791+09:00 DEBUG 2284 --- [Shift Scheduler Demo] [           main] org.hibernate.SQL                        : delete from shift_assignments where id=?
Hibernate: delete from shift_assignments where id=?
2025-10-13T21:43:06.791+09:00 DEBUG 2284 --- [Shift Scheduler Demo] [           main] org.hibernate.SQL                        : delete from shift_assignments where id=?
Hibernate: delete from shift_assignments where id=?
2025-10-13T21:43:06.791+09:00 DEBUG 2284 --- [Shift Scheduler Demo] [           main] org.hibernate.SQL                        : delete from shift_assignments where id=?
Hibernate: delete from shift_assignments where id=?
2025-10-13T21:43:06.791+09:00 DEBUG 2284 --- [Shift Scheduler Demo] [           main] org.hibernate.SQL                        : delete from shift_assignments where id=?
Hibernate: delete from shift_assignments where id=?
2025-10-13T21:43:06.791+09:00 DEBUG 2284 --- [Shift Scheduler Demo] [           main] org.hibernate.SQL                        : delete from shift_assignments where id=?
Hibernate: delete from shift_assignments where id=?
2025-10-13T21:43:06.791+09:00 DEBUG 2284 --- [Shift Scheduler Demo] [           main] org.hibernate.SQL                        : delete from shift_assignments where id=?
Hibernate: delete from shift_assignments where id=?
2025-10-13T21:43:06.793+09:00 DEBUG 2284 --- [Shift Scheduler Demo] [           main] org.hibernate.SQL                        : delete from shift_assignments where id=?
Hibernate: delete from shift_assignments where id=?
2025-10-13T21:43:06.793+09:00 DEBUG 2284 --- [Shift Scheduler Demo] [           main] org.hibernate.SQL                        : delete from shift_assignments where id=?
Hibernate: delete from shift_assignments where id=?
2025-10-13T21:43:06.793+09:00 DEBUG 2284 --- [Shift Scheduler Demo] [           main] org.hibernate.SQL                        : delete from shift_assignments where id=?
Hibernate: delete from shift_assignments where id=?
2025-10-13T21:43:06.793+09:00 DEBUG 2284 --- [Shift Scheduler Demo] [           main] org.hibernate.SQL                        : delete from shift_assignments where id=?
Hibernate: delete from shift_assignments where id=?
2025-10-13T21:43:06.793+09:00 DEBUG 2284 --- [Shift Scheduler Demo] [           main] org.hibernate.SQL                        : delete from shift_assignments where id=?
Hibernate: delete from shift_assignments where id=?
2025-10-13T21:43:06.793+09:00 DEBUG 2284 --- [Shift Scheduler Demo] [           main] org.hibernate.SQL                        : delete from shift_assignments where id=?
Hibernate: delete from shift_assignments where id=?
2025-10-13T21:43:06.793+09:00 DEBUG 2284 --- [Shift Scheduler Demo] [           main] org.hibernate.SQL                        : delete from shift_assignments where id=?
Hibernate: delete from shift_assignments where id=?
2025-10-13T21:43:06.793+09:00 DEBUG 2284 --- [Shift Scheduler Demo] [           main] org.hibernate.SQL                        : delete from shift_assignments where id=?
Hibernate: delete from shift_assignments where id=?
2025-10-13T21:43:06.793+09:00 DEBUG 2284 --- [Shift Scheduler Demo] [           main] org.hibernate.SQL                        : delete from shift_assignments where id=?
Hibernate: delete from shift_assignments where id=?
2025-10-13T21:43:06.793+09:00 DEBUG 2284 --- [Shift Scheduler Demo] [           main] org.hibernate.SQL                        : delete from shift_assignments where id=?
Hibernate: delete from shift_assignments where id=?
2025-10-13T21:43:06.793+09:00 DEBUG 2284 --- [Shift Scheduler Demo] [           main] org.hibernate.SQL                        : delete from shift_assignments where id=?
Hibernate: delete from shift_assignments where id=?
2025-10-13T21:43:06.793+09:00 DEBUG 2284 --- [Shift Scheduler Demo] [           main] org.hibernate.SQL                        : delete from shift_assignments where id=?
Hibernate: delete from shift_assignments where id=?
2025-10-13T21:43:06.793+09:00 DEBUG 2284 --- [Shift Scheduler Demo] [           main] org.hibernate.SQL                        : delete from shift_assignments where id=?
Hibernate: delete from shift_assignments where id=?
2025-10-13T21:43:06.793+09:00 DEBUG 2284 --- [Shift Scheduler Demo] [           main] org.hibernate.SQL                        : delete from shift_assignments where id=?
Hibernate: delete from shift_assignments where id=?
2025-10-13T21:43:06.793+09:00 DEBUG 2284 --- [Shift Scheduler Demo] [           main] org.hibernate.SQL                        : delete from shift_assignments where id=?
Hibernate: delete from shift_assignments where id=?
2025-10-13T21:43:06.793+09:00 DEBUG 2284 --- [Shift Scheduler Demo] [           main] org.hibernate.SQL                        : delete from shift_assignments where id=?
Hibernate: delete from shift_assignments where id=?
2025-10-13T21:43:06.793+09:00 DEBUG 2284 --- [Shift Scheduler Demo] [           main] org.hibernate.SQL                        : delete from shift_assignments where id=?
Hibernate: delete from shift_assignments where id=?
2025-10-13T21:43:06.793+09:00 DEBUG 2284 --- [Shift Scheduler Demo] [           main] org.hibernate.SQL                        : delete from shift_assignments where id=?
Hibernate: delete from shift_assignments where id=?
2025-10-13T21:43:06.793+09:00 DEBUG 2284 --- [Shift Scheduler Demo] [           main] org.hibernate.SQL                        : delete from shift_assignments where id=?
Hibernate: delete from shift_assignments where id=?
2025-10-13T21:43:06.793+09:00 DEBUG 2284 --- [Shift Scheduler Demo] [           main] org.hibernate.SQL                        : delete from shift_assignments where id=?
Hibernate: delete from shift_assignments where id=?
2025-10-13T21:43:06.793+09:00 DEBUG 2284 --- [Shift Scheduler Demo] [           main] org.hibernate.SQL                        : delete from shift_assignments where id=?
Hibernate: delete from shift_assignments where id=?
2025-10-13T21:43:06.793+09:00 DEBUG 2284 --- [Shift Scheduler Demo] [           main] org.hibernate.SQL                        : delete from shift_assignments where id=?
Hibernate: delete from shift_assignments where id=?
2025-10-13T21:43:06.793+09:00 DEBUG 2284 --- [Shift Scheduler Demo] [           main] org.hibernate.SQL                        : delete from shift_assignments where id=?
Hibernate: delete from shift_assignments where id=?
2025-10-13T21:43:06.793+09:00 DEBUG 2284 --- [Shift Scheduler Demo] [           main] org.hibernate.SQL                        : delete from shift_assignments where id=?
Hibernate: delete from shift_assignments where id=?
2025-10-13T21:43:06.793+09:00 DEBUG 2284 --- [Shift Scheduler Demo] [           main] org.hibernate.SQL                        : delete from shift_assignments where id=?
Hibernate: delete from shift_assignments where id=?
2025-10-13T21:43:06.793+09:00 DEBUG 2284 --- [Shift Scheduler Demo] [           main] org.hibernate.SQL                        : delete from shift_assignments where id=?
Hibernate: delete from shift_assignments where id=?
2025-10-13T21:43:06.793+09:00 DEBUG 2284 --- [Shift Scheduler Demo] [           main] org.hibernate.SQL                        : delete from shift_assignments where id=?
Hibernate: delete from shift_assignments where id=?
2025-10-13T21:43:06.793+09:00 DEBUG 2284 --- [Shift Scheduler Demo] [           main] org.hibernate.SQL                        : delete from shift_assignments where id=?
Hibernate: delete from shift_assignments where id=?
2025-10-13T21:43:06.793+09:00 DEBUG 2284 --- [Shift Scheduler Demo] [           main] org.hibernate.SQL                        : delete from shift_assignments where id=?
Hibernate: delete from shift_assignments where id=?
2025-10-13T21:43:06.793+09:00 DEBUG 2284 --- [Shift Scheduler Demo] [           main] org.hibernate.SQL                        : delete from shift_assignments where id=?
Hibernate: delete from shift_assignments where id=?
2025-10-13T21:43:06.793+09:00 DEBUG 2284 --- [Shift Scheduler Demo] [           main] org.hibernate.SQL                        : delete from shift_assignments where id=?
Hibernate: delete from shift_assignments where id=?
2025-10-13T21:43:06.793+09:00 DEBUG 2284 --- [Shift Scheduler Demo] [           main] org.hibernate.SQL                        : delete from shift_assignments where id=?
Hibernate: delete from shift_assignments where id=?
2025-10-13T21:43:06.793+09:00 DEBUG 2284 --- [Shift Scheduler Demo] [           main] org.hibernate.SQL                        : delete from shift_assignments where id=?
Hibernate: delete from shift_assignments where id=?
2025-10-13T21:43:06.793+09:00 DEBUG 2284 --- [Shift Scheduler Demo] [           main] org.hibernate.SQL                        : delete from employee_constraints where id=?
Hibernate: delete from employee_constraints where id=?
2025-10-13T21:43:06.793+09:00 DEBUG 2284 --- [Shift Scheduler Demo] [           main] org.hibernate.SQL                        : delete from employee_constraints where id=?
Hibernate: delete from employee_constraints where id=?
2025-10-13T21:43:06.793+09:00 DEBUG 2284 --- [Shift Scheduler Demo] [           main] org.hibernate.SQL                        : delete from employee_constraints where id=?
Hibernate: delete from employee_constraints where id=?
2025-10-13T21:43:06.793+09:00 DEBUG 2284 --- [Shift Scheduler Demo] [           main] org.hibernate.SQL                        : delete from employee_constraints where id=?
Hibernate: delete from employee_constraints where id=?
2025-10-13T21:43:06.793+09:00 DEBUG 2284 --- [Shift Scheduler Demo] [           main] org.hibernate.SQL                        : delete from employee_constraints where id=?
Hibernate: delete from employee_constraints where id=?
2025-10-13T21:43:06.793+09:00 DEBUG 2284 --- [Shift Scheduler Demo] [           main] org.hibernate.SQL                        : delete from employee_constraints where id=?
Hibernate: delete from employee_constraints where id=?
2025-10-13T21:43:06.793+09:00 DEBUG 2284 --- [Shift Scheduler Demo] [           main] org.hibernate.SQL                        : delete from employee_constraints where id=?
Hibernate: delete from employee_constraints where id=?
2025-10-13T21:43:06.795+09:00 DEBUG 2284 --- [Shift Scheduler Demo] [           main] org.hibernate.SQL                        : delete from employee_constraints where id=?
Hibernate: delete from employee_constraints where id=?
2025-10-13T21:43:06.795+09:00 DEBUG 2284 --- [Shift Scheduler Demo] [           main] org.hibernate.SQL                        : delete from employee_constraints where id=?
Hibernate: delete from employee_constraints where id=?
2025-10-13T21:43:06.795+09:00 DEBUG 2284 --- [Shift Scheduler Demo] [           main] org.hibernate.SQL                        : delete from employee_constraints where id=?
Hibernate: delete from employee_constraints where id=?
2025-10-13T21:43:06.795+09:00 DEBUG 2284 --- [Shift Scheduler Demo] [           main] org.hibernate.SQL                        : delete from employee_constraints where id=?
Hibernate: delete from employee_constraints where id=?
2025-10-13T21:43:06.795+09:00 DEBUG 2284 --- [Shift Scheduler Demo] [           main] org.hibernate.SQL                        : delete from employee_constraints where id=?
Hibernate: delete from employee_constraints where id=?
2025-10-13T21:43:06.795+09:00 DEBUG 2284 --- [Shift Scheduler Demo] [           main] org.hibernate.SQL                        : delete from employee_constraints where id=?
Hibernate: delete from employee_constraints where id=?
2025-10-13T21:43:06.795+09:00 DEBUG 2284 --- [Shift Scheduler Demo] [           main] org.hibernate.SQL                        : delete from employee_constraints where id=?
Hibernate: delete from employee_constraints where id=?
2025-10-13T21:43:06.795+09:00 DEBUG 2284 --- [Shift Scheduler Demo] [           main] org.hibernate.SQL                        : delete from employee_constraints where id=?
Hibernate: delete from employee_constraints where id=?
2025-10-13T21:43:06.795+09:00 DEBUG 2284 --- [Shift Scheduler Demo] [           main] org.hibernate.SQL                        : delete from employee_constraints where id=?
Hibernate: delete from employee_constraints where id=?
2025-10-13T21:43:06.795+09:00 DEBUG 2284 --- [Shift Scheduler Demo] [           main] org.hibernate.SQL                        : delete from employee_constraints where id=?
Hibernate: delete from employee_constraints where id=?
2025-10-13T21:43:06.795+09:00 DEBUG 2284 --- [Shift Scheduler Demo] [           main] org.hibernate.SQL                        : delete from employee_constraints where id=?
Hibernate: delete from employee_constraints where id=?
2025-10-13T21:43:06.795+09:00 DEBUG 2284 --- [Shift Scheduler Demo] [           main] org.hibernate.SQL                        : delete from employee_constraints where id=?
Hibernate: delete from employee_constraints where id=?
2025-10-13T21:43:06.795+09:00 DEBUG 2284 --- [Shift Scheduler Demo] [           main] org.hibernate.SQL                        : delete from employee_constraints where id=?
Hibernate: delete from employee_constraints where id=?
2025-10-13T21:43:06.795+09:00 DEBUG 2284 --- [Shift Scheduler Demo] [           main] org.hibernate.SQL                        : delete from employee_constraints where id=?
Hibernate: delete from employee_constraints where id=?
2025-10-13T21:43:06.795+09:00 DEBUG 2284 --- [Shift Scheduler Demo] [           main] org.hibernate.SQL                        : delete from employee_constraints where id=?
Hibernate: delete from employee_constraints where id=?
2025-10-13T21:43:06.795+09:00 DEBUG 2284 --- [Shift Scheduler Demo] [           main] org.hibernate.SQL                        : delete from employee_constraints where id=?
Hibernate: delete from employee_constraints where id=?
2025-10-13T21:43:06.795+09:00 DEBUG 2284 --- [Shift Scheduler Demo] [           main] org.hibernate.SQL                        : delete from employee_constraints where id=?
Hibernate: delete from employee_constraints where id=?
2025-10-13T21:43:06.795+09:00 DEBUG 2284 --- [Shift Scheduler Demo] [           main] org.hibernate.SQL                        : delete from employee_constraints where id=?
Hibernate: delete from employee_constraints where id=?
2025-10-13T21:43:06.795+09:00 DEBUG 2284 --- [Shift Scheduler Demo] [           main] org.hibernate.SQL                        : delete from employee_constraints where id=?
Hibernate: delete from employee_constraints where id=?
2025-10-13T21:43:06.795+09:00 DEBUG 2284 --- [Shift Scheduler Demo] [           main] org.hibernate.SQL                        : delete from employee_constraints where id=?
Hibernate: delete from employee_constraints where id=?
2025-10-13T21:43:06.795+09:00 DEBUG 2284 --- [Shift Scheduler Demo] [           main] org.hibernate.SQL                        : delete from employee_constraints where id=?
Hibernate: delete from employee_constraints where id=?
2025-10-13T21:43:06.795+09:00 DEBUG 2284 --- [Shift Scheduler Demo] [           main] org.hibernate.SQL                        : delete from employee_constraints where id=?
Hibernate: delete from employee_constraints where id=?
2025-10-13T21:43:06.795+09:00 DEBUG 2284 --- [Shift Scheduler Demo] [           main] org.hibernate.SQL                        : delete from employee_constraints where id=?
Hibernate: delete from employee_constraints where id=?
2025-10-13T21:43:06.795+09:00 DEBUG 2284 --- [Shift Scheduler Demo] [           main] org.hibernate.SQL                        : delete from employee_constraints where id=?
Hibernate: delete from employee_constraints where id=?
2025-10-13T21:43:06.795+09:00 DEBUG 2284 --- [Shift Scheduler Demo] [           main] org.hibernate.SQL                        : delete from employee_constraints where id=?
Hibernate: delete from employee_constraints where id=?
2025-10-13T21:43:06.795+09:00 DEBUG 2284 --- [Shift Scheduler Demo] [           main] org.hibernate.SQL                        : delete from employee_constraints where id=?
Hibernate: delete from employee_constraints where id=?
2025-10-13T21:43:06.795+09:00 DEBUG 2284 --- [Shift Scheduler Demo] [           main] org.hibernate.SQL                        : delete from employee_constraints where id=?
Hibernate: delete from employee_constraints where id=?
2025-10-13T21:43:06.795+09:00 DEBUG 2284 --- [Shift Scheduler Demo] [           main] org.hibernate.SQL                        : delete from employee_constraints where id=?
Hibernate: delete from employee_constraints where id=?
2025-10-13T21:43:06.795+09:00 DEBUG 2284 --- [Shift Scheduler Demo] [           main] org.hibernate.SQL                        : delete from employee_constraints where id=?
Hibernate: delete from employee_constraints where id=?
2025-10-13T21:43:06.795+09:00 DEBUG 2284 --- [Shift Scheduler Demo] [           main] org.hibernate.SQL                        : delete from employee_constraints where id=?
Hibernate: delete from employee_constraints where id=?
2025-10-13T21:43:06.795+09:00 DEBUG 2284 --- [Shift Scheduler Demo] [           main] org.hibernate.SQL                        : delete from employee_constraints where id=?
Hibernate: delete from employee_constraints where id=?
2025-10-13T21:43:06.795+09:00 DEBUG 2284 --- [Shift Scheduler Demo] [           main] org.hibernate.SQL                        : delete from employee_constraints where id=?
Hibernate: delete from employee_constraints where id=?
2025-10-13T21:43:06.795+09:00 DEBUG 2284 --- [Shift Scheduler Demo] [           main] org.hibernate.SQL                        : delete from employee_constraints where id=?
Hibernate: delete from employee_constraints where id=?
2025-10-13T21:43:06.795+09:00 DEBUG 2284 --- [Shift Scheduler Demo] [           main] org.hibernate.SQL                        : delete from employee_constraints where id=?
Hibernate: delete from employee_constraints where id=?
2025-10-13T21:43:06.795+09:00 DEBUG 2284 --- [Shift Scheduler Demo] [           main] org.hibernate.SQL                        : delete from employee_constraints where id=?
Hibernate: delete from employee_constraints where id=?
2025-10-13T21:43:06.795+09:00 DEBUG 2284 --- [Shift Scheduler Demo] [           main] org.hibernate.SQL                        : delete from employee_constraints where id=?
Hibernate: delete from employee_constraints where id=?
2025-10-13T21:43:06.795+09:00 DEBUG 2284 --- [Shift Scheduler Demo] [           main] org.hibernate.SQL                        : delete from employee_constraints where id=?
Hibernate: delete from employee_constraints where id=?
2025-10-13T21:43:06.795+09:00 DEBUG 2284 --- [Shift Scheduler Demo] [           main] org.hibernate.SQL                        : delete from employee_constraints where id=?
Hibernate: delete from employee_constraints where id=?
2025-10-13T21:43:06.795+09:00 DEBUG 2284 --- [Shift Scheduler Demo] [           main] org.hibernate.SQL                        : delete from employee_constraints where id=?
Hibernate: delete from employee_constraints where id=?
2025-10-13T21:43:06.795+09:00 DEBUG 2284 --- [Shift Scheduler Demo] [           main] org.hibernate.SQL                        : delete from employee_constraints where id=?
Hibernate: delete from employee_constraints where id=?
2025-10-13T21:43:06.795+09:00 DEBUG 2284 --- [Shift Scheduler Demo] [           main] org.hibernate.SQL                        : delete from employee_constraints where id=?
Hibernate: delete from employee_constraints where id=?
2025-10-13T21:43:06.795+09:00 DEBUG 2284 --- [Shift Scheduler Demo] [           main] org.hibernate.SQL                        : delete from employee_constraints where id=?
Hibernate: delete from employee_constraints where id=?
2025-10-13T21:43:06.795+09:00 DEBUG 2284 --- [Shift Scheduler Demo] [           main] org.hibernate.SQL                        : delete from employee_constraints where id=?
Hibernate: delete from employee_constraints where id=?
2025-10-13T21:43:06.796+09:00 DEBUG 2284 --- [Shift Scheduler Demo] [           main] org.hibernate.SQL                        : delete from employee_constraints where id=?
Hibernate: delete from employee_constraints where id=?
2025-10-13T21:43:06.796+09:00 DEBUG 2284 --- [Shift Scheduler Demo] [           main] org.hibernate.SQL                        : delete from employee_constraints where id=?
Hibernate: delete from employee_constraints where id=?
2025-10-13T21:43:06.796+09:00 DEBUG 2284 --- [Shift Scheduler Demo] [           main] org.hibernate.SQL                        : delete from employee_constraints where id=?
Hibernate: delete from employee_constraints where id=?
2025-10-13T21:43:06.796+09:00 DEBUG 2284 --- [Shift Scheduler Demo] [           main] org.hibernate.SQL                        : delete from employee_constraints where id=?
Hibernate: delete from employee_constraints where id=?
2025-10-13T21:43:06.796+09:00 DEBUG 2284 --- [Shift Scheduler Demo] [           main] org.hibernate.SQL                        : delete from employee_constraints where id=?
Hibernate: delete from employee_constraints where id=?
2025-10-13T21:43:06.796+09:00 DEBUG 2284 --- [Shift Scheduler Demo] [           main] org.hibernate.SQL                        : delete from employee_constraints where id=?
Hibernate: delete from employee_constraints where id=?
2025-10-13T21:43:06.796+09:00 DEBUG 2284 --- [Shift Scheduler Demo] [           main] org.hibernate.SQL                        : delete from employee_constraints where id=?
Hibernate: delete from employee_constraints where id=?
2025-10-13T21:43:06.796+09:00 DEBUG 2284 --- [Shift Scheduler Demo] [           main] org.hibernate.SQL                        : delete from employee_constraints where id=?
Hibernate: delete from employee_constraints where id=?
2025-10-13T21:43:06.796+09:00 DEBUG 2284 --- [Shift Scheduler Demo] [           main] org.hibernate.SQL                        : delete from employee_constraints where id=?
Hibernate: delete from employee_constraints where id=?
2025-10-13T21:43:06.796+09:00 DEBUG 2284 --- [Shift Scheduler Demo] [           main] org.hibernate.SQL                        : delete from employee_constraints where id=?
Hibernate: delete from employee_constraints where id=?
2025-10-13T21:43:06.796+09:00 DEBUG 2284 --- [Shift Scheduler Demo] [           main] org.hibernate.SQL                        : delete from employee_constraints where id=?
Hibernate: delete from employee_constraints where id=?
2025-10-13T21:43:06.796+09:00 DEBUG 2284 --- [Shift Scheduler Demo] [           main] org.hibernate.SQL                        : delete from employee_constraints where id=?
Hibernate: delete from employee_constraints where id=?
2025-10-13T21:43:06.796+09:00 DEBUG 2284 --- [Shift Scheduler Demo] [           main] org.hibernate.SQL                        : delete from employee_constraints where id=?
Hibernate: delete from employee_constraints where id=?
2025-10-13T21:43:06.796+09:00 DEBUG 2284 --- [Shift Scheduler Demo] [           main] org.hibernate.SQL                        : delete from employee_constraints where id=?
Hibernate: delete from employee_constraints where id=?
2025-10-13T21:43:06.797+09:00 DEBUG 2284 --- [Shift Scheduler Demo] [           main] org.hibernate.SQL                        : delete from employee_constraints where id=?
Hibernate: delete from employee_constraints where id=?
2025-10-13T21:43:06.797+09:00 DEBUG 2284 --- [Shift Scheduler Demo] [           main] org.hibernate.SQL                        : delete from employee_constraints where id=?
Hibernate: delete from employee_constraints where id=?
2025-10-13T21:43:06.797+09:00 DEBUG 2284 --- [Shift Scheduler Demo] [           main] org.hibernate.SQL                        : delete from employee_constraints where id=?
Hibernate: delete from employee_constraints where id=?
2025-10-13T21:43:06.798+09:00 DEBUG 2284 --- [Shift Scheduler Demo] [           main] org.hibernate.SQL                        : delete from employee_constraints where id=?
Hibernate: delete from employee_constraints where id=?
2025-10-13T21:43:06.798+09:00 DEBUG 2284 --- [Shift Scheduler Demo] [           main] org.hibernate.SQL                        : delete from employee_constraints where id=?
Hibernate: delete from employee_constraints where id=?
2025-10-13T21:43:06.799+09:00 DEBUG 2284 --- [Shift Scheduler Demo] [           main] org.hibernate.SQL                        : delete from employee_constraints where id=?
Hibernate: delete from employee_constraints where id=?
2025-10-13T21:43:06.799+09:00 DEBUG 2284 --- [Shift Scheduler Demo] [           main] org.hibernate.SQL                        : delete from employee_constraints where id=?
Hibernate: delete from employee_constraints where id=?
2025-10-13T21:43:06.799+09:00 DEBUG 2284 --- [Shift Scheduler Demo] [           main] org.hibernate.SQL                        : delete from employee_constraints where id=?
Hibernate: delete from employee_constraints where id=?
2025-10-13T21:43:06.799+09:00 DEBUG 2284 --- [Shift Scheduler Demo] [           main] org.hibernate.SQL                        : delete from employee_constraints where id=?
Hibernate: delete from employee_constraints where id=?
2025-10-13T21:43:06.799+09:00 DEBUG 2284 --- [Shift Scheduler Demo] [           main] org.hibernate.SQL                        : delete from employee_constraints where id=?
Hibernate: delete from employee_constraints where id=?
2025-10-13T21:43:06.799+09:00 DEBUG 2284 --- [Shift Scheduler Demo] [           main] org.hibernate.SQL                        : delete from employee_constraints where id=?
Hibernate: delete from employee_constraints where id=?
2025-10-13T21:43:06.801+09:00 DEBUG 2284 --- [Shift Scheduler Demo] [           main] org.hibernate.SQL                        : select sa1_0.id,sa1_0.employee_id,sa1_0.end_time,sa1_0.shift_name,sa1_0.start_time,sa1_0.work_date from shift_assignments sa1_0 where sa1_0.work_date<? order by sa1_0.work_date desc limit ?
Hibernate: select sa1_0.id,sa1_0.employee_id,sa1_0.end_time,sa1_0.shift_name,sa1_0.start_time,sa1_0.work_date from shift_assignments sa1_0 where sa1_0.work_date<? order by sa1_0.work_date desc limit ?
2025-10-13T21:43:06.805+09:00 DEBUG 2284 --- [Shift Scheduler Demo] [           main] org.hibernate.SQL                        : select sa1_0.id,sa1_0.employee_id,sa1_0.end_time,sa1_0.shift_name,sa1_0.start_time,sa1_0.work_date from shift_assignments sa1_0 where sa1_0.work_date between ? and ?
Hibernate: select sa1_0.id,sa1_0.employee_id,sa1_0.end_time,sa1_0.shift_name,sa1_0.start_time,sa1_0.work_date from shift_assignments sa1_0 where sa1_0.work_date between ? and ?
2025-10-13T21:43:06.806+09:00  INFO 2284 --- [Shift Scheduler Demo] [           main] c.e.shiftv1.schedule.ScheduleService     : 登録従業員数: 30名
2025-10-13T21:43:06.808+09:00 DEBUG 2284 --- [Shift Scheduler Demo] [           main] org.hibernate.SQL                        : select sa1_0.id,sa1_0.employee_id,sa1_0.end_time,sa1_0.shift_name,sa1_0.start_time,sa1_0.work_date from shift_assignments sa1_0 where sa1_0.work_date=?
Hibernate: select sa1_0.id,sa1_0.employee_id,sa1_0.end_time,sa1_0.shift_name,sa1_0.start_time,sa1_0.work_date from shift_assignments sa1_0 where sa1_0.work_date=?
2025-10-13T21:43:06.810+09:00 DEBUG 2284 --- [Shift Scheduler Demo] [           main] org.hibernate.SQL                        : select sa1_0.id,sa1_0.employee_id,sa1_0.end_time,sa1_0.shift_name,sa1_0.start_time,sa1_0.work_date from shift_assignments sa1_0 where sa1_0.work_date=?
Hibernate: select sa1_0.id,sa1_0.employee_id,sa1_0.end_time,sa1_0.shift_name,sa1_0.start_time,sa1_0.work_date from shift_assignments sa1_0 where sa1_0.work_date=?
2025-10-13T21:43:06.812+09:00 DEBUG 2284 --- [Shift Scheduler Demo] [           main] org.hibernate.SQL                        : select sa1_0.id,sa1_0.employee_id,sa1_0.end_time,sa1_0.shift_name,sa1_0.start_time,sa1_0.work_date from shift_assignments sa1_0 where sa1_0.work_date=?
Hibernate: select sa1_0.id,sa1_0.employee_id,sa1_0.end_time,sa1_0.shift_name,sa1_0.start_time,sa1_0.work_date from shift_assignments sa1_0 where sa1_0.work_date=?
2025-10-13T21:43:06.814+09:00 DEBUG 2284 --- [Shift Scheduler Demo] [           main] org.hibernate.SQL                        : select sa1_0.id,sa1_0.employee_id,sa1_0.end_time,sa1_0.shift_name,sa1_0.start_time,sa1_0.work_date from shift_assignments sa1_0 where sa1_0.work_date=?
Hibernate: select sa1_0.id,sa1_0.employee_id,sa1_0.end_time,sa1_0.shift_name,sa1_0.start_time,sa1_0.work_date from shift_assignments sa1_0 where sa1_0.work_date=?
2025-10-13T21:43:06.815+09:00 DEBUG 2284 --- [Shift Scheduler Demo] [           main] org.hibernate.SQL                        : select sa1_0.id,sa1_0.employee_id,sa1_0.end_time,sa1_0.shift_name,sa1_0.start_time,sa1_0.work_date from shift_assignments sa1_0 where sa1_0.work_date=?
Hibernate: select sa1_0.id,sa1_0.employee_id,sa1_0.end_time,sa1_0.shift_name,sa1_0.start_time,sa1_0.work_date from shift_assignments sa1_0 where sa1_0.work_date=?
2025-10-13T21:43:06.817+09:00 DEBUG 2284 --- [Shift Scheduler Demo] [           main] org.hibernate.SQL                        : select sa1_0.id,sa1_0.employee_id,sa1_0.end_time,sa1_0.shift_name,sa1_0.start_time,sa1_0.work_date from shift_assignments sa1_0 where sa1_0.work_date=?
Hibernate: select sa1_0.id,sa1_0.employee_id,sa1_0.end_time,sa1_0.shift_name,sa1_0.start_time,sa1_0.work_date from shift_assignments sa1_0 where sa1_0.work_date=?
2025-10-13T21:43:06.818+09:00 DEBUG 2284 --- [Shift Scheduler Demo] [           main] org.hibernate.SQL                        : select sa1_0.id,sa1_0.employee_id,sa1_0.end_time,sa1_0.shift_name,sa1_0.start_time,sa1_0.work_date from shift_assignments sa1_0 where sa1_0.work_date=?
Hibernate: select sa1_0.id,sa1_0.employee_id,sa1_0.end_time,sa1_0.shift_name,sa1_0.start_time,sa1_0.work_date from shift_assignments sa1_0 where sa1_0.work_date=?
2025-10-13T21:43:06.820+09:00 DEBUG 2284 --- [Shift Scheduler Demo] [           main] org.hibernate.SQL                        : select sa1_0.id,sa1_0.employee_id,sa1_0.end_time,sa1_0.shift_name,sa1_0.start_time,sa1_0.work_date from shift_assignments sa1_0 where sa1_0.work_date=?
Hibernate: select sa1_0.id,sa1_0.employee_id,sa1_0.end_time,sa1_0.shift_name,sa1_0.start_time,sa1_0.work_date from shift_assignments sa1_0 where sa1_0.work_date=?
2025-10-13T21:43:06.821+09:00 DEBUG 2284 --- [Shift Scheduler Demo] [           main] org.hibernate.SQL                        : select sa1_0.id,sa1_0.employee_id,sa1_0.end_time,sa1_0.shift_name,sa1_0.start_time,sa1_0.work_date from shift_assignments sa1_0 where sa1_0.work_date=?
Hibernate: select sa1_0.id,sa1_0.employee_id,sa1_0.end_time,sa1_0.shift_name,sa1_0.start_time,sa1_0.work_date from shift_assignments sa1_0 where sa1_0.work_date=?
2025-10-13T21:43:06.823+09:00 DEBUG 2284 --- [Shift Scheduler Demo] [           main] org.hibernate.SQL                        : select sa1_0.id,sa1_0.employee_id,sa1_0.end_time,sa1_0.shift_name,sa1_0.start_time,sa1_0.work_date from shift_assignments sa1_0 where sa1_0.work_date=?
Hibernate: select sa1_0.id,sa1_0.employee_id,sa1_0.end_time,sa1_0.shift_name,sa1_0.start_time,sa1_0.work_date from shift_assignments sa1_0 where sa1_0.work_date=?
2025-10-13T21:43:06.824+09:00 DEBUG 2284 --- [Shift Scheduler Demo] [           main] org.hibernate.SQL                        : select sa1_0.id,sa1_0.employee_id,sa1_0.end_time,sa1_0.shift_name,sa1_0.start_time,sa1_0.work_date from shift_assignments sa1_0 where sa1_0.work_date=?
Hibernate: select sa1_0.id,sa1_0.employee_id,sa1_0.end_time,sa1_0.shift_name,sa1_0.start_time,sa1_0.work_date from shift_assignments sa1_0 where sa1_0.work_date=?
2025-10-13T21:43:06.825+09:00 DEBUG 2284 --- [Shift Scheduler Demo] [           main] org.hibernate.SQL                        : select sa1_0.id,sa1_0.employee_id,sa1_0.end_time,sa1_0.shift_name,sa1_0.start_time,sa1_0.work_date from shift_assignments sa1_0 where sa1_0.work_date=?
Hibernate: select sa1_0.id,sa1_0.employee_id,sa1_0.end_time,sa1_0.shift_name,sa1_0.start_time,sa1_0.work_date from shift_assignments sa1_0 where sa1_0.work_date=?
2025-10-13T21:43:06.826+09:00 DEBUG 2284 --- [Shift Scheduler Demo] [           main] org.hibernate.SQL                        : select sa1_0.id,sa1_0.employee_id,sa1_0.end_time,sa1_0.shift_name,sa1_0.start_time,sa1_0.work_date from shift_assignments sa1_0 where sa1_0.work_date=?
Hibernate: select sa1_0.id,sa1_0.employee_id,sa1_0.end_time,sa1_0.shift_name,sa1_0.start_time,sa1_0.work_date from shift_assignments sa1_0 where sa1_0.work_date=?
2025-10-13T21:43:06.827+09:00 DEBUG 2284 --- [Shift Scheduler Demo] [           main] org.hibernate.SQL                        : select sa1_0.id,sa1_0.employee_id,sa1_0.end_time,sa1_0.shift_name,sa1_0.start_time,sa1_0.work_date from shift_assignments sa1_0 where sa1_0.work_date=?
Hibernate: select sa1_0.id,sa1_0.employee_id,sa1_0.end_time,sa1_0.shift_name,sa1_0.start_time,sa1_0.work_date from shift_assignments sa1_0 where sa1_0.work_date=?
2025-10-13T21:43:06.829+09:00 DEBUG 2284 --- [Shift Scheduler Demo] [           main] org.hibernate.SQL                        : select sa1_0.id,sa1_0.employee_id,sa1_0.end_time,sa1_0.shift_name,sa1_0.start_time,sa1_0.work_date from shift_assignments sa1_0 where sa1_0.work_date=?
Hibernate: select sa1_0.id,sa1_0.employee_id,sa1_0.end_time,sa1_0.shift_name,sa1_0.start_time,sa1_0.work_date from shift_assignments sa1_0 where sa1_0.work_date=?
2025-10-13T21:43:06.831+09:00 DEBUG 2284 --- [Shift Scheduler Demo] [           main] org.hibernate.SQL                        : select sa1_0.id,sa1_0.employee_id,sa1_0.end_time,sa1_0.shift_name,sa1_0.start_time,sa1_0.work_date from shift_assignments sa1_0 where sa1_0.work_date=?
Hibernate: select sa1_0.id,sa1_0.employee_id,sa1_0.end_time,sa1_0.shift_name,sa1_0.start_time,sa1_0.work_date from shift_assignments sa1_0 where sa1_0.work_date=?
2025-10-13T21:43:06.832+09:00 DEBUG 2284 --- [Shift Scheduler Demo] [           main] org.hibernate.SQL                        : select sa1_0.id,sa1_0.employee_id,sa1_0.end_time,sa1_0.shift_name,sa1_0.start_time,sa1_0.work_date from shift_assignments sa1_0 where sa1_0.work_date=?
Hibernate: select sa1_0.id,sa1_0.employee_id,sa1_0.end_time,sa1_0.shift_name,sa1_0.start_time,sa1_0.work_date from shift_assignments sa1_0 where sa1_0.work_date=?
2025-10-13T21:43:06.834+09:00 DEBUG 2284 --- [Shift Scheduler Demo] [           main] org.hibernate.SQL                        : select sa1_0.id,sa1_0.employee_id,sa1_0.end_time,sa1_0.shift_name,sa1_0.start_time,sa1_0.work_date from shift_assignments sa1_0 where sa1_0.work_date=?
Hibernate: select sa1_0.id,sa1_0.employee_id,sa1_0.end_time,sa1_0.shift_name,sa1_0.start_time,sa1_0.work_date from shift_assignments sa1_0 where sa1_0.work_date=?
2025-10-13T21:43:06.835+09:00 DEBUG 2284 --- [Shift Scheduler Demo] [           main] org.hibernate.SQL                        : select sa1_0.id,sa1_0.employee_id,sa1_0.end_time,sa1_0.shift_name,sa1_0.start_time,sa1_0.work_date from shift_assignments sa1_0 where sa1_0.work_date=?
Hibernate: select sa1_0.id,sa1_0.employee_id,sa1_0.end_time,sa1_0.shift_name,sa1_0.start_time,sa1_0.work_date from shift_assignments sa1_0 where sa1_0.work_date=?
2025-10-13T21:43:06.836+09:00 DEBUG 2284 --- [Shift Scheduler Demo] [           main] org.hibernate.SQL                        : select sa1_0.id,sa1_0.employee_id,sa1_0.end_time,sa1_0.shift_name,sa1_0.start_time,sa1_0.work_date from shift_assignments sa1_0 where sa1_0.work_date=?
Hibernate: select sa1_0.id,sa1_0.employee_id,sa1_0.end_time,sa1_0.shift_name,sa1_0.start_time,sa1_0.work_date from shift_assignments sa1_0 where sa1_0.work_date=?
2025-10-13T21:43:06.837+09:00 DEBUG 2284 --- [Shift Scheduler Demo] [           main] org.hibernate.SQL                        : select sa1_0.id,sa1_0.employee_id,sa1_0.end_time,sa1_0.shift_name,sa1_0.start_time,sa1_0.work_date from shift_assignments sa1_0 where sa1_0.work_date=?
Hibernate: select sa1_0.id,sa1_0.employee_id,sa1_0.end_time,sa1_0.shift_name,sa1_0.start_time,sa1_0.work_date from shift_assignments sa1_0 where sa1_0.work_date=?
2025-10-13T21:43:06.838+09:00 DEBUG 2284 --- [Shift Scheduler Demo] [           main] org.hibernate.SQL                        : select sa1_0.id,sa1_0.employee_id,sa1_0.end_time,sa1_0.shift_name,sa1_0.start_time,sa1_0.work_date from shift_assignments sa1_0 where sa1_0.work_date=?
Hibernate: select sa1_0.id,sa1_0.employee_id,sa1_0.end_time,sa1_0.shift_name,sa1_0.start_time,sa1_0.work_date from shift_assignments sa1_0 where sa1_0.work_date=?
2025-10-13T21:43:06.839+09:00 DEBUG 2284 --- [Shift Scheduler Demo] [           main] org.hibernate.SQL                        : select sa1_0.id,sa1_0.employee_id,sa1_0.end_time,sa1_0.shift_name,sa1_0.start_time,sa1_0.work_date from shift_assignments sa1_0 where sa1_0.work_date=?
Hibernate: select sa1_0.id,sa1_0.employee_id,sa1_0.end_time,sa1_0.shift_name,sa1_0.start_time,sa1_0.work_date from shift_assignments sa1_0 where sa1_0.work_date=?
2025-10-13T21:43:06.840+09:00 DEBUG 2284 --- [Shift Scheduler Demo] [           main] org.hibernate.SQL                        : select sa1_0.id,sa1_0.employee_id,sa1_0.end_time,sa1_0.shift_name,sa1_0.start_time,sa1_0.work_date from shift_assignments sa1_0 where sa1_0.work_date=?
Hibernate: select sa1_0.id,sa1_0.employee_id,sa1_0.end_time,sa1_0.shift_name,sa1_0.start_time,sa1_0.work_date from shift_assignments sa1_0 where sa1_0.work_date=?
2025-10-13T21:43:06.854+09:00 DEBUG 2284 --- [Shift Scheduler Demo] [           main] org.hibernate.SQL                        : select sa1_0.id,sa1_0.employee_id,sa1_0.end_time,sa1_0.shift_name,sa1_0.start_time,sa1_0.work_date from shift_assignments sa1_0 where sa1_0.work_date=?
Hibernate: select sa1_0.id,sa1_0.employee_id,sa1_0.end_time,sa1_0.shift_name,sa1_0.start_time,sa1_0.work_date from shift_assignments sa1_0 where sa1_0.work_date=?
2025-10-13T21:43:06.856+09:00 DEBUG 2284 --- [Shift Scheduler Demo] [           main] org.hibernate.SQL                        : select sa1_0.id,sa1_0.employee_id,sa1_0.end_time,sa1_0.shift_name,sa1_0.start_time,sa1_0.work_date from shift_assignments sa1_0 where sa1_0.work_date=?
Hibernate: select sa1_0.id,sa1_0.employee_id,sa1_0.end_time,sa1_0.shift_name,sa1_0.start_time,sa1_0.work_date from shift_assignments sa1_0 where sa1_0.work_date=?
2025-10-13T21:43:06.858+09:00 DEBUG 2284 --- [Shift Scheduler Demo] [           main] org.hibernate.SQL                        : select sa1_0.id,sa1_0.employee_id,sa1_0.end_time,sa1_0.shift_name,sa1_0.start_time,sa1_0.work_date from shift_assignments sa1_0 where sa1_0.work_date=?
Hibernate: select sa1_0.id,sa1_0.employee_id,sa1_0.end_time,sa1_0.shift_name,sa1_0.start_time,sa1_0.work_date from shift_assignments sa1_0 where sa1_0.work_date=?
2025-10-13T21:43:06.860+09:00 DEBUG 2284 --- [Shift Scheduler Demo] [           main] org.hibernate.SQL                        : select sa1_0.id,sa1_0.employee_id,sa1_0.end_time,sa1_0.shift_name,sa1_0.start_time,sa1_0.work_date from shift_assignments sa1_0 where sa1_0.work_date=?
Hibernate: select sa1_0.id,sa1_0.employee_id,sa1_0.end_time,sa1_0.shift_name,sa1_0.start_time,sa1_0.work_date from shift_assignments sa1_0 where sa1_0.work_date=?
2025-10-13T21:43:06.862+09:00 DEBUG 2284 --- [Shift Scheduler Demo] [           main] org.hibernate.SQL                        : select sa1_0.id,sa1_0.employee_id,sa1_0.end_time,sa1_0.shift_name,sa1_0.start_time,sa1_0.work_date from shift_assignments sa1_0 where sa1_0.work_date=?
Hibernate: select sa1_0.id,sa1_0.employee_id,sa1_0.end_time,sa1_0.shift_name,sa1_0.start_time,sa1_0.work_date from shift_assignments sa1_0 where sa1_0.work_date=?
2025-10-13T21:43:06.864+09:00 DEBUG 2284 --- [Shift Scheduler Demo] [           main] org.hibernate.SQL                        : select sa1_0.id,sa1_0.employee_id,sa1_0.end_time,sa1_0.shift_name,sa1_0.start_time,sa1_0.work_date from shift_assignments sa1_0 where sa1_0.work_date=?
Hibernate: select sa1_0.id,sa1_0.employee_id,sa1_0.end_time,sa1_0.shift_name,sa1_0.start_time,sa1_0.work_date from shift_assignments sa1_0 where sa1_0.work_date=?
2025-10-13T21:43:06.864+09:00 DEBUG 2284 --- [Shift Scheduler Demo] [           main] org.hibernate.SQL                        : select sa1_0.id,sa1_0.employee_id,sa1_0.end_time,sa1_0.shift_name,sa1_0.start_time,sa1_0.work_date from shift_assignments sa1_0 where sa1_0.work_date=?
Hibernate: select sa1_0.id,sa1_0.employee_id,sa1_0.end_time,sa1_0.shift_name,sa1_0.start_time,sa1_0.work_date from shift_assignments sa1_0 where sa1_0.work_date=?
2025-10-13T21:43:06.864+09:00  INFO 2284 --- [Shift Scheduler Demo] [           main] c.e.shiftv1.schedule.ScheduleService     : 既存のシフト割り当てを削除しました: 2024-07-01 から 2024-07-31
2025-10-13T21:43:06.869+09:00 DEBUG 2284 --- [Shift Scheduler Demo] [           main] org.hibernate.SQL                        : select sc1_0.id,sc1_0.is_active,sc1_0.created_at,sc1_0.day_of_week,sc1_0.end_time,sc1_0.is_holiday,sc1_0.name,sc1_0.required_employees,sc1_0.start_time,sc1_0.updated_at from shift_config sc1_0 where sc1_0.is_active=1
Hibernate: select sc1_0.id,sc1_0.is_active,sc1_0.created_at,sc1_0.day_of_week,sc1_0.end_time,sc1_0.is_holiday,sc1_0.name,sc1_0.required_employees,sc1_0.start_time,sc1_0.updated_at from shift_config sc1_0 where sc1_0.is_active=1
2025-10-13T21:43:06.884+09:00 DEBUG 2284 --- [Shift Scheduler Demo] [           main] org.hibernate.SQL                        : select d1_0.shift_config_id,d1_0.day_of_week from shift_config_days d1_0 where d1_0.shift_config_id=?
Hibernate: select d1_0.shift_config_id,d1_0.day_of_week from shift_config_days d1_0 where d1_0.shift_config_id=?
2025-10-13T21:43:06.886+09:00 DEBUG 2284 --- [Shift Scheduler Demo] [           main] org.hibernate.SQL                        : select d1_0.shift_config_id,d1_0.day_of_week from shift_config_days d1_0 where d1_0.shift_config_id=?
Hibernate: select d1_0.shift_config_id,d1_0.day_of_week from shift_config_days d1_0 where d1_0.shift_config_id=?
2025-10-13T21:43:06.886+09:00 DEBUG 2284 --- [Shift Scheduler Demo] [           main] org.hibernate.SQL                        : select d1_0.shift_config_id,d1_0.day_of_week from shift_config_days d1_0 where d1_0.shift_config_id=?
Hibernate: select d1_0.shift_config_id,d1_0.day_of_week from shift_config_days d1_0 where d1_0.shift_config_id=?
2025-10-13T21:43:06.886+09:00 DEBUG 2284 --- [Shift Scheduler Demo] [           main] org.hibernate.SQL                        : select d1_0.shift_config_id,d1_0.day_of_week from shift_config_days d1_0 where d1_0.shift_config_id=?
Hibernate: select d1_0.shift_config_id,d1_0.day_of_week from shift_config_days d1_0 where d1_0.shift_config_id=?
2025-10-13T21:43:06.886+09:00 DEBUG 2284 --- [Shift Scheduler Demo] [           main] org.hibernate.SQL                        : select d1_0.shift_config_id,d1_0.day_of_week from shift_config_days d1_0 where d1_0.shift_config_id=?
Hibernate: select d1_0.shift_config_id,d1_0.day_of_week from shift_config_days d1_0 where d1_0.shift_config_id=?
2025-10-13T21:43:06.887+09:00 DEBUG 2284 --- [Shift Scheduler Demo] [           main] org.hibernate.SQL                        : select d1_0.shift_config_id,d1_0.day_of_week from shift_config_days d1_0 where d1_0.shift_config_id=?
Hibernate: select d1_0.shift_config_id,d1_0.day_of_week from shift_config_days d1_0 where d1_0.shift_config_id=?
2025-10-13T21:43:06.892+09:00 DEBUG 2284 --- [Shift Scheduler Demo] [           main] org.hibernate.SQL                        : select ec1_0.id,ec1_0.is_active,ec1_0.created_at,ec1_0.date,ec1_0.employee_id,ec1_0.end_time,ec1_0.reason,ec1_0.start_time,ec1_0.type,ec1_0.updated_at from employee_constraints ec1_0 where ec1_0.date between ? and ? and ec1_0.is_active=1
Hibernate: select ec1_0.id,ec1_0.is_active,ec1_0.created_at,ec1_0.date,ec1_0.employee_id,ec1_0.end_time,ec1_0.reason,ec1_0.start_time,ec1_0.type,ec1_0.updated_at from employee_constraints ec1_0 where ec1_0.date between ? and ? and ec1_0.is_active=1
2025-10-13T21:43:06.898+09:00 DEBUG 2284 --- [Shift Scheduler Demo] [           main] org.hibernate.SQL                        : select h1_0.date from holidays h1_0 where h1_0.date between ? and ?
Hibernate: select h1_0.date from holidays h1_0 where h1_0.date between ? and ?
2025-10-13T21:43:06.920+09:00 DEBUG 2284 --- [Shift Scheduler Demo] [           main] org.hibernate.SQL                        : insert into shift_assignments (employee_id,end_time,shift_name,start_time,work_date) values (?,?,?,?,?)
Hibernate: insert into shift_assignments (employee_id,end_time,shift_name,start_time,work_date) values (?,?,?,?,?)
2025-10-13T21:43:06.921+09:00 DEBUG 2284 --- [Shift Scheduler Demo] [           main] org.hibernate.SQL                        : select last_insert_rowid()
Hibernate: select last_insert_rowid()
2025-10-13T21:43:06.921+09:00 DEBUG 2284 --- [Shift Scheduler Demo] [           main] org.hibernate.SQL                        : insert into shift_assignments (employee_id,end_time,shift_name,start_time,work_date) values (?,?,?,?,?)
Hibernate: insert into shift_assignments (employee_id,end_time,shift_name,start_time,work_date) values (?,?,?,?,?)
2025-10-13T21:43:06.921+09:00 DEBUG 2284 --- [Shift Scheduler Demo] [           main] org.hibernate.SQL                        : select last_insert_rowid()
Hibernate: select last_insert_rowid()
2025-10-13T21:43:06.922+09:00 DEBUG 2284 --- [Shift Scheduler Demo] [           main] org.hibernate.SQL                        : insert into shift_assignments (employee_id,end_time,shift_name,start_time,work_date) values (?,?,?,?,?)
Hibernate: insert into shift_assignments (employee_id,end_time,shift_name,start_time,work_date) values (?,?,?,?,?)
2025-10-13T21:43:06.922+09:00 DEBUG 2284 --- [Shift Scheduler Demo] [           main] org.hibernate.SQL                        : select last_insert_rowid()
Hibernate: select last_insert_rowid()
2025-10-13T21:43:06.922+09:00 DEBUG 2284 --- [Shift Scheduler Demo] [           main] org.hibernate.SQL                        : insert into shift_assignments (employee_id,end_time,shift_name,start_time,work_date) values (?,?,?,?,?)
Hibernate: insert into shift_assignments (employee_id,end_time,shift_name,start_time,work_date) values (?,?,?,?,?)
2025-10-13T21:43:06.922+09:00 DEBUG 2284 --- [Shift Scheduler Demo] [           main] org.hibernate.SQL                        : select last_insert_rowid()
Hibernate: select last_insert_rowid()
2025-10-13T21:43:06.922+09:00 DEBUG 2284 --- [Shift Scheduler Demo] [           main] org.hibernate.SQL                        : insert into shift_assignments (employee_id,end_time,shift_name,start_time,work_date) values (?,?,?,?,?)
Hibernate: insert into shift_assignments (employee_id,end_time,shift_name,start_time,work_date) values (?,?,?,?,?)
2025-10-13T21:43:06.922+09:00 DEBUG 2284 --- [Shift Scheduler Demo] [           main] org.hibernate.SQL                        : select last_insert_rowid()
Hibernate: select last_insert_rowid()
2025-10-13T21:43:06.923+09:00 DEBUG 2284 --- [Shift Scheduler Demo] [           main] org.hibernate.SQL                        : insert into shift_assignments (employee_id,end_time,shift_name,start_time,work_date) values (?,?,?,?,?)
Hibernate: insert into shift_assignments (employee_id,end_time,shift_name,start_time,work_date) values (?,?,?,?,?)
2025-10-13T21:43:06.923+09:00 DEBUG 2284 --- [Shift Scheduler Demo] [           main] org.hibernate.SQL                        : select last_insert_rowid()
Hibernate: select last_insert_rowid()
2025-10-13T21:43:06.923+09:00 DEBUG 2284 --- [Shift Scheduler Demo] [           main] org.hibernate.SQL                        : insert into shift_assignments (employee_id,end_time,shift_name,start_time,work_date) values (?,?,?,?,?)
Hibernate: insert into shift_assignments (employee_id,end_time,shift_name,start_time,work_date) values (?,?,?,?,?)
2025-10-13T21:43:06.923+09:00 DEBUG 2284 --- [Shift Scheduler Demo] [           main] org.hibernate.SQL                        : select last_insert_rowid()
Hibernate: select last_insert_rowid()
2025-10-13T21:43:06.923+09:00 DEBUG 2284 --- [Shift Scheduler Demo] [           main] org.hibernate.SQL                        : insert into shift_assignments (employee_id,end_time,shift_name,start_time,work_date) values (?,?,?,?,?)
Hibernate: insert into shift_assignments (employee_id,end_time,shift_name,start_time,work_date) values (?,?,?,?,?)
2025-10-13T21:43:06.923+09:00 DEBUG 2284 --- [Shift Scheduler Demo] [           main] org.hibernate.SQL                        : select last_insert_rowid()
Hibernate: select last_insert_rowid()
2025-10-13T21:43:06.923+09:00 DEBUG 2284 --- [Shift Scheduler Demo] [           main] org.hibernate.SQL                        : insert into shift_assignments (employee_id,end_time,shift_name,start_time,work_date) values (?,?,?,?,?)
Hibernate: insert into shift_assignments (employee_id,end_time,shift_name,start_time,work_date) values (?,?,?,?,?)
2025-10-13T21:43:06.924+09:00 DEBUG 2284 --- [Shift Scheduler Demo] [           main] org.hibernate.SQL                        : select last_insert_rowid()
Hibernate: select last_insert_rowid()
2025-10-13T21:43:06.924+09:00 DEBUG 2284 --- [Shift Scheduler Demo] [           main] org.hibernate.SQL                        : insert into shift_assignments (employee_id,end_time,shift_name,start_time,work_date) values (?,?,?,?,?)
Hibernate: insert into shift_assignments (employee_id,end_time,shift_name,start_time,work_date) values (?,?,?,?,?)
2025-10-13T21:43:06.924+09:00 DEBUG 2284 --- [Shift Scheduler Demo] [           main] org.hibernate.SQL                        : select last_insert_rowid()
Hibernate: select last_insert_rowid()
2025-10-13T21:43:06.924+09:00 DEBUG 2284 --- [Shift Scheduler Demo] [           main] org.hibernate.SQL                        : insert into shift_assignments (employee_id,end_time,shift_name,start_time,work_date) values (?,?,?,?,?)
Hibernate: insert into shift_assignments (employee_id,end_time,shift_name,start_time,work_date) values (?,?,?,?,?)
2025-10-13T21:43:06.924+09:00 DEBUG 2284 --- [Shift Scheduler Demo] [           main] org.hibernate.SQL                        : select last_insert_rowid()
Hibernate: select last_insert_rowid()
2025-10-13T21:43:06.924+09:00 DEBUG 2284 --- [Shift Scheduler Demo] [           main] org.hibernate.SQL                        : insert into shift_assignments (employee_id,end_time,shift_name,start_time,work_date) values (?,?,?,?,?)
Hibernate: insert into shift_assignments (employee_id,end_time,shift_name,start_time,work_date) values (?,?,?,?,?)
2025-10-13T21:43:06.924+09:00 DEBUG 2284 --- [Shift Scheduler Demo] [           main] org.hibernate.SQL                        : select last_insert_rowid()
Hibernate: select last_insert_rowid()
2025-10-13T21:43:06.924+09:00 DEBUG 2284 --- [Shift Scheduler Demo] [           main] org.hibernate.SQL                        : insert into shift_assignments (employee_id,end_time,shift_name,start_time,work_date) values (?,?,?,?,?)
Hibernate: insert into shift_assignments (employee_id,end_time,shift_name,start_time,work_date) values (?,?,?,?,?)
2025-10-13T21:43:06.925+09:00 DEBUG 2284 --- [Shift Scheduler Demo] [           main] org.hibernate.SQL                        : select last_insert_rowid()
Hibernate: select last_insert_rowid()
2025-10-13T21:43:06.925+09:00 DEBUG 2284 --- [Shift Scheduler Demo] [           main] org.hibernate.SQL                        : insert into shift_assignments (employee_id,end_time,shift_name,start_time,work_date) values (?,?,?,?,?)
Hibernate: insert into shift_assignments (employee_id,end_time,shift_name,start_time,work_date) values (?,?,?,?,?)
2025-10-13T21:43:06.925+09:00 DEBUG 2284 --- [Shift Scheduler Demo] [           main] org.hibernate.SQL                        : select last_insert_rowid()
Hibernate: select last_insert_rowid()
2025-10-13T21:43:06.925+09:00 DEBUG 2284 --- [Shift Scheduler Demo] [           main] org.hibernate.SQL                        : insert into shift_assignments (employee_id,end_time,shift_name,start_time,work_date) values (?,?,?,?,?)
Hibernate: insert into shift_assignments (employee_id,end_time,shift_name,start_time,work_date) values (?,?,?,?,?)
2025-10-13T21:43:06.925+09:00 DEBUG 2284 --- [Shift Scheduler Demo] [           main] org.hibernate.SQL                        : select last_insert_rowid()
Hibernate: select last_insert_rowid()
2025-10-13T21:43:06.925+09:00 DEBUG 2284 --- [Shift Scheduler Demo] [           main] org.hibernate.SQL                        : insert into shift_assignments (employee_id,end_time,shift_name,start_time,work_date) values (?,?,?,?,?)
Hibernate: insert into shift_assignments (employee_id,end_time,shift_name,start_time,work_date) values (?,?,?,?,?)
2025-10-13T21:43:06.926+09:00 DEBUG 2284 --- [Shift Scheduler Demo] [           main] org.hibernate.SQL                        : select last_insert_rowid()
Hibernate: select last_insert_rowid()
2025-10-13T21:43:06.926+09:00 DEBUG 2284 --- [Shift Scheduler Demo] [           main] org.hibernate.SQL                        : insert into shift_assignments (employee_id,end_time,shift_name,start_time,work_date) values (?,?,?,?,?)
Hibernate: insert into shift_assignments (employee_id,end_time,shift_name,start_time,work_date) values (?,?,?,?,?)
2025-10-13T21:43:06.926+09:00 DEBUG 2284 --- [Shift Scheduler Demo] [           main] org.hibernate.SQL                        : select last_insert_rowid()
Hibernate: select last_insert_rowid()
2025-10-13T21:43:06.926+09:00 DEBUG 2284 --- [Shift Scheduler Demo] [           main] org.hibernate.SQL                        : insert into shift_assignments (employee_id,end_time,shift_name,start_time,work_date) values (?,?,?,?,?)
Hibernate: insert into shift_assignments (employee_id,end_time,shift_name,start_time,work_date) values (?,?,?,?,?)
2025-10-13T21:43:06.926+09:00 DEBUG 2284 --- [Shift Scheduler Demo] [           main] org.hibernate.SQL                        : select last_insert_rowid()
Hibernate: select last_insert_rowid()
2025-10-13T21:43:06.926+09:00 DEBUG 2284 --- [Shift Scheduler Demo] [           main] org.hibernate.SQL                        : insert into shift_assignments (employee_id,end_time,shift_name,start_time,work_date) values (?,?,?,?,?)
Hibernate: insert into shift_assignments (employee_id,end_time,shift_name,start_time,work_date) values (?,?,?,?,?)
2025-10-13T21:43:06.926+09:00 DEBUG 2284 --- [Shift Scheduler Demo] [           main] org.hibernate.SQL                        : select last_insert_rowid()
Hibernate: select last_insert_rowid()
2025-10-13T21:43:06.927+09:00 DEBUG 2284 --- [Shift Scheduler Demo] [           main] org.hibernate.SQL                        : insert into shift_assignments (employee_id,end_time,shift_name,start_time,work_date) values (?,?,?,?,?)
Hibernate: insert into shift_assignments (employee_id,end_time,shift_name,start_time,work_date) values (?,?,?,?,?)
2025-10-13T21:43:06.927+09:00 DEBUG 2284 --- [Shift Scheduler Demo] [           main] org.hibernate.SQL                        : select last_insert_rowid()
Hibernate: select last_insert_rowid()
2025-10-13T21:43:06.927+09:00 DEBUG 2284 --- [Shift Scheduler Demo] [           main] org.hibernate.SQL                        : insert into shift_assignments (employee_id,end_time,shift_name,start_time,work_date) values (?,?,?,?,?)
Hibernate: insert into shift_assignments (employee_id,end_time,shift_name,start_time,work_date) values (?,?,?,?,?)
2025-10-13T21:43:06.927+09:00 DEBUG 2284 --- [Shift Scheduler Demo] [           main] org.hibernate.SQL                        : select last_insert_rowid()
Hibernate: select last_insert_rowid()
2025-10-13T21:43:06.927+09:00 DEBUG 2284 --- [Shift Scheduler Demo] [           main] org.hibernate.SQL                        : insert into shift_assignments (employee_id,end_time,shift_name,start_time,work_date) values (?,?,?,?,?)
Hibernate: insert into shift_assignments (employee_id,end_time,shift_name,start_time,work_date) values (?,?,?,?,?)
2025-10-13T21:43:06.927+09:00 DEBUG 2284 --- [Shift Scheduler Demo] [           main] org.hibernate.SQL                        : select last_insert_rowid()
Hibernate: select last_insert_rowid()
2025-10-13T21:43:06.928+09:00 DEBUG 2284 --- [Shift Scheduler Demo] [           main] org.hibernate.SQL                        : insert into shift_assignments (employee_id,end_time,shift_name,start_time,work_date) values (?,?,?,?,?)
Hibernate: insert into shift_assignments (employee_id,end_time,shift_name,start_time,work_date) values (?,?,?,?,?)
2025-10-13T21:43:06.928+09:00 DEBUG 2284 --- [Shift Scheduler Demo] [           main] org.hibernate.SQL                        : select last_insert_rowid()
Hibernate: select last_insert_rowid()
2025-10-13T21:43:06.928+09:00 DEBUG 2284 --- [Shift Scheduler Demo] [           main] org.hibernate.SQL                        : insert into shift_assignments (employee_id,end_time,shift_name,start_time,work_date) values (?,?,?,?,?)
Hibernate: insert into shift_assignments (employee_id,end_time,shift_name,start_time,work_date) values (?,?,?,?,?)
2025-10-13T21:43:06.929+09:00 DEBUG 2284 --- [Shift Scheduler Demo] [           main] org.hibernate.SQL                        : select last_insert_rowid()
Hibernate: select last_insert_rowid()
2025-10-13T21:43:06.929+09:00 DEBUG 2284 --- [Shift Scheduler Demo] [           main] org.hibernate.SQL                        : insert into shift_assignments (employee_id,end_time,shift_name,start_time,work_date) values (?,?,?,?,?)
Hibernate: insert into shift_assignments (employee_id,end_time,shift_name,start_time,work_date) values (?,?,?,?,?)
2025-10-13T21:43:06.929+09:00 DEBUG 2284 --- [Shift Scheduler Demo] [           main] org.hibernate.SQL                        : select last_insert_rowid()
Hibernate: select last_insert_rowid()
2025-10-13T21:43:06.929+09:00 DEBUG 2284 --- [Shift Scheduler Demo] [           main] org.hibernate.SQL                        : insert into shift_assignments (employee_id,end_time,shift_name,start_time,work_date) values (?,?,?,?,?)
Hibernate: insert into shift_assignments (employee_id,end_time,shift_name,start_time,work_date) values (?,?,?,?,?)
2025-10-13T21:43:06.930+09:00 DEBUG 2284 --- [Shift Scheduler Demo] [           main] org.hibernate.SQL                        : select last_insert_rowid()
Hibernate: select last_insert_rowid()
2025-10-13T21:43:06.930+09:00 DEBUG 2284 --- [Shift Scheduler Demo] [           main] org.hibernate.SQL                        : insert into shift_assignments (employee_id,end_time,shift_name,start_time,work_date) values (?,?,?,?,?)
Hibernate: insert into shift_assignments (employee_id,end_time,shift_name,start_time,work_date) values (?,?,?,?,?)
2025-10-13T21:43:06.930+09:00 DEBUG 2284 --- [Shift Scheduler Demo] [           main] org.hibernate.SQL                        : select last_insert_rowid()
Hibernate: select last_insert_rowid()
2025-10-13T21:43:06.930+09:00 DEBUG 2284 --- [Shift Scheduler Demo] [           main] org.hibernate.SQL                        : insert into shift_assignments (employee_id,end_time,shift_name,start_time,work_date) values (?,?,?,?,?)
Hibernate: insert into shift_assignments (employee_id,end_time,shift_name,start_time,work_date) values (?,?,?,?,?)
2025-10-13T21:43:06.931+09:00 DEBUG 2284 --- [Shift Scheduler Demo] [           main] org.hibernate.SQL                        : select last_insert_rowid()
Hibernate: select last_insert_rowid()
2025-10-13T21:43:06.931+09:00 DEBUG 2284 --- [Shift Scheduler Demo] [           main] org.hibernate.SQL                        : insert into shift_assignments (employee_id,end_time,shift_name,start_time,work_date) values (?,?,?,?,?)
Hibernate: insert into shift_assignments (employee_id,end_time,shift_name,start_time,work_date) values (?,?,?,?,?)
2025-10-13T21:43:06.931+09:00 DEBUG 2284 --- [Shift Scheduler Demo] [           main] org.hibernate.SQL                        : select last_insert_rowid()
Hibernate: select last_insert_rowid()
2025-10-13T21:43:06.931+09:00 DEBUG 2284 --- [Shift Scheduler Demo] [           main] org.hibernate.SQL                        : insert into shift_assignments (employee_id,end_time,shift_name,start_time,work_date) values (?,?,?,?,?)
Hibernate: insert into shift_assignments (employee_id,end_time,shift_name,start_time,work_date) values (?,?,?,?,?)
2025-10-13T21:43:06.931+09:00 DEBUG 2284 --- [Shift Scheduler Demo] [           main] org.hibernate.SQL                        : select last_insert_rowid()
Hibernate: select last_insert_rowid()
2025-10-13T21:43:06.931+09:00 DEBUG 2284 --- [Shift Scheduler Demo] [           main] org.hibernate.SQL                        : insert into shift_assignments (employee_id,end_time,shift_name,start_time,work_date) values (?,?,?,?,?)
Hibernate: insert into shift_assignments (employee_id,end_time,shift_name,start_time,work_date) values (?,?,?,?,?)
2025-10-13T21:43:06.932+09:00 DEBUG 2284 --- [Shift Scheduler Demo] [           main] org.hibernate.SQL                        : select last_insert_rowid()
Hibernate: select last_insert_rowid()
2025-10-13T21:43:06.932+09:00 DEBUG 2284 --- [Shift Scheduler Demo] [           main] org.hibernate.SQL                        : insert into shift_assignments (employee_id,end_time,shift_name,start_time,work_date) values (?,?,?,?,?)
Hibernate: insert into shift_assignments (employee_id,end_time,shift_name,start_time,work_date) values (?,?,?,?,?)
2025-10-13T21:43:06.932+09:00 DEBUG 2284 --- [Shift Scheduler Demo] [           main] org.hibernate.SQL                        : select last_insert_rowid()
Hibernate: select last_insert_rowid()
2025-10-13T21:43:06.932+09:00 DEBUG 2284 --- [Shift Scheduler Demo] [           main] org.hibernate.SQL                        : insert into shift_assignments (employee_id,end_time,shift_name,start_time,work_date) values (?,?,?,?,?)
Hibernate: insert into shift_assignments (employee_id,end_time,shift_name,start_time,work_date) values (?,?,?,?,?)
2025-10-13T21:43:06.932+09:00 DEBUG 2284 --- [Shift Scheduler Demo] [           main] org.hibernate.SQL                        : select last_insert_rowid()
Hibernate: select last_insert_rowid()
2025-10-13T21:43:06.932+09:00 DEBUG 2284 --- [Shift Scheduler Demo] [           main] org.hibernate.SQL                        : insert into shift_assignments (employee_id,end_time,shift_name,start_time,work_date) values (?,?,?,?,?)
Hibernate: insert into shift_assignments (employee_id,end_time,shift_name,start_time,work_date) values (?,?,?,?,?)
2025-10-13T21:43:06.933+09:00 DEBUG 2284 --- [Shift Scheduler Demo] [           main] org.hibernate.SQL                        : select last_insert_rowid()
Hibernate: select last_insert_rowid()
2025-10-13T21:43:06.933+09:00 DEBUG 2284 --- [Shift Scheduler Demo] [           main] org.hibernate.SQL                        : insert into shift_assignments (employee_id,end_time,shift_name,start_time,work_date) values (?,?,?,?,?)
Hibernate: insert into shift_assignments (employee_id,end_time,shift_name,start_time,work_date) values (?,?,?,?,?)
2025-10-13T21:43:06.933+09:00 DEBUG 2284 --- [Shift Scheduler Demo] [           main] org.hibernate.SQL                        : select last_insert_rowid()
Hibernate: select last_insert_rowid()
2025-10-13T21:43:06.933+09:00 DEBUG 2284 --- [Shift Scheduler Demo] [           main] org.hibernate.SQL                        : insert into shift_assignments (employee_id,end_time,shift_name,start_time,work_date) values (?,?,?,?,?)
Hibernate: insert into shift_assignments (employee_id,end_time,shift_name,start_time,work_date) values (?,?,?,?,?)
2025-10-13T21:43:06.933+09:00 DEBUG 2284 --- [Shift Scheduler Demo] [           main] org.hibernate.SQL                        : select last_insert_rowid()
Hibernate: select last_insert_rowid()
2025-10-13T21:43:06.934+09:00 DEBUG 2284 --- [Shift Scheduler Demo] [           main] org.hibernate.SQL                        : insert into shift_assignments (employee_id,end_time,shift_name,start_time,work_date) values (?,?,?,?,?)
Hibernate: insert into shift_assignments (employee_id,end_time,shift_name,start_time,work_date) values (?,?,?,?,?)
2025-10-13T21:43:06.934+09:00 DEBUG 2284 --- [Shift Scheduler Demo] [           main] org.hibernate.SQL                        : select last_insert_rowid()
Hibernate: select last_insert_rowid()
2025-10-13T21:43:06.934+09:00 DEBUG 2284 --- [Shift Scheduler Demo] [           main] org.hibernate.SQL                        : insert into shift_assignments (employee_id,end_time,shift_name,start_time,work_date) values (?,?,?,?,?)
Hibernate: insert into shift_assignments (employee_id,end_time,shift_name,start_time,work_date) values (?,?,?,?,?)
2025-10-13T21:43:06.934+09:00 DEBUG 2284 --- [Shift Scheduler Demo] [           main] org.hibernate.SQL                        : select last_insert_rowid()
Hibernate: select last_insert_rowid()
2025-10-13T21:43:06.934+09:00 DEBUG 2284 --- [Shift Scheduler Demo] [           main] org.hibernate.SQL                        : insert into shift_assignments (employee_id,end_time,shift_name,start_time,work_date) values (?,?,?,?,?)
Hibernate: insert into shift_assignments (employee_id,end_time,shift_name,start_time,work_date) values (?,?,?,?,?)
2025-10-13T21:43:06.935+09:00 DEBUG 2284 --- [Shift Scheduler Demo] [           main] org.hibernate.SQL                        : select last_insert_rowid()
Hibernate: select last_insert_rowid()
2025-10-13T21:43:06.935+09:00 DEBUG 2284 --- [Shift Scheduler Demo] [           main] org.hibernate.SQL                        : insert into shift_assignments (employee_id,end_time,shift_name,start_time,work_date) values (?,?,?,?,?)
Hibernate: insert into shift_assignments (employee_id,end_time,shift_name,start_time,work_date) values (?,?,?,?,?)
2025-10-13T21:43:06.935+09:00 DEBUG 2284 --- [Shift Scheduler Demo] [           main] org.hibernate.SQL                        : select last_insert_rowid()
Hibernate: select last_insert_rowid()
2025-10-13T21:43:06.935+09:00 DEBUG 2284 --- [Shift Scheduler Demo] [           main] org.hibernate.SQL                        : insert into shift_assignments (employee_id,end_time,shift_name,start_time,work_date) values (?,?,?,?,?)
Hibernate: insert into shift_assignments (employee_id,end_time,shift_name,start_time,work_date) values (?,?,?,?,?)
2025-10-13T21:43:06.936+09:00 DEBUG 2284 --- [Shift Scheduler Demo] [           main] org.hibernate.SQL                        : select last_insert_rowid()
Hibernate: select last_insert_rowid()
2025-10-13T21:43:06.936+09:00 DEBUG 2284 --- [Shift Scheduler Demo] [           main] org.hibernate.SQL                        : insert into shift_assignments (employee_id,end_time,shift_name,start_time,work_date) values (?,?,?,?,?)
Hibernate: insert into shift_assignments (employee_id,end_time,shift_name,start_time,work_date) values (?,?,?,?,?)
2025-10-13T21:43:06.936+09:00 DEBUG 2284 --- [Shift Scheduler Demo] [           main] org.hibernate.SQL                        : select last_insert_rowid()
Hibernate: select last_insert_rowid()
2025-10-13T21:43:06.936+09:00 DEBUG 2284 --- [Shift Scheduler Demo] [           main] org.hibernate.SQL                        : insert into shift_assignments (employee_id,end_time,shift_name,start_time,work_date) values (?,?,?,?,?)
Hibernate: insert into shift_assignments (employee_id,end_time,shift_name,start_time,work_date) values (?,?,?,?,?)
2025-10-13T21:43:06.937+09:00 DEBUG 2284 --- [Shift Scheduler Demo] [           main] org.hibernate.SQL                        : select last_insert_rowid()
Hibernate: select last_insert_rowid()
2025-10-13T21:43:06.937+09:00 DEBUG 2284 --- [Shift Scheduler Demo] [           main] org.hibernate.SQL                        : insert into shift_assignments (employee_id,end_time,shift_name,start_time,work_date) values (?,?,?,?,?)
Hibernate: insert into shift_assignments (employee_id,end_time,shift_name,start_time,work_date) values (?,?,?,?,?)
2025-10-13T21:43:06.938+09:00 DEBUG 2284 --- [Shift Scheduler Demo] [           main] org.hibernate.SQL                        : select last_insert_rowid()
Hibernate: select last_insert_rowid()
2025-10-13T21:43:06.938+09:00 DEBUG 2284 --- [Shift Scheduler Demo] [           main] org.hibernate.SQL                        : insert into shift_assignments (employee_id,end_time,shift_name,start_time,work_date) values (?,?,?,?,?)
Hibernate: insert into shift_assignments (employee_id,end_time,shift_name,start_time,work_date) values (?,?,?,?,?)
2025-10-13T21:43:06.939+09:00 DEBUG 2284 --- [Shift Scheduler Demo] [           main] org.hibernate.SQL                        : select last_insert_rowid()
Hibernate: select last_insert_rowid()
2025-10-13T21:43:06.939+09:00 DEBUG 2284 --- [Shift Scheduler Demo] [           main] org.hibernate.SQL                        : insert into shift_assignments (employee_id,end_time,shift_name,start_time,work_date) values (?,?,?,?,?)
Hibernate: insert into shift_assignments (employee_id,end_time,shift_name,start_time,work_date) values (?,?,?,?,?)
2025-10-13T21:43:06.939+09:00 DEBUG 2284 --- [Shift Scheduler Demo] [           main] org.hibernate.SQL                        : select last_insert_rowid()
Hibernate: select last_insert_rowid()
2025-10-13T21:43:06.939+09:00 DEBUG 2284 --- [Shift Scheduler Demo] [           main] org.hibernate.SQL                        : insert into shift_assignments (employee_id,end_time,shift_name,start_time,work_date) values (?,?,?,?,?)
Hibernate: insert into shift_assignments (employee_id,end_time,shift_name,start_time,work_date) values (?,?,?,?,?)
2025-10-13T21:43:06.940+09:00 DEBUG 2284 --- [Shift Scheduler Demo] [           main] org.hibernate.SQL                        : select last_insert_rowid()
Hibernate: select last_insert_rowid()
2025-10-13T21:43:06.940+09:00 DEBUG 2284 --- [Shift Scheduler Demo] [           main] org.hibernate.SQL                        : insert into shift_assignments (employee_id,end_time,shift_name,start_time,work_date) values (?,?,?,?,?)
Hibernate: insert into shift_assignments (employee_id,end_time,shift_name,start_time,work_date) values (?,?,?,?,?)
2025-10-13T21:43:06.940+09:00 DEBUG 2284 --- [Shift Scheduler Demo] [           main] org.hibernate.SQL                        : select last_insert_rowid()
Hibernate: select last_insert_rowid()
2025-10-13T21:43:06.940+09:00 DEBUG 2284 --- [Shift Scheduler Demo] [           main] org.hibernate.SQL                        : insert into shift_assignments (employee_id,end_time,shift_name,start_time,work_date) values (?,?,?,?,?)
Hibernate: insert into shift_assignments (employee_id,end_time,shift_name,start_time,work_date) values (?,?,?,?,?)
2025-10-13T21:43:06.941+09:00 DEBUG 2284 --- [Shift Scheduler Demo] [           main] org.hibernate.SQL                        : select last_insert_rowid()
Hibernate: select last_insert_rowid()
2025-10-13T21:43:06.941+09:00 DEBUG 2284 --- [Shift Scheduler Demo] [           main] org.hibernate.SQL                        : insert into shift_assignments (employee_id,end_time,shift_name,start_time,work_date) values (?,?,?,?,?)
Hibernate: insert into shift_assignments (employee_id,end_time,shift_name,start_time,work_date) values (?,?,?,?,?)
2025-10-13T21:43:06.941+09:00 DEBUG 2284 --- [Shift Scheduler Demo] [           main] org.hibernate.SQL                        : select last_insert_rowid()
Hibernate: select last_insert_rowid()
2025-10-13T21:43:06.941+09:00 DEBUG 2284 --- [Shift Scheduler Demo] [           main] org.hibernate.SQL                        : insert into shift_assignments (employee_id,end_time,shift_name,start_time,work_date) values (?,?,?,?,?)
Hibernate: insert into shift_assignments (employee_id,end_time,shift_name,start_time,work_date) values (?,?,?,?,?)
2025-10-13T21:43:06.942+09:00 DEBUG 2284 --- [Shift Scheduler Demo] [           main] org.hibernate.SQL                        : select last_insert_rowid()
Hibernate: select last_insert_rowid()
2025-10-13T21:43:06.942+09:00 DEBUG 2284 --- [Shift Scheduler Demo] [           main] org.hibernate.SQL                        : insert into shift_assignments (employee_id,end_time,shift_name,start_time,work_date) values (?,?,?,?,?)
Hibernate: insert into shift_assignments (employee_id,end_time,shift_name,start_time,work_date) values (?,?,?,?,?)
2025-10-13T21:43:06.942+09:00 DEBUG 2284 --- [Shift Scheduler Demo] [           main] org.hibernate.SQL                        : select last_insert_rowid()
Hibernate: select last_insert_rowid()
2025-10-13T21:43:06.942+09:00 DEBUG 2284 --- [Shift Scheduler Demo] [           main] org.hibernate.SQL                        : insert into shift_assignments (employee_id,end_time,shift_name,start_time,work_date) values (?,?,?,?,?)
Hibernate: insert into shift_assignments (employee_id,end_time,shift_name,start_time,work_date) values (?,?,?,?,?)
2025-10-13T21:43:06.942+09:00 DEBUG 2284 --- [Shift Scheduler Demo] [           main] org.hibernate.SQL                        : select last_insert_rowid()
Hibernate: select last_insert_rowid()
2025-10-13T21:43:06.943+09:00 DEBUG 2284 --- [Shift Scheduler Demo] [           main] org.hibernate.SQL                        : insert into shift_assignments (employee_id,end_time,shift_name,start_time,work_date) values (?,?,?,?,?)
Hibernate: insert into shift_assignments (employee_id,end_time,shift_name,start_time,work_date) values (?,?,?,?,?)
2025-10-13T21:43:06.943+09:00 DEBUG 2284 --- [Shift Scheduler Demo] [           main] org.hibernate.SQL                        : select last_insert_rowid()
Hibernate: select last_insert_rowid()
2025-10-13T21:43:06.943+09:00 DEBUG 2284 --- [Shift Scheduler Demo] [           main] org.hibernate.SQL                        : insert into shift_assignments (employee_id,end_time,shift_name,start_time,work_date) values (?,?,?,?,?)
Hibernate: insert into shift_assignments (employee_id,end_time,shift_name,start_time,work_date) values (?,?,?,?,?)
2025-10-13T21:43:06.943+09:00 DEBUG 2284 --- [Shift Scheduler Demo] [           main] org.hibernate.SQL                        : select last_insert_rowid()
Hibernate: select last_insert_rowid()
2025-10-13T21:43:06.944+09:00 DEBUG 2284 --- [Shift Scheduler Demo] [           main] org.hibernate.SQL                        : insert into shift_assignments (employee_id,end_time,shift_name,start_time,work_date) values (?,?,?,?,?)
Hibernate: insert into shift_assignments (employee_id,end_time,shift_name,start_time,work_date) values (?,?,?,?,?)
2025-10-13T21:43:06.944+09:00 DEBUG 2284 --- [Shift Scheduler Demo] [           main] org.hibernate.SQL                        : select last_insert_rowid()
Hibernate: select last_insert_rowid()
2025-10-13T21:43:06.944+09:00 DEBUG 2284 --- [Shift Scheduler Demo] [           main] org.hibernate.SQL                        : insert into shift_assignments (employee_id,end_time,shift_name,start_time,work_date) values (?,?,?,?,?)
Hibernate: insert into shift_assignments (employee_id,end_time,shift_name,start_time,work_date) values (?,?,?,?,?)
2025-10-13T21:43:06.944+09:00 DEBUG 2284 --- [Shift Scheduler Demo] [           main] org.hibernate.SQL                        : select last_insert_rowid()
Hibernate: select last_insert_rowid()
2025-10-13T21:43:06.945+09:00 DEBUG 2284 --- [Shift Scheduler Demo] [           main] org.hibernate.SQL                        : insert into shift_assignments (employee_id,end_time,shift_name,start_time,work_date) values (?,?,?,?,?)
Hibernate: insert into shift_assignments (employee_id,end_time,shift_name,start_time,work_date) values (?,?,?,?,?)
2025-10-13T21:43:06.945+09:00 DEBUG 2284 --- [Shift Scheduler Demo] [           main] org.hibernate.SQL                        : select last_insert_rowid()
Hibernate: select last_insert_rowid()
2025-10-13T21:43:06.945+09:00 DEBUG 2284 --- [Shift Scheduler Demo] [           main] org.hibernate.SQL                        : insert into shift_assignments (employee_id,end_time,shift_name,start_time,work_date) values (?,?,?,?,?)
Hibernate: insert into shift_assignments (employee_id,end_time,shift_name,start_time,work_date) values (?,?,?,?,?)
2025-10-13T21:43:06.945+09:00 DEBUG 2284 --- [Shift Scheduler Demo] [           main] org.hibernate.SQL                        : select last_insert_rowid()
Hibernate: select last_insert_rowid()
2025-10-13T21:43:06.945+09:00 DEBUG 2284 --- [Shift Scheduler Demo] [           main] org.hibernate.SQL                        : insert into shift_assignments (employee_id,end_time,shift_name,start_time,work_date) values (?,?,?,?,?)
Hibernate: insert into shift_assignments (employee_id,end_time,shift_name,start_time,work_date) values (?,?,?,?,?)
2025-10-13T21:43:06.945+09:00 DEBUG 2284 --- [Shift Scheduler Demo] [           main] org.hibernate.SQL                        : select last_insert_rowid()
Hibernate: select last_insert_rowid()
2025-10-13T21:43:06.945+09:00 DEBUG 2284 --- [Shift Scheduler Demo] [           main] org.hibernate.SQL                        : insert into shift_assignments (employee_id,end_time,shift_name,start_time,work_date) values (?,?,?,?,?)
Hibernate: insert into shift_assignments (employee_id,end_time,shift_name,start_time,work_date) values (?,?,?,?,?)
2025-10-13T21:43:06.945+09:00 DEBUG 2284 --- [Shift Scheduler Demo] [           main] org.hibernate.SQL                        : select last_insert_rowid()
Hibernate: select last_insert_rowid()
2025-10-13T21:43:06.945+09:00 DEBUG 2284 --- [Shift Scheduler Demo] [           main] org.hibernate.SQL                        : insert into shift_assignments (employee_id,end_time,shift_name,start_time,work_date) values (?,?,?,?,?)
Hibernate: insert into shift_assignments (employee_id,end_time,shift_name,start_time,work_date) values (?,?,?,?,?)
2025-10-13T21:43:06.946+09:00 DEBUG 2284 --- [Shift Scheduler Demo] [           main] org.hibernate.SQL                        : select last_insert_rowid()
Hibernate: select last_insert_rowid()
2025-10-13T21:43:06.946+09:00 DEBUG 2284 --- [Shift Scheduler Demo] [           main] org.hibernate.SQL                        : insert into shift_assignments (employee_id,end_time,shift_name,start_time,work_date) values (?,?,?,?,?)
Hibernate: insert into shift_assignments (employee_id,end_time,shift_name,start_time,work_date) values (?,?,?,?,?)
2025-10-13T21:43:06.946+09:00 DEBUG 2284 --- [Shift Scheduler Demo] [           main] org.hibernate.SQL                        : select last_insert_rowid()
Hibernate: select last_insert_rowid()
2025-10-13T21:43:06.946+09:00 DEBUG 2284 --- [Shift Scheduler Demo] [           main] org.hibernate.SQL                        : insert into shift_assignments (employee_id,end_time,shift_name,start_time,work_date) values (?,?,?,?,?)
Hibernate: insert into shift_assignments (employee_id,end_time,shift_name,start_time,work_date) values (?,?,?,?,?)
2025-10-13T21:43:06.946+09:00 DEBUG 2284 --- [Shift Scheduler Demo] [           main] org.hibernate.SQL                        : select last_insert_rowid()
Hibernate: select last_insert_rowid()
2025-10-13T21:43:06.946+09:00 DEBUG 2284 --- [Shift Scheduler Demo] [           main] org.hibernate.SQL                        : insert into shift_assignments (employee_id,end_time,shift_name,start_time,work_date) values (?,?,?,?,?)
Hibernate: insert into shift_assignments (employee_id,end_time,shift_name,start_time,work_date) values (?,?,?,?,?)
2025-10-13T21:43:06.947+09:00 DEBUG 2284 --- [Shift Scheduler Demo] [           main] org.hibernate.SQL                        : select last_insert_rowid()
Hibernate: select last_insert_rowid()
2025-10-13T21:43:06.947+09:00 DEBUG 2284 --- [Shift Scheduler Demo] [           main] org.hibernate.SQL                        : insert into shift_assignments (employee_id,end_time,shift_name,start_time,work_date) values (?,?,?,?,?)
Hibernate: insert into shift_assignments (employee_id,end_time,shift_name,start_time,work_date) values (?,?,?,?,?)
2025-10-13T21:43:06.947+09:00 DEBUG 2284 --- [Shift Scheduler Demo] [           main] org.hibernate.SQL                        : select last_insert_rowid()
Hibernate: select last_insert_rowid()
2025-10-13T21:43:06.947+09:00 DEBUG 2284 --- [Shift Scheduler Demo] [           main] org.hibernate.SQL                        : insert into shift_assignments (employee_id,end_time,shift_name,start_time,work_date) values (?,?,?,?,?)
Hibernate: insert into shift_assignments (employee_id,end_time,shift_name,start_time,work_date) values (?,?,?,?,?)
2025-10-13T21:43:06.947+09:00 DEBUG 2284 --- [Shift Scheduler Demo] [           main] org.hibernate.SQL                        : select last_insert_rowid()
Hibernate: select last_insert_rowid()
2025-10-13T21:43:06.947+09:00 DEBUG 2284 --- [Shift Scheduler Demo] [           main] org.hibernate.SQL                        : insert into shift_assignments (employee_id,end_time,shift_name,start_time,work_date) values (?,?,?,?,?)
Hibernate: insert into shift_assignments (employee_id,end_time,shift_name,start_time,work_date) values (?,?,?,?,?)
2025-10-13T21:43:06.948+09:00 DEBUG 2284 --- [Shift Scheduler Demo] [           main] org.hibernate.SQL                        : select last_insert_rowid()
Hibernate: select last_insert_rowid()
2025-10-13T21:43:06.948+09:00 DEBUG 2284 --- [Shift Scheduler Demo] [           main] org.hibernate.SQL                        : insert into shift_assignments (employee_id,end_time,shift_name,start_time,work_date) values (?,?,?,?,?)
Hibernate: insert into shift_assignments (employee_id,end_time,shift_name,start_time,work_date) values (?,?,?,?,?)
2025-10-13T21:43:06.948+09:00 DEBUG 2284 --- [Shift Scheduler Demo] [           main] org.hibernate.SQL                        : select last_insert_rowid()
Hibernate: select last_insert_rowid()
2025-10-13T21:43:06.948+09:00 DEBUG 2284 --- [Shift Scheduler Demo] [           main] org.hibernate.SQL                        : insert into shift_assignments (employee_id,end_time,shift_name,start_time,work_date) values (?,?,?,?,?)
Hibernate: insert into shift_assignments (employee_id,end_time,shift_name,start_time,work_date) values (?,?,?,?,?)
2025-10-13T21:43:06.948+09:00 DEBUG 2284 --- [Shift Scheduler Demo] [           main] org.hibernate.SQL                        : select last_insert_rowid()
Hibernate: select last_insert_rowid()
2025-10-13T21:43:06.948+09:00 DEBUG 2284 --- [Shift Scheduler Demo] [           main] org.hibernate.SQL                        : insert into shift_assignments (employee_id,end_time,shift_name,start_time,work_date) values (?,?,?,?,?)
Hibernate: insert into shift_assignments (employee_id,end_time,shift_name,start_time,work_date) values (?,?,?,?,?)
2025-10-13T21:43:06.948+09:00 DEBUG 2284 --- [Shift Scheduler Demo] [           main] org.hibernate.SQL                        : select last_insert_rowid()
Hibernate: select last_insert_rowid()
2025-10-13T21:43:06.948+09:00 DEBUG 2284 --- [Shift Scheduler Demo] [           main] org.hibernate.SQL                        : insert into shift_assignments (employee_id,end_time,shift_name,start_time,work_date) values (?,?,?,?,?)
Hibernate: insert into shift_assignments (employee_id,end_time,shift_name,start_time,work_date) values (?,?,?,?,?)
2025-10-13T21:43:06.949+09:00 DEBUG 2284 --- [Shift Scheduler Demo] [           main] org.hibernate.SQL                        : select last_insert_rowid()
Hibernate: select last_insert_rowid()
2025-10-13T21:43:06.949+09:00 DEBUG 2284 --- [Shift Scheduler Demo] [           main] org.hibernate.SQL                        : insert into shift_assignments (employee_id,end_time,shift_name,start_time,work_date) values (?,?,?,?,?)
Hibernate: insert into shift_assignments (employee_id,end_time,shift_name,start_time,work_date) values (?,?,?,?,?)
2025-10-13T21:43:06.949+09:00 DEBUG 2284 --- [Shift Scheduler Demo] [           main] org.hibernate.SQL                        : select last_insert_rowid()
Hibernate: select last_insert_rowid()
2025-10-13T21:43:06.949+09:00 DEBUG 2284 --- [Shift Scheduler Demo] [           main] org.hibernate.SQL                        : insert into shift_assignments (employee_id,end_time,shift_name,start_time,work_date) values (?,?,?,?,?)
Hibernate: insert into shift_assignments (employee_id,end_time,shift_name,start_time,work_date) values (?,?,?,?,?)
2025-10-13T21:43:06.949+09:00 DEBUG 2284 --- [Shift Scheduler Demo] [           main] org.hibernate.SQL                        : select last_insert_rowid()
Hibernate: select last_insert_rowid()
2025-10-13T21:43:06.949+09:00 DEBUG 2284 --- [Shift Scheduler Demo] [           main] org.hibernate.SQL                        : insert into shift_assignments (employee_id,end_time,shift_name,start_time,work_date) values (?,?,?,?,?)
Hibernate: insert into shift_assignments (employee_id,end_time,shift_name,start_time,work_date) values (?,?,?,?,?)
2025-10-13T21:43:06.950+09:00 DEBUG 2284 --- [Shift Scheduler Demo] [           main] org.hibernate.SQL                        : select last_insert_rowid()
Hibernate: select last_insert_rowid()
2025-10-13T21:43:06.950+09:00 DEBUG 2284 --- [Shift Scheduler Demo] [           main] org.hibernate.SQL                        : insert into shift_assignments (employee_id,end_time,shift_name,start_time,work_date) values (?,?,?,?,?)
Hibernate: insert into shift_assignments (employee_id,end_time,shift_name,start_time,work_date) values (?,?,?,?,?)
2025-10-13T21:43:06.950+09:00 DEBUG 2284 --- [Shift Scheduler Demo] [           main] org.hibernate.SQL                        : select last_insert_rowid()
Hibernate: select last_insert_rowid()
2025-10-13T21:43:06.950+09:00 DEBUG 2284 --- [Shift Scheduler Demo] [           main] org.hibernate.SQL                        : insert into shift_assignments (employee_id,end_time,shift_name,start_time,work_date) values (?,?,?,?,?)
Hibernate: insert into shift_assignments (employee_id,end_time,shift_name,start_time,work_date) values (?,?,?,?,?)
2025-10-13T21:43:06.950+09:00 DEBUG 2284 --- [Shift Scheduler Demo] [           main] org.hibernate.SQL                        : select last_insert_rowid()
Hibernate: select last_insert_rowid()
2025-10-13T21:43:06.950+09:00 DEBUG 2284 --- [Shift Scheduler Demo] [           main] org.hibernate.SQL                        : insert into shift_assignments (employee_id,end_time,shift_name,start_time,work_date) values (?,?,?,?,?)
Hibernate: insert into shift_assignments (employee_id,end_time,shift_name,start_time,work_date) values (?,?,?,?,?)
2025-10-13T21:43:06.950+09:00 DEBUG 2284 --- [Shift Scheduler Demo] [           main] org.hibernate.SQL                        : select last_insert_rowid()
Hibernate: select last_insert_rowid()
2025-10-13T21:43:06.951+09:00 DEBUG 2284 --- [Shift Scheduler Demo] [           main] org.hibernate.SQL                        : insert into shift_assignments (employee_id,end_time,shift_name,start_time,work_date) values (?,?,?,?,?)
Hibernate: insert into shift_assignments (employee_id,end_time,shift_name,start_time,work_date) values (?,?,?,?,?)
2025-10-13T21:43:06.951+09:00 DEBUG 2284 --- [Shift Scheduler Demo] [           main] org.hibernate.SQL                        : select last_insert_rowid()
Hibernate: select last_insert_rowid()
2025-10-13T21:43:06.951+09:00 DEBUG 2284 --- [Shift Scheduler Demo] [           main] org.hibernate.SQL                        : insert into shift_assignments (employee_id,end_time,shift_name,start_time,work_date) values (?,?,?,?,?)
Hibernate: insert into shift_assignments (employee_id,end_time,shift_name,start_time,work_date) values (?,?,?,?,?)
2025-10-13T21:43:06.951+09:00 DEBUG 2284 --- [Shift Scheduler Demo] [           main] org.hibernate.SQL                        : select last_insert_rowid()
Hibernate: select last_insert_rowid()
2025-10-13T21:43:06.952+09:00 DEBUG 2284 --- [Shift Scheduler Demo] [           main] org.hibernate.SQL                        : insert into shift_assignments (employee_id,end_time,shift_name,start_time,work_date) values (?,?,?,?,?)
Hibernate: insert into shift_assignments (employee_id,end_time,shift_name,start_time,work_date) values (?,?,?,?,?)
2025-10-13T21:43:06.952+09:00 DEBUG 2284 --- [Shift Scheduler Demo] [           main] org.hibernate.SQL                        : select last_insert_rowid()
Hibernate: select last_insert_rowid()
2025-10-13T21:43:06.952+09:00 DEBUG 2284 --- [Shift Scheduler Demo] [           main] org.hibernate.SQL                        : insert into shift_assignments (employee_id,end_time,shift_name,start_time,work_date) values (?,?,?,?,?)
Hibernate: insert into shift_assignments (employee_id,end_time,shift_name,start_time,work_date) values (?,?,?,?,?)
2025-10-13T21:43:06.952+09:00 DEBUG 2284 --- [Shift Scheduler Demo] [           main] org.hibernate.SQL                        : select last_insert_rowid()
Hibernate: select last_insert_rowid()
2025-10-13T21:43:06.952+09:00 DEBUG 2284 --- [Shift Scheduler Demo] [           main] org.hibernate.SQL                        : insert into shift_assignments (employee_id,end_time,shift_name,start_time,work_date) values (?,?,?,?,?)
Hibernate: insert into shift_assignments (employee_id,end_time,shift_name,start_time,work_date) values (?,?,?,?,?)
2025-10-13T21:43:06.953+09:00 DEBUG 2284 --- [Shift Scheduler Demo] [           main] org.hibernate.SQL                        : select last_insert_rowid()
Hibernate: select last_insert_rowid()
2025-10-13T21:43:06.953+09:00 DEBUG 2284 --- [Shift Scheduler Demo] [           main] org.hibernate.SQL                        : insert into shift_assignments (employee_id,end_time,shift_name,start_time,work_date) values (?,?,?,?,?)
Hibernate: insert into shift_assignments (employee_id,end_time,shift_name,start_time,work_date) values (?,?,?,?,?)
2025-10-13T21:43:06.953+09:00 DEBUG 2284 --- [Shift Scheduler Demo] [           main] org.hibernate.SQL                        : select last_insert_rowid()
Hibernate: select last_insert_rowid()
2025-10-13T21:43:06.953+09:00 DEBUG 2284 --- [Shift Scheduler Demo] [           main] org.hibernate.SQL                        : insert into shift_assignments (employee_id,end_time,shift_name,start_time,work_date) values (?,?,?,?,?)
Hibernate: insert into shift_assignments (employee_id,end_time,shift_name,start_time,work_date) values (?,?,?,?,?)
2025-10-13T21:43:06.953+09:00 DEBUG 2284 --- [Shift Scheduler Demo] [           main] org.hibernate.SQL                        : select last_insert_rowid()
Hibernate: select last_insert_rowid()
2025-10-13T21:43:06.953+09:00 DEBUG 2284 --- [Shift Scheduler Demo] [           main] org.hibernate.SQL                        : insert into shift_assignments (employee_id,end_time,shift_name,start_time,work_date) values (?,?,?,?,?)
Hibernate: insert into shift_assignments (employee_id,end_time,shift_name,start_time,work_date) values (?,?,?,?,?)
2025-10-13T21:43:06.953+09:00 DEBUG 2284 --- [Shift Scheduler Demo] [           main] org.hibernate.SQL                        : select last_insert_rowid()
Hibernate: select last_insert_rowid()
2025-10-13T21:43:06.954+09:00 DEBUG 2284 --- [Shift Scheduler Demo] [           main] org.hibernate.SQL                        : insert into shift_assignments (employee_id,end_time,shift_name,start_time,work_date) values (?,?,?,?,?)
Hibernate: insert into shift_assignments (employee_id,end_time,shift_name,start_time,work_date) values (?,?,?,?,?)
2025-10-13T21:43:06.954+09:00 DEBUG 2284 --- [Shift Scheduler Demo] [           main] org.hibernate.SQL                        : select last_insert_rowid()
Hibernate: select last_insert_rowid()
2025-10-13T21:43:06.954+09:00 DEBUG 2284 --- [Shift Scheduler Demo] [           main] org.hibernate.SQL                        : insert into shift_assignments (employee_id,end_time,shift_name,start_time,work_date) values (?,?,?,?,?)
Hibernate: insert into shift_assignments (employee_id,end_time,shift_name,start_time,work_date) values (?,?,?,?,?)
2025-10-13T21:43:06.954+09:00 DEBUG 2284 --- [Shift Scheduler Demo] [           main] org.hibernate.SQL                        : select last_insert_rowid()
Hibernate: select last_insert_rowid()
2025-10-13T21:43:06.954+09:00 DEBUG 2284 --- [Shift Scheduler Demo] [           main] org.hibernate.SQL                        : insert into shift_assignments (employee_id,end_time,shift_name,start_time,work_date) values (?,?,?,?,?)
Hibernate: insert into shift_assignments (employee_id,end_time,shift_name,start_time,work_date) values (?,?,?,?,?)
2025-10-13T21:43:06.954+09:00 DEBUG 2284 --- [Shift Scheduler Demo] [           main] org.hibernate.SQL                        : select last_insert_rowid()
Hibernate: select last_insert_rowid()
2025-10-13T21:43:06.954+09:00 DEBUG 2284 --- [Shift Scheduler Demo] [           main] org.hibernate.SQL                        : insert into shift_assignments (employee_id,end_time,shift_name,start_time,work_date) values (?,?,?,?,?)
Hibernate: insert into shift_assignments (employee_id,end_time,shift_name,start_time,work_date) values (?,?,?,?,?)
2025-10-13T21:43:06.954+09:00 DEBUG 2284 --- [Shift Scheduler Demo] [           main] org.hibernate.SQL                        : select last_insert_rowid()
Hibernate: select last_insert_rowid()
2025-10-13T21:43:06.955+09:00 DEBUG 2284 --- [Shift Scheduler Demo] [           main] org.hibernate.SQL                        : insert into shift_assignments (employee_id,end_time,shift_name,start_time,work_date) values (?,?,?,?,?)
Hibernate: insert into shift_assignments (employee_id,end_time,shift_name,start_time,work_date) values (?,?,?,?,?)
2025-10-13T21:43:06.955+09:00 DEBUG 2284 --- [Shift Scheduler Demo] [           main] org.hibernate.SQL                        : select last_insert_rowid()
Hibernate: select last_insert_rowid()
2025-10-13T21:43:06.955+09:00 DEBUG 2284 --- [Shift Scheduler Demo] [           main] org.hibernate.SQL                        : insert into shift_assignments (employee_id,end_time,shift_name,start_time,work_date) values (?,?,?,?,?)
Hibernate: insert into shift_assignments (employee_id,end_time,shift_name,start_time,work_date) values (?,?,?,?,?)
2025-10-13T21:43:06.955+09:00 DEBUG 2284 --- [Shift Scheduler Demo] [           main] org.hibernate.SQL                        : select last_insert_rowid()
Hibernate: select last_insert_rowid()
2025-10-13T21:43:06.955+09:00 DEBUG 2284 --- [Shift Scheduler Demo] [           main] org.hibernate.SQL                        : insert into shift_assignments (employee_id,end_time,shift_name,start_time,work_date) values (?,?,?,?,?)
Hibernate: insert into shift_assignments (employee_id,end_time,shift_name,start_time,work_date) values (?,?,?,?,?)
2025-10-13T21:43:06.955+09:00 DEBUG 2284 --- [Shift Scheduler Demo] [           main] org.hibernate.SQL                        : select last_insert_rowid()
Hibernate: select last_insert_rowid()
2025-10-13T21:43:06.955+09:00 DEBUG 2284 --- [Shift Scheduler Demo] [           main] org.hibernate.SQL                        : insert into shift_assignments (employee_id,end_time,shift_name,start_time,work_date) values (?,?,?,?,?)
Hibernate: insert into shift_assignments (employee_id,end_time,shift_name,start_time,work_date) values (?,?,?,?,?)
2025-10-13T21:43:06.955+09:00 DEBUG 2284 --- [Shift Scheduler Demo] [           main] org.hibernate.SQL                        : select last_insert_rowid()
Hibernate: select last_insert_rowid()
2025-10-13T21:43:06.955+09:00 DEBUG 2284 --- [Shift Scheduler Demo] [           main] org.hibernate.SQL                        : insert into shift_assignments (employee_id,end_time,shift_name,start_time,work_date) values (?,?,?,?,?)
Hibernate: insert into shift_assignments (employee_id,end_time,shift_name,start_time,work_date) values (?,?,?,?,?)
2025-10-13T21:43:06.956+09:00 DEBUG 2284 --- [Shift Scheduler Demo] [           main] org.hibernate.SQL                        : select last_insert_rowid()
Hibernate: select last_insert_rowid()
2025-10-13T21:43:06.956+09:00 DEBUG 2284 --- [Shift Scheduler Demo] [           main] org.hibernate.SQL                        : insert into shift_assignments (employee_id,end_time,shift_name,start_time,work_date) values (?,?,?,?,?)
Hibernate: insert into shift_assignments (employee_id,end_time,shift_name,start_time,work_date) values (?,?,?,?,?)
2025-10-13T21:43:06.956+09:00 DEBUG 2284 --- [Shift Scheduler Demo] [           main] org.hibernate.SQL                        : select last_insert_rowid()
Hibernate: select last_insert_rowid()
2025-10-13T21:43:06.956+09:00 DEBUG 2284 --- [Shift Scheduler Demo] [           main] org.hibernate.SQL                        : insert into shift_assignments (employee_id,end_time,shift_name,start_time,work_date) values (?,?,?,?,?)
Hibernate: insert into shift_assignments (employee_id,end_time,shift_name,start_time,work_date) values (?,?,?,?,?)
2025-10-13T21:43:06.956+09:00 DEBUG 2284 --- [Shift Scheduler Demo] [           main] org.hibernate.SQL                        : select last_insert_rowid()
Hibernate: select last_insert_rowid()
2025-10-13T21:43:06.956+09:00 DEBUG 2284 --- [Shift Scheduler Demo] [           main] org.hibernate.SQL                        : insert into shift_assignments (employee_id,end_time,shift_name,start_time,work_date) values (?,?,?,?,?)
Hibernate: insert into shift_assignments (employee_id,end_time,shift_name,start_time,work_date) values (?,?,?,?,?)
2025-10-13T21:43:06.956+09:00 DEBUG 2284 --- [Shift Scheduler Demo] [           main] org.hibernate.SQL                        : select last_insert_rowid()
Hibernate: select last_insert_rowid()
2025-10-13T21:43:06.956+09:00 DEBUG 2284 --- [Shift Scheduler Demo] [           main] org.hibernate.SQL                        : insert into shift_assignments (employee_id,end_time,shift_name,start_time,work_date) values (?,?,?,?,?)
Hibernate: insert into shift_assignments (employee_id,end_time,shift_name,start_time,work_date) values (?,?,?,?,?)
2025-10-13T21:43:06.956+09:00 DEBUG 2284 --- [Shift Scheduler Demo] [           main] org.hibernate.SQL                        : select last_insert_rowid()
Hibernate: select last_insert_rowid()
2025-10-13T21:43:06.957+09:00 DEBUG 2284 --- [Shift Scheduler Demo] [           main] org.hibernate.SQL                        : insert into shift_assignments (employee_id,end_time,shift_name,start_time,work_date) values (?,?,?,?,?)
Hibernate: insert into shift_assignments (employee_id,end_time,shift_name,start_time,work_date) values (?,?,?,?,?)
2025-10-13T21:43:06.957+09:00 DEBUG 2284 --- [Shift Scheduler Demo] [           main] org.hibernate.SQL                        : select last_insert_rowid()
Hibernate: select last_insert_rowid()
2025-10-13T21:43:06.957+09:00 DEBUG 2284 --- [Shift Scheduler Demo] [           main] org.hibernate.SQL                        : insert into shift_assignments (employee_id,end_time,shift_name,start_time,work_date) values (?,?,?,?,?)
Hibernate: insert into shift_assignments (employee_id,end_time,shift_name,start_time,work_date) values (?,?,?,?,?)
2025-10-13T21:43:06.957+09:00 DEBUG 2284 --- [Shift Scheduler Demo] [           main] org.hibernate.SQL                        : select last_insert_rowid()
Hibernate: select last_insert_rowid()
2025-10-13T21:43:06.957+09:00 DEBUG 2284 --- [Shift Scheduler Demo] [           main] org.hibernate.SQL                        : insert into shift_assignments (employee_id,end_time,shift_name,start_time,work_date) values (?,?,?,?,?)
Hibernate: insert into shift_assignments (employee_id,end_time,shift_name,start_time,work_date) values (?,?,?,?,?)
2025-10-13T21:43:06.957+09:00 DEBUG 2284 --- [Shift Scheduler Demo] [           main] org.hibernate.SQL                        : select last_insert_rowid()
Hibernate: select last_insert_rowid()
2025-10-13T21:43:06.957+09:00 DEBUG 2284 --- [Shift Scheduler Demo] [           main] org.hibernate.SQL                        : insert into shift_assignments (employee_id,end_time,shift_name,start_time,work_date) values (?,?,?,?,?)
Hibernate: insert into shift_assignments (employee_id,end_time,shift_name,start_time,work_date) values (?,?,?,?,?)
2025-10-13T21:43:06.958+09:00 DEBUG 2284 --- [Shift Scheduler Demo] [           main] org.hibernate.SQL                        : select last_insert_rowid()
Hibernate: select last_insert_rowid()
2025-10-13T21:43:06.958+09:00 DEBUG 2284 --- [Shift Scheduler Demo] [           main] org.hibernate.SQL                        : insert into shift_assignments (employee_id,end_time,shift_name,start_time,work_date) values (?,?,?,?,?)
Hibernate: insert into shift_assignments (employee_id,end_time,shift_name,start_time,work_date) values (?,?,?,?,?)
2025-10-13T21:43:06.958+09:00 DEBUG 2284 --- [Shift Scheduler Demo] [           main] org.hibernate.SQL                        : select last_insert_rowid()
Hibernate: select last_insert_rowid()
2025-10-13T21:43:06.958+09:00 DEBUG 2284 --- [Shift Scheduler Demo] [           main] org.hibernate.SQL                        : insert into shift_assignments (employee_id,end_time,shift_name,start_time,work_date) values (?,?,?,?,?)
Hibernate: insert into shift_assignments (employee_id,end_time,shift_name,start_time,work_date) values (?,?,?,?,?)
2025-10-13T21:43:06.958+09:00 DEBUG 2284 --- [Shift Scheduler Demo] [           main] org.hibernate.SQL                        : select last_insert_rowid()
Hibernate: select last_insert_rowid()
2025-10-13T21:43:06.958+09:00 DEBUG 2284 --- [Shift Scheduler Demo] [           main] org.hibernate.SQL                        : insert into shift_assignments (employee_id,end_time,shift_name,start_time,work_date) values (?,?,?,?,?)
Hibernate: insert into shift_assignments (employee_id,end_time,shift_name,start_time,work_date) values (?,?,?,?,?)
2025-10-13T21:43:06.958+09:00 DEBUG 2284 --- [Shift Scheduler Demo] [           main] org.hibernate.SQL                        : select last_insert_rowid()
Hibernate: select last_insert_rowid()
2025-10-13T21:43:06.958+09:00 DEBUG 2284 --- [Shift Scheduler Demo] [           main] org.hibernate.SQL                        : insert into shift_assignments (employee_id,end_time,shift_name,start_time,work_date) values (?,?,?,?,?)
Hibernate: insert into shift_assignments (employee_id,end_time,shift_name,start_time,work_date) values (?,?,?,?,?)
2025-10-13T21:43:06.959+09:00 DEBUG 2284 --- [Shift Scheduler Demo] [           main] org.hibernate.SQL                        : select last_insert_rowid()
Hibernate: select last_insert_rowid()
2025-10-13T21:43:06.959+09:00 DEBUG 2284 --- [Shift Scheduler Demo] [           main] org.hibernate.SQL                        : insert into shift_assignments (employee_id,end_time,shift_name,start_time,work_date) values (?,?,?,?,?)
Hibernate: insert into shift_assignments (employee_id,end_time,shift_name,start_time,work_date) values (?,?,?,?,?)
2025-10-13T21:43:06.959+09:00 DEBUG 2284 --- [Shift Scheduler Demo] [           main] org.hibernate.SQL                        : select last_insert_rowid()
Hibernate: select last_insert_rowid()
2025-10-13T21:43:06.959+09:00 DEBUG 2284 --- [Shift Scheduler Demo] [           main] org.hibernate.SQL                        : insert into shift_assignments (employee_id,end_time,shift_name,start_time,work_date) values (?,?,?,?,?)
Hibernate: insert into shift_assignments (employee_id,end_time,shift_name,start_time,work_date) values (?,?,?,?,?)
2025-10-13T21:43:06.959+09:00 DEBUG 2284 --- [Shift Scheduler Demo] [           main] org.hibernate.SQL                        : select last_insert_rowid()
Hibernate: select last_insert_rowid()
2025-10-13T21:43:06.959+09:00 DEBUG 2284 --- [Shift Scheduler Demo] [           main] org.hibernate.SQL                        : insert into shift_assignments (employee_id,end_time,shift_name,start_time,work_date) values (?,?,?,?,?)
Hibernate: insert into shift_assignments (employee_id,end_time,shift_name,start_time,work_date) values (?,?,?,?,?)
2025-10-13T21:43:06.959+09:00 DEBUG 2284 --- [Shift Scheduler Demo] [           main] org.hibernate.SQL                        : select last_insert_rowid()
Hibernate: select last_insert_rowid()
2025-10-13T21:43:06.959+09:00 DEBUG 2284 --- [Shift Scheduler Demo] [           main] org.hibernate.SQL                        : insert into shift_assignments (employee_id,end_time,shift_name,start_time,work_date) values (?,?,?,?,?)
Hibernate: insert into shift_assignments (employee_id,end_time,shift_name,start_time,work_date) values (?,?,?,?,?)
2025-10-13T21:43:06.960+09:00 DEBUG 2284 --- [Shift Scheduler Demo] [           main] org.hibernate.SQL                        : select last_insert_rowid()
Hibernate: select last_insert_rowid()
2025-10-13T21:43:06.960+09:00 DEBUG 2284 --- [Shift Scheduler Demo] [           main] org.hibernate.SQL                        : insert into shift_assignments (employee_id,end_time,shift_name,start_time,work_date) values (?,?,?,?,?)
Hibernate: insert into shift_assignments (employee_id,end_time,shift_name,start_time,work_date) values (?,?,?,?,?)
2025-10-13T21:43:06.960+09:00 DEBUG 2284 --- [Shift Scheduler Demo] [           main] org.hibernate.SQL                        : select last_insert_rowid()
Hibernate: select last_insert_rowid()
2025-10-13T21:43:06.960+09:00 DEBUG 2284 --- [Shift Scheduler Demo] [           main] org.hibernate.SQL                        : insert into shift_assignments (employee_id,end_time,shift_name,start_time,work_date) values (?,?,?,?,?)
Hibernate: insert into shift_assignments (employee_id,end_time,shift_name,start_time,work_date) values (?,?,?,?,?)
2025-10-13T21:43:06.960+09:00 DEBUG 2284 --- [Shift Scheduler Demo] [           main] org.hibernate.SQL                        : select last_insert_rowid()
Hibernate: select last_insert_rowid()
2025-10-13T21:43:06.960+09:00 DEBUG 2284 --- [Shift Scheduler Demo] [           main] org.hibernate.SQL                        : insert into shift_assignments (employee_id,end_time,shift_name,start_time,work_date) values (?,?,?,?,?)
Hibernate: insert into shift_assignments (employee_id,end_time,shift_name,start_time,work_date) values (?,?,?,?,?)
2025-10-13T21:43:06.960+09:00 DEBUG 2284 --- [Shift Scheduler Demo] [           main] org.hibernate.SQL                        : select last_insert_rowid()
Hibernate: select last_insert_rowid()
2025-10-13T21:43:06.963+09:00 DEBUG 2284 --- [Shift Scheduler Demo] [           main] org.hibernate.SQL                        : insert into shift_assignments (employee_id,end_time,shift_name,start_time,work_date) values (?,?,?,?,?)
Hibernate: insert into shift_assignments (employee_id,end_time,shift_name,start_time,work_date) values (?,?,?,?,?)
2025-10-13T21:43:06.965+09:00 DEBUG 2284 --- [Shift Scheduler Demo] [           main] org.hibernate.SQL                        : select last_insert_rowid()
Hibernate: select last_insert_rowid()
2025-10-13T21:43:06.966+09:00 DEBUG 2284 --- [Shift Scheduler Demo] [           main] org.hibernate.SQL                        : insert into shift_assignments (employee_id,end_time,shift_name,start_time,work_date) values (?,?,?,?,?)
Hibernate: insert into shift_assignments (employee_id,end_time,shift_name,start_time,work_date) values (?,?,?,?,?)
2025-10-13T21:43:06.966+09:00 DEBUG 2284 --- [Shift Scheduler Demo] [           main] org.hibernate.SQL                        : select last_insert_rowid()
Hibernate: select last_insert_rowid()
2025-10-13T21:43:06.966+09:00 DEBUG 2284 --- [Shift Scheduler Demo] [           main] org.hibernate.SQL                        : insert into shift_assignments (employee_id,end_time,shift_name,start_time,work_date) values (?,?,?,?,?)
Hibernate: insert into shift_assignments (employee_id,end_time,shift_name,start_time,work_date) values (?,?,?,?,?)
2025-10-13T21:43:06.966+09:00 DEBUG 2284 --- [Shift Scheduler Demo] [           main] org.hibernate.SQL                        : select last_insert_rowid()
Hibernate: select last_insert_rowid()
2025-10-13T21:43:06.967+09:00 DEBUG 2284 --- [Shift Scheduler Demo] [           main] org.hibernate.SQL                        : insert into shift_assignments (employee_id,end_time,shift_name,start_time,work_date) values (?,?,?,?,?)
Hibernate: insert into shift_assignments (employee_id,end_time,shift_name,start_time,work_date) values (?,?,?,?,?)
2025-10-13T21:43:06.967+09:00 DEBUG 2284 --- [Shift Scheduler Demo] [           main] org.hibernate.SQL                        : select last_insert_rowid()
Hibernate: select last_insert_rowid()
2025-10-13T21:43:06.967+09:00 DEBUG 2284 --- [Shift Scheduler Demo] [           main] org.hibernate.SQL                        : insert into shift_assignments (employee_id,end_time,shift_name,start_time,work_date) values (?,?,?,?,?)
Hibernate: insert into shift_assignments (employee_id,end_time,shift_name,start_time,work_date) values (?,?,?,?,?)
2025-10-13T21:43:06.967+09:00 DEBUG 2284 --- [Shift Scheduler Demo] [           main] org.hibernate.SQL                        : select last_insert_rowid()
Hibernate: select last_insert_rowid()
2025-10-13T21:43:06.968+09:00 DEBUG 2284 --- [Shift Scheduler Demo] [           main] org.hibernate.SQL                        : insert into shift_assignments (employee_id,end_time,shift_name,start_time,work_date) values (?,?,?,?,?)
Hibernate: insert into shift_assignments (employee_id,end_time,shift_name,start_time,work_date) values (?,?,?,?,?)
2025-10-13T21:43:06.968+09:00 DEBUG 2284 --- [Shift Scheduler Demo] [           main] org.hibernate.SQL                        : select last_insert_rowid()
Hibernate: select last_insert_rowid()
2025-10-13T21:43:06.968+09:00 DEBUG 2284 --- [Shift Scheduler Demo] [           main] org.hibernate.SQL                        : insert into shift_assignments (employee_id,end_time,shift_name,start_time,work_date) values (?,?,?,?,?)
Hibernate: insert into shift_assignments (employee_id,end_time,shift_name,start_time,work_date) values (?,?,?,?,?)
2025-10-13T21:43:06.968+09:00 DEBUG 2284 --- [Shift Scheduler Demo] [           main] org.hibernate.SQL                        : select last_insert_rowid()
Hibernate: select last_insert_rowid()
2025-10-13T21:43:06.968+09:00 DEBUG 2284 --- [Shift Scheduler Demo] [           main] org.hibernate.SQL                        : insert into shift_assignments (employee_id,end_time,shift_name,start_time,work_date) values (?,?,?,?,?)
Hibernate: insert into shift_assignments (employee_id,end_time,shift_name,start_time,work_date) values (?,?,?,?,?)
2025-10-13T21:43:06.968+09:00 DEBUG 2284 --- [Shift Scheduler Demo] [           main] org.hibernate.SQL                        : select last_insert_rowid()
Hibernate: select last_insert_rowid()
2025-10-13T21:43:06.968+09:00 DEBUG 2284 --- [Shift Scheduler Demo] [           main] org.hibernate.SQL                        : insert into shift_assignments (employee_id,end_time,shift_name,start_time,work_date) values (?,?,?,?,?)
Hibernate: insert into shift_assignments (employee_id,end_time,shift_name,start_time,work_date) values (?,?,?,?,?)
2025-10-13T21:43:06.968+09:00 DEBUG 2284 --- [Shift Scheduler Demo] [           main] org.hibernate.SQL                        : select last_insert_rowid()
Hibernate: select last_insert_rowid()
2025-10-13T21:43:06.968+09:00 DEBUG 2284 --- [Shift Scheduler Demo] [           main] org.hibernate.SQL                        : insert into shift_assignments (employee_id,end_time,shift_name,start_time,work_date) values (?,?,?,?,?)
Hibernate: insert into shift_assignments (employee_id,end_time,shift_name,start_time,work_date) values (?,?,?,?,?)
2025-10-13T21:43:06.969+09:00 DEBUG 2284 --- [Shift Scheduler Demo] [           main] org.hibernate.SQL                        : select last_insert_rowid()
Hibernate: select last_insert_rowid()
2025-10-13T21:43:06.969+09:00 DEBUG 2284 --- [Shift Scheduler Demo] [           main] org.hibernate.SQL                        : insert into shift_assignments (employee_id,end_time,shift_name,start_time,work_date) values (?,?,?,?,?)
Hibernate: insert into shift_assignments (employee_id,end_time,shift_name,start_time,work_date) values (?,?,?,?,?)
2025-10-13T21:43:06.969+09:00 DEBUG 2284 --- [Shift Scheduler Demo] [           main] org.hibernate.SQL                        : select last_insert_rowid()
Hibernate: select last_insert_rowid()
2025-10-13T21:43:06.969+09:00 DEBUG 2284 --- [Shift Scheduler Demo] [           main] org.hibernate.SQL                        : insert into shift_assignments (employee_id,end_time,shift_name,start_time,work_date) values (?,?,?,?,?)
Hibernate: insert into shift_assignments (employee_id,end_time,shift_name,start_time,work_date) values (?,?,?,?,?)
2025-10-13T21:43:06.970+09:00 DEBUG 2284 --- [Shift Scheduler Demo] [           main] org.hibernate.SQL                        : select last_insert_rowid()
Hibernate: select last_insert_rowid()
2025-10-13T21:43:06.970+09:00 DEBUG 2284 --- [Shift Scheduler Demo] [           main] org.hibernate.SQL                        : insert into shift_assignments (employee_id,end_time,shift_name,start_time,work_date) values (?,?,?,?,?)
Hibernate: insert into shift_assignments (employee_id,end_time,shift_name,start_time,work_date) values (?,?,?,?,?)
2025-10-13T21:43:06.970+09:00 DEBUG 2284 --- [Shift Scheduler Demo] [           main] org.hibernate.SQL                        : select last_insert_rowid()
Hibernate: select last_insert_rowid()
2025-10-13T21:43:06.971+09:00 DEBUG 2284 --- [Shift Scheduler Demo] [           main] org.hibernate.SQL                        : insert into shift_assignments (employee_id,end_time,shift_name,start_time,work_date) values (?,?,?,?,?)
Hibernate: insert into shift_assignments (employee_id,end_time,shift_name,start_time,work_date) values (?,?,?,?,?)
2025-10-13T21:43:06.971+09:00 DEBUG 2284 --- [Shift Scheduler Demo] [           main] org.hibernate.SQL                        : select last_insert_rowid()
Hibernate: select last_insert_rowid()
2025-10-13T21:43:06.971+09:00 DEBUG 2284 --- [Shift Scheduler Demo] [           main] org.hibernate.SQL                        : insert into shift_assignments (employee_id,end_time,shift_name,start_time,work_date) values (?,?,?,?,?)
Hibernate: insert into shift_assignments (employee_id,end_time,shift_name,start_time,work_date) values (?,?,?,?,?)
2025-10-13T21:43:06.971+09:00 DEBUG 2284 --- [Shift Scheduler Demo] [           main] org.hibernate.SQL                        : select last_insert_rowid()
Hibernate: select last_insert_rowid()
2025-10-13T21:43:06.971+09:00 DEBUG 2284 --- [Shift Scheduler Demo] [           main] org.hibernate.SQL                        : insert into shift_assignments (employee_id,end_time,shift_name,start_time,work_date) values (?,?,?,?,?)
Hibernate: insert into shift_assignments (employee_id,end_time,shift_name,start_time,work_date) values (?,?,?,?,?)
2025-10-13T21:43:06.971+09:00 DEBUG 2284 --- [Shift Scheduler Demo] [           main] org.hibernate.SQL                        : select last_insert_rowid()
Hibernate: select last_insert_rowid()
2025-10-13T21:43:06.971+09:00 DEBUG 2284 --- [Shift Scheduler Demo] [           main] org.hibernate.SQL                        : insert into shift_assignments (employee_id,end_time,shift_name,start_time,work_date) values (?,?,?,?,?)
Hibernate: insert into shift_assignments (employee_id,end_time,shift_name,start_time,work_date) values (?,?,?,?,?)
2025-10-13T21:43:06.972+09:00 DEBUG 2284 --- [Shift Scheduler Demo] [           main] org.hibernate.SQL                        : select last_insert_rowid()
Hibernate: select last_insert_rowid()
2025-10-13T21:43:06.972+09:00 DEBUG 2284 --- [Shift Scheduler Demo] [           main] org.hibernate.SQL                        : insert into shift_assignments (employee_id,end_time,shift_name,start_time,work_date) values (?,?,?,?,?)
Hibernate: insert into shift_assignments (employee_id,end_time,shift_name,start_time,work_date) values (?,?,?,?,?)
2025-10-13T21:43:06.972+09:00 DEBUG 2284 --- [Shift Scheduler Demo] [           main] org.hibernate.SQL                        : select last_insert_rowid()
Hibernate: select last_insert_rowid()
2025-10-13T21:43:06.972+09:00 DEBUG 2284 --- [Shift Scheduler Demo] [           main] org.hibernate.SQL                        : insert into shift_assignments (employee_id,end_time,shift_name,start_time,work_date) values (?,?,?,?,?)
Hibernate: insert into shift_assignments (employee_id,end_time,shift_name,start_time,work_date) values (?,?,?,?,?)
2025-10-13T21:43:06.972+09:00 DEBUG 2284 --- [Shift Scheduler Demo] [           main] org.hibernate.SQL                        : select last_insert_rowid()
Hibernate: select last_insert_rowid()
2025-10-13T21:43:06.972+09:00 DEBUG 2284 --- [Shift Scheduler Demo] [           main] org.hibernate.SQL                        : insert into shift_assignments (employee_id,end_time,shift_name,start_time,work_date) values (?,?,?,?,?)
Hibernate: insert into shift_assignments (employee_id,end_time,shift_name,start_time,work_date) values (?,?,?,?,?)
2025-10-13T21:43:06.972+09:00 DEBUG 2284 --- [Shift Scheduler Demo] [           main] org.hibernate.SQL                        : select last_insert_rowid()
Hibernate: select last_insert_rowid()
2025-10-13T21:43:06.973+09:00 DEBUG 2284 --- [Shift Scheduler Demo] [           main] org.hibernate.SQL                        : insert into shift_assignments (employee_id,end_time,shift_name,start_time,work_date) values (?,?,?,?,?)
Hibernate: insert into shift_assignments (employee_id,end_time,shift_name,start_time,work_date) values (?,?,?,?,?)
2025-10-13T21:43:06.973+09:00 DEBUG 2284 --- [Shift Scheduler Demo] [           main] org.hibernate.SQL                        : select last_insert_rowid()
Hibernate: select last_insert_rowid()
2025-10-13T21:43:06.973+09:00 DEBUG 2284 --- [Shift Scheduler Demo] [           main] org.hibernate.SQL                        : insert into shift_assignments (employee_id,end_time,shift_name,start_time,work_date) values (?,?,?,?,?)
Hibernate: insert into shift_assignments (employee_id,end_time,shift_name,start_time,work_date) values (?,?,?,?,?)
2025-10-13T21:43:06.973+09:00 DEBUG 2284 --- [Shift Scheduler Demo] [           main] org.hibernate.SQL                        : select last_insert_rowid()
Hibernate: select last_insert_rowid()
2025-10-13T21:43:06.973+09:00 DEBUG 2284 --- [Shift Scheduler Demo] [           main] org.hibernate.SQL                        : insert into shift_assignments (employee_id,end_time,shift_name,start_time,work_date) values (?,?,?,?,?)
Hibernate: insert into shift_assignments (employee_id,end_time,shift_name,start_time,work_date) values (?,?,?,?,?)
2025-10-13T21:43:06.973+09:00 DEBUG 2284 --- [Shift Scheduler Demo] [           main] org.hibernate.SQL                        : select last_insert_rowid()
Hibernate: select last_insert_rowid()
2025-10-13T21:43:06.973+09:00 DEBUG 2284 --- [Shift Scheduler Demo] [           main] org.hibernate.SQL                        : insert into shift_assignments (employee_id,end_time,shift_name,start_time,work_date) values (?,?,?,?,?)
Hibernate: insert into shift_assignments (employee_id,end_time,shift_name,start_time,work_date) values (?,?,?,?,?)
2025-10-13T21:43:06.974+09:00 DEBUG 2284 --- [Shift Scheduler Demo] [           main] org.hibernate.SQL                        : select last_insert_rowid()
Hibernate: select last_insert_rowid()
2025-10-13T21:43:06.974+09:00 DEBUG 2284 --- [Shift Scheduler Demo] [           main] org.hibernate.SQL                        : insert into shift_assignments (employee_id,end_time,shift_name,start_time,work_date) values (?,?,?,?,?)
Hibernate: insert into shift_assignments (employee_id,end_time,shift_name,start_time,work_date) values (?,?,?,?,?)
2025-10-13T21:43:06.974+09:00 DEBUG 2284 --- [Shift Scheduler Demo] [           main] org.hibernate.SQL                        : select last_insert_rowid()
Hibernate: select last_insert_rowid()
2025-10-13T21:43:06.974+09:00 DEBUG 2284 --- [Shift Scheduler Demo] [           main] org.hibernate.SQL                        : insert into shift_assignments (employee_id,end_time,shift_name,start_time,work_date) values (?,?,?,?,?)
Hibernate: insert into shift_assignments (employee_id,end_time,shift_name,start_time,work_date) values (?,?,?,?,?)
2025-10-13T21:43:06.974+09:00 DEBUG 2284 --- [Shift Scheduler Demo] [           main] org.hibernate.SQL                        : select last_insert_rowid()
Hibernate: select last_insert_rowid()
2025-10-13T21:43:06.974+09:00 DEBUG 2284 --- [Shift Scheduler Demo] [           main] org.hibernate.SQL                        : insert into shift_assignments (employee_id,end_time,shift_name,start_time,work_date) values (?,?,?,?,?)
Hibernate: insert into shift_assignments (employee_id,end_time,shift_name,start_time,work_date) values (?,?,?,?,?)
2025-10-13T21:43:06.974+09:00 DEBUG 2284 --- [Shift Scheduler Demo] [           main] org.hibernate.SQL                        : select last_insert_rowid()
Hibernate: select last_insert_rowid()
2025-10-13T21:43:06.974+09:00 DEBUG 2284 --- [Shift Scheduler Demo] [           main] org.hibernate.SQL                        : insert into shift_assignments (employee_id,end_time,shift_name,start_time,work_date) values (?,?,?,?,?)
Hibernate: insert into shift_assignments (employee_id,end_time,shift_name,start_time,work_date) values (?,?,?,?,?)
2025-10-13T21:43:06.974+09:00 DEBUG 2284 --- [Shift Scheduler Demo] [           main] org.hibernate.SQL                        : select last_insert_rowid()
Hibernate: select last_insert_rowid()
2025-10-13T21:43:06.974+09:00 DEBUG 2284 --- [Shift Scheduler Demo] [           main] org.hibernate.SQL                        : insert into shift_assignments (employee_id,end_time,shift_name,start_time,work_date) values (?,?,?,?,?)
Hibernate: insert into shift_assignments (employee_id,end_time,shift_name,start_time,work_date) values (?,?,?,?,?)
2025-10-13T21:43:06.975+09:00 DEBUG 2284 --- [Shift Scheduler Demo] [           main] org.hibernate.SQL                        : select last_insert_rowid()
Hibernate: select last_insert_rowid()
2025-10-13T21:43:06.975+09:00 DEBUG 2284 --- [Shift Scheduler Demo] [           main] org.hibernate.SQL                        : insert into shift_assignments (employee_id,end_time,shift_name,start_time,work_date) values (?,?,?,?,?)
Hibernate: insert into shift_assignments (employee_id,end_time,shift_name,start_time,work_date) values (?,?,?,?,?)
2025-10-13T21:43:06.975+09:00 DEBUG 2284 --- [Shift Scheduler Demo] [           main] org.hibernate.SQL                        : select last_insert_rowid()
Hibernate: select last_insert_rowid()
2025-10-13T21:43:06.975+09:00 DEBUG 2284 --- [Shift Scheduler Demo] [           main] org.hibernate.SQL                        : insert into shift_assignments (employee_id,end_time,shift_name,start_time,work_date) values (?,?,?,?,?)
Hibernate: insert into shift_assignments (employee_id,end_time,shift_name,start_time,work_date) values (?,?,?,?,?)
2025-10-13T21:43:06.975+09:00 DEBUG 2284 --- [Shift Scheduler Demo] [           main] org.hibernate.SQL                        : select last_insert_rowid()
Hibernate: select last_insert_rowid()
2025-10-13T21:43:06.975+09:00 DEBUG 2284 --- [Shift Scheduler Demo] [           main] org.hibernate.SQL                        : insert into shift_assignments (employee_id,end_time,shift_name,start_time,work_date) values (?,?,?,?,?)
Hibernate: insert into shift_assignments (employee_id,end_time,shift_name,start_time,work_date) values (?,?,?,?,?)
2025-10-13T21:43:06.975+09:00 DEBUG 2284 --- [Shift Scheduler Demo] [           main] org.hibernate.SQL                        : select last_insert_rowid()
Hibernate: select last_insert_rowid()
2025-10-13T21:43:06.975+09:00 DEBUG 2284 --- [Shift Scheduler Demo] [           main] org.hibernate.SQL                        : insert into shift_assignments (employee_id,end_time,shift_name,start_time,work_date) values (?,?,?,?,?)
Hibernate: insert into shift_assignments (employee_id,end_time,shift_name,start_time,work_date) values (?,?,?,?,?)
2025-10-13T21:43:06.976+09:00 DEBUG 2284 --- [Shift Scheduler Demo] [           main] org.hibernate.SQL                        : select last_insert_rowid()
Hibernate: select last_insert_rowid()
2025-10-13T21:43:06.976+09:00 DEBUG 2284 --- [Shift Scheduler Demo] [           main] org.hibernate.SQL                        : insert into shift_assignments (employee_id,end_time,shift_name,start_time,work_date) values (?,?,?,?,?)
Hibernate: insert into shift_assignments (employee_id,end_time,shift_name,start_time,work_date) values (?,?,?,?,?)
2025-10-13T21:43:06.976+09:00 DEBUG 2284 --- [Shift Scheduler Demo] [           main] org.hibernate.SQL                        : select last_insert_rowid()
Hibernate: select last_insert_rowid()
2025-10-13T21:43:06.976+09:00 DEBUG 2284 --- [Shift Scheduler Demo] [           main] org.hibernate.SQL                        : insert into shift_assignments (employee_id,end_time,shift_name,start_time,work_date) values (?,?,?,?,?)
Hibernate: insert into shift_assignments (employee_id,end_time,shift_name,start_time,work_date) values (?,?,?,?,?)
2025-10-13T21:43:06.976+09:00 DEBUG 2284 --- [Shift Scheduler Demo] [           main] org.hibernate.SQL                        : select last_insert_rowid()
Hibernate: select last_insert_rowid()
2025-10-13T21:43:06.976+09:00 DEBUG 2284 --- [Shift Scheduler Demo] [           main] org.hibernate.SQL                        : insert into shift_assignments (employee_id,end_time,shift_name,start_time,work_date) values (?,?,?,?,?)
Hibernate: insert into shift_assignments (employee_id,end_time,shift_name,start_time,work_date) values (?,?,?,?,?)
2025-10-13T21:43:06.976+09:00 DEBUG 2284 --- [Shift Scheduler Demo] [           main] org.hibernate.SQL                        : select last_insert_rowid()
Hibernate: select last_insert_rowid()
2025-10-13T21:43:06.976+09:00 DEBUG 2284 --- [Shift Scheduler Demo] [           main] org.hibernate.SQL                        : insert into shift_assignments (employee_id,end_time,shift_name,start_time,work_date) values (?,?,?,?,?)
Hibernate: insert into shift_assignments (employee_id,end_time,shift_name,start_time,work_date) values (?,?,?,?,?)
2025-10-13T21:43:06.976+09:00 DEBUG 2284 --- [Shift Scheduler Demo] [           main] org.hibernate.SQL                        : select last_insert_rowid()
Hibernate: select last_insert_rowid()
2025-10-13T21:43:06.976+09:00 DEBUG 2284 --- [Shift Scheduler Demo] [           main] org.hibernate.SQL                        : insert into shift_assignments (employee_id,end_time,shift_name,start_time,work_date) values (?,?,?,?,?)
Hibernate: insert into shift_assignments (employee_id,end_time,shift_name,start_time,work_date) values (?,?,?,?,?)
2025-10-13T21:43:06.977+09:00 DEBUG 2284 --- [Shift Scheduler Demo] [           main] org.hibernate.SQL                        : select last_insert_rowid()
Hibernate: select last_insert_rowid()
2025-10-13T21:43:06.977+09:00 DEBUG 2284 --- [Shift Scheduler Demo] [           main] org.hibernate.SQL                        : insert into shift_assignments (employee_id,end_time,shift_name,start_time,work_date) values (?,?,?,?,?)
Hibernate: insert into shift_assignments (employee_id,end_time,shift_name,start_time,work_date) values (?,?,?,?,?)
2025-10-13T21:43:06.977+09:00 DEBUG 2284 --- [Shift Scheduler Demo] [           main] org.hibernate.SQL                        : select last_insert_rowid()
Hibernate: select last_insert_rowid()
2025-10-13T21:43:06.977+09:00 DEBUG 2284 --- [Shift Scheduler Demo] [           main] org.hibernate.SQL                        : insert into shift_assignments (employee_id,end_time,shift_name,start_time,work_date) values (?,?,?,?,?)
Hibernate: insert into shift_assignments (employee_id,end_time,shift_name,start_time,work_date) values (?,?,?,?,?)
2025-10-13T21:43:06.977+09:00 DEBUG 2284 --- [Shift Scheduler Demo] [           main] org.hibernate.SQL                        : select last_insert_rowid()
Hibernate: select last_insert_rowid()
2025-10-13T21:43:06.977+09:00 DEBUG 2284 --- [Shift Scheduler Demo] [           main] org.hibernate.SQL                        : insert into shift_assignments (employee_id,end_time,shift_name,start_time,work_date) values (?,?,?,?,?)
Hibernate: insert into shift_assignments (employee_id,end_time,shift_name,start_time,work_date) values (?,?,?,?,?)
2025-10-13T21:43:06.977+09:00 DEBUG 2284 --- [Shift Scheduler Demo] [           main] org.hibernate.SQL                        : select last_insert_rowid()
Hibernate: select last_insert_rowid()
2025-10-13T21:43:06.978+09:00 DEBUG 2284 --- [Shift Scheduler Demo] [           main] org.hibernate.SQL                        : insert into shift_assignments (employee_id,end_time,shift_name,start_time,work_date) values (?,?,?,?,?)
Hibernate: insert into shift_assignments (employee_id,end_time,shift_name,start_time,work_date) values (?,?,?,?,?)
2025-10-13T21:43:06.978+09:00 DEBUG 2284 --- [Shift Scheduler Demo] [           main] org.hibernate.SQL                        : select last_insert_rowid()
Hibernate: select last_insert_rowid()
2025-10-13T21:43:06.978+09:00 DEBUG 2284 --- [Shift Scheduler Demo] [           main] org.hibernate.SQL                        : insert into shift_assignments (employee_id,end_time,shift_name,start_time,work_date) values (?,?,?,?,?)
Hibernate: insert into shift_assignments (employee_id,end_time,shift_name,start_time,work_date) values (?,?,?,?,?)
2025-10-13T21:43:06.978+09:00 DEBUG 2284 --- [Shift Scheduler Demo] [           main] org.hibernate.SQL                        : select last_insert_rowid()
Hibernate: select last_insert_rowid()
2025-10-13T21:43:06.978+09:00 DEBUG 2284 --- [Shift Scheduler Demo] [           main] org.hibernate.SQL                        : insert into shift_assignments (employee_id,end_time,shift_name,start_time,work_date) values (?,?,?,?,?)
Hibernate: insert into shift_assignments (employee_id,end_time,shift_name,start_time,work_date) values (?,?,?,?,?)
2025-10-13T21:43:06.978+09:00 DEBUG 2284 --- [Shift Scheduler Demo] [           main] org.hibernate.SQL                        : select last_insert_rowid()
Hibernate: select last_insert_rowid()
2025-10-13T21:43:06.978+09:00 DEBUG 2284 --- [Shift Scheduler Demo] [           main] org.hibernate.SQL                        : insert into shift_assignments (employee_id,end_time,shift_name,start_time,work_date) values (?,?,?,?,?)
Hibernate: insert into shift_assignments (employee_id,end_time,shift_name,start_time,work_date) values (?,?,?,?,?)
2025-10-13T21:43:06.978+09:00 DEBUG 2284 --- [Shift Scheduler Demo] [           main] org.hibernate.SQL                        : select last_insert_rowid()
Hibernate: select last_insert_rowid()
2025-10-13T21:43:06.980+09:00 DEBUG 2284 --- [Shift Scheduler Demo] [           main] org.hibernate.SQL                        : insert into shift_assignments (employee_id,end_time,shift_name,start_time,work_date) values (?,?,?,?,?)
Hibernate: insert into shift_assignments (employee_id,end_time,shift_name,start_time,work_date) values (?,?,?,?,?)
2025-10-13T21:43:06.980+09:00 DEBUG 2284 --- [Shift Scheduler Demo] [           main] org.hibernate.SQL                        : select last_insert_rowid()
Hibernate: select last_insert_rowid()
2025-10-13T21:43:06.980+09:00 DEBUG 2284 --- [Shift Scheduler Demo] [           main] org.hibernate.SQL                        : insert into shift_assignments (employee_id,end_time,shift_name,start_time,work_date) values (?,?,?,?,?)
Hibernate: insert into shift_assignments (employee_id,end_time,shift_name,start_time,work_date) values (?,?,?,?,?)
2025-10-13T21:43:06.980+09:00 DEBUG 2284 --- [Shift Scheduler Demo] [           main] org.hibernate.SQL                        : select last_insert_rowid()
Hibernate: select last_insert_rowid()
2025-10-13T21:43:06.980+09:00 DEBUG 2284 --- [Shift Scheduler Demo] [           main] org.hibernate.SQL                        : insert into shift_assignments (employee_id,end_time,shift_name,start_time,work_date) values (?,?,?,?,?)
Hibernate: insert into shift_assignments (employee_id,end_time,shift_name,start_time,work_date) values (?,?,?,?,?)
2025-10-13T21:43:06.980+09:00 DEBUG 2284 --- [Shift Scheduler Demo] [           main] org.hibernate.SQL                        : select last_insert_rowid()
Hibernate: select last_insert_rowid()
2025-10-13T21:43:06.981+09:00 DEBUG 2284 --- [Shift Scheduler Demo] [           main] org.hibernate.SQL                        : insert into shift_assignments (employee_id,end_time,shift_name,start_time,work_date) values (?,?,?,?,?)
Hibernate: insert into shift_assignments (employee_id,end_time,shift_name,start_time,work_date) values (?,?,?,?,?)
2025-10-13T21:43:06.981+09:00 DEBUG 2284 --- [Shift Scheduler Demo] [           main] org.hibernate.SQL                        : select last_insert_rowid()
Hibernate: select last_insert_rowid()
2025-10-13T21:43:06.981+09:00 DEBUG 2284 --- [Shift Scheduler Demo] [           main] org.hibernate.SQL                        : insert into shift_assignments (employee_id,end_time,shift_name,start_time,work_date) values (?,?,?,?,?)
Hibernate: insert into shift_assignments (employee_id,end_time,shift_name,start_time,work_date) values (?,?,?,?,?)
2025-10-13T21:43:06.981+09:00 DEBUG 2284 --- [Shift Scheduler Demo] [           main] org.hibernate.SQL                        : select last_insert_rowid()
Hibernate: select last_insert_rowid()
2025-10-13T21:43:06.981+09:00 DEBUG 2284 --- [Shift Scheduler Demo] [           main] org.hibernate.SQL                        : insert into shift_assignments (employee_id,end_time,shift_name,start_time,work_date) values (?,?,?,?,?)
Hibernate: insert into shift_assignments (employee_id,end_time,shift_name,start_time,work_date) values (?,?,?,?,?)
2025-10-13T21:43:06.981+09:00 DEBUG 2284 --- [Shift Scheduler Demo] [           main] org.hibernate.SQL                        : select last_insert_rowid()
Hibernate: select last_insert_rowid()
2025-10-13T21:43:06.981+09:00 DEBUG 2284 --- [Shift Scheduler Demo] [           main] org.hibernate.SQL                        : insert into shift_assignments (employee_id,end_time,shift_name,start_time,work_date) values (?,?,?,?,?)
Hibernate: insert into shift_assignments (employee_id,end_time,shift_name,start_time,work_date) values (?,?,?,?,?)
2025-10-13T21:43:06.982+09:00 DEBUG 2284 --- [Shift Scheduler Demo] [           main] org.hibernate.SQL                        : select last_insert_rowid()
Hibernate: select last_insert_rowid()
2025-10-13T21:43:06.982+09:00 DEBUG 2284 --- [Shift Scheduler Demo] [           main] org.hibernate.SQL                        : insert into shift_assignments (employee_id,end_time,shift_name,start_time,work_date) values (?,?,?,?,?)
Hibernate: insert into shift_assignments (employee_id,end_time,shift_name,start_time,work_date) values (?,?,?,?,?)
2025-10-13T21:43:06.982+09:00 DEBUG 2284 --- [Shift Scheduler Demo] [           main] org.hibernate.SQL                        : select last_insert_rowid()
Hibernate: select last_insert_rowid()
2025-10-13T21:43:06.982+09:00 DEBUG 2284 --- [Shift Scheduler Demo] [           main] org.hibernate.SQL                        : insert into shift_assignments (employee_id,end_time,shift_name,start_time,work_date) values (?,?,?,?,?)
Hibernate: insert into shift_assignments (employee_id,end_time,shift_name,start_time,work_date) values (?,?,?,?,?)
2025-10-13T21:43:06.982+09:00 DEBUG 2284 --- [Shift Scheduler Demo] [           main] org.hibernate.SQL                        : select last_insert_rowid()
Hibernate: select last_insert_rowid()
2025-10-13T21:43:06.982+09:00 DEBUG 2284 --- [Shift Scheduler Demo] [           main] org.hibernate.SQL                        : insert into shift_assignments (employee_id,end_time,shift_name,start_time,work_date) values (?,?,?,?,?)
Hibernate: insert into shift_assignments (employee_id,end_time,shift_name,start_time,work_date) values (?,?,?,?,?)
2025-10-13T21:43:06.983+09:00 DEBUG 2284 --- [Shift Scheduler Demo] [           main] org.hibernate.SQL                        : select last_insert_rowid()
Hibernate: select last_insert_rowid()
2025-10-13T21:43:06.983+09:00 DEBUG 2284 --- [Shift Scheduler Demo] [           main] org.hibernate.SQL                        : insert into shift_assignments (employee_id,end_time,shift_name,start_time,work_date) values (?,?,?,?,?)
Hibernate: insert into shift_assignments (employee_id,end_time,shift_name,start_time,work_date) values (?,?,?,?,?)
2025-10-13T21:43:06.983+09:00 DEBUG 2284 --- [Shift Scheduler Demo] [           main] org.hibernate.SQL                        : select last_insert_rowid()
Hibernate: select last_insert_rowid()
2025-10-13T21:43:06.983+09:00 DEBUG 2284 --- [Shift Scheduler Demo] [           main] org.hibernate.SQL                        : insert into shift_assignments (employee_id,end_time,shift_name,start_time,work_date) values (?,?,?,?,?)
Hibernate: insert into shift_assignments (employee_id,end_time,shift_name,start_time,work_date) values (?,?,?,?,?)
2025-10-13T21:43:06.983+09:00 DEBUG 2284 --- [Shift Scheduler Demo] [           main] org.hibernate.SQL                        : select last_insert_rowid()
Hibernate: select last_insert_rowid()
2025-10-13T21:43:06.983+09:00 DEBUG 2284 --- [Shift Scheduler Demo] [           main] org.hibernate.SQL                        : insert into shift_assignments (employee_id,end_time,shift_name,start_time,work_date) values (?,?,?,?,?)
Hibernate: insert into shift_assignments (employee_id,end_time,shift_name,start_time,work_date) values (?,?,?,?,?)
2025-10-13T21:43:06.983+09:00 DEBUG 2284 --- [Shift Scheduler Demo] [           main] org.hibernate.SQL                        : select last_insert_rowid()
Hibernate: select last_insert_rowid()
2025-10-13T21:43:06.983+09:00 DEBUG 2284 --- [Shift Scheduler Demo] [           main] org.hibernate.SQL                        : insert into shift_assignments (employee_id,end_time,shift_name,start_time,work_date) values (?,?,?,?,?)
Hibernate: insert into shift_assignments (employee_id,end_time,shift_name,start_time,work_date) values (?,?,?,?,?)
2025-10-13T21:43:06.984+09:00 DEBUG 2284 --- [Shift Scheduler Demo] [           main] org.hibernate.SQL                        : select last_insert_rowid()
Hibernate: select last_insert_rowid()
2025-10-13T21:43:06.984+09:00 DEBUG 2284 --- [Shift Scheduler Demo] [           main] org.hibernate.SQL                        : insert into shift_assignments (employee_id,end_time,shift_name,start_time,work_date) values (?,?,?,?,?)
Hibernate: insert into shift_assignments (employee_id,end_time,shift_name,start_time,work_date) values (?,?,?,?,?)
2025-10-13T21:43:06.984+09:00 DEBUG 2284 --- [Shift Scheduler Demo] [           main] org.hibernate.SQL                        : select last_insert_rowid()
Hibernate: select last_insert_rowid()
2025-10-13T21:43:06.984+09:00 DEBUG 2284 --- [Shift Scheduler Demo] [           main] org.hibernate.SQL                        : insert into shift_assignments (employee_id,end_time,shift_name,start_time,work_date) values (?,?,?,?,?)
Hibernate: insert into shift_assignments (employee_id,end_time,shift_name,start_time,work_date) values (?,?,?,?,?)
2025-10-13T21:43:06.984+09:00 DEBUG 2284 --- [Shift Scheduler Demo] [           main] org.hibernate.SQL                        : select last_insert_rowid()
Hibernate: select last_insert_rowid()
2025-10-13T21:43:06.984+09:00 DEBUG 2284 --- [Shift Scheduler Demo] [           main] org.hibernate.SQL                        : insert into shift_assignments (employee_id,end_time,shift_name,start_time,work_date) values (?,?,?,?,?)
Hibernate: insert into shift_assignments (employee_id,end_time,shift_name,start_time,work_date) values (?,?,?,?,?)
2025-10-13T21:43:06.985+09:00 DEBUG 2284 --- [Shift Scheduler Demo] [           main] org.hibernate.SQL                        : select last_insert_rowid()
Hibernate: select last_insert_rowid()
2025-10-13T21:43:06.985+09:00 DEBUG 2284 --- [Shift Scheduler Demo] [           main] org.hibernate.SQL                        : insert into shift_assignments (employee_id,end_time,shift_name,start_time,work_date) values (?,?,?,?,?)
Hibernate: insert into shift_assignments (employee_id,end_time,shift_name,start_time,work_date) values (?,?,?,?,?)
2025-10-13T21:43:06.985+09:00 DEBUG 2284 --- [Shift Scheduler Demo] [           main] org.hibernate.SQL                        : select last_insert_rowid()
Hibernate: select last_insert_rowid()
2025-10-13T21:43:06.985+09:00 DEBUG 2284 --- [Shift Scheduler Demo] [           main] org.hibernate.SQL                        : insert into shift_assignments (employee_id,end_time,shift_name,start_time,work_date) values (?,?,?,?,?)
Hibernate: insert into shift_assignments (employee_id,end_time,shift_name,start_time,work_date) values (?,?,?,?,?)
2025-10-13T21:43:06.985+09:00 DEBUG 2284 --- [Shift Scheduler Demo] [           main] org.hibernate.SQL                        : select last_insert_rowid()
Hibernate: select last_insert_rowid()
2025-10-13T21:43:06.985+09:00 DEBUG 2284 --- [Shift Scheduler Demo] [           main] org.hibernate.SQL                        : insert into shift_assignments (employee_id,end_time,shift_name,start_time,work_date) values (?,?,?,?,?)
Hibernate: insert into shift_assignments (employee_id,end_time,shift_name,start_time,work_date) values (?,?,?,?,?)
2025-10-13T21:43:06.985+09:00 DEBUG 2284 --- [Shift Scheduler Demo] [           main] org.hibernate.SQL                        : select last_insert_rowid()
Hibernate: select last_insert_rowid()
2025-10-13T21:43:06.986+09:00 DEBUG 2284 --- [Shift Scheduler Demo] [           main] org.hibernate.SQL                        : insert into shift_assignments (employee_id,end_time,shift_name,start_time,work_date) values (?,?,?,?,?)
Hibernate: insert into shift_assignments (employee_id,end_time,shift_name,start_time,work_date) values (?,?,?,?,?)
2025-10-13T21:43:06.986+09:00 DEBUG 2284 --- [Shift Scheduler Demo] [           main] org.hibernate.SQL                        : select last_insert_rowid()
Hibernate: select last_insert_rowid()
2025-10-13T21:43:06.986+09:00 DEBUG 2284 --- [Shift Scheduler Demo] [           main] org.hibernate.SQL                        : insert into shift_assignments (employee_id,end_time,shift_name,start_time,work_date) values (?,?,?,?,?)
Hibernate: insert into shift_assignments (employee_id,end_time,shift_name,start_time,work_date) values (?,?,?,?,?)
2025-10-13T21:43:06.986+09:00 DEBUG 2284 --- [Shift Scheduler Demo] [           main] org.hibernate.SQL                        : select last_insert_rowid()
Hibernate: select last_insert_rowid()
2025-10-13T21:43:06.986+09:00 DEBUG 2284 --- [Shift Scheduler Demo] [           main] org.hibernate.SQL                        : insert into shift_assignments (employee_id,end_time,shift_name,start_time,work_date) values (?,?,?,?,?)
Hibernate: insert into shift_assignments (employee_id,end_time,shift_name,start_time,work_date) values (?,?,?,?,?)
2025-10-13T21:43:06.986+09:00 DEBUG 2284 --- [Shift Scheduler Demo] [           main] org.hibernate.SQL                        : select last_insert_rowid()
Hibernate: select last_insert_rowid()
2025-10-13T21:43:06.986+09:00 DEBUG 2284 --- [Shift Scheduler Demo] [           main] org.hibernate.SQL                        : insert into shift_assignments (employee_id,end_time,shift_name,start_time,work_date) values (?,?,?,?,?)
Hibernate: insert into shift_assignments (employee_id,end_time,shift_name,start_time,work_date) values (?,?,?,?,?)
2025-10-13T21:43:06.987+09:00 DEBUG 2284 --- [Shift Scheduler Demo] [           main] org.hibernate.SQL                        : select last_insert_rowid()
Hibernate: select last_insert_rowid()
2025-10-13T21:43:06.987+09:00 DEBUG 2284 --- [Shift Scheduler Demo] [           main] org.hibernate.SQL                        : insert into shift_assignments (employee_id,end_time,shift_name,start_time,work_date) values (?,?,?,?,?)
Hibernate: insert into shift_assignments (employee_id,end_time,shift_name,start_time,work_date) values (?,?,?,?,?)
2025-10-13T21:43:06.987+09:00 DEBUG 2284 --- [Shift Scheduler Demo] [           main] org.hibernate.SQL                        : select last_insert_rowid()
Hibernate: select last_insert_rowid()
2025-10-13T21:43:06.987+09:00 DEBUG 2284 --- [Shift Scheduler Demo] [           main] org.hibernate.SQL                        : insert into shift_assignments (employee_id,end_time,shift_name,start_time,work_date) values (?,?,?,?,?)
Hibernate: insert into shift_assignments (employee_id,end_time,shift_name,start_time,work_date) values (?,?,?,?,?)
2025-10-13T21:43:06.987+09:00 DEBUG 2284 --- [Shift Scheduler Demo] [           main] org.hibernate.SQL                        : select last_insert_rowid()
Hibernate: select last_insert_rowid()
2025-10-13T21:43:06.987+09:00 DEBUG 2284 --- [Shift Scheduler Demo] [           main] org.hibernate.SQL                        : insert into shift_assignments (employee_id,end_time,shift_name,start_time,work_date) values (?,?,?,?,?)
Hibernate: insert into shift_assignments (employee_id,end_time,shift_name,start_time,work_date) values (?,?,?,?,?)
2025-10-13T21:43:06.987+09:00 DEBUG 2284 --- [Shift Scheduler Demo] [           main] org.hibernate.SQL                        : select last_insert_rowid()
Hibernate: select last_insert_rowid()
2025-10-13T21:43:06.987+09:00 DEBUG 2284 --- [Shift Scheduler Demo] [           main] org.hibernate.SQL                        : insert into shift_assignments (employee_id,end_time,shift_name,start_time,work_date) values (?,?,?,?,?)
Hibernate: insert into shift_assignments (employee_id,end_time,shift_name,start_time,work_date) values (?,?,?,?,?)
2025-10-13T21:43:06.988+09:00 DEBUG 2284 --- [Shift Scheduler Demo] [           main] org.hibernate.SQL                        : select last_insert_rowid()
Hibernate: select last_insert_rowid()
2025-10-13T21:43:06.988+09:00 DEBUG 2284 --- [Shift Scheduler Demo] [           main] org.hibernate.SQL                        : insert into shift_assignments (employee_id,end_time,shift_name,start_time,work_date) values (?,?,?,?,?)
Hibernate: insert into shift_assignments (employee_id,end_time,shift_name,start_time,work_date) values (?,?,?,?,?)
2025-10-13T21:43:06.988+09:00 DEBUG 2284 --- [Shift Scheduler Demo] [           main] org.hibernate.SQL                        : select last_insert_rowid()
Hibernate: select last_insert_rowid()
2025-10-13T21:43:06.988+09:00 DEBUG 2284 --- [Shift Scheduler Demo] [           main] org.hibernate.SQL                        : insert into shift_assignments (employee_id,end_time,shift_name,start_time,work_date) values (?,?,?,?,?)
Hibernate: insert into shift_assignments (employee_id,end_time,shift_name,start_time,work_date) values (?,?,?,?,?)
2025-10-13T21:43:06.988+09:00 DEBUG 2284 --- [Shift Scheduler Demo] [           main] org.hibernate.SQL                        : select last_insert_rowid()
Hibernate: select last_insert_rowid()
2025-10-13T21:43:06.988+09:00 DEBUG 2284 --- [Shift Scheduler Demo] [           main] org.hibernate.SQL                        : insert into shift_assignments (employee_id,end_time,shift_name,start_time,work_date) values (?,?,?,?,?)
Hibernate: insert into shift_assignments (employee_id,end_time,shift_name,start_time,work_date) values (?,?,?,?,?)
2025-10-13T21:43:06.989+09:00 DEBUG 2284 --- [Shift Scheduler Demo] [           main] org.hibernate.SQL                        : select last_insert_rowid()
Hibernate: select last_insert_rowid()
2025-10-13T21:43:06.989+09:00 DEBUG 2284 --- [Shift Scheduler Demo] [           main] org.hibernate.SQL                        : insert into shift_assignments (employee_id,end_time,shift_name,start_time,work_date) values (?,?,?,?,?)
Hibernate: insert into shift_assignments (employee_id,end_time,shift_name,start_time,work_date) values (?,?,?,?,?)
2025-10-13T21:43:06.993+09:00 DEBUG 2284 --- [Shift Scheduler Demo] [           main] org.hibernate.SQL                        : select last_insert_rowid()
Hibernate: select last_insert_rowid()
2025-10-13T21:43:06.995+09:00 DEBUG 2284 --- [Shift Scheduler Demo] [           main] org.hibernate.SQL                        : insert into shift_assignments (employee_id,end_time,shift_name,start_time,work_date) values (?,?,?,?,?)
Hibernate: insert into shift_assignments (employee_id,end_time,shift_name,start_time,work_date) values (?,?,?,?,?)
2025-10-13T21:43:06.996+09:00 DEBUG 2284 --- [Shift Scheduler Demo] [           main] org.hibernate.SQL                        : select last_insert_rowid()
Hibernate: select last_insert_rowid()
2025-10-13T21:43:06.997+09:00 DEBUG 2284 --- [Shift Scheduler Demo] [           main] org.hibernate.SQL                        : insert into shift_assignments (employee_id,end_time,shift_name,start_time,work_date) values (?,?,?,?,?)
Hibernate: insert into shift_assignments (employee_id,end_time,shift_name,start_time,work_date) values (?,?,?,?,?)
2025-10-13T21:43:06.998+09:00 DEBUG 2284 --- [Shift Scheduler Demo] [           main] org.hibernate.SQL                        : select last_insert_rowid()
Hibernate: select last_insert_rowid()
2025-10-13T21:43:06.999+09:00 DEBUG 2284 --- [Shift Scheduler Demo] [           main] org.hibernate.SQL                        : insert into shift_assignments (employee_id,end_time,shift_name,start_time,work_date) values (?,?,?,?,?)
Hibernate: insert into shift_assignments (employee_id,end_time,shift_name,start_time,work_date) values (?,?,?,?,?)
2025-10-13T21:43:06.999+09:00 DEBUG 2284 --- [Shift Scheduler Demo] [           main] org.hibernate.SQL                        : select last_insert_rowid()
Hibernate: select last_insert_rowid()
2025-10-13T21:43:07.000+09:00 DEBUG 2284 --- [Shift Scheduler Demo] [           main] org.hibernate.SQL                        : insert into shift_assignments (employee_id,end_time,shift_name,start_time,work_date) values (?,?,?,?,?)
Hibernate: insert into shift_assignments (employee_id,end_time,shift_name,start_time,work_date) values (?,?,?,?,?)
2025-10-13T21:43:07.000+09:00 DEBUG 2284 --- [Shift Scheduler Demo] [           main] org.hibernate.SQL                        : select last_insert_rowid()
Hibernate: select last_insert_rowid()
2025-10-13T21:43:07.000+09:00 DEBUG 2284 --- [Shift Scheduler Demo] [           main] org.hibernate.SQL                        : insert into shift_assignments (employee_id,end_time,shift_name,start_time,work_date) values (?,?,?,?,?)
Hibernate: insert into shift_assignments (employee_id,end_time,shift_name,start_time,work_date) values (?,?,?,?,?)
2025-10-13T21:43:07.000+09:00 DEBUG 2284 --- [Shift Scheduler Demo] [           main] org.hibernate.SQL                        : select last_insert_rowid()
Hibernate: select last_insert_rowid()
2025-10-13T21:43:07.000+09:00 DEBUG 2284 --- [Shift Scheduler Demo] [           main] org.hibernate.SQL                        : insert into shift_assignments (employee_id,end_time,shift_name,start_time,work_date) values (?,?,?,?,?)
Hibernate: insert into shift_assignments (employee_id,end_time,shift_name,start_time,work_date) values (?,?,?,?,?)
2025-10-13T21:43:07.001+09:00 DEBUG 2284 --- [Shift Scheduler Demo] [           main] org.hibernate.SQL                        : select last_insert_rowid()
Hibernate: select last_insert_rowid()
2025-10-13T21:43:07.001+09:00 DEBUG 2284 --- [Shift Scheduler Demo] [           main] org.hibernate.SQL                        : insert into shift_assignments (employee_id,end_time,shift_name,start_time,work_date) values (?,?,?,?,?)
Hibernate: insert into shift_assignments (employee_id,end_time,shift_name,start_time,work_date) values (?,?,?,?,?)
2025-10-13T21:43:07.001+09:00 DEBUG 2284 --- [Shift Scheduler Demo] [           main] org.hibernate.SQL                        : select last_insert_rowid()
Hibernate: select last_insert_rowid()
2025-10-13T21:43:07.001+09:00 DEBUG 2284 --- [Shift Scheduler Demo] [           main] org.hibernate.SQL                        : insert into shift_assignments (employee_id,end_time,shift_name,start_time,work_date) values (?,?,?,?,?)
Hibernate: insert into shift_assignments (employee_id,end_time,shift_name,start_time,work_date) values (?,?,?,?,?)
2025-10-13T21:43:07.001+09:00 DEBUG 2284 --- [Shift Scheduler Demo] [           main] org.hibernate.SQL                        : select last_insert_rowid()
Hibernate: select last_insert_rowid()
2025-10-13T21:43:07.001+09:00 DEBUG 2284 --- [Shift Scheduler Demo] [           main] org.hibernate.SQL                        : insert into shift_assignments (employee_id,end_time,shift_name,start_time,work_date) values (?,?,?,?,?)
Hibernate: insert into shift_assignments (employee_id,end_time,shift_name,start_time,work_date) values (?,?,?,?,?)
2025-10-13T21:43:07.002+09:00 DEBUG 2284 --- [Shift Scheduler Demo] [           main] org.hibernate.SQL                        : select last_insert_rowid()
Hibernate: select last_insert_rowid()
2025-10-13T21:43:07.002+09:00 DEBUG 2284 --- [Shift Scheduler Demo] [           main] org.hibernate.SQL                        : insert into shift_assignments (employee_id,end_time,shift_name,start_time,work_date) values (?,?,?,?,?)
Hibernate: insert into shift_assignments (employee_id,end_time,shift_name,start_time,work_date) values (?,?,?,?,?)
2025-10-13T21:43:07.002+09:00 DEBUG 2284 --- [Shift Scheduler Demo] [           main] org.hibernate.SQL                        : select last_insert_rowid()
Hibernate: select last_insert_rowid()
2025-10-13T21:43:07.002+09:00 DEBUG 2284 --- [Shift Scheduler Demo] [           main] org.hibernate.SQL                        : insert into shift_assignments (employee_id,end_time,shift_name,start_time,work_date) values (?,?,?,?,?)
Hibernate: insert into shift_assignments (employee_id,end_time,shift_name,start_time,work_date) values (?,?,?,?,?)
2025-10-13T21:43:07.002+09:00 DEBUG 2284 --- [Shift Scheduler Demo] [           main] org.hibernate.SQL                        : select last_insert_rowid()
Hibernate: select last_insert_rowid()
2025-10-13T21:43:07.002+09:00 DEBUG 2284 --- [Shift Scheduler Demo] [           main] org.hibernate.SQL                        : insert into shift_assignments (employee_id,end_time,shift_name,start_time,work_date) values (?,?,?,?,?)
Hibernate: insert into shift_assignments (employee_id,end_time,shift_name,start_time,work_date) values (?,?,?,?,?)
2025-10-13T21:43:07.002+09:00 DEBUG 2284 --- [Shift Scheduler Demo] [           main] org.hibernate.SQL                        : select last_insert_rowid()
Hibernate: select last_insert_rowid()
2025-10-13T21:43:07.003+09:00 DEBUG 2284 --- [Shift Scheduler Demo] [           main] org.hibernate.SQL                        : insert into shift_assignments (employee_id,end_time,shift_name,start_time,work_date) values (?,?,?,?,?)
Hibernate: insert into shift_assignments (employee_id,end_time,shift_name,start_time,work_date) values (?,?,?,?,?)
2025-10-13T21:43:07.003+09:00 DEBUG 2284 --- [Shift Scheduler Demo] [           main] org.hibernate.SQL                        : select last_insert_rowid()
Hibernate: select last_insert_rowid()
2025-10-13T21:43:07.003+09:00 DEBUG 2284 --- [Shift Scheduler Demo] [           main] org.hibernate.SQL                        : insert into shift_assignments (employee_id,end_time,shift_name,start_time,work_date) values (?,?,?,?,?)
Hibernate: insert into shift_assignments (employee_id,end_time,shift_name,start_time,work_date) values (?,?,?,?,?)
2025-10-13T21:43:07.003+09:00 DEBUG 2284 --- [Shift Scheduler Demo] [           main] org.hibernate.SQL                        : select last_insert_rowid()
Hibernate: select last_insert_rowid()
2025-10-13T21:43:07.003+09:00 DEBUG 2284 --- [Shift Scheduler Demo] [           main] org.hibernate.SQL                        : insert into shift_assignments (employee_id,end_time,shift_name,start_time,work_date) values (?,?,?,?,?)
Hibernate: insert into shift_assignments (employee_id,end_time,shift_name,start_time,work_date) values (?,?,?,?,?)
2025-10-13T21:43:07.003+09:00 DEBUG 2284 --- [Shift Scheduler Demo] [           main] org.hibernate.SQL                        : select last_insert_rowid()
Hibernate: select last_insert_rowid()
2025-10-13T21:43:07.003+09:00 DEBUG 2284 --- [Shift Scheduler Demo] [           main] org.hibernate.SQL                        : insert into shift_assignments (employee_id,end_time,shift_name,start_time,work_date) values (?,?,?,?,?)
Hibernate: insert into shift_assignments (employee_id,end_time,shift_name,start_time,work_date) values (?,?,?,?,?)
2025-10-13T21:43:07.003+09:00 DEBUG 2284 --- [Shift Scheduler Demo] [           main] org.hibernate.SQL                        : select last_insert_rowid()
Hibernate: select last_insert_rowid()
2025-10-13T21:43:07.003+09:00 DEBUG 2284 --- [Shift Scheduler Demo] [           main] org.hibernate.SQL                        : insert into shift_assignments (employee_id,end_time,shift_name,start_time,work_date) values (?,?,?,?,?)
Hibernate: insert into shift_assignments (employee_id,end_time,shift_name,start_time,work_date) values (?,?,?,?,?)
2025-10-13T21:43:07.003+09:00 DEBUG 2284 --- [Shift Scheduler Demo] [           main] org.hibernate.SQL                        : select last_insert_rowid()
Hibernate: select last_insert_rowid()
2025-10-13T21:43:07.003+09:00 DEBUG 2284 --- [Shift Scheduler Demo] [           main] org.hibernate.SQL                        : insert into shift_assignments (employee_id,end_time,shift_name,start_time,work_date) values (?,?,?,?,?)
Hibernate: insert into shift_assignments (employee_id,end_time,shift_name,start_time,work_date) values (?,?,?,?,?)
2025-10-13T21:43:07.003+09:00 DEBUG 2284 --- [Shift Scheduler Demo] [           main] org.hibernate.SQL                        : select last_insert_rowid()
Hibernate: select last_insert_rowid()
2025-10-13T21:43:07.003+09:00 DEBUG 2284 --- [Shift Scheduler Demo] [           main] org.hibernate.SQL                        : insert into shift_assignments (employee_id,end_time,shift_name,start_time,work_date) values (?,?,?,?,?)
Hibernate: insert into shift_assignments (employee_id,end_time,shift_name,start_time,work_date) values (?,?,?,?,?)
2025-10-13T21:43:07.003+09:00 DEBUG 2284 --- [Shift Scheduler Demo] [           main] org.hibernate.SQL                        : select last_insert_rowid()
Hibernate: select last_insert_rowid()
2025-10-13T21:43:07.003+09:00 DEBUG 2284 --- [Shift Scheduler Demo] [           main] org.hibernate.SQL                        : insert into shift_assignments (employee_id,end_time,shift_name,start_time,work_date) values (?,?,?,?,?)
Hibernate: insert into shift_assignments (employee_id,end_time,shift_name,start_time,work_date) values (?,?,?,?,?)
2025-10-13T21:43:07.003+09:00 DEBUG 2284 --- [Shift Scheduler Demo] [           main] org.hibernate.SQL                        : select last_insert_rowid()
Hibernate: select last_insert_rowid()
2025-10-13T21:43:07.006+09:00 DEBUG 2284 --- [Shift Scheduler Demo] [           main] org.hibernate.SQL                        : insert into shift_assignments (employee_id,end_time,shift_name,start_time,work_date) values (?,?,?,?,?)
Hibernate: insert into shift_assignments (employee_id,end_time,shift_name,start_time,work_date) values (?,?,?,?,?)
2025-10-13T21:43:07.006+09:00 DEBUG 2284 --- [Shift Scheduler Demo] [           main] org.hibernate.SQL                        : select last_insert_rowid()
Hibernate: select last_insert_rowid()
2025-10-13T21:43:07.006+09:00 DEBUG 2284 --- [Shift Scheduler Demo] [           main] org.hibernate.SQL                        : insert into shift_assignments (employee_id,end_time,shift_name,start_time,work_date) values (?,?,?,?,?)
Hibernate: insert into shift_assignments (employee_id,end_time,shift_name,start_time,work_date) values (?,?,?,?,?)
2025-10-13T21:43:07.006+09:00 DEBUG 2284 --- [Shift Scheduler Demo] [           main] org.hibernate.SQL                        : select last_insert_rowid()
Hibernate: select last_insert_rowid()
2025-10-13T21:43:07.006+09:00 DEBUG 2284 --- [Shift Scheduler Demo] [           main] org.hibernate.SQL                        : insert into shift_assignments (employee_id,end_time,shift_name,start_time,work_date) values (?,?,?,?,?)
Hibernate: insert into shift_assignments (employee_id,end_time,shift_name,start_time,work_date) values (?,?,?,?,?)
2025-10-13T21:43:07.006+09:00 DEBUG 2284 --- [Shift Scheduler Demo] [           main] org.hibernate.SQL                        : select last_insert_rowid()
Hibernate: select last_insert_rowid()
2025-10-13T21:43:07.006+09:00 DEBUG 2284 --- [Shift Scheduler Demo] [           main] org.hibernate.SQL                        : insert into shift_assignments (employee_id,end_time,shift_name,start_time,work_date) values (?,?,?,?,?)
Hibernate: insert into shift_assignments (employee_id,end_time,shift_name,start_time,work_date) values (?,?,?,?,?)
2025-10-13T21:43:07.006+09:00 DEBUG 2284 --- [Shift Scheduler Demo] [           main] org.hibernate.SQL                        : select last_insert_rowid()
Hibernate: select last_insert_rowid()
2025-10-13T21:43:07.006+09:00 DEBUG 2284 --- [Shift Scheduler Demo] [           main] org.hibernate.SQL                        : insert into shift_assignments (employee_id,end_time,shift_name,start_time,work_date) values (?,?,?,?,?)
Hibernate: insert into shift_assignments (employee_id,end_time,shift_name,start_time,work_date) values (?,?,?,?,?)
2025-10-13T21:43:07.006+09:00 DEBUG 2284 --- [Shift Scheduler Demo] [           main] org.hibernate.SQL                        : select last_insert_rowid()
Hibernate: select last_insert_rowid()
2025-10-13T21:43:07.006+09:00 DEBUG 2284 --- [Shift Scheduler Demo] [           main] org.hibernate.SQL                        : insert into shift_assignments (employee_id,end_time,shift_name,start_time,work_date) values (?,?,?,?,?)
Hibernate: insert into shift_assignments (employee_id,end_time,shift_name,start_time,work_date) values (?,?,?,?,?)
2025-10-13T21:43:07.006+09:00 DEBUG 2284 --- [Shift Scheduler Demo] [           main] org.hibernate.SQL                        : select last_insert_rowid()
Hibernate: select last_insert_rowid()
2025-10-13T21:43:07.006+09:00 DEBUG 2284 --- [Shift Scheduler Demo] [           main] org.hibernate.SQL                        : insert into shift_assignments (employee_id,end_time,shift_name,start_time,work_date) values (?,?,?,?,?)
Hibernate: insert into shift_assignments (employee_id,end_time,shift_name,start_time,work_date) values (?,?,?,?,?)
2025-10-13T21:43:07.006+09:00 DEBUG 2284 --- [Shift Scheduler Demo] [           main] org.hibernate.SQL                        : select last_insert_rowid()
Hibernate: select last_insert_rowid()
2025-10-13T21:43:07.006+09:00 DEBUG 2284 --- [Shift Scheduler Demo] [           main] org.hibernate.SQL                        : insert into shift_assignments (employee_id,end_time,shift_name,start_time,work_date) values (?,?,?,?,?)
Hibernate: insert into shift_assignments (employee_id,end_time,shift_name,start_time,work_date) values (?,?,?,?,?)
2025-10-13T21:43:07.006+09:00 DEBUG 2284 --- [Shift Scheduler Demo] [           main] org.hibernate.SQL                        : select last_insert_rowid()
Hibernate: select last_insert_rowid()
2025-10-13T21:43:07.006+09:00 DEBUG 2284 --- [Shift Scheduler Demo] [           main] org.hibernate.SQL                        : insert into shift_assignments (employee_id,end_time,shift_name,start_time,work_date) values (?,?,?,?,?)
Hibernate: insert into shift_assignments (employee_id,end_time,shift_name,start_time,work_date) values (?,?,?,?,?)
2025-10-13T21:43:07.006+09:00 DEBUG 2284 --- [Shift Scheduler Demo] [           main] org.hibernate.SQL                        : select last_insert_rowid()
Hibernate: select last_insert_rowid()
2025-10-13T21:43:07.006+09:00 DEBUG 2284 --- [Shift Scheduler Demo] [           main] org.hibernate.SQL                        : insert into shift_assignments (employee_id,end_time,shift_name,start_time,work_date) values (?,?,?,?,?)
Hibernate: insert into shift_assignments (employee_id,end_time,shift_name,start_time,work_date) values (?,?,?,?,?)
2025-10-13T21:43:07.006+09:00 DEBUG 2284 --- [Shift Scheduler Demo] [           main] org.hibernate.SQL                        : select last_insert_rowid()
Hibernate: select last_insert_rowid()
2025-10-13T21:43:07.006+09:00 DEBUG 2284 --- [Shift Scheduler Demo] [           main] org.hibernate.SQL                        : insert into shift_assignments (employee_id,end_time,shift_name,start_time,work_date) values (?,?,?,?,?)
Hibernate: insert into shift_assignments (employee_id,end_time,shift_name,start_time,work_date) values (?,?,?,?,?)
2025-10-13T21:43:07.006+09:00 DEBUG 2284 --- [Shift Scheduler Demo] [           main] org.hibernate.SQL                        : select last_insert_rowid()
Hibernate: select last_insert_rowid()
2025-10-13T21:43:07.006+09:00 DEBUG 2284 --- [Shift Scheduler Demo] [           main] org.hibernate.SQL                        : insert into shift_assignments (employee_id,end_time,shift_name,start_time,work_date) values (?,?,?,?,?)
Hibernate: insert into shift_assignments (employee_id,end_time,shift_name,start_time,work_date) values (?,?,?,?,?)
2025-10-13T21:43:07.006+09:00 DEBUG 2284 --- [Shift Scheduler Demo] [           main] org.hibernate.SQL                        : select last_insert_rowid()
Hibernate: select last_insert_rowid()
2025-10-13T21:43:07.006+09:00 DEBUG 2284 --- [Shift Scheduler Demo] [           main] org.hibernate.SQL                        : insert into shift_assignments (employee_id,end_time,shift_name,start_time,work_date) values (?,?,?,?,?)
Hibernate: insert into shift_assignments (employee_id,end_time,shift_name,start_time,work_date) values (?,?,?,?,?)
2025-10-13T21:43:07.006+09:00 DEBUG 2284 --- [Shift Scheduler Demo] [           main] org.hibernate.SQL                        : select last_insert_rowid()
Hibernate: select last_insert_rowid()
2025-10-13T21:43:07.006+09:00 DEBUG 2284 --- [Shift Scheduler Demo] [           main] org.hibernate.SQL                        : insert into shift_assignments (employee_id,end_time,shift_name,start_time,work_date) values (?,?,?,?,?)
Hibernate: insert into shift_assignments (employee_id,end_time,shift_name,start_time,work_date) values (?,?,?,?,?)
2025-10-13T21:43:07.006+09:00 DEBUG 2284 --- [Shift Scheduler Demo] [           main] org.hibernate.SQL                        : select last_insert_rowid()
Hibernate: select last_insert_rowid()
2025-10-13T21:43:07.006+09:00 DEBUG 2284 --- [Shift Scheduler Demo] [           main] org.hibernate.SQL                        : insert into shift_assignments (employee_id,end_time,shift_name,start_time,work_date) values (?,?,?,?,?)
Hibernate: insert into shift_assignments (employee_id,end_time,shift_name,start_time,work_date) values (?,?,?,?,?)
2025-10-13T21:43:07.006+09:00 DEBUG 2284 --- [Shift Scheduler Demo] [           main] org.hibernate.SQL                        : select last_insert_rowid()
Hibernate: select last_insert_rowid()
2025-10-13T21:43:07.006+09:00 DEBUG 2284 --- [Shift Scheduler Demo] [           main] org.hibernate.SQL                        : insert into shift_assignments (employee_id,end_time,shift_name,start_time,work_date) values (?,?,?,?,?)
Hibernate: insert into shift_assignments (employee_id,end_time,shift_name,start_time,work_date) values (?,?,?,?,?)
2025-10-13T21:43:07.006+09:00 DEBUG 2284 --- [Shift Scheduler Demo] [           main] org.hibernate.SQL                        : select last_insert_rowid()
Hibernate: select last_insert_rowid()
2025-10-13T21:43:07.006+09:00 DEBUG 2284 --- [Shift Scheduler Demo] [           main] org.hibernate.SQL                        : insert into shift_assignments (employee_id,end_time,shift_name,start_time,work_date) values (?,?,?,?,?)
Hibernate: insert into shift_assignments (employee_id,end_time,shift_name,start_time,work_date) values (?,?,?,?,?)
2025-10-13T21:43:07.006+09:00 DEBUG 2284 --- [Shift Scheduler Demo] [           main] org.hibernate.SQL                        : select last_insert_rowid()
Hibernate: select last_insert_rowid()
2025-10-13T21:43:07.006+09:00 DEBUG 2284 --- [Shift Scheduler Demo] [           main] org.hibernate.SQL                        : insert into shift_assignments (employee_id,end_time,shift_name,start_time,work_date) values (?,?,?,?,?)
Hibernate: insert into shift_assignments (employee_id,end_time,shift_name,start_time,work_date) values (?,?,?,?,?)
2025-10-13T21:43:07.006+09:00 DEBUG 2284 --- [Shift Scheduler Demo] [           main] org.hibernate.SQL                        : select last_insert_rowid()
Hibernate: select last_insert_rowid()
2025-10-13T21:43:07.006+09:00 DEBUG 2284 --- [Shift Scheduler Demo] [           main] org.hibernate.SQL                        : insert into shift_assignments (employee_id,end_time,shift_name,start_time,work_date) values (?,?,?,?,?)
Hibernate: insert into shift_assignments (employee_id,end_time,shift_name,start_time,work_date) values (?,?,?,?,?)
2025-10-13T21:43:07.006+09:00 DEBUG 2284 --- [Shift Scheduler Demo] [           main] org.hibernate.SQL                        : select last_insert_rowid()
Hibernate: select last_insert_rowid()
2025-10-13T21:43:07.006+09:00 DEBUG 2284 --- [Shift Scheduler Demo] [           main] org.hibernate.SQL                        : insert into shift_assignments (employee_id,end_time,shift_name,start_time,work_date) values (?,?,?,?,?)
Hibernate: insert into shift_assignments (employee_id,end_time,shift_name,start_time,work_date) values (?,?,?,?,?)
2025-10-13T21:43:07.006+09:00 DEBUG 2284 --- [Shift Scheduler Demo] [           main] org.hibernate.SQL                        : select last_insert_rowid()
Hibernate: select last_insert_rowid()
2025-10-13T21:43:07.006+09:00 DEBUG 2284 --- [Shift Scheduler Demo] [           main] org.hibernate.SQL                        : insert into shift_assignments (employee_id,end_time,shift_name,start_time,work_date) values (?,?,?,?,?)
Hibernate: insert into shift_assignments (employee_id,end_time,shift_name,start_time,work_date) values (?,?,?,?,?)
2025-10-13T21:43:07.006+09:00 DEBUG 2284 --- [Shift Scheduler Demo] [           main] org.hibernate.SQL                        : select last_insert_rowid()
Hibernate: select last_insert_rowid()
2025-10-13T21:43:07.006+09:00 DEBUG 2284 --- [Shift Scheduler Demo] [           main] org.hibernate.SQL                        : insert into shift_assignments (employee_id,end_time,shift_name,start_time,work_date) values (?,?,?,?,?)
Hibernate: insert into shift_assignments (employee_id,end_time,shift_name,start_time,work_date) values (?,?,?,?,?)
2025-10-13T21:43:07.006+09:00 DEBUG 2284 --- [Shift Scheduler Demo] [           main] org.hibernate.SQL                        : select last_insert_rowid()
Hibernate: select last_insert_rowid()
2025-10-13T21:43:07.006+09:00 DEBUG 2284 --- [Shift Scheduler Demo] [           main] org.hibernate.SQL                        : insert into shift_assignments (employee_id,end_time,shift_name,start_time,work_date) values (?,?,?,?,?)
Hibernate: insert into shift_assignments (employee_id,end_time,shift_name,start_time,work_date) values (?,?,?,?,?)
2025-10-13T21:43:07.006+09:00 DEBUG 2284 --- [Shift Scheduler Demo] [           main] org.hibernate.SQL                        : select last_insert_rowid()
Hibernate: select last_insert_rowid()
2025-10-13T21:43:07.006+09:00 DEBUG 2284 --- [Shift Scheduler Demo] [           main] org.hibernate.SQL                        : insert into shift_assignments (employee_id,end_time,shift_name,start_time,work_date) values (?,?,?,?,?)
Hibernate: insert into shift_assignments (employee_id,end_time,shift_name,start_time,work_date) values (?,?,?,?,?)
2025-10-13T21:43:07.006+09:00 DEBUG 2284 --- [Shift Scheduler Demo] [           main] org.hibernate.SQL                        : select last_insert_rowid()
Hibernate: select last_insert_rowid()
2025-10-13T21:43:07.006+09:00 DEBUG 2284 --- [Shift Scheduler Demo] [           main] org.hibernate.SQL                        : insert into shift_assignments (employee_id,end_time,shift_name,start_time,work_date) values (?,?,?,?,?)
Hibernate: insert into shift_assignments (employee_id,end_time,shift_name,start_time,work_date) values (?,?,?,?,?)
2025-10-13T21:43:07.006+09:00 DEBUG 2284 --- [Shift Scheduler Demo] [           main] org.hibernate.SQL                        : select last_insert_rowid()
Hibernate: select last_insert_rowid()
2025-10-13T21:43:07.006+09:00 DEBUG 2284 --- [Shift Scheduler Demo] [           main] org.hibernate.SQL                        : insert into shift_assignments (employee_id,end_time,shift_name,start_time,work_date) values (?,?,?,?,?)
Hibernate: insert into shift_assignments (employee_id,end_time,shift_name,start_time,work_date) values (?,?,?,?,?)
2025-10-13T21:43:07.006+09:00 DEBUG 2284 --- [Shift Scheduler Demo] [           main] org.hibernate.SQL                        : select last_insert_rowid()
Hibernate: select last_insert_rowid()
2025-10-13T21:43:07.012+09:00 DEBUG 2284 --- [Shift Scheduler Demo] [           main] org.hibernate.SQL                        : insert into shift_assignments (employee_id,end_time,shift_name,start_time,work_date) values (?,?,?,?,?)
Hibernate: insert into shift_assignments (employee_id,end_time,shift_name,start_time,work_date) values (?,?,?,?,?)
2025-10-13T21:43:07.012+09:00 DEBUG 2284 --- [Shift Scheduler Demo] [           main] org.hibernate.SQL                        : select last_insert_rowid()
Hibernate: select last_insert_rowid()
2025-10-13T21:43:07.012+09:00 DEBUG 2284 --- [Shift Scheduler Demo] [           main] org.hibernate.SQL                        : insert into shift_assignments (employee_id,end_time,shift_name,start_time,work_date) values (?,?,?,?,?)
Hibernate: insert into shift_assignments (employee_id,end_time,shift_name,start_time,work_date) values (?,?,?,?,?)
2025-10-13T21:43:07.012+09:00 DEBUG 2284 --- [Shift Scheduler Demo] [           main] org.hibernate.SQL                        : select last_insert_rowid()
Hibernate: select last_insert_rowid()
2025-10-13T21:43:07.012+09:00 DEBUG 2284 --- [Shift Scheduler Demo] [           main] org.hibernate.SQL                        : insert into shift_assignments (employee_id,end_time,shift_name,start_time,work_date) values (?,?,?,?,?)
Hibernate: insert into shift_assignments (employee_id,end_time,shift_name,start_time,work_date) values (?,?,?,?,?)
2025-10-13T21:43:07.012+09:00 DEBUG 2284 --- [Shift Scheduler Demo] [           main] org.hibernate.SQL                        : select last_insert_rowid()
Hibernate: select last_insert_rowid()
2025-10-13T21:43:07.012+09:00 DEBUG 2284 --- [Shift Scheduler Demo] [           main] org.hibernate.SQL                        : insert into shift_assignments (employee_id,end_time,shift_name,start_time,work_date) values (?,?,?,?,?)
Hibernate: insert into shift_assignments (employee_id,end_time,shift_name,start_time,work_date) values (?,?,?,?,?)
2025-10-13T21:43:07.012+09:00 DEBUG 2284 --- [Shift Scheduler Demo] [           main] org.hibernate.SQL                        : select last_insert_rowid()
Hibernate: select last_insert_rowid()
2025-10-13T21:43:07.012+09:00 DEBUG 2284 --- [Shift Scheduler Demo] [           main] org.hibernate.SQL                        : insert into shift_assignments (employee_id,end_time,shift_name,start_time,work_date) values (?,?,?,?,?)
Hibernate: insert into shift_assignments (employee_id,end_time,shift_name,start_time,work_date) values (?,?,?,?,?)
2025-10-13T21:43:07.013+09:00 DEBUG 2284 --- [Shift Scheduler Demo] [           main] org.hibernate.SQL                        : select last_insert_rowid()
Hibernate: select last_insert_rowid()
2025-10-13T21:43:07.013+09:00 DEBUG 2284 --- [Shift Scheduler Demo] [           main] org.hibernate.SQL                        : insert into shift_assignments (employee_id,end_time,shift_name,start_time,work_date) values (?,?,?,?,?)
Hibernate: insert into shift_assignments (employee_id,end_time,shift_name,start_time,work_date) values (?,?,?,?,?)
2025-10-13T21:43:07.013+09:00 DEBUG 2284 --- [Shift Scheduler Demo] [           main] org.hibernate.SQL                        : select last_insert_rowid()
Hibernate: select last_insert_rowid()
2025-10-13T21:43:07.013+09:00 DEBUG 2284 --- [Shift Scheduler Demo] [           main] org.hibernate.SQL                        : insert into shift_assignments (employee_id,end_time,shift_name,start_time,work_date) values (?,?,?,?,?)
Hibernate: insert into shift_assignments (employee_id,end_time,shift_name,start_time,work_date) values (?,?,?,?,?)
2025-10-13T21:43:07.013+09:00 DEBUG 2284 --- [Shift Scheduler Demo] [           main] org.hibernate.SQL                        : select last_insert_rowid()
Hibernate: select last_insert_rowid()
2025-10-13T21:43:07.013+09:00 DEBUG 2284 --- [Shift Scheduler Demo] [           main] org.hibernate.SQL                        : insert into shift_assignments (employee_id,end_time,shift_name,start_time,work_date) values (?,?,?,?,?)
Hibernate: insert into shift_assignments (employee_id,end_time,shift_name,start_time,work_date) values (?,?,?,?,?)
2025-10-13T21:43:07.013+09:00 DEBUG 2284 --- [Shift Scheduler Demo] [           main] org.hibernate.SQL                        : select last_insert_rowid()
Hibernate: select last_insert_rowid()
2025-10-13T21:43:07.013+09:00 DEBUG 2284 --- [Shift Scheduler Demo] [           main] org.hibernate.SQL                        : insert into shift_assignments (employee_id,end_time,shift_name,start_time,work_date) values (?,?,?,?,?)
Hibernate: insert into shift_assignments (employee_id,end_time,shift_name,start_time,work_date) values (?,?,?,?,?)
2025-10-13T21:43:07.013+09:00 DEBUG 2284 --- [Shift Scheduler Demo] [           main] org.hibernate.SQL                        : select last_insert_rowid()
Hibernate: select last_insert_rowid()
2025-10-13T21:43:07.013+09:00 DEBUG 2284 --- [Shift Scheduler Demo] [           main] org.hibernate.SQL                        : insert into shift_assignments (employee_id,end_time,shift_name,start_time,work_date) values (?,?,?,?,?)
Hibernate: insert into shift_assignments (employee_id,end_time,shift_name,start_time,work_date) values (?,?,?,?,?)
2025-10-13T21:43:07.014+09:00 DEBUG 2284 --- [Shift Scheduler Demo] [           main] org.hibernate.SQL                        : select last_insert_rowid()
Hibernate: select last_insert_rowid()
2025-10-13T21:43:07.014+09:00 DEBUG 2284 --- [Shift Scheduler Demo] [           main] org.hibernate.SQL                        : insert into shift_assignments (employee_id,end_time,shift_name,start_time,work_date) values (?,?,?,?,?)
Hibernate: insert into shift_assignments (employee_id,end_time,shift_name,start_time,work_date) values (?,?,?,?,?)
2025-10-13T21:43:07.014+09:00 DEBUG 2284 --- [Shift Scheduler Demo] [           main] org.hibernate.SQL                        : select last_insert_rowid()
Hibernate: select last_insert_rowid()
2025-10-13T21:43:07.014+09:00 DEBUG 2284 --- [Shift Scheduler Demo] [           main] org.hibernate.SQL                        : insert into shift_assignments (employee_id,end_time,shift_name,start_time,work_date) values (?,?,?,?,?)
Hibernate: insert into shift_assignments (employee_id,end_time,shift_name,start_time,work_date) values (?,?,?,?,?)
2025-10-13T21:43:07.014+09:00 DEBUG 2284 --- [Shift Scheduler Demo] [           main] org.hibernate.SQL                        : select last_insert_rowid()
Hibernate: select last_insert_rowid()
2025-10-13T21:43:07.014+09:00 DEBUG 2284 --- [Shift Scheduler Demo] [           main] org.hibernate.SQL                        : insert into shift_assignments (employee_id,end_time,shift_name,start_time,work_date) values (?,?,?,?,?)
Hibernate: insert into shift_assignments (employee_id,end_time,shift_name,start_time,work_date) values (?,?,?,?,?)
2025-10-13T21:43:07.014+09:00 DEBUG 2284 --- [Shift Scheduler Demo] [           main] org.hibernate.SQL                        : select last_insert_rowid()
Hibernate: select last_insert_rowid()
2025-10-13T21:43:07.014+09:00 DEBUG 2284 --- [Shift Scheduler Demo] [           main] org.hibernate.SQL                        : insert into shift_assignments (employee_id,end_time,shift_name,start_time,work_date) values (?,?,?,?,?)
Hibernate: insert into shift_assignments (employee_id,end_time,shift_name,start_time,work_date) values (?,?,?,?,?)
2025-10-13T21:43:07.015+09:00 DEBUG 2284 --- [Shift Scheduler Demo] [           main] org.hibernate.SQL                        : select last_insert_rowid()
Hibernate: select last_insert_rowid()
2025-10-13T21:43:07.015+09:00 DEBUG 2284 --- [Shift Scheduler Demo] [           main] org.hibernate.SQL                        : insert into shift_assignments (employee_id,end_time,shift_name,start_time,work_date) values (?,?,?,?,?)
Hibernate: insert into shift_assignments (employee_id,end_time,shift_name,start_time,work_date) values (?,?,?,?,?)
2025-10-13T21:43:07.015+09:00 DEBUG 2284 --- [Shift Scheduler Demo] [           main] org.hibernate.SQL                        : select last_insert_rowid()
Hibernate: select last_insert_rowid()
2025-10-13T21:43:07.015+09:00 DEBUG 2284 --- [Shift Scheduler Demo] [           main] org.hibernate.SQL                        : insert into shift_assignments (employee_id,end_time,shift_name,start_time,work_date) values (?,?,?,?,?)
Hibernate: insert into shift_assignments (employee_id,end_time,shift_name,start_time,work_date) values (?,?,?,?,?)
2025-10-13T21:43:07.015+09:00 DEBUG 2284 --- [Shift Scheduler Demo] [           main] org.hibernate.SQL                        : select last_insert_rowid()
Hibernate: select last_insert_rowid()
2025-10-13T21:43:07.015+09:00 DEBUG 2284 --- [Shift Scheduler Demo] [           main] org.hibernate.SQL                        : insert into shift_assignments (employee_id,end_time,shift_name,start_time,work_date) values (?,?,?,?,?)
Hibernate: insert into shift_assignments (employee_id,end_time,shift_name,start_time,work_date) values (?,?,?,?,?)
2025-10-13T21:43:07.015+09:00 DEBUG 2284 --- [Shift Scheduler Demo] [           main] org.hibernate.SQL                        : select last_insert_rowid()
Hibernate: select last_insert_rowid()
2025-10-13T21:43:07.016+09:00 DEBUG 2284 --- [Shift Scheduler Demo] [           main] org.hibernate.SQL                        : insert into shift_assignments (employee_id,end_time,shift_name,start_time,work_date) values (?,?,?,?,?)
Hibernate: insert into shift_assignments (employee_id,end_time,shift_name,start_time,work_date) values (?,?,?,?,?)
2025-10-13T21:43:07.016+09:00 DEBUG 2284 --- [Shift Scheduler Demo] [           main] org.hibernate.SQL                        : select last_insert_rowid()
Hibernate: select last_insert_rowid()
2025-10-13T21:43:07.016+09:00 DEBUG 2284 --- [Shift Scheduler Demo] [           main] org.hibernate.SQL                        : insert into shift_assignments (employee_id,end_time,shift_name,start_time,work_date) values (?,?,?,?,?)
Hibernate: insert into shift_assignments (employee_id,end_time,shift_name,start_time,work_date) values (?,?,?,?,?)
2025-10-13T21:43:07.016+09:00 DEBUG 2284 --- [Shift Scheduler Demo] [           main] org.hibernate.SQL                        : select last_insert_rowid()
Hibernate: select last_insert_rowid()
2025-10-13T21:43:07.016+09:00 DEBUG 2284 --- [Shift Scheduler Demo] [           main] org.hibernate.SQL                        : insert into shift_assignments (employee_id,end_time,shift_name,start_time,work_date) values (?,?,?,?,?)
Hibernate: insert into shift_assignments (employee_id,end_time,shift_name,start_time,work_date) values (?,?,?,?,?)
2025-10-13T21:43:07.016+09:00 DEBUG 2284 --- [Shift Scheduler Demo] [           main] org.hibernate.SQL                        : select last_insert_rowid()
Hibernate: select last_insert_rowid()
2025-10-13T21:43:07.016+09:00 DEBUG 2284 --- [Shift Scheduler Demo] [           main] org.hibernate.SQL                        : insert into shift_assignments (employee_id,end_time,shift_name,start_time,work_date) values (?,?,?,?,?)
Hibernate: insert into shift_assignments (employee_id,end_time,shift_name,start_time,work_date) values (?,?,?,?,?)
2025-10-13T21:43:07.016+09:00 DEBUG 2284 --- [Shift Scheduler Demo] [           main] org.hibernate.SQL                        : select last_insert_rowid()
Hibernate: select last_insert_rowid()
2025-10-13T21:43:07.016+09:00 DEBUG 2284 --- [Shift Scheduler Demo] [           main] org.hibernate.SQL                        : insert into shift_assignments (employee_id,end_time,shift_name,start_time,work_date) values (?,?,?,?,?)
Hibernate: insert into shift_assignments (employee_id,end_time,shift_name,start_time,work_date) values (?,?,?,?,?)
2025-10-13T21:43:07.016+09:00 DEBUG 2284 --- [Shift Scheduler Demo] [           main] org.hibernate.SQL                        : select last_insert_rowid()
Hibernate: select last_insert_rowid()
2025-10-13T21:43:07.017+09:00 DEBUG 2284 --- [Shift Scheduler Demo] [           main] org.hibernate.SQL                        : insert into shift_assignments (employee_id,end_time,shift_name,start_time,work_date) values (?,?,?,?,?)
Hibernate: insert into shift_assignments (employee_id,end_time,shift_name,start_time,work_date) values (?,?,?,?,?)
2025-10-13T21:43:07.017+09:00 DEBUG 2284 --- [Shift Scheduler Demo] [           main] org.hibernate.SQL                        : select last_insert_rowid()
Hibernate: select last_insert_rowid()
2025-10-13T21:43:07.017+09:00 DEBUG 2284 --- [Shift Scheduler Demo] [           main] org.hibernate.SQL                        : insert into shift_assignments (employee_id,end_time,shift_name,start_time,work_date) values (?,?,?,?,?)
Hibernate: insert into shift_assignments (employee_id,end_time,shift_name,start_time,work_date) values (?,?,?,?,?)
2025-10-13T21:43:07.017+09:00 DEBUG 2284 --- [Shift Scheduler Demo] [           main] org.hibernate.SQL                        : select last_insert_rowid()
Hibernate: select last_insert_rowid()
2025-10-13T21:43:07.017+09:00 DEBUG 2284 --- [Shift Scheduler Demo] [           main] org.hibernate.SQL                        : insert into shift_assignments (employee_id,end_time,shift_name,start_time,work_date) values (?,?,?,?,?)
Hibernate: insert into shift_assignments (employee_id,end_time,shift_name,start_time,work_date) values (?,?,?,?,?)
2025-10-13T21:43:07.017+09:00 DEBUG 2284 --- [Shift Scheduler Demo] [           main] org.hibernate.SQL                        : select last_insert_rowid()
Hibernate: select last_insert_rowid()
2025-10-13T21:43:07.017+09:00 DEBUG 2284 --- [Shift Scheduler Demo] [           main] org.hibernate.SQL                        : insert into shift_assignments (employee_id,end_time,shift_name,start_time,work_date) values (?,?,?,?,?)
Hibernate: insert into shift_assignments (employee_id,end_time,shift_name,start_time,work_date) values (?,?,?,?,?)
2025-10-13T21:43:07.017+09:00 DEBUG 2284 --- [Shift Scheduler Demo] [           main] org.hibernate.SQL                        : select last_insert_rowid()
Hibernate: select last_insert_rowid()
2025-10-13T21:43:07.017+09:00 DEBUG 2284 --- [Shift Scheduler Demo] [           main] org.hibernate.SQL                        : insert into shift_assignments (employee_id,end_time,shift_name,start_time,work_date) values (?,?,?,?,?)
Hibernate: insert into shift_assignments (employee_id,end_time,shift_name,start_time,work_date) values (?,?,?,?,?)
2025-10-13T21:43:07.018+09:00 DEBUG 2284 --- [Shift Scheduler Demo] [           main] org.hibernate.SQL                        : select last_insert_rowid()
Hibernate: select last_insert_rowid()
2025-10-13T21:43:07.018+09:00  INFO 2284 --- [Shift Scheduler Demo] [           main] c.e.shiftv1.schedule.ScheduleService     : シフト生成が完了しました: 264件の割り当てを生成
]]></system-out>
    <system-err><![CDATA[WARNING: A Java agent has been loaded dynamically (C:\Users\takow\.m2\repository\net\bytebuddy\byte-buddy-agent\1.14.13\byte-buddy-agent-1.14.13.jar)
WARNING: If a serviceability tool is in use, please run with -XX:+EnableDynamicAgentLoading to hide this warning
WARNING: If a serviceability tool is not in use, please run with -Djdk.instrument.traceUsage for more information
WARNING: Dynamic loading of agents will be disallowed by default in a future release
]]></system-err>
  </testcase>
  <testcase name="generateMonthlySchedule_assignsEmployeesForEachShift" classname="com.example.shiftv1.schedule.ScheduleServiceTest" time="0.431">
    <system-out><![CDATA[2025-10-13T21:43:07.074+09:00 DEBUG 2284 --- [Shift Scheduler Demo] [           main] org.hibernate.SQL                        : select sa1_0.id,sa1_0.employee_id,sa1_0.end_time,sa1_0.shift_name,sa1_0.start_time,sa1_0.work_date from shift_assignments sa1_0
Hibernate: select sa1_0.id,sa1_0.employee_id,sa1_0.end_time,sa1_0.shift_name,sa1_0.start_time,sa1_0.work_date from shift_assignments sa1_0
2025-10-13T21:43:07.122+09:00 DEBUG 2284 --- [Shift Scheduler Demo] [           main] org.hibernate.SQL                        : select ec1_0.id,ec1_0.is_active,ec1_0.created_at,ec1_0.date,ec1_0.employee_id,ec1_0.end_time,ec1_0.reason,ec1_0.start_time,ec1_0.type,ec1_0.updated_at from employee_constraints ec1_0
Hibernate: select ec1_0.id,ec1_0.is_active,ec1_0.created_at,ec1_0.date,ec1_0.employee_id,ec1_0.end_time,ec1_0.reason,ec1_0.start_time,ec1_0.type,ec1_0.updated_at from employee_constraints ec1_0
2025-10-13T21:43:07.129+09:00  INFO 2284 --- [Shift Scheduler Demo] [           main] c.e.shiftv1.schedule.ScheduleService     : シフト生成を開始します: 2024年7月
2025-10-13T21:43:07.133+09:00 DEBUG 2284 --- [Shift Scheduler Demo] [           main] org.hibernate.SQL                        : select e1_0.id,e1_0.created_at,e1_0.name,e1_0.role from employees e1_0
Hibernate: select e1_0.id,e1_0.created_at,e1_0.name,e1_0.role from employees e1_0
2025-10-13T21:43:07.137+09:00 DEBUG 2284 --- [Shift Scheduler Demo] [           main] org.hibernate.SQL                        : delete from shift_assignments where id=?
Hibernate: delete from shift_assignments where id=?
2025-10-13T21:43:07.139+09:00 DEBUG 2284 --- [Shift Scheduler Demo] [           main] org.hibernate.SQL                        : delete from shift_assignments where id=?
Hibernate: delete from shift_assignments where id=?
2025-10-13T21:43:07.139+09:00 DEBUG 2284 --- [Shift Scheduler Demo] [           main] org.hibernate.SQL                        : delete from shift_assignments where id=?
Hibernate: delete from shift_assignments where id=?
2025-10-13T21:43:07.139+09:00 DEBUG 2284 --- [Shift Scheduler Demo] [           main] org.hibernate.SQL                        : delete from shift_assignments where id=?
Hibernate: delete from shift_assignments where id=?
2025-10-13T21:43:07.139+09:00 DEBUG 2284 --- [Shift Scheduler Demo] [           main] org.hibernate.SQL                        : delete from shift_assignments where id=?
Hibernate: delete from shift_assignments where id=?
2025-10-13T21:43:07.139+09:00 DEBUG 2284 --- [Shift Scheduler Demo] [           main] org.hibernate.SQL                        : delete from shift_assignments where id=?
Hibernate: delete from shift_assignments where id=?
2025-10-13T21:43:07.139+09:00 DEBUG 2284 --- [Shift Scheduler Demo] [           main] org.hibernate.SQL                        : delete from shift_assignments where id=?
Hibernate: delete from shift_assignments where id=?
2025-10-13T21:43:07.139+09:00 DEBUG 2284 --- [Shift Scheduler Demo] [           main] org.hibernate.SQL                        : delete from shift_assignments where id=?
Hibernate: delete from shift_assignments where id=?
2025-10-13T21:43:07.139+09:00 DEBUG 2284 --- [Shift Scheduler Demo] [           main] org.hibernate.SQL                        : delete from shift_assignments where id=?
Hibernate: delete from shift_assignments where id=?
2025-10-13T21:43:07.139+09:00 DEBUG 2284 --- [Shift Scheduler Demo] [           main] org.hibernate.SQL                        : delete from shift_assignments where id=?
Hibernate: delete from shift_assignments where id=?
2025-10-13T21:43:07.139+09:00 DEBUG 2284 --- [Shift Scheduler Demo] [           main] org.hibernate.SQL                        : delete from shift_assignments where id=?
Hibernate: delete from shift_assignments where id=?
2025-10-13T21:43:07.139+09:00 DEBUG 2284 --- [Shift Scheduler Demo] [           main] org.hibernate.SQL                        : delete from shift_assignments where id=?
Hibernate: delete from shift_assignments where id=?
2025-10-13T21:43:07.139+09:00 DEBUG 2284 --- [Shift Scheduler Demo] [           main] org.hibernate.SQL                        : delete from shift_assignments where id=?
Hibernate: delete from shift_assignments where id=?
2025-10-13T21:43:07.139+09:00 DEBUG 2284 --- [Shift Scheduler Demo] [           main] org.hibernate.SQL                        : delete from shift_assignments where id=?
Hibernate: delete from shift_assignments where id=?
2025-10-13T21:43:07.140+09:00 DEBUG 2284 --- [Shift Scheduler Demo] [           main] org.hibernate.SQL                        : delete from shift_assignments where id=?
Hibernate: delete from shift_assignments where id=?
2025-10-13T21:43:07.140+09:00 DEBUG 2284 --- [Shift Scheduler Demo] [           main] org.hibernate.SQL                        : delete from shift_assignments where id=?
Hibernate: delete from shift_assignments where id=?
2025-10-13T21:43:07.140+09:00 DEBUG 2284 --- [Shift Scheduler Demo] [           main] org.hibernate.SQL                        : delete from shift_assignments where id=?
Hibernate: delete from shift_assignments where id=?
2025-10-13T21:43:07.140+09:00 DEBUG 2284 --- [Shift Scheduler Demo] [           main] org.hibernate.SQL                        : delete from shift_assignments where id=?
Hibernate: delete from shift_assignments where id=?
2025-10-13T21:43:07.140+09:00 DEBUG 2284 --- [Shift Scheduler Demo] [           main] org.hibernate.SQL                        : delete from shift_assignments where id=?
Hibernate: delete from shift_assignments where id=?
2025-10-13T21:43:07.140+09:00 DEBUG 2284 --- [Shift Scheduler Demo] [           main] org.hibernate.SQL                        : delete from shift_assignments where id=?
Hibernate: delete from shift_assignments where id=?
2025-10-13T21:43:07.140+09:00 DEBUG 2284 --- [Shift Scheduler Demo] [           main] org.hibernate.SQL                        : delete from shift_assignments where id=?
Hibernate: delete from shift_assignments where id=?
2025-10-13T21:43:07.140+09:00 DEBUG 2284 --- [Shift Scheduler Demo] [           main] org.hibernate.SQL                        : delete from shift_assignments where id=?
Hibernate: delete from shift_assignments where id=?
2025-10-13T21:43:07.140+09:00 DEBUG 2284 --- [Shift Scheduler Demo] [           main] org.hibernate.SQL                        : delete from shift_assignments where id=?
Hibernate: delete from shift_assignments where id=?
2025-10-13T21:43:07.140+09:00 DEBUG 2284 --- [Shift Scheduler Demo] [           main] org.hibernate.SQL                        : delete from shift_assignments where id=?
Hibernate: delete from shift_assignments where id=?
2025-10-13T21:43:07.140+09:00 DEBUG 2284 --- [Shift Scheduler Demo] [           main] org.hibernate.SQL                        : delete from shift_assignments where id=?
Hibernate: delete from shift_assignments where id=?
2025-10-13T21:43:07.140+09:00 DEBUG 2284 --- [Shift Scheduler Demo] [           main] org.hibernate.SQL                        : delete from shift_assignments where id=?
Hibernate: delete from shift_assignments where id=?
2025-10-13T21:43:07.140+09:00 DEBUG 2284 --- [Shift Scheduler Demo] [           main] org.hibernate.SQL                        : delete from shift_assignments where id=?
Hibernate: delete from shift_assignments where id=?
2025-10-13T21:43:07.140+09:00 DEBUG 2284 --- [Shift Scheduler Demo] [           main] org.hibernate.SQL                        : delete from shift_assignments where id=?
Hibernate: delete from shift_assignments where id=?
2025-10-13T21:43:07.140+09:00 DEBUG 2284 --- [Shift Scheduler Demo] [           main] org.hibernate.SQL                        : delete from shift_assignments where id=?
Hibernate: delete from shift_assignments where id=?
2025-10-13T21:43:07.140+09:00 DEBUG 2284 --- [Shift Scheduler Demo] [           main] org.hibernate.SQL                        : delete from shift_assignments where id=?
Hibernate: delete from shift_assignments where id=?
2025-10-13T21:43:07.140+09:00 DEBUG 2284 --- [Shift Scheduler Demo] [           main] org.hibernate.SQL                        : delete from shift_assignments where id=?
Hibernate: delete from shift_assignments where id=?
2025-10-13T21:43:07.140+09:00 DEBUG 2284 --- [Shift Scheduler Demo] [           main] org.hibernate.SQL                        : delete from shift_assignments where id=?
Hibernate: delete from shift_assignments where id=?
2025-10-13T21:43:07.141+09:00 DEBUG 2284 --- [Shift Scheduler Demo] [           main] org.hibernate.SQL                        : delete from shift_assignments where id=?
Hibernate: delete from shift_assignments where id=?
2025-10-13T21:43:07.141+09:00 DEBUG 2284 --- [Shift Scheduler Demo] [           main] org.hibernate.SQL                        : delete from shift_assignments where id=?
Hibernate: delete from shift_assignments where id=?
2025-10-13T21:43:07.141+09:00 DEBUG 2284 --- [Shift Scheduler Demo] [           main] org.hibernate.SQL                        : delete from shift_assignments where id=?
Hibernate: delete from shift_assignments where id=?
2025-10-13T21:43:07.141+09:00 DEBUG 2284 --- [Shift Scheduler Demo] [           main] org.hibernate.SQL                        : delete from shift_assignments where id=?
Hibernate: delete from shift_assignments where id=?
2025-10-13T21:43:07.141+09:00 DEBUG 2284 --- [Shift Scheduler Demo] [           main] org.hibernate.SQL                        : delete from shift_assignments where id=?
Hibernate: delete from shift_assignments where id=?
2025-10-13T21:43:07.141+09:00 DEBUG 2284 --- [Shift Scheduler Demo] [           main] org.hibernate.SQL                        : delete from shift_assignments where id=?
Hibernate: delete from shift_assignments where id=?
2025-10-13T21:43:07.141+09:00 DEBUG 2284 --- [Shift Scheduler Demo] [           main] org.hibernate.SQL                        : delete from shift_assignments where id=?
Hibernate: delete from shift_assignments where id=?
2025-10-13T21:43:07.141+09:00 DEBUG 2284 --- [Shift Scheduler Demo] [           main] org.hibernate.SQL                        : delete from shift_assignments where id=?
Hibernate: delete from shift_assignments where id=?
2025-10-13T21:43:07.141+09:00 DEBUG 2284 --- [Shift Scheduler Demo] [           main] org.hibernate.SQL                        : delete from shift_assignments where id=?
Hibernate: delete from shift_assignments where id=?
2025-10-13T21:43:07.141+09:00 DEBUG 2284 --- [Shift Scheduler Demo] [           main] org.hibernate.SQL                        : delete from shift_assignments where id=?
Hibernate: delete from shift_assignments where id=?
2025-10-13T21:43:07.141+09:00 DEBUG 2284 --- [Shift Scheduler Demo] [           main] org.hibernate.SQL                        : delete from shift_assignments where id=?
Hibernate: delete from shift_assignments where id=?
2025-10-13T21:43:07.141+09:00 DEBUG 2284 --- [Shift Scheduler Demo] [           main] org.hibernate.SQL                        : delete from shift_assignments where id=?
Hibernate: delete from shift_assignments where id=?
2025-10-13T21:43:07.141+09:00 DEBUG 2284 --- [Shift Scheduler Demo] [           main] org.hibernate.SQL                        : delete from shift_assignments where id=?
Hibernate: delete from shift_assignments where id=?
2025-10-13T21:43:07.141+09:00 DEBUG 2284 --- [Shift Scheduler Demo] [           main] org.hibernate.SQL                        : delete from shift_assignments where id=?
Hibernate: delete from shift_assignments where id=?
2025-10-13T21:43:07.141+09:00 DEBUG 2284 --- [Shift Scheduler Demo] [           main] org.hibernate.SQL                        : delete from shift_assignments where id=?
Hibernate: delete from shift_assignments where id=?
2025-10-13T21:43:07.141+09:00 DEBUG 2284 --- [Shift Scheduler Demo] [           main] org.hibernate.SQL                        : delete from shift_assignments where id=?
Hibernate: delete from shift_assignments where id=?
2025-10-13T21:43:07.141+09:00 DEBUG 2284 --- [Shift Scheduler Demo] [           main] org.hibernate.SQL                        : delete from shift_assignments where id=?
Hibernate: delete from shift_assignments where id=?
2025-10-13T21:43:07.141+09:00 DEBUG 2284 --- [Shift Scheduler Demo] [           main] org.hibernate.SQL                        : delete from shift_assignments where id=?
Hibernate: delete from shift_assignments where id=?
2025-10-13T21:43:07.141+09:00 DEBUG 2284 --- [Shift Scheduler Demo] [           main] org.hibernate.SQL                        : delete from shift_assignments where id=?
Hibernate: delete from shift_assignments where id=?
2025-10-13T21:43:07.141+09:00 DEBUG 2284 --- [Shift Scheduler Demo] [           main] org.hibernate.SQL                        : delete from shift_assignments where id=?
Hibernate: delete from shift_assignments where id=?
2025-10-13T21:43:07.141+09:00 DEBUG 2284 --- [Shift Scheduler Demo] [           main] org.hibernate.SQL                        : delete from shift_assignments where id=?
Hibernate: delete from shift_assignments where id=?
2025-10-13T21:43:07.141+09:00 DEBUG 2284 --- [Shift Scheduler Demo] [           main] org.hibernate.SQL                        : delete from shift_assignments where id=?
Hibernate: delete from shift_assignments where id=?
2025-10-13T21:43:07.141+09:00 DEBUG 2284 --- [Shift Scheduler Demo] [           main] org.hibernate.SQL                        : delete from shift_assignments where id=?
Hibernate: delete from shift_assignments where id=?
2025-10-13T21:43:07.141+09:00 DEBUG 2284 --- [Shift Scheduler Demo] [           main] org.hibernate.SQL                        : delete from shift_assignments where id=?
Hibernate: delete from shift_assignments where id=?
2025-10-13T21:43:07.141+09:00 DEBUG 2284 --- [Shift Scheduler Demo] [           main] org.hibernate.SQL                        : delete from shift_assignments where id=?
Hibernate: delete from shift_assignments where id=?
2025-10-13T21:43:07.142+09:00 DEBUG 2284 --- [Shift Scheduler Demo] [           main] org.hibernate.SQL                        : delete from shift_assignments where id=?
Hibernate: delete from shift_assignments where id=?
2025-10-13T21:43:07.142+09:00 DEBUG 2284 --- [Shift Scheduler Demo] [           main] org.hibernate.SQL                        : delete from shift_assignments where id=?
Hibernate: delete from shift_assignments where id=?
2025-10-13T21:43:07.142+09:00 DEBUG 2284 --- [Shift Scheduler Demo] [           main] org.hibernate.SQL                        : delete from shift_assignments where id=?
Hibernate: delete from shift_assignments where id=?
2025-10-13T21:43:07.142+09:00 DEBUG 2284 --- [Shift Scheduler Demo] [           main] org.hibernate.SQL                        : delete from shift_assignments where id=?
Hibernate: delete from shift_assignments where id=?
2025-10-13T21:43:07.142+09:00 DEBUG 2284 --- [Shift Scheduler Demo] [           main] org.hibernate.SQL                        : delete from shift_assignments where id=?
Hibernate: delete from shift_assignments where id=?
2025-10-13T21:43:07.142+09:00 DEBUG 2284 --- [Shift Scheduler Demo] [           main] org.hibernate.SQL                        : delete from shift_assignments where id=?
Hibernate: delete from shift_assignments where id=?
2025-10-13T21:43:07.142+09:00 DEBUG 2284 --- [Shift Scheduler Demo] [           main] org.hibernate.SQL                        : delete from shift_assignments where id=?
Hibernate: delete from shift_assignments where id=?
2025-10-13T21:43:07.142+09:00 DEBUG 2284 --- [Shift Scheduler Demo] [           main] org.hibernate.SQL                        : delete from shift_assignments where id=?
Hibernate: delete from shift_assignments where id=?
2025-10-13T21:43:07.142+09:00 DEBUG 2284 --- [Shift Scheduler Demo] [           main] org.hibernate.SQL                        : delete from shift_assignments where id=?
Hibernate: delete from shift_assignments where id=?
2025-10-13T21:43:07.142+09:00 DEBUG 2284 --- [Shift Scheduler Demo] [           main] org.hibernate.SQL                        : delete from shift_assignments where id=?
Hibernate: delete from shift_assignments where id=?
2025-10-13T21:43:07.142+09:00 DEBUG 2284 --- [Shift Scheduler Demo] [           main] org.hibernate.SQL                        : delete from shift_assignments where id=?
Hibernate: delete from shift_assignments where id=?
2025-10-13T21:43:07.142+09:00 DEBUG 2284 --- [Shift Scheduler Demo] [           main] org.hibernate.SQL                        : delete from shift_assignments where id=?
Hibernate: delete from shift_assignments where id=?
2025-10-13T21:43:07.142+09:00 DEBUG 2284 --- [Shift Scheduler Demo] [           main] org.hibernate.SQL                        : delete from shift_assignments where id=?
Hibernate: delete from shift_assignments where id=?
2025-10-13T21:43:07.142+09:00 DEBUG 2284 --- [Shift Scheduler Demo] [           main] org.hibernate.SQL                        : delete from shift_assignments where id=?
Hibernate: delete from shift_assignments where id=?
2025-10-13T21:43:07.142+09:00 DEBUG 2284 --- [Shift Scheduler Demo] [           main] org.hibernate.SQL                        : delete from shift_assignments where id=?
Hibernate: delete from shift_assignments where id=?
2025-10-13T21:43:07.142+09:00 DEBUG 2284 --- [Shift Scheduler Demo] [           main] org.hibernate.SQL                        : delete from shift_assignments where id=?
Hibernate: delete from shift_assignments where id=?
2025-10-13T21:43:07.142+09:00 DEBUG 2284 --- [Shift Scheduler Demo] [           main] org.hibernate.SQL                        : delete from shift_assignments where id=?
Hibernate: delete from shift_assignments where id=?
2025-10-13T21:43:07.142+09:00 DEBUG 2284 --- [Shift Scheduler Demo] [           main] org.hibernate.SQL                        : delete from shift_assignments where id=?
Hibernate: delete from shift_assignments where id=?
2025-10-13T21:43:07.142+09:00 DEBUG 2284 --- [Shift Scheduler Demo] [           main] org.hibernate.SQL                        : delete from shift_assignments where id=?
Hibernate: delete from shift_assignments where id=?
2025-10-13T21:43:07.142+09:00 DEBUG 2284 --- [Shift Scheduler Demo] [           main] org.hibernate.SQL                        : delete from shift_assignments where id=?
Hibernate: delete from shift_assignments where id=?
2025-10-13T21:43:07.142+09:00 DEBUG 2284 --- [Shift Scheduler Demo] [           main] org.hibernate.SQL                        : delete from shift_assignments where id=?
Hibernate: delete from shift_assignments where id=?
2025-10-13T21:43:07.142+09:00 DEBUG 2284 --- [Shift Scheduler Demo] [           main] org.hibernate.SQL                        : delete from shift_assignments where id=?
Hibernate: delete from shift_assignments where id=?
2025-10-13T21:43:07.142+09:00 DEBUG 2284 --- [Shift Scheduler Demo] [           main] org.hibernate.SQL                        : delete from shift_assignments where id=?
Hibernate: delete from shift_assignments where id=?
2025-10-13T21:43:07.142+09:00 DEBUG 2284 --- [Shift Scheduler Demo] [           main] org.hibernate.SQL                        : delete from shift_assignments where id=?
Hibernate: delete from shift_assignments where id=?
2025-10-13T21:43:07.142+09:00 DEBUG 2284 --- [Shift Scheduler Demo] [           main] org.hibernate.SQL                        : delete from shift_assignments where id=?
Hibernate: delete from shift_assignments where id=?
2025-10-13T21:43:07.142+09:00 DEBUG 2284 --- [Shift Scheduler Demo] [           main] org.hibernate.SQL                        : delete from shift_assignments where id=?
Hibernate: delete from shift_assignments where id=?
2025-10-13T21:43:07.143+09:00 DEBUG 2284 --- [Shift Scheduler Demo] [           main] org.hibernate.SQL                        : delete from shift_assignments where id=?
Hibernate: delete from shift_assignments where id=?
2025-10-13T21:43:07.143+09:00 DEBUG 2284 --- [Shift Scheduler Demo] [           main] org.hibernate.SQL                        : delete from shift_assignments where id=?
Hibernate: delete from shift_assignments where id=?
2025-10-13T21:43:07.143+09:00 DEBUG 2284 --- [Shift Scheduler Demo] [           main] org.hibernate.SQL                        : delete from shift_assignments where id=?
Hibernate: delete from shift_assignments where id=?
2025-10-13T21:43:07.143+09:00 DEBUG 2284 --- [Shift Scheduler Demo] [           main] org.hibernate.SQL                        : delete from shift_assignments where id=?
Hibernate: delete from shift_assignments where id=?
2025-10-13T21:43:07.143+09:00 DEBUG 2284 --- [Shift Scheduler Demo] [           main] org.hibernate.SQL                        : delete from shift_assignments where id=?
Hibernate: delete from shift_assignments where id=?
2025-10-13T21:43:07.143+09:00 DEBUG 2284 --- [Shift Scheduler Demo] [           main] org.hibernate.SQL                        : delete from shift_assignments where id=?
Hibernate: delete from shift_assignments where id=?
2025-10-13T21:43:07.143+09:00 DEBUG 2284 --- [Shift Scheduler Demo] [           main] org.hibernate.SQL                        : delete from shift_assignments where id=?
Hibernate: delete from shift_assignments where id=?
2025-10-13T21:43:07.143+09:00 DEBUG 2284 --- [Shift Scheduler Demo] [           main] org.hibernate.SQL                        : delete from shift_assignments where id=?
Hibernate: delete from shift_assignments where id=?
2025-10-13T21:43:07.143+09:00 DEBUG 2284 --- [Shift Scheduler Demo] [           main] org.hibernate.SQL                        : delete from shift_assignments where id=?
Hibernate: delete from shift_assignments where id=?
2025-10-13T21:43:07.143+09:00 DEBUG 2284 --- [Shift Scheduler Demo] [           main] org.hibernate.SQL                        : delete from shift_assignments where id=?
Hibernate: delete from shift_assignments where id=?
2025-10-13T21:43:07.143+09:00 DEBUG 2284 --- [Shift Scheduler Demo] [           main] org.hibernate.SQL                        : delete from shift_assignments where id=?
Hibernate: delete from shift_assignments where id=?
2025-10-13T21:43:07.143+09:00 DEBUG 2284 --- [Shift Scheduler Demo] [           main] org.hibernate.SQL                        : delete from shift_assignments where id=?
Hibernate: delete from shift_assignments where id=?
2025-10-13T21:43:07.143+09:00 DEBUG 2284 --- [Shift Scheduler Demo] [           main] org.hibernate.SQL                        : delete from shift_assignments where id=?
Hibernate: delete from shift_assignments where id=?
2025-10-13T21:43:07.143+09:00 DEBUG 2284 --- [Shift Scheduler Demo] [           main] org.hibernate.SQL                        : delete from shift_assignments where id=?
Hibernate: delete from shift_assignments where id=?
2025-10-13T21:43:07.143+09:00 DEBUG 2284 --- [Shift Scheduler Demo] [           main] org.hibernate.SQL                        : delete from shift_assignments where id=?
Hibernate: delete from shift_assignments where id=?
2025-10-13T21:43:07.143+09:00 DEBUG 2284 --- [Shift Scheduler Demo] [           main] org.hibernate.SQL                        : delete from shift_assignments where id=?
Hibernate: delete from shift_assignments where id=?
2025-10-13T21:43:07.143+09:00 DEBUG 2284 --- [Shift Scheduler Demo] [           main] org.hibernate.SQL                        : delete from shift_assignments where id=?
Hibernate: delete from shift_assignments where id=?
2025-10-13T21:43:07.143+09:00 DEBUG 2284 --- [Shift Scheduler Demo] [           main] org.hibernate.SQL                        : delete from shift_assignments where id=?
Hibernate: delete from shift_assignments where id=?
2025-10-13T21:43:07.143+09:00 DEBUG 2284 --- [Shift Scheduler Demo] [           main] org.hibernate.SQL                        : delete from shift_assignments where id=?
Hibernate: delete from shift_assignments where id=?
2025-10-13T21:43:07.143+09:00 DEBUG 2284 --- [Shift Scheduler Demo] [           main] org.hibernate.SQL                        : delete from shift_assignments where id=?
Hibernate: delete from shift_assignments where id=?
2025-10-13T21:43:07.143+09:00 DEBUG 2284 --- [Shift Scheduler Demo] [           main] org.hibernate.SQL                        : delete from shift_assignments where id=?
Hibernate: delete from shift_assignments where id=?
2025-10-13T21:43:07.143+09:00 DEBUG 2284 --- [Shift Scheduler Demo] [           main] org.hibernate.SQL                        : delete from shift_assignments where id=?
Hibernate: delete from shift_assignments where id=?
2025-10-13T21:43:07.143+09:00 DEBUG 2284 --- [Shift Scheduler Demo] [           main] org.hibernate.SQL                        : delete from shift_assignments where id=?
Hibernate: delete from shift_assignments where id=?
2025-10-13T21:43:07.143+09:00 DEBUG 2284 --- [Shift Scheduler Demo] [           main] org.hibernate.SQL                        : delete from shift_assignments where id=?
Hibernate: delete from shift_assignments where id=?
2025-10-13T21:43:07.143+09:00 DEBUG 2284 --- [Shift Scheduler Demo] [           main] org.hibernate.SQL                        : delete from shift_assignments where id=?
Hibernate: delete from shift_assignments where id=?
2025-10-13T21:43:07.143+09:00 DEBUG 2284 --- [Shift Scheduler Demo] [           main] org.hibernate.SQL                        : delete from shift_assignments where id=?
Hibernate: delete from shift_assignments where id=?
2025-10-13T21:43:07.143+09:00 DEBUG 2284 --- [Shift Scheduler Demo] [           main] org.hibernate.SQL                        : delete from shift_assignments where id=?
Hibernate: delete from shift_assignments where id=?
2025-10-13T21:43:07.143+09:00 DEBUG 2284 --- [Shift Scheduler Demo] [           main] org.hibernate.SQL                        : delete from shift_assignments where id=?
Hibernate: delete from shift_assignments where id=?
2025-10-13T21:43:07.143+09:00 DEBUG 2284 --- [Shift Scheduler Demo] [           main] org.hibernate.SQL                        : delete from shift_assignments where id=?
Hibernate: delete from shift_assignments where id=?
2025-10-13T21:43:07.143+09:00 DEBUG 2284 --- [Shift Scheduler Demo] [           main] org.hibernate.SQL                        : delete from shift_assignments where id=?
Hibernate: delete from shift_assignments where id=?
2025-10-13T21:43:07.144+09:00 DEBUG 2284 --- [Shift Scheduler Demo] [           main] org.hibernate.SQL                        : delete from shift_assignments where id=?
Hibernate: delete from shift_assignments where id=?
2025-10-13T21:43:07.144+09:00 DEBUG 2284 --- [Shift Scheduler Demo] [           main] org.hibernate.SQL                        : delete from shift_assignments where id=?
Hibernate: delete from shift_assignments where id=?
2025-10-13T21:43:07.144+09:00 DEBUG 2284 --- [Shift Scheduler Demo] [           main] org.hibernate.SQL                        : delete from shift_assignments where id=?
Hibernate: delete from shift_assignments where id=?
2025-10-13T21:43:07.144+09:00 DEBUG 2284 --- [Shift Scheduler Demo] [           main] org.hibernate.SQL                        : delete from shift_assignments where id=?
Hibernate: delete from shift_assignments where id=?
2025-10-13T21:43:07.144+09:00 DEBUG 2284 --- [Shift Scheduler Demo] [           main] org.hibernate.SQL                        : delete from shift_assignments where id=?
Hibernate: delete from shift_assignments where id=?
2025-10-13T21:43:07.144+09:00 DEBUG 2284 --- [Shift Scheduler Demo] [           main] org.hibernate.SQL                        : delete from shift_assignments where id=?
Hibernate: delete from shift_assignments where id=?
2025-10-13T21:43:07.144+09:00 DEBUG 2284 --- [Shift Scheduler Demo] [           main] org.hibernate.SQL                        : delete from shift_assignments where id=?
Hibernate: delete from shift_assignments where id=?
2025-10-13T21:43:07.144+09:00 DEBUG 2284 --- [Shift Scheduler Demo] [           main] org.hibernate.SQL                        : delete from shift_assignments where id=?
Hibernate: delete from shift_assignments where id=?
2025-10-13T21:43:07.144+09:00 DEBUG 2284 --- [Shift Scheduler Demo] [           main] org.hibernate.SQL                        : delete from shift_assignments where id=?
Hibernate: delete from shift_assignments where id=?
2025-10-13T21:43:07.144+09:00 DEBUG 2284 --- [Shift Scheduler Demo] [           main] org.hibernate.SQL                        : delete from shift_assignments where id=?
Hibernate: delete from shift_assignments where id=?
2025-10-13T21:43:07.144+09:00 DEBUG 2284 --- [Shift Scheduler Demo] [           main] org.hibernate.SQL                        : delete from shift_assignments where id=?
Hibernate: delete from shift_assignments where id=?
2025-10-13T21:43:07.144+09:00 DEBUG 2284 --- [Shift Scheduler Demo] [           main] org.hibernate.SQL                        : delete from shift_assignments where id=?
Hibernate: delete from shift_assignments where id=?
2025-10-13T21:43:07.144+09:00 DEBUG 2284 --- [Shift Scheduler Demo] [           main] org.hibernate.SQL                        : delete from shift_assignments where id=?
Hibernate: delete from shift_assignments where id=?
2025-10-13T21:43:07.144+09:00 DEBUG 2284 --- [Shift Scheduler Demo] [           main] org.hibernate.SQL                        : delete from shift_assignments where id=?
Hibernate: delete from shift_assignments where id=?
2025-10-13T21:43:07.144+09:00 DEBUG 2284 --- [Shift Scheduler Demo] [           main] org.hibernate.SQL                        : delete from shift_assignments where id=?
Hibernate: delete from shift_assignments where id=?
2025-10-13T21:43:07.144+09:00 DEBUG 2284 --- [Shift Scheduler Demo] [           main] org.hibernate.SQL                        : delete from shift_assignments where id=?
Hibernate: delete from shift_assignments where id=?
2025-10-13T21:43:07.144+09:00 DEBUG 2284 --- [Shift Scheduler Demo] [           main] org.hibernate.SQL                        : delete from shift_assignments where id=?
Hibernate: delete from shift_assignments where id=?
2025-10-13T21:43:07.144+09:00 DEBUG 2284 --- [Shift Scheduler Demo] [           main] org.hibernate.SQL                        : delete from shift_assignments where id=?
Hibernate: delete from shift_assignments where id=?
2025-10-13T21:43:07.144+09:00 DEBUG 2284 --- [Shift Scheduler Demo] [           main] org.hibernate.SQL                        : delete from shift_assignments where id=?
Hibernate: delete from shift_assignments where id=?
2025-10-13T21:43:07.144+09:00 DEBUG 2284 --- [Shift Scheduler Demo] [           main] org.hibernate.SQL                        : delete from shift_assignments where id=?
Hibernate: delete from shift_assignments where id=?
2025-10-13T21:43:07.144+09:00 DEBUG 2284 --- [Shift Scheduler Demo] [           main] org.hibernate.SQL                        : delete from shift_assignments where id=?
Hibernate: delete from shift_assignments where id=?
2025-10-13T21:43:07.144+09:00 DEBUG 2284 --- [Shift Scheduler Demo] [           main] org.hibernate.SQL                        : delete from shift_assignments where id=?
Hibernate: delete from shift_assignments where id=?
2025-10-13T21:43:07.144+09:00 DEBUG 2284 --- [Shift Scheduler Demo] [           main] org.hibernate.SQL                        : delete from shift_assignments where id=?
Hibernate: delete from shift_assignments where id=?
2025-10-13T21:43:07.144+09:00 DEBUG 2284 --- [Shift Scheduler Demo] [           main] org.hibernate.SQL                        : delete from shift_assignments where id=?
Hibernate: delete from shift_assignments where id=?
2025-10-13T21:43:07.144+09:00 DEBUG 2284 --- [Shift Scheduler Demo] [           main] org.hibernate.SQL                        : delete from shift_assignments where id=?
Hibernate: delete from shift_assignments where id=?
2025-10-13T21:43:07.144+09:00 DEBUG 2284 --- [Shift Scheduler Demo] [           main] org.hibernate.SQL                        : delete from shift_assignments where id=?
Hibernate: delete from shift_assignments where id=?
2025-10-13T21:43:07.144+09:00 DEBUG 2284 --- [Shift Scheduler Demo] [           main] org.hibernate.SQL                        : delete from shift_assignments where id=?
Hibernate: delete from shift_assignments where id=?
2025-10-13T21:43:07.144+09:00 DEBUG 2284 --- [Shift Scheduler Demo] [           main] org.hibernate.SQL                        : delete from shift_assignments where id=?
Hibernate: delete from shift_assignments where id=?
2025-10-13T21:43:07.144+09:00 DEBUG 2284 --- [Shift Scheduler Demo] [           main] org.hibernate.SQL                        : delete from shift_assignments where id=?
Hibernate: delete from shift_assignments where id=?
2025-10-13T21:43:07.144+09:00 DEBUG 2284 --- [Shift Scheduler Demo] [           main] org.hibernate.SQL                        : delete from shift_assignments where id=?
Hibernate: delete from shift_assignments where id=?
2025-10-13T21:43:07.144+09:00 DEBUG 2284 --- [Shift Scheduler Demo] [           main] org.hibernate.SQL                        : delete from shift_assignments where id=?
Hibernate: delete from shift_assignments where id=?
2025-10-13T21:43:07.145+09:00 DEBUG 2284 --- [Shift Scheduler Demo] [           main] org.hibernate.SQL                        : delete from shift_assignments where id=?
Hibernate: delete from shift_assignments where id=?
2025-10-13T21:43:07.145+09:00 DEBUG 2284 --- [Shift Scheduler Demo] [           main] org.hibernate.SQL                        : delete from shift_assignments where id=?
Hibernate: delete from shift_assignments where id=?
2025-10-13T21:43:07.145+09:00 DEBUG 2284 --- [Shift Scheduler Demo] [           main] org.hibernate.SQL                        : delete from shift_assignments where id=?
Hibernate: delete from shift_assignments where id=?
2025-10-13T21:43:07.145+09:00 DEBUG 2284 --- [Shift Scheduler Demo] [           main] org.hibernate.SQL                        : delete from shift_assignments where id=?
Hibernate: delete from shift_assignments where id=?
2025-10-13T21:43:07.145+09:00 DEBUG 2284 --- [Shift Scheduler Demo] [           main] org.hibernate.SQL                        : delete from shift_assignments where id=?
Hibernate: delete from shift_assignments where id=?
2025-10-13T21:43:07.145+09:00 DEBUG 2284 --- [Shift Scheduler Demo] [           main] org.hibernate.SQL                        : delete from shift_assignments where id=?
Hibernate: delete from shift_assignments where id=?
2025-10-13T21:43:07.145+09:00 DEBUG 2284 --- [Shift Scheduler Demo] [           main] org.hibernate.SQL                        : delete from shift_assignments where id=?
Hibernate: delete from shift_assignments where id=?
2025-10-13T21:43:07.145+09:00 DEBUG 2284 --- [Shift Scheduler Demo] [           main] org.hibernate.SQL                        : delete from shift_assignments where id=?
Hibernate: delete from shift_assignments where id=?
2025-10-13T21:43:07.145+09:00 DEBUG 2284 --- [Shift Scheduler Demo] [           main] org.hibernate.SQL                        : delete from shift_assignments where id=?
Hibernate: delete from shift_assignments where id=?
2025-10-13T21:43:07.145+09:00 DEBUG 2284 --- [Shift Scheduler Demo] [           main] org.hibernate.SQL                        : delete from shift_assignments where id=?
Hibernate: delete from shift_assignments where id=?
2025-10-13T21:43:07.145+09:00 DEBUG 2284 --- [Shift Scheduler Demo] [           main] org.hibernate.SQL                        : delete from shift_assignments where id=?
Hibernate: delete from shift_assignments where id=?
2025-10-13T21:43:07.145+09:00 DEBUG 2284 --- [Shift Scheduler Demo] [           main] org.hibernate.SQL                        : delete from shift_assignments where id=?
Hibernate: delete from shift_assignments where id=?
2025-10-13T21:43:07.145+09:00 DEBUG 2284 --- [Shift Scheduler Demo] [           main] org.hibernate.SQL                        : delete from shift_assignments where id=?
Hibernate: delete from shift_assignments where id=?
2025-10-13T21:43:07.145+09:00 DEBUG 2284 --- [Shift Scheduler Demo] [           main] org.hibernate.SQL                        : delete from shift_assignments where id=?
Hibernate: delete from shift_assignments where id=?
2025-10-13T21:43:07.145+09:00 DEBUG 2284 --- [Shift Scheduler Demo] [           main] org.hibernate.SQL                        : delete from shift_assignments where id=?
Hibernate: delete from shift_assignments where id=?
2025-10-13T21:43:07.145+09:00 DEBUG 2284 --- [Shift Scheduler Demo] [           main] org.hibernate.SQL                        : delete from shift_assignments where id=?
Hibernate: delete from shift_assignments where id=?
2025-10-13T21:43:07.145+09:00 DEBUG 2284 --- [Shift Scheduler Demo] [           main] org.hibernate.SQL                        : delete from shift_assignments where id=?
Hibernate: delete from shift_assignments where id=?
2025-10-13T21:43:07.145+09:00 DEBUG 2284 --- [Shift Scheduler Demo] [           main] org.hibernate.SQL                        : delete from shift_assignments where id=?
Hibernate: delete from shift_assignments where id=?
2025-10-13T21:43:07.145+09:00 DEBUG 2284 --- [Shift Scheduler Demo] [           main] org.hibernate.SQL                        : delete from shift_assignments where id=?
Hibernate: delete from shift_assignments where id=?
2025-10-13T21:43:07.145+09:00 DEBUG 2284 --- [Shift Scheduler Demo] [           main] org.hibernate.SQL                        : delete from shift_assignments where id=?
Hibernate: delete from shift_assignments where id=?
2025-10-13T21:43:07.145+09:00 DEBUG 2284 --- [Shift Scheduler Demo] [           main] org.hibernate.SQL                        : delete from shift_assignments where id=?
Hibernate: delete from shift_assignments where id=?
2025-10-13T21:43:07.145+09:00 DEBUG 2284 --- [Shift Scheduler Demo] [           main] org.hibernate.SQL                        : delete from shift_assignments where id=?
Hibernate: delete from shift_assignments where id=?
2025-10-13T21:43:07.145+09:00 DEBUG 2284 --- [Shift Scheduler Demo] [           main] org.hibernate.SQL                        : delete from shift_assignments where id=?
Hibernate: delete from shift_assignments where id=?
2025-10-13T21:43:07.145+09:00 DEBUG 2284 --- [Shift Scheduler Demo] [           main] org.hibernate.SQL                        : delete from shift_assignments where id=?
Hibernate: delete from shift_assignments where id=?
2025-10-13T21:43:07.145+09:00 DEBUG 2284 --- [Shift Scheduler Demo] [           main] org.hibernate.SQL                        : delete from shift_assignments where id=?
Hibernate: delete from shift_assignments where id=?
2025-10-13T21:43:07.145+09:00 DEBUG 2284 --- [Shift Scheduler Demo] [           main] org.hibernate.SQL                        : delete from shift_assignments where id=?
Hibernate: delete from shift_assignments where id=?
2025-10-13T21:43:07.145+09:00 DEBUG 2284 --- [Shift Scheduler Demo] [           main] org.hibernate.SQL                        : delete from shift_assignments where id=?
Hibernate: delete from shift_assignments where id=?
2025-10-13T21:43:07.145+09:00 DEBUG 2284 --- [Shift Scheduler Demo] [           main] org.hibernate.SQL                        : delete from shift_assignments where id=?
Hibernate: delete from shift_assignments where id=?
2025-10-13T21:43:07.145+09:00 DEBUG 2284 --- [Shift Scheduler Demo] [           main] org.hibernate.SQL                        : delete from shift_assignments where id=?
Hibernate: delete from shift_assignments where id=?
2025-10-13T21:43:07.145+09:00 DEBUG 2284 --- [Shift Scheduler Demo] [           main] org.hibernate.SQL                        : delete from shift_assignments where id=?
Hibernate: delete from shift_assignments where id=?
2025-10-13T21:43:07.145+09:00 DEBUG 2284 --- [Shift Scheduler Demo] [           main] org.hibernate.SQL                        : delete from shift_assignments where id=?
Hibernate: delete from shift_assignments where id=?
2025-10-13T21:43:07.145+09:00 DEBUG 2284 --- [Shift Scheduler Demo] [           main] org.hibernate.SQL                        : delete from shift_assignments where id=?
Hibernate: delete from shift_assignments where id=?
2025-10-13T21:43:07.145+09:00 DEBUG 2284 --- [Shift Scheduler Demo] [           main] org.hibernate.SQL                        : delete from shift_assignments where id=?
Hibernate: delete from shift_assignments where id=?
2025-10-13T21:43:07.145+09:00 DEBUG 2284 --- [Shift Scheduler Demo] [           main] org.hibernate.SQL                        : delete from shift_assignments where id=?
Hibernate: delete from shift_assignments where id=?
2025-10-13T21:43:07.145+09:00 DEBUG 2284 --- [Shift Scheduler Demo] [           main] org.hibernate.SQL                        : delete from shift_assignments where id=?
Hibernate: delete from shift_assignments where id=?
2025-10-13T21:43:07.145+09:00 DEBUG 2284 --- [Shift Scheduler Demo] [           main] org.hibernate.SQL                        : delete from shift_assignments where id=?
Hibernate: delete from shift_assignments where id=?
2025-10-13T21:43:07.145+09:00 DEBUG 2284 --- [Shift Scheduler Demo] [           main] org.hibernate.SQL                        : delete from shift_assignments where id=?
Hibernate: delete from shift_assignments where id=?
2025-10-13T21:43:07.145+09:00 DEBUG 2284 --- [Shift Scheduler Demo] [           main] org.hibernate.SQL                        : delete from shift_assignments where id=?
Hibernate: delete from shift_assignments where id=?
2025-10-13T21:43:07.145+09:00 DEBUG 2284 --- [Shift Scheduler Demo] [           main] org.hibernate.SQL                        : delete from shift_assignments where id=?
Hibernate: delete from shift_assignments where id=?
2025-10-13T21:43:07.145+09:00 DEBUG 2284 --- [Shift Scheduler Demo] [           main] org.hibernate.SQL                        : delete from shift_assignments where id=?
Hibernate: delete from shift_assignments where id=?
2025-10-13T21:43:07.145+09:00 DEBUG 2284 --- [Shift Scheduler Demo] [           main] org.hibernate.SQL                        : delete from shift_assignments where id=?
Hibernate: delete from shift_assignments where id=?
2025-10-13T21:43:07.145+09:00 DEBUG 2284 --- [Shift Scheduler Demo] [           main] org.hibernate.SQL                        : delete from shift_assignments where id=?
Hibernate: delete from shift_assignments where id=?
2025-10-13T21:43:07.146+09:00 DEBUG 2284 --- [Shift Scheduler Demo] [           main] org.hibernate.SQL                        : delete from shift_assignments where id=?
Hibernate: delete from shift_assignments where id=?
2025-10-13T21:43:07.146+09:00 DEBUG 2284 --- [Shift Scheduler Demo] [           main] org.hibernate.SQL                        : delete from shift_assignments where id=?
Hibernate: delete from shift_assignments where id=?
2025-10-13T21:43:07.146+09:00 DEBUG 2284 --- [Shift Scheduler Demo] [           main] org.hibernate.SQL                        : delete from shift_assignments where id=?
Hibernate: delete from shift_assignments where id=?
2025-10-13T21:43:07.146+09:00 DEBUG 2284 --- [Shift Scheduler Demo] [           main] org.hibernate.SQL                        : delete from shift_assignments where id=?
Hibernate: delete from shift_assignments where id=?
2025-10-13T21:43:07.146+09:00 DEBUG 2284 --- [Shift Scheduler Demo] [           main] org.hibernate.SQL                        : delete from shift_assignments where id=?
Hibernate: delete from shift_assignments where id=?
2025-10-13T21:43:07.146+09:00 DEBUG 2284 --- [Shift Scheduler Demo] [           main] org.hibernate.SQL                        : delete from shift_assignments where id=?
Hibernate: delete from shift_assignments where id=?
2025-10-13T21:43:07.146+09:00 DEBUG 2284 --- [Shift Scheduler Demo] [           main] org.hibernate.SQL                        : delete from shift_assignments where id=?
Hibernate: delete from shift_assignments where id=?
2025-10-13T21:43:07.146+09:00 DEBUG 2284 --- [Shift Scheduler Demo] [           main] org.hibernate.SQL                        : delete from shift_assignments where id=?
Hibernate: delete from shift_assignments where id=?
2025-10-13T21:43:07.146+09:00 DEBUG 2284 --- [Shift Scheduler Demo] [           main] org.hibernate.SQL                        : delete from shift_assignments where id=?
Hibernate: delete from shift_assignments where id=?
2025-10-13T21:43:07.146+09:00 DEBUG 2284 --- [Shift Scheduler Demo] [           main] org.hibernate.SQL                        : delete from shift_assignments where id=?
Hibernate: delete from shift_assignments where id=?
2025-10-13T21:43:07.146+09:00 DEBUG 2284 --- [Shift Scheduler Demo] [           main] org.hibernate.SQL                        : delete from shift_assignments where id=?
Hibernate: delete from shift_assignments where id=?
2025-10-13T21:43:07.146+09:00 DEBUG 2284 --- [Shift Scheduler Demo] [           main] org.hibernate.SQL                        : delete from shift_assignments where id=?
Hibernate: delete from shift_assignments where id=?
2025-10-13T21:43:07.146+09:00 DEBUG 2284 --- [Shift Scheduler Demo] [           main] org.hibernate.SQL                        : delete from shift_assignments where id=?
Hibernate: delete from shift_assignments where id=?
2025-10-13T21:43:07.146+09:00 DEBUG 2284 --- [Shift Scheduler Demo] [           main] org.hibernate.SQL                        : delete from shift_assignments where id=?
Hibernate: delete from shift_assignments where id=?
2025-10-13T21:43:07.146+09:00 DEBUG 2284 --- [Shift Scheduler Demo] [           main] org.hibernate.SQL                        : delete from shift_assignments where id=?
Hibernate: delete from shift_assignments where id=?
2025-10-13T21:43:07.146+09:00 DEBUG 2284 --- [Shift Scheduler Demo] [           main] org.hibernate.SQL                        : delete from shift_assignments where id=?
Hibernate: delete from shift_assignments where id=?
2025-10-13T21:43:07.146+09:00 DEBUG 2284 --- [Shift Scheduler Demo] [           main] org.hibernate.SQL                        : delete from shift_assignments where id=?
Hibernate: delete from shift_assignments where id=?
2025-10-13T21:43:07.146+09:00 DEBUG 2284 --- [Shift Scheduler Demo] [           main] org.hibernate.SQL                        : delete from shift_assignments where id=?
Hibernate: delete from shift_assignments where id=?
2025-10-13T21:43:07.146+09:00 DEBUG 2284 --- [Shift Scheduler Demo] [           main] org.hibernate.SQL                        : delete from shift_assignments where id=?
Hibernate: delete from shift_assignments where id=?
2025-10-13T21:43:07.146+09:00 DEBUG 2284 --- [Shift Scheduler Demo] [           main] org.hibernate.SQL                        : delete from shift_assignments where id=?
Hibernate: delete from shift_assignments where id=?
2025-10-13T21:43:07.147+09:00 DEBUG 2284 --- [Shift Scheduler Demo] [           main] org.hibernate.SQL                        : delete from shift_assignments where id=?
Hibernate: delete from shift_assignments where id=?
2025-10-13T21:43:07.147+09:00 DEBUG 2284 --- [Shift Scheduler Demo] [           main] org.hibernate.SQL                        : delete from shift_assignments where id=?
Hibernate: delete from shift_assignments where id=?
2025-10-13T21:43:07.147+09:00 DEBUG 2284 --- [Shift Scheduler Demo] [           main] org.hibernate.SQL                        : delete from shift_assignments where id=?
Hibernate: delete from shift_assignments where id=?
2025-10-13T21:43:07.147+09:00 DEBUG 2284 --- [Shift Scheduler Demo] [           main] org.hibernate.SQL                        : delete from shift_assignments where id=?
Hibernate: delete from shift_assignments where id=?
2025-10-13T21:43:07.147+09:00 DEBUG 2284 --- [Shift Scheduler Demo] [           main] org.hibernate.SQL                        : delete from shift_assignments where id=?
Hibernate: delete from shift_assignments where id=?
2025-10-13T21:43:07.147+09:00 DEBUG 2284 --- [Shift Scheduler Demo] [           main] org.hibernate.SQL                        : delete from shift_assignments where id=?
Hibernate: delete from shift_assignments where id=?
2025-10-13T21:43:07.147+09:00 DEBUG 2284 --- [Shift Scheduler Demo] [           main] org.hibernate.SQL                        : delete from shift_assignments where id=?
Hibernate: delete from shift_assignments where id=?
2025-10-13T21:43:07.147+09:00 DEBUG 2284 --- [Shift Scheduler Demo] [           main] org.hibernate.SQL                        : delete from shift_assignments where id=?
Hibernate: delete from shift_assignments where id=?
2025-10-13T21:43:07.147+09:00 DEBUG 2284 --- [Shift Scheduler Demo] [           main] org.hibernate.SQL                        : delete from shift_assignments where id=?
Hibernate: delete from shift_assignments where id=?
2025-10-13T21:43:07.147+09:00 DEBUG 2284 --- [Shift Scheduler Demo] [           main] org.hibernate.SQL                        : delete from shift_assignments where id=?
Hibernate: delete from shift_assignments where id=?
2025-10-13T21:43:07.147+09:00 DEBUG 2284 --- [Shift Scheduler Demo] [           main] org.hibernate.SQL                        : delete from shift_assignments where id=?
Hibernate: delete from shift_assignments where id=?
2025-10-13T21:43:07.147+09:00 DEBUG 2284 --- [Shift Scheduler Demo] [           main] org.hibernate.SQL                        : delete from shift_assignments where id=?
Hibernate: delete from shift_assignments where id=?
2025-10-13T21:43:07.147+09:00 DEBUG 2284 --- [Shift Scheduler Demo] [           main] org.hibernate.SQL                        : delete from shift_assignments where id=?
Hibernate: delete from shift_assignments where id=?
2025-10-13T21:43:07.147+09:00 DEBUG 2284 --- [Shift Scheduler Demo] [           main] org.hibernate.SQL                        : delete from shift_assignments where id=?
Hibernate: delete from shift_assignments where id=?
2025-10-13T21:43:07.147+09:00 DEBUG 2284 --- [Shift Scheduler Demo] [           main] org.hibernate.SQL                        : delete from shift_assignments where id=?
Hibernate: delete from shift_assignments where id=?
2025-10-13T21:43:07.147+09:00 DEBUG 2284 --- [Shift Scheduler Demo] [           main] org.hibernate.SQL                        : delete from shift_assignments where id=?
Hibernate: delete from shift_assignments where id=?
2025-10-13T21:43:07.147+09:00 DEBUG 2284 --- [Shift Scheduler Demo] [           main] org.hibernate.SQL                        : delete from shift_assignments where id=?
Hibernate: delete from shift_assignments where id=?
2025-10-13T21:43:07.147+09:00 DEBUG 2284 --- [Shift Scheduler Demo] [           main] org.hibernate.SQL                        : delete from shift_assignments where id=?
Hibernate: delete from shift_assignments where id=?
2025-10-13T21:43:07.147+09:00 DEBUG 2284 --- [Shift Scheduler Demo] [           main] org.hibernate.SQL                        : delete from shift_assignments where id=?
Hibernate: delete from shift_assignments where id=?
2025-10-13T21:43:07.147+09:00 DEBUG 2284 --- [Shift Scheduler Demo] [           main] org.hibernate.SQL                        : delete from shift_assignments where id=?
Hibernate: delete from shift_assignments where id=?
2025-10-13T21:43:07.147+09:00 DEBUG 2284 --- [Shift Scheduler Demo] [           main] org.hibernate.SQL                        : delete from shift_assignments where id=?
Hibernate: delete from shift_assignments where id=?
2025-10-13T21:43:07.147+09:00 DEBUG 2284 --- [Shift Scheduler Demo] [           main] org.hibernate.SQL                        : delete from shift_assignments where id=?
Hibernate: delete from shift_assignments where id=?
2025-10-13T21:43:07.147+09:00 DEBUG 2284 --- [Shift Scheduler Demo] [           main] org.hibernate.SQL                        : delete from shift_assignments where id=?
Hibernate: delete from shift_assignments where id=?
2025-10-13T21:43:07.148+09:00 DEBUG 2284 --- [Shift Scheduler Demo] [           main] org.hibernate.SQL                        : delete from shift_assignments where id=?
Hibernate: delete from shift_assignments where id=?
2025-10-13T21:43:07.148+09:00 DEBUG 2284 --- [Shift Scheduler Demo] [           main] org.hibernate.SQL                        : delete from shift_assignments where id=?
Hibernate: delete from shift_assignments where id=?
2025-10-13T21:43:07.148+09:00 DEBUG 2284 --- [Shift Scheduler Demo] [           main] org.hibernate.SQL                        : delete from shift_assignments where id=?
Hibernate: delete from shift_assignments where id=?
2025-10-13T21:43:07.148+09:00 DEBUG 2284 --- [Shift Scheduler Demo] [           main] org.hibernate.SQL                        : delete from shift_assignments where id=?
Hibernate: delete from shift_assignments where id=?
2025-10-13T21:43:07.148+09:00 DEBUG 2284 --- [Shift Scheduler Demo] [           main] org.hibernate.SQL                        : delete from shift_assignments where id=?
Hibernate: delete from shift_assignments where id=?
2025-10-13T21:43:07.148+09:00 DEBUG 2284 --- [Shift Scheduler Demo] [           main] org.hibernate.SQL                        : delete from shift_assignments where id=?
Hibernate: delete from shift_assignments where id=?
2025-10-13T21:43:07.148+09:00 DEBUG 2284 --- [Shift Scheduler Demo] [           main] org.hibernate.SQL                        : delete from shift_assignments where id=?
Hibernate: delete from shift_assignments where id=?
2025-10-13T21:43:07.148+09:00 DEBUG 2284 --- [Shift Scheduler Demo] [           main] org.hibernate.SQL                        : delete from shift_assignments where id=?
Hibernate: delete from shift_assignments where id=?
2025-10-13T21:43:07.148+09:00 DEBUG 2284 --- [Shift Scheduler Demo] [           main] org.hibernate.SQL                        : delete from shift_assignments where id=?
Hibernate: delete from shift_assignments where id=?
2025-10-13T21:43:07.148+09:00 DEBUG 2284 --- [Shift Scheduler Demo] [           main] org.hibernate.SQL                        : delete from shift_assignments where id=?
Hibernate: delete from shift_assignments where id=?
2025-10-13T21:43:07.148+09:00 DEBUG 2284 --- [Shift Scheduler Demo] [           main] org.hibernate.SQL                        : delete from shift_assignments where id=?
Hibernate: delete from shift_assignments where id=?
2025-10-13T21:43:07.148+09:00 DEBUG 2284 --- [Shift Scheduler Demo] [           main] org.hibernate.SQL                        : delete from shift_assignments where id=?
Hibernate: delete from shift_assignments where id=?
2025-10-13T21:43:07.148+09:00 DEBUG 2284 --- [Shift Scheduler Demo] [           main] org.hibernate.SQL                        : delete from shift_assignments where id=?
Hibernate: delete from shift_assignments where id=?
2025-10-13T21:43:07.148+09:00 DEBUG 2284 --- [Shift Scheduler Demo] [           main] org.hibernate.SQL                        : delete from shift_assignments where id=?
Hibernate: delete from shift_assignments where id=?
2025-10-13T21:43:07.148+09:00 DEBUG 2284 --- [Shift Scheduler Demo] [           main] org.hibernate.SQL                        : delete from shift_assignments where id=?
Hibernate: delete from shift_assignments where id=?
2025-10-13T21:43:07.148+09:00 DEBUG 2284 --- [Shift Scheduler Demo] [           main] org.hibernate.SQL                        : delete from shift_assignments where id=?
Hibernate: delete from shift_assignments where id=?
2025-10-13T21:43:07.148+09:00 DEBUG 2284 --- [Shift Scheduler Demo] [           main] org.hibernate.SQL                        : delete from shift_assignments where id=?
Hibernate: delete from shift_assignments where id=?
2025-10-13T21:43:07.148+09:00 DEBUG 2284 --- [Shift Scheduler Demo] [           main] org.hibernate.SQL                        : delete from shift_assignments where id=?
Hibernate: delete from shift_assignments where id=?
2025-10-13T21:43:07.148+09:00 DEBUG 2284 --- [Shift Scheduler Demo] [           main] org.hibernate.SQL                        : delete from shift_assignments where id=?
Hibernate: delete from shift_assignments where id=?
2025-10-13T21:43:07.148+09:00 DEBUG 2284 --- [Shift Scheduler Demo] [           main] org.hibernate.SQL                        : delete from shift_assignments where id=?
Hibernate: delete from shift_assignments where id=?
2025-10-13T21:43:07.148+09:00 DEBUG 2284 --- [Shift Scheduler Demo] [           main] org.hibernate.SQL                        : delete from shift_assignments where id=?
Hibernate: delete from shift_assignments where id=?
2025-10-13T21:43:07.148+09:00 DEBUG 2284 --- [Shift Scheduler Demo] [           main] org.hibernate.SQL                        : delete from shift_assignments where id=?
Hibernate: delete from shift_assignments where id=?
2025-10-13T21:43:07.148+09:00 DEBUG 2284 --- [Shift Scheduler Demo] [           main] org.hibernate.SQL                        : delete from shift_assignments where id=?
Hibernate: delete from shift_assignments where id=?
2025-10-13T21:43:07.149+09:00 DEBUG 2284 --- [Shift Scheduler Demo] [           main] org.hibernate.SQL                        : delete from shift_assignments where id=?
Hibernate: delete from shift_assignments where id=?
2025-10-13T21:43:07.149+09:00 DEBUG 2284 --- [Shift Scheduler Demo] [           main] org.hibernate.SQL                        : delete from shift_assignments where id=?
Hibernate: delete from shift_assignments where id=?
2025-10-13T21:43:07.149+09:00 DEBUG 2284 --- [Shift Scheduler Demo] [           main] org.hibernate.SQL                        : delete from shift_assignments where id=?
Hibernate: delete from shift_assignments where id=?
2025-10-13T21:43:07.149+09:00 DEBUG 2284 --- [Shift Scheduler Demo] [           main] org.hibernate.SQL                        : delete from shift_assignments where id=?
Hibernate: delete from shift_assignments where id=?
2025-10-13T21:43:07.149+09:00 DEBUG 2284 --- [Shift Scheduler Demo] [           main] org.hibernate.SQL                        : delete from shift_assignments where id=?
Hibernate: delete from shift_assignments where id=?
2025-10-13T21:43:07.149+09:00 DEBUG 2284 --- [Shift Scheduler Demo] [           main] org.hibernate.SQL                        : delete from shift_assignments where id=?
Hibernate: delete from shift_assignments where id=?
2025-10-13T21:43:07.149+09:00 DEBUG 2284 --- [Shift Scheduler Demo] [           main] org.hibernate.SQL                        : delete from shift_assignments where id=?
Hibernate: delete from shift_assignments where id=?
2025-10-13T21:43:07.149+09:00 DEBUG 2284 --- [Shift Scheduler Demo] [           main] org.hibernate.SQL                        : delete from shift_assignments where id=?
Hibernate: delete from shift_assignments where id=?
2025-10-13T21:43:07.149+09:00 DEBUG 2284 --- [Shift Scheduler Demo] [           main] org.hibernate.SQL                        : delete from shift_assignments where id=?
Hibernate: delete from shift_assignments where id=?
2025-10-13T21:43:07.149+09:00 DEBUG 2284 --- [Shift Scheduler Demo] [           main] org.hibernate.SQL                        : delete from shift_assignments where id=?
Hibernate: delete from shift_assignments where id=?
2025-10-13T21:43:07.149+09:00 DEBUG 2284 --- [Shift Scheduler Demo] [           main] org.hibernate.SQL                        : delete from shift_assignments where id=?
Hibernate: delete from shift_assignments where id=?
2025-10-13T21:43:07.149+09:00 DEBUG 2284 --- [Shift Scheduler Demo] [           main] org.hibernate.SQL                        : delete from shift_assignments where id=?
Hibernate: delete from shift_assignments where id=?
2025-10-13T21:43:07.149+09:00 DEBUG 2284 --- [Shift Scheduler Demo] [           main] org.hibernate.SQL                        : delete from shift_assignments where id=?
Hibernate: delete from shift_assignments where id=?
2025-10-13T21:43:07.149+09:00 DEBUG 2284 --- [Shift Scheduler Demo] [           main] org.hibernate.SQL                        : delete from shift_assignments where id=?
Hibernate: delete from shift_assignments where id=?
2025-10-13T21:43:07.149+09:00 DEBUG 2284 --- [Shift Scheduler Demo] [           main] org.hibernate.SQL                        : delete from shift_assignments where id=?
Hibernate: delete from shift_assignments where id=?
2025-10-13T21:43:07.149+09:00 DEBUG 2284 --- [Shift Scheduler Demo] [           main] org.hibernate.SQL                        : delete from shift_assignments where id=?
Hibernate: delete from shift_assignments where id=?
2025-10-13T21:43:07.149+09:00 DEBUG 2284 --- [Shift Scheduler Demo] [           main] org.hibernate.SQL                        : delete from shift_assignments where id=?
Hibernate: delete from shift_assignments where id=?
2025-10-13T21:43:07.149+09:00 DEBUG 2284 --- [Shift Scheduler Demo] [           main] org.hibernate.SQL                        : delete from shift_assignments where id=?
Hibernate: delete from shift_assignments where id=?
2025-10-13T21:43:07.149+09:00 DEBUG 2284 --- [Shift Scheduler Demo] [           main] org.hibernate.SQL                        : delete from shift_assignments where id=?
Hibernate: delete from shift_assignments where id=?
2025-10-13T21:43:07.149+09:00 DEBUG 2284 --- [Shift Scheduler Demo] [           main] org.hibernate.SQL                        : delete from shift_assignments where id=?
Hibernate: delete from shift_assignments where id=?
2025-10-13T21:43:07.149+09:00 DEBUG 2284 --- [Shift Scheduler Demo] [           main] org.hibernate.SQL                        : delete from shift_assignments where id=?
Hibernate: delete from shift_assignments where id=?
2025-10-13T21:43:07.149+09:00 DEBUG 2284 --- [Shift Scheduler Demo] [           main] org.hibernate.SQL                        : delete from shift_assignments where id=?
Hibernate: delete from shift_assignments where id=?
2025-10-13T21:43:07.150+09:00 DEBUG 2284 --- [Shift Scheduler Demo] [           main] org.hibernate.SQL                        : delete from shift_assignments where id=?
Hibernate: delete from shift_assignments where id=?
2025-10-13T21:43:07.150+09:00 DEBUG 2284 --- [Shift Scheduler Demo] [           main] org.hibernate.SQL                        : delete from shift_assignments where id=?
Hibernate: delete from shift_assignments where id=?
2025-10-13T21:43:07.150+09:00 DEBUG 2284 --- [Shift Scheduler Demo] [           main] org.hibernate.SQL                        : delete from shift_assignments where id=?
Hibernate: delete from shift_assignments where id=?
2025-10-13T21:43:07.150+09:00 DEBUG 2284 --- [Shift Scheduler Demo] [           main] org.hibernate.SQL                        : delete from shift_assignments where id=?
Hibernate: delete from shift_assignments where id=?
2025-10-13T21:43:07.150+09:00 DEBUG 2284 --- [Shift Scheduler Demo] [           main] org.hibernate.SQL                        : delete from shift_assignments where id=?
Hibernate: delete from shift_assignments where id=?
2025-10-13T21:43:07.150+09:00 DEBUG 2284 --- [Shift Scheduler Demo] [           main] org.hibernate.SQL                        : delete from shift_assignments where id=?
Hibernate: delete from shift_assignments where id=?
2025-10-13T21:43:07.150+09:00 DEBUG 2284 --- [Shift Scheduler Demo] [           main] org.hibernate.SQL                        : delete from shift_assignments where id=?
Hibernate: delete from shift_assignments where id=?
2025-10-13T21:43:07.150+09:00 DEBUG 2284 --- [Shift Scheduler Demo] [           main] org.hibernate.SQL                        : delete from shift_assignments where id=?
Hibernate: delete from shift_assignments where id=?
2025-10-13T21:43:07.150+09:00 DEBUG 2284 --- [Shift Scheduler Demo] [           main] org.hibernate.SQL                        : delete from shift_assignments where id=?
Hibernate: delete from shift_assignments where id=?
2025-10-13T21:43:07.150+09:00 DEBUG 2284 --- [Shift Scheduler Demo] [           main] org.hibernate.SQL                        : delete from shift_assignments where id=?
Hibernate: delete from shift_assignments where id=?
2025-10-13T21:43:07.150+09:00 DEBUG 2284 --- [Shift Scheduler Demo] [           main] org.hibernate.SQL                        : delete from shift_assignments where id=?
Hibernate: delete from shift_assignments where id=?
2025-10-13T21:43:07.150+09:00 DEBUG 2284 --- [Shift Scheduler Demo] [           main] org.hibernate.SQL                        : delete from shift_assignments where id=?
Hibernate: delete from shift_assignments where id=?
2025-10-13T21:43:07.150+09:00 DEBUG 2284 --- [Shift Scheduler Demo] [           main] org.hibernate.SQL                        : delete from shift_assignments where id=?
Hibernate: delete from shift_assignments where id=?
2025-10-13T21:43:07.150+09:00 DEBUG 2284 --- [Shift Scheduler Demo] [           main] org.hibernate.SQL                        : delete from shift_assignments where id=?
Hibernate: delete from shift_assignments where id=?
2025-10-13T21:43:07.150+09:00 DEBUG 2284 --- [Shift Scheduler Demo] [           main] org.hibernate.SQL                        : delete from shift_assignments where id=?
Hibernate: delete from shift_assignments where id=?
2025-10-13T21:43:07.150+09:00 DEBUG 2284 --- [Shift Scheduler Demo] [           main] org.hibernate.SQL                        : delete from shift_assignments where id=?
Hibernate: delete from shift_assignments where id=?
2025-10-13T21:43:07.150+09:00 DEBUG 2284 --- [Shift Scheduler Demo] [           main] org.hibernate.SQL                        : delete from shift_assignments where id=?
Hibernate: delete from shift_assignments where id=?
2025-10-13T21:43:07.150+09:00 DEBUG 2284 --- [Shift Scheduler Demo] [           main] org.hibernate.SQL                        : delete from shift_assignments where id=?
Hibernate: delete from shift_assignments where id=?
2025-10-13T21:43:07.150+09:00 DEBUG 2284 --- [Shift Scheduler Demo] [           main] org.hibernate.SQL                        : delete from shift_assignments where id=?
Hibernate: delete from shift_assignments where id=?
2025-10-13T21:43:07.151+09:00 DEBUG 2284 --- [Shift Scheduler Demo] [           main] org.hibernate.SQL                        : delete from shift_assignments where id=?
Hibernate: delete from shift_assignments where id=?
2025-10-13T21:43:07.151+09:00 DEBUG 2284 --- [Shift Scheduler Demo] [           main] org.hibernate.SQL                        : delete from shift_assignments where id=?
Hibernate: delete from shift_assignments where id=?
2025-10-13T21:43:07.151+09:00 DEBUG 2284 --- [Shift Scheduler Demo] [           main] org.hibernate.SQL                        : delete from shift_assignments where id=?
Hibernate: delete from shift_assignments where id=?
2025-10-13T21:43:07.151+09:00 DEBUG 2284 --- [Shift Scheduler Demo] [           main] org.hibernate.SQL                        : delete from shift_assignments where id=?
Hibernate: delete from shift_assignments where id=?
2025-10-13T21:43:07.151+09:00 DEBUG 2284 --- [Shift Scheduler Demo] [           main] org.hibernate.SQL                        : delete from shift_assignments where id=?
Hibernate: delete from shift_assignments where id=?
2025-10-13T21:43:07.151+09:00 DEBUG 2284 --- [Shift Scheduler Demo] [           main] org.hibernate.SQL                        : delete from shift_assignments where id=?
Hibernate: delete from shift_assignments where id=?
2025-10-13T21:43:07.151+09:00 DEBUG 2284 --- [Shift Scheduler Demo] [           main] org.hibernate.SQL                        : delete from shift_assignments where id=?
Hibernate: delete from shift_assignments where id=?
2025-10-13T21:43:07.151+09:00 DEBUG 2284 --- [Shift Scheduler Demo] [           main] org.hibernate.SQL                        : delete from shift_assignments where id=?
Hibernate: delete from shift_assignments where id=?
2025-10-13T21:43:07.151+09:00 DEBUG 2284 --- [Shift Scheduler Demo] [           main] org.hibernate.SQL                        : delete from shift_assignments where id=?
Hibernate: delete from shift_assignments where id=?
2025-10-13T21:43:07.151+09:00 DEBUG 2284 --- [Shift Scheduler Demo] [           main] org.hibernate.SQL                        : delete from shift_assignments where id=?
Hibernate: delete from shift_assignments where id=?
2025-10-13T21:43:07.151+09:00 DEBUG 2284 --- [Shift Scheduler Demo] [           main] org.hibernate.SQL                        : delete from shift_assignments where id=?
Hibernate: delete from shift_assignments where id=?
2025-10-13T21:43:07.151+09:00 DEBUG 2284 --- [Shift Scheduler Demo] [           main] org.hibernate.SQL                        : delete from shift_assignments where id=?
Hibernate: delete from shift_assignments where id=?
2025-10-13T21:43:07.151+09:00 DEBUG 2284 --- [Shift Scheduler Demo] [           main] org.hibernate.SQL                        : delete from shift_assignments where id=?
Hibernate: delete from shift_assignments where id=?
2025-10-13T21:43:07.151+09:00 DEBUG 2284 --- [Shift Scheduler Demo] [           main] org.hibernate.SQL                        : delete from shift_assignments where id=?
Hibernate: delete from shift_assignments where id=?
2025-10-13T21:43:07.151+09:00 DEBUG 2284 --- [Shift Scheduler Demo] [           main] org.hibernate.SQL                        : delete from shift_assignments where id=?
Hibernate: delete from shift_assignments where id=?
2025-10-13T21:43:07.151+09:00 DEBUG 2284 --- [Shift Scheduler Demo] [           main] org.hibernate.SQL                        : delete from shift_assignments where id=?
Hibernate: delete from shift_assignments where id=?
2025-10-13T21:43:07.151+09:00 DEBUG 2284 --- [Shift Scheduler Demo] [           main] org.hibernate.SQL                        : delete from shift_assignments where id=?
Hibernate: delete from shift_assignments where id=?
2025-10-13T21:43:07.152+09:00 DEBUG 2284 --- [Shift Scheduler Demo] [           main] org.hibernate.SQL                        : delete from shift_assignments where id=?
Hibernate: delete from shift_assignments where id=?
2025-10-13T21:43:07.152+09:00 DEBUG 2284 --- [Shift Scheduler Demo] [           main] org.hibernate.SQL                        : delete from shift_assignments where id=?
Hibernate: delete from shift_assignments where id=?
2025-10-13T21:43:07.152+09:00 DEBUG 2284 --- [Shift Scheduler Demo] [           main] org.hibernate.SQL                        : delete from shift_assignments where id=?
Hibernate: delete from shift_assignments where id=?
2025-10-13T21:43:07.152+09:00 DEBUG 2284 --- [Shift Scheduler Demo] [           main] org.hibernate.SQL                        : delete from shift_assignments where id=?
Hibernate: delete from shift_assignments where id=?
2025-10-13T21:43:07.152+09:00 DEBUG 2284 --- [Shift Scheduler Demo] [           main] org.hibernate.SQL                        : delete from shift_assignments where id=?
Hibernate: delete from shift_assignments where id=?
2025-10-13T21:43:07.152+09:00 DEBUG 2284 --- [Shift Scheduler Demo] [           main] org.hibernate.SQL                        : delete from shift_assignments where id=?
Hibernate: delete from shift_assignments where id=?
2025-10-13T21:43:07.152+09:00 DEBUG 2284 --- [Shift Scheduler Demo] [           main] org.hibernate.SQL                        : delete from shift_assignments where id=?
Hibernate: delete from shift_assignments where id=?
2025-10-13T21:43:07.152+09:00 DEBUG 2284 --- [Shift Scheduler Demo] [           main] org.hibernate.SQL                        : delete from shift_assignments where id=?
Hibernate: delete from shift_assignments where id=?
2025-10-13T21:43:07.152+09:00 DEBUG 2284 --- [Shift Scheduler Demo] [           main] org.hibernate.SQL                        : delete from shift_assignments where id=?
Hibernate: delete from shift_assignments where id=?
2025-10-13T21:43:07.152+09:00 DEBUG 2284 --- [Shift Scheduler Demo] [           main] org.hibernate.SQL                        : delete from shift_assignments where id=?
Hibernate: delete from shift_assignments where id=?
2025-10-13T21:43:07.152+09:00 DEBUG 2284 --- [Shift Scheduler Demo] [           main] org.hibernate.SQL                        : delete from shift_assignments where id=?
Hibernate: delete from shift_assignments where id=?
2025-10-13T21:43:07.152+09:00 DEBUG 2284 --- [Shift Scheduler Demo] [           main] org.hibernate.SQL                        : delete from shift_assignments where id=?
Hibernate: delete from shift_assignments where id=?
2025-10-13T21:43:07.152+09:00 DEBUG 2284 --- [Shift Scheduler Demo] [           main] org.hibernate.SQL                        : delete from shift_assignments where id=?
Hibernate: delete from shift_assignments where id=?
2025-10-13T21:43:07.152+09:00 DEBUG 2284 --- [Shift Scheduler Demo] [           main] org.hibernate.SQL                        : delete from shift_assignments where id=?
Hibernate: delete from shift_assignments where id=?
2025-10-13T21:43:07.152+09:00 DEBUG 2284 --- [Shift Scheduler Demo] [           main] org.hibernate.SQL                        : delete from shift_assignments where id=?
Hibernate: delete from shift_assignments where id=?
2025-10-13T21:43:07.153+09:00 DEBUG 2284 --- [Shift Scheduler Demo] [           main] org.hibernate.SQL                        : delete from shift_assignments where id=?
Hibernate: delete from shift_assignments where id=?
2025-10-13T21:43:07.153+09:00 DEBUG 2284 --- [Shift Scheduler Demo] [           main] org.hibernate.SQL                        : delete from shift_assignments where id=?
Hibernate: delete from shift_assignments where id=?
2025-10-13T21:43:07.153+09:00 DEBUG 2284 --- [Shift Scheduler Demo] [           main] org.hibernate.SQL                        : delete from shift_assignments where id=?
Hibernate: delete from shift_assignments where id=?
2025-10-13T21:43:07.153+09:00 DEBUG 2284 --- [Shift Scheduler Demo] [           main] org.hibernate.SQL                        : delete from shift_assignments where id=?
Hibernate: delete from shift_assignments where id=?
2025-10-13T21:43:07.153+09:00 DEBUG 2284 --- [Shift Scheduler Demo] [           main] org.hibernate.SQL                        : delete from shift_assignments where id=?
Hibernate: delete from shift_assignments where id=?
2025-10-13T21:43:07.153+09:00 DEBUG 2284 --- [Shift Scheduler Demo] [           main] org.hibernate.SQL                        : delete from shift_assignments where id=?
Hibernate: delete from shift_assignments where id=?
2025-10-13T21:43:07.153+09:00 DEBUG 2284 --- [Shift Scheduler Demo] [           main] org.hibernate.SQL                        : delete from shift_assignments where id=?
Hibernate: delete from shift_assignments where id=?
2025-10-13T21:43:07.153+09:00 DEBUG 2284 --- [Shift Scheduler Demo] [           main] org.hibernate.SQL                        : delete from shift_assignments where id=?
Hibernate: delete from shift_assignments where id=?
2025-10-13T21:43:07.153+09:00 DEBUG 2284 --- [Shift Scheduler Demo] [           main] org.hibernate.SQL                        : delete from shift_assignments where id=?
Hibernate: delete from shift_assignments where id=?
2025-10-13T21:43:07.153+09:00 DEBUG 2284 --- [Shift Scheduler Demo] [           main] org.hibernate.SQL                        : delete from shift_assignments where id=?
Hibernate: delete from shift_assignments where id=?
2025-10-13T21:43:07.153+09:00 DEBUG 2284 --- [Shift Scheduler Demo] [           main] org.hibernate.SQL                        : delete from shift_assignments where id=?
Hibernate: delete from shift_assignments where id=?
2025-10-13T21:43:07.153+09:00 DEBUG 2284 --- [Shift Scheduler Demo] [           main] org.hibernate.SQL                        : delete from shift_assignments where id=?
Hibernate: delete from shift_assignments where id=?
2025-10-13T21:43:07.153+09:00 DEBUG 2284 --- [Shift Scheduler Demo] [           main] org.hibernate.SQL                        : delete from shift_assignments where id=?
Hibernate: delete from shift_assignments where id=?
2025-10-13T21:43:07.154+09:00 DEBUG 2284 --- [Shift Scheduler Demo] [           main] org.hibernate.SQL                        : delete from shift_assignments where id=?
Hibernate: delete from shift_assignments where id=?
2025-10-13T21:43:07.154+09:00 DEBUG 2284 --- [Shift Scheduler Demo] [           main] org.hibernate.SQL                        : delete from shift_assignments where id=?
Hibernate: delete from shift_assignments where id=?
2025-10-13T21:43:07.154+09:00 DEBUG 2284 --- [Shift Scheduler Demo] [           main] org.hibernate.SQL                        : delete from shift_assignments where id=?
Hibernate: delete from shift_assignments where id=?
2025-10-13T21:43:07.154+09:00 DEBUG 2284 --- [Shift Scheduler Demo] [           main] org.hibernate.SQL                        : delete from shift_assignments where id=?
Hibernate: delete from shift_assignments where id=?
2025-10-13T21:43:07.154+09:00 DEBUG 2284 --- [Shift Scheduler Demo] [           main] org.hibernate.SQL                        : delete from shift_assignments where id=?
Hibernate: delete from shift_assignments where id=?
2025-10-13T21:43:07.154+09:00 DEBUG 2284 --- [Shift Scheduler Demo] [           main] org.hibernate.SQL                        : delete from shift_assignments where id=?
Hibernate: delete from shift_assignments where id=?
2025-10-13T21:43:07.154+09:00 DEBUG 2284 --- [Shift Scheduler Demo] [           main] org.hibernate.SQL                        : delete from shift_assignments where id=?
Hibernate: delete from shift_assignments where id=?
2025-10-13T21:43:07.154+09:00 DEBUG 2284 --- [Shift Scheduler Demo] [           main] org.hibernate.SQL                        : delete from shift_assignments where id=?
Hibernate: delete from shift_assignments where id=?
2025-10-13T21:43:07.154+09:00 DEBUG 2284 --- [Shift Scheduler Demo] [           main] org.hibernate.SQL                        : delete from shift_assignments where id=?
Hibernate: delete from shift_assignments where id=?
2025-10-13T21:43:07.154+09:00 DEBUG 2284 --- [Shift Scheduler Demo] [           main] org.hibernate.SQL                        : delete from shift_assignments where id=?
Hibernate: delete from shift_assignments where id=?
2025-10-13T21:43:07.154+09:00 DEBUG 2284 --- [Shift Scheduler Demo] [           main] org.hibernate.SQL                        : delete from shift_assignments where id=?
Hibernate: delete from shift_assignments where id=?
2025-10-13T21:43:07.154+09:00 DEBUG 2284 --- [Shift Scheduler Demo] [           main] org.hibernate.SQL                        : delete from shift_assignments where id=?
Hibernate: delete from shift_assignments where id=?
2025-10-13T21:43:07.154+09:00 DEBUG 2284 --- [Shift Scheduler Demo] [           main] org.hibernate.SQL                        : delete from shift_assignments where id=?
Hibernate: delete from shift_assignments where id=?
2025-10-13T21:43:07.154+09:00 DEBUG 2284 --- [Shift Scheduler Demo] [           main] org.hibernate.SQL                        : delete from shift_assignments where id=?
Hibernate: delete from shift_assignments where id=?
2025-10-13T21:43:07.154+09:00 DEBUG 2284 --- [Shift Scheduler Demo] [           main] org.hibernate.SQL                        : delete from shift_assignments where id=?
Hibernate: delete from shift_assignments where id=?
2025-10-13T21:43:07.154+09:00 DEBUG 2284 --- [Shift Scheduler Demo] [           main] org.hibernate.SQL                        : delete from shift_assignments where id=?
Hibernate: delete from shift_assignments where id=?
2025-10-13T21:43:07.154+09:00 DEBUG 2284 --- [Shift Scheduler Demo] [           main] org.hibernate.SQL                        : delete from shift_assignments where id=?
Hibernate: delete from shift_assignments where id=?
2025-10-13T21:43:07.155+09:00 DEBUG 2284 --- [Shift Scheduler Demo] [           main] org.hibernate.SQL                        : delete from shift_assignments where id=?
Hibernate: delete from shift_assignments where id=?
2025-10-13T21:43:07.155+09:00 DEBUG 2284 --- [Shift Scheduler Demo] [           main] org.hibernate.SQL                        : delete from shift_assignments where id=?
Hibernate: delete from shift_assignments where id=?
2025-10-13T21:43:07.155+09:00 DEBUG 2284 --- [Shift Scheduler Demo] [           main] org.hibernate.SQL                        : delete from shift_assignments where id=?
Hibernate: delete from shift_assignments where id=?
2025-10-13T21:43:07.155+09:00 DEBUG 2284 --- [Shift Scheduler Demo] [           main] org.hibernate.SQL                        : delete from shift_assignments where id=?
Hibernate: delete from shift_assignments where id=?
2025-10-13T21:43:07.155+09:00 DEBUG 2284 --- [Shift Scheduler Demo] [           main] org.hibernate.SQL                        : delete from shift_assignments where id=?
Hibernate: delete from shift_assignments where id=?
2025-10-13T21:43:07.155+09:00 DEBUG 2284 --- [Shift Scheduler Demo] [           main] org.hibernate.SQL                        : delete from shift_assignments where id=?
Hibernate: delete from shift_assignments where id=?
2025-10-13T21:43:07.155+09:00 DEBUG 2284 --- [Shift Scheduler Demo] [           main] org.hibernate.SQL                        : delete from shift_assignments where id=?
Hibernate: delete from shift_assignments where id=?
2025-10-13T21:43:07.155+09:00 DEBUG 2284 --- [Shift Scheduler Demo] [           main] org.hibernate.SQL                        : delete from shift_assignments where id=?
Hibernate: delete from shift_assignments where id=?
2025-10-13T21:43:07.155+09:00 DEBUG 2284 --- [Shift Scheduler Demo] [           main] org.hibernate.SQL                        : delete from shift_assignments where id=?
Hibernate: delete from shift_assignments where id=?
2025-10-13T21:43:07.155+09:00 DEBUG 2284 --- [Shift Scheduler Demo] [           main] org.hibernate.SQL                        : delete from shift_assignments where id=?
Hibernate: delete from shift_assignments where id=?
2025-10-13T21:43:07.155+09:00 DEBUG 2284 --- [Shift Scheduler Demo] [           main] org.hibernate.SQL                        : delete from shift_assignments where id=?
Hibernate: delete from shift_assignments where id=?
2025-10-13T21:43:07.155+09:00 DEBUG 2284 --- [Shift Scheduler Demo] [           main] org.hibernate.SQL                        : delete from shift_assignments where id=?
Hibernate: delete from shift_assignments where id=?
2025-10-13T21:43:07.155+09:00 DEBUG 2284 --- [Shift Scheduler Demo] [           main] org.hibernate.SQL                        : delete from shift_assignments where id=?
Hibernate: delete from shift_assignments where id=?
2025-10-13T21:43:07.155+09:00 DEBUG 2284 --- [Shift Scheduler Demo] [           main] org.hibernate.SQL                        : delete from shift_assignments where id=?
Hibernate: delete from shift_assignments where id=?
2025-10-13T21:43:07.155+09:00 DEBUG 2284 --- [Shift Scheduler Demo] [           main] org.hibernate.SQL                        : delete from shift_assignments where id=?
Hibernate: delete from shift_assignments where id=?
2025-10-13T21:43:07.155+09:00 DEBUG 2284 --- [Shift Scheduler Demo] [           main] org.hibernate.SQL                        : delete from shift_assignments where id=?
Hibernate: delete from shift_assignments where id=?
2025-10-13T21:43:07.156+09:00 DEBUG 2284 --- [Shift Scheduler Demo] [           main] org.hibernate.SQL                        : delete from shift_assignments where id=?
Hibernate: delete from shift_assignments where id=?
2025-10-13T21:43:07.156+09:00 DEBUG 2284 --- [Shift Scheduler Demo] [           main] org.hibernate.SQL                        : delete from shift_assignments where id=?
Hibernate: delete from shift_assignments where id=?
2025-10-13T21:43:07.156+09:00 DEBUG 2284 --- [Shift Scheduler Demo] [           main] org.hibernate.SQL                        : delete from shift_assignments where id=?
Hibernate: delete from shift_assignments where id=?
2025-10-13T21:43:07.156+09:00 DEBUG 2284 --- [Shift Scheduler Demo] [           main] org.hibernate.SQL                        : delete from shift_assignments where id=?
Hibernate: delete from shift_assignments where id=?
2025-10-13T21:43:07.156+09:00 DEBUG 2284 --- [Shift Scheduler Demo] [           main] org.hibernate.SQL                        : delete from shift_assignments where id=?
Hibernate: delete from shift_assignments where id=?
2025-10-13T21:43:07.156+09:00 DEBUG 2284 --- [Shift Scheduler Demo] [           main] org.hibernate.SQL                        : delete from shift_assignments where id=?
Hibernate: delete from shift_assignments where id=?
2025-10-13T21:43:07.156+09:00 DEBUG 2284 --- [Shift Scheduler Demo] [           main] org.hibernate.SQL                        : delete from shift_assignments where id=?
Hibernate: delete from shift_assignments where id=?
2025-10-13T21:43:07.156+09:00 DEBUG 2284 --- [Shift Scheduler Demo] [           main] org.hibernate.SQL                        : delete from shift_assignments where id=?
Hibernate: delete from shift_assignments where id=?
2025-10-13T21:43:07.156+09:00 DEBUG 2284 --- [Shift Scheduler Demo] [           main] org.hibernate.SQL                        : delete from shift_assignments where id=?
Hibernate: delete from shift_assignments where id=?
2025-10-13T21:43:07.156+09:00 DEBUG 2284 --- [Shift Scheduler Demo] [           main] org.hibernate.SQL                        : delete from shift_assignments where id=?
Hibernate: delete from shift_assignments where id=?
2025-10-13T21:43:07.156+09:00 DEBUG 2284 --- [Shift Scheduler Demo] [           main] org.hibernate.SQL                        : delete from shift_assignments where id=?
Hibernate: delete from shift_assignments where id=?
2025-10-13T21:43:07.156+09:00 DEBUG 2284 --- [Shift Scheduler Demo] [           main] org.hibernate.SQL                        : delete from shift_assignments where id=?
Hibernate: delete from shift_assignments where id=?
2025-10-13T21:43:07.156+09:00 DEBUG 2284 --- [Shift Scheduler Demo] [           main] org.hibernate.SQL                        : delete from shift_assignments where id=?
Hibernate: delete from shift_assignments where id=?
2025-10-13T21:43:07.156+09:00 DEBUG 2284 --- [Shift Scheduler Demo] [           main] org.hibernate.SQL                        : delete from shift_assignments where id=?
Hibernate: delete from shift_assignments where id=?
2025-10-13T21:43:07.156+09:00 DEBUG 2284 --- [Shift Scheduler Demo] [           main] org.hibernate.SQL                        : delete from shift_assignments where id=?
Hibernate: delete from shift_assignments where id=?
2025-10-13T21:43:07.156+09:00 DEBUG 2284 --- [Shift Scheduler Demo] [           main] org.hibernate.SQL                        : delete from shift_assignments where id=?
Hibernate: delete from shift_assignments where id=?
2025-10-13T21:43:07.156+09:00 DEBUG 2284 --- [Shift Scheduler Demo] [           main] org.hibernate.SQL                        : delete from shift_assignments where id=?
Hibernate: delete from shift_assignments where id=?
2025-10-13T21:43:07.156+09:00 DEBUG 2284 --- [Shift Scheduler Demo] [           main] org.hibernate.SQL                        : delete from shift_assignments where id=?
Hibernate: delete from shift_assignments where id=?
2025-10-13T21:43:07.156+09:00 DEBUG 2284 --- [Shift Scheduler Demo] [           main] org.hibernate.SQL                        : delete from shift_assignments where id=?
Hibernate: delete from shift_assignments where id=?
2025-10-13T21:43:07.157+09:00 DEBUG 2284 --- [Shift Scheduler Demo] [           main] org.hibernate.SQL                        : delete from shift_assignments where id=?
Hibernate: delete from shift_assignments where id=?
2025-10-13T21:43:07.157+09:00 DEBUG 2284 --- [Shift Scheduler Demo] [           main] org.hibernate.SQL                        : delete from shift_assignments where id=?
Hibernate: delete from shift_assignments where id=?
2025-10-13T21:43:07.157+09:00 DEBUG 2284 --- [Shift Scheduler Demo] [           main] org.hibernate.SQL                        : delete from shift_assignments where id=?
Hibernate: delete from shift_assignments where id=?
2025-10-13T21:43:07.157+09:00 DEBUG 2284 --- [Shift Scheduler Demo] [           main] org.hibernate.SQL                        : delete from shift_assignments where id=?
Hibernate: delete from shift_assignments where id=?
2025-10-13T21:43:07.157+09:00 DEBUG 2284 --- [Shift Scheduler Demo] [           main] org.hibernate.SQL                        : delete from shift_assignments where id=?
Hibernate: delete from shift_assignments where id=?
2025-10-13T21:43:07.157+09:00 DEBUG 2284 --- [Shift Scheduler Demo] [           main] org.hibernate.SQL                        : delete from shift_assignments where id=?
Hibernate: delete from shift_assignments where id=?
2025-10-13T21:43:07.157+09:00 DEBUG 2284 --- [Shift Scheduler Demo] [           main] org.hibernate.SQL                        : delete from shift_assignments where id=?
Hibernate: delete from shift_assignments where id=?
2025-10-13T21:43:07.157+09:00 DEBUG 2284 --- [Shift Scheduler Demo] [           main] org.hibernate.SQL                        : delete from shift_assignments where id=?
Hibernate: delete from shift_assignments where id=?
2025-10-13T21:43:07.157+09:00 DEBUG 2284 --- [Shift Scheduler Demo] [           main] org.hibernate.SQL                        : delete from shift_assignments where id=?
Hibernate: delete from shift_assignments where id=?
2025-10-13T21:43:07.157+09:00 DEBUG 2284 --- [Shift Scheduler Demo] [           main] org.hibernate.SQL                        : delete from shift_assignments where id=?
Hibernate: delete from shift_assignments where id=?
2025-10-13T21:43:07.157+09:00 DEBUG 2284 --- [Shift Scheduler Demo] [           main] org.hibernate.SQL                        : delete from shift_assignments where id=?
Hibernate: delete from shift_assignments where id=?
2025-10-13T21:43:07.157+09:00 DEBUG 2284 --- [Shift Scheduler Demo] [           main] org.hibernate.SQL                        : delete from shift_assignments where id=?
Hibernate: delete from shift_assignments where id=?
2025-10-13T21:43:07.157+09:00 DEBUG 2284 --- [Shift Scheduler Demo] [           main] org.hibernate.SQL                        : delete from shift_assignments where id=?
Hibernate: delete from shift_assignments where id=?
2025-10-13T21:43:07.157+09:00 DEBUG 2284 --- [Shift Scheduler Demo] [           main] org.hibernate.SQL                        : delete from shift_assignments where id=?
Hibernate: delete from shift_assignments where id=?
2025-10-13T21:43:07.157+09:00 DEBUG 2284 --- [Shift Scheduler Demo] [           main] org.hibernate.SQL                        : delete from shift_assignments where id=?
Hibernate: delete from shift_assignments where id=?
2025-10-13T21:43:07.157+09:00 DEBUG 2284 --- [Shift Scheduler Demo] [           main] org.hibernate.SQL                        : delete from shift_assignments where id=?
Hibernate: delete from shift_assignments where id=?
2025-10-13T21:43:07.157+09:00 DEBUG 2284 --- [Shift Scheduler Demo] [           main] org.hibernate.SQL                        : delete from shift_assignments where id=?
Hibernate: delete from shift_assignments where id=?
2025-10-13T21:43:07.157+09:00 DEBUG 2284 --- [Shift Scheduler Demo] [           main] org.hibernate.SQL                        : delete from shift_assignments where id=?
Hibernate: delete from shift_assignments where id=?
2025-10-13T21:43:07.157+09:00 DEBUG 2284 --- [Shift Scheduler Demo] [           main] org.hibernate.SQL                        : delete from shift_assignments where id=?
Hibernate: delete from shift_assignments where id=?
2025-10-13T21:43:07.157+09:00 DEBUG 2284 --- [Shift Scheduler Demo] [           main] org.hibernate.SQL                        : delete from shift_assignments where id=?
Hibernate: delete from shift_assignments where id=?
2025-10-13T21:43:07.157+09:00 DEBUG 2284 --- [Shift Scheduler Demo] [           main] org.hibernate.SQL                        : delete from shift_assignments where id=?
Hibernate: delete from shift_assignments where id=?
2025-10-13T21:43:07.157+09:00 DEBUG 2284 --- [Shift Scheduler Demo] [           main] org.hibernate.SQL                        : delete from shift_assignments where id=?
Hibernate: delete from shift_assignments where id=?
2025-10-13T21:43:07.158+09:00 DEBUG 2284 --- [Shift Scheduler Demo] [           main] org.hibernate.SQL                        : delete from shift_assignments where id=?
Hibernate: delete from shift_assignments where id=?
2025-10-13T21:43:07.158+09:00 DEBUG 2284 --- [Shift Scheduler Demo] [           main] org.hibernate.SQL                        : delete from shift_assignments where id=?
Hibernate: delete from shift_assignments where id=?
2025-10-13T21:43:07.158+09:00 DEBUG 2284 --- [Shift Scheduler Demo] [           main] org.hibernate.SQL                        : delete from shift_assignments where id=?
Hibernate: delete from shift_assignments where id=?
2025-10-13T21:43:07.158+09:00 DEBUG 2284 --- [Shift Scheduler Demo] [           main] org.hibernate.SQL                        : delete from shift_assignments where id=?
Hibernate: delete from shift_assignments where id=?
2025-10-13T21:43:07.158+09:00 DEBUG 2284 --- [Shift Scheduler Demo] [           main] org.hibernate.SQL                        : delete from shift_assignments where id=?
Hibernate: delete from shift_assignments where id=?
2025-10-13T21:43:07.158+09:00 DEBUG 2284 --- [Shift Scheduler Demo] [           main] org.hibernate.SQL                        : delete from shift_assignments where id=?
Hibernate: delete from shift_assignments where id=?
2025-10-13T21:43:07.158+09:00 DEBUG 2284 --- [Shift Scheduler Demo] [           main] org.hibernate.SQL                        : delete from shift_assignments where id=?
Hibernate: delete from shift_assignments where id=?
2025-10-13T21:43:07.158+09:00 DEBUG 2284 --- [Shift Scheduler Demo] [           main] org.hibernate.SQL                        : delete from shift_assignments where id=?
Hibernate: delete from shift_assignments where id=?
2025-10-13T21:43:07.158+09:00 DEBUG 2284 --- [Shift Scheduler Demo] [           main] org.hibernate.SQL                        : delete from shift_assignments where id=?
Hibernate: delete from shift_assignments where id=?
2025-10-13T21:43:07.158+09:00 DEBUG 2284 --- [Shift Scheduler Demo] [           main] org.hibernate.SQL                        : delete from shift_assignments where id=?
Hibernate: delete from shift_assignments where id=?
2025-10-13T21:43:07.158+09:00 DEBUG 2284 --- [Shift Scheduler Demo] [           main] org.hibernate.SQL                        : delete from shift_assignments where id=?
Hibernate: delete from shift_assignments where id=?
2025-10-13T21:43:07.158+09:00 DEBUG 2284 --- [Shift Scheduler Demo] [           main] org.hibernate.SQL                        : delete from shift_assignments where id=?
Hibernate: delete from shift_assignments where id=?
2025-10-13T21:43:07.158+09:00 DEBUG 2284 --- [Shift Scheduler Demo] [           main] org.hibernate.SQL                        : delete from shift_assignments where id=?
Hibernate: delete from shift_assignments where id=?
2025-10-13T21:43:07.158+09:00 DEBUG 2284 --- [Shift Scheduler Demo] [           main] org.hibernate.SQL                        : delete from shift_assignments where id=?
Hibernate: delete from shift_assignments where id=?
2025-10-13T21:43:07.158+09:00 DEBUG 2284 --- [Shift Scheduler Demo] [           main] org.hibernate.SQL                        : delete from shift_assignments where id=?
Hibernate: delete from shift_assignments where id=?
2025-10-13T21:43:07.158+09:00 DEBUG 2284 --- [Shift Scheduler Demo] [           main] org.hibernate.SQL                        : delete from shift_assignments where id=?
Hibernate: delete from shift_assignments where id=?
2025-10-13T21:43:07.158+09:00 DEBUG 2284 --- [Shift Scheduler Demo] [           main] org.hibernate.SQL                        : delete from shift_assignments where id=?
Hibernate: delete from shift_assignments where id=?
2025-10-13T21:43:07.158+09:00 DEBUG 2284 --- [Shift Scheduler Demo] [           main] org.hibernate.SQL                        : delete from shift_assignments where id=?
Hibernate: delete from shift_assignments where id=?
2025-10-13T21:43:07.158+09:00 DEBUG 2284 --- [Shift Scheduler Demo] [           main] org.hibernate.SQL                        : delete from shift_assignments where id=?
Hibernate: delete from shift_assignments where id=?
2025-10-13T21:43:07.158+09:00 DEBUG 2284 --- [Shift Scheduler Demo] [           main] org.hibernate.SQL                        : delete from shift_assignments where id=?
Hibernate: delete from shift_assignments where id=?
2025-10-13T21:43:07.158+09:00 DEBUG 2284 --- [Shift Scheduler Demo] [           main] org.hibernate.SQL                        : delete from shift_assignments where id=?
Hibernate: delete from shift_assignments where id=?
2025-10-13T21:43:07.159+09:00 DEBUG 2284 --- [Shift Scheduler Demo] [           main] org.hibernate.SQL                        : delete from shift_assignments where id=?
Hibernate: delete from shift_assignments where id=?
2025-10-13T21:43:07.159+09:00 DEBUG 2284 --- [Shift Scheduler Demo] [           main] org.hibernate.SQL                        : delete from shift_assignments where id=?
Hibernate: delete from shift_assignments where id=?
2025-10-13T21:43:07.159+09:00 DEBUG 2284 --- [Shift Scheduler Demo] [           main] org.hibernate.SQL                        : delete from shift_assignments where id=?
Hibernate: delete from shift_assignments where id=?
2025-10-13T21:43:07.159+09:00 DEBUG 2284 --- [Shift Scheduler Demo] [           main] org.hibernate.SQL                        : delete from shift_assignments where id=?
Hibernate: delete from shift_assignments where id=?
2025-10-13T21:43:07.159+09:00 DEBUG 2284 --- [Shift Scheduler Demo] [           main] org.hibernate.SQL                        : delete from shift_assignments where id=?
Hibernate: delete from shift_assignments where id=?
2025-10-13T21:43:07.159+09:00 DEBUG 2284 --- [Shift Scheduler Demo] [           main] org.hibernate.SQL                        : delete from shift_assignments where id=?
Hibernate: delete from shift_assignments where id=?
2025-10-13T21:43:07.159+09:00 DEBUG 2284 --- [Shift Scheduler Demo] [           main] org.hibernate.SQL                        : delete from shift_assignments where id=?
Hibernate: delete from shift_assignments where id=?
2025-10-13T21:43:07.159+09:00 DEBUG 2284 --- [Shift Scheduler Demo] [           main] org.hibernate.SQL                        : delete from shift_assignments where id=?
Hibernate: delete from shift_assignments where id=?
2025-10-13T21:43:07.159+09:00 DEBUG 2284 --- [Shift Scheduler Demo] [           main] org.hibernate.SQL                        : delete from shift_assignments where id=?
Hibernate: delete from shift_assignments where id=?
2025-10-13T21:43:07.159+09:00 DEBUG 2284 --- [Shift Scheduler Demo] [           main] org.hibernate.SQL                        : delete from shift_assignments where id=?
Hibernate: delete from shift_assignments where id=?
2025-10-13T21:43:07.159+09:00 DEBUG 2284 --- [Shift Scheduler Demo] [           main] org.hibernate.SQL                        : delete from shift_assignments where id=?
Hibernate: delete from shift_assignments where id=?
2025-10-13T21:43:07.159+09:00 DEBUG 2284 --- [Shift Scheduler Demo] [           main] org.hibernate.SQL                        : delete from shift_assignments where id=?
Hibernate: delete from shift_assignments where id=?
2025-10-13T21:43:07.159+09:00 DEBUG 2284 --- [Shift Scheduler Demo] [           main] org.hibernate.SQL                        : delete from shift_assignments where id=?
Hibernate: delete from shift_assignments where id=?
2025-10-13T21:43:07.159+09:00 DEBUG 2284 --- [Shift Scheduler Demo] [           main] org.hibernate.SQL                        : delete from shift_assignments where id=?
Hibernate: delete from shift_assignments where id=?
2025-10-13T21:43:07.159+09:00 DEBUG 2284 --- [Shift Scheduler Demo] [           main] org.hibernate.SQL                        : delete from shift_assignments where id=?
Hibernate: delete from shift_assignments where id=?
2025-10-13T21:43:07.159+09:00 DEBUG 2284 --- [Shift Scheduler Demo] [           main] org.hibernate.SQL                        : delete from shift_assignments where id=?
Hibernate: delete from shift_assignments where id=?
2025-10-13T21:43:07.159+09:00 DEBUG 2284 --- [Shift Scheduler Demo] [           main] org.hibernate.SQL                        : delete from shift_assignments where id=?
Hibernate: delete from shift_assignments where id=?
2025-10-13T21:43:07.159+09:00 DEBUG 2284 --- [Shift Scheduler Demo] [           main] org.hibernate.SQL                        : delete from shift_assignments where id=?
Hibernate: delete from shift_assignments where id=?
2025-10-13T21:43:07.159+09:00 DEBUG 2284 --- [Shift Scheduler Demo] [           main] org.hibernate.SQL                        : delete from shift_assignments where id=?
Hibernate: delete from shift_assignments where id=?
2025-10-13T21:43:07.159+09:00 DEBUG 2284 --- [Shift Scheduler Demo] [           main] org.hibernate.SQL                        : delete from shift_assignments where id=?
Hibernate: delete from shift_assignments where id=?
2025-10-13T21:43:07.159+09:00 DEBUG 2284 --- [Shift Scheduler Demo] [           main] org.hibernate.SQL                        : delete from shift_assignments where id=?
Hibernate: delete from shift_assignments where id=?
2025-10-13T21:43:07.159+09:00 DEBUG 2284 --- [Shift Scheduler Demo] [           main] org.hibernate.SQL                        : delete from shift_assignments where id=?
Hibernate: delete from shift_assignments where id=?
2025-10-13T21:43:07.159+09:00 DEBUG 2284 --- [Shift Scheduler Demo] [           main] org.hibernate.SQL                        : delete from shift_assignments where id=?
Hibernate: delete from shift_assignments where id=?
2025-10-13T21:43:07.159+09:00 DEBUG 2284 --- [Shift Scheduler Demo] [           main] org.hibernate.SQL                        : delete from shift_assignments where id=?
Hibernate: delete from shift_assignments where id=?
2025-10-13T21:43:07.159+09:00 DEBUG 2284 --- [Shift Scheduler Demo] [           main] org.hibernate.SQL                        : delete from shift_assignments where id=?
Hibernate: delete from shift_assignments where id=?
2025-10-13T21:43:07.159+09:00 DEBUG 2284 --- [Shift Scheduler Demo] [           main] org.hibernate.SQL                        : delete from shift_assignments where id=?
Hibernate: delete from shift_assignments where id=?
2025-10-13T21:43:07.160+09:00 DEBUG 2284 --- [Shift Scheduler Demo] [           main] org.hibernate.SQL                        : delete from shift_assignments where id=?
Hibernate: delete from shift_assignments where id=?
2025-10-13T21:43:07.160+09:00 DEBUG 2284 --- [Shift Scheduler Demo] [           main] org.hibernate.SQL                        : delete from shift_assignments where id=?
Hibernate: delete from shift_assignments where id=?
2025-10-13T21:43:07.160+09:00 DEBUG 2284 --- [Shift Scheduler Demo] [           main] org.hibernate.SQL                        : delete from shift_assignments where id=?
Hibernate: delete from shift_assignments where id=?
2025-10-13T21:43:07.160+09:00 DEBUG 2284 --- [Shift Scheduler Demo] [           main] org.hibernate.SQL                        : delete from shift_assignments where id=?
Hibernate: delete from shift_assignments where id=?
2025-10-13T21:43:07.160+09:00 DEBUG 2284 --- [Shift Scheduler Demo] [           main] org.hibernate.SQL                        : delete from shift_assignments where id=?
Hibernate: delete from shift_assignments where id=?
2025-10-13T21:43:07.160+09:00 DEBUG 2284 --- [Shift Scheduler Demo] [           main] org.hibernate.SQL                        : delete from shift_assignments where id=?
Hibernate: delete from shift_assignments where id=?
2025-10-13T21:43:07.160+09:00 DEBUG 2284 --- [Shift Scheduler Demo] [           main] org.hibernate.SQL                        : delete from shift_assignments where id=?
Hibernate: delete from shift_assignments where id=?
2025-10-13T21:43:07.160+09:00 DEBUG 2284 --- [Shift Scheduler Demo] [           main] org.hibernate.SQL                        : delete from shift_assignments where id=?
Hibernate: delete from shift_assignments where id=?
2025-10-13T21:43:07.160+09:00 DEBUG 2284 --- [Shift Scheduler Demo] [           main] org.hibernate.SQL                        : delete from shift_assignments where id=?
Hibernate: delete from shift_assignments where id=?
2025-10-13T21:43:07.160+09:00 DEBUG 2284 --- [Shift Scheduler Demo] [           main] org.hibernate.SQL                        : delete from shift_assignments where id=?
Hibernate: delete from shift_assignments where id=?
2025-10-13T21:43:07.160+09:00 DEBUG 2284 --- [Shift Scheduler Demo] [           main] org.hibernate.SQL                        : delete from shift_assignments where id=?
Hibernate: delete from shift_assignments where id=?
2025-10-13T21:43:07.160+09:00 DEBUG 2284 --- [Shift Scheduler Demo] [           main] org.hibernate.SQL                        : delete from shift_assignments where id=?
Hibernate: delete from shift_assignments where id=?
2025-10-13T21:43:07.160+09:00 DEBUG 2284 --- [Shift Scheduler Demo] [           main] org.hibernate.SQL                        : delete from shift_assignments where id=?
Hibernate: delete from shift_assignments where id=?
2025-10-13T21:43:07.160+09:00 DEBUG 2284 --- [Shift Scheduler Demo] [           main] org.hibernate.SQL                        : delete from shift_assignments where id=?
Hibernate: delete from shift_assignments where id=?
2025-10-13T21:43:07.160+09:00 DEBUG 2284 --- [Shift Scheduler Demo] [           main] org.hibernate.SQL                        : delete from shift_assignments where id=?
Hibernate: delete from shift_assignments where id=?
2025-10-13T21:43:07.160+09:00 DEBUG 2284 --- [Shift Scheduler Demo] [           main] org.hibernate.SQL                        : delete from shift_assignments where id=?
Hibernate: delete from shift_assignments where id=?
2025-10-13T21:43:07.160+09:00 DEBUG 2284 --- [Shift Scheduler Demo] [           main] org.hibernate.SQL                        : delete from shift_assignments where id=?
Hibernate: delete from shift_assignments where id=?
2025-10-13T21:43:07.160+09:00 DEBUG 2284 --- [Shift Scheduler Demo] [           main] org.hibernate.SQL                        : delete from shift_assignments where id=?
Hibernate: delete from shift_assignments where id=?
2025-10-13T21:43:07.160+09:00 DEBUG 2284 --- [Shift Scheduler Demo] [           main] org.hibernate.SQL                        : delete from shift_assignments where id=?
Hibernate: delete from shift_assignments where id=?
2025-10-13T21:43:07.160+09:00 DEBUG 2284 --- [Shift Scheduler Demo] [           main] org.hibernate.SQL                        : delete from shift_assignments where id=?
Hibernate: delete from shift_assignments where id=?
2025-10-13T21:43:07.160+09:00 DEBUG 2284 --- [Shift Scheduler Demo] [           main] org.hibernate.SQL                        : delete from shift_assignments where id=?
Hibernate: delete from shift_assignments where id=?
2025-10-13T21:43:07.160+09:00 DEBUG 2284 --- [Shift Scheduler Demo] [           main] org.hibernate.SQL                        : delete from shift_assignments where id=?
Hibernate: delete from shift_assignments where id=?
2025-10-13T21:43:07.160+09:00 DEBUG 2284 --- [Shift Scheduler Demo] [           main] org.hibernate.SQL                        : delete from shift_assignments where id=?
Hibernate: delete from shift_assignments where id=?
2025-10-13T21:43:07.160+09:00 DEBUG 2284 --- [Shift Scheduler Demo] [           main] org.hibernate.SQL                        : delete from shift_assignments where id=?
Hibernate: delete from shift_assignments where id=?
2025-10-13T21:43:07.160+09:00 DEBUG 2284 --- [Shift Scheduler Demo] [           main] org.hibernate.SQL                        : delete from shift_assignments where id=?
Hibernate: delete from shift_assignments where id=?
2025-10-13T21:43:07.160+09:00 DEBUG 2284 --- [Shift Scheduler Demo] [           main] org.hibernate.SQL                        : delete from shift_assignments where id=?
Hibernate: delete from shift_assignments where id=?
2025-10-13T21:43:07.160+09:00 DEBUG 2284 --- [Shift Scheduler Demo] [           main] org.hibernate.SQL                        : delete from shift_assignments where id=?
Hibernate: delete from shift_assignments where id=?
2025-10-13T21:43:07.161+09:00 DEBUG 2284 --- [Shift Scheduler Demo] [           main] org.hibernate.SQL                        : delete from shift_assignments where id=?
Hibernate: delete from shift_assignments where id=?
2025-10-13T21:43:07.161+09:00 DEBUG 2284 --- [Shift Scheduler Demo] [           main] org.hibernate.SQL                        : delete from shift_assignments where id=?
Hibernate: delete from shift_assignments where id=?
2025-10-13T21:43:07.161+09:00 DEBUG 2284 --- [Shift Scheduler Demo] [           main] org.hibernate.SQL                        : delete from shift_assignments where id=?
Hibernate: delete from shift_assignments where id=?
2025-10-13T21:43:07.161+09:00 DEBUG 2284 --- [Shift Scheduler Demo] [           main] org.hibernate.SQL                        : delete from shift_assignments where id=?
Hibernate: delete from shift_assignments where id=?
2025-10-13T21:43:07.161+09:00 DEBUG 2284 --- [Shift Scheduler Demo] [           main] org.hibernate.SQL                        : delete from shift_assignments where id=?
Hibernate: delete from shift_assignments where id=?
2025-10-13T21:43:07.161+09:00 DEBUG 2284 --- [Shift Scheduler Demo] [           main] org.hibernate.SQL                        : delete from shift_assignments where id=?
Hibernate: delete from shift_assignments where id=?
2025-10-13T21:43:07.161+09:00 DEBUG 2284 --- [Shift Scheduler Demo] [           main] org.hibernate.SQL                        : delete from shift_assignments where id=?
Hibernate: delete from shift_assignments where id=?
2025-10-13T21:43:07.161+09:00 DEBUG 2284 --- [Shift Scheduler Demo] [           main] org.hibernate.SQL                        : delete from shift_assignments where id=?
Hibernate: delete from shift_assignments where id=?
2025-10-13T21:43:07.161+09:00 DEBUG 2284 --- [Shift Scheduler Demo] [           main] org.hibernate.SQL                        : delete from shift_assignments where id=?
Hibernate: delete from shift_assignments where id=?
2025-10-13T21:43:07.161+09:00 DEBUG 2284 --- [Shift Scheduler Demo] [           main] org.hibernate.SQL                        : delete from shift_assignments where id=?
Hibernate: delete from shift_assignments where id=?
2025-10-13T21:43:07.161+09:00 DEBUG 2284 --- [Shift Scheduler Demo] [           main] org.hibernate.SQL                        : delete from shift_assignments where id=?
Hibernate: delete from shift_assignments where id=?
2025-10-13T21:43:07.161+09:00 DEBUG 2284 --- [Shift Scheduler Demo] [           main] org.hibernate.SQL                        : delete from shift_assignments where id=?
Hibernate: delete from shift_assignments where id=?
2025-10-13T21:43:07.162+09:00 DEBUG 2284 --- [Shift Scheduler Demo] [           main] org.hibernate.SQL                        : delete from shift_assignments where id=?
Hibernate: delete from shift_assignments where id=?
2025-10-13T21:43:07.162+09:00 DEBUG 2284 --- [Shift Scheduler Demo] [           main] org.hibernate.SQL                        : delete from shift_assignments where id=?
Hibernate: delete from shift_assignments where id=?
2025-10-13T21:43:07.162+09:00 DEBUG 2284 --- [Shift Scheduler Demo] [           main] org.hibernate.SQL                        : delete from shift_assignments where id=?
Hibernate: delete from shift_assignments where id=?
2025-10-13T21:43:07.162+09:00 DEBUG 2284 --- [Shift Scheduler Demo] [           main] org.hibernate.SQL                        : delete from shift_assignments where id=?
Hibernate: delete from shift_assignments where id=?
2025-10-13T21:43:07.162+09:00 DEBUG 2284 --- [Shift Scheduler Demo] [           main] org.hibernate.SQL                        : delete from shift_assignments where id=?
Hibernate: delete from shift_assignments where id=?
2025-10-13T21:43:07.162+09:00 DEBUG 2284 --- [Shift Scheduler Demo] [           main] org.hibernate.SQL                        : delete from shift_assignments where id=?
Hibernate: delete from shift_assignments where id=?
2025-10-13T21:43:07.162+09:00 DEBUG 2284 --- [Shift Scheduler Demo] [           main] org.hibernate.SQL                        : delete from shift_assignments where id=?
Hibernate: delete from shift_assignments where id=?
2025-10-13T21:43:07.162+09:00 DEBUG 2284 --- [Shift Scheduler Demo] [           main] org.hibernate.SQL                        : delete from shift_assignments where id=?
Hibernate: delete from shift_assignments where id=?
2025-10-13T21:43:07.162+09:00 DEBUG 2284 --- [Shift Scheduler Demo] [           main] org.hibernate.SQL                        : delete from shift_assignments where id=?
Hibernate: delete from shift_assignments where id=?
2025-10-13T21:43:07.162+09:00 DEBUG 2284 --- [Shift Scheduler Demo] [           main] org.hibernate.SQL                        : delete from shift_assignments where id=?
Hibernate: delete from shift_assignments where id=?
2025-10-13T21:43:07.162+09:00 DEBUG 2284 --- [Shift Scheduler Demo] [           main] org.hibernate.SQL                        : delete from shift_assignments where id=?
Hibernate: delete from shift_assignments where id=?
2025-10-13T21:43:07.162+09:00 DEBUG 2284 --- [Shift Scheduler Demo] [           main] org.hibernate.SQL                        : delete from shift_assignments where id=?
Hibernate: delete from shift_assignments where id=?
2025-10-13T21:43:07.162+09:00 DEBUG 2284 --- [Shift Scheduler Demo] [           main] org.hibernate.SQL                        : delete from shift_assignments where id=?
Hibernate: delete from shift_assignments where id=?
2025-10-13T21:43:07.162+09:00 DEBUG 2284 --- [Shift Scheduler Demo] [           main] org.hibernate.SQL                        : delete from shift_assignments where id=?
Hibernate: delete from shift_assignments where id=?
2025-10-13T21:43:07.162+09:00 DEBUG 2284 --- [Shift Scheduler Demo] [           main] org.hibernate.SQL                        : delete from shift_assignments where id=?
Hibernate: delete from shift_assignments where id=?
2025-10-13T21:43:07.162+09:00 DEBUG 2284 --- [Shift Scheduler Demo] [           main] org.hibernate.SQL                        : delete from shift_assignments where id=?
Hibernate: delete from shift_assignments where id=?
2025-10-13T21:43:07.162+09:00 DEBUG 2284 --- [Shift Scheduler Demo] [           main] org.hibernate.SQL                        : delete from shift_assignments where id=?
Hibernate: delete from shift_assignments where id=?
2025-10-13T21:43:07.162+09:00 DEBUG 2284 --- [Shift Scheduler Demo] [           main] org.hibernate.SQL                        : delete from shift_assignments where id=?
Hibernate: delete from shift_assignments where id=?
2025-10-13T21:43:07.162+09:00 DEBUG 2284 --- [Shift Scheduler Demo] [           main] org.hibernate.SQL                        : delete from shift_assignments where id=?
Hibernate: delete from shift_assignments where id=?
2025-10-13T21:43:07.162+09:00 DEBUG 2284 --- [Shift Scheduler Demo] [           main] org.hibernate.SQL                        : delete from shift_assignments where id=?
Hibernate: delete from shift_assignments where id=?
2025-10-13T21:43:07.162+09:00 DEBUG 2284 --- [Shift Scheduler Demo] [           main] org.hibernate.SQL                        : delete from shift_assignments where id=?
Hibernate: delete from shift_assignments where id=?
2025-10-13T21:43:07.162+09:00 DEBUG 2284 --- [Shift Scheduler Demo] [           main] org.hibernate.SQL                        : delete from shift_assignments where id=?
Hibernate: delete from shift_assignments where id=?
2025-10-13T21:43:07.162+09:00 DEBUG 2284 --- [Shift Scheduler Demo] [           main] org.hibernate.SQL                        : delete from shift_assignments where id=?
Hibernate: delete from shift_assignments where id=?
2025-10-13T21:43:07.162+09:00 DEBUG 2284 --- [Shift Scheduler Demo] [           main] org.hibernate.SQL                        : delete from shift_assignments where id=?
Hibernate: delete from shift_assignments where id=?
2025-10-13T21:43:07.162+09:00 DEBUG 2284 --- [Shift Scheduler Demo] [           main] org.hibernate.SQL                        : delete from shift_assignments where id=?
Hibernate: delete from shift_assignments where id=?
2025-10-13T21:43:07.162+09:00 DEBUG 2284 --- [Shift Scheduler Demo] [           main] org.hibernate.SQL                        : delete from shift_assignments where id=?
Hibernate: delete from shift_assignments where id=?
2025-10-13T21:43:07.162+09:00 DEBUG 2284 --- [Shift Scheduler Demo] [           main] org.hibernate.SQL                        : delete from shift_assignments where id=?
Hibernate: delete from shift_assignments where id=?
2025-10-13T21:43:07.162+09:00 DEBUG 2284 --- [Shift Scheduler Demo] [           main] org.hibernate.SQL                        : delete from shift_assignments where id=?
Hibernate: delete from shift_assignments where id=?
2025-10-13T21:43:07.162+09:00 DEBUG 2284 --- [Shift Scheduler Demo] [           main] org.hibernate.SQL                        : delete from shift_assignments where id=?
Hibernate: delete from shift_assignments where id=?
2025-10-13T21:43:07.162+09:00 DEBUG 2284 --- [Shift Scheduler Demo] [           main] org.hibernate.SQL                        : delete from shift_assignments where id=?
Hibernate: delete from shift_assignments where id=?
2025-10-13T21:43:07.162+09:00 DEBUG 2284 --- [Shift Scheduler Demo] [           main] org.hibernate.SQL                        : delete from shift_assignments where id=?
Hibernate: delete from shift_assignments where id=?
2025-10-13T21:43:07.162+09:00 DEBUG 2284 --- [Shift Scheduler Demo] [           main] org.hibernate.SQL                        : delete from shift_assignments where id=?
Hibernate: delete from shift_assignments where id=?
2025-10-13T21:43:07.162+09:00 DEBUG 2284 --- [Shift Scheduler Demo] [           main] org.hibernate.SQL                        : delete from shift_assignments where id=?
Hibernate: delete from shift_assignments where id=?
2025-10-13T21:43:07.162+09:00 DEBUG 2284 --- [Shift Scheduler Demo] [           main] org.hibernate.SQL                        : delete from shift_assignments where id=?
Hibernate: delete from shift_assignments where id=?
2025-10-13T21:43:07.162+09:00 DEBUG 2284 --- [Shift Scheduler Demo] [           main] org.hibernate.SQL                        : delete from shift_assignments where id=?
Hibernate: delete from shift_assignments where id=?
2025-10-13T21:43:07.162+09:00 DEBUG 2284 --- [Shift Scheduler Demo] [           main] org.hibernate.SQL                        : delete from shift_assignments where id=?
Hibernate: delete from shift_assignments where id=?
2025-10-13T21:43:07.162+09:00 DEBUG 2284 --- [Shift Scheduler Demo] [           main] org.hibernate.SQL                        : delete from shift_assignments where id=?
Hibernate: delete from shift_assignments where id=?
2025-10-13T21:43:07.162+09:00 DEBUG 2284 --- [Shift Scheduler Demo] [           main] org.hibernate.SQL                        : delete from shift_assignments where id=?
Hibernate: delete from shift_assignments where id=?
2025-10-13T21:43:07.162+09:00 DEBUG 2284 --- [Shift Scheduler Demo] [           main] org.hibernate.SQL                        : delete from shift_assignments where id=?
Hibernate: delete from shift_assignments where id=?
2025-10-13T21:43:07.162+09:00 DEBUG 2284 --- [Shift Scheduler Demo] [           main] org.hibernate.SQL                        : delete from shift_assignments where id=?
Hibernate: delete from shift_assignments where id=?
2025-10-13T21:43:07.162+09:00 DEBUG 2284 --- [Shift Scheduler Demo] [           main] org.hibernate.SQL                        : delete from shift_assignments where id=?
Hibernate: delete from shift_assignments where id=?
2025-10-13T21:43:07.162+09:00 DEBUG 2284 --- [Shift Scheduler Demo] [           main] org.hibernate.SQL                        : delete from shift_assignments where id=?
Hibernate: delete from shift_assignments where id=?
2025-10-13T21:43:07.162+09:00 DEBUG 2284 --- [Shift Scheduler Demo] [           main] org.hibernate.SQL                        : delete from shift_assignments where id=?
Hibernate: delete from shift_assignments where id=?
2025-10-13T21:43:07.162+09:00 DEBUG 2284 --- [Shift Scheduler Demo] [           main] org.hibernate.SQL                        : delete from shift_assignments where id=?
Hibernate: delete from shift_assignments where id=?
2025-10-13T21:43:07.162+09:00 DEBUG 2284 --- [Shift Scheduler Demo] [           main] org.hibernate.SQL                        : delete from shift_assignments where id=?
Hibernate: delete from shift_assignments where id=?
2025-10-13T21:43:07.164+09:00 DEBUG 2284 --- [Shift Scheduler Demo] [           main] org.hibernate.SQL                        : delete from shift_assignments where id=?
Hibernate: delete from shift_assignments where id=?
2025-10-13T21:43:07.164+09:00 DEBUG 2284 --- [Shift Scheduler Demo] [           main] org.hibernate.SQL                        : delete from shift_assignments where id=?
Hibernate: delete from shift_assignments where id=?
2025-10-13T21:43:07.164+09:00 DEBUG 2284 --- [Shift Scheduler Demo] [           main] org.hibernate.SQL                        : delete from shift_assignments where id=?
Hibernate: delete from shift_assignments where id=?
2025-10-13T21:43:07.164+09:00 DEBUG 2284 --- [Shift Scheduler Demo] [           main] org.hibernate.SQL                        : delete from shift_assignments where id=?
Hibernate: delete from shift_assignments where id=?
2025-10-13T21:43:07.164+09:00 DEBUG 2284 --- [Shift Scheduler Demo] [           main] org.hibernate.SQL                        : delete from shift_assignments where id=?
Hibernate: delete from shift_assignments where id=?
2025-10-13T21:43:07.164+09:00 DEBUG 2284 --- [Shift Scheduler Demo] [           main] org.hibernate.SQL                        : delete from shift_assignments where id=?
Hibernate: delete from shift_assignments where id=?
2025-10-13T21:43:07.164+09:00 DEBUG 2284 --- [Shift Scheduler Demo] [           main] org.hibernate.SQL                        : delete from shift_assignments where id=?
Hibernate: delete from shift_assignments where id=?
2025-10-13T21:43:07.164+09:00 DEBUG 2284 --- [Shift Scheduler Demo] [           main] org.hibernate.SQL                        : delete from shift_assignments where id=?
Hibernate: delete from shift_assignments where id=?
2025-10-13T21:43:07.164+09:00 DEBUG 2284 --- [Shift Scheduler Demo] [           main] org.hibernate.SQL                        : delete from shift_assignments where id=?
Hibernate: delete from shift_assignments where id=?
2025-10-13T21:43:07.164+09:00 DEBUG 2284 --- [Shift Scheduler Demo] [           main] org.hibernate.SQL                        : delete from shift_assignments where id=?
Hibernate: delete from shift_assignments where id=?
2025-10-13T21:43:07.164+09:00 DEBUG 2284 --- [Shift Scheduler Demo] [           main] org.hibernate.SQL                        : delete from shift_assignments where id=?
Hibernate: delete from shift_assignments where id=?
2025-10-13T21:43:07.164+09:00 DEBUG 2284 --- [Shift Scheduler Demo] [           main] org.hibernate.SQL                        : delete from shift_assignments where id=?
Hibernate: delete from shift_assignments where id=?
2025-10-13T21:43:07.164+09:00 DEBUG 2284 --- [Shift Scheduler Demo] [           main] org.hibernate.SQL                        : delete from shift_assignments where id=?
Hibernate: delete from shift_assignments where id=?
2025-10-13T21:43:07.164+09:00 DEBUG 2284 --- [Shift Scheduler Demo] [           main] org.hibernate.SQL                        : delete from shift_assignments where id=?
Hibernate: delete from shift_assignments where id=?
2025-10-13T21:43:07.164+09:00 DEBUG 2284 --- [Shift Scheduler Demo] [           main] org.hibernate.SQL                        : delete from shift_assignments where id=?
Hibernate: delete from shift_assignments where id=?
2025-10-13T21:43:07.164+09:00 DEBUG 2284 --- [Shift Scheduler Demo] [           main] org.hibernate.SQL                        : delete from shift_assignments where id=?
Hibernate: delete from shift_assignments where id=?
2025-10-13T21:43:07.164+09:00 DEBUG 2284 --- [Shift Scheduler Demo] [           main] org.hibernate.SQL                        : delete from shift_assignments where id=?
Hibernate: delete from shift_assignments where id=?
2025-10-13T21:43:07.164+09:00 DEBUG 2284 --- [Shift Scheduler Demo] [           main] org.hibernate.SQL                        : delete from shift_assignments where id=?
Hibernate: delete from shift_assignments where id=?
2025-10-13T21:43:07.164+09:00 DEBUG 2284 --- [Shift Scheduler Demo] [           main] org.hibernate.SQL                        : delete from shift_assignments where id=?
Hibernate: delete from shift_assignments where id=?
2025-10-13T21:43:07.164+09:00 DEBUG 2284 --- [Shift Scheduler Demo] [           main] org.hibernate.SQL                        : delete from shift_assignments where id=?
Hibernate: delete from shift_assignments where id=?
2025-10-13T21:43:07.164+09:00 DEBUG 2284 --- [Shift Scheduler Demo] [           main] org.hibernate.SQL                        : delete from shift_assignments where id=?
Hibernate: delete from shift_assignments where id=?
2025-10-13T21:43:07.164+09:00 DEBUG 2284 --- [Shift Scheduler Demo] [           main] org.hibernate.SQL                        : delete from shift_assignments where id=?
Hibernate: delete from shift_assignments where id=?
2025-10-13T21:43:07.164+09:00 DEBUG 2284 --- [Shift Scheduler Demo] [           main] org.hibernate.SQL                        : delete from shift_assignments where id=?
Hibernate: delete from shift_assignments where id=?
2025-10-13T21:43:07.164+09:00 DEBUG 2284 --- [Shift Scheduler Demo] [           main] org.hibernate.SQL                        : delete from shift_assignments where id=?
Hibernate: delete from shift_assignments where id=?
2025-10-13T21:43:07.164+09:00 DEBUG 2284 --- [Shift Scheduler Demo] [           main] org.hibernate.SQL                        : delete from shift_assignments where id=?
Hibernate: delete from shift_assignments where id=?
2025-10-13T21:43:07.164+09:00 DEBUG 2284 --- [Shift Scheduler Demo] [           main] org.hibernate.SQL                        : delete from shift_assignments where id=?
Hibernate: delete from shift_assignments where id=?
2025-10-13T21:43:07.164+09:00 DEBUG 2284 --- [Shift Scheduler Demo] [           main] org.hibernate.SQL                        : delete from shift_assignments where id=?
Hibernate: delete from shift_assignments where id=?
2025-10-13T21:43:07.164+09:00 DEBUG 2284 --- [Shift Scheduler Demo] [           main] org.hibernate.SQL                        : delete from shift_assignments where id=?
Hibernate: delete from shift_assignments where id=?
2025-10-13T21:43:07.164+09:00 DEBUG 2284 --- [Shift Scheduler Demo] [           main] org.hibernate.SQL                        : delete from shift_assignments where id=?
Hibernate: delete from shift_assignments where id=?
2025-10-13T21:43:07.164+09:00 DEBUG 2284 --- [Shift Scheduler Demo] [           main] org.hibernate.SQL                        : delete from shift_assignments where id=?
Hibernate: delete from shift_assignments where id=?
2025-10-13T21:43:07.164+09:00 DEBUG 2284 --- [Shift Scheduler Demo] [           main] org.hibernate.SQL                        : delete from shift_assignments where id=?
Hibernate: delete from shift_assignments where id=?
2025-10-13T21:43:07.164+09:00 DEBUG 2284 --- [Shift Scheduler Demo] [           main] org.hibernate.SQL                        : delete from shift_assignments where id=?
Hibernate: delete from shift_assignments where id=?
2025-10-13T21:43:07.164+09:00 DEBUG 2284 --- [Shift Scheduler Demo] [           main] org.hibernate.SQL                        : delete from shift_assignments where id=?
Hibernate: delete from shift_assignments where id=?
2025-10-13T21:43:07.164+09:00 DEBUG 2284 --- [Shift Scheduler Demo] [           main] org.hibernate.SQL                        : delete from shift_assignments where id=?
Hibernate: delete from shift_assignments where id=?
2025-10-13T21:43:07.164+09:00 DEBUG 2284 --- [Shift Scheduler Demo] [           main] org.hibernate.SQL                        : delete from shift_assignments where id=?
Hibernate: delete from shift_assignments where id=?
2025-10-13T21:43:07.164+09:00 DEBUG 2284 --- [Shift Scheduler Demo] [           main] org.hibernate.SQL                        : delete from shift_assignments where id=?
Hibernate: delete from shift_assignments where id=?
2025-10-13T21:43:07.164+09:00 DEBUG 2284 --- [Shift Scheduler Demo] [           main] org.hibernate.SQL                        : delete from shift_assignments where id=?
Hibernate: delete from shift_assignments where id=?
2025-10-13T21:43:07.164+09:00 DEBUG 2284 --- [Shift Scheduler Demo] [           main] org.hibernate.SQL                        : delete from shift_assignments where id=?
Hibernate: delete from shift_assignments where id=?
2025-10-13T21:43:07.164+09:00 DEBUG 2284 --- [Shift Scheduler Demo] [           main] org.hibernate.SQL                        : delete from shift_assignments where id=?
Hibernate: delete from shift_assignments where id=?
2025-10-13T21:43:07.164+09:00 DEBUG 2284 --- [Shift Scheduler Demo] [           main] org.hibernate.SQL                        : delete from shift_assignments where id=?
Hibernate: delete from shift_assignments where id=?
2025-10-13T21:43:07.164+09:00 DEBUG 2284 --- [Shift Scheduler Demo] [           main] org.hibernate.SQL                        : delete from shift_assignments where id=?
Hibernate: delete from shift_assignments where id=?
2025-10-13T21:43:07.164+09:00 DEBUG 2284 --- [Shift Scheduler Demo] [           main] org.hibernate.SQL                        : delete from shift_assignments where id=?
Hibernate: delete from shift_assignments where id=?
2025-10-13T21:43:07.164+09:00 DEBUG 2284 --- [Shift Scheduler Demo] [           main] org.hibernate.SQL                        : delete from shift_assignments where id=?
Hibernate: delete from shift_assignments where id=?
2025-10-13T21:43:07.164+09:00 DEBUG 2284 --- [Shift Scheduler Demo] [           main] org.hibernate.SQL                        : delete from shift_assignments where id=?
Hibernate: delete from shift_assignments where id=?
2025-10-13T21:43:07.164+09:00 DEBUG 2284 --- [Shift Scheduler Demo] [           main] org.hibernate.SQL                        : delete from shift_assignments where id=?
Hibernate: delete from shift_assignments where id=?
2025-10-13T21:43:07.164+09:00 DEBUG 2284 --- [Shift Scheduler Demo] [           main] org.hibernate.SQL                        : delete from shift_assignments where id=?
Hibernate: delete from shift_assignments where id=?
2025-10-13T21:43:07.166+09:00 DEBUG 2284 --- [Shift Scheduler Demo] [           main] org.hibernate.SQL                        : delete from shift_assignments where id=?
Hibernate: delete from shift_assignments where id=?
2025-10-13T21:43:07.166+09:00 DEBUG 2284 --- [Shift Scheduler Demo] [           main] org.hibernate.SQL                        : delete from shift_assignments where id=?
Hibernate: delete from shift_assignments where id=?
2025-10-13T21:43:07.166+09:00 DEBUG 2284 --- [Shift Scheduler Demo] [           main] org.hibernate.SQL                        : delete from shift_assignments where id=?
Hibernate: delete from shift_assignments where id=?
2025-10-13T21:43:07.166+09:00 DEBUG 2284 --- [Shift Scheduler Demo] [           main] org.hibernate.SQL                        : delete from shift_assignments where id=?
Hibernate: delete from shift_assignments where id=?
2025-10-13T21:43:07.166+09:00 DEBUG 2284 --- [Shift Scheduler Demo] [           main] org.hibernate.SQL                        : delete from shift_assignments where id=?
Hibernate: delete from shift_assignments where id=?
2025-10-13T21:43:07.166+09:00 DEBUG 2284 --- [Shift Scheduler Demo] [           main] org.hibernate.SQL                        : delete from shift_assignments where id=?
Hibernate: delete from shift_assignments where id=?
2025-10-13T21:43:07.166+09:00 DEBUG 2284 --- [Shift Scheduler Demo] [           main] org.hibernate.SQL                        : delete from shift_assignments where id=?
Hibernate: delete from shift_assignments where id=?
2025-10-13T21:43:07.166+09:00 DEBUG 2284 --- [Shift Scheduler Demo] [           main] org.hibernate.SQL                        : delete from shift_assignments where id=?
Hibernate: delete from shift_assignments where id=?
2025-10-13T21:43:07.166+09:00 DEBUG 2284 --- [Shift Scheduler Demo] [           main] org.hibernate.SQL                        : delete from shift_assignments where id=?
Hibernate: delete from shift_assignments where id=?
2025-10-13T21:43:07.166+09:00 DEBUG 2284 --- [Shift Scheduler Demo] [           main] org.hibernate.SQL                        : delete from shift_assignments where id=?
Hibernate: delete from shift_assignments where id=?
2025-10-13T21:43:07.166+09:00 DEBUG 2284 --- [Shift Scheduler Demo] [           main] org.hibernate.SQL                        : delete from shift_assignments where id=?
Hibernate: delete from shift_assignments where id=?
2025-10-13T21:43:07.174+09:00 DEBUG 2284 --- [Shift Scheduler Demo] [           main] org.hibernate.SQL                        : delete from shift_assignments where id=?
Hibernate: delete from shift_assignments where id=?
2025-10-13T21:43:07.175+09:00 DEBUG 2284 --- [Shift Scheduler Demo] [           main] org.hibernate.SQL                        : delete from shift_assignments where id=?
Hibernate: delete from shift_assignments where id=?
2025-10-13T21:43:07.175+09:00 DEBUG 2284 --- [Shift Scheduler Demo] [           main] org.hibernate.SQL                        : delete from shift_assignments where id=?
Hibernate: delete from shift_assignments where id=?
2025-10-13T21:43:07.175+09:00 DEBUG 2284 --- [Shift Scheduler Demo] [           main] org.hibernate.SQL                        : delete from shift_assignments where id=?
Hibernate: delete from shift_assignments where id=?
2025-10-13T21:43:07.175+09:00 DEBUG 2284 --- [Shift Scheduler Demo] [           main] org.hibernate.SQL                        : delete from shift_assignments where id=?
Hibernate: delete from shift_assignments where id=?
2025-10-13T21:43:07.175+09:00 DEBUG 2284 --- [Shift Scheduler Demo] [           main] org.hibernate.SQL                        : delete from shift_assignments where id=?
Hibernate: delete from shift_assignments where id=?
2025-10-13T21:43:07.175+09:00 DEBUG 2284 --- [Shift Scheduler Demo] [           main] org.hibernate.SQL                        : delete from shift_assignments where id=?
Hibernate: delete from shift_assignments where id=?
2025-10-13T21:43:07.175+09:00 DEBUG 2284 --- [Shift Scheduler Demo] [           main] org.hibernate.SQL                        : delete from shift_assignments where id=?
Hibernate: delete from shift_assignments where id=?
2025-10-13T21:43:07.175+09:00 DEBUG 2284 --- [Shift Scheduler Demo] [           main] org.hibernate.SQL                        : delete from shift_assignments where id=?
Hibernate: delete from shift_assignments where id=?
2025-10-13T21:43:07.175+09:00 DEBUG 2284 --- [Shift Scheduler Demo] [           main] org.hibernate.SQL                        : delete from shift_assignments where id=?
Hibernate: delete from shift_assignments where id=?
2025-10-13T21:43:07.175+09:00 DEBUG 2284 --- [Shift Scheduler Demo] [           main] org.hibernate.SQL                        : delete from shift_assignments where id=?
Hibernate: delete from shift_assignments where id=?
2025-10-13T21:43:07.175+09:00 DEBUG 2284 --- [Shift Scheduler Demo] [           main] org.hibernate.SQL                        : delete from shift_assignments where id=?
Hibernate: delete from shift_assignments where id=?
2025-10-13T21:43:07.175+09:00 DEBUG 2284 --- [Shift Scheduler Demo] [           main] org.hibernate.SQL                        : delete from shift_assignments where id=?
Hibernate: delete from shift_assignments where id=?
2025-10-13T21:43:07.175+09:00 DEBUG 2284 --- [Shift Scheduler Demo] [           main] org.hibernate.SQL                        : delete from shift_assignments where id=?
Hibernate: delete from shift_assignments where id=?
2025-10-13T21:43:07.175+09:00 DEBUG 2284 --- [Shift Scheduler Demo] [           main] org.hibernate.SQL                        : delete from shift_assignments where id=?
Hibernate: delete from shift_assignments where id=?
2025-10-13T21:43:07.178+09:00 DEBUG 2284 --- [Shift Scheduler Demo] [           main] org.hibernate.SQL                        : delete from shift_assignments where id=?
Hibernate: delete from shift_assignments where id=?
2025-10-13T21:43:07.178+09:00 DEBUG 2284 --- [Shift Scheduler Demo] [           main] org.hibernate.SQL                        : delete from shift_assignments where id=?
Hibernate: delete from shift_assignments where id=?
2025-10-13T21:43:07.178+09:00 DEBUG 2284 --- [Shift Scheduler Demo] [           main] org.hibernate.SQL                        : delete from shift_assignments where id=?
Hibernate: delete from shift_assignments where id=?
2025-10-13T21:43:07.178+09:00 DEBUG 2284 --- [Shift Scheduler Demo] [           main] org.hibernate.SQL                        : delete from shift_assignments where id=?
Hibernate: delete from shift_assignments where id=?
2025-10-13T21:43:07.178+09:00 DEBUG 2284 --- [Shift Scheduler Demo] [           main] org.hibernate.SQL                        : delete from shift_assignments where id=?
Hibernate: delete from shift_assignments where id=?
2025-10-13T21:43:07.178+09:00 DEBUG 2284 --- [Shift Scheduler Demo] [           main] org.hibernate.SQL                        : delete from shift_assignments where id=?
Hibernate: delete from shift_assignments where id=?
2025-10-13T21:43:07.181+09:00 DEBUG 2284 --- [Shift Scheduler Demo] [           main] org.hibernate.SQL                        : delete from shift_assignments where id=?
Hibernate: delete from shift_assignments where id=?
2025-10-13T21:43:07.181+09:00 DEBUG 2284 --- [Shift Scheduler Demo] [           main] org.hibernate.SQL                        : delete from shift_assignments where id=?
Hibernate: delete from shift_assignments where id=?
2025-10-13T21:43:07.181+09:00 DEBUG 2284 --- [Shift Scheduler Demo] [           main] org.hibernate.SQL                        : delete from shift_assignments where id=?
Hibernate: delete from shift_assignments where id=?
2025-10-13T21:43:07.181+09:00 DEBUG 2284 --- [Shift Scheduler Demo] [           main] org.hibernate.SQL                        : delete from shift_assignments where id=?
Hibernate: delete from shift_assignments where id=?
2025-10-13T21:43:07.181+09:00 DEBUG 2284 --- [Shift Scheduler Demo] [           main] org.hibernate.SQL                        : delete from shift_assignments where id=?
Hibernate: delete from shift_assignments where id=?
2025-10-13T21:43:07.181+09:00 DEBUG 2284 --- [Shift Scheduler Demo] [           main] org.hibernate.SQL                        : delete from shift_assignments where id=?
Hibernate: delete from shift_assignments where id=?
2025-10-13T21:43:07.181+09:00 DEBUG 2284 --- [Shift Scheduler Demo] [           main] org.hibernate.SQL                        : delete from shift_assignments where id=?
Hibernate: delete from shift_assignments where id=?
2025-10-13T21:43:07.181+09:00 DEBUG 2284 --- [Shift Scheduler Demo] [           main] org.hibernate.SQL                        : delete from shift_assignments where id=?
Hibernate: delete from shift_assignments where id=?
2025-10-13T21:43:07.181+09:00 DEBUG 2284 --- [Shift Scheduler Demo] [           main] org.hibernate.SQL                        : delete from shift_assignments where id=?
Hibernate: delete from shift_assignments where id=?
2025-10-13T21:43:07.181+09:00 DEBUG 2284 --- [Shift Scheduler Demo] [           main] org.hibernate.SQL                        : delete from shift_assignments where id=?
Hibernate: delete from shift_assignments where id=?
2025-10-13T21:43:07.181+09:00 DEBUG 2284 --- [Shift Scheduler Demo] [           main] org.hibernate.SQL                        : delete from shift_assignments where id=?
Hibernate: delete from shift_assignments where id=?
2025-10-13T21:43:07.181+09:00 DEBUG 2284 --- [Shift Scheduler Demo] [           main] org.hibernate.SQL                        : delete from shift_assignments where id=?
Hibernate: delete from shift_assignments where id=?
2025-10-13T21:43:07.181+09:00 DEBUG 2284 --- [Shift Scheduler Demo] [           main] org.hibernate.SQL                        : delete from shift_assignments where id=?
Hibernate: delete from shift_assignments where id=?
2025-10-13T21:43:07.181+09:00 DEBUG 2284 --- [Shift Scheduler Demo] [           main] org.hibernate.SQL                        : delete from shift_assignments where id=?
Hibernate: delete from shift_assignments where id=?
2025-10-13T21:43:07.181+09:00 DEBUG 2284 --- [Shift Scheduler Demo] [           main] org.hibernate.SQL                        : delete from shift_assignments where id=?
Hibernate: delete from shift_assignments where id=?
2025-10-13T21:43:07.181+09:00 DEBUG 2284 --- [Shift Scheduler Demo] [           main] org.hibernate.SQL                        : delete from shift_assignments where id=?
Hibernate: delete from shift_assignments where id=?
2025-10-13T21:43:07.181+09:00 DEBUG 2284 --- [Shift Scheduler Demo] [           main] org.hibernate.SQL                        : delete from shift_assignments where id=?
Hibernate: delete from shift_assignments where id=?
2025-10-13T21:43:07.181+09:00 DEBUG 2284 --- [Shift Scheduler Demo] [           main] org.hibernate.SQL                        : delete from shift_assignments where id=?
Hibernate: delete from shift_assignments where id=?
2025-10-13T21:43:07.181+09:00 DEBUG 2284 --- [Shift Scheduler Demo] [           main] org.hibernate.SQL                        : delete from shift_assignments where id=?
Hibernate: delete from shift_assignments where id=?
2025-10-13T21:43:07.181+09:00 DEBUG 2284 --- [Shift Scheduler Demo] [           main] org.hibernate.SQL                        : delete from shift_assignments where id=?
Hibernate: delete from shift_assignments where id=?
2025-10-13T21:43:07.183+09:00 DEBUG 2284 --- [Shift Scheduler Demo] [           main] org.hibernate.SQL                        : delete from shift_assignments where id=?
Hibernate: delete from shift_assignments where id=?
2025-10-13T21:43:07.183+09:00 DEBUG 2284 --- [Shift Scheduler Demo] [           main] org.hibernate.SQL                        : delete from shift_assignments where id=?
Hibernate: delete from shift_assignments where id=?
2025-10-13T21:43:07.183+09:00 DEBUG 2284 --- [Shift Scheduler Demo] [           main] org.hibernate.SQL                        : delete from shift_assignments where id=?
Hibernate: delete from shift_assignments where id=?
2025-10-13T21:43:07.183+09:00 DEBUG 2284 --- [Shift Scheduler Demo] [           main] org.hibernate.SQL                        : delete from shift_assignments where id=?
Hibernate: delete from shift_assignments where id=?
2025-10-13T21:43:07.183+09:00 DEBUG 2284 --- [Shift Scheduler Demo] [           main] org.hibernate.SQL                        : delete from shift_assignments where id=?
Hibernate: delete from shift_assignments where id=?
2025-10-13T21:43:07.183+09:00 DEBUG 2284 --- [Shift Scheduler Demo] [           main] org.hibernate.SQL                        : delete from shift_assignments where id=?
Hibernate: delete from shift_assignments where id=?
2025-10-13T21:43:07.183+09:00 DEBUG 2284 --- [Shift Scheduler Demo] [           main] org.hibernate.SQL                        : delete from shift_assignments where id=?
Hibernate: delete from shift_assignments where id=?
2025-10-13T21:43:07.183+09:00 DEBUG 2284 --- [Shift Scheduler Demo] [           main] org.hibernate.SQL                        : delete from shift_assignments where id=?
Hibernate: delete from shift_assignments where id=?
2025-10-13T21:43:07.183+09:00 DEBUG 2284 --- [Shift Scheduler Demo] [           main] org.hibernate.SQL                        : delete from shift_assignments where id=?
Hibernate: delete from shift_assignments where id=?
2025-10-13T21:43:07.183+09:00 DEBUG 2284 --- [Shift Scheduler Demo] [           main] org.hibernate.SQL                        : delete from shift_assignments where id=?
Hibernate: delete from shift_assignments where id=?
2025-10-13T21:43:07.183+09:00 DEBUG 2284 --- [Shift Scheduler Demo] [           main] org.hibernate.SQL                        : delete from shift_assignments where id=?
Hibernate: delete from shift_assignments where id=?
2025-10-13T21:43:07.183+09:00 DEBUG 2284 --- [Shift Scheduler Demo] [           main] org.hibernate.SQL                        : delete from shift_assignments where id=?
Hibernate: delete from shift_assignments where id=?
2025-10-13T21:43:07.183+09:00 DEBUG 2284 --- [Shift Scheduler Demo] [           main] org.hibernate.SQL                        : delete from shift_assignments where id=?
Hibernate: delete from shift_assignments where id=?
2025-10-13T21:43:07.183+09:00 DEBUG 2284 --- [Shift Scheduler Demo] [           main] org.hibernate.SQL                        : delete from shift_assignments where id=?
Hibernate: delete from shift_assignments where id=?
2025-10-13T21:43:07.183+09:00 DEBUG 2284 --- [Shift Scheduler Demo] [           main] org.hibernate.SQL                        : delete from shift_assignments where id=?
Hibernate: delete from shift_assignments where id=?
2025-10-13T21:43:07.183+09:00 DEBUG 2284 --- [Shift Scheduler Demo] [           main] org.hibernate.SQL                        : delete from shift_assignments where id=?
Hibernate: delete from shift_assignments where id=?
2025-10-13T21:43:07.183+09:00 DEBUG 2284 --- [Shift Scheduler Demo] [           main] org.hibernate.SQL                        : delete from shift_assignments where id=?
Hibernate: delete from shift_assignments where id=?
2025-10-13T21:43:07.183+09:00 DEBUG 2284 --- [Shift Scheduler Demo] [           main] org.hibernate.SQL                        : delete from shift_assignments where id=?
Hibernate: delete from shift_assignments where id=?
2025-10-13T21:43:07.183+09:00 DEBUG 2284 --- [Shift Scheduler Demo] [           main] org.hibernate.SQL                        : delete from shift_assignments where id=?
Hibernate: delete from shift_assignments where id=?
2025-10-13T21:43:07.183+09:00 DEBUG 2284 --- [Shift Scheduler Demo] [           main] org.hibernate.SQL                        : delete from shift_assignments where id=?
Hibernate: delete from shift_assignments where id=?
2025-10-13T21:43:07.183+09:00 DEBUG 2284 --- [Shift Scheduler Demo] [           main] org.hibernate.SQL                        : delete from shift_assignments where id=?
Hibernate: delete from shift_assignments where id=?
2025-10-13T21:43:07.183+09:00 DEBUG 2284 --- [Shift Scheduler Demo] [           main] org.hibernate.SQL                        : delete from shift_assignments where id=?
Hibernate: delete from shift_assignments where id=?
2025-10-13T21:43:07.183+09:00 DEBUG 2284 --- [Shift Scheduler Demo] [           main] org.hibernate.SQL                        : delete from shift_assignments where id=?
Hibernate: delete from shift_assignments where id=?
2025-10-13T21:43:07.183+09:00 DEBUG 2284 --- [Shift Scheduler Demo] [           main] org.hibernate.SQL                        : delete from shift_assignments where id=?
Hibernate: delete from shift_assignments where id=?
2025-10-13T21:43:07.183+09:00 DEBUG 2284 --- [Shift Scheduler Demo] [           main] org.hibernate.SQL                        : delete from shift_assignments where id=?
Hibernate: delete from shift_assignments where id=?
2025-10-13T21:43:07.183+09:00 DEBUG 2284 --- [Shift Scheduler Demo] [           main] org.hibernate.SQL                        : delete from shift_assignments where id=?
Hibernate: delete from shift_assignments where id=?
2025-10-13T21:43:07.183+09:00 DEBUG 2284 --- [Shift Scheduler Demo] [           main] org.hibernate.SQL                        : delete from shift_assignments where id=?
Hibernate: delete from shift_assignments where id=?
2025-10-13T21:43:07.183+09:00 DEBUG 2284 --- [Shift Scheduler Demo] [           main] org.hibernate.SQL                        : delete from shift_assignments where id=?
Hibernate: delete from shift_assignments where id=?
2025-10-13T21:43:07.183+09:00 DEBUG 2284 --- [Shift Scheduler Demo] [           main] org.hibernate.SQL                        : delete from shift_assignments where id=?
Hibernate: delete from shift_assignments where id=?
2025-10-13T21:43:07.183+09:00 DEBUG 2284 --- [Shift Scheduler Demo] [           main] org.hibernate.SQL                        : delete from shift_assignments where id=?
Hibernate: delete from shift_assignments where id=?
2025-10-13T21:43:07.183+09:00 DEBUG 2284 --- [Shift Scheduler Demo] [           main] org.hibernate.SQL                        : delete from shift_assignments where id=?
Hibernate: delete from shift_assignments where id=?
2025-10-13T21:43:07.183+09:00 DEBUG 2284 --- [Shift Scheduler Demo] [           main] org.hibernate.SQL                        : delete from shift_assignments where id=?
Hibernate: delete from shift_assignments where id=?
2025-10-13T21:43:07.183+09:00 DEBUG 2284 --- [Shift Scheduler Demo] [           main] org.hibernate.SQL                        : delete from shift_assignments where id=?
Hibernate: delete from shift_assignments where id=?
2025-10-13T21:43:07.183+09:00 DEBUG 2284 --- [Shift Scheduler Demo] [           main] org.hibernate.SQL                        : delete from shift_assignments where id=?
Hibernate: delete from shift_assignments where id=?
2025-10-13T21:43:07.183+09:00 DEBUG 2284 --- [Shift Scheduler Demo] [           main] org.hibernate.SQL                        : delete from shift_assignments where id=?
Hibernate: delete from shift_assignments where id=?
2025-10-13T21:43:07.183+09:00 DEBUG 2284 --- [Shift Scheduler Demo] [           main] org.hibernate.SQL                        : delete from shift_assignments where id=?
Hibernate: delete from shift_assignments where id=?
2025-10-13T21:43:07.183+09:00 DEBUG 2284 --- [Shift Scheduler Demo] [           main] org.hibernate.SQL                        : delete from shift_assignments where id=?
Hibernate: delete from shift_assignments where id=?
2025-10-13T21:43:07.183+09:00 DEBUG 2284 --- [Shift Scheduler Demo] [           main] org.hibernate.SQL                        : delete from shift_assignments where id=?
Hibernate: delete from shift_assignments where id=?
2025-10-13T21:43:07.183+09:00 DEBUG 2284 --- [Shift Scheduler Demo] [           main] org.hibernate.SQL                        : delete from shift_assignments where id=?
Hibernate: delete from shift_assignments where id=?
2025-10-13T21:43:07.183+09:00 DEBUG 2284 --- [Shift Scheduler Demo] [           main] org.hibernate.SQL                        : delete from shift_assignments where id=?
Hibernate: delete from shift_assignments where id=?
2025-10-13T21:43:07.183+09:00 DEBUG 2284 --- [Shift Scheduler Demo] [           main] org.hibernate.SQL                        : delete from shift_assignments where id=?
Hibernate: delete from shift_assignments where id=?
2025-10-13T21:43:07.187+09:00 DEBUG 2284 --- [Shift Scheduler Demo] [           main] org.hibernate.SQL                        : delete from shift_assignments where id=?
Hibernate: delete from shift_assignments where id=?
2025-10-13T21:43:07.187+09:00 DEBUG 2284 --- [Shift Scheduler Demo] [           main] org.hibernate.SQL                        : delete from shift_assignments where id=?
Hibernate: delete from shift_assignments where id=?
2025-10-13T21:43:07.187+09:00 DEBUG 2284 --- [Shift Scheduler Demo] [           main] org.hibernate.SQL                        : delete from shift_assignments where id=?
Hibernate: delete from shift_assignments where id=?
2025-10-13T21:43:07.187+09:00 DEBUG 2284 --- [Shift Scheduler Demo] [           main] org.hibernate.SQL                        : delete from shift_assignments where id=?
Hibernate: delete from shift_assignments where id=?
2025-10-13T21:43:07.187+09:00 DEBUG 2284 --- [Shift Scheduler Demo] [           main] org.hibernate.SQL                        : delete from shift_assignments where id=?
Hibernate: delete from shift_assignments where id=?
2025-10-13T21:43:07.187+09:00 DEBUG 2284 --- [Shift Scheduler Demo] [           main] org.hibernate.SQL                        : delete from shift_assignments where id=?
Hibernate: delete from shift_assignments where id=?
2025-10-13T21:43:07.187+09:00 DEBUG 2284 --- [Shift Scheduler Demo] [           main] org.hibernate.SQL                        : delete from shift_assignments where id=?
Hibernate: delete from shift_assignments where id=?
2025-10-13T21:43:07.187+09:00 DEBUG 2284 --- [Shift Scheduler Demo] [           main] org.hibernate.SQL                        : delete from shift_assignments where id=?
Hibernate: delete from shift_assignments where id=?
2025-10-13T21:43:07.187+09:00 DEBUG 2284 --- [Shift Scheduler Demo] [           main] org.hibernate.SQL                        : delete from shift_assignments where id=?
Hibernate: delete from shift_assignments where id=?
2025-10-13T21:43:07.187+09:00 DEBUG 2284 --- [Shift Scheduler Demo] [           main] org.hibernate.SQL                        : delete from shift_assignments where id=?
Hibernate: delete from shift_assignments where id=?
2025-10-13T21:43:07.187+09:00 DEBUG 2284 --- [Shift Scheduler Demo] [           main] org.hibernate.SQL                        : delete from shift_assignments where id=?
Hibernate: delete from shift_assignments where id=?
2025-10-13T21:43:07.187+09:00 DEBUG 2284 --- [Shift Scheduler Demo] [           main] org.hibernate.SQL                        : delete from shift_assignments where id=?
Hibernate: delete from shift_assignments where id=?
2025-10-13T21:43:07.187+09:00 DEBUG 2284 --- [Shift Scheduler Demo] [           main] org.hibernate.SQL                        : delete from shift_assignments where id=?
Hibernate: delete from shift_assignments where id=?
2025-10-13T21:43:07.187+09:00 DEBUG 2284 --- [Shift Scheduler Demo] [           main] org.hibernate.SQL                        : delete from shift_assignments where id=?
Hibernate: delete from shift_assignments where id=?
2025-10-13T21:43:07.189+09:00 DEBUG 2284 --- [Shift Scheduler Demo] [           main] org.hibernate.SQL                        : delete from shift_assignments where id=?
Hibernate: delete from shift_assignments where id=?
2025-10-13T21:43:07.189+09:00 DEBUG 2284 --- [Shift Scheduler Demo] [           main] org.hibernate.SQL                        : delete from shift_assignments where id=?
Hibernate: delete from shift_assignments where id=?
2025-10-13T21:43:07.189+09:00 DEBUG 2284 --- [Shift Scheduler Demo] [           main] org.hibernate.SQL                        : delete from shift_assignments where id=?
Hibernate: delete from shift_assignments where id=?
2025-10-13T21:43:07.189+09:00 DEBUG 2284 --- [Shift Scheduler Demo] [           main] org.hibernate.SQL                        : delete from shift_assignments where id=?
Hibernate: delete from shift_assignments where id=?
2025-10-13T21:43:07.189+09:00 DEBUG 2284 --- [Shift Scheduler Demo] [           main] org.hibernate.SQL                        : delete from shift_assignments where id=?
Hibernate: delete from shift_assignments where id=?
2025-10-13T21:43:07.189+09:00 DEBUG 2284 --- [Shift Scheduler Demo] [           main] org.hibernate.SQL                        : delete from shift_assignments where id=?
Hibernate: delete from shift_assignments where id=?
2025-10-13T21:43:07.189+09:00 DEBUG 2284 --- [Shift Scheduler Demo] [           main] org.hibernate.SQL                        : delete from shift_assignments where id=?
Hibernate: delete from shift_assignments where id=?
2025-10-13T21:43:07.189+09:00 DEBUG 2284 --- [Shift Scheduler Demo] [           main] org.hibernate.SQL                        : delete from shift_assignments where id=?
Hibernate: delete from shift_assignments where id=?
2025-10-13T21:43:07.189+09:00 DEBUG 2284 --- [Shift Scheduler Demo] [           main] org.hibernate.SQL                        : delete from shift_assignments where id=?
Hibernate: delete from shift_assignments where id=?
2025-10-13T21:43:07.189+09:00 DEBUG 2284 --- [Shift Scheduler Demo] [           main] org.hibernate.SQL                        : delete from shift_assignments where id=?
Hibernate: delete from shift_assignments where id=?
2025-10-13T21:43:07.189+09:00 DEBUG 2284 --- [Shift Scheduler Demo] [           main] org.hibernate.SQL                        : delete from shift_assignments where id=?
Hibernate: delete from shift_assignments where id=?
2025-10-13T21:43:07.189+09:00 DEBUG 2284 --- [Shift Scheduler Demo] [           main] org.hibernate.SQL                        : delete from shift_assignments where id=?
Hibernate: delete from shift_assignments where id=?
2025-10-13T21:43:07.189+09:00 DEBUG 2284 --- [Shift Scheduler Demo] [           main] org.hibernate.SQL                        : delete from shift_assignments where id=?
Hibernate: delete from shift_assignments where id=?
2025-10-13T21:43:07.189+09:00 DEBUG 2284 --- [Shift Scheduler Demo] [           main] org.hibernate.SQL                        : delete from shift_assignments where id=?
Hibernate: delete from shift_assignments where id=?
2025-10-13T21:43:07.189+09:00 DEBUG 2284 --- [Shift Scheduler Demo] [           main] org.hibernate.SQL                        : delete from shift_assignments where id=?
Hibernate: delete from shift_assignments where id=?
2025-10-13T21:43:07.189+09:00 DEBUG 2284 --- [Shift Scheduler Demo] [           main] org.hibernate.SQL                        : delete from shift_assignments where id=?
Hibernate: delete from shift_assignments where id=?
2025-10-13T21:43:07.189+09:00 DEBUG 2284 --- [Shift Scheduler Demo] [           main] org.hibernate.SQL                        : delete from shift_assignments where id=?
Hibernate: delete from shift_assignments where id=?
2025-10-13T21:43:07.189+09:00 DEBUG 2284 --- [Shift Scheduler Demo] [           main] org.hibernate.SQL                        : delete from shift_assignments where id=?
Hibernate: delete from shift_assignments where id=?
2025-10-13T21:43:07.189+09:00 DEBUG 2284 --- [Shift Scheduler Demo] [           main] org.hibernate.SQL                        : delete from shift_assignments where id=?
Hibernate: delete from shift_assignments where id=?
2025-10-13T21:43:07.189+09:00 DEBUG 2284 --- [Shift Scheduler Demo] [           main] org.hibernate.SQL                        : delete from shift_assignments where id=?
Hibernate: delete from shift_assignments where id=?
2025-10-13T21:43:07.189+09:00 DEBUG 2284 --- [Shift Scheduler Demo] [           main] org.hibernate.SQL                        : delete from shift_assignments where id=?
Hibernate: delete from shift_assignments where id=?
2025-10-13T21:43:07.189+09:00 DEBUG 2284 --- [Shift Scheduler Demo] [           main] org.hibernate.SQL                        : delete from shift_assignments where id=?
Hibernate: delete from shift_assignments where id=?
2025-10-13T21:43:07.189+09:00 DEBUG 2284 --- [Shift Scheduler Demo] [           main] org.hibernate.SQL                        : delete from shift_assignments where id=?
Hibernate: delete from shift_assignments where id=?
2025-10-13T21:43:07.189+09:00 DEBUG 2284 --- [Shift Scheduler Demo] [           main] org.hibernate.SQL                        : delete from shift_assignments where id=?
Hibernate: delete from shift_assignments where id=?
2025-10-13T21:43:07.189+09:00 DEBUG 2284 --- [Shift Scheduler Demo] [           main] org.hibernate.SQL                        : delete from shift_assignments where id=?
Hibernate: delete from shift_assignments where id=?
2025-10-13T21:43:07.189+09:00 DEBUG 2284 --- [Shift Scheduler Demo] [           main] org.hibernate.SQL                        : delete from shift_assignments where id=?
Hibernate: delete from shift_assignments where id=?
2025-10-13T21:43:07.189+09:00 DEBUG 2284 --- [Shift Scheduler Demo] [           main] org.hibernate.SQL                        : delete from shift_assignments where id=?
Hibernate: delete from shift_assignments where id=?
2025-10-13T21:43:07.189+09:00 DEBUG 2284 --- [Shift Scheduler Demo] [           main] org.hibernate.SQL                        : delete from shift_assignments where id=?
Hibernate: delete from shift_assignments where id=?
2025-10-13T21:43:07.189+09:00 DEBUG 2284 --- [Shift Scheduler Demo] [           main] org.hibernate.SQL                        : delete from shift_assignments where id=?
Hibernate: delete from shift_assignments where id=?
2025-10-13T21:43:07.189+09:00 DEBUG 2284 --- [Shift Scheduler Demo] [           main] org.hibernate.SQL                        : delete from shift_assignments where id=?
Hibernate: delete from shift_assignments where id=?
2025-10-13T21:43:07.189+09:00 DEBUG 2284 --- [Shift Scheduler Demo] [           main] org.hibernate.SQL                        : delete from shift_assignments where id=?
Hibernate: delete from shift_assignments where id=?
2025-10-13T21:43:07.189+09:00 DEBUG 2284 --- [Shift Scheduler Demo] [           main] org.hibernate.SQL                        : delete from shift_assignments where id=?
Hibernate: delete from shift_assignments where id=?
2025-10-13T21:43:07.189+09:00 DEBUG 2284 --- [Shift Scheduler Demo] [           main] org.hibernate.SQL                        : delete from shift_assignments where id=?
Hibernate: delete from shift_assignments where id=?
2025-10-13T21:43:07.189+09:00 DEBUG 2284 --- [Shift Scheduler Demo] [           main] org.hibernate.SQL                        : delete from shift_assignments where id=?
Hibernate: delete from shift_assignments where id=?
2025-10-13T21:43:07.189+09:00 DEBUG 2284 --- [Shift Scheduler Demo] [           main] org.hibernate.SQL                        : delete from shift_assignments where id=?
Hibernate: delete from shift_assignments where id=?
2025-10-13T21:43:07.189+09:00 DEBUG 2284 --- [Shift Scheduler Demo] [           main] org.hibernate.SQL                        : delete from shift_assignments where id=?
Hibernate: delete from shift_assignments where id=?
2025-10-13T21:43:07.189+09:00 DEBUG 2284 --- [Shift Scheduler Demo] [           main] org.hibernate.SQL                        : delete from shift_assignments where id=?
Hibernate: delete from shift_assignments where id=?
2025-10-13T21:43:07.189+09:00 DEBUG 2284 --- [Shift Scheduler Demo] [           main] org.hibernate.SQL                        : delete from shift_assignments where id=?
Hibernate: delete from shift_assignments where id=?
2025-10-13T21:43:07.189+09:00 DEBUG 2284 --- [Shift Scheduler Demo] [           main] org.hibernate.SQL                        : delete from shift_assignments where id=?
Hibernate: delete from shift_assignments where id=?
2025-10-13T21:43:07.189+09:00 DEBUG 2284 --- [Shift Scheduler Demo] [           main] org.hibernate.SQL                        : delete from shift_assignments where id=?
Hibernate: delete from shift_assignments where id=?
2025-10-13T21:43:07.189+09:00 DEBUG 2284 --- [Shift Scheduler Demo] [           main] org.hibernate.SQL                        : delete from shift_assignments where id=?
Hibernate: delete from shift_assignments where id=?
2025-10-13T21:43:07.189+09:00 DEBUG 2284 --- [Shift Scheduler Demo] [           main] org.hibernate.SQL                        : delete from shift_assignments where id=?
Hibernate: delete from shift_assignments where id=?
2025-10-13T21:43:07.189+09:00 DEBUG 2284 --- [Shift Scheduler Demo] [           main] org.hibernate.SQL                        : delete from shift_assignments where id=?
Hibernate: delete from shift_assignments where id=?
2025-10-13T21:43:07.191+09:00 DEBUG 2284 --- [Shift Scheduler Demo] [           main] org.hibernate.SQL                        : delete from shift_assignments where id=?
Hibernate: delete from shift_assignments where id=?
2025-10-13T21:43:07.191+09:00 DEBUG 2284 --- [Shift Scheduler Demo] [           main] org.hibernate.SQL                        : delete from shift_assignments where id=?
Hibernate: delete from shift_assignments where id=?
2025-10-13T21:43:07.191+09:00 DEBUG 2284 --- [Shift Scheduler Demo] [           main] org.hibernate.SQL                        : delete from shift_assignments where id=?
Hibernate: delete from shift_assignments where id=?
2025-10-13T21:43:07.191+09:00 DEBUG 2284 --- [Shift Scheduler Demo] [           main] org.hibernate.SQL                        : delete from shift_assignments where id=?
Hibernate: delete from shift_assignments where id=?
2025-10-13T21:43:07.191+09:00 DEBUG 2284 --- [Shift Scheduler Demo] [           main] org.hibernate.SQL                        : delete from shift_assignments where id=?
Hibernate: delete from shift_assignments where id=?
2025-10-13T21:43:07.191+09:00 DEBUG 2284 --- [Shift Scheduler Demo] [           main] org.hibernate.SQL                        : delete from shift_assignments where id=?
Hibernate: delete from shift_assignments where id=?
2025-10-13T21:43:07.191+09:00 DEBUG 2284 --- [Shift Scheduler Demo] [           main] org.hibernate.SQL                        : delete from shift_assignments where id=?
Hibernate: delete from shift_assignments where id=?
2025-10-13T21:43:07.191+09:00 DEBUG 2284 --- [Shift Scheduler Demo] [           main] org.hibernate.SQL                        : delete from shift_assignments where id=?
Hibernate: delete from shift_assignments where id=?
2025-10-13T21:43:07.191+09:00 DEBUG 2284 --- [Shift Scheduler Demo] [           main] org.hibernate.SQL                        : delete from shift_assignments where id=?
Hibernate: delete from shift_assignments where id=?
2025-10-13T21:43:07.191+09:00 DEBUG 2284 --- [Shift Scheduler Demo] [           main] org.hibernate.SQL                        : delete from shift_assignments where id=?
Hibernate: delete from shift_assignments where id=?
2025-10-13T21:43:07.191+09:00 DEBUG 2284 --- [Shift Scheduler Demo] [           main] org.hibernate.SQL                        : delete from shift_assignments where id=?
Hibernate: delete from shift_assignments where id=?
2025-10-13T21:43:07.191+09:00 DEBUG 2284 --- [Shift Scheduler Demo] [           main] org.hibernate.SQL                        : delete from shift_assignments where id=?
Hibernate: delete from shift_assignments where id=?
2025-10-13T21:43:07.191+09:00 DEBUG 2284 --- [Shift Scheduler Demo] [           main] org.hibernate.SQL                        : delete from shift_assignments where id=?
Hibernate: delete from shift_assignments where id=?
2025-10-13T21:43:07.191+09:00 DEBUG 2284 --- [Shift Scheduler Demo] [           main] org.hibernate.SQL                        : delete from shift_assignments where id=?
Hibernate: delete from shift_assignments where id=?
2025-10-13T21:43:07.191+09:00 DEBUG 2284 --- [Shift Scheduler Demo] [           main] org.hibernate.SQL                        : delete from shift_assignments where id=?
Hibernate: delete from shift_assignments where id=?
2025-10-13T21:43:07.191+09:00 DEBUG 2284 --- [Shift Scheduler Demo] [           main] org.hibernate.SQL                        : delete from shift_assignments where id=?
Hibernate: delete from shift_assignments where id=?
2025-10-13T21:43:07.191+09:00 DEBUG 2284 --- [Shift Scheduler Demo] [           main] org.hibernate.SQL                        : delete from shift_assignments where id=?
Hibernate: delete from shift_assignments where id=?
2025-10-13T21:43:07.191+09:00 DEBUG 2284 --- [Shift Scheduler Demo] [           main] org.hibernate.SQL                        : delete from shift_assignments where id=?
Hibernate: delete from shift_assignments where id=?
2025-10-13T21:43:07.191+09:00 DEBUG 2284 --- [Shift Scheduler Demo] [           main] org.hibernate.SQL                        : delete from shift_assignments where id=?
Hibernate: delete from shift_assignments where id=?
2025-10-13T21:43:07.191+09:00 DEBUG 2284 --- [Shift Scheduler Demo] [           main] org.hibernate.SQL                        : delete from shift_assignments where id=?
Hibernate: delete from shift_assignments where id=?
2025-10-13T21:43:07.191+09:00 DEBUG 2284 --- [Shift Scheduler Demo] [           main] org.hibernate.SQL                        : delete from shift_assignments where id=?
Hibernate: delete from shift_assignments where id=?
2025-10-13T21:43:07.191+09:00 DEBUG 2284 --- [Shift Scheduler Demo] [           main] org.hibernate.SQL                        : delete from shift_assignments where id=?
Hibernate: delete from shift_assignments where id=?
2025-10-13T21:43:07.191+09:00 DEBUG 2284 --- [Shift Scheduler Demo] [           main] org.hibernate.SQL                        : delete from shift_assignments where id=?
Hibernate: delete from shift_assignments where id=?
2025-10-13T21:43:07.191+09:00 DEBUG 2284 --- [Shift Scheduler Demo] [           main] org.hibernate.SQL                        : delete from shift_assignments where id=?
Hibernate: delete from shift_assignments where id=?
2025-10-13T21:43:07.191+09:00 DEBUG 2284 --- [Shift Scheduler Demo] [           main] org.hibernate.SQL                        : delete from shift_assignments where id=?
Hibernate: delete from shift_assignments where id=?
2025-10-13T21:43:07.191+09:00 DEBUG 2284 --- [Shift Scheduler Demo] [           main] org.hibernate.SQL                        : delete from shift_assignments where id=?
Hibernate: delete from shift_assignments where id=?
2025-10-13T21:43:07.191+09:00 DEBUG 2284 --- [Shift Scheduler Demo] [           main] org.hibernate.SQL                        : delete from shift_assignments where id=?
Hibernate: delete from shift_assignments where id=?
2025-10-13T21:43:07.191+09:00 DEBUG 2284 --- [Shift Scheduler Demo] [           main] org.hibernate.SQL                        : delete from shift_assignments where id=?
Hibernate: delete from shift_assignments where id=?
2025-10-13T21:43:07.191+09:00 DEBUG 2284 --- [Shift Scheduler Demo] [           main] org.hibernate.SQL                        : delete from shift_assignments where id=?
Hibernate: delete from shift_assignments where id=?
2025-10-13T21:43:07.191+09:00 DEBUG 2284 --- [Shift Scheduler Demo] [           main] org.hibernate.SQL                        : delete from shift_assignments where id=?
Hibernate: delete from shift_assignments where id=?
2025-10-13T21:43:07.191+09:00 DEBUG 2284 --- [Shift Scheduler Demo] [           main] org.hibernate.SQL                        : delete from shift_assignments where id=?
Hibernate: delete from shift_assignments where id=?
2025-10-13T21:43:07.191+09:00 DEBUG 2284 --- [Shift Scheduler Demo] [           main] org.hibernate.SQL                        : delete from shift_assignments where id=?
Hibernate: delete from shift_assignments where id=?
2025-10-13T21:43:07.191+09:00 DEBUG 2284 --- [Shift Scheduler Demo] [           main] org.hibernate.SQL                        : delete from shift_assignments where id=?
Hibernate: delete from shift_assignments where id=?
2025-10-13T21:43:07.191+09:00 DEBUG 2284 --- [Shift Scheduler Demo] [           main] org.hibernate.SQL                        : delete from shift_assignments where id=?
Hibernate: delete from shift_assignments where id=?
2025-10-13T21:43:07.191+09:00 DEBUG 2284 --- [Shift Scheduler Demo] [           main] org.hibernate.SQL                        : delete from shift_assignments where id=?
Hibernate: delete from shift_assignments where id=?
2025-10-13T21:43:07.191+09:00 DEBUG 2284 --- [Shift Scheduler Demo] [           main] org.hibernate.SQL                        : delete from shift_assignments where id=?
Hibernate: delete from shift_assignments where id=?
2025-10-13T21:43:07.191+09:00 DEBUG 2284 --- [Shift Scheduler Demo] [           main] org.hibernate.SQL                        : delete from shift_assignments where id=?
Hibernate: delete from shift_assignments where id=?
2025-10-13T21:43:07.191+09:00 DEBUG 2284 --- [Shift Scheduler Demo] [           main] org.hibernate.SQL                        : delete from shift_assignments where id=?
Hibernate: delete from shift_assignments where id=?
2025-10-13T21:43:07.191+09:00 DEBUG 2284 --- [Shift Scheduler Demo] [           main] org.hibernate.SQL                        : delete from shift_assignments where id=?
Hibernate: delete from shift_assignments where id=?
2025-10-13T21:43:07.191+09:00 DEBUG 2284 --- [Shift Scheduler Demo] [           main] org.hibernate.SQL                        : delete from shift_assignments where id=?
Hibernate: delete from shift_assignments where id=?
2025-10-13T21:43:07.191+09:00 DEBUG 2284 --- [Shift Scheduler Demo] [           main] org.hibernate.SQL                        : delete from shift_assignments where id=?
Hibernate: delete from shift_assignments where id=?
2025-10-13T21:43:07.191+09:00 DEBUG 2284 --- [Shift Scheduler Demo] [           main] org.hibernate.SQL                        : delete from shift_assignments where id=?
Hibernate: delete from shift_assignments where id=?
2025-10-13T21:43:07.191+09:00 DEBUG 2284 --- [Shift Scheduler Demo] [           main] org.hibernate.SQL                        : delete from shift_assignments where id=?
Hibernate: delete from shift_assignments where id=?
2025-10-13T21:43:07.191+09:00 DEBUG 2284 --- [Shift Scheduler Demo] [           main] org.hibernate.SQL                        : delete from shift_assignments where id=?
Hibernate: delete from shift_assignments where id=?
2025-10-13T21:43:07.191+09:00 DEBUG 2284 --- [Shift Scheduler Demo] [           main] org.hibernate.SQL                        : delete from shift_assignments where id=?
Hibernate: delete from shift_assignments where id=?
2025-10-13T21:43:07.191+09:00 DEBUG 2284 --- [Shift Scheduler Demo] [           main] org.hibernate.SQL                        : delete from shift_assignments where id=?
Hibernate: delete from shift_assignments where id=?
2025-10-13T21:43:07.191+09:00 DEBUG 2284 --- [Shift Scheduler Demo] [           main] org.hibernate.SQL                        : delete from shift_assignments where id=?
Hibernate: delete from shift_assignments where id=?
2025-10-13T21:43:07.193+09:00 DEBUG 2284 --- [Shift Scheduler Demo] [           main] org.hibernate.SQL                        : delete from shift_assignments where id=?
Hibernate: delete from shift_assignments where id=?
2025-10-13T21:43:07.193+09:00 DEBUG 2284 --- [Shift Scheduler Demo] [           main] org.hibernate.SQL                        : delete from shift_assignments where id=?
Hibernate: delete from shift_assignments where id=?
2025-10-13T21:43:07.193+09:00 DEBUG 2284 --- [Shift Scheduler Demo] [           main] org.hibernate.SQL                        : delete from shift_assignments where id=?
Hibernate: delete from shift_assignments where id=?
2025-10-13T21:43:07.193+09:00 DEBUG 2284 --- [Shift Scheduler Demo] [           main] org.hibernate.SQL                        : delete from shift_assignments where id=?
Hibernate: delete from shift_assignments where id=?
2025-10-13T21:43:07.193+09:00 DEBUG 2284 --- [Shift Scheduler Demo] [           main] org.hibernate.SQL                        : delete from shift_assignments where id=?
Hibernate: delete from shift_assignments where id=?
2025-10-13T21:43:07.193+09:00 DEBUG 2284 --- [Shift Scheduler Demo] [           main] org.hibernate.SQL                        : delete from shift_assignments where id=?
Hibernate: delete from shift_assignments where id=?
2025-10-13T21:43:07.193+09:00 DEBUG 2284 --- [Shift Scheduler Demo] [           main] org.hibernate.SQL                        : delete from shift_assignments where id=?
Hibernate: delete from shift_assignments where id=?
2025-10-13T21:43:07.193+09:00 DEBUG 2284 --- [Shift Scheduler Demo] [           main] org.hibernate.SQL                        : delete from shift_assignments where id=?
Hibernate: delete from shift_assignments where id=?
2025-10-13T21:43:07.193+09:00 DEBUG 2284 --- [Shift Scheduler Demo] [           main] org.hibernate.SQL                        : delete from shift_assignments where id=?
Hibernate: delete from shift_assignments where id=?
2025-10-13T21:43:07.193+09:00 DEBUG 2284 --- [Shift Scheduler Demo] [           main] org.hibernate.SQL                        : delete from shift_assignments where id=?
Hibernate: delete from shift_assignments where id=?
2025-10-13T21:43:07.193+09:00 DEBUG 2284 --- [Shift Scheduler Demo] [           main] org.hibernate.SQL                        : delete from shift_assignments where id=?
Hibernate: delete from shift_assignments where id=?
2025-10-13T21:43:07.193+09:00 DEBUG 2284 --- [Shift Scheduler Demo] [           main] org.hibernate.SQL                        : delete from shift_assignments where id=?
Hibernate: delete from shift_assignments where id=?
2025-10-13T21:43:07.193+09:00 DEBUG 2284 --- [Shift Scheduler Demo] [           main] org.hibernate.SQL                        : delete from shift_assignments where id=?
Hibernate: delete from shift_assignments where id=?
2025-10-13T21:43:07.193+09:00 DEBUG 2284 --- [Shift Scheduler Demo] [           main] org.hibernate.SQL                        : delete from shift_assignments where id=?
Hibernate: delete from shift_assignments where id=?
2025-10-13T21:43:07.193+09:00 DEBUG 2284 --- [Shift Scheduler Demo] [           main] org.hibernate.SQL                        : delete from shift_assignments where id=?
Hibernate: delete from shift_assignments where id=?
2025-10-13T21:43:07.193+09:00 DEBUG 2284 --- [Shift Scheduler Demo] [           main] org.hibernate.SQL                        : delete from shift_assignments where id=?
Hibernate: delete from shift_assignments where id=?
2025-10-13T21:43:07.193+09:00 DEBUG 2284 --- [Shift Scheduler Demo] [           main] org.hibernate.SQL                        : delete from shift_assignments where id=?
Hibernate: delete from shift_assignments where id=?
2025-10-13T21:43:07.193+09:00 DEBUG 2284 --- [Shift Scheduler Demo] [           main] org.hibernate.SQL                        : delete from shift_assignments where id=?
Hibernate: delete from shift_assignments where id=?
2025-10-13T21:43:07.194+09:00 DEBUG 2284 --- [Shift Scheduler Demo] [           main] org.hibernate.SQL                        : delete from shift_assignments where id=?
Hibernate: delete from shift_assignments where id=?
2025-10-13T21:43:07.194+09:00 DEBUG 2284 --- [Shift Scheduler Demo] [           main] org.hibernate.SQL                        : delete from shift_assignments where id=?
Hibernate: delete from shift_assignments where id=?
2025-10-13T21:43:07.194+09:00 DEBUG 2284 --- [Shift Scheduler Demo] [           main] org.hibernate.SQL                        : delete from shift_assignments where id=?
Hibernate: delete from shift_assignments where id=?
2025-10-13T21:43:07.194+09:00 DEBUG 2284 --- [Shift Scheduler Demo] [           main] org.hibernate.SQL                        : delete from shift_assignments where id=?
Hibernate: delete from shift_assignments where id=?
2025-10-13T21:43:07.194+09:00 DEBUG 2284 --- [Shift Scheduler Demo] [           main] org.hibernate.SQL                        : delete from shift_assignments where id=?
Hibernate: delete from shift_assignments where id=?
2025-10-13T21:43:07.194+09:00 DEBUG 2284 --- [Shift Scheduler Demo] [           main] org.hibernate.SQL                        : delete from shift_assignments where id=?
Hibernate: delete from shift_assignments where id=?
2025-10-13T21:43:07.194+09:00 DEBUG 2284 --- [Shift Scheduler Demo] [           main] org.hibernate.SQL                        : delete from shift_assignments where id=?
Hibernate: delete from shift_assignments where id=?
2025-10-13T21:43:07.194+09:00 DEBUG 2284 --- [Shift Scheduler Demo] [           main] org.hibernate.SQL                        : delete from shift_assignments where id=?
Hibernate: delete from shift_assignments where id=?
2025-10-13T21:43:07.194+09:00 DEBUG 2284 --- [Shift Scheduler Demo] [           main] org.hibernate.SQL                        : delete from shift_assignments where id=?
Hibernate: delete from shift_assignments where id=?
2025-10-13T21:43:07.194+09:00 DEBUG 2284 --- [Shift Scheduler Demo] [           main] org.hibernate.SQL                        : delete from shift_assignments where id=?
Hibernate: delete from shift_assignments where id=?
2025-10-13T21:43:07.194+09:00 DEBUG 2284 --- [Shift Scheduler Demo] [           main] org.hibernate.SQL                        : delete from shift_assignments where id=?
Hibernate: delete from shift_assignments where id=?
2025-10-13T21:43:07.194+09:00 DEBUG 2284 --- [Shift Scheduler Demo] [           main] org.hibernate.SQL                        : delete from shift_assignments where id=?
Hibernate: delete from shift_assignments where id=?
2025-10-13T21:43:07.194+09:00 DEBUG 2284 --- [Shift Scheduler Demo] [           main] org.hibernate.SQL                        : delete from shift_assignments where id=?
Hibernate: delete from shift_assignments where id=?
2025-10-13T21:43:07.194+09:00 DEBUG 2284 --- [Shift Scheduler Demo] [           main] org.hibernate.SQL                        : delete from shift_assignments where id=?
Hibernate: delete from shift_assignments where id=?
2025-10-13T21:43:07.194+09:00 DEBUG 2284 --- [Shift Scheduler Demo] [           main] org.hibernate.SQL                        : delete from shift_assignments where id=?
Hibernate: delete from shift_assignments where id=?
2025-10-13T21:43:07.194+09:00 DEBUG 2284 --- [Shift Scheduler Demo] [           main] org.hibernate.SQL                        : delete from shift_assignments where id=?
Hibernate: delete from shift_assignments where id=?
2025-10-13T21:43:07.195+09:00 DEBUG 2284 --- [Shift Scheduler Demo] [           main] org.hibernate.SQL                        : delete from shift_assignments where id=?
Hibernate: delete from shift_assignments where id=?
2025-10-13T21:43:07.200+09:00 DEBUG 2284 --- [Shift Scheduler Demo] [           main] org.hibernate.SQL                        : delete from shift_assignments where id=?
Hibernate: delete from shift_assignments where id=?
2025-10-13T21:43:07.200+09:00 DEBUG 2284 --- [Shift Scheduler Demo] [           main] org.hibernate.SQL                        : delete from shift_assignments where id=?
Hibernate: delete from shift_assignments where id=?
2025-10-13T21:43:07.200+09:00 DEBUG 2284 --- [Shift Scheduler Demo] [           main] org.hibernate.SQL                        : delete from shift_assignments where id=?
Hibernate: delete from shift_assignments where id=?
2025-10-13T21:43:07.200+09:00 DEBUG 2284 --- [Shift Scheduler Demo] [           main] org.hibernate.SQL                        : delete from shift_assignments where id=?
Hibernate: delete from shift_assignments where id=?
2025-10-13T21:43:07.200+09:00 DEBUG 2284 --- [Shift Scheduler Demo] [           main] org.hibernate.SQL                        : delete from shift_assignments where id=?
Hibernate: delete from shift_assignments where id=?
2025-10-13T21:43:07.200+09:00 DEBUG 2284 --- [Shift Scheduler Demo] [           main] org.hibernate.SQL                        : delete from shift_assignments where id=?
Hibernate: delete from shift_assignments where id=?
2025-10-13T21:43:07.200+09:00 DEBUG 2284 --- [Shift Scheduler Demo] [           main] org.hibernate.SQL                        : delete from shift_assignments where id=?
Hibernate: delete from shift_assignments where id=?
2025-10-13T21:43:07.200+09:00 DEBUG 2284 --- [Shift Scheduler Demo] [           main] org.hibernate.SQL                        : delete from shift_assignments where id=?
Hibernate: delete from shift_assignments where id=?
2025-10-13T21:43:07.200+09:00 DEBUG 2284 --- [Shift Scheduler Demo] [           main] org.hibernate.SQL                        : delete from shift_assignments where id=?
Hibernate: delete from shift_assignments where id=?
2025-10-13T21:43:07.200+09:00 DEBUG 2284 --- [Shift Scheduler Demo] [           main] org.hibernate.SQL                        : delete from shift_assignments where id=?
Hibernate: delete from shift_assignments where id=?
2025-10-13T21:43:07.200+09:00 DEBUG 2284 --- [Shift Scheduler Demo] [           main] org.hibernate.SQL                        : delete from shift_assignments where id=?
Hibernate: delete from shift_assignments where id=?
2025-10-13T21:43:07.200+09:00 DEBUG 2284 --- [Shift Scheduler Demo] [           main] org.hibernate.SQL                        : delete from shift_assignments where id=?
Hibernate: delete from shift_assignments where id=?
2025-10-13T21:43:07.200+09:00 DEBUG 2284 --- [Shift Scheduler Demo] [           main] org.hibernate.SQL                        : delete from shift_assignments where id=?
Hibernate: delete from shift_assignments where id=?
2025-10-13T21:43:07.200+09:00 DEBUG 2284 --- [Shift Scheduler Demo] [           main] org.hibernate.SQL                        : delete from shift_assignments where id=?
Hibernate: delete from shift_assignments where id=?
2025-10-13T21:43:07.200+09:00 DEBUG 2284 --- [Shift Scheduler Demo] [           main] org.hibernate.SQL                        : delete from shift_assignments where id=?
Hibernate: delete from shift_assignments where id=?
2025-10-13T21:43:07.200+09:00 DEBUG 2284 --- [Shift Scheduler Demo] [           main] org.hibernate.SQL                        : delete from shift_assignments where id=?
Hibernate: delete from shift_assignments where id=?
2025-10-13T21:43:07.200+09:00 DEBUG 2284 --- [Shift Scheduler Demo] [           main] org.hibernate.SQL                        : delete from shift_assignments where id=?
Hibernate: delete from shift_assignments where id=?
2025-10-13T21:43:07.200+09:00 DEBUG 2284 --- [Shift Scheduler Demo] [           main] org.hibernate.SQL                        : delete from shift_assignments where id=?
Hibernate: delete from shift_assignments where id=?
2025-10-13T21:43:07.200+09:00 DEBUG 2284 --- [Shift Scheduler Demo] [           main] org.hibernate.SQL                        : delete from shift_assignments where id=?
Hibernate: delete from shift_assignments where id=?
2025-10-13T21:43:07.200+09:00 DEBUG 2284 --- [Shift Scheduler Demo] [           main] org.hibernate.SQL                        : delete from shift_assignments where id=?
Hibernate: delete from shift_assignments where id=?
2025-10-13T21:43:07.200+09:00 DEBUG 2284 --- [Shift Scheduler Demo] [           main] org.hibernate.SQL                        : delete from shift_assignments where id=?
Hibernate: delete from shift_assignments where id=?
2025-10-13T21:43:07.200+09:00 DEBUG 2284 --- [Shift Scheduler Demo] [           main] org.hibernate.SQL                        : delete from shift_assignments where id=?
Hibernate: delete from shift_assignments where id=?
2025-10-13T21:43:07.200+09:00 DEBUG 2284 --- [Shift Scheduler Demo] [           main] org.hibernate.SQL                        : delete from shift_assignments where id=?
Hibernate: delete from shift_assignments where id=?
2025-10-13T21:43:07.200+09:00 DEBUG 2284 --- [Shift Scheduler Demo] [           main] org.hibernate.SQL                        : delete from shift_assignments where id=?
Hibernate: delete from shift_assignments where id=?
2025-10-13T21:43:07.200+09:00 DEBUG 2284 --- [Shift Scheduler Demo] [           main] org.hibernate.SQL                        : delete from shift_assignments where id=?
Hibernate: delete from shift_assignments where id=?
2025-10-13T21:43:07.200+09:00 DEBUG 2284 --- [Shift Scheduler Demo] [           main] org.hibernate.SQL                        : delete from shift_assignments where id=?
Hibernate: delete from shift_assignments where id=?
2025-10-13T21:43:07.200+09:00 DEBUG 2284 --- [Shift Scheduler Demo] [           main] org.hibernate.SQL                        : delete from shift_assignments where id=?
Hibernate: delete from shift_assignments where id=?
2025-10-13T21:43:07.200+09:00 DEBUG 2284 --- [Shift Scheduler Demo] [           main] org.hibernate.SQL                        : delete from shift_assignments where id=?
Hibernate: delete from shift_assignments where id=?
2025-10-13T21:43:07.200+09:00 DEBUG 2284 --- [Shift Scheduler Demo] [           main] org.hibernate.SQL                        : delete from shift_assignments where id=?
Hibernate: delete from shift_assignments where id=?
2025-10-13T21:43:07.200+09:00 DEBUG 2284 --- [Shift Scheduler Demo] [           main] org.hibernate.SQL                        : delete from shift_assignments where id=?
Hibernate: delete from shift_assignments where id=?
2025-10-13T21:43:07.202+09:00 DEBUG 2284 --- [Shift Scheduler Demo] [           main] org.hibernate.SQL                        : delete from shift_assignments where id=?
Hibernate: delete from shift_assignments where id=?
2025-10-13T21:43:07.206+09:00 DEBUG 2284 --- [Shift Scheduler Demo] [           main] org.hibernate.SQL                        : delete from shift_assignments where id=?
Hibernate: delete from shift_assignments where id=?
2025-10-13T21:43:07.206+09:00 DEBUG 2284 --- [Shift Scheduler Demo] [           main] org.hibernate.SQL                        : delete from shift_assignments where id=?
Hibernate: delete from shift_assignments where id=?
2025-10-13T21:43:07.206+09:00 DEBUG 2284 --- [Shift Scheduler Demo] [           main] org.hibernate.SQL                        : delete from shift_assignments where id=?
Hibernate: delete from shift_assignments where id=?
2025-10-13T21:43:07.208+09:00 DEBUG 2284 --- [Shift Scheduler Demo] [           main] org.hibernate.SQL                        : delete from shift_assignments where id=?
Hibernate: delete from shift_assignments where id=?
2025-10-13T21:43:07.208+09:00 DEBUG 2284 --- [Shift Scheduler Demo] [           main] org.hibernate.SQL                        : delete from shift_assignments where id=?
Hibernate: delete from shift_assignments where id=?
2025-10-13T21:43:07.208+09:00 DEBUG 2284 --- [Shift Scheduler Demo] [           main] org.hibernate.SQL                        : delete from shift_assignments where id=?
Hibernate: delete from shift_assignments where id=?
2025-10-13T21:43:07.208+09:00 DEBUG 2284 --- [Shift Scheduler Demo] [           main] org.hibernate.SQL                        : delete from shift_assignments where id=?
Hibernate: delete from shift_assignments where id=?
2025-10-13T21:43:07.210+09:00 DEBUG 2284 --- [Shift Scheduler Demo] [           main] org.hibernate.SQL                        : delete from shift_assignments where id=?
Hibernate: delete from shift_assignments where id=?
2025-10-13T21:43:07.210+09:00 DEBUG 2284 --- [Shift Scheduler Demo] [           main] org.hibernate.SQL                        : delete from shift_assignments where id=?
Hibernate: delete from shift_assignments where id=?
2025-10-13T21:43:07.210+09:00 DEBUG 2284 --- [Shift Scheduler Demo] [           main] org.hibernate.SQL                        : delete from shift_assignments where id=?
Hibernate: delete from shift_assignments where id=?
2025-10-13T21:43:07.210+09:00 DEBUG 2284 --- [Shift Scheduler Demo] [           main] org.hibernate.SQL                        : delete from shift_assignments where id=?
Hibernate: delete from shift_assignments where id=?
2025-10-13T21:43:07.211+09:00 DEBUG 2284 --- [Shift Scheduler Demo] [           main] org.hibernate.SQL                        : delete from shift_assignments where id=?
Hibernate: delete from shift_assignments where id=?
2025-10-13T21:43:07.211+09:00 DEBUG 2284 --- [Shift Scheduler Demo] [           main] org.hibernate.SQL                        : delete from shift_assignments where id=?
Hibernate: delete from shift_assignments where id=?
2025-10-13T21:43:07.211+09:00 DEBUG 2284 --- [Shift Scheduler Demo] [           main] org.hibernate.SQL                        : delete from shift_assignments where id=?
Hibernate: delete from shift_assignments where id=?
2025-10-13T21:43:07.211+09:00 DEBUG 2284 --- [Shift Scheduler Demo] [           main] org.hibernate.SQL                        : delete from shift_assignments where id=?
Hibernate: delete from shift_assignments where id=?
2025-10-13T21:43:07.211+09:00 DEBUG 2284 --- [Shift Scheduler Demo] [           main] org.hibernate.SQL                        : delete from shift_assignments where id=?
Hibernate: delete from shift_assignments where id=?
2025-10-13T21:43:07.211+09:00 DEBUG 2284 --- [Shift Scheduler Demo] [           main] org.hibernate.SQL                        : delete from shift_assignments where id=?
Hibernate: delete from shift_assignments where id=?
2025-10-13T21:43:07.211+09:00 DEBUG 2284 --- [Shift Scheduler Demo] [           main] org.hibernate.SQL                        : delete from shift_assignments where id=?
Hibernate: delete from shift_assignments where id=?
2025-10-13T21:43:07.211+09:00 DEBUG 2284 --- [Shift Scheduler Demo] [           main] org.hibernate.SQL                        : delete from shift_assignments where id=?
Hibernate: delete from shift_assignments where id=?
2025-10-13T21:43:07.211+09:00 DEBUG 2284 --- [Shift Scheduler Demo] [           main] org.hibernate.SQL                        : delete from shift_assignments where id=?
Hibernate: delete from shift_assignments where id=?
2025-10-13T21:43:07.211+09:00 DEBUG 2284 --- [Shift Scheduler Demo] [           main] org.hibernate.SQL                        : delete from shift_assignments where id=?
Hibernate: delete from shift_assignments where id=?
2025-10-13T21:43:07.211+09:00 DEBUG 2284 --- [Shift Scheduler Demo] [           main] org.hibernate.SQL                        : delete from shift_assignments where id=?
Hibernate: delete from shift_assignments where id=?
2025-10-13T21:43:07.211+09:00 DEBUG 2284 --- [Shift Scheduler Demo] [           main] org.hibernate.SQL                        : delete from shift_assignments where id=?
Hibernate: delete from shift_assignments where id=?
2025-10-13T21:43:07.211+09:00 DEBUG 2284 --- [Shift Scheduler Demo] [           main] org.hibernate.SQL                        : delete from shift_assignments where id=?
Hibernate: delete from shift_assignments where id=?
2025-10-13T21:43:07.211+09:00 DEBUG 2284 --- [Shift Scheduler Demo] [           main] org.hibernate.SQL                        : delete from shift_assignments where id=?
Hibernate: delete from shift_assignments where id=?
2025-10-13T21:43:07.211+09:00 DEBUG 2284 --- [Shift Scheduler Demo] [           main] org.hibernate.SQL                        : delete from shift_assignments where id=?
Hibernate: delete from shift_assignments where id=?
2025-10-13T21:43:07.211+09:00 DEBUG 2284 --- [Shift Scheduler Demo] [           main] org.hibernate.SQL                        : delete from shift_assignments where id=?
Hibernate: delete from shift_assignments where id=?
2025-10-13T21:43:07.211+09:00 DEBUG 2284 --- [Shift Scheduler Demo] [           main] org.hibernate.SQL                        : delete from shift_assignments where id=?
Hibernate: delete from shift_assignments where id=?
2025-10-13T21:43:07.211+09:00 DEBUG 2284 --- [Shift Scheduler Demo] [           main] org.hibernate.SQL                        : delete from shift_assignments where id=?
Hibernate: delete from shift_assignments where id=?
2025-10-13T21:43:07.212+09:00 DEBUG 2284 --- [Shift Scheduler Demo] [           main] org.hibernate.SQL                        : delete from shift_assignments where id=?
Hibernate: delete from shift_assignments where id=?
2025-10-13T21:43:07.212+09:00 DEBUG 2284 --- [Shift Scheduler Demo] [           main] org.hibernate.SQL                        : delete from shift_assignments where id=?
Hibernate: delete from shift_assignments where id=?
2025-10-13T21:43:07.212+09:00 DEBUG 2284 --- [Shift Scheduler Demo] [           main] org.hibernate.SQL                        : delete from shift_assignments where id=?
Hibernate: delete from shift_assignments where id=?
2025-10-13T21:43:07.212+09:00 DEBUG 2284 --- [Shift Scheduler Demo] [           main] org.hibernate.SQL                        : delete from shift_assignments where id=?
Hibernate: delete from shift_assignments where id=?
2025-10-13T21:43:07.212+09:00 DEBUG 2284 --- [Shift Scheduler Demo] [           main] org.hibernate.SQL                        : delete from shift_assignments where id=?
Hibernate: delete from shift_assignments where id=?
2025-10-13T21:43:07.212+09:00 DEBUG 2284 --- [Shift Scheduler Demo] [           main] org.hibernate.SQL                        : delete from shift_assignments where id=?
Hibernate: delete from shift_assignments where id=?
2025-10-13T21:43:07.212+09:00 DEBUG 2284 --- [Shift Scheduler Demo] [           main] org.hibernate.SQL                        : delete from shift_assignments where id=?
Hibernate: delete from shift_assignments where id=?
2025-10-13T21:43:07.212+09:00 DEBUG 2284 --- [Shift Scheduler Demo] [           main] org.hibernate.SQL                        : delete from shift_assignments where id=?
Hibernate: delete from shift_assignments where id=?
2025-10-13T21:43:07.212+09:00 DEBUG 2284 --- [Shift Scheduler Demo] [           main] org.hibernate.SQL                        : delete from shift_assignments where id=?
Hibernate: delete from shift_assignments where id=?
2025-10-13T21:43:07.212+09:00 DEBUG 2284 --- [Shift Scheduler Demo] [           main] org.hibernate.SQL                        : delete from shift_assignments where id=?
Hibernate: delete from shift_assignments where id=?
2025-10-13T21:43:07.212+09:00 DEBUG 2284 --- [Shift Scheduler Demo] [           main] org.hibernate.SQL                        : delete from shift_assignments where id=?
Hibernate: delete from shift_assignments where id=?
2025-10-13T21:43:07.212+09:00 DEBUG 2284 --- [Shift Scheduler Demo] [           main] org.hibernate.SQL                        : delete from shift_assignments where id=?
Hibernate: delete from shift_assignments where id=?
2025-10-13T21:43:07.212+09:00 DEBUG 2284 --- [Shift Scheduler Demo] [           main] org.hibernate.SQL                        : delete from shift_assignments where id=?
Hibernate: delete from shift_assignments where id=?
2025-10-13T21:43:07.212+09:00 DEBUG 2284 --- [Shift Scheduler Demo] [           main] org.hibernate.SQL                        : delete from shift_assignments where id=?
Hibernate: delete from shift_assignments where id=?
2025-10-13T21:43:07.212+09:00 DEBUG 2284 --- [Shift Scheduler Demo] [           main] org.hibernate.SQL                        : delete from shift_assignments where id=?
Hibernate: delete from shift_assignments where id=?
2025-10-13T21:43:07.212+09:00 DEBUG 2284 --- [Shift Scheduler Demo] [           main] org.hibernate.SQL                        : delete from shift_assignments where id=?
Hibernate: delete from shift_assignments where id=?
2025-10-13T21:43:07.212+09:00 DEBUG 2284 --- [Shift Scheduler Demo] [           main] org.hibernate.SQL                        : delete from shift_assignments where id=?
Hibernate: delete from shift_assignments where id=?
2025-10-13T21:43:07.212+09:00 DEBUG 2284 --- [Shift Scheduler Demo] [           main] org.hibernate.SQL                        : delete from shift_assignments where id=?
Hibernate: delete from shift_assignments where id=?
2025-10-13T21:43:07.212+09:00 DEBUG 2284 --- [Shift Scheduler Demo] [           main] org.hibernate.SQL                        : delete from shift_assignments where id=?
Hibernate: delete from shift_assignments where id=?
2025-10-13T21:43:07.212+09:00 DEBUG 2284 --- [Shift Scheduler Demo] [           main] org.hibernate.SQL                        : delete from shift_assignments where id=?
Hibernate: delete from shift_assignments where id=?
2025-10-13T21:43:07.212+09:00 DEBUG 2284 --- [Shift Scheduler Demo] [           main] org.hibernate.SQL                        : delete from shift_assignments where id=?
Hibernate: delete from shift_assignments where id=?
2025-10-13T21:43:07.212+09:00 DEBUG 2284 --- [Shift Scheduler Demo] [           main] org.hibernate.SQL                        : delete from shift_assignments where id=?
Hibernate: delete from shift_assignments where id=?
2025-10-13T21:43:07.212+09:00 DEBUG 2284 --- [Shift Scheduler Demo] [           main] org.hibernate.SQL                        : delete from shift_assignments where id=?
Hibernate: delete from shift_assignments where id=?
2025-10-13T21:43:07.212+09:00 DEBUG 2284 --- [Shift Scheduler Demo] [           main] org.hibernate.SQL                        : delete from shift_assignments where id=?
Hibernate: delete from shift_assignments where id=?
2025-10-13T21:43:07.212+09:00 DEBUG 2284 --- [Shift Scheduler Demo] [           main] org.hibernate.SQL                        : delete from shift_assignments where id=?
Hibernate: delete from shift_assignments where id=?
2025-10-13T21:43:07.212+09:00 DEBUG 2284 --- [Shift Scheduler Demo] [           main] org.hibernate.SQL                        : delete from shift_assignments where id=?
Hibernate: delete from shift_assignments where id=?
2025-10-13T21:43:07.212+09:00 DEBUG 2284 --- [Shift Scheduler Demo] [           main] org.hibernate.SQL                        : delete from shift_assignments where id=?
Hibernate: delete from shift_assignments where id=?
2025-10-13T21:43:07.212+09:00 DEBUG 2284 --- [Shift Scheduler Demo] [           main] org.hibernate.SQL                        : delete from shift_assignments where id=?
Hibernate: delete from shift_assignments where id=?
2025-10-13T21:43:07.212+09:00 DEBUG 2284 --- [Shift Scheduler Demo] [           main] org.hibernate.SQL                        : delete from shift_assignments where id=?
Hibernate: delete from shift_assignments where id=?
2025-10-13T21:43:07.212+09:00 DEBUG 2284 --- [Shift Scheduler Demo] [           main] org.hibernate.SQL                        : delete from shift_assignments where id=?
Hibernate: delete from shift_assignments where id=?
2025-10-13T21:43:07.212+09:00 DEBUG 2284 --- [Shift Scheduler Demo] [           main] org.hibernate.SQL                        : delete from shift_assignments where id=?
Hibernate: delete from shift_assignments where id=?
2025-10-13T21:43:07.212+09:00 DEBUG 2284 --- [Shift Scheduler Demo] [           main] org.hibernate.SQL                        : delete from shift_assignments where id=?
Hibernate: delete from shift_assignments where id=?
2025-10-13T21:43:07.212+09:00 DEBUG 2284 --- [Shift Scheduler Demo] [           main] org.hibernate.SQL                        : delete from shift_assignments where id=?
Hibernate: delete from shift_assignments where id=?
2025-10-13T21:43:07.212+09:00 DEBUG 2284 --- [Shift Scheduler Demo] [           main] org.hibernate.SQL                        : delete from shift_assignments where id=?
Hibernate: delete from shift_assignments where id=?
2025-10-13T21:43:07.212+09:00 DEBUG 2284 --- [Shift Scheduler Demo] [           main] org.hibernate.SQL                        : delete from shift_assignments where id=?
Hibernate: delete from shift_assignments where id=?
2025-10-13T21:43:07.212+09:00 DEBUG 2284 --- [Shift Scheduler Demo] [           main] org.hibernate.SQL                        : delete from shift_assignments where id=?
Hibernate: delete from shift_assignments where id=?
2025-10-13T21:43:07.212+09:00 DEBUG 2284 --- [Shift Scheduler Demo] [           main] org.hibernate.SQL                        : delete from shift_assignments where id=?
Hibernate: delete from shift_assignments where id=?
2025-10-13T21:43:07.212+09:00 DEBUG 2284 --- [Shift Scheduler Demo] [           main] org.hibernate.SQL                        : delete from shift_assignments where id=?
Hibernate: delete from shift_assignments where id=?
2025-10-13T21:43:07.212+09:00 DEBUG 2284 --- [Shift Scheduler Demo] [           main] org.hibernate.SQL                        : delete from shift_assignments where id=?
Hibernate: delete from shift_assignments where id=?
2025-10-13T21:43:07.212+09:00 DEBUG 2284 --- [Shift Scheduler Demo] [           main] org.hibernate.SQL                        : delete from shift_assignments where id=?
Hibernate: delete from shift_assignments where id=?
2025-10-13T21:43:07.212+09:00 DEBUG 2284 --- [Shift Scheduler Demo] [           main] org.hibernate.SQL                        : delete from shift_assignments where id=?
Hibernate: delete from shift_assignments where id=?
2025-10-13T21:43:07.212+09:00 DEBUG 2284 --- [Shift Scheduler Demo] [           main] org.hibernate.SQL                        : delete from shift_assignments where id=?
Hibernate: delete from shift_assignments where id=?
2025-10-13T21:43:07.212+09:00 DEBUG 2284 --- [Shift Scheduler Demo] [           main] org.hibernate.SQL                        : delete from shift_assignments where id=?
Hibernate: delete from shift_assignments where id=?
2025-10-13T21:43:07.212+09:00 DEBUG 2284 --- [Shift Scheduler Demo] [           main] org.hibernate.SQL                        : delete from shift_assignments where id=?
Hibernate: delete from shift_assignments where id=?
2025-10-13T21:43:07.212+09:00 DEBUG 2284 --- [Shift Scheduler Demo] [           main] org.hibernate.SQL                        : delete from shift_assignments where id=?
Hibernate: delete from shift_assignments where id=?
2025-10-13T21:43:07.212+09:00 DEBUG 2284 --- [Shift Scheduler Demo] [           main] org.hibernate.SQL                        : delete from shift_assignments where id=?
Hibernate: delete from shift_assignments where id=?
2025-10-13T21:43:07.212+09:00 DEBUG 2284 --- [Shift Scheduler Demo] [           main] org.hibernate.SQL                        : delete from shift_assignments where id=?
Hibernate: delete from shift_assignments where id=?
2025-10-13T21:43:07.212+09:00 DEBUG 2284 --- [Shift Scheduler Demo] [           main] org.hibernate.SQL                        : delete from shift_assignments where id=?
Hibernate: delete from shift_assignments where id=?
2025-10-13T21:43:07.212+09:00 DEBUG 2284 --- [Shift Scheduler Demo] [           main] org.hibernate.SQL                        : delete from shift_assignments where id=?
Hibernate: delete from shift_assignments where id=?
2025-10-13T21:43:07.216+09:00 DEBUG 2284 --- [Shift Scheduler Demo] [           main] org.hibernate.SQL                        : delete from shift_assignments where id=?
Hibernate: delete from shift_assignments where id=?
2025-10-13T21:43:07.216+09:00 DEBUG 2284 --- [Shift Scheduler Demo] [           main] org.hibernate.SQL                        : delete from shift_assignments where id=?
Hibernate: delete from shift_assignments where id=?
2025-10-13T21:43:07.216+09:00 DEBUG 2284 --- [Shift Scheduler Demo] [           main] org.hibernate.SQL                        : delete from shift_assignments where id=?
Hibernate: delete from shift_assignments where id=?
2025-10-13T21:43:07.216+09:00 DEBUG 2284 --- [Shift Scheduler Demo] [           main] org.hibernate.SQL                        : delete from shift_assignments where id=?
Hibernate: delete from shift_assignments where id=?
2025-10-13T21:43:07.216+09:00 DEBUG 2284 --- [Shift Scheduler Demo] [           main] org.hibernate.SQL                        : delete from shift_assignments where id=?
Hibernate: delete from shift_assignments where id=?
2025-10-13T21:43:07.216+09:00 DEBUG 2284 --- [Shift Scheduler Demo] [           main] org.hibernate.SQL                        : delete from shift_assignments where id=?
Hibernate: delete from shift_assignments where id=?
2025-10-13T21:43:07.216+09:00 DEBUG 2284 --- [Shift Scheduler Demo] [           main] org.hibernate.SQL                        : delete from shift_assignments where id=?
Hibernate: delete from shift_assignments where id=?
2025-10-13T21:43:07.216+09:00 DEBUG 2284 --- [Shift Scheduler Demo] [           main] org.hibernate.SQL                        : delete from shift_assignments where id=?
Hibernate: delete from shift_assignments where id=?
2025-10-13T21:43:07.216+09:00 DEBUG 2284 --- [Shift Scheduler Demo] [           main] org.hibernate.SQL                        : delete from shift_assignments where id=?
Hibernate: delete from shift_assignments where id=?
2025-10-13T21:43:07.216+09:00 DEBUG 2284 --- [Shift Scheduler Demo] [           main] org.hibernate.SQL                        : delete from shift_assignments where id=?
Hibernate: delete from shift_assignments where id=?
2025-10-13T21:43:07.216+09:00 DEBUG 2284 --- [Shift Scheduler Demo] [           main] org.hibernate.SQL                        : delete from shift_assignments where id=?
Hibernate: delete from shift_assignments where id=?
2025-10-13T21:43:07.216+09:00 DEBUG 2284 --- [Shift Scheduler Demo] [           main] org.hibernate.SQL                        : delete from shift_assignments where id=?
Hibernate: delete from shift_assignments where id=?
2025-10-13T21:43:07.216+09:00 DEBUG 2284 --- [Shift Scheduler Demo] [           main] org.hibernate.SQL                        : delete from shift_assignments where id=?
Hibernate: delete from shift_assignments where id=?
2025-10-13T21:43:07.216+09:00 DEBUG 2284 --- [Shift Scheduler Demo] [           main] org.hibernate.SQL                        : delete from shift_assignments where id=?
Hibernate: delete from shift_assignments where id=?
2025-10-13T21:43:07.216+09:00 DEBUG 2284 --- [Shift Scheduler Demo] [           main] org.hibernate.SQL                        : delete from shift_assignments where id=?
Hibernate: delete from shift_assignments where id=?
2025-10-13T21:43:07.216+09:00 DEBUG 2284 --- [Shift Scheduler Demo] [           main] org.hibernate.SQL                        : delete from shift_assignments where id=?
Hibernate: delete from shift_assignments where id=?
2025-10-13T21:43:07.216+09:00 DEBUG 2284 --- [Shift Scheduler Demo] [           main] org.hibernate.SQL                        : delete from shift_assignments where id=?
Hibernate: delete from shift_assignments where id=?
2025-10-13T21:43:07.216+09:00 DEBUG 2284 --- [Shift Scheduler Demo] [           main] org.hibernate.SQL                        : delete from shift_assignments where id=?
Hibernate: delete from shift_assignments where id=?
2025-10-13T21:43:07.216+09:00 DEBUG 2284 --- [Shift Scheduler Demo] [           main] org.hibernate.SQL                        : delete from shift_assignments where id=?
Hibernate: delete from shift_assignments where id=?
2025-10-13T21:43:07.216+09:00 DEBUG 2284 --- [Shift Scheduler Demo] [           main] org.hibernate.SQL                        : delete from shift_assignments where id=?
Hibernate: delete from shift_assignments where id=?
2025-10-13T21:43:07.216+09:00 DEBUG 2284 --- [Shift Scheduler Demo] [           main] org.hibernate.SQL                        : delete from shift_assignments where id=?
Hibernate: delete from shift_assignments where id=?
2025-10-13T21:43:07.216+09:00 DEBUG 2284 --- [Shift Scheduler Demo] [           main] org.hibernate.SQL                        : delete from shift_assignments where id=?
Hibernate: delete from shift_assignments where id=?
2025-10-13T21:43:07.216+09:00 DEBUG 2284 --- [Shift Scheduler Demo] [           main] org.hibernate.SQL                        : delete from shift_assignments where id=?
Hibernate: delete from shift_assignments where id=?
2025-10-13T21:43:07.216+09:00 DEBUG 2284 --- [Shift Scheduler Demo] [           main] org.hibernate.SQL                        : delete from shift_assignments where id=?
Hibernate: delete from shift_assignments where id=?
2025-10-13T21:43:07.216+09:00 DEBUG 2284 --- [Shift Scheduler Demo] [           main] org.hibernate.SQL                        : delete from shift_assignments where id=?
Hibernate: delete from shift_assignments where id=?
2025-10-13T21:43:07.216+09:00 DEBUG 2284 --- [Shift Scheduler Demo] [           main] org.hibernate.SQL                        : delete from shift_assignments where id=?
Hibernate: delete from shift_assignments where id=?
2025-10-13T21:43:07.216+09:00 DEBUG 2284 --- [Shift Scheduler Demo] [           main] org.hibernate.SQL                        : delete from shift_assignments where id=?
Hibernate: delete from shift_assignments where id=?
2025-10-13T21:43:07.217+09:00 DEBUG 2284 --- [Shift Scheduler Demo] [           main] org.hibernate.SQL                        : delete from shift_assignments where id=?
Hibernate: delete from shift_assignments where id=?
2025-10-13T21:43:07.217+09:00 DEBUG 2284 --- [Shift Scheduler Demo] [           main] org.hibernate.SQL                        : delete from shift_assignments where id=?
Hibernate: delete from shift_assignments where id=?
2025-10-13T21:43:07.217+09:00 DEBUG 2284 --- [Shift Scheduler Demo] [           main] org.hibernate.SQL                        : delete from shift_assignments where id=?
Hibernate: delete from shift_assignments where id=?
2025-10-13T21:43:07.217+09:00 DEBUG 2284 --- [Shift Scheduler Demo] [           main] org.hibernate.SQL                        : delete from shift_assignments where id=?
Hibernate: delete from shift_assignments where id=?
2025-10-13T21:43:07.217+09:00 DEBUG 2284 --- [Shift Scheduler Demo] [           main] org.hibernate.SQL                        : delete from shift_assignments where id=?
Hibernate: delete from shift_assignments where id=?
2025-10-13T21:43:07.217+09:00 DEBUG 2284 --- [Shift Scheduler Demo] [           main] org.hibernate.SQL                        : delete from shift_assignments where id=?
Hibernate: delete from shift_assignments where id=?
2025-10-13T21:43:07.217+09:00 DEBUG 2284 --- [Shift Scheduler Demo] [           main] org.hibernate.SQL                        : delete from shift_assignments where id=?
Hibernate: delete from shift_assignments where id=?
2025-10-13T21:43:07.217+09:00 DEBUG 2284 --- [Shift Scheduler Demo] [           main] org.hibernate.SQL                        : delete from shift_assignments where id=?
Hibernate: delete from shift_assignments where id=?
2025-10-13T21:43:07.217+09:00 DEBUG 2284 --- [Shift Scheduler Demo] [           main] org.hibernate.SQL                        : delete from shift_assignments where id=?
Hibernate: delete from shift_assignments where id=?
2025-10-13T21:43:07.217+09:00 DEBUG 2284 --- [Shift Scheduler Demo] [           main] org.hibernate.SQL                        : delete from shift_assignments where id=?
Hibernate: delete from shift_assignments where id=?
2025-10-13T21:43:07.217+09:00 DEBUG 2284 --- [Shift Scheduler Demo] [           main] org.hibernate.SQL                        : delete from shift_assignments where id=?
Hibernate: delete from shift_assignments where id=?
2025-10-13T21:43:07.217+09:00 DEBUG 2284 --- [Shift Scheduler Demo] [           main] org.hibernate.SQL                        : delete from shift_assignments where id=?
Hibernate: delete from shift_assignments where id=?
2025-10-13T21:43:07.217+09:00 DEBUG 2284 --- [Shift Scheduler Demo] [           main] org.hibernate.SQL                        : delete from shift_assignments where id=?
Hibernate: delete from shift_assignments where id=?
2025-10-13T21:43:07.217+09:00 DEBUG 2284 --- [Shift Scheduler Demo] [           main] org.hibernate.SQL                        : delete from shift_assignments where id=?
Hibernate: delete from shift_assignments where id=?
2025-10-13T21:43:07.217+09:00 DEBUG 2284 --- [Shift Scheduler Demo] [           main] org.hibernate.SQL                        : delete from shift_assignments where id=?
Hibernate: delete from shift_assignments where id=?
2025-10-13T21:43:07.218+09:00 DEBUG 2284 --- [Shift Scheduler Demo] [           main] org.hibernate.SQL                        : delete from shift_assignments where id=?
Hibernate: delete from shift_assignments where id=?
2025-10-13T21:43:07.218+09:00 DEBUG 2284 --- [Shift Scheduler Demo] [           main] org.hibernate.SQL                        : delete from shift_assignments where id=?
Hibernate: delete from shift_assignments where id=?
2025-10-13T21:43:07.218+09:00 DEBUG 2284 --- [Shift Scheduler Demo] [           main] org.hibernate.SQL                        : delete from shift_assignments where id=?
Hibernate: delete from shift_assignments where id=?
2025-10-13T21:43:07.218+09:00 DEBUG 2284 --- [Shift Scheduler Demo] [           main] org.hibernate.SQL                        : delete from shift_assignments where id=?
Hibernate: delete from shift_assignments where id=?
2025-10-13T21:43:07.218+09:00 DEBUG 2284 --- [Shift Scheduler Demo] [           main] org.hibernate.SQL                        : delete from shift_assignments where id=?
Hibernate: delete from shift_assignments where id=?
2025-10-13T21:43:07.218+09:00 DEBUG 2284 --- [Shift Scheduler Demo] [           main] org.hibernate.SQL                        : delete from shift_assignments where id=?
Hibernate: delete from shift_assignments where id=?
2025-10-13T21:43:07.218+09:00 DEBUG 2284 --- [Shift Scheduler Demo] [           main] org.hibernate.SQL                        : delete from shift_assignments where id=?
Hibernate: delete from shift_assignments where id=?
2025-10-13T21:43:07.218+09:00 DEBUG 2284 --- [Shift Scheduler Demo] [           main] org.hibernate.SQL                        : delete from shift_assignments where id=?
Hibernate: delete from shift_assignments where id=?
2025-10-13T21:43:07.218+09:00 DEBUG 2284 --- [Shift Scheduler Demo] [           main] org.hibernate.SQL                        : delete from shift_assignments where id=?
Hibernate: delete from shift_assignments where id=?
2025-10-13T21:43:07.218+09:00 DEBUG 2284 --- [Shift Scheduler Demo] [           main] org.hibernate.SQL                        : delete from shift_assignments where id=?
Hibernate: delete from shift_assignments where id=?
2025-10-13T21:43:07.218+09:00 DEBUG 2284 --- [Shift Scheduler Demo] [           main] org.hibernate.SQL                        : delete from shift_assignments where id=?
Hibernate: delete from shift_assignments where id=?
2025-10-13T21:43:07.218+09:00 DEBUG 2284 --- [Shift Scheduler Demo] [           main] org.hibernate.SQL                        : delete from shift_assignments where id=?
Hibernate: delete from shift_assignments where id=?
2025-10-13T21:43:07.218+09:00 DEBUG 2284 --- [Shift Scheduler Demo] [           main] org.hibernate.SQL                        : delete from shift_assignments where id=?
Hibernate: delete from shift_assignments where id=?
2025-10-13T21:43:07.218+09:00 DEBUG 2284 --- [Shift Scheduler Demo] [           main] org.hibernate.SQL                        : delete from shift_assignments where id=?
Hibernate: delete from shift_assignments where id=?
2025-10-13T21:43:07.218+09:00 DEBUG 2284 --- [Shift Scheduler Demo] [           main] org.hibernate.SQL                        : delete from shift_assignments where id=?
Hibernate: delete from shift_assignments where id=?
2025-10-13T21:43:07.218+09:00 DEBUG 2284 --- [Shift Scheduler Demo] [           main] org.hibernate.SQL                        : delete from shift_assignments where id=?
Hibernate: delete from shift_assignments where id=?
2025-10-13T21:43:07.218+09:00 DEBUG 2284 --- [Shift Scheduler Demo] [           main] org.hibernate.SQL                        : delete from shift_assignments where id=?
Hibernate: delete from shift_assignments where id=?
2025-10-13T21:43:07.218+09:00 DEBUG 2284 --- [Shift Scheduler Demo] [           main] org.hibernate.SQL                        : delete from shift_assignments where id=?
Hibernate: delete from shift_assignments where id=?
2025-10-13T21:43:07.219+09:00 DEBUG 2284 --- [Shift Scheduler Demo] [           main] org.hibernate.SQL                        : delete from shift_assignments where id=?
Hibernate: delete from shift_assignments where id=?
2025-10-13T21:43:07.219+09:00 DEBUG 2284 --- [Shift Scheduler Demo] [           main] org.hibernate.SQL                        : delete from shift_assignments where id=?
Hibernate: delete from shift_assignments where id=?
2025-10-13T21:43:07.219+09:00 DEBUG 2284 --- [Shift Scheduler Demo] [           main] org.hibernate.SQL                        : delete from shift_assignments where id=?
Hibernate: delete from shift_assignments where id=?
2025-10-13T21:43:07.219+09:00 DEBUG 2284 --- [Shift Scheduler Demo] [           main] org.hibernate.SQL                        : delete from shift_assignments where id=?
Hibernate: delete from shift_assignments where id=?
2025-10-13T21:43:07.219+09:00 DEBUG 2284 --- [Shift Scheduler Demo] [           main] org.hibernate.SQL                        : delete from shift_assignments where id=?
Hibernate: delete from shift_assignments where id=?
2025-10-13T21:43:07.219+09:00 DEBUG 2284 --- [Shift Scheduler Demo] [           main] org.hibernate.SQL                        : delete from shift_assignments where id=?
Hibernate: delete from shift_assignments where id=?
2025-10-13T21:43:07.219+09:00 DEBUG 2284 --- [Shift Scheduler Demo] [           main] org.hibernate.SQL                        : delete from shift_assignments where id=?
Hibernate: delete from shift_assignments where id=?
2025-10-13T21:43:07.219+09:00 DEBUG 2284 --- [Shift Scheduler Demo] [           main] org.hibernate.SQL                        : delete from shift_assignments where id=?
Hibernate: delete from shift_assignments where id=?
2025-10-13T21:43:07.219+09:00 DEBUG 2284 --- [Shift Scheduler Demo] [           main] org.hibernate.SQL                        : delete from shift_assignments where id=?
Hibernate: delete from shift_assignments where id=?
2025-10-13T21:43:07.219+09:00 DEBUG 2284 --- [Shift Scheduler Demo] [           main] org.hibernate.SQL                        : delete from shift_assignments where id=?
Hibernate: delete from shift_assignments where id=?
2025-10-13T21:43:07.219+09:00 DEBUG 2284 --- [Shift Scheduler Demo] [           main] org.hibernate.SQL                        : delete from shift_assignments where id=?
Hibernate: delete from shift_assignments where id=?
2025-10-13T21:43:07.219+09:00 DEBUG 2284 --- [Shift Scheduler Demo] [           main] org.hibernate.SQL                        : delete from shift_assignments where id=?
Hibernate: delete from shift_assignments where id=?
2025-10-13T21:43:07.219+09:00 DEBUG 2284 --- [Shift Scheduler Demo] [           main] org.hibernate.SQL                        : delete from shift_assignments where id=?
Hibernate: delete from shift_assignments where id=?
2025-10-13T21:43:07.219+09:00 DEBUG 2284 --- [Shift Scheduler Demo] [           main] org.hibernate.SQL                        : delete from shift_assignments where id=?
Hibernate: delete from shift_assignments where id=?
2025-10-13T21:43:07.219+09:00 DEBUG 2284 --- [Shift Scheduler Demo] [           main] org.hibernate.SQL                        : delete from shift_assignments where id=?
Hibernate: delete from shift_assignments where id=?
2025-10-13T21:43:07.219+09:00 DEBUG 2284 --- [Shift Scheduler Demo] [           main] org.hibernate.SQL                        : delete from shift_assignments where id=?
Hibernate: delete from shift_assignments where id=?
2025-10-13T21:43:07.219+09:00 DEBUG 2284 --- [Shift Scheduler Demo] [           main] org.hibernate.SQL                        : delete from shift_assignments where id=?
Hibernate: delete from shift_assignments where id=?
2025-10-13T21:43:07.219+09:00 DEBUG 2284 --- [Shift Scheduler Demo] [           main] org.hibernate.SQL                        : delete from shift_assignments where id=?
Hibernate: delete from shift_assignments where id=?
2025-10-13T21:43:07.219+09:00 DEBUG 2284 --- [Shift Scheduler Demo] [           main] org.hibernate.SQL                        : delete from shift_assignments where id=?
Hibernate: delete from shift_assignments where id=?
2025-10-13T21:43:07.220+09:00 DEBUG 2284 --- [Shift Scheduler Demo] [           main] org.hibernate.SQL                        : delete from shift_assignments where id=?
Hibernate: delete from shift_assignments where id=?
2025-10-13T21:43:07.220+09:00 DEBUG 2284 --- [Shift Scheduler Demo] [           main] org.hibernate.SQL                        : delete from shift_assignments where id=?
Hibernate: delete from shift_assignments where id=?
2025-10-13T21:43:07.220+09:00 DEBUG 2284 --- [Shift Scheduler Demo] [           main] org.hibernate.SQL                        : delete from shift_assignments where id=?
Hibernate: delete from shift_assignments where id=?
2025-10-13T21:43:07.220+09:00 DEBUG 2284 --- [Shift Scheduler Demo] [           main] org.hibernate.SQL                        : delete from shift_assignments where id=?
Hibernate: delete from shift_assignments where id=?
2025-10-13T21:43:07.220+09:00 DEBUG 2284 --- [Shift Scheduler Demo] [           main] org.hibernate.SQL                        : delete from shift_assignments where id=?
Hibernate: delete from shift_assignments where id=?
2025-10-13T21:43:07.220+09:00 DEBUG 2284 --- [Shift Scheduler Demo] [           main] org.hibernate.SQL                        : delete from shift_assignments where id=?
Hibernate: delete from shift_assignments where id=?
2025-10-13T21:43:07.220+09:00 DEBUG 2284 --- [Shift Scheduler Demo] [           main] org.hibernate.SQL                        : delete from shift_assignments where id=?
Hibernate: delete from shift_assignments where id=?
2025-10-13T21:43:07.220+09:00 DEBUG 2284 --- [Shift Scheduler Demo] [           main] org.hibernate.SQL                        : delete from shift_assignments where id=?
Hibernate: delete from shift_assignments where id=?
2025-10-13T21:43:07.220+09:00 DEBUG 2284 --- [Shift Scheduler Demo] [           main] org.hibernate.SQL                        : delete from shift_assignments where id=?
Hibernate: delete from shift_assignments where id=?
2025-10-13T21:43:07.220+09:00 DEBUG 2284 --- [Shift Scheduler Demo] [           main] org.hibernate.SQL                        : delete from shift_assignments where id=?
Hibernate: delete from shift_assignments where id=?
2025-10-13T21:43:07.220+09:00 DEBUG 2284 --- [Shift Scheduler Demo] [           main] org.hibernate.SQL                        : delete from shift_assignments where id=?
Hibernate: delete from shift_assignments where id=?
2025-10-13T21:43:07.220+09:00 DEBUG 2284 --- [Shift Scheduler Demo] [           main] org.hibernate.SQL                        : delete from shift_assignments where id=?
Hibernate: delete from shift_assignments where id=?
2025-10-13T21:43:07.220+09:00 DEBUG 2284 --- [Shift Scheduler Demo] [           main] org.hibernate.SQL                        : delete from shift_assignments where id=?
Hibernate: delete from shift_assignments where id=?
2025-10-13T21:43:07.220+09:00 DEBUG 2284 --- [Shift Scheduler Demo] [           main] org.hibernate.SQL                        : delete from shift_assignments where id=?
Hibernate: delete from shift_assignments where id=?
2025-10-13T21:43:07.220+09:00 DEBUG 2284 --- [Shift Scheduler Demo] [           main] org.hibernate.SQL                        : delete from shift_assignments where id=?
Hibernate: delete from shift_assignments where id=?
2025-10-13T21:43:07.220+09:00 DEBUG 2284 --- [Shift Scheduler Demo] [           main] org.hibernate.SQL                        : delete from shift_assignments where id=?
Hibernate: delete from shift_assignments where id=?
2025-10-13T21:43:07.220+09:00 DEBUG 2284 --- [Shift Scheduler Demo] [           main] org.hibernate.SQL                        : delete from shift_assignments where id=?
Hibernate: delete from shift_assignments where id=?
2025-10-13T21:43:07.220+09:00 DEBUG 2284 --- [Shift Scheduler Demo] [           main] org.hibernate.SQL                        : delete from shift_assignments where id=?
Hibernate: delete from shift_assignments where id=?
2025-10-13T21:43:07.220+09:00 DEBUG 2284 --- [Shift Scheduler Demo] [           main] org.hibernate.SQL                        : delete from shift_assignments where id=?
Hibernate: delete from shift_assignments where id=?
2025-10-13T21:43:07.220+09:00 DEBUG 2284 --- [Shift Scheduler Demo] [           main] org.hibernate.SQL                        : delete from shift_assignments where id=?
Hibernate: delete from shift_assignments where id=?
2025-10-13T21:43:07.222+09:00 DEBUG 2284 --- [Shift Scheduler Demo] [           main] org.hibernate.SQL                        : delete from shift_assignments where id=?
Hibernate: delete from shift_assignments where id=?
2025-10-13T21:43:07.222+09:00 DEBUG 2284 --- [Shift Scheduler Demo] [           main] org.hibernate.SQL                        : delete from shift_assignments where id=?
Hibernate: delete from shift_assignments where id=?
2025-10-13T21:43:07.223+09:00 DEBUG 2284 --- [Shift Scheduler Demo] [           main] org.hibernate.SQL                        : delete from shift_assignments where id=?
Hibernate: delete from shift_assignments where id=?
2025-10-13T21:43:07.223+09:00 DEBUG 2284 --- [Shift Scheduler Demo] [           main] org.hibernate.SQL                        : delete from shift_assignments where id=?
Hibernate: delete from shift_assignments where id=?
2025-10-13T21:43:07.223+09:00 DEBUG 2284 --- [Shift Scheduler Demo] [           main] org.hibernate.SQL                        : delete from shift_assignments where id=?
Hibernate: delete from shift_assignments where id=?
2025-10-13T21:43:07.223+09:00 DEBUG 2284 --- [Shift Scheduler Demo] [           main] org.hibernate.SQL                        : delete from shift_assignments where id=?
Hibernate: delete from shift_assignments where id=?
2025-10-13T21:43:07.224+09:00 DEBUG 2284 --- [Shift Scheduler Demo] [           main] org.hibernate.SQL                        : delete from shift_assignments where id=?
Hibernate: delete from shift_assignments where id=?
2025-10-13T21:43:07.224+09:00 DEBUG 2284 --- [Shift Scheduler Demo] [           main] org.hibernate.SQL                        : delete from shift_assignments where id=?
Hibernate: delete from shift_assignments where id=?
2025-10-13T21:43:07.224+09:00 DEBUG 2284 --- [Shift Scheduler Demo] [           main] org.hibernate.SQL                        : delete from shift_assignments where id=?
Hibernate: delete from shift_assignments where id=?
2025-10-13T21:43:07.224+09:00 DEBUG 2284 --- [Shift Scheduler Demo] [           main] org.hibernate.SQL                        : delete from shift_assignments where id=?
Hibernate: delete from shift_assignments where id=?
2025-10-13T21:43:07.224+09:00 DEBUG 2284 --- [Shift Scheduler Demo] [           main] org.hibernate.SQL                        : delete from shift_assignments where id=?
Hibernate: delete from shift_assignments where id=?
2025-10-13T21:43:07.224+09:00 DEBUG 2284 --- [Shift Scheduler Demo] [           main] org.hibernate.SQL                        : delete from shift_assignments where id=?
Hibernate: delete from shift_assignments where id=?
2025-10-13T21:43:07.224+09:00 DEBUG 2284 --- [Shift Scheduler Demo] [           main] org.hibernate.SQL                        : delete from shift_assignments where id=?
Hibernate: delete from shift_assignments where id=?
2025-10-13T21:43:07.224+09:00 DEBUG 2284 --- [Shift Scheduler Demo] [           main] org.hibernate.SQL                        : delete from shift_assignments where id=?
Hibernate: delete from shift_assignments where id=?
2025-10-13T21:43:07.224+09:00 DEBUG 2284 --- [Shift Scheduler Demo] [           main] org.hibernate.SQL                        : delete from shift_assignments where id=?
Hibernate: delete from shift_assignments where id=?
2025-10-13T21:43:07.224+09:00 DEBUG 2284 --- [Shift Scheduler Demo] [           main] org.hibernate.SQL                        : delete from shift_assignments where id=?
Hibernate: delete from shift_assignments where id=?
2025-10-13T21:43:07.224+09:00 DEBUG 2284 --- [Shift Scheduler Demo] [           main] org.hibernate.SQL                        : delete from shift_assignments where id=?
Hibernate: delete from shift_assignments where id=?
2025-10-13T21:43:07.224+09:00 DEBUG 2284 --- [Shift Scheduler Demo] [           main] org.hibernate.SQL                        : delete from shift_assignments where id=?
Hibernate: delete from shift_assignments where id=?
2025-10-13T21:43:07.224+09:00 DEBUG 2284 --- [Shift Scheduler Demo] [           main] org.hibernate.SQL                        : delete from shift_assignments where id=?
Hibernate: delete from shift_assignments where id=?
2025-10-13T21:43:07.224+09:00 DEBUG 2284 --- [Shift Scheduler Demo] [           main] org.hibernate.SQL                        : delete from shift_assignments where id=?
Hibernate: delete from shift_assignments where id=?
2025-10-13T21:43:07.224+09:00 DEBUG 2284 --- [Shift Scheduler Demo] [           main] org.hibernate.SQL                        : delete from shift_assignments where id=?
Hibernate: delete from shift_assignments where id=?
2025-10-13T21:43:07.224+09:00 DEBUG 2284 --- [Shift Scheduler Demo] [           main] org.hibernate.SQL                        : delete from shift_assignments where id=?
Hibernate: delete from shift_assignments where id=?
2025-10-13T21:43:07.224+09:00 DEBUG 2284 --- [Shift Scheduler Demo] [           main] org.hibernate.SQL                        : delete from shift_assignments where id=?
Hibernate: delete from shift_assignments where id=?
2025-10-13T21:43:07.224+09:00 DEBUG 2284 --- [Shift Scheduler Demo] [           main] org.hibernate.SQL                        : delete from shift_assignments where id=?
Hibernate: delete from shift_assignments where id=?
2025-10-13T21:43:07.224+09:00 DEBUG 2284 --- [Shift Scheduler Demo] [           main] org.hibernate.SQL                        : delete from shift_assignments where id=?
Hibernate: delete from shift_assignments where id=?
2025-10-13T21:43:07.224+09:00 DEBUG 2284 --- [Shift Scheduler Demo] [           main] org.hibernate.SQL                        : delete from shift_assignments where id=?
Hibernate: delete from shift_assignments where id=?
2025-10-13T21:43:07.224+09:00 DEBUG 2284 --- [Shift Scheduler Demo] [           main] org.hibernate.SQL                        : delete from shift_assignments where id=?
Hibernate: delete from shift_assignments where id=?
2025-10-13T21:43:07.224+09:00 DEBUG 2284 --- [Shift Scheduler Demo] [           main] org.hibernate.SQL                        : delete from shift_assignments where id=?
Hibernate: delete from shift_assignments where id=?
2025-10-13T21:43:07.224+09:00 DEBUG 2284 --- [Shift Scheduler Demo] [           main] org.hibernate.SQL                        : delete from shift_assignments where id=?
Hibernate: delete from shift_assignments where id=?
2025-10-13T21:43:07.224+09:00 DEBUG 2284 --- [Shift Scheduler Demo] [           main] org.hibernate.SQL                        : delete from shift_assignments where id=?
Hibernate: delete from shift_assignments where id=?
2025-10-13T21:43:07.224+09:00 DEBUG 2284 --- [Shift Scheduler Demo] [           main] org.hibernate.SQL                        : delete from shift_assignments where id=?
Hibernate: delete from shift_assignments where id=?
2025-10-13T21:43:07.224+09:00 DEBUG 2284 --- [Shift Scheduler Demo] [           main] org.hibernate.SQL                        : delete from shift_assignments where id=?
Hibernate: delete from shift_assignments where id=?
2025-10-13T21:43:07.224+09:00 DEBUG 2284 --- [Shift Scheduler Demo] [           main] org.hibernate.SQL                        : delete from shift_assignments where id=?
Hibernate: delete from shift_assignments where id=?
2025-10-13T21:43:07.224+09:00 DEBUG 2284 --- [Shift Scheduler Demo] [           main] org.hibernate.SQL                        : delete from shift_assignments where id=?
Hibernate: delete from shift_assignments where id=?
2025-10-13T21:43:07.224+09:00 DEBUG 2284 --- [Shift Scheduler Demo] [           main] org.hibernate.SQL                        : delete from shift_assignments where id=?
Hibernate: delete from shift_assignments where id=?
2025-10-13T21:43:07.224+09:00 DEBUG 2284 --- [Shift Scheduler Demo] [           main] org.hibernate.SQL                        : delete from shift_assignments where id=?
Hibernate: delete from shift_assignments where id=?
2025-10-13T21:43:07.224+09:00 DEBUG 2284 --- [Shift Scheduler Demo] [           main] org.hibernate.SQL                        : delete from shift_assignments where id=?
Hibernate: delete from shift_assignments where id=?
2025-10-13T21:43:07.224+09:00 DEBUG 2284 --- [Shift Scheduler Demo] [           main] org.hibernate.SQL                        : delete from shift_assignments where id=?
Hibernate: delete from shift_assignments where id=?
2025-10-13T21:43:07.224+09:00 DEBUG 2284 --- [Shift Scheduler Demo] [           main] org.hibernate.SQL                        : delete from shift_assignments where id=?
Hibernate: delete from shift_assignments where id=?
2025-10-13T21:43:07.224+09:00 DEBUG 2284 --- [Shift Scheduler Demo] [           main] org.hibernate.SQL                        : delete from shift_assignments where id=?
Hibernate: delete from shift_assignments where id=?
2025-10-13T21:43:07.224+09:00 DEBUG 2284 --- [Shift Scheduler Demo] [           main] org.hibernate.SQL                        : delete from shift_assignments where id=?
Hibernate: delete from shift_assignments where id=?
2025-10-13T21:43:07.224+09:00 DEBUG 2284 --- [Shift Scheduler Demo] [           main] org.hibernate.SQL                        : delete from shift_assignments where id=?
Hibernate: delete from shift_assignments where id=?
2025-10-13T21:43:07.224+09:00 DEBUG 2284 --- [Shift Scheduler Demo] [           main] org.hibernate.SQL                        : delete from shift_assignments where id=?
Hibernate: delete from shift_assignments where id=?
2025-10-13T21:43:07.224+09:00 DEBUG 2284 --- [Shift Scheduler Demo] [           main] org.hibernate.SQL                        : delete from shift_assignments where id=?
Hibernate: delete from shift_assignments where id=?
2025-10-13T21:43:07.224+09:00 DEBUG 2284 --- [Shift Scheduler Demo] [           main] org.hibernate.SQL                        : delete from shift_assignments where id=?
Hibernate: delete from shift_assignments where id=?
2025-10-13T21:43:07.224+09:00 DEBUG 2284 --- [Shift Scheduler Demo] [           main] org.hibernate.SQL                        : delete from shift_assignments where id=?
Hibernate: delete from shift_assignments where id=?
2025-10-13T21:43:07.224+09:00 DEBUG 2284 --- [Shift Scheduler Demo] [           main] org.hibernate.SQL                        : delete from shift_assignments where id=?
Hibernate: delete from shift_assignments where id=?
2025-10-13T21:43:07.224+09:00 DEBUG 2284 --- [Shift Scheduler Demo] [           main] org.hibernate.SQL                        : delete from shift_assignments where id=?
Hibernate: delete from shift_assignments where id=?
2025-10-13T21:43:07.224+09:00 DEBUG 2284 --- [Shift Scheduler Demo] [           main] org.hibernate.SQL                        : delete from shift_assignments where id=?
Hibernate: delete from shift_assignments where id=?
2025-10-13T21:43:07.224+09:00 DEBUG 2284 --- [Shift Scheduler Demo] [           main] org.hibernate.SQL                        : delete from shift_assignments where id=?
Hibernate: delete from shift_assignments where id=?
2025-10-13T21:43:07.224+09:00 DEBUG 2284 --- [Shift Scheduler Demo] [           main] org.hibernate.SQL                        : delete from shift_assignments where id=?
Hibernate: delete from shift_assignments where id=?
2025-10-13T21:43:07.224+09:00 DEBUG 2284 --- [Shift Scheduler Demo] [           main] org.hibernate.SQL                        : delete from shift_assignments where id=?
Hibernate: delete from shift_assignments where id=?
2025-10-13T21:43:07.224+09:00 DEBUG 2284 --- [Shift Scheduler Demo] [           main] org.hibernate.SQL                        : delete from shift_assignments where id=?
Hibernate: delete from shift_assignments where id=?
2025-10-13T21:43:07.224+09:00 DEBUG 2284 --- [Shift Scheduler Demo] [           main] org.hibernate.SQL                        : delete from shift_assignments where id=?
Hibernate: delete from shift_assignments where id=?
2025-10-13T21:43:07.224+09:00 DEBUG 2284 --- [Shift Scheduler Demo] [           main] org.hibernate.SQL                        : delete from shift_assignments where id=?
Hibernate: delete from shift_assignments where id=?
2025-10-13T21:43:07.224+09:00 DEBUG 2284 --- [Shift Scheduler Demo] [           main] org.hibernate.SQL                        : delete from shift_assignments where id=?
Hibernate: delete from shift_assignments where id=?
2025-10-13T21:43:07.224+09:00 DEBUG 2284 --- [Shift Scheduler Demo] [           main] org.hibernate.SQL                        : delete from shift_assignments where id=?
Hibernate: delete from shift_assignments where id=?
2025-10-13T21:43:07.224+09:00 DEBUG 2284 --- [Shift Scheduler Demo] [           main] org.hibernate.SQL                        : delete from shift_assignments where id=?
Hibernate: delete from shift_assignments where id=?
2025-10-13T21:43:07.224+09:00 DEBUG 2284 --- [Shift Scheduler Demo] [           main] org.hibernate.SQL                        : delete from shift_assignments where id=?
Hibernate: delete from shift_assignments where id=?
2025-10-13T21:43:07.224+09:00 DEBUG 2284 --- [Shift Scheduler Demo] [           main] org.hibernate.SQL                        : delete from shift_assignments where id=?
Hibernate: delete from shift_assignments where id=?
2025-10-13T21:43:07.224+09:00 DEBUG 2284 --- [Shift Scheduler Demo] [           main] org.hibernate.SQL                        : delete from shift_assignments where id=?
Hibernate: delete from shift_assignments where id=?
2025-10-13T21:43:07.224+09:00 DEBUG 2284 --- [Shift Scheduler Demo] [           main] org.hibernate.SQL                        : delete from shift_assignments where id=?
Hibernate: delete from shift_assignments where id=?
2025-10-13T21:43:07.224+09:00 DEBUG 2284 --- [Shift Scheduler Demo] [           main] org.hibernate.SQL                        : delete from shift_assignments where id=?
Hibernate: delete from shift_assignments where id=?
2025-10-13T21:43:07.224+09:00 DEBUG 2284 --- [Shift Scheduler Demo] [           main] org.hibernate.SQL                        : delete from shift_assignments where id=?
Hibernate: delete from shift_assignments where id=?
2025-10-13T21:43:07.224+09:00 DEBUG 2284 --- [Shift Scheduler Demo] [           main] org.hibernate.SQL                        : delete from shift_assignments where id=?
Hibernate: delete from shift_assignments where id=?
2025-10-13T21:43:07.224+09:00 DEBUG 2284 --- [Shift Scheduler Demo] [           main] org.hibernate.SQL                        : delete from shift_assignments where id=?
Hibernate: delete from shift_assignments where id=?
2025-10-13T21:43:07.224+09:00 DEBUG 2284 --- [Shift Scheduler Demo] [           main] org.hibernate.SQL                        : delete from shift_assignments where id=?
Hibernate: delete from shift_assignments where id=?
2025-10-13T21:43:07.224+09:00 DEBUG 2284 --- [Shift Scheduler Demo] [           main] org.hibernate.SQL                        : delete from shift_assignments where id=?
Hibernate: delete from shift_assignments where id=?
2025-10-13T21:43:07.224+09:00 DEBUG 2284 --- [Shift Scheduler Demo] [           main] org.hibernate.SQL                        : delete from shift_assignments where id=?
Hibernate: delete from shift_assignments where id=?
2025-10-13T21:43:07.224+09:00 DEBUG 2284 --- [Shift Scheduler Demo] [           main] org.hibernate.SQL                        : delete from shift_assignments where id=?
Hibernate: delete from shift_assignments where id=?
2025-10-13T21:43:07.224+09:00 DEBUG 2284 --- [Shift Scheduler Demo] [           main] org.hibernate.SQL                        : delete from shift_assignments where id=?
Hibernate: delete from shift_assignments where id=?
2025-10-13T21:43:07.224+09:00 DEBUG 2284 --- [Shift Scheduler Demo] [           main] org.hibernate.SQL                        : delete from shift_assignments where id=?
Hibernate: delete from shift_assignments where id=?
2025-10-13T21:43:07.224+09:00 DEBUG 2284 --- [Shift Scheduler Demo] [           main] org.hibernate.SQL                        : delete from shift_assignments where id=?
Hibernate: delete from shift_assignments where id=?
2025-10-13T21:43:07.224+09:00 DEBUG 2284 --- [Shift Scheduler Demo] [           main] org.hibernate.SQL                        : delete from shift_assignments where id=?
Hibernate: delete from shift_assignments where id=?
2025-10-13T21:43:07.224+09:00 DEBUG 2284 --- [Shift Scheduler Demo] [           main] org.hibernate.SQL                        : delete from shift_assignments where id=?
Hibernate: delete from shift_assignments where id=?
2025-10-13T21:43:07.224+09:00 DEBUG 2284 --- [Shift Scheduler Demo] [           main] org.hibernate.SQL                        : delete from shift_assignments where id=?
Hibernate: delete from shift_assignments where id=?
2025-10-13T21:43:07.224+09:00 DEBUG 2284 --- [Shift Scheduler Demo] [           main] org.hibernate.SQL                        : delete from shift_assignments where id=?
Hibernate: delete from shift_assignments where id=?
2025-10-13T21:43:07.224+09:00 DEBUG 2284 --- [Shift Scheduler Demo] [           main] org.hibernate.SQL                        : delete from shift_assignments where id=?
Hibernate: delete from shift_assignments where id=?
2025-10-13T21:43:07.224+09:00 DEBUG 2284 --- [Shift Scheduler Demo] [           main] org.hibernate.SQL                        : delete from shift_assignments where id=?
Hibernate: delete from shift_assignments where id=?
2025-10-13T21:43:07.228+09:00 DEBUG 2284 --- [Shift Scheduler Demo] [           main] org.hibernate.SQL                        : delete from shift_assignments where id=?
Hibernate: delete from shift_assignments where id=?
2025-10-13T21:43:07.229+09:00 DEBUG 2284 --- [Shift Scheduler Demo] [           main] org.hibernate.SQL                        : delete from shift_assignments where id=?
Hibernate: delete from shift_assignments where id=?
2025-10-13T21:43:07.229+09:00 DEBUG 2284 --- [Shift Scheduler Demo] [           main] org.hibernate.SQL                        : delete from shift_assignments where id=?
Hibernate: delete from shift_assignments where id=?
2025-10-13T21:43:07.229+09:00 DEBUG 2284 --- [Shift Scheduler Demo] [           main] org.hibernate.SQL                        : delete from shift_assignments where id=?
Hibernate: delete from shift_assignments where id=?
2025-10-13T21:43:07.229+09:00 DEBUG 2284 --- [Shift Scheduler Demo] [           main] org.hibernate.SQL                        : delete from shift_assignments where id=?
Hibernate: delete from shift_assignments where id=?
2025-10-13T21:43:07.230+09:00 DEBUG 2284 --- [Shift Scheduler Demo] [           main] org.hibernate.SQL                        : delete from shift_assignments where id=?
Hibernate: delete from shift_assignments where id=?
2025-10-13T21:43:07.230+09:00 DEBUG 2284 --- [Shift Scheduler Demo] [           main] org.hibernate.SQL                        : delete from shift_assignments where id=?
Hibernate: delete from shift_assignments where id=?
2025-10-13T21:43:07.230+09:00 DEBUG 2284 --- [Shift Scheduler Demo] [           main] org.hibernate.SQL                        : delete from shift_assignments where id=?
Hibernate: delete from shift_assignments where id=?
2025-10-13T21:43:07.230+09:00 DEBUG 2284 --- [Shift Scheduler Demo] [           main] org.hibernate.SQL                        : delete from shift_assignments where id=?
Hibernate: delete from shift_assignments where id=?
2025-10-13T21:43:07.230+09:00 DEBUG 2284 --- [Shift Scheduler Demo] [           main] org.hibernate.SQL                        : delete from shift_assignments where id=?
Hibernate: delete from shift_assignments where id=?
2025-10-13T21:43:07.230+09:00 DEBUG 2284 --- [Shift Scheduler Demo] [           main] org.hibernate.SQL                        : delete from shift_assignments where id=?
Hibernate: delete from shift_assignments where id=?
2025-10-13T21:43:07.230+09:00 DEBUG 2284 --- [Shift Scheduler Demo] [           main] org.hibernate.SQL                        : delete from shift_assignments where id=?
Hibernate: delete from shift_assignments where id=?
2025-10-13T21:43:07.230+09:00 DEBUG 2284 --- [Shift Scheduler Demo] [           main] org.hibernate.SQL                        : delete from shift_assignments where id=?
Hibernate: delete from shift_assignments where id=?
2025-10-13T21:43:07.230+09:00 DEBUG 2284 --- [Shift Scheduler Demo] [           main] org.hibernate.SQL                        : delete from shift_assignments where id=?
Hibernate: delete from shift_assignments where id=?
2025-10-13T21:43:07.230+09:00 DEBUG 2284 --- [Shift Scheduler Demo] [           main] org.hibernate.SQL                        : delete from shift_assignments where id=?
Hibernate: delete from shift_assignments where id=?
2025-10-13T21:43:07.230+09:00 DEBUG 2284 --- [Shift Scheduler Demo] [           main] org.hibernate.SQL                        : delete from shift_assignments where id=?
Hibernate: delete from shift_assignments where id=?
2025-10-13T21:43:07.230+09:00 DEBUG 2284 --- [Shift Scheduler Demo] [           main] org.hibernate.SQL                        : delete from shift_assignments where id=?
Hibernate: delete from shift_assignments where id=?
2025-10-13T21:43:07.230+09:00 DEBUG 2284 --- [Shift Scheduler Demo] [           main] org.hibernate.SQL                        : delete from shift_assignments where id=?
Hibernate: delete from shift_assignments where id=?
2025-10-13T21:43:07.230+09:00 DEBUG 2284 --- [Shift Scheduler Demo] [           main] org.hibernate.SQL                        : delete from shift_assignments where id=?
Hibernate: delete from shift_assignments where id=?
2025-10-13T21:43:07.230+09:00 DEBUG 2284 --- [Shift Scheduler Demo] [           main] org.hibernate.SQL                        : delete from shift_assignments where id=?
Hibernate: delete from shift_assignments where id=?
2025-10-13T21:43:07.231+09:00 DEBUG 2284 --- [Shift Scheduler Demo] [           main] org.hibernate.SQL                        : delete from shift_assignments where id=?
Hibernate: delete from shift_assignments where id=?
2025-10-13T21:43:07.231+09:00 DEBUG 2284 --- [Shift Scheduler Demo] [           main] org.hibernate.SQL                        : delete from shift_assignments where id=?
Hibernate: delete from shift_assignments where id=?
2025-10-13T21:43:07.231+09:00 DEBUG 2284 --- [Shift Scheduler Demo] [           main] org.hibernate.SQL                        : delete from shift_assignments where id=?
Hibernate: delete from shift_assignments where id=?
2025-10-13T21:43:07.231+09:00 DEBUG 2284 --- [Shift Scheduler Demo] [           main] org.hibernate.SQL                        : delete from shift_assignments where id=?
Hibernate: delete from shift_assignments where id=?
2025-10-13T21:43:07.231+09:00 DEBUG 2284 --- [Shift Scheduler Demo] [           main] org.hibernate.SQL                        : delete from shift_assignments where id=?
Hibernate: delete from shift_assignments where id=?
2025-10-13T21:43:07.231+09:00 DEBUG 2284 --- [Shift Scheduler Demo] [           main] org.hibernate.SQL                        : delete from shift_assignments where id=?
Hibernate: delete from shift_assignments where id=?
2025-10-13T21:43:07.231+09:00 DEBUG 2284 --- [Shift Scheduler Demo] [           main] org.hibernate.SQL                        : delete from shift_assignments where id=?
Hibernate: delete from shift_assignments where id=?
2025-10-13T21:43:07.231+09:00 DEBUG 2284 --- [Shift Scheduler Demo] [           main] org.hibernate.SQL                        : delete from shift_assignments where id=?
Hibernate: delete from shift_assignments where id=?
2025-10-13T21:43:07.231+09:00 DEBUG 2284 --- [Shift Scheduler Demo] [           main] org.hibernate.SQL                        : delete from shift_assignments where id=?
Hibernate: delete from shift_assignments where id=?
2025-10-13T21:43:07.231+09:00 DEBUG 2284 --- [Shift Scheduler Demo] [           main] org.hibernate.SQL                        : delete from shift_assignments where id=?
Hibernate: delete from shift_assignments where id=?
2025-10-13T21:43:07.231+09:00 DEBUG 2284 --- [Shift Scheduler Demo] [           main] org.hibernate.SQL                        : delete from shift_assignments where id=?
Hibernate: delete from shift_assignments where id=?
2025-10-13T21:43:07.231+09:00 DEBUG 2284 --- [Shift Scheduler Demo] [           main] org.hibernate.SQL                        : delete from shift_assignments where id=?
Hibernate: delete from shift_assignments where id=?
2025-10-13T21:43:07.231+09:00 DEBUG 2284 --- [Shift Scheduler Demo] [           main] org.hibernate.SQL                        : delete from shift_assignments where id=?
Hibernate: delete from shift_assignments where id=?
2025-10-13T21:43:07.231+09:00 DEBUG 2284 --- [Shift Scheduler Demo] [           main] org.hibernate.SQL                        : delete from shift_assignments where id=?
Hibernate: delete from shift_assignments where id=?
2025-10-13T21:43:07.231+09:00 DEBUG 2284 --- [Shift Scheduler Demo] [           main] org.hibernate.SQL                        : delete from shift_assignments where id=?
Hibernate: delete from shift_assignments where id=?
2025-10-13T21:43:07.231+09:00 DEBUG 2284 --- [Shift Scheduler Demo] [           main] org.hibernate.SQL                        : delete from shift_assignments where id=?
Hibernate: delete from shift_assignments where id=?
2025-10-13T21:43:07.231+09:00 DEBUG 2284 --- [Shift Scheduler Demo] [           main] org.hibernate.SQL                        : delete from shift_assignments where id=?
Hibernate: delete from shift_assignments where id=?
2025-10-13T21:43:07.232+09:00 DEBUG 2284 --- [Shift Scheduler Demo] [           main] org.hibernate.SQL                        : delete from shift_assignments where id=?
Hibernate: delete from shift_assignments where id=?
2025-10-13T21:43:07.232+09:00 DEBUG 2284 --- [Shift Scheduler Demo] [           main] org.hibernate.SQL                        : delete from shift_assignments where id=?
Hibernate: delete from shift_assignments where id=?
2025-10-13T21:43:07.232+09:00 DEBUG 2284 --- [Shift Scheduler Demo] [           main] org.hibernate.SQL                        : delete from shift_assignments where id=?
Hibernate: delete from shift_assignments where id=?
2025-10-13T21:43:07.232+09:00 DEBUG 2284 --- [Shift Scheduler Demo] [           main] org.hibernate.SQL                        : delete from shift_assignments where id=?
Hibernate: delete from shift_assignments where id=?
2025-10-13T21:43:07.232+09:00 DEBUG 2284 --- [Shift Scheduler Demo] [           main] org.hibernate.SQL                        : delete from shift_assignments where id=?
Hibernate: delete from shift_assignments where id=?
2025-10-13T21:43:07.232+09:00 DEBUG 2284 --- [Shift Scheduler Demo] [           main] org.hibernate.SQL                        : delete from shift_assignments where id=?
Hibernate: delete from shift_assignments where id=?
2025-10-13T21:43:07.232+09:00 DEBUG 2284 --- [Shift Scheduler Demo] [           main] org.hibernate.SQL                        : delete from shift_assignments where id=?
Hibernate: delete from shift_assignments where id=?
2025-10-13T21:43:07.232+09:00 DEBUG 2284 --- [Shift Scheduler Demo] [           main] org.hibernate.SQL                        : delete from shift_assignments where id=?
Hibernate: delete from shift_assignments where id=?
2025-10-13T21:43:07.232+09:00 DEBUG 2284 --- [Shift Scheduler Demo] [           main] org.hibernate.SQL                        : delete from shift_assignments where id=?
Hibernate: delete from shift_assignments where id=?
2025-10-13T21:43:07.232+09:00 DEBUG 2284 --- [Shift Scheduler Demo] [           main] org.hibernate.SQL                        : delete from shift_assignments where id=?
Hibernate: delete from shift_assignments where id=?
2025-10-13T21:43:07.232+09:00 DEBUG 2284 --- [Shift Scheduler Demo] [           main] org.hibernate.SQL                        : delete from shift_assignments where id=?
Hibernate: delete from shift_assignments where id=?
2025-10-13T21:43:07.232+09:00 DEBUG 2284 --- [Shift Scheduler Demo] [           main] org.hibernate.SQL                        : delete from shift_assignments where id=?
Hibernate: delete from shift_assignments where id=?
2025-10-13T21:43:07.232+09:00 DEBUG 2284 --- [Shift Scheduler Demo] [           main] org.hibernate.SQL                        : delete from shift_assignments where id=?
Hibernate: delete from shift_assignments where id=?
2025-10-13T21:43:07.232+09:00 DEBUG 2284 --- [Shift Scheduler Demo] [           main] org.hibernate.SQL                        : delete from shift_assignments where id=?
Hibernate: delete from shift_assignments where id=?
2025-10-13T21:43:07.232+09:00 DEBUG 2284 --- [Shift Scheduler Demo] [           main] org.hibernate.SQL                        : delete from shift_assignments where id=?
Hibernate: delete from shift_assignments where id=?
2025-10-13T21:43:07.232+09:00 DEBUG 2284 --- [Shift Scheduler Demo] [           main] org.hibernate.SQL                        : delete from shift_assignments where id=?
Hibernate: delete from shift_assignments where id=?
2025-10-13T21:43:07.232+09:00 DEBUG 2284 --- [Shift Scheduler Demo] [           main] org.hibernate.SQL                        : delete from shift_assignments where id=?
Hibernate: delete from shift_assignments where id=?
2025-10-13T21:43:07.232+09:00 DEBUG 2284 --- [Shift Scheduler Demo] [           main] org.hibernate.SQL                        : delete from shift_assignments where id=?
Hibernate: delete from shift_assignments where id=?
2025-10-13T21:43:07.232+09:00 DEBUG 2284 --- [Shift Scheduler Demo] [           main] org.hibernate.SQL                        : delete from shift_assignments where id=?
Hibernate: delete from shift_assignments where id=?
2025-10-13T21:43:07.233+09:00 DEBUG 2284 --- [Shift Scheduler Demo] [           main] org.hibernate.SQL                        : delete from shift_assignments where id=?
Hibernate: delete from shift_assignments where id=?
2025-10-13T21:43:07.233+09:00 DEBUG 2284 --- [Shift Scheduler Demo] [           main] org.hibernate.SQL                        : delete from shift_assignments where id=?
Hibernate: delete from shift_assignments where id=?
2025-10-13T21:43:07.233+09:00 DEBUG 2284 --- [Shift Scheduler Demo] [           main] org.hibernate.SQL                        : delete from shift_assignments where id=?
Hibernate: delete from shift_assignments where id=?
2025-10-13T21:43:07.233+09:00 DEBUG 2284 --- [Shift Scheduler Demo] [           main] org.hibernate.SQL                        : delete from shift_assignments where id=?
Hibernate: delete from shift_assignments where id=?
2025-10-13T21:43:07.233+09:00 DEBUG 2284 --- [Shift Scheduler Demo] [           main] org.hibernate.SQL                        : delete from shift_assignments where id=?
Hibernate: delete from shift_assignments where id=?
2025-10-13T21:43:07.233+09:00 DEBUG 2284 --- [Shift Scheduler Demo] [           main] org.hibernate.SQL                        : delete from shift_assignments where id=?
Hibernate: delete from shift_assignments where id=?
2025-10-13T21:43:07.233+09:00 DEBUG 2284 --- [Shift Scheduler Demo] [           main] org.hibernate.SQL                        : delete from shift_assignments where id=?
Hibernate: delete from shift_assignments where id=?
2025-10-13T21:43:07.233+09:00 DEBUG 2284 --- [Shift Scheduler Demo] [           main] org.hibernate.SQL                        : delete from shift_assignments where id=?
Hibernate: delete from shift_assignments where id=?
2025-10-13T21:43:07.233+09:00 DEBUG 2284 --- [Shift Scheduler Demo] [           main] org.hibernate.SQL                        : delete from shift_assignments where id=?
Hibernate: delete from shift_assignments where id=?
2025-10-13T21:43:07.233+09:00 DEBUG 2284 --- [Shift Scheduler Demo] [           main] org.hibernate.SQL                        : delete from shift_assignments where id=?
Hibernate: delete from shift_assignments where id=?
2025-10-13T21:43:07.233+09:00 DEBUG 2284 --- [Shift Scheduler Demo] [           main] org.hibernate.SQL                        : delete from shift_assignments where id=?
Hibernate: delete from shift_assignments where id=?
2025-10-13T21:43:07.233+09:00 DEBUG 2284 --- [Shift Scheduler Demo] [           main] org.hibernate.SQL                        : delete from shift_assignments where id=?
Hibernate: delete from shift_assignments where id=?
2025-10-13T21:43:07.233+09:00 DEBUG 2284 --- [Shift Scheduler Demo] [           main] org.hibernate.SQL                        : delete from shift_assignments where id=?
Hibernate: delete from shift_assignments where id=?
2025-10-13T21:43:07.233+09:00 DEBUG 2284 --- [Shift Scheduler Demo] [           main] org.hibernate.SQL                        : delete from shift_assignments where id=?
Hibernate: delete from shift_assignments where id=?
2025-10-13T21:43:07.233+09:00 DEBUG 2284 --- [Shift Scheduler Demo] [           main] org.hibernate.SQL                        : delete from shift_assignments where id=?
Hibernate: delete from shift_assignments where id=?
2025-10-13T21:43:07.233+09:00 DEBUG 2284 --- [Shift Scheduler Demo] [           main] org.hibernate.SQL                        : delete from shift_assignments where id=?
Hibernate: delete from shift_assignments where id=?
2025-10-13T21:43:07.233+09:00 DEBUG 2284 --- [Shift Scheduler Demo] [           main] org.hibernate.SQL                        : delete from shift_assignments where id=?
Hibernate: delete from shift_assignments where id=?
2025-10-13T21:43:07.233+09:00 DEBUG 2284 --- [Shift Scheduler Demo] [           main] org.hibernate.SQL                        : delete from shift_assignments where id=?
Hibernate: delete from shift_assignments where id=?
2025-10-13T21:43:07.234+09:00 DEBUG 2284 --- [Shift Scheduler Demo] [           main] org.hibernate.SQL                        : delete from shift_assignments where id=?
Hibernate: delete from shift_assignments where id=?
2025-10-13T21:43:07.234+09:00 DEBUG 2284 --- [Shift Scheduler Demo] [           main] org.hibernate.SQL                        : delete from shift_assignments where id=?
Hibernate: delete from shift_assignments where id=?
2025-10-13T21:43:07.234+09:00 DEBUG 2284 --- [Shift Scheduler Demo] [           main] org.hibernate.SQL                        : delete from shift_assignments where id=?
Hibernate: delete from shift_assignments where id=?
2025-10-13T21:43:07.234+09:00 DEBUG 2284 --- [Shift Scheduler Demo] [           main] org.hibernate.SQL                        : delete from shift_assignments where id=?
Hibernate: delete from shift_assignments where id=?
2025-10-13T21:43:07.234+09:00 DEBUG 2284 --- [Shift Scheduler Demo] [           main] org.hibernate.SQL                        : delete from shift_assignments where id=?
Hibernate: delete from shift_assignments where id=?
2025-10-13T21:43:07.234+09:00 DEBUG 2284 --- [Shift Scheduler Demo] [           main] org.hibernate.SQL                        : delete from shift_assignments where id=?
Hibernate: delete from shift_assignments where id=?
2025-10-13T21:43:07.234+09:00 DEBUG 2284 --- [Shift Scheduler Demo] [           main] org.hibernate.SQL                        : delete from shift_assignments where id=?
Hibernate: delete from shift_assignments where id=?
2025-10-13T21:43:07.234+09:00 DEBUG 2284 --- [Shift Scheduler Demo] [           main] org.hibernate.SQL                        : delete from shift_assignments where id=?
Hibernate: delete from shift_assignments where id=?
2025-10-13T21:43:07.234+09:00 DEBUG 2284 --- [Shift Scheduler Demo] [           main] org.hibernate.SQL                        : delete from shift_assignments where id=?
Hibernate: delete from shift_assignments where id=?
2025-10-13T21:43:07.234+09:00 DEBUG 2284 --- [Shift Scheduler Demo] [           main] org.hibernate.SQL                        : delete from shift_assignments where id=?
Hibernate: delete from shift_assignments where id=?
2025-10-13T21:43:07.234+09:00 DEBUG 2284 --- [Shift Scheduler Demo] [           main] org.hibernate.SQL                        : delete from shift_assignments where id=?
Hibernate: delete from shift_assignments where id=?
2025-10-13T21:43:07.274+09:00 DEBUG 2284 --- [Shift Scheduler Demo] [           main] org.hibernate.SQL                        : delete from shift_assignments where id=?
Hibernate: delete from shift_assignments where id=?
2025-10-13T21:43:07.276+09:00 DEBUG 2284 --- [Shift Scheduler Demo] [           main] org.hibernate.SQL                        : delete from shift_assignments where id=?
Hibernate: delete from shift_assignments where id=?
2025-10-13T21:43:07.276+09:00 DEBUG 2284 --- [Shift Scheduler Demo] [           main] org.hibernate.SQL                        : delete from shift_assignments where id=?
Hibernate: delete from shift_assignments where id=?
2025-10-13T21:43:07.276+09:00 DEBUG 2284 --- [Shift Scheduler Demo] [           main] org.hibernate.SQL                        : delete from shift_assignments where id=?
Hibernate: delete from shift_assignments where id=?
2025-10-13T21:43:07.276+09:00 DEBUG 2284 --- [Shift Scheduler Demo] [           main] org.hibernate.SQL                        : delete from shift_assignments where id=?
Hibernate: delete from shift_assignments where id=?
2025-10-13T21:43:07.276+09:00 DEBUG 2284 --- [Shift Scheduler Demo] [           main] org.hibernate.SQL                        : delete from shift_assignments where id=?
Hibernate: delete from shift_assignments where id=?
2025-10-13T21:43:07.276+09:00 DEBUG 2284 --- [Shift Scheduler Demo] [           main] org.hibernate.SQL                        : delete from shift_assignments where id=?
Hibernate: delete from shift_assignments where id=?
2025-10-13T21:43:07.276+09:00 DEBUG 2284 --- [Shift Scheduler Demo] [           main] org.hibernate.SQL                        : delete from shift_assignments where id=?
Hibernate: delete from shift_assignments where id=?
2025-10-13T21:43:07.276+09:00 DEBUG 2284 --- [Shift Scheduler Demo] [           main] org.hibernate.SQL                        : delete from shift_assignments where id=?
Hibernate: delete from shift_assignments where id=?
2025-10-13T21:43:07.276+09:00 DEBUG 2284 --- [Shift Scheduler Demo] [           main] org.hibernate.SQL                        : delete from shift_assignments where id=?
Hibernate: delete from shift_assignments where id=?
2025-10-13T21:43:07.276+09:00 DEBUG 2284 --- [Shift Scheduler Demo] [           main] org.hibernate.SQL                        : delete from shift_assignments where id=?
Hibernate: delete from shift_assignments where id=?
2025-10-13T21:43:07.276+09:00 DEBUG 2284 --- [Shift Scheduler Demo] [           main] org.hibernate.SQL                        : delete from shift_assignments where id=?
Hibernate: delete from shift_assignments where id=?
2025-10-13T21:43:07.276+09:00 DEBUG 2284 --- [Shift Scheduler Demo] [           main] org.hibernate.SQL                        : delete from shift_assignments where id=?
Hibernate: delete from shift_assignments where id=?
2025-10-13T21:43:07.276+09:00 DEBUG 2284 --- [Shift Scheduler Demo] [           main] org.hibernate.SQL                        : delete from shift_assignments where id=?
Hibernate: delete from shift_assignments where id=?
2025-10-13T21:43:07.276+09:00 DEBUG 2284 --- [Shift Scheduler Demo] [           main] org.hibernate.SQL                        : delete from shift_assignments where id=?
Hibernate: delete from shift_assignments where id=?
2025-10-13T21:43:07.276+09:00 DEBUG 2284 --- [Shift Scheduler Demo] [           main] org.hibernate.SQL                        : delete from shift_assignments where id=?
Hibernate: delete from shift_assignments where id=?
2025-10-13T21:43:07.276+09:00 DEBUG 2284 --- [Shift Scheduler Demo] [           main] org.hibernate.SQL                        : delete from shift_assignments where id=?
Hibernate: delete from shift_assignments where id=?
2025-10-13T21:43:07.276+09:00 DEBUG 2284 --- [Shift Scheduler Demo] [           main] org.hibernate.SQL                        : delete from shift_assignments where id=?
Hibernate: delete from shift_assignments where id=?
2025-10-13T21:43:07.276+09:00 DEBUG 2284 --- [Shift Scheduler Demo] [           main] org.hibernate.SQL                        : delete from shift_assignments where id=?
Hibernate: delete from shift_assignments where id=?
2025-10-13T21:43:07.276+09:00 DEBUG 2284 --- [Shift Scheduler Demo] [           main] org.hibernate.SQL                        : delete from shift_assignments where id=?
Hibernate: delete from shift_assignments where id=?
2025-10-13T21:43:07.276+09:00 DEBUG 2284 --- [Shift Scheduler Demo] [           main] org.hibernate.SQL                        : delete from shift_assignments where id=?
Hibernate: delete from shift_assignments where id=?
2025-10-13T21:43:07.276+09:00 DEBUG 2284 --- [Shift Scheduler Demo] [           main] org.hibernate.SQL                        : delete from shift_assignments where id=?
Hibernate: delete from shift_assignments where id=?
2025-10-13T21:43:07.276+09:00 DEBUG 2284 --- [Shift Scheduler Demo] [           main] org.hibernate.SQL                        : delete from shift_assignments where id=?
Hibernate: delete from shift_assignments where id=?
2025-10-13T21:43:07.276+09:00 DEBUG 2284 --- [Shift Scheduler Demo] [           main] org.hibernate.SQL                        : delete from shift_assignments where id=?
Hibernate: delete from shift_assignments where id=?
2025-10-13T21:43:07.276+09:00 DEBUG 2284 --- [Shift Scheduler Demo] [           main] org.hibernate.SQL                        : delete from shift_assignments where id=?
Hibernate: delete from shift_assignments where id=?
2025-10-13T21:43:07.276+09:00 DEBUG 2284 --- [Shift Scheduler Demo] [           main] org.hibernate.SQL                        : delete from shift_assignments where id=?
Hibernate: delete from shift_assignments where id=?
2025-10-13T21:43:07.276+09:00 DEBUG 2284 --- [Shift Scheduler Demo] [           main] org.hibernate.SQL                        : delete from shift_assignments where id=?
Hibernate: delete from shift_assignments where id=?
2025-10-13T21:43:07.276+09:00 DEBUG 2284 --- [Shift Scheduler Demo] [           main] org.hibernate.SQL                        : delete from shift_assignments where id=?
Hibernate: delete from shift_assignments where id=?
2025-10-13T21:43:07.276+09:00 DEBUG 2284 --- [Shift Scheduler Demo] [           main] org.hibernate.SQL                        : delete from shift_assignments where id=?
Hibernate: delete from shift_assignments where id=?
2025-10-13T21:43:07.276+09:00 DEBUG 2284 --- [Shift Scheduler Demo] [           main] org.hibernate.SQL                        : delete from shift_assignments where id=?
Hibernate: delete from shift_assignments where id=?
2025-10-13T21:43:07.276+09:00 DEBUG 2284 --- [Shift Scheduler Demo] [           main] org.hibernate.SQL                        : delete from shift_assignments where id=?
Hibernate: delete from shift_assignments where id=?
2025-10-13T21:43:07.276+09:00 DEBUG 2284 --- [Shift Scheduler Demo] [           main] org.hibernate.SQL                        : delete from shift_assignments where id=?
Hibernate: delete from shift_assignments where id=?
2025-10-13T21:43:07.276+09:00 DEBUG 2284 --- [Shift Scheduler Demo] [           main] org.hibernate.SQL                        : delete from shift_assignments where id=?
Hibernate: delete from shift_assignments where id=?
2025-10-13T21:43:07.276+09:00 DEBUG 2284 --- [Shift Scheduler Demo] [           main] org.hibernate.SQL                        : delete from shift_assignments where id=?
Hibernate: delete from shift_assignments where id=?
2025-10-13T21:43:07.276+09:00 DEBUG 2284 --- [Shift Scheduler Demo] [           main] org.hibernate.SQL                        : delete from shift_assignments where id=?
Hibernate: delete from shift_assignments where id=?
2025-10-13T21:43:07.276+09:00 DEBUG 2284 --- [Shift Scheduler Demo] [           main] org.hibernate.SQL                        : delete from shift_assignments where id=?
Hibernate: delete from shift_assignments where id=?
2025-10-13T21:43:07.276+09:00 DEBUG 2284 --- [Shift Scheduler Demo] [           main] org.hibernate.SQL                        : delete from shift_assignments where id=?
Hibernate: delete from shift_assignments where id=?
2025-10-13T21:43:07.276+09:00 DEBUG 2284 --- [Shift Scheduler Demo] [           main] org.hibernate.SQL                        : delete from shift_assignments where id=?
Hibernate: delete from shift_assignments where id=?
2025-10-13T21:43:07.277+09:00 DEBUG 2284 --- [Shift Scheduler Demo] [           main] org.hibernate.SQL                        : delete from shift_assignments where id=?
Hibernate: delete from shift_assignments where id=?
2025-10-13T21:43:07.277+09:00 DEBUG 2284 --- [Shift Scheduler Demo] [           main] org.hibernate.SQL                        : delete from shift_assignments where id=?
Hibernate: delete from shift_assignments where id=?
2025-10-13T21:43:07.277+09:00 DEBUG 2284 --- [Shift Scheduler Demo] [           main] org.hibernate.SQL                        : delete from shift_assignments where id=?
Hibernate: delete from shift_assignments where id=?
2025-10-13T21:43:07.277+09:00 DEBUG 2284 --- [Shift Scheduler Demo] [           main] org.hibernate.SQL                        : delete from shift_assignments where id=?
Hibernate: delete from shift_assignments where id=?
2025-10-13T21:43:07.277+09:00 DEBUG 2284 --- [Shift Scheduler Demo] [           main] org.hibernate.SQL                        : delete from shift_assignments where id=?
Hibernate: delete from shift_assignments where id=?
2025-10-13T21:43:07.277+09:00 DEBUG 2284 --- [Shift Scheduler Demo] [           main] org.hibernate.SQL                        : delete from shift_assignments where id=?
Hibernate: delete from shift_assignments where id=?
2025-10-13T21:43:07.277+09:00 DEBUG 2284 --- [Shift Scheduler Demo] [           main] org.hibernate.SQL                        : delete from shift_assignments where id=?
Hibernate: delete from shift_assignments where id=?
2025-10-13T21:43:07.277+09:00 DEBUG 2284 --- [Shift Scheduler Demo] [           main] org.hibernate.SQL                        : delete from shift_assignments where id=?
Hibernate: delete from shift_assignments where id=?
2025-10-13T21:43:07.277+09:00 DEBUG 2284 --- [Shift Scheduler Demo] [           main] org.hibernate.SQL                        : delete from shift_assignments where id=?
Hibernate: delete from shift_assignments where id=?
2025-10-13T21:43:07.277+09:00 DEBUG 2284 --- [Shift Scheduler Demo] [           main] org.hibernate.SQL                        : delete from shift_assignments where id=?
Hibernate: delete from shift_assignments where id=?
2025-10-13T21:43:07.277+09:00 DEBUG 2284 --- [Shift Scheduler Demo] [           main] org.hibernate.SQL                        : delete from shift_assignments where id=?
Hibernate: delete from shift_assignments where id=?
2025-10-13T21:43:07.277+09:00 DEBUG 2284 --- [Shift Scheduler Demo] [           main] org.hibernate.SQL                        : delete from shift_assignments where id=?
Hibernate: delete from shift_assignments where id=?
2025-10-13T21:43:07.277+09:00 DEBUG 2284 --- [Shift Scheduler Demo] [           main] org.hibernate.SQL                        : delete from shift_assignments where id=?
Hibernate: delete from shift_assignments where id=?
2025-10-13T21:43:07.277+09:00 DEBUG 2284 --- [Shift Scheduler Demo] [           main] org.hibernate.SQL                        : delete from shift_assignments where id=?
Hibernate: delete from shift_assignments where id=?
2025-10-13T21:43:07.277+09:00 DEBUG 2284 --- [Shift Scheduler Demo] [           main] org.hibernate.SQL                        : delete from shift_assignments where id=?
Hibernate: delete from shift_assignments where id=?
2025-10-13T21:43:07.277+09:00 DEBUG 2284 --- [Shift Scheduler Demo] [           main] org.hibernate.SQL                        : delete from shift_assignments where id=?
Hibernate: delete from shift_assignments where id=?
2025-10-13T21:43:07.277+09:00 DEBUG 2284 --- [Shift Scheduler Demo] [           main] org.hibernate.SQL                        : delete from shift_assignments where id=?
Hibernate: delete from shift_assignments where id=?
2025-10-13T21:43:07.277+09:00 DEBUG 2284 --- [Shift Scheduler Demo] [           main] org.hibernate.SQL                        : delete from shift_assignments where id=?
Hibernate: delete from shift_assignments where id=?
2025-10-13T21:43:07.277+09:00 DEBUG 2284 --- [Shift Scheduler Demo] [           main] org.hibernate.SQL                        : delete from shift_assignments where id=?
Hibernate: delete from shift_assignments where id=?
2025-10-13T21:43:07.277+09:00 DEBUG 2284 --- [Shift Scheduler Demo] [           main] org.hibernate.SQL                        : delete from shift_assignments where id=?
Hibernate: delete from shift_assignments where id=?
2025-10-13T21:43:07.277+09:00 DEBUG 2284 --- [Shift Scheduler Demo] [           main] org.hibernate.SQL                        : delete from shift_assignments where id=?
Hibernate: delete from shift_assignments where id=?
2025-10-13T21:43:07.277+09:00 DEBUG 2284 --- [Shift Scheduler Demo] [           main] org.hibernate.SQL                        : delete from shift_assignments where id=?
Hibernate: delete from shift_assignments where id=?
2025-10-13T21:43:07.278+09:00 DEBUG 2284 --- [Shift Scheduler Demo] [           main] org.hibernate.SQL                        : delete from shift_assignments where id=?
Hibernate: delete from shift_assignments where id=?
2025-10-13T21:43:07.278+09:00 DEBUG 2284 --- [Shift Scheduler Demo] [           main] org.hibernate.SQL                        : delete from shift_assignments where id=?
Hibernate: delete from shift_assignments where id=?
2025-10-13T21:43:07.278+09:00 DEBUG 2284 --- [Shift Scheduler Demo] [           main] org.hibernate.SQL                        : delete from shift_assignments where id=?
Hibernate: delete from shift_assignments where id=?
2025-10-13T21:43:07.278+09:00 DEBUG 2284 --- [Shift Scheduler Demo] [           main] org.hibernate.SQL                        : delete from shift_assignments where id=?
Hibernate: delete from shift_assignments where id=?
2025-10-13T21:43:07.278+09:00 DEBUG 2284 --- [Shift Scheduler Demo] [           main] org.hibernate.SQL                        : delete from shift_assignments where id=?
Hibernate: delete from shift_assignments where id=?
2025-10-13T21:43:07.278+09:00 DEBUG 2284 --- [Shift Scheduler Demo] [           main] org.hibernate.SQL                        : delete from shift_assignments where id=?
Hibernate: delete from shift_assignments where id=?
2025-10-13T21:43:07.278+09:00 DEBUG 2284 --- [Shift Scheduler Demo] [           main] org.hibernate.SQL                        : delete from shift_assignments where id=?
Hibernate: delete from shift_assignments where id=?
2025-10-13T21:43:07.278+09:00 DEBUG 2284 --- [Shift Scheduler Demo] [           main] org.hibernate.SQL                        : delete from shift_assignments where id=?
Hibernate: delete from shift_assignments where id=?
2025-10-13T21:43:07.278+09:00 DEBUG 2284 --- [Shift Scheduler Demo] [           main] org.hibernate.SQL                        : delete from shift_assignments where id=?
Hibernate: delete from shift_assignments where id=?
2025-10-13T21:43:07.278+09:00 DEBUG 2284 --- [Shift Scheduler Demo] [           main] org.hibernate.SQL                        : delete from shift_assignments where id=?
Hibernate: delete from shift_assignments where id=?
2025-10-13T21:43:07.278+09:00 DEBUG 2284 --- [Shift Scheduler Demo] [           main] org.hibernate.SQL                        : delete from shift_assignments where id=?
Hibernate: delete from shift_assignments where id=?
2025-10-13T21:43:07.278+09:00 DEBUG 2284 --- [Shift Scheduler Demo] [           main] org.hibernate.SQL                        : delete from shift_assignments where id=?
Hibernate: delete from shift_assignments where id=?
2025-10-13T21:43:07.278+09:00 DEBUG 2284 --- [Shift Scheduler Demo] [           main] org.hibernate.SQL                        : delete from shift_assignments where id=?
Hibernate: delete from shift_assignments where id=?
2025-10-13T21:43:07.278+09:00 DEBUG 2284 --- [Shift Scheduler Demo] [           main] org.hibernate.SQL                        : delete from shift_assignments where id=?
Hibernate: delete from shift_assignments where id=?
2025-10-13T21:43:07.278+09:00 DEBUG 2284 --- [Shift Scheduler Demo] [           main] org.hibernate.SQL                        : delete from shift_assignments where id=?
Hibernate: delete from shift_assignments where id=?
2025-10-13T21:43:07.278+09:00 DEBUG 2284 --- [Shift Scheduler Demo] [           main] org.hibernate.SQL                        : delete from shift_assignments where id=?
Hibernate: delete from shift_assignments where id=?
2025-10-13T21:43:07.278+09:00 DEBUG 2284 --- [Shift Scheduler Demo] [           main] org.hibernate.SQL                        : delete from shift_assignments where id=?
Hibernate: delete from shift_assignments where id=?
2025-10-13T21:43:07.278+09:00 DEBUG 2284 --- [Shift Scheduler Demo] [           main] org.hibernate.SQL                        : delete from shift_assignments where id=?
Hibernate: delete from shift_assignments where id=?
2025-10-13T21:43:07.278+09:00 DEBUG 2284 --- [Shift Scheduler Demo] [           main] org.hibernate.SQL                        : delete from shift_assignments where id=?
Hibernate: delete from shift_assignments where id=?
2025-10-13T21:43:07.278+09:00 DEBUG 2284 --- [Shift Scheduler Demo] [           main] org.hibernate.SQL                        : delete from shift_assignments where id=?
Hibernate: delete from shift_assignments where id=?
2025-10-13T21:43:07.278+09:00 DEBUG 2284 --- [Shift Scheduler Demo] [           main] org.hibernate.SQL                        : delete from shift_assignments where id=?
Hibernate: delete from shift_assignments where id=?
2025-10-13T21:43:07.278+09:00 DEBUG 2284 --- [Shift Scheduler Demo] [           main] org.hibernate.SQL                        : delete from shift_assignments where id=?
Hibernate: delete from shift_assignments where id=?
2025-10-13T21:43:07.278+09:00 DEBUG 2284 --- [Shift Scheduler Demo] [           main] org.hibernate.SQL                        : delete from shift_assignments where id=?
Hibernate: delete from shift_assignments where id=?
2025-10-13T21:43:07.278+09:00 DEBUG 2284 --- [Shift Scheduler Demo] [           main] org.hibernate.SQL                        : delete from shift_assignments where id=?
Hibernate: delete from shift_assignments where id=?
2025-10-13T21:43:07.278+09:00 DEBUG 2284 --- [Shift Scheduler Demo] [           main] org.hibernate.SQL                        : delete from shift_assignments where id=?
Hibernate: delete from shift_assignments where id=?
2025-10-13T21:43:07.278+09:00 DEBUG 2284 --- [Shift Scheduler Demo] [           main] org.hibernate.SQL                        : delete from shift_assignments where id=?
Hibernate: delete from shift_assignments where id=?
2025-10-13T21:43:07.278+09:00 DEBUG 2284 --- [Shift Scheduler Demo] [           main] org.hibernate.SQL                        : delete from shift_assignments where id=?
Hibernate: delete from shift_assignments where id=?
2025-10-13T21:43:07.278+09:00 DEBUG 2284 --- [Shift Scheduler Demo] [           main] org.hibernate.SQL                        : delete from shift_assignments where id=?
Hibernate: delete from shift_assignments where id=?
2025-10-13T21:43:07.278+09:00 DEBUG 2284 --- [Shift Scheduler Demo] [           main] org.hibernate.SQL                        : delete from shift_assignments where id=?
Hibernate: delete from shift_assignments where id=?
2025-10-13T21:43:07.278+09:00 DEBUG 2284 --- [Shift Scheduler Demo] [           main] org.hibernate.SQL                        : delete from shift_assignments where id=?
Hibernate: delete from shift_assignments where id=?
2025-10-13T21:43:07.278+09:00 DEBUG 2284 --- [Shift Scheduler Demo] [           main] org.hibernate.SQL                        : delete from shift_assignments where id=?
Hibernate: delete from shift_assignments where id=?
2025-10-13T21:43:07.278+09:00 DEBUG 2284 --- [Shift Scheduler Demo] [           main] org.hibernate.SQL                        : delete from shift_assignments where id=?
Hibernate: delete from shift_assignments where id=?
2025-10-13T21:43:07.278+09:00 DEBUG 2284 --- [Shift Scheduler Demo] [           main] org.hibernate.SQL                        : delete from shift_assignments where id=?
Hibernate: delete from shift_assignments where id=?
2025-10-13T21:43:07.278+09:00 DEBUG 2284 --- [Shift Scheduler Demo] [           main] org.hibernate.SQL                        : delete from shift_assignments where id=?
Hibernate: delete from shift_assignments where id=?
2025-10-13T21:43:07.278+09:00 DEBUG 2284 --- [Shift Scheduler Demo] [           main] org.hibernate.SQL                        : delete from shift_assignments where id=?
Hibernate: delete from shift_assignments where id=?
2025-10-13T21:43:07.278+09:00 DEBUG 2284 --- [Shift Scheduler Demo] [           main] org.hibernate.SQL                        : delete from shift_assignments where id=?
Hibernate: delete from shift_assignments where id=?
2025-10-13T21:43:07.278+09:00 DEBUG 2284 --- [Shift Scheduler Demo] [           main] org.hibernate.SQL                        : delete from shift_assignments where id=?
Hibernate: delete from shift_assignments where id=?
2025-10-13T21:43:07.278+09:00 DEBUG 2284 --- [Shift Scheduler Demo] [           main] org.hibernate.SQL                        : delete from shift_assignments where id=?
Hibernate: delete from shift_assignments where id=?
2025-10-13T21:43:07.278+09:00 DEBUG 2284 --- [Shift Scheduler Demo] [           main] org.hibernate.SQL                        : delete from shift_assignments where id=?
Hibernate: delete from shift_assignments where id=?
2025-10-13T21:43:07.278+09:00 DEBUG 2284 --- [Shift Scheduler Demo] [           main] org.hibernate.SQL                        : delete from shift_assignments where id=?
Hibernate: delete from shift_assignments where id=?
2025-10-13T21:43:07.278+09:00 DEBUG 2284 --- [Shift Scheduler Demo] [           main] org.hibernate.SQL                        : delete from shift_assignments where id=?
Hibernate: delete from shift_assignments where id=?
2025-10-13T21:43:07.278+09:00 DEBUG 2284 --- [Shift Scheduler Demo] [           main] org.hibernate.SQL                        : delete from shift_assignments where id=?
Hibernate: delete from shift_assignments where id=?
2025-10-13T21:43:07.278+09:00 DEBUG 2284 --- [Shift Scheduler Demo] [           main] org.hibernate.SQL                        : delete from shift_assignments where id=?
Hibernate: delete from shift_assignments where id=?
2025-10-13T21:43:07.278+09:00 DEBUG 2284 --- [Shift Scheduler Demo] [           main] org.hibernate.SQL                        : delete from shift_assignments where id=?
Hibernate: delete from shift_assignments where id=?
2025-10-13T21:43:07.278+09:00 DEBUG 2284 --- [Shift Scheduler Demo] [           main] org.hibernate.SQL                        : delete from shift_assignments where id=?
Hibernate: delete from shift_assignments where id=?
2025-10-13T21:43:07.278+09:00 DEBUG 2284 --- [Shift Scheduler Demo] [           main] org.hibernate.SQL                        : delete from shift_assignments where id=?
Hibernate: delete from shift_assignments where id=?
2025-10-13T21:43:07.278+09:00 DEBUG 2284 --- [Shift Scheduler Demo] [           main] org.hibernate.SQL                        : delete from shift_assignments where id=?
Hibernate: delete from shift_assignments where id=?
2025-10-13T21:43:07.278+09:00 DEBUG 2284 --- [Shift Scheduler Demo] [           main] org.hibernate.SQL                        : delete from shift_assignments where id=?
Hibernate: delete from shift_assignments where id=?
2025-10-13T21:43:07.278+09:00 DEBUG 2284 --- [Shift Scheduler Demo] [           main] org.hibernate.SQL                        : delete from shift_assignments where id=?
Hibernate: delete from shift_assignments where id=?
2025-10-13T21:43:07.278+09:00 DEBUG 2284 --- [Shift Scheduler Demo] [           main] org.hibernate.SQL                        : delete from shift_assignments where id=?
Hibernate: delete from shift_assignments where id=?
2025-10-13T21:43:07.278+09:00 DEBUG 2284 --- [Shift Scheduler Demo] [           main] org.hibernate.SQL                        : delete from shift_assignments where id=?
Hibernate: delete from shift_assignments where id=?
2025-10-13T21:43:07.278+09:00 DEBUG 2284 --- [Shift Scheduler Demo] [           main] org.hibernate.SQL                        : delete from shift_assignments where id=?
Hibernate: delete from shift_assignments where id=?
2025-10-13T21:43:07.278+09:00 DEBUG 2284 --- [Shift Scheduler Demo] [           main] org.hibernate.SQL                        : delete from shift_assignments where id=?
Hibernate: delete from shift_assignments where id=?
2025-10-13T21:43:07.278+09:00 DEBUG 2284 --- [Shift Scheduler Demo] [           main] org.hibernate.SQL                        : delete from shift_assignments where id=?
Hibernate: delete from shift_assignments where id=?
2025-10-13T21:43:07.278+09:00 DEBUG 2284 --- [Shift Scheduler Demo] [           main] org.hibernate.SQL                        : delete from shift_assignments where id=?
Hibernate: delete from shift_assignments where id=?
2025-10-13T21:43:07.278+09:00 DEBUG 2284 --- [Shift Scheduler Demo] [           main] org.hibernate.SQL                        : delete from shift_assignments where id=?
Hibernate: delete from shift_assignments where id=?
2025-10-13T21:43:07.278+09:00 DEBUG 2284 --- [Shift Scheduler Demo] [           main] org.hibernate.SQL                        : delete from shift_assignments where id=?
Hibernate: delete from shift_assignments where id=?
2025-10-13T21:43:07.278+09:00 DEBUG 2284 --- [Shift Scheduler Demo] [           main] org.hibernate.SQL                        : delete from shift_assignments where id=?
Hibernate: delete from shift_assignments where id=?
2025-10-13T21:43:07.278+09:00 DEBUG 2284 --- [Shift Scheduler Demo] [           main] org.hibernate.SQL                        : delete from shift_assignments where id=?
Hibernate: delete from shift_assignments where id=?
2025-10-13T21:43:07.278+09:00 DEBUG 2284 --- [Shift Scheduler Demo] [           main] org.hibernate.SQL                        : delete from shift_assignments where id=?
Hibernate: delete from shift_assignments where id=?
2025-10-13T21:43:07.278+09:00 DEBUG 2284 --- [Shift Scheduler Demo] [           main] org.hibernate.SQL                        : delete from shift_assignments where id=?
Hibernate: delete from shift_assignments where id=?
2025-10-13T21:43:07.278+09:00 DEBUG 2284 --- [Shift Scheduler Demo] [           main] org.hibernate.SQL                        : delete from shift_assignments where id=?
Hibernate: delete from shift_assignments where id=?
2025-10-13T21:43:07.278+09:00 DEBUG 2284 --- [Shift Scheduler Demo] [           main] org.hibernate.SQL                        : delete from shift_assignments where id=?
Hibernate: delete from shift_assignments where id=?
2025-10-13T21:43:07.278+09:00 DEBUG 2284 --- [Shift Scheduler Demo] [           main] org.hibernate.SQL                        : delete from shift_assignments where id=?
Hibernate: delete from shift_assignments where id=?
2025-10-13T21:43:07.278+09:00 DEBUG 2284 --- [Shift Scheduler Demo] [           main] org.hibernate.SQL                        : delete from shift_assignments where id=?
Hibernate: delete from shift_assignments where id=?
2025-10-13T21:43:07.278+09:00 DEBUG 2284 --- [Shift Scheduler Demo] [           main] org.hibernate.SQL                        : delete from shift_assignments where id=?
Hibernate: delete from shift_assignments where id=?
2025-10-13T21:43:07.278+09:00 DEBUG 2284 --- [Shift Scheduler Demo] [           main] org.hibernate.SQL                        : delete from shift_assignments where id=?
Hibernate: delete from shift_assignments where id=?
2025-10-13T21:43:07.278+09:00 DEBUG 2284 --- [Shift Scheduler Demo] [           main] org.hibernate.SQL                        : delete from shift_assignments where id=?
Hibernate: delete from shift_assignments where id=?
2025-10-13T21:43:07.278+09:00 DEBUG 2284 --- [Shift Scheduler Demo] [           main] org.hibernate.SQL                        : delete from shift_assignments where id=?
Hibernate: delete from shift_assignments where id=?
2025-10-13T21:43:07.278+09:00 DEBUG 2284 --- [Shift Scheduler Demo] [           main] org.hibernate.SQL                        : delete from shift_assignments where id=?
Hibernate: delete from shift_assignments where id=?
2025-10-13T21:43:07.278+09:00 DEBUG 2284 --- [Shift Scheduler Demo] [           main] org.hibernate.SQL                        : delete from shift_assignments where id=?
Hibernate: delete from shift_assignments where id=?
2025-10-13T21:43:07.278+09:00 DEBUG 2284 --- [Shift Scheduler Demo] [           main] org.hibernate.SQL                        : delete from shift_assignments where id=?
Hibernate: delete from shift_assignments where id=?
2025-10-13T21:43:07.278+09:00 DEBUG 2284 --- [Shift Scheduler Demo] [           main] org.hibernate.SQL                        : delete from shift_assignments where id=?
Hibernate: delete from shift_assignments where id=?
2025-10-13T21:43:07.278+09:00 DEBUG 2284 --- [Shift Scheduler Demo] [           main] org.hibernate.SQL                        : delete from shift_assignments where id=?
Hibernate: delete from shift_assignments where id=?
2025-10-13T21:43:07.278+09:00 DEBUG 2284 --- [Shift Scheduler Demo] [           main] org.hibernate.SQL                        : delete from shift_assignments where id=?
Hibernate: delete from shift_assignments where id=?
2025-10-13T21:43:07.278+09:00 DEBUG 2284 --- [Shift Scheduler Demo] [           main] org.hibernate.SQL                        : delete from shift_assignments where id=?
Hibernate: delete from shift_assignments where id=?
2025-10-13T21:43:07.278+09:00 DEBUG 2284 --- [Shift Scheduler Demo] [           main] org.hibernate.SQL                        : delete from shift_assignments where id=?
Hibernate: delete from shift_assignments where id=?
2025-10-13T21:43:07.278+09:00 DEBUG 2284 --- [Shift Scheduler Demo] [           main] org.hibernate.SQL                        : delete from shift_assignments where id=?
Hibernate: delete from shift_assignments where id=?
2025-10-13T21:43:07.278+09:00 DEBUG 2284 --- [Shift Scheduler Demo] [           main] org.hibernate.SQL                        : delete from shift_assignments where id=?
Hibernate: delete from shift_assignments where id=?
2025-10-13T21:43:07.278+09:00 DEBUG 2284 --- [Shift Scheduler Demo] [           main] org.hibernate.SQL                        : delete from shift_assignments where id=?
Hibernate: delete from shift_assignments where id=?
2025-10-13T21:43:07.278+09:00 DEBUG 2284 --- [Shift Scheduler Demo] [           main] org.hibernate.SQL                        : delete from shift_assignments where id=?
Hibernate: delete from shift_assignments where id=?
2025-10-13T21:43:07.278+09:00 DEBUG 2284 --- [Shift Scheduler Demo] [           main] org.hibernate.SQL                        : delete from shift_assignments where id=?
Hibernate: delete from shift_assignments where id=?
2025-10-13T21:43:07.278+09:00 DEBUG 2284 --- [Shift Scheduler Demo] [           main] org.hibernate.SQL                        : delete from shift_assignments where id=?
Hibernate: delete from shift_assignments where id=?
2025-10-13T21:43:07.278+09:00 DEBUG 2284 --- [Shift Scheduler Demo] [           main] org.hibernate.SQL                        : delete from shift_assignments where id=?
Hibernate: delete from shift_assignments where id=?
2025-10-13T21:43:07.278+09:00 DEBUG 2284 --- [Shift Scheduler Demo] [           main] org.hibernate.SQL                        : delete from shift_assignments where id=?
Hibernate: delete from shift_assignments where id=?
2025-10-13T21:43:07.278+09:00 DEBUG 2284 --- [Shift Scheduler Demo] [           main] org.hibernate.SQL                        : delete from shift_assignments where id=?
Hibernate: delete from shift_assignments where id=?
2025-10-13T21:43:07.278+09:00 DEBUG 2284 --- [Shift Scheduler Demo] [           main] org.hibernate.SQL                        : delete from shift_assignments where id=?
Hibernate: delete from shift_assignments where id=?
2025-10-13T21:43:07.278+09:00 DEBUG 2284 --- [Shift Scheduler Demo] [           main] org.hibernate.SQL                        : delete from shift_assignments where id=?
Hibernate: delete from shift_assignments where id=?
2025-10-13T21:43:07.278+09:00 DEBUG 2284 --- [Shift Scheduler Demo] [           main] org.hibernate.SQL                        : delete from shift_assignments where id=?
Hibernate: delete from shift_assignments where id=?
2025-10-13T21:43:07.278+09:00 DEBUG 2284 --- [Shift Scheduler Demo] [           main] org.hibernate.SQL                        : delete from shift_assignments where id=?
Hibernate: delete from shift_assignments where id=?
2025-10-13T21:43:07.278+09:00 DEBUG 2284 --- [Shift Scheduler Demo] [           main] org.hibernate.SQL                        : delete from shift_assignments where id=?
Hibernate: delete from shift_assignments where id=?
2025-10-13T21:43:07.278+09:00 DEBUG 2284 --- [Shift Scheduler Demo] [           main] org.hibernate.SQL                        : delete from shift_assignments where id=?
Hibernate: delete from shift_assignments where id=?
2025-10-13T21:43:07.278+09:00 DEBUG 2284 --- [Shift Scheduler Demo] [           main] org.hibernate.SQL                        : delete from shift_assignments where id=?
Hibernate: delete from shift_assignments where id=?
2025-10-13T21:43:07.278+09:00 DEBUG 2284 --- [Shift Scheduler Demo] [           main] org.hibernate.SQL                        : delete from shift_assignments where id=?
Hibernate: delete from shift_assignments where id=?
2025-10-13T21:43:07.278+09:00 DEBUG 2284 --- [Shift Scheduler Demo] [           main] org.hibernate.SQL                        : delete from shift_assignments where id=?
Hibernate: delete from shift_assignments where id=?
2025-10-13T21:43:07.278+09:00 DEBUG 2284 --- [Shift Scheduler Demo] [           main] org.hibernate.SQL                        : delete from shift_assignments where id=?
Hibernate: delete from shift_assignments where id=?
2025-10-13T21:43:07.278+09:00 DEBUG 2284 --- [Shift Scheduler Demo] [           main] org.hibernate.SQL                        : delete from shift_assignments where id=?
Hibernate: delete from shift_assignments where id=?
2025-10-13T21:43:07.278+09:00 DEBUG 2284 --- [Shift Scheduler Demo] [           main] org.hibernate.SQL                        : delete from shift_assignments where id=?
Hibernate: delete from shift_assignments where id=?
2025-10-13T21:43:07.278+09:00 DEBUG 2284 --- [Shift Scheduler Demo] [           main] org.hibernate.SQL                        : delete from shift_assignments where id=?
Hibernate: delete from shift_assignments where id=?
2025-10-13T21:43:07.278+09:00 DEBUG 2284 --- [Shift Scheduler Demo] [           main] org.hibernate.SQL                        : delete from shift_assignments where id=?
Hibernate: delete from shift_assignments where id=?
2025-10-13T21:43:07.278+09:00 DEBUG 2284 --- [Shift Scheduler Demo] [           main] org.hibernate.SQL                        : delete from shift_assignments where id=?
Hibernate: delete from shift_assignments where id=?
2025-10-13T21:43:07.278+09:00 DEBUG 2284 --- [Shift Scheduler Demo] [           main] org.hibernate.SQL                        : delete from shift_assignments where id=?
Hibernate: delete from shift_assignments where id=?
2025-10-13T21:43:07.278+09:00 DEBUG 2284 --- [Shift Scheduler Demo] [           main] org.hibernate.SQL                        : delete from shift_assignments where id=?
Hibernate: delete from shift_assignments where id=?
2025-10-13T21:43:07.278+09:00 DEBUG 2284 --- [Shift Scheduler Demo] [           main] org.hibernate.SQL                        : delete from shift_assignments where id=?
Hibernate: delete from shift_assignments where id=?
2025-10-13T21:43:07.278+09:00 DEBUG 2284 --- [Shift Scheduler Demo] [           main] org.hibernate.SQL                        : delete from shift_assignments where id=?
Hibernate: delete from shift_assignments where id=?
2025-10-13T21:43:07.278+09:00 DEBUG 2284 --- [Shift Scheduler Demo] [           main] org.hibernate.SQL                        : delete from shift_assignments where id=?
Hibernate: delete from shift_assignments where id=?
2025-10-13T21:43:07.282+09:00 DEBUG 2284 --- [Shift Scheduler Demo] [           main] org.hibernate.SQL                        : delete from shift_assignments where id=?
Hibernate: delete from shift_assignments where id=?
2025-10-13T21:43:07.282+09:00 DEBUG 2284 --- [Shift Scheduler Demo] [           main] org.hibernate.SQL                        : delete from shift_assignments where id=?
Hibernate: delete from shift_assignments where id=?
2025-10-13T21:43:07.282+09:00 DEBUG 2284 --- [Shift Scheduler Demo] [           main] org.hibernate.SQL                        : delete from shift_assignments where id=?
Hibernate: delete from shift_assignments where id=?
2025-10-13T21:43:07.282+09:00 DEBUG 2284 --- [Shift Scheduler Demo] [           main] org.hibernate.SQL                        : delete from shift_assignments where id=?
Hibernate: delete from shift_assignments where id=?
2025-10-13T21:43:07.282+09:00 DEBUG 2284 --- [Shift Scheduler Demo] [           main] org.hibernate.SQL                        : delete from shift_assignments where id=?
Hibernate: delete from shift_assignments where id=?
2025-10-13T21:43:07.283+09:00 DEBUG 2284 --- [Shift Scheduler Demo] [           main] org.hibernate.SQL                        : delete from shift_assignments where id=?
Hibernate: delete from shift_assignments where id=?
2025-10-13T21:43:07.283+09:00 DEBUG 2284 --- [Shift Scheduler Demo] [           main] org.hibernate.SQL                        : delete from shift_assignments where id=?
Hibernate: delete from shift_assignments where id=?
2025-10-13T21:43:07.283+09:00 DEBUG 2284 --- [Shift Scheduler Demo] [           main] org.hibernate.SQL                        : delete from shift_assignments where id=?
Hibernate: delete from shift_assignments where id=?
2025-10-13T21:43:07.283+09:00 DEBUG 2284 --- [Shift Scheduler Demo] [           main] org.hibernate.SQL                        : delete from shift_assignments where id=?
Hibernate: delete from shift_assignments where id=?
2025-10-13T21:43:07.283+09:00 DEBUG 2284 --- [Shift Scheduler Demo] [           main] org.hibernate.SQL                        : delete from shift_assignments where id=?
Hibernate: delete from shift_assignments where id=?
2025-10-13T21:43:07.283+09:00 DEBUG 2284 --- [Shift Scheduler Demo] [           main] org.hibernate.SQL                        : delete from shift_assignments where id=?
Hibernate: delete from shift_assignments where id=?
2025-10-13T21:43:07.283+09:00 DEBUG 2284 --- [Shift Scheduler Demo] [           main] org.hibernate.SQL                        : delete from shift_assignments where id=?
Hibernate: delete from shift_assignments where id=?
2025-10-13T21:43:07.283+09:00 DEBUG 2284 --- [Shift Scheduler Demo] [           main] org.hibernate.SQL                        : delete from shift_assignments where id=?
Hibernate: delete from shift_assignments where id=?
2025-10-13T21:43:07.283+09:00 DEBUG 2284 --- [Shift Scheduler Demo] [           main] org.hibernate.SQL                        : delete from shift_assignments where id=?
Hibernate: delete from shift_assignments where id=?
2025-10-13T21:43:07.283+09:00 DEBUG 2284 --- [Shift Scheduler Demo] [           main] org.hibernate.SQL                        : delete from shift_assignments where id=?
Hibernate: delete from shift_assignments where id=?
2025-10-13T21:43:07.283+09:00 DEBUG 2284 --- [Shift Scheduler Demo] [           main] org.hibernate.SQL                        : delete from shift_assignments where id=?
Hibernate: delete from shift_assignments where id=?
2025-10-13T21:43:07.283+09:00 DEBUG 2284 --- [Shift Scheduler Demo] [           main] org.hibernate.SQL                        : delete from shift_assignments where id=?
Hibernate: delete from shift_assignments where id=?
2025-10-13T21:43:07.283+09:00 DEBUG 2284 --- [Shift Scheduler Demo] [           main] org.hibernate.SQL                        : delete from shift_assignments where id=?
Hibernate: delete from shift_assignments where id=?
2025-10-13T21:43:07.283+09:00 DEBUG 2284 --- [Shift Scheduler Demo] [           main] org.hibernate.SQL                        : delete from shift_assignments where id=?
Hibernate: delete from shift_assignments where id=?
2025-10-13T21:43:07.283+09:00 DEBUG 2284 --- [Shift Scheduler Demo] [           main] org.hibernate.SQL                        : delete from shift_assignments where id=?
Hibernate: delete from shift_assignments where id=?
2025-10-13T21:43:07.283+09:00 DEBUG 2284 --- [Shift Scheduler Demo] [           main] org.hibernate.SQL                        : delete from shift_assignments where id=?
Hibernate: delete from shift_assignments where id=?
2025-10-13T21:43:07.283+09:00 DEBUG 2284 --- [Shift Scheduler Demo] [           main] org.hibernate.SQL                        : delete from shift_assignments where id=?
Hibernate: delete from shift_assignments where id=?
2025-10-13T21:43:07.283+09:00 DEBUG 2284 --- [Shift Scheduler Demo] [           main] org.hibernate.SQL                        : delete from shift_assignments where id=?
Hibernate: delete from shift_assignments where id=?
2025-10-13T21:43:07.283+09:00 DEBUG 2284 --- [Shift Scheduler Demo] [           main] org.hibernate.SQL                        : delete from shift_assignments where id=?
Hibernate: delete from shift_assignments where id=?
2025-10-13T21:43:07.283+09:00 DEBUG 2284 --- [Shift Scheduler Demo] [           main] org.hibernate.SQL                        : delete from shift_assignments where id=?
Hibernate: delete from shift_assignments where id=?
2025-10-13T21:43:07.283+09:00 DEBUG 2284 --- [Shift Scheduler Demo] [           main] org.hibernate.SQL                        : delete from shift_assignments where id=?
Hibernate: delete from shift_assignments where id=?
2025-10-13T21:43:07.284+09:00 DEBUG 2284 --- [Shift Scheduler Demo] [           main] org.hibernate.SQL                        : delete from shift_assignments where id=?
Hibernate: delete from shift_assignments where id=?
2025-10-13T21:43:07.284+09:00 DEBUG 2284 --- [Shift Scheduler Demo] [           main] org.hibernate.SQL                        : delete from shift_assignments where id=?
Hibernate: delete from shift_assignments where id=?
2025-10-13T21:43:07.284+09:00 DEBUG 2284 --- [Shift Scheduler Demo] [           main] org.hibernate.SQL                        : delete from employee_constraints where id=?
Hibernate: delete from employee_constraints where id=?
2025-10-13T21:43:07.284+09:00 DEBUG 2284 --- [Shift Scheduler Demo] [           main] org.hibernate.SQL                        : delete from employee_constraints where id=?
Hibernate: delete from employee_constraints where id=?
2025-10-13T21:43:07.284+09:00 DEBUG 2284 --- [Shift Scheduler Demo] [           main] org.hibernate.SQL                        : delete from employee_constraints where id=?
Hibernate: delete from employee_constraints where id=?
2025-10-13T21:43:07.284+09:00 DEBUG 2284 --- [Shift Scheduler Demo] [           main] org.hibernate.SQL                        : delete from employee_constraints where id=?
Hibernate: delete from employee_constraints where id=?
2025-10-13T21:43:07.284+09:00 DEBUG 2284 --- [Shift Scheduler Demo] [           main] org.hibernate.SQL                        : delete from employee_constraints where id=?
Hibernate: delete from employee_constraints where id=?
2025-10-13T21:43:07.284+09:00 DEBUG 2284 --- [Shift Scheduler Demo] [           main] org.hibernate.SQL                        : delete from employee_constraints where id=?
Hibernate: delete from employee_constraints where id=?
2025-10-13T21:43:07.284+09:00 DEBUG 2284 --- [Shift Scheduler Demo] [           main] org.hibernate.SQL                        : delete from employee_constraints where id=?
Hibernate: delete from employee_constraints where id=?
2025-10-13T21:43:07.284+09:00 DEBUG 2284 --- [Shift Scheduler Demo] [           main] org.hibernate.SQL                        : delete from employee_constraints where id=?
Hibernate: delete from employee_constraints where id=?
2025-10-13T21:43:07.284+09:00 DEBUG 2284 --- [Shift Scheduler Demo] [           main] org.hibernate.SQL                        : delete from employee_constraints where id=?
Hibernate: delete from employee_constraints where id=?
2025-10-13T21:43:07.284+09:00 DEBUG 2284 --- [Shift Scheduler Demo] [           main] org.hibernate.SQL                        : delete from employee_constraints where id=?
Hibernate: delete from employee_constraints where id=?
2025-10-13T21:43:07.284+09:00 DEBUG 2284 --- [Shift Scheduler Demo] [           main] org.hibernate.SQL                        : delete from employee_constraints where id=?
Hibernate: delete from employee_constraints where id=?
2025-10-13T21:43:07.284+09:00 DEBUG 2284 --- [Shift Scheduler Demo] [           main] org.hibernate.SQL                        : delete from employee_constraints where id=?
Hibernate: delete from employee_constraints where id=?
2025-10-13T21:43:07.284+09:00 DEBUG 2284 --- [Shift Scheduler Demo] [           main] org.hibernate.SQL                        : delete from employee_constraints where id=?
Hibernate: delete from employee_constraints where id=?
2025-10-13T21:43:07.285+09:00 DEBUG 2284 --- [Shift Scheduler Demo] [           main] org.hibernate.SQL                        : delete from employee_constraints where id=?
Hibernate: delete from employee_constraints where id=?
2025-10-13T21:43:07.285+09:00 DEBUG 2284 --- [Shift Scheduler Demo] [           main] org.hibernate.SQL                        : delete from employee_constraints where id=?
Hibernate: delete from employee_constraints where id=?
2025-10-13T21:43:07.285+09:00 DEBUG 2284 --- [Shift Scheduler Demo] [           main] org.hibernate.SQL                        : delete from employee_constraints where id=?
Hibernate: delete from employee_constraints where id=?
2025-10-13T21:43:07.285+09:00 DEBUG 2284 --- [Shift Scheduler Demo] [           main] org.hibernate.SQL                        : delete from employee_constraints where id=?
Hibernate: delete from employee_constraints where id=?
2025-10-13T21:43:07.285+09:00 DEBUG 2284 --- [Shift Scheduler Demo] [           main] org.hibernate.SQL                        : delete from employee_constraints where id=?
Hibernate: delete from employee_constraints where id=?
2025-10-13T21:43:07.285+09:00 DEBUG 2284 --- [Shift Scheduler Demo] [           main] org.hibernate.SQL                        : delete from employee_constraints where id=?
Hibernate: delete from employee_constraints where id=?
2025-10-13T21:43:07.285+09:00 DEBUG 2284 --- [Shift Scheduler Demo] [           main] org.hibernate.SQL                        : delete from employee_constraints where id=?
Hibernate: delete from employee_constraints where id=?
2025-10-13T21:43:07.285+09:00 DEBUG 2284 --- [Shift Scheduler Demo] [           main] org.hibernate.SQL                        : delete from employee_constraints where id=?
Hibernate: delete from employee_constraints where id=?
2025-10-13T21:43:07.285+09:00 DEBUG 2284 --- [Shift Scheduler Demo] [           main] org.hibernate.SQL                        : delete from employee_constraints where id=?
Hibernate: delete from employee_constraints where id=?
2025-10-13T21:43:07.285+09:00 DEBUG 2284 --- [Shift Scheduler Demo] [           main] org.hibernate.SQL                        : delete from employee_constraints where id=?
Hibernate: delete from employee_constraints where id=?
2025-10-13T21:43:07.285+09:00 DEBUG 2284 --- [Shift Scheduler Demo] [           main] org.hibernate.SQL                        : delete from employee_constraints where id=?
Hibernate: delete from employee_constraints where id=?
2025-10-13T21:43:07.285+09:00 DEBUG 2284 --- [Shift Scheduler Demo] [           main] org.hibernate.SQL                        : delete from employee_constraints where id=?
Hibernate: delete from employee_constraints where id=?
2025-10-13T21:43:07.285+09:00 DEBUG 2284 --- [Shift Scheduler Demo] [           main] org.hibernate.SQL                        : delete from employee_constraints where id=?
Hibernate: delete from employee_constraints where id=?
2025-10-13T21:43:07.285+09:00 DEBUG 2284 --- [Shift Scheduler Demo] [           main] org.hibernate.SQL                        : delete from employee_constraints where id=?
Hibernate: delete from employee_constraints where id=?
2025-10-13T21:43:07.285+09:00 DEBUG 2284 --- [Shift Scheduler Demo] [           main] org.hibernate.SQL                        : delete from employee_constraints where id=?
Hibernate: delete from employee_constraints where id=?
2025-10-13T21:43:07.285+09:00 DEBUG 2284 --- [Shift Scheduler Demo] [           main] org.hibernate.SQL                        : delete from employee_constraints where id=?
Hibernate: delete from employee_constraints where id=?
2025-10-13T21:43:07.285+09:00 DEBUG 2284 --- [Shift Scheduler Demo] [           main] org.hibernate.SQL                        : delete from employee_constraints where id=?
Hibernate: delete from employee_constraints where id=?
2025-10-13T21:43:07.285+09:00 DEBUG 2284 --- [Shift Scheduler Demo] [           main] org.hibernate.SQL                        : delete from employee_constraints where id=?
Hibernate: delete from employee_constraints where id=?
2025-10-13T21:43:07.285+09:00 DEBUG 2284 --- [Shift Scheduler Demo] [           main] org.hibernate.SQL                        : delete from employee_constraints where id=?
Hibernate: delete from employee_constraints where id=?
2025-10-13T21:43:07.285+09:00 DEBUG 2284 --- [Shift Scheduler Demo] [           main] org.hibernate.SQL                        : delete from employee_constraints where id=?
Hibernate: delete from employee_constraints where id=?
2025-10-13T21:43:07.285+09:00 DEBUG 2284 --- [Shift Scheduler Demo] [           main] org.hibernate.SQL                        : delete from employee_constraints where id=?
Hibernate: delete from employee_constraints where id=?
2025-10-13T21:43:07.288+09:00 DEBUG 2284 --- [Shift Scheduler Demo] [           main] org.hibernate.SQL                        : delete from employee_constraints where id=?
Hibernate: delete from employee_constraints where id=?
2025-10-13T21:43:07.288+09:00 DEBUG 2284 --- [Shift Scheduler Demo] [           main] org.hibernate.SQL                        : delete from employee_constraints where id=?
Hibernate: delete from employee_constraints where id=?
2025-10-13T21:43:07.288+09:00 DEBUG 2284 --- [Shift Scheduler Demo] [           main] org.hibernate.SQL                        : delete from employee_constraints where id=?
Hibernate: delete from employee_constraints where id=?
2025-10-13T21:43:07.288+09:00 DEBUG 2284 --- [Shift Scheduler Demo] [           main] org.hibernate.SQL                        : delete from employee_constraints where id=?
Hibernate: delete from employee_constraints where id=?
2025-10-13T21:43:07.288+09:00 DEBUG 2284 --- [Shift Scheduler Demo] [           main] org.hibernate.SQL                        : delete from employee_constraints where id=?
Hibernate: delete from employee_constraints where id=?
2025-10-13T21:43:07.288+09:00 DEBUG 2284 --- [Shift Scheduler Demo] [           main] org.hibernate.SQL                        : delete from employee_constraints where id=?
Hibernate: delete from employee_constraints where id=?
2025-10-13T21:43:07.288+09:00 DEBUG 2284 --- [Shift Scheduler Demo] [           main] org.hibernate.SQL                        : delete from employee_constraints where id=?
Hibernate: delete from employee_constraints where id=?
2025-10-13T21:43:07.288+09:00 DEBUG 2284 --- [Shift Scheduler Demo] [           main] org.hibernate.SQL                        : delete from employee_constraints where id=?
Hibernate: delete from employee_constraints where id=?
2025-10-13T21:43:07.288+09:00 DEBUG 2284 --- [Shift Scheduler Demo] [           main] org.hibernate.SQL                        : delete from employee_constraints where id=?
Hibernate: delete from employee_constraints where id=?
2025-10-13T21:43:07.288+09:00 DEBUG 2284 --- [Shift Scheduler Demo] [           main] org.hibernate.SQL                        : delete from employee_constraints where id=?
Hibernate: delete from employee_constraints where id=?
2025-10-13T21:43:07.288+09:00 DEBUG 2284 --- [Shift Scheduler Demo] [           main] org.hibernate.SQL                        : delete from employee_constraints where id=?
Hibernate: delete from employee_constraints where id=?
2025-10-13T21:43:07.288+09:00 DEBUG 2284 --- [Shift Scheduler Demo] [           main] org.hibernate.SQL                        : delete from employee_constraints where id=?
Hibernate: delete from employee_constraints where id=?
2025-10-13T21:43:07.289+09:00 DEBUG 2284 --- [Shift Scheduler Demo] [           main] org.hibernate.SQL                        : delete from employee_constraints where id=?
Hibernate: delete from employee_constraints where id=?
2025-10-13T21:43:07.289+09:00 DEBUG 2284 --- [Shift Scheduler Demo] [           main] org.hibernate.SQL                        : delete from employee_constraints where id=?
Hibernate: delete from employee_constraints where id=?
2025-10-13T21:43:07.289+09:00 DEBUG 2284 --- [Shift Scheduler Demo] [           main] org.hibernate.SQL                        : delete from employee_constraints where id=?
Hibernate: delete from employee_constraints where id=?
2025-10-13T21:43:07.289+09:00 DEBUG 2284 --- [Shift Scheduler Demo] [           main] org.hibernate.SQL                        : delete from employee_constraints where id=?
Hibernate: delete from employee_constraints where id=?
2025-10-13T21:43:07.289+09:00 DEBUG 2284 --- [Shift Scheduler Demo] [           main] org.hibernate.SQL                        : delete from employee_constraints where id=?
Hibernate: delete from employee_constraints where id=?
2025-10-13T21:43:07.289+09:00 DEBUG 2284 --- [Shift Scheduler Demo] [           main] org.hibernate.SQL                        : delete from employee_constraints where id=?
Hibernate: delete from employee_constraints where id=?
2025-10-13T21:43:07.289+09:00 DEBUG 2284 --- [Shift Scheduler Demo] [           main] org.hibernate.SQL                        : delete from employee_constraints where id=?
Hibernate: delete from employee_constraints where id=?
2025-10-13T21:43:07.289+09:00 DEBUG 2284 --- [Shift Scheduler Demo] [           main] org.hibernate.SQL                        : delete from employee_constraints where id=?
Hibernate: delete from employee_constraints where id=?
2025-10-13T21:43:07.289+09:00 DEBUG 2284 --- [Shift Scheduler Demo] [           main] org.hibernate.SQL                        : delete from employee_constraints where id=?
Hibernate: delete from employee_constraints where id=?
2025-10-13T21:43:07.289+09:00 DEBUG 2284 --- [Shift Scheduler Demo] [           main] org.hibernate.SQL                        : delete from employee_constraints where id=?
Hibernate: delete from employee_constraints where id=?
2025-10-13T21:43:07.290+09:00 DEBUG 2284 --- [Shift Scheduler Demo] [           main] org.hibernate.SQL                        : delete from employee_constraints where id=?
Hibernate: delete from employee_constraints where id=?
2025-10-13T21:43:07.290+09:00 DEBUG 2284 --- [Shift Scheduler Demo] [           main] org.hibernate.SQL                        : delete from employee_constraints where id=?
Hibernate: delete from employee_constraints where id=?
2025-10-13T21:43:07.290+09:00 DEBUG 2284 --- [Shift Scheduler Demo] [           main] org.hibernate.SQL                        : delete from employee_constraints where id=?
Hibernate: delete from employee_constraints where id=?
2025-10-13T21:43:07.290+09:00 DEBUG 2284 --- [Shift Scheduler Demo] [           main] org.hibernate.SQL                        : delete from employee_constraints where id=?
Hibernate: delete from employee_constraints where id=?
2025-10-13T21:43:07.290+09:00 DEBUG 2284 --- [Shift Scheduler Demo] [           main] org.hibernate.SQL                        : delete from employee_constraints where id=?
Hibernate: delete from employee_constraints where id=?
2025-10-13T21:43:07.290+09:00 DEBUG 2284 --- [Shift Scheduler Demo] [           main] org.hibernate.SQL                        : delete from employee_constraints where id=?
Hibernate: delete from employee_constraints where id=?
2025-10-13T21:43:07.290+09:00 DEBUG 2284 --- [Shift Scheduler Demo] [           main] org.hibernate.SQL                        : delete from employee_constraints where id=?
Hibernate: delete from employee_constraints where id=?
2025-10-13T21:43:07.290+09:00 DEBUG 2284 --- [Shift Scheduler Demo] [           main] org.hibernate.SQL                        : delete from employee_constraints where id=?
Hibernate: delete from employee_constraints where id=?
2025-10-13T21:43:07.290+09:00 DEBUG 2284 --- [Shift Scheduler Demo] [           main] org.hibernate.SQL                        : delete from employee_constraints where id=?
Hibernate: delete from employee_constraints where id=?
2025-10-13T21:43:07.290+09:00 DEBUG 2284 --- [Shift Scheduler Demo] [           main] org.hibernate.SQL                        : delete from employee_constraints where id=?
Hibernate: delete from employee_constraints where id=?
2025-10-13T21:43:07.290+09:00 DEBUG 2284 --- [Shift Scheduler Demo] [           main] org.hibernate.SQL                        : delete from employee_constraints where id=?
Hibernate: delete from employee_constraints where id=?
2025-10-13T21:43:07.290+09:00 DEBUG 2284 --- [Shift Scheduler Demo] [           main] org.hibernate.SQL                        : delete from employee_constraints where id=?
Hibernate: delete from employee_constraints where id=?
2025-10-13T21:43:07.290+09:00 DEBUG 2284 --- [Shift Scheduler Demo] [           main] org.hibernate.SQL                        : delete from employee_constraints where id=?
Hibernate: delete from employee_constraints where id=?
2025-10-13T21:43:07.290+09:00 DEBUG 2284 --- [Shift Scheduler Demo] [           main] org.hibernate.SQL                        : delete from employee_constraints where id=?
Hibernate: delete from employee_constraints where id=?
2025-10-13T21:43:07.290+09:00 DEBUG 2284 --- [Shift Scheduler Demo] [           main] org.hibernate.SQL                        : delete from employee_constraints where id=?
Hibernate: delete from employee_constraints where id=?
2025-10-13T21:43:07.290+09:00 DEBUG 2284 --- [Shift Scheduler Demo] [           main] org.hibernate.SQL                        : delete from employee_constraints where id=?
Hibernate: delete from employee_constraints where id=?
2025-10-13T21:43:07.290+09:00 DEBUG 2284 --- [Shift Scheduler Demo] [           main] org.hibernate.SQL                        : delete from employee_constraints where id=?
Hibernate: delete from employee_constraints where id=?
2025-10-13T21:43:07.290+09:00 DEBUG 2284 --- [Shift Scheduler Demo] [           main] org.hibernate.SQL                        : delete from employee_constraints where id=?
Hibernate: delete from employee_constraints where id=?
2025-10-13T21:43:07.290+09:00 DEBUG 2284 --- [Shift Scheduler Demo] [           main] org.hibernate.SQL                        : delete from employee_constraints where id=?
Hibernate: delete from employee_constraints where id=?
2025-10-13T21:43:07.291+09:00 DEBUG 2284 --- [Shift Scheduler Demo] [           main] org.hibernate.SQL                        : select sa1_0.id,sa1_0.employee_id,sa1_0.end_time,sa1_0.shift_name,sa1_0.start_time,sa1_0.work_date from shift_assignments sa1_0 where sa1_0.work_date<? order by sa1_0.work_date desc limit ?
Hibernate: select sa1_0.id,sa1_0.employee_id,sa1_0.end_time,sa1_0.shift_name,sa1_0.start_time,sa1_0.work_date from shift_assignments sa1_0 where sa1_0.work_date<? order by sa1_0.work_date desc limit ?
2025-10-13T21:43:07.293+09:00 DEBUG 2284 --- [Shift Scheduler Demo] [           main] org.hibernate.SQL                        : select sa1_0.id,sa1_0.employee_id,sa1_0.end_time,sa1_0.shift_name,sa1_0.start_time,sa1_0.work_date from shift_assignments sa1_0 where sa1_0.work_date between ? and ?
Hibernate: select sa1_0.id,sa1_0.employee_id,sa1_0.end_time,sa1_0.shift_name,sa1_0.start_time,sa1_0.work_date from shift_assignments sa1_0 where sa1_0.work_date between ? and ?
2025-10-13T21:43:07.294+09:00  INFO 2284 --- [Shift Scheduler Demo] [           main] c.e.shiftv1.schedule.ScheduleService     : 登録従業員数: 30名
2025-10-13T21:43:07.295+09:00 DEBUG 2284 --- [Shift Scheduler Demo] [           main] org.hibernate.SQL                        : select sa1_0.id,sa1_0.employee_id,sa1_0.end_time,sa1_0.shift_name,sa1_0.start_time,sa1_0.work_date from shift_assignments sa1_0 where sa1_0.work_date=?
Hibernate: select sa1_0.id,sa1_0.employee_id,sa1_0.end_time,sa1_0.shift_name,sa1_0.start_time,sa1_0.work_date from shift_assignments sa1_0 where sa1_0.work_date=?
2025-10-13T21:43:07.297+09:00 DEBUG 2284 --- [Shift Scheduler Demo] [           main] org.hibernate.SQL                        : select sa1_0.id,sa1_0.employee_id,sa1_0.end_time,sa1_0.shift_name,sa1_0.start_time,sa1_0.work_date from shift_assignments sa1_0 where sa1_0.work_date=?
Hibernate: select sa1_0.id,sa1_0.employee_id,sa1_0.end_time,sa1_0.shift_name,sa1_0.start_time,sa1_0.work_date from shift_assignments sa1_0 where sa1_0.work_date=?
2025-10-13T21:43:07.299+09:00 DEBUG 2284 --- [Shift Scheduler Demo] [           main] org.hibernate.SQL                        : select sa1_0.id,sa1_0.employee_id,sa1_0.end_time,sa1_0.shift_name,sa1_0.start_time,sa1_0.work_date from shift_assignments sa1_0 where sa1_0.work_date=?
Hibernate: select sa1_0.id,sa1_0.employee_id,sa1_0.end_time,sa1_0.shift_name,sa1_0.start_time,sa1_0.work_date from shift_assignments sa1_0 where sa1_0.work_date=?
2025-10-13T21:43:07.300+09:00 DEBUG 2284 --- [Shift Scheduler Demo] [           main] org.hibernate.SQL                        : select sa1_0.id,sa1_0.employee_id,sa1_0.end_time,sa1_0.shift_name,sa1_0.start_time,sa1_0.work_date from shift_assignments sa1_0 where sa1_0.work_date=?
Hibernate: select sa1_0.id,sa1_0.employee_id,sa1_0.end_time,sa1_0.shift_name,sa1_0.start_time,sa1_0.work_date from shift_assignments sa1_0 where sa1_0.work_date=?
2025-10-13T21:43:07.302+09:00 DEBUG 2284 --- [Shift Scheduler Demo] [           main] org.hibernate.SQL                        : select sa1_0.id,sa1_0.employee_id,sa1_0.end_time,sa1_0.shift_name,sa1_0.start_time,sa1_0.work_date from shift_assignments sa1_0 where sa1_0.work_date=?
Hibernate: select sa1_0.id,sa1_0.employee_id,sa1_0.end_time,sa1_0.shift_name,sa1_0.start_time,sa1_0.work_date from shift_assignments sa1_0 where sa1_0.work_date=?
2025-10-13T21:43:07.304+09:00 DEBUG 2284 --- [Shift Scheduler Demo] [           main] org.hibernate.SQL                        : select sa1_0.id,sa1_0.employee_id,sa1_0.end_time,sa1_0.shift_name,sa1_0.start_time,sa1_0.work_date from shift_assignments sa1_0 where sa1_0.work_date=?
Hibernate: select sa1_0.id,sa1_0.employee_id,sa1_0.end_time,sa1_0.shift_name,sa1_0.start_time,sa1_0.work_date from shift_assignments sa1_0 where sa1_0.work_date=?
2025-10-13T21:43:07.306+09:00 DEBUG 2284 --- [Shift Scheduler Demo] [           main] org.hibernate.SQL                        : select sa1_0.id,sa1_0.employee_id,sa1_0.end_time,sa1_0.shift_name,sa1_0.start_time,sa1_0.work_date from shift_assignments sa1_0 where sa1_0.work_date=?
Hibernate: select sa1_0.id,sa1_0.employee_id,sa1_0.end_time,sa1_0.shift_name,sa1_0.start_time,sa1_0.work_date from shift_assignments sa1_0 where sa1_0.work_date=?
2025-10-13T21:43:07.311+09:00 DEBUG 2284 --- [Shift Scheduler Demo] [           main] org.hibernate.SQL                        : select sa1_0.id,sa1_0.employee_id,sa1_0.end_time,sa1_0.shift_name,sa1_0.start_time,sa1_0.work_date from shift_assignments sa1_0 where sa1_0.work_date=?
Hibernate: select sa1_0.id,sa1_0.employee_id,sa1_0.end_time,sa1_0.shift_name,sa1_0.start_time,sa1_0.work_date from shift_assignments sa1_0 where sa1_0.work_date=?
2025-10-13T21:43:07.313+09:00 DEBUG 2284 --- [Shift Scheduler Demo] [           main] org.hibernate.SQL                        : select sa1_0.id,sa1_0.employee_id,sa1_0.end_time,sa1_0.shift_name,sa1_0.start_time,sa1_0.work_date from shift_assignments sa1_0 where sa1_0.work_date=?
Hibernate: select sa1_0.id,sa1_0.employee_id,sa1_0.end_time,sa1_0.shift_name,sa1_0.start_time,sa1_0.work_date from shift_assignments sa1_0 where sa1_0.work_date=?
2025-10-13T21:43:07.315+09:00 DEBUG 2284 --- [Shift Scheduler Demo] [           main] org.hibernate.SQL                        : select sa1_0.id,sa1_0.employee_id,sa1_0.end_time,sa1_0.shift_name,sa1_0.start_time,sa1_0.work_date from shift_assignments sa1_0 where sa1_0.work_date=?
Hibernate: select sa1_0.id,sa1_0.employee_id,sa1_0.end_time,sa1_0.shift_name,sa1_0.start_time,sa1_0.work_date from shift_assignments sa1_0 where sa1_0.work_date=?
2025-10-13T21:43:07.317+09:00 DEBUG 2284 --- [Shift Scheduler Demo] [           main] org.hibernate.SQL                        : select sa1_0.id,sa1_0.employee_id,sa1_0.end_time,sa1_0.shift_name,sa1_0.start_time,sa1_0.work_date from shift_assignments sa1_0 where sa1_0.work_date=?
Hibernate: select sa1_0.id,sa1_0.employee_id,sa1_0.end_time,sa1_0.shift_name,sa1_0.start_time,sa1_0.work_date from shift_assignments sa1_0 where sa1_0.work_date=?
2025-10-13T21:43:07.319+09:00 DEBUG 2284 --- [Shift Scheduler Demo] [           main] org.hibernate.SQL                        : select sa1_0.id,sa1_0.employee_id,sa1_0.end_time,sa1_0.shift_name,sa1_0.start_time,sa1_0.work_date from shift_assignments sa1_0 where sa1_0.work_date=?
Hibernate: select sa1_0.id,sa1_0.employee_id,sa1_0.end_time,sa1_0.shift_name,sa1_0.start_time,sa1_0.work_date from shift_assignments sa1_0 where sa1_0.work_date=?
2025-10-13T21:43:07.320+09:00 DEBUG 2284 --- [Shift Scheduler Demo] [           main] org.hibernate.SQL                        : select sa1_0.id,sa1_0.employee_id,sa1_0.end_time,sa1_0.shift_name,sa1_0.start_time,sa1_0.work_date from shift_assignments sa1_0 where sa1_0.work_date=?
Hibernate: select sa1_0.id,sa1_0.employee_id,sa1_0.end_time,sa1_0.shift_name,sa1_0.start_time,sa1_0.work_date from shift_assignments sa1_0 where sa1_0.work_date=?
2025-10-13T21:43:07.321+09:00 DEBUG 2284 --- [Shift Scheduler Demo] [           main] org.hibernate.SQL                        : select sa1_0.id,sa1_0.employee_id,sa1_0.end_time,sa1_0.shift_name,sa1_0.start_time,sa1_0.work_date from shift_assignments sa1_0 where sa1_0.work_date=?
Hibernate: select sa1_0.id,sa1_0.employee_id,sa1_0.end_time,sa1_0.shift_name,sa1_0.start_time,sa1_0.work_date from shift_assignments sa1_0 where sa1_0.work_date=?
2025-10-13T21:43:07.322+09:00 DEBUG 2284 --- [Shift Scheduler Demo] [           main] org.hibernate.SQL                        : select sa1_0.id,sa1_0.employee_id,sa1_0.end_time,sa1_0.shift_name,sa1_0.start_time,sa1_0.work_date from shift_assignments sa1_0 where sa1_0.work_date=?
Hibernate: select sa1_0.id,sa1_0.employee_id,sa1_0.end_time,sa1_0.shift_name,sa1_0.start_time,sa1_0.work_date from shift_assignments sa1_0 where sa1_0.work_date=?
2025-10-13T21:43:07.323+09:00 DEBUG 2284 --- [Shift Scheduler Demo] [           main] org.hibernate.SQL                        : select sa1_0.id,sa1_0.employee_id,sa1_0.end_time,sa1_0.shift_name,sa1_0.start_time,sa1_0.work_date from shift_assignments sa1_0 where sa1_0.work_date=?
Hibernate: select sa1_0.id,sa1_0.employee_id,sa1_0.end_time,sa1_0.shift_name,sa1_0.start_time,sa1_0.work_date from shift_assignments sa1_0 where sa1_0.work_date=?
2025-10-13T21:43:07.325+09:00 DEBUG 2284 --- [Shift Scheduler Demo] [           main] org.hibernate.SQL                        : select sa1_0.id,sa1_0.employee_id,sa1_0.end_time,sa1_0.shift_name,sa1_0.start_time,sa1_0.work_date from shift_assignments sa1_0 where sa1_0.work_date=?
Hibernate: select sa1_0.id,sa1_0.employee_id,sa1_0.end_time,sa1_0.shift_name,sa1_0.start_time,sa1_0.work_date from shift_assignments sa1_0 where sa1_0.work_date=?
2025-10-13T21:43:07.326+09:00 DEBUG 2284 --- [Shift Scheduler Demo] [           main] org.hibernate.SQL                        : select sa1_0.id,sa1_0.employee_id,sa1_0.end_time,sa1_0.shift_name,sa1_0.start_time,sa1_0.work_date from shift_assignments sa1_0 where sa1_0.work_date=?
Hibernate: select sa1_0.id,sa1_0.employee_id,sa1_0.end_time,sa1_0.shift_name,sa1_0.start_time,sa1_0.work_date from shift_assignments sa1_0 where sa1_0.work_date=?
2025-10-13T21:43:07.326+09:00 DEBUG 2284 --- [Shift Scheduler Demo] [           main] org.hibernate.SQL                        : select sa1_0.id,sa1_0.employee_id,sa1_0.end_time,sa1_0.shift_name,sa1_0.start_time,sa1_0.work_date from shift_assignments sa1_0 where sa1_0.work_date=?
Hibernate: select sa1_0.id,sa1_0.employee_id,sa1_0.end_time,sa1_0.shift_name,sa1_0.start_time,sa1_0.work_date from shift_assignments sa1_0 where sa1_0.work_date=?
2025-10-13T21:43:07.329+09:00 DEBUG 2284 --- [Shift Scheduler Demo] [           main] org.hibernate.SQL                        : select sa1_0.id,sa1_0.employee_id,sa1_0.end_time,sa1_0.shift_name,sa1_0.start_time,sa1_0.work_date from shift_assignments sa1_0 where sa1_0.work_date=?
Hibernate: select sa1_0.id,sa1_0.employee_id,sa1_0.end_time,sa1_0.shift_name,sa1_0.start_time,sa1_0.work_date from shift_assignments sa1_0 where sa1_0.work_date=?
2025-10-13T21:43:07.329+09:00 DEBUG 2284 --- [Shift Scheduler Demo] [           main] org.hibernate.SQL                        : select sa1_0.id,sa1_0.employee_id,sa1_0.end_time,sa1_0.shift_name,sa1_0.start_time,sa1_0.work_date from shift_assignments sa1_0 where sa1_0.work_date=?
Hibernate: select sa1_0.id,sa1_0.employee_id,sa1_0.end_time,sa1_0.shift_name,sa1_0.start_time,sa1_0.work_date from shift_assignments sa1_0 where sa1_0.work_date=?
2025-10-13T21:43:07.332+09:00 DEBUG 2284 --- [Shift Scheduler Demo] [           main] org.hibernate.SQL                        : select sa1_0.id,sa1_0.employee_id,sa1_0.end_time,sa1_0.shift_name,sa1_0.start_time,sa1_0.work_date from shift_assignments sa1_0 where sa1_0.work_date=?
Hibernate: select sa1_0.id,sa1_0.employee_id,sa1_0.end_time,sa1_0.shift_name,sa1_0.start_time,sa1_0.work_date from shift_assignments sa1_0 where sa1_0.work_date=?
2025-10-13T21:43:07.332+09:00 DEBUG 2284 --- [Shift Scheduler Demo] [           main] org.hibernate.SQL                        : select sa1_0.id,sa1_0.employee_id,sa1_0.end_time,sa1_0.shift_name,sa1_0.start_time,sa1_0.work_date from shift_assignments sa1_0 where sa1_0.work_date=?
Hibernate: select sa1_0.id,sa1_0.employee_id,sa1_0.end_time,sa1_0.shift_name,sa1_0.start_time,sa1_0.work_date from shift_assignments sa1_0 where sa1_0.work_date=?
2025-10-13T21:43:07.332+09:00 DEBUG 2284 --- [Shift Scheduler Demo] [           main] org.hibernate.SQL                        : select sa1_0.id,sa1_0.employee_id,sa1_0.end_time,sa1_0.shift_name,sa1_0.start_time,sa1_0.work_date from shift_assignments sa1_0 where sa1_0.work_date=?
Hibernate: select sa1_0.id,sa1_0.employee_id,sa1_0.end_time,sa1_0.shift_name,sa1_0.start_time,sa1_0.work_date from shift_assignments sa1_0 where sa1_0.work_date=?
2025-10-13T21:43:07.332+09:00 DEBUG 2284 --- [Shift Scheduler Demo] [           main] org.hibernate.SQL                        : select sa1_0.id,sa1_0.employee_id,sa1_0.end_time,sa1_0.shift_name,sa1_0.start_time,sa1_0.work_date from shift_assignments sa1_0 where sa1_0.work_date=?
Hibernate: select sa1_0.id,sa1_0.employee_id,sa1_0.end_time,sa1_0.shift_name,sa1_0.start_time,sa1_0.work_date from shift_assignments sa1_0 where sa1_0.work_date=?
2025-10-13T21:43:07.332+09:00 DEBUG 2284 --- [Shift Scheduler Demo] [           main] org.hibernate.SQL                        : select sa1_0.id,sa1_0.employee_id,sa1_0.end_time,sa1_0.shift_name,sa1_0.start_time,sa1_0.work_date from shift_assignments sa1_0 where sa1_0.work_date=?
Hibernate: select sa1_0.id,sa1_0.employee_id,sa1_0.end_time,sa1_0.shift_name,sa1_0.start_time,sa1_0.work_date from shift_assignments sa1_0 where sa1_0.work_date=?
2025-10-13T21:43:07.332+09:00 DEBUG 2284 --- [Shift Scheduler Demo] [           main] org.hibernate.SQL                        : select sa1_0.id,sa1_0.employee_id,sa1_0.end_time,sa1_0.shift_name,sa1_0.start_time,sa1_0.work_date from shift_assignments sa1_0 where sa1_0.work_date=?
Hibernate: select sa1_0.id,sa1_0.employee_id,sa1_0.end_time,sa1_0.shift_name,sa1_0.start_time,sa1_0.work_date from shift_assignments sa1_0 where sa1_0.work_date=?
2025-10-13T21:43:07.332+09:00 DEBUG 2284 --- [Shift Scheduler Demo] [           main] org.hibernate.SQL                        : select sa1_0.id,sa1_0.employee_id,sa1_0.end_time,sa1_0.shift_name,sa1_0.start_time,sa1_0.work_date from shift_assignments sa1_0 where sa1_0.work_date=?
Hibernate: select sa1_0.id,sa1_0.employee_id,sa1_0.end_time,sa1_0.shift_name,sa1_0.start_time,sa1_0.work_date from shift_assignments sa1_0 where sa1_0.work_date=?
2025-10-13T21:43:07.332+09:00 DEBUG 2284 --- [Shift Scheduler Demo] [           main] org.hibernate.SQL                        : select sa1_0.id,sa1_0.employee_id,sa1_0.end_time,sa1_0.shift_name,sa1_0.start_time,sa1_0.work_date from shift_assignments sa1_0 where sa1_0.work_date=?
Hibernate: select sa1_0.id,sa1_0.employee_id,sa1_0.end_time,sa1_0.shift_name,sa1_0.start_time,sa1_0.work_date from shift_assignments sa1_0 where sa1_0.work_date=?
2025-10-13T21:43:07.332+09:00 DEBUG 2284 --- [Shift Scheduler Demo] [           main] org.hibernate.SQL                        : select sa1_0.id,sa1_0.employee_id,sa1_0.end_time,sa1_0.shift_name,sa1_0.start_time,sa1_0.work_date from shift_assignments sa1_0 where sa1_0.work_date=?
Hibernate: select sa1_0.id,sa1_0.employee_id,sa1_0.end_time,sa1_0.shift_name,sa1_0.start_time,sa1_0.work_date from shift_assignments sa1_0 where sa1_0.work_date=?
2025-10-13T21:43:07.332+09:00 DEBUG 2284 --- [Shift Scheduler Demo] [           main] org.hibernate.SQL                        : select sa1_0.id,sa1_0.employee_id,sa1_0.end_time,sa1_0.shift_name,sa1_0.start_time,sa1_0.work_date from shift_assignments sa1_0 where sa1_0.work_date=?
Hibernate: select sa1_0.id,sa1_0.employee_id,sa1_0.end_time,sa1_0.shift_name,sa1_0.start_time,sa1_0.work_date from shift_assignments sa1_0 where sa1_0.work_date=?
2025-10-13T21:43:07.332+09:00  INFO 2284 --- [Shift Scheduler Demo] [           main] c.e.shiftv1.schedule.ScheduleService     : 既存のシフト割り当てを削除しました: 2024-07-01 から 2024-07-31
2025-10-13T21:43:07.332+09:00 DEBUG 2284 --- [Shift Scheduler Demo] [           main] org.hibernate.SQL                        : select sc1_0.id,sc1_0.is_active,sc1_0.created_at,sc1_0.day_of_week,sc1_0.end_time,sc1_0.is_holiday,sc1_0.name,sc1_0.required_employees,sc1_0.start_time,sc1_0.updated_at from shift_config sc1_0 where sc1_0.is_active=1
Hibernate: select sc1_0.id,sc1_0.is_active,sc1_0.created_at,sc1_0.day_of_week,sc1_0.end_time,sc1_0.is_holiday,sc1_0.name,sc1_0.required_employees,sc1_0.start_time,sc1_0.updated_at from shift_config sc1_0 where sc1_0.is_active=1
2025-10-13T21:43:07.345+09:00 DEBUG 2284 --- [Shift Scheduler Demo] [           main] org.hibernate.SQL                        : select d1_0.shift_config_id,d1_0.day_of_week from shift_config_days d1_0 where d1_0.shift_config_id=?
Hibernate: select d1_0.shift_config_id,d1_0.day_of_week from shift_config_days d1_0 where d1_0.shift_config_id=?
2025-10-13T21:43:07.346+09:00 DEBUG 2284 --- [Shift Scheduler Demo] [           main] org.hibernate.SQL                        : select d1_0.shift_config_id,d1_0.day_of_week from shift_config_days d1_0 where d1_0.shift_config_id=?
Hibernate: select d1_0.shift_config_id,d1_0.day_of_week from shift_config_days d1_0 where d1_0.shift_config_id=?
2025-10-13T21:43:07.346+09:00 DEBUG 2284 --- [Shift Scheduler Demo] [           main] org.hibernate.SQL                        : select d1_0.shift_config_id,d1_0.day_of_week from shift_config_days d1_0 where d1_0.shift_config_id=?
Hibernate: select d1_0.shift_config_id,d1_0.day_of_week from shift_config_days d1_0 where d1_0.shift_config_id=?
2025-10-13T21:43:07.346+09:00 DEBUG 2284 --- [Shift Scheduler Demo] [           main] org.hibernate.SQL                        : select d1_0.shift_config_id,d1_0.day_of_week from shift_config_days d1_0 where d1_0.shift_config_id=?
Hibernate: select d1_0.shift_config_id,d1_0.day_of_week from shift_config_days d1_0 where d1_0.shift_config_id=?
2025-10-13T21:43:07.346+09:00 DEBUG 2284 --- [Shift Scheduler Demo] [           main] org.hibernate.SQL                        : select d1_0.shift_config_id,d1_0.day_of_week from shift_config_days d1_0 where d1_0.shift_config_id=?
Hibernate: select d1_0.shift_config_id,d1_0.day_of_week from shift_config_days d1_0 where d1_0.shift_config_id=?
2025-10-13T21:43:07.346+09:00 DEBUG 2284 --- [Shift Scheduler Demo] [           main] org.hibernate.SQL                        : select d1_0.shift_config_id,d1_0.day_of_week from shift_config_days d1_0 where d1_0.shift_config_id=?
Hibernate: select d1_0.shift_config_id,d1_0.day_of_week from shift_config_days d1_0 where d1_0.shift_config_id=?
2025-10-13T21:43:07.348+09:00 DEBUG 2284 --- [Shift Scheduler Demo] [           main] org.hibernate.SQL                        : select ec1_0.id,ec1_0.is_active,ec1_0.created_at,ec1_0.date,ec1_0.employee_id,ec1_0.end_time,ec1_0.reason,ec1_0.start_time,ec1_0.type,ec1_0.updated_at from employee_constraints ec1_0 where ec1_0.date between ? and ? and ec1_0.is_active=1
Hibernate: select ec1_0.id,ec1_0.is_active,ec1_0.created_at,ec1_0.date,ec1_0.employee_id,ec1_0.end_time,ec1_0.reason,ec1_0.start_time,ec1_0.type,ec1_0.updated_at from employee_constraints ec1_0 where ec1_0.date between ? and ? and ec1_0.is_active=1
2025-10-13T21:43:07.350+09:00 DEBUG 2284 --- [Shift Scheduler Demo] [           main] org.hibernate.SQL                        : select h1_0.date from holidays h1_0 where h1_0.date between ? and ?
Hibernate: select h1_0.date from holidays h1_0 where h1_0.date between ? and ?
2025-10-13T21:43:07.355+09:00 DEBUG 2284 --- [Shift Scheduler Demo] [           main] org.hibernate.SQL                        : insert into shift_assignments (employee_id,end_time,shift_name,start_time,work_date) values (?,?,?,?,?)
Hibernate: insert into shift_assignments (employee_id,end_time,shift_name,start_time,work_date) values (?,?,?,?,?)
2025-10-13T21:43:07.356+09:00 DEBUG 2284 --- [Shift Scheduler Demo] [           main] org.hibernate.SQL                        : select last_insert_rowid()
Hibernate: select last_insert_rowid()
2025-10-13T21:43:07.356+09:00 DEBUG 2284 --- [Shift Scheduler Demo] [           main] org.hibernate.SQL                        : insert into shift_assignments (employee_id,end_time,shift_name,start_time,work_date) values (?,?,?,?,?)
Hibernate: insert into shift_assignments (employee_id,end_time,shift_name,start_time,work_date) values (?,?,?,?,?)
2025-10-13T21:43:07.356+09:00 DEBUG 2284 --- [Shift Scheduler Demo] [           main] org.hibernate.SQL                        : select last_insert_rowid()
Hibernate: select last_insert_rowid()
2025-10-13T21:43:07.357+09:00 DEBUG 2284 --- [Shift Scheduler Demo] [           main] org.hibernate.SQL                        : insert into shift_assignments (employee_id,end_time,shift_name,start_time,work_date) values (?,?,?,?,?)
Hibernate: insert into shift_assignments (employee_id,end_time,shift_name,start_time,work_date) values (?,?,?,?,?)
2025-10-13T21:43:07.357+09:00 DEBUG 2284 --- [Shift Scheduler Demo] [           main] org.hibernate.SQL                        : select last_insert_rowid()
Hibernate: select last_insert_rowid()
2025-10-13T21:43:07.357+09:00 DEBUG 2284 --- [Shift Scheduler Demo] [           main] org.hibernate.SQL                        : insert into shift_assignments (employee_id,end_time,shift_name,start_time,work_date) values (?,?,?,?,?)
Hibernate: insert into shift_assignments (employee_id,end_time,shift_name,start_time,work_date) values (?,?,?,?,?)
2025-10-13T21:43:07.357+09:00 DEBUG 2284 --- [Shift Scheduler Demo] [           main] org.hibernate.SQL                        : select last_insert_rowid()
Hibernate: select last_insert_rowid()
2025-10-13T21:43:07.357+09:00 DEBUG 2284 --- [Shift Scheduler Demo] [           main] org.hibernate.SQL                        : insert into shift_assignments (employee_id,end_time,shift_name,start_time,work_date) values (?,?,?,?,?)
Hibernate: insert into shift_assignments (employee_id,end_time,shift_name,start_time,work_date) values (?,?,?,?,?)
2025-10-13T21:43:07.357+09:00 DEBUG 2284 --- [Shift Scheduler Demo] [           main] org.hibernate.SQL                        : select last_insert_rowid()
Hibernate: select last_insert_rowid()
2025-10-13T21:43:07.358+09:00 DEBUG 2284 --- [Shift Scheduler Demo] [           main] org.hibernate.SQL                        : insert into shift_assignments (employee_id,end_time,shift_name,start_time,work_date) values (?,?,?,?,?)
Hibernate: insert into shift_assignments (employee_id,end_time,shift_name,start_time,work_date) values (?,?,?,?,?)
2025-10-13T21:43:07.358+09:00 DEBUG 2284 --- [Shift Scheduler Demo] [           main] org.hibernate.SQL                        : select last_insert_rowid()
Hibernate: select last_insert_rowid()
2025-10-13T21:43:07.361+09:00 DEBUG 2284 --- [Shift Scheduler Demo] [           main] org.hibernate.SQL                        : insert into shift_assignments (employee_id,end_time,shift_name,start_time,work_date) values (?,?,?,?,?)
Hibernate: insert into shift_assignments (employee_id,end_time,shift_name,start_time,work_date) values (?,?,?,?,?)
2025-10-13T21:43:07.361+09:00 DEBUG 2284 --- [Shift Scheduler Demo] [           main] org.hibernate.SQL                        : select last_insert_rowid()
Hibernate: select last_insert_rowid()
2025-10-13T21:43:07.362+09:00 DEBUG 2284 --- [Shift Scheduler Demo] [           main] org.hibernate.SQL                        : insert into shift_assignments (employee_id,end_time,shift_name,start_time,work_date) values (?,?,?,?,?)
Hibernate: insert into shift_assignments (employee_id,end_time,shift_name,start_time,work_date) values (?,?,?,?,?)
2025-10-13T21:43:07.362+09:00 DEBUG 2284 --- [Shift Scheduler Demo] [           main] org.hibernate.SQL                        : select last_insert_rowid()
Hibernate: select last_insert_rowid()
2025-10-13T21:43:07.362+09:00 DEBUG 2284 --- [Shift Scheduler Demo] [           main] org.hibernate.SQL                        : insert into shift_assignments (employee_id,end_time,shift_name,start_time,work_date) values (?,?,?,?,?)
Hibernate: insert into shift_assignments (employee_id,end_time,shift_name,start_time,work_date) values (?,?,?,?,?)
2025-10-13T21:43:07.363+09:00 DEBUG 2284 --- [Shift Scheduler Demo] [           main] org.hibernate.SQL                        : select last_insert_rowid()
Hibernate: select last_insert_rowid()
2025-10-13T21:43:07.363+09:00 DEBUG 2284 --- [Shift Scheduler Demo] [           main] org.hibernate.SQL                        : insert into shift_assignments (employee_id,end_time,shift_name,start_time,work_date) values (?,?,?,?,?)
Hibernate: insert into shift_assignments (employee_id,end_time,shift_name,start_time,work_date) values (?,?,?,?,?)
2025-10-13T21:43:07.363+09:00 DEBUG 2284 --- [Shift Scheduler Demo] [           main] org.hibernate.SQL                        : select last_insert_rowid()
Hibernate: select last_insert_rowid()
2025-10-13T21:43:07.363+09:00 DEBUG 2284 --- [Shift Scheduler Demo] [           main] org.hibernate.SQL                        : insert into shift_assignments (employee_id,end_time,shift_name,start_time,work_date) values (?,?,?,?,?)
Hibernate: insert into shift_assignments (employee_id,end_time,shift_name,start_time,work_date) values (?,?,?,?,?)
2025-10-13T21:43:07.363+09:00 DEBUG 2284 --- [Shift Scheduler Demo] [           main] org.hibernate.SQL                        : select last_insert_rowid()
Hibernate: select last_insert_rowid()
2025-10-13T21:43:07.363+09:00 DEBUG 2284 --- [Shift Scheduler Demo] [           main] org.hibernate.SQL                        : insert into shift_assignments (employee_id,end_time,shift_name,start_time,work_date) values (?,?,?,?,?)
Hibernate: insert into shift_assignments (employee_id,end_time,shift_name,start_time,work_date) values (?,?,?,?,?)
2025-10-13T21:43:07.363+09:00 DEBUG 2284 --- [Shift Scheduler Demo] [           main] org.hibernate.SQL                        : select last_insert_rowid()
Hibernate: select last_insert_rowid()
2025-10-13T21:43:07.364+09:00 DEBUG 2284 --- [Shift Scheduler Demo] [           main] org.hibernate.SQL                        : insert into shift_assignments (employee_id,end_time,shift_name,start_time,work_date) values (?,?,?,?,?)
Hibernate: insert into shift_assignments (employee_id,end_time,shift_name,start_time,work_date) values (?,?,?,?,?)
2025-10-13T21:43:07.364+09:00 DEBUG 2284 --- [Shift Scheduler Demo] [           main] org.hibernate.SQL                        : select last_insert_rowid()
Hibernate: select last_insert_rowid()
2025-10-13T21:43:07.364+09:00 DEBUG 2284 --- [Shift Scheduler Demo] [           main] org.hibernate.SQL                        : insert into shift_assignments (employee_id,end_time,shift_name,start_time,work_date) values (?,?,?,?,?)
Hibernate: insert into shift_assignments (employee_id,end_time,shift_name,start_time,work_date) values (?,?,?,?,?)
2025-10-13T21:43:07.364+09:00 DEBUG 2284 --- [Shift Scheduler Demo] [           main] org.hibernate.SQL                        : select last_insert_rowid()
Hibernate: select last_insert_rowid()
2025-10-13T21:43:07.364+09:00 DEBUG 2284 --- [Shift Scheduler Demo] [           main] org.hibernate.SQL                        : insert into shift_assignments (employee_id,end_time,shift_name,start_time,work_date) values (?,?,?,?,?)
Hibernate: insert into shift_assignments (employee_id,end_time,shift_name,start_time,work_date) values (?,?,?,?,?)
2025-10-13T21:43:07.364+09:00 DEBUG 2284 --- [Shift Scheduler Demo] [           main] org.hibernate.SQL                        : select last_insert_rowid()
Hibernate: select last_insert_rowid()
2025-10-13T21:43:07.364+09:00 DEBUG 2284 --- [Shift Scheduler Demo] [           main] org.hibernate.SQL                        : insert into shift_assignments (employee_id,end_time,shift_name,start_time,work_date) values (?,?,?,?,?)
Hibernate: insert into shift_assignments (employee_id,end_time,shift_name,start_time,work_date) values (?,?,?,?,?)
2025-10-13T21:43:07.364+09:00 DEBUG 2284 --- [Shift Scheduler Demo] [           main] org.hibernate.SQL                        : select last_insert_rowid()
Hibernate: select last_insert_rowid()
2025-10-13T21:43:07.365+09:00 DEBUG 2284 --- [Shift Scheduler Demo] [           main] org.hibernate.SQL                        : insert into shift_assignments (employee_id,end_time,shift_name,start_time,work_date) values (?,?,?,?,?)
Hibernate: insert into shift_assignments (employee_id,end_time,shift_name,start_time,work_date) values (?,?,?,?,?)
2025-10-13T21:43:07.365+09:00 DEBUG 2284 --- [Shift Scheduler Demo] [           main] org.hibernate.SQL                        : select last_insert_rowid()
Hibernate: select last_insert_rowid()
2025-10-13T21:43:07.365+09:00 DEBUG 2284 --- [Shift Scheduler Demo] [           main] org.hibernate.SQL                        : insert into shift_assignments (employee_id,end_time,shift_name,start_time,work_date) values (?,?,?,?,?)
Hibernate: insert into shift_assignments (employee_id,end_time,shift_name,start_time,work_date) values (?,?,?,?,?)
2025-10-13T21:43:07.365+09:00 DEBUG 2284 --- [Shift Scheduler Demo] [           main] org.hibernate.SQL                        : select last_insert_rowid()
Hibernate: select last_insert_rowid()
2025-10-13T21:43:07.365+09:00 DEBUG 2284 --- [Shift Scheduler Demo] [           main] org.hibernate.SQL                        : insert into shift_assignments (employee_id,end_time,shift_name,start_time,work_date) values (?,?,?,?,?)
Hibernate: insert into shift_assignments (employee_id,end_time,shift_name,start_time,work_date) values (?,?,?,?,?)
2025-10-13T21:43:07.365+09:00 DEBUG 2284 --- [Shift Scheduler Demo] [           main] org.hibernate.SQL                        : select last_insert_rowid()
Hibernate: select last_insert_rowid()
2025-10-13T21:43:07.365+09:00 DEBUG 2284 --- [Shift Scheduler Demo] [           main] org.hibernate.SQL                        : insert into shift_assignments (employee_id,end_time,shift_name,start_time,work_date) values (?,?,?,?,?)
Hibernate: insert into shift_assignments (employee_id,end_time,shift_name,start_time,work_date) values (?,?,?,?,?)
2025-10-13T21:43:07.365+09:00 DEBUG 2284 --- [Shift Scheduler Demo] [           main] org.hibernate.SQL                        : select last_insert_rowid()
Hibernate: select last_insert_rowid()
2025-10-13T21:43:07.366+09:00 DEBUG 2284 --- [Shift Scheduler Demo] [           main] org.hibernate.SQL                        : insert into shift_assignments (employee_id,end_time,shift_name,start_time,work_date) values (?,?,?,?,?)
Hibernate: insert into shift_assignments (employee_id,end_time,shift_name,start_time,work_date) values (?,?,?,?,?)
2025-10-13T21:43:07.366+09:00 DEBUG 2284 --- [Shift Scheduler Demo] [           main] org.hibernate.SQL                        : select last_insert_rowid()
Hibernate: select last_insert_rowid()
2025-10-13T21:43:07.366+09:00 DEBUG 2284 --- [Shift Scheduler Demo] [           main] org.hibernate.SQL                        : insert into shift_assignments (employee_id,end_time,shift_name,start_time,work_date) values (?,?,?,?,?)
Hibernate: insert into shift_assignments (employee_id,end_time,shift_name,start_time,work_date) values (?,?,?,?,?)
2025-10-13T21:43:07.366+09:00 DEBUG 2284 --- [Shift Scheduler Demo] [           main] org.hibernate.SQL                        : select last_insert_rowid()
Hibernate: select last_insert_rowid()
2025-10-13T21:43:07.366+09:00 DEBUG 2284 --- [Shift Scheduler Demo] [           main] org.hibernate.SQL                        : insert into shift_assignments (employee_id,end_time,shift_name,start_time,work_date) values (?,?,?,?,?)
Hibernate: insert into shift_assignments (employee_id,end_time,shift_name,start_time,work_date) values (?,?,?,?,?)
2025-10-13T21:43:07.366+09:00 DEBUG 2284 --- [Shift Scheduler Demo] [           main] org.hibernate.SQL                        : select last_insert_rowid()
Hibernate: select last_insert_rowid()
2025-10-13T21:43:07.366+09:00 DEBUG 2284 --- [Shift Scheduler Demo] [           main] org.hibernate.SQL                        : insert into shift_assignments (employee_id,end_time,shift_name,start_time,work_date) values (?,?,?,?,?)
Hibernate: insert into shift_assignments (employee_id,end_time,shift_name,start_time,work_date) values (?,?,?,?,?)
2025-10-13T21:43:07.366+09:00 DEBUG 2284 --- [Shift Scheduler Demo] [           main] org.hibernate.SQL                        : select last_insert_rowid()
Hibernate: select last_insert_rowid()
2025-10-13T21:43:07.367+09:00 DEBUG 2284 --- [Shift Scheduler Demo] [           main] org.hibernate.SQL                        : insert into shift_assignments (employee_id,end_time,shift_name,start_time,work_date) values (?,?,?,?,?)
Hibernate: insert into shift_assignments (employee_id,end_time,shift_name,start_time,work_date) values (?,?,?,?,?)
2025-10-13T21:43:07.367+09:00 DEBUG 2284 --- [Shift Scheduler Demo] [           main] org.hibernate.SQL                        : select last_insert_rowid()
Hibernate: select last_insert_rowid()
2025-10-13T21:43:07.367+09:00 DEBUG 2284 --- [Shift Scheduler Demo] [           main] org.hibernate.SQL                        : insert into shift_assignments (employee_id,end_time,shift_name,start_time,work_date) values (?,?,?,?,?)
Hibernate: insert into shift_assignments (employee_id,end_time,shift_name,start_time,work_date) values (?,?,?,?,?)
2025-10-13T21:43:07.367+09:00 DEBUG 2284 --- [Shift Scheduler Demo] [           main] org.hibernate.SQL                        : select last_insert_rowid()
Hibernate: select last_insert_rowid()
2025-10-13T21:43:07.367+09:00 DEBUG 2284 --- [Shift Scheduler Demo] [           main] org.hibernate.SQL                        : insert into shift_assignments (employee_id,end_time,shift_name,start_time,work_date) values (?,?,?,?,?)
Hibernate: insert into shift_assignments (employee_id,end_time,shift_name,start_time,work_date) values (?,?,?,?,?)
2025-10-13T21:43:07.367+09:00 DEBUG 2284 --- [Shift Scheduler Demo] [           main] org.hibernate.SQL                        : select last_insert_rowid()
Hibernate: select last_insert_rowid()
2025-10-13T21:43:07.367+09:00 DEBUG 2284 --- [Shift Scheduler Demo] [           main] org.hibernate.SQL                        : insert into shift_assignments (employee_id,end_time,shift_name,start_time,work_date) values (?,?,?,?,?)
Hibernate: insert into shift_assignments (employee_id,end_time,shift_name,start_time,work_date) values (?,?,?,?,?)
2025-10-13T21:43:07.367+09:00 DEBUG 2284 --- [Shift Scheduler Demo] [           main] org.hibernate.SQL                        : select last_insert_rowid()
Hibernate: select last_insert_rowid()
2025-10-13T21:43:07.367+09:00 DEBUG 2284 --- [Shift Scheduler Demo] [           main] org.hibernate.SQL                        : insert into shift_assignments (employee_id,end_time,shift_name,start_time,work_date) values (?,?,?,?,?)
Hibernate: insert into shift_assignments (employee_id,end_time,shift_name,start_time,work_date) values (?,?,?,?,?)
2025-10-13T21:43:07.368+09:00 DEBUG 2284 --- [Shift Scheduler Demo] [           main] org.hibernate.SQL                        : select last_insert_rowid()
Hibernate: select last_insert_rowid()
2025-10-13T21:43:07.368+09:00 DEBUG 2284 --- [Shift Scheduler Demo] [           main] org.hibernate.SQL                        : insert into shift_assignments (employee_id,end_time,shift_name,start_time,work_date) values (?,?,?,?,?)
Hibernate: insert into shift_assignments (employee_id,end_time,shift_name,start_time,work_date) values (?,?,?,?,?)
2025-10-13T21:43:07.368+09:00 DEBUG 2284 --- [Shift Scheduler Demo] [           main] org.hibernate.SQL                        : select last_insert_rowid()
Hibernate: select last_insert_rowid()
2025-10-13T21:43:07.368+09:00 DEBUG 2284 --- [Shift Scheduler Demo] [           main] org.hibernate.SQL                        : insert into shift_assignments (employee_id,end_time,shift_name,start_time,work_date) values (?,?,?,?,?)
Hibernate: insert into shift_assignments (employee_id,end_time,shift_name,start_time,work_date) values (?,?,?,?,?)
2025-10-13T21:43:07.368+09:00 DEBUG 2284 --- [Shift Scheduler Demo] [           main] org.hibernate.SQL                        : select last_insert_rowid()
Hibernate: select last_insert_rowid()
2025-10-13T21:43:07.368+09:00 DEBUG 2284 --- [Shift Scheduler Demo] [           main] org.hibernate.SQL                        : insert into shift_assignments (employee_id,end_time,shift_name,start_time,work_date) values (?,?,?,?,?)
Hibernate: insert into shift_assignments (employee_id,end_time,shift_name,start_time,work_date) values (?,?,?,?,?)
2025-10-13T21:43:07.368+09:00 DEBUG 2284 --- [Shift Scheduler Demo] [           main] org.hibernate.SQL                        : select last_insert_rowid()
Hibernate: select last_insert_rowid()
2025-10-13T21:43:07.368+09:00 DEBUG 2284 --- [Shift Scheduler Demo] [           main] org.hibernate.SQL                        : insert into shift_assignments (employee_id,end_time,shift_name,start_time,work_date) values (?,?,?,?,?)
Hibernate: insert into shift_assignments (employee_id,end_time,shift_name,start_time,work_date) values (?,?,?,?,?)
2025-10-13T21:43:07.368+09:00 DEBUG 2284 --- [Shift Scheduler Demo] [           main] org.hibernate.SQL                        : select last_insert_rowid()
Hibernate: select last_insert_rowid()
2025-10-13T21:43:07.369+09:00 DEBUG 2284 --- [Shift Scheduler Demo] [           main] org.hibernate.SQL                        : insert into shift_assignments (employee_id,end_time,shift_name,start_time,work_date) values (?,?,?,?,?)
Hibernate: insert into shift_assignments (employee_id,end_time,shift_name,start_time,work_date) values (?,?,?,?,?)
2025-10-13T21:43:07.369+09:00 DEBUG 2284 --- [Shift Scheduler Demo] [           main] org.hibernate.SQL                        : select last_insert_rowid()
Hibernate: select last_insert_rowid()
2025-10-13T21:43:07.369+09:00 DEBUG 2284 --- [Shift Scheduler Demo] [           main] org.hibernate.SQL                        : insert into shift_assignments (employee_id,end_time,shift_name,start_time,work_date) values (?,?,?,?,?)
Hibernate: insert into shift_assignments (employee_id,end_time,shift_name,start_time,work_date) values (?,?,?,?,?)
2025-10-13T21:43:07.369+09:00 DEBUG 2284 --- [Shift Scheduler Demo] [           main] org.hibernate.SQL                        : select last_insert_rowid()
Hibernate: select last_insert_rowid()
2025-10-13T21:43:07.369+09:00 DEBUG 2284 --- [Shift Scheduler Demo] [           main] org.hibernate.SQL                        : insert into shift_assignments (employee_id,end_time,shift_name,start_time,work_date) values (?,?,?,?,?)
Hibernate: insert into shift_assignments (employee_id,end_time,shift_name,start_time,work_date) values (?,?,?,?,?)
2025-10-13T21:43:07.369+09:00 DEBUG 2284 --- [Shift Scheduler Demo] [           main] org.hibernate.SQL                        : select last_insert_rowid()
Hibernate: select last_insert_rowid()
2025-10-13T21:43:07.369+09:00 DEBUG 2284 --- [Shift Scheduler Demo] [           main] org.hibernate.SQL                        : insert into shift_assignments (employee_id,end_time,shift_name,start_time,work_date) values (?,?,?,?,?)
Hibernate: insert into shift_assignments (employee_id,end_time,shift_name,start_time,work_date) values (?,?,?,?,?)
2025-10-13T21:43:07.369+09:00 DEBUG 2284 --- [Shift Scheduler Demo] [           main] org.hibernate.SQL                        : select last_insert_rowid()
Hibernate: select last_insert_rowid()
2025-10-13T21:43:07.369+09:00 DEBUG 2284 --- [Shift Scheduler Demo] [           main] org.hibernate.SQL                        : insert into shift_assignments (employee_id,end_time,shift_name,start_time,work_date) values (?,?,?,?,?)
Hibernate: insert into shift_assignments (employee_id,end_time,shift_name,start_time,work_date) values (?,?,?,?,?)
2025-10-13T21:43:07.370+09:00 DEBUG 2284 --- [Shift Scheduler Demo] [           main] org.hibernate.SQL                        : select last_insert_rowid()
Hibernate: select last_insert_rowid()
2025-10-13T21:43:07.370+09:00 DEBUG 2284 --- [Shift Scheduler Demo] [           main] org.hibernate.SQL                        : insert into shift_assignments (employee_id,end_time,shift_name,start_time,work_date) values (?,?,?,?,?)
Hibernate: insert into shift_assignments (employee_id,end_time,shift_name,start_time,work_date) values (?,?,?,?,?)
2025-10-13T21:43:07.370+09:00 DEBUG 2284 --- [Shift Scheduler Demo] [           main] org.hibernate.SQL                        : select last_insert_rowid()
Hibernate: select last_insert_rowid()
2025-10-13T21:43:07.370+09:00 DEBUG 2284 --- [Shift Scheduler Demo] [           main] org.hibernate.SQL                        : insert into shift_assignments (employee_id,end_time,shift_name,start_time,work_date) values (?,?,?,?,?)
Hibernate: insert into shift_assignments (employee_id,end_time,shift_name,start_time,work_date) values (?,?,?,?,?)
2025-10-13T21:43:07.370+09:00 DEBUG 2284 --- [Shift Scheduler Demo] [           main] org.hibernate.SQL                        : select last_insert_rowid()
Hibernate: select last_insert_rowid()
2025-10-13T21:43:07.370+09:00 DEBUG 2284 --- [Shift Scheduler Demo] [           main] org.hibernate.SQL                        : insert into shift_assignments (employee_id,end_time,shift_name,start_time,work_date) values (?,?,?,?,?)
Hibernate: insert into shift_assignments (employee_id,end_time,shift_name,start_time,work_date) values (?,?,?,?,?)
2025-10-13T21:43:07.370+09:00 DEBUG 2284 --- [Shift Scheduler Demo] [           main] org.hibernate.SQL                        : select last_insert_rowid()
Hibernate: select last_insert_rowid()
2025-10-13T21:43:07.370+09:00 DEBUG 2284 --- [Shift Scheduler Demo] [           main] org.hibernate.SQL                        : insert into shift_assignments (employee_id,end_time,shift_name,start_time,work_date) values (?,?,?,?,?)
Hibernate: insert into shift_assignments (employee_id,end_time,shift_name,start_time,work_date) values (?,?,?,?,?)
2025-10-13T21:43:07.371+09:00 DEBUG 2284 --- [Shift Scheduler Demo] [           main] org.hibernate.SQL                        : select last_insert_rowid()
Hibernate: select last_insert_rowid()
2025-10-13T21:43:07.371+09:00 DEBUG 2284 --- [Shift Scheduler Demo] [           main] org.hibernate.SQL                        : insert into shift_assignments (employee_id,end_time,shift_name,start_time,work_date) values (?,?,?,?,?)
Hibernate: insert into shift_assignments (employee_id,end_time,shift_name,start_time,work_date) values (?,?,?,?,?)
2025-10-13T21:43:07.371+09:00 DEBUG 2284 --- [Shift Scheduler Demo] [           main] org.hibernate.SQL                        : select last_insert_rowid()
Hibernate: select last_insert_rowid()
2025-10-13T21:43:07.371+09:00 DEBUG 2284 --- [Shift Scheduler Demo] [           main] org.hibernate.SQL                        : insert into shift_assignments (employee_id,end_time,shift_name,start_time,work_date) values (?,?,?,?,?)
Hibernate: insert into shift_assignments (employee_id,end_time,shift_name,start_time,work_date) values (?,?,?,?,?)
2025-10-13T21:43:07.371+09:00 DEBUG 2284 --- [Shift Scheduler Demo] [           main] org.hibernate.SQL                        : select last_insert_rowid()
Hibernate: select last_insert_rowid()
2025-10-13T21:43:07.371+09:00 DEBUG 2284 --- [Shift Scheduler Demo] [           main] org.hibernate.SQL                        : insert into shift_assignments (employee_id,end_time,shift_name,start_time,work_date) values (?,?,?,?,?)
Hibernate: insert into shift_assignments (employee_id,end_time,shift_name,start_time,work_date) values (?,?,?,?,?)
2025-10-13T21:43:07.371+09:00 DEBUG 2284 --- [Shift Scheduler Demo] [           main] org.hibernate.SQL                        : select last_insert_rowid()
Hibernate: select last_insert_rowid()
2025-10-13T21:43:07.371+09:00 DEBUG 2284 --- [Shift Scheduler Demo] [           main] org.hibernate.SQL                        : insert into shift_assignments (employee_id,end_time,shift_name,start_time,work_date) values (?,?,?,?,?)
Hibernate: insert into shift_assignments (employee_id,end_time,shift_name,start_time,work_date) values (?,?,?,?,?)
2025-10-13T21:43:07.372+09:00 DEBUG 2284 --- [Shift Scheduler Demo] [           main] org.hibernate.SQL                        : select last_insert_rowid()
Hibernate: select last_insert_rowid()
2025-10-13T21:43:07.372+09:00 DEBUG 2284 --- [Shift Scheduler Demo] [           main] org.hibernate.SQL                        : insert into shift_assignments (employee_id,end_time,shift_name,start_time,work_date) values (?,?,?,?,?)
Hibernate: insert into shift_assignments (employee_id,end_time,shift_name,start_time,work_date) values (?,?,?,?,?)
2025-10-13T21:43:07.372+09:00 DEBUG 2284 --- [Shift Scheduler Demo] [           main] org.hibernate.SQL                        : select last_insert_rowid()
Hibernate: select last_insert_rowid()
2025-10-13T21:43:07.372+09:00 DEBUG 2284 --- [Shift Scheduler Demo] [           main] org.hibernate.SQL                        : insert into shift_assignments (employee_id,end_time,shift_name,start_time,work_date) values (?,?,?,?,?)
Hibernate: insert into shift_assignments (employee_id,end_time,shift_name,start_time,work_date) values (?,?,?,?,?)
2025-10-13T21:43:07.372+09:00 DEBUG 2284 --- [Shift Scheduler Demo] [           main] org.hibernate.SQL                        : select last_insert_rowid()
Hibernate: select last_insert_rowid()
2025-10-13T21:43:07.372+09:00 DEBUG 2284 --- [Shift Scheduler Demo] [           main] org.hibernate.SQL                        : insert into shift_assignments (employee_id,end_time,shift_name,start_time,work_date) values (?,?,?,?,?)
Hibernate: insert into shift_assignments (employee_id,end_time,shift_name,start_time,work_date) values (?,?,?,?,?)
2025-10-13T21:43:07.372+09:00 DEBUG 2284 --- [Shift Scheduler Demo] [           main] org.hibernate.SQL                        : select last_insert_rowid()
Hibernate: select last_insert_rowid()
2025-10-13T21:43:07.373+09:00 DEBUG 2284 --- [Shift Scheduler Demo] [           main] org.hibernate.SQL                        : insert into shift_assignments (employee_id,end_time,shift_name,start_time,work_date) values (?,?,?,?,?)
Hibernate: insert into shift_assignments (employee_id,end_time,shift_name,start_time,work_date) values (?,?,?,?,?)
2025-10-13T21:43:07.373+09:00 DEBUG 2284 --- [Shift Scheduler Demo] [           main] org.hibernate.SQL                        : select last_insert_rowid()
Hibernate: select last_insert_rowid()
2025-10-13T21:43:07.373+09:00 DEBUG 2284 --- [Shift Scheduler Demo] [           main] org.hibernate.SQL                        : insert into shift_assignments (employee_id,end_time,shift_name,start_time,work_date) values (?,?,?,?,?)
Hibernate: insert into shift_assignments (employee_id,end_time,shift_name,start_time,work_date) values (?,?,?,?,?)
2025-10-13T21:43:07.373+09:00 DEBUG 2284 --- [Shift Scheduler Demo] [           main] org.hibernate.SQL                        : select last_insert_rowid()
Hibernate: select last_insert_rowid()
2025-10-13T21:43:07.373+09:00 DEBUG 2284 --- [Shift Scheduler Demo] [           main] org.hibernate.SQL                        : insert into shift_assignments (employee_id,end_time,shift_name,start_time,work_date) values (?,?,?,?,?)
Hibernate: insert into shift_assignments (employee_id,end_time,shift_name,start_time,work_date) values (?,?,?,?,?)
2025-10-13T21:43:07.373+09:00 DEBUG 2284 --- [Shift Scheduler Demo] [           main] org.hibernate.SQL                        : select last_insert_rowid()
Hibernate: select last_insert_rowid()
2025-10-13T21:43:07.373+09:00 DEBUG 2284 --- [Shift Scheduler Demo] [           main] org.hibernate.SQL                        : insert into shift_assignments (employee_id,end_time,shift_name,start_time,work_date) values (?,?,?,?,?)
Hibernate: insert into shift_assignments (employee_id,end_time,shift_name,start_time,work_date) values (?,?,?,?,?)
2025-10-13T21:43:07.373+09:00 DEBUG 2284 --- [Shift Scheduler Demo] [           main] org.hibernate.SQL                        : select last_insert_rowid()
Hibernate: select last_insert_rowid()
2025-10-13T21:43:07.374+09:00 DEBUG 2284 --- [Shift Scheduler Demo] [           main] org.hibernate.SQL                        : insert into shift_assignments (employee_id,end_time,shift_name,start_time,work_date) values (?,?,?,?,?)
Hibernate: insert into shift_assignments (employee_id,end_time,shift_name,start_time,work_date) values (?,?,?,?,?)
2025-10-13T21:43:07.374+09:00 DEBUG 2284 --- [Shift Scheduler Demo] [           main] org.hibernate.SQL                        : select last_insert_rowid()
Hibernate: select last_insert_rowid()
2025-10-13T21:43:07.374+09:00 DEBUG 2284 --- [Shift Scheduler Demo] [           main] org.hibernate.SQL                        : insert into shift_assignments (employee_id,end_time,shift_name,start_time,work_date) values (?,?,?,?,?)
Hibernate: insert into shift_assignments (employee_id,end_time,shift_name,start_time,work_date) values (?,?,?,?,?)
2025-10-13T21:43:07.374+09:00 DEBUG 2284 --- [Shift Scheduler Demo] [           main] org.hibernate.SQL                        : select last_insert_rowid()
Hibernate: select last_insert_rowid()
2025-10-13T21:43:07.374+09:00 DEBUG 2284 --- [Shift Scheduler Demo] [           main] org.hibernate.SQL                        : insert into shift_assignments (employee_id,end_time,shift_name,start_time,work_date) values (?,?,?,?,?)
Hibernate: insert into shift_assignments (employee_id,end_time,shift_name,start_time,work_date) values (?,?,?,?,?)
2025-10-13T21:43:07.374+09:00 DEBUG 2284 --- [Shift Scheduler Demo] [           main] org.hibernate.SQL                        : select last_insert_rowid()
Hibernate: select last_insert_rowid()
2025-10-13T21:43:07.374+09:00 DEBUG 2284 --- [Shift Scheduler Demo] [           main] org.hibernate.SQL                        : insert into shift_assignments (employee_id,end_time,shift_name,start_time,work_date) values (?,?,?,?,?)
Hibernate: insert into shift_assignments (employee_id,end_time,shift_name,start_time,work_date) values (?,?,?,?,?)
2025-10-13T21:43:07.374+09:00 DEBUG 2284 --- [Shift Scheduler Demo] [           main] org.hibernate.SQL                        : select last_insert_rowid()
Hibernate: select last_insert_rowid()
2025-10-13T21:43:07.374+09:00 DEBUG 2284 --- [Shift Scheduler Demo] [           main] org.hibernate.SQL                        : insert into shift_assignments (employee_id,end_time,shift_name,start_time,work_date) values (?,?,?,?,?)
Hibernate: insert into shift_assignments (employee_id,end_time,shift_name,start_time,work_date) values (?,?,?,?,?)
2025-10-13T21:43:07.374+09:00 DEBUG 2284 --- [Shift Scheduler Demo] [           main] org.hibernate.SQL                        : select last_insert_rowid()
Hibernate: select last_insert_rowid()
2025-10-13T21:43:07.374+09:00 DEBUG 2284 --- [Shift Scheduler Demo] [           main] org.hibernate.SQL                        : insert into shift_assignments (employee_id,end_time,shift_name,start_time,work_date) values (?,?,?,?,?)
Hibernate: insert into shift_assignments (employee_id,end_time,shift_name,start_time,work_date) values (?,?,?,?,?)
2025-10-13T21:43:07.375+09:00 DEBUG 2284 --- [Shift Scheduler Demo] [           main] org.hibernate.SQL                        : select last_insert_rowid()
Hibernate: select last_insert_rowid()
2025-10-13T21:43:07.375+09:00 DEBUG 2284 --- [Shift Scheduler Demo] [           main] org.hibernate.SQL                        : insert into shift_assignments (employee_id,end_time,shift_name,start_time,work_date) values (?,?,?,?,?)
Hibernate: insert into shift_assignments (employee_id,end_time,shift_name,start_time,work_date) values (?,?,?,?,?)
2025-10-13T21:43:07.375+09:00 DEBUG 2284 --- [Shift Scheduler Demo] [           main] org.hibernate.SQL                        : select last_insert_rowid()
Hibernate: select last_insert_rowid()
2025-10-13T21:43:07.375+09:00 DEBUG 2284 --- [Shift Scheduler Demo] [           main] org.hibernate.SQL                        : insert into shift_assignments (employee_id,end_time,shift_name,start_time,work_date) values (?,?,?,?,?)
Hibernate: insert into shift_assignments (employee_id,end_time,shift_name,start_time,work_date) values (?,?,?,?,?)
2025-10-13T21:43:07.375+09:00 DEBUG 2284 --- [Shift Scheduler Demo] [           main] org.hibernate.SQL                        : select last_insert_rowid()
Hibernate: select last_insert_rowid()
2025-10-13T21:43:07.375+09:00 DEBUG 2284 --- [Shift Scheduler Demo] [           main] org.hibernate.SQL                        : insert into shift_assignments (employee_id,end_time,shift_name,start_time,work_date) values (?,?,?,?,?)
Hibernate: insert into shift_assignments (employee_id,end_time,shift_name,start_time,work_date) values (?,?,?,?,?)
2025-10-13T21:43:07.375+09:00 DEBUG 2284 --- [Shift Scheduler Demo] [           main] org.hibernate.SQL                        : select last_insert_rowid()
Hibernate: select last_insert_rowid()
2025-10-13T21:43:07.375+09:00 DEBUG 2284 --- [Shift Scheduler Demo] [           main] org.hibernate.SQL                        : insert into shift_assignments (employee_id,end_time,shift_name,start_time,work_date) values (?,?,?,?,?)
Hibernate: insert into shift_assignments (employee_id,end_time,shift_name,start_time,work_date) values (?,?,?,?,?)
2025-10-13T21:43:07.375+09:00 DEBUG 2284 --- [Shift Scheduler Demo] [           main] org.hibernate.SQL                        : select last_insert_rowid()
Hibernate: select last_insert_rowid()
2025-10-13T21:43:07.376+09:00 DEBUG 2284 --- [Shift Scheduler Demo] [           main] org.hibernate.SQL                        : insert into shift_assignments (employee_id,end_time,shift_name,start_time,work_date) values (?,?,?,?,?)
Hibernate: insert into shift_assignments (employee_id,end_time,shift_name,start_time,work_date) values (?,?,?,?,?)
2025-10-13T21:43:07.376+09:00 DEBUG 2284 --- [Shift Scheduler Demo] [           main] org.hibernate.SQL                        : select last_insert_rowid()
Hibernate: select last_insert_rowid()
2025-10-13T21:43:07.376+09:00 DEBUG 2284 --- [Shift Scheduler Demo] [           main] org.hibernate.SQL                        : insert into shift_assignments (employee_id,end_time,shift_name,start_time,work_date) values (?,?,?,?,?)
Hibernate: insert into shift_assignments (employee_id,end_time,shift_name,start_time,work_date) values (?,?,?,?,?)
2025-10-13T21:43:07.376+09:00 DEBUG 2284 --- [Shift Scheduler Demo] [           main] org.hibernate.SQL                        : select last_insert_rowid()
Hibernate: select last_insert_rowid()
2025-10-13T21:43:07.376+09:00 DEBUG 2284 --- [Shift Scheduler Demo] [           main] org.hibernate.SQL                        : insert into shift_assignments (employee_id,end_time,shift_name,start_time,work_date) values (?,?,?,?,?)
Hibernate: insert into shift_assignments (employee_id,end_time,shift_name,start_time,work_date) values (?,?,?,?,?)
2025-10-13T21:43:07.376+09:00 DEBUG 2284 --- [Shift Scheduler Demo] [           main] org.hibernate.SQL                        : select last_insert_rowid()
Hibernate: select last_insert_rowid()
2025-10-13T21:43:07.376+09:00 DEBUG 2284 --- [Shift Scheduler Demo] [           main] org.hibernate.SQL                        : insert into shift_assignments (employee_id,end_time,shift_name,start_time,work_date) values (?,?,?,?,?)
Hibernate: insert into shift_assignments (employee_id,end_time,shift_name,start_time,work_date) values (?,?,?,?,?)
2025-10-13T21:43:07.376+09:00 DEBUG 2284 --- [Shift Scheduler Demo] [           main] org.hibernate.SQL                        : select last_insert_rowid()
Hibernate: select last_insert_rowid()
2025-10-13T21:43:07.376+09:00 DEBUG 2284 --- [Shift Scheduler Demo] [           main] org.hibernate.SQL                        : insert into shift_assignments (employee_id,end_time,shift_name,start_time,work_date) values (?,?,?,?,?)
Hibernate: insert into shift_assignments (employee_id,end_time,shift_name,start_time,work_date) values (?,?,?,?,?)
2025-10-13T21:43:07.377+09:00 DEBUG 2284 --- [Shift Scheduler Demo] [           main] org.hibernate.SQL                        : select last_insert_rowid()
Hibernate: select last_insert_rowid()
2025-10-13T21:43:07.377+09:00 DEBUG 2284 --- [Shift Scheduler Demo] [           main] org.hibernate.SQL                        : insert into shift_assignments (employee_id,end_time,shift_name,start_time,work_date) values (?,?,?,?,?)
Hibernate: insert into shift_assignments (employee_id,end_time,shift_name,start_time,work_date) values (?,?,?,?,?)
2025-10-13T21:43:07.377+09:00 DEBUG 2284 --- [Shift Scheduler Demo] [           main] org.hibernate.SQL                        : select last_insert_rowid()
Hibernate: select last_insert_rowid()
2025-10-13T21:43:07.377+09:00 DEBUG 2284 --- [Shift Scheduler Demo] [           main] org.hibernate.SQL                        : insert into shift_assignments (employee_id,end_time,shift_name,start_time,work_date) values (?,?,?,?,?)
Hibernate: insert into shift_assignments (employee_id,end_time,shift_name,start_time,work_date) values (?,?,?,?,?)
2025-10-13T21:43:07.377+09:00 DEBUG 2284 --- [Shift Scheduler Demo] [           main] org.hibernate.SQL                        : select last_insert_rowid()
Hibernate: select last_insert_rowid()
2025-10-13T21:43:07.377+09:00 DEBUG 2284 --- [Shift Scheduler Demo] [           main] org.hibernate.SQL                        : insert into shift_assignments (employee_id,end_time,shift_name,start_time,work_date) values (?,?,?,?,?)
Hibernate: insert into shift_assignments (employee_id,end_time,shift_name,start_time,work_date) values (?,?,?,?,?)
2025-10-13T21:43:07.378+09:00 DEBUG 2284 --- [Shift Scheduler Demo] [           main] org.hibernate.SQL                        : select last_insert_rowid()
Hibernate: select last_insert_rowid()
2025-10-13T21:43:07.378+09:00 DEBUG 2284 --- [Shift Scheduler Demo] [           main] org.hibernate.SQL                        : insert into shift_assignments (employee_id,end_time,shift_name,start_time,work_date) values (?,?,?,?,?)
Hibernate: insert into shift_assignments (employee_id,end_time,shift_name,start_time,work_date) values (?,?,?,?,?)
2025-10-13T21:43:07.378+09:00 DEBUG 2284 --- [Shift Scheduler Demo] [           main] org.hibernate.SQL                        : select last_insert_rowid()
Hibernate: select last_insert_rowid()
2025-10-13T21:43:07.378+09:00 DEBUG 2284 --- [Shift Scheduler Demo] [           main] org.hibernate.SQL                        : insert into shift_assignments (employee_id,end_time,shift_name,start_time,work_date) values (?,?,?,?,?)
Hibernate: insert into shift_assignments (employee_id,end_time,shift_name,start_time,work_date) values (?,?,?,?,?)
2025-10-13T21:43:07.379+09:00 DEBUG 2284 --- [Shift Scheduler Demo] [           main] org.hibernate.SQL                        : select last_insert_rowid()
Hibernate: select last_insert_rowid()
2025-10-13T21:43:07.379+09:00 DEBUG 2284 --- [Shift Scheduler Demo] [           main] org.hibernate.SQL                        : insert into shift_assignments (employee_id,end_time,shift_name,start_time,work_date) values (?,?,?,?,?)
Hibernate: insert into shift_assignments (employee_id,end_time,shift_name,start_time,work_date) values (?,?,?,?,?)
2025-10-13T21:43:07.379+09:00 DEBUG 2284 --- [Shift Scheduler Demo] [           main] org.hibernate.SQL                        : select last_insert_rowid()
Hibernate: select last_insert_rowid()
2025-10-13T21:43:07.379+09:00 DEBUG 2284 --- [Shift Scheduler Demo] [           main] org.hibernate.SQL                        : insert into shift_assignments (employee_id,end_time,shift_name,start_time,work_date) values (?,?,?,?,?)
Hibernate: insert into shift_assignments (employee_id,end_time,shift_name,start_time,work_date) values (?,?,?,?,?)
2025-10-13T21:43:07.379+09:00 DEBUG 2284 --- [Shift Scheduler Demo] [           main] org.hibernate.SQL                        : select last_insert_rowid()
Hibernate: select last_insert_rowid()
2025-10-13T21:43:07.379+09:00 DEBUG 2284 --- [Shift Scheduler Demo] [           main] org.hibernate.SQL                        : insert into shift_assignments (employee_id,end_time,shift_name,start_time,work_date) values (?,?,?,?,?)
Hibernate: insert into shift_assignments (employee_id,end_time,shift_name,start_time,work_date) values (?,?,?,?,?)
2025-10-13T21:43:07.379+09:00 DEBUG 2284 --- [Shift Scheduler Demo] [           main] org.hibernate.SQL                        : select last_insert_rowid()
Hibernate: select last_insert_rowid()
2025-10-13T21:43:07.379+09:00 DEBUG 2284 --- [Shift Scheduler Demo] [           main] org.hibernate.SQL                        : insert into shift_assignments (employee_id,end_time,shift_name,start_time,work_date) values (?,?,?,?,?)
Hibernate: insert into shift_assignments (employee_id,end_time,shift_name,start_time,work_date) values (?,?,?,?,?)
2025-10-13T21:43:07.379+09:00 DEBUG 2284 --- [Shift Scheduler Demo] [           main] org.hibernate.SQL                        : select last_insert_rowid()
Hibernate: select last_insert_rowid()
2025-10-13T21:43:07.379+09:00 DEBUG 2284 --- [Shift Scheduler Demo] [           main] org.hibernate.SQL                        : insert into shift_assignments (employee_id,end_time,shift_name,start_time,work_date) values (?,?,?,?,?)
Hibernate: insert into shift_assignments (employee_id,end_time,shift_name,start_time,work_date) values (?,?,?,?,?)
2025-10-13T21:43:07.379+09:00 DEBUG 2284 --- [Shift Scheduler Demo] [           main] org.hibernate.SQL                        : select last_insert_rowid()
Hibernate: select last_insert_rowid()
2025-10-13T21:43:07.379+09:00 DEBUG 2284 --- [Shift Scheduler Demo] [           main] org.hibernate.SQL                        : insert into shift_assignments (employee_id,end_time,shift_name,start_time,work_date) values (?,?,?,?,?)
Hibernate: insert into shift_assignments (employee_id,end_time,shift_name,start_time,work_date) values (?,?,?,?,?)
2025-10-13T21:43:07.379+09:00 DEBUG 2284 --- [Shift Scheduler Demo] [           main] org.hibernate.SQL                        : select last_insert_rowid()
Hibernate: select last_insert_rowid()
2025-10-13T21:43:07.379+09:00 DEBUG 2284 --- [Shift Scheduler Demo] [           main] org.hibernate.SQL                        : insert into shift_assignments (employee_id,end_time,shift_name,start_time,work_date) values (?,?,?,?,?)
Hibernate: insert into shift_assignments (employee_id,end_time,shift_name,start_time,work_date) values (?,?,?,?,?)
2025-10-13T21:43:07.382+09:00 DEBUG 2284 --- [Shift Scheduler Demo] [           main] org.hibernate.SQL                        : select last_insert_rowid()
Hibernate: select last_insert_rowid()
2025-10-13T21:43:07.382+09:00 DEBUG 2284 --- [Shift Scheduler Demo] [           main] org.hibernate.SQL                        : insert into shift_assignments (employee_id,end_time,shift_name,start_time,work_date) values (?,?,?,?,?)
Hibernate: insert into shift_assignments (employee_id,end_time,shift_name,start_time,work_date) values (?,?,?,?,?)
2025-10-13T21:43:07.382+09:00 DEBUG 2284 --- [Shift Scheduler Demo] [           main] org.hibernate.SQL                        : select last_insert_rowid()
Hibernate: select last_insert_rowid()
2025-10-13T21:43:07.382+09:00 DEBUG 2284 --- [Shift Scheduler Demo] [           main] org.hibernate.SQL                        : insert into shift_assignments (employee_id,end_time,shift_name,start_time,work_date) values (?,?,?,?,?)
Hibernate: insert into shift_assignments (employee_id,end_time,shift_name,start_time,work_date) values (?,?,?,?,?)
2025-10-13T21:43:07.382+09:00 DEBUG 2284 --- [Shift Scheduler Demo] [           main] org.hibernate.SQL                        : select last_insert_rowid()
Hibernate: select last_insert_rowid()
2025-10-13T21:43:07.382+09:00 DEBUG 2284 --- [Shift Scheduler Demo] [           main] org.hibernate.SQL                        : insert into shift_assignments (employee_id,end_time,shift_name,start_time,work_date) values (?,?,?,?,?)
Hibernate: insert into shift_assignments (employee_id,end_time,shift_name,start_time,work_date) values (?,?,?,?,?)
2025-10-13T21:43:07.382+09:00 DEBUG 2284 --- [Shift Scheduler Demo] [           main] org.hibernate.SQL                        : select last_insert_rowid()
Hibernate: select last_insert_rowid()
2025-10-13T21:43:07.382+09:00 DEBUG 2284 --- [Shift Scheduler Demo] [           main] org.hibernate.SQL                        : insert into shift_assignments (employee_id,end_time,shift_name,start_time,work_date) values (?,?,?,?,?)
Hibernate: insert into shift_assignments (employee_id,end_time,shift_name,start_time,work_date) values (?,?,?,?,?)
2025-10-13T21:43:07.382+09:00 DEBUG 2284 --- [Shift Scheduler Demo] [           main] org.hibernate.SQL                        : select last_insert_rowid()
Hibernate: select last_insert_rowid()
2025-10-13T21:43:07.382+09:00 DEBUG 2284 --- [Shift Scheduler Demo] [           main] org.hibernate.SQL                        : insert into shift_assignments (employee_id,end_time,shift_name,start_time,work_date) values (?,?,?,?,?)
Hibernate: insert into shift_assignments (employee_id,end_time,shift_name,start_time,work_date) values (?,?,?,?,?)
2025-10-13T21:43:07.382+09:00 DEBUG 2284 --- [Shift Scheduler Demo] [           main] org.hibernate.SQL                        : select last_insert_rowid()
Hibernate: select last_insert_rowid()
2025-10-13T21:43:07.382+09:00 DEBUG 2284 --- [Shift Scheduler Demo] [           main] org.hibernate.SQL                        : insert into shift_assignments (employee_id,end_time,shift_name,start_time,work_date) values (?,?,?,?,?)
Hibernate: insert into shift_assignments (employee_id,end_time,shift_name,start_time,work_date) values (?,?,?,?,?)
2025-10-13T21:43:07.382+09:00 DEBUG 2284 --- [Shift Scheduler Demo] [           main] org.hibernate.SQL                        : select last_insert_rowid()
Hibernate: select last_insert_rowid()
2025-10-13T21:43:07.382+09:00 DEBUG 2284 --- [Shift Scheduler Demo] [           main] org.hibernate.SQL                        : insert into shift_assignments (employee_id,end_time,shift_name,start_time,work_date) values (?,?,?,?,?)
Hibernate: insert into shift_assignments (employee_id,end_time,shift_name,start_time,work_date) values (?,?,?,?,?)
2025-10-13T21:43:07.382+09:00 DEBUG 2284 --- [Shift Scheduler Demo] [           main] org.hibernate.SQL                        : select last_insert_rowid()
Hibernate: select last_insert_rowid()
2025-10-13T21:43:07.382+09:00 DEBUG 2284 --- [Shift Scheduler Demo] [           main] org.hibernate.SQL                        : insert into shift_assignments (employee_id,end_time,shift_name,start_time,work_date) values (?,?,?,?,?)
Hibernate: insert into shift_assignments (employee_id,end_time,shift_name,start_time,work_date) values (?,?,?,?,?)
2025-10-13T21:43:07.382+09:00 DEBUG 2284 --- [Shift Scheduler Demo] [           main] org.hibernate.SQL                        : select last_insert_rowid()
Hibernate: select last_insert_rowid()
2025-10-13T21:43:07.382+09:00 DEBUG 2284 --- [Shift Scheduler Demo] [           main] org.hibernate.SQL                        : insert into shift_assignments (employee_id,end_time,shift_name,start_time,work_date) values (?,?,?,?,?)
Hibernate: insert into shift_assignments (employee_id,end_time,shift_name,start_time,work_date) values (?,?,?,?,?)
2025-10-13T21:43:07.382+09:00 DEBUG 2284 --- [Shift Scheduler Demo] [           main] org.hibernate.SQL                        : select last_insert_rowid()
Hibernate: select last_insert_rowid()
2025-10-13T21:43:07.382+09:00 DEBUG 2284 --- [Shift Scheduler Demo] [           main] org.hibernate.SQL                        : insert into shift_assignments (employee_id,end_time,shift_name,start_time,work_date) values (?,?,?,?,?)
Hibernate: insert into shift_assignments (employee_id,end_time,shift_name,start_time,work_date) values (?,?,?,?,?)
2025-10-13T21:43:07.382+09:00 DEBUG 2284 --- [Shift Scheduler Demo] [           main] org.hibernate.SQL                        : select last_insert_rowid()
Hibernate: select last_insert_rowid()
2025-10-13T21:43:07.382+09:00 DEBUG 2284 --- [Shift Scheduler Demo] [           main] org.hibernate.SQL                        : insert into shift_assignments (employee_id,end_time,shift_name,start_time,work_date) values (?,?,?,?,?)
Hibernate: insert into shift_assignments (employee_id,end_time,shift_name,start_time,work_date) values (?,?,?,?,?)
2025-10-13T21:43:07.382+09:00 DEBUG 2284 --- [Shift Scheduler Demo] [           main] org.hibernate.SQL                        : select last_insert_rowid()
Hibernate: select last_insert_rowid()
2025-10-13T21:43:07.382+09:00 DEBUG 2284 --- [Shift Scheduler Demo] [           main] org.hibernate.SQL                        : insert into shift_assignments (employee_id,end_time,shift_name,start_time,work_date) values (?,?,?,?,?)
Hibernate: insert into shift_assignments (employee_id,end_time,shift_name,start_time,work_date) values (?,?,?,?,?)
2025-10-13T21:43:07.382+09:00 DEBUG 2284 --- [Shift Scheduler Demo] [           main] org.hibernate.SQL                        : select last_insert_rowid()
Hibernate: select last_insert_rowid()
2025-10-13T21:43:07.382+09:00 DEBUG 2284 --- [Shift Scheduler Demo] [           main] org.hibernate.SQL                        : insert into shift_assignments (employee_id,end_time,shift_name,start_time,work_date) values (?,?,?,?,?)
Hibernate: insert into shift_assignments (employee_id,end_time,shift_name,start_time,work_date) values (?,?,?,?,?)
2025-10-13T21:43:07.382+09:00 DEBUG 2284 --- [Shift Scheduler Demo] [           main] org.hibernate.SQL                        : select last_insert_rowid()
Hibernate: select last_insert_rowid()
2025-10-13T21:43:07.382+09:00 DEBUG 2284 --- [Shift Scheduler Demo] [           main] org.hibernate.SQL                        : insert into shift_assignments (employee_id,end_time,shift_name,start_time,work_date) values (?,?,?,?,?)
Hibernate: insert into shift_assignments (employee_id,end_time,shift_name,start_time,work_date) values (?,?,?,?,?)
2025-10-13T21:43:07.382+09:00 DEBUG 2284 --- [Shift Scheduler Demo] [           main] org.hibernate.SQL                        : select last_insert_rowid()
Hibernate: select last_insert_rowid()
2025-10-13T21:43:07.382+09:00 DEBUG 2284 --- [Shift Scheduler Demo] [           main] org.hibernate.SQL                        : insert into shift_assignments (employee_id,end_time,shift_name,start_time,work_date) values (?,?,?,?,?)
Hibernate: insert into shift_assignments (employee_id,end_time,shift_name,start_time,work_date) values (?,?,?,?,?)
2025-10-13T21:43:07.382+09:00 DEBUG 2284 --- [Shift Scheduler Demo] [           main] org.hibernate.SQL                        : select last_insert_rowid()
Hibernate: select last_insert_rowid()
2025-10-13T21:43:07.382+09:00 DEBUG 2284 --- [Shift Scheduler Demo] [           main] org.hibernate.SQL                        : insert into shift_assignments (employee_id,end_time,shift_name,start_time,work_date) values (?,?,?,?,?)
Hibernate: insert into shift_assignments (employee_id,end_time,shift_name,start_time,work_date) values (?,?,?,?,?)
2025-10-13T21:43:07.382+09:00 DEBUG 2284 --- [Shift Scheduler Demo] [           main] org.hibernate.SQL                        : select last_insert_rowid()
Hibernate: select last_insert_rowid()
2025-10-13T21:43:07.382+09:00 DEBUG 2284 --- [Shift Scheduler Demo] [           main] org.hibernate.SQL                        : insert into shift_assignments (employee_id,end_time,shift_name,start_time,work_date) values (?,?,?,?,?)
Hibernate: insert into shift_assignments (employee_id,end_time,shift_name,start_time,work_date) values (?,?,?,?,?)
2025-10-13T21:43:07.382+09:00 DEBUG 2284 --- [Shift Scheduler Demo] [           main] org.hibernate.SQL                        : select last_insert_rowid()
Hibernate: select last_insert_rowid()
2025-10-13T21:43:07.382+09:00 DEBUG 2284 --- [Shift Scheduler Demo] [           main] org.hibernate.SQL                        : insert into shift_assignments (employee_id,end_time,shift_name,start_time,work_date) values (?,?,?,?,?)
Hibernate: insert into shift_assignments (employee_id,end_time,shift_name,start_time,work_date) values (?,?,?,?,?)
2025-10-13T21:43:07.382+09:00 DEBUG 2284 --- [Shift Scheduler Demo] [           main] org.hibernate.SQL                        : select last_insert_rowid()
Hibernate: select last_insert_rowid()
2025-10-13T21:43:07.382+09:00 DEBUG 2284 --- [Shift Scheduler Demo] [           main] org.hibernate.SQL                        : insert into shift_assignments (employee_id,end_time,shift_name,start_time,work_date) values (?,?,?,?,?)
Hibernate: insert into shift_assignments (employee_id,end_time,shift_name,start_time,work_date) values (?,?,?,?,?)
2025-10-13T21:43:07.382+09:00 DEBUG 2284 --- [Shift Scheduler Demo] [           main] org.hibernate.SQL                        : select last_insert_rowid()
Hibernate: select last_insert_rowid()
2025-10-13T21:43:07.382+09:00 DEBUG 2284 --- [Shift Scheduler Demo] [           main] org.hibernate.SQL                        : insert into shift_assignments (employee_id,end_time,shift_name,start_time,work_date) values (?,?,?,?,?)
Hibernate: insert into shift_assignments (employee_id,end_time,shift_name,start_time,work_date) values (?,?,?,?,?)
2025-10-13T21:43:07.382+09:00 DEBUG 2284 --- [Shift Scheduler Demo] [           main] org.hibernate.SQL                        : select last_insert_rowid()
Hibernate: select last_insert_rowid()
2025-10-13T21:43:07.382+09:00 DEBUG 2284 --- [Shift Scheduler Demo] [           main] org.hibernate.SQL                        : insert into shift_assignments (employee_id,end_time,shift_name,start_time,work_date) values (?,?,?,?,?)
Hibernate: insert into shift_assignments (employee_id,end_time,shift_name,start_time,work_date) values (?,?,?,?,?)
2025-10-13T21:43:07.382+09:00 DEBUG 2284 --- [Shift Scheduler Demo] [           main] org.hibernate.SQL                        : select last_insert_rowid()
Hibernate: select last_insert_rowid()
2025-10-13T21:43:07.382+09:00 DEBUG 2284 --- [Shift Scheduler Demo] [           main] org.hibernate.SQL                        : insert into shift_assignments (employee_id,end_time,shift_name,start_time,work_date) values (?,?,?,?,?)
Hibernate: insert into shift_assignments (employee_id,end_time,shift_name,start_time,work_date) values (?,?,?,?,?)
2025-10-13T21:43:07.382+09:00 DEBUG 2284 --- [Shift Scheduler Demo] [           main] org.hibernate.SQL                        : select last_insert_rowid()
Hibernate: select last_insert_rowid()
2025-10-13T21:43:07.382+09:00 DEBUG 2284 --- [Shift Scheduler Demo] [           main] org.hibernate.SQL                        : insert into shift_assignments (employee_id,end_time,shift_name,start_time,work_date) values (?,?,?,?,?)
Hibernate: insert into shift_assignments (employee_id,end_time,shift_name,start_time,work_date) values (?,?,?,?,?)
2025-10-13T21:43:07.382+09:00 DEBUG 2284 --- [Shift Scheduler Demo] [           main] org.hibernate.SQL                        : select last_insert_rowid()
Hibernate: select last_insert_rowid()
2025-10-13T21:43:07.382+09:00 DEBUG 2284 --- [Shift Scheduler Demo] [           main] org.hibernate.SQL                        : insert into shift_assignments (employee_id,end_time,shift_name,start_time,work_date) values (?,?,?,?,?)
Hibernate: insert into shift_assignments (employee_id,end_time,shift_name,start_time,work_date) values (?,?,?,?,?)
2025-10-13T21:43:07.382+09:00 DEBUG 2284 --- [Shift Scheduler Demo] [           main] org.hibernate.SQL                        : select last_insert_rowid()
Hibernate: select last_insert_rowid()
2025-10-13T21:43:07.382+09:00 DEBUG 2284 --- [Shift Scheduler Demo] [           main] org.hibernate.SQL                        : insert into shift_assignments (employee_id,end_time,shift_name,start_time,work_date) values (?,?,?,?,?)
Hibernate: insert into shift_assignments (employee_id,end_time,shift_name,start_time,work_date) values (?,?,?,?,?)
2025-10-13T21:43:07.382+09:00 DEBUG 2284 --- [Shift Scheduler Demo] [           main] org.hibernate.SQL                        : select last_insert_rowid()
Hibernate: select last_insert_rowid()
2025-10-13T21:43:07.382+09:00 DEBUG 2284 --- [Shift Scheduler Demo] [           main] org.hibernate.SQL                        : insert into shift_assignments (employee_id,end_time,shift_name,start_time,work_date) values (?,?,?,?,?)
Hibernate: insert into shift_assignments (employee_id,end_time,shift_name,start_time,work_date) values (?,?,?,?,?)
2025-10-13T21:43:07.382+09:00 DEBUG 2284 --- [Shift Scheduler Demo] [           main] org.hibernate.SQL                        : select last_insert_rowid()
Hibernate: select last_insert_rowid()
2025-10-13T21:43:07.382+09:00 DEBUG 2284 --- [Shift Scheduler Demo] [           main] org.hibernate.SQL                        : insert into shift_assignments (employee_id,end_time,shift_name,start_time,work_date) values (?,?,?,?,?)
Hibernate: insert into shift_assignments (employee_id,end_time,shift_name,start_time,work_date) values (?,?,?,?,?)
2025-10-13T21:43:07.382+09:00 DEBUG 2284 --- [Shift Scheduler Demo] [           main] org.hibernate.SQL                        : select last_insert_rowid()
Hibernate: select last_insert_rowid()
2025-10-13T21:43:07.382+09:00 DEBUG 2284 --- [Shift Scheduler Demo] [           main] org.hibernate.SQL                        : insert into shift_assignments (employee_id,end_time,shift_name,start_time,work_date) values (?,?,?,?,?)
Hibernate: insert into shift_assignments (employee_id,end_time,shift_name,start_time,work_date) values (?,?,?,?,?)
2025-10-13T21:43:07.382+09:00 DEBUG 2284 --- [Shift Scheduler Demo] [           main] org.hibernate.SQL                        : select last_insert_rowid()
Hibernate: select last_insert_rowid()
2025-10-13T21:43:07.382+09:00 DEBUG 2284 --- [Shift Scheduler Demo] [           main] org.hibernate.SQL                        : insert into shift_assignments (employee_id,end_time,shift_name,start_time,work_date) values (?,?,?,?,?)
Hibernate: insert into shift_assignments (employee_id,end_time,shift_name,start_time,work_date) values (?,?,?,?,?)
2025-10-13T21:43:07.382+09:00 DEBUG 2284 --- [Shift Scheduler Demo] [           main] org.hibernate.SQL                        : select last_insert_rowid()
Hibernate: select last_insert_rowid()
2025-10-13T21:43:07.382+09:00 DEBUG 2284 --- [Shift Scheduler Demo] [           main] org.hibernate.SQL                        : insert into shift_assignments (employee_id,end_time,shift_name,start_time,work_date) values (?,?,?,?,?)
Hibernate: insert into shift_assignments (employee_id,end_time,shift_name,start_time,work_date) values (?,?,?,?,?)
2025-10-13T21:43:07.382+09:00 DEBUG 2284 --- [Shift Scheduler Demo] [           main] org.hibernate.SQL                        : select last_insert_rowid()
Hibernate: select last_insert_rowid()
2025-10-13T21:43:07.382+09:00 DEBUG 2284 --- [Shift Scheduler Demo] [           main] org.hibernate.SQL                        : insert into shift_assignments (employee_id,end_time,shift_name,start_time,work_date) values (?,?,?,?,?)
Hibernate: insert into shift_assignments (employee_id,end_time,shift_name,start_time,work_date) values (?,?,?,?,?)
2025-10-13T21:43:07.382+09:00 DEBUG 2284 --- [Shift Scheduler Demo] [           main] org.hibernate.SQL                        : select last_insert_rowid()
Hibernate: select last_insert_rowid()
2025-10-13T21:43:07.382+09:00 DEBUG 2284 --- [Shift Scheduler Demo] [           main] org.hibernate.SQL                        : insert into shift_assignments (employee_id,end_time,shift_name,start_time,work_date) values (?,?,?,?,?)
Hibernate: insert into shift_assignments (employee_id,end_time,shift_name,start_time,work_date) values (?,?,?,?,?)
2025-10-13T21:43:07.382+09:00 DEBUG 2284 --- [Shift Scheduler Demo] [           main] org.hibernate.SQL                        : select last_insert_rowid()
Hibernate: select last_insert_rowid()
2025-10-13T21:43:07.382+09:00 DEBUG 2284 --- [Shift Scheduler Demo] [           main] org.hibernate.SQL                        : insert into shift_assignments (employee_id,end_time,shift_name,start_time,work_date) values (?,?,?,?,?)
Hibernate: insert into shift_assignments (employee_id,end_time,shift_name,start_time,work_date) values (?,?,?,?,?)
2025-10-13T21:43:07.382+09:00 DEBUG 2284 --- [Shift Scheduler Demo] [           main] org.hibernate.SQL                        : select last_insert_rowid()
Hibernate: select last_insert_rowid()
2025-10-13T21:43:07.382+09:00 DEBUG 2284 --- [Shift Scheduler Demo] [           main] org.hibernate.SQL                        : insert into shift_assignments (employee_id,end_time,shift_name,start_time,work_date) values (?,?,?,?,?)
Hibernate: insert into shift_assignments (employee_id,end_time,shift_name,start_time,work_date) values (?,?,?,?,?)
2025-10-13T21:43:07.382+09:00 DEBUG 2284 --- [Shift Scheduler Demo] [           main] org.hibernate.SQL                        : select last_insert_rowid()
Hibernate: select last_insert_rowid()
2025-10-13T21:43:07.382+09:00 DEBUG 2284 --- [Shift Scheduler Demo] [           main] org.hibernate.SQL                        : insert into shift_assignments (employee_id,end_time,shift_name,start_time,work_date) values (?,?,?,?,?)
Hibernate: insert into shift_assignments (employee_id,end_time,shift_name,start_time,work_date) values (?,?,?,?,?)
2025-10-13T21:43:07.382+09:00 DEBUG 2284 --- [Shift Scheduler Demo] [           main] org.hibernate.SQL                        : select last_insert_rowid()
Hibernate: select last_insert_rowid()
2025-10-13T21:43:07.382+09:00 DEBUG 2284 --- [Shift Scheduler Demo] [           main] org.hibernate.SQL                        : insert into shift_assignments (employee_id,end_time,shift_name,start_time,work_date) values (?,?,?,?,?)
Hibernate: insert into shift_assignments (employee_id,end_time,shift_name,start_time,work_date) values (?,?,?,?,?)
2025-10-13T21:43:07.382+09:00 DEBUG 2284 --- [Shift Scheduler Demo] [           main] org.hibernate.SQL                        : select last_insert_rowid()
Hibernate: select last_insert_rowid()
2025-10-13T21:43:07.382+09:00 DEBUG 2284 --- [Shift Scheduler Demo] [           main] org.hibernate.SQL                        : insert into shift_assignments (employee_id,end_time,shift_name,start_time,work_date) values (?,?,?,?,?)
Hibernate: insert into shift_assignments (employee_id,end_time,shift_name,start_time,work_date) values (?,?,?,?,?)
2025-10-13T21:43:07.382+09:00 DEBUG 2284 --- [Shift Scheduler Demo] [           main] org.hibernate.SQL                        : select last_insert_rowid()
Hibernate: select last_insert_rowid()
2025-10-13T21:43:07.382+09:00 DEBUG 2284 --- [Shift Scheduler Demo] [           main] org.hibernate.SQL                        : insert into shift_assignments (employee_id,end_time,shift_name,start_time,work_date) values (?,?,?,?,?)
Hibernate: insert into shift_assignments (employee_id,end_time,shift_name,start_time,work_date) values (?,?,?,?,?)
2025-10-13T21:43:07.382+09:00 DEBUG 2284 --- [Shift Scheduler Demo] [           main] org.hibernate.SQL                        : select last_insert_rowid()
Hibernate: select last_insert_rowid()
2025-10-13T21:43:07.382+09:00 DEBUG 2284 --- [Shift Scheduler Demo] [           main] org.hibernate.SQL                        : insert into shift_assignments (employee_id,end_time,shift_name,start_time,work_date) values (?,?,?,?,?)
Hibernate: insert into shift_assignments (employee_id,end_time,shift_name,start_time,work_date) values (?,?,?,?,?)
2025-10-13T21:43:07.382+09:00 DEBUG 2284 --- [Shift Scheduler Demo] [           main] org.hibernate.SQL                        : select last_insert_rowid()
Hibernate: select last_insert_rowid()
2025-10-13T21:43:07.382+09:00 DEBUG 2284 --- [Shift Scheduler Demo] [           main] org.hibernate.SQL                        : insert into shift_assignments (employee_id,end_time,shift_name,start_time,work_date) values (?,?,?,?,?)
Hibernate: insert into shift_assignments (employee_id,end_time,shift_name,start_time,work_date) values (?,?,?,?,?)
2025-10-13T21:43:07.382+09:00 DEBUG 2284 --- [Shift Scheduler Demo] [           main] org.hibernate.SQL                        : select last_insert_rowid()
Hibernate: select last_insert_rowid()
2025-10-13T21:43:07.382+09:00 DEBUG 2284 --- [Shift Scheduler Demo] [           main] org.hibernate.SQL                        : insert into shift_assignments (employee_id,end_time,shift_name,start_time,work_date) values (?,?,?,?,?)
Hibernate: insert into shift_assignments (employee_id,end_time,shift_name,start_time,work_date) values (?,?,?,?,?)
2025-10-13T21:43:07.382+09:00 DEBUG 2284 --- [Shift Scheduler Demo] [           main] org.hibernate.SQL                        : select last_insert_rowid()
Hibernate: select last_insert_rowid()
2025-10-13T21:43:07.382+09:00 DEBUG 2284 --- [Shift Scheduler Demo] [           main] org.hibernate.SQL                        : insert into shift_assignments (employee_id,end_time,shift_name,start_time,work_date) values (?,?,?,?,?)
Hibernate: insert into shift_assignments (employee_id,end_time,shift_name,start_time,work_date) values (?,?,?,?,?)
2025-10-13T21:43:07.382+09:00 DEBUG 2284 --- [Shift Scheduler Demo] [           main] org.hibernate.SQL                        : select last_insert_rowid()
Hibernate: select last_insert_rowid()
2025-10-13T21:43:07.382+09:00 DEBUG 2284 --- [Shift Scheduler Demo] [           main] org.hibernate.SQL                        : insert into shift_assignments (employee_id,end_time,shift_name,start_time,work_date) values (?,?,?,?,?)
Hibernate: insert into shift_assignments (employee_id,end_time,shift_name,start_time,work_date) values (?,?,?,?,?)
2025-10-13T21:43:07.382+09:00 DEBUG 2284 --- [Shift Scheduler Demo] [           main] org.hibernate.SQL                        : select last_insert_rowid()
Hibernate: select last_insert_rowid()
2025-10-13T21:43:07.382+09:00 DEBUG 2284 --- [Shift Scheduler Demo] [           main] org.hibernate.SQL                        : insert into shift_assignments (employee_id,end_time,shift_name,start_time,work_date) values (?,?,?,?,?)
Hibernate: insert into shift_assignments (employee_id,end_time,shift_name,start_time,work_date) values (?,?,?,?,?)
2025-10-13T21:43:07.382+09:00 DEBUG 2284 --- [Shift Scheduler Demo] [           main] org.hibernate.SQL                        : select last_insert_rowid()
Hibernate: select last_insert_rowid()
2025-10-13T21:43:07.382+09:00 DEBUG 2284 --- [Shift Scheduler Demo] [           main] org.hibernate.SQL                        : insert into shift_assignments (employee_id,end_time,shift_name,start_time,work_date) values (?,?,?,?,?)
Hibernate: insert into shift_assignments (employee_id,end_time,shift_name,start_time,work_date) values (?,?,?,?,?)
2025-10-13T21:43:07.382+09:00 DEBUG 2284 --- [Shift Scheduler Demo] [           main] org.hibernate.SQL                        : select last_insert_rowid()
Hibernate: select last_insert_rowid()
2025-10-13T21:43:07.382+09:00 DEBUG 2284 --- [Shift Scheduler Demo] [           main] org.hibernate.SQL                        : insert into shift_assignments (employee_id,end_time,shift_name,start_time,work_date) values (?,?,?,?,?)
Hibernate: insert into shift_assignments (employee_id,end_time,shift_name,start_time,work_date) values (?,?,?,?,?)
2025-10-13T21:43:07.382+09:00 DEBUG 2284 --- [Shift Scheduler Demo] [           main] org.hibernate.SQL                        : select last_insert_rowid()
Hibernate: select last_insert_rowid()
2025-10-13T21:43:07.382+09:00 DEBUG 2284 --- [Shift Scheduler Demo] [           main] org.hibernate.SQL                        : insert into shift_assignments (employee_id,end_time,shift_name,start_time,work_date) values (?,?,?,?,?)
Hibernate: insert into shift_assignments (employee_id,end_time,shift_name,start_time,work_date) values (?,?,?,?,?)
2025-10-13T21:43:07.382+09:00 DEBUG 2284 --- [Shift Scheduler Demo] [           main] org.hibernate.SQL                        : select last_insert_rowid()
Hibernate: select last_insert_rowid()
2025-10-13T21:43:07.382+09:00 DEBUG 2284 --- [Shift Scheduler Demo] [           main] org.hibernate.SQL                        : insert into shift_assignments (employee_id,end_time,shift_name,start_time,work_date) values (?,?,?,?,?)
Hibernate: insert into shift_assignments (employee_id,end_time,shift_name,start_time,work_date) values (?,?,?,?,?)
2025-10-13T21:43:07.382+09:00 DEBUG 2284 --- [Shift Scheduler Demo] [           main] org.hibernate.SQL                        : select last_insert_rowid()
Hibernate: select last_insert_rowid()
2025-10-13T21:43:07.382+09:00 DEBUG 2284 --- [Shift Scheduler Demo] [           main] org.hibernate.SQL                        : insert into shift_assignments (employee_id,end_time,shift_name,start_time,work_date) values (?,?,?,?,?)
Hibernate: insert into shift_assignments (employee_id,end_time,shift_name,start_time,work_date) values (?,?,?,?,?)
2025-10-13T21:43:07.382+09:00 DEBUG 2284 --- [Shift Scheduler Demo] [           main] org.hibernate.SQL                        : select last_insert_rowid()
Hibernate: select last_insert_rowid()
2025-10-13T21:43:07.382+09:00 DEBUG 2284 --- [Shift Scheduler Demo] [           main] org.hibernate.SQL                        : insert into shift_assignments (employee_id,end_time,shift_name,start_time,work_date) values (?,?,?,?,?)
Hibernate: insert into shift_assignments (employee_id,end_time,shift_name,start_time,work_date) values (?,?,?,?,?)
2025-10-13T21:43:07.382+09:00 DEBUG 2284 --- [Shift Scheduler Demo] [           main] org.hibernate.SQL                        : select last_insert_rowid()
Hibernate: select last_insert_rowid()
2025-10-13T21:43:07.382+09:00 DEBUG 2284 --- [Shift Scheduler Demo] [           main] org.hibernate.SQL                        : insert into shift_assignments (employee_id,end_time,shift_name,start_time,work_date) values (?,?,?,?,?)
Hibernate: insert into shift_assignments (employee_id,end_time,shift_name,start_time,work_date) values (?,?,?,?,?)
2025-10-13T21:43:07.382+09:00 DEBUG 2284 --- [Shift Scheduler Demo] [           main] org.hibernate.SQL                        : select last_insert_rowid()
Hibernate: select last_insert_rowid()
2025-10-13T21:43:07.382+09:00 DEBUG 2284 --- [Shift Scheduler Demo] [           main] org.hibernate.SQL                        : insert into shift_assignments (employee_id,end_time,shift_name,start_time,work_date) values (?,?,?,?,?)
Hibernate: insert into shift_assignments (employee_id,end_time,shift_name,start_time,work_date) values (?,?,?,?,?)
2025-10-13T21:43:07.382+09:00 DEBUG 2284 --- [Shift Scheduler Demo] [           main] org.hibernate.SQL                        : select last_insert_rowid()
Hibernate: select last_insert_rowid()
2025-10-13T21:43:07.382+09:00 DEBUG 2284 --- [Shift Scheduler Demo] [           main] org.hibernate.SQL                        : insert into shift_assignments (employee_id,end_time,shift_name,start_time,work_date) values (?,?,?,?,?)
Hibernate: insert into shift_assignments (employee_id,end_time,shift_name,start_time,work_date) values (?,?,?,?,?)
2025-10-13T21:43:07.382+09:00 DEBUG 2284 --- [Shift Scheduler Demo] [           main] org.hibernate.SQL                        : select last_insert_rowid()
Hibernate: select last_insert_rowid()
2025-10-13T21:43:07.382+09:00 DEBUG 2284 --- [Shift Scheduler Demo] [           main] org.hibernate.SQL                        : insert into shift_assignments (employee_id,end_time,shift_name,start_time,work_date) values (?,?,?,?,?)
Hibernate: insert into shift_assignments (employee_id,end_time,shift_name,start_time,work_date) values (?,?,?,?,?)
2025-10-13T21:43:07.382+09:00 DEBUG 2284 --- [Shift Scheduler Demo] [           main] org.hibernate.SQL                        : select last_insert_rowid()
Hibernate: select last_insert_rowid()
2025-10-13T21:43:07.382+09:00 DEBUG 2284 --- [Shift Scheduler Demo] [           main] org.hibernate.SQL                        : insert into shift_assignments (employee_id,end_time,shift_name,start_time,work_date) values (?,?,?,?,?)
Hibernate: insert into shift_assignments (employee_id,end_time,shift_name,start_time,work_date) values (?,?,?,?,?)
2025-10-13T21:43:07.382+09:00 DEBUG 2284 --- [Shift Scheduler Demo] [           main] org.hibernate.SQL                        : select last_insert_rowid()
Hibernate: select last_insert_rowid()
2025-10-13T21:43:07.382+09:00 DEBUG 2284 --- [Shift Scheduler Demo] [           main] org.hibernate.SQL                        : insert into shift_assignments (employee_id,end_time,shift_name,start_time,work_date) values (?,?,?,?,?)
Hibernate: insert into shift_assignments (employee_id,end_time,shift_name,start_time,work_date) values (?,?,?,?,?)
2025-10-13T21:43:07.382+09:00 DEBUG 2284 --- [Shift Scheduler Demo] [           main] org.hibernate.SQL                        : select last_insert_rowid()
Hibernate: select last_insert_rowid()
2025-10-13T21:43:07.382+09:00 DEBUG 2284 --- [Shift Scheduler Demo] [           main] org.hibernate.SQL                        : insert into shift_assignments (employee_id,end_time,shift_name,start_time,work_date) values (?,?,?,?,?)
Hibernate: insert into shift_assignments (employee_id,end_time,shift_name,start_time,work_date) values (?,?,?,?,?)
2025-10-13T21:43:07.382+09:00 DEBUG 2284 --- [Shift Scheduler Demo] [           main] org.hibernate.SQL                        : select last_insert_rowid()
Hibernate: select last_insert_rowid()
2025-10-13T21:43:07.382+09:00 DEBUG 2284 --- [Shift Scheduler Demo] [           main] org.hibernate.SQL                        : insert into shift_assignments (employee_id,end_time,shift_name,start_time,work_date) values (?,?,?,?,?)
Hibernate: insert into shift_assignments (employee_id,end_time,shift_name,start_time,work_date) values (?,?,?,?,?)
2025-10-13T21:43:07.382+09:00 DEBUG 2284 --- [Shift Scheduler Demo] [           main] org.hibernate.SQL                        : select last_insert_rowid()
Hibernate: select last_insert_rowid()
2025-10-13T21:43:07.382+09:00 DEBUG 2284 --- [Shift Scheduler Demo] [           main] org.hibernate.SQL                        : insert into shift_assignments (employee_id,end_time,shift_name,start_time,work_date) values (?,?,?,?,?)
Hibernate: insert into shift_assignments (employee_id,end_time,shift_name,start_time,work_date) values (?,?,?,?,?)
2025-10-13T21:43:07.382+09:00 DEBUG 2284 --- [Shift Scheduler Demo] [           main] org.hibernate.SQL                        : select last_insert_rowid()
Hibernate: select last_insert_rowid()
2025-10-13T21:43:07.382+09:00 DEBUG 2284 --- [Shift Scheduler Demo] [           main] org.hibernate.SQL                        : insert into shift_assignments (employee_id,end_time,shift_name,start_time,work_date) values (?,?,?,?,?)
Hibernate: insert into shift_assignments (employee_id,end_time,shift_name,start_time,work_date) values (?,?,?,?,?)
2025-10-13T21:43:07.382+09:00 DEBUG 2284 --- [Shift Scheduler Demo] [           main] org.hibernate.SQL                        : select last_insert_rowid()
Hibernate: select last_insert_rowid()
2025-10-13T21:43:07.382+09:00 DEBUG 2284 --- [Shift Scheduler Demo] [           main] org.hibernate.SQL                        : insert into shift_assignments (employee_id,end_time,shift_name,start_time,work_date) values (?,?,?,?,?)
Hibernate: insert into shift_assignments (employee_id,end_time,shift_name,start_time,work_date) values (?,?,?,?,?)
2025-10-13T21:43:07.382+09:00 DEBUG 2284 --- [Shift Scheduler Demo] [           main] org.hibernate.SQL                        : select last_insert_rowid()
Hibernate: select last_insert_rowid()
2025-10-13T21:43:07.382+09:00 DEBUG 2284 --- [Shift Scheduler Demo] [           main] org.hibernate.SQL                        : insert into shift_assignments (employee_id,end_time,shift_name,start_time,work_date) values (?,?,?,?,?)
Hibernate: insert into shift_assignments (employee_id,end_time,shift_name,start_time,work_date) values (?,?,?,?,?)
2025-10-13T21:43:07.382+09:00 DEBUG 2284 --- [Shift Scheduler Demo] [           main] org.hibernate.SQL                        : select last_insert_rowid()
Hibernate: select last_insert_rowid()
2025-10-13T21:43:07.382+09:00 DEBUG 2284 --- [Shift Scheduler Demo] [           main] org.hibernate.SQL                        : insert into shift_assignments (employee_id,end_time,shift_name,start_time,work_date) values (?,?,?,?,?)
Hibernate: insert into shift_assignments (employee_id,end_time,shift_name,start_time,work_date) values (?,?,?,?,?)
2025-10-13T21:43:07.382+09:00 DEBUG 2284 --- [Shift Scheduler Demo] [           main] org.hibernate.SQL                        : select last_insert_rowid()
Hibernate: select last_insert_rowid()
2025-10-13T21:43:07.394+09:00 DEBUG 2284 --- [Shift Scheduler Demo] [           main] org.hibernate.SQL                        : insert into shift_assignments (employee_id,end_time,shift_name,start_time,work_date) values (?,?,?,?,?)
Hibernate: insert into shift_assignments (employee_id,end_time,shift_name,start_time,work_date) values (?,?,?,?,?)
2025-10-13T21:43:07.394+09:00 DEBUG 2284 --- [Shift Scheduler Demo] [           main] org.hibernate.SQL                        : select last_insert_rowid()
Hibernate: select last_insert_rowid()
2025-10-13T21:43:07.394+09:00 DEBUG 2284 --- [Shift Scheduler Demo] [           main] org.hibernate.SQL                        : insert into shift_assignments (employee_id,end_time,shift_name,start_time,work_date) values (?,?,?,?,?)
Hibernate: insert into shift_assignments (employee_id,end_time,shift_name,start_time,work_date) values (?,?,?,?,?)
2025-10-13T21:43:07.394+09:00 DEBUG 2284 --- [Shift Scheduler Demo] [           main] org.hibernate.SQL                        : select last_insert_rowid()
Hibernate: select last_insert_rowid()
2025-10-13T21:43:07.394+09:00 DEBUG 2284 --- [Shift Scheduler Demo] [           main] org.hibernate.SQL                        : insert into shift_assignments (employee_id,end_time,shift_name,start_time,work_date) values (?,?,?,?,?)
Hibernate: insert into shift_assignments (employee_id,end_time,shift_name,start_time,work_date) values (?,?,?,?,?)
2025-10-13T21:43:07.394+09:00 DEBUG 2284 --- [Shift Scheduler Demo] [           main] org.hibernate.SQL                        : select last_insert_rowid()
Hibernate: select last_insert_rowid()
2025-10-13T21:43:07.394+09:00 DEBUG 2284 --- [Shift Scheduler Demo] [           main] org.hibernate.SQL                        : insert into shift_assignments (employee_id,end_time,shift_name,start_time,work_date) values (?,?,?,?,?)
Hibernate: insert into shift_assignments (employee_id,end_time,shift_name,start_time,work_date) values (?,?,?,?,?)
2025-10-13T21:43:07.394+09:00 DEBUG 2284 --- [Shift Scheduler Demo] [           main] org.hibernate.SQL                        : select last_insert_rowid()
Hibernate: select last_insert_rowid()
2025-10-13T21:43:07.394+09:00 DEBUG 2284 --- [Shift Scheduler Demo] [           main] org.hibernate.SQL                        : insert into shift_assignments (employee_id,end_time,shift_name,start_time,work_date) values (?,?,?,?,?)
Hibernate: insert into shift_assignments (employee_id,end_time,shift_name,start_time,work_date) values (?,?,?,?,?)
2025-10-13T21:43:07.394+09:00 DEBUG 2284 --- [Shift Scheduler Demo] [           main] org.hibernate.SQL                        : select last_insert_rowid()
Hibernate: select last_insert_rowid()
2025-10-13T21:43:07.394+09:00 DEBUG 2284 --- [Shift Scheduler Demo] [           main] org.hibernate.SQL                        : insert into shift_assignments (employee_id,end_time,shift_name,start_time,work_date) values (?,?,?,?,?)
Hibernate: insert into shift_assignments (employee_id,end_time,shift_name,start_time,work_date) values (?,?,?,?,?)
2025-10-13T21:43:07.394+09:00 DEBUG 2284 --- [Shift Scheduler Demo] [           main] org.hibernate.SQL                        : select last_insert_rowid()
Hibernate: select last_insert_rowid()
2025-10-13T21:43:07.395+09:00 DEBUG 2284 --- [Shift Scheduler Demo] [           main] org.hibernate.SQL                        : insert into shift_assignments (employee_id,end_time,shift_name,start_time,work_date) values (?,?,?,?,?)
Hibernate: insert into shift_assignments (employee_id,end_time,shift_name,start_time,work_date) values (?,?,?,?,?)
2025-10-13T21:43:07.395+09:00 DEBUG 2284 --- [Shift Scheduler Demo] [           main] org.hibernate.SQL                        : select last_insert_rowid()
Hibernate: select last_insert_rowid()
2025-10-13T21:43:07.395+09:00 DEBUG 2284 --- [Shift Scheduler Demo] [           main] org.hibernate.SQL                        : insert into shift_assignments (employee_id,end_time,shift_name,start_time,work_date) values (?,?,?,?,?)
Hibernate: insert into shift_assignments (employee_id,end_time,shift_name,start_time,work_date) values (?,?,?,?,?)
2025-10-13T21:43:07.395+09:00 DEBUG 2284 --- [Shift Scheduler Demo] [           main] org.hibernate.SQL                        : select last_insert_rowid()
Hibernate: select last_insert_rowid()
2025-10-13T21:43:07.395+09:00 DEBUG 2284 --- [Shift Scheduler Demo] [           main] org.hibernate.SQL                        : insert into shift_assignments (employee_id,end_time,shift_name,start_time,work_date) values (?,?,?,?,?)
Hibernate: insert into shift_assignments (employee_id,end_time,shift_name,start_time,work_date) values (?,?,?,?,?)
2025-10-13T21:43:07.395+09:00 DEBUG 2284 --- [Shift Scheduler Demo] [           main] org.hibernate.SQL                        : select last_insert_rowid()
Hibernate: select last_insert_rowid()
2025-10-13T21:43:07.395+09:00 DEBUG 2284 --- [Shift Scheduler Demo] [           main] org.hibernate.SQL                        : insert into shift_assignments (employee_id,end_time,shift_name,start_time,work_date) values (?,?,?,?,?)
Hibernate: insert into shift_assignments (employee_id,end_time,shift_name,start_time,work_date) values (?,?,?,?,?)
2025-10-13T21:43:07.395+09:00 DEBUG 2284 --- [Shift Scheduler Demo] [           main] org.hibernate.SQL                        : select last_insert_rowid()
Hibernate: select last_insert_rowid()
2025-10-13T21:43:07.395+09:00 DEBUG 2284 --- [Shift Scheduler Demo] [           main] org.hibernate.SQL                        : insert into shift_assignments (employee_id,end_time,shift_name,start_time,work_date) values (?,?,?,?,?)
Hibernate: insert into shift_assignments (employee_id,end_time,shift_name,start_time,work_date) values (?,?,?,?,?)
2025-10-13T21:43:07.395+09:00 DEBUG 2284 --- [Shift Scheduler Demo] [           main] org.hibernate.SQL                        : select last_insert_rowid()
Hibernate: select last_insert_rowid()
2025-10-13T21:43:07.396+09:00 DEBUG 2284 --- [Shift Scheduler Demo] [           main] org.hibernate.SQL                        : insert into shift_assignments (employee_id,end_time,shift_name,start_time,work_date) values (?,?,?,?,?)
Hibernate: insert into shift_assignments (employee_id,end_time,shift_name,start_time,work_date) values (?,?,?,?,?)
2025-10-13T21:43:07.396+09:00 DEBUG 2284 --- [Shift Scheduler Demo] [           main] org.hibernate.SQL                        : select last_insert_rowid()
Hibernate: select last_insert_rowid()
2025-10-13T21:43:07.396+09:00 DEBUG 2284 --- [Shift Scheduler Demo] [           main] org.hibernate.SQL                        : insert into shift_assignments (employee_id,end_time,shift_name,start_time,work_date) values (?,?,?,?,?)
Hibernate: insert into shift_assignments (employee_id,end_time,shift_name,start_time,work_date) values (?,?,?,?,?)
2025-10-13T21:43:07.396+09:00 DEBUG 2284 --- [Shift Scheduler Demo] [           main] org.hibernate.SQL                        : select last_insert_rowid()
Hibernate: select last_insert_rowid()
2025-10-13T21:43:07.396+09:00 DEBUG 2284 --- [Shift Scheduler Demo] [           main] org.hibernate.SQL                        : insert into shift_assignments (employee_id,end_time,shift_name,start_time,work_date) values (?,?,?,?,?)
Hibernate: insert into shift_assignments (employee_id,end_time,shift_name,start_time,work_date) values (?,?,?,?,?)
2025-10-13T21:43:07.396+09:00 DEBUG 2284 --- [Shift Scheduler Demo] [           main] org.hibernate.SQL                        : select last_insert_rowid()
Hibernate: select last_insert_rowid()
2025-10-13T21:43:07.396+09:00 DEBUG 2284 --- [Shift Scheduler Demo] [           main] org.hibernate.SQL                        : insert into shift_assignments (employee_id,end_time,shift_name,start_time,work_date) values (?,?,?,?,?)
Hibernate: insert into shift_assignments (employee_id,end_time,shift_name,start_time,work_date) values (?,?,?,?,?)
2025-10-13T21:43:07.396+09:00 DEBUG 2284 --- [Shift Scheduler Demo] [           main] org.hibernate.SQL                        : select last_insert_rowid()
Hibernate: select last_insert_rowid()
2025-10-13T21:43:07.396+09:00 DEBUG 2284 --- [Shift Scheduler Demo] [           main] org.hibernate.SQL                        : insert into shift_assignments (employee_id,end_time,shift_name,start_time,work_date) values (?,?,?,?,?)
Hibernate: insert into shift_assignments (employee_id,end_time,shift_name,start_time,work_date) values (?,?,?,?,?)
2025-10-13T21:43:07.397+09:00 DEBUG 2284 --- [Shift Scheduler Demo] [           main] org.hibernate.SQL                        : select last_insert_rowid()
Hibernate: select last_insert_rowid()
2025-10-13T21:43:07.397+09:00 DEBUG 2284 --- [Shift Scheduler Demo] [           main] org.hibernate.SQL                        : insert into shift_assignments (employee_id,end_time,shift_name,start_time,work_date) values (?,?,?,?,?)
Hibernate: insert into shift_assignments (employee_id,end_time,shift_name,start_time,work_date) values (?,?,?,?,?)
2025-10-13T21:43:07.397+09:00 DEBUG 2284 --- [Shift Scheduler Demo] [           main] org.hibernate.SQL                        : select last_insert_rowid()
Hibernate: select last_insert_rowid()
2025-10-13T21:43:07.398+09:00 DEBUG 2284 --- [Shift Scheduler Demo] [           main] org.hibernate.SQL                        : insert into shift_assignments (employee_id,end_time,shift_name,start_time,work_date) values (?,?,?,?,?)
Hibernate: insert into shift_assignments (employee_id,end_time,shift_name,start_time,work_date) values (?,?,?,?,?)
2025-10-13T21:43:07.398+09:00 DEBUG 2284 --- [Shift Scheduler Demo] [           main] org.hibernate.SQL                        : select last_insert_rowid()
Hibernate: select last_insert_rowid()
2025-10-13T21:43:07.398+09:00 DEBUG 2284 --- [Shift Scheduler Demo] [           main] org.hibernate.SQL                        : insert into shift_assignments (employee_id,end_time,shift_name,start_time,work_date) values (?,?,?,?,?)
Hibernate: insert into shift_assignments (employee_id,end_time,shift_name,start_time,work_date) values (?,?,?,?,?)
2025-10-13T21:43:07.398+09:00 DEBUG 2284 --- [Shift Scheduler Demo] [           main] org.hibernate.SQL                        : select last_insert_rowid()
Hibernate: select last_insert_rowid()
2025-10-13T21:43:07.398+09:00 DEBUG 2284 --- [Shift Scheduler Demo] [           main] org.hibernate.SQL                        : insert into shift_assignments (employee_id,end_time,shift_name,start_time,work_date) values (?,?,?,?,?)
Hibernate: insert into shift_assignments (employee_id,end_time,shift_name,start_time,work_date) values (?,?,?,?,?)
2025-10-13T21:43:07.398+09:00 DEBUG 2284 --- [Shift Scheduler Demo] [           main] org.hibernate.SQL                        : select last_insert_rowid()
Hibernate: select last_insert_rowid()
2025-10-13T21:43:07.398+09:00 DEBUG 2284 --- [Shift Scheduler Demo] [           main] org.hibernate.SQL                        : insert into shift_assignments (employee_id,end_time,shift_name,start_time,work_date) values (?,?,?,?,?)
Hibernate: insert into shift_assignments (employee_id,end_time,shift_name,start_time,work_date) values (?,?,?,?,?)
2025-10-13T21:43:07.398+09:00 DEBUG 2284 --- [Shift Scheduler Demo] [           main] org.hibernate.SQL                        : select last_insert_rowid()
Hibernate: select last_insert_rowid()
2025-10-13T21:43:07.398+09:00 DEBUG 2284 --- [Shift Scheduler Demo] [           main] org.hibernate.SQL                        : insert into shift_assignments (employee_id,end_time,shift_name,start_time,work_date) values (?,?,?,?,?)
Hibernate: insert into shift_assignments (employee_id,end_time,shift_name,start_time,work_date) values (?,?,?,?,?)
2025-10-13T21:43:07.399+09:00 DEBUG 2284 --- [Shift Scheduler Demo] [           main] org.hibernate.SQL                        : select last_insert_rowid()
Hibernate: select last_insert_rowid()
2025-10-13T21:43:07.399+09:00 DEBUG 2284 --- [Shift Scheduler Demo] [           main] org.hibernate.SQL                        : insert into shift_assignments (employee_id,end_time,shift_name,start_time,work_date) values (?,?,?,?,?)
Hibernate: insert into shift_assignments (employee_id,end_time,shift_name,start_time,work_date) values (?,?,?,?,?)
2025-10-13T21:43:07.399+09:00 DEBUG 2284 --- [Shift Scheduler Demo] [           main] org.hibernate.SQL                        : select last_insert_rowid()
Hibernate: select last_insert_rowid()
2025-10-13T21:43:07.399+09:00 DEBUG 2284 --- [Shift Scheduler Demo] [           main] org.hibernate.SQL                        : insert into shift_assignments (employee_id,end_time,shift_name,start_time,work_date) values (?,?,?,?,?)
Hibernate: insert into shift_assignments (employee_id,end_time,shift_name,start_time,work_date) values (?,?,?,?,?)
2025-10-13T21:43:07.399+09:00 DEBUG 2284 --- [Shift Scheduler Demo] [           main] org.hibernate.SQL                        : select last_insert_rowid()
Hibernate: select last_insert_rowid()
2025-10-13T21:43:07.399+09:00 DEBUG 2284 --- [Shift Scheduler Demo] [           main] org.hibernate.SQL                        : insert into shift_assignments (employee_id,end_time,shift_name,start_time,work_date) values (?,?,?,?,?)
Hibernate: insert into shift_assignments (employee_id,end_time,shift_name,start_time,work_date) values (?,?,?,?,?)
2025-10-13T21:43:07.399+09:00 DEBUG 2284 --- [Shift Scheduler Demo] [           main] org.hibernate.SQL                        : select last_insert_rowid()
Hibernate: select last_insert_rowid()
2025-10-13T21:43:07.399+09:00 DEBUG 2284 --- [Shift Scheduler Demo] [           main] org.hibernate.SQL                        : insert into shift_assignments (employee_id,end_time,shift_name,start_time,work_date) values (?,?,?,?,?)
Hibernate: insert into shift_assignments (employee_id,end_time,shift_name,start_time,work_date) values (?,?,?,?,?)
2025-10-13T21:43:07.399+09:00 DEBUG 2284 --- [Shift Scheduler Demo] [           main] org.hibernate.SQL                        : select last_insert_rowid()
Hibernate: select last_insert_rowid()
2025-10-13T21:43:07.400+09:00 DEBUG 2284 --- [Shift Scheduler Demo] [           main] org.hibernate.SQL                        : insert into shift_assignments (employee_id,end_time,shift_name,start_time,work_date) values (?,?,?,?,?)
Hibernate: insert into shift_assignments (employee_id,end_time,shift_name,start_time,work_date) values (?,?,?,?,?)
2025-10-13T21:43:07.400+09:00 DEBUG 2284 --- [Shift Scheduler Demo] [           main] org.hibernate.SQL                        : select last_insert_rowid()
Hibernate: select last_insert_rowid()
2025-10-13T21:43:07.400+09:00 DEBUG 2284 --- [Shift Scheduler Demo] [           main] org.hibernate.SQL                        : insert into shift_assignments (employee_id,end_time,shift_name,start_time,work_date) values (?,?,?,?,?)
Hibernate: insert into shift_assignments (employee_id,end_time,shift_name,start_time,work_date) values (?,?,?,?,?)
2025-10-13T21:43:07.400+09:00 DEBUG 2284 --- [Shift Scheduler Demo] [           main] org.hibernate.SQL                        : select last_insert_rowid()
Hibernate: select last_insert_rowid()
2025-10-13T21:43:07.400+09:00 DEBUG 2284 --- [Shift Scheduler Demo] [           main] org.hibernate.SQL                        : insert into shift_assignments (employee_id,end_time,shift_name,start_time,work_date) values (?,?,?,?,?)
Hibernate: insert into shift_assignments (employee_id,end_time,shift_name,start_time,work_date) values (?,?,?,?,?)
2025-10-13T21:43:07.400+09:00 DEBUG 2284 --- [Shift Scheduler Demo] [           main] org.hibernate.SQL                        : select last_insert_rowid()
Hibernate: select last_insert_rowid()
2025-10-13T21:43:07.400+09:00 DEBUG 2284 --- [Shift Scheduler Demo] [           main] org.hibernate.SQL                        : insert into shift_assignments (employee_id,end_time,shift_name,start_time,work_date) values (?,?,?,?,?)
Hibernate: insert into shift_assignments (employee_id,end_time,shift_name,start_time,work_date) values (?,?,?,?,?)
2025-10-13T21:43:07.400+09:00 DEBUG 2284 --- [Shift Scheduler Demo] [           main] org.hibernate.SQL                        : select last_insert_rowid()
Hibernate: select last_insert_rowid()
2025-10-13T21:43:07.400+09:00 DEBUG 2284 --- [Shift Scheduler Demo] [           main] org.hibernate.SQL                        : insert into shift_assignments (employee_id,end_time,shift_name,start_time,work_date) values (?,?,?,?,?)
Hibernate: insert into shift_assignments (employee_id,end_time,shift_name,start_time,work_date) values (?,?,?,?,?)
2025-10-13T21:43:07.401+09:00 DEBUG 2284 --- [Shift Scheduler Demo] [           main] org.hibernate.SQL                        : select last_insert_rowid()
Hibernate: select last_insert_rowid()
2025-10-13T21:43:07.401+09:00 DEBUG 2284 --- [Shift Scheduler Demo] [           main] org.hibernate.SQL                        : insert into shift_assignments (employee_id,end_time,shift_name,start_time,work_date) values (?,?,?,?,?)
Hibernate: insert into shift_assignments (employee_id,end_time,shift_name,start_time,work_date) values (?,?,?,?,?)
2025-10-13T21:43:07.401+09:00 DEBUG 2284 --- [Shift Scheduler Demo] [           main] org.hibernate.SQL                        : select last_insert_rowid()
Hibernate: select last_insert_rowid()
2025-10-13T21:43:07.401+09:00 DEBUG 2284 --- [Shift Scheduler Demo] [           main] org.hibernate.SQL                        : insert into shift_assignments (employee_id,end_time,shift_name,start_time,work_date) values (?,?,?,?,?)
Hibernate: insert into shift_assignments (employee_id,end_time,shift_name,start_time,work_date) values (?,?,?,?,?)
2025-10-13T21:43:07.401+09:00 DEBUG 2284 --- [Shift Scheduler Demo] [           main] org.hibernate.SQL                        : select last_insert_rowid()
Hibernate: select last_insert_rowid()
2025-10-13T21:43:07.401+09:00 DEBUG 2284 --- [Shift Scheduler Demo] [           main] org.hibernate.SQL                        : insert into shift_assignments (employee_id,end_time,shift_name,start_time,work_date) values (?,?,?,?,?)
Hibernate: insert into shift_assignments (employee_id,end_time,shift_name,start_time,work_date) values (?,?,?,?,?)
2025-10-13T21:43:07.401+09:00 DEBUG 2284 --- [Shift Scheduler Demo] [           main] org.hibernate.SQL                        : select last_insert_rowid()
Hibernate: select last_insert_rowid()
2025-10-13T21:43:07.401+09:00 DEBUG 2284 --- [Shift Scheduler Demo] [           main] org.hibernate.SQL                        : insert into shift_assignments (employee_id,end_time,shift_name,start_time,work_date) values (?,?,?,?,?)
Hibernate: insert into shift_assignments (employee_id,end_time,shift_name,start_time,work_date) values (?,?,?,?,?)
2025-10-13T21:43:07.402+09:00 DEBUG 2284 --- [Shift Scheduler Demo] [           main] org.hibernate.SQL                        : select last_insert_rowid()
Hibernate: select last_insert_rowid()
2025-10-13T21:43:07.402+09:00 DEBUG 2284 --- [Shift Scheduler Demo] [           main] org.hibernate.SQL                        : insert into shift_assignments (employee_id,end_time,shift_name,start_time,work_date) values (?,?,?,?,?)
Hibernate: insert into shift_assignments (employee_id,end_time,shift_name,start_time,work_date) values (?,?,?,?,?)
2025-10-13T21:43:07.402+09:00 DEBUG 2284 --- [Shift Scheduler Demo] [           main] org.hibernate.SQL                        : select last_insert_rowid()
Hibernate: select last_insert_rowid()
2025-10-13T21:43:07.402+09:00 DEBUG 2284 --- [Shift Scheduler Demo] [           main] org.hibernate.SQL                        : insert into shift_assignments (employee_id,end_time,shift_name,start_time,work_date) values (?,?,?,?,?)
Hibernate: insert into shift_assignments (employee_id,end_time,shift_name,start_time,work_date) values (?,?,?,?,?)
2025-10-13T21:43:07.402+09:00 DEBUG 2284 --- [Shift Scheduler Demo] [           main] org.hibernate.SQL                        : select last_insert_rowid()
Hibernate: select last_insert_rowid()
2025-10-13T21:43:07.403+09:00 DEBUG 2284 --- [Shift Scheduler Demo] [           main] org.hibernate.SQL                        : insert into shift_assignments (employee_id,end_time,shift_name,start_time,work_date) values (?,?,?,?,?)
Hibernate: insert into shift_assignments (employee_id,end_time,shift_name,start_time,work_date) values (?,?,?,?,?)
2025-10-13T21:43:07.403+09:00 DEBUG 2284 --- [Shift Scheduler Demo] [           main] org.hibernate.SQL                        : select last_insert_rowid()
Hibernate: select last_insert_rowid()
2025-10-13T21:43:07.403+09:00 DEBUG 2284 --- [Shift Scheduler Demo] [           main] org.hibernate.SQL                        : insert into shift_assignments (employee_id,end_time,shift_name,start_time,work_date) values (?,?,?,?,?)
Hibernate: insert into shift_assignments (employee_id,end_time,shift_name,start_time,work_date) values (?,?,?,?,?)
2025-10-13T21:43:07.403+09:00 DEBUG 2284 --- [Shift Scheduler Demo] [           main] org.hibernate.SQL                        : select last_insert_rowid()
Hibernate: select last_insert_rowid()
2025-10-13T21:43:07.403+09:00 DEBUG 2284 --- [Shift Scheduler Demo] [           main] org.hibernate.SQL                        : insert into shift_assignments (employee_id,end_time,shift_name,start_time,work_date) values (?,?,?,?,?)
Hibernate: insert into shift_assignments (employee_id,end_time,shift_name,start_time,work_date) values (?,?,?,?,?)
2025-10-13T21:43:07.403+09:00 DEBUG 2284 --- [Shift Scheduler Demo] [           main] org.hibernate.SQL                        : select last_insert_rowid()
Hibernate: select last_insert_rowid()
2025-10-13T21:43:07.403+09:00 DEBUG 2284 --- [Shift Scheduler Demo] [           main] org.hibernate.SQL                        : insert into shift_assignments (employee_id,end_time,shift_name,start_time,work_date) values (?,?,?,?,?)
Hibernate: insert into shift_assignments (employee_id,end_time,shift_name,start_time,work_date) values (?,?,?,?,?)
2025-10-13T21:43:07.403+09:00 DEBUG 2284 --- [Shift Scheduler Demo] [           main] org.hibernate.SQL                        : select last_insert_rowid()
Hibernate: select last_insert_rowid()
2025-10-13T21:43:07.403+09:00 DEBUG 2284 --- [Shift Scheduler Demo] [           main] org.hibernate.SQL                        : insert into shift_assignments (employee_id,end_time,shift_name,start_time,work_date) values (?,?,?,?,?)
Hibernate: insert into shift_assignments (employee_id,end_time,shift_name,start_time,work_date) values (?,?,?,?,?)
2025-10-13T21:43:07.404+09:00 DEBUG 2284 --- [Shift Scheduler Demo] [           main] org.hibernate.SQL                        : select last_insert_rowid()
Hibernate: select last_insert_rowid()
2025-10-13T21:43:07.404+09:00 DEBUG 2284 --- [Shift Scheduler Demo] [           main] org.hibernate.SQL                        : insert into shift_assignments (employee_id,end_time,shift_name,start_time,work_date) values (?,?,?,?,?)
Hibernate: insert into shift_assignments (employee_id,end_time,shift_name,start_time,work_date) values (?,?,?,?,?)
2025-10-13T21:43:07.404+09:00 DEBUG 2284 --- [Shift Scheduler Demo] [           main] org.hibernate.SQL                        : select last_insert_rowid()
Hibernate: select last_insert_rowid()
2025-10-13T21:43:07.404+09:00 DEBUG 2284 --- [Shift Scheduler Demo] [           main] org.hibernate.SQL                        : insert into shift_assignments (employee_id,end_time,shift_name,start_time,work_date) values (?,?,?,?,?)
Hibernate: insert into shift_assignments (employee_id,end_time,shift_name,start_time,work_date) values (?,?,?,?,?)
2025-10-13T21:43:07.404+09:00 DEBUG 2284 --- [Shift Scheduler Demo] [           main] org.hibernate.SQL                        : select last_insert_rowid()
Hibernate: select last_insert_rowid()
2025-10-13T21:43:07.404+09:00 DEBUG 2284 --- [Shift Scheduler Demo] [           main] org.hibernate.SQL                        : insert into shift_assignments (employee_id,end_time,shift_name,start_time,work_date) values (?,?,?,?,?)
Hibernate: insert into shift_assignments (employee_id,end_time,shift_name,start_time,work_date) values (?,?,?,?,?)
2025-10-13T21:43:07.404+09:00 DEBUG 2284 --- [Shift Scheduler Demo] [           main] org.hibernate.SQL                        : select last_insert_rowid()
Hibernate: select last_insert_rowid()
2025-10-13T21:43:07.404+09:00 DEBUG 2284 --- [Shift Scheduler Demo] [           main] org.hibernate.SQL                        : insert into shift_assignments (employee_id,end_time,shift_name,start_time,work_date) values (?,?,?,?,?)
Hibernate: insert into shift_assignments (employee_id,end_time,shift_name,start_time,work_date) values (?,?,?,?,?)
2025-10-13T21:43:07.404+09:00 DEBUG 2284 --- [Shift Scheduler Demo] [           main] org.hibernate.SQL                        : select last_insert_rowid()
Hibernate: select last_insert_rowid()
2025-10-13T21:43:07.405+09:00 DEBUG 2284 --- [Shift Scheduler Demo] [           main] org.hibernate.SQL                        : insert into shift_assignments (employee_id,end_time,shift_name,start_time,work_date) values (?,?,?,?,?)
Hibernate: insert into shift_assignments (employee_id,end_time,shift_name,start_time,work_date) values (?,?,?,?,?)
2025-10-13T21:43:07.405+09:00 DEBUG 2284 --- [Shift Scheduler Demo] [           main] org.hibernate.SQL                        : select last_insert_rowid()
Hibernate: select last_insert_rowid()
2025-10-13T21:43:07.405+09:00 DEBUG 2284 --- [Shift Scheduler Demo] [           main] org.hibernate.SQL                        : insert into shift_assignments (employee_id,end_time,shift_name,start_time,work_date) values (?,?,?,?,?)
Hibernate: insert into shift_assignments (employee_id,end_time,shift_name,start_time,work_date) values (?,?,?,?,?)
2025-10-13T21:43:07.405+09:00 DEBUG 2284 --- [Shift Scheduler Demo] [           main] org.hibernate.SQL                        : select last_insert_rowid()
Hibernate: select last_insert_rowid()
2025-10-13T21:43:07.405+09:00 DEBUG 2284 --- [Shift Scheduler Demo] [           main] org.hibernate.SQL                        : insert into shift_assignments (employee_id,end_time,shift_name,start_time,work_date) values (?,?,?,?,?)
Hibernate: insert into shift_assignments (employee_id,end_time,shift_name,start_time,work_date) values (?,?,?,?,?)
2025-10-13T21:43:07.405+09:00 DEBUG 2284 --- [Shift Scheduler Demo] [           main] org.hibernate.SQL                        : select last_insert_rowid()
Hibernate: select last_insert_rowid()
2025-10-13T21:43:07.405+09:00 DEBUG 2284 --- [Shift Scheduler Demo] [           main] org.hibernate.SQL                        : insert into shift_assignments (employee_id,end_time,shift_name,start_time,work_date) values (?,?,?,?,?)
Hibernate: insert into shift_assignments (employee_id,end_time,shift_name,start_time,work_date) values (?,?,?,?,?)
2025-10-13T21:43:07.405+09:00 DEBUG 2284 --- [Shift Scheduler Demo] [           main] org.hibernate.SQL                        : select last_insert_rowid()
Hibernate: select last_insert_rowid()
2025-10-13T21:43:07.405+09:00 DEBUG 2284 --- [Shift Scheduler Demo] [           main] org.hibernate.SQL                        : insert into shift_assignments (employee_id,end_time,shift_name,start_time,work_date) values (?,?,?,?,?)
Hibernate: insert into shift_assignments (employee_id,end_time,shift_name,start_time,work_date) values (?,?,?,?,?)
2025-10-13T21:43:07.406+09:00 DEBUG 2284 --- [Shift Scheduler Demo] [           main] org.hibernate.SQL                        : select last_insert_rowid()
Hibernate: select last_insert_rowid()
2025-10-13T21:43:07.406+09:00 DEBUG 2284 --- [Shift Scheduler Demo] [           main] org.hibernate.SQL                        : insert into shift_assignments (employee_id,end_time,shift_name,start_time,work_date) values (?,?,?,?,?)
Hibernate: insert into shift_assignments (employee_id,end_time,shift_name,start_time,work_date) values (?,?,?,?,?)
2025-10-13T21:43:07.406+09:00 DEBUG 2284 --- [Shift Scheduler Demo] [           main] org.hibernate.SQL                        : select last_insert_rowid()
Hibernate: select last_insert_rowid()
2025-10-13T21:43:07.406+09:00 DEBUG 2284 --- [Shift Scheduler Demo] [           main] org.hibernate.SQL                        : insert into shift_assignments (employee_id,end_time,shift_name,start_time,work_date) values (?,?,?,?,?)
Hibernate: insert into shift_assignments (employee_id,end_time,shift_name,start_time,work_date) values (?,?,?,?,?)
2025-10-13T21:43:07.406+09:00 DEBUG 2284 --- [Shift Scheduler Demo] [           main] org.hibernate.SQL                        : select last_insert_rowid()
Hibernate: select last_insert_rowid()
2025-10-13T21:43:07.406+09:00 DEBUG 2284 --- [Shift Scheduler Demo] [           main] org.hibernate.SQL                        : insert into shift_assignments (employee_id,end_time,shift_name,start_time,work_date) values (?,?,?,?,?)
Hibernate: insert into shift_assignments (employee_id,end_time,shift_name,start_time,work_date) values (?,?,?,?,?)
2025-10-13T21:43:07.406+09:00 DEBUG 2284 --- [Shift Scheduler Demo] [           main] org.hibernate.SQL                        : select last_insert_rowid()
Hibernate: select last_insert_rowid()
2025-10-13T21:43:07.406+09:00 DEBUG 2284 --- [Shift Scheduler Demo] [           main] org.hibernate.SQL                        : insert into shift_assignments (employee_id,end_time,shift_name,start_time,work_date) values (?,?,?,?,?)
Hibernate: insert into shift_assignments (employee_id,end_time,shift_name,start_time,work_date) values (?,?,?,?,?)
2025-10-13T21:43:07.406+09:00 DEBUG 2284 --- [Shift Scheduler Demo] [           main] org.hibernate.SQL                        : select last_insert_rowid()
Hibernate: select last_insert_rowid()
2025-10-13T21:43:07.407+09:00 DEBUG 2284 --- [Shift Scheduler Demo] [           main] org.hibernate.SQL                        : insert into shift_assignments (employee_id,end_time,shift_name,start_time,work_date) values (?,?,?,?,?)
Hibernate: insert into shift_assignments (employee_id,end_time,shift_name,start_time,work_date) values (?,?,?,?,?)
2025-10-13T21:43:07.407+09:00 DEBUG 2284 --- [Shift Scheduler Demo] [           main] org.hibernate.SQL                        : select last_insert_rowid()
Hibernate: select last_insert_rowid()
2025-10-13T21:43:07.407+09:00 DEBUG 2284 --- [Shift Scheduler Demo] [           main] org.hibernate.SQL                        : insert into shift_assignments (employee_id,end_time,shift_name,start_time,work_date) values (?,?,?,?,?)
Hibernate: insert into shift_assignments (employee_id,end_time,shift_name,start_time,work_date) values (?,?,?,?,?)
2025-10-13T21:43:07.407+09:00 DEBUG 2284 --- [Shift Scheduler Demo] [           main] org.hibernate.SQL                        : select last_insert_rowid()
Hibernate: select last_insert_rowid()
2025-10-13T21:43:07.407+09:00 DEBUG 2284 --- [Shift Scheduler Demo] [           main] org.hibernate.SQL                        : insert into shift_assignments (employee_id,end_time,shift_name,start_time,work_date) values (?,?,?,?,?)
Hibernate: insert into shift_assignments (employee_id,end_time,shift_name,start_time,work_date) values (?,?,?,?,?)
2025-10-13T21:43:07.407+09:00 DEBUG 2284 --- [Shift Scheduler Demo] [           main] org.hibernate.SQL                        : select last_insert_rowid()
Hibernate: select last_insert_rowid()
2025-10-13T21:43:07.407+09:00 DEBUG 2284 --- [Shift Scheduler Demo] [           main] org.hibernate.SQL                        : insert into shift_assignments (employee_id,end_time,shift_name,start_time,work_date) values (?,?,?,?,?)
Hibernate: insert into shift_assignments (employee_id,end_time,shift_name,start_time,work_date) values (?,?,?,?,?)
2025-10-13T21:43:07.407+09:00 DEBUG 2284 --- [Shift Scheduler Demo] [           main] org.hibernate.SQL                        : select last_insert_rowid()
Hibernate: select last_insert_rowid()
2025-10-13T21:43:07.407+09:00 DEBUG 2284 --- [Shift Scheduler Demo] [           main] org.hibernate.SQL                        : insert into shift_assignments (employee_id,end_time,shift_name,start_time,work_date) values (?,?,?,?,?)
Hibernate: insert into shift_assignments (employee_id,end_time,shift_name,start_time,work_date) values (?,?,?,?,?)
2025-10-13T21:43:07.407+09:00 DEBUG 2284 --- [Shift Scheduler Demo] [           main] org.hibernate.SQL                        : select last_insert_rowid()
Hibernate: select last_insert_rowid()
2025-10-13T21:43:07.408+09:00 DEBUG 2284 --- [Shift Scheduler Demo] [           main] org.hibernate.SQL                        : insert into shift_assignments (employee_id,end_time,shift_name,start_time,work_date) values (?,?,?,?,?)
Hibernate: insert into shift_assignments (employee_id,end_time,shift_name,start_time,work_date) values (?,?,?,?,?)
2025-10-13T21:43:07.408+09:00 DEBUG 2284 --- [Shift Scheduler Demo] [           main] org.hibernate.SQL                        : select last_insert_rowid()
Hibernate: select last_insert_rowid()
2025-10-13T21:43:07.408+09:00 DEBUG 2284 --- [Shift Scheduler Demo] [           main] org.hibernate.SQL                        : insert into shift_assignments (employee_id,end_time,shift_name,start_time,work_date) values (?,?,?,?,?)
Hibernate: insert into shift_assignments (employee_id,end_time,shift_name,start_time,work_date) values (?,?,?,?,?)
2025-10-13T21:43:07.408+09:00 DEBUG 2284 --- [Shift Scheduler Demo] [           main] org.hibernate.SQL                        : select last_insert_rowid()
Hibernate: select last_insert_rowid()
2025-10-13T21:43:07.408+09:00 DEBUG 2284 --- [Shift Scheduler Demo] [           main] org.hibernate.SQL                        : insert into shift_assignments (employee_id,end_time,shift_name,start_time,work_date) values (?,?,?,?,?)
Hibernate: insert into shift_assignments (employee_id,end_time,shift_name,start_time,work_date) values (?,?,?,?,?)
2025-10-13T21:43:07.408+09:00 DEBUG 2284 --- [Shift Scheduler Demo] [           main] org.hibernate.SQL                        : select last_insert_rowid()
Hibernate: select last_insert_rowid()
2025-10-13T21:43:07.408+09:00 DEBUG 2284 --- [Shift Scheduler Demo] [           main] org.hibernate.SQL                        : insert into shift_assignments (employee_id,end_time,shift_name,start_time,work_date) values (?,?,?,?,?)
Hibernate: insert into shift_assignments (employee_id,end_time,shift_name,start_time,work_date) values (?,?,?,?,?)
2025-10-13T21:43:07.408+09:00 DEBUG 2284 --- [Shift Scheduler Demo] [           main] org.hibernate.SQL                        : select last_insert_rowid()
Hibernate: select last_insert_rowid()
2025-10-13T21:43:07.409+09:00 DEBUG 2284 --- [Shift Scheduler Demo] [           main] org.hibernate.SQL                        : insert into shift_assignments (employee_id,end_time,shift_name,start_time,work_date) values (?,?,?,?,?)
Hibernate: insert into shift_assignments (employee_id,end_time,shift_name,start_time,work_date) values (?,?,?,?,?)
2025-10-13T21:43:07.409+09:00 DEBUG 2284 --- [Shift Scheduler Demo] [           main] org.hibernate.SQL                        : select last_insert_rowid()
Hibernate: select last_insert_rowid()
2025-10-13T21:43:07.409+09:00 DEBUG 2284 --- [Shift Scheduler Demo] [           main] org.hibernate.SQL                        : insert into shift_assignments (employee_id,end_time,shift_name,start_time,work_date) values (?,?,?,?,?)
Hibernate: insert into shift_assignments (employee_id,end_time,shift_name,start_time,work_date) values (?,?,?,?,?)
2025-10-13T21:43:07.409+09:00 DEBUG 2284 --- [Shift Scheduler Demo] [           main] org.hibernate.SQL                        : select last_insert_rowid()
Hibernate: select last_insert_rowid()
2025-10-13T21:43:07.409+09:00 DEBUG 2284 --- [Shift Scheduler Demo] [           main] org.hibernate.SQL                        : insert into shift_assignments (employee_id,end_time,shift_name,start_time,work_date) values (?,?,?,?,?)
Hibernate: insert into shift_assignments (employee_id,end_time,shift_name,start_time,work_date) values (?,?,?,?,?)
2025-10-13T21:43:07.409+09:00 DEBUG 2284 --- [Shift Scheduler Demo] [           main] org.hibernate.SQL                        : select last_insert_rowid()
Hibernate: select last_insert_rowid()
2025-10-13T21:43:07.409+09:00 DEBUG 2284 --- [Shift Scheduler Demo] [           main] org.hibernate.SQL                        : insert into shift_assignments (employee_id,end_time,shift_name,start_time,work_date) values (?,?,?,?,?)
Hibernate: insert into shift_assignments (employee_id,end_time,shift_name,start_time,work_date) values (?,?,?,?,?)
2025-10-13T21:43:07.409+09:00 DEBUG 2284 --- [Shift Scheduler Demo] [           main] org.hibernate.SQL                        : select last_insert_rowid()
Hibernate: select last_insert_rowid()
2025-10-13T21:43:07.410+09:00 DEBUG 2284 --- [Shift Scheduler Demo] [           main] org.hibernate.SQL                        : insert into shift_assignments (employee_id,end_time,shift_name,start_time,work_date) values (?,?,?,?,?)
Hibernate: insert into shift_assignments (employee_id,end_time,shift_name,start_time,work_date) values (?,?,?,?,?)
2025-10-13T21:43:07.410+09:00 DEBUG 2284 --- [Shift Scheduler Demo] [           main] org.hibernate.SQL                        : select last_insert_rowid()
Hibernate: select last_insert_rowid()
2025-10-13T21:43:07.410+09:00 DEBUG 2284 --- [Shift Scheduler Demo] [           main] org.hibernate.SQL                        : insert into shift_assignments (employee_id,end_time,shift_name,start_time,work_date) values (?,?,?,?,?)
Hibernate: insert into shift_assignments (employee_id,end_time,shift_name,start_time,work_date) values (?,?,?,?,?)
2025-10-13T21:43:07.410+09:00 DEBUG 2284 --- [Shift Scheduler Demo] [           main] org.hibernate.SQL                        : select last_insert_rowid()
Hibernate: select last_insert_rowid()
2025-10-13T21:43:07.410+09:00 DEBUG 2284 --- [Shift Scheduler Demo] [           main] org.hibernate.SQL                        : insert into shift_assignments (employee_id,end_time,shift_name,start_time,work_date) values (?,?,?,?,?)
Hibernate: insert into shift_assignments (employee_id,end_time,shift_name,start_time,work_date) values (?,?,?,?,?)
2025-10-13T21:43:07.410+09:00 DEBUG 2284 --- [Shift Scheduler Demo] [           main] org.hibernate.SQL                        : select last_insert_rowid()
Hibernate: select last_insert_rowid()
2025-10-13T21:43:07.410+09:00 DEBUG 2284 --- [Shift Scheduler Demo] [           main] org.hibernate.SQL                        : insert into shift_assignments (employee_id,end_time,shift_name,start_time,work_date) values (?,?,?,?,?)
Hibernate: insert into shift_assignments (employee_id,end_time,shift_name,start_time,work_date) values (?,?,?,?,?)
2025-10-13T21:43:07.410+09:00 DEBUG 2284 --- [Shift Scheduler Demo] [           main] org.hibernate.SQL                        : select last_insert_rowid()
Hibernate: select last_insert_rowid()
2025-10-13T21:43:07.410+09:00 DEBUG 2284 --- [Shift Scheduler Demo] [           main] org.hibernate.SQL                        : insert into shift_assignments (employee_id,end_time,shift_name,start_time,work_date) values (?,?,?,?,?)
Hibernate: insert into shift_assignments (employee_id,end_time,shift_name,start_time,work_date) values (?,?,?,?,?)
2025-10-13T21:43:07.411+09:00 DEBUG 2284 --- [Shift Scheduler Demo] [           main] org.hibernate.SQL                        : select last_insert_rowid()
Hibernate: select last_insert_rowid()
2025-10-13T21:43:07.411+09:00 DEBUG 2284 --- [Shift Scheduler Demo] [           main] org.hibernate.SQL                        : insert into shift_assignments (employee_id,end_time,shift_name,start_time,work_date) values (?,?,?,?,?)
Hibernate: insert into shift_assignments (employee_id,end_time,shift_name,start_time,work_date) values (?,?,?,?,?)
2025-10-13T21:43:07.411+09:00 DEBUG 2284 --- [Shift Scheduler Demo] [           main] org.hibernate.SQL                        : select last_insert_rowid()
Hibernate: select last_insert_rowid()
2025-10-13T21:43:07.411+09:00 DEBUG 2284 --- [Shift Scheduler Demo] [           main] org.hibernate.SQL                        : insert into shift_assignments (employee_id,end_time,shift_name,start_time,work_date) values (?,?,?,?,?)
Hibernate: insert into shift_assignments (employee_id,end_time,shift_name,start_time,work_date) values (?,?,?,?,?)
2025-10-13T21:43:07.411+09:00 DEBUG 2284 --- [Shift Scheduler Demo] [           main] org.hibernate.SQL                        : select last_insert_rowid()
Hibernate: select last_insert_rowid()
2025-10-13T21:43:07.411+09:00 DEBUG 2284 --- [Shift Scheduler Demo] [           main] org.hibernate.SQL                        : insert into shift_assignments (employee_id,end_time,shift_name,start_time,work_date) values (?,?,?,?,?)
Hibernate: insert into shift_assignments (employee_id,end_time,shift_name,start_time,work_date) values (?,?,?,?,?)
2025-10-13T21:43:07.411+09:00 DEBUG 2284 --- [Shift Scheduler Demo] [           main] org.hibernate.SQL                        : select last_insert_rowid()
Hibernate: select last_insert_rowid()
2025-10-13T21:43:07.411+09:00 DEBUG 2284 --- [Shift Scheduler Demo] [           main] org.hibernate.SQL                        : insert into shift_assignments (employee_id,end_time,shift_name,start_time,work_date) values (?,?,?,?,?)
Hibernate: insert into shift_assignments (employee_id,end_time,shift_name,start_time,work_date) values (?,?,?,?,?)
2025-10-13T21:43:07.411+09:00 DEBUG 2284 --- [Shift Scheduler Demo] [           main] org.hibernate.SQL                        : select last_insert_rowid()
Hibernate: select last_insert_rowid()
2025-10-13T21:43:07.412+09:00 DEBUG 2284 --- [Shift Scheduler Demo] [           main] org.hibernate.SQL                        : insert into shift_assignments (employee_id,end_time,shift_name,start_time,work_date) values (?,?,?,?,?)
Hibernate: insert into shift_assignments (employee_id,end_time,shift_name,start_time,work_date) values (?,?,?,?,?)
2025-10-13T21:43:07.412+09:00 DEBUG 2284 --- [Shift Scheduler Demo] [           main] org.hibernate.SQL                        : select last_insert_rowid()
Hibernate: select last_insert_rowid()
2025-10-13T21:43:07.412+09:00 DEBUG 2284 --- [Shift Scheduler Demo] [           main] org.hibernate.SQL                        : insert into shift_assignments (employee_id,end_time,shift_name,start_time,work_date) values (?,?,?,?,?)
Hibernate: insert into shift_assignments (employee_id,end_time,shift_name,start_time,work_date) values (?,?,?,?,?)
2025-10-13T21:43:07.412+09:00 DEBUG 2284 --- [Shift Scheduler Demo] [           main] org.hibernate.SQL                        : select last_insert_rowid()
Hibernate: select last_insert_rowid()
2025-10-13T21:43:07.412+09:00 DEBUG 2284 --- [Shift Scheduler Demo] [           main] org.hibernate.SQL                        : insert into shift_assignments (employee_id,end_time,shift_name,start_time,work_date) values (?,?,?,?,?)
Hibernate: insert into shift_assignments (employee_id,end_time,shift_name,start_time,work_date) values (?,?,?,?,?)
2025-10-13T21:43:07.412+09:00 DEBUG 2284 --- [Shift Scheduler Demo] [           main] org.hibernate.SQL                        : select last_insert_rowid()
Hibernate: select last_insert_rowid()
2025-10-13T21:43:07.412+09:00 DEBUG 2284 --- [Shift Scheduler Demo] [           main] org.hibernate.SQL                        : insert into shift_assignments (employee_id,end_time,shift_name,start_time,work_date) values (?,?,?,?,?)
Hibernate: insert into shift_assignments (employee_id,end_time,shift_name,start_time,work_date) values (?,?,?,?,?)
2025-10-13T21:43:07.412+09:00 DEBUG 2284 --- [Shift Scheduler Demo] [           main] org.hibernate.SQL                        : select last_insert_rowid()
Hibernate: select last_insert_rowid()
2025-10-13T21:43:07.412+09:00 DEBUG 2284 --- [Shift Scheduler Demo] [           main] org.hibernate.SQL                        : insert into shift_assignments (employee_id,end_time,shift_name,start_time,work_date) values (?,?,?,?,?)
Hibernate: insert into shift_assignments (employee_id,end_time,shift_name,start_time,work_date) values (?,?,?,?,?)
2025-10-13T21:43:07.412+09:00 DEBUG 2284 --- [Shift Scheduler Demo] [           main] org.hibernate.SQL                        : select last_insert_rowid()
Hibernate: select last_insert_rowid()
2025-10-13T21:43:07.412+09:00 DEBUG 2284 --- [Shift Scheduler Demo] [           main] org.hibernate.SQL                        : insert into shift_assignments (employee_id,end_time,shift_name,start_time,work_date) values (?,?,?,?,?)
Hibernate: insert into shift_assignments (employee_id,end_time,shift_name,start_time,work_date) values (?,?,?,?,?)
2025-10-13T21:43:07.412+09:00 DEBUG 2284 --- [Shift Scheduler Demo] [           main] org.hibernate.SQL                        : select last_insert_rowid()
Hibernate: select last_insert_rowid()
2025-10-13T21:43:07.412+09:00 DEBUG 2284 --- [Shift Scheduler Demo] [           main] org.hibernate.SQL                        : insert into shift_assignments (employee_id,end_time,shift_name,start_time,work_date) values (?,?,?,?,?)
Hibernate: insert into shift_assignments (employee_id,end_time,shift_name,start_time,work_date) values (?,?,?,?,?)
2025-10-13T21:43:07.412+09:00 DEBUG 2284 --- [Shift Scheduler Demo] [           main] org.hibernate.SQL                        : select last_insert_rowid()
Hibernate: select last_insert_rowid()
2025-10-13T21:43:07.413+09:00 DEBUG 2284 --- [Shift Scheduler Demo] [           main] org.hibernate.SQL                        : insert into shift_assignments (employee_id,end_time,shift_name,start_time,work_date) values (?,?,?,?,?)
Hibernate: insert into shift_assignments (employee_id,end_time,shift_name,start_time,work_date) values (?,?,?,?,?)
2025-10-13T21:43:07.413+09:00 DEBUG 2284 --- [Shift Scheduler Demo] [           main] org.hibernate.SQL                        : select last_insert_rowid()
Hibernate: select last_insert_rowid()
2025-10-13T21:43:07.413+09:00 DEBUG 2284 --- [Shift Scheduler Demo] [           main] org.hibernate.SQL                        : insert into shift_assignments (employee_id,end_time,shift_name,start_time,work_date) values (?,?,?,?,?)
Hibernate: insert into shift_assignments (employee_id,end_time,shift_name,start_time,work_date) values (?,?,?,?,?)
2025-10-13T21:43:07.413+09:00 DEBUG 2284 --- [Shift Scheduler Demo] [           main] org.hibernate.SQL                        : select last_insert_rowid()
Hibernate: select last_insert_rowid()
2025-10-13T21:43:07.413+09:00 DEBUG 2284 --- [Shift Scheduler Demo] [           main] org.hibernate.SQL                        : insert into shift_assignments (employee_id,end_time,shift_name,start_time,work_date) values (?,?,?,?,?)
Hibernate: insert into shift_assignments (employee_id,end_time,shift_name,start_time,work_date) values (?,?,?,?,?)
2025-10-13T21:43:07.415+09:00 DEBUG 2284 --- [Shift Scheduler Demo] [           main] org.hibernate.SQL                        : select last_insert_rowid()
Hibernate: select last_insert_rowid()
2025-10-13T21:43:07.416+09:00 DEBUG 2284 --- [Shift Scheduler Demo] [           main] org.hibernate.SQL                        : insert into shift_assignments (employee_id,end_time,shift_name,start_time,work_date) values (?,?,?,?,?)
Hibernate: insert into shift_assignments (employee_id,end_time,shift_name,start_time,work_date) values (?,?,?,?,?)
2025-10-13T21:43:07.417+09:00 DEBUG 2284 --- [Shift Scheduler Demo] [           main] org.hibernate.SQL                        : select last_insert_rowid()
Hibernate: select last_insert_rowid()
2025-10-13T21:43:07.418+09:00 DEBUG 2284 --- [Shift Scheduler Demo] [           main] org.hibernate.SQL                        : insert into shift_assignments (employee_id,end_time,shift_name,start_time,work_date) values (?,?,?,?,?)
Hibernate: insert into shift_assignments (employee_id,end_time,shift_name,start_time,work_date) values (?,?,?,?,?)
2025-10-13T21:43:07.418+09:00 DEBUG 2284 --- [Shift Scheduler Demo] [           main] org.hibernate.SQL                        : select last_insert_rowid()
Hibernate: select last_insert_rowid()
2025-10-13T21:43:07.418+09:00 DEBUG 2284 --- [Shift Scheduler Demo] [           main] org.hibernate.SQL                        : insert into shift_assignments (employee_id,end_time,shift_name,start_time,work_date) values (?,?,?,?,?)
Hibernate: insert into shift_assignments (employee_id,end_time,shift_name,start_time,work_date) values (?,?,?,?,?)
2025-10-13T21:43:07.418+09:00 DEBUG 2284 --- [Shift Scheduler Demo] [           main] org.hibernate.SQL                        : select last_insert_rowid()
Hibernate: select last_insert_rowid()
2025-10-13T21:43:07.418+09:00 DEBUG 2284 --- [Shift Scheduler Demo] [           main] org.hibernate.SQL                        : insert into shift_assignments (employee_id,end_time,shift_name,start_time,work_date) values (?,?,?,?,?)
Hibernate: insert into shift_assignments (employee_id,end_time,shift_name,start_time,work_date) values (?,?,?,?,?)
2025-10-13T21:43:07.419+09:00 DEBUG 2284 --- [Shift Scheduler Demo] [           main] org.hibernate.SQL                        : select last_insert_rowid()
Hibernate: select last_insert_rowid()
2025-10-13T21:43:07.419+09:00 DEBUG 2284 --- [Shift Scheduler Demo] [           main] org.hibernate.SQL                        : insert into shift_assignments (employee_id,end_time,shift_name,start_time,work_date) values (?,?,?,?,?)
Hibernate: insert into shift_assignments (employee_id,end_time,shift_name,start_time,work_date) values (?,?,?,?,?)
2025-10-13T21:43:07.419+09:00 DEBUG 2284 --- [Shift Scheduler Demo] [           main] org.hibernate.SQL                        : select last_insert_rowid()
Hibernate: select last_insert_rowid()
2025-10-13T21:43:07.419+09:00 DEBUG 2284 --- [Shift Scheduler Demo] [           main] org.hibernate.SQL                        : insert into shift_assignments (employee_id,end_time,shift_name,start_time,work_date) values (?,?,?,?,?)
Hibernate: insert into shift_assignments (employee_id,end_time,shift_name,start_time,work_date) values (?,?,?,?,?)
2025-10-13T21:43:07.419+09:00 DEBUG 2284 --- [Shift Scheduler Demo] [           main] org.hibernate.SQL                        : select last_insert_rowid()
Hibernate: select last_insert_rowid()
2025-10-13T21:43:07.419+09:00 DEBUG 2284 --- [Shift Scheduler Demo] [           main] org.hibernate.SQL                        : insert into shift_assignments (employee_id,end_time,shift_name,start_time,work_date) values (?,?,?,?,?)
Hibernate: insert into shift_assignments (employee_id,end_time,shift_name,start_time,work_date) values (?,?,?,?,?)
2025-10-13T21:43:07.419+09:00 DEBUG 2284 --- [Shift Scheduler Demo] [           main] org.hibernate.SQL                        : select last_insert_rowid()
Hibernate: select last_insert_rowid()
2025-10-13T21:43:07.419+09:00 DEBUG 2284 --- [Shift Scheduler Demo] [           main] org.hibernate.SQL                        : insert into shift_assignments (employee_id,end_time,shift_name,start_time,work_date) values (?,?,?,?,?)
Hibernate: insert into shift_assignments (employee_id,end_time,shift_name,start_time,work_date) values (?,?,?,?,?)
2025-10-13T21:43:07.419+09:00 DEBUG 2284 --- [Shift Scheduler Demo] [           main] org.hibernate.SQL                        : select last_insert_rowid()
Hibernate: select last_insert_rowid()
2025-10-13T21:43:07.419+09:00 DEBUG 2284 --- [Shift Scheduler Demo] [           main] org.hibernate.SQL                        : insert into shift_assignments (employee_id,end_time,shift_name,start_time,work_date) values (?,?,?,?,?)
Hibernate: insert into shift_assignments (employee_id,end_time,shift_name,start_time,work_date) values (?,?,?,?,?)
2025-10-13T21:43:07.420+09:00 DEBUG 2284 --- [Shift Scheduler Demo] [           main] org.hibernate.SQL                        : select last_insert_rowid()
Hibernate: select last_insert_rowid()
2025-10-13T21:43:07.420+09:00 DEBUG 2284 --- [Shift Scheduler Demo] [           main] org.hibernate.SQL                        : insert into shift_assignments (employee_id,end_time,shift_name,start_time,work_date) values (?,?,?,?,?)
Hibernate: insert into shift_assignments (employee_id,end_time,shift_name,start_time,work_date) values (?,?,?,?,?)
2025-10-13T21:43:07.420+09:00 DEBUG 2284 --- [Shift Scheduler Demo] [           main] org.hibernate.SQL                        : select last_insert_rowid()
Hibernate: select last_insert_rowid()
2025-10-13T21:43:07.420+09:00 DEBUG 2284 --- [Shift Scheduler Demo] [           main] org.hibernate.SQL                        : insert into shift_assignments (employee_id,end_time,shift_name,start_time,work_date) values (?,?,?,?,?)
Hibernate: insert into shift_assignments (employee_id,end_time,shift_name,start_time,work_date) values (?,?,?,?,?)
2025-10-13T21:43:07.420+09:00 DEBUG 2284 --- [Shift Scheduler Demo] [           main] org.hibernate.SQL                        : select last_insert_rowid()
Hibernate: select last_insert_rowid()
2025-10-13T21:43:07.420+09:00 DEBUG 2284 --- [Shift Scheduler Demo] [           main] org.hibernate.SQL                        : insert into shift_assignments (employee_id,end_time,shift_name,start_time,work_date) values (?,?,?,?,?)
Hibernate: insert into shift_assignments (employee_id,end_time,shift_name,start_time,work_date) values (?,?,?,?,?)
2025-10-13T21:43:07.420+09:00 DEBUG 2284 --- [Shift Scheduler Demo] [           main] org.hibernate.SQL                        : select last_insert_rowid()
Hibernate: select last_insert_rowid()
2025-10-13T21:43:07.420+09:00 DEBUG 2284 --- [Shift Scheduler Demo] [           main] org.hibernate.SQL                        : insert into shift_assignments (employee_id,end_time,shift_name,start_time,work_date) values (?,?,?,?,?)
Hibernate: insert into shift_assignments (employee_id,end_time,shift_name,start_time,work_date) values (?,?,?,?,?)
2025-10-13T21:43:07.420+09:00 DEBUG 2284 --- [Shift Scheduler Demo] [           main] org.hibernate.SQL                        : select last_insert_rowid()
Hibernate: select last_insert_rowid()
2025-10-13T21:43:07.420+09:00 DEBUG 2284 --- [Shift Scheduler Demo] [           main] org.hibernate.SQL                        : insert into shift_assignments (employee_id,end_time,shift_name,start_time,work_date) values (?,?,?,?,?)
Hibernate: insert into shift_assignments (employee_id,end_time,shift_name,start_time,work_date) values (?,?,?,?,?)
2025-10-13T21:43:07.420+09:00 DEBUG 2284 --- [Shift Scheduler Demo] [           main] org.hibernate.SQL                        : select last_insert_rowid()
Hibernate: select last_insert_rowid()
2025-10-13T21:43:07.421+09:00 DEBUG 2284 --- [Shift Scheduler Demo] [           main] org.hibernate.SQL                        : insert into shift_assignments (employee_id,end_time,shift_name,start_time,work_date) values (?,?,?,?,?)
Hibernate: insert into shift_assignments (employee_id,end_time,shift_name,start_time,work_date) values (?,?,?,?,?)
2025-10-13T21:43:07.421+09:00 DEBUG 2284 --- [Shift Scheduler Demo] [           main] org.hibernate.SQL                        : select last_insert_rowid()
Hibernate: select last_insert_rowid()
2025-10-13T21:43:07.421+09:00 DEBUG 2284 --- [Shift Scheduler Demo] [           main] org.hibernate.SQL                        : insert into shift_assignments (employee_id,end_time,shift_name,start_time,work_date) values (?,?,?,?,?)
Hibernate: insert into shift_assignments (employee_id,end_time,shift_name,start_time,work_date) values (?,?,?,?,?)
2025-10-13T21:43:07.421+09:00 DEBUG 2284 --- [Shift Scheduler Demo] [           main] org.hibernate.SQL                        : select last_insert_rowid()
Hibernate: select last_insert_rowid()
2025-10-13T21:43:07.422+09:00 DEBUG 2284 --- [Shift Scheduler Demo] [           main] org.hibernate.SQL                        : insert into shift_assignments (employee_id,end_time,shift_name,start_time,work_date) values (?,?,?,?,?)
Hibernate: insert into shift_assignments (employee_id,end_time,shift_name,start_time,work_date) values (?,?,?,?,?)
2025-10-13T21:43:07.422+09:00 DEBUG 2284 --- [Shift Scheduler Demo] [           main] org.hibernate.SQL                        : select last_insert_rowid()
Hibernate: select last_insert_rowid()
2025-10-13T21:43:07.422+09:00 DEBUG 2284 --- [Shift Scheduler Demo] [           main] org.hibernate.SQL                        : insert into shift_assignments (employee_id,end_time,shift_name,start_time,work_date) values (?,?,?,?,?)
Hibernate: insert into shift_assignments (employee_id,end_time,shift_name,start_time,work_date) values (?,?,?,?,?)
2025-10-13T21:43:07.422+09:00 DEBUG 2284 --- [Shift Scheduler Demo] [           main] org.hibernate.SQL                        : select last_insert_rowid()
Hibernate: select last_insert_rowid()
2025-10-13T21:43:07.422+09:00 DEBUG 2284 --- [Shift Scheduler Demo] [           main] org.hibernate.SQL                        : insert into shift_assignments (employee_id,end_time,shift_name,start_time,work_date) values (?,?,?,?,?)
Hibernate: insert into shift_assignments (employee_id,end_time,shift_name,start_time,work_date) values (?,?,?,?,?)
2025-10-13T21:43:07.422+09:00 DEBUG 2284 --- [Shift Scheduler Demo] [           main] org.hibernate.SQL                        : select last_insert_rowid()
Hibernate: select last_insert_rowid()
2025-10-13T21:43:07.422+09:00 DEBUG 2284 --- [Shift Scheduler Demo] [           main] org.hibernate.SQL                        : insert into shift_assignments (employee_id,end_time,shift_name,start_time,work_date) values (?,?,?,?,?)
Hibernate: insert into shift_assignments (employee_id,end_time,shift_name,start_time,work_date) values (?,?,?,?,?)
2025-10-13T21:43:07.422+09:00 DEBUG 2284 --- [Shift Scheduler Demo] [           main] org.hibernate.SQL                        : select last_insert_rowid()
Hibernate: select last_insert_rowid()
2025-10-13T21:43:07.422+09:00 DEBUG 2284 --- [Shift Scheduler Demo] [           main] org.hibernate.SQL                        : insert into shift_assignments (employee_id,end_time,shift_name,start_time,work_date) values (?,?,?,?,?)
Hibernate: insert into shift_assignments (employee_id,end_time,shift_name,start_time,work_date) values (?,?,?,?,?)
2025-10-13T21:43:07.422+09:00 DEBUG 2284 --- [Shift Scheduler Demo] [           main] org.hibernate.SQL                        : select last_insert_rowid()
Hibernate: select last_insert_rowid()
2025-10-13T21:43:07.422+09:00 DEBUG 2284 --- [Shift Scheduler Demo] [           main] org.hibernate.SQL                        : insert into shift_assignments (employee_id,end_time,shift_name,start_time,work_date) values (?,?,?,?,?)
Hibernate: insert into shift_assignments (employee_id,end_time,shift_name,start_time,work_date) values (?,?,?,?,?)
2025-10-13T21:43:07.422+09:00 DEBUG 2284 --- [Shift Scheduler Demo] [           main] org.hibernate.SQL                        : select last_insert_rowid()
Hibernate: select last_insert_rowid()
2025-10-13T21:43:07.422+09:00 DEBUG 2284 --- [Shift Scheduler Demo] [           main] org.hibernate.SQL                        : insert into shift_assignments (employee_id,end_time,shift_name,start_time,work_date) values (?,?,?,?,?)
Hibernate: insert into shift_assignments (employee_id,end_time,shift_name,start_time,work_date) values (?,?,?,?,?)
2025-10-13T21:43:07.422+09:00 DEBUG 2284 --- [Shift Scheduler Demo] [           main] org.hibernate.SQL                        : select last_insert_rowid()
Hibernate: select last_insert_rowid()
2025-10-13T21:43:07.422+09:00 DEBUG 2284 --- [Shift Scheduler Demo] [           main] org.hibernate.SQL                        : insert into shift_assignments (employee_id,end_time,shift_name,start_time,work_date) values (?,?,?,?,?)
Hibernate: insert into shift_assignments (employee_id,end_time,shift_name,start_time,work_date) values (?,?,?,?,?)
2025-10-13T21:43:07.422+09:00 DEBUG 2284 --- [Shift Scheduler Demo] [           main] org.hibernate.SQL                        : select last_insert_rowid()
Hibernate: select last_insert_rowid()
2025-10-13T21:43:07.422+09:00 DEBUG 2284 --- [Shift Scheduler Demo] [           main] org.hibernate.SQL                        : insert into shift_assignments (employee_id,end_time,shift_name,start_time,work_date) values (?,?,?,?,?)
Hibernate: insert into shift_assignments (employee_id,end_time,shift_name,start_time,work_date) values (?,?,?,?,?)
2025-10-13T21:43:07.422+09:00 DEBUG 2284 --- [Shift Scheduler Demo] [           main] org.hibernate.SQL                        : select last_insert_rowid()
Hibernate: select last_insert_rowid()
2025-10-13T21:43:07.422+09:00 DEBUG 2284 --- [Shift Scheduler Demo] [           main] org.hibernate.SQL                        : insert into shift_assignments (employee_id,end_time,shift_name,start_time,work_date) values (?,?,?,?,?)
Hibernate: insert into shift_assignments (employee_id,end_time,shift_name,start_time,work_date) values (?,?,?,?,?)
2025-10-13T21:43:07.422+09:00 DEBUG 2284 --- [Shift Scheduler Demo] [           main] org.hibernate.SQL                        : select last_insert_rowid()
Hibernate: select last_insert_rowid()
2025-10-13T21:43:07.422+09:00 DEBUG 2284 --- [Shift Scheduler Demo] [           main] org.hibernate.SQL                        : insert into shift_assignments (employee_id,end_time,shift_name,start_time,work_date) values (?,?,?,?,?)
Hibernate: insert into shift_assignments (employee_id,end_time,shift_name,start_time,work_date) values (?,?,?,?,?)
2025-10-13T21:43:07.422+09:00 DEBUG 2284 --- [Shift Scheduler Demo] [           main] org.hibernate.SQL                        : select last_insert_rowid()
Hibernate: select last_insert_rowid()
2025-10-13T21:43:07.422+09:00 DEBUG 2284 --- [Shift Scheduler Demo] [           main] org.hibernate.SQL                        : insert into shift_assignments (employee_id,end_time,shift_name,start_time,work_date) values (?,?,?,?,?)
Hibernate: insert into shift_assignments (employee_id,end_time,shift_name,start_time,work_date) values (?,?,?,?,?)
2025-10-13T21:43:07.422+09:00 DEBUG 2284 --- [Shift Scheduler Demo] [           main] org.hibernate.SQL                        : select last_insert_rowid()
Hibernate: select last_insert_rowid()
2025-10-13T21:43:07.422+09:00 DEBUG 2284 --- [Shift Scheduler Demo] [           main] org.hibernate.SQL                        : insert into shift_assignments (employee_id,end_time,shift_name,start_time,work_date) values (?,?,?,?,?)
Hibernate: insert into shift_assignments (employee_id,end_time,shift_name,start_time,work_date) values (?,?,?,?,?)
2025-10-13T21:43:07.422+09:00 DEBUG 2284 --- [Shift Scheduler Demo] [           main] org.hibernate.SQL                        : select last_insert_rowid()
Hibernate: select last_insert_rowid()
2025-10-13T21:43:07.422+09:00 DEBUG 2284 --- [Shift Scheduler Demo] [           main] org.hibernate.SQL                        : insert into shift_assignments (employee_id,end_time,shift_name,start_time,work_date) values (?,?,?,?,?)
Hibernate: insert into shift_assignments (employee_id,end_time,shift_name,start_time,work_date) values (?,?,?,?,?)
2025-10-13T21:43:07.422+09:00 DEBUG 2284 --- [Shift Scheduler Demo] [           main] org.hibernate.SQL                        : select last_insert_rowid()
Hibernate: select last_insert_rowid()
2025-10-13T21:43:07.422+09:00 DEBUG 2284 --- [Shift Scheduler Demo] [           main] org.hibernate.SQL                        : insert into shift_assignments (employee_id,end_time,shift_name,start_time,work_date) values (?,?,?,?,?)
Hibernate: insert into shift_assignments (employee_id,end_time,shift_name,start_time,work_date) values (?,?,?,?,?)
2025-10-13T21:43:07.422+09:00 DEBUG 2284 --- [Shift Scheduler Demo] [           main] org.hibernate.SQL                        : select last_insert_rowid()
Hibernate: select last_insert_rowid()
2025-10-13T21:43:07.425+09:00 DEBUG 2284 --- [Shift Scheduler Demo] [           main] org.hibernate.SQL                        : insert into shift_assignments (employee_id,end_time,shift_name,start_time,work_date) values (?,?,?,?,?)
Hibernate: insert into shift_assignments (employee_id,end_time,shift_name,start_time,work_date) values (?,?,?,?,?)
2025-10-13T21:43:07.425+09:00 DEBUG 2284 --- [Shift Scheduler Demo] [           main] org.hibernate.SQL                        : select last_insert_rowid()
Hibernate: select last_insert_rowid()
2025-10-13T21:43:07.425+09:00 DEBUG 2284 --- [Shift Scheduler Demo] [           main] org.hibernate.SQL                        : insert into shift_assignments (employee_id,end_time,shift_name,start_time,work_date) values (?,?,?,?,?)
Hibernate: insert into shift_assignments (employee_id,end_time,shift_name,start_time,work_date) values (?,?,?,?,?)
2025-10-13T21:43:07.425+09:00 DEBUG 2284 --- [Shift Scheduler Demo] [           main] org.hibernate.SQL                        : select last_insert_rowid()
Hibernate: select last_insert_rowid()
2025-10-13T21:43:07.425+09:00 DEBUG 2284 --- [Shift Scheduler Demo] [           main] org.hibernate.SQL                        : insert into shift_assignments (employee_id,end_time,shift_name,start_time,work_date) values (?,?,?,?,?)
Hibernate: insert into shift_assignments (employee_id,end_time,shift_name,start_time,work_date) values (?,?,?,?,?)
2025-10-13T21:43:07.425+09:00 DEBUG 2284 --- [Shift Scheduler Demo] [           main] org.hibernate.SQL                        : select last_insert_rowid()
Hibernate: select last_insert_rowid()
2025-10-13T21:43:07.425+09:00  INFO 2284 --- [Shift Scheduler Demo] [           main] c.e.shiftv1.schedule.ScheduleService     : シフト生成が完了しました: 264件の割り当てを生成
2025-10-13T21:43:07.429+09:00 DEBUG 2284 --- [Shift Scheduler Demo] [           main] org.hibernate.SQL                        : select sc1_0.id,sc1_0.is_active,sc1_0.created_at,sc1_0.day_of_week,sc1_0.end_time,sc1_0.is_holiday,sc1_0.name,sc1_0.required_employees,sc1_0.start_time,sc1_0.updated_at from shift_config sc1_0 where sc1_0.is_active=1
Hibernate: select sc1_0.id,sc1_0.is_active,sc1_0.created_at,sc1_0.day_of_week,sc1_0.end_time,sc1_0.is_holiday,sc1_0.name,sc1_0.required_employees,sc1_0.start_time,sc1_0.updated_at from shift_config sc1_0 where sc1_0.is_active=1
2025-10-13T21:43:07.431+09:00 DEBUG 2284 --- [Shift Scheduler Demo] [           main] org.hibernate.SQL                        : select h1_0.date from holidays h1_0 where h1_0.date between ? and ?
Hibernate: select h1_0.date from holidays h1_0 where h1_0.date between ? and ?
2025-10-13T21:43:07.439+09:00 DEBUG 2284 --- [Shift Scheduler Demo] [           main] org.hibernate.SQL                        : select h1_0.date from holidays h1_0 where h1_0.date between ? and ?
Hibernate: select h1_0.date from holidays h1_0 where h1_0.date between ? and ?
2025-10-13T21:43:07.441+09:00 DEBUG 2284 --- [Shift Scheduler Demo] [           main] org.hibernate.SQL                        : select h1_0.date from holidays h1_0 where h1_0.date between ? and ?
Hibernate: select h1_0.date from holidays h1_0 where h1_0.date between ? and ?
2025-10-13T21:43:07.445+09:00 DEBUG 2284 --- [Shift Scheduler Demo] [           main] org.hibernate.SQL                        : select h1_0.date from holidays h1_0 where h1_0.date between ? and ?
Hibernate: select h1_0.date from holidays h1_0 where h1_0.date between ? and ?
2025-10-13T21:43:07.447+09:00 DEBUG 2284 --- [Shift Scheduler Demo] [           main] org.hibernate.SQL                        : select h1_0.date from holidays h1_0 where h1_0.date between ? and ?
Hibernate: select h1_0.date from holidays h1_0 where h1_0.date between ? and ?
2025-10-13T21:43:07.449+09:00 DEBUG 2284 --- [Shift Scheduler Demo] [           main] org.hibernate.SQL                        : select h1_0.date from holidays h1_0 where h1_0.date between ? and ?
Hibernate: select h1_0.date from holidays h1_0 where h1_0.date between ? and ?
2025-10-13T21:43:07.451+09:00 DEBUG 2284 --- [Shift Scheduler Demo] [           main] org.hibernate.SQL                        : select h1_0.date from holidays h1_0 where h1_0.date between ? and ?
Hibernate: select h1_0.date from holidays h1_0 where h1_0.date between ? and ?
2025-10-13T21:43:07.454+09:00 DEBUG 2284 --- [Shift Scheduler Demo] [           main] org.hibernate.SQL                        : select h1_0.date from holidays h1_0 where h1_0.date between ? and ?
Hibernate: select h1_0.date from holidays h1_0 where h1_0.date between ? and ?
2025-10-13T21:43:07.456+09:00 DEBUG 2284 --- [Shift Scheduler Demo] [           main] org.hibernate.SQL                        : select h1_0.date from holidays h1_0 where h1_0.date between ? and ?
Hibernate: select h1_0.date from holidays h1_0 where h1_0.date between ? and ?
2025-10-13T21:43:07.458+09:00 DEBUG 2284 --- [Shift Scheduler Demo] [           main] org.hibernate.SQL                        : select h1_0.date from holidays h1_0 where h1_0.date between ? and ?
Hibernate: select h1_0.date from holidays h1_0 where h1_0.date between ? and ?
2025-10-13T21:43:07.460+09:00 DEBUG 2284 --- [Shift Scheduler Demo] [           main] org.hibernate.SQL                        : select h1_0.date from holidays h1_0 where h1_0.date between ? and ?
Hibernate: select h1_0.date from holidays h1_0 where h1_0.date between ? and ?
2025-10-13T21:43:07.462+09:00 DEBUG 2284 --- [Shift Scheduler Demo] [           main] org.hibernate.SQL                        : select h1_0.date from holidays h1_0 where h1_0.date between ? and ?
Hibernate: select h1_0.date from holidays h1_0 where h1_0.date between ? and ?
2025-10-13T21:43:07.464+09:00 DEBUG 2284 --- [Shift Scheduler Demo] [           main] org.hibernate.SQL                        : select h1_0.date from holidays h1_0 where h1_0.date between ? and ?
Hibernate: select h1_0.date from holidays h1_0 where h1_0.date between ? and ?
2025-10-13T21:43:07.466+09:00 DEBUG 2284 --- [Shift Scheduler Demo] [           main] org.hibernate.SQL                        : select h1_0.date from holidays h1_0 where h1_0.date between ? and ?
Hibernate: select h1_0.date from holidays h1_0 where h1_0.date between ? and ?
2025-10-13T21:43:07.468+09:00 DEBUG 2284 --- [Shift Scheduler Demo] [           main] org.hibernate.SQL                        : select h1_0.date from holidays h1_0 where h1_0.date between ? and ?
Hibernate: select h1_0.date from holidays h1_0 where h1_0.date between ? and ?
2025-10-13T21:43:07.470+09:00 DEBUG 2284 --- [Shift Scheduler Demo] [           main] org.hibernate.SQL                        : select h1_0.date from holidays h1_0 where h1_0.date between ? and ?
Hibernate: select h1_0.date from holidays h1_0 where h1_0.date between ? and ?
2025-10-13T21:43:07.474+09:00 DEBUG 2284 --- [Shift Scheduler Demo] [           main] org.hibernate.SQL                        : select h1_0.date from holidays h1_0 where h1_0.date between ? and ?
Hibernate: select h1_0.date from holidays h1_0 where h1_0.date between ? and ?
2025-10-13T21:43:07.476+09:00 DEBUG 2284 --- [Shift Scheduler Demo] [           main] org.hibernate.SQL                        : select h1_0.date from holidays h1_0 where h1_0.date between ? and ?
Hibernate: select h1_0.date from holidays h1_0 where h1_0.date between ? and ?
2025-10-13T21:43:07.478+09:00 DEBUG 2284 --- [Shift Scheduler Demo] [           main] org.hibernate.SQL                        : select h1_0.date from holidays h1_0 where h1_0.date between ? and ?
Hibernate: select h1_0.date from holidays h1_0 where h1_0.date between ? and ?
2025-10-13T21:43:07.479+09:00 DEBUG 2284 --- [Shift Scheduler Demo] [           main] org.hibernate.SQL                        : select h1_0.date from holidays h1_0 where h1_0.date between ? and ?
Hibernate: select h1_0.date from holidays h1_0 where h1_0.date between ? and ?
2025-10-13T21:43:07.479+09:00 DEBUG 2284 --- [Shift Scheduler Demo] [           main] org.hibernate.SQL                        : select h1_0.date from holidays h1_0 where h1_0.date between ? and ?
Hibernate: select h1_0.date from holidays h1_0 where h1_0.date between ? and ?
2025-10-13T21:43:07.479+09:00 DEBUG 2284 --- [Shift Scheduler Demo] [           main] org.hibernate.SQL                        : select h1_0.date from holidays h1_0 where h1_0.date between ? and ?
Hibernate: select h1_0.date from holidays h1_0 where h1_0.date between ? and ?
2025-10-13T21:43:07.479+09:00 DEBUG 2284 --- [Shift Scheduler Demo] [           main] org.hibernate.SQL                        : select h1_0.date from holidays h1_0 where h1_0.date between ? and ?
Hibernate: select h1_0.date from holidays h1_0 where h1_0.date between ? and ?
2025-10-13T21:43:07.479+09:00 DEBUG 2284 --- [Shift Scheduler Demo] [           main] org.hibernate.SQL                        : select h1_0.date from holidays h1_0 where h1_0.date between ? and ?
Hibernate: select h1_0.date from holidays h1_0 where h1_0.date between ? and ?
2025-10-13T21:43:07.479+09:00 DEBUG 2284 --- [Shift Scheduler Demo] [           main] org.hibernate.SQL                        : select h1_0.date from holidays h1_0 where h1_0.date between ? and ?
Hibernate: select h1_0.date from holidays h1_0 where h1_0.date between ? and ?
2025-10-13T21:43:07.479+09:00 DEBUG 2284 --- [Shift Scheduler Demo] [           main] org.hibernate.SQL                        : select h1_0.date from holidays h1_0 where h1_0.date between ? and ?
Hibernate: select h1_0.date from holidays h1_0 where h1_0.date between ? and ?
2025-10-13T21:43:07.479+09:00 DEBUG 2284 --- [Shift Scheduler Demo] [           main] org.hibernate.SQL                        : select h1_0.date from holidays h1_0 where h1_0.date between ? and ?
Hibernate: select h1_0.date from holidays h1_0 where h1_0.date between ? and ?
2025-10-13T21:43:07.479+09:00 DEBUG 2284 --- [Shift Scheduler Demo] [           main] org.hibernate.SQL                        : select h1_0.date from holidays h1_0 where h1_0.date between ? and ?
Hibernate: select h1_0.date from holidays h1_0 where h1_0.date between ? and ?
2025-10-13T21:43:07.479+09:00 DEBUG 2284 --- [Shift Scheduler Demo] [           main] org.hibernate.SQL                        : select h1_0.date from holidays h1_0 where h1_0.date between ? and ?
Hibernate: select h1_0.date from holidays h1_0 where h1_0.date between ? and ?
2025-10-13T21:43:07.479+09:00 DEBUG 2284 --- [Shift Scheduler Demo] [           main] org.hibernate.SQL                        : select h1_0.date from holidays h1_0 where h1_0.date between ? and ?
Hibernate: select h1_0.date from holidays h1_0 where h1_0.date between ? and ?
2025-10-13T21:43:07.479+09:00 DEBUG 2284 --- [Shift Scheduler Demo] [           main] org.hibernate.SQL                        : select h1_0.date from holidays h1_0 where h1_0.date between ? and ?
Hibernate: select h1_0.date from holidays h1_0 where h1_0.date between ? and ?
2025-10-13T21:43:07.496+09:00 DEBUG 2284 --- [Shift Scheduler Demo] [           main] org.hibernate.SQL                        : select count(*) from employees e1_0
Hibernate: select count(*) from employees e1_0
]]></system-out>
  </testcase>
</testsuite>