<?xml version="1.0" encoding="UTF-8"?>
<testsuite xmlns:xsi="http://www.w3.org/2001/XMLSchema-instance" xsi:noNamespaceSchemaLocation="https://maven.apache.org/surefire/maven-surefire-plugin/xsd/surefire-test-report-3.0.xsd" version="3.0" name="com.example.shiftv1.schedule.ScheduleServiceTest" time="1.422" tests="2" errors="0" skipped="0" failures="0">
  <properties>
    <property name="java.specification.version" value="23"/>
    <property name="sun.cpu.isalist" value="amd64"/>
    <property name="sun.jnu.encoding" value="MS932"/>
    <property name="java.class.path" value="C:\Users\takow\Documents\02_programming\java\shiftv1\target\test-classes;C:\Users\takow\Documents\02_programming\java\shiftv1\target\classes;C:\Users\takow\.m2\repository\org\springframework\boot\spring-boot-starter-web\3.2.5\spring-boot-starter-web-3.2.5.jar;C:\Users\takow\.m2\repository\org\springframework\boot\spring-boot-starter\3.2.5\spring-boot-starter-3.2.5.jar;C:\Users\takow\.m2\repository\org\springframework\boot\spring-boot\3.2.5\spring-boot-3.2.5.jar;C:\Users\takow\.m2\repository\org\springframework\boot\spring-boot-autoconfigure\3.2.5\spring-boot-autoconfigure-3.2.5.jar;C:\Users\takow\.m2\repository\org\springframework\boot\spring-boot-starter-logging\3.2.5\spring-boot-starter-logging-3.2.5.jar;C:\Users\takow\.m2\repository\ch\qos\logback\logback-classic\1.4.14\logback-classic-1.4.14.jar;C:\Users\takow\.m2\repository\ch\qos\logback\logback-core\1.4.14\logback-core-1.4.14.jar;C:\Users\takow\.m2\repository\org\apache\logging\log4j\log4j-to-slf4j\2.21.1\log4j-to-slf4j-2.21.1.jar;C:\Users\takow\.m2\repository\org\apache\logging\log4j\log4j-api\2.21.1\log4j-api-2.21.1.jar;C:\Users\takow\.m2\repository\org\slf4j\jul-to-slf4j\2.0.13\jul-to-slf4j-2.0.13.jar;C:\Users\takow\.m2\repository\jakarta\annotation\jakarta.annotation-api\2.1.1\jakarta.annotation-api-2.1.1.jar;C:\Users\takow\.m2\repository\org\yaml\snakeyaml\2.2\snakeyaml-2.2.jar;C:\Users\takow\.m2\repository\org\springframework\boot\spring-boot-starter-json\3.2.5\spring-boot-starter-json-3.2.5.jar;C:\Users\takow\.m2\repository\com\fasterxml\jackson\core\jackson-databind\2.15.4\jackson-databind-2.15.4.jar;C:\Users\takow\.m2\repository\com\fasterxml\jackson\core\jackson-annotations\2.15.4\jackson-annotations-2.15.4.jar;C:\Users\takow\.m2\repository\com\fasterxml\jackson\core\jackson-core\2.15.4\jackson-core-2.15.4.jar;C:\Users\takow\.m2\repository\com\fasterxml\jackson\datatype\jackson-datatype-jdk8\2.15.4\jackson-datatype-jdk8-2.15.4.jar;C:\Users\takow\.m2\repository\com\fasterxml\jackson\datatype\jackson-datatype-jsr310\2.15.4\jackson-datatype-jsr310-2.15.4.jar;C:\Users\takow\.m2\repository\com\fasterxml\jackson\module\jackson-module-parameter-names\2.15.4\jackson-module-parameter-names-2.15.4.jar;C:\Users\takow\.m2\repository\org\springframework\boot\spring-boot-starter-tomcat\3.2.5\spring-boot-starter-tomcat-3.2.5.jar;C:\Users\takow\.m2\repository\org\apache\tomcat\embed\tomcat-embed-core\10.1.20\tomcat-embed-core-10.1.20.jar;C:\Users\takow\.m2\repository\org\apache\tomcat\embed\tomcat-embed-websocket\10.1.20\tomcat-embed-websocket-10.1.20.jar;C:\Users\takow\.m2\repository\org\springframework\spring-web\6.1.6\spring-web-6.1.6.jar;C:\Users\takow\.m2\repository\org\springframework\spring-beans\6.1.6\spring-beans-6.1.6.jar;C:\Users\takow\.m2\repository\org\springframework\spring-webmvc\6.1.6\spring-webmvc-6.1.6.jar;C:\Users\takow\.m2\repository\org\springframework\spring-context\6.1.6\spring-context-6.1.6.jar;C:\Users\takow\.m2\repository\org\springframework\spring-expression\6.1.6\spring-expression-6.1.6.jar;C:\Users\takow\.m2\repository\org\springframework\boot\spring-boot-starter-data-jpa\3.2.5\spring-boot-starter-data-jpa-3.2.5.jar;C:\Users\takow\.m2\repository\org\springframework\boot\spring-boot-starter-aop\3.2.5\spring-boot-starter-aop-3.2.5.jar;C:\Users\takow\.m2\repository\org\aspectj\aspectjweaver\1.9.22\aspectjweaver-1.9.22.jar;C:\Users\takow\.m2\repository\org\springframework\boot\spring-boot-starter-jdbc\3.2.5\spring-boot-starter-jdbc-3.2.5.jar;C:\Users\takow\.m2\repository\com\zaxxer\HikariCP\5.0.1\HikariCP-5.0.1.jar;C:\Users\takow\.m2\repository\org\springframework\spring-jdbc\6.1.6\spring-jdbc-6.1.6.jar;C:\Users\takow\.m2\repository\org\hibernate\orm\hibernate-core\6.4.4.Final\hibernate-core-6.4.4.Final.jar;C:\Users\takow\.m2\repository\jakarta\persistence\jakarta.persistence-api\3.1.0\jakarta.persistence-api-3.1.0.jar;C:\Users\takow\.m2\repository\jakarta\transaction\jakarta.transaction-api\2.0.1\jakarta.transaction-api-2.0.1.jar;C:\Users\takow\.m2\repository\org\hibernate\common\hibernate-commons-annotations\6.0.6.Final\hibernate-commons-annotations-6.0.6.Final.jar;C:\Users\takow\.m2\repository\io\smallrye\jandex\3.1.2\jandex-3.1.2.jar;C:\Users\takow\.m2\repository\com\fasterxml\classmate\1.6.0\classmate-1.6.0.jar;C:\Users\takow\.m2\repository\net\bytebuddy\byte-buddy\1.14.13\byte-buddy-1.14.13.jar;C:\Users\takow\.m2\repository\org\glassfish\jaxb\jaxb-runtime\4.0.5\jaxb-runtime-4.0.5.jar;C:\Users\takow\.m2\repository\org\glassfish\jaxb\jaxb-core\4.0.5\jaxb-core-4.0.5.jar;C:\Users\takow\.m2\repository\org\eclipse\angus\angus-activation\2.0.2\angus-activation-2.0.2.jar;C:\Users\takow\.m2\repository\org\glassfish\jaxb\txw2\4.0.5\txw2-4.0.5.jar;C:\Users\takow\.m2\repository\com\sun\istack\istack-commons-runtime\4.1.2\istack-commons-runtime-4.1.2.jar;C:\Users\takow\.m2\repository\jakarta\inject\jakarta.inject-api\2.0.1\jakarta.inject-api-2.0.1.jar;C:\Users\takow\.m2\repository\org\antlr\antlr4-runtime\4.13.0\antlr4-runtime-4.13.0.jar;C:\Users\takow\.m2\repository\org\springframework\data\spring-data-jpa\3.2.5\spring-data-jpa-3.2.5.jar;C:\Users\takow\.m2\repository\org\springframework\data\spring-data-commons\3.2.5\spring-data-commons-3.2.5.jar;C:\Users\takow\.m2\repository\org\springframework\spring-orm\6.1.6\spring-orm-6.1.6.jar;C:\Users\takow\.m2\repository\org\springframework\spring-tx\6.1.6\spring-tx-6.1.6.jar;C:\Users\takow\.m2\repository\org\springframework\spring-aspects\6.1.6\spring-aspects-6.1.6.jar;C:\Users\takow\.m2\repository\org\xerial\sqlite-jdbc\3.46.0.0\sqlite-jdbc-3.46.0.0.jar;C:\Users\takow\.m2\repository\org\slf4j\slf4j-api\2.0.13\slf4j-api-2.0.13.jar;C:\Users\takow\.m2\repository\org\hibernate\orm\hibernate-community-dialects\6.4.4.Final\hibernate-community-dialects-6.4.4.Final.jar;C:\Users\takow\.m2\repository\org\jboss\logging\jboss-logging\3.5.3.Final\jboss-logging-3.5.3.Final.jar;C:\Users\takow\.m2\repository\org\projectlombok\lombok\1.18.32\lombok-1.18.32.jar;C:\Users\takow\.m2\repository\org\springframework\boot\spring-boot-starter-thymeleaf\3.2.5\spring-boot-starter-thymeleaf-3.2.5.jar;C:\Users\takow\.m2\repository\org\thymeleaf\thymeleaf-spring6\3.1.2.RELEASE\thymeleaf-spring6-3.1.2.RELEASE.jar;C:\Users\takow\.m2\repository\org\thymeleaf\thymeleaf\3.1.2.RELEASE\thymeleaf-3.1.2.RELEASE.jar;C:\Users\takow\.m2\repository\org\attoparser\attoparser\2.0.7.RELEASE\attoparser-2.0.7.RELEASE.jar;C:\Users\takow\.m2\repository\org\unbescape\unbescape\1.1.6.RELEASE\unbescape-1.1.6.RELEASE.jar;C:\Users\takow\.m2\repository\org\springframework\boot\spring-boot-starter-validation\3.2.5\spring-boot-starter-validation-3.2.5.jar;C:\Users\takow\.m2\repository\org\apache\tomcat\embed\tomcat-embed-el\10.1.20\tomcat-embed-el-10.1.20.jar;C:\Users\takow\.m2\repository\org\hibernate\validator\hibernate-validator\8.0.1.Final\hibernate-validator-8.0.1.Final.jar;C:\Users\takow\.m2\repository\jakarta\validation\jakarta.validation-api\3.0.2\jakarta.validation-api-3.0.2.jar;C:\Users\takow\.m2\repository\org\springframework\boot\spring-boot-starter-security\3.2.5\spring-boot-starter-security-3.2.5.jar;C:\Users\takow\.m2\repository\org\springframework\spring-aop\6.1.6\spring-aop-6.1.6.jar;C:\Users\takow\.m2\repository\org\springframework\security\spring-security-config\6.2.4\spring-security-config-6.2.4.jar;C:\Users\takow\.m2\repository\org\springframework\security\spring-security-core\6.2.4\spring-security-core-6.2.4.jar;C:\Users\takow\.m2\repository\org\springframework\security\spring-security-crypto\6.2.4\spring-security-crypto-6.2.4.jar;C:\Users\takow\.m2\repository\org\springframework\security\spring-security-web\6.2.4\spring-security-web-6.2.4.jar;C:\Users\takow\.m2\repository\org\springframework\boot\spring-boot-starter-actuator\3.2.5\spring-boot-starter-actuator-3.2.5.jar;C:\Users\takow\.m2\repository\org\springframework\boot\spring-boot-actuator-autoconfigure\3.2.5\spring-boot-actuator-autoconfigure-3.2.5.jar;C:\Users\takow\.m2\repository\org\springframework\boot\spring-boot-actuator\3.2.5\spring-boot-actuator-3.2.5.jar;C:\Users\takow\.m2\repository\io\micrometer\micrometer-observation\1.12.5\micrometer-observation-1.12.5.jar;C:\Users\takow\.m2\repository\io\micrometer\micrometer-commons\1.12.5\micrometer-commons-1.12.5.jar;C:\Users\takow\.m2\repository\io\micrometer\micrometer-jakarta9\1.12.5\micrometer-jakarta9-1.12.5.jar;C:\Users\takow\.m2\repository\io\micrometer\micrometer-core\1.12.5\micrometer-core-1.12.5.jar;C:\Users\takow\.m2\repository\org\hdrhistogram\HdrHistogram\2.1.12\HdrHistogram-2.1.12.jar;C:\Users\takow\.m2\repository\org\latencyutils\LatencyUtils\2.0.3\LatencyUtils-2.0.3.jar;C:\Users\takow\.m2\repository\org\springframework\boot\spring-boot-starter-test\3.2.5\spring-boot-starter-test-3.2.5.jar;C:\Users\takow\.m2\repository\org\springframework\boot\spring-boot-test\3.2.5\spring-boot-test-3.2.5.jar;C:\Users\takow\.m2\repository\org\springframework\boot\spring-boot-test-autoconfigure\3.2.5\spring-boot-test-autoconfigure-3.2.5.jar;C:\Users\takow\.m2\repository\com\jayway\jsonpath\json-path\2.9.0\json-path-2.9.0.jar;C:\Users\takow\.m2\repository\jakarta\xml\bind\jakarta.xml.bind-api\4.0.2\jakarta.xml.bind-api-4.0.2.jar;C:\Users\takow\.m2\repository\jakarta\activation\jakarta.activation-api\2.1.3\jakarta.activation-api-2.1.3.jar;C:\Users\takow\.m2\repository\net\minidev\json-smart\2.5.1\json-smart-2.5.1.jar;C:\Users\takow\.m2\repository\net\minidev\accessors-smart\2.5.1\accessors-smart-2.5.1.jar;C:\Users\takow\.m2\repository\org\ow2\asm\asm\9.6\asm-9.6.jar;C:\Users\takow\.m2\repository\org\assertj\assertj-core\3.24.2\assertj-core-3.24.2.jar;C:\Users\takow\.m2\repository\org\awaitility\awaitility\4.2.1\awaitility-4.2.1.jar;C:\Users\takow\.m2\repository\org\hamcrest\hamcrest\2.2\hamcrest-2.2.jar;C:\Users\takow\.m2\repository\org\junit\jupiter\junit-jupiter\5.10.2\junit-jupiter-5.10.2.jar;C:\Users\takow\.m2\repository\org\junit\jupiter\junit-jupiter-api\5.10.2\junit-jupiter-api-5.10.2.jar;C:\Users\takow\.m2\repository\org\opentest4j\opentest4j\1.3.0\opentest4j-1.3.0.jar;C:\Users\takow\.m2\repository\org\junit\platform\junit-platform-commons\1.10.2\junit-platform-commons-1.10.2.jar;C:\Users\takow\.m2\repository\org\apiguardian\apiguardian-api\1.1.2\apiguardian-api-1.1.2.jar;C:\Users\takow\.m2\repository\org\junit\jupiter\junit-jupiter-params\5.10.2\junit-jupiter-params-5.10.2.jar;C:\Users\takow\.m2\repository\org\junit\jupiter\junit-jupiter-engine\5.10.2\junit-jupiter-engine-5.10.2.jar;C:\Users\takow\.m2\repository\org\junit\platform\junit-platform-engine\1.10.2\junit-platform-engine-1.10.2.jar;C:\Users\takow\.m2\repository\org\mockito\mockito-core\5.7.0\mockito-core-5.7.0.jar;C:\Users\takow\.m2\repository\net\bytebuddy\byte-buddy-agent\1.14.13\byte-buddy-agent-1.14.13.jar;C:\Users\takow\.m2\repository\org\objenesis\objenesis\3.3\objenesis-3.3.jar;C:\Users\takow\.m2\repository\org\mockito\mockito-junit-jupiter\5.7.0\mockito-junit-jupiter-5.7.0.jar;C:\Users\takow\.m2\repository\org\skyscreamer\jsonassert\1.5.1\jsonassert-1.5.1.jar;C:\Users\takow\.m2\repository\com\vaadin\external\google\android-json\0.0.20131108.vaadin1\android-json-0.0.20131108.vaadin1.jar;C:\Users\takow\.m2\repository\org\springframework\spring-core\6.1.6\spring-core-6.1.6.jar;C:\Users\takow\.m2\repository\org\springframework\spring-jcl\6.1.6\spring-jcl-6.1.6.jar;C:\Users\takow\.m2\repository\org\springframework\spring-test\6.1.6\spring-test-6.1.6.jar;C:\Users\takow\.m2\repository\org\xmlunit\xmlunit-core\2.9.1\xmlunit-core-2.9.1.jar;"/>
    <property name="java.vm.vendor" value="Oracle Corporation"/>
    <property name="sun.arch.data.model" value="64"/>
    <property name="user.variant" value=""/>
    <property name="java.vendor.url" value="https://java.oracle.com/"/>
    <property name="user.timezone" value="Asia/Tokyo"/>
    <property name="org.jboss.logging.provider" value="slf4j"/>
    <property name="os.name" value="Windows 11"/>
    <property name="java.vm.specification.version" value="23"/>
    <property name="sun.java.launcher" value="SUN_STANDARD"/>
    <property name="user.country" value="JP"/>
    <property name="sun.boot.library.path" value="C:\Program Files\Java\jdk-23\bin"/>
    <property name="sun.java.command" value="C:\Users\takow\AppData\Local\Temp\surefire7639953804337848543\surefirebooter-20251025101025542_3.jar C:\Users\takow\AppData\Local\Temp\surefire7639953804337848543 2025-10-25T10-10-25_381-jvmRun1 surefire-20251025101025542_1tmp surefire_0-20251025101025542_2tmp"/>
    <property name="jdk.debug" value="release"/>
    <property name="surefire.test.class.path" value="C:\Users\takow\Documents\02_programming\java\shiftv1\target\test-classes;C:\Users\takow\Documents\02_programming\java\shiftv1\target\classes;C:\Users\takow\.m2\repository\org\springframework\boot\spring-boot-starter-web\3.2.5\spring-boot-starter-web-3.2.5.jar;C:\Users\takow\.m2\repository\org\springframework\boot\spring-boot-starter\3.2.5\spring-boot-starter-3.2.5.jar;C:\Users\takow\.m2\repository\org\springframework\boot\spring-boot\3.2.5\spring-boot-3.2.5.jar;C:\Users\takow\.m2\repository\org\springframework\boot\spring-boot-autoconfigure\3.2.5\spring-boot-autoconfigure-3.2.5.jar;C:\Users\takow\.m2\repository\org\springframework\boot\spring-boot-starter-logging\3.2.5\spring-boot-starter-logging-3.2.5.jar;C:\Users\takow\.m2\repository\ch\qos\logback\logback-classic\1.4.14\logback-classic-1.4.14.jar;C:\Users\takow\.m2\repository\ch\qos\logback\logback-core\1.4.14\logback-core-1.4.14.jar;C:\Users\takow\.m2\repository\org\apache\logging\log4j\log4j-to-slf4j\2.21.1\log4j-to-slf4j-2.21.1.jar;C:\Users\takow\.m2\repository\org\apache\logging\log4j\log4j-api\2.21.1\log4j-api-2.21.1.jar;C:\Users\takow\.m2\repository\org\slf4j\jul-to-slf4j\2.0.13\jul-to-slf4j-2.0.13.jar;C:\Users\takow\.m2\repository\jakarta\annotation\jakarta.annotation-api\2.1.1\jakarta.annotation-api-2.1.1.jar;C:\Users\takow\.m2\repository\org\yaml\snakeyaml\2.2\snakeyaml-2.2.jar;C:\Users\takow\.m2\repository\org\springframework\boot\spring-boot-starter-json\3.2.5\spring-boot-starter-json-3.2.5.jar;C:\Users\takow\.m2\repository\com\fasterxml\jackson\core\jackson-databind\2.15.4\jackson-databind-2.15.4.jar;C:\Users\takow\.m2\repository\com\fasterxml\jackson\core\jackson-annotations\2.15.4\jackson-annotations-2.15.4.jar;C:\Users\takow\.m2\repository\com\fasterxml\jackson\core\jackson-core\2.15.4\jackson-core-2.15.4.jar;C:\Users\takow\.m2\repository\com\fasterxml\jackson\datatype\jackson-datatype-jdk8\2.15.4\jackson-datatype-jdk8-2.15.4.jar;C:\Users\takow\.m2\repository\com\fasterxml\jackson\datatype\jackson-datatype-jsr310\2.15.4\jackson-datatype-jsr310-2.15.4.jar;C:\Users\takow\.m2\repository\com\fasterxml\jackson\module\jackson-module-parameter-names\2.15.4\jackson-module-parameter-names-2.15.4.jar;C:\Users\takow\.m2\repository\org\springframework\boot\spring-boot-starter-tomcat\3.2.5\spring-boot-starter-tomcat-3.2.5.jar;C:\Users\takow\.m2\repository\org\apache\tomcat\embed\tomcat-embed-core\10.1.20\tomcat-embed-core-10.1.20.jar;C:\Users\takow\.m2\repository\org\apache\tomcat\embed\tomcat-embed-websocket\10.1.20\tomcat-embed-websocket-10.1.20.jar;C:\Users\takow\.m2\repository\org\springframework\spring-web\6.1.6\spring-web-6.1.6.jar;C:\Users\takow\.m2\repository\org\springframework\spring-beans\6.1.6\spring-beans-6.1.6.jar;C:\Users\takow\.m2\repository\org\springframework\spring-webmvc\6.1.6\spring-webmvc-6.1.6.jar;C:\Users\takow\.m2\repository\org\springframework\spring-context\6.1.6\spring-context-6.1.6.jar;C:\Users\takow\.m2\repository\org\springframework\spring-expression\6.1.6\spring-expression-6.1.6.jar;C:\Users\takow\.m2\repository\org\springframework\boot\spring-boot-starter-data-jpa\3.2.5\spring-boot-starter-data-jpa-3.2.5.jar;C:\Users\takow\.m2\repository\org\springframework\boot\spring-boot-starter-aop\3.2.5\spring-boot-starter-aop-3.2.5.jar;C:\Users\takow\.m2\repository\org\aspectj\aspectjweaver\1.9.22\aspectjweaver-1.9.22.jar;C:\Users\takow\.m2\repository\org\springframework\boot\spring-boot-starter-jdbc\3.2.5\spring-boot-starter-jdbc-3.2.5.jar;C:\Users\takow\.m2\repository\com\zaxxer\HikariCP\5.0.1\HikariCP-5.0.1.jar;C:\Users\takow\.m2\repository\org\springframework\spring-jdbc\6.1.6\spring-jdbc-6.1.6.jar;C:\Users\takow\.m2\repository\org\hibernate\orm\hibernate-core\6.4.4.Final\hibernate-core-6.4.4.Final.jar;C:\Users\takow\.m2\repository\jakarta\persistence\jakarta.persistence-api\3.1.0\jakarta.persistence-api-3.1.0.jar;C:\Users\takow\.m2\repository\jakarta\transaction\jakarta.transaction-api\2.0.1\jakarta.transaction-api-2.0.1.jar;C:\Users\takow\.m2\repository\org\hibernate\common\hibernate-commons-annotations\6.0.6.Final\hibernate-commons-annotations-6.0.6.Final.jar;C:\Users\takow\.m2\repository\io\smallrye\jandex\3.1.2\jandex-3.1.2.jar;C:\Users\takow\.m2\repository\com\fasterxml\classmate\1.6.0\classmate-1.6.0.jar;C:\Users\takow\.m2\repository\net\bytebuddy\byte-buddy\1.14.13\byte-buddy-1.14.13.jar;C:\Users\takow\.m2\repository\org\glassfish\jaxb\jaxb-runtime\4.0.5\jaxb-runtime-4.0.5.jar;C:\Users\takow\.m2\repository\org\glassfish\jaxb\jaxb-core\4.0.5\jaxb-core-4.0.5.jar;C:\Users\takow\.m2\repository\org\eclipse\angus\angus-activation\2.0.2\angus-activation-2.0.2.jar;C:\Users\takow\.m2\repository\org\glassfish\jaxb\txw2\4.0.5\txw2-4.0.5.jar;C:\Users\takow\.m2\repository\com\sun\istack\istack-commons-runtime\4.1.2\istack-commons-runtime-4.1.2.jar;C:\Users\takow\.m2\repository\jakarta\inject\jakarta.inject-api\2.0.1\jakarta.inject-api-2.0.1.jar;C:\Users\takow\.m2\repository\org\antlr\antlr4-runtime\4.13.0\antlr4-runtime-4.13.0.jar;C:\Users\takow\.m2\repository\org\springframework\data\spring-data-jpa\3.2.5\spring-data-jpa-3.2.5.jar;C:\Users\takow\.m2\repository\org\springframework\data\spring-data-commons\3.2.5\spring-data-commons-3.2.5.jar;C:\Users\takow\.m2\repository\org\springframework\spring-orm\6.1.6\spring-orm-6.1.6.jar;C:\Users\takow\.m2\repository\org\springframework\spring-tx\6.1.6\spring-tx-6.1.6.jar;C:\Users\takow\.m2\repository\org\springframework\spring-aspects\6.1.6\spring-aspects-6.1.6.jar;C:\Users\takow\.m2\repository\org\xerial\sqlite-jdbc\3.46.0.0\sqlite-jdbc-3.46.0.0.jar;C:\Users\takow\.m2\repository\org\slf4j\slf4j-api\2.0.13\slf4j-api-2.0.13.jar;C:\Users\takow\.m2\repository\org\hibernate\orm\hibernate-community-dialects\6.4.4.Final\hibernate-community-dialects-6.4.4.Final.jar;C:\Users\takow\.m2\repository\org\jboss\logging\jboss-logging\3.5.3.Final\jboss-logging-3.5.3.Final.jar;C:\Users\takow\.m2\repository\org\projectlombok\lombok\1.18.32\lombok-1.18.32.jar;C:\Users\takow\.m2\repository\org\springframework\boot\spring-boot-starter-thymeleaf\3.2.5\spring-boot-starter-thymeleaf-3.2.5.jar;C:\Users\takow\.m2\repository\org\thymeleaf\thymeleaf-spring6\3.1.2.RELEASE\thymeleaf-spring6-3.1.2.RELEASE.jar;C:\Users\takow\.m2\repository\org\thymeleaf\thymeleaf\3.1.2.RELEASE\thymeleaf-3.1.2.RELEASE.jar;C:\Users\takow\.m2\repository\org\attoparser\attoparser\2.0.7.RELEASE\attoparser-2.0.7.RELEASE.jar;C:\Users\takow\.m2\repository\org\unbescape\unbescape\1.1.6.RELEASE\unbescape-1.1.6.RELEASE.jar;C:\Users\takow\.m2\repository\org\springframework\boot\spring-boot-starter-validation\3.2.5\spring-boot-starter-validation-3.2.5.jar;C:\Users\takow\.m2\repository\org\apache\tomcat\embed\tomcat-embed-el\10.1.20\tomcat-embed-el-10.1.20.jar;C:\Users\takow\.m2\repository\org\hibernate\validator\hibernate-validator\8.0.1.Final\hibernate-validator-8.0.1.Final.jar;C:\Users\takow\.m2\repository\jakarta\validation\jakarta.validation-api\3.0.2\jakarta.validation-api-3.0.2.jar;C:\Users\takow\.m2\repository\org\springframework\boot\spring-boot-starter-security\3.2.5\spring-boot-starter-security-3.2.5.jar;C:\Users\takow\.m2\repository\org\springframework\spring-aop\6.1.6\spring-aop-6.1.6.jar;C:\Users\takow\.m2\repository\org\springframework\security\spring-security-config\6.2.4\spring-security-config-6.2.4.jar;C:\Users\takow\.m2\repository\org\springframework\security\spring-security-core\6.2.4\spring-security-core-6.2.4.jar;C:\Users\takow\.m2\repository\org\springframework\security\spring-security-crypto\6.2.4\spring-security-crypto-6.2.4.jar;C:\Users\takow\.m2\repository\org\springframework\security\spring-security-web\6.2.4\spring-security-web-6.2.4.jar;C:\Users\takow\.m2\repository\org\springframework\boot\spring-boot-starter-actuator\3.2.5\spring-boot-starter-actuator-3.2.5.jar;C:\Users\takow\.m2\repository\org\springframework\boot\spring-boot-actuator-autoconfigure\3.2.5\spring-boot-actuator-autoconfigure-3.2.5.jar;C:\Users\takow\.m2\repository\org\springframework\boot\spring-boot-actuator\3.2.5\spring-boot-actuator-3.2.5.jar;C:\Users\takow\.m2\repository\io\micrometer\micrometer-observation\1.12.5\micrometer-observation-1.12.5.jar;C:\Users\takow\.m2\repository\io\micrometer\micrometer-commons\1.12.5\micrometer-commons-1.12.5.jar;C:\Users\takow\.m2\repository\io\micrometer\micrometer-jakarta9\1.12.5\micrometer-jakarta9-1.12.5.jar;C:\Users\takow\.m2\repository\io\micrometer\micrometer-core\1.12.5\micrometer-core-1.12.5.jar;C:\Users\takow\.m2\repository\org\hdrhistogram\HdrHistogram\2.1.12\HdrHistogram-2.1.12.jar;C:\Users\takow\.m2\repository\org\latencyutils\LatencyUtils\2.0.3\LatencyUtils-2.0.3.jar;C:\Users\takow\.m2\repository\org\springframework\boot\spring-boot-starter-test\3.2.5\spring-boot-starter-test-3.2.5.jar;C:\Users\takow\.m2\repository\org\springframework\boot\spring-boot-test\3.2.5\spring-boot-test-3.2.5.jar;C:\Users\takow\.m2\repository\org\springframework\boot\spring-boot-test-autoconfigure\3.2.5\spring-boot-test-autoconfigure-3.2.5.jar;C:\Users\takow\.m2\repository\com\jayway\jsonpath\json-path\2.9.0\json-path-2.9.0.jar;C:\Users\takow\.m2\repository\jakarta\xml\bind\jakarta.xml.bind-api\4.0.2\jakarta.xml.bind-api-4.0.2.jar;C:\Users\takow\.m2\repository\jakarta\activation\jakarta.activation-api\2.1.3\jakarta.activation-api-2.1.3.jar;C:\Users\takow\.m2\repository\net\minidev\json-smart\2.5.1\json-smart-2.5.1.jar;C:\Users\takow\.m2\repository\net\minidev\accessors-smart\2.5.1\accessors-smart-2.5.1.jar;C:\Users\takow\.m2\repository\org\ow2\asm\asm\9.6\asm-9.6.jar;C:\Users\takow\.m2\repository\org\assertj\assertj-core\3.24.2\assertj-core-3.24.2.jar;C:\Users\takow\.m2\repository\org\awaitility\awaitility\4.2.1\awaitility-4.2.1.jar;C:\Users\takow\.m2\repository\org\hamcrest\hamcrest\2.2\hamcrest-2.2.jar;C:\Users\takow\.m2\repository\org\junit\jupiter\junit-jupiter\5.10.2\junit-jupiter-5.10.2.jar;C:\Users\takow\.m2\repository\org\junit\jupiter\junit-jupiter-api\5.10.2\junit-jupiter-api-5.10.2.jar;C:\Users\takow\.m2\repository\org\opentest4j\opentest4j\1.3.0\opentest4j-1.3.0.jar;C:\Users\takow\.m2\repository\org\junit\platform\junit-platform-commons\1.10.2\junit-platform-commons-1.10.2.jar;C:\Users\takow\.m2\repository\org\apiguardian\apiguardian-api\1.1.2\apiguardian-api-1.1.2.jar;C:\Users\takow\.m2\repository\org\junit\jupiter\junit-jupiter-params\5.10.2\junit-jupiter-params-5.10.2.jar;C:\Users\takow\.m2\repository\org\junit\jupiter\junit-jupiter-engine\5.10.2\junit-jupiter-engine-5.10.2.jar;C:\Users\takow\.m2\repository\org\junit\platform\junit-platform-engine\1.10.2\junit-platform-engine-1.10.2.jar;C:\Users\takow\.m2\repository\org\mockito\mockito-core\5.7.0\mockito-core-5.7.0.jar;C:\Users\takow\.m2\repository\net\bytebuddy\byte-buddy-agent\1.14.13\byte-buddy-agent-1.14.13.jar;C:\Users\takow\.m2\repository\org\objenesis\objenesis\3.3\objenesis-3.3.jar;C:\Users\takow\.m2\repository\org\mockito\mockito-junit-jupiter\5.7.0\mockito-junit-jupiter-5.7.0.jar;C:\Users\takow\.m2\repository\org\skyscreamer\jsonassert\1.5.1\jsonassert-1.5.1.jar;C:\Users\takow\.m2\repository\com\vaadin\external\google\android-json\0.0.20131108.vaadin1\android-json-0.0.20131108.vaadin1.jar;C:\Users\takow\.m2\repository\org\springframework\spring-core\6.1.6\spring-core-6.1.6.jar;C:\Users\takow\.m2\repository\org\springframework\spring-jcl\6.1.6\spring-jcl-6.1.6.jar;C:\Users\takow\.m2\repository\org\springframework\spring-test\6.1.6\spring-test-6.1.6.jar;C:\Users\takow\.m2\repository\org\xmlunit\xmlunit-core\2.9.1\xmlunit-core-2.9.1.jar;"/>
    <property name="sun.cpu.endian" value="little"/>
    <property name="user.home" value="C:\Users\takow"/>
    <property name="user.language" value="ja"/>
    <property name="java.specification.vendor" value="Oracle Corporation"/>
    <property name="java.version.date" value="2025-01-21"/>
    <property name="java.home" value="C:\Program Files\Java\jdk-23"/>
    <property name="file.separator" value="\"/>
    <property name="basedir" value="C:\Users\takow\Documents\02_programming\java\shiftv1"/>
    <property name="java.vm.compressedOopsMode" value="32-bit"/>
    <property name="line.separator" value="&#10;"/>
    <property name="java.vm.specification.vendor" value="Oracle Corporation"/>
    <property name="java.specification.name" value="Java Platform API Specification"/>
    <property name="FILE_LOG_CHARSET" value="UTF-8"/>
    <property name="java.awt.headless" value="true"/>
    <property name="surefire.real.class.path" value="C:\Users\takow\AppData\Local\Temp\surefire7639953804337848543\surefirebooter-20251025101025542_3.jar"/>
    <property name="user.script" value=""/>
    <property name="sun.management.compiler" value="HotSpot 64-Bit Tiered Compilers"/>
    <property name="java.runtime.version" value="23.0.2+7-58"/>
    <property name="user.name" value="takow"/>
    <property name="stdout.encoding" value="MS932"/>
    <property name="path.separator" value=";"/>
    <property name="os.version" value="10.0"/>
    <property name="java.runtime.name" value="Java(TM) SE Runtime Environment"/>
    <property name="file.encoding" value="UTF-8"/>
    <property name="java.vm.name" value="Java HotSpot(TM) 64-Bit Server VM"/>
    <property name="skipTests" value="false"/>
    <property name="localRepository" value="C:\Users\takow\.m2\repository"/>
    <property name="java.vendor.url.bug" value="https://bugreport.java.com/bugreport/"/>
    <property name="java.io.tmpdir" value="C:\Users\takow\AppData\Local\Temp\"/>
    <property name="com.zaxxer.hikari.pool_number" value="1"/>
    <property name="java.version" value="23.0.2"/>
    <property name="user.dir" value="C:\Users\takow\Documents\02_programming\java\shiftv1"/>
    <property name="os.arch" value="amd64"/>
    <property name="java.vm.specification.name" value="Java Virtual Machine Specification"/>
    <property name="PID" value="16416"/>
    <property name="sun.os.patch.level" value=""/>
    <property name="CONSOLE_LOG_CHARSET" value="UTF-8"/>
    <property name="native.encoding" value="MS932"/>
    <property name="java.library.path" value="C:\Program Files\Java\jdk-23\bin;C:\WINDOWS\Sun\Java\bin;C:\WINDOWS\system32;C:\WINDOWS;C:\Program Files\PowerShell\7;C:\Users\takow\AppData\Local\Temp\.tmpARSxoY;C:\Program Files\Java\jdk-23\bin;C:\Program Files\Java\jdk-23\bin;C:\Program Files\Java\jdk-23\bin;C:\WINDOWS\System32&quot;;C:\Program Files\Git\cmd;C:\Program Files\PowerShell\7\;C:\Program Files\cursor\resources\app\bin&quot;;C:\Program Files\Git\cmd;C:\Program Files\PowerShell\7\;C:\Program Files\cursor\resources\app\bin&quot;;C:\Program Files\Git\cmd;C:\Program Files\PowerShell\7\;C:\Program Files\cursor\resources\app\bin;C:\Users\takow\Documents\SQLite;C:\Users\takow\AppData\Local\Programs\Python\Python312\;C:\Users\takow\AppData\Local\Programs\Python\Launcher\;C:\Users\takow\AppData\Local\Microsoft\WindowsApps;C:\Users\takow\AppData\Local\Programs\Microsoft VS Code\bin;C:\Users\takow\Documents\02_programming\java\099_環境\apache-maven-3.9.9\bin;C:\Users\takow\AppData\Local\JetBrains\Toolbox\scripts;C:\Windows\System32;;c:\Users\takow\.vscode\extensions\openai.chatgpt-0.4.21-win32-x64\bin\windows-x86_64;."/>
    <property name="java.vm.info" value="mixed mode, sharing"/>
    <property name="stderr.encoding" value="MS932"/>
    <property name="java.vendor" value="Oracle Corporation"/>
    <property name="java.vm.version" value="23.0.2+7-58"/>
    <property name="sun.io.unicode.encoding" value="UnicodeLittle"/>
    <property name="java.class.version" value="67.0"/>
    <property name="LOGGED_APPLICATION_NAME" value="[Shift Scheduler Demo] "/>
  </properties>
  <testcase name="generateMonthlySchedule_respectsEmployeeConstraints" classname="com.example.shiftv1.schedule.ScheduleServiceTest" time="0.854">
    <system-out><![CDATA[2025-10-25T10:10:40.113+09:00  INFO 16416 --- [Shift Scheduler Demo] [           main] t.c.s.AnnotationConfigContextLoaderUtils : Could not detect default configuration classes for test class [com.example.shiftv1.schedule.ScheduleServiceTest]: ScheduleServiceTest does not declare any static, non-private, non-final, nested classes annotated with @Configuration.
2025-10-25T10:10:40.115+09:00  INFO 16416 --- [Shift Scheduler Demo] [           main] .b.t.c.SpringBootTestContextBootstrapper : Found @SpringBootConfiguration com.example.shiftv1.Shiftv1Application for test class com.example.shiftv1.schedule.ScheduleServiceTest
2025-10-25T10:10:40.152+09:00 DEBUG 16416 --- [Shift Scheduler Demo] [           main] org.hibernate.SQL                        : select sa1_0.id,sa1_0.employee_id,sa1_0.end_time,sa1_0.shift_name,sa1_0.start_time,sa1_0.work_date from shift_assignments sa1_0
Hibernate: select sa1_0.id,sa1_0.employee_id,sa1_0.end_time,sa1_0.shift_name,sa1_0.start_time,sa1_0.work_date from shift_assignments sa1_0
2025-10-25T10:10:40.425+09:00 DEBUG 16416 --- [Shift Scheduler Demo] [           main] org.hibernate.SQL                        : select ec1_0.id,ec1_0.is_active,ec1_0.created_at,ec1_0.date,ec1_0.employee_id,ec1_0.end_time,ec1_0.reason,ec1_0.start_time,ec1_0.type,ec1_0.updated_at from employee_constraints ec1_0
Hibernate: select ec1_0.id,ec1_0.is_active,ec1_0.created_at,ec1_0.date,ec1_0.employee_id,ec1_0.end_time,ec1_0.reason,ec1_0.start_time,ec1_0.type,ec1_0.updated_at from employee_constraints ec1_0
2025-10-25T10:10:40.433+09:00 DEBUG 16416 --- [Shift Scheduler Demo] [           main] org.hibernate.SQL                        : select e1_0.id,e1_0.created_at,e1_0.name,e1_0.role from employees e1_0
Hibernate: select e1_0.id,e1_0.created_at,e1_0.name,e1_0.role from employees e1_0
2025-10-25T10:10:40.436+09:00 DEBUG 16416 --- [Shift Scheduler Demo] [           main] org.hibernate.SQL                        : select s1_0.employee_id,s1_1.id,s1_1.code,s1_1.created_at,s1_1.description,s1_1.name,s1_1.priority,s1_1.updated_at from employee_skills s1_0 join skills s1_1 on s1_1.id=s1_0.skill_id where s1_0.employee_id=?
Hibernate: select s1_0.employee_id,s1_1.id,s1_1.code,s1_1.created_at,s1_1.description,s1_1.name,s1_1.priority,s1_1.updated_at from employee_skills s1_0 join skills s1_1 on s1_1.id=s1_0.skill_id where s1_0.employee_id=?
2025-10-25T10:10:40.436+09:00 DEBUG 16416 --- [Shift Scheduler Demo] [           main] org.hibernate.SQL                        : select s1_0.employee_id,s1_1.id,s1_1.code,s1_1.created_at,s1_1.description,s1_1.name,s1_1.priority,s1_1.updated_at from employee_skills s1_0 join skills s1_1 on s1_1.id=s1_0.skill_id where s1_0.employee_id=?
Hibernate: select s1_0.employee_id,s1_1.id,s1_1.code,s1_1.created_at,s1_1.description,s1_1.name,s1_1.priority,s1_1.updated_at from employee_skills s1_0 join skills s1_1 on s1_1.id=s1_0.skill_id where s1_0.employee_id=?
2025-10-25T10:10:40.438+09:00 DEBUG 16416 --- [Shift Scheduler Demo] [           main] org.hibernate.SQL                        : select s1_0.employee_id,s1_1.id,s1_1.code,s1_1.created_at,s1_1.description,s1_1.name,s1_1.priority,s1_1.updated_at from employee_skills s1_0 join skills s1_1 on s1_1.id=s1_0.skill_id where s1_0.employee_id=?
Hibernate: select s1_0.employee_id,s1_1.id,s1_1.code,s1_1.created_at,s1_1.description,s1_1.name,s1_1.priority,s1_1.updated_at from employee_skills s1_0 join skills s1_1 on s1_1.id=s1_0.skill_id where s1_0.employee_id=?
2025-10-25T10:10:40.438+09:00 DEBUG 16416 --- [Shift Scheduler Demo] [           main] org.hibernate.SQL                        : select s1_0.employee_id,s1_1.id,s1_1.code,s1_1.created_at,s1_1.description,s1_1.name,s1_1.priority,s1_1.updated_at from employee_skills s1_0 join skills s1_1 on s1_1.id=s1_0.skill_id where s1_0.employee_id=?
Hibernate: select s1_0.employee_id,s1_1.id,s1_1.code,s1_1.created_at,s1_1.description,s1_1.name,s1_1.priority,s1_1.updated_at from employee_skills s1_0 join skills s1_1 on s1_1.id=s1_0.skill_id where s1_0.employee_id=?
2025-10-25T10:10:40.438+09:00 DEBUG 16416 --- [Shift Scheduler Demo] [           main] org.hibernate.SQL                        : select s1_0.employee_id,s1_1.id,s1_1.code,s1_1.created_at,s1_1.description,s1_1.name,s1_1.priority,s1_1.updated_at from employee_skills s1_0 join skills s1_1 on s1_1.id=s1_0.skill_id where s1_0.employee_id=?
Hibernate: select s1_0.employee_id,s1_1.id,s1_1.code,s1_1.created_at,s1_1.description,s1_1.name,s1_1.priority,s1_1.updated_at from employee_skills s1_0 join skills s1_1 on s1_1.id=s1_0.skill_id where s1_0.employee_id=?
2025-10-25T10:10:40.438+09:00 DEBUG 16416 --- [Shift Scheduler Demo] [           main] org.hibernate.SQL                        : select s1_0.employee_id,s1_1.id,s1_1.code,s1_1.created_at,s1_1.description,s1_1.name,s1_1.priority,s1_1.updated_at from employee_skills s1_0 join skills s1_1 on s1_1.id=s1_0.skill_id where s1_0.employee_id=?
Hibernate: select s1_0.employee_id,s1_1.id,s1_1.code,s1_1.created_at,s1_1.description,s1_1.name,s1_1.priority,s1_1.updated_at from employee_skills s1_0 join skills s1_1 on s1_1.id=s1_0.skill_id where s1_0.employee_id=?
2025-10-25T10:10:40.439+09:00 DEBUG 16416 --- [Shift Scheduler Demo] [           main] org.hibernate.SQL                        : select s1_0.employee_id,s1_1.id,s1_1.code,s1_1.created_at,s1_1.description,s1_1.name,s1_1.priority,s1_1.updated_at from employee_skills s1_0 join skills s1_1 on s1_1.id=s1_0.skill_id where s1_0.employee_id=?
Hibernate: select s1_0.employee_id,s1_1.id,s1_1.code,s1_1.created_at,s1_1.description,s1_1.name,s1_1.priority,s1_1.updated_at from employee_skills s1_0 join skills s1_1 on s1_1.id=s1_0.skill_id where s1_0.employee_id=?
2025-10-25T10:10:40.439+09:00 DEBUG 16416 --- [Shift Scheduler Demo] [           main] org.hibernate.SQL                        : select s1_0.employee_id,s1_1.id,s1_1.code,s1_1.created_at,s1_1.description,s1_1.name,s1_1.priority,s1_1.updated_at from employee_skills s1_0 join skills s1_1 on s1_1.id=s1_0.skill_id where s1_0.employee_id=?
Hibernate: select s1_0.employee_id,s1_1.id,s1_1.code,s1_1.created_at,s1_1.description,s1_1.name,s1_1.priority,s1_1.updated_at from employee_skills s1_0 join skills s1_1 on s1_1.id=s1_0.skill_id where s1_0.employee_id=?
2025-10-25T10:10:40.439+09:00 DEBUG 16416 --- [Shift Scheduler Demo] [           main] org.hibernate.SQL                        : select s1_0.employee_id,s1_1.id,s1_1.code,s1_1.created_at,s1_1.description,s1_1.name,s1_1.priority,s1_1.updated_at from employee_skills s1_0 join skills s1_1 on s1_1.id=s1_0.skill_id where s1_0.employee_id=?
Hibernate: select s1_0.employee_id,s1_1.id,s1_1.code,s1_1.created_at,s1_1.description,s1_1.name,s1_1.priority,s1_1.updated_at from employee_skills s1_0 join skills s1_1 on s1_1.id=s1_0.skill_id where s1_0.employee_id=?
2025-10-25T10:10:40.439+09:00 DEBUG 16416 --- [Shift Scheduler Demo] [           main] org.hibernate.SQL                        : select s1_0.employee_id,s1_1.id,s1_1.code,s1_1.created_at,s1_1.description,s1_1.name,s1_1.priority,s1_1.updated_at from employee_skills s1_0 join skills s1_1 on s1_1.id=s1_0.skill_id where s1_0.employee_id=?
Hibernate: select s1_0.employee_id,s1_1.id,s1_1.code,s1_1.created_at,s1_1.description,s1_1.name,s1_1.priority,s1_1.updated_at from employee_skills s1_0 join skills s1_1 on s1_1.id=s1_0.skill_id where s1_0.employee_id=?
2025-10-25T10:10:40.439+09:00 DEBUG 16416 --- [Shift Scheduler Demo] [           main] org.hibernate.SQL                        : select s1_0.employee_id,s1_1.id,s1_1.code,s1_1.created_at,s1_1.description,s1_1.name,s1_1.priority,s1_1.updated_at from employee_skills s1_0 join skills s1_1 on s1_1.id=s1_0.skill_id where s1_0.employee_id=?
Hibernate: select s1_0.employee_id,s1_1.id,s1_1.code,s1_1.created_at,s1_1.description,s1_1.name,s1_1.priority,s1_1.updated_at from employee_skills s1_0 join skills s1_1 on s1_1.id=s1_0.skill_id where s1_0.employee_id=?
2025-10-25T10:10:40.440+09:00 DEBUG 16416 --- [Shift Scheduler Demo] [           main] org.hibernate.SQL                        : select s1_0.employee_id,s1_1.id,s1_1.code,s1_1.created_at,s1_1.description,s1_1.name,s1_1.priority,s1_1.updated_at from employee_skills s1_0 join skills s1_1 on s1_1.id=s1_0.skill_id where s1_0.employee_id=?
Hibernate: select s1_0.employee_id,s1_1.id,s1_1.code,s1_1.created_at,s1_1.description,s1_1.name,s1_1.priority,s1_1.updated_at from employee_skills s1_0 join skills s1_1 on s1_1.id=s1_0.skill_id where s1_0.employee_id=?
2025-10-25T10:10:40.440+09:00 DEBUG 16416 --- [Shift Scheduler Demo] [           main] org.hibernate.SQL                        : select s1_0.employee_id,s1_1.id,s1_1.code,s1_1.created_at,s1_1.description,s1_1.name,s1_1.priority,s1_1.updated_at from employee_skills s1_0 join skills s1_1 on s1_1.id=s1_0.skill_id where s1_0.employee_id=?
Hibernate: select s1_0.employee_id,s1_1.id,s1_1.code,s1_1.created_at,s1_1.description,s1_1.name,s1_1.priority,s1_1.updated_at from employee_skills s1_0 join skills s1_1 on s1_1.id=s1_0.skill_id where s1_0.employee_id=?
2025-10-25T10:10:40.440+09:00 DEBUG 16416 --- [Shift Scheduler Demo] [           main] org.hibernate.SQL                        : select s1_0.employee_id,s1_1.id,s1_1.code,s1_1.created_at,s1_1.description,s1_1.name,s1_1.priority,s1_1.updated_at from employee_skills s1_0 join skills s1_1 on s1_1.id=s1_0.skill_id where s1_0.employee_id=?
Hibernate: select s1_0.employee_id,s1_1.id,s1_1.code,s1_1.created_at,s1_1.description,s1_1.name,s1_1.priority,s1_1.updated_at from employee_skills s1_0 join skills s1_1 on s1_1.id=s1_0.skill_id where s1_0.employee_id=?
2025-10-25T10:10:40.440+09:00 DEBUG 16416 --- [Shift Scheduler Demo] [           main] org.hibernate.SQL                        : select s1_0.employee_id,s1_1.id,s1_1.code,s1_1.created_at,s1_1.description,s1_1.name,s1_1.priority,s1_1.updated_at from employee_skills s1_0 join skills s1_1 on s1_1.id=s1_0.skill_id where s1_0.employee_id=?
Hibernate: select s1_0.employee_id,s1_1.id,s1_1.code,s1_1.created_at,s1_1.description,s1_1.name,s1_1.priority,s1_1.updated_at from employee_skills s1_0 join skills s1_1 on s1_1.id=s1_0.skill_id where s1_0.employee_id=?
2025-10-25T10:10:40.441+09:00 DEBUG 16416 --- [Shift Scheduler Demo] [           main] org.hibernate.SQL                        : select s1_0.employee_id,s1_1.id,s1_1.code,s1_1.created_at,s1_1.description,s1_1.name,s1_1.priority,s1_1.updated_at from employee_skills s1_0 join skills s1_1 on s1_1.id=s1_0.skill_id where s1_0.employee_id=?
Hibernate: select s1_0.employee_id,s1_1.id,s1_1.code,s1_1.created_at,s1_1.description,s1_1.name,s1_1.priority,s1_1.updated_at from employee_skills s1_0 join skills s1_1 on s1_1.id=s1_0.skill_id where s1_0.employee_id=?
2025-10-25T10:10:40.441+09:00 DEBUG 16416 --- [Shift Scheduler Demo] [           main] org.hibernate.SQL                        : select s1_0.employee_id,s1_1.id,s1_1.code,s1_1.created_at,s1_1.description,s1_1.name,s1_1.priority,s1_1.updated_at from employee_skills s1_0 join skills s1_1 on s1_1.id=s1_0.skill_id where s1_0.employee_id=?
Hibernate: select s1_0.employee_id,s1_1.id,s1_1.code,s1_1.created_at,s1_1.description,s1_1.name,s1_1.priority,s1_1.updated_at from employee_skills s1_0 join skills s1_1 on s1_1.id=s1_0.skill_id where s1_0.employee_id=?
2025-10-25T10:10:40.441+09:00 DEBUG 16416 --- [Shift Scheduler Demo] [           main] org.hibernate.SQL                        : select s1_0.employee_id,s1_1.id,s1_1.code,s1_1.created_at,s1_1.description,s1_1.name,s1_1.priority,s1_1.updated_at from employee_skills s1_0 join skills s1_1 on s1_1.id=s1_0.skill_id where s1_0.employee_id=?
Hibernate: select s1_0.employee_id,s1_1.id,s1_1.code,s1_1.created_at,s1_1.description,s1_1.name,s1_1.priority,s1_1.updated_at from employee_skills s1_0 join skills s1_1 on s1_1.id=s1_0.skill_id where s1_0.employee_id=?
2025-10-25T10:10:40.441+09:00 DEBUG 16416 --- [Shift Scheduler Demo] [           main] org.hibernate.SQL                        : select s1_0.employee_id,s1_1.id,s1_1.code,s1_1.created_at,s1_1.description,s1_1.name,s1_1.priority,s1_1.updated_at from employee_skills s1_0 join skills s1_1 on s1_1.id=s1_0.skill_id where s1_0.employee_id=?
Hibernate: select s1_0.employee_id,s1_1.id,s1_1.code,s1_1.created_at,s1_1.description,s1_1.name,s1_1.priority,s1_1.updated_at from employee_skills s1_0 join skills s1_1 on s1_1.id=s1_0.skill_id where s1_0.employee_id=?
2025-10-25T10:10:40.442+09:00 DEBUG 16416 --- [Shift Scheduler Demo] [           main] org.hibernate.SQL                        : select s1_0.employee_id,s1_1.id,s1_1.code,s1_1.created_at,s1_1.description,s1_1.name,s1_1.priority,s1_1.updated_at from employee_skills s1_0 join skills s1_1 on s1_1.id=s1_0.skill_id where s1_0.employee_id=?
Hibernate: select s1_0.employee_id,s1_1.id,s1_1.code,s1_1.created_at,s1_1.description,s1_1.name,s1_1.priority,s1_1.updated_at from employee_skills s1_0 join skills s1_1 on s1_1.id=s1_0.skill_id where s1_0.employee_id=?
2025-10-25T10:10:40.442+09:00 DEBUG 16416 --- [Shift Scheduler Demo] [           main] org.hibernate.SQL                        : select s1_0.employee_id,s1_1.id,s1_1.code,s1_1.created_at,s1_1.description,s1_1.name,s1_1.priority,s1_1.updated_at from employee_skills s1_0 join skills s1_1 on s1_1.id=s1_0.skill_id where s1_0.employee_id=?
Hibernate: select s1_0.employee_id,s1_1.id,s1_1.code,s1_1.created_at,s1_1.description,s1_1.name,s1_1.priority,s1_1.updated_at from employee_skills s1_0 join skills s1_1 on s1_1.id=s1_0.skill_id where s1_0.employee_id=?
2025-10-25T10:10:40.442+09:00 DEBUG 16416 --- [Shift Scheduler Demo] [           main] org.hibernate.SQL                        : select s1_0.employee_id,s1_1.id,s1_1.code,s1_1.created_at,s1_1.description,s1_1.name,s1_1.priority,s1_1.updated_at from employee_skills s1_0 join skills s1_1 on s1_1.id=s1_0.skill_id where s1_0.employee_id=?
Hibernate: select s1_0.employee_id,s1_1.id,s1_1.code,s1_1.created_at,s1_1.description,s1_1.name,s1_1.priority,s1_1.updated_at from employee_skills s1_0 join skills s1_1 on s1_1.id=s1_0.skill_id where s1_0.employee_id=?
2025-10-25T10:10:40.442+09:00 DEBUG 16416 --- [Shift Scheduler Demo] [           main] org.hibernate.SQL                        : select s1_0.employee_id,s1_1.id,s1_1.code,s1_1.created_at,s1_1.description,s1_1.name,s1_1.priority,s1_1.updated_at from employee_skills s1_0 join skills s1_1 on s1_1.id=s1_0.skill_id where s1_0.employee_id=?
Hibernate: select s1_0.employee_id,s1_1.id,s1_1.code,s1_1.created_at,s1_1.description,s1_1.name,s1_1.priority,s1_1.updated_at from employee_skills s1_0 join skills s1_1 on s1_1.id=s1_0.skill_id where s1_0.employee_id=?
2025-10-25T10:10:40.442+09:00 DEBUG 16416 --- [Shift Scheduler Demo] [           main] org.hibernate.SQL                        : select s1_0.employee_id,s1_1.id,s1_1.code,s1_1.created_at,s1_1.description,s1_1.name,s1_1.priority,s1_1.updated_at from employee_skills s1_0 join skills s1_1 on s1_1.id=s1_0.skill_id where s1_0.employee_id=?
Hibernate: select s1_0.employee_id,s1_1.id,s1_1.code,s1_1.created_at,s1_1.description,s1_1.name,s1_1.priority,s1_1.updated_at from employee_skills s1_0 join skills s1_1 on s1_1.id=s1_0.skill_id where s1_0.employee_id=?
2025-10-25T10:10:40.443+09:00 DEBUG 16416 --- [Shift Scheduler Demo] [           main] org.hibernate.SQL                        : select s1_0.employee_id,s1_1.id,s1_1.code,s1_1.created_at,s1_1.description,s1_1.name,s1_1.priority,s1_1.updated_at from employee_skills s1_0 join skills s1_1 on s1_1.id=s1_0.skill_id where s1_0.employee_id=?
Hibernate: select s1_0.employee_id,s1_1.id,s1_1.code,s1_1.created_at,s1_1.description,s1_1.name,s1_1.priority,s1_1.updated_at from employee_skills s1_0 join skills s1_1 on s1_1.id=s1_0.skill_id where s1_0.employee_id=?
2025-10-25T10:10:40.443+09:00 DEBUG 16416 --- [Shift Scheduler Demo] [           main] org.hibernate.SQL                        : select s1_0.employee_id,s1_1.id,s1_1.code,s1_1.created_at,s1_1.description,s1_1.name,s1_1.priority,s1_1.updated_at from employee_skills s1_0 join skills s1_1 on s1_1.id=s1_0.skill_id where s1_0.employee_id=?
Hibernate: select s1_0.employee_id,s1_1.id,s1_1.code,s1_1.created_at,s1_1.description,s1_1.name,s1_1.priority,s1_1.updated_at from employee_skills s1_0 join skills s1_1 on s1_1.id=s1_0.skill_id where s1_0.employee_id=?
2025-10-25T10:10:40.443+09:00 DEBUG 16416 --- [Shift Scheduler Demo] [           main] org.hibernate.SQL                        : select s1_0.employee_id,s1_1.id,s1_1.code,s1_1.created_at,s1_1.description,s1_1.name,s1_1.priority,s1_1.updated_at from employee_skills s1_0 join skills s1_1 on s1_1.id=s1_0.skill_id where s1_0.employee_id=?
Hibernate: select s1_0.employee_id,s1_1.id,s1_1.code,s1_1.created_at,s1_1.description,s1_1.name,s1_1.priority,s1_1.updated_at from employee_skills s1_0 join skills s1_1 on s1_1.id=s1_0.skill_id where s1_0.employee_id=?
2025-10-25T10:10:40.443+09:00 DEBUG 16416 --- [Shift Scheduler Demo] [           main] org.hibernate.SQL                        : select s1_0.employee_id,s1_1.id,s1_1.code,s1_1.created_at,s1_1.description,s1_1.name,s1_1.priority,s1_1.updated_at from employee_skills s1_0 join skills s1_1 on s1_1.id=s1_0.skill_id where s1_0.employee_id=?
Hibernate: select s1_0.employee_id,s1_1.id,s1_1.code,s1_1.created_at,s1_1.description,s1_1.name,s1_1.priority,s1_1.updated_at from employee_skills s1_0 join skills s1_1 on s1_1.id=s1_0.skill_id where s1_0.employee_id=?
2025-10-25T10:10:40.443+09:00 DEBUG 16416 --- [Shift Scheduler Demo] [           main] org.hibernate.SQL                        : select s1_0.employee_id,s1_1.id,s1_1.code,s1_1.created_at,s1_1.description,s1_1.name,s1_1.priority,s1_1.updated_at from employee_skills s1_0 join skills s1_1 on s1_1.id=s1_0.skill_id where s1_0.employee_id=?
Hibernate: select s1_0.employee_id,s1_1.id,s1_1.code,s1_1.created_at,s1_1.description,s1_1.name,s1_1.priority,s1_1.updated_at from employee_skills s1_0 join skills s1_1 on s1_1.id=s1_0.skill_id where s1_0.employee_id=?
2025-10-25T10:10:40.444+09:00 DEBUG 16416 --- [Shift Scheduler Demo] [           main] org.hibernate.SQL                        : select s1_0.employee_id,s1_1.id,s1_1.code,s1_1.created_at,s1_1.description,s1_1.name,s1_1.priority,s1_1.updated_at from employee_skills s1_0 join skills s1_1 on s1_1.id=s1_0.skill_id where s1_0.employee_id=?
Hibernate: select s1_0.employee_id,s1_1.id,s1_1.code,s1_1.created_at,s1_1.description,s1_1.name,s1_1.priority,s1_1.updated_at from employee_skills s1_0 join skills s1_1 on s1_1.id=s1_0.skill_id where s1_0.employee_id=?
2025-10-25T10:10:40.456+09:00 DEBUG 16416 --- [Shift Scheduler Demo] [           main] org.hibernate.SQL                        : insert into employee_constraints (is_active,created_at,date,employee_id,end_time,reason,start_time,type,updated_at) values (?,?,?,?,?,?,?,?,?)
Hibernate: insert into employee_constraints (is_active,created_at,date,employee_id,end_time,reason,start_time,type,updated_at) values (?,?,?,?,?,?,?,?,?)
2025-10-25T10:10:40.459+09:00 DEBUG 16416 --- [Shift Scheduler Demo] [           main] org.hibernate.SQL                        : select last_insert_rowid()
Hibernate: select last_insert_rowid()
2025-10-25T10:10:40.461+09:00 DEBUG 16416 --- [Shift Scheduler Demo] [           main] org.hibernate.SQL                        : insert into employee_constraints (is_active,created_at,date,employee_id,end_time,reason,start_time,type,updated_at) values (?,?,?,?,?,?,?,?,?)
Hibernate: insert into employee_constraints (is_active,created_at,date,employee_id,end_time,reason,start_time,type,updated_at) values (?,?,?,?,?,?,?,?,?)
2025-10-25T10:10:40.463+09:00 DEBUG 16416 --- [Shift Scheduler Demo] [           main] org.hibernate.SQL                        : select last_insert_rowid()
Hibernate: select last_insert_rowid()
2025-10-25T10:10:40.463+09:00  INFO 16416 --- [Shift Scheduler Demo] [           main] c.e.shiftv1.schedule.ScheduleService     : シフト生成を開始します: 2024年7月
2025-10-25T10:10:40.466+09:00 DEBUG 16416 --- [Shift Scheduler Demo] [           main] org.hibernate.SQL                        : select e1_0.id,e1_0.created_at,e1_0.name,e1_0.role from employees e1_0
Hibernate: select e1_0.id,e1_0.created_at,e1_0.name,e1_0.role from employees e1_0
2025-10-25T10:10:40.468+09:00 DEBUG 16416 --- [Shift Scheduler Demo] [           main] org.hibernate.SQL                        : delete from shift_assignments where id=?
Hibernate: delete from shift_assignments where id=?
2025-10-25T10:10:40.468+09:00 DEBUG 16416 --- [Shift Scheduler Demo] [           main] org.hibernate.SQL                        : delete from shift_assignments where id=?
Hibernate: delete from shift_assignments where id=?
2025-10-25T10:10:40.468+09:00 DEBUG 16416 --- [Shift Scheduler Demo] [           main] org.hibernate.SQL                        : delete from shift_assignments where id=?
Hibernate: delete from shift_assignments where id=?
2025-10-25T10:10:40.470+09:00 DEBUG 16416 --- [Shift Scheduler Demo] [           main] org.hibernate.SQL                        : delete from shift_assignments where id=?
Hibernate: delete from shift_assignments where id=?
2025-10-25T10:10:40.470+09:00 DEBUG 16416 --- [Shift Scheduler Demo] [           main] org.hibernate.SQL                        : delete from shift_assignments where id=?
Hibernate: delete from shift_assignments where id=?
2025-10-25T10:10:40.470+09:00 DEBUG 16416 --- [Shift Scheduler Demo] [           main] org.hibernate.SQL                        : delete from shift_assignments where id=?
Hibernate: delete from shift_assignments where id=?
2025-10-25T10:10:40.470+09:00 DEBUG 16416 --- [Shift Scheduler Demo] [           main] org.hibernate.SQL                        : delete from shift_assignments where id=?
Hibernate: delete from shift_assignments where id=?
2025-10-25T10:10:40.470+09:00 DEBUG 16416 --- [Shift Scheduler Demo] [           main] org.hibernate.SQL                        : delete from shift_assignments where id=?
Hibernate: delete from shift_assignments where id=?
2025-10-25T10:10:40.470+09:00 DEBUG 16416 --- [Shift Scheduler Demo] [           main] org.hibernate.SQL                        : delete from shift_assignments where id=?
Hibernate: delete from shift_assignments where id=?
2025-10-25T10:10:40.470+09:00 DEBUG 16416 --- [Shift Scheduler Demo] [           main] org.hibernate.SQL                        : delete from shift_assignments where id=?
Hibernate: delete from shift_assignments where id=?
2025-10-25T10:10:40.470+09:00 DEBUG 16416 --- [Shift Scheduler Demo] [           main] org.hibernate.SQL                        : delete from shift_assignments where id=?
Hibernate: delete from shift_assignments where id=?
2025-10-25T10:10:40.470+09:00 DEBUG 16416 --- [Shift Scheduler Demo] [           main] org.hibernate.SQL                        : delete from shift_assignments where id=?
Hibernate: delete from shift_assignments where id=?
2025-10-25T10:10:40.470+09:00 DEBUG 16416 --- [Shift Scheduler Demo] [           main] org.hibernate.SQL                        : delete from shift_assignments where id=?
Hibernate: delete from shift_assignments where id=?
2025-10-25T10:10:40.470+09:00 DEBUG 16416 --- [Shift Scheduler Demo] [           main] org.hibernate.SQL                        : delete from shift_assignments where id=?
Hibernate: delete from shift_assignments where id=?
2025-10-25T10:10:40.470+09:00 DEBUG 16416 --- [Shift Scheduler Demo] [           main] org.hibernate.SQL                        : delete from shift_assignments where id=?
Hibernate: delete from shift_assignments where id=?
2025-10-25T10:10:40.470+09:00 DEBUG 16416 --- [Shift Scheduler Demo] [           main] org.hibernate.SQL                        : delete from shift_assignments where id=?
Hibernate: delete from shift_assignments where id=?
2025-10-25T10:10:40.471+09:00 DEBUG 16416 --- [Shift Scheduler Demo] [           main] org.hibernate.SQL                        : delete from shift_assignments where id=?
Hibernate: delete from shift_assignments where id=?
2025-10-25T10:10:40.471+09:00 DEBUG 16416 --- [Shift Scheduler Demo] [           main] org.hibernate.SQL                        : delete from shift_assignments where id=?
Hibernate: delete from shift_assignments where id=?
2025-10-25T10:10:40.471+09:00 DEBUG 16416 --- [Shift Scheduler Demo] [           main] org.hibernate.SQL                        : delete from shift_assignments where id=?
Hibernate: delete from shift_assignments where id=?
2025-10-25T10:10:40.471+09:00 DEBUG 16416 --- [Shift Scheduler Demo] [           main] org.hibernate.SQL                        : delete from shift_assignments where id=?
Hibernate: delete from shift_assignments where id=?
2025-10-25T10:10:40.471+09:00 DEBUG 16416 --- [Shift Scheduler Demo] [           main] org.hibernate.SQL                        : delete from shift_assignments where id=?
Hibernate: delete from shift_assignments where id=?
2025-10-25T10:10:40.471+09:00 DEBUG 16416 --- [Shift Scheduler Demo] [           main] org.hibernate.SQL                        : delete from shift_assignments where id=?
Hibernate: delete from shift_assignments where id=?
2025-10-25T10:10:40.471+09:00 DEBUG 16416 --- [Shift Scheduler Demo] [           main] org.hibernate.SQL                        : delete from shift_assignments where id=?
Hibernate: delete from shift_assignments where id=?
2025-10-25T10:10:40.471+09:00 DEBUG 16416 --- [Shift Scheduler Demo] [           main] org.hibernate.SQL                        : delete from shift_assignments where id=?
Hibernate: delete from shift_assignments where id=?
2025-10-25T10:10:40.471+09:00 DEBUG 16416 --- [Shift Scheduler Demo] [           main] org.hibernate.SQL                        : delete from shift_assignments where id=?
Hibernate: delete from shift_assignments where id=?
2025-10-25T10:10:40.471+09:00 DEBUG 16416 --- [Shift Scheduler Demo] [           main] org.hibernate.SQL                        : delete from shift_assignments where id=?
Hibernate: delete from shift_assignments where id=?
2025-10-25T10:10:40.471+09:00 DEBUG 16416 --- [Shift Scheduler Demo] [           main] org.hibernate.SQL                        : delete from shift_assignments where id=?
Hibernate: delete from shift_assignments where id=?
2025-10-25T10:10:40.471+09:00 DEBUG 16416 --- [Shift Scheduler Demo] [           main] org.hibernate.SQL                        : delete from shift_assignments where id=?
Hibernate: delete from shift_assignments where id=?
2025-10-25T10:10:40.471+09:00 DEBUG 16416 --- [Shift Scheduler Demo] [           main] org.hibernate.SQL                        : delete from shift_assignments where id=?
Hibernate: delete from shift_assignments where id=?
2025-10-25T10:10:40.471+09:00 DEBUG 16416 --- [Shift Scheduler Demo] [           main] org.hibernate.SQL                        : delete from shift_assignments where id=?
Hibernate: delete from shift_assignments where id=?
2025-10-25T10:10:40.471+09:00 DEBUG 16416 --- [Shift Scheduler Demo] [           main] org.hibernate.SQL                        : delete from shift_assignments where id=?
Hibernate: delete from shift_assignments where id=?
2025-10-25T10:10:40.472+09:00 DEBUG 16416 --- [Shift Scheduler Demo] [           main] org.hibernate.SQL                        : delete from shift_assignments where id=?
Hibernate: delete from shift_assignments where id=?
2025-10-25T10:10:40.472+09:00 DEBUG 16416 --- [Shift Scheduler Demo] [           main] org.hibernate.SQL                        : delete from shift_assignments where id=?
Hibernate: delete from shift_assignments where id=?
2025-10-25T10:10:40.472+09:00 DEBUG 16416 --- [Shift Scheduler Demo] [           main] org.hibernate.SQL                        : delete from shift_assignments where id=?
Hibernate: delete from shift_assignments where id=?
2025-10-25T10:10:40.472+09:00 DEBUG 16416 --- [Shift Scheduler Demo] [           main] org.hibernate.SQL                        : delete from shift_assignments where id=?
Hibernate: delete from shift_assignments where id=?
2025-10-25T10:10:40.472+09:00 DEBUG 16416 --- [Shift Scheduler Demo] [           main] org.hibernate.SQL                        : delete from shift_assignments where id=?
Hibernate: delete from shift_assignments where id=?
2025-10-25T10:10:40.472+09:00 DEBUG 16416 --- [Shift Scheduler Demo] [           main] org.hibernate.SQL                        : delete from shift_assignments where id=?
Hibernate: delete from shift_assignments where id=?
2025-10-25T10:10:40.472+09:00 DEBUG 16416 --- [Shift Scheduler Demo] [           main] org.hibernate.SQL                        : delete from shift_assignments where id=?
Hibernate: delete from shift_assignments where id=?
2025-10-25T10:10:40.472+09:00 DEBUG 16416 --- [Shift Scheduler Demo] [           main] org.hibernate.SQL                        : delete from shift_assignments where id=?
Hibernate: delete from shift_assignments where id=?
2025-10-25T10:10:40.472+09:00 DEBUG 16416 --- [Shift Scheduler Demo] [           main] org.hibernate.SQL                        : delete from shift_assignments where id=?
Hibernate: delete from shift_assignments where id=?
2025-10-25T10:10:40.472+09:00 DEBUG 16416 --- [Shift Scheduler Demo] [           main] org.hibernate.SQL                        : delete from shift_assignments where id=?
Hibernate: delete from shift_assignments where id=?
2025-10-25T10:10:40.472+09:00 DEBUG 16416 --- [Shift Scheduler Demo] [           main] org.hibernate.SQL                        : delete from shift_assignments where id=?
Hibernate: delete from shift_assignments where id=?
2025-10-25T10:10:40.472+09:00 DEBUG 16416 --- [Shift Scheduler Demo] [           main] org.hibernate.SQL                        : delete from shift_assignments where id=?
Hibernate: delete from shift_assignments where id=?
2025-10-25T10:10:40.472+09:00 DEBUG 16416 --- [Shift Scheduler Demo] [           main] org.hibernate.SQL                        : delete from shift_assignments where id=?
Hibernate: delete from shift_assignments where id=?
2025-10-25T10:10:40.472+09:00 DEBUG 16416 --- [Shift Scheduler Demo] [           main] org.hibernate.SQL                        : delete from shift_assignments where id=?
Hibernate: delete from shift_assignments where id=?
2025-10-25T10:10:40.472+09:00 DEBUG 16416 --- [Shift Scheduler Demo] [           main] org.hibernate.SQL                        : delete from shift_assignments where id=?
Hibernate: delete from shift_assignments where id=?
2025-10-25T10:10:40.473+09:00 DEBUG 16416 --- [Shift Scheduler Demo] [           main] org.hibernate.SQL                        : delete from shift_assignments where id=?
Hibernate: delete from shift_assignments where id=?
2025-10-25T10:10:40.473+09:00 DEBUG 16416 --- [Shift Scheduler Demo] [           main] org.hibernate.SQL                        : delete from shift_assignments where id=?
Hibernate: delete from shift_assignments where id=?
2025-10-25T10:10:40.473+09:00 DEBUG 16416 --- [Shift Scheduler Demo] [           main] org.hibernate.SQL                        : delete from shift_assignments where id=?
Hibernate: delete from shift_assignments where id=?
2025-10-25T10:10:40.473+09:00 DEBUG 16416 --- [Shift Scheduler Demo] [           main] org.hibernate.SQL                        : delete from shift_assignments where id=?
Hibernate: delete from shift_assignments where id=?
2025-10-25T10:10:40.473+09:00 DEBUG 16416 --- [Shift Scheduler Demo] [           main] org.hibernate.SQL                        : delete from shift_assignments where id=?
Hibernate: delete from shift_assignments where id=?
2025-10-25T10:10:40.473+09:00 DEBUG 16416 --- [Shift Scheduler Demo] [           main] org.hibernate.SQL                        : delete from shift_assignments where id=?
Hibernate: delete from shift_assignments where id=?
2025-10-25T10:10:40.473+09:00 DEBUG 16416 --- [Shift Scheduler Demo] [           main] org.hibernate.SQL                        : delete from shift_assignments where id=?
Hibernate: delete from shift_assignments where id=?
2025-10-25T10:10:40.474+09:00 DEBUG 16416 --- [Shift Scheduler Demo] [           main] org.hibernate.SQL                        : delete from shift_assignments where id=?
Hibernate: delete from shift_assignments where id=?
2025-10-25T10:10:40.474+09:00 DEBUG 16416 --- [Shift Scheduler Demo] [           main] org.hibernate.SQL                        : delete from shift_assignments where id=?
Hibernate: delete from shift_assignments where id=?
2025-10-25T10:10:40.474+09:00 DEBUG 16416 --- [Shift Scheduler Demo] [           main] org.hibernate.SQL                        : delete from shift_assignments where id=?
Hibernate: delete from shift_assignments where id=?
2025-10-25T10:10:40.474+09:00 DEBUG 16416 --- [Shift Scheduler Demo] [           main] org.hibernate.SQL                        : delete from shift_assignments where id=?
Hibernate: delete from shift_assignments where id=?
2025-10-25T10:10:40.474+09:00 DEBUG 16416 --- [Shift Scheduler Demo] [           main] org.hibernate.SQL                        : delete from shift_assignments where id=?
Hibernate: delete from shift_assignments where id=?
2025-10-25T10:10:40.474+09:00 DEBUG 16416 --- [Shift Scheduler Demo] [           main] org.hibernate.SQL                        : delete from shift_assignments where id=?
Hibernate: delete from shift_assignments where id=?
2025-10-25T10:10:40.474+09:00 DEBUG 16416 --- [Shift Scheduler Demo] [           main] org.hibernate.SQL                        : delete from shift_assignments where id=?
Hibernate: delete from shift_assignments where id=?
2025-10-25T10:10:40.474+09:00 DEBUG 16416 --- [Shift Scheduler Demo] [           main] org.hibernate.SQL                        : delete from shift_assignments where id=?
Hibernate: delete from shift_assignments where id=?
2025-10-25T10:10:40.474+09:00 DEBUG 16416 --- [Shift Scheduler Demo] [           main] org.hibernate.SQL                        : delete from shift_assignments where id=?
Hibernate: delete from shift_assignments where id=?
2025-10-25T10:10:40.474+09:00 DEBUG 16416 --- [Shift Scheduler Demo] [           main] org.hibernate.SQL                        : delete from shift_assignments where id=?
Hibernate: delete from shift_assignments where id=?
2025-10-25T10:10:40.474+09:00 DEBUG 16416 --- [Shift Scheduler Demo] [           main] org.hibernate.SQL                        : delete from shift_assignments where id=?
Hibernate: delete from shift_assignments where id=?
2025-10-25T10:10:40.474+09:00 DEBUG 16416 --- [Shift Scheduler Demo] [           main] org.hibernate.SQL                        : delete from shift_assignments where id=?
Hibernate: delete from shift_assignments where id=?
2025-10-25T10:10:40.474+09:00 DEBUG 16416 --- [Shift Scheduler Demo] [           main] org.hibernate.SQL                        : delete from shift_assignments where id=?
Hibernate: delete from shift_assignments where id=?
2025-10-25T10:10:40.474+09:00 DEBUG 16416 --- [Shift Scheduler Demo] [           main] org.hibernate.SQL                        : delete from shift_assignments where id=?
Hibernate: delete from shift_assignments where id=?
2025-10-25T10:10:40.474+09:00 DEBUG 16416 --- [Shift Scheduler Demo] [           main] org.hibernate.SQL                        : delete from shift_assignments where id=?
Hibernate: delete from shift_assignments where id=?
2025-10-25T10:10:40.475+09:00 DEBUG 16416 --- [Shift Scheduler Demo] [           main] org.hibernate.SQL                        : delete from shift_assignments where id=?
Hibernate: delete from shift_assignments where id=?
2025-10-25T10:10:40.475+09:00 DEBUG 16416 --- [Shift Scheduler Demo] [           main] org.hibernate.SQL                        : delete from shift_assignments where id=?
Hibernate: delete from shift_assignments where id=?
2025-10-25T10:10:40.475+09:00 DEBUG 16416 --- [Shift Scheduler Demo] [           main] org.hibernate.SQL                        : delete from shift_assignments where id=?
Hibernate: delete from shift_assignments where id=?
2025-10-25T10:10:40.475+09:00 DEBUG 16416 --- [Shift Scheduler Demo] [           main] org.hibernate.SQL                        : delete from shift_assignments where id=?
Hibernate: delete from shift_assignments where id=?
2025-10-25T10:10:40.475+09:00 DEBUG 16416 --- [Shift Scheduler Demo] [           main] org.hibernate.SQL                        : delete from shift_assignments where id=?
Hibernate: delete from shift_assignments where id=?
2025-10-25T10:10:40.475+09:00 DEBUG 16416 --- [Shift Scheduler Demo] [           main] org.hibernate.SQL                        : delete from shift_assignments where id=?
Hibernate: delete from shift_assignments where id=?
2025-10-25T10:10:40.475+09:00 DEBUG 16416 --- [Shift Scheduler Demo] [           main] org.hibernate.SQL                        : delete from shift_assignments where id=?
Hibernate: delete from shift_assignments where id=?
2025-10-25T10:10:40.475+09:00 DEBUG 16416 --- [Shift Scheduler Demo] [           main] org.hibernate.SQL                        : delete from shift_assignments where id=?
Hibernate: delete from shift_assignments where id=?
2025-10-25T10:10:40.475+09:00 DEBUG 16416 --- [Shift Scheduler Demo] [           main] org.hibernate.SQL                        : delete from shift_assignments where id=?
Hibernate: delete from shift_assignments where id=?
2025-10-25T10:10:40.475+09:00 DEBUG 16416 --- [Shift Scheduler Demo] [           main] org.hibernate.SQL                        : delete from shift_assignments where id=?
Hibernate: delete from shift_assignments where id=?
2025-10-25T10:10:40.475+09:00 DEBUG 16416 --- [Shift Scheduler Demo] [           main] org.hibernate.SQL                        : delete from shift_assignments where id=?
Hibernate: delete from shift_assignments where id=?
2025-10-25T10:10:40.475+09:00 DEBUG 16416 --- [Shift Scheduler Demo] [           main] org.hibernate.SQL                        : delete from shift_assignments where id=?
Hibernate: delete from shift_assignments where id=?
2025-10-25T10:10:40.475+09:00 DEBUG 16416 --- [Shift Scheduler Demo] [           main] org.hibernate.SQL                        : delete from shift_assignments where id=?
Hibernate: delete from shift_assignments where id=?
2025-10-25T10:10:40.475+09:00 DEBUG 16416 --- [Shift Scheduler Demo] [           main] org.hibernate.SQL                        : delete from shift_assignments where id=?
Hibernate: delete from shift_assignments where id=?
2025-10-25T10:10:40.475+09:00 DEBUG 16416 --- [Shift Scheduler Demo] [           main] org.hibernate.SQL                        : delete from shift_assignments where id=?
Hibernate: delete from shift_assignments where id=?
2025-10-25T10:10:40.476+09:00 DEBUG 16416 --- [Shift Scheduler Demo] [           main] org.hibernate.SQL                        : delete from shift_assignments where id=?
Hibernate: delete from shift_assignments where id=?
2025-10-25T10:10:40.476+09:00 DEBUG 16416 --- [Shift Scheduler Demo] [           main] org.hibernate.SQL                        : delete from shift_assignments where id=?
Hibernate: delete from shift_assignments where id=?
2025-10-25T10:10:40.476+09:00 DEBUG 16416 --- [Shift Scheduler Demo] [           main] org.hibernate.SQL                        : delete from shift_assignments where id=?
Hibernate: delete from shift_assignments where id=?
2025-10-25T10:10:40.476+09:00 DEBUG 16416 --- [Shift Scheduler Demo] [           main] org.hibernate.SQL                        : delete from shift_assignments where id=?
Hibernate: delete from shift_assignments where id=?
2025-10-25T10:10:40.476+09:00 DEBUG 16416 --- [Shift Scheduler Demo] [           main] org.hibernate.SQL                        : delete from shift_assignments where id=?
Hibernate: delete from shift_assignments where id=?
2025-10-25T10:10:40.476+09:00 DEBUG 16416 --- [Shift Scheduler Demo] [           main] org.hibernate.SQL                        : delete from shift_assignments where id=?
Hibernate: delete from shift_assignments where id=?
2025-10-25T10:10:40.476+09:00 DEBUG 16416 --- [Shift Scheduler Demo] [           main] org.hibernate.SQL                        : delete from shift_assignments where id=?
Hibernate: delete from shift_assignments where id=?
2025-10-25T10:10:40.476+09:00 DEBUG 16416 --- [Shift Scheduler Demo] [           main] org.hibernate.SQL                        : delete from shift_assignments where id=?
Hibernate: delete from shift_assignments where id=?
2025-10-25T10:10:40.476+09:00 DEBUG 16416 --- [Shift Scheduler Demo] [           main] org.hibernate.SQL                        : delete from shift_assignments where id=?
Hibernate: delete from shift_assignments where id=?
2025-10-25T10:10:40.476+09:00 DEBUG 16416 --- [Shift Scheduler Demo] [           main] org.hibernate.SQL                        : delete from shift_assignments where id=?
Hibernate: delete from shift_assignments where id=?
2025-10-25T10:10:40.476+09:00 DEBUG 16416 --- [Shift Scheduler Demo] [           main] org.hibernate.SQL                        : delete from shift_assignments where id=?
Hibernate: delete from shift_assignments where id=?
2025-10-25T10:10:40.476+09:00 DEBUG 16416 --- [Shift Scheduler Demo] [           main] org.hibernate.SQL                        : delete from shift_assignments where id=?
Hibernate: delete from shift_assignments where id=?
2025-10-25T10:10:40.476+09:00 DEBUG 16416 --- [Shift Scheduler Demo] [           main] org.hibernate.SQL                        : delete from shift_assignments where id=?
Hibernate: delete from shift_assignments where id=?
2025-10-25T10:10:40.476+09:00 DEBUG 16416 --- [Shift Scheduler Demo] [           main] org.hibernate.SQL                        : delete from shift_assignments where id=?
Hibernate: delete from shift_assignments where id=?
2025-10-25T10:10:40.476+09:00 DEBUG 16416 --- [Shift Scheduler Demo] [           main] org.hibernate.SQL                        : delete from shift_assignments where id=?
Hibernate: delete from shift_assignments where id=?
2025-10-25T10:10:40.476+09:00 DEBUG 16416 --- [Shift Scheduler Demo] [           main] org.hibernate.SQL                        : delete from shift_assignments where id=?
Hibernate: delete from shift_assignments where id=?
2025-10-25T10:10:40.476+09:00 DEBUG 16416 --- [Shift Scheduler Demo] [           main] org.hibernate.SQL                        : delete from shift_assignments where id=?
Hibernate: delete from shift_assignments where id=?
2025-10-25T10:10:40.476+09:00 DEBUG 16416 --- [Shift Scheduler Demo] [           main] org.hibernate.SQL                        : delete from shift_assignments where id=?
Hibernate: delete from shift_assignments where id=?
2025-10-25T10:10:40.476+09:00 DEBUG 16416 --- [Shift Scheduler Demo] [           main] org.hibernate.SQL                        : delete from shift_assignments where id=?
Hibernate: delete from shift_assignments where id=?
2025-10-25T10:10:40.476+09:00 DEBUG 16416 --- [Shift Scheduler Demo] [           main] org.hibernate.SQL                        : delete from shift_assignments where id=?
Hibernate: delete from shift_assignments where id=?
2025-10-25T10:10:40.476+09:00 DEBUG 16416 --- [Shift Scheduler Demo] [           main] org.hibernate.SQL                        : delete from shift_assignments where id=?
Hibernate: delete from shift_assignments where id=?
2025-10-25T10:10:40.476+09:00 DEBUG 16416 --- [Shift Scheduler Demo] [           main] org.hibernate.SQL                        : delete from shift_assignments where id=?
Hibernate: delete from shift_assignments where id=?
2025-10-25T10:10:40.476+09:00 DEBUG 16416 --- [Shift Scheduler Demo] [           main] org.hibernate.SQL                        : delete from shift_assignments where id=?
Hibernate: delete from shift_assignments where id=?
2025-10-25T10:10:40.476+09:00 DEBUG 16416 --- [Shift Scheduler Demo] [           main] org.hibernate.SQL                        : delete from shift_assignments where id=?
Hibernate: delete from shift_assignments where id=?
2025-10-25T10:10:40.478+09:00 DEBUG 16416 --- [Shift Scheduler Demo] [           main] org.hibernate.SQL                        : delete from shift_assignments where id=?
Hibernate: delete from shift_assignments where id=?
2025-10-25T10:10:40.478+09:00 DEBUG 16416 --- [Shift Scheduler Demo] [           main] org.hibernate.SQL                        : delete from shift_assignments where id=?
Hibernate: delete from shift_assignments where id=?
2025-10-25T10:10:40.479+09:00 DEBUG 16416 --- [Shift Scheduler Demo] [           main] org.hibernate.SQL                        : delete from shift_assignments where id=?
Hibernate: delete from shift_assignments where id=?
2025-10-25T10:10:40.479+09:00 DEBUG 16416 --- [Shift Scheduler Demo] [           main] org.hibernate.SQL                        : delete from shift_assignments where id=?
Hibernate: delete from shift_assignments where id=?
2025-10-25T10:10:40.479+09:00 DEBUG 16416 --- [Shift Scheduler Demo] [           main] org.hibernate.SQL                        : delete from shift_assignments where id=?
Hibernate: delete from shift_assignments where id=?
2025-10-25T10:10:40.479+09:00 DEBUG 16416 --- [Shift Scheduler Demo] [           main] org.hibernate.SQL                        : delete from shift_assignments where id=?
Hibernate: delete from shift_assignments where id=?
2025-10-25T10:10:40.479+09:00 DEBUG 16416 --- [Shift Scheduler Demo] [           main] org.hibernate.SQL                        : delete from shift_assignments where id=?
Hibernate: delete from shift_assignments where id=?
2025-10-25T10:10:40.480+09:00 DEBUG 16416 --- [Shift Scheduler Demo] [           main] org.hibernate.SQL                        : delete from shift_assignments where id=?
Hibernate: delete from shift_assignments where id=?
2025-10-25T10:10:40.480+09:00 DEBUG 16416 --- [Shift Scheduler Demo] [           main] org.hibernate.SQL                        : delete from shift_assignments where id=?
Hibernate: delete from shift_assignments where id=?
2025-10-25T10:10:40.480+09:00 DEBUG 16416 --- [Shift Scheduler Demo] [           main] org.hibernate.SQL                        : delete from shift_assignments where id=?
Hibernate: delete from shift_assignments where id=?
2025-10-25T10:10:40.481+09:00 DEBUG 16416 --- [Shift Scheduler Demo] [           main] org.hibernate.SQL                        : delete from shift_assignments where id=?
Hibernate: delete from shift_assignments where id=?
2025-10-25T10:10:40.481+09:00 DEBUG 16416 --- [Shift Scheduler Demo] [           main] org.hibernate.SQL                        : delete from shift_assignments where id=?
Hibernate: delete from shift_assignments where id=?
2025-10-25T10:10:40.481+09:00 DEBUG 16416 --- [Shift Scheduler Demo] [           main] org.hibernate.SQL                        : delete from shift_assignments where id=?
Hibernate: delete from shift_assignments where id=?
2025-10-25T10:10:40.481+09:00 DEBUG 16416 --- [Shift Scheduler Demo] [           main] org.hibernate.SQL                        : delete from shift_assignments where id=?
Hibernate: delete from shift_assignments where id=?
2025-10-25T10:10:40.481+09:00 DEBUG 16416 --- [Shift Scheduler Demo] [           main] org.hibernate.SQL                        : delete from shift_assignments where id=?
Hibernate: delete from shift_assignments where id=?
2025-10-25T10:10:40.482+09:00 DEBUG 16416 --- [Shift Scheduler Demo] [           main] org.hibernate.SQL                        : delete from shift_assignments where id=?
Hibernate: delete from shift_assignments where id=?
2025-10-25T10:10:40.482+09:00 DEBUG 16416 --- [Shift Scheduler Demo] [           main] org.hibernate.SQL                        : delete from shift_assignments where id=?
Hibernate: delete from shift_assignments where id=?
2025-10-25T10:10:40.482+09:00 DEBUG 16416 --- [Shift Scheduler Demo] [           main] org.hibernate.SQL                        : delete from shift_assignments where id=?
Hibernate: delete from shift_assignments where id=?
2025-10-25T10:10:40.482+09:00 DEBUG 16416 --- [Shift Scheduler Demo] [           main] org.hibernate.SQL                        : delete from shift_assignments where id=?
Hibernate: delete from shift_assignments where id=?
2025-10-25T10:10:40.482+09:00 DEBUG 16416 --- [Shift Scheduler Demo] [           main] org.hibernate.SQL                        : delete from shift_assignments where id=?
Hibernate: delete from shift_assignments where id=?
2025-10-25T10:10:40.482+09:00 DEBUG 16416 --- [Shift Scheduler Demo] [           main] org.hibernate.SQL                        : delete from shift_assignments where id=?
Hibernate: delete from shift_assignments where id=?
2025-10-25T10:10:40.482+09:00 DEBUG 16416 --- [Shift Scheduler Demo] [           main] org.hibernate.SQL                        : delete from shift_assignments where id=?
Hibernate: delete from shift_assignments where id=?
2025-10-25T10:10:40.482+09:00 DEBUG 16416 --- [Shift Scheduler Demo] [           main] org.hibernate.SQL                        : delete from shift_assignments where id=?
Hibernate: delete from shift_assignments where id=?
2025-10-25T10:10:40.483+09:00 DEBUG 16416 --- [Shift Scheduler Demo] [           main] org.hibernate.SQL                        : delete from shift_assignments where id=?
Hibernate: delete from shift_assignments where id=?
2025-10-25T10:10:40.483+09:00 DEBUG 16416 --- [Shift Scheduler Demo] [           main] org.hibernate.SQL                        : delete from shift_assignments where id=?
Hibernate: delete from shift_assignments where id=?
2025-10-25T10:10:40.483+09:00 DEBUG 16416 --- [Shift Scheduler Demo] [           main] org.hibernate.SQL                        : delete from shift_assignments where id=?
Hibernate: delete from shift_assignments where id=?
2025-10-25T10:10:40.483+09:00 DEBUG 16416 --- [Shift Scheduler Demo] [           main] org.hibernate.SQL                        : delete from shift_assignments where id=?
Hibernate: delete from shift_assignments where id=?
2025-10-25T10:10:40.484+09:00 DEBUG 16416 --- [Shift Scheduler Demo] [           main] org.hibernate.SQL                        : delete from shift_assignments where id=?
Hibernate: delete from shift_assignments where id=?
2025-10-25T10:10:40.484+09:00 DEBUG 16416 --- [Shift Scheduler Demo] [           main] org.hibernate.SQL                        : delete from shift_assignments where id=?
Hibernate: delete from shift_assignments where id=?
2025-10-25T10:10:40.484+09:00 DEBUG 16416 --- [Shift Scheduler Demo] [           main] org.hibernate.SQL                        : delete from shift_assignments where id=?
Hibernate: delete from shift_assignments where id=?
2025-10-25T10:10:40.484+09:00 DEBUG 16416 --- [Shift Scheduler Demo] [           main] org.hibernate.SQL                        : delete from shift_assignments where id=?
Hibernate: delete from shift_assignments where id=?
2025-10-25T10:10:40.484+09:00 DEBUG 16416 --- [Shift Scheduler Demo] [           main] org.hibernate.SQL                        : delete from shift_assignments where id=?
Hibernate: delete from shift_assignments where id=?
2025-10-25T10:10:40.484+09:00 DEBUG 16416 --- [Shift Scheduler Demo] [           main] org.hibernate.SQL                        : delete from shift_assignments where id=?
Hibernate: delete from shift_assignments where id=?
2025-10-25T10:10:40.484+09:00 DEBUG 16416 --- [Shift Scheduler Demo] [           main] org.hibernate.SQL                        : delete from shift_assignments where id=?
Hibernate: delete from shift_assignments where id=?
2025-10-25T10:10:40.484+09:00 DEBUG 16416 --- [Shift Scheduler Demo] [           main] org.hibernate.SQL                        : delete from shift_assignments where id=?
Hibernate: delete from shift_assignments where id=?
2025-10-25T10:10:40.484+09:00 DEBUG 16416 --- [Shift Scheduler Demo] [           main] org.hibernate.SQL                        : delete from shift_assignments where id=?
Hibernate: delete from shift_assignments where id=?
2025-10-25T10:10:40.485+09:00 DEBUG 16416 --- [Shift Scheduler Demo] [           main] org.hibernate.SQL                        : delete from shift_assignments where id=?
Hibernate: delete from shift_assignments where id=?
2025-10-25T10:10:40.485+09:00 DEBUG 16416 --- [Shift Scheduler Demo] [           main] org.hibernate.SQL                        : delete from shift_assignments where id=?
Hibernate: delete from shift_assignments where id=?
2025-10-25T10:10:40.485+09:00 DEBUG 16416 --- [Shift Scheduler Demo] [           main] org.hibernate.SQL                        : delete from shift_assignments where id=?
Hibernate: delete from shift_assignments where id=?
2025-10-25T10:10:40.485+09:00 DEBUG 16416 --- [Shift Scheduler Demo] [           main] org.hibernate.SQL                        : delete from shift_assignments where id=?
Hibernate: delete from shift_assignments where id=?
2025-10-25T10:10:40.485+09:00 DEBUG 16416 --- [Shift Scheduler Demo] [           main] org.hibernate.SQL                        : delete from shift_assignments where id=?
Hibernate: delete from shift_assignments where id=?
2025-10-25T10:10:40.485+09:00 DEBUG 16416 --- [Shift Scheduler Demo] [           main] org.hibernate.SQL                        : delete from shift_assignments where id=?
Hibernate: delete from shift_assignments where id=?
2025-10-25T10:10:40.485+09:00 DEBUG 16416 --- [Shift Scheduler Demo] [           main] org.hibernate.SQL                        : delete from shift_assignments where id=?
Hibernate: delete from shift_assignments where id=?
2025-10-25T10:10:40.486+09:00 DEBUG 16416 --- [Shift Scheduler Demo] [           main] org.hibernate.SQL                        : delete from shift_assignments where id=?
Hibernate: delete from shift_assignments where id=?
2025-10-25T10:10:40.486+09:00 DEBUG 16416 --- [Shift Scheduler Demo] [           main] org.hibernate.SQL                        : delete from shift_assignments where id=?
Hibernate: delete from shift_assignments where id=?
2025-10-25T10:10:40.486+09:00 DEBUG 16416 --- [Shift Scheduler Demo] [           main] org.hibernate.SQL                        : delete from shift_assignments where id=?
Hibernate: delete from shift_assignments where id=?
2025-10-25T10:10:40.486+09:00 DEBUG 16416 --- [Shift Scheduler Demo] [           main] org.hibernate.SQL                        : delete from shift_assignments where id=?
Hibernate: delete from shift_assignments where id=?
2025-10-25T10:10:40.486+09:00 DEBUG 16416 --- [Shift Scheduler Demo] [           main] org.hibernate.SQL                        : delete from shift_assignments where id=?
Hibernate: delete from shift_assignments where id=?
2025-10-25T10:10:40.486+09:00 DEBUG 16416 --- [Shift Scheduler Demo] [           main] org.hibernate.SQL                        : delete from shift_assignments where id=?
Hibernate: delete from shift_assignments where id=?
2025-10-25T10:10:40.486+09:00 DEBUG 16416 --- [Shift Scheduler Demo] [           main] org.hibernate.SQL                        : delete from shift_assignments where id=?
Hibernate: delete from shift_assignments where id=?
2025-10-25T10:10:40.486+09:00 DEBUG 16416 --- [Shift Scheduler Demo] [           main] org.hibernate.SQL                        : delete from shift_assignments where id=?
Hibernate: delete from shift_assignments where id=?
2025-10-25T10:10:40.486+09:00 DEBUG 16416 --- [Shift Scheduler Demo] [           main] org.hibernate.SQL                        : delete from shift_assignments where id=?
Hibernate: delete from shift_assignments where id=?
2025-10-25T10:10:40.486+09:00 DEBUG 16416 --- [Shift Scheduler Demo] [           main] org.hibernate.SQL                        : delete from shift_assignments where id=?
Hibernate: delete from shift_assignments where id=?
2025-10-25T10:10:40.486+09:00 DEBUG 16416 --- [Shift Scheduler Demo] [           main] org.hibernate.SQL                        : delete from shift_assignments where id=?
Hibernate: delete from shift_assignments where id=?
2025-10-25T10:10:40.487+09:00 DEBUG 16416 --- [Shift Scheduler Demo] [           main] org.hibernate.SQL                        : delete from shift_assignments where id=?
Hibernate: delete from shift_assignments where id=?
2025-10-25T10:10:40.487+09:00 DEBUG 16416 --- [Shift Scheduler Demo] [           main] org.hibernate.SQL                        : delete from shift_assignments where id=?
Hibernate: delete from shift_assignments where id=?
2025-10-25T10:10:40.487+09:00 DEBUG 16416 --- [Shift Scheduler Demo] [           main] org.hibernate.SQL                        : delete from shift_assignments where id=?
Hibernate: delete from shift_assignments where id=?
2025-10-25T10:10:40.487+09:00 DEBUG 16416 --- [Shift Scheduler Demo] [           main] org.hibernate.SQL                        : delete from shift_assignments where id=?
Hibernate: delete from shift_assignments where id=?
2025-10-25T10:10:40.487+09:00 DEBUG 16416 --- [Shift Scheduler Demo] [           main] org.hibernate.SQL                        : delete from shift_assignments where id=?
Hibernate: delete from shift_assignments where id=?
2025-10-25T10:10:40.487+09:00 DEBUG 16416 --- [Shift Scheduler Demo] [           main] org.hibernate.SQL                        : delete from shift_assignments where id=?
Hibernate: delete from shift_assignments where id=?
2025-10-25T10:10:40.487+09:00 DEBUG 16416 --- [Shift Scheduler Demo] [           main] org.hibernate.SQL                        : delete from shift_assignments where id=?
Hibernate: delete from shift_assignments where id=?
2025-10-25T10:10:40.487+09:00 DEBUG 16416 --- [Shift Scheduler Demo] [           main] org.hibernate.SQL                        : delete from shift_assignments where id=?
Hibernate: delete from shift_assignments where id=?
2025-10-25T10:10:40.487+09:00 DEBUG 16416 --- [Shift Scheduler Demo] [           main] org.hibernate.SQL                        : delete from shift_assignments where id=?
Hibernate: delete from shift_assignments where id=?
2025-10-25T10:10:40.488+09:00 DEBUG 16416 --- [Shift Scheduler Demo] [           main] org.hibernate.SQL                        : delete from shift_assignments where id=?
Hibernate: delete from shift_assignments where id=?
2025-10-25T10:10:40.491+09:00 DEBUG 16416 --- [Shift Scheduler Demo] [           main] org.hibernate.SQL                        : delete from shift_assignments where id=?
Hibernate: delete from shift_assignments where id=?
2025-10-25T10:10:40.491+09:00 DEBUG 16416 --- [Shift Scheduler Demo] [           main] org.hibernate.SQL                        : delete from shift_assignments where id=?
Hibernate: delete from shift_assignments where id=?
2025-10-25T10:10:40.491+09:00 DEBUG 16416 --- [Shift Scheduler Demo] [           main] org.hibernate.SQL                        : delete from shift_assignments where id=?
Hibernate: delete from shift_assignments where id=?
2025-10-25T10:10:40.493+09:00 DEBUG 16416 --- [Shift Scheduler Demo] [           main] org.hibernate.SQL                        : delete from shift_assignments where id=?
Hibernate: delete from shift_assignments where id=?
2025-10-25T10:10:40.493+09:00 DEBUG 16416 --- [Shift Scheduler Demo] [           main] org.hibernate.SQL                        : delete from shift_assignments where id=?
Hibernate: delete from shift_assignments where id=?
2025-10-25T10:10:40.493+09:00 DEBUG 16416 --- [Shift Scheduler Demo] [           main] org.hibernate.SQL                        : delete from shift_assignments where id=?
Hibernate: delete from shift_assignments where id=?
2025-10-25T10:10:40.493+09:00 DEBUG 16416 --- [Shift Scheduler Demo] [           main] org.hibernate.SQL                        : delete from shift_assignments where id=?
Hibernate: delete from shift_assignments where id=?
2025-10-25T10:10:40.493+09:00 DEBUG 16416 --- [Shift Scheduler Demo] [           main] org.hibernate.SQL                        : delete from shift_assignments where id=?
Hibernate: delete from shift_assignments where id=?
2025-10-25T10:10:40.493+09:00 DEBUG 16416 --- [Shift Scheduler Demo] [           main] org.hibernate.SQL                        : delete from shift_assignments where id=?
Hibernate: delete from shift_assignments where id=?
2025-10-25T10:10:40.493+09:00 DEBUG 16416 --- [Shift Scheduler Demo] [           main] org.hibernate.SQL                        : delete from shift_assignments where id=?
Hibernate: delete from shift_assignments where id=?
2025-10-25T10:10:40.493+09:00 DEBUG 16416 --- [Shift Scheduler Demo] [           main] org.hibernate.SQL                        : delete from shift_assignments where id=?
Hibernate: delete from shift_assignments where id=?
2025-10-25T10:10:40.493+09:00 DEBUG 16416 --- [Shift Scheduler Demo] [           main] org.hibernate.SQL                        : delete from shift_assignments where id=?
Hibernate: delete from shift_assignments where id=?
2025-10-25T10:10:40.493+09:00 DEBUG 16416 --- [Shift Scheduler Demo] [           main] org.hibernate.SQL                        : delete from shift_assignments where id=?
Hibernate: delete from shift_assignments where id=?
2025-10-25T10:10:40.493+09:00 DEBUG 16416 --- [Shift Scheduler Demo] [           main] org.hibernate.SQL                        : delete from shift_assignments where id=?
Hibernate: delete from shift_assignments where id=?
2025-10-25T10:10:40.493+09:00 DEBUG 16416 --- [Shift Scheduler Demo] [           main] org.hibernate.SQL                        : delete from shift_assignments where id=?
Hibernate: delete from shift_assignments where id=?
2025-10-25T10:10:40.493+09:00 DEBUG 16416 --- [Shift Scheduler Demo] [           main] org.hibernate.SQL                        : delete from shift_assignments where id=?
Hibernate: delete from shift_assignments where id=?
2025-10-25T10:10:40.495+09:00 DEBUG 16416 --- [Shift Scheduler Demo] [           main] org.hibernate.SQL                        : delete from shift_assignments where id=?
Hibernate: delete from shift_assignments where id=?
2025-10-25T10:10:40.495+09:00 DEBUG 16416 --- [Shift Scheduler Demo] [           main] org.hibernate.SQL                        : delete from shift_assignments where id=?
Hibernate: delete from shift_assignments where id=?
2025-10-25T10:10:40.495+09:00 DEBUG 16416 --- [Shift Scheduler Demo] [           main] org.hibernate.SQL                        : delete from shift_assignments where id=?
Hibernate: delete from shift_assignments where id=?
2025-10-25T10:10:40.495+09:00 DEBUG 16416 --- [Shift Scheduler Demo] [           main] org.hibernate.SQL                        : delete from shift_assignments where id=?
Hibernate: delete from shift_assignments where id=?
2025-10-25T10:10:40.495+09:00 DEBUG 16416 --- [Shift Scheduler Demo] [           main] org.hibernate.SQL                        : delete from shift_assignments where id=?
Hibernate: delete from shift_assignments where id=?
2025-10-25T10:10:40.495+09:00 DEBUG 16416 --- [Shift Scheduler Demo] [           main] org.hibernate.SQL                        : delete from shift_assignments where id=?
Hibernate: delete from shift_assignments where id=?
2025-10-25T10:10:40.495+09:00 DEBUG 16416 --- [Shift Scheduler Demo] [           main] org.hibernate.SQL                        : delete from shift_assignments where id=?
Hibernate: delete from shift_assignments where id=?
2025-10-25T10:10:40.495+09:00 DEBUG 16416 --- [Shift Scheduler Demo] [           main] org.hibernate.SQL                        : delete from shift_assignments where id=?
Hibernate: delete from shift_assignments where id=?
2025-10-25T10:10:40.495+09:00 DEBUG 16416 --- [Shift Scheduler Demo] [           main] org.hibernate.SQL                        : delete from shift_assignments where id=?
Hibernate: delete from shift_assignments where id=?
2025-10-25T10:10:40.495+09:00 DEBUG 16416 --- [Shift Scheduler Demo] [           main] org.hibernate.SQL                        : delete from shift_assignments where id=?
Hibernate: delete from shift_assignments where id=?
2025-10-25T10:10:40.495+09:00 DEBUG 16416 --- [Shift Scheduler Demo] [           main] org.hibernate.SQL                        : delete from shift_assignments where id=?
Hibernate: delete from shift_assignments where id=?
2025-10-25T10:10:40.495+09:00 DEBUG 16416 --- [Shift Scheduler Demo] [           main] org.hibernate.SQL                        : delete from shift_assignments where id=?
Hibernate: delete from shift_assignments where id=?
2025-10-25T10:10:40.495+09:00 DEBUG 16416 --- [Shift Scheduler Demo] [           main] org.hibernate.SQL                        : delete from shift_assignments where id=?
Hibernate: delete from shift_assignments where id=?
2025-10-25T10:10:40.497+09:00 DEBUG 16416 --- [Shift Scheduler Demo] [           main] org.hibernate.SQL                        : delete from shift_assignments where id=?
Hibernate: delete from shift_assignments where id=?
2025-10-25T10:10:40.497+09:00 DEBUG 16416 --- [Shift Scheduler Demo] [           main] org.hibernate.SQL                        : delete from shift_assignments where id=?
Hibernate: delete from shift_assignments where id=?
2025-10-25T10:10:40.497+09:00 DEBUG 16416 --- [Shift Scheduler Demo] [           main] org.hibernate.SQL                        : delete from shift_assignments where id=?
Hibernate: delete from shift_assignments where id=?
2025-10-25T10:10:40.497+09:00 DEBUG 16416 --- [Shift Scheduler Demo] [           main] org.hibernate.SQL                        : delete from shift_assignments where id=?
Hibernate: delete from shift_assignments where id=?
2025-10-25T10:10:40.497+09:00 DEBUG 16416 --- [Shift Scheduler Demo] [           main] org.hibernate.SQL                        : delete from shift_assignments where id=?
Hibernate: delete from shift_assignments where id=?
2025-10-25T10:10:40.498+09:00 DEBUG 16416 --- [Shift Scheduler Demo] [           main] org.hibernate.SQL                        : delete from shift_assignments where id=?
Hibernate: delete from shift_assignments where id=?
2025-10-25T10:10:40.498+09:00 DEBUG 16416 --- [Shift Scheduler Demo] [           main] org.hibernate.SQL                        : delete from shift_assignments where id=?
Hibernate: delete from shift_assignments where id=?
2025-10-25T10:10:40.498+09:00 DEBUG 16416 --- [Shift Scheduler Demo] [           main] org.hibernate.SQL                        : delete from shift_assignments where id=?
Hibernate: delete from shift_assignments where id=?
2025-10-25T10:10:40.498+09:00 DEBUG 16416 --- [Shift Scheduler Demo] [           main] org.hibernate.SQL                        : delete from shift_assignments where id=?
Hibernate: delete from shift_assignments where id=?
2025-10-25T10:10:40.499+09:00 DEBUG 16416 --- [Shift Scheduler Demo] [           main] org.hibernate.SQL                        : delete from shift_assignments where id=?
Hibernate: delete from shift_assignments where id=?
2025-10-25T10:10:40.499+09:00 DEBUG 16416 --- [Shift Scheduler Demo] [           main] org.hibernate.SQL                        : delete from shift_assignments where id=?
Hibernate: delete from shift_assignments where id=?
2025-10-25T10:10:40.499+09:00 DEBUG 16416 --- [Shift Scheduler Demo] [           main] org.hibernate.SQL                        : delete from shift_assignments where id=?
Hibernate: delete from shift_assignments where id=?
2025-10-25T10:10:40.499+09:00 DEBUG 16416 --- [Shift Scheduler Demo] [           main] org.hibernate.SQL                        : delete from shift_assignments where id=?
Hibernate: delete from shift_assignments where id=?
2025-10-25T10:10:40.499+09:00 DEBUG 16416 --- [Shift Scheduler Demo] [           main] org.hibernate.SQL                        : delete from shift_assignments where id=?
Hibernate: delete from shift_assignments where id=?
2025-10-25T10:10:40.499+09:00 DEBUG 16416 --- [Shift Scheduler Demo] [           main] org.hibernate.SQL                        : delete from shift_assignments where id=?
Hibernate: delete from shift_assignments where id=?
2025-10-25T10:10:40.499+09:00 DEBUG 16416 --- [Shift Scheduler Demo] [           main] org.hibernate.SQL                        : delete from shift_assignments where id=?
Hibernate: delete from shift_assignments where id=?
2025-10-25T10:10:40.499+09:00 DEBUG 16416 --- [Shift Scheduler Demo] [           main] org.hibernate.SQL                        : delete from shift_assignments where id=?
Hibernate: delete from shift_assignments where id=?
2025-10-25T10:10:40.499+09:00 DEBUG 16416 --- [Shift Scheduler Demo] [           main] org.hibernate.SQL                        : delete from shift_assignments where id=?
Hibernate: delete from shift_assignments where id=?
2025-10-25T10:10:40.499+09:00 DEBUG 16416 --- [Shift Scheduler Demo] [           main] org.hibernate.SQL                        : delete from shift_assignments where id=?
Hibernate: delete from shift_assignments where id=?
2025-10-25T10:10:40.499+09:00 DEBUG 16416 --- [Shift Scheduler Demo] [           main] org.hibernate.SQL                        : delete from shift_assignments where id=?
Hibernate: delete from shift_assignments where id=?
2025-10-25T10:10:40.500+09:00 DEBUG 16416 --- [Shift Scheduler Demo] [           main] org.hibernate.SQL                        : delete from shift_assignments where id=?
Hibernate: delete from shift_assignments where id=?
2025-10-25T10:10:40.500+09:00 DEBUG 16416 --- [Shift Scheduler Demo] [           main] org.hibernate.SQL                        : delete from shift_assignments where id=?
Hibernate: delete from shift_assignments where id=?
2025-10-25T10:10:40.500+09:00 DEBUG 16416 --- [Shift Scheduler Demo] [           main] org.hibernate.SQL                        : delete from shift_assignments where id=?
Hibernate: delete from shift_assignments where id=?
2025-10-25T10:10:40.500+09:00 DEBUG 16416 --- [Shift Scheduler Demo] [           main] org.hibernate.SQL                        : delete from shift_assignments where id=?
Hibernate: delete from shift_assignments where id=?
2025-10-25T10:10:40.500+09:00 DEBUG 16416 --- [Shift Scheduler Demo] [           main] org.hibernate.SQL                        : delete from shift_assignments where id=?
Hibernate: delete from shift_assignments where id=?
2025-10-25T10:10:40.500+09:00 DEBUG 16416 --- [Shift Scheduler Demo] [           main] org.hibernate.SQL                        : delete from shift_assignments where id=?
Hibernate: delete from shift_assignments where id=?
2025-10-25T10:10:40.500+09:00 DEBUG 16416 --- [Shift Scheduler Demo] [           main] org.hibernate.SQL                        : delete from shift_assignments where id=?
Hibernate: delete from shift_assignments where id=?
2025-10-25T10:10:40.500+09:00 DEBUG 16416 --- [Shift Scheduler Demo] [           main] org.hibernate.SQL                        : delete from shift_assignments where id=?
Hibernate: delete from shift_assignments where id=?
2025-10-25T10:10:40.500+09:00 DEBUG 16416 --- [Shift Scheduler Demo] [           main] org.hibernate.SQL                        : delete from shift_assignments where id=?
Hibernate: delete from shift_assignments where id=?
2025-10-25T10:10:40.501+09:00 DEBUG 16416 --- [Shift Scheduler Demo] [           main] org.hibernate.SQL                        : delete from shift_assignments where id=?
Hibernate: delete from shift_assignments where id=?
2025-10-25T10:10:40.501+09:00 DEBUG 16416 --- [Shift Scheduler Demo] [           main] org.hibernate.SQL                        : delete from shift_assignments where id=?
Hibernate: delete from shift_assignments where id=?
2025-10-25T10:10:40.502+09:00 DEBUG 16416 --- [Shift Scheduler Demo] [           main] org.hibernate.SQL                        : delete from shift_assignments where id=?
Hibernate: delete from shift_assignments where id=?
2025-10-25T10:10:40.502+09:00 DEBUG 16416 --- [Shift Scheduler Demo] [           main] org.hibernate.SQL                        : delete from shift_assignments where id=?
Hibernate: delete from shift_assignments where id=?
2025-10-25T10:10:40.502+09:00 DEBUG 16416 --- [Shift Scheduler Demo] [           main] org.hibernate.SQL                        : delete from shift_assignments where id=?
Hibernate: delete from shift_assignments where id=?
2025-10-25T10:10:40.502+09:00 DEBUG 16416 --- [Shift Scheduler Demo] [           main] org.hibernate.SQL                        : delete from shift_assignments where id=?
Hibernate: delete from shift_assignments where id=?
2025-10-25T10:10:40.502+09:00 DEBUG 16416 --- [Shift Scheduler Demo] [           main] org.hibernate.SQL                        : delete from shift_assignments where id=?
Hibernate: delete from shift_assignments where id=?
2025-10-25T10:10:40.502+09:00 DEBUG 16416 --- [Shift Scheduler Demo] [           main] org.hibernate.SQL                        : delete from shift_assignments where id=?
Hibernate: delete from shift_assignments where id=?
2025-10-25T10:10:40.502+09:00 DEBUG 16416 --- [Shift Scheduler Demo] [           main] org.hibernate.SQL                        : delete from shift_assignments where id=?
Hibernate: delete from shift_assignments where id=?
2025-10-25T10:10:40.503+09:00 DEBUG 16416 --- [Shift Scheduler Demo] [           main] org.hibernate.SQL                        : delete from shift_assignments where id=?
Hibernate: delete from shift_assignments where id=?
2025-10-25T10:10:40.503+09:00 DEBUG 16416 --- [Shift Scheduler Demo] [           main] org.hibernate.SQL                        : delete from shift_assignments where id=?
Hibernate: delete from shift_assignments where id=?
2025-10-25T10:10:40.503+09:00 DEBUG 16416 --- [Shift Scheduler Demo] [           main] org.hibernate.SQL                        : delete from shift_assignments where id=?
Hibernate: delete from shift_assignments where id=?
2025-10-25T10:10:40.503+09:00 DEBUG 16416 --- [Shift Scheduler Demo] [           main] org.hibernate.SQL                        : delete from shift_assignments where id=?
Hibernate: delete from shift_assignments where id=?
2025-10-25T10:10:40.503+09:00 DEBUG 16416 --- [Shift Scheduler Demo] [           main] org.hibernate.SQL                        : delete from shift_assignments where id=?
Hibernate: delete from shift_assignments where id=?
2025-10-25T10:10:40.503+09:00 DEBUG 16416 --- [Shift Scheduler Demo] [           main] org.hibernate.SQL                        : delete from shift_assignments where id=?
Hibernate: delete from shift_assignments where id=?
2025-10-25T10:10:40.503+09:00 DEBUG 16416 --- [Shift Scheduler Demo] [           main] org.hibernate.SQL                        : delete from shift_assignments where id=?
Hibernate: delete from shift_assignments where id=?
2025-10-25T10:10:40.503+09:00 DEBUG 16416 --- [Shift Scheduler Demo] [           main] org.hibernate.SQL                        : delete from shift_assignments where id=?
Hibernate: delete from shift_assignments where id=?
2025-10-25T10:10:40.503+09:00 DEBUG 16416 --- [Shift Scheduler Demo] [           main] org.hibernate.SQL                        : delete from shift_assignments where id=?
Hibernate: delete from shift_assignments where id=?
2025-10-25T10:10:40.503+09:00 DEBUG 16416 --- [Shift Scheduler Demo] [           main] org.hibernate.SQL                        : delete from shift_assignments where id=?
Hibernate: delete from shift_assignments where id=?
2025-10-25T10:10:40.503+09:00 DEBUG 16416 --- [Shift Scheduler Demo] [           main] org.hibernate.SQL                        : delete from shift_assignments where id=?
Hibernate: delete from shift_assignments where id=?
2025-10-25T10:10:40.503+09:00 DEBUG 16416 --- [Shift Scheduler Demo] [           main] org.hibernate.SQL                        : delete from shift_assignments where id=?
Hibernate: delete from shift_assignments where id=?
2025-10-25T10:10:40.504+09:00 DEBUG 16416 --- [Shift Scheduler Demo] [           main] org.hibernate.SQL                        : delete from shift_assignments where id=?
Hibernate: delete from shift_assignments where id=?
2025-10-25T10:10:40.505+09:00 DEBUG 16416 --- [Shift Scheduler Demo] [           main] org.hibernate.SQL                        : delete from shift_assignments where id=?
Hibernate: delete from shift_assignments where id=?
2025-10-25T10:10:40.505+09:00 DEBUG 16416 --- [Shift Scheduler Demo] [           main] org.hibernate.SQL                        : delete from shift_assignments where id=?
Hibernate: delete from shift_assignments where id=?
2025-10-25T10:10:40.505+09:00 DEBUG 16416 --- [Shift Scheduler Demo] [           main] org.hibernate.SQL                        : delete from shift_assignments where id=?
Hibernate: delete from shift_assignments where id=?
2025-10-25T10:10:40.505+09:00 DEBUG 16416 --- [Shift Scheduler Demo] [           main] org.hibernate.SQL                        : delete from shift_assignments where id=?
Hibernate: delete from shift_assignments where id=?
2025-10-25T10:10:40.505+09:00 DEBUG 16416 --- [Shift Scheduler Demo] [           main] org.hibernate.SQL                        : delete from shift_assignments where id=?
Hibernate: delete from shift_assignments where id=?
2025-10-25T10:10:40.505+09:00 DEBUG 16416 --- [Shift Scheduler Demo] [           main] org.hibernate.SQL                        : delete from shift_assignments where id=?
Hibernate: delete from shift_assignments where id=?
2025-10-25T10:10:40.506+09:00 DEBUG 16416 --- [Shift Scheduler Demo] [           main] org.hibernate.SQL                        : delete from shift_assignments where id=?
Hibernate: delete from shift_assignments where id=?
2025-10-25T10:10:40.506+09:00 DEBUG 16416 --- [Shift Scheduler Demo] [           main] org.hibernate.SQL                        : delete from shift_assignments where id=?
Hibernate: delete from shift_assignments where id=?
2025-10-25T10:10:40.506+09:00 DEBUG 16416 --- [Shift Scheduler Demo] [           main] org.hibernate.SQL                        : delete from shift_assignments where id=?
Hibernate: delete from shift_assignments where id=?
2025-10-25T10:10:40.506+09:00 DEBUG 16416 --- [Shift Scheduler Demo] [           main] org.hibernate.SQL                        : delete from shift_assignments where id=?
Hibernate: delete from shift_assignments where id=?
2025-10-25T10:10:40.506+09:00 DEBUG 16416 --- [Shift Scheduler Demo] [           main] org.hibernate.SQL                        : delete from shift_assignments where id=?
Hibernate: delete from shift_assignments where id=?
2025-10-25T10:10:40.506+09:00 DEBUG 16416 --- [Shift Scheduler Demo] [           main] org.hibernate.SQL                        : delete from shift_assignments where id=?
Hibernate: delete from shift_assignments where id=?
2025-10-25T10:10:40.506+09:00 DEBUG 16416 --- [Shift Scheduler Demo] [           main] org.hibernate.SQL                        : delete from shift_assignments where id=?
Hibernate: delete from shift_assignments where id=?
2025-10-25T10:10:40.506+09:00 DEBUG 16416 --- [Shift Scheduler Demo] [           main] org.hibernate.SQL                        : delete from shift_assignments where id=?
Hibernate: delete from shift_assignments where id=?
2025-10-25T10:10:40.506+09:00 DEBUG 16416 --- [Shift Scheduler Demo] [           main] org.hibernate.SQL                        : delete from shift_assignments where id=?
Hibernate: delete from shift_assignments where id=?
2025-10-25T10:10:40.506+09:00 DEBUG 16416 --- [Shift Scheduler Demo] [           main] org.hibernate.SQL                        : delete from shift_assignments where id=?
Hibernate: delete from shift_assignments where id=?
2025-10-25T10:10:40.506+09:00 DEBUG 16416 --- [Shift Scheduler Demo] [           main] org.hibernate.SQL                        : delete from shift_assignments where id=?
Hibernate: delete from shift_assignments where id=?
2025-10-25T10:10:40.506+09:00 DEBUG 16416 --- [Shift Scheduler Demo] [           main] org.hibernate.SQL                        : delete from shift_assignments where id=?
Hibernate: delete from shift_assignments where id=?
2025-10-25T10:10:40.506+09:00 DEBUG 16416 --- [Shift Scheduler Demo] [           main] org.hibernate.SQL                        : delete from shift_assignments where id=?
Hibernate: delete from shift_assignments where id=?
2025-10-25T10:10:40.507+09:00 DEBUG 16416 --- [Shift Scheduler Demo] [           main] org.hibernate.SQL                        : delete from shift_assignments where id=?
Hibernate: delete from shift_assignments where id=?
2025-10-25T10:10:40.507+09:00 DEBUG 16416 --- [Shift Scheduler Demo] [           main] org.hibernate.SQL                        : delete from shift_assignments where id=?
Hibernate: delete from shift_assignments where id=?
2025-10-25T10:10:40.507+09:00 DEBUG 16416 --- [Shift Scheduler Demo] [           main] org.hibernate.SQL                        : delete from shift_assignments where id=?
Hibernate: delete from shift_assignments where id=?
2025-10-25T10:10:40.507+09:00 DEBUG 16416 --- [Shift Scheduler Demo] [           main] org.hibernate.SQL                        : delete from shift_assignments where id=?
Hibernate: delete from shift_assignments where id=?
2025-10-25T10:10:40.507+09:00 DEBUG 16416 --- [Shift Scheduler Demo] [           main] org.hibernate.SQL                        : delete from shift_assignments where id=?
Hibernate: delete from shift_assignments where id=?
2025-10-25T10:10:40.507+09:00 DEBUG 16416 --- [Shift Scheduler Demo] [           main] org.hibernate.SQL                        : delete from shift_assignments where id=?
Hibernate: delete from shift_assignments where id=?
2025-10-25T10:10:40.507+09:00 DEBUG 16416 --- [Shift Scheduler Demo] [           main] org.hibernate.SQL                        : delete from shift_assignments where id=?
Hibernate: delete from shift_assignments where id=?
2025-10-25T10:10:40.507+09:00 DEBUG 16416 --- [Shift Scheduler Demo] [           main] org.hibernate.SQL                        : delete from shift_assignments where id=?
Hibernate: delete from shift_assignments where id=?
2025-10-25T10:10:40.507+09:00 DEBUG 16416 --- [Shift Scheduler Demo] [           main] org.hibernate.SQL                        : delete from shift_assignments where id=?
Hibernate: delete from shift_assignments where id=?
2025-10-25T10:10:40.508+09:00 DEBUG 16416 --- [Shift Scheduler Demo] [           main] org.hibernate.SQL                        : delete from shift_assignments where id=?
Hibernate: delete from shift_assignments where id=?
2025-10-25T10:10:40.508+09:00 DEBUG 16416 --- [Shift Scheduler Demo] [           main] org.hibernate.SQL                        : delete from shift_assignments where id=?
Hibernate: delete from shift_assignments where id=?
2025-10-25T10:10:40.508+09:00 DEBUG 16416 --- [Shift Scheduler Demo] [           main] org.hibernate.SQL                        : delete from shift_assignments where id=?
Hibernate: delete from shift_assignments where id=?
2025-10-25T10:10:40.508+09:00 DEBUG 16416 --- [Shift Scheduler Demo] [           main] org.hibernate.SQL                        : delete from shift_assignments where id=?
Hibernate: delete from shift_assignments where id=?
2025-10-25T10:10:40.508+09:00 DEBUG 16416 --- [Shift Scheduler Demo] [           main] org.hibernate.SQL                        : delete from shift_assignments where id=?
Hibernate: delete from shift_assignments where id=?
2025-10-25T10:10:40.509+09:00 DEBUG 16416 --- [Shift Scheduler Demo] [           main] org.hibernate.SQL                        : delete from shift_assignments where id=?
Hibernate: delete from shift_assignments where id=?
2025-10-25T10:10:40.509+09:00 DEBUG 16416 --- [Shift Scheduler Demo] [           main] org.hibernate.SQL                        : delete from shift_assignments where id=?
Hibernate: delete from shift_assignments where id=?
2025-10-25T10:10:40.509+09:00 DEBUG 16416 --- [Shift Scheduler Demo] [           main] org.hibernate.SQL                        : delete from shift_assignments where id=?
Hibernate: delete from shift_assignments where id=?
2025-10-25T10:10:40.510+09:00 DEBUG 16416 --- [Shift Scheduler Demo] [           main] org.hibernate.SQL                        : delete from shift_assignments where id=?
Hibernate: delete from shift_assignments where id=?
2025-10-25T10:10:40.510+09:00 DEBUG 16416 --- [Shift Scheduler Demo] [           main] org.hibernate.SQL                        : delete from shift_assignments where id=?
Hibernate: delete from shift_assignments where id=?
2025-10-25T10:10:40.510+09:00 DEBUG 16416 --- [Shift Scheduler Demo] [           main] org.hibernate.SQL                        : delete from shift_assignments where id=?
Hibernate: delete from shift_assignments where id=?
2025-10-25T10:10:40.510+09:00 DEBUG 16416 --- [Shift Scheduler Demo] [           main] org.hibernate.SQL                        : delete from shift_assignments where id=?
Hibernate: delete from shift_assignments where id=?
2025-10-25T10:10:40.510+09:00 DEBUG 16416 --- [Shift Scheduler Demo] [           main] org.hibernate.SQL                        : delete from shift_assignments where id=?
Hibernate: delete from shift_assignments where id=?
2025-10-25T10:10:40.512+09:00 DEBUG 16416 --- [Shift Scheduler Demo] [           main] org.hibernate.SQL                        : delete from shift_assignments where id=?
Hibernate: delete from shift_assignments where id=?
2025-10-25T10:10:40.512+09:00 DEBUG 16416 --- [Shift Scheduler Demo] [           main] org.hibernate.SQL                        : delete from shift_assignments where id=?
Hibernate: delete from shift_assignments where id=?
2025-10-25T10:10:40.512+09:00 DEBUG 16416 --- [Shift Scheduler Demo] [           main] org.hibernate.SQL                        : delete from shift_assignments where id=?
Hibernate: delete from shift_assignments where id=?
2025-10-25T10:10:40.512+09:00 DEBUG 16416 --- [Shift Scheduler Demo] [           main] org.hibernate.SQL                        : delete from shift_assignments where id=?
Hibernate: delete from shift_assignments where id=?
2025-10-25T10:10:40.512+09:00 DEBUG 16416 --- [Shift Scheduler Demo] [           main] org.hibernate.SQL                        : delete from shift_assignments where id=?
Hibernate: delete from shift_assignments where id=?
2025-10-25T10:10:40.512+09:00 DEBUG 16416 --- [Shift Scheduler Demo] [           main] org.hibernate.SQL                        : delete from shift_assignments where id=?
Hibernate: delete from shift_assignments where id=?
2025-10-25T10:10:40.512+09:00 DEBUG 16416 --- [Shift Scheduler Demo] [           main] org.hibernate.SQL                        : delete from shift_assignments where id=?
Hibernate: delete from shift_assignments where id=?
2025-10-25T10:10:40.512+09:00 DEBUG 16416 --- [Shift Scheduler Demo] [           main] org.hibernate.SQL                        : delete from shift_assignments where id=?
Hibernate: delete from shift_assignments where id=?
2025-10-25T10:10:40.514+09:00 DEBUG 16416 --- [Shift Scheduler Demo] [           main] org.hibernate.SQL                        : delete from shift_assignments where id=?
Hibernate: delete from shift_assignments where id=?
2025-10-25T10:10:40.514+09:00 DEBUG 16416 --- [Shift Scheduler Demo] [           main] org.hibernate.SQL                        : delete from shift_assignments where id=?
Hibernate: delete from shift_assignments where id=?
2025-10-25T10:10:40.514+09:00 DEBUG 16416 --- [Shift Scheduler Demo] [           main] org.hibernate.SQL                        : delete from shift_assignments where id=?
Hibernate: delete from shift_assignments where id=?
2025-10-25T10:10:40.514+09:00 DEBUG 16416 --- [Shift Scheduler Demo] [           main] org.hibernate.SQL                        : delete from shift_assignments where id=?
Hibernate: delete from shift_assignments where id=?
2025-10-25T10:10:40.514+09:00 DEBUG 16416 --- [Shift Scheduler Demo] [           main] org.hibernate.SQL                        : delete from shift_assignments where id=?
Hibernate: delete from shift_assignments where id=?
2025-10-25T10:10:40.514+09:00 DEBUG 16416 --- [Shift Scheduler Demo] [           main] org.hibernate.SQL                        : delete from shift_assignments where id=?
Hibernate: delete from shift_assignments where id=?
2025-10-25T10:10:40.514+09:00 DEBUG 16416 --- [Shift Scheduler Demo] [           main] org.hibernate.SQL                        : delete from shift_assignments where id=?
Hibernate: delete from shift_assignments where id=?
2025-10-25T10:10:40.514+09:00 DEBUG 16416 --- [Shift Scheduler Demo] [           main] org.hibernate.SQL                        : delete from shift_assignments where id=?
Hibernate: delete from shift_assignments where id=?
2025-10-25T10:10:40.514+09:00 DEBUG 16416 --- [Shift Scheduler Demo] [           main] org.hibernate.SQL                        : delete from shift_assignments where id=?
Hibernate: delete from shift_assignments where id=?
2025-10-25T10:10:40.514+09:00 DEBUG 16416 --- [Shift Scheduler Demo] [           main] org.hibernate.SQL                        : delete from shift_assignments where id=?
Hibernate: delete from shift_assignments where id=?
2025-10-25T10:10:40.514+09:00 DEBUG 16416 --- [Shift Scheduler Demo] [           main] org.hibernate.SQL                        : delete from shift_assignments where id=?
Hibernate: delete from shift_assignments where id=?
2025-10-25T10:10:40.514+09:00 DEBUG 16416 --- [Shift Scheduler Demo] [           main] org.hibernate.SQL                        : delete from shift_assignments where id=?
Hibernate: delete from shift_assignments where id=?
2025-10-25T10:10:40.514+09:00 DEBUG 16416 --- [Shift Scheduler Demo] [           main] org.hibernate.SQL                        : delete from shift_assignments where id=?
Hibernate: delete from shift_assignments where id=?
2025-10-25T10:10:40.514+09:00 DEBUG 16416 --- [Shift Scheduler Demo] [           main] org.hibernate.SQL                        : delete from shift_assignments where id=?
Hibernate: delete from shift_assignments where id=?
2025-10-25T10:10:40.515+09:00 DEBUG 16416 --- [Shift Scheduler Demo] [           main] org.hibernate.SQL                        : delete from shift_assignments where id=?
Hibernate: delete from shift_assignments where id=?
2025-10-25T10:10:40.515+09:00 DEBUG 16416 --- [Shift Scheduler Demo] [           main] org.hibernate.SQL                        : delete from shift_assignments where id=?
Hibernate: delete from shift_assignments where id=?
2025-10-25T10:10:40.515+09:00 DEBUG 16416 --- [Shift Scheduler Demo] [           main] org.hibernate.SQL                        : delete from shift_assignments where id=?
Hibernate: delete from shift_assignments where id=?
2025-10-25T10:10:40.515+09:00 DEBUG 16416 --- [Shift Scheduler Demo] [           main] org.hibernate.SQL                        : delete from shift_assignments where id=?
Hibernate: delete from shift_assignments where id=?
2025-10-25T10:10:40.515+09:00 DEBUG 16416 --- [Shift Scheduler Demo] [           main] org.hibernate.SQL                        : delete from shift_assignments where id=?
Hibernate: delete from shift_assignments where id=?
2025-10-25T10:10:40.515+09:00 DEBUG 16416 --- [Shift Scheduler Demo] [           main] org.hibernate.SQL                        : delete from shift_assignments where id=?
Hibernate: delete from shift_assignments where id=?
2025-10-25T10:10:40.515+09:00 DEBUG 16416 --- [Shift Scheduler Demo] [           main] org.hibernate.SQL                        : delete from shift_assignments where id=?
Hibernate: delete from shift_assignments where id=?
2025-10-25T10:10:40.515+09:00 DEBUG 16416 --- [Shift Scheduler Demo] [           main] org.hibernate.SQL                        : delete from shift_assignments where id=?
Hibernate: delete from shift_assignments where id=?
2025-10-25T10:10:40.515+09:00 DEBUG 16416 --- [Shift Scheduler Demo] [           main] org.hibernate.SQL                        : delete from shift_assignments where id=?
Hibernate: delete from shift_assignments where id=?
2025-10-25T10:10:40.515+09:00 DEBUG 16416 --- [Shift Scheduler Demo] [           main] org.hibernate.SQL                        : delete from shift_assignments where id=?
Hibernate: delete from shift_assignments where id=?
2025-10-25T10:10:40.515+09:00 DEBUG 16416 --- [Shift Scheduler Demo] [           main] org.hibernate.SQL                        : delete from shift_assignments where id=?
Hibernate: delete from shift_assignments where id=?
2025-10-25T10:10:40.517+09:00 DEBUG 16416 --- [Shift Scheduler Demo] [           main] org.hibernate.SQL                        : delete from shift_assignments where id=?
Hibernate: delete from shift_assignments where id=?
2025-10-25T10:10:40.517+09:00 DEBUG 16416 --- [Shift Scheduler Demo] [           main] org.hibernate.SQL                        : delete from shift_assignments where id=?
Hibernate: delete from shift_assignments where id=?
2025-10-25T10:10:40.517+09:00 DEBUG 16416 --- [Shift Scheduler Demo] [           main] org.hibernate.SQL                        : delete from shift_assignments where id=?
Hibernate: delete from shift_assignments where id=?
2025-10-25T10:10:40.517+09:00 DEBUG 16416 --- [Shift Scheduler Demo] [           main] org.hibernate.SQL                        : delete from shift_assignments where id=?
Hibernate: delete from shift_assignments where id=?
2025-10-25T10:10:40.517+09:00 DEBUG 16416 --- [Shift Scheduler Demo] [           main] org.hibernate.SQL                        : delete from shift_assignments where id=?
Hibernate: delete from shift_assignments where id=?
2025-10-25T10:10:40.517+09:00 DEBUG 16416 --- [Shift Scheduler Demo] [           main] org.hibernate.SQL                        : delete from shift_assignments where id=?
Hibernate: delete from shift_assignments where id=?
2025-10-25T10:10:40.518+09:00 DEBUG 16416 --- [Shift Scheduler Demo] [           main] org.hibernate.SQL                        : delete from shift_assignments where id=?
Hibernate: delete from shift_assignments where id=?
2025-10-25T10:10:40.518+09:00 DEBUG 16416 --- [Shift Scheduler Demo] [           main] org.hibernate.SQL                        : delete from shift_assignments where id=?
Hibernate: delete from shift_assignments where id=?
2025-10-25T10:10:40.518+09:00 DEBUG 16416 --- [Shift Scheduler Demo] [           main] org.hibernate.SQL                        : delete from shift_assignments where id=?
Hibernate: delete from shift_assignments where id=?
2025-10-25T10:10:40.518+09:00 DEBUG 16416 --- [Shift Scheduler Demo] [           main] org.hibernate.SQL                        : delete from shift_assignments where id=?
Hibernate: delete from shift_assignments where id=?
2025-10-25T10:10:40.518+09:00 DEBUG 16416 --- [Shift Scheduler Demo] [           main] org.hibernate.SQL                        : delete from shift_assignments where id=?
Hibernate: delete from shift_assignments where id=?
2025-10-25T10:10:40.518+09:00 DEBUG 16416 --- [Shift Scheduler Demo] [           main] org.hibernate.SQL                        : delete from shift_assignments where id=?
Hibernate: delete from shift_assignments where id=?
2025-10-25T10:10:40.519+09:00 DEBUG 16416 --- [Shift Scheduler Demo] [           main] org.hibernate.SQL                        : delete from shift_assignments where id=?
Hibernate: delete from shift_assignments where id=?
2025-10-25T10:10:40.519+09:00 DEBUG 16416 --- [Shift Scheduler Demo] [           main] org.hibernate.SQL                        : delete from shift_assignments where id=?
Hibernate: delete from shift_assignments where id=?
2025-10-25T10:10:40.519+09:00 DEBUG 16416 --- [Shift Scheduler Demo] [           main] org.hibernate.SQL                        : delete from shift_assignments where id=?
Hibernate: delete from shift_assignments where id=?
2025-10-25T10:10:40.519+09:00 DEBUG 16416 --- [Shift Scheduler Demo] [           main] org.hibernate.SQL                        : delete from shift_assignments where id=?
Hibernate: delete from shift_assignments where id=?
2025-10-25T10:10:40.519+09:00 DEBUG 16416 --- [Shift Scheduler Demo] [           main] org.hibernate.SQL                        : delete from shift_assignments where id=?
Hibernate: delete from shift_assignments where id=?
2025-10-25T10:10:40.520+09:00 DEBUG 16416 --- [Shift Scheduler Demo] [           main] org.hibernate.SQL                        : delete from shift_assignments where id=?
Hibernate: delete from shift_assignments where id=?
2025-10-25T10:10:40.520+09:00 DEBUG 16416 --- [Shift Scheduler Demo] [           main] org.hibernate.SQL                        : delete from shift_assignments where id=?
Hibernate: delete from shift_assignments where id=?
2025-10-25T10:10:40.520+09:00 DEBUG 16416 --- [Shift Scheduler Demo] [           main] org.hibernate.SQL                        : delete from shift_assignments where id=?
Hibernate: delete from shift_assignments where id=?
2025-10-25T10:10:40.520+09:00 DEBUG 16416 --- [Shift Scheduler Demo] [           main] org.hibernate.SQL                        : delete from shift_assignments where id=?
Hibernate: delete from shift_assignments where id=?
2025-10-25T10:10:40.520+09:00 DEBUG 16416 --- [Shift Scheduler Demo] [           main] org.hibernate.SQL                        : delete from shift_assignments where id=?
Hibernate: delete from shift_assignments where id=?
2025-10-25T10:10:40.520+09:00 DEBUG 16416 --- [Shift Scheduler Demo] [           main] org.hibernate.SQL                        : delete from shift_assignments where id=?
Hibernate: delete from shift_assignments where id=?
2025-10-25T10:10:40.520+09:00 DEBUG 16416 --- [Shift Scheduler Demo] [           main] org.hibernate.SQL                        : delete from shift_assignments where id=?
Hibernate: delete from shift_assignments where id=?
2025-10-25T10:10:40.521+09:00 DEBUG 16416 --- [Shift Scheduler Demo] [           main] org.hibernate.SQL                        : delete from shift_assignments where id=?
Hibernate: delete from shift_assignments where id=?
2025-10-25T10:10:40.521+09:00 DEBUG 16416 --- [Shift Scheduler Demo] [           main] org.hibernate.SQL                        : delete from shift_assignments where id=?
Hibernate: delete from shift_assignments where id=?
2025-10-25T10:10:40.521+09:00 DEBUG 16416 --- [Shift Scheduler Demo] [           main] org.hibernate.SQL                        : delete from shift_assignments where id=?
Hibernate: delete from shift_assignments where id=?
2025-10-25T10:10:40.521+09:00 DEBUG 16416 --- [Shift Scheduler Demo] [           main] org.hibernate.SQL                        : delete from shift_assignments where id=?
Hibernate: delete from shift_assignments where id=?
2025-10-25T10:10:40.521+09:00 DEBUG 16416 --- [Shift Scheduler Demo] [           main] org.hibernate.SQL                        : delete from shift_assignments where id=?
Hibernate: delete from shift_assignments where id=?
2025-10-25T10:10:40.522+09:00 DEBUG 16416 --- [Shift Scheduler Demo] [           main] org.hibernate.SQL                        : delete from shift_assignments where id=?
Hibernate: delete from shift_assignments where id=?
2025-10-25T10:10:40.522+09:00 DEBUG 16416 --- [Shift Scheduler Demo] [           main] org.hibernate.SQL                        : delete from shift_assignments where id=?
Hibernate: delete from shift_assignments where id=?
2025-10-25T10:10:40.522+09:00 DEBUG 16416 --- [Shift Scheduler Demo] [           main] org.hibernate.SQL                        : delete from shift_assignments where id=?
Hibernate: delete from shift_assignments where id=?
2025-10-25T10:10:40.522+09:00 DEBUG 16416 --- [Shift Scheduler Demo] [           main] org.hibernate.SQL                        : delete from shift_assignments where id=?
Hibernate: delete from shift_assignments where id=?
2025-10-25T10:10:40.522+09:00 DEBUG 16416 --- [Shift Scheduler Demo] [           main] org.hibernate.SQL                        : delete from shift_assignments where id=?
Hibernate: delete from shift_assignments where id=?
2025-10-25T10:10:40.522+09:00 DEBUG 16416 --- [Shift Scheduler Demo] [           main] org.hibernate.SQL                        : delete from shift_assignments where id=?
Hibernate: delete from shift_assignments where id=?
2025-10-25T10:10:40.522+09:00 DEBUG 16416 --- [Shift Scheduler Demo] [           main] org.hibernate.SQL                        : delete from shift_assignments where id=?
Hibernate: delete from shift_assignments where id=?
2025-10-25T10:10:40.522+09:00 DEBUG 16416 --- [Shift Scheduler Demo] [           main] org.hibernate.SQL                        : delete from shift_assignments where id=?
Hibernate: delete from shift_assignments where id=?
2025-10-25T10:10:40.522+09:00 DEBUG 16416 --- [Shift Scheduler Demo] [           main] org.hibernate.SQL                        : delete from shift_assignments where id=?
Hibernate: delete from shift_assignments where id=?
2025-10-25T10:10:40.522+09:00 DEBUG 16416 --- [Shift Scheduler Demo] [           main] org.hibernate.SQL                        : delete from shift_assignments where id=?
Hibernate: delete from shift_assignments where id=?
2025-10-25T10:10:40.522+09:00 DEBUG 16416 --- [Shift Scheduler Demo] [           main] org.hibernate.SQL                        : delete from shift_assignments where id=?
Hibernate: delete from shift_assignments where id=?
2025-10-25T10:10:40.522+09:00 DEBUG 16416 --- [Shift Scheduler Demo] [           main] org.hibernate.SQL                        : delete from shift_assignments where id=?
Hibernate: delete from shift_assignments where id=?
2025-10-25T10:10:40.522+09:00 DEBUG 16416 --- [Shift Scheduler Demo] [           main] org.hibernate.SQL                        : delete from shift_assignments where id=?
Hibernate: delete from shift_assignments where id=?
2025-10-25T10:10:40.522+09:00 DEBUG 16416 --- [Shift Scheduler Demo] [           main] org.hibernate.SQL                        : delete from shift_assignments where id=?
Hibernate: delete from shift_assignments where id=?
2025-10-25T10:10:40.522+09:00 DEBUG 16416 --- [Shift Scheduler Demo] [           main] org.hibernate.SQL                        : delete from shift_assignments where id=?
Hibernate: delete from shift_assignments where id=?
2025-10-25T10:10:40.523+09:00 DEBUG 16416 --- [Shift Scheduler Demo] [           main] org.hibernate.SQL                        : delete from shift_assignments where id=?
Hibernate: delete from shift_assignments where id=?
2025-10-25T10:10:40.523+09:00 DEBUG 16416 --- [Shift Scheduler Demo] [           main] org.hibernate.SQL                        : delete from shift_assignments where id=?
Hibernate: delete from shift_assignments where id=?
2025-10-25T10:10:40.523+09:00 DEBUG 16416 --- [Shift Scheduler Demo] [           main] org.hibernate.SQL                        : delete from shift_assignments where id=?
Hibernate: delete from shift_assignments where id=?
2025-10-25T10:10:40.523+09:00 DEBUG 16416 --- [Shift Scheduler Demo] [           main] org.hibernate.SQL                        : delete from shift_assignments where id=?
Hibernate: delete from shift_assignments where id=?
2025-10-25T10:10:40.523+09:00 DEBUG 16416 --- [Shift Scheduler Demo] [           main] org.hibernate.SQL                        : delete from shift_assignments where id=?
Hibernate: delete from shift_assignments where id=?
2025-10-25T10:10:40.523+09:00 DEBUG 16416 --- [Shift Scheduler Demo] [           main] org.hibernate.SQL                        : delete from shift_assignments where id=?
Hibernate: delete from shift_assignments where id=?
2025-10-25T10:10:40.523+09:00 DEBUG 16416 --- [Shift Scheduler Demo] [           main] org.hibernate.SQL                        : delete from shift_assignments where id=?
Hibernate: delete from shift_assignments where id=?
2025-10-25T10:10:40.523+09:00 DEBUG 16416 --- [Shift Scheduler Demo] [           main] org.hibernate.SQL                        : delete from shift_assignments where id=?
Hibernate: delete from shift_assignments where id=?
2025-10-25T10:10:40.523+09:00 DEBUG 16416 --- [Shift Scheduler Demo] [           main] org.hibernate.SQL                        : delete from shift_assignments where id=?
Hibernate: delete from shift_assignments where id=?
2025-10-25T10:10:40.523+09:00 DEBUG 16416 --- [Shift Scheduler Demo] [           main] org.hibernate.SQL                        : delete from shift_assignments where id=?
Hibernate: delete from shift_assignments where id=?
2025-10-25T10:10:40.523+09:00 DEBUG 16416 --- [Shift Scheduler Demo] [           main] org.hibernate.SQL                        : delete from shift_assignments where id=?
Hibernate: delete from shift_assignments where id=?
2025-10-25T10:10:40.523+09:00 DEBUG 16416 --- [Shift Scheduler Demo] [           main] org.hibernate.SQL                        : delete from shift_assignments where id=?
Hibernate: delete from shift_assignments where id=?
2025-10-25T10:10:40.523+09:00 DEBUG 16416 --- [Shift Scheduler Demo] [           main] org.hibernate.SQL                        : delete from shift_assignments where id=?
Hibernate: delete from shift_assignments where id=?
2025-10-25T10:10:40.523+09:00 DEBUG 16416 --- [Shift Scheduler Demo] [           main] org.hibernate.SQL                        : delete from shift_assignments where id=?
Hibernate: delete from shift_assignments where id=?
2025-10-25T10:10:40.523+09:00 DEBUG 16416 --- [Shift Scheduler Demo] [           main] org.hibernate.SQL                        : delete from shift_assignments where id=?
Hibernate: delete from shift_assignments where id=?
2025-10-25T10:10:40.524+09:00 DEBUG 16416 --- [Shift Scheduler Demo] [           main] org.hibernate.SQL                        : delete from shift_assignments where id=?
Hibernate: delete from shift_assignments where id=?
2025-10-25T10:10:40.524+09:00 DEBUG 16416 --- [Shift Scheduler Demo] [           main] org.hibernate.SQL                        : delete from shift_assignments where id=?
Hibernate: delete from shift_assignments where id=?
2025-10-25T10:10:40.524+09:00 DEBUG 16416 --- [Shift Scheduler Demo] [           main] org.hibernate.SQL                        : delete from shift_assignments where id=?
Hibernate: delete from shift_assignments where id=?
2025-10-25T10:10:40.524+09:00 DEBUG 16416 --- [Shift Scheduler Demo] [           main] org.hibernate.SQL                        : delete from shift_assignments where id=?
Hibernate: delete from shift_assignments where id=?
2025-10-25T10:10:40.524+09:00 DEBUG 16416 --- [Shift Scheduler Demo] [           main] org.hibernate.SQL                        : delete from shift_assignments where id=?
Hibernate: delete from shift_assignments where id=?
2025-10-25T10:10:40.524+09:00 DEBUG 16416 --- [Shift Scheduler Demo] [           main] org.hibernate.SQL                        : delete from shift_assignments where id=?
Hibernate: delete from shift_assignments where id=?
2025-10-25T10:10:40.524+09:00 DEBUG 16416 --- [Shift Scheduler Demo] [           main] org.hibernate.SQL                        : delete from shift_assignments where id=?
Hibernate: delete from shift_assignments where id=?
2025-10-25T10:10:40.524+09:00 DEBUG 16416 --- [Shift Scheduler Demo] [           main] org.hibernate.SQL                        : delete from shift_assignments where id=?
Hibernate: delete from shift_assignments where id=?
2025-10-25T10:10:40.524+09:00 DEBUG 16416 --- [Shift Scheduler Demo] [           main] org.hibernate.SQL                        : delete from shift_assignments where id=?
Hibernate: delete from shift_assignments where id=?
2025-10-25T10:10:40.524+09:00 DEBUG 16416 --- [Shift Scheduler Demo] [           main] org.hibernate.SQL                        : delete from shift_assignments where id=?
Hibernate: delete from shift_assignments where id=?
2025-10-25T10:10:40.524+09:00 DEBUG 16416 --- [Shift Scheduler Demo] [           main] org.hibernate.SQL                        : delete from shift_assignments where id=?
Hibernate: delete from shift_assignments where id=?
2025-10-25T10:10:40.524+09:00 DEBUG 16416 --- [Shift Scheduler Demo] [           main] org.hibernate.SQL                        : delete from shift_assignments where id=?
Hibernate: delete from shift_assignments where id=?
2025-10-25T10:10:40.525+09:00 DEBUG 16416 --- [Shift Scheduler Demo] [           main] org.hibernate.SQL                        : delete from shift_assignments where id=?
Hibernate: delete from shift_assignments where id=?
2025-10-25T10:10:40.525+09:00 DEBUG 16416 --- [Shift Scheduler Demo] [           main] org.hibernate.SQL                        : delete from shift_assignments where id=?
Hibernate: delete from shift_assignments where id=?
2025-10-25T10:10:40.525+09:00 DEBUG 16416 --- [Shift Scheduler Demo] [           main] org.hibernate.SQL                        : delete from shift_assignments where id=?
Hibernate: delete from shift_assignments where id=?
2025-10-25T10:10:40.525+09:00 DEBUG 16416 --- [Shift Scheduler Demo] [           main] org.hibernate.SQL                        : delete from shift_assignments where id=?
Hibernate: delete from shift_assignments where id=?
2025-10-25T10:10:40.526+09:00 DEBUG 16416 --- [Shift Scheduler Demo] [           main] org.hibernate.SQL                        : delete from shift_assignments where id=?
Hibernate: delete from shift_assignments where id=?
2025-10-25T10:10:40.526+09:00 DEBUG 16416 --- [Shift Scheduler Demo] [           main] org.hibernate.SQL                        : delete from shift_assignments where id=?
Hibernate: delete from shift_assignments where id=?
2025-10-25T10:10:40.526+09:00 DEBUG 16416 --- [Shift Scheduler Demo] [           main] org.hibernate.SQL                        : delete from shift_assignments where id=?
Hibernate: delete from shift_assignments where id=?
2025-10-25T10:10:40.526+09:00 DEBUG 16416 --- [Shift Scheduler Demo] [           main] org.hibernate.SQL                        : delete from shift_assignments where id=?
Hibernate: delete from shift_assignments where id=?
2025-10-25T10:10:40.526+09:00 DEBUG 16416 --- [Shift Scheduler Demo] [           main] org.hibernate.SQL                        : delete from shift_assignments where id=?
Hibernate: delete from shift_assignments where id=?
2025-10-25T10:10:40.526+09:00 DEBUG 16416 --- [Shift Scheduler Demo] [           main] org.hibernate.SQL                        : delete from shift_assignments where id=?
Hibernate: delete from shift_assignments where id=?
2025-10-25T10:10:40.526+09:00 DEBUG 16416 --- [Shift Scheduler Demo] [           main] org.hibernate.SQL                        : delete from shift_assignments where id=?
Hibernate: delete from shift_assignments where id=?
2025-10-25T10:10:40.526+09:00 DEBUG 16416 --- [Shift Scheduler Demo] [           main] org.hibernate.SQL                        : delete from shift_assignments where id=?
Hibernate: delete from shift_assignments where id=?
2025-10-25T10:10:40.526+09:00 DEBUG 16416 --- [Shift Scheduler Demo] [           main] org.hibernate.SQL                        : delete from shift_assignments where id=?
Hibernate: delete from shift_assignments where id=?
2025-10-25T10:10:40.526+09:00 DEBUG 16416 --- [Shift Scheduler Demo] [           main] org.hibernate.SQL                        : delete from shift_assignments where id=?
Hibernate: delete from shift_assignments where id=?
2025-10-25T10:10:40.526+09:00 DEBUG 16416 --- [Shift Scheduler Demo] [           main] org.hibernate.SQL                        : delete from shift_assignments where id=?
Hibernate: delete from shift_assignments where id=?
2025-10-25T10:10:40.526+09:00 DEBUG 16416 --- [Shift Scheduler Demo] [           main] org.hibernate.SQL                        : delete from shift_assignments where id=?
Hibernate: delete from shift_assignments where id=?
2025-10-25T10:10:40.526+09:00 DEBUG 16416 --- [Shift Scheduler Demo] [           main] org.hibernate.SQL                        : delete from shift_assignments where id=?
Hibernate: delete from shift_assignments where id=?
2025-10-25T10:10:40.526+09:00 DEBUG 16416 --- [Shift Scheduler Demo] [           main] org.hibernate.SQL                        : delete from shift_assignments where id=?
Hibernate: delete from shift_assignments where id=?
2025-10-25T10:10:40.526+09:00 DEBUG 16416 --- [Shift Scheduler Demo] [           main] org.hibernate.SQL                        : delete from shift_assignments where id=?
Hibernate: delete from shift_assignments where id=?
2025-10-25T10:10:40.526+09:00 DEBUG 16416 --- [Shift Scheduler Demo] [           main] org.hibernate.SQL                        : delete from shift_assignments where id=?
Hibernate: delete from shift_assignments where id=?
2025-10-25T10:10:40.526+09:00 DEBUG 16416 --- [Shift Scheduler Demo] [           main] org.hibernate.SQL                        : delete from shift_assignments where id=?
Hibernate: delete from shift_assignments where id=?
2025-10-25T10:10:40.526+09:00 DEBUG 16416 --- [Shift Scheduler Demo] [           main] org.hibernate.SQL                        : delete from shift_assignments where id=?
Hibernate: delete from shift_assignments where id=?
2025-10-25T10:10:40.526+09:00 DEBUG 16416 --- [Shift Scheduler Demo] [           main] org.hibernate.SQL                        : delete from shift_assignments where id=?
Hibernate: delete from shift_assignments where id=?
2025-10-25T10:10:40.526+09:00 DEBUG 16416 --- [Shift Scheduler Demo] [           main] org.hibernate.SQL                        : delete from shift_assignments where id=?
Hibernate: delete from shift_assignments where id=?
2025-10-25T10:10:40.526+09:00 DEBUG 16416 --- [Shift Scheduler Demo] [           main] org.hibernate.SQL                        : delete from shift_assignments where id=?
Hibernate: delete from shift_assignments where id=?
2025-10-25T10:10:40.526+09:00 DEBUG 16416 --- [Shift Scheduler Demo] [           main] org.hibernate.SQL                        : delete from shift_assignments where id=?
Hibernate: delete from shift_assignments where id=?
2025-10-25T10:10:40.526+09:00 DEBUG 16416 --- [Shift Scheduler Demo] [           main] org.hibernate.SQL                        : delete from shift_assignments where id=?
Hibernate: delete from shift_assignments where id=?
2025-10-25T10:10:40.526+09:00 DEBUG 16416 --- [Shift Scheduler Demo] [           main] org.hibernate.SQL                        : delete from shift_assignments where id=?
Hibernate: delete from shift_assignments where id=?
2025-10-25T10:10:40.526+09:00 DEBUG 16416 --- [Shift Scheduler Demo] [           main] org.hibernate.SQL                        : delete from shift_assignments where id=?
Hibernate: delete from shift_assignments where id=?
2025-10-25T10:10:40.526+09:00 DEBUG 16416 --- [Shift Scheduler Demo] [           main] org.hibernate.SQL                        : delete from shift_assignments where id=?
Hibernate: delete from shift_assignments where id=?
2025-10-25T10:10:40.526+09:00 DEBUG 16416 --- [Shift Scheduler Demo] [           main] org.hibernate.SQL                        : delete from shift_assignments where id=?
Hibernate: delete from shift_assignments where id=?
2025-10-25T10:10:40.526+09:00 DEBUG 16416 --- [Shift Scheduler Demo] [           main] org.hibernate.SQL                        : delete from shift_assignments where id=?
Hibernate: delete from shift_assignments where id=?
2025-10-25T10:10:40.526+09:00 DEBUG 16416 --- [Shift Scheduler Demo] [           main] org.hibernate.SQL                        : delete from shift_assignments where id=?
Hibernate: delete from shift_assignments where id=?
2025-10-25T10:10:40.526+09:00 DEBUG 16416 --- [Shift Scheduler Demo] [           main] org.hibernate.SQL                        : delete from shift_assignments where id=?
Hibernate: delete from shift_assignments where id=?
2025-10-25T10:10:40.526+09:00 DEBUG 16416 --- [Shift Scheduler Demo] [           main] org.hibernate.SQL                        : delete from shift_assignments where id=?
Hibernate: delete from shift_assignments where id=?
2025-10-25T10:10:40.526+09:00 DEBUG 16416 --- [Shift Scheduler Demo] [           main] org.hibernate.SQL                        : delete from shift_assignments where id=?
Hibernate: delete from shift_assignments where id=?
2025-10-25T10:10:40.526+09:00 DEBUG 16416 --- [Shift Scheduler Demo] [           main] org.hibernate.SQL                        : delete from shift_assignments where id=?
Hibernate: delete from shift_assignments where id=?
2025-10-25T10:10:40.526+09:00 DEBUG 16416 --- [Shift Scheduler Demo] [           main] org.hibernate.SQL                        : delete from shift_assignments where id=?
Hibernate: delete from shift_assignments where id=?
2025-10-25T10:10:40.526+09:00 DEBUG 16416 --- [Shift Scheduler Demo] [           main] org.hibernate.SQL                        : delete from shift_assignments where id=?
Hibernate: delete from shift_assignments where id=?
2025-10-25T10:10:40.526+09:00 DEBUG 16416 --- [Shift Scheduler Demo] [           main] org.hibernate.SQL                        : delete from shift_assignments where id=?
Hibernate: delete from shift_assignments where id=?
2025-10-25T10:10:40.526+09:00 DEBUG 16416 --- [Shift Scheduler Demo] [           main] org.hibernate.SQL                        : delete from shift_assignments where id=?
Hibernate: delete from shift_assignments where id=?
2025-10-25T10:10:40.526+09:00 DEBUG 16416 --- [Shift Scheduler Demo] [           main] org.hibernate.SQL                        : delete from shift_assignments where id=?
Hibernate: delete from shift_assignments where id=?
2025-10-25T10:10:40.526+09:00 DEBUG 16416 --- [Shift Scheduler Demo] [           main] org.hibernate.SQL                        : delete from shift_assignments where id=?
Hibernate: delete from shift_assignments where id=?
2025-10-25T10:10:40.526+09:00 DEBUG 16416 --- [Shift Scheduler Demo] [           main] org.hibernate.SQL                        : delete from shift_assignments where id=?
Hibernate: delete from shift_assignments where id=?
2025-10-25T10:10:40.526+09:00 DEBUG 16416 --- [Shift Scheduler Demo] [           main] org.hibernate.SQL                        : delete from shift_assignments where id=?
Hibernate: delete from shift_assignments where id=?
2025-10-25T10:10:40.531+09:00 DEBUG 16416 --- [Shift Scheduler Demo] [           main] org.hibernate.SQL                        : delete from shift_assignments where id=?
Hibernate: delete from shift_assignments where id=?
2025-10-25T10:10:40.531+09:00 DEBUG 16416 --- [Shift Scheduler Demo] [           main] org.hibernate.SQL                        : delete from shift_assignments where id=?
Hibernate: delete from shift_assignments where id=?
2025-10-25T10:10:40.531+09:00 DEBUG 16416 --- [Shift Scheduler Demo] [           main] org.hibernate.SQL                        : delete from shift_assignments where id=?
Hibernate: delete from shift_assignments where id=?
2025-10-25T10:10:40.531+09:00 DEBUG 16416 --- [Shift Scheduler Demo] [           main] org.hibernate.SQL                        : delete from shift_assignments where id=?
Hibernate: delete from shift_assignments where id=?
2025-10-25T10:10:40.531+09:00 DEBUG 16416 --- [Shift Scheduler Demo] [           main] org.hibernate.SQL                        : delete from shift_assignments where id=?
Hibernate: delete from shift_assignments where id=?
2025-10-25T10:10:40.531+09:00 DEBUG 16416 --- [Shift Scheduler Demo] [           main] org.hibernate.SQL                        : delete from shift_assignments where id=?
Hibernate: delete from shift_assignments where id=?
2025-10-25T10:10:40.532+09:00 DEBUG 16416 --- [Shift Scheduler Demo] [           main] org.hibernate.SQL                        : delete from shift_assignments where id=?
Hibernate: delete from shift_assignments where id=?
2025-10-25T10:10:40.532+09:00 DEBUG 16416 --- [Shift Scheduler Demo] [           main] org.hibernate.SQL                        : delete from shift_assignments where id=?
Hibernate: delete from shift_assignments where id=?
2025-10-25T10:10:40.532+09:00 DEBUG 16416 --- [Shift Scheduler Demo] [           main] org.hibernate.SQL                        : delete from shift_assignments where id=?
Hibernate: delete from shift_assignments where id=?
2025-10-25T10:10:40.533+09:00 DEBUG 16416 --- [Shift Scheduler Demo] [           main] org.hibernate.SQL                        : delete from shift_assignments where id=?
Hibernate: delete from shift_assignments where id=?
2025-10-25T10:10:40.534+09:00 DEBUG 16416 --- [Shift Scheduler Demo] [           main] org.hibernate.SQL                        : delete from shift_assignments where id=?
Hibernate: delete from shift_assignments where id=?
2025-10-25T10:10:40.534+09:00 DEBUG 16416 --- [Shift Scheduler Demo] [           main] org.hibernate.SQL                        : delete from shift_assignments where id=?
Hibernate: delete from shift_assignments where id=?
2025-10-25T10:10:40.534+09:00 DEBUG 16416 --- [Shift Scheduler Demo] [           main] org.hibernate.SQL                        : delete from shift_assignments where id=?
Hibernate: delete from shift_assignments where id=?
2025-10-25T10:10:40.534+09:00 DEBUG 16416 --- [Shift Scheduler Demo] [           main] org.hibernate.SQL                        : delete from shift_assignments where id=?
Hibernate: delete from shift_assignments where id=?
2025-10-25T10:10:40.534+09:00 DEBUG 16416 --- [Shift Scheduler Demo] [           main] org.hibernate.SQL                        : delete from shift_assignments where id=?
Hibernate: delete from shift_assignments where id=?
2025-10-25T10:10:40.534+09:00 DEBUG 16416 --- [Shift Scheduler Demo] [           main] org.hibernate.SQL                        : delete from shift_assignments where id=?
Hibernate: delete from shift_assignments where id=?
2025-10-25T10:10:40.534+09:00 DEBUG 16416 --- [Shift Scheduler Demo] [           main] org.hibernate.SQL                        : delete from shift_assignments where id=?
Hibernate: delete from shift_assignments where id=?
2025-10-25T10:10:40.534+09:00 DEBUG 16416 --- [Shift Scheduler Demo] [           main] org.hibernate.SQL                        : delete from shift_assignments where id=?
Hibernate: delete from shift_assignments where id=?
2025-10-25T10:10:40.534+09:00 DEBUG 16416 --- [Shift Scheduler Demo] [           main] org.hibernate.SQL                        : delete from shift_assignments where id=?
Hibernate: delete from shift_assignments where id=?
2025-10-25T10:10:40.535+09:00 DEBUG 16416 --- [Shift Scheduler Demo] [           main] org.hibernate.SQL                        : delete from shift_assignments where id=?
Hibernate: delete from shift_assignments where id=?
2025-10-25T10:10:40.535+09:00 DEBUG 16416 --- [Shift Scheduler Demo] [           main] org.hibernate.SQL                        : delete from shift_assignments where id=?
Hibernate: delete from shift_assignments where id=?
2025-10-25T10:10:40.535+09:00 DEBUG 16416 --- [Shift Scheduler Demo] [           main] org.hibernate.SQL                        : delete from shift_assignments where id=?
Hibernate: delete from shift_assignments where id=?
2025-10-25T10:10:40.535+09:00 DEBUG 16416 --- [Shift Scheduler Demo] [           main] org.hibernate.SQL                        : delete from shift_assignments where id=?
Hibernate: delete from shift_assignments where id=?
2025-10-25T10:10:40.535+09:00 DEBUG 16416 --- [Shift Scheduler Demo] [           main] org.hibernate.SQL                        : delete from shift_assignments where id=?
Hibernate: delete from shift_assignments where id=?
2025-10-25T10:10:40.535+09:00 DEBUG 16416 --- [Shift Scheduler Demo] [           main] org.hibernate.SQL                        : delete from shift_assignments where id=?
Hibernate: delete from shift_assignments where id=?
2025-10-25T10:10:40.535+09:00 DEBUG 16416 --- [Shift Scheduler Demo] [           main] org.hibernate.SQL                        : delete from shift_assignments where id=?
Hibernate: delete from shift_assignments where id=?
2025-10-25T10:10:40.535+09:00 DEBUG 16416 --- [Shift Scheduler Demo] [           main] org.hibernate.SQL                        : delete from shift_assignments where id=?
Hibernate: delete from shift_assignments where id=?
2025-10-25T10:10:40.535+09:00 DEBUG 16416 --- [Shift Scheduler Demo] [           main] org.hibernate.SQL                        : delete from shift_assignments where id=?
Hibernate: delete from shift_assignments where id=?
2025-10-25T10:10:40.535+09:00 DEBUG 16416 --- [Shift Scheduler Demo] [           main] org.hibernate.SQL                        : delete from shift_assignments where id=?
Hibernate: delete from shift_assignments where id=?
2025-10-25T10:10:40.535+09:00 DEBUG 16416 --- [Shift Scheduler Demo] [           main] org.hibernate.SQL                        : delete from shift_assignments where id=?
Hibernate: delete from shift_assignments where id=?
2025-10-25T10:10:40.535+09:00 DEBUG 16416 --- [Shift Scheduler Demo] [           main] org.hibernate.SQL                        : delete from shift_assignments where id=?
Hibernate: delete from shift_assignments where id=?
2025-10-25T10:10:40.535+09:00 DEBUG 16416 --- [Shift Scheduler Demo] [           main] org.hibernate.SQL                        : delete from shift_assignments where id=?
Hibernate: delete from shift_assignments where id=?
2025-10-25T10:10:40.535+09:00 DEBUG 16416 --- [Shift Scheduler Demo] [           main] org.hibernate.SQL                        : delete from shift_assignments where id=?
Hibernate: delete from shift_assignments where id=?
2025-10-25T10:10:40.535+09:00 DEBUG 16416 --- [Shift Scheduler Demo] [           main] org.hibernate.SQL                        : delete from shift_assignments where id=?
Hibernate: delete from shift_assignments where id=?
2025-10-25T10:10:40.535+09:00 DEBUG 16416 --- [Shift Scheduler Demo] [           main] org.hibernate.SQL                        : delete from shift_assignments where id=?
Hibernate: delete from shift_assignments where id=?
2025-10-25T10:10:40.535+09:00 DEBUG 16416 --- [Shift Scheduler Demo] [           main] org.hibernate.SQL                        : delete from shift_assignments where id=?
Hibernate: delete from shift_assignments where id=?
2025-10-25T10:10:40.535+09:00 DEBUG 16416 --- [Shift Scheduler Demo] [           main] org.hibernate.SQL                        : delete from shift_assignments where id=?
Hibernate: delete from shift_assignments where id=?
2025-10-25T10:10:40.535+09:00 DEBUG 16416 --- [Shift Scheduler Demo] [           main] org.hibernate.SQL                        : delete from shift_assignments where id=?
Hibernate: delete from shift_assignments where id=?
2025-10-25T10:10:40.535+09:00 DEBUG 16416 --- [Shift Scheduler Demo] [           main] org.hibernate.SQL                        : delete from shift_assignments where id=?
Hibernate: delete from shift_assignments where id=?
2025-10-25T10:10:40.536+09:00 DEBUG 16416 --- [Shift Scheduler Demo] [           main] org.hibernate.SQL                        : delete from shift_assignments where id=?
Hibernate: delete from shift_assignments where id=?
2025-10-25T10:10:40.536+09:00 DEBUG 16416 --- [Shift Scheduler Demo] [           main] org.hibernate.SQL                        : delete from shift_assignments where id=?
Hibernate: delete from shift_assignments where id=?
2025-10-25T10:10:40.536+09:00 DEBUG 16416 --- [Shift Scheduler Demo] [           main] org.hibernate.SQL                        : delete from shift_assignments where id=?
Hibernate: delete from shift_assignments where id=?
2025-10-25T10:10:40.536+09:00 DEBUG 16416 --- [Shift Scheduler Demo] [           main] org.hibernate.SQL                        : delete from shift_assignments where id=?
Hibernate: delete from shift_assignments where id=?
2025-10-25T10:10:40.536+09:00 DEBUG 16416 --- [Shift Scheduler Demo] [           main] org.hibernate.SQL                        : delete from shift_assignments where id=?
Hibernate: delete from shift_assignments where id=?
2025-10-25T10:10:40.536+09:00 DEBUG 16416 --- [Shift Scheduler Demo] [           main] org.hibernate.SQL                        : delete from shift_assignments where id=?
Hibernate: delete from shift_assignments where id=?
2025-10-25T10:10:40.536+09:00 DEBUG 16416 --- [Shift Scheduler Demo] [           main] org.hibernate.SQL                        : delete from shift_assignments where id=?
Hibernate: delete from shift_assignments where id=?
2025-10-25T10:10:40.536+09:00 DEBUG 16416 --- [Shift Scheduler Demo] [           main] org.hibernate.SQL                        : delete from shift_assignments where id=?
Hibernate: delete from shift_assignments where id=?
2025-10-25T10:10:40.536+09:00 DEBUG 16416 --- [Shift Scheduler Demo] [           main] org.hibernate.SQL                        : delete from shift_assignments where id=?
Hibernate: delete from shift_assignments where id=?
2025-10-25T10:10:40.536+09:00 DEBUG 16416 --- [Shift Scheduler Demo] [           main] org.hibernate.SQL                        : delete from shift_assignments where id=?
Hibernate: delete from shift_assignments where id=?
2025-10-25T10:10:40.536+09:00 DEBUG 16416 --- [Shift Scheduler Demo] [           main] org.hibernate.SQL                        : delete from shift_assignments where id=?
Hibernate: delete from shift_assignments where id=?
2025-10-25T10:10:40.536+09:00 DEBUG 16416 --- [Shift Scheduler Demo] [           main] org.hibernate.SQL                        : delete from shift_assignments where id=?
Hibernate: delete from shift_assignments where id=?
2025-10-25T10:10:40.536+09:00 DEBUG 16416 --- [Shift Scheduler Demo] [           main] org.hibernate.SQL                        : delete from shift_assignments where id=?
Hibernate: delete from shift_assignments where id=?
2025-10-25T10:10:40.536+09:00 DEBUG 16416 --- [Shift Scheduler Demo] [           main] org.hibernate.SQL                        : delete from shift_assignments where id=?
Hibernate: delete from shift_assignments where id=?
2025-10-25T10:10:40.536+09:00 DEBUG 16416 --- [Shift Scheduler Demo] [           main] org.hibernate.SQL                        : delete from shift_assignments where id=?
Hibernate: delete from shift_assignments where id=?
2025-10-25T10:10:40.536+09:00 DEBUG 16416 --- [Shift Scheduler Demo] [           main] org.hibernate.SQL                        : delete from shift_assignments where id=?
Hibernate: delete from shift_assignments where id=?
2025-10-25T10:10:40.536+09:00 DEBUG 16416 --- [Shift Scheduler Demo] [           main] org.hibernate.SQL                        : delete from shift_assignments where id=?
Hibernate: delete from shift_assignments where id=?
2025-10-25T10:10:40.537+09:00 DEBUG 16416 --- [Shift Scheduler Demo] [           main] org.hibernate.SQL                        : delete from shift_assignments where id=?
Hibernate: delete from shift_assignments where id=?
2025-10-25T10:10:40.537+09:00 DEBUG 16416 --- [Shift Scheduler Demo] [           main] org.hibernate.SQL                        : delete from shift_assignments where id=?
Hibernate: delete from shift_assignments where id=?
2025-10-25T10:10:40.537+09:00 DEBUG 16416 --- [Shift Scheduler Demo] [           main] org.hibernate.SQL                        : delete from shift_assignments where id=?
Hibernate: delete from shift_assignments where id=?
2025-10-25T10:10:40.537+09:00 DEBUG 16416 --- [Shift Scheduler Demo] [           main] org.hibernate.SQL                        : delete from shift_assignments where id=?
Hibernate: delete from shift_assignments where id=?
2025-10-25T10:10:40.537+09:00 DEBUG 16416 --- [Shift Scheduler Demo] [           main] org.hibernate.SQL                        : delete from shift_assignments where id=?
Hibernate: delete from shift_assignments where id=?
2025-10-25T10:10:40.537+09:00 DEBUG 16416 --- [Shift Scheduler Demo] [           main] org.hibernate.SQL                        : delete from shift_assignments where id=?
Hibernate: delete from shift_assignments where id=?
2025-10-25T10:10:40.537+09:00 DEBUG 16416 --- [Shift Scheduler Demo] [           main] org.hibernate.SQL                        : delete from shift_assignments where id=?
Hibernate: delete from shift_assignments where id=?
2025-10-25T10:10:40.537+09:00 DEBUG 16416 --- [Shift Scheduler Demo] [           main] org.hibernate.SQL                        : delete from shift_assignments where id=?
Hibernate: delete from shift_assignments where id=?
2025-10-25T10:10:40.537+09:00 DEBUG 16416 --- [Shift Scheduler Demo] [           main] org.hibernate.SQL                        : delete from shift_assignments where id=?
Hibernate: delete from shift_assignments where id=?
2025-10-25T10:10:40.537+09:00 DEBUG 16416 --- [Shift Scheduler Demo] [           main] org.hibernate.SQL                        : delete from shift_assignments where id=?
Hibernate: delete from shift_assignments where id=?
2025-10-25T10:10:40.537+09:00 DEBUG 16416 --- [Shift Scheduler Demo] [           main] org.hibernate.SQL                        : delete from shift_assignments where id=?
Hibernate: delete from shift_assignments where id=?
2025-10-25T10:10:40.537+09:00 DEBUG 16416 --- [Shift Scheduler Demo] [           main] org.hibernate.SQL                        : delete from shift_assignments where id=?
Hibernate: delete from shift_assignments where id=?
2025-10-25T10:10:40.537+09:00 DEBUG 16416 --- [Shift Scheduler Demo] [           main] org.hibernate.SQL                        : delete from shift_assignments where id=?
Hibernate: delete from shift_assignments where id=?
2025-10-25T10:10:40.537+09:00 DEBUG 16416 --- [Shift Scheduler Demo] [           main] org.hibernate.SQL                        : delete from shift_assignments where id=?
Hibernate: delete from shift_assignments where id=?
2025-10-25T10:10:40.537+09:00 DEBUG 16416 --- [Shift Scheduler Demo] [           main] org.hibernate.SQL                        : delete from shift_assignments where id=?
Hibernate: delete from shift_assignments where id=?
2025-10-25T10:10:40.537+09:00 DEBUG 16416 --- [Shift Scheduler Demo] [           main] org.hibernate.SQL                        : delete from shift_assignments where id=?
Hibernate: delete from shift_assignments where id=?
2025-10-25T10:10:40.537+09:00 DEBUG 16416 --- [Shift Scheduler Demo] [           main] org.hibernate.SQL                        : delete from shift_assignments where id=?
Hibernate: delete from shift_assignments where id=?
2025-10-25T10:10:40.537+09:00 DEBUG 16416 --- [Shift Scheduler Demo] [           main] org.hibernate.SQL                        : delete from shift_assignments where id=?
Hibernate: delete from shift_assignments where id=?
2025-10-25T10:10:40.537+09:00 DEBUG 16416 --- [Shift Scheduler Demo] [           main] org.hibernate.SQL                        : delete from shift_assignments where id=?
Hibernate: delete from shift_assignments where id=?
2025-10-25T10:10:40.537+09:00 DEBUG 16416 --- [Shift Scheduler Demo] [           main] org.hibernate.SQL                        : delete from shift_assignments where id=?
Hibernate: delete from shift_assignments where id=?
2025-10-25T10:10:40.537+09:00 DEBUG 16416 --- [Shift Scheduler Demo] [           main] org.hibernate.SQL                        : delete from shift_assignments where id=?
Hibernate: delete from shift_assignments where id=?
2025-10-25T10:10:40.537+09:00 DEBUG 16416 --- [Shift Scheduler Demo] [           main] org.hibernate.SQL                        : delete from shift_assignments where id=?
Hibernate: delete from shift_assignments where id=?
2025-10-25T10:10:40.537+09:00 DEBUG 16416 --- [Shift Scheduler Demo] [           main] org.hibernate.SQL                        : delete from shift_assignments where id=?
Hibernate: delete from shift_assignments where id=?
2025-10-25T10:10:40.537+09:00 DEBUG 16416 --- [Shift Scheduler Demo] [           main] org.hibernate.SQL                        : delete from shift_assignments where id=?
Hibernate: delete from shift_assignments where id=?
2025-10-25T10:10:40.537+09:00 DEBUG 16416 --- [Shift Scheduler Demo] [           main] org.hibernate.SQL                        : delete from shift_assignments where id=?
Hibernate: delete from shift_assignments where id=?
2025-10-25T10:10:40.537+09:00 DEBUG 16416 --- [Shift Scheduler Demo] [           main] org.hibernate.SQL                        : delete from shift_assignments where id=?
Hibernate: delete from shift_assignments where id=?
2025-10-25T10:10:40.537+09:00 DEBUG 16416 --- [Shift Scheduler Demo] [           main] org.hibernate.SQL                        : delete from shift_assignments where id=?
Hibernate: delete from shift_assignments where id=?
2025-10-25T10:10:40.538+09:00 DEBUG 16416 --- [Shift Scheduler Demo] [           main] org.hibernate.SQL                        : delete from shift_assignments where id=?
Hibernate: delete from shift_assignments where id=?
2025-10-25T10:10:40.538+09:00 DEBUG 16416 --- [Shift Scheduler Demo] [           main] org.hibernate.SQL                        : delete from shift_assignments where id=?
Hibernate: delete from shift_assignments where id=?
2025-10-25T10:10:40.538+09:00 DEBUG 16416 --- [Shift Scheduler Demo] [           main] org.hibernate.SQL                        : delete from shift_assignments where id=?
Hibernate: delete from shift_assignments where id=?
2025-10-25T10:10:40.538+09:00 DEBUG 16416 --- [Shift Scheduler Demo] [           main] org.hibernate.SQL                        : delete from shift_assignments where id=?
Hibernate: delete from shift_assignments where id=?
2025-10-25T10:10:40.538+09:00 DEBUG 16416 --- [Shift Scheduler Demo] [           main] org.hibernate.SQL                        : delete from shift_assignments where id=?
Hibernate: delete from shift_assignments where id=?
2025-10-25T10:10:40.538+09:00 DEBUG 16416 --- [Shift Scheduler Demo] [           main] org.hibernate.SQL                        : delete from shift_assignments where id=?
Hibernate: delete from shift_assignments where id=?
2025-10-25T10:10:40.538+09:00 DEBUG 16416 --- [Shift Scheduler Demo] [           main] org.hibernate.SQL                        : delete from shift_assignments where id=?
Hibernate: delete from shift_assignments where id=?
2025-10-25T10:10:40.538+09:00 DEBUG 16416 --- [Shift Scheduler Demo] [           main] org.hibernate.SQL                        : delete from shift_assignments where id=?
Hibernate: delete from shift_assignments where id=?
2025-10-25T10:10:40.538+09:00 DEBUG 16416 --- [Shift Scheduler Demo] [           main] org.hibernate.SQL                        : delete from shift_assignments where id=?
Hibernate: delete from shift_assignments where id=?
2025-10-25T10:10:40.538+09:00 DEBUG 16416 --- [Shift Scheduler Demo] [           main] org.hibernate.SQL                        : delete from shift_assignments where id=?
Hibernate: delete from shift_assignments where id=?
2025-10-25T10:10:40.538+09:00 DEBUG 16416 --- [Shift Scheduler Demo] [           main] org.hibernate.SQL                        : delete from shift_assignments where id=?
Hibernate: delete from shift_assignments where id=?
2025-10-25T10:10:40.538+09:00 DEBUG 16416 --- [Shift Scheduler Demo] [           main] org.hibernate.SQL                        : delete from shift_assignments where id=?
Hibernate: delete from shift_assignments where id=?
2025-10-25T10:10:40.538+09:00 DEBUG 16416 --- [Shift Scheduler Demo] [           main] org.hibernate.SQL                        : delete from shift_assignments where id=?
Hibernate: delete from shift_assignments where id=?
2025-10-25T10:10:40.538+09:00 DEBUG 16416 --- [Shift Scheduler Demo] [           main] org.hibernate.SQL                        : delete from shift_assignments where id=?
Hibernate: delete from shift_assignments where id=?
2025-10-25T10:10:40.538+09:00 DEBUG 16416 --- [Shift Scheduler Demo] [           main] org.hibernate.SQL                        : delete from shift_assignments where id=?
Hibernate: delete from shift_assignments where id=?
2025-10-25T10:10:40.538+09:00 DEBUG 16416 --- [Shift Scheduler Demo] [           main] org.hibernate.SQL                        : delete from shift_assignments where id=?
Hibernate: delete from shift_assignments where id=?
2025-10-25T10:10:40.538+09:00 DEBUG 16416 --- [Shift Scheduler Demo] [           main] org.hibernate.SQL                        : delete from shift_assignments where id=?
Hibernate: delete from shift_assignments where id=?
2025-10-25T10:10:40.539+09:00 DEBUG 16416 --- [Shift Scheduler Demo] [           main] org.hibernate.SQL                        : delete from shift_assignments where id=?
Hibernate: delete from shift_assignments where id=?
2025-10-25T10:10:40.539+09:00 DEBUG 16416 --- [Shift Scheduler Demo] [           main] org.hibernate.SQL                        : delete from shift_assignments where id=?
Hibernate: delete from shift_assignments where id=?
2025-10-25T10:10:40.539+09:00 DEBUG 16416 --- [Shift Scheduler Demo] [           main] org.hibernate.SQL                        : delete from shift_assignments where id=?
Hibernate: delete from shift_assignments where id=?
2025-10-25T10:10:40.539+09:00 DEBUG 16416 --- [Shift Scheduler Demo] [           main] org.hibernate.SQL                        : delete from shift_assignments where id=?
Hibernate: delete from shift_assignments where id=?
2025-10-25T10:10:40.539+09:00 DEBUG 16416 --- [Shift Scheduler Demo] [           main] org.hibernate.SQL                        : delete from shift_assignments where id=?
Hibernate: delete from shift_assignments where id=?
2025-10-25T10:10:40.539+09:00 DEBUG 16416 --- [Shift Scheduler Demo] [           main] org.hibernate.SQL                        : delete from shift_assignments where id=?
Hibernate: delete from shift_assignments where id=?
2025-10-25T10:10:40.539+09:00 DEBUG 16416 --- [Shift Scheduler Demo] [           main] org.hibernate.SQL                        : delete from shift_assignments where id=?
Hibernate: delete from shift_assignments where id=?
2025-10-25T10:10:40.539+09:00 DEBUG 16416 --- [Shift Scheduler Demo] [           main] org.hibernate.SQL                        : delete from shift_assignments where id=?
Hibernate: delete from shift_assignments where id=?
2025-10-25T10:10:40.539+09:00 DEBUG 16416 --- [Shift Scheduler Demo] [           main] org.hibernate.SQL                        : delete from shift_assignments where id=?
Hibernate: delete from shift_assignments where id=?
2025-10-25T10:10:40.539+09:00 DEBUG 16416 --- [Shift Scheduler Demo] [           main] org.hibernate.SQL                        : delete from shift_assignments where id=?
Hibernate: delete from shift_assignments where id=?
2025-10-25T10:10:40.539+09:00 DEBUG 16416 --- [Shift Scheduler Demo] [           main] org.hibernate.SQL                        : delete from shift_assignments where id=?
Hibernate: delete from shift_assignments where id=?
2025-10-25T10:10:40.539+09:00 DEBUG 16416 --- [Shift Scheduler Demo] [           main] org.hibernate.SQL                        : delete from shift_assignments where id=?
Hibernate: delete from shift_assignments where id=?
2025-10-25T10:10:40.539+09:00 DEBUG 16416 --- [Shift Scheduler Demo] [           main] org.hibernate.SQL                        : delete from shift_assignments where id=?
Hibernate: delete from shift_assignments where id=?
2025-10-25T10:10:40.539+09:00 DEBUG 16416 --- [Shift Scheduler Demo] [           main] org.hibernate.SQL                        : delete from shift_assignments where id=?
Hibernate: delete from shift_assignments where id=?
2025-10-25T10:10:40.539+09:00 DEBUG 16416 --- [Shift Scheduler Demo] [           main] org.hibernate.SQL                        : delete from shift_assignments where id=?
Hibernate: delete from shift_assignments where id=?
2025-10-25T10:10:40.539+09:00 DEBUG 16416 --- [Shift Scheduler Demo] [           main] org.hibernate.SQL                        : delete from shift_assignments where id=?
Hibernate: delete from shift_assignments where id=?
2025-10-25T10:10:40.539+09:00 DEBUG 16416 --- [Shift Scheduler Demo] [           main] org.hibernate.SQL                        : delete from shift_assignments where id=?
Hibernate: delete from shift_assignments where id=?
2025-10-25T10:10:40.539+09:00 DEBUG 16416 --- [Shift Scheduler Demo] [           main] org.hibernate.SQL                        : delete from shift_assignments where id=?
Hibernate: delete from shift_assignments where id=?
2025-10-25T10:10:40.539+09:00 DEBUG 16416 --- [Shift Scheduler Demo] [           main] org.hibernate.SQL                        : delete from shift_assignments where id=?
Hibernate: delete from shift_assignments where id=?
2025-10-25T10:10:40.539+09:00 DEBUG 16416 --- [Shift Scheduler Demo] [           main] org.hibernate.SQL                        : delete from shift_assignments where id=?
Hibernate: delete from shift_assignments where id=?
2025-10-25T10:10:40.539+09:00 DEBUG 16416 --- [Shift Scheduler Demo] [           main] org.hibernate.SQL                        : delete from shift_assignments where id=?
Hibernate: delete from shift_assignments where id=?
2025-10-25T10:10:40.539+09:00 DEBUG 16416 --- [Shift Scheduler Demo] [           main] org.hibernate.SQL                        : delete from shift_assignments where id=?
Hibernate: delete from shift_assignments where id=?
2025-10-25T10:10:40.539+09:00 DEBUG 16416 --- [Shift Scheduler Demo] [           main] org.hibernate.SQL                        : delete from shift_assignments where id=?
Hibernate: delete from shift_assignments where id=?
2025-10-25T10:10:40.539+09:00 DEBUG 16416 --- [Shift Scheduler Demo] [           main] org.hibernate.SQL                        : delete from shift_assignments where id=?
Hibernate: delete from shift_assignments where id=?
2025-10-25T10:10:40.539+09:00 DEBUG 16416 --- [Shift Scheduler Demo] [           main] org.hibernate.SQL                        : delete from shift_assignments where id=?
Hibernate: delete from shift_assignments where id=?
2025-10-25T10:10:40.539+09:00 DEBUG 16416 --- [Shift Scheduler Demo] [           main] org.hibernate.SQL                        : delete from shift_assignments where id=?
Hibernate: delete from shift_assignments where id=?
2025-10-25T10:10:40.539+09:00 DEBUG 16416 --- [Shift Scheduler Demo] [           main] org.hibernate.SQL                        : delete from shift_assignments where id=?
Hibernate: delete from shift_assignments where id=?
2025-10-25T10:10:40.539+09:00 DEBUG 16416 --- [Shift Scheduler Demo] [           main] org.hibernate.SQL                        : delete from shift_assignments where id=?
Hibernate: delete from shift_assignments where id=?
2025-10-25T10:10:40.540+09:00 DEBUG 16416 --- [Shift Scheduler Demo] [           main] org.hibernate.SQL                        : delete from shift_assignments where id=?
Hibernate: delete from shift_assignments where id=?
2025-10-25T10:10:40.540+09:00 DEBUG 16416 --- [Shift Scheduler Demo] [           main] org.hibernate.SQL                        : delete from shift_assignments where id=?
Hibernate: delete from shift_assignments where id=?
2025-10-25T10:10:40.540+09:00 DEBUG 16416 --- [Shift Scheduler Demo] [           main] org.hibernate.SQL                        : delete from shift_assignments where id=?
Hibernate: delete from shift_assignments where id=?
2025-10-25T10:10:40.540+09:00 DEBUG 16416 --- [Shift Scheduler Demo] [           main] org.hibernate.SQL                        : delete from shift_assignments where id=?
Hibernate: delete from shift_assignments where id=?
2025-10-25T10:10:40.540+09:00 DEBUG 16416 --- [Shift Scheduler Demo] [           main] org.hibernate.SQL                        : delete from shift_assignments where id=?
Hibernate: delete from shift_assignments where id=?
2025-10-25T10:10:40.540+09:00 DEBUG 16416 --- [Shift Scheduler Demo] [           main] org.hibernate.SQL                        : delete from shift_assignments where id=?
Hibernate: delete from shift_assignments where id=?
2025-10-25T10:10:40.540+09:00 DEBUG 16416 --- [Shift Scheduler Demo] [           main] org.hibernate.SQL                        : delete from shift_assignments where id=?
Hibernate: delete from shift_assignments where id=?
2025-10-25T10:10:40.540+09:00 DEBUG 16416 --- [Shift Scheduler Demo] [           main] org.hibernate.SQL                        : delete from shift_assignments where id=?
Hibernate: delete from shift_assignments where id=?
2025-10-25T10:10:40.540+09:00 DEBUG 16416 --- [Shift Scheduler Demo] [           main] org.hibernate.SQL                        : delete from shift_assignments where id=?
Hibernate: delete from shift_assignments where id=?
2025-10-25T10:10:40.540+09:00 DEBUG 16416 --- [Shift Scheduler Demo] [           main] org.hibernate.SQL                        : delete from shift_assignments where id=?
Hibernate: delete from shift_assignments where id=?
2025-10-25T10:10:40.540+09:00 DEBUG 16416 --- [Shift Scheduler Demo] [           main] org.hibernate.SQL                        : delete from shift_assignments where id=?
Hibernate: delete from shift_assignments where id=?
2025-10-25T10:10:40.540+09:00 DEBUG 16416 --- [Shift Scheduler Demo] [           main] org.hibernate.SQL                        : delete from shift_assignments where id=?
Hibernate: delete from shift_assignments where id=?
2025-10-25T10:10:40.540+09:00 DEBUG 16416 --- [Shift Scheduler Demo] [           main] org.hibernate.SQL                        : delete from shift_assignments where id=?
Hibernate: delete from shift_assignments where id=?
2025-10-25T10:10:40.540+09:00 DEBUG 16416 --- [Shift Scheduler Demo] [           main] org.hibernate.SQL                        : delete from shift_assignments where id=?
Hibernate: delete from shift_assignments where id=?
2025-10-25T10:10:40.540+09:00 DEBUG 16416 --- [Shift Scheduler Demo] [           main] org.hibernate.SQL                        : delete from shift_assignments where id=?
Hibernate: delete from shift_assignments where id=?
2025-10-25T10:10:40.540+09:00 DEBUG 16416 --- [Shift Scheduler Demo] [           main] org.hibernate.SQL                        : delete from shift_assignments where id=?
Hibernate: delete from shift_assignments where id=?
2025-10-25T10:10:40.540+09:00 DEBUG 16416 --- [Shift Scheduler Demo] [           main] org.hibernate.SQL                        : delete from shift_assignments where id=?
Hibernate: delete from shift_assignments where id=?
2025-10-25T10:10:40.540+09:00 DEBUG 16416 --- [Shift Scheduler Demo] [           main] org.hibernate.SQL                        : delete from shift_assignments where id=?
Hibernate: delete from shift_assignments where id=?
2025-10-25T10:10:40.540+09:00 DEBUG 16416 --- [Shift Scheduler Demo] [           main] org.hibernate.SQL                        : delete from shift_assignments where id=?
Hibernate: delete from shift_assignments where id=?
2025-10-25T10:10:40.540+09:00 DEBUG 16416 --- [Shift Scheduler Demo] [           main] org.hibernate.SQL                        : delete from shift_assignments where id=?
Hibernate: delete from shift_assignments where id=?
2025-10-25T10:10:40.540+09:00 DEBUG 16416 --- [Shift Scheduler Demo] [           main] org.hibernate.SQL                        : delete from shift_assignments where id=?
Hibernate: delete from shift_assignments where id=?
2025-10-25T10:10:40.540+09:00 DEBUG 16416 --- [Shift Scheduler Demo] [           main] org.hibernate.SQL                        : delete from shift_assignments where id=?
Hibernate: delete from shift_assignments where id=?
2025-10-25T10:10:40.540+09:00 DEBUG 16416 --- [Shift Scheduler Demo] [           main] org.hibernate.SQL                        : delete from shift_assignments where id=?
Hibernate: delete from shift_assignments where id=?
2025-10-25T10:10:40.540+09:00 DEBUG 16416 --- [Shift Scheduler Demo] [           main] org.hibernate.SQL                        : delete from shift_assignments where id=?
Hibernate: delete from shift_assignments where id=?
2025-10-25T10:10:40.540+09:00 DEBUG 16416 --- [Shift Scheduler Demo] [           main] org.hibernate.SQL                        : delete from shift_assignments where id=?
Hibernate: delete from shift_assignments where id=?
2025-10-25T10:10:40.540+09:00 DEBUG 16416 --- [Shift Scheduler Demo] [           main] org.hibernate.SQL                        : delete from shift_assignments where id=?
Hibernate: delete from shift_assignments where id=?
2025-10-25T10:10:40.540+09:00 DEBUG 16416 --- [Shift Scheduler Demo] [           main] org.hibernate.SQL                        : delete from shift_assignments where id=?
Hibernate: delete from shift_assignments where id=?
2025-10-25T10:10:40.540+09:00 DEBUG 16416 --- [Shift Scheduler Demo] [           main] org.hibernate.SQL                        : delete from shift_assignments where id=?
Hibernate: delete from shift_assignments where id=?
2025-10-25T10:10:40.540+09:00 DEBUG 16416 --- [Shift Scheduler Demo] [           main] org.hibernate.SQL                        : delete from shift_assignments where id=?
Hibernate: delete from shift_assignments where id=?
2025-10-25T10:10:40.541+09:00 DEBUG 16416 --- [Shift Scheduler Demo] [           main] org.hibernate.SQL                        : delete from shift_assignments where id=?
Hibernate: delete from shift_assignments where id=?
2025-10-25T10:10:40.541+09:00 DEBUG 16416 --- [Shift Scheduler Demo] [           main] org.hibernate.SQL                        : delete from shift_assignments where id=?
Hibernate: delete from shift_assignments where id=?
2025-10-25T10:10:40.541+09:00 DEBUG 16416 --- [Shift Scheduler Demo] [           main] org.hibernate.SQL                        : delete from shift_assignments where id=?
Hibernate: delete from shift_assignments where id=?
2025-10-25T10:10:40.541+09:00 DEBUG 16416 --- [Shift Scheduler Demo] [           main] org.hibernate.SQL                        : delete from shift_assignments where id=?
Hibernate: delete from shift_assignments where id=?
2025-10-25T10:10:40.542+09:00 DEBUG 16416 --- [Shift Scheduler Demo] [           main] org.hibernate.SQL                        : delete from shift_assignments where id=?
Hibernate: delete from shift_assignments where id=?
2025-10-25T10:10:40.542+09:00 DEBUG 16416 --- [Shift Scheduler Demo] [           main] org.hibernate.SQL                        : delete from shift_assignments where id=?
Hibernate: delete from shift_assignments where id=?
2025-10-25T10:10:40.542+09:00 DEBUG 16416 --- [Shift Scheduler Demo] [           main] org.hibernate.SQL                        : delete from shift_assignments where id=?
Hibernate: delete from shift_assignments where id=?
2025-10-25T10:10:40.542+09:00 DEBUG 16416 --- [Shift Scheduler Demo] [           main] org.hibernate.SQL                        : delete from shift_assignments where id=?
Hibernate: delete from shift_assignments where id=?
2025-10-25T10:10:40.542+09:00 DEBUG 16416 --- [Shift Scheduler Demo] [           main] org.hibernate.SQL                        : delete from shift_assignments where id=?
Hibernate: delete from shift_assignments where id=?
2025-10-25T10:10:40.542+09:00 DEBUG 16416 --- [Shift Scheduler Demo] [           main] org.hibernate.SQL                        : delete from shift_assignments where id=?
Hibernate: delete from shift_assignments where id=?
2025-10-25T10:10:40.542+09:00 DEBUG 16416 --- [Shift Scheduler Demo] [           main] org.hibernate.SQL                        : delete from shift_assignments where id=?
Hibernate: delete from shift_assignments where id=?
2025-10-25T10:10:40.542+09:00 DEBUG 16416 --- [Shift Scheduler Demo] [           main] org.hibernate.SQL                        : delete from shift_assignments where id=?
Hibernate: delete from shift_assignments where id=?
2025-10-25T10:10:40.542+09:00 DEBUG 16416 --- [Shift Scheduler Demo] [           main] org.hibernate.SQL                        : delete from shift_assignments where id=?
Hibernate: delete from shift_assignments where id=?
2025-10-25T10:10:40.542+09:00 DEBUG 16416 --- [Shift Scheduler Demo] [           main] org.hibernate.SQL                        : delete from shift_assignments where id=?
Hibernate: delete from shift_assignments where id=?
2025-10-25T10:10:40.542+09:00 DEBUG 16416 --- [Shift Scheduler Demo] [           main] org.hibernate.SQL                        : delete from shift_assignments where id=?
Hibernate: delete from shift_assignments where id=?
2025-10-25T10:10:40.542+09:00 DEBUG 16416 --- [Shift Scheduler Demo] [           main] org.hibernate.SQL                        : delete from shift_assignments where id=?
Hibernate: delete from shift_assignments where id=?
2025-10-25T10:10:40.542+09:00 DEBUG 16416 --- [Shift Scheduler Demo] [           main] org.hibernate.SQL                        : delete from shift_assignments where id=?
Hibernate: delete from shift_assignments where id=?
2025-10-25T10:10:40.543+09:00 DEBUG 16416 --- [Shift Scheduler Demo] [           main] org.hibernate.SQL                        : delete from shift_assignments where id=?
Hibernate: delete from shift_assignments where id=?
2025-10-25T10:10:40.543+09:00 DEBUG 16416 --- [Shift Scheduler Demo] [           main] org.hibernate.SQL                        : delete from shift_assignments where id=?
Hibernate: delete from shift_assignments where id=?
2025-10-25T10:10:40.543+09:00 DEBUG 16416 --- [Shift Scheduler Demo] [           main] org.hibernate.SQL                        : delete from shift_assignments where id=?
Hibernate: delete from shift_assignments where id=?
2025-10-25T10:10:40.543+09:00 DEBUG 16416 --- [Shift Scheduler Demo] [           main] org.hibernate.SQL                        : delete from shift_assignments where id=?
Hibernate: delete from shift_assignments where id=?
2025-10-25T10:10:40.543+09:00 DEBUG 16416 --- [Shift Scheduler Demo] [           main] org.hibernate.SQL                        : delete from shift_assignments where id=?
Hibernate: delete from shift_assignments where id=?
2025-10-25T10:10:40.543+09:00 DEBUG 16416 --- [Shift Scheduler Demo] [           main] org.hibernate.SQL                        : delete from shift_assignments where id=?
Hibernate: delete from shift_assignments where id=?
2025-10-25T10:10:40.544+09:00 DEBUG 16416 --- [Shift Scheduler Demo] [           main] org.hibernate.SQL                        : delete from shift_assignments where id=?
Hibernate: delete from shift_assignments where id=?
2025-10-25T10:10:40.544+09:00 DEBUG 16416 --- [Shift Scheduler Demo] [           main] org.hibernate.SQL                        : delete from shift_assignments where id=?
Hibernate: delete from shift_assignments where id=?
2025-10-25T10:10:40.544+09:00 DEBUG 16416 --- [Shift Scheduler Demo] [           main] org.hibernate.SQL                        : delete from shift_assignments where id=?
Hibernate: delete from shift_assignments where id=?
2025-10-25T10:10:40.544+09:00 DEBUG 16416 --- [Shift Scheduler Demo] [           main] org.hibernate.SQL                        : delete from shift_assignments where id=?
Hibernate: delete from shift_assignments where id=?
2025-10-25T10:10:40.544+09:00 DEBUG 16416 --- [Shift Scheduler Demo] [           main] org.hibernate.SQL                        : delete from shift_assignments where id=?
Hibernate: delete from shift_assignments where id=?
2025-10-25T10:10:40.544+09:00 DEBUG 16416 --- [Shift Scheduler Demo] [           main] org.hibernate.SQL                        : delete from shift_assignments where id=?
Hibernate: delete from shift_assignments where id=?
2025-10-25T10:10:40.544+09:00 DEBUG 16416 --- [Shift Scheduler Demo] [           main] org.hibernate.SQL                        : delete from shift_assignments where id=?
Hibernate: delete from shift_assignments where id=?
2025-10-25T10:10:40.545+09:00 DEBUG 16416 --- [Shift Scheduler Demo] [           main] org.hibernate.SQL                        : delete from shift_assignments where id=?
Hibernate: delete from shift_assignments where id=?
2025-10-25T10:10:40.545+09:00 DEBUG 16416 --- [Shift Scheduler Demo] [           main] org.hibernate.SQL                        : delete from shift_assignments where id=?
Hibernate: delete from shift_assignments where id=?
2025-10-25T10:10:40.545+09:00 DEBUG 16416 --- [Shift Scheduler Demo] [           main] org.hibernate.SQL                        : delete from shift_assignments where id=?
Hibernate: delete from shift_assignments where id=?
2025-10-25T10:10:40.545+09:00 DEBUG 16416 --- [Shift Scheduler Demo] [           main] org.hibernate.SQL                        : delete from shift_assignments where id=?
Hibernate: delete from shift_assignments where id=?
2025-10-25T10:10:40.545+09:00 DEBUG 16416 --- [Shift Scheduler Demo] [           main] org.hibernate.SQL                        : delete from shift_assignments where id=?
Hibernate: delete from shift_assignments where id=?
2025-10-25T10:10:40.545+09:00 DEBUG 16416 --- [Shift Scheduler Demo] [           main] org.hibernate.SQL                        : delete from shift_assignments where id=?
Hibernate: delete from shift_assignments where id=?
2025-10-25T10:10:40.545+09:00 DEBUG 16416 --- [Shift Scheduler Demo] [           main] org.hibernate.SQL                        : delete from shift_assignments where id=?
Hibernate: delete from shift_assignments where id=?
2025-10-25T10:10:40.545+09:00 DEBUG 16416 --- [Shift Scheduler Demo] [           main] org.hibernate.SQL                        : delete from shift_assignments where id=?
Hibernate: delete from shift_assignments where id=?
2025-10-25T10:10:40.545+09:00 DEBUG 16416 --- [Shift Scheduler Demo] [           main] org.hibernate.SQL                        : delete from shift_assignments where id=?
Hibernate: delete from shift_assignments where id=?
2025-10-25T10:10:40.546+09:00 DEBUG 16416 --- [Shift Scheduler Demo] [           main] org.hibernate.SQL                        : delete from shift_assignments where id=?
Hibernate: delete from shift_assignments where id=?
2025-10-25T10:10:40.546+09:00 DEBUG 16416 --- [Shift Scheduler Demo] [           main] org.hibernate.SQL                        : delete from shift_assignments where id=?
Hibernate: delete from shift_assignments where id=?
2025-10-25T10:10:40.546+09:00 DEBUG 16416 --- [Shift Scheduler Demo] [           main] org.hibernate.SQL                        : delete from shift_assignments where id=?
Hibernate: delete from shift_assignments where id=?
2025-10-25T10:10:40.546+09:00 DEBUG 16416 --- [Shift Scheduler Demo] [           main] org.hibernate.SQL                        : delete from shift_assignments where id=?
Hibernate: delete from shift_assignments where id=?
2025-10-25T10:10:40.546+09:00 DEBUG 16416 --- [Shift Scheduler Demo] [           main] org.hibernate.SQL                        : delete from shift_assignments where id=?
Hibernate: delete from shift_assignments where id=?
2025-10-25T10:10:40.546+09:00 DEBUG 16416 --- [Shift Scheduler Demo] [           main] org.hibernate.SQL                        : delete from shift_assignments where id=?
Hibernate: delete from shift_assignments where id=?
2025-10-25T10:10:40.546+09:00 DEBUG 16416 --- [Shift Scheduler Demo] [           main] org.hibernate.SQL                        : delete from shift_assignments where id=?
Hibernate: delete from shift_assignments where id=?
2025-10-25T10:10:40.546+09:00 DEBUG 16416 --- [Shift Scheduler Demo] [           main] org.hibernate.SQL                        : delete from shift_assignments where id=?
Hibernate: delete from shift_assignments where id=?
2025-10-25T10:10:40.546+09:00 DEBUG 16416 --- [Shift Scheduler Demo] [           main] org.hibernate.SQL                        : delete from shift_assignments where id=?
Hibernate: delete from shift_assignments where id=?
2025-10-25T10:10:40.546+09:00 DEBUG 16416 --- [Shift Scheduler Demo] [           main] org.hibernate.SQL                        : delete from shift_assignments where id=?
Hibernate: delete from shift_assignments where id=?
2025-10-25T10:10:40.546+09:00 DEBUG 16416 --- [Shift Scheduler Demo] [           main] org.hibernate.SQL                        : delete from shift_assignments where id=?
Hibernate: delete from shift_assignments where id=?
2025-10-25T10:10:40.546+09:00 DEBUG 16416 --- [Shift Scheduler Demo] [           main] org.hibernate.SQL                        : delete from shift_assignments where id=?
Hibernate: delete from shift_assignments where id=?
2025-10-25T10:10:40.546+09:00 DEBUG 16416 --- [Shift Scheduler Demo] [           main] org.hibernate.SQL                        : delete from shift_assignments where id=?
Hibernate: delete from shift_assignments where id=?
2025-10-25T10:10:40.546+09:00 DEBUG 16416 --- [Shift Scheduler Demo] [           main] org.hibernate.SQL                        : delete from shift_assignments where id=?
Hibernate: delete from shift_assignments where id=?
2025-10-25T10:10:40.546+09:00 DEBUG 16416 --- [Shift Scheduler Demo] [           main] org.hibernate.SQL                        : delete from shift_assignments where id=?
Hibernate: delete from shift_assignments where id=?
2025-10-25T10:10:40.546+09:00 DEBUG 16416 --- [Shift Scheduler Demo] [           main] org.hibernate.SQL                        : delete from shift_assignments where id=?
Hibernate: delete from shift_assignments where id=?
2025-10-25T10:10:40.547+09:00 DEBUG 16416 --- [Shift Scheduler Demo] [           main] org.hibernate.SQL                        : delete from shift_assignments where id=?
Hibernate: delete from shift_assignments where id=?
2025-10-25T10:10:40.547+09:00 DEBUG 16416 --- [Shift Scheduler Demo] [           main] org.hibernate.SQL                        : delete from shift_assignments where id=?
Hibernate: delete from shift_assignments where id=?
2025-10-25T10:10:40.547+09:00 DEBUG 16416 --- [Shift Scheduler Demo] [           main] org.hibernate.SQL                        : delete from shift_assignments where id=?
Hibernate: delete from shift_assignments where id=?
2025-10-25T10:10:40.547+09:00 DEBUG 16416 --- [Shift Scheduler Demo] [           main] org.hibernate.SQL                        : delete from shift_assignments where id=?
Hibernate: delete from shift_assignments where id=?
2025-10-25T10:10:40.547+09:00 DEBUG 16416 --- [Shift Scheduler Demo] [           main] org.hibernate.SQL                        : delete from shift_assignments where id=?
Hibernate: delete from shift_assignments where id=?
2025-10-25T10:10:40.547+09:00 DEBUG 16416 --- [Shift Scheduler Demo] [           main] org.hibernate.SQL                        : delete from shift_assignments where id=?
Hibernate: delete from shift_assignments where id=?
2025-10-25T10:10:40.547+09:00 DEBUG 16416 --- [Shift Scheduler Demo] [           main] org.hibernate.SQL                        : delete from shift_assignments where id=?
Hibernate: delete from shift_assignments where id=?
2025-10-25T10:10:40.547+09:00 DEBUG 16416 --- [Shift Scheduler Demo] [           main] org.hibernate.SQL                        : delete from shift_assignments where id=?
Hibernate: delete from shift_assignments where id=?
2025-10-25T10:10:40.547+09:00 DEBUG 16416 --- [Shift Scheduler Demo] [           main] org.hibernate.SQL                        : delete from shift_assignments where id=?
Hibernate: delete from shift_assignments where id=?
2025-10-25T10:10:40.547+09:00 DEBUG 16416 --- [Shift Scheduler Demo] [           main] org.hibernate.SQL                        : delete from shift_assignments where id=?
Hibernate: delete from shift_assignments where id=?
2025-10-25T10:10:40.547+09:00 DEBUG 16416 --- [Shift Scheduler Demo] [           main] org.hibernate.SQL                        : delete from shift_assignments where id=?
Hibernate: delete from shift_assignments where id=?
2025-10-25T10:10:40.547+09:00 DEBUG 16416 --- [Shift Scheduler Demo] [           main] org.hibernate.SQL                        : delete from shift_assignments where id=?
Hibernate: delete from shift_assignments where id=?
2025-10-25T10:10:40.547+09:00 DEBUG 16416 --- [Shift Scheduler Demo] [           main] org.hibernate.SQL                        : delete from shift_assignments where id=?
Hibernate: delete from shift_assignments where id=?
2025-10-25T10:10:40.547+09:00 DEBUG 16416 --- [Shift Scheduler Demo] [           main] org.hibernate.SQL                        : delete from shift_assignments where id=?
Hibernate: delete from shift_assignments where id=?
2025-10-25T10:10:40.547+09:00 DEBUG 16416 --- [Shift Scheduler Demo] [           main] org.hibernate.SQL                        : delete from shift_assignments where id=?
Hibernate: delete from shift_assignments where id=?
2025-10-25T10:10:40.547+09:00 DEBUG 16416 --- [Shift Scheduler Demo] [           main] org.hibernate.SQL                        : delete from shift_assignments where id=?
Hibernate: delete from shift_assignments where id=?
2025-10-25T10:10:40.547+09:00 DEBUG 16416 --- [Shift Scheduler Demo] [           main] org.hibernate.SQL                        : delete from shift_assignments where id=?
Hibernate: delete from shift_assignments where id=?
2025-10-25T10:10:40.547+09:00 DEBUG 16416 --- [Shift Scheduler Demo] [           main] org.hibernate.SQL                        : delete from shift_assignments where id=?
Hibernate: delete from shift_assignments where id=?
2025-10-25T10:10:40.547+09:00 DEBUG 16416 --- [Shift Scheduler Demo] [           main] org.hibernate.SQL                        : delete from shift_assignments where id=?
Hibernate: delete from shift_assignments where id=?
2025-10-25T10:10:40.547+09:00 DEBUG 16416 --- [Shift Scheduler Demo] [           main] org.hibernate.SQL                        : delete from shift_assignments where id=?
Hibernate: delete from shift_assignments where id=?
2025-10-25T10:10:40.547+09:00 DEBUG 16416 --- [Shift Scheduler Demo] [           main] org.hibernate.SQL                        : delete from shift_assignments where id=?
Hibernate: delete from shift_assignments where id=?
2025-10-25T10:10:40.547+09:00 DEBUG 16416 --- [Shift Scheduler Demo] [           main] org.hibernate.SQL                        : delete from shift_assignments where id=?
Hibernate: delete from shift_assignments where id=?
2025-10-25T10:10:40.547+09:00 DEBUG 16416 --- [Shift Scheduler Demo] [           main] org.hibernate.SQL                        : delete from shift_assignments where id=?
Hibernate: delete from shift_assignments where id=?
2025-10-25T10:10:40.547+09:00 DEBUG 16416 --- [Shift Scheduler Demo] [           main] org.hibernate.SQL                        : delete from shift_assignments where id=?
Hibernate: delete from shift_assignments where id=?
2025-10-25T10:10:40.547+09:00 DEBUG 16416 --- [Shift Scheduler Demo] [           main] org.hibernate.SQL                        : delete from shift_assignments where id=?
Hibernate: delete from shift_assignments where id=?
2025-10-25T10:10:40.547+09:00 DEBUG 16416 --- [Shift Scheduler Demo] [           main] org.hibernate.SQL                        : delete from shift_assignments where id=?
Hibernate: delete from shift_assignments where id=?
2025-10-25T10:10:40.547+09:00 DEBUG 16416 --- [Shift Scheduler Demo] [           main] org.hibernate.SQL                        : delete from shift_assignments where id=?
Hibernate: delete from shift_assignments where id=?
2025-10-25T10:10:40.547+09:00 DEBUG 16416 --- [Shift Scheduler Demo] [           main] org.hibernate.SQL                        : delete from shift_assignments where id=?
Hibernate: delete from shift_assignments where id=?
2025-10-25T10:10:40.548+09:00 DEBUG 16416 --- [Shift Scheduler Demo] [           main] org.hibernate.SQL                        : delete from shift_assignments where id=?
Hibernate: delete from shift_assignments where id=?
2025-10-25T10:10:40.548+09:00 DEBUG 16416 --- [Shift Scheduler Demo] [           main] org.hibernate.SQL                        : delete from shift_assignments where id=?
Hibernate: delete from shift_assignments where id=?
2025-10-25T10:10:40.548+09:00 DEBUG 16416 --- [Shift Scheduler Demo] [           main] org.hibernate.SQL                        : delete from shift_assignments where id=?
Hibernate: delete from shift_assignments where id=?
2025-10-25T10:10:40.548+09:00 DEBUG 16416 --- [Shift Scheduler Demo] [           main] org.hibernate.SQL                        : delete from shift_assignments where id=?
Hibernate: delete from shift_assignments where id=?
2025-10-25T10:10:40.548+09:00 DEBUG 16416 --- [Shift Scheduler Demo] [           main] org.hibernate.SQL                        : delete from shift_assignments where id=?
Hibernate: delete from shift_assignments where id=?
2025-10-25T10:10:40.548+09:00 DEBUG 16416 --- [Shift Scheduler Demo] [           main] org.hibernate.SQL                        : delete from shift_assignments where id=?
Hibernate: delete from shift_assignments where id=?
2025-10-25T10:10:40.548+09:00 DEBUG 16416 --- [Shift Scheduler Demo] [           main] org.hibernate.SQL                        : delete from shift_assignments where id=?
Hibernate: delete from shift_assignments where id=?
2025-10-25T10:10:40.548+09:00 DEBUG 16416 --- [Shift Scheduler Demo] [           main] org.hibernate.SQL                        : delete from shift_assignments where id=?
Hibernate: delete from shift_assignments where id=?
2025-10-25T10:10:40.548+09:00 DEBUG 16416 --- [Shift Scheduler Demo] [           main] org.hibernate.SQL                        : delete from shift_assignments where id=?
Hibernate: delete from shift_assignments where id=?
2025-10-25T10:10:40.548+09:00 DEBUG 16416 --- [Shift Scheduler Demo] [           main] org.hibernate.SQL                        : delete from shift_assignments where id=?
Hibernate: delete from shift_assignments where id=?
2025-10-25T10:10:40.548+09:00 DEBUG 16416 --- [Shift Scheduler Demo] [           main] org.hibernate.SQL                        : delete from shift_assignments where id=?
Hibernate: delete from shift_assignments where id=?
2025-10-25T10:10:40.548+09:00 DEBUG 16416 --- [Shift Scheduler Demo] [           main] org.hibernate.SQL                        : delete from shift_assignments where id=?
Hibernate: delete from shift_assignments where id=?
2025-10-25T10:10:40.548+09:00 DEBUG 16416 --- [Shift Scheduler Demo] [           main] org.hibernate.SQL                        : delete from shift_assignments where id=?
Hibernate: delete from shift_assignments where id=?
2025-10-25T10:10:40.548+09:00 DEBUG 16416 --- [Shift Scheduler Demo] [           main] org.hibernate.SQL                        : delete from shift_assignments where id=?
Hibernate: delete from shift_assignments where id=?
2025-10-25T10:10:40.548+09:00 DEBUG 16416 --- [Shift Scheduler Demo] [           main] org.hibernate.SQL                        : delete from shift_assignments where id=?
Hibernate: delete from shift_assignments where id=?
2025-10-25T10:10:40.548+09:00 DEBUG 16416 --- [Shift Scheduler Demo] [           main] org.hibernate.SQL                        : delete from shift_assignments where id=?
Hibernate: delete from shift_assignments where id=?
2025-10-25T10:10:40.548+09:00 DEBUG 16416 --- [Shift Scheduler Demo] [           main] org.hibernate.SQL                        : delete from shift_assignments where id=?
Hibernate: delete from shift_assignments where id=?
2025-10-25T10:10:40.548+09:00 DEBUG 16416 --- [Shift Scheduler Demo] [           main] org.hibernate.SQL                        : delete from shift_assignments where id=?
Hibernate: delete from shift_assignments where id=?
2025-10-25T10:10:40.548+09:00 DEBUG 16416 --- [Shift Scheduler Demo] [           main] org.hibernate.SQL                        : delete from shift_assignments where id=?
Hibernate: delete from shift_assignments where id=?
2025-10-25T10:10:40.548+09:00 DEBUG 16416 --- [Shift Scheduler Demo] [           main] org.hibernate.SQL                        : delete from shift_assignments where id=?
Hibernate: delete from shift_assignments where id=?
2025-10-25T10:10:40.548+09:00 DEBUG 16416 --- [Shift Scheduler Demo] [           main] org.hibernate.SQL                        : delete from shift_assignments where id=?
Hibernate: delete from shift_assignments where id=?
2025-10-25T10:10:40.549+09:00 DEBUG 16416 --- [Shift Scheduler Demo] [           main] org.hibernate.SQL                        : delete from shift_assignments where id=?
Hibernate: delete from shift_assignments where id=?
2025-10-25T10:10:40.549+09:00 DEBUG 16416 --- [Shift Scheduler Demo] [           main] org.hibernate.SQL                        : delete from shift_assignments where id=?
Hibernate: delete from shift_assignments where id=?
2025-10-25T10:10:40.549+09:00 DEBUG 16416 --- [Shift Scheduler Demo] [           main] org.hibernate.SQL                        : delete from shift_assignments where id=?
Hibernate: delete from shift_assignments where id=?
2025-10-25T10:10:40.549+09:00 DEBUG 16416 --- [Shift Scheduler Demo] [           main] org.hibernate.SQL                        : delete from shift_assignments where id=?
Hibernate: delete from shift_assignments where id=?
2025-10-25T10:10:40.549+09:00 DEBUG 16416 --- [Shift Scheduler Demo] [           main] org.hibernate.SQL                        : delete from shift_assignments where id=?
Hibernate: delete from shift_assignments where id=?
2025-10-25T10:10:40.549+09:00 DEBUG 16416 --- [Shift Scheduler Demo] [           main] org.hibernate.SQL                        : delete from shift_assignments where id=?
Hibernate: delete from shift_assignments where id=?
2025-10-25T10:10:40.549+09:00 DEBUG 16416 --- [Shift Scheduler Demo] [           main] org.hibernate.SQL                        : delete from shift_assignments where id=?
Hibernate: delete from shift_assignments where id=?
2025-10-25T10:10:40.549+09:00 DEBUG 16416 --- [Shift Scheduler Demo] [           main] org.hibernate.SQL                        : delete from shift_assignments where id=?
Hibernate: delete from shift_assignments where id=?
2025-10-25T10:10:40.550+09:00 DEBUG 16416 --- [Shift Scheduler Demo] [           main] org.hibernate.SQL                        : delete from shift_assignments where id=?
Hibernate: delete from shift_assignments where id=?
2025-10-25T10:10:40.550+09:00 DEBUG 16416 --- [Shift Scheduler Demo] [           main] org.hibernate.SQL                        : delete from shift_assignments where id=?
Hibernate: delete from shift_assignments where id=?
2025-10-25T10:10:40.550+09:00 DEBUG 16416 --- [Shift Scheduler Demo] [           main] org.hibernate.SQL                        : delete from shift_assignments where id=?
Hibernate: delete from shift_assignments where id=?
2025-10-25T10:10:40.550+09:00 DEBUG 16416 --- [Shift Scheduler Demo] [           main] org.hibernate.SQL                        : delete from shift_assignments where id=?
Hibernate: delete from shift_assignments where id=?
2025-10-25T10:10:40.550+09:00 DEBUG 16416 --- [Shift Scheduler Demo] [           main] org.hibernate.SQL                        : delete from shift_assignments where id=?
Hibernate: delete from shift_assignments where id=?
2025-10-25T10:10:40.550+09:00 DEBUG 16416 --- [Shift Scheduler Demo] [           main] org.hibernate.SQL                        : delete from shift_assignments where id=?
Hibernate: delete from shift_assignments where id=?
2025-10-25T10:10:40.550+09:00 DEBUG 16416 --- [Shift Scheduler Demo] [           main] org.hibernate.SQL                        : delete from shift_assignments where id=?
Hibernate: delete from shift_assignments where id=?
2025-10-25T10:10:40.550+09:00 DEBUG 16416 --- [Shift Scheduler Demo] [           main] org.hibernate.SQL                        : delete from shift_assignments where id=?
Hibernate: delete from shift_assignments where id=?
2025-10-25T10:10:40.550+09:00 DEBUG 16416 --- [Shift Scheduler Demo] [           main] org.hibernate.SQL                        : delete from shift_assignments where id=?
Hibernate: delete from shift_assignments where id=?
2025-10-25T10:10:40.550+09:00 DEBUG 16416 --- [Shift Scheduler Demo] [           main] org.hibernate.SQL                        : delete from shift_assignments where id=?
Hibernate: delete from shift_assignments where id=?
2025-10-25T10:10:40.550+09:00 DEBUG 16416 --- [Shift Scheduler Demo] [           main] org.hibernate.SQL                        : delete from shift_assignments where id=?
Hibernate: delete from shift_assignments where id=?
2025-10-25T10:10:40.550+09:00 DEBUG 16416 --- [Shift Scheduler Demo] [           main] org.hibernate.SQL                        : delete from shift_assignments where id=?
Hibernate: delete from shift_assignments where id=?
2025-10-25T10:10:40.550+09:00 DEBUG 16416 --- [Shift Scheduler Demo] [           main] org.hibernate.SQL                        : delete from shift_assignments where id=?
Hibernate: delete from shift_assignments where id=?
2025-10-25T10:10:40.550+09:00 DEBUG 16416 --- [Shift Scheduler Demo] [           main] org.hibernate.SQL                        : delete from shift_assignments where id=?
Hibernate: delete from shift_assignments where id=?
2025-10-25T10:10:40.550+09:00 DEBUG 16416 --- [Shift Scheduler Demo] [           main] org.hibernate.SQL                        : delete from shift_assignments where id=?
Hibernate: delete from shift_assignments where id=?
2025-10-25T10:10:40.550+09:00 DEBUG 16416 --- [Shift Scheduler Demo] [           main] org.hibernate.SQL                        : delete from shift_assignments where id=?
Hibernate: delete from shift_assignments where id=?
2025-10-25T10:10:40.550+09:00 DEBUG 16416 --- [Shift Scheduler Demo] [           main] org.hibernate.SQL                        : delete from shift_assignments where id=?
Hibernate: delete from shift_assignments where id=?
2025-10-25T10:10:40.551+09:00 DEBUG 16416 --- [Shift Scheduler Demo] [           main] org.hibernate.SQL                        : delete from shift_assignments where id=?
Hibernate: delete from shift_assignments where id=?
2025-10-25T10:10:40.551+09:00 DEBUG 16416 --- [Shift Scheduler Demo] [           main] org.hibernate.SQL                        : delete from shift_assignments where id=?
Hibernate: delete from shift_assignments where id=?
2025-10-25T10:10:40.551+09:00 DEBUG 16416 --- [Shift Scheduler Demo] [           main] org.hibernate.SQL                        : delete from shift_assignments where id=?
Hibernate: delete from shift_assignments where id=?
2025-10-25T10:10:40.551+09:00 DEBUG 16416 --- [Shift Scheduler Demo] [           main] org.hibernate.SQL                        : delete from shift_assignments where id=?
Hibernate: delete from shift_assignments where id=?
2025-10-25T10:10:40.551+09:00 DEBUG 16416 --- [Shift Scheduler Demo] [           main] org.hibernate.SQL                        : delete from shift_assignments where id=?
Hibernate: delete from shift_assignments where id=?
2025-10-25T10:10:40.551+09:00 DEBUG 16416 --- [Shift Scheduler Demo] [           main] org.hibernate.SQL                        : delete from shift_assignments where id=?
Hibernate: delete from shift_assignments where id=?
2025-10-25T10:10:40.551+09:00 DEBUG 16416 --- [Shift Scheduler Demo] [           main] org.hibernate.SQL                        : delete from shift_assignments where id=?
Hibernate: delete from shift_assignments where id=?
2025-10-25T10:10:40.551+09:00 DEBUG 16416 --- [Shift Scheduler Demo] [           main] org.hibernate.SQL                        : delete from shift_assignments where id=?
Hibernate: delete from shift_assignments where id=?
2025-10-25T10:10:40.551+09:00 DEBUG 16416 --- [Shift Scheduler Demo] [           main] org.hibernate.SQL                        : delete from shift_assignments where id=?
Hibernate: delete from shift_assignments where id=?
2025-10-25T10:10:40.551+09:00 DEBUG 16416 --- [Shift Scheduler Demo] [           main] org.hibernate.SQL                        : delete from shift_assignments where id=?
Hibernate: delete from shift_assignments where id=?
2025-10-25T10:10:40.551+09:00 DEBUG 16416 --- [Shift Scheduler Demo] [           main] org.hibernate.SQL                        : delete from shift_assignments where id=?
Hibernate: delete from shift_assignments where id=?
2025-10-25T10:10:40.551+09:00 DEBUG 16416 --- [Shift Scheduler Demo] [           main] org.hibernate.SQL                        : delete from shift_assignments where id=?
Hibernate: delete from shift_assignments where id=?
2025-10-25T10:10:40.551+09:00 DEBUG 16416 --- [Shift Scheduler Demo] [           main] org.hibernate.SQL                        : delete from shift_assignments where id=?
Hibernate: delete from shift_assignments where id=?
2025-10-25T10:10:40.551+09:00 DEBUG 16416 --- [Shift Scheduler Demo] [           main] org.hibernate.SQL                        : delete from shift_assignments where id=?
Hibernate: delete from shift_assignments where id=?
2025-10-25T10:10:40.551+09:00 DEBUG 16416 --- [Shift Scheduler Demo] [           main] org.hibernate.SQL                        : delete from shift_assignments where id=?
Hibernate: delete from shift_assignments where id=?
2025-10-25T10:10:40.551+09:00 DEBUG 16416 --- [Shift Scheduler Demo] [           main] org.hibernate.SQL                        : delete from shift_assignments where id=?
Hibernate: delete from shift_assignments where id=?
2025-10-25T10:10:40.551+09:00 DEBUG 16416 --- [Shift Scheduler Demo] [           main] org.hibernate.SQL                        : delete from shift_assignments where id=?
Hibernate: delete from shift_assignments where id=?
2025-10-25T10:10:40.551+09:00 DEBUG 16416 --- [Shift Scheduler Demo] [           main] org.hibernate.SQL                        : delete from shift_assignments where id=?
Hibernate: delete from shift_assignments where id=?
2025-10-25T10:10:40.551+09:00 DEBUG 16416 --- [Shift Scheduler Demo] [           main] org.hibernate.SQL                        : delete from shift_assignments where id=?
Hibernate: delete from shift_assignments where id=?
2025-10-25T10:10:40.551+09:00 DEBUG 16416 --- [Shift Scheduler Demo] [           main] org.hibernate.SQL                        : delete from shift_assignments where id=?
Hibernate: delete from shift_assignments where id=?
2025-10-25T10:10:40.551+09:00 DEBUG 16416 --- [Shift Scheduler Demo] [           main] org.hibernate.SQL                        : delete from shift_assignments where id=?
Hibernate: delete from shift_assignments where id=?
2025-10-25T10:10:40.551+09:00 DEBUG 16416 --- [Shift Scheduler Demo] [           main] org.hibernate.SQL                        : delete from shift_assignments where id=?
Hibernate: delete from shift_assignments where id=?
2025-10-25T10:10:40.551+09:00 DEBUG 16416 --- [Shift Scheduler Demo] [           main] org.hibernate.SQL                        : delete from shift_assignments where id=?
Hibernate: delete from shift_assignments where id=?
2025-10-25T10:10:40.552+09:00 DEBUG 16416 --- [Shift Scheduler Demo] [           main] org.hibernate.SQL                        : delete from shift_assignments where id=?
Hibernate: delete from shift_assignments where id=?
2025-10-25T10:10:40.552+09:00 DEBUG 16416 --- [Shift Scheduler Demo] [           main] org.hibernate.SQL                        : delete from shift_assignments where id=?
Hibernate: delete from shift_assignments where id=?
2025-10-25T10:10:40.552+09:00 DEBUG 16416 --- [Shift Scheduler Demo] [           main] org.hibernate.SQL                        : delete from shift_assignments where id=?
Hibernate: delete from shift_assignments where id=?
2025-10-25T10:10:40.552+09:00 DEBUG 16416 --- [Shift Scheduler Demo] [           main] org.hibernate.SQL                        : delete from shift_assignments where id=?
Hibernate: delete from shift_assignments where id=?
2025-10-25T10:10:40.552+09:00 DEBUG 16416 --- [Shift Scheduler Demo] [           main] org.hibernate.SQL                        : delete from shift_assignments where id=?
Hibernate: delete from shift_assignments where id=?
2025-10-25T10:10:40.552+09:00 DEBUG 16416 --- [Shift Scheduler Demo] [           main] org.hibernate.SQL                        : delete from shift_assignments where id=?
Hibernate: delete from shift_assignments where id=?
2025-10-25T10:10:40.552+09:00 DEBUG 16416 --- [Shift Scheduler Demo] [           main] org.hibernate.SQL                        : delete from shift_assignments where id=?
Hibernate: delete from shift_assignments where id=?
2025-10-25T10:10:40.552+09:00 DEBUG 16416 --- [Shift Scheduler Demo] [           main] org.hibernate.SQL                        : delete from shift_assignments where id=?
Hibernate: delete from shift_assignments where id=?
2025-10-25T10:10:40.552+09:00 DEBUG 16416 --- [Shift Scheduler Demo] [           main] org.hibernate.SQL                        : delete from shift_assignments where id=?
Hibernate: delete from shift_assignments where id=?
2025-10-25T10:10:40.552+09:00 DEBUG 16416 --- [Shift Scheduler Demo] [           main] org.hibernate.SQL                        : delete from shift_assignments where id=?
Hibernate: delete from shift_assignments where id=?
2025-10-25T10:10:40.552+09:00 DEBUG 16416 --- [Shift Scheduler Demo] [           main] org.hibernate.SQL                        : delete from shift_assignments where id=?
Hibernate: delete from shift_assignments where id=?
2025-10-25T10:10:40.552+09:00 DEBUG 16416 --- [Shift Scheduler Demo] [           main] org.hibernate.SQL                        : delete from shift_assignments where id=?
Hibernate: delete from shift_assignments where id=?
2025-10-25T10:10:40.552+09:00 DEBUG 16416 --- [Shift Scheduler Demo] [           main] org.hibernate.SQL                        : delete from shift_assignments where id=?
Hibernate: delete from shift_assignments where id=?
2025-10-25T10:10:40.552+09:00 DEBUG 16416 --- [Shift Scheduler Demo] [           main] org.hibernate.SQL                        : delete from shift_assignments where id=?
Hibernate: delete from shift_assignments where id=?
2025-10-25T10:10:40.552+09:00 DEBUG 16416 --- [Shift Scheduler Demo] [           main] org.hibernate.SQL                        : delete from shift_assignments where id=?
Hibernate: delete from shift_assignments where id=?
2025-10-25T10:10:40.552+09:00 DEBUG 16416 --- [Shift Scheduler Demo] [           main] org.hibernate.SQL                        : delete from shift_assignments where id=?
Hibernate: delete from shift_assignments where id=?
2025-10-25T10:10:40.552+09:00 DEBUG 16416 --- [Shift Scheduler Demo] [           main] org.hibernate.SQL                        : delete from shift_assignments where id=?
Hibernate: delete from shift_assignments where id=?
2025-10-25T10:10:40.552+09:00 DEBUG 16416 --- [Shift Scheduler Demo] [           main] org.hibernate.SQL                        : delete from shift_assignments where id=?
Hibernate: delete from shift_assignments where id=?
2025-10-25T10:10:40.552+09:00 DEBUG 16416 --- [Shift Scheduler Demo] [           main] org.hibernate.SQL                        : delete from shift_assignments where id=?
Hibernate: delete from shift_assignments where id=?
2025-10-25T10:10:40.552+09:00 DEBUG 16416 --- [Shift Scheduler Demo] [           main] org.hibernate.SQL                        : delete from shift_assignments where id=?
Hibernate: delete from shift_assignments where id=?
2025-10-25T10:10:40.552+09:00 DEBUG 16416 --- [Shift Scheduler Demo] [           main] org.hibernate.SQL                        : delete from shift_assignments where id=?
Hibernate: delete from shift_assignments where id=?
2025-10-25T10:10:40.552+09:00 DEBUG 16416 --- [Shift Scheduler Demo] [           main] org.hibernate.SQL                        : delete from shift_assignments where id=?
Hibernate: delete from shift_assignments where id=?
2025-10-25T10:10:40.552+09:00 DEBUG 16416 --- [Shift Scheduler Demo] [           main] org.hibernate.SQL                        : delete from shift_assignments where id=?
Hibernate: delete from shift_assignments where id=?
2025-10-25T10:10:40.552+09:00 DEBUG 16416 --- [Shift Scheduler Demo] [           main] org.hibernate.SQL                        : delete from shift_assignments where id=?
Hibernate: delete from shift_assignments where id=?
2025-10-25T10:10:40.552+09:00 DEBUG 16416 --- [Shift Scheduler Demo] [           main] org.hibernate.SQL                        : delete from shift_assignments where id=?
Hibernate: delete from shift_assignments where id=?
2025-10-25T10:10:40.552+09:00 DEBUG 16416 --- [Shift Scheduler Demo] [           main] org.hibernate.SQL                        : delete from shift_assignments where id=?
Hibernate: delete from shift_assignments where id=?
2025-10-25T10:10:40.552+09:00 DEBUG 16416 --- [Shift Scheduler Demo] [           main] org.hibernate.SQL                        : delete from shift_assignments where id=?
Hibernate: delete from shift_assignments where id=?
2025-10-25T10:10:40.552+09:00 DEBUG 16416 --- [Shift Scheduler Demo] [           main] org.hibernate.SQL                        : delete from shift_assignments where id=?
Hibernate: delete from shift_assignments where id=?
2025-10-25T10:10:40.552+09:00 DEBUG 16416 --- [Shift Scheduler Demo] [           main] org.hibernate.SQL                        : delete from shift_assignments where id=?
Hibernate: delete from shift_assignments where id=?
2025-10-25T10:10:40.553+09:00 DEBUG 16416 --- [Shift Scheduler Demo] [           main] org.hibernate.SQL                        : delete from shift_assignments where id=?
Hibernate: delete from shift_assignments where id=?
2025-10-25T10:10:40.553+09:00 DEBUG 16416 --- [Shift Scheduler Demo] [           main] org.hibernate.SQL                        : delete from shift_assignments where id=?
Hibernate: delete from shift_assignments where id=?
2025-10-25T10:10:40.553+09:00 DEBUG 16416 --- [Shift Scheduler Demo] [           main] org.hibernate.SQL                        : delete from shift_assignments where id=?
Hibernate: delete from shift_assignments where id=?
2025-10-25T10:10:40.553+09:00 DEBUG 16416 --- [Shift Scheduler Demo] [           main] org.hibernate.SQL                        : delete from shift_assignments where id=?
Hibernate: delete from shift_assignments where id=?
2025-10-25T10:10:40.553+09:00 DEBUG 16416 --- [Shift Scheduler Demo] [           main] org.hibernate.SQL                        : delete from shift_assignments where id=?
Hibernate: delete from shift_assignments where id=?
2025-10-25T10:10:40.553+09:00 DEBUG 16416 --- [Shift Scheduler Demo] [           main] org.hibernate.SQL                        : delete from shift_assignments where id=?
Hibernate: delete from shift_assignments where id=?
2025-10-25T10:10:40.553+09:00 DEBUG 16416 --- [Shift Scheduler Demo] [           main] org.hibernate.SQL                        : delete from shift_assignments where id=?
Hibernate: delete from shift_assignments where id=?
2025-10-25T10:10:40.553+09:00 DEBUG 16416 --- [Shift Scheduler Demo] [           main] org.hibernate.SQL                        : delete from shift_assignments where id=?
Hibernate: delete from shift_assignments where id=?
2025-10-25T10:10:40.553+09:00 DEBUG 16416 --- [Shift Scheduler Demo] [           main] org.hibernate.SQL                        : delete from shift_assignments where id=?
Hibernate: delete from shift_assignments where id=?
2025-10-25T10:10:40.553+09:00 DEBUG 16416 --- [Shift Scheduler Demo] [           main] org.hibernate.SQL                        : delete from shift_assignments where id=?
Hibernate: delete from shift_assignments where id=?
2025-10-25T10:10:40.553+09:00 DEBUG 16416 --- [Shift Scheduler Demo] [           main] org.hibernate.SQL                        : delete from shift_assignments where id=?
Hibernate: delete from shift_assignments where id=?
2025-10-25T10:10:40.553+09:00 DEBUG 16416 --- [Shift Scheduler Demo] [           main] org.hibernate.SQL                        : delete from shift_assignments where id=?
Hibernate: delete from shift_assignments where id=?
2025-10-25T10:10:40.553+09:00 DEBUG 16416 --- [Shift Scheduler Demo] [           main] org.hibernate.SQL                        : delete from shift_assignments where id=?
Hibernate: delete from shift_assignments where id=?
2025-10-25T10:10:40.554+09:00 DEBUG 16416 --- [Shift Scheduler Demo] [           main] org.hibernate.SQL                        : delete from shift_assignments where id=?
Hibernate: delete from shift_assignments where id=?
2025-10-25T10:10:40.554+09:00 DEBUG 16416 --- [Shift Scheduler Demo] [           main] org.hibernate.SQL                        : delete from shift_assignments where id=?
Hibernate: delete from shift_assignments where id=?
2025-10-25T10:10:40.554+09:00 DEBUG 16416 --- [Shift Scheduler Demo] [           main] org.hibernate.SQL                        : delete from shift_assignments where id=?
Hibernate: delete from shift_assignments where id=?
2025-10-25T10:10:40.554+09:00 DEBUG 16416 --- [Shift Scheduler Demo] [           main] org.hibernate.SQL                        : delete from shift_assignments where id=?
Hibernate: delete from shift_assignments where id=?
2025-10-25T10:10:40.554+09:00 DEBUG 16416 --- [Shift Scheduler Demo] [           main] org.hibernate.SQL                        : delete from shift_assignments where id=?
Hibernate: delete from shift_assignments where id=?
2025-10-25T10:10:40.555+09:00 DEBUG 16416 --- [Shift Scheduler Demo] [           main] org.hibernate.SQL                        : delete from shift_assignments where id=?
Hibernate: delete from shift_assignments where id=?
2025-10-25T10:10:40.555+09:00 DEBUG 16416 --- [Shift Scheduler Demo] [           main] org.hibernate.SQL                        : delete from shift_assignments where id=?
Hibernate: delete from shift_assignments where id=?
2025-10-25T10:10:40.555+09:00 DEBUG 16416 --- [Shift Scheduler Demo] [           main] org.hibernate.SQL                        : delete from shift_assignments where id=?
Hibernate: delete from shift_assignments where id=?
2025-10-25T10:10:40.556+09:00 DEBUG 16416 --- [Shift Scheduler Demo] [           main] org.hibernate.SQL                        : delete from shift_assignments where id=?
Hibernate: delete from shift_assignments where id=?
2025-10-25T10:10:40.556+09:00 DEBUG 16416 --- [Shift Scheduler Demo] [           main] org.hibernate.SQL                        : delete from shift_assignments where id=?
Hibernate: delete from shift_assignments where id=?
2025-10-25T10:10:40.556+09:00 DEBUG 16416 --- [Shift Scheduler Demo] [           main] org.hibernate.SQL                        : delete from shift_assignments where id=?
Hibernate: delete from shift_assignments where id=?
2025-10-25T10:10:40.556+09:00 DEBUG 16416 --- [Shift Scheduler Demo] [           main] org.hibernate.SQL                        : delete from shift_assignments where id=?
Hibernate: delete from shift_assignments where id=?
2025-10-25T10:10:40.556+09:00 DEBUG 16416 --- [Shift Scheduler Demo] [           main] org.hibernate.SQL                        : delete from shift_assignments where id=?
Hibernate: delete from shift_assignments where id=?
2025-10-25T10:10:40.556+09:00 DEBUG 16416 --- [Shift Scheduler Demo] [           main] org.hibernate.SQL                        : delete from shift_assignments where id=?
Hibernate: delete from shift_assignments where id=?
2025-10-25T10:10:40.556+09:00 DEBUG 16416 --- [Shift Scheduler Demo] [           main] org.hibernate.SQL                        : delete from shift_assignments where id=?
Hibernate: delete from shift_assignments where id=?
2025-10-25T10:10:40.556+09:00 DEBUG 16416 --- [Shift Scheduler Demo] [           main] org.hibernate.SQL                        : delete from shift_assignments where id=?
Hibernate: delete from shift_assignments where id=?
2025-10-25T10:10:40.556+09:00 DEBUG 16416 --- [Shift Scheduler Demo] [           main] org.hibernate.SQL                        : delete from shift_assignments where id=?
Hibernate: delete from shift_assignments where id=?
2025-10-25T10:10:40.556+09:00 DEBUG 16416 --- [Shift Scheduler Demo] [           main] org.hibernate.SQL                        : delete from shift_assignments where id=?
Hibernate: delete from shift_assignments where id=?
2025-10-25T10:10:40.556+09:00 DEBUG 16416 --- [Shift Scheduler Demo] [           main] org.hibernate.SQL                        : delete from shift_assignments where id=?
Hibernate: delete from shift_assignments where id=?
2025-10-25T10:10:40.556+09:00 DEBUG 16416 --- [Shift Scheduler Demo] [           main] org.hibernate.SQL                        : delete from shift_assignments where id=?
Hibernate: delete from shift_assignments where id=?
2025-10-25T10:10:40.556+09:00 DEBUG 16416 --- [Shift Scheduler Demo] [           main] org.hibernate.SQL                        : delete from shift_assignments where id=?
Hibernate: delete from shift_assignments where id=?
2025-10-25T10:10:40.556+09:00 DEBUG 16416 --- [Shift Scheduler Demo] [           main] org.hibernate.SQL                        : delete from shift_assignments where id=?
Hibernate: delete from shift_assignments where id=?
2025-10-25T10:10:40.556+09:00 DEBUG 16416 --- [Shift Scheduler Demo] [           main] org.hibernate.SQL                        : delete from shift_assignments where id=?
Hibernate: delete from shift_assignments where id=?
2025-10-25T10:10:40.557+09:00 DEBUG 16416 --- [Shift Scheduler Demo] [           main] org.hibernate.SQL                        : delete from shift_assignments where id=?
Hibernate: delete from shift_assignments where id=?
2025-10-25T10:10:40.557+09:00 DEBUG 16416 --- [Shift Scheduler Demo] [           main] org.hibernate.SQL                        : delete from shift_assignments where id=?
Hibernate: delete from shift_assignments where id=?
2025-10-25T10:10:40.557+09:00 DEBUG 16416 --- [Shift Scheduler Demo] [           main] org.hibernate.SQL                        : delete from shift_assignments where id=?
Hibernate: delete from shift_assignments where id=?
2025-10-25T10:10:40.557+09:00 DEBUG 16416 --- [Shift Scheduler Demo] [           main] org.hibernate.SQL                        : delete from shift_assignments where id=?
Hibernate: delete from shift_assignments where id=?
2025-10-25T10:10:40.557+09:00 DEBUG 16416 --- [Shift Scheduler Demo] [           main] org.hibernate.SQL                        : delete from shift_assignments where id=?
Hibernate: delete from shift_assignments where id=?
2025-10-25T10:10:40.557+09:00 DEBUG 16416 --- [Shift Scheduler Demo] [           main] org.hibernate.SQL                        : delete from shift_assignments where id=?
Hibernate: delete from shift_assignments where id=?
2025-10-25T10:10:40.557+09:00 DEBUG 16416 --- [Shift Scheduler Demo] [           main] org.hibernate.SQL                        : delete from shift_assignments where id=?
Hibernate: delete from shift_assignments where id=?
2025-10-25T10:10:40.557+09:00 DEBUG 16416 --- [Shift Scheduler Demo] [           main] org.hibernate.SQL                        : delete from shift_assignments where id=?
Hibernate: delete from shift_assignments where id=?
2025-10-25T10:10:40.557+09:00 DEBUG 16416 --- [Shift Scheduler Demo] [           main] org.hibernate.SQL                        : delete from shift_assignments where id=?
Hibernate: delete from shift_assignments where id=?
2025-10-25T10:10:40.557+09:00 DEBUG 16416 --- [Shift Scheduler Demo] [           main] org.hibernate.SQL                        : delete from shift_assignments where id=?
Hibernate: delete from shift_assignments where id=?
2025-10-25T10:10:40.557+09:00 DEBUG 16416 --- [Shift Scheduler Demo] [           main] org.hibernate.SQL                        : delete from shift_assignments where id=?
Hibernate: delete from shift_assignments where id=?
2025-10-25T10:10:40.557+09:00 DEBUG 16416 --- [Shift Scheduler Demo] [           main] org.hibernate.SQL                        : delete from shift_assignments where id=?
Hibernate: delete from shift_assignments where id=?
2025-10-25T10:10:40.557+09:00 DEBUG 16416 --- [Shift Scheduler Demo] [           main] org.hibernate.SQL                        : delete from shift_assignments where id=?
Hibernate: delete from shift_assignments where id=?
2025-10-25T10:10:40.557+09:00 DEBUG 16416 --- [Shift Scheduler Demo] [           main] org.hibernate.SQL                        : delete from shift_assignments where id=?
Hibernate: delete from shift_assignments where id=?
2025-10-25T10:10:40.557+09:00 DEBUG 16416 --- [Shift Scheduler Demo] [           main] org.hibernate.SQL                        : delete from shift_assignments where id=?
Hibernate: delete from shift_assignments where id=?
2025-10-25T10:10:40.557+09:00 DEBUG 16416 --- [Shift Scheduler Demo] [           main] org.hibernate.SQL                        : delete from shift_assignments where id=?
Hibernate: delete from shift_assignments where id=?
2025-10-25T10:10:40.557+09:00 DEBUG 16416 --- [Shift Scheduler Demo] [           main] org.hibernate.SQL                        : delete from shift_assignments where id=?
Hibernate: delete from shift_assignments where id=?
2025-10-25T10:10:40.557+09:00 DEBUG 16416 --- [Shift Scheduler Demo] [           main] org.hibernate.SQL                        : delete from shift_assignments where id=?
Hibernate: delete from shift_assignments where id=?
2025-10-25T10:10:40.557+09:00 DEBUG 16416 --- [Shift Scheduler Demo] [           main] org.hibernate.SQL                        : delete from shift_assignments where id=?
Hibernate: delete from shift_assignments where id=?
2025-10-25T10:10:40.557+09:00 DEBUG 16416 --- [Shift Scheduler Demo] [           main] org.hibernate.SQL                        : delete from shift_assignments where id=?
Hibernate: delete from shift_assignments where id=?
2025-10-25T10:10:40.557+09:00 DEBUG 16416 --- [Shift Scheduler Demo] [           main] org.hibernate.SQL                        : delete from shift_assignments where id=?
Hibernate: delete from shift_assignments where id=?
2025-10-25T10:10:40.557+09:00 DEBUG 16416 --- [Shift Scheduler Demo] [           main] org.hibernate.SQL                        : delete from shift_assignments where id=?
Hibernate: delete from shift_assignments where id=?
2025-10-25T10:10:40.557+09:00 DEBUG 16416 --- [Shift Scheduler Demo] [           main] org.hibernate.SQL                        : delete from shift_assignments where id=?
Hibernate: delete from shift_assignments where id=?
2025-10-25T10:10:40.558+09:00 DEBUG 16416 --- [Shift Scheduler Demo] [           main] org.hibernate.SQL                        : delete from shift_assignments where id=?
Hibernate: delete from shift_assignments where id=?
2025-10-25T10:10:40.558+09:00 DEBUG 16416 --- [Shift Scheduler Demo] [           main] org.hibernate.SQL                        : delete from shift_assignments where id=?
Hibernate: delete from shift_assignments where id=?
2025-10-25T10:10:40.558+09:00 DEBUG 16416 --- [Shift Scheduler Demo] [           main] org.hibernate.SQL                        : delete from shift_assignments where id=?
Hibernate: delete from shift_assignments where id=?
2025-10-25T10:10:40.558+09:00 DEBUG 16416 --- [Shift Scheduler Demo] [           main] org.hibernate.SQL                        : delete from shift_assignments where id=?
Hibernate: delete from shift_assignments where id=?
2025-10-25T10:10:40.558+09:00 DEBUG 16416 --- [Shift Scheduler Demo] [           main] org.hibernate.SQL                        : delete from shift_assignments where id=?
Hibernate: delete from shift_assignments where id=?
2025-10-25T10:10:40.558+09:00 DEBUG 16416 --- [Shift Scheduler Demo] [           main] org.hibernate.SQL                        : delete from shift_assignments where id=?
Hibernate: delete from shift_assignments where id=?
2025-10-25T10:10:40.558+09:00 DEBUG 16416 --- [Shift Scheduler Demo] [           main] org.hibernate.SQL                        : delete from shift_assignments where id=?
Hibernate: delete from shift_assignments where id=?
2025-10-25T10:10:40.558+09:00 DEBUG 16416 --- [Shift Scheduler Demo] [           main] org.hibernate.SQL                        : delete from shift_assignments where id=?
Hibernate: delete from shift_assignments where id=?
2025-10-25T10:10:40.558+09:00 DEBUG 16416 --- [Shift Scheduler Demo] [           main] org.hibernate.SQL                        : delete from shift_assignments where id=?
Hibernate: delete from shift_assignments where id=?
2025-10-25T10:10:40.558+09:00 DEBUG 16416 --- [Shift Scheduler Demo] [           main] org.hibernate.SQL                        : delete from shift_assignments where id=?
Hibernate: delete from shift_assignments where id=?
2025-10-25T10:10:40.558+09:00 DEBUG 16416 --- [Shift Scheduler Demo] [           main] org.hibernate.SQL                        : delete from shift_assignments where id=?
Hibernate: delete from shift_assignments where id=?
2025-10-25T10:10:40.558+09:00 DEBUG 16416 --- [Shift Scheduler Demo] [           main] org.hibernate.SQL                        : delete from shift_assignments where id=?
Hibernate: delete from shift_assignments where id=?
2025-10-25T10:10:40.558+09:00 DEBUG 16416 --- [Shift Scheduler Demo] [           main] org.hibernate.SQL                        : delete from shift_assignments where id=?
Hibernate: delete from shift_assignments where id=?
2025-10-25T10:10:40.558+09:00 DEBUG 16416 --- [Shift Scheduler Demo] [           main] org.hibernate.SQL                        : delete from shift_assignments where id=?
Hibernate: delete from shift_assignments where id=?
2025-10-25T10:10:40.558+09:00 DEBUG 16416 --- [Shift Scheduler Demo] [           main] org.hibernate.SQL                        : delete from shift_assignments where id=?
Hibernate: delete from shift_assignments where id=?
2025-10-25T10:10:40.558+09:00 DEBUG 16416 --- [Shift Scheduler Demo] [           main] org.hibernate.SQL                        : delete from shift_assignments where id=?
Hibernate: delete from shift_assignments where id=?
2025-10-25T10:10:40.558+09:00 DEBUG 16416 --- [Shift Scheduler Demo] [           main] org.hibernate.SQL                        : delete from shift_assignments where id=?
Hibernate: delete from shift_assignments where id=?
2025-10-25T10:10:40.558+09:00 DEBUG 16416 --- [Shift Scheduler Demo] [           main] org.hibernate.SQL                        : delete from shift_assignments where id=?
Hibernate: delete from shift_assignments where id=?
2025-10-25T10:10:40.558+09:00 DEBUG 16416 --- [Shift Scheduler Demo] [           main] org.hibernate.SQL                        : delete from shift_assignments where id=?
Hibernate: delete from shift_assignments where id=?
2025-10-25T10:10:40.558+09:00 DEBUG 16416 --- [Shift Scheduler Demo] [           main] org.hibernate.SQL                        : delete from shift_assignments where id=?
Hibernate: delete from shift_assignments where id=?
2025-10-25T10:10:40.558+09:00 DEBUG 16416 --- [Shift Scheduler Demo] [           main] org.hibernate.SQL                        : delete from shift_assignments where id=?
Hibernate: delete from shift_assignments where id=?
2025-10-25T10:10:40.558+09:00 DEBUG 16416 --- [Shift Scheduler Demo] [           main] org.hibernate.SQL                        : delete from shift_assignments where id=?
Hibernate: delete from shift_assignments where id=?
2025-10-25T10:10:40.558+09:00 DEBUG 16416 --- [Shift Scheduler Demo] [           main] org.hibernate.SQL                        : delete from shift_assignments where id=?
Hibernate: delete from shift_assignments where id=?
2025-10-25T10:10:40.558+09:00 DEBUG 16416 --- [Shift Scheduler Demo] [           main] org.hibernate.SQL                        : delete from shift_assignments where id=?
Hibernate: delete from shift_assignments where id=?
2025-10-25T10:10:40.558+09:00 DEBUG 16416 --- [Shift Scheduler Demo] [           main] org.hibernate.SQL                        : delete from shift_assignments where id=?
Hibernate: delete from shift_assignments where id=?
2025-10-25T10:10:40.558+09:00 DEBUG 16416 --- [Shift Scheduler Demo] [           main] org.hibernate.SQL                        : delete from shift_assignments where id=?
Hibernate: delete from shift_assignments where id=?
2025-10-25T10:10:40.559+09:00 DEBUG 16416 --- [Shift Scheduler Demo] [           main] org.hibernate.SQL                        : delete from shift_assignments where id=?
Hibernate: delete from shift_assignments where id=?
2025-10-25T10:10:40.559+09:00 DEBUG 16416 --- [Shift Scheduler Demo] [           main] org.hibernate.SQL                        : delete from shift_assignments where id=?
Hibernate: delete from shift_assignments where id=?
2025-10-25T10:10:40.559+09:00 DEBUG 16416 --- [Shift Scheduler Demo] [           main] org.hibernate.SQL                        : delete from shift_assignments where id=?
Hibernate: delete from shift_assignments where id=?
2025-10-25T10:10:40.559+09:00 DEBUG 16416 --- [Shift Scheduler Demo] [           main] org.hibernate.SQL                        : delete from shift_assignments where id=?
Hibernate: delete from shift_assignments where id=?
2025-10-25T10:10:40.559+09:00 DEBUG 16416 --- [Shift Scheduler Demo] [           main] org.hibernate.SQL                        : delete from shift_assignments where id=?
Hibernate: delete from shift_assignments where id=?
2025-10-25T10:10:40.559+09:00 DEBUG 16416 --- [Shift Scheduler Demo] [           main] org.hibernate.SQL                        : delete from shift_assignments where id=?
Hibernate: delete from shift_assignments where id=?
2025-10-25T10:10:40.559+09:00 DEBUG 16416 --- [Shift Scheduler Demo] [           main] org.hibernate.SQL                        : delete from shift_assignments where id=?
Hibernate: delete from shift_assignments where id=?
2025-10-25T10:10:40.559+09:00 DEBUG 16416 --- [Shift Scheduler Demo] [           main] org.hibernate.SQL                        : delete from shift_assignments where id=?
Hibernate: delete from shift_assignments where id=?
2025-10-25T10:10:40.559+09:00 DEBUG 16416 --- [Shift Scheduler Demo] [           main] org.hibernate.SQL                        : delete from shift_assignments where id=?
Hibernate: delete from shift_assignments where id=?
2025-10-25T10:10:40.559+09:00 DEBUG 16416 --- [Shift Scheduler Demo] [           main] org.hibernate.SQL                        : delete from shift_assignments where id=?
Hibernate: delete from shift_assignments where id=?
2025-10-25T10:10:40.559+09:00 DEBUG 16416 --- [Shift Scheduler Demo] [           main] org.hibernate.SQL                        : delete from shift_assignments where id=?
Hibernate: delete from shift_assignments where id=?
2025-10-25T10:10:40.559+09:00 DEBUG 16416 --- [Shift Scheduler Demo] [           main] org.hibernate.SQL                        : delete from shift_assignments where id=?
Hibernate: delete from shift_assignments where id=?
2025-10-25T10:10:40.559+09:00 DEBUG 16416 --- [Shift Scheduler Demo] [           main] org.hibernate.SQL                        : delete from shift_assignments where id=?
Hibernate: delete from shift_assignments where id=?
2025-10-25T10:10:40.559+09:00 DEBUG 16416 --- [Shift Scheduler Demo] [           main] org.hibernate.SQL                        : delete from shift_assignments where id=?
Hibernate: delete from shift_assignments where id=?
2025-10-25T10:10:40.559+09:00 DEBUG 16416 --- [Shift Scheduler Demo] [           main] org.hibernate.SQL                        : delete from shift_assignments where id=?
Hibernate: delete from shift_assignments where id=?
2025-10-25T10:10:40.559+09:00 DEBUG 16416 --- [Shift Scheduler Demo] [           main] org.hibernate.SQL                        : delete from shift_assignments where id=?
Hibernate: delete from shift_assignments where id=?
2025-10-25T10:10:40.559+09:00 DEBUG 16416 --- [Shift Scheduler Demo] [           main] org.hibernate.SQL                        : delete from shift_assignments where id=?
Hibernate: delete from shift_assignments where id=?
2025-10-25T10:10:40.559+09:00 DEBUG 16416 --- [Shift Scheduler Demo] [           main] org.hibernate.SQL                        : delete from shift_assignments where id=?
Hibernate: delete from shift_assignments where id=?
2025-10-25T10:10:40.559+09:00 DEBUG 16416 --- [Shift Scheduler Demo] [           main] org.hibernate.SQL                        : delete from shift_assignments where id=?
Hibernate: delete from shift_assignments where id=?
2025-10-25T10:10:40.559+09:00 DEBUG 16416 --- [Shift Scheduler Demo] [           main] org.hibernate.SQL                        : delete from shift_assignments where id=?
Hibernate: delete from shift_assignments where id=?
2025-10-25T10:10:40.559+09:00 DEBUG 16416 --- [Shift Scheduler Demo] [           main] org.hibernate.SQL                        : delete from shift_assignments where id=?
Hibernate: delete from shift_assignments where id=?
2025-10-25T10:10:40.559+09:00 DEBUG 16416 --- [Shift Scheduler Demo] [           main] org.hibernate.SQL                        : delete from shift_assignments where id=?
Hibernate: delete from shift_assignments where id=?
2025-10-25T10:10:40.559+09:00 DEBUG 16416 --- [Shift Scheduler Demo] [           main] org.hibernate.SQL                        : delete from shift_assignments where id=?
Hibernate: delete from shift_assignments where id=?
2025-10-25T10:10:40.559+09:00 DEBUG 16416 --- [Shift Scheduler Demo] [           main] org.hibernate.SQL                        : delete from shift_assignments where id=?
Hibernate: delete from shift_assignments where id=?
2025-10-25T10:10:40.559+09:00 DEBUG 16416 --- [Shift Scheduler Demo] [           main] org.hibernate.SQL                        : delete from shift_assignments where id=?
Hibernate: delete from shift_assignments where id=?
2025-10-25T10:10:40.560+09:00 DEBUG 16416 --- [Shift Scheduler Demo] [           main] org.hibernate.SQL                        : delete from shift_assignments where id=?
Hibernate: delete from shift_assignments where id=?
2025-10-25T10:10:40.560+09:00 DEBUG 16416 --- [Shift Scheduler Demo] [           main] org.hibernate.SQL                        : delete from shift_assignments where id=?
Hibernate: delete from shift_assignments where id=?
2025-10-25T10:10:40.560+09:00 DEBUG 16416 --- [Shift Scheduler Demo] [           main] org.hibernate.SQL                        : delete from shift_assignments where id=?
Hibernate: delete from shift_assignments where id=?
2025-10-25T10:10:40.560+09:00 DEBUG 16416 --- [Shift Scheduler Demo] [           main] org.hibernate.SQL                        : delete from shift_assignments where id=?
Hibernate: delete from shift_assignments where id=?
2025-10-25T10:10:40.560+09:00 DEBUG 16416 --- [Shift Scheduler Demo] [           main] org.hibernate.SQL                        : delete from shift_assignments where id=?
Hibernate: delete from shift_assignments where id=?
2025-10-25T10:10:40.560+09:00 DEBUG 16416 --- [Shift Scheduler Demo] [           main] org.hibernate.SQL                        : delete from shift_assignments where id=?
Hibernate: delete from shift_assignments where id=?
2025-10-25T10:10:40.560+09:00 DEBUG 16416 --- [Shift Scheduler Demo] [           main] org.hibernate.SQL                        : delete from shift_assignments where id=?
Hibernate: delete from shift_assignments where id=?
2025-10-25T10:10:40.560+09:00 DEBUG 16416 --- [Shift Scheduler Demo] [           main] org.hibernate.SQL                        : delete from shift_assignments where id=?
Hibernate: delete from shift_assignments where id=?
2025-10-25T10:10:40.560+09:00 DEBUG 16416 --- [Shift Scheduler Demo] [           main] org.hibernate.SQL                        : delete from shift_assignments where id=?
Hibernate: delete from shift_assignments where id=?
2025-10-25T10:10:40.560+09:00 DEBUG 16416 --- [Shift Scheduler Demo] [           main] org.hibernate.SQL                        : delete from shift_assignments where id=?
Hibernate: delete from shift_assignments where id=?
2025-10-25T10:10:40.560+09:00 DEBUG 16416 --- [Shift Scheduler Demo] [           main] org.hibernate.SQL                        : delete from shift_assignments where id=?
Hibernate: delete from shift_assignments where id=?
2025-10-25T10:10:40.560+09:00 DEBUG 16416 --- [Shift Scheduler Demo] [           main] org.hibernate.SQL                        : delete from shift_assignments where id=?
Hibernate: delete from shift_assignments where id=?
2025-10-25T10:10:40.560+09:00 DEBUG 16416 --- [Shift Scheduler Demo] [           main] org.hibernate.SQL                        : delete from shift_assignments where id=?
Hibernate: delete from shift_assignments where id=?
2025-10-25T10:10:40.560+09:00 DEBUG 16416 --- [Shift Scheduler Demo] [           main] org.hibernate.SQL                        : delete from shift_assignments where id=?
Hibernate: delete from shift_assignments where id=?
2025-10-25T10:10:40.560+09:00 DEBUG 16416 --- [Shift Scheduler Demo] [           main] org.hibernate.SQL                        : delete from shift_assignments where id=?
Hibernate: delete from shift_assignments where id=?
2025-10-25T10:10:40.560+09:00 DEBUG 16416 --- [Shift Scheduler Demo] [           main] org.hibernate.SQL                        : delete from shift_assignments where id=?
Hibernate: delete from shift_assignments where id=?
2025-10-25T10:10:40.560+09:00 DEBUG 16416 --- [Shift Scheduler Demo] [           main] org.hibernate.SQL                        : delete from shift_assignments where id=?
Hibernate: delete from shift_assignments where id=?
2025-10-25T10:10:40.560+09:00 DEBUG 16416 --- [Shift Scheduler Demo] [           main] org.hibernate.SQL                        : delete from shift_assignments where id=?
Hibernate: delete from shift_assignments where id=?
2025-10-25T10:10:40.560+09:00 DEBUG 16416 --- [Shift Scheduler Demo] [           main] org.hibernate.SQL                        : delete from shift_assignments where id=?
Hibernate: delete from shift_assignments where id=?
2025-10-25T10:10:40.560+09:00 DEBUG 16416 --- [Shift Scheduler Demo] [           main] org.hibernate.SQL                        : delete from shift_assignments where id=?
Hibernate: delete from shift_assignments where id=?
2025-10-25T10:10:40.562+09:00 DEBUG 16416 --- [Shift Scheduler Demo] [           main] org.hibernate.SQL                        : delete from shift_assignments where id=?
Hibernate: delete from shift_assignments where id=?
2025-10-25T10:10:40.562+09:00 DEBUG 16416 --- [Shift Scheduler Demo] [           main] org.hibernate.SQL                        : delete from shift_assignments where id=?
Hibernate: delete from shift_assignments where id=?
2025-10-25T10:10:40.562+09:00 DEBUG 16416 --- [Shift Scheduler Demo] [           main] org.hibernate.SQL                        : delete from shift_assignments where id=?
Hibernate: delete from shift_assignments where id=?
2025-10-25T10:10:40.562+09:00 DEBUG 16416 --- [Shift Scheduler Demo] [           main] org.hibernate.SQL                        : delete from shift_assignments where id=?
Hibernate: delete from shift_assignments where id=?
2025-10-25T10:10:40.562+09:00 DEBUG 16416 --- [Shift Scheduler Demo] [           main] org.hibernate.SQL                        : delete from shift_assignments where id=?
Hibernate: delete from shift_assignments where id=?
2025-10-25T10:10:40.562+09:00 DEBUG 16416 --- [Shift Scheduler Demo] [           main] org.hibernate.SQL                        : delete from shift_assignments where id=?
Hibernate: delete from shift_assignments where id=?
2025-10-25T10:10:40.562+09:00 DEBUG 16416 --- [Shift Scheduler Demo] [           main] org.hibernate.SQL                        : delete from shift_assignments where id=?
Hibernate: delete from shift_assignments where id=?
2025-10-25T10:10:40.562+09:00 DEBUG 16416 --- [Shift Scheduler Demo] [           main] org.hibernate.SQL                        : delete from shift_assignments where id=?
Hibernate: delete from shift_assignments where id=?
2025-10-25T10:10:40.562+09:00 DEBUG 16416 --- [Shift Scheduler Demo] [           main] org.hibernate.SQL                        : delete from shift_assignments where id=?
Hibernate: delete from shift_assignments where id=?
2025-10-25T10:10:40.562+09:00 DEBUG 16416 --- [Shift Scheduler Demo] [           main] org.hibernate.SQL                        : delete from shift_assignments where id=?
Hibernate: delete from shift_assignments where id=?
2025-10-25T10:10:40.562+09:00 DEBUG 16416 --- [Shift Scheduler Demo] [           main] org.hibernate.SQL                        : delete from shift_assignments where id=?
Hibernate: delete from shift_assignments where id=?
2025-10-25T10:10:40.562+09:00 DEBUG 16416 --- [Shift Scheduler Demo] [           main] org.hibernate.SQL                        : delete from shift_assignments where id=?
Hibernate: delete from shift_assignments where id=?
2025-10-25T10:10:40.562+09:00 DEBUG 16416 --- [Shift Scheduler Demo] [           main] org.hibernate.SQL                        : delete from shift_assignments where id=?
Hibernate: delete from shift_assignments where id=?
2025-10-25T10:10:40.562+09:00 DEBUG 16416 --- [Shift Scheduler Demo] [           main] org.hibernate.SQL                        : delete from shift_assignments where id=?
Hibernate: delete from shift_assignments where id=?
2025-10-25T10:10:40.562+09:00 DEBUG 16416 --- [Shift Scheduler Demo] [           main] org.hibernate.SQL                        : delete from shift_assignments where id=?
Hibernate: delete from shift_assignments where id=?
2025-10-25T10:10:40.562+09:00 DEBUG 16416 --- [Shift Scheduler Demo] [           main] org.hibernate.SQL                        : delete from shift_assignments where id=?
Hibernate: delete from shift_assignments where id=?
2025-10-25T10:10:40.562+09:00 DEBUG 16416 --- [Shift Scheduler Demo] [           main] org.hibernate.SQL                        : delete from shift_assignments where id=?
Hibernate: delete from shift_assignments where id=?
2025-10-25T10:10:40.562+09:00 DEBUG 16416 --- [Shift Scheduler Demo] [           main] org.hibernate.SQL                        : delete from shift_assignments where id=?
Hibernate: delete from shift_assignments where id=?
2025-10-25T10:10:40.562+09:00 DEBUG 16416 --- [Shift Scheduler Demo] [           main] org.hibernate.SQL                        : delete from shift_assignments where id=?
Hibernate: delete from shift_assignments where id=?
2025-10-25T10:10:40.562+09:00 DEBUG 16416 --- [Shift Scheduler Demo] [           main] org.hibernate.SQL                        : delete from shift_assignments where id=?
Hibernate: delete from shift_assignments where id=?
2025-10-25T10:10:40.562+09:00 DEBUG 16416 --- [Shift Scheduler Demo] [           main] org.hibernate.SQL                        : delete from shift_assignments where id=?
Hibernate: delete from shift_assignments where id=?
2025-10-25T10:10:40.562+09:00 DEBUG 16416 --- [Shift Scheduler Demo] [           main] org.hibernate.SQL                        : delete from shift_assignments where id=?
Hibernate: delete from shift_assignments where id=?
2025-10-25T10:10:40.562+09:00 DEBUG 16416 --- [Shift Scheduler Demo] [           main] org.hibernate.SQL                        : delete from shift_assignments where id=?
Hibernate: delete from shift_assignments where id=?
2025-10-25T10:10:40.562+09:00 DEBUG 16416 --- [Shift Scheduler Demo] [           main] org.hibernate.SQL                        : delete from shift_assignments where id=?
Hibernate: delete from shift_assignments where id=?
2025-10-25T10:10:40.562+09:00 DEBUG 16416 --- [Shift Scheduler Demo] [           main] org.hibernate.SQL                        : delete from shift_assignments where id=?
Hibernate: delete from shift_assignments where id=?
2025-10-25T10:10:40.562+09:00 DEBUG 16416 --- [Shift Scheduler Demo] [           main] org.hibernate.SQL                        : delete from shift_assignments where id=?
Hibernate: delete from shift_assignments where id=?
2025-10-25T10:10:40.562+09:00 DEBUG 16416 --- [Shift Scheduler Demo] [           main] org.hibernate.SQL                        : delete from shift_assignments where id=?
Hibernate: delete from shift_assignments where id=?
2025-10-25T10:10:40.562+09:00 DEBUG 16416 --- [Shift Scheduler Demo] [           main] org.hibernate.SQL                        : delete from shift_assignments where id=?
Hibernate: delete from shift_assignments where id=?
2025-10-25T10:10:40.562+09:00 DEBUG 16416 --- [Shift Scheduler Demo] [           main] org.hibernate.SQL                        : delete from shift_assignments where id=?
Hibernate: delete from shift_assignments where id=?
2025-10-25T10:10:40.562+09:00 DEBUG 16416 --- [Shift Scheduler Demo] [           main] org.hibernate.SQL                        : delete from shift_assignments where id=?
Hibernate: delete from shift_assignments where id=?
2025-10-25T10:10:40.562+09:00 DEBUG 16416 --- [Shift Scheduler Demo] [           main] org.hibernate.SQL                        : delete from shift_assignments where id=?
Hibernate: delete from shift_assignments where id=?
2025-10-25T10:10:40.562+09:00 DEBUG 16416 --- [Shift Scheduler Demo] [           main] org.hibernate.SQL                        : delete from shift_assignments where id=?
Hibernate: delete from shift_assignments where id=?
2025-10-25T10:10:40.562+09:00 DEBUG 16416 --- [Shift Scheduler Demo] [           main] org.hibernate.SQL                        : delete from shift_assignments where id=?
Hibernate: delete from shift_assignments where id=?
2025-10-25T10:10:40.563+09:00 DEBUG 16416 --- [Shift Scheduler Demo] [           main] org.hibernate.SQL                        : delete from shift_assignments where id=?
Hibernate: delete from shift_assignments where id=?
2025-10-25T10:10:40.563+09:00 DEBUG 16416 --- [Shift Scheduler Demo] [           main] org.hibernate.SQL                        : delete from shift_assignments where id=?
Hibernate: delete from shift_assignments where id=?
2025-10-25T10:10:40.563+09:00 DEBUG 16416 --- [Shift Scheduler Demo] [           main] org.hibernate.SQL                        : delete from shift_assignments where id=?
Hibernate: delete from shift_assignments where id=?
2025-10-25T10:10:40.563+09:00 DEBUG 16416 --- [Shift Scheduler Demo] [           main] org.hibernate.SQL                        : delete from shift_assignments where id=?
Hibernate: delete from shift_assignments where id=?
2025-10-25T10:10:40.563+09:00 DEBUG 16416 --- [Shift Scheduler Demo] [           main] org.hibernate.SQL                        : delete from shift_assignments where id=?
Hibernate: delete from shift_assignments where id=?
2025-10-25T10:10:40.563+09:00 DEBUG 16416 --- [Shift Scheduler Demo] [           main] org.hibernate.SQL                        : delete from shift_assignments where id=?
Hibernate: delete from shift_assignments where id=?
2025-10-25T10:10:40.563+09:00 DEBUG 16416 --- [Shift Scheduler Demo] [           main] org.hibernate.SQL                        : delete from shift_assignments where id=?
Hibernate: delete from shift_assignments where id=?
2025-10-25T10:10:40.563+09:00 DEBUG 16416 --- [Shift Scheduler Demo] [           main] org.hibernate.SQL                        : delete from shift_assignments where id=?
Hibernate: delete from shift_assignments where id=?
2025-10-25T10:10:40.563+09:00 DEBUG 16416 --- [Shift Scheduler Demo] [           main] org.hibernate.SQL                        : delete from shift_assignments where id=?
Hibernate: delete from shift_assignments where id=?
2025-10-25T10:10:40.563+09:00 DEBUG 16416 --- [Shift Scheduler Demo] [           main] org.hibernate.SQL                        : delete from shift_assignments where id=?
Hibernate: delete from shift_assignments where id=?
2025-10-25T10:10:40.563+09:00 DEBUG 16416 --- [Shift Scheduler Demo] [           main] org.hibernate.SQL                        : delete from shift_assignments where id=?
Hibernate: delete from shift_assignments where id=?
2025-10-25T10:10:40.563+09:00 DEBUG 16416 --- [Shift Scheduler Demo] [           main] org.hibernate.SQL                        : delete from shift_assignments where id=?
Hibernate: delete from shift_assignments where id=?
2025-10-25T10:10:40.563+09:00 DEBUG 16416 --- [Shift Scheduler Demo] [           main] org.hibernate.SQL                        : delete from shift_assignments where id=?
Hibernate: delete from shift_assignments where id=?
2025-10-25T10:10:40.563+09:00 DEBUG 16416 --- [Shift Scheduler Demo] [           main] org.hibernate.SQL                        : delete from shift_assignments where id=?
Hibernate: delete from shift_assignments where id=?
2025-10-25T10:10:40.563+09:00 DEBUG 16416 --- [Shift Scheduler Demo] [           main] org.hibernate.SQL                        : delete from shift_assignments where id=?
Hibernate: delete from shift_assignments where id=?
2025-10-25T10:10:40.563+09:00 DEBUG 16416 --- [Shift Scheduler Demo] [           main] org.hibernate.SQL                        : delete from shift_assignments where id=?
Hibernate: delete from shift_assignments where id=?
2025-10-25T10:10:40.563+09:00 DEBUG 16416 --- [Shift Scheduler Demo] [           main] org.hibernate.SQL                        : delete from shift_assignments where id=?
Hibernate: delete from shift_assignments where id=?
2025-10-25T10:10:40.563+09:00 DEBUG 16416 --- [Shift Scheduler Demo] [           main] org.hibernate.SQL                        : delete from shift_assignments where id=?
Hibernate: delete from shift_assignments where id=?
2025-10-25T10:10:40.563+09:00 DEBUG 16416 --- [Shift Scheduler Demo] [           main] org.hibernate.SQL                        : delete from shift_assignments where id=?
Hibernate: delete from shift_assignments where id=?
2025-10-25T10:10:40.563+09:00 DEBUG 16416 --- [Shift Scheduler Demo] [           main] org.hibernate.SQL                        : delete from shift_assignments where id=?
Hibernate: delete from shift_assignments where id=?
2025-10-25T10:10:40.563+09:00 DEBUG 16416 --- [Shift Scheduler Demo] [           main] org.hibernate.SQL                        : delete from shift_assignments where id=?
Hibernate: delete from shift_assignments where id=?
2025-10-25T10:10:40.563+09:00 DEBUG 16416 --- [Shift Scheduler Demo] [           main] org.hibernate.SQL                        : delete from shift_assignments where id=?
Hibernate: delete from shift_assignments where id=?
2025-10-25T10:10:40.563+09:00 DEBUG 16416 --- [Shift Scheduler Demo] [           main] org.hibernate.SQL                        : delete from shift_assignments where id=?
Hibernate: delete from shift_assignments where id=?
2025-10-25T10:10:40.563+09:00 DEBUG 16416 --- [Shift Scheduler Demo] [           main] org.hibernate.SQL                        : delete from shift_assignments where id=?
Hibernate: delete from shift_assignments where id=?
2025-10-25T10:10:40.563+09:00 DEBUG 16416 --- [Shift Scheduler Demo] [           main] org.hibernate.SQL                        : delete from shift_assignments where id=?
Hibernate: delete from shift_assignments where id=?
2025-10-25T10:10:40.563+09:00 DEBUG 16416 --- [Shift Scheduler Demo] [           main] org.hibernate.SQL                        : delete from shift_assignments where id=?
Hibernate: delete from shift_assignments where id=?
2025-10-25T10:10:40.563+09:00 DEBUG 16416 --- [Shift Scheduler Demo] [           main] org.hibernate.SQL                        : delete from shift_assignments where id=?
Hibernate: delete from shift_assignments where id=?
2025-10-25T10:10:40.563+09:00 DEBUG 16416 --- [Shift Scheduler Demo] [           main] org.hibernate.SQL                        : delete from shift_assignments where id=?
Hibernate: delete from shift_assignments where id=?
2025-10-25T10:10:40.563+09:00 DEBUG 16416 --- [Shift Scheduler Demo] [           main] org.hibernate.SQL                        : delete from shift_assignments where id=?
Hibernate: delete from shift_assignments where id=?
2025-10-25T10:10:40.563+09:00 DEBUG 16416 --- [Shift Scheduler Demo] [           main] org.hibernate.SQL                        : delete from shift_assignments where id=?
Hibernate: delete from shift_assignments where id=?
2025-10-25T10:10:40.563+09:00 DEBUG 16416 --- [Shift Scheduler Demo] [           main] org.hibernate.SQL                        : delete from shift_assignments where id=?
Hibernate: delete from shift_assignments where id=?
2025-10-25T10:10:40.563+09:00 DEBUG 16416 --- [Shift Scheduler Demo] [           main] org.hibernate.SQL                        : delete from shift_assignments where id=?
Hibernate: delete from shift_assignments where id=?
2025-10-25T10:10:40.563+09:00 DEBUG 16416 --- [Shift Scheduler Demo] [           main] org.hibernate.SQL                        : delete from shift_assignments where id=?
Hibernate: delete from shift_assignments where id=?
2025-10-25T10:10:40.563+09:00 DEBUG 16416 --- [Shift Scheduler Demo] [           main] org.hibernate.SQL                        : delete from shift_assignments where id=?
Hibernate: delete from shift_assignments where id=?
2025-10-25T10:10:40.563+09:00 DEBUG 16416 --- [Shift Scheduler Demo] [           main] org.hibernate.SQL                        : delete from shift_assignments where id=?
Hibernate: delete from shift_assignments where id=?
2025-10-25T10:10:40.563+09:00 DEBUG 16416 --- [Shift Scheduler Demo] [           main] org.hibernate.SQL                        : delete from shift_assignments where id=?
Hibernate: delete from shift_assignments where id=?
2025-10-25T10:10:40.564+09:00 DEBUG 16416 --- [Shift Scheduler Demo] [           main] org.hibernate.SQL                        : delete from shift_assignments where id=?
Hibernate: delete from shift_assignments where id=?
2025-10-25T10:10:40.564+09:00 DEBUG 16416 --- [Shift Scheduler Demo] [           main] org.hibernate.SQL                        : delete from shift_assignments where id=?
Hibernate: delete from shift_assignments where id=?
2025-10-25T10:10:40.564+09:00 DEBUG 16416 --- [Shift Scheduler Demo] [           main] org.hibernate.SQL                        : delete from shift_assignments where id=?
Hibernate: delete from shift_assignments where id=?
2025-10-25T10:10:40.564+09:00 DEBUG 16416 --- [Shift Scheduler Demo] [           main] org.hibernate.SQL                        : delete from shift_assignments where id=?
Hibernate: delete from shift_assignments where id=?
2025-10-25T10:10:40.564+09:00 DEBUG 16416 --- [Shift Scheduler Demo] [           main] org.hibernate.SQL                        : delete from shift_assignments where id=?
Hibernate: delete from shift_assignments where id=?
2025-10-25T10:10:40.564+09:00 DEBUG 16416 --- [Shift Scheduler Demo] [           main] org.hibernate.SQL                        : delete from shift_assignments where id=?
Hibernate: delete from shift_assignments where id=?
2025-10-25T10:10:40.564+09:00 DEBUG 16416 --- [Shift Scheduler Demo] [           main] org.hibernate.SQL                        : delete from shift_assignments where id=?
Hibernate: delete from shift_assignments where id=?
2025-10-25T10:10:40.564+09:00 DEBUG 16416 --- [Shift Scheduler Demo] [           main] org.hibernate.SQL                        : delete from shift_assignments where id=?
Hibernate: delete from shift_assignments where id=?
2025-10-25T10:10:40.564+09:00 DEBUG 16416 --- [Shift Scheduler Demo] [           main] org.hibernate.SQL                        : delete from shift_assignments where id=?
Hibernate: delete from shift_assignments where id=?
2025-10-25T10:10:40.564+09:00 DEBUG 16416 --- [Shift Scheduler Demo] [           main] org.hibernate.SQL                        : delete from shift_assignments where id=?
Hibernate: delete from shift_assignments where id=?
2025-10-25T10:10:40.564+09:00 DEBUG 16416 --- [Shift Scheduler Demo] [           main] org.hibernate.SQL                        : delete from shift_assignments where id=?
Hibernate: delete from shift_assignments where id=?
2025-10-25T10:10:40.564+09:00 DEBUG 16416 --- [Shift Scheduler Demo] [           main] org.hibernate.SQL                        : delete from shift_assignments where id=?
Hibernate: delete from shift_assignments where id=?
2025-10-25T10:10:40.564+09:00 DEBUG 16416 --- [Shift Scheduler Demo] [           main] org.hibernate.SQL                        : delete from shift_assignments where id=?
Hibernate: delete from shift_assignments where id=?
2025-10-25T10:10:40.564+09:00 DEBUG 16416 --- [Shift Scheduler Demo] [           main] org.hibernate.SQL                        : delete from shift_assignments where id=?
Hibernate: delete from shift_assignments where id=?
2025-10-25T10:10:40.565+09:00 DEBUG 16416 --- [Shift Scheduler Demo] [           main] org.hibernate.SQL                        : delete from shift_assignments where id=?
Hibernate: delete from shift_assignments where id=?
2025-10-25T10:10:40.565+09:00 DEBUG 16416 --- [Shift Scheduler Demo] [           main] org.hibernate.SQL                        : delete from shift_assignments where id=?
Hibernate: delete from shift_assignments where id=?
2025-10-25T10:10:40.565+09:00 DEBUG 16416 --- [Shift Scheduler Demo] [           main] org.hibernate.SQL                        : delete from shift_assignments where id=?
Hibernate: delete from shift_assignments where id=?
2025-10-25T10:10:40.565+09:00 DEBUG 16416 --- [Shift Scheduler Demo] [           main] org.hibernate.SQL                        : delete from shift_assignments where id=?
Hibernate: delete from shift_assignments where id=?
2025-10-25T10:10:40.565+09:00 DEBUG 16416 --- [Shift Scheduler Demo] [           main] org.hibernate.SQL                        : delete from shift_assignments where id=?
Hibernate: delete from shift_assignments where id=?
2025-10-25T10:10:40.565+09:00 DEBUG 16416 --- [Shift Scheduler Demo] [           main] org.hibernate.SQL                        : delete from shift_assignments where id=?
Hibernate: delete from shift_assignments where id=?
2025-10-25T10:10:40.565+09:00 DEBUG 16416 --- [Shift Scheduler Demo] [           main] org.hibernate.SQL                        : delete from shift_assignments where id=?
Hibernate: delete from shift_assignments where id=?
2025-10-25T10:10:40.565+09:00 DEBUG 16416 --- [Shift Scheduler Demo] [           main] org.hibernate.SQL                        : delete from shift_assignments where id=?
Hibernate: delete from shift_assignments where id=?
2025-10-25T10:10:40.566+09:00 DEBUG 16416 --- [Shift Scheduler Demo] [           main] org.hibernate.SQL                        : delete from shift_assignments where id=?
Hibernate: delete from shift_assignments where id=?
2025-10-25T10:10:40.566+09:00 DEBUG 16416 --- [Shift Scheduler Demo] [           main] org.hibernate.SQL                        : delete from shift_assignments where id=?
Hibernate: delete from shift_assignments where id=?
2025-10-25T10:10:40.566+09:00 DEBUG 16416 --- [Shift Scheduler Demo] [           main] org.hibernate.SQL                        : delete from shift_assignments where id=?
Hibernate: delete from shift_assignments where id=?
2025-10-25T10:10:40.566+09:00 DEBUG 16416 --- [Shift Scheduler Demo] [           main] org.hibernate.SQL                        : delete from shift_assignments where id=?
Hibernate: delete from shift_assignments where id=?
2025-10-25T10:10:40.566+09:00 DEBUG 16416 --- [Shift Scheduler Demo] [           main] org.hibernate.SQL                        : delete from shift_assignments where id=?
Hibernate: delete from shift_assignments where id=?
2025-10-25T10:10:40.566+09:00 DEBUG 16416 --- [Shift Scheduler Demo] [           main] org.hibernate.SQL                        : delete from shift_assignments where id=?
Hibernate: delete from shift_assignments where id=?
2025-10-25T10:10:40.566+09:00 DEBUG 16416 --- [Shift Scheduler Demo] [           main] org.hibernate.SQL                        : delete from shift_assignments where id=?
Hibernate: delete from shift_assignments where id=?
2025-10-25T10:10:40.566+09:00 DEBUG 16416 --- [Shift Scheduler Demo] [           main] org.hibernate.SQL                        : delete from shift_assignments where id=?
Hibernate: delete from shift_assignments where id=?
2025-10-25T10:10:40.566+09:00 DEBUG 16416 --- [Shift Scheduler Demo] [           main] org.hibernate.SQL                        : delete from shift_assignments where id=?
Hibernate: delete from shift_assignments where id=?
2025-10-25T10:10:40.566+09:00 DEBUG 16416 --- [Shift Scheduler Demo] [           main] org.hibernate.SQL                        : delete from shift_assignments where id=?
Hibernate: delete from shift_assignments where id=?
2025-10-25T10:10:40.566+09:00 DEBUG 16416 --- [Shift Scheduler Demo] [           main] org.hibernate.SQL                        : delete from shift_assignments where id=?
Hibernate: delete from shift_assignments where id=?
2025-10-25T10:10:40.566+09:00 DEBUG 16416 --- [Shift Scheduler Demo] [           main] org.hibernate.SQL                        : delete from shift_assignments where id=?
Hibernate: delete from shift_assignments where id=?
2025-10-25T10:10:40.566+09:00 DEBUG 16416 --- [Shift Scheduler Demo] [           main] org.hibernate.SQL                        : delete from shift_assignments where id=?
Hibernate: delete from shift_assignments where id=?
2025-10-25T10:10:40.566+09:00 DEBUG 16416 --- [Shift Scheduler Demo] [           main] org.hibernate.SQL                        : delete from shift_assignments where id=?
Hibernate: delete from shift_assignments where id=?
2025-10-25T10:10:40.566+09:00 DEBUG 16416 --- [Shift Scheduler Demo] [           main] org.hibernate.SQL                        : delete from shift_assignments where id=?
Hibernate: delete from shift_assignments where id=?
2025-10-25T10:10:40.566+09:00 DEBUG 16416 --- [Shift Scheduler Demo] [           main] org.hibernate.SQL                        : delete from shift_assignments where id=?
Hibernate: delete from shift_assignments where id=?
2025-10-25T10:10:40.566+09:00 DEBUG 16416 --- [Shift Scheduler Demo] [           main] org.hibernate.SQL                        : delete from shift_assignments where id=?
Hibernate: delete from shift_assignments where id=?
2025-10-25T10:10:40.566+09:00 DEBUG 16416 --- [Shift Scheduler Demo] [           main] org.hibernate.SQL                        : delete from shift_assignments where id=?
Hibernate: delete from shift_assignments where id=?
2025-10-25T10:10:40.566+09:00 DEBUG 16416 --- [Shift Scheduler Demo] [           main] org.hibernate.SQL                        : delete from shift_assignments where id=?
Hibernate: delete from shift_assignments where id=?
2025-10-25T10:10:40.566+09:00 DEBUG 16416 --- [Shift Scheduler Demo] [           main] org.hibernate.SQL                        : delete from shift_assignments where id=?
Hibernate: delete from shift_assignments where id=?
2025-10-25T10:10:40.566+09:00 DEBUG 16416 --- [Shift Scheduler Demo] [           main] org.hibernate.SQL                        : delete from shift_assignments where id=?
Hibernate: delete from shift_assignments where id=?
2025-10-25T10:10:40.566+09:00 DEBUG 16416 --- [Shift Scheduler Demo] [           main] org.hibernate.SQL                        : delete from shift_assignments where id=?
Hibernate: delete from shift_assignments where id=?
2025-10-25T10:10:40.566+09:00 DEBUG 16416 --- [Shift Scheduler Demo] [           main] org.hibernate.SQL                        : delete from shift_assignments where id=?
Hibernate: delete from shift_assignments where id=?
2025-10-25T10:10:40.566+09:00 DEBUG 16416 --- [Shift Scheduler Demo] [           main] org.hibernate.SQL                        : delete from shift_assignments where id=?
Hibernate: delete from shift_assignments where id=?
2025-10-25T10:10:40.566+09:00 DEBUG 16416 --- [Shift Scheduler Demo] [           main] org.hibernate.SQL                        : delete from shift_assignments where id=?
Hibernate: delete from shift_assignments where id=?
2025-10-25T10:10:40.566+09:00 DEBUG 16416 --- [Shift Scheduler Demo] [           main] org.hibernate.SQL                        : delete from shift_assignments where id=?
Hibernate: delete from shift_assignments where id=?
2025-10-25T10:10:40.566+09:00 DEBUG 16416 --- [Shift Scheduler Demo] [           main] org.hibernate.SQL                        : delete from shift_assignments where id=?
Hibernate: delete from shift_assignments where id=?
2025-10-25T10:10:40.567+09:00 DEBUG 16416 --- [Shift Scheduler Demo] [           main] org.hibernate.SQL                        : delete from shift_assignments where id=?
Hibernate: delete from shift_assignments where id=?
2025-10-25T10:10:40.567+09:00 DEBUG 16416 --- [Shift Scheduler Demo] [           main] org.hibernate.SQL                        : delete from shift_assignments where id=?
Hibernate: delete from shift_assignments where id=?
2025-10-25T10:10:40.567+09:00 DEBUG 16416 --- [Shift Scheduler Demo] [           main] org.hibernate.SQL                        : delete from shift_assignments where id=?
Hibernate: delete from shift_assignments where id=?
2025-10-25T10:10:40.567+09:00 DEBUG 16416 --- [Shift Scheduler Demo] [           main] org.hibernate.SQL                        : delete from shift_assignments where id=?
Hibernate: delete from shift_assignments where id=?
2025-10-25T10:10:40.567+09:00 DEBUG 16416 --- [Shift Scheduler Demo] [           main] org.hibernate.SQL                        : delete from shift_assignments where id=?
Hibernate: delete from shift_assignments where id=?
2025-10-25T10:10:40.567+09:00 DEBUG 16416 --- [Shift Scheduler Demo] [           main] org.hibernate.SQL                        : delete from shift_assignments where id=?
Hibernate: delete from shift_assignments where id=?
2025-10-25T10:10:40.567+09:00 DEBUG 16416 --- [Shift Scheduler Demo] [           main] org.hibernate.SQL                        : delete from shift_assignments where id=?
Hibernate: delete from shift_assignments where id=?
2025-10-25T10:10:40.567+09:00 DEBUG 16416 --- [Shift Scheduler Demo] [           main] org.hibernate.SQL                        : delete from shift_assignments where id=?
Hibernate: delete from shift_assignments where id=?
2025-10-25T10:10:40.567+09:00 DEBUG 16416 --- [Shift Scheduler Demo] [           main] org.hibernate.SQL                        : delete from shift_assignments where id=?
Hibernate: delete from shift_assignments where id=?
2025-10-25T10:10:40.567+09:00 DEBUG 16416 --- [Shift Scheduler Demo] [           main] org.hibernate.SQL                        : delete from shift_assignments where id=?
Hibernate: delete from shift_assignments where id=?
2025-10-25T10:10:40.567+09:00 DEBUG 16416 --- [Shift Scheduler Demo] [           main] org.hibernate.SQL                        : delete from shift_assignments where id=?
Hibernate: delete from shift_assignments where id=?
2025-10-25T10:10:40.567+09:00 DEBUG 16416 --- [Shift Scheduler Demo] [           main] org.hibernate.SQL                        : delete from shift_assignments where id=?
Hibernate: delete from shift_assignments where id=?
2025-10-25T10:10:40.567+09:00 DEBUG 16416 --- [Shift Scheduler Demo] [           main] org.hibernate.SQL                        : delete from shift_assignments where id=?
Hibernate: delete from shift_assignments where id=?
2025-10-25T10:10:40.567+09:00 DEBUG 16416 --- [Shift Scheduler Demo] [           main] org.hibernate.SQL                        : delete from shift_assignments where id=?
Hibernate: delete from shift_assignments where id=?
2025-10-25T10:10:40.567+09:00 DEBUG 16416 --- [Shift Scheduler Demo] [           main] org.hibernate.SQL                        : delete from shift_assignments where id=?
Hibernate: delete from shift_assignments where id=?
2025-10-25T10:10:40.567+09:00 DEBUG 16416 --- [Shift Scheduler Demo] [           main] org.hibernate.SQL                        : delete from shift_assignments where id=?
Hibernate: delete from shift_assignments where id=?
2025-10-25T10:10:40.567+09:00 DEBUG 16416 --- [Shift Scheduler Demo] [           main] org.hibernate.SQL                        : delete from shift_assignments where id=?
Hibernate: delete from shift_assignments where id=?
2025-10-25T10:10:40.567+09:00 DEBUG 16416 --- [Shift Scheduler Demo] [           main] org.hibernate.SQL                        : delete from shift_assignments where id=?
Hibernate: delete from shift_assignments where id=?
2025-10-25T10:10:40.567+09:00 DEBUG 16416 --- [Shift Scheduler Demo] [           main] org.hibernate.SQL                        : delete from shift_assignments where id=?
Hibernate: delete from shift_assignments where id=?
2025-10-25T10:10:40.567+09:00 DEBUG 16416 --- [Shift Scheduler Demo] [           main] org.hibernate.SQL                        : delete from shift_assignments where id=?
Hibernate: delete from shift_assignments where id=?
2025-10-25T10:10:40.567+09:00 DEBUG 16416 --- [Shift Scheduler Demo] [           main] org.hibernate.SQL                        : delete from shift_assignments where id=?
Hibernate: delete from shift_assignments where id=?
2025-10-25T10:10:40.567+09:00 DEBUG 16416 --- [Shift Scheduler Demo] [           main] org.hibernate.SQL                        : delete from shift_assignments where id=?
Hibernate: delete from shift_assignments where id=?
2025-10-25T10:10:40.567+09:00 DEBUG 16416 --- [Shift Scheduler Demo] [           main] org.hibernate.SQL                        : delete from shift_assignments where id=?
Hibernate: delete from shift_assignments where id=?
2025-10-25T10:10:40.567+09:00 DEBUG 16416 --- [Shift Scheduler Demo] [           main] org.hibernate.SQL                        : delete from shift_assignments where id=?
Hibernate: delete from shift_assignments where id=?
2025-10-25T10:10:40.567+09:00 DEBUG 16416 --- [Shift Scheduler Demo] [           main] org.hibernate.SQL                        : delete from shift_assignments where id=?
Hibernate: delete from shift_assignments where id=?
2025-10-25T10:10:40.567+09:00 DEBUG 16416 --- [Shift Scheduler Demo] [           main] org.hibernate.SQL                        : delete from shift_assignments where id=?
Hibernate: delete from shift_assignments where id=?
2025-10-25T10:10:40.567+09:00 DEBUG 16416 --- [Shift Scheduler Demo] [           main] org.hibernate.SQL                        : delete from shift_assignments where id=?
Hibernate: delete from shift_assignments where id=?
2025-10-25T10:10:40.567+09:00 DEBUG 16416 --- [Shift Scheduler Demo] [           main] org.hibernate.SQL                        : delete from shift_assignments where id=?
Hibernate: delete from shift_assignments where id=?
2025-10-25T10:10:40.568+09:00 DEBUG 16416 --- [Shift Scheduler Demo] [           main] org.hibernate.SQL                        : delete from shift_assignments where id=?
Hibernate: delete from shift_assignments where id=?
2025-10-25T10:10:40.568+09:00 DEBUG 16416 --- [Shift Scheduler Demo] [           main] org.hibernate.SQL                        : delete from shift_assignments where id=?
Hibernate: delete from shift_assignments where id=?
2025-10-25T10:10:40.568+09:00 DEBUG 16416 --- [Shift Scheduler Demo] [           main] org.hibernate.SQL                        : delete from shift_assignments where id=?
Hibernate: delete from shift_assignments where id=?
2025-10-25T10:10:40.568+09:00 DEBUG 16416 --- [Shift Scheduler Demo] [           main] org.hibernate.SQL                        : delete from shift_assignments where id=?
Hibernate: delete from shift_assignments where id=?
2025-10-25T10:10:40.568+09:00 DEBUG 16416 --- [Shift Scheduler Demo] [           main] org.hibernate.SQL                        : delete from shift_assignments where id=?
Hibernate: delete from shift_assignments where id=?
2025-10-25T10:10:40.568+09:00 DEBUG 16416 --- [Shift Scheduler Demo] [           main] org.hibernate.SQL                        : delete from shift_assignments where id=?
Hibernate: delete from shift_assignments where id=?
2025-10-25T10:10:40.568+09:00 DEBUG 16416 --- [Shift Scheduler Demo] [           main] org.hibernate.SQL                        : delete from shift_assignments where id=?
Hibernate: delete from shift_assignments where id=?
2025-10-25T10:10:40.568+09:00 DEBUG 16416 --- [Shift Scheduler Demo] [           main] org.hibernate.SQL                        : delete from shift_assignments where id=?
Hibernate: delete from shift_assignments where id=?
2025-10-25T10:10:40.568+09:00 DEBUG 16416 --- [Shift Scheduler Demo] [           main] org.hibernate.SQL                        : delete from shift_assignments where id=?
Hibernate: delete from shift_assignments where id=?
2025-10-25T10:10:40.568+09:00 DEBUG 16416 --- [Shift Scheduler Demo] [           main] org.hibernate.SQL                        : delete from shift_assignments where id=?
Hibernate: delete from shift_assignments where id=?
2025-10-25T10:10:40.568+09:00 DEBUG 16416 --- [Shift Scheduler Demo] [           main] org.hibernate.SQL                        : delete from shift_assignments where id=?
Hibernate: delete from shift_assignments where id=?
2025-10-25T10:10:40.568+09:00 DEBUG 16416 --- [Shift Scheduler Demo] [           main] org.hibernate.SQL                        : delete from shift_assignments where id=?
Hibernate: delete from shift_assignments where id=?
2025-10-25T10:10:40.568+09:00 DEBUG 16416 --- [Shift Scheduler Demo] [           main] org.hibernate.SQL                        : delete from shift_assignments where id=?
Hibernate: delete from shift_assignments where id=?
2025-10-25T10:10:40.568+09:00 DEBUG 16416 --- [Shift Scheduler Demo] [           main] org.hibernate.SQL                        : delete from shift_assignments where id=?
Hibernate: delete from shift_assignments where id=?
2025-10-25T10:10:40.568+09:00 DEBUG 16416 --- [Shift Scheduler Demo] [           main] org.hibernate.SQL                        : delete from shift_assignments where id=?
Hibernate: delete from shift_assignments where id=?
2025-10-25T10:10:40.568+09:00 DEBUG 16416 --- [Shift Scheduler Demo] [           main] org.hibernate.SQL                        : delete from shift_assignments where id=?
Hibernate: delete from shift_assignments where id=?
2025-10-25T10:10:40.568+09:00 DEBUG 16416 --- [Shift Scheduler Demo] [           main] org.hibernate.SQL                        : delete from shift_assignments where id=?
Hibernate: delete from shift_assignments where id=?
2025-10-25T10:10:40.568+09:00 DEBUG 16416 --- [Shift Scheduler Demo] [           main] org.hibernate.SQL                        : delete from shift_assignments where id=?
Hibernate: delete from shift_assignments where id=?
2025-10-25T10:10:40.568+09:00 DEBUG 16416 --- [Shift Scheduler Demo] [           main] org.hibernate.SQL                        : delete from shift_assignments where id=?
Hibernate: delete from shift_assignments where id=?
2025-10-25T10:10:40.568+09:00 DEBUG 16416 --- [Shift Scheduler Demo] [           main] org.hibernate.SQL                        : delete from shift_assignments where id=?
Hibernate: delete from shift_assignments where id=?
2025-10-25T10:10:40.568+09:00 DEBUG 16416 --- [Shift Scheduler Demo] [           main] org.hibernate.SQL                        : delete from shift_assignments where id=?
Hibernate: delete from shift_assignments where id=?
2025-10-25T10:10:40.568+09:00 DEBUG 16416 --- [Shift Scheduler Demo] [           main] org.hibernate.SQL                        : delete from shift_assignments where id=?
Hibernate: delete from shift_assignments where id=?
2025-10-25T10:10:40.568+09:00 DEBUG 16416 --- [Shift Scheduler Demo] [           main] org.hibernate.SQL                        : delete from shift_assignments where id=?
Hibernate: delete from shift_assignments where id=?
2025-10-25T10:10:40.568+09:00 DEBUG 16416 --- [Shift Scheduler Demo] [           main] org.hibernate.SQL                        : delete from shift_assignments where id=?
Hibernate: delete from shift_assignments where id=?
2025-10-25T10:10:40.568+09:00 DEBUG 16416 --- [Shift Scheduler Demo] [           main] org.hibernate.SQL                        : delete from shift_assignments where id=?
Hibernate: delete from shift_assignments where id=?
2025-10-25T10:10:40.568+09:00 DEBUG 16416 --- [Shift Scheduler Demo] [           main] org.hibernate.SQL                        : delete from shift_assignments where id=?
Hibernate: delete from shift_assignments where id=?
2025-10-25T10:10:40.568+09:00 DEBUG 16416 --- [Shift Scheduler Demo] [           main] org.hibernate.SQL                        : delete from shift_assignments where id=?
Hibernate: delete from shift_assignments where id=?
2025-10-25T10:10:40.568+09:00 DEBUG 16416 --- [Shift Scheduler Demo] [           main] org.hibernate.SQL                        : delete from shift_assignments where id=?
Hibernate: delete from shift_assignments where id=?
2025-10-25T10:10:40.568+09:00 DEBUG 16416 --- [Shift Scheduler Demo] [           main] org.hibernate.SQL                        : delete from shift_assignments where id=?
Hibernate: delete from shift_assignments where id=?
2025-10-25T10:10:40.568+09:00 DEBUG 16416 --- [Shift Scheduler Demo] [           main] org.hibernate.SQL                        : delete from shift_assignments where id=?
Hibernate: delete from shift_assignments where id=?
2025-10-25T10:10:40.568+09:00 DEBUG 16416 --- [Shift Scheduler Demo] [           main] org.hibernate.SQL                        : delete from shift_assignments where id=?
Hibernate: delete from shift_assignments where id=?
2025-10-25T10:10:40.568+09:00 DEBUG 16416 --- [Shift Scheduler Demo] [           main] org.hibernate.SQL                        : delete from shift_assignments where id=?
Hibernate: delete from shift_assignments where id=?
2025-10-25T10:10:40.568+09:00 DEBUG 16416 --- [Shift Scheduler Demo] [           main] org.hibernate.SQL                        : delete from shift_assignments where id=?
Hibernate: delete from shift_assignments where id=?
2025-10-25T10:10:40.568+09:00 DEBUG 16416 --- [Shift Scheduler Demo] [           main] org.hibernate.SQL                        : delete from shift_assignments where id=?
Hibernate: delete from shift_assignments where id=?
2025-10-25T10:10:40.568+09:00 DEBUG 16416 --- [Shift Scheduler Demo] [           main] org.hibernate.SQL                        : delete from shift_assignments where id=?
Hibernate: delete from shift_assignments where id=?
2025-10-25T10:10:40.568+09:00 DEBUG 16416 --- [Shift Scheduler Demo] [           main] org.hibernate.SQL                        : delete from shift_assignments where id=?
Hibernate: delete from shift_assignments where id=?
2025-10-25T10:10:40.568+09:00 DEBUG 16416 --- [Shift Scheduler Demo] [           main] org.hibernate.SQL                        : delete from shift_assignments where id=?
Hibernate: delete from shift_assignments where id=?
2025-10-25T10:10:40.568+09:00 DEBUG 16416 --- [Shift Scheduler Demo] [           main] org.hibernate.SQL                        : delete from shift_assignments where id=?
Hibernate: delete from shift_assignments where id=?
2025-10-25T10:10:40.568+09:00 DEBUG 16416 --- [Shift Scheduler Demo] [           main] org.hibernate.SQL                        : delete from shift_assignments where id=?
Hibernate: delete from shift_assignments where id=?
2025-10-25T10:10:40.568+09:00 DEBUG 16416 --- [Shift Scheduler Demo] [           main] org.hibernate.SQL                        : delete from shift_assignments where id=?
Hibernate: delete from shift_assignments where id=?
2025-10-25T10:10:40.568+09:00 DEBUG 16416 --- [Shift Scheduler Demo] [           main] org.hibernate.SQL                        : delete from shift_assignments where id=?
Hibernate: delete from shift_assignments where id=?
2025-10-25T10:10:40.569+09:00 DEBUG 16416 --- [Shift Scheduler Demo] [           main] org.hibernate.SQL                        : delete from shift_assignments where id=?
Hibernate: delete from shift_assignments where id=?
2025-10-25T10:10:40.569+09:00 DEBUG 16416 --- [Shift Scheduler Demo] [           main] org.hibernate.SQL                        : delete from shift_assignments where id=?
Hibernate: delete from shift_assignments where id=?
2025-10-25T10:10:40.569+09:00 DEBUG 16416 --- [Shift Scheduler Demo] [           main] org.hibernate.SQL                        : delete from shift_assignments where id=?
Hibernate: delete from shift_assignments where id=?
2025-10-25T10:10:40.569+09:00 DEBUG 16416 --- [Shift Scheduler Demo] [           main] org.hibernate.SQL                        : delete from shift_assignments where id=?
Hibernate: delete from shift_assignments where id=?
2025-10-25T10:10:40.569+09:00 DEBUG 16416 --- [Shift Scheduler Demo] [           main] org.hibernate.SQL                        : delete from shift_assignments where id=?
Hibernate: delete from shift_assignments where id=?
2025-10-25T10:10:40.569+09:00 DEBUG 16416 --- [Shift Scheduler Demo] [           main] org.hibernate.SQL                        : delete from shift_assignments where id=?
Hibernate: delete from shift_assignments where id=?
2025-10-25T10:10:40.569+09:00 DEBUG 16416 --- [Shift Scheduler Demo] [           main] org.hibernate.SQL                        : delete from shift_assignments where id=?
Hibernate: delete from shift_assignments where id=?
2025-10-25T10:10:40.569+09:00 DEBUG 16416 --- [Shift Scheduler Demo] [           main] org.hibernate.SQL                        : delete from shift_assignments where id=?
Hibernate: delete from shift_assignments where id=?
2025-10-25T10:10:40.569+09:00 DEBUG 16416 --- [Shift Scheduler Demo] [           main] org.hibernate.SQL                        : delete from shift_assignments where id=?
Hibernate: delete from shift_assignments where id=?
2025-10-25T10:10:40.569+09:00 DEBUG 16416 --- [Shift Scheduler Demo] [           main] org.hibernate.SQL                        : delete from shift_assignments where id=?
Hibernate: delete from shift_assignments where id=?
2025-10-25T10:10:40.569+09:00 DEBUG 16416 --- [Shift Scheduler Demo] [           main] org.hibernate.SQL                        : delete from shift_assignments where id=?
Hibernate: delete from shift_assignments where id=?
2025-10-25T10:10:40.569+09:00 DEBUG 16416 --- [Shift Scheduler Demo] [           main] org.hibernate.SQL                        : delete from shift_assignments where id=?
Hibernate: delete from shift_assignments where id=?
2025-10-25T10:10:40.569+09:00 DEBUG 16416 --- [Shift Scheduler Demo] [           main] org.hibernate.SQL                        : delete from shift_assignments where id=?
Hibernate: delete from shift_assignments where id=?
2025-10-25T10:10:40.569+09:00 DEBUG 16416 --- [Shift Scheduler Demo] [           main] org.hibernate.SQL                        : delete from shift_assignments where id=?
Hibernate: delete from shift_assignments where id=?
2025-10-25T10:10:40.569+09:00 DEBUG 16416 --- [Shift Scheduler Demo] [           main] org.hibernate.SQL                        : delete from shift_assignments where id=?
Hibernate: delete from shift_assignments where id=?
2025-10-25T10:10:40.569+09:00 DEBUG 16416 --- [Shift Scheduler Demo] [           main] org.hibernate.SQL                        : delete from shift_assignments where id=?
Hibernate: delete from shift_assignments where id=?
2025-10-25T10:10:40.569+09:00 DEBUG 16416 --- [Shift Scheduler Demo] [           main] org.hibernate.SQL                        : delete from shift_assignments where id=?
Hibernate: delete from shift_assignments where id=?
2025-10-25T10:10:40.569+09:00 DEBUG 16416 --- [Shift Scheduler Demo] [           main] org.hibernate.SQL                        : delete from shift_assignments where id=?
Hibernate: delete from shift_assignments where id=?
2025-10-25T10:10:40.569+09:00 DEBUG 16416 --- [Shift Scheduler Demo] [           main] org.hibernate.SQL                        : delete from shift_assignments where id=?
Hibernate: delete from shift_assignments where id=?
2025-10-25T10:10:40.569+09:00 DEBUG 16416 --- [Shift Scheduler Demo] [           main] org.hibernate.SQL                        : delete from shift_assignments where id=?
Hibernate: delete from shift_assignments where id=?
2025-10-25T10:10:40.569+09:00 DEBUG 16416 --- [Shift Scheduler Demo] [           main] org.hibernate.SQL                        : delete from shift_assignments where id=?
Hibernate: delete from shift_assignments where id=?
2025-10-25T10:10:40.569+09:00 DEBUG 16416 --- [Shift Scheduler Demo] [           main] org.hibernate.SQL                        : delete from shift_assignments where id=?
Hibernate: delete from shift_assignments where id=?
2025-10-25T10:10:40.569+09:00 DEBUG 16416 --- [Shift Scheduler Demo] [           main] org.hibernate.SQL                        : delete from shift_assignments where id=?
Hibernate: delete from shift_assignments where id=?
2025-10-25T10:10:40.569+09:00 DEBUG 16416 --- [Shift Scheduler Demo] [           main] org.hibernate.SQL                        : delete from shift_assignments where id=?
Hibernate: delete from shift_assignments where id=?
2025-10-25T10:10:40.569+09:00 DEBUG 16416 --- [Shift Scheduler Demo] [           main] org.hibernate.SQL                        : delete from shift_assignments where id=?
Hibernate: delete from shift_assignments where id=?
2025-10-25T10:10:40.569+09:00 DEBUG 16416 --- [Shift Scheduler Demo] [           main] org.hibernate.SQL                        : delete from shift_assignments where id=?
Hibernate: delete from shift_assignments where id=?
2025-10-25T10:10:40.569+09:00 DEBUG 16416 --- [Shift Scheduler Demo] [           main] org.hibernate.SQL                        : delete from shift_assignments where id=?
Hibernate: delete from shift_assignments where id=?
2025-10-25T10:10:40.570+09:00 DEBUG 16416 --- [Shift Scheduler Demo] [           main] org.hibernate.SQL                        : delete from shift_assignments where id=?
Hibernate: delete from shift_assignments where id=?
2025-10-25T10:10:40.570+09:00 DEBUG 16416 --- [Shift Scheduler Demo] [           main] org.hibernate.SQL                        : delete from shift_assignments where id=?
Hibernate: delete from shift_assignments where id=?
2025-10-25T10:10:40.570+09:00 DEBUG 16416 --- [Shift Scheduler Demo] [           main] org.hibernate.SQL                        : delete from shift_assignments where id=?
Hibernate: delete from shift_assignments where id=?
2025-10-25T10:10:40.570+09:00 DEBUG 16416 --- [Shift Scheduler Demo] [           main] org.hibernate.SQL                        : delete from shift_assignments where id=?
Hibernate: delete from shift_assignments where id=?
2025-10-25T10:10:40.570+09:00 DEBUG 16416 --- [Shift Scheduler Demo] [           main] org.hibernate.SQL                        : delete from shift_assignments where id=?
Hibernate: delete from shift_assignments where id=?
2025-10-25T10:10:40.570+09:00 DEBUG 16416 --- [Shift Scheduler Demo] [           main] org.hibernate.SQL                        : delete from shift_assignments where id=?
Hibernate: delete from shift_assignments where id=?
2025-10-25T10:10:40.570+09:00 DEBUG 16416 --- [Shift Scheduler Demo] [           main] org.hibernate.SQL                        : delete from shift_assignments where id=?
Hibernate: delete from shift_assignments where id=?
2025-10-25T10:10:40.570+09:00 DEBUG 16416 --- [Shift Scheduler Demo] [           main] org.hibernate.SQL                        : delete from shift_assignments where id=?
Hibernate: delete from shift_assignments where id=?
2025-10-25T10:10:40.570+09:00 DEBUG 16416 --- [Shift Scheduler Demo] [           main] org.hibernate.SQL                        : delete from shift_assignments where id=?
Hibernate: delete from shift_assignments where id=?
2025-10-25T10:10:40.570+09:00 DEBUG 16416 --- [Shift Scheduler Demo] [           main] org.hibernate.SQL                        : delete from shift_assignments where id=?
Hibernate: delete from shift_assignments where id=?
2025-10-25T10:10:40.570+09:00 DEBUG 16416 --- [Shift Scheduler Demo] [           main] org.hibernate.SQL                        : delete from shift_assignments where id=?
Hibernate: delete from shift_assignments where id=?
2025-10-25T10:10:40.570+09:00 DEBUG 16416 --- [Shift Scheduler Demo] [           main] org.hibernate.SQL                        : delete from shift_assignments where id=?
Hibernate: delete from shift_assignments where id=?
2025-10-25T10:10:40.570+09:00 DEBUG 16416 --- [Shift Scheduler Demo] [           main] org.hibernate.SQL                        : delete from shift_assignments where id=?
Hibernate: delete from shift_assignments where id=?
2025-10-25T10:10:40.570+09:00 DEBUG 16416 --- [Shift Scheduler Demo] [           main] org.hibernate.SQL                        : delete from shift_assignments where id=?
Hibernate: delete from shift_assignments where id=?
2025-10-25T10:10:40.570+09:00 DEBUG 16416 --- [Shift Scheduler Demo] [           main] org.hibernate.SQL                        : delete from shift_assignments where id=?
Hibernate: delete from shift_assignments where id=?
2025-10-25T10:10:40.570+09:00 DEBUG 16416 --- [Shift Scheduler Demo] [           main] org.hibernate.SQL                        : delete from shift_assignments where id=?
Hibernate: delete from shift_assignments where id=?
2025-10-25T10:10:40.570+09:00 DEBUG 16416 --- [Shift Scheduler Demo] [           main] org.hibernate.SQL                        : delete from shift_assignments where id=?
Hibernate: delete from shift_assignments where id=?
2025-10-25T10:10:40.570+09:00 DEBUG 16416 --- [Shift Scheduler Demo] [           main] org.hibernate.SQL                        : delete from shift_assignments where id=?
Hibernate: delete from shift_assignments where id=?
2025-10-25T10:10:40.570+09:00 DEBUG 16416 --- [Shift Scheduler Demo] [           main] org.hibernate.SQL                        : delete from shift_assignments where id=?
Hibernate: delete from shift_assignments where id=?
2025-10-25T10:10:40.570+09:00 DEBUG 16416 --- [Shift Scheduler Demo] [           main] org.hibernate.SQL                        : delete from shift_assignments where id=?
Hibernate: delete from shift_assignments where id=?
2025-10-25T10:10:40.570+09:00 DEBUG 16416 --- [Shift Scheduler Demo] [           main] org.hibernate.SQL                        : delete from shift_assignments where id=?
Hibernate: delete from shift_assignments where id=?
2025-10-25T10:10:40.570+09:00 DEBUG 16416 --- [Shift Scheduler Demo] [           main] org.hibernate.SQL                        : delete from shift_assignments where id=?
Hibernate: delete from shift_assignments where id=?
2025-10-25T10:10:40.570+09:00 DEBUG 16416 --- [Shift Scheduler Demo] [           main] org.hibernate.SQL                        : delete from shift_assignments where id=?
Hibernate: delete from shift_assignments where id=?
2025-10-25T10:10:40.570+09:00 DEBUG 16416 --- [Shift Scheduler Demo] [           main] org.hibernate.SQL                        : delete from shift_assignments where id=?
Hibernate: delete from shift_assignments where id=?
2025-10-25T10:10:40.570+09:00 DEBUG 16416 --- [Shift Scheduler Demo] [           main] org.hibernate.SQL                        : delete from shift_assignments where id=?
Hibernate: delete from shift_assignments where id=?
2025-10-25T10:10:40.570+09:00 DEBUG 16416 --- [Shift Scheduler Demo] [           main] org.hibernate.SQL                        : delete from shift_assignments where id=?
Hibernate: delete from shift_assignments where id=?
2025-10-25T10:10:40.570+09:00 DEBUG 16416 --- [Shift Scheduler Demo] [           main] org.hibernate.SQL                        : delete from shift_assignments where id=?
Hibernate: delete from shift_assignments where id=?
2025-10-25T10:10:40.571+09:00 DEBUG 16416 --- [Shift Scheduler Demo] [           main] org.hibernate.SQL                        : delete from shift_assignments where id=?
Hibernate: delete from shift_assignments where id=?
2025-10-25T10:10:40.571+09:00 DEBUG 16416 --- [Shift Scheduler Demo] [           main] org.hibernate.SQL                        : delete from shift_assignments where id=?
Hibernate: delete from shift_assignments where id=?
2025-10-25T10:10:40.571+09:00 DEBUG 16416 --- [Shift Scheduler Demo] [           main] org.hibernate.SQL                        : delete from shift_assignments where id=?
Hibernate: delete from shift_assignments where id=?
2025-10-25T10:10:40.571+09:00 DEBUG 16416 --- [Shift Scheduler Demo] [           main] org.hibernate.SQL                        : delete from shift_assignments where id=?
Hibernate: delete from shift_assignments where id=?
2025-10-25T10:10:40.571+09:00 DEBUG 16416 --- [Shift Scheduler Demo] [           main] org.hibernate.SQL                        : delete from shift_assignments where id=?
Hibernate: delete from shift_assignments where id=?
2025-10-25T10:10:40.571+09:00 DEBUG 16416 --- [Shift Scheduler Demo] [           main] org.hibernate.SQL                        : delete from shift_assignments where id=?
Hibernate: delete from shift_assignments where id=?
2025-10-25T10:10:40.571+09:00 DEBUG 16416 --- [Shift Scheduler Demo] [           main] org.hibernate.SQL                        : delete from shift_assignments where id=?
Hibernate: delete from shift_assignments where id=?
2025-10-25T10:10:40.571+09:00 DEBUG 16416 --- [Shift Scheduler Demo] [           main] org.hibernate.SQL                        : delete from shift_assignments where id=?
Hibernate: delete from shift_assignments where id=?
2025-10-25T10:10:40.571+09:00 DEBUG 16416 --- [Shift Scheduler Demo] [           main] org.hibernate.SQL                        : delete from shift_assignments where id=?
Hibernate: delete from shift_assignments where id=?
2025-10-25T10:10:40.571+09:00 DEBUG 16416 --- [Shift Scheduler Demo] [           main] org.hibernate.SQL                        : delete from shift_assignments where id=?
Hibernate: delete from shift_assignments where id=?
2025-10-25T10:10:40.571+09:00 DEBUG 16416 --- [Shift Scheduler Demo] [           main] org.hibernate.SQL                        : delete from shift_assignments where id=?
Hibernate: delete from shift_assignments where id=?
2025-10-25T10:10:40.571+09:00 DEBUG 16416 --- [Shift Scheduler Demo] [           main] org.hibernate.SQL                        : delete from shift_assignments where id=?
Hibernate: delete from shift_assignments where id=?
2025-10-25T10:10:40.571+09:00 DEBUG 16416 --- [Shift Scheduler Demo] [           main] org.hibernate.SQL                        : delete from shift_assignments where id=?
Hibernate: delete from shift_assignments where id=?
2025-10-25T10:10:40.571+09:00 DEBUG 16416 --- [Shift Scheduler Demo] [           main] org.hibernate.SQL                        : delete from shift_assignments where id=?
Hibernate: delete from shift_assignments where id=?
2025-10-25T10:10:40.571+09:00 DEBUG 16416 --- [Shift Scheduler Demo] [           main] org.hibernate.SQL                        : delete from shift_assignments where id=?
Hibernate: delete from shift_assignments where id=?
2025-10-25T10:10:40.571+09:00 DEBUG 16416 --- [Shift Scheduler Demo] [           main] org.hibernate.SQL                        : delete from shift_assignments where id=?
Hibernate: delete from shift_assignments where id=?
2025-10-25T10:10:40.571+09:00 DEBUG 16416 --- [Shift Scheduler Demo] [           main] org.hibernate.SQL                        : delete from shift_assignments where id=?
Hibernate: delete from shift_assignments where id=?
2025-10-25T10:10:40.571+09:00 DEBUG 16416 --- [Shift Scheduler Demo] [           main] org.hibernate.SQL                        : delete from shift_assignments where id=?
Hibernate: delete from shift_assignments where id=?
2025-10-25T10:10:40.571+09:00 DEBUG 16416 --- [Shift Scheduler Demo] [           main] org.hibernate.SQL                        : delete from shift_assignments where id=?
Hibernate: delete from shift_assignments where id=?
2025-10-25T10:10:40.571+09:00 DEBUG 16416 --- [Shift Scheduler Demo] [           main] org.hibernate.SQL                        : delete from shift_assignments where id=?
Hibernate: delete from shift_assignments where id=?
2025-10-25T10:10:40.571+09:00 DEBUG 16416 --- [Shift Scheduler Demo] [           main] org.hibernate.SQL                        : delete from shift_assignments where id=?
Hibernate: delete from shift_assignments where id=?
2025-10-25T10:10:40.571+09:00 DEBUG 16416 --- [Shift Scheduler Demo] [           main] org.hibernate.SQL                        : delete from shift_assignments where id=?
Hibernate: delete from shift_assignments where id=?
2025-10-25T10:10:40.571+09:00 DEBUG 16416 --- [Shift Scheduler Demo] [           main] org.hibernate.SQL                        : delete from shift_assignments where id=?
Hibernate: delete from shift_assignments where id=?
2025-10-25T10:10:40.571+09:00 DEBUG 16416 --- [Shift Scheduler Demo] [           main] org.hibernate.SQL                        : delete from shift_assignments where id=?
Hibernate: delete from shift_assignments where id=?
2025-10-25T10:10:40.571+09:00 DEBUG 16416 --- [Shift Scheduler Demo] [           main] org.hibernate.SQL                        : delete from shift_assignments where id=?
Hibernate: delete from shift_assignments where id=?
2025-10-25T10:10:40.571+09:00 DEBUG 16416 --- [Shift Scheduler Demo] [           main] org.hibernate.SQL                        : delete from shift_assignments where id=?
Hibernate: delete from shift_assignments where id=?
2025-10-25T10:10:40.571+09:00 DEBUG 16416 --- [Shift Scheduler Demo] [           main] org.hibernate.SQL                        : delete from shift_assignments where id=?
Hibernate: delete from shift_assignments where id=?
2025-10-25T10:10:40.571+09:00 DEBUG 16416 --- [Shift Scheduler Demo] [           main] org.hibernate.SQL                        : delete from shift_assignments where id=?
Hibernate: delete from shift_assignments where id=?
2025-10-25T10:10:40.571+09:00 DEBUG 16416 --- [Shift Scheduler Demo] [           main] org.hibernate.SQL                        : delete from shift_assignments where id=?
Hibernate: delete from shift_assignments where id=?
2025-10-25T10:10:40.571+09:00 DEBUG 16416 --- [Shift Scheduler Demo] [           main] org.hibernate.SQL                        : delete from shift_assignments where id=?
Hibernate: delete from shift_assignments where id=?
2025-10-25T10:10:40.571+09:00 DEBUG 16416 --- [Shift Scheduler Demo] [           main] org.hibernate.SQL                        : delete from shift_assignments where id=?
Hibernate: delete from shift_assignments where id=?
2025-10-25T10:10:40.571+09:00 DEBUG 16416 --- [Shift Scheduler Demo] [           main] org.hibernate.SQL                        : delete from shift_assignments where id=?
Hibernate: delete from shift_assignments where id=?
2025-10-25T10:10:40.572+09:00 DEBUG 16416 --- [Shift Scheduler Demo] [           main] org.hibernate.SQL                        : delete from shift_assignments where id=?
Hibernate: delete from shift_assignments where id=?
2025-10-25T10:10:40.572+09:00 DEBUG 16416 --- [Shift Scheduler Demo] [           main] org.hibernate.SQL                        : delete from shift_assignments where id=?
Hibernate: delete from shift_assignments where id=?
2025-10-25T10:10:40.572+09:00 DEBUG 16416 --- [Shift Scheduler Demo] [           main] org.hibernate.SQL                        : delete from shift_assignments where id=?
Hibernate: delete from shift_assignments where id=?
2025-10-25T10:10:40.572+09:00 DEBUG 16416 --- [Shift Scheduler Demo] [           main] org.hibernate.SQL                        : delete from shift_assignments where id=?
Hibernate: delete from shift_assignments where id=?
2025-10-25T10:10:40.572+09:00 DEBUG 16416 --- [Shift Scheduler Demo] [           main] org.hibernate.SQL                        : delete from shift_assignments where id=?
Hibernate: delete from shift_assignments where id=?
2025-10-25T10:10:40.572+09:00 DEBUG 16416 --- [Shift Scheduler Demo] [           main] org.hibernate.SQL                        : delete from shift_assignments where id=?
Hibernate: delete from shift_assignments where id=?
2025-10-25T10:10:40.572+09:00 DEBUG 16416 --- [Shift Scheduler Demo] [           main] org.hibernate.SQL                        : delete from shift_assignments where id=?
Hibernate: delete from shift_assignments where id=?
2025-10-25T10:10:40.572+09:00 DEBUG 16416 --- [Shift Scheduler Demo] [           main] org.hibernate.SQL                        : delete from shift_assignments where id=?
Hibernate: delete from shift_assignments where id=?
2025-10-25T10:10:40.572+09:00 DEBUG 16416 --- [Shift Scheduler Demo] [           main] org.hibernate.SQL                        : delete from shift_assignments where id=?
Hibernate: delete from shift_assignments where id=?
2025-10-25T10:10:40.572+09:00 DEBUG 16416 --- [Shift Scheduler Demo] [           main] org.hibernate.SQL                        : delete from shift_assignments where id=?
Hibernate: delete from shift_assignments where id=?
2025-10-25T10:10:40.572+09:00 DEBUG 16416 --- [Shift Scheduler Demo] [           main] org.hibernate.SQL                        : delete from shift_assignments where id=?
Hibernate: delete from shift_assignments where id=?
2025-10-25T10:10:40.572+09:00 DEBUG 16416 --- [Shift Scheduler Demo] [           main] org.hibernate.SQL                        : delete from shift_assignments where id=?
Hibernate: delete from shift_assignments where id=?
2025-10-25T10:10:40.572+09:00 DEBUG 16416 --- [Shift Scheduler Demo] [           main] org.hibernate.SQL                        : delete from shift_assignments where id=?
Hibernate: delete from shift_assignments where id=?
2025-10-25T10:10:40.572+09:00 DEBUG 16416 --- [Shift Scheduler Demo] [           main] org.hibernate.SQL                        : delete from shift_assignments where id=?
Hibernate: delete from shift_assignments where id=?
2025-10-25T10:10:40.572+09:00 DEBUG 16416 --- [Shift Scheduler Demo] [           main] org.hibernate.SQL                        : delete from shift_assignments where id=?
Hibernate: delete from shift_assignments where id=?
2025-10-25T10:10:40.572+09:00 DEBUG 16416 --- [Shift Scheduler Demo] [           main] org.hibernate.SQL                        : delete from shift_assignments where id=?
Hibernate: delete from shift_assignments where id=?
2025-10-25T10:10:40.572+09:00 DEBUG 16416 --- [Shift Scheduler Demo] [           main] org.hibernate.SQL                        : delete from shift_assignments where id=?
Hibernate: delete from shift_assignments where id=?
2025-10-25T10:10:40.572+09:00 DEBUG 16416 --- [Shift Scheduler Demo] [           main] org.hibernate.SQL                        : delete from shift_assignments where id=?
Hibernate: delete from shift_assignments where id=?
2025-10-25T10:10:40.573+09:00 DEBUG 16416 --- [Shift Scheduler Demo] [           main] org.hibernate.SQL                        : delete from shift_assignments where id=?
Hibernate: delete from shift_assignments where id=?
2025-10-25T10:10:40.573+09:00 DEBUG 16416 --- [Shift Scheduler Demo] [           main] org.hibernate.SQL                        : delete from shift_assignments where id=?
Hibernate: delete from shift_assignments where id=?
2025-10-25T10:10:40.573+09:00 DEBUG 16416 --- [Shift Scheduler Demo] [           main] org.hibernate.SQL                        : delete from shift_assignments where id=?
Hibernate: delete from shift_assignments where id=?
2025-10-25T10:10:40.573+09:00 DEBUG 16416 --- [Shift Scheduler Demo] [           main] org.hibernate.SQL                        : delete from shift_assignments where id=?
Hibernate: delete from shift_assignments where id=?
2025-10-25T10:10:40.573+09:00 DEBUG 16416 --- [Shift Scheduler Demo] [           main] org.hibernate.SQL                        : delete from shift_assignments where id=?
Hibernate: delete from shift_assignments where id=?
2025-10-25T10:10:40.573+09:00 DEBUG 16416 --- [Shift Scheduler Demo] [           main] org.hibernate.SQL                        : delete from shift_assignments where id=?
Hibernate: delete from shift_assignments where id=?
2025-10-25T10:10:40.573+09:00 DEBUG 16416 --- [Shift Scheduler Demo] [           main] org.hibernate.SQL                        : delete from shift_assignments where id=?
Hibernate: delete from shift_assignments where id=?
2025-10-25T10:10:40.573+09:00 DEBUG 16416 --- [Shift Scheduler Demo] [           main] org.hibernate.SQL                        : delete from shift_assignments where id=?
Hibernate: delete from shift_assignments where id=?
2025-10-25T10:10:40.573+09:00 DEBUG 16416 --- [Shift Scheduler Demo] [           main] org.hibernate.SQL                        : delete from shift_assignments where id=?
Hibernate: delete from shift_assignments where id=?
2025-10-25T10:10:40.573+09:00 DEBUG 16416 --- [Shift Scheduler Demo] [           main] org.hibernate.SQL                        : delete from shift_assignments where id=?
Hibernate: delete from shift_assignments where id=?
2025-10-25T10:10:40.573+09:00 DEBUG 16416 --- [Shift Scheduler Demo] [           main] org.hibernate.SQL                        : delete from shift_assignments where id=?
Hibernate: delete from shift_assignments where id=?
2025-10-25T10:10:40.573+09:00 DEBUG 16416 --- [Shift Scheduler Demo] [           main] org.hibernate.SQL                        : delete from shift_assignments where id=?
Hibernate: delete from shift_assignments where id=?
2025-10-25T10:10:40.573+09:00 DEBUG 16416 --- [Shift Scheduler Demo] [           main] org.hibernate.SQL                        : delete from shift_assignments where id=?
Hibernate: delete from shift_assignments where id=?
2025-10-25T10:10:40.573+09:00 DEBUG 16416 --- [Shift Scheduler Demo] [           main] org.hibernate.SQL                        : delete from shift_assignments where id=?
Hibernate: delete from shift_assignments where id=?
2025-10-25T10:10:40.573+09:00 DEBUG 16416 --- [Shift Scheduler Demo] [           main] org.hibernate.SQL                        : delete from shift_assignments where id=?
Hibernate: delete from shift_assignments where id=?
2025-10-25T10:10:40.573+09:00 DEBUG 16416 --- [Shift Scheduler Demo] [           main] org.hibernate.SQL                        : delete from shift_assignments where id=?
Hibernate: delete from shift_assignments where id=?
2025-10-25T10:10:40.573+09:00 DEBUG 16416 --- [Shift Scheduler Demo] [           main] org.hibernate.SQL                        : delete from shift_assignments where id=?
Hibernate: delete from shift_assignments where id=?
2025-10-25T10:10:40.573+09:00 DEBUG 16416 --- [Shift Scheduler Demo] [           main] org.hibernate.SQL                        : delete from shift_assignments where id=?
Hibernate: delete from shift_assignments where id=?
2025-10-25T10:10:40.573+09:00 DEBUG 16416 --- [Shift Scheduler Demo] [           main] org.hibernate.SQL                        : delete from shift_assignments where id=?
Hibernate: delete from shift_assignments where id=?
2025-10-25T10:10:40.573+09:00 DEBUG 16416 --- [Shift Scheduler Demo] [           main] org.hibernate.SQL                        : delete from shift_assignments where id=?
Hibernate: delete from shift_assignments where id=?
2025-10-25T10:10:40.573+09:00 DEBUG 16416 --- [Shift Scheduler Demo] [           main] org.hibernate.SQL                        : delete from shift_assignments where id=?
Hibernate: delete from shift_assignments where id=?
2025-10-25T10:10:40.573+09:00 DEBUG 16416 --- [Shift Scheduler Demo] [           main] org.hibernate.SQL                        : delete from shift_assignments where id=?
Hibernate: delete from shift_assignments where id=?
2025-10-25T10:10:40.573+09:00 DEBUG 16416 --- [Shift Scheduler Demo] [           main] org.hibernate.SQL                        : delete from shift_assignments where id=?
Hibernate: delete from shift_assignments where id=?
2025-10-25T10:10:40.573+09:00 DEBUG 16416 --- [Shift Scheduler Demo] [           main] org.hibernate.SQL                        : delete from shift_assignments where id=?
Hibernate: delete from shift_assignments where id=?
2025-10-25T10:10:40.573+09:00 DEBUG 16416 --- [Shift Scheduler Demo] [           main] org.hibernate.SQL                        : delete from shift_assignments where id=?
Hibernate: delete from shift_assignments where id=?
2025-10-25T10:10:40.573+09:00 DEBUG 16416 --- [Shift Scheduler Demo] [           main] org.hibernate.SQL                        : delete from shift_assignments where id=?
Hibernate: delete from shift_assignments where id=?
2025-10-25T10:10:40.573+09:00 DEBUG 16416 --- [Shift Scheduler Demo] [           main] org.hibernate.SQL                        : delete from shift_assignments where id=?
Hibernate: delete from shift_assignments where id=?
2025-10-25T10:10:40.573+09:00 DEBUG 16416 --- [Shift Scheduler Demo] [           main] org.hibernate.SQL                        : delete from shift_assignments where id=?
Hibernate: delete from shift_assignments where id=?
2025-10-25T10:10:40.573+09:00 DEBUG 16416 --- [Shift Scheduler Demo] [           main] org.hibernate.SQL                        : delete from shift_assignments where id=?
Hibernate: delete from shift_assignments where id=?
2025-10-25T10:10:40.573+09:00 DEBUG 16416 --- [Shift Scheduler Demo] [           main] org.hibernate.SQL                        : delete from shift_assignments where id=?
Hibernate: delete from shift_assignments where id=?
2025-10-25T10:10:40.573+09:00 DEBUG 16416 --- [Shift Scheduler Demo] [           main] org.hibernate.SQL                        : delete from shift_assignments where id=?
Hibernate: delete from shift_assignments where id=?
2025-10-25T10:10:40.573+09:00 DEBUG 16416 --- [Shift Scheduler Demo] [           main] org.hibernate.SQL                        : delete from shift_assignments where id=?
Hibernate: delete from shift_assignments where id=?
2025-10-25T10:10:40.573+09:00 DEBUG 16416 --- [Shift Scheduler Demo] [           main] org.hibernate.SQL                        : delete from shift_assignments where id=?
Hibernate: delete from shift_assignments where id=?
2025-10-25T10:10:40.574+09:00 DEBUG 16416 --- [Shift Scheduler Demo] [           main] org.hibernate.SQL                        : delete from shift_assignments where id=?
Hibernate: delete from shift_assignments where id=?
2025-10-25T10:10:40.574+09:00 DEBUG 16416 --- [Shift Scheduler Demo] [           main] org.hibernate.SQL                        : delete from shift_assignments where id=?
Hibernate: delete from shift_assignments where id=?
2025-10-25T10:10:40.574+09:00 DEBUG 16416 --- [Shift Scheduler Demo] [           main] org.hibernate.SQL                        : delete from shift_assignments where id=?
Hibernate: delete from shift_assignments where id=?
2025-10-25T10:10:40.574+09:00 DEBUG 16416 --- [Shift Scheduler Demo] [           main] org.hibernate.SQL                        : delete from shift_assignments where id=?
Hibernate: delete from shift_assignments where id=?
2025-10-25T10:10:40.574+09:00 DEBUG 16416 --- [Shift Scheduler Demo] [           main] org.hibernate.SQL                        : delete from shift_assignments where id=?
Hibernate: delete from shift_assignments where id=?
2025-10-25T10:10:40.574+09:00 DEBUG 16416 --- [Shift Scheduler Demo] [           main] org.hibernate.SQL                        : delete from shift_assignments where id=?
Hibernate: delete from shift_assignments where id=?
2025-10-25T10:10:40.574+09:00 DEBUG 16416 --- [Shift Scheduler Demo] [           main] org.hibernate.SQL                        : delete from shift_assignments where id=?
Hibernate: delete from shift_assignments where id=?
2025-10-25T10:10:40.574+09:00 DEBUG 16416 --- [Shift Scheduler Demo] [           main] org.hibernate.SQL                        : delete from shift_assignments where id=?
Hibernate: delete from shift_assignments where id=?
2025-10-25T10:10:40.574+09:00 DEBUG 16416 --- [Shift Scheduler Demo] [           main] org.hibernate.SQL                        : delete from shift_assignments where id=?
Hibernate: delete from shift_assignments where id=?
2025-10-25T10:10:40.574+09:00 DEBUG 16416 --- [Shift Scheduler Demo] [           main] org.hibernate.SQL                        : delete from shift_assignments where id=?
Hibernate: delete from shift_assignments where id=?
2025-10-25T10:10:40.574+09:00 DEBUG 16416 --- [Shift Scheduler Demo] [           main] org.hibernate.SQL                        : delete from shift_assignments where id=?
Hibernate: delete from shift_assignments where id=?
2025-10-25T10:10:40.574+09:00 DEBUG 16416 --- [Shift Scheduler Demo] [           main] org.hibernate.SQL                        : delete from shift_assignments where id=?
Hibernate: delete from shift_assignments where id=?
2025-10-25T10:10:40.574+09:00 DEBUG 16416 --- [Shift Scheduler Demo] [           main] org.hibernate.SQL                        : delete from shift_assignments where id=?
Hibernate: delete from shift_assignments where id=?
2025-10-25T10:10:40.574+09:00 DEBUG 16416 --- [Shift Scheduler Demo] [           main] org.hibernate.SQL                        : delete from shift_assignments where id=?
Hibernate: delete from shift_assignments where id=?
2025-10-25T10:10:40.574+09:00 DEBUG 16416 --- [Shift Scheduler Demo] [           main] org.hibernate.SQL                        : delete from shift_assignments where id=?
Hibernate: delete from shift_assignments where id=?
2025-10-25T10:10:40.574+09:00 DEBUG 16416 --- [Shift Scheduler Demo] [           main] org.hibernate.SQL                        : delete from shift_assignments where id=?
Hibernate: delete from shift_assignments where id=?
2025-10-25T10:10:40.574+09:00 DEBUG 16416 --- [Shift Scheduler Demo] [           main] org.hibernate.SQL                        : delete from shift_assignments where id=?
Hibernate: delete from shift_assignments where id=?
2025-10-25T10:10:40.574+09:00 DEBUG 16416 --- [Shift Scheduler Demo] [           main] org.hibernate.SQL                        : delete from shift_assignments where id=?
Hibernate: delete from shift_assignments where id=?
2025-10-25T10:10:40.574+09:00 DEBUG 16416 --- [Shift Scheduler Demo] [           main] org.hibernate.SQL                        : delete from shift_assignments where id=?
Hibernate: delete from shift_assignments where id=?
2025-10-25T10:10:40.574+09:00 DEBUG 16416 --- [Shift Scheduler Demo] [           main] org.hibernate.SQL                        : delete from shift_assignments where id=?
Hibernate: delete from shift_assignments where id=?
2025-10-25T10:10:40.574+09:00 DEBUG 16416 --- [Shift Scheduler Demo] [           main] org.hibernate.SQL                        : delete from shift_assignments where id=?
Hibernate: delete from shift_assignments where id=?
2025-10-25T10:10:40.574+09:00 DEBUG 16416 --- [Shift Scheduler Demo] [           main] org.hibernate.SQL                        : delete from shift_assignments where id=?
Hibernate: delete from shift_assignments where id=?
2025-10-25T10:10:40.574+09:00 DEBUG 16416 --- [Shift Scheduler Demo] [           main] org.hibernate.SQL                        : delete from shift_assignments where id=?
Hibernate: delete from shift_assignments where id=?
2025-10-25T10:10:40.574+09:00 DEBUG 16416 --- [Shift Scheduler Demo] [           main] org.hibernate.SQL                        : delete from shift_assignments where id=?
Hibernate: delete from shift_assignments where id=?
2025-10-25T10:10:40.574+09:00 DEBUG 16416 --- [Shift Scheduler Demo] [           main] org.hibernate.SQL                        : delete from shift_assignments where id=?
Hibernate: delete from shift_assignments where id=?
2025-10-25T10:10:40.574+09:00 DEBUG 16416 --- [Shift Scheduler Demo] [           main] org.hibernate.SQL                        : delete from shift_assignments where id=?
Hibernate: delete from shift_assignments where id=?
2025-10-25T10:10:40.574+09:00 DEBUG 16416 --- [Shift Scheduler Demo] [           main] org.hibernate.SQL                        : delete from shift_assignments where id=?
Hibernate: delete from shift_assignments where id=?
2025-10-25T10:10:40.574+09:00 DEBUG 16416 --- [Shift Scheduler Demo] [           main] org.hibernate.SQL                        : delete from shift_assignments where id=?
Hibernate: delete from shift_assignments where id=?
2025-10-25T10:10:40.574+09:00 DEBUG 16416 --- [Shift Scheduler Demo] [           main] org.hibernate.SQL                        : delete from shift_assignments where id=?
Hibernate: delete from shift_assignments where id=?
2025-10-25T10:10:40.575+09:00 DEBUG 16416 --- [Shift Scheduler Demo] [           main] org.hibernate.SQL                        : delete from shift_assignments where id=?
Hibernate: delete from shift_assignments where id=?
2025-10-25T10:10:40.575+09:00 DEBUG 16416 --- [Shift Scheduler Demo] [           main] org.hibernate.SQL                        : delete from shift_assignments where id=?
Hibernate: delete from shift_assignments where id=?
2025-10-25T10:10:40.575+09:00 DEBUG 16416 --- [Shift Scheduler Demo] [           main] org.hibernate.SQL                        : delete from shift_assignments where id=?
Hibernate: delete from shift_assignments where id=?
2025-10-25T10:10:40.575+09:00 DEBUG 16416 --- [Shift Scheduler Demo] [           main] org.hibernate.SQL                        : delete from shift_assignments where id=?
Hibernate: delete from shift_assignments where id=?
2025-10-25T10:10:40.575+09:00 DEBUG 16416 --- [Shift Scheduler Demo] [           main] org.hibernate.SQL                        : delete from shift_assignments where id=?
Hibernate: delete from shift_assignments where id=?
2025-10-25T10:10:40.575+09:00 DEBUG 16416 --- [Shift Scheduler Demo] [           main] org.hibernate.SQL                        : delete from shift_assignments where id=?
Hibernate: delete from shift_assignments where id=?
2025-10-25T10:10:40.575+09:00 DEBUG 16416 --- [Shift Scheduler Demo] [           main] org.hibernate.SQL                        : delete from shift_assignments where id=?
Hibernate: delete from shift_assignments where id=?
2025-10-25T10:10:40.575+09:00 DEBUG 16416 --- [Shift Scheduler Demo] [           main] org.hibernate.SQL                        : delete from shift_assignments where id=?
Hibernate: delete from shift_assignments where id=?
2025-10-25T10:10:40.575+09:00 DEBUG 16416 --- [Shift Scheduler Demo] [           main] org.hibernate.SQL                        : delete from shift_assignments where id=?
Hibernate: delete from shift_assignments where id=?
2025-10-25T10:10:40.575+09:00 DEBUG 16416 --- [Shift Scheduler Demo] [           main] org.hibernate.SQL                        : delete from shift_assignments where id=?
Hibernate: delete from shift_assignments where id=?
2025-10-25T10:10:40.575+09:00 DEBUG 16416 --- [Shift Scheduler Demo] [           main] org.hibernate.SQL                        : delete from shift_assignments where id=?
Hibernate: delete from shift_assignments where id=?
2025-10-25T10:10:40.575+09:00 DEBUG 16416 --- [Shift Scheduler Demo] [           main] org.hibernate.SQL                        : delete from shift_assignments where id=?
Hibernate: delete from shift_assignments where id=?
2025-10-25T10:10:40.575+09:00 DEBUG 16416 --- [Shift Scheduler Demo] [           main] org.hibernate.SQL                        : delete from shift_assignments where id=?
Hibernate: delete from shift_assignments where id=?
2025-10-25T10:10:40.575+09:00 DEBUG 16416 --- [Shift Scheduler Demo] [           main] org.hibernate.SQL                        : delete from shift_assignments where id=?
Hibernate: delete from shift_assignments where id=?
2025-10-25T10:10:40.575+09:00 DEBUG 16416 --- [Shift Scheduler Demo] [           main] org.hibernate.SQL                        : delete from shift_assignments where id=?
Hibernate: delete from shift_assignments where id=?
2025-10-25T10:10:40.575+09:00 DEBUG 16416 --- [Shift Scheduler Demo] [           main] org.hibernate.SQL                        : delete from shift_assignments where id=?
Hibernate: delete from shift_assignments where id=?
2025-10-25T10:10:40.575+09:00 DEBUG 16416 --- [Shift Scheduler Demo] [           main] org.hibernate.SQL                        : delete from shift_assignments where id=?
Hibernate: delete from shift_assignments where id=?
2025-10-25T10:10:40.575+09:00 DEBUG 16416 --- [Shift Scheduler Demo] [           main] org.hibernate.SQL                        : delete from shift_assignments where id=?
Hibernate: delete from shift_assignments where id=?
2025-10-25T10:10:40.575+09:00 DEBUG 16416 --- [Shift Scheduler Demo] [           main] org.hibernate.SQL                        : delete from shift_assignments where id=?
Hibernate: delete from shift_assignments where id=?
2025-10-25T10:10:40.575+09:00 DEBUG 16416 --- [Shift Scheduler Demo] [           main] org.hibernate.SQL                        : delete from shift_assignments where id=?
Hibernate: delete from shift_assignments where id=?
2025-10-25T10:10:40.575+09:00 DEBUG 16416 --- [Shift Scheduler Demo] [           main] org.hibernate.SQL                        : delete from shift_assignments where id=?
Hibernate: delete from shift_assignments where id=?
2025-10-25T10:10:40.575+09:00 DEBUG 16416 --- [Shift Scheduler Demo] [           main] org.hibernate.SQL                        : delete from shift_assignments where id=?
Hibernate: delete from shift_assignments where id=?
2025-10-25T10:10:40.575+09:00 DEBUG 16416 --- [Shift Scheduler Demo] [           main] org.hibernate.SQL                        : delete from shift_assignments where id=?
Hibernate: delete from shift_assignments where id=?
2025-10-25T10:10:40.575+09:00 DEBUG 16416 --- [Shift Scheduler Demo] [           main] org.hibernate.SQL                        : delete from shift_assignments where id=?
Hibernate: delete from shift_assignments where id=?
2025-10-25T10:10:40.575+09:00 DEBUG 16416 --- [Shift Scheduler Demo] [           main] org.hibernate.SQL                        : delete from shift_assignments where id=?
Hibernate: delete from shift_assignments where id=?
2025-10-25T10:10:40.575+09:00 DEBUG 16416 --- [Shift Scheduler Demo] [           main] org.hibernate.SQL                        : delete from shift_assignments where id=?
Hibernate: delete from shift_assignments where id=?
2025-10-25T10:10:40.575+09:00 DEBUG 16416 --- [Shift Scheduler Demo] [           main] org.hibernate.SQL                        : delete from shift_assignments where id=?
Hibernate: delete from shift_assignments where id=?
2025-10-25T10:10:40.575+09:00 DEBUG 16416 --- [Shift Scheduler Demo] [           main] org.hibernate.SQL                        : delete from shift_assignments where id=?
Hibernate: delete from shift_assignments where id=?
2025-10-25T10:10:40.575+09:00 DEBUG 16416 --- [Shift Scheduler Demo] [           main] org.hibernate.SQL                        : delete from shift_assignments where id=?
Hibernate: delete from shift_assignments where id=?
2025-10-25T10:10:40.575+09:00 DEBUG 16416 --- [Shift Scheduler Demo] [           main] org.hibernate.SQL                        : delete from shift_assignments where id=?
Hibernate: delete from shift_assignments where id=?
2025-10-25T10:10:40.575+09:00 DEBUG 16416 --- [Shift Scheduler Demo] [           main] org.hibernate.SQL                        : delete from shift_assignments where id=?
Hibernate: delete from shift_assignments where id=?
2025-10-25T10:10:40.576+09:00 DEBUG 16416 --- [Shift Scheduler Demo] [           main] org.hibernate.SQL                        : delete from shift_assignments where id=?
Hibernate: delete from shift_assignments where id=?
2025-10-25T10:10:40.576+09:00 DEBUG 16416 --- [Shift Scheduler Demo] [           main] org.hibernate.SQL                        : delete from shift_assignments where id=?
Hibernate: delete from shift_assignments where id=?
2025-10-25T10:10:40.576+09:00 DEBUG 16416 --- [Shift Scheduler Demo] [           main] org.hibernate.SQL                        : delete from shift_assignments where id=?
Hibernate: delete from shift_assignments where id=?
2025-10-25T10:10:40.576+09:00 DEBUG 16416 --- [Shift Scheduler Demo] [           main] org.hibernate.SQL                        : delete from shift_assignments where id=?
Hibernate: delete from shift_assignments where id=?
2025-10-25T10:10:40.576+09:00 DEBUG 16416 --- [Shift Scheduler Demo] [           main] org.hibernate.SQL                        : delete from shift_assignments where id=?
Hibernate: delete from shift_assignments where id=?
2025-10-25T10:10:40.576+09:00 DEBUG 16416 --- [Shift Scheduler Demo] [           main] org.hibernate.SQL                        : delete from shift_assignments where id=?
Hibernate: delete from shift_assignments where id=?
2025-10-25T10:10:40.576+09:00 DEBUG 16416 --- [Shift Scheduler Demo] [           main] org.hibernate.SQL                        : delete from shift_assignments where id=?
Hibernate: delete from shift_assignments where id=?
2025-10-25T10:10:40.576+09:00 DEBUG 16416 --- [Shift Scheduler Demo] [           main] org.hibernate.SQL                        : delete from shift_assignments where id=?
Hibernate: delete from shift_assignments where id=?
2025-10-25T10:10:40.576+09:00 DEBUG 16416 --- [Shift Scheduler Demo] [           main] org.hibernate.SQL                        : delete from shift_assignments where id=?
Hibernate: delete from shift_assignments where id=?
2025-10-25T10:10:40.576+09:00 DEBUG 16416 --- [Shift Scheduler Demo] [           main] org.hibernate.SQL                        : delete from shift_assignments where id=?
Hibernate: delete from shift_assignments where id=?
2025-10-25T10:10:40.576+09:00 DEBUG 16416 --- [Shift Scheduler Demo] [           main] org.hibernate.SQL                        : delete from shift_assignments where id=?
Hibernate: delete from shift_assignments where id=?
2025-10-25T10:10:40.576+09:00 DEBUG 16416 --- [Shift Scheduler Demo] [           main] org.hibernate.SQL                        : delete from shift_assignments where id=?
Hibernate: delete from shift_assignments where id=?
2025-10-25T10:10:40.576+09:00 DEBUG 16416 --- [Shift Scheduler Demo] [           main] org.hibernate.SQL                        : delete from shift_assignments where id=?
Hibernate: delete from shift_assignments where id=?
2025-10-25T10:10:40.576+09:00 DEBUG 16416 --- [Shift Scheduler Demo] [           main] org.hibernate.SQL                        : delete from shift_assignments where id=?
Hibernate: delete from shift_assignments where id=?
2025-10-25T10:10:40.576+09:00 DEBUG 16416 --- [Shift Scheduler Demo] [           main] org.hibernate.SQL                        : delete from shift_assignments where id=?
Hibernate: delete from shift_assignments where id=?
2025-10-25T10:10:40.576+09:00 DEBUG 16416 --- [Shift Scheduler Demo] [           main] org.hibernate.SQL                        : delete from shift_assignments where id=?
Hibernate: delete from shift_assignments where id=?
2025-10-25T10:10:40.576+09:00 DEBUG 16416 --- [Shift Scheduler Demo] [           main] org.hibernate.SQL                        : delete from shift_assignments where id=?
Hibernate: delete from shift_assignments where id=?
2025-10-25T10:10:40.576+09:00 DEBUG 16416 --- [Shift Scheduler Demo] [           main] org.hibernate.SQL                        : delete from shift_assignments where id=?
Hibernate: delete from shift_assignments where id=?
2025-10-25T10:10:40.576+09:00 DEBUG 16416 --- [Shift Scheduler Demo] [           main] org.hibernate.SQL                        : delete from shift_assignments where id=?
Hibernate: delete from shift_assignments where id=?
2025-10-25T10:10:40.576+09:00 DEBUG 16416 --- [Shift Scheduler Demo] [           main] org.hibernate.SQL                        : delete from shift_assignments where id=?
Hibernate: delete from shift_assignments where id=?
2025-10-25T10:10:40.576+09:00 DEBUG 16416 --- [Shift Scheduler Demo] [           main] org.hibernate.SQL                        : delete from shift_assignments where id=?
Hibernate: delete from shift_assignments where id=?
2025-10-25T10:10:40.576+09:00 DEBUG 16416 --- [Shift Scheduler Demo] [           main] org.hibernate.SQL                        : delete from shift_assignments where id=?
Hibernate: delete from shift_assignments where id=?
2025-10-25T10:10:40.576+09:00 DEBUG 16416 --- [Shift Scheduler Demo] [           main] org.hibernate.SQL                        : delete from shift_assignments where id=?
Hibernate: delete from shift_assignments where id=?
2025-10-25T10:10:40.576+09:00 DEBUG 16416 --- [Shift Scheduler Demo] [           main] org.hibernate.SQL                        : delete from shift_assignments where id=?
Hibernate: delete from shift_assignments where id=?
2025-10-25T10:10:40.576+09:00 DEBUG 16416 --- [Shift Scheduler Demo] [           main] org.hibernate.SQL                        : delete from shift_assignments where id=?
Hibernate: delete from shift_assignments where id=?
2025-10-25T10:10:40.576+09:00 DEBUG 16416 --- [Shift Scheduler Demo] [           main] org.hibernate.SQL                        : delete from shift_assignments where id=?
Hibernate: delete from shift_assignments where id=?
2025-10-25T10:10:40.576+09:00 DEBUG 16416 --- [Shift Scheduler Demo] [           main] org.hibernate.SQL                        : delete from shift_assignments where id=?
Hibernate: delete from shift_assignments where id=?
2025-10-25T10:10:40.576+09:00 DEBUG 16416 --- [Shift Scheduler Demo] [           main] org.hibernate.SQL                        : delete from shift_assignments where id=?
Hibernate: delete from shift_assignments where id=?
2025-10-25T10:10:40.576+09:00 DEBUG 16416 --- [Shift Scheduler Demo] [           main] org.hibernate.SQL                        : delete from shift_assignments where id=?
Hibernate: delete from shift_assignments where id=?
2025-10-25T10:10:40.576+09:00 DEBUG 16416 --- [Shift Scheduler Demo] [           main] org.hibernate.SQL                        : delete from shift_assignments where id=?
Hibernate: delete from shift_assignments where id=?
2025-10-25T10:10:40.576+09:00 DEBUG 16416 --- [Shift Scheduler Demo] [           main] org.hibernate.SQL                        : delete from shift_assignments where id=?
Hibernate: delete from shift_assignments where id=?
2025-10-25T10:10:40.576+09:00 DEBUG 16416 --- [Shift Scheduler Demo] [           main] org.hibernate.SQL                        : delete from shift_assignments where id=?
Hibernate: delete from shift_assignments where id=?
2025-10-25T10:10:40.576+09:00 DEBUG 16416 --- [Shift Scheduler Demo] [           main] org.hibernate.SQL                        : delete from shift_assignments where id=?
Hibernate: delete from shift_assignments where id=?
2025-10-25T10:10:40.576+09:00 DEBUG 16416 --- [Shift Scheduler Demo] [           main] org.hibernate.SQL                        : delete from shift_assignments where id=?
Hibernate: delete from shift_assignments where id=?
2025-10-25T10:10:40.576+09:00 DEBUG 16416 --- [Shift Scheduler Demo] [           main] org.hibernate.SQL                        : delete from shift_assignments where id=?
Hibernate: delete from shift_assignments where id=?
2025-10-25T10:10:40.576+09:00 DEBUG 16416 --- [Shift Scheduler Demo] [           main] org.hibernate.SQL                        : delete from shift_assignments where id=?
Hibernate: delete from shift_assignments where id=?
2025-10-25T10:10:40.576+09:00 DEBUG 16416 --- [Shift Scheduler Demo] [           main] org.hibernate.SQL                        : delete from shift_assignments where id=?
Hibernate: delete from shift_assignments where id=?
2025-10-25T10:10:40.576+09:00 DEBUG 16416 --- [Shift Scheduler Demo] [           main] org.hibernate.SQL                        : delete from shift_assignments where id=?
Hibernate: delete from shift_assignments where id=?
2025-10-25T10:10:40.576+09:00 DEBUG 16416 --- [Shift Scheduler Demo] [           main] org.hibernate.SQL                        : delete from shift_assignments where id=?
Hibernate: delete from shift_assignments where id=?
2025-10-25T10:10:40.576+09:00 DEBUG 16416 --- [Shift Scheduler Demo] [           main] org.hibernate.SQL                        : delete from shift_assignments where id=?
Hibernate: delete from shift_assignments where id=?
2025-10-25T10:10:40.576+09:00 DEBUG 16416 --- [Shift Scheduler Demo] [           main] org.hibernate.SQL                        : delete from shift_assignments where id=?
Hibernate: delete from shift_assignments where id=?
2025-10-25T10:10:40.576+09:00 DEBUG 16416 --- [Shift Scheduler Demo] [           main] org.hibernate.SQL                        : delete from shift_assignments where id=?
Hibernate: delete from shift_assignments where id=?
2025-10-25T10:10:40.576+09:00 DEBUG 16416 --- [Shift Scheduler Demo] [           main] org.hibernate.SQL                        : delete from shift_assignments where id=?
Hibernate: delete from shift_assignments where id=?
2025-10-25T10:10:40.576+09:00 DEBUG 16416 --- [Shift Scheduler Demo] [           main] org.hibernate.SQL                        : delete from shift_assignments where id=?
Hibernate: delete from shift_assignments where id=?
2025-10-25T10:10:40.578+09:00 DEBUG 16416 --- [Shift Scheduler Demo] [           main] org.hibernate.SQL                        : delete from shift_assignments where id=?
Hibernate: delete from shift_assignments where id=?
2025-10-25T10:10:40.578+09:00 DEBUG 16416 --- [Shift Scheduler Demo] [           main] org.hibernate.SQL                        : delete from shift_assignments where id=?
Hibernate: delete from shift_assignments where id=?
2025-10-25T10:10:40.578+09:00 DEBUG 16416 --- [Shift Scheduler Demo] [           main] org.hibernate.SQL                        : delete from shift_assignments where id=?
Hibernate: delete from shift_assignments where id=?
2025-10-25T10:10:40.578+09:00 DEBUG 16416 --- [Shift Scheduler Demo] [           main] org.hibernate.SQL                        : delete from shift_assignments where id=?
Hibernate: delete from shift_assignments where id=?
2025-10-25T10:10:40.578+09:00 DEBUG 16416 --- [Shift Scheduler Demo] [           main] org.hibernate.SQL                        : delete from shift_assignments where id=?
Hibernate: delete from shift_assignments where id=?
2025-10-25T10:10:40.578+09:00 DEBUG 16416 --- [Shift Scheduler Demo] [           main] org.hibernate.SQL                        : delete from shift_assignments where id=?
Hibernate: delete from shift_assignments where id=?
2025-10-25T10:10:40.578+09:00 DEBUG 16416 --- [Shift Scheduler Demo] [           main] org.hibernate.SQL                        : delete from shift_assignments where id=?
Hibernate: delete from shift_assignments where id=?
2025-10-25T10:10:40.578+09:00 DEBUG 16416 --- [Shift Scheduler Demo] [           main] org.hibernate.SQL                        : delete from shift_assignments where id=?
Hibernate: delete from shift_assignments where id=?
2025-10-25T10:10:40.578+09:00 DEBUG 16416 --- [Shift Scheduler Demo] [           main] org.hibernate.SQL                        : delete from shift_assignments where id=?
Hibernate: delete from shift_assignments where id=?
2025-10-25T10:10:40.578+09:00 DEBUG 16416 --- [Shift Scheduler Demo] [           main] org.hibernate.SQL                        : delete from shift_assignments where id=?
Hibernate: delete from shift_assignments where id=?
2025-10-25T10:10:40.578+09:00 DEBUG 16416 --- [Shift Scheduler Demo] [           main] org.hibernate.SQL                        : delete from shift_assignments where id=?
Hibernate: delete from shift_assignments where id=?
2025-10-25T10:10:40.578+09:00 DEBUG 16416 --- [Shift Scheduler Demo] [           main] org.hibernate.SQL                        : delete from shift_assignments where id=?
Hibernate: delete from shift_assignments where id=?
2025-10-25T10:10:40.578+09:00 DEBUG 16416 --- [Shift Scheduler Demo] [           main] org.hibernate.SQL                        : delete from shift_assignments where id=?
Hibernate: delete from shift_assignments where id=?
2025-10-25T10:10:40.578+09:00 DEBUG 16416 --- [Shift Scheduler Demo] [           main] org.hibernate.SQL                        : delete from shift_assignments where id=?
Hibernate: delete from shift_assignments where id=?
2025-10-25T10:10:40.578+09:00 DEBUG 16416 --- [Shift Scheduler Demo] [           main] org.hibernate.SQL                        : delete from shift_assignments where id=?
Hibernate: delete from shift_assignments where id=?
2025-10-25T10:10:40.578+09:00 DEBUG 16416 --- [Shift Scheduler Demo] [           main] org.hibernate.SQL                        : delete from shift_assignments where id=?
Hibernate: delete from shift_assignments where id=?
2025-10-25T10:10:40.578+09:00 DEBUG 16416 --- [Shift Scheduler Demo] [           main] org.hibernate.SQL                        : delete from shift_assignments where id=?
Hibernate: delete from shift_assignments where id=?
2025-10-25T10:10:40.578+09:00 DEBUG 16416 --- [Shift Scheduler Demo] [           main] org.hibernate.SQL                        : delete from shift_assignments where id=?
Hibernate: delete from shift_assignments where id=?
2025-10-25T10:10:40.578+09:00 DEBUG 16416 --- [Shift Scheduler Demo] [           main] org.hibernate.SQL                        : delete from shift_assignments where id=?
Hibernate: delete from shift_assignments where id=?
2025-10-25T10:10:40.578+09:00 DEBUG 16416 --- [Shift Scheduler Demo] [           main] org.hibernate.SQL                        : delete from shift_assignments where id=?
Hibernate: delete from shift_assignments where id=?
2025-10-25T10:10:40.578+09:00 DEBUG 16416 --- [Shift Scheduler Demo] [           main] org.hibernate.SQL                        : delete from shift_assignments where id=?
Hibernate: delete from shift_assignments where id=?
2025-10-25T10:10:40.578+09:00 DEBUG 16416 --- [Shift Scheduler Demo] [           main] org.hibernate.SQL                        : delete from shift_assignments where id=?
Hibernate: delete from shift_assignments where id=?
2025-10-25T10:10:40.578+09:00 DEBUG 16416 --- [Shift Scheduler Demo] [           main] org.hibernate.SQL                        : delete from shift_assignments where id=?
Hibernate: delete from shift_assignments where id=?
2025-10-25T10:10:40.578+09:00 DEBUG 16416 --- [Shift Scheduler Demo] [           main] org.hibernate.SQL                        : delete from shift_assignments where id=?
Hibernate: delete from shift_assignments where id=?
2025-10-25T10:10:40.578+09:00 DEBUG 16416 --- [Shift Scheduler Demo] [           main] org.hibernate.SQL                        : delete from shift_assignments where id=?
Hibernate: delete from shift_assignments where id=?
2025-10-25T10:10:40.578+09:00 DEBUG 16416 --- [Shift Scheduler Demo] [           main] org.hibernate.SQL                        : delete from shift_assignments where id=?
Hibernate: delete from shift_assignments where id=?
2025-10-25T10:10:40.578+09:00 DEBUG 16416 --- [Shift Scheduler Demo] [           main] org.hibernate.SQL                        : delete from shift_assignments where id=?
Hibernate: delete from shift_assignments where id=?
2025-10-25T10:10:40.578+09:00 DEBUG 16416 --- [Shift Scheduler Demo] [           main] org.hibernate.SQL                        : delete from shift_assignments where id=?
Hibernate: delete from shift_assignments where id=?
2025-10-25T10:10:40.578+09:00 DEBUG 16416 --- [Shift Scheduler Demo] [           main] org.hibernate.SQL                        : delete from shift_assignments where id=?
Hibernate: delete from shift_assignments where id=?
2025-10-25T10:10:40.578+09:00 DEBUG 16416 --- [Shift Scheduler Demo] [           main] org.hibernate.SQL                        : delete from shift_assignments where id=?
Hibernate: delete from shift_assignments where id=?
2025-10-25T10:10:40.578+09:00 DEBUG 16416 --- [Shift Scheduler Demo] [           main] org.hibernate.SQL                        : delete from shift_assignments where id=?
Hibernate: delete from shift_assignments where id=?
2025-10-25T10:10:40.578+09:00 DEBUG 16416 --- [Shift Scheduler Demo] [           main] org.hibernate.SQL                        : delete from shift_assignments where id=?
Hibernate: delete from shift_assignments where id=?
2025-10-25T10:10:40.578+09:00 DEBUG 16416 --- [Shift Scheduler Demo] [           main] org.hibernate.SQL                        : delete from shift_assignments where id=?
Hibernate: delete from shift_assignments where id=?
2025-10-25T10:10:40.578+09:00 DEBUG 16416 --- [Shift Scheduler Demo] [           main] org.hibernate.SQL                        : delete from shift_assignments where id=?
Hibernate: delete from shift_assignments where id=?
2025-10-25T10:10:40.578+09:00 DEBUG 16416 --- [Shift Scheduler Demo] [           main] org.hibernate.SQL                        : delete from shift_assignments where id=?
Hibernate: delete from shift_assignments where id=?
2025-10-25T10:10:40.578+09:00 DEBUG 16416 --- [Shift Scheduler Demo] [           main] org.hibernate.SQL                        : delete from shift_assignments where id=?
Hibernate: delete from shift_assignments where id=?
2025-10-25T10:10:40.578+09:00 DEBUG 16416 --- [Shift Scheduler Demo] [           main] org.hibernate.SQL                        : delete from shift_assignments where id=?
Hibernate: delete from shift_assignments where id=?
2025-10-25T10:10:40.578+09:00 DEBUG 16416 --- [Shift Scheduler Demo] [           main] org.hibernate.SQL                        : delete from shift_assignments where id=?
Hibernate: delete from shift_assignments where id=?
2025-10-25T10:10:40.578+09:00 DEBUG 16416 --- [Shift Scheduler Demo] [           main] org.hibernate.SQL                        : delete from shift_assignments where id=?
Hibernate: delete from shift_assignments where id=?
2025-10-25T10:10:40.578+09:00 DEBUG 16416 --- [Shift Scheduler Demo] [           main] org.hibernate.SQL                        : delete from shift_assignments where id=?
Hibernate: delete from shift_assignments where id=?
2025-10-25T10:10:40.578+09:00 DEBUG 16416 --- [Shift Scheduler Demo] [           main] org.hibernate.SQL                        : delete from shift_assignments where id=?
Hibernate: delete from shift_assignments where id=?
2025-10-25T10:10:40.578+09:00 DEBUG 16416 --- [Shift Scheduler Demo] [           main] org.hibernate.SQL                        : delete from shift_assignments where id=?
Hibernate: delete from shift_assignments where id=?
2025-10-25T10:10:40.578+09:00 DEBUG 16416 --- [Shift Scheduler Demo] [           main] org.hibernate.SQL                        : delete from shift_assignments where id=?
Hibernate: delete from shift_assignments where id=?
2025-10-25T10:10:40.578+09:00 DEBUG 16416 --- [Shift Scheduler Demo] [           main] org.hibernate.SQL                        : delete from shift_assignments where id=?
Hibernate: delete from shift_assignments where id=?
2025-10-25T10:10:40.578+09:00 DEBUG 16416 --- [Shift Scheduler Demo] [           main] org.hibernate.SQL                        : delete from shift_assignments where id=?
Hibernate: delete from shift_assignments where id=?
2025-10-25T10:10:40.580+09:00 DEBUG 16416 --- [Shift Scheduler Demo] [           main] org.hibernate.SQL                        : delete from shift_assignments where id=?
Hibernate: delete from shift_assignments where id=?
2025-10-25T10:10:40.580+09:00 DEBUG 16416 --- [Shift Scheduler Demo] [           main] org.hibernate.SQL                        : delete from shift_assignments where id=?
Hibernate: delete from shift_assignments where id=?
2025-10-25T10:10:40.580+09:00 DEBUG 16416 --- [Shift Scheduler Demo] [           main] org.hibernate.SQL                        : delete from shift_assignments where id=?
Hibernate: delete from shift_assignments where id=?
2025-10-25T10:10:40.580+09:00 DEBUG 16416 --- [Shift Scheduler Demo] [           main] org.hibernate.SQL                        : delete from shift_assignments where id=?
Hibernate: delete from shift_assignments where id=?
2025-10-25T10:10:40.580+09:00 DEBUG 16416 --- [Shift Scheduler Demo] [           main] org.hibernate.SQL                        : delete from shift_assignments where id=?
Hibernate: delete from shift_assignments where id=?
2025-10-25T10:10:40.580+09:00 DEBUG 16416 --- [Shift Scheduler Demo] [           main] org.hibernate.SQL                        : delete from shift_assignments where id=?
Hibernate: delete from shift_assignments where id=?
2025-10-25T10:10:40.580+09:00 DEBUG 16416 --- [Shift Scheduler Demo] [           main] org.hibernate.SQL                        : delete from shift_assignments where id=?
Hibernate: delete from shift_assignments where id=?
2025-10-25T10:10:40.580+09:00 DEBUG 16416 --- [Shift Scheduler Demo] [           main] org.hibernate.SQL                        : delete from shift_assignments where id=?
Hibernate: delete from shift_assignments where id=?
2025-10-25T10:10:40.580+09:00 DEBUG 16416 --- [Shift Scheduler Demo] [           main] org.hibernate.SQL                        : delete from shift_assignments where id=?
Hibernate: delete from shift_assignments where id=?
2025-10-25T10:10:40.580+09:00 DEBUG 16416 --- [Shift Scheduler Demo] [           main] org.hibernate.SQL                        : delete from shift_assignments where id=?
Hibernate: delete from shift_assignments where id=?
2025-10-25T10:10:40.580+09:00 DEBUG 16416 --- [Shift Scheduler Demo] [           main] org.hibernate.SQL                        : delete from shift_assignments where id=?
Hibernate: delete from shift_assignments where id=?
2025-10-25T10:10:40.580+09:00 DEBUG 16416 --- [Shift Scheduler Demo] [           main] org.hibernate.SQL                        : delete from shift_assignments where id=?
Hibernate: delete from shift_assignments where id=?
2025-10-25T10:10:40.580+09:00 DEBUG 16416 --- [Shift Scheduler Demo] [           main] org.hibernate.SQL                        : delete from shift_assignments where id=?
Hibernate: delete from shift_assignments where id=?
2025-10-25T10:10:40.580+09:00 DEBUG 16416 --- [Shift Scheduler Demo] [           main] org.hibernate.SQL                        : delete from shift_assignments where id=?
Hibernate: delete from shift_assignments where id=?
2025-10-25T10:10:40.580+09:00 DEBUG 16416 --- [Shift Scheduler Demo] [           main] org.hibernate.SQL                        : delete from shift_assignments where id=?
Hibernate: delete from shift_assignments where id=?
2025-10-25T10:10:40.580+09:00 DEBUG 16416 --- [Shift Scheduler Demo] [           main] org.hibernate.SQL                        : delete from shift_assignments where id=?
Hibernate: delete from shift_assignments where id=?
2025-10-25T10:10:40.580+09:00 DEBUG 16416 --- [Shift Scheduler Demo] [           main] org.hibernate.SQL                        : delete from shift_assignments where id=?
Hibernate: delete from shift_assignments where id=?
2025-10-25T10:10:40.580+09:00 DEBUG 16416 --- [Shift Scheduler Demo] [           main] org.hibernate.SQL                        : delete from shift_assignments where id=?
Hibernate: delete from shift_assignments where id=?
2025-10-25T10:10:40.581+09:00 DEBUG 16416 --- [Shift Scheduler Demo] [           main] org.hibernate.SQL                        : delete from shift_assignments where id=?
Hibernate: delete from shift_assignments where id=?
2025-10-25T10:10:40.581+09:00 DEBUG 16416 --- [Shift Scheduler Demo] [           main] org.hibernate.SQL                        : delete from shift_assignments where id=?
Hibernate: delete from shift_assignments where id=?
2025-10-25T10:10:40.581+09:00 DEBUG 16416 --- [Shift Scheduler Demo] [           main] org.hibernate.SQL                        : delete from shift_assignments where id=?
Hibernate: delete from shift_assignments where id=?
2025-10-25T10:10:40.581+09:00 DEBUG 16416 --- [Shift Scheduler Demo] [           main] org.hibernate.SQL                        : delete from shift_assignments where id=?
Hibernate: delete from shift_assignments where id=?
2025-10-25T10:10:40.581+09:00 DEBUG 16416 --- [Shift Scheduler Demo] [           main] org.hibernate.SQL                        : delete from shift_assignments where id=?
Hibernate: delete from shift_assignments where id=?
2025-10-25T10:10:40.581+09:00 DEBUG 16416 --- [Shift Scheduler Demo] [           main] org.hibernate.SQL                        : delete from shift_assignments where id=?
Hibernate: delete from shift_assignments where id=?
2025-10-25T10:10:40.581+09:00 DEBUG 16416 --- [Shift Scheduler Demo] [           main] org.hibernate.SQL                        : delete from shift_assignments where id=?
Hibernate: delete from shift_assignments where id=?
2025-10-25T10:10:40.581+09:00 DEBUG 16416 --- [Shift Scheduler Demo] [           main] org.hibernate.SQL                        : delete from shift_assignments where id=?
Hibernate: delete from shift_assignments where id=?
2025-10-25T10:10:40.581+09:00 DEBUG 16416 --- [Shift Scheduler Demo] [           main] org.hibernate.SQL                        : delete from shift_assignments where id=?
Hibernate: delete from shift_assignments where id=?
2025-10-25T10:10:40.581+09:00 DEBUG 16416 --- [Shift Scheduler Demo] [           main] org.hibernate.SQL                        : delete from shift_assignments where id=?
Hibernate: delete from shift_assignments where id=?
2025-10-25T10:10:40.581+09:00 DEBUG 16416 --- [Shift Scheduler Demo] [           main] org.hibernate.SQL                        : delete from shift_assignments where id=?
Hibernate: delete from shift_assignments where id=?
2025-10-25T10:10:40.581+09:00 DEBUG 16416 --- [Shift Scheduler Demo] [           main] org.hibernate.SQL                        : delete from shift_assignments where id=?
Hibernate: delete from shift_assignments where id=?
2025-10-25T10:10:40.581+09:00 DEBUG 16416 --- [Shift Scheduler Demo] [           main] org.hibernate.SQL                        : delete from shift_assignments where id=?
Hibernate: delete from shift_assignments where id=?
2025-10-25T10:10:40.581+09:00 DEBUG 16416 --- [Shift Scheduler Demo] [           main] org.hibernate.SQL                        : delete from shift_assignments where id=?
Hibernate: delete from shift_assignments where id=?
2025-10-25T10:10:40.581+09:00 DEBUG 16416 --- [Shift Scheduler Demo] [           main] org.hibernate.SQL                        : delete from shift_assignments where id=?
Hibernate: delete from shift_assignments where id=?
2025-10-25T10:10:40.581+09:00 DEBUG 16416 --- [Shift Scheduler Demo] [           main] org.hibernate.SQL                        : delete from shift_assignments where id=?
Hibernate: delete from shift_assignments where id=?
2025-10-25T10:10:40.581+09:00 DEBUG 16416 --- [Shift Scheduler Demo] [           main] org.hibernate.SQL                        : delete from shift_assignments where id=?
Hibernate: delete from shift_assignments where id=?
2025-10-25T10:10:40.581+09:00 DEBUG 16416 --- [Shift Scheduler Demo] [           main] org.hibernate.SQL                        : delete from shift_assignments where id=?
Hibernate: delete from shift_assignments where id=?
2025-10-25T10:10:40.581+09:00 DEBUG 16416 --- [Shift Scheduler Demo] [           main] org.hibernate.SQL                        : delete from shift_assignments where id=?
Hibernate: delete from shift_assignments where id=?
2025-10-25T10:10:40.581+09:00 DEBUG 16416 --- [Shift Scheduler Demo] [           main] org.hibernate.SQL                        : delete from shift_assignments where id=?
Hibernate: delete from shift_assignments where id=?
2025-10-25T10:10:40.581+09:00 DEBUG 16416 --- [Shift Scheduler Demo] [           main] org.hibernate.SQL                        : delete from shift_assignments where id=?
Hibernate: delete from shift_assignments where id=?
2025-10-25T10:10:40.581+09:00 DEBUG 16416 --- [Shift Scheduler Demo] [           main] org.hibernate.SQL                        : delete from shift_assignments where id=?
Hibernate: delete from shift_assignments where id=?
2025-10-25T10:10:40.581+09:00 DEBUG 16416 --- [Shift Scheduler Demo] [           main] org.hibernate.SQL                        : delete from shift_assignments where id=?
Hibernate: delete from shift_assignments where id=?
2025-10-25T10:10:40.581+09:00 DEBUG 16416 --- [Shift Scheduler Demo] [           main] org.hibernate.SQL                        : delete from shift_assignments where id=?
Hibernate: delete from shift_assignments where id=?
2025-10-25T10:10:40.581+09:00 DEBUG 16416 --- [Shift Scheduler Demo] [           main] org.hibernate.SQL                        : delete from shift_assignments where id=?
Hibernate: delete from shift_assignments where id=?
2025-10-25T10:10:40.581+09:00 DEBUG 16416 --- [Shift Scheduler Demo] [           main] org.hibernate.SQL                        : delete from shift_assignments where id=?
Hibernate: delete from shift_assignments where id=?
2025-10-25T10:10:40.581+09:00 DEBUG 16416 --- [Shift Scheduler Demo] [           main] org.hibernate.SQL                        : delete from shift_assignments where id=?
Hibernate: delete from shift_assignments where id=?
2025-10-25T10:10:40.581+09:00 DEBUG 16416 --- [Shift Scheduler Demo] [           main] org.hibernate.SQL                        : delete from shift_assignments where id=?
Hibernate: delete from shift_assignments where id=?
2025-10-25T10:10:40.581+09:00 DEBUG 16416 --- [Shift Scheduler Demo] [           main] org.hibernate.SQL                        : delete from shift_assignments where id=?
Hibernate: delete from shift_assignments where id=?
2025-10-25T10:10:40.581+09:00 DEBUG 16416 --- [Shift Scheduler Demo] [           main] org.hibernate.SQL                        : delete from shift_assignments where id=?
Hibernate: delete from shift_assignments where id=?
2025-10-25T10:10:40.582+09:00 DEBUG 16416 --- [Shift Scheduler Demo] [           main] org.hibernate.SQL                        : delete from shift_assignments where id=?
Hibernate: delete from shift_assignments where id=?
2025-10-25T10:10:40.582+09:00 DEBUG 16416 --- [Shift Scheduler Demo] [           main] org.hibernate.SQL                        : delete from shift_assignments where id=?
Hibernate: delete from shift_assignments where id=?
2025-10-25T10:10:40.582+09:00 DEBUG 16416 --- [Shift Scheduler Demo] [           main] org.hibernate.SQL                        : delete from shift_assignments where id=?
Hibernate: delete from shift_assignments where id=?
2025-10-25T10:10:40.582+09:00 DEBUG 16416 --- [Shift Scheduler Demo] [           main] org.hibernate.SQL                        : delete from shift_assignments where id=?
Hibernate: delete from shift_assignments where id=?
2025-10-25T10:10:40.582+09:00 DEBUG 16416 --- [Shift Scheduler Demo] [           main] org.hibernate.SQL                        : delete from shift_assignments where id=?
Hibernate: delete from shift_assignments where id=?
2025-10-25T10:10:40.582+09:00 DEBUG 16416 --- [Shift Scheduler Demo] [           main] org.hibernate.SQL                        : delete from shift_assignments where id=?
Hibernate: delete from shift_assignments where id=?
2025-10-25T10:10:40.582+09:00 DEBUG 16416 --- [Shift Scheduler Demo] [           main] org.hibernate.SQL                        : delete from shift_assignments where id=?
Hibernate: delete from shift_assignments where id=?
2025-10-25T10:10:40.582+09:00 DEBUG 16416 --- [Shift Scheduler Demo] [           main] org.hibernate.SQL                        : delete from shift_assignments where id=?
Hibernate: delete from shift_assignments where id=?
2025-10-25T10:10:40.582+09:00 DEBUG 16416 --- [Shift Scheduler Demo] [           main] org.hibernate.SQL                        : delete from shift_assignments where id=?
Hibernate: delete from shift_assignments where id=?
2025-10-25T10:10:40.582+09:00 DEBUG 16416 --- [Shift Scheduler Demo] [           main] org.hibernate.SQL                        : delete from shift_assignments where id=?
Hibernate: delete from shift_assignments where id=?
2025-10-25T10:10:40.582+09:00 DEBUG 16416 --- [Shift Scheduler Demo] [           main] org.hibernate.SQL                        : delete from shift_assignments where id=?
Hibernate: delete from shift_assignments where id=?
2025-10-25T10:10:40.582+09:00 DEBUG 16416 --- [Shift Scheduler Demo] [           main] org.hibernate.SQL                        : delete from shift_assignments where id=?
Hibernate: delete from shift_assignments where id=?
2025-10-25T10:10:40.582+09:00 DEBUG 16416 --- [Shift Scheduler Demo] [           main] org.hibernate.SQL                        : delete from shift_assignments where id=?
Hibernate: delete from shift_assignments where id=?
2025-10-25T10:10:40.582+09:00 DEBUG 16416 --- [Shift Scheduler Demo] [           main] org.hibernate.SQL                        : delete from shift_assignments where id=?
Hibernate: delete from shift_assignments where id=?
2025-10-25T10:10:40.582+09:00 DEBUG 16416 --- [Shift Scheduler Demo] [           main] org.hibernate.SQL                        : delete from shift_assignments where id=?
Hibernate: delete from shift_assignments where id=?
2025-10-25T10:10:40.582+09:00 DEBUG 16416 --- [Shift Scheduler Demo] [           main] org.hibernate.SQL                        : delete from shift_assignments where id=?
Hibernate: delete from shift_assignments where id=?
2025-10-25T10:10:40.582+09:00 DEBUG 16416 --- [Shift Scheduler Demo] [           main] org.hibernate.SQL                        : delete from shift_assignments where id=?
Hibernate: delete from shift_assignments where id=?
2025-10-25T10:10:40.582+09:00 DEBUG 16416 --- [Shift Scheduler Demo] [           main] org.hibernate.SQL                        : delete from shift_assignments where id=?
Hibernate: delete from shift_assignments where id=?
2025-10-25T10:10:40.582+09:00 DEBUG 16416 --- [Shift Scheduler Demo] [           main] org.hibernate.SQL                        : delete from shift_assignments where id=?
Hibernate: delete from shift_assignments where id=?
2025-10-25T10:10:40.582+09:00 DEBUG 16416 --- [Shift Scheduler Demo] [           main] org.hibernate.SQL                        : delete from shift_assignments where id=?
Hibernate: delete from shift_assignments where id=?
2025-10-25T10:10:40.582+09:00 DEBUG 16416 --- [Shift Scheduler Demo] [           main] org.hibernate.SQL                        : delete from shift_assignments where id=?
Hibernate: delete from shift_assignments where id=?
2025-10-25T10:10:40.582+09:00 DEBUG 16416 --- [Shift Scheduler Demo] [           main] org.hibernate.SQL                        : delete from shift_assignments where id=?
Hibernate: delete from shift_assignments where id=?
2025-10-25T10:10:40.582+09:00 DEBUG 16416 --- [Shift Scheduler Demo] [           main] org.hibernate.SQL                        : delete from shift_assignments where id=?
Hibernate: delete from shift_assignments where id=?
2025-10-25T10:10:40.582+09:00 DEBUG 16416 --- [Shift Scheduler Demo] [           main] org.hibernate.SQL                        : delete from shift_assignments where id=?
Hibernate: delete from shift_assignments where id=?
2025-10-25T10:10:40.582+09:00 DEBUG 16416 --- [Shift Scheduler Demo] [           main] org.hibernate.SQL                        : delete from shift_assignments where id=?
Hibernate: delete from shift_assignments where id=?
2025-10-25T10:10:40.582+09:00 DEBUG 16416 --- [Shift Scheduler Demo] [           main] org.hibernate.SQL                        : delete from shift_assignments where id=?
Hibernate: delete from shift_assignments where id=?
2025-10-25T10:10:40.582+09:00 DEBUG 16416 --- [Shift Scheduler Demo] [           main] org.hibernate.SQL                        : delete from shift_assignments where id=?
Hibernate: delete from shift_assignments where id=?
2025-10-25T10:10:40.583+09:00 DEBUG 16416 --- [Shift Scheduler Demo] [           main] org.hibernate.SQL                        : delete from shift_assignments where id=?
Hibernate: delete from shift_assignments where id=?
2025-10-25T10:10:40.583+09:00 DEBUG 16416 --- [Shift Scheduler Demo] [           main] org.hibernate.SQL                        : delete from shift_assignments where id=?
Hibernate: delete from shift_assignments where id=?
2025-10-25T10:10:40.583+09:00 DEBUG 16416 --- [Shift Scheduler Demo] [           main] org.hibernate.SQL                        : delete from shift_assignments where id=?
Hibernate: delete from shift_assignments where id=?
2025-10-25T10:10:40.583+09:00 DEBUG 16416 --- [Shift Scheduler Demo] [           main] org.hibernate.SQL                        : delete from shift_assignments where id=?
Hibernate: delete from shift_assignments where id=?
2025-10-25T10:10:40.583+09:00 DEBUG 16416 --- [Shift Scheduler Demo] [           main] org.hibernate.SQL                        : delete from shift_assignments where id=?
Hibernate: delete from shift_assignments where id=?
2025-10-25T10:10:40.583+09:00 DEBUG 16416 --- [Shift Scheduler Demo] [           main] org.hibernate.SQL                        : delete from shift_assignments where id=?
Hibernate: delete from shift_assignments where id=?
2025-10-25T10:10:40.583+09:00 DEBUG 16416 --- [Shift Scheduler Demo] [           main] org.hibernate.SQL                        : delete from shift_assignments where id=?
Hibernate: delete from shift_assignments where id=?
2025-10-25T10:10:40.583+09:00 DEBUG 16416 --- [Shift Scheduler Demo] [           main] org.hibernate.SQL                        : delete from shift_assignments where id=?
Hibernate: delete from shift_assignments where id=?
2025-10-25T10:10:40.583+09:00 DEBUG 16416 --- [Shift Scheduler Demo] [           main] org.hibernate.SQL                        : delete from shift_assignments where id=?
Hibernate: delete from shift_assignments where id=?
2025-10-25T10:10:40.583+09:00 DEBUG 16416 --- [Shift Scheduler Demo] [           main] org.hibernate.SQL                        : delete from shift_assignments where id=?
Hibernate: delete from shift_assignments where id=?
2025-10-25T10:10:40.583+09:00 DEBUG 16416 --- [Shift Scheduler Demo] [           main] org.hibernate.SQL                        : delete from shift_assignments where id=?
Hibernate: delete from shift_assignments where id=?
2025-10-25T10:10:40.583+09:00 DEBUG 16416 --- [Shift Scheduler Demo] [           main] org.hibernate.SQL                        : delete from shift_assignments where id=?
Hibernate: delete from shift_assignments where id=?
2025-10-25T10:10:40.583+09:00 DEBUG 16416 --- [Shift Scheduler Demo] [           main] org.hibernate.SQL                        : delete from shift_assignments where id=?
Hibernate: delete from shift_assignments where id=?
2025-10-25T10:10:40.583+09:00 DEBUG 16416 --- [Shift Scheduler Demo] [           main] org.hibernate.SQL                        : delete from shift_assignments where id=?
Hibernate: delete from shift_assignments where id=?
2025-10-25T10:10:40.583+09:00 DEBUG 16416 --- [Shift Scheduler Demo] [           main] org.hibernate.SQL                        : delete from shift_assignments where id=?
Hibernate: delete from shift_assignments where id=?
2025-10-25T10:10:40.583+09:00 DEBUG 16416 --- [Shift Scheduler Demo] [           main] org.hibernate.SQL                        : delete from shift_assignments where id=?
Hibernate: delete from shift_assignments where id=?
2025-10-25T10:10:40.583+09:00 DEBUG 16416 --- [Shift Scheduler Demo] [           main] org.hibernate.SQL                        : delete from shift_assignments where id=?
Hibernate: delete from shift_assignments where id=?
2025-10-25T10:10:40.583+09:00 DEBUG 16416 --- [Shift Scheduler Demo] [           main] org.hibernate.SQL                        : delete from shift_assignments where id=?
Hibernate: delete from shift_assignments where id=?
2025-10-25T10:10:40.583+09:00 DEBUG 16416 --- [Shift Scheduler Demo] [           main] org.hibernate.SQL                        : delete from shift_assignments where id=?
Hibernate: delete from shift_assignments where id=?
2025-10-25T10:10:40.583+09:00 DEBUG 16416 --- [Shift Scheduler Demo] [           main] org.hibernate.SQL                        : delete from shift_assignments where id=?
Hibernate: delete from shift_assignments where id=?
2025-10-25T10:10:40.583+09:00 DEBUG 16416 --- [Shift Scheduler Demo] [           main] org.hibernate.SQL                        : delete from shift_assignments where id=?
Hibernate: delete from shift_assignments where id=?
2025-10-25T10:10:40.583+09:00 DEBUG 16416 --- [Shift Scheduler Demo] [           main] org.hibernate.SQL                        : delete from shift_assignments where id=?
Hibernate: delete from shift_assignments where id=?
2025-10-25T10:10:40.583+09:00 DEBUG 16416 --- [Shift Scheduler Demo] [           main] org.hibernate.SQL                        : delete from shift_assignments where id=?
Hibernate: delete from shift_assignments where id=?
2025-10-25T10:10:40.583+09:00 DEBUG 16416 --- [Shift Scheduler Demo] [           main] org.hibernate.SQL                        : delete from shift_assignments where id=?
Hibernate: delete from shift_assignments where id=?
2025-10-25T10:10:40.583+09:00 DEBUG 16416 --- [Shift Scheduler Demo] [           main] org.hibernate.SQL                        : delete from shift_assignments where id=?
Hibernate: delete from shift_assignments where id=?
2025-10-25T10:10:40.583+09:00 DEBUG 16416 --- [Shift Scheduler Demo] [           main] org.hibernate.SQL                        : delete from shift_assignments where id=?
Hibernate: delete from shift_assignments where id=?
2025-10-25T10:10:40.583+09:00 DEBUG 16416 --- [Shift Scheduler Demo] [           main] org.hibernate.SQL                        : delete from shift_assignments where id=?
Hibernate: delete from shift_assignments where id=?
2025-10-25T10:10:40.583+09:00 DEBUG 16416 --- [Shift Scheduler Demo] [           main] org.hibernate.SQL                        : delete from shift_assignments where id=?
Hibernate: delete from shift_assignments where id=?
2025-10-25T10:10:40.583+09:00 DEBUG 16416 --- [Shift Scheduler Demo] [           main] org.hibernate.SQL                        : delete from shift_assignments where id=?
Hibernate: delete from shift_assignments where id=?
2025-10-25T10:10:40.583+09:00 DEBUG 16416 --- [Shift Scheduler Demo] [           main] org.hibernate.SQL                        : delete from shift_assignments where id=?
Hibernate: delete from shift_assignments where id=?
2025-10-25T10:10:40.583+09:00 DEBUG 16416 --- [Shift Scheduler Demo] [           main] org.hibernate.SQL                        : delete from shift_assignments where id=?
Hibernate: delete from shift_assignments where id=?
2025-10-25T10:10:40.583+09:00 DEBUG 16416 --- [Shift Scheduler Demo] [           main] org.hibernate.SQL                        : delete from shift_assignments where id=?
Hibernate: delete from shift_assignments where id=?
2025-10-25T10:10:40.583+09:00 DEBUG 16416 --- [Shift Scheduler Demo] [           main] org.hibernate.SQL                        : delete from shift_assignments where id=?
Hibernate: delete from shift_assignments where id=?
2025-10-25T10:10:40.583+09:00 DEBUG 16416 --- [Shift Scheduler Demo] [           main] org.hibernate.SQL                        : delete from shift_assignments where id=?
Hibernate: delete from shift_assignments where id=?
2025-10-25T10:10:40.583+09:00 DEBUG 16416 --- [Shift Scheduler Demo] [           main] org.hibernate.SQL                        : delete from shift_assignments where id=?
Hibernate: delete from shift_assignments where id=?
2025-10-25T10:10:40.583+09:00 DEBUG 16416 --- [Shift Scheduler Demo] [           main] org.hibernate.SQL                        : delete from shift_assignments where id=?
Hibernate: delete from shift_assignments where id=?
2025-10-25T10:10:40.583+09:00 DEBUG 16416 --- [Shift Scheduler Demo] [           main] org.hibernate.SQL                        : delete from shift_assignments where id=?
Hibernate: delete from shift_assignments where id=?
2025-10-25T10:10:40.583+09:00 DEBUG 16416 --- [Shift Scheduler Demo] [           main] org.hibernate.SQL                        : delete from shift_assignments where id=?
Hibernate: delete from shift_assignments where id=?
2025-10-25T10:10:40.583+09:00 DEBUG 16416 --- [Shift Scheduler Demo] [           main] org.hibernate.SQL                        : delete from shift_assignments where id=?
Hibernate: delete from shift_assignments where id=?
2025-10-25T10:10:40.583+09:00 DEBUG 16416 --- [Shift Scheduler Demo] [           main] org.hibernate.SQL                        : delete from shift_assignments where id=?
Hibernate: delete from shift_assignments where id=?
2025-10-25T10:10:40.583+09:00 DEBUG 16416 --- [Shift Scheduler Demo] [           main] org.hibernate.SQL                        : delete from shift_assignments where id=?
Hibernate: delete from shift_assignments where id=?
2025-10-25T10:10:40.583+09:00 DEBUG 16416 --- [Shift Scheduler Demo] [           main] org.hibernate.SQL                        : delete from shift_assignments where id=?
Hibernate: delete from shift_assignments where id=?
2025-10-25T10:10:40.584+09:00 DEBUG 16416 --- [Shift Scheduler Demo] [           main] org.hibernate.SQL                        : delete from shift_assignments where id=?
Hibernate: delete from shift_assignments where id=?
2025-10-25T10:10:40.584+09:00 DEBUG 16416 --- [Shift Scheduler Demo] [           main] org.hibernate.SQL                        : delete from shift_assignments where id=?
Hibernate: delete from shift_assignments where id=?
2025-10-25T10:10:40.584+09:00 DEBUG 16416 --- [Shift Scheduler Demo] [           main] org.hibernate.SQL                        : delete from shift_assignments where id=?
Hibernate: delete from shift_assignments where id=?
2025-10-25T10:10:40.584+09:00 DEBUG 16416 --- [Shift Scheduler Demo] [           main] org.hibernate.SQL                        : delete from shift_assignments where id=?
Hibernate: delete from shift_assignments where id=?
2025-10-25T10:10:40.584+09:00 DEBUG 16416 --- [Shift Scheduler Demo] [           main] org.hibernate.SQL                        : delete from shift_assignments where id=?
Hibernate: delete from shift_assignments where id=?
2025-10-25T10:10:40.584+09:00 DEBUG 16416 --- [Shift Scheduler Demo] [           main] org.hibernate.SQL                        : delete from shift_assignments where id=?
Hibernate: delete from shift_assignments where id=?
2025-10-25T10:10:40.584+09:00 DEBUG 16416 --- [Shift Scheduler Demo] [           main] org.hibernate.SQL                        : delete from shift_assignments where id=?
Hibernate: delete from shift_assignments where id=?
2025-10-25T10:10:40.584+09:00 DEBUG 16416 --- [Shift Scheduler Demo] [           main] org.hibernate.SQL                        : delete from shift_assignments where id=?
Hibernate: delete from shift_assignments where id=?
2025-10-25T10:10:40.584+09:00 DEBUG 16416 --- [Shift Scheduler Demo] [           main] org.hibernate.SQL                        : delete from shift_assignments where id=?
Hibernate: delete from shift_assignments where id=?
2025-10-25T10:10:40.584+09:00 DEBUG 16416 --- [Shift Scheduler Demo] [           main] org.hibernate.SQL                        : delete from shift_assignments where id=?
Hibernate: delete from shift_assignments where id=?
2025-10-25T10:10:40.584+09:00 DEBUG 16416 --- [Shift Scheduler Demo] [           main] org.hibernate.SQL                        : delete from shift_assignments where id=?
Hibernate: delete from shift_assignments where id=?
2025-10-25T10:10:40.584+09:00 DEBUG 16416 --- [Shift Scheduler Demo] [           main] org.hibernate.SQL                        : delete from shift_assignments where id=?
Hibernate: delete from shift_assignments where id=?
2025-10-25T10:10:40.584+09:00 DEBUG 16416 --- [Shift Scheduler Demo] [           main] org.hibernate.SQL                        : delete from shift_assignments where id=?
Hibernate: delete from shift_assignments where id=?
2025-10-25T10:10:40.584+09:00 DEBUG 16416 --- [Shift Scheduler Demo] [           main] org.hibernate.SQL                        : delete from shift_assignments where id=?
Hibernate: delete from shift_assignments where id=?
2025-10-25T10:10:40.584+09:00 DEBUG 16416 --- [Shift Scheduler Demo] [           main] org.hibernate.SQL                        : delete from shift_assignments where id=?
Hibernate: delete from shift_assignments where id=?
2025-10-25T10:10:40.584+09:00 DEBUG 16416 --- [Shift Scheduler Demo] [           main] org.hibernate.SQL                        : delete from shift_assignments where id=?
Hibernate: delete from shift_assignments where id=?
2025-10-25T10:10:40.584+09:00 DEBUG 16416 --- [Shift Scheduler Demo] [           main] org.hibernate.SQL                        : delete from shift_assignments where id=?
Hibernate: delete from shift_assignments where id=?
2025-10-25T10:10:40.584+09:00 DEBUG 16416 --- [Shift Scheduler Demo] [           main] org.hibernate.SQL                        : delete from shift_assignments where id=?
Hibernate: delete from shift_assignments where id=?
2025-10-25T10:10:40.584+09:00 DEBUG 16416 --- [Shift Scheduler Demo] [           main] org.hibernate.SQL                        : delete from shift_assignments where id=?
Hibernate: delete from shift_assignments where id=?
2025-10-25T10:10:40.584+09:00 DEBUG 16416 --- [Shift Scheduler Demo] [           main] org.hibernate.SQL                        : delete from shift_assignments where id=?
Hibernate: delete from shift_assignments where id=?
2025-10-25T10:10:40.584+09:00 DEBUG 16416 --- [Shift Scheduler Demo] [           main] org.hibernate.SQL                        : delete from shift_assignments where id=?
Hibernate: delete from shift_assignments where id=?
2025-10-25T10:10:40.584+09:00 DEBUG 16416 --- [Shift Scheduler Demo] [           main] org.hibernate.SQL                        : delete from shift_assignments where id=?
Hibernate: delete from shift_assignments where id=?
2025-10-25T10:10:40.584+09:00 DEBUG 16416 --- [Shift Scheduler Demo] [           main] org.hibernate.SQL                        : delete from shift_assignments where id=?
Hibernate: delete from shift_assignments where id=?
2025-10-25T10:10:40.584+09:00 DEBUG 16416 --- [Shift Scheduler Demo] [           main] org.hibernate.SQL                        : delete from shift_assignments where id=?
Hibernate: delete from shift_assignments where id=?
2025-10-25T10:10:40.584+09:00 DEBUG 16416 --- [Shift Scheduler Demo] [           main] org.hibernate.SQL                        : delete from shift_assignments where id=?
Hibernate: delete from shift_assignments where id=?
2025-10-25T10:10:40.584+09:00 DEBUG 16416 --- [Shift Scheduler Demo] [           main] org.hibernate.SQL                        : delete from shift_assignments where id=?
Hibernate: delete from shift_assignments where id=?
2025-10-25T10:10:40.585+09:00 DEBUG 16416 --- [Shift Scheduler Demo] [           main] org.hibernate.SQL                        : delete from shift_assignments where id=?
Hibernate: delete from shift_assignments where id=?
2025-10-25T10:10:40.585+09:00 DEBUG 16416 --- [Shift Scheduler Demo] [           main] org.hibernate.SQL                        : delete from shift_assignments where id=?
Hibernate: delete from shift_assignments where id=?
2025-10-25T10:10:40.585+09:00 DEBUG 16416 --- [Shift Scheduler Demo] [           main] org.hibernate.SQL                        : delete from shift_assignments where id=?
Hibernate: delete from shift_assignments where id=?
2025-10-25T10:10:40.585+09:00 DEBUG 16416 --- [Shift Scheduler Demo] [           main] org.hibernate.SQL                        : delete from shift_assignments where id=?
Hibernate: delete from shift_assignments where id=?
2025-10-25T10:10:40.585+09:00 DEBUG 16416 --- [Shift Scheduler Demo] [           main] org.hibernate.SQL                        : delete from shift_assignments where id=?
Hibernate: delete from shift_assignments where id=?
2025-10-25T10:10:40.585+09:00 DEBUG 16416 --- [Shift Scheduler Demo] [           main] org.hibernate.SQL                        : delete from shift_assignments where id=?
Hibernate: delete from shift_assignments where id=?
2025-10-25T10:10:40.585+09:00 DEBUG 16416 --- [Shift Scheduler Demo] [           main] org.hibernate.SQL                        : delete from shift_assignments where id=?
Hibernate: delete from shift_assignments where id=?
2025-10-25T10:10:40.585+09:00 DEBUG 16416 --- [Shift Scheduler Demo] [           main] org.hibernate.SQL                        : delete from shift_assignments where id=?
Hibernate: delete from shift_assignments where id=?
2025-10-25T10:10:40.585+09:00 DEBUG 16416 --- [Shift Scheduler Demo] [           main] org.hibernate.SQL                        : delete from shift_assignments where id=?
Hibernate: delete from shift_assignments where id=?
2025-10-25T10:10:40.585+09:00 DEBUG 16416 --- [Shift Scheduler Demo] [           main] org.hibernate.SQL                        : delete from shift_assignments where id=?
Hibernate: delete from shift_assignments where id=?
2025-10-25T10:10:40.585+09:00 DEBUG 16416 --- [Shift Scheduler Demo] [           main] org.hibernate.SQL                        : delete from shift_assignments where id=?
Hibernate: delete from shift_assignments where id=?
2025-10-25T10:10:40.585+09:00 DEBUG 16416 --- [Shift Scheduler Demo] [           main] org.hibernate.SQL                        : delete from shift_assignments where id=?
Hibernate: delete from shift_assignments where id=?
2025-10-25T10:10:40.585+09:00 DEBUG 16416 --- [Shift Scheduler Demo] [           main] org.hibernate.SQL                        : delete from shift_assignments where id=?
Hibernate: delete from shift_assignments where id=?
2025-10-25T10:10:40.585+09:00 DEBUG 16416 --- [Shift Scheduler Demo] [           main] org.hibernate.SQL                        : delete from shift_assignments where id=?
Hibernate: delete from shift_assignments where id=?
2025-10-25T10:10:40.585+09:00 DEBUG 16416 --- [Shift Scheduler Demo] [           main] org.hibernate.SQL                        : delete from shift_assignments where id=?
Hibernate: delete from shift_assignments where id=?
2025-10-25T10:10:40.585+09:00 DEBUG 16416 --- [Shift Scheduler Demo] [           main] org.hibernate.SQL                        : delete from shift_assignments where id=?
Hibernate: delete from shift_assignments where id=?
2025-10-25T10:10:40.585+09:00 DEBUG 16416 --- [Shift Scheduler Demo] [           main] org.hibernate.SQL                        : delete from shift_assignments where id=?
Hibernate: delete from shift_assignments where id=?
2025-10-25T10:10:40.585+09:00 DEBUG 16416 --- [Shift Scheduler Demo] [           main] org.hibernate.SQL                        : delete from shift_assignments where id=?
Hibernate: delete from shift_assignments where id=?
2025-10-25T10:10:40.585+09:00 DEBUG 16416 --- [Shift Scheduler Demo] [           main] org.hibernate.SQL                        : delete from shift_assignments where id=?
Hibernate: delete from shift_assignments where id=?
2025-10-25T10:10:40.585+09:00 DEBUG 16416 --- [Shift Scheduler Demo] [           main] org.hibernate.SQL                        : delete from shift_assignments where id=?
Hibernate: delete from shift_assignments where id=?
2025-10-25T10:10:40.585+09:00 DEBUG 16416 --- [Shift Scheduler Demo] [           main] org.hibernate.SQL                        : delete from shift_assignments where id=?
Hibernate: delete from shift_assignments where id=?
2025-10-25T10:10:40.585+09:00 DEBUG 16416 --- [Shift Scheduler Demo] [           main] org.hibernate.SQL                        : delete from shift_assignments where id=?
Hibernate: delete from shift_assignments where id=?
2025-10-25T10:10:40.585+09:00 DEBUG 16416 --- [Shift Scheduler Demo] [           main] org.hibernate.SQL                        : delete from shift_assignments where id=?
Hibernate: delete from shift_assignments where id=?
2025-10-25T10:10:40.585+09:00 DEBUG 16416 --- [Shift Scheduler Demo] [           main] org.hibernate.SQL                        : delete from shift_assignments where id=?
Hibernate: delete from shift_assignments where id=?
2025-10-25T10:10:40.585+09:00 DEBUG 16416 --- [Shift Scheduler Demo] [           main] org.hibernate.SQL                        : delete from shift_assignments where id=?
Hibernate: delete from shift_assignments where id=?
2025-10-25T10:10:40.586+09:00 DEBUG 16416 --- [Shift Scheduler Demo] [           main] org.hibernate.SQL                        : delete from shift_assignments where id=?
Hibernate: delete from shift_assignments where id=?
2025-10-25T10:10:40.586+09:00 DEBUG 16416 --- [Shift Scheduler Demo] [           main] org.hibernate.SQL                        : delete from shift_assignments where id=?
Hibernate: delete from shift_assignments where id=?
2025-10-25T10:10:40.586+09:00 DEBUG 16416 --- [Shift Scheduler Demo] [           main] org.hibernate.SQL                        : delete from shift_assignments where id=?
Hibernate: delete from shift_assignments where id=?
2025-10-25T10:10:40.586+09:00 DEBUG 16416 --- [Shift Scheduler Demo] [           main] org.hibernate.SQL                        : delete from shift_assignments where id=?
Hibernate: delete from shift_assignments where id=?
2025-10-25T10:10:40.586+09:00 DEBUG 16416 --- [Shift Scheduler Demo] [           main] org.hibernate.SQL                        : delete from shift_assignments where id=?
Hibernate: delete from shift_assignments where id=?
2025-10-25T10:10:40.586+09:00 DEBUG 16416 --- [Shift Scheduler Demo] [           main] org.hibernate.SQL                        : delete from shift_assignments where id=?
Hibernate: delete from shift_assignments where id=?
2025-10-25T10:10:40.586+09:00 DEBUG 16416 --- [Shift Scheduler Demo] [           main] org.hibernate.SQL                        : delete from shift_assignments where id=?
Hibernate: delete from shift_assignments where id=?
2025-10-25T10:10:40.586+09:00 DEBUG 16416 --- [Shift Scheduler Demo] [           main] org.hibernate.SQL                        : delete from shift_assignments where id=?
Hibernate: delete from shift_assignments where id=?
2025-10-25T10:10:40.586+09:00 DEBUG 16416 --- [Shift Scheduler Demo] [           main] org.hibernate.SQL                        : delete from shift_assignments where id=?
Hibernate: delete from shift_assignments where id=?
2025-10-25T10:10:40.586+09:00 DEBUG 16416 --- [Shift Scheduler Demo] [           main] org.hibernate.SQL                        : delete from shift_assignments where id=?
Hibernate: delete from shift_assignments where id=?
2025-10-25T10:10:40.586+09:00 DEBUG 16416 --- [Shift Scheduler Demo] [           main] org.hibernate.SQL                        : delete from shift_assignments where id=?
Hibernate: delete from shift_assignments where id=?
2025-10-25T10:10:40.586+09:00 DEBUG 16416 --- [Shift Scheduler Demo] [           main] org.hibernate.SQL                        : delete from shift_assignments where id=?
Hibernate: delete from shift_assignments where id=?
2025-10-25T10:10:40.586+09:00 DEBUG 16416 --- [Shift Scheduler Demo] [           main] org.hibernate.SQL                        : delete from shift_assignments where id=?
Hibernate: delete from shift_assignments where id=?
2025-10-25T10:10:40.586+09:00 DEBUG 16416 --- [Shift Scheduler Demo] [           main] org.hibernate.SQL                        : delete from shift_assignments where id=?
Hibernate: delete from shift_assignments where id=?
2025-10-25T10:10:40.586+09:00 DEBUG 16416 --- [Shift Scheduler Demo] [           main] org.hibernate.SQL                        : delete from shift_assignments where id=?
Hibernate: delete from shift_assignments where id=?
2025-10-25T10:10:40.586+09:00 DEBUG 16416 --- [Shift Scheduler Demo] [           main] org.hibernate.SQL                        : delete from shift_assignments where id=?
Hibernate: delete from shift_assignments where id=?
2025-10-25T10:10:40.586+09:00 DEBUG 16416 --- [Shift Scheduler Demo] [           main] org.hibernate.SQL                        : delete from shift_assignments where id=?
Hibernate: delete from shift_assignments where id=?
2025-10-25T10:10:40.586+09:00 DEBUG 16416 --- [Shift Scheduler Demo] [           main] org.hibernate.SQL                        : delete from shift_assignments where id=?
Hibernate: delete from shift_assignments where id=?
2025-10-25T10:10:40.586+09:00 DEBUG 16416 --- [Shift Scheduler Demo] [           main] org.hibernate.SQL                        : delete from shift_assignments where id=?
Hibernate: delete from shift_assignments where id=?
2025-10-25T10:10:40.586+09:00 DEBUG 16416 --- [Shift Scheduler Demo] [           main] org.hibernate.SQL                        : delete from shift_assignments where id=?
Hibernate: delete from shift_assignments where id=?
2025-10-25T10:10:40.586+09:00 DEBUG 16416 --- [Shift Scheduler Demo] [           main] org.hibernate.SQL                        : delete from shift_assignments where id=?
Hibernate: delete from shift_assignments where id=?
2025-10-25T10:10:40.586+09:00 DEBUG 16416 --- [Shift Scheduler Demo] [           main] org.hibernate.SQL                        : delete from shift_assignments where id=?
Hibernate: delete from shift_assignments where id=?
2025-10-25T10:10:40.586+09:00 DEBUG 16416 --- [Shift Scheduler Demo] [           main] org.hibernate.SQL                        : delete from shift_assignments where id=?
Hibernate: delete from shift_assignments where id=?
2025-10-25T10:10:40.586+09:00 DEBUG 16416 --- [Shift Scheduler Demo] [           main] org.hibernate.SQL                        : delete from shift_assignments where id=?
Hibernate: delete from shift_assignments where id=?
2025-10-25T10:10:40.587+09:00 DEBUG 16416 --- [Shift Scheduler Demo] [           main] org.hibernate.SQL                        : delete from shift_assignments where id=?
Hibernate: delete from shift_assignments where id=?
2025-10-25T10:10:40.587+09:00 DEBUG 16416 --- [Shift Scheduler Demo] [           main] org.hibernate.SQL                        : delete from shift_assignments where id=?
Hibernate: delete from shift_assignments where id=?
2025-10-25T10:10:40.587+09:00 DEBUG 16416 --- [Shift Scheduler Demo] [           main] org.hibernate.SQL                        : delete from shift_assignments where id=?
Hibernate: delete from shift_assignments where id=?
2025-10-25T10:10:40.587+09:00 DEBUG 16416 --- [Shift Scheduler Demo] [           main] org.hibernate.SQL                        : delete from shift_assignments where id=?
Hibernate: delete from shift_assignments where id=?
2025-10-25T10:10:40.587+09:00 DEBUG 16416 --- [Shift Scheduler Demo] [           main] org.hibernate.SQL                        : delete from shift_assignments where id=?
Hibernate: delete from shift_assignments where id=?
2025-10-25T10:10:40.587+09:00 DEBUG 16416 --- [Shift Scheduler Demo] [           main] org.hibernate.SQL                        : delete from shift_assignments where id=?
Hibernate: delete from shift_assignments where id=?
2025-10-25T10:10:40.587+09:00 DEBUG 16416 --- [Shift Scheduler Demo] [           main] org.hibernate.SQL                        : delete from shift_assignments where id=?
Hibernate: delete from shift_assignments where id=?
2025-10-25T10:10:40.587+09:00 DEBUG 16416 --- [Shift Scheduler Demo] [           main] org.hibernate.SQL                        : delete from shift_assignments where id=?
Hibernate: delete from shift_assignments where id=?
2025-10-25T10:10:40.587+09:00 DEBUG 16416 --- [Shift Scheduler Demo] [           main] org.hibernate.SQL                        : delete from shift_assignments where id=?
Hibernate: delete from shift_assignments where id=?
2025-10-25T10:10:40.587+09:00 DEBUG 16416 --- [Shift Scheduler Demo] [           main] org.hibernate.SQL                        : delete from shift_assignments where id=?
Hibernate: delete from shift_assignments where id=?
2025-10-25T10:10:40.587+09:00 DEBUG 16416 --- [Shift Scheduler Demo] [           main] org.hibernate.SQL                        : delete from shift_assignments where id=?
Hibernate: delete from shift_assignments where id=?
2025-10-25T10:10:40.587+09:00 DEBUG 16416 --- [Shift Scheduler Demo] [           main] org.hibernate.SQL                        : delete from shift_assignments where id=?
Hibernate: delete from shift_assignments where id=?
2025-10-25T10:10:40.587+09:00 DEBUG 16416 --- [Shift Scheduler Demo] [           main] org.hibernate.SQL                        : delete from shift_assignments where id=?
Hibernate: delete from shift_assignments where id=?
2025-10-25T10:10:40.587+09:00 DEBUG 16416 --- [Shift Scheduler Demo] [           main] org.hibernate.SQL                        : delete from shift_assignments where id=?
Hibernate: delete from shift_assignments where id=?
2025-10-25T10:10:40.587+09:00 DEBUG 16416 --- [Shift Scheduler Demo] [           main] org.hibernate.SQL                        : delete from shift_assignments where id=?
Hibernate: delete from shift_assignments where id=?
2025-10-25T10:10:40.587+09:00 DEBUG 16416 --- [Shift Scheduler Demo] [           main] org.hibernate.SQL                        : delete from shift_assignments where id=?
Hibernate: delete from shift_assignments where id=?
2025-10-25T10:10:40.587+09:00 DEBUG 16416 --- [Shift Scheduler Demo] [           main] org.hibernate.SQL                        : delete from shift_assignments where id=?
Hibernate: delete from shift_assignments where id=?
2025-10-25T10:10:40.587+09:00 DEBUG 16416 --- [Shift Scheduler Demo] [           main] org.hibernate.SQL                        : delete from shift_assignments where id=?
Hibernate: delete from shift_assignments where id=?
2025-10-25T10:10:40.587+09:00 DEBUG 16416 --- [Shift Scheduler Demo] [           main] org.hibernate.SQL                        : delete from shift_assignments where id=?
Hibernate: delete from shift_assignments where id=?
2025-10-25T10:10:40.587+09:00 DEBUG 16416 --- [Shift Scheduler Demo] [           main] org.hibernate.SQL                        : delete from shift_assignments where id=?
Hibernate: delete from shift_assignments where id=?
2025-10-25T10:10:40.587+09:00 DEBUG 16416 --- [Shift Scheduler Demo] [           main] org.hibernate.SQL                        : delete from shift_assignments where id=?
Hibernate: delete from shift_assignments where id=?
2025-10-25T10:10:40.587+09:00 DEBUG 16416 --- [Shift Scheduler Demo] [           main] org.hibernate.SQL                        : delete from shift_assignments where id=?
Hibernate: delete from shift_assignments where id=?
2025-10-25T10:10:40.587+09:00 DEBUG 16416 --- [Shift Scheduler Demo] [           main] org.hibernate.SQL                        : delete from shift_assignments where id=?
Hibernate: delete from shift_assignments where id=?
2025-10-25T10:10:40.587+09:00 DEBUG 16416 --- [Shift Scheduler Demo] [           main] org.hibernate.SQL                        : delete from shift_assignments where id=?
Hibernate: delete from shift_assignments where id=?
2025-10-25T10:10:40.588+09:00 DEBUG 16416 --- [Shift Scheduler Demo] [           main] org.hibernate.SQL                        : delete from shift_assignments where id=?
Hibernate: delete from shift_assignments where id=?
2025-10-25T10:10:40.588+09:00 DEBUG 16416 --- [Shift Scheduler Demo] [           main] org.hibernate.SQL                        : delete from shift_assignments where id=?
Hibernate: delete from shift_assignments where id=?
2025-10-25T10:10:40.588+09:00 DEBUG 16416 --- [Shift Scheduler Demo] [           main] org.hibernate.SQL                        : delete from shift_assignments where id=?
Hibernate: delete from shift_assignments where id=?
2025-10-25T10:10:40.588+09:00 DEBUG 16416 --- [Shift Scheduler Demo] [           main] org.hibernate.SQL                        : delete from shift_assignments where id=?
Hibernate: delete from shift_assignments where id=?
2025-10-25T10:10:40.588+09:00 DEBUG 16416 --- [Shift Scheduler Demo] [           main] org.hibernate.SQL                        : delete from shift_assignments where id=?
Hibernate: delete from shift_assignments where id=?
2025-10-25T10:10:40.588+09:00 DEBUG 16416 --- [Shift Scheduler Demo] [           main] org.hibernate.SQL                        : delete from shift_assignments where id=?
Hibernate: delete from shift_assignments where id=?
2025-10-25T10:10:40.589+09:00 DEBUG 16416 --- [Shift Scheduler Demo] [           main] org.hibernate.SQL                        : delete from shift_assignments where id=?
Hibernate: delete from shift_assignments where id=?
2025-10-25T10:10:40.589+09:00 DEBUG 16416 --- [Shift Scheduler Demo] [           main] org.hibernate.SQL                        : delete from shift_assignments where id=?
Hibernate: delete from shift_assignments where id=?
2025-10-25T10:10:40.589+09:00 DEBUG 16416 --- [Shift Scheduler Demo] [           main] org.hibernate.SQL                        : delete from shift_assignments where id=?
Hibernate: delete from shift_assignments where id=?
2025-10-25T10:10:40.589+09:00 DEBUG 16416 --- [Shift Scheduler Demo] [           main] org.hibernate.SQL                        : delete from shift_assignments where id=?
Hibernate: delete from shift_assignments where id=?
2025-10-25T10:10:40.589+09:00 DEBUG 16416 --- [Shift Scheduler Demo] [           main] org.hibernate.SQL                        : delete from shift_assignments where id=?
Hibernate: delete from shift_assignments where id=?
2025-10-25T10:10:40.589+09:00 DEBUG 16416 --- [Shift Scheduler Demo] [           main] org.hibernate.SQL                        : delete from shift_assignments where id=?
Hibernate: delete from shift_assignments where id=?
2025-10-25T10:10:40.589+09:00 DEBUG 16416 --- [Shift Scheduler Demo] [           main] org.hibernate.SQL                        : delete from shift_assignments where id=?
Hibernate: delete from shift_assignments where id=?
2025-10-25T10:10:40.589+09:00 DEBUG 16416 --- [Shift Scheduler Demo] [           main] org.hibernate.SQL                        : delete from shift_assignments where id=?
Hibernate: delete from shift_assignments where id=?
2025-10-25T10:10:40.589+09:00 DEBUG 16416 --- [Shift Scheduler Demo] [           main] org.hibernate.SQL                        : delete from shift_assignments where id=?
Hibernate: delete from shift_assignments where id=?
2025-10-25T10:10:40.589+09:00 DEBUG 16416 --- [Shift Scheduler Demo] [           main] org.hibernate.SQL                        : delete from shift_assignments where id=?
Hibernate: delete from shift_assignments where id=?
2025-10-25T10:10:40.589+09:00 DEBUG 16416 --- [Shift Scheduler Demo] [           main] org.hibernate.SQL                        : delete from shift_assignments where id=?
Hibernate: delete from shift_assignments where id=?
2025-10-25T10:10:40.589+09:00 DEBUG 16416 --- [Shift Scheduler Demo] [           main] org.hibernate.SQL                        : delete from shift_assignments where id=?
Hibernate: delete from shift_assignments where id=?
2025-10-25T10:10:40.589+09:00 DEBUG 16416 --- [Shift Scheduler Demo] [           main] org.hibernate.SQL                        : delete from shift_assignments where id=?
Hibernate: delete from shift_assignments where id=?
2025-10-25T10:10:40.589+09:00 DEBUG 16416 --- [Shift Scheduler Demo] [           main] org.hibernate.SQL                        : delete from shift_assignments where id=?
Hibernate: delete from shift_assignments where id=?
2025-10-25T10:10:40.589+09:00 DEBUG 16416 --- [Shift Scheduler Demo] [           main] org.hibernate.SQL                        : delete from shift_assignments where id=?
Hibernate: delete from shift_assignments where id=?
2025-10-25T10:10:40.589+09:00 DEBUG 16416 --- [Shift Scheduler Demo] [           main] org.hibernate.SQL                        : delete from shift_assignments where id=?
Hibernate: delete from shift_assignments where id=?
2025-10-25T10:10:40.589+09:00 DEBUG 16416 --- [Shift Scheduler Demo] [           main] org.hibernate.SQL                        : delete from shift_assignments where id=?
Hibernate: delete from shift_assignments where id=?
2025-10-25T10:10:40.590+09:00 DEBUG 16416 --- [Shift Scheduler Demo] [           main] org.hibernate.SQL                        : delete from shift_assignments where id=?
Hibernate: delete from shift_assignments where id=?
2025-10-25T10:10:40.590+09:00 DEBUG 16416 --- [Shift Scheduler Demo] [           main] org.hibernate.SQL                        : delete from shift_assignments where id=?
Hibernate: delete from shift_assignments where id=?
2025-10-25T10:10:40.590+09:00 DEBUG 16416 --- [Shift Scheduler Demo] [           main] org.hibernate.SQL                        : delete from shift_assignments where id=?
Hibernate: delete from shift_assignments where id=?
2025-10-25T10:10:40.590+09:00 DEBUG 16416 --- [Shift Scheduler Demo] [           main] org.hibernate.SQL                        : delete from shift_assignments where id=?
Hibernate: delete from shift_assignments where id=?
2025-10-25T10:10:40.590+09:00 DEBUG 16416 --- [Shift Scheduler Demo] [           main] org.hibernate.SQL                        : delete from shift_assignments where id=?
Hibernate: delete from shift_assignments where id=?
2025-10-25T10:10:40.590+09:00 DEBUG 16416 --- [Shift Scheduler Demo] [           main] org.hibernate.SQL                        : delete from shift_assignments where id=?
Hibernate: delete from shift_assignments where id=?
2025-10-25T10:10:40.590+09:00 DEBUG 16416 --- [Shift Scheduler Demo] [           main] org.hibernate.SQL                        : delete from shift_assignments where id=?
Hibernate: delete from shift_assignments where id=?
2025-10-25T10:10:40.590+09:00 DEBUG 16416 --- [Shift Scheduler Demo] [           main] org.hibernate.SQL                        : delete from shift_assignments where id=?
Hibernate: delete from shift_assignments where id=?
2025-10-25T10:10:40.590+09:00 DEBUG 16416 --- [Shift Scheduler Demo] [           main] org.hibernate.SQL                        : delete from shift_assignments where id=?
Hibernate: delete from shift_assignments where id=?
2025-10-25T10:10:40.590+09:00 DEBUG 16416 --- [Shift Scheduler Demo] [           main] org.hibernate.SQL                        : delete from shift_assignments where id=?
Hibernate: delete from shift_assignments where id=?
2025-10-25T10:10:40.590+09:00 DEBUG 16416 --- [Shift Scheduler Demo] [           main] org.hibernate.SQL                        : delete from shift_assignments where id=?
Hibernate: delete from shift_assignments where id=?
2025-10-25T10:10:40.590+09:00 DEBUG 16416 --- [Shift Scheduler Demo] [           main] org.hibernate.SQL                        : delete from shift_assignments where id=?
Hibernate: delete from shift_assignments where id=?
2025-10-25T10:10:40.590+09:00 DEBUG 16416 --- [Shift Scheduler Demo] [           main] org.hibernate.SQL                        : delete from shift_assignments where id=?
Hibernate: delete from shift_assignments where id=?
2025-10-25T10:10:40.590+09:00 DEBUG 16416 --- [Shift Scheduler Demo] [           main] org.hibernate.SQL                        : delete from shift_assignments where id=?
Hibernate: delete from shift_assignments where id=?
2025-10-25T10:10:40.590+09:00 DEBUG 16416 --- [Shift Scheduler Demo] [           main] org.hibernate.SQL                        : delete from shift_assignments where id=?
Hibernate: delete from shift_assignments where id=?
2025-10-25T10:10:40.590+09:00 DEBUG 16416 --- [Shift Scheduler Demo] [           main] org.hibernate.SQL                        : delete from shift_assignments where id=?
Hibernate: delete from shift_assignments where id=?
2025-10-25T10:10:40.590+09:00 DEBUG 16416 --- [Shift Scheduler Demo] [           main] org.hibernate.SQL                        : delete from shift_assignments where id=?
Hibernate: delete from shift_assignments where id=?
2025-10-25T10:10:40.590+09:00 DEBUG 16416 --- [Shift Scheduler Demo] [           main] org.hibernate.SQL                        : delete from shift_assignments where id=?
Hibernate: delete from shift_assignments where id=?
2025-10-25T10:10:40.590+09:00 DEBUG 16416 --- [Shift Scheduler Demo] [           main] org.hibernate.SQL                        : delete from shift_assignments where id=?
Hibernate: delete from shift_assignments where id=?
2025-10-25T10:10:40.590+09:00 DEBUG 16416 --- [Shift Scheduler Demo] [           main] org.hibernate.SQL                        : delete from shift_assignments where id=?
Hibernate: delete from shift_assignments where id=?
2025-10-25T10:10:40.590+09:00 DEBUG 16416 --- [Shift Scheduler Demo] [           main] org.hibernate.SQL                        : delete from shift_assignments where id=?
Hibernate: delete from shift_assignments where id=?
2025-10-25T10:10:40.590+09:00 DEBUG 16416 --- [Shift Scheduler Demo] [           main] org.hibernate.SQL                        : delete from shift_assignments where id=?
Hibernate: delete from shift_assignments where id=?
2025-10-25T10:10:40.590+09:00 DEBUG 16416 --- [Shift Scheduler Demo] [           main] org.hibernate.SQL                        : delete from shift_assignments where id=?
Hibernate: delete from shift_assignments where id=?
2025-10-25T10:10:40.590+09:00 DEBUG 16416 --- [Shift Scheduler Demo] [           main] org.hibernate.SQL                        : delete from shift_assignments where id=?
Hibernate: delete from shift_assignments where id=?
2025-10-25T10:10:40.590+09:00 DEBUG 16416 --- [Shift Scheduler Demo] [           main] org.hibernate.SQL                        : delete from shift_assignments where id=?
Hibernate: delete from shift_assignments where id=?
2025-10-25T10:10:40.590+09:00 DEBUG 16416 --- [Shift Scheduler Demo] [           main] org.hibernate.SQL                        : delete from shift_assignments where id=?
Hibernate: delete from shift_assignments where id=?
2025-10-25T10:10:40.591+09:00 DEBUG 16416 --- [Shift Scheduler Demo] [           main] org.hibernate.SQL                        : delete from shift_assignments where id=?
Hibernate: delete from shift_assignments where id=?
2025-10-25T10:10:40.591+09:00 DEBUG 16416 --- [Shift Scheduler Demo] [           main] org.hibernate.SQL                        : delete from shift_assignments where id=?
Hibernate: delete from shift_assignments where id=?
2025-10-25T10:10:40.591+09:00 DEBUG 16416 --- [Shift Scheduler Demo] [           main] org.hibernate.SQL                        : delete from shift_assignments where id=?
Hibernate: delete from shift_assignments where id=?
2025-10-25T10:10:40.591+09:00 DEBUG 16416 --- [Shift Scheduler Demo] [           main] org.hibernate.SQL                        : delete from shift_assignments where id=?
Hibernate: delete from shift_assignments where id=?
2025-10-25T10:10:40.591+09:00 DEBUG 16416 --- [Shift Scheduler Demo] [           main] org.hibernate.SQL                        : delete from shift_assignments where id=?
Hibernate: delete from shift_assignments where id=?
2025-10-25T10:10:40.591+09:00 DEBUG 16416 --- [Shift Scheduler Demo] [           main] org.hibernate.SQL                        : delete from shift_assignments where id=?
Hibernate: delete from shift_assignments where id=?
2025-10-25T10:10:40.591+09:00 DEBUG 16416 --- [Shift Scheduler Demo] [           main] org.hibernate.SQL                        : delete from shift_assignments where id=?
Hibernate: delete from shift_assignments where id=?
2025-10-25T10:10:40.591+09:00 DEBUG 16416 --- [Shift Scheduler Demo] [           main] org.hibernate.SQL                        : delete from shift_assignments where id=?
Hibernate: delete from shift_assignments where id=?
2025-10-25T10:10:40.591+09:00 DEBUG 16416 --- [Shift Scheduler Demo] [           main] org.hibernate.SQL                        : delete from shift_assignments where id=?
Hibernate: delete from shift_assignments where id=?
2025-10-25T10:10:40.591+09:00 DEBUG 16416 --- [Shift Scheduler Demo] [           main] org.hibernate.SQL                        : delete from shift_assignments where id=?
Hibernate: delete from shift_assignments where id=?
2025-10-25T10:10:40.591+09:00 DEBUG 16416 --- [Shift Scheduler Demo] [           main] org.hibernate.SQL                        : delete from shift_assignments where id=?
Hibernate: delete from shift_assignments where id=?
2025-10-25T10:10:40.591+09:00 DEBUG 16416 --- [Shift Scheduler Demo] [           main] org.hibernate.SQL                        : delete from shift_assignments where id=?
Hibernate: delete from shift_assignments where id=?
2025-10-25T10:10:40.591+09:00 DEBUG 16416 --- [Shift Scheduler Demo] [           main] org.hibernate.SQL                        : delete from shift_assignments where id=?
Hibernate: delete from shift_assignments where id=?
2025-10-25T10:10:40.591+09:00 DEBUG 16416 --- [Shift Scheduler Demo] [           main] org.hibernate.SQL                        : delete from shift_assignments where id=?
Hibernate: delete from shift_assignments where id=?
2025-10-25T10:10:40.592+09:00 DEBUG 16416 --- [Shift Scheduler Demo] [           main] org.hibernate.SQL                        : delete from shift_assignments where id=?
Hibernate: delete from shift_assignments where id=?
2025-10-25T10:10:40.592+09:00 DEBUG 16416 --- [Shift Scheduler Demo] [           main] org.hibernate.SQL                        : delete from shift_assignments where id=?
Hibernate: delete from shift_assignments where id=?
2025-10-25T10:10:40.592+09:00 DEBUG 16416 --- [Shift Scheduler Demo] [           main] org.hibernate.SQL                        : delete from shift_assignments where id=?
Hibernate: delete from shift_assignments where id=?
2025-10-25T10:10:40.592+09:00 DEBUG 16416 --- [Shift Scheduler Demo] [           main] org.hibernate.SQL                        : delete from shift_assignments where id=?
Hibernate: delete from shift_assignments where id=?
2025-10-25T10:10:40.592+09:00 DEBUG 16416 --- [Shift Scheduler Demo] [           main] org.hibernate.SQL                        : delete from shift_assignments where id=?
Hibernate: delete from shift_assignments where id=?
2025-10-25T10:10:40.592+09:00 DEBUG 16416 --- [Shift Scheduler Demo] [           main] org.hibernate.SQL                        : delete from shift_assignments where id=?
Hibernate: delete from shift_assignments where id=?
2025-10-25T10:10:40.592+09:00 DEBUG 16416 --- [Shift Scheduler Demo] [           main] org.hibernate.SQL                        : delete from shift_assignments where id=?
Hibernate: delete from shift_assignments where id=?
2025-10-25T10:10:40.592+09:00 DEBUG 16416 --- [Shift Scheduler Demo] [           main] org.hibernate.SQL                        : delete from shift_assignments where id=?
Hibernate: delete from shift_assignments where id=?
2025-10-25T10:10:40.592+09:00 DEBUG 16416 --- [Shift Scheduler Demo] [           main] org.hibernate.SQL                        : delete from shift_assignments where id=?
Hibernate: delete from shift_assignments where id=?
2025-10-25T10:10:40.592+09:00 DEBUG 16416 --- [Shift Scheduler Demo] [           main] org.hibernate.SQL                        : delete from shift_assignments where id=?
Hibernate: delete from shift_assignments where id=?
2025-10-25T10:10:40.592+09:00 DEBUG 16416 --- [Shift Scheduler Demo] [           main] org.hibernate.SQL                        : delete from shift_assignments where id=?
Hibernate: delete from shift_assignments where id=?
2025-10-25T10:10:40.592+09:00 DEBUG 16416 --- [Shift Scheduler Demo] [           main] org.hibernate.SQL                        : delete from shift_assignments where id=?
Hibernate: delete from shift_assignments where id=?
2025-10-25T10:10:40.592+09:00 DEBUG 16416 --- [Shift Scheduler Demo] [           main] org.hibernate.SQL                        : delete from shift_assignments where id=?
Hibernate: delete from shift_assignments where id=?
2025-10-25T10:10:40.592+09:00 DEBUG 16416 --- [Shift Scheduler Demo] [           main] org.hibernate.SQL                        : delete from shift_assignments where id=?
Hibernate: delete from shift_assignments where id=?
2025-10-25T10:10:40.592+09:00 DEBUG 16416 --- [Shift Scheduler Demo] [           main] org.hibernate.SQL                        : delete from shift_assignments where id=?
Hibernate: delete from shift_assignments where id=?
2025-10-25T10:10:40.592+09:00 DEBUG 16416 --- [Shift Scheduler Demo] [           main] org.hibernate.SQL                        : delete from shift_assignments where id=?
Hibernate: delete from shift_assignments where id=?
2025-10-25T10:10:40.593+09:00 DEBUG 16416 --- [Shift Scheduler Demo] [           main] org.hibernate.SQL                        : delete from shift_assignments where id=?
Hibernate: delete from shift_assignments where id=?
2025-10-25T10:10:40.593+09:00 DEBUG 16416 --- [Shift Scheduler Demo] [           main] org.hibernate.SQL                        : delete from shift_assignments where id=?
Hibernate: delete from shift_assignments where id=?
2025-10-25T10:10:40.593+09:00 DEBUG 16416 --- [Shift Scheduler Demo] [           main] org.hibernate.SQL                        : delete from shift_assignments where id=?
Hibernate: delete from shift_assignments where id=?
2025-10-25T10:10:40.593+09:00 DEBUG 16416 --- [Shift Scheduler Demo] [           main] org.hibernate.SQL                        : delete from shift_assignments where id=?
Hibernate: delete from shift_assignments where id=?
2025-10-25T10:10:40.593+09:00 DEBUG 16416 --- [Shift Scheduler Demo] [           main] org.hibernate.SQL                        : delete from shift_assignments where id=?
Hibernate: delete from shift_assignments where id=?
2025-10-25T10:10:40.593+09:00 DEBUG 16416 --- [Shift Scheduler Demo] [           main] org.hibernate.SQL                        : delete from shift_assignments where id=?
Hibernate: delete from shift_assignments where id=?
2025-10-25T10:10:40.593+09:00 DEBUG 16416 --- [Shift Scheduler Demo] [           main] org.hibernate.SQL                        : delete from shift_assignments where id=?
Hibernate: delete from shift_assignments where id=?
2025-10-25T10:10:40.593+09:00 DEBUG 16416 --- [Shift Scheduler Demo] [           main] org.hibernate.SQL                        : delete from shift_assignments where id=?
Hibernate: delete from shift_assignments where id=?
2025-10-25T10:10:40.593+09:00 DEBUG 16416 --- [Shift Scheduler Demo] [           main] org.hibernate.SQL                        : delete from shift_assignments where id=?
Hibernate: delete from shift_assignments where id=?
2025-10-25T10:10:40.593+09:00 DEBUG 16416 --- [Shift Scheduler Demo] [           main] org.hibernate.SQL                        : delete from shift_assignments where id=?
Hibernate: delete from shift_assignments where id=?
2025-10-25T10:10:40.593+09:00 DEBUG 16416 --- [Shift Scheduler Demo] [           main] org.hibernate.SQL                        : delete from shift_assignments where id=?
Hibernate: delete from shift_assignments where id=?
2025-10-25T10:10:40.593+09:00 DEBUG 16416 --- [Shift Scheduler Demo] [           main] org.hibernate.SQL                        : delete from shift_assignments where id=?
Hibernate: delete from shift_assignments where id=?
2025-10-25T10:10:40.593+09:00 DEBUG 16416 --- [Shift Scheduler Demo] [           main] org.hibernate.SQL                        : delete from shift_assignments where id=?
Hibernate: delete from shift_assignments where id=?
2025-10-25T10:10:40.593+09:00 DEBUG 16416 --- [Shift Scheduler Demo] [           main] org.hibernate.SQL                        : delete from shift_assignments where id=?
Hibernate: delete from shift_assignments where id=?
2025-10-25T10:10:40.593+09:00 DEBUG 16416 --- [Shift Scheduler Demo] [           main] org.hibernate.SQL                        : delete from shift_assignments where id=?
Hibernate: delete from shift_assignments where id=?
2025-10-25T10:10:40.593+09:00 DEBUG 16416 --- [Shift Scheduler Demo] [           main] org.hibernate.SQL                        : delete from shift_assignments where id=?
Hibernate: delete from shift_assignments where id=?
2025-10-25T10:10:40.593+09:00 DEBUG 16416 --- [Shift Scheduler Demo] [           main] org.hibernate.SQL                        : delete from shift_assignments where id=?
Hibernate: delete from shift_assignments where id=?
2025-10-25T10:10:40.593+09:00 DEBUG 16416 --- [Shift Scheduler Demo] [           main] org.hibernate.SQL                        : delete from shift_assignments where id=?
Hibernate: delete from shift_assignments where id=?
2025-10-25T10:10:40.593+09:00 DEBUG 16416 --- [Shift Scheduler Demo] [           main] org.hibernate.SQL                        : delete from shift_assignments where id=?
Hibernate: delete from shift_assignments where id=?
2025-10-25T10:10:40.593+09:00 DEBUG 16416 --- [Shift Scheduler Demo] [           main] org.hibernate.SQL                        : delete from shift_assignments where id=?
Hibernate: delete from shift_assignments where id=?
2025-10-25T10:10:40.593+09:00 DEBUG 16416 --- [Shift Scheduler Demo] [           main] org.hibernate.SQL                        : delete from shift_assignments where id=?
Hibernate: delete from shift_assignments where id=?
2025-10-25T10:10:40.593+09:00 DEBUG 16416 --- [Shift Scheduler Demo] [           main] org.hibernate.SQL                        : delete from shift_assignments where id=?
Hibernate: delete from shift_assignments where id=?
2025-10-25T10:10:40.593+09:00 DEBUG 16416 --- [Shift Scheduler Demo] [           main] org.hibernate.SQL                        : delete from shift_assignments where id=?
Hibernate: delete from shift_assignments where id=?
2025-10-25T10:10:40.593+09:00 DEBUG 16416 --- [Shift Scheduler Demo] [           main] org.hibernate.SQL                        : delete from shift_assignments where id=?
Hibernate: delete from shift_assignments where id=?
2025-10-25T10:10:40.593+09:00 DEBUG 16416 --- [Shift Scheduler Demo] [           main] org.hibernate.SQL                        : delete from shift_assignments where id=?
Hibernate: delete from shift_assignments where id=?
2025-10-25T10:10:40.593+09:00 DEBUG 16416 --- [Shift Scheduler Demo] [           main] org.hibernate.SQL                        : delete from shift_assignments where id=?
Hibernate: delete from shift_assignments where id=?
2025-10-25T10:10:40.593+09:00 DEBUG 16416 --- [Shift Scheduler Demo] [           main] org.hibernate.SQL                        : delete from shift_assignments where id=?
Hibernate: delete from shift_assignments where id=?
2025-10-25T10:10:40.593+09:00 DEBUG 16416 --- [Shift Scheduler Demo] [           main] org.hibernate.SQL                        : delete from shift_assignments where id=?
Hibernate: delete from shift_assignments where id=?
2025-10-25T10:10:40.593+09:00 DEBUG 16416 --- [Shift Scheduler Demo] [           main] org.hibernate.SQL                        : delete from shift_assignments where id=?
Hibernate: delete from shift_assignments where id=?
2025-10-25T10:10:40.593+09:00 DEBUG 16416 --- [Shift Scheduler Demo] [           main] org.hibernate.SQL                        : delete from shift_assignments where id=?
Hibernate: delete from shift_assignments where id=?
2025-10-25T10:10:40.593+09:00 DEBUG 16416 --- [Shift Scheduler Demo] [           main] org.hibernate.SQL                        : delete from shift_assignments where id=?
Hibernate: delete from shift_assignments where id=?
2025-10-25T10:10:40.593+09:00 DEBUG 16416 --- [Shift Scheduler Demo] [           main] org.hibernate.SQL                        : delete from shift_assignments where id=?
Hibernate: delete from shift_assignments where id=?
2025-10-25T10:10:40.593+09:00 DEBUG 16416 --- [Shift Scheduler Demo] [           main] org.hibernate.SQL                        : delete from shift_assignments where id=?
Hibernate: delete from shift_assignments where id=?
2025-10-25T10:10:40.593+09:00 DEBUG 16416 --- [Shift Scheduler Demo] [           main] org.hibernate.SQL                        : delete from shift_assignments where id=?
Hibernate: delete from shift_assignments where id=?
2025-10-25T10:10:40.593+09:00 DEBUG 16416 --- [Shift Scheduler Demo] [           main] org.hibernate.SQL                        : delete from shift_assignments where id=?
Hibernate: delete from shift_assignments where id=?
2025-10-25T10:10:40.593+09:00 DEBUG 16416 --- [Shift Scheduler Demo] [           main] org.hibernate.SQL                        : delete from shift_assignments where id=?
Hibernate: delete from shift_assignments where id=?
2025-10-25T10:10:40.593+09:00 DEBUG 16416 --- [Shift Scheduler Demo] [           main] org.hibernate.SQL                        : delete from shift_assignments where id=?
Hibernate: delete from shift_assignments where id=?
2025-10-25T10:10:40.593+09:00 DEBUG 16416 --- [Shift Scheduler Demo] [           main] org.hibernate.SQL                        : delete from shift_assignments where id=?
Hibernate: delete from shift_assignments where id=?
2025-10-25T10:10:40.593+09:00 DEBUG 16416 --- [Shift Scheduler Demo] [           main] org.hibernate.SQL                        : delete from shift_assignments where id=?
Hibernate: delete from shift_assignments where id=?
2025-10-25T10:10:40.593+09:00 DEBUG 16416 --- [Shift Scheduler Demo] [           main] org.hibernate.SQL                        : delete from shift_assignments where id=?
Hibernate: delete from shift_assignments where id=?
2025-10-25T10:10:40.595+09:00 DEBUG 16416 --- [Shift Scheduler Demo] [           main] org.hibernate.SQL                        : delete from shift_assignments where id=?
Hibernate: delete from shift_assignments where id=?
2025-10-25T10:10:40.595+09:00 DEBUG 16416 --- [Shift Scheduler Demo] [           main] org.hibernate.SQL                        : delete from shift_assignments where id=?
Hibernate: delete from shift_assignments where id=?
2025-10-25T10:10:40.595+09:00 DEBUG 16416 --- [Shift Scheduler Demo] [           main] org.hibernate.SQL                        : delete from shift_assignments where id=?
Hibernate: delete from shift_assignments where id=?
2025-10-25T10:10:40.595+09:00 DEBUG 16416 --- [Shift Scheduler Demo] [           main] org.hibernate.SQL                        : delete from shift_assignments where id=?
Hibernate: delete from shift_assignments where id=?
2025-10-25T10:10:40.595+09:00 DEBUG 16416 --- [Shift Scheduler Demo] [           main] org.hibernate.SQL                        : delete from shift_assignments where id=?
Hibernate: delete from shift_assignments where id=?
2025-10-25T10:10:40.595+09:00 DEBUG 16416 --- [Shift Scheduler Demo] [           main] org.hibernate.SQL                        : delete from shift_assignments where id=?
Hibernate: delete from shift_assignments where id=?
2025-10-25T10:10:40.595+09:00 DEBUG 16416 --- [Shift Scheduler Demo] [           main] org.hibernate.SQL                        : delete from shift_assignments where id=?
Hibernate: delete from shift_assignments where id=?
2025-10-25T10:10:40.595+09:00 DEBUG 16416 --- [Shift Scheduler Demo] [           main] org.hibernate.SQL                        : delete from shift_assignments where id=?
Hibernate: delete from shift_assignments where id=?
2025-10-25T10:10:40.595+09:00 DEBUG 16416 --- [Shift Scheduler Demo] [           main] org.hibernate.SQL                        : delete from shift_assignments where id=?
Hibernate: delete from shift_assignments where id=?
2025-10-25T10:10:40.595+09:00 DEBUG 16416 --- [Shift Scheduler Demo] [           main] org.hibernate.SQL                        : delete from shift_assignments where id=?
Hibernate: delete from shift_assignments where id=?
2025-10-25T10:10:40.595+09:00 DEBUG 16416 --- [Shift Scheduler Demo] [           main] org.hibernate.SQL                        : delete from shift_assignments where id=?
Hibernate: delete from shift_assignments where id=?
2025-10-25T10:10:40.595+09:00 DEBUG 16416 --- [Shift Scheduler Demo] [           main] org.hibernate.SQL                        : delete from shift_assignments where id=?
Hibernate: delete from shift_assignments where id=?
2025-10-25T10:10:40.595+09:00 DEBUG 16416 --- [Shift Scheduler Demo] [           main] org.hibernate.SQL                        : delete from shift_assignments where id=?
Hibernate: delete from shift_assignments where id=?
2025-10-25T10:10:40.595+09:00 DEBUG 16416 --- [Shift Scheduler Demo] [           main] org.hibernate.SQL                        : delete from shift_assignments where id=?
Hibernate: delete from shift_assignments where id=?
2025-10-25T10:10:40.595+09:00 DEBUG 16416 --- [Shift Scheduler Demo] [           main] org.hibernate.SQL                        : delete from shift_assignments where id=?
Hibernate: delete from shift_assignments where id=?
2025-10-25T10:10:40.595+09:00 DEBUG 16416 --- [Shift Scheduler Demo] [           main] org.hibernate.SQL                        : delete from shift_assignments where id=?
Hibernate: delete from shift_assignments where id=?
2025-10-25T10:10:40.595+09:00 DEBUG 16416 --- [Shift Scheduler Demo] [           main] org.hibernate.SQL                        : delete from shift_assignments where id=?
Hibernate: delete from shift_assignments where id=?
2025-10-25T10:10:40.595+09:00 DEBUG 16416 --- [Shift Scheduler Demo] [           main] org.hibernate.SQL                        : delete from shift_assignments where id=?
Hibernate: delete from shift_assignments where id=?
2025-10-25T10:10:40.595+09:00 DEBUG 16416 --- [Shift Scheduler Demo] [           main] org.hibernate.SQL                        : delete from shift_assignments where id=?
Hibernate: delete from shift_assignments where id=?
2025-10-25T10:10:40.595+09:00 DEBUG 16416 --- [Shift Scheduler Demo] [           main] org.hibernate.SQL                        : delete from shift_assignments where id=?
Hibernate: delete from shift_assignments where id=?
2025-10-25T10:10:40.595+09:00 DEBUG 16416 --- [Shift Scheduler Demo] [           main] org.hibernate.SQL                        : delete from shift_assignments where id=?
Hibernate: delete from shift_assignments where id=?
2025-10-25T10:10:40.595+09:00 DEBUG 16416 --- [Shift Scheduler Demo] [           main] org.hibernate.SQL                        : delete from shift_assignments where id=?
Hibernate: delete from shift_assignments where id=?
2025-10-25T10:10:40.595+09:00 DEBUG 16416 --- [Shift Scheduler Demo] [           main] org.hibernate.SQL                        : delete from shift_assignments where id=?
Hibernate: delete from shift_assignments where id=?
2025-10-25T10:10:40.595+09:00 DEBUG 16416 --- [Shift Scheduler Demo] [           main] org.hibernate.SQL                        : delete from shift_assignments where id=?
Hibernate: delete from shift_assignments where id=?
2025-10-25T10:10:40.595+09:00 DEBUG 16416 --- [Shift Scheduler Demo] [           main] org.hibernate.SQL                        : delete from shift_assignments where id=?
Hibernate: delete from shift_assignments where id=?
2025-10-25T10:10:40.595+09:00 DEBUG 16416 --- [Shift Scheduler Demo] [           main] org.hibernate.SQL                        : delete from shift_assignments where id=?
Hibernate: delete from shift_assignments where id=?
2025-10-25T10:10:40.595+09:00 DEBUG 16416 --- [Shift Scheduler Demo] [           main] org.hibernate.SQL                        : delete from shift_assignments where id=?
Hibernate: delete from shift_assignments where id=?
2025-10-25T10:10:40.595+09:00 DEBUG 16416 --- [Shift Scheduler Demo] [           main] org.hibernate.SQL                        : delete from shift_assignments where id=?
Hibernate: delete from shift_assignments where id=?
2025-10-25T10:10:40.595+09:00 DEBUG 16416 --- [Shift Scheduler Demo] [           main] org.hibernate.SQL                        : delete from shift_assignments where id=?
Hibernate: delete from shift_assignments where id=?
2025-10-25T10:10:40.595+09:00 DEBUG 16416 --- [Shift Scheduler Demo] [           main] org.hibernate.SQL                        : delete from shift_assignments where id=?
Hibernate: delete from shift_assignments where id=?
2025-10-25T10:10:40.595+09:00 DEBUG 16416 --- [Shift Scheduler Demo] [           main] org.hibernate.SQL                        : delete from shift_assignments where id=?
Hibernate: delete from shift_assignments where id=?
2025-10-25T10:10:40.595+09:00 DEBUG 16416 --- [Shift Scheduler Demo] [           main] org.hibernate.SQL                        : delete from shift_assignments where id=?
Hibernate: delete from shift_assignments where id=?
2025-10-25T10:10:40.595+09:00 DEBUG 16416 --- [Shift Scheduler Demo] [           main] org.hibernate.SQL                        : delete from shift_assignments where id=?
Hibernate: delete from shift_assignments where id=?
2025-10-25T10:10:40.596+09:00 DEBUG 16416 --- [Shift Scheduler Demo] [           main] org.hibernate.SQL                        : delete from shift_assignments where id=?
Hibernate: delete from shift_assignments where id=?
2025-10-25T10:10:40.596+09:00 DEBUG 16416 --- [Shift Scheduler Demo] [           main] org.hibernate.SQL                        : delete from shift_assignments where id=?
Hibernate: delete from shift_assignments where id=?
2025-10-25T10:10:40.596+09:00 DEBUG 16416 --- [Shift Scheduler Demo] [           main] org.hibernate.SQL                        : delete from shift_assignments where id=?
Hibernate: delete from shift_assignments where id=?
2025-10-25T10:10:40.596+09:00 DEBUG 16416 --- [Shift Scheduler Demo] [           main] org.hibernate.SQL                        : delete from shift_assignments where id=?
Hibernate: delete from shift_assignments where id=?
2025-10-25T10:10:40.596+09:00 DEBUG 16416 --- [Shift Scheduler Demo] [           main] org.hibernate.SQL                        : delete from shift_assignments where id=?
Hibernate: delete from shift_assignments where id=?
2025-10-25T10:10:40.596+09:00 DEBUG 16416 --- [Shift Scheduler Demo] [           main] org.hibernate.SQL                        : delete from shift_assignments where id=?
Hibernate: delete from shift_assignments where id=?
2025-10-25T10:10:40.596+09:00 DEBUG 16416 --- [Shift Scheduler Demo] [           main] org.hibernate.SQL                        : delete from shift_assignments where id=?
Hibernate: delete from shift_assignments where id=?
2025-10-25T10:10:40.596+09:00 DEBUG 16416 --- [Shift Scheduler Demo] [           main] org.hibernate.SQL                        : delete from shift_assignments where id=?
Hibernate: delete from shift_assignments where id=?
2025-10-25T10:10:40.596+09:00 DEBUG 16416 --- [Shift Scheduler Demo] [           main] org.hibernate.SQL                        : delete from shift_assignments where id=?
Hibernate: delete from shift_assignments where id=?
2025-10-25T10:10:40.596+09:00 DEBUG 16416 --- [Shift Scheduler Demo] [           main] org.hibernate.SQL                        : delete from shift_assignments where id=?
Hibernate: delete from shift_assignments where id=?
2025-10-25T10:10:40.596+09:00 DEBUG 16416 --- [Shift Scheduler Demo] [           main] org.hibernate.SQL                        : delete from shift_assignments where id=?
Hibernate: delete from shift_assignments where id=?
2025-10-25T10:10:40.596+09:00 DEBUG 16416 --- [Shift Scheduler Demo] [           main] org.hibernate.SQL                        : delete from shift_assignments where id=?
Hibernate: delete from shift_assignments where id=?
2025-10-25T10:10:40.596+09:00 DEBUG 16416 --- [Shift Scheduler Demo] [           main] org.hibernate.SQL                        : delete from shift_assignments where id=?
Hibernate: delete from shift_assignments where id=?
2025-10-25T10:10:40.596+09:00 DEBUG 16416 --- [Shift Scheduler Demo] [           main] org.hibernate.SQL                        : delete from shift_assignments where id=?
Hibernate: delete from shift_assignments where id=?
2025-10-25T10:10:40.596+09:00 DEBUG 16416 --- [Shift Scheduler Demo] [           main] org.hibernate.SQL                        : delete from shift_assignments where id=?
Hibernate: delete from shift_assignments where id=?
2025-10-25T10:10:40.596+09:00 DEBUG 16416 --- [Shift Scheduler Demo] [           main] org.hibernate.SQL                        : delete from shift_assignments where id=?
Hibernate: delete from shift_assignments where id=?
2025-10-25T10:10:40.596+09:00 DEBUG 16416 --- [Shift Scheduler Demo] [           main] org.hibernate.SQL                        : delete from shift_assignments where id=?
Hibernate: delete from shift_assignments where id=?
2025-10-25T10:10:40.596+09:00 DEBUG 16416 --- [Shift Scheduler Demo] [           main] org.hibernate.SQL                        : delete from shift_assignments where id=?
Hibernate: delete from shift_assignments where id=?
2025-10-25T10:10:40.596+09:00 DEBUG 16416 --- [Shift Scheduler Demo] [           main] org.hibernate.SQL                        : delete from shift_assignments where id=?
Hibernate: delete from shift_assignments where id=?
2025-10-25T10:10:40.596+09:00 DEBUG 16416 --- [Shift Scheduler Demo] [           main] org.hibernate.SQL                        : delete from shift_assignments where id=?
Hibernate: delete from shift_assignments where id=?
2025-10-25T10:10:40.596+09:00 DEBUG 16416 --- [Shift Scheduler Demo] [           main] org.hibernate.SQL                        : delete from shift_assignments where id=?
Hibernate: delete from shift_assignments where id=?
2025-10-25T10:10:40.596+09:00 DEBUG 16416 --- [Shift Scheduler Demo] [           main] org.hibernate.SQL                        : delete from shift_assignments where id=?
Hibernate: delete from shift_assignments where id=?
2025-10-25T10:10:40.596+09:00 DEBUG 16416 --- [Shift Scheduler Demo] [           main] org.hibernate.SQL                        : delete from shift_assignments where id=?
Hibernate: delete from shift_assignments where id=?
2025-10-25T10:10:40.596+09:00 DEBUG 16416 --- [Shift Scheduler Demo] [           main] org.hibernate.SQL                        : delete from shift_assignments where id=?
Hibernate: delete from shift_assignments where id=?
2025-10-25T10:10:40.596+09:00 DEBUG 16416 --- [Shift Scheduler Demo] [           main] org.hibernate.SQL                        : delete from shift_assignments where id=?
Hibernate: delete from shift_assignments where id=?
2025-10-25T10:10:40.596+09:00 DEBUG 16416 --- [Shift Scheduler Demo] [           main] org.hibernate.SQL                        : delete from shift_assignments where id=?
Hibernate: delete from shift_assignments where id=?
2025-10-25T10:10:40.596+09:00 DEBUG 16416 --- [Shift Scheduler Demo] [           main] org.hibernate.SQL                        : delete from shift_assignments where id=?
Hibernate: delete from shift_assignments where id=?
2025-10-25T10:10:40.596+09:00 DEBUG 16416 --- [Shift Scheduler Demo] [           main] org.hibernate.SQL                        : delete from shift_assignments where id=?
Hibernate: delete from shift_assignments where id=?
2025-10-25T10:10:40.596+09:00 DEBUG 16416 --- [Shift Scheduler Demo] [           main] org.hibernate.SQL                        : delete from shift_assignments where id=?
Hibernate: delete from shift_assignments where id=?
2025-10-25T10:10:40.596+09:00 DEBUG 16416 --- [Shift Scheduler Demo] [           main] org.hibernate.SQL                        : delete from shift_assignments where id=?
Hibernate: delete from shift_assignments where id=?
2025-10-25T10:10:40.596+09:00 DEBUG 16416 --- [Shift Scheduler Demo] [           main] org.hibernate.SQL                        : delete from shift_assignments where id=?
Hibernate: delete from shift_assignments where id=?
2025-10-25T10:10:40.596+09:00 DEBUG 16416 --- [Shift Scheduler Demo] [           main] org.hibernate.SQL                        : delete from shift_assignments where id=?
Hibernate: delete from shift_assignments where id=?
2025-10-25T10:10:40.596+09:00 DEBUG 16416 --- [Shift Scheduler Demo] [           main] org.hibernate.SQL                        : delete from shift_assignments where id=?
Hibernate: delete from shift_assignments where id=?
2025-10-25T10:10:40.596+09:00 DEBUG 16416 --- [Shift Scheduler Demo] [           main] org.hibernate.SQL                        : delete from shift_assignments where id=?
Hibernate: delete from shift_assignments where id=?
2025-10-25T10:10:40.596+09:00 DEBUG 16416 --- [Shift Scheduler Demo] [           main] org.hibernate.SQL                        : delete from shift_assignments where id=?
Hibernate: delete from shift_assignments where id=?
2025-10-25T10:10:40.596+09:00 DEBUG 16416 --- [Shift Scheduler Demo] [           main] org.hibernate.SQL                        : delete from shift_assignments where id=?
Hibernate: delete from shift_assignments where id=?
2025-10-25T10:10:40.596+09:00 DEBUG 16416 --- [Shift Scheduler Demo] [           main] org.hibernate.SQL                        : delete from shift_assignments where id=?
Hibernate: delete from shift_assignments where id=?
2025-10-25T10:10:40.596+09:00 DEBUG 16416 --- [Shift Scheduler Demo] [           main] org.hibernate.SQL                        : delete from shift_assignments where id=?
Hibernate: delete from shift_assignments where id=?
2025-10-25T10:10:40.597+09:00 DEBUG 16416 --- [Shift Scheduler Demo] [           main] org.hibernate.SQL                        : delete from shift_assignments where id=?
Hibernate: delete from shift_assignments where id=?
2025-10-25T10:10:40.597+09:00 DEBUG 16416 --- [Shift Scheduler Demo] [           main] org.hibernate.SQL                        : delete from shift_assignments where id=?
Hibernate: delete from shift_assignments where id=?
2025-10-25T10:10:40.597+09:00 DEBUG 16416 --- [Shift Scheduler Demo] [           main] org.hibernate.SQL                        : delete from shift_assignments where id=?
Hibernate: delete from shift_assignments where id=?
2025-10-25T10:10:40.597+09:00 DEBUG 16416 --- [Shift Scheduler Demo] [           main] org.hibernate.SQL                        : delete from shift_assignments where id=?
Hibernate: delete from shift_assignments where id=?
2025-10-25T10:10:40.597+09:00 DEBUG 16416 --- [Shift Scheduler Demo] [           main] org.hibernate.SQL                        : delete from shift_assignments where id=?
Hibernate: delete from shift_assignments where id=?
2025-10-25T10:10:40.597+09:00 DEBUG 16416 --- [Shift Scheduler Demo] [           main] org.hibernate.SQL                        : delete from shift_assignments where id=?
Hibernate: delete from shift_assignments where id=?
2025-10-25T10:10:40.597+09:00 DEBUG 16416 --- [Shift Scheduler Demo] [           main] org.hibernate.SQL                        : delete from shift_assignments where id=?
Hibernate: delete from shift_assignments where id=?
2025-10-25T10:10:40.597+09:00 DEBUG 16416 --- [Shift Scheduler Demo] [           main] org.hibernate.SQL                        : delete from shift_assignments where id=?
Hibernate: delete from shift_assignments where id=?
2025-10-25T10:10:40.597+09:00 DEBUG 16416 --- [Shift Scheduler Demo] [           main] org.hibernate.SQL                        : delete from shift_assignments where id=?
Hibernate: delete from shift_assignments where id=?
2025-10-25T10:10:40.597+09:00 DEBUG 16416 --- [Shift Scheduler Demo] [           main] org.hibernate.SQL                        : delete from shift_assignments where id=?
Hibernate: delete from shift_assignments where id=?
2025-10-25T10:10:40.597+09:00 DEBUG 16416 --- [Shift Scheduler Demo] [           main] org.hibernate.SQL                        : delete from shift_assignments where id=?
Hibernate: delete from shift_assignments where id=?
2025-10-25T10:10:40.597+09:00 DEBUG 16416 --- [Shift Scheduler Demo] [           main] org.hibernate.SQL                        : delete from shift_assignments where id=?
Hibernate: delete from shift_assignments where id=?
2025-10-25T10:10:40.597+09:00 DEBUG 16416 --- [Shift Scheduler Demo] [           main] org.hibernate.SQL                        : delete from shift_assignments where id=?
Hibernate: delete from shift_assignments where id=?
2025-10-25T10:10:40.597+09:00 DEBUG 16416 --- [Shift Scheduler Demo] [           main] org.hibernate.SQL                        : delete from shift_assignments where id=?
Hibernate: delete from shift_assignments where id=?
2025-10-25T10:10:40.597+09:00 DEBUG 16416 --- [Shift Scheduler Demo] [           main] org.hibernate.SQL                        : delete from shift_assignments where id=?
Hibernate: delete from shift_assignments where id=?
2025-10-25T10:10:40.597+09:00 DEBUG 16416 --- [Shift Scheduler Demo] [           main] org.hibernate.SQL                        : delete from shift_assignments where id=?
Hibernate: delete from shift_assignments where id=?
2025-10-25T10:10:40.597+09:00 DEBUG 16416 --- [Shift Scheduler Demo] [           main] org.hibernate.SQL                        : delete from shift_assignments where id=?
Hibernate: delete from shift_assignments where id=?
2025-10-25T10:10:40.597+09:00 DEBUG 16416 --- [Shift Scheduler Demo] [           main] org.hibernate.SQL                        : delete from shift_assignments where id=?
Hibernate: delete from shift_assignments where id=?
2025-10-25T10:10:40.597+09:00 DEBUG 16416 --- [Shift Scheduler Demo] [           main] org.hibernate.SQL                        : delete from shift_assignments where id=?
Hibernate: delete from shift_assignments where id=?
2025-10-25T10:10:40.597+09:00 DEBUG 16416 --- [Shift Scheduler Demo] [           main] org.hibernate.SQL                        : delete from shift_assignments where id=?
Hibernate: delete from shift_assignments where id=?
2025-10-25T10:10:40.598+09:00 DEBUG 16416 --- [Shift Scheduler Demo] [           main] org.hibernate.SQL                        : delete from employee_constraints where id=?
Hibernate: delete from employee_constraints where id=?
2025-10-25T10:10:40.598+09:00 DEBUG 16416 --- [Shift Scheduler Demo] [           main] org.hibernate.SQL                        : delete from employee_constraints where id=?
Hibernate: delete from employee_constraints where id=?
2025-10-25T10:10:40.598+09:00 DEBUG 16416 --- [Shift Scheduler Demo] [           main] org.hibernate.SQL                        : delete from employee_constraints where id=?
Hibernate: delete from employee_constraints where id=?
2025-10-25T10:10:40.598+09:00 DEBUG 16416 --- [Shift Scheduler Demo] [           main] org.hibernate.SQL                        : delete from employee_constraints where id=?
Hibernate: delete from employee_constraints where id=?
2025-10-25T10:10:40.598+09:00 DEBUG 16416 --- [Shift Scheduler Demo] [           main] org.hibernate.SQL                        : delete from employee_constraints where id=?
Hibernate: delete from employee_constraints where id=?
2025-10-25T10:10:40.598+09:00 DEBUG 16416 --- [Shift Scheduler Demo] [           main] org.hibernate.SQL                        : delete from employee_constraints where id=?
Hibernate: delete from employee_constraints where id=?
2025-10-25T10:10:40.598+09:00 DEBUG 16416 --- [Shift Scheduler Demo] [           main] org.hibernate.SQL                        : delete from employee_constraints where id=?
Hibernate: delete from employee_constraints where id=?
2025-10-25T10:10:40.598+09:00 DEBUG 16416 --- [Shift Scheduler Demo] [           main] org.hibernate.SQL                        : delete from employee_constraints where id=?
Hibernate: delete from employee_constraints where id=?
2025-10-25T10:10:40.598+09:00 DEBUG 16416 --- [Shift Scheduler Demo] [           main] org.hibernate.SQL                        : delete from employee_constraints where id=?
Hibernate: delete from employee_constraints where id=?
2025-10-25T10:10:40.598+09:00 DEBUG 16416 --- [Shift Scheduler Demo] [           main] org.hibernate.SQL                        : delete from employee_constraints where id=?
Hibernate: delete from employee_constraints where id=?
2025-10-25T10:10:40.598+09:00 DEBUG 16416 --- [Shift Scheduler Demo] [           main] org.hibernate.SQL                        : delete from employee_constraints where id=?
Hibernate: delete from employee_constraints where id=?
2025-10-25T10:10:40.598+09:00 DEBUG 16416 --- [Shift Scheduler Demo] [           main] org.hibernate.SQL                        : delete from employee_constraints where id=?
Hibernate: delete from employee_constraints where id=?
2025-10-25T10:10:40.598+09:00 DEBUG 16416 --- [Shift Scheduler Demo] [           main] org.hibernate.SQL                        : delete from employee_constraints where id=?
Hibernate: delete from employee_constraints where id=?
2025-10-25T10:10:40.598+09:00 DEBUG 16416 --- [Shift Scheduler Demo] [           main] org.hibernate.SQL                        : delete from employee_constraints where id=?
Hibernate: delete from employee_constraints where id=?
2025-10-25T10:10:40.599+09:00 DEBUG 16416 --- [Shift Scheduler Demo] [           main] org.hibernate.SQL                        : delete from employee_constraints where id=?
Hibernate: delete from employee_constraints where id=?
2025-10-25T10:10:40.599+09:00 DEBUG 16416 --- [Shift Scheduler Demo] [           main] org.hibernate.SQL                        : delete from employee_constraints where id=?
Hibernate: delete from employee_constraints where id=?
2025-10-25T10:10:40.599+09:00 DEBUG 16416 --- [Shift Scheduler Demo] [           main] org.hibernate.SQL                        : delete from employee_constraints where id=?
Hibernate: delete from employee_constraints where id=?
2025-10-25T10:10:40.599+09:00 DEBUG 16416 --- [Shift Scheduler Demo] [           main] org.hibernate.SQL                        : delete from employee_constraints where id=?
Hibernate: delete from employee_constraints where id=?
2025-10-25T10:10:40.599+09:00 DEBUG 16416 --- [Shift Scheduler Demo] [           main] org.hibernate.SQL                        : delete from employee_constraints where id=?
Hibernate: delete from employee_constraints where id=?
2025-10-25T10:10:40.599+09:00 DEBUG 16416 --- [Shift Scheduler Demo] [           main] org.hibernate.SQL                        : delete from employee_constraints where id=?
Hibernate: delete from employee_constraints where id=?
2025-10-25T10:10:40.599+09:00 DEBUG 16416 --- [Shift Scheduler Demo] [           main] org.hibernate.SQL                        : delete from employee_constraints where id=?
Hibernate: delete from employee_constraints where id=?
2025-10-25T10:10:40.599+09:00 DEBUG 16416 --- [Shift Scheduler Demo] [           main] org.hibernate.SQL                        : delete from employee_constraints where id=?
Hibernate: delete from employee_constraints where id=?
2025-10-25T10:10:40.599+09:00 DEBUG 16416 --- [Shift Scheduler Demo] [           main] org.hibernate.SQL                        : delete from employee_constraints where id=?
Hibernate: delete from employee_constraints where id=?
2025-10-25T10:10:40.599+09:00 DEBUG 16416 --- [Shift Scheduler Demo] [           main] org.hibernate.SQL                        : delete from employee_constraints where id=?
Hibernate: delete from employee_constraints where id=?
2025-10-25T10:10:40.599+09:00 DEBUG 16416 --- [Shift Scheduler Demo] [           main] org.hibernate.SQL                        : delete from employee_constraints where id=?
Hibernate: delete from employee_constraints where id=?
2025-10-25T10:10:40.599+09:00 DEBUG 16416 --- [Shift Scheduler Demo] [           main] org.hibernate.SQL                        : delete from employee_constraints where id=?
Hibernate: delete from employee_constraints where id=?
2025-10-25T10:10:40.600+09:00 DEBUG 16416 --- [Shift Scheduler Demo] [           main] org.hibernate.SQL                        : delete from employee_constraints where id=?
Hibernate: delete from employee_constraints where id=?
2025-10-25T10:10:40.600+09:00 DEBUG 16416 --- [Shift Scheduler Demo] [           main] org.hibernate.SQL                        : delete from employee_constraints where id=?
Hibernate: delete from employee_constraints where id=?
2025-10-25T10:10:40.600+09:00 DEBUG 16416 --- [Shift Scheduler Demo] [           main] org.hibernate.SQL                        : delete from employee_constraints where id=?
Hibernate: delete from employee_constraints where id=?
2025-10-25T10:10:40.600+09:00 DEBUG 16416 --- [Shift Scheduler Demo] [           main] org.hibernate.SQL                        : delete from employee_constraints where id=?
Hibernate: delete from employee_constraints where id=?
2025-10-25T10:10:40.600+09:00 DEBUG 16416 --- [Shift Scheduler Demo] [           main] org.hibernate.SQL                        : delete from employee_constraints where id=?
Hibernate: delete from employee_constraints where id=?
2025-10-25T10:10:40.600+09:00 DEBUG 16416 --- [Shift Scheduler Demo] [           main] org.hibernate.SQL                        : delete from employee_constraints where id=?
Hibernate: delete from employee_constraints where id=?
2025-10-25T10:10:40.600+09:00 DEBUG 16416 --- [Shift Scheduler Demo] [           main] org.hibernate.SQL                        : delete from employee_constraints where id=?
Hibernate: delete from employee_constraints where id=?
2025-10-25T10:10:40.600+09:00 DEBUG 16416 --- [Shift Scheduler Demo] [           main] org.hibernate.SQL                        : delete from employee_constraints where id=?
Hibernate: delete from employee_constraints where id=?
2025-10-25T10:10:40.600+09:00 DEBUG 16416 --- [Shift Scheduler Demo] [           main] org.hibernate.SQL                        : delete from employee_constraints where id=?
Hibernate: delete from employee_constraints where id=?
2025-10-25T10:10:40.600+09:00 DEBUG 16416 --- [Shift Scheduler Demo] [           main] org.hibernate.SQL                        : delete from employee_constraints where id=?
Hibernate: delete from employee_constraints where id=?
2025-10-25T10:10:40.600+09:00 DEBUG 16416 --- [Shift Scheduler Demo] [           main] org.hibernate.SQL                        : delete from employee_constraints where id=?
Hibernate: delete from employee_constraints where id=?
2025-10-25T10:10:40.600+09:00 DEBUG 16416 --- [Shift Scheduler Demo] [           main] org.hibernate.SQL                        : delete from employee_constraints where id=?
Hibernate: delete from employee_constraints where id=?
2025-10-25T10:10:40.600+09:00 DEBUG 16416 --- [Shift Scheduler Demo] [           main] org.hibernate.SQL                        : delete from employee_constraints where id=?
Hibernate: delete from employee_constraints where id=?
2025-10-25T10:10:40.600+09:00 DEBUG 16416 --- [Shift Scheduler Demo] [           main] org.hibernate.SQL                        : delete from employee_constraints where id=?
Hibernate: delete from employee_constraints where id=?
2025-10-25T10:10:40.600+09:00 DEBUG 16416 --- [Shift Scheduler Demo] [           main] org.hibernate.SQL                        : delete from employee_constraints where id=?
Hibernate: delete from employee_constraints where id=?
2025-10-25T10:10:40.600+09:00 DEBUG 16416 --- [Shift Scheduler Demo] [           main] org.hibernate.SQL                        : delete from employee_constraints where id=?
Hibernate: delete from employee_constraints where id=?
2025-10-25T10:10:40.600+09:00 DEBUG 16416 --- [Shift Scheduler Demo] [           main] org.hibernate.SQL                        : delete from employee_constraints where id=?
Hibernate: delete from employee_constraints where id=?
2025-10-25T10:10:40.600+09:00 DEBUG 16416 --- [Shift Scheduler Demo] [           main] org.hibernate.SQL                        : delete from employee_constraints where id=?
Hibernate: delete from employee_constraints where id=?
2025-10-25T10:10:40.600+09:00 DEBUG 16416 --- [Shift Scheduler Demo] [           main] org.hibernate.SQL                        : delete from employee_constraints where id=?
Hibernate: delete from employee_constraints where id=?
2025-10-25T10:10:40.600+09:00 DEBUG 16416 --- [Shift Scheduler Demo] [           main] org.hibernate.SQL                        : delete from employee_constraints where id=?
Hibernate: delete from employee_constraints where id=?
2025-10-25T10:10:40.600+09:00 DEBUG 16416 --- [Shift Scheduler Demo] [           main] org.hibernate.SQL                        : delete from employee_constraints where id=?
Hibernate: delete from employee_constraints where id=?
2025-10-25T10:10:40.600+09:00 DEBUG 16416 --- [Shift Scheduler Demo] [           main] org.hibernate.SQL                        : delete from employee_constraints where id=?
Hibernate: delete from employee_constraints where id=?
2025-10-25T10:10:40.602+09:00 DEBUG 16416 --- [Shift Scheduler Demo] [           main] org.hibernate.SQL                        : delete from employee_constraints where id=?
Hibernate: delete from employee_constraints where id=?
2025-10-25T10:10:40.602+09:00 DEBUG 16416 --- [Shift Scheduler Demo] [           main] org.hibernate.SQL                        : delete from employee_constraints where id=?
Hibernate: delete from employee_constraints where id=?
2025-10-25T10:10:40.602+09:00 DEBUG 16416 --- [Shift Scheduler Demo] [           main] org.hibernate.SQL                        : delete from employee_constraints where id=?
Hibernate: delete from employee_constraints where id=?
2025-10-25T10:10:40.602+09:00 DEBUG 16416 --- [Shift Scheduler Demo] [           main] org.hibernate.SQL                        : delete from employee_constraints where id=?
Hibernate: delete from employee_constraints where id=?
2025-10-25T10:10:40.602+09:00 DEBUG 16416 --- [Shift Scheduler Demo] [           main] org.hibernate.SQL                        : delete from employee_constraints where id=?
Hibernate: delete from employee_constraints where id=?
2025-10-25T10:10:40.602+09:00 DEBUG 16416 --- [Shift Scheduler Demo] [           main] org.hibernate.SQL                        : delete from employee_constraints where id=?
Hibernate: delete from employee_constraints where id=?
2025-10-25T10:10:40.602+09:00 DEBUG 16416 --- [Shift Scheduler Demo] [           main] org.hibernate.SQL                        : delete from employee_constraints where id=?
Hibernate: delete from employee_constraints where id=?
2025-10-25T10:10:40.602+09:00 DEBUG 16416 --- [Shift Scheduler Demo] [           main] org.hibernate.SQL                        : delete from employee_constraints where id=?
Hibernate: delete from employee_constraints where id=?
2025-10-25T10:10:40.602+09:00 DEBUG 16416 --- [Shift Scheduler Demo] [           main] org.hibernate.SQL                        : delete from employee_constraints where id=?
Hibernate: delete from employee_constraints where id=?
2025-10-25T10:10:40.602+09:00 DEBUG 16416 --- [Shift Scheduler Demo] [           main] org.hibernate.SQL                        : delete from employee_constraints where id=?
Hibernate: delete from employee_constraints where id=?
2025-10-25T10:10:40.602+09:00 DEBUG 16416 --- [Shift Scheduler Demo] [           main] org.hibernate.SQL                        : delete from employee_constraints where id=?
Hibernate: delete from employee_constraints where id=?
2025-10-25T10:10:40.602+09:00 DEBUG 16416 --- [Shift Scheduler Demo] [           main] org.hibernate.SQL                        : delete from employee_constraints where id=?
Hibernate: delete from employee_constraints where id=?
2025-10-25T10:10:40.602+09:00 DEBUG 16416 --- [Shift Scheduler Demo] [           main] org.hibernate.SQL                        : delete from employee_constraints where id=?
Hibernate: delete from employee_constraints where id=?
2025-10-25T10:10:40.602+09:00 DEBUG 16416 --- [Shift Scheduler Demo] [           main] org.hibernate.SQL                        : delete from employee_constraints where id=?
Hibernate: delete from employee_constraints where id=?
2025-10-25T10:10:40.602+09:00 DEBUG 16416 --- [Shift Scheduler Demo] [           main] org.hibernate.SQL                        : delete from employee_constraints where id=?
Hibernate: delete from employee_constraints where id=?
2025-10-25T10:10:40.602+09:00 DEBUG 16416 --- [Shift Scheduler Demo] [           main] org.hibernate.SQL                        : delete from employee_constraints where id=?
Hibernate: delete from employee_constraints where id=?
2025-10-25T10:10:40.602+09:00 DEBUG 16416 --- [Shift Scheduler Demo] [           main] org.hibernate.SQL                        : delete from employee_constraints where id=?
Hibernate: delete from employee_constraints where id=?
2025-10-25T10:10:40.602+09:00 DEBUG 16416 --- [Shift Scheduler Demo] [           main] org.hibernate.SQL                        : delete from employee_constraints where id=?
Hibernate: delete from employee_constraints where id=?
2025-10-25T10:10:40.602+09:00 DEBUG 16416 --- [Shift Scheduler Demo] [           main] org.hibernate.SQL                        : delete from employee_constraints where id=?
Hibernate: delete from employee_constraints where id=?
2025-10-25T10:10:40.602+09:00 DEBUG 16416 --- [Shift Scheduler Demo] [           main] org.hibernate.SQL                        : delete from employee_constraints where id=?
Hibernate: delete from employee_constraints where id=?
2025-10-25T10:10:40.602+09:00 DEBUG 16416 --- [Shift Scheduler Demo] [           main] org.hibernate.SQL                        : delete from employee_constraints where id=?
Hibernate: delete from employee_constraints where id=?
2025-10-25T10:10:40.602+09:00 DEBUG 16416 --- [Shift Scheduler Demo] [           main] org.hibernate.SQL                        : delete from employee_constraints where id=?
Hibernate: delete from employee_constraints where id=?
2025-10-25T10:10:40.602+09:00 DEBUG 16416 --- [Shift Scheduler Demo] [           main] org.hibernate.SQL                        : delete from employee_constraints where id=?
Hibernate: delete from employee_constraints where id=?
2025-10-25T10:10:40.602+09:00 DEBUG 16416 --- [Shift Scheduler Demo] [           main] org.hibernate.SQL                        : delete from employee_constraints where id=?
Hibernate: delete from employee_constraints where id=?
2025-10-25T10:10:40.602+09:00 DEBUG 16416 --- [Shift Scheduler Demo] [           main] org.hibernate.SQL                        : delete from employee_constraints where id=?
Hibernate: delete from employee_constraints where id=?
2025-10-25T10:10:40.602+09:00 DEBUG 16416 --- [Shift Scheduler Demo] [           main] org.hibernate.SQL                        : delete from employee_constraints where id=?
Hibernate: delete from employee_constraints where id=?
2025-10-25T10:10:40.602+09:00 DEBUG 16416 --- [Shift Scheduler Demo] [           main] org.hibernate.SQL                        : delete from employee_constraints where id=?
Hibernate: delete from employee_constraints where id=?
2025-10-25T10:10:40.603+09:00 DEBUG 16416 --- [Shift Scheduler Demo] [           main] org.hibernate.SQL                        : select sa1_0.id,sa1_0.employee_id,sa1_0.end_time,sa1_0.shift_name,sa1_0.start_time,sa1_0.work_date from shift_assignments sa1_0 where sa1_0.work_date<? order by sa1_0.work_date desc limit ?
Hibernate: select sa1_0.id,sa1_0.employee_id,sa1_0.end_time,sa1_0.shift_name,sa1_0.start_time,sa1_0.work_date from shift_assignments sa1_0 where sa1_0.work_date<? order by sa1_0.work_date desc limit ?
2025-10-25T10:10:40.605+09:00 DEBUG 16416 --- [Shift Scheduler Demo] [           main] org.hibernate.SQL                        : select sa1_0.id,sa1_0.employee_id,sa1_0.end_time,sa1_0.shift_name,sa1_0.start_time,sa1_0.work_date from shift_assignments sa1_0 where sa1_0.work_date between ? and ?
Hibernate: select sa1_0.id,sa1_0.employee_id,sa1_0.end_time,sa1_0.shift_name,sa1_0.start_time,sa1_0.work_date from shift_assignments sa1_0 where sa1_0.work_date between ? and ?
2025-10-25T10:10:40.605+09:00  INFO 16416 --- [Shift Scheduler Demo] [           main] c.e.shiftv1.schedule.ScheduleService     : 登録従業員数: 30名
2025-10-25T10:10:40.607+09:00 DEBUG 16416 --- [Shift Scheduler Demo] [           main] org.hibernate.SQL                        : select sa1_0.id,sa1_0.employee_id,sa1_0.end_time,sa1_0.shift_name,sa1_0.start_time,sa1_0.work_date from shift_assignments sa1_0 where sa1_0.work_date=?
Hibernate: select sa1_0.id,sa1_0.employee_id,sa1_0.end_time,sa1_0.shift_name,sa1_0.start_time,sa1_0.work_date from shift_assignments sa1_0 where sa1_0.work_date=?
2025-10-25T10:10:40.609+09:00 DEBUG 16416 --- [Shift Scheduler Demo] [           main] org.hibernate.SQL                        : select sa1_0.id,sa1_0.employee_id,sa1_0.end_time,sa1_0.shift_name,sa1_0.start_time,sa1_0.work_date from shift_assignments sa1_0 where sa1_0.work_date=?
Hibernate: select sa1_0.id,sa1_0.employee_id,sa1_0.end_time,sa1_0.shift_name,sa1_0.start_time,sa1_0.work_date from shift_assignments sa1_0 where sa1_0.work_date=?
2025-10-25T10:10:40.610+09:00 DEBUG 16416 --- [Shift Scheduler Demo] [           main] org.hibernate.SQL                        : select sa1_0.id,sa1_0.employee_id,sa1_0.end_time,sa1_0.shift_name,sa1_0.start_time,sa1_0.work_date from shift_assignments sa1_0 where sa1_0.work_date=?
Hibernate: select sa1_0.id,sa1_0.employee_id,sa1_0.end_time,sa1_0.shift_name,sa1_0.start_time,sa1_0.work_date from shift_assignments sa1_0 where sa1_0.work_date=?
2025-10-25T10:10:40.613+09:00 DEBUG 16416 --- [Shift Scheduler Demo] [           main] org.hibernate.SQL                        : select sa1_0.id,sa1_0.employee_id,sa1_0.end_time,sa1_0.shift_name,sa1_0.start_time,sa1_0.work_date from shift_assignments sa1_0 where sa1_0.work_date=?
Hibernate: select sa1_0.id,sa1_0.employee_id,sa1_0.end_time,sa1_0.shift_name,sa1_0.start_time,sa1_0.work_date from shift_assignments sa1_0 where sa1_0.work_date=?
2025-10-25T10:10:40.615+09:00 DEBUG 16416 --- [Shift Scheduler Demo] [           main] org.hibernate.SQL                        : select sa1_0.id,sa1_0.employee_id,sa1_0.end_time,sa1_0.shift_name,sa1_0.start_time,sa1_0.work_date from shift_assignments sa1_0 where sa1_0.work_date=?
Hibernate: select sa1_0.id,sa1_0.employee_id,sa1_0.end_time,sa1_0.shift_name,sa1_0.start_time,sa1_0.work_date from shift_assignments sa1_0 where sa1_0.work_date=?
2025-10-25T10:10:40.617+09:00 DEBUG 16416 --- [Shift Scheduler Demo] [           main] org.hibernate.SQL                        : select sa1_0.id,sa1_0.employee_id,sa1_0.end_time,sa1_0.shift_name,sa1_0.start_time,sa1_0.work_date from shift_assignments sa1_0 where sa1_0.work_date=?
Hibernate: select sa1_0.id,sa1_0.employee_id,sa1_0.end_time,sa1_0.shift_name,sa1_0.start_time,sa1_0.work_date from shift_assignments sa1_0 where sa1_0.work_date=?
2025-10-25T10:10:40.619+09:00 DEBUG 16416 --- [Shift Scheduler Demo] [           main] org.hibernate.SQL                        : select sa1_0.id,sa1_0.employee_id,sa1_0.end_time,sa1_0.shift_name,sa1_0.start_time,sa1_0.work_date from shift_assignments sa1_0 where sa1_0.work_date=?
Hibernate: select sa1_0.id,sa1_0.employee_id,sa1_0.end_time,sa1_0.shift_name,sa1_0.start_time,sa1_0.work_date from shift_assignments sa1_0 where sa1_0.work_date=?
2025-10-25T10:10:40.622+09:00 DEBUG 16416 --- [Shift Scheduler Demo] [           main] org.hibernate.SQL                        : select sa1_0.id,sa1_0.employee_id,sa1_0.end_time,sa1_0.shift_name,sa1_0.start_time,sa1_0.work_date from shift_assignments sa1_0 where sa1_0.work_date=?
Hibernate: select sa1_0.id,sa1_0.employee_id,sa1_0.end_time,sa1_0.shift_name,sa1_0.start_time,sa1_0.work_date from shift_assignments sa1_0 where sa1_0.work_date=?
2025-10-25T10:10:40.624+09:00 DEBUG 16416 --- [Shift Scheduler Demo] [           main] org.hibernate.SQL                        : select sa1_0.id,sa1_0.employee_id,sa1_0.end_time,sa1_0.shift_name,sa1_0.start_time,sa1_0.work_date from shift_assignments sa1_0 where sa1_0.work_date=?
Hibernate: select sa1_0.id,sa1_0.employee_id,sa1_0.end_time,sa1_0.shift_name,sa1_0.start_time,sa1_0.work_date from shift_assignments sa1_0 where sa1_0.work_date=?
2025-10-25T10:10:40.626+09:00 DEBUG 16416 --- [Shift Scheduler Demo] [           main] org.hibernate.SQL                        : select sa1_0.id,sa1_0.employee_id,sa1_0.end_time,sa1_0.shift_name,sa1_0.start_time,sa1_0.work_date from shift_assignments sa1_0 where sa1_0.work_date=?
Hibernate: select sa1_0.id,sa1_0.employee_id,sa1_0.end_time,sa1_0.shift_name,sa1_0.start_time,sa1_0.work_date from shift_assignments sa1_0 where sa1_0.work_date=?
2025-10-25T10:10:40.629+09:00 DEBUG 16416 --- [Shift Scheduler Demo] [           main] org.hibernate.SQL                        : select sa1_0.id,sa1_0.employee_id,sa1_0.end_time,sa1_0.shift_name,sa1_0.start_time,sa1_0.work_date from shift_assignments sa1_0 where sa1_0.work_date=?
Hibernate: select sa1_0.id,sa1_0.employee_id,sa1_0.end_time,sa1_0.shift_name,sa1_0.start_time,sa1_0.work_date from shift_assignments sa1_0 where sa1_0.work_date=?
2025-10-25T10:10:40.632+09:00 DEBUG 16416 --- [Shift Scheduler Demo] [           main] org.hibernate.SQL                        : select sa1_0.id,sa1_0.employee_id,sa1_0.end_time,sa1_0.shift_name,sa1_0.start_time,sa1_0.work_date from shift_assignments sa1_0 where sa1_0.work_date=?
Hibernate: select sa1_0.id,sa1_0.employee_id,sa1_0.end_time,sa1_0.shift_name,sa1_0.start_time,sa1_0.work_date from shift_assignments sa1_0 where sa1_0.work_date=?
2025-10-25T10:10:40.634+09:00 DEBUG 16416 --- [Shift Scheduler Demo] [           main] org.hibernate.SQL                        : select sa1_0.id,sa1_0.employee_id,sa1_0.end_time,sa1_0.shift_name,sa1_0.start_time,sa1_0.work_date from shift_assignments sa1_0 where sa1_0.work_date=?
Hibernate: select sa1_0.id,sa1_0.employee_id,sa1_0.end_time,sa1_0.shift_name,sa1_0.start_time,sa1_0.work_date from shift_assignments sa1_0 where sa1_0.work_date=?
2025-10-25T10:10:40.636+09:00 DEBUG 16416 --- [Shift Scheduler Demo] [           main] org.hibernate.SQL                        : select sa1_0.id,sa1_0.employee_id,sa1_0.end_time,sa1_0.shift_name,sa1_0.start_time,sa1_0.work_date from shift_assignments sa1_0 where sa1_0.work_date=?
Hibernate: select sa1_0.id,sa1_0.employee_id,sa1_0.end_time,sa1_0.shift_name,sa1_0.start_time,sa1_0.work_date from shift_assignments sa1_0 where sa1_0.work_date=?
2025-10-25T10:10:40.637+09:00 DEBUG 16416 --- [Shift Scheduler Demo] [           main] org.hibernate.SQL                        : select sa1_0.id,sa1_0.employee_id,sa1_0.end_time,sa1_0.shift_name,sa1_0.start_time,sa1_0.work_date from shift_assignments sa1_0 where sa1_0.work_date=?
Hibernate: select sa1_0.id,sa1_0.employee_id,sa1_0.end_time,sa1_0.shift_name,sa1_0.start_time,sa1_0.work_date from shift_assignments sa1_0 where sa1_0.work_date=?
2025-10-25T10:10:40.640+09:00 DEBUG 16416 --- [Shift Scheduler Demo] [           main] org.hibernate.SQL                        : select sa1_0.id,sa1_0.employee_id,sa1_0.end_time,sa1_0.shift_name,sa1_0.start_time,sa1_0.work_date from shift_assignments sa1_0 where sa1_0.work_date=?
Hibernate: select sa1_0.id,sa1_0.employee_id,sa1_0.end_time,sa1_0.shift_name,sa1_0.start_time,sa1_0.work_date from shift_assignments sa1_0 where sa1_0.work_date=?
2025-10-25T10:10:40.642+09:00 DEBUG 16416 --- [Shift Scheduler Demo] [           main] org.hibernate.SQL                        : select sa1_0.id,sa1_0.employee_id,sa1_0.end_time,sa1_0.shift_name,sa1_0.start_time,sa1_0.work_date from shift_assignments sa1_0 where sa1_0.work_date=?
Hibernate: select sa1_0.id,sa1_0.employee_id,sa1_0.end_time,sa1_0.shift_name,sa1_0.start_time,sa1_0.work_date from shift_assignments sa1_0 where sa1_0.work_date=?
2025-10-25T10:10:40.643+09:00 DEBUG 16416 --- [Shift Scheduler Demo] [           main] org.hibernate.SQL                        : select sa1_0.id,sa1_0.employee_id,sa1_0.end_time,sa1_0.shift_name,sa1_0.start_time,sa1_0.work_date from shift_assignments sa1_0 where sa1_0.work_date=?
Hibernate: select sa1_0.id,sa1_0.employee_id,sa1_0.end_time,sa1_0.shift_name,sa1_0.start_time,sa1_0.work_date from shift_assignments sa1_0 where sa1_0.work_date=?
2025-10-25T10:10:40.643+09:00 DEBUG 16416 --- [Shift Scheduler Demo] [           main] org.hibernate.SQL                        : select sa1_0.id,sa1_0.employee_id,sa1_0.end_time,sa1_0.shift_name,sa1_0.start_time,sa1_0.work_date from shift_assignments sa1_0 where sa1_0.work_date=?
Hibernate: select sa1_0.id,sa1_0.employee_id,sa1_0.end_time,sa1_0.shift_name,sa1_0.start_time,sa1_0.work_date from shift_assignments sa1_0 where sa1_0.work_date=?
2025-10-25T10:10:40.650+09:00 DEBUG 16416 --- [Shift Scheduler Demo] [           main] org.hibernate.SQL                        : select sa1_0.id,sa1_0.employee_id,sa1_0.end_time,sa1_0.shift_name,sa1_0.start_time,sa1_0.work_date from shift_assignments sa1_0 where sa1_0.work_date=?
Hibernate: select sa1_0.id,sa1_0.employee_id,sa1_0.end_time,sa1_0.shift_name,sa1_0.start_time,sa1_0.work_date from shift_assignments sa1_0 where sa1_0.work_date=?
2025-10-25T10:10:40.652+09:00 DEBUG 16416 --- [Shift Scheduler Demo] [           main] org.hibernate.SQL                        : select sa1_0.id,sa1_0.employee_id,sa1_0.end_time,sa1_0.shift_name,sa1_0.start_time,sa1_0.work_date from shift_assignments sa1_0 where sa1_0.work_date=?
Hibernate: select sa1_0.id,sa1_0.employee_id,sa1_0.end_time,sa1_0.shift_name,sa1_0.start_time,sa1_0.work_date from shift_assignments sa1_0 where sa1_0.work_date=?
2025-10-25T10:10:40.654+09:00 DEBUG 16416 --- [Shift Scheduler Demo] [           main] org.hibernate.SQL                        : select sa1_0.id,sa1_0.employee_id,sa1_0.end_time,sa1_0.shift_name,sa1_0.start_time,sa1_0.work_date from shift_assignments sa1_0 where sa1_0.work_date=?
Hibernate: select sa1_0.id,sa1_0.employee_id,sa1_0.end_time,sa1_0.shift_name,sa1_0.start_time,sa1_0.work_date from shift_assignments sa1_0 where sa1_0.work_date=?
2025-10-25T10:10:40.657+09:00 DEBUG 16416 --- [Shift Scheduler Demo] [           main] org.hibernate.SQL                        : select sa1_0.id,sa1_0.employee_id,sa1_0.end_time,sa1_0.shift_name,sa1_0.start_time,sa1_0.work_date from shift_assignments sa1_0 where sa1_0.work_date=?
Hibernate: select sa1_0.id,sa1_0.employee_id,sa1_0.end_time,sa1_0.shift_name,sa1_0.start_time,sa1_0.work_date from shift_assignments sa1_0 where sa1_0.work_date=?
2025-10-25T10:10:40.659+09:00 DEBUG 16416 --- [Shift Scheduler Demo] [           main] org.hibernate.SQL                        : select sa1_0.id,sa1_0.employee_id,sa1_0.end_time,sa1_0.shift_name,sa1_0.start_time,sa1_0.work_date from shift_assignments sa1_0 where sa1_0.work_date=?
Hibernate: select sa1_0.id,sa1_0.employee_id,sa1_0.end_time,sa1_0.shift_name,sa1_0.start_time,sa1_0.work_date from shift_assignments sa1_0 where sa1_0.work_date=?
2025-10-25T10:10:40.661+09:00 DEBUG 16416 --- [Shift Scheduler Demo] [           main] org.hibernate.SQL                        : select sa1_0.id,sa1_0.employee_id,sa1_0.end_time,sa1_0.shift_name,sa1_0.start_time,sa1_0.work_date from shift_assignments sa1_0 where sa1_0.work_date=?
Hibernate: select sa1_0.id,sa1_0.employee_id,sa1_0.end_time,sa1_0.shift_name,sa1_0.start_time,sa1_0.work_date from shift_assignments sa1_0 where sa1_0.work_date=?
2025-10-25T10:10:40.664+09:00 DEBUG 16416 --- [Shift Scheduler Demo] [           main] org.hibernate.SQL                        : select sa1_0.id,sa1_0.employee_id,sa1_0.end_time,sa1_0.shift_name,sa1_0.start_time,sa1_0.work_date from shift_assignments sa1_0 where sa1_0.work_date=?
Hibernate: select sa1_0.id,sa1_0.employee_id,sa1_0.end_time,sa1_0.shift_name,sa1_0.start_time,sa1_0.work_date from shift_assignments sa1_0 where sa1_0.work_date=?
2025-10-25T10:10:40.666+09:00 DEBUG 16416 --- [Shift Scheduler Demo] [           main] org.hibernate.SQL                        : select sa1_0.id,sa1_0.employee_id,sa1_0.end_time,sa1_0.shift_name,sa1_0.start_time,sa1_0.work_date from shift_assignments sa1_0 where sa1_0.work_date=?
Hibernate: select sa1_0.id,sa1_0.employee_id,sa1_0.end_time,sa1_0.shift_name,sa1_0.start_time,sa1_0.work_date from shift_assignments sa1_0 where sa1_0.work_date=?
2025-10-25T10:10:40.668+09:00 DEBUG 16416 --- [Shift Scheduler Demo] [           main] org.hibernate.SQL                        : select sa1_0.id,sa1_0.employee_id,sa1_0.end_time,sa1_0.shift_name,sa1_0.start_time,sa1_0.work_date from shift_assignments sa1_0 where sa1_0.work_date=?
Hibernate: select sa1_0.id,sa1_0.employee_id,sa1_0.end_time,sa1_0.shift_name,sa1_0.start_time,sa1_0.work_date from shift_assignments sa1_0 where sa1_0.work_date=?
2025-10-25T10:10:40.670+09:00 DEBUG 16416 --- [Shift Scheduler Demo] [           main] org.hibernate.SQL                        : select sa1_0.id,sa1_0.employee_id,sa1_0.end_time,sa1_0.shift_name,sa1_0.start_time,sa1_0.work_date from shift_assignments sa1_0 where sa1_0.work_date=?
Hibernate: select sa1_0.id,sa1_0.employee_id,sa1_0.end_time,sa1_0.shift_name,sa1_0.start_time,sa1_0.work_date from shift_assignments sa1_0 where sa1_0.work_date=?
2025-10-25T10:10:40.672+09:00 DEBUG 16416 --- [Shift Scheduler Demo] [           main] org.hibernate.SQL                        : select sa1_0.id,sa1_0.employee_id,sa1_0.end_time,sa1_0.shift_name,sa1_0.start_time,sa1_0.work_date from shift_assignments sa1_0 where sa1_0.work_date=?
Hibernate: select sa1_0.id,sa1_0.employee_id,sa1_0.end_time,sa1_0.shift_name,sa1_0.start_time,sa1_0.work_date from shift_assignments sa1_0 where sa1_0.work_date=?
2025-10-25T10:10:40.673+09:00 DEBUG 16416 --- [Shift Scheduler Demo] [           main] org.hibernate.SQL                        : select sa1_0.id,sa1_0.employee_id,sa1_0.end_time,sa1_0.shift_name,sa1_0.start_time,sa1_0.work_date from shift_assignments sa1_0 where sa1_0.work_date=?
Hibernate: select sa1_0.id,sa1_0.employee_id,sa1_0.end_time,sa1_0.shift_name,sa1_0.start_time,sa1_0.work_date from shift_assignments sa1_0 where sa1_0.work_date=?
2025-10-25T10:10:40.674+09:00  INFO 16416 --- [Shift Scheduler Demo] [           main] c.e.shiftv1.schedule.ScheduleService     : 既存のシフト割り当てを削除しました: 2024-07-01 から 2024-07-31
2025-10-25T10:10:40.675+09:00 DEBUG 16416 --- [Shift Scheduler Demo] [           main] org.hibernate.SQL                        : select sc1_0.id,sc1_0.is_active,sc1_0.created_at,sc1_0.day_of_week,sc1_0.end_time,sc1_0.is_holiday,sc1_0.name,sc1_0.required_employees,sc1_0.required_skill_id,sc1_0.start_time,sc1_0.updated_at from shift_config sc1_0 where sc1_0.is_active=1
Hibernate: select sc1_0.id,sc1_0.is_active,sc1_0.created_at,sc1_0.day_of_week,sc1_0.end_time,sc1_0.is_holiday,sc1_0.name,sc1_0.required_employees,sc1_0.required_skill_id,sc1_0.start_time,sc1_0.updated_at from shift_config sc1_0 where sc1_0.is_active=1
2025-10-25T10:10:40.676+09:00 DEBUG 16416 --- [Shift Scheduler Demo] [           main] org.hibernate.SQL                        : select d1_0.shift_config_id,d1_0.day_of_week from shift_config_days d1_0 where d1_0.shift_config_id=?
Hibernate: select d1_0.shift_config_id,d1_0.day_of_week from shift_config_days d1_0 where d1_0.shift_config_id=?
2025-10-25T10:10:40.679+09:00 DEBUG 16416 --- [Shift Scheduler Demo] [           main] org.hibernate.SQL                        : select ec1_0.id,ec1_0.is_active,ec1_0.created_at,ec1_0.date,ec1_0.employee_id,ec1_0.end_time,ec1_0.reason,ec1_0.start_time,ec1_0.type,ec1_0.updated_at from employee_constraints ec1_0 where ec1_0.date between ? and ? and ec1_0.is_active=1
Hibernate: select ec1_0.id,ec1_0.is_active,ec1_0.created_at,ec1_0.date,ec1_0.employee_id,ec1_0.end_time,ec1_0.reason,ec1_0.start_time,ec1_0.type,ec1_0.updated_at from employee_constraints ec1_0 where ec1_0.date between ? and ? and ec1_0.is_active=1
2025-10-25T10:10:40.680+09:00 DEBUG 16416 --- [Shift Scheduler Demo] [           main] org.hibernate.SQL                        : select h1_0.date from holidays h1_0 where h1_0.date between ? and ?
Hibernate: select h1_0.date from holidays h1_0 where h1_0.date between ? and ?
2025-10-25T10:10:40.681+09:00 DEBUG 16416 --- [Shift Scheduler Demo] [           main] org.hibernate.SQL                        : select di1_0.id,di1_0.is_active,di1_0.created_at,di1_0.date,di1_0.day_of_week,di1_0.end_time,di1_0.required_seats,di1_0.skill_id,di1_0.sort_order,di1_0.start_time,di1_0.updated_at from demand_intervals di1_0 where (di1_0.date=? or (di1_0.date is null and di1_0.day_of_week=?)) and (di1_0.is_active=1 or di1_0.is_active is null) and di1_0.skill_id is not null
Hibernate: select di1_0.id,di1_0.is_active,di1_0.created_at,di1_0.date,di1_0.day_of_week,di1_0.end_time,di1_0.required_seats,di1_0.skill_id,di1_0.sort_order,di1_0.start_time,di1_0.updated_at from demand_intervals di1_0 where (di1_0.date=? or (di1_0.date is null and di1_0.day_of_week=?)) and (di1_0.is_active=1 or di1_0.is_active is null) and di1_0.skill_id is not null
2025-10-25T10:10:40.683+09:00 DEBUG 16416 --- [Shift Scheduler Demo] [           main] org.hibernate.SQL                        : select di1_0.id,di1_0.is_active,di1_0.created_at,di1_0.date,di1_0.day_of_week,di1_0.end_time,di1_0.required_seats,di1_0.skill_id,di1_0.sort_order,di1_0.start_time,di1_0.updated_at from demand_intervals di1_0 where (di1_0.date=? or (di1_0.date is null and di1_0.day_of_week=?)) and (di1_0.is_active=1 or di1_0.is_active is null) and di1_0.skill_id is not null
Hibernate: select di1_0.id,di1_0.is_active,di1_0.created_at,di1_0.date,di1_0.day_of_week,di1_0.end_time,di1_0.required_seats,di1_0.skill_id,di1_0.sort_order,di1_0.start_time,di1_0.updated_at from demand_intervals di1_0 where (di1_0.date=? or (di1_0.date is null and di1_0.day_of_week=?)) and (di1_0.is_active=1 or di1_0.is_active is null) and di1_0.skill_id is not null
2025-10-25T10:10:40.685+09:00 DEBUG 16416 --- [Shift Scheduler Demo] [           main] org.hibernate.SQL                        : select di1_0.id,di1_0.is_active,di1_0.created_at,di1_0.date,di1_0.day_of_week,di1_0.end_time,di1_0.required_seats,di1_0.skill_id,di1_0.sort_order,di1_0.start_time,di1_0.updated_at from demand_intervals di1_0 where (di1_0.date=? or (di1_0.date is null and di1_0.day_of_week=?)) and (di1_0.is_active=1 or di1_0.is_active is null) and di1_0.skill_id is not null
Hibernate: select di1_0.id,di1_0.is_active,di1_0.created_at,di1_0.date,di1_0.day_of_week,di1_0.end_time,di1_0.required_seats,di1_0.skill_id,di1_0.sort_order,di1_0.start_time,di1_0.updated_at from demand_intervals di1_0 where (di1_0.date=? or (di1_0.date is null and di1_0.day_of_week=?)) and (di1_0.is_active=1 or di1_0.is_active is null) and di1_0.skill_id is not null
2025-10-25T10:10:40.687+09:00 DEBUG 16416 --- [Shift Scheduler Demo] [           main] org.hibernate.SQL                        : select di1_0.id,di1_0.is_active,di1_0.created_at,di1_0.date,di1_0.day_of_week,di1_0.end_time,di1_0.required_seats,di1_0.skill_id,di1_0.sort_order,di1_0.start_time,di1_0.updated_at from demand_intervals di1_0 where (di1_0.date=? or (di1_0.date is null and di1_0.day_of_week=?)) and (di1_0.is_active=1 or di1_0.is_active is null) and di1_0.skill_id is not null
Hibernate: select di1_0.id,di1_0.is_active,di1_0.created_at,di1_0.date,di1_0.day_of_week,di1_0.end_time,di1_0.required_seats,di1_0.skill_id,di1_0.sort_order,di1_0.start_time,di1_0.updated_at from demand_intervals di1_0 where (di1_0.date=? or (di1_0.date is null and di1_0.day_of_week=?)) and (di1_0.is_active=1 or di1_0.is_active is null) and di1_0.skill_id is not null
2025-10-25T10:10:40.691+09:00 DEBUG 16416 --- [Shift Scheduler Demo] [           main] org.hibernate.SQL                        : select di1_0.id,di1_0.is_active,di1_0.created_at,di1_0.date,di1_0.day_of_week,di1_0.end_time,di1_0.required_seats,di1_0.skill_id,di1_0.sort_order,di1_0.start_time,di1_0.updated_at from demand_intervals di1_0 where (di1_0.date=? or (di1_0.date is null and di1_0.day_of_week=?)) and (di1_0.is_active=1 or di1_0.is_active is null) and di1_0.skill_id is not null
Hibernate: select di1_0.id,di1_0.is_active,di1_0.created_at,di1_0.date,di1_0.day_of_week,di1_0.end_time,di1_0.required_seats,di1_0.skill_id,di1_0.sort_order,di1_0.start_time,di1_0.updated_at from demand_intervals di1_0 where (di1_0.date=? or (di1_0.date is null and di1_0.day_of_week=?)) and (di1_0.is_active=1 or di1_0.is_active is null) and di1_0.skill_id is not null
2025-10-25T10:10:40.695+09:00 DEBUG 16416 --- [Shift Scheduler Demo] [           main] org.hibernate.SQL                        : select di1_0.id,di1_0.is_active,di1_0.created_at,di1_0.date,di1_0.day_of_week,di1_0.end_time,di1_0.required_seats,di1_0.skill_id,di1_0.sort_order,di1_0.start_time,di1_0.updated_at from demand_intervals di1_0 where (di1_0.date=? or (di1_0.date is null and di1_0.day_of_week=?)) and (di1_0.is_active=1 or di1_0.is_active is null) and di1_0.skill_id is not null
Hibernate: select di1_0.id,di1_0.is_active,di1_0.created_at,di1_0.date,di1_0.day_of_week,di1_0.end_time,di1_0.required_seats,di1_0.skill_id,di1_0.sort_order,di1_0.start_time,di1_0.updated_at from demand_intervals di1_0 where (di1_0.date=? or (di1_0.date is null and di1_0.day_of_week=?)) and (di1_0.is_active=1 or di1_0.is_active is null) and di1_0.skill_id is not null
2025-10-25T10:10:40.697+09:00 DEBUG 16416 --- [Shift Scheduler Demo] [           main] org.hibernate.SQL                        : select di1_0.id,di1_0.is_active,di1_0.created_at,di1_0.date,di1_0.day_of_week,di1_0.end_time,di1_0.required_seats,di1_0.skill_id,di1_0.sort_order,di1_0.start_time,di1_0.updated_at from demand_intervals di1_0 where (di1_0.date=? or (di1_0.date is null and di1_0.day_of_week=?)) and (di1_0.is_active=1 or di1_0.is_active is null) and di1_0.skill_id is not null
Hibernate: select di1_0.id,di1_0.is_active,di1_0.created_at,di1_0.date,di1_0.day_of_week,di1_0.end_time,di1_0.required_seats,di1_0.skill_id,di1_0.sort_order,di1_0.start_time,di1_0.updated_at from demand_intervals di1_0 where (di1_0.date=? or (di1_0.date is null and di1_0.day_of_week=?)) and (di1_0.is_active=1 or di1_0.is_active is null) and di1_0.skill_id is not null
2025-10-25T10:10:40.700+09:00 DEBUG 16416 --- [Shift Scheduler Demo] [           main] org.hibernate.SQL                        : select di1_0.id,di1_0.is_active,di1_0.created_at,di1_0.date,di1_0.day_of_week,di1_0.end_time,di1_0.required_seats,di1_0.skill_id,di1_0.sort_order,di1_0.start_time,di1_0.updated_at from demand_intervals di1_0 where (di1_0.date=? or (di1_0.date is null and di1_0.day_of_week=?)) and (di1_0.is_active=1 or di1_0.is_active is null) and di1_0.skill_id is not null
Hibernate: select di1_0.id,di1_0.is_active,di1_0.created_at,di1_0.date,di1_0.day_of_week,di1_0.end_time,di1_0.required_seats,di1_0.skill_id,di1_0.sort_order,di1_0.start_time,di1_0.updated_at from demand_intervals di1_0 where (di1_0.date=? or (di1_0.date is null and di1_0.day_of_week=?)) and (di1_0.is_active=1 or di1_0.is_active is null) and di1_0.skill_id is not null
2025-10-25T10:10:40.701+09:00 DEBUG 16416 --- [Shift Scheduler Demo] [           main] org.hibernate.SQL                        : select di1_0.id,di1_0.is_active,di1_0.created_at,di1_0.date,di1_0.day_of_week,di1_0.end_time,di1_0.required_seats,di1_0.skill_id,di1_0.sort_order,di1_0.start_time,di1_0.updated_at from demand_intervals di1_0 where (di1_0.date=? or (di1_0.date is null and di1_0.day_of_week=?)) and (di1_0.is_active=1 or di1_0.is_active is null) and di1_0.skill_id is not null
Hibernate: select di1_0.id,di1_0.is_active,di1_0.created_at,di1_0.date,di1_0.day_of_week,di1_0.end_time,di1_0.required_seats,di1_0.skill_id,di1_0.sort_order,di1_0.start_time,di1_0.updated_at from demand_intervals di1_0 where (di1_0.date=? or (di1_0.date is null and di1_0.day_of_week=?)) and (di1_0.is_active=1 or di1_0.is_active is null) and di1_0.skill_id is not null
2025-10-25T10:10:40.704+09:00 DEBUG 16416 --- [Shift Scheduler Demo] [           main] org.hibernate.SQL                        : select di1_0.id,di1_0.is_active,di1_0.created_at,di1_0.date,di1_0.day_of_week,di1_0.end_time,di1_0.required_seats,di1_0.skill_id,di1_0.sort_order,di1_0.start_time,di1_0.updated_at from demand_intervals di1_0 where (di1_0.date=? or (di1_0.date is null and di1_0.day_of_week=?)) and (di1_0.is_active=1 or di1_0.is_active is null) and di1_0.skill_id is not null
Hibernate: select di1_0.id,di1_0.is_active,di1_0.created_at,di1_0.date,di1_0.day_of_week,di1_0.end_time,di1_0.required_seats,di1_0.skill_id,di1_0.sort_order,di1_0.start_time,di1_0.updated_at from demand_intervals di1_0 where (di1_0.date=? or (di1_0.date is null and di1_0.day_of_week=?)) and (di1_0.is_active=1 or di1_0.is_active is null) and di1_0.skill_id is not null
2025-10-25T10:10:40.706+09:00 DEBUG 16416 --- [Shift Scheduler Demo] [           main] org.hibernate.SQL                        : select di1_0.id,di1_0.is_active,di1_0.created_at,di1_0.date,di1_0.day_of_week,di1_0.end_time,di1_0.required_seats,di1_0.skill_id,di1_0.sort_order,di1_0.start_time,di1_0.updated_at from demand_intervals di1_0 where (di1_0.date=? or (di1_0.date is null and di1_0.day_of_week=?)) and (di1_0.is_active=1 or di1_0.is_active is null) and di1_0.skill_id is not null
Hibernate: select di1_0.id,di1_0.is_active,di1_0.created_at,di1_0.date,di1_0.day_of_week,di1_0.end_time,di1_0.required_seats,di1_0.skill_id,di1_0.sort_order,di1_0.start_time,di1_0.updated_at from demand_intervals di1_0 where (di1_0.date=? or (di1_0.date is null and di1_0.day_of_week=?)) and (di1_0.is_active=1 or di1_0.is_active is null) and di1_0.skill_id is not null
2025-10-25T10:10:40.707+09:00 DEBUG 16416 --- [Shift Scheduler Demo] [           main] org.hibernate.SQL                        : select di1_0.id,di1_0.is_active,di1_0.created_at,di1_0.date,di1_0.day_of_week,di1_0.end_time,di1_0.required_seats,di1_0.skill_id,di1_0.sort_order,di1_0.start_time,di1_0.updated_at from demand_intervals di1_0 where (di1_0.date=? or (di1_0.date is null and di1_0.day_of_week=?)) and (di1_0.is_active=1 or di1_0.is_active is null) and di1_0.skill_id is not null
Hibernate: select di1_0.id,di1_0.is_active,di1_0.created_at,di1_0.date,di1_0.day_of_week,di1_0.end_time,di1_0.required_seats,di1_0.skill_id,di1_0.sort_order,di1_0.start_time,di1_0.updated_at from demand_intervals di1_0 where (di1_0.date=? or (di1_0.date is null and di1_0.day_of_week=?)) and (di1_0.is_active=1 or di1_0.is_active is null) and di1_0.skill_id is not null
2025-10-25T10:10:40.710+09:00 DEBUG 16416 --- [Shift Scheduler Demo] [           main] org.hibernate.SQL                        : select di1_0.id,di1_0.is_active,di1_0.created_at,di1_0.date,di1_0.day_of_week,di1_0.end_time,di1_0.required_seats,di1_0.skill_id,di1_0.sort_order,di1_0.start_time,di1_0.updated_at from demand_intervals di1_0 where (di1_0.date=? or (di1_0.date is null and di1_0.day_of_week=?)) and (di1_0.is_active=1 or di1_0.is_active is null) and di1_0.skill_id is not null
Hibernate: select di1_0.id,di1_0.is_active,di1_0.created_at,di1_0.date,di1_0.day_of_week,di1_0.end_time,di1_0.required_seats,di1_0.skill_id,di1_0.sort_order,di1_0.start_time,di1_0.updated_at from demand_intervals di1_0 where (di1_0.date=? or (di1_0.date is null and di1_0.day_of_week=?)) and (di1_0.is_active=1 or di1_0.is_active is null) and di1_0.skill_id is not null
2025-10-25T10:10:40.713+09:00 DEBUG 16416 --- [Shift Scheduler Demo] [           main] org.hibernate.SQL                        : select di1_0.id,di1_0.is_active,di1_0.created_at,di1_0.date,di1_0.day_of_week,di1_0.end_time,di1_0.required_seats,di1_0.skill_id,di1_0.sort_order,di1_0.start_time,di1_0.updated_at from demand_intervals di1_0 where (di1_0.date=? or (di1_0.date is null and di1_0.day_of_week=?)) and (di1_0.is_active=1 or di1_0.is_active is null) and di1_0.skill_id is not null
Hibernate: select di1_0.id,di1_0.is_active,di1_0.created_at,di1_0.date,di1_0.day_of_week,di1_0.end_time,di1_0.required_seats,di1_0.skill_id,di1_0.sort_order,di1_0.start_time,di1_0.updated_at from demand_intervals di1_0 where (di1_0.date=? or (di1_0.date is null and di1_0.day_of_week=?)) and (di1_0.is_active=1 or di1_0.is_active is null) and di1_0.skill_id is not null
2025-10-25T10:10:40.717+09:00 DEBUG 16416 --- [Shift Scheduler Demo] [           main] org.hibernate.SQL                        : select di1_0.id,di1_0.is_active,di1_0.created_at,di1_0.date,di1_0.day_of_week,di1_0.end_time,di1_0.required_seats,di1_0.skill_id,di1_0.sort_order,di1_0.start_time,di1_0.updated_at from demand_intervals di1_0 where (di1_0.date=? or (di1_0.date is null and di1_0.day_of_week=?)) and (di1_0.is_active=1 or di1_0.is_active is null) and di1_0.skill_id is not null
Hibernate: select di1_0.id,di1_0.is_active,di1_0.created_at,di1_0.date,di1_0.day_of_week,di1_0.end_time,di1_0.required_seats,di1_0.skill_id,di1_0.sort_order,di1_0.start_time,di1_0.updated_at from demand_intervals di1_0 where (di1_0.date=? or (di1_0.date is null and di1_0.day_of_week=?)) and (di1_0.is_active=1 or di1_0.is_active is null) and di1_0.skill_id is not null
2025-10-25T10:10:40.719+09:00 DEBUG 16416 --- [Shift Scheduler Demo] [           main] org.hibernate.SQL                        : select di1_0.id,di1_0.is_active,di1_0.created_at,di1_0.date,di1_0.day_of_week,di1_0.end_time,di1_0.required_seats,di1_0.skill_id,di1_0.sort_order,di1_0.start_time,di1_0.updated_at from demand_intervals di1_0 where (di1_0.date=? or (di1_0.date is null and di1_0.day_of_week=?)) and (di1_0.is_active=1 or di1_0.is_active is null) and di1_0.skill_id is not null
Hibernate: select di1_0.id,di1_0.is_active,di1_0.created_at,di1_0.date,di1_0.day_of_week,di1_0.end_time,di1_0.required_seats,di1_0.skill_id,di1_0.sort_order,di1_0.start_time,di1_0.updated_at from demand_intervals di1_0 where (di1_0.date=? or (di1_0.date is null and di1_0.day_of_week=?)) and (di1_0.is_active=1 or di1_0.is_active is null) and di1_0.skill_id is not null
2025-10-25T10:10:40.720+09:00 DEBUG 16416 --- [Shift Scheduler Demo] [           main] org.hibernate.SQL                        : select di1_0.id,di1_0.is_active,di1_0.created_at,di1_0.date,di1_0.day_of_week,di1_0.end_time,di1_0.required_seats,di1_0.skill_id,di1_0.sort_order,di1_0.start_time,di1_0.updated_at from demand_intervals di1_0 where (di1_0.date=? or (di1_0.date is null and di1_0.day_of_week=?)) and (di1_0.is_active=1 or di1_0.is_active is null) and di1_0.skill_id is not null
Hibernate: select di1_0.id,di1_0.is_active,di1_0.created_at,di1_0.date,di1_0.day_of_week,di1_0.end_time,di1_0.required_seats,di1_0.skill_id,di1_0.sort_order,di1_0.start_time,di1_0.updated_at from demand_intervals di1_0 where (di1_0.date=? or (di1_0.date is null and di1_0.day_of_week=?)) and (di1_0.is_active=1 or di1_0.is_active is null) and di1_0.skill_id is not null
2025-10-25T10:10:40.722+09:00 DEBUG 16416 --- [Shift Scheduler Demo] [           main] org.hibernate.SQL                        : select di1_0.id,di1_0.is_active,di1_0.created_at,di1_0.date,di1_0.day_of_week,di1_0.end_time,di1_0.required_seats,di1_0.skill_id,di1_0.sort_order,di1_0.start_time,di1_0.updated_at from demand_intervals di1_0 where (di1_0.date=? or (di1_0.date is null and di1_0.day_of_week=?)) and (di1_0.is_active=1 or di1_0.is_active is null) and di1_0.skill_id is not null
Hibernate: select di1_0.id,di1_0.is_active,di1_0.created_at,di1_0.date,di1_0.day_of_week,di1_0.end_time,di1_0.required_seats,di1_0.skill_id,di1_0.sort_order,di1_0.start_time,di1_0.updated_at from demand_intervals di1_0 where (di1_0.date=? or (di1_0.date is null and di1_0.day_of_week=?)) and (di1_0.is_active=1 or di1_0.is_active is null) and di1_0.skill_id is not null
2025-10-25T10:10:40.724+09:00 DEBUG 16416 --- [Shift Scheduler Demo] [           main] org.hibernate.SQL                        : select di1_0.id,di1_0.is_active,di1_0.created_at,di1_0.date,di1_0.day_of_week,di1_0.end_time,di1_0.required_seats,di1_0.skill_id,di1_0.sort_order,di1_0.start_time,di1_0.updated_at from demand_intervals di1_0 where (di1_0.date=? or (di1_0.date is null and di1_0.day_of_week=?)) and (di1_0.is_active=1 or di1_0.is_active is null) and di1_0.skill_id is not null
Hibernate: select di1_0.id,di1_0.is_active,di1_0.created_at,di1_0.date,di1_0.day_of_week,di1_0.end_time,di1_0.required_seats,di1_0.skill_id,di1_0.sort_order,di1_0.start_time,di1_0.updated_at from demand_intervals di1_0 where (di1_0.date=? or (di1_0.date is null and di1_0.day_of_week=?)) and (di1_0.is_active=1 or di1_0.is_active is null) and di1_0.skill_id is not null
2025-10-25T10:10:40.726+09:00 DEBUG 16416 --- [Shift Scheduler Demo] [           main] org.hibernate.SQL                        : select di1_0.id,di1_0.is_active,di1_0.created_at,di1_0.date,di1_0.day_of_week,di1_0.end_time,di1_0.required_seats,di1_0.skill_id,di1_0.sort_order,di1_0.start_time,di1_0.updated_at from demand_intervals di1_0 where (di1_0.date=? or (di1_0.date is null and di1_0.day_of_week=?)) and (di1_0.is_active=1 or di1_0.is_active is null) and di1_0.skill_id is not null
Hibernate: select di1_0.id,di1_0.is_active,di1_0.created_at,di1_0.date,di1_0.day_of_week,di1_0.end_time,di1_0.required_seats,di1_0.skill_id,di1_0.sort_order,di1_0.start_time,di1_0.updated_at from demand_intervals di1_0 where (di1_0.date=? or (di1_0.date is null and di1_0.day_of_week=?)) and (di1_0.is_active=1 or di1_0.is_active is null) and di1_0.skill_id is not null
2025-10-25T10:10:40.729+09:00 DEBUG 16416 --- [Shift Scheduler Demo] [           main] org.hibernate.SQL                        : select di1_0.id,di1_0.is_active,di1_0.created_at,di1_0.date,di1_0.day_of_week,di1_0.end_time,di1_0.required_seats,di1_0.skill_id,di1_0.sort_order,di1_0.start_time,di1_0.updated_at from demand_intervals di1_0 where (di1_0.date=? or (di1_0.date is null and di1_0.day_of_week=?)) and (di1_0.is_active=1 or di1_0.is_active is null) and di1_0.skill_id is not null
Hibernate: select di1_0.id,di1_0.is_active,di1_0.created_at,di1_0.date,di1_0.day_of_week,di1_0.end_time,di1_0.required_seats,di1_0.skill_id,di1_0.sort_order,di1_0.start_time,di1_0.updated_at from demand_intervals di1_0 where (di1_0.date=? or (di1_0.date is null and di1_0.day_of_week=?)) and (di1_0.is_active=1 or di1_0.is_active is null) and di1_0.skill_id is not null
2025-10-25T10:10:40.732+09:00 DEBUG 16416 --- [Shift Scheduler Demo] [           main] org.hibernate.SQL                        : select di1_0.id,di1_0.is_active,di1_0.created_at,di1_0.date,di1_0.day_of_week,di1_0.end_time,di1_0.required_seats,di1_0.skill_id,di1_0.sort_order,di1_0.start_time,di1_0.updated_at from demand_intervals di1_0 where (di1_0.date=? or (di1_0.date is null and di1_0.day_of_week=?)) and (di1_0.is_active=1 or di1_0.is_active is null) and di1_0.skill_id is not null
Hibernate: select di1_0.id,di1_0.is_active,di1_0.created_at,di1_0.date,di1_0.day_of_week,di1_0.end_time,di1_0.required_seats,di1_0.skill_id,di1_0.sort_order,di1_0.start_time,di1_0.updated_at from demand_intervals di1_0 where (di1_0.date=? or (di1_0.date is null and di1_0.day_of_week=?)) and (di1_0.is_active=1 or di1_0.is_active is null) and di1_0.skill_id is not null
2025-10-25T10:10:40.738+09:00 DEBUG 16416 --- [Shift Scheduler Demo] [           main] org.hibernate.SQL                        : select di1_0.id,di1_0.is_active,di1_0.created_at,di1_0.date,di1_0.day_of_week,di1_0.end_time,di1_0.required_seats,di1_0.skill_id,di1_0.sort_order,di1_0.start_time,di1_0.updated_at from demand_intervals di1_0 where (di1_0.date=? or (di1_0.date is null and di1_0.day_of_week=?)) and (di1_0.is_active=1 or di1_0.is_active is null) and di1_0.skill_id is not null
Hibernate: select di1_0.id,di1_0.is_active,di1_0.created_at,di1_0.date,di1_0.day_of_week,di1_0.end_time,di1_0.required_seats,di1_0.skill_id,di1_0.sort_order,di1_0.start_time,di1_0.updated_at from demand_intervals di1_0 where (di1_0.date=? or (di1_0.date is null and di1_0.day_of_week=?)) and (di1_0.is_active=1 or di1_0.is_active is null) and di1_0.skill_id is not null
2025-10-25T10:10:40.754+09:00 DEBUG 16416 --- [Shift Scheduler Demo] [           main] org.hibernate.SQL                        : select di1_0.id,di1_0.is_active,di1_0.created_at,di1_0.date,di1_0.day_of_week,di1_0.end_time,di1_0.required_seats,di1_0.skill_id,di1_0.sort_order,di1_0.start_time,di1_0.updated_at from demand_intervals di1_0 where (di1_0.date=? or (di1_0.date is null and di1_0.day_of_week=?)) and (di1_0.is_active=1 or di1_0.is_active is null) and di1_0.skill_id is not null
Hibernate: select di1_0.id,di1_0.is_active,di1_0.created_at,di1_0.date,di1_0.day_of_week,di1_0.end_time,di1_0.required_seats,di1_0.skill_id,di1_0.sort_order,di1_0.start_time,di1_0.updated_at from demand_intervals di1_0 where (di1_0.date=? or (di1_0.date is null and di1_0.day_of_week=?)) and (di1_0.is_active=1 or di1_0.is_active is null) and di1_0.skill_id is not null
2025-10-25T10:10:40.757+09:00 DEBUG 16416 --- [Shift Scheduler Demo] [           main] org.hibernate.SQL                        : select di1_0.id,di1_0.is_active,di1_0.created_at,di1_0.date,di1_0.day_of_week,di1_0.end_time,di1_0.required_seats,di1_0.skill_id,di1_0.sort_order,di1_0.start_time,di1_0.updated_at from demand_intervals di1_0 where (di1_0.date=? or (di1_0.date is null and di1_0.day_of_week=?)) and (di1_0.is_active=1 or di1_0.is_active is null) and di1_0.skill_id is not null
Hibernate: select di1_0.id,di1_0.is_active,di1_0.created_at,di1_0.date,di1_0.day_of_week,di1_0.end_time,di1_0.required_seats,di1_0.skill_id,di1_0.sort_order,di1_0.start_time,di1_0.updated_at from demand_intervals di1_0 where (di1_0.date=? or (di1_0.date is null and di1_0.day_of_week=?)) and (di1_0.is_active=1 or di1_0.is_active is null) and di1_0.skill_id is not null
2025-10-25T10:10:40.762+09:00 DEBUG 16416 --- [Shift Scheduler Demo] [           main] org.hibernate.SQL                        : select di1_0.id,di1_0.is_active,di1_0.created_at,di1_0.date,di1_0.day_of_week,di1_0.end_time,di1_0.required_seats,di1_0.skill_id,di1_0.sort_order,di1_0.start_time,di1_0.updated_at from demand_intervals di1_0 where (di1_0.date=? or (di1_0.date is null and di1_0.day_of_week=?)) and (di1_0.is_active=1 or di1_0.is_active is null) and di1_0.skill_id is not null
Hibernate: select di1_0.id,di1_0.is_active,di1_0.created_at,di1_0.date,di1_0.day_of_week,di1_0.end_time,di1_0.required_seats,di1_0.skill_id,di1_0.sort_order,di1_0.start_time,di1_0.updated_at from demand_intervals di1_0 where (di1_0.date=? or (di1_0.date is null and di1_0.day_of_week=?)) and (di1_0.is_active=1 or di1_0.is_active is null) and di1_0.skill_id is not null
2025-10-25T10:10:40.765+09:00 DEBUG 16416 --- [Shift Scheduler Demo] [           main] org.hibernate.SQL                        : select di1_0.id,di1_0.is_active,di1_0.created_at,di1_0.date,di1_0.day_of_week,di1_0.end_time,di1_0.required_seats,di1_0.skill_id,di1_0.sort_order,di1_0.start_time,di1_0.updated_at from demand_intervals di1_0 where (di1_0.date=? or (di1_0.date is null and di1_0.day_of_week=?)) and (di1_0.is_active=1 or di1_0.is_active is null) and di1_0.skill_id is not null
Hibernate: select di1_0.id,di1_0.is_active,di1_0.created_at,di1_0.date,di1_0.day_of_week,di1_0.end_time,di1_0.required_seats,di1_0.skill_id,di1_0.sort_order,di1_0.start_time,di1_0.updated_at from demand_intervals di1_0 where (di1_0.date=? or (di1_0.date is null and di1_0.day_of_week=?)) and (di1_0.is_active=1 or di1_0.is_active is null) and di1_0.skill_id is not null
2025-10-25T10:10:40.769+09:00 DEBUG 16416 --- [Shift Scheduler Demo] [           main] org.hibernate.SQL                        : select di1_0.id,di1_0.is_active,di1_0.created_at,di1_0.date,di1_0.day_of_week,di1_0.end_time,di1_0.required_seats,di1_0.skill_id,di1_0.sort_order,di1_0.start_time,di1_0.updated_at from demand_intervals di1_0 where (di1_0.date=? or (di1_0.date is null and di1_0.day_of_week=?)) and (di1_0.is_active=1 or di1_0.is_active is null) and di1_0.skill_id is not null
Hibernate: select di1_0.id,di1_0.is_active,di1_0.created_at,di1_0.date,di1_0.day_of_week,di1_0.end_time,di1_0.required_seats,di1_0.skill_id,di1_0.sort_order,di1_0.start_time,di1_0.updated_at from demand_intervals di1_0 where (di1_0.date=? or (di1_0.date is null and di1_0.day_of_week=?)) and (di1_0.is_active=1 or di1_0.is_active is null) and di1_0.skill_id is not null
2025-10-25T10:10:40.771+09:00 DEBUG 16416 --- [Shift Scheduler Demo] [           main] org.hibernate.SQL                        : select di1_0.id,di1_0.is_active,di1_0.created_at,di1_0.date,di1_0.day_of_week,di1_0.end_time,di1_0.required_seats,di1_0.skill_id,di1_0.sort_order,di1_0.start_time,di1_0.updated_at from demand_intervals di1_0 where (di1_0.date=? or (di1_0.date is null and di1_0.day_of_week=?)) and (di1_0.is_active=1 or di1_0.is_active is null) and di1_0.skill_id is not null
Hibernate: select di1_0.id,di1_0.is_active,di1_0.created_at,di1_0.date,di1_0.day_of_week,di1_0.end_time,di1_0.required_seats,di1_0.skill_id,di1_0.sort_order,di1_0.start_time,di1_0.updated_at from demand_intervals di1_0 where (di1_0.date=? or (di1_0.date is null and di1_0.day_of_week=?)) and (di1_0.is_active=1 or di1_0.is_active is null) and di1_0.skill_id is not null
2025-10-25T10:10:40.773+09:00 DEBUG 16416 --- [Shift Scheduler Demo] [           main] org.hibernate.SQL                        : select di1_0.id,di1_0.is_active,di1_0.created_at,di1_0.date,di1_0.day_of_week,di1_0.end_time,di1_0.required_seats,di1_0.skill_id,di1_0.sort_order,di1_0.start_time,di1_0.updated_at from demand_intervals di1_0 where (di1_0.date=? or (di1_0.date is null and di1_0.day_of_week=?)) and (di1_0.is_active=1 or di1_0.is_active is null) and di1_0.skill_id is not null
Hibernate: select di1_0.id,di1_0.is_active,di1_0.created_at,di1_0.date,di1_0.day_of_week,di1_0.end_time,di1_0.required_seats,di1_0.skill_id,di1_0.sort_order,di1_0.start_time,di1_0.updated_at from demand_intervals di1_0 where (di1_0.date=? or (di1_0.date is null and di1_0.day_of_week=?)) and (di1_0.is_active=1 or di1_0.is_active is null) and di1_0.skill_id is not null
2025-10-25T10:10:40.776+09:00 DEBUG 16416 --- [Shift Scheduler Demo] [           main] org.hibernate.SQL                        : select di1_0.id,di1_0.is_active,di1_0.created_at,di1_0.date,di1_0.day_of_week,di1_0.end_time,di1_0.required_seats,di1_0.skill_id,di1_0.sort_order,di1_0.start_time,di1_0.updated_at from demand_intervals di1_0 where (di1_0.date=? or (di1_0.date is null and di1_0.day_of_week=?)) and (di1_0.is_active=1 or di1_0.is_active is null) and di1_0.skill_id is not null
Hibernate: select di1_0.id,di1_0.is_active,di1_0.created_at,di1_0.date,di1_0.day_of_week,di1_0.end_time,di1_0.required_seats,di1_0.skill_id,di1_0.sort_order,di1_0.start_time,di1_0.updated_at from demand_intervals di1_0 where (di1_0.date=? or (di1_0.date is null and di1_0.day_of_week=?)) and (di1_0.is_active=1 or di1_0.is_active is null) and di1_0.skill_id is not null
2025-10-25T10:10:40.778+09:00 DEBUG 16416 --- [Shift Scheduler Demo] [           main] org.hibernate.SQL                        : select di1_0.id,di1_0.is_active,di1_0.created_at,di1_0.date,di1_0.day_of_week,di1_0.end_time,di1_0.required_seats,di1_0.skill_id,di1_0.sort_order,di1_0.start_time,di1_0.updated_at from demand_intervals di1_0 where (di1_0.date=? or (di1_0.date is null and di1_0.day_of_week=?)) and (di1_0.is_active=1 or di1_0.is_active is null) and di1_0.skill_id is not null
Hibernate: select di1_0.id,di1_0.is_active,di1_0.created_at,di1_0.date,di1_0.day_of_week,di1_0.end_time,di1_0.required_seats,di1_0.skill_id,di1_0.sort_order,di1_0.start_time,di1_0.updated_at from demand_intervals di1_0 where (di1_0.date=? or (di1_0.date is null and di1_0.day_of_week=?)) and (di1_0.is_active=1 or di1_0.is_active is null) and di1_0.skill_id is not null
2025-10-25T10:10:40.800+09:00 DEBUG 16416 --- [Shift Scheduler Demo] [           main] org.hibernate.SQL                        : select di1_0.id,di1_0.is_active,di1_0.created_at,di1_0.date,di1_0.day_of_week,di1_0.end_time,di1_0.required_seats,di1_0.skill_id,di1_0.sort_order,di1_0.start_time,di1_0.updated_at from demand_intervals di1_0 where (di1_0.date=? or (di1_0.date is null and di1_0.day_of_week=?)) and (di1_0.is_active=1 or di1_0.is_active is null) and di1_0.skill_id is not null
Hibernate: select di1_0.id,di1_0.is_active,di1_0.created_at,di1_0.date,di1_0.day_of_week,di1_0.end_time,di1_0.required_seats,di1_0.skill_id,di1_0.sort_order,di1_0.start_time,di1_0.updated_at from demand_intervals di1_0 where (di1_0.date=? or (di1_0.date is null and di1_0.day_of_week=?)) and (di1_0.is_active=1 or di1_0.is_active is null) and di1_0.skill_id is not null
2025-10-25T10:10:40.806+09:00 DEBUG 16416 --- [Shift Scheduler Demo] [           main] org.hibernate.SQL                        : select di1_0.id,di1_0.is_active,di1_0.created_at,di1_0.date,di1_0.day_of_week,di1_0.end_time,di1_0.required_seats,di1_0.skill_id,di1_0.sort_order,di1_0.start_time,di1_0.updated_at from demand_intervals di1_0 where (di1_0.date=? or (di1_0.date is null and di1_0.day_of_week=?)) and (di1_0.is_active=1 or di1_0.is_active is null) and di1_0.skill_id is not null
Hibernate: select di1_0.id,di1_0.is_active,di1_0.created_at,di1_0.date,di1_0.day_of_week,di1_0.end_time,di1_0.required_seats,di1_0.skill_id,di1_0.sort_order,di1_0.start_time,di1_0.updated_at from demand_intervals di1_0 where (di1_0.date=? or (di1_0.date is null and di1_0.day_of_week=?)) and (di1_0.is_active=1 or di1_0.is_active is null) and di1_0.skill_id is not null
2025-10-25T10:10:40.817+09:00 DEBUG 16416 --- [Shift Scheduler Demo] [           main] org.hibernate.SQL                        : select di1_0.id,di1_0.is_active,di1_0.created_at,di1_0.date,di1_0.day_of_week,di1_0.end_time,di1_0.required_seats,di1_0.skill_id,di1_0.sort_order,di1_0.start_time,di1_0.updated_at from demand_intervals di1_0 where (di1_0.date=? or (di1_0.date is null and di1_0.day_of_week=?)) and (di1_0.is_active=1 or di1_0.is_active is null) and di1_0.skill_id is not null
Hibernate: select di1_0.id,di1_0.is_active,di1_0.created_at,di1_0.date,di1_0.day_of_week,di1_0.end_time,di1_0.required_seats,di1_0.skill_id,di1_0.sort_order,di1_0.start_time,di1_0.updated_at from demand_intervals di1_0 where (di1_0.date=? or (di1_0.date is null and di1_0.day_of_week=?)) and (di1_0.is_active=1 or di1_0.is_active is null) and di1_0.skill_id is not null
2025-10-25T10:10:40.834+09:00 DEBUG 16416 --- [Shift Scheduler Demo] [           main] org.hibernate.SQL                        : select di1_0.id,di1_0.is_active,di1_0.created_at,di1_0.date,di1_0.day_of_week,di1_0.end_time,di1_0.required_seats,di1_0.skill_id,di1_0.sort_order,di1_0.start_time,di1_0.updated_at from demand_intervals di1_0 where (di1_0.date=? or (di1_0.date is null and di1_0.day_of_week=?)) and (di1_0.is_active=1 or di1_0.is_active is null) and di1_0.skill_id is not null
Hibernate: select di1_0.id,di1_0.is_active,di1_0.created_at,di1_0.date,di1_0.day_of_week,di1_0.end_time,di1_0.required_seats,di1_0.skill_id,di1_0.sort_order,di1_0.start_time,di1_0.updated_at from demand_intervals di1_0 where (di1_0.date=? or (di1_0.date is null and di1_0.day_of_week=?)) and (di1_0.is_active=1 or di1_0.is_active is null) and di1_0.skill_id is not null
2025-10-25T10:10:40.856+09:00 DEBUG 16416 --- [Shift Scheduler Demo] [           main] org.hibernate.SQL                        : select di1_0.id,di1_0.is_active,di1_0.created_at,di1_0.date,di1_0.day_of_week,di1_0.end_time,di1_0.required_seats,di1_0.skill_id,di1_0.sort_order,di1_0.start_time,di1_0.updated_at from demand_intervals di1_0 where (di1_0.date=? or (di1_0.date is null and di1_0.day_of_week=?)) and (di1_0.is_active=1 or di1_0.is_active is null) and di1_0.skill_id is not null
Hibernate: select di1_0.id,di1_0.is_active,di1_0.created_at,di1_0.date,di1_0.day_of_week,di1_0.end_time,di1_0.required_seats,di1_0.skill_id,di1_0.sort_order,di1_0.start_time,di1_0.updated_at from demand_intervals di1_0 where (di1_0.date=? or (di1_0.date is null and di1_0.day_of_week=?)) and (di1_0.is_active=1 or di1_0.is_active is null) and di1_0.skill_id is not null
2025-10-25T10:10:40.867+09:00 DEBUG 16416 --- [Shift Scheduler Demo] [           main] org.hibernate.SQL                        : select di1_0.id,di1_0.is_active,di1_0.created_at,di1_0.date,di1_0.day_of_week,di1_0.end_time,di1_0.required_seats,di1_0.skill_id,di1_0.sort_order,di1_0.start_time,di1_0.updated_at from demand_intervals di1_0 where (di1_0.date=? or (di1_0.date is null and di1_0.day_of_week=?)) and (di1_0.is_active=1 or di1_0.is_active is null) and di1_0.skill_id is not null
Hibernate: select di1_0.id,di1_0.is_active,di1_0.created_at,di1_0.date,di1_0.day_of_week,di1_0.end_time,di1_0.required_seats,di1_0.skill_id,di1_0.sort_order,di1_0.start_time,di1_0.updated_at from demand_intervals di1_0 where (di1_0.date=? or (di1_0.date is null and di1_0.day_of_week=?)) and (di1_0.is_active=1 or di1_0.is_active is null) and di1_0.skill_id is not null
2025-10-25T10:10:40.870+09:00 DEBUG 16416 --- [Shift Scheduler Demo] [           main] org.hibernate.SQL                        : select di1_0.id,di1_0.is_active,di1_0.created_at,di1_0.date,di1_0.day_of_week,di1_0.end_time,di1_0.required_seats,di1_0.skill_id,di1_0.sort_order,di1_0.start_time,di1_0.updated_at from demand_intervals di1_0 where (di1_0.date=? or (di1_0.date is null and di1_0.day_of_week=?)) and (di1_0.is_active=1 or di1_0.is_active is null) and di1_0.skill_id is not null
Hibernate: select di1_0.id,di1_0.is_active,di1_0.created_at,di1_0.date,di1_0.day_of_week,di1_0.end_time,di1_0.required_seats,di1_0.skill_id,di1_0.sort_order,di1_0.start_time,di1_0.updated_at from demand_intervals di1_0 where (di1_0.date=? or (di1_0.date is null and di1_0.day_of_week=?)) and (di1_0.is_active=1 or di1_0.is_active is null) and di1_0.skill_id is not null
2025-10-25T10:10:40.873+09:00 DEBUG 16416 --- [Shift Scheduler Demo] [           main] org.hibernate.SQL                        : select di1_0.id,di1_0.is_active,di1_0.created_at,di1_0.date,di1_0.day_of_week,di1_0.end_time,di1_0.required_seats,di1_0.skill_id,di1_0.sort_order,di1_0.start_time,di1_0.updated_at from demand_intervals di1_0 where (di1_0.date=? or (di1_0.date is null and di1_0.day_of_week=?)) and (di1_0.is_active=1 or di1_0.is_active is null) and di1_0.skill_id is not null
Hibernate: select di1_0.id,di1_0.is_active,di1_0.created_at,di1_0.date,di1_0.day_of_week,di1_0.end_time,di1_0.required_seats,di1_0.skill_id,di1_0.sort_order,di1_0.start_time,di1_0.updated_at from demand_intervals di1_0 where (di1_0.date=? or (di1_0.date is null and di1_0.day_of_week=?)) and (di1_0.is_active=1 or di1_0.is_active is null) and di1_0.skill_id is not null
2025-10-25T10:10:40.877+09:00 DEBUG 16416 --- [Shift Scheduler Demo] [           main] org.hibernate.SQL                        : select di1_0.id,di1_0.is_active,di1_0.created_at,di1_0.date,di1_0.day_of_week,di1_0.end_time,di1_0.required_seats,di1_0.skill_id,di1_0.sort_order,di1_0.start_time,di1_0.updated_at from demand_intervals di1_0 where (di1_0.date=? or (di1_0.date is null and di1_0.day_of_week=?)) and (di1_0.is_active=1 or di1_0.is_active is null) and di1_0.skill_id is not null
Hibernate: select di1_0.id,di1_0.is_active,di1_0.created_at,di1_0.date,di1_0.day_of_week,di1_0.end_time,di1_0.required_seats,di1_0.skill_id,di1_0.sort_order,di1_0.start_time,di1_0.updated_at from demand_intervals di1_0 where (di1_0.date=? or (di1_0.date is null and di1_0.day_of_week=?)) and (di1_0.is_active=1 or di1_0.is_active is null) and di1_0.skill_id is not null
2025-10-25T10:10:40.880+09:00 DEBUG 16416 --- [Shift Scheduler Demo] [           main] org.hibernate.SQL                        : select di1_0.id,di1_0.is_active,di1_0.created_at,di1_0.date,di1_0.day_of_week,di1_0.end_time,di1_0.required_seats,di1_0.skill_id,di1_0.sort_order,di1_0.start_time,di1_0.updated_at from demand_intervals di1_0 where (di1_0.date=? or (di1_0.date is null and di1_0.day_of_week=?)) and (di1_0.is_active=1 or di1_0.is_active is null) and di1_0.skill_id is not null
Hibernate: select di1_0.id,di1_0.is_active,di1_0.created_at,di1_0.date,di1_0.day_of_week,di1_0.end_time,di1_0.required_seats,di1_0.skill_id,di1_0.sort_order,di1_0.start_time,di1_0.updated_at from demand_intervals di1_0 where (di1_0.date=? or (di1_0.date is null and di1_0.day_of_week=?)) and (di1_0.is_active=1 or di1_0.is_active is null) and di1_0.skill_id is not null
2025-10-25T10:10:40.884+09:00 DEBUG 16416 --- [Shift Scheduler Demo] [           main] org.hibernate.SQL                        : select di1_0.id,di1_0.is_active,di1_0.created_at,di1_0.date,di1_0.day_of_week,di1_0.end_time,di1_0.required_seats,di1_0.skill_id,di1_0.sort_order,di1_0.start_time,di1_0.updated_at from demand_intervals di1_0 where (di1_0.date=? or (di1_0.date is null and di1_0.day_of_week=?)) and (di1_0.is_active=1 or di1_0.is_active is null) and di1_0.skill_id is not null
Hibernate: select di1_0.id,di1_0.is_active,di1_0.created_at,di1_0.date,di1_0.day_of_week,di1_0.end_time,di1_0.required_seats,di1_0.skill_id,di1_0.sort_order,di1_0.start_time,di1_0.updated_at from demand_intervals di1_0 where (di1_0.date=? or (di1_0.date is null and di1_0.day_of_week=?)) and (di1_0.is_active=1 or di1_0.is_active is null) and di1_0.skill_id is not null
2025-10-25T10:10:40.886+09:00 DEBUG 16416 --- [Shift Scheduler Demo] [           main] org.hibernate.SQL                        : select di1_0.id,di1_0.is_active,di1_0.created_at,di1_0.date,di1_0.day_of_week,di1_0.end_time,di1_0.required_seats,di1_0.skill_id,di1_0.sort_order,di1_0.start_time,di1_0.updated_at from demand_intervals di1_0 where (di1_0.date=? or (di1_0.date is null and di1_0.day_of_week=?)) and (di1_0.is_active=1 or di1_0.is_active is null) and di1_0.skill_id is not null
Hibernate: select di1_0.id,di1_0.is_active,di1_0.created_at,di1_0.date,di1_0.day_of_week,di1_0.end_time,di1_0.required_seats,di1_0.skill_id,di1_0.sort_order,di1_0.start_time,di1_0.updated_at from demand_intervals di1_0 where (di1_0.date=? or (di1_0.date is null and di1_0.day_of_week=?)) and (di1_0.is_active=1 or di1_0.is_active is null) and di1_0.skill_id is not null
2025-10-25T10:10:40.889+09:00 DEBUG 16416 --- [Shift Scheduler Demo] [           main] org.hibernate.SQL                        : select di1_0.id,di1_0.is_active,di1_0.created_at,di1_0.date,di1_0.day_of_week,di1_0.end_time,di1_0.required_seats,di1_0.skill_id,di1_0.sort_order,di1_0.start_time,di1_0.updated_at from demand_intervals di1_0 where (di1_0.date=? or (di1_0.date is null and di1_0.day_of_week=?)) and (di1_0.is_active=1 or di1_0.is_active is null) and di1_0.skill_id is not null
Hibernate: select di1_0.id,di1_0.is_active,di1_0.created_at,di1_0.date,di1_0.day_of_week,di1_0.end_time,di1_0.required_seats,di1_0.skill_id,di1_0.sort_order,di1_0.start_time,di1_0.updated_at from demand_intervals di1_0 where (di1_0.date=? or (di1_0.date is null and di1_0.day_of_week=?)) and (di1_0.is_active=1 or di1_0.is_active is null) and di1_0.skill_id is not null
2025-10-25T10:10:40.890+09:00 DEBUG 16416 --- [Shift Scheduler Demo] [           main] org.hibernate.SQL                        : select di1_0.id,di1_0.is_active,di1_0.created_at,di1_0.date,di1_0.day_of_week,di1_0.end_time,di1_0.required_seats,di1_0.skill_id,di1_0.sort_order,di1_0.start_time,di1_0.updated_at from demand_intervals di1_0 where (di1_0.date=? or (di1_0.date is null and di1_0.day_of_week=?)) and (di1_0.is_active=1 or di1_0.is_active is null) and di1_0.skill_id is not null
Hibernate: select di1_0.id,di1_0.is_active,di1_0.created_at,di1_0.date,di1_0.day_of_week,di1_0.end_time,di1_0.required_seats,di1_0.skill_id,di1_0.sort_order,di1_0.start_time,di1_0.updated_at from demand_intervals di1_0 where (di1_0.date=? or (di1_0.date is null and di1_0.day_of_week=?)) and (di1_0.is_active=1 or di1_0.is_active is null) and di1_0.skill_id is not null
2025-10-25T10:10:40.890+09:00 DEBUG 16416 --- [Shift Scheduler Demo] [           main] org.hibernate.SQL                        : select di1_0.id,di1_0.is_active,di1_0.created_at,di1_0.date,di1_0.day_of_week,di1_0.end_time,di1_0.required_seats,di1_0.skill_id,di1_0.sort_order,di1_0.start_time,di1_0.updated_at from demand_intervals di1_0 where (di1_0.date=? or (di1_0.date is null and di1_0.day_of_week=?)) and (di1_0.is_active=1 or di1_0.is_active is null) and di1_0.skill_id is not null
Hibernate: select di1_0.id,di1_0.is_active,di1_0.created_at,di1_0.date,di1_0.day_of_week,di1_0.end_time,di1_0.required_seats,di1_0.skill_id,di1_0.sort_order,di1_0.start_time,di1_0.updated_at from demand_intervals di1_0 where (di1_0.date=? or (di1_0.date is null and di1_0.day_of_week=?)) and (di1_0.is_active=1 or di1_0.is_active is null) and di1_0.skill_id is not null
2025-10-25T10:10:40.893+09:00 DEBUG 16416 --- [Shift Scheduler Demo] [           main] org.hibernate.SQL                        : select di1_0.id,di1_0.is_active,di1_0.created_at,di1_0.date,di1_0.day_of_week,di1_0.end_time,di1_0.required_seats,di1_0.skill_id,di1_0.sort_order,di1_0.start_time,di1_0.updated_at from demand_intervals di1_0 where (di1_0.date=? or (di1_0.date is null and di1_0.day_of_week=?)) and (di1_0.is_active=1 or di1_0.is_active is null) and di1_0.skill_id is not null
Hibernate: select di1_0.id,di1_0.is_active,di1_0.created_at,di1_0.date,di1_0.day_of_week,di1_0.end_time,di1_0.required_seats,di1_0.skill_id,di1_0.sort_order,di1_0.start_time,di1_0.updated_at from demand_intervals di1_0 where (di1_0.date=? or (di1_0.date is null and di1_0.day_of_week=?)) and (di1_0.is_active=1 or di1_0.is_active is null) and di1_0.skill_id is not null
2025-10-25T10:10:40.896+09:00 DEBUG 16416 --- [Shift Scheduler Demo] [           main] org.hibernate.SQL                        : select di1_0.id,di1_0.is_active,di1_0.created_at,di1_0.date,di1_0.day_of_week,di1_0.end_time,di1_0.required_seats,di1_0.skill_id,di1_0.sort_order,di1_0.start_time,di1_0.updated_at from demand_intervals di1_0 where (di1_0.date=? or (di1_0.date is null and di1_0.day_of_week=?)) and (di1_0.is_active=1 or di1_0.is_active is null) and di1_0.skill_id is not null
Hibernate: select di1_0.id,di1_0.is_active,di1_0.created_at,di1_0.date,di1_0.day_of_week,di1_0.end_time,di1_0.required_seats,di1_0.skill_id,di1_0.sort_order,di1_0.start_time,di1_0.updated_at from demand_intervals di1_0 where (di1_0.date=? or (di1_0.date is null and di1_0.day_of_week=?)) and (di1_0.is_active=1 or di1_0.is_active is null) and di1_0.skill_id is not null
2025-10-25T10:10:40.899+09:00 DEBUG 16416 --- [Shift Scheduler Demo] [           main] org.hibernate.SQL                        : select di1_0.id,di1_0.is_active,di1_0.created_at,di1_0.date,di1_0.day_of_week,di1_0.end_time,di1_0.required_seats,di1_0.skill_id,di1_0.sort_order,di1_0.start_time,di1_0.updated_at from demand_intervals di1_0 where (di1_0.date=? or (di1_0.date is null and di1_0.day_of_week=?)) and (di1_0.is_active=1 or di1_0.is_active is null) and di1_0.skill_id is not null
Hibernate: select di1_0.id,di1_0.is_active,di1_0.created_at,di1_0.date,di1_0.day_of_week,di1_0.end_time,di1_0.required_seats,di1_0.skill_id,di1_0.sort_order,di1_0.start_time,di1_0.updated_at from demand_intervals di1_0 where (di1_0.date=? or (di1_0.date is null and di1_0.day_of_week=?)) and (di1_0.is_active=1 or di1_0.is_active is null) and di1_0.skill_id is not null
2025-10-25T10:10:40.900+09:00 DEBUG 16416 --- [Shift Scheduler Demo] [           main] org.hibernate.SQL                        : select di1_0.id,di1_0.is_active,di1_0.created_at,di1_0.date,di1_0.day_of_week,di1_0.end_time,di1_0.required_seats,di1_0.skill_id,di1_0.sort_order,di1_0.start_time,di1_0.updated_at from demand_intervals di1_0 where (di1_0.date=? or (di1_0.date is null and di1_0.day_of_week=?)) and (di1_0.is_active=1 or di1_0.is_active is null) and di1_0.skill_id is not null
Hibernate: select di1_0.id,di1_0.is_active,di1_0.created_at,di1_0.date,di1_0.day_of_week,di1_0.end_time,di1_0.required_seats,di1_0.skill_id,di1_0.sort_order,di1_0.start_time,di1_0.updated_at from demand_intervals di1_0 where (di1_0.date=? or (di1_0.date is null and di1_0.day_of_week=?)) and (di1_0.is_active=1 or di1_0.is_active is null) and di1_0.skill_id is not null
2025-10-25T10:10:40.903+09:00 DEBUG 16416 --- [Shift Scheduler Demo] [           main] org.hibernate.SQL                        : select di1_0.id,di1_0.is_active,di1_0.created_at,di1_0.date,di1_0.day_of_week,di1_0.end_time,di1_0.required_seats,di1_0.skill_id,di1_0.sort_order,di1_0.start_time,di1_0.updated_at from demand_intervals di1_0 where (di1_0.date=? or (di1_0.date is null and di1_0.day_of_week=?)) and (di1_0.is_active=1 or di1_0.is_active is null) and di1_0.skill_id is not null
Hibernate: select di1_0.id,di1_0.is_active,di1_0.created_at,di1_0.date,di1_0.day_of_week,di1_0.end_time,di1_0.required_seats,di1_0.skill_id,di1_0.sort_order,di1_0.start_time,di1_0.updated_at from demand_intervals di1_0 where (di1_0.date=? or (di1_0.date is null and di1_0.day_of_week=?)) and (di1_0.is_active=1 or di1_0.is_active is null) and di1_0.skill_id is not null
2025-10-25T10:10:40.903+09:00 DEBUG 16416 --- [Shift Scheduler Demo] [           main] org.hibernate.SQL                        : select di1_0.id,di1_0.is_active,di1_0.created_at,di1_0.date,di1_0.day_of_week,di1_0.end_time,di1_0.required_seats,di1_0.skill_id,di1_0.sort_order,di1_0.start_time,di1_0.updated_at from demand_intervals di1_0 where (di1_0.date=? or (di1_0.date is null and di1_0.day_of_week=?)) and (di1_0.is_active=1 or di1_0.is_active is null) and di1_0.skill_id is not null
Hibernate: select di1_0.id,di1_0.is_active,di1_0.created_at,di1_0.date,di1_0.day_of_week,di1_0.end_time,di1_0.required_seats,di1_0.skill_id,di1_0.sort_order,di1_0.start_time,di1_0.updated_at from demand_intervals di1_0 where (di1_0.date=? or (di1_0.date is null and di1_0.day_of_week=?)) and (di1_0.is_active=1 or di1_0.is_active is null) and di1_0.skill_id is not null
2025-10-25T10:10:40.906+09:00 DEBUG 16416 --- [Shift Scheduler Demo] [           main] org.hibernate.SQL                        : select di1_0.id,di1_0.is_active,di1_0.created_at,di1_0.date,di1_0.day_of_week,di1_0.end_time,di1_0.required_seats,di1_0.skill_id,di1_0.sort_order,di1_0.start_time,di1_0.updated_at from demand_intervals di1_0 where (di1_0.date=? or (di1_0.date is null and di1_0.day_of_week=?)) and (di1_0.is_active=1 or di1_0.is_active is null) and di1_0.skill_id is not null
Hibernate: select di1_0.id,di1_0.is_active,di1_0.created_at,di1_0.date,di1_0.day_of_week,di1_0.end_time,di1_0.required_seats,di1_0.skill_id,di1_0.sort_order,di1_0.start_time,di1_0.updated_at from demand_intervals di1_0 where (di1_0.date=? or (di1_0.date is null and di1_0.day_of_week=?)) and (di1_0.is_active=1 or di1_0.is_active is null) and di1_0.skill_id is not null
2025-10-25T10:10:40.907+09:00 DEBUG 16416 --- [Shift Scheduler Demo] [           main] org.hibernate.SQL                        : insert into shift_assignments (employee_id,end_time,shift_name,start_time,work_date) values (?,?,?,?,?)
Hibernate: insert into shift_assignments (employee_id,end_time,shift_name,start_time,work_date) values (?,?,?,?,?)
2025-10-25T10:10:40.908+09:00 DEBUG 16416 --- [Shift Scheduler Demo] [           main] org.hibernate.SQL                        : select last_insert_rowid()
Hibernate: select last_insert_rowid()
2025-10-25T10:10:40.908+09:00 DEBUG 16416 --- [Shift Scheduler Demo] [           main] org.hibernate.SQL                        : insert into shift_assignments (employee_id,end_time,shift_name,start_time,work_date) values (?,?,?,?,?)
Hibernate: insert into shift_assignments (employee_id,end_time,shift_name,start_time,work_date) values (?,?,?,?,?)
2025-10-25T10:10:40.908+09:00 DEBUG 16416 --- [Shift Scheduler Demo] [           main] org.hibernate.SQL                        : select last_insert_rowid()
Hibernate: select last_insert_rowid()
2025-10-25T10:10:40.908+09:00 DEBUG 16416 --- [Shift Scheduler Demo] [           main] org.hibernate.SQL                        : insert into shift_assignments (employee_id,end_time,shift_name,start_time,work_date) values (?,?,?,?,?)
Hibernate: insert into shift_assignments (employee_id,end_time,shift_name,start_time,work_date) values (?,?,?,?,?)
2025-10-25T10:10:40.909+09:00 DEBUG 16416 --- [Shift Scheduler Demo] [           main] org.hibernate.SQL                        : select last_insert_rowid()
Hibernate: select last_insert_rowid()
2025-10-25T10:10:40.910+09:00 DEBUG 16416 --- [Shift Scheduler Demo] [           main] org.hibernate.SQL                        : insert into shift_assignments (employee_id,end_time,shift_name,start_time,work_date) values (?,?,?,?,?)
Hibernate: insert into shift_assignments (employee_id,end_time,shift_name,start_time,work_date) values (?,?,?,?,?)
2025-10-25T10:10:40.910+09:00 DEBUG 16416 --- [Shift Scheduler Demo] [           main] org.hibernate.SQL                        : select last_insert_rowid()
Hibernate: select last_insert_rowid()
2025-10-25T10:10:40.910+09:00 DEBUG 16416 --- [Shift Scheduler Demo] [           main] org.hibernate.SQL                        : insert into shift_assignments (employee_id,end_time,shift_name,start_time,work_date) values (?,?,?,?,?)
Hibernate: insert into shift_assignments (employee_id,end_time,shift_name,start_time,work_date) values (?,?,?,?,?)
2025-10-25T10:10:40.910+09:00 DEBUG 16416 --- [Shift Scheduler Demo] [           main] org.hibernate.SQL                        : select last_insert_rowid()
Hibernate: select last_insert_rowid()
2025-10-25T10:10:40.910+09:00 DEBUG 16416 --- [Shift Scheduler Demo] [           main] org.hibernate.SQL                        : insert into shift_assignments (employee_id,end_time,shift_name,start_time,work_date) values (?,?,?,?,?)
Hibernate: insert into shift_assignments (employee_id,end_time,shift_name,start_time,work_date) values (?,?,?,?,?)
2025-10-25T10:10:40.910+09:00 DEBUG 16416 --- [Shift Scheduler Demo] [           main] org.hibernate.SQL                        : select last_insert_rowid()
Hibernate: select last_insert_rowid()
2025-10-25T10:10:40.910+09:00 DEBUG 16416 --- [Shift Scheduler Demo] [           main] org.hibernate.SQL                        : insert into shift_assignments (employee_id,end_time,shift_name,start_time,work_date) values (?,?,?,?,?)
Hibernate: insert into shift_assignments (employee_id,end_time,shift_name,start_time,work_date) values (?,?,?,?,?)
2025-10-25T10:10:40.910+09:00 DEBUG 16416 --- [Shift Scheduler Demo] [           main] org.hibernate.SQL                        : select last_insert_rowid()
Hibernate: select last_insert_rowid()
2025-10-25T10:10:40.910+09:00 DEBUG 16416 --- [Shift Scheduler Demo] [           main] org.hibernate.SQL                        : insert into shift_assignments (employee_id,end_time,shift_name,start_time,work_date) values (?,?,?,?,?)
Hibernate: insert into shift_assignments (employee_id,end_time,shift_name,start_time,work_date) values (?,?,?,?,?)
2025-10-25T10:10:40.910+09:00 DEBUG 16416 --- [Shift Scheduler Demo] [           main] org.hibernate.SQL                        : select last_insert_rowid()
Hibernate: select last_insert_rowid()
2025-10-25T10:10:40.912+09:00 DEBUG 16416 --- [Shift Scheduler Demo] [           main] org.hibernate.SQL                        : insert into shift_assignments (employee_id,end_time,shift_name,start_time,work_date) values (?,?,?,?,?)
Hibernate: insert into shift_assignments (employee_id,end_time,shift_name,start_time,work_date) values (?,?,?,?,?)
2025-10-25T10:10:40.912+09:00 DEBUG 16416 --- [Shift Scheduler Demo] [           main] org.hibernate.SQL                        : select last_insert_rowid()
Hibernate: select last_insert_rowid()
2025-10-25T10:10:40.912+09:00 DEBUG 16416 --- [Shift Scheduler Demo] [           main] org.hibernate.SQL                        : insert into shift_assignments (employee_id,end_time,shift_name,start_time,work_date) values (?,?,?,?,?)
Hibernate: insert into shift_assignments (employee_id,end_time,shift_name,start_time,work_date) values (?,?,?,?,?)
2025-10-25T10:10:40.912+09:00 DEBUG 16416 --- [Shift Scheduler Demo] [           main] org.hibernate.SQL                        : select last_insert_rowid()
Hibernate: select last_insert_rowid()
2025-10-25T10:10:40.912+09:00 DEBUG 16416 --- [Shift Scheduler Demo] [           main] org.hibernate.SQL                        : insert into shift_assignments (employee_id,end_time,shift_name,start_time,work_date) values (?,?,?,?,?)
Hibernate: insert into shift_assignments (employee_id,end_time,shift_name,start_time,work_date) values (?,?,?,?,?)
2025-10-25T10:10:40.912+09:00 DEBUG 16416 --- [Shift Scheduler Demo] [           main] org.hibernate.SQL                        : select last_insert_rowid()
Hibernate: select last_insert_rowid()
2025-10-25T10:10:40.912+09:00 DEBUG 16416 --- [Shift Scheduler Demo] [           main] org.hibernate.SQL                        : insert into shift_assignments (employee_id,end_time,shift_name,start_time,work_date) values (?,?,?,?,?)
Hibernate: insert into shift_assignments (employee_id,end_time,shift_name,start_time,work_date) values (?,?,?,?,?)
2025-10-25T10:10:40.912+09:00 DEBUG 16416 --- [Shift Scheduler Demo] [           main] org.hibernate.SQL                        : select last_insert_rowid()
Hibernate: select last_insert_rowid()
2025-10-25T10:10:40.912+09:00 DEBUG 16416 --- [Shift Scheduler Demo] [           main] org.hibernate.SQL                        : insert into shift_assignments (employee_id,end_time,shift_name,start_time,work_date) values (?,?,?,?,?)
Hibernate: insert into shift_assignments (employee_id,end_time,shift_name,start_time,work_date) values (?,?,?,?,?)
2025-10-25T10:10:40.913+09:00 DEBUG 16416 --- [Shift Scheduler Demo] [           main] org.hibernate.SQL                        : select last_insert_rowid()
Hibernate: select last_insert_rowid()
2025-10-25T10:10:40.913+09:00 DEBUG 16416 --- [Shift Scheduler Demo] [           main] org.hibernate.SQL                        : insert into shift_assignments (employee_id,end_time,shift_name,start_time,work_date) values (?,?,?,?,?)
Hibernate: insert into shift_assignments (employee_id,end_time,shift_name,start_time,work_date) values (?,?,?,?,?)
2025-10-25T10:10:40.913+09:00 DEBUG 16416 --- [Shift Scheduler Demo] [           main] org.hibernate.SQL                        : select last_insert_rowid()
Hibernate: select last_insert_rowid()
2025-10-25T10:10:40.913+09:00 DEBUG 16416 --- [Shift Scheduler Demo] [           main] org.hibernate.SQL                        : insert into shift_assignments (employee_id,end_time,shift_name,start_time,work_date) values (?,?,?,?,?)
Hibernate: insert into shift_assignments (employee_id,end_time,shift_name,start_time,work_date) values (?,?,?,?,?)
2025-10-25T10:10:40.913+09:00 DEBUG 16416 --- [Shift Scheduler Demo] [           main] org.hibernate.SQL                        : select last_insert_rowid()
Hibernate: select last_insert_rowid()
2025-10-25T10:10:40.913+09:00 DEBUG 16416 --- [Shift Scheduler Demo] [           main] org.hibernate.SQL                        : insert into shift_assignments (employee_id,end_time,shift_name,start_time,work_date) values (?,?,?,?,?)
Hibernate: insert into shift_assignments (employee_id,end_time,shift_name,start_time,work_date) values (?,?,?,?,?)
2025-10-25T10:10:40.914+09:00 DEBUG 16416 --- [Shift Scheduler Demo] [           main] org.hibernate.SQL                        : select last_insert_rowid()
Hibernate: select last_insert_rowid()
2025-10-25T10:10:40.914+09:00 DEBUG 16416 --- [Shift Scheduler Demo] [           main] org.hibernate.SQL                        : insert into shift_assignments (employee_id,end_time,shift_name,start_time,work_date) values (?,?,?,?,?)
Hibernate: insert into shift_assignments (employee_id,end_time,shift_name,start_time,work_date) values (?,?,?,?,?)
2025-10-25T10:10:40.914+09:00 DEBUG 16416 --- [Shift Scheduler Demo] [           main] org.hibernate.SQL                        : select last_insert_rowid()
Hibernate: select last_insert_rowid()
2025-10-25T10:10:40.914+09:00 DEBUG 16416 --- [Shift Scheduler Demo] [           main] org.hibernate.SQL                        : insert into shift_assignments (employee_id,end_time,shift_name,start_time,work_date) values (?,?,?,?,?)
Hibernate: insert into shift_assignments (employee_id,end_time,shift_name,start_time,work_date) values (?,?,?,?,?)
2025-10-25T10:10:40.914+09:00 DEBUG 16416 --- [Shift Scheduler Demo] [           main] org.hibernate.SQL                        : select last_insert_rowid()
Hibernate: select last_insert_rowid()
2025-10-25T10:10:40.914+09:00 DEBUG 16416 --- [Shift Scheduler Demo] [           main] org.hibernate.SQL                        : insert into shift_assignments (employee_id,end_time,shift_name,start_time,work_date) values (?,?,?,?,?)
Hibernate: insert into shift_assignments (employee_id,end_time,shift_name,start_time,work_date) values (?,?,?,?,?)
2025-10-25T10:10:40.914+09:00 DEBUG 16416 --- [Shift Scheduler Demo] [           main] org.hibernate.SQL                        : select last_insert_rowid()
Hibernate: select last_insert_rowid()
2025-10-25T10:10:40.914+09:00 DEBUG 16416 --- [Shift Scheduler Demo] [           main] org.hibernate.SQL                        : insert into shift_assignments (employee_id,end_time,shift_name,start_time,work_date) values (?,?,?,?,?)
Hibernate: insert into shift_assignments (employee_id,end_time,shift_name,start_time,work_date) values (?,?,?,?,?)
2025-10-25T10:10:40.915+09:00 DEBUG 16416 --- [Shift Scheduler Demo] [           main] org.hibernate.SQL                        : select last_insert_rowid()
Hibernate: select last_insert_rowid()
2025-10-25T10:10:40.915+09:00 DEBUG 16416 --- [Shift Scheduler Demo] [           main] org.hibernate.SQL                        : insert into shift_assignments (employee_id,end_time,shift_name,start_time,work_date) values (?,?,?,?,?)
Hibernate: insert into shift_assignments (employee_id,end_time,shift_name,start_time,work_date) values (?,?,?,?,?)
2025-10-25T10:10:40.915+09:00 DEBUG 16416 --- [Shift Scheduler Demo] [           main] org.hibernate.SQL                        : select last_insert_rowid()
Hibernate: select last_insert_rowid()
2025-10-25T10:10:40.915+09:00 DEBUG 16416 --- [Shift Scheduler Demo] [           main] org.hibernate.SQL                        : insert into shift_assignments (employee_id,end_time,shift_name,start_time,work_date) values (?,?,?,?,?)
Hibernate: insert into shift_assignments (employee_id,end_time,shift_name,start_time,work_date) values (?,?,?,?,?)
2025-10-25T10:10:40.915+09:00 DEBUG 16416 --- [Shift Scheduler Demo] [           main] org.hibernate.SQL                        : select last_insert_rowid()
Hibernate: select last_insert_rowid()
2025-10-25T10:10:40.915+09:00 DEBUG 16416 --- [Shift Scheduler Demo] [           main] org.hibernate.SQL                        : insert into shift_assignments (employee_id,end_time,shift_name,start_time,work_date) values (?,?,?,?,?)
Hibernate: insert into shift_assignments (employee_id,end_time,shift_name,start_time,work_date) values (?,?,?,?,?)
2025-10-25T10:10:40.916+09:00 DEBUG 16416 --- [Shift Scheduler Demo] [           main] org.hibernate.SQL                        : select last_insert_rowid()
Hibernate: select last_insert_rowid()
2025-10-25T10:10:40.916+09:00 DEBUG 16416 --- [Shift Scheduler Demo] [           main] org.hibernate.SQL                        : insert into shift_assignments (employee_id,end_time,shift_name,start_time,work_date) values (?,?,?,?,?)
Hibernate: insert into shift_assignments (employee_id,end_time,shift_name,start_time,work_date) values (?,?,?,?,?)
2025-10-25T10:10:40.916+09:00 DEBUG 16416 --- [Shift Scheduler Demo] [           main] org.hibernate.SQL                        : select last_insert_rowid()
Hibernate: select last_insert_rowid()
2025-10-25T10:10:40.917+09:00 DEBUG 16416 --- [Shift Scheduler Demo] [           main] org.hibernate.SQL                        : insert into shift_assignments (employee_id,end_time,shift_name,start_time,work_date) values (?,?,?,?,?)
Hibernate: insert into shift_assignments (employee_id,end_time,shift_name,start_time,work_date) values (?,?,?,?,?)
2025-10-25T10:10:40.917+09:00 DEBUG 16416 --- [Shift Scheduler Demo] [           main] org.hibernate.SQL                        : select last_insert_rowid()
Hibernate: select last_insert_rowid()
2025-10-25T10:10:40.917+09:00 DEBUG 16416 --- [Shift Scheduler Demo] [           main] org.hibernate.SQL                        : insert into shift_assignments (employee_id,end_time,shift_name,start_time,work_date) values (?,?,?,?,?)
Hibernate: insert into shift_assignments (employee_id,end_time,shift_name,start_time,work_date) values (?,?,?,?,?)
2025-10-25T10:10:40.918+09:00 DEBUG 16416 --- [Shift Scheduler Demo] [           main] org.hibernate.SQL                        : select last_insert_rowid()
Hibernate: select last_insert_rowid()
2025-10-25T10:10:40.919+09:00 DEBUG 16416 --- [Shift Scheduler Demo] [           main] org.hibernate.SQL                        : insert into shift_assignments (employee_id,end_time,shift_name,start_time,work_date) values (?,?,?,?,?)
Hibernate: insert into shift_assignments (employee_id,end_time,shift_name,start_time,work_date) values (?,?,?,?,?)
2025-10-25T10:10:40.919+09:00 DEBUG 16416 --- [Shift Scheduler Demo] [           main] org.hibernate.SQL                        : select last_insert_rowid()
Hibernate: select last_insert_rowid()
2025-10-25T10:10:40.919+09:00 DEBUG 16416 --- [Shift Scheduler Demo] [           main] org.hibernate.SQL                        : insert into shift_assignments (employee_id,end_time,shift_name,start_time,work_date) values (?,?,?,?,?)
Hibernate: insert into shift_assignments (employee_id,end_time,shift_name,start_time,work_date) values (?,?,?,?,?)
2025-10-25T10:10:40.920+09:00 DEBUG 16416 --- [Shift Scheduler Demo] [           main] org.hibernate.SQL                        : select last_insert_rowid()
Hibernate: select last_insert_rowid()
2025-10-25T10:10:40.920+09:00 DEBUG 16416 --- [Shift Scheduler Demo] [           main] org.hibernate.SQL                        : insert into shift_assignments (employee_id,end_time,shift_name,start_time,work_date) values (?,?,?,?,?)
Hibernate: insert into shift_assignments (employee_id,end_time,shift_name,start_time,work_date) values (?,?,?,?,?)
2025-10-25T10:10:40.920+09:00 DEBUG 16416 --- [Shift Scheduler Demo] [           main] org.hibernate.SQL                        : select last_insert_rowid()
Hibernate: select last_insert_rowid()
2025-10-25T10:10:40.921+09:00 DEBUG 16416 --- [Shift Scheduler Demo] [           main] org.hibernate.SQL                        : insert into shift_assignments (employee_id,end_time,shift_name,start_time,work_date) values (?,?,?,?,?)
Hibernate: insert into shift_assignments (employee_id,end_time,shift_name,start_time,work_date) values (?,?,?,?,?)
2025-10-25T10:10:40.921+09:00 DEBUG 16416 --- [Shift Scheduler Demo] [           main] org.hibernate.SQL                        : select last_insert_rowid()
Hibernate: select last_insert_rowid()
2025-10-25T10:10:40.921+09:00 DEBUG 16416 --- [Shift Scheduler Demo] [           main] org.hibernate.SQL                        : insert into shift_assignments (employee_id,end_time,shift_name,start_time,work_date) values (?,?,?,?,?)
Hibernate: insert into shift_assignments (employee_id,end_time,shift_name,start_time,work_date) values (?,?,?,?,?)
2025-10-25T10:10:40.921+09:00 DEBUG 16416 --- [Shift Scheduler Demo] [           main] org.hibernate.SQL                        : select last_insert_rowid()
Hibernate: select last_insert_rowid()
2025-10-25T10:10:40.921+09:00 DEBUG 16416 --- [Shift Scheduler Demo] [           main] org.hibernate.SQL                        : insert into shift_assignments (employee_id,end_time,shift_name,start_time,work_date) values (?,?,?,?,?)
Hibernate: insert into shift_assignments (employee_id,end_time,shift_name,start_time,work_date) values (?,?,?,?,?)
2025-10-25T10:10:40.921+09:00 DEBUG 16416 --- [Shift Scheduler Demo] [           main] org.hibernate.SQL                        : select last_insert_rowid()
Hibernate: select last_insert_rowid()
2025-10-25T10:10:40.922+09:00 DEBUG 16416 --- [Shift Scheduler Demo] [           main] org.hibernate.SQL                        : insert into shift_assignments (employee_id,end_time,shift_name,start_time,work_date) values (?,?,?,?,?)
Hibernate: insert into shift_assignments (employee_id,end_time,shift_name,start_time,work_date) values (?,?,?,?,?)
2025-10-25T10:10:40.922+09:00 DEBUG 16416 --- [Shift Scheduler Demo] [           main] org.hibernate.SQL                        : select last_insert_rowid()
Hibernate: select last_insert_rowid()
2025-10-25T10:10:40.923+09:00 DEBUG 16416 --- [Shift Scheduler Demo] [           main] org.hibernate.SQL                        : insert into shift_assignments (employee_id,end_time,shift_name,start_time,work_date) values (?,?,?,?,?)
Hibernate: insert into shift_assignments (employee_id,end_time,shift_name,start_time,work_date) values (?,?,?,?,?)
2025-10-25T10:10:40.923+09:00 DEBUG 16416 --- [Shift Scheduler Demo] [           main] org.hibernate.SQL                        : select last_insert_rowid()
Hibernate: select last_insert_rowid()
2025-10-25T10:10:40.923+09:00 DEBUG 16416 --- [Shift Scheduler Demo] [           main] org.hibernate.SQL                        : insert into shift_assignments (employee_id,end_time,shift_name,start_time,work_date) values (?,?,?,?,?)
Hibernate: insert into shift_assignments (employee_id,end_time,shift_name,start_time,work_date) values (?,?,?,?,?)
2025-10-25T10:10:40.923+09:00 DEBUG 16416 --- [Shift Scheduler Demo] [           main] org.hibernate.SQL                        : select last_insert_rowid()
Hibernate: select last_insert_rowid()
2025-10-25T10:10:40.924+09:00 DEBUG 16416 --- [Shift Scheduler Demo] [           main] org.hibernate.SQL                        : insert into shift_assignments (employee_id,end_time,shift_name,start_time,work_date) values (?,?,?,?,?)
Hibernate: insert into shift_assignments (employee_id,end_time,shift_name,start_time,work_date) values (?,?,?,?,?)
2025-10-25T10:10:40.924+09:00 DEBUG 16416 --- [Shift Scheduler Demo] [           main] org.hibernate.SQL                        : select last_insert_rowid()
Hibernate: select last_insert_rowid()
2025-10-25T10:10:40.924+09:00 DEBUG 16416 --- [Shift Scheduler Demo] [           main] org.hibernate.SQL                        : insert into shift_assignments (employee_id,end_time,shift_name,start_time,work_date) values (?,?,?,?,?)
Hibernate: insert into shift_assignments (employee_id,end_time,shift_name,start_time,work_date) values (?,?,?,?,?)
2025-10-25T10:10:40.924+09:00 DEBUG 16416 --- [Shift Scheduler Demo] [           main] org.hibernate.SQL                        : select last_insert_rowid()
Hibernate: select last_insert_rowid()
2025-10-25T10:10:40.924+09:00 DEBUG 16416 --- [Shift Scheduler Demo] [           main] org.hibernate.SQL                        : insert into shift_assignments (employee_id,end_time,shift_name,start_time,work_date) values (?,?,?,?,?)
Hibernate: insert into shift_assignments (employee_id,end_time,shift_name,start_time,work_date) values (?,?,?,?,?)
2025-10-25T10:10:40.924+09:00 DEBUG 16416 --- [Shift Scheduler Demo] [           main] org.hibernate.SQL                        : select last_insert_rowid()
Hibernate: select last_insert_rowid()
2025-10-25T10:10:40.925+09:00 DEBUG 16416 --- [Shift Scheduler Demo] [           main] org.hibernate.SQL                        : insert into shift_assignments (employee_id,end_time,shift_name,start_time,work_date) values (?,?,?,?,?)
Hibernate: insert into shift_assignments (employee_id,end_time,shift_name,start_time,work_date) values (?,?,?,?,?)
2025-10-25T10:10:40.925+09:00 DEBUG 16416 --- [Shift Scheduler Demo] [           main] org.hibernate.SQL                        : select last_insert_rowid()
Hibernate: select last_insert_rowid()
2025-10-25T10:10:40.925+09:00 DEBUG 16416 --- [Shift Scheduler Demo] [           main] org.hibernate.SQL                        : insert into shift_assignments (employee_id,end_time,shift_name,start_time,work_date) values (?,?,?,?,?)
Hibernate: insert into shift_assignments (employee_id,end_time,shift_name,start_time,work_date) values (?,?,?,?,?)
2025-10-25T10:10:40.925+09:00 DEBUG 16416 --- [Shift Scheduler Demo] [           main] org.hibernate.SQL                        : select last_insert_rowid()
Hibernate: select last_insert_rowid()
2025-10-25T10:10:40.925+09:00 DEBUG 16416 --- [Shift Scheduler Demo] [           main] org.hibernate.SQL                        : insert into shift_assignments (employee_id,end_time,shift_name,start_time,work_date) values (?,?,?,?,?)
Hibernate: insert into shift_assignments (employee_id,end_time,shift_name,start_time,work_date) values (?,?,?,?,?)
2025-10-25T10:10:40.926+09:00 DEBUG 16416 --- [Shift Scheduler Demo] [           main] org.hibernate.SQL                        : select last_insert_rowid()
Hibernate: select last_insert_rowid()
2025-10-25T10:10:40.926+09:00 DEBUG 16416 --- [Shift Scheduler Demo] [           main] org.hibernate.SQL                        : insert into shift_assignments (employee_id,end_time,shift_name,start_time,work_date) values (?,?,?,?,?)
Hibernate: insert into shift_assignments (employee_id,end_time,shift_name,start_time,work_date) values (?,?,?,?,?)
2025-10-25T10:10:40.926+09:00 DEBUG 16416 --- [Shift Scheduler Demo] [           main] org.hibernate.SQL                        : select last_insert_rowid()
Hibernate: select last_insert_rowid()
2025-10-25T10:10:40.926+09:00 DEBUG 16416 --- [Shift Scheduler Demo] [           main] org.hibernate.SQL                        : insert into shift_assignments (employee_id,end_time,shift_name,start_time,work_date) values (?,?,?,?,?)
Hibernate: insert into shift_assignments (employee_id,end_time,shift_name,start_time,work_date) values (?,?,?,?,?)
2025-10-25T10:10:40.926+09:00 DEBUG 16416 --- [Shift Scheduler Demo] [           main] org.hibernate.SQL                        : select last_insert_rowid()
Hibernate: select last_insert_rowid()
2025-10-25T10:10:40.926+09:00 DEBUG 16416 --- [Shift Scheduler Demo] [           main] org.hibernate.SQL                        : insert into shift_assignments (employee_id,end_time,shift_name,start_time,work_date) values (?,?,?,?,?)
Hibernate: insert into shift_assignments (employee_id,end_time,shift_name,start_time,work_date) values (?,?,?,?,?)
2025-10-25T10:10:40.926+09:00 DEBUG 16416 --- [Shift Scheduler Demo] [           main] org.hibernate.SQL                        : select last_insert_rowid()
Hibernate: select last_insert_rowid()
2025-10-25T10:10:40.926+09:00 DEBUG 16416 --- [Shift Scheduler Demo] [           main] org.hibernate.SQL                        : insert into shift_assignments (employee_id,end_time,shift_name,start_time,work_date) values (?,?,?,?,?)
Hibernate: insert into shift_assignments (employee_id,end_time,shift_name,start_time,work_date) values (?,?,?,?,?)
2025-10-25T10:10:40.926+09:00 DEBUG 16416 --- [Shift Scheduler Demo] [           main] org.hibernate.SQL                        : select last_insert_rowid()
Hibernate: select last_insert_rowid()
2025-10-25T10:10:40.926+09:00 DEBUG 16416 --- [Shift Scheduler Demo] [           main] org.hibernate.SQL                        : insert into shift_assignments (employee_id,end_time,shift_name,start_time,work_date) values (?,?,?,?,?)
Hibernate: insert into shift_assignments (employee_id,end_time,shift_name,start_time,work_date) values (?,?,?,?,?)
2025-10-25T10:10:40.928+09:00 DEBUG 16416 --- [Shift Scheduler Demo] [           main] org.hibernate.SQL                        : select last_insert_rowid()
Hibernate: select last_insert_rowid()
2025-10-25T10:10:40.928+09:00 DEBUG 16416 --- [Shift Scheduler Demo] [           main] org.hibernate.SQL                        : insert into shift_assignments (employee_id,end_time,shift_name,start_time,work_date) values (?,?,?,?,?)
Hibernate: insert into shift_assignments (employee_id,end_time,shift_name,start_time,work_date) values (?,?,?,?,?)
2025-10-25T10:10:40.928+09:00 DEBUG 16416 --- [Shift Scheduler Demo] [           main] org.hibernate.SQL                        : select last_insert_rowid()
Hibernate: select last_insert_rowid()
2025-10-25T10:10:40.928+09:00 DEBUG 16416 --- [Shift Scheduler Demo] [           main] org.hibernate.SQL                        : insert into shift_assignments (employee_id,end_time,shift_name,start_time,work_date) values (?,?,?,?,?)
Hibernate: insert into shift_assignments (employee_id,end_time,shift_name,start_time,work_date) values (?,?,?,?,?)
2025-10-25T10:10:40.928+09:00 DEBUG 16416 --- [Shift Scheduler Demo] [           main] org.hibernate.SQL                        : select last_insert_rowid()
Hibernate: select last_insert_rowid()
2025-10-25T10:10:40.928+09:00 DEBUG 16416 --- [Shift Scheduler Demo] [           main] org.hibernate.SQL                        : insert into shift_assignments (employee_id,end_time,shift_name,start_time,work_date) values (?,?,?,?,?)
Hibernate: insert into shift_assignments (employee_id,end_time,shift_name,start_time,work_date) values (?,?,?,?,?)
2025-10-25T10:10:40.930+09:00 DEBUG 16416 --- [Shift Scheduler Demo] [           main] org.hibernate.SQL                        : select last_insert_rowid()
Hibernate: select last_insert_rowid()
2025-10-25T10:10:40.930+09:00 DEBUG 16416 --- [Shift Scheduler Demo] [           main] org.hibernate.SQL                        : insert into shift_assignments (employee_id,end_time,shift_name,start_time,work_date) values (?,?,?,?,?)
Hibernate: insert into shift_assignments (employee_id,end_time,shift_name,start_time,work_date) values (?,?,?,?,?)
2025-10-25T10:10:40.930+09:00 DEBUG 16416 --- [Shift Scheduler Demo] [           main] org.hibernate.SQL                        : select last_insert_rowid()
Hibernate: select last_insert_rowid()
2025-10-25T10:10:40.930+09:00 DEBUG 16416 --- [Shift Scheduler Demo] [           main] org.hibernate.SQL                        : insert into shift_assignments (employee_id,end_time,shift_name,start_time,work_date) values (?,?,?,?,?)
Hibernate: insert into shift_assignments (employee_id,end_time,shift_name,start_time,work_date) values (?,?,?,?,?)
2025-10-25T10:10:40.931+09:00 DEBUG 16416 --- [Shift Scheduler Demo] [           main] org.hibernate.SQL                        : select last_insert_rowid()
Hibernate: select last_insert_rowid()
2025-10-25T10:10:40.931+09:00 DEBUG 16416 --- [Shift Scheduler Demo] [           main] org.hibernate.SQL                        : insert into shift_assignments (employee_id,end_time,shift_name,start_time,work_date) values (?,?,?,?,?)
Hibernate: insert into shift_assignments (employee_id,end_time,shift_name,start_time,work_date) values (?,?,?,?,?)
2025-10-25T10:10:40.931+09:00 DEBUG 16416 --- [Shift Scheduler Demo] [           main] org.hibernate.SQL                        : select last_insert_rowid()
Hibernate: select last_insert_rowid()
2025-10-25T10:10:40.931+09:00 DEBUG 16416 --- [Shift Scheduler Demo] [           main] org.hibernate.SQL                        : insert into shift_assignments (employee_id,end_time,shift_name,start_time,work_date) values (?,?,?,?,?)
Hibernate: insert into shift_assignments (employee_id,end_time,shift_name,start_time,work_date) values (?,?,?,?,?)
2025-10-25T10:10:40.932+09:00 DEBUG 16416 --- [Shift Scheduler Demo] [           main] org.hibernate.SQL                        : select last_insert_rowid()
Hibernate: select last_insert_rowid()
2025-10-25T10:10:40.932+09:00 DEBUG 16416 --- [Shift Scheduler Demo] [           main] org.hibernate.SQL                        : insert into shift_assignments (employee_id,end_time,shift_name,start_time,work_date) values (?,?,?,?,?)
Hibernate: insert into shift_assignments (employee_id,end_time,shift_name,start_time,work_date) values (?,?,?,?,?)
2025-10-25T10:10:40.932+09:00 DEBUG 16416 --- [Shift Scheduler Demo] [           main] org.hibernate.SQL                        : select last_insert_rowid()
Hibernate: select last_insert_rowid()
2025-10-25T10:10:40.932+09:00 DEBUG 16416 --- [Shift Scheduler Demo] [           main] org.hibernate.SQL                        : insert into shift_assignments (employee_id,end_time,shift_name,start_time,work_date) values (?,?,?,?,?)
Hibernate: insert into shift_assignments (employee_id,end_time,shift_name,start_time,work_date) values (?,?,?,?,?)
2025-10-25T10:10:40.932+09:00 DEBUG 16416 --- [Shift Scheduler Demo] [           main] org.hibernate.SQL                        : select last_insert_rowid()
Hibernate: select last_insert_rowid()
2025-10-25T10:10:40.932+09:00 DEBUG 16416 --- [Shift Scheduler Demo] [           main] org.hibernate.SQL                        : insert into shift_assignments (employee_id,end_time,shift_name,start_time,work_date) values (?,?,?,?,?)
Hibernate: insert into shift_assignments (employee_id,end_time,shift_name,start_time,work_date) values (?,?,?,?,?)
2025-10-25T10:10:40.933+09:00 DEBUG 16416 --- [Shift Scheduler Demo] [           main] org.hibernate.SQL                        : select last_insert_rowid()
Hibernate: select last_insert_rowid()
2025-10-25T10:10:40.933+09:00 DEBUG 16416 --- [Shift Scheduler Demo] [           main] org.hibernate.SQL                        : insert into shift_assignments (employee_id,end_time,shift_name,start_time,work_date) values (?,?,?,?,?)
Hibernate: insert into shift_assignments (employee_id,end_time,shift_name,start_time,work_date) values (?,?,?,?,?)
2025-10-25T10:10:40.933+09:00 DEBUG 16416 --- [Shift Scheduler Demo] [           main] org.hibernate.SQL                        : select last_insert_rowid()
Hibernate: select last_insert_rowid()
2025-10-25T10:10:40.933+09:00 DEBUG 16416 --- [Shift Scheduler Demo] [           main] org.hibernate.SQL                        : insert into shift_assignments (employee_id,end_time,shift_name,start_time,work_date) values (?,?,?,?,?)
Hibernate: insert into shift_assignments (employee_id,end_time,shift_name,start_time,work_date) values (?,?,?,?,?)
2025-10-25T10:10:40.933+09:00 DEBUG 16416 --- [Shift Scheduler Demo] [           main] org.hibernate.SQL                        : select last_insert_rowid()
Hibernate: select last_insert_rowid()
2025-10-25T10:10:40.934+09:00 DEBUG 16416 --- [Shift Scheduler Demo] [           main] org.hibernate.SQL                        : insert into shift_assignments (employee_id,end_time,shift_name,start_time,work_date) values (?,?,?,?,?)
Hibernate: insert into shift_assignments (employee_id,end_time,shift_name,start_time,work_date) values (?,?,?,?,?)
2025-10-25T10:10:40.934+09:00 DEBUG 16416 --- [Shift Scheduler Demo] [           main] org.hibernate.SQL                        : select last_insert_rowid()
Hibernate: select last_insert_rowid()
2025-10-25T10:10:40.934+09:00 DEBUG 16416 --- [Shift Scheduler Demo] [           main] org.hibernate.SQL                        : insert into shift_assignments (employee_id,end_time,shift_name,start_time,work_date) values (?,?,?,?,?)
Hibernate: insert into shift_assignments (employee_id,end_time,shift_name,start_time,work_date) values (?,?,?,?,?)
2025-10-25T10:10:40.934+09:00 DEBUG 16416 --- [Shift Scheduler Demo] [           main] org.hibernate.SQL                        : select last_insert_rowid()
Hibernate: select last_insert_rowid()
2025-10-25T10:10:40.934+09:00 DEBUG 16416 --- [Shift Scheduler Demo] [           main] org.hibernate.SQL                        : insert into shift_assignments (employee_id,end_time,shift_name,start_time,work_date) values (?,?,?,?,?)
Hibernate: insert into shift_assignments (employee_id,end_time,shift_name,start_time,work_date) values (?,?,?,?,?)
2025-10-25T10:10:40.935+09:00 DEBUG 16416 --- [Shift Scheduler Demo] [           main] org.hibernate.SQL                        : select last_insert_rowid()
Hibernate: select last_insert_rowid()
2025-10-25T10:10:40.935+09:00 DEBUG 16416 --- [Shift Scheduler Demo] [           main] org.hibernate.SQL                        : insert into shift_assignments (employee_id,end_time,shift_name,start_time,work_date) values (?,?,?,?,?)
Hibernate: insert into shift_assignments (employee_id,end_time,shift_name,start_time,work_date) values (?,?,?,?,?)
2025-10-25T10:10:40.935+09:00 DEBUG 16416 --- [Shift Scheduler Demo] [           main] org.hibernate.SQL                        : select last_insert_rowid()
Hibernate: select last_insert_rowid()
2025-10-25T10:10:40.935+09:00 DEBUG 16416 --- [Shift Scheduler Demo] [           main] org.hibernate.SQL                        : insert into shift_assignments (employee_id,end_time,shift_name,start_time,work_date) values (?,?,?,?,?)
Hibernate: insert into shift_assignments (employee_id,end_time,shift_name,start_time,work_date) values (?,?,?,?,?)
2025-10-25T10:10:40.935+09:00 DEBUG 16416 --- [Shift Scheduler Demo] [           main] org.hibernate.SQL                        : select last_insert_rowid()
Hibernate: select last_insert_rowid()
2025-10-25T10:10:40.935+09:00 DEBUG 16416 --- [Shift Scheduler Demo] [           main] org.hibernate.SQL                        : insert into shift_assignments (employee_id,end_time,shift_name,start_time,work_date) values (?,?,?,?,?)
Hibernate: insert into shift_assignments (employee_id,end_time,shift_name,start_time,work_date) values (?,?,?,?,?)
2025-10-25T10:10:40.935+09:00 DEBUG 16416 --- [Shift Scheduler Demo] [           main] org.hibernate.SQL                        : select last_insert_rowid()
Hibernate: select last_insert_rowid()
2025-10-25T10:10:40.935+09:00 DEBUG 16416 --- [Shift Scheduler Demo] [           main] org.hibernate.SQL                        : insert into shift_assignments (employee_id,end_time,shift_name,start_time,work_date) values (?,?,?,?,?)
Hibernate: insert into shift_assignments (employee_id,end_time,shift_name,start_time,work_date) values (?,?,?,?,?)
2025-10-25T10:10:40.936+09:00 DEBUG 16416 --- [Shift Scheduler Demo] [           main] org.hibernate.SQL                        : select last_insert_rowid()
Hibernate: select last_insert_rowid()
2025-10-25T10:10:40.936+09:00 DEBUG 16416 --- [Shift Scheduler Demo] [           main] org.hibernate.SQL                        : insert into shift_assignments (employee_id,end_time,shift_name,start_time,work_date) values (?,?,?,?,?)
Hibernate: insert into shift_assignments (employee_id,end_time,shift_name,start_time,work_date) values (?,?,?,?,?)
2025-10-25T10:10:40.936+09:00 DEBUG 16416 --- [Shift Scheduler Demo] [           main] org.hibernate.SQL                        : select last_insert_rowid()
Hibernate: select last_insert_rowid()
2025-10-25T10:10:40.936+09:00 DEBUG 16416 --- [Shift Scheduler Demo] [           main] org.hibernate.SQL                        : insert into shift_assignments (employee_id,end_time,shift_name,start_time,work_date) values (?,?,?,?,?)
Hibernate: insert into shift_assignments (employee_id,end_time,shift_name,start_time,work_date) values (?,?,?,?,?)
2025-10-25T10:10:40.936+09:00 DEBUG 16416 --- [Shift Scheduler Demo] [           main] org.hibernate.SQL                        : select last_insert_rowid()
Hibernate: select last_insert_rowid()
2025-10-25T10:10:40.937+09:00 DEBUG 16416 --- [Shift Scheduler Demo] [           main] org.hibernate.SQL                        : insert into shift_assignments (employee_id,end_time,shift_name,start_time,work_date) values (?,?,?,?,?)
Hibernate: insert into shift_assignments (employee_id,end_time,shift_name,start_time,work_date) values (?,?,?,?,?)
2025-10-25T10:10:40.937+09:00 DEBUG 16416 --- [Shift Scheduler Demo] [           main] org.hibernate.SQL                        : select last_insert_rowid()
Hibernate: select last_insert_rowid()
2025-10-25T10:10:40.938+09:00 DEBUG 16416 --- [Shift Scheduler Demo] [           main] org.hibernate.SQL                        : insert into shift_assignments (employee_id,end_time,shift_name,start_time,work_date) values (?,?,?,?,?)
Hibernate: insert into shift_assignments (employee_id,end_time,shift_name,start_time,work_date) values (?,?,?,?,?)
2025-10-25T10:10:40.938+09:00 DEBUG 16416 --- [Shift Scheduler Demo] [           main] org.hibernate.SQL                        : select last_insert_rowid()
Hibernate: select last_insert_rowid()
2025-10-25T10:10:40.939+09:00 DEBUG 16416 --- [Shift Scheduler Demo] [           main] org.hibernate.SQL                        : insert into shift_assignments (employee_id,end_time,shift_name,start_time,work_date) values (?,?,?,?,?)
Hibernate: insert into shift_assignments (employee_id,end_time,shift_name,start_time,work_date) values (?,?,?,?,?)
2025-10-25T10:10:40.939+09:00 DEBUG 16416 --- [Shift Scheduler Demo] [           main] org.hibernate.SQL                        : select last_insert_rowid()
Hibernate: select last_insert_rowid()
2025-10-25T10:10:40.939+09:00 DEBUG 16416 --- [Shift Scheduler Demo] [           main] org.hibernate.SQL                        : insert into shift_assignments (employee_id,end_time,shift_name,start_time,work_date) values (?,?,?,?,?)
Hibernate: insert into shift_assignments (employee_id,end_time,shift_name,start_time,work_date) values (?,?,?,?,?)
2025-10-25T10:10:40.939+09:00 DEBUG 16416 --- [Shift Scheduler Demo] [           main] org.hibernate.SQL                        : select last_insert_rowid()
Hibernate: select last_insert_rowid()
2025-10-25T10:10:40.940+09:00 DEBUG 16416 --- [Shift Scheduler Demo] [           main] org.hibernate.SQL                        : insert into shift_assignments (employee_id,end_time,shift_name,start_time,work_date) values (?,?,?,?,?)
Hibernate: insert into shift_assignments (employee_id,end_time,shift_name,start_time,work_date) values (?,?,?,?,?)
2025-10-25T10:10:40.940+09:00 DEBUG 16416 --- [Shift Scheduler Demo] [           main] org.hibernate.SQL                        : select last_insert_rowid()
Hibernate: select last_insert_rowid()
2025-10-25T10:10:40.940+09:00 DEBUG 16416 --- [Shift Scheduler Demo] [           main] org.hibernate.SQL                        : insert into shift_assignments (employee_id,end_time,shift_name,start_time,work_date) values (?,?,?,?,?)
Hibernate: insert into shift_assignments (employee_id,end_time,shift_name,start_time,work_date) values (?,?,?,?,?)
2025-10-25T10:10:40.940+09:00 DEBUG 16416 --- [Shift Scheduler Demo] [           main] org.hibernate.SQL                        : select last_insert_rowid()
Hibernate: select last_insert_rowid()
2025-10-25T10:10:40.940+09:00 DEBUG 16416 --- [Shift Scheduler Demo] [           main] org.hibernate.SQL                        : insert into shift_assignments (employee_id,end_time,shift_name,start_time,work_date) values (?,?,?,?,?)
Hibernate: insert into shift_assignments (employee_id,end_time,shift_name,start_time,work_date) values (?,?,?,?,?)
2025-10-25T10:10:40.941+09:00 DEBUG 16416 --- [Shift Scheduler Demo] [           main] org.hibernate.SQL                        : select last_insert_rowid()
Hibernate: select last_insert_rowid()
2025-10-25T10:10:40.941+09:00 DEBUG 16416 --- [Shift Scheduler Demo] [           main] org.hibernate.SQL                        : insert into shift_assignments (employee_id,end_time,shift_name,start_time,work_date) values (?,?,?,?,?)
Hibernate: insert into shift_assignments (employee_id,end_time,shift_name,start_time,work_date) values (?,?,?,?,?)
2025-10-25T10:10:40.941+09:00 DEBUG 16416 --- [Shift Scheduler Demo] [           main] org.hibernate.SQL                        : select last_insert_rowid()
Hibernate: select last_insert_rowid()
2025-10-25T10:10:40.941+09:00 DEBUG 16416 --- [Shift Scheduler Demo] [           main] org.hibernate.SQL                        : insert into shift_assignments (employee_id,end_time,shift_name,start_time,work_date) values (?,?,?,?,?)
Hibernate: insert into shift_assignments (employee_id,end_time,shift_name,start_time,work_date) values (?,?,?,?,?)
2025-10-25T10:10:40.942+09:00 DEBUG 16416 --- [Shift Scheduler Demo] [           main] org.hibernate.SQL                        : select last_insert_rowid()
Hibernate: select last_insert_rowid()
2025-10-25T10:10:40.942+09:00 DEBUG 16416 --- [Shift Scheduler Demo] [           main] org.hibernate.SQL                        : insert into shift_assignments (employee_id,end_time,shift_name,start_time,work_date) values (?,?,?,?,?)
Hibernate: insert into shift_assignments (employee_id,end_time,shift_name,start_time,work_date) values (?,?,?,?,?)
2025-10-25T10:10:40.943+09:00 DEBUG 16416 --- [Shift Scheduler Demo] [           main] org.hibernate.SQL                        : select last_insert_rowid()
Hibernate: select last_insert_rowid()
2025-10-25T10:10:40.943+09:00 DEBUG 16416 --- [Shift Scheduler Demo] [           main] org.hibernate.SQL                        : insert into shift_assignments (employee_id,end_time,shift_name,start_time,work_date) values (?,?,?,?,?)
Hibernate: insert into shift_assignments (employee_id,end_time,shift_name,start_time,work_date) values (?,?,?,?,?)
2025-10-25T10:10:40.943+09:00 DEBUG 16416 --- [Shift Scheduler Demo] [           main] org.hibernate.SQL                        : select last_insert_rowid()
Hibernate: select last_insert_rowid()
2025-10-25T10:10:40.943+09:00 DEBUG 16416 --- [Shift Scheduler Demo] [           main] org.hibernate.SQL                        : insert into shift_assignments (employee_id,end_time,shift_name,start_time,work_date) values (?,?,?,?,?)
Hibernate: insert into shift_assignments (employee_id,end_time,shift_name,start_time,work_date) values (?,?,?,?,?)
2025-10-25T10:10:40.943+09:00 DEBUG 16416 --- [Shift Scheduler Demo] [           main] org.hibernate.SQL                        : select last_insert_rowid()
Hibernate: select last_insert_rowid()
2025-10-25T10:10:40.943+09:00 DEBUG 16416 --- [Shift Scheduler Demo] [           main] org.hibernate.SQL                        : insert into shift_assignments (employee_id,end_time,shift_name,start_time,work_date) values (?,?,?,?,?)
Hibernate: insert into shift_assignments (employee_id,end_time,shift_name,start_time,work_date) values (?,?,?,?,?)
2025-10-25T10:10:40.943+09:00 DEBUG 16416 --- [Shift Scheduler Demo] [           main] org.hibernate.SQL                        : select last_insert_rowid()
Hibernate: select last_insert_rowid()
2025-10-25T10:10:40.943+09:00 DEBUG 16416 --- [Shift Scheduler Demo] [           main] org.hibernate.SQL                        : insert into shift_assignments (employee_id,end_time,shift_name,start_time,work_date) values (?,?,?,?,?)
Hibernate: insert into shift_assignments (employee_id,end_time,shift_name,start_time,work_date) values (?,?,?,?,?)
2025-10-25T10:10:40.943+09:00 DEBUG 16416 --- [Shift Scheduler Demo] [           main] org.hibernate.SQL                        : select last_insert_rowid()
Hibernate: select last_insert_rowid()
2025-10-25T10:10:40.945+09:00 DEBUG 16416 --- [Shift Scheduler Demo] [           main] org.hibernate.SQL                        : insert into shift_assignments (employee_id,end_time,shift_name,start_time,work_date) values (?,?,?,?,?)
Hibernate: insert into shift_assignments (employee_id,end_time,shift_name,start_time,work_date) values (?,?,?,?,?)
2025-10-25T10:10:40.945+09:00 DEBUG 16416 --- [Shift Scheduler Demo] [           main] org.hibernate.SQL                        : select last_insert_rowid()
Hibernate: select last_insert_rowid()
2025-10-25T10:10:40.945+09:00 DEBUG 16416 --- [Shift Scheduler Demo] [           main] org.hibernate.SQL                        : insert into shift_assignments (employee_id,end_time,shift_name,start_time,work_date) values (?,?,?,?,?)
Hibernate: insert into shift_assignments (employee_id,end_time,shift_name,start_time,work_date) values (?,?,?,?,?)
2025-10-25T10:10:40.945+09:00 DEBUG 16416 --- [Shift Scheduler Demo] [           main] org.hibernate.SQL                        : select last_insert_rowid()
Hibernate: select last_insert_rowid()
2025-10-25T10:10:40.945+09:00 DEBUG 16416 --- [Shift Scheduler Demo] [           main] org.hibernate.SQL                        : insert into shift_assignments (employee_id,end_time,shift_name,start_time,work_date) values (?,?,?,?,?)
Hibernate: insert into shift_assignments (employee_id,end_time,shift_name,start_time,work_date) values (?,?,?,?,?)
2025-10-25T10:10:40.946+09:00 DEBUG 16416 --- [Shift Scheduler Demo] [           main] org.hibernate.SQL                        : select last_insert_rowid()
Hibernate: select last_insert_rowid()
2025-10-25T10:10:40.946+09:00 DEBUG 16416 --- [Shift Scheduler Demo] [           main] org.hibernate.SQL                        : insert into shift_assignments (employee_id,end_time,shift_name,start_time,work_date) values (?,?,?,?,?)
Hibernate: insert into shift_assignments (employee_id,end_time,shift_name,start_time,work_date) values (?,?,?,?,?)
2025-10-25T10:10:40.947+09:00 DEBUG 16416 --- [Shift Scheduler Demo] [           main] org.hibernate.SQL                        : select last_insert_rowid()
Hibernate: select last_insert_rowid()
2025-10-25T10:10:40.948+09:00 DEBUG 16416 --- [Shift Scheduler Demo] [           main] org.hibernate.SQL                        : insert into shift_assignments (employee_id,end_time,shift_name,start_time,work_date) values (?,?,?,?,?)
Hibernate: insert into shift_assignments (employee_id,end_time,shift_name,start_time,work_date) values (?,?,?,?,?)
2025-10-25T10:10:40.948+09:00 DEBUG 16416 --- [Shift Scheduler Demo] [           main] org.hibernate.SQL                        : select last_insert_rowid()
Hibernate: select last_insert_rowid()
2025-10-25T10:10:40.949+09:00 DEBUG 16416 --- [Shift Scheduler Demo] [           main] org.hibernate.SQL                        : insert into shift_assignments (employee_id,end_time,shift_name,start_time,work_date) values (?,?,?,?,?)
Hibernate: insert into shift_assignments (employee_id,end_time,shift_name,start_time,work_date) values (?,?,?,?,?)
2025-10-25T10:10:40.949+09:00 DEBUG 16416 --- [Shift Scheduler Demo] [           main] org.hibernate.SQL                        : select last_insert_rowid()
Hibernate: select last_insert_rowid()
2025-10-25T10:10:40.949+09:00 DEBUG 16416 --- [Shift Scheduler Demo] [           main] org.hibernate.SQL                        : insert into shift_assignments (employee_id,end_time,shift_name,start_time,work_date) values (?,?,?,?,?)
Hibernate: insert into shift_assignments (employee_id,end_time,shift_name,start_time,work_date) values (?,?,?,?,?)
2025-10-25T10:10:40.950+09:00 DEBUG 16416 --- [Shift Scheduler Demo] [           main] org.hibernate.SQL                        : select last_insert_rowid()
Hibernate: select last_insert_rowid()
2025-10-25T10:10:40.950+09:00 DEBUG 16416 --- [Shift Scheduler Demo] [           main] org.hibernate.SQL                        : insert into shift_assignments (employee_id,end_time,shift_name,start_time,work_date) values (?,?,?,?,?)
Hibernate: insert into shift_assignments (employee_id,end_time,shift_name,start_time,work_date) values (?,?,?,?,?)
2025-10-25T10:10:40.950+09:00 DEBUG 16416 --- [Shift Scheduler Demo] [           main] org.hibernate.SQL                        : select last_insert_rowid()
Hibernate: select last_insert_rowid()
2025-10-25T10:10:40.951+09:00 DEBUG 16416 --- [Shift Scheduler Demo] [           main] org.hibernate.SQL                        : insert into shift_assignments (employee_id,end_time,shift_name,start_time,work_date) values (?,?,?,?,?)
Hibernate: insert into shift_assignments (employee_id,end_time,shift_name,start_time,work_date) values (?,?,?,?,?)
2025-10-25T10:10:40.951+09:00 DEBUG 16416 --- [Shift Scheduler Demo] [           main] org.hibernate.SQL                        : select last_insert_rowid()
Hibernate: select last_insert_rowid()
2025-10-25T10:10:40.951+09:00 DEBUG 16416 --- [Shift Scheduler Demo] [           main] org.hibernate.SQL                        : insert into shift_assignments (employee_id,end_time,shift_name,start_time,work_date) values (?,?,?,?,?)
Hibernate: insert into shift_assignments (employee_id,end_time,shift_name,start_time,work_date) values (?,?,?,?,?)
2025-10-25T10:10:40.951+09:00 DEBUG 16416 --- [Shift Scheduler Demo] [           main] org.hibernate.SQL                        : select last_insert_rowid()
Hibernate: select last_insert_rowid()
2025-10-25T10:10:40.951+09:00 DEBUG 16416 --- [Shift Scheduler Demo] [           main] org.hibernate.SQL                        : insert into shift_assignments (employee_id,end_time,shift_name,start_time,work_date) values (?,?,?,?,?)
Hibernate: insert into shift_assignments (employee_id,end_time,shift_name,start_time,work_date) values (?,?,?,?,?)
2025-10-25T10:10:40.952+09:00 DEBUG 16416 --- [Shift Scheduler Demo] [           main] org.hibernate.SQL                        : select last_insert_rowid()
Hibernate: select last_insert_rowid()
2025-10-25T10:10:40.952+09:00  INFO 16416 --- [Shift Scheduler Demo] [           main] c.e.shiftv1.schedule.ScheduleService     : シフト生成が完了しました: 92件の割り当てを生成
]]></system-out>
  </testcase>
  <testcase name="generateMonthlySchedule_assignsEmployeesForEachShift" classname="com.example.shiftv1.schedule.ScheduleServiceTest" time="0.553">
    <system-out><![CDATA[2025-10-25T10:10:40.985+09:00 DEBUG 16416 --- [Shift Scheduler Demo] [           main] org.hibernate.SQL                        : select sa1_0.id,sa1_0.employee_id,sa1_0.end_time,sa1_0.shift_name,sa1_0.start_time,sa1_0.work_date from shift_assignments sa1_0
Hibernate: select sa1_0.id,sa1_0.employee_id,sa1_0.end_time,sa1_0.shift_name,sa1_0.start_time,sa1_0.work_date from shift_assignments sa1_0
2025-10-25T10:10:41.045+09:00 DEBUG 16416 --- [Shift Scheduler Demo] [           main] org.hibernate.SQL                        : select ec1_0.id,ec1_0.is_active,ec1_0.created_at,ec1_0.date,ec1_0.employee_id,ec1_0.end_time,ec1_0.reason,ec1_0.start_time,ec1_0.type,ec1_0.updated_at from employee_constraints ec1_0
Hibernate: select ec1_0.id,ec1_0.is_active,ec1_0.created_at,ec1_0.date,ec1_0.employee_id,ec1_0.end_time,ec1_0.reason,ec1_0.start_time,ec1_0.type,ec1_0.updated_at from employee_constraints ec1_0
2025-10-25T10:10:41.054+09:00  INFO 16416 --- [Shift Scheduler Demo] [           main] c.e.shiftv1.schedule.ScheduleService     : シフト生成を開始します: 2024年7月
2025-10-25T10:10:41.056+09:00 DEBUG 16416 --- [Shift Scheduler Demo] [           main] org.hibernate.SQL                        : select e1_0.id,e1_0.created_at,e1_0.name,e1_0.role from employees e1_0
Hibernate: select e1_0.id,e1_0.created_at,e1_0.name,e1_0.role from employees e1_0
2025-10-25T10:10:41.057+09:00 DEBUG 16416 --- [Shift Scheduler Demo] [           main] org.hibernate.SQL                        : select s1_0.employee_id,s1_1.id,s1_1.code,s1_1.created_at,s1_1.description,s1_1.name,s1_1.priority,s1_1.updated_at from employee_skills s1_0 join skills s1_1 on s1_1.id=s1_0.skill_id where s1_0.employee_id=?
Hibernate: select s1_0.employee_id,s1_1.id,s1_1.code,s1_1.created_at,s1_1.description,s1_1.name,s1_1.priority,s1_1.updated_at from employee_skills s1_0 join skills s1_1 on s1_1.id=s1_0.skill_id where s1_0.employee_id=?
2025-10-25T10:10:41.058+09:00 DEBUG 16416 --- [Shift Scheduler Demo] [           main] org.hibernate.SQL                        : select s1_0.employee_id,s1_1.id,s1_1.code,s1_1.created_at,s1_1.description,s1_1.name,s1_1.priority,s1_1.updated_at from employee_skills s1_0 join skills s1_1 on s1_1.id=s1_0.skill_id where s1_0.employee_id=?
Hibernate: select s1_0.employee_id,s1_1.id,s1_1.code,s1_1.created_at,s1_1.description,s1_1.name,s1_1.priority,s1_1.updated_at from employee_skills s1_0 join skills s1_1 on s1_1.id=s1_0.skill_id where s1_0.employee_id=?
2025-10-25T10:10:41.058+09:00 DEBUG 16416 --- [Shift Scheduler Demo] [           main] org.hibernate.SQL                        : select s1_0.employee_id,s1_1.id,s1_1.code,s1_1.created_at,s1_1.description,s1_1.name,s1_1.priority,s1_1.updated_at from employee_skills s1_0 join skills s1_1 on s1_1.id=s1_0.skill_id where s1_0.employee_id=?
Hibernate: select s1_0.employee_id,s1_1.id,s1_1.code,s1_1.created_at,s1_1.description,s1_1.name,s1_1.priority,s1_1.updated_at from employee_skills s1_0 join skills s1_1 on s1_1.id=s1_0.skill_id where s1_0.employee_id=?
2025-10-25T10:10:41.058+09:00 DEBUG 16416 --- [Shift Scheduler Demo] [           main] org.hibernate.SQL                        : select s1_0.employee_id,s1_1.id,s1_1.code,s1_1.created_at,s1_1.description,s1_1.name,s1_1.priority,s1_1.updated_at from employee_skills s1_0 join skills s1_1 on s1_1.id=s1_0.skill_id where s1_0.employee_id=?
Hibernate: select s1_0.employee_id,s1_1.id,s1_1.code,s1_1.created_at,s1_1.description,s1_1.name,s1_1.priority,s1_1.updated_at from employee_skills s1_0 join skills s1_1 on s1_1.id=s1_0.skill_id where s1_0.employee_id=?
2025-10-25T10:10:41.059+09:00 DEBUG 16416 --- [Shift Scheduler Demo] [           main] org.hibernate.SQL                        : select s1_0.employee_id,s1_1.id,s1_1.code,s1_1.created_at,s1_1.description,s1_1.name,s1_1.priority,s1_1.updated_at from employee_skills s1_0 join skills s1_1 on s1_1.id=s1_0.skill_id where s1_0.employee_id=?
Hibernate: select s1_0.employee_id,s1_1.id,s1_1.code,s1_1.created_at,s1_1.description,s1_1.name,s1_1.priority,s1_1.updated_at from employee_skills s1_0 join skills s1_1 on s1_1.id=s1_0.skill_id where s1_0.employee_id=?
2025-10-25T10:10:41.060+09:00 DEBUG 16416 --- [Shift Scheduler Demo] [           main] org.hibernate.SQL                        : select s1_0.employee_id,s1_1.id,s1_1.code,s1_1.created_at,s1_1.description,s1_1.name,s1_1.priority,s1_1.updated_at from employee_skills s1_0 join skills s1_1 on s1_1.id=s1_0.skill_id where s1_0.employee_id=?
Hibernate: select s1_0.employee_id,s1_1.id,s1_1.code,s1_1.created_at,s1_1.description,s1_1.name,s1_1.priority,s1_1.updated_at from employee_skills s1_0 join skills s1_1 on s1_1.id=s1_0.skill_id where s1_0.employee_id=?
2025-10-25T10:10:41.060+09:00 DEBUG 16416 --- [Shift Scheduler Demo] [           main] org.hibernate.SQL                        : select s1_0.employee_id,s1_1.id,s1_1.code,s1_1.created_at,s1_1.description,s1_1.name,s1_1.priority,s1_1.updated_at from employee_skills s1_0 join skills s1_1 on s1_1.id=s1_0.skill_id where s1_0.employee_id=?
Hibernate: select s1_0.employee_id,s1_1.id,s1_1.code,s1_1.created_at,s1_1.description,s1_1.name,s1_1.priority,s1_1.updated_at from employee_skills s1_0 join skills s1_1 on s1_1.id=s1_0.skill_id where s1_0.employee_id=?
2025-10-25T10:10:41.060+09:00 DEBUG 16416 --- [Shift Scheduler Demo] [           main] org.hibernate.SQL                        : select s1_0.employee_id,s1_1.id,s1_1.code,s1_1.created_at,s1_1.description,s1_1.name,s1_1.priority,s1_1.updated_at from employee_skills s1_0 join skills s1_1 on s1_1.id=s1_0.skill_id where s1_0.employee_id=?
Hibernate: select s1_0.employee_id,s1_1.id,s1_1.code,s1_1.created_at,s1_1.description,s1_1.name,s1_1.priority,s1_1.updated_at from employee_skills s1_0 join skills s1_1 on s1_1.id=s1_0.skill_id where s1_0.employee_id=?
2025-10-25T10:10:41.060+09:00 DEBUG 16416 --- [Shift Scheduler Demo] [           main] org.hibernate.SQL                        : select s1_0.employee_id,s1_1.id,s1_1.code,s1_1.created_at,s1_1.description,s1_1.name,s1_1.priority,s1_1.updated_at from employee_skills s1_0 join skills s1_1 on s1_1.id=s1_0.skill_id where s1_0.employee_id=?
Hibernate: select s1_0.employee_id,s1_1.id,s1_1.code,s1_1.created_at,s1_1.description,s1_1.name,s1_1.priority,s1_1.updated_at from employee_skills s1_0 join skills s1_1 on s1_1.id=s1_0.skill_id where s1_0.employee_id=?
2025-10-25T10:10:41.062+09:00 DEBUG 16416 --- [Shift Scheduler Demo] [           main] org.hibernate.SQL                        : select s1_0.employee_id,s1_1.id,s1_1.code,s1_1.created_at,s1_1.description,s1_1.name,s1_1.priority,s1_1.updated_at from employee_skills s1_0 join skills s1_1 on s1_1.id=s1_0.skill_id where s1_0.employee_id=?
Hibernate: select s1_0.employee_id,s1_1.id,s1_1.code,s1_1.created_at,s1_1.description,s1_1.name,s1_1.priority,s1_1.updated_at from employee_skills s1_0 join skills s1_1 on s1_1.id=s1_0.skill_id where s1_0.employee_id=?
2025-10-25T10:10:41.062+09:00 DEBUG 16416 --- [Shift Scheduler Demo] [           main] org.hibernate.SQL                        : select s1_0.employee_id,s1_1.id,s1_1.code,s1_1.created_at,s1_1.description,s1_1.name,s1_1.priority,s1_1.updated_at from employee_skills s1_0 join skills s1_1 on s1_1.id=s1_0.skill_id where s1_0.employee_id=?
Hibernate: select s1_0.employee_id,s1_1.id,s1_1.code,s1_1.created_at,s1_1.description,s1_1.name,s1_1.priority,s1_1.updated_at from employee_skills s1_0 join skills s1_1 on s1_1.id=s1_0.skill_id where s1_0.employee_id=?
2025-10-25T10:10:41.062+09:00 DEBUG 16416 --- [Shift Scheduler Demo] [           main] org.hibernate.SQL                        : select s1_0.employee_id,s1_1.id,s1_1.code,s1_1.created_at,s1_1.description,s1_1.name,s1_1.priority,s1_1.updated_at from employee_skills s1_0 join skills s1_1 on s1_1.id=s1_0.skill_id where s1_0.employee_id=?
Hibernate: select s1_0.employee_id,s1_1.id,s1_1.code,s1_1.created_at,s1_1.description,s1_1.name,s1_1.priority,s1_1.updated_at from employee_skills s1_0 join skills s1_1 on s1_1.id=s1_0.skill_id where s1_0.employee_id=?
2025-10-25T10:10:41.063+09:00 DEBUG 16416 --- [Shift Scheduler Demo] [           main] org.hibernate.SQL                        : select s1_0.employee_id,s1_1.id,s1_1.code,s1_1.created_at,s1_1.description,s1_1.name,s1_1.priority,s1_1.updated_at from employee_skills s1_0 join skills s1_1 on s1_1.id=s1_0.skill_id where s1_0.employee_id=?
Hibernate: select s1_0.employee_id,s1_1.id,s1_1.code,s1_1.created_at,s1_1.description,s1_1.name,s1_1.priority,s1_1.updated_at from employee_skills s1_0 join skills s1_1 on s1_1.id=s1_0.skill_id where s1_0.employee_id=?
2025-10-25T10:10:41.063+09:00 DEBUG 16416 --- [Shift Scheduler Demo] [           main] org.hibernate.SQL                        : select s1_0.employee_id,s1_1.id,s1_1.code,s1_1.created_at,s1_1.description,s1_1.name,s1_1.priority,s1_1.updated_at from employee_skills s1_0 join skills s1_1 on s1_1.id=s1_0.skill_id where s1_0.employee_id=?
Hibernate: select s1_0.employee_id,s1_1.id,s1_1.code,s1_1.created_at,s1_1.description,s1_1.name,s1_1.priority,s1_1.updated_at from employee_skills s1_0 join skills s1_1 on s1_1.id=s1_0.skill_id where s1_0.employee_id=?
2025-10-25T10:10:41.063+09:00 DEBUG 16416 --- [Shift Scheduler Demo] [           main] org.hibernate.SQL                        : select s1_0.employee_id,s1_1.id,s1_1.code,s1_1.created_at,s1_1.description,s1_1.name,s1_1.priority,s1_1.updated_at from employee_skills s1_0 join skills s1_1 on s1_1.id=s1_0.skill_id where s1_0.employee_id=?
Hibernate: select s1_0.employee_id,s1_1.id,s1_1.code,s1_1.created_at,s1_1.description,s1_1.name,s1_1.priority,s1_1.updated_at from employee_skills s1_0 join skills s1_1 on s1_1.id=s1_0.skill_id where s1_0.employee_id=?
2025-10-25T10:10:41.063+09:00 DEBUG 16416 --- [Shift Scheduler Demo] [           main] org.hibernate.SQL                        : select s1_0.employee_id,s1_1.id,s1_1.code,s1_1.created_at,s1_1.description,s1_1.name,s1_1.priority,s1_1.updated_at from employee_skills s1_0 join skills s1_1 on s1_1.id=s1_0.skill_id where s1_0.employee_id=?
Hibernate: select s1_0.employee_id,s1_1.id,s1_1.code,s1_1.created_at,s1_1.description,s1_1.name,s1_1.priority,s1_1.updated_at from employee_skills s1_0 join skills s1_1 on s1_1.id=s1_0.skill_id where s1_0.employee_id=?
2025-10-25T10:10:41.064+09:00 DEBUG 16416 --- [Shift Scheduler Demo] [           main] org.hibernate.SQL                        : select s1_0.employee_id,s1_1.id,s1_1.code,s1_1.created_at,s1_1.description,s1_1.name,s1_1.priority,s1_1.updated_at from employee_skills s1_0 join skills s1_1 on s1_1.id=s1_0.skill_id where s1_0.employee_id=?
Hibernate: select s1_0.employee_id,s1_1.id,s1_1.code,s1_1.created_at,s1_1.description,s1_1.name,s1_1.priority,s1_1.updated_at from employee_skills s1_0 join skills s1_1 on s1_1.id=s1_0.skill_id where s1_0.employee_id=?
2025-10-25T10:10:41.064+09:00 DEBUG 16416 --- [Shift Scheduler Demo] [           main] org.hibernate.SQL                        : select s1_0.employee_id,s1_1.id,s1_1.code,s1_1.created_at,s1_1.description,s1_1.name,s1_1.priority,s1_1.updated_at from employee_skills s1_0 join skills s1_1 on s1_1.id=s1_0.skill_id where s1_0.employee_id=?
Hibernate: select s1_0.employee_id,s1_1.id,s1_1.code,s1_1.created_at,s1_1.description,s1_1.name,s1_1.priority,s1_1.updated_at from employee_skills s1_0 join skills s1_1 on s1_1.id=s1_0.skill_id where s1_0.employee_id=?
2025-10-25T10:10:41.064+09:00 DEBUG 16416 --- [Shift Scheduler Demo] [           main] org.hibernate.SQL                        : select s1_0.employee_id,s1_1.id,s1_1.code,s1_1.created_at,s1_1.description,s1_1.name,s1_1.priority,s1_1.updated_at from employee_skills s1_0 join skills s1_1 on s1_1.id=s1_0.skill_id where s1_0.employee_id=?
Hibernate: select s1_0.employee_id,s1_1.id,s1_1.code,s1_1.created_at,s1_1.description,s1_1.name,s1_1.priority,s1_1.updated_at from employee_skills s1_0 join skills s1_1 on s1_1.id=s1_0.skill_id where s1_0.employee_id=?
2025-10-25T10:10:41.064+09:00 DEBUG 16416 --- [Shift Scheduler Demo] [           main] org.hibernate.SQL                        : select s1_0.employee_id,s1_1.id,s1_1.code,s1_1.created_at,s1_1.description,s1_1.name,s1_1.priority,s1_1.updated_at from employee_skills s1_0 join skills s1_1 on s1_1.id=s1_0.skill_id where s1_0.employee_id=?
Hibernate: select s1_0.employee_id,s1_1.id,s1_1.code,s1_1.created_at,s1_1.description,s1_1.name,s1_1.priority,s1_1.updated_at from employee_skills s1_0 join skills s1_1 on s1_1.id=s1_0.skill_id where s1_0.employee_id=?
2025-10-25T10:10:41.065+09:00 DEBUG 16416 --- [Shift Scheduler Demo] [           main] org.hibernate.SQL                        : select s1_0.employee_id,s1_1.id,s1_1.code,s1_1.created_at,s1_1.description,s1_1.name,s1_1.priority,s1_1.updated_at from employee_skills s1_0 join skills s1_1 on s1_1.id=s1_0.skill_id where s1_0.employee_id=?
Hibernate: select s1_0.employee_id,s1_1.id,s1_1.code,s1_1.created_at,s1_1.description,s1_1.name,s1_1.priority,s1_1.updated_at from employee_skills s1_0 join skills s1_1 on s1_1.id=s1_0.skill_id where s1_0.employee_id=?
2025-10-25T10:10:41.065+09:00 DEBUG 16416 --- [Shift Scheduler Demo] [           main] org.hibernate.SQL                        : select s1_0.employee_id,s1_1.id,s1_1.code,s1_1.created_at,s1_1.description,s1_1.name,s1_1.priority,s1_1.updated_at from employee_skills s1_0 join skills s1_1 on s1_1.id=s1_0.skill_id where s1_0.employee_id=?
Hibernate: select s1_0.employee_id,s1_1.id,s1_1.code,s1_1.created_at,s1_1.description,s1_1.name,s1_1.priority,s1_1.updated_at from employee_skills s1_0 join skills s1_1 on s1_1.id=s1_0.skill_id where s1_0.employee_id=?
2025-10-25T10:10:41.065+09:00 DEBUG 16416 --- [Shift Scheduler Demo] [           main] org.hibernate.SQL                        : select s1_0.employee_id,s1_1.id,s1_1.code,s1_1.created_at,s1_1.description,s1_1.name,s1_1.priority,s1_1.updated_at from employee_skills s1_0 join skills s1_1 on s1_1.id=s1_0.skill_id where s1_0.employee_id=?
Hibernate: select s1_0.employee_id,s1_1.id,s1_1.code,s1_1.created_at,s1_1.description,s1_1.name,s1_1.priority,s1_1.updated_at from employee_skills s1_0 join skills s1_1 on s1_1.id=s1_0.skill_id where s1_0.employee_id=?
2025-10-25T10:10:41.065+09:00 DEBUG 16416 --- [Shift Scheduler Demo] [           main] org.hibernate.SQL                        : select s1_0.employee_id,s1_1.id,s1_1.code,s1_1.created_at,s1_1.description,s1_1.name,s1_1.priority,s1_1.updated_at from employee_skills s1_0 join skills s1_1 on s1_1.id=s1_0.skill_id where s1_0.employee_id=?
Hibernate: select s1_0.employee_id,s1_1.id,s1_1.code,s1_1.created_at,s1_1.description,s1_1.name,s1_1.priority,s1_1.updated_at from employee_skills s1_0 join skills s1_1 on s1_1.id=s1_0.skill_id where s1_0.employee_id=?
2025-10-25T10:10:41.065+09:00 DEBUG 16416 --- [Shift Scheduler Demo] [           main] org.hibernate.SQL                        : select s1_0.employee_id,s1_1.id,s1_1.code,s1_1.created_at,s1_1.description,s1_1.name,s1_1.priority,s1_1.updated_at from employee_skills s1_0 join skills s1_1 on s1_1.id=s1_0.skill_id where s1_0.employee_id=?
Hibernate: select s1_0.employee_id,s1_1.id,s1_1.code,s1_1.created_at,s1_1.description,s1_1.name,s1_1.priority,s1_1.updated_at from employee_skills s1_0 join skills s1_1 on s1_1.id=s1_0.skill_id where s1_0.employee_id=?
2025-10-25T10:10:41.066+09:00 DEBUG 16416 --- [Shift Scheduler Demo] [           main] org.hibernate.SQL                        : select s1_0.employee_id,s1_1.id,s1_1.code,s1_1.created_at,s1_1.description,s1_1.name,s1_1.priority,s1_1.updated_at from employee_skills s1_0 join skills s1_1 on s1_1.id=s1_0.skill_id where s1_0.employee_id=?
Hibernate: select s1_0.employee_id,s1_1.id,s1_1.code,s1_1.created_at,s1_1.description,s1_1.name,s1_1.priority,s1_1.updated_at from employee_skills s1_0 join skills s1_1 on s1_1.id=s1_0.skill_id where s1_0.employee_id=?
2025-10-25T10:10:41.066+09:00 DEBUG 16416 --- [Shift Scheduler Demo] [           main] org.hibernate.SQL                        : select s1_0.employee_id,s1_1.id,s1_1.code,s1_1.created_at,s1_1.description,s1_1.name,s1_1.priority,s1_1.updated_at from employee_skills s1_0 join skills s1_1 on s1_1.id=s1_0.skill_id where s1_0.employee_id=?
Hibernate: select s1_0.employee_id,s1_1.id,s1_1.code,s1_1.created_at,s1_1.description,s1_1.name,s1_1.priority,s1_1.updated_at from employee_skills s1_0 join skills s1_1 on s1_1.id=s1_0.skill_id where s1_0.employee_id=?
2025-10-25T10:10:41.066+09:00 DEBUG 16416 --- [Shift Scheduler Demo] [           main] org.hibernate.SQL                        : select s1_0.employee_id,s1_1.id,s1_1.code,s1_1.created_at,s1_1.description,s1_1.name,s1_1.priority,s1_1.updated_at from employee_skills s1_0 join skills s1_1 on s1_1.id=s1_0.skill_id where s1_0.employee_id=?
Hibernate: select s1_0.employee_id,s1_1.id,s1_1.code,s1_1.created_at,s1_1.description,s1_1.name,s1_1.priority,s1_1.updated_at from employee_skills s1_0 join skills s1_1 on s1_1.id=s1_0.skill_id where s1_0.employee_id=?
2025-10-25T10:10:41.067+09:00 DEBUG 16416 --- [Shift Scheduler Demo] [           main] org.hibernate.SQL                        : select s1_0.employee_id,s1_1.id,s1_1.code,s1_1.created_at,s1_1.description,s1_1.name,s1_1.priority,s1_1.updated_at from employee_skills s1_0 join skills s1_1 on s1_1.id=s1_0.skill_id where s1_0.employee_id=?
Hibernate: select s1_0.employee_id,s1_1.id,s1_1.code,s1_1.created_at,s1_1.description,s1_1.name,s1_1.priority,s1_1.updated_at from employee_skills s1_0 join skills s1_1 on s1_1.id=s1_0.skill_id where s1_0.employee_id=?
2025-10-25T10:10:41.067+09:00 DEBUG 16416 --- [Shift Scheduler Demo] [           main] org.hibernate.SQL                        : select s1_0.employee_id,s1_1.id,s1_1.code,s1_1.created_at,s1_1.description,s1_1.name,s1_1.priority,s1_1.updated_at from employee_skills s1_0 join skills s1_1 on s1_1.id=s1_0.skill_id where s1_0.employee_id=?
Hibernate: select s1_0.employee_id,s1_1.id,s1_1.code,s1_1.created_at,s1_1.description,s1_1.name,s1_1.priority,s1_1.updated_at from employee_skills s1_0 join skills s1_1 on s1_1.id=s1_0.skill_id where s1_0.employee_id=?
2025-10-25T10:10:41.071+09:00 DEBUG 16416 --- [Shift Scheduler Demo] [           main] org.hibernate.SQL                        : delete from shift_assignments where id=?
Hibernate: delete from shift_assignments where id=?
2025-10-25T10:10:41.071+09:00 DEBUG 16416 --- [Shift Scheduler Demo] [           main] org.hibernate.SQL                        : delete from shift_assignments where id=?
Hibernate: delete from shift_assignments where id=?
2025-10-25T10:10:41.071+09:00 DEBUG 16416 --- [Shift Scheduler Demo] [           main] org.hibernate.SQL                        : delete from shift_assignments where id=?
Hibernate: delete from shift_assignments where id=?
2025-10-25T10:10:41.071+09:00 DEBUG 16416 --- [Shift Scheduler Demo] [           main] org.hibernate.SQL                        : delete from shift_assignments where id=?
Hibernate: delete from shift_assignments where id=?
2025-10-25T10:10:41.071+09:00 DEBUG 16416 --- [Shift Scheduler Demo] [           main] org.hibernate.SQL                        : delete from shift_assignments where id=?
Hibernate: delete from shift_assignments where id=?
2025-10-25T10:10:41.071+09:00 DEBUG 16416 --- [Shift Scheduler Demo] [           main] org.hibernate.SQL                        : delete from shift_assignments where id=?
Hibernate: delete from shift_assignments where id=?
2025-10-25T10:10:41.071+09:00 DEBUG 16416 --- [Shift Scheduler Demo] [           main] org.hibernate.SQL                        : delete from shift_assignments where id=?
Hibernate: delete from shift_assignments where id=?
2025-10-25T10:10:41.071+09:00 DEBUG 16416 --- [Shift Scheduler Demo] [           main] org.hibernate.SQL                        : delete from shift_assignments where id=?
Hibernate: delete from shift_assignments where id=?
2025-10-25T10:10:41.071+09:00 DEBUG 16416 --- [Shift Scheduler Demo] [           main] org.hibernate.SQL                        : delete from shift_assignments where id=?
Hibernate: delete from shift_assignments where id=?
2025-10-25T10:10:41.071+09:00 DEBUG 16416 --- [Shift Scheduler Demo] [           main] org.hibernate.SQL                        : delete from shift_assignments where id=?
Hibernate: delete from shift_assignments where id=?
2025-10-25T10:10:41.071+09:00 DEBUG 16416 --- [Shift Scheduler Demo] [           main] org.hibernate.SQL                        : delete from shift_assignments where id=?
Hibernate: delete from shift_assignments where id=?
2025-10-25T10:10:41.071+09:00 DEBUG 16416 --- [Shift Scheduler Demo] [           main] org.hibernate.SQL                        : delete from shift_assignments where id=?
Hibernate: delete from shift_assignments where id=?
2025-10-25T10:10:41.071+09:00 DEBUG 16416 --- [Shift Scheduler Demo] [           main] org.hibernate.SQL                        : delete from shift_assignments where id=?
Hibernate: delete from shift_assignments where id=?
2025-10-25T10:10:41.071+09:00 DEBUG 16416 --- [Shift Scheduler Demo] [           main] org.hibernate.SQL                        : delete from shift_assignments where id=?
Hibernate: delete from shift_assignments where id=?
2025-10-25T10:10:41.071+09:00 DEBUG 16416 --- [Shift Scheduler Demo] [           main] org.hibernate.SQL                        : delete from shift_assignments where id=?
Hibernate: delete from shift_assignments where id=?
2025-10-25T10:10:41.071+09:00 DEBUG 16416 --- [Shift Scheduler Demo] [           main] org.hibernate.SQL                        : delete from shift_assignments where id=?
Hibernate: delete from shift_assignments where id=?
2025-10-25T10:10:41.071+09:00 DEBUG 16416 --- [Shift Scheduler Demo] [           main] org.hibernate.SQL                        : delete from shift_assignments where id=?
Hibernate: delete from shift_assignments where id=?
2025-10-25T10:10:41.071+09:00 DEBUG 16416 --- [Shift Scheduler Demo] [           main] org.hibernate.SQL                        : delete from shift_assignments where id=?
Hibernate: delete from shift_assignments where id=?
2025-10-25T10:10:41.071+09:00 DEBUG 16416 --- [Shift Scheduler Demo] [           main] org.hibernate.SQL                        : delete from shift_assignments where id=?
Hibernate: delete from shift_assignments where id=?
2025-10-25T10:10:41.071+09:00 DEBUG 16416 --- [Shift Scheduler Demo] [           main] org.hibernate.SQL                        : delete from shift_assignments where id=?
Hibernate: delete from shift_assignments where id=?
2025-10-25T10:10:41.072+09:00 DEBUG 16416 --- [Shift Scheduler Demo] [           main] org.hibernate.SQL                        : delete from shift_assignments where id=?
Hibernate: delete from shift_assignments where id=?
2025-10-25T10:10:41.072+09:00 DEBUG 16416 --- [Shift Scheduler Demo] [           main] org.hibernate.SQL                        : delete from shift_assignments where id=?
Hibernate: delete from shift_assignments where id=?
2025-10-25T10:10:41.072+09:00 DEBUG 16416 --- [Shift Scheduler Demo] [           main] org.hibernate.SQL                        : delete from shift_assignments where id=?
Hibernate: delete from shift_assignments where id=?
2025-10-25T10:10:41.072+09:00 DEBUG 16416 --- [Shift Scheduler Demo] [           main] org.hibernate.SQL                        : delete from shift_assignments where id=?
Hibernate: delete from shift_assignments where id=?
2025-10-25T10:10:41.072+09:00 DEBUG 16416 --- [Shift Scheduler Demo] [           main] org.hibernate.SQL                        : delete from shift_assignments where id=?
Hibernate: delete from shift_assignments where id=?
2025-10-25T10:10:41.072+09:00 DEBUG 16416 --- [Shift Scheduler Demo] [           main] org.hibernate.SQL                        : delete from shift_assignments where id=?
Hibernate: delete from shift_assignments where id=?
2025-10-25T10:10:41.072+09:00 DEBUG 16416 --- [Shift Scheduler Demo] [           main] org.hibernate.SQL                        : delete from shift_assignments where id=?
Hibernate: delete from shift_assignments where id=?
2025-10-25T10:10:41.072+09:00 DEBUG 16416 --- [Shift Scheduler Demo] [           main] org.hibernate.SQL                        : delete from shift_assignments where id=?
Hibernate: delete from shift_assignments where id=?
2025-10-25T10:10:41.072+09:00 DEBUG 16416 --- [Shift Scheduler Demo] [           main] org.hibernate.SQL                        : delete from shift_assignments where id=?
Hibernate: delete from shift_assignments where id=?
2025-10-25T10:10:41.072+09:00 DEBUG 16416 --- [Shift Scheduler Demo] [           main] org.hibernate.SQL                        : delete from shift_assignments where id=?
Hibernate: delete from shift_assignments where id=?
2025-10-25T10:10:41.072+09:00 DEBUG 16416 --- [Shift Scheduler Demo] [           main] org.hibernate.SQL                        : delete from shift_assignments where id=?
Hibernate: delete from shift_assignments where id=?
2025-10-25T10:10:41.072+09:00 DEBUG 16416 --- [Shift Scheduler Demo] [           main] org.hibernate.SQL                        : delete from shift_assignments where id=?
Hibernate: delete from shift_assignments where id=?
2025-10-25T10:10:41.072+09:00 DEBUG 16416 --- [Shift Scheduler Demo] [           main] org.hibernate.SQL                        : delete from shift_assignments where id=?
Hibernate: delete from shift_assignments where id=?
2025-10-25T10:10:41.072+09:00 DEBUG 16416 --- [Shift Scheduler Demo] [           main] org.hibernate.SQL                        : delete from shift_assignments where id=?
Hibernate: delete from shift_assignments where id=?
2025-10-25T10:10:41.072+09:00 DEBUG 16416 --- [Shift Scheduler Demo] [           main] org.hibernate.SQL                        : delete from shift_assignments where id=?
Hibernate: delete from shift_assignments where id=?
2025-10-25T10:10:41.072+09:00 DEBUG 16416 --- [Shift Scheduler Demo] [           main] org.hibernate.SQL                        : delete from shift_assignments where id=?
Hibernate: delete from shift_assignments where id=?
2025-10-25T10:10:41.072+09:00 DEBUG 16416 --- [Shift Scheduler Demo] [           main] org.hibernate.SQL                        : delete from shift_assignments where id=?
Hibernate: delete from shift_assignments where id=?
2025-10-25T10:10:41.072+09:00 DEBUG 16416 --- [Shift Scheduler Demo] [           main] org.hibernate.SQL                        : delete from shift_assignments where id=?
Hibernate: delete from shift_assignments where id=?
2025-10-25T10:10:41.072+09:00 DEBUG 16416 --- [Shift Scheduler Demo] [           main] org.hibernate.SQL                        : delete from shift_assignments where id=?
Hibernate: delete from shift_assignments where id=?
2025-10-25T10:10:41.072+09:00 DEBUG 16416 --- [Shift Scheduler Demo] [           main] org.hibernate.SQL                        : delete from shift_assignments where id=?
Hibernate: delete from shift_assignments where id=?
2025-10-25T10:10:41.072+09:00 DEBUG 16416 --- [Shift Scheduler Demo] [           main] org.hibernate.SQL                        : delete from shift_assignments where id=?
Hibernate: delete from shift_assignments where id=?
2025-10-25T10:10:41.072+09:00 DEBUG 16416 --- [Shift Scheduler Demo] [           main] org.hibernate.SQL                        : delete from shift_assignments where id=?
Hibernate: delete from shift_assignments where id=?
2025-10-25T10:10:41.072+09:00 DEBUG 16416 --- [Shift Scheduler Demo] [           main] org.hibernate.SQL                        : delete from shift_assignments where id=?
Hibernate: delete from shift_assignments where id=?
2025-10-25T10:10:41.072+09:00 DEBUG 16416 --- [Shift Scheduler Demo] [           main] org.hibernate.SQL                        : delete from shift_assignments where id=?
Hibernate: delete from shift_assignments where id=?
2025-10-25T10:10:41.072+09:00 DEBUG 16416 --- [Shift Scheduler Demo] [           main] org.hibernate.SQL                        : delete from shift_assignments where id=?
Hibernate: delete from shift_assignments where id=?
2025-10-25T10:10:41.072+09:00 DEBUG 16416 --- [Shift Scheduler Demo] [           main] org.hibernate.SQL                        : delete from shift_assignments where id=?
Hibernate: delete from shift_assignments where id=?
2025-10-25T10:10:41.072+09:00 DEBUG 16416 --- [Shift Scheduler Demo] [           main] org.hibernate.SQL                        : delete from shift_assignments where id=?
Hibernate: delete from shift_assignments where id=?
2025-10-25T10:10:41.072+09:00 DEBUG 16416 --- [Shift Scheduler Demo] [           main] org.hibernate.SQL                        : delete from shift_assignments where id=?
Hibernate: delete from shift_assignments where id=?
2025-10-25T10:10:41.072+09:00 DEBUG 16416 --- [Shift Scheduler Demo] [           main] org.hibernate.SQL                        : delete from shift_assignments where id=?
Hibernate: delete from shift_assignments where id=?
2025-10-25T10:10:41.072+09:00 DEBUG 16416 --- [Shift Scheduler Demo] [           main] org.hibernate.SQL                        : delete from shift_assignments where id=?
Hibernate: delete from shift_assignments where id=?
2025-10-25T10:10:41.074+09:00 DEBUG 16416 --- [Shift Scheduler Demo] [           main] org.hibernate.SQL                        : delete from shift_assignments where id=?
Hibernate: delete from shift_assignments where id=?
2025-10-25T10:10:41.074+09:00 DEBUG 16416 --- [Shift Scheduler Demo] [           main] org.hibernate.SQL                        : delete from shift_assignments where id=?
Hibernate: delete from shift_assignments where id=?
2025-10-25T10:10:41.074+09:00 DEBUG 16416 --- [Shift Scheduler Demo] [           main] org.hibernate.SQL                        : delete from shift_assignments where id=?
Hibernate: delete from shift_assignments where id=?
2025-10-25T10:10:41.074+09:00 DEBUG 16416 --- [Shift Scheduler Demo] [           main] org.hibernate.SQL                        : delete from shift_assignments where id=?
Hibernate: delete from shift_assignments where id=?
2025-10-25T10:10:41.074+09:00 DEBUG 16416 --- [Shift Scheduler Demo] [           main] org.hibernate.SQL                        : delete from shift_assignments where id=?
Hibernate: delete from shift_assignments where id=?
2025-10-25T10:10:41.074+09:00 DEBUG 16416 --- [Shift Scheduler Demo] [           main] org.hibernate.SQL                        : delete from shift_assignments where id=?
Hibernate: delete from shift_assignments where id=?
2025-10-25T10:10:41.074+09:00 DEBUG 16416 --- [Shift Scheduler Demo] [           main] org.hibernate.SQL                        : delete from shift_assignments where id=?
Hibernate: delete from shift_assignments where id=?
2025-10-25T10:10:41.074+09:00 DEBUG 16416 --- [Shift Scheduler Demo] [           main] org.hibernate.SQL                        : delete from shift_assignments where id=?
Hibernate: delete from shift_assignments where id=?
2025-10-25T10:10:41.074+09:00 DEBUG 16416 --- [Shift Scheduler Demo] [           main] org.hibernate.SQL                        : delete from shift_assignments where id=?
Hibernate: delete from shift_assignments where id=?
2025-10-25T10:10:41.074+09:00 DEBUG 16416 --- [Shift Scheduler Demo] [           main] org.hibernate.SQL                        : delete from shift_assignments where id=?
Hibernate: delete from shift_assignments where id=?
2025-10-25T10:10:41.074+09:00 DEBUG 16416 --- [Shift Scheduler Demo] [           main] org.hibernate.SQL                        : delete from shift_assignments where id=?
Hibernate: delete from shift_assignments where id=?
2025-10-25T10:10:41.074+09:00 DEBUG 16416 --- [Shift Scheduler Demo] [           main] org.hibernate.SQL                        : delete from shift_assignments where id=?
Hibernate: delete from shift_assignments where id=?
2025-10-25T10:10:41.074+09:00 DEBUG 16416 --- [Shift Scheduler Demo] [           main] org.hibernate.SQL                        : delete from shift_assignments where id=?
Hibernate: delete from shift_assignments where id=?
2025-10-25T10:10:41.074+09:00 DEBUG 16416 --- [Shift Scheduler Demo] [           main] org.hibernate.SQL                        : delete from shift_assignments where id=?
Hibernate: delete from shift_assignments where id=?
2025-10-25T10:10:41.074+09:00 DEBUG 16416 --- [Shift Scheduler Demo] [           main] org.hibernate.SQL                        : delete from shift_assignments where id=?
Hibernate: delete from shift_assignments where id=?
2025-10-25T10:10:41.074+09:00 DEBUG 16416 --- [Shift Scheduler Demo] [           main] org.hibernate.SQL                        : delete from shift_assignments where id=?
Hibernate: delete from shift_assignments where id=?
2025-10-25T10:10:41.074+09:00 DEBUG 16416 --- [Shift Scheduler Demo] [           main] org.hibernate.SQL                        : delete from shift_assignments where id=?
Hibernate: delete from shift_assignments where id=?
2025-10-25T10:10:41.074+09:00 DEBUG 16416 --- [Shift Scheduler Demo] [           main] org.hibernate.SQL                        : delete from shift_assignments where id=?
Hibernate: delete from shift_assignments where id=?
2025-10-25T10:10:41.074+09:00 DEBUG 16416 --- [Shift Scheduler Demo] [           main] org.hibernate.SQL                        : delete from shift_assignments where id=?
Hibernate: delete from shift_assignments where id=?
2025-10-25T10:10:41.074+09:00 DEBUG 16416 --- [Shift Scheduler Demo] [           main] org.hibernate.SQL                        : delete from shift_assignments where id=?
Hibernate: delete from shift_assignments where id=?
2025-10-25T10:10:41.074+09:00 DEBUG 16416 --- [Shift Scheduler Demo] [           main] org.hibernate.SQL                        : delete from shift_assignments where id=?
Hibernate: delete from shift_assignments where id=?
2025-10-25T10:10:41.074+09:00 DEBUG 16416 --- [Shift Scheduler Demo] [           main] org.hibernate.SQL                        : delete from shift_assignments where id=?
Hibernate: delete from shift_assignments where id=?
2025-10-25T10:10:41.074+09:00 DEBUG 16416 --- [Shift Scheduler Demo] [           main] org.hibernate.SQL                        : delete from shift_assignments where id=?
Hibernate: delete from shift_assignments where id=?
2025-10-25T10:10:41.074+09:00 DEBUG 16416 --- [Shift Scheduler Demo] [           main] org.hibernate.SQL                        : delete from shift_assignments where id=?
Hibernate: delete from shift_assignments where id=?
2025-10-25T10:10:41.074+09:00 DEBUG 16416 --- [Shift Scheduler Demo] [           main] org.hibernate.SQL                        : delete from shift_assignments where id=?
Hibernate: delete from shift_assignments where id=?
2025-10-25T10:10:41.074+09:00 DEBUG 16416 --- [Shift Scheduler Demo] [           main] org.hibernate.SQL                        : delete from shift_assignments where id=?
Hibernate: delete from shift_assignments where id=?
2025-10-25T10:10:41.074+09:00 DEBUG 16416 --- [Shift Scheduler Demo] [           main] org.hibernate.SQL                        : delete from shift_assignments where id=?
Hibernate: delete from shift_assignments where id=?
2025-10-25T10:10:41.074+09:00 DEBUG 16416 --- [Shift Scheduler Demo] [           main] org.hibernate.SQL                        : delete from shift_assignments where id=?
Hibernate: delete from shift_assignments where id=?
2025-10-25T10:10:41.074+09:00 DEBUG 16416 --- [Shift Scheduler Demo] [           main] org.hibernate.SQL                        : delete from shift_assignments where id=?
Hibernate: delete from shift_assignments where id=?
2025-10-25T10:10:41.074+09:00 DEBUG 16416 --- [Shift Scheduler Demo] [           main] org.hibernate.SQL                        : delete from shift_assignments where id=?
Hibernate: delete from shift_assignments where id=?
2025-10-25T10:10:41.074+09:00 DEBUG 16416 --- [Shift Scheduler Demo] [           main] org.hibernate.SQL                        : delete from shift_assignments where id=?
Hibernate: delete from shift_assignments where id=?
2025-10-25T10:10:41.075+09:00 DEBUG 16416 --- [Shift Scheduler Demo] [           main] org.hibernate.SQL                        : delete from shift_assignments where id=?
Hibernate: delete from shift_assignments where id=?
2025-10-25T10:10:41.075+09:00 DEBUG 16416 --- [Shift Scheduler Demo] [           main] org.hibernate.SQL                        : delete from shift_assignments where id=?
Hibernate: delete from shift_assignments where id=?
2025-10-25T10:10:41.075+09:00 DEBUG 16416 --- [Shift Scheduler Demo] [           main] org.hibernate.SQL                        : delete from shift_assignments where id=?
Hibernate: delete from shift_assignments where id=?
2025-10-25T10:10:41.075+09:00 DEBUG 16416 --- [Shift Scheduler Demo] [           main] org.hibernate.SQL                        : delete from shift_assignments where id=?
Hibernate: delete from shift_assignments where id=?
2025-10-25T10:10:41.075+09:00 DEBUG 16416 --- [Shift Scheduler Demo] [           main] org.hibernate.SQL                        : delete from shift_assignments where id=?
Hibernate: delete from shift_assignments where id=?
2025-10-25T10:10:41.075+09:00 DEBUG 16416 --- [Shift Scheduler Demo] [           main] org.hibernate.SQL                        : delete from shift_assignments where id=?
Hibernate: delete from shift_assignments where id=?
2025-10-25T10:10:41.075+09:00 DEBUG 16416 --- [Shift Scheduler Demo] [           main] org.hibernate.SQL                        : delete from shift_assignments where id=?
Hibernate: delete from shift_assignments where id=?
2025-10-25T10:10:41.075+09:00 DEBUG 16416 --- [Shift Scheduler Demo] [           main] org.hibernate.SQL                        : delete from shift_assignments where id=?
Hibernate: delete from shift_assignments where id=?
2025-10-25T10:10:41.075+09:00 DEBUG 16416 --- [Shift Scheduler Demo] [           main] org.hibernate.SQL                        : delete from shift_assignments where id=?
Hibernate: delete from shift_assignments where id=?
2025-10-25T10:10:41.075+09:00 DEBUG 16416 --- [Shift Scheduler Demo] [           main] org.hibernate.SQL                        : delete from shift_assignments where id=?
Hibernate: delete from shift_assignments where id=?
2025-10-25T10:10:41.075+09:00 DEBUG 16416 --- [Shift Scheduler Demo] [           main] org.hibernate.SQL                        : delete from shift_assignments where id=?
Hibernate: delete from shift_assignments where id=?
2025-10-25T10:10:41.075+09:00 DEBUG 16416 --- [Shift Scheduler Demo] [           main] org.hibernate.SQL                        : delete from shift_assignments where id=?
Hibernate: delete from shift_assignments where id=?
2025-10-25T10:10:41.075+09:00 DEBUG 16416 --- [Shift Scheduler Demo] [           main] org.hibernate.SQL                        : delete from shift_assignments where id=?
Hibernate: delete from shift_assignments where id=?
2025-10-25T10:10:41.075+09:00 DEBUG 16416 --- [Shift Scheduler Demo] [           main] org.hibernate.SQL                        : delete from shift_assignments where id=?
Hibernate: delete from shift_assignments where id=?
2025-10-25T10:10:41.075+09:00 DEBUG 16416 --- [Shift Scheduler Demo] [           main] org.hibernate.SQL                        : delete from shift_assignments where id=?
Hibernate: delete from shift_assignments where id=?
2025-10-25T10:10:41.075+09:00 DEBUG 16416 --- [Shift Scheduler Demo] [           main] org.hibernate.SQL                        : delete from shift_assignments where id=?
Hibernate: delete from shift_assignments where id=?
2025-10-25T10:10:41.075+09:00 DEBUG 16416 --- [Shift Scheduler Demo] [           main] org.hibernate.SQL                        : delete from shift_assignments where id=?
Hibernate: delete from shift_assignments where id=?
2025-10-25T10:10:41.075+09:00 DEBUG 16416 --- [Shift Scheduler Demo] [           main] org.hibernate.SQL                        : delete from shift_assignments where id=?
Hibernate: delete from shift_assignments where id=?
2025-10-25T10:10:41.075+09:00 DEBUG 16416 --- [Shift Scheduler Demo] [           main] org.hibernate.SQL                        : delete from shift_assignments where id=?
Hibernate: delete from shift_assignments where id=?
2025-10-25T10:10:41.075+09:00 DEBUG 16416 --- [Shift Scheduler Demo] [           main] org.hibernate.SQL                        : delete from shift_assignments where id=?
Hibernate: delete from shift_assignments where id=?
2025-10-25T10:10:41.075+09:00 DEBUG 16416 --- [Shift Scheduler Demo] [           main] org.hibernate.SQL                        : delete from shift_assignments where id=?
Hibernate: delete from shift_assignments where id=?
2025-10-25T10:10:41.075+09:00 DEBUG 16416 --- [Shift Scheduler Demo] [           main] org.hibernate.SQL                        : delete from shift_assignments where id=?
Hibernate: delete from shift_assignments where id=?
2025-10-25T10:10:41.075+09:00 DEBUG 16416 --- [Shift Scheduler Demo] [           main] org.hibernate.SQL                        : delete from shift_assignments where id=?
Hibernate: delete from shift_assignments where id=?
2025-10-25T10:10:41.075+09:00 DEBUG 16416 --- [Shift Scheduler Demo] [           main] org.hibernate.SQL                        : delete from shift_assignments where id=?
Hibernate: delete from shift_assignments where id=?
2025-10-25T10:10:41.075+09:00 DEBUG 16416 --- [Shift Scheduler Demo] [           main] org.hibernate.SQL                        : delete from shift_assignments where id=?
Hibernate: delete from shift_assignments where id=?
2025-10-25T10:10:41.075+09:00 DEBUG 16416 --- [Shift Scheduler Demo] [           main] org.hibernate.SQL                        : delete from shift_assignments where id=?
Hibernate: delete from shift_assignments where id=?
2025-10-25T10:10:41.075+09:00 DEBUG 16416 --- [Shift Scheduler Demo] [           main] org.hibernate.SQL                        : delete from shift_assignments where id=?
Hibernate: delete from shift_assignments where id=?
2025-10-25T10:10:41.075+09:00 DEBUG 16416 --- [Shift Scheduler Demo] [           main] org.hibernate.SQL                        : delete from shift_assignments where id=?
Hibernate: delete from shift_assignments where id=?
2025-10-25T10:10:41.075+09:00 DEBUG 16416 --- [Shift Scheduler Demo] [           main] org.hibernate.SQL                        : delete from shift_assignments where id=?
Hibernate: delete from shift_assignments where id=?
2025-10-25T10:10:41.076+09:00 DEBUG 16416 --- [Shift Scheduler Demo] [           main] org.hibernate.SQL                        : delete from shift_assignments where id=?
Hibernate: delete from shift_assignments where id=?
2025-10-25T10:10:41.076+09:00 DEBUG 16416 --- [Shift Scheduler Demo] [           main] org.hibernate.SQL                        : delete from shift_assignments where id=?
Hibernate: delete from shift_assignments where id=?
2025-10-25T10:10:41.076+09:00 DEBUG 16416 --- [Shift Scheduler Demo] [           main] org.hibernate.SQL                        : delete from shift_assignments where id=?
Hibernate: delete from shift_assignments where id=?
2025-10-25T10:10:41.076+09:00 DEBUG 16416 --- [Shift Scheduler Demo] [           main] org.hibernate.SQL                        : delete from shift_assignments where id=?
Hibernate: delete from shift_assignments where id=?
2025-10-25T10:10:41.076+09:00 DEBUG 16416 --- [Shift Scheduler Demo] [           main] org.hibernate.SQL                        : delete from shift_assignments where id=?
Hibernate: delete from shift_assignments where id=?
2025-10-25T10:10:41.076+09:00 DEBUG 16416 --- [Shift Scheduler Demo] [           main] org.hibernate.SQL                        : delete from shift_assignments where id=?
Hibernate: delete from shift_assignments where id=?
2025-10-25T10:10:41.076+09:00 DEBUG 16416 --- [Shift Scheduler Demo] [           main] org.hibernate.SQL                        : delete from shift_assignments where id=?
Hibernate: delete from shift_assignments where id=?
2025-10-25T10:10:41.076+09:00 DEBUG 16416 --- [Shift Scheduler Demo] [           main] org.hibernate.SQL                        : delete from shift_assignments where id=?
Hibernate: delete from shift_assignments where id=?
2025-10-25T10:10:41.076+09:00 DEBUG 16416 --- [Shift Scheduler Demo] [           main] org.hibernate.SQL                        : delete from shift_assignments where id=?
Hibernate: delete from shift_assignments where id=?
2025-10-25T10:10:41.076+09:00 DEBUG 16416 --- [Shift Scheduler Demo] [           main] org.hibernate.SQL                        : delete from shift_assignments where id=?
Hibernate: delete from shift_assignments where id=?
2025-10-25T10:10:41.076+09:00 DEBUG 16416 --- [Shift Scheduler Demo] [           main] org.hibernate.SQL                        : delete from shift_assignments where id=?
Hibernate: delete from shift_assignments where id=?
2025-10-25T10:10:41.076+09:00 DEBUG 16416 --- [Shift Scheduler Demo] [           main] org.hibernate.SQL                        : delete from shift_assignments where id=?
Hibernate: delete from shift_assignments where id=?
2025-10-25T10:10:41.076+09:00 DEBUG 16416 --- [Shift Scheduler Demo] [           main] org.hibernate.SQL                        : delete from shift_assignments where id=?
Hibernate: delete from shift_assignments where id=?
2025-10-25T10:10:41.076+09:00 DEBUG 16416 --- [Shift Scheduler Demo] [           main] org.hibernate.SQL                        : delete from shift_assignments where id=?
Hibernate: delete from shift_assignments where id=?
2025-10-25T10:10:41.076+09:00 DEBUG 16416 --- [Shift Scheduler Demo] [           main] org.hibernate.SQL                        : delete from shift_assignments where id=?
Hibernate: delete from shift_assignments where id=?
2025-10-25T10:10:41.076+09:00 DEBUG 16416 --- [Shift Scheduler Demo] [           main] org.hibernate.SQL                        : delete from shift_assignments where id=?
Hibernate: delete from shift_assignments where id=?
2025-10-25T10:10:41.076+09:00 DEBUG 16416 --- [Shift Scheduler Demo] [           main] org.hibernate.SQL                        : delete from shift_assignments where id=?
Hibernate: delete from shift_assignments where id=?
2025-10-25T10:10:41.076+09:00 DEBUG 16416 --- [Shift Scheduler Demo] [           main] org.hibernate.SQL                        : delete from shift_assignments where id=?
Hibernate: delete from shift_assignments where id=?
2025-10-25T10:10:41.076+09:00 DEBUG 16416 --- [Shift Scheduler Demo] [           main] org.hibernate.SQL                        : delete from shift_assignments where id=?
Hibernate: delete from shift_assignments where id=?
2025-10-25T10:10:41.076+09:00 DEBUG 16416 --- [Shift Scheduler Demo] [           main] org.hibernate.SQL                        : delete from shift_assignments where id=?
Hibernate: delete from shift_assignments where id=?
2025-10-25T10:10:41.076+09:00 DEBUG 16416 --- [Shift Scheduler Demo] [           main] org.hibernate.SQL                        : delete from shift_assignments where id=?
Hibernate: delete from shift_assignments where id=?
2025-10-25T10:10:41.076+09:00 DEBUG 16416 --- [Shift Scheduler Demo] [           main] org.hibernate.SQL                        : delete from shift_assignments where id=?
Hibernate: delete from shift_assignments where id=?
2025-10-25T10:10:41.076+09:00 DEBUG 16416 --- [Shift Scheduler Demo] [           main] org.hibernate.SQL                        : delete from shift_assignments where id=?
Hibernate: delete from shift_assignments where id=?
2025-10-25T10:10:41.076+09:00 DEBUG 16416 --- [Shift Scheduler Demo] [           main] org.hibernate.SQL                        : delete from shift_assignments where id=?
Hibernate: delete from shift_assignments where id=?
2025-10-25T10:10:41.076+09:00 DEBUG 16416 --- [Shift Scheduler Demo] [           main] org.hibernate.SQL                        : delete from shift_assignments where id=?
Hibernate: delete from shift_assignments where id=?
2025-10-25T10:10:41.076+09:00 DEBUG 16416 --- [Shift Scheduler Demo] [           main] org.hibernate.SQL                        : delete from shift_assignments where id=?
Hibernate: delete from shift_assignments where id=?
2025-10-25T10:10:41.076+09:00 DEBUG 16416 --- [Shift Scheduler Demo] [           main] org.hibernate.SQL                        : delete from shift_assignments where id=?
Hibernate: delete from shift_assignments where id=?
2025-10-25T10:10:41.076+09:00 DEBUG 16416 --- [Shift Scheduler Demo] [           main] org.hibernate.SQL                        : delete from shift_assignments where id=?
Hibernate: delete from shift_assignments where id=?
2025-10-25T10:10:41.076+09:00 DEBUG 16416 --- [Shift Scheduler Demo] [           main] org.hibernate.SQL                        : delete from shift_assignments where id=?
Hibernate: delete from shift_assignments where id=?
2025-10-25T10:10:41.076+09:00 DEBUG 16416 --- [Shift Scheduler Demo] [           main] org.hibernate.SQL                        : delete from shift_assignments where id=?
Hibernate: delete from shift_assignments where id=?
2025-10-25T10:10:41.076+09:00 DEBUG 16416 --- [Shift Scheduler Demo] [           main] org.hibernate.SQL                        : delete from shift_assignments where id=?
Hibernate: delete from shift_assignments where id=?
2025-10-25T10:10:41.076+09:00 DEBUG 16416 --- [Shift Scheduler Demo] [           main] org.hibernate.SQL                        : delete from shift_assignments where id=?
Hibernate: delete from shift_assignments where id=?
2025-10-25T10:10:41.076+09:00 DEBUG 16416 --- [Shift Scheduler Demo] [           main] org.hibernate.SQL                        : delete from shift_assignments where id=?
Hibernate: delete from shift_assignments where id=?
2025-10-25T10:10:41.076+09:00 DEBUG 16416 --- [Shift Scheduler Demo] [           main] org.hibernate.SQL                        : delete from shift_assignments where id=?
Hibernate: delete from shift_assignments where id=?
2025-10-25T10:10:41.076+09:00 DEBUG 16416 --- [Shift Scheduler Demo] [           main] org.hibernate.SQL                        : delete from shift_assignments where id=?
Hibernate: delete from shift_assignments where id=?
2025-10-25T10:10:41.076+09:00 DEBUG 16416 --- [Shift Scheduler Demo] [           main] org.hibernate.SQL                        : delete from shift_assignments where id=?
Hibernate: delete from shift_assignments where id=?
2025-10-25T10:10:41.076+09:00 DEBUG 16416 --- [Shift Scheduler Demo] [           main] org.hibernate.SQL                        : delete from shift_assignments where id=?
Hibernate: delete from shift_assignments where id=?
2025-10-25T10:10:41.076+09:00 DEBUG 16416 --- [Shift Scheduler Demo] [           main] org.hibernate.SQL                        : delete from shift_assignments where id=?
Hibernate: delete from shift_assignments where id=?
2025-10-25T10:10:41.076+09:00 DEBUG 16416 --- [Shift Scheduler Demo] [           main] org.hibernate.SQL                        : delete from shift_assignments where id=?
Hibernate: delete from shift_assignments where id=?
2025-10-25T10:10:41.076+09:00 DEBUG 16416 --- [Shift Scheduler Demo] [           main] org.hibernate.SQL                        : delete from shift_assignments where id=?
Hibernate: delete from shift_assignments where id=?
2025-10-25T10:10:41.076+09:00 DEBUG 16416 --- [Shift Scheduler Demo] [           main] org.hibernate.SQL                        : delete from shift_assignments where id=?
Hibernate: delete from shift_assignments where id=?
2025-10-25T10:10:41.076+09:00 DEBUG 16416 --- [Shift Scheduler Demo] [           main] org.hibernate.SQL                        : delete from shift_assignments where id=?
Hibernate: delete from shift_assignments where id=?
2025-10-25T10:10:41.076+09:00 DEBUG 16416 --- [Shift Scheduler Demo] [           main] org.hibernate.SQL                        : delete from shift_assignments where id=?
Hibernate: delete from shift_assignments where id=?
2025-10-25T10:10:41.076+09:00 DEBUG 16416 --- [Shift Scheduler Demo] [           main] org.hibernate.SQL                        : delete from shift_assignments where id=?
Hibernate: delete from shift_assignments where id=?
2025-10-25T10:10:41.076+09:00 DEBUG 16416 --- [Shift Scheduler Demo] [           main] org.hibernate.SQL                        : delete from shift_assignments where id=?
Hibernate: delete from shift_assignments where id=?
2025-10-25T10:10:41.076+09:00 DEBUG 16416 --- [Shift Scheduler Demo] [           main] org.hibernate.SQL                        : delete from shift_assignments where id=?
Hibernate: delete from shift_assignments where id=?
2025-10-25T10:10:41.076+09:00 DEBUG 16416 --- [Shift Scheduler Demo] [           main] org.hibernate.SQL                        : delete from shift_assignments where id=?
Hibernate: delete from shift_assignments where id=?
2025-10-25T10:10:41.076+09:00 DEBUG 16416 --- [Shift Scheduler Demo] [           main] org.hibernate.SQL                        : delete from shift_assignments where id=?
Hibernate: delete from shift_assignments where id=?
2025-10-25T10:10:41.076+09:00 DEBUG 16416 --- [Shift Scheduler Demo] [           main] org.hibernate.SQL                        : delete from shift_assignments where id=?
Hibernate: delete from shift_assignments where id=?
2025-10-25T10:10:41.076+09:00 DEBUG 16416 --- [Shift Scheduler Demo] [           main] org.hibernate.SQL                        : delete from shift_assignments where id=?
Hibernate: delete from shift_assignments where id=?
2025-10-25T10:10:41.076+09:00 DEBUG 16416 --- [Shift Scheduler Demo] [           main] org.hibernate.SQL                        : delete from shift_assignments where id=?
Hibernate: delete from shift_assignments where id=?
2025-10-25T10:10:41.076+09:00 DEBUG 16416 --- [Shift Scheduler Demo] [           main] org.hibernate.SQL                        : delete from shift_assignments where id=?
Hibernate: delete from shift_assignments where id=?
2025-10-25T10:10:41.076+09:00 DEBUG 16416 --- [Shift Scheduler Demo] [           main] org.hibernate.SQL                        : delete from shift_assignments where id=?
Hibernate: delete from shift_assignments where id=?
2025-10-25T10:10:41.076+09:00 DEBUG 16416 --- [Shift Scheduler Demo] [           main] org.hibernate.SQL                        : delete from shift_assignments where id=?
Hibernate: delete from shift_assignments where id=?
2025-10-25T10:10:41.078+09:00 DEBUG 16416 --- [Shift Scheduler Demo] [           main] org.hibernate.SQL                        : delete from shift_assignments where id=?
Hibernate: delete from shift_assignments where id=?
2025-10-25T10:10:41.078+09:00 DEBUG 16416 --- [Shift Scheduler Demo] [           main] org.hibernate.SQL                        : delete from shift_assignments where id=?
Hibernate: delete from shift_assignments where id=?
2025-10-25T10:10:41.078+09:00 DEBUG 16416 --- [Shift Scheduler Demo] [           main] org.hibernate.SQL                        : delete from shift_assignments where id=?
Hibernate: delete from shift_assignments where id=?
2025-10-25T10:10:41.078+09:00 DEBUG 16416 --- [Shift Scheduler Demo] [           main] org.hibernate.SQL                        : delete from shift_assignments where id=?
Hibernate: delete from shift_assignments where id=?
2025-10-25T10:10:41.078+09:00 DEBUG 16416 --- [Shift Scheduler Demo] [           main] org.hibernate.SQL                        : delete from shift_assignments where id=?
Hibernate: delete from shift_assignments where id=?
2025-10-25T10:10:41.078+09:00 DEBUG 16416 --- [Shift Scheduler Demo] [           main] org.hibernate.SQL                        : delete from shift_assignments where id=?
Hibernate: delete from shift_assignments where id=?
2025-10-25T10:10:41.078+09:00 DEBUG 16416 --- [Shift Scheduler Demo] [           main] org.hibernate.SQL                        : delete from shift_assignments where id=?
Hibernate: delete from shift_assignments where id=?
2025-10-25T10:10:41.078+09:00 DEBUG 16416 --- [Shift Scheduler Demo] [           main] org.hibernate.SQL                        : delete from shift_assignments where id=?
Hibernate: delete from shift_assignments where id=?
2025-10-25T10:10:41.078+09:00 DEBUG 16416 --- [Shift Scheduler Demo] [           main] org.hibernate.SQL                        : delete from shift_assignments where id=?
Hibernate: delete from shift_assignments where id=?
2025-10-25T10:10:41.078+09:00 DEBUG 16416 --- [Shift Scheduler Demo] [           main] org.hibernate.SQL                        : delete from shift_assignments where id=?
Hibernate: delete from shift_assignments where id=?
2025-10-25T10:10:41.078+09:00 DEBUG 16416 --- [Shift Scheduler Demo] [           main] org.hibernate.SQL                        : delete from shift_assignments where id=?
Hibernate: delete from shift_assignments where id=?
2025-10-25T10:10:41.078+09:00 DEBUG 16416 --- [Shift Scheduler Demo] [           main] org.hibernate.SQL                        : delete from shift_assignments where id=?
Hibernate: delete from shift_assignments where id=?
2025-10-25T10:10:41.078+09:00 DEBUG 16416 --- [Shift Scheduler Demo] [           main] org.hibernate.SQL                        : delete from shift_assignments where id=?
Hibernate: delete from shift_assignments where id=?
2025-10-25T10:10:41.078+09:00 DEBUG 16416 --- [Shift Scheduler Demo] [           main] org.hibernate.SQL                        : delete from shift_assignments where id=?
Hibernate: delete from shift_assignments where id=?
2025-10-25T10:10:41.078+09:00 DEBUG 16416 --- [Shift Scheduler Demo] [           main] org.hibernate.SQL                        : delete from shift_assignments where id=?
Hibernate: delete from shift_assignments where id=?
2025-10-25T10:10:41.078+09:00 DEBUG 16416 --- [Shift Scheduler Demo] [           main] org.hibernate.SQL                        : delete from shift_assignments where id=?
Hibernate: delete from shift_assignments where id=?
2025-10-25T10:10:41.078+09:00 DEBUG 16416 --- [Shift Scheduler Demo] [           main] org.hibernate.SQL                        : delete from shift_assignments where id=?
Hibernate: delete from shift_assignments where id=?
2025-10-25T10:10:41.078+09:00 DEBUG 16416 --- [Shift Scheduler Demo] [           main] org.hibernate.SQL                        : delete from shift_assignments where id=?
Hibernate: delete from shift_assignments where id=?
2025-10-25T10:10:41.078+09:00 DEBUG 16416 --- [Shift Scheduler Demo] [           main] org.hibernate.SQL                        : delete from shift_assignments where id=?
Hibernate: delete from shift_assignments where id=?
2025-10-25T10:10:41.078+09:00 DEBUG 16416 --- [Shift Scheduler Demo] [           main] org.hibernate.SQL                        : delete from shift_assignments where id=?
Hibernate: delete from shift_assignments where id=?
2025-10-25T10:10:41.078+09:00 DEBUG 16416 --- [Shift Scheduler Demo] [           main] org.hibernate.SQL                        : delete from shift_assignments where id=?
Hibernate: delete from shift_assignments where id=?
2025-10-25T10:10:41.078+09:00 DEBUG 16416 --- [Shift Scheduler Demo] [           main] org.hibernate.SQL                        : delete from shift_assignments where id=?
Hibernate: delete from shift_assignments where id=?
2025-10-25T10:10:41.078+09:00 DEBUG 16416 --- [Shift Scheduler Demo] [           main] org.hibernate.SQL                        : delete from shift_assignments where id=?
Hibernate: delete from shift_assignments where id=?
2025-10-25T10:10:41.078+09:00 DEBUG 16416 --- [Shift Scheduler Demo] [           main] org.hibernate.SQL                        : delete from shift_assignments where id=?
Hibernate: delete from shift_assignments where id=?
2025-10-25T10:10:41.078+09:00 DEBUG 16416 --- [Shift Scheduler Demo] [           main] org.hibernate.SQL                        : delete from shift_assignments where id=?
Hibernate: delete from shift_assignments where id=?
2025-10-25T10:10:41.078+09:00 DEBUG 16416 --- [Shift Scheduler Demo] [           main] org.hibernate.SQL                        : delete from shift_assignments where id=?
Hibernate: delete from shift_assignments where id=?
2025-10-25T10:10:41.078+09:00 DEBUG 16416 --- [Shift Scheduler Demo] [           main] org.hibernate.SQL                        : delete from shift_assignments where id=?
Hibernate: delete from shift_assignments where id=?
2025-10-25T10:10:41.078+09:00 DEBUG 16416 --- [Shift Scheduler Demo] [           main] org.hibernate.SQL                        : delete from shift_assignments where id=?
Hibernate: delete from shift_assignments where id=?
2025-10-25T10:10:41.078+09:00 DEBUG 16416 --- [Shift Scheduler Demo] [           main] org.hibernate.SQL                        : delete from shift_assignments where id=?
Hibernate: delete from shift_assignments where id=?
2025-10-25T10:10:41.078+09:00 DEBUG 16416 --- [Shift Scheduler Demo] [           main] org.hibernate.SQL                        : delete from shift_assignments where id=?
Hibernate: delete from shift_assignments where id=?
2025-10-25T10:10:41.078+09:00 DEBUG 16416 --- [Shift Scheduler Demo] [           main] org.hibernate.SQL                        : delete from shift_assignments where id=?
Hibernate: delete from shift_assignments where id=?
2025-10-25T10:10:41.078+09:00 DEBUG 16416 --- [Shift Scheduler Demo] [           main] org.hibernate.SQL                        : delete from shift_assignments where id=?
Hibernate: delete from shift_assignments where id=?
2025-10-25T10:10:41.078+09:00 DEBUG 16416 --- [Shift Scheduler Demo] [           main] org.hibernate.SQL                        : delete from shift_assignments where id=?
Hibernate: delete from shift_assignments where id=?
2025-10-25T10:10:41.078+09:00 DEBUG 16416 --- [Shift Scheduler Demo] [           main] org.hibernate.SQL                        : delete from shift_assignments where id=?
Hibernate: delete from shift_assignments where id=?
2025-10-25T10:10:41.078+09:00 DEBUG 16416 --- [Shift Scheduler Demo] [           main] org.hibernate.SQL                        : delete from shift_assignments where id=?
Hibernate: delete from shift_assignments where id=?
2025-10-25T10:10:41.078+09:00 DEBUG 16416 --- [Shift Scheduler Demo] [           main] org.hibernate.SQL                        : delete from shift_assignments where id=?
Hibernate: delete from shift_assignments where id=?
2025-10-25T10:10:41.078+09:00 DEBUG 16416 --- [Shift Scheduler Demo] [           main] org.hibernate.SQL                        : delete from shift_assignments where id=?
Hibernate: delete from shift_assignments where id=?
2025-10-25T10:10:41.078+09:00 DEBUG 16416 --- [Shift Scheduler Demo] [           main] org.hibernate.SQL                        : delete from shift_assignments where id=?
Hibernate: delete from shift_assignments where id=?
2025-10-25T10:10:41.078+09:00 DEBUG 16416 --- [Shift Scheduler Demo] [           main] org.hibernate.SQL                        : delete from shift_assignments where id=?
Hibernate: delete from shift_assignments where id=?
2025-10-25T10:10:41.078+09:00 DEBUG 16416 --- [Shift Scheduler Demo] [           main] org.hibernate.SQL                        : delete from shift_assignments where id=?
Hibernate: delete from shift_assignments where id=?
2025-10-25T10:10:41.078+09:00 DEBUG 16416 --- [Shift Scheduler Demo] [           main] org.hibernate.SQL                        : delete from shift_assignments where id=?
Hibernate: delete from shift_assignments where id=?
2025-10-25T10:10:41.078+09:00 DEBUG 16416 --- [Shift Scheduler Demo] [           main] org.hibernate.SQL                        : delete from shift_assignments where id=?
Hibernate: delete from shift_assignments where id=?
2025-10-25T10:10:41.078+09:00 DEBUG 16416 --- [Shift Scheduler Demo] [           main] org.hibernate.SQL                        : delete from shift_assignments where id=?
Hibernate: delete from shift_assignments where id=?
2025-10-25T10:10:41.078+09:00 DEBUG 16416 --- [Shift Scheduler Demo] [           main] org.hibernate.SQL                        : delete from shift_assignments where id=?
Hibernate: delete from shift_assignments where id=?
2025-10-25T10:10:41.078+09:00 DEBUG 16416 --- [Shift Scheduler Demo] [           main] org.hibernate.SQL                        : delete from shift_assignments where id=?
Hibernate: delete from shift_assignments where id=?
2025-10-25T10:10:41.078+09:00 DEBUG 16416 --- [Shift Scheduler Demo] [           main] org.hibernate.SQL                        : delete from shift_assignments where id=?
Hibernate: delete from shift_assignments where id=?
2025-10-25T10:10:41.078+09:00 DEBUG 16416 --- [Shift Scheduler Demo] [           main] org.hibernate.SQL                        : delete from shift_assignments where id=?
Hibernate: delete from shift_assignments where id=?
2025-10-25T10:10:41.078+09:00 DEBUG 16416 --- [Shift Scheduler Demo] [           main] org.hibernate.SQL                        : delete from shift_assignments where id=?
Hibernate: delete from shift_assignments where id=?
2025-10-25T10:10:41.078+09:00 DEBUG 16416 --- [Shift Scheduler Demo] [           main] org.hibernate.SQL                        : delete from shift_assignments where id=?
Hibernate: delete from shift_assignments where id=?
2025-10-25T10:10:41.078+09:00 DEBUG 16416 --- [Shift Scheduler Demo] [           main] org.hibernate.SQL                        : delete from shift_assignments where id=?
Hibernate: delete from shift_assignments where id=?
2025-10-25T10:10:41.078+09:00 DEBUG 16416 --- [Shift Scheduler Demo] [           main] org.hibernate.SQL                        : delete from shift_assignments where id=?
Hibernate: delete from shift_assignments where id=?
2025-10-25T10:10:41.078+09:00 DEBUG 16416 --- [Shift Scheduler Demo] [           main] org.hibernate.SQL                        : delete from shift_assignments where id=?
Hibernate: delete from shift_assignments where id=?
2025-10-25T10:10:41.078+09:00 DEBUG 16416 --- [Shift Scheduler Demo] [           main] org.hibernate.SQL                        : delete from shift_assignments where id=?
Hibernate: delete from shift_assignments where id=?
2025-10-25T10:10:41.078+09:00 DEBUG 16416 --- [Shift Scheduler Demo] [           main] org.hibernate.SQL                        : delete from shift_assignments where id=?
Hibernate: delete from shift_assignments where id=?
2025-10-25T10:10:41.078+09:00 DEBUG 16416 --- [Shift Scheduler Demo] [           main] org.hibernate.SQL                        : delete from shift_assignments where id=?
Hibernate: delete from shift_assignments where id=?
2025-10-25T10:10:41.078+09:00 DEBUG 16416 --- [Shift Scheduler Demo] [           main] org.hibernate.SQL                        : delete from shift_assignments where id=?
Hibernate: delete from shift_assignments where id=?
2025-10-25T10:10:41.078+09:00 DEBUG 16416 --- [Shift Scheduler Demo] [           main] org.hibernate.SQL                        : delete from shift_assignments where id=?
Hibernate: delete from shift_assignments where id=?
2025-10-25T10:10:41.078+09:00 DEBUG 16416 --- [Shift Scheduler Demo] [           main] org.hibernate.SQL                        : delete from shift_assignments where id=?
Hibernate: delete from shift_assignments where id=?
2025-10-25T10:10:41.078+09:00 DEBUG 16416 --- [Shift Scheduler Demo] [           main] org.hibernate.SQL                        : delete from shift_assignments where id=?
Hibernate: delete from shift_assignments where id=?
2025-10-25T10:10:41.078+09:00 DEBUG 16416 --- [Shift Scheduler Demo] [           main] org.hibernate.SQL                        : delete from shift_assignments where id=?
Hibernate: delete from shift_assignments where id=?
2025-10-25T10:10:41.103+09:00 DEBUG 16416 --- [Shift Scheduler Demo] [           main] org.hibernate.SQL                        : delete from shift_assignments where id=?
Hibernate: delete from shift_assignments where id=?
2025-10-25T10:10:41.104+09:00 DEBUG 16416 --- [Shift Scheduler Demo] [           main] org.hibernate.SQL                        : delete from shift_assignments where id=?
Hibernate: delete from shift_assignments where id=?
2025-10-25T10:10:41.104+09:00 DEBUG 16416 --- [Shift Scheduler Demo] [           main] org.hibernate.SQL                        : delete from shift_assignments where id=?
Hibernate: delete from shift_assignments where id=?
2025-10-25T10:10:41.104+09:00 DEBUG 16416 --- [Shift Scheduler Demo] [           main] org.hibernate.SQL                        : delete from shift_assignments where id=?
Hibernate: delete from shift_assignments where id=?
2025-10-25T10:10:41.104+09:00 DEBUG 16416 --- [Shift Scheduler Demo] [           main] org.hibernate.SQL                        : delete from shift_assignments where id=?
Hibernate: delete from shift_assignments where id=?
2025-10-25T10:10:41.104+09:00 DEBUG 16416 --- [Shift Scheduler Demo] [           main] org.hibernate.SQL                        : delete from shift_assignments where id=?
Hibernate: delete from shift_assignments where id=?
2025-10-25T10:10:41.104+09:00 DEBUG 16416 --- [Shift Scheduler Demo] [           main] org.hibernate.SQL                        : delete from shift_assignments where id=?
Hibernate: delete from shift_assignments where id=?
2025-10-25T10:10:41.104+09:00 DEBUG 16416 --- [Shift Scheduler Demo] [           main] org.hibernate.SQL                        : delete from shift_assignments where id=?
Hibernate: delete from shift_assignments where id=?
2025-10-25T10:10:41.104+09:00 DEBUG 16416 --- [Shift Scheduler Demo] [           main] org.hibernate.SQL                        : delete from shift_assignments where id=?
Hibernate: delete from shift_assignments where id=?
2025-10-25T10:10:41.104+09:00 DEBUG 16416 --- [Shift Scheduler Demo] [           main] org.hibernate.SQL                        : delete from shift_assignments where id=?
Hibernate: delete from shift_assignments where id=?
2025-10-25T10:10:41.104+09:00 DEBUG 16416 --- [Shift Scheduler Demo] [           main] org.hibernate.SQL                        : delete from shift_assignments where id=?
Hibernate: delete from shift_assignments where id=?
2025-10-25T10:10:41.105+09:00 DEBUG 16416 --- [Shift Scheduler Demo] [           main] org.hibernate.SQL                        : delete from shift_assignments where id=?
Hibernate: delete from shift_assignments where id=?
2025-10-25T10:10:41.105+09:00 DEBUG 16416 --- [Shift Scheduler Demo] [           main] org.hibernate.SQL                        : delete from shift_assignments where id=?
Hibernate: delete from shift_assignments where id=?
2025-10-25T10:10:41.105+09:00 DEBUG 16416 --- [Shift Scheduler Demo] [           main] org.hibernate.SQL                        : delete from shift_assignments where id=?
Hibernate: delete from shift_assignments where id=?
2025-10-25T10:10:41.105+09:00 DEBUG 16416 --- [Shift Scheduler Demo] [           main] org.hibernate.SQL                        : delete from shift_assignments where id=?
Hibernate: delete from shift_assignments where id=?
2025-10-25T10:10:41.105+09:00 DEBUG 16416 --- [Shift Scheduler Demo] [           main] org.hibernate.SQL                        : delete from shift_assignments where id=?
Hibernate: delete from shift_assignments where id=?
2025-10-25T10:10:41.105+09:00 DEBUG 16416 --- [Shift Scheduler Demo] [           main] org.hibernate.SQL                        : delete from shift_assignments where id=?
Hibernate: delete from shift_assignments where id=?
2025-10-25T10:10:41.105+09:00 DEBUG 16416 --- [Shift Scheduler Demo] [           main] org.hibernate.SQL                        : delete from shift_assignments where id=?
Hibernate: delete from shift_assignments where id=?
2025-10-25T10:10:41.105+09:00 DEBUG 16416 --- [Shift Scheduler Demo] [           main] org.hibernate.SQL                        : delete from shift_assignments where id=?
Hibernate: delete from shift_assignments where id=?
2025-10-25T10:10:41.105+09:00 DEBUG 16416 --- [Shift Scheduler Demo] [           main] org.hibernate.SQL                        : delete from shift_assignments where id=?
Hibernate: delete from shift_assignments where id=?
2025-10-25T10:10:41.105+09:00 DEBUG 16416 --- [Shift Scheduler Demo] [           main] org.hibernate.SQL                        : delete from shift_assignments where id=?
Hibernate: delete from shift_assignments where id=?
2025-10-25T10:10:41.105+09:00 DEBUG 16416 --- [Shift Scheduler Demo] [           main] org.hibernate.SQL                        : delete from shift_assignments where id=?
Hibernate: delete from shift_assignments where id=?
2025-10-25T10:10:41.105+09:00 DEBUG 16416 --- [Shift Scheduler Demo] [           main] org.hibernate.SQL                        : delete from shift_assignments where id=?
Hibernate: delete from shift_assignments where id=?
2025-10-25T10:10:41.105+09:00 DEBUG 16416 --- [Shift Scheduler Demo] [           main] org.hibernate.SQL                        : delete from shift_assignments where id=?
Hibernate: delete from shift_assignments where id=?
2025-10-25T10:10:41.105+09:00 DEBUG 16416 --- [Shift Scheduler Demo] [           main] org.hibernate.SQL                        : delete from shift_assignments where id=?
Hibernate: delete from shift_assignments where id=?
2025-10-25T10:10:41.105+09:00 DEBUG 16416 --- [Shift Scheduler Demo] [           main] org.hibernate.SQL                        : delete from shift_assignments where id=?
Hibernate: delete from shift_assignments where id=?
2025-10-25T10:10:41.105+09:00 DEBUG 16416 --- [Shift Scheduler Demo] [           main] org.hibernate.SQL                        : delete from shift_assignments where id=?
Hibernate: delete from shift_assignments where id=?
2025-10-25T10:10:41.105+09:00 DEBUG 16416 --- [Shift Scheduler Demo] [           main] org.hibernate.SQL                        : delete from shift_assignments where id=?
Hibernate: delete from shift_assignments where id=?
2025-10-25T10:10:41.105+09:00 DEBUG 16416 --- [Shift Scheduler Demo] [           main] org.hibernate.SQL                        : delete from shift_assignments where id=?
Hibernate: delete from shift_assignments where id=?
2025-10-25T10:10:41.105+09:00 DEBUG 16416 --- [Shift Scheduler Demo] [           main] org.hibernate.SQL                        : delete from shift_assignments where id=?
Hibernate: delete from shift_assignments where id=?
2025-10-25T10:10:41.105+09:00 DEBUG 16416 --- [Shift Scheduler Demo] [           main] org.hibernate.SQL                        : delete from shift_assignments where id=?
Hibernate: delete from shift_assignments where id=?
2025-10-25T10:10:41.105+09:00 DEBUG 16416 --- [Shift Scheduler Demo] [           main] org.hibernate.SQL                        : delete from shift_assignments where id=?
Hibernate: delete from shift_assignments where id=?
2025-10-25T10:10:41.105+09:00 DEBUG 16416 --- [Shift Scheduler Demo] [           main] org.hibernate.SQL                        : delete from shift_assignments where id=?
Hibernate: delete from shift_assignments where id=?
2025-10-25T10:10:41.106+09:00 DEBUG 16416 --- [Shift Scheduler Demo] [           main] org.hibernate.SQL                        : delete from shift_assignments where id=?
Hibernate: delete from shift_assignments where id=?
2025-10-25T10:10:41.106+09:00 DEBUG 16416 --- [Shift Scheduler Demo] [           main] org.hibernate.SQL                        : delete from shift_assignments where id=?
Hibernate: delete from shift_assignments where id=?
2025-10-25T10:10:41.106+09:00 DEBUG 16416 --- [Shift Scheduler Demo] [           main] org.hibernate.SQL                        : delete from shift_assignments where id=?
Hibernate: delete from shift_assignments where id=?
2025-10-25T10:10:41.106+09:00 DEBUG 16416 --- [Shift Scheduler Demo] [           main] org.hibernate.SQL                        : delete from shift_assignments where id=?
Hibernate: delete from shift_assignments where id=?
2025-10-25T10:10:41.106+09:00 DEBUG 16416 --- [Shift Scheduler Demo] [           main] org.hibernate.SQL                        : delete from shift_assignments where id=?
Hibernate: delete from shift_assignments where id=?
2025-10-25T10:10:41.106+09:00 DEBUG 16416 --- [Shift Scheduler Demo] [           main] org.hibernate.SQL                        : delete from shift_assignments where id=?
Hibernate: delete from shift_assignments where id=?
2025-10-25T10:10:41.106+09:00 DEBUG 16416 --- [Shift Scheduler Demo] [           main] org.hibernate.SQL                        : delete from shift_assignments where id=?
Hibernate: delete from shift_assignments where id=?
2025-10-25T10:10:41.106+09:00 DEBUG 16416 --- [Shift Scheduler Demo] [           main] org.hibernate.SQL                        : delete from shift_assignments where id=?
Hibernate: delete from shift_assignments where id=?
2025-10-25T10:10:41.106+09:00 DEBUG 16416 --- [Shift Scheduler Demo] [           main] org.hibernate.SQL                        : delete from shift_assignments where id=?
Hibernate: delete from shift_assignments where id=?
2025-10-25T10:10:41.106+09:00 DEBUG 16416 --- [Shift Scheduler Demo] [           main] org.hibernate.SQL                        : delete from shift_assignments where id=?
Hibernate: delete from shift_assignments where id=?
2025-10-25T10:10:41.106+09:00 DEBUG 16416 --- [Shift Scheduler Demo] [           main] org.hibernate.SQL                        : delete from shift_assignments where id=?
Hibernate: delete from shift_assignments where id=?
2025-10-25T10:10:41.106+09:00 DEBUG 16416 --- [Shift Scheduler Demo] [           main] org.hibernate.SQL                        : delete from shift_assignments where id=?
Hibernate: delete from shift_assignments where id=?
2025-10-25T10:10:41.106+09:00 DEBUG 16416 --- [Shift Scheduler Demo] [           main] org.hibernate.SQL                        : delete from shift_assignments where id=?
Hibernate: delete from shift_assignments where id=?
2025-10-25T10:10:41.106+09:00 DEBUG 16416 --- [Shift Scheduler Demo] [           main] org.hibernate.SQL                        : delete from shift_assignments where id=?
Hibernate: delete from shift_assignments where id=?
2025-10-25T10:10:41.106+09:00 DEBUG 16416 --- [Shift Scheduler Demo] [           main] org.hibernate.SQL                        : delete from shift_assignments where id=?
Hibernate: delete from shift_assignments where id=?
2025-10-25T10:10:41.106+09:00 DEBUG 16416 --- [Shift Scheduler Demo] [           main] org.hibernate.SQL                        : delete from shift_assignments where id=?
Hibernate: delete from shift_assignments where id=?
2025-10-25T10:10:41.106+09:00 DEBUG 16416 --- [Shift Scheduler Demo] [           main] org.hibernate.SQL                        : delete from shift_assignments where id=?
Hibernate: delete from shift_assignments where id=?
2025-10-25T10:10:41.106+09:00 DEBUG 16416 --- [Shift Scheduler Demo] [           main] org.hibernate.SQL                        : delete from shift_assignments where id=?
Hibernate: delete from shift_assignments where id=?
2025-10-25T10:10:41.106+09:00 DEBUG 16416 --- [Shift Scheduler Demo] [           main] org.hibernate.SQL                        : delete from shift_assignments where id=?
Hibernate: delete from shift_assignments where id=?
2025-10-25T10:10:41.106+09:00 DEBUG 16416 --- [Shift Scheduler Demo] [           main] org.hibernate.SQL                        : delete from shift_assignments where id=?
Hibernate: delete from shift_assignments where id=?
2025-10-25T10:10:41.106+09:00 DEBUG 16416 --- [Shift Scheduler Demo] [           main] org.hibernate.SQL                        : delete from shift_assignments where id=?
Hibernate: delete from shift_assignments where id=?
2025-10-25T10:10:41.106+09:00 DEBUG 16416 --- [Shift Scheduler Demo] [           main] org.hibernate.SQL                        : delete from shift_assignments where id=?
Hibernate: delete from shift_assignments where id=?
2025-10-25T10:10:41.106+09:00 DEBUG 16416 --- [Shift Scheduler Demo] [           main] org.hibernate.SQL                        : delete from shift_assignments where id=?
Hibernate: delete from shift_assignments where id=?
2025-10-25T10:10:41.107+09:00 DEBUG 16416 --- [Shift Scheduler Demo] [           main] org.hibernate.SQL                        : delete from shift_assignments where id=?
Hibernate: delete from shift_assignments where id=?
2025-10-25T10:10:41.107+09:00 DEBUG 16416 --- [Shift Scheduler Demo] [           main] org.hibernate.SQL                        : delete from shift_assignments where id=?
Hibernate: delete from shift_assignments where id=?
2025-10-25T10:10:41.107+09:00 DEBUG 16416 --- [Shift Scheduler Demo] [           main] org.hibernate.SQL                        : delete from shift_assignments where id=?
Hibernate: delete from shift_assignments where id=?
2025-10-25T10:10:41.107+09:00 DEBUG 16416 --- [Shift Scheduler Demo] [           main] org.hibernate.SQL                        : delete from shift_assignments where id=?
Hibernate: delete from shift_assignments where id=?
2025-10-25T10:10:41.107+09:00 DEBUG 16416 --- [Shift Scheduler Demo] [           main] org.hibernate.SQL                        : delete from shift_assignments where id=?
Hibernate: delete from shift_assignments where id=?
2025-10-25T10:10:41.107+09:00 DEBUG 16416 --- [Shift Scheduler Demo] [           main] org.hibernate.SQL                        : delete from shift_assignments where id=?
Hibernate: delete from shift_assignments where id=?
2025-10-25T10:10:41.107+09:00 DEBUG 16416 --- [Shift Scheduler Demo] [           main] org.hibernate.SQL                        : delete from shift_assignments where id=?
Hibernate: delete from shift_assignments where id=?
2025-10-25T10:10:41.107+09:00 DEBUG 16416 --- [Shift Scheduler Demo] [           main] org.hibernate.SQL                        : delete from shift_assignments where id=?
Hibernate: delete from shift_assignments where id=?
2025-10-25T10:10:41.107+09:00 DEBUG 16416 --- [Shift Scheduler Demo] [           main] org.hibernate.SQL                        : delete from shift_assignments where id=?
Hibernate: delete from shift_assignments where id=?
2025-10-25T10:10:41.107+09:00 DEBUG 16416 --- [Shift Scheduler Demo] [           main] org.hibernate.SQL                        : delete from shift_assignments where id=?
Hibernate: delete from shift_assignments where id=?
2025-10-25T10:10:41.107+09:00 DEBUG 16416 --- [Shift Scheduler Demo] [           main] org.hibernate.SQL                        : delete from shift_assignments where id=?
Hibernate: delete from shift_assignments where id=?
2025-10-25T10:10:41.107+09:00 DEBUG 16416 --- [Shift Scheduler Demo] [           main] org.hibernate.SQL                        : delete from shift_assignments where id=?
Hibernate: delete from shift_assignments where id=?
2025-10-25T10:10:41.107+09:00 DEBUG 16416 --- [Shift Scheduler Demo] [           main] org.hibernate.SQL                        : delete from shift_assignments where id=?
Hibernate: delete from shift_assignments where id=?
2025-10-25T10:10:41.107+09:00 DEBUG 16416 --- [Shift Scheduler Demo] [           main] org.hibernate.SQL                        : delete from shift_assignments where id=?
Hibernate: delete from shift_assignments where id=?
2025-10-25T10:10:41.107+09:00 DEBUG 16416 --- [Shift Scheduler Demo] [           main] org.hibernate.SQL                        : delete from shift_assignments where id=?
Hibernate: delete from shift_assignments where id=?
2025-10-25T10:10:41.107+09:00 DEBUG 16416 --- [Shift Scheduler Demo] [           main] org.hibernate.SQL                        : delete from shift_assignments where id=?
Hibernate: delete from shift_assignments where id=?
2025-10-25T10:10:41.107+09:00 DEBUG 16416 --- [Shift Scheduler Demo] [           main] org.hibernate.SQL                        : delete from shift_assignments where id=?
Hibernate: delete from shift_assignments where id=?
2025-10-25T10:10:41.107+09:00 DEBUG 16416 --- [Shift Scheduler Demo] [           main] org.hibernate.SQL                        : delete from shift_assignments where id=?
Hibernate: delete from shift_assignments where id=?
2025-10-25T10:10:41.107+09:00 DEBUG 16416 --- [Shift Scheduler Demo] [           main] org.hibernate.SQL                        : delete from shift_assignments where id=?
Hibernate: delete from shift_assignments where id=?
2025-10-25T10:10:41.108+09:00 DEBUG 16416 --- [Shift Scheduler Demo] [           main] org.hibernate.SQL                        : delete from shift_assignments where id=?
Hibernate: delete from shift_assignments where id=?
2025-10-25T10:10:41.108+09:00 DEBUG 16416 --- [Shift Scheduler Demo] [           main] org.hibernate.SQL                        : delete from shift_assignments where id=?
Hibernate: delete from shift_assignments where id=?
2025-10-25T10:10:41.108+09:00 DEBUG 16416 --- [Shift Scheduler Demo] [           main] org.hibernate.SQL                        : delete from shift_assignments where id=?
Hibernate: delete from shift_assignments where id=?
2025-10-25T10:10:41.108+09:00 DEBUG 16416 --- [Shift Scheduler Demo] [           main] org.hibernate.SQL                        : delete from shift_assignments where id=?
Hibernate: delete from shift_assignments where id=?
2025-10-25T10:10:41.108+09:00 DEBUG 16416 --- [Shift Scheduler Demo] [           main] org.hibernate.SQL                        : delete from shift_assignments where id=?
Hibernate: delete from shift_assignments where id=?
2025-10-25T10:10:41.108+09:00 DEBUG 16416 --- [Shift Scheduler Demo] [           main] org.hibernate.SQL                        : delete from shift_assignments where id=?
Hibernate: delete from shift_assignments where id=?
2025-10-25T10:10:41.108+09:00 DEBUG 16416 --- [Shift Scheduler Demo] [           main] org.hibernate.SQL                        : delete from shift_assignments where id=?
Hibernate: delete from shift_assignments where id=?
2025-10-25T10:10:41.108+09:00 DEBUG 16416 --- [Shift Scheduler Demo] [           main] org.hibernate.SQL                        : delete from shift_assignments where id=?
Hibernate: delete from shift_assignments where id=?
2025-10-25T10:10:41.108+09:00 DEBUG 16416 --- [Shift Scheduler Demo] [           main] org.hibernate.SQL                        : delete from shift_assignments where id=?
Hibernate: delete from shift_assignments where id=?
2025-10-25T10:10:41.108+09:00 DEBUG 16416 --- [Shift Scheduler Demo] [           main] org.hibernate.SQL                        : delete from shift_assignments where id=?
Hibernate: delete from shift_assignments where id=?
2025-10-25T10:10:41.108+09:00 DEBUG 16416 --- [Shift Scheduler Demo] [           main] org.hibernate.SQL                        : delete from shift_assignments where id=?
Hibernate: delete from shift_assignments where id=?
2025-10-25T10:10:41.108+09:00 DEBUG 16416 --- [Shift Scheduler Demo] [           main] org.hibernate.SQL                        : delete from shift_assignments where id=?
Hibernate: delete from shift_assignments where id=?
2025-10-25T10:10:41.108+09:00 DEBUG 16416 --- [Shift Scheduler Demo] [           main] org.hibernate.SQL                        : delete from shift_assignments where id=?
Hibernate: delete from shift_assignments where id=?
2025-10-25T10:10:41.108+09:00 DEBUG 16416 --- [Shift Scheduler Demo] [           main] org.hibernate.SQL                        : delete from shift_assignments where id=?
Hibernate: delete from shift_assignments where id=?
2025-10-25T10:10:41.108+09:00 DEBUG 16416 --- [Shift Scheduler Demo] [           main] org.hibernate.SQL                        : delete from shift_assignments where id=?
Hibernate: delete from shift_assignments where id=?
2025-10-25T10:10:41.108+09:00 DEBUG 16416 --- [Shift Scheduler Demo] [           main] org.hibernate.SQL                        : delete from shift_assignments where id=?
Hibernate: delete from shift_assignments where id=?
2025-10-25T10:10:41.108+09:00 DEBUG 16416 --- [Shift Scheduler Demo] [           main] org.hibernate.SQL                        : delete from shift_assignments where id=?
Hibernate: delete from shift_assignments where id=?
2025-10-25T10:10:41.108+09:00 DEBUG 16416 --- [Shift Scheduler Demo] [           main] org.hibernate.SQL                        : delete from shift_assignments where id=?
Hibernate: delete from shift_assignments where id=?
2025-10-25T10:10:41.108+09:00 DEBUG 16416 --- [Shift Scheduler Demo] [           main] org.hibernate.SQL                        : delete from shift_assignments where id=?
Hibernate: delete from shift_assignments where id=?
2025-10-25T10:10:41.108+09:00 DEBUG 16416 --- [Shift Scheduler Demo] [           main] org.hibernate.SQL                        : delete from shift_assignments where id=?
Hibernate: delete from shift_assignments where id=?
2025-10-25T10:10:41.108+09:00 DEBUG 16416 --- [Shift Scheduler Demo] [           main] org.hibernate.SQL                        : delete from shift_assignments where id=?
Hibernate: delete from shift_assignments where id=?
2025-10-25T10:10:41.108+09:00 DEBUG 16416 --- [Shift Scheduler Demo] [           main] org.hibernate.SQL                        : delete from shift_assignments where id=?
Hibernate: delete from shift_assignments where id=?
2025-10-25T10:10:41.108+09:00 DEBUG 16416 --- [Shift Scheduler Demo] [           main] org.hibernate.SQL                        : delete from shift_assignments where id=?
Hibernate: delete from shift_assignments where id=?
2025-10-25T10:10:41.108+09:00 DEBUG 16416 --- [Shift Scheduler Demo] [           main] org.hibernate.SQL                        : delete from shift_assignments where id=?
Hibernate: delete from shift_assignments where id=?
2025-10-25T10:10:41.108+09:00 DEBUG 16416 --- [Shift Scheduler Demo] [           main] org.hibernate.SQL                        : delete from shift_assignments where id=?
Hibernate: delete from shift_assignments where id=?
2025-10-25T10:10:41.108+09:00 DEBUG 16416 --- [Shift Scheduler Demo] [           main] org.hibernate.SQL                        : delete from shift_assignments where id=?
Hibernate: delete from shift_assignments where id=?
2025-10-25T10:10:41.108+09:00 DEBUG 16416 --- [Shift Scheduler Demo] [           main] org.hibernate.SQL                        : delete from shift_assignments where id=?
Hibernate: delete from shift_assignments where id=?
2025-10-25T10:10:41.108+09:00 DEBUG 16416 --- [Shift Scheduler Demo] [           main] org.hibernate.SQL                        : delete from shift_assignments where id=?
Hibernate: delete from shift_assignments where id=?
2025-10-25T10:10:41.108+09:00 DEBUG 16416 --- [Shift Scheduler Demo] [           main] org.hibernate.SQL                        : delete from shift_assignments where id=?
Hibernate: delete from shift_assignments where id=?
2025-10-25T10:10:41.108+09:00 DEBUG 16416 --- [Shift Scheduler Demo] [           main] org.hibernate.SQL                        : delete from shift_assignments where id=?
Hibernate: delete from shift_assignments where id=?
2025-10-25T10:10:41.108+09:00 DEBUG 16416 --- [Shift Scheduler Demo] [           main] org.hibernate.SQL                        : delete from shift_assignments where id=?
Hibernate: delete from shift_assignments where id=?
2025-10-25T10:10:41.108+09:00 DEBUG 16416 --- [Shift Scheduler Demo] [           main] org.hibernate.SQL                        : delete from shift_assignments where id=?
Hibernate: delete from shift_assignments where id=?
2025-10-25T10:10:41.108+09:00 DEBUG 16416 --- [Shift Scheduler Demo] [           main] org.hibernate.SQL                        : delete from shift_assignments where id=?
Hibernate: delete from shift_assignments where id=?
2025-10-25T10:10:41.109+09:00 DEBUG 16416 --- [Shift Scheduler Demo] [           main] org.hibernate.SQL                        : delete from shift_assignments where id=?
Hibernate: delete from shift_assignments where id=?
2025-10-25T10:10:41.109+09:00 DEBUG 16416 --- [Shift Scheduler Demo] [           main] org.hibernate.SQL                        : delete from shift_assignments where id=?
Hibernate: delete from shift_assignments where id=?
2025-10-25T10:10:41.115+09:00 DEBUG 16416 --- [Shift Scheduler Demo] [           main] org.hibernate.SQL                        : delete from shift_assignments where id=?
Hibernate: delete from shift_assignments where id=?
2025-10-25T10:10:41.115+09:00 DEBUG 16416 --- [Shift Scheduler Demo] [           main] org.hibernate.SQL                        : delete from shift_assignments where id=?
Hibernate: delete from shift_assignments where id=?
2025-10-25T10:10:41.115+09:00 DEBUG 16416 --- [Shift Scheduler Demo] [           main] org.hibernate.SQL                        : delete from shift_assignments where id=?
Hibernate: delete from shift_assignments where id=?
2025-10-25T10:10:41.115+09:00 DEBUG 16416 --- [Shift Scheduler Demo] [           main] org.hibernate.SQL                        : delete from shift_assignments where id=?
Hibernate: delete from shift_assignments where id=?
2025-10-25T10:10:41.115+09:00 DEBUG 16416 --- [Shift Scheduler Demo] [           main] org.hibernate.SQL                        : delete from shift_assignments where id=?
Hibernate: delete from shift_assignments where id=?
2025-10-25T10:10:41.115+09:00 DEBUG 16416 --- [Shift Scheduler Demo] [           main] org.hibernate.SQL                        : delete from shift_assignments where id=?
Hibernate: delete from shift_assignments where id=?
2025-10-25T10:10:41.115+09:00 DEBUG 16416 --- [Shift Scheduler Demo] [           main] org.hibernate.SQL                        : delete from shift_assignments where id=?
Hibernate: delete from shift_assignments where id=?
2025-10-25T10:10:41.115+09:00 DEBUG 16416 --- [Shift Scheduler Demo] [           main] org.hibernate.SQL                        : delete from shift_assignments where id=?
Hibernate: delete from shift_assignments where id=?
2025-10-25T10:10:41.115+09:00 DEBUG 16416 --- [Shift Scheduler Demo] [           main] org.hibernate.SQL                        : delete from shift_assignments where id=?
Hibernate: delete from shift_assignments where id=?
2025-10-25T10:10:41.115+09:00 DEBUG 16416 --- [Shift Scheduler Demo] [           main] org.hibernate.SQL                        : delete from shift_assignments where id=?
Hibernate: delete from shift_assignments where id=?
2025-10-25T10:10:41.115+09:00 DEBUG 16416 --- [Shift Scheduler Demo] [           main] org.hibernate.SQL                        : delete from shift_assignments where id=?
Hibernate: delete from shift_assignments where id=?
2025-10-25T10:10:41.115+09:00 DEBUG 16416 --- [Shift Scheduler Demo] [           main] org.hibernate.SQL                        : delete from shift_assignments where id=?
Hibernate: delete from shift_assignments where id=?
2025-10-25T10:10:41.115+09:00 DEBUG 16416 --- [Shift Scheduler Demo] [           main] org.hibernate.SQL                        : delete from shift_assignments where id=?
Hibernate: delete from shift_assignments where id=?
2025-10-25T10:10:41.115+09:00 DEBUG 16416 --- [Shift Scheduler Demo] [           main] org.hibernate.SQL                        : delete from shift_assignments where id=?
Hibernate: delete from shift_assignments where id=?
2025-10-25T10:10:41.115+09:00 DEBUG 16416 --- [Shift Scheduler Demo] [           main] org.hibernate.SQL                        : delete from shift_assignments where id=?
Hibernate: delete from shift_assignments where id=?
2025-10-25T10:10:41.116+09:00 DEBUG 16416 --- [Shift Scheduler Demo] [           main] org.hibernate.SQL                        : delete from shift_assignments where id=?
Hibernate: delete from shift_assignments where id=?
2025-10-25T10:10:41.116+09:00 DEBUG 16416 --- [Shift Scheduler Demo] [           main] org.hibernate.SQL                        : delete from shift_assignments where id=?
Hibernate: delete from shift_assignments where id=?
2025-10-25T10:10:41.116+09:00 DEBUG 16416 --- [Shift Scheduler Demo] [           main] org.hibernate.SQL                        : delete from shift_assignments where id=?
Hibernate: delete from shift_assignments where id=?
2025-10-25T10:10:41.117+09:00 DEBUG 16416 --- [Shift Scheduler Demo] [           main] org.hibernate.SQL                        : delete from shift_assignments where id=?
Hibernate: delete from shift_assignments where id=?
2025-10-25T10:10:41.117+09:00 DEBUG 16416 --- [Shift Scheduler Demo] [           main] org.hibernate.SQL                        : delete from shift_assignments where id=?
Hibernate: delete from shift_assignments where id=?
2025-10-25T10:10:41.117+09:00 DEBUG 16416 --- [Shift Scheduler Demo] [           main] org.hibernate.SQL                        : delete from shift_assignments where id=?
Hibernate: delete from shift_assignments where id=?
2025-10-25T10:10:41.117+09:00 DEBUG 16416 --- [Shift Scheduler Demo] [           main] org.hibernate.SQL                        : delete from shift_assignments where id=?
Hibernate: delete from shift_assignments where id=?
2025-10-25T10:10:41.117+09:00 DEBUG 16416 --- [Shift Scheduler Demo] [           main] org.hibernate.SQL                        : delete from shift_assignments where id=?
Hibernate: delete from shift_assignments where id=?
2025-10-25T10:10:41.117+09:00 DEBUG 16416 --- [Shift Scheduler Demo] [           main] org.hibernate.SQL                        : delete from shift_assignments where id=?
Hibernate: delete from shift_assignments where id=?
2025-10-25T10:10:41.117+09:00 DEBUG 16416 --- [Shift Scheduler Demo] [           main] org.hibernate.SQL                        : delete from shift_assignments where id=?
Hibernate: delete from shift_assignments where id=?
2025-10-25T10:10:41.117+09:00 DEBUG 16416 --- [Shift Scheduler Demo] [           main] org.hibernate.SQL                        : delete from shift_assignments where id=?
Hibernate: delete from shift_assignments where id=?
2025-10-25T10:10:41.117+09:00 DEBUG 16416 --- [Shift Scheduler Demo] [           main] org.hibernate.SQL                        : delete from shift_assignments where id=?
Hibernate: delete from shift_assignments where id=?
2025-10-25T10:10:41.117+09:00 DEBUG 16416 --- [Shift Scheduler Demo] [           main] org.hibernate.SQL                        : delete from shift_assignments where id=?
Hibernate: delete from shift_assignments where id=?
2025-10-25T10:10:41.117+09:00 DEBUG 16416 --- [Shift Scheduler Demo] [           main] org.hibernate.SQL                        : delete from shift_assignments where id=?
Hibernate: delete from shift_assignments where id=?
2025-10-25T10:10:41.117+09:00 DEBUG 16416 --- [Shift Scheduler Demo] [           main] org.hibernate.SQL                        : delete from shift_assignments where id=?
Hibernate: delete from shift_assignments where id=?
2025-10-25T10:10:41.117+09:00 DEBUG 16416 --- [Shift Scheduler Demo] [           main] org.hibernate.SQL                        : delete from shift_assignments where id=?
Hibernate: delete from shift_assignments where id=?
2025-10-25T10:10:41.117+09:00 DEBUG 16416 --- [Shift Scheduler Demo] [           main] org.hibernate.SQL                        : delete from shift_assignments where id=?
Hibernate: delete from shift_assignments where id=?
2025-10-25T10:10:41.117+09:00 DEBUG 16416 --- [Shift Scheduler Demo] [           main] org.hibernate.SQL                        : delete from shift_assignments where id=?
Hibernate: delete from shift_assignments where id=?
2025-10-25T10:10:41.117+09:00 DEBUG 16416 --- [Shift Scheduler Demo] [           main] org.hibernate.SQL                        : delete from shift_assignments where id=?
Hibernate: delete from shift_assignments where id=?
2025-10-25T10:10:41.117+09:00 DEBUG 16416 --- [Shift Scheduler Demo] [           main] org.hibernate.SQL                        : delete from shift_assignments where id=?
Hibernate: delete from shift_assignments where id=?
2025-10-25T10:10:41.117+09:00 DEBUG 16416 --- [Shift Scheduler Demo] [           main] org.hibernate.SQL                        : delete from shift_assignments where id=?
Hibernate: delete from shift_assignments where id=?
2025-10-25T10:10:41.117+09:00 DEBUG 16416 --- [Shift Scheduler Demo] [           main] org.hibernate.SQL                        : delete from shift_assignments where id=?
Hibernate: delete from shift_assignments where id=?
2025-10-25T10:10:41.117+09:00 DEBUG 16416 --- [Shift Scheduler Demo] [           main] org.hibernate.SQL                        : delete from shift_assignments where id=?
Hibernate: delete from shift_assignments where id=?
2025-10-25T10:10:41.117+09:00 DEBUG 16416 --- [Shift Scheduler Demo] [           main] org.hibernate.SQL                        : delete from shift_assignments where id=?
Hibernate: delete from shift_assignments where id=?
2025-10-25T10:10:41.118+09:00 DEBUG 16416 --- [Shift Scheduler Demo] [           main] org.hibernate.SQL                        : delete from shift_assignments where id=?
Hibernate: delete from shift_assignments where id=?
2025-10-25T10:10:41.118+09:00 DEBUG 16416 --- [Shift Scheduler Demo] [           main] org.hibernate.SQL                        : delete from shift_assignments where id=?
Hibernate: delete from shift_assignments where id=?
2025-10-25T10:10:41.118+09:00 DEBUG 16416 --- [Shift Scheduler Demo] [           main] org.hibernate.SQL                        : delete from shift_assignments where id=?
Hibernate: delete from shift_assignments where id=?
2025-10-25T10:10:41.118+09:00 DEBUG 16416 --- [Shift Scheduler Demo] [           main] org.hibernate.SQL                        : delete from shift_assignments where id=?
Hibernate: delete from shift_assignments where id=?
2025-10-25T10:10:41.118+09:00 DEBUG 16416 --- [Shift Scheduler Demo] [           main] org.hibernate.SQL                        : delete from shift_assignments where id=?
Hibernate: delete from shift_assignments where id=?
2025-10-25T10:10:41.118+09:00 DEBUG 16416 --- [Shift Scheduler Demo] [           main] org.hibernate.SQL                        : delete from shift_assignments where id=?
Hibernate: delete from shift_assignments where id=?
2025-10-25T10:10:41.118+09:00 DEBUG 16416 --- [Shift Scheduler Demo] [           main] org.hibernate.SQL                        : delete from shift_assignments where id=?
Hibernate: delete from shift_assignments where id=?
2025-10-25T10:10:41.118+09:00 DEBUG 16416 --- [Shift Scheduler Demo] [           main] org.hibernate.SQL                        : delete from shift_assignments where id=?
Hibernate: delete from shift_assignments where id=?
2025-10-25T10:10:41.118+09:00 DEBUG 16416 --- [Shift Scheduler Demo] [           main] org.hibernate.SQL                        : delete from shift_assignments where id=?
Hibernate: delete from shift_assignments where id=?
2025-10-25T10:10:41.118+09:00 DEBUG 16416 --- [Shift Scheduler Demo] [           main] org.hibernate.SQL                        : delete from shift_assignments where id=?
Hibernate: delete from shift_assignments where id=?
2025-10-25T10:10:41.118+09:00 DEBUG 16416 --- [Shift Scheduler Demo] [           main] org.hibernate.SQL                        : delete from shift_assignments where id=?
Hibernate: delete from shift_assignments where id=?
2025-10-25T10:10:41.118+09:00 DEBUG 16416 --- [Shift Scheduler Demo] [           main] org.hibernate.SQL                        : delete from shift_assignments where id=?
Hibernate: delete from shift_assignments where id=?
2025-10-25T10:10:41.118+09:00 DEBUG 16416 --- [Shift Scheduler Demo] [           main] org.hibernate.SQL                        : delete from shift_assignments where id=?
Hibernate: delete from shift_assignments where id=?
2025-10-25T10:10:41.118+09:00 DEBUG 16416 --- [Shift Scheduler Demo] [           main] org.hibernate.SQL                        : delete from shift_assignments where id=?
Hibernate: delete from shift_assignments where id=?
2025-10-25T10:10:41.118+09:00 DEBUG 16416 --- [Shift Scheduler Demo] [           main] org.hibernate.SQL                        : delete from shift_assignments where id=?
Hibernate: delete from shift_assignments where id=?
2025-10-25T10:10:41.118+09:00 DEBUG 16416 --- [Shift Scheduler Demo] [           main] org.hibernate.SQL                        : delete from shift_assignments where id=?
Hibernate: delete from shift_assignments where id=?
2025-10-25T10:10:41.118+09:00 DEBUG 16416 --- [Shift Scheduler Demo] [           main] org.hibernate.SQL                        : delete from shift_assignments where id=?
Hibernate: delete from shift_assignments where id=?
2025-10-25T10:10:41.118+09:00 DEBUG 16416 --- [Shift Scheduler Demo] [           main] org.hibernate.SQL                        : delete from shift_assignments where id=?
Hibernate: delete from shift_assignments where id=?
2025-10-25T10:10:41.118+09:00 DEBUG 16416 --- [Shift Scheduler Demo] [           main] org.hibernate.SQL                        : delete from shift_assignments where id=?
Hibernate: delete from shift_assignments where id=?
2025-10-25T10:10:41.119+09:00 DEBUG 16416 --- [Shift Scheduler Demo] [           main] org.hibernate.SQL                        : delete from shift_assignments where id=?
Hibernate: delete from shift_assignments where id=?
2025-10-25T10:10:41.119+09:00 DEBUG 16416 --- [Shift Scheduler Demo] [           main] org.hibernate.SQL                        : delete from shift_assignments where id=?
Hibernate: delete from shift_assignments where id=?
2025-10-25T10:10:41.119+09:00 DEBUG 16416 --- [Shift Scheduler Demo] [           main] org.hibernate.SQL                        : delete from shift_assignments where id=?
Hibernate: delete from shift_assignments where id=?
2025-10-25T10:10:41.119+09:00 DEBUG 16416 --- [Shift Scheduler Demo] [           main] org.hibernate.SQL                        : delete from shift_assignments where id=?
Hibernate: delete from shift_assignments where id=?
2025-10-25T10:10:41.119+09:00 DEBUG 16416 --- [Shift Scheduler Demo] [           main] org.hibernate.SQL                        : delete from shift_assignments where id=?
Hibernate: delete from shift_assignments where id=?
2025-10-25T10:10:41.119+09:00 DEBUG 16416 --- [Shift Scheduler Demo] [           main] org.hibernate.SQL                        : delete from shift_assignments where id=?
Hibernate: delete from shift_assignments where id=?
2025-10-25T10:10:41.119+09:00 DEBUG 16416 --- [Shift Scheduler Demo] [           main] org.hibernate.SQL                        : delete from shift_assignments where id=?
Hibernate: delete from shift_assignments where id=?
2025-10-25T10:10:41.119+09:00 DEBUG 16416 --- [Shift Scheduler Demo] [           main] org.hibernate.SQL                        : delete from shift_assignments where id=?
Hibernate: delete from shift_assignments where id=?
2025-10-25T10:10:41.119+09:00 DEBUG 16416 --- [Shift Scheduler Demo] [           main] org.hibernate.SQL                        : delete from shift_assignments where id=?
Hibernate: delete from shift_assignments where id=?
2025-10-25T10:10:41.119+09:00 DEBUG 16416 --- [Shift Scheduler Demo] [           main] org.hibernate.SQL                        : delete from shift_assignments where id=?
Hibernate: delete from shift_assignments where id=?
2025-10-25T10:10:41.119+09:00 DEBUG 16416 --- [Shift Scheduler Demo] [           main] org.hibernate.SQL                        : delete from shift_assignments where id=?
Hibernate: delete from shift_assignments where id=?
2025-10-25T10:10:41.119+09:00 DEBUG 16416 --- [Shift Scheduler Demo] [           main] org.hibernate.SQL                        : delete from shift_assignments where id=?
Hibernate: delete from shift_assignments where id=?
2025-10-25T10:10:41.119+09:00 DEBUG 16416 --- [Shift Scheduler Demo] [           main] org.hibernate.SQL                        : delete from shift_assignments where id=?
Hibernate: delete from shift_assignments where id=?
2025-10-25T10:10:41.120+09:00 DEBUG 16416 --- [Shift Scheduler Demo] [           main] org.hibernate.SQL                        : delete from shift_assignments where id=?
Hibernate: delete from shift_assignments where id=?
2025-10-25T10:10:41.120+09:00 DEBUG 16416 --- [Shift Scheduler Demo] [           main] org.hibernate.SQL                        : delete from shift_assignments where id=?
Hibernate: delete from shift_assignments where id=?
2025-10-25T10:10:41.120+09:00 DEBUG 16416 --- [Shift Scheduler Demo] [           main] org.hibernate.SQL                        : delete from shift_assignments where id=?
Hibernate: delete from shift_assignments where id=?
2025-10-25T10:10:41.120+09:00 DEBUG 16416 --- [Shift Scheduler Demo] [           main] org.hibernate.SQL                        : delete from shift_assignments where id=?
Hibernate: delete from shift_assignments where id=?
2025-10-25T10:10:41.120+09:00 DEBUG 16416 --- [Shift Scheduler Demo] [           main] org.hibernate.SQL                        : delete from shift_assignments where id=?
Hibernate: delete from shift_assignments where id=?
2025-10-25T10:10:41.120+09:00 DEBUG 16416 --- [Shift Scheduler Demo] [           main] org.hibernate.SQL                        : delete from shift_assignments where id=?
Hibernate: delete from shift_assignments where id=?
2025-10-25T10:10:41.120+09:00 DEBUG 16416 --- [Shift Scheduler Demo] [           main] org.hibernate.SQL                        : delete from shift_assignments where id=?
Hibernate: delete from shift_assignments where id=?
2025-10-25T10:10:41.121+09:00 DEBUG 16416 --- [Shift Scheduler Demo] [           main] org.hibernate.SQL                        : delete from shift_assignments where id=?
Hibernate: delete from shift_assignments where id=?
2025-10-25T10:10:41.121+09:00 DEBUG 16416 --- [Shift Scheduler Demo] [           main] org.hibernate.SQL                        : delete from shift_assignments where id=?
Hibernate: delete from shift_assignments where id=?
2025-10-25T10:10:41.121+09:00 DEBUG 16416 --- [Shift Scheduler Demo] [           main] org.hibernate.SQL                        : delete from shift_assignments where id=?
Hibernate: delete from shift_assignments where id=?
2025-10-25T10:10:41.121+09:00 DEBUG 16416 --- [Shift Scheduler Demo] [           main] org.hibernate.SQL                        : delete from shift_assignments where id=?
Hibernate: delete from shift_assignments where id=?
2025-10-25T10:10:41.121+09:00 DEBUG 16416 --- [Shift Scheduler Demo] [           main] org.hibernate.SQL                        : delete from shift_assignments where id=?
Hibernate: delete from shift_assignments where id=?
2025-10-25T10:10:41.121+09:00 DEBUG 16416 --- [Shift Scheduler Demo] [           main] org.hibernate.SQL                        : delete from shift_assignments where id=?
Hibernate: delete from shift_assignments where id=?
2025-10-25T10:10:41.121+09:00 DEBUG 16416 --- [Shift Scheduler Demo] [           main] org.hibernate.SQL                        : delete from shift_assignments where id=?
Hibernate: delete from shift_assignments where id=?
2025-10-25T10:10:41.121+09:00 DEBUG 16416 --- [Shift Scheduler Demo] [           main] org.hibernate.SQL                        : delete from shift_assignments where id=?
Hibernate: delete from shift_assignments where id=?
2025-10-25T10:10:41.121+09:00 DEBUG 16416 --- [Shift Scheduler Demo] [           main] org.hibernate.SQL                        : delete from shift_assignments where id=?
Hibernate: delete from shift_assignments where id=?
2025-10-25T10:10:41.121+09:00 DEBUG 16416 --- [Shift Scheduler Demo] [           main] org.hibernate.SQL                        : delete from shift_assignments where id=?
Hibernate: delete from shift_assignments where id=?
2025-10-25T10:10:41.121+09:00 DEBUG 16416 --- [Shift Scheduler Demo] [           main] org.hibernate.SQL                        : delete from shift_assignments where id=?
Hibernate: delete from shift_assignments where id=?
2025-10-25T10:10:41.121+09:00 DEBUG 16416 --- [Shift Scheduler Demo] [           main] org.hibernate.SQL                        : delete from shift_assignments where id=?
Hibernate: delete from shift_assignments where id=?
2025-10-25T10:10:41.121+09:00 DEBUG 16416 --- [Shift Scheduler Demo] [           main] org.hibernate.SQL                        : delete from shift_assignments where id=?
Hibernate: delete from shift_assignments where id=?
2025-10-25T10:10:41.121+09:00 DEBUG 16416 --- [Shift Scheduler Demo] [           main] org.hibernate.SQL                        : delete from shift_assignments where id=?
Hibernate: delete from shift_assignments where id=?
2025-10-25T10:10:41.121+09:00 DEBUG 16416 --- [Shift Scheduler Demo] [           main] org.hibernate.SQL                        : delete from shift_assignments where id=?
Hibernate: delete from shift_assignments where id=?
2025-10-25T10:10:41.121+09:00 DEBUG 16416 --- [Shift Scheduler Demo] [           main] org.hibernate.SQL                        : delete from shift_assignments where id=?
Hibernate: delete from shift_assignments where id=?
2025-10-25T10:10:41.121+09:00 DEBUG 16416 --- [Shift Scheduler Demo] [           main] org.hibernate.SQL                        : delete from shift_assignments where id=?
Hibernate: delete from shift_assignments where id=?
2025-10-25T10:10:41.121+09:00 DEBUG 16416 --- [Shift Scheduler Demo] [           main] org.hibernate.SQL                        : delete from shift_assignments where id=?
Hibernate: delete from shift_assignments where id=?
2025-10-25T10:10:41.121+09:00 DEBUG 16416 --- [Shift Scheduler Demo] [           main] org.hibernate.SQL                        : delete from shift_assignments where id=?
Hibernate: delete from shift_assignments where id=?
2025-10-25T10:10:41.122+09:00 DEBUG 16416 --- [Shift Scheduler Demo] [           main] org.hibernate.SQL                        : delete from shift_assignments where id=?
Hibernate: delete from shift_assignments where id=?
2025-10-25T10:10:41.122+09:00 DEBUG 16416 --- [Shift Scheduler Demo] [           main] org.hibernate.SQL                        : delete from shift_assignments where id=?
Hibernate: delete from shift_assignments where id=?
2025-10-25T10:10:41.122+09:00 DEBUG 16416 --- [Shift Scheduler Demo] [           main] org.hibernate.SQL                        : delete from shift_assignments where id=?
Hibernate: delete from shift_assignments where id=?
2025-10-25T10:10:41.122+09:00 DEBUG 16416 --- [Shift Scheduler Demo] [           main] org.hibernate.SQL                        : delete from shift_assignments where id=?
Hibernate: delete from shift_assignments where id=?
2025-10-25T10:10:41.122+09:00 DEBUG 16416 --- [Shift Scheduler Demo] [           main] org.hibernate.SQL                        : delete from shift_assignments where id=?
Hibernate: delete from shift_assignments where id=?
2025-10-25T10:10:41.122+09:00 DEBUG 16416 --- [Shift Scheduler Demo] [           main] org.hibernate.SQL                        : delete from shift_assignments where id=?
Hibernate: delete from shift_assignments where id=?
2025-10-25T10:10:41.122+09:00 DEBUG 16416 --- [Shift Scheduler Demo] [           main] org.hibernate.SQL                        : delete from shift_assignments where id=?
Hibernate: delete from shift_assignments where id=?
2025-10-25T10:10:41.122+09:00 DEBUG 16416 --- [Shift Scheduler Demo] [           main] org.hibernate.SQL                        : delete from shift_assignments where id=?
Hibernate: delete from shift_assignments where id=?
2025-10-25T10:10:41.122+09:00 DEBUG 16416 --- [Shift Scheduler Demo] [           main] org.hibernate.SQL                        : delete from shift_assignments where id=?
Hibernate: delete from shift_assignments where id=?
2025-10-25T10:10:41.122+09:00 DEBUG 16416 --- [Shift Scheduler Demo] [           main] org.hibernate.SQL                        : delete from shift_assignments where id=?
Hibernate: delete from shift_assignments where id=?
2025-10-25T10:10:41.122+09:00 DEBUG 16416 --- [Shift Scheduler Demo] [           main] org.hibernate.SQL                        : delete from shift_assignments where id=?
Hibernate: delete from shift_assignments where id=?
2025-10-25T10:10:41.122+09:00 DEBUG 16416 --- [Shift Scheduler Demo] [           main] org.hibernate.SQL                        : delete from shift_assignments where id=?
Hibernate: delete from shift_assignments where id=?
2025-10-25T10:10:41.122+09:00 DEBUG 16416 --- [Shift Scheduler Demo] [           main] org.hibernate.SQL                        : delete from shift_assignments where id=?
Hibernate: delete from shift_assignments where id=?
2025-10-25T10:10:41.122+09:00 DEBUG 16416 --- [Shift Scheduler Demo] [           main] org.hibernate.SQL                        : delete from shift_assignments where id=?
Hibernate: delete from shift_assignments where id=?
2025-10-25T10:10:41.122+09:00 DEBUG 16416 --- [Shift Scheduler Demo] [           main] org.hibernate.SQL                        : delete from shift_assignments where id=?
Hibernate: delete from shift_assignments where id=?
2025-10-25T10:10:41.122+09:00 DEBUG 16416 --- [Shift Scheduler Demo] [           main] org.hibernate.SQL                        : delete from shift_assignments where id=?
Hibernate: delete from shift_assignments where id=?
2025-10-25T10:10:41.122+09:00 DEBUG 16416 --- [Shift Scheduler Demo] [           main] org.hibernate.SQL                        : delete from shift_assignments where id=?
Hibernate: delete from shift_assignments where id=?
2025-10-25T10:10:41.122+09:00 DEBUG 16416 --- [Shift Scheduler Demo] [           main] org.hibernate.SQL                        : delete from shift_assignments where id=?
Hibernate: delete from shift_assignments where id=?
2025-10-25T10:10:41.122+09:00 DEBUG 16416 --- [Shift Scheduler Demo] [           main] org.hibernate.SQL                        : delete from shift_assignments where id=?
Hibernate: delete from shift_assignments where id=?
2025-10-25T10:10:41.123+09:00 DEBUG 16416 --- [Shift Scheduler Demo] [           main] org.hibernate.SQL                        : delete from shift_assignments where id=?
Hibernate: delete from shift_assignments where id=?
2025-10-25T10:10:41.123+09:00 DEBUG 16416 --- [Shift Scheduler Demo] [           main] org.hibernate.SQL                        : delete from shift_assignments where id=?
Hibernate: delete from shift_assignments where id=?
2025-10-25T10:10:41.123+09:00 DEBUG 16416 --- [Shift Scheduler Demo] [           main] org.hibernate.SQL                        : delete from shift_assignments where id=?
Hibernate: delete from shift_assignments where id=?
2025-10-25T10:10:41.123+09:00 DEBUG 16416 --- [Shift Scheduler Demo] [           main] org.hibernate.SQL                        : delete from shift_assignments where id=?
Hibernate: delete from shift_assignments where id=?
2025-10-25T10:10:41.123+09:00 DEBUG 16416 --- [Shift Scheduler Demo] [           main] org.hibernate.SQL                        : delete from shift_assignments where id=?
Hibernate: delete from shift_assignments where id=?
2025-10-25T10:10:41.124+09:00 DEBUG 16416 --- [Shift Scheduler Demo] [           main] org.hibernate.SQL                        : delete from shift_assignments where id=?
Hibernate: delete from shift_assignments where id=?
2025-10-25T10:10:41.124+09:00 DEBUG 16416 --- [Shift Scheduler Demo] [           main] org.hibernate.SQL                        : delete from shift_assignments where id=?
Hibernate: delete from shift_assignments where id=?
2025-10-25T10:10:41.124+09:00 DEBUG 16416 --- [Shift Scheduler Demo] [           main] org.hibernate.SQL                        : delete from shift_assignments where id=?
Hibernate: delete from shift_assignments where id=?
2025-10-25T10:10:41.124+09:00 DEBUG 16416 --- [Shift Scheduler Demo] [           main] org.hibernate.SQL                        : delete from shift_assignments where id=?
Hibernate: delete from shift_assignments where id=?
2025-10-25T10:10:41.124+09:00 DEBUG 16416 --- [Shift Scheduler Demo] [           main] org.hibernate.SQL                        : delete from shift_assignments where id=?
Hibernate: delete from shift_assignments where id=?
2025-10-25T10:10:41.124+09:00 DEBUG 16416 --- [Shift Scheduler Demo] [           main] org.hibernate.SQL                        : delete from shift_assignments where id=?
Hibernate: delete from shift_assignments where id=?
2025-10-25T10:10:41.124+09:00 DEBUG 16416 --- [Shift Scheduler Demo] [           main] org.hibernate.SQL                        : delete from shift_assignments where id=?
Hibernate: delete from shift_assignments where id=?
2025-10-25T10:10:41.124+09:00 DEBUG 16416 --- [Shift Scheduler Demo] [           main] org.hibernate.SQL                        : delete from shift_assignments where id=?
Hibernate: delete from shift_assignments where id=?
2025-10-25T10:10:41.124+09:00 DEBUG 16416 --- [Shift Scheduler Demo] [           main] org.hibernate.SQL                        : delete from shift_assignments where id=?
Hibernate: delete from shift_assignments where id=?
2025-10-25T10:10:41.124+09:00 DEBUG 16416 --- [Shift Scheduler Demo] [           main] org.hibernate.SQL                        : delete from shift_assignments where id=?
Hibernate: delete from shift_assignments where id=?
2025-10-25T10:10:41.124+09:00 DEBUG 16416 --- [Shift Scheduler Demo] [           main] org.hibernate.SQL                        : delete from shift_assignments where id=?
Hibernate: delete from shift_assignments where id=?
2025-10-25T10:10:41.124+09:00 DEBUG 16416 --- [Shift Scheduler Demo] [           main] org.hibernate.SQL                        : delete from shift_assignments where id=?
Hibernate: delete from shift_assignments where id=?
2025-10-25T10:10:41.124+09:00 DEBUG 16416 --- [Shift Scheduler Demo] [           main] org.hibernate.SQL                        : delete from shift_assignments where id=?
Hibernate: delete from shift_assignments where id=?
2025-10-25T10:10:41.124+09:00 DEBUG 16416 --- [Shift Scheduler Demo] [           main] org.hibernate.SQL                        : delete from shift_assignments where id=?
Hibernate: delete from shift_assignments where id=?
2025-10-25T10:10:41.124+09:00 DEBUG 16416 --- [Shift Scheduler Demo] [           main] org.hibernate.SQL                        : delete from shift_assignments where id=?
Hibernate: delete from shift_assignments where id=?
2025-10-25T10:10:41.124+09:00 DEBUG 16416 --- [Shift Scheduler Demo] [           main] org.hibernate.SQL                        : delete from shift_assignments where id=?
Hibernate: delete from shift_assignments where id=?
2025-10-25T10:10:41.124+09:00 DEBUG 16416 --- [Shift Scheduler Demo] [           main] org.hibernate.SQL                        : delete from shift_assignments where id=?
Hibernate: delete from shift_assignments where id=?
2025-10-25T10:10:41.124+09:00 DEBUG 16416 --- [Shift Scheduler Demo] [           main] org.hibernate.SQL                        : delete from shift_assignments where id=?
Hibernate: delete from shift_assignments where id=?
2025-10-25T10:10:41.124+09:00 DEBUG 16416 --- [Shift Scheduler Demo] [           main] org.hibernate.SQL                        : delete from shift_assignments where id=?
Hibernate: delete from shift_assignments where id=?
2025-10-25T10:10:41.124+09:00 DEBUG 16416 --- [Shift Scheduler Demo] [           main] org.hibernate.SQL                        : delete from shift_assignments where id=?
Hibernate: delete from shift_assignments where id=?
2025-10-25T10:10:41.124+09:00 DEBUG 16416 --- [Shift Scheduler Demo] [           main] org.hibernate.SQL                        : delete from shift_assignments where id=?
Hibernate: delete from shift_assignments where id=?
2025-10-25T10:10:41.124+09:00 DEBUG 16416 --- [Shift Scheduler Demo] [           main] org.hibernate.SQL                        : delete from shift_assignments where id=?
Hibernate: delete from shift_assignments where id=?
2025-10-25T10:10:41.124+09:00 DEBUG 16416 --- [Shift Scheduler Demo] [           main] org.hibernate.SQL                        : delete from shift_assignments where id=?
Hibernate: delete from shift_assignments where id=?
2025-10-25T10:10:41.124+09:00 DEBUG 16416 --- [Shift Scheduler Demo] [           main] org.hibernate.SQL                        : delete from shift_assignments where id=?
Hibernate: delete from shift_assignments where id=?
2025-10-25T10:10:41.124+09:00 DEBUG 16416 --- [Shift Scheduler Demo] [           main] org.hibernate.SQL                        : delete from shift_assignments where id=?
Hibernate: delete from shift_assignments where id=?
2025-10-25T10:10:41.125+09:00 DEBUG 16416 --- [Shift Scheduler Demo] [           main] org.hibernate.SQL                        : delete from shift_assignments where id=?
Hibernate: delete from shift_assignments where id=?
2025-10-25T10:10:41.125+09:00 DEBUG 16416 --- [Shift Scheduler Demo] [           main] org.hibernate.SQL                        : delete from shift_assignments where id=?
Hibernate: delete from shift_assignments where id=?
2025-10-25T10:10:41.125+09:00 DEBUG 16416 --- [Shift Scheduler Demo] [           main] org.hibernate.SQL                        : delete from shift_assignments where id=?
Hibernate: delete from shift_assignments where id=?
2025-10-25T10:10:41.125+09:00 DEBUG 16416 --- [Shift Scheduler Demo] [           main] org.hibernate.SQL                        : delete from shift_assignments where id=?
Hibernate: delete from shift_assignments where id=?
2025-10-25T10:10:41.125+09:00 DEBUG 16416 --- [Shift Scheduler Demo] [           main] org.hibernate.SQL                        : delete from shift_assignments where id=?
Hibernate: delete from shift_assignments where id=?
2025-10-25T10:10:41.125+09:00 DEBUG 16416 --- [Shift Scheduler Demo] [           main] org.hibernate.SQL                        : delete from shift_assignments where id=?
Hibernate: delete from shift_assignments where id=?
2025-10-25T10:10:41.125+09:00 DEBUG 16416 --- [Shift Scheduler Demo] [           main] org.hibernate.SQL                        : delete from shift_assignments where id=?
Hibernate: delete from shift_assignments where id=?
2025-10-25T10:10:41.125+09:00 DEBUG 16416 --- [Shift Scheduler Demo] [           main] org.hibernate.SQL                        : delete from shift_assignments where id=?
Hibernate: delete from shift_assignments where id=?
2025-10-25T10:10:41.125+09:00 DEBUG 16416 --- [Shift Scheduler Demo] [           main] org.hibernate.SQL                        : delete from shift_assignments where id=?
Hibernate: delete from shift_assignments where id=?
2025-10-25T10:10:41.125+09:00 DEBUG 16416 --- [Shift Scheduler Demo] [           main] org.hibernate.SQL                        : delete from shift_assignments where id=?
Hibernate: delete from shift_assignments where id=?
2025-10-25T10:10:41.125+09:00 DEBUG 16416 --- [Shift Scheduler Demo] [           main] org.hibernate.SQL                        : delete from shift_assignments where id=?
Hibernate: delete from shift_assignments where id=?
2025-10-25T10:10:41.125+09:00 DEBUG 16416 --- [Shift Scheduler Demo] [           main] org.hibernate.SQL                        : delete from shift_assignments where id=?
Hibernate: delete from shift_assignments where id=?
2025-10-25T10:10:41.125+09:00 DEBUG 16416 --- [Shift Scheduler Demo] [           main] org.hibernate.SQL                        : delete from shift_assignments where id=?
Hibernate: delete from shift_assignments where id=?
2025-10-25T10:10:41.125+09:00 DEBUG 16416 --- [Shift Scheduler Demo] [           main] org.hibernate.SQL                        : delete from shift_assignments where id=?
Hibernate: delete from shift_assignments where id=?
2025-10-25T10:10:41.125+09:00 DEBUG 16416 --- [Shift Scheduler Demo] [           main] org.hibernate.SQL                        : delete from shift_assignments where id=?
Hibernate: delete from shift_assignments where id=?
2025-10-25T10:10:41.125+09:00 DEBUG 16416 --- [Shift Scheduler Demo] [           main] org.hibernate.SQL                        : delete from shift_assignments where id=?
Hibernate: delete from shift_assignments where id=?
2025-10-25T10:10:41.125+09:00 DEBUG 16416 --- [Shift Scheduler Demo] [           main] org.hibernate.SQL                        : delete from shift_assignments where id=?
Hibernate: delete from shift_assignments where id=?
2025-10-25T10:10:41.125+09:00 DEBUG 16416 --- [Shift Scheduler Demo] [           main] org.hibernate.SQL                        : delete from shift_assignments where id=?
Hibernate: delete from shift_assignments where id=?
2025-10-25T10:10:41.125+09:00 DEBUG 16416 --- [Shift Scheduler Demo] [           main] org.hibernate.SQL                        : delete from shift_assignments where id=?
Hibernate: delete from shift_assignments where id=?
2025-10-25T10:10:41.125+09:00 DEBUG 16416 --- [Shift Scheduler Demo] [           main] org.hibernate.SQL                        : delete from shift_assignments where id=?
Hibernate: delete from shift_assignments where id=?
2025-10-25T10:10:41.126+09:00 DEBUG 16416 --- [Shift Scheduler Demo] [           main] org.hibernate.SQL                        : delete from shift_assignments where id=?
Hibernate: delete from shift_assignments where id=?
2025-10-25T10:10:41.126+09:00 DEBUG 16416 --- [Shift Scheduler Demo] [           main] org.hibernate.SQL                        : delete from shift_assignments where id=?
Hibernate: delete from shift_assignments where id=?
2025-10-25T10:10:41.126+09:00 DEBUG 16416 --- [Shift Scheduler Demo] [           main] org.hibernate.SQL                        : delete from shift_assignments where id=?
Hibernate: delete from shift_assignments where id=?
2025-10-25T10:10:41.126+09:00 DEBUG 16416 --- [Shift Scheduler Demo] [           main] org.hibernate.SQL                        : delete from shift_assignments where id=?
Hibernate: delete from shift_assignments where id=?
2025-10-25T10:10:41.126+09:00 DEBUG 16416 --- [Shift Scheduler Demo] [           main] org.hibernate.SQL                        : delete from shift_assignments where id=?
Hibernate: delete from shift_assignments where id=?
2025-10-25T10:10:41.126+09:00 DEBUG 16416 --- [Shift Scheduler Demo] [           main] org.hibernate.SQL                        : delete from shift_assignments where id=?
Hibernate: delete from shift_assignments where id=?
2025-10-25T10:10:41.126+09:00 DEBUG 16416 --- [Shift Scheduler Demo] [           main] org.hibernate.SQL                        : delete from shift_assignments where id=?
Hibernate: delete from shift_assignments where id=?
2025-10-25T10:10:41.126+09:00 DEBUG 16416 --- [Shift Scheduler Demo] [           main] org.hibernate.SQL                        : delete from shift_assignments where id=?
Hibernate: delete from shift_assignments where id=?
2025-10-25T10:10:41.126+09:00 DEBUG 16416 --- [Shift Scheduler Demo] [           main] org.hibernate.SQL                        : delete from shift_assignments where id=?
Hibernate: delete from shift_assignments where id=?
2025-10-25T10:10:41.126+09:00 DEBUG 16416 --- [Shift Scheduler Demo] [           main] org.hibernate.SQL                        : delete from shift_assignments where id=?
Hibernate: delete from shift_assignments where id=?
2025-10-25T10:10:41.126+09:00 DEBUG 16416 --- [Shift Scheduler Demo] [           main] org.hibernate.SQL                        : delete from shift_assignments where id=?
Hibernate: delete from shift_assignments where id=?
2025-10-25T10:10:41.126+09:00 DEBUG 16416 --- [Shift Scheduler Demo] [           main] org.hibernate.SQL                        : delete from shift_assignments where id=?
Hibernate: delete from shift_assignments where id=?
2025-10-25T10:10:41.126+09:00 DEBUG 16416 --- [Shift Scheduler Demo] [           main] org.hibernate.SQL                        : delete from shift_assignments where id=?
Hibernate: delete from shift_assignments where id=?
2025-10-25T10:10:41.126+09:00 DEBUG 16416 --- [Shift Scheduler Demo] [           main] org.hibernate.SQL                        : delete from shift_assignments where id=?
Hibernate: delete from shift_assignments where id=?
2025-10-25T10:10:41.126+09:00 DEBUG 16416 --- [Shift Scheduler Demo] [           main] org.hibernate.SQL                        : delete from shift_assignments where id=?
Hibernate: delete from shift_assignments where id=?
2025-10-25T10:10:41.126+09:00 DEBUG 16416 --- [Shift Scheduler Demo] [           main] org.hibernate.SQL                        : delete from shift_assignments where id=?
Hibernate: delete from shift_assignments where id=?
2025-10-25T10:10:41.126+09:00 DEBUG 16416 --- [Shift Scheduler Demo] [           main] org.hibernate.SQL                        : delete from shift_assignments where id=?
Hibernate: delete from shift_assignments where id=?
2025-10-25T10:10:41.126+09:00 DEBUG 16416 --- [Shift Scheduler Demo] [           main] org.hibernate.SQL                        : delete from shift_assignments where id=?
Hibernate: delete from shift_assignments where id=?
2025-10-25T10:10:41.126+09:00 DEBUG 16416 --- [Shift Scheduler Demo] [           main] org.hibernate.SQL                        : delete from shift_assignments where id=?
Hibernate: delete from shift_assignments where id=?
2025-10-25T10:10:41.126+09:00 DEBUG 16416 --- [Shift Scheduler Demo] [           main] org.hibernate.SQL                        : delete from shift_assignments where id=?
Hibernate: delete from shift_assignments where id=?
2025-10-25T10:10:41.126+09:00 DEBUG 16416 --- [Shift Scheduler Demo] [           main] org.hibernate.SQL                        : delete from shift_assignments where id=?
Hibernate: delete from shift_assignments where id=?
2025-10-25T10:10:41.126+09:00 DEBUG 16416 --- [Shift Scheduler Demo] [           main] org.hibernate.SQL                        : delete from shift_assignments where id=?
Hibernate: delete from shift_assignments where id=?
2025-10-25T10:10:41.126+09:00 DEBUG 16416 --- [Shift Scheduler Demo] [           main] org.hibernate.SQL                        : delete from shift_assignments where id=?
Hibernate: delete from shift_assignments where id=?
2025-10-25T10:10:41.126+09:00 DEBUG 16416 --- [Shift Scheduler Demo] [           main] org.hibernate.SQL                        : delete from shift_assignments where id=?
Hibernate: delete from shift_assignments where id=?
2025-10-25T10:10:41.126+09:00 DEBUG 16416 --- [Shift Scheduler Demo] [           main] org.hibernate.SQL                        : delete from shift_assignments where id=?
Hibernate: delete from shift_assignments where id=?
2025-10-25T10:10:41.126+09:00 DEBUG 16416 --- [Shift Scheduler Demo] [           main] org.hibernate.SQL                        : delete from shift_assignments where id=?
Hibernate: delete from shift_assignments where id=?
2025-10-25T10:10:41.126+09:00 DEBUG 16416 --- [Shift Scheduler Demo] [           main] org.hibernate.SQL                        : delete from shift_assignments where id=?
Hibernate: delete from shift_assignments where id=?
2025-10-25T10:10:41.126+09:00 DEBUG 16416 --- [Shift Scheduler Demo] [           main] org.hibernate.SQL                        : delete from shift_assignments where id=?
Hibernate: delete from shift_assignments where id=?
2025-10-25T10:10:41.126+09:00 DEBUG 16416 --- [Shift Scheduler Demo] [           main] org.hibernate.SQL                        : delete from shift_assignments where id=?
Hibernate: delete from shift_assignments where id=?
2025-10-25T10:10:41.126+09:00 DEBUG 16416 --- [Shift Scheduler Demo] [           main] org.hibernate.SQL                        : delete from shift_assignments where id=?
Hibernate: delete from shift_assignments where id=?
2025-10-25T10:10:41.126+09:00 DEBUG 16416 --- [Shift Scheduler Demo] [           main] org.hibernate.SQL                        : delete from shift_assignments where id=?
Hibernate: delete from shift_assignments where id=?
2025-10-25T10:10:41.126+09:00 DEBUG 16416 --- [Shift Scheduler Demo] [           main] org.hibernate.SQL                        : delete from shift_assignments where id=?
Hibernate: delete from shift_assignments where id=?
2025-10-25T10:10:41.126+09:00 DEBUG 16416 --- [Shift Scheduler Demo] [           main] org.hibernate.SQL                        : delete from shift_assignments where id=?
Hibernate: delete from shift_assignments where id=?
2025-10-25T10:10:41.126+09:00 DEBUG 16416 --- [Shift Scheduler Demo] [           main] org.hibernate.SQL                        : delete from shift_assignments where id=?
Hibernate: delete from shift_assignments where id=?
2025-10-25T10:10:41.126+09:00 DEBUG 16416 --- [Shift Scheduler Demo] [           main] org.hibernate.SQL                        : delete from shift_assignments where id=?
Hibernate: delete from shift_assignments where id=?
2025-10-25T10:10:41.126+09:00 DEBUG 16416 --- [Shift Scheduler Demo] [           main] org.hibernate.SQL                        : delete from shift_assignments where id=?
Hibernate: delete from shift_assignments where id=?
2025-10-25T10:10:41.126+09:00 DEBUG 16416 --- [Shift Scheduler Demo] [           main] org.hibernate.SQL                        : delete from shift_assignments where id=?
Hibernate: delete from shift_assignments where id=?
2025-10-25T10:10:41.126+09:00 DEBUG 16416 --- [Shift Scheduler Demo] [           main] org.hibernate.SQL                        : delete from shift_assignments where id=?
Hibernate: delete from shift_assignments where id=?
2025-10-25T10:10:41.126+09:00 DEBUG 16416 --- [Shift Scheduler Demo] [           main] org.hibernate.SQL                        : delete from shift_assignments where id=?
Hibernate: delete from shift_assignments where id=?
2025-10-25T10:10:41.126+09:00 DEBUG 16416 --- [Shift Scheduler Demo] [           main] org.hibernate.SQL                        : delete from shift_assignments where id=?
Hibernate: delete from shift_assignments where id=?
2025-10-25T10:10:41.126+09:00 DEBUG 16416 --- [Shift Scheduler Demo] [           main] org.hibernate.SQL                        : delete from shift_assignments where id=?
Hibernate: delete from shift_assignments where id=?
2025-10-25T10:10:41.126+09:00 DEBUG 16416 --- [Shift Scheduler Demo] [           main] org.hibernate.SQL                        : delete from shift_assignments where id=?
Hibernate: delete from shift_assignments where id=?
2025-10-25T10:10:41.126+09:00 DEBUG 16416 --- [Shift Scheduler Demo] [           main] org.hibernate.SQL                        : delete from shift_assignments where id=?
Hibernate: delete from shift_assignments where id=?
2025-10-25T10:10:41.126+09:00 DEBUG 16416 --- [Shift Scheduler Demo] [           main] org.hibernate.SQL                        : delete from shift_assignments where id=?
Hibernate: delete from shift_assignments where id=?
2025-10-25T10:10:41.126+09:00 DEBUG 16416 --- [Shift Scheduler Demo] [           main] org.hibernate.SQL                        : delete from shift_assignments where id=?
Hibernate: delete from shift_assignments where id=?
2025-10-25T10:10:41.126+09:00 DEBUG 16416 --- [Shift Scheduler Demo] [           main] org.hibernate.SQL                        : delete from shift_assignments where id=?
Hibernate: delete from shift_assignments where id=?
2025-10-25T10:10:41.126+09:00 DEBUG 16416 --- [Shift Scheduler Demo] [           main] org.hibernate.SQL                        : delete from shift_assignments where id=?
Hibernate: delete from shift_assignments where id=?
2025-10-25T10:10:41.126+09:00 DEBUG 16416 --- [Shift Scheduler Demo] [           main] org.hibernate.SQL                        : delete from shift_assignments where id=?
Hibernate: delete from shift_assignments where id=?
2025-10-25T10:10:41.126+09:00 DEBUG 16416 --- [Shift Scheduler Demo] [           main] org.hibernate.SQL                        : delete from shift_assignments where id=?
Hibernate: delete from shift_assignments where id=?
2025-10-25T10:10:41.126+09:00 DEBUG 16416 --- [Shift Scheduler Demo] [           main] org.hibernate.SQL                        : delete from shift_assignments where id=?
Hibernate: delete from shift_assignments where id=?
2025-10-25T10:10:41.128+09:00 DEBUG 16416 --- [Shift Scheduler Demo] [           main] org.hibernate.SQL                        : delete from shift_assignments where id=?
Hibernate: delete from shift_assignments where id=?
2025-10-25T10:10:41.128+09:00 DEBUG 16416 --- [Shift Scheduler Demo] [           main] org.hibernate.SQL                        : delete from shift_assignments where id=?
Hibernate: delete from shift_assignments where id=?
2025-10-25T10:10:41.128+09:00 DEBUG 16416 --- [Shift Scheduler Demo] [           main] org.hibernate.SQL                        : delete from shift_assignments where id=?
Hibernate: delete from shift_assignments where id=?
2025-10-25T10:10:41.128+09:00 DEBUG 16416 --- [Shift Scheduler Demo] [           main] org.hibernate.SQL                        : delete from shift_assignments where id=?
Hibernate: delete from shift_assignments where id=?
2025-10-25T10:10:41.128+09:00 DEBUG 16416 --- [Shift Scheduler Demo] [           main] org.hibernate.SQL                        : delete from shift_assignments where id=?
Hibernate: delete from shift_assignments where id=?
2025-10-25T10:10:41.128+09:00 DEBUG 16416 --- [Shift Scheduler Demo] [           main] org.hibernate.SQL                        : delete from shift_assignments where id=?
Hibernate: delete from shift_assignments where id=?
2025-10-25T10:10:41.128+09:00 DEBUG 16416 --- [Shift Scheduler Demo] [           main] org.hibernate.SQL                        : delete from shift_assignments where id=?
Hibernate: delete from shift_assignments where id=?
2025-10-25T10:10:41.128+09:00 DEBUG 16416 --- [Shift Scheduler Demo] [           main] org.hibernate.SQL                        : delete from shift_assignments where id=?
Hibernate: delete from shift_assignments where id=?
2025-10-25T10:10:41.128+09:00 DEBUG 16416 --- [Shift Scheduler Demo] [           main] org.hibernate.SQL                        : delete from shift_assignments where id=?
Hibernate: delete from shift_assignments where id=?
2025-10-25T10:10:41.128+09:00 DEBUG 16416 --- [Shift Scheduler Demo] [           main] org.hibernate.SQL                        : delete from shift_assignments where id=?
Hibernate: delete from shift_assignments where id=?
2025-10-25T10:10:41.128+09:00 DEBUG 16416 --- [Shift Scheduler Demo] [           main] org.hibernate.SQL                        : delete from shift_assignments where id=?
Hibernate: delete from shift_assignments where id=?
2025-10-25T10:10:41.128+09:00 DEBUG 16416 --- [Shift Scheduler Demo] [           main] org.hibernate.SQL                        : delete from shift_assignments where id=?
Hibernate: delete from shift_assignments where id=?
2025-10-25T10:10:41.128+09:00 DEBUG 16416 --- [Shift Scheduler Demo] [           main] org.hibernate.SQL                        : delete from shift_assignments where id=?
Hibernate: delete from shift_assignments where id=?
2025-10-25T10:10:41.128+09:00 DEBUG 16416 --- [Shift Scheduler Demo] [           main] org.hibernate.SQL                        : delete from shift_assignments where id=?
Hibernate: delete from shift_assignments where id=?
2025-10-25T10:10:41.128+09:00 DEBUG 16416 --- [Shift Scheduler Demo] [           main] org.hibernate.SQL                        : delete from shift_assignments where id=?
Hibernate: delete from shift_assignments where id=?
2025-10-25T10:10:41.128+09:00 DEBUG 16416 --- [Shift Scheduler Demo] [           main] org.hibernate.SQL                        : delete from shift_assignments where id=?
Hibernate: delete from shift_assignments where id=?
2025-10-25T10:10:41.128+09:00 DEBUG 16416 --- [Shift Scheduler Demo] [           main] org.hibernate.SQL                        : delete from shift_assignments where id=?
Hibernate: delete from shift_assignments where id=?
2025-10-25T10:10:41.128+09:00 DEBUG 16416 --- [Shift Scheduler Demo] [           main] org.hibernate.SQL                        : delete from shift_assignments where id=?
Hibernate: delete from shift_assignments where id=?
2025-10-25T10:10:41.128+09:00 DEBUG 16416 --- [Shift Scheduler Demo] [           main] org.hibernate.SQL                        : delete from shift_assignments where id=?
Hibernate: delete from shift_assignments where id=?
2025-10-25T10:10:41.128+09:00 DEBUG 16416 --- [Shift Scheduler Demo] [           main] org.hibernate.SQL                        : delete from shift_assignments where id=?
Hibernate: delete from shift_assignments where id=?
2025-10-25T10:10:41.128+09:00 DEBUG 16416 --- [Shift Scheduler Demo] [           main] org.hibernate.SQL                        : delete from shift_assignments where id=?
Hibernate: delete from shift_assignments where id=?
2025-10-25T10:10:41.128+09:00 DEBUG 16416 --- [Shift Scheduler Demo] [           main] org.hibernate.SQL                        : delete from shift_assignments where id=?
Hibernate: delete from shift_assignments where id=?
2025-10-25T10:10:41.128+09:00 DEBUG 16416 --- [Shift Scheduler Demo] [           main] org.hibernate.SQL                        : delete from shift_assignments where id=?
Hibernate: delete from shift_assignments where id=?
2025-10-25T10:10:41.128+09:00 DEBUG 16416 --- [Shift Scheduler Demo] [           main] org.hibernate.SQL                        : delete from shift_assignments where id=?
Hibernate: delete from shift_assignments where id=?
2025-10-25T10:10:41.128+09:00 DEBUG 16416 --- [Shift Scheduler Demo] [           main] org.hibernate.SQL                        : delete from shift_assignments where id=?
Hibernate: delete from shift_assignments where id=?
2025-10-25T10:10:41.128+09:00 DEBUG 16416 --- [Shift Scheduler Demo] [           main] org.hibernate.SQL                        : delete from shift_assignments where id=?
Hibernate: delete from shift_assignments where id=?
2025-10-25T10:10:41.128+09:00 DEBUG 16416 --- [Shift Scheduler Demo] [           main] org.hibernate.SQL                        : delete from shift_assignments where id=?
Hibernate: delete from shift_assignments where id=?
2025-10-25T10:10:41.128+09:00 DEBUG 16416 --- [Shift Scheduler Demo] [           main] org.hibernate.SQL                        : delete from shift_assignments where id=?
Hibernate: delete from shift_assignments where id=?
2025-10-25T10:10:41.128+09:00 DEBUG 16416 --- [Shift Scheduler Demo] [           main] org.hibernate.SQL                        : delete from shift_assignments where id=?
Hibernate: delete from shift_assignments where id=?
2025-10-25T10:10:41.128+09:00 DEBUG 16416 --- [Shift Scheduler Demo] [           main] org.hibernate.SQL                        : delete from shift_assignments where id=?
Hibernate: delete from shift_assignments where id=?
2025-10-25T10:10:41.128+09:00 DEBUG 16416 --- [Shift Scheduler Demo] [           main] org.hibernate.SQL                        : delete from shift_assignments where id=?
Hibernate: delete from shift_assignments where id=?
2025-10-25T10:10:41.128+09:00 DEBUG 16416 --- [Shift Scheduler Demo] [           main] org.hibernate.SQL                        : delete from shift_assignments where id=?
Hibernate: delete from shift_assignments where id=?
2025-10-25T10:10:41.130+09:00 DEBUG 16416 --- [Shift Scheduler Demo] [           main] org.hibernate.SQL                        : delete from shift_assignments where id=?
Hibernate: delete from shift_assignments where id=?
2025-10-25T10:10:41.130+09:00 DEBUG 16416 --- [Shift Scheduler Demo] [           main] org.hibernate.SQL                        : delete from shift_assignments where id=?
Hibernate: delete from shift_assignments where id=?
2025-10-25T10:10:41.130+09:00 DEBUG 16416 --- [Shift Scheduler Demo] [           main] org.hibernate.SQL                        : delete from shift_assignments where id=?
Hibernate: delete from shift_assignments where id=?
2025-10-25T10:10:41.130+09:00 DEBUG 16416 --- [Shift Scheduler Demo] [           main] org.hibernate.SQL                        : delete from shift_assignments where id=?
Hibernate: delete from shift_assignments where id=?
2025-10-25T10:10:41.130+09:00 DEBUG 16416 --- [Shift Scheduler Demo] [           main] org.hibernate.SQL                        : delete from shift_assignments where id=?
Hibernate: delete from shift_assignments where id=?
2025-10-25T10:10:41.130+09:00 DEBUG 16416 --- [Shift Scheduler Demo] [           main] org.hibernate.SQL                        : delete from shift_assignments where id=?
Hibernate: delete from shift_assignments where id=?
2025-10-25T10:10:41.130+09:00 DEBUG 16416 --- [Shift Scheduler Demo] [           main] org.hibernate.SQL                        : delete from shift_assignments where id=?
Hibernate: delete from shift_assignments where id=?
2025-10-25T10:10:41.130+09:00 DEBUG 16416 --- [Shift Scheduler Demo] [           main] org.hibernate.SQL                        : delete from shift_assignments where id=?
Hibernate: delete from shift_assignments where id=?
2025-10-25T10:10:41.130+09:00 DEBUG 16416 --- [Shift Scheduler Demo] [           main] org.hibernate.SQL                        : delete from shift_assignments where id=?
Hibernate: delete from shift_assignments where id=?
2025-10-25T10:10:41.130+09:00 DEBUG 16416 --- [Shift Scheduler Demo] [           main] org.hibernate.SQL                        : delete from shift_assignments where id=?
Hibernate: delete from shift_assignments where id=?
2025-10-25T10:10:41.130+09:00 DEBUG 16416 --- [Shift Scheduler Demo] [           main] org.hibernate.SQL                        : delete from shift_assignments where id=?
Hibernate: delete from shift_assignments where id=?
2025-10-25T10:10:41.130+09:00 DEBUG 16416 --- [Shift Scheduler Demo] [           main] org.hibernate.SQL                        : delete from shift_assignments where id=?
Hibernate: delete from shift_assignments where id=?
2025-10-25T10:10:41.130+09:00 DEBUG 16416 --- [Shift Scheduler Demo] [           main] org.hibernate.SQL                        : delete from shift_assignments where id=?
Hibernate: delete from shift_assignments where id=?
2025-10-25T10:10:41.131+09:00 DEBUG 16416 --- [Shift Scheduler Demo] [           main] org.hibernate.SQL                        : delete from shift_assignments where id=?
Hibernate: delete from shift_assignments where id=?
2025-10-25T10:10:41.131+09:00 DEBUG 16416 --- [Shift Scheduler Demo] [           main] org.hibernate.SQL                        : delete from shift_assignments where id=?
Hibernate: delete from shift_assignments where id=?
2025-10-25T10:10:41.131+09:00 DEBUG 16416 --- [Shift Scheduler Demo] [           main] org.hibernate.SQL                        : delete from shift_assignments where id=?
Hibernate: delete from shift_assignments where id=?
2025-10-25T10:10:41.131+09:00 DEBUG 16416 --- [Shift Scheduler Demo] [           main] org.hibernate.SQL                        : delete from shift_assignments where id=?
Hibernate: delete from shift_assignments where id=?
2025-10-25T10:10:41.131+09:00 DEBUG 16416 --- [Shift Scheduler Demo] [           main] org.hibernate.SQL                        : delete from shift_assignments where id=?
Hibernate: delete from shift_assignments where id=?
2025-10-25T10:10:41.131+09:00 DEBUG 16416 --- [Shift Scheduler Demo] [           main] org.hibernate.SQL                        : delete from shift_assignments where id=?
Hibernate: delete from shift_assignments where id=?
2025-10-25T10:10:41.131+09:00 DEBUG 16416 --- [Shift Scheduler Demo] [           main] org.hibernate.SQL                        : delete from shift_assignments where id=?
Hibernate: delete from shift_assignments where id=?
2025-10-25T10:10:41.131+09:00 DEBUG 16416 --- [Shift Scheduler Demo] [           main] org.hibernate.SQL                        : delete from shift_assignments where id=?
Hibernate: delete from shift_assignments where id=?
2025-10-25T10:10:41.132+09:00 DEBUG 16416 --- [Shift Scheduler Demo] [           main] org.hibernate.SQL                        : delete from shift_assignments where id=?
Hibernate: delete from shift_assignments where id=?
2025-10-25T10:10:41.132+09:00 DEBUG 16416 --- [Shift Scheduler Demo] [           main] org.hibernate.SQL                        : delete from shift_assignments where id=?
Hibernate: delete from shift_assignments where id=?
2025-10-25T10:10:41.132+09:00 DEBUG 16416 --- [Shift Scheduler Demo] [           main] org.hibernate.SQL                        : delete from shift_assignments where id=?
Hibernate: delete from shift_assignments where id=?
2025-10-25T10:10:41.132+09:00 DEBUG 16416 --- [Shift Scheduler Demo] [           main] org.hibernate.SQL                        : delete from shift_assignments where id=?
Hibernate: delete from shift_assignments where id=?
2025-10-25T10:10:41.132+09:00 DEBUG 16416 --- [Shift Scheduler Demo] [           main] org.hibernate.SQL                        : delete from shift_assignments where id=?
Hibernate: delete from shift_assignments where id=?
2025-10-25T10:10:41.132+09:00 DEBUG 16416 --- [Shift Scheduler Demo] [           main] org.hibernate.SQL                        : delete from shift_assignments where id=?
Hibernate: delete from shift_assignments where id=?
2025-10-25T10:10:41.132+09:00 DEBUG 16416 --- [Shift Scheduler Demo] [           main] org.hibernate.SQL                        : delete from shift_assignments where id=?
Hibernate: delete from shift_assignments where id=?
2025-10-25T10:10:41.132+09:00 DEBUG 16416 --- [Shift Scheduler Demo] [           main] org.hibernate.SQL                        : delete from shift_assignments where id=?
Hibernate: delete from shift_assignments where id=?
2025-10-25T10:10:41.132+09:00 DEBUG 16416 --- [Shift Scheduler Demo] [           main] org.hibernate.SQL                        : delete from shift_assignments where id=?
Hibernate: delete from shift_assignments where id=?
2025-10-25T10:10:41.132+09:00 DEBUG 16416 --- [Shift Scheduler Demo] [           main] org.hibernate.SQL                        : delete from shift_assignments where id=?
Hibernate: delete from shift_assignments where id=?
2025-10-25T10:10:41.132+09:00 DEBUG 16416 --- [Shift Scheduler Demo] [           main] org.hibernate.SQL                        : delete from shift_assignments where id=?
Hibernate: delete from shift_assignments where id=?
2025-10-25T10:10:41.132+09:00 DEBUG 16416 --- [Shift Scheduler Demo] [           main] org.hibernate.SQL                        : delete from shift_assignments where id=?
Hibernate: delete from shift_assignments where id=?
2025-10-25T10:10:41.132+09:00 DEBUG 16416 --- [Shift Scheduler Demo] [           main] org.hibernate.SQL                        : delete from shift_assignments where id=?
Hibernate: delete from shift_assignments where id=?
2025-10-25T10:10:41.132+09:00 DEBUG 16416 --- [Shift Scheduler Demo] [           main] org.hibernate.SQL                        : delete from shift_assignments where id=?
Hibernate: delete from shift_assignments where id=?
2025-10-25T10:10:41.132+09:00 DEBUG 16416 --- [Shift Scheduler Demo] [           main] org.hibernate.SQL                        : delete from shift_assignments where id=?
Hibernate: delete from shift_assignments where id=?
2025-10-25T10:10:41.132+09:00 DEBUG 16416 --- [Shift Scheduler Demo] [           main] org.hibernate.SQL                        : delete from shift_assignments where id=?
Hibernate: delete from shift_assignments where id=?
2025-10-25T10:10:41.132+09:00 DEBUG 16416 --- [Shift Scheduler Demo] [           main] org.hibernate.SQL                        : delete from shift_assignments where id=?
Hibernate: delete from shift_assignments where id=?
2025-10-25T10:10:41.132+09:00 DEBUG 16416 --- [Shift Scheduler Demo] [           main] org.hibernate.SQL                        : delete from shift_assignments where id=?
Hibernate: delete from shift_assignments where id=?
2025-10-25T10:10:41.133+09:00 DEBUG 16416 --- [Shift Scheduler Demo] [           main] org.hibernate.SQL                        : delete from shift_assignments where id=?
Hibernate: delete from shift_assignments where id=?
2025-10-25T10:10:41.133+09:00 DEBUG 16416 --- [Shift Scheduler Demo] [           main] org.hibernate.SQL                        : delete from shift_assignments where id=?
Hibernate: delete from shift_assignments where id=?
2025-10-25T10:10:41.133+09:00 DEBUG 16416 --- [Shift Scheduler Demo] [           main] org.hibernate.SQL                        : delete from shift_assignments where id=?
Hibernate: delete from shift_assignments where id=?
2025-10-25T10:10:41.133+09:00 DEBUG 16416 --- [Shift Scheduler Demo] [           main] org.hibernate.SQL                        : delete from shift_assignments where id=?
Hibernate: delete from shift_assignments where id=?
2025-10-25T10:10:41.133+09:00 DEBUG 16416 --- [Shift Scheduler Demo] [           main] org.hibernate.SQL                        : delete from shift_assignments where id=?
Hibernate: delete from shift_assignments where id=?
2025-10-25T10:10:41.133+09:00 DEBUG 16416 --- [Shift Scheduler Demo] [           main] org.hibernate.SQL                        : delete from shift_assignments where id=?
Hibernate: delete from shift_assignments where id=?
2025-10-25T10:10:41.133+09:00 DEBUG 16416 --- [Shift Scheduler Demo] [           main] org.hibernate.SQL                        : delete from shift_assignments where id=?
Hibernate: delete from shift_assignments where id=?
2025-10-25T10:10:41.133+09:00 DEBUG 16416 --- [Shift Scheduler Demo] [           main] org.hibernate.SQL                        : delete from shift_assignments where id=?
Hibernate: delete from shift_assignments where id=?
2025-10-25T10:10:41.133+09:00 DEBUG 16416 --- [Shift Scheduler Demo] [           main] org.hibernate.SQL                        : delete from shift_assignments where id=?
Hibernate: delete from shift_assignments where id=?
2025-10-25T10:10:41.133+09:00 DEBUG 16416 --- [Shift Scheduler Demo] [           main] org.hibernate.SQL                        : delete from shift_assignments where id=?
Hibernate: delete from shift_assignments where id=?
2025-10-25T10:10:41.133+09:00 DEBUG 16416 --- [Shift Scheduler Demo] [           main] org.hibernate.SQL                        : delete from shift_assignments where id=?
Hibernate: delete from shift_assignments where id=?
2025-10-25T10:10:41.133+09:00 DEBUG 16416 --- [Shift Scheduler Demo] [           main] org.hibernate.SQL                        : delete from shift_assignments where id=?
Hibernate: delete from shift_assignments where id=?
2025-10-25T10:10:41.133+09:00 DEBUG 16416 --- [Shift Scheduler Demo] [           main] org.hibernate.SQL                        : delete from shift_assignments where id=?
Hibernate: delete from shift_assignments where id=?
2025-10-25T10:10:41.133+09:00 DEBUG 16416 --- [Shift Scheduler Demo] [           main] org.hibernate.SQL                        : delete from shift_assignments where id=?
Hibernate: delete from shift_assignments where id=?
2025-10-25T10:10:41.133+09:00 DEBUG 16416 --- [Shift Scheduler Demo] [           main] org.hibernate.SQL                        : delete from shift_assignments where id=?
Hibernate: delete from shift_assignments where id=?
2025-10-25T10:10:41.133+09:00 DEBUG 16416 --- [Shift Scheduler Demo] [           main] org.hibernate.SQL                        : delete from shift_assignments where id=?
Hibernate: delete from shift_assignments where id=?
2025-10-25T10:10:41.133+09:00 DEBUG 16416 --- [Shift Scheduler Demo] [           main] org.hibernate.SQL                        : delete from shift_assignments where id=?
Hibernate: delete from shift_assignments where id=?
2025-10-25T10:10:41.139+09:00 DEBUG 16416 --- [Shift Scheduler Demo] [           main] org.hibernate.SQL                        : delete from shift_assignments where id=?
Hibernate: delete from shift_assignments where id=?
2025-10-25T10:10:41.139+09:00 DEBUG 16416 --- [Shift Scheduler Demo] [           main] org.hibernate.SQL                        : delete from shift_assignments where id=?
Hibernate: delete from shift_assignments where id=?
2025-10-25T10:10:41.139+09:00 DEBUG 16416 --- [Shift Scheduler Demo] [           main] org.hibernate.SQL                        : delete from shift_assignments where id=?
Hibernate: delete from shift_assignments where id=?
2025-10-25T10:10:41.139+09:00 DEBUG 16416 --- [Shift Scheduler Demo] [           main] org.hibernate.SQL                        : delete from shift_assignments where id=?
Hibernate: delete from shift_assignments where id=?
2025-10-25T10:10:41.139+09:00 DEBUG 16416 --- [Shift Scheduler Demo] [           main] org.hibernate.SQL                        : delete from shift_assignments where id=?
Hibernate: delete from shift_assignments where id=?
2025-10-25T10:10:41.139+09:00 DEBUG 16416 --- [Shift Scheduler Demo] [           main] org.hibernate.SQL                        : delete from shift_assignments where id=?
Hibernate: delete from shift_assignments where id=?
2025-10-25T10:10:41.139+09:00 DEBUG 16416 --- [Shift Scheduler Demo] [           main] org.hibernate.SQL                        : delete from shift_assignments where id=?
Hibernate: delete from shift_assignments where id=?
2025-10-25T10:10:41.139+09:00 DEBUG 16416 --- [Shift Scheduler Demo] [           main] org.hibernate.SQL                        : delete from shift_assignments where id=?
Hibernate: delete from shift_assignments where id=?
2025-10-25T10:10:41.139+09:00 DEBUG 16416 --- [Shift Scheduler Demo] [           main] org.hibernate.SQL                        : delete from shift_assignments where id=?
Hibernate: delete from shift_assignments where id=?
2025-10-25T10:10:41.139+09:00 DEBUG 16416 --- [Shift Scheduler Demo] [           main] org.hibernate.SQL                        : delete from shift_assignments where id=?
Hibernate: delete from shift_assignments where id=?
2025-10-25T10:10:41.139+09:00 DEBUG 16416 --- [Shift Scheduler Demo] [           main] org.hibernate.SQL                        : delete from shift_assignments where id=?
Hibernate: delete from shift_assignments where id=?
2025-10-25T10:10:41.139+09:00 DEBUG 16416 --- [Shift Scheduler Demo] [           main] org.hibernate.SQL                        : delete from shift_assignments where id=?
Hibernate: delete from shift_assignments where id=?
2025-10-25T10:10:41.139+09:00 DEBUG 16416 --- [Shift Scheduler Demo] [           main] org.hibernate.SQL                        : delete from shift_assignments where id=?
Hibernate: delete from shift_assignments where id=?
2025-10-25T10:10:41.139+09:00 DEBUG 16416 --- [Shift Scheduler Demo] [           main] org.hibernate.SQL                        : delete from shift_assignments where id=?
Hibernate: delete from shift_assignments where id=?
2025-10-25T10:10:41.139+09:00 DEBUG 16416 --- [Shift Scheduler Demo] [           main] org.hibernate.SQL                        : delete from shift_assignments where id=?
Hibernate: delete from shift_assignments where id=?
2025-10-25T10:10:41.139+09:00 DEBUG 16416 --- [Shift Scheduler Demo] [           main] org.hibernate.SQL                        : delete from shift_assignments where id=?
Hibernate: delete from shift_assignments where id=?
2025-10-25T10:10:41.139+09:00 DEBUG 16416 --- [Shift Scheduler Demo] [           main] org.hibernate.SQL                        : delete from shift_assignments where id=?
Hibernate: delete from shift_assignments where id=?
2025-10-25T10:10:41.139+09:00 DEBUG 16416 --- [Shift Scheduler Demo] [           main] org.hibernate.SQL                        : delete from shift_assignments where id=?
Hibernate: delete from shift_assignments where id=?
2025-10-25T10:10:41.139+09:00 DEBUG 16416 --- [Shift Scheduler Demo] [           main] org.hibernate.SQL                        : delete from shift_assignments where id=?
Hibernate: delete from shift_assignments where id=?
2025-10-25T10:10:41.139+09:00 DEBUG 16416 --- [Shift Scheduler Demo] [           main] org.hibernate.SQL                        : delete from shift_assignments where id=?
Hibernate: delete from shift_assignments where id=?
2025-10-25T10:10:41.139+09:00 DEBUG 16416 --- [Shift Scheduler Demo] [           main] org.hibernate.SQL                        : delete from shift_assignments where id=?
Hibernate: delete from shift_assignments where id=?
2025-10-25T10:10:41.139+09:00 DEBUG 16416 --- [Shift Scheduler Demo] [           main] org.hibernate.SQL                        : delete from shift_assignments where id=?
Hibernate: delete from shift_assignments where id=?
2025-10-25T10:10:41.140+09:00 DEBUG 16416 --- [Shift Scheduler Demo] [           main] org.hibernate.SQL                        : delete from shift_assignments where id=?
Hibernate: delete from shift_assignments where id=?
2025-10-25T10:10:41.140+09:00 DEBUG 16416 --- [Shift Scheduler Demo] [           main] org.hibernate.SQL                        : delete from shift_assignments where id=?
Hibernate: delete from shift_assignments where id=?
2025-10-25T10:10:41.140+09:00 DEBUG 16416 --- [Shift Scheduler Demo] [           main] org.hibernate.SQL                        : delete from shift_assignments where id=?
Hibernate: delete from shift_assignments where id=?
2025-10-25T10:10:41.140+09:00 DEBUG 16416 --- [Shift Scheduler Demo] [           main] org.hibernate.SQL                        : delete from shift_assignments where id=?
Hibernate: delete from shift_assignments where id=?
2025-10-25T10:10:41.140+09:00 DEBUG 16416 --- [Shift Scheduler Demo] [           main] org.hibernate.SQL                        : delete from shift_assignments where id=?
Hibernate: delete from shift_assignments where id=?
2025-10-25T10:10:41.140+09:00 DEBUG 16416 --- [Shift Scheduler Demo] [           main] org.hibernate.SQL                        : delete from shift_assignments where id=?
Hibernate: delete from shift_assignments where id=?
2025-10-25T10:10:41.140+09:00 DEBUG 16416 --- [Shift Scheduler Demo] [           main] org.hibernate.SQL                        : delete from shift_assignments where id=?
Hibernate: delete from shift_assignments where id=?
2025-10-25T10:10:41.140+09:00 DEBUG 16416 --- [Shift Scheduler Demo] [           main] org.hibernate.SQL                        : delete from shift_assignments where id=?
Hibernate: delete from shift_assignments where id=?
2025-10-25T10:10:41.140+09:00 DEBUG 16416 --- [Shift Scheduler Demo] [           main] org.hibernate.SQL                        : delete from shift_assignments where id=?
Hibernate: delete from shift_assignments where id=?
2025-10-25T10:10:41.140+09:00 DEBUG 16416 --- [Shift Scheduler Demo] [           main] org.hibernate.SQL                        : delete from shift_assignments where id=?
Hibernate: delete from shift_assignments where id=?
2025-10-25T10:10:41.140+09:00 DEBUG 16416 --- [Shift Scheduler Demo] [           main] org.hibernate.SQL                        : delete from shift_assignments where id=?
Hibernate: delete from shift_assignments where id=?
2025-10-25T10:10:41.140+09:00 DEBUG 16416 --- [Shift Scheduler Demo] [           main] org.hibernate.SQL                        : delete from shift_assignments where id=?
Hibernate: delete from shift_assignments where id=?
2025-10-25T10:10:41.140+09:00 DEBUG 16416 --- [Shift Scheduler Demo] [           main] org.hibernate.SQL                        : delete from shift_assignments where id=?
Hibernate: delete from shift_assignments where id=?
2025-10-25T10:10:41.140+09:00 DEBUG 16416 --- [Shift Scheduler Demo] [           main] org.hibernate.SQL                        : delete from shift_assignments where id=?
Hibernate: delete from shift_assignments where id=?
2025-10-25T10:10:41.140+09:00 DEBUG 16416 --- [Shift Scheduler Demo] [           main] org.hibernate.SQL                        : delete from shift_assignments where id=?
Hibernate: delete from shift_assignments where id=?
2025-10-25T10:10:41.140+09:00 DEBUG 16416 --- [Shift Scheduler Demo] [           main] org.hibernate.SQL                        : delete from shift_assignments where id=?
Hibernate: delete from shift_assignments where id=?
2025-10-25T10:10:41.140+09:00 DEBUG 16416 --- [Shift Scheduler Demo] [           main] org.hibernate.SQL                        : delete from shift_assignments where id=?
Hibernate: delete from shift_assignments where id=?
2025-10-25T10:10:41.140+09:00 DEBUG 16416 --- [Shift Scheduler Demo] [           main] org.hibernate.SQL                        : delete from shift_assignments where id=?
Hibernate: delete from shift_assignments where id=?
2025-10-25T10:10:41.140+09:00 DEBUG 16416 --- [Shift Scheduler Demo] [           main] org.hibernate.SQL                        : delete from shift_assignments where id=?
Hibernate: delete from shift_assignments where id=?
2025-10-25T10:10:41.140+09:00 DEBUG 16416 --- [Shift Scheduler Demo] [           main] org.hibernate.SQL                        : delete from shift_assignments where id=?
Hibernate: delete from shift_assignments where id=?
2025-10-25T10:10:41.140+09:00 DEBUG 16416 --- [Shift Scheduler Demo] [           main] org.hibernate.SQL                        : delete from shift_assignments where id=?
Hibernate: delete from shift_assignments where id=?
2025-10-25T10:10:41.140+09:00 DEBUG 16416 --- [Shift Scheduler Demo] [           main] org.hibernate.SQL                        : delete from shift_assignments where id=?
Hibernate: delete from shift_assignments where id=?
2025-10-25T10:10:41.140+09:00 DEBUG 16416 --- [Shift Scheduler Demo] [           main] org.hibernate.SQL                        : delete from shift_assignments where id=?
Hibernate: delete from shift_assignments where id=?
2025-10-25T10:10:41.140+09:00 DEBUG 16416 --- [Shift Scheduler Demo] [           main] org.hibernate.SQL                        : delete from shift_assignments where id=?
Hibernate: delete from shift_assignments where id=?
2025-10-25T10:10:41.140+09:00 DEBUG 16416 --- [Shift Scheduler Demo] [           main] org.hibernate.SQL                        : delete from shift_assignments where id=?
Hibernate: delete from shift_assignments where id=?
2025-10-25T10:10:41.140+09:00 DEBUG 16416 --- [Shift Scheduler Demo] [           main] org.hibernate.SQL                        : delete from shift_assignments where id=?
Hibernate: delete from shift_assignments where id=?
2025-10-25T10:10:41.140+09:00 DEBUG 16416 --- [Shift Scheduler Demo] [           main] org.hibernate.SQL                        : delete from shift_assignments where id=?
Hibernate: delete from shift_assignments where id=?
2025-10-25T10:10:41.141+09:00 DEBUG 16416 --- [Shift Scheduler Demo] [           main] org.hibernate.SQL                        : delete from shift_assignments where id=?
Hibernate: delete from shift_assignments where id=?
2025-10-25T10:10:41.154+09:00 DEBUG 16416 --- [Shift Scheduler Demo] [           main] org.hibernate.SQL                        : delete from shift_assignments where id=?
Hibernate: delete from shift_assignments where id=?
2025-10-25T10:10:41.154+09:00 DEBUG 16416 --- [Shift Scheduler Demo] [           main] org.hibernate.SQL                        : delete from shift_assignments where id=?
Hibernate: delete from shift_assignments where id=?
2025-10-25T10:10:41.154+09:00 DEBUG 16416 --- [Shift Scheduler Demo] [           main] org.hibernate.SQL                        : delete from shift_assignments where id=?
Hibernate: delete from shift_assignments where id=?
2025-10-25T10:10:41.167+09:00 DEBUG 16416 --- [Shift Scheduler Demo] [           main] org.hibernate.SQL                        : delete from shift_assignments where id=?
Hibernate: delete from shift_assignments where id=?
2025-10-25T10:10:41.167+09:00 DEBUG 16416 --- [Shift Scheduler Demo] [           main] org.hibernate.SQL                        : delete from shift_assignments where id=?
Hibernate: delete from shift_assignments where id=?
2025-10-25T10:10:41.168+09:00 DEBUG 16416 --- [Shift Scheduler Demo] [           main] org.hibernate.SQL                        : delete from shift_assignments where id=?
Hibernate: delete from shift_assignments where id=?
2025-10-25T10:10:41.168+09:00 DEBUG 16416 --- [Shift Scheduler Demo] [           main] org.hibernate.SQL                        : delete from shift_assignments where id=?
Hibernate: delete from shift_assignments where id=?
2025-10-25T10:10:41.168+09:00 DEBUG 16416 --- [Shift Scheduler Demo] [           main] org.hibernate.SQL                        : delete from shift_assignments where id=?
Hibernate: delete from shift_assignments where id=?
2025-10-25T10:10:41.168+09:00 DEBUG 16416 --- [Shift Scheduler Demo] [           main] org.hibernate.SQL                        : delete from shift_assignments where id=?
Hibernate: delete from shift_assignments where id=?
2025-10-25T10:10:41.168+09:00 DEBUG 16416 --- [Shift Scheduler Demo] [           main] org.hibernate.SQL                        : delete from shift_assignments where id=?
Hibernate: delete from shift_assignments where id=?
2025-10-25T10:10:41.168+09:00 DEBUG 16416 --- [Shift Scheduler Demo] [           main] org.hibernate.SQL                        : delete from shift_assignments where id=?
Hibernate: delete from shift_assignments where id=?
2025-10-25T10:10:41.168+09:00 DEBUG 16416 --- [Shift Scheduler Demo] [           main] org.hibernate.SQL                        : delete from shift_assignments where id=?
Hibernate: delete from shift_assignments where id=?
2025-10-25T10:10:41.168+09:00 DEBUG 16416 --- [Shift Scheduler Demo] [           main] org.hibernate.SQL                        : delete from shift_assignments where id=?
Hibernate: delete from shift_assignments where id=?
2025-10-25T10:10:41.168+09:00 DEBUG 16416 --- [Shift Scheduler Demo] [           main] org.hibernate.SQL                        : delete from shift_assignments where id=?
Hibernate: delete from shift_assignments where id=?
2025-10-25T10:10:41.168+09:00 DEBUG 16416 --- [Shift Scheduler Demo] [           main] org.hibernate.SQL                        : delete from shift_assignments where id=?
Hibernate: delete from shift_assignments where id=?
2025-10-25T10:10:41.168+09:00 DEBUG 16416 --- [Shift Scheduler Demo] [           main] org.hibernate.SQL                        : delete from shift_assignments where id=?
Hibernate: delete from shift_assignments where id=?
2025-10-25T10:10:41.168+09:00 DEBUG 16416 --- [Shift Scheduler Demo] [           main] org.hibernate.SQL                        : delete from shift_assignments where id=?
Hibernate: delete from shift_assignments where id=?
2025-10-25T10:10:41.168+09:00 DEBUG 16416 --- [Shift Scheduler Demo] [           main] org.hibernate.SQL                        : delete from shift_assignments where id=?
Hibernate: delete from shift_assignments where id=?
2025-10-25T10:10:41.168+09:00 DEBUG 16416 --- [Shift Scheduler Demo] [           main] org.hibernate.SQL                        : delete from shift_assignments where id=?
Hibernate: delete from shift_assignments where id=?
2025-10-25T10:10:41.168+09:00 DEBUG 16416 --- [Shift Scheduler Demo] [           main] org.hibernate.SQL                        : delete from shift_assignments where id=?
Hibernate: delete from shift_assignments where id=?
2025-10-25T10:10:41.168+09:00 DEBUG 16416 --- [Shift Scheduler Demo] [           main] org.hibernate.SQL                        : delete from shift_assignments where id=?
Hibernate: delete from shift_assignments where id=?
2025-10-25T10:10:41.168+09:00 DEBUG 16416 --- [Shift Scheduler Demo] [           main] org.hibernate.SQL                        : delete from shift_assignments where id=?
Hibernate: delete from shift_assignments where id=?
2025-10-25T10:10:41.168+09:00 DEBUG 16416 --- [Shift Scheduler Demo] [           main] org.hibernate.SQL                        : delete from shift_assignments where id=?
Hibernate: delete from shift_assignments where id=?
2025-10-25T10:10:41.168+09:00 DEBUG 16416 --- [Shift Scheduler Demo] [           main] org.hibernate.SQL                        : delete from shift_assignments where id=?
Hibernate: delete from shift_assignments where id=?
2025-10-25T10:10:41.168+09:00 DEBUG 16416 --- [Shift Scheduler Demo] [           main] org.hibernate.SQL                        : delete from shift_assignments where id=?
Hibernate: delete from shift_assignments where id=?
2025-10-25T10:10:41.168+09:00 DEBUG 16416 --- [Shift Scheduler Demo] [           main] org.hibernate.SQL                        : delete from shift_assignments where id=?
Hibernate: delete from shift_assignments where id=?
2025-10-25T10:10:41.168+09:00 DEBUG 16416 --- [Shift Scheduler Demo] [           main] org.hibernate.SQL                        : delete from shift_assignments where id=?
Hibernate: delete from shift_assignments where id=?
2025-10-25T10:10:41.168+09:00 DEBUG 16416 --- [Shift Scheduler Demo] [           main] org.hibernate.SQL                        : delete from shift_assignments where id=?
Hibernate: delete from shift_assignments where id=?
2025-10-25T10:10:41.168+09:00 DEBUG 16416 --- [Shift Scheduler Demo] [           main] org.hibernate.SQL                        : delete from shift_assignments where id=?
Hibernate: delete from shift_assignments where id=?
2025-10-25T10:10:41.168+09:00 DEBUG 16416 --- [Shift Scheduler Demo] [           main] org.hibernate.SQL                        : delete from shift_assignments where id=?
Hibernate: delete from shift_assignments where id=?
2025-10-25T10:10:41.168+09:00 DEBUG 16416 --- [Shift Scheduler Demo] [           main] org.hibernate.SQL                        : delete from shift_assignments where id=?
Hibernate: delete from shift_assignments where id=?
2025-10-25T10:10:41.168+09:00 DEBUG 16416 --- [Shift Scheduler Demo] [           main] org.hibernate.SQL                        : delete from shift_assignments where id=?
Hibernate: delete from shift_assignments where id=?
2025-10-25T10:10:41.168+09:00 DEBUG 16416 --- [Shift Scheduler Demo] [           main] org.hibernate.SQL                        : delete from shift_assignments where id=?
Hibernate: delete from shift_assignments where id=?
2025-10-25T10:10:41.168+09:00 DEBUG 16416 --- [Shift Scheduler Demo] [           main] org.hibernate.SQL                        : delete from shift_assignments where id=?
Hibernate: delete from shift_assignments where id=?
2025-10-25T10:10:41.168+09:00 DEBUG 16416 --- [Shift Scheduler Demo] [           main] org.hibernate.SQL                        : delete from shift_assignments where id=?
Hibernate: delete from shift_assignments where id=?
2025-10-25T10:10:41.169+09:00 DEBUG 16416 --- [Shift Scheduler Demo] [           main] org.hibernate.SQL                        : delete from shift_assignments where id=?
Hibernate: delete from shift_assignments where id=?
2025-10-25T10:10:41.169+09:00 DEBUG 16416 --- [Shift Scheduler Demo] [           main] org.hibernate.SQL                        : delete from shift_assignments where id=?
Hibernate: delete from shift_assignments where id=?
2025-10-25T10:10:41.170+09:00 DEBUG 16416 --- [Shift Scheduler Demo] [           main] org.hibernate.SQL                        : delete from shift_assignments where id=?
Hibernate: delete from shift_assignments where id=?
2025-10-25T10:10:41.170+09:00 DEBUG 16416 --- [Shift Scheduler Demo] [           main] org.hibernate.SQL                        : delete from shift_assignments where id=?
Hibernate: delete from shift_assignments where id=?
2025-10-25T10:10:41.170+09:00 DEBUG 16416 --- [Shift Scheduler Demo] [           main] org.hibernate.SQL                        : delete from shift_assignments where id=?
Hibernate: delete from shift_assignments where id=?
2025-10-25T10:10:41.170+09:00 DEBUG 16416 --- [Shift Scheduler Demo] [           main] org.hibernate.SQL                        : delete from shift_assignments where id=?
Hibernate: delete from shift_assignments where id=?
2025-10-25T10:10:41.170+09:00 DEBUG 16416 --- [Shift Scheduler Demo] [           main] org.hibernate.SQL                        : delete from shift_assignments where id=?
Hibernate: delete from shift_assignments where id=?
2025-10-25T10:10:41.170+09:00 DEBUG 16416 --- [Shift Scheduler Demo] [           main] org.hibernate.SQL                        : delete from shift_assignments where id=?
Hibernate: delete from shift_assignments where id=?
2025-10-25T10:10:41.170+09:00 DEBUG 16416 --- [Shift Scheduler Demo] [           main] org.hibernate.SQL                        : delete from shift_assignments where id=?
Hibernate: delete from shift_assignments where id=?
2025-10-25T10:10:41.170+09:00 DEBUG 16416 --- [Shift Scheduler Demo] [           main] org.hibernate.SQL                        : delete from shift_assignments where id=?
Hibernate: delete from shift_assignments where id=?
2025-10-25T10:10:41.170+09:00 DEBUG 16416 --- [Shift Scheduler Demo] [           main] org.hibernate.SQL                        : delete from shift_assignments where id=?
Hibernate: delete from shift_assignments where id=?
2025-10-25T10:10:41.170+09:00 DEBUG 16416 --- [Shift Scheduler Demo] [           main] org.hibernate.SQL                        : delete from shift_assignments where id=?
Hibernate: delete from shift_assignments where id=?
2025-10-25T10:10:41.170+09:00 DEBUG 16416 --- [Shift Scheduler Demo] [           main] org.hibernate.SQL                        : delete from shift_assignments where id=?
Hibernate: delete from shift_assignments where id=?
2025-10-25T10:10:41.170+09:00 DEBUG 16416 --- [Shift Scheduler Demo] [           main] org.hibernate.SQL                        : delete from shift_assignments where id=?
Hibernate: delete from shift_assignments where id=?
2025-10-25T10:10:41.170+09:00 DEBUG 16416 --- [Shift Scheduler Demo] [           main] org.hibernate.SQL                        : delete from shift_assignments where id=?
Hibernate: delete from shift_assignments where id=?
2025-10-25T10:10:41.170+09:00 DEBUG 16416 --- [Shift Scheduler Demo] [           main] org.hibernate.SQL                        : delete from shift_assignments where id=?
Hibernate: delete from shift_assignments where id=?
2025-10-25T10:10:41.170+09:00 DEBUG 16416 --- [Shift Scheduler Demo] [           main] org.hibernate.SQL                        : delete from shift_assignments where id=?
Hibernate: delete from shift_assignments where id=?
2025-10-25T10:10:41.170+09:00 DEBUG 16416 --- [Shift Scheduler Demo] [           main] org.hibernate.SQL                        : delete from shift_assignments where id=?
Hibernate: delete from shift_assignments where id=?
2025-10-25T10:10:41.170+09:00 DEBUG 16416 --- [Shift Scheduler Demo] [           main] org.hibernate.SQL                        : delete from shift_assignments where id=?
Hibernate: delete from shift_assignments where id=?
2025-10-25T10:10:41.170+09:00 DEBUG 16416 --- [Shift Scheduler Demo] [           main] org.hibernate.SQL                        : delete from shift_assignments where id=?
Hibernate: delete from shift_assignments where id=?
2025-10-25T10:10:41.170+09:00 DEBUG 16416 --- [Shift Scheduler Demo] [           main] org.hibernate.SQL                        : delete from shift_assignments where id=?
Hibernate: delete from shift_assignments where id=?
2025-10-25T10:10:41.170+09:00 DEBUG 16416 --- [Shift Scheduler Demo] [           main] org.hibernate.SQL                        : delete from shift_assignments where id=?
Hibernate: delete from shift_assignments where id=?
2025-10-25T10:10:41.172+09:00 DEBUG 16416 --- [Shift Scheduler Demo] [           main] org.hibernate.SQL                        : delete from shift_assignments where id=?
Hibernate: delete from shift_assignments where id=?
2025-10-25T10:10:41.172+09:00 DEBUG 16416 --- [Shift Scheduler Demo] [           main] org.hibernate.SQL                        : delete from shift_assignments where id=?
Hibernate: delete from shift_assignments where id=?
2025-10-25T10:10:41.172+09:00 DEBUG 16416 --- [Shift Scheduler Demo] [           main] org.hibernate.SQL                        : delete from shift_assignments where id=?
Hibernate: delete from shift_assignments where id=?
2025-10-25T10:10:41.172+09:00 DEBUG 16416 --- [Shift Scheduler Demo] [           main] org.hibernate.SQL                        : delete from shift_assignments where id=?
Hibernate: delete from shift_assignments where id=?
2025-10-25T10:10:41.172+09:00 DEBUG 16416 --- [Shift Scheduler Demo] [           main] org.hibernate.SQL                        : delete from shift_assignments where id=?
Hibernate: delete from shift_assignments where id=?
2025-10-25T10:10:41.173+09:00 DEBUG 16416 --- [Shift Scheduler Demo] [           main] org.hibernate.SQL                        : delete from shift_assignments where id=?
Hibernate: delete from shift_assignments where id=?
2025-10-25T10:10:41.173+09:00 DEBUG 16416 --- [Shift Scheduler Demo] [           main] org.hibernate.SQL                        : delete from shift_assignments where id=?
Hibernate: delete from shift_assignments where id=?
2025-10-25T10:10:41.173+09:00 DEBUG 16416 --- [Shift Scheduler Demo] [           main] org.hibernate.SQL                        : delete from shift_assignments where id=?
Hibernate: delete from shift_assignments where id=?
2025-10-25T10:10:41.173+09:00 DEBUG 16416 --- [Shift Scheduler Demo] [           main] org.hibernate.SQL                        : delete from shift_assignments where id=?
Hibernate: delete from shift_assignments where id=?
2025-10-25T10:10:41.173+09:00 DEBUG 16416 --- [Shift Scheduler Demo] [           main] org.hibernate.SQL                        : delete from shift_assignments where id=?
Hibernate: delete from shift_assignments where id=?
2025-10-25T10:10:41.173+09:00 DEBUG 16416 --- [Shift Scheduler Demo] [           main] org.hibernate.SQL                        : delete from shift_assignments where id=?
Hibernate: delete from shift_assignments where id=?
2025-10-25T10:10:41.173+09:00 DEBUG 16416 --- [Shift Scheduler Demo] [           main] org.hibernate.SQL                        : delete from shift_assignments where id=?
Hibernate: delete from shift_assignments where id=?
2025-10-25T10:10:41.173+09:00 DEBUG 16416 --- [Shift Scheduler Demo] [           main] org.hibernate.SQL                        : delete from shift_assignments where id=?
Hibernate: delete from shift_assignments where id=?
2025-10-25T10:10:41.173+09:00 DEBUG 16416 --- [Shift Scheduler Demo] [           main] org.hibernate.SQL                        : delete from shift_assignments where id=?
Hibernate: delete from shift_assignments where id=?
2025-10-25T10:10:41.173+09:00 DEBUG 16416 --- [Shift Scheduler Demo] [           main] org.hibernate.SQL                        : delete from shift_assignments where id=?
Hibernate: delete from shift_assignments where id=?
2025-10-25T10:10:41.173+09:00 DEBUG 16416 --- [Shift Scheduler Demo] [           main] org.hibernate.SQL                        : delete from shift_assignments where id=?
Hibernate: delete from shift_assignments where id=?
2025-10-25T10:10:41.173+09:00 DEBUG 16416 --- [Shift Scheduler Demo] [           main] org.hibernate.SQL                        : delete from shift_assignments where id=?
Hibernate: delete from shift_assignments where id=?
2025-10-25T10:10:41.173+09:00 DEBUG 16416 --- [Shift Scheduler Demo] [           main] org.hibernate.SQL                        : delete from shift_assignments where id=?
Hibernate: delete from shift_assignments where id=?
2025-10-25T10:10:41.173+09:00 DEBUG 16416 --- [Shift Scheduler Demo] [           main] org.hibernate.SQL                        : delete from shift_assignments where id=?
Hibernate: delete from shift_assignments where id=?
2025-10-25T10:10:41.173+09:00 DEBUG 16416 --- [Shift Scheduler Demo] [           main] org.hibernate.SQL                        : delete from shift_assignments where id=?
Hibernate: delete from shift_assignments where id=?
2025-10-25T10:10:41.173+09:00 DEBUG 16416 --- [Shift Scheduler Demo] [           main] org.hibernate.SQL                        : delete from shift_assignments where id=?
Hibernate: delete from shift_assignments where id=?
2025-10-25T10:10:41.173+09:00 DEBUG 16416 --- [Shift Scheduler Demo] [           main] org.hibernate.SQL                        : delete from shift_assignments where id=?
Hibernate: delete from shift_assignments where id=?
2025-10-25T10:10:41.173+09:00 DEBUG 16416 --- [Shift Scheduler Demo] [           main] org.hibernate.SQL                        : delete from shift_assignments where id=?
Hibernate: delete from shift_assignments where id=?
2025-10-25T10:10:41.173+09:00 DEBUG 16416 --- [Shift Scheduler Demo] [           main] org.hibernate.SQL                        : delete from shift_assignments where id=?
Hibernate: delete from shift_assignments where id=?
2025-10-25T10:10:41.173+09:00 DEBUG 16416 --- [Shift Scheduler Demo] [           main] org.hibernate.SQL                        : delete from shift_assignments where id=?
Hibernate: delete from shift_assignments where id=?
2025-10-25T10:10:41.173+09:00 DEBUG 16416 --- [Shift Scheduler Demo] [           main] org.hibernate.SQL                        : delete from shift_assignments where id=?
Hibernate: delete from shift_assignments where id=?
2025-10-25T10:10:41.173+09:00 DEBUG 16416 --- [Shift Scheduler Demo] [           main] org.hibernate.SQL                        : delete from shift_assignments where id=?
Hibernate: delete from shift_assignments where id=?
2025-10-25T10:10:41.173+09:00 DEBUG 16416 --- [Shift Scheduler Demo] [           main] org.hibernate.SQL                        : delete from shift_assignments where id=?
Hibernate: delete from shift_assignments where id=?
2025-10-25T10:10:41.173+09:00 DEBUG 16416 --- [Shift Scheduler Demo] [           main] org.hibernate.SQL                        : delete from shift_assignments where id=?
Hibernate: delete from shift_assignments where id=?
2025-10-25T10:10:41.173+09:00 DEBUG 16416 --- [Shift Scheduler Demo] [           main] org.hibernate.SQL                        : delete from shift_assignments where id=?
Hibernate: delete from shift_assignments where id=?
2025-10-25T10:10:41.173+09:00 DEBUG 16416 --- [Shift Scheduler Demo] [           main] org.hibernate.SQL                        : delete from shift_assignments where id=?
Hibernate: delete from shift_assignments where id=?
2025-10-25T10:10:41.173+09:00 DEBUG 16416 --- [Shift Scheduler Demo] [           main] org.hibernate.SQL                        : delete from shift_assignments where id=?
Hibernate: delete from shift_assignments where id=?
2025-10-25T10:10:41.173+09:00 DEBUG 16416 --- [Shift Scheduler Demo] [           main] org.hibernate.SQL                        : delete from shift_assignments where id=?
Hibernate: delete from shift_assignments where id=?
2025-10-25T10:10:41.174+09:00 DEBUG 16416 --- [Shift Scheduler Demo] [           main] org.hibernate.SQL                        : delete from shift_assignments where id=?
Hibernate: delete from shift_assignments where id=?
2025-10-25T10:10:41.174+09:00 DEBUG 16416 --- [Shift Scheduler Demo] [           main] org.hibernate.SQL                        : delete from shift_assignments where id=?
Hibernate: delete from shift_assignments where id=?
2025-10-25T10:10:41.174+09:00 DEBUG 16416 --- [Shift Scheduler Demo] [           main] org.hibernate.SQL                        : delete from shift_assignments where id=?
Hibernate: delete from shift_assignments where id=?
2025-10-25T10:10:41.174+09:00 DEBUG 16416 --- [Shift Scheduler Demo] [           main] org.hibernate.SQL                        : delete from shift_assignments where id=?
Hibernate: delete from shift_assignments where id=?
2025-10-25T10:10:41.174+09:00 DEBUG 16416 --- [Shift Scheduler Demo] [           main] org.hibernate.SQL                        : delete from shift_assignments where id=?
Hibernate: delete from shift_assignments where id=?
2025-10-25T10:10:41.174+09:00 DEBUG 16416 --- [Shift Scheduler Demo] [           main] org.hibernate.SQL                        : delete from shift_assignments where id=?
Hibernate: delete from shift_assignments where id=?
2025-10-25T10:10:41.174+09:00 DEBUG 16416 --- [Shift Scheduler Demo] [           main] org.hibernate.SQL                        : delete from shift_assignments where id=?
Hibernate: delete from shift_assignments where id=?
2025-10-25T10:10:41.174+09:00 DEBUG 16416 --- [Shift Scheduler Demo] [           main] org.hibernate.SQL                        : delete from shift_assignments where id=?
Hibernate: delete from shift_assignments where id=?
2025-10-25T10:10:41.174+09:00 DEBUG 16416 --- [Shift Scheduler Demo] [           main] org.hibernate.SQL                        : delete from shift_assignments where id=?
Hibernate: delete from shift_assignments where id=?
2025-10-25T10:10:41.174+09:00 DEBUG 16416 --- [Shift Scheduler Demo] [           main] org.hibernate.SQL                        : delete from shift_assignments where id=?
Hibernate: delete from shift_assignments where id=?
2025-10-25T10:10:41.174+09:00 DEBUG 16416 --- [Shift Scheduler Demo] [           main] org.hibernate.SQL                        : delete from shift_assignments where id=?
Hibernate: delete from shift_assignments where id=?
2025-10-25T10:10:41.174+09:00 DEBUG 16416 --- [Shift Scheduler Demo] [           main] org.hibernate.SQL                        : delete from shift_assignments where id=?
Hibernate: delete from shift_assignments where id=?
2025-10-25T10:10:41.174+09:00 DEBUG 16416 --- [Shift Scheduler Demo] [           main] org.hibernate.SQL                        : delete from shift_assignments where id=?
Hibernate: delete from shift_assignments where id=?
2025-10-25T10:10:41.174+09:00 DEBUG 16416 --- [Shift Scheduler Demo] [           main] org.hibernate.SQL                        : delete from shift_assignments where id=?
Hibernate: delete from shift_assignments where id=?
2025-10-25T10:10:41.175+09:00 DEBUG 16416 --- [Shift Scheduler Demo] [           main] org.hibernate.SQL                        : delete from shift_assignments where id=?
Hibernate: delete from shift_assignments where id=?
2025-10-25T10:10:41.175+09:00 DEBUG 16416 --- [Shift Scheduler Demo] [           main] org.hibernate.SQL                        : delete from shift_assignments where id=?
Hibernate: delete from shift_assignments where id=?
2025-10-25T10:10:41.175+09:00 DEBUG 16416 --- [Shift Scheduler Demo] [           main] org.hibernate.SQL                        : delete from shift_assignments where id=?
Hibernate: delete from shift_assignments where id=?
2025-10-25T10:10:41.175+09:00 DEBUG 16416 --- [Shift Scheduler Demo] [           main] org.hibernate.SQL                        : delete from shift_assignments where id=?
Hibernate: delete from shift_assignments where id=?
2025-10-25T10:10:41.175+09:00 DEBUG 16416 --- [Shift Scheduler Demo] [           main] org.hibernate.SQL                        : delete from shift_assignments where id=?
Hibernate: delete from shift_assignments where id=?
2025-10-25T10:10:41.175+09:00 DEBUG 16416 --- [Shift Scheduler Demo] [           main] org.hibernate.SQL                        : delete from shift_assignments where id=?
Hibernate: delete from shift_assignments where id=?
2025-10-25T10:10:41.175+09:00 DEBUG 16416 --- [Shift Scheduler Demo] [           main] org.hibernate.SQL                        : delete from shift_assignments where id=?
Hibernate: delete from shift_assignments where id=?
2025-10-25T10:10:41.175+09:00 DEBUG 16416 --- [Shift Scheduler Demo] [           main] org.hibernate.SQL                        : delete from shift_assignments where id=?
Hibernate: delete from shift_assignments where id=?
2025-10-25T10:10:41.175+09:00 DEBUG 16416 --- [Shift Scheduler Demo] [           main] org.hibernate.SQL                        : delete from shift_assignments where id=?
Hibernate: delete from shift_assignments where id=?
2025-10-25T10:10:41.175+09:00 DEBUG 16416 --- [Shift Scheduler Demo] [           main] org.hibernate.SQL                        : delete from shift_assignments where id=?
Hibernate: delete from shift_assignments where id=?
2025-10-25T10:10:41.175+09:00 DEBUG 16416 --- [Shift Scheduler Demo] [           main] org.hibernate.SQL                        : delete from shift_assignments where id=?
Hibernate: delete from shift_assignments where id=?
2025-10-25T10:10:41.176+09:00 DEBUG 16416 --- [Shift Scheduler Demo] [           main] org.hibernate.SQL                        : delete from shift_assignments where id=?
Hibernate: delete from shift_assignments where id=?
2025-10-25T10:10:41.176+09:00 DEBUG 16416 --- [Shift Scheduler Demo] [           main] org.hibernate.SQL                        : delete from shift_assignments where id=?
Hibernate: delete from shift_assignments where id=?
2025-10-25T10:10:41.176+09:00 DEBUG 16416 --- [Shift Scheduler Demo] [           main] org.hibernate.SQL                        : delete from shift_assignments where id=?
Hibernate: delete from shift_assignments where id=?
2025-10-25T10:10:41.176+09:00 DEBUG 16416 --- [Shift Scheduler Demo] [           main] org.hibernate.SQL                        : delete from shift_assignments where id=?
Hibernate: delete from shift_assignments where id=?
2025-10-25T10:10:41.176+09:00 DEBUG 16416 --- [Shift Scheduler Demo] [           main] org.hibernate.SQL                        : delete from shift_assignments where id=?
Hibernate: delete from shift_assignments where id=?
2025-10-25T10:10:41.176+09:00 DEBUG 16416 --- [Shift Scheduler Demo] [           main] org.hibernate.SQL                        : delete from shift_assignments where id=?
Hibernate: delete from shift_assignments where id=?
2025-10-25T10:10:41.176+09:00 DEBUG 16416 --- [Shift Scheduler Demo] [           main] org.hibernate.SQL                        : delete from shift_assignments where id=?
Hibernate: delete from shift_assignments where id=?
2025-10-25T10:10:41.176+09:00 DEBUG 16416 --- [Shift Scheduler Demo] [           main] org.hibernate.SQL                        : delete from shift_assignments where id=?
Hibernate: delete from shift_assignments where id=?
2025-10-25T10:10:41.176+09:00 DEBUG 16416 --- [Shift Scheduler Demo] [           main] org.hibernate.SQL                        : delete from shift_assignments where id=?
Hibernate: delete from shift_assignments where id=?
2025-10-25T10:10:41.176+09:00 DEBUG 16416 --- [Shift Scheduler Demo] [           main] org.hibernate.SQL                        : delete from shift_assignments where id=?
Hibernate: delete from shift_assignments where id=?
2025-10-25T10:10:41.176+09:00 DEBUG 16416 --- [Shift Scheduler Demo] [           main] org.hibernate.SQL                        : delete from shift_assignments where id=?
Hibernate: delete from shift_assignments where id=?
2025-10-25T10:10:41.176+09:00 DEBUG 16416 --- [Shift Scheduler Demo] [           main] org.hibernate.SQL                        : delete from shift_assignments where id=?
Hibernate: delete from shift_assignments where id=?
2025-10-25T10:10:41.176+09:00 DEBUG 16416 --- [Shift Scheduler Demo] [           main] org.hibernate.SQL                        : delete from shift_assignments where id=?
Hibernate: delete from shift_assignments where id=?
2025-10-25T10:10:41.176+09:00 DEBUG 16416 --- [Shift Scheduler Demo] [           main] org.hibernate.SQL                        : delete from shift_assignments where id=?
Hibernate: delete from shift_assignments where id=?
2025-10-25T10:10:41.176+09:00 DEBUG 16416 --- [Shift Scheduler Demo] [           main] org.hibernate.SQL                        : delete from shift_assignments where id=?
Hibernate: delete from shift_assignments where id=?
2025-10-25T10:10:41.176+09:00 DEBUG 16416 --- [Shift Scheduler Demo] [           main] org.hibernate.SQL                        : delete from shift_assignments where id=?
Hibernate: delete from shift_assignments where id=?
2025-10-25T10:10:41.176+09:00 DEBUG 16416 --- [Shift Scheduler Demo] [           main] org.hibernate.SQL                        : delete from shift_assignments where id=?
Hibernate: delete from shift_assignments where id=?
2025-10-25T10:10:41.176+09:00 DEBUG 16416 --- [Shift Scheduler Demo] [           main] org.hibernate.SQL                        : delete from shift_assignments where id=?
Hibernate: delete from shift_assignments where id=?
2025-10-25T10:10:41.176+09:00 DEBUG 16416 --- [Shift Scheduler Demo] [           main] org.hibernate.SQL                        : delete from shift_assignments where id=?
Hibernate: delete from shift_assignments where id=?
2025-10-25T10:10:41.176+09:00 DEBUG 16416 --- [Shift Scheduler Demo] [           main] org.hibernate.SQL                        : delete from shift_assignments where id=?
Hibernate: delete from shift_assignments where id=?
2025-10-25T10:10:41.176+09:00 DEBUG 16416 --- [Shift Scheduler Demo] [           main] org.hibernate.SQL                        : delete from shift_assignments where id=?
Hibernate: delete from shift_assignments where id=?
2025-10-25T10:10:41.176+09:00 DEBUG 16416 --- [Shift Scheduler Demo] [           main] org.hibernate.SQL                        : delete from shift_assignments where id=?
Hibernate: delete from shift_assignments where id=?
2025-10-25T10:10:41.176+09:00 DEBUG 16416 --- [Shift Scheduler Demo] [           main] org.hibernate.SQL                        : delete from shift_assignments where id=?
Hibernate: delete from shift_assignments where id=?
2025-10-25T10:10:41.176+09:00 DEBUG 16416 --- [Shift Scheduler Demo] [           main] org.hibernate.SQL                        : delete from shift_assignments where id=?
Hibernate: delete from shift_assignments where id=?
2025-10-25T10:10:41.176+09:00 DEBUG 16416 --- [Shift Scheduler Demo] [           main] org.hibernate.SQL                        : delete from shift_assignments where id=?
Hibernate: delete from shift_assignments where id=?
2025-10-25T10:10:41.176+09:00 DEBUG 16416 --- [Shift Scheduler Demo] [           main] org.hibernate.SQL                        : delete from shift_assignments where id=?
Hibernate: delete from shift_assignments where id=?
2025-10-25T10:10:41.176+09:00 DEBUG 16416 --- [Shift Scheduler Demo] [           main] org.hibernate.SQL                        : delete from shift_assignments where id=?
Hibernate: delete from shift_assignments where id=?
2025-10-25T10:10:41.176+09:00 DEBUG 16416 --- [Shift Scheduler Demo] [           main] org.hibernate.SQL                        : delete from shift_assignments where id=?
Hibernate: delete from shift_assignments where id=?
2025-10-25T10:10:41.176+09:00 DEBUG 16416 --- [Shift Scheduler Demo] [           main] org.hibernate.SQL                        : delete from shift_assignments where id=?
Hibernate: delete from shift_assignments where id=?
2025-10-25T10:10:41.176+09:00 DEBUG 16416 --- [Shift Scheduler Demo] [           main] org.hibernate.SQL                        : delete from shift_assignments where id=?
Hibernate: delete from shift_assignments where id=?
2025-10-25T10:10:41.176+09:00 DEBUG 16416 --- [Shift Scheduler Demo] [           main] org.hibernate.SQL                        : delete from shift_assignments where id=?
Hibernate: delete from shift_assignments where id=?
2025-10-25T10:10:41.176+09:00 DEBUG 16416 --- [Shift Scheduler Demo] [           main] org.hibernate.SQL                        : delete from shift_assignments where id=?
Hibernate: delete from shift_assignments where id=?
2025-10-25T10:10:41.176+09:00 DEBUG 16416 --- [Shift Scheduler Demo] [           main] org.hibernate.SQL                        : delete from shift_assignments where id=?
Hibernate: delete from shift_assignments where id=?
2025-10-25T10:10:41.176+09:00 DEBUG 16416 --- [Shift Scheduler Demo] [           main] org.hibernate.SQL                        : delete from shift_assignments where id=?
Hibernate: delete from shift_assignments where id=?
2025-10-25T10:10:41.176+09:00 DEBUG 16416 --- [Shift Scheduler Demo] [           main] org.hibernate.SQL                        : delete from shift_assignments where id=?
Hibernate: delete from shift_assignments where id=?
2025-10-25T10:10:41.176+09:00 DEBUG 16416 --- [Shift Scheduler Demo] [           main] org.hibernate.SQL                        : delete from shift_assignments where id=?
Hibernate: delete from shift_assignments where id=?
2025-10-25T10:10:41.176+09:00 DEBUG 16416 --- [Shift Scheduler Demo] [           main] org.hibernate.SQL                        : delete from shift_assignments where id=?
Hibernate: delete from shift_assignments where id=?
2025-10-25T10:10:41.176+09:00 DEBUG 16416 --- [Shift Scheduler Demo] [           main] org.hibernate.SQL                        : delete from shift_assignments where id=?
Hibernate: delete from shift_assignments where id=?
2025-10-25T10:10:41.176+09:00 DEBUG 16416 --- [Shift Scheduler Demo] [           main] org.hibernate.SQL                        : delete from shift_assignments where id=?
Hibernate: delete from shift_assignments where id=?
2025-10-25T10:10:41.176+09:00 DEBUG 16416 --- [Shift Scheduler Demo] [           main] org.hibernate.SQL                        : delete from shift_assignments where id=?
Hibernate: delete from shift_assignments where id=?
2025-10-25T10:10:41.176+09:00 DEBUG 16416 --- [Shift Scheduler Demo] [           main] org.hibernate.SQL                        : delete from shift_assignments where id=?
Hibernate: delete from shift_assignments where id=?
2025-10-25T10:10:41.176+09:00 DEBUG 16416 --- [Shift Scheduler Demo] [           main] org.hibernate.SQL                        : delete from shift_assignments where id=?
Hibernate: delete from shift_assignments where id=?
2025-10-25T10:10:41.176+09:00 DEBUG 16416 --- [Shift Scheduler Demo] [           main] org.hibernate.SQL                        : delete from shift_assignments where id=?
Hibernate: delete from shift_assignments where id=?
2025-10-25T10:10:41.176+09:00 DEBUG 16416 --- [Shift Scheduler Demo] [           main] org.hibernate.SQL                        : delete from shift_assignments where id=?
Hibernate: delete from shift_assignments where id=?
2025-10-25T10:10:41.176+09:00 DEBUG 16416 --- [Shift Scheduler Demo] [           main] org.hibernate.SQL                        : delete from shift_assignments where id=?
Hibernate: delete from shift_assignments where id=?
2025-10-25T10:10:41.176+09:00 DEBUG 16416 --- [Shift Scheduler Demo] [           main] org.hibernate.SQL                        : delete from shift_assignments where id=?
Hibernate: delete from shift_assignments where id=?
2025-10-25T10:10:41.176+09:00 DEBUG 16416 --- [Shift Scheduler Demo] [           main] org.hibernate.SQL                        : delete from shift_assignments where id=?
Hibernate: delete from shift_assignments where id=?
2025-10-25T10:10:41.176+09:00 DEBUG 16416 --- [Shift Scheduler Demo] [           main] org.hibernate.SQL                        : delete from shift_assignments where id=?
Hibernate: delete from shift_assignments where id=?
2025-10-25T10:10:41.176+09:00 DEBUG 16416 --- [Shift Scheduler Demo] [           main] org.hibernate.SQL                        : delete from shift_assignments where id=?
Hibernate: delete from shift_assignments where id=?
2025-10-25T10:10:41.176+09:00 DEBUG 16416 --- [Shift Scheduler Demo] [           main] org.hibernate.SQL                        : delete from shift_assignments where id=?
Hibernate: delete from shift_assignments where id=?
2025-10-25T10:10:41.176+09:00 DEBUG 16416 --- [Shift Scheduler Demo] [           main] org.hibernate.SQL                        : delete from shift_assignments where id=?
Hibernate: delete from shift_assignments where id=?
2025-10-25T10:10:41.176+09:00 DEBUG 16416 --- [Shift Scheduler Demo] [           main] org.hibernate.SQL                        : delete from shift_assignments where id=?
Hibernate: delete from shift_assignments where id=?
2025-10-25T10:10:41.176+09:00 DEBUG 16416 --- [Shift Scheduler Demo] [           main] org.hibernate.SQL                        : delete from shift_assignments where id=?
Hibernate: delete from shift_assignments where id=?
2025-10-25T10:10:41.176+09:00 DEBUG 16416 --- [Shift Scheduler Demo] [           main] org.hibernate.SQL                        : delete from shift_assignments where id=?
Hibernate: delete from shift_assignments where id=?
2025-10-25T10:10:41.176+09:00 DEBUG 16416 --- [Shift Scheduler Demo] [           main] org.hibernate.SQL                        : delete from shift_assignments where id=?
Hibernate: delete from shift_assignments where id=?
2025-10-25T10:10:41.176+09:00 DEBUG 16416 --- [Shift Scheduler Demo] [           main] org.hibernate.SQL                        : delete from shift_assignments where id=?
Hibernate: delete from shift_assignments where id=?
2025-10-25T10:10:41.176+09:00 DEBUG 16416 --- [Shift Scheduler Demo] [           main] org.hibernate.SQL                        : delete from shift_assignments where id=?
Hibernate: delete from shift_assignments where id=?
2025-10-25T10:10:41.176+09:00 DEBUG 16416 --- [Shift Scheduler Demo] [           main] org.hibernate.SQL                        : delete from shift_assignments where id=?
Hibernate: delete from shift_assignments where id=?
2025-10-25T10:10:41.176+09:00 DEBUG 16416 --- [Shift Scheduler Demo] [           main] org.hibernate.SQL                        : delete from shift_assignments where id=?
Hibernate: delete from shift_assignments where id=?
2025-10-25T10:10:41.176+09:00 DEBUG 16416 --- [Shift Scheduler Demo] [           main] org.hibernate.SQL                        : delete from shift_assignments where id=?
Hibernate: delete from shift_assignments where id=?
2025-10-25T10:10:41.176+09:00 DEBUG 16416 --- [Shift Scheduler Demo] [           main] org.hibernate.SQL                        : delete from shift_assignments where id=?
Hibernate: delete from shift_assignments where id=?
2025-10-25T10:10:41.176+09:00 DEBUG 16416 --- [Shift Scheduler Demo] [           main] org.hibernate.SQL                        : delete from shift_assignments where id=?
Hibernate: delete from shift_assignments where id=?
2025-10-25T10:10:41.176+09:00 DEBUG 16416 --- [Shift Scheduler Demo] [           main] org.hibernate.SQL                        : delete from shift_assignments where id=?
Hibernate: delete from shift_assignments where id=?
2025-10-25T10:10:41.176+09:00 DEBUG 16416 --- [Shift Scheduler Demo] [           main] org.hibernate.SQL                        : delete from shift_assignments where id=?
Hibernate: delete from shift_assignments where id=?
2025-10-25T10:10:41.176+09:00 DEBUG 16416 --- [Shift Scheduler Demo] [           main] org.hibernate.SQL                        : delete from shift_assignments where id=?
Hibernate: delete from shift_assignments where id=?
2025-10-25T10:10:41.178+09:00 DEBUG 16416 --- [Shift Scheduler Demo] [           main] org.hibernate.SQL                        : delete from shift_assignments where id=?
Hibernate: delete from shift_assignments where id=?
2025-10-25T10:10:41.178+09:00 DEBUG 16416 --- [Shift Scheduler Demo] [           main] org.hibernate.SQL                        : delete from shift_assignments where id=?
Hibernate: delete from shift_assignments where id=?
2025-10-25T10:10:41.180+09:00 DEBUG 16416 --- [Shift Scheduler Demo] [           main] org.hibernate.SQL                        : delete from shift_assignments where id=?
Hibernate: delete from shift_assignments where id=?
2025-10-25T10:10:41.182+09:00 DEBUG 16416 --- [Shift Scheduler Demo] [           main] org.hibernate.SQL                        : delete from shift_assignments where id=?
Hibernate: delete from shift_assignments where id=?
2025-10-25T10:10:41.182+09:00 DEBUG 16416 --- [Shift Scheduler Demo] [           main] org.hibernate.SQL                        : delete from shift_assignments where id=?
Hibernate: delete from shift_assignments where id=?
2025-10-25T10:10:41.182+09:00 DEBUG 16416 --- [Shift Scheduler Demo] [           main] org.hibernate.SQL                        : delete from shift_assignments where id=?
Hibernate: delete from shift_assignments where id=?
2025-10-25T10:10:41.182+09:00 DEBUG 16416 --- [Shift Scheduler Demo] [           main] org.hibernate.SQL                        : delete from shift_assignments where id=?
Hibernate: delete from shift_assignments where id=?
2025-10-25T10:10:41.182+09:00 DEBUG 16416 --- [Shift Scheduler Demo] [           main] org.hibernate.SQL                        : delete from shift_assignments where id=?
Hibernate: delete from shift_assignments where id=?
2025-10-25T10:10:41.182+09:00 DEBUG 16416 --- [Shift Scheduler Demo] [           main] org.hibernate.SQL                        : delete from shift_assignments where id=?
Hibernate: delete from shift_assignments where id=?
2025-10-25T10:10:41.182+09:00 DEBUG 16416 --- [Shift Scheduler Demo] [           main] org.hibernate.SQL                        : delete from shift_assignments where id=?
Hibernate: delete from shift_assignments where id=?
2025-10-25T10:10:41.182+09:00 DEBUG 16416 --- [Shift Scheduler Demo] [           main] org.hibernate.SQL                        : delete from shift_assignments where id=?
Hibernate: delete from shift_assignments where id=?
2025-10-25T10:10:41.182+09:00 DEBUG 16416 --- [Shift Scheduler Demo] [           main] org.hibernate.SQL                        : delete from shift_assignments where id=?
Hibernate: delete from shift_assignments where id=?
2025-10-25T10:10:41.182+09:00 DEBUG 16416 --- [Shift Scheduler Demo] [           main] org.hibernate.SQL                        : delete from shift_assignments where id=?
Hibernate: delete from shift_assignments where id=?
2025-10-25T10:10:41.182+09:00 DEBUG 16416 --- [Shift Scheduler Demo] [           main] org.hibernate.SQL                        : delete from shift_assignments where id=?
Hibernate: delete from shift_assignments where id=?
2025-10-25T10:10:41.182+09:00 DEBUG 16416 --- [Shift Scheduler Demo] [           main] org.hibernate.SQL                        : delete from shift_assignments where id=?
Hibernate: delete from shift_assignments where id=?
2025-10-25T10:10:41.182+09:00 DEBUG 16416 --- [Shift Scheduler Demo] [           main] org.hibernate.SQL                        : delete from shift_assignments where id=?
Hibernate: delete from shift_assignments where id=?
2025-10-25T10:10:41.182+09:00 DEBUG 16416 --- [Shift Scheduler Demo] [           main] org.hibernate.SQL                        : delete from shift_assignments where id=?
Hibernate: delete from shift_assignments where id=?
2025-10-25T10:10:41.182+09:00 DEBUG 16416 --- [Shift Scheduler Demo] [           main] org.hibernate.SQL                        : delete from shift_assignments where id=?
Hibernate: delete from shift_assignments where id=?
2025-10-25T10:10:41.182+09:00 DEBUG 16416 --- [Shift Scheduler Demo] [           main] org.hibernate.SQL                        : delete from shift_assignments where id=?
Hibernate: delete from shift_assignments where id=?
2025-10-25T10:10:41.182+09:00 DEBUG 16416 --- [Shift Scheduler Demo] [           main] org.hibernate.SQL                        : delete from shift_assignments where id=?
Hibernate: delete from shift_assignments where id=?
2025-10-25T10:10:41.182+09:00 DEBUG 16416 --- [Shift Scheduler Demo] [           main] org.hibernate.SQL                        : delete from shift_assignments where id=?
Hibernate: delete from shift_assignments where id=?
2025-10-25T10:10:41.182+09:00 DEBUG 16416 --- [Shift Scheduler Demo] [           main] org.hibernate.SQL                        : delete from shift_assignments where id=?
Hibernate: delete from shift_assignments where id=?
2025-10-25T10:10:41.182+09:00 DEBUG 16416 --- [Shift Scheduler Demo] [           main] org.hibernate.SQL                        : delete from shift_assignments where id=?
Hibernate: delete from shift_assignments where id=?
2025-10-25T10:10:41.182+09:00 DEBUG 16416 --- [Shift Scheduler Demo] [           main] org.hibernate.SQL                        : delete from shift_assignments where id=?
Hibernate: delete from shift_assignments where id=?
2025-10-25T10:10:41.182+09:00 DEBUG 16416 --- [Shift Scheduler Demo] [           main] org.hibernate.SQL                        : delete from shift_assignments where id=?
Hibernate: delete from shift_assignments where id=?
2025-10-25T10:10:41.182+09:00 DEBUG 16416 --- [Shift Scheduler Demo] [           main] org.hibernate.SQL                        : delete from shift_assignments where id=?
Hibernate: delete from shift_assignments where id=?
2025-10-25T10:10:41.182+09:00 DEBUG 16416 --- [Shift Scheduler Demo] [           main] org.hibernate.SQL                        : delete from shift_assignments where id=?
Hibernate: delete from shift_assignments where id=?
2025-10-25T10:10:41.182+09:00 DEBUG 16416 --- [Shift Scheduler Demo] [           main] org.hibernate.SQL                        : delete from shift_assignments where id=?
Hibernate: delete from shift_assignments where id=?
2025-10-25T10:10:41.182+09:00 DEBUG 16416 --- [Shift Scheduler Demo] [           main] org.hibernate.SQL                        : delete from shift_assignments where id=?
Hibernate: delete from shift_assignments where id=?
2025-10-25T10:10:41.182+09:00 DEBUG 16416 --- [Shift Scheduler Demo] [           main] org.hibernate.SQL                        : delete from shift_assignments where id=?
Hibernate: delete from shift_assignments where id=?
2025-10-25T10:10:41.182+09:00 DEBUG 16416 --- [Shift Scheduler Demo] [           main] org.hibernate.SQL                        : delete from shift_assignments where id=?
Hibernate: delete from shift_assignments where id=?
2025-10-25T10:10:41.182+09:00 DEBUG 16416 --- [Shift Scheduler Demo] [           main] org.hibernate.SQL                        : delete from shift_assignments where id=?
Hibernate: delete from shift_assignments where id=?
2025-10-25T10:10:41.183+09:00 DEBUG 16416 --- [Shift Scheduler Demo] [           main] org.hibernate.SQL                        : delete from shift_assignments where id=?
Hibernate: delete from shift_assignments where id=?
2025-10-25T10:10:41.183+09:00 DEBUG 16416 --- [Shift Scheduler Demo] [           main] org.hibernate.SQL                        : delete from shift_assignments where id=?
Hibernate: delete from shift_assignments where id=?
2025-10-25T10:10:41.183+09:00 DEBUG 16416 --- [Shift Scheduler Demo] [           main] org.hibernate.SQL                        : delete from shift_assignments where id=?
Hibernate: delete from shift_assignments where id=?
2025-10-25T10:10:41.183+09:00 DEBUG 16416 --- [Shift Scheduler Demo] [           main] org.hibernate.SQL                        : delete from shift_assignments where id=?
Hibernate: delete from shift_assignments where id=?
2025-10-25T10:10:41.183+09:00 DEBUG 16416 --- [Shift Scheduler Demo] [           main] org.hibernate.SQL                        : delete from shift_assignments where id=?
Hibernate: delete from shift_assignments where id=?
2025-10-25T10:10:41.183+09:00 DEBUG 16416 --- [Shift Scheduler Demo] [           main] org.hibernate.SQL                        : delete from shift_assignments where id=?
Hibernate: delete from shift_assignments where id=?
2025-10-25T10:10:41.183+09:00 DEBUG 16416 --- [Shift Scheduler Demo] [           main] org.hibernate.SQL                        : delete from shift_assignments where id=?
Hibernate: delete from shift_assignments where id=?
2025-10-25T10:10:41.183+09:00 DEBUG 16416 --- [Shift Scheduler Demo] [           main] org.hibernate.SQL                        : delete from shift_assignments where id=?
Hibernate: delete from shift_assignments where id=?
2025-10-25T10:10:41.183+09:00 DEBUG 16416 --- [Shift Scheduler Demo] [           main] org.hibernate.SQL                        : delete from shift_assignments where id=?
Hibernate: delete from shift_assignments where id=?
2025-10-25T10:10:41.183+09:00 DEBUG 16416 --- [Shift Scheduler Demo] [           main] org.hibernate.SQL                        : delete from shift_assignments where id=?
Hibernate: delete from shift_assignments where id=?
2025-10-25T10:10:41.183+09:00 DEBUG 16416 --- [Shift Scheduler Demo] [           main] org.hibernate.SQL                        : delete from shift_assignments where id=?
Hibernate: delete from shift_assignments where id=?
2025-10-25T10:10:41.183+09:00 DEBUG 16416 --- [Shift Scheduler Demo] [           main] org.hibernate.SQL                        : delete from shift_assignments where id=?
Hibernate: delete from shift_assignments where id=?
2025-10-25T10:10:41.183+09:00 DEBUG 16416 --- [Shift Scheduler Demo] [           main] org.hibernate.SQL                        : delete from shift_assignments where id=?
Hibernate: delete from shift_assignments where id=?
2025-10-25T10:10:41.183+09:00 DEBUG 16416 --- [Shift Scheduler Demo] [           main] org.hibernate.SQL                        : delete from shift_assignments where id=?
Hibernate: delete from shift_assignments where id=?
2025-10-25T10:10:41.183+09:00 DEBUG 16416 --- [Shift Scheduler Demo] [           main] org.hibernate.SQL                        : delete from shift_assignments where id=?
Hibernate: delete from shift_assignments where id=?
2025-10-25T10:10:41.183+09:00 DEBUG 16416 --- [Shift Scheduler Demo] [           main] org.hibernate.SQL                        : delete from shift_assignments where id=?
Hibernate: delete from shift_assignments where id=?
2025-10-25T10:10:41.183+09:00 DEBUG 16416 --- [Shift Scheduler Demo] [           main] org.hibernate.SQL                        : delete from shift_assignments where id=?
Hibernate: delete from shift_assignments where id=?
2025-10-25T10:10:41.183+09:00 DEBUG 16416 --- [Shift Scheduler Demo] [           main] org.hibernate.SQL                        : delete from shift_assignments where id=?
Hibernate: delete from shift_assignments where id=?
2025-10-25T10:10:41.183+09:00 DEBUG 16416 --- [Shift Scheduler Demo] [           main] org.hibernate.SQL                        : delete from shift_assignments where id=?
Hibernate: delete from shift_assignments where id=?
2025-10-25T10:10:41.183+09:00 DEBUG 16416 --- [Shift Scheduler Demo] [           main] org.hibernate.SQL                        : delete from shift_assignments where id=?
Hibernate: delete from shift_assignments where id=?
2025-10-25T10:10:41.183+09:00 DEBUG 16416 --- [Shift Scheduler Demo] [           main] org.hibernate.SQL                        : delete from shift_assignments where id=?
Hibernate: delete from shift_assignments where id=?
2025-10-25T10:10:41.183+09:00 DEBUG 16416 --- [Shift Scheduler Demo] [           main] org.hibernate.SQL                        : delete from shift_assignments where id=?
Hibernate: delete from shift_assignments where id=?
2025-10-25T10:10:41.183+09:00 DEBUG 16416 --- [Shift Scheduler Demo] [           main] org.hibernate.SQL                        : delete from shift_assignments where id=?
Hibernate: delete from shift_assignments where id=?
2025-10-25T10:10:41.183+09:00 DEBUG 16416 --- [Shift Scheduler Demo] [           main] org.hibernate.SQL                        : delete from shift_assignments where id=?
Hibernate: delete from shift_assignments where id=?
2025-10-25T10:10:41.183+09:00 DEBUG 16416 --- [Shift Scheduler Demo] [           main] org.hibernate.SQL                        : delete from shift_assignments where id=?
Hibernate: delete from shift_assignments where id=?
2025-10-25T10:10:41.183+09:00 DEBUG 16416 --- [Shift Scheduler Demo] [           main] org.hibernate.SQL                        : delete from shift_assignments where id=?
Hibernate: delete from shift_assignments where id=?
2025-10-25T10:10:41.183+09:00 DEBUG 16416 --- [Shift Scheduler Demo] [           main] org.hibernate.SQL                        : delete from shift_assignments where id=?
Hibernate: delete from shift_assignments where id=?
2025-10-25T10:10:41.183+09:00 DEBUG 16416 --- [Shift Scheduler Demo] [           main] org.hibernate.SQL                        : delete from shift_assignments where id=?
Hibernate: delete from shift_assignments where id=?
2025-10-25T10:10:41.183+09:00 DEBUG 16416 --- [Shift Scheduler Demo] [           main] org.hibernate.SQL                        : delete from shift_assignments where id=?
Hibernate: delete from shift_assignments where id=?
2025-10-25T10:10:41.183+09:00 DEBUG 16416 --- [Shift Scheduler Demo] [           main] org.hibernate.SQL                        : delete from shift_assignments where id=?
Hibernate: delete from shift_assignments where id=?
2025-10-25T10:10:41.183+09:00 DEBUG 16416 --- [Shift Scheduler Demo] [           main] org.hibernate.SQL                        : delete from shift_assignments where id=?
Hibernate: delete from shift_assignments where id=?
2025-10-25T10:10:41.184+09:00 DEBUG 16416 --- [Shift Scheduler Demo] [           main] org.hibernate.SQL                        : delete from shift_assignments where id=?
Hibernate: delete from shift_assignments where id=?
2025-10-25T10:10:41.184+09:00 DEBUG 16416 --- [Shift Scheduler Demo] [           main] org.hibernate.SQL                        : delete from shift_assignments where id=?
Hibernate: delete from shift_assignments where id=?
2025-10-25T10:10:41.184+09:00 DEBUG 16416 --- [Shift Scheduler Demo] [           main] org.hibernate.SQL                        : delete from shift_assignments where id=?
Hibernate: delete from shift_assignments where id=?
2025-10-25T10:10:41.184+09:00 DEBUG 16416 --- [Shift Scheduler Demo] [           main] org.hibernate.SQL                        : delete from shift_assignments where id=?
Hibernate: delete from shift_assignments where id=?
2025-10-25T10:10:41.184+09:00 DEBUG 16416 --- [Shift Scheduler Demo] [           main] org.hibernate.SQL                        : delete from shift_assignments where id=?
Hibernate: delete from shift_assignments where id=?
2025-10-25T10:10:41.184+09:00 DEBUG 16416 --- [Shift Scheduler Demo] [           main] org.hibernate.SQL                        : delete from shift_assignments where id=?
Hibernate: delete from shift_assignments where id=?
2025-10-25T10:10:41.184+09:00 DEBUG 16416 --- [Shift Scheduler Demo] [           main] org.hibernate.SQL                        : delete from shift_assignments where id=?
Hibernate: delete from shift_assignments where id=?
2025-10-25T10:10:41.184+09:00 DEBUG 16416 --- [Shift Scheduler Demo] [           main] org.hibernate.SQL                        : delete from shift_assignments where id=?
Hibernate: delete from shift_assignments where id=?
2025-10-25T10:10:41.184+09:00 DEBUG 16416 --- [Shift Scheduler Demo] [           main] org.hibernate.SQL                        : delete from shift_assignments where id=?
Hibernate: delete from shift_assignments where id=?
2025-10-25T10:10:41.184+09:00 DEBUG 16416 --- [Shift Scheduler Demo] [           main] org.hibernate.SQL                        : delete from shift_assignments where id=?
Hibernate: delete from shift_assignments where id=?
2025-10-25T10:10:41.184+09:00 DEBUG 16416 --- [Shift Scheduler Demo] [           main] org.hibernate.SQL                        : delete from shift_assignments where id=?
Hibernate: delete from shift_assignments where id=?
2025-10-25T10:10:41.184+09:00 DEBUG 16416 --- [Shift Scheduler Demo] [           main] org.hibernate.SQL                        : delete from shift_assignments where id=?
Hibernate: delete from shift_assignments where id=?
2025-10-25T10:10:41.184+09:00 DEBUG 16416 --- [Shift Scheduler Demo] [           main] org.hibernate.SQL                        : delete from shift_assignments where id=?
Hibernate: delete from shift_assignments where id=?
2025-10-25T10:10:41.184+09:00 DEBUG 16416 --- [Shift Scheduler Demo] [           main] org.hibernate.SQL                        : delete from shift_assignments where id=?
Hibernate: delete from shift_assignments where id=?
2025-10-25T10:10:41.184+09:00 DEBUG 16416 --- [Shift Scheduler Demo] [           main] org.hibernate.SQL                        : delete from shift_assignments where id=?
Hibernate: delete from shift_assignments where id=?
2025-10-25T10:10:41.184+09:00 DEBUG 16416 --- [Shift Scheduler Demo] [           main] org.hibernate.SQL                        : delete from shift_assignments where id=?
Hibernate: delete from shift_assignments where id=?
2025-10-25T10:10:41.184+09:00 DEBUG 16416 --- [Shift Scheduler Demo] [           main] org.hibernate.SQL                        : delete from shift_assignments where id=?
Hibernate: delete from shift_assignments where id=?
2025-10-25T10:10:41.184+09:00 DEBUG 16416 --- [Shift Scheduler Demo] [           main] org.hibernate.SQL                        : delete from shift_assignments where id=?
Hibernate: delete from shift_assignments where id=?
2025-10-25T10:10:41.184+09:00 DEBUG 16416 --- [Shift Scheduler Demo] [           main] org.hibernate.SQL                        : delete from shift_assignments where id=?
Hibernate: delete from shift_assignments where id=?
2025-10-25T10:10:41.184+09:00 DEBUG 16416 --- [Shift Scheduler Demo] [           main] org.hibernate.SQL                        : delete from shift_assignments where id=?
Hibernate: delete from shift_assignments where id=?
2025-10-25T10:10:41.184+09:00 DEBUG 16416 --- [Shift Scheduler Demo] [           main] org.hibernate.SQL                        : delete from shift_assignments where id=?
Hibernate: delete from shift_assignments where id=?
2025-10-25T10:10:41.184+09:00 DEBUG 16416 --- [Shift Scheduler Demo] [           main] org.hibernate.SQL                        : delete from shift_assignments where id=?
Hibernate: delete from shift_assignments where id=?
2025-10-25T10:10:41.184+09:00 DEBUG 16416 --- [Shift Scheduler Demo] [           main] org.hibernate.SQL                        : delete from shift_assignments where id=?
Hibernate: delete from shift_assignments where id=?
2025-10-25T10:10:41.184+09:00 DEBUG 16416 --- [Shift Scheduler Demo] [           main] org.hibernate.SQL                        : delete from shift_assignments where id=?
Hibernate: delete from shift_assignments where id=?
2025-10-25T10:10:41.184+09:00 DEBUG 16416 --- [Shift Scheduler Demo] [           main] org.hibernate.SQL                        : delete from shift_assignments where id=?
Hibernate: delete from shift_assignments where id=?
2025-10-25T10:10:41.184+09:00 DEBUG 16416 --- [Shift Scheduler Demo] [           main] org.hibernate.SQL                        : delete from shift_assignments where id=?
Hibernate: delete from shift_assignments where id=?
2025-10-25T10:10:41.184+09:00 DEBUG 16416 --- [Shift Scheduler Demo] [           main] org.hibernate.SQL                        : delete from shift_assignments where id=?
Hibernate: delete from shift_assignments where id=?
2025-10-25T10:10:41.184+09:00 DEBUG 16416 --- [Shift Scheduler Demo] [           main] org.hibernate.SQL                        : delete from shift_assignments where id=?
Hibernate: delete from shift_assignments where id=?
2025-10-25T10:10:41.184+09:00 DEBUG 16416 --- [Shift Scheduler Demo] [           main] org.hibernate.SQL                        : delete from shift_assignments where id=?
Hibernate: delete from shift_assignments where id=?
2025-10-25T10:10:41.184+09:00 DEBUG 16416 --- [Shift Scheduler Demo] [           main] org.hibernate.SQL                        : delete from shift_assignments where id=?
Hibernate: delete from shift_assignments where id=?
2025-10-25T10:10:41.184+09:00 DEBUG 16416 --- [Shift Scheduler Demo] [           main] org.hibernate.SQL                        : delete from shift_assignments where id=?
Hibernate: delete from shift_assignments where id=?
2025-10-25T10:10:41.186+09:00 DEBUG 16416 --- [Shift Scheduler Demo] [           main] org.hibernate.SQL                        : delete from shift_assignments where id=?
Hibernate: delete from shift_assignments where id=?
2025-10-25T10:10:41.186+09:00 DEBUG 16416 --- [Shift Scheduler Demo] [           main] org.hibernate.SQL                        : delete from shift_assignments where id=?
Hibernate: delete from shift_assignments where id=?
2025-10-25T10:10:41.186+09:00 DEBUG 16416 --- [Shift Scheduler Demo] [           main] org.hibernate.SQL                        : delete from shift_assignments where id=?
Hibernate: delete from shift_assignments where id=?
2025-10-25T10:10:41.186+09:00 DEBUG 16416 --- [Shift Scheduler Demo] [           main] org.hibernate.SQL                        : delete from shift_assignments where id=?
Hibernate: delete from shift_assignments where id=?
2025-10-25T10:10:41.186+09:00 DEBUG 16416 --- [Shift Scheduler Demo] [           main] org.hibernate.SQL                        : delete from shift_assignments where id=?
Hibernate: delete from shift_assignments where id=?
2025-10-25T10:10:41.186+09:00 DEBUG 16416 --- [Shift Scheduler Demo] [           main] org.hibernate.SQL                        : delete from shift_assignments where id=?
Hibernate: delete from shift_assignments where id=?
2025-10-25T10:10:41.186+09:00 DEBUG 16416 --- [Shift Scheduler Demo] [           main] org.hibernate.SQL                        : delete from shift_assignments where id=?
Hibernate: delete from shift_assignments where id=?
2025-10-25T10:10:41.186+09:00 DEBUG 16416 --- [Shift Scheduler Demo] [           main] org.hibernate.SQL                        : delete from shift_assignments where id=?
Hibernate: delete from shift_assignments where id=?
2025-10-25T10:10:41.186+09:00 DEBUG 16416 --- [Shift Scheduler Demo] [           main] org.hibernate.SQL                        : delete from shift_assignments where id=?
Hibernate: delete from shift_assignments where id=?
2025-10-25T10:10:41.186+09:00 DEBUG 16416 --- [Shift Scheduler Demo] [           main] org.hibernate.SQL                        : delete from shift_assignments where id=?
Hibernate: delete from shift_assignments where id=?
2025-10-25T10:10:41.186+09:00 DEBUG 16416 --- [Shift Scheduler Demo] [           main] org.hibernate.SQL                        : delete from shift_assignments where id=?
Hibernate: delete from shift_assignments where id=?
2025-10-25T10:10:41.186+09:00 DEBUG 16416 --- [Shift Scheduler Demo] [           main] org.hibernate.SQL                        : delete from shift_assignments where id=?
Hibernate: delete from shift_assignments where id=?
2025-10-25T10:10:41.186+09:00 DEBUG 16416 --- [Shift Scheduler Demo] [           main] org.hibernate.SQL                        : delete from shift_assignments where id=?
Hibernate: delete from shift_assignments where id=?
2025-10-25T10:10:41.186+09:00 DEBUG 16416 --- [Shift Scheduler Demo] [           main] org.hibernate.SQL                        : delete from shift_assignments where id=?
Hibernate: delete from shift_assignments where id=?
2025-10-25T10:10:41.186+09:00 DEBUG 16416 --- [Shift Scheduler Demo] [           main] org.hibernate.SQL                        : delete from shift_assignments where id=?
Hibernate: delete from shift_assignments where id=?
2025-10-25T10:10:41.186+09:00 DEBUG 16416 --- [Shift Scheduler Demo] [           main] org.hibernate.SQL                        : delete from shift_assignments where id=?
Hibernate: delete from shift_assignments where id=?
2025-10-25T10:10:41.186+09:00 DEBUG 16416 --- [Shift Scheduler Demo] [           main] org.hibernate.SQL                        : delete from shift_assignments where id=?
Hibernate: delete from shift_assignments where id=?
2025-10-25T10:10:41.186+09:00 DEBUG 16416 --- [Shift Scheduler Demo] [           main] org.hibernate.SQL                        : delete from shift_assignments where id=?
Hibernate: delete from shift_assignments where id=?
2025-10-25T10:10:41.186+09:00 DEBUG 16416 --- [Shift Scheduler Demo] [           main] org.hibernate.SQL                        : delete from shift_assignments where id=?
Hibernate: delete from shift_assignments where id=?
2025-10-25T10:10:41.186+09:00 DEBUG 16416 --- [Shift Scheduler Demo] [           main] org.hibernate.SQL                        : delete from shift_assignments where id=?
Hibernate: delete from shift_assignments where id=?
2025-10-25T10:10:41.186+09:00 DEBUG 16416 --- [Shift Scheduler Demo] [           main] org.hibernate.SQL                        : delete from shift_assignments where id=?
Hibernate: delete from shift_assignments where id=?
2025-10-25T10:10:41.186+09:00 DEBUG 16416 --- [Shift Scheduler Demo] [           main] org.hibernate.SQL                        : delete from shift_assignments where id=?
Hibernate: delete from shift_assignments where id=?
2025-10-25T10:10:41.186+09:00 DEBUG 16416 --- [Shift Scheduler Demo] [           main] org.hibernate.SQL                        : delete from shift_assignments where id=?
Hibernate: delete from shift_assignments where id=?
2025-10-25T10:10:41.186+09:00 DEBUG 16416 --- [Shift Scheduler Demo] [           main] org.hibernate.SQL                        : delete from shift_assignments where id=?
Hibernate: delete from shift_assignments where id=?
2025-10-25T10:10:41.186+09:00 DEBUG 16416 --- [Shift Scheduler Demo] [           main] org.hibernate.SQL                        : delete from shift_assignments where id=?
Hibernate: delete from shift_assignments where id=?
2025-10-25T10:10:41.186+09:00 DEBUG 16416 --- [Shift Scheduler Demo] [           main] org.hibernate.SQL                        : delete from shift_assignments where id=?
Hibernate: delete from shift_assignments where id=?
2025-10-25T10:10:41.186+09:00 DEBUG 16416 --- [Shift Scheduler Demo] [           main] org.hibernate.SQL                        : delete from shift_assignments where id=?
Hibernate: delete from shift_assignments where id=?
2025-10-25T10:10:41.186+09:00 DEBUG 16416 --- [Shift Scheduler Demo] [           main] org.hibernate.SQL                        : delete from shift_assignments where id=?
Hibernate: delete from shift_assignments where id=?
2025-10-25T10:10:41.186+09:00 DEBUG 16416 --- [Shift Scheduler Demo] [           main] org.hibernate.SQL                        : delete from shift_assignments where id=?
Hibernate: delete from shift_assignments where id=?
2025-10-25T10:10:41.186+09:00 DEBUG 16416 --- [Shift Scheduler Demo] [           main] org.hibernate.SQL                        : delete from shift_assignments where id=?
Hibernate: delete from shift_assignments where id=?
2025-10-25T10:10:41.186+09:00 DEBUG 16416 --- [Shift Scheduler Demo] [           main] org.hibernate.SQL                        : delete from shift_assignments where id=?
Hibernate: delete from shift_assignments where id=?
2025-10-25T10:10:41.186+09:00 DEBUG 16416 --- [Shift Scheduler Demo] [           main] org.hibernate.SQL                        : delete from shift_assignments where id=?
Hibernate: delete from shift_assignments where id=?
2025-10-25T10:10:41.186+09:00 DEBUG 16416 --- [Shift Scheduler Demo] [           main] org.hibernate.SQL                        : delete from shift_assignments where id=?
Hibernate: delete from shift_assignments where id=?
2025-10-25T10:10:41.186+09:00 DEBUG 16416 --- [Shift Scheduler Demo] [           main] org.hibernate.SQL                        : delete from shift_assignments where id=?
Hibernate: delete from shift_assignments where id=?
2025-10-25T10:10:41.186+09:00 DEBUG 16416 --- [Shift Scheduler Demo] [           main] org.hibernate.SQL                        : delete from shift_assignments where id=?
Hibernate: delete from shift_assignments where id=?
2025-10-25T10:10:41.186+09:00 DEBUG 16416 --- [Shift Scheduler Demo] [           main] org.hibernate.SQL                        : delete from shift_assignments where id=?
Hibernate: delete from shift_assignments where id=?
2025-10-25T10:10:41.186+09:00 DEBUG 16416 --- [Shift Scheduler Demo] [           main] org.hibernate.SQL                        : delete from shift_assignments where id=?
Hibernate: delete from shift_assignments where id=?
2025-10-25T10:10:41.186+09:00 DEBUG 16416 --- [Shift Scheduler Demo] [           main] org.hibernate.SQL                        : delete from shift_assignments where id=?
Hibernate: delete from shift_assignments where id=?
2025-10-25T10:10:41.187+09:00 DEBUG 16416 --- [Shift Scheduler Demo] [           main] org.hibernate.SQL                        : delete from shift_assignments where id=?
Hibernate: delete from shift_assignments where id=?
2025-10-25T10:10:41.187+09:00 DEBUG 16416 --- [Shift Scheduler Demo] [           main] org.hibernate.SQL                        : delete from shift_assignments where id=?
Hibernate: delete from shift_assignments where id=?
2025-10-25T10:10:41.187+09:00 DEBUG 16416 --- [Shift Scheduler Demo] [           main] org.hibernate.SQL                        : delete from shift_assignments where id=?
Hibernate: delete from shift_assignments where id=?
2025-10-25T10:10:41.187+09:00 DEBUG 16416 --- [Shift Scheduler Demo] [           main] org.hibernate.SQL                        : delete from shift_assignments where id=?
Hibernate: delete from shift_assignments where id=?
2025-10-25T10:10:41.187+09:00 DEBUG 16416 --- [Shift Scheduler Demo] [           main] org.hibernate.SQL                        : delete from shift_assignments where id=?
Hibernate: delete from shift_assignments where id=?
2025-10-25T10:10:41.187+09:00 DEBUG 16416 --- [Shift Scheduler Demo] [           main] org.hibernate.SQL                        : delete from shift_assignments where id=?
Hibernate: delete from shift_assignments where id=?
2025-10-25T10:10:41.187+09:00 DEBUG 16416 --- [Shift Scheduler Demo] [           main] org.hibernate.SQL                        : delete from shift_assignments where id=?
Hibernate: delete from shift_assignments where id=?
2025-10-25T10:10:41.187+09:00 DEBUG 16416 --- [Shift Scheduler Demo] [           main] org.hibernate.SQL                        : delete from shift_assignments where id=?
Hibernate: delete from shift_assignments where id=?
2025-10-25T10:10:41.187+09:00 DEBUG 16416 --- [Shift Scheduler Demo] [           main] org.hibernate.SQL                        : delete from shift_assignments where id=?
Hibernate: delete from shift_assignments where id=?
2025-10-25T10:10:41.187+09:00 DEBUG 16416 --- [Shift Scheduler Demo] [           main] org.hibernate.SQL                        : delete from shift_assignments where id=?
Hibernate: delete from shift_assignments where id=?
2025-10-25T10:10:41.187+09:00 DEBUG 16416 --- [Shift Scheduler Demo] [           main] org.hibernate.SQL                        : delete from shift_assignments where id=?
Hibernate: delete from shift_assignments where id=?
2025-10-25T10:10:41.187+09:00 DEBUG 16416 --- [Shift Scheduler Demo] [           main] org.hibernate.SQL                        : delete from shift_assignments where id=?
Hibernate: delete from shift_assignments where id=?
2025-10-25T10:10:41.187+09:00 DEBUG 16416 --- [Shift Scheduler Demo] [           main] org.hibernate.SQL                        : delete from shift_assignments where id=?
Hibernate: delete from shift_assignments where id=?
2025-10-25T10:10:41.187+09:00 DEBUG 16416 --- [Shift Scheduler Demo] [           main] org.hibernate.SQL                        : delete from shift_assignments where id=?
Hibernate: delete from shift_assignments where id=?
2025-10-25T10:10:41.187+09:00 DEBUG 16416 --- [Shift Scheduler Demo] [           main] org.hibernate.SQL                        : delete from shift_assignments where id=?
Hibernate: delete from shift_assignments where id=?
2025-10-25T10:10:41.187+09:00 DEBUG 16416 --- [Shift Scheduler Demo] [           main] org.hibernate.SQL                        : delete from shift_assignments where id=?
Hibernate: delete from shift_assignments where id=?
2025-10-25T10:10:41.187+09:00 DEBUG 16416 --- [Shift Scheduler Demo] [           main] org.hibernate.SQL                        : delete from shift_assignments where id=?
Hibernate: delete from shift_assignments where id=?
2025-10-25T10:10:41.187+09:00 DEBUG 16416 --- [Shift Scheduler Demo] [           main] org.hibernate.SQL                        : delete from shift_assignments where id=?
Hibernate: delete from shift_assignments where id=?
2025-10-25T10:10:41.187+09:00 DEBUG 16416 --- [Shift Scheduler Demo] [           main] org.hibernate.SQL                        : delete from shift_assignments where id=?
Hibernate: delete from shift_assignments where id=?
2025-10-25T10:10:41.187+09:00 DEBUG 16416 --- [Shift Scheduler Demo] [           main] org.hibernate.SQL                        : delete from shift_assignments where id=?
Hibernate: delete from shift_assignments where id=?
2025-10-25T10:10:41.187+09:00 DEBUG 16416 --- [Shift Scheduler Demo] [           main] org.hibernate.SQL                        : delete from shift_assignments where id=?
Hibernate: delete from shift_assignments where id=?
2025-10-25T10:10:41.187+09:00 DEBUG 16416 --- [Shift Scheduler Demo] [           main] org.hibernate.SQL                        : delete from shift_assignments where id=?
Hibernate: delete from shift_assignments where id=?
2025-10-25T10:10:41.187+09:00 DEBUG 16416 --- [Shift Scheduler Demo] [           main] org.hibernate.SQL                        : delete from shift_assignments where id=?
Hibernate: delete from shift_assignments where id=?
2025-10-25T10:10:41.187+09:00 DEBUG 16416 --- [Shift Scheduler Demo] [           main] org.hibernate.SQL                        : delete from shift_assignments where id=?
Hibernate: delete from shift_assignments where id=?
2025-10-25T10:10:41.187+09:00 DEBUG 16416 --- [Shift Scheduler Demo] [           main] org.hibernate.SQL                        : delete from shift_assignments where id=?
Hibernate: delete from shift_assignments where id=?
2025-10-25T10:10:41.187+09:00 DEBUG 16416 --- [Shift Scheduler Demo] [           main] org.hibernate.SQL                        : delete from shift_assignments where id=?
Hibernate: delete from shift_assignments where id=?
2025-10-25T10:10:41.187+09:00 DEBUG 16416 --- [Shift Scheduler Demo] [           main] org.hibernate.SQL                        : delete from shift_assignments where id=?
Hibernate: delete from shift_assignments where id=?
2025-10-25T10:10:41.187+09:00 DEBUG 16416 --- [Shift Scheduler Demo] [           main] org.hibernate.SQL                        : delete from shift_assignments where id=?
Hibernate: delete from shift_assignments where id=?
2025-10-25T10:10:41.187+09:00 DEBUG 16416 --- [Shift Scheduler Demo] [           main] org.hibernate.SQL                        : delete from shift_assignments where id=?
Hibernate: delete from shift_assignments where id=?
2025-10-25T10:10:41.187+09:00 DEBUG 16416 --- [Shift Scheduler Demo] [           main] org.hibernate.SQL                        : delete from shift_assignments where id=?
Hibernate: delete from shift_assignments where id=?
2025-10-25T10:10:41.187+09:00 DEBUG 16416 --- [Shift Scheduler Demo] [           main] org.hibernate.SQL                        : delete from shift_assignments where id=?
Hibernate: delete from shift_assignments where id=?
2025-10-25T10:10:41.187+09:00 DEBUG 16416 --- [Shift Scheduler Demo] [           main] org.hibernate.SQL                        : delete from shift_assignments where id=?
Hibernate: delete from shift_assignments where id=?
2025-10-25T10:10:41.187+09:00 DEBUG 16416 --- [Shift Scheduler Demo] [           main] org.hibernate.SQL                        : delete from shift_assignments where id=?
Hibernate: delete from shift_assignments where id=?
2025-10-25T10:10:41.188+09:00 DEBUG 16416 --- [Shift Scheduler Demo] [           main] org.hibernate.SQL                        : delete from shift_assignments where id=?
Hibernate: delete from shift_assignments where id=?
2025-10-25T10:10:41.188+09:00 DEBUG 16416 --- [Shift Scheduler Demo] [           main] org.hibernate.SQL                        : delete from shift_assignments where id=?
Hibernate: delete from shift_assignments where id=?
2025-10-25T10:10:41.188+09:00 DEBUG 16416 --- [Shift Scheduler Demo] [           main] org.hibernate.SQL                        : delete from shift_assignments where id=?
Hibernate: delete from shift_assignments where id=?
2025-10-25T10:10:41.188+09:00 DEBUG 16416 --- [Shift Scheduler Demo] [           main] org.hibernate.SQL                        : delete from shift_assignments where id=?
Hibernate: delete from shift_assignments where id=?
2025-10-25T10:10:41.188+09:00 DEBUG 16416 --- [Shift Scheduler Demo] [           main] org.hibernate.SQL                        : delete from shift_assignments where id=?
Hibernate: delete from shift_assignments where id=?
2025-10-25T10:10:41.188+09:00 DEBUG 16416 --- [Shift Scheduler Demo] [           main] org.hibernate.SQL                        : delete from shift_assignments where id=?
Hibernate: delete from shift_assignments where id=?
2025-10-25T10:10:41.188+09:00 DEBUG 16416 --- [Shift Scheduler Demo] [           main] org.hibernate.SQL                        : delete from shift_assignments where id=?
Hibernate: delete from shift_assignments where id=?
2025-10-25T10:10:41.188+09:00 DEBUG 16416 --- [Shift Scheduler Demo] [           main] org.hibernate.SQL                        : delete from shift_assignments where id=?
Hibernate: delete from shift_assignments where id=?
2025-10-25T10:10:41.188+09:00 DEBUG 16416 --- [Shift Scheduler Demo] [           main] org.hibernate.SQL                        : delete from shift_assignments where id=?
Hibernate: delete from shift_assignments where id=?
2025-10-25T10:10:41.188+09:00 DEBUG 16416 --- [Shift Scheduler Demo] [           main] org.hibernate.SQL                        : delete from shift_assignments where id=?
Hibernate: delete from shift_assignments where id=?
2025-10-25T10:10:41.188+09:00 DEBUG 16416 --- [Shift Scheduler Demo] [           main] org.hibernate.SQL                        : delete from shift_assignments where id=?
Hibernate: delete from shift_assignments where id=?
2025-10-25T10:10:41.188+09:00 DEBUG 16416 --- [Shift Scheduler Demo] [           main] org.hibernate.SQL                        : delete from shift_assignments where id=?
Hibernate: delete from shift_assignments where id=?
2025-10-25T10:10:41.188+09:00 DEBUG 16416 --- [Shift Scheduler Demo] [           main] org.hibernate.SQL                        : delete from shift_assignments where id=?
Hibernate: delete from shift_assignments where id=?
2025-10-25T10:10:41.188+09:00 DEBUG 16416 --- [Shift Scheduler Demo] [           main] org.hibernate.SQL                        : delete from shift_assignments where id=?
Hibernate: delete from shift_assignments where id=?
2025-10-25T10:10:41.188+09:00 DEBUG 16416 --- [Shift Scheduler Demo] [           main] org.hibernate.SQL                        : delete from shift_assignments where id=?
Hibernate: delete from shift_assignments where id=?
2025-10-25T10:10:41.188+09:00 DEBUG 16416 --- [Shift Scheduler Demo] [           main] org.hibernate.SQL                        : delete from shift_assignments where id=?
Hibernate: delete from shift_assignments where id=?
2025-10-25T10:10:41.188+09:00 DEBUG 16416 --- [Shift Scheduler Demo] [           main] org.hibernate.SQL                        : delete from shift_assignments where id=?
Hibernate: delete from shift_assignments where id=?
2025-10-25T10:10:41.188+09:00 DEBUG 16416 --- [Shift Scheduler Demo] [           main] org.hibernate.SQL                        : delete from shift_assignments where id=?
Hibernate: delete from shift_assignments where id=?
2025-10-25T10:10:41.188+09:00 DEBUG 16416 --- [Shift Scheduler Demo] [           main] org.hibernate.SQL                        : delete from shift_assignments where id=?
Hibernate: delete from shift_assignments where id=?
2025-10-25T10:10:41.188+09:00 DEBUG 16416 --- [Shift Scheduler Demo] [           main] org.hibernate.SQL                        : delete from shift_assignments where id=?
Hibernate: delete from shift_assignments where id=?
2025-10-25T10:10:41.188+09:00 DEBUG 16416 --- [Shift Scheduler Demo] [           main] org.hibernate.SQL                        : delete from shift_assignments where id=?
Hibernate: delete from shift_assignments where id=?
2025-10-25T10:10:41.188+09:00 DEBUG 16416 --- [Shift Scheduler Demo] [           main] org.hibernate.SQL                        : delete from shift_assignments where id=?
Hibernate: delete from shift_assignments where id=?
2025-10-25T10:10:41.188+09:00 DEBUG 16416 --- [Shift Scheduler Demo] [           main] org.hibernate.SQL                        : delete from shift_assignments where id=?
Hibernate: delete from shift_assignments where id=?
2025-10-25T10:10:41.188+09:00 DEBUG 16416 --- [Shift Scheduler Demo] [           main] org.hibernate.SQL                        : delete from shift_assignments where id=?
Hibernate: delete from shift_assignments where id=?
2025-10-25T10:10:41.188+09:00 DEBUG 16416 --- [Shift Scheduler Demo] [           main] org.hibernate.SQL                        : delete from shift_assignments where id=?
Hibernate: delete from shift_assignments where id=?
2025-10-25T10:10:41.188+09:00 DEBUG 16416 --- [Shift Scheduler Demo] [           main] org.hibernate.SQL                        : delete from shift_assignments where id=?
Hibernate: delete from shift_assignments where id=?
2025-10-25T10:10:41.188+09:00 DEBUG 16416 --- [Shift Scheduler Demo] [           main] org.hibernate.SQL                        : delete from shift_assignments where id=?
Hibernate: delete from shift_assignments where id=?
2025-10-25T10:10:41.188+09:00 DEBUG 16416 --- [Shift Scheduler Demo] [           main] org.hibernate.SQL                        : delete from shift_assignments where id=?
Hibernate: delete from shift_assignments where id=?
2025-10-25T10:10:41.188+09:00 DEBUG 16416 --- [Shift Scheduler Demo] [           main] org.hibernate.SQL                        : delete from shift_assignments where id=?
Hibernate: delete from shift_assignments where id=?
2025-10-25T10:10:41.188+09:00 DEBUG 16416 --- [Shift Scheduler Demo] [           main] org.hibernate.SQL                        : delete from shift_assignments where id=?
Hibernate: delete from shift_assignments where id=?
2025-10-25T10:10:41.189+09:00 DEBUG 16416 --- [Shift Scheduler Demo] [           main] org.hibernate.SQL                        : delete from shift_assignments where id=?
Hibernate: delete from shift_assignments where id=?
2025-10-25T10:10:41.189+09:00 DEBUG 16416 --- [Shift Scheduler Demo] [           main] org.hibernate.SQL                        : delete from shift_assignments where id=?
Hibernate: delete from shift_assignments where id=?
2025-10-25T10:10:41.189+09:00 DEBUG 16416 --- [Shift Scheduler Demo] [           main] org.hibernate.SQL                        : delete from shift_assignments where id=?
Hibernate: delete from shift_assignments where id=?
2025-10-25T10:10:41.189+09:00 DEBUG 16416 --- [Shift Scheduler Demo] [           main] org.hibernate.SQL                        : delete from shift_assignments where id=?
Hibernate: delete from shift_assignments where id=?
2025-10-25T10:10:41.189+09:00 DEBUG 16416 --- [Shift Scheduler Demo] [           main] org.hibernate.SQL                        : delete from shift_assignments where id=?
Hibernate: delete from shift_assignments where id=?
2025-10-25T10:10:41.189+09:00 DEBUG 16416 --- [Shift Scheduler Demo] [           main] org.hibernate.SQL                        : delete from shift_assignments where id=?
Hibernate: delete from shift_assignments where id=?
2025-10-25T10:10:41.189+09:00 DEBUG 16416 --- [Shift Scheduler Demo] [           main] org.hibernate.SQL                        : delete from shift_assignments where id=?
Hibernate: delete from shift_assignments where id=?
2025-10-25T10:10:41.189+09:00 DEBUG 16416 --- [Shift Scheduler Demo] [           main] org.hibernate.SQL                        : delete from shift_assignments where id=?
Hibernate: delete from shift_assignments where id=?
2025-10-25T10:10:41.189+09:00 DEBUG 16416 --- [Shift Scheduler Demo] [           main] org.hibernate.SQL                        : delete from shift_assignments where id=?
Hibernate: delete from shift_assignments where id=?
2025-10-25T10:10:41.189+09:00 DEBUG 16416 --- [Shift Scheduler Demo] [           main] org.hibernate.SQL                        : delete from shift_assignments where id=?
Hibernate: delete from shift_assignments where id=?
2025-10-25T10:10:41.189+09:00 DEBUG 16416 --- [Shift Scheduler Demo] [           main] org.hibernate.SQL                        : delete from shift_assignments where id=?
Hibernate: delete from shift_assignments where id=?
2025-10-25T10:10:41.189+09:00 DEBUG 16416 --- [Shift Scheduler Demo] [           main] org.hibernate.SQL                        : delete from shift_assignments where id=?
Hibernate: delete from shift_assignments where id=?
2025-10-25T10:10:41.189+09:00 DEBUG 16416 --- [Shift Scheduler Demo] [           main] org.hibernate.SQL                        : delete from shift_assignments where id=?
Hibernate: delete from shift_assignments where id=?
2025-10-25T10:10:41.189+09:00 DEBUG 16416 --- [Shift Scheduler Demo] [           main] org.hibernate.SQL                        : delete from shift_assignments where id=?
Hibernate: delete from shift_assignments where id=?
2025-10-25T10:10:41.189+09:00 DEBUG 16416 --- [Shift Scheduler Demo] [           main] org.hibernate.SQL                        : delete from shift_assignments where id=?
Hibernate: delete from shift_assignments where id=?
2025-10-25T10:10:41.189+09:00 DEBUG 16416 --- [Shift Scheduler Demo] [           main] org.hibernate.SQL                        : delete from shift_assignments where id=?
Hibernate: delete from shift_assignments where id=?
2025-10-25T10:10:41.189+09:00 DEBUG 16416 --- [Shift Scheduler Demo] [           main] org.hibernate.SQL                        : delete from shift_assignments where id=?
Hibernate: delete from shift_assignments where id=?
2025-10-25T10:10:41.189+09:00 DEBUG 16416 --- [Shift Scheduler Demo] [           main] org.hibernate.SQL                        : delete from shift_assignments where id=?
Hibernate: delete from shift_assignments where id=?
2025-10-25T10:10:41.189+09:00 DEBUG 16416 --- [Shift Scheduler Demo] [           main] org.hibernate.SQL                        : delete from shift_assignments where id=?
Hibernate: delete from shift_assignments where id=?
2025-10-25T10:10:41.189+09:00 DEBUG 16416 --- [Shift Scheduler Demo] [           main] org.hibernate.SQL                        : delete from shift_assignments where id=?
Hibernate: delete from shift_assignments where id=?
2025-10-25T10:10:41.189+09:00 DEBUG 16416 --- [Shift Scheduler Demo] [           main] org.hibernate.SQL                        : delete from shift_assignments where id=?
Hibernate: delete from shift_assignments where id=?
2025-10-25T10:10:41.189+09:00 DEBUG 16416 --- [Shift Scheduler Demo] [           main] org.hibernate.SQL                        : delete from shift_assignments where id=?
Hibernate: delete from shift_assignments where id=?
2025-10-25T10:10:41.189+09:00 DEBUG 16416 --- [Shift Scheduler Demo] [           main] org.hibernate.SQL                        : delete from shift_assignments where id=?
Hibernate: delete from shift_assignments where id=?
2025-10-25T10:10:41.189+09:00 DEBUG 16416 --- [Shift Scheduler Demo] [           main] org.hibernate.SQL                        : delete from shift_assignments where id=?
Hibernate: delete from shift_assignments where id=?
2025-10-25T10:10:41.189+09:00 DEBUG 16416 --- [Shift Scheduler Demo] [           main] org.hibernate.SQL                        : delete from shift_assignments where id=?
Hibernate: delete from shift_assignments where id=?
2025-10-25T10:10:41.189+09:00 DEBUG 16416 --- [Shift Scheduler Demo] [           main] org.hibernate.SQL                        : delete from shift_assignments where id=?
Hibernate: delete from shift_assignments where id=?
2025-10-25T10:10:41.189+09:00 DEBUG 16416 --- [Shift Scheduler Demo] [           main] org.hibernate.SQL                        : delete from shift_assignments where id=?
Hibernate: delete from shift_assignments where id=?
2025-10-25T10:10:41.189+09:00 DEBUG 16416 --- [Shift Scheduler Demo] [           main] org.hibernate.SQL                        : delete from shift_assignments where id=?
Hibernate: delete from shift_assignments where id=?
2025-10-25T10:10:41.189+09:00 DEBUG 16416 --- [Shift Scheduler Demo] [           main] org.hibernate.SQL                        : delete from shift_assignments where id=?
Hibernate: delete from shift_assignments where id=?
2025-10-25T10:10:41.189+09:00 DEBUG 16416 --- [Shift Scheduler Demo] [           main] org.hibernate.SQL                        : delete from shift_assignments where id=?
Hibernate: delete from shift_assignments where id=?
2025-10-25T10:10:41.189+09:00 DEBUG 16416 --- [Shift Scheduler Demo] [           main] org.hibernate.SQL                        : delete from shift_assignments where id=?
Hibernate: delete from shift_assignments where id=?
2025-10-25T10:10:41.189+09:00 DEBUG 16416 --- [Shift Scheduler Demo] [           main] org.hibernate.SQL                        : delete from shift_assignments where id=?
Hibernate: delete from shift_assignments where id=?
2025-10-25T10:10:41.189+09:00 DEBUG 16416 --- [Shift Scheduler Demo] [           main] org.hibernate.SQL                        : delete from shift_assignments where id=?
Hibernate: delete from shift_assignments where id=?
2025-10-25T10:10:41.189+09:00 DEBUG 16416 --- [Shift Scheduler Demo] [           main] org.hibernate.SQL                        : delete from shift_assignments where id=?
Hibernate: delete from shift_assignments where id=?
2025-10-25T10:10:41.189+09:00 DEBUG 16416 --- [Shift Scheduler Demo] [           main] org.hibernate.SQL                        : delete from shift_assignments where id=?
Hibernate: delete from shift_assignments where id=?
2025-10-25T10:10:41.189+09:00 DEBUG 16416 --- [Shift Scheduler Demo] [           main] org.hibernate.SQL                        : delete from shift_assignments where id=?
Hibernate: delete from shift_assignments where id=?
2025-10-25T10:10:41.189+09:00 DEBUG 16416 --- [Shift Scheduler Demo] [           main] org.hibernate.SQL                        : delete from shift_assignments where id=?
Hibernate: delete from shift_assignments where id=?
2025-10-25T10:10:41.189+09:00 DEBUG 16416 --- [Shift Scheduler Demo] [           main] org.hibernate.SQL                        : delete from shift_assignments where id=?
Hibernate: delete from shift_assignments where id=?
2025-10-25T10:10:41.189+09:00 DEBUG 16416 --- [Shift Scheduler Demo] [           main] org.hibernate.SQL                        : delete from shift_assignments where id=?
Hibernate: delete from shift_assignments where id=?
2025-10-25T10:10:41.189+09:00 DEBUG 16416 --- [Shift Scheduler Demo] [           main] org.hibernate.SQL                        : delete from shift_assignments where id=?
Hibernate: delete from shift_assignments where id=?
2025-10-25T10:10:41.189+09:00 DEBUG 16416 --- [Shift Scheduler Demo] [           main] org.hibernate.SQL                        : delete from shift_assignments where id=?
Hibernate: delete from shift_assignments where id=?
2025-10-25T10:10:41.189+09:00 DEBUG 16416 --- [Shift Scheduler Demo] [           main] org.hibernate.SQL                        : delete from shift_assignments where id=?
Hibernate: delete from shift_assignments where id=?
2025-10-25T10:10:41.189+09:00 DEBUG 16416 --- [Shift Scheduler Demo] [           main] org.hibernate.SQL                        : delete from shift_assignments where id=?
Hibernate: delete from shift_assignments where id=?
2025-10-25T10:10:41.189+09:00 DEBUG 16416 --- [Shift Scheduler Demo] [           main] org.hibernate.SQL                        : delete from shift_assignments where id=?
Hibernate: delete from shift_assignments where id=?
2025-10-25T10:10:41.189+09:00 DEBUG 16416 --- [Shift Scheduler Demo] [           main] org.hibernate.SQL                        : delete from shift_assignments where id=?
Hibernate: delete from shift_assignments where id=?
2025-10-25T10:10:41.189+09:00 DEBUG 16416 --- [Shift Scheduler Demo] [           main] org.hibernate.SQL                        : delete from shift_assignments where id=?
Hibernate: delete from shift_assignments where id=?
2025-10-25T10:10:41.189+09:00 DEBUG 16416 --- [Shift Scheduler Demo] [           main] org.hibernate.SQL                        : delete from shift_assignments where id=?
Hibernate: delete from shift_assignments where id=?
2025-10-25T10:10:41.189+09:00 DEBUG 16416 --- [Shift Scheduler Demo] [           main] org.hibernate.SQL                        : delete from shift_assignments where id=?
Hibernate: delete from shift_assignments where id=?
2025-10-25T10:10:41.189+09:00 DEBUG 16416 --- [Shift Scheduler Demo] [           main] org.hibernate.SQL                        : delete from shift_assignments where id=?
Hibernate: delete from shift_assignments where id=?
2025-10-25T10:10:41.189+09:00 DEBUG 16416 --- [Shift Scheduler Demo] [           main] org.hibernate.SQL                        : delete from shift_assignments where id=?
Hibernate: delete from shift_assignments where id=?
2025-10-25T10:10:41.189+09:00 DEBUG 16416 --- [Shift Scheduler Demo] [           main] org.hibernate.SQL                        : delete from shift_assignments where id=?
Hibernate: delete from shift_assignments where id=?
2025-10-25T10:10:41.189+09:00 DEBUG 16416 --- [Shift Scheduler Demo] [           main] org.hibernate.SQL                        : delete from shift_assignments where id=?
Hibernate: delete from shift_assignments where id=?
2025-10-25T10:10:41.189+09:00 DEBUG 16416 --- [Shift Scheduler Demo] [           main] org.hibernate.SQL                        : delete from shift_assignments where id=?
Hibernate: delete from shift_assignments where id=?
2025-10-25T10:10:41.189+09:00 DEBUG 16416 --- [Shift Scheduler Demo] [           main] org.hibernate.SQL                        : delete from shift_assignments where id=?
Hibernate: delete from shift_assignments where id=?
2025-10-25T10:10:41.189+09:00 DEBUG 16416 --- [Shift Scheduler Demo] [           main] org.hibernate.SQL                        : delete from shift_assignments where id=?
Hibernate: delete from shift_assignments where id=?
2025-10-25T10:10:41.189+09:00 DEBUG 16416 --- [Shift Scheduler Demo] [           main] org.hibernate.SQL                        : delete from shift_assignments where id=?
Hibernate: delete from shift_assignments where id=?
2025-10-25T10:10:41.189+09:00 DEBUG 16416 --- [Shift Scheduler Demo] [           main] org.hibernate.SQL                        : delete from shift_assignments where id=?
Hibernate: delete from shift_assignments where id=?
2025-10-25T10:10:41.189+09:00 DEBUG 16416 --- [Shift Scheduler Demo] [           main] org.hibernate.SQL                        : delete from shift_assignments where id=?
Hibernate: delete from shift_assignments where id=?
2025-10-25T10:10:41.189+09:00 DEBUG 16416 --- [Shift Scheduler Demo] [           main] org.hibernate.SQL                        : delete from shift_assignments where id=?
Hibernate: delete from shift_assignments where id=?
2025-10-25T10:10:41.189+09:00 DEBUG 16416 --- [Shift Scheduler Demo] [           main] org.hibernate.SQL                        : delete from shift_assignments where id=?
Hibernate: delete from shift_assignments where id=?
2025-10-25T10:10:41.189+09:00 DEBUG 16416 --- [Shift Scheduler Demo] [           main] org.hibernate.SQL                        : delete from shift_assignments where id=?
Hibernate: delete from shift_assignments where id=?
2025-10-25T10:10:41.190+09:00 DEBUG 16416 --- [Shift Scheduler Demo] [           main] org.hibernate.SQL                        : delete from shift_assignments where id=?
Hibernate: delete from shift_assignments where id=?
2025-10-25T10:10:41.190+09:00 DEBUG 16416 --- [Shift Scheduler Demo] [           main] org.hibernate.SQL                        : delete from shift_assignments where id=?
Hibernate: delete from shift_assignments where id=?
2025-10-25T10:10:41.190+09:00 DEBUG 16416 --- [Shift Scheduler Demo] [           main] org.hibernate.SQL                        : delete from shift_assignments where id=?
Hibernate: delete from shift_assignments where id=?
2025-10-25T10:10:41.190+09:00 DEBUG 16416 --- [Shift Scheduler Demo] [           main] org.hibernate.SQL                        : delete from shift_assignments where id=?
Hibernate: delete from shift_assignments where id=?
2025-10-25T10:10:41.190+09:00 DEBUG 16416 --- [Shift Scheduler Demo] [           main] org.hibernate.SQL                        : delete from shift_assignments where id=?
Hibernate: delete from shift_assignments where id=?
2025-10-25T10:10:41.190+09:00 DEBUG 16416 --- [Shift Scheduler Demo] [           main] org.hibernate.SQL                        : delete from shift_assignments where id=?
Hibernate: delete from shift_assignments where id=?
2025-10-25T10:10:41.190+09:00 DEBUG 16416 --- [Shift Scheduler Demo] [           main] org.hibernate.SQL                        : delete from shift_assignments where id=?
Hibernate: delete from shift_assignments where id=?
2025-10-25T10:10:41.190+09:00 DEBUG 16416 --- [Shift Scheduler Demo] [           main] org.hibernate.SQL                        : delete from shift_assignments where id=?
Hibernate: delete from shift_assignments where id=?
2025-10-25T10:10:41.190+09:00 DEBUG 16416 --- [Shift Scheduler Demo] [           main] org.hibernate.SQL                        : delete from shift_assignments where id=?
Hibernate: delete from shift_assignments where id=?
2025-10-25T10:10:41.190+09:00 DEBUG 16416 --- [Shift Scheduler Demo] [           main] org.hibernate.SQL                        : delete from shift_assignments where id=?
Hibernate: delete from shift_assignments where id=?
2025-10-25T10:10:41.190+09:00 DEBUG 16416 --- [Shift Scheduler Demo] [           main] org.hibernate.SQL                        : delete from shift_assignments where id=?
Hibernate: delete from shift_assignments where id=?
2025-10-25T10:10:41.190+09:00 DEBUG 16416 --- [Shift Scheduler Demo] [           main] org.hibernate.SQL                        : delete from shift_assignments where id=?
Hibernate: delete from shift_assignments where id=?
2025-10-25T10:10:41.190+09:00 DEBUG 16416 --- [Shift Scheduler Demo] [           main] org.hibernate.SQL                        : delete from shift_assignments where id=?
Hibernate: delete from shift_assignments where id=?
2025-10-25T10:10:41.190+09:00 DEBUG 16416 --- [Shift Scheduler Demo] [           main] org.hibernate.SQL                        : delete from shift_assignments where id=?
Hibernate: delete from shift_assignments where id=?
2025-10-25T10:10:41.190+09:00 DEBUG 16416 --- [Shift Scheduler Demo] [           main] org.hibernate.SQL                        : delete from shift_assignments where id=?
Hibernate: delete from shift_assignments where id=?
2025-10-25T10:10:41.190+09:00 DEBUG 16416 --- [Shift Scheduler Demo] [           main] org.hibernate.SQL                        : delete from shift_assignments where id=?
Hibernate: delete from shift_assignments where id=?
2025-10-25T10:10:41.190+09:00 DEBUG 16416 --- [Shift Scheduler Demo] [           main] org.hibernate.SQL                        : delete from shift_assignments where id=?
Hibernate: delete from shift_assignments where id=?
2025-10-25T10:10:41.190+09:00 DEBUG 16416 --- [Shift Scheduler Demo] [           main] org.hibernate.SQL                        : delete from shift_assignments where id=?
Hibernate: delete from shift_assignments where id=?
2025-10-25T10:10:41.190+09:00 DEBUG 16416 --- [Shift Scheduler Demo] [           main] org.hibernate.SQL                        : delete from shift_assignments where id=?
Hibernate: delete from shift_assignments where id=?
2025-10-25T10:10:41.190+09:00 DEBUG 16416 --- [Shift Scheduler Demo] [           main] org.hibernate.SQL                        : delete from shift_assignments where id=?
Hibernate: delete from shift_assignments where id=?
2025-10-25T10:10:41.190+09:00 DEBUG 16416 --- [Shift Scheduler Demo] [           main] org.hibernate.SQL                        : delete from shift_assignments where id=?
Hibernate: delete from shift_assignments where id=?
2025-10-25T10:10:41.190+09:00 DEBUG 16416 --- [Shift Scheduler Demo] [           main] org.hibernate.SQL                        : delete from shift_assignments where id=?
Hibernate: delete from shift_assignments where id=?
2025-10-25T10:10:41.190+09:00 DEBUG 16416 --- [Shift Scheduler Demo] [           main] org.hibernate.SQL                        : delete from shift_assignments where id=?
Hibernate: delete from shift_assignments where id=?
2025-10-25T10:10:41.190+09:00 DEBUG 16416 --- [Shift Scheduler Demo] [           main] org.hibernate.SQL                        : delete from shift_assignments where id=?
Hibernate: delete from shift_assignments where id=?
2025-10-25T10:10:41.190+09:00 DEBUG 16416 --- [Shift Scheduler Demo] [           main] org.hibernate.SQL                        : delete from shift_assignments where id=?
Hibernate: delete from shift_assignments where id=?
2025-10-25T10:10:41.190+09:00 DEBUG 16416 --- [Shift Scheduler Demo] [           main] org.hibernate.SQL                        : delete from shift_assignments where id=?
Hibernate: delete from shift_assignments where id=?
2025-10-25T10:10:41.191+09:00 DEBUG 16416 --- [Shift Scheduler Demo] [           main] org.hibernate.SQL                        : delete from shift_assignments where id=?
Hibernate: delete from shift_assignments where id=?
2025-10-25T10:10:41.191+09:00 DEBUG 16416 --- [Shift Scheduler Demo] [           main] org.hibernate.SQL                        : delete from shift_assignments where id=?
Hibernate: delete from shift_assignments where id=?
2025-10-25T10:10:41.191+09:00 DEBUG 16416 --- [Shift Scheduler Demo] [           main] org.hibernate.SQL                        : delete from shift_assignments where id=?
Hibernate: delete from shift_assignments where id=?
2025-10-25T10:10:41.191+09:00 DEBUG 16416 --- [Shift Scheduler Demo] [           main] org.hibernate.SQL                        : delete from shift_assignments where id=?
Hibernate: delete from shift_assignments where id=?
2025-10-25T10:10:41.191+09:00 DEBUG 16416 --- [Shift Scheduler Demo] [           main] org.hibernate.SQL                        : delete from shift_assignments where id=?
Hibernate: delete from shift_assignments where id=?
2025-10-25T10:10:41.191+09:00 DEBUG 16416 --- [Shift Scheduler Demo] [           main] org.hibernate.SQL                        : delete from shift_assignments where id=?
Hibernate: delete from shift_assignments where id=?
2025-10-25T10:10:41.191+09:00 DEBUG 16416 --- [Shift Scheduler Demo] [           main] org.hibernate.SQL                        : delete from shift_assignments where id=?
Hibernate: delete from shift_assignments where id=?
2025-10-25T10:10:41.191+09:00 DEBUG 16416 --- [Shift Scheduler Demo] [           main] org.hibernate.SQL                        : delete from shift_assignments where id=?
Hibernate: delete from shift_assignments where id=?
2025-10-25T10:10:41.191+09:00 DEBUG 16416 --- [Shift Scheduler Demo] [           main] org.hibernate.SQL                        : delete from shift_assignments where id=?
Hibernate: delete from shift_assignments where id=?
2025-10-25T10:10:41.191+09:00 DEBUG 16416 --- [Shift Scheduler Demo] [           main] org.hibernate.SQL                        : delete from shift_assignments where id=?
Hibernate: delete from shift_assignments where id=?
2025-10-25T10:10:41.191+09:00 DEBUG 16416 --- [Shift Scheduler Demo] [           main] org.hibernate.SQL                        : delete from shift_assignments where id=?
Hibernate: delete from shift_assignments where id=?
2025-10-25T10:10:41.191+09:00 DEBUG 16416 --- [Shift Scheduler Demo] [           main] org.hibernate.SQL                        : delete from shift_assignments where id=?
Hibernate: delete from shift_assignments where id=?
2025-10-25T10:10:41.191+09:00 DEBUG 16416 --- [Shift Scheduler Demo] [           main] org.hibernate.SQL                        : delete from shift_assignments where id=?
Hibernate: delete from shift_assignments where id=?
2025-10-25T10:10:41.191+09:00 DEBUG 16416 --- [Shift Scheduler Demo] [           main] org.hibernate.SQL                        : delete from shift_assignments where id=?
Hibernate: delete from shift_assignments where id=?
2025-10-25T10:10:41.191+09:00 DEBUG 16416 --- [Shift Scheduler Demo] [           main] org.hibernate.SQL                        : delete from shift_assignments where id=?
Hibernate: delete from shift_assignments where id=?
2025-10-25T10:10:41.191+09:00 DEBUG 16416 --- [Shift Scheduler Demo] [           main] org.hibernate.SQL                        : delete from shift_assignments where id=?
Hibernate: delete from shift_assignments where id=?
2025-10-25T10:10:41.191+09:00 DEBUG 16416 --- [Shift Scheduler Demo] [           main] org.hibernate.SQL                        : delete from shift_assignments where id=?
Hibernate: delete from shift_assignments where id=?
2025-10-25T10:10:41.191+09:00 DEBUG 16416 --- [Shift Scheduler Demo] [           main] org.hibernate.SQL                        : delete from shift_assignments where id=?
Hibernate: delete from shift_assignments where id=?
2025-10-25T10:10:41.191+09:00 DEBUG 16416 --- [Shift Scheduler Demo] [           main] org.hibernate.SQL                        : delete from shift_assignments where id=?
Hibernate: delete from shift_assignments where id=?
2025-10-25T10:10:41.191+09:00 DEBUG 16416 --- [Shift Scheduler Demo] [           main] org.hibernate.SQL                        : delete from shift_assignments where id=?
Hibernate: delete from shift_assignments where id=?
2025-10-25T10:10:41.191+09:00 DEBUG 16416 --- [Shift Scheduler Demo] [           main] org.hibernate.SQL                        : delete from shift_assignments where id=?
Hibernate: delete from shift_assignments where id=?
2025-10-25T10:10:41.191+09:00 DEBUG 16416 --- [Shift Scheduler Demo] [           main] org.hibernate.SQL                        : delete from shift_assignments where id=?
Hibernate: delete from shift_assignments where id=?
2025-10-25T10:10:41.191+09:00 DEBUG 16416 --- [Shift Scheduler Demo] [           main] org.hibernate.SQL                        : delete from shift_assignments where id=?
Hibernate: delete from shift_assignments where id=?
2025-10-25T10:10:41.191+09:00 DEBUG 16416 --- [Shift Scheduler Demo] [           main] org.hibernate.SQL                        : delete from shift_assignments where id=?
Hibernate: delete from shift_assignments where id=?
2025-10-25T10:10:41.192+09:00 DEBUG 16416 --- [Shift Scheduler Demo] [           main] org.hibernate.SQL                        : delete from shift_assignments where id=?
Hibernate: delete from shift_assignments where id=?
2025-10-25T10:10:41.192+09:00 DEBUG 16416 --- [Shift Scheduler Demo] [           main] org.hibernate.SQL                        : delete from shift_assignments where id=?
Hibernate: delete from shift_assignments where id=?
2025-10-25T10:10:41.192+09:00 DEBUG 16416 --- [Shift Scheduler Demo] [           main] org.hibernate.SQL                        : delete from shift_assignments where id=?
Hibernate: delete from shift_assignments where id=?
2025-10-25T10:10:41.192+09:00 DEBUG 16416 --- [Shift Scheduler Demo] [           main] org.hibernate.SQL                        : delete from shift_assignments where id=?
Hibernate: delete from shift_assignments where id=?
2025-10-25T10:10:41.192+09:00 DEBUG 16416 --- [Shift Scheduler Demo] [           main] org.hibernate.SQL                        : delete from shift_assignments where id=?
Hibernate: delete from shift_assignments where id=?
2025-10-25T10:10:41.192+09:00 DEBUG 16416 --- [Shift Scheduler Demo] [           main] org.hibernate.SQL                        : delete from shift_assignments where id=?
Hibernate: delete from shift_assignments where id=?
2025-10-25T10:10:41.192+09:00 DEBUG 16416 --- [Shift Scheduler Demo] [           main] org.hibernate.SQL                        : delete from shift_assignments where id=?
Hibernate: delete from shift_assignments where id=?
2025-10-25T10:10:41.192+09:00 DEBUG 16416 --- [Shift Scheduler Demo] [           main] org.hibernate.SQL                        : delete from shift_assignments where id=?
Hibernate: delete from shift_assignments where id=?
2025-10-25T10:10:41.192+09:00 DEBUG 16416 --- [Shift Scheduler Demo] [           main] org.hibernate.SQL                        : delete from shift_assignments where id=?
Hibernate: delete from shift_assignments where id=?
2025-10-25T10:10:41.192+09:00 DEBUG 16416 --- [Shift Scheduler Demo] [           main] org.hibernate.SQL                        : delete from shift_assignments where id=?
Hibernate: delete from shift_assignments where id=?
2025-10-25T10:10:41.192+09:00 DEBUG 16416 --- [Shift Scheduler Demo] [           main] org.hibernate.SQL                        : delete from shift_assignments where id=?
Hibernate: delete from shift_assignments where id=?
2025-10-25T10:10:41.192+09:00 DEBUG 16416 --- [Shift Scheduler Demo] [           main] org.hibernate.SQL                        : delete from shift_assignments where id=?
Hibernate: delete from shift_assignments where id=?
2025-10-25T10:10:41.192+09:00 DEBUG 16416 --- [Shift Scheduler Demo] [           main] org.hibernate.SQL                        : delete from shift_assignments where id=?
Hibernate: delete from shift_assignments where id=?
2025-10-25T10:10:41.192+09:00 DEBUG 16416 --- [Shift Scheduler Demo] [           main] org.hibernate.SQL                        : delete from shift_assignments where id=?
Hibernate: delete from shift_assignments where id=?
2025-10-25T10:10:41.192+09:00 DEBUG 16416 --- [Shift Scheduler Demo] [           main] org.hibernate.SQL                        : delete from shift_assignments where id=?
Hibernate: delete from shift_assignments where id=?
2025-10-25T10:10:41.192+09:00 DEBUG 16416 --- [Shift Scheduler Demo] [           main] org.hibernate.SQL                        : delete from shift_assignments where id=?
Hibernate: delete from shift_assignments where id=?
2025-10-25T10:10:41.192+09:00 DEBUG 16416 --- [Shift Scheduler Demo] [           main] org.hibernate.SQL                        : delete from shift_assignments where id=?
Hibernate: delete from shift_assignments where id=?
2025-10-25T10:10:41.192+09:00 DEBUG 16416 --- [Shift Scheduler Demo] [           main] org.hibernate.SQL                        : delete from shift_assignments where id=?
Hibernate: delete from shift_assignments where id=?
2025-10-25T10:10:41.192+09:00 DEBUG 16416 --- [Shift Scheduler Demo] [           main] org.hibernate.SQL                        : delete from shift_assignments where id=?
Hibernate: delete from shift_assignments where id=?
2025-10-25T10:10:41.192+09:00 DEBUG 16416 --- [Shift Scheduler Demo] [           main] org.hibernate.SQL                        : delete from shift_assignments where id=?
Hibernate: delete from shift_assignments where id=?
2025-10-25T10:10:41.192+09:00 DEBUG 16416 --- [Shift Scheduler Demo] [           main] org.hibernate.SQL                        : delete from shift_assignments where id=?
Hibernate: delete from shift_assignments where id=?
2025-10-25T10:10:41.192+09:00 DEBUG 16416 --- [Shift Scheduler Demo] [           main] org.hibernate.SQL                        : delete from shift_assignments where id=?
Hibernate: delete from shift_assignments where id=?
2025-10-25T10:10:41.192+09:00 DEBUG 16416 --- [Shift Scheduler Demo] [           main] org.hibernate.SQL                        : delete from shift_assignments where id=?
Hibernate: delete from shift_assignments where id=?
2025-10-25T10:10:41.192+09:00 DEBUG 16416 --- [Shift Scheduler Demo] [           main] org.hibernate.SQL                        : delete from shift_assignments where id=?
Hibernate: delete from shift_assignments where id=?
2025-10-25T10:10:41.192+09:00 DEBUG 16416 --- [Shift Scheduler Demo] [           main] org.hibernate.SQL                        : delete from shift_assignments where id=?
Hibernate: delete from shift_assignments where id=?
2025-10-25T10:10:41.192+09:00 DEBUG 16416 --- [Shift Scheduler Demo] [           main] org.hibernate.SQL                        : delete from shift_assignments where id=?
Hibernate: delete from shift_assignments where id=?
2025-10-25T10:10:41.193+09:00 DEBUG 16416 --- [Shift Scheduler Demo] [           main] org.hibernate.SQL                        : delete from shift_assignments where id=?
Hibernate: delete from shift_assignments where id=?
2025-10-25T10:10:41.193+09:00 DEBUG 16416 --- [Shift Scheduler Demo] [           main] org.hibernate.SQL                        : delete from shift_assignments where id=?
Hibernate: delete from shift_assignments where id=?
2025-10-25T10:10:41.193+09:00 DEBUG 16416 --- [Shift Scheduler Demo] [           main] org.hibernate.SQL                        : delete from shift_assignments where id=?
Hibernate: delete from shift_assignments where id=?
2025-10-25T10:10:41.193+09:00 DEBUG 16416 --- [Shift Scheduler Demo] [           main] org.hibernate.SQL                        : delete from shift_assignments where id=?
Hibernate: delete from shift_assignments where id=?
2025-10-25T10:10:41.193+09:00 DEBUG 16416 --- [Shift Scheduler Demo] [           main] org.hibernate.SQL                        : delete from shift_assignments where id=?
Hibernate: delete from shift_assignments where id=?
2025-10-25T10:10:41.193+09:00 DEBUG 16416 --- [Shift Scheduler Demo] [           main] org.hibernate.SQL                        : delete from shift_assignments where id=?
Hibernate: delete from shift_assignments where id=?
2025-10-25T10:10:41.193+09:00 DEBUG 16416 --- [Shift Scheduler Demo] [           main] org.hibernate.SQL                        : delete from shift_assignments where id=?
Hibernate: delete from shift_assignments where id=?
2025-10-25T10:10:41.193+09:00 DEBUG 16416 --- [Shift Scheduler Demo] [           main] org.hibernate.SQL                        : delete from shift_assignments where id=?
Hibernate: delete from shift_assignments where id=?
2025-10-25T10:10:41.193+09:00 DEBUG 16416 --- [Shift Scheduler Demo] [           main] org.hibernate.SQL                        : delete from shift_assignments where id=?
Hibernate: delete from shift_assignments where id=?
2025-10-25T10:10:41.193+09:00 DEBUG 16416 --- [Shift Scheduler Demo] [           main] org.hibernate.SQL                        : delete from shift_assignments where id=?
Hibernate: delete from shift_assignments where id=?
2025-10-25T10:10:41.193+09:00 DEBUG 16416 --- [Shift Scheduler Demo] [           main] org.hibernate.SQL                        : delete from shift_assignments where id=?
Hibernate: delete from shift_assignments where id=?
2025-10-25T10:10:41.193+09:00 DEBUG 16416 --- [Shift Scheduler Demo] [           main] org.hibernate.SQL                        : delete from shift_assignments where id=?
Hibernate: delete from shift_assignments where id=?
2025-10-25T10:10:41.193+09:00 DEBUG 16416 --- [Shift Scheduler Demo] [           main] org.hibernate.SQL                        : delete from shift_assignments where id=?
Hibernate: delete from shift_assignments where id=?
2025-10-25T10:10:41.193+09:00 DEBUG 16416 --- [Shift Scheduler Demo] [           main] org.hibernate.SQL                        : delete from shift_assignments where id=?
Hibernate: delete from shift_assignments where id=?
2025-10-25T10:10:41.193+09:00 DEBUG 16416 --- [Shift Scheduler Demo] [           main] org.hibernate.SQL                        : delete from shift_assignments where id=?
Hibernate: delete from shift_assignments where id=?
2025-10-25T10:10:41.193+09:00 DEBUG 16416 --- [Shift Scheduler Demo] [           main] org.hibernate.SQL                        : delete from shift_assignments where id=?
Hibernate: delete from shift_assignments where id=?
2025-10-25T10:10:41.198+09:00 DEBUG 16416 --- [Shift Scheduler Demo] [           main] org.hibernate.SQL                        : delete from shift_assignments where id=?
Hibernate: delete from shift_assignments where id=?
2025-10-25T10:10:41.198+09:00 DEBUG 16416 --- [Shift Scheduler Demo] [           main] org.hibernate.SQL                        : delete from shift_assignments where id=?
Hibernate: delete from shift_assignments where id=?
2025-10-25T10:10:41.198+09:00 DEBUG 16416 --- [Shift Scheduler Demo] [           main] org.hibernate.SQL                        : delete from shift_assignments where id=?
Hibernate: delete from shift_assignments where id=?
2025-10-25T10:10:41.198+09:00 DEBUG 16416 --- [Shift Scheduler Demo] [           main] org.hibernate.SQL                        : delete from shift_assignments where id=?
Hibernate: delete from shift_assignments where id=?
2025-10-25T10:10:41.198+09:00 DEBUG 16416 --- [Shift Scheduler Demo] [           main] org.hibernate.SQL                        : delete from shift_assignments where id=?
Hibernate: delete from shift_assignments where id=?
2025-10-25T10:10:41.198+09:00 DEBUG 16416 --- [Shift Scheduler Demo] [           main] org.hibernate.SQL                        : delete from shift_assignments where id=?
Hibernate: delete from shift_assignments where id=?
2025-10-25T10:10:41.198+09:00 DEBUG 16416 --- [Shift Scheduler Demo] [           main] org.hibernate.SQL                        : delete from shift_assignments where id=?
Hibernate: delete from shift_assignments where id=?
2025-10-25T10:10:41.198+09:00 DEBUG 16416 --- [Shift Scheduler Demo] [           main] org.hibernate.SQL                        : delete from shift_assignments where id=?
Hibernate: delete from shift_assignments where id=?
2025-10-25T10:10:41.198+09:00 DEBUG 16416 --- [Shift Scheduler Demo] [           main] org.hibernate.SQL                        : delete from shift_assignments where id=?
Hibernate: delete from shift_assignments where id=?
2025-10-25T10:10:41.198+09:00 DEBUG 16416 --- [Shift Scheduler Demo] [           main] org.hibernate.SQL                        : delete from shift_assignments where id=?
Hibernate: delete from shift_assignments where id=?
2025-10-25T10:10:41.198+09:00 DEBUG 16416 --- [Shift Scheduler Demo] [           main] org.hibernate.SQL                        : delete from shift_assignments where id=?
Hibernate: delete from shift_assignments where id=?
2025-10-25T10:10:41.198+09:00 DEBUG 16416 --- [Shift Scheduler Demo] [           main] org.hibernate.SQL                        : delete from shift_assignments where id=?
Hibernate: delete from shift_assignments where id=?
2025-10-25T10:10:41.198+09:00 DEBUG 16416 --- [Shift Scheduler Demo] [           main] org.hibernate.SQL                        : delete from shift_assignments where id=?
Hibernate: delete from shift_assignments where id=?
2025-10-25T10:10:41.198+09:00 DEBUG 16416 --- [Shift Scheduler Demo] [           main] org.hibernate.SQL                        : delete from shift_assignments where id=?
Hibernate: delete from shift_assignments where id=?
2025-10-25T10:10:41.198+09:00 DEBUG 16416 --- [Shift Scheduler Demo] [           main] org.hibernate.SQL                        : delete from shift_assignments where id=?
Hibernate: delete from shift_assignments where id=?
2025-10-25T10:10:41.198+09:00 DEBUG 16416 --- [Shift Scheduler Demo] [           main] org.hibernate.SQL                        : delete from shift_assignments where id=?
Hibernate: delete from shift_assignments where id=?
2025-10-25T10:10:41.198+09:00 DEBUG 16416 --- [Shift Scheduler Demo] [           main] org.hibernate.SQL                        : delete from shift_assignments where id=?
Hibernate: delete from shift_assignments where id=?
2025-10-25T10:10:41.198+09:00 DEBUG 16416 --- [Shift Scheduler Demo] [           main] org.hibernate.SQL                        : delete from shift_assignments where id=?
Hibernate: delete from shift_assignments where id=?
2025-10-25T10:10:41.198+09:00 DEBUG 16416 --- [Shift Scheduler Demo] [           main] org.hibernate.SQL                        : delete from shift_assignments where id=?
Hibernate: delete from shift_assignments where id=?
2025-10-25T10:10:41.198+09:00 DEBUG 16416 --- [Shift Scheduler Demo] [           main] org.hibernate.SQL                        : delete from shift_assignments where id=?
Hibernate: delete from shift_assignments where id=?
2025-10-25T10:10:41.198+09:00 DEBUG 16416 --- [Shift Scheduler Demo] [           main] org.hibernate.SQL                        : delete from shift_assignments where id=?
Hibernate: delete from shift_assignments where id=?
2025-10-25T10:10:41.198+09:00 DEBUG 16416 --- [Shift Scheduler Demo] [           main] org.hibernate.SQL                        : delete from shift_assignments where id=?
Hibernate: delete from shift_assignments where id=?
2025-10-25T10:10:41.198+09:00 DEBUG 16416 --- [Shift Scheduler Demo] [           main] org.hibernate.SQL                        : delete from shift_assignments where id=?
Hibernate: delete from shift_assignments where id=?
2025-10-25T10:10:41.198+09:00 DEBUG 16416 --- [Shift Scheduler Demo] [           main] org.hibernate.SQL                        : delete from shift_assignments where id=?
Hibernate: delete from shift_assignments where id=?
2025-10-25T10:10:41.198+09:00 DEBUG 16416 --- [Shift Scheduler Demo] [           main] org.hibernate.SQL                        : delete from shift_assignments where id=?
Hibernate: delete from shift_assignments where id=?
2025-10-25T10:10:41.198+09:00 DEBUG 16416 --- [Shift Scheduler Demo] [           main] org.hibernate.SQL                        : delete from shift_assignments where id=?
Hibernate: delete from shift_assignments where id=?
2025-10-25T10:10:41.198+09:00 DEBUG 16416 --- [Shift Scheduler Demo] [           main] org.hibernate.SQL                        : delete from shift_assignments where id=?
Hibernate: delete from shift_assignments where id=?
2025-10-25T10:10:41.198+09:00 DEBUG 16416 --- [Shift Scheduler Demo] [           main] org.hibernate.SQL                        : delete from shift_assignments where id=?
Hibernate: delete from shift_assignments where id=?
2025-10-25T10:10:41.198+09:00 DEBUG 16416 --- [Shift Scheduler Demo] [           main] org.hibernate.SQL                        : delete from shift_assignments where id=?
Hibernate: delete from shift_assignments where id=?
2025-10-25T10:10:41.198+09:00 DEBUG 16416 --- [Shift Scheduler Demo] [           main] org.hibernate.SQL                        : delete from shift_assignments where id=?
Hibernate: delete from shift_assignments where id=?
2025-10-25T10:10:41.198+09:00 DEBUG 16416 --- [Shift Scheduler Demo] [           main] org.hibernate.SQL                        : delete from shift_assignments where id=?
Hibernate: delete from shift_assignments where id=?
2025-10-25T10:10:41.198+09:00 DEBUG 16416 --- [Shift Scheduler Demo] [           main] org.hibernate.SQL                        : delete from shift_assignments where id=?
Hibernate: delete from shift_assignments where id=?
2025-10-25T10:10:41.198+09:00 DEBUG 16416 --- [Shift Scheduler Demo] [           main] org.hibernate.SQL                        : delete from shift_assignments where id=?
Hibernate: delete from shift_assignments where id=?
2025-10-25T10:10:41.198+09:00 DEBUG 16416 --- [Shift Scheduler Demo] [           main] org.hibernate.SQL                        : delete from shift_assignments where id=?
Hibernate: delete from shift_assignments where id=?
2025-10-25T10:10:41.198+09:00 DEBUG 16416 --- [Shift Scheduler Demo] [           main] org.hibernate.SQL                        : delete from shift_assignments where id=?
Hibernate: delete from shift_assignments where id=?
2025-10-25T10:10:41.198+09:00 DEBUG 16416 --- [Shift Scheduler Demo] [           main] org.hibernate.SQL                        : delete from shift_assignments where id=?
Hibernate: delete from shift_assignments where id=?
2025-10-25T10:10:41.199+09:00 DEBUG 16416 --- [Shift Scheduler Demo] [           main] org.hibernate.SQL                        : delete from shift_assignments where id=?
Hibernate: delete from shift_assignments where id=?
2025-10-25T10:10:41.199+09:00 DEBUG 16416 --- [Shift Scheduler Demo] [           main] org.hibernate.SQL                        : delete from shift_assignments where id=?
Hibernate: delete from shift_assignments where id=?
2025-10-25T10:10:41.199+09:00 DEBUG 16416 --- [Shift Scheduler Demo] [           main] org.hibernate.SQL                        : delete from shift_assignments where id=?
Hibernate: delete from shift_assignments where id=?
2025-10-25T10:10:41.199+09:00 DEBUG 16416 --- [Shift Scheduler Demo] [           main] org.hibernate.SQL                        : delete from shift_assignments where id=?
Hibernate: delete from shift_assignments where id=?
2025-10-25T10:10:41.199+09:00 DEBUG 16416 --- [Shift Scheduler Demo] [           main] org.hibernate.SQL                        : delete from shift_assignments where id=?
Hibernate: delete from shift_assignments where id=?
2025-10-25T10:10:41.199+09:00 DEBUG 16416 --- [Shift Scheduler Demo] [           main] org.hibernate.SQL                        : delete from shift_assignments where id=?
Hibernate: delete from shift_assignments where id=?
2025-10-25T10:10:41.199+09:00 DEBUG 16416 --- [Shift Scheduler Demo] [           main] org.hibernate.SQL                        : delete from shift_assignments where id=?
Hibernate: delete from shift_assignments where id=?
2025-10-25T10:10:41.199+09:00 DEBUG 16416 --- [Shift Scheduler Demo] [           main] org.hibernate.SQL                        : delete from shift_assignments where id=?
Hibernate: delete from shift_assignments where id=?
2025-10-25T10:10:41.199+09:00 DEBUG 16416 --- [Shift Scheduler Demo] [           main] org.hibernate.SQL                        : delete from shift_assignments where id=?
Hibernate: delete from shift_assignments where id=?
2025-10-25T10:10:41.199+09:00 DEBUG 16416 --- [Shift Scheduler Demo] [           main] org.hibernate.SQL                        : delete from shift_assignments where id=?
Hibernate: delete from shift_assignments where id=?
2025-10-25T10:10:41.199+09:00 DEBUG 16416 --- [Shift Scheduler Demo] [           main] org.hibernate.SQL                        : delete from shift_assignments where id=?
Hibernate: delete from shift_assignments where id=?
2025-10-25T10:10:41.199+09:00 DEBUG 16416 --- [Shift Scheduler Demo] [           main] org.hibernate.SQL                        : delete from shift_assignments where id=?
Hibernate: delete from shift_assignments where id=?
2025-10-25T10:10:41.199+09:00 DEBUG 16416 --- [Shift Scheduler Demo] [           main] org.hibernate.SQL                        : delete from shift_assignments where id=?
Hibernate: delete from shift_assignments where id=?
2025-10-25T10:10:41.199+09:00 DEBUG 16416 --- [Shift Scheduler Demo] [           main] org.hibernate.SQL                        : delete from shift_assignments where id=?
Hibernate: delete from shift_assignments where id=?
2025-10-25T10:10:41.199+09:00 DEBUG 16416 --- [Shift Scheduler Demo] [           main] org.hibernate.SQL                        : delete from shift_assignments where id=?
Hibernate: delete from shift_assignments where id=?
2025-10-25T10:10:41.199+09:00 DEBUG 16416 --- [Shift Scheduler Demo] [           main] org.hibernate.SQL                        : delete from shift_assignments where id=?
Hibernate: delete from shift_assignments where id=?
2025-10-25T10:10:41.199+09:00 DEBUG 16416 --- [Shift Scheduler Demo] [           main] org.hibernate.SQL                        : delete from shift_assignments where id=?
Hibernate: delete from shift_assignments where id=?
2025-10-25T10:10:41.199+09:00 DEBUG 16416 --- [Shift Scheduler Demo] [           main] org.hibernate.SQL                        : delete from shift_assignments where id=?
Hibernate: delete from shift_assignments where id=?
2025-10-25T10:10:41.199+09:00 DEBUG 16416 --- [Shift Scheduler Demo] [           main] org.hibernate.SQL                        : delete from shift_assignments where id=?
Hibernate: delete from shift_assignments where id=?
2025-10-25T10:10:41.199+09:00 DEBUG 16416 --- [Shift Scheduler Demo] [           main] org.hibernate.SQL                        : delete from shift_assignments where id=?
Hibernate: delete from shift_assignments where id=?
2025-10-25T10:10:41.199+09:00 DEBUG 16416 --- [Shift Scheduler Demo] [           main] org.hibernate.SQL                        : delete from shift_assignments where id=?
Hibernate: delete from shift_assignments where id=?
2025-10-25T10:10:41.199+09:00 DEBUG 16416 --- [Shift Scheduler Demo] [           main] org.hibernate.SQL                        : delete from shift_assignments where id=?
Hibernate: delete from shift_assignments where id=?
2025-10-25T10:10:41.199+09:00 DEBUG 16416 --- [Shift Scheduler Demo] [           main] org.hibernate.SQL                        : delete from shift_assignments where id=?
Hibernate: delete from shift_assignments where id=?
2025-10-25T10:10:41.199+09:00 DEBUG 16416 --- [Shift Scheduler Demo] [           main] org.hibernate.SQL                        : delete from shift_assignments where id=?
Hibernate: delete from shift_assignments where id=?
2025-10-25T10:10:41.199+09:00 DEBUG 16416 --- [Shift Scheduler Demo] [           main] org.hibernate.SQL                        : delete from shift_assignments where id=?
Hibernate: delete from shift_assignments where id=?
2025-10-25T10:10:41.199+09:00 DEBUG 16416 --- [Shift Scheduler Demo] [           main] org.hibernate.SQL                        : delete from shift_assignments where id=?
Hibernate: delete from shift_assignments where id=?
2025-10-25T10:10:41.199+09:00 DEBUG 16416 --- [Shift Scheduler Demo] [           main] org.hibernate.SQL                        : delete from shift_assignments where id=?
Hibernate: delete from shift_assignments where id=?
2025-10-25T10:10:41.199+09:00 DEBUG 16416 --- [Shift Scheduler Demo] [           main] org.hibernate.SQL                        : delete from shift_assignments where id=?
Hibernate: delete from shift_assignments where id=?
2025-10-25T10:10:41.199+09:00 DEBUG 16416 --- [Shift Scheduler Demo] [           main] org.hibernate.SQL                        : delete from shift_assignments where id=?
Hibernate: delete from shift_assignments where id=?
2025-10-25T10:10:41.199+09:00 DEBUG 16416 --- [Shift Scheduler Demo] [           main] org.hibernate.SQL                        : delete from shift_assignments where id=?
Hibernate: delete from shift_assignments where id=?
2025-10-25T10:10:41.199+09:00 DEBUG 16416 --- [Shift Scheduler Demo] [           main] org.hibernate.SQL                        : delete from shift_assignments where id=?
Hibernate: delete from shift_assignments where id=?
2025-10-25T10:10:41.199+09:00 DEBUG 16416 --- [Shift Scheduler Demo] [           main] org.hibernate.SQL                        : delete from shift_assignments where id=?
Hibernate: delete from shift_assignments where id=?
2025-10-25T10:10:41.199+09:00 DEBUG 16416 --- [Shift Scheduler Demo] [           main] org.hibernate.SQL                        : delete from shift_assignments where id=?
Hibernate: delete from shift_assignments where id=?
2025-10-25T10:10:41.199+09:00 DEBUG 16416 --- [Shift Scheduler Demo] [           main] org.hibernate.SQL                        : delete from shift_assignments where id=?
Hibernate: delete from shift_assignments where id=?
2025-10-25T10:10:41.199+09:00 DEBUG 16416 --- [Shift Scheduler Demo] [           main] org.hibernate.SQL                        : delete from shift_assignments where id=?
Hibernate: delete from shift_assignments where id=?
2025-10-25T10:10:41.199+09:00 DEBUG 16416 --- [Shift Scheduler Demo] [           main] org.hibernate.SQL                        : delete from shift_assignments where id=?
Hibernate: delete from shift_assignments where id=?
2025-10-25T10:10:41.199+09:00 DEBUG 16416 --- [Shift Scheduler Demo] [           main] org.hibernate.SQL                        : delete from shift_assignments where id=?
Hibernate: delete from shift_assignments where id=?
2025-10-25T10:10:41.199+09:00 DEBUG 16416 --- [Shift Scheduler Demo] [           main] org.hibernate.SQL                        : delete from shift_assignments where id=?
Hibernate: delete from shift_assignments where id=?
2025-10-25T10:10:41.199+09:00 DEBUG 16416 --- [Shift Scheduler Demo] [           main] org.hibernate.SQL                        : delete from shift_assignments where id=?
Hibernate: delete from shift_assignments where id=?
2025-10-25T10:10:41.199+09:00 DEBUG 16416 --- [Shift Scheduler Demo] [           main] org.hibernate.SQL                        : delete from shift_assignments where id=?
Hibernate: delete from shift_assignments where id=?
2025-10-25T10:10:41.199+09:00 DEBUG 16416 --- [Shift Scheduler Demo] [           main] org.hibernate.SQL                        : delete from shift_assignments where id=?
Hibernate: delete from shift_assignments where id=?
2025-10-25T10:10:41.199+09:00 DEBUG 16416 --- [Shift Scheduler Demo] [           main] org.hibernate.SQL                        : delete from shift_assignments where id=?
Hibernate: delete from shift_assignments where id=?
2025-10-25T10:10:41.199+09:00 DEBUG 16416 --- [Shift Scheduler Demo] [           main] org.hibernate.SQL                        : delete from shift_assignments where id=?
Hibernate: delete from shift_assignments where id=?
2025-10-25T10:10:41.199+09:00 DEBUG 16416 --- [Shift Scheduler Demo] [           main] org.hibernate.SQL                        : delete from shift_assignments where id=?
Hibernate: delete from shift_assignments where id=?
2025-10-25T10:10:41.199+09:00 DEBUG 16416 --- [Shift Scheduler Demo] [           main] org.hibernate.SQL                        : delete from shift_assignments where id=?
Hibernate: delete from shift_assignments where id=?
2025-10-25T10:10:41.199+09:00 DEBUG 16416 --- [Shift Scheduler Demo] [           main] org.hibernate.SQL                        : delete from shift_assignments where id=?
Hibernate: delete from shift_assignments where id=?
2025-10-25T10:10:41.199+09:00 DEBUG 16416 --- [Shift Scheduler Demo] [           main] org.hibernate.SQL                        : delete from shift_assignments where id=?
Hibernate: delete from shift_assignments where id=?
2025-10-25T10:10:41.199+09:00 DEBUG 16416 --- [Shift Scheduler Demo] [           main] org.hibernate.SQL                        : delete from shift_assignments where id=?
Hibernate: delete from shift_assignments where id=?
2025-10-25T10:10:41.200+09:00 DEBUG 16416 --- [Shift Scheduler Demo] [           main] org.hibernate.SQL                        : delete from shift_assignments where id=?
Hibernate: delete from shift_assignments where id=?
2025-10-25T10:10:41.200+09:00 DEBUG 16416 --- [Shift Scheduler Demo] [           main] org.hibernate.SQL                        : delete from shift_assignments where id=?
Hibernate: delete from shift_assignments where id=?
2025-10-25T10:10:41.200+09:00 DEBUG 16416 --- [Shift Scheduler Demo] [           main] org.hibernate.SQL                        : delete from shift_assignments where id=?
Hibernate: delete from shift_assignments where id=?
2025-10-25T10:10:41.200+09:00 DEBUG 16416 --- [Shift Scheduler Demo] [           main] org.hibernate.SQL                        : delete from shift_assignments where id=?
Hibernate: delete from shift_assignments where id=?
2025-10-25T10:10:41.200+09:00 DEBUG 16416 --- [Shift Scheduler Demo] [           main] org.hibernate.SQL                        : delete from shift_assignments where id=?
Hibernate: delete from shift_assignments where id=?
2025-10-25T10:10:41.200+09:00 DEBUG 16416 --- [Shift Scheduler Demo] [           main] org.hibernate.SQL                        : delete from shift_assignments where id=?
Hibernate: delete from shift_assignments where id=?
2025-10-25T10:10:41.200+09:00 DEBUG 16416 --- [Shift Scheduler Demo] [           main] org.hibernate.SQL                        : delete from shift_assignments where id=?
Hibernate: delete from shift_assignments where id=?
2025-10-25T10:10:41.200+09:00 DEBUG 16416 --- [Shift Scheduler Demo] [           main] org.hibernate.SQL                        : delete from shift_assignments where id=?
Hibernate: delete from shift_assignments where id=?
2025-10-25T10:10:41.200+09:00 DEBUG 16416 --- [Shift Scheduler Demo] [           main] org.hibernate.SQL                        : delete from shift_assignments where id=?
Hibernate: delete from shift_assignments where id=?
2025-10-25T10:10:41.200+09:00 DEBUG 16416 --- [Shift Scheduler Demo] [           main] org.hibernate.SQL                        : delete from shift_assignments where id=?
Hibernate: delete from shift_assignments where id=?
2025-10-25T10:10:41.200+09:00 DEBUG 16416 --- [Shift Scheduler Demo] [           main] org.hibernate.SQL                        : delete from shift_assignments where id=?
Hibernate: delete from shift_assignments where id=?
2025-10-25T10:10:41.200+09:00 DEBUG 16416 --- [Shift Scheduler Demo] [           main] org.hibernate.SQL                        : delete from shift_assignments where id=?
Hibernate: delete from shift_assignments where id=?
2025-10-25T10:10:41.200+09:00 DEBUG 16416 --- [Shift Scheduler Demo] [           main] org.hibernate.SQL                        : delete from shift_assignments where id=?
Hibernate: delete from shift_assignments where id=?
2025-10-25T10:10:41.200+09:00 DEBUG 16416 --- [Shift Scheduler Demo] [           main] org.hibernate.SQL                        : delete from shift_assignments where id=?
Hibernate: delete from shift_assignments where id=?
2025-10-25T10:10:41.200+09:00 DEBUG 16416 --- [Shift Scheduler Demo] [           main] org.hibernate.SQL                        : delete from shift_assignments where id=?
Hibernate: delete from shift_assignments where id=?
2025-10-25T10:10:41.200+09:00 DEBUG 16416 --- [Shift Scheduler Demo] [           main] org.hibernate.SQL                        : delete from shift_assignments where id=?
Hibernate: delete from shift_assignments where id=?
2025-10-25T10:10:41.200+09:00 DEBUG 16416 --- [Shift Scheduler Demo] [           main] org.hibernate.SQL                        : delete from shift_assignments where id=?
Hibernate: delete from shift_assignments where id=?
2025-10-25T10:10:41.200+09:00 DEBUG 16416 --- [Shift Scheduler Demo] [           main] org.hibernate.SQL                        : delete from shift_assignments where id=?
Hibernate: delete from shift_assignments where id=?
2025-10-25T10:10:41.200+09:00 DEBUG 16416 --- [Shift Scheduler Demo] [           main] org.hibernate.SQL                        : delete from shift_assignments where id=?
Hibernate: delete from shift_assignments where id=?
2025-10-25T10:10:41.200+09:00 DEBUG 16416 --- [Shift Scheduler Demo] [           main] org.hibernate.SQL                        : delete from shift_assignments where id=?
Hibernate: delete from shift_assignments where id=?
2025-10-25T10:10:41.200+09:00 DEBUG 16416 --- [Shift Scheduler Demo] [           main] org.hibernate.SQL                        : delete from shift_assignments where id=?
Hibernate: delete from shift_assignments where id=?
2025-10-25T10:10:41.200+09:00 DEBUG 16416 --- [Shift Scheduler Demo] [           main] org.hibernate.SQL                        : delete from shift_assignments where id=?
Hibernate: delete from shift_assignments where id=?
2025-10-25T10:10:41.200+09:00 DEBUG 16416 --- [Shift Scheduler Demo] [           main] org.hibernate.SQL                        : delete from shift_assignments where id=?
Hibernate: delete from shift_assignments where id=?
2025-10-25T10:10:41.201+09:00 DEBUG 16416 --- [Shift Scheduler Demo] [           main] org.hibernate.SQL                        : delete from shift_assignments where id=?
Hibernate: delete from shift_assignments where id=?
2025-10-25T10:10:41.201+09:00 DEBUG 16416 --- [Shift Scheduler Demo] [           main] org.hibernate.SQL                        : delete from shift_assignments where id=?
Hibernate: delete from shift_assignments where id=?
2025-10-25T10:10:41.201+09:00 DEBUG 16416 --- [Shift Scheduler Demo] [           main] org.hibernate.SQL                        : delete from shift_assignments where id=?
Hibernate: delete from shift_assignments where id=?
2025-10-25T10:10:41.201+09:00 DEBUG 16416 --- [Shift Scheduler Demo] [           main] org.hibernate.SQL                        : delete from shift_assignments where id=?
Hibernate: delete from shift_assignments where id=?
2025-10-25T10:10:41.201+09:00 DEBUG 16416 --- [Shift Scheduler Demo] [           main] org.hibernate.SQL                        : delete from shift_assignments where id=?
Hibernate: delete from shift_assignments where id=?
2025-10-25T10:10:41.201+09:00 DEBUG 16416 --- [Shift Scheduler Demo] [           main] org.hibernate.SQL                        : delete from shift_assignments where id=?
Hibernate: delete from shift_assignments where id=?
2025-10-25T10:10:41.201+09:00 DEBUG 16416 --- [Shift Scheduler Demo] [           main] org.hibernate.SQL                        : delete from shift_assignments where id=?
Hibernate: delete from shift_assignments where id=?
2025-10-25T10:10:41.201+09:00 DEBUG 16416 --- [Shift Scheduler Demo] [           main] org.hibernate.SQL                        : delete from shift_assignments where id=?
Hibernate: delete from shift_assignments where id=?
2025-10-25T10:10:41.201+09:00 DEBUG 16416 --- [Shift Scheduler Demo] [           main] org.hibernate.SQL                        : delete from shift_assignments where id=?
Hibernate: delete from shift_assignments where id=?
2025-10-25T10:10:41.201+09:00 DEBUG 16416 --- [Shift Scheduler Demo] [           main] org.hibernate.SQL                        : delete from shift_assignments where id=?
Hibernate: delete from shift_assignments where id=?
2025-10-25T10:10:41.201+09:00 DEBUG 16416 --- [Shift Scheduler Demo] [           main] org.hibernate.SQL                        : delete from shift_assignments where id=?
Hibernate: delete from shift_assignments where id=?
2025-10-25T10:10:41.201+09:00 DEBUG 16416 --- [Shift Scheduler Demo] [           main] org.hibernate.SQL                        : delete from shift_assignments where id=?
Hibernate: delete from shift_assignments where id=?
2025-10-25T10:10:41.201+09:00 DEBUG 16416 --- [Shift Scheduler Demo] [           main] org.hibernate.SQL                        : delete from shift_assignments where id=?
Hibernate: delete from shift_assignments where id=?
2025-10-25T10:10:41.201+09:00 DEBUG 16416 --- [Shift Scheduler Demo] [           main] org.hibernate.SQL                        : delete from shift_assignments where id=?
Hibernate: delete from shift_assignments where id=?
2025-10-25T10:10:41.201+09:00 DEBUG 16416 --- [Shift Scheduler Demo] [           main] org.hibernate.SQL                        : delete from shift_assignments where id=?
Hibernate: delete from shift_assignments where id=?
2025-10-25T10:10:41.201+09:00 DEBUG 16416 --- [Shift Scheduler Demo] [           main] org.hibernate.SQL                        : delete from shift_assignments where id=?
Hibernate: delete from shift_assignments where id=?
2025-10-25T10:10:41.201+09:00 DEBUG 16416 --- [Shift Scheduler Demo] [           main] org.hibernate.SQL                        : delete from shift_assignments where id=?
Hibernate: delete from shift_assignments where id=?
2025-10-25T10:10:41.201+09:00 DEBUG 16416 --- [Shift Scheduler Demo] [           main] org.hibernate.SQL                        : delete from shift_assignments where id=?
Hibernate: delete from shift_assignments where id=?
2025-10-25T10:10:41.201+09:00 DEBUG 16416 --- [Shift Scheduler Demo] [           main] org.hibernate.SQL                        : delete from shift_assignments where id=?
Hibernate: delete from shift_assignments where id=?
2025-10-25T10:10:41.201+09:00 DEBUG 16416 --- [Shift Scheduler Demo] [           main] org.hibernate.SQL                        : delete from shift_assignments where id=?
Hibernate: delete from shift_assignments where id=?
2025-10-25T10:10:41.201+09:00 DEBUG 16416 --- [Shift Scheduler Demo] [           main] org.hibernate.SQL                        : delete from shift_assignments where id=?
Hibernate: delete from shift_assignments where id=?
2025-10-25T10:10:41.201+09:00 DEBUG 16416 --- [Shift Scheduler Demo] [           main] org.hibernate.SQL                        : delete from shift_assignments where id=?
Hibernate: delete from shift_assignments where id=?
2025-10-25T10:10:41.201+09:00 DEBUG 16416 --- [Shift Scheduler Demo] [           main] org.hibernate.SQL                        : delete from shift_assignments where id=?
Hibernate: delete from shift_assignments where id=?
2025-10-25T10:10:41.201+09:00 DEBUG 16416 --- [Shift Scheduler Demo] [           main] org.hibernate.SQL                        : delete from shift_assignments where id=?
Hibernate: delete from shift_assignments where id=?
2025-10-25T10:10:41.201+09:00 DEBUG 16416 --- [Shift Scheduler Demo] [           main] org.hibernate.SQL                        : delete from shift_assignments where id=?
Hibernate: delete from shift_assignments where id=?
2025-10-25T10:10:41.201+09:00 DEBUG 16416 --- [Shift Scheduler Demo] [           main] org.hibernate.SQL                        : delete from shift_assignments where id=?
Hibernate: delete from shift_assignments where id=?
2025-10-25T10:10:41.201+09:00 DEBUG 16416 --- [Shift Scheduler Demo] [           main] org.hibernate.SQL                        : delete from shift_assignments where id=?
Hibernate: delete from shift_assignments where id=?
2025-10-25T10:10:41.201+09:00 DEBUG 16416 --- [Shift Scheduler Demo] [           main] org.hibernate.SQL                        : delete from shift_assignments where id=?
Hibernate: delete from shift_assignments where id=?
2025-10-25T10:10:41.201+09:00 DEBUG 16416 --- [Shift Scheduler Demo] [           main] org.hibernate.SQL                        : delete from shift_assignments where id=?
Hibernate: delete from shift_assignments where id=?
2025-10-25T10:10:41.201+09:00 DEBUG 16416 --- [Shift Scheduler Demo] [           main] org.hibernate.SQL                        : delete from shift_assignments where id=?
Hibernate: delete from shift_assignments where id=?
2025-10-25T10:10:41.201+09:00 DEBUG 16416 --- [Shift Scheduler Demo] [           main] org.hibernate.SQL                        : delete from shift_assignments where id=?
Hibernate: delete from shift_assignments where id=?
2025-10-25T10:10:41.201+09:00 DEBUG 16416 --- [Shift Scheduler Demo] [           main] org.hibernate.SQL                        : delete from shift_assignments where id=?
Hibernate: delete from shift_assignments where id=?
2025-10-25T10:10:41.201+09:00 DEBUG 16416 --- [Shift Scheduler Demo] [           main] org.hibernate.SQL                        : delete from shift_assignments where id=?
Hibernate: delete from shift_assignments where id=?
2025-10-25T10:10:41.201+09:00 DEBUG 16416 --- [Shift Scheduler Demo] [           main] org.hibernate.SQL                        : delete from shift_assignments where id=?
Hibernate: delete from shift_assignments where id=?
2025-10-25T10:10:41.201+09:00 DEBUG 16416 --- [Shift Scheduler Demo] [           main] org.hibernate.SQL                        : delete from shift_assignments where id=?
Hibernate: delete from shift_assignments where id=?
2025-10-25T10:10:41.202+09:00 DEBUG 16416 --- [Shift Scheduler Demo] [           main] org.hibernate.SQL                        : delete from shift_assignments where id=?
Hibernate: delete from shift_assignments where id=?
2025-10-25T10:10:41.202+09:00 DEBUG 16416 --- [Shift Scheduler Demo] [           main] org.hibernate.SQL                        : delete from shift_assignments where id=?
Hibernate: delete from shift_assignments where id=?
2025-10-25T10:10:41.202+09:00 DEBUG 16416 --- [Shift Scheduler Demo] [           main] org.hibernate.SQL                        : delete from shift_assignments where id=?
Hibernate: delete from shift_assignments where id=?
2025-10-25T10:10:41.202+09:00 DEBUG 16416 --- [Shift Scheduler Demo] [           main] org.hibernate.SQL                        : delete from shift_assignments where id=?
Hibernate: delete from shift_assignments where id=?
2025-10-25T10:10:41.202+09:00 DEBUG 16416 --- [Shift Scheduler Demo] [           main] org.hibernate.SQL                        : delete from shift_assignments where id=?
Hibernate: delete from shift_assignments where id=?
2025-10-25T10:10:41.202+09:00 DEBUG 16416 --- [Shift Scheduler Demo] [           main] org.hibernate.SQL                        : delete from shift_assignments where id=?
Hibernate: delete from shift_assignments where id=?
2025-10-25T10:10:41.202+09:00 DEBUG 16416 --- [Shift Scheduler Demo] [           main] org.hibernate.SQL                        : delete from shift_assignments where id=?
Hibernate: delete from shift_assignments where id=?
2025-10-25T10:10:41.202+09:00 DEBUG 16416 --- [Shift Scheduler Demo] [           main] org.hibernate.SQL                        : delete from shift_assignments where id=?
Hibernate: delete from shift_assignments where id=?
2025-10-25T10:10:41.202+09:00 DEBUG 16416 --- [Shift Scheduler Demo] [           main] org.hibernate.SQL                        : delete from shift_assignments where id=?
Hibernate: delete from shift_assignments where id=?
2025-10-25T10:10:41.202+09:00 DEBUG 16416 --- [Shift Scheduler Demo] [           main] org.hibernate.SQL                        : delete from shift_assignments where id=?
Hibernate: delete from shift_assignments where id=?
2025-10-25T10:10:41.202+09:00 DEBUG 16416 --- [Shift Scheduler Demo] [           main] org.hibernate.SQL                        : delete from shift_assignments where id=?
Hibernate: delete from shift_assignments where id=?
2025-10-25T10:10:41.202+09:00 DEBUG 16416 --- [Shift Scheduler Demo] [           main] org.hibernate.SQL                        : delete from shift_assignments where id=?
Hibernate: delete from shift_assignments where id=?
2025-10-25T10:10:41.202+09:00 DEBUG 16416 --- [Shift Scheduler Demo] [           main] org.hibernate.SQL                        : delete from shift_assignments where id=?
Hibernate: delete from shift_assignments where id=?
2025-10-25T10:10:41.202+09:00 DEBUG 16416 --- [Shift Scheduler Demo] [           main] org.hibernate.SQL                        : delete from shift_assignments where id=?
Hibernate: delete from shift_assignments where id=?
2025-10-25T10:10:41.202+09:00 DEBUG 16416 --- [Shift Scheduler Demo] [           main] org.hibernate.SQL                        : delete from shift_assignments where id=?
Hibernate: delete from shift_assignments where id=?
2025-10-25T10:10:41.202+09:00 DEBUG 16416 --- [Shift Scheduler Demo] [           main] org.hibernate.SQL                        : delete from shift_assignments where id=?
Hibernate: delete from shift_assignments where id=?
2025-10-25T10:10:41.202+09:00 DEBUG 16416 --- [Shift Scheduler Demo] [           main] org.hibernate.SQL                        : delete from shift_assignments where id=?
Hibernate: delete from shift_assignments where id=?
2025-10-25T10:10:41.202+09:00 DEBUG 16416 --- [Shift Scheduler Demo] [           main] org.hibernate.SQL                        : delete from shift_assignments where id=?
Hibernate: delete from shift_assignments where id=?
2025-10-25T10:10:41.202+09:00 DEBUG 16416 --- [Shift Scheduler Demo] [           main] org.hibernate.SQL                        : delete from shift_assignments where id=?
Hibernate: delete from shift_assignments where id=?
2025-10-25T10:10:41.202+09:00 DEBUG 16416 --- [Shift Scheduler Demo] [           main] org.hibernate.SQL                        : delete from shift_assignments where id=?
Hibernate: delete from shift_assignments where id=?
2025-10-25T10:10:41.202+09:00 DEBUG 16416 --- [Shift Scheduler Demo] [           main] org.hibernate.SQL                        : delete from shift_assignments where id=?
Hibernate: delete from shift_assignments where id=?
2025-10-25T10:10:41.202+09:00 DEBUG 16416 --- [Shift Scheduler Demo] [           main] org.hibernate.SQL                        : delete from shift_assignments where id=?
Hibernate: delete from shift_assignments where id=?
2025-10-25T10:10:41.202+09:00 DEBUG 16416 --- [Shift Scheduler Demo] [           main] org.hibernate.SQL                        : delete from shift_assignments where id=?
Hibernate: delete from shift_assignments where id=?
2025-10-25T10:10:41.202+09:00 DEBUG 16416 --- [Shift Scheduler Demo] [           main] org.hibernate.SQL                        : delete from shift_assignments where id=?
Hibernate: delete from shift_assignments where id=?
2025-10-25T10:10:41.202+09:00 DEBUG 16416 --- [Shift Scheduler Demo] [           main] org.hibernate.SQL                        : delete from shift_assignments where id=?
Hibernate: delete from shift_assignments where id=?
2025-10-25T10:10:41.203+09:00 DEBUG 16416 --- [Shift Scheduler Demo] [           main] org.hibernate.SQL                        : delete from shift_assignments where id=?
Hibernate: delete from shift_assignments where id=?
2025-10-25T10:10:41.203+09:00 DEBUG 16416 --- [Shift Scheduler Demo] [           main] org.hibernate.SQL                        : delete from shift_assignments where id=?
Hibernate: delete from shift_assignments where id=?
2025-10-25T10:10:41.203+09:00 DEBUG 16416 --- [Shift Scheduler Demo] [           main] org.hibernate.SQL                        : delete from shift_assignments where id=?
Hibernate: delete from shift_assignments where id=?
2025-10-25T10:10:41.203+09:00 DEBUG 16416 --- [Shift Scheduler Demo] [           main] org.hibernate.SQL                        : delete from shift_assignments where id=?
Hibernate: delete from shift_assignments where id=?
2025-10-25T10:10:41.203+09:00 DEBUG 16416 --- [Shift Scheduler Demo] [           main] org.hibernate.SQL                        : delete from shift_assignments where id=?
Hibernate: delete from shift_assignments where id=?
2025-10-25T10:10:41.203+09:00 DEBUG 16416 --- [Shift Scheduler Demo] [           main] org.hibernate.SQL                        : delete from shift_assignments where id=?
Hibernate: delete from shift_assignments where id=?
2025-10-25T10:10:41.203+09:00 DEBUG 16416 --- [Shift Scheduler Demo] [           main] org.hibernate.SQL                        : delete from shift_assignments where id=?
Hibernate: delete from shift_assignments where id=?
2025-10-25T10:10:41.203+09:00 DEBUG 16416 --- [Shift Scheduler Demo] [           main] org.hibernate.SQL                        : delete from shift_assignments where id=?
Hibernate: delete from shift_assignments where id=?
2025-10-25T10:10:41.203+09:00 DEBUG 16416 --- [Shift Scheduler Demo] [           main] org.hibernate.SQL                        : delete from shift_assignments where id=?
Hibernate: delete from shift_assignments where id=?
2025-10-25T10:10:41.203+09:00 DEBUG 16416 --- [Shift Scheduler Demo] [           main] org.hibernate.SQL                        : delete from shift_assignments where id=?
Hibernate: delete from shift_assignments where id=?
2025-10-25T10:10:41.203+09:00 DEBUG 16416 --- [Shift Scheduler Demo] [           main] org.hibernate.SQL                        : delete from shift_assignments where id=?
Hibernate: delete from shift_assignments where id=?
2025-10-25T10:10:41.203+09:00 DEBUG 16416 --- [Shift Scheduler Demo] [           main] org.hibernate.SQL                        : delete from shift_assignments where id=?
Hibernate: delete from shift_assignments where id=?
2025-10-25T10:10:41.203+09:00 DEBUG 16416 --- [Shift Scheduler Demo] [           main] org.hibernate.SQL                        : delete from shift_assignments where id=?
Hibernate: delete from shift_assignments where id=?
2025-10-25T10:10:41.203+09:00 DEBUG 16416 --- [Shift Scheduler Demo] [           main] org.hibernate.SQL                        : delete from shift_assignments where id=?
Hibernate: delete from shift_assignments where id=?
2025-10-25T10:10:41.203+09:00 DEBUG 16416 --- [Shift Scheduler Demo] [           main] org.hibernate.SQL                        : delete from shift_assignments where id=?
Hibernate: delete from shift_assignments where id=?
2025-10-25T10:10:41.203+09:00 DEBUG 16416 --- [Shift Scheduler Demo] [           main] org.hibernate.SQL                        : delete from shift_assignments where id=?
Hibernate: delete from shift_assignments where id=?
2025-10-25T10:10:41.203+09:00 DEBUG 16416 --- [Shift Scheduler Demo] [           main] org.hibernate.SQL                        : delete from shift_assignments where id=?
Hibernate: delete from shift_assignments where id=?
2025-10-25T10:10:41.204+09:00 DEBUG 16416 --- [Shift Scheduler Demo] [           main] org.hibernate.SQL                        : delete from shift_assignments where id=?
Hibernate: delete from shift_assignments where id=?
2025-10-25T10:10:41.204+09:00 DEBUG 16416 --- [Shift Scheduler Demo] [           main] org.hibernate.SQL                        : delete from shift_assignments where id=?
Hibernate: delete from shift_assignments where id=?
2025-10-25T10:10:41.204+09:00 DEBUG 16416 --- [Shift Scheduler Demo] [           main] org.hibernate.SQL                        : delete from shift_assignments where id=?
Hibernate: delete from shift_assignments where id=?
2025-10-25T10:10:41.204+09:00 DEBUG 16416 --- [Shift Scheduler Demo] [           main] org.hibernate.SQL                        : delete from shift_assignments where id=?
Hibernate: delete from shift_assignments where id=?
2025-10-25T10:10:41.204+09:00 DEBUG 16416 --- [Shift Scheduler Demo] [           main] org.hibernate.SQL                        : delete from shift_assignments where id=?
Hibernate: delete from shift_assignments where id=?
2025-10-25T10:10:41.204+09:00 DEBUG 16416 --- [Shift Scheduler Demo] [           main] org.hibernate.SQL                        : delete from shift_assignments where id=?
Hibernate: delete from shift_assignments where id=?
2025-10-25T10:10:41.204+09:00 DEBUG 16416 --- [Shift Scheduler Demo] [           main] org.hibernate.SQL                        : delete from shift_assignments where id=?
Hibernate: delete from shift_assignments where id=?
2025-10-25T10:10:41.204+09:00 DEBUG 16416 --- [Shift Scheduler Demo] [           main] org.hibernate.SQL                        : delete from shift_assignments where id=?
Hibernate: delete from shift_assignments where id=?
2025-10-25T10:10:41.204+09:00 DEBUG 16416 --- [Shift Scheduler Demo] [           main] org.hibernate.SQL                        : delete from shift_assignments where id=?
Hibernate: delete from shift_assignments where id=?
2025-10-25T10:10:41.204+09:00 DEBUG 16416 --- [Shift Scheduler Demo] [           main] org.hibernate.SQL                        : delete from shift_assignments where id=?
Hibernate: delete from shift_assignments where id=?
2025-10-25T10:10:41.205+09:00 DEBUG 16416 --- [Shift Scheduler Demo] [           main] org.hibernate.SQL                        : delete from shift_assignments where id=?
Hibernate: delete from shift_assignments where id=?
2025-10-25T10:10:41.205+09:00 DEBUG 16416 --- [Shift Scheduler Demo] [           main] org.hibernate.SQL                        : delete from shift_assignments where id=?
Hibernate: delete from shift_assignments where id=?
2025-10-25T10:10:41.205+09:00 DEBUG 16416 --- [Shift Scheduler Demo] [           main] org.hibernate.SQL                        : delete from shift_assignments where id=?
Hibernate: delete from shift_assignments where id=?
2025-10-25T10:10:41.205+09:00 DEBUG 16416 --- [Shift Scheduler Demo] [           main] org.hibernate.SQL                        : delete from shift_assignments where id=?
Hibernate: delete from shift_assignments where id=?
2025-10-25T10:10:41.205+09:00 DEBUG 16416 --- [Shift Scheduler Demo] [           main] org.hibernate.SQL                        : delete from shift_assignments where id=?
Hibernate: delete from shift_assignments where id=?
2025-10-25T10:10:41.205+09:00 DEBUG 16416 --- [Shift Scheduler Demo] [           main] org.hibernate.SQL                        : delete from shift_assignments where id=?
Hibernate: delete from shift_assignments where id=?
2025-10-25T10:10:41.205+09:00 DEBUG 16416 --- [Shift Scheduler Demo] [           main] org.hibernate.SQL                        : delete from shift_assignments where id=?
Hibernate: delete from shift_assignments where id=?
2025-10-25T10:10:41.205+09:00 DEBUG 16416 --- [Shift Scheduler Demo] [           main] org.hibernate.SQL                        : delete from shift_assignments where id=?
Hibernate: delete from shift_assignments where id=?
2025-10-25T10:10:41.205+09:00 DEBUG 16416 --- [Shift Scheduler Demo] [           main] org.hibernate.SQL                        : delete from shift_assignments where id=?
Hibernate: delete from shift_assignments where id=?
2025-10-25T10:10:41.205+09:00 DEBUG 16416 --- [Shift Scheduler Demo] [           main] org.hibernate.SQL                        : delete from shift_assignments where id=?
Hibernate: delete from shift_assignments where id=?
2025-10-25T10:10:41.205+09:00 DEBUG 16416 --- [Shift Scheduler Demo] [           main] org.hibernate.SQL                        : delete from shift_assignments where id=?
Hibernate: delete from shift_assignments where id=?
2025-10-25T10:10:41.205+09:00 DEBUG 16416 --- [Shift Scheduler Demo] [           main] org.hibernate.SQL                        : delete from shift_assignments where id=?
Hibernate: delete from shift_assignments where id=?
2025-10-25T10:10:41.205+09:00 DEBUG 16416 --- [Shift Scheduler Demo] [           main] org.hibernate.SQL                        : delete from shift_assignments where id=?
Hibernate: delete from shift_assignments where id=?
2025-10-25T10:10:41.205+09:00 DEBUG 16416 --- [Shift Scheduler Demo] [           main] org.hibernate.SQL                        : delete from shift_assignments where id=?
Hibernate: delete from shift_assignments where id=?
2025-10-25T10:10:41.205+09:00 DEBUG 16416 --- [Shift Scheduler Demo] [           main] org.hibernate.SQL                        : delete from shift_assignments where id=?
Hibernate: delete from shift_assignments where id=?
2025-10-25T10:10:41.205+09:00 DEBUG 16416 --- [Shift Scheduler Demo] [           main] org.hibernate.SQL                        : delete from shift_assignments where id=?
Hibernate: delete from shift_assignments where id=?
2025-10-25T10:10:41.205+09:00 DEBUG 16416 --- [Shift Scheduler Demo] [           main] org.hibernate.SQL                        : delete from shift_assignments where id=?
Hibernate: delete from shift_assignments where id=?
2025-10-25T10:10:41.205+09:00 DEBUG 16416 --- [Shift Scheduler Demo] [           main] org.hibernate.SQL                        : delete from shift_assignments where id=?
Hibernate: delete from shift_assignments where id=?
2025-10-25T10:10:41.205+09:00 DEBUG 16416 --- [Shift Scheduler Demo] [           main] org.hibernate.SQL                        : delete from shift_assignments where id=?
Hibernate: delete from shift_assignments where id=?
2025-10-25T10:10:41.206+09:00 DEBUG 16416 --- [Shift Scheduler Demo] [           main] org.hibernate.SQL                        : delete from shift_assignments where id=?
Hibernate: delete from shift_assignments where id=?
2025-10-25T10:10:41.206+09:00 DEBUG 16416 --- [Shift Scheduler Demo] [           main] org.hibernate.SQL                        : delete from shift_assignments where id=?
Hibernate: delete from shift_assignments where id=?
2025-10-25T10:10:41.206+09:00 DEBUG 16416 --- [Shift Scheduler Demo] [           main] org.hibernate.SQL                        : delete from shift_assignments where id=?
Hibernate: delete from shift_assignments where id=?
2025-10-25T10:10:41.206+09:00 DEBUG 16416 --- [Shift Scheduler Demo] [           main] org.hibernate.SQL                        : delete from shift_assignments where id=?
Hibernate: delete from shift_assignments where id=?
2025-10-25T10:10:41.206+09:00 DEBUG 16416 --- [Shift Scheduler Demo] [           main] org.hibernate.SQL                        : delete from shift_assignments where id=?
Hibernate: delete from shift_assignments where id=?
2025-10-25T10:10:41.206+09:00 DEBUG 16416 --- [Shift Scheduler Demo] [           main] org.hibernate.SQL                        : delete from shift_assignments where id=?
Hibernate: delete from shift_assignments where id=?
2025-10-25T10:10:41.206+09:00 DEBUG 16416 --- [Shift Scheduler Demo] [           main] org.hibernate.SQL                        : delete from shift_assignments where id=?
Hibernate: delete from shift_assignments where id=?
2025-10-25T10:10:41.206+09:00 DEBUG 16416 --- [Shift Scheduler Demo] [           main] org.hibernate.SQL                        : delete from shift_assignments where id=?
Hibernate: delete from shift_assignments where id=?
2025-10-25T10:10:41.206+09:00 DEBUG 16416 --- [Shift Scheduler Demo] [           main] org.hibernate.SQL                        : delete from shift_assignments where id=?
Hibernate: delete from shift_assignments where id=?
2025-10-25T10:10:41.206+09:00 DEBUG 16416 --- [Shift Scheduler Demo] [           main] org.hibernate.SQL                        : delete from shift_assignments where id=?
Hibernate: delete from shift_assignments where id=?
2025-10-25T10:10:41.206+09:00 DEBUG 16416 --- [Shift Scheduler Demo] [           main] org.hibernate.SQL                        : delete from shift_assignments where id=?
Hibernate: delete from shift_assignments where id=?
2025-10-25T10:10:41.206+09:00 DEBUG 16416 --- [Shift Scheduler Demo] [           main] org.hibernate.SQL                        : delete from shift_assignments where id=?
Hibernate: delete from shift_assignments where id=?
2025-10-25T10:10:41.206+09:00 DEBUG 16416 --- [Shift Scheduler Demo] [           main] org.hibernate.SQL                        : delete from shift_assignments where id=?
Hibernate: delete from shift_assignments where id=?
2025-10-25T10:10:41.206+09:00 DEBUG 16416 --- [Shift Scheduler Demo] [           main] org.hibernate.SQL                        : delete from shift_assignments where id=?
Hibernate: delete from shift_assignments where id=?
2025-10-25T10:10:41.206+09:00 DEBUG 16416 --- [Shift Scheduler Demo] [           main] org.hibernate.SQL                        : delete from shift_assignments where id=?
Hibernate: delete from shift_assignments where id=?
2025-10-25T10:10:41.206+09:00 DEBUG 16416 --- [Shift Scheduler Demo] [           main] org.hibernate.SQL                        : delete from shift_assignments where id=?
Hibernate: delete from shift_assignments where id=?
2025-10-25T10:10:41.206+09:00 DEBUG 16416 --- [Shift Scheduler Demo] [           main] org.hibernate.SQL                        : delete from shift_assignments where id=?
Hibernate: delete from shift_assignments where id=?
2025-10-25T10:10:41.206+09:00 DEBUG 16416 --- [Shift Scheduler Demo] [           main] org.hibernate.SQL                        : delete from shift_assignments where id=?
Hibernate: delete from shift_assignments where id=?
2025-10-25T10:10:41.206+09:00 DEBUG 16416 --- [Shift Scheduler Demo] [           main] org.hibernate.SQL                        : delete from shift_assignments where id=?
Hibernate: delete from shift_assignments where id=?
2025-10-25T10:10:41.206+09:00 DEBUG 16416 --- [Shift Scheduler Demo] [           main] org.hibernate.SQL                        : delete from shift_assignments where id=?
Hibernate: delete from shift_assignments where id=?
2025-10-25T10:10:41.206+09:00 DEBUG 16416 --- [Shift Scheduler Demo] [           main] org.hibernate.SQL                        : delete from shift_assignments where id=?
Hibernate: delete from shift_assignments where id=?
2025-10-25T10:10:41.207+09:00 DEBUG 16416 --- [Shift Scheduler Demo] [           main] org.hibernate.SQL                        : delete from shift_assignments where id=?
Hibernate: delete from shift_assignments where id=?
2025-10-25T10:10:41.207+09:00 DEBUG 16416 --- [Shift Scheduler Demo] [           main] org.hibernate.SQL                        : delete from shift_assignments where id=?
Hibernate: delete from shift_assignments where id=?
2025-10-25T10:10:41.207+09:00 DEBUG 16416 --- [Shift Scheduler Demo] [           main] org.hibernate.SQL                        : delete from shift_assignments where id=?
Hibernate: delete from shift_assignments where id=?
2025-10-25T10:10:41.207+09:00 DEBUG 16416 --- [Shift Scheduler Demo] [           main] org.hibernate.SQL                        : delete from shift_assignments where id=?
Hibernate: delete from shift_assignments where id=?
2025-10-25T10:10:41.207+09:00 DEBUG 16416 --- [Shift Scheduler Demo] [           main] org.hibernate.SQL                        : delete from shift_assignments where id=?
Hibernate: delete from shift_assignments where id=?
2025-10-25T10:10:41.207+09:00 DEBUG 16416 --- [Shift Scheduler Demo] [           main] org.hibernate.SQL                        : delete from shift_assignments where id=?
Hibernate: delete from shift_assignments where id=?
2025-10-25T10:10:41.207+09:00 DEBUG 16416 --- [Shift Scheduler Demo] [           main] org.hibernate.SQL                        : delete from shift_assignments where id=?
Hibernate: delete from shift_assignments where id=?
2025-10-25T10:10:41.207+09:00 DEBUG 16416 --- [Shift Scheduler Demo] [           main] org.hibernate.SQL                        : delete from shift_assignments where id=?
Hibernate: delete from shift_assignments where id=?
2025-10-25T10:10:41.207+09:00 DEBUG 16416 --- [Shift Scheduler Demo] [           main] org.hibernate.SQL                        : delete from shift_assignments where id=?
Hibernate: delete from shift_assignments where id=?
2025-10-25T10:10:41.207+09:00 DEBUG 16416 --- [Shift Scheduler Demo] [           main] org.hibernate.SQL                        : delete from shift_assignments where id=?
Hibernate: delete from shift_assignments where id=?
2025-10-25T10:10:41.207+09:00 DEBUG 16416 --- [Shift Scheduler Demo] [           main] org.hibernate.SQL                        : delete from shift_assignments where id=?
Hibernate: delete from shift_assignments where id=?
2025-10-25T10:10:41.207+09:00 DEBUG 16416 --- [Shift Scheduler Demo] [           main] org.hibernate.SQL                        : delete from shift_assignments where id=?
Hibernate: delete from shift_assignments where id=?
2025-10-25T10:10:41.207+09:00 DEBUG 16416 --- [Shift Scheduler Demo] [           main] org.hibernate.SQL                        : delete from shift_assignments where id=?
Hibernate: delete from shift_assignments where id=?
2025-10-25T10:10:41.207+09:00 DEBUG 16416 --- [Shift Scheduler Demo] [           main] org.hibernate.SQL                        : delete from shift_assignments where id=?
Hibernate: delete from shift_assignments where id=?
2025-10-25T10:10:41.208+09:00 DEBUG 16416 --- [Shift Scheduler Demo] [           main] org.hibernate.SQL                        : delete from shift_assignments where id=?
Hibernate: delete from shift_assignments where id=?
2025-10-25T10:10:41.208+09:00 DEBUG 16416 --- [Shift Scheduler Demo] [           main] org.hibernate.SQL                        : delete from shift_assignments where id=?
Hibernate: delete from shift_assignments where id=?
2025-10-25T10:10:41.208+09:00 DEBUG 16416 --- [Shift Scheduler Demo] [           main] org.hibernate.SQL                        : delete from shift_assignments where id=?
Hibernate: delete from shift_assignments where id=?
2025-10-25T10:10:41.208+09:00 DEBUG 16416 --- [Shift Scheduler Demo] [           main] org.hibernate.SQL                        : delete from shift_assignments where id=?
Hibernate: delete from shift_assignments where id=?
2025-10-25T10:10:41.208+09:00 DEBUG 16416 --- [Shift Scheduler Demo] [           main] org.hibernate.SQL                        : delete from shift_assignments where id=?
Hibernate: delete from shift_assignments where id=?
2025-10-25T10:10:41.208+09:00 DEBUG 16416 --- [Shift Scheduler Demo] [           main] org.hibernate.SQL                        : delete from shift_assignments where id=?
Hibernate: delete from shift_assignments where id=?
2025-10-25T10:10:41.208+09:00 DEBUG 16416 --- [Shift Scheduler Demo] [           main] org.hibernate.SQL                        : delete from shift_assignments where id=?
Hibernate: delete from shift_assignments where id=?
2025-10-25T10:10:41.208+09:00 DEBUG 16416 --- [Shift Scheduler Demo] [           main] org.hibernate.SQL                        : delete from shift_assignments where id=?
Hibernate: delete from shift_assignments where id=?
2025-10-25T10:10:41.208+09:00 DEBUG 16416 --- [Shift Scheduler Demo] [           main] org.hibernate.SQL                        : delete from shift_assignments where id=?
Hibernate: delete from shift_assignments where id=?
2025-10-25T10:10:41.209+09:00 DEBUG 16416 --- [Shift Scheduler Demo] [           main] org.hibernate.SQL                        : delete from shift_assignments where id=?
Hibernate: delete from shift_assignments where id=?
2025-10-25T10:10:41.210+09:00 DEBUG 16416 --- [Shift Scheduler Demo] [           main] org.hibernate.SQL                        : delete from shift_assignments where id=?
Hibernate: delete from shift_assignments where id=?
2025-10-25T10:10:41.210+09:00 DEBUG 16416 --- [Shift Scheduler Demo] [           main] org.hibernate.SQL                        : delete from shift_assignments where id=?
Hibernate: delete from shift_assignments where id=?
2025-10-25T10:10:41.210+09:00 DEBUG 16416 --- [Shift Scheduler Demo] [           main] org.hibernate.SQL                        : delete from shift_assignments where id=?
Hibernate: delete from shift_assignments where id=?
2025-10-25T10:10:41.210+09:00 DEBUG 16416 --- [Shift Scheduler Demo] [           main] org.hibernate.SQL                        : delete from shift_assignments where id=?
Hibernate: delete from shift_assignments where id=?
2025-10-25T10:10:41.210+09:00 DEBUG 16416 --- [Shift Scheduler Demo] [           main] org.hibernate.SQL                        : delete from shift_assignments where id=?
Hibernate: delete from shift_assignments where id=?
2025-10-25T10:10:41.210+09:00 DEBUG 16416 --- [Shift Scheduler Demo] [           main] org.hibernate.SQL                        : delete from shift_assignments where id=?
Hibernate: delete from shift_assignments where id=?
2025-10-25T10:10:41.210+09:00 DEBUG 16416 --- [Shift Scheduler Demo] [           main] org.hibernate.SQL                        : delete from shift_assignments where id=?
Hibernate: delete from shift_assignments where id=?
2025-10-25T10:10:41.210+09:00 DEBUG 16416 --- [Shift Scheduler Demo] [           main] org.hibernate.SQL                        : delete from shift_assignments where id=?
Hibernate: delete from shift_assignments where id=?
2025-10-25T10:10:41.210+09:00 DEBUG 16416 --- [Shift Scheduler Demo] [           main] org.hibernate.SQL                        : delete from shift_assignments where id=?
Hibernate: delete from shift_assignments where id=?
2025-10-25T10:10:41.210+09:00 DEBUG 16416 --- [Shift Scheduler Demo] [           main] org.hibernate.SQL                        : delete from shift_assignments where id=?
Hibernate: delete from shift_assignments where id=?
2025-10-25T10:10:41.210+09:00 DEBUG 16416 --- [Shift Scheduler Demo] [           main] org.hibernate.SQL                        : delete from shift_assignments where id=?
Hibernate: delete from shift_assignments where id=?
2025-10-25T10:10:41.210+09:00 DEBUG 16416 --- [Shift Scheduler Demo] [           main] org.hibernate.SQL                        : delete from shift_assignments where id=?
Hibernate: delete from shift_assignments where id=?
2025-10-25T10:10:41.210+09:00 DEBUG 16416 --- [Shift Scheduler Demo] [           main] org.hibernate.SQL                        : delete from shift_assignments where id=?
Hibernate: delete from shift_assignments where id=?
2025-10-25T10:10:41.210+09:00 DEBUG 16416 --- [Shift Scheduler Demo] [           main] org.hibernate.SQL                        : delete from shift_assignments where id=?
Hibernate: delete from shift_assignments where id=?
2025-10-25T10:10:41.213+09:00 DEBUG 16416 --- [Shift Scheduler Demo] [           main] org.hibernate.SQL                        : delete from shift_assignments where id=?
Hibernate: delete from shift_assignments where id=?
2025-10-25T10:10:41.213+09:00 DEBUG 16416 --- [Shift Scheduler Demo] [           main] org.hibernate.SQL                        : delete from shift_assignments where id=?
Hibernate: delete from shift_assignments where id=?
2025-10-25T10:10:41.213+09:00 DEBUG 16416 --- [Shift Scheduler Demo] [           main] org.hibernate.SQL                        : delete from shift_assignments where id=?
Hibernate: delete from shift_assignments where id=?
2025-10-25T10:10:41.213+09:00 DEBUG 16416 --- [Shift Scheduler Demo] [           main] org.hibernate.SQL                        : delete from shift_assignments where id=?
Hibernate: delete from shift_assignments where id=?
2025-10-25T10:10:41.213+09:00 DEBUG 16416 --- [Shift Scheduler Demo] [           main] org.hibernate.SQL                        : delete from shift_assignments where id=?
Hibernate: delete from shift_assignments where id=?
2025-10-25T10:10:41.213+09:00 DEBUG 16416 --- [Shift Scheduler Demo] [           main] org.hibernate.SQL                        : delete from shift_assignments where id=?
Hibernate: delete from shift_assignments where id=?
2025-10-25T10:10:41.213+09:00 DEBUG 16416 --- [Shift Scheduler Demo] [           main] org.hibernate.SQL                        : delete from shift_assignments where id=?
Hibernate: delete from shift_assignments where id=?
2025-10-25T10:10:41.213+09:00 DEBUG 16416 --- [Shift Scheduler Demo] [           main] org.hibernate.SQL                        : delete from shift_assignments where id=?
Hibernate: delete from shift_assignments where id=?
2025-10-25T10:10:41.213+09:00 DEBUG 16416 --- [Shift Scheduler Demo] [           main] org.hibernate.SQL                        : delete from shift_assignments where id=?
Hibernate: delete from shift_assignments where id=?
2025-10-25T10:10:41.213+09:00 DEBUG 16416 --- [Shift Scheduler Demo] [           main] org.hibernate.SQL                        : delete from shift_assignments where id=?
Hibernate: delete from shift_assignments where id=?
2025-10-25T10:10:41.213+09:00 DEBUG 16416 --- [Shift Scheduler Demo] [           main] org.hibernate.SQL                        : delete from shift_assignments where id=?
Hibernate: delete from shift_assignments where id=?
2025-10-25T10:10:41.213+09:00 DEBUG 16416 --- [Shift Scheduler Demo] [           main] org.hibernate.SQL                        : delete from shift_assignments where id=?
Hibernate: delete from shift_assignments where id=?
2025-10-25T10:10:41.214+09:00 DEBUG 16416 --- [Shift Scheduler Demo] [           main] org.hibernate.SQL                        : delete from shift_assignments where id=?
Hibernate: delete from shift_assignments where id=?
2025-10-25T10:10:41.214+09:00 DEBUG 16416 --- [Shift Scheduler Demo] [           main] org.hibernate.SQL                        : delete from shift_assignments where id=?
Hibernate: delete from shift_assignments where id=?
2025-10-25T10:10:41.214+09:00 DEBUG 16416 --- [Shift Scheduler Demo] [           main] org.hibernate.SQL                        : delete from shift_assignments where id=?
Hibernate: delete from shift_assignments where id=?
2025-10-25T10:10:41.214+09:00 DEBUG 16416 --- [Shift Scheduler Demo] [           main] org.hibernate.SQL                        : delete from shift_assignments where id=?
Hibernate: delete from shift_assignments where id=?
2025-10-25T10:10:41.214+09:00 DEBUG 16416 --- [Shift Scheduler Demo] [           main] org.hibernate.SQL                        : delete from shift_assignments where id=?
Hibernate: delete from shift_assignments where id=?
2025-10-25T10:10:41.214+09:00 DEBUG 16416 --- [Shift Scheduler Demo] [           main] org.hibernate.SQL                        : delete from shift_assignments where id=?
Hibernate: delete from shift_assignments where id=?
2025-10-25T10:10:41.214+09:00 DEBUG 16416 --- [Shift Scheduler Demo] [           main] org.hibernate.SQL                        : delete from shift_assignments where id=?
Hibernate: delete from shift_assignments where id=?
2025-10-25T10:10:41.214+09:00 DEBUG 16416 --- [Shift Scheduler Demo] [           main] org.hibernate.SQL                        : delete from shift_assignments where id=?
Hibernate: delete from shift_assignments where id=?
2025-10-25T10:10:41.214+09:00 DEBUG 16416 --- [Shift Scheduler Demo] [           main] org.hibernate.SQL                        : delete from shift_assignments where id=?
Hibernate: delete from shift_assignments where id=?
2025-10-25T10:10:41.214+09:00 DEBUG 16416 --- [Shift Scheduler Demo] [           main] org.hibernate.SQL                        : delete from shift_assignments where id=?
Hibernate: delete from shift_assignments where id=?
2025-10-25T10:10:41.214+09:00 DEBUG 16416 --- [Shift Scheduler Demo] [           main] org.hibernate.SQL                        : delete from shift_assignments where id=?
Hibernate: delete from shift_assignments where id=?
2025-10-25T10:10:41.214+09:00 DEBUG 16416 --- [Shift Scheduler Demo] [           main] org.hibernate.SQL                        : delete from shift_assignments where id=?
Hibernate: delete from shift_assignments where id=?
2025-10-25T10:10:41.214+09:00 DEBUG 16416 --- [Shift Scheduler Demo] [           main] org.hibernate.SQL                        : delete from shift_assignments where id=?
Hibernate: delete from shift_assignments where id=?
2025-10-25T10:10:41.214+09:00 DEBUG 16416 --- [Shift Scheduler Demo] [           main] org.hibernate.SQL                        : delete from shift_assignments where id=?
Hibernate: delete from shift_assignments where id=?
2025-10-25T10:10:41.214+09:00 DEBUG 16416 --- [Shift Scheduler Demo] [           main] org.hibernate.SQL                        : delete from shift_assignments where id=?
Hibernate: delete from shift_assignments where id=?
2025-10-25T10:10:41.214+09:00 DEBUG 16416 --- [Shift Scheduler Demo] [           main] org.hibernate.SQL                        : delete from shift_assignments where id=?
Hibernate: delete from shift_assignments where id=?
2025-10-25T10:10:41.214+09:00 DEBUG 16416 --- [Shift Scheduler Demo] [           main] org.hibernate.SQL                        : delete from shift_assignments where id=?
Hibernate: delete from shift_assignments where id=?
2025-10-25T10:10:41.214+09:00 DEBUG 16416 --- [Shift Scheduler Demo] [           main] org.hibernate.SQL                        : delete from shift_assignments where id=?
Hibernate: delete from shift_assignments where id=?
2025-10-25T10:10:41.214+09:00 DEBUG 16416 --- [Shift Scheduler Demo] [           main] org.hibernate.SQL                        : delete from shift_assignments where id=?
Hibernate: delete from shift_assignments where id=?
2025-10-25T10:10:41.214+09:00 DEBUG 16416 --- [Shift Scheduler Demo] [           main] org.hibernate.SQL                        : delete from shift_assignments where id=?
Hibernate: delete from shift_assignments where id=?
2025-10-25T10:10:41.214+09:00 DEBUG 16416 --- [Shift Scheduler Demo] [           main] org.hibernate.SQL                        : delete from shift_assignments where id=?
Hibernate: delete from shift_assignments where id=?
2025-10-25T10:10:41.214+09:00 DEBUG 16416 --- [Shift Scheduler Demo] [           main] org.hibernate.SQL                        : delete from shift_assignments where id=?
Hibernate: delete from shift_assignments where id=?
2025-10-25T10:10:41.214+09:00 DEBUG 16416 --- [Shift Scheduler Demo] [           main] org.hibernate.SQL                        : delete from shift_assignments where id=?
Hibernate: delete from shift_assignments where id=?
2025-10-25T10:10:41.214+09:00 DEBUG 16416 --- [Shift Scheduler Demo] [           main] org.hibernate.SQL                        : delete from shift_assignments where id=?
Hibernate: delete from shift_assignments where id=?
2025-10-25T10:10:41.214+09:00 DEBUG 16416 --- [Shift Scheduler Demo] [           main] org.hibernate.SQL                        : delete from shift_assignments where id=?
Hibernate: delete from shift_assignments where id=?
2025-10-25T10:10:41.214+09:00 DEBUG 16416 --- [Shift Scheduler Demo] [           main] org.hibernate.SQL                        : delete from shift_assignments where id=?
Hibernate: delete from shift_assignments where id=?
2025-10-25T10:10:41.215+09:00 DEBUG 16416 --- [Shift Scheduler Demo] [           main] org.hibernate.SQL                        : delete from shift_assignments where id=?
Hibernate: delete from shift_assignments where id=?
2025-10-25T10:10:41.215+09:00 DEBUG 16416 --- [Shift Scheduler Demo] [           main] org.hibernate.SQL                        : delete from shift_assignments where id=?
Hibernate: delete from shift_assignments where id=?
2025-10-25T10:10:41.215+09:00 DEBUG 16416 --- [Shift Scheduler Demo] [           main] org.hibernate.SQL                        : delete from shift_assignments where id=?
Hibernate: delete from shift_assignments where id=?
2025-10-25T10:10:41.215+09:00 DEBUG 16416 --- [Shift Scheduler Demo] [           main] org.hibernate.SQL                        : delete from shift_assignments where id=?
Hibernate: delete from shift_assignments where id=?
2025-10-25T10:10:41.215+09:00 DEBUG 16416 --- [Shift Scheduler Demo] [           main] org.hibernate.SQL                        : delete from shift_assignments where id=?
Hibernate: delete from shift_assignments where id=?
2025-10-25T10:10:41.215+09:00 DEBUG 16416 --- [Shift Scheduler Demo] [           main] org.hibernate.SQL                        : delete from shift_assignments where id=?
Hibernate: delete from shift_assignments where id=?
2025-10-25T10:10:41.215+09:00 DEBUG 16416 --- [Shift Scheduler Demo] [           main] org.hibernate.SQL                        : delete from shift_assignments where id=?
Hibernate: delete from shift_assignments where id=?
2025-10-25T10:10:41.215+09:00 DEBUG 16416 --- [Shift Scheduler Demo] [           main] org.hibernate.SQL                        : delete from shift_assignments where id=?
Hibernate: delete from shift_assignments where id=?
2025-10-25T10:10:41.215+09:00 DEBUG 16416 --- [Shift Scheduler Demo] [           main] org.hibernate.SQL                        : delete from shift_assignments where id=?
Hibernate: delete from shift_assignments where id=?
2025-10-25T10:10:41.215+09:00 DEBUG 16416 --- [Shift Scheduler Demo] [           main] org.hibernate.SQL                        : delete from shift_assignments where id=?
Hibernate: delete from shift_assignments where id=?
2025-10-25T10:10:41.215+09:00 DEBUG 16416 --- [Shift Scheduler Demo] [           main] org.hibernate.SQL                        : delete from shift_assignments where id=?
Hibernate: delete from shift_assignments where id=?
2025-10-25T10:10:41.215+09:00 DEBUG 16416 --- [Shift Scheduler Demo] [           main] org.hibernate.SQL                        : delete from shift_assignments where id=?
Hibernate: delete from shift_assignments where id=?
2025-10-25T10:10:41.215+09:00 DEBUG 16416 --- [Shift Scheduler Demo] [           main] org.hibernate.SQL                        : delete from shift_assignments where id=?
Hibernate: delete from shift_assignments where id=?
2025-10-25T10:10:41.215+09:00 DEBUG 16416 --- [Shift Scheduler Demo] [           main] org.hibernate.SQL                        : delete from shift_assignments where id=?
Hibernate: delete from shift_assignments where id=?
2025-10-25T10:10:41.215+09:00 DEBUG 16416 --- [Shift Scheduler Demo] [           main] org.hibernate.SQL                        : delete from shift_assignments where id=?
Hibernate: delete from shift_assignments where id=?
2025-10-25T10:10:41.215+09:00 DEBUG 16416 --- [Shift Scheduler Demo] [           main] org.hibernate.SQL                        : delete from shift_assignments where id=?
Hibernate: delete from shift_assignments where id=?
2025-10-25T10:10:41.215+09:00 DEBUG 16416 --- [Shift Scheduler Demo] [           main] org.hibernate.SQL                        : delete from shift_assignments where id=?
Hibernate: delete from shift_assignments where id=?
2025-10-25T10:10:41.215+09:00 DEBUG 16416 --- [Shift Scheduler Demo] [           main] org.hibernate.SQL                        : delete from shift_assignments where id=?
Hibernate: delete from shift_assignments where id=?
2025-10-25T10:10:41.215+09:00 DEBUG 16416 --- [Shift Scheduler Demo] [           main] org.hibernate.SQL                        : delete from shift_assignments where id=?
Hibernate: delete from shift_assignments where id=?
2025-10-25T10:10:41.215+09:00 DEBUG 16416 --- [Shift Scheduler Demo] [           main] org.hibernate.SQL                        : delete from shift_assignments where id=?
Hibernate: delete from shift_assignments where id=?
2025-10-25T10:10:41.215+09:00 DEBUG 16416 --- [Shift Scheduler Demo] [           main] org.hibernate.SQL                        : delete from shift_assignments where id=?
Hibernate: delete from shift_assignments where id=?
2025-10-25T10:10:41.215+09:00 DEBUG 16416 --- [Shift Scheduler Demo] [           main] org.hibernate.SQL                        : delete from shift_assignments where id=?
Hibernate: delete from shift_assignments where id=?
2025-10-25T10:10:41.215+09:00 DEBUG 16416 --- [Shift Scheduler Demo] [           main] org.hibernate.SQL                        : delete from shift_assignments where id=?
Hibernate: delete from shift_assignments where id=?
2025-10-25T10:10:41.215+09:00 DEBUG 16416 --- [Shift Scheduler Demo] [           main] org.hibernate.SQL                        : delete from shift_assignments where id=?
Hibernate: delete from shift_assignments where id=?
2025-10-25T10:10:41.216+09:00 DEBUG 16416 --- [Shift Scheduler Demo] [           main] org.hibernate.SQL                        : delete from shift_assignments where id=?
Hibernate: delete from shift_assignments where id=?
2025-10-25T10:10:41.216+09:00 DEBUG 16416 --- [Shift Scheduler Demo] [           main] org.hibernate.SQL                        : delete from shift_assignments where id=?
Hibernate: delete from shift_assignments where id=?
2025-10-25T10:10:41.216+09:00 DEBUG 16416 --- [Shift Scheduler Demo] [           main] org.hibernate.SQL                        : delete from shift_assignments where id=?
Hibernate: delete from shift_assignments where id=?
2025-10-25T10:10:41.216+09:00 DEBUG 16416 --- [Shift Scheduler Demo] [           main] org.hibernate.SQL                        : delete from shift_assignments where id=?
Hibernate: delete from shift_assignments where id=?
2025-10-25T10:10:41.216+09:00 DEBUG 16416 --- [Shift Scheduler Demo] [           main] org.hibernate.SQL                        : delete from shift_assignments where id=?
Hibernate: delete from shift_assignments where id=?
2025-10-25T10:10:41.216+09:00 DEBUG 16416 --- [Shift Scheduler Demo] [           main] org.hibernate.SQL                        : delete from shift_assignments where id=?
Hibernate: delete from shift_assignments where id=?
2025-10-25T10:10:41.216+09:00 DEBUG 16416 --- [Shift Scheduler Demo] [           main] org.hibernate.SQL                        : delete from shift_assignments where id=?
Hibernate: delete from shift_assignments where id=?
2025-10-25T10:10:41.216+09:00 DEBUG 16416 --- [Shift Scheduler Demo] [           main] org.hibernate.SQL                        : delete from shift_assignments where id=?
Hibernate: delete from shift_assignments where id=?
2025-10-25T10:10:41.216+09:00 DEBUG 16416 --- [Shift Scheduler Demo] [           main] org.hibernate.SQL                        : delete from shift_assignments where id=?
Hibernate: delete from shift_assignments where id=?
2025-10-25T10:10:41.216+09:00 DEBUG 16416 --- [Shift Scheduler Demo] [           main] org.hibernate.SQL                        : delete from shift_assignments where id=?
Hibernate: delete from shift_assignments where id=?
2025-10-25T10:10:41.216+09:00 DEBUG 16416 --- [Shift Scheduler Demo] [           main] org.hibernate.SQL                        : delete from shift_assignments where id=?
Hibernate: delete from shift_assignments where id=?
2025-10-25T10:10:41.216+09:00 DEBUG 16416 --- [Shift Scheduler Demo] [           main] org.hibernate.SQL                        : delete from shift_assignments where id=?
Hibernate: delete from shift_assignments where id=?
2025-10-25T10:10:41.216+09:00 DEBUG 16416 --- [Shift Scheduler Demo] [           main] org.hibernate.SQL                        : delete from shift_assignments where id=?
Hibernate: delete from shift_assignments where id=?
2025-10-25T10:10:41.216+09:00 DEBUG 16416 --- [Shift Scheduler Demo] [           main] org.hibernate.SQL                        : delete from shift_assignments where id=?
Hibernate: delete from shift_assignments where id=?
2025-10-25T10:10:41.216+09:00 DEBUG 16416 --- [Shift Scheduler Demo] [           main] org.hibernate.SQL                        : delete from shift_assignments where id=?
Hibernate: delete from shift_assignments where id=?
2025-10-25T10:10:41.216+09:00 DEBUG 16416 --- [Shift Scheduler Demo] [           main] org.hibernate.SQL                        : delete from shift_assignments where id=?
Hibernate: delete from shift_assignments where id=?
2025-10-25T10:10:41.217+09:00 DEBUG 16416 --- [Shift Scheduler Demo] [           main] org.hibernate.SQL                        : delete from shift_assignments where id=?
Hibernate: delete from shift_assignments where id=?
2025-10-25T10:10:41.217+09:00 DEBUG 16416 --- [Shift Scheduler Demo] [           main] org.hibernate.SQL                        : delete from shift_assignments where id=?
Hibernate: delete from shift_assignments where id=?
2025-10-25T10:10:41.217+09:00 DEBUG 16416 --- [Shift Scheduler Demo] [           main] org.hibernate.SQL                        : delete from shift_assignments where id=?
Hibernate: delete from shift_assignments where id=?
2025-10-25T10:10:41.217+09:00 DEBUG 16416 --- [Shift Scheduler Demo] [           main] org.hibernate.SQL                        : delete from shift_assignments where id=?
Hibernate: delete from shift_assignments where id=?
2025-10-25T10:10:41.217+09:00 DEBUG 16416 --- [Shift Scheduler Demo] [           main] org.hibernate.SQL                        : delete from shift_assignments where id=?
Hibernate: delete from shift_assignments where id=?
2025-10-25T10:10:41.217+09:00 DEBUG 16416 --- [Shift Scheduler Demo] [           main] org.hibernate.SQL                        : delete from shift_assignments where id=?
Hibernate: delete from shift_assignments where id=?
2025-10-25T10:10:41.217+09:00 DEBUG 16416 --- [Shift Scheduler Demo] [           main] org.hibernate.SQL                        : delete from shift_assignments where id=?
Hibernate: delete from shift_assignments where id=?
2025-10-25T10:10:41.218+09:00 DEBUG 16416 --- [Shift Scheduler Demo] [           main] org.hibernate.SQL                        : delete from shift_assignments where id=?
Hibernate: delete from shift_assignments where id=?
2025-10-25T10:10:41.218+09:00 DEBUG 16416 --- [Shift Scheduler Demo] [           main] org.hibernate.SQL                        : delete from shift_assignments where id=?
Hibernate: delete from shift_assignments where id=?
2025-10-25T10:10:41.218+09:00 DEBUG 16416 --- [Shift Scheduler Demo] [           main] org.hibernate.SQL                        : delete from shift_assignments where id=?
Hibernate: delete from shift_assignments where id=?
2025-10-25T10:10:41.218+09:00 DEBUG 16416 --- [Shift Scheduler Demo] [           main] org.hibernate.SQL                        : delete from shift_assignments where id=?
Hibernate: delete from shift_assignments where id=?
2025-10-25T10:10:41.218+09:00 DEBUG 16416 --- [Shift Scheduler Demo] [           main] org.hibernate.SQL                        : delete from shift_assignments where id=?
Hibernate: delete from shift_assignments where id=?
2025-10-25T10:10:41.218+09:00 DEBUG 16416 --- [Shift Scheduler Demo] [           main] org.hibernate.SQL                        : delete from shift_assignments where id=?
Hibernate: delete from shift_assignments where id=?
2025-10-25T10:10:41.218+09:00 DEBUG 16416 --- [Shift Scheduler Demo] [           main] org.hibernate.SQL                        : delete from shift_assignments where id=?
Hibernate: delete from shift_assignments where id=?
2025-10-25T10:10:41.218+09:00 DEBUG 16416 --- [Shift Scheduler Demo] [           main] org.hibernate.SQL                        : delete from shift_assignments where id=?
Hibernate: delete from shift_assignments where id=?
2025-10-25T10:10:41.218+09:00 DEBUG 16416 --- [Shift Scheduler Demo] [           main] org.hibernate.SQL                        : delete from shift_assignments where id=?
Hibernate: delete from shift_assignments where id=?
2025-10-25T10:10:41.218+09:00 DEBUG 16416 --- [Shift Scheduler Demo] [           main] org.hibernate.SQL                        : delete from shift_assignments where id=?
Hibernate: delete from shift_assignments where id=?
2025-10-25T10:10:41.218+09:00 DEBUG 16416 --- [Shift Scheduler Demo] [           main] org.hibernate.SQL                        : delete from shift_assignments where id=?
Hibernate: delete from shift_assignments where id=?
2025-10-25T10:10:41.218+09:00 DEBUG 16416 --- [Shift Scheduler Demo] [           main] org.hibernate.SQL                        : delete from shift_assignments where id=?
Hibernate: delete from shift_assignments where id=?
2025-10-25T10:10:41.218+09:00 DEBUG 16416 --- [Shift Scheduler Demo] [           main] org.hibernate.SQL                        : delete from shift_assignments where id=?
Hibernate: delete from shift_assignments where id=?
2025-10-25T10:10:41.218+09:00 DEBUG 16416 --- [Shift Scheduler Demo] [           main] org.hibernate.SQL                        : delete from shift_assignments where id=?
Hibernate: delete from shift_assignments where id=?
2025-10-25T10:10:41.218+09:00 DEBUG 16416 --- [Shift Scheduler Demo] [           main] org.hibernate.SQL                        : delete from shift_assignments where id=?
Hibernate: delete from shift_assignments where id=?
2025-10-25T10:10:41.218+09:00 DEBUG 16416 --- [Shift Scheduler Demo] [           main] org.hibernate.SQL                        : delete from shift_assignments where id=?
Hibernate: delete from shift_assignments where id=?
2025-10-25T10:10:41.219+09:00 DEBUG 16416 --- [Shift Scheduler Demo] [           main] org.hibernate.SQL                        : delete from shift_assignments where id=?
Hibernate: delete from shift_assignments where id=?
2025-10-25T10:10:41.219+09:00 DEBUG 16416 --- [Shift Scheduler Demo] [           main] org.hibernate.SQL                        : delete from shift_assignments where id=?
Hibernate: delete from shift_assignments where id=?
2025-10-25T10:10:41.219+09:00 DEBUG 16416 --- [Shift Scheduler Demo] [           main] org.hibernate.SQL                        : delete from shift_assignments where id=?
Hibernate: delete from shift_assignments where id=?
2025-10-25T10:10:41.219+09:00 DEBUG 16416 --- [Shift Scheduler Demo] [           main] org.hibernate.SQL                        : delete from shift_assignments where id=?
Hibernate: delete from shift_assignments where id=?
2025-10-25T10:10:41.219+09:00 DEBUG 16416 --- [Shift Scheduler Demo] [           main] org.hibernate.SQL                        : delete from shift_assignments where id=?
Hibernate: delete from shift_assignments where id=?
2025-10-25T10:10:41.219+09:00 DEBUG 16416 --- [Shift Scheduler Demo] [           main] org.hibernate.SQL                        : delete from shift_assignments where id=?
Hibernate: delete from shift_assignments where id=?
2025-10-25T10:10:41.219+09:00 DEBUG 16416 --- [Shift Scheduler Demo] [           main] org.hibernate.SQL                        : delete from shift_assignments where id=?
Hibernate: delete from shift_assignments where id=?
2025-10-25T10:10:41.219+09:00 DEBUG 16416 --- [Shift Scheduler Demo] [           main] org.hibernate.SQL                        : delete from shift_assignments where id=?
Hibernate: delete from shift_assignments where id=?
2025-10-25T10:10:41.219+09:00 DEBUG 16416 --- [Shift Scheduler Demo] [           main] org.hibernate.SQL                        : delete from shift_assignments where id=?
Hibernate: delete from shift_assignments where id=?
2025-10-25T10:10:41.219+09:00 DEBUG 16416 --- [Shift Scheduler Demo] [           main] org.hibernate.SQL                        : delete from shift_assignments where id=?
Hibernate: delete from shift_assignments where id=?
2025-10-25T10:10:41.219+09:00 DEBUG 16416 --- [Shift Scheduler Demo] [           main] org.hibernate.SQL                        : delete from shift_assignments where id=?
Hibernate: delete from shift_assignments where id=?
2025-10-25T10:10:41.219+09:00 DEBUG 16416 --- [Shift Scheduler Demo] [           main] org.hibernate.SQL                        : delete from shift_assignments where id=?
Hibernate: delete from shift_assignments where id=?
2025-10-25T10:10:41.219+09:00 DEBUG 16416 --- [Shift Scheduler Demo] [           main] org.hibernate.SQL                        : delete from shift_assignments where id=?
Hibernate: delete from shift_assignments where id=?
2025-10-25T10:10:41.219+09:00 DEBUG 16416 --- [Shift Scheduler Demo] [           main] org.hibernate.SQL                        : delete from shift_assignments where id=?
Hibernate: delete from shift_assignments where id=?
2025-10-25T10:10:41.219+09:00 DEBUG 16416 --- [Shift Scheduler Demo] [           main] org.hibernate.SQL                        : delete from shift_assignments where id=?
Hibernate: delete from shift_assignments where id=?
2025-10-25T10:10:41.219+09:00 DEBUG 16416 --- [Shift Scheduler Demo] [           main] org.hibernate.SQL                        : delete from shift_assignments where id=?
Hibernate: delete from shift_assignments where id=?
2025-10-25T10:10:41.220+09:00 DEBUG 16416 --- [Shift Scheduler Demo] [           main] org.hibernate.SQL                        : delete from shift_assignments where id=?
Hibernate: delete from shift_assignments where id=?
2025-10-25T10:10:41.220+09:00 DEBUG 16416 --- [Shift Scheduler Demo] [           main] org.hibernate.SQL                        : delete from shift_assignments where id=?
Hibernate: delete from shift_assignments where id=?
2025-10-25T10:10:41.220+09:00 DEBUG 16416 --- [Shift Scheduler Demo] [           main] org.hibernate.SQL                        : delete from shift_assignments where id=?
Hibernate: delete from shift_assignments where id=?
2025-10-25T10:10:41.220+09:00 DEBUG 16416 --- [Shift Scheduler Demo] [           main] org.hibernate.SQL                        : delete from shift_assignments where id=?
Hibernate: delete from shift_assignments where id=?
2025-10-25T10:10:41.220+09:00 DEBUG 16416 --- [Shift Scheduler Demo] [           main] org.hibernate.SQL                        : delete from shift_assignments where id=?
Hibernate: delete from shift_assignments where id=?
2025-10-25T10:10:41.220+09:00 DEBUG 16416 --- [Shift Scheduler Demo] [           main] org.hibernate.SQL                        : delete from shift_assignments where id=?
Hibernate: delete from shift_assignments where id=?
2025-10-25T10:10:41.220+09:00 DEBUG 16416 --- [Shift Scheduler Demo] [           main] org.hibernate.SQL                        : delete from shift_assignments where id=?
Hibernate: delete from shift_assignments where id=?
2025-10-25T10:10:41.220+09:00 DEBUG 16416 --- [Shift Scheduler Demo] [           main] org.hibernate.SQL                        : delete from shift_assignments where id=?
Hibernate: delete from shift_assignments where id=?
2025-10-25T10:10:41.220+09:00 DEBUG 16416 --- [Shift Scheduler Demo] [           main] org.hibernate.SQL                        : delete from shift_assignments where id=?
Hibernate: delete from shift_assignments where id=?
2025-10-25T10:10:41.220+09:00 DEBUG 16416 --- [Shift Scheduler Demo] [           main] org.hibernate.SQL                        : delete from shift_assignments where id=?
Hibernate: delete from shift_assignments where id=?
2025-10-25T10:10:41.220+09:00 DEBUG 16416 --- [Shift Scheduler Demo] [           main] org.hibernate.SQL                        : delete from shift_assignments where id=?
Hibernate: delete from shift_assignments where id=?
2025-10-25T10:10:41.220+09:00 DEBUG 16416 --- [Shift Scheduler Demo] [           main] org.hibernate.SQL                        : delete from shift_assignments where id=?
Hibernate: delete from shift_assignments where id=?
2025-10-25T10:10:41.220+09:00 DEBUG 16416 --- [Shift Scheduler Demo] [           main] org.hibernate.SQL                        : delete from shift_assignments where id=?
Hibernate: delete from shift_assignments where id=?
2025-10-25T10:10:41.220+09:00 DEBUG 16416 --- [Shift Scheduler Demo] [           main] org.hibernate.SQL                        : delete from shift_assignments where id=?
Hibernate: delete from shift_assignments where id=?
2025-10-25T10:10:41.220+09:00 DEBUG 16416 --- [Shift Scheduler Demo] [           main] org.hibernate.SQL                        : delete from shift_assignments where id=?
Hibernate: delete from shift_assignments where id=?
2025-10-25T10:10:41.220+09:00 DEBUG 16416 --- [Shift Scheduler Demo] [           main] org.hibernate.SQL                        : delete from shift_assignments where id=?
Hibernate: delete from shift_assignments where id=?
2025-10-25T10:10:41.220+09:00 DEBUG 16416 --- [Shift Scheduler Demo] [           main] org.hibernate.SQL                        : delete from shift_assignments where id=?
Hibernate: delete from shift_assignments where id=?
2025-10-25T10:10:41.220+09:00 DEBUG 16416 --- [Shift Scheduler Demo] [           main] org.hibernate.SQL                        : delete from shift_assignments where id=?
Hibernate: delete from shift_assignments where id=?
2025-10-25T10:10:41.220+09:00 DEBUG 16416 --- [Shift Scheduler Demo] [           main] org.hibernate.SQL                        : delete from shift_assignments where id=?
Hibernate: delete from shift_assignments where id=?
2025-10-25T10:10:41.221+09:00 DEBUG 16416 --- [Shift Scheduler Demo] [           main] org.hibernate.SQL                        : delete from shift_assignments where id=?
Hibernate: delete from shift_assignments where id=?
2025-10-25T10:10:41.221+09:00 DEBUG 16416 --- [Shift Scheduler Demo] [           main] org.hibernate.SQL                        : delete from shift_assignments where id=?
Hibernate: delete from shift_assignments where id=?
2025-10-25T10:10:41.221+09:00 DEBUG 16416 --- [Shift Scheduler Demo] [           main] org.hibernate.SQL                        : delete from shift_assignments where id=?
Hibernate: delete from shift_assignments where id=?
2025-10-25T10:10:41.221+09:00 DEBUG 16416 --- [Shift Scheduler Demo] [           main] org.hibernate.SQL                        : delete from shift_assignments where id=?
Hibernate: delete from shift_assignments where id=?
2025-10-25T10:10:41.221+09:00 DEBUG 16416 --- [Shift Scheduler Demo] [           main] org.hibernate.SQL                        : delete from shift_assignments where id=?
Hibernate: delete from shift_assignments where id=?
2025-10-25T10:10:41.221+09:00 DEBUG 16416 --- [Shift Scheduler Demo] [           main] org.hibernate.SQL                        : delete from shift_assignments where id=?
Hibernate: delete from shift_assignments where id=?
2025-10-25T10:10:41.221+09:00 DEBUG 16416 --- [Shift Scheduler Demo] [           main] org.hibernate.SQL                        : delete from shift_assignments where id=?
Hibernate: delete from shift_assignments where id=?
2025-10-25T10:10:41.221+09:00 DEBUG 16416 --- [Shift Scheduler Demo] [           main] org.hibernate.SQL                        : delete from shift_assignments where id=?
Hibernate: delete from shift_assignments where id=?
2025-10-25T10:10:41.221+09:00 DEBUG 16416 --- [Shift Scheduler Demo] [           main] org.hibernate.SQL                        : delete from shift_assignments where id=?
Hibernate: delete from shift_assignments where id=?
2025-10-25T10:10:41.221+09:00 DEBUG 16416 --- [Shift Scheduler Demo] [           main] org.hibernate.SQL                        : delete from shift_assignments where id=?
Hibernate: delete from shift_assignments where id=?
2025-10-25T10:10:41.221+09:00 DEBUG 16416 --- [Shift Scheduler Demo] [           main] org.hibernate.SQL                        : delete from shift_assignments where id=?
Hibernate: delete from shift_assignments where id=?
2025-10-25T10:10:41.221+09:00 DEBUG 16416 --- [Shift Scheduler Demo] [           main] org.hibernate.SQL                        : delete from shift_assignments where id=?
Hibernate: delete from shift_assignments where id=?
2025-10-25T10:10:41.221+09:00 DEBUG 16416 --- [Shift Scheduler Demo] [           main] org.hibernate.SQL                        : delete from shift_assignments where id=?
Hibernate: delete from shift_assignments where id=?
2025-10-25T10:10:41.221+09:00 DEBUG 16416 --- [Shift Scheduler Demo] [           main] org.hibernate.SQL                        : delete from shift_assignments where id=?
Hibernate: delete from shift_assignments where id=?
2025-10-25T10:10:41.221+09:00 DEBUG 16416 --- [Shift Scheduler Demo] [           main] org.hibernate.SQL                        : delete from shift_assignments where id=?
Hibernate: delete from shift_assignments where id=?
2025-10-25T10:10:41.221+09:00 DEBUG 16416 --- [Shift Scheduler Demo] [           main] org.hibernate.SQL                        : delete from shift_assignments where id=?
Hibernate: delete from shift_assignments where id=?
2025-10-25T10:10:41.221+09:00 DEBUG 16416 --- [Shift Scheduler Demo] [           main] org.hibernate.SQL                        : delete from shift_assignments where id=?
Hibernate: delete from shift_assignments where id=?
2025-10-25T10:10:41.221+09:00 DEBUG 16416 --- [Shift Scheduler Demo] [           main] org.hibernate.SQL                        : delete from shift_assignments where id=?
Hibernate: delete from shift_assignments where id=?
2025-10-25T10:10:41.221+09:00 DEBUG 16416 --- [Shift Scheduler Demo] [           main] org.hibernate.SQL                        : delete from shift_assignments where id=?
Hibernate: delete from shift_assignments where id=?
2025-10-25T10:10:41.221+09:00 DEBUG 16416 --- [Shift Scheduler Demo] [           main] org.hibernate.SQL                        : delete from shift_assignments where id=?
Hibernate: delete from shift_assignments where id=?
2025-10-25T10:10:41.222+09:00 DEBUG 16416 --- [Shift Scheduler Demo] [           main] org.hibernate.SQL                        : delete from shift_assignments where id=?
Hibernate: delete from shift_assignments where id=?
2025-10-25T10:10:41.222+09:00 DEBUG 16416 --- [Shift Scheduler Demo] [           main] org.hibernate.SQL                        : delete from shift_assignments where id=?
Hibernate: delete from shift_assignments where id=?
2025-10-25T10:10:41.222+09:00 DEBUG 16416 --- [Shift Scheduler Demo] [           main] org.hibernate.SQL                        : delete from shift_assignments where id=?
Hibernate: delete from shift_assignments where id=?
2025-10-25T10:10:41.222+09:00 DEBUG 16416 --- [Shift Scheduler Demo] [           main] org.hibernate.SQL                        : delete from shift_assignments where id=?
Hibernate: delete from shift_assignments where id=?
2025-10-25T10:10:41.222+09:00 DEBUG 16416 --- [Shift Scheduler Demo] [           main] org.hibernate.SQL                        : delete from shift_assignments where id=?
Hibernate: delete from shift_assignments where id=?
2025-10-25T10:10:41.222+09:00 DEBUG 16416 --- [Shift Scheduler Demo] [           main] org.hibernate.SQL                        : delete from shift_assignments where id=?
Hibernate: delete from shift_assignments where id=?
2025-10-25T10:10:41.223+09:00 DEBUG 16416 --- [Shift Scheduler Demo] [           main] org.hibernate.SQL                        : delete from shift_assignments where id=?
Hibernate: delete from shift_assignments where id=?
2025-10-25T10:10:41.223+09:00 DEBUG 16416 --- [Shift Scheduler Demo] [           main] org.hibernate.SQL                        : delete from shift_assignments where id=?
Hibernate: delete from shift_assignments where id=?
2025-10-25T10:10:41.223+09:00 DEBUG 16416 --- [Shift Scheduler Demo] [           main] org.hibernate.SQL                        : delete from shift_assignments where id=?
Hibernate: delete from shift_assignments where id=?
2025-10-25T10:10:41.224+09:00 DEBUG 16416 --- [Shift Scheduler Demo] [           main] org.hibernate.SQL                        : delete from shift_assignments where id=?
Hibernate: delete from shift_assignments where id=?
2025-10-25T10:10:41.224+09:00 DEBUG 16416 --- [Shift Scheduler Demo] [           main] org.hibernate.SQL                        : delete from shift_assignments where id=?
Hibernate: delete from shift_assignments where id=?
2025-10-25T10:10:41.224+09:00 DEBUG 16416 --- [Shift Scheduler Demo] [           main] org.hibernate.SQL                        : delete from shift_assignments where id=?
Hibernate: delete from shift_assignments where id=?
2025-10-25T10:10:41.224+09:00 DEBUG 16416 --- [Shift Scheduler Demo] [           main] org.hibernate.SQL                        : delete from shift_assignments where id=?
Hibernate: delete from shift_assignments where id=?
2025-10-25T10:10:41.224+09:00 DEBUG 16416 --- [Shift Scheduler Demo] [           main] org.hibernate.SQL                        : delete from shift_assignments where id=?
Hibernate: delete from shift_assignments where id=?
2025-10-25T10:10:41.224+09:00 DEBUG 16416 --- [Shift Scheduler Demo] [           main] org.hibernate.SQL                        : delete from shift_assignments where id=?
Hibernate: delete from shift_assignments where id=?
2025-10-25T10:10:41.224+09:00 DEBUG 16416 --- [Shift Scheduler Demo] [           main] org.hibernate.SQL                        : delete from shift_assignments where id=?
Hibernate: delete from shift_assignments where id=?
2025-10-25T10:10:41.224+09:00 DEBUG 16416 --- [Shift Scheduler Demo] [           main] org.hibernate.SQL                        : delete from shift_assignments where id=?
Hibernate: delete from shift_assignments where id=?
2025-10-25T10:10:41.224+09:00 DEBUG 16416 --- [Shift Scheduler Demo] [           main] org.hibernate.SQL                        : delete from shift_assignments where id=?
Hibernate: delete from shift_assignments where id=?
2025-10-25T10:10:41.224+09:00 DEBUG 16416 --- [Shift Scheduler Demo] [           main] org.hibernate.SQL                        : delete from shift_assignments where id=?
Hibernate: delete from shift_assignments where id=?
2025-10-25T10:10:41.224+09:00 DEBUG 16416 --- [Shift Scheduler Demo] [           main] org.hibernate.SQL                        : delete from shift_assignments where id=?
Hibernate: delete from shift_assignments where id=?
2025-10-25T10:10:41.224+09:00 DEBUG 16416 --- [Shift Scheduler Demo] [           main] org.hibernate.SQL                        : delete from shift_assignments where id=?
Hibernate: delete from shift_assignments where id=?
2025-10-25T10:10:41.224+09:00 DEBUG 16416 --- [Shift Scheduler Demo] [           main] org.hibernate.SQL                        : delete from shift_assignments where id=?
Hibernate: delete from shift_assignments where id=?
2025-10-25T10:10:41.225+09:00 DEBUG 16416 --- [Shift Scheduler Demo] [           main] org.hibernate.SQL                        : delete from shift_assignments where id=?
Hibernate: delete from shift_assignments where id=?
2025-10-25T10:10:41.225+09:00 DEBUG 16416 --- [Shift Scheduler Demo] [           main] org.hibernate.SQL                        : delete from shift_assignments where id=?
Hibernate: delete from shift_assignments where id=?
2025-10-25T10:10:41.225+09:00 DEBUG 16416 --- [Shift Scheduler Demo] [           main] org.hibernate.SQL                        : delete from shift_assignments where id=?
Hibernate: delete from shift_assignments where id=?
2025-10-25T10:10:41.225+09:00 DEBUG 16416 --- [Shift Scheduler Demo] [           main] org.hibernate.SQL                        : delete from shift_assignments where id=?
Hibernate: delete from shift_assignments where id=?
2025-10-25T10:10:41.225+09:00 DEBUG 16416 --- [Shift Scheduler Demo] [           main] org.hibernate.SQL                        : delete from shift_assignments where id=?
Hibernate: delete from shift_assignments where id=?
2025-10-25T10:10:41.225+09:00 DEBUG 16416 --- [Shift Scheduler Demo] [           main] org.hibernate.SQL                        : delete from shift_assignments where id=?
Hibernate: delete from shift_assignments where id=?
2025-10-25T10:10:41.225+09:00 DEBUG 16416 --- [Shift Scheduler Demo] [           main] org.hibernate.SQL                        : delete from shift_assignments where id=?
Hibernate: delete from shift_assignments where id=?
2025-10-25T10:10:41.225+09:00 DEBUG 16416 --- [Shift Scheduler Demo] [           main] org.hibernate.SQL                        : delete from shift_assignments where id=?
Hibernate: delete from shift_assignments where id=?
2025-10-25T10:10:41.225+09:00 DEBUG 16416 --- [Shift Scheduler Demo] [           main] org.hibernate.SQL                        : delete from shift_assignments where id=?
Hibernate: delete from shift_assignments where id=?
2025-10-25T10:10:41.225+09:00 DEBUG 16416 --- [Shift Scheduler Demo] [           main] org.hibernate.SQL                        : delete from shift_assignments where id=?
Hibernate: delete from shift_assignments where id=?
2025-10-25T10:10:41.225+09:00 DEBUG 16416 --- [Shift Scheduler Demo] [           main] org.hibernate.SQL                        : delete from shift_assignments where id=?
Hibernate: delete from shift_assignments where id=?
2025-10-25T10:10:41.225+09:00 DEBUG 16416 --- [Shift Scheduler Demo] [           main] org.hibernate.SQL                        : delete from shift_assignments where id=?
Hibernate: delete from shift_assignments where id=?
2025-10-25T10:10:41.226+09:00 DEBUG 16416 --- [Shift Scheduler Demo] [           main] org.hibernate.SQL                        : delete from shift_assignments where id=?
Hibernate: delete from shift_assignments where id=?
2025-10-25T10:10:41.226+09:00 DEBUG 16416 --- [Shift Scheduler Demo] [           main] org.hibernate.SQL                        : delete from shift_assignments where id=?
Hibernate: delete from shift_assignments where id=?
2025-10-25T10:10:41.226+09:00 DEBUG 16416 --- [Shift Scheduler Demo] [           main] org.hibernate.SQL                        : delete from shift_assignments where id=?
Hibernate: delete from shift_assignments where id=?
2025-10-25T10:10:41.226+09:00 DEBUG 16416 --- [Shift Scheduler Demo] [           main] org.hibernate.SQL                        : delete from shift_assignments where id=?
Hibernate: delete from shift_assignments where id=?
2025-10-25T10:10:41.226+09:00 DEBUG 16416 --- [Shift Scheduler Demo] [           main] org.hibernate.SQL                        : delete from shift_assignments where id=?
Hibernate: delete from shift_assignments where id=?
2025-10-25T10:10:41.226+09:00 DEBUG 16416 --- [Shift Scheduler Demo] [           main] org.hibernate.SQL                        : delete from shift_assignments where id=?
Hibernate: delete from shift_assignments where id=?
2025-10-25T10:10:41.226+09:00 DEBUG 16416 --- [Shift Scheduler Demo] [           main] org.hibernate.SQL                        : delete from shift_assignments where id=?
Hibernate: delete from shift_assignments where id=?
2025-10-25T10:10:41.226+09:00 DEBUG 16416 --- [Shift Scheduler Demo] [           main] org.hibernate.SQL                        : delete from shift_assignments where id=?
Hibernate: delete from shift_assignments where id=?
2025-10-25T10:10:41.226+09:00 DEBUG 16416 --- [Shift Scheduler Demo] [           main] org.hibernate.SQL                        : delete from shift_assignments where id=?
Hibernate: delete from shift_assignments where id=?
2025-10-25T10:10:41.226+09:00 DEBUG 16416 --- [Shift Scheduler Demo] [           main] org.hibernate.SQL                        : delete from shift_assignments where id=?
Hibernate: delete from shift_assignments where id=?
2025-10-25T10:10:41.226+09:00 DEBUG 16416 --- [Shift Scheduler Demo] [           main] org.hibernate.SQL                        : delete from shift_assignments where id=?
Hibernate: delete from shift_assignments where id=?
2025-10-25T10:10:41.226+09:00 DEBUG 16416 --- [Shift Scheduler Demo] [           main] org.hibernate.SQL                        : delete from shift_assignments where id=?
Hibernate: delete from shift_assignments where id=?
2025-10-25T10:10:41.226+09:00 DEBUG 16416 --- [Shift Scheduler Demo] [           main] org.hibernate.SQL                        : delete from shift_assignments where id=?
Hibernate: delete from shift_assignments where id=?
2025-10-25T10:10:41.226+09:00 DEBUG 16416 --- [Shift Scheduler Demo] [           main] org.hibernate.SQL                        : delete from shift_assignments where id=?
Hibernate: delete from shift_assignments where id=?
2025-10-25T10:10:41.226+09:00 DEBUG 16416 --- [Shift Scheduler Demo] [           main] org.hibernate.SQL                        : delete from shift_assignments where id=?
Hibernate: delete from shift_assignments where id=?
2025-10-25T10:10:41.226+09:00 DEBUG 16416 --- [Shift Scheduler Demo] [           main] org.hibernate.SQL                        : delete from shift_assignments where id=?
Hibernate: delete from shift_assignments where id=?
2025-10-25T10:10:41.226+09:00 DEBUG 16416 --- [Shift Scheduler Demo] [           main] org.hibernate.SQL                        : delete from shift_assignments where id=?
Hibernate: delete from shift_assignments where id=?
2025-10-25T10:10:41.226+09:00 DEBUG 16416 --- [Shift Scheduler Demo] [           main] org.hibernate.SQL                        : delete from shift_assignments where id=?
Hibernate: delete from shift_assignments where id=?
2025-10-25T10:10:41.226+09:00 DEBUG 16416 --- [Shift Scheduler Demo] [           main] org.hibernate.SQL                        : delete from shift_assignments where id=?
Hibernate: delete from shift_assignments where id=?
2025-10-25T10:10:41.226+09:00 DEBUG 16416 --- [Shift Scheduler Demo] [           main] org.hibernate.SQL                        : delete from shift_assignments where id=?
Hibernate: delete from shift_assignments where id=?
2025-10-25T10:10:41.226+09:00 DEBUG 16416 --- [Shift Scheduler Demo] [           main] org.hibernate.SQL                        : delete from shift_assignments where id=?
Hibernate: delete from shift_assignments where id=?
2025-10-25T10:10:41.226+09:00 DEBUG 16416 --- [Shift Scheduler Demo] [           main] org.hibernate.SQL                        : delete from shift_assignments where id=?
Hibernate: delete from shift_assignments where id=?
2025-10-25T10:10:41.226+09:00 DEBUG 16416 --- [Shift Scheduler Demo] [           main] org.hibernate.SQL                        : delete from shift_assignments where id=?
Hibernate: delete from shift_assignments where id=?
2025-10-25T10:10:41.226+09:00 DEBUG 16416 --- [Shift Scheduler Demo] [           main] org.hibernate.SQL                        : delete from shift_assignments where id=?
Hibernate: delete from shift_assignments where id=?
2025-10-25T10:10:41.226+09:00 DEBUG 16416 --- [Shift Scheduler Demo] [           main] org.hibernate.SQL                        : delete from shift_assignments where id=?
Hibernate: delete from shift_assignments where id=?
2025-10-25T10:10:41.226+09:00 DEBUG 16416 --- [Shift Scheduler Demo] [           main] org.hibernate.SQL                        : delete from shift_assignments where id=?
Hibernate: delete from shift_assignments where id=?
2025-10-25T10:10:41.226+09:00 DEBUG 16416 --- [Shift Scheduler Demo] [           main] org.hibernate.SQL                        : delete from shift_assignments where id=?
Hibernate: delete from shift_assignments where id=?
2025-10-25T10:10:41.226+09:00 DEBUG 16416 --- [Shift Scheduler Demo] [           main] org.hibernate.SQL                        : delete from shift_assignments where id=?
Hibernate: delete from shift_assignments where id=?
2025-10-25T10:10:41.226+09:00 DEBUG 16416 --- [Shift Scheduler Demo] [           main] org.hibernate.SQL                        : delete from shift_assignments where id=?
Hibernate: delete from shift_assignments where id=?
2025-10-25T10:10:41.226+09:00 DEBUG 16416 --- [Shift Scheduler Demo] [           main] org.hibernate.SQL                        : delete from shift_assignments where id=?
Hibernate: delete from shift_assignments where id=?
2025-10-25T10:10:41.226+09:00 DEBUG 16416 --- [Shift Scheduler Demo] [           main] org.hibernate.SQL                        : delete from shift_assignments where id=?
Hibernate: delete from shift_assignments where id=?
2025-10-25T10:10:41.226+09:00 DEBUG 16416 --- [Shift Scheduler Demo] [           main] org.hibernate.SQL                        : delete from shift_assignments where id=?
Hibernate: delete from shift_assignments where id=?
2025-10-25T10:10:41.226+09:00 DEBUG 16416 --- [Shift Scheduler Demo] [           main] org.hibernate.SQL                        : delete from shift_assignments where id=?
Hibernate: delete from shift_assignments where id=?
2025-10-25T10:10:41.226+09:00 DEBUG 16416 --- [Shift Scheduler Demo] [           main] org.hibernate.SQL                        : delete from shift_assignments where id=?
Hibernate: delete from shift_assignments where id=?
2025-10-25T10:10:41.226+09:00 DEBUG 16416 --- [Shift Scheduler Demo] [           main] org.hibernate.SQL                        : delete from shift_assignments where id=?
Hibernate: delete from shift_assignments where id=?
2025-10-25T10:10:41.226+09:00 DEBUG 16416 --- [Shift Scheduler Demo] [           main] org.hibernate.SQL                        : delete from shift_assignments where id=?
Hibernate: delete from shift_assignments where id=?
2025-10-25T10:10:41.226+09:00 DEBUG 16416 --- [Shift Scheduler Demo] [           main] org.hibernate.SQL                        : delete from shift_assignments where id=?
Hibernate: delete from shift_assignments where id=?
2025-10-25T10:10:41.226+09:00 DEBUG 16416 --- [Shift Scheduler Demo] [           main] org.hibernate.SQL                        : delete from shift_assignments where id=?
Hibernate: delete from shift_assignments where id=?
2025-10-25T10:10:41.226+09:00 DEBUG 16416 --- [Shift Scheduler Demo] [           main] org.hibernate.SQL                        : delete from shift_assignments where id=?
Hibernate: delete from shift_assignments where id=?
2025-10-25T10:10:41.226+09:00 DEBUG 16416 --- [Shift Scheduler Demo] [           main] org.hibernate.SQL                        : delete from shift_assignments where id=?
Hibernate: delete from shift_assignments where id=?
2025-10-25T10:10:41.226+09:00 DEBUG 16416 --- [Shift Scheduler Demo] [           main] org.hibernate.SQL                        : delete from shift_assignments where id=?
Hibernate: delete from shift_assignments where id=?
2025-10-25T10:10:41.226+09:00 DEBUG 16416 --- [Shift Scheduler Demo] [           main] org.hibernate.SQL                        : delete from shift_assignments where id=?
Hibernate: delete from shift_assignments where id=?
2025-10-25T10:10:41.226+09:00 DEBUG 16416 --- [Shift Scheduler Demo] [           main] org.hibernate.SQL                        : delete from shift_assignments where id=?
Hibernate: delete from shift_assignments where id=?
2025-10-25T10:10:41.226+09:00 DEBUG 16416 --- [Shift Scheduler Demo] [           main] org.hibernate.SQL                        : delete from shift_assignments where id=?
Hibernate: delete from shift_assignments where id=?
2025-10-25T10:10:41.226+09:00 DEBUG 16416 --- [Shift Scheduler Demo] [           main] org.hibernate.SQL                        : delete from shift_assignments where id=?
Hibernate: delete from shift_assignments where id=?
2025-10-25T10:10:41.226+09:00 DEBUG 16416 --- [Shift Scheduler Demo] [           main] org.hibernate.SQL                        : delete from shift_assignments where id=?
Hibernate: delete from shift_assignments where id=?
2025-10-25T10:10:41.226+09:00 DEBUG 16416 --- [Shift Scheduler Demo] [           main] org.hibernate.SQL                        : delete from shift_assignments where id=?
Hibernate: delete from shift_assignments where id=?
2025-10-25T10:10:41.226+09:00 DEBUG 16416 --- [Shift Scheduler Demo] [           main] org.hibernate.SQL                        : delete from shift_assignments where id=?
Hibernate: delete from shift_assignments where id=?
2025-10-25T10:10:41.226+09:00 DEBUG 16416 --- [Shift Scheduler Demo] [           main] org.hibernate.SQL                        : delete from shift_assignments where id=?
Hibernate: delete from shift_assignments where id=?
2025-10-25T10:10:41.228+09:00 DEBUG 16416 --- [Shift Scheduler Demo] [           main] org.hibernate.SQL                        : delete from shift_assignments where id=?
Hibernate: delete from shift_assignments where id=?
2025-10-25T10:10:41.228+09:00 DEBUG 16416 --- [Shift Scheduler Demo] [           main] org.hibernate.SQL                        : delete from shift_assignments where id=?
Hibernate: delete from shift_assignments where id=?
2025-10-25T10:10:41.228+09:00 DEBUG 16416 --- [Shift Scheduler Demo] [           main] org.hibernate.SQL                        : delete from shift_assignments where id=?
Hibernate: delete from shift_assignments where id=?
2025-10-25T10:10:41.228+09:00 DEBUG 16416 --- [Shift Scheduler Demo] [           main] org.hibernate.SQL                        : delete from shift_assignments where id=?
Hibernate: delete from shift_assignments where id=?
2025-10-25T10:10:41.228+09:00 DEBUG 16416 --- [Shift Scheduler Demo] [           main] org.hibernate.SQL                        : delete from shift_assignments where id=?
Hibernate: delete from shift_assignments where id=?
2025-10-25T10:10:41.228+09:00 DEBUG 16416 --- [Shift Scheduler Demo] [           main] org.hibernate.SQL                        : delete from shift_assignments where id=?
Hibernate: delete from shift_assignments where id=?
2025-10-25T10:10:41.228+09:00 DEBUG 16416 --- [Shift Scheduler Demo] [           main] org.hibernate.SQL                        : delete from shift_assignments where id=?
Hibernate: delete from shift_assignments where id=?
2025-10-25T10:10:41.228+09:00 DEBUG 16416 --- [Shift Scheduler Demo] [           main] org.hibernate.SQL                        : delete from shift_assignments where id=?
Hibernate: delete from shift_assignments where id=?
2025-10-25T10:10:41.228+09:00 DEBUG 16416 --- [Shift Scheduler Demo] [           main] org.hibernate.SQL                        : delete from shift_assignments where id=?
Hibernate: delete from shift_assignments where id=?
2025-10-25T10:10:41.228+09:00 DEBUG 16416 --- [Shift Scheduler Demo] [           main] org.hibernate.SQL                        : delete from shift_assignments where id=?
Hibernate: delete from shift_assignments where id=?
2025-10-25T10:10:41.228+09:00 DEBUG 16416 --- [Shift Scheduler Demo] [           main] org.hibernate.SQL                        : delete from shift_assignments where id=?
Hibernate: delete from shift_assignments where id=?
2025-10-25T10:10:41.228+09:00 DEBUG 16416 --- [Shift Scheduler Demo] [           main] org.hibernate.SQL                        : delete from shift_assignments where id=?
Hibernate: delete from shift_assignments where id=?
2025-10-25T10:10:41.228+09:00 DEBUG 16416 --- [Shift Scheduler Demo] [           main] org.hibernate.SQL                        : delete from shift_assignments where id=?
Hibernate: delete from shift_assignments where id=?
2025-10-25T10:10:41.228+09:00 DEBUG 16416 --- [Shift Scheduler Demo] [           main] org.hibernate.SQL                        : delete from shift_assignments where id=?
Hibernate: delete from shift_assignments where id=?
2025-10-25T10:10:41.228+09:00 DEBUG 16416 --- [Shift Scheduler Demo] [           main] org.hibernate.SQL                        : delete from shift_assignments where id=?
Hibernate: delete from shift_assignments where id=?
2025-10-25T10:10:41.228+09:00 DEBUG 16416 --- [Shift Scheduler Demo] [           main] org.hibernate.SQL                        : delete from shift_assignments where id=?
Hibernate: delete from shift_assignments where id=?
2025-10-25T10:10:41.228+09:00 DEBUG 16416 --- [Shift Scheduler Demo] [           main] org.hibernate.SQL                        : delete from shift_assignments where id=?
Hibernate: delete from shift_assignments where id=?
2025-10-25T10:10:41.228+09:00 DEBUG 16416 --- [Shift Scheduler Demo] [           main] org.hibernate.SQL                        : delete from shift_assignments where id=?
Hibernate: delete from shift_assignments where id=?
2025-10-25T10:10:41.228+09:00 DEBUG 16416 --- [Shift Scheduler Demo] [           main] org.hibernate.SQL                        : delete from shift_assignments where id=?
Hibernate: delete from shift_assignments where id=?
2025-10-25T10:10:41.228+09:00 DEBUG 16416 --- [Shift Scheduler Demo] [           main] org.hibernate.SQL                        : delete from shift_assignments where id=?
Hibernate: delete from shift_assignments where id=?
2025-10-25T10:10:41.228+09:00 DEBUG 16416 --- [Shift Scheduler Demo] [           main] org.hibernate.SQL                        : delete from shift_assignments where id=?
Hibernate: delete from shift_assignments where id=?
2025-10-25T10:10:41.228+09:00 DEBUG 16416 --- [Shift Scheduler Demo] [           main] org.hibernate.SQL                        : delete from shift_assignments where id=?
Hibernate: delete from shift_assignments where id=?
2025-10-25T10:10:41.228+09:00 DEBUG 16416 --- [Shift Scheduler Demo] [           main] org.hibernate.SQL                        : delete from shift_assignments where id=?
Hibernate: delete from shift_assignments where id=?
2025-10-25T10:10:41.230+09:00 DEBUG 16416 --- [Shift Scheduler Demo] [           main] org.hibernate.SQL                        : delete from shift_assignments where id=?
Hibernate: delete from shift_assignments where id=?
2025-10-25T10:10:41.230+09:00 DEBUG 16416 --- [Shift Scheduler Demo] [           main] org.hibernate.SQL                        : delete from shift_assignments where id=?
Hibernate: delete from shift_assignments where id=?
2025-10-25T10:10:41.230+09:00 DEBUG 16416 --- [Shift Scheduler Demo] [           main] org.hibernate.SQL                        : delete from shift_assignments where id=?
Hibernate: delete from shift_assignments where id=?
2025-10-25T10:10:41.230+09:00 DEBUG 16416 --- [Shift Scheduler Demo] [           main] org.hibernate.SQL                        : delete from shift_assignments where id=?
Hibernate: delete from shift_assignments where id=?
2025-10-25T10:10:41.230+09:00 DEBUG 16416 --- [Shift Scheduler Demo] [           main] org.hibernate.SQL                        : delete from shift_assignments where id=?
Hibernate: delete from shift_assignments where id=?
2025-10-25T10:10:41.230+09:00 DEBUG 16416 --- [Shift Scheduler Demo] [           main] org.hibernate.SQL                        : delete from shift_assignments where id=?
Hibernate: delete from shift_assignments where id=?
2025-10-25T10:10:41.230+09:00 DEBUG 16416 --- [Shift Scheduler Demo] [           main] org.hibernate.SQL                        : delete from shift_assignments where id=?
Hibernate: delete from shift_assignments where id=?
2025-10-25T10:10:41.230+09:00 DEBUG 16416 --- [Shift Scheduler Demo] [           main] org.hibernate.SQL                        : delete from shift_assignments where id=?
Hibernate: delete from shift_assignments where id=?
2025-10-25T10:10:41.230+09:00 DEBUG 16416 --- [Shift Scheduler Demo] [           main] org.hibernate.SQL                        : delete from shift_assignments where id=?
Hibernate: delete from shift_assignments where id=?
2025-10-25T10:10:41.230+09:00 DEBUG 16416 --- [Shift Scheduler Demo] [           main] org.hibernate.SQL                        : delete from shift_assignments where id=?
Hibernate: delete from shift_assignments where id=?
2025-10-25T10:10:41.230+09:00 DEBUG 16416 --- [Shift Scheduler Demo] [           main] org.hibernate.SQL                        : delete from shift_assignments where id=?
Hibernate: delete from shift_assignments where id=?
2025-10-25T10:10:41.230+09:00 DEBUG 16416 --- [Shift Scheduler Demo] [           main] org.hibernate.SQL                        : delete from shift_assignments where id=?
Hibernate: delete from shift_assignments where id=?
2025-10-25T10:10:41.230+09:00 DEBUG 16416 --- [Shift Scheduler Demo] [           main] org.hibernate.SQL                        : delete from shift_assignments where id=?
Hibernate: delete from shift_assignments where id=?
2025-10-25T10:10:41.230+09:00 DEBUG 16416 --- [Shift Scheduler Demo] [           main] org.hibernate.SQL                        : delete from shift_assignments where id=?
Hibernate: delete from shift_assignments where id=?
2025-10-25T10:10:41.230+09:00 DEBUG 16416 --- [Shift Scheduler Demo] [           main] org.hibernate.SQL                        : delete from shift_assignments where id=?
Hibernate: delete from shift_assignments where id=?
2025-10-25T10:10:41.230+09:00 DEBUG 16416 --- [Shift Scheduler Demo] [           main] org.hibernate.SQL                        : delete from shift_assignments where id=?
Hibernate: delete from shift_assignments where id=?
2025-10-25T10:10:41.230+09:00 DEBUG 16416 --- [Shift Scheduler Demo] [           main] org.hibernate.SQL                        : delete from shift_assignments where id=?
Hibernate: delete from shift_assignments where id=?
2025-10-25T10:10:41.230+09:00 DEBUG 16416 --- [Shift Scheduler Demo] [           main] org.hibernate.SQL                        : delete from shift_assignments where id=?
Hibernate: delete from shift_assignments where id=?
2025-10-25T10:10:41.230+09:00 DEBUG 16416 --- [Shift Scheduler Demo] [           main] org.hibernate.SQL                        : delete from shift_assignments where id=?
Hibernate: delete from shift_assignments where id=?
2025-10-25T10:10:41.230+09:00 DEBUG 16416 --- [Shift Scheduler Demo] [           main] org.hibernate.SQL                        : delete from shift_assignments where id=?
Hibernate: delete from shift_assignments where id=?
2025-10-25T10:10:41.230+09:00 DEBUG 16416 --- [Shift Scheduler Demo] [           main] org.hibernate.SQL                        : delete from shift_assignments where id=?
Hibernate: delete from shift_assignments where id=?
2025-10-25T10:10:41.231+09:00 DEBUG 16416 --- [Shift Scheduler Demo] [           main] org.hibernate.SQL                        : delete from shift_assignments where id=?
Hibernate: delete from shift_assignments where id=?
2025-10-25T10:10:41.231+09:00 DEBUG 16416 --- [Shift Scheduler Demo] [           main] org.hibernate.SQL                        : delete from shift_assignments where id=?
Hibernate: delete from shift_assignments where id=?
2025-10-25T10:10:41.231+09:00 DEBUG 16416 --- [Shift Scheduler Demo] [           main] org.hibernate.SQL                        : delete from shift_assignments where id=?
Hibernate: delete from shift_assignments where id=?
2025-10-25T10:10:41.231+09:00 DEBUG 16416 --- [Shift Scheduler Demo] [           main] org.hibernate.SQL                        : delete from shift_assignments where id=?
Hibernate: delete from shift_assignments where id=?
2025-10-25T10:10:41.231+09:00 DEBUG 16416 --- [Shift Scheduler Demo] [           main] org.hibernate.SQL                        : delete from shift_assignments where id=?
Hibernate: delete from shift_assignments where id=?
2025-10-25T10:10:41.231+09:00 DEBUG 16416 --- [Shift Scheduler Demo] [           main] org.hibernate.SQL                        : delete from shift_assignments where id=?
Hibernate: delete from shift_assignments where id=?
2025-10-25T10:10:41.231+09:00 DEBUG 16416 --- [Shift Scheduler Demo] [           main] org.hibernate.SQL                        : delete from shift_assignments where id=?
Hibernate: delete from shift_assignments where id=?
2025-10-25T10:10:41.231+09:00 DEBUG 16416 --- [Shift Scheduler Demo] [           main] org.hibernate.SQL                        : delete from shift_assignments where id=?
Hibernate: delete from shift_assignments where id=?
2025-10-25T10:10:41.231+09:00 DEBUG 16416 --- [Shift Scheduler Demo] [           main] org.hibernate.SQL                        : delete from shift_assignments where id=?
Hibernate: delete from shift_assignments where id=?
2025-10-25T10:10:41.231+09:00 DEBUG 16416 --- [Shift Scheduler Demo] [           main] org.hibernate.SQL                        : delete from shift_assignments where id=?
Hibernate: delete from shift_assignments where id=?
2025-10-25T10:10:41.231+09:00 DEBUG 16416 --- [Shift Scheduler Demo] [           main] org.hibernate.SQL                        : delete from shift_assignments where id=?
Hibernate: delete from shift_assignments where id=?
2025-10-25T10:10:41.232+09:00 DEBUG 16416 --- [Shift Scheduler Demo] [           main] org.hibernate.SQL                        : delete from shift_assignments where id=?
Hibernate: delete from shift_assignments where id=?
2025-10-25T10:10:41.232+09:00 DEBUG 16416 --- [Shift Scheduler Demo] [           main] org.hibernate.SQL                        : delete from shift_assignments where id=?
Hibernate: delete from shift_assignments where id=?
2025-10-25T10:10:41.232+09:00 DEBUG 16416 --- [Shift Scheduler Demo] [           main] org.hibernate.SQL                        : delete from shift_assignments where id=?
Hibernate: delete from shift_assignments where id=?
2025-10-25T10:10:41.232+09:00 DEBUG 16416 --- [Shift Scheduler Demo] [           main] org.hibernate.SQL                        : delete from shift_assignments where id=?
Hibernate: delete from shift_assignments where id=?
2025-10-25T10:10:41.232+09:00 DEBUG 16416 --- [Shift Scheduler Demo] [           main] org.hibernate.SQL                        : delete from shift_assignments where id=?
Hibernate: delete from shift_assignments where id=?
2025-10-25T10:10:41.232+09:00 DEBUG 16416 --- [Shift Scheduler Demo] [           main] org.hibernate.SQL                        : delete from shift_assignments where id=?
Hibernate: delete from shift_assignments where id=?
2025-10-25T10:10:41.232+09:00 DEBUG 16416 --- [Shift Scheduler Demo] [           main] org.hibernate.SQL                        : delete from shift_assignments where id=?
Hibernate: delete from shift_assignments where id=?
2025-10-25T10:10:41.232+09:00 DEBUG 16416 --- [Shift Scheduler Demo] [           main] org.hibernate.SQL                        : delete from shift_assignments where id=?
Hibernate: delete from shift_assignments where id=?
2025-10-25T10:10:41.232+09:00 DEBUG 16416 --- [Shift Scheduler Demo] [           main] org.hibernate.SQL                        : delete from shift_assignments where id=?
Hibernate: delete from shift_assignments where id=?
2025-10-25T10:10:41.232+09:00 DEBUG 16416 --- [Shift Scheduler Demo] [           main] org.hibernate.SQL                        : delete from shift_assignments where id=?
Hibernate: delete from shift_assignments where id=?
2025-10-25T10:10:41.232+09:00 DEBUG 16416 --- [Shift Scheduler Demo] [           main] org.hibernate.SQL                        : delete from shift_assignments where id=?
Hibernate: delete from shift_assignments where id=?
2025-10-25T10:10:41.232+09:00 DEBUG 16416 --- [Shift Scheduler Demo] [           main] org.hibernate.SQL                        : delete from shift_assignments where id=?
Hibernate: delete from shift_assignments where id=?
2025-10-25T10:10:41.232+09:00 DEBUG 16416 --- [Shift Scheduler Demo] [           main] org.hibernate.SQL                        : delete from shift_assignments where id=?
Hibernate: delete from shift_assignments where id=?
2025-10-25T10:10:41.232+09:00 DEBUG 16416 --- [Shift Scheduler Demo] [           main] org.hibernate.SQL                        : delete from shift_assignments where id=?
Hibernate: delete from shift_assignments where id=?
2025-10-25T10:10:41.232+09:00 DEBUG 16416 --- [Shift Scheduler Demo] [           main] org.hibernate.SQL                        : delete from shift_assignments where id=?
Hibernate: delete from shift_assignments where id=?
2025-10-25T10:10:41.232+09:00 DEBUG 16416 --- [Shift Scheduler Demo] [           main] org.hibernate.SQL                        : delete from shift_assignments where id=?
Hibernate: delete from shift_assignments where id=?
2025-10-25T10:10:41.232+09:00 DEBUG 16416 --- [Shift Scheduler Demo] [           main] org.hibernate.SQL                        : delete from shift_assignments where id=?
Hibernate: delete from shift_assignments where id=?
2025-10-25T10:10:41.232+09:00 DEBUG 16416 --- [Shift Scheduler Demo] [           main] org.hibernate.SQL                        : delete from shift_assignments where id=?
Hibernate: delete from shift_assignments where id=?
2025-10-25T10:10:41.233+09:00 DEBUG 16416 --- [Shift Scheduler Demo] [           main] org.hibernate.SQL                        : delete from shift_assignments where id=?
Hibernate: delete from shift_assignments where id=?
2025-10-25T10:10:41.233+09:00 DEBUG 16416 --- [Shift Scheduler Demo] [           main] org.hibernate.SQL                        : delete from shift_assignments where id=?
Hibernate: delete from shift_assignments where id=?
2025-10-25T10:10:41.233+09:00 DEBUG 16416 --- [Shift Scheduler Demo] [           main] org.hibernate.SQL                        : delete from shift_assignments where id=?
Hibernate: delete from shift_assignments where id=?
2025-10-25T10:10:41.233+09:00 DEBUG 16416 --- [Shift Scheduler Demo] [           main] org.hibernate.SQL                        : delete from shift_assignments where id=?
Hibernate: delete from shift_assignments where id=?
2025-10-25T10:10:41.233+09:00 DEBUG 16416 --- [Shift Scheduler Demo] [           main] org.hibernate.SQL                        : delete from shift_assignments where id=?
Hibernate: delete from shift_assignments where id=?
2025-10-25T10:10:41.233+09:00 DEBUG 16416 --- [Shift Scheduler Demo] [           main] org.hibernate.SQL                        : delete from shift_assignments where id=?
Hibernate: delete from shift_assignments where id=?
2025-10-25T10:10:41.233+09:00 DEBUG 16416 --- [Shift Scheduler Demo] [           main] org.hibernate.SQL                        : delete from shift_assignments where id=?
Hibernate: delete from shift_assignments where id=?
2025-10-25T10:10:41.233+09:00 DEBUG 16416 --- [Shift Scheduler Demo] [           main] org.hibernate.SQL                        : delete from shift_assignments where id=?
Hibernate: delete from shift_assignments where id=?
2025-10-25T10:10:41.233+09:00 DEBUG 16416 --- [Shift Scheduler Demo] [           main] org.hibernate.SQL                        : delete from employee_constraints where id=?
Hibernate: delete from employee_constraints where id=?
2025-10-25T10:10:41.234+09:00 DEBUG 16416 --- [Shift Scheduler Demo] [           main] org.hibernate.SQL                        : delete from employee_constraints where id=?
Hibernate: delete from employee_constraints where id=?
2025-10-25T10:10:41.234+09:00 DEBUG 16416 --- [Shift Scheduler Demo] [           main] org.hibernate.SQL                        : delete from employee_constraints where id=?
Hibernate: delete from employee_constraints where id=?
2025-10-25T10:10:41.234+09:00 DEBUG 16416 --- [Shift Scheduler Demo] [           main] org.hibernate.SQL                        : delete from employee_constraints where id=?
Hibernate: delete from employee_constraints where id=?
2025-10-25T10:10:41.234+09:00 DEBUG 16416 --- [Shift Scheduler Demo] [           main] org.hibernate.SQL                        : delete from employee_constraints where id=?
Hibernate: delete from employee_constraints where id=?
2025-10-25T10:10:41.234+09:00 DEBUG 16416 --- [Shift Scheduler Demo] [           main] org.hibernate.SQL                        : delete from employee_constraints where id=?
Hibernate: delete from employee_constraints where id=?
2025-10-25T10:10:41.234+09:00 DEBUG 16416 --- [Shift Scheduler Demo] [           main] org.hibernate.SQL                        : delete from employee_constraints where id=?
Hibernate: delete from employee_constraints where id=?
2025-10-25T10:10:41.234+09:00 DEBUG 16416 --- [Shift Scheduler Demo] [           main] org.hibernate.SQL                        : delete from employee_constraints where id=?
Hibernate: delete from employee_constraints where id=?
2025-10-25T10:10:41.234+09:00 DEBUG 16416 --- [Shift Scheduler Demo] [           main] org.hibernate.SQL                        : delete from employee_constraints where id=?
Hibernate: delete from employee_constraints where id=?
2025-10-25T10:10:41.234+09:00 DEBUG 16416 --- [Shift Scheduler Demo] [           main] org.hibernate.SQL                        : delete from employee_constraints where id=?
Hibernate: delete from employee_constraints where id=?
2025-10-25T10:10:41.234+09:00 DEBUG 16416 --- [Shift Scheduler Demo] [           main] org.hibernate.SQL                        : delete from employee_constraints where id=?
Hibernate: delete from employee_constraints where id=?
2025-10-25T10:10:41.234+09:00 DEBUG 16416 --- [Shift Scheduler Demo] [           main] org.hibernate.SQL                        : delete from employee_constraints where id=?
Hibernate: delete from employee_constraints where id=?
2025-10-25T10:10:41.234+09:00 DEBUG 16416 --- [Shift Scheduler Demo] [           main] org.hibernate.SQL                        : delete from employee_constraints where id=?
Hibernate: delete from employee_constraints where id=?
2025-10-25T10:10:41.234+09:00 DEBUG 16416 --- [Shift Scheduler Demo] [           main] org.hibernate.SQL                        : delete from employee_constraints where id=?
Hibernate: delete from employee_constraints where id=?
2025-10-25T10:10:41.234+09:00 DEBUG 16416 --- [Shift Scheduler Demo] [           main] org.hibernate.SQL                        : delete from employee_constraints where id=?
Hibernate: delete from employee_constraints where id=?
2025-10-25T10:10:41.234+09:00 DEBUG 16416 --- [Shift Scheduler Demo] [           main] org.hibernate.SQL                        : delete from employee_constraints where id=?
Hibernate: delete from employee_constraints where id=?
2025-10-25T10:10:41.234+09:00 DEBUG 16416 --- [Shift Scheduler Demo] [           main] org.hibernate.SQL                        : delete from employee_constraints where id=?
Hibernate: delete from employee_constraints where id=?
2025-10-25T10:10:41.234+09:00 DEBUG 16416 --- [Shift Scheduler Demo] [           main] org.hibernate.SQL                        : delete from employee_constraints where id=?
Hibernate: delete from employee_constraints where id=?
2025-10-25T10:10:41.234+09:00 DEBUG 16416 --- [Shift Scheduler Demo] [           main] org.hibernate.SQL                        : delete from employee_constraints where id=?
Hibernate: delete from employee_constraints where id=?
2025-10-25T10:10:41.234+09:00 DEBUG 16416 --- [Shift Scheduler Demo] [           main] org.hibernate.SQL                        : delete from employee_constraints where id=?
Hibernate: delete from employee_constraints where id=?
2025-10-25T10:10:41.234+09:00 DEBUG 16416 --- [Shift Scheduler Demo] [           main] org.hibernate.SQL                        : delete from employee_constraints where id=?
Hibernate: delete from employee_constraints where id=?
2025-10-25T10:10:41.234+09:00 DEBUG 16416 --- [Shift Scheduler Demo] [           main] org.hibernate.SQL                        : delete from employee_constraints where id=?
Hibernate: delete from employee_constraints where id=?
2025-10-25T10:10:41.234+09:00 DEBUG 16416 --- [Shift Scheduler Demo] [           main] org.hibernate.SQL                        : delete from employee_constraints where id=?
Hibernate: delete from employee_constraints where id=?
2025-10-25T10:10:41.234+09:00 DEBUG 16416 --- [Shift Scheduler Demo] [           main] org.hibernate.SQL                        : delete from employee_constraints where id=?
Hibernate: delete from employee_constraints where id=?
2025-10-25T10:10:41.234+09:00 DEBUG 16416 --- [Shift Scheduler Demo] [           main] org.hibernate.SQL                        : delete from employee_constraints where id=?
Hibernate: delete from employee_constraints where id=?
2025-10-25T10:10:41.234+09:00 DEBUG 16416 --- [Shift Scheduler Demo] [           main] org.hibernate.SQL                        : delete from employee_constraints where id=?
Hibernate: delete from employee_constraints where id=?
2025-10-25T10:10:41.234+09:00 DEBUG 16416 --- [Shift Scheduler Demo] [           main] org.hibernate.SQL                        : delete from employee_constraints where id=?
Hibernate: delete from employee_constraints where id=?
2025-10-25T10:10:41.234+09:00 DEBUG 16416 --- [Shift Scheduler Demo] [           main] org.hibernate.SQL                        : delete from employee_constraints where id=?
Hibernate: delete from employee_constraints where id=?
2025-10-25T10:10:41.234+09:00 DEBUG 16416 --- [Shift Scheduler Demo] [           main] org.hibernate.SQL                        : delete from employee_constraints where id=?
Hibernate: delete from employee_constraints where id=?
2025-10-25T10:10:41.236+09:00 DEBUG 16416 --- [Shift Scheduler Demo] [           main] org.hibernate.SQL                        : delete from employee_constraints where id=?
Hibernate: delete from employee_constraints where id=?
2025-10-25T10:10:41.237+09:00 DEBUG 16416 --- [Shift Scheduler Demo] [           main] org.hibernate.SQL                        : delete from employee_constraints where id=?
Hibernate: delete from employee_constraints where id=?
2025-10-25T10:10:41.237+09:00 DEBUG 16416 --- [Shift Scheduler Demo] [           main] org.hibernate.SQL                        : delete from employee_constraints where id=?
Hibernate: delete from employee_constraints where id=?
2025-10-25T10:10:41.237+09:00 DEBUG 16416 --- [Shift Scheduler Demo] [           main] org.hibernate.SQL                        : delete from employee_constraints where id=?
Hibernate: delete from employee_constraints where id=?
2025-10-25T10:10:41.237+09:00 DEBUG 16416 --- [Shift Scheduler Demo] [           main] org.hibernate.SQL                        : delete from employee_constraints where id=?
Hibernate: delete from employee_constraints where id=?
2025-10-25T10:10:41.237+09:00 DEBUG 16416 --- [Shift Scheduler Demo] [           main] org.hibernate.SQL                        : delete from employee_constraints where id=?
Hibernate: delete from employee_constraints where id=?
2025-10-25T10:10:41.237+09:00 DEBUG 16416 --- [Shift Scheduler Demo] [           main] org.hibernate.SQL                        : delete from employee_constraints where id=?
Hibernate: delete from employee_constraints where id=?
2025-10-25T10:10:41.237+09:00 DEBUG 16416 --- [Shift Scheduler Demo] [           main] org.hibernate.SQL                        : delete from employee_constraints where id=?
Hibernate: delete from employee_constraints where id=?
2025-10-25T10:10:41.237+09:00 DEBUG 16416 --- [Shift Scheduler Demo] [           main] org.hibernate.SQL                        : delete from employee_constraints where id=?
Hibernate: delete from employee_constraints where id=?
2025-10-25T10:10:41.237+09:00 DEBUG 16416 --- [Shift Scheduler Demo] [           main] org.hibernate.SQL                        : delete from employee_constraints where id=?
Hibernate: delete from employee_constraints where id=?
2025-10-25T10:10:41.237+09:00 DEBUG 16416 --- [Shift Scheduler Demo] [           main] org.hibernate.SQL                        : delete from employee_constraints where id=?
Hibernate: delete from employee_constraints where id=?
2025-10-25T10:10:41.238+09:00 DEBUG 16416 --- [Shift Scheduler Demo] [           main] org.hibernate.SQL                        : delete from employee_constraints where id=?
Hibernate: delete from employee_constraints where id=?
2025-10-25T10:10:41.238+09:00 DEBUG 16416 --- [Shift Scheduler Demo] [           main] org.hibernate.SQL                        : delete from employee_constraints where id=?
Hibernate: delete from employee_constraints where id=?
2025-10-25T10:10:41.238+09:00 DEBUG 16416 --- [Shift Scheduler Demo] [           main] org.hibernate.SQL                        : delete from employee_constraints where id=?
Hibernate: delete from employee_constraints where id=?
2025-10-25T10:10:41.238+09:00 DEBUG 16416 --- [Shift Scheduler Demo] [           main] org.hibernate.SQL                        : delete from employee_constraints where id=?
Hibernate: delete from employee_constraints where id=?
2025-10-25T10:10:41.238+09:00 DEBUG 16416 --- [Shift Scheduler Demo] [           main] org.hibernate.SQL                        : delete from employee_constraints where id=?
Hibernate: delete from employee_constraints where id=?
2025-10-25T10:10:41.238+09:00 DEBUG 16416 --- [Shift Scheduler Demo] [           main] org.hibernate.SQL                        : delete from employee_constraints where id=?
Hibernate: delete from employee_constraints where id=?
2025-10-25T10:10:41.238+09:00 DEBUG 16416 --- [Shift Scheduler Demo] [           main] org.hibernate.SQL                        : delete from employee_constraints where id=?
Hibernate: delete from employee_constraints where id=?
2025-10-25T10:10:41.238+09:00 DEBUG 16416 --- [Shift Scheduler Demo] [           main] org.hibernate.SQL                        : delete from employee_constraints where id=?
Hibernate: delete from employee_constraints where id=?
2025-10-25T10:10:41.238+09:00 DEBUG 16416 --- [Shift Scheduler Demo] [           main] org.hibernate.SQL                        : delete from employee_constraints where id=?
Hibernate: delete from employee_constraints where id=?
2025-10-25T10:10:41.238+09:00 DEBUG 16416 --- [Shift Scheduler Demo] [           main] org.hibernate.SQL                        : delete from employee_constraints where id=?
Hibernate: delete from employee_constraints where id=?
2025-10-25T10:10:41.239+09:00 DEBUG 16416 --- [Shift Scheduler Demo] [           main] org.hibernate.SQL                        : delete from employee_constraints where id=?
Hibernate: delete from employee_constraints where id=?
2025-10-25T10:10:41.239+09:00 DEBUG 16416 --- [Shift Scheduler Demo] [           main] org.hibernate.SQL                        : delete from employee_constraints where id=?
Hibernate: delete from employee_constraints where id=?
2025-10-25T10:10:41.239+09:00 DEBUG 16416 --- [Shift Scheduler Demo] [           main] org.hibernate.SQL                        : delete from employee_constraints where id=?
Hibernate: delete from employee_constraints where id=?
2025-10-25T10:10:41.239+09:00 DEBUG 16416 --- [Shift Scheduler Demo] [           main] org.hibernate.SQL                        : delete from employee_constraints where id=?
Hibernate: delete from employee_constraints where id=?
2025-10-25T10:10:41.239+09:00 DEBUG 16416 --- [Shift Scheduler Demo] [           main] org.hibernate.SQL                        : delete from employee_constraints where id=?
Hibernate: delete from employee_constraints where id=?
2025-10-25T10:10:41.239+09:00 DEBUG 16416 --- [Shift Scheduler Demo] [           main] org.hibernate.SQL                        : delete from employee_constraints where id=?
Hibernate: delete from employee_constraints where id=?
2025-10-25T10:10:41.239+09:00 DEBUG 16416 --- [Shift Scheduler Demo] [           main] org.hibernate.SQL                        : delete from employee_constraints where id=?
Hibernate: delete from employee_constraints where id=?
2025-10-25T10:10:41.239+09:00 DEBUG 16416 --- [Shift Scheduler Demo] [           main] org.hibernate.SQL                        : delete from employee_constraints where id=?
Hibernate: delete from employee_constraints where id=?
2025-10-25T10:10:41.239+09:00 DEBUG 16416 --- [Shift Scheduler Demo] [           main] org.hibernate.SQL                        : delete from employee_constraints where id=?
Hibernate: delete from employee_constraints where id=?
2025-10-25T10:10:41.240+09:00 DEBUG 16416 --- [Shift Scheduler Demo] [           main] org.hibernate.SQL                        : delete from employee_constraints where id=?
Hibernate: delete from employee_constraints where id=?
2025-10-25T10:10:41.240+09:00 DEBUG 16416 --- [Shift Scheduler Demo] [           main] org.hibernate.SQL                        : delete from employee_constraints where id=?
Hibernate: delete from employee_constraints where id=?
2025-10-25T10:10:41.240+09:00 DEBUG 16416 --- [Shift Scheduler Demo] [           main] org.hibernate.SQL                        : delete from employee_constraints where id=?
Hibernate: delete from employee_constraints where id=?
2025-10-25T10:10:41.240+09:00 DEBUG 16416 --- [Shift Scheduler Demo] [           main] org.hibernate.SQL                        : delete from employee_constraints where id=?
Hibernate: delete from employee_constraints where id=?
2025-10-25T10:10:41.240+09:00 DEBUG 16416 --- [Shift Scheduler Demo] [           main] org.hibernate.SQL                        : delete from employee_constraints where id=?
Hibernate: delete from employee_constraints where id=?
2025-10-25T10:10:41.240+09:00 DEBUG 16416 --- [Shift Scheduler Demo] [           main] org.hibernate.SQL                        : delete from employee_constraints where id=?
Hibernate: delete from employee_constraints where id=?
2025-10-25T10:10:41.240+09:00 DEBUG 16416 --- [Shift Scheduler Demo] [           main] org.hibernate.SQL                        : delete from employee_constraints where id=?
Hibernate: delete from employee_constraints where id=?
2025-10-25T10:10:41.240+09:00 DEBUG 16416 --- [Shift Scheduler Demo] [           main] org.hibernate.SQL                        : delete from employee_constraints where id=?
Hibernate: delete from employee_constraints where id=?
2025-10-25T10:10:41.240+09:00 DEBUG 16416 --- [Shift Scheduler Demo] [           main] org.hibernate.SQL                        : delete from employee_constraints where id=?
Hibernate: delete from employee_constraints where id=?
2025-10-25T10:10:41.241+09:00 DEBUG 16416 --- [Shift Scheduler Demo] [           main] org.hibernate.SQL                        : delete from employee_constraints where id=?
Hibernate: delete from employee_constraints where id=?
2025-10-25T10:10:41.241+09:00 DEBUG 16416 --- [Shift Scheduler Demo] [           main] org.hibernate.SQL                        : delete from employee_constraints where id=?
Hibernate: delete from employee_constraints where id=?
2025-10-25T10:10:41.241+09:00 DEBUG 16416 --- [Shift Scheduler Demo] [           main] org.hibernate.SQL                        : delete from employee_constraints where id=?
Hibernate: delete from employee_constraints where id=?
2025-10-25T10:10:41.241+09:00 DEBUG 16416 --- [Shift Scheduler Demo] [           main] org.hibernate.SQL                        : delete from employee_constraints where id=?
Hibernate: delete from employee_constraints where id=?
2025-10-25T10:10:41.241+09:00 DEBUG 16416 --- [Shift Scheduler Demo] [           main] org.hibernate.SQL                        : delete from employee_constraints where id=?
Hibernate: delete from employee_constraints where id=?
2025-10-25T10:10:41.241+09:00 DEBUG 16416 --- [Shift Scheduler Demo] [           main] org.hibernate.SQL                        : delete from employee_constraints where id=?
Hibernate: delete from employee_constraints where id=?
2025-10-25T10:10:41.241+09:00 DEBUG 16416 --- [Shift Scheduler Demo] [           main] org.hibernate.SQL                        : delete from employee_constraints where id=?
Hibernate: delete from employee_constraints where id=?
2025-10-25T10:10:41.241+09:00 DEBUG 16416 --- [Shift Scheduler Demo] [           main] org.hibernate.SQL                        : select sa1_0.id,sa1_0.employee_id,sa1_0.end_time,sa1_0.shift_name,sa1_0.start_time,sa1_0.work_date from shift_assignments sa1_0 where sa1_0.work_date<? order by sa1_0.work_date desc limit ?
Hibernate: select sa1_0.id,sa1_0.employee_id,sa1_0.end_time,sa1_0.shift_name,sa1_0.start_time,sa1_0.work_date from shift_assignments sa1_0 where sa1_0.work_date<? order by sa1_0.work_date desc limit ?
2025-10-25T10:10:41.250+09:00 DEBUG 16416 --- [Shift Scheduler Demo] [           main] org.hibernate.SQL                        : select sa1_0.id,sa1_0.employee_id,sa1_0.end_time,sa1_0.shift_name,sa1_0.start_time,sa1_0.work_date from shift_assignments sa1_0 where sa1_0.work_date between ? and ?
Hibernate: select sa1_0.id,sa1_0.employee_id,sa1_0.end_time,sa1_0.shift_name,sa1_0.start_time,sa1_0.work_date from shift_assignments sa1_0 where sa1_0.work_date between ? and ?
2025-10-25T10:10:41.251+09:00  INFO 16416 --- [Shift Scheduler Demo] [           main] c.e.shiftv1.schedule.ScheduleService     : 登録従業員数: 30名
2025-10-25T10:10:41.254+09:00 DEBUG 16416 --- [Shift Scheduler Demo] [           main] org.hibernate.SQL                        : select sa1_0.id,sa1_0.employee_id,sa1_0.end_time,sa1_0.shift_name,sa1_0.start_time,sa1_0.work_date from shift_assignments sa1_0 where sa1_0.work_date=?
Hibernate: select sa1_0.id,sa1_0.employee_id,sa1_0.end_time,sa1_0.shift_name,sa1_0.start_time,sa1_0.work_date from shift_assignments sa1_0 where sa1_0.work_date=?
2025-10-25T10:10:41.257+09:00 DEBUG 16416 --- [Shift Scheduler Demo] [           main] org.hibernate.SQL                        : select sa1_0.id,sa1_0.employee_id,sa1_0.end_time,sa1_0.shift_name,sa1_0.start_time,sa1_0.work_date from shift_assignments sa1_0 where sa1_0.work_date=?
Hibernate: select sa1_0.id,sa1_0.employee_id,sa1_0.end_time,sa1_0.shift_name,sa1_0.start_time,sa1_0.work_date from shift_assignments sa1_0 where sa1_0.work_date=?
2025-10-25T10:10:41.259+09:00 DEBUG 16416 --- [Shift Scheduler Demo] [           main] org.hibernate.SQL                        : select sa1_0.id,sa1_0.employee_id,sa1_0.end_time,sa1_0.shift_name,sa1_0.start_time,sa1_0.work_date from shift_assignments sa1_0 where sa1_0.work_date=?
Hibernate: select sa1_0.id,sa1_0.employee_id,sa1_0.end_time,sa1_0.shift_name,sa1_0.start_time,sa1_0.work_date from shift_assignments sa1_0 where sa1_0.work_date=?
2025-10-25T10:10:41.262+09:00 DEBUG 16416 --- [Shift Scheduler Demo] [           main] org.hibernate.SQL                        : select sa1_0.id,sa1_0.employee_id,sa1_0.end_time,sa1_0.shift_name,sa1_0.start_time,sa1_0.work_date from shift_assignments sa1_0 where sa1_0.work_date=?
Hibernate: select sa1_0.id,sa1_0.employee_id,sa1_0.end_time,sa1_0.shift_name,sa1_0.start_time,sa1_0.work_date from shift_assignments sa1_0 where sa1_0.work_date=?
2025-10-25T10:10:41.264+09:00 DEBUG 16416 --- [Shift Scheduler Demo] [           main] org.hibernate.SQL                        : select sa1_0.id,sa1_0.employee_id,sa1_0.end_time,sa1_0.shift_name,sa1_0.start_time,sa1_0.work_date from shift_assignments sa1_0 where sa1_0.work_date=?
Hibernate: select sa1_0.id,sa1_0.employee_id,sa1_0.end_time,sa1_0.shift_name,sa1_0.start_time,sa1_0.work_date from shift_assignments sa1_0 where sa1_0.work_date=?
2025-10-25T10:10:41.266+09:00 DEBUG 16416 --- [Shift Scheduler Demo] [           main] org.hibernate.SQL                        : select sa1_0.id,sa1_0.employee_id,sa1_0.end_time,sa1_0.shift_name,sa1_0.start_time,sa1_0.work_date from shift_assignments sa1_0 where sa1_0.work_date=?
Hibernate: select sa1_0.id,sa1_0.employee_id,sa1_0.end_time,sa1_0.shift_name,sa1_0.start_time,sa1_0.work_date from shift_assignments sa1_0 where sa1_0.work_date=?
2025-10-25T10:10:41.268+09:00 DEBUG 16416 --- [Shift Scheduler Demo] [           main] org.hibernate.SQL                        : select sa1_0.id,sa1_0.employee_id,sa1_0.end_time,sa1_0.shift_name,sa1_0.start_time,sa1_0.work_date from shift_assignments sa1_0 where sa1_0.work_date=?
Hibernate: select sa1_0.id,sa1_0.employee_id,sa1_0.end_time,sa1_0.shift_name,sa1_0.start_time,sa1_0.work_date from shift_assignments sa1_0 where sa1_0.work_date=?
2025-10-25T10:10:41.270+09:00 DEBUG 16416 --- [Shift Scheduler Demo] [           main] org.hibernate.SQL                        : select sa1_0.id,sa1_0.employee_id,sa1_0.end_time,sa1_0.shift_name,sa1_0.start_time,sa1_0.work_date from shift_assignments sa1_0 where sa1_0.work_date=?
Hibernate: select sa1_0.id,sa1_0.employee_id,sa1_0.end_time,sa1_0.shift_name,sa1_0.start_time,sa1_0.work_date from shift_assignments sa1_0 where sa1_0.work_date=?
2025-10-25T10:10:41.273+09:00 DEBUG 16416 --- [Shift Scheduler Demo] [           main] org.hibernate.SQL                        : select sa1_0.id,sa1_0.employee_id,sa1_0.end_time,sa1_0.shift_name,sa1_0.start_time,sa1_0.work_date from shift_assignments sa1_0 where sa1_0.work_date=?
Hibernate: select sa1_0.id,sa1_0.employee_id,sa1_0.end_time,sa1_0.shift_name,sa1_0.start_time,sa1_0.work_date from shift_assignments sa1_0 where sa1_0.work_date=?
2025-10-25T10:10:41.275+09:00 DEBUG 16416 --- [Shift Scheduler Demo] [           main] org.hibernate.SQL                        : select sa1_0.id,sa1_0.employee_id,sa1_0.end_time,sa1_0.shift_name,sa1_0.start_time,sa1_0.work_date from shift_assignments sa1_0 where sa1_0.work_date=?
Hibernate: select sa1_0.id,sa1_0.employee_id,sa1_0.end_time,sa1_0.shift_name,sa1_0.start_time,sa1_0.work_date from shift_assignments sa1_0 where sa1_0.work_date=?
2025-10-25T10:10:41.278+09:00 DEBUG 16416 --- [Shift Scheduler Demo] [           main] org.hibernate.SQL                        : select sa1_0.id,sa1_0.employee_id,sa1_0.end_time,sa1_0.shift_name,sa1_0.start_time,sa1_0.work_date from shift_assignments sa1_0 where sa1_0.work_date=?
Hibernate: select sa1_0.id,sa1_0.employee_id,sa1_0.end_time,sa1_0.shift_name,sa1_0.start_time,sa1_0.work_date from shift_assignments sa1_0 where sa1_0.work_date=?
2025-10-25T10:10:41.282+09:00 DEBUG 16416 --- [Shift Scheduler Demo] [           main] org.hibernate.SQL                        : select sa1_0.id,sa1_0.employee_id,sa1_0.end_time,sa1_0.shift_name,sa1_0.start_time,sa1_0.work_date from shift_assignments sa1_0 where sa1_0.work_date=?
Hibernate: select sa1_0.id,sa1_0.employee_id,sa1_0.end_time,sa1_0.shift_name,sa1_0.start_time,sa1_0.work_date from shift_assignments sa1_0 where sa1_0.work_date=?
2025-10-25T10:10:41.285+09:00 DEBUG 16416 --- [Shift Scheduler Demo] [           main] org.hibernate.SQL                        : select sa1_0.id,sa1_0.employee_id,sa1_0.end_time,sa1_0.shift_name,sa1_0.start_time,sa1_0.work_date from shift_assignments sa1_0 where sa1_0.work_date=?
Hibernate: select sa1_0.id,sa1_0.employee_id,sa1_0.end_time,sa1_0.shift_name,sa1_0.start_time,sa1_0.work_date from shift_assignments sa1_0 where sa1_0.work_date=?
2025-10-25T10:10:41.288+09:00 DEBUG 16416 --- [Shift Scheduler Demo] [           main] org.hibernate.SQL                        : select sa1_0.id,sa1_0.employee_id,sa1_0.end_time,sa1_0.shift_name,sa1_0.start_time,sa1_0.work_date from shift_assignments sa1_0 where sa1_0.work_date=?
Hibernate: select sa1_0.id,sa1_0.employee_id,sa1_0.end_time,sa1_0.shift_name,sa1_0.start_time,sa1_0.work_date from shift_assignments sa1_0 where sa1_0.work_date=?
2025-10-25T10:10:41.291+09:00 DEBUG 16416 --- [Shift Scheduler Demo] [           main] org.hibernate.SQL                        : select sa1_0.id,sa1_0.employee_id,sa1_0.end_time,sa1_0.shift_name,sa1_0.start_time,sa1_0.work_date from shift_assignments sa1_0 where sa1_0.work_date=?
Hibernate: select sa1_0.id,sa1_0.employee_id,sa1_0.end_time,sa1_0.shift_name,sa1_0.start_time,sa1_0.work_date from shift_assignments sa1_0 where sa1_0.work_date=?
2025-10-25T10:10:41.293+09:00 DEBUG 16416 --- [Shift Scheduler Demo] [           main] org.hibernate.SQL                        : select sa1_0.id,sa1_0.employee_id,sa1_0.end_time,sa1_0.shift_name,sa1_0.start_time,sa1_0.work_date from shift_assignments sa1_0 where sa1_0.work_date=?
Hibernate: select sa1_0.id,sa1_0.employee_id,sa1_0.end_time,sa1_0.shift_name,sa1_0.start_time,sa1_0.work_date from shift_assignments sa1_0 where sa1_0.work_date=?
2025-10-25T10:10:41.293+09:00 DEBUG 16416 --- [Shift Scheduler Demo] [           main] org.hibernate.SQL                        : select sa1_0.id,sa1_0.employee_id,sa1_0.end_time,sa1_0.shift_name,sa1_0.start_time,sa1_0.work_date from shift_assignments sa1_0 where sa1_0.work_date=?
Hibernate: select sa1_0.id,sa1_0.employee_id,sa1_0.end_time,sa1_0.shift_name,sa1_0.start_time,sa1_0.work_date from shift_assignments sa1_0 where sa1_0.work_date=?
2025-10-25T10:10:41.297+09:00 DEBUG 16416 --- [Shift Scheduler Demo] [           main] org.hibernate.SQL                        : select sa1_0.id,sa1_0.employee_id,sa1_0.end_time,sa1_0.shift_name,sa1_0.start_time,sa1_0.work_date from shift_assignments sa1_0 where sa1_0.work_date=?
Hibernate: select sa1_0.id,sa1_0.employee_id,sa1_0.end_time,sa1_0.shift_name,sa1_0.start_time,sa1_0.work_date from shift_assignments sa1_0 where sa1_0.work_date=?
2025-10-25T10:10:41.298+09:00 DEBUG 16416 --- [Shift Scheduler Demo] [           main] org.hibernate.SQL                        : select sa1_0.id,sa1_0.employee_id,sa1_0.end_time,sa1_0.shift_name,sa1_0.start_time,sa1_0.work_date from shift_assignments sa1_0 where sa1_0.work_date=?
Hibernate: select sa1_0.id,sa1_0.employee_id,sa1_0.end_time,sa1_0.shift_name,sa1_0.start_time,sa1_0.work_date from shift_assignments sa1_0 where sa1_0.work_date=?
2025-10-25T10:10:41.300+09:00 DEBUG 16416 --- [Shift Scheduler Demo] [           main] org.hibernate.SQL                        : select sa1_0.id,sa1_0.employee_id,sa1_0.end_time,sa1_0.shift_name,sa1_0.start_time,sa1_0.work_date from shift_assignments sa1_0 where sa1_0.work_date=?
Hibernate: select sa1_0.id,sa1_0.employee_id,sa1_0.end_time,sa1_0.shift_name,sa1_0.start_time,sa1_0.work_date from shift_assignments sa1_0 where sa1_0.work_date=?
2025-10-25T10:10:41.301+09:00 DEBUG 16416 --- [Shift Scheduler Demo] [           main] org.hibernate.SQL                        : select sa1_0.id,sa1_0.employee_id,sa1_0.end_time,sa1_0.shift_name,sa1_0.start_time,sa1_0.work_date from shift_assignments sa1_0 where sa1_0.work_date=?
Hibernate: select sa1_0.id,sa1_0.employee_id,sa1_0.end_time,sa1_0.shift_name,sa1_0.start_time,sa1_0.work_date from shift_assignments sa1_0 where sa1_0.work_date=?
2025-10-25T10:10:41.303+09:00 DEBUG 16416 --- [Shift Scheduler Demo] [           main] org.hibernate.SQL                        : select sa1_0.id,sa1_0.employee_id,sa1_0.end_time,sa1_0.shift_name,sa1_0.start_time,sa1_0.work_date from shift_assignments sa1_0 where sa1_0.work_date=?
Hibernate: select sa1_0.id,sa1_0.employee_id,sa1_0.end_time,sa1_0.shift_name,sa1_0.start_time,sa1_0.work_date from shift_assignments sa1_0 where sa1_0.work_date=?
2025-10-25T10:10:41.305+09:00 DEBUG 16416 --- [Shift Scheduler Demo] [           main] org.hibernate.SQL                        : select sa1_0.id,sa1_0.employee_id,sa1_0.end_time,sa1_0.shift_name,sa1_0.start_time,sa1_0.work_date from shift_assignments sa1_0 where sa1_0.work_date=?
Hibernate: select sa1_0.id,sa1_0.employee_id,sa1_0.end_time,sa1_0.shift_name,sa1_0.start_time,sa1_0.work_date from shift_assignments sa1_0 where sa1_0.work_date=?
2025-10-25T10:10:41.306+09:00 DEBUG 16416 --- [Shift Scheduler Demo] [           main] org.hibernate.SQL                        : select sa1_0.id,sa1_0.employee_id,sa1_0.end_time,sa1_0.shift_name,sa1_0.start_time,sa1_0.work_date from shift_assignments sa1_0 where sa1_0.work_date=?
Hibernate: select sa1_0.id,sa1_0.employee_id,sa1_0.end_time,sa1_0.shift_name,sa1_0.start_time,sa1_0.work_date from shift_assignments sa1_0 where sa1_0.work_date=?
2025-10-25T10:10:41.308+09:00 DEBUG 16416 --- [Shift Scheduler Demo] [           main] org.hibernate.SQL                        : select sa1_0.id,sa1_0.employee_id,sa1_0.end_time,sa1_0.shift_name,sa1_0.start_time,sa1_0.work_date from shift_assignments sa1_0 where sa1_0.work_date=?
Hibernate: select sa1_0.id,sa1_0.employee_id,sa1_0.end_time,sa1_0.shift_name,sa1_0.start_time,sa1_0.work_date from shift_assignments sa1_0 where sa1_0.work_date=?
2025-10-25T10:10:41.310+09:00 DEBUG 16416 --- [Shift Scheduler Demo] [           main] org.hibernate.SQL                        : select sa1_0.id,sa1_0.employee_id,sa1_0.end_time,sa1_0.shift_name,sa1_0.start_time,sa1_0.work_date from shift_assignments sa1_0 where sa1_0.work_date=?
Hibernate: select sa1_0.id,sa1_0.employee_id,sa1_0.end_time,sa1_0.shift_name,sa1_0.start_time,sa1_0.work_date from shift_assignments sa1_0 where sa1_0.work_date=?
2025-10-25T10:10:41.313+09:00 DEBUG 16416 --- [Shift Scheduler Demo] [           main] org.hibernate.SQL                        : select sa1_0.id,sa1_0.employee_id,sa1_0.end_time,sa1_0.shift_name,sa1_0.start_time,sa1_0.work_date from shift_assignments sa1_0 where sa1_0.work_date=?
Hibernate: select sa1_0.id,sa1_0.employee_id,sa1_0.end_time,sa1_0.shift_name,sa1_0.start_time,sa1_0.work_date from shift_assignments sa1_0 where sa1_0.work_date=?
2025-10-25T10:10:41.315+09:00 DEBUG 16416 --- [Shift Scheduler Demo] [           main] org.hibernate.SQL                        : select sa1_0.id,sa1_0.employee_id,sa1_0.end_time,sa1_0.shift_name,sa1_0.start_time,sa1_0.work_date from shift_assignments sa1_0 where sa1_0.work_date=?
Hibernate: select sa1_0.id,sa1_0.employee_id,sa1_0.end_time,sa1_0.shift_name,sa1_0.start_time,sa1_0.work_date from shift_assignments sa1_0 where sa1_0.work_date=?
2025-10-25T10:10:41.318+09:00 DEBUG 16416 --- [Shift Scheduler Demo] [           main] org.hibernate.SQL                        : select sa1_0.id,sa1_0.employee_id,sa1_0.end_time,sa1_0.shift_name,sa1_0.start_time,sa1_0.work_date from shift_assignments sa1_0 where sa1_0.work_date=?
Hibernate: select sa1_0.id,sa1_0.employee_id,sa1_0.end_time,sa1_0.shift_name,sa1_0.start_time,sa1_0.work_date from shift_assignments sa1_0 where sa1_0.work_date=?
2025-10-25T10:10:41.320+09:00 DEBUG 16416 --- [Shift Scheduler Demo] [           main] org.hibernate.SQL                        : select sa1_0.id,sa1_0.employee_id,sa1_0.end_time,sa1_0.shift_name,sa1_0.start_time,sa1_0.work_date from shift_assignments sa1_0 where sa1_0.work_date=?
Hibernate: select sa1_0.id,sa1_0.employee_id,sa1_0.end_time,sa1_0.shift_name,sa1_0.start_time,sa1_0.work_date from shift_assignments sa1_0 where sa1_0.work_date=?
2025-10-25T10:10:41.324+09:00 DEBUG 16416 --- [Shift Scheduler Demo] [           main] org.hibernate.SQL                        : select sa1_0.id,sa1_0.employee_id,sa1_0.end_time,sa1_0.shift_name,sa1_0.start_time,sa1_0.work_date from shift_assignments sa1_0 where sa1_0.work_date=?
Hibernate: select sa1_0.id,sa1_0.employee_id,sa1_0.end_time,sa1_0.shift_name,sa1_0.start_time,sa1_0.work_date from shift_assignments sa1_0 where sa1_0.work_date=?
2025-10-25T10:10:41.324+09:00  INFO 16416 --- [Shift Scheduler Demo] [           main] c.e.shiftv1.schedule.ScheduleService     : 既存のシフト割り当てを削除しました: 2024-07-01 から 2024-07-31
2025-10-25T10:10:41.326+09:00 DEBUG 16416 --- [Shift Scheduler Demo] [           main] org.hibernate.SQL                        : select sc1_0.id,sc1_0.is_active,sc1_0.created_at,sc1_0.day_of_week,sc1_0.end_time,sc1_0.is_holiday,sc1_0.name,sc1_0.required_employees,sc1_0.required_skill_id,sc1_0.start_time,sc1_0.updated_at from shift_config sc1_0 where sc1_0.is_active=1
Hibernate: select sc1_0.id,sc1_0.is_active,sc1_0.created_at,sc1_0.day_of_week,sc1_0.end_time,sc1_0.is_holiday,sc1_0.name,sc1_0.required_employees,sc1_0.required_skill_id,sc1_0.start_time,sc1_0.updated_at from shift_config sc1_0 where sc1_0.is_active=1
2025-10-25T10:10:41.329+09:00 DEBUG 16416 --- [Shift Scheduler Demo] [           main] org.hibernate.SQL                        : select d1_0.shift_config_id,d1_0.day_of_week from shift_config_days d1_0 where d1_0.shift_config_id=?
Hibernate: select d1_0.shift_config_id,d1_0.day_of_week from shift_config_days d1_0 where d1_0.shift_config_id=?
2025-10-25T10:10:41.331+09:00 DEBUG 16416 --- [Shift Scheduler Demo] [           main] org.hibernate.SQL                        : select ec1_0.id,ec1_0.is_active,ec1_0.created_at,ec1_0.date,ec1_0.employee_id,ec1_0.end_time,ec1_0.reason,ec1_0.start_time,ec1_0.type,ec1_0.updated_at from employee_constraints ec1_0 where ec1_0.date between ? and ? and ec1_0.is_active=1
Hibernate: select ec1_0.id,ec1_0.is_active,ec1_0.created_at,ec1_0.date,ec1_0.employee_id,ec1_0.end_time,ec1_0.reason,ec1_0.start_time,ec1_0.type,ec1_0.updated_at from employee_constraints ec1_0 where ec1_0.date between ? and ? and ec1_0.is_active=1
2025-10-25T10:10:41.333+09:00 DEBUG 16416 --- [Shift Scheduler Demo] [           main] org.hibernate.SQL                        : select h1_0.date from holidays h1_0 where h1_0.date between ? and ?
Hibernate: select h1_0.date from holidays h1_0 where h1_0.date between ? and ?
2025-10-25T10:10:41.335+09:00 DEBUG 16416 --- [Shift Scheduler Demo] [           main] org.hibernate.SQL                        : select di1_0.id,di1_0.is_active,di1_0.created_at,di1_0.date,di1_0.day_of_week,di1_0.end_time,di1_0.required_seats,di1_0.skill_id,di1_0.sort_order,di1_0.start_time,di1_0.updated_at from demand_intervals di1_0 where (di1_0.date=? or (di1_0.date is null and di1_0.day_of_week=?)) and (di1_0.is_active=1 or di1_0.is_active is null) and di1_0.skill_id is not null
Hibernate: select di1_0.id,di1_0.is_active,di1_0.created_at,di1_0.date,di1_0.day_of_week,di1_0.end_time,di1_0.required_seats,di1_0.skill_id,di1_0.sort_order,di1_0.start_time,di1_0.updated_at from demand_intervals di1_0 where (di1_0.date=? or (di1_0.date is null and di1_0.day_of_week=?)) and (di1_0.is_active=1 or di1_0.is_active is null) and di1_0.skill_id is not null
2025-10-25T10:10:41.339+09:00 DEBUG 16416 --- [Shift Scheduler Demo] [           main] org.hibernate.SQL                        : select di1_0.id,di1_0.is_active,di1_0.created_at,di1_0.date,di1_0.day_of_week,di1_0.end_time,di1_0.required_seats,di1_0.skill_id,di1_0.sort_order,di1_0.start_time,di1_0.updated_at from demand_intervals di1_0 where (di1_0.date=? or (di1_0.date is null and di1_0.day_of_week=?)) and (di1_0.is_active=1 or di1_0.is_active is null) and di1_0.skill_id is not null
Hibernate: select di1_0.id,di1_0.is_active,di1_0.created_at,di1_0.date,di1_0.day_of_week,di1_0.end_time,di1_0.required_seats,di1_0.skill_id,di1_0.sort_order,di1_0.start_time,di1_0.updated_at from demand_intervals di1_0 where (di1_0.date=? or (di1_0.date is null and di1_0.day_of_week=?)) and (di1_0.is_active=1 or di1_0.is_active is null) and di1_0.skill_id is not null
2025-10-25T10:10:41.340+09:00 DEBUG 16416 --- [Shift Scheduler Demo] [           main] org.hibernate.SQL                        : select di1_0.id,di1_0.is_active,di1_0.created_at,di1_0.date,di1_0.day_of_week,di1_0.end_time,di1_0.required_seats,di1_0.skill_id,di1_0.sort_order,di1_0.start_time,di1_0.updated_at from demand_intervals di1_0 where (di1_0.date=? or (di1_0.date is null and di1_0.day_of_week=?)) and (di1_0.is_active=1 or di1_0.is_active is null) and di1_0.skill_id is not null
Hibernate: select di1_0.id,di1_0.is_active,di1_0.created_at,di1_0.date,di1_0.day_of_week,di1_0.end_time,di1_0.required_seats,di1_0.skill_id,di1_0.sort_order,di1_0.start_time,di1_0.updated_at from demand_intervals di1_0 where (di1_0.date=? or (di1_0.date is null and di1_0.day_of_week=?)) and (di1_0.is_active=1 or di1_0.is_active is null) and di1_0.skill_id is not null
2025-10-25T10:10:41.342+09:00 DEBUG 16416 --- [Shift Scheduler Demo] [           main] org.hibernate.SQL                        : select di1_0.id,di1_0.is_active,di1_0.created_at,di1_0.date,di1_0.day_of_week,di1_0.end_time,di1_0.required_seats,di1_0.skill_id,di1_0.sort_order,di1_0.start_time,di1_0.updated_at from demand_intervals di1_0 where (di1_0.date=? or (di1_0.date is null and di1_0.day_of_week=?)) and (di1_0.is_active=1 or di1_0.is_active is null) and di1_0.skill_id is not null
Hibernate: select di1_0.id,di1_0.is_active,di1_0.created_at,di1_0.date,di1_0.day_of_week,di1_0.end_time,di1_0.required_seats,di1_0.skill_id,di1_0.sort_order,di1_0.start_time,di1_0.updated_at from demand_intervals di1_0 where (di1_0.date=? or (di1_0.date is null and di1_0.day_of_week=?)) and (di1_0.is_active=1 or di1_0.is_active is null) and di1_0.skill_id is not null
2025-10-25T10:10:41.344+09:00 DEBUG 16416 --- [Shift Scheduler Demo] [           main] org.hibernate.SQL                        : select di1_0.id,di1_0.is_active,di1_0.created_at,di1_0.date,di1_0.day_of_week,di1_0.end_time,di1_0.required_seats,di1_0.skill_id,di1_0.sort_order,di1_0.start_time,di1_0.updated_at from demand_intervals di1_0 where (di1_0.date=? or (di1_0.date is null and di1_0.day_of_week=?)) and (di1_0.is_active=1 or di1_0.is_active is null) and di1_0.skill_id is not null
Hibernate: select di1_0.id,di1_0.is_active,di1_0.created_at,di1_0.date,di1_0.day_of_week,di1_0.end_time,di1_0.required_seats,di1_0.skill_id,di1_0.sort_order,di1_0.start_time,di1_0.updated_at from demand_intervals di1_0 where (di1_0.date=? or (di1_0.date is null and di1_0.day_of_week=?)) and (di1_0.is_active=1 or di1_0.is_active is null) and di1_0.skill_id is not null
2025-10-25T10:10:41.346+09:00 DEBUG 16416 --- [Shift Scheduler Demo] [           main] org.hibernate.SQL                        : select di1_0.id,di1_0.is_active,di1_0.created_at,di1_0.date,di1_0.day_of_week,di1_0.end_time,di1_0.required_seats,di1_0.skill_id,di1_0.sort_order,di1_0.start_time,di1_0.updated_at from demand_intervals di1_0 where (di1_0.date=? or (di1_0.date is null and di1_0.day_of_week=?)) and (di1_0.is_active=1 or di1_0.is_active is null) and di1_0.skill_id is not null
Hibernate: select di1_0.id,di1_0.is_active,di1_0.created_at,di1_0.date,di1_0.day_of_week,di1_0.end_time,di1_0.required_seats,di1_0.skill_id,di1_0.sort_order,di1_0.start_time,di1_0.updated_at from demand_intervals di1_0 where (di1_0.date=? or (di1_0.date is null and di1_0.day_of_week=?)) and (di1_0.is_active=1 or di1_0.is_active is null) and di1_0.skill_id is not null
2025-10-25T10:10:41.348+09:00 DEBUG 16416 --- [Shift Scheduler Demo] [           main] org.hibernate.SQL                        : select di1_0.id,di1_0.is_active,di1_0.created_at,di1_0.date,di1_0.day_of_week,di1_0.end_time,di1_0.required_seats,di1_0.skill_id,di1_0.sort_order,di1_0.start_time,di1_0.updated_at from demand_intervals di1_0 where (di1_0.date=? or (di1_0.date is null and di1_0.day_of_week=?)) and (di1_0.is_active=1 or di1_0.is_active is null) and di1_0.skill_id is not null
Hibernate: select di1_0.id,di1_0.is_active,di1_0.created_at,di1_0.date,di1_0.day_of_week,di1_0.end_time,di1_0.required_seats,di1_0.skill_id,di1_0.sort_order,di1_0.start_time,di1_0.updated_at from demand_intervals di1_0 where (di1_0.date=? or (di1_0.date is null and di1_0.day_of_week=?)) and (di1_0.is_active=1 or di1_0.is_active is null) and di1_0.skill_id is not null
2025-10-25T10:10:41.350+09:00 DEBUG 16416 --- [Shift Scheduler Demo] [           main] org.hibernate.SQL                        : select di1_0.id,di1_0.is_active,di1_0.created_at,di1_0.date,di1_0.day_of_week,di1_0.end_time,di1_0.required_seats,di1_0.skill_id,di1_0.sort_order,di1_0.start_time,di1_0.updated_at from demand_intervals di1_0 where (di1_0.date=? or (di1_0.date is null and di1_0.day_of_week=?)) and (di1_0.is_active=1 or di1_0.is_active is null) and di1_0.skill_id is not null
Hibernate: select di1_0.id,di1_0.is_active,di1_0.created_at,di1_0.date,di1_0.day_of_week,di1_0.end_time,di1_0.required_seats,di1_0.skill_id,di1_0.sort_order,di1_0.start_time,di1_0.updated_at from demand_intervals di1_0 where (di1_0.date=? or (di1_0.date is null and di1_0.day_of_week=?)) and (di1_0.is_active=1 or di1_0.is_active is null) and di1_0.skill_id is not null
2025-10-25T10:10:41.354+09:00 DEBUG 16416 --- [Shift Scheduler Demo] [           main] org.hibernate.SQL                        : select di1_0.id,di1_0.is_active,di1_0.created_at,di1_0.date,di1_0.day_of_week,di1_0.end_time,di1_0.required_seats,di1_0.skill_id,di1_0.sort_order,di1_0.start_time,di1_0.updated_at from demand_intervals di1_0 where (di1_0.date=? or (di1_0.date is null and di1_0.day_of_week=?)) and (di1_0.is_active=1 or di1_0.is_active is null) and di1_0.skill_id is not null
Hibernate: select di1_0.id,di1_0.is_active,di1_0.created_at,di1_0.date,di1_0.day_of_week,di1_0.end_time,di1_0.required_seats,di1_0.skill_id,di1_0.sort_order,di1_0.start_time,di1_0.updated_at from demand_intervals di1_0 where (di1_0.date=? or (di1_0.date is null and di1_0.day_of_week=?)) and (di1_0.is_active=1 or di1_0.is_active is null) and di1_0.skill_id is not null
2025-10-25T10:10:41.355+09:00 DEBUG 16416 --- [Shift Scheduler Demo] [           main] org.hibernate.SQL                        : select di1_0.id,di1_0.is_active,di1_0.created_at,di1_0.date,di1_0.day_of_week,di1_0.end_time,di1_0.required_seats,di1_0.skill_id,di1_0.sort_order,di1_0.start_time,di1_0.updated_at from demand_intervals di1_0 where (di1_0.date=? or (di1_0.date is null and di1_0.day_of_week=?)) and (di1_0.is_active=1 or di1_0.is_active is null) and di1_0.skill_id is not null
Hibernate: select di1_0.id,di1_0.is_active,di1_0.created_at,di1_0.date,di1_0.day_of_week,di1_0.end_time,di1_0.required_seats,di1_0.skill_id,di1_0.sort_order,di1_0.start_time,di1_0.updated_at from demand_intervals di1_0 where (di1_0.date=? or (di1_0.date is null and di1_0.day_of_week=?)) and (di1_0.is_active=1 or di1_0.is_active is null) and di1_0.skill_id is not null
2025-10-25T10:10:41.357+09:00 DEBUG 16416 --- [Shift Scheduler Demo] [           main] org.hibernate.SQL                        : select di1_0.id,di1_0.is_active,di1_0.created_at,di1_0.date,di1_0.day_of_week,di1_0.end_time,di1_0.required_seats,di1_0.skill_id,di1_0.sort_order,di1_0.start_time,di1_0.updated_at from demand_intervals di1_0 where (di1_0.date=? or (di1_0.date is null and di1_0.day_of_week=?)) and (di1_0.is_active=1 or di1_0.is_active is null) and di1_0.skill_id is not null
Hibernate: select di1_0.id,di1_0.is_active,di1_0.created_at,di1_0.date,di1_0.day_of_week,di1_0.end_time,di1_0.required_seats,di1_0.skill_id,di1_0.sort_order,di1_0.start_time,di1_0.updated_at from demand_intervals di1_0 where (di1_0.date=? or (di1_0.date is null and di1_0.day_of_week=?)) and (di1_0.is_active=1 or di1_0.is_active is null) and di1_0.skill_id is not null
2025-10-25T10:10:41.358+09:00 DEBUG 16416 --- [Shift Scheduler Demo] [           main] org.hibernate.SQL                        : select di1_0.id,di1_0.is_active,di1_0.created_at,di1_0.date,di1_0.day_of_week,di1_0.end_time,di1_0.required_seats,di1_0.skill_id,di1_0.sort_order,di1_0.start_time,di1_0.updated_at from demand_intervals di1_0 where (di1_0.date=? or (di1_0.date is null and di1_0.day_of_week=?)) and (di1_0.is_active=1 or di1_0.is_active is null) and di1_0.skill_id is not null
Hibernate: select di1_0.id,di1_0.is_active,di1_0.created_at,di1_0.date,di1_0.day_of_week,di1_0.end_time,di1_0.required_seats,di1_0.skill_id,di1_0.sort_order,di1_0.start_time,di1_0.updated_at from demand_intervals di1_0 where (di1_0.date=? or (di1_0.date is null and di1_0.day_of_week=?)) and (di1_0.is_active=1 or di1_0.is_active is null) and di1_0.skill_id is not null
2025-10-25T10:10:41.365+09:00 DEBUG 16416 --- [Shift Scheduler Demo] [           main] org.hibernate.SQL                        : select di1_0.id,di1_0.is_active,di1_0.created_at,di1_0.date,di1_0.day_of_week,di1_0.end_time,di1_0.required_seats,di1_0.skill_id,di1_0.sort_order,di1_0.start_time,di1_0.updated_at from demand_intervals di1_0 where (di1_0.date=? or (di1_0.date is null and di1_0.day_of_week=?)) and (di1_0.is_active=1 or di1_0.is_active is null) and di1_0.skill_id is not null
Hibernate: select di1_0.id,di1_0.is_active,di1_0.created_at,di1_0.date,di1_0.day_of_week,di1_0.end_time,di1_0.required_seats,di1_0.skill_id,di1_0.sort_order,di1_0.start_time,di1_0.updated_at from demand_intervals di1_0 where (di1_0.date=? or (di1_0.date is null and di1_0.day_of_week=?)) and (di1_0.is_active=1 or di1_0.is_active is null) and di1_0.skill_id is not null
2025-10-25T10:10:41.366+09:00 DEBUG 16416 --- [Shift Scheduler Demo] [           main] org.hibernate.SQL                        : select di1_0.id,di1_0.is_active,di1_0.created_at,di1_0.date,di1_0.day_of_week,di1_0.end_time,di1_0.required_seats,di1_0.skill_id,di1_0.sort_order,di1_0.start_time,di1_0.updated_at from demand_intervals di1_0 where (di1_0.date=? or (di1_0.date is null and di1_0.day_of_week=?)) and (di1_0.is_active=1 or di1_0.is_active is null) and di1_0.skill_id is not null
Hibernate: select di1_0.id,di1_0.is_active,di1_0.created_at,di1_0.date,di1_0.day_of_week,di1_0.end_time,di1_0.required_seats,di1_0.skill_id,di1_0.sort_order,di1_0.start_time,di1_0.updated_at from demand_intervals di1_0 where (di1_0.date=? or (di1_0.date is null and di1_0.day_of_week=?)) and (di1_0.is_active=1 or di1_0.is_active is null) and di1_0.skill_id is not null
2025-10-25T10:10:41.367+09:00 DEBUG 16416 --- [Shift Scheduler Demo] [           main] org.hibernate.SQL                        : select di1_0.id,di1_0.is_active,di1_0.created_at,di1_0.date,di1_0.day_of_week,di1_0.end_time,di1_0.required_seats,di1_0.skill_id,di1_0.sort_order,di1_0.start_time,di1_0.updated_at from demand_intervals di1_0 where (di1_0.date=? or (di1_0.date is null and di1_0.day_of_week=?)) and (di1_0.is_active=1 or di1_0.is_active is null) and di1_0.skill_id is not null
Hibernate: select di1_0.id,di1_0.is_active,di1_0.created_at,di1_0.date,di1_0.day_of_week,di1_0.end_time,di1_0.required_seats,di1_0.skill_id,di1_0.sort_order,di1_0.start_time,di1_0.updated_at from demand_intervals di1_0 where (di1_0.date=? or (di1_0.date is null and di1_0.day_of_week=?)) and (di1_0.is_active=1 or di1_0.is_active is null) and di1_0.skill_id is not null
2025-10-25T10:10:41.368+09:00 DEBUG 16416 --- [Shift Scheduler Demo] [           main] org.hibernate.SQL                        : select di1_0.id,di1_0.is_active,di1_0.created_at,di1_0.date,di1_0.day_of_week,di1_0.end_time,di1_0.required_seats,di1_0.skill_id,di1_0.sort_order,di1_0.start_time,di1_0.updated_at from demand_intervals di1_0 where (di1_0.date=? or (di1_0.date is null and di1_0.day_of_week=?)) and (di1_0.is_active=1 or di1_0.is_active is null) and di1_0.skill_id is not null
Hibernate: select di1_0.id,di1_0.is_active,di1_0.created_at,di1_0.date,di1_0.day_of_week,di1_0.end_time,di1_0.required_seats,di1_0.skill_id,di1_0.sort_order,di1_0.start_time,di1_0.updated_at from demand_intervals di1_0 where (di1_0.date=? or (di1_0.date is null and di1_0.day_of_week=?)) and (di1_0.is_active=1 or di1_0.is_active is null) and di1_0.skill_id is not null
2025-10-25T10:10:41.369+09:00 DEBUG 16416 --- [Shift Scheduler Demo] [           main] org.hibernate.SQL                        : select di1_0.id,di1_0.is_active,di1_0.created_at,di1_0.date,di1_0.day_of_week,di1_0.end_time,di1_0.required_seats,di1_0.skill_id,di1_0.sort_order,di1_0.start_time,di1_0.updated_at from demand_intervals di1_0 where (di1_0.date=? or (di1_0.date is null and di1_0.day_of_week=?)) and (di1_0.is_active=1 or di1_0.is_active is null) and di1_0.skill_id is not null
Hibernate: select di1_0.id,di1_0.is_active,di1_0.created_at,di1_0.date,di1_0.day_of_week,di1_0.end_time,di1_0.required_seats,di1_0.skill_id,di1_0.sort_order,di1_0.start_time,di1_0.updated_at from demand_intervals di1_0 where (di1_0.date=? or (di1_0.date is null and di1_0.day_of_week=?)) and (di1_0.is_active=1 or di1_0.is_active is null) and di1_0.skill_id is not null
2025-10-25T10:10:41.370+09:00 DEBUG 16416 --- [Shift Scheduler Demo] [           main] org.hibernate.SQL                        : select di1_0.id,di1_0.is_active,di1_0.created_at,di1_0.date,di1_0.day_of_week,di1_0.end_time,di1_0.required_seats,di1_0.skill_id,di1_0.sort_order,di1_0.start_time,di1_0.updated_at from demand_intervals di1_0 where (di1_0.date=? or (di1_0.date is null and di1_0.day_of_week=?)) and (di1_0.is_active=1 or di1_0.is_active is null) and di1_0.skill_id is not null
Hibernate: select di1_0.id,di1_0.is_active,di1_0.created_at,di1_0.date,di1_0.day_of_week,di1_0.end_time,di1_0.required_seats,di1_0.skill_id,di1_0.sort_order,di1_0.start_time,di1_0.updated_at from demand_intervals di1_0 where (di1_0.date=? or (di1_0.date is null and di1_0.day_of_week=?)) and (di1_0.is_active=1 or di1_0.is_active is null) and di1_0.skill_id is not null
2025-10-25T10:10:41.371+09:00 DEBUG 16416 --- [Shift Scheduler Demo] [           main] org.hibernate.SQL                        : select di1_0.id,di1_0.is_active,di1_0.created_at,di1_0.date,di1_0.day_of_week,di1_0.end_time,di1_0.required_seats,di1_0.skill_id,di1_0.sort_order,di1_0.start_time,di1_0.updated_at from demand_intervals di1_0 where (di1_0.date=? or (di1_0.date is null and di1_0.day_of_week=?)) and (di1_0.is_active=1 or di1_0.is_active is null) and di1_0.skill_id is not null
Hibernate: select di1_0.id,di1_0.is_active,di1_0.created_at,di1_0.date,di1_0.day_of_week,di1_0.end_time,di1_0.required_seats,di1_0.skill_id,di1_0.sort_order,di1_0.start_time,di1_0.updated_at from demand_intervals di1_0 where (di1_0.date=? or (di1_0.date is null and di1_0.day_of_week=?)) and (di1_0.is_active=1 or di1_0.is_active is null) and di1_0.skill_id is not null
2025-10-25T10:10:41.373+09:00 DEBUG 16416 --- [Shift Scheduler Demo] [           main] org.hibernate.SQL                        : select di1_0.id,di1_0.is_active,di1_0.created_at,di1_0.date,di1_0.day_of_week,di1_0.end_time,di1_0.required_seats,di1_0.skill_id,di1_0.sort_order,di1_0.start_time,di1_0.updated_at from demand_intervals di1_0 where (di1_0.date=? or (di1_0.date is null and di1_0.day_of_week=?)) and (di1_0.is_active=1 or di1_0.is_active is null) and di1_0.skill_id is not null
Hibernate: select di1_0.id,di1_0.is_active,di1_0.created_at,di1_0.date,di1_0.day_of_week,di1_0.end_time,di1_0.required_seats,di1_0.skill_id,di1_0.sort_order,di1_0.start_time,di1_0.updated_at from demand_intervals di1_0 where (di1_0.date=? or (di1_0.date is null and di1_0.day_of_week=?)) and (di1_0.is_active=1 or di1_0.is_active is null) and di1_0.skill_id is not null
2025-10-25T10:10:41.374+09:00 DEBUG 16416 --- [Shift Scheduler Demo] [           main] org.hibernate.SQL                        : select di1_0.id,di1_0.is_active,di1_0.created_at,di1_0.date,di1_0.day_of_week,di1_0.end_time,di1_0.required_seats,di1_0.skill_id,di1_0.sort_order,di1_0.start_time,di1_0.updated_at from demand_intervals di1_0 where (di1_0.date=? or (di1_0.date is null and di1_0.day_of_week=?)) and (di1_0.is_active=1 or di1_0.is_active is null) and di1_0.skill_id is not null
Hibernate: select di1_0.id,di1_0.is_active,di1_0.created_at,di1_0.date,di1_0.day_of_week,di1_0.end_time,di1_0.required_seats,di1_0.skill_id,di1_0.sort_order,di1_0.start_time,di1_0.updated_at from demand_intervals di1_0 where (di1_0.date=? or (di1_0.date is null and di1_0.day_of_week=?)) and (di1_0.is_active=1 or di1_0.is_active is null) and di1_0.skill_id is not null
2025-10-25T10:10:41.375+09:00 DEBUG 16416 --- [Shift Scheduler Demo] [           main] org.hibernate.SQL                        : select di1_0.id,di1_0.is_active,di1_0.created_at,di1_0.date,di1_0.day_of_week,di1_0.end_time,di1_0.required_seats,di1_0.skill_id,di1_0.sort_order,di1_0.start_time,di1_0.updated_at from demand_intervals di1_0 where (di1_0.date=? or (di1_0.date is null and di1_0.day_of_week=?)) and (di1_0.is_active=1 or di1_0.is_active is null) and di1_0.skill_id is not null
Hibernate: select di1_0.id,di1_0.is_active,di1_0.created_at,di1_0.date,di1_0.day_of_week,di1_0.end_time,di1_0.required_seats,di1_0.skill_id,di1_0.sort_order,di1_0.start_time,di1_0.updated_at from demand_intervals di1_0 where (di1_0.date=? or (di1_0.date is null and di1_0.day_of_week=?)) and (di1_0.is_active=1 or di1_0.is_active is null) and di1_0.skill_id is not null
2025-10-25T10:10:41.376+09:00 DEBUG 16416 --- [Shift Scheduler Demo] [           main] org.hibernate.SQL                        : select di1_0.id,di1_0.is_active,di1_0.created_at,di1_0.date,di1_0.day_of_week,di1_0.end_time,di1_0.required_seats,di1_0.skill_id,di1_0.sort_order,di1_0.start_time,di1_0.updated_at from demand_intervals di1_0 where (di1_0.date=? or (di1_0.date is null and di1_0.day_of_week=?)) and (di1_0.is_active=1 or di1_0.is_active is null) and di1_0.skill_id is not null
Hibernate: select di1_0.id,di1_0.is_active,di1_0.created_at,di1_0.date,di1_0.day_of_week,di1_0.end_time,di1_0.required_seats,di1_0.skill_id,di1_0.sort_order,di1_0.start_time,di1_0.updated_at from demand_intervals di1_0 where (di1_0.date=? or (di1_0.date is null and di1_0.day_of_week=?)) and (di1_0.is_active=1 or di1_0.is_active is null) and di1_0.skill_id is not null
2025-10-25T10:10:41.376+09:00 DEBUG 16416 --- [Shift Scheduler Demo] [           main] org.hibernate.SQL                        : select di1_0.id,di1_0.is_active,di1_0.created_at,di1_0.date,di1_0.day_of_week,di1_0.end_time,di1_0.required_seats,di1_0.skill_id,di1_0.sort_order,di1_0.start_time,di1_0.updated_at from demand_intervals di1_0 where (di1_0.date=? or (di1_0.date is null and di1_0.day_of_week=?)) and (di1_0.is_active=1 or di1_0.is_active is null) and di1_0.skill_id is not null
Hibernate: select di1_0.id,di1_0.is_active,di1_0.created_at,di1_0.date,di1_0.day_of_week,di1_0.end_time,di1_0.required_seats,di1_0.skill_id,di1_0.sort_order,di1_0.start_time,di1_0.updated_at from demand_intervals di1_0 where (di1_0.date=? or (di1_0.date is null and di1_0.day_of_week=?)) and (di1_0.is_active=1 or di1_0.is_active is null) and di1_0.skill_id is not null
2025-10-25T10:10:41.379+09:00 DEBUG 16416 --- [Shift Scheduler Demo] [           main] org.hibernate.SQL                        : select di1_0.id,di1_0.is_active,di1_0.created_at,di1_0.date,di1_0.day_of_week,di1_0.end_time,di1_0.required_seats,di1_0.skill_id,di1_0.sort_order,di1_0.start_time,di1_0.updated_at from demand_intervals di1_0 where (di1_0.date=? or (di1_0.date is null and di1_0.day_of_week=?)) and (di1_0.is_active=1 or di1_0.is_active is null) and di1_0.skill_id is not null
Hibernate: select di1_0.id,di1_0.is_active,di1_0.created_at,di1_0.date,di1_0.day_of_week,di1_0.end_time,di1_0.required_seats,di1_0.skill_id,di1_0.sort_order,di1_0.start_time,di1_0.updated_at from demand_intervals di1_0 where (di1_0.date=? or (di1_0.date is null and di1_0.day_of_week=?)) and (di1_0.is_active=1 or di1_0.is_active is null) and di1_0.skill_id is not null
2025-10-25T10:10:41.380+09:00 DEBUG 16416 --- [Shift Scheduler Demo] [           main] org.hibernate.SQL                        : select di1_0.id,di1_0.is_active,di1_0.created_at,di1_0.date,di1_0.day_of_week,di1_0.end_time,di1_0.required_seats,di1_0.skill_id,di1_0.sort_order,di1_0.start_time,di1_0.updated_at from demand_intervals di1_0 where (di1_0.date=? or (di1_0.date is null and di1_0.day_of_week=?)) and (di1_0.is_active=1 or di1_0.is_active is null) and di1_0.skill_id is not null
Hibernate: select di1_0.id,di1_0.is_active,di1_0.created_at,di1_0.date,di1_0.day_of_week,di1_0.end_time,di1_0.required_seats,di1_0.skill_id,di1_0.sort_order,di1_0.start_time,di1_0.updated_at from demand_intervals di1_0 where (di1_0.date=? or (di1_0.date is null and di1_0.day_of_week=?)) and (di1_0.is_active=1 or di1_0.is_active is null) and di1_0.skill_id is not null
2025-10-25T10:10:41.381+09:00 DEBUG 16416 --- [Shift Scheduler Demo] [           main] org.hibernate.SQL                        : select di1_0.id,di1_0.is_active,di1_0.created_at,di1_0.date,di1_0.day_of_week,di1_0.end_time,di1_0.required_seats,di1_0.skill_id,di1_0.sort_order,di1_0.start_time,di1_0.updated_at from demand_intervals di1_0 where (di1_0.date=? or (di1_0.date is null and di1_0.day_of_week=?)) and (di1_0.is_active=1 or di1_0.is_active is null) and di1_0.skill_id is not null
Hibernate: select di1_0.id,di1_0.is_active,di1_0.created_at,di1_0.date,di1_0.day_of_week,di1_0.end_time,di1_0.required_seats,di1_0.skill_id,di1_0.sort_order,di1_0.start_time,di1_0.updated_at from demand_intervals di1_0 where (di1_0.date=? or (di1_0.date is null and di1_0.day_of_week=?)) and (di1_0.is_active=1 or di1_0.is_active is null) and di1_0.skill_id is not null
2025-10-25T10:10:41.382+09:00 DEBUG 16416 --- [Shift Scheduler Demo] [           main] org.hibernate.SQL                        : select di1_0.id,di1_0.is_active,di1_0.created_at,di1_0.date,di1_0.day_of_week,di1_0.end_time,di1_0.required_seats,di1_0.skill_id,di1_0.sort_order,di1_0.start_time,di1_0.updated_at from demand_intervals di1_0 where (di1_0.date=? or (di1_0.date is null and di1_0.day_of_week=?)) and (di1_0.is_active=1 or di1_0.is_active is null) and di1_0.skill_id is not null
Hibernate: select di1_0.id,di1_0.is_active,di1_0.created_at,di1_0.date,di1_0.day_of_week,di1_0.end_time,di1_0.required_seats,di1_0.skill_id,di1_0.sort_order,di1_0.start_time,di1_0.updated_at from demand_intervals di1_0 where (di1_0.date=? or (di1_0.date is null and di1_0.day_of_week=?)) and (di1_0.is_active=1 or di1_0.is_active is null) and di1_0.skill_id is not null
2025-10-25T10:10:41.384+09:00 DEBUG 16416 --- [Shift Scheduler Demo] [           main] org.hibernate.SQL                        : select di1_0.id,di1_0.is_active,di1_0.created_at,di1_0.date,di1_0.day_of_week,di1_0.end_time,di1_0.required_seats,di1_0.skill_id,di1_0.sort_order,di1_0.start_time,di1_0.updated_at from demand_intervals di1_0 where (di1_0.date=? or (di1_0.date is null and di1_0.day_of_week=?)) and (di1_0.is_active=1 or di1_0.is_active is null) and di1_0.skill_id is not null
Hibernate: select di1_0.id,di1_0.is_active,di1_0.created_at,di1_0.date,di1_0.day_of_week,di1_0.end_time,di1_0.required_seats,di1_0.skill_id,di1_0.sort_order,di1_0.start_time,di1_0.updated_at from demand_intervals di1_0 where (di1_0.date=? or (di1_0.date is null and di1_0.day_of_week=?)) and (di1_0.is_active=1 or di1_0.is_active is null) and di1_0.skill_id is not null
2025-10-25T10:10:41.385+09:00 DEBUG 16416 --- [Shift Scheduler Demo] [           main] org.hibernate.SQL                        : select di1_0.id,di1_0.is_active,di1_0.created_at,di1_0.date,di1_0.day_of_week,di1_0.end_time,di1_0.required_seats,di1_0.skill_id,di1_0.sort_order,di1_0.start_time,di1_0.updated_at from demand_intervals di1_0 where (di1_0.date=? or (di1_0.date is null and di1_0.day_of_week=?)) and (di1_0.is_active=1 or di1_0.is_active is null) and di1_0.skill_id is not null
Hibernate: select di1_0.id,di1_0.is_active,di1_0.created_at,di1_0.date,di1_0.day_of_week,di1_0.end_time,di1_0.required_seats,di1_0.skill_id,di1_0.sort_order,di1_0.start_time,di1_0.updated_at from demand_intervals di1_0 where (di1_0.date=? or (di1_0.date is null and di1_0.day_of_week=?)) and (di1_0.is_active=1 or di1_0.is_active is null) and di1_0.skill_id is not null
2025-10-25T10:10:41.386+09:00 DEBUG 16416 --- [Shift Scheduler Demo] [           main] org.hibernate.SQL                        : select di1_0.id,di1_0.is_active,di1_0.created_at,di1_0.date,di1_0.day_of_week,di1_0.end_time,di1_0.required_seats,di1_0.skill_id,di1_0.sort_order,di1_0.start_time,di1_0.updated_at from demand_intervals di1_0 where (di1_0.date=? or (di1_0.date is null and di1_0.day_of_week=?)) and (di1_0.is_active=1 or di1_0.is_active is null) and di1_0.skill_id is not null
Hibernate: select di1_0.id,di1_0.is_active,di1_0.created_at,di1_0.date,di1_0.day_of_week,di1_0.end_time,di1_0.required_seats,di1_0.skill_id,di1_0.sort_order,di1_0.start_time,di1_0.updated_at from demand_intervals di1_0 where (di1_0.date=? or (di1_0.date is null and di1_0.day_of_week=?)) and (di1_0.is_active=1 or di1_0.is_active is null) and di1_0.skill_id is not null
2025-10-25T10:10:41.387+09:00 DEBUG 16416 --- [Shift Scheduler Demo] [           main] org.hibernate.SQL                        : select di1_0.id,di1_0.is_active,di1_0.created_at,di1_0.date,di1_0.day_of_week,di1_0.end_time,di1_0.required_seats,di1_0.skill_id,di1_0.sort_order,di1_0.start_time,di1_0.updated_at from demand_intervals di1_0 where (di1_0.date=? or (di1_0.date is null and di1_0.day_of_week=?)) and (di1_0.is_active=1 or di1_0.is_active is null) and di1_0.skill_id is not null
Hibernate: select di1_0.id,di1_0.is_active,di1_0.created_at,di1_0.date,di1_0.day_of_week,di1_0.end_time,di1_0.required_seats,di1_0.skill_id,di1_0.sort_order,di1_0.start_time,di1_0.updated_at from demand_intervals di1_0 where (di1_0.date=? or (di1_0.date is null and di1_0.day_of_week=?)) and (di1_0.is_active=1 or di1_0.is_active is null) and di1_0.skill_id is not null
2025-10-25T10:10:41.389+09:00 DEBUG 16416 --- [Shift Scheduler Demo] [           main] org.hibernate.SQL                        : select di1_0.id,di1_0.is_active,di1_0.created_at,di1_0.date,di1_0.day_of_week,di1_0.end_time,di1_0.required_seats,di1_0.skill_id,di1_0.sort_order,di1_0.start_time,di1_0.updated_at from demand_intervals di1_0 where (di1_0.date=? or (di1_0.date is null and di1_0.day_of_week=?)) and (di1_0.is_active=1 or di1_0.is_active is null) and di1_0.skill_id is not null
Hibernate: select di1_0.id,di1_0.is_active,di1_0.created_at,di1_0.date,di1_0.day_of_week,di1_0.end_time,di1_0.required_seats,di1_0.skill_id,di1_0.sort_order,di1_0.start_time,di1_0.updated_at from demand_intervals di1_0 where (di1_0.date=? or (di1_0.date is null and di1_0.day_of_week=?)) and (di1_0.is_active=1 or di1_0.is_active is null) and di1_0.skill_id is not null
2025-10-25T10:10:41.391+09:00 DEBUG 16416 --- [Shift Scheduler Demo] [           main] org.hibernate.SQL                        : select di1_0.id,di1_0.is_active,di1_0.created_at,di1_0.date,di1_0.day_of_week,di1_0.end_time,di1_0.required_seats,di1_0.skill_id,di1_0.sort_order,di1_0.start_time,di1_0.updated_at from demand_intervals di1_0 where (di1_0.date=? or (di1_0.date is null and di1_0.day_of_week=?)) and (di1_0.is_active=1 or di1_0.is_active is null) and di1_0.skill_id is not null
Hibernate: select di1_0.id,di1_0.is_active,di1_0.created_at,di1_0.date,di1_0.day_of_week,di1_0.end_time,di1_0.required_seats,di1_0.skill_id,di1_0.sort_order,di1_0.start_time,di1_0.updated_at from demand_intervals di1_0 where (di1_0.date=? or (di1_0.date is null and di1_0.day_of_week=?)) and (di1_0.is_active=1 or di1_0.is_active is null) and di1_0.skill_id is not null
2025-10-25T10:10:41.393+09:00 DEBUG 16416 --- [Shift Scheduler Demo] [           main] org.hibernate.SQL                        : select di1_0.id,di1_0.is_active,di1_0.created_at,di1_0.date,di1_0.day_of_week,di1_0.end_time,di1_0.required_seats,di1_0.skill_id,di1_0.sort_order,di1_0.start_time,di1_0.updated_at from demand_intervals di1_0 where (di1_0.date=? or (di1_0.date is null and di1_0.day_of_week=?)) and (di1_0.is_active=1 or di1_0.is_active is null) and di1_0.skill_id is not null
Hibernate: select di1_0.id,di1_0.is_active,di1_0.created_at,di1_0.date,di1_0.day_of_week,di1_0.end_time,di1_0.required_seats,di1_0.skill_id,di1_0.sort_order,di1_0.start_time,di1_0.updated_at from demand_intervals di1_0 where (di1_0.date=? or (di1_0.date is null and di1_0.day_of_week=?)) and (di1_0.is_active=1 or di1_0.is_active is null) and di1_0.skill_id is not null
2025-10-25T10:10:41.395+09:00 DEBUG 16416 --- [Shift Scheduler Demo] [           main] org.hibernate.SQL                        : select di1_0.id,di1_0.is_active,di1_0.created_at,di1_0.date,di1_0.day_of_week,di1_0.end_time,di1_0.required_seats,di1_0.skill_id,di1_0.sort_order,di1_0.start_time,di1_0.updated_at from demand_intervals di1_0 where (di1_0.date=? or (di1_0.date is null and di1_0.day_of_week=?)) and (di1_0.is_active=1 or di1_0.is_active is null) and di1_0.skill_id is not null
Hibernate: select di1_0.id,di1_0.is_active,di1_0.created_at,di1_0.date,di1_0.day_of_week,di1_0.end_time,di1_0.required_seats,di1_0.skill_id,di1_0.sort_order,di1_0.start_time,di1_0.updated_at from demand_intervals di1_0 where (di1_0.date=? or (di1_0.date is null and di1_0.day_of_week=?)) and (di1_0.is_active=1 or di1_0.is_active is null) and di1_0.skill_id is not null
2025-10-25T10:10:41.397+09:00 DEBUG 16416 --- [Shift Scheduler Demo] [           main] org.hibernate.SQL                        : select di1_0.id,di1_0.is_active,di1_0.created_at,di1_0.date,di1_0.day_of_week,di1_0.end_time,di1_0.required_seats,di1_0.skill_id,di1_0.sort_order,di1_0.start_time,di1_0.updated_at from demand_intervals di1_0 where (di1_0.date=? or (di1_0.date is null and di1_0.day_of_week=?)) and (di1_0.is_active=1 or di1_0.is_active is null) and di1_0.skill_id is not null
Hibernate: select di1_0.id,di1_0.is_active,di1_0.created_at,di1_0.date,di1_0.day_of_week,di1_0.end_time,di1_0.required_seats,di1_0.skill_id,di1_0.sort_order,di1_0.start_time,di1_0.updated_at from demand_intervals di1_0 where (di1_0.date=? or (di1_0.date is null and di1_0.day_of_week=?)) and (di1_0.is_active=1 or di1_0.is_active is null) and di1_0.skill_id is not null
2025-10-25T10:10:41.399+09:00 DEBUG 16416 --- [Shift Scheduler Demo] [           main] org.hibernate.SQL                        : select di1_0.id,di1_0.is_active,di1_0.created_at,di1_0.date,di1_0.day_of_week,di1_0.end_time,di1_0.required_seats,di1_0.skill_id,di1_0.sort_order,di1_0.start_time,di1_0.updated_at from demand_intervals di1_0 where (di1_0.date=? or (di1_0.date is null and di1_0.day_of_week=?)) and (di1_0.is_active=1 or di1_0.is_active is null) and di1_0.skill_id is not null
Hibernate: select di1_0.id,di1_0.is_active,di1_0.created_at,di1_0.date,di1_0.day_of_week,di1_0.end_time,di1_0.required_seats,di1_0.skill_id,di1_0.sort_order,di1_0.start_time,di1_0.updated_at from demand_intervals di1_0 where (di1_0.date=? or (di1_0.date is null and di1_0.day_of_week=?)) and (di1_0.is_active=1 or di1_0.is_active is null) and di1_0.skill_id is not null
2025-10-25T10:10:41.400+09:00 DEBUG 16416 --- [Shift Scheduler Demo] [           main] org.hibernate.SQL                        : select di1_0.id,di1_0.is_active,di1_0.created_at,di1_0.date,di1_0.day_of_week,di1_0.end_time,di1_0.required_seats,di1_0.skill_id,di1_0.sort_order,di1_0.start_time,di1_0.updated_at from demand_intervals di1_0 where (di1_0.date=? or (di1_0.date is null and di1_0.day_of_week=?)) and (di1_0.is_active=1 or di1_0.is_active is null) and di1_0.skill_id is not null
Hibernate: select di1_0.id,di1_0.is_active,di1_0.created_at,di1_0.date,di1_0.day_of_week,di1_0.end_time,di1_0.required_seats,di1_0.skill_id,di1_0.sort_order,di1_0.start_time,di1_0.updated_at from demand_intervals di1_0 where (di1_0.date=? or (di1_0.date is null and di1_0.day_of_week=?)) and (di1_0.is_active=1 or di1_0.is_active is null) and di1_0.skill_id is not null
2025-10-25T10:10:41.402+09:00 DEBUG 16416 --- [Shift Scheduler Demo] [           main] org.hibernate.SQL                        : select di1_0.id,di1_0.is_active,di1_0.created_at,di1_0.date,di1_0.day_of_week,di1_0.end_time,di1_0.required_seats,di1_0.skill_id,di1_0.sort_order,di1_0.start_time,di1_0.updated_at from demand_intervals di1_0 where (di1_0.date=? or (di1_0.date is null and di1_0.day_of_week=?)) and (di1_0.is_active=1 or di1_0.is_active is null) and di1_0.skill_id is not null
Hibernate: select di1_0.id,di1_0.is_active,di1_0.created_at,di1_0.date,di1_0.day_of_week,di1_0.end_time,di1_0.required_seats,di1_0.skill_id,di1_0.sort_order,di1_0.start_time,di1_0.updated_at from demand_intervals di1_0 where (di1_0.date=? or (di1_0.date is null and di1_0.day_of_week=?)) and (di1_0.is_active=1 or di1_0.is_active is null) and di1_0.skill_id is not null
2025-10-25T10:10:41.403+09:00 DEBUG 16416 --- [Shift Scheduler Demo] [           main] org.hibernate.SQL                        : select di1_0.id,di1_0.is_active,di1_0.created_at,di1_0.date,di1_0.day_of_week,di1_0.end_time,di1_0.required_seats,di1_0.skill_id,di1_0.sort_order,di1_0.start_time,di1_0.updated_at from demand_intervals di1_0 where (di1_0.date=? or (di1_0.date is null and di1_0.day_of_week=?)) and (di1_0.is_active=1 or di1_0.is_active is null) and di1_0.skill_id is not null
Hibernate: select di1_0.id,di1_0.is_active,di1_0.created_at,di1_0.date,di1_0.day_of_week,di1_0.end_time,di1_0.required_seats,di1_0.skill_id,di1_0.sort_order,di1_0.start_time,di1_0.updated_at from demand_intervals di1_0 where (di1_0.date=? or (di1_0.date is null and di1_0.day_of_week=?)) and (di1_0.is_active=1 or di1_0.is_active is null) and di1_0.skill_id is not null
2025-10-25T10:10:41.404+09:00 DEBUG 16416 --- [Shift Scheduler Demo] [           main] org.hibernate.SQL                        : select di1_0.id,di1_0.is_active,di1_0.created_at,di1_0.date,di1_0.day_of_week,di1_0.end_time,di1_0.required_seats,di1_0.skill_id,di1_0.sort_order,di1_0.start_time,di1_0.updated_at from demand_intervals di1_0 where (di1_0.date=? or (di1_0.date is null and di1_0.day_of_week=?)) and (di1_0.is_active=1 or di1_0.is_active is null) and di1_0.skill_id is not null
Hibernate: select di1_0.id,di1_0.is_active,di1_0.created_at,di1_0.date,di1_0.day_of_week,di1_0.end_time,di1_0.required_seats,di1_0.skill_id,di1_0.sort_order,di1_0.start_time,di1_0.updated_at from demand_intervals di1_0 where (di1_0.date=? or (di1_0.date is null and di1_0.day_of_week=?)) and (di1_0.is_active=1 or di1_0.is_active is null) and di1_0.skill_id is not null
2025-10-25T10:10:41.405+09:00 DEBUG 16416 --- [Shift Scheduler Demo] [           main] org.hibernate.SQL                        : select di1_0.id,di1_0.is_active,di1_0.created_at,di1_0.date,di1_0.day_of_week,di1_0.end_time,di1_0.required_seats,di1_0.skill_id,di1_0.sort_order,di1_0.start_time,di1_0.updated_at from demand_intervals di1_0 where (di1_0.date=? or (di1_0.date is null and di1_0.day_of_week=?)) and (di1_0.is_active=1 or di1_0.is_active is null) and di1_0.skill_id is not null
Hibernate: select di1_0.id,di1_0.is_active,di1_0.created_at,di1_0.date,di1_0.day_of_week,di1_0.end_time,di1_0.required_seats,di1_0.skill_id,di1_0.sort_order,di1_0.start_time,di1_0.updated_at from demand_intervals di1_0 where (di1_0.date=? or (di1_0.date is null and di1_0.day_of_week=?)) and (di1_0.is_active=1 or di1_0.is_active is null) and di1_0.skill_id is not null
2025-10-25T10:10:41.407+09:00 DEBUG 16416 --- [Shift Scheduler Demo] [           main] org.hibernate.SQL                        : select di1_0.id,di1_0.is_active,di1_0.created_at,di1_0.date,di1_0.day_of_week,di1_0.end_time,di1_0.required_seats,di1_0.skill_id,di1_0.sort_order,di1_0.start_time,di1_0.updated_at from demand_intervals di1_0 where (di1_0.date=? or (di1_0.date is null and di1_0.day_of_week=?)) and (di1_0.is_active=1 or di1_0.is_active is null) and di1_0.skill_id is not null
Hibernate: select di1_0.id,di1_0.is_active,di1_0.created_at,di1_0.date,di1_0.day_of_week,di1_0.end_time,di1_0.required_seats,di1_0.skill_id,di1_0.sort_order,di1_0.start_time,di1_0.updated_at from demand_intervals di1_0 where (di1_0.date=? or (di1_0.date is null and di1_0.day_of_week=?)) and (di1_0.is_active=1 or di1_0.is_active is null) and di1_0.skill_id is not null
2025-10-25T10:10:41.408+09:00 DEBUG 16416 --- [Shift Scheduler Demo] [           main] org.hibernate.SQL                        : select di1_0.id,di1_0.is_active,di1_0.created_at,di1_0.date,di1_0.day_of_week,di1_0.end_time,di1_0.required_seats,di1_0.skill_id,di1_0.sort_order,di1_0.start_time,di1_0.updated_at from demand_intervals di1_0 where (di1_0.date=? or (di1_0.date is null and di1_0.day_of_week=?)) and (di1_0.is_active=1 or di1_0.is_active is null) and di1_0.skill_id is not null
Hibernate: select di1_0.id,di1_0.is_active,di1_0.created_at,di1_0.date,di1_0.day_of_week,di1_0.end_time,di1_0.required_seats,di1_0.skill_id,di1_0.sort_order,di1_0.start_time,di1_0.updated_at from demand_intervals di1_0 where (di1_0.date=? or (di1_0.date is null and di1_0.day_of_week=?)) and (di1_0.is_active=1 or di1_0.is_active is null) and di1_0.skill_id is not null
2025-10-25T10:10:41.410+09:00 DEBUG 16416 --- [Shift Scheduler Demo] [           main] org.hibernate.SQL                        : select di1_0.id,di1_0.is_active,di1_0.created_at,di1_0.date,di1_0.day_of_week,di1_0.end_time,di1_0.required_seats,di1_0.skill_id,di1_0.sort_order,di1_0.start_time,di1_0.updated_at from demand_intervals di1_0 where (di1_0.date=? or (di1_0.date is null and di1_0.day_of_week=?)) and (di1_0.is_active=1 or di1_0.is_active is null) and di1_0.skill_id is not null
Hibernate: select di1_0.id,di1_0.is_active,di1_0.created_at,di1_0.date,di1_0.day_of_week,di1_0.end_time,di1_0.required_seats,di1_0.skill_id,di1_0.sort_order,di1_0.start_time,di1_0.updated_at from demand_intervals di1_0 where (di1_0.date=? or (di1_0.date is null and di1_0.day_of_week=?)) and (di1_0.is_active=1 or di1_0.is_active is null) and di1_0.skill_id is not null
2025-10-25T10:10:41.412+09:00 DEBUG 16416 --- [Shift Scheduler Demo] [           main] org.hibernate.SQL                        : select di1_0.id,di1_0.is_active,di1_0.created_at,di1_0.date,di1_0.day_of_week,di1_0.end_time,di1_0.required_seats,di1_0.skill_id,di1_0.sort_order,di1_0.start_time,di1_0.updated_at from demand_intervals di1_0 where (di1_0.date=? or (di1_0.date is null and di1_0.day_of_week=?)) and (di1_0.is_active=1 or di1_0.is_active is null) and di1_0.skill_id is not null
Hibernate: select di1_0.id,di1_0.is_active,di1_0.created_at,di1_0.date,di1_0.day_of_week,di1_0.end_time,di1_0.required_seats,di1_0.skill_id,di1_0.sort_order,di1_0.start_time,di1_0.updated_at from demand_intervals di1_0 where (di1_0.date=? or (di1_0.date is null and di1_0.day_of_week=?)) and (di1_0.is_active=1 or di1_0.is_active is null) and di1_0.skill_id is not null
2025-10-25T10:10:41.413+09:00 DEBUG 16416 --- [Shift Scheduler Demo] [           main] org.hibernate.SQL                        : select di1_0.id,di1_0.is_active,di1_0.created_at,di1_0.date,di1_0.day_of_week,di1_0.end_time,di1_0.required_seats,di1_0.skill_id,di1_0.sort_order,di1_0.start_time,di1_0.updated_at from demand_intervals di1_0 where (di1_0.date=? or (di1_0.date is null and di1_0.day_of_week=?)) and (di1_0.is_active=1 or di1_0.is_active is null) and di1_0.skill_id is not null
Hibernate: select di1_0.id,di1_0.is_active,di1_0.created_at,di1_0.date,di1_0.day_of_week,di1_0.end_time,di1_0.required_seats,di1_0.skill_id,di1_0.sort_order,di1_0.start_time,di1_0.updated_at from demand_intervals di1_0 where (di1_0.date=? or (di1_0.date is null and di1_0.day_of_week=?)) and (di1_0.is_active=1 or di1_0.is_active is null) and di1_0.skill_id is not null
2025-10-25T10:10:41.415+09:00 DEBUG 16416 --- [Shift Scheduler Demo] [           main] org.hibernate.SQL                        : select di1_0.id,di1_0.is_active,di1_0.created_at,di1_0.date,di1_0.day_of_week,di1_0.end_time,di1_0.required_seats,di1_0.skill_id,di1_0.sort_order,di1_0.start_time,di1_0.updated_at from demand_intervals di1_0 where (di1_0.date=? or (di1_0.date is null and di1_0.day_of_week=?)) and (di1_0.is_active=1 or di1_0.is_active is null) and di1_0.skill_id is not null
Hibernate: select di1_0.id,di1_0.is_active,di1_0.created_at,di1_0.date,di1_0.day_of_week,di1_0.end_time,di1_0.required_seats,di1_0.skill_id,di1_0.sort_order,di1_0.start_time,di1_0.updated_at from demand_intervals di1_0 where (di1_0.date=? or (di1_0.date is null and di1_0.day_of_week=?)) and (di1_0.is_active=1 or di1_0.is_active is null) and di1_0.skill_id is not null
2025-10-25T10:10:41.416+09:00 DEBUG 16416 --- [Shift Scheduler Demo] [           main] org.hibernate.SQL                        : select di1_0.id,di1_0.is_active,di1_0.created_at,di1_0.date,di1_0.day_of_week,di1_0.end_time,di1_0.required_seats,di1_0.skill_id,di1_0.sort_order,di1_0.start_time,di1_0.updated_at from demand_intervals di1_0 where (di1_0.date=? or (di1_0.date is null and di1_0.day_of_week=?)) and (di1_0.is_active=1 or di1_0.is_active is null) and di1_0.skill_id is not null
Hibernate: select di1_0.id,di1_0.is_active,di1_0.created_at,di1_0.date,di1_0.day_of_week,di1_0.end_time,di1_0.required_seats,di1_0.skill_id,di1_0.sort_order,di1_0.start_time,di1_0.updated_at from demand_intervals di1_0 where (di1_0.date=? or (di1_0.date is null and di1_0.day_of_week=?)) and (di1_0.is_active=1 or di1_0.is_active is null) and di1_0.skill_id is not null
2025-10-25T10:10:41.417+09:00 DEBUG 16416 --- [Shift Scheduler Demo] [           main] org.hibernate.SQL                        : select di1_0.id,di1_0.is_active,di1_0.created_at,di1_0.date,di1_0.day_of_week,di1_0.end_time,di1_0.required_seats,di1_0.skill_id,di1_0.sort_order,di1_0.start_time,di1_0.updated_at from demand_intervals di1_0 where (di1_0.date=? or (di1_0.date is null and di1_0.day_of_week=?)) and (di1_0.is_active=1 or di1_0.is_active is null) and di1_0.skill_id is not null
Hibernate: select di1_0.id,di1_0.is_active,di1_0.created_at,di1_0.date,di1_0.day_of_week,di1_0.end_time,di1_0.required_seats,di1_0.skill_id,di1_0.sort_order,di1_0.start_time,di1_0.updated_at from demand_intervals di1_0 where (di1_0.date=? or (di1_0.date is null and di1_0.day_of_week=?)) and (di1_0.is_active=1 or di1_0.is_active is null) and di1_0.skill_id is not null
2025-10-25T10:10:41.419+09:00 DEBUG 16416 --- [Shift Scheduler Demo] [           main] org.hibernate.SQL                        : select di1_0.id,di1_0.is_active,di1_0.created_at,di1_0.date,di1_0.day_of_week,di1_0.end_time,di1_0.required_seats,di1_0.skill_id,di1_0.sort_order,di1_0.start_time,di1_0.updated_at from demand_intervals di1_0 where (di1_0.date=? or (di1_0.date is null and di1_0.day_of_week=?)) and (di1_0.is_active=1 or di1_0.is_active is null) and di1_0.skill_id is not null
Hibernate: select di1_0.id,di1_0.is_active,di1_0.created_at,di1_0.date,di1_0.day_of_week,di1_0.end_time,di1_0.required_seats,di1_0.skill_id,di1_0.sort_order,di1_0.start_time,di1_0.updated_at from demand_intervals di1_0 where (di1_0.date=? or (di1_0.date is null and di1_0.day_of_week=?)) and (di1_0.is_active=1 or di1_0.is_active is null) and di1_0.skill_id is not null
2025-10-25T10:10:41.420+09:00 DEBUG 16416 --- [Shift Scheduler Demo] [           main] org.hibernate.SQL                        : select di1_0.id,di1_0.is_active,di1_0.created_at,di1_0.date,di1_0.day_of_week,di1_0.end_time,di1_0.required_seats,di1_0.skill_id,di1_0.sort_order,di1_0.start_time,di1_0.updated_at from demand_intervals di1_0 where (di1_0.date=? or (di1_0.date is null and di1_0.day_of_week=?)) and (di1_0.is_active=1 or di1_0.is_active is null) and di1_0.skill_id is not null
Hibernate: select di1_0.id,di1_0.is_active,di1_0.created_at,di1_0.date,di1_0.day_of_week,di1_0.end_time,di1_0.required_seats,di1_0.skill_id,di1_0.sort_order,di1_0.start_time,di1_0.updated_at from demand_intervals di1_0 where (di1_0.date=? or (di1_0.date is null and di1_0.day_of_week=?)) and (di1_0.is_active=1 or di1_0.is_active is null) and di1_0.skill_id is not null
2025-10-25T10:10:41.421+09:00 DEBUG 16416 --- [Shift Scheduler Demo] [           main] org.hibernate.SQL                        : select di1_0.id,di1_0.is_active,di1_0.created_at,di1_0.date,di1_0.day_of_week,di1_0.end_time,di1_0.required_seats,di1_0.skill_id,di1_0.sort_order,di1_0.start_time,di1_0.updated_at from demand_intervals di1_0 where (di1_0.date=? or (di1_0.date is null and di1_0.day_of_week=?)) and (di1_0.is_active=1 or di1_0.is_active is null) and di1_0.skill_id is not null
Hibernate: select di1_0.id,di1_0.is_active,di1_0.created_at,di1_0.date,di1_0.day_of_week,di1_0.end_time,di1_0.required_seats,di1_0.skill_id,di1_0.sort_order,di1_0.start_time,di1_0.updated_at from demand_intervals di1_0 where (di1_0.date=? or (di1_0.date is null and di1_0.day_of_week=?)) and (di1_0.is_active=1 or di1_0.is_active is null) and di1_0.skill_id is not null
2025-10-25T10:10:41.422+09:00 DEBUG 16416 --- [Shift Scheduler Demo] [           main] org.hibernate.SQL                        : insert into shift_assignments (employee_id,end_time,shift_name,start_time,work_date) values (?,?,?,?,?)
Hibernate: insert into shift_assignments (employee_id,end_time,shift_name,start_time,work_date) values (?,?,?,?,?)
2025-10-25T10:10:41.424+09:00 DEBUG 16416 --- [Shift Scheduler Demo] [           main] org.hibernate.SQL                        : select last_insert_rowid()
Hibernate: select last_insert_rowid()
2025-10-25T10:10:41.424+09:00 DEBUG 16416 --- [Shift Scheduler Demo] [           main] org.hibernate.SQL                        : insert into shift_assignments (employee_id,end_time,shift_name,start_time,work_date) values (?,?,?,?,?)
Hibernate: insert into shift_assignments (employee_id,end_time,shift_name,start_time,work_date) values (?,?,?,?,?)
2025-10-25T10:10:41.424+09:00 DEBUG 16416 --- [Shift Scheduler Demo] [           main] org.hibernate.SQL                        : select last_insert_rowid()
Hibernate: select last_insert_rowid()
2025-10-25T10:10:41.424+09:00 DEBUG 16416 --- [Shift Scheduler Demo] [           main] org.hibernate.SQL                        : insert into shift_assignments (employee_id,end_time,shift_name,start_time,work_date) values (?,?,?,?,?)
Hibernate: insert into shift_assignments (employee_id,end_time,shift_name,start_time,work_date) values (?,?,?,?,?)
2025-10-25T10:10:41.424+09:00 DEBUG 16416 --- [Shift Scheduler Demo] [           main] org.hibernate.SQL                        : select last_insert_rowid()
Hibernate: select last_insert_rowid()
2025-10-25T10:10:41.425+09:00 DEBUG 16416 --- [Shift Scheduler Demo] [           main] org.hibernate.SQL                        : insert into shift_assignments (employee_id,end_time,shift_name,start_time,work_date) values (?,?,?,?,?)
Hibernate: insert into shift_assignments (employee_id,end_time,shift_name,start_time,work_date) values (?,?,?,?,?)
2025-10-25T10:10:41.425+09:00 DEBUG 16416 --- [Shift Scheduler Demo] [           main] org.hibernate.SQL                        : select last_insert_rowid()
Hibernate: select last_insert_rowid()
2025-10-25T10:10:41.425+09:00 DEBUG 16416 --- [Shift Scheduler Demo] [           main] org.hibernate.SQL                        : insert into shift_assignments (employee_id,end_time,shift_name,start_time,work_date) values (?,?,?,?,?)
Hibernate: insert into shift_assignments (employee_id,end_time,shift_name,start_time,work_date) values (?,?,?,?,?)
2025-10-25T10:10:41.425+09:00 DEBUG 16416 --- [Shift Scheduler Demo] [           main] org.hibernate.SQL                        : select last_insert_rowid()
Hibernate: select last_insert_rowid()
2025-10-25T10:10:41.425+09:00 DEBUG 16416 --- [Shift Scheduler Demo] [           main] org.hibernate.SQL                        : insert into shift_assignments (employee_id,end_time,shift_name,start_time,work_date) values (?,?,?,?,?)
Hibernate: insert into shift_assignments (employee_id,end_time,shift_name,start_time,work_date) values (?,?,?,?,?)
2025-10-25T10:10:41.425+09:00 DEBUG 16416 --- [Shift Scheduler Demo] [           main] org.hibernate.SQL                        : select last_insert_rowid()
Hibernate: select last_insert_rowid()
2025-10-25T10:10:41.426+09:00 DEBUG 16416 --- [Shift Scheduler Demo] [           main] org.hibernate.SQL                        : insert into shift_assignments (employee_id,end_time,shift_name,start_time,work_date) values (?,?,?,?,?)
Hibernate: insert into shift_assignments (employee_id,end_time,shift_name,start_time,work_date) values (?,?,?,?,?)
2025-10-25T10:10:41.426+09:00 DEBUG 16416 --- [Shift Scheduler Demo] [           main] org.hibernate.SQL                        : select last_insert_rowid()
Hibernate: select last_insert_rowid()
2025-10-25T10:10:41.426+09:00 DEBUG 16416 --- [Shift Scheduler Demo] [           main] org.hibernate.SQL                        : insert into shift_assignments (employee_id,end_time,shift_name,start_time,work_date) values (?,?,?,?,?)
Hibernate: insert into shift_assignments (employee_id,end_time,shift_name,start_time,work_date) values (?,?,?,?,?)
2025-10-25T10:10:41.426+09:00 DEBUG 16416 --- [Shift Scheduler Demo] [           main] org.hibernate.SQL                        : select last_insert_rowid()
Hibernate: select last_insert_rowid()
2025-10-25T10:10:41.426+09:00 DEBUG 16416 --- [Shift Scheduler Demo] [           main] org.hibernate.SQL                        : insert into shift_assignments (employee_id,end_time,shift_name,start_time,work_date) values (?,?,?,?,?)
Hibernate: insert into shift_assignments (employee_id,end_time,shift_name,start_time,work_date) values (?,?,?,?,?)
2025-10-25T10:10:41.426+09:00 DEBUG 16416 --- [Shift Scheduler Demo] [           main] org.hibernate.SQL                        : select last_insert_rowid()
Hibernate: select last_insert_rowid()
2025-10-25T10:10:41.426+09:00 DEBUG 16416 --- [Shift Scheduler Demo] [           main] org.hibernate.SQL                        : insert into shift_assignments (employee_id,end_time,shift_name,start_time,work_date) values (?,?,?,?,?)
Hibernate: insert into shift_assignments (employee_id,end_time,shift_name,start_time,work_date) values (?,?,?,?,?)
2025-10-25T10:10:41.426+09:00 DEBUG 16416 --- [Shift Scheduler Demo] [           main] org.hibernate.SQL                        : select last_insert_rowid()
Hibernate: select last_insert_rowid()
2025-10-25T10:10:41.426+09:00 DEBUG 16416 --- [Shift Scheduler Demo] [           main] org.hibernate.SQL                        : insert into shift_assignments (employee_id,end_time,shift_name,start_time,work_date) values (?,?,?,?,?)
Hibernate: insert into shift_assignments (employee_id,end_time,shift_name,start_time,work_date) values (?,?,?,?,?)
2025-10-25T10:10:41.428+09:00 DEBUG 16416 --- [Shift Scheduler Demo] [           main] org.hibernate.SQL                        : select last_insert_rowid()
Hibernate: select last_insert_rowid()
2025-10-25T10:10:41.428+09:00 DEBUG 16416 --- [Shift Scheduler Demo] [           main] org.hibernate.SQL                        : insert into shift_assignments (employee_id,end_time,shift_name,start_time,work_date) values (?,?,?,?,?)
Hibernate: insert into shift_assignments (employee_id,end_time,shift_name,start_time,work_date) values (?,?,?,?,?)
2025-10-25T10:10:41.428+09:00 DEBUG 16416 --- [Shift Scheduler Demo] [           main] org.hibernate.SQL                        : select last_insert_rowid()
Hibernate: select last_insert_rowid()
2025-10-25T10:10:41.428+09:00 DEBUG 16416 --- [Shift Scheduler Demo] [           main] org.hibernate.SQL                        : insert into shift_assignments (employee_id,end_time,shift_name,start_time,work_date) values (?,?,?,?,?)
Hibernate: insert into shift_assignments (employee_id,end_time,shift_name,start_time,work_date) values (?,?,?,?,?)
2025-10-25T10:10:41.428+09:00 DEBUG 16416 --- [Shift Scheduler Demo] [           main] org.hibernate.SQL                        : select last_insert_rowid()
Hibernate: select last_insert_rowid()
2025-10-25T10:10:41.428+09:00 DEBUG 16416 --- [Shift Scheduler Demo] [           main] org.hibernate.SQL                        : insert into shift_assignments (employee_id,end_time,shift_name,start_time,work_date) values (?,?,?,?,?)
Hibernate: insert into shift_assignments (employee_id,end_time,shift_name,start_time,work_date) values (?,?,?,?,?)
2025-10-25T10:10:41.428+09:00 DEBUG 16416 --- [Shift Scheduler Demo] [           main] org.hibernate.SQL                        : select last_insert_rowid()
Hibernate: select last_insert_rowid()
2025-10-25T10:10:41.428+09:00 DEBUG 16416 --- [Shift Scheduler Demo] [           main] org.hibernate.SQL                        : insert into shift_assignments (employee_id,end_time,shift_name,start_time,work_date) values (?,?,?,?,?)
Hibernate: insert into shift_assignments (employee_id,end_time,shift_name,start_time,work_date) values (?,?,?,?,?)
2025-10-25T10:10:41.428+09:00 DEBUG 16416 --- [Shift Scheduler Demo] [           main] org.hibernate.SQL                        : select last_insert_rowid()
Hibernate: select last_insert_rowid()
2025-10-25T10:10:41.428+09:00 DEBUG 16416 --- [Shift Scheduler Demo] [           main] org.hibernate.SQL                        : insert into shift_assignments (employee_id,end_time,shift_name,start_time,work_date) values (?,?,?,?,?)
Hibernate: insert into shift_assignments (employee_id,end_time,shift_name,start_time,work_date) values (?,?,?,?,?)
2025-10-25T10:10:41.430+09:00 DEBUG 16416 --- [Shift Scheduler Demo] [           main] org.hibernate.SQL                        : select last_insert_rowid()
Hibernate: select last_insert_rowid()
2025-10-25T10:10:41.430+09:00 DEBUG 16416 --- [Shift Scheduler Demo] [           main] org.hibernate.SQL                        : insert into shift_assignments (employee_id,end_time,shift_name,start_time,work_date) values (?,?,?,?,?)
Hibernate: insert into shift_assignments (employee_id,end_time,shift_name,start_time,work_date) values (?,?,?,?,?)
2025-10-25T10:10:41.430+09:00 DEBUG 16416 --- [Shift Scheduler Demo] [           main] org.hibernate.SQL                        : select last_insert_rowid()
Hibernate: select last_insert_rowid()
2025-10-25T10:10:41.430+09:00 DEBUG 16416 --- [Shift Scheduler Demo] [           main] org.hibernate.SQL                        : insert into shift_assignments (employee_id,end_time,shift_name,start_time,work_date) values (?,?,?,?,?)
Hibernate: insert into shift_assignments (employee_id,end_time,shift_name,start_time,work_date) values (?,?,?,?,?)
2025-10-25T10:10:41.430+09:00 DEBUG 16416 --- [Shift Scheduler Demo] [           main] org.hibernate.SQL                        : select last_insert_rowid()
Hibernate: select last_insert_rowid()
2025-10-25T10:10:41.430+09:00 DEBUG 16416 --- [Shift Scheduler Demo] [           main] org.hibernate.SQL                        : insert into shift_assignments (employee_id,end_time,shift_name,start_time,work_date) values (?,?,?,?,?)
Hibernate: insert into shift_assignments (employee_id,end_time,shift_name,start_time,work_date) values (?,?,?,?,?)
2025-10-25T10:10:41.431+09:00 DEBUG 16416 --- [Shift Scheduler Demo] [           main] org.hibernate.SQL                        : select last_insert_rowid()
Hibernate: select last_insert_rowid()
2025-10-25T10:10:41.431+09:00 DEBUG 16416 --- [Shift Scheduler Demo] [           main] org.hibernate.SQL                        : insert into shift_assignments (employee_id,end_time,shift_name,start_time,work_date) values (?,?,?,?,?)
Hibernate: insert into shift_assignments (employee_id,end_time,shift_name,start_time,work_date) values (?,?,?,?,?)
2025-10-25T10:10:41.431+09:00 DEBUG 16416 --- [Shift Scheduler Demo] [           main] org.hibernate.SQL                        : select last_insert_rowid()
Hibernate: select last_insert_rowid()
2025-10-25T10:10:41.431+09:00 DEBUG 16416 --- [Shift Scheduler Demo] [           main] org.hibernate.SQL                        : insert into shift_assignments (employee_id,end_time,shift_name,start_time,work_date) values (?,?,?,?,?)
Hibernate: insert into shift_assignments (employee_id,end_time,shift_name,start_time,work_date) values (?,?,?,?,?)
2025-10-25T10:10:41.431+09:00 DEBUG 16416 --- [Shift Scheduler Demo] [           main] org.hibernate.SQL                        : select last_insert_rowid()
Hibernate: select last_insert_rowid()
2025-10-25T10:10:41.431+09:00 DEBUG 16416 --- [Shift Scheduler Demo] [           main] org.hibernate.SQL                        : insert into shift_assignments (employee_id,end_time,shift_name,start_time,work_date) values (?,?,?,?,?)
Hibernate: insert into shift_assignments (employee_id,end_time,shift_name,start_time,work_date) values (?,?,?,?,?)
2025-10-25T10:10:41.432+09:00 DEBUG 16416 --- [Shift Scheduler Demo] [           main] org.hibernate.SQL                        : select last_insert_rowid()
Hibernate: select last_insert_rowid()
2025-10-25T10:10:41.432+09:00 DEBUG 16416 --- [Shift Scheduler Demo] [           main] org.hibernate.SQL                        : insert into shift_assignments (employee_id,end_time,shift_name,start_time,work_date) values (?,?,?,?,?)
Hibernate: insert into shift_assignments (employee_id,end_time,shift_name,start_time,work_date) values (?,?,?,?,?)
2025-10-25T10:10:41.432+09:00 DEBUG 16416 --- [Shift Scheduler Demo] [           main] org.hibernate.SQL                        : select last_insert_rowid()
Hibernate: select last_insert_rowid()
2025-10-25T10:10:41.432+09:00 DEBUG 16416 --- [Shift Scheduler Demo] [           main] org.hibernate.SQL                        : insert into shift_assignments (employee_id,end_time,shift_name,start_time,work_date) values (?,?,?,?,?)
Hibernate: insert into shift_assignments (employee_id,end_time,shift_name,start_time,work_date) values (?,?,?,?,?)
2025-10-25T10:10:41.432+09:00 DEBUG 16416 --- [Shift Scheduler Demo] [           main] org.hibernate.SQL                        : select last_insert_rowid()
Hibernate: select last_insert_rowid()
2025-10-25T10:10:41.432+09:00 DEBUG 16416 --- [Shift Scheduler Demo] [           main] org.hibernate.SQL                        : insert into shift_assignments (employee_id,end_time,shift_name,start_time,work_date) values (?,?,?,?,?)
Hibernate: insert into shift_assignments (employee_id,end_time,shift_name,start_time,work_date) values (?,?,?,?,?)
2025-10-25T10:10:41.433+09:00 DEBUG 16416 --- [Shift Scheduler Demo] [           main] org.hibernate.SQL                        : select last_insert_rowid()
Hibernate: select last_insert_rowid()
2025-10-25T10:10:41.433+09:00 DEBUG 16416 --- [Shift Scheduler Demo] [           main] org.hibernate.SQL                        : insert into shift_assignments (employee_id,end_time,shift_name,start_time,work_date) values (?,?,?,?,?)
Hibernate: insert into shift_assignments (employee_id,end_time,shift_name,start_time,work_date) values (?,?,?,?,?)
2025-10-25T10:10:41.433+09:00 DEBUG 16416 --- [Shift Scheduler Demo] [           main] org.hibernate.SQL                        : select last_insert_rowid()
Hibernate: select last_insert_rowid()
2025-10-25T10:10:41.433+09:00 DEBUG 16416 --- [Shift Scheduler Demo] [           main] org.hibernate.SQL                        : insert into shift_assignments (employee_id,end_time,shift_name,start_time,work_date) values (?,?,?,?,?)
Hibernate: insert into shift_assignments (employee_id,end_time,shift_name,start_time,work_date) values (?,?,?,?,?)
2025-10-25T10:10:41.433+09:00 DEBUG 16416 --- [Shift Scheduler Demo] [           main] org.hibernate.SQL                        : select last_insert_rowid()
Hibernate: select last_insert_rowid()
2025-10-25T10:10:41.434+09:00 DEBUG 16416 --- [Shift Scheduler Demo] [           main] org.hibernate.SQL                        : insert into shift_assignments (employee_id,end_time,shift_name,start_time,work_date) values (?,?,?,?,?)
Hibernate: insert into shift_assignments (employee_id,end_time,shift_name,start_time,work_date) values (?,?,?,?,?)
2025-10-25T10:10:41.434+09:00 DEBUG 16416 --- [Shift Scheduler Demo] [           main] org.hibernate.SQL                        : select last_insert_rowid()
Hibernate: select last_insert_rowid()
2025-10-25T10:10:41.434+09:00 DEBUG 16416 --- [Shift Scheduler Demo] [           main] org.hibernate.SQL                        : insert into shift_assignments (employee_id,end_time,shift_name,start_time,work_date) values (?,?,?,?,?)
Hibernate: insert into shift_assignments (employee_id,end_time,shift_name,start_time,work_date) values (?,?,?,?,?)
2025-10-25T10:10:41.434+09:00 DEBUG 16416 --- [Shift Scheduler Demo] [           main] org.hibernate.SQL                        : select last_insert_rowid()
Hibernate: select last_insert_rowid()
2025-10-25T10:10:41.434+09:00 DEBUG 16416 --- [Shift Scheduler Demo] [           main] org.hibernate.SQL                        : insert into shift_assignments (employee_id,end_time,shift_name,start_time,work_date) values (?,?,?,?,?)
Hibernate: insert into shift_assignments (employee_id,end_time,shift_name,start_time,work_date) values (?,?,?,?,?)
2025-10-25T10:10:41.435+09:00 DEBUG 16416 --- [Shift Scheduler Demo] [           main] org.hibernate.SQL                        : select last_insert_rowid()
Hibernate: select last_insert_rowid()
2025-10-25T10:10:41.435+09:00 DEBUG 16416 --- [Shift Scheduler Demo] [           main] org.hibernate.SQL                        : insert into shift_assignments (employee_id,end_time,shift_name,start_time,work_date) values (?,?,?,?,?)
Hibernate: insert into shift_assignments (employee_id,end_time,shift_name,start_time,work_date) values (?,?,?,?,?)
2025-10-25T10:10:41.436+09:00 DEBUG 16416 --- [Shift Scheduler Demo] [           main] org.hibernate.SQL                        : select last_insert_rowid()
Hibernate: select last_insert_rowid()
2025-10-25T10:10:41.436+09:00 DEBUG 16416 --- [Shift Scheduler Demo] [           main] org.hibernate.SQL                        : insert into shift_assignments (employee_id,end_time,shift_name,start_time,work_date) values (?,?,?,?,?)
Hibernate: insert into shift_assignments (employee_id,end_time,shift_name,start_time,work_date) values (?,?,?,?,?)
2025-10-25T10:10:41.437+09:00 DEBUG 16416 --- [Shift Scheduler Demo] [           main] org.hibernate.SQL                        : select last_insert_rowid()
Hibernate: select last_insert_rowid()
2025-10-25T10:10:41.437+09:00 DEBUG 16416 --- [Shift Scheduler Demo] [           main] org.hibernate.SQL                        : insert into shift_assignments (employee_id,end_time,shift_name,start_time,work_date) values (?,?,?,?,?)
Hibernate: insert into shift_assignments (employee_id,end_time,shift_name,start_time,work_date) values (?,?,?,?,?)
2025-10-25T10:10:41.437+09:00 DEBUG 16416 --- [Shift Scheduler Demo] [           main] org.hibernate.SQL                        : select last_insert_rowid()
Hibernate: select last_insert_rowid()
2025-10-25T10:10:41.437+09:00 DEBUG 16416 --- [Shift Scheduler Demo] [           main] org.hibernate.SQL                        : insert into shift_assignments (employee_id,end_time,shift_name,start_time,work_date) values (?,?,?,?,?)
Hibernate: insert into shift_assignments (employee_id,end_time,shift_name,start_time,work_date) values (?,?,?,?,?)
2025-10-25T10:10:41.437+09:00 DEBUG 16416 --- [Shift Scheduler Demo] [           main] org.hibernate.SQL                        : select last_insert_rowid()
Hibernate: select last_insert_rowid()
2025-10-25T10:10:41.437+09:00 DEBUG 16416 --- [Shift Scheduler Demo] [           main] org.hibernate.SQL                        : insert into shift_assignments (employee_id,end_time,shift_name,start_time,work_date) values (?,?,?,?,?)
Hibernate: insert into shift_assignments (employee_id,end_time,shift_name,start_time,work_date) values (?,?,?,?,?)
2025-10-25T10:10:41.437+09:00 DEBUG 16416 --- [Shift Scheduler Demo] [           main] org.hibernate.SQL                        : select last_insert_rowid()
Hibernate: select last_insert_rowid()
2025-10-25T10:10:41.437+09:00 DEBUG 16416 --- [Shift Scheduler Demo] [           main] org.hibernate.SQL                        : insert into shift_assignments (employee_id,end_time,shift_name,start_time,work_date) values (?,?,?,?,?)
Hibernate: insert into shift_assignments (employee_id,end_time,shift_name,start_time,work_date) values (?,?,?,?,?)
2025-10-25T10:10:41.437+09:00 DEBUG 16416 --- [Shift Scheduler Demo] [           main] org.hibernate.SQL                        : select last_insert_rowid()
Hibernate: select last_insert_rowid()
2025-10-25T10:10:41.438+09:00 DEBUG 16416 --- [Shift Scheduler Demo] [           main] org.hibernate.SQL                        : insert into shift_assignments (employee_id,end_time,shift_name,start_time,work_date) values (?,?,?,?,?)
Hibernate: insert into shift_assignments (employee_id,end_time,shift_name,start_time,work_date) values (?,?,?,?,?)
2025-10-25T10:10:41.438+09:00 DEBUG 16416 --- [Shift Scheduler Demo] [           main] org.hibernate.SQL                        : select last_insert_rowid()
Hibernate: select last_insert_rowid()
2025-10-25T10:10:41.438+09:00 DEBUG 16416 --- [Shift Scheduler Demo] [           main] org.hibernate.SQL                        : insert into shift_assignments (employee_id,end_time,shift_name,start_time,work_date) values (?,?,?,?,?)
Hibernate: insert into shift_assignments (employee_id,end_time,shift_name,start_time,work_date) values (?,?,?,?,?)
2025-10-25T10:10:41.438+09:00 DEBUG 16416 --- [Shift Scheduler Demo] [           main] org.hibernate.SQL                        : select last_insert_rowid()
Hibernate: select last_insert_rowid()
2025-10-25T10:10:41.438+09:00 DEBUG 16416 --- [Shift Scheduler Demo] [           main] org.hibernate.SQL                        : insert into shift_assignments (employee_id,end_time,shift_name,start_time,work_date) values (?,?,?,?,?)
Hibernate: insert into shift_assignments (employee_id,end_time,shift_name,start_time,work_date) values (?,?,?,?,?)
2025-10-25T10:10:41.438+09:00 DEBUG 16416 --- [Shift Scheduler Demo] [           main] org.hibernate.SQL                        : select last_insert_rowid()
Hibernate: select last_insert_rowid()
2025-10-25T10:10:41.438+09:00 DEBUG 16416 --- [Shift Scheduler Demo] [           main] org.hibernate.SQL                        : insert into shift_assignments (employee_id,end_time,shift_name,start_time,work_date) values (?,?,?,?,?)
Hibernate: insert into shift_assignments (employee_id,end_time,shift_name,start_time,work_date) values (?,?,?,?,?)
2025-10-25T10:10:41.439+09:00 DEBUG 16416 --- [Shift Scheduler Demo] [           main] org.hibernate.SQL                        : select last_insert_rowid()
Hibernate: select last_insert_rowid()
2025-10-25T10:10:41.439+09:00 DEBUG 16416 --- [Shift Scheduler Demo] [           main] org.hibernate.SQL                        : insert into shift_assignments (employee_id,end_time,shift_name,start_time,work_date) values (?,?,?,?,?)
Hibernate: insert into shift_assignments (employee_id,end_time,shift_name,start_time,work_date) values (?,?,?,?,?)
2025-10-25T10:10:41.439+09:00 DEBUG 16416 --- [Shift Scheduler Demo] [           main] org.hibernate.SQL                        : select last_insert_rowid()
Hibernate: select last_insert_rowid()
2025-10-25T10:10:41.439+09:00 DEBUG 16416 --- [Shift Scheduler Demo] [           main] org.hibernate.SQL                        : insert into shift_assignments (employee_id,end_time,shift_name,start_time,work_date) values (?,?,?,?,?)
Hibernate: insert into shift_assignments (employee_id,end_time,shift_name,start_time,work_date) values (?,?,?,?,?)
2025-10-25T10:10:41.439+09:00 DEBUG 16416 --- [Shift Scheduler Demo] [           main] org.hibernate.SQL                        : select last_insert_rowid()
Hibernate: select last_insert_rowid()
2025-10-25T10:10:41.439+09:00 DEBUG 16416 --- [Shift Scheduler Demo] [           main] org.hibernate.SQL                        : insert into shift_assignments (employee_id,end_time,shift_name,start_time,work_date) values (?,?,?,?,?)
Hibernate: insert into shift_assignments (employee_id,end_time,shift_name,start_time,work_date) values (?,?,?,?,?)
2025-10-25T10:10:41.439+09:00 DEBUG 16416 --- [Shift Scheduler Demo] [           main] org.hibernate.SQL                        : select last_insert_rowid()
Hibernate: select last_insert_rowid()
2025-10-25T10:10:41.439+09:00 DEBUG 16416 --- [Shift Scheduler Demo] [           main] org.hibernate.SQL                        : insert into shift_assignments (employee_id,end_time,shift_name,start_time,work_date) values (?,?,?,?,?)
Hibernate: insert into shift_assignments (employee_id,end_time,shift_name,start_time,work_date) values (?,?,?,?,?)
2025-10-25T10:10:41.441+09:00 DEBUG 16416 --- [Shift Scheduler Demo] [           main] org.hibernate.SQL                        : select last_insert_rowid()
Hibernate: select last_insert_rowid()
2025-10-25T10:10:41.441+09:00 DEBUG 16416 --- [Shift Scheduler Demo] [           main] org.hibernate.SQL                        : insert into shift_assignments (employee_id,end_time,shift_name,start_time,work_date) values (?,?,?,?,?)
Hibernate: insert into shift_assignments (employee_id,end_time,shift_name,start_time,work_date) values (?,?,?,?,?)
2025-10-25T10:10:41.441+09:00 DEBUG 16416 --- [Shift Scheduler Demo] [           main] org.hibernate.SQL                        : select last_insert_rowid()
Hibernate: select last_insert_rowid()
2025-10-25T10:10:41.442+09:00 DEBUG 16416 --- [Shift Scheduler Demo] [           main] org.hibernate.SQL                        : insert into shift_assignments (employee_id,end_time,shift_name,start_time,work_date) values (?,?,?,?,?)
Hibernate: insert into shift_assignments (employee_id,end_time,shift_name,start_time,work_date) values (?,?,?,?,?)
2025-10-25T10:10:41.442+09:00 DEBUG 16416 --- [Shift Scheduler Demo] [           main] org.hibernate.SQL                        : select last_insert_rowid()
Hibernate: select last_insert_rowid()
2025-10-25T10:10:41.442+09:00 DEBUG 16416 --- [Shift Scheduler Demo] [           main] org.hibernate.SQL                        : insert into shift_assignments (employee_id,end_time,shift_name,start_time,work_date) values (?,?,?,?,?)
Hibernate: insert into shift_assignments (employee_id,end_time,shift_name,start_time,work_date) values (?,?,?,?,?)
2025-10-25T10:10:41.442+09:00 DEBUG 16416 --- [Shift Scheduler Demo] [           main] org.hibernate.SQL                        : select last_insert_rowid()
Hibernate: select last_insert_rowid()
2025-10-25T10:10:41.442+09:00 DEBUG 16416 --- [Shift Scheduler Demo] [           main] org.hibernate.SQL                        : insert into shift_assignments (employee_id,end_time,shift_name,start_time,work_date) values (?,?,?,?,?)
Hibernate: insert into shift_assignments (employee_id,end_time,shift_name,start_time,work_date) values (?,?,?,?,?)
2025-10-25T10:10:41.442+09:00 DEBUG 16416 --- [Shift Scheduler Demo] [           main] org.hibernate.SQL                        : select last_insert_rowid()
Hibernate: select last_insert_rowid()
2025-10-25T10:10:41.443+09:00 DEBUG 16416 --- [Shift Scheduler Demo] [           main] org.hibernate.SQL                        : insert into shift_assignments (employee_id,end_time,shift_name,start_time,work_date) values (?,?,?,?,?)
Hibernate: insert into shift_assignments (employee_id,end_time,shift_name,start_time,work_date) values (?,?,?,?,?)
2025-10-25T10:10:41.443+09:00 DEBUG 16416 --- [Shift Scheduler Demo] [           main] org.hibernate.SQL                        : select last_insert_rowid()
Hibernate: select last_insert_rowid()
2025-10-25T10:10:41.443+09:00 DEBUG 16416 --- [Shift Scheduler Demo] [           main] org.hibernate.SQL                        : insert into shift_assignments (employee_id,end_time,shift_name,start_time,work_date) values (?,?,?,?,?)
Hibernate: insert into shift_assignments (employee_id,end_time,shift_name,start_time,work_date) values (?,?,?,?,?)
2025-10-25T10:10:41.447+09:00 DEBUG 16416 --- [Shift Scheduler Demo] [           main] org.hibernate.SQL                        : select last_insert_rowid()
Hibernate: select last_insert_rowid()
2025-10-25T10:10:41.448+09:00 DEBUG 16416 --- [Shift Scheduler Demo] [           main] org.hibernate.SQL                        : insert into shift_assignments (employee_id,end_time,shift_name,start_time,work_date) values (?,?,?,?,?)
Hibernate: insert into shift_assignments (employee_id,end_time,shift_name,start_time,work_date) values (?,?,?,?,?)
2025-10-25T10:10:41.449+09:00 DEBUG 16416 --- [Shift Scheduler Demo] [           main] org.hibernate.SQL                        : select last_insert_rowid()
Hibernate: select last_insert_rowid()
2025-10-25T10:10:41.450+09:00 DEBUG 16416 --- [Shift Scheduler Demo] [           main] org.hibernate.SQL                        : insert into shift_assignments (employee_id,end_time,shift_name,start_time,work_date) values (?,?,?,?,?)
Hibernate: insert into shift_assignments (employee_id,end_time,shift_name,start_time,work_date) values (?,?,?,?,?)
2025-10-25T10:10:41.450+09:00 DEBUG 16416 --- [Shift Scheduler Demo] [           main] org.hibernate.SQL                        : select last_insert_rowid()
Hibernate: select last_insert_rowid()
2025-10-25T10:10:41.451+09:00 DEBUG 16416 --- [Shift Scheduler Demo] [           main] org.hibernate.SQL                        : insert into shift_assignments (employee_id,end_time,shift_name,start_time,work_date) values (?,?,?,?,?)
Hibernate: insert into shift_assignments (employee_id,end_time,shift_name,start_time,work_date) values (?,?,?,?,?)
2025-10-25T10:10:41.451+09:00 DEBUG 16416 --- [Shift Scheduler Demo] [           main] org.hibernate.SQL                        : select last_insert_rowid()
Hibernate: select last_insert_rowid()
2025-10-25T10:10:41.451+09:00 DEBUG 16416 --- [Shift Scheduler Demo] [           main] org.hibernate.SQL                        : insert into shift_assignments (employee_id,end_time,shift_name,start_time,work_date) values (?,?,?,?,?)
Hibernate: insert into shift_assignments (employee_id,end_time,shift_name,start_time,work_date) values (?,?,?,?,?)
2025-10-25T10:10:41.451+09:00 DEBUG 16416 --- [Shift Scheduler Demo] [           main] org.hibernate.SQL                        : select last_insert_rowid()
Hibernate: select last_insert_rowid()
2025-10-25T10:10:41.451+09:00 DEBUG 16416 --- [Shift Scheduler Demo] [           main] org.hibernate.SQL                        : insert into shift_assignments (employee_id,end_time,shift_name,start_time,work_date) values (?,?,?,?,?)
Hibernate: insert into shift_assignments (employee_id,end_time,shift_name,start_time,work_date) values (?,?,?,?,?)
2025-10-25T10:10:41.452+09:00 DEBUG 16416 --- [Shift Scheduler Demo] [           main] org.hibernate.SQL                        : select last_insert_rowid()
Hibernate: select last_insert_rowid()
2025-10-25T10:10:41.452+09:00 DEBUG 16416 --- [Shift Scheduler Demo] [           main] org.hibernate.SQL                        : insert into shift_assignments (employee_id,end_time,shift_name,start_time,work_date) values (?,?,?,?,?)
Hibernate: insert into shift_assignments (employee_id,end_time,shift_name,start_time,work_date) values (?,?,?,?,?)
2025-10-25T10:10:41.452+09:00 DEBUG 16416 --- [Shift Scheduler Demo] [           main] org.hibernate.SQL                        : select last_insert_rowid()
Hibernate: select last_insert_rowid()
2025-10-25T10:10:41.452+09:00 DEBUG 16416 --- [Shift Scheduler Demo] [           main] org.hibernate.SQL                        : insert into shift_assignments (employee_id,end_time,shift_name,start_time,work_date) values (?,?,?,?,?)
Hibernate: insert into shift_assignments (employee_id,end_time,shift_name,start_time,work_date) values (?,?,?,?,?)
2025-10-25T10:10:41.452+09:00 DEBUG 16416 --- [Shift Scheduler Demo] [           main] org.hibernate.SQL                        : select last_insert_rowid()
Hibernate: select last_insert_rowid()
2025-10-25T10:10:41.453+09:00 DEBUG 16416 --- [Shift Scheduler Demo] [           main] org.hibernate.SQL                        : insert into shift_assignments (employee_id,end_time,shift_name,start_time,work_date) values (?,?,?,?,?)
Hibernate: insert into shift_assignments (employee_id,end_time,shift_name,start_time,work_date) values (?,?,?,?,?)
2025-10-25T10:10:41.453+09:00 DEBUG 16416 --- [Shift Scheduler Demo] [           main] org.hibernate.SQL                        : select last_insert_rowid()
Hibernate: select last_insert_rowid()
2025-10-25T10:10:41.453+09:00 DEBUG 16416 --- [Shift Scheduler Demo] [           main] org.hibernate.SQL                        : insert into shift_assignments (employee_id,end_time,shift_name,start_time,work_date) values (?,?,?,?,?)
Hibernate: insert into shift_assignments (employee_id,end_time,shift_name,start_time,work_date) values (?,?,?,?,?)
2025-10-25T10:10:41.453+09:00 DEBUG 16416 --- [Shift Scheduler Demo] [           main] org.hibernate.SQL                        : select last_insert_rowid()
Hibernate: select last_insert_rowid()
2025-10-25T10:10:41.453+09:00 DEBUG 16416 --- [Shift Scheduler Demo] [           main] org.hibernate.SQL                        : insert into shift_assignments (employee_id,end_time,shift_name,start_time,work_date) values (?,?,?,?,?)
Hibernate: insert into shift_assignments (employee_id,end_time,shift_name,start_time,work_date) values (?,?,?,?,?)
2025-10-25T10:10:41.453+09:00 DEBUG 16416 --- [Shift Scheduler Demo] [           main] org.hibernate.SQL                        : select last_insert_rowid()
Hibernate: select last_insert_rowid()
2025-10-25T10:10:41.454+09:00 DEBUG 16416 --- [Shift Scheduler Demo] [           main] org.hibernate.SQL                        : insert into shift_assignments (employee_id,end_time,shift_name,start_time,work_date) values (?,?,?,?,?)
Hibernate: insert into shift_assignments (employee_id,end_time,shift_name,start_time,work_date) values (?,?,?,?,?)
2025-10-25T10:10:41.454+09:00 DEBUG 16416 --- [Shift Scheduler Demo] [           main] org.hibernate.SQL                        : select last_insert_rowid()
Hibernate: select last_insert_rowid()
2025-10-25T10:10:41.454+09:00 DEBUG 16416 --- [Shift Scheduler Demo] [           main] org.hibernate.SQL                        : insert into shift_assignments (employee_id,end_time,shift_name,start_time,work_date) values (?,?,?,?,?)
Hibernate: insert into shift_assignments (employee_id,end_time,shift_name,start_time,work_date) values (?,?,?,?,?)
2025-10-25T10:10:41.454+09:00 DEBUG 16416 --- [Shift Scheduler Demo] [           main] org.hibernate.SQL                        : select last_insert_rowid()
Hibernate: select last_insert_rowid()
2025-10-25T10:10:41.455+09:00 DEBUG 16416 --- [Shift Scheduler Demo] [           main] org.hibernate.SQL                        : insert into shift_assignments (employee_id,end_time,shift_name,start_time,work_date) values (?,?,?,?,?)
Hibernate: insert into shift_assignments (employee_id,end_time,shift_name,start_time,work_date) values (?,?,?,?,?)
2025-10-25T10:10:41.455+09:00 DEBUG 16416 --- [Shift Scheduler Demo] [           main] org.hibernate.SQL                        : select last_insert_rowid()
Hibernate: select last_insert_rowid()
2025-10-25T10:10:41.455+09:00 DEBUG 16416 --- [Shift Scheduler Demo] [           main] org.hibernate.SQL                        : insert into shift_assignments (employee_id,end_time,shift_name,start_time,work_date) values (?,?,?,?,?)
Hibernate: insert into shift_assignments (employee_id,end_time,shift_name,start_time,work_date) values (?,?,?,?,?)
2025-10-25T10:10:41.455+09:00 DEBUG 16416 --- [Shift Scheduler Demo] [           main] org.hibernate.SQL                        : select last_insert_rowid()
Hibernate: select last_insert_rowid()
2025-10-25T10:10:41.455+09:00 DEBUG 16416 --- [Shift Scheduler Demo] [           main] org.hibernate.SQL                        : insert into shift_assignments (employee_id,end_time,shift_name,start_time,work_date) values (?,?,?,?,?)
Hibernate: insert into shift_assignments (employee_id,end_time,shift_name,start_time,work_date) values (?,?,?,?,?)
2025-10-25T10:10:41.456+09:00 DEBUG 16416 --- [Shift Scheduler Demo] [           main] org.hibernate.SQL                        : select last_insert_rowid()
Hibernate: select last_insert_rowid()
2025-10-25T10:10:41.456+09:00 DEBUG 16416 --- [Shift Scheduler Demo] [           main] org.hibernate.SQL                        : insert into shift_assignments (employee_id,end_time,shift_name,start_time,work_date) values (?,?,?,?,?)
Hibernate: insert into shift_assignments (employee_id,end_time,shift_name,start_time,work_date) values (?,?,?,?,?)
2025-10-25T10:10:41.456+09:00 DEBUG 16416 --- [Shift Scheduler Demo] [           main] org.hibernate.SQL                        : select last_insert_rowid()
Hibernate: select last_insert_rowid()
2025-10-25T10:10:41.456+09:00 DEBUG 16416 --- [Shift Scheduler Demo] [           main] org.hibernate.SQL                        : insert into shift_assignments (employee_id,end_time,shift_name,start_time,work_date) values (?,?,?,?,?)
Hibernate: insert into shift_assignments (employee_id,end_time,shift_name,start_time,work_date) values (?,?,?,?,?)
2025-10-25T10:10:41.457+09:00 DEBUG 16416 --- [Shift Scheduler Demo] [           main] org.hibernate.SQL                        : select last_insert_rowid()
Hibernate: select last_insert_rowid()
2025-10-25T10:10:41.457+09:00 DEBUG 16416 --- [Shift Scheduler Demo] [           main] org.hibernate.SQL                        : insert into shift_assignments (employee_id,end_time,shift_name,start_time,work_date) values (?,?,?,?,?)
Hibernate: insert into shift_assignments (employee_id,end_time,shift_name,start_time,work_date) values (?,?,?,?,?)
2025-10-25T10:10:41.457+09:00 DEBUG 16416 --- [Shift Scheduler Demo] [           main] org.hibernate.SQL                        : select last_insert_rowid()
Hibernate: select last_insert_rowid()
2025-10-25T10:10:41.459+09:00 DEBUG 16416 --- [Shift Scheduler Demo] [           main] org.hibernate.SQL                        : insert into shift_assignments (employee_id,end_time,shift_name,start_time,work_date) values (?,?,?,?,?)
Hibernate: insert into shift_assignments (employee_id,end_time,shift_name,start_time,work_date) values (?,?,?,?,?)
2025-10-25T10:10:41.459+09:00 DEBUG 16416 --- [Shift Scheduler Demo] [           main] org.hibernate.SQL                        : select last_insert_rowid()
Hibernate: select last_insert_rowid()
2025-10-25T10:10:41.460+09:00 DEBUG 16416 --- [Shift Scheduler Demo] [           main] org.hibernate.SQL                        : insert into shift_assignments (employee_id,end_time,shift_name,start_time,work_date) values (?,?,?,?,?)
Hibernate: insert into shift_assignments (employee_id,end_time,shift_name,start_time,work_date) values (?,?,?,?,?)
2025-10-25T10:10:41.460+09:00 DEBUG 16416 --- [Shift Scheduler Demo] [           main] org.hibernate.SQL                        : select last_insert_rowid()
Hibernate: select last_insert_rowid()
2025-10-25T10:10:41.460+09:00 DEBUG 16416 --- [Shift Scheduler Demo] [           main] org.hibernate.SQL                        : insert into shift_assignments (employee_id,end_time,shift_name,start_time,work_date) values (?,?,?,?,?)
Hibernate: insert into shift_assignments (employee_id,end_time,shift_name,start_time,work_date) values (?,?,?,?,?)
2025-10-25T10:10:41.460+09:00 DEBUG 16416 --- [Shift Scheduler Demo] [           main] org.hibernate.SQL                        : select last_insert_rowid()
Hibernate: select last_insert_rowid()
2025-10-25T10:10:41.460+09:00 DEBUG 16416 --- [Shift Scheduler Demo] [           main] org.hibernate.SQL                        : insert into shift_assignments (employee_id,end_time,shift_name,start_time,work_date) values (?,?,?,?,?)
Hibernate: insert into shift_assignments (employee_id,end_time,shift_name,start_time,work_date) values (?,?,?,?,?)
2025-10-25T10:10:41.460+09:00 DEBUG 16416 --- [Shift Scheduler Demo] [           main] org.hibernate.SQL                        : select last_insert_rowid()
Hibernate: select last_insert_rowid()
2025-10-25T10:10:41.460+09:00 DEBUG 16416 --- [Shift Scheduler Demo] [           main] org.hibernate.SQL                        : insert into shift_assignments (employee_id,end_time,shift_name,start_time,work_date) values (?,?,?,?,?)
Hibernate: insert into shift_assignments (employee_id,end_time,shift_name,start_time,work_date) values (?,?,?,?,?)
2025-10-25T10:10:41.460+09:00 DEBUG 16416 --- [Shift Scheduler Demo] [           main] org.hibernate.SQL                        : select last_insert_rowid()
Hibernate: select last_insert_rowid()
2025-10-25T10:10:41.460+09:00 DEBUG 16416 --- [Shift Scheduler Demo] [           main] org.hibernate.SQL                        : insert into shift_assignments (employee_id,end_time,shift_name,start_time,work_date) values (?,?,?,?,?)
Hibernate: insert into shift_assignments (employee_id,end_time,shift_name,start_time,work_date) values (?,?,?,?,?)
2025-10-25T10:10:41.460+09:00 DEBUG 16416 --- [Shift Scheduler Demo] [           main] org.hibernate.SQL                        : select last_insert_rowid()
Hibernate: select last_insert_rowid()
2025-10-25T10:10:41.460+09:00 DEBUG 16416 --- [Shift Scheduler Demo] [           main] org.hibernate.SQL                        : insert into shift_assignments (employee_id,end_time,shift_name,start_time,work_date) values (?,?,?,?,?)
Hibernate: insert into shift_assignments (employee_id,end_time,shift_name,start_time,work_date) values (?,?,?,?,?)
2025-10-25T10:10:41.460+09:00 DEBUG 16416 --- [Shift Scheduler Demo] [           main] org.hibernate.SQL                        : select last_insert_rowid()
Hibernate: select last_insert_rowid()
2025-10-25T10:10:41.460+09:00 DEBUG 16416 --- [Shift Scheduler Demo] [           main] org.hibernate.SQL                        : insert into shift_assignments (employee_id,end_time,shift_name,start_time,work_date) values (?,?,?,?,?)
Hibernate: insert into shift_assignments (employee_id,end_time,shift_name,start_time,work_date) values (?,?,?,?,?)
2025-10-25T10:10:41.463+09:00 DEBUG 16416 --- [Shift Scheduler Demo] [           main] org.hibernate.SQL                        : select last_insert_rowid()
Hibernate: select last_insert_rowid()
2025-10-25T10:10:41.463+09:00 DEBUG 16416 --- [Shift Scheduler Demo] [           main] org.hibernate.SQL                        : insert into shift_assignments (employee_id,end_time,shift_name,start_time,work_date) values (?,?,?,?,?)
Hibernate: insert into shift_assignments (employee_id,end_time,shift_name,start_time,work_date) values (?,?,?,?,?)
2025-10-25T10:10:41.463+09:00 DEBUG 16416 --- [Shift Scheduler Demo] [           main] org.hibernate.SQL                        : select last_insert_rowid()
Hibernate: select last_insert_rowid()
2025-10-25T10:10:41.464+09:00 DEBUG 16416 --- [Shift Scheduler Demo] [           main] org.hibernate.SQL                        : insert into shift_assignments (employee_id,end_time,shift_name,start_time,work_date) values (?,?,?,?,?)
Hibernate: insert into shift_assignments (employee_id,end_time,shift_name,start_time,work_date) values (?,?,?,?,?)
2025-10-25T10:10:41.464+09:00 DEBUG 16416 --- [Shift Scheduler Demo] [           main] org.hibernate.SQL                        : select last_insert_rowid()
Hibernate: select last_insert_rowid()
2025-10-25T10:10:41.465+09:00 DEBUG 16416 --- [Shift Scheduler Demo] [           main] org.hibernate.SQL                        : insert into shift_assignments (employee_id,end_time,shift_name,start_time,work_date) values (?,?,?,?,?)
Hibernate: insert into shift_assignments (employee_id,end_time,shift_name,start_time,work_date) values (?,?,?,?,?)
2025-10-25T10:10:41.465+09:00 DEBUG 16416 --- [Shift Scheduler Demo] [           main] org.hibernate.SQL                        : select last_insert_rowid()
Hibernate: select last_insert_rowid()
2025-10-25T10:10:41.465+09:00 DEBUG 16416 --- [Shift Scheduler Demo] [           main] org.hibernate.SQL                        : insert into shift_assignments (employee_id,end_time,shift_name,start_time,work_date) values (?,?,?,?,?)
Hibernate: insert into shift_assignments (employee_id,end_time,shift_name,start_time,work_date) values (?,?,?,?,?)
2025-10-25T10:10:41.465+09:00 DEBUG 16416 --- [Shift Scheduler Demo] [           main] org.hibernate.SQL                        : select last_insert_rowid()
Hibernate: select last_insert_rowid()
2025-10-25T10:10:41.466+09:00 DEBUG 16416 --- [Shift Scheduler Demo] [           main] org.hibernate.SQL                        : insert into shift_assignments (employee_id,end_time,shift_name,start_time,work_date) values (?,?,?,?,?)
Hibernate: insert into shift_assignments (employee_id,end_time,shift_name,start_time,work_date) values (?,?,?,?,?)
2025-10-25T10:10:41.466+09:00 DEBUG 16416 --- [Shift Scheduler Demo] [           main] org.hibernate.SQL                        : select last_insert_rowid()
Hibernate: select last_insert_rowid()
2025-10-25T10:10:41.466+09:00 DEBUG 16416 --- [Shift Scheduler Demo] [           main] org.hibernate.SQL                        : insert into shift_assignments (employee_id,end_time,shift_name,start_time,work_date) values (?,?,?,?,?)
Hibernate: insert into shift_assignments (employee_id,end_time,shift_name,start_time,work_date) values (?,?,?,?,?)
2025-10-25T10:10:41.466+09:00 DEBUG 16416 --- [Shift Scheduler Demo] [           main] org.hibernate.SQL                        : select last_insert_rowid()
Hibernate: select last_insert_rowid()
2025-10-25T10:10:41.466+09:00 DEBUG 16416 --- [Shift Scheduler Demo] [           main] org.hibernate.SQL                        : insert into shift_assignments (employee_id,end_time,shift_name,start_time,work_date) values (?,?,?,?,?)
Hibernate: insert into shift_assignments (employee_id,end_time,shift_name,start_time,work_date) values (?,?,?,?,?)
2025-10-25T10:10:41.466+09:00 DEBUG 16416 --- [Shift Scheduler Demo] [           main] org.hibernate.SQL                        : select last_insert_rowid()
Hibernate: select last_insert_rowid()
2025-10-25T10:10:41.467+09:00 DEBUG 16416 --- [Shift Scheduler Demo] [           main] org.hibernate.SQL                        : insert into shift_assignments (employee_id,end_time,shift_name,start_time,work_date) values (?,?,?,?,?)
Hibernate: insert into shift_assignments (employee_id,end_time,shift_name,start_time,work_date) values (?,?,?,?,?)
2025-10-25T10:10:41.467+09:00 DEBUG 16416 --- [Shift Scheduler Demo] [           main] org.hibernate.SQL                        : select last_insert_rowid()
Hibernate: select last_insert_rowid()
2025-10-25T10:10:41.467+09:00 DEBUG 16416 --- [Shift Scheduler Demo] [           main] org.hibernate.SQL                        : insert into shift_assignments (employee_id,end_time,shift_name,start_time,work_date) values (?,?,?,?,?)
Hibernate: insert into shift_assignments (employee_id,end_time,shift_name,start_time,work_date) values (?,?,?,?,?)
2025-10-25T10:10:41.467+09:00 DEBUG 16416 --- [Shift Scheduler Demo] [           main] org.hibernate.SQL                        : select last_insert_rowid()
Hibernate: select last_insert_rowid()
2025-10-25T10:10:41.467+09:00 DEBUG 16416 --- [Shift Scheduler Demo] [           main] org.hibernate.SQL                        : insert into shift_assignments (employee_id,end_time,shift_name,start_time,work_date) values (?,?,?,?,?)
Hibernate: insert into shift_assignments (employee_id,end_time,shift_name,start_time,work_date) values (?,?,?,?,?)
2025-10-25T10:10:41.467+09:00 DEBUG 16416 --- [Shift Scheduler Demo] [           main] org.hibernate.SQL                        : select last_insert_rowid()
Hibernate: select last_insert_rowid()
2025-10-25T10:10:41.468+09:00 DEBUG 16416 --- [Shift Scheduler Demo] [           main] org.hibernate.SQL                        : insert into shift_assignments (employee_id,end_time,shift_name,start_time,work_date) values (?,?,?,?,?)
Hibernate: insert into shift_assignments (employee_id,end_time,shift_name,start_time,work_date) values (?,?,?,?,?)
2025-10-25T10:10:41.468+09:00 DEBUG 16416 --- [Shift Scheduler Demo] [           main] org.hibernate.SQL                        : select last_insert_rowid()
Hibernate: select last_insert_rowid()
2025-10-25T10:10:41.468+09:00 DEBUG 16416 --- [Shift Scheduler Demo] [           main] org.hibernate.SQL                        : insert into shift_assignments (employee_id,end_time,shift_name,start_time,work_date) values (?,?,?,?,?)
Hibernate: insert into shift_assignments (employee_id,end_time,shift_name,start_time,work_date) values (?,?,?,?,?)
2025-10-25T10:10:41.468+09:00 DEBUG 16416 --- [Shift Scheduler Demo] [           main] org.hibernate.SQL                        : select last_insert_rowid()
Hibernate: select last_insert_rowid()
2025-10-25T10:10:41.468+09:00 DEBUG 16416 --- [Shift Scheduler Demo] [           main] org.hibernate.SQL                        : insert into shift_assignments (employee_id,end_time,shift_name,start_time,work_date) values (?,?,?,?,?)
Hibernate: insert into shift_assignments (employee_id,end_time,shift_name,start_time,work_date) values (?,?,?,?,?)
2025-10-25T10:10:41.468+09:00 DEBUG 16416 --- [Shift Scheduler Demo] [           main] org.hibernate.SQL                        : select last_insert_rowid()
Hibernate: select last_insert_rowid()
2025-10-25T10:10:41.468+09:00 DEBUG 16416 --- [Shift Scheduler Demo] [           main] org.hibernate.SQL                        : insert into shift_assignments (employee_id,end_time,shift_name,start_time,work_date) values (?,?,?,?,?)
Hibernate: insert into shift_assignments (employee_id,end_time,shift_name,start_time,work_date) values (?,?,?,?,?)
2025-10-25T10:10:41.469+09:00 DEBUG 16416 --- [Shift Scheduler Demo] [           main] org.hibernate.SQL                        : select last_insert_rowid()
Hibernate: select last_insert_rowid()
2025-10-25T10:10:41.469+09:00 DEBUG 16416 --- [Shift Scheduler Demo] [           main] org.hibernate.SQL                        : insert into shift_assignments (employee_id,end_time,shift_name,start_time,work_date) values (?,?,?,?,?)
Hibernate: insert into shift_assignments (employee_id,end_time,shift_name,start_time,work_date) values (?,?,?,?,?)
2025-10-25T10:10:41.469+09:00 DEBUG 16416 --- [Shift Scheduler Demo] [           main] org.hibernate.SQL                        : select last_insert_rowid()
Hibernate: select last_insert_rowid()
2025-10-25T10:10:41.469+09:00 DEBUG 16416 --- [Shift Scheduler Demo] [           main] org.hibernate.SQL                        : insert into shift_assignments (employee_id,end_time,shift_name,start_time,work_date) values (?,?,?,?,?)
Hibernate: insert into shift_assignments (employee_id,end_time,shift_name,start_time,work_date) values (?,?,?,?,?)
2025-10-25T10:10:41.469+09:00 DEBUG 16416 --- [Shift Scheduler Demo] [           main] org.hibernate.SQL                        : select last_insert_rowid()
Hibernate: select last_insert_rowid()
2025-10-25T10:10:41.470+09:00  INFO 16416 --- [Shift Scheduler Demo] [           main] c.e.shiftv1.schedule.ScheduleService     : シフト生成が完了しました: 92件の割り当てを生成
2025-10-25T10:10:41.472+09:00 DEBUG 16416 --- [Shift Scheduler Demo] [           main] org.hibernate.SQL                        : select sc1_0.id,sc1_0.is_active,sc1_0.created_at,sc1_0.day_of_week,sc1_0.end_time,sc1_0.is_holiday,sc1_0.name,sc1_0.required_employees,sc1_0.required_skill_id,sc1_0.start_time,sc1_0.updated_at from shift_config sc1_0 where sc1_0.is_active=1
Hibernate: select sc1_0.id,sc1_0.is_active,sc1_0.created_at,sc1_0.day_of_week,sc1_0.end_time,sc1_0.is_holiday,sc1_0.name,sc1_0.required_employees,sc1_0.required_skill_id,sc1_0.start_time,sc1_0.updated_at from shift_config sc1_0 where sc1_0.is_active=1
2025-10-25T10:10:41.475+09:00 DEBUG 16416 --- [Shift Scheduler Demo] [           main] org.hibernate.SQL                        : select h1_0.date from holidays h1_0 where h1_0.date between ? and ?
Hibernate: select h1_0.date from holidays h1_0 where h1_0.date between ? and ?
2025-10-25T10:10:41.478+09:00 DEBUG 16416 --- [Shift Scheduler Demo] [           main] org.hibernate.SQL                        : select h1_0.date from holidays h1_0 where h1_0.date between ? and ?
Hibernate: select h1_0.date from holidays h1_0 where h1_0.date between ? and ?
2025-10-25T10:10:41.480+09:00 DEBUG 16416 --- [Shift Scheduler Demo] [           main] org.hibernate.SQL                        : select h1_0.date from holidays h1_0 where h1_0.date between ? and ?
Hibernate: select h1_0.date from holidays h1_0 where h1_0.date between ? and ?
2025-10-25T10:10:41.481+09:00 DEBUG 16416 --- [Shift Scheduler Demo] [           main] org.hibernate.SQL                        : select h1_0.date from holidays h1_0 where h1_0.date between ? and ?
Hibernate: select h1_0.date from holidays h1_0 where h1_0.date between ? and ?
2025-10-25T10:10:41.483+09:00 DEBUG 16416 --- [Shift Scheduler Demo] [           main] org.hibernate.SQL                        : select h1_0.date from holidays h1_0 where h1_0.date between ? and ?
Hibernate: select h1_0.date from holidays h1_0 where h1_0.date between ? and ?
2025-10-25T10:10:41.484+09:00 DEBUG 16416 --- [Shift Scheduler Demo] [           main] org.hibernate.SQL                        : select h1_0.date from holidays h1_0 where h1_0.date between ? and ?
Hibernate: select h1_0.date from holidays h1_0 where h1_0.date between ? and ?
2025-10-25T10:10:41.487+09:00 DEBUG 16416 --- [Shift Scheduler Demo] [           main] org.hibernate.SQL                        : select h1_0.date from holidays h1_0 where h1_0.date between ? and ?
Hibernate: select h1_0.date from holidays h1_0 where h1_0.date between ? and ?
2025-10-25T10:10:41.489+09:00 DEBUG 16416 --- [Shift Scheduler Demo] [           main] org.hibernate.SQL                        : select h1_0.date from holidays h1_0 where h1_0.date between ? and ?
Hibernate: select h1_0.date from holidays h1_0 where h1_0.date between ? and ?
2025-10-25T10:10:41.491+09:00 DEBUG 16416 --- [Shift Scheduler Demo] [           main] org.hibernate.SQL                        : select h1_0.date from holidays h1_0 where h1_0.date between ? and ?
Hibernate: select h1_0.date from holidays h1_0 where h1_0.date between ? and ?
2025-10-25T10:10:41.495+09:00 DEBUG 16416 --- [Shift Scheduler Demo] [           main] org.hibernate.SQL                        : select h1_0.date from holidays h1_0 where h1_0.date between ? and ?
Hibernate: select h1_0.date from holidays h1_0 where h1_0.date between ? and ?
2025-10-25T10:10:41.497+09:00 DEBUG 16416 --- [Shift Scheduler Demo] [           main] org.hibernate.SQL                        : select h1_0.date from holidays h1_0 where h1_0.date between ? and ?
Hibernate: select h1_0.date from holidays h1_0 where h1_0.date between ? and ?
2025-10-25T10:10:41.498+09:00 DEBUG 16416 --- [Shift Scheduler Demo] [           main] org.hibernate.SQL                        : select h1_0.date from holidays h1_0 where h1_0.date between ? and ?
Hibernate: select h1_0.date from holidays h1_0 where h1_0.date between ? and ?
2025-10-25T10:10:41.500+09:00 DEBUG 16416 --- [Shift Scheduler Demo] [           main] org.hibernate.SQL                        : select h1_0.date from holidays h1_0 where h1_0.date between ? and ?
Hibernate: select h1_0.date from holidays h1_0 where h1_0.date between ? and ?
2025-10-25T10:10:41.501+09:00 DEBUG 16416 --- [Shift Scheduler Demo] [           main] org.hibernate.SQL                        : select h1_0.date from holidays h1_0 where h1_0.date between ? and ?
Hibernate: select h1_0.date from holidays h1_0 where h1_0.date between ? and ?
2025-10-25T10:10:41.502+09:00 DEBUG 16416 --- [Shift Scheduler Demo] [           main] org.hibernate.SQL                        : select h1_0.date from holidays h1_0 where h1_0.date between ? and ?
Hibernate: select h1_0.date from holidays h1_0 where h1_0.date between ? and ?
2025-10-25T10:10:41.504+09:00 DEBUG 16416 --- [Shift Scheduler Demo] [           main] org.hibernate.SQL                        : select h1_0.date from holidays h1_0 where h1_0.date between ? and ?
Hibernate: select h1_0.date from holidays h1_0 where h1_0.date between ? and ?
2025-10-25T10:10:41.505+09:00 DEBUG 16416 --- [Shift Scheduler Demo] [           main] org.hibernate.SQL                        : select h1_0.date from holidays h1_0 where h1_0.date between ? and ?
Hibernate: select h1_0.date from holidays h1_0 where h1_0.date between ? and ?
2025-10-25T10:10:41.506+09:00 DEBUG 16416 --- [Shift Scheduler Demo] [           main] org.hibernate.SQL                        : select h1_0.date from holidays h1_0 where h1_0.date between ? and ?
Hibernate: select h1_0.date from holidays h1_0 where h1_0.date between ? and ?
2025-10-25T10:10:41.507+09:00 DEBUG 16416 --- [Shift Scheduler Demo] [           main] org.hibernate.SQL                        : select h1_0.date from holidays h1_0 where h1_0.date between ? and ?
Hibernate: select h1_0.date from holidays h1_0 where h1_0.date between ? and ?
2025-10-25T10:10:41.508+09:00 DEBUG 16416 --- [Shift Scheduler Demo] [           main] org.hibernate.SQL                        : select h1_0.date from holidays h1_0 where h1_0.date between ? and ?
Hibernate: select h1_0.date from holidays h1_0 where h1_0.date between ? and ?
2025-10-25T10:10:41.510+09:00 DEBUG 16416 --- [Shift Scheduler Demo] [           main] org.hibernate.SQL                        : select h1_0.date from holidays h1_0 where h1_0.date between ? and ?
Hibernate: select h1_0.date from holidays h1_0 where h1_0.date between ? and ?
2025-10-25T10:10:41.510+09:00 DEBUG 16416 --- [Shift Scheduler Demo] [           main] org.hibernate.SQL                        : select h1_0.date from holidays h1_0 where h1_0.date between ? and ?
Hibernate: select h1_0.date from holidays h1_0 where h1_0.date between ? and ?
2025-10-25T10:10:41.512+09:00 DEBUG 16416 --- [Shift Scheduler Demo] [           main] org.hibernate.SQL                        : select h1_0.date from holidays h1_0 where h1_0.date between ? and ?
Hibernate: select h1_0.date from holidays h1_0 where h1_0.date between ? and ?
2025-10-25T10:10:41.513+09:00 DEBUG 16416 --- [Shift Scheduler Demo] [           main] org.hibernate.SQL                        : select h1_0.date from holidays h1_0 where h1_0.date between ? and ?
Hibernate: select h1_0.date from holidays h1_0 where h1_0.date between ? and ?
2025-10-25T10:10:41.514+09:00 DEBUG 16416 --- [Shift Scheduler Demo] [           main] org.hibernate.SQL                        : select h1_0.date from holidays h1_0 where h1_0.date between ? and ?
Hibernate: select h1_0.date from holidays h1_0 where h1_0.date between ? and ?
2025-10-25T10:10:41.515+09:00 DEBUG 16416 --- [Shift Scheduler Demo] [           main] org.hibernate.SQL                        : select h1_0.date from holidays h1_0 where h1_0.date between ? and ?
Hibernate: select h1_0.date from holidays h1_0 where h1_0.date between ? and ?
2025-10-25T10:10:41.516+09:00 DEBUG 16416 --- [Shift Scheduler Demo] [           main] org.hibernate.SQL                        : select h1_0.date from holidays h1_0 where h1_0.date between ? and ?
Hibernate: select h1_0.date from holidays h1_0 where h1_0.date between ? and ?
2025-10-25T10:10:41.517+09:00 DEBUG 16416 --- [Shift Scheduler Demo] [           main] org.hibernate.SQL                        : select h1_0.date from holidays h1_0 where h1_0.date between ? and ?
Hibernate: select h1_0.date from holidays h1_0 where h1_0.date between ? and ?
2025-10-25T10:10:41.518+09:00 DEBUG 16416 --- [Shift Scheduler Demo] [           main] org.hibernate.SQL                        : select h1_0.date from holidays h1_0 where h1_0.date between ? and ?
Hibernate: select h1_0.date from holidays h1_0 where h1_0.date between ? and ?
2025-10-25T10:10:41.520+09:00 DEBUG 16416 --- [Shift Scheduler Demo] [           main] org.hibernate.SQL                        : select h1_0.date from holidays h1_0 where h1_0.date between ? and ?
Hibernate: select h1_0.date from holidays h1_0 where h1_0.date between ? and ?
2025-10-25T10:10:41.521+09:00 DEBUG 16416 --- [Shift Scheduler Demo] [           main] org.hibernate.SQL                        : select h1_0.date from holidays h1_0 where h1_0.date between ? and ?
Hibernate: select h1_0.date from holidays h1_0 where h1_0.date between ? and ?
2025-10-25T10:10:41.525+09:00 DEBUG 16416 --- [Shift Scheduler Demo] [           main] org.hibernate.SQL                        : select count(*) from employees e1_0
Hibernate: select count(*) from employees e1_0
]]></system-out>
  </testcase>
</testsuite>