<?xml version="1.0" encoding="UTF-8"?>
<testsuite xmlns:xsi="http://www.w3.org/2001/XMLSchema-instance" xsi:noNamespaceSchemaLocation="https://maven.apache.org/surefire/maven-surefire-plugin/xsd/surefire-test-report-3.0.xsd" version="3.0" name="com.example.shiftv1.schedule.ScheduleServiceTest" time="17.719" tests="2" errors="0" skipped="0" failures="0">
  <properties>
    <property name="java.specification.version" value="23"/>
    <property name="sun.cpu.isalist" value="amd64"/>
    <property name="sun.jnu.encoding" value="MS932"/>
    <property name="java.class.path" value="C:\Users\takow\Documents\02_programming\java\shiftv1\target\test-classes;C:\Users\takow\Documents\02_programming\java\shiftv1\target\classes;C:\Users\takow\.m2\repository\org\springframework\boot\spring-boot-starter-web\3.2.5\spring-boot-starter-web-3.2.5.jar;C:\Users\takow\.m2\repository\org\springframework\boot\spring-boot-starter\3.2.5\spring-boot-starter-3.2.5.jar;C:\Users\takow\.m2\repository\org\springframework\boot\spring-boot\3.2.5\spring-boot-3.2.5.jar;C:\Users\takow\.m2\repository\org\springframework\boot\spring-boot-autoconfigure\3.2.5\spring-boot-autoconfigure-3.2.5.jar;C:\Users\takow\.m2\repository\org\springframework\boot\spring-boot-starter-logging\3.2.5\spring-boot-starter-logging-3.2.5.jar;C:\Users\takow\.m2\repository\ch\qos\logback\logback-classic\1.4.14\logback-classic-1.4.14.jar;C:\Users\takow\.m2\repository\ch\qos\logback\logback-core\1.4.14\logback-core-1.4.14.jar;C:\Users\takow\.m2\repository\org\apache\logging\log4j\log4j-to-slf4j\2.21.1\log4j-to-slf4j-2.21.1.jar;C:\Users\takow\.m2\repository\org\apache\logging\log4j\log4j-api\2.21.1\log4j-api-2.21.1.jar;C:\Users\takow\.m2\repository\org\slf4j\jul-to-slf4j\2.0.13\jul-to-slf4j-2.0.13.jar;C:\Users\takow\.m2\repository\jakarta\annotation\jakarta.annotation-api\2.1.1\jakarta.annotation-api-2.1.1.jar;C:\Users\takow\.m2\repository\org\yaml\snakeyaml\2.2\snakeyaml-2.2.jar;C:\Users\takow\.m2\repository\org\springframework\boot\spring-boot-starter-json\3.2.5\spring-boot-starter-json-3.2.5.jar;C:\Users\takow\.m2\repository\com\fasterxml\jackson\core\jackson-databind\2.15.4\jackson-databind-2.15.4.jar;C:\Users\takow\.m2\repository\com\fasterxml\jackson\core\jackson-annotations\2.15.4\jackson-annotations-2.15.4.jar;C:\Users\takow\.m2\repository\com\fasterxml\jackson\core\jackson-core\2.15.4\jackson-core-2.15.4.jar;C:\Users\takow\.m2\repository\com\fasterxml\jackson\datatype\jackson-datatype-jdk8\2.15.4\jackson-datatype-jdk8-2.15.4.jar;C:\Users\takow\.m2\repository\com\fasterxml\jackson\datatype\jackson-datatype-jsr310\2.15.4\jackson-datatype-jsr310-2.15.4.jar;C:\Users\takow\.m2\repository\com\fasterxml\jackson\module\jackson-module-parameter-names\2.15.4\jackson-module-parameter-names-2.15.4.jar;C:\Users\takow\.m2\repository\org\springframework\boot\spring-boot-starter-tomcat\3.2.5\spring-boot-starter-tomcat-3.2.5.jar;C:\Users\takow\.m2\repository\org\apache\tomcat\embed\tomcat-embed-core\10.1.20\tomcat-embed-core-10.1.20.jar;C:\Users\takow\.m2\repository\org\apache\tomcat\embed\tomcat-embed-websocket\10.1.20\tomcat-embed-websocket-10.1.20.jar;C:\Users\takow\.m2\repository\org\springframework\spring-web\6.1.6\spring-web-6.1.6.jar;C:\Users\takow\.m2\repository\org\springframework\spring-beans\6.1.6\spring-beans-6.1.6.jar;C:\Users\takow\.m2\repository\org\springframework\spring-webmvc\6.1.6\spring-webmvc-6.1.6.jar;C:\Users\takow\.m2\repository\org\springframework\spring-context\6.1.6\spring-context-6.1.6.jar;C:\Users\takow\.m2\repository\org\springframework\spring-expression\6.1.6\spring-expression-6.1.6.jar;C:\Users\takow\.m2\repository\org\springframework\boot\spring-boot-starter-data-jpa\3.2.5\spring-boot-starter-data-jpa-3.2.5.jar;C:\Users\takow\.m2\repository\org\springframework\boot\spring-boot-starter-aop\3.2.5\spring-boot-starter-aop-3.2.5.jar;C:\Users\takow\.m2\repository\org\aspectj\aspectjweaver\1.9.22\aspectjweaver-1.9.22.jar;C:\Users\takow\.m2\repository\org\springframework\boot\spring-boot-starter-jdbc\3.2.5\spring-boot-starter-jdbc-3.2.5.jar;C:\Users\takow\.m2\repository\com\zaxxer\HikariCP\5.0.1\HikariCP-5.0.1.jar;C:\Users\takow\.m2\repository\org\springframework\spring-jdbc\6.1.6\spring-jdbc-6.1.6.jar;C:\Users\takow\.m2\repository\org\hibernate\orm\hibernate-core\6.4.4.Final\hibernate-core-6.4.4.Final.jar;C:\Users\takow\.m2\repository\jakarta\persistence\jakarta.persistence-api\3.1.0\jakarta.persistence-api-3.1.0.jar;C:\Users\takow\.m2\repository\jakarta\transaction\jakarta.transaction-api\2.0.1\jakarta.transaction-api-2.0.1.jar;C:\Users\takow\.m2\repository\org\hibernate\common\hibernate-commons-annotations\6.0.6.Final\hibernate-commons-annotations-6.0.6.Final.jar;C:\Users\takow\.m2\repository\io\smallrye\jandex\3.1.2\jandex-3.1.2.jar;C:\Users\takow\.m2\repository\com\fasterxml\classmate\1.6.0\classmate-1.6.0.jar;C:\Users\takow\.m2\repository\net\bytebuddy\byte-buddy\1.14.13\byte-buddy-1.14.13.jar;C:\Users\takow\.m2\repository\org\glassfish\jaxb\jaxb-runtime\4.0.5\jaxb-runtime-4.0.5.jar;C:\Users\takow\.m2\repository\org\glassfish\jaxb\jaxb-core\4.0.5\jaxb-core-4.0.5.jar;C:\Users\takow\.m2\repository\org\eclipse\angus\angus-activation\2.0.2\angus-activation-2.0.2.jar;C:\Users\takow\.m2\repository\org\glassfish\jaxb\txw2\4.0.5\txw2-4.0.5.jar;C:\Users\takow\.m2\repository\com\sun\istack\istack-commons-runtime\4.1.2\istack-commons-runtime-4.1.2.jar;C:\Users\takow\.m2\repository\jakarta\inject\jakarta.inject-api\2.0.1\jakarta.inject-api-2.0.1.jar;C:\Users\takow\.m2\repository\org\antlr\antlr4-runtime\4.13.0\antlr4-runtime-4.13.0.jar;C:\Users\takow\.m2\repository\org\springframework\data\spring-data-jpa\3.2.5\spring-data-jpa-3.2.5.jar;C:\Users\takow\.m2\repository\org\springframework\data\spring-data-commons\3.2.5\spring-data-commons-3.2.5.jar;C:\Users\takow\.m2\repository\org\springframework\spring-orm\6.1.6\spring-orm-6.1.6.jar;C:\Users\takow\.m2\repository\org\springframework\spring-tx\6.1.6\spring-tx-6.1.6.jar;C:\Users\takow\.m2\repository\org\springframework\spring-aspects\6.1.6\spring-aspects-6.1.6.jar;C:\Users\takow\.m2\repository\org\xerial\sqlite-jdbc\3.46.0.0\sqlite-jdbc-3.46.0.0.jar;C:\Users\takow\.m2\repository\org\slf4j\slf4j-api\2.0.13\slf4j-api-2.0.13.jar;C:\Users\takow\.m2\repository\org\hibernate\orm\hibernate-community-dialects\6.4.4.Final\hibernate-community-dialects-6.4.4.Final.jar;C:\Users\takow\.m2\repository\org\jboss\logging\jboss-logging\3.5.3.Final\jboss-logging-3.5.3.Final.jar;C:\Users\takow\.m2\repository\org\projectlombok\lombok\1.18.32\lombok-1.18.32.jar;C:\Users\takow\.m2\repository\org\springframework\boot\spring-boot-starter-thymeleaf\3.2.5\spring-boot-starter-thymeleaf-3.2.5.jar;C:\Users\takow\.m2\repository\org\thymeleaf\thymeleaf-spring6\3.1.2.RELEASE\thymeleaf-spring6-3.1.2.RELEASE.jar;C:\Users\takow\.m2\repository\org\thymeleaf\thymeleaf\3.1.2.RELEASE\thymeleaf-3.1.2.RELEASE.jar;C:\Users\takow\.m2\repository\org\attoparser\attoparser\2.0.7.RELEASE\attoparser-2.0.7.RELEASE.jar;C:\Users\takow\.m2\repository\org\unbescape\unbescape\1.1.6.RELEASE\unbescape-1.1.6.RELEASE.jar;C:\Users\takow\.m2\repository\org\springframework\boot\spring-boot-starter-validation\3.2.5\spring-boot-starter-validation-3.2.5.jar;C:\Users\takow\.m2\repository\org\apache\tomcat\embed\tomcat-embed-el\10.1.20\tomcat-embed-el-10.1.20.jar;C:\Users\takow\.m2\repository\org\hibernate\validator\hibernate-validator\8.0.1.Final\hibernate-validator-8.0.1.Final.jar;C:\Users\takow\.m2\repository\jakarta\validation\jakarta.validation-api\3.0.2\jakarta.validation-api-3.0.2.jar;C:\Users\takow\.m2\repository\org\springframework\boot\spring-boot-starter-security\3.2.5\spring-boot-starter-security-3.2.5.jar;C:\Users\takow\.m2\repository\org\springframework\spring-aop\6.1.6\spring-aop-6.1.6.jar;C:\Users\takow\.m2\repository\org\springframework\security\spring-security-config\6.2.4\spring-security-config-6.2.4.jar;C:\Users\takow\.m2\repository\org\springframework\security\spring-security-core\6.2.4\spring-security-core-6.2.4.jar;C:\Users\takow\.m2\repository\org\springframework\security\spring-security-crypto\6.2.4\spring-security-crypto-6.2.4.jar;C:\Users\takow\.m2\repository\org\springframework\security\spring-security-web\6.2.4\spring-security-web-6.2.4.jar;C:\Users\takow\.m2\repository\org\springframework\boot\spring-boot-starter-actuator\3.2.5\spring-boot-starter-actuator-3.2.5.jar;C:\Users\takow\.m2\repository\org\springframework\boot\spring-boot-actuator-autoconfigure\3.2.5\spring-boot-actuator-autoconfigure-3.2.5.jar;C:\Users\takow\.m2\repository\org\springframework\boot\spring-boot-actuator\3.2.5\spring-boot-actuator-3.2.5.jar;C:\Users\takow\.m2\repository\io\micrometer\micrometer-observation\1.12.5\micrometer-observation-1.12.5.jar;C:\Users\takow\.m2\repository\io\micrometer\micrometer-commons\1.12.5\micrometer-commons-1.12.5.jar;C:\Users\takow\.m2\repository\io\micrometer\micrometer-jakarta9\1.12.5\micrometer-jakarta9-1.12.5.jar;C:\Users\takow\.m2\repository\io\micrometer\micrometer-core\1.12.5\micrometer-core-1.12.5.jar;C:\Users\takow\.m2\repository\org\hdrhistogram\HdrHistogram\2.1.12\HdrHistogram-2.1.12.jar;C:\Users\takow\.m2\repository\org\latencyutils\LatencyUtils\2.0.3\LatencyUtils-2.0.3.jar;C:\Users\takow\.m2\repository\org\springframework\boot\spring-boot-starter-test\3.2.5\spring-boot-starter-test-3.2.5.jar;C:\Users\takow\.m2\repository\org\springframework\boot\spring-boot-test\3.2.5\spring-boot-test-3.2.5.jar;C:\Users\takow\.m2\repository\org\springframework\boot\spring-boot-test-autoconfigure\3.2.5\spring-boot-test-autoconfigure-3.2.5.jar;C:\Users\takow\.m2\repository\com\jayway\jsonpath\json-path\2.9.0\json-path-2.9.0.jar;C:\Users\takow\.m2\repository\jakarta\xml\bind\jakarta.xml.bind-api\4.0.2\jakarta.xml.bind-api-4.0.2.jar;C:\Users\takow\.m2\repository\jakarta\activation\jakarta.activation-api\2.1.3\jakarta.activation-api-2.1.3.jar;C:\Users\takow\.m2\repository\net\minidev\json-smart\2.5.1\json-smart-2.5.1.jar;C:\Users\takow\.m2\repository\net\minidev\accessors-smart\2.5.1\accessors-smart-2.5.1.jar;C:\Users\takow\.m2\repository\org\ow2\asm\asm\9.6\asm-9.6.jar;C:\Users\takow\.m2\repository\org\assertj\assertj-core\3.24.2\assertj-core-3.24.2.jar;C:\Users\takow\.m2\repository\org\awaitility\awaitility\4.2.1\awaitility-4.2.1.jar;C:\Users\takow\.m2\repository\org\hamcrest\hamcrest\2.2\hamcrest-2.2.jar;C:\Users\takow\.m2\repository\org\junit\jupiter\junit-jupiter\5.10.2\junit-jupiter-5.10.2.jar;C:\Users\takow\.m2\repository\org\junit\jupiter\junit-jupiter-api\5.10.2\junit-jupiter-api-5.10.2.jar;C:\Users\takow\.m2\repository\org\opentest4j\opentest4j\1.3.0\opentest4j-1.3.0.jar;C:\Users\takow\.m2\repository\org\junit\platform\junit-platform-commons\1.10.2\junit-platform-commons-1.10.2.jar;C:\Users\takow\.m2\repository\org\apiguardian\apiguardian-api\1.1.2\apiguardian-api-1.1.2.jar;C:\Users\takow\.m2\repository\org\junit\jupiter\junit-jupiter-params\5.10.2\junit-jupiter-params-5.10.2.jar;C:\Users\takow\.m2\repository\org\junit\jupiter\junit-jupiter-engine\5.10.2\junit-jupiter-engine-5.10.2.jar;C:\Users\takow\.m2\repository\org\junit\platform\junit-platform-engine\1.10.2\junit-platform-engine-1.10.2.jar;C:\Users\takow\.m2\repository\org\mockito\mockito-core\5.7.0\mockito-core-5.7.0.jar;C:\Users\takow\.m2\repository\net\bytebuddy\byte-buddy-agent\1.14.13\byte-buddy-agent-1.14.13.jar;C:\Users\takow\.m2\repository\org\objenesis\objenesis\3.3\objenesis-3.3.jar;C:\Users\takow\.m2\repository\org\mockito\mockito-junit-jupiter\5.7.0\mockito-junit-jupiter-5.7.0.jar;C:\Users\takow\.m2\repository\org\skyscreamer\jsonassert\1.5.1\jsonassert-1.5.1.jar;C:\Users\takow\.m2\repository\com\vaadin\external\google\android-json\0.0.20131108.vaadin1\android-json-0.0.20131108.vaadin1.jar;C:\Users\takow\.m2\repository\org\springframework\spring-core\6.1.6\spring-core-6.1.6.jar;C:\Users\takow\.m2\repository\org\springframework\spring-jcl\6.1.6\spring-jcl-6.1.6.jar;C:\Users\takow\.m2\repository\org\springframework\spring-test\6.1.6\spring-test-6.1.6.jar;C:\Users\takow\.m2\repository\org\xmlunit\xmlunit-core\2.9.1\xmlunit-core-2.9.1.jar;"/>
    <property name="java.vm.vendor" value="Oracle Corporation"/>
    <property name="sun.arch.data.model" value="64"/>
    <property name="user.variant" value=""/>
    <property name="java.vendor.url" value="https://java.oracle.com/"/>
    <property name="user.timezone" value="Asia/Tokyo"/>
    <property name="org.jboss.logging.provider" value="slf4j"/>
    <property name="os.name" value="Windows 11"/>
    <property name="java.vm.specification.version" value="23"/>
    <property name="sun.java.launcher" value="SUN_STANDARD"/>
    <property name="user.country" value="JP"/>
    <property name="sun.boot.library.path" value="C:\Program Files\Java\jdk-23\bin"/>
    <property name="sun.java.command" value="C:\Users\takow\AppData\Local\Temp\surefire18179877322985075899\surefirebooter-20251013153848416_3.jar C:\Users\takow\AppData\Local\Temp\surefire18179877322985075899 2025-10-13T15-38-48_201-jvmRun1 surefire-20251013153848416_1tmp surefire_0-20251013153848416_2tmp"/>
    <property name="jdk.debug" value="release"/>
    <property name="surefire.test.class.path" value="C:\Users\takow\Documents\02_programming\java\shiftv1\target\test-classes;C:\Users\takow\Documents\02_programming\java\shiftv1\target\classes;C:\Users\takow\.m2\repository\org\springframework\boot\spring-boot-starter-web\3.2.5\spring-boot-starter-web-3.2.5.jar;C:\Users\takow\.m2\repository\org\springframework\boot\spring-boot-starter\3.2.5\spring-boot-starter-3.2.5.jar;C:\Users\takow\.m2\repository\org\springframework\boot\spring-boot\3.2.5\spring-boot-3.2.5.jar;C:\Users\takow\.m2\repository\org\springframework\boot\spring-boot-autoconfigure\3.2.5\spring-boot-autoconfigure-3.2.5.jar;C:\Users\takow\.m2\repository\org\springframework\boot\spring-boot-starter-logging\3.2.5\spring-boot-starter-logging-3.2.5.jar;C:\Users\takow\.m2\repository\ch\qos\logback\logback-classic\1.4.14\logback-classic-1.4.14.jar;C:\Users\takow\.m2\repository\ch\qos\logback\logback-core\1.4.14\logback-core-1.4.14.jar;C:\Users\takow\.m2\repository\org\apache\logging\log4j\log4j-to-slf4j\2.21.1\log4j-to-slf4j-2.21.1.jar;C:\Users\takow\.m2\repository\org\apache\logging\log4j\log4j-api\2.21.1\log4j-api-2.21.1.jar;C:\Users\takow\.m2\repository\org\slf4j\jul-to-slf4j\2.0.13\jul-to-slf4j-2.0.13.jar;C:\Users\takow\.m2\repository\jakarta\annotation\jakarta.annotation-api\2.1.1\jakarta.annotation-api-2.1.1.jar;C:\Users\takow\.m2\repository\org\yaml\snakeyaml\2.2\snakeyaml-2.2.jar;C:\Users\takow\.m2\repository\org\springframework\boot\spring-boot-starter-json\3.2.5\spring-boot-starter-json-3.2.5.jar;C:\Users\takow\.m2\repository\com\fasterxml\jackson\core\jackson-databind\2.15.4\jackson-databind-2.15.4.jar;C:\Users\takow\.m2\repository\com\fasterxml\jackson\core\jackson-annotations\2.15.4\jackson-annotations-2.15.4.jar;C:\Users\takow\.m2\repository\com\fasterxml\jackson\core\jackson-core\2.15.4\jackson-core-2.15.4.jar;C:\Users\takow\.m2\repository\com\fasterxml\jackson\datatype\jackson-datatype-jdk8\2.15.4\jackson-datatype-jdk8-2.15.4.jar;C:\Users\takow\.m2\repository\com\fasterxml\jackson\datatype\jackson-datatype-jsr310\2.15.4\jackson-datatype-jsr310-2.15.4.jar;C:\Users\takow\.m2\repository\com\fasterxml\jackson\module\jackson-module-parameter-names\2.15.4\jackson-module-parameter-names-2.15.4.jar;C:\Users\takow\.m2\repository\org\springframework\boot\spring-boot-starter-tomcat\3.2.5\spring-boot-starter-tomcat-3.2.5.jar;C:\Users\takow\.m2\repository\org\apache\tomcat\embed\tomcat-embed-core\10.1.20\tomcat-embed-core-10.1.20.jar;C:\Users\takow\.m2\repository\org\apache\tomcat\embed\tomcat-embed-websocket\10.1.20\tomcat-embed-websocket-10.1.20.jar;C:\Users\takow\.m2\repository\org\springframework\spring-web\6.1.6\spring-web-6.1.6.jar;C:\Users\takow\.m2\repository\org\springframework\spring-beans\6.1.6\spring-beans-6.1.6.jar;C:\Users\takow\.m2\repository\org\springframework\spring-webmvc\6.1.6\spring-webmvc-6.1.6.jar;C:\Users\takow\.m2\repository\org\springframework\spring-context\6.1.6\spring-context-6.1.6.jar;C:\Users\takow\.m2\repository\org\springframework\spring-expression\6.1.6\spring-expression-6.1.6.jar;C:\Users\takow\.m2\repository\org\springframework\boot\spring-boot-starter-data-jpa\3.2.5\spring-boot-starter-data-jpa-3.2.5.jar;C:\Users\takow\.m2\repository\org\springframework\boot\spring-boot-starter-aop\3.2.5\spring-boot-starter-aop-3.2.5.jar;C:\Users\takow\.m2\repository\org\aspectj\aspectjweaver\1.9.22\aspectjweaver-1.9.22.jar;C:\Users\takow\.m2\repository\org\springframework\boot\spring-boot-starter-jdbc\3.2.5\spring-boot-starter-jdbc-3.2.5.jar;C:\Users\takow\.m2\repository\com\zaxxer\HikariCP\5.0.1\HikariCP-5.0.1.jar;C:\Users\takow\.m2\repository\org\springframework\spring-jdbc\6.1.6\spring-jdbc-6.1.6.jar;C:\Users\takow\.m2\repository\org\hibernate\orm\hibernate-core\6.4.4.Final\hibernate-core-6.4.4.Final.jar;C:\Users\takow\.m2\repository\jakarta\persistence\jakarta.persistence-api\3.1.0\jakarta.persistence-api-3.1.0.jar;C:\Users\takow\.m2\repository\jakarta\transaction\jakarta.transaction-api\2.0.1\jakarta.transaction-api-2.0.1.jar;C:\Users\takow\.m2\repository\org\hibernate\common\hibernate-commons-annotations\6.0.6.Final\hibernate-commons-annotations-6.0.6.Final.jar;C:\Users\takow\.m2\repository\io\smallrye\jandex\3.1.2\jandex-3.1.2.jar;C:\Users\takow\.m2\repository\com\fasterxml\classmate\1.6.0\classmate-1.6.0.jar;C:\Users\takow\.m2\repository\net\bytebuddy\byte-buddy\1.14.13\byte-buddy-1.14.13.jar;C:\Users\takow\.m2\repository\org\glassfish\jaxb\jaxb-runtime\4.0.5\jaxb-runtime-4.0.5.jar;C:\Users\takow\.m2\repository\org\glassfish\jaxb\jaxb-core\4.0.5\jaxb-core-4.0.5.jar;C:\Users\takow\.m2\repository\org\eclipse\angus\angus-activation\2.0.2\angus-activation-2.0.2.jar;C:\Users\takow\.m2\repository\org\glassfish\jaxb\txw2\4.0.5\txw2-4.0.5.jar;C:\Users\takow\.m2\repository\com\sun\istack\istack-commons-runtime\4.1.2\istack-commons-runtime-4.1.2.jar;C:\Users\takow\.m2\repository\jakarta\inject\jakarta.inject-api\2.0.1\jakarta.inject-api-2.0.1.jar;C:\Users\takow\.m2\repository\org\antlr\antlr4-runtime\4.13.0\antlr4-runtime-4.13.0.jar;C:\Users\takow\.m2\repository\org\springframework\data\spring-data-jpa\3.2.5\spring-data-jpa-3.2.5.jar;C:\Users\takow\.m2\repository\org\springframework\data\spring-data-commons\3.2.5\spring-data-commons-3.2.5.jar;C:\Users\takow\.m2\repository\org\springframework\spring-orm\6.1.6\spring-orm-6.1.6.jar;C:\Users\takow\.m2\repository\org\springframework\spring-tx\6.1.6\spring-tx-6.1.6.jar;C:\Users\takow\.m2\repository\org\springframework\spring-aspects\6.1.6\spring-aspects-6.1.6.jar;C:\Users\takow\.m2\repository\org\xerial\sqlite-jdbc\3.46.0.0\sqlite-jdbc-3.46.0.0.jar;C:\Users\takow\.m2\repository\org\slf4j\slf4j-api\2.0.13\slf4j-api-2.0.13.jar;C:\Users\takow\.m2\repository\org\hibernate\orm\hibernate-community-dialects\6.4.4.Final\hibernate-community-dialects-6.4.4.Final.jar;C:\Users\takow\.m2\repository\org\jboss\logging\jboss-logging\3.5.3.Final\jboss-logging-3.5.3.Final.jar;C:\Users\takow\.m2\repository\org\projectlombok\lombok\1.18.32\lombok-1.18.32.jar;C:\Users\takow\.m2\repository\org\springframework\boot\spring-boot-starter-thymeleaf\3.2.5\spring-boot-starter-thymeleaf-3.2.5.jar;C:\Users\takow\.m2\repository\org\thymeleaf\thymeleaf-spring6\3.1.2.RELEASE\thymeleaf-spring6-3.1.2.RELEASE.jar;C:\Users\takow\.m2\repository\org\thymeleaf\thymeleaf\3.1.2.RELEASE\thymeleaf-3.1.2.RELEASE.jar;C:\Users\takow\.m2\repository\org\attoparser\attoparser\2.0.7.RELEASE\attoparser-2.0.7.RELEASE.jar;C:\Users\takow\.m2\repository\org\unbescape\unbescape\1.1.6.RELEASE\unbescape-1.1.6.RELEASE.jar;C:\Users\takow\.m2\repository\org\springframework\boot\spring-boot-starter-validation\3.2.5\spring-boot-starter-validation-3.2.5.jar;C:\Users\takow\.m2\repository\org\apache\tomcat\embed\tomcat-embed-el\10.1.20\tomcat-embed-el-10.1.20.jar;C:\Users\takow\.m2\repository\org\hibernate\validator\hibernate-validator\8.0.1.Final\hibernate-validator-8.0.1.Final.jar;C:\Users\takow\.m2\repository\jakarta\validation\jakarta.validation-api\3.0.2\jakarta.validation-api-3.0.2.jar;C:\Users\takow\.m2\repository\org\springframework\boot\spring-boot-starter-security\3.2.5\spring-boot-starter-security-3.2.5.jar;C:\Users\takow\.m2\repository\org\springframework\spring-aop\6.1.6\spring-aop-6.1.6.jar;C:\Users\takow\.m2\repository\org\springframework\security\spring-security-config\6.2.4\spring-security-config-6.2.4.jar;C:\Users\takow\.m2\repository\org\springframework\security\spring-security-core\6.2.4\spring-security-core-6.2.4.jar;C:\Users\takow\.m2\repository\org\springframework\security\spring-security-crypto\6.2.4\spring-security-crypto-6.2.4.jar;C:\Users\takow\.m2\repository\org\springframework\security\spring-security-web\6.2.4\spring-security-web-6.2.4.jar;C:\Users\takow\.m2\repository\org\springframework\boot\spring-boot-starter-actuator\3.2.5\spring-boot-starter-actuator-3.2.5.jar;C:\Users\takow\.m2\repository\org\springframework\boot\spring-boot-actuator-autoconfigure\3.2.5\spring-boot-actuator-autoconfigure-3.2.5.jar;C:\Users\takow\.m2\repository\org\springframework\boot\spring-boot-actuator\3.2.5\spring-boot-actuator-3.2.5.jar;C:\Users\takow\.m2\repository\io\micrometer\micrometer-observation\1.12.5\micrometer-observation-1.12.5.jar;C:\Users\takow\.m2\repository\io\micrometer\micrometer-commons\1.12.5\micrometer-commons-1.12.5.jar;C:\Users\takow\.m2\repository\io\micrometer\micrometer-jakarta9\1.12.5\micrometer-jakarta9-1.12.5.jar;C:\Users\takow\.m2\repository\io\micrometer\micrometer-core\1.12.5\micrometer-core-1.12.5.jar;C:\Users\takow\.m2\repository\org\hdrhistogram\HdrHistogram\2.1.12\HdrHistogram-2.1.12.jar;C:\Users\takow\.m2\repository\org\latencyutils\LatencyUtils\2.0.3\LatencyUtils-2.0.3.jar;C:\Users\takow\.m2\repository\org\springframework\boot\spring-boot-starter-test\3.2.5\spring-boot-starter-test-3.2.5.jar;C:\Users\takow\.m2\repository\org\springframework\boot\spring-boot-test\3.2.5\spring-boot-test-3.2.5.jar;C:\Users\takow\.m2\repository\org\springframework\boot\spring-boot-test-autoconfigure\3.2.5\spring-boot-test-autoconfigure-3.2.5.jar;C:\Users\takow\.m2\repository\com\jayway\jsonpath\json-path\2.9.0\json-path-2.9.0.jar;C:\Users\takow\.m2\repository\jakarta\xml\bind\jakarta.xml.bind-api\4.0.2\jakarta.xml.bind-api-4.0.2.jar;C:\Users\takow\.m2\repository\jakarta\activation\jakarta.activation-api\2.1.3\jakarta.activation-api-2.1.3.jar;C:\Users\takow\.m2\repository\net\minidev\json-smart\2.5.1\json-smart-2.5.1.jar;C:\Users\takow\.m2\repository\net\minidev\accessors-smart\2.5.1\accessors-smart-2.5.1.jar;C:\Users\takow\.m2\repository\org\ow2\asm\asm\9.6\asm-9.6.jar;C:\Users\takow\.m2\repository\org\assertj\assertj-core\3.24.2\assertj-core-3.24.2.jar;C:\Users\takow\.m2\repository\org\awaitility\awaitility\4.2.1\awaitility-4.2.1.jar;C:\Users\takow\.m2\repository\org\hamcrest\hamcrest\2.2\hamcrest-2.2.jar;C:\Users\takow\.m2\repository\org\junit\jupiter\junit-jupiter\5.10.2\junit-jupiter-5.10.2.jar;C:\Users\takow\.m2\repository\org\junit\jupiter\junit-jupiter-api\5.10.2\junit-jupiter-api-5.10.2.jar;C:\Users\takow\.m2\repository\org\opentest4j\opentest4j\1.3.0\opentest4j-1.3.0.jar;C:\Users\takow\.m2\repository\org\junit\platform\junit-platform-commons\1.10.2\junit-platform-commons-1.10.2.jar;C:\Users\takow\.m2\repository\org\apiguardian\apiguardian-api\1.1.2\apiguardian-api-1.1.2.jar;C:\Users\takow\.m2\repository\org\junit\jupiter\junit-jupiter-params\5.10.2\junit-jupiter-params-5.10.2.jar;C:\Users\takow\.m2\repository\org\junit\jupiter\junit-jupiter-engine\5.10.2\junit-jupiter-engine-5.10.2.jar;C:\Users\takow\.m2\repository\org\junit\platform\junit-platform-engine\1.10.2\junit-platform-engine-1.10.2.jar;C:\Users\takow\.m2\repository\org\mockito\mockito-core\5.7.0\mockito-core-5.7.0.jar;C:\Users\takow\.m2\repository\net\bytebuddy\byte-buddy-agent\1.14.13\byte-buddy-agent-1.14.13.jar;C:\Users\takow\.m2\repository\org\objenesis\objenesis\3.3\objenesis-3.3.jar;C:\Users\takow\.m2\repository\org\mockito\mockito-junit-jupiter\5.7.0\mockito-junit-jupiter-5.7.0.jar;C:\Users\takow\.m2\repository\org\skyscreamer\jsonassert\1.5.1\jsonassert-1.5.1.jar;C:\Users\takow\.m2\repository\com\vaadin\external\google\android-json\0.0.20131108.vaadin1\android-json-0.0.20131108.vaadin1.jar;C:\Users\takow\.m2\repository\org\springframework\spring-core\6.1.6\spring-core-6.1.6.jar;C:\Users\takow\.m2\repository\org\springframework\spring-jcl\6.1.6\spring-jcl-6.1.6.jar;C:\Users\takow\.m2\repository\org\springframework\spring-test\6.1.6\spring-test-6.1.6.jar;C:\Users\takow\.m2\repository\org\xmlunit\xmlunit-core\2.9.1\xmlunit-core-2.9.1.jar;"/>
    <property name="sun.cpu.endian" value="little"/>
    <property name="user.home" value="C:\Users\takow"/>
    <property name="user.language" value="ja"/>
    <property name="java.specification.vendor" value="Oracle Corporation"/>
    <property name="java.version.date" value="2025-01-21"/>
    <property name="java.home" value="C:\Program Files\Java\jdk-23"/>
    <property name="file.separator" value="\"/>
    <property name="basedir" value="C:\Users\takow\Documents\02_programming\java\shiftv1"/>
    <property name="java.vm.compressedOopsMode" value="32-bit"/>
    <property name="line.separator" value="&#10;"/>
    <property name="java.vm.specification.vendor" value="Oracle Corporation"/>
    <property name="java.specification.name" value="Java Platform API Specification"/>
    <property name="FILE_LOG_CHARSET" value="UTF-8"/>
    <property name="java.awt.headless" value="true"/>
    <property name="surefire.real.class.path" value="C:\Users\takow\AppData\Local\Temp\surefire18179877322985075899\surefirebooter-20251013153848416_3.jar"/>
    <property name="user.script" value=""/>
    <property name="sun.management.compiler" value="HotSpot 64-Bit Tiered Compilers"/>
    <property name="java.runtime.version" value="23.0.2+7-58"/>
    <property name="user.name" value="takow"/>
    <property name="stdout.encoding" value="MS932"/>
    <property name="path.separator" value=";"/>
    <property name="os.version" value="10.0"/>
    <property name="java.runtime.name" value="Java(TM) SE Runtime Environment"/>
    <property name="file.encoding" value="UTF-8"/>
    <property name="java.vm.name" value="Java HotSpot(TM) 64-Bit Server VM"/>
    <property name="localRepository" value="C:\Users\takow\.m2\repository"/>
    <property name="java.vendor.url.bug" value="https://bugreport.java.com/bugreport/"/>
    <property name="java.io.tmpdir" value="C:\Users\takow\AppData\Local\Temp\"/>
    <property name="com.zaxxer.hikari.pool_number" value="1"/>
    <property name="java.version" value="23.0.2"/>
    <property name="user.dir" value="C:\Users\takow\Documents\02_programming\java\shiftv1"/>
    <property name="os.arch" value="amd64"/>
    <property name="java.vm.specification.name" value="Java Virtual Machine Specification"/>
    <property name="PID" value="18196"/>
    <property name="sun.os.patch.level" value=""/>
    <property name="CONSOLE_LOG_CHARSET" value="UTF-8"/>
    <property name="native.encoding" value="MS932"/>
    <property name="java.library.path" value="C:\Program Files\Java\jdk-23\bin;C:\WINDOWS\Sun\Java\bin;C:\WINDOWS\system32;C:\WINDOWS;C:\Program Files\PowerShell\7;C:\Users\takow\AppData\Local\Temp\.tmp7hk6cO;C:\Program Files (x86)\Microsoft\Edge\Application;C:\Program Files\Java\jdk-23\bin;C:\Program Files\Java\jdk-23\bin;C:\Program Files\Java\jdk-23\bin;C:\WINDOWS\System32&quot;;C:\Program Files\Git\cmd;C:\Program Files\PowerShell\7\;C:\Program Files\cursor\resources\app\bin&quot;;C:\Program Files\Git\cmd;C:\Program Files\PowerShell\7\;C:\Program Files\cursor\resources\app\bin&quot;;C:\Program Files\Git\cmd;C:\Program Files\PowerShell\7\;C:\Program Files\cursor\resources\app\bin;C:\Users\takow\Documents\SQLite;C:\Users\takow\AppData\Local\Programs\Python\Python312\;C:\Users\takow\AppData\Local\Programs\Python\Launcher\;C:\Users\takow\AppData\Local\Microsoft\WindowsApps;C:\Users\takow\AppData\Local\Programs\Microsoft VS Code\bin;C:\Users\takow\Documents\02_programming\java\099_環境\apache-maven-3.9.9\bin;C:\Users\takow\AppData\Local\JetBrains\Toolbox\scripts;C:\Windows\System32;;c:\Users\takow\.vscode\extensions\openai.chatgpt-0.4.19-win32-x64\bin\windows-x86_64;."/>
    <property name="java.vm.info" value="mixed mode, sharing"/>
    <property name="stderr.encoding" value="MS932"/>
    <property name="java.vendor" value="Oracle Corporation"/>
    <property name="java.vm.version" value="23.0.2+7-58"/>
    <property name="sun.io.unicode.encoding" value="UnicodeLittle"/>
    <property name="java.class.version" value="67.0"/>
    <property name="LOGGED_APPLICATION_NAME" value="[Shift Scheduler Demo] "/>
  </properties>
  <testcase name="generateMonthlySchedule_respectsEmployeeConstraints" classname="com.example.shiftv1.schedule.ScheduleServiceTest" time="2.335">
    <system-out><![CDATA[15:38:49.990 [main] INFO org.springframework.test.context.support.AnnotationConfigContextLoaderUtils -- Could not detect default configuration classes for test class [com.example.shiftv1.schedule.ScheduleServiceTest]: ScheduleServiceTest does not declare any static, non-private, non-final, nested classes annotated with @Configuration.
15:38:50.250 [main] INFO org.springframework.boot.test.context.SpringBootTestContextBootstrapper -- Found @SpringBootConfiguration com.example.shiftv1.Shiftv1Application for test class com.example.shiftv1.schedule.ScheduleServiceTest

  .   ____          _            __ _ _
 /\\ / ___'_ __ _ _(_)_ __  __ _ \ \ \ \
( ( )\___ | '_ | '_| | '_ \/ _` | \ \ \ \
 \\/  ___)| |_)| | | | | || (_| |  ) ) ) )
  '  |____| .__|_| |_|_| |_\__, | / / / /
 =========|_|==============|___/=/_/_/_/
 :: Spring Boot ::                (v3.2.5)

2025-10-13T15:38:50.979+09:00  INFO 18196 --- [Shift Scheduler Demo] [           main] c.e.s.schedule.ScheduleServiceTest       : Starting ScheduleServiceTest using Java 23.0.2 with PID 18196 (started by takow in C:\Users\takow\Documents\02_programming\java\shiftv1)
2025-10-13T15:38:50.981+09:00  INFO 18196 --- [Shift Scheduler Demo] [           main] c.e.s.schedule.ScheduleServiceTest       : No active profile set, falling back to 1 default profile: "default"
2025-10-13T15:38:53.007+09:00  INFO 18196 --- [Shift Scheduler Demo] [           main] .s.d.r.c.RepositoryConfigurationDelegate : Bootstrapping Spring Data JPA repositories in DEFAULT mode.
2025-10-13T15:38:53.126+09:00  INFO 18196 --- [Shift Scheduler Demo] [           main] .s.d.r.c.RepositoryConfigurationDelegate : Finished Spring Data repository scanning in 105 ms. Found 7 JPA repository interfaces.
2025-10-13T15:38:54.867+09:00  INFO 18196 --- [Shift Scheduler Demo] [           main] o.hibernate.jpa.internal.util.LogHelper  : HHH000204: Processing PersistenceUnitInfo [name: default]
2025-10-13T15:38:55.031+09:00  INFO 18196 --- [Shift Scheduler Demo] [           main] org.hibernate.Version                    : HHH000412: Hibernate ORM core version 6.4.4.Final
2025-10-13T15:38:55.123+09:00  INFO 18196 --- [Shift Scheduler Demo] [           main] o.h.c.internal.RegionFactoryInitiator    : HHH000026: Second-level cache disabled
2025-10-13T15:38:55.696+09:00  INFO 18196 --- [Shift Scheduler Demo] [           main] o.s.o.j.p.SpringPersistenceUnitInfo      : No LoadTimeWeaver setup: ignoring JPA class transformer
2025-10-13T15:38:55.767+09:00  INFO 18196 --- [Shift Scheduler Demo] [           main] com.zaxxer.hikari.HikariDataSource       : HikariPool-1 - Starting...
2025-10-13T15:38:56.034+09:00  INFO 18196 --- [Shift Scheduler Demo] [           main] com.zaxxer.hikari.pool.HikariPool        : HikariPool-1 - Added connection org.sqlite.jdbc4.JDBC4Connection@1ff542a3
2025-10-13T15:38:56.037+09:00  INFO 18196 --- [Shift Scheduler Demo] [           main] com.zaxxer.hikari.HikariDataSource       : HikariPool-1 - Start completed.
2025-10-13T15:38:57.832+09:00  INFO 18196 --- [Shift Scheduler Demo] [           main] o.h.e.t.j.p.i.JtaPlatformInitiator       : HHH000489: No JTA platform available (set 'hibernate.transaction.jta.platform' to enable JTA platform integration)
2025-10-13T15:38:57.896+09:00 DEBUG 18196 --- [Shift Scheduler Demo] [           main] org.hibernate.SQL                        : create table holidays (id integer, date date not null unique, primary key (id))
Hibernate: create table holidays (id integer, date date not null unique, primary key (id))
2025-10-13T15:38:57.904+09:00 DEBUG 18196 --- [Shift Scheduler Demo] [           main] org.hibernate.SQL                        : alter table shift_config add column day_of_week varchar(255) check (day_of_week in ('MONDAY','TUESDAY','WEDNESDAY','THURSDAY','FRIDAY','SATURDAY','SUNDAY'))
Hibernate: alter table shift_config add column day_of_week varchar(255) check (day_of_week in ('MONDAY','TUESDAY','WEDNESDAY','THURSDAY','FRIDAY','SATURDAY','SUNDAY'))
2025-10-13T15:38:57.913+09:00 DEBUG 18196 --- [Shift Scheduler Demo] [           main] org.hibernate.SQL                        : alter table shift_config add column is_holiday boolean
Hibernate: alter table shift_config add column is_holiday boolean
2025-10-13T15:38:57.922+09:00 DEBUG 18196 --- [Shift Scheduler Demo] [           main] org.hibernate.SQL                        : alter table holidays drop constraint UK_7nkeamugh5vbaf3wisaf6802j
Hibernate: alter table holidays drop constraint UK_7nkeamugh5vbaf3wisaf6802j
2025-10-13T15:38:57.934+09:00  INFO 18196 --- [Shift Scheduler Demo] [           main] j.LocalContainerEntityManagerFactoryBean : Initialized JPA EntityManagerFactory for persistence unit 'default'
2025-10-13T15:38:59.055+09:00  INFO 18196 --- [Shift Scheduler Demo] [           main] o.s.d.j.r.query.QueryEnhancerFactory     : Hibernate is in classpath; If applicable, HQL parser will be used.
2025-10-13T15:39:00.958+09:00  WARN 18196 --- [Shift Scheduler Demo] [           main] JpaBaseConfiguration$JpaWebConfiguration : spring.jpa.open-in-view is enabled by default. Therefore, database queries may be performed during view rendering. Explicitly configure spring.jpa.open-in-view to disable this warning
2025-10-13T15:39:02.243+09:00  INFO 18196 --- [Shift Scheduler Demo] [           main] o.s.b.a.e.web.EndpointLinksResolver      : Exposing 1 endpoint(s) beneath base path '/actuator'
2025-10-13T15:39:02.457+09:00  INFO 18196 --- [Shift Scheduler Demo] [           main] o.s.s.web.DefaultSecurityFilterChain     : Will secure any request with [org.springframework.security.web.session.DisableEncodeUrlFilter@7b5de23c, org.springframework.security.web.context.request.async.WebAsyncManagerIntegrationFilter@6f39e2a6, org.springframework.security.web.context.SecurityContextHolderFilter@6f8a516c, org.springframework.security.web.header.HeaderWriterFilter@6a3a236f, org.springframework.web.filter.CorsFilter@2dd61113, org.springframework.security.web.authentication.logout.LogoutFilter@1543b936, org.springframework.security.web.authentication.UsernamePasswordAuthenticationFilter@3129bf02, org.springframework.security.web.savedrequest.RequestCacheAwareFilter@363801b5, org.springframework.security.web.servletapi.SecurityContextHolderAwareRequestFilter@2c0a3798, org.springframework.security.web.authentication.AnonymousAuthenticationFilter@1264bde8, org.springframework.security.web.session.SessionManagementFilter@16d7b13, org.springframework.security.web.access.ExceptionTranslationFilter@183c0a68, org.springframework.security.web.access.intercept.AuthorizationFilter@316b57e0]
2025-10-13T15:39:03.872+09:00  INFO 18196 --- [Shift Scheduler Demo] [           main] c.e.s.schedule.ScheduleServiceTest       : Started ScheduleServiceTest in 13.371 seconds (process running for 15.227)
2025-10-13T15:39:04.288+09:00 DEBUG 18196 --- [Shift Scheduler Demo] [           main] org.hibernate.SQL                        : select u1_0.id from users u1_0 where u1_0.username=? limit ?
Hibernate: select u1_0.id from users u1_0 where u1_0.username=? limit ?
2025-10-13T15:39:04.313+09:00 DEBUG 18196 --- [Shift Scheduler Demo] [           main] org.hibernate.SQL                        : select u1_0.id from users u1_0 where u1_0.username=? limit ?
Hibernate: select u1_0.id from users u1_0 where u1_0.username=? limit ?
2025-10-13T15:39:04.315+09:00  INFO 18196 --- [Shift Scheduler Demo] [           main] c.e.shiftv1.auth.UserDataInitializer     : ユーザーデータの初期化が完了しました
2025-10-13T15:39:04.317+09:00 DEBUG 18196 --- [Shift Scheduler Demo] [           main] org.hibernate.SQL                        : select sc1_0.id from shift_config sc1_0 where sc1_0.name=? limit ?
Hibernate: select sc1_0.id from shift_config sc1_0 where sc1_0.name=? limit ?
2025-10-13T15:39:04.320+09:00 DEBUG 18196 --- [Shift Scheduler Demo] [           main] org.hibernate.SQL                        : select sc1_0.id from shift_config sc1_0 where sc1_0.name=? limit ?
Hibernate: select sc1_0.id from shift_config sc1_0 where sc1_0.name=? limit ?
2025-10-13T15:39:04.324+09:00 DEBUG 18196 --- [Shift Scheduler Demo] [           main] org.hibernate.SQL                        : select sc1_0.id from shift_config sc1_0 where sc1_0.name=? limit ?
Hibernate: select sc1_0.id from shift_config sc1_0 where sc1_0.name=? limit ?
2025-10-13T15:39:04.324+09:00  INFO 18196 --- [Shift Scheduler Demo] [           main] c.e.s.config.ShiftConfigDataInitializer  : シフト設定データの初期化が完了しました
2025-10-13T15:39:04.351+09:00 DEBUG 18196 --- [Shift Scheduler Demo] [           main] org.hibernate.SQL                        : select count(*) from employee_constraints ec1_0
Hibernate: select count(*) from employee_constraints ec1_0
2025-10-13T15:39:04.355+09:00  INFO 18196 --- [Shift Scheduler Demo] [           main] c.e.s.c.ConstraintDataInitializer        : 制約データは既に存在します
2025-10-13T15:39:04.359+09:00 DEBUG 18196 --- [Shift Scheduler Demo] [           main] org.hibernate.SQL                        : select count(*) from shift_change_requests scr1_0
Hibernate: select count(*) from shift_change_requests scr1_0
2025-10-13T15:39:04.359+09:00  INFO 18196 --- [Shift Scheduler Demo] [           main] c.e.s.s.ShiftChangeDataInitializer       : シフト変更申請データは既に存在します
2025-10-13T15:39:05.176+09:00 DEBUG 18196 --- [Shift Scheduler Demo] [           main] org.hibernate.SQL                        : select sa1_0.id,sa1_0.employee_id,sa1_0.end_time,sa1_0.shift_name,sa1_0.start_time,sa1_0.work_date from shift_assignments sa1_0
Hibernate: select sa1_0.id,sa1_0.employee_id,sa1_0.end_time,sa1_0.shift_name,sa1_0.start_time,sa1_0.work_date from shift_assignments sa1_0
2025-10-13T15:39:05.505+09:00 DEBUG 18196 --- [Shift Scheduler Demo] [           main] org.hibernate.SQL                        : select ec1_0.id,ec1_0.is_active,ec1_0.created_at,ec1_0.date,ec1_0.employee_id,ec1_0.end_time,ec1_0.reason,ec1_0.start_time,ec1_0.type,ec1_0.updated_at from employee_constraints ec1_0
Hibernate: select ec1_0.id,ec1_0.is_active,ec1_0.created_at,ec1_0.date,ec1_0.employee_id,ec1_0.end_time,ec1_0.reason,ec1_0.start_time,ec1_0.type,ec1_0.updated_at from employee_constraints ec1_0
2025-10-13T15:39:05.531+09:00 DEBUG 18196 --- [Shift Scheduler Demo] [           main] org.hibernate.SQL                        : select e1_0.id,e1_0.created_at,e1_0.name,e1_0.role from employees e1_0
Hibernate: select e1_0.id,e1_0.created_at,e1_0.name,e1_0.role from employees e1_0
2025-10-13T15:39:05.678+09:00 DEBUG 18196 --- [Shift Scheduler Demo] [           main] org.hibernate.SQL                        : insert into employee_constraints (is_active,created_at,date,employee_id,end_time,reason,start_time,type,updated_at) values (?,?,?,?,?,?,?,?,?)
Hibernate: insert into employee_constraints (is_active,created_at,date,employee_id,end_time,reason,start_time,type,updated_at) values (?,?,?,?,?,?,?,?,?)
2025-10-13T15:39:05.684+09:00 DEBUG 18196 --- [Shift Scheduler Demo] [           main] org.hibernate.SQL                        : select last_insert_rowid()
Hibernate: select last_insert_rowid()
2025-10-13T15:39:05.696+09:00 DEBUG 18196 --- [Shift Scheduler Demo] [           main] org.hibernate.SQL                        : insert into employee_constraints (is_active,created_at,date,employee_id,end_time,reason,start_time,type,updated_at) values (?,?,?,?,?,?,?,?,?)
Hibernate: insert into employee_constraints (is_active,created_at,date,employee_id,end_time,reason,start_time,type,updated_at) values (?,?,?,?,?,?,?,?,?)
2025-10-13T15:39:05.696+09:00 DEBUG 18196 --- [Shift Scheduler Demo] [           main] org.hibernate.SQL                        : select last_insert_rowid()
Hibernate: select last_insert_rowid()
2025-10-13T15:39:05.708+09:00  INFO 18196 --- [Shift Scheduler Demo] [           main] c.e.shiftv1.schedule.ScheduleService     : シフト生成を開始します: 2024年7月
2025-10-13T15:39:05.716+09:00 DEBUG 18196 --- [Shift Scheduler Demo] [           main] org.hibernate.SQL                        : select e1_0.id,e1_0.created_at,e1_0.name,e1_0.role from employees e1_0
Hibernate: select e1_0.id,e1_0.created_at,e1_0.name,e1_0.role from employees e1_0
2025-10-13T15:39:05.739+09:00 DEBUG 18196 --- [Shift Scheduler Demo] [           main] org.hibernate.SQL                        : delete from shift_assignments where id=?
Hibernate: delete from shift_assignments where id=?
2025-10-13T15:39:05.744+09:00 DEBUG 18196 --- [Shift Scheduler Demo] [           main] org.hibernate.SQL                        : delete from shift_assignments where id=?
Hibernate: delete from shift_assignments where id=?
2025-10-13T15:39:05.745+09:00 DEBUG 18196 --- [Shift Scheduler Demo] [           main] org.hibernate.SQL                        : delete from shift_assignments where id=?
Hibernate: delete from shift_assignments where id=?
2025-10-13T15:39:05.746+09:00 DEBUG 18196 --- [Shift Scheduler Demo] [           main] org.hibernate.SQL                        : delete from shift_assignments where id=?
Hibernate: delete from shift_assignments where id=?
2025-10-13T15:39:05.747+09:00 DEBUG 18196 --- [Shift Scheduler Demo] [           main] org.hibernate.SQL                        : delete from shift_assignments where id=?
Hibernate: delete from shift_assignments where id=?
2025-10-13T15:39:05.747+09:00 DEBUG 18196 --- [Shift Scheduler Demo] [           main] org.hibernate.SQL                        : delete from shift_assignments where id=?
Hibernate: delete from shift_assignments where id=?
2025-10-13T15:39:05.748+09:00 DEBUG 18196 --- [Shift Scheduler Demo] [           main] org.hibernate.SQL                        : delete from shift_assignments where id=?
Hibernate: delete from shift_assignments where id=?
2025-10-13T15:39:05.748+09:00 DEBUG 18196 --- [Shift Scheduler Demo] [           main] org.hibernate.SQL                        : delete from shift_assignments where id=?
Hibernate: delete from shift_assignments where id=?
2025-10-13T15:39:05.748+09:00 DEBUG 18196 --- [Shift Scheduler Demo] [           main] org.hibernate.SQL                        : delete from shift_assignments where id=?
Hibernate: delete from shift_assignments where id=?
2025-10-13T15:39:05.749+09:00 DEBUG 18196 --- [Shift Scheduler Demo] [           main] org.hibernate.SQL                        : delete from shift_assignments where id=?
Hibernate: delete from shift_assignments where id=?
2025-10-13T15:39:05.750+09:00 DEBUG 18196 --- [Shift Scheduler Demo] [           main] org.hibernate.SQL                        : delete from shift_assignments where id=?
Hibernate: delete from shift_assignments where id=?
2025-10-13T15:39:05.750+09:00 DEBUG 18196 --- [Shift Scheduler Demo] [           main] org.hibernate.SQL                        : delete from shift_assignments where id=?
Hibernate: delete from shift_assignments where id=?
2025-10-13T15:39:05.751+09:00 DEBUG 18196 --- [Shift Scheduler Demo] [           main] org.hibernate.SQL                        : delete from shift_assignments where id=?
Hibernate: delete from shift_assignments where id=?
2025-10-13T15:39:05.751+09:00 DEBUG 18196 --- [Shift Scheduler Demo] [           main] org.hibernate.SQL                        : delete from shift_assignments where id=?
Hibernate: delete from shift_assignments where id=?
2025-10-13T15:39:05.751+09:00 DEBUG 18196 --- [Shift Scheduler Demo] [           main] org.hibernate.SQL                        : delete from shift_assignments where id=?
Hibernate: delete from shift_assignments where id=?
2025-10-13T15:39:05.752+09:00 DEBUG 18196 --- [Shift Scheduler Demo] [           main] org.hibernate.SQL                        : delete from shift_assignments where id=?
Hibernate: delete from shift_assignments where id=?
2025-10-13T15:39:05.752+09:00 DEBUG 18196 --- [Shift Scheduler Demo] [           main] org.hibernate.SQL                        : delete from shift_assignments where id=?
Hibernate: delete from shift_assignments where id=?
2025-10-13T15:39:05.753+09:00 DEBUG 18196 --- [Shift Scheduler Demo] [           main] org.hibernate.SQL                        : delete from shift_assignments where id=?
Hibernate: delete from shift_assignments where id=?
2025-10-13T15:39:05.753+09:00 DEBUG 18196 --- [Shift Scheduler Demo] [           main] org.hibernate.SQL                        : delete from shift_assignments where id=?
Hibernate: delete from shift_assignments where id=?
2025-10-13T15:39:05.754+09:00 DEBUG 18196 --- [Shift Scheduler Demo] [           main] org.hibernate.SQL                        : delete from shift_assignments where id=?
Hibernate: delete from shift_assignments where id=?
2025-10-13T15:39:05.755+09:00 DEBUG 18196 --- [Shift Scheduler Demo] [           main] org.hibernate.SQL                        : delete from shift_assignments where id=?
Hibernate: delete from shift_assignments where id=?
2025-10-13T15:39:05.757+09:00 DEBUG 18196 --- [Shift Scheduler Demo] [           main] org.hibernate.SQL                        : delete from shift_assignments where id=?
Hibernate: delete from shift_assignments where id=?
2025-10-13T15:39:05.759+09:00 DEBUG 18196 --- [Shift Scheduler Demo] [           main] org.hibernate.SQL                        : delete from shift_assignments where id=?
Hibernate: delete from shift_assignments where id=?
2025-10-13T15:39:05.760+09:00 DEBUG 18196 --- [Shift Scheduler Demo] [           main] org.hibernate.SQL                        : delete from shift_assignments where id=?
Hibernate: delete from shift_assignments where id=?
2025-10-13T15:39:05.762+09:00 DEBUG 18196 --- [Shift Scheduler Demo] [           main] org.hibernate.SQL                        : delete from shift_assignments where id=?
Hibernate: delete from shift_assignments where id=?
2025-10-13T15:39:05.763+09:00 DEBUG 18196 --- [Shift Scheduler Demo] [           main] org.hibernate.SQL                        : delete from shift_assignments where id=?
Hibernate: delete from shift_assignments where id=?
2025-10-13T15:39:05.764+09:00 DEBUG 18196 --- [Shift Scheduler Demo] [           main] org.hibernate.SQL                        : delete from shift_assignments where id=?
Hibernate: delete from shift_assignments where id=?
2025-10-13T15:39:05.765+09:00 DEBUG 18196 --- [Shift Scheduler Demo] [           main] org.hibernate.SQL                        : delete from shift_assignments where id=?
Hibernate: delete from shift_assignments where id=?
2025-10-13T15:39:05.766+09:00 DEBUG 18196 --- [Shift Scheduler Demo] [           main] org.hibernate.SQL                        : delete from shift_assignments where id=?
Hibernate: delete from shift_assignments where id=?
2025-10-13T15:39:05.766+09:00 DEBUG 18196 --- [Shift Scheduler Demo] [           main] org.hibernate.SQL                        : delete from shift_assignments where id=?
Hibernate: delete from shift_assignments where id=?
2025-10-13T15:39:05.766+09:00 DEBUG 18196 --- [Shift Scheduler Demo] [           main] org.hibernate.SQL                        : delete from shift_assignments where id=?
Hibernate: delete from shift_assignments where id=?
2025-10-13T15:39:05.767+09:00 DEBUG 18196 --- [Shift Scheduler Demo] [           main] org.hibernate.SQL                        : delete from shift_assignments where id=?
Hibernate: delete from shift_assignments where id=?
2025-10-13T15:39:05.767+09:00 DEBUG 18196 --- [Shift Scheduler Demo] [           main] org.hibernate.SQL                        : delete from shift_assignments where id=?
Hibernate: delete from shift_assignments where id=?
2025-10-13T15:39:05.768+09:00 DEBUG 18196 --- [Shift Scheduler Demo] [           main] org.hibernate.SQL                        : delete from shift_assignments where id=?
Hibernate: delete from shift_assignments where id=?
2025-10-13T15:39:05.768+09:00 DEBUG 18196 --- [Shift Scheduler Demo] [           main] org.hibernate.SQL                        : delete from shift_assignments where id=?
Hibernate: delete from shift_assignments where id=?
2025-10-13T15:39:05.768+09:00 DEBUG 18196 --- [Shift Scheduler Demo] [           main] org.hibernate.SQL                        : delete from shift_assignments where id=?
Hibernate: delete from shift_assignments where id=?
2025-10-13T15:39:05.769+09:00 DEBUG 18196 --- [Shift Scheduler Demo] [           main] org.hibernate.SQL                        : delete from shift_assignments where id=?
Hibernate: delete from shift_assignments where id=?
2025-10-13T15:39:05.769+09:00 DEBUG 18196 --- [Shift Scheduler Demo] [           main] org.hibernate.SQL                        : delete from shift_assignments where id=?
Hibernate: delete from shift_assignments where id=?
2025-10-13T15:39:05.769+09:00 DEBUG 18196 --- [Shift Scheduler Demo] [           main] org.hibernate.SQL                        : delete from shift_assignments where id=?
Hibernate: delete from shift_assignments where id=?
2025-10-13T15:39:05.770+09:00 DEBUG 18196 --- [Shift Scheduler Demo] [           main] org.hibernate.SQL                        : delete from shift_assignments where id=?
Hibernate: delete from shift_assignments where id=?
2025-10-13T15:39:05.770+09:00 DEBUG 18196 --- [Shift Scheduler Demo] [           main] org.hibernate.SQL                        : delete from shift_assignments where id=?
Hibernate: delete from shift_assignments where id=?
2025-10-13T15:39:05.770+09:00 DEBUG 18196 --- [Shift Scheduler Demo] [           main] org.hibernate.SQL                        : delete from shift_assignments where id=?
Hibernate: delete from shift_assignments where id=?
2025-10-13T15:39:05.771+09:00 DEBUG 18196 --- [Shift Scheduler Demo] [           main] org.hibernate.SQL                        : delete from shift_assignments where id=?
Hibernate: delete from shift_assignments where id=?
2025-10-13T15:39:05.773+09:00 DEBUG 18196 --- [Shift Scheduler Demo] [           main] org.hibernate.SQL                        : delete from shift_assignments where id=?
Hibernate: delete from shift_assignments where id=?
2025-10-13T15:39:05.773+09:00 DEBUG 18196 --- [Shift Scheduler Demo] [           main] org.hibernate.SQL                        : delete from shift_assignments where id=?
Hibernate: delete from shift_assignments where id=?
2025-10-13T15:39:05.774+09:00 DEBUG 18196 --- [Shift Scheduler Demo] [           main] org.hibernate.SQL                        : delete from shift_assignments where id=?
Hibernate: delete from shift_assignments where id=?
2025-10-13T15:39:05.774+09:00 DEBUG 18196 --- [Shift Scheduler Demo] [           main] org.hibernate.SQL                        : delete from shift_assignments where id=?
Hibernate: delete from shift_assignments where id=?
2025-10-13T15:39:05.775+09:00 DEBUG 18196 --- [Shift Scheduler Demo] [           main] org.hibernate.SQL                        : delete from shift_assignments where id=?
Hibernate: delete from shift_assignments where id=?
2025-10-13T15:39:05.778+09:00 DEBUG 18196 --- [Shift Scheduler Demo] [           main] org.hibernate.SQL                        : delete from shift_assignments where id=?
Hibernate: delete from shift_assignments where id=?
2025-10-13T15:39:05.778+09:00 DEBUG 18196 --- [Shift Scheduler Demo] [           main] org.hibernate.SQL                        : delete from shift_assignments where id=?
Hibernate: delete from shift_assignments where id=?
2025-10-13T15:39:05.779+09:00 DEBUG 18196 --- [Shift Scheduler Demo] [           main] org.hibernate.SQL                        : delete from shift_assignments where id=?
Hibernate: delete from shift_assignments where id=?
2025-10-13T15:39:05.779+09:00 DEBUG 18196 --- [Shift Scheduler Demo] [           main] org.hibernate.SQL                        : delete from shift_assignments where id=?
Hibernate: delete from shift_assignments where id=?
2025-10-13T15:39:05.779+09:00 DEBUG 18196 --- [Shift Scheduler Demo] [           main] org.hibernate.SQL                        : delete from shift_assignments where id=?
Hibernate: delete from shift_assignments where id=?
2025-10-13T15:39:05.780+09:00 DEBUG 18196 --- [Shift Scheduler Demo] [           main] org.hibernate.SQL                        : delete from shift_assignments where id=?
Hibernate: delete from shift_assignments where id=?
2025-10-13T15:39:05.780+09:00 DEBUG 18196 --- [Shift Scheduler Demo] [           main] org.hibernate.SQL                        : delete from shift_assignments where id=?
Hibernate: delete from shift_assignments where id=?
2025-10-13T15:39:05.780+09:00 DEBUG 18196 --- [Shift Scheduler Demo] [           main] org.hibernate.SQL                        : delete from shift_assignments where id=?
Hibernate: delete from shift_assignments where id=?
2025-10-13T15:39:05.780+09:00 DEBUG 18196 --- [Shift Scheduler Demo] [           main] org.hibernate.SQL                        : delete from shift_assignments where id=?
Hibernate: delete from shift_assignments where id=?
2025-10-13T15:39:05.781+09:00 DEBUG 18196 --- [Shift Scheduler Demo] [           main] org.hibernate.SQL                        : delete from shift_assignments where id=?
Hibernate: delete from shift_assignments where id=?
2025-10-13T15:39:05.781+09:00 DEBUG 18196 --- [Shift Scheduler Demo] [           main] org.hibernate.SQL                        : delete from shift_assignments where id=?
Hibernate: delete from shift_assignments where id=?
2025-10-13T15:39:05.781+09:00 DEBUG 18196 --- [Shift Scheduler Demo] [           main] org.hibernate.SQL                        : delete from shift_assignments where id=?
Hibernate: delete from shift_assignments where id=?
2025-10-13T15:39:05.782+09:00 DEBUG 18196 --- [Shift Scheduler Demo] [           main] org.hibernate.SQL                        : delete from shift_assignments where id=?
Hibernate: delete from shift_assignments where id=?
2025-10-13T15:39:05.782+09:00 DEBUG 18196 --- [Shift Scheduler Demo] [           main] org.hibernate.SQL                        : delete from shift_assignments where id=?
Hibernate: delete from shift_assignments where id=?
2025-10-13T15:39:05.783+09:00 DEBUG 18196 --- [Shift Scheduler Demo] [           main] org.hibernate.SQL                        : delete from shift_assignments where id=?
Hibernate: delete from shift_assignments where id=?
2025-10-13T15:39:05.783+09:00 DEBUG 18196 --- [Shift Scheduler Demo] [           main] org.hibernate.SQL                        : delete from shift_assignments where id=?
Hibernate: delete from shift_assignments where id=?
2025-10-13T15:39:05.783+09:00 DEBUG 18196 --- [Shift Scheduler Demo] [           main] org.hibernate.SQL                        : delete from shift_assignments where id=?
Hibernate: delete from shift_assignments where id=?
2025-10-13T15:39:05.784+09:00 DEBUG 18196 --- [Shift Scheduler Demo] [           main] org.hibernate.SQL                        : delete from shift_assignments where id=?
Hibernate: delete from shift_assignments where id=?
2025-10-13T15:39:05.784+09:00 DEBUG 18196 --- [Shift Scheduler Demo] [           main] org.hibernate.SQL                        : delete from shift_assignments where id=?
Hibernate: delete from shift_assignments where id=?
2025-10-13T15:39:05.784+09:00 DEBUG 18196 --- [Shift Scheduler Demo] [           main] org.hibernate.SQL                        : delete from shift_assignments where id=?
Hibernate: delete from shift_assignments where id=?
2025-10-13T15:39:05.784+09:00 DEBUG 18196 --- [Shift Scheduler Demo] [           main] org.hibernate.SQL                        : delete from shift_assignments where id=?
Hibernate: delete from shift_assignments where id=?
2025-10-13T15:39:05.785+09:00 DEBUG 18196 --- [Shift Scheduler Demo] [           main] org.hibernate.SQL                        : delete from shift_assignments where id=?
Hibernate: delete from shift_assignments where id=?
2025-10-13T15:39:05.785+09:00 DEBUG 18196 --- [Shift Scheduler Demo] [           main] org.hibernate.SQL                        : delete from shift_assignments where id=?
Hibernate: delete from shift_assignments where id=?
2025-10-13T15:39:05.785+09:00 DEBUG 18196 --- [Shift Scheduler Demo] [           main] org.hibernate.SQL                        : delete from shift_assignments where id=?
Hibernate: delete from shift_assignments where id=?
2025-10-13T15:39:05.785+09:00 DEBUG 18196 --- [Shift Scheduler Demo] [           main] org.hibernate.SQL                        : delete from shift_assignments where id=?
Hibernate: delete from shift_assignments where id=?
2025-10-13T15:39:05.785+09:00 DEBUG 18196 --- [Shift Scheduler Demo] [           main] org.hibernate.SQL                        : delete from shift_assignments where id=?
Hibernate: delete from shift_assignments where id=?
2025-10-13T15:39:05.786+09:00 DEBUG 18196 --- [Shift Scheduler Demo] [           main] org.hibernate.SQL                        : delete from shift_assignments where id=?
Hibernate: delete from shift_assignments where id=?
2025-10-13T15:39:05.787+09:00 DEBUG 18196 --- [Shift Scheduler Demo] [           main] org.hibernate.SQL                        : delete from shift_assignments where id=?
Hibernate: delete from shift_assignments where id=?
2025-10-13T15:39:05.788+09:00 DEBUG 18196 --- [Shift Scheduler Demo] [           main] org.hibernate.SQL                        : delete from shift_assignments where id=?
Hibernate: delete from shift_assignments where id=?
2025-10-13T15:39:05.788+09:00 DEBUG 18196 --- [Shift Scheduler Demo] [           main] org.hibernate.SQL                        : delete from shift_assignments where id=?
Hibernate: delete from shift_assignments where id=?
2025-10-13T15:39:05.789+09:00 DEBUG 18196 --- [Shift Scheduler Demo] [           main] org.hibernate.SQL                        : delete from shift_assignments where id=?
Hibernate: delete from shift_assignments where id=?
2025-10-13T15:39:05.789+09:00 DEBUG 18196 --- [Shift Scheduler Demo] [           main] org.hibernate.SQL                        : delete from shift_assignments where id=?
Hibernate: delete from shift_assignments where id=?
2025-10-13T15:39:05.790+09:00 DEBUG 18196 --- [Shift Scheduler Demo] [           main] org.hibernate.SQL                        : delete from shift_assignments where id=?
Hibernate: delete from shift_assignments where id=?
2025-10-13T15:39:05.790+09:00 DEBUG 18196 --- [Shift Scheduler Demo] [           main] org.hibernate.SQL                        : delete from shift_assignments where id=?
Hibernate: delete from shift_assignments where id=?
2025-10-13T15:39:05.790+09:00 DEBUG 18196 --- [Shift Scheduler Demo] [           main] org.hibernate.SQL                        : delete from shift_assignments where id=?
Hibernate: delete from shift_assignments where id=?
2025-10-13T15:39:05.791+09:00 DEBUG 18196 --- [Shift Scheduler Demo] [           main] org.hibernate.SQL                        : delete from shift_assignments where id=?
Hibernate: delete from shift_assignments where id=?
2025-10-13T15:39:05.791+09:00 DEBUG 18196 --- [Shift Scheduler Demo] [           main] org.hibernate.SQL                        : delete from shift_assignments where id=?
Hibernate: delete from shift_assignments where id=?
2025-10-13T15:39:05.792+09:00 DEBUG 18196 --- [Shift Scheduler Demo] [           main] org.hibernate.SQL                        : delete from shift_assignments where id=?
Hibernate: delete from shift_assignments where id=?
2025-10-13T15:39:05.792+09:00 DEBUG 18196 --- [Shift Scheduler Demo] [           main] org.hibernate.SQL                        : delete from shift_assignments where id=?
Hibernate: delete from shift_assignments where id=?
2025-10-13T15:39:05.792+09:00 DEBUG 18196 --- [Shift Scheduler Demo] [           main] org.hibernate.SQL                        : delete from shift_assignments where id=?
Hibernate: delete from shift_assignments where id=?
2025-10-13T15:39:05.792+09:00 DEBUG 18196 --- [Shift Scheduler Demo] [           main] org.hibernate.SQL                        : delete from shift_assignments where id=?
Hibernate: delete from shift_assignments where id=?
2025-10-13T15:39:05.792+09:00 DEBUG 18196 --- [Shift Scheduler Demo] [           main] org.hibernate.SQL                        : delete from shift_assignments where id=?
Hibernate: delete from shift_assignments where id=?
2025-10-13T15:39:05.792+09:00 DEBUG 18196 --- [Shift Scheduler Demo] [           main] org.hibernate.SQL                        : delete from shift_assignments where id=?
Hibernate: delete from shift_assignments where id=?
2025-10-13T15:39:05.792+09:00 DEBUG 18196 --- [Shift Scheduler Demo] [           main] org.hibernate.SQL                        : delete from shift_assignments where id=?
Hibernate: delete from shift_assignments where id=?
2025-10-13T15:39:05.795+09:00 DEBUG 18196 --- [Shift Scheduler Demo] [           main] org.hibernate.SQL                        : delete from shift_assignments where id=?
Hibernate: delete from shift_assignments where id=?
2025-10-13T15:39:05.795+09:00 DEBUG 18196 --- [Shift Scheduler Demo] [           main] org.hibernate.SQL                        : delete from shift_assignments where id=?
Hibernate: delete from shift_assignments where id=?
2025-10-13T15:39:05.795+09:00 DEBUG 18196 --- [Shift Scheduler Demo] [           main] org.hibernate.SQL                        : delete from shift_assignments where id=?
Hibernate: delete from shift_assignments where id=?
2025-10-13T15:39:05.795+09:00 DEBUG 18196 --- [Shift Scheduler Demo] [           main] org.hibernate.SQL                        : delete from shift_assignments where id=?
Hibernate: delete from shift_assignments where id=?
2025-10-13T15:39:05.795+09:00 DEBUG 18196 --- [Shift Scheduler Demo] [           main] org.hibernate.SQL                        : delete from shift_assignments where id=?
Hibernate: delete from shift_assignments where id=?
2025-10-13T15:39:05.795+09:00 DEBUG 18196 --- [Shift Scheduler Demo] [           main] org.hibernate.SQL                        : delete from shift_assignments where id=?
Hibernate: delete from shift_assignments where id=?
2025-10-13T15:39:05.795+09:00 DEBUG 18196 --- [Shift Scheduler Demo] [           main] org.hibernate.SQL                        : delete from shift_assignments where id=?
Hibernate: delete from shift_assignments where id=?
2025-10-13T15:39:05.795+09:00 DEBUG 18196 --- [Shift Scheduler Demo] [           main] org.hibernate.SQL                        : delete from shift_assignments where id=?
Hibernate: delete from shift_assignments where id=?
2025-10-13T15:39:05.795+09:00 DEBUG 18196 --- [Shift Scheduler Demo] [           main] org.hibernate.SQL                        : delete from shift_assignments where id=?
Hibernate: delete from shift_assignments where id=?
2025-10-13T15:39:05.795+09:00 DEBUG 18196 --- [Shift Scheduler Demo] [           main] org.hibernate.SQL                        : delete from shift_assignments where id=?
Hibernate: delete from shift_assignments where id=?
2025-10-13T15:39:05.799+09:00 DEBUG 18196 --- [Shift Scheduler Demo] [           main] org.hibernate.SQL                        : delete from shift_assignments where id=?
Hibernate: delete from shift_assignments where id=?
2025-10-13T15:39:05.799+09:00 DEBUG 18196 --- [Shift Scheduler Demo] [           main] org.hibernate.SQL                        : delete from shift_assignments where id=?
Hibernate: delete from shift_assignments where id=?
2025-10-13T15:39:05.799+09:00 DEBUG 18196 --- [Shift Scheduler Demo] [           main] org.hibernate.SQL                        : delete from shift_assignments where id=?
Hibernate: delete from shift_assignments where id=?
2025-10-13T15:39:05.799+09:00 DEBUG 18196 --- [Shift Scheduler Demo] [           main] org.hibernate.SQL                        : delete from shift_assignments where id=?
Hibernate: delete from shift_assignments where id=?
2025-10-13T15:39:05.799+09:00 DEBUG 18196 --- [Shift Scheduler Demo] [           main] org.hibernate.SQL                        : delete from shift_assignments where id=?
Hibernate: delete from shift_assignments where id=?
2025-10-13T15:39:05.801+09:00 DEBUG 18196 --- [Shift Scheduler Demo] [           main] org.hibernate.SQL                        : delete from shift_assignments where id=?
Hibernate: delete from shift_assignments where id=?
2025-10-13T15:39:05.801+09:00 DEBUG 18196 --- [Shift Scheduler Demo] [           main] org.hibernate.SQL                        : delete from shift_assignments where id=?
Hibernate: delete from shift_assignments where id=?
2025-10-13T15:39:05.801+09:00 DEBUG 18196 --- [Shift Scheduler Demo] [           main] org.hibernate.SQL                        : delete from shift_assignments where id=?
Hibernate: delete from shift_assignments where id=?
2025-10-13T15:39:05.801+09:00 DEBUG 18196 --- [Shift Scheduler Demo] [           main] org.hibernate.SQL                        : delete from shift_assignments where id=?
Hibernate: delete from shift_assignments where id=?
2025-10-13T15:39:05.801+09:00 DEBUG 18196 --- [Shift Scheduler Demo] [           main] org.hibernate.SQL                        : delete from shift_assignments where id=?
Hibernate: delete from shift_assignments where id=?
2025-10-13T15:39:05.803+09:00 DEBUG 18196 --- [Shift Scheduler Demo] [           main] org.hibernate.SQL                        : delete from shift_assignments where id=?
Hibernate: delete from shift_assignments where id=?
2025-10-13T15:39:05.803+09:00 DEBUG 18196 --- [Shift Scheduler Demo] [           main] org.hibernate.SQL                        : delete from shift_assignments where id=?
Hibernate: delete from shift_assignments where id=?
2025-10-13T15:39:05.803+09:00 DEBUG 18196 --- [Shift Scheduler Demo] [           main] org.hibernate.SQL                        : delete from shift_assignments where id=?
Hibernate: delete from shift_assignments where id=?
2025-10-13T15:39:05.805+09:00 DEBUG 18196 --- [Shift Scheduler Demo] [           main] org.hibernate.SQL                        : delete from shift_assignments where id=?
Hibernate: delete from shift_assignments where id=?
2025-10-13T15:39:05.805+09:00 DEBUG 18196 --- [Shift Scheduler Demo] [           main] org.hibernate.SQL                        : delete from shift_assignments where id=?
Hibernate: delete from shift_assignments where id=?
2025-10-13T15:39:05.805+09:00 DEBUG 18196 --- [Shift Scheduler Demo] [           main] org.hibernate.SQL                        : delete from shift_assignments where id=?
Hibernate: delete from shift_assignments where id=?
2025-10-13T15:39:05.806+09:00 DEBUG 18196 --- [Shift Scheduler Demo] [           main] org.hibernate.SQL                        : delete from shift_assignments where id=?
Hibernate: delete from shift_assignments where id=?
2025-10-13T15:39:05.806+09:00 DEBUG 18196 --- [Shift Scheduler Demo] [           main] org.hibernate.SQL                        : delete from shift_assignments where id=?
Hibernate: delete from shift_assignments where id=?
2025-10-13T15:39:05.806+09:00 DEBUG 18196 --- [Shift Scheduler Demo] [           main] org.hibernate.SQL                        : delete from shift_assignments where id=?
Hibernate: delete from shift_assignments where id=?
2025-10-13T15:39:05.807+09:00 DEBUG 18196 --- [Shift Scheduler Demo] [           main] org.hibernate.SQL                        : delete from shift_assignments where id=?
Hibernate: delete from shift_assignments where id=?
2025-10-13T15:39:05.807+09:00 DEBUG 18196 --- [Shift Scheduler Demo] [           main] org.hibernate.SQL                        : delete from shift_assignments where id=?
Hibernate: delete from shift_assignments where id=?
2025-10-13T15:39:05.808+09:00 DEBUG 18196 --- [Shift Scheduler Demo] [           main] org.hibernate.SQL                        : delete from shift_assignments where id=?
Hibernate: delete from shift_assignments where id=?
2025-10-13T15:39:05.808+09:00 DEBUG 18196 --- [Shift Scheduler Demo] [           main] org.hibernate.SQL                        : delete from shift_assignments where id=?
Hibernate: delete from shift_assignments where id=?
2025-10-13T15:39:05.808+09:00 DEBUG 18196 --- [Shift Scheduler Demo] [           main] org.hibernate.SQL                        : delete from shift_assignments where id=?
Hibernate: delete from shift_assignments where id=?
2025-10-13T15:39:05.809+09:00 DEBUG 18196 --- [Shift Scheduler Demo] [           main] org.hibernate.SQL                        : delete from shift_assignments where id=?
Hibernate: delete from shift_assignments where id=?
2025-10-13T15:39:05.809+09:00 DEBUG 18196 --- [Shift Scheduler Demo] [           main] org.hibernate.SQL                        : delete from shift_assignments where id=?
Hibernate: delete from shift_assignments where id=?
2025-10-13T15:39:05.810+09:00 DEBUG 18196 --- [Shift Scheduler Demo] [           main] org.hibernate.SQL                        : delete from shift_assignments where id=?
Hibernate: delete from shift_assignments where id=?
2025-10-13T15:39:05.810+09:00 DEBUG 18196 --- [Shift Scheduler Demo] [           main] org.hibernate.SQL                        : delete from shift_assignments where id=?
Hibernate: delete from shift_assignments where id=?
2025-10-13T15:39:05.810+09:00 DEBUG 18196 --- [Shift Scheduler Demo] [           main] org.hibernate.SQL                        : delete from shift_assignments where id=?
Hibernate: delete from shift_assignments where id=?
2025-10-13T15:39:05.810+09:00 DEBUG 18196 --- [Shift Scheduler Demo] [           main] org.hibernate.SQL                        : delete from shift_assignments where id=?
Hibernate: delete from shift_assignments where id=?
2025-10-13T15:39:05.810+09:00 DEBUG 18196 --- [Shift Scheduler Demo] [           main] org.hibernate.SQL                        : delete from shift_assignments where id=?
Hibernate: delete from shift_assignments where id=?
2025-10-13T15:39:05.810+09:00 DEBUG 18196 --- [Shift Scheduler Demo] [           main] org.hibernate.SQL                        : delete from shift_assignments where id=?
Hibernate: delete from shift_assignments where id=?
2025-10-13T15:39:05.811+09:00 DEBUG 18196 --- [Shift Scheduler Demo] [           main] org.hibernate.SQL                        : delete from shift_assignments where id=?
Hibernate: delete from shift_assignments where id=?
2025-10-13T15:39:05.811+09:00 DEBUG 18196 --- [Shift Scheduler Demo] [           main] org.hibernate.SQL                        : delete from shift_assignments where id=?
Hibernate: delete from shift_assignments where id=?
2025-10-13T15:39:05.811+09:00 DEBUG 18196 --- [Shift Scheduler Demo] [           main] org.hibernate.SQL                        : delete from shift_assignments where id=?
Hibernate: delete from shift_assignments where id=?
2025-10-13T15:39:05.812+09:00 DEBUG 18196 --- [Shift Scheduler Demo] [           main] org.hibernate.SQL                        : delete from shift_assignments where id=?
Hibernate: delete from shift_assignments where id=?
2025-10-13T15:39:05.812+09:00 DEBUG 18196 --- [Shift Scheduler Demo] [           main] org.hibernate.SQL                        : delete from shift_assignments where id=?
Hibernate: delete from shift_assignments where id=?
2025-10-13T15:39:05.812+09:00 DEBUG 18196 --- [Shift Scheduler Demo] [           main] org.hibernate.SQL                        : delete from shift_assignments where id=?
Hibernate: delete from shift_assignments where id=?
2025-10-13T15:39:05.812+09:00 DEBUG 18196 --- [Shift Scheduler Demo] [           main] org.hibernate.SQL                        : delete from shift_assignments where id=?
Hibernate: delete from shift_assignments where id=?
2025-10-13T15:39:05.813+09:00 DEBUG 18196 --- [Shift Scheduler Demo] [           main] org.hibernate.SQL                        : delete from shift_assignments where id=?
Hibernate: delete from shift_assignments where id=?
2025-10-13T15:39:05.813+09:00 DEBUG 18196 --- [Shift Scheduler Demo] [           main] org.hibernate.SQL                        : delete from shift_assignments where id=?
Hibernate: delete from shift_assignments where id=?
2025-10-13T15:39:05.813+09:00 DEBUG 18196 --- [Shift Scheduler Demo] [           main] org.hibernate.SQL                        : delete from shift_assignments where id=?
Hibernate: delete from shift_assignments where id=?
2025-10-13T15:39:05.813+09:00 DEBUG 18196 --- [Shift Scheduler Demo] [           main] org.hibernate.SQL                        : delete from shift_assignments where id=?
Hibernate: delete from shift_assignments where id=?
2025-10-13T15:39:05.813+09:00 DEBUG 18196 --- [Shift Scheduler Demo] [           main] org.hibernate.SQL                        : delete from shift_assignments where id=?
Hibernate: delete from shift_assignments where id=?
2025-10-13T15:39:05.814+09:00 DEBUG 18196 --- [Shift Scheduler Demo] [           main] org.hibernate.SQL                        : delete from shift_assignments where id=?
Hibernate: delete from shift_assignments where id=?
2025-10-13T15:39:05.814+09:00 DEBUG 18196 --- [Shift Scheduler Demo] [           main] org.hibernate.SQL                        : delete from shift_assignments where id=?
Hibernate: delete from shift_assignments where id=?
2025-10-13T15:39:05.814+09:00 DEBUG 18196 --- [Shift Scheduler Demo] [           main] org.hibernate.SQL                        : delete from shift_assignments where id=?
Hibernate: delete from shift_assignments where id=?
2025-10-13T15:39:05.815+09:00 DEBUG 18196 --- [Shift Scheduler Demo] [           main] org.hibernate.SQL                        : delete from shift_assignments where id=?
Hibernate: delete from shift_assignments where id=?
2025-10-13T15:39:05.815+09:00 DEBUG 18196 --- [Shift Scheduler Demo] [           main] org.hibernate.SQL                        : delete from shift_assignments where id=?
Hibernate: delete from shift_assignments where id=?
2025-10-13T15:39:05.815+09:00 DEBUG 18196 --- [Shift Scheduler Demo] [           main] org.hibernate.SQL                        : delete from shift_assignments where id=?
Hibernate: delete from shift_assignments where id=?
2025-10-13T15:39:05.815+09:00 DEBUG 18196 --- [Shift Scheduler Demo] [           main] org.hibernate.SQL                        : delete from shift_assignments where id=?
Hibernate: delete from shift_assignments where id=?
2025-10-13T15:39:05.816+09:00 DEBUG 18196 --- [Shift Scheduler Demo] [           main] org.hibernate.SQL                        : delete from shift_assignments where id=?
Hibernate: delete from shift_assignments where id=?
2025-10-13T15:39:05.816+09:00 DEBUG 18196 --- [Shift Scheduler Demo] [           main] org.hibernate.SQL                        : delete from shift_assignments where id=?
Hibernate: delete from shift_assignments where id=?
2025-10-13T15:39:05.816+09:00 DEBUG 18196 --- [Shift Scheduler Demo] [           main] org.hibernate.SQL                        : delete from shift_assignments where id=?
Hibernate: delete from shift_assignments where id=?
2025-10-13T15:39:05.816+09:00 DEBUG 18196 --- [Shift Scheduler Demo] [           main] org.hibernate.SQL                        : delete from shift_assignments where id=?
Hibernate: delete from shift_assignments where id=?
2025-10-13T15:39:05.817+09:00 DEBUG 18196 --- [Shift Scheduler Demo] [           main] org.hibernate.SQL                        : delete from shift_assignments where id=?
Hibernate: delete from shift_assignments where id=?
2025-10-13T15:39:05.817+09:00 DEBUG 18196 --- [Shift Scheduler Demo] [           main] org.hibernate.SQL                        : delete from shift_assignments where id=?
Hibernate: delete from shift_assignments where id=?
2025-10-13T15:39:05.818+09:00 DEBUG 18196 --- [Shift Scheduler Demo] [           main] org.hibernate.SQL                        : delete from shift_assignments where id=?
Hibernate: delete from shift_assignments where id=?
2025-10-13T15:39:05.818+09:00 DEBUG 18196 --- [Shift Scheduler Demo] [           main] org.hibernate.SQL                        : delete from shift_assignments where id=?
Hibernate: delete from shift_assignments where id=?
2025-10-13T15:39:05.818+09:00 DEBUG 18196 --- [Shift Scheduler Demo] [           main] org.hibernate.SQL                        : delete from shift_assignments where id=?
Hibernate: delete from shift_assignments where id=?
2025-10-13T15:39:05.818+09:00 DEBUG 18196 --- [Shift Scheduler Demo] [           main] org.hibernate.SQL                        : delete from shift_assignments where id=?
Hibernate: delete from shift_assignments where id=?
2025-10-13T15:39:05.819+09:00 DEBUG 18196 --- [Shift Scheduler Demo] [           main] org.hibernate.SQL                        : delete from shift_assignments where id=?
Hibernate: delete from shift_assignments where id=?
2025-10-13T15:39:05.819+09:00 DEBUG 18196 --- [Shift Scheduler Demo] [           main] org.hibernate.SQL                        : delete from shift_assignments where id=?
Hibernate: delete from shift_assignments where id=?
2025-10-13T15:39:05.819+09:00 DEBUG 18196 --- [Shift Scheduler Demo] [           main] org.hibernate.SQL                        : delete from shift_assignments where id=?
Hibernate: delete from shift_assignments where id=?
2025-10-13T15:39:05.821+09:00 DEBUG 18196 --- [Shift Scheduler Demo] [           main] org.hibernate.SQL                        : delete from shift_assignments where id=?
Hibernate: delete from shift_assignments where id=?
2025-10-13T15:39:05.821+09:00 DEBUG 18196 --- [Shift Scheduler Demo] [           main] org.hibernate.SQL                        : delete from shift_assignments where id=?
Hibernate: delete from shift_assignments where id=?
2025-10-13T15:39:05.821+09:00 DEBUG 18196 --- [Shift Scheduler Demo] [           main] org.hibernate.SQL                        : delete from shift_assignments where id=?
Hibernate: delete from shift_assignments where id=?
2025-10-13T15:39:05.821+09:00 DEBUG 18196 --- [Shift Scheduler Demo] [           main] org.hibernate.SQL                        : delete from shift_assignments where id=?
Hibernate: delete from shift_assignments where id=?
2025-10-13T15:39:05.823+09:00 DEBUG 18196 --- [Shift Scheduler Demo] [           main] org.hibernate.SQL                        : delete from shift_assignments where id=?
Hibernate: delete from shift_assignments where id=?
2025-10-13T15:39:05.823+09:00 DEBUG 18196 --- [Shift Scheduler Demo] [           main] org.hibernate.SQL                        : delete from shift_assignments where id=?
Hibernate: delete from shift_assignments where id=?
2025-10-13T15:39:05.823+09:00 DEBUG 18196 --- [Shift Scheduler Demo] [           main] org.hibernate.SQL                        : delete from shift_assignments where id=?
Hibernate: delete from shift_assignments where id=?
2025-10-13T15:39:05.823+09:00 DEBUG 18196 --- [Shift Scheduler Demo] [           main] org.hibernate.SQL                        : delete from shift_assignments where id=?
Hibernate: delete from shift_assignments where id=?
2025-10-13T15:39:05.824+09:00 DEBUG 18196 --- [Shift Scheduler Demo] [           main] org.hibernate.SQL                        : delete from shift_assignments where id=?
Hibernate: delete from shift_assignments where id=?
2025-10-13T15:39:05.824+09:00 DEBUG 18196 --- [Shift Scheduler Demo] [           main] org.hibernate.SQL                        : delete from shift_assignments where id=?
Hibernate: delete from shift_assignments where id=?
2025-10-13T15:39:05.824+09:00 DEBUG 18196 --- [Shift Scheduler Demo] [           main] org.hibernate.SQL                        : delete from shift_assignments where id=?
Hibernate: delete from shift_assignments where id=?
2025-10-13T15:39:05.825+09:00 DEBUG 18196 --- [Shift Scheduler Demo] [           main] org.hibernate.SQL                        : delete from shift_assignments where id=?
Hibernate: delete from shift_assignments where id=?
2025-10-13T15:39:05.825+09:00 DEBUG 18196 --- [Shift Scheduler Demo] [           main] org.hibernate.SQL                        : delete from shift_assignments where id=?
Hibernate: delete from shift_assignments where id=?
2025-10-13T15:39:05.825+09:00 DEBUG 18196 --- [Shift Scheduler Demo] [           main] org.hibernate.SQL                        : delete from shift_assignments where id=?
Hibernate: delete from shift_assignments where id=?
2025-10-13T15:39:05.831+09:00 DEBUG 18196 --- [Shift Scheduler Demo] [           main] org.hibernate.SQL                        : delete from shift_assignments where id=?
Hibernate: delete from shift_assignments where id=?
2025-10-13T15:39:05.835+09:00 DEBUG 18196 --- [Shift Scheduler Demo] [           main] org.hibernate.SQL                        : delete from shift_assignments where id=?
Hibernate: delete from shift_assignments where id=?
2025-10-13T15:39:05.838+09:00 DEBUG 18196 --- [Shift Scheduler Demo] [           main] org.hibernate.SQL                        : delete from shift_assignments where id=?
Hibernate: delete from shift_assignments where id=?
2025-10-13T15:39:05.839+09:00 DEBUG 18196 --- [Shift Scheduler Demo] [           main] org.hibernate.SQL                        : delete from shift_assignments where id=?
Hibernate: delete from shift_assignments where id=?
2025-10-13T15:39:05.839+09:00 DEBUG 18196 --- [Shift Scheduler Demo] [           main] org.hibernate.SQL                        : delete from shift_assignments where id=?
Hibernate: delete from shift_assignments where id=?
2025-10-13T15:39:05.839+09:00 DEBUG 18196 --- [Shift Scheduler Demo] [           main] org.hibernate.SQL                        : delete from shift_assignments where id=?
Hibernate: delete from shift_assignments where id=?
2025-10-13T15:39:05.839+09:00 DEBUG 18196 --- [Shift Scheduler Demo] [           main] org.hibernate.SQL                        : delete from shift_assignments where id=?
Hibernate: delete from shift_assignments where id=?
2025-10-13T15:39:05.839+09:00 DEBUG 18196 --- [Shift Scheduler Demo] [           main] org.hibernate.SQL                        : delete from shift_assignments where id=?
Hibernate: delete from shift_assignments where id=?
2025-10-13T15:39:05.843+09:00 DEBUG 18196 --- [Shift Scheduler Demo] [           main] org.hibernate.SQL                        : delete from shift_assignments where id=?
Hibernate: delete from shift_assignments where id=?
2025-10-13T15:39:05.843+09:00 DEBUG 18196 --- [Shift Scheduler Demo] [           main] org.hibernate.SQL                        : delete from shift_assignments where id=?
Hibernate: delete from shift_assignments where id=?
2025-10-13T15:39:05.843+09:00 DEBUG 18196 --- [Shift Scheduler Demo] [           main] org.hibernate.SQL                        : delete from shift_assignments where id=?
Hibernate: delete from shift_assignments where id=?
2025-10-13T15:39:05.843+09:00 DEBUG 18196 --- [Shift Scheduler Demo] [           main] org.hibernate.SQL                        : delete from shift_assignments where id=?
Hibernate: delete from shift_assignments where id=?
2025-10-13T15:39:05.843+09:00 DEBUG 18196 --- [Shift Scheduler Demo] [           main] org.hibernate.SQL                        : delete from shift_assignments where id=?
Hibernate: delete from shift_assignments where id=?
2025-10-13T15:39:05.843+09:00 DEBUG 18196 --- [Shift Scheduler Demo] [           main] org.hibernate.SQL                        : delete from shift_assignments where id=?
Hibernate: delete from shift_assignments where id=?
2025-10-13T15:39:05.843+09:00 DEBUG 18196 --- [Shift Scheduler Demo] [           main] org.hibernate.SQL                        : delete from shift_assignments where id=?
Hibernate: delete from shift_assignments where id=?
2025-10-13T15:39:05.843+09:00 DEBUG 18196 --- [Shift Scheduler Demo] [           main] org.hibernate.SQL                        : delete from shift_assignments where id=?
Hibernate: delete from shift_assignments where id=?
2025-10-13T15:39:05.843+09:00 DEBUG 18196 --- [Shift Scheduler Demo] [           main] org.hibernate.SQL                        : delete from shift_assignments where id=?
Hibernate: delete from shift_assignments where id=?
2025-10-13T15:39:05.843+09:00 DEBUG 18196 --- [Shift Scheduler Demo] [           main] org.hibernate.SQL                        : delete from shift_assignments where id=?
Hibernate: delete from shift_assignments where id=?
2025-10-13T15:39:05.843+09:00 DEBUG 18196 --- [Shift Scheduler Demo] [           main] org.hibernate.SQL                        : delete from shift_assignments where id=?
Hibernate: delete from shift_assignments where id=?
2025-10-13T15:39:05.843+09:00 DEBUG 18196 --- [Shift Scheduler Demo] [           main] org.hibernate.SQL                        : delete from shift_assignments where id=?
Hibernate: delete from shift_assignments where id=?
2025-10-13T15:39:05.843+09:00 DEBUG 18196 --- [Shift Scheduler Demo] [           main] org.hibernate.SQL                        : delete from shift_assignments where id=?
Hibernate: delete from shift_assignments where id=?
2025-10-13T15:39:05.846+09:00 DEBUG 18196 --- [Shift Scheduler Demo] [           main] org.hibernate.SQL                        : delete from shift_assignments where id=?
Hibernate: delete from shift_assignments where id=?
2025-10-13T15:39:05.846+09:00 DEBUG 18196 --- [Shift Scheduler Demo] [           main] org.hibernate.SQL                        : delete from shift_assignments where id=?
Hibernate: delete from shift_assignments where id=?
2025-10-13T15:39:05.846+09:00 DEBUG 18196 --- [Shift Scheduler Demo] [           main] org.hibernate.SQL                        : delete from shift_assignments where id=?
Hibernate: delete from shift_assignments where id=?
2025-10-13T15:39:05.847+09:00 DEBUG 18196 --- [Shift Scheduler Demo] [           main] org.hibernate.SQL                        : delete from shift_assignments where id=?
Hibernate: delete from shift_assignments where id=?
2025-10-13T15:39:05.847+09:00 DEBUG 18196 --- [Shift Scheduler Demo] [           main] org.hibernate.SQL                        : delete from shift_assignments where id=?
Hibernate: delete from shift_assignments where id=?
2025-10-13T15:39:05.847+09:00 DEBUG 18196 --- [Shift Scheduler Demo] [           main] org.hibernate.SQL                        : delete from shift_assignments where id=?
Hibernate: delete from shift_assignments where id=?
2025-10-13T15:39:05.848+09:00 DEBUG 18196 --- [Shift Scheduler Demo] [           main] org.hibernate.SQL                        : delete from shift_assignments where id=?
Hibernate: delete from shift_assignments where id=?
2025-10-13T15:39:05.848+09:00 DEBUG 18196 --- [Shift Scheduler Demo] [           main] org.hibernate.SQL                        : delete from shift_assignments where id=?
Hibernate: delete from shift_assignments where id=?
2025-10-13T15:39:05.848+09:00 DEBUG 18196 --- [Shift Scheduler Demo] [           main] org.hibernate.SQL                        : delete from shift_assignments where id=?
Hibernate: delete from shift_assignments where id=?
2025-10-13T15:39:05.848+09:00 DEBUG 18196 --- [Shift Scheduler Demo] [           main] org.hibernate.SQL                        : delete from shift_assignments where id=?
Hibernate: delete from shift_assignments where id=?
2025-10-13T15:39:05.849+09:00 DEBUG 18196 --- [Shift Scheduler Demo] [           main] org.hibernate.SQL                        : delete from shift_assignments where id=?
Hibernate: delete from shift_assignments where id=?
2025-10-13T15:39:05.849+09:00 DEBUG 18196 --- [Shift Scheduler Demo] [           main] org.hibernate.SQL                        : delete from shift_assignments where id=?
Hibernate: delete from shift_assignments where id=?
2025-10-13T15:39:05.850+09:00 DEBUG 18196 --- [Shift Scheduler Demo] [           main] org.hibernate.SQL                        : delete from shift_assignments where id=?
Hibernate: delete from shift_assignments where id=?
2025-10-13T15:39:05.850+09:00 DEBUG 18196 --- [Shift Scheduler Demo] [           main] org.hibernate.SQL                        : delete from shift_assignments where id=?
Hibernate: delete from shift_assignments where id=?
2025-10-13T15:39:05.850+09:00 DEBUG 18196 --- [Shift Scheduler Demo] [           main] org.hibernate.SQL                        : delete from shift_assignments where id=?
Hibernate: delete from shift_assignments where id=?
2025-10-13T15:39:05.851+09:00 DEBUG 18196 --- [Shift Scheduler Demo] [           main] org.hibernate.SQL                        : delete from shift_assignments where id=?
Hibernate: delete from shift_assignments where id=?
2025-10-13T15:39:05.851+09:00 DEBUG 18196 --- [Shift Scheduler Demo] [           main] org.hibernate.SQL                        : delete from shift_assignments where id=?
Hibernate: delete from shift_assignments where id=?
2025-10-13T15:39:05.851+09:00 DEBUG 18196 --- [Shift Scheduler Demo] [           main] org.hibernate.SQL                        : delete from shift_assignments where id=?
Hibernate: delete from shift_assignments where id=?
2025-10-13T15:39:05.852+09:00 DEBUG 18196 --- [Shift Scheduler Demo] [           main] org.hibernate.SQL                        : delete from shift_assignments where id=?
Hibernate: delete from shift_assignments where id=?
2025-10-13T15:39:05.852+09:00 DEBUG 18196 --- [Shift Scheduler Demo] [           main] org.hibernate.SQL                        : delete from shift_assignments where id=?
Hibernate: delete from shift_assignments where id=?
2025-10-13T15:39:05.853+09:00 DEBUG 18196 --- [Shift Scheduler Demo] [           main] org.hibernate.SQL                        : delete from shift_assignments where id=?
Hibernate: delete from shift_assignments where id=?
2025-10-13T15:39:05.853+09:00 DEBUG 18196 --- [Shift Scheduler Demo] [           main] org.hibernate.SQL                        : delete from shift_assignments where id=?
Hibernate: delete from shift_assignments where id=?
2025-10-13T15:39:05.853+09:00 DEBUG 18196 --- [Shift Scheduler Demo] [           main] org.hibernate.SQL                        : delete from shift_assignments where id=?
Hibernate: delete from shift_assignments where id=?
2025-10-13T15:39:05.857+09:00 DEBUG 18196 --- [Shift Scheduler Demo] [           main] org.hibernate.SQL                        : delete from shift_assignments where id=?
Hibernate: delete from shift_assignments where id=?
2025-10-13T15:39:05.857+09:00 DEBUG 18196 --- [Shift Scheduler Demo] [           main] org.hibernate.SQL                        : delete from shift_assignments where id=?
Hibernate: delete from shift_assignments where id=?
2025-10-13T15:39:05.857+09:00 DEBUG 18196 --- [Shift Scheduler Demo] [           main] org.hibernate.SQL                        : delete from shift_assignments where id=?
Hibernate: delete from shift_assignments where id=?
2025-10-13T15:39:05.857+09:00 DEBUG 18196 --- [Shift Scheduler Demo] [           main] org.hibernate.SQL                        : delete from shift_assignments where id=?
Hibernate: delete from shift_assignments where id=?
2025-10-13T15:39:05.857+09:00 DEBUG 18196 --- [Shift Scheduler Demo] [           main] org.hibernate.SQL                        : delete from shift_assignments where id=?
Hibernate: delete from shift_assignments where id=?
2025-10-13T15:39:05.857+09:00 DEBUG 18196 --- [Shift Scheduler Demo] [           main] org.hibernate.SQL                        : delete from shift_assignments where id=?
Hibernate: delete from shift_assignments where id=?
2025-10-13T15:39:05.857+09:00 DEBUG 18196 --- [Shift Scheduler Demo] [           main] org.hibernate.SQL                        : delete from shift_assignments where id=?
Hibernate: delete from shift_assignments where id=?
2025-10-13T15:39:05.857+09:00 DEBUG 18196 --- [Shift Scheduler Demo] [           main] org.hibernate.SQL                        : delete from shift_assignments where id=?
Hibernate: delete from shift_assignments where id=?
2025-10-13T15:39:05.857+09:00 DEBUG 18196 --- [Shift Scheduler Demo] [           main] org.hibernate.SQL                        : delete from shift_assignments where id=?
Hibernate: delete from shift_assignments where id=?
2025-10-13T15:39:05.857+09:00 DEBUG 18196 --- [Shift Scheduler Demo] [           main] org.hibernate.SQL                        : delete from shift_assignments where id=?
Hibernate: delete from shift_assignments where id=?
2025-10-13T15:39:05.857+09:00 DEBUG 18196 --- [Shift Scheduler Demo] [           main] org.hibernate.SQL                        : delete from shift_assignments where id=?
Hibernate: delete from shift_assignments where id=?
2025-10-13T15:39:05.861+09:00 DEBUG 18196 --- [Shift Scheduler Demo] [           main] org.hibernate.SQL                        : delete from shift_assignments where id=?
Hibernate: delete from shift_assignments where id=?
2025-10-13T15:39:05.861+09:00 DEBUG 18196 --- [Shift Scheduler Demo] [           main] org.hibernate.SQL                        : delete from shift_assignments where id=?
Hibernate: delete from shift_assignments where id=?
2025-10-13T15:39:05.861+09:00 DEBUG 18196 --- [Shift Scheduler Demo] [           main] org.hibernate.SQL                        : delete from shift_assignments where id=?
Hibernate: delete from shift_assignments where id=?
2025-10-13T15:39:05.862+09:00 DEBUG 18196 --- [Shift Scheduler Demo] [           main] org.hibernate.SQL                        : delete from shift_assignments where id=?
Hibernate: delete from shift_assignments where id=?
2025-10-13T15:39:05.862+09:00 DEBUG 18196 --- [Shift Scheduler Demo] [           main] org.hibernate.SQL                        : delete from shift_assignments where id=?
Hibernate: delete from shift_assignments where id=?
2025-10-13T15:39:05.862+09:00 DEBUG 18196 --- [Shift Scheduler Demo] [           main] org.hibernate.SQL                        : delete from shift_assignments where id=?
Hibernate: delete from shift_assignments where id=?
2025-10-13T15:39:05.862+09:00 DEBUG 18196 --- [Shift Scheduler Demo] [           main] org.hibernate.SQL                        : delete from shift_assignments where id=?
Hibernate: delete from shift_assignments where id=?
2025-10-13T15:39:05.862+09:00 DEBUG 18196 --- [Shift Scheduler Demo] [           main] org.hibernate.SQL                        : delete from shift_assignments where id=?
Hibernate: delete from shift_assignments where id=?
2025-10-13T15:39:05.864+09:00 DEBUG 18196 --- [Shift Scheduler Demo] [           main] org.hibernate.SQL                        : delete from shift_assignments where id=?
Hibernate: delete from shift_assignments where id=?
2025-10-13T15:39:05.864+09:00 DEBUG 18196 --- [Shift Scheduler Demo] [           main] org.hibernate.SQL                        : delete from shift_assignments where id=?
Hibernate: delete from shift_assignments where id=?
2025-10-13T15:39:05.864+09:00 DEBUG 18196 --- [Shift Scheduler Demo] [           main] org.hibernate.SQL                        : delete from shift_assignments where id=?
Hibernate: delete from shift_assignments where id=?
2025-10-13T15:39:05.864+09:00 DEBUG 18196 --- [Shift Scheduler Demo] [           main] org.hibernate.SQL                        : delete from shift_assignments where id=?
Hibernate: delete from shift_assignments where id=?
2025-10-13T15:39:05.864+09:00 DEBUG 18196 --- [Shift Scheduler Demo] [           main] org.hibernate.SQL                        : delete from shift_assignments where id=?
Hibernate: delete from shift_assignments where id=?
2025-10-13T15:39:05.865+09:00 DEBUG 18196 --- [Shift Scheduler Demo] [           main] org.hibernate.SQL                        : delete from shift_assignments where id=?
Hibernate: delete from shift_assignments where id=?
2025-10-13T15:39:05.865+09:00 DEBUG 18196 --- [Shift Scheduler Demo] [           main] org.hibernate.SQL                        : delete from shift_assignments where id=?
Hibernate: delete from shift_assignments where id=?
2025-10-13T15:39:05.865+09:00 DEBUG 18196 --- [Shift Scheduler Demo] [           main] org.hibernate.SQL                        : delete from shift_assignments where id=?
Hibernate: delete from shift_assignments where id=?
2025-10-13T15:39:05.866+09:00 DEBUG 18196 --- [Shift Scheduler Demo] [           main] org.hibernate.SQL                        : delete from shift_assignments where id=?
Hibernate: delete from shift_assignments where id=?
2025-10-13T15:39:05.866+09:00 DEBUG 18196 --- [Shift Scheduler Demo] [           main] org.hibernate.SQL                        : delete from shift_assignments where id=?
Hibernate: delete from shift_assignments where id=?
2025-10-13T15:39:05.866+09:00 DEBUG 18196 --- [Shift Scheduler Demo] [           main] org.hibernate.SQL                        : delete from shift_assignments where id=?
Hibernate: delete from shift_assignments where id=?
2025-10-13T15:39:05.867+09:00 DEBUG 18196 --- [Shift Scheduler Demo] [           main] org.hibernate.SQL                        : delete from shift_assignments where id=?
Hibernate: delete from shift_assignments where id=?
2025-10-13T15:39:05.867+09:00 DEBUG 18196 --- [Shift Scheduler Demo] [           main] org.hibernate.SQL                        : delete from shift_assignments where id=?
Hibernate: delete from shift_assignments where id=?
2025-10-13T15:39:05.867+09:00 DEBUG 18196 --- [Shift Scheduler Demo] [           main] org.hibernate.SQL                        : delete from shift_assignments where id=?
Hibernate: delete from shift_assignments where id=?
2025-10-13T15:39:05.867+09:00 DEBUG 18196 --- [Shift Scheduler Demo] [           main] org.hibernate.SQL                        : delete from shift_assignments where id=?
Hibernate: delete from shift_assignments where id=?
2025-10-13T15:39:05.868+09:00 DEBUG 18196 --- [Shift Scheduler Demo] [           main] org.hibernate.SQL                        : delete from shift_assignments where id=?
Hibernate: delete from shift_assignments where id=?
2025-10-13T15:39:05.868+09:00 DEBUG 18196 --- [Shift Scheduler Demo] [           main] org.hibernate.SQL                        : delete from shift_assignments where id=?
Hibernate: delete from shift_assignments where id=?
2025-10-13T15:39:05.868+09:00 DEBUG 18196 --- [Shift Scheduler Demo] [           main] org.hibernate.SQL                        : delete from shift_assignments where id=?
Hibernate: delete from shift_assignments where id=?
2025-10-13T15:39:05.868+09:00 DEBUG 18196 --- [Shift Scheduler Demo] [           main] org.hibernate.SQL                        : delete from shift_assignments where id=?
Hibernate: delete from shift_assignments where id=?
2025-10-13T15:39:05.869+09:00 DEBUG 18196 --- [Shift Scheduler Demo] [           main] org.hibernate.SQL                        : delete from shift_assignments where id=?
Hibernate: delete from shift_assignments where id=?
2025-10-13T15:39:05.869+09:00 DEBUG 18196 --- [Shift Scheduler Demo] [           main] org.hibernate.SQL                        : delete from shift_assignments where id=?
Hibernate: delete from shift_assignments where id=?
2025-10-13T15:39:05.869+09:00 DEBUG 18196 --- [Shift Scheduler Demo] [           main] org.hibernate.SQL                        : delete from shift_assignments where id=?
Hibernate: delete from shift_assignments where id=?
2025-10-13T15:39:05.869+09:00 DEBUG 18196 --- [Shift Scheduler Demo] [           main] org.hibernate.SQL                        : delete from shift_assignments where id=?
Hibernate: delete from shift_assignments where id=?
2025-10-13T15:39:05.870+09:00 DEBUG 18196 --- [Shift Scheduler Demo] [           main] org.hibernate.SQL                        : delete from shift_assignments where id=?
Hibernate: delete from shift_assignments where id=?
2025-10-13T15:39:05.870+09:00 DEBUG 18196 --- [Shift Scheduler Demo] [           main] org.hibernate.SQL                        : delete from shift_assignments where id=?
Hibernate: delete from shift_assignments where id=?
2025-10-13T15:39:05.870+09:00 DEBUG 18196 --- [Shift Scheduler Demo] [           main] org.hibernate.SQL                        : delete from shift_assignments where id=?
Hibernate: delete from shift_assignments where id=?
2025-10-13T15:39:05.870+09:00 DEBUG 18196 --- [Shift Scheduler Demo] [           main] org.hibernate.SQL                        : delete from shift_assignments where id=?
Hibernate: delete from shift_assignments where id=?
2025-10-13T15:39:05.870+09:00 DEBUG 18196 --- [Shift Scheduler Demo] [           main] org.hibernate.SQL                        : delete from shift_assignments where id=?
Hibernate: delete from shift_assignments where id=?
2025-10-13T15:39:05.871+09:00 DEBUG 18196 --- [Shift Scheduler Demo] [           main] org.hibernate.SQL                        : delete from shift_assignments where id=?
Hibernate: delete from shift_assignments where id=?
2025-10-13T15:39:05.871+09:00 DEBUG 18196 --- [Shift Scheduler Demo] [           main] org.hibernate.SQL                        : delete from shift_assignments where id=?
Hibernate: delete from shift_assignments where id=?
2025-10-13T15:39:05.871+09:00 DEBUG 18196 --- [Shift Scheduler Demo] [           main] org.hibernate.SQL                        : delete from shift_assignments where id=?
Hibernate: delete from shift_assignments where id=?
2025-10-13T15:39:05.872+09:00 DEBUG 18196 --- [Shift Scheduler Demo] [           main] org.hibernate.SQL                        : delete from shift_assignments where id=?
Hibernate: delete from shift_assignments where id=?
2025-10-13T15:39:05.872+09:00 DEBUG 18196 --- [Shift Scheduler Demo] [           main] org.hibernate.SQL                        : delete from shift_assignments where id=?
Hibernate: delete from shift_assignments where id=?
2025-10-13T15:39:05.872+09:00 DEBUG 18196 --- [Shift Scheduler Demo] [           main] org.hibernate.SQL                        : delete from shift_assignments where id=?
Hibernate: delete from shift_assignments where id=?
2025-10-13T15:39:05.872+09:00 DEBUG 18196 --- [Shift Scheduler Demo] [           main] org.hibernate.SQL                        : delete from shift_assignments where id=?
Hibernate: delete from shift_assignments where id=?
2025-10-13T15:39:05.873+09:00 DEBUG 18196 --- [Shift Scheduler Demo] [           main] org.hibernate.SQL                        : delete from shift_assignments where id=?
Hibernate: delete from shift_assignments where id=?
2025-10-13T15:39:05.873+09:00 DEBUG 18196 --- [Shift Scheduler Demo] [           main] org.hibernate.SQL                        : delete from shift_assignments where id=?
Hibernate: delete from shift_assignments where id=?
2025-10-13T15:39:05.873+09:00 DEBUG 18196 --- [Shift Scheduler Demo] [           main] org.hibernate.SQL                        : delete from shift_assignments where id=?
Hibernate: delete from shift_assignments where id=?
2025-10-13T15:39:05.873+09:00 DEBUG 18196 --- [Shift Scheduler Demo] [           main] org.hibernate.SQL                        : delete from shift_assignments where id=?
Hibernate: delete from shift_assignments where id=?
2025-10-13T15:39:05.873+09:00 DEBUG 18196 --- [Shift Scheduler Demo] [           main] org.hibernate.SQL                        : delete from shift_assignments where id=?
Hibernate: delete from shift_assignments where id=?
2025-10-13T15:39:05.873+09:00 DEBUG 18196 --- [Shift Scheduler Demo] [           main] org.hibernate.SQL                        : delete from shift_assignments where id=?
Hibernate: delete from shift_assignments where id=?
2025-10-13T15:39:05.873+09:00 DEBUG 18196 --- [Shift Scheduler Demo] [           main] org.hibernate.SQL                        : delete from shift_assignments where id=?
Hibernate: delete from shift_assignments where id=?
2025-10-13T15:39:05.873+09:00 DEBUG 18196 --- [Shift Scheduler Demo] [           main] org.hibernate.SQL                        : delete from shift_assignments where id=?
Hibernate: delete from shift_assignments where id=?
2025-10-13T15:39:05.873+09:00 DEBUG 18196 --- [Shift Scheduler Demo] [           main] org.hibernate.SQL                        : delete from shift_assignments where id=?
Hibernate: delete from shift_assignments where id=?
2025-10-13T15:39:05.873+09:00 DEBUG 18196 --- [Shift Scheduler Demo] [           main] org.hibernate.SQL                        : delete from shift_assignments where id=?
Hibernate: delete from shift_assignments where id=?
2025-10-13T15:39:05.873+09:00 DEBUG 18196 --- [Shift Scheduler Demo] [           main] org.hibernate.SQL                        : delete from shift_assignments where id=?
Hibernate: delete from shift_assignments where id=?
2025-10-13T15:39:05.873+09:00 DEBUG 18196 --- [Shift Scheduler Demo] [           main] org.hibernate.SQL                        : delete from shift_assignments where id=?
Hibernate: delete from shift_assignments where id=?
2025-10-13T15:39:05.873+09:00 DEBUG 18196 --- [Shift Scheduler Demo] [           main] org.hibernate.SQL                        : delete from shift_assignments where id=?
Hibernate: delete from shift_assignments where id=?
2025-10-13T15:39:05.873+09:00 DEBUG 18196 --- [Shift Scheduler Demo] [           main] org.hibernate.SQL                        : delete from shift_assignments where id=?
Hibernate: delete from shift_assignments where id=?
2025-10-13T15:39:05.873+09:00 DEBUG 18196 --- [Shift Scheduler Demo] [           main] org.hibernate.SQL                        : delete from shift_assignments where id=?
Hibernate: delete from shift_assignments where id=?
2025-10-13T15:39:05.873+09:00 DEBUG 18196 --- [Shift Scheduler Demo] [           main] org.hibernate.SQL                        : delete from shift_assignments where id=?
Hibernate: delete from shift_assignments where id=?
2025-10-13T15:39:05.873+09:00 DEBUG 18196 --- [Shift Scheduler Demo] [           main] org.hibernate.SQL                        : delete from shift_assignments where id=?
Hibernate: delete from shift_assignments where id=?
2025-10-13T15:39:05.879+09:00 DEBUG 18196 --- [Shift Scheduler Demo] [           main] org.hibernate.SQL                        : delete from shift_assignments where id=?
Hibernate: delete from shift_assignments where id=?
2025-10-13T15:39:05.879+09:00 DEBUG 18196 --- [Shift Scheduler Demo] [           main] org.hibernate.SQL                        : delete from shift_assignments where id=?
Hibernate: delete from shift_assignments where id=?
2025-10-13T15:39:05.879+09:00 DEBUG 18196 --- [Shift Scheduler Demo] [           main] org.hibernate.SQL                        : delete from shift_assignments where id=?
Hibernate: delete from shift_assignments where id=?
2025-10-13T15:39:05.879+09:00 DEBUG 18196 --- [Shift Scheduler Demo] [           main] org.hibernate.SQL                        : delete from shift_assignments where id=?
Hibernate: delete from shift_assignments where id=?
2025-10-13T15:39:05.880+09:00 DEBUG 18196 --- [Shift Scheduler Demo] [           main] org.hibernate.SQL                        : delete from shift_assignments where id=?
Hibernate: delete from shift_assignments where id=?
2025-10-13T15:39:05.880+09:00 DEBUG 18196 --- [Shift Scheduler Demo] [           main] org.hibernate.SQL                        : delete from shift_assignments where id=?
Hibernate: delete from shift_assignments where id=?
2025-10-13T15:39:05.880+09:00 DEBUG 18196 --- [Shift Scheduler Demo] [           main] org.hibernate.SQL                        : delete from shift_assignments where id=?
Hibernate: delete from shift_assignments where id=?
2025-10-13T15:39:05.880+09:00 DEBUG 18196 --- [Shift Scheduler Demo] [           main] org.hibernate.SQL                        : delete from shift_assignments where id=?
Hibernate: delete from shift_assignments where id=?
2025-10-13T15:39:05.880+09:00 DEBUG 18196 --- [Shift Scheduler Demo] [           main] org.hibernate.SQL                        : delete from shift_assignments where id=?
Hibernate: delete from shift_assignments where id=?
2025-10-13T15:39:05.880+09:00 DEBUG 18196 --- [Shift Scheduler Demo] [           main] org.hibernate.SQL                        : delete from shift_assignments where id=?
Hibernate: delete from shift_assignments where id=?
2025-10-13T15:39:05.881+09:00 DEBUG 18196 --- [Shift Scheduler Demo] [           main] org.hibernate.SQL                        : delete from shift_assignments where id=?
Hibernate: delete from shift_assignments where id=?
2025-10-13T15:39:05.881+09:00 DEBUG 18196 --- [Shift Scheduler Demo] [           main] org.hibernate.SQL                        : delete from shift_assignments where id=?
Hibernate: delete from shift_assignments where id=?
2025-10-13T15:39:05.881+09:00 DEBUG 18196 --- [Shift Scheduler Demo] [           main] org.hibernate.SQL                        : delete from shift_assignments where id=?
Hibernate: delete from shift_assignments where id=?
2025-10-13T15:39:05.881+09:00 DEBUG 18196 --- [Shift Scheduler Demo] [           main] org.hibernate.SQL                        : delete from shift_assignments where id=?
Hibernate: delete from shift_assignments where id=?
2025-10-13T15:39:05.881+09:00 DEBUG 18196 --- [Shift Scheduler Demo] [           main] org.hibernate.SQL                        : delete from shift_assignments where id=?
Hibernate: delete from shift_assignments where id=?
2025-10-13T15:39:05.882+09:00 DEBUG 18196 --- [Shift Scheduler Demo] [           main] org.hibernate.SQL                        : delete from shift_assignments where id=?
Hibernate: delete from shift_assignments where id=?
2025-10-13T15:39:05.882+09:00 DEBUG 18196 --- [Shift Scheduler Demo] [           main] org.hibernate.SQL                        : delete from shift_assignments where id=?
Hibernate: delete from shift_assignments where id=?
2025-10-13T15:39:05.882+09:00 DEBUG 18196 --- [Shift Scheduler Demo] [           main] org.hibernate.SQL                        : delete from shift_assignments where id=?
Hibernate: delete from shift_assignments where id=?
2025-10-13T15:39:05.882+09:00 DEBUG 18196 --- [Shift Scheduler Demo] [           main] org.hibernate.SQL                        : delete from shift_assignments where id=?
Hibernate: delete from shift_assignments where id=?
2025-10-13T15:39:05.882+09:00 DEBUG 18196 --- [Shift Scheduler Demo] [           main] org.hibernate.SQL                        : delete from shift_assignments where id=?
Hibernate: delete from shift_assignments where id=?
2025-10-13T15:39:05.883+09:00 DEBUG 18196 --- [Shift Scheduler Demo] [           main] org.hibernate.SQL                        : delete from shift_assignments where id=?
Hibernate: delete from shift_assignments where id=?
2025-10-13T15:39:05.883+09:00 DEBUG 18196 --- [Shift Scheduler Demo] [           main] org.hibernate.SQL                        : delete from shift_assignments where id=?
Hibernate: delete from shift_assignments where id=?
2025-10-13T15:39:05.884+09:00 DEBUG 18196 --- [Shift Scheduler Demo] [           main] org.hibernate.SQL                        : delete from shift_assignments where id=?
Hibernate: delete from shift_assignments where id=?
2025-10-13T15:39:05.884+09:00 DEBUG 18196 --- [Shift Scheduler Demo] [           main] org.hibernate.SQL                        : delete from shift_assignments where id=?
Hibernate: delete from shift_assignments where id=?
2025-10-13T15:39:05.884+09:00 DEBUG 18196 --- [Shift Scheduler Demo] [           main] org.hibernate.SQL                        : delete from shift_assignments where id=?
Hibernate: delete from shift_assignments where id=?
2025-10-13T15:39:05.884+09:00 DEBUG 18196 --- [Shift Scheduler Demo] [           main] org.hibernate.SQL                        : delete from shift_assignments where id=?
Hibernate: delete from shift_assignments where id=?
2025-10-13T15:39:05.885+09:00 DEBUG 18196 --- [Shift Scheduler Demo] [           main] org.hibernate.SQL                        : delete from shift_assignments where id=?
Hibernate: delete from shift_assignments where id=?
2025-10-13T15:39:05.885+09:00 DEBUG 18196 --- [Shift Scheduler Demo] [           main] org.hibernate.SQL                        : delete from shift_assignments where id=?
Hibernate: delete from shift_assignments where id=?
2025-10-13T15:39:05.885+09:00 DEBUG 18196 --- [Shift Scheduler Demo] [           main] org.hibernate.SQL                        : delete from shift_assignments where id=?
Hibernate: delete from shift_assignments where id=?
2025-10-13T15:39:05.886+09:00 DEBUG 18196 --- [Shift Scheduler Demo] [           main] org.hibernate.SQL                        : delete from shift_assignments where id=?
Hibernate: delete from shift_assignments where id=?
2025-10-13T15:39:05.886+09:00 DEBUG 18196 --- [Shift Scheduler Demo] [           main] org.hibernate.SQL                        : delete from shift_assignments where id=?
Hibernate: delete from shift_assignments where id=?
2025-10-13T15:39:05.886+09:00 DEBUG 18196 --- [Shift Scheduler Demo] [           main] org.hibernate.SQL                        : delete from shift_assignments where id=?
Hibernate: delete from shift_assignments where id=?
2025-10-13T15:39:05.886+09:00 DEBUG 18196 --- [Shift Scheduler Demo] [           main] org.hibernate.SQL                        : delete from shift_assignments where id=?
Hibernate: delete from shift_assignments where id=?
2025-10-13T15:39:05.887+09:00 DEBUG 18196 --- [Shift Scheduler Demo] [           main] org.hibernate.SQL                        : delete from shift_assignments where id=?
Hibernate: delete from shift_assignments where id=?
2025-10-13T15:39:05.887+09:00 DEBUG 18196 --- [Shift Scheduler Demo] [           main] org.hibernate.SQL                        : delete from shift_assignments where id=?
Hibernate: delete from shift_assignments where id=?
2025-10-13T15:39:05.887+09:00 DEBUG 18196 --- [Shift Scheduler Demo] [           main] org.hibernate.SQL                        : delete from shift_assignments where id=?
Hibernate: delete from shift_assignments where id=?
2025-10-13T15:39:05.887+09:00 DEBUG 18196 --- [Shift Scheduler Demo] [           main] org.hibernate.SQL                        : delete from shift_assignments where id=?
Hibernate: delete from shift_assignments where id=?
2025-10-13T15:39:05.888+09:00 DEBUG 18196 --- [Shift Scheduler Demo] [           main] org.hibernate.SQL                        : delete from shift_assignments where id=?
Hibernate: delete from shift_assignments where id=?
2025-10-13T15:39:05.888+09:00 DEBUG 18196 --- [Shift Scheduler Demo] [           main] org.hibernate.SQL                        : delete from shift_assignments where id=?
Hibernate: delete from shift_assignments where id=?
2025-10-13T15:39:05.888+09:00 DEBUG 18196 --- [Shift Scheduler Demo] [           main] org.hibernate.SQL                        : delete from shift_assignments where id=?
Hibernate: delete from shift_assignments where id=?
2025-10-13T15:39:05.888+09:00 DEBUG 18196 --- [Shift Scheduler Demo] [           main] org.hibernate.SQL                        : delete from shift_assignments where id=?
Hibernate: delete from shift_assignments where id=?
2025-10-13T15:39:05.888+09:00 DEBUG 18196 --- [Shift Scheduler Demo] [           main] org.hibernate.SQL                        : delete from shift_assignments where id=?
Hibernate: delete from shift_assignments where id=?
2025-10-13T15:39:05.888+09:00 DEBUG 18196 --- [Shift Scheduler Demo] [           main] org.hibernate.SQL                        : delete from shift_assignments where id=?
Hibernate: delete from shift_assignments where id=?
2025-10-13T15:39:05.888+09:00 DEBUG 18196 --- [Shift Scheduler Demo] [           main] org.hibernate.SQL                        : delete from shift_assignments where id=?
Hibernate: delete from shift_assignments where id=?
2025-10-13T15:39:05.890+09:00 DEBUG 18196 --- [Shift Scheduler Demo] [           main] org.hibernate.SQL                        : delete from shift_assignments where id=?
Hibernate: delete from shift_assignments where id=?
2025-10-13T15:39:05.890+09:00 DEBUG 18196 --- [Shift Scheduler Demo] [           main] org.hibernate.SQL                        : delete from shift_assignments where id=?
Hibernate: delete from shift_assignments where id=?
2025-10-13T15:39:05.890+09:00 DEBUG 18196 --- [Shift Scheduler Demo] [           main] org.hibernate.SQL                        : delete from shift_assignments where id=?
Hibernate: delete from shift_assignments where id=?
2025-10-13T15:39:05.890+09:00 DEBUG 18196 --- [Shift Scheduler Demo] [           main] org.hibernate.SQL                        : delete from shift_assignments where id=?
Hibernate: delete from shift_assignments where id=?
2025-10-13T15:39:05.890+09:00 DEBUG 18196 --- [Shift Scheduler Demo] [           main] org.hibernate.SQL                        : delete from shift_assignments where id=?
Hibernate: delete from shift_assignments where id=?
2025-10-13T15:39:05.890+09:00 DEBUG 18196 --- [Shift Scheduler Demo] [           main] org.hibernate.SQL                        : delete from shift_assignments where id=?
Hibernate: delete from shift_assignments where id=?
2025-10-13T15:39:05.890+09:00 DEBUG 18196 --- [Shift Scheduler Demo] [           main] org.hibernate.SQL                        : delete from shift_assignments where id=?
Hibernate: delete from shift_assignments where id=?
2025-10-13T15:39:05.890+09:00 DEBUG 18196 --- [Shift Scheduler Demo] [           main] org.hibernate.SQL                        : delete from shift_assignments where id=?
Hibernate: delete from shift_assignments where id=?
2025-10-13T15:39:05.890+09:00 DEBUG 18196 --- [Shift Scheduler Demo] [           main] org.hibernate.SQL                        : delete from shift_assignments where id=?
Hibernate: delete from shift_assignments where id=?
2025-10-13T15:39:05.893+09:00 DEBUG 18196 --- [Shift Scheduler Demo] [           main] org.hibernate.SQL                        : delete from shift_assignments where id=?
Hibernate: delete from shift_assignments where id=?
2025-10-13T15:39:05.893+09:00 DEBUG 18196 --- [Shift Scheduler Demo] [           main] org.hibernate.SQL                        : delete from shift_assignments where id=?
Hibernate: delete from shift_assignments where id=?
2025-10-13T15:39:05.895+09:00 DEBUG 18196 --- [Shift Scheduler Demo] [           main] org.hibernate.SQL                        : delete from shift_assignments where id=?
Hibernate: delete from shift_assignments where id=?
2025-10-13T15:39:05.897+09:00 DEBUG 18196 --- [Shift Scheduler Demo] [           main] org.hibernate.SQL                        : delete from shift_assignments where id=?
Hibernate: delete from shift_assignments where id=?
2025-10-13T15:39:05.901+09:00 DEBUG 18196 --- [Shift Scheduler Demo] [           main] org.hibernate.SQL                        : delete from shift_assignments where id=?
Hibernate: delete from shift_assignments where id=?
2025-10-13T15:39:05.902+09:00 DEBUG 18196 --- [Shift Scheduler Demo] [           main] org.hibernate.SQL                        : delete from shift_assignments where id=?
Hibernate: delete from shift_assignments where id=?
2025-10-13T15:39:05.903+09:00 DEBUG 18196 --- [Shift Scheduler Demo] [           main] org.hibernate.SQL                        : delete from shift_assignments where id=?
Hibernate: delete from shift_assignments where id=?
2025-10-13T15:39:05.904+09:00 DEBUG 18196 --- [Shift Scheduler Demo] [           main] org.hibernate.SQL                        : delete from shift_assignments where id=?
Hibernate: delete from shift_assignments where id=?
2025-10-13T15:39:05.907+09:00 DEBUG 18196 --- [Shift Scheduler Demo] [           main] org.hibernate.SQL                        : delete from shift_assignments where id=?
Hibernate: delete from shift_assignments where id=?
2025-10-13T15:39:05.909+09:00 DEBUG 18196 --- [Shift Scheduler Demo] [           main] org.hibernate.SQL                        : delete from shift_assignments where id=?
Hibernate: delete from shift_assignments where id=?
2025-10-13T15:39:05.911+09:00 DEBUG 18196 --- [Shift Scheduler Demo] [           main] org.hibernate.SQL                        : delete from shift_assignments where id=?
Hibernate: delete from shift_assignments where id=?
2025-10-13T15:39:05.911+09:00 DEBUG 18196 --- [Shift Scheduler Demo] [           main] org.hibernate.SQL                        : delete from shift_assignments where id=?
Hibernate: delete from shift_assignments where id=?
2025-10-13T15:39:05.911+09:00 DEBUG 18196 --- [Shift Scheduler Demo] [           main] org.hibernate.SQL                        : delete from shift_assignments where id=?
Hibernate: delete from shift_assignments where id=?
2025-10-13T15:39:05.911+09:00 DEBUG 18196 --- [Shift Scheduler Demo] [           main] org.hibernate.SQL                        : delete from shift_assignments where id=?
Hibernate: delete from shift_assignments where id=?
2025-10-13T15:39:05.911+09:00 DEBUG 18196 --- [Shift Scheduler Demo] [           main] org.hibernate.SQL                        : delete from shift_assignments where id=?
Hibernate: delete from shift_assignments where id=?
2025-10-13T15:39:05.911+09:00 DEBUG 18196 --- [Shift Scheduler Demo] [           main] org.hibernate.SQL                        : delete from shift_assignments where id=?
Hibernate: delete from shift_assignments where id=?
2025-10-13T15:39:05.913+09:00 DEBUG 18196 --- [Shift Scheduler Demo] [           main] org.hibernate.SQL                        : delete from shift_assignments where id=?
Hibernate: delete from shift_assignments where id=?
2025-10-13T15:39:05.913+09:00 DEBUG 18196 --- [Shift Scheduler Demo] [           main] org.hibernate.SQL                        : delete from shift_assignments where id=?
Hibernate: delete from shift_assignments where id=?
2025-10-13T15:39:05.913+09:00 DEBUG 18196 --- [Shift Scheduler Demo] [           main] org.hibernate.SQL                        : delete from shift_assignments where id=?
Hibernate: delete from shift_assignments where id=?
2025-10-13T15:39:05.914+09:00 DEBUG 18196 --- [Shift Scheduler Demo] [           main] org.hibernate.SQL                        : delete from shift_assignments where id=?
Hibernate: delete from shift_assignments where id=?
2025-10-13T15:39:05.914+09:00 DEBUG 18196 --- [Shift Scheduler Demo] [           main] org.hibernate.SQL                        : delete from shift_assignments where id=?
Hibernate: delete from shift_assignments where id=?
2025-10-13T15:39:05.914+09:00 DEBUG 18196 --- [Shift Scheduler Demo] [           main] org.hibernate.SQL                        : delete from shift_assignments where id=?
Hibernate: delete from shift_assignments where id=?
2025-10-13T15:39:05.915+09:00 DEBUG 18196 --- [Shift Scheduler Demo] [           main] org.hibernate.SQL                        : delete from shift_assignments where id=?
Hibernate: delete from shift_assignments where id=?
2025-10-13T15:39:05.915+09:00 DEBUG 18196 --- [Shift Scheduler Demo] [           main] org.hibernate.SQL                        : delete from shift_assignments where id=?
Hibernate: delete from shift_assignments where id=?
2025-10-13T15:39:05.915+09:00 DEBUG 18196 --- [Shift Scheduler Demo] [           main] org.hibernate.SQL                        : delete from shift_assignments where id=?
Hibernate: delete from shift_assignments where id=?
2025-10-13T15:39:05.915+09:00 DEBUG 18196 --- [Shift Scheduler Demo] [           main] org.hibernate.SQL                        : delete from shift_assignments where id=?
Hibernate: delete from shift_assignments where id=?
2025-10-13T15:39:05.916+09:00 DEBUG 18196 --- [Shift Scheduler Demo] [           main] org.hibernate.SQL                        : delete from shift_assignments where id=?
Hibernate: delete from shift_assignments where id=?
2025-10-13T15:39:05.916+09:00 DEBUG 18196 --- [Shift Scheduler Demo] [           main] org.hibernate.SQL                        : delete from shift_assignments where id=?
Hibernate: delete from shift_assignments where id=?
2025-10-13T15:39:05.916+09:00 DEBUG 18196 --- [Shift Scheduler Demo] [           main] org.hibernate.SQL                        : delete from shift_assignments where id=?
Hibernate: delete from shift_assignments where id=?
2025-10-13T15:39:05.916+09:00 DEBUG 18196 --- [Shift Scheduler Demo] [           main] org.hibernate.SQL                        : delete from shift_assignments where id=?
Hibernate: delete from shift_assignments where id=?
2025-10-13T15:39:05.917+09:00 DEBUG 18196 --- [Shift Scheduler Demo] [           main] org.hibernate.SQL                        : delete from shift_assignments where id=?
Hibernate: delete from shift_assignments where id=?
2025-10-13T15:39:05.917+09:00 DEBUG 18196 --- [Shift Scheduler Demo] [           main] org.hibernate.SQL                        : delete from shift_assignments where id=?
Hibernate: delete from shift_assignments where id=?
2025-10-13T15:39:05.917+09:00 DEBUG 18196 --- [Shift Scheduler Demo] [           main] org.hibernate.SQL                        : delete from shift_assignments where id=?
Hibernate: delete from shift_assignments where id=?
2025-10-13T15:39:05.917+09:00 DEBUG 18196 --- [Shift Scheduler Demo] [           main] org.hibernate.SQL                        : delete from shift_assignments where id=?
Hibernate: delete from shift_assignments where id=?
2025-10-13T15:39:05.918+09:00 DEBUG 18196 --- [Shift Scheduler Demo] [           main] org.hibernate.SQL                        : delete from shift_assignments where id=?
Hibernate: delete from shift_assignments where id=?
2025-10-13T15:39:05.918+09:00 DEBUG 18196 --- [Shift Scheduler Demo] [           main] org.hibernate.SQL                        : delete from shift_assignments where id=?
Hibernate: delete from shift_assignments where id=?
2025-10-13T15:39:05.918+09:00 DEBUG 18196 --- [Shift Scheduler Demo] [           main] org.hibernate.SQL                        : delete from shift_assignments where id=?
Hibernate: delete from shift_assignments where id=?
2025-10-13T15:39:05.919+09:00 DEBUG 18196 --- [Shift Scheduler Demo] [           main] org.hibernate.SQL                        : delete from shift_assignments where id=?
Hibernate: delete from shift_assignments where id=?
2025-10-13T15:39:05.919+09:00 DEBUG 18196 --- [Shift Scheduler Demo] [           main] org.hibernate.SQL                        : delete from shift_assignments where id=?
Hibernate: delete from shift_assignments where id=?
2025-10-13T15:39:05.919+09:00 DEBUG 18196 --- [Shift Scheduler Demo] [           main] org.hibernate.SQL                        : delete from shift_assignments where id=?
Hibernate: delete from shift_assignments where id=?
2025-10-13T15:39:05.919+09:00 DEBUG 18196 --- [Shift Scheduler Demo] [           main] org.hibernate.SQL                        : delete from shift_assignments where id=?
Hibernate: delete from shift_assignments where id=?
2025-10-13T15:39:05.920+09:00 DEBUG 18196 --- [Shift Scheduler Demo] [           main] org.hibernate.SQL                        : delete from shift_assignments where id=?
Hibernate: delete from shift_assignments where id=?
2025-10-13T15:39:05.920+09:00 DEBUG 18196 --- [Shift Scheduler Demo] [           main] org.hibernate.SQL                        : delete from shift_assignments where id=?
Hibernate: delete from shift_assignments where id=?
2025-10-13T15:39:05.920+09:00 DEBUG 18196 --- [Shift Scheduler Demo] [           main] org.hibernate.SQL                        : delete from shift_assignments where id=?
Hibernate: delete from shift_assignments where id=?
2025-10-13T15:39:05.920+09:00 DEBUG 18196 --- [Shift Scheduler Demo] [           main] org.hibernate.SQL                        : delete from shift_assignments where id=?
Hibernate: delete from shift_assignments where id=?
2025-10-13T15:39:05.921+09:00 DEBUG 18196 --- [Shift Scheduler Demo] [           main] org.hibernate.SQL                        : delete from shift_assignments where id=?
Hibernate: delete from shift_assignments where id=?
2025-10-13T15:39:05.921+09:00 DEBUG 18196 --- [Shift Scheduler Demo] [           main] org.hibernate.SQL                        : delete from shift_assignments where id=?
Hibernate: delete from shift_assignments where id=?
2025-10-13T15:39:05.921+09:00 DEBUG 18196 --- [Shift Scheduler Demo] [           main] org.hibernate.SQL                        : delete from shift_assignments where id=?
Hibernate: delete from shift_assignments where id=?
2025-10-13T15:39:05.922+09:00 DEBUG 18196 --- [Shift Scheduler Demo] [           main] org.hibernate.SQL                        : delete from shift_assignments where id=?
Hibernate: delete from shift_assignments where id=?
2025-10-13T15:39:05.922+09:00 DEBUG 18196 --- [Shift Scheduler Demo] [           main] org.hibernate.SQL                        : delete from shift_assignments where id=?
Hibernate: delete from shift_assignments where id=?
2025-10-13T15:39:05.923+09:00 DEBUG 18196 --- [Shift Scheduler Demo] [           main] org.hibernate.SQL                        : delete from shift_assignments where id=?
Hibernate: delete from shift_assignments where id=?
2025-10-13T15:39:05.923+09:00 DEBUG 18196 --- [Shift Scheduler Demo] [           main] org.hibernate.SQL                        : delete from shift_assignments where id=?
Hibernate: delete from shift_assignments where id=?
2025-10-13T15:39:05.923+09:00 DEBUG 18196 --- [Shift Scheduler Demo] [           main] org.hibernate.SQL                        : delete from shift_assignments where id=?
Hibernate: delete from shift_assignments where id=?
2025-10-13T15:39:05.923+09:00 DEBUG 18196 --- [Shift Scheduler Demo] [           main] org.hibernate.SQL                        : delete from shift_assignments where id=?
Hibernate: delete from shift_assignments where id=?
2025-10-13T15:39:05.924+09:00 DEBUG 18196 --- [Shift Scheduler Demo] [           main] org.hibernate.SQL                        : delete from shift_assignments where id=?
Hibernate: delete from shift_assignments where id=?
2025-10-13T15:39:05.924+09:00 DEBUG 18196 --- [Shift Scheduler Demo] [           main] org.hibernate.SQL                        : delete from shift_assignments where id=?
Hibernate: delete from shift_assignments where id=?
2025-10-13T15:39:05.924+09:00 DEBUG 18196 --- [Shift Scheduler Demo] [           main] org.hibernate.SQL                        : delete from shift_assignments where id=?
Hibernate: delete from shift_assignments where id=?
2025-10-13T15:39:05.924+09:00 DEBUG 18196 --- [Shift Scheduler Demo] [           main] org.hibernate.SQL                        : delete from shift_assignments where id=?
Hibernate: delete from shift_assignments where id=?
2025-10-13T15:39:05.924+09:00 DEBUG 18196 --- [Shift Scheduler Demo] [           main] org.hibernate.SQL                        : delete from shift_assignments where id=?
Hibernate: delete from shift_assignments where id=?
2025-10-13T15:39:05.925+09:00 DEBUG 18196 --- [Shift Scheduler Demo] [           main] org.hibernate.SQL                        : delete from shift_assignments where id=?
Hibernate: delete from shift_assignments where id=?
2025-10-13T15:39:05.925+09:00 DEBUG 18196 --- [Shift Scheduler Demo] [           main] org.hibernate.SQL                        : delete from shift_assignments where id=?
Hibernate: delete from shift_assignments where id=?
2025-10-13T15:39:05.925+09:00 DEBUG 18196 --- [Shift Scheduler Demo] [           main] org.hibernate.SQL                        : delete from shift_assignments where id=?
Hibernate: delete from shift_assignments where id=?
2025-10-13T15:39:05.925+09:00 DEBUG 18196 --- [Shift Scheduler Demo] [           main] org.hibernate.SQL                        : delete from shift_assignments where id=?
Hibernate: delete from shift_assignments where id=?
2025-10-13T15:39:05.925+09:00 DEBUG 18196 --- [Shift Scheduler Demo] [           main] org.hibernate.SQL                        : delete from shift_assignments where id=?
Hibernate: delete from shift_assignments where id=?
2025-10-13T15:39:05.925+09:00 DEBUG 18196 --- [Shift Scheduler Demo] [           main] org.hibernate.SQL                        : delete from shift_assignments where id=?
Hibernate: delete from shift_assignments where id=?
2025-10-13T15:39:05.926+09:00 DEBUG 18196 --- [Shift Scheduler Demo] [           main] org.hibernate.SQL                        : delete from shift_assignments where id=?
Hibernate: delete from shift_assignments where id=?
2025-10-13T15:39:05.926+09:00 DEBUG 18196 --- [Shift Scheduler Demo] [           main] org.hibernate.SQL                        : delete from shift_assignments where id=?
Hibernate: delete from shift_assignments where id=?
2025-10-13T15:39:05.926+09:00 DEBUG 18196 --- [Shift Scheduler Demo] [           main] org.hibernate.SQL                        : delete from shift_assignments where id=?
Hibernate: delete from shift_assignments where id=?
2025-10-13T15:39:05.926+09:00 DEBUG 18196 --- [Shift Scheduler Demo] [           main] org.hibernate.SQL                        : delete from shift_assignments where id=?
Hibernate: delete from shift_assignments where id=?
2025-10-13T15:39:05.926+09:00 DEBUG 18196 --- [Shift Scheduler Demo] [           main] org.hibernate.SQL                        : delete from shift_assignments where id=?
Hibernate: delete from shift_assignments where id=?
2025-10-13T15:39:05.926+09:00 DEBUG 18196 --- [Shift Scheduler Demo] [           main] org.hibernate.SQL                        : delete from shift_assignments where id=?
Hibernate: delete from shift_assignments where id=?
2025-10-13T15:39:05.927+09:00 DEBUG 18196 --- [Shift Scheduler Demo] [           main] org.hibernate.SQL                        : delete from shift_assignments where id=?
Hibernate: delete from shift_assignments where id=?
2025-10-13T15:39:05.927+09:00 DEBUG 18196 --- [Shift Scheduler Demo] [           main] org.hibernate.SQL                        : delete from shift_assignments where id=?
Hibernate: delete from shift_assignments where id=?
2025-10-13T15:39:05.927+09:00 DEBUG 18196 --- [Shift Scheduler Demo] [           main] org.hibernate.SQL                        : delete from shift_assignments where id=?
Hibernate: delete from shift_assignments where id=?
2025-10-13T15:39:05.927+09:00 DEBUG 18196 --- [Shift Scheduler Demo] [           main] org.hibernate.SQL                        : delete from shift_assignments where id=?
Hibernate: delete from shift_assignments where id=?
2025-10-13T15:39:05.927+09:00 DEBUG 18196 --- [Shift Scheduler Demo] [           main] org.hibernate.SQL                        : delete from shift_assignments where id=?
Hibernate: delete from shift_assignments where id=?
2025-10-13T15:39:05.928+09:00 DEBUG 18196 --- [Shift Scheduler Demo] [           main] org.hibernate.SQL                        : delete from shift_assignments where id=?
Hibernate: delete from shift_assignments where id=?
2025-10-13T15:39:05.928+09:00 DEBUG 18196 --- [Shift Scheduler Demo] [           main] org.hibernate.SQL                        : delete from shift_assignments where id=?
Hibernate: delete from shift_assignments where id=?
2025-10-13T15:39:05.928+09:00 DEBUG 18196 --- [Shift Scheduler Demo] [           main] org.hibernate.SQL                        : delete from shift_assignments where id=?
Hibernate: delete from shift_assignments where id=?
2025-10-13T15:39:05.929+09:00 DEBUG 18196 --- [Shift Scheduler Demo] [           main] org.hibernate.SQL                        : delete from shift_assignments where id=?
Hibernate: delete from shift_assignments where id=?
2025-10-13T15:39:05.929+09:00 DEBUG 18196 --- [Shift Scheduler Demo] [           main] org.hibernate.SQL                        : delete from shift_assignments where id=?
Hibernate: delete from shift_assignments where id=?
2025-10-13T15:39:05.929+09:00 DEBUG 18196 --- [Shift Scheduler Demo] [           main] org.hibernate.SQL                        : delete from shift_assignments where id=?
Hibernate: delete from shift_assignments where id=?
2025-10-13T15:39:05.930+09:00 DEBUG 18196 --- [Shift Scheduler Demo] [           main] org.hibernate.SQL                        : delete from shift_assignments where id=?
Hibernate: delete from shift_assignments where id=?
2025-10-13T15:39:05.930+09:00 DEBUG 18196 --- [Shift Scheduler Demo] [           main] org.hibernate.SQL                        : delete from shift_assignments where id=?
Hibernate: delete from shift_assignments where id=?
2025-10-13T15:39:05.930+09:00 DEBUG 18196 --- [Shift Scheduler Demo] [           main] org.hibernate.SQL                        : delete from shift_assignments where id=?
Hibernate: delete from shift_assignments where id=?
2025-10-13T15:39:05.930+09:00 DEBUG 18196 --- [Shift Scheduler Demo] [           main] org.hibernate.SQL                        : delete from shift_assignments where id=?
Hibernate: delete from shift_assignments where id=?
2025-10-13T15:39:05.931+09:00 DEBUG 18196 --- [Shift Scheduler Demo] [           main] org.hibernate.SQL                        : delete from shift_assignments where id=?
Hibernate: delete from shift_assignments where id=?
2025-10-13T15:39:05.931+09:00 DEBUG 18196 --- [Shift Scheduler Demo] [           main] org.hibernate.SQL                        : delete from shift_assignments where id=?
Hibernate: delete from shift_assignments where id=?
2025-10-13T15:39:05.931+09:00 DEBUG 18196 --- [Shift Scheduler Demo] [           main] org.hibernate.SQL                        : delete from shift_assignments where id=?
Hibernate: delete from shift_assignments where id=?
2025-10-13T15:39:05.931+09:00 DEBUG 18196 --- [Shift Scheduler Demo] [           main] org.hibernate.SQL                        : delete from shift_assignments where id=?
Hibernate: delete from shift_assignments where id=?
2025-10-13T15:39:05.931+09:00 DEBUG 18196 --- [Shift Scheduler Demo] [           main] org.hibernate.SQL                        : delete from shift_assignments where id=?
Hibernate: delete from shift_assignments where id=?
2025-10-13T15:39:05.932+09:00 DEBUG 18196 --- [Shift Scheduler Demo] [           main] org.hibernate.SQL                        : delete from shift_assignments where id=?
Hibernate: delete from shift_assignments where id=?
2025-10-13T15:39:05.932+09:00 DEBUG 18196 --- [Shift Scheduler Demo] [           main] org.hibernate.SQL                        : delete from shift_assignments where id=?
Hibernate: delete from shift_assignments where id=?
2025-10-13T15:39:05.932+09:00 DEBUG 18196 --- [Shift Scheduler Demo] [           main] org.hibernate.SQL                        : delete from shift_assignments where id=?
Hibernate: delete from shift_assignments where id=?
2025-10-13T15:39:05.932+09:00 DEBUG 18196 --- [Shift Scheduler Demo] [           main] org.hibernate.SQL                        : delete from shift_assignments where id=?
Hibernate: delete from shift_assignments where id=?
2025-10-13T15:39:05.932+09:00 DEBUG 18196 --- [Shift Scheduler Demo] [           main] org.hibernate.SQL                        : delete from shift_assignments where id=?
Hibernate: delete from shift_assignments where id=?
2025-10-13T15:39:05.933+09:00 DEBUG 18196 --- [Shift Scheduler Demo] [           main] org.hibernate.SQL                        : delete from shift_assignments where id=?
Hibernate: delete from shift_assignments where id=?
2025-10-13T15:39:05.933+09:00 DEBUG 18196 --- [Shift Scheduler Demo] [           main] org.hibernate.SQL                        : delete from shift_assignments where id=?
Hibernate: delete from shift_assignments where id=?
2025-10-13T15:39:05.933+09:00 DEBUG 18196 --- [Shift Scheduler Demo] [           main] org.hibernate.SQL                        : delete from shift_assignments where id=?
Hibernate: delete from shift_assignments where id=?
2025-10-13T15:39:05.933+09:00 DEBUG 18196 --- [Shift Scheduler Demo] [           main] org.hibernate.SQL                        : delete from shift_assignments where id=?
Hibernate: delete from shift_assignments where id=?
2025-10-13T15:39:05.934+09:00 DEBUG 18196 --- [Shift Scheduler Demo] [           main] org.hibernate.SQL                        : delete from shift_assignments where id=?
Hibernate: delete from shift_assignments where id=?
2025-10-13T15:39:05.934+09:00 DEBUG 18196 --- [Shift Scheduler Demo] [           main] org.hibernate.SQL                        : delete from shift_assignments where id=?
Hibernate: delete from shift_assignments where id=?
2025-10-13T15:39:05.934+09:00 DEBUG 18196 --- [Shift Scheduler Demo] [           main] org.hibernate.SQL                        : delete from shift_assignments where id=?
Hibernate: delete from shift_assignments where id=?
2025-10-13T15:39:05.934+09:00 DEBUG 18196 --- [Shift Scheduler Demo] [           main] org.hibernate.SQL                        : delete from shift_assignments where id=?
Hibernate: delete from shift_assignments where id=?
2025-10-13T15:39:05.934+09:00 DEBUG 18196 --- [Shift Scheduler Demo] [           main] org.hibernate.SQL                        : delete from shift_assignments where id=?
Hibernate: delete from shift_assignments where id=?
2025-10-13T15:39:05.934+09:00 DEBUG 18196 --- [Shift Scheduler Demo] [           main] org.hibernate.SQL                        : delete from shift_assignments where id=?
Hibernate: delete from shift_assignments where id=?
2025-10-13T15:39:05.935+09:00 DEBUG 18196 --- [Shift Scheduler Demo] [           main] org.hibernate.SQL                        : delete from shift_assignments where id=?
Hibernate: delete from shift_assignments where id=?
2025-10-13T15:39:05.935+09:00 DEBUG 18196 --- [Shift Scheduler Demo] [           main] org.hibernate.SQL                        : delete from shift_assignments where id=?
Hibernate: delete from shift_assignments where id=?
2025-10-13T15:39:05.935+09:00 DEBUG 18196 --- [Shift Scheduler Demo] [           main] org.hibernate.SQL                        : delete from shift_assignments where id=?
Hibernate: delete from shift_assignments where id=?
2025-10-13T15:39:05.935+09:00 DEBUG 18196 --- [Shift Scheduler Demo] [           main] org.hibernate.SQL                        : delete from shift_assignments where id=?
Hibernate: delete from shift_assignments where id=?
2025-10-13T15:39:05.935+09:00 DEBUG 18196 --- [Shift Scheduler Demo] [           main] org.hibernate.SQL                        : delete from shift_assignments where id=?
Hibernate: delete from shift_assignments where id=?
2025-10-13T15:39:05.935+09:00 DEBUG 18196 --- [Shift Scheduler Demo] [           main] org.hibernate.SQL                        : delete from shift_assignments where id=?
Hibernate: delete from shift_assignments where id=?
2025-10-13T15:39:05.936+09:00 DEBUG 18196 --- [Shift Scheduler Demo] [           main] org.hibernate.SQL                        : delete from shift_assignments where id=?
Hibernate: delete from shift_assignments where id=?
2025-10-13T15:39:05.936+09:00 DEBUG 18196 --- [Shift Scheduler Demo] [           main] org.hibernate.SQL                        : delete from shift_assignments where id=?
Hibernate: delete from shift_assignments where id=?
2025-10-13T15:39:05.936+09:00 DEBUG 18196 --- [Shift Scheduler Demo] [           main] org.hibernate.SQL                        : delete from shift_assignments where id=?
Hibernate: delete from shift_assignments where id=?
2025-10-13T15:39:05.936+09:00 DEBUG 18196 --- [Shift Scheduler Demo] [           main] org.hibernate.SQL                        : delete from shift_assignments where id=?
Hibernate: delete from shift_assignments where id=?
2025-10-13T15:39:05.936+09:00 DEBUG 18196 --- [Shift Scheduler Demo] [           main] org.hibernate.SQL                        : delete from shift_assignments where id=?
Hibernate: delete from shift_assignments where id=?
2025-10-13T15:39:05.936+09:00 DEBUG 18196 --- [Shift Scheduler Demo] [           main] org.hibernate.SQL                        : delete from shift_assignments where id=?
Hibernate: delete from shift_assignments where id=?
2025-10-13T15:39:05.937+09:00 DEBUG 18196 --- [Shift Scheduler Demo] [           main] org.hibernate.SQL                        : delete from shift_assignments where id=?
Hibernate: delete from shift_assignments where id=?
2025-10-13T15:39:05.937+09:00 DEBUG 18196 --- [Shift Scheduler Demo] [           main] org.hibernate.SQL                        : delete from shift_assignments where id=?
Hibernate: delete from shift_assignments where id=?
2025-10-13T15:39:05.937+09:00 DEBUG 18196 --- [Shift Scheduler Demo] [           main] org.hibernate.SQL                        : delete from shift_assignments where id=?
Hibernate: delete from shift_assignments where id=?
2025-10-13T15:39:05.937+09:00 DEBUG 18196 --- [Shift Scheduler Demo] [           main] org.hibernate.SQL                        : delete from shift_assignments where id=?
Hibernate: delete from shift_assignments where id=?
2025-10-13T15:39:05.938+09:00 DEBUG 18196 --- [Shift Scheduler Demo] [           main] org.hibernate.SQL                        : delete from shift_assignments where id=?
Hibernate: delete from shift_assignments where id=?
2025-10-13T15:39:05.939+09:00 DEBUG 18196 --- [Shift Scheduler Demo] [           main] org.hibernate.SQL                        : delete from shift_assignments where id=?
Hibernate: delete from shift_assignments where id=?
2025-10-13T15:39:05.940+09:00 DEBUG 18196 --- [Shift Scheduler Demo] [           main] org.hibernate.SQL                        : delete from shift_assignments where id=?
Hibernate: delete from shift_assignments where id=?
2025-10-13T15:39:05.940+09:00 DEBUG 18196 --- [Shift Scheduler Demo] [           main] org.hibernate.SQL                        : delete from shift_assignments where id=?
Hibernate: delete from shift_assignments where id=?
2025-10-13T15:39:05.940+09:00 DEBUG 18196 --- [Shift Scheduler Demo] [           main] org.hibernate.SQL                        : delete from shift_assignments where id=?
Hibernate: delete from shift_assignments where id=?
2025-10-13T15:39:05.941+09:00 DEBUG 18196 --- [Shift Scheduler Demo] [           main] org.hibernate.SQL                        : delete from shift_assignments where id=?
Hibernate: delete from shift_assignments where id=?
2025-10-13T15:39:05.941+09:00 DEBUG 18196 --- [Shift Scheduler Demo] [           main] org.hibernate.SQL                        : delete from shift_assignments where id=?
Hibernate: delete from shift_assignments where id=?
2025-10-13T15:39:05.941+09:00 DEBUG 18196 --- [Shift Scheduler Demo] [           main] org.hibernate.SQL                        : delete from shift_assignments where id=?
Hibernate: delete from shift_assignments where id=?
2025-10-13T15:39:05.941+09:00 DEBUG 18196 --- [Shift Scheduler Demo] [           main] org.hibernate.SQL                        : delete from shift_assignments where id=?
Hibernate: delete from shift_assignments where id=?
2025-10-13T15:39:05.941+09:00 DEBUG 18196 --- [Shift Scheduler Demo] [           main] org.hibernate.SQL                        : delete from shift_assignments where id=?
Hibernate: delete from shift_assignments where id=?
2025-10-13T15:39:05.942+09:00 DEBUG 18196 --- [Shift Scheduler Demo] [           main] org.hibernate.SQL                        : delete from shift_assignments where id=?
Hibernate: delete from shift_assignments where id=?
2025-10-13T15:39:05.942+09:00 DEBUG 18196 --- [Shift Scheduler Demo] [           main] org.hibernate.SQL                        : delete from shift_assignments where id=?
Hibernate: delete from shift_assignments where id=?
2025-10-13T15:39:05.942+09:00 DEBUG 18196 --- [Shift Scheduler Demo] [           main] org.hibernate.SQL                        : delete from shift_assignments where id=?
Hibernate: delete from shift_assignments where id=?
2025-10-13T15:39:05.942+09:00 DEBUG 18196 --- [Shift Scheduler Demo] [           main] org.hibernate.SQL                        : delete from shift_assignments where id=?
Hibernate: delete from shift_assignments where id=?
2025-10-13T15:39:05.943+09:00 DEBUG 18196 --- [Shift Scheduler Demo] [           main] org.hibernate.SQL                        : delete from shift_assignments where id=?
Hibernate: delete from shift_assignments where id=?
2025-10-13T15:39:05.943+09:00 DEBUG 18196 --- [Shift Scheduler Demo] [           main] org.hibernate.SQL                        : delete from shift_assignments where id=?
Hibernate: delete from shift_assignments where id=?
2025-10-13T15:39:05.943+09:00 DEBUG 18196 --- [Shift Scheduler Demo] [           main] org.hibernate.SQL                        : delete from shift_assignments where id=?
Hibernate: delete from shift_assignments where id=?
2025-10-13T15:39:05.943+09:00 DEBUG 18196 --- [Shift Scheduler Demo] [           main] org.hibernate.SQL                        : delete from shift_assignments where id=?
Hibernate: delete from shift_assignments where id=?
2025-10-13T15:39:05.943+09:00 DEBUG 18196 --- [Shift Scheduler Demo] [           main] org.hibernate.SQL                        : delete from shift_assignments where id=?
Hibernate: delete from shift_assignments where id=?
2025-10-13T15:39:05.944+09:00 DEBUG 18196 --- [Shift Scheduler Demo] [           main] org.hibernate.SQL                        : delete from shift_assignments where id=?
Hibernate: delete from shift_assignments where id=?
2025-10-13T15:39:05.944+09:00 DEBUG 18196 --- [Shift Scheduler Demo] [           main] org.hibernate.SQL                        : delete from shift_assignments where id=?
Hibernate: delete from shift_assignments where id=?
2025-10-13T15:39:05.944+09:00 DEBUG 18196 --- [Shift Scheduler Demo] [           main] org.hibernate.SQL                        : delete from shift_assignments where id=?
Hibernate: delete from shift_assignments where id=?
2025-10-13T15:39:05.944+09:00 DEBUG 18196 --- [Shift Scheduler Demo] [           main] org.hibernate.SQL                        : delete from shift_assignments where id=?
Hibernate: delete from shift_assignments where id=?
2025-10-13T15:39:05.944+09:00 DEBUG 18196 --- [Shift Scheduler Demo] [           main] org.hibernate.SQL                        : delete from shift_assignments where id=?
Hibernate: delete from shift_assignments where id=?
2025-10-13T15:39:05.945+09:00 DEBUG 18196 --- [Shift Scheduler Demo] [           main] org.hibernate.SQL                        : delete from shift_assignments where id=?
Hibernate: delete from shift_assignments where id=?
2025-10-13T15:39:05.945+09:00 DEBUG 18196 --- [Shift Scheduler Demo] [           main] org.hibernate.SQL                        : delete from shift_assignments where id=?
Hibernate: delete from shift_assignments where id=?
2025-10-13T15:39:05.946+09:00 DEBUG 18196 --- [Shift Scheduler Demo] [           main] org.hibernate.SQL                        : delete from shift_assignments where id=?
Hibernate: delete from shift_assignments where id=?
2025-10-13T15:39:05.946+09:00 DEBUG 18196 --- [Shift Scheduler Demo] [           main] org.hibernate.SQL                        : delete from shift_assignments where id=?
Hibernate: delete from shift_assignments where id=?
2025-10-13T15:39:05.946+09:00 DEBUG 18196 --- [Shift Scheduler Demo] [           main] org.hibernate.SQL                        : delete from shift_assignments where id=?
Hibernate: delete from shift_assignments where id=?
2025-10-13T15:39:05.946+09:00 DEBUG 18196 --- [Shift Scheduler Demo] [           main] org.hibernate.SQL                        : delete from shift_assignments where id=?
Hibernate: delete from shift_assignments where id=?
2025-10-13T15:39:05.947+09:00 DEBUG 18196 --- [Shift Scheduler Demo] [           main] org.hibernate.SQL                        : delete from shift_assignments where id=?
Hibernate: delete from shift_assignments where id=?
2025-10-13T15:39:05.947+09:00 DEBUG 18196 --- [Shift Scheduler Demo] [           main] org.hibernate.SQL                        : delete from shift_assignments where id=?
Hibernate: delete from shift_assignments where id=?
2025-10-13T15:39:05.947+09:00 DEBUG 18196 --- [Shift Scheduler Demo] [           main] org.hibernate.SQL                        : delete from shift_assignments where id=?
Hibernate: delete from shift_assignments where id=?
2025-10-13T15:39:05.947+09:00 DEBUG 18196 --- [Shift Scheduler Demo] [           main] org.hibernate.SQL                        : delete from shift_assignments where id=?
Hibernate: delete from shift_assignments where id=?
2025-10-13T15:39:05.947+09:00 DEBUG 18196 --- [Shift Scheduler Demo] [           main] org.hibernate.SQL                        : delete from shift_assignments where id=?
Hibernate: delete from shift_assignments where id=?
2025-10-13T15:39:05.947+09:00 DEBUG 18196 --- [Shift Scheduler Demo] [           main] org.hibernate.SQL                        : delete from shift_assignments where id=?
Hibernate: delete from shift_assignments where id=?
2025-10-13T15:39:05.947+09:00 DEBUG 18196 --- [Shift Scheduler Demo] [           main] org.hibernate.SQL                        : delete from shift_assignments where id=?
Hibernate: delete from shift_assignments where id=?
2025-10-13T15:39:05.948+09:00 DEBUG 18196 --- [Shift Scheduler Demo] [           main] org.hibernate.SQL                        : delete from shift_assignments where id=?
Hibernate: delete from shift_assignments where id=?
2025-10-13T15:39:05.948+09:00 DEBUG 18196 --- [Shift Scheduler Demo] [           main] org.hibernate.SQL                        : delete from shift_assignments where id=?
Hibernate: delete from shift_assignments where id=?
2025-10-13T15:39:05.948+09:00 DEBUG 18196 --- [Shift Scheduler Demo] [           main] org.hibernate.SQL                        : delete from shift_assignments where id=?
Hibernate: delete from shift_assignments where id=?
2025-10-13T15:39:05.949+09:00 DEBUG 18196 --- [Shift Scheduler Demo] [           main] org.hibernate.SQL                        : delete from shift_assignments where id=?
Hibernate: delete from shift_assignments where id=?
2025-10-13T15:39:05.949+09:00 DEBUG 18196 --- [Shift Scheduler Demo] [           main] org.hibernate.SQL                        : delete from shift_assignments where id=?
Hibernate: delete from shift_assignments where id=?
2025-10-13T15:39:05.950+09:00 DEBUG 18196 --- [Shift Scheduler Demo] [           main] org.hibernate.SQL                        : delete from shift_assignments where id=?
Hibernate: delete from shift_assignments where id=?
2025-10-13T15:39:05.950+09:00 DEBUG 18196 --- [Shift Scheduler Demo] [           main] org.hibernate.SQL                        : delete from shift_assignments where id=?
Hibernate: delete from shift_assignments where id=?
2025-10-13T15:39:05.950+09:00 DEBUG 18196 --- [Shift Scheduler Demo] [           main] org.hibernate.SQL                        : delete from shift_assignments where id=?
Hibernate: delete from shift_assignments where id=?
2025-10-13T15:39:05.950+09:00 DEBUG 18196 --- [Shift Scheduler Demo] [           main] org.hibernate.SQL                        : delete from shift_assignments where id=?
Hibernate: delete from shift_assignments where id=?
2025-10-13T15:39:05.950+09:00 DEBUG 18196 --- [Shift Scheduler Demo] [           main] org.hibernate.SQL                        : delete from shift_assignments where id=?
Hibernate: delete from shift_assignments where id=?
2025-10-13T15:39:05.951+09:00 DEBUG 18196 --- [Shift Scheduler Demo] [           main] org.hibernate.SQL                        : delete from shift_assignments where id=?
Hibernate: delete from shift_assignments where id=?
2025-10-13T15:39:05.952+09:00 DEBUG 18196 --- [Shift Scheduler Demo] [           main] org.hibernate.SQL                        : delete from shift_assignments where id=?
Hibernate: delete from shift_assignments where id=?
2025-10-13T15:39:05.952+09:00 DEBUG 18196 --- [Shift Scheduler Demo] [           main] org.hibernate.SQL                        : delete from shift_assignments where id=?
Hibernate: delete from shift_assignments where id=?
2025-10-13T15:39:05.953+09:00 DEBUG 18196 --- [Shift Scheduler Demo] [           main] org.hibernate.SQL                        : delete from shift_assignments where id=?
Hibernate: delete from shift_assignments where id=?
2025-10-13T15:39:05.953+09:00 DEBUG 18196 --- [Shift Scheduler Demo] [           main] org.hibernate.SQL                        : delete from shift_assignments where id=?
Hibernate: delete from shift_assignments where id=?
2025-10-13T15:39:05.954+09:00 DEBUG 18196 --- [Shift Scheduler Demo] [           main] org.hibernate.SQL                        : delete from shift_assignments where id=?
Hibernate: delete from shift_assignments where id=?
2025-10-13T15:39:05.954+09:00 DEBUG 18196 --- [Shift Scheduler Demo] [           main] org.hibernate.SQL                        : delete from shift_assignments where id=?
Hibernate: delete from shift_assignments where id=?
2025-10-13T15:39:05.954+09:00 DEBUG 18196 --- [Shift Scheduler Demo] [           main] org.hibernate.SQL                        : delete from shift_assignments where id=?
Hibernate: delete from shift_assignments where id=?
2025-10-13T15:39:05.955+09:00 DEBUG 18196 --- [Shift Scheduler Demo] [           main] org.hibernate.SQL                        : delete from shift_assignments where id=?
Hibernate: delete from shift_assignments where id=?
2025-10-13T15:39:05.955+09:00 DEBUG 18196 --- [Shift Scheduler Demo] [           main] org.hibernate.SQL                        : delete from shift_assignments where id=?
Hibernate: delete from shift_assignments where id=?
2025-10-13T15:39:05.957+09:00 DEBUG 18196 --- [Shift Scheduler Demo] [           main] org.hibernate.SQL                        : delete from shift_assignments where id=?
Hibernate: delete from shift_assignments where id=?
2025-10-13T15:39:05.957+09:00 DEBUG 18196 --- [Shift Scheduler Demo] [           main] org.hibernate.SQL                        : delete from shift_assignments where id=?
Hibernate: delete from shift_assignments where id=?
2025-10-13T15:39:05.957+09:00 DEBUG 18196 --- [Shift Scheduler Demo] [           main] org.hibernate.SQL                        : delete from shift_assignments where id=?
Hibernate: delete from shift_assignments where id=?
2025-10-13T15:39:05.960+09:00 DEBUG 18196 --- [Shift Scheduler Demo] [           main] org.hibernate.SQL                        : delete from shift_assignments where id=?
Hibernate: delete from shift_assignments where id=?
2025-10-13T15:39:05.960+09:00 DEBUG 18196 --- [Shift Scheduler Demo] [           main] org.hibernate.SQL                        : delete from shift_assignments where id=?
Hibernate: delete from shift_assignments where id=?
2025-10-13T15:39:05.960+09:00 DEBUG 18196 --- [Shift Scheduler Demo] [           main] org.hibernate.SQL                        : delete from shift_assignments where id=?
Hibernate: delete from shift_assignments where id=?
2025-10-13T15:39:05.960+09:00 DEBUG 18196 --- [Shift Scheduler Demo] [           main] org.hibernate.SQL                        : delete from shift_assignments where id=?
Hibernate: delete from shift_assignments where id=?
2025-10-13T15:39:05.960+09:00 DEBUG 18196 --- [Shift Scheduler Demo] [           main] org.hibernate.SQL                        : delete from shift_assignments where id=?
Hibernate: delete from shift_assignments where id=?
2025-10-13T15:39:05.960+09:00 DEBUG 18196 --- [Shift Scheduler Demo] [           main] org.hibernate.SQL                        : delete from shift_assignments where id=?
Hibernate: delete from shift_assignments where id=?
2025-10-13T15:39:05.962+09:00 DEBUG 18196 --- [Shift Scheduler Demo] [           main] org.hibernate.SQL                        : delete from shift_assignments where id=?
Hibernate: delete from shift_assignments where id=?
2025-10-13T15:39:05.962+09:00 DEBUG 18196 --- [Shift Scheduler Demo] [           main] org.hibernate.SQL                        : delete from shift_assignments where id=?
Hibernate: delete from shift_assignments where id=?
2025-10-13T15:39:05.962+09:00 DEBUG 18196 --- [Shift Scheduler Demo] [           main] org.hibernate.SQL                        : delete from shift_assignments where id=?
Hibernate: delete from shift_assignments where id=?
2025-10-13T15:39:05.963+09:00 DEBUG 18196 --- [Shift Scheduler Demo] [           main] org.hibernate.SQL                        : delete from shift_assignments where id=?
Hibernate: delete from shift_assignments where id=?
2025-10-13T15:39:05.963+09:00 DEBUG 18196 --- [Shift Scheduler Demo] [           main] org.hibernate.SQL                        : delete from shift_assignments where id=?
Hibernate: delete from shift_assignments where id=?
2025-10-13T15:39:05.963+09:00 DEBUG 18196 --- [Shift Scheduler Demo] [           main] org.hibernate.SQL                        : delete from shift_assignments where id=?
Hibernate: delete from shift_assignments where id=?
2025-10-13T15:39:05.963+09:00 DEBUG 18196 --- [Shift Scheduler Demo] [           main] org.hibernate.SQL                        : delete from shift_assignments where id=?
Hibernate: delete from shift_assignments where id=?
2025-10-13T15:39:05.963+09:00 DEBUG 18196 --- [Shift Scheduler Demo] [           main] org.hibernate.SQL                        : delete from shift_assignments where id=?
Hibernate: delete from shift_assignments where id=?
2025-10-13T15:39:05.964+09:00 DEBUG 18196 --- [Shift Scheduler Demo] [           main] org.hibernate.SQL                        : delete from shift_assignments where id=?
Hibernate: delete from shift_assignments where id=?
2025-10-13T15:39:05.964+09:00 DEBUG 18196 --- [Shift Scheduler Demo] [           main] org.hibernate.SQL                        : delete from shift_assignments where id=?
Hibernate: delete from shift_assignments where id=?
2025-10-13T15:39:05.964+09:00 DEBUG 18196 --- [Shift Scheduler Demo] [           main] org.hibernate.SQL                        : delete from shift_assignments where id=?
Hibernate: delete from shift_assignments where id=?
2025-10-13T15:39:05.964+09:00 DEBUG 18196 --- [Shift Scheduler Demo] [           main] org.hibernate.SQL                        : delete from shift_assignments where id=?
Hibernate: delete from shift_assignments where id=?
2025-10-13T15:39:05.964+09:00 DEBUG 18196 --- [Shift Scheduler Demo] [           main] org.hibernate.SQL                        : delete from shift_assignments where id=?
Hibernate: delete from shift_assignments where id=?
2025-10-13T15:39:05.964+09:00 DEBUG 18196 --- [Shift Scheduler Demo] [           main] org.hibernate.SQL                        : delete from shift_assignments where id=?
Hibernate: delete from shift_assignments where id=?
2025-10-13T15:39:05.964+09:00 DEBUG 18196 --- [Shift Scheduler Demo] [           main] org.hibernate.SQL                        : delete from shift_assignments where id=?
Hibernate: delete from shift_assignments where id=?
2025-10-13T15:39:05.965+09:00 DEBUG 18196 --- [Shift Scheduler Demo] [           main] org.hibernate.SQL                        : delete from shift_assignments where id=?
Hibernate: delete from shift_assignments where id=?
2025-10-13T15:39:05.965+09:00 DEBUG 18196 --- [Shift Scheduler Demo] [           main] org.hibernate.SQL                        : delete from shift_assignments where id=?
Hibernate: delete from shift_assignments where id=?
2025-10-13T15:39:05.965+09:00 DEBUG 18196 --- [Shift Scheduler Demo] [           main] org.hibernate.SQL                        : delete from shift_assignments where id=?
Hibernate: delete from shift_assignments where id=?
2025-10-13T15:39:05.965+09:00 DEBUG 18196 --- [Shift Scheduler Demo] [           main] org.hibernate.SQL                        : delete from shift_assignments where id=?
Hibernate: delete from shift_assignments where id=?
2025-10-13T15:39:05.966+09:00 DEBUG 18196 --- [Shift Scheduler Demo] [           main] org.hibernate.SQL                        : delete from shift_assignments where id=?
Hibernate: delete from shift_assignments where id=?
2025-10-13T15:39:05.966+09:00 DEBUG 18196 --- [Shift Scheduler Demo] [           main] org.hibernate.SQL                        : delete from shift_assignments where id=?
Hibernate: delete from shift_assignments where id=?
2025-10-13T15:39:05.966+09:00 DEBUG 18196 --- [Shift Scheduler Demo] [           main] org.hibernate.SQL                        : delete from shift_assignments where id=?
Hibernate: delete from shift_assignments where id=?
2025-10-13T15:39:05.966+09:00 DEBUG 18196 --- [Shift Scheduler Demo] [           main] org.hibernate.SQL                        : delete from shift_assignments where id=?
Hibernate: delete from shift_assignments where id=?
2025-10-13T15:39:05.966+09:00 DEBUG 18196 --- [Shift Scheduler Demo] [           main] org.hibernate.SQL                        : delete from shift_assignments where id=?
Hibernate: delete from shift_assignments where id=?
2025-10-13T15:39:05.967+09:00 DEBUG 18196 --- [Shift Scheduler Demo] [           main] org.hibernate.SQL                        : delete from shift_assignments where id=?
Hibernate: delete from shift_assignments where id=?
2025-10-13T15:39:05.967+09:00 DEBUG 18196 --- [Shift Scheduler Demo] [           main] org.hibernate.SQL                        : delete from shift_assignments where id=?
Hibernate: delete from shift_assignments where id=?
2025-10-13T15:39:05.967+09:00 DEBUG 18196 --- [Shift Scheduler Demo] [           main] org.hibernate.SQL                        : delete from shift_assignments where id=?
Hibernate: delete from shift_assignments where id=?
2025-10-13T15:39:05.967+09:00 DEBUG 18196 --- [Shift Scheduler Demo] [           main] org.hibernate.SQL                        : delete from shift_assignments where id=?
Hibernate: delete from shift_assignments where id=?
2025-10-13T15:39:05.967+09:00 DEBUG 18196 --- [Shift Scheduler Demo] [           main] org.hibernate.SQL                        : delete from shift_assignments where id=?
Hibernate: delete from shift_assignments where id=?
2025-10-13T15:39:05.967+09:00 DEBUG 18196 --- [Shift Scheduler Demo] [           main] org.hibernate.SQL                        : delete from shift_assignments where id=?
Hibernate: delete from shift_assignments where id=?
2025-10-13T15:39:05.968+09:00 DEBUG 18196 --- [Shift Scheduler Demo] [           main] org.hibernate.SQL                        : delete from shift_assignments where id=?
Hibernate: delete from shift_assignments where id=?
2025-10-13T15:39:05.968+09:00 DEBUG 18196 --- [Shift Scheduler Demo] [           main] org.hibernate.SQL                        : delete from shift_assignments where id=?
Hibernate: delete from shift_assignments where id=?
2025-10-13T15:39:05.968+09:00 DEBUG 18196 --- [Shift Scheduler Demo] [           main] org.hibernate.SQL                        : delete from shift_assignments where id=?
Hibernate: delete from shift_assignments where id=?
2025-10-13T15:39:05.969+09:00 DEBUG 18196 --- [Shift Scheduler Demo] [           main] org.hibernate.SQL                        : delete from shift_assignments where id=?
Hibernate: delete from shift_assignments where id=?
2025-10-13T15:39:05.969+09:00 DEBUG 18196 --- [Shift Scheduler Demo] [           main] org.hibernate.SQL                        : delete from shift_assignments where id=?
Hibernate: delete from shift_assignments where id=?
2025-10-13T15:39:05.969+09:00 DEBUG 18196 --- [Shift Scheduler Demo] [           main] org.hibernate.SQL                        : delete from shift_assignments where id=?
Hibernate: delete from shift_assignments where id=?
2025-10-13T15:39:05.969+09:00 DEBUG 18196 --- [Shift Scheduler Demo] [           main] org.hibernate.SQL                        : delete from shift_assignments where id=?
Hibernate: delete from shift_assignments where id=?
2025-10-13T15:39:05.969+09:00 DEBUG 18196 --- [Shift Scheduler Demo] [           main] org.hibernate.SQL                        : delete from shift_assignments where id=?
Hibernate: delete from shift_assignments where id=?
2025-10-13T15:39:05.970+09:00 DEBUG 18196 --- [Shift Scheduler Demo] [           main] org.hibernate.SQL                        : delete from shift_assignments where id=?
Hibernate: delete from shift_assignments where id=?
2025-10-13T15:39:05.970+09:00 DEBUG 18196 --- [Shift Scheduler Demo] [           main] org.hibernate.SQL                        : delete from shift_assignments where id=?
Hibernate: delete from shift_assignments where id=?
2025-10-13T15:39:05.970+09:00 DEBUG 18196 --- [Shift Scheduler Demo] [           main] org.hibernate.SQL                        : delete from shift_assignments where id=?
Hibernate: delete from shift_assignments where id=?
2025-10-13T15:39:05.970+09:00 DEBUG 18196 --- [Shift Scheduler Demo] [           main] org.hibernate.SQL                        : delete from shift_assignments where id=?
Hibernate: delete from shift_assignments where id=?
2025-10-13T15:39:05.971+09:00 DEBUG 18196 --- [Shift Scheduler Demo] [           main] org.hibernate.SQL                        : delete from shift_assignments where id=?
Hibernate: delete from shift_assignments where id=?
2025-10-13T15:39:05.972+09:00 DEBUG 18196 --- [Shift Scheduler Demo] [           main] org.hibernate.SQL                        : delete from shift_assignments where id=?
Hibernate: delete from shift_assignments where id=?
2025-10-13T15:39:05.972+09:00 DEBUG 18196 --- [Shift Scheduler Demo] [           main] org.hibernate.SQL                        : delete from shift_assignments where id=?
Hibernate: delete from shift_assignments where id=?
2025-10-13T15:39:05.972+09:00 DEBUG 18196 --- [Shift Scheduler Demo] [           main] org.hibernate.SQL                        : delete from shift_assignments where id=?
Hibernate: delete from shift_assignments where id=?
2025-10-13T15:39:05.972+09:00 DEBUG 18196 --- [Shift Scheduler Demo] [           main] org.hibernate.SQL                        : delete from shift_assignments where id=?
Hibernate: delete from shift_assignments where id=?
2025-10-13T15:39:05.972+09:00 DEBUG 18196 --- [Shift Scheduler Demo] [           main] org.hibernate.SQL                        : delete from shift_assignments where id=?
Hibernate: delete from shift_assignments where id=?
2025-10-13T15:39:05.972+09:00 DEBUG 18196 --- [Shift Scheduler Demo] [           main] org.hibernate.SQL                        : delete from shift_assignments where id=?
Hibernate: delete from shift_assignments where id=?
2025-10-13T15:39:05.972+09:00 DEBUG 18196 --- [Shift Scheduler Demo] [           main] org.hibernate.SQL                        : delete from shift_assignments where id=?
Hibernate: delete from shift_assignments where id=?
2025-10-13T15:39:05.972+09:00 DEBUG 18196 --- [Shift Scheduler Demo] [           main] org.hibernate.SQL                        : delete from shift_assignments where id=?
Hibernate: delete from shift_assignments where id=?
2025-10-13T15:39:05.972+09:00 DEBUG 18196 --- [Shift Scheduler Demo] [           main] org.hibernate.SQL                        : delete from shift_assignments where id=?
Hibernate: delete from shift_assignments where id=?
2025-10-13T15:39:05.972+09:00 DEBUG 18196 --- [Shift Scheduler Demo] [           main] org.hibernate.SQL                        : delete from shift_assignments where id=?
Hibernate: delete from shift_assignments where id=?
2025-10-13T15:39:05.972+09:00 DEBUG 18196 --- [Shift Scheduler Demo] [           main] org.hibernate.SQL                        : delete from shift_assignments where id=?
Hibernate: delete from shift_assignments where id=?
2025-10-13T15:39:05.972+09:00 DEBUG 18196 --- [Shift Scheduler Demo] [           main] org.hibernate.SQL                        : delete from shift_assignments where id=?
Hibernate: delete from shift_assignments where id=?
2025-10-13T15:39:05.972+09:00 DEBUG 18196 --- [Shift Scheduler Demo] [           main] org.hibernate.SQL                        : delete from shift_assignments where id=?
Hibernate: delete from shift_assignments where id=?
2025-10-13T15:39:05.972+09:00 DEBUG 18196 --- [Shift Scheduler Demo] [           main] org.hibernate.SQL                        : delete from shift_assignments where id=?
Hibernate: delete from shift_assignments where id=?
2025-10-13T15:39:05.972+09:00 DEBUG 18196 --- [Shift Scheduler Demo] [           main] org.hibernate.SQL                        : delete from shift_assignments where id=?
Hibernate: delete from shift_assignments where id=?
2025-10-13T15:39:05.972+09:00 DEBUG 18196 --- [Shift Scheduler Demo] [           main] org.hibernate.SQL                        : delete from shift_assignments where id=?
Hibernate: delete from shift_assignments where id=?
2025-10-13T15:39:05.972+09:00 DEBUG 18196 --- [Shift Scheduler Demo] [           main] org.hibernate.SQL                        : delete from shift_assignments where id=?
Hibernate: delete from shift_assignments where id=?
2025-10-13T15:39:05.972+09:00 DEBUG 18196 --- [Shift Scheduler Demo] [           main] org.hibernate.SQL                        : delete from shift_assignments where id=?
Hibernate: delete from shift_assignments where id=?
2025-10-13T15:39:05.972+09:00 DEBUG 18196 --- [Shift Scheduler Demo] [           main] org.hibernate.SQL                        : delete from shift_assignments where id=?
Hibernate: delete from shift_assignments where id=?
2025-10-13T15:39:05.972+09:00 DEBUG 18196 --- [Shift Scheduler Demo] [           main] org.hibernate.SQL                        : delete from shift_assignments where id=?
Hibernate: delete from shift_assignments where id=?
2025-10-13T15:39:05.972+09:00 DEBUG 18196 --- [Shift Scheduler Demo] [           main] org.hibernate.SQL                        : delete from shift_assignments where id=?
Hibernate: delete from shift_assignments where id=?
2025-10-13T15:39:05.972+09:00 DEBUG 18196 --- [Shift Scheduler Demo] [           main] org.hibernate.SQL                        : delete from shift_assignments where id=?
Hibernate: delete from shift_assignments where id=?
2025-10-13T15:39:05.972+09:00 DEBUG 18196 --- [Shift Scheduler Demo] [           main] org.hibernate.SQL                        : delete from shift_assignments where id=?
Hibernate: delete from shift_assignments where id=?
2025-10-13T15:39:05.972+09:00 DEBUG 18196 --- [Shift Scheduler Demo] [           main] org.hibernate.SQL                        : delete from shift_assignments where id=?
Hibernate: delete from shift_assignments where id=?
2025-10-13T15:39:05.972+09:00 DEBUG 18196 --- [Shift Scheduler Demo] [           main] org.hibernate.SQL                        : delete from shift_assignments where id=?
Hibernate: delete from shift_assignments where id=?
2025-10-13T15:39:05.978+09:00 DEBUG 18196 --- [Shift Scheduler Demo] [           main] org.hibernate.SQL                        : delete from shift_assignments where id=?
Hibernate: delete from shift_assignments where id=?
2025-10-13T15:39:05.978+09:00 DEBUG 18196 --- [Shift Scheduler Demo] [           main] org.hibernate.SQL                        : delete from shift_assignments where id=?
Hibernate: delete from shift_assignments where id=?
2025-10-13T15:39:05.978+09:00 DEBUG 18196 --- [Shift Scheduler Demo] [           main] org.hibernate.SQL                        : delete from shift_assignments where id=?
Hibernate: delete from shift_assignments where id=?
2025-10-13T15:39:05.978+09:00 DEBUG 18196 --- [Shift Scheduler Demo] [           main] org.hibernate.SQL                        : delete from shift_assignments where id=?
Hibernate: delete from shift_assignments where id=?
2025-10-13T15:39:05.978+09:00 DEBUG 18196 --- [Shift Scheduler Demo] [           main] org.hibernate.SQL                        : delete from shift_assignments where id=?
Hibernate: delete from shift_assignments where id=?
2025-10-13T15:39:05.979+09:00 DEBUG 18196 --- [Shift Scheduler Demo] [           main] org.hibernate.SQL                        : delete from shift_assignments where id=?
Hibernate: delete from shift_assignments where id=?
2025-10-13T15:39:05.979+09:00 DEBUG 18196 --- [Shift Scheduler Demo] [           main] org.hibernate.SQL                        : delete from shift_assignments where id=?
Hibernate: delete from shift_assignments where id=?
2025-10-13T15:39:05.979+09:00 DEBUG 18196 --- [Shift Scheduler Demo] [           main] org.hibernate.SQL                        : delete from shift_assignments where id=?
Hibernate: delete from shift_assignments where id=?
2025-10-13T15:39:05.979+09:00 DEBUG 18196 --- [Shift Scheduler Demo] [           main] org.hibernate.SQL                        : delete from shift_assignments where id=?
Hibernate: delete from shift_assignments where id=?
2025-10-13T15:39:05.980+09:00 DEBUG 18196 --- [Shift Scheduler Demo] [           main] org.hibernate.SQL                        : delete from shift_assignments where id=?
Hibernate: delete from shift_assignments where id=?
2025-10-13T15:39:05.980+09:00 DEBUG 18196 --- [Shift Scheduler Demo] [           main] org.hibernate.SQL                        : delete from shift_assignments where id=?
Hibernate: delete from shift_assignments where id=?
2025-10-13T15:39:05.980+09:00 DEBUG 18196 --- [Shift Scheduler Demo] [           main] org.hibernate.SQL                        : delete from shift_assignments where id=?
Hibernate: delete from shift_assignments where id=?
2025-10-13T15:39:05.980+09:00 DEBUG 18196 --- [Shift Scheduler Demo] [           main] org.hibernate.SQL                        : delete from shift_assignments where id=?
Hibernate: delete from shift_assignments where id=?
2025-10-13T15:39:05.980+09:00 DEBUG 18196 --- [Shift Scheduler Demo] [           main] org.hibernate.SQL                        : delete from shift_assignments where id=?
Hibernate: delete from shift_assignments where id=?
2025-10-13T15:39:05.980+09:00 DEBUG 18196 --- [Shift Scheduler Demo] [           main] org.hibernate.SQL                        : delete from shift_assignments where id=?
Hibernate: delete from shift_assignments where id=?
2025-10-13T15:39:05.981+09:00 DEBUG 18196 --- [Shift Scheduler Demo] [           main] org.hibernate.SQL                        : delete from shift_assignments where id=?
Hibernate: delete from shift_assignments where id=?
2025-10-13T15:39:05.981+09:00 DEBUG 18196 --- [Shift Scheduler Demo] [           main] org.hibernate.SQL                        : delete from shift_assignments where id=?
Hibernate: delete from shift_assignments where id=?
2025-10-13T15:39:05.981+09:00 DEBUG 18196 --- [Shift Scheduler Demo] [           main] org.hibernate.SQL                        : delete from shift_assignments where id=?
Hibernate: delete from shift_assignments where id=?
2025-10-13T15:39:05.981+09:00 DEBUG 18196 --- [Shift Scheduler Demo] [           main] org.hibernate.SQL                        : delete from shift_assignments where id=?
Hibernate: delete from shift_assignments where id=?
2025-10-13T15:39:05.981+09:00 DEBUG 18196 --- [Shift Scheduler Demo] [           main] org.hibernate.SQL                        : delete from shift_assignments where id=?
Hibernate: delete from shift_assignments where id=?
2025-10-13T15:39:05.981+09:00 DEBUG 18196 --- [Shift Scheduler Demo] [           main] org.hibernate.SQL                        : delete from shift_assignments where id=?
Hibernate: delete from shift_assignments where id=?
2025-10-13T15:39:05.982+09:00 DEBUG 18196 --- [Shift Scheduler Demo] [           main] org.hibernate.SQL                        : delete from shift_assignments where id=?
Hibernate: delete from shift_assignments where id=?
2025-10-13T15:39:05.982+09:00 DEBUG 18196 --- [Shift Scheduler Demo] [           main] org.hibernate.SQL                        : delete from shift_assignments where id=?
Hibernate: delete from shift_assignments where id=?
2025-10-13T15:39:05.982+09:00 DEBUG 18196 --- [Shift Scheduler Demo] [           main] org.hibernate.SQL                        : delete from shift_assignments where id=?
Hibernate: delete from shift_assignments where id=?
2025-10-13T15:39:05.982+09:00 DEBUG 18196 --- [Shift Scheduler Demo] [           main] org.hibernate.SQL                        : delete from shift_assignments where id=?
Hibernate: delete from shift_assignments where id=?
2025-10-13T15:39:05.983+09:00 DEBUG 18196 --- [Shift Scheduler Demo] [           main] org.hibernate.SQL                        : delete from shift_assignments where id=?
Hibernate: delete from shift_assignments where id=?
2025-10-13T15:39:05.983+09:00 DEBUG 18196 --- [Shift Scheduler Demo] [           main] org.hibernate.SQL                        : delete from shift_assignments where id=?
Hibernate: delete from shift_assignments where id=?
2025-10-13T15:39:05.983+09:00 DEBUG 18196 --- [Shift Scheduler Demo] [           main] org.hibernate.SQL                        : delete from shift_assignments where id=?
Hibernate: delete from shift_assignments where id=?
2025-10-13T15:39:05.983+09:00 DEBUG 18196 --- [Shift Scheduler Demo] [           main] org.hibernate.SQL                        : delete from shift_assignments where id=?
Hibernate: delete from shift_assignments where id=?
2025-10-13T15:39:05.984+09:00 DEBUG 18196 --- [Shift Scheduler Demo] [           main] org.hibernate.SQL                        : delete from shift_assignments where id=?
Hibernate: delete from shift_assignments where id=?
2025-10-13T15:39:05.984+09:00 DEBUG 18196 --- [Shift Scheduler Demo] [           main] org.hibernate.SQL                        : delete from shift_assignments where id=?
Hibernate: delete from shift_assignments where id=?
2025-10-13T15:39:05.984+09:00 DEBUG 18196 --- [Shift Scheduler Demo] [           main] org.hibernate.SQL                        : delete from shift_assignments where id=?
Hibernate: delete from shift_assignments where id=?
2025-10-13T15:39:05.985+09:00 DEBUG 18196 --- [Shift Scheduler Demo] [           main] org.hibernate.SQL                        : delete from shift_assignments where id=?
Hibernate: delete from shift_assignments where id=?
2025-10-13T15:39:05.985+09:00 DEBUG 18196 --- [Shift Scheduler Demo] [           main] org.hibernate.SQL                        : delete from shift_assignments where id=?
Hibernate: delete from shift_assignments where id=?
2025-10-13T15:39:05.985+09:00 DEBUG 18196 --- [Shift Scheduler Demo] [           main] org.hibernate.SQL                        : delete from shift_assignments where id=?
Hibernate: delete from shift_assignments where id=?
2025-10-13T15:39:05.986+09:00 DEBUG 18196 --- [Shift Scheduler Demo] [           main] org.hibernate.SQL                        : delete from shift_assignments where id=?
Hibernate: delete from shift_assignments where id=?
2025-10-13T15:39:05.986+09:00 DEBUG 18196 --- [Shift Scheduler Demo] [           main] org.hibernate.SQL                        : delete from shift_assignments where id=?
Hibernate: delete from shift_assignments where id=?
2025-10-13T15:39:05.986+09:00 DEBUG 18196 --- [Shift Scheduler Demo] [           main] org.hibernate.SQL                        : delete from shift_assignments where id=?
Hibernate: delete from shift_assignments where id=?
2025-10-13T15:39:05.986+09:00 DEBUG 18196 --- [Shift Scheduler Demo] [           main] org.hibernate.SQL                        : delete from shift_assignments where id=?
Hibernate: delete from shift_assignments where id=?
2025-10-13T15:39:05.987+09:00 DEBUG 18196 --- [Shift Scheduler Demo] [           main] org.hibernate.SQL                        : delete from shift_assignments where id=?
Hibernate: delete from shift_assignments where id=?
2025-10-13T15:39:05.987+09:00 DEBUG 18196 --- [Shift Scheduler Demo] [           main] org.hibernate.SQL                        : delete from shift_assignments where id=?
Hibernate: delete from shift_assignments where id=?
2025-10-13T15:39:05.987+09:00 DEBUG 18196 --- [Shift Scheduler Demo] [           main] org.hibernate.SQL                        : delete from shift_assignments where id=?
Hibernate: delete from shift_assignments where id=?
2025-10-13T15:39:05.987+09:00 DEBUG 18196 --- [Shift Scheduler Demo] [           main] org.hibernate.SQL                        : delete from shift_assignments where id=?
Hibernate: delete from shift_assignments where id=?
2025-10-13T15:39:05.988+09:00 DEBUG 18196 --- [Shift Scheduler Demo] [           main] org.hibernate.SQL                        : delete from shift_assignments where id=?
Hibernate: delete from shift_assignments where id=?
2025-10-13T15:39:05.988+09:00 DEBUG 18196 --- [Shift Scheduler Demo] [           main] org.hibernate.SQL                        : delete from shift_assignments where id=?
Hibernate: delete from shift_assignments where id=?
2025-10-13T15:39:05.989+09:00 DEBUG 18196 --- [Shift Scheduler Demo] [           main] org.hibernate.SQL                        : delete from shift_assignments where id=?
Hibernate: delete from shift_assignments where id=?
2025-10-13T15:39:05.989+09:00 DEBUG 18196 --- [Shift Scheduler Demo] [           main] org.hibernate.SQL                        : delete from shift_assignments where id=?
Hibernate: delete from shift_assignments where id=?
2025-10-13T15:39:05.989+09:00 DEBUG 18196 --- [Shift Scheduler Demo] [           main] org.hibernate.SQL                        : delete from shift_assignments where id=?
Hibernate: delete from shift_assignments where id=?
2025-10-13T15:39:05.989+09:00 DEBUG 18196 --- [Shift Scheduler Demo] [           main] org.hibernate.SQL                        : delete from shift_assignments where id=?
Hibernate: delete from shift_assignments where id=?
2025-10-13T15:39:05.989+09:00 DEBUG 18196 --- [Shift Scheduler Demo] [           main] org.hibernate.SQL                        : delete from shift_assignments where id=?
Hibernate: delete from shift_assignments where id=?
2025-10-13T15:39:05.989+09:00 DEBUG 18196 --- [Shift Scheduler Demo] [           main] org.hibernate.SQL                        : delete from shift_assignments where id=?
Hibernate: delete from shift_assignments where id=?
2025-10-13T15:39:05.991+09:00 DEBUG 18196 --- [Shift Scheduler Demo] [           main] org.hibernate.SQL                        : delete from shift_assignments where id=?
Hibernate: delete from shift_assignments where id=?
2025-10-13T15:39:05.991+09:00 DEBUG 18196 --- [Shift Scheduler Demo] [           main] org.hibernate.SQL                        : delete from shift_assignments where id=?
Hibernate: delete from shift_assignments where id=?
2025-10-13T15:39:05.991+09:00 DEBUG 18196 --- [Shift Scheduler Demo] [           main] org.hibernate.SQL                        : delete from shift_assignments where id=?
Hibernate: delete from shift_assignments where id=?
2025-10-13T15:39:05.991+09:00 DEBUG 18196 --- [Shift Scheduler Demo] [           main] org.hibernate.SQL                        : delete from shift_assignments where id=?
Hibernate: delete from shift_assignments where id=?
2025-10-13T15:39:05.991+09:00 DEBUG 18196 --- [Shift Scheduler Demo] [           main] org.hibernate.SQL                        : delete from shift_assignments where id=?
Hibernate: delete from shift_assignments where id=?
2025-10-13T15:39:05.991+09:00 DEBUG 18196 --- [Shift Scheduler Demo] [           main] org.hibernate.SQL                        : delete from shift_assignments where id=?
Hibernate: delete from shift_assignments where id=?
2025-10-13T15:39:05.991+09:00 DEBUG 18196 --- [Shift Scheduler Demo] [           main] org.hibernate.SQL                        : delete from shift_assignments where id=?
Hibernate: delete from shift_assignments where id=?
2025-10-13T15:39:05.991+09:00 DEBUG 18196 --- [Shift Scheduler Demo] [           main] org.hibernate.SQL                        : delete from shift_assignments where id=?
Hibernate: delete from shift_assignments where id=?
2025-10-13T15:39:05.991+09:00 DEBUG 18196 --- [Shift Scheduler Demo] [           main] org.hibernate.SQL                        : delete from shift_assignments where id=?
Hibernate: delete from shift_assignments where id=?
2025-10-13T15:39:05.991+09:00 DEBUG 18196 --- [Shift Scheduler Demo] [           main] org.hibernate.SQL                        : delete from shift_assignments where id=?
Hibernate: delete from shift_assignments where id=?
2025-10-13T15:39:05.991+09:00 DEBUG 18196 --- [Shift Scheduler Demo] [           main] org.hibernate.SQL                        : delete from shift_assignments where id=?
Hibernate: delete from shift_assignments where id=?
2025-10-13T15:39:05.991+09:00 DEBUG 18196 --- [Shift Scheduler Demo] [           main] org.hibernate.SQL                        : delete from shift_assignments where id=?
Hibernate: delete from shift_assignments where id=?
2025-10-13T15:39:05.991+09:00 DEBUG 18196 --- [Shift Scheduler Demo] [           main] org.hibernate.SQL                        : delete from shift_assignments where id=?
Hibernate: delete from shift_assignments where id=?
2025-10-13T15:39:05.993+09:00 DEBUG 18196 --- [Shift Scheduler Demo] [           main] org.hibernate.SQL                        : delete from shift_assignments where id=?
Hibernate: delete from shift_assignments where id=?
2025-10-13T15:39:05.993+09:00 DEBUG 18196 --- [Shift Scheduler Demo] [           main] org.hibernate.SQL                        : delete from shift_assignments where id=?
Hibernate: delete from shift_assignments where id=?
2025-10-13T15:39:05.993+09:00 DEBUG 18196 --- [Shift Scheduler Demo] [           main] org.hibernate.SQL                        : delete from shift_assignments where id=?
Hibernate: delete from shift_assignments where id=?
2025-10-13T15:39:05.993+09:00 DEBUG 18196 --- [Shift Scheduler Demo] [           main] org.hibernate.SQL                        : delete from shift_assignments where id=?
Hibernate: delete from shift_assignments where id=?
2025-10-13T15:39:05.993+09:00 DEBUG 18196 --- [Shift Scheduler Demo] [           main] org.hibernate.SQL                        : delete from shift_assignments where id=?
Hibernate: delete from shift_assignments where id=?
2025-10-13T15:39:05.993+09:00 DEBUG 18196 --- [Shift Scheduler Demo] [           main] org.hibernate.SQL                        : delete from shift_assignments where id=?
Hibernate: delete from shift_assignments where id=?
2025-10-13T15:39:05.993+09:00 DEBUG 18196 --- [Shift Scheduler Demo] [           main] org.hibernate.SQL                        : delete from shift_assignments where id=?
Hibernate: delete from shift_assignments where id=?
2025-10-13T15:39:05.995+09:00 DEBUG 18196 --- [Shift Scheduler Demo] [           main] org.hibernate.SQL                        : delete from shift_assignments where id=?
Hibernate: delete from shift_assignments where id=?
2025-10-13T15:39:05.995+09:00 DEBUG 18196 --- [Shift Scheduler Demo] [           main] org.hibernate.SQL                        : delete from shift_assignments where id=?
Hibernate: delete from shift_assignments where id=?
2025-10-13T15:39:05.995+09:00 DEBUG 18196 --- [Shift Scheduler Demo] [           main] org.hibernate.SQL                        : delete from shift_assignments where id=?
Hibernate: delete from shift_assignments where id=?
2025-10-13T15:39:05.996+09:00 DEBUG 18196 --- [Shift Scheduler Demo] [           main] org.hibernate.SQL                        : delete from shift_assignments where id=?
Hibernate: delete from shift_assignments where id=?
2025-10-13T15:39:05.996+09:00 DEBUG 18196 --- [Shift Scheduler Demo] [           main] org.hibernate.SQL                        : delete from shift_assignments where id=?
Hibernate: delete from shift_assignments where id=?
2025-10-13T15:39:05.996+09:00 DEBUG 18196 --- [Shift Scheduler Demo] [           main] org.hibernate.SQL                        : delete from shift_assignments where id=?
Hibernate: delete from shift_assignments where id=?
2025-10-13T15:39:05.996+09:00 DEBUG 18196 --- [Shift Scheduler Demo] [           main] org.hibernate.SQL                        : delete from shift_assignments where id=?
Hibernate: delete from shift_assignments where id=?
2025-10-13T15:39:05.997+09:00 DEBUG 18196 --- [Shift Scheduler Demo] [           main] org.hibernate.SQL                        : delete from shift_assignments where id=?
Hibernate: delete from shift_assignments where id=?
2025-10-13T15:39:05.997+09:00 DEBUG 18196 --- [Shift Scheduler Demo] [           main] org.hibernate.SQL                        : delete from shift_assignments where id=?
Hibernate: delete from shift_assignments where id=?
2025-10-13T15:39:05.997+09:00 DEBUG 18196 --- [Shift Scheduler Demo] [           main] org.hibernate.SQL                        : delete from shift_assignments where id=?
Hibernate: delete from shift_assignments where id=?
2025-10-13T15:39:05.997+09:00 DEBUG 18196 --- [Shift Scheduler Demo] [           main] org.hibernate.SQL                        : delete from shift_assignments where id=?
Hibernate: delete from shift_assignments where id=?
2025-10-13T15:39:05.997+09:00 DEBUG 18196 --- [Shift Scheduler Demo] [           main] org.hibernate.SQL                        : delete from shift_assignments where id=?
Hibernate: delete from shift_assignments where id=?
2025-10-13T15:39:05.998+09:00 DEBUG 18196 --- [Shift Scheduler Demo] [           main] org.hibernate.SQL                        : delete from shift_assignments where id=?
Hibernate: delete from shift_assignments where id=?
2025-10-13T15:39:05.998+09:00 DEBUG 18196 --- [Shift Scheduler Demo] [           main] org.hibernate.SQL                        : delete from shift_assignments where id=?
Hibernate: delete from shift_assignments where id=?
2025-10-13T15:39:06.001+09:00 DEBUG 18196 --- [Shift Scheduler Demo] [           main] org.hibernate.SQL                        : delete from shift_assignments where id=?
Hibernate: delete from shift_assignments where id=?
2025-10-13T15:39:06.003+09:00 DEBUG 18196 --- [Shift Scheduler Demo] [           main] org.hibernate.SQL                        : delete from shift_assignments where id=?
Hibernate: delete from shift_assignments where id=?
2025-10-13T15:39:06.004+09:00 DEBUG 18196 --- [Shift Scheduler Demo] [           main] org.hibernate.SQL                        : delete from shift_assignments where id=?
Hibernate: delete from shift_assignments where id=?
2025-10-13T15:39:06.007+09:00 DEBUG 18196 --- [Shift Scheduler Demo] [           main] org.hibernate.SQL                        : delete from shift_assignments where id=?
Hibernate: delete from shift_assignments where id=?
2025-10-13T15:39:06.009+09:00 DEBUG 18196 --- [Shift Scheduler Demo] [           main] org.hibernate.SQL                        : delete from shift_assignments where id=?
Hibernate: delete from shift_assignments where id=?
2025-10-13T15:39:06.009+09:00 DEBUG 18196 --- [Shift Scheduler Demo] [           main] org.hibernate.SQL                        : delete from shift_assignments where id=?
Hibernate: delete from shift_assignments where id=?
2025-10-13T15:39:06.011+09:00 DEBUG 18196 --- [Shift Scheduler Demo] [           main] org.hibernate.SQL                        : delete from shift_assignments where id=?
Hibernate: delete from shift_assignments where id=?
2025-10-13T15:39:06.011+09:00 DEBUG 18196 --- [Shift Scheduler Demo] [           main] org.hibernate.SQL                        : delete from shift_assignments where id=?
Hibernate: delete from shift_assignments where id=?
2025-10-13T15:39:06.013+09:00 DEBUG 18196 --- [Shift Scheduler Demo] [           main] org.hibernate.SQL                        : delete from shift_assignments where id=?
Hibernate: delete from shift_assignments where id=?
2025-10-13T15:39:06.013+09:00 DEBUG 18196 --- [Shift Scheduler Demo] [           main] org.hibernate.SQL                        : delete from shift_assignments where id=?
Hibernate: delete from shift_assignments where id=?
2025-10-13T15:39:06.015+09:00 DEBUG 18196 --- [Shift Scheduler Demo] [           main] org.hibernate.SQL                        : delete from shift_assignments where id=?
Hibernate: delete from shift_assignments where id=?
2025-10-13T15:39:06.015+09:00 DEBUG 18196 --- [Shift Scheduler Demo] [           main] org.hibernate.SQL                        : delete from shift_assignments where id=?
Hibernate: delete from shift_assignments where id=?
2025-10-13T15:39:06.015+09:00 DEBUG 18196 --- [Shift Scheduler Demo] [           main] org.hibernate.SQL                        : delete from shift_assignments where id=?
Hibernate: delete from shift_assignments where id=?
2025-10-13T15:39:06.015+09:00 DEBUG 18196 --- [Shift Scheduler Demo] [           main] org.hibernate.SQL                        : delete from shift_assignments where id=?
Hibernate: delete from shift_assignments where id=?
2025-10-13T15:39:06.016+09:00 DEBUG 18196 --- [Shift Scheduler Demo] [           main] org.hibernate.SQL                        : delete from shift_assignments where id=?
Hibernate: delete from shift_assignments where id=?
2025-10-13T15:39:06.016+09:00 DEBUG 18196 --- [Shift Scheduler Demo] [           main] org.hibernate.SQL                        : delete from shift_assignments where id=?
Hibernate: delete from shift_assignments where id=?
2025-10-13T15:39:06.016+09:00 DEBUG 18196 --- [Shift Scheduler Demo] [           main] org.hibernate.SQL                        : delete from shift_assignments where id=?
Hibernate: delete from shift_assignments where id=?
2025-10-13T15:39:06.017+09:00 DEBUG 18196 --- [Shift Scheduler Demo] [           main] org.hibernate.SQL                        : delete from shift_assignments where id=?
Hibernate: delete from shift_assignments where id=?
2025-10-13T15:39:06.017+09:00 DEBUG 18196 --- [Shift Scheduler Demo] [           main] org.hibernate.SQL                        : delete from shift_assignments where id=?
Hibernate: delete from shift_assignments where id=?
2025-10-13T15:39:06.018+09:00 DEBUG 18196 --- [Shift Scheduler Demo] [           main] org.hibernate.SQL                        : delete from shift_assignments where id=?
Hibernate: delete from shift_assignments where id=?
2025-10-13T15:39:06.018+09:00 DEBUG 18196 --- [Shift Scheduler Demo] [           main] org.hibernate.SQL                        : delete from shift_assignments where id=?
Hibernate: delete from shift_assignments where id=?
2025-10-13T15:39:06.018+09:00 DEBUG 18196 --- [Shift Scheduler Demo] [           main] org.hibernate.SQL                        : delete from shift_assignments where id=?
Hibernate: delete from shift_assignments where id=?
2025-10-13T15:39:06.018+09:00 DEBUG 18196 --- [Shift Scheduler Demo] [           main] org.hibernate.SQL                        : delete from shift_assignments where id=?
Hibernate: delete from shift_assignments where id=?
2025-10-13T15:39:06.019+09:00 DEBUG 18196 --- [Shift Scheduler Demo] [           main] org.hibernate.SQL                        : delete from shift_assignments where id=?
Hibernate: delete from shift_assignments where id=?
2025-10-13T15:39:06.019+09:00 DEBUG 18196 --- [Shift Scheduler Demo] [           main] org.hibernate.SQL                        : delete from shift_assignments where id=?
Hibernate: delete from shift_assignments where id=?
2025-10-13T15:39:06.019+09:00 DEBUG 18196 --- [Shift Scheduler Demo] [           main] org.hibernate.SQL                        : delete from shift_assignments where id=?
Hibernate: delete from shift_assignments where id=?
2025-10-13T15:39:06.020+09:00 DEBUG 18196 --- [Shift Scheduler Demo] [           main] org.hibernate.SQL                        : delete from shift_assignments where id=?
Hibernate: delete from shift_assignments where id=?
2025-10-13T15:39:06.020+09:00 DEBUG 18196 --- [Shift Scheduler Demo] [           main] org.hibernate.SQL                        : delete from shift_assignments where id=?
Hibernate: delete from shift_assignments where id=?
2025-10-13T15:39:06.020+09:00 DEBUG 18196 --- [Shift Scheduler Demo] [           main] org.hibernate.SQL                        : delete from shift_assignments where id=?
Hibernate: delete from shift_assignments where id=?
2025-10-13T15:39:06.020+09:00 DEBUG 18196 --- [Shift Scheduler Demo] [           main] org.hibernate.SQL                        : delete from shift_assignments where id=?
Hibernate: delete from shift_assignments where id=?
2025-10-13T15:39:06.021+09:00 DEBUG 18196 --- [Shift Scheduler Demo] [           main] org.hibernate.SQL                        : delete from shift_assignments where id=?
Hibernate: delete from shift_assignments where id=?
2025-10-13T15:39:06.021+09:00 DEBUG 18196 --- [Shift Scheduler Demo] [           main] org.hibernate.SQL                        : delete from shift_assignments where id=?
Hibernate: delete from shift_assignments where id=?
2025-10-13T15:39:06.022+09:00 DEBUG 18196 --- [Shift Scheduler Demo] [           main] org.hibernate.SQL                        : delete from shift_assignments where id=?
Hibernate: delete from shift_assignments where id=?
2025-10-13T15:39:06.022+09:00 DEBUG 18196 --- [Shift Scheduler Demo] [           main] org.hibernate.SQL                        : delete from shift_assignments where id=?
Hibernate: delete from shift_assignments where id=?
2025-10-13T15:39:06.024+09:00 DEBUG 18196 --- [Shift Scheduler Demo] [           main] org.hibernate.SQL                        : delete from shift_assignments where id=?
Hibernate: delete from shift_assignments where id=?
2025-10-13T15:39:06.024+09:00 DEBUG 18196 --- [Shift Scheduler Demo] [           main] org.hibernate.SQL                        : delete from shift_assignments where id=?
Hibernate: delete from shift_assignments where id=?
2025-10-13T15:39:06.024+09:00 DEBUG 18196 --- [Shift Scheduler Demo] [           main] org.hibernate.SQL                        : delete from shift_assignments where id=?
Hibernate: delete from shift_assignments where id=?
2025-10-13T15:39:06.024+09:00 DEBUG 18196 --- [Shift Scheduler Demo] [           main] org.hibernate.SQL                        : delete from shift_assignments where id=?
Hibernate: delete from shift_assignments where id=?
2025-10-13T15:39:06.024+09:00 DEBUG 18196 --- [Shift Scheduler Demo] [           main] org.hibernate.SQL                        : delete from shift_assignments where id=?
Hibernate: delete from shift_assignments where id=?
2025-10-13T15:39:06.024+09:00 DEBUG 18196 --- [Shift Scheduler Demo] [           main] org.hibernate.SQL                        : delete from shift_assignments where id=?
Hibernate: delete from shift_assignments where id=?
2025-10-13T15:39:06.024+09:00 DEBUG 18196 --- [Shift Scheduler Demo] [           main] org.hibernate.SQL                        : delete from shift_assignments where id=?
Hibernate: delete from shift_assignments where id=?
2025-10-13T15:39:06.024+09:00 DEBUG 18196 --- [Shift Scheduler Demo] [           main] org.hibernate.SQL                        : delete from shift_assignments where id=?
Hibernate: delete from shift_assignments where id=?
2025-10-13T15:39:06.029+09:00 DEBUG 18196 --- [Shift Scheduler Demo] [           main] org.hibernate.SQL                        : delete from shift_assignments where id=?
Hibernate: delete from shift_assignments where id=?
2025-10-13T15:39:06.029+09:00 DEBUG 18196 --- [Shift Scheduler Demo] [           main] org.hibernate.SQL                        : delete from shift_assignments where id=?
Hibernate: delete from shift_assignments where id=?
2025-10-13T15:39:06.030+09:00 DEBUG 18196 --- [Shift Scheduler Demo] [           main] org.hibernate.SQL                        : delete from shift_assignments where id=?
Hibernate: delete from shift_assignments where id=?
2025-10-13T15:39:06.030+09:00 DEBUG 18196 --- [Shift Scheduler Demo] [           main] org.hibernate.SQL                        : delete from shift_assignments where id=?
Hibernate: delete from shift_assignments where id=?
2025-10-13T15:39:06.030+09:00 DEBUG 18196 --- [Shift Scheduler Demo] [           main] org.hibernate.SQL                        : delete from shift_assignments where id=?
Hibernate: delete from shift_assignments where id=?
2025-10-13T15:39:06.031+09:00 DEBUG 18196 --- [Shift Scheduler Demo] [           main] org.hibernate.SQL                        : delete from shift_assignments where id=?
Hibernate: delete from shift_assignments where id=?
2025-10-13T15:39:06.031+09:00 DEBUG 18196 --- [Shift Scheduler Demo] [           main] org.hibernate.SQL                        : delete from shift_assignments where id=?
Hibernate: delete from shift_assignments where id=?
2025-10-13T15:39:06.031+09:00 DEBUG 18196 --- [Shift Scheduler Demo] [           main] org.hibernate.SQL                        : delete from shift_assignments where id=?
Hibernate: delete from shift_assignments where id=?
2025-10-13T15:39:06.031+09:00 DEBUG 18196 --- [Shift Scheduler Demo] [           main] org.hibernate.SQL                        : delete from shift_assignments where id=?
Hibernate: delete from shift_assignments where id=?
2025-10-13T15:39:06.031+09:00 DEBUG 18196 --- [Shift Scheduler Demo] [           main] org.hibernate.SQL                        : delete from shift_assignments where id=?
Hibernate: delete from shift_assignments where id=?
2025-10-13T15:39:06.031+09:00 DEBUG 18196 --- [Shift Scheduler Demo] [           main] org.hibernate.SQL                        : delete from shift_assignments where id=?
Hibernate: delete from shift_assignments where id=?
2025-10-13T15:39:06.031+09:00 DEBUG 18196 --- [Shift Scheduler Demo] [           main] org.hibernate.SQL                        : delete from shift_assignments where id=?
Hibernate: delete from shift_assignments where id=?
2025-10-13T15:39:06.032+09:00 DEBUG 18196 --- [Shift Scheduler Demo] [           main] org.hibernate.SQL                        : delete from shift_assignments where id=?
Hibernate: delete from shift_assignments where id=?
2025-10-13T15:39:06.032+09:00 DEBUG 18196 --- [Shift Scheduler Demo] [           main] org.hibernate.SQL                        : delete from shift_assignments where id=?
Hibernate: delete from shift_assignments where id=?
2025-10-13T15:39:06.032+09:00 DEBUG 18196 --- [Shift Scheduler Demo] [           main] org.hibernate.SQL                        : delete from shift_assignments where id=?
Hibernate: delete from shift_assignments where id=?
2025-10-13T15:39:06.032+09:00 DEBUG 18196 --- [Shift Scheduler Demo] [           main] org.hibernate.SQL                        : delete from shift_assignments where id=?
Hibernate: delete from shift_assignments where id=?
2025-10-13T15:39:06.032+09:00 DEBUG 18196 --- [Shift Scheduler Demo] [           main] org.hibernate.SQL                        : delete from shift_assignments where id=?
Hibernate: delete from shift_assignments where id=?
2025-10-13T15:39:06.033+09:00 DEBUG 18196 --- [Shift Scheduler Demo] [           main] org.hibernate.SQL                        : delete from shift_assignments where id=?
Hibernate: delete from shift_assignments where id=?
2025-10-13T15:39:06.033+09:00 DEBUG 18196 --- [Shift Scheduler Demo] [           main] org.hibernate.SQL                        : delete from shift_assignments where id=?
Hibernate: delete from shift_assignments where id=?
2025-10-13T15:39:06.033+09:00 DEBUG 18196 --- [Shift Scheduler Demo] [           main] org.hibernate.SQL                        : delete from shift_assignments where id=?
Hibernate: delete from shift_assignments where id=?
2025-10-13T15:39:06.033+09:00 DEBUG 18196 --- [Shift Scheduler Demo] [           main] org.hibernate.SQL                        : delete from shift_assignments where id=?
Hibernate: delete from shift_assignments where id=?
2025-10-13T15:39:06.034+09:00 DEBUG 18196 --- [Shift Scheduler Demo] [           main] org.hibernate.SQL                        : delete from shift_assignments where id=?
Hibernate: delete from shift_assignments where id=?
2025-10-13T15:39:06.034+09:00 DEBUG 18196 --- [Shift Scheduler Demo] [           main] org.hibernate.SQL                        : delete from shift_assignments where id=?
Hibernate: delete from shift_assignments where id=?
2025-10-13T15:39:06.035+09:00 DEBUG 18196 --- [Shift Scheduler Demo] [           main] org.hibernate.SQL                        : delete from shift_assignments where id=?
Hibernate: delete from shift_assignments where id=?
2025-10-13T15:39:06.035+09:00 DEBUG 18196 --- [Shift Scheduler Demo] [           main] org.hibernate.SQL                        : delete from shift_assignments where id=?
Hibernate: delete from shift_assignments where id=?
2025-10-13T15:39:06.035+09:00 DEBUG 18196 --- [Shift Scheduler Demo] [           main] org.hibernate.SQL                        : delete from shift_assignments where id=?
Hibernate: delete from shift_assignments where id=?
2025-10-13T15:39:06.035+09:00 DEBUG 18196 --- [Shift Scheduler Demo] [           main] org.hibernate.SQL                        : delete from shift_assignments where id=?
Hibernate: delete from shift_assignments where id=?
2025-10-13T15:39:06.036+09:00 DEBUG 18196 --- [Shift Scheduler Demo] [           main] org.hibernate.SQL                        : delete from shift_assignments where id=?
Hibernate: delete from shift_assignments where id=?
2025-10-13T15:39:06.036+09:00 DEBUG 18196 --- [Shift Scheduler Demo] [           main] org.hibernate.SQL                        : delete from shift_assignments where id=?
Hibernate: delete from shift_assignments where id=?
2025-10-13T15:39:06.036+09:00 DEBUG 18196 --- [Shift Scheduler Demo] [           main] org.hibernate.SQL                        : delete from shift_assignments where id=?
Hibernate: delete from shift_assignments where id=?
2025-10-13T15:39:06.036+09:00 DEBUG 18196 --- [Shift Scheduler Demo] [           main] org.hibernate.SQL                        : delete from shift_assignments where id=?
Hibernate: delete from shift_assignments where id=?
2025-10-13T15:39:06.037+09:00 DEBUG 18196 --- [Shift Scheduler Demo] [           main] org.hibernate.SQL                        : delete from shift_assignments where id=?
Hibernate: delete from shift_assignments where id=?
2025-10-13T15:39:06.037+09:00 DEBUG 18196 --- [Shift Scheduler Demo] [           main] org.hibernate.SQL                        : delete from shift_assignments where id=?
Hibernate: delete from shift_assignments where id=?
2025-10-13T15:39:06.037+09:00 DEBUG 18196 --- [Shift Scheduler Demo] [           main] org.hibernate.SQL                        : delete from shift_assignments where id=?
Hibernate: delete from shift_assignments where id=?
2025-10-13T15:39:06.038+09:00 DEBUG 18196 --- [Shift Scheduler Demo] [           main] org.hibernate.SQL                        : delete from shift_assignments where id=?
Hibernate: delete from shift_assignments where id=?
2025-10-13T15:39:06.038+09:00 DEBUG 18196 --- [Shift Scheduler Demo] [           main] org.hibernate.SQL                        : delete from shift_assignments where id=?
Hibernate: delete from shift_assignments where id=?
2025-10-13T15:39:06.038+09:00 DEBUG 18196 --- [Shift Scheduler Demo] [           main] org.hibernate.SQL                        : delete from shift_assignments where id=?
Hibernate: delete from shift_assignments where id=?
2025-10-13T15:39:06.038+09:00 DEBUG 18196 --- [Shift Scheduler Demo] [           main] org.hibernate.SQL                        : delete from shift_assignments where id=?
Hibernate: delete from shift_assignments where id=?
2025-10-13T15:39:06.042+09:00 DEBUG 18196 --- [Shift Scheduler Demo] [           main] org.hibernate.SQL                        : delete from shift_assignments where id=?
Hibernate: delete from shift_assignments where id=?
2025-10-13T15:39:06.042+09:00 DEBUG 18196 --- [Shift Scheduler Demo] [           main] org.hibernate.SQL                        : delete from shift_assignments where id=?
Hibernate: delete from shift_assignments where id=?
2025-10-13T15:39:06.042+09:00 DEBUG 18196 --- [Shift Scheduler Demo] [           main] org.hibernate.SQL                        : delete from shift_assignments where id=?
Hibernate: delete from shift_assignments where id=?
2025-10-13T15:39:06.042+09:00 DEBUG 18196 --- [Shift Scheduler Demo] [           main] org.hibernate.SQL                        : delete from shift_assignments where id=?
Hibernate: delete from shift_assignments where id=?
2025-10-13T15:39:06.042+09:00 DEBUG 18196 --- [Shift Scheduler Demo] [           main] org.hibernate.SQL                        : delete from shift_assignments where id=?
Hibernate: delete from shift_assignments where id=?
2025-10-13T15:39:06.042+09:00 DEBUG 18196 --- [Shift Scheduler Demo] [           main] org.hibernate.SQL                        : delete from shift_assignments where id=?
Hibernate: delete from shift_assignments where id=?
2025-10-13T15:39:06.042+09:00 DEBUG 18196 --- [Shift Scheduler Demo] [           main] org.hibernate.SQL                        : delete from shift_assignments where id=?
Hibernate: delete from shift_assignments where id=?
2025-10-13T15:39:06.042+09:00 DEBUG 18196 --- [Shift Scheduler Demo] [           main] org.hibernate.SQL                        : delete from shift_assignments where id=?
Hibernate: delete from shift_assignments where id=?
2025-10-13T15:39:06.042+09:00 DEBUG 18196 --- [Shift Scheduler Demo] [           main] org.hibernate.SQL                        : delete from shift_assignments where id=?
Hibernate: delete from shift_assignments where id=?
2025-10-13T15:39:06.042+09:00 DEBUG 18196 --- [Shift Scheduler Demo] [           main] org.hibernate.SQL                        : delete from shift_assignments where id=?
Hibernate: delete from shift_assignments where id=?
2025-10-13T15:39:06.042+09:00 DEBUG 18196 --- [Shift Scheduler Demo] [           main] org.hibernate.SQL                        : delete from shift_assignments where id=?
Hibernate: delete from shift_assignments where id=?
2025-10-13T15:39:06.042+09:00 DEBUG 18196 --- [Shift Scheduler Demo] [           main] org.hibernate.SQL                        : delete from shift_assignments where id=?
Hibernate: delete from shift_assignments where id=?
2025-10-13T15:39:06.042+09:00 DEBUG 18196 --- [Shift Scheduler Demo] [           main] org.hibernate.SQL                        : delete from shift_assignments where id=?
Hibernate: delete from shift_assignments where id=?
2025-10-13T15:39:06.042+09:00 DEBUG 18196 --- [Shift Scheduler Demo] [           main] org.hibernate.SQL                        : delete from shift_assignments where id=?
Hibernate: delete from shift_assignments where id=?
2025-10-13T15:39:06.042+09:00 DEBUG 18196 --- [Shift Scheduler Demo] [           main] org.hibernate.SQL                        : delete from shift_assignments where id=?
Hibernate: delete from shift_assignments where id=?
2025-10-13T15:39:06.046+09:00 DEBUG 18196 --- [Shift Scheduler Demo] [           main] org.hibernate.SQL                        : delete from shift_assignments where id=?
Hibernate: delete from shift_assignments where id=?
2025-10-13T15:39:06.046+09:00 DEBUG 18196 --- [Shift Scheduler Demo] [           main] org.hibernate.SQL                        : delete from shift_assignments where id=?
Hibernate: delete from shift_assignments where id=?
2025-10-13T15:39:06.046+09:00 DEBUG 18196 --- [Shift Scheduler Demo] [           main] org.hibernate.SQL                        : delete from shift_assignments where id=?
Hibernate: delete from shift_assignments where id=?
2025-10-13T15:39:06.046+09:00 DEBUG 18196 --- [Shift Scheduler Demo] [           main] org.hibernate.SQL                        : delete from shift_assignments where id=?
Hibernate: delete from shift_assignments where id=?
2025-10-13T15:39:06.047+09:00 DEBUG 18196 --- [Shift Scheduler Demo] [           main] org.hibernate.SQL                        : delete from shift_assignments where id=?
Hibernate: delete from shift_assignments where id=?
2025-10-13T15:39:06.047+09:00 DEBUG 18196 --- [Shift Scheduler Demo] [           main] org.hibernate.SQL                        : delete from shift_assignments where id=?
Hibernate: delete from shift_assignments where id=?
2025-10-13T15:39:06.047+09:00 DEBUG 18196 --- [Shift Scheduler Demo] [           main] org.hibernate.SQL                        : delete from shift_assignments where id=?
Hibernate: delete from shift_assignments where id=?
2025-10-13T15:39:06.047+09:00 DEBUG 18196 --- [Shift Scheduler Demo] [           main] org.hibernate.SQL                        : delete from shift_assignments where id=?
Hibernate: delete from shift_assignments where id=?
2025-10-13T15:39:06.047+09:00 DEBUG 18196 --- [Shift Scheduler Demo] [           main] org.hibernate.SQL                        : delete from shift_assignments where id=?
Hibernate: delete from shift_assignments where id=?
2025-10-13T15:39:06.047+09:00 DEBUG 18196 --- [Shift Scheduler Demo] [           main] org.hibernate.SQL                        : delete from shift_assignments where id=?
Hibernate: delete from shift_assignments where id=?
2025-10-13T15:39:06.048+09:00 DEBUG 18196 --- [Shift Scheduler Demo] [           main] org.hibernate.SQL                        : delete from shift_assignments where id=?
Hibernate: delete from shift_assignments where id=?
2025-10-13T15:39:06.048+09:00 DEBUG 18196 --- [Shift Scheduler Demo] [           main] org.hibernate.SQL                        : delete from shift_assignments where id=?
Hibernate: delete from shift_assignments where id=?
2025-10-13T15:39:06.048+09:00 DEBUG 18196 --- [Shift Scheduler Demo] [           main] org.hibernate.SQL                        : delete from shift_assignments where id=?
Hibernate: delete from shift_assignments where id=?
2025-10-13T15:39:06.048+09:00 DEBUG 18196 --- [Shift Scheduler Demo] [           main] org.hibernate.SQL                        : delete from shift_assignments where id=?
Hibernate: delete from shift_assignments where id=?
2025-10-13T15:39:06.048+09:00 DEBUG 18196 --- [Shift Scheduler Demo] [           main] org.hibernate.SQL                        : delete from shift_assignments where id=?
Hibernate: delete from shift_assignments where id=?
2025-10-13T15:39:06.049+09:00 DEBUG 18196 --- [Shift Scheduler Demo] [           main] org.hibernate.SQL                        : delete from shift_assignments where id=?
Hibernate: delete from shift_assignments where id=?
2025-10-13T15:39:06.049+09:00 DEBUG 18196 --- [Shift Scheduler Demo] [           main] org.hibernate.SQL                        : delete from shift_assignments where id=?
Hibernate: delete from shift_assignments where id=?
2025-10-13T15:39:06.050+09:00 DEBUG 18196 --- [Shift Scheduler Demo] [           main] org.hibernate.SQL                        : delete from shift_assignments where id=?
Hibernate: delete from shift_assignments where id=?
2025-10-13T15:39:06.050+09:00 DEBUG 18196 --- [Shift Scheduler Demo] [           main] org.hibernate.SQL                        : delete from shift_assignments where id=?
Hibernate: delete from shift_assignments where id=?
2025-10-13T15:39:06.050+09:00 DEBUG 18196 --- [Shift Scheduler Demo] [           main] org.hibernate.SQL                        : delete from shift_assignments where id=?
Hibernate: delete from shift_assignments where id=?
2025-10-13T15:39:06.050+09:00 DEBUG 18196 --- [Shift Scheduler Demo] [           main] org.hibernate.SQL                        : delete from shift_assignments where id=?
Hibernate: delete from shift_assignments where id=?
2025-10-13T15:39:06.050+09:00 DEBUG 18196 --- [Shift Scheduler Demo] [           main] org.hibernate.SQL                        : delete from shift_assignments where id=?
Hibernate: delete from shift_assignments where id=?
2025-10-13T15:39:06.051+09:00 DEBUG 18196 --- [Shift Scheduler Demo] [           main] org.hibernate.SQL                        : delete from shift_assignments where id=?
Hibernate: delete from shift_assignments where id=?
2025-10-13T15:39:06.051+09:00 DEBUG 18196 --- [Shift Scheduler Demo] [           main] org.hibernate.SQL                        : delete from shift_assignments where id=?
Hibernate: delete from shift_assignments where id=?
2025-10-13T15:39:06.051+09:00 DEBUG 18196 --- [Shift Scheduler Demo] [           main] org.hibernate.SQL                        : delete from shift_assignments where id=?
Hibernate: delete from shift_assignments where id=?
2025-10-13T15:39:06.051+09:00 DEBUG 18196 --- [Shift Scheduler Demo] [           main] org.hibernate.SQL                        : delete from shift_assignments where id=?
Hibernate: delete from shift_assignments where id=?
2025-10-13T15:39:06.051+09:00 DEBUG 18196 --- [Shift Scheduler Demo] [           main] org.hibernate.SQL                        : delete from shift_assignments where id=?
Hibernate: delete from shift_assignments where id=?
2025-10-13T15:39:06.052+09:00 DEBUG 18196 --- [Shift Scheduler Demo] [           main] org.hibernate.SQL                        : delete from shift_assignments where id=?
Hibernate: delete from shift_assignments where id=?
2025-10-13T15:39:06.052+09:00 DEBUG 18196 --- [Shift Scheduler Demo] [           main] org.hibernate.SQL                        : delete from shift_assignments where id=?
Hibernate: delete from shift_assignments where id=?
2025-10-13T15:39:06.052+09:00 DEBUG 18196 --- [Shift Scheduler Demo] [           main] org.hibernate.SQL                        : delete from shift_assignments where id=?
Hibernate: delete from shift_assignments where id=?
2025-10-13T15:39:06.052+09:00 DEBUG 18196 --- [Shift Scheduler Demo] [           main] org.hibernate.SQL                        : delete from shift_assignments where id=?
Hibernate: delete from shift_assignments where id=?
2025-10-13T15:39:06.052+09:00 DEBUG 18196 --- [Shift Scheduler Demo] [           main] org.hibernate.SQL                        : delete from shift_assignments where id=?
Hibernate: delete from shift_assignments where id=?
2025-10-13T15:39:06.053+09:00 DEBUG 18196 --- [Shift Scheduler Demo] [           main] org.hibernate.SQL                        : delete from shift_assignments where id=?
Hibernate: delete from shift_assignments where id=?
2025-10-13T15:39:06.053+09:00 DEBUG 18196 --- [Shift Scheduler Demo] [           main] org.hibernate.SQL                        : delete from shift_assignments where id=?
Hibernate: delete from shift_assignments where id=?
2025-10-13T15:39:06.053+09:00 DEBUG 18196 --- [Shift Scheduler Demo] [           main] org.hibernate.SQL                        : delete from shift_assignments where id=?
Hibernate: delete from shift_assignments where id=?
2025-10-13T15:39:06.053+09:00 DEBUG 18196 --- [Shift Scheduler Demo] [           main] org.hibernate.SQL                        : delete from shift_assignments where id=?
Hibernate: delete from shift_assignments where id=?
2025-10-13T15:39:06.053+09:00 DEBUG 18196 --- [Shift Scheduler Demo] [           main] org.hibernate.SQL                        : delete from shift_assignments where id=?
Hibernate: delete from shift_assignments where id=?
2025-10-13T15:39:06.053+09:00 DEBUG 18196 --- [Shift Scheduler Demo] [           main] org.hibernate.SQL                        : delete from shift_assignments where id=?
Hibernate: delete from shift_assignments where id=?
2025-10-13T15:39:06.054+09:00 DEBUG 18196 --- [Shift Scheduler Demo] [           main] org.hibernate.SQL                        : delete from shift_assignments where id=?
Hibernate: delete from shift_assignments where id=?
2025-10-13T15:39:06.054+09:00 DEBUG 18196 --- [Shift Scheduler Demo] [           main] org.hibernate.SQL                        : delete from shift_assignments where id=?
Hibernate: delete from shift_assignments where id=?
2025-10-13T15:39:06.054+09:00 DEBUG 18196 --- [Shift Scheduler Demo] [           main] org.hibernate.SQL                        : delete from shift_assignments where id=?
Hibernate: delete from shift_assignments where id=?
2025-10-13T15:39:06.055+09:00 DEBUG 18196 --- [Shift Scheduler Demo] [           main] org.hibernate.SQL                        : delete from shift_assignments where id=?
Hibernate: delete from shift_assignments where id=?
2025-10-13T15:39:06.055+09:00 DEBUG 18196 --- [Shift Scheduler Demo] [           main] org.hibernate.SQL                        : delete from shift_assignments where id=?
Hibernate: delete from shift_assignments where id=?
2025-10-13T15:39:06.055+09:00 DEBUG 18196 --- [Shift Scheduler Demo] [           main] org.hibernate.SQL                        : delete from shift_assignments where id=?
Hibernate: delete from shift_assignments where id=?
2025-10-13T15:39:06.055+09:00 DEBUG 18196 --- [Shift Scheduler Demo] [           main] org.hibernate.SQL                        : delete from shift_assignments where id=?
Hibernate: delete from shift_assignments where id=?
2025-10-13T15:39:06.055+09:00 DEBUG 18196 --- [Shift Scheduler Demo] [           main] org.hibernate.SQL                        : delete from shift_assignments where id=?
Hibernate: delete from shift_assignments where id=?
2025-10-13T15:39:06.055+09:00 DEBUG 18196 --- [Shift Scheduler Demo] [           main] org.hibernate.SQL                        : delete from shift_assignments where id=?
Hibernate: delete from shift_assignments where id=?
2025-10-13T15:39:06.055+09:00 DEBUG 18196 --- [Shift Scheduler Demo] [           main] org.hibernate.SQL                        : delete from shift_assignments where id=?
Hibernate: delete from shift_assignments where id=?
2025-10-13T15:39:06.055+09:00 DEBUG 18196 --- [Shift Scheduler Demo] [           main] org.hibernate.SQL                        : delete from shift_assignments where id=?
Hibernate: delete from shift_assignments where id=?
2025-10-13T15:39:06.055+09:00 DEBUG 18196 --- [Shift Scheduler Demo] [           main] org.hibernate.SQL                        : delete from shift_assignments where id=?
Hibernate: delete from shift_assignments where id=?
2025-10-13T15:39:06.055+09:00 DEBUG 18196 --- [Shift Scheduler Demo] [           main] org.hibernate.SQL                        : delete from shift_assignments where id=?
Hibernate: delete from shift_assignments where id=?
2025-10-13T15:39:06.055+09:00 DEBUG 18196 --- [Shift Scheduler Demo] [           main] org.hibernate.SQL                        : delete from shift_assignments where id=?
Hibernate: delete from shift_assignments where id=?
2025-10-13T15:39:06.055+09:00 DEBUG 18196 --- [Shift Scheduler Demo] [           main] org.hibernate.SQL                        : delete from shift_assignments where id=?
Hibernate: delete from shift_assignments where id=?
2025-10-13T15:39:06.055+09:00 DEBUG 18196 --- [Shift Scheduler Demo] [           main] org.hibernate.SQL                        : delete from shift_assignments where id=?
Hibernate: delete from shift_assignments where id=?
2025-10-13T15:39:06.055+09:00 DEBUG 18196 --- [Shift Scheduler Demo] [           main] org.hibernate.SQL                        : delete from shift_assignments where id=?
Hibernate: delete from shift_assignments where id=?
2025-10-13T15:39:06.055+09:00 DEBUG 18196 --- [Shift Scheduler Demo] [           main] org.hibernate.SQL                        : delete from shift_assignments where id=?
Hibernate: delete from shift_assignments where id=?
2025-10-13T15:39:06.055+09:00 DEBUG 18196 --- [Shift Scheduler Demo] [           main] org.hibernate.SQL                        : delete from shift_assignments where id=?
Hibernate: delete from shift_assignments where id=?
2025-10-13T15:39:06.055+09:00 DEBUG 18196 --- [Shift Scheduler Demo] [           main] org.hibernate.SQL                        : delete from shift_assignments where id=?
Hibernate: delete from shift_assignments where id=?
2025-10-13T15:39:06.055+09:00 DEBUG 18196 --- [Shift Scheduler Demo] [           main] org.hibernate.SQL                        : delete from shift_assignments where id=?
Hibernate: delete from shift_assignments where id=?
2025-10-13T15:39:06.055+09:00 DEBUG 18196 --- [Shift Scheduler Demo] [           main] org.hibernate.SQL                        : delete from shift_assignments where id=?
Hibernate: delete from shift_assignments where id=?
2025-10-13T15:39:06.055+09:00 DEBUG 18196 --- [Shift Scheduler Demo] [           main] org.hibernate.SQL                        : delete from shift_assignments where id=?
Hibernate: delete from shift_assignments where id=?
2025-10-13T15:39:06.055+09:00 DEBUG 18196 --- [Shift Scheduler Demo] [           main] org.hibernate.SQL                        : delete from shift_assignments where id=?
Hibernate: delete from shift_assignments where id=?
2025-10-13T15:39:06.055+09:00 DEBUG 18196 --- [Shift Scheduler Demo] [           main] org.hibernate.SQL                        : delete from shift_assignments where id=?
Hibernate: delete from shift_assignments where id=?
2025-10-13T15:39:06.055+09:00 DEBUG 18196 --- [Shift Scheduler Demo] [           main] org.hibernate.SQL                        : delete from shift_assignments where id=?
Hibernate: delete from shift_assignments where id=?
2025-10-13T15:39:06.055+09:00 DEBUG 18196 --- [Shift Scheduler Demo] [           main] org.hibernate.SQL                        : delete from shift_assignments where id=?
Hibernate: delete from shift_assignments where id=?
2025-10-13T15:39:06.055+09:00 DEBUG 18196 --- [Shift Scheduler Demo] [           main] org.hibernate.SQL                        : delete from shift_assignments where id=?
Hibernate: delete from shift_assignments where id=?
2025-10-13T15:39:06.055+09:00 DEBUG 18196 --- [Shift Scheduler Demo] [           main] org.hibernate.SQL                        : delete from shift_assignments where id=?
Hibernate: delete from shift_assignments where id=?
2025-10-13T15:39:06.055+09:00 DEBUG 18196 --- [Shift Scheduler Demo] [           main] org.hibernate.SQL                        : delete from shift_assignments where id=?
Hibernate: delete from shift_assignments where id=?
2025-10-13T15:39:06.055+09:00 DEBUG 18196 --- [Shift Scheduler Demo] [           main] org.hibernate.SQL                        : delete from shift_assignments where id=?
Hibernate: delete from shift_assignments where id=?
2025-10-13T15:39:06.055+09:00 DEBUG 18196 --- [Shift Scheduler Demo] [           main] org.hibernate.SQL                        : delete from shift_assignments where id=?
Hibernate: delete from shift_assignments where id=?
2025-10-13T15:39:06.055+09:00 DEBUG 18196 --- [Shift Scheduler Demo] [           main] org.hibernate.SQL                        : delete from shift_assignments where id=?
Hibernate: delete from shift_assignments where id=?
2025-10-13T15:39:06.055+09:00 DEBUG 18196 --- [Shift Scheduler Demo] [           main] org.hibernate.SQL                        : delete from shift_assignments where id=?
Hibernate: delete from shift_assignments where id=?
2025-10-13T15:39:06.055+09:00 DEBUG 18196 --- [Shift Scheduler Demo] [           main] org.hibernate.SQL                        : delete from shift_assignments where id=?
Hibernate: delete from shift_assignments where id=?
2025-10-13T15:39:06.055+09:00 DEBUG 18196 --- [Shift Scheduler Demo] [           main] org.hibernate.SQL                        : delete from shift_assignments where id=?
Hibernate: delete from shift_assignments where id=?
2025-10-13T15:39:06.055+09:00 DEBUG 18196 --- [Shift Scheduler Demo] [           main] org.hibernate.SQL                        : delete from shift_assignments where id=?
Hibernate: delete from shift_assignments where id=?
2025-10-13T15:39:06.061+09:00 DEBUG 18196 --- [Shift Scheduler Demo] [           main] org.hibernate.SQL                        : delete from shift_assignments where id=?
Hibernate: delete from shift_assignments where id=?
2025-10-13T15:39:06.061+09:00 DEBUG 18196 --- [Shift Scheduler Demo] [           main] org.hibernate.SQL                        : delete from shift_assignments where id=?
Hibernate: delete from shift_assignments where id=?
2025-10-13T15:39:06.061+09:00 DEBUG 18196 --- [Shift Scheduler Demo] [           main] org.hibernate.SQL                        : delete from shift_assignments where id=?
Hibernate: delete from shift_assignments where id=?
2025-10-13T15:39:06.062+09:00 DEBUG 18196 --- [Shift Scheduler Demo] [           main] org.hibernate.SQL                        : delete from shift_assignments where id=?
Hibernate: delete from shift_assignments where id=?
2025-10-13T15:39:06.062+09:00 DEBUG 18196 --- [Shift Scheduler Demo] [           main] org.hibernate.SQL                        : delete from shift_assignments where id=?
Hibernate: delete from shift_assignments where id=?
2025-10-13T15:39:06.062+09:00 DEBUG 18196 --- [Shift Scheduler Demo] [           main] org.hibernate.SQL                        : delete from shift_assignments where id=?
Hibernate: delete from shift_assignments where id=?
2025-10-13T15:39:06.063+09:00 DEBUG 18196 --- [Shift Scheduler Demo] [           main] org.hibernate.SQL                        : delete from shift_assignments where id=?
Hibernate: delete from shift_assignments where id=?
2025-10-13T15:39:06.063+09:00 DEBUG 18196 --- [Shift Scheduler Demo] [           main] org.hibernate.SQL                        : delete from shift_assignments where id=?
Hibernate: delete from shift_assignments where id=?
2025-10-13T15:39:06.063+09:00 DEBUG 18196 --- [Shift Scheduler Demo] [           main] org.hibernate.SQL                        : delete from shift_assignments where id=?
Hibernate: delete from shift_assignments where id=?
2025-10-13T15:39:06.064+09:00 DEBUG 18196 --- [Shift Scheduler Demo] [           main] org.hibernate.SQL                        : delete from shift_assignments where id=?
Hibernate: delete from shift_assignments where id=?
2025-10-13T15:39:06.064+09:00 DEBUG 18196 --- [Shift Scheduler Demo] [           main] org.hibernate.SQL                        : delete from shift_assignments where id=?
Hibernate: delete from shift_assignments where id=?
2025-10-13T15:39:06.065+09:00 DEBUG 18196 --- [Shift Scheduler Demo] [           main] org.hibernate.SQL                        : delete from shift_assignments where id=?
Hibernate: delete from shift_assignments where id=?
2025-10-13T15:39:06.065+09:00 DEBUG 18196 --- [Shift Scheduler Demo] [           main] org.hibernate.SQL                        : delete from shift_assignments where id=?
Hibernate: delete from shift_assignments where id=?
2025-10-13T15:39:06.065+09:00 DEBUG 18196 --- [Shift Scheduler Demo] [           main] org.hibernate.SQL                        : delete from shift_assignments where id=?
Hibernate: delete from shift_assignments where id=?
2025-10-13T15:39:06.065+09:00 DEBUG 18196 --- [Shift Scheduler Demo] [           main] org.hibernate.SQL                        : delete from shift_assignments where id=?
Hibernate: delete from shift_assignments where id=?
2025-10-13T15:39:06.065+09:00 DEBUG 18196 --- [Shift Scheduler Demo] [           main] org.hibernate.SQL                        : delete from shift_assignments where id=?
Hibernate: delete from shift_assignments where id=?
2025-10-13T15:39:06.065+09:00 DEBUG 18196 --- [Shift Scheduler Demo] [           main] org.hibernate.SQL                        : delete from shift_assignments where id=?
Hibernate: delete from shift_assignments where id=?
2025-10-13T15:39:06.066+09:00 DEBUG 18196 --- [Shift Scheduler Demo] [           main] org.hibernate.SQL                        : delete from shift_assignments where id=?
Hibernate: delete from shift_assignments where id=?
2025-10-13T15:39:06.066+09:00 DEBUG 18196 --- [Shift Scheduler Demo] [           main] org.hibernate.SQL                        : delete from shift_assignments where id=?
Hibernate: delete from shift_assignments where id=?
2025-10-13T15:39:06.066+09:00 DEBUG 18196 --- [Shift Scheduler Demo] [           main] org.hibernate.SQL                        : delete from shift_assignments where id=?
Hibernate: delete from shift_assignments where id=?
2025-10-13T15:39:06.066+09:00 DEBUG 18196 --- [Shift Scheduler Demo] [           main] org.hibernate.SQL                        : delete from shift_assignments where id=?
Hibernate: delete from shift_assignments where id=?
2025-10-13T15:39:06.066+09:00 DEBUG 18196 --- [Shift Scheduler Demo] [           main] org.hibernate.SQL                        : delete from shift_assignments where id=?
Hibernate: delete from shift_assignments where id=?
2025-10-13T15:39:06.066+09:00 DEBUG 18196 --- [Shift Scheduler Demo] [           main] org.hibernate.SQL                        : delete from shift_assignments where id=?
Hibernate: delete from shift_assignments where id=?
2025-10-13T15:39:06.066+09:00 DEBUG 18196 --- [Shift Scheduler Demo] [           main] org.hibernate.SQL                        : delete from shift_assignments where id=?
Hibernate: delete from shift_assignments where id=?
2025-10-13T15:39:06.068+09:00 DEBUG 18196 --- [Shift Scheduler Demo] [           main] org.hibernate.SQL                        : delete from shift_assignments where id=?
Hibernate: delete from shift_assignments where id=?
2025-10-13T15:39:06.068+09:00 DEBUG 18196 --- [Shift Scheduler Demo] [           main] org.hibernate.SQL                        : delete from shift_assignments where id=?
Hibernate: delete from shift_assignments where id=?
2025-10-13T15:39:06.068+09:00 DEBUG 18196 --- [Shift Scheduler Demo] [           main] org.hibernate.SQL                        : delete from shift_assignments where id=?
Hibernate: delete from shift_assignments where id=?
2025-10-13T15:39:06.068+09:00 DEBUG 18196 --- [Shift Scheduler Demo] [           main] org.hibernate.SQL                        : delete from shift_assignments where id=?
Hibernate: delete from shift_assignments where id=?
2025-10-13T15:39:06.068+09:00 DEBUG 18196 --- [Shift Scheduler Demo] [           main] org.hibernate.SQL                        : delete from shift_assignments where id=?
Hibernate: delete from shift_assignments where id=?
2025-10-13T15:39:06.068+09:00 DEBUG 18196 --- [Shift Scheduler Demo] [           main] org.hibernate.SQL                        : delete from shift_assignments where id=?
Hibernate: delete from shift_assignments where id=?
2025-10-13T15:39:06.069+09:00 DEBUG 18196 --- [Shift Scheduler Demo] [           main] org.hibernate.SQL                        : delete from shift_assignments where id=?
Hibernate: delete from shift_assignments where id=?
2025-10-13T15:39:06.069+09:00 DEBUG 18196 --- [Shift Scheduler Demo] [           main] org.hibernate.SQL                        : delete from shift_assignments where id=?
Hibernate: delete from shift_assignments where id=?
2025-10-13T15:39:06.069+09:00 DEBUG 18196 --- [Shift Scheduler Demo] [           main] org.hibernate.SQL                        : delete from shift_assignments where id=?
Hibernate: delete from shift_assignments where id=?
2025-10-13T15:39:06.069+09:00 DEBUG 18196 --- [Shift Scheduler Demo] [           main] org.hibernate.SQL                        : delete from shift_assignments where id=?
Hibernate: delete from shift_assignments where id=?
2025-10-13T15:39:06.070+09:00 DEBUG 18196 --- [Shift Scheduler Demo] [           main] org.hibernate.SQL                        : delete from shift_assignments where id=?
Hibernate: delete from shift_assignments where id=?
2025-10-13T15:39:06.070+09:00 DEBUG 18196 --- [Shift Scheduler Demo] [           main] org.hibernate.SQL                        : delete from shift_assignments where id=?
Hibernate: delete from shift_assignments where id=?
2025-10-13T15:39:06.070+09:00 DEBUG 18196 --- [Shift Scheduler Demo] [           main] org.hibernate.SQL                        : delete from shift_assignments where id=?
Hibernate: delete from shift_assignments where id=?
2025-10-13T15:39:06.070+09:00 DEBUG 18196 --- [Shift Scheduler Demo] [           main] org.hibernate.SQL                        : delete from shift_assignments where id=?
Hibernate: delete from shift_assignments where id=?
2025-10-13T15:39:06.071+09:00 DEBUG 18196 --- [Shift Scheduler Demo] [           main] org.hibernate.SQL                        : delete from shift_assignments where id=?
Hibernate: delete from shift_assignments where id=?
2025-10-13T15:39:06.071+09:00 DEBUG 18196 --- [Shift Scheduler Demo] [           main] org.hibernate.SQL                        : delete from shift_assignments where id=?
Hibernate: delete from shift_assignments where id=?
2025-10-13T15:39:06.071+09:00 DEBUG 18196 --- [Shift Scheduler Demo] [           main] org.hibernate.SQL                        : delete from shift_assignments where id=?
Hibernate: delete from shift_assignments where id=?
2025-10-13T15:39:06.071+09:00 DEBUG 18196 --- [Shift Scheduler Demo] [           main] org.hibernate.SQL                        : delete from shift_assignments where id=?
Hibernate: delete from shift_assignments where id=?
2025-10-13T15:39:06.072+09:00 DEBUG 18196 --- [Shift Scheduler Demo] [           main] org.hibernate.SQL                        : delete from shift_assignments where id=?
Hibernate: delete from shift_assignments where id=?
2025-10-13T15:39:06.072+09:00 DEBUG 18196 --- [Shift Scheduler Demo] [           main] org.hibernate.SQL                        : delete from shift_assignments where id=?
Hibernate: delete from shift_assignments where id=?
2025-10-13T15:39:06.074+09:00 DEBUG 18196 --- [Shift Scheduler Demo] [           main] org.hibernate.SQL                        : delete from shift_assignments where id=?
Hibernate: delete from shift_assignments where id=?
2025-10-13T15:39:06.074+09:00 DEBUG 18196 --- [Shift Scheduler Demo] [           main] org.hibernate.SQL                        : delete from shift_assignments where id=?
Hibernate: delete from shift_assignments where id=?
2025-10-13T15:39:06.074+09:00 DEBUG 18196 --- [Shift Scheduler Demo] [           main] org.hibernate.SQL                        : delete from shift_assignments where id=?
Hibernate: delete from shift_assignments where id=?
2025-10-13T15:39:06.074+09:00 DEBUG 18196 --- [Shift Scheduler Demo] [           main] org.hibernate.SQL                        : delete from shift_assignments where id=?
Hibernate: delete from shift_assignments where id=?
2025-10-13T15:39:06.074+09:00 DEBUG 18196 --- [Shift Scheduler Demo] [           main] org.hibernate.SQL                        : delete from shift_assignments where id=?
Hibernate: delete from shift_assignments where id=?
2025-10-13T15:39:06.074+09:00 DEBUG 18196 --- [Shift Scheduler Demo] [           main] org.hibernate.SQL                        : delete from shift_assignments where id=?
Hibernate: delete from shift_assignments where id=?
2025-10-13T15:39:06.074+09:00 DEBUG 18196 --- [Shift Scheduler Demo] [           main] org.hibernate.SQL                        : delete from shift_assignments where id=?
Hibernate: delete from shift_assignments where id=?
2025-10-13T15:39:06.074+09:00 DEBUG 18196 --- [Shift Scheduler Demo] [           main] org.hibernate.SQL                        : delete from shift_assignments where id=?
Hibernate: delete from shift_assignments where id=?
2025-10-13T15:39:06.074+09:00 DEBUG 18196 --- [Shift Scheduler Demo] [           main] org.hibernate.SQL                        : delete from shift_assignments where id=?
Hibernate: delete from shift_assignments where id=?
2025-10-13T15:39:06.074+09:00 DEBUG 18196 --- [Shift Scheduler Demo] [           main] org.hibernate.SQL                        : delete from shift_assignments where id=?
Hibernate: delete from shift_assignments where id=?
2025-10-13T15:39:06.074+09:00 DEBUG 18196 --- [Shift Scheduler Demo] [           main] org.hibernate.SQL                        : delete from shift_assignments where id=?
Hibernate: delete from shift_assignments where id=?
2025-10-13T15:39:06.074+09:00 DEBUG 18196 --- [Shift Scheduler Demo] [           main] org.hibernate.SQL                        : delete from shift_assignments where id=?
Hibernate: delete from shift_assignments where id=?
2025-10-13T15:39:06.074+09:00 DEBUG 18196 --- [Shift Scheduler Demo] [           main] org.hibernate.SQL                        : delete from shift_assignments where id=?
Hibernate: delete from shift_assignments where id=?
2025-10-13T15:39:06.074+09:00 DEBUG 18196 --- [Shift Scheduler Demo] [           main] org.hibernate.SQL                        : delete from shift_assignments where id=?
Hibernate: delete from shift_assignments where id=?
2025-10-13T15:39:06.074+09:00 DEBUG 18196 --- [Shift Scheduler Demo] [           main] org.hibernate.SQL                        : delete from shift_assignments where id=?
Hibernate: delete from shift_assignments where id=?
2025-10-13T15:39:06.074+09:00 DEBUG 18196 --- [Shift Scheduler Demo] [           main] org.hibernate.SQL                        : delete from shift_assignments where id=?
Hibernate: delete from shift_assignments where id=?
2025-10-13T15:39:06.074+09:00 DEBUG 18196 --- [Shift Scheduler Demo] [           main] org.hibernate.SQL                        : delete from shift_assignments where id=?
Hibernate: delete from shift_assignments where id=?
2025-10-13T15:39:06.074+09:00 DEBUG 18196 --- [Shift Scheduler Demo] [           main] org.hibernate.SQL                        : delete from shift_assignments where id=?
Hibernate: delete from shift_assignments where id=?
2025-10-13T15:39:06.074+09:00 DEBUG 18196 --- [Shift Scheduler Demo] [           main] org.hibernate.SQL                        : delete from shift_assignments where id=?
Hibernate: delete from shift_assignments where id=?
2025-10-13T15:39:06.074+09:00 DEBUG 18196 --- [Shift Scheduler Demo] [           main] org.hibernate.SQL                        : delete from shift_assignments where id=?
Hibernate: delete from shift_assignments where id=?
2025-10-13T15:39:06.074+09:00 DEBUG 18196 --- [Shift Scheduler Demo] [           main] org.hibernate.SQL                        : delete from shift_assignments where id=?
Hibernate: delete from shift_assignments where id=?
2025-10-13T15:39:06.078+09:00 DEBUG 18196 --- [Shift Scheduler Demo] [           main] org.hibernate.SQL                        : delete from shift_assignments where id=?
Hibernate: delete from shift_assignments where id=?
2025-10-13T15:39:06.078+09:00 DEBUG 18196 --- [Shift Scheduler Demo] [           main] org.hibernate.SQL                        : delete from shift_assignments where id=?
Hibernate: delete from shift_assignments where id=?
2025-10-13T15:39:06.078+09:00 DEBUG 18196 --- [Shift Scheduler Demo] [           main] org.hibernate.SQL                        : delete from shift_assignments where id=?
Hibernate: delete from shift_assignments where id=?
2025-10-13T15:39:06.078+09:00 DEBUG 18196 --- [Shift Scheduler Demo] [           main] org.hibernate.SQL                        : delete from shift_assignments where id=?
Hibernate: delete from shift_assignments where id=?
2025-10-13T15:39:06.078+09:00 DEBUG 18196 --- [Shift Scheduler Demo] [           main] org.hibernate.SQL                        : delete from shift_assignments where id=?
Hibernate: delete from shift_assignments where id=?
2025-10-13T15:39:06.078+09:00 DEBUG 18196 --- [Shift Scheduler Demo] [           main] org.hibernate.SQL                        : delete from shift_assignments where id=?
Hibernate: delete from shift_assignments where id=?
2025-10-13T15:39:06.079+09:00 DEBUG 18196 --- [Shift Scheduler Demo] [           main] org.hibernate.SQL                        : delete from shift_assignments where id=?
Hibernate: delete from shift_assignments where id=?
2025-10-13T15:39:06.079+09:00 DEBUG 18196 --- [Shift Scheduler Demo] [           main] org.hibernate.SQL                        : delete from shift_assignments where id=?
Hibernate: delete from shift_assignments where id=?
2025-10-13T15:39:06.079+09:00 DEBUG 18196 --- [Shift Scheduler Demo] [           main] org.hibernate.SQL                        : delete from shift_assignments where id=?
Hibernate: delete from shift_assignments where id=?
2025-10-13T15:39:06.079+09:00 DEBUG 18196 --- [Shift Scheduler Demo] [           main] org.hibernate.SQL                        : delete from shift_assignments where id=?
Hibernate: delete from shift_assignments where id=?
2025-10-13T15:39:06.079+09:00 DEBUG 18196 --- [Shift Scheduler Demo] [           main] org.hibernate.SQL                        : delete from shift_assignments where id=?
Hibernate: delete from shift_assignments where id=?
2025-10-13T15:39:06.079+09:00 DEBUG 18196 --- [Shift Scheduler Demo] [           main] org.hibernate.SQL                        : delete from shift_assignments where id=?
Hibernate: delete from shift_assignments where id=?
2025-10-13T15:39:06.079+09:00 DEBUG 18196 --- [Shift Scheduler Demo] [           main] org.hibernate.SQL                        : delete from shift_assignments where id=?
Hibernate: delete from shift_assignments where id=?
2025-10-13T15:39:06.080+09:00 DEBUG 18196 --- [Shift Scheduler Demo] [           main] org.hibernate.SQL                        : delete from shift_assignments where id=?
Hibernate: delete from shift_assignments where id=?
2025-10-13T15:39:06.080+09:00 DEBUG 18196 --- [Shift Scheduler Demo] [           main] org.hibernate.SQL                        : delete from shift_assignments where id=?
Hibernate: delete from shift_assignments where id=?
2025-10-13T15:39:06.080+09:00 DEBUG 18196 --- [Shift Scheduler Demo] [           main] org.hibernate.SQL                        : delete from shift_assignments where id=?
Hibernate: delete from shift_assignments where id=?
2025-10-13T15:39:06.080+09:00 DEBUG 18196 --- [Shift Scheduler Demo] [           main] org.hibernate.SQL                        : delete from shift_assignments where id=?
Hibernate: delete from shift_assignments where id=?
2025-10-13T15:39:06.080+09:00 DEBUG 18196 --- [Shift Scheduler Demo] [           main] org.hibernate.SQL                        : delete from shift_assignments where id=?
Hibernate: delete from shift_assignments where id=?
2025-10-13T15:39:06.080+09:00 DEBUG 18196 --- [Shift Scheduler Demo] [           main] org.hibernate.SQL                        : delete from shift_assignments where id=?
Hibernate: delete from shift_assignments where id=?
2025-10-13T15:39:06.081+09:00 DEBUG 18196 --- [Shift Scheduler Demo] [           main] org.hibernate.SQL                        : delete from shift_assignments where id=?
Hibernate: delete from shift_assignments where id=?
2025-10-13T15:39:06.081+09:00 DEBUG 18196 --- [Shift Scheduler Demo] [           main] org.hibernate.SQL                        : delete from shift_assignments where id=?
Hibernate: delete from shift_assignments where id=?
2025-10-13T15:39:06.081+09:00 DEBUG 18196 --- [Shift Scheduler Demo] [           main] org.hibernate.SQL                        : delete from shift_assignments where id=?
Hibernate: delete from shift_assignments where id=?
2025-10-13T15:39:06.081+09:00 DEBUG 18196 --- [Shift Scheduler Demo] [           main] org.hibernate.SQL                        : delete from shift_assignments where id=?
Hibernate: delete from shift_assignments where id=?
2025-10-13T15:39:06.081+09:00 DEBUG 18196 --- [Shift Scheduler Demo] [           main] org.hibernate.SQL                        : delete from shift_assignments where id=?
Hibernate: delete from shift_assignments where id=?
2025-10-13T15:39:06.081+09:00 DEBUG 18196 --- [Shift Scheduler Demo] [           main] org.hibernate.SQL                        : delete from shift_assignments where id=?
Hibernate: delete from shift_assignments where id=?
2025-10-13T15:39:06.081+09:00 DEBUG 18196 --- [Shift Scheduler Demo] [           main] org.hibernate.SQL                        : delete from shift_assignments where id=?
Hibernate: delete from shift_assignments where id=?
2025-10-13T15:39:06.082+09:00 DEBUG 18196 --- [Shift Scheduler Demo] [           main] org.hibernate.SQL                        : delete from shift_assignments where id=?
Hibernate: delete from shift_assignments where id=?
2025-10-13T15:39:06.082+09:00 DEBUG 18196 --- [Shift Scheduler Demo] [           main] org.hibernate.SQL                        : delete from shift_assignments where id=?
Hibernate: delete from shift_assignments where id=?
2025-10-13T15:39:06.082+09:00 DEBUG 18196 --- [Shift Scheduler Demo] [           main] org.hibernate.SQL                        : delete from shift_assignments where id=?
Hibernate: delete from shift_assignments where id=?
2025-10-13T15:39:06.082+09:00 DEBUG 18196 --- [Shift Scheduler Demo] [           main] org.hibernate.SQL                        : delete from shift_assignments where id=?
Hibernate: delete from shift_assignments where id=?
2025-10-13T15:39:06.082+09:00 DEBUG 18196 --- [Shift Scheduler Demo] [           main] org.hibernate.SQL                        : delete from shift_assignments where id=?
Hibernate: delete from shift_assignments where id=?
2025-10-13T15:39:06.082+09:00 DEBUG 18196 --- [Shift Scheduler Demo] [           main] org.hibernate.SQL                        : delete from shift_assignments where id=?
Hibernate: delete from shift_assignments where id=?
2025-10-13T15:39:06.082+09:00 DEBUG 18196 --- [Shift Scheduler Demo] [           main] org.hibernate.SQL                        : delete from shift_assignments where id=?
Hibernate: delete from shift_assignments where id=?
2025-10-13T15:39:06.083+09:00 DEBUG 18196 --- [Shift Scheduler Demo] [           main] org.hibernate.SQL                        : delete from shift_assignments where id=?
Hibernate: delete from shift_assignments where id=?
2025-10-13T15:39:06.083+09:00 DEBUG 18196 --- [Shift Scheduler Demo] [           main] org.hibernate.SQL                        : delete from shift_assignments where id=?
Hibernate: delete from shift_assignments where id=?
2025-10-13T15:39:06.083+09:00 DEBUG 18196 --- [Shift Scheduler Demo] [           main] org.hibernate.SQL                        : delete from shift_assignments where id=?
Hibernate: delete from shift_assignments where id=?
2025-10-13T15:39:06.083+09:00 DEBUG 18196 --- [Shift Scheduler Demo] [           main] org.hibernate.SQL                        : delete from shift_assignments where id=?
Hibernate: delete from shift_assignments where id=?
2025-10-13T15:39:06.083+09:00 DEBUG 18196 --- [Shift Scheduler Demo] [           main] org.hibernate.SQL                        : delete from shift_assignments where id=?
Hibernate: delete from shift_assignments where id=?
2025-10-13T15:39:06.083+09:00 DEBUG 18196 --- [Shift Scheduler Demo] [           main] org.hibernate.SQL                        : delete from shift_assignments where id=?
Hibernate: delete from shift_assignments where id=?
2025-10-13T15:39:06.083+09:00 DEBUG 18196 --- [Shift Scheduler Demo] [           main] org.hibernate.SQL                        : delete from shift_assignments where id=?
Hibernate: delete from shift_assignments where id=?
2025-10-13T15:39:06.083+09:00 DEBUG 18196 --- [Shift Scheduler Demo] [           main] org.hibernate.SQL                        : delete from shift_assignments where id=?
Hibernate: delete from shift_assignments where id=?
2025-10-13T15:39:06.084+09:00 DEBUG 18196 --- [Shift Scheduler Demo] [           main] org.hibernate.SQL                        : delete from shift_assignments where id=?
Hibernate: delete from shift_assignments where id=?
2025-10-13T15:39:06.084+09:00 DEBUG 18196 --- [Shift Scheduler Demo] [           main] org.hibernate.SQL                        : delete from shift_assignments where id=?
Hibernate: delete from shift_assignments where id=?
2025-10-13T15:39:06.084+09:00 DEBUG 18196 --- [Shift Scheduler Demo] [           main] org.hibernate.SQL                        : delete from shift_assignments where id=?
Hibernate: delete from shift_assignments where id=?
2025-10-13T15:39:06.084+09:00 DEBUG 18196 --- [Shift Scheduler Demo] [           main] org.hibernate.SQL                        : delete from shift_assignments where id=?
Hibernate: delete from shift_assignments where id=?
2025-10-13T15:39:06.084+09:00 DEBUG 18196 --- [Shift Scheduler Demo] [           main] org.hibernate.SQL                        : delete from shift_assignments where id=?
Hibernate: delete from shift_assignments where id=?
2025-10-13T15:39:06.084+09:00 DEBUG 18196 --- [Shift Scheduler Demo] [           main] org.hibernate.SQL                        : delete from shift_assignments where id=?
Hibernate: delete from shift_assignments where id=?
2025-10-13T15:39:06.084+09:00 DEBUG 18196 --- [Shift Scheduler Demo] [           main] org.hibernate.SQL                        : delete from shift_assignments where id=?
Hibernate: delete from shift_assignments where id=?
2025-10-13T15:39:06.085+09:00 DEBUG 18196 --- [Shift Scheduler Demo] [           main] org.hibernate.SQL                        : delete from shift_assignments where id=?
Hibernate: delete from shift_assignments where id=?
2025-10-13T15:39:06.085+09:00 DEBUG 18196 --- [Shift Scheduler Demo] [           main] org.hibernate.SQL                        : delete from shift_assignments where id=?
Hibernate: delete from shift_assignments where id=?
2025-10-13T15:39:06.085+09:00 DEBUG 18196 --- [Shift Scheduler Demo] [           main] org.hibernate.SQL                        : delete from shift_assignments where id=?
Hibernate: delete from shift_assignments where id=?
2025-10-13T15:39:06.085+09:00 DEBUG 18196 --- [Shift Scheduler Demo] [           main] org.hibernate.SQL                        : delete from shift_assignments where id=?
Hibernate: delete from shift_assignments where id=?
2025-10-13T15:39:06.085+09:00 DEBUG 18196 --- [Shift Scheduler Demo] [           main] org.hibernate.SQL                        : delete from shift_assignments where id=?
Hibernate: delete from shift_assignments where id=?
2025-10-13T15:39:06.085+09:00 DEBUG 18196 --- [Shift Scheduler Demo] [           main] org.hibernate.SQL                        : delete from shift_assignments where id=?
Hibernate: delete from shift_assignments where id=?
2025-10-13T15:39:06.085+09:00 DEBUG 18196 --- [Shift Scheduler Demo] [           main] org.hibernate.SQL                        : delete from shift_assignments where id=?
Hibernate: delete from shift_assignments where id=?
2025-10-13T15:39:06.085+09:00 DEBUG 18196 --- [Shift Scheduler Demo] [           main] org.hibernate.SQL                        : delete from shift_assignments where id=?
Hibernate: delete from shift_assignments where id=?
2025-10-13T15:39:06.086+09:00 DEBUG 18196 --- [Shift Scheduler Demo] [           main] org.hibernate.SQL                        : delete from shift_assignments where id=?
Hibernate: delete from shift_assignments where id=?
2025-10-13T15:39:06.086+09:00 DEBUG 18196 --- [Shift Scheduler Demo] [           main] org.hibernate.SQL                        : delete from shift_assignments where id=?
Hibernate: delete from shift_assignments where id=?
2025-10-13T15:39:06.086+09:00 DEBUG 18196 --- [Shift Scheduler Demo] [           main] org.hibernate.SQL                        : delete from shift_assignments where id=?
Hibernate: delete from shift_assignments where id=?
2025-10-13T15:39:06.086+09:00 DEBUG 18196 --- [Shift Scheduler Demo] [           main] org.hibernate.SQL                        : delete from shift_assignments where id=?
Hibernate: delete from shift_assignments where id=?
2025-10-13T15:39:06.086+09:00 DEBUG 18196 --- [Shift Scheduler Demo] [           main] org.hibernate.SQL                        : delete from shift_assignments where id=?
Hibernate: delete from shift_assignments where id=?
2025-10-13T15:39:06.086+09:00 DEBUG 18196 --- [Shift Scheduler Demo] [           main] org.hibernate.SQL                        : delete from shift_assignments where id=?
Hibernate: delete from shift_assignments where id=?
2025-10-13T15:39:06.086+09:00 DEBUG 18196 --- [Shift Scheduler Demo] [           main] org.hibernate.SQL                        : delete from shift_assignments where id=?
Hibernate: delete from shift_assignments where id=?
2025-10-13T15:39:06.087+09:00 DEBUG 18196 --- [Shift Scheduler Demo] [           main] org.hibernate.SQL                        : delete from shift_assignments where id=?
Hibernate: delete from shift_assignments where id=?
2025-10-13T15:39:06.087+09:00 DEBUG 18196 --- [Shift Scheduler Demo] [           main] org.hibernate.SQL                        : delete from shift_assignments where id=?
Hibernate: delete from shift_assignments where id=?
2025-10-13T15:39:06.087+09:00 DEBUG 18196 --- [Shift Scheduler Demo] [           main] org.hibernate.SQL                        : delete from shift_assignments where id=?
Hibernate: delete from shift_assignments where id=?
2025-10-13T15:39:06.087+09:00 DEBUG 18196 --- [Shift Scheduler Demo] [           main] org.hibernate.SQL                        : delete from shift_assignments where id=?
Hibernate: delete from shift_assignments where id=?
2025-10-13T15:39:06.087+09:00 DEBUG 18196 --- [Shift Scheduler Demo] [           main] org.hibernate.SQL                        : delete from shift_assignments where id=?
Hibernate: delete from shift_assignments where id=?
2025-10-13T15:39:06.087+09:00 DEBUG 18196 --- [Shift Scheduler Demo] [           main] org.hibernate.SQL                        : delete from shift_assignments where id=?
Hibernate: delete from shift_assignments where id=?
2025-10-13T15:39:06.087+09:00 DEBUG 18196 --- [Shift Scheduler Demo] [           main] org.hibernate.SQL                        : delete from shift_assignments where id=?
Hibernate: delete from shift_assignments where id=?
2025-10-13T15:39:06.088+09:00 DEBUG 18196 --- [Shift Scheduler Demo] [           main] org.hibernate.SQL                        : delete from shift_assignments where id=?
Hibernate: delete from shift_assignments where id=?
2025-10-13T15:39:06.088+09:00 DEBUG 18196 --- [Shift Scheduler Demo] [           main] org.hibernate.SQL                        : delete from shift_assignments where id=?
Hibernate: delete from shift_assignments where id=?
2025-10-13T15:39:06.088+09:00 DEBUG 18196 --- [Shift Scheduler Demo] [           main] org.hibernate.SQL                        : delete from shift_assignments where id=?
Hibernate: delete from shift_assignments where id=?
2025-10-13T15:39:06.088+09:00 DEBUG 18196 --- [Shift Scheduler Demo] [           main] org.hibernate.SQL                        : delete from shift_assignments where id=?
Hibernate: delete from shift_assignments where id=?
2025-10-13T15:39:06.088+09:00 DEBUG 18196 --- [Shift Scheduler Demo] [           main] org.hibernate.SQL                        : delete from shift_assignments where id=?
Hibernate: delete from shift_assignments where id=?
2025-10-13T15:39:06.088+09:00 DEBUG 18196 --- [Shift Scheduler Demo] [           main] org.hibernate.SQL                        : delete from shift_assignments where id=?
Hibernate: delete from shift_assignments where id=?
2025-10-13T15:39:06.088+09:00 DEBUG 18196 --- [Shift Scheduler Demo] [           main] org.hibernate.SQL                        : delete from shift_assignments where id=?
Hibernate: delete from shift_assignments where id=?
2025-10-13T15:39:06.088+09:00 DEBUG 18196 --- [Shift Scheduler Demo] [           main] org.hibernate.SQL                        : delete from shift_assignments where id=?
Hibernate: delete from shift_assignments where id=?
2025-10-13T15:39:06.088+09:00 DEBUG 18196 --- [Shift Scheduler Demo] [           main] org.hibernate.SQL                        : delete from shift_assignments where id=?
Hibernate: delete from shift_assignments where id=?
2025-10-13T15:39:06.090+09:00 DEBUG 18196 --- [Shift Scheduler Demo] [           main] org.hibernate.SQL                        : delete from shift_assignments where id=?
Hibernate: delete from shift_assignments where id=?
2025-10-13T15:39:06.090+09:00 DEBUG 18196 --- [Shift Scheduler Demo] [           main] org.hibernate.SQL                        : delete from shift_assignments where id=?
Hibernate: delete from shift_assignments where id=?
2025-10-13T15:39:06.090+09:00 DEBUG 18196 --- [Shift Scheduler Demo] [           main] org.hibernate.SQL                        : delete from shift_assignments where id=?
Hibernate: delete from shift_assignments where id=?
2025-10-13T15:39:06.090+09:00 DEBUG 18196 --- [Shift Scheduler Demo] [           main] org.hibernate.SQL                        : delete from shift_assignments where id=?
Hibernate: delete from shift_assignments where id=?
2025-10-13T15:39:06.090+09:00 DEBUG 18196 --- [Shift Scheduler Demo] [           main] org.hibernate.SQL                        : delete from shift_assignments where id=?
Hibernate: delete from shift_assignments where id=?
2025-10-13T15:39:06.090+09:00 DEBUG 18196 --- [Shift Scheduler Demo] [           main] org.hibernate.SQL                        : delete from shift_assignments where id=?
Hibernate: delete from shift_assignments where id=?
2025-10-13T15:39:06.090+09:00 DEBUG 18196 --- [Shift Scheduler Demo] [           main] org.hibernate.SQL                        : delete from shift_assignments where id=?
Hibernate: delete from shift_assignments where id=?
2025-10-13T15:39:06.090+09:00 DEBUG 18196 --- [Shift Scheduler Demo] [           main] org.hibernate.SQL                        : delete from shift_assignments where id=?
Hibernate: delete from shift_assignments where id=?
2025-10-13T15:39:06.090+09:00 DEBUG 18196 --- [Shift Scheduler Demo] [           main] org.hibernate.SQL                        : delete from shift_assignments where id=?
Hibernate: delete from shift_assignments where id=?
2025-10-13T15:39:06.090+09:00 DEBUG 18196 --- [Shift Scheduler Demo] [           main] org.hibernate.SQL                        : delete from shift_assignments where id=?
Hibernate: delete from shift_assignments where id=?
2025-10-13T15:39:06.090+09:00 DEBUG 18196 --- [Shift Scheduler Demo] [           main] org.hibernate.SQL                        : delete from shift_assignments where id=?
Hibernate: delete from shift_assignments where id=?
2025-10-13T15:39:06.090+09:00 DEBUG 18196 --- [Shift Scheduler Demo] [           main] org.hibernate.SQL                        : delete from shift_assignments where id=?
Hibernate: delete from shift_assignments where id=?
2025-10-13T15:39:06.090+09:00 DEBUG 18196 --- [Shift Scheduler Demo] [           main] org.hibernate.SQL                        : delete from shift_assignments where id=?
Hibernate: delete from shift_assignments where id=?
2025-10-13T15:39:06.090+09:00 DEBUG 18196 --- [Shift Scheduler Demo] [           main] org.hibernate.SQL                        : delete from shift_assignments where id=?
Hibernate: delete from shift_assignments where id=?
2025-10-13T15:39:06.092+09:00 DEBUG 18196 --- [Shift Scheduler Demo] [           main] org.hibernate.SQL                        : delete from shift_assignments where id=?
Hibernate: delete from shift_assignments where id=?
2025-10-13T15:39:06.092+09:00 DEBUG 18196 --- [Shift Scheduler Demo] [           main] org.hibernate.SQL                        : delete from shift_assignments where id=?
Hibernate: delete from shift_assignments where id=?
2025-10-13T15:39:06.092+09:00 DEBUG 18196 --- [Shift Scheduler Demo] [           main] org.hibernate.SQL                        : delete from shift_assignments where id=?
Hibernate: delete from shift_assignments where id=?
2025-10-13T15:39:06.092+09:00 DEBUG 18196 --- [Shift Scheduler Demo] [           main] org.hibernate.SQL                        : delete from shift_assignments where id=?
Hibernate: delete from shift_assignments where id=?
2025-10-13T15:39:06.092+09:00 DEBUG 18196 --- [Shift Scheduler Demo] [           main] org.hibernate.SQL                        : delete from shift_assignments where id=?
Hibernate: delete from shift_assignments where id=?
2025-10-13T15:39:06.092+09:00 DEBUG 18196 --- [Shift Scheduler Demo] [           main] org.hibernate.SQL                        : delete from shift_assignments where id=?
Hibernate: delete from shift_assignments where id=?
2025-10-13T15:39:06.092+09:00 DEBUG 18196 --- [Shift Scheduler Demo] [           main] org.hibernate.SQL                        : delete from shift_assignments where id=?
Hibernate: delete from shift_assignments where id=?
2025-10-13T15:39:06.092+09:00 DEBUG 18196 --- [Shift Scheduler Demo] [           main] org.hibernate.SQL                        : delete from shift_assignments where id=?
Hibernate: delete from shift_assignments where id=?
2025-10-13T15:39:06.092+09:00 DEBUG 18196 --- [Shift Scheduler Demo] [           main] org.hibernate.SQL                        : delete from shift_assignments where id=?
Hibernate: delete from shift_assignments where id=?
2025-10-13T15:39:06.092+09:00 DEBUG 18196 --- [Shift Scheduler Demo] [           main] org.hibernate.SQL                        : delete from shift_assignments where id=?
Hibernate: delete from shift_assignments where id=?
2025-10-13T15:39:06.092+09:00 DEBUG 18196 --- [Shift Scheduler Demo] [           main] org.hibernate.SQL                        : delete from shift_assignments where id=?
Hibernate: delete from shift_assignments where id=?
2025-10-13T15:39:06.092+09:00 DEBUG 18196 --- [Shift Scheduler Demo] [           main] org.hibernate.SQL                        : delete from shift_assignments where id=?
Hibernate: delete from shift_assignments where id=?
2025-10-13T15:39:06.092+09:00 DEBUG 18196 --- [Shift Scheduler Demo] [           main] org.hibernate.SQL                        : delete from shift_assignments where id=?
Hibernate: delete from shift_assignments where id=?
2025-10-13T15:39:06.092+09:00 DEBUG 18196 --- [Shift Scheduler Demo] [           main] org.hibernate.SQL                        : delete from shift_assignments where id=?
Hibernate: delete from shift_assignments where id=?
2025-10-13T15:39:06.094+09:00 DEBUG 18196 --- [Shift Scheduler Demo] [           main] org.hibernate.SQL                        : delete from shift_assignments where id=?
Hibernate: delete from shift_assignments where id=?
2025-10-13T15:39:06.095+09:00 DEBUG 18196 --- [Shift Scheduler Demo] [           main] org.hibernate.SQL                        : delete from shift_assignments where id=?
Hibernate: delete from shift_assignments where id=?
2025-10-13T15:39:06.096+09:00 DEBUG 18196 --- [Shift Scheduler Demo] [           main] org.hibernate.SQL                        : delete from shift_assignments where id=?
Hibernate: delete from shift_assignments where id=?
2025-10-13T15:39:06.096+09:00 DEBUG 18196 --- [Shift Scheduler Demo] [           main] org.hibernate.SQL                        : delete from shift_assignments where id=?
Hibernate: delete from shift_assignments where id=?
2025-10-13T15:39:06.096+09:00 DEBUG 18196 --- [Shift Scheduler Demo] [           main] org.hibernate.SQL                        : delete from shift_assignments where id=?
Hibernate: delete from shift_assignments where id=?
2025-10-13T15:39:06.096+09:00 DEBUG 18196 --- [Shift Scheduler Demo] [           main] org.hibernate.SQL                        : delete from shift_assignments where id=?
Hibernate: delete from shift_assignments where id=?
2025-10-13T15:39:06.096+09:00 DEBUG 18196 --- [Shift Scheduler Demo] [           main] org.hibernate.SQL                        : delete from shift_assignments where id=?
Hibernate: delete from shift_assignments where id=?
2025-10-13T15:39:06.097+09:00 DEBUG 18196 --- [Shift Scheduler Demo] [           main] org.hibernate.SQL                        : delete from shift_assignments where id=?
Hibernate: delete from shift_assignments where id=?
2025-10-13T15:39:06.097+09:00 DEBUG 18196 --- [Shift Scheduler Demo] [           main] org.hibernate.SQL                        : delete from shift_assignments where id=?
Hibernate: delete from shift_assignments where id=?
2025-10-13T15:39:06.097+09:00 DEBUG 18196 --- [Shift Scheduler Demo] [           main] org.hibernate.SQL                        : delete from shift_assignments where id=?
Hibernate: delete from shift_assignments where id=?
2025-10-13T15:39:06.097+09:00 DEBUG 18196 --- [Shift Scheduler Demo] [           main] org.hibernate.SQL                        : delete from shift_assignments where id=?
Hibernate: delete from shift_assignments where id=?
2025-10-13T15:39:06.097+09:00 DEBUG 18196 --- [Shift Scheduler Demo] [           main] org.hibernate.SQL                        : delete from shift_assignments where id=?
Hibernate: delete from shift_assignments where id=?
2025-10-13T15:39:06.097+09:00 DEBUG 18196 --- [Shift Scheduler Demo] [           main] org.hibernate.SQL                        : delete from shift_assignments where id=?
Hibernate: delete from shift_assignments where id=?
2025-10-13T15:39:06.097+09:00 DEBUG 18196 --- [Shift Scheduler Demo] [           main] org.hibernate.SQL                        : delete from shift_assignments where id=?
Hibernate: delete from shift_assignments where id=?
2025-10-13T15:39:06.098+09:00 DEBUG 18196 --- [Shift Scheduler Demo] [           main] org.hibernate.SQL                        : delete from shift_assignments where id=?
Hibernate: delete from shift_assignments where id=?
2025-10-13T15:39:06.098+09:00 DEBUG 18196 --- [Shift Scheduler Demo] [           main] org.hibernate.SQL                        : delete from shift_assignments where id=?
Hibernate: delete from shift_assignments where id=?
2025-10-13T15:39:06.098+09:00 DEBUG 18196 --- [Shift Scheduler Demo] [           main] org.hibernate.SQL                        : delete from shift_assignments where id=?
Hibernate: delete from shift_assignments where id=?
2025-10-13T15:39:06.098+09:00 DEBUG 18196 --- [Shift Scheduler Demo] [           main] org.hibernate.SQL                        : delete from shift_assignments where id=?
Hibernate: delete from shift_assignments where id=?
2025-10-13T15:39:06.098+09:00 DEBUG 18196 --- [Shift Scheduler Demo] [           main] org.hibernate.SQL                        : delete from shift_assignments where id=?
Hibernate: delete from shift_assignments where id=?
2025-10-13T15:39:06.098+09:00 DEBUG 18196 --- [Shift Scheduler Demo] [           main] org.hibernate.SQL                        : delete from shift_assignments where id=?
Hibernate: delete from shift_assignments where id=?
2025-10-13T15:39:06.098+09:00 DEBUG 18196 --- [Shift Scheduler Demo] [           main] org.hibernate.SQL                        : delete from shift_assignments where id=?
Hibernate: delete from shift_assignments where id=?
2025-10-13T15:39:06.099+09:00 DEBUG 18196 --- [Shift Scheduler Demo] [           main] org.hibernate.SQL                        : delete from shift_assignments where id=?
Hibernate: delete from shift_assignments where id=?
2025-10-13T15:39:06.099+09:00 DEBUG 18196 --- [Shift Scheduler Demo] [           main] org.hibernate.SQL                        : delete from shift_assignments where id=?
Hibernate: delete from shift_assignments where id=?
2025-10-13T15:39:06.099+09:00 DEBUG 18196 --- [Shift Scheduler Demo] [           main] org.hibernate.SQL                        : delete from shift_assignments where id=?
Hibernate: delete from shift_assignments where id=?
2025-10-13T15:39:06.099+09:00 DEBUG 18196 --- [Shift Scheduler Demo] [           main] org.hibernate.SQL                        : delete from shift_assignments where id=?
Hibernate: delete from shift_assignments where id=?
2025-10-13T15:39:06.099+09:00 DEBUG 18196 --- [Shift Scheduler Demo] [           main] org.hibernate.SQL                        : delete from shift_assignments where id=?
Hibernate: delete from shift_assignments where id=?
2025-10-13T15:39:06.099+09:00 DEBUG 18196 --- [Shift Scheduler Demo] [           main] org.hibernate.SQL                        : delete from shift_assignments where id=?
Hibernate: delete from shift_assignments where id=?
2025-10-13T15:39:06.099+09:00 DEBUG 18196 --- [Shift Scheduler Demo] [           main] org.hibernate.SQL                        : delete from shift_assignments where id=?
Hibernate: delete from shift_assignments where id=?
2025-10-13T15:39:06.100+09:00 DEBUG 18196 --- [Shift Scheduler Demo] [           main] org.hibernate.SQL                        : delete from shift_assignments where id=?
Hibernate: delete from shift_assignments where id=?
2025-10-13T15:39:06.100+09:00 DEBUG 18196 --- [Shift Scheduler Demo] [           main] org.hibernate.SQL                        : delete from shift_assignments where id=?
Hibernate: delete from shift_assignments where id=?
2025-10-13T15:39:06.100+09:00 DEBUG 18196 --- [Shift Scheduler Demo] [           main] org.hibernate.SQL                        : delete from shift_assignments where id=?
Hibernate: delete from shift_assignments where id=?
2025-10-13T15:39:06.100+09:00 DEBUG 18196 --- [Shift Scheduler Demo] [           main] org.hibernate.SQL                        : delete from shift_assignments where id=?
Hibernate: delete from shift_assignments where id=?
2025-10-13T15:39:06.100+09:00 DEBUG 18196 --- [Shift Scheduler Demo] [           main] org.hibernate.SQL                        : delete from shift_assignments where id=?
Hibernate: delete from shift_assignments where id=?
2025-10-13T15:39:06.100+09:00 DEBUG 18196 --- [Shift Scheduler Demo] [           main] org.hibernate.SQL                        : delete from shift_assignments where id=?
Hibernate: delete from shift_assignments where id=?
2025-10-13T15:39:06.100+09:00 DEBUG 18196 --- [Shift Scheduler Demo] [           main] org.hibernate.SQL                        : delete from shift_assignments where id=?
Hibernate: delete from shift_assignments where id=?
2025-10-13T15:39:06.101+09:00 DEBUG 18196 --- [Shift Scheduler Demo] [           main] org.hibernate.SQL                        : delete from shift_assignments where id=?
Hibernate: delete from shift_assignments where id=?
2025-10-13T15:39:06.101+09:00 DEBUG 18196 --- [Shift Scheduler Demo] [           main] org.hibernate.SQL                        : delete from shift_assignments where id=?
Hibernate: delete from shift_assignments where id=?
2025-10-13T15:39:06.101+09:00 DEBUG 18196 --- [Shift Scheduler Demo] [           main] org.hibernate.SQL                        : delete from shift_assignments where id=?
Hibernate: delete from shift_assignments where id=?
2025-10-13T15:39:06.101+09:00 DEBUG 18196 --- [Shift Scheduler Demo] [           main] org.hibernate.SQL                        : delete from shift_assignments where id=?
Hibernate: delete from shift_assignments where id=?
2025-10-13T15:39:06.101+09:00 DEBUG 18196 --- [Shift Scheduler Demo] [           main] org.hibernate.SQL                        : delete from shift_assignments where id=?
Hibernate: delete from shift_assignments where id=?
2025-10-13T15:39:06.101+09:00 DEBUG 18196 --- [Shift Scheduler Demo] [           main] org.hibernate.SQL                        : delete from shift_assignments where id=?
Hibernate: delete from shift_assignments where id=?
2025-10-13T15:39:06.101+09:00 DEBUG 18196 --- [Shift Scheduler Demo] [           main] org.hibernate.SQL                        : delete from shift_assignments where id=?
Hibernate: delete from shift_assignments where id=?
2025-10-13T15:39:06.101+09:00 DEBUG 18196 --- [Shift Scheduler Demo] [           main] org.hibernate.SQL                        : delete from shift_assignments where id=?
Hibernate: delete from shift_assignments where id=?
2025-10-13T15:39:06.101+09:00 DEBUG 18196 --- [Shift Scheduler Demo] [           main] org.hibernate.SQL                        : delete from shift_assignments where id=?
Hibernate: delete from shift_assignments where id=?
2025-10-13T15:39:06.102+09:00 DEBUG 18196 --- [Shift Scheduler Demo] [           main] org.hibernate.SQL                        : delete from shift_assignments where id=?
Hibernate: delete from shift_assignments where id=?
2025-10-13T15:39:06.102+09:00 DEBUG 18196 --- [Shift Scheduler Demo] [           main] org.hibernate.SQL                        : delete from shift_assignments where id=?
Hibernate: delete from shift_assignments where id=?
2025-10-13T15:39:06.102+09:00 DEBUG 18196 --- [Shift Scheduler Demo] [           main] org.hibernate.SQL                        : delete from shift_assignments where id=?
Hibernate: delete from shift_assignments where id=?
2025-10-13T15:39:06.102+09:00 DEBUG 18196 --- [Shift Scheduler Demo] [           main] org.hibernate.SQL                        : delete from shift_assignments where id=?
Hibernate: delete from shift_assignments where id=?
2025-10-13T15:39:06.102+09:00 DEBUG 18196 --- [Shift Scheduler Demo] [           main] org.hibernate.SQL                        : delete from shift_assignments where id=?
Hibernate: delete from shift_assignments where id=?
2025-10-13T15:39:06.102+09:00 DEBUG 18196 --- [Shift Scheduler Demo] [           main] org.hibernate.SQL                        : delete from shift_assignments where id=?
Hibernate: delete from shift_assignments where id=?
2025-10-13T15:39:06.102+09:00 DEBUG 18196 --- [Shift Scheduler Demo] [           main] org.hibernate.SQL                        : delete from shift_assignments where id=?
Hibernate: delete from shift_assignments where id=?
2025-10-13T15:39:06.103+09:00 DEBUG 18196 --- [Shift Scheduler Demo] [           main] org.hibernate.SQL                        : delete from shift_assignments where id=?
Hibernate: delete from shift_assignments where id=?
2025-10-13T15:39:06.103+09:00 DEBUG 18196 --- [Shift Scheduler Demo] [           main] org.hibernate.SQL                        : delete from employee_constraints where id=?
Hibernate: delete from employee_constraints where id=?
2025-10-13T15:39:06.103+09:00 DEBUG 18196 --- [Shift Scheduler Demo] [           main] org.hibernate.SQL                        : delete from employee_constraints where id=?
Hibernate: delete from employee_constraints where id=?
2025-10-13T15:39:06.103+09:00 DEBUG 18196 --- [Shift Scheduler Demo] [           main] org.hibernate.SQL                        : delete from employee_constraints where id=?
Hibernate: delete from employee_constraints where id=?
2025-10-13T15:39:06.103+09:00 DEBUG 18196 --- [Shift Scheduler Demo] [           main] org.hibernate.SQL                        : delete from employee_constraints where id=?
Hibernate: delete from employee_constraints where id=?
2025-10-13T15:39:06.103+09:00 DEBUG 18196 --- [Shift Scheduler Demo] [           main] org.hibernate.SQL                        : delete from employee_constraints where id=?
Hibernate: delete from employee_constraints where id=?
2025-10-13T15:39:06.103+09:00 DEBUG 18196 --- [Shift Scheduler Demo] [           main] org.hibernate.SQL                        : delete from employee_constraints where id=?
Hibernate: delete from employee_constraints where id=?
2025-10-13T15:39:06.104+09:00 DEBUG 18196 --- [Shift Scheduler Demo] [           main] org.hibernate.SQL                        : delete from employee_constraints where id=?
Hibernate: delete from employee_constraints where id=?
2025-10-13T15:39:06.104+09:00 DEBUG 18196 --- [Shift Scheduler Demo] [           main] org.hibernate.SQL                        : delete from employee_constraints where id=?
Hibernate: delete from employee_constraints where id=?
2025-10-13T15:39:06.104+09:00 DEBUG 18196 --- [Shift Scheduler Demo] [           main] org.hibernate.SQL                        : delete from employee_constraints where id=?
Hibernate: delete from employee_constraints where id=?
2025-10-13T15:39:06.104+09:00 DEBUG 18196 --- [Shift Scheduler Demo] [           main] org.hibernate.SQL                        : delete from employee_constraints where id=?
Hibernate: delete from employee_constraints where id=?
2025-10-13T15:39:06.104+09:00 DEBUG 18196 --- [Shift Scheduler Demo] [           main] org.hibernate.SQL                        : delete from employee_constraints where id=?
Hibernate: delete from employee_constraints where id=?
2025-10-13T15:39:06.104+09:00 DEBUG 18196 --- [Shift Scheduler Demo] [           main] org.hibernate.SQL                        : delete from employee_constraints where id=?
Hibernate: delete from employee_constraints where id=?
2025-10-13T15:39:06.104+09:00 DEBUG 18196 --- [Shift Scheduler Demo] [           main] org.hibernate.SQL                        : delete from employee_constraints where id=?
Hibernate: delete from employee_constraints where id=?
2025-10-13T15:39:06.105+09:00 DEBUG 18196 --- [Shift Scheduler Demo] [           main] org.hibernate.SQL                        : delete from employee_constraints where id=?
Hibernate: delete from employee_constraints where id=?
2025-10-13T15:39:06.105+09:00 DEBUG 18196 --- [Shift Scheduler Demo] [           main] org.hibernate.SQL                        : delete from employee_constraints where id=?
Hibernate: delete from employee_constraints where id=?
2025-10-13T15:39:06.105+09:00 DEBUG 18196 --- [Shift Scheduler Demo] [           main] org.hibernate.SQL                        : delete from employee_constraints where id=?
Hibernate: delete from employee_constraints where id=?
2025-10-13T15:39:06.105+09:00 DEBUG 18196 --- [Shift Scheduler Demo] [           main] org.hibernate.SQL                        : delete from employee_constraints where id=?
Hibernate: delete from employee_constraints where id=?
2025-10-13T15:39:06.105+09:00 DEBUG 18196 --- [Shift Scheduler Demo] [           main] org.hibernate.SQL                        : delete from employee_constraints where id=?
Hibernate: delete from employee_constraints where id=?
2025-10-13T15:39:06.105+09:00 DEBUG 18196 --- [Shift Scheduler Demo] [           main] org.hibernate.SQL                        : delete from employee_constraints where id=?
Hibernate: delete from employee_constraints where id=?
2025-10-13T15:39:06.105+09:00 DEBUG 18196 --- [Shift Scheduler Demo] [           main] org.hibernate.SQL                        : delete from employee_constraints where id=?
Hibernate: delete from employee_constraints where id=?
2025-10-13T15:39:06.105+09:00 DEBUG 18196 --- [Shift Scheduler Demo] [           main] org.hibernate.SQL                        : delete from employee_constraints where id=?
Hibernate: delete from employee_constraints where id=?
2025-10-13T15:39:06.105+09:00 DEBUG 18196 --- [Shift Scheduler Demo] [           main] org.hibernate.SQL                        : delete from employee_constraints where id=?
Hibernate: delete from employee_constraints where id=?
2025-10-13T15:39:06.105+09:00 DEBUG 18196 --- [Shift Scheduler Demo] [           main] org.hibernate.SQL                        : delete from employee_constraints where id=?
Hibernate: delete from employee_constraints where id=?
2025-10-13T15:39:06.105+09:00 DEBUG 18196 --- [Shift Scheduler Demo] [           main] org.hibernate.SQL                        : delete from employee_constraints where id=?
Hibernate: delete from employee_constraints where id=?
2025-10-13T15:39:06.105+09:00 DEBUG 18196 --- [Shift Scheduler Demo] [           main] org.hibernate.SQL                        : delete from employee_constraints where id=?
Hibernate: delete from employee_constraints where id=?
2025-10-13T15:39:06.105+09:00 DEBUG 18196 --- [Shift Scheduler Demo] [           main] org.hibernate.SQL                        : delete from employee_constraints where id=?
Hibernate: delete from employee_constraints where id=?
2025-10-13T15:39:06.105+09:00 DEBUG 18196 --- [Shift Scheduler Demo] [           main] org.hibernate.SQL                        : delete from employee_constraints where id=?
Hibernate: delete from employee_constraints where id=?
2025-10-13T15:39:06.105+09:00 DEBUG 18196 --- [Shift Scheduler Demo] [           main] org.hibernate.SQL                        : delete from employee_constraints where id=?
Hibernate: delete from employee_constraints where id=?
2025-10-13T15:39:06.105+09:00 DEBUG 18196 --- [Shift Scheduler Demo] [           main] org.hibernate.SQL                        : delete from employee_constraints where id=?
Hibernate: delete from employee_constraints where id=?
2025-10-13T15:39:06.107+09:00 DEBUG 18196 --- [Shift Scheduler Demo] [           main] org.hibernate.SQL                        : delete from employee_constraints where id=?
Hibernate: delete from employee_constraints where id=?
2025-10-13T15:39:06.107+09:00 DEBUG 18196 --- [Shift Scheduler Demo] [           main] org.hibernate.SQL                        : delete from employee_constraints where id=?
Hibernate: delete from employee_constraints where id=?
2025-10-13T15:39:06.107+09:00 DEBUG 18196 --- [Shift Scheduler Demo] [           main] org.hibernate.SQL                        : delete from employee_constraints where id=?
Hibernate: delete from employee_constraints where id=?
2025-10-13T15:39:06.107+09:00 DEBUG 18196 --- [Shift Scheduler Demo] [           main] org.hibernate.SQL                        : delete from employee_constraints where id=?
Hibernate: delete from employee_constraints where id=?
2025-10-13T15:39:06.107+09:00 DEBUG 18196 --- [Shift Scheduler Demo] [           main] org.hibernate.SQL                        : delete from employee_constraints where id=?
Hibernate: delete from employee_constraints where id=?
2025-10-13T15:39:06.107+09:00 DEBUG 18196 --- [Shift Scheduler Demo] [           main] org.hibernate.SQL                        : delete from employee_constraints where id=?
Hibernate: delete from employee_constraints where id=?
2025-10-13T15:39:06.107+09:00 DEBUG 18196 --- [Shift Scheduler Demo] [           main] org.hibernate.SQL                        : delete from employee_constraints where id=?
Hibernate: delete from employee_constraints where id=?
2025-10-13T15:39:06.107+09:00 DEBUG 18196 --- [Shift Scheduler Demo] [           main] org.hibernate.SQL                        : delete from employee_constraints where id=?
Hibernate: delete from employee_constraints where id=?
2025-10-13T15:39:06.107+09:00 DEBUG 18196 --- [Shift Scheduler Demo] [           main] org.hibernate.SQL                        : delete from employee_constraints where id=?
Hibernate: delete from employee_constraints where id=?
2025-10-13T15:39:06.107+09:00 DEBUG 18196 --- [Shift Scheduler Demo] [           main] org.hibernate.SQL                        : delete from employee_constraints where id=?
Hibernate: delete from employee_constraints where id=?
2025-10-13T15:39:06.107+09:00 DEBUG 18196 --- [Shift Scheduler Demo] [           main] org.hibernate.SQL                        : delete from employee_constraints where id=?
Hibernate: delete from employee_constraints where id=?
2025-10-13T15:39:06.107+09:00 DEBUG 18196 --- [Shift Scheduler Demo] [           main] org.hibernate.SQL                        : delete from employee_constraints where id=?
Hibernate: delete from employee_constraints where id=?
2025-10-13T15:39:06.107+09:00 DEBUG 18196 --- [Shift Scheduler Demo] [           main] org.hibernate.SQL                        : delete from employee_constraints where id=?
Hibernate: delete from employee_constraints where id=?
2025-10-13T15:39:06.107+09:00 DEBUG 18196 --- [Shift Scheduler Demo] [           main] org.hibernate.SQL                        : delete from employee_constraints where id=?
Hibernate: delete from employee_constraints where id=?
2025-10-13T15:39:06.107+09:00 DEBUG 18196 --- [Shift Scheduler Demo] [           main] org.hibernate.SQL                        : delete from employee_constraints where id=?
Hibernate: delete from employee_constraints where id=?
2025-10-13T15:39:06.107+09:00 DEBUG 18196 --- [Shift Scheduler Demo] [           main] org.hibernate.SQL                        : delete from employee_constraints where id=?
Hibernate: delete from employee_constraints where id=?
2025-10-13T15:39:06.107+09:00 DEBUG 18196 --- [Shift Scheduler Demo] [           main] org.hibernate.SQL                        : delete from employee_constraints where id=?
Hibernate: delete from employee_constraints where id=?
2025-10-13T15:39:06.107+09:00 DEBUG 18196 --- [Shift Scheduler Demo] [           main] org.hibernate.SQL                        : delete from employee_constraints where id=?
Hibernate: delete from employee_constraints where id=?
2025-10-13T15:39:06.107+09:00 DEBUG 18196 --- [Shift Scheduler Demo] [           main] org.hibernate.SQL                        : delete from employee_constraints where id=?
Hibernate: delete from employee_constraints where id=?
2025-10-13T15:39:06.107+09:00 DEBUG 18196 --- [Shift Scheduler Demo] [           main] org.hibernate.SQL                        : delete from employee_constraints where id=?
Hibernate: delete from employee_constraints where id=?
2025-10-13T15:39:06.107+09:00 DEBUG 18196 --- [Shift Scheduler Demo] [           main] org.hibernate.SQL                        : delete from employee_constraints where id=?
Hibernate: delete from employee_constraints where id=?
2025-10-13T15:39:06.107+09:00 DEBUG 18196 --- [Shift Scheduler Demo] [           main] org.hibernate.SQL                        : delete from employee_constraints where id=?
Hibernate: delete from employee_constraints where id=?
2025-10-13T15:39:06.107+09:00 DEBUG 18196 --- [Shift Scheduler Demo] [           main] org.hibernate.SQL                        : delete from employee_constraints where id=?
Hibernate: delete from employee_constraints where id=?
2025-10-13T15:39:06.107+09:00 DEBUG 18196 --- [Shift Scheduler Demo] [           main] org.hibernate.SQL                        : delete from employee_constraints where id=?
Hibernate: delete from employee_constraints where id=?
2025-10-13T15:39:06.107+09:00 DEBUG 18196 --- [Shift Scheduler Demo] [           main] org.hibernate.SQL                        : delete from employee_constraints where id=?
Hibernate: delete from employee_constraints where id=?
2025-10-13T15:39:06.109+09:00 DEBUG 18196 --- [Shift Scheduler Demo] [           main] org.hibernate.SQL                        : delete from employee_constraints where id=?
Hibernate: delete from employee_constraints where id=?
2025-10-13T15:39:06.109+09:00 DEBUG 18196 --- [Shift Scheduler Demo] [           main] org.hibernate.SQL                        : delete from employee_constraints where id=?
Hibernate: delete from employee_constraints where id=?
2025-10-13T15:39:06.109+09:00 DEBUG 18196 --- [Shift Scheduler Demo] [           main] org.hibernate.SQL                        : delete from employee_constraints where id=?
Hibernate: delete from employee_constraints where id=?
2025-10-13T15:39:06.109+09:00 DEBUG 18196 --- [Shift Scheduler Demo] [           main] org.hibernate.SQL                        : delete from employee_constraints where id=?
Hibernate: delete from employee_constraints where id=?
2025-10-13T15:39:06.109+09:00 DEBUG 18196 --- [Shift Scheduler Demo] [           main] org.hibernate.SQL                        : delete from employee_constraints where id=?
Hibernate: delete from employee_constraints where id=?
2025-10-13T15:39:06.109+09:00 DEBUG 18196 --- [Shift Scheduler Demo] [           main] org.hibernate.SQL                        : delete from employee_constraints where id=?
Hibernate: delete from employee_constraints where id=?
2025-10-13T15:39:06.109+09:00 DEBUG 18196 --- [Shift Scheduler Demo] [           main] org.hibernate.SQL                        : delete from employee_constraints where id=?
Hibernate: delete from employee_constraints where id=?
2025-10-13T15:39:06.109+09:00 DEBUG 18196 --- [Shift Scheduler Demo] [           main] org.hibernate.SQL                        : delete from employee_constraints where id=?
Hibernate: delete from employee_constraints where id=?
2025-10-13T15:39:06.109+09:00 DEBUG 18196 --- [Shift Scheduler Demo] [           main] org.hibernate.SQL                        : delete from employee_constraints where id=?
Hibernate: delete from employee_constraints where id=?
2025-10-13T15:39:06.109+09:00 DEBUG 18196 --- [Shift Scheduler Demo] [           main] org.hibernate.SQL                        : delete from employee_constraints where id=?
Hibernate: delete from employee_constraints where id=?
2025-10-13T15:39:06.109+09:00 DEBUG 18196 --- [Shift Scheduler Demo] [           main] org.hibernate.SQL                        : delete from employee_constraints where id=?
Hibernate: delete from employee_constraints where id=?
2025-10-13T15:39:06.110+09:00 DEBUG 18196 --- [Shift Scheduler Demo] [           main] org.hibernate.SQL                        : delete from employee_constraints where id=?
Hibernate: delete from employee_constraints where id=?
2025-10-13T15:39:06.110+09:00 DEBUG 18196 --- [Shift Scheduler Demo] [           main] org.hibernate.SQL                        : delete from employee_constraints where id=?
Hibernate: delete from employee_constraints where id=?
2025-10-13T15:39:06.110+09:00 DEBUG 18196 --- [Shift Scheduler Demo] [           main] org.hibernate.SQL                        : delete from employee_constraints where id=?
Hibernate: delete from employee_constraints where id=?
2025-10-13T15:39:06.110+09:00 DEBUG 18196 --- [Shift Scheduler Demo] [           main] org.hibernate.SQL                        : delete from employee_constraints where id=?
Hibernate: delete from employee_constraints where id=?
2025-10-13T15:39:06.110+09:00 DEBUG 18196 --- [Shift Scheduler Demo] [           main] org.hibernate.SQL                        : delete from employee_constraints where id=?
Hibernate: delete from employee_constraints where id=?
2025-10-13T15:39:06.110+09:00 DEBUG 18196 --- [Shift Scheduler Demo] [           main] org.hibernate.SQL                        : delete from employee_constraints where id=?
Hibernate: delete from employee_constraints where id=?
2025-10-13T15:39:06.110+09:00 DEBUG 18196 --- [Shift Scheduler Demo] [           main] org.hibernate.SQL                        : delete from employee_constraints where id=?
Hibernate: delete from employee_constraints where id=?
2025-10-13T15:39:06.110+09:00 DEBUG 18196 --- [Shift Scheduler Demo] [           main] org.hibernate.SQL                        : delete from employee_constraints where id=?
Hibernate: delete from employee_constraints where id=?
2025-10-13T15:39:06.110+09:00 DEBUG 18196 --- [Shift Scheduler Demo] [           main] org.hibernate.SQL                        : delete from employee_constraints where id=?
Hibernate: delete from employee_constraints where id=?
2025-10-13T15:39:06.110+09:00 DEBUG 18196 --- [Shift Scheduler Demo] [           main] org.hibernate.SQL                        : delete from employee_constraints where id=?
Hibernate: delete from employee_constraints where id=?
2025-10-13T15:39:06.112+09:00 DEBUG 18196 --- [Shift Scheduler Demo] [           main] org.hibernate.SQL                        : select sa1_0.id,sa1_0.employee_id,sa1_0.end_time,sa1_0.shift_name,sa1_0.start_time,sa1_0.work_date from shift_assignments sa1_0 where sa1_0.work_date<? order by sa1_0.work_date desc limit ?
Hibernate: select sa1_0.id,sa1_0.employee_id,sa1_0.end_time,sa1_0.shift_name,sa1_0.start_time,sa1_0.work_date from shift_assignments sa1_0 where sa1_0.work_date<? order by sa1_0.work_date desc limit ?
2025-10-13T15:39:06.119+09:00 DEBUG 18196 --- [Shift Scheduler Demo] [           main] org.hibernate.SQL                        : select sa1_0.id,sa1_0.employee_id,sa1_0.end_time,sa1_0.shift_name,sa1_0.start_time,sa1_0.work_date from shift_assignments sa1_0 where sa1_0.work_date between ? and ?
Hibernate: select sa1_0.id,sa1_0.employee_id,sa1_0.end_time,sa1_0.shift_name,sa1_0.start_time,sa1_0.work_date from shift_assignments sa1_0 where sa1_0.work_date between ? and ?
2025-10-13T15:39:06.120+09:00  INFO 18196 --- [Shift Scheduler Demo] [           main] c.e.shiftv1.schedule.ScheduleService     : 登録従業員数: 30名
2025-10-13T15:39:06.124+09:00 DEBUG 18196 --- [Shift Scheduler Demo] [           main] org.hibernate.SQL                        : select sa1_0.id,sa1_0.employee_id,sa1_0.end_time,sa1_0.shift_name,sa1_0.start_time,sa1_0.work_date from shift_assignments sa1_0 where sa1_0.work_date=?
Hibernate: select sa1_0.id,sa1_0.employee_id,sa1_0.end_time,sa1_0.shift_name,sa1_0.start_time,sa1_0.work_date from shift_assignments sa1_0 where sa1_0.work_date=?
2025-10-13T15:39:06.129+09:00 DEBUG 18196 --- [Shift Scheduler Demo] [           main] org.hibernate.SQL                        : select sa1_0.id,sa1_0.employee_id,sa1_0.end_time,sa1_0.shift_name,sa1_0.start_time,sa1_0.work_date from shift_assignments sa1_0 where sa1_0.work_date=?
Hibernate: select sa1_0.id,sa1_0.employee_id,sa1_0.end_time,sa1_0.shift_name,sa1_0.start_time,sa1_0.work_date from shift_assignments sa1_0 where sa1_0.work_date=?
2025-10-13T15:39:06.131+09:00 DEBUG 18196 --- [Shift Scheduler Demo] [           main] org.hibernate.SQL                        : select sa1_0.id,sa1_0.employee_id,sa1_0.end_time,sa1_0.shift_name,sa1_0.start_time,sa1_0.work_date from shift_assignments sa1_0 where sa1_0.work_date=?
Hibernate: select sa1_0.id,sa1_0.employee_id,sa1_0.end_time,sa1_0.shift_name,sa1_0.start_time,sa1_0.work_date from shift_assignments sa1_0 where sa1_0.work_date=?
2025-10-13T15:39:06.134+09:00 DEBUG 18196 --- [Shift Scheduler Demo] [           main] org.hibernate.SQL                        : select sa1_0.id,sa1_0.employee_id,sa1_0.end_time,sa1_0.shift_name,sa1_0.start_time,sa1_0.work_date from shift_assignments sa1_0 where sa1_0.work_date=?
Hibernate: select sa1_0.id,sa1_0.employee_id,sa1_0.end_time,sa1_0.shift_name,sa1_0.start_time,sa1_0.work_date from shift_assignments sa1_0 where sa1_0.work_date=?
2025-10-13T15:39:06.136+09:00 DEBUG 18196 --- [Shift Scheduler Demo] [           main] org.hibernate.SQL                        : select sa1_0.id,sa1_0.employee_id,sa1_0.end_time,sa1_0.shift_name,sa1_0.start_time,sa1_0.work_date from shift_assignments sa1_0 where sa1_0.work_date=?
Hibernate: select sa1_0.id,sa1_0.employee_id,sa1_0.end_time,sa1_0.shift_name,sa1_0.start_time,sa1_0.work_date from shift_assignments sa1_0 where sa1_0.work_date=?
2025-10-13T15:39:06.138+09:00 DEBUG 18196 --- [Shift Scheduler Demo] [           main] org.hibernate.SQL                        : select sa1_0.id,sa1_0.employee_id,sa1_0.end_time,sa1_0.shift_name,sa1_0.start_time,sa1_0.work_date from shift_assignments sa1_0 where sa1_0.work_date=?
Hibernate: select sa1_0.id,sa1_0.employee_id,sa1_0.end_time,sa1_0.shift_name,sa1_0.start_time,sa1_0.work_date from shift_assignments sa1_0 where sa1_0.work_date=?
2025-10-13T15:39:06.140+09:00 DEBUG 18196 --- [Shift Scheduler Demo] [           main] org.hibernate.SQL                        : select sa1_0.id,sa1_0.employee_id,sa1_0.end_time,sa1_0.shift_name,sa1_0.start_time,sa1_0.work_date from shift_assignments sa1_0 where sa1_0.work_date=?
Hibernate: select sa1_0.id,sa1_0.employee_id,sa1_0.end_time,sa1_0.shift_name,sa1_0.start_time,sa1_0.work_date from shift_assignments sa1_0 where sa1_0.work_date=?
2025-10-13T15:39:06.145+09:00 DEBUG 18196 --- [Shift Scheduler Demo] [           main] org.hibernate.SQL                        : select sa1_0.id,sa1_0.employee_id,sa1_0.end_time,sa1_0.shift_name,sa1_0.start_time,sa1_0.work_date from shift_assignments sa1_0 where sa1_0.work_date=?
Hibernate: select sa1_0.id,sa1_0.employee_id,sa1_0.end_time,sa1_0.shift_name,sa1_0.start_time,sa1_0.work_date from shift_assignments sa1_0 where sa1_0.work_date=?
2025-10-13T15:39:06.147+09:00 DEBUG 18196 --- [Shift Scheduler Demo] [           main] org.hibernate.SQL                        : select sa1_0.id,sa1_0.employee_id,sa1_0.end_time,sa1_0.shift_name,sa1_0.start_time,sa1_0.work_date from shift_assignments sa1_0 where sa1_0.work_date=?
Hibernate: select sa1_0.id,sa1_0.employee_id,sa1_0.end_time,sa1_0.shift_name,sa1_0.start_time,sa1_0.work_date from shift_assignments sa1_0 where sa1_0.work_date=?
2025-10-13T15:39:06.149+09:00 DEBUG 18196 --- [Shift Scheduler Demo] [           main] org.hibernate.SQL                        : select sa1_0.id,sa1_0.employee_id,sa1_0.end_time,sa1_0.shift_name,sa1_0.start_time,sa1_0.work_date from shift_assignments sa1_0 where sa1_0.work_date=?
Hibernate: select sa1_0.id,sa1_0.employee_id,sa1_0.end_time,sa1_0.shift_name,sa1_0.start_time,sa1_0.work_date from shift_assignments sa1_0 where sa1_0.work_date=?
2025-10-13T15:39:06.151+09:00 DEBUG 18196 --- [Shift Scheduler Demo] [           main] org.hibernate.SQL                        : select sa1_0.id,sa1_0.employee_id,sa1_0.end_time,sa1_0.shift_name,sa1_0.start_time,sa1_0.work_date from shift_assignments sa1_0 where sa1_0.work_date=?
Hibernate: select sa1_0.id,sa1_0.employee_id,sa1_0.end_time,sa1_0.shift_name,sa1_0.start_time,sa1_0.work_date from shift_assignments sa1_0 where sa1_0.work_date=?
2025-10-13T15:39:06.153+09:00 DEBUG 18196 --- [Shift Scheduler Demo] [           main] org.hibernate.SQL                        : select sa1_0.id,sa1_0.employee_id,sa1_0.end_time,sa1_0.shift_name,sa1_0.start_time,sa1_0.work_date from shift_assignments sa1_0 where sa1_0.work_date=?
Hibernate: select sa1_0.id,sa1_0.employee_id,sa1_0.end_time,sa1_0.shift_name,sa1_0.start_time,sa1_0.work_date from shift_assignments sa1_0 where sa1_0.work_date=?
2025-10-13T15:39:06.156+09:00 DEBUG 18196 --- [Shift Scheduler Demo] [           main] org.hibernate.SQL                        : select sa1_0.id,sa1_0.employee_id,sa1_0.end_time,sa1_0.shift_name,sa1_0.start_time,sa1_0.work_date from shift_assignments sa1_0 where sa1_0.work_date=?
Hibernate: select sa1_0.id,sa1_0.employee_id,sa1_0.end_time,sa1_0.shift_name,sa1_0.start_time,sa1_0.work_date from shift_assignments sa1_0 where sa1_0.work_date=?
2025-10-13T15:39:06.158+09:00 DEBUG 18196 --- [Shift Scheduler Demo] [           main] org.hibernate.SQL                        : select sa1_0.id,sa1_0.employee_id,sa1_0.end_time,sa1_0.shift_name,sa1_0.start_time,sa1_0.work_date from shift_assignments sa1_0 where sa1_0.work_date=?
Hibernate: select sa1_0.id,sa1_0.employee_id,sa1_0.end_time,sa1_0.shift_name,sa1_0.start_time,sa1_0.work_date from shift_assignments sa1_0 where sa1_0.work_date=?
2025-10-13T15:39:06.160+09:00 DEBUG 18196 --- [Shift Scheduler Demo] [           main] org.hibernate.SQL                        : select sa1_0.id,sa1_0.employee_id,sa1_0.end_time,sa1_0.shift_name,sa1_0.start_time,sa1_0.work_date from shift_assignments sa1_0 where sa1_0.work_date=?
Hibernate: select sa1_0.id,sa1_0.employee_id,sa1_0.end_time,sa1_0.shift_name,sa1_0.start_time,sa1_0.work_date from shift_assignments sa1_0 where sa1_0.work_date=?
2025-10-13T15:39:06.162+09:00 DEBUG 18196 --- [Shift Scheduler Demo] [           main] org.hibernate.SQL                        : select sa1_0.id,sa1_0.employee_id,sa1_0.end_time,sa1_0.shift_name,sa1_0.start_time,sa1_0.work_date from shift_assignments sa1_0 where sa1_0.work_date=?
Hibernate: select sa1_0.id,sa1_0.employee_id,sa1_0.end_time,sa1_0.shift_name,sa1_0.start_time,sa1_0.work_date from shift_assignments sa1_0 where sa1_0.work_date=?
2025-10-13T15:39:06.164+09:00 DEBUG 18196 --- [Shift Scheduler Demo] [           main] org.hibernate.SQL                        : select sa1_0.id,sa1_0.employee_id,sa1_0.end_time,sa1_0.shift_name,sa1_0.start_time,sa1_0.work_date from shift_assignments sa1_0 where sa1_0.work_date=?
Hibernate: select sa1_0.id,sa1_0.employee_id,sa1_0.end_time,sa1_0.shift_name,sa1_0.start_time,sa1_0.work_date from shift_assignments sa1_0 where sa1_0.work_date=?
2025-10-13T15:39:06.165+09:00 DEBUG 18196 --- [Shift Scheduler Demo] [           main] org.hibernate.SQL                        : select sa1_0.id,sa1_0.employee_id,sa1_0.end_time,sa1_0.shift_name,sa1_0.start_time,sa1_0.work_date from shift_assignments sa1_0 where sa1_0.work_date=?
Hibernate: select sa1_0.id,sa1_0.employee_id,sa1_0.end_time,sa1_0.shift_name,sa1_0.start_time,sa1_0.work_date from shift_assignments sa1_0 where sa1_0.work_date=?
2025-10-13T15:39:06.167+09:00 DEBUG 18196 --- [Shift Scheduler Demo] [           main] org.hibernate.SQL                        : select sa1_0.id,sa1_0.employee_id,sa1_0.end_time,sa1_0.shift_name,sa1_0.start_time,sa1_0.work_date from shift_assignments sa1_0 where sa1_0.work_date=?
Hibernate: select sa1_0.id,sa1_0.employee_id,sa1_0.end_time,sa1_0.shift_name,sa1_0.start_time,sa1_0.work_date from shift_assignments sa1_0 where sa1_0.work_date=?
2025-10-13T15:39:06.169+09:00 DEBUG 18196 --- [Shift Scheduler Demo] [           main] org.hibernate.SQL                        : select sa1_0.id,sa1_0.employee_id,sa1_0.end_time,sa1_0.shift_name,sa1_0.start_time,sa1_0.work_date from shift_assignments sa1_0 where sa1_0.work_date=?
Hibernate: select sa1_0.id,sa1_0.employee_id,sa1_0.end_time,sa1_0.shift_name,sa1_0.start_time,sa1_0.work_date from shift_assignments sa1_0 where sa1_0.work_date=?
2025-10-13T15:39:06.171+09:00 DEBUG 18196 --- [Shift Scheduler Demo] [           main] org.hibernate.SQL                        : select sa1_0.id,sa1_0.employee_id,sa1_0.end_time,sa1_0.shift_name,sa1_0.start_time,sa1_0.work_date from shift_assignments sa1_0 where sa1_0.work_date=?
Hibernate: select sa1_0.id,sa1_0.employee_id,sa1_0.end_time,sa1_0.shift_name,sa1_0.start_time,sa1_0.work_date from shift_assignments sa1_0 where sa1_0.work_date=?
2025-10-13T15:39:06.174+09:00 DEBUG 18196 --- [Shift Scheduler Demo] [           main] org.hibernate.SQL                        : select sa1_0.id,sa1_0.employee_id,sa1_0.end_time,sa1_0.shift_name,sa1_0.start_time,sa1_0.work_date from shift_assignments sa1_0 where sa1_0.work_date=?
Hibernate: select sa1_0.id,sa1_0.employee_id,sa1_0.end_time,sa1_0.shift_name,sa1_0.start_time,sa1_0.work_date from shift_assignments sa1_0 where sa1_0.work_date=?
2025-10-13T15:39:06.177+09:00 DEBUG 18196 --- [Shift Scheduler Demo] [           main] org.hibernate.SQL                        : select sa1_0.id,sa1_0.employee_id,sa1_0.end_time,sa1_0.shift_name,sa1_0.start_time,sa1_0.work_date from shift_assignments sa1_0 where sa1_0.work_date=?
Hibernate: select sa1_0.id,sa1_0.employee_id,sa1_0.end_time,sa1_0.shift_name,sa1_0.start_time,sa1_0.work_date from shift_assignments sa1_0 where sa1_0.work_date=?
2025-10-13T15:39:06.181+09:00 DEBUG 18196 --- [Shift Scheduler Demo] [           main] org.hibernate.SQL                        : select sa1_0.id,sa1_0.employee_id,sa1_0.end_time,sa1_0.shift_name,sa1_0.start_time,sa1_0.work_date from shift_assignments sa1_0 where sa1_0.work_date=?
Hibernate: select sa1_0.id,sa1_0.employee_id,sa1_0.end_time,sa1_0.shift_name,sa1_0.start_time,sa1_0.work_date from shift_assignments sa1_0 where sa1_0.work_date=?
2025-10-13T15:39:06.183+09:00 DEBUG 18196 --- [Shift Scheduler Demo] [           main] org.hibernate.SQL                        : select sa1_0.id,sa1_0.employee_id,sa1_0.end_time,sa1_0.shift_name,sa1_0.start_time,sa1_0.work_date from shift_assignments sa1_0 where sa1_0.work_date=?
Hibernate: select sa1_0.id,sa1_0.employee_id,sa1_0.end_time,sa1_0.shift_name,sa1_0.start_time,sa1_0.work_date from shift_assignments sa1_0 where sa1_0.work_date=?
2025-10-13T15:39:06.185+09:00 DEBUG 18196 --- [Shift Scheduler Demo] [           main] org.hibernate.SQL                        : select sa1_0.id,sa1_0.employee_id,sa1_0.end_time,sa1_0.shift_name,sa1_0.start_time,sa1_0.work_date from shift_assignments sa1_0 where sa1_0.work_date=?
Hibernate: select sa1_0.id,sa1_0.employee_id,sa1_0.end_time,sa1_0.shift_name,sa1_0.start_time,sa1_0.work_date from shift_assignments sa1_0 where sa1_0.work_date=?
2025-10-13T15:39:06.188+09:00 DEBUG 18196 --- [Shift Scheduler Demo] [           main] org.hibernate.SQL                        : select sa1_0.id,sa1_0.employee_id,sa1_0.end_time,sa1_0.shift_name,sa1_0.start_time,sa1_0.work_date from shift_assignments sa1_0 where sa1_0.work_date=?
Hibernate: select sa1_0.id,sa1_0.employee_id,sa1_0.end_time,sa1_0.shift_name,sa1_0.start_time,sa1_0.work_date from shift_assignments sa1_0 where sa1_0.work_date=?
2025-10-13T15:39:06.191+09:00 DEBUG 18196 --- [Shift Scheduler Demo] [           main] org.hibernate.SQL                        : select sa1_0.id,sa1_0.employee_id,sa1_0.end_time,sa1_0.shift_name,sa1_0.start_time,sa1_0.work_date from shift_assignments sa1_0 where sa1_0.work_date=?
Hibernate: select sa1_0.id,sa1_0.employee_id,sa1_0.end_time,sa1_0.shift_name,sa1_0.start_time,sa1_0.work_date from shift_assignments sa1_0 where sa1_0.work_date=?
2025-10-13T15:39:06.194+09:00 DEBUG 18196 --- [Shift Scheduler Demo] [           main] org.hibernate.SQL                        : select sa1_0.id,sa1_0.employee_id,sa1_0.end_time,sa1_0.shift_name,sa1_0.start_time,sa1_0.work_date from shift_assignments sa1_0 where sa1_0.work_date=?
Hibernate: select sa1_0.id,sa1_0.employee_id,sa1_0.end_time,sa1_0.shift_name,sa1_0.start_time,sa1_0.work_date from shift_assignments sa1_0 where sa1_0.work_date=?
2025-10-13T15:39:06.196+09:00 DEBUG 18196 --- [Shift Scheduler Demo] [           main] org.hibernate.SQL                        : select sa1_0.id,sa1_0.employee_id,sa1_0.end_time,sa1_0.shift_name,sa1_0.start_time,sa1_0.work_date from shift_assignments sa1_0 where sa1_0.work_date=?
Hibernate: select sa1_0.id,sa1_0.employee_id,sa1_0.end_time,sa1_0.shift_name,sa1_0.start_time,sa1_0.work_date from shift_assignments sa1_0 where sa1_0.work_date=?
2025-10-13T15:39:06.198+09:00 DEBUG 18196 --- [Shift Scheduler Demo] [           main] org.hibernate.SQL                        : select sa1_0.id,sa1_0.employee_id,sa1_0.end_time,sa1_0.shift_name,sa1_0.start_time,sa1_0.work_date from shift_assignments sa1_0 where sa1_0.work_date=?
Hibernate: select sa1_0.id,sa1_0.employee_id,sa1_0.end_time,sa1_0.shift_name,sa1_0.start_time,sa1_0.work_date from shift_assignments sa1_0 where sa1_0.work_date=?
2025-10-13T15:39:06.199+09:00  INFO 18196 --- [Shift Scheduler Demo] [           main] c.e.shiftv1.schedule.ScheduleService     : 既存のシフト割り当てを削除しました: 2024-07-01 から 2024-07-31
2025-10-13T15:39:06.202+09:00 DEBUG 18196 --- [Shift Scheduler Demo] [           main] org.hibernate.SQL                        : select sc1_0.id,sc1_0.is_active,sc1_0.created_at,sc1_0.day_of_week,sc1_0.end_time,sc1_0.is_holiday,sc1_0.name,sc1_0.required_employees,sc1_0.start_time,sc1_0.updated_at,sc1_0.is_weekend from shift_config sc1_0 where sc1_0.is_active=1
Hibernate: select sc1_0.id,sc1_0.is_active,sc1_0.created_at,sc1_0.day_of_week,sc1_0.end_time,sc1_0.is_holiday,sc1_0.name,sc1_0.required_employees,sc1_0.start_time,sc1_0.updated_at,sc1_0.is_weekend from shift_config sc1_0 where sc1_0.is_active=1
2025-10-13T15:39:06.211+09:00 DEBUG 18196 --- [Shift Scheduler Demo] [           main] org.hibernate.SQL                        : select ec1_0.id,ec1_0.is_active,ec1_0.created_at,ec1_0.date,ec1_0.employee_id,ec1_0.end_time,ec1_0.reason,ec1_0.start_time,ec1_0.type,ec1_0.updated_at from employee_constraints ec1_0 where ec1_0.date between ? and ? and ec1_0.is_active=1
Hibernate: select ec1_0.id,ec1_0.is_active,ec1_0.created_at,ec1_0.date,ec1_0.employee_id,ec1_0.end_time,ec1_0.reason,ec1_0.start_time,ec1_0.type,ec1_0.updated_at from employee_constraints ec1_0 where ec1_0.date between ? and ? and ec1_0.is_active=1
2025-10-13T15:39:06.218+09:00 DEBUG 18196 --- [Shift Scheduler Demo] [           main] org.hibernate.SQL                        : select h1_0.date from holidays h1_0 where h1_0.date between ? and ?
Hibernate: select h1_0.date from holidays h1_0 where h1_0.date between ? and ?
2025-10-13T15:39:06.253+09:00 DEBUG 18196 --- [Shift Scheduler Demo] [           main] org.hibernate.SQL                        : insert into shift_assignments (employee_id,end_time,shift_name,start_time,work_date) values (?,?,?,?,?)
Hibernate: insert into shift_assignments (employee_id,end_time,shift_name,start_time,work_date) values (?,?,?,?,?)
2025-10-13T15:39:06.254+09:00 DEBUG 18196 --- [Shift Scheduler Demo] [           main] org.hibernate.SQL                        : select last_insert_rowid()
Hibernate: select last_insert_rowid()
2025-10-13T15:39:06.255+09:00 DEBUG 18196 --- [Shift Scheduler Demo] [           main] org.hibernate.SQL                        : insert into shift_assignments (employee_id,end_time,shift_name,start_time,work_date) values (?,?,?,?,?)
Hibernate: insert into shift_assignments (employee_id,end_time,shift_name,start_time,work_date) values (?,?,?,?,?)
2025-10-13T15:39:06.256+09:00 DEBUG 18196 --- [Shift Scheduler Demo] [           main] org.hibernate.SQL                        : select last_insert_rowid()
Hibernate: select last_insert_rowid()
2025-10-13T15:39:06.256+09:00 DEBUG 18196 --- [Shift Scheduler Demo] [           main] org.hibernate.SQL                        : insert into shift_assignments (employee_id,end_time,shift_name,start_time,work_date) values (?,?,?,?,?)
Hibernate: insert into shift_assignments (employee_id,end_time,shift_name,start_time,work_date) values (?,?,?,?,?)
2025-10-13T15:39:06.257+09:00 DEBUG 18196 --- [Shift Scheduler Demo] [           main] org.hibernate.SQL                        : select last_insert_rowid()
Hibernate: select last_insert_rowid()
2025-10-13T15:39:06.258+09:00 DEBUG 18196 --- [Shift Scheduler Demo] [           main] org.hibernate.SQL                        : insert into shift_assignments (employee_id,end_time,shift_name,start_time,work_date) values (?,?,?,?,?)
Hibernate: insert into shift_assignments (employee_id,end_time,shift_name,start_time,work_date) values (?,?,?,?,?)
2025-10-13T15:39:06.258+09:00 DEBUG 18196 --- [Shift Scheduler Demo] [           main] org.hibernate.SQL                        : select last_insert_rowid()
Hibernate: select last_insert_rowid()
2025-10-13T15:39:06.258+09:00 DEBUG 18196 --- [Shift Scheduler Demo] [           main] org.hibernate.SQL                        : insert into shift_assignments (employee_id,end_time,shift_name,start_time,work_date) values (?,?,?,?,?)
Hibernate: insert into shift_assignments (employee_id,end_time,shift_name,start_time,work_date) values (?,?,?,?,?)
2025-10-13T15:39:06.259+09:00 DEBUG 18196 --- [Shift Scheduler Demo] [           main] org.hibernate.SQL                        : select last_insert_rowid()
Hibernate: select last_insert_rowid()
2025-10-13T15:39:06.260+09:00 DEBUG 18196 --- [Shift Scheduler Demo] [           main] org.hibernate.SQL                        : insert into shift_assignments (employee_id,end_time,shift_name,start_time,work_date) values (?,?,?,?,?)
Hibernate: insert into shift_assignments (employee_id,end_time,shift_name,start_time,work_date) values (?,?,?,?,?)
2025-10-13T15:39:06.261+09:00 DEBUG 18196 --- [Shift Scheduler Demo] [           main] org.hibernate.SQL                        : select last_insert_rowid()
Hibernate: select last_insert_rowid()
2025-10-13T15:39:06.261+09:00 DEBUG 18196 --- [Shift Scheduler Demo] [           main] org.hibernate.SQL                        : insert into shift_assignments (employee_id,end_time,shift_name,start_time,work_date) values (?,?,?,?,?)
Hibernate: insert into shift_assignments (employee_id,end_time,shift_name,start_time,work_date) values (?,?,?,?,?)
2025-10-13T15:39:06.262+09:00 DEBUG 18196 --- [Shift Scheduler Demo] [           main] org.hibernate.SQL                        : select last_insert_rowid()
Hibernate: select last_insert_rowid()
2025-10-13T15:39:06.262+09:00 DEBUG 18196 --- [Shift Scheduler Demo] [           main] org.hibernate.SQL                        : insert into shift_assignments (employee_id,end_time,shift_name,start_time,work_date) values (?,?,?,?,?)
Hibernate: insert into shift_assignments (employee_id,end_time,shift_name,start_time,work_date) values (?,?,?,?,?)
2025-10-13T15:39:06.262+09:00 DEBUG 18196 --- [Shift Scheduler Demo] [           main] org.hibernate.SQL                        : select last_insert_rowid()
Hibernate: select last_insert_rowid()
2025-10-13T15:39:06.263+09:00 DEBUG 18196 --- [Shift Scheduler Demo] [           main] org.hibernate.SQL                        : insert into shift_assignments (employee_id,end_time,shift_name,start_time,work_date) values (?,?,?,?,?)
Hibernate: insert into shift_assignments (employee_id,end_time,shift_name,start_time,work_date) values (?,?,?,?,?)
2025-10-13T15:39:06.263+09:00 DEBUG 18196 --- [Shift Scheduler Demo] [           main] org.hibernate.SQL                        : select last_insert_rowid()
Hibernate: select last_insert_rowid()
2025-10-13T15:39:06.264+09:00 DEBUG 18196 --- [Shift Scheduler Demo] [           main] org.hibernate.SQL                        : insert into shift_assignments (employee_id,end_time,shift_name,start_time,work_date) values (?,?,?,?,?)
Hibernate: insert into shift_assignments (employee_id,end_time,shift_name,start_time,work_date) values (?,?,?,?,?)
2025-10-13T15:39:06.264+09:00 DEBUG 18196 --- [Shift Scheduler Demo] [           main] org.hibernate.SQL                        : select last_insert_rowid()
Hibernate: select last_insert_rowid()
2025-10-13T15:39:06.264+09:00 DEBUG 18196 --- [Shift Scheduler Demo] [           main] org.hibernate.SQL                        : insert into shift_assignments (employee_id,end_time,shift_name,start_time,work_date) values (?,?,?,?,?)
Hibernate: insert into shift_assignments (employee_id,end_time,shift_name,start_time,work_date) values (?,?,?,?,?)
2025-10-13T15:39:06.265+09:00 DEBUG 18196 --- [Shift Scheduler Demo] [           main] org.hibernate.SQL                        : select last_insert_rowid()
Hibernate: select last_insert_rowid()
2025-10-13T15:39:06.265+09:00 DEBUG 18196 --- [Shift Scheduler Demo] [           main] org.hibernate.SQL                        : insert into shift_assignments (employee_id,end_time,shift_name,start_time,work_date) values (?,?,?,?,?)
Hibernate: insert into shift_assignments (employee_id,end_time,shift_name,start_time,work_date) values (?,?,?,?,?)
2025-10-13T15:39:06.265+09:00 DEBUG 18196 --- [Shift Scheduler Demo] [           main] org.hibernate.SQL                        : select last_insert_rowid()
Hibernate: select last_insert_rowid()
2025-10-13T15:39:06.266+09:00 DEBUG 18196 --- [Shift Scheduler Demo] [           main] org.hibernate.SQL                        : insert into shift_assignments (employee_id,end_time,shift_name,start_time,work_date) values (?,?,?,?,?)
Hibernate: insert into shift_assignments (employee_id,end_time,shift_name,start_time,work_date) values (?,?,?,?,?)
2025-10-13T15:39:06.266+09:00 DEBUG 18196 --- [Shift Scheduler Demo] [           main] org.hibernate.SQL                        : select last_insert_rowid()
Hibernate: select last_insert_rowid()
2025-10-13T15:39:06.266+09:00 DEBUG 18196 --- [Shift Scheduler Demo] [           main] org.hibernate.SQL                        : insert into shift_assignments (employee_id,end_time,shift_name,start_time,work_date) values (?,?,?,?,?)
Hibernate: insert into shift_assignments (employee_id,end_time,shift_name,start_time,work_date) values (?,?,?,?,?)
2025-10-13T15:39:06.267+09:00 DEBUG 18196 --- [Shift Scheduler Demo] [           main] org.hibernate.SQL                        : select last_insert_rowid()
Hibernate: select last_insert_rowid()
2025-10-13T15:39:06.267+09:00 DEBUG 18196 --- [Shift Scheduler Demo] [           main] org.hibernate.SQL                        : insert into shift_assignments (employee_id,end_time,shift_name,start_time,work_date) values (?,?,?,?,?)
Hibernate: insert into shift_assignments (employee_id,end_time,shift_name,start_time,work_date) values (?,?,?,?,?)
2025-10-13T15:39:06.267+09:00 DEBUG 18196 --- [Shift Scheduler Demo] [           main] org.hibernate.SQL                        : select last_insert_rowid()
Hibernate: select last_insert_rowid()
2025-10-13T15:39:06.268+09:00 DEBUG 18196 --- [Shift Scheduler Demo] [           main] org.hibernate.SQL                        : insert into shift_assignments (employee_id,end_time,shift_name,start_time,work_date) values (?,?,?,?,?)
Hibernate: insert into shift_assignments (employee_id,end_time,shift_name,start_time,work_date) values (?,?,?,?,?)
2025-10-13T15:39:06.268+09:00 DEBUG 18196 --- [Shift Scheduler Demo] [           main] org.hibernate.SQL                        : select last_insert_rowid()
Hibernate: select last_insert_rowid()
2025-10-13T15:39:06.269+09:00 DEBUG 18196 --- [Shift Scheduler Demo] [           main] org.hibernate.SQL                        : insert into shift_assignments (employee_id,end_time,shift_name,start_time,work_date) values (?,?,?,?,?)
Hibernate: insert into shift_assignments (employee_id,end_time,shift_name,start_time,work_date) values (?,?,?,?,?)
2025-10-13T15:39:06.269+09:00 DEBUG 18196 --- [Shift Scheduler Demo] [           main] org.hibernate.SQL                        : select last_insert_rowid()
Hibernate: select last_insert_rowid()
2025-10-13T15:39:06.270+09:00 DEBUG 18196 --- [Shift Scheduler Demo] [           main] org.hibernate.SQL                        : insert into shift_assignments (employee_id,end_time,shift_name,start_time,work_date) values (?,?,?,?,?)
Hibernate: insert into shift_assignments (employee_id,end_time,shift_name,start_time,work_date) values (?,?,?,?,?)
2025-10-13T15:39:06.270+09:00 DEBUG 18196 --- [Shift Scheduler Demo] [           main] org.hibernate.SQL                        : select last_insert_rowid()
Hibernate: select last_insert_rowid()
2025-10-13T15:39:06.276+09:00 DEBUG 18196 --- [Shift Scheduler Demo] [           main] org.hibernate.SQL                        : insert into shift_assignments (employee_id,end_time,shift_name,start_time,work_date) values (?,?,?,?,?)
Hibernate: insert into shift_assignments (employee_id,end_time,shift_name,start_time,work_date) values (?,?,?,?,?)
2025-10-13T15:39:06.277+09:00 DEBUG 18196 --- [Shift Scheduler Demo] [           main] org.hibernate.SQL                        : select last_insert_rowid()
Hibernate: select last_insert_rowid()
2025-10-13T15:39:06.291+09:00 DEBUG 18196 --- [Shift Scheduler Demo] [           main] org.hibernate.SQL                        : insert into shift_assignments (employee_id,end_time,shift_name,start_time,work_date) values (?,?,?,?,?)
Hibernate: insert into shift_assignments (employee_id,end_time,shift_name,start_time,work_date) values (?,?,?,?,?)
2025-10-13T15:39:06.292+09:00 DEBUG 18196 --- [Shift Scheduler Demo] [           main] org.hibernate.SQL                        : select last_insert_rowid()
Hibernate: select last_insert_rowid()
2025-10-13T15:39:06.293+09:00 DEBUG 18196 --- [Shift Scheduler Demo] [           main] org.hibernate.SQL                        : insert into shift_assignments (employee_id,end_time,shift_name,start_time,work_date) values (?,?,?,?,?)
Hibernate: insert into shift_assignments (employee_id,end_time,shift_name,start_time,work_date) values (?,?,?,?,?)
2025-10-13T15:39:06.293+09:00 DEBUG 18196 --- [Shift Scheduler Demo] [           main] org.hibernate.SQL                        : select last_insert_rowid()
Hibernate: select last_insert_rowid()
2025-10-13T15:39:06.294+09:00 DEBUG 18196 --- [Shift Scheduler Demo] [           main] org.hibernate.SQL                        : insert into shift_assignments (employee_id,end_time,shift_name,start_time,work_date) values (?,?,?,?,?)
Hibernate: insert into shift_assignments (employee_id,end_time,shift_name,start_time,work_date) values (?,?,?,?,?)
2025-10-13T15:39:06.294+09:00 DEBUG 18196 --- [Shift Scheduler Demo] [           main] org.hibernate.SQL                        : select last_insert_rowid()
Hibernate: select last_insert_rowid()
2025-10-13T15:39:06.302+09:00 DEBUG 18196 --- [Shift Scheduler Demo] [           main] org.hibernate.SQL                        : insert into shift_assignments (employee_id,end_time,shift_name,start_time,work_date) values (?,?,?,?,?)
Hibernate: insert into shift_assignments (employee_id,end_time,shift_name,start_time,work_date) values (?,?,?,?,?)
2025-10-13T15:39:06.302+09:00 DEBUG 18196 --- [Shift Scheduler Demo] [           main] org.hibernate.SQL                        : select last_insert_rowid()
Hibernate: select last_insert_rowid()
2025-10-13T15:39:06.304+09:00 DEBUG 18196 --- [Shift Scheduler Demo] [           main] org.hibernate.SQL                        : insert into shift_assignments (employee_id,end_time,shift_name,start_time,work_date) values (?,?,?,?,?)
Hibernate: insert into shift_assignments (employee_id,end_time,shift_name,start_time,work_date) values (?,?,?,?,?)
2025-10-13T15:39:06.304+09:00 DEBUG 18196 --- [Shift Scheduler Demo] [           main] org.hibernate.SQL                        : select last_insert_rowid()
Hibernate: select last_insert_rowid()
2025-10-13T15:39:06.364+09:00 DEBUG 18196 --- [Shift Scheduler Demo] [           main] org.hibernate.SQL                        : insert into shift_assignments (employee_id,end_time,shift_name,start_time,work_date) values (?,?,?,?,?)
Hibernate: insert into shift_assignments (employee_id,end_time,shift_name,start_time,work_date) values (?,?,?,?,?)
2025-10-13T15:39:06.376+09:00 DEBUG 18196 --- [Shift Scheduler Demo] [           main] org.hibernate.SQL                        : select last_insert_rowid()
Hibernate: select last_insert_rowid()
2025-10-13T15:39:06.378+09:00 DEBUG 18196 --- [Shift Scheduler Demo] [           main] org.hibernate.SQL                        : insert into shift_assignments (employee_id,end_time,shift_name,start_time,work_date) values (?,?,?,?,?)
Hibernate: insert into shift_assignments (employee_id,end_time,shift_name,start_time,work_date) values (?,?,?,?,?)
2025-10-13T15:39:06.378+09:00 DEBUG 18196 --- [Shift Scheduler Demo] [           main] org.hibernate.SQL                        : select last_insert_rowid()
Hibernate: select last_insert_rowid()
2025-10-13T15:39:06.378+09:00 DEBUG 18196 --- [Shift Scheduler Demo] [           main] org.hibernate.SQL                        : insert into shift_assignments (employee_id,end_time,shift_name,start_time,work_date) values (?,?,?,?,?)
Hibernate: insert into shift_assignments (employee_id,end_time,shift_name,start_time,work_date) values (?,?,?,?,?)
2025-10-13T15:39:06.378+09:00 DEBUG 18196 --- [Shift Scheduler Demo] [           main] org.hibernate.SQL                        : select last_insert_rowid()
Hibernate: select last_insert_rowid()
2025-10-13T15:39:06.378+09:00 DEBUG 18196 --- [Shift Scheduler Demo] [           main] org.hibernate.SQL                        : insert into shift_assignments (employee_id,end_time,shift_name,start_time,work_date) values (?,?,?,?,?)
Hibernate: insert into shift_assignments (employee_id,end_time,shift_name,start_time,work_date) values (?,?,?,?,?)
2025-10-13T15:39:06.380+09:00 DEBUG 18196 --- [Shift Scheduler Demo] [           main] org.hibernate.SQL                        : select last_insert_rowid()
Hibernate: select last_insert_rowid()
2025-10-13T15:39:06.380+09:00 DEBUG 18196 --- [Shift Scheduler Demo] [           main] org.hibernate.SQL                        : insert into shift_assignments (employee_id,end_time,shift_name,start_time,work_date) values (?,?,?,?,?)
Hibernate: insert into shift_assignments (employee_id,end_time,shift_name,start_time,work_date) values (?,?,?,?,?)
2025-10-13T15:39:06.380+09:00 DEBUG 18196 --- [Shift Scheduler Demo] [           main] org.hibernate.SQL                        : select last_insert_rowid()
Hibernate: select last_insert_rowid()
2025-10-13T15:39:06.380+09:00 DEBUG 18196 --- [Shift Scheduler Demo] [           main] org.hibernate.SQL                        : insert into shift_assignments (employee_id,end_time,shift_name,start_time,work_date) values (?,?,?,?,?)
Hibernate: insert into shift_assignments (employee_id,end_time,shift_name,start_time,work_date) values (?,?,?,?,?)
2025-10-13T15:39:06.380+09:00 DEBUG 18196 --- [Shift Scheduler Demo] [           main] org.hibernate.SQL                        : select last_insert_rowid()
Hibernate: select last_insert_rowid()
2025-10-13T15:39:06.382+09:00 DEBUG 18196 --- [Shift Scheduler Demo] [           main] org.hibernate.SQL                        : insert into shift_assignments (employee_id,end_time,shift_name,start_time,work_date) values (?,?,?,?,?)
Hibernate: insert into shift_assignments (employee_id,end_time,shift_name,start_time,work_date) values (?,?,?,?,?)
2025-10-13T15:39:06.382+09:00 DEBUG 18196 --- [Shift Scheduler Demo] [           main] org.hibernate.SQL                        : select last_insert_rowid()
Hibernate: select last_insert_rowid()
2025-10-13T15:39:06.382+09:00 DEBUG 18196 --- [Shift Scheduler Demo] [           main] org.hibernate.SQL                        : insert into shift_assignments (employee_id,end_time,shift_name,start_time,work_date) values (?,?,?,?,?)
Hibernate: insert into shift_assignments (employee_id,end_time,shift_name,start_time,work_date) values (?,?,?,?,?)
2025-10-13T15:39:06.382+09:00 DEBUG 18196 --- [Shift Scheduler Demo] [           main] org.hibernate.SQL                        : select last_insert_rowid()
Hibernate: select last_insert_rowid()
2025-10-13T15:39:06.386+09:00 DEBUG 18196 --- [Shift Scheduler Demo] [           main] org.hibernate.SQL                        : insert into shift_assignments (employee_id,end_time,shift_name,start_time,work_date) values (?,?,?,?,?)
Hibernate: insert into shift_assignments (employee_id,end_time,shift_name,start_time,work_date) values (?,?,?,?,?)
2025-10-13T15:39:06.389+09:00 DEBUG 18196 --- [Shift Scheduler Demo] [           main] org.hibernate.SQL                        : select last_insert_rowid()
Hibernate: select last_insert_rowid()
2025-10-13T15:39:06.390+09:00 DEBUG 18196 --- [Shift Scheduler Demo] [           main] org.hibernate.SQL                        : insert into shift_assignments (employee_id,end_time,shift_name,start_time,work_date) values (?,?,?,?,?)
Hibernate: insert into shift_assignments (employee_id,end_time,shift_name,start_time,work_date) values (?,?,?,?,?)
2025-10-13T15:39:06.390+09:00 DEBUG 18196 --- [Shift Scheduler Demo] [           main] org.hibernate.SQL                        : select last_insert_rowid()
Hibernate: select last_insert_rowid()
2025-10-13T15:39:06.394+09:00 DEBUG 18196 --- [Shift Scheduler Demo] [           main] org.hibernate.SQL                        : insert into shift_assignments (employee_id,end_time,shift_name,start_time,work_date) values (?,?,?,?,?)
Hibernate: insert into shift_assignments (employee_id,end_time,shift_name,start_time,work_date) values (?,?,?,?,?)
2025-10-13T15:39:06.395+09:00 DEBUG 18196 --- [Shift Scheduler Demo] [           main] org.hibernate.SQL                        : select last_insert_rowid()
Hibernate: select last_insert_rowid()
2025-10-13T15:39:06.398+09:00 DEBUG 18196 --- [Shift Scheduler Demo] [           main] org.hibernate.SQL                        : insert into shift_assignments (employee_id,end_time,shift_name,start_time,work_date) values (?,?,?,?,?)
Hibernate: insert into shift_assignments (employee_id,end_time,shift_name,start_time,work_date) values (?,?,?,?,?)
2025-10-13T15:39:06.398+09:00 DEBUG 18196 --- [Shift Scheduler Demo] [           main] org.hibernate.SQL                        : select last_insert_rowid()
Hibernate: select last_insert_rowid()
2025-10-13T15:39:06.399+09:00 DEBUG 18196 --- [Shift Scheduler Demo] [           main] org.hibernate.SQL                        : insert into shift_assignments (employee_id,end_time,shift_name,start_time,work_date) values (?,?,?,?,?)
Hibernate: insert into shift_assignments (employee_id,end_time,shift_name,start_time,work_date) values (?,?,?,?,?)
2025-10-13T15:39:06.399+09:00 DEBUG 18196 --- [Shift Scheduler Demo] [           main] org.hibernate.SQL                        : select last_insert_rowid()
Hibernate: select last_insert_rowid()
2025-10-13T15:39:06.400+09:00 DEBUG 18196 --- [Shift Scheduler Demo] [           main] org.hibernate.SQL                        : insert into shift_assignments (employee_id,end_time,shift_name,start_time,work_date) values (?,?,?,?,?)
Hibernate: insert into shift_assignments (employee_id,end_time,shift_name,start_time,work_date) values (?,?,?,?,?)
2025-10-13T15:39:06.400+09:00 DEBUG 18196 --- [Shift Scheduler Demo] [           main] org.hibernate.SQL                        : select last_insert_rowid()
Hibernate: select last_insert_rowid()
2025-10-13T15:39:06.400+09:00 DEBUG 18196 --- [Shift Scheduler Demo] [           main] org.hibernate.SQL                        : insert into shift_assignments (employee_id,end_time,shift_name,start_time,work_date) values (?,?,?,?,?)
Hibernate: insert into shift_assignments (employee_id,end_time,shift_name,start_time,work_date) values (?,?,?,?,?)
2025-10-13T15:39:06.401+09:00 DEBUG 18196 --- [Shift Scheduler Demo] [           main] org.hibernate.SQL                        : select last_insert_rowid()
Hibernate: select last_insert_rowid()
2025-10-13T15:39:06.401+09:00 DEBUG 18196 --- [Shift Scheduler Demo] [           main] org.hibernate.SQL                        : insert into shift_assignments (employee_id,end_time,shift_name,start_time,work_date) values (?,?,?,?,?)
Hibernate: insert into shift_assignments (employee_id,end_time,shift_name,start_time,work_date) values (?,?,?,?,?)
2025-10-13T15:39:06.404+09:00 DEBUG 18196 --- [Shift Scheduler Demo] [           main] org.hibernate.SQL                        : select last_insert_rowid()
Hibernate: select last_insert_rowid()
2025-10-13T15:39:06.408+09:00 DEBUG 18196 --- [Shift Scheduler Demo] [           main] org.hibernate.SQL                        : insert into shift_assignments (employee_id,end_time,shift_name,start_time,work_date) values (?,?,?,?,?)
Hibernate: insert into shift_assignments (employee_id,end_time,shift_name,start_time,work_date) values (?,?,?,?,?)
2025-10-13T15:39:06.409+09:00 DEBUG 18196 --- [Shift Scheduler Demo] [           main] org.hibernate.SQL                        : select last_insert_rowid()
Hibernate: select last_insert_rowid()
2025-10-13T15:39:06.410+09:00 DEBUG 18196 --- [Shift Scheduler Demo] [           main] org.hibernate.SQL                        : insert into shift_assignments (employee_id,end_time,shift_name,start_time,work_date) values (?,?,?,?,?)
Hibernate: insert into shift_assignments (employee_id,end_time,shift_name,start_time,work_date) values (?,?,?,?,?)
2025-10-13T15:39:06.410+09:00 DEBUG 18196 --- [Shift Scheduler Demo] [           main] org.hibernate.SQL                        : select last_insert_rowid()
Hibernate: select last_insert_rowid()
2025-10-13T15:39:06.411+09:00 DEBUG 18196 --- [Shift Scheduler Demo] [           main] org.hibernate.SQL                        : insert into shift_assignments (employee_id,end_time,shift_name,start_time,work_date) values (?,?,?,?,?)
Hibernate: insert into shift_assignments (employee_id,end_time,shift_name,start_time,work_date) values (?,?,?,?,?)
2025-10-13T15:39:06.412+09:00 DEBUG 18196 --- [Shift Scheduler Demo] [           main] org.hibernate.SQL                        : select last_insert_rowid()
Hibernate: select last_insert_rowid()
2025-10-13T15:39:06.412+09:00 DEBUG 18196 --- [Shift Scheduler Demo] [           main] org.hibernate.SQL                        : insert into shift_assignments (employee_id,end_time,shift_name,start_time,work_date) values (?,?,?,?,?)
Hibernate: insert into shift_assignments (employee_id,end_time,shift_name,start_time,work_date) values (?,?,?,?,?)
2025-10-13T15:39:06.413+09:00 DEBUG 18196 --- [Shift Scheduler Demo] [           main] org.hibernate.SQL                        : select last_insert_rowid()
Hibernate: select last_insert_rowid()
2025-10-13T15:39:06.414+09:00 DEBUG 18196 --- [Shift Scheduler Demo] [           main] org.hibernate.SQL                        : insert into shift_assignments (employee_id,end_time,shift_name,start_time,work_date) values (?,?,?,?,?)
Hibernate: insert into shift_assignments (employee_id,end_time,shift_name,start_time,work_date) values (?,?,?,?,?)
2025-10-13T15:39:06.414+09:00 DEBUG 18196 --- [Shift Scheduler Demo] [           main] org.hibernate.SQL                        : select last_insert_rowid()
Hibernate: select last_insert_rowid()
2025-10-13T15:39:06.414+09:00 DEBUG 18196 --- [Shift Scheduler Demo] [           main] org.hibernate.SQL                        : insert into shift_assignments (employee_id,end_time,shift_name,start_time,work_date) values (?,?,?,?,?)
Hibernate: insert into shift_assignments (employee_id,end_time,shift_name,start_time,work_date) values (?,?,?,?,?)
2025-10-13T15:39:06.415+09:00 DEBUG 18196 --- [Shift Scheduler Demo] [           main] org.hibernate.SQL                        : select last_insert_rowid()
Hibernate: select last_insert_rowid()
2025-10-13T15:39:06.416+09:00 DEBUG 18196 --- [Shift Scheduler Demo] [           main] org.hibernate.SQL                        : insert into shift_assignments (employee_id,end_time,shift_name,start_time,work_date) values (?,?,?,?,?)
Hibernate: insert into shift_assignments (employee_id,end_time,shift_name,start_time,work_date) values (?,?,?,?,?)
2025-10-13T15:39:06.416+09:00 DEBUG 18196 --- [Shift Scheduler Demo] [           main] org.hibernate.SQL                        : select last_insert_rowid()
Hibernate: select last_insert_rowid()
2025-10-13T15:39:06.417+09:00 DEBUG 18196 --- [Shift Scheduler Demo] [           main] org.hibernate.SQL                        : insert into shift_assignments (employee_id,end_time,shift_name,start_time,work_date) values (?,?,?,?,?)
Hibernate: insert into shift_assignments (employee_id,end_time,shift_name,start_time,work_date) values (?,?,?,?,?)
2025-10-13T15:39:06.417+09:00 DEBUG 18196 --- [Shift Scheduler Demo] [           main] org.hibernate.SQL                        : select last_insert_rowid()
Hibernate: select last_insert_rowid()
2025-10-13T15:39:06.417+09:00 DEBUG 18196 --- [Shift Scheduler Demo] [           main] org.hibernate.SQL                        : insert into shift_assignments (employee_id,end_time,shift_name,start_time,work_date) values (?,?,?,?,?)
Hibernate: insert into shift_assignments (employee_id,end_time,shift_name,start_time,work_date) values (?,?,?,?,?)
2025-10-13T15:39:06.418+09:00 DEBUG 18196 --- [Shift Scheduler Demo] [           main] org.hibernate.SQL                        : select last_insert_rowid()
Hibernate: select last_insert_rowid()
2025-10-13T15:39:06.419+09:00 DEBUG 18196 --- [Shift Scheduler Demo] [           main] org.hibernate.SQL                        : insert into shift_assignments (employee_id,end_time,shift_name,start_time,work_date) values (?,?,?,?,?)
Hibernate: insert into shift_assignments (employee_id,end_time,shift_name,start_time,work_date) values (?,?,?,?,?)
2025-10-13T15:39:06.420+09:00 DEBUG 18196 --- [Shift Scheduler Demo] [           main] org.hibernate.SQL                        : select last_insert_rowid()
Hibernate: select last_insert_rowid()
2025-10-13T15:39:06.421+09:00 DEBUG 18196 --- [Shift Scheduler Demo] [           main] org.hibernate.SQL                        : insert into shift_assignments (employee_id,end_time,shift_name,start_time,work_date) values (?,?,?,?,?)
Hibernate: insert into shift_assignments (employee_id,end_time,shift_name,start_time,work_date) values (?,?,?,?,?)
2025-10-13T15:39:06.421+09:00 DEBUG 18196 --- [Shift Scheduler Demo] [           main] org.hibernate.SQL                        : select last_insert_rowid()
Hibernate: select last_insert_rowid()
2025-10-13T15:39:06.422+09:00 DEBUG 18196 --- [Shift Scheduler Demo] [           main] org.hibernate.SQL                        : insert into shift_assignments (employee_id,end_time,shift_name,start_time,work_date) values (?,?,?,?,?)
Hibernate: insert into shift_assignments (employee_id,end_time,shift_name,start_time,work_date) values (?,?,?,?,?)
2025-10-13T15:39:06.422+09:00 DEBUG 18196 --- [Shift Scheduler Demo] [           main] org.hibernate.SQL                        : select last_insert_rowid()
Hibernate: select last_insert_rowid()
2025-10-13T15:39:06.423+09:00 DEBUG 18196 --- [Shift Scheduler Demo] [           main] org.hibernate.SQL                        : insert into shift_assignments (employee_id,end_time,shift_name,start_time,work_date) values (?,?,?,?,?)
Hibernate: insert into shift_assignments (employee_id,end_time,shift_name,start_time,work_date) values (?,?,?,?,?)
2025-10-13T15:39:06.423+09:00 DEBUG 18196 --- [Shift Scheduler Demo] [           main] org.hibernate.SQL                        : select last_insert_rowid()
Hibernate: select last_insert_rowid()
2025-10-13T15:39:06.423+09:00 DEBUG 18196 --- [Shift Scheduler Demo] [           main] org.hibernate.SQL                        : insert into shift_assignments (employee_id,end_time,shift_name,start_time,work_date) values (?,?,?,?,?)
Hibernate: insert into shift_assignments (employee_id,end_time,shift_name,start_time,work_date) values (?,?,?,?,?)
2025-10-13T15:39:06.424+09:00 DEBUG 18196 --- [Shift Scheduler Demo] [           main] org.hibernate.SQL                        : select last_insert_rowid()
Hibernate: select last_insert_rowid()
2025-10-13T15:39:06.424+09:00 DEBUG 18196 --- [Shift Scheduler Demo] [           main] org.hibernate.SQL                        : insert into shift_assignments (employee_id,end_time,shift_name,start_time,work_date) values (?,?,?,?,?)
Hibernate: insert into shift_assignments (employee_id,end_time,shift_name,start_time,work_date) values (?,?,?,?,?)
2025-10-13T15:39:06.425+09:00 DEBUG 18196 --- [Shift Scheduler Demo] [           main] org.hibernate.SQL                        : select last_insert_rowid()
Hibernate: select last_insert_rowid()
2025-10-13T15:39:06.425+09:00 DEBUG 18196 --- [Shift Scheduler Demo] [           main] org.hibernate.SQL                        : insert into shift_assignments (employee_id,end_time,shift_name,start_time,work_date) values (?,?,?,?,?)
Hibernate: insert into shift_assignments (employee_id,end_time,shift_name,start_time,work_date) values (?,?,?,?,?)
2025-10-13T15:39:06.426+09:00 DEBUG 18196 --- [Shift Scheduler Demo] [           main] org.hibernate.SQL                        : select last_insert_rowid()
Hibernate: select last_insert_rowid()
2025-10-13T15:39:06.426+09:00 DEBUG 18196 --- [Shift Scheduler Demo] [           main] org.hibernate.SQL                        : insert into shift_assignments (employee_id,end_time,shift_name,start_time,work_date) values (?,?,?,?,?)
Hibernate: insert into shift_assignments (employee_id,end_time,shift_name,start_time,work_date) values (?,?,?,?,?)
2025-10-13T15:39:06.427+09:00 DEBUG 18196 --- [Shift Scheduler Demo] [           main] org.hibernate.SQL                        : select last_insert_rowid()
Hibernate: select last_insert_rowid()
2025-10-13T15:39:06.429+09:00 DEBUG 18196 --- [Shift Scheduler Demo] [           main] org.hibernate.SQL                        : insert into shift_assignments (employee_id,end_time,shift_name,start_time,work_date) values (?,?,?,?,?)
Hibernate: insert into shift_assignments (employee_id,end_time,shift_name,start_time,work_date) values (?,?,?,?,?)
2025-10-13T15:39:06.431+09:00 DEBUG 18196 --- [Shift Scheduler Demo] [           main] org.hibernate.SQL                        : select last_insert_rowid()
Hibernate: select last_insert_rowid()
2025-10-13T15:39:06.432+09:00 DEBUG 18196 --- [Shift Scheduler Demo] [           main] org.hibernate.SQL                        : insert into shift_assignments (employee_id,end_time,shift_name,start_time,work_date) values (?,?,?,?,?)
Hibernate: insert into shift_assignments (employee_id,end_time,shift_name,start_time,work_date) values (?,?,?,?,?)
2025-10-13T15:39:06.433+09:00 DEBUG 18196 --- [Shift Scheduler Demo] [           main] org.hibernate.SQL                        : select last_insert_rowid()
Hibernate: select last_insert_rowid()
2025-10-13T15:39:06.433+09:00 DEBUG 18196 --- [Shift Scheduler Demo] [           main] org.hibernate.SQL                        : insert into shift_assignments (employee_id,end_time,shift_name,start_time,work_date) values (?,?,?,?,?)
Hibernate: insert into shift_assignments (employee_id,end_time,shift_name,start_time,work_date) values (?,?,?,?,?)
2025-10-13T15:39:06.435+09:00 DEBUG 18196 --- [Shift Scheduler Demo] [           main] org.hibernate.SQL                        : select last_insert_rowid()
Hibernate: select last_insert_rowid()
2025-10-13T15:39:06.439+09:00 DEBUG 18196 --- [Shift Scheduler Demo] [           main] org.hibernate.SQL                        : insert into shift_assignments (employee_id,end_time,shift_name,start_time,work_date) values (?,?,?,?,?)
Hibernate: insert into shift_assignments (employee_id,end_time,shift_name,start_time,work_date) values (?,?,?,?,?)
2025-10-13T15:39:06.440+09:00 DEBUG 18196 --- [Shift Scheduler Demo] [           main] org.hibernate.SQL                        : select last_insert_rowid()
Hibernate: select last_insert_rowid()
2025-10-13T15:39:06.441+09:00 DEBUG 18196 --- [Shift Scheduler Demo] [           main] org.hibernate.SQL                        : insert into shift_assignments (employee_id,end_time,shift_name,start_time,work_date) values (?,?,?,?,?)
Hibernate: insert into shift_assignments (employee_id,end_time,shift_name,start_time,work_date) values (?,?,?,?,?)
2025-10-13T15:39:06.441+09:00 DEBUG 18196 --- [Shift Scheduler Demo] [           main] org.hibernate.SQL                        : select last_insert_rowid()
Hibernate: select last_insert_rowid()
2025-10-13T15:39:06.442+09:00 DEBUG 18196 --- [Shift Scheduler Demo] [           main] org.hibernate.SQL                        : insert into shift_assignments (employee_id,end_time,shift_name,start_time,work_date) values (?,?,?,?,?)
Hibernate: insert into shift_assignments (employee_id,end_time,shift_name,start_time,work_date) values (?,?,?,?,?)
2025-10-13T15:39:06.442+09:00 DEBUG 18196 --- [Shift Scheduler Demo] [           main] org.hibernate.SQL                        : select last_insert_rowid()
Hibernate: select last_insert_rowid()
2025-10-13T15:39:06.443+09:00 DEBUG 18196 --- [Shift Scheduler Demo] [           main] org.hibernate.SQL                        : insert into shift_assignments (employee_id,end_time,shift_name,start_time,work_date) values (?,?,?,?,?)
Hibernate: insert into shift_assignments (employee_id,end_time,shift_name,start_time,work_date) values (?,?,?,?,?)
2025-10-13T15:39:06.443+09:00 DEBUG 18196 --- [Shift Scheduler Demo] [           main] org.hibernate.SQL                        : select last_insert_rowid()
Hibernate: select last_insert_rowid()
2025-10-13T15:39:06.444+09:00 DEBUG 18196 --- [Shift Scheduler Demo] [           main] org.hibernate.SQL                        : insert into shift_assignments (employee_id,end_time,shift_name,start_time,work_date) values (?,?,?,?,?)
Hibernate: insert into shift_assignments (employee_id,end_time,shift_name,start_time,work_date) values (?,?,?,?,?)
2025-10-13T15:39:06.444+09:00 DEBUG 18196 --- [Shift Scheduler Demo] [           main] org.hibernate.SQL                        : select last_insert_rowid()
Hibernate: select last_insert_rowid()
2025-10-13T15:39:06.445+09:00 DEBUG 18196 --- [Shift Scheduler Demo] [           main] org.hibernate.SQL                        : insert into shift_assignments (employee_id,end_time,shift_name,start_time,work_date) values (?,?,?,?,?)
Hibernate: insert into shift_assignments (employee_id,end_time,shift_name,start_time,work_date) values (?,?,?,?,?)
2025-10-13T15:39:06.445+09:00 DEBUG 18196 --- [Shift Scheduler Demo] [           main] org.hibernate.SQL                        : select last_insert_rowid()
Hibernate: select last_insert_rowid()
2025-10-13T15:39:06.446+09:00 DEBUG 18196 --- [Shift Scheduler Demo] [           main] org.hibernate.SQL                        : insert into shift_assignments (employee_id,end_time,shift_name,start_time,work_date) values (?,?,?,?,?)
Hibernate: insert into shift_assignments (employee_id,end_time,shift_name,start_time,work_date) values (?,?,?,?,?)
2025-10-13T15:39:06.446+09:00 DEBUG 18196 --- [Shift Scheduler Demo] [           main] org.hibernate.SQL                        : select last_insert_rowid()
Hibernate: select last_insert_rowid()
2025-10-13T15:39:06.448+09:00 DEBUG 18196 --- [Shift Scheduler Demo] [           main] org.hibernate.SQL                        : insert into shift_assignments (employee_id,end_time,shift_name,start_time,work_date) values (?,?,?,?,?)
Hibernate: insert into shift_assignments (employee_id,end_time,shift_name,start_time,work_date) values (?,?,?,?,?)
2025-10-13T15:39:06.450+09:00 DEBUG 18196 --- [Shift Scheduler Demo] [           main] org.hibernate.SQL                        : select last_insert_rowid()
Hibernate: select last_insert_rowid()
2025-10-13T15:39:06.451+09:00 DEBUG 18196 --- [Shift Scheduler Demo] [           main] org.hibernate.SQL                        : insert into shift_assignments (employee_id,end_time,shift_name,start_time,work_date) values (?,?,?,?,?)
Hibernate: insert into shift_assignments (employee_id,end_time,shift_name,start_time,work_date) values (?,?,?,?,?)
2025-10-13T15:39:06.452+09:00 DEBUG 18196 --- [Shift Scheduler Demo] [           main] org.hibernate.SQL                        : select last_insert_rowid()
Hibernate: select last_insert_rowid()
2025-10-13T15:39:06.453+09:00 DEBUG 18196 --- [Shift Scheduler Demo] [           main] org.hibernate.SQL                        : insert into shift_assignments (employee_id,end_time,shift_name,start_time,work_date) values (?,?,?,?,?)
Hibernate: insert into shift_assignments (employee_id,end_time,shift_name,start_time,work_date) values (?,?,?,?,?)
2025-10-13T15:39:06.453+09:00 DEBUG 18196 --- [Shift Scheduler Demo] [           main] org.hibernate.SQL                        : select last_insert_rowid()
Hibernate: select last_insert_rowid()
2025-10-13T15:39:06.453+09:00 DEBUG 18196 --- [Shift Scheduler Demo] [           main] org.hibernate.SQL                        : insert into shift_assignments (employee_id,end_time,shift_name,start_time,work_date) values (?,?,?,?,?)
Hibernate: insert into shift_assignments (employee_id,end_time,shift_name,start_time,work_date) values (?,?,?,?,?)
2025-10-13T15:39:06.454+09:00 DEBUG 18196 --- [Shift Scheduler Demo] [           main] org.hibernate.SQL                        : select last_insert_rowid()
Hibernate: select last_insert_rowid()
2025-10-13T15:39:06.454+09:00 DEBUG 18196 --- [Shift Scheduler Demo] [           main] org.hibernate.SQL                        : insert into shift_assignments (employee_id,end_time,shift_name,start_time,work_date) values (?,?,?,?,?)
Hibernate: insert into shift_assignments (employee_id,end_time,shift_name,start_time,work_date) values (?,?,?,?,?)
2025-10-13T15:39:06.455+09:00 DEBUG 18196 --- [Shift Scheduler Demo] [           main] org.hibernate.SQL                        : select last_insert_rowid()
Hibernate: select last_insert_rowid()
2025-10-13T15:39:06.455+09:00 DEBUG 18196 --- [Shift Scheduler Demo] [           main] org.hibernate.SQL                        : insert into shift_assignments (employee_id,end_time,shift_name,start_time,work_date) values (?,?,?,?,?)
Hibernate: insert into shift_assignments (employee_id,end_time,shift_name,start_time,work_date) values (?,?,?,?,?)
2025-10-13T15:39:06.456+09:00 DEBUG 18196 --- [Shift Scheduler Demo] [           main] org.hibernate.SQL                        : select last_insert_rowid()
Hibernate: select last_insert_rowid()
2025-10-13T15:39:06.456+09:00 DEBUG 18196 --- [Shift Scheduler Demo] [           main] org.hibernate.SQL                        : insert into shift_assignments (employee_id,end_time,shift_name,start_time,work_date) values (?,?,?,?,?)
Hibernate: insert into shift_assignments (employee_id,end_time,shift_name,start_time,work_date) values (?,?,?,?,?)
2025-10-13T15:39:06.457+09:00 DEBUG 18196 --- [Shift Scheduler Demo] [           main] org.hibernate.SQL                        : select last_insert_rowid()
Hibernate: select last_insert_rowid()
2025-10-13T15:39:06.457+09:00 DEBUG 18196 --- [Shift Scheduler Demo] [           main] org.hibernate.SQL                        : insert into shift_assignments (employee_id,end_time,shift_name,start_time,work_date) values (?,?,?,?,?)
Hibernate: insert into shift_assignments (employee_id,end_time,shift_name,start_time,work_date) values (?,?,?,?,?)
2025-10-13T15:39:06.458+09:00 DEBUG 18196 --- [Shift Scheduler Demo] [           main] org.hibernate.SQL                        : select last_insert_rowid()
Hibernate: select last_insert_rowid()
2025-10-13T15:39:06.458+09:00 DEBUG 18196 --- [Shift Scheduler Demo] [           main] org.hibernate.SQL                        : insert into shift_assignments (employee_id,end_time,shift_name,start_time,work_date) values (?,?,?,?,?)
Hibernate: insert into shift_assignments (employee_id,end_time,shift_name,start_time,work_date) values (?,?,?,?,?)
2025-10-13T15:39:06.459+09:00 DEBUG 18196 --- [Shift Scheduler Demo] [           main] org.hibernate.SQL                        : select last_insert_rowid()
Hibernate: select last_insert_rowid()
2025-10-13T15:39:06.459+09:00 DEBUG 18196 --- [Shift Scheduler Demo] [           main] org.hibernate.SQL                        : insert into shift_assignments (employee_id,end_time,shift_name,start_time,work_date) values (?,?,?,?,?)
Hibernate: insert into shift_assignments (employee_id,end_time,shift_name,start_time,work_date) values (?,?,?,?,?)
2025-10-13T15:39:06.459+09:00 DEBUG 18196 --- [Shift Scheduler Demo] [           main] org.hibernate.SQL                        : select last_insert_rowid()
Hibernate: select last_insert_rowid()
2025-10-13T15:39:06.460+09:00 DEBUG 18196 --- [Shift Scheduler Demo] [           main] org.hibernate.SQL                        : insert into shift_assignments (employee_id,end_time,shift_name,start_time,work_date) values (?,?,?,?,?)
Hibernate: insert into shift_assignments (employee_id,end_time,shift_name,start_time,work_date) values (?,?,?,?,?)
2025-10-13T15:39:06.460+09:00 DEBUG 18196 --- [Shift Scheduler Demo] [           main] org.hibernate.SQL                        : select last_insert_rowid()
Hibernate: select last_insert_rowid()
2025-10-13T15:39:06.460+09:00 DEBUG 18196 --- [Shift Scheduler Demo] [           main] org.hibernate.SQL                        : insert into shift_assignments (employee_id,end_time,shift_name,start_time,work_date) values (?,?,?,?,?)
Hibernate: insert into shift_assignments (employee_id,end_time,shift_name,start_time,work_date) values (?,?,?,?,?)
2025-10-13T15:39:06.461+09:00 DEBUG 18196 --- [Shift Scheduler Demo] [           main] org.hibernate.SQL                        : select last_insert_rowid()
Hibernate: select last_insert_rowid()
2025-10-13T15:39:06.461+09:00 DEBUG 18196 --- [Shift Scheduler Demo] [           main] org.hibernate.SQL                        : insert into shift_assignments (employee_id,end_time,shift_name,start_time,work_date) values (?,?,?,?,?)
Hibernate: insert into shift_assignments (employee_id,end_time,shift_name,start_time,work_date) values (?,?,?,?,?)
2025-10-13T15:39:06.461+09:00 DEBUG 18196 --- [Shift Scheduler Demo] [           main] org.hibernate.SQL                        : select last_insert_rowid()
Hibernate: select last_insert_rowid()
2025-10-13T15:39:06.462+09:00 DEBUG 18196 --- [Shift Scheduler Demo] [           main] org.hibernate.SQL                        : insert into shift_assignments (employee_id,end_time,shift_name,start_time,work_date) values (?,?,?,?,?)
Hibernate: insert into shift_assignments (employee_id,end_time,shift_name,start_time,work_date) values (?,?,?,?,?)
2025-10-13T15:39:06.462+09:00 DEBUG 18196 --- [Shift Scheduler Demo] [           main] org.hibernate.SQL                        : select last_insert_rowid()
Hibernate: select last_insert_rowid()
2025-10-13T15:39:06.462+09:00 DEBUG 18196 --- [Shift Scheduler Demo] [           main] org.hibernate.SQL                        : insert into shift_assignments (employee_id,end_time,shift_name,start_time,work_date) values (?,?,?,?,?)
Hibernate: insert into shift_assignments (employee_id,end_time,shift_name,start_time,work_date) values (?,?,?,?,?)
2025-10-13T15:39:06.463+09:00 DEBUG 18196 --- [Shift Scheduler Demo] [           main] org.hibernate.SQL                        : select last_insert_rowid()
Hibernate: select last_insert_rowid()
2025-10-13T15:39:06.463+09:00 DEBUG 18196 --- [Shift Scheduler Demo] [           main] org.hibernate.SQL                        : insert into shift_assignments (employee_id,end_time,shift_name,start_time,work_date) values (?,?,?,?,?)
Hibernate: insert into shift_assignments (employee_id,end_time,shift_name,start_time,work_date) values (?,?,?,?,?)
2025-10-13T15:39:06.464+09:00 DEBUG 18196 --- [Shift Scheduler Demo] [           main] org.hibernate.SQL                        : select last_insert_rowid()
Hibernate: select last_insert_rowid()
2025-10-13T15:39:06.464+09:00 DEBUG 18196 --- [Shift Scheduler Demo] [           main] org.hibernate.SQL                        : insert into shift_assignments (employee_id,end_time,shift_name,start_time,work_date) values (?,?,?,?,?)
Hibernate: insert into shift_assignments (employee_id,end_time,shift_name,start_time,work_date) values (?,?,?,?,?)
2025-10-13T15:39:06.465+09:00 DEBUG 18196 --- [Shift Scheduler Demo] [           main] org.hibernate.SQL                        : select last_insert_rowid()
Hibernate: select last_insert_rowid()
2025-10-13T15:39:06.467+09:00 DEBUG 18196 --- [Shift Scheduler Demo] [           main] org.hibernate.SQL                        : insert into shift_assignments (employee_id,end_time,shift_name,start_time,work_date) values (?,?,?,?,?)
Hibernate: insert into shift_assignments (employee_id,end_time,shift_name,start_time,work_date) values (?,?,?,?,?)
2025-10-13T15:39:06.469+09:00 DEBUG 18196 --- [Shift Scheduler Demo] [           main] org.hibernate.SQL                        : select last_insert_rowid()
Hibernate: select last_insert_rowid()
2025-10-13T15:39:06.471+09:00 DEBUG 18196 --- [Shift Scheduler Demo] [           main] org.hibernate.SQL                        : insert into shift_assignments (employee_id,end_time,shift_name,start_time,work_date) values (?,?,?,?,?)
Hibernate: insert into shift_assignments (employee_id,end_time,shift_name,start_time,work_date) values (?,?,?,?,?)
2025-10-13T15:39:06.472+09:00 DEBUG 18196 --- [Shift Scheduler Demo] [           main] org.hibernate.SQL                        : select last_insert_rowid()
Hibernate: select last_insert_rowid()
2025-10-13T15:39:06.475+09:00 DEBUG 18196 --- [Shift Scheduler Demo] [           main] org.hibernate.SQL                        : insert into shift_assignments (employee_id,end_time,shift_name,start_time,work_date) values (?,?,?,?,?)
Hibernate: insert into shift_assignments (employee_id,end_time,shift_name,start_time,work_date) values (?,?,?,?,?)
2025-10-13T15:39:06.476+09:00 DEBUG 18196 --- [Shift Scheduler Demo] [           main] org.hibernate.SQL                        : select last_insert_rowid()
Hibernate: select last_insert_rowid()
2025-10-13T15:39:06.477+09:00 DEBUG 18196 --- [Shift Scheduler Demo] [           main] org.hibernate.SQL                        : insert into shift_assignments (employee_id,end_time,shift_name,start_time,work_date) values (?,?,?,?,?)
Hibernate: insert into shift_assignments (employee_id,end_time,shift_name,start_time,work_date) values (?,?,?,?,?)
2025-10-13T15:39:06.479+09:00 DEBUG 18196 --- [Shift Scheduler Demo] [           main] org.hibernate.SQL                        : select last_insert_rowid()
Hibernate: select last_insert_rowid()
2025-10-13T15:39:06.480+09:00 DEBUG 18196 --- [Shift Scheduler Demo] [           main] org.hibernate.SQL                        : insert into shift_assignments (employee_id,end_time,shift_name,start_time,work_date) values (?,?,?,?,?)
Hibernate: insert into shift_assignments (employee_id,end_time,shift_name,start_time,work_date) values (?,?,?,?,?)
2025-10-13T15:39:06.482+09:00 DEBUG 18196 --- [Shift Scheduler Demo] [           main] org.hibernate.SQL                        : select last_insert_rowid()
Hibernate: select last_insert_rowid()
2025-10-13T15:39:06.483+09:00 DEBUG 18196 --- [Shift Scheduler Demo] [           main] org.hibernate.SQL                        : insert into shift_assignments (employee_id,end_time,shift_name,start_time,work_date) values (?,?,?,?,?)
Hibernate: insert into shift_assignments (employee_id,end_time,shift_name,start_time,work_date) values (?,?,?,?,?)
2025-10-13T15:39:06.483+09:00 DEBUG 18196 --- [Shift Scheduler Demo] [           main] org.hibernate.SQL                        : select last_insert_rowid()
Hibernate: select last_insert_rowid()
2025-10-13T15:39:06.484+09:00 DEBUG 18196 --- [Shift Scheduler Demo] [           main] org.hibernate.SQL                        : insert into shift_assignments (employee_id,end_time,shift_name,start_time,work_date) values (?,?,?,?,?)
Hibernate: insert into shift_assignments (employee_id,end_time,shift_name,start_time,work_date) values (?,?,?,?,?)
2025-10-13T15:39:06.485+09:00 DEBUG 18196 --- [Shift Scheduler Demo] [           main] org.hibernate.SQL                        : select last_insert_rowid()
Hibernate: select last_insert_rowid()
2025-10-13T15:39:06.486+09:00 DEBUG 18196 --- [Shift Scheduler Demo] [           main] org.hibernate.SQL                        : insert into shift_assignments (employee_id,end_time,shift_name,start_time,work_date) values (?,?,?,?,?)
Hibernate: insert into shift_assignments (employee_id,end_time,shift_name,start_time,work_date) values (?,?,?,?,?)
2025-10-13T15:39:06.486+09:00 DEBUG 18196 --- [Shift Scheduler Demo] [           main] org.hibernate.SQL                        : select last_insert_rowid()
Hibernate: select last_insert_rowid()
2025-10-13T15:39:06.488+09:00 DEBUG 18196 --- [Shift Scheduler Demo] [           main] org.hibernate.SQL                        : insert into shift_assignments (employee_id,end_time,shift_name,start_time,work_date) values (?,?,?,?,?)
Hibernate: insert into shift_assignments (employee_id,end_time,shift_name,start_time,work_date) values (?,?,?,?,?)
2025-10-13T15:39:06.488+09:00 DEBUG 18196 --- [Shift Scheduler Demo] [           main] org.hibernate.SQL                        : select last_insert_rowid()
Hibernate: select last_insert_rowid()
2025-10-13T15:39:06.489+09:00 DEBUG 18196 --- [Shift Scheduler Demo] [           main] org.hibernate.SQL                        : insert into shift_assignments (employee_id,end_time,shift_name,start_time,work_date) values (?,?,?,?,?)
Hibernate: insert into shift_assignments (employee_id,end_time,shift_name,start_time,work_date) values (?,?,?,?,?)
2025-10-13T15:39:06.490+09:00 DEBUG 18196 --- [Shift Scheduler Demo] [           main] org.hibernate.SQL                        : select last_insert_rowid()
Hibernate: select last_insert_rowid()
2025-10-13T15:39:06.491+09:00 DEBUG 18196 --- [Shift Scheduler Demo] [           main] org.hibernate.SQL                        : insert into shift_assignments (employee_id,end_time,shift_name,start_time,work_date) values (?,?,?,?,?)
Hibernate: insert into shift_assignments (employee_id,end_time,shift_name,start_time,work_date) values (?,?,?,?,?)
2025-10-13T15:39:06.491+09:00 DEBUG 18196 --- [Shift Scheduler Demo] [           main] org.hibernate.SQL                        : select last_insert_rowid()
Hibernate: select last_insert_rowid()
2025-10-13T15:39:06.492+09:00 DEBUG 18196 --- [Shift Scheduler Demo] [           main] org.hibernate.SQL                        : insert into shift_assignments (employee_id,end_time,shift_name,start_time,work_date) values (?,?,?,?,?)
Hibernate: insert into shift_assignments (employee_id,end_time,shift_name,start_time,work_date) values (?,?,?,?,?)
2025-10-13T15:39:06.493+09:00 DEBUG 18196 --- [Shift Scheduler Demo] [           main] org.hibernate.SQL                        : select last_insert_rowid()
Hibernate: select last_insert_rowid()
2025-10-13T15:39:06.493+09:00 DEBUG 18196 --- [Shift Scheduler Demo] [           main] org.hibernate.SQL                        : insert into shift_assignments (employee_id,end_time,shift_name,start_time,work_date) values (?,?,?,?,?)
Hibernate: insert into shift_assignments (employee_id,end_time,shift_name,start_time,work_date) values (?,?,?,?,?)
2025-10-13T15:39:06.494+09:00 DEBUG 18196 --- [Shift Scheduler Demo] [           main] org.hibernate.SQL                        : select last_insert_rowid()
Hibernate: select last_insert_rowid()
2025-10-13T15:39:06.494+09:00 DEBUG 18196 --- [Shift Scheduler Demo] [           main] org.hibernate.SQL                        : insert into shift_assignments (employee_id,end_time,shift_name,start_time,work_date) values (?,?,?,?,?)
Hibernate: insert into shift_assignments (employee_id,end_time,shift_name,start_time,work_date) values (?,?,?,?,?)
2025-10-13T15:39:06.495+09:00 DEBUG 18196 --- [Shift Scheduler Demo] [           main] org.hibernate.SQL                        : select last_insert_rowid()
Hibernate: select last_insert_rowid()
2025-10-13T15:39:06.495+09:00 DEBUG 18196 --- [Shift Scheduler Demo] [           main] org.hibernate.SQL                        : insert into shift_assignments (employee_id,end_time,shift_name,start_time,work_date) values (?,?,?,?,?)
Hibernate: insert into shift_assignments (employee_id,end_time,shift_name,start_time,work_date) values (?,?,?,?,?)
2025-10-13T15:39:06.496+09:00 DEBUG 18196 --- [Shift Scheduler Demo] [           main] org.hibernate.SQL                        : select last_insert_rowid()
Hibernate: select last_insert_rowid()
2025-10-13T15:39:06.497+09:00 DEBUG 18196 --- [Shift Scheduler Demo] [           main] org.hibernate.SQL                        : insert into shift_assignments (employee_id,end_time,shift_name,start_time,work_date) values (?,?,?,?,?)
Hibernate: insert into shift_assignments (employee_id,end_time,shift_name,start_time,work_date) values (?,?,?,?,?)
2025-10-13T15:39:06.500+09:00 DEBUG 18196 --- [Shift Scheduler Demo] [           main] org.hibernate.SQL                        : select last_insert_rowid()
Hibernate: select last_insert_rowid()
2025-10-13T15:39:06.501+09:00 DEBUG 18196 --- [Shift Scheduler Demo] [           main] org.hibernate.SQL                        : insert into shift_assignments (employee_id,end_time,shift_name,start_time,work_date) values (?,?,?,?,?)
Hibernate: insert into shift_assignments (employee_id,end_time,shift_name,start_time,work_date) values (?,?,?,?,?)
2025-10-13T15:39:06.503+09:00 DEBUG 18196 --- [Shift Scheduler Demo] [           main] org.hibernate.SQL                        : select last_insert_rowid()
Hibernate: select last_insert_rowid()
2025-10-13T15:39:06.504+09:00 DEBUG 18196 --- [Shift Scheduler Demo] [           main] org.hibernate.SQL                        : insert into shift_assignments (employee_id,end_time,shift_name,start_time,work_date) values (?,?,?,?,?)
Hibernate: insert into shift_assignments (employee_id,end_time,shift_name,start_time,work_date) values (?,?,?,?,?)
2025-10-13T15:39:06.506+09:00 DEBUG 18196 --- [Shift Scheduler Demo] [           main] org.hibernate.SQL                        : select last_insert_rowid()
Hibernate: select last_insert_rowid()
2025-10-13T15:39:06.507+09:00 DEBUG 18196 --- [Shift Scheduler Demo] [           main] org.hibernate.SQL                        : insert into shift_assignments (employee_id,end_time,shift_name,start_time,work_date) values (?,?,?,?,?)
Hibernate: insert into shift_assignments (employee_id,end_time,shift_name,start_time,work_date) values (?,?,?,?,?)
2025-10-13T15:39:06.508+09:00 DEBUG 18196 --- [Shift Scheduler Demo] [           main] org.hibernate.SQL                        : select last_insert_rowid()
Hibernate: select last_insert_rowid()
2025-10-13T15:39:06.509+09:00 DEBUG 18196 --- [Shift Scheduler Demo] [           main] org.hibernate.SQL                        : insert into shift_assignments (employee_id,end_time,shift_name,start_time,work_date) values (?,?,?,?,?)
Hibernate: insert into shift_assignments (employee_id,end_time,shift_name,start_time,work_date) values (?,?,?,?,?)
2025-10-13T15:39:06.510+09:00 DEBUG 18196 --- [Shift Scheduler Demo] [           main] org.hibernate.SQL                        : select last_insert_rowid()
Hibernate: select last_insert_rowid()
2025-10-13T15:39:06.510+09:00 DEBUG 18196 --- [Shift Scheduler Demo] [           main] org.hibernate.SQL                        : insert into shift_assignments (employee_id,end_time,shift_name,start_time,work_date) values (?,?,?,?,?)
Hibernate: insert into shift_assignments (employee_id,end_time,shift_name,start_time,work_date) values (?,?,?,?,?)
2025-10-13T15:39:06.511+09:00 DEBUG 18196 --- [Shift Scheduler Demo] [           main] org.hibernate.SQL                        : select last_insert_rowid()
Hibernate: select last_insert_rowid()
2025-10-13T15:39:06.511+09:00 DEBUG 18196 --- [Shift Scheduler Demo] [           main] org.hibernate.SQL                        : insert into shift_assignments (employee_id,end_time,shift_name,start_time,work_date) values (?,?,?,?,?)
Hibernate: insert into shift_assignments (employee_id,end_time,shift_name,start_time,work_date) values (?,?,?,?,?)
2025-10-13T15:39:06.512+09:00 DEBUG 18196 --- [Shift Scheduler Demo] [           main] org.hibernate.SQL                        : select last_insert_rowid()
Hibernate: select last_insert_rowid()
2025-10-13T15:39:06.513+09:00 DEBUG 18196 --- [Shift Scheduler Demo] [           main] org.hibernate.SQL                        : insert into shift_assignments (employee_id,end_time,shift_name,start_time,work_date) values (?,?,?,?,?)
Hibernate: insert into shift_assignments (employee_id,end_time,shift_name,start_time,work_date) values (?,?,?,?,?)
2025-10-13T15:39:06.513+09:00 DEBUG 18196 --- [Shift Scheduler Demo] [           main] org.hibernate.SQL                        : select last_insert_rowid()
Hibernate: select last_insert_rowid()
2025-10-13T15:39:06.514+09:00 DEBUG 18196 --- [Shift Scheduler Demo] [           main] org.hibernate.SQL                        : insert into shift_assignments (employee_id,end_time,shift_name,start_time,work_date) values (?,?,?,?,?)
Hibernate: insert into shift_assignments (employee_id,end_time,shift_name,start_time,work_date) values (?,?,?,?,?)
2025-10-13T15:39:06.518+09:00 DEBUG 18196 --- [Shift Scheduler Demo] [           main] org.hibernate.SQL                        : select last_insert_rowid()
Hibernate: select last_insert_rowid()
2025-10-13T15:39:06.521+09:00 DEBUG 18196 --- [Shift Scheduler Demo] [           main] org.hibernate.SQL                        : insert into shift_assignments (employee_id,end_time,shift_name,start_time,work_date) values (?,?,?,?,?)
Hibernate: insert into shift_assignments (employee_id,end_time,shift_name,start_time,work_date) values (?,?,?,?,?)
2025-10-13T15:39:06.522+09:00 DEBUG 18196 --- [Shift Scheduler Demo] [           main] org.hibernate.SQL                        : select last_insert_rowid()
Hibernate: select last_insert_rowid()
2025-10-13T15:39:06.523+09:00 DEBUG 18196 --- [Shift Scheduler Demo] [           main] org.hibernate.SQL                        : insert into shift_assignments (employee_id,end_time,shift_name,start_time,work_date) values (?,?,?,?,?)
Hibernate: insert into shift_assignments (employee_id,end_time,shift_name,start_time,work_date) values (?,?,?,?,?)
2025-10-13T15:39:06.523+09:00 DEBUG 18196 --- [Shift Scheduler Demo] [           main] org.hibernate.SQL                        : select last_insert_rowid()
Hibernate: select last_insert_rowid()
2025-10-13T15:39:06.524+09:00 DEBUG 18196 --- [Shift Scheduler Demo] [           main] org.hibernate.SQL                        : insert into shift_assignments (employee_id,end_time,shift_name,start_time,work_date) values (?,?,?,?,?)
Hibernate: insert into shift_assignments (employee_id,end_time,shift_name,start_time,work_date) values (?,?,?,?,?)
2025-10-13T15:39:06.524+09:00 DEBUG 18196 --- [Shift Scheduler Demo] [           main] org.hibernate.SQL                        : select last_insert_rowid()
Hibernate: select last_insert_rowid()
2025-10-13T15:39:06.525+09:00 DEBUG 18196 --- [Shift Scheduler Demo] [           main] org.hibernate.SQL                        : insert into shift_assignments (employee_id,end_time,shift_name,start_time,work_date) values (?,?,?,?,?)
Hibernate: insert into shift_assignments (employee_id,end_time,shift_name,start_time,work_date) values (?,?,?,?,?)
2025-10-13T15:39:06.525+09:00 DEBUG 18196 --- [Shift Scheduler Demo] [           main] org.hibernate.SQL                        : select last_insert_rowid()
Hibernate: select last_insert_rowid()
2025-10-13T15:39:06.526+09:00 DEBUG 18196 --- [Shift Scheduler Demo] [           main] org.hibernate.SQL                        : insert into shift_assignments (employee_id,end_time,shift_name,start_time,work_date) values (?,?,?,?,?)
Hibernate: insert into shift_assignments (employee_id,end_time,shift_name,start_time,work_date) values (?,?,?,?,?)
2025-10-13T15:39:06.526+09:00 DEBUG 18196 --- [Shift Scheduler Demo] [           main] org.hibernate.SQL                        : select last_insert_rowid()
Hibernate: select last_insert_rowid()
2025-10-13T15:39:06.527+09:00 DEBUG 18196 --- [Shift Scheduler Demo] [           main] org.hibernate.SQL                        : insert into shift_assignments (employee_id,end_time,shift_name,start_time,work_date) values (?,?,?,?,?)
Hibernate: insert into shift_assignments (employee_id,end_time,shift_name,start_time,work_date) values (?,?,?,?,?)
2025-10-13T15:39:06.527+09:00 DEBUG 18196 --- [Shift Scheduler Demo] [           main] org.hibernate.SQL                        : select last_insert_rowid()
Hibernate: select last_insert_rowid()
2025-10-13T15:39:06.527+09:00 DEBUG 18196 --- [Shift Scheduler Demo] [           main] org.hibernate.SQL                        : insert into shift_assignments (employee_id,end_time,shift_name,start_time,work_date) values (?,?,?,?,?)
Hibernate: insert into shift_assignments (employee_id,end_time,shift_name,start_time,work_date) values (?,?,?,?,?)
2025-10-13T15:39:06.528+09:00 DEBUG 18196 --- [Shift Scheduler Demo] [           main] org.hibernate.SQL                        : select last_insert_rowid()
Hibernate: select last_insert_rowid()
2025-10-13T15:39:06.528+09:00 DEBUG 18196 --- [Shift Scheduler Demo] [           main] org.hibernate.SQL                        : insert into shift_assignments (employee_id,end_time,shift_name,start_time,work_date) values (?,?,?,?,?)
Hibernate: insert into shift_assignments (employee_id,end_time,shift_name,start_time,work_date) values (?,?,?,?,?)
2025-10-13T15:39:06.528+09:00 DEBUG 18196 --- [Shift Scheduler Demo] [           main] org.hibernate.SQL                        : select last_insert_rowid()
Hibernate: select last_insert_rowid()
2025-10-13T15:39:06.528+09:00 DEBUG 18196 --- [Shift Scheduler Demo] [           main] org.hibernate.SQL                        : insert into shift_assignments (employee_id,end_time,shift_name,start_time,work_date) values (?,?,?,?,?)
Hibernate: insert into shift_assignments (employee_id,end_time,shift_name,start_time,work_date) values (?,?,?,?,?)
2025-10-13T15:39:06.529+09:00 DEBUG 18196 --- [Shift Scheduler Demo] [           main] org.hibernate.SQL                        : select last_insert_rowid()
Hibernate: select last_insert_rowid()
2025-10-13T15:39:06.529+09:00 DEBUG 18196 --- [Shift Scheduler Demo] [           main] org.hibernate.SQL                        : insert into shift_assignments (employee_id,end_time,shift_name,start_time,work_date) values (?,?,?,?,?)
Hibernate: insert into shift_assignments (employee_id,end_time,shift_name,start_time,work_date) values (?,?,?,?,?)
2025-10-13T15:39:06.529+09:00 DEBUG 18196 --- [Shift Scheduler Demo] [           main] org.hibernate.SQL                        : select last_insert_rowid()
Hibernate: select last_insert_rowid()
2025-10-13T15:39:06.530+09:00 DEBUG 18196 --- [Shift Scheduler Demo] [           main] org.hibernate.SQL                        : insert into shift_assignments (employee_id,end_time,shift_name,start_time,work_date) values (?,?,?,?,?)
Hibernate: insert into shift_assignments (employee_id,end_time,shift_name,start_time,work_date) values (?,?,?,?,?)
2025-10-13T15:39:06.530+09:00 DEBUG 18196 --- [Shift Scheduler Demo] [           main] org.hibernate.SQL                        : select last_insert_rowid()
Hibernate: select last_insert_rowid()
2025-10-13T15:39:06.531+09:00 DEBUG 18196 --- [Shift Scheduler Demo] [           main] org.hibernate.SQL                        : insert into shift_assignments (employee_id,end_time,shift_name,start_time,work_date) values (?,?,?,?,?)
Hibernate: insert into shift_assignments (employee_id,end_time,shift_name,start_time,work_date) values (?,?,?,?,?)
2025-10-13T15:39:06.531+09:00 DEBUG 18196 --- [Shift Scheduler Demo] [           main] org.hibernate.SQL                        : select last_insert_rowid()
Hibernate: select last_insert_rowid()
2025-10-13T15:39:06.531+09:00 DEBUG 18196 --- [Shift Scheduler Demo] [           main] org.hibernate.SQL                        : insert into shift_assignments (employee_id,end_time,shift_name,start_time,work_date) values (?,?,?,?,?)
Hibernate: insert into shift_assignments (employee_id,end_time,shift_name,start_time,work_date) values (?,?,?,?,?)
2025-10-13T15:39:06.531+09:00 DEBUG 18196 --- [Shift Scheduler Demo] [           main] org.hibernate.SQL                        : select last_insert_rowid()
Hibernate: select last_insert_rowid()
2025-10-13T15:39:06.533+09:00 DEBUG 18196 --- [Shift Scheduler Demo] [           main] org.hibernate.SQL                        : insert into shift_assignments (employee_id,end_time,shift_name,start_time,work_date) values (?,?,?,?,?)
Hibernate: insert into shift_assignments (employee_id,end_time,shift_name,start_time,work_date) values (?,?,?,?,?)
2025-10-13T15:39:06.533+09:00 DEBUG 18196 --- [Shift Scheduler Demo] [           main] org.hibernate.SQL                        : select last_insert_rowid()
Hibernate: select last_insert_rowid()
2025-10-13T15:39:06.533+09:00 DEBUG 18196 --- [Shift Scheduler Demo] [           main] org.hibernate.SQL                        : insert into shift_assignments (employee_id,end_time,shift_name,start_time,work_date) values (?,?,?,?,?)
Hibernate: insert into shift_assignments (employee_id,end_time,shift_name,start_time,work_date) values (?,?,?,?,?)
2025-10-13T15:39:06.534+09:00 DEBUG 18196 --- [Shift Scheduler Demo] [           main] org.hibernate.SQL                        : select last_insert_rowid()
Hibernate: select last_insert_rowid()
2025-10-13T15:39:06.534+09:00 DEBUG 18196 --- [Shift Scheduler Demo] [           main] org.hibernate.SQL                        : insert into shift_assignments (employee_id,end_time,shift_name,start_time,work_date) values (?,?,?,?,?)
Hibernate: insert into shift_assignments (employee_id,end_time,shift_name,start_time,work_date) values (?,?,?,?,?)
2025-10-13T15:39:06.534+09:00 DEBUG 18196 --- [Shift Scheduler Demo] [           main] org.hibernate.SQL                        : select last_insert_rowid()
Hibernate: select last_insert_rowid()
2025-10-13T15:39:06.535+09:00 DEBUG 18196 --- [Shift Scheduler Demo] [           main] org.hibernate.SQL                        : insert into shift_assignments (employee_id,end_time,shift_name,start_time,work_date) values (?,?,?,?,?)
Hibernate: insert into shift_assignments (employee_id,end_time,shift_name,start_time,work_date) values (?,?,?,?,?)
2025-10-13T15:39:06.535+09:00 DEBUG 18196 --- [Shift Scheduler Demo] [           main] org.hibernate.SQL                        : select last_insert_rowid()
Hibernate: select last_insert_rowid()
2025-10-13T15:39:06.537+09:00 DEBUG 18196 --- [Shift Scheduler Demo] [           main] org.hibernate.SQL                        : insert into shift_assignments (employee_id,end_time,shift_name,start_time,work_date) values (?,?,?,?,?)
Hibernate: insert into shift_assignments (employee_id,end_time,shift_name,start_time,work_date) values (?,?,?,?,?)
2025-10-13T15:39:06.537+09:00 DEBUG 18196 --- [Shift Scheduler Demo] [           main] org.hibernate.SQL                        : select last_insert_rowid()
Hibernate: select last_insert_rowid()
2025-10-13T15:39:06.538+09:00 DEBUG 18196 --- [Shift Scheduler Demo] [           main] org.hibernate.SQL                        : insert into shift_assignments (employee_id,end_time,shift_name,start_time,work_date) values (?,?,?,?,?)
Hibernate: insert into shift_assignments (employee_id,end_time,shift_name,start_time,work_date) values (?,?,?,?,?)
2025-10-13T15:39:06.539+09:00 DEBUG 18196 --- [Shift Scheduler Demo] [           main] org.hibernate.SQL                        : select last_insert_rowid()
Hibernate: select last_insert_rowid()
2025-10-13T15:39:06.541+09:00 DEBUG 18196 --- [Shift Scheduler Demo] [           main] org.hibernate.SQL                        : insert into shift_assignments (employee_id,end_time,shift_name,start_time,work_date) values (?,?,?,?,?)
Hibernate: insert into shift_assignments (employee_id,end_time,shift_name,start_time,work_date) values (?,?,?,?,?)
2025-10-13T15:39:06.541+09:00 DEBUG 18196 --- [Shift Scheduler Demo] [           main] org.hibernate.SQL                        : select last_insert_rowid()
Hibernate: select last_insert_rowid()
2025-10-13T15:39:06.541+09:00 DEBUG 18196 --- [Shift Scheduler Demo] [           main] org.hibernate.SQL                        : insert into shift_assignments (employee_id,end_time,shift_name,start_time,work_date) values (?,?,?,?,?)
Hibernate: insert into shift_assignments (employee_id,end_time,shift_name,start_time,work_date) values (?,?,?,?,?)
2025-10-13T15:39:06.544+09:00 DEBUG 18196 --- [Shift Scheduler Demo] [           main] org.hibernate.SQL                        : select last_insert_rowid()
Hibernate: select last_insert_rowid()
2025-10-13T15:39:06.544+09:00 DEBUG 18196 --- [Shift Scheduler Demo] [           main] org.hibernate.SQL                        : insert into shift_assignments (employee_id,end_time,shift_name,start_time,work_date) values (?,?,?,?,?)
Hibernate: insert into shift_assignments (employee_id,end_time,shift_name,start_time,work_date) values (?,?,?,?,?)
2025-10-13T15:39:06.544+09:00 DEBUG 18196 --- [Shift Scheduler Demo] [           main] org.hibernate.SQL                        : select last_insert_rowid()
Hibernate: select last_insert_rowid()
2025-10-13T15:39:06.544+09:00 DEBUG 18196 --- [Shift Scheduler Demo] [           main] org.hibernate.SQL                        : insert into shift_assignments (employee_id,end_time,shift_name,start_time,work_date) values (?,?,?,?,?)
Hibernate: insert into shift_assignments (employee_id,end_time,shift_name,start_time,work_date) values (?,?,?,?,?)
2025-10-13T15:39:06.544+09:00 DEBUG 18196 --- [Shift Scheduler Demo] [           main] org.hibernate.SQL                        : select last_insert_rowid()
Hibernate: select last_insert_rowid()
2025-10-13T15:39:06.544+09:00 DEBUG 18196 --- [Shift Scheduler Demo] [           main] org.hibernate.SQL                        : insert into shift_assignments (employee_id,end_time,shift_name,start_time,work_date) values (?,?,?,?,?)
Hibernate: insert into shift_assignments (employee_id,end_time,shift_name,start_time,work_date) values (?,?,?,?,?)
2025-10-13T15:39:06.544+09:00 DEBUG 18196 --- [Shift Scheduler Demo] [           main] org.hibernate.SQL                        : select last_insert_rowid()
Hibernate: select last_insert_rowid()
2025-10-13T15:39:06.544+09:00 DEBUG 18196 --- [Shift Scheduler Demo] [           main] org.hibernate.SQL                        : insert into shift_assignments (employee_id,end_time,shift_name,start_time,work_date) values (?,?,?,?,?)
Hibernate: insert into shift_assignments (employee_id,end_time,shift_name,start_time,work_date) values (?,?,?,?,?)
2025-10-13T15:39:06.544+09:00 DEBUG 18196 --- [Shift Scheduler Demo] [           main] org.hibernate.SQL                        : select last_insert_rowid()
Hibernate: select last_insert_rowid()
2025-10-13T15:39:06.544+09:00 DEBUG 18196 --- [Shift Scheduler Demo] [           main] org.hibernate.SQL                        : insert into shift_assignments (employee_id,end_time,shift_name,start_time,work_date) values (?,?,?,?,?)
Hibernate: insert into shift_assignments (employee_id,end_time,shift_name,start_time,work_date) values (?,?,?,?,?)
2025-10-13T15:39:06.544+09:00 DEBUG 18196 --- [Shift Scheduler Demo] [           main] org.hibernate.SQL                        : select last_insert_rowid()
Hibernate: select last_insert_rowid()
2025-10-13T15:39:06.544+09:00 DEBUG 18196 --- [Shift Scheduler Demo] [           main] org.hibernate.SQL                        : insert into shift_assignments (employee_id,end_time,shift_name,start_time,work_date) values (?,?,?,?,?)
Hibernate: insert into shift_assignments (employee_id,end_time,shift_name,start_time,work_date) values (?,?,?,?,?)
2025-10-13T15:39:06.544+09:00 DEBUG 18196 --- [Shift Scheduler Demo] [           main] org.hibernate.SQL                        : select last_insert_rowid()
Hibernate: select last_insert_rowid()
2025-10-13T15:39:06.544+09:00 DEBUG 18196 --- [Shift Scheduler Demo] [           main] org.hibernate.SQL                        : insert into shift_assignments (employee_id,end_time,shift_name,start_time,work_date) values (?,?,?,?,?)
Hibernate: insert into shift_assignments (employee_id,end_time,shift_name,start_time,work_date) values (?,?,?,?,?)
2025-10-13T15:39:06.544+09:00 DEBUG 18196 --- [Shift Scheduler Demo] [           main] org.hibernate.SQL                        : select last_insert_rowid()
Hibernate: select last_insert_rowid()
2025-10-13T15:39:06.544+09:00 DEBUG 18196 --- [Shift Scheduler Demo] [           main] org.hibernate.SQL                        : insert into shift_assignments (employee_id,end_time,shift_name,start_time,work_date) values (?,?,?,?,?)
Hibernate: insert into shift_assignments (employee_id,end_time,shift_name,start_time,work_date) values (?,?,?,?,?)
2025-10-13T15:39:06.544+09:00 DEBUG 18196 --- [Shift Scheduler Demo] [           main] org.hibernate.SQL                        : select last_insert_rowid()
Hibernate: select last_insert_rowid()
2025-10-13T15:39:06.544+09:00 DEBUG 18196 --- [Shift Scheduler Demo] [           main] org.hibernate.SQL                        : insert into shift_assignments (employee_id,end_time,shift_name,start_time,work_date) values (?,?,?,?,?)
Hibernate: insert into shift_assignments (employee_id,end_time,shift_name,start_time,work_date) values (?,?,?,?,?)
2025-10-13T15:39:06.544+09:00 DEBUG 18196 --- [Shift Scheduler Demo] [           main] org.hibernate.SQL                        : select last_insert_rowid()
Hibernate: select last_insert_rowid()
2025-10-13T15:39:06.544+09:00 DEBUG 18196 --- [Shift Scheduler Demo] [           main] org.hibernate.SQL                        : insert into shift_assignments (employee_id,end_time,shift_name,start_time,work_date) values (?,?,?,?,?)
Hibernate: insert into shift_assignments (employee_id,end_time,shift_name,start_time,work_date) values (?,?,?,?,?)
2025-10-13T15:39:06.544+09:00 DEBUG 18196 --- [Shift Scheduler Demo] [           main] org.hibernate.SQL                        : select last_insert_rowid()
Hibernate: select last_insert_rowid()
2025-10-13T15:39:06.544+09:00 DEBUG 18196 --- [Shift Scheduler Demo] [           main] org.hibernate.SQL                        : insert into shift_assignments (employee_id,end_time,shift_name,start_time,work_date) values (?,?,?,?,?)
Hibernate: insert into shift_assignments (employee_id,end_time,shift_name,start_time,work_date) values (?,?,?,?,?)
2025-10-13T15:39:06.544+09:00 DEBUG 18196 --- [Shift Scheduler Demo] [           main] org.hibernate.SQL                        : select last_insert_rowid()
Hibernate: select last_insert_rowid()
2025-10-13T15:39:06.544+09:00 DEBUG 18196 --- [Shift Scheduler Demo] [           main] org.hibernate.SQL                        : insert into shift_assignments (employee_id,end_time,shift_name,start_time,work_date) values (?,?,?,?,?)
Hibernate: insert into shift_assignments (employee_id,end_time,shift_name,start_time,work_date) values (?,?,?,?,?)
2025-10-13T15:39:06.544+09:00 DEBUG 18196 --- [Shift Scheduler Demo] [           main] org.hibernate.SQL                        : select last_insert_rowid()
Hibernate: select last_insert_rowid()
2025-10-13T15:39:06.544+09:00 DEBUG 18196 --- [Shift Scheduler Demo] [           main] org.hibernate.SQL                        : insert into shift_assignments (employee_id,end_time,shift_name,start_time,work_date) values (?,?,?,?,?)
Hibernate: insert into shift_assignments (employee_id,end_time,shift_name,start_time,work_date) values (?,?,?,?,?)
2025-10-13T15:39:06.544+09:00 DEBUG 18196 --- [Shift Scheduler Demo] [           main] org.hibernate.SQL                        : select last_insert_rowid()
Hibernate: select last_insert_rowid()
2025-10-13T15:39:06.544+09:00 DEBUG 18196 --- [Shift Scheduler Demo] [           main] org.hibernate.SQL                        : insert into shift_assignments (employee_id,end_time,shift_name,start_time,work_date) values (?,?,?,?,?)
Hibernate: insert into shift_assignments (employee_id,end_time,shift_name,start_time,work_date) values (?,?,?,?,?)
2025-10-13T15:39:06.550+09:00 DEBUG 18196 --- [Shift Scheduler Demo] [           main] org.hibernate.SQL                        : select last_insert_rowid()
Hibernate: select last_insert_rowid()
2025-10-13T15:39:06.550+09:00 DEBUG 18196 --- [Shift Scheduler Demo] [           main] org.hibernate.SQL                        : insert into shift_assignments (employee_id,end_time,shift_name,start_time,work_date) values (?,?,?,?,?)
Hibernate: insert into shift_assignments (employee_id,end_time,shift_name,start_time,work_date) values (?,?,?,?,?)
2025-10-13T15:39:06.550+09:00 DEBUG 18196 --- [Shift Scheduler Demo] [           main] org.hibernate.SQL                        : select last_insert_rowid()
Hibernate: select last_insert_rowid()
2025-10-13T15:39:06.550+09:00 DEBUG 18196 --- [Shift Scheduler Demo] [           main] org.hibernate.SQL                        : insert into shift_assignments (employee_id,end_time,shift_name,start_time,work_date) values (?,?,?,?,?)
Hibernate: insert into shift_assignments (employee_id,end_time,shift_name,start_time,work_date) values (?,?,?,?,?)
2025-10-13T15:39:06.550+09:00 DEBUG 18196 --- [Shift Scheduler Demo] [           main] org.hibernate.SQL                        : select last_insert_rowid()
Hibernate: select last_insert_rowid()
2025-10-13T15:39:06.550+09:00 DEBUG 18196 --- [Shift Scheduler Demo] [           main] org.hibernate.SQL                        : insert into shift_assignments (employee_id,end_time,shift_name,start_time,work_date) values (?,?,?,?,?)
Hibernate: insert into shift_assignments (employee_id,end_time,shift_name,start_time,work_date) values (?,?,?,?,?)
2025-10-13T15:39:06.550+09:00 DEBUG 18196 --- [Shift Scheduler Demo] [           main] org.hibernate.SQL                        : select last_insert_rowid()
Hibernate: select last_insert_rowid()
2025-10-13T15:39:06.550+09:00 DEBUG 18196 --- [Shift Scheduler Demo] [           main] org.hibernate.SQL                        : insert into shift_assignments (employee_id,end_time,shift_name,start_time,work_date) values (?,?,?,?,?)
Hibernate: insert into shift_assignments (employee_id,end_time,shift_name,start_time,work_date) values (?,?,?,?,?)
2025-10-13T15:39:06.550+09:00 DEBUG 18196 --- [Shift Scheduler Demo] [           main] org.hibernate.SQL                        : select last_insert_rowid()
Hibernate: select last_insert_rowid()
2025-10-13T15:39:06.550+09:00 DEBUG 18196 --- [Shift Scheduler Demo] [           main] org.hibernate.SQL                        : insert into shift_assignments (employee_id,end_time,shift_name,start_time,work_date) values (?,?,?,?,?)
Hibernate: insert into shift_assignments (employee_id,end_time,shift_name,start_time,work_date) values (?,?,?,?,?)
2025-10-13T15:39:06.550+09:00 DEBUG 18196 --- [Shift Scheduler Demo] [           main] org.hibernate.SQL                        : select last_insert_rowid()
Hibernate: select last_insert_rowid()
2025-10-13T15:39:06.552+09:00 DEBUG 18196 --- [Shift Scheduler Demo] [           main] org.hibernate.SQL                        : insert into shift_assignments (employee_id,end_time,shift_name,start_time,work_date) values (?,?,?,?,?)
Hibernate: insert into shift_assignments (employee_id,end_time,shift_name,start_time,work_date) values (?,?,?,?,?)
2025-10-13T15:39:06.552+09:00 DEBUG 18196 --- [Shift Scheduler Demo] [           main] org.hibernate.SQL                        : select last_insert_rowid()
Hibernate: select last_insert_rowid()
2025-10-13T15:39:06.552+09:00 DEBUG 18196 --- [Shift Scheduler Demo] [           main] org.hibernate.SQL                        : insert into shift_assignments (employee_id,end_time,shift_name,start_time,work_date) values (?,?,?,?,?)
Hibernate: insert into shift_assignments (employee_id,end_time,shift_name,start_time,work_date) values (?,?,?,?,?)
2025-10-13T15:39:06.552+09:00 DEBUG 18196 --- [Shift Scheduler Demo] [           main] org.hibernate.SQL                        : select last_insert_rowid()
Hibernate: select last_insert_rowid()
2025-10-13T15:39:06.552+09:00 DEBUG 18196 --- [Shift Scheduler Demo] [           main] org.hibernate.SQL                        : insert into shift_assignments (employee_id,end_time,shift_name,start_time,work_date) values (?,?,?,?,?)
Hibernate: insert into shift_assignments (employee_id,end_time,shift_name,start_time,work_date) values (?,?,?,?,?)
2025-10-13T15:39:06.552+09:00 DEBUG 18196 --- [Shift Scheduler Demo] [           main] org.hibernate.SQL                        : select last_insert_rowid()
Hibernate: select last_insert_rowid()
2025-10-13T15:39:06.552+09:00 DEBUG 18196 --- [Shift Scheduler Demo] [           main] org.hibernate.SQL                        : insert into shift_assignments (employee_id,end_time,shift_name,start_time,work_date) values (?,?,?,?,?)
Hibernate: insert into shift_assignments (employee_id,end_time,shift_name,start_time,work_date) values (?,?,?,?,?)
2025-10-13T15:39:06.552+09:00 DEBUG 18196 --- [Shift Scheduler Demo] [           main] org.hibernate.SQL                        : select last_insert_rowid()
Hibernate: select last_insert_rowid()
2025-10-13T15:39:06.552+09:00 DEBUG 18196 --- [Shift Scheduler Demo] [           main] org.hibernate.SQL                        : insert into shift_assignments (employee_id,end_time,shift_name,start_time,work_date) values (?,?,?,?,?)
Hibernate: insert into shift_assignments (employee_id,end_time,shift_name,start_time,work_date) values (?,?,?,?,?)
2025-10-13T15:39:06.554+09:00 DEBUG 18196 --- [Shift Scheduler Demo] [           main] org.hibernate.SQL                        : select last_insert_rowid()
Hibernate: select last_insert_rowid()
2025-10-13T15:39:06.554+09:00 DEBUG 18196 --- [Shift Scheduler Demo] [           main] org.hibernate.SQL                        : insert into shift_assignments (employee_id,end_time,shift_name,start_time,work_date) values (?,?,?,?,?)
Hibernate: insert into shift_assignments (employee_id,end_time,shift_name,start_time,work_date) values (?,?,?,?,?)
2025-10-13T15:39:06.554+09:00 DEBUG 18196 --- [Shift Scheduler Demo] [           main] org.hibernate.SQL                        : select last_insert_rowid()
Hibernate: select last_insert_rowid()
2025-10-13T15:39:06.554+09:00 DEBUG 18196 --- [Shift Scheduler Demo] [           main] org.hibernate.SQL                        : insert into shift_assignments (employee_id,end_time,shift_name,start_time,work_date) values (?,?,?,?,?)
Hibernate: insert into shift_assignments (employee_id,end_time,shift_name,start_time,work_date) values (?,?,?,?,?)
2025-10-13T15:39:06.554+09:00 DEBUG 18196 --- [Shift Scheduler Demo] [           main] org.hibernate.SQL                        : select last_insert_rowid()
Hibernate: select last_insert_rowid()
2025-10-13T15:39:06.555+09:00 DEBUG 18196 --- [Shift Scheduler Demo] [           main] org.hibernate.SQL                        : insert into shift_assignments (employee_id,end_time,shift_name,start_time,work_date) values (?,?,?,?,?)
Hibernate: insert into shift_assignments (employee_id,end_time,shift_name,start_time,work_date) values (?,?,?,?,?)
2025-10-13T15:39:06.555+09:00 DEBUG 18196 --- [Shift Scheduler Demo] [           main] org.hibernate.SQL                        : select last_insert_rowid()
Hibernate: select last_insert_rowid()
2025-10-13T15:39:06.555+09:00 DEBUG 18196 --- [Shift Scheduler Demo] [           main] org.hibernate.SQL                        : insert into shift_assignments (employee_id,end_time,shift_name,start_time,work_date) values (?,?,?,?,?)
Hibernate: insert into shift_assignments (employee_id,end_time,shift_name,start_time,work_date) values (?,?,?,?,?)
2025-10-13T15:39:06.555+09:00 DEBUG 18196 --- [Shift Scheduler Demo] [           main] org.hibernate.SQL                        : select last_insert_rowid()
Hibernate: select last_insert_rowid()
2025-10-13T15:39:06.556+09:00 DEBUG 18196 --- [Shift Scheduler Demo] [           main] org.hibernate.SQL                        : insert into shift_assignments (employee_id,end_time,shift_name,start_time,work_date) values (?,?,?,?,?)
Hibernate: insert into shift_assignments (employee_id,end_time,shift_name,start_time,work_date) values (?,?,?,?,?)
2025-10-13T15:39:06.556+09:00 DEBUG 18196 --- [Shift Scheduler Demo] [           main] org.hibernate.SQL                        : select last_insert_rowid()
Hibernate: select last_insert_rowid()
2025-10-13T15:39:06.556+09:00 DEBUG 18196 --- [Shift Scheduler Demo] [           main] org.hibernate.SQL                        : insert into shift_assignments (employee_id,end_time,shift_name,start_time,work_date) values (?,?,?,?,?)
Hibernate: insert into shift_assignments (employee_id,end_time,shift_name,start_time,work_date) values (?,?,?,?,?)
2025-10-13T15:39:06.556+09:00 DEBUG 18196 --- [Shift Scheduler Demo] [           main] org.hibernate.SQL                        : select last_insert_rowid()
Hibernate: select last_insert_rowid()
2025-10-13T15:39:06.557+09:00 DEBUG 18196 --- [Shift Scheduler Demo] [           main] org.hibernate.SQL                        : insert into shift_assignments (employee_id,end_time,shift_name,start_time,work_date) values (?,?,?,?,?)
Hibernate: insert into shift_assignments (employee_id,end_time,shift_name,start_time,work_date) values (?,?,?,?,?)
2025-10-13T15:39:06.557+09:00 DEBUG 18196 --- [Shift Scheduler Demo] [           main] org.hibernate.SQL                        : select last_insert_rowid()
Hibernate: select last_insert_rowid()
2025-10-13T15:39:06.557+09:00 DEBUG 18196 --- [Shift Scheduler Demo] [           main] org.hibernate.SQL                        : insert into shift_assignments (employee_id,end_time,shift_name,start_time,work_date) values (?,?,?,?,?)
Hibernate: insert into shift_assignments (employee_id,end_time,shift_name,start_time,work_date) values (?,?,?,?,?)
2025-10-13T15:39:06.557+09:00 DEBUG 18196 --- [Shift Scheduler Demo] [           main] org.hibernate.SQL                        : select last_insert_rowid()
Hibernate: select last_insert_rowid()
2025-10-13T15:39:06.559+09:00 DEBUG 18196 --- [Shift Scheduler Demo] [           main] org.hibernate.SQL                        : insert into shift_assignments (employee_id,end_time,shift_name,start_time,work_date) values (?,?,?,?,?)
Hibernate: insert into shift_assignments (employee_id,end_time,shift_name,start_time,work_date) values (?,?,?,?,?)
2025-10-13T15:39:06.559+09:00 DEBUG 18196 --- [Shift Scheduler Demo] [           main] org.hibernate.SQL                        : select last_insert_rowid()
Hibernate: select last_insert_rowid()
2025-10-13T15:39:06.559+09:00 DEBUG 18196 --- [Shift Scheduler Demo] [           main] org.hibernate.SQL                        : insert into shift_assignments (employee_id,end_time,shift_name,start_time,work_date) values (?,?,?,?,?)
Hibernate: insert into shift_assignments (employee_id,end_time,shift_name,start_time,work_date) values (?,?,?,?,?)
2025-10-13T15:39:06.560+09:00 DEBUG 18196 --- [Shift Scheduler Demo] [           main] org.hibernate.SQL                        : select last_insert_rowid()
Hibernate: select last_insert_rowid()
2025-10-13T15:39:06.560+09:00 DEBUG 18196 --- [Shift Scheduler Demo] [           main] org.hibernate.SQL                        : insert into shift_assignments (employee_id,end_time,shift_name,start_time,work_date) values (?,?,?,?,?)
Hibernate: insert into shift_assignments (employee_id,end_time,shift_name,start_time,work_date) values (?,?,?,?,?)
2025-10-13T15:39:06.560+09:00 DEBUG 18196 --- [Shift Scheduler Demo] [           main] org.hibernate.SQL                        : select last_insert_rowid()
Hibernate: select last_insert_rowid()
2025-10-13T15:39:06.561+09:00 DEBUG 18196 --- [Shift Scheduler Demo] [           main] org.hibernate.SQL                        : insert into shift_assignments (employee_id,end_time,shift_name,start_time,work_date) values (?,?,?,?,?)
Hibernate: insert into shift_assignments (employee_id,end_time,shift_name,start_time,work_date) values (?,?,?,?,?)
2025-10-13T15:39:06.561+09:00 DEBUG 18196 --- [Shift Scheduler Demo] [           main] org.hibernate.SQL                        : select last_insert_rowid()
Hibernate: select last_insert_rowid()
2025-10-13T15:39:06.561+09:00 DEBUG 18196 --- [Shift Scheduler Demo] [           main] org.hibernate.SQL                        : insert into shift_assignments (employee_id,end_time,shift_name,start_time,work_date) values (?,?,?,?,?)
Hibernate: insert into shift_assignments (employee_id,end_time,shift_name,start_time,work_date) values (?,?,?,?,?)
2025-10-13T15:39:06.561+09:00 DEBUG 18196 --- [Shift Scheduler Demo] [           main] org.hibernate.SQL                        : select last_insert_rowid()
Hibernate: select last_insert_rowid()
2025-10-13T15:39:06.561+09:00 DEBUG 18196 --- [Shift Scheduler Demo] [           main] org.hibernate.SQL                        : insert into shift_assignments (employee_id,end_time,shift_name,start_time,work_date) values (?,?,?,?,?)
Hibernate: insert into shift_assignments (employee_id,end_time,shift_name,start_time,work_date) values (?,?,?,?,?)
2025-10-13T15:39:06.562+09:00 DEBUG 18196 --- [Shift Scheduler Demo] [           main] org.hibernate.SQL                        : select last_insert_rowid()
Hibernate: select last_insert_rowid()
2025-10-13T15:39:06.562+09:00 DEBUG 18196 --- [Shift Scheduler Demo] [           main] org.hibernate.SQL                        : insert into shift_assignments (employee_id,end_time,shift_name,start_time,work_date) values (?,?,?,?,?)
Hibernate: insert into shift_assignments (employee_id,end_time,shift_name,start_time,work_date) values (?,?,?,?,?)
2025-10-13T15:39:06.562+09:00 DEBUG 18196 --- [Shift Scheduler Demo] [           main] org.hibernate.SQL                        : select last_insert_rowid()
Hibernate: select last_insert_rowid()
2025-10-13T15:39:06.562+09:00 DEBUG 18196 --- [Shift Scheduler Demo] [           main] org.hibernate.SQL                        : insert into shift_assignments (employee_id,end_time,shift_name,start_time,work_date) values (?,?,?,?,?)
Hibernate: insert into shift_assignments (employee_id,end_time,shift_name,start_time,work_date) values (?,?,?,?,?)
2025-10-13T15:39:06.563+09:00 DEBUG 18196 --- [Shift Scheduler Demo] [           main] org.hibernate.SQL                        : select last_insert_rowid()
Hibernate: select last_insert_rowid()
2025-10-13T15:39:06.563+09:00 DEBUG 18196 --- [Shift Scheduler Demo] [           main] org.hibernate.SQL                        : insert into shift_assignments (employee_id,end_time,shift_name,start_time,work_date) values (?,?,?,?,?)
Hibernate: insert into shift_assignments (employee_id,end_time,shift_name,start_time,work_date) values (?,?,?,?,?)
2025-10-13T15:39:06.563+09:00 DEBUG 18196 --- [Shift Scheduler Demo] [           main] org.hibernate.SQL                        : select last_insert_rowid()
Hibernate: select last_insert_rowid()
2025-10-13T15:39:06.563+09:00 DEBUG 18196 --- [Shift Scheduler Demo] [           main] org.hibernate.SQL                        : insert into shift_assignments (employee_id,end_time,shift_name,start_time,work_date) values (?,?,?,?,?)
Hibernate: insert into shift_assignments (employee_id,end_time,shift_name,start_time,work_date) values (?,?,?,?,?)
2025-10-13T15:39:06.563+09:00 DEBUG 18196 --- [Shift Scheduler Demo] [           main] org.hibernate.SQL                        : select last_insert_rowid()
Hibernate: select last_insert_rowid()
2025-10-13T15:39:06.564+09:00 DEBUG 18196 --- [Shift Scheduler Demo] [           main] org.hibernate.SQL                        : insert into shift_assignments (employee_id,end_time,shift_name,start_time,work_date) values (?,?,?,?,?)
Hibernate: insert into shift_assignments (employee_id,end_time,shift_name,start_time,work_date) values (?,?,?,?,?)
2025-10-13T15:39:06.564+09:00 DEBUG 18196 --- [Shift Scheduler Demo] [           main] org.hibernate.SQL                        : select last_insert_rowid()
Hibernate: select last_insert_rowid()
2025-10-13T15:39:06.564+09:00 DEBUG 18196 --- [Shift Scheduler Demo] [           main] org.hibernate.SQL                        : insert into shift_assignments (employee_id,end_time,shift_name,start_time,work_date) values (?,?,?,?,?)
Hibernate: insert into shift_assignments (employee_id,end_time,shift_name,start_time,work_date) values (?,?,?,?,?)
2025-10-13T15:39:06.564+09:00 DEBUG 18196 --- [Shift Scheduler Demo] [           main] org.hibernate.SQL                        : select last_insert_rowid()
Hibernate: select last_insert_rowid()
2025-10-13T15:39:06.564+09:00 DEBUG 18196 --- [Shift Scheduler Demo] [           main] org.hibernate.SQL                        : insert into shift_assignments (employee_id,end_time,shift_name,start_time,work_date) values (?,?,?,?,?)
Hibernate: insert into shift_assignments (employee_id,end_time,shift_name,start_time,work_date) values (?,?,?,?,?)
2025-10-13T15:39:06.565+09:00 DEBUG 18196 --- [Shift Scheduler Demo] [           main] org.hibernate.SQL                        : select last_insert_rowid()
Hibernate: select last_insert_rowid()
2025-10-13T15:39:06.565+09:00 DEBUG 18196 --- [Shift Scheduler Demo] [           main] org.hibernate.SQL                        : insert into shift_assignments (employee_id,end_time,shift_name,start_time,work_date) values (?,?,?,?,?)
Hibernate: insert into shift_assignments (employee_id,end_time,shift_name,start_time,work_date) values (?,?,?,?,?)
2025-10-13T15:39:06.565+09:00 DEBUG 18196 --- [Shift Scheduler Demo] [           main] org.hibernate.SQL                        : select last_insert_rowid()
Hibernate: select last_insert_rowid()
2025-10-13T15:39:06.565+09:00 DEBUG 18196 --- [Shift Scheduler Demo] [           main] org.hibernate.SQL                        : insert into shift_assignments (employee_id,end_time,shift_name,start_time,work_date) values (?,?,?,?,?)
Hibernate: insert into shift_assignments (employee_id,end_time,shift_name,start_time,work_date) values (?,?,?,?,?)
2025-10-13T15:39:06.565+09:00 DEBUG 18196 --- [Shift Scheduler Demo] [           main] org.hibernate.SQL                        : select last_insert_rowid()
Hibernate: select last_insert_rowid()
2025-10-13T15:39:06.566+09:00 DEBUG 18196 --- [Shift Scheduler Demo] [           main] org.hibernate.SQL                        : insert into shift_assignments (employee_id,end_time,shift_name,start_time,work_date) values (?,?,?,?,?)
Hibernate: insert into shift_assignments (employee_id,end_time,shift_name,start_time,work_date) values (?,?,?,?,?)
2025-10-13T15:39:06.566+09:00 DEBUG 18196 --- [Shift Scheduler Demo] [           main] org.hibernate.SQL                        : select last_insert_rowid()
Hibernate: select last_insert_rowid()
2025-10-13T15:39:06.566+09:00 DEBUG 18196 --- [Shift Scheduler Demo] [           main] org.hibernate.SQL                        : insert into shift_assignments (employee_id,end_time,shift_name,start_time,work_date) values (?,?,?,?,?)
Hibernate: insert into shift_assignments (employee_id,end_time,shift_name,start_time,work_date) values (?,?,?,?,?)
2025-10-13T15:39:06.566+09:00 DEBUG 18196 --- [Shift Scheduler Demo] [           main] org.hibernate.SQL                        : select last_insert_rowid()
Hibernate: select last_insert_rowid()
2025-10-13T15:39:06.567+09:00 DEBUG 18196 --- [Shift Scheduler Demo] [           main] org.hibernate.SQL                        : insert into shift_assignments (employee_id,end_time,shift_name,start_time,work_date) values (?,?,?,?,?)
Hibernate: insert into shift_assignments (employee_id,end_time,shift_name,start_time,work_date) values (?,?,?,?,?)
2025-10-13T15:39:06.567+09:00 DEBUG 18196 --- [Shift Scheduler Demo] [           main] org.hibernate.SQL                        : select last_insert_rowid()
Hibernate: select last_insert_rowid()
2025-10-13T15:39:06.567+09:00 DEBUG 18196 --- [Shift Scheduler Demo] [           main] org.hibernate.SQL                        : insert into shift_assignments (employee_id,end_time,shift_name,start_time,work_date) values (?,?,?,?,?)
Hibernate: insert into shift_assignments (employee_id,end_time,shift_name,start_time,work_date) values (?,?,?,?,?)
2025-10-13T15:39:06.567+09:00 DEBUG 18196 --- [Shift Scheduler Demo] [           main] org.hibernate.SQL                        : select last_insert_rowid()
Hibernate: select last_insert_rowid()
2025-10-13T15:39:06.569+09:00 DEBUG 18196 --- [Shift Scheduler Demo] [           main] org.hibernate.SQL                        : insert into shift_assignments (employee_id,end_time,shift_name,start_time,work_date) values (?,?,?,?,?)
Hibernate: insert into shift_assignments (employee_id,end_time,shift_name,start_time,work_date) values (?,?,?,?,?)
2025-10-13T15:39:06.569+09:00 DEBUG 18196 --- [Shift Scheduler Demo] [           main] org.hibernate.SQL                        : select last_insert_rowid()
Hibernate: select last_insert_rowid()
2025-10-13T15:39:06.570+09:00 DEBUG 18196 --- [Shift Scheduler Demo] [           main] org.hibernate.SQL                        : insert into shift_assignments (employee_id,end_time,shift_name,start_time,work_date) values (?,?,?,?,?)
Hibernate: insert into shift_assignments (employee_id,end_time,shift_name,start_time,work_date) values (?,?,?,?,?)
2025-10-13T15:39:06.570+09:00 DEBUG 18196 --- [Shift Scheduler Demo] [           main] org.hibernate.SQL                        : select last_insert_rowid()
Hibernate: select last_insert_rowid()
2025-10-13T15:39:06.571+09:00 DEBUG 18196 --- [Shift Scheduler Demo] [           main] org.hibernate.SQL                        : insert into shift_assignments (employee_id,end_time,shift_name,start_time,work_date) values (?,?,?,?,?)
Hibernate: insert into shift_assignments (employee_id,end_time,shift_name,start_time,work_date) values (?,?,?,?,?)
2025-10-13T15:39:06.571+09:00 DEBUG 18196 --- [Shift Scheduler Demo] [           main] org.hibernate.SQL                        : select last_insert_rowid()
Hibernate: select last_insert_rowid()
2025-10-13T15:39:06.571+09:00 DEBUG 18196 --- [Shift Scheduler Demo] [           main] org.hibernate.SQL                        : insert into shift_assignments (employee_id,end_time,shift_name,start_time,work_date) values (?,?,?,?,?)
Hibernate: insert into shift_assignments (employee_id,end_time,shift_name,start_time,work_date) values (?,?,?,?,?)
2025-10-13T15:39:06.571+09:00 DEBUG 18196 --- [Shift Scheduler Demo] [           main] org.hibernate.SQL                        : select last_insert_rowid()
Hibernate: select last_insert_rowid()
2025-10-13T15:39:06.573+09:00 DEBUG 18196 --- [Shift Scheduler Demo] [           main] org.hibernate.SQL                        : insert into shift_assignments (employee_id,end_time,shift_name,start_time,work_date) values (?,?,?,?,?)
Hibernate: insert into shift_assignments (employee_id,end_time,shift_name,start_time,work_date) values (?,?,?,?,?)
2025-10-13T15:39:06.573+09:00 DEBUG 18196 --- [Shift Scheduler Demo] [           main] org.hibernate.SQL                        : select last_insert_rowid()
Hibernate: select last_insert_rowid()
2025-10-13T15:39:06.574+09:00 DEBUG 18196 --- [Shift Scheduler Demo] [           main] org.hibernate.SQL                        : insert into shift_assignments (employee_id,end_time,shift_name,start_time,work_date) values (?,?,?,?,?)
Hibernate: insert into shift_assignments (employee_id,end_time,shift_name,start_time,work_date) values (?,?,?,?,?)
2025-10-13T15:39:06.575+09:00 DEBUG 18196 --- [Shift Scheduler Demo] [           main] org.hibernate.SQL                        : select last_insert_rowid()
Hibernate: select last_insert_rowid()
2025-10-13T15:39:06.575+09:00 DEBUG 18196 --- [Shift Scheduler Demo] [           main] org.hibernate.SQL                        : insert into shift_assignments (employee_id,end_time,shift_name,start_time,work_date) values (?,?,?,?,?)
Hibernate: insert into shift_assignments (employee_id,end_time,shift_name,start_time,work_date) values (?,?,?,?,?)
2025-10-13T15:39:06.575+09:00 DEBUG 18196 --- [Shift Scheduler Demo] [           main] org.hibernate.SQL                        : select last_insert_rowid()
Hibernate: select last_insert_rowid()
2025-10-13T15:39:06.576+09:00 DEBUG 18196 --- [Shift Scheduler Demo] [           main] org.hibernate.SQL                        : insert into shift_assignments (employee_id,end_time,shift_name,start_time,work_date) values (?,?,?,?,?)
Hibernate: insert into shift_assignments (employee_id,end_time,shift_name,start_time,work_date) values (?,?,?,?,?)
2025-10-13T15:39:06.576+09:00 DEBUG 18196 --- [Shift Scheduler Demo] [           main] org.hibernate.SQL                        : select last_insert_rowid()
Hibernate: select last_insert_rowid()
2025-10-13T15:39:06.577+09:00 DEBUG 18196 --- [Shift Scheduler Demo] [           main] org.hibernate.SQL                        : insert into shift_assignments (employee_id,end_time,shift_name,start_time,work_date) values (?,?,?,?,?)
Hibernate: insert into shift_assignments (employee_id,end_time,shift_name,start_time,work_date) values (?,?,?,?,?)
2025-10-13T15:39:06.577+09:00 DEBUG 18196 --- [Shift Scheduler Demo] [           main] org.hibernate.SQL                        : select last_insert_rowid()
Hibernate: select last_insert_rowid()
2025-10-13T15:39:06.577+09:00 DEBUG 18196 --- [Shift Scheduler Demo] [           main] org.hibernate.SQL                        : insert into shift_assignments (employee_id,end_time,shift_name,start_time,work_date) values (?,?,?,?,?)
Hibernate: insert into shift_assignments (employee_id,end_time,shift_name,start_time,work_date) values (?,?,?,?,?)
2025-10-13T15:39:06.578+09:00 DEBUG 18196 --- [Shift Scheduler Demo] [           main] org.hibernate.SQL                        : select last_insert_rowid()
Hibernate: select last_insert_rowid()
2025-10-13T15:39:06.578+09:00 DEBUG 18196 --- [Shift Scheduler Demo] [           main] org.hibernate.SQL                        : insert into shift_assignments (employee_id,end_time,shift_name,start_time,work_date) values (?,?,?,?,?)
Hibernate: insert into shift_assignments (employee_id,end_time,shift_name,start_time,work_date) values (?,?,?,?,?)
2025-10-13T15:39:06.578+09:00 DEBUG 18196 --- [Shift Scheduler Demo] [           main] org.hibernate.SQL                        : select last_insert_rowid()
Hibernate: select last_insert_rowid()
2025-10-13T15:39:06.578+09:00 DEBUG 18196 --- [Shift Scheduler Demo] [           main] org.hibernate.SQL                        : insert into shift_assignments (employee_id,end_time,shift_name,start_time,work_date) values (?,?,?,?,?)
Hibernate: insert into shift_assignments (employee_id,end_time,shift_name,start_time,work_date) values (?,?,?,?,?)
2025-10-13T15:39:06.578+09:00 DEBUG 18196 --- [Shift Scheduler Demo] [           main] org.hibernate.SQL                        : select last_insert_rowid()
Hibernate: select last_insert_rowid()
2025-10-13T15:39:06.579+09:00 DEBUG 18196 --- [Shift Scheduler Demo] [           main] org.hibernate.SQL                        : insert into shift_assignments (employee_id,end_time,shift_name,start_time,work_date) values (?,?,?,?,?)
Hibernate: insert into shift_assignments (employee_id,end_time,shift_name,start_time,work_date) values (?,?,?,?,?)
2025-10-13T15:39:06.579+09:00 DEBUG 18196 --- [Shift Scheduler Demo] [           main] org.hibernate.SQL                        : select last_insert_rowid()
Hibernate: select last_insert_rowid()
2025-10-13T15:39:06.579+09:00 DEBUG 18196 --- [Shift Scheduler Demo] [           main] org.hibernate.SQL                        : insert into shift_assignments (employee_id,end_time,shift_name,start_time,work_date) values (?,?,?,?,?)
Hibernate: insert into shift_assignments (employee_id,end_time,shift_name,start_time,work_date) values (?,?,?,?,?)
2025-10-13T15:39:06.579+09:00 DEBUG 18196 --- [Shift Scheduler Demo] [           main] org.hibernate.SQL                        : select last_insert_rowid()
Hibernate: select last_insert_rowid()
2025-10-13T15:39:06.579+09:00 DEBUG 18196 --- [Shift Scheduler Demo] [           main] org.hibernate.SQL                        : insert into shift_assignments (employee_id,end_time,shift_name,start_time,work_date) values (?,?,?,?,?)
Hibernate: insert into shift_assignments (employee_id,end_time,shift_name,start_time,work_date) values (?,?,?,?,?)
2025-10-13T15:39:06.579+09:00 DEBUG 18196 --- [Shift Scheduler Demo] [           main] org.hibernate.SQL                        : select last_insert_rowid()
Hibernate: select last_insert_rowid()
2025-10-13T15:39:06.580+09:00 DEBUG 18196 --- [Shift Scheduler Demo] [           main] org.hibernate.SQL                        : insert into shift_assignments (employee_id,end_time,shift_name,start_time,work_date) values (?,?,?,?,?)
Hibernate: insert into shift_assignments (employee_id,end_time,shift_name,start_time,work_date) values (?,?,?,?,?)
2025-10-13T15:39:06.580+09:00 DEBUG 18196 --- [Shift Scheduler Demo] [           main] org.hibernate.SQL                        : select last_insert_rowid()
Hibernate: select last_insert_rowid()
2025-10-13T15:39:06.580+09:00 DEBUG 18196 --- [Shift Scheduler Demo] [           main] org.hibernate.SQL                        : insert into shift_assignments (employee_id,end_time,shift_name,start_time,work_date) values (?,?,?,?,?)
Hibernate: insert into shift_assignments (employee_id,end_time,shift_name,start_time,work_date) values (?,?,?,?,?)
2025-10-13T15:39:06.580+09:00 DEBUG 18196 --- [Shift Scheduler Demo] [           main] org.hibernate.SQL                        : select last_insert_rowid()
Hibernate: select last_insert_rowid()
2025-10-13T15:39:06.580+09:00 DEBUG 18196 --- [Shift Scheduler Demo] [           main] org.hibernate.SQL                        : insert into shift_assignments (employee_id,end_time,shift_name,start_time,work_date) values (?,?,?,?,?)
Hibernate: insert into shift_assignments (employee_id,end_time,shift_name,start_time,work_date) values (?,?,?,?,?)
2025-10-13T15:39:06.581+09:00 DEBUG 18196 --- [Shift Scheduler Demo] [           main] org.hibernate.SQL                        : select last_insert_rowid()
Hibernate: select last_insert_rowid()
2025-10-13T15:39:06.581+09:00 DEBUG 18196 --- [Shift Scheduler Demo] [           main] org.hibernate.SQL                        : insert into shift_assignments (employee_id,end_time,shift_name,start_time,work_date) values (?,?,?,?,?)
Hibernate: insert into shift_assignments (employee_id,end_time,shift_name,start_time,work_date) values (?,?,?,?,?)
2025-10-13T15:39:06.581+09:00 DEBUG 18196 --- [Shift Scheduler Demo] [           main] org.hibernate.SQL                        : select last_insert_rowid()
Hibernate: select last_insert_rowid()
2025-10-13T15:39:06.581+09:00 DEBUG 18196 --- [Shift Scheduler Demo] [           main] org.hibernate.SQL                        : insert into shift_assignments (employee_id,end_time,shift_name,start_time,work_date) values (?,?,?,?,?)
Hibernate: insert into shift_assignments (employee_id,end_time,shift_name,start_time,work_date) values (?,?,?,?,?)
2025-10-13T15:39:06.581+09:00 DEBUG 18196 --- [Shift Scheduler Demo] [           main] org.hibernate.SQL                        : select last_insert_rowid()
Hibernate: select last_insert_rowid()
2025-10-13T15:39:06.581+09:00 DEBUG 18196 --- [Shift Scheduler Demo] [           main] org.hibernate.SQL                        : insert into shift_assignments (employee_id,end_time,shift_name,start_time,work_date) values (?,?,?,?,?)
Hibernate: insert into shift_assignments (employee_id,end_time,shift_name,start_time,work_date) values (?,?,?,?,?)
2025-10-13T15:39:06.581+09:00 DEBUG 18196 --- [Shift Scheduler Demo] [           main] org.hibernate.SQL                        : select last_insert_rowid()
Hibernate: select last_insert_rowid()
2025-10-13T15:39:06.582+09:00 DEBUG 18196 --- [Shift Scheduler Demo] [           main] org.hibernate.SQL                        : insert into shift_assignments (employee_id,end_time,shift_name,start_time,work_date) values (?,?,?,?,?)
Hibernate: insert into shift_assignments (employee_id,end_time,shift_name,start_time,work_date) values (?,?,?,?,?)
2025-10-13T15:39:06.582+09:00 DEBUG 18196 --- [Shift Scheduler Demo] [           main] org.hibernate.SQL                        : select last_insert_rowid()
Hibernate: select last_insert_rowid()
2025-10-13T15:39:06.582+09:00 DEBUG 18196 --- [Shift Scheduler Demo] [           main] org.hibernate.SQL                        : insert into shift_assignments (employee_id,end_time,shift_name,start_time,work_date) values (?,?,?,?,?)
Hibernate: insert into shift_assignments (employee_id,end_time,shift_name,start_time,work_date) values (?,?,?,?,?)
2025-10-13T15:39:06.582+09:00 DEBUG 18196 --- [Shift Scheduler Demo] [           main] org.hibernate.SQL                        : select last_insert_rowid()
Hibernate: select last_insert_rowid()
2025-10-13T15:39:06.583+09:00 DEBUG 18196 --- [Shift Scheduler Demo] [           main] org.hibernate.SQL                        : insert into shift_assignments (employee_id,end_time,shift_name,start_time,work_date) values (?,?,?,?,?)
Hibernate: insert into shift_assignments (employee_id,end_time,shift_name,start_time,work_date) values (?,?,?,?,?)
2025-10-13T15:39:06.583+09:00 DEBUG 18196 --- [Shift Scheduler Demo] [           main] org.hibernate.SQL                        : select last_insert_rowid()
Hibernate: select last_insert_rowid()
2025-10-13T15:39:06.583+09:00 DEBUG 18196 --- [Shift Scheduler Demo] [           main] org.hibernate.SQL                        : insert into shift_assignments (employee_id,end_time,shift_name,start_time,work_date) values (?,?,?,?,?)
Hibernate: insert into shift_assignments (employee_id,end_time,shift_name,start_time,work_date) values (?,?,?,?,?)
2025-10-13T15:39:06.583+09:00 DEBUG 18196 --- [Shift Scheduler Demo] [           main] org.hibernate.SQL                        : select last_insert_rowid()
Hibernate: select last_insert_rowid()
2025-10-13T15:39:06.583+09:00 DEBUG 18196 --- [Shift Scheduler Demo] [           main] org.hibernate.SQL                        : insert into shift_assignments (employee_id,end_time,shift_name,start_time,work_date) values (?,?,?,?,?)
Hibernate: insert into shift_assignments (employee_id,end_time,shift_name,start_time,work_date) values (?,?,?,?,?)
2025-10-13T15:39:06.584+09:00 DEBUG 18196 --- [Shift Scheduler Demo] [           main] org.hibernate.SQL                        : select last_insert_rowid()
Hibernate: select last_insert_rowid()
2025-10-13T15:39:06.584+09:00 DEBUG 18196 --- [Shift Scheduler Demo] [           main] org.hibernate.SQL                        : insert into shift_assignments (employee_id,end_time,shift_name,start_time,work_date) values (?,?,?,?,?)
Hibernate: insert into shift_assignments (employee_id,end_time,shift_name,start_time,work_date) values (?,?,?,?,?)
2025-10-13T15:39:06.584+09:00 DEBUG 18196 --- [Shift Scheduler Demo] [           main] org.hibernate.SQL                        : select last_insert_rowid()
Hibernate: select last_insert_rowid()
2025-10-13T15:39:06.584+09:00 DEBUG 18196 --- [Shift Scheduler Demo] [           main] org.hibernate.SQL                        : insert into shift_assignments (employee_id,end_time,shift_name,start_time,work_date) values (?,?,?,?,?)
Hibernate: insert into shift_assignments (employee_id,end_time,shift_name,start_time,work_date) values (?,?,?,?,?)
2025-10-13T15:39:06.585+09:00 DEBUG 18196 --- [Shift Scheduler Demo] [           main] org.hibernate.SQL                        : select last_insert_rowid()
Hibernate: select last_insert_rowid()
2025-10-13T15:39:06.585+09:00 DEBUG 18196 --- [Shift Scheduler Demo] [           main] org.hibernate.SQL                        : insert into shift_assignments (employee_id,end_time,shift_name,start_time,work_date) values (?,?,?,?,?)
Hibernate: insert into shift_assignments (employee_id,end_time,shift_name,start_time,work_date) values (?,?,?,?,?)
2025-10-13T15:39:06.585+09:00 DEBUG 18196 --- [Shift Scheduler Demo] [           main] org.hibernate.SQL                        : select last_insert_rowid()
Hibernate: select last_insert_rowid()
2025-10-13T15:39:06.585+09:00 DEBUG 18196 --- [Shift Scheduler Demo] [           main] org.hibernate.SQL                        : insert into shift_assignments (employee_id,end_time,shift_name,start_time,work_date) values (?,?,?,?,?)
Hibernate: insert into shift_assignments (employee_id,end_time,shift_name,start_time,work_date) values (?,?,?,?,?)
2025-10-13T15:39:06.586+09:00 DEBUG 18196 --- [Shift Scheduler Demo] [           main] org.hibernate.SQL                        : select last_insert_rowid()
Hibernate: select last_insert_rowid()
2025-10-13T15:39:06.586+09:00 DEBUG 18196 --- [Shift Scheduler Demo] [           main] org.hibernate.SQL                        : insert into shift_assignments (employee_id,end_time,shift_name,start_time,work_date) values (?,?,?,?,?)
Hibernate: insert into shift_assignments (employee_id,end_time,shift_name,start_time,work_date) values (?,?,?,?,?)
2025-10-13T15:39:06.586+09:00 DEBUG 18196 --- [Shift Scheduler Demo] [           main] org.hibernate.SQL                        : select last_insert_rowid()
Hibernate: select last_insert_rowid()
2025-10-13T15:39:06.586+09:00 DEBUG 18196 --- [Shift Scheduler Demo] [           main] org.hibernate.SQL                        : insert into shift_assignments (employee_id,end_time,shift_name,start_time,work_date) values (?,?,?,?,?)
Hibernate: insert into shift_assignments (employee_id,end_time,shift_name,start_time,work_date) values (?,?,?,?,?)
2025-10-13T15:39:06.589+09:00 DEBUG 18196 --- [Shift Scheduler Demo] [           main] org.hibernate.SQL                        : select last_insert_rowid()
Hibernate: select last_insert_rowid()
2025-10-13T15:39:06.589+09:00 DEBUG 18196 --- [Shift Scheduler Demo] [           main] org.hibernate.SQL                        : insert into shift_assignments (employee_id,end_time,shift_name,start_time,work_date) values (?,?,?,?,?)
Hibernate: insert into shift_assignments (employee_id,end_time,shift_name,start_time,work_date) values (?,?,?,?,?)
2025-10-13T15:39:06.590+09:00 DEBUG 18196 --- [Shift Scheduler Demo] [           main] org.hibernate.SQL                        : select last_insert_rowid()
Hibernate: select last_insert_rowid()
2025-10-13T15:39:06.590+09:00 DEBUG 18196 --- [Shift Scheduler Demo] [           main] org.hibernate.SQL                        : insert into shift_assignments (employee_id,end_time,shift_name,start_time,work_date) values (?,?,?,?,?)
Hibernate: insert into shift_assignments (employee_id,end_time,shift_name,start_time,work_date) values (?,?,?,?,?)
2025-10-13T15:39:06.590+09:00 DEBUG 18196 --- [Shift Scheduler Demo] [           main] org.hibernate.SQL                        : select last_insert_rowid()
Hibernate: select last_insert_rowid()
2025-10-13T15:39:06.591+09:00 DEBUG 18196 --- [Shift Scheduler Demo] [           main] org.hibernate.SQL                        : insert into shift_assignments (employee_id,end_time,shift_name,start_time,work_date) values (?,?,?,?,?)
Hibernate: insert into shift_assignments (employee_id,end_time,shift_name,start_time,work_date) values (?,?,?,?,?)
2025-10-13T15:39:06.591+09:00 DEBUG 18196 --- [Shift Scheduler Demo] [           main] org.hibernate.SQL                        : select last_insert_rowid()
Hibernate: select last_insert_rowid()
2025-10-13T15:39:06.591+09:00 DEBUG 18196 --- [Shift Scheduler Demo] [           main] org.hibernate.SQL                        : insert into shift_assignments (employee_id,end_time,shift_name,start_time,work_date) values (?,?,?,?,?)
Hibernate: insert into shift_assignments (employee_id,end_time,shift_name,start_time,work_date) values (?,?,?,?,?)
2025-10-13T15:39:06.591+09:00 DEBUG 18196 --- [Shift Scheduler Demo] [           main] org.hibernate.SQL                        : select last_insert_rowid()
Hibernate: select last_insert_rowid()
2025-10-13T15:39:06.592+09:00 DEBUG 18196 --- [Shift Scheduler Demo] [           main] org.hibernate.SQL                        : insert into shift_assignments (employee_id,end_time,shift_name,start_time,work_date) values (?,?,?,?,?)
Hibernate: insert into shift_assignments (employee_id,end_time,shift_name,start_time,work_date) values (?,?,?,?,?)
2025-10-13T15:39:06.592+09:00 DEBUG 18196 --- [Shift Scheduler Demo] [           main] org.hibernate.SQL                        : select last_insert_rowid()
Hibernate: select last_insert_rowid()
2025-10-13T15:39:06.592+09:00 DEBUG 18196 --- [Shift Scheduler Demo] [           main] org.hibernate.SQL                        : insert into shift_assignments (employee_id,end_time,shift_name,start_time,work_date) values (?,?,?,?,?)
Hibernate: insert into shift_assignments (employee_id,end_time,shift_name,start_time,work_date) values (?,?,?,?,?)
2025-10-13T15:39:06.592+09:00 DEBUG 18196 --- [Shift Scheduler Demo] [           main] org.hibernate.SQL                        : select last_insert_rowid()
Hibernate: select last_insert_rowid()
2025-10-13T15:39:06.592+09:00 DEBUG 18196 --- [Shift Scheduler Demo] [           main] org.hibernate.SQL                        : insert into shift_assignments (employee_id,end_time,shift_name,start_time,work_date) values (?,?,?,?,?)
Hibernate: insert into shift_assignments (employee_id,end_time,shift_name,start_time,work_date) values (?,?,?,?,?)
2025-10-13T15:39:06.593+09:00 DEBUG 18196 --- [Shift Scheduler Demo] [           main] org.hibernate.SQL                        : select last_insert_rowid()
Hibernate: select last_insert_rowid()
2025-10-13T15:39:06.593+09:00 DEBUG 18196 --- [Shift Scheduler Demo] [           main] org.hibernate.SQL                        : insert into shift_assignments (employee_id,end_time,shift_name,start_time,work_date) values (?,?,?,?,?)
Hibernate: insert into shift_assignments (employee_id,end_time,shift_name,start_time,work_date) values (?,?,?,?,?)
2025-10-13T15:39:06.593+09:00 DEBUG 18196 --- [Shift Scheduler Demo] [           main] org.hibernate.SQL                        : select last_insert_rowid()
Hibernate: select last_insert_rowid()
2025-10-13T15:39:06.593+09:00 DEBUG 18196 --- [Shift Scheduler Demo] [           main] org.hibernate.SQL                        : insert into shift_assignments (employee_id,end_time,shift_name,start_time,work_date) values (?,?,?,?,?)
Hibernate: insert into shift_assignments (employee_id,end_time,shift_name,start_time,work_date) values (?,?,?,?,?)
2025-10-13T15:39:06.593+09:00 DEBUG 18196 --- [Shift Scheduler Demo] [           main] org.hibernate.SQL                        : select last_insert_rowid()
Hibernate: select last_insert_rowid()
2025-10-13T15:39:06.593+09:00 DEBUG 18196 --- [Shift Scheduler Demo] [           main] org.hibernate.SQL                        : insert into shift_assignments (employee_id,end_time,shift_name,start_time,work_date) values (?,?,?,?,?)
Hibernate: insert into shift_assignments (employee_id,end_time,shift_name,start_time,work_date) values (?,?,?,?,?)
2025-10-13T15:39:06.594+09:00 DEBUG 18196 --- [Shift Scheduler Demo] [           main] org.hibernate.SQL                        : select last_insert_rowid()
Hibernate: select last_insert_rowid()
2025-10-13T15:39:06.594+09:00 DEBUG 18196 --- [Shift Scheduler Demo] [           main] org.hibernate.SQL                        : insert into shift_assignments (employee_id,end_time,shift_name,start_time,work_date) values (?,?,?,?,?)
Hibernate: insert into shift_assignments (employee_id,end_time,shift_name,start_time,work_date) values (?,?,?,?,?)
2025-10-13T15:39:06.594+09:00 DEBUG 18196 --- [Shift Scheduler Demo] [           main] org.hibernate.SQL                        : select last_insert_rowid()
Hibernate: select last_insert_rowid()
2025-10-13T15:39:06.594+09:00 DEBUG 18196 --- [Shift Scheduler Demo] [           main] org.hibernate.SQL                        : insert into shift_assignments (employee_id,end_time,shift_name,start_time,work_date) values (?,?,?,?,?)
Hibernate: insert into shift_assignments (employee_id,end_time,shift_name,start_time,work_date) values (?,?,?,?,?)
2025-10-13T15:39:06.594+09:00 DEBUG 18196 --- [Shift Scheduler Demo] [           main] org.hibernate.SQL                        : select last_insert_rowid()
Hibernate: select last_insert_rowid()
2025-10-13T15:39:06.595+09:00  INFO 18196 --- [Shift Scheduler Demo] [           main] c.e.shiftv1.schedule.ScheduleService     : シフト生成が完了しました: 224件の割り当てを生成
]]></system-out>
    <system-err><![CDATA[WARNING: A Java agent has been loaded dynamically (C:\Users\takow\.m2\repository\net\bytebuddy\byte-buddy-agent\1.14.13\byte-buddy-agent-1.14.13.jar)
WARNING: If a serviceability tool is in use, please run with -XX:+EnableDynamicAgentLoading to hide this warning
WARNING: If a serviceability tool is not in use, please run with -Djdk.instrument.traceUsage for more information
WARNING: Dynamic loading of agents will be disallowed by default in a future release
]]></system-err>
  </testcase>
  <testcase name="generateMonthlySchedule_assignsEmployeesForEachShift" classname="com.example.shiftv1.schedule.ScheduleServiceTest" time="0.658">
    <system-out><![CDATA[2025-10-13T15:39:06.734+09:00 DEBUG 18196 --- [Shift Scheduler Demo] [           main] org.hibernate.SQL                        : select sa1_0.id,sa1_0.employee_id,sa1_0.end_time,sa1_0.shift_name,sa1_0.start_time,sa1_0.work_date from shift_assignments sa1_0
Hibernate: select sa1_0.id,sa1_0.employee_id,sa1_0.end_time,sa1_0.shift_name,sa1_0.start_time,sa1_0.work_date from shift_assignments sa1_0
2025-10-13T15:39:06.813+09:00 DEBUG 18196 --- [Shift Scheduler Demo] [           main] org.hibernate.SQL                        : select ec1_0.id,ec1_0.is_active,ec1_0.created_at,ec1_0.date,ec1_0.employee_id,ec1_0.end_time,ec1_0.reason,ec1_0.start_time,ec1_0.type,ec1_0.updated_at from employee_constraints ec1_0
Hibernate: select ec1_0.id,ec1_0.is_active,ec1_0.created_at,ec1_0.date,ec1_0.employee_id,ec1_0.end_time,ec1_0.reason,ec1_0.start_time,ec1_0.type,ec1_0.updated_at from employee_constraints ec1_0
2025-10-13T15:39:06.826+09:00  INFO 18196 --- [Shift Scheduler Demo] [           main] c.e.shiftv1.schedule.ScheduleService     : シフト生成を開始します: 2024年7月
2025-10-13T15:39:06.831+09:00 DEBUG 18196 --- [Shift Scheduler Demo] [           main] org.hibernate.SQL                        : select e1_0.id,e1_0.created_at,e1_0.name,e1_0.role from employees e1_0
Hibernate: select e1_0.id,e1_0.created_at,e1_0.name,e1_0.role from employees e1_0
2025-10-13T15:39:06.840+09:00 DEBUG 18196 --- [Shift Scheduler Demo] [           main] org.hibernate.SQL                        : delete from shift_assignments where id=?
Hibernate: delete from shift_assignments where id=?
2025-10-13T15:39:06.845+09:00 DEBUG 18196 --- [Shift Scheduler Demo] [           main] org.hibernate.SQL                        : delete from shift_assignments where id=?
Hibernate: delete from shift_assignments where id=?
2025-10-13T15:39:06.845+09:00 DEBUG 18196 --- [Shift Scheduler Demo] [           main] org.hibernate.SQL                        : delete from shift_assignments where id=?
Hibernate: delete from shift_assignments where id=?
2025-10-13T15:39:06.846+09:00 DEBUG 18196 --- [Shift Scheduler Demo] [           main] org.hibernate.SQL                        : delete from shift_assignments where id=?
Hibernate: delete from shift_assignments where id=?
2025-10-13T15:39:06.847+09:00 DEBUG 18196 --- [Shift Scheduler Demo] [           main] org.hibernate.SQL                        : delete from shift_assignments where id=?
Hibernate: delete from shift_assignments where id=?
2025-10-13T15:39:06.847+09:00 DEBUG 18196 --- [Shift Scheduler Demo] [           main] org.hibernate.SQL                        : delete from shift_assignments where id=?
Hibernate: delete from shift_assignments where id=?
2025-10-13T15:39:06.847+09:00 DEBUG 18196 --- [Shift Scheduler Demo] [           main] org.hibernate.SQL                        : delete from shift_assignments where id=?
Hibernate: delete from shift_assignments where id=?
2025-10-13T15:39:06.847+09:00 DEBUG 18196 --- [Shift Scheduler Demo] [           main] org.hibernate.SQL                        : delete from shift_assignments where id=?
Hibernate: delete from shift_assignments where id=?
2025-10-13T15:39:06.848+09:00 DEBUG 18196 --- [Shift Scheduler Demo] [           main] org.hibernate.SQL                        : delete from shift_assignments where id=?
Hibernate: delete from shift_assignments where id=?
2025-10-13T15:39:06.848+09:00 DEBUG 18196 --- [Shift Scheduler Demo] [           main] org.hibernate.SQL                        : delete from shift_assignments where id=?
Hibernate: delete from shift_assignments where id=?
2025-10-13T15:39:06.848+09:00 DEBUG 18196 --- [Shift Scheduler Demo] [           main] org.hibernate.SQL                        : delete from shift_assignments where id=?
Hibernate: delete from shift_assignments where id=?
2025-10-13T15:39:06.848+09:00 DEBUG 18196 --- [Shift Scheduler Demo] [           main] org.hibernate.SQL                        : delete from shift_assignments where id=?
Hibernate: delete from shift_assignments where id=?
2025-10-13T15:39:06.848+09:00 DEBUG 18196 --- [Shift Scheduler Demo] [           main] org.hibernate.SQL                        : delete from shift_assignments where id=?
Hibernate: delete from shift_assignments where id=?
2025-10-13T15:39:06.848+09:00 DEBUG 18196 --- [Shift Scheduler Demo] [           main] org.hibernate.SQL                        : delete from shift_assignments where id=?
Hibernate: delete from shift_assignments where id=?
2025-10-13T15:39:06.849+09:00 DEBUG 18196 --- [Shift Scheduler Demo] [           main] org.hibernate.SQL                        : delete from shift_assignments where id=?
Hibernate: delete from shift_assignments where id=?
2025-10-13T15:39:06.849+09:00 DEBUG 18196 --- [Shift Scheduler Demo] [           main] org.hibernate.SQL                        : delete from shift_assignments where id=?
Hibernate: delete from shift_assignments where id=?
2025-10-13T15:39:06.849+09:00 DEBUG 18196 --- [Shift Scheduler Demo] [           main] org.hibernate.SQL                        : delete from shift_assignments where id=?
Hibernate: delete from shift_assignments where id=?
2025-10-13T15:39:06.849+09:00 DEBUG 18196 --- [Shift Scheduler Demo] [           main] org.hibernate.SQL                        : delete from shift_assignments where id=?
Hibernate: delete from shift_assignments where id=?
2025-10-13T15:39:06.849+09:00 DEBUG 18196 --- [Shift Scheduler Demo] [           main] org.hibernate.SQL                        : delete from shift_assignments where id=?
Hibernate: delete from shift_assignments where id=?
2025-10-13T15:39:06.850+09:00 DEBUG 18196 --- [Shift Scheduler Demo] [           main] org.hibernate.SQL                        : delete from shift_assignments where id=?
Hibernate: delete from shift_assignments where id=?
2025-10-13T15:39:06.850+09:00 DEBUG 18196 --- [Shift Scheduler Demo] [           main] org.hibernate.SQL                        : delete from shift_assignments where id=?
Hibernate: delete from shift_assignments where id=?
2025-10-13T15:39:06.850+09:00 DEBUG 18196 --- [Shift Scheduler Demo] [           main] org.hibernate.SQL                        : delete from shift_assignments where id=?
Hibernate: delete from shift_assignments where id=?
2025-10-13T15:39:06.850+09:00 DEBUG 18196 --- [Shift Scheduler Demo] [           main] org.hibernate.SQL                        : delete from shift_assignments where id=?
Hibernate: delete from shift_assignments where id=?
2025-10-13T15:39:06.850+09:00 DEBUG 18196 --- [Shift Scheduler Demo] [           main] org.hibernate.SQL                        : delete from shift_assignments where id=?
Hibernate: delete from shift_assignments where id=?
2025-10-13T15:39:06.850+09:00 DEBUG 18196 --- [Shift Scheduler Demo] [           main] org.hibernate.SQL                        : delete from shift_assignments where id=?
Hibernate: delete from shift_assignments where id=?
2025-10-13T15:39:06.852+09:00 DEBUG 18196 --- [Shift Scheduler Demo] [           main] org.hibernate.SQL                        : delete from shift_assignments where id=?
Hibernate: delete from shift_assignments where id=?
2025-10-13T15:39:06.853+09:00 DEBUG 18196 --- [Shift Scheduler Demo] [           main] org.hibernate.SQL                        : delete from shift_assignments where id=?
Hibernate: delete from shift_assignments where id=?
2025-10-13T15:39:06.853+09:00 DEBUG 18196 --- [Shift Scheduler Demo] [           main] org.hibernate.SQL                        : delete from shift_assignments where id=?
Hibernate: delete from shift_assignments where id=?
2025-10-13T15:39:06.854+09:00 DEBUG 18196 --- [Shift Scheduler Demo] [           main] org.hibernate.SQL                        : delete from shift_assignments where id=?
Hibernate: delete from shift_assignments where id=?
2025-10-13T15:39:06.854+09:00 DEBUG 18196 --- [Shift Scheduler Demo] [           main] org.hibernate.SQL                        : delete from shift_assignments where id=?
Hibernate: delete from shift_assignments where id=?
2025-10-13T15:39:06.854+09:00 DEBUG 18196 --- [Shift Scheduler Demo] [           main] org.hibernate.SQL                        : delete from shift_assignments where id=?
Hibernate: delete from shift_assignments where id=?
2025-10-13T15:39:06.856+09:00 DEBUG 18196 --- [Shift Scheduler Demo] [           main] org.hibernate.SQL                        : delete from shift_assignments where id=?
Hibernate: delete from shift_assignments where id=?
2025-10-13T15:39:06.856+09:00 DEBUG 18196 --- [Shift Scheduler Demo] [           main] org.hibernate.SQL                        : delete from shift_assignments where id=?
Hibernate: delete from shift_assignments where id=?
2025-10-13T15:39:06.856+09:00 DEBUG 18196 --- [Shift Scheduler Demo] [           main] org.hibernate.SQL                        : delete from shift_assignments where id=?
Hibernate: delete from shift_assignments where id=?
2025-10-13T15:39:06.856+09:00 DEBUG 18196 --- [Shift Scheduler Demo] [           main] org.hibernate.SQL                        : delete from shift_assignments where id=?
Hibernate: delete from shift_assignments where id=?
2025-10-13T15:39:06.856+09:00 DEBUG 18196 --- [Shift Scheduler Demo] [           main] org.hibernate.SQL                        : delete from shift_assignments where id=?
Hibernate: delete from shift_assignments where id=?
2025-10-13T15:39:06.856+09:00 DEBUG 18196 --- [Shift Scheduler Demo] [           main] org.hibernate.SQL                        : delete from shift_assignments where id=?
Hibernate: delete from shift_assignments where id=?
2025-10-13T15:39:06.856+09:00 DEBUG 18196 --- [Shift Scheduler Demo] [           main] org.hibernate.SQL                        : delete from shift_assignments where id=?
Hibernate: delete from shift_assignments where id=?
2025-10-13T15:39:06.856+09:00 DEBUG 18196 --- [Shift Scheduler Demo] [           main] org.hibernate.SQL                        : delete from shift_assignments where id=?
Hibernate: delete from shift_assignments where id=?
2025-10-13T15:39:06.857+09:00 DEBUG 18196 --- [Shift Scheduler Demo] [           main] org.hibernate.SQL                        : delete from shift_assignments where id=?
Hibernate: delete from shift_assignments where id=?
2025-10-13T15:39:06.857+09:00 DEBUG 18196 --- [Shift Scheduler Demo] [           main] org.hibernate.SQL                        : delete from shift_assignments where id=?
Hibernate: delete from shift_assignments where id=?
2025-10-13T15:39:06.857+09:00 DEBUG 18196 --- [Shift Scheduler Demo] [           main] org.hibernate.SQL                        : delete from shift_assignments where id=?
Hibernate: delete from shift_assignments where id=?
2025-10-13T15:39:06.857+09:00 DEBUG 18196 --- [Shift Scheduler Demo] [           main] org.hibernate.SQL                        : delete from shift_assignments where id=?
Hibernate: delete from shift_assignments where id=?
2025-10-13T15:39:06.857+09:00 DEBUG 18196 --- [Shift Scheduler Demo] [           main] org.hibernate.SQL                        : delete from shift_assignments where id=?
Hibernate: delete from shift_assignments where id=?
2025-10-13T15:39:06.857+09:00 DEBUG 18196 --- [Shift Scheduler Demo] [           main] org.hibernate.SQL                        : delete from shift_assignments where id=?
Hibernate: delete from shift_assignments where id=?
2025-10-13T15:39:06.857+09:00 DEBUG 18196 --- [Shift Scheduler Demo] [           main] org.hibernate.SQL                        : delete from shift_assignments where id=?
Hibernate: delete from shift_assignments where id=?
2025-10-13T15:39:06.857+09:00 DEBUG 18196 --- [Shift Scheduler Demo] [           main] org.hibernate.SQL                        : delete from shift_assignments where id=?
Hibernate: delete from shift_assignments where id=?
2025-10-13T15:39:06.858+09:00 DEBUG 18196 --- [Shift Scheduler Demo] [           main] org.hibernate.SQL                        : delete from shift_assignments where id=?
Hibernate: delete from shift_assignments where id=?
2025-10-13T15:39:06.858+09:00 DEBUG 18196 --- [Shift Scheduler Demo] [           main] org.hibernate.SQL                        : delete from shift_assignments where id=?
Hibernate: delete from shift_assignments where id=?
2025-10-13T15:39:06.858+09:00 DEBUG 18196 --- [Shift Scheduler Demo] [           main] org.hibernate.SQL                        : delete from shift_assignments where id=?
Hibernate: delete from shift_assignments where id=?
2025-10-13T15:39:06.858+09:00 DEBUG 18196 --- [Shift Scheduler Demo] [           main] org.hibernate.SQL                        : delete from shift_assignments where id=?
Hibernate: delete from shift_assignments where id=?
2025-10-13T15:39:06.858+09:00 DEBUG 18196 --- [Shift Scheduler Demo] [           main] org.hibernate.SQL                        : delete from shift_assignments where id=?
Hibernate: delete from shift_assignments where id=?
2025-10-13T15:39:06.858+09:00 DEBUG 18196 --- [Shift Scheduler Demo] [           main] org.hibernate.SQL                        : delete from shift_assignments where id=?
Hibernate: delete from shift_assignments where id=?
2025-10-13T15:39:06.858+09:00 DEBUG 18196 --- [Shift Scheduler Demo] [           main] org.hibernate.SQL                        : delete from shift_assignments where id=?
Hibernate: delete from shift_assignments where id=?
2025-10-13T15:39:06.859+09:00 DEBUG 18196 --- [Shift Scheduler Demo] [           main] org.hibernate.SQL                        : delete from shift_assignments where id=?
Hibernate: delete from shift_assignments where id=?
2025-10-13T15:39:06.859+09:00 DEBUG 18196 --- [Shift Scheduler Demo] [           main] org.hibernate.SQL                        : delete from shift_assignments where id=?
Hibernate: delete from shift_assignments where id=?
2025-10-13T15:39:06.859+09:00 DEBUG 18196 --- [Shift Scheduler Demo] [           main] org.hibernate.SQL                        : delete from shift_assignments where id=?
Hibernate: delete from shift_assignments where id=?
2025-10-13T15:39:06.859+09:00 DEBUG 18196 --- [Shift Scheduler Demo] [           main] org.hibernate.SQL                        : delete from shift_assignments where id=?
Hibernate: delete from shift_assignments where id=?
2025-10-13T15:39:06.859+09:00 DEBUG 18196 --- [Shift Scheduler Demo] [           main] org.hibernate.SQL                        : delete from shift_assignments where id=?
Hibernate: delete from shift_assignments where id=?
2025-10-13T15:39:06.859+09:00 DEBUG 18196 --- [Shift Scheduler Demo] [           main] org.hibernate.SQL                        : delete from shift_assignments where id=?
Hibernate: delete from shift_assignments where id=?
2025-10-13T15:39:06.859+09:00 DEBUG 18196 --- [Shift Scheduler Demo] [           main] org.hibernate.SQL                        : delete from shift_assignments where id=?
Hibernate: delete from shift_assignments where id=?
2025-10-13T15:39:06.859+09:00 DEBUG 18196 --- [Shift Scheduler Demo] [           main] org.hibernate.SQL                        : delete from shift_assignments where id=?
Hibernate: delete from shift_assignments where id=?
2025-10-13T15:39:06.859+09:00 DEBUG 18196 --- [Shift Scheduler Demo] [           main] org.hibernate.SQL                        : delete from shift_assignments where id=?
Hibernate: delete from shift_assignments where id=?
2025-10-13T15:39:06.860+09:00 DEBUG 18196 --- [Shift Scheduler Demo] [           main] org.hibernate.SQL                        : delete from shift_assignments where id=?
Hibernate: delete from shift_assignments where id=?
2025-10-13T15:39:06.860+09:00 DEBUG 18196 --- [Shift Scheduler Demo] [           main] org.hibernate.SQL                        : delete from shift_assignments where id=?
Hibernate: delete from shift_assignments where id=?
2025-10-13T15:39:06.860+09:00 DEBUG 18196 --- [Shift Scheduler Demo] [           main] org.hibernate.SQL                        : delete from shift_assignments where id=?
Hibernate: delete from shift_assignments where id=?
2025-10-13T15:39:06.862+09:00 DEBUG 18196 --- [Shift Scheduler Demo] [           main] org.hibernate.SQL                        : delete from shift_assignments where id=?
Hibernate: delete from shift_assignments where id=?
2025-10-13T15:39:06.866+09:00 DEBUG 18196 --- [Shift Scheduler Demo] [           main] org.hibernate.SQL                        : delete from shift_assignments where id=?
Hibernate: delete from shift_assignments where id=?
2025-10-13T15:39:06.871+09:00 DEBUG 18196 --- [Shift Scheduler Demo] [           main] org.hibernate.SQL                        : delete from shift_assignments where id=?
Hibernate: delete from shift_assignments where id=?
2025-10-13T15:39:06.871+09:00 DEBUG 18196 --- [Shift Scheduler Demo] [           main] org.hibernate.SQL                        : delete from shift_assignments where id=?
Hibernate: delete from shift_assignments where id=?
2025-10-13T15:39:06.878+09:00 DEBUG 18196 --- [Shift Scheduler Demo] [           main] org.hibernate.SQL                        : delete from shift_assignments where id=?
Hibernate: delete from shift_assignments where id=?
2025-10-13T15:39:06.880+09:00 DEBUG 18196 --- [Shift Scheduler Demo] [           main] org.hibernate.SQL                        : delete from shift_assignments where id=?
Hibernate: delete from shift_assignments where id=?
2025-10-13T15:39:06.882+09:00 DEBUG 18196 --- [Shift Scheduler Demo] [           main] org.hibernate.SQL                        : delete from shift_assignments where id=?
Hibernate: delete from shift_assignments where id=?
2025-10-13T15:39:06.882+09:00 DEBUG 18196 --- [Shift Scheduler Demo] [           main] org.hibernate.SQL                        : delete from shift_assignments where id=?
Hibernate: delete from shift_assignments where id=?
2025-10-13T15:39:06.884+09:00 DEBUG 18196 --- [Shift Scheduler Demo] [           main] org.hibernate.SQL                        : delete from shift_assignments where id=?
Hibernate: delete from shift_assignments where id=?
2025-10-13T15:39:06.884+09:00 DEBUG 18196 --- [Shift Scheduler Demo] [           main] org.hibernate.SQL                        : delete from shift_assignments where id=?
Hibernate: delete from shift_assignments where id=?
2025-10-13T15:39:06.886+09:00 DEBUG 18196 --- [Shift Scheduler Demo] [           main] org.hibernate.SQL                        : delete from shift_assignments where id=?
Hibernate: delete from shift_assignments where id=?
2025-10-13T15:39:06.888+09:00 DEBUG 18196 --- [Shift Scheduler Demo] [           main] org.hibernate.SQL                        : delete from shift_assignments where id=?
Hibernate: delete from shift_assignments where id=?
2025-10-13T15:39:06.889+09:00 DEBUG 18196 --- [Shift Scheduler Demo] [           main] org.hibernate.SQL                        : delete from shift_assignments where id=?
Hibernate: delete from shift_assignments where id=?
2025-10-13T15:39:06.889+09:00 DEBUG 18196 --- [Shift Scheduler Demo] [           main] org.hibernate.SQL                        : delete from shift_assignments where id=?
Hibernate: delete from shift_assignments where id=?
2025-10-13T15:39:06.889+09:00 DEBUG 18196 --- [Shift Scheduler Demo] [           main] org.hibernate.SQL                        : delete from shift_assignments where id=?
Hibernate: delete from shift_assignments where id=?
2025-10-13T15:39:06.889+09:00 DEBUG 18196 --- [Shift Scheduler Demo] [           main] org.hibernate.SQL                        : delete from shift_assignments where id=?
Hibernate: delete from shift_assignments where id=?
2025-10-13T15:39:06.890+09:00 DEBUG 18196 --- [Shift Scheduler Demo] [           main] org.hibernate.SQL                        : delete from shift_assignments where id=?
Hibernate: delete from shift_assignments where id=?
2025-10-13T15:39:06.890+09:00 DEBUG 18196 --- [Shift Scheduler Demo] [           main] org.hibernate.SQL                        : delete from shift_assignments where id=?
Hibernate: delete from shift_assignments where id=?
2025-10-13T15:39:06.890+09:00 DEBUG 18196 --- [Shift Scheduler Demo] [           main] org.hibernate.SQL                        : delete from shift_assignments where id=?
Hibernate: delete from shift_assignments where id=?
2025-10-13T15:39:06.890+09:00 DEBUG 18196 --- [Shift Scheduler Demo] [           main] org.hibernate.SQL                        : delete from shift_assignments where id=?
Hibernate: delete from shift_assignments where id=?
2025-10-13T15:39:06.891+09:00 DEBUG 18196 --- [Shift Scheduler Demo] [           main] org.hibernate.SQL                        : delete from shift_assignments where id=?
Hibernate: delete from shift_assignments where id=?
2025-10-13T15:39:06.891+09:00 DEBUG 18196 --- [Shift Scheduler Demo] [           main] org.hibernate.SQL                        : delete from shift_assignments where id=?
Hibernate: delete from shift_assignments where id=?
2025-10-13T15:39:06.891+09:00 DEBUG 18196 --- [Shift Scheduler Demo] [           main] org.hibernate.SQL                        : delete from shift_assignments where id=?
Hibernate: delete from shift_assignments where id=?
2025-10-13T15:39:06.891+09:00 DEBUG 18196 --- [Shift Scheduler Demo] [           main] org.hibernate.SQL                        : delete from shift_assignments where id=?
Hibernate: delete from shift_assignments where id=?
2025-10-13T15:39:06.892+09:00 DEBUG 18196 --- [Shift Scheduler Demo] [           main] org.hibernate.SQL                        : delete from shift_assignments where id=?
Hibernate: delete from shift_assignments where id=?
2025-10-13T15:39:06.892+09:00 DEBUG 18196 --- [Shift Scheduler Demo] [           main] org.hibernate.SQL                        : delete from shift_assignments where id=?
Hibernate: delete from shift_assignments where id=?
2025-10-13T15:39:06.892+09:00 DEBUG 18196 --- [Shift Scheduler Demo] [           main] org.hibernate.SQL                        : delete from shift_assignments where id=?
Hibernate: delete from shift_assignments where id=?
2025-10-13T15:39:06.892+09:00 DEBUG 18196 --- [Shift Scheduler Demo] [           main] org.hibernate.SQL                        : delete from shift_assignments where id=?
Hibernate: delete from shift_assignments where id=?
2025-10-13T15:39:06.892+09:00 DEBUG 18196 --- [Shift Scheduler Demo] [           main] org.hibernate.SQL                        : delete from shift_assignments where id=?
Hibernate: delete from shift_assignments where id=?
2025-10-13T15:39:06.892+09:00 DEBUG 18196 --- [Shift Scheduler Demo] [           main] org.hibernate.SQL                        : delete from shift_assignments where id=?
Hibernate: delete from shift_assignments where id=?
2025-10-13T15:39:06.893+09:00 DEBUG 18196 --- [Shift Scheduler Demo] [           main] org.hibernate.SQL                        : delete from shift_assignments where id=?
Hibernate: delete from shift_assignments where id=?
2025-10-13T15:39:06.893+09:00 DEBUG 18196 --- [Shift Scheduler Demo] [           main] org.hibernate.SQL                        : delete from shift_assignments where id=?
Hibernate: delete from shift_assignments where id=?
2025-10-13T15:39:06.893+09:00 DEBUG 18196 --- [Shift Scheduler Demo] [           main] org.hibernate.SQL                        : delete from shift_assignments where id=?
Hibernate: delete from shift_assignments where id=?
2025-10-13T15:39:06.893+09:00 DEBUG 18196 --- [Shift Scheduler Demo] [           main] org.hibernate.SQL                        : delete from shift_assignments where id=?
Hibernate: delete from shift_assignments where id=?
2025-10-13T15:39:06.894+09:00 DEBUG 18196 --- [Shift Scheduler Demo] [           main] org.hibernate.SQL                        : delete from shift_assignments where id=?
Hibernate: delete from shift_assignments where id=?
2025-10-13T15:39:06.894+09:00 DEBUG 18196 --- [Shift Scheduler Demo] [           main] org.hibernate.SQL                        : delete from shift_assignments where id=?
Hibernate: delete from shift_assignments where id=?
2025-10-13T15:39:06.894+09:00 DEBUG 18196 --- [Shift Scheduler Demo] [           main] org.hibernate.SQL                        : delete from shift_assignments where id=?
Hibernate: delete from shift_assignments where id=?
2025-10-13T15:39:06.894+09:00 DEBUG 18196 --- [Shift Scheduler Demo] [           main] org.hibernate.SQL                        : delete from shift_assignments where id=?
Hibernate: delete from shift_assignments where id=?
2025-10-13T15:39:06.894+09:00 DEBUG 18196 --- [Shift Scheduler Demo] [           main] org.hibernate.SQL                        : delete from shift_assignments where id=?
Hibernate: delete from shift_assignments where id=?
2025-10-13T15:39:06.895+09:00 DEBUG 18196 --- [Shift Scheduler Demo] [           main] org.hibernate.SQL                        : delete from shift_assignments where id=?
Hibernate: delete from shift_assignments where id=?
2025-10-13T15:39:06.895+09:00 DEBUG 18196 --- [Shift Scheduler Demo] [           main] org.hibernate.SQL                        : delete from shift_assignments where id=?
Hibernate: delete from shift_assignments where id=?
2025-10-13T15:39:06.895+09:00 DEBUG 18196 --- [Shift Scheduler Demo] [           main] org.hibernate.SQL                        : delete from shift_assignments where id=?
Hibernate: delete from shift_assignments where id=?
2025-10-13T15:39:06.895+09:00 DEBUG 18196 --- [Shift Scheduler Demo] [           main] org.hibernate.SQL                        : delete from shift_assignments where id=?
Hibernate: delete from shift_assignments where id=?
2025-10-13T15:39:06.896+09:00 DEBUG 18196 --- [Shift Scheduler Demo] [           main] org.hibernate.SQL                        : delete from shift_assignments where id=?
Hibernate: delete from shift_assignments where id=?
2025-10-13T15:39:06.896+09:00 DEBUG 18196 --- [Shift Scheduler Demo] [           main] org.hibernate.SQL                        : delete from shift_assignments where id=?
Hibernate: delete from shift_assignments where id=?
2025-10-13T15:39:06.896+09:00 DEBUG 18196 --- [Shift Scheduler Demo] [           main] org.hibernate.SQL                        : delete from shift_assignments where id=?
Hibernate: delete from shift_assignments where id=?
2025-10-13T15:39:06.897+09:00 DEBUG 18196 --- [Shift Scheduler Demo] [           main] org.hibernate.SQL                        : delete from shift_assignments where id=?
Hibernate: delete from shift_assignments where id=?
2025-10-13T15:39:06.898+09:00 DEBUG 18196 --- [Shift Scheduler Demo] [           main] org.hibernate.SQL                        : delete from shift_assignments where id=?
Hibernate: delete from shift_assignments where id=?
2025-10-13T15:39:06.900+09:00 DEBUG 18196 --- [Shift Scheduler Demo] [           main] org.hibernate.SQL                        : delete from shift_assignments where id=?
Hibernate: delete from shift_assignments where id=?
2025-10-13T15:39:06.901+09:00 DEBUG 18196 --- [Shift Scheduler Demo] [           main] org.hibernate.SQL                        : delete from shift_assignments where id=?
Hibernate: delete from shift_assignments where id=?
2025-10-13T15:39:06.901+09:00 DEBUG 18196 --- [Shift Scheduler Demo] [           main] org.hibernate.SQL                        : delete from shift_assignments where id=?
Hibernate: delete from shift_assignments where id=?
2025-10-13T15:39:06.902+09:00 DEBUG 18196 --- [Shift Scheduler Demo] [           main] org.hibernate.SQL                        : delete from shift_assignments where id=?
Hibernate: delete from shift_assignments where id=?
2025-10-13T15:39:06.902+09:00 DEBUG 18196 --- [Shift Scheduler Demo] [           main] org.hibernate.SQL                        : delete from shift_assignments where id=?
Hibernate: delete from shift_assignments where id=?
2025-10-13T15:39:06.902+09:00 DEBUG 18196 --- [Shift Scheduler Demo] [           main] org.hibernate.SQL                        : delete from shift_assignments where id=?
Hibernate: delete from shift_assignments where id=?
2025-10-13T15:39:06.902+09:00 DEBUG 18196 --- [Shift Scheduler Demo] [           main] org.hibernate.SQL                        : delete from shift_assignments where id=?
Hibernate: delete from shift_assignments where id=?
2025-10-13T15:39:06.902+09:00 DEBUG 18196 --- [Shift Scheduler Demo] [           main] org.hibernate.SQL                        : delete from shift_assignments where id=?
Hibernate: delete from shift_assignments where id=?
2025-10-13T15:39:06.904+09:00 DEBUG 18196 --- [Shift Scheduler Demo] [           main] org.hibernate.SQL                        : delete from shift_assignments where id=?
Hibernate: delete from shift_assignments where id=?
2025-10-13T15:39:06.905+09:00 DEBUG 18196 --- [Shift Scheduler Demo] [           main] org.hibernate.SQL                        : delete from shift_assignments where id=?
Hibernate: delete from shift_assignments where id=?
2025-10-13T15:39:06.905+09:00 DEBUG 18196 --- [Shift Scheduler Demo] [           main] org.hibernate.SQL                        : delete from shift_assignments where id=?
Hibernate: delete from shift_assignments where id=?
2025-10-13T15:39:06.906+09:00 DEBUG 18196 --- [Shift Scheduler Demo] [           main] org.hibernate.SQL                        : delete from shift_assignments where id=?
Hibernate: delete from shift_assignments where id=?
2025-10-13T15:39:06.906+09:00 DEBUG 18196 --- [Shift Scheduler Demo] [           main] org.hibernate.SQL                        : delete from shift_assignments where id=?
Hibernate: delete from shift_assignments where id=?
2025-10-13T15:39:06.907+09:00 DEBUG 18196 --- [Shift Scheduler Demo] [           main] org.hibernate.SQL                        : delete from shift_assignments where id=?
Hibernate: delete from shift_assignments where id=?
2025-10-13T15:39:06.907+09:00 DEBUG 18196 --- [Shift Scheduler Demo] [           main] org.hibernate.SQL                        : delete from shift_assignments where id=?
Hibernate: delete from shift_assignments where id=?
2025-10-13T15:39:06.908+09:00 DEBUG 18196 --- [Shift Scheduler Demo] [           main] org.hibernate.SQL                        : delete from shift_assignments where id=?
Hibernate: delete from shift_assignments where id=?
2025-10-13T15:39:06.909+09:00 DEBUG 18196 --- [Shift Scheduler Demo] [           main] org.hibernate.SQL                        : delete from shift_assignments where id=?
Hibernate: delete from shift_assignments where id=?
2025-10-13T15:39:06.909+09:00 DEBUG 18196 --- [Shift Scheduler Demo] [           main] org.hibernate.SQL                        : delete from shift_assignments where id=?
Hibernate: delete from shift_assignments where id=?
2025-10-13T15:39:06.909+09:00 DEBUG 18196 --- [Shift Scheduler Demo] [           main] org.hibernate.SQL                        : delete from shift_assignments where id=?
Hibernate: delete from shift_assignments where id=?
2025-10-13T15:39:06.909+09:00 DEBUG 18196 --- [Shift Scheduler Demo] [           main] org.hibernate.SQL                        : delete from shift_assignments where id=?
Hibernate: delete from shift_assignments where id=?
2025-10-13T15:39:06.909+09:00 DEBUG 18196 --- [Shift Scheduler Demo] [           main] org.hibernate.SQL                        : delete from shift_assignments where id=?
Hibernate: delete from shift_assignments where id=?
2025-10-13T15:39:06.909+09:00 DEBUG 18196 --- [Shift Scheduler Demo] [           main] org.hibernate.SQL                        : delete from shift_assignments where id=?
Hibernate: delete from shift_assignments where id=?
2025-10-13T15:39:06.910+09:00 DEBUG 18196 --- [Shift Scheduler Demo] [           main] org.hibernate.SQL                        : delete from shift_assignments where id=?
Hibernate: delete from shift_assignments where id=?
2025-10-13T15:39:06.910+09:00 DEBUG 18196 --- [Shift Scheduler Demo] [           main] org.hibernate.SQL                        : delete from shift_assignments where id=?
Hibernate: delete from shift_assignments where id=?
2025-10-13T15:39:06.910+09:00 DEBUG 18196 --- [Shift Scheduler Demo] [           main] org.hibernate.SQL                        : delete from shift_assignments where id=?
Hibernate: delete from shift_assignments where id=?
2025-10-13T15:39:06.910+09:00 DEBUG 18196 --- [Shift Scheduler Demo] [           main] org.hibernate.SQL                        : delete from shift_assignments where id=?
Hibernate: delete from shift_assignments where id=?
2025-10-13T15:39:06.910+09:00 DEBUG 18196 --- [Shift Scheduler Demo] [           main] org.hibernate.SQL                        : delete from shift_assignments where id=?
Hibernate: delete from shift_assignments where id=?
2025-10-13T15:39:06.910+09:00 DEBUG 18196 --- [Shift Scheduler Demo] [           main] org.hibernate.SQL                        : delete from shift_assignments where id=?
Hibernate: delete from shift_assignments where id=?
2025-10-13T15:39:06.910+09:00 DEBUG 18196 --- [Shift Scheduler Demo] [           main] org.hibernate.SQL                        : delete from shift_assignments where id=?
Hibernate: delete from shift_assignments where id=?
2025-10-13T15:39:06.911+09:00 DEBUG 18196 --- [Shift Scheduler Demo] [           main] org.hibernate.SQL                        : delete from shift_assignments where id=?
Hibernate: delete from shift_assignments where id=?
2025-10-13T15:39:06.911+09:00 DEBUG 18196 --- [Shift Scheduler Demo] [           main] org.hibernate.SQL                        : delete from shift_assignments where id=?
Hibernate: delete from shift_assignments where id=?
2025-10-13T15:39:06.911+09:00 DEBUG 18196 --- [Shift Scheduler Demo] [           main] org.hibernate.SQL                        : delete from shift_assignments where id=?
Hibernate: delete from shift_assignments where id=?
2025-10-13T15:39:06.911+09:00 DEBUG 18196 --- [Shift Scheduler Demo] [           main] org.hibernate.SQL                        : delete from shift_assignments where id=?
Hibernate: delete from shift_assignments where id=?
2025-10-13T15:39:06.911+09:00 DEBUG 18196 --- [Shift Scheduler Demo] [           main] org.hibernate.SQL                        : delete from shift_assignments where id=?
Hibernate: delete from shift_assignments where id=?
2025-10-13T15:39:06.911+09:00 DEBUG 18196 --- [Shift Scheduler Demo] [           main] org.hibernate.SQL                        : delete from shift_assignments where id=?
Hibernate: delete from shift_assignments where id=?
2025-10-13T15:39:06.911+09:00 DEBUG 18196 --- [Shift Scheduler Demo] [           main] org.hibernate.SQL                        : delete from shift_assignments where id=?
Hibernate: delete from shift_assignments where id=?
2025-10-13T15:39:06.912+09:00 DEBUG 18196 --- [Shift Scheduler Demo] [           main] org.hibernate.SQL                        : delete from shift_assignments where id=?
Hibernate: delete from shift_assignments where id=?
2025-10-13T15:39:06.912+09:00 DEBUG 18196 --- [Shift Scheduler Demo] [           main] org.hibernate.SQL                        : delete from shift_assignments where id=?
Hibernate: delete from shift_assignments where id=?
2025-10-13T15:39:06.912+09:00 DEBUG 18196 --- [Shift Scheduler Demo] [           main] org.hibernate.SQL                        : delete from shift_assignments where id=?
Hibernate: delete from shift_assignments where id=?
2025-10-13T15:39:06.912+09:00 DEBUG 18196 --- [Shift Scheduler Demo] [           main] org.hibernate.SQL                        : delete from shift_assignments where id=?
Hibernate: delete from shift_assignments where id=?
2025-10-13T15:39:06.912+09:00 DEBUG 18196 --- [Shift Scheduler Demo] [           main] org.hibernate.SQL                        : delete from shift_assignments where id=?
Hibernate: delete from shift_assignments where id=?
2025-10-13T15:39:06.912+09:00 DEBUG 18196 --- [Shift Scheduler Demo] [           main] org.hibernate.SQL                        : delete from shift_assignments where id=?
Hibernate: delete from shift_assignments where id=?
2025-10-13T15:39:06.912+09:00 DEBUG 18196 --- [Shift Scheduler Demo] [           main] org.hibernate.SQL                        : delete from shift_assignments where id=?
Hibernate: delete from shift_assignments where id=?
2025-10-13T15:39:06.913+09:00 DEBUG 18196 --- [Shift Scheduler Demo] [           main] org.hibernate.SQL                        : delete from shift_assignments where id=?
Hibernate: delete from shift_assignments where id=?
2025-10-13T15:39:06.913+09:00 DEBUG 18196 --- [Shift Scheduler Demo] [           main] org.hibernate.SQL                        : delete from shift_assignments where id=?
Hibernate: delete from shift_assignments where id=?
2025-10-13T15:39:06.913+09:00 DEBUG 18196 --- [Shift Scheduler Demo] [           main] org.hibernate.SQL                        : delete from shift_assignments where id=?
Hibernate: delete from shift_assignments where id=?
2025-10-13T15:39:06.913+09:00 DEBUG 18196 --- [Shift Scheduler Demo] [           main] org.hibernate.SQL                        : delete from shift_assignments where id=?
Hibernate: delete from shift_assignments where id=?
2025-10-13T15:39:06.913+09:00 DEBUG 18196 --- [Shift Scheduler Demo] [           main] org.hibernate.SQL                        : delete from shift_assignments where id=?
Hibernate: delete from shift_assignments where id=?
2025-10-13T15:39:06.913+09:00 DEBUG 18196 --- [Shift Scheduler Demo] [           main] org.hibernate.SQL                        : delete from shift_assignments where id=?
Hibernate: delete from shift_assignments where id=?
2025-10-13T15:39:06.913+09:00 DEBUG 18196 --- [Shift Scheduler Demo] [           main] org.hibernate.SQL                        : delete from shift_assignments where id=?
Hibernate: delete from shift_assignments where id=?
2025-10-13T15:39:06.913+09:00 DEBUG 18196 --- [Shift Scheduler Demo] [           main] org.hibernate.SQL                        : delete from shift_assignments where id=?
Hibernate: delete from shift_assignments where id=?
2025-10-13T15:39:06.914+09:00 DEBUG 18196 --- [Shift Scheduler Demo] [           main] org.hibernate.SQL                        : delete from shift_assignments where id=?
Hibernate: delete from shift_assignments where id=?
2025-10-13T15:39:06.914+09:00 DEBUG 18196 --- [Shift Scheduler Demo] [           main] org.hibernate.SQL                        : delete from shift_assignments where id=?
Hibernate: delete from shift_assignments where id=?
2025-10-13T15:39:06.914+09:00 DEBUG 18196 --- [Shift Scheduler Demo] [           main] org.hibernate.SQL                        : delete from shift_assignments where id=?
Hibernate: delete from shift_assignments where id=?
2025-10-13T15:39:06.914+09:00 DEBUG 18196 --- [Shift Scheduler Demo] [           main] org.hibernate.SQL                        : delete from shift_assignments where id=?
Hibernate: delete from shift_assignments where id=?
2025-10-13T15:39:06.914+09:00 DEBUG 18196 --- [Shift Scheduler Demo] [           main] org.hibernate.SQL                        : delete from shift_assignments where id=?
Hibernate: delete from shift_assignments where id=?
2025-10-13T15:39:06.914+09:00 DEBUG 18196 --- [Shift Scheduler Demo] [           main] org.hibernate.SQL                        : delete from shift_assignments where id=?
Hibernate: delete from shift_assignments where id=?
2025-10-13T15:39:06.914+09:00 DEBUG 18196 --- [Shift Scheduler Demo] [           main] org.hibernate.SQL                        : delete from shift_assignments where id=?
Hibernate: delete from shift_assignments where id=?
2025-10-13T15:39:06.914+09:00 DEBUG 18196 --- [Shift Scheduler Demo] [           main] org.hibernate.SQL                        : delete from shift_assignments where id=?
Hibernate: delete from shift_assignments where id=?
2025-10-13T15:39:06.914+09:00 DEBUG 18196 --- [Shift Scheduler Demo] [           main] org.hibernate.SQL                        : delete from shift_assignments where id=?
Hibernate: delete from shift_assignments where id=?
2025-10-13T15:39:06.914+09:00 DEBUG 18196 --- [Shift Scheduler Demo] [           main] org.hibernate.SQL                        : delete from shift_assignments where id=?
Hibernate: delete from shift_assignments where id=?
2025-10-13T15:39:06.914+09:00 DEBUG 18196 --- [Shift Scheduler Demo] [           main] org.hibernate.SQL                        : delete from shift_assignments where id=?
Hibernate: delete from shift_assignments where id=?
2025-10-13T15:39:06.914+09:00 DEBUG 18196 --- [Shift Scheduler Demo] [           main] org.hibernate.SQL                        : delete from shift_assignments where id=?
Hibernate: delete from shift_assignments where id=?
2025-10-13T15:39:06.914+09:00 DEBUG 18196 --- [Shift Scheduler Demo] [           main] org.hibernate.SQL                        : delete from shift_assignments where id=?
Hibernate: delete from shift_assignments where id=?
2025-10-13T15:39:06.915+09:00 DEBUG 18196 --- [Shift Scheduler Demo] [           main] org.hibernate.SQL                        : delete from shift_assignments where id=?
Hibernate: delete from shift_assignments where id=?
2025-10-13T15:39:06.915+09:00 DEBUG 18196 --- [Shift Scheduler Demo] [           main] org.hibernate.SQL                        : delete from shift_assignments where id=?
Hibernate: delete from shift_assignments where id=?
2025-10-13T15:39:06.915+09:00 DEBUG 18196 --- [Shift Scheduler Demo] [           main] org.hibernate.SQL                        : delete from shift_assignments where id=?
Hibernate: delete from shift_assignments where id=?
2025-10-13T15:39:06.915+09:00 DEBUG 18196 --- [Shift Scheduler Demo] [           main] org.hibernate.SQL                        : delete from shift_assignments where id=?
Hibernate: delete from shift_assignments where id=?
2025-10-13T15:39:06.915+09:00 DEBUG 18196 --- [Shift Scheduler Demo] [           main] org.hibernate.SQL                        : delete from shift_assignments where id=?
Hibernate: delete from shift_assignments where id=?
2025-10-13T15:39:06.915+09:00 DEBUG 18196 --- [Shift Scheduler Demo] [           main] org.hibernate.SQL                        : delete from shift_assignments where id=?
Hibernate: delete from shift_assignments where id=?
2025-10-13T15:39:06.915+09:00 DEBUG 18196 --- [Shift Scheduler Demo] [           main] org.hibernate.SQL                        : delete from shift_assignments where id=?
Hibernate: delete from shift_assignments where id=?
2025-10-13T15:39:06.915+09:00 DEBUG 18196 --- [Shift Scheduler Demo] [           main] org.hibernate.SQL                        : delete from shift_assignments where id=?
Hibernate: delete from shift_assignments where id=?
2025-10-13T15:39:06.915+09:00 DEBUG 18196 --- [Shift Scheduler Demo] [           main] org.hibernate.SQL                        : delete from shift_assignments where id=?
Hibernate: delete from shift_assignments where id=?
2025-10-13T15:39:06.915+09:00 DEBUG 18196 --- [Shift Scheduler Demo] [           main] org.hibernate.SQL                        : delete from shift_assignments where id=?
Hibernate: delete from shift_assignments where id=?
2025-10-13T15:39:06.915+09:00 DEBUG 18196 --- [Shift Scheduler Demo] [           main] org.hibernate.SQL                        : delete from shift_assignments where id=?
Hibernate: delete from shift_assignments where id=?
2025-10-13T15:39:06.916+09:00 DEBUG 18196 --- [Shift Scheduler Demo] [           main] org.hibernate.SQL                        : delete from shift_assignments where id=?
Hibernate: delete from shift_assignments where id=?
2025-10-13T15:39:06.916+09:00 DEBUG 18196 --- [Shift Scheduler Demo] [           main] org.hibernate.SQL                        : delete from shift_assignments where id=?
Hibernate: delete from shift_assignments where id=?
2025-10-13T15:39:06.916+09:00 DEBUG 18196 --- [Shift Scheduler Demo] [           main] org.hibernate.SQL                        : delete from shift_assignments where id=?
Hibernate: delete from shift_assignments where id=?
2025-10-13T15:39:06.916+09:00 DEBUG 18196 --- [Shift Scheduler Demo] [           main] org.hibernate.SQL                        : delete from shift_assignments where id=?
Hibernate: delete from shift_assignments where id=?
2025-10-13T15:39:06.916+09:00 DEBUG 18196 --- [Shift Scheduler Demo] [           main] org.hibernate.SQL                        : delete from shift_assignments where id=?
Hibernate: delete from shift_assignments where id=?
2025-10-13T15:39:06.916+09:00 DEBUG 18196 --- [Shift Scheduler Demo] [           main] org.hibernate.SQL                        : delete from shift_assignments where id=?
Hibernate: delete from shift_assignments where id=?
2025-10-13T15:39:06.916+09:00 DEBUG 18196 --- [Shift Scheduler Demo] [           main] org.hibernate.SQL                        : delete from shift_assignments where id=?
Hibernate: delete from shift_assignments where id=?
2025-10-13T15:39:06.916+09:00 DEBUG 18196 --- [Shift Scheduler Demo] [           main] org.hibernate.SQL                        : delete from shift_assignments where id=?
Hibernate: delete from shift_assignments where id=?
2025-10-13T15:39:06.916+09:00 DEBUG 18196 --- [Shift Scheduler Demo] [           main] org.hibernate.SQL                        : delete from shift_assignments where id=?
Hibernate: delete from shift_assignments where id=?
2025-10-13T15:39:06.916+09:00 DEBUG 18196 --- [Shift Scheduler Demo] [           main] org.hibernate.SQL                        : delete from shift_assignments where id=?
Hibernate: delete from shift_assignments where id=?
2025-10-13T15:39:06.916+09:00 DEBUG 18196 --- [Shift Scheduler Demo] [           main] org.hibernate.SQL                        : delete from shift_assignments where id=?
Hibernate: delete from shift_assignments where id=?
2025-10-13T15:39:06.917+09:00 DEBUG 18196 --- [Shift Scheduler Demo] [           main] org.hibernate.SQL                        : delete from shift_assignments where id=?
Hibernate: delete from shift_assignments where id=?
2025-10-13T15:39:06.917+09:00 DEBUG 18196 --- [Shift Scheduler Demo] [           main] org.hibernate.SQL                        : delete from shift_assignments where id=?
Hibernate: delete from shift_assignments where id=?
2025-10-13T15:39:06.918+09:00 DEBUG 18196 --- [Shift Scheduler Demo] [           main] org.hibernate.SQL                        : delete from shift_assignments where id=?
Hibernate: delete from shift_assignments where id=?
2025-10-13T15:39:06.919+09:00 DEBUG 18196 --- [Shift Scheduler Demo] [           main] org.hibernate.SQL                        : delete from shift_assignments where id=?
Hibernate: delete from shift_assignments where id=?
2025-10-13T15:39:06.920+09:00 DEBUG 18196 --- [Shift Scheduler Demo] [           main] org.hibernate.SQL                        : delete from shift_assignments where id=?
Hibernate: delete from shift_assignments where id=?
2025-10-13T15:39:06.920+09:00 DEBUG 18196 --- [Shift Scheduler Demo] [           main] org.hibernate.SQL                        : delete from shift_assignments where id=?
Hibernate: delete from shift_assignments where id=?
2025-10-13T15:39:06.920+09:00 DEBUG 18196 --- [Shift Scheduler Demo] [           main] org.hibernate.SQL                        : delete from shift_assignments where id=?
Hibernate: delete from shift_assignments where id=?
2025-10-13T15:39:06.920+09:00 DEBUG 18196 --- [Shift Scheduler Demo] [           main] org.hibernate.SQL                        : delete from shift_assignments where id=?
Hibernate: delete from shift_assignments where id=?
2025-10-13T15:39:06.920+09:00 DEBUG 18196 --- [Shift Scheduler Demo] [           main] org.hibernate.SQL                        : delete from shift_assignments where id=?
Hibernate: delete from shift_assignments where id=?
2025-10-13T15:39:06.920+09:00 DEBUG 18196 --- [Shift Scheduler Demo] [           main] org.hibernate.SQL                        : delete from shift_assignments where id=?
Hibernate: delete from shift_assignments where id=?
2025-10-13T15:39:06.920+09:00 DEBUG 18196 --- [Shift Scheduler Demo] [           main] org.hibernate.SQL                        : delete from shift_assignments where id=?
Hibernate: delete from shift_assignments where id=?
2025-10-13T15:39:06.920+09:00 DEBUG 18196 --- [Shift Scheduler Demo] [           main] org.hibernate.SQL                        : delete from shift_assignments where id=?
Hibernate: delete from shift_assignments where id=?
2025-10-13T15:39:06.920+09:00 DEBUG 18196 --- [Shift Scheduler Demo] [           main] org.hibernate.SQL                        : delete from shift_assignments where id=?
Hibernate: delete from shift_assignments where id=?
2025-10-13T15:39:06.920+09:00 DEBUG 18196 --- [Shift Scheduler Demo] [           main] org.hibernate.SQL                        : delete from shift_assignments where id=?
Hibernate: delete from shift_assignments where id=?
2025-10-13T15:39:06.921+09:00 DEBUG 18196 --- [Shift Scheduler Demo] [           main] org.hibernate.SQL                        : delete from shift_assignments where id=?
Hibernate: delete from shift_assignments where id=?
2025-10-13T15:39:06.921+09:00 DEBUG 18196 --- [Shift Scheduler Demo] [           main] org.hibernate.SQL                        : delete from shift_assignments where id=?
Hibernate: delete from shift_assignments where id=?
2025-10-13T15:39:06.921+09:00 DEBUG 18196 --- [Shift Scheduler Demo] [           main] org.hibernate.SQL                        : delete from shift_assignments where id=?
Hibernate: delete from shift_assignments where id=?
2025-10-13T15:39:06.921+09:00 DEBUG 18196 --- [Shift Scheduler Demo] [           main] org.hibernate.SQL                        : delete from shift_assignments where id=?
Hibernate: delete from shift_assignments where id=?
2025-10-13T15:39:06.921+09:00 DEBUG 18196 --- [Shift Scheduler Demo] [           main] org.hibernate.SQL                        : delete from shift_assignments where id=?
Hibernate: delete from shift_assignments where id=?
2025-10-13T15:39:06.921+09:00 DEBUG 18196 --- [Shift Scheduler Demo] [           main] org.hibernate.SQL                        : delete from shift_assignments where id=?
Hibernate: delete from shift_assignments where id=?
2025-10-13T15:39:06.921+09:00 DEBUG 18196 --- [Shift Scheduler Demo] [           main] org.hibernate.SQL                        : delete from shift_assignments where id=?
Hibernate: delete from shift_assignments where id=?
2025-10-13T15:39:06.921+09:00 DEBUG 18196 --- [Shift Scheduler Demo] [           main] org.hibernate.SQL                        : delete from shift_assignments where id=?
Hibernate: delete from shift_assignments where id=?
2025-10-13T15:39:06.922+09:00 DEBUG 18196 --- [Shift Scheduler Demo] [           main] org.hibernate.SQL                        : delete from shift_assignments where id=?
Hibernate: delete from shift_assignments where id=?
2025-10-13T15:39:06.923+09:00 DEBUG 18196 --- [Shift Scheduler Demo] [           main] org.hibernate.SQL                        : delete from shift_assignments where id=?
Hibernate: delete from shift_assignments where id=?
2025-10-13T15:39:06.923+09:00 DEBUG 18196 --- [Shift Scheduler Demo] [           main] org.hibernate.SQL                        : delete from shift_assignments where id=?
Hibernate: delete from shift_assignments where id=?
2025-10-13T15:39:06.923+09:00 DEBUG 18196 --- [Shift Scheduler Demo] [           main] org.hibernate.SQL                        : delete from shift_assignments where id=?
Hibernate: delete from shift_assignments where id=?
2025-10-13T15:39:06.923+09:00 DEBUG 18196 --- [Shift Scheduler Demo] [           main] org.hibernate.SQL                        : delete from shift_assignments where id=?
Hibernate: delete from shift_assignments where id=?
2025-10-13T15:39:06.923+09:00 DEBUG 18196 --- [Shift Scheduler Demo] [           main] org.hibernate.SQL                        : delete from shift_assignments where id=?
Hibernate: delete from shift_assignments where id=?
2025-10-13T15:39:06.923+09:00 DEBUG 18196 --- [Shift Scheduler Demo] [           main] org.hibernate.SQL                        : delete from shift_assignments where id=?
Hibernate: delete from shift_assignments where id=?
2025-10-13T15:39:06.923+09:00 DEBUG 18196 --- [Shift Scheduler Demo] [           main] org.hibernate.SQL                        : delete from shift_assignments where id=?
Hibernate: delete from shift_assignments where id=?
2025-10-13T15:39:06.923+09:00 DEBUG 18196 --- [Shift Scheduler Demo] [           main] org.hibernate.SQL                        : delete from shift_assignments where id=?
Hibernate: delete from shift_assignments where id=?
2025-10-13T15:39:06.923+09:00 DEBUG 18196 --- [Shift Scheduler Demo] [           main] org.hibernate.SQL                        : delete from shift_assignments where id=?
Hibernate: delete from shift_assignments where id=?
2025-10-13T15:39:06.923+09:00 DEBUG 18196 --- [Shift Scheduler Demo] [           main] org.hibernate.SQL                        : delete from shift_assignments where id=?
Hibernate: delete from shift_assignments where id=?
2025-10-13T15:39:06.923+09:00 DEBUG 18196 --- [Shift Scheduler Demo] [           main] org.hibernate.SQL                        : delete from shift_assignments where id=?
Hibernate: delete from shift_assignments where id=?
2025-10-13T15:39:06.923+09:00 DEBUG 18196 --- [Shift Scheduler Demo] [           main] org.hibernate.SQL                        : delete from shift_assignments where id=?
Hibernate: delete from shift_assignments where id=?
2025-10-13T15:39:06.923+09:00 DEBUG 18196 --- [Shift Scheduler Demo] [           main] org.hibernate.SQL                        : delete from shift_assignments where id=?
Hibernate: delete from shift_assignments where id=?
2025-10-13T15:39:06.924+09:00 DEBUG 18196 --- [Shift Scheduler Demo] [           main] org.hibernate.SQL                        : delete from shift_assignments where id=?
Hibernate: delete from shift_assignments where id=?
2025-10-13T15:39:06.924+09:00 DEBUG 18196 --- [Shift Scheduler Demo] [           main] org.hibernate.SQL                        : delete from shift_assignments where id=?
Hibernate: delete from shift_assignments where id=?
2025-10-13T15:39:06.924+09:00 DEBUG 18196 --- [Shift Scheduler Demo] [           main] org.hibernate.SQL                        : delete from shift_assignments where id=?
Hibernate: delete from shift_assignments where id=?
2025-10-13T15:39:06.924+09:00 DEBUG 18196 --- [Shift Scheduler Demo] [           main] org.hibernate.SQL                        : delete from shift_assignments where id=?
Hibernate: delete from shift_assignments where id=?
2025-10-13T15:39:06.924+09:00 DEBUG 18196 --- [Shift Scheduler Demo] [           main] org.hibernate.SQL                        : delete from shift_assignments where id=?
Hibernate: delete from shift_assignments where id=?
2025-10-13T15:39:06.924+09:00 DEBUG 18196 --- [Shift Scheduler Demo] [           main] org.hibernate.SQL                        : delete from shift_assignments where id=?
Hibernate: delete from shift_assignments where id=?
2025-10-13T15:39:06.924+09:00 DEBUG 18196 --- [Shift Scheduler Demo] [           main] org.hibernate.SQL                        : delete from shift_assignments where id=?
Hibernate: delete from shift_assignments where id=?
2025-10-13T15:39:06.924+09:00 DEBUG 18196 --- [Shift Scheduler Demo] [           main] org.hibernate.SQL                        : delete from shift_assignments where id=?
Hibernate: delete from shift_assignments where id=?
2025-10-13T15:39:06.924+09:00 DEBUG 18196 --- [Shift Scheduler Demo] [           main] org.hibernate.SQL                        : delete from shift_assignments where id=?
Hibernate: delete from shift_assignments where id=?
2025-10-13T15:39:06.924+09:00 DEBUG 18196 --- [Shift Scheduler Demo] [           main] org.hibernate.SQL                        : delete from shift_assignments where id=?
Hibernate: delete from shift_assignments where id=?
2025-10-13T15:39:06.924+09:00 DEBUG 18196 --- [Shift Scheduler Demo] [           main] org.hibernate.SQL                        : delete from shift_assignments where id=?
Hibernate: delete from shift_assignments where id=?
2025-10-13T15:39:06.924+09:00 DEBUG 18196 --- [Shift Scheduler Demo] [           main] org.hibernate.SQL                        : delete from shift_assignments where id=?
Hibernate: delete from shift_assignments where id=?
2025-10-13T15:39:06.924+09:00 DEBUG 18196 --- [Shift Scheduler Demo] [           main] org.hibernate.SQL                        : delete from shift_assignments where id=?
Hibernate: delete from shift_assignments where id=?
2025-10-13T15:39:06.925+09:00 DEBUG 18196 --- [Shift Scheduler Demo] [           main] org.hibernate.SQL                        : delete from shift_assignments where id=?
Hibernate: delete from shift_assignments where id=?
2025-10-13T15:39:06.927+09:00 DEBUG 18196 --- [Shift Scheduler Demo] [           main] org.hibernate.SQL                        : delete from shift_assignments where id=?
Hibernate: delete from shift_assignments where id=?
2025-10-13T15:39:06.927+09:00 DEBUG 18196 --- [Shift Scheduler Demo] [           main] org.hibernate.SQL                        : delete from shift_assignments where id=?
Hibernate: delete from shift_assignments where id=?
2025-10-13T15:39:06.927+09:00 DEBUG 18196 --- [Shift Scheduler Demo] [           main] org.hibernate.SQL                        : delete from shift_assignments where id=?
Hibernate: delete from shift_assignments where id=?
2025-10-13T15:39:06.927+09:00 DEBUG 18196 --- [Shift Scheduler Demo] [           main] org.hibernate.SQL                        : delete from shift_assignments where id=?
Hibernate: delete from shift_assignments where id=?
2025-10-13T15:39:06.927+09:00 DEBUG 18196 --- [Shift Scheduler Demo] [           main] org.hibernate.SQL                        : delete from shift_assignments where id=?
Hibernate: delete from shift_assignments where id=?
2025-10-13T15:39:06.927+09:00 DEBUG 18196 --- [Shift Scheduler Demo] [           main] org.hibernate.SQL                        : delete from shift_assignments where id=?
Hibernate: delete from shift_assignments where id=?
2025-10-13T15:39:06.927+09:00 DEBUG 18196 --- [Shift Scheduler Demo] [           main] org.hibernate.SQL                        : delete from shift_assignments where id=?
Hibernate: delete from shift_assignments where id=?
2025-10-13T15:39:06.928+09:00 DEBUG 18196 --- [Shift Scheduler Demo] [           main] org.hibernate.SQL                        : delete from shift_assignments where id=?
Hibernate: delete from shift_assignments where id=?
2025-10-13T15:39:06.928+09:00 DEBUG 18196 --- [Shift Scheduler Demo] [           main] org.hibernate.SQL                        : delete from shift_assignments where id=?
Hibernate: delete from shift_assignments where id=?
2025-10-13T15:39:06.928+09:00 DEBUG 18196 --- [Shift Scheduler Demo] [           main] org.hibernate.SQL                        : delete from shift_assignments where id=?
Hibernate: delete from shift_assignments where id=?
2025-10-13T15:39:06.928+09:00 DEBUG 18196 --- [Shift Scheduler Demo] [           main] org.hibernate.SQL                        : delete from shift_assignments where id=?
Hibernate: delete from shift_assignments where id=?
2025-10-13T15:39:06.928+09:00 DEBUG 18196 --- [Shift Scheduler Demo] [           main] org.hibernate.SQL                        : delete from shift_assignments where id=?
Hibernate: delete from shift_assignments where id=?
2025-10-13T15:39:06.928+09:00 DEBUG 18196 --- [Shift Scheduler Demo] [           main] org.hibernate.SQL                        : delete from shift_assignments where id=?
Hibernate: delete from shift_assignments where id=?
2025-10-13T15:39:06.929+09:00 DEBUG 18196 --- [Shift Scheduler Demo] [           main] org.hibernate.SQL                        : delete from shift_assignments where id=?
Hibernate: delete from shift_assignments where id=?
2025-10-13T15:39:06.929+09:00 DEBUG 18196 --- [Shift Scheduler Demo] [           main] org.hibernate.SQL                        : delete from shift_assignments where id=?
Hibernate: delete from shift_assignments where id=?
2025-10-13T15:39:06.929+09:00 DEBUG 18196 --- [Shift Scheduler Demo] [           main] org.hibernate.SQL                        : delete from shift_assignments where id=?
Hibernate: delete from shift_assignments where id=?
2025-10-13T15:39:06.929+09:00 DEBUG 18196 --- [Shift Scheduler Demo] [           main] org.hibernate.SQL                        : delete from shift_assignments where id=?
Hibernate: delete from shift_assignments where id=?
2025-10-13T15:39:06.929+09:00 DEBUG 18196 --- [Shift Scheduler Demo] [           main] org.hibernate.SQL                        : delete from shift_assignments where id=?
Hibernate: delete from shift_assignments where id=?
2025-10-13T15:39:06.929+09:00 DEBUG 18196 --- [Shift Scheduler Demo] [           main] org.hibernate.SQL                        : delete from shift_assignments where id=?
Hibernate: delete from shift_assignments where id=?
2025-10-13T15:39:06.929+09:00 DEBUG 18196 --- [Shift Scheduler Demo] [           main] org.hibernate.SQL                        : delete from shift_assignments where id=?
Hibernate: delete from shift_assignments where id=?
2025-10-13T15:39:06.929+09:00 DEBUG 18196 --- [Shift Scheduler Demo] [           main] org.hibernate.SQL                        : delete from shift_assignments where id=?
Hibernate: delete from shift_assignments where id=?
2025-10-13T15:39:06.929+09:00 DEBUG 18196 --- [Shift Scheduler Demo] [           main] org.hibernate.SQL                        : delete from shift_assignments where id=?
Hibernate: delete from shift_assignments where id=?
2025-10-13T15:39:06.930+09:00 DEBUG 18196 --- [Shift Scheduler Demo] [           main] org.hibernate.SQL                        : delete from shift_assignments where id=?
Hibernate: delete from shift_assignments where id=?
2025-10-13T15:39:06.930+09:00 DEBUG 18196 --- [Shift Scheduler Demo] [           main] org.hibernate.SQL                        : delete from shift_assignments where id=?
Hibernate: delete from shift_assignments where id=?
2025-10-13T15:39:06.930+09:00 DEBUG 18196 --- [Shift Scheduler Demo] [           main] org.hibernate.SQL                        : delete from shift_assignments where id=?
Hibernate: delete from shift_assignments where id=?
2025-10-13T15:39:06.930+09:00 DEBUG 18196 --- [Shift Scheduler Demo] [           main] org.hibernate.SQL                        : delete from shift_assignments where id=?
Hibernate: delete from shift_assignments where id=?
2025-10-13T15:39:06.930+09:00 DEBUG 18196 --- [Shift Scheduler Demo] [           main] org.hibernate.SQL                        : delete from shift_assignments where id=?
Hibernate: delete from shift_assignments where id=?
2025-10-13T15:39:06.930+09:00 DEBUG 18196 --- [Shift Scheduler Demo] [           main] org.hibernate.SQL                        : delete from shift_assignments where id=?
Hibernate: delete from shift_assignments where id=?
2025-10-13T15:39:06.930+09:00 DEBUG 18196 --- [Shift Scheduler Demo] [           main] org.hibernate.SQL                        : delete from shift_assignments where id=?
Hibernate: delete from shift_assignments where id=?
2025-10-13T15:39:06.930+09:00 DEBUG 18196 --- [Shift Scheduler Demo] [           main] org.hibernate.SQL                        : delete from shift_assignments where id=?
Hibernate: delete from shift_assignments where id=?
2025-10-13T15:39:06.931+09:00 DEBUG 18196 --- [Shift Scheduler Demo] [           main] org.hibernate.SQL                        : delete from shift_assignments where id=?
Hibernate: delete from shift_assignments where id=?
2025-10-13T15:39:06.931+09:00 DEBUG 18196 --- [Shift Scheduler Demo] [           main] org.hibernate.SQL                        : delete from shift_assignments where id=?
Hibernate: delete from shift_assignments where id=?
2025-10-13T15:39:06.931+09:00 DEBUG 18196 --- [Shift Scheduler Demo] [           main] org.hibernate.SQL                        : delete from shift_assignments where id=?
Hibernate: delete from shift_assignments where id=?
2025-10-13T15:39:06.931+09:00 DEBUG 18196 --- [Shift Scheduler Demo] [           main] org.hibernate.SQL                        : delete from shift_assignments where id=?
Hibernate: delete from shift_assignments where id=?
2025-10-13T15:39:06.931+09:00 DEBUG 18196 --- [Shift Scheduler Demo] [           main] org.hibernate.SQL                        : delete from shift_assignments where id=?
Hibernate: delete from shift_assignments where id=?
2025-10-13T15:39:06.931+09:00 DEBUG 18196 --- [Shift Scheduler Demo] [           main] org.hibernate.SQL                        : delete from shift_assignments where id=?
Hibernate: delete from shift_assignments where id=?
2025-10-13T15:39:06.931+09:00 DEBUG 18196 --- [Shift Scheduler Demo] [           main] org.hibernate.SQL                        : delete from shift_assignments where id=?
Hibernate: delete from shift_assignments where id=?
2025-10-13T15:39:06.931+09:00 DEBUG 18196 --- [Shift Scheduler Demo] [           main] org.hibernate.SQL                        : delete from shift_assignments where id=?
Hibernate: delete from shift_assignments where id=?
2025-10-13T15:39:06.931+09:00 DEBUG 18196 --- [Shift Scheduler Demo] [           main] org.hibernate.SQL                        : delete from shift_assignments where id=?
Hibernate: delete from shift_assignments where id=?
2025-10-13T15:39:06.932+09:00 DEBUG 18196 --- [Shift Scheduler Demo] [           main] org.hibernate.SQL                        : delete from shift_assignments where id=?
Hibernate: delete from shift_assignments where id=?
2025-10-13T15:39:06.932+09:00 DEBUG 18196 --- [Shift Scheduler Demo] [           main] org.hibernate.SQL                        : delete from shift_assignments where id=?
Hibernate: delete from shift_assignments where id=?
2025-10-13T15:39:06.932+09:00 DEBUG 18196 --- [Shift Scheduler Demo] [           main] org.hibernate.SQL                        : delete from shift_assignments where id=?
Hibernate: delete from shift_assignments where id=?
2025-10-13T15:39:06.932+09:00 DEBUG 18196 --- [Shift Scheduler Demo] [           main] org.hibernate.SQL                        : delete from shift_assignments where id=?
Hibernate: delete from shift_assignments where id=?
2025-10-13T15:39:06.932+09:00 DEBUG 18196 --- [Shift Scheduler Demo] [           main] org.hibernate.SQL                        : delete from shift_assignments where id=?
Hibernate: delete from shift_assignments where id=?
2025-10-13T15:39:06.932+09:00 DEBUG 18196 --- [Shift Scheduler Demo] [           main] org.hibernate.SQL                        : delete from shift_assignments where id=?
Hibernate: delete from shift_assignments where id=?
2025-10-13T15:39:06.932+09:00 DEBUG 18196 --- [Shift Scheduler Demo] [           main] org.hibernate.SQL                        : delete from shift_assignments where id=?
Hibernate: delete from shift_assignments where id=?
2025-10-13T15:39:06.932+09:00 DEBUG 18196 --- [Shift Scheduler Demo] [           main] org.hibernate.SQL                        : delete from shift_assignments where id=?
Hibernate: delete from shift_assignments where id=?
2025-10-13T15:39:06.932+09:00 DEBUG 18196 --- [Shift Scheduler Demo] [           main] org.hibernate.SQL                        : delete from shift_assignments where id=?
Hibernate: delete from shift_assignments where id=?
2025-10-13T15:39:06.932+09:00 DEBUG 18196 --- [Shift Scheduler Demo] [           main] org.hibernate.SQL                        : delete from shift_assignments where id=?
Hibernate: delete from shift_assignments where id=?
2025-10-13T15:39:06.932+09:00 DEBUG 18196 --- [Shift Scheduler Demo] [           main] org.hibernate.SQL                        : delete from shift_assignments where id=?
Hibernate: delete from shift_assignments where id=?
2025-10-13T15:39:06.932+09:00 DEBUG 18196 --- [Shift Scheduler Demo] [           main] org.hibernate.SQL                        : delete from shift_assignments where id=?
Hibernate: delete from shift_assignments where id=?
2025-10-13T15:39:06.932+09:00 DEBUG 18196 --- [Shift Scheduler Demo] [           main] org.hibernate.SQL                        : delete from shift_assignments where id=?
Hibernate: delete from shift_assignments where id=?
2025-10-13T15:39:06.933+09:00 DEBUG 18196 --- [Shift Scheduler Demo] [           main] org.hibernate.SQL                        : delete from shift_assignments where id=?
Hibernate: delete from shift_assignments where id=?
2025-10-13T15:39:06.933+09:00 DEBUG 18196 --- [Shift Scheduler Demo] [           main] org.hibernate.SQL                        : delete from shift_assignments where id=?
Hibernate: delete from shift_assignments where id=?
2025-10-13T15:39:06.933+09:00 DEBUG 18196 --- [Shift Scheduler Demo] [           main] org.hibernate.SQL                        : delete from shift_assignments where id=?
Hibernate: delete from shift_assignments where id=?
2025-10-13T15:39:06.933+09:00 DEBUG 18196 --- [Shift Scheduler Demo] [           main] org.hibernate.SQL                        : delete from shift_assignments where id=?
Hibernate: delete from shift_assignments where id=?
2025-10-13T15:39:06.933+09:00 DEBUG 18196 --- [Shift Scheduler Demo] [           main] org.hibernate.SQL                        : delete from shift_assignments where id=?
Hibernate: delete from shift_assignments where id=?
2025-10-13T15:39:06.933+09:00 DEBUG 18196 --- [Shift Scheduler Demo] [           main] org.hibernate.SQL                        : delete from shift_assignments where id=?
Hibernate: delete from shift_assignments where id=?
2025-10-13T15:39:06.933+09:00 DEBUG 18196 --- [Shift Scheduler Demo] [           main] org.hibernate.SQL                        : delete from shift_assignments where id=?
Hibernate: delete from shift_assignments where id=?
2025-10-13T15:39:06.933+09:00 DEBUG 18196 --- [Shift Scheduler Demo] [           main] org.hibernate.SQL                        : delete from shift_assignments where id=?
Hibernate: delete from shift_assignments where id=?
2025-10-13T15:39:06.933+09:00 DEBUG 18196 --- [Shift Scheduler Demo] [           main] org.hibernate.SQL                        : delete from shift_assignments where id=?
Hibernate: delete from shift_assignments where id=?
2025-10-13T15:39:06.933+09:00 DEBUG 18196 --- [Shift Scheduler Demo] [           main] org.hibernate.SQL                        : delete from shift_assignments where id=?
Hibernate: delete from shift_assignments where id=?
2025-10-13T15:39:06.934+09:00 DEBUG 18196 --- [Shift Scheduler Demo] [           main] org.hibernate.SQL                        : delete from shift_assignments where id=?
Hibernate: delete from shift_assignments where id=?
2025-10-13T15:39:06.934+09:00 DEBUG 18196 --- [Shift Scheduler Demo] [           main] org.hibernate.SQL                        : delete from shift_assignments where id=?
Hibernate: delete from shift_assignments where id=?
2025-10-13T15:39:06.934+09:00 DEBUG 18196 --- [Shift Scheduler Demo] [           main] org.hibernate.SQL                        : delete from shift_assignments where id=?
Hibernate: delete from shift_assignments where id=?
2025-10-13T15:39:06.934+09:00 DEBUG 18196 --- [Shift Scheduler Demo] [           main] org.hibernate.SQL                        : delete from shift_assignments where id=?
Hibernate: delete from shift_assignments where id=?
2025-10-13T15:39:06.934+09:00 DEBUG 18196 --- [Shift Scheduler Demo] [           main] org.hibernate.SQL                        : delete from shift_assignments where id=?
Hibernate: delete from shift_assignments where id=?
2025-10-13T15:39:06.934+09:00 DEBUG 18196 --- [Shift Scheduler Demo] [           main] org.hibernate.SQL                        : delete from shift_assignments where id=?
Hibernate: delete from shift_assignments where id=?
2025-10-13T15:39:06.934+09:00 DEBUG 18196 --- [Shift Scheduler Demo] [           main] org.hibernate.SQL                        : delete from shift_assignments where id=?
Hibernate: delete from shift_assignments where id=?
2025-10-13T15:39:06.934+09:00 DEBUG 18196 --- [Shift Scheduler Demo] [           main] org.hibernate.SQL                        : delete from shift_assignments where id=?
Hibernate: delete from shift_assignments where id=?
2025-10-13T15:39:06.934+09:00 DEBUG 18196 --- [Shift Scheduler Demo] [           main] org.hibernate.SQL                        : delete from shift_assignments where id=?
Hibernate: delete from shift_assignments where id=?
2025-10-13T15:39:06.934+09:00 DEBUG 18196 --- [Shift Scheduler Demo] [           main] org.hibernate.SQL                        : delete from shift_assignments where id=?
Hibernate: delete from shift_assignments where id=?
2025-10-13T15:39:06.934+09:00 DEBUG 18196 --- [Shift Scheduler Demo] [           main] org.hibernate.SQL                        : delete from shift_assignments where id=?
Hibernate: delete from shift_assignments where id=?
2025-10-13T15:39:06.935+09:00 DEBUG 18196 --- [Shift Scheduler Demo] [           main] org.hibernate.SQL                        : delete from shift_assignments where id=?
Hibernate: delete from shift_assignments where id=?
2025-10-13T15:39:06.935+09:00 DEBUG 18196 --- [Shift Scheduler Demo] [           main] org.hibernate.SQL                        : delete from shift_assignments where id=?
Hibernate: delete from shift_assignments where id=?
2025-10-13T15:39:06.935+09:00 DEBUG 18196 --- [Shift Scheduler Demo] [           main] org.hibernate.SQL                        : delete from shift_assignments where id=?
Hibernate: delete from shift_assignments where id=?
2025-10-13T15:39:06.935+09:00 DEBUG 18196 --- [Shift Scheduler Demo] [           main] org.hibernate.SQL                        : delete from shift_assignments where id=?
Hibernate: delete from shift_assignments where id=?
2025-10-13T15:39:06.935+09:00 DEBUG 18196 --- [Shift Scheduler Demo] [           main] org.hibernate.SQL                        : delete from shift_assignments where id=?
Hibernate: delete from shift_assignments where id=?
2025-10-13T15:39:06.935+09:00 DEBUG 18196 --- [Shift Scheduler Demo] [           main] org.hibernate.SQL                        : delete from shift_assignments where id=?
Hibernate: delete from shift_assignments where id=?
2025-10-13T15:39:06.935+09:00 DEBUG 18196 --- [Shift Scheduler Demo] [           main] org.hibernate.SQL                        : delete from shift_assignments where id=?
Hibernate: delete from shift_assignments where id=?
2025-10-13T15:39:06.935+09:00 DEBUG 18196 --- [Shift Scheduler Demo] [           main] org.hibernate.SQL                        : delete from shift_assignments where id=?
Hibernate: delete from shift_assignments where id=?
2025-10-13T15:39:06.935+09:00 DEBUG 18196 --- [Shift Scheduler Demo] [           main] org.hibernate.SQL                        : delete from shift_assignments where id=?
Hibernate: delete from shift_assignments where id=?
2025-10-13T15:39:06.936+09:00 DEBUG 18196 --- [Shift Scheduler Demo] [           main] org.hibernate.SQL                        : delete from shift_assignments where id=?
Hibernate: delete from shift_assignments where id=?
2025-10-13T15:39:06.936+09:00 DEBUG 18196 --- [Shift Scheduler Demo] [           main] org.hibernate.SQL                        : delete from shift_assignments where id=?
Hibernate: delete from shift_assignments where id=?
2025-10-13T15:39:06.936+09:00 DEBUG 18196 --- [Shift Scheduler Demo] [           main] org.hibernate.SQL                        : delete from shift_assignments where id=?
Hibernate: delete from shift_assignments where id=?
2025-10-13T15:39:06.936+09:00 DEBUG 18196 --- [Shift Scheduler Demo] [           main] org.hibernate.SQL                        : delete from shift_assignments where id=?
Hibernate: delete from shift_assignments where id=?
2025-10-13T15:39:06.936+09:00 DEBUG 18196 --- [Shift Scheduler Demo] [           main] org.hibernate.SQL                        : delete from shift_assignments where id=?
Hibernate: delete from shift_assignments where id=?
2025-10-13T15:39:06.936+09:00 DEBUG 18196 --- [Shift Scheduler Demo] [           main] org.hibernate.SQL                        : delete from shift_assignments where id=?
Hibernate: delete from shift_assignments where id=?
2025-10-13T15:39:06.936+09:00 DEBUG 18196 --- [Shift Scheduler Demo] [           main] org.hibernate.SQL                        : delete from shift_assignments where id=?
Hibernate: delete from shift_assignments where id=?
2025-10-13T15:39:06.936+09:00 DEBUG 18196 --- [Shift Scheduler Demo] [           main] org.hibernate.SQL                        : delete from shift_assignments where id=?
Hibernate: delete from shift_assignments where id=?
2025-10-13T15:39:06.936+09:00 DEBUG 18196 --- [Shift Scheduler Demo] [           main] org.hibernate.SQL                        : delete from shift_assignments where id=?
Hibernate: delete from shift_assignments where id=?
2025-10-13T15:39:06.937+09:00 DEBUG 18196 --- [Shift Scheduler Demo] [           main] org.hibernate.SQL                        : delete from shift_assignments where id=?
Hibernate: delete from shift_assignments where id=?
2025-10-13T15:39:06.937+09:00 DEBUG 18196 --- [Shift Scheduler Demo] [           main] org.hibernate.SQL                        : delete from shift_assignments where id=?
Hibernate: delete from shift_assignments where id=?
2025-10-13T15:39:06.937+09:00 DEBUG 18196 --- [Shift Scheduler Demo] [           main] org.hibernate.SQL                        : delete from shift_assignments where id=?
Hibernate: delete from shift_assignments where id=?
2025-10-13T15:39:06.937+09:00 DEBUG 18196 --- [Shift Scheduler Demo] [           main] org.hibernate.SQL                        : delete from shift_assignments where id=?
Hibernate: delete from shift_assignments where id=?
2025-10-13T15:39:06.937+09:00 DEBUG 18196 --- [Shift Scheduler Demo] [           main] org.hibernate.SQL                        : delete from shift_assignments where id=?
Hibernate: delete from shift_assignments where id=?
2025-10-13T15:39:06.937+09:00 DEBUG 18196 --- [Shift Scheduler Demo] [           main] org.hibernate.SQL                        : delete from shift_assignments where id=?
Hibernate: delete from shift_assignments where id=?
2025-10-13T15:39:06.937+09:00 DEBUG 18196 --- [Shift Scheduler Demo] [           main] org.hibernate.SQL                        : delete from shift_assignments where id=?
Hibernate: delete from shift_assignments where id=?
2025-10-13T15:39:06.938+09:00 DEBUG 18196 --- [Shift Scheduler Demo] [           main] org.hibernate.SQL                        : delete from shift_assignments where id=?
Hibernate: delete from shift_assignments where id=?
2025-10-13T15:39:06.938+09:00 DEBUG 18196 --- [Shift Scheduler Demo] [           main] org.hibernate.SQL                        : delete from shift_assignments where id=?
Hibernate: delete from shift_assignments where id=?
2025-10-13T15:39:06.938+09:00 DEBUG 18196 --- [Shift Scheduler Demo] [           main] org.hibernate.SQL                        : delete from shift_assignments where id=?
Hibernate: delete from shift_assignments where id=?
2025-10-13T15:39:06.938+09:00 DEBUG 18196 --- [Shift Scheduler Demo] [           main] org.hibernate.SQL                        : delete from shift_assignments where id=?
Hibernate: delete from shift_assignments where id=?
2025-10-13T15:39:06.938+09:00 DEBUG 18196 --- [Shift Scheduler Demo] [           main] org.hibernate.SQL                        : delete from shift_assignments where id=?
Hibernate: delete from shift_assignments where id=?
2025-10-13T15:39:06.938+09:00 DEBUG 18196 --- [Shift Scheduler Demo] [           main] org.hibernate.SQL                        : delete from shift_assignments where id=?
Hibernate: delete from shift_assignments where id=?
2025-10-13T15:39:06.938+09:00 DEBUG 18196 --- [Shift Scheduler Demo] [           main] org.hibernate.SQL                        : delete from shift_assignments where id=?
Hibernate: delete from shift_assignments where id=?
2025-10-13T15:39:06.938+09:00 DEBUG 18196 --- [Shift Scheduler Demo] [           main] org.hibernate.SQL                        : delete from shift_assignments where id=?
Hibernate: delete from shift_assignments where id=?
2025-10-13T15:39:06.938+09:00 DEBUG 18196 --- [Shift Scheduler Demo] [           main] org.hibernate.SQL                        : delete from shift_assignments where id=?
Hibernate: delete from shift_assignments where id=?
2025-10-13T15:39:06.938+09:00 DEBUG 18196 --- [Shift Scheduler Demo] [           main] org.hibernate.SQL                        : delete from shift_assignments where id=?
Hibernate: delete from shift_assignments where id=?
2025-10-13T15:39:06.939+09:00 DEBUG 18196 --- [Shift Scheduler Demo] [           main] org.hibernate.SQL                        : delete from shift_assignments where id=?
Hibernate: delete from shift_assignments where id=?
2025-10-13T15:39:06.939+09:00 DEBUG 18196 --- [Shift Scheduler Demo] [           main] org.hibernate.SQL                        : delete from shift_assignments where id=?
Hibernate: delete from shift_assignments where id=?
2025-10-13T15:39:06.939+09:00 DEBUG 18196 --- [Shift Scheduler Demo] [           main] org.hibernate.SQL                        : delete from shift_assignments where id=?
Hibernate: delete from shift_assignments where id=?
2025-10-13T15:39:06.939+09:00 DEBUG 18196 --- [Shift Scheduler Demo] [           main] org.hibernate.SQL                        : delete from shift_assignments where id=?
Hibernate: delete from shift_assignments where id=?
2025-10-13T15:39:06.939+09:00 DEBUG 18196 --- [Shift Scheduler Demo] [           main] org.hibernate.SQL                        : delete from shift_assignments where id=?
Hibernate: delete from shift_assignments where id=?
2025-10-13T15:39:06.939+09:00 DEBUG 18196 --- [Shift Scheduler Demo] [           main] org.hibernate.SQL                        : delete from shift_assignments where id=?
Hibernate: delete from shift_assignments where id=?
2025-10-13T15:39:06.939+09:00 DEBUG 18196 --- [Shift Scheduler Demo] [           main] org.hibernate.SQL                        : delete from shift_assignments where id=?
Hibernate: delete from shift_assignments where id=?
2025-10-13T15:39:06.939+09:00 DEBUG 18196 --- [Shift Scheduler Demo] [           main] org.hibernate.SQL                        : delete from shift_assignments where id=?
Hibernate: delete from shift_assignments where id=?
2025-10-13T15:39:06.940+09:00 DEBUG 18196 --- [Shift Scheduler Demo] [           main] org.hibernate.SQL                        : delete from shift_assignments where id=?
Hibernate: delete from shift_assignments where id=?
2025-10-13T15:39:06.940+09:00 DEBUG 18196 --- [Shift Scheduler Demo] [           main] org.hibernate.SQL                        : delete from shift_assignments where id=?
Hibernate: delete from shift_assignments where id=?
2025-10-13T15:39:06.940+09:00 DEBUG 18196 --- [Shift Scheduler Demo] [           main] org.hibernate.SQL                        : delete from shift_assignments where id=?
Hibernate: delete from shift_assignments where id=?
2025-10-13T15:39:06.940+09:00 DEBUG 18196 --- [Shift Scheduler Demo] [           main] org.hibernate.SQL                        : delete from shift_assignments where id=?
Hibernate: delete from shift_assignments where id=?
2025-10-13T15:39:06.940+09:00 DEBUG 18196 --- [Shift Scheduler Demo] [           main] org.hibernate.SQL                        : delete from shift_assignments where id=?
Hibernate: delete from shift_assignments where id=?
2025-10-13T15:39:06.940+09:00 DEBUG 18196 --- [Shift Scheduler Demo] [           main] org.hibernate.SQL                        : delete from shift_assignments where id=?
Hibernate: delete from shift_assignments where id=?
2025-10-13T15:39:06.940+09:00 DEBUG 18196 --- [Shift Scheduler Demo] [           main] org.hibernate.SQL                        : delete from shift_assignments where id=?
Hibernate: delete from shift_assignments where id=?
2025-10-13T15:39:06.940+09:00 DEBUG 18196 --- [Shift Scheduler Demo] [           main] org.hibernate.SQL                        : delete from shift_assignments where id=?
Hibernate: delete from shift_assignments where id=?
2025-10-13T15:39:06.940+09:00 DEBUG 18196 --- [Shift Scheduler Demo] [           main] org.hibernate.SQL                        : delete from shift_assignments where id=?
Hibernate: delete from shift_assignments where id=?
2025-10-13T15:39:06.941+09:00 DEBUG 18196 --- [Shift Scheduler Demo] [           main] org.hibernate.SQL                        : delete from shift_assignments where id=?
Hibernate: delete from shift_assignments where id=?
2025-10-13T15:39:06.941+09:00 DEBUG 18196 --- [Shift Scheduler Demo] [           main] org.hibernate.SQL                        : delete from shift_assignments where id=?
Hibernate: delete from shift_assignments where id=?
2025-10-13T15:39:06.941+09:00 DEBUG 18196 --- [Shift Scheduler Demo] [           main] org.hibernate.SQL                        : delete from shift_assignments where id=?
Hibernate: delete from shift_assignments where id=?
2025-10-13T15:39:06.941+09:00 DEBUG 18196 --- [Shift Scheduler Demo] [           main] org.hibernate.SQL                        : delete from shift_assignments where id=?
Hibernate: delete from shift_assignments where id=?
2025-10-13T15:39:06.941+09:00 DEBUG 18196 --- [Shift Scheduler Demo] [           main] org.hibernate.SQL                        : delete from shift_assignments where id=?
Hibernate: delete from shift_assignments where id=?
2025-10-13T15:39:06.941+09:00 DEBUG 18196 --- [Shift Scheduler Demo] [           main] org.hibernate.SQL                        : delete from shift_assignments where id=?
Hibernate: delete from shift_assignments where id=?
2025-10-13T15:39:06.941+09:00 DEBUG 18196 --- [Shift Scheduler Demo] [           main] org.hibernate.SQL                        : delete from shift_assignments where id=?
Hibernate: delete from shift_assignments where id=?
2025-10-13T15:39:06.941+09:00 DEBUG 18196 --- [Shift Scheduler Demo] [           main] org.hibernate.SQL                        : delete from shift_assignments where id=?
Hibernate: delete from shift_assignments where id=?
2025-10-13T15:39:06.941+09:00 DEBUG 18196 --- [Shift Scheduler Demo] [           main] org.hibernate.SQL                        : delete from shift_assignments where id=?
Hibernate: delete from shift_assignments where id=?
2025-10-13T15:39:06.942+09:00 DEBUG 18196 --- [Shift Scheduler Demo] [           main] org.hibernate.SQL                        : delete from shift_assignments where id=?
Hibernate: delete from shift_assignments where id=?
2025-10-13T15:39:06.942+09:00 DEBUG 18196 --- [Shift Scheduler Demo] [           main] org.hibernate.SQL                        : delete from shift_assignments where id=?
Hibernate: delete from shift_assignments where id=?
2025-10-13T15:39:06.942+09:00 DEBUG 18196 --- [Shift Scheduler Demo] [           main] org.hibernate.SQL                        : delete from shift_assignments where id=?
Hibernate: delete from shift_assignments where id=?
2025-10-13T15:39:06.942+09:00 DEBUG 18196 --- [Shift Scheduler Demo] [           main] org.hibernate.SQL                        : delete from shift_assignments where id=?
Hibernate: delete from shift_assignments where id=?
2025-10-13T15:39:06.942+09:00 DEBUG 18196 --- [Shift Scheduler Demo] [           main] org.hibernate.SQL                        : delete from shift_assignments where id=?
Hibernate: delete from shift_assignments where id=?
2025-10-13T15:39:06.942+09:00 DEBUG 18196 --- [Shift Scheduler Demo] [           main] org.hibernate.SQL                        : delete from shift_assignments where id=?
Hibernate: delete from shift_assignments where id=?
2025-10-13T15:39:06.942+09:00 DEBUG 18196 --- [Shift Scheduler Demo] [           main] org.hibernate.SQL                        : delete from shift_assignments where id=?
Hibernate: delete from shift_assignments where id=?
2025-10-13T15:39:06.942+09:00 DEBUG 18196 --- [Shift Scheduler Demo] [           main] org.hibernate.SQL                        : delete from shift_assignments where id=?
Hibernate: delete from shift_assignments where id=?
2025-10-13T15:39:06.942+09:00 DEBUG 18196 --- [Shift Scheduler Demo] [           main] org.hibernate.SQL                        : delete from shift_assignments where id=?
Hibernate: delete from shift_assignments where id=?
2025-10-13T15:39:06.942+09:00 DEBUG 18196 --- [Shift Scheduler Demo] [           main] org.hibernate.SQL                        : delete from shift_assignments where id=?
Hibernate: delete from shift_assignments where id=?
2025-10-13T15:39:06.942+09:00 DEBUG 18196 --- [Shift Scheduler Demo] [           main] org.hibernate.SQL                        : delete from shift_assignments where id=?
Hibernate: delete from shift_assignments where id=?
2025-10-13T15:39:06.942+09:00 DEBUG 18196 --- [Shift Scheduler Demo] [           main] org.hibernate.SQL                        : delete from shift_assignments where id=?
Hibernate: delete from shift_assignments where id=?
2025-10-13T15:39:06.942+09:00 DEBUG 18196 --- [Shift Scheduler Demo] [           main] org.hibernate.SQL                        : delete from shift_assignments where id=?
Hibernate: delete from shift_assignments where id=?
2025-10-13T15:39:06.943+09:00 DEBUG 18196 --- [Shift Scheduler Demo] [           main] org.hibernate.SQL                        : delete from shift_assignments where id=?
Hibernate: delete from shift_assignments where id=?
2025-10-13T15:39:06.943+09:00 DEBUG 18196 --- [Shift Scheduler Demo] [           main] org.hibernate.SQL                        : delete from shift_assignments where id=?
Hibernate: delete from shift_assignments where id=?
2025-10-13T15:39:06.943+09:00 DEBUG 18196 --- [Shift Scheduler Demo] [           main] org.hibernate.SQL                        : delete from shift_assignments where id=?
Hibernate: delete from shift_assignments where id=?
2025-10-13T15:39:06.943+09:00 DEBUG 18196 --- [Shift Scheduler Demo] [           main] org.hibernate.SQL                        : delete from shift_assignments where id=?
Hibernate: delete from shift_assignments where id=?
2025-10-13T15:39:06.943+09:00 DEBUG 18196 --- [Shift Scheduler Demo] [           main] org.hibernate.SQL                        : delete from shift_assignments where id=?
Hibernate: delete from shift_assignments where id=?
2025-10-13T15:39:06.943+09:00 DEBUG 18196 --- [Shift Scheduler Demo] [           main] org.hibernate.SQL                        : delete from shift_assignments where id=?
Hibernate: delete from shift_assignments where id=?
2025-10-13T15:39:06.943+09:00 DEBUG 18196 --- [Shift Scheduler Demo] [           main] org.hibernate.SQL                        : delete from shift_assignments where id=?
Hibernate: delete from shift_assignments where id=?
2025-10-13T15:39:06.943+09:00 DEBUG 18196 --- [Shift Scheduler Demo] [           main] org.hibernate.SQL                        : delete from shift_assignments where id=?
Hibernate: delete from shift_assignments where id=?
2025-10-13T15:39:06.943+09:00 DEBUG 18196 --- [Shift Scheduler Demo] [           main] org.hibernate.SQL                        : delete from shift_assignments where id=?
Hibernate: delete from shift_assignments where id=?
2025-10-13T15:39:06.943+09:00 DEBUG 18196 --- [Shift Scheduler Demo] [           main] org.hibernate.SQL                        : delete from shift_assignments where id=?
Hibernate: delete from shift_assignments where id=?
2025-10-13T15:39:06.943+09:00 DEBUG 18196 --- [Shift Scheduler Demo] [           main] org.hibernate.SQL                        : delete from shift_assignments where id=?
Hibernate: delete from shift_assignments where id=?
2025-10-13T15:39:06.944+09:00 DEBUG 18196 --- [Shift Scheduler Demo] [           main] org.hibernate.SQL                        : delete from shift_assignments where id=?
Hibernate: delete from shift_assignments where id=?
2025-10-13T15:39:06.944+09:00 DEBUG 18196 --- [Shift Scheduler Demo] [           main] org.hibernate.SQL                        : delete from shift_assignments where id=?
Hibernate: delete from shift_assignments where id=?
2025-10-13T15:39:06.944+09:00 DEBUG 18196 --- [Shift Scheduler Demo] [           main] org.hibernate.SQL                        : delete from shift_assignments where id=?
Hibernate: delete from shift_assignments where id=?
2025-10-13T15:39:06.944+09:00 DEBUG 18196 --- [Shift Scheduler Demo] [           main] org.hibernate.SQL                        : delete from shift_assignments where id=?
Hibernate: delete from shift_assignments where id=?
2025-10-13T15:39:06.944+09:00 DEBUG 18196 --- [Shift Scheduler Demo] [           main] org.hibernate.SQL                        : delete from shift_assignments where id=?
Hibernate: delete from shift_assignments where id=?
2025-10-13T15:39:06.944+09:00 DEBUG 18196 --- [Shift Scheduler Demo] [           main] org.hibernate.SQL                        : delete from shift_assignments where id=?
Hibernate: delete from shift_assignments where id=?
2025-10-13T15:39:06.944+09:00 DEBUG 18196 --- [Shift Scheduler Demo] [           main] org.hibernate.SQL                        : delete from shift_assignments where id=?
Hibernate: delete from shift_assignments where id=?
2025-10-13T15:39:06.944+09:00 DEBUG 18196 --- [Shift Scheduler Demo] [           main] org.hibernate.SQL                        : delete from shift_assignments where id=?
Hibernate: delete from shift_assignments where id=?
2025-10-13T15:39:06.944+09:00 DEBUG 18196 --- [Shift Scheduler Demo] [           main] org.hibernate.SQL                        : delete from shift_assignments where id=?
Hibernate: delete from shift_assignments where id=?
2025-10-13T15:39:06.946+09:00 DEBUG 18196 --- [Shift Scheduler Demo] [           main] org.hibernate.SQL                        : delete from shift_assignments where id=?
Hibernate: delete from shift_assignments where id=?
2025-10-13T15:39:06.946+09:00 DEBUG 18196 --- [Shift Scheduler Demo] [           main] org.hibernate.SQL                        : delete from shift_assignments where id=?
Hibernate: delete from shift_assignments where id=?
2025-10-13T15:39:06.946+09:00 DEBUG 18196 --- [Shift Scheduler Demo] [           main] org.hibernate.SQL                        : delete from shift_assignments where id=?
Hibernate: delete from shift_assignments where id=?
2025-10-13T15:39:06.946+09:00 DEBUG 18196 --- [Shift Scheduler Demo] [           main] org.hibernate.SQL                        : delete from shift_assignments where id=?
Hibernate: delete from shift_assignments where id=?
2025-10-13T15:39:06.946+09:00 DEBUG 18196 --- [Shift Scheduler Demo] [           main] org.hibernate.SQL                        : delete from shift_assignments where id=?
Hibernate: delete from shift_assignments where id=?
2025-10-13T15:39:06.946+09:00 DEBUG 18196 --- [Shift Scheduler Demo] [           main] org.hibernate.SQL                        : delete from shift_assignments where id=?
Hibernate: delete from shift_assignments where id=?
2025-10-13T15:39:06.946+09:00 DEBUG 18196 --- [Shift Scheduler Demo] [           main] org.hibernate.SQL                        : delete from shift_assignments where id=?
Hibernate: delete from shift_assignments where id=?
2025-10-13T15:39:06.946+09:00 DEBUG 18196 --- [Shift Scheduler Demo] [           main] org.hibernate.SQL                        : delete from shift_assignments where id=?
Hibernate: delete from shift_assignments where id=?
2025-10-13T15:39:06.946+09:00 DEBUG 18196 --- [Shift Scheduler Demo] [           main] org.hibernate.SQL                        : delete from shift_assignments where id=?
Hibernate: delete from shift_assignments where id=?
2025-10-13T15:39:06.946+09:00 DEBUG 18196 --- [Shift Scheduler Demo] [           main] org.hibernate.SQL                        : delete from shift_assignments where id=?
Hibernate: delete from shift_assignments where id=?
2025-10-13T15:39:06.947+09:00 DEBUG 18196 --- [Shift Scheduler Demo] [           main] org.hibernate.SQL                        : delete from shift_assignments where id=?
Hibernate: delete from shift_assignments where id=?
2025-10-13T15:39:06.947+09:00 DEBUG 18196 --- [Shift Scheduler Demo] [           main] org.hibernate.SQL                        : delete from shift_assignments where id=?
Hibernate: delete from shift_assignments where id=?
2025-10-13T15:39:06.947+09:00 DEBUG 18196 --- [Shift Scheduler Demo] [           main] org.hibernate.SQL                        : delete from shift_assignments where id=?
Hibernate: delete from shift_assignments where id=?
2025-10-13T15:39:06.947+09:00 DEBUG 18196 --- [Shift Scheduler Demo] [           main] org.hibernate.SQL                        : delete from shift_assignments where id=?
Hibernate: delete from shift_assignments where id=?
2025-10-13T15:39:06.947+09:00 DEBUG 18196 --- [Shift Scheduler Demo] [           main] org.hibernate.SQL                        : delete from shift_assignments where id=?
Hibernate: delete from shift_assignments where id=?
2025-10-13T15:39:06.947+09:00 DEBUG 18196 --- [Shift Scheduler Demo] [           main] org.hibernate.SQL                        : delete from shift_assignments where id=?
Hibernate: delete from shift_assignments where id=?
2025-10-13T15:39:06.947+09:00 DEBUG 18196 --- [Shift Scheduler Demo] [           main] org.hibernate.SQL                        : delete from shift_assignments where id=?
Hibernate: delete from shift_assignments where id=?
2025-10-13T15:39:06.947+09:00 DEBUG 18196 --- [Shift Scheduler Demo] [           main] org.hibernate.SQL                        : delete from shift_assignments where id=?
Hibernate: delete from shift_assignments where id=?
2025-10-13T15:39:06.947+09:00 DEBUG 18196 --- [Shift Scheduler Demo] [           main] org.hibernate.SQL                        : delete from shift_assignments where id=?
Hibernate: delete from shift_assignments where id=?
2025-10-13T15:39:06.947+09:00 DEBUG 18196 --- [Shift Scheduler Demo] [           main] org.hibernate.SQL                        : delete from shift_assignments where id=?
Hibernate: delete from shift_assignments where id=?
2025-10-13T15:39:06.947+09:00 DEBUG 18196 --- [Shift Scheduler Demo] [           main] org.hibernate.SQL                        : delete from shift_assignments where id=?
Hibernate: delete from shift_assignments where id=?
2025-10-13T15:39:06.947+09:00 DEBUG 18196 --- [Shift Scheduler Demo] [           main] org.hibernate.SQL                        : delete from shift_assignments where id=?
Hibernate: delete from shift_assignments where id=?
2025-10-13T15:39:06.947+09:00 DEBUG 18196 --- [Shift Scheduler Demo] [           main] org.hibernate.SQL                        : delete from shift_assignments where id=?
Hibernate: delete from shift_assignments where id=?
2025-10-13T15:39:06.947+09:00 DEBUG 18196 --- [Shift Scheduler Demo] [           main] org.hibernate.SQL                        : delete from shift_assignments where id=?
Hibernate: delete from shift_assignments where id=?
2025-10-13T15:39:06.948+09:00 DEBUG 18196 --- [Shift Scheduler Demo] [           main] org.hibernate.SQL                        : delete from shift_assignments where id=?
Hibernate: delete from shift_assignments where id=?
2025-10-13T15:39:06.948+09:00 DEBUG 18196 --- [Shift Scheduler Demo] [           main] org.hibernate.SQL                        : delete from shift_assignments where id=?
Hibernate: delete from shift_assignments where id=?
2025-10-13T15:39:06.948+09:00 DEBUG 18196 --- [Shift Scheduler Demo] [           main] org.hibernate.SQL                        : delete from shift_assignments where id=?
Hibernate: delete from shift_assignments where id=?
2025-10-13T15:39:06.948+09:00 DEBUG 18196 --- [Shift Scheduler Demo] [           main] org.hibernate.SQL                        : delete from shift_assignments where id=?
Hibernate: delete from shift_assignments where id=?
2025-10-13T15:39:06.948+09:00 DEBUG 18196 --- [Shift Scheduler Demo] [           main] org.hibernate.SQL                        : delete from shift_assignments where id=?
Hibernate: delete from shift_assignments where id=?
2025-10-13T15:39:06.948+09:00 DEBUG 18196 --- [Shift Scheduler Demo] [           main] org.hibernate.SQL                        : delete from shift_assignments where id=?
Hibernate: delete from shift_assignments where id=?
2025-10-13T15:39:06.948+09:00 DEBUG 18196 --- [Shift Scheduler Demo] [           main] org.hibernate.SQL                        : delete from shift_assignments where id=?
Hibernate: delete from shift_assignments where id=?
2025-10-13T15:39:06.948+09:00 DEBUG 18196 --- [Shift Scheduler Demo] [           main] org.hibernate.SQL                        : delete from shift_assignments where id=?
Hibernate: delete from shift_assignments where id=?
2025-10-13T15:39:06.948+09:00 DEBUG 18196 --- [Shift Scheduler Demo] [           main] org.hibernate.SQL                        : delete from shift_assignments where id=?
Hibernate: delete from shift_assignments where id=?
2025-10-13T15:39:06.948+09:00 DEBUG 18196 --- [Shift Scheduler Demo] [           main] org.hibernate.SQL                        : delete from shift_assignments where id=?
Hibernate: delete from shift_assignments where id=?
2025-10-13T15:39:06.948+09:00 DEBUG 18196 --- [Shift Scheduler Demo] [           main] org.hibernate.SQL                        : delete from shift_assignments where id=?
Hibernate: delete from shift_assignments where id=?
2025-10-13T15:39:06.948+09:00 DEBUG 18196 --- [Shift Scheduler Demo] [           main] org.hibernate.SQL                        : delete from shift_assignments where id=?
Hibernate: delete from shift_assignments where id=?
2025-10-13T15:39:06.948+09:00 DEBUG 18196 --- [Shift Scheduler Demo] [           main] org.hibernate.SQL                        : delete from shift_assignments where id=?
Hibernate: delete from shift_assignments where id=?
2025-10-13T15:39:06.948+09:00 DEBUG 18196 --- [Shift Scheduler Demo] [           main] org.hibernate.SQL                        : delete from shift_assignments where id=?
Hibernate: delete from shift_assignments where id=?
2025-10-13T15:39:06.948+09:00 DEBUG 18196 --- [Shift Scheduler Demo] [           main] org.hibernate.SQL                        : delete from shift_assignments where id=?
Hibernate: delete from shift_assignments where id=?
2025-10-13T15:39:06.948+09:00 DEBUG 18196 --- [Shift Scheduler Demo] [           main] org.hibernate.SQL                        : delete from shift_assignments where id=?
Hibernate: delete from shift_assignments where id=?
2025-10-13T15:39:06.948+09:00 DEBUG 18196 --- [Shift Scheduler Demo] [           main] org.hibernate.SQL                        : delete from shift_assignments where id=?
Hibernate: delete from shift_assignments where id=?
2025-10-13T15:39:06.949+09:00 DEBUG 18196 --- [Shift Scheduler Demo] [           main] org.hibernate.SQL                        : delete from shift_assignments where id=?
Hibernate: delete from shift_assignments where id=?
2025-10-13T15:39:06.949+09:00 DEBUG 18196 --- [Shift Scheduler Demo] [           main] org.hibernate.SQL                        : delete from shift_assignments where id=?
Hibernate: delete from shift_assignments where id=?
2025-10-13T15:39:06.949+09:00 DEBUG 18196 --- [Shift Scheduler Demo] [           main] org.hibernate.SQL                        : delete from shift_assignments where id=?
Hibernate: delete from shift_assignments where id=?
2025-10-13T15:39:06.949+09:00 DEBUG 18196 --- [Shift Scheduler Demo] [           main] org.hibernate.SQL                        : delete from shift_assignments where id=?
Hibernate: delete from shift_assignments where id=?
2025-10-13T15:39:06.949+09:00 DEBUG 18196 --- [Shift Scheduler Demo] [           main] org.hibernate.SQL                        : delete from shift_assignments where id=?
Hibernate: delete from shift_assignments where id=?
2025-10-13T15:39:06.949+09:00 DEBUG 18196 --- [Shift Scheduler Demo] [           main] org.hibernate.SQL                        : delete from shift_assignments where id=?
Hibernate: delete from shift_assignments where id=?
2025-10-13T15:39:06.949+09:00 DEBUG 18196 --- [Shift Scheduler Demo] [           main] org.hibernate.SQL                        : delete from shift_assignments where id=?
Hibernate: delete from shift_assignments where id=?
2025-10-13T15:39:06.949+09:00 DEBUG 18196 --- [Shift Scheduler Demo] [           main] org.hibernate.SQL                        : delete from shift_assignments where id=?
Hibernate: delete from shift_assignments where id=?
2025-10-13T15:39:06.949+09:00 DEBUG 18196 --- [Shift Scheduler Demo] [           main] org.hibernate.SQL                        : delete from shift_assignments where id=?
Hibernate: delete from shift_assignments where id=?
2025-10-13T15:39:06.949+09:00 DEBUG 18196 --- [Shift Scheduler Demo] [           main] org.hibernate.SQL                        : delete from shift_assignments where id=?
Hibernate: delete from shift_assignments where id=?
2025-10-13T15:39:06.949+09:00 DEBUG 18196 --- [Shift Scheduler Demo] [           main] org.hibernate.SQL                        : delete from shift_assignments where id=?
Hibernate: delete from shift_assignments where id=?
2025-10-13T15:39:06.949+09:00 DEBUG 18196 --- [Shift Scheduler Demo] [           main] org.hibernate.SQL                        : delete from shift_assignments where id=?
Hibernate: delete from shift_assignments where id=?
2025-10-13T15:39:06.949+09:00 DEBUG 18196 --- [Shift Scheduler Demo] [           main] org.hibernate.SQL                        : delete from shift_assignments where id=?
Hibernate: delete from shift_assignments where id=?
2025-10-13T15:39:06.949+09:00 DEBUG 18196 --- [Shift Scheduler Demo] [           main] org.hibernate.SQL                        : delete from shift_assignments where id=?
Hibernate: delete from shift_assignments where id=?
2025-10-13T15:39:06.949+09:00 DEBUG 18196 --- [Shift Scheduler Demo] [           main] org.hibernate.SQL                        : delete from shift_assignments where id=?
Hibernate: delete from shift_assignments where id=?
2025-10-13T15:39:06.950+09:00 DEBUG 18196 --- [Shift Scheduler Demo] [           main] org.hibernate.SQL                        : delete from shift_assignments where id=?
Hibernate: delete from shift_assignments where id=?
2025-10-13T15:39:06.950+09:00 DEBUG 18196 --- [Shift Scheduler Demo] [           main] org.hibernate.SQL                        : delete from shift_assignments where id=?
Hibernate: delete from shift_assignments where id=?
2025-10-13T15:39:06.950+09:00 DEBUG 18196 --- [Shift Scheduler Demo] [           main] org.hibernate.SQL                        : delete from shift_assignments where id=?
Hibernate: delete from shift_assignments where id=?
2025-10-13T15:39:06.950+09:00 DEBUG 18196 --- [Shift Scheduler Demo] [           main] org.hibernate.SQL                        : delete from shift_assignments where id=?
Hibernate: delete from shift_assignments where id=?
2025-10-13T15:39:06.950+09:00 DEBUG 18196 --- [Shift Scheduler Demo] [           main] org.hibernate.SQL                        : delete from shift_assignments where id=?
Hibernate: delete from shift_assignments where id=?
2025-10-13T15:39:06.950+09:00 DEBUG 18196 --- [Shift Scheduler Demo] [           main] org.hibernate.SQL                        : delete from shift_assignments where id=?
Hibernate: delete from shift_assignments where id=?
2025-10-13T15:39:06.950+09:00 DEBUG 18196 --- [Shift Scheduler Demo] [           main] org.hibernate.SQL                        : delete from shift_assignments where id=?
Hibernate: delete from shift_assignments where id=?
2025-10-13T15:39:06.950+09:00 DEBUG 18196 --- [Shift Scheduler Demo] [           main] org.hibernate.SQL                        : delete from shift_assignments where id=?
Hibernate: delete from shift_assignments where id=?
2025-10-13T15:39:06.950+09:00 DEBUG 18196 --- [Shift Scheduler Demo] [           main] org.hibernate.SQL                        : delete from shift_assignments where id=?
Hibernate: delete from shift_assignments where id=?
2025-10-13T15:39:06.950+09:00 DEBUG 18196 --- [Shift Scheduler Demo] [           main] org.hibernate.SQL                        : delete from shift_assignments where id=?
Hibernate: delete from shift_assignments where id=?
2025-10-13T15:39:06.950+09:00 DEBUG 18196 --- [Shift Scheduler Demo] [           main] org.hibernate.SQL                        : delete from shift_assignments where id=?
Hibernate: delete from shift_assignments where id=?
2025-10-13T15:39:06.950+09:00 DEBUG 18196 --- [Shift Scheduler Demo] [           main] org.hibernate.SQL                        : delete from shift_assignments where id=?
Hibernate: delete from shift_assignments where id=?
2025-10-13T15:39:06.950+09:00 DEBUG 18196 --- [Shift Scheduler Demo] [           main] org.hibernate.SQL                        : delete from shift_assignments where id=?
Hibernate: delete from shift_assignments where id=?
2025-10-13T15:39:06.950+09:00 DEBUG 18196 --- [Shift Scheduler Demo] [           main] org.hibernate.SQL                        : delete from shift_assignments where id=?
Hibernate: delete from shift_assignments where id=?
2025-10-13T15:39:06.950+09:00 DEBUG 18196 --- [Shift Scheduler Demo] [           main] org.hibernate.SQL                        : delete from shift_assignments where id=?
Hibernate: delete from shift_assignments where id=?
2025-10-13T15:39:06.950+09:00 DEBUG 18196 --- [Shift Scheduler Demo] [           main] org.hibernate.SQL                        : delete from shift_assignments where id=?
Hibernate: delete from shift_assignments where id=?
2025-10-13T15:39:06.951+09:00 DEBUG 18196 --- [Shift Scheduler Demo] [           main] org.hibernate.SQL                        : delete from shift_assignments where id=?
Hibernate: delete from shift_assignments where id=?
2025-10-13T15:39:06.951+09:00 DEBUG 18196 --- [Shift Scheduler Demo] [           main] org.hibernate.SQL                        : delete from shift_assignments where id=?
Hibernate: delete from shift_assignments where id=?
2025-10-13T15:39:06.951+09:00 DEBUG 18196 --- [Shift Scheduler Demo] [           main] org.hibernate.SQL                        : delete from shift_assignments where id=?
Hibernate: delete from shift_assignments where id=?
2025-10-13T15:39:06.951+09:00 DEBUG 18196 --- [Shift Scheduler Demo] [           main] org.hibernate.SQL                        : delete from shift_assignments where id=?
Hibernate: delete from shift_assignments where id=?
2025-10-13T15:39:06.951+09:00 DEBUG 18196 --- [Shift Scheduler Demo] [           main] org.hibernate.SQL                        : delete from shift_assignments where id=?
Hibernate: delete from shift_assignments where id=?
2025-10-13T15:39:06.951+09:00 DEBUG 18196 --- [Shift Scheduler Demo] [           main] org.hibernate.SQL                        : delete from shift_assignments where id=?
Hibernate: delete from shift_assignments where id=?
2025-10-13T15:39:06.951+09:00 DEBUG 18196 --- [Shift Scheduler Demo] [           main] org.hibernate.SQL                        : delete from shift_assignments where id=?
Hibernate: delete from shift_assignments where id=?
2025-10-13T15:39:06.951+09:00 DEBUG 18196 --- [Shift Scheduler Demo] [           main] org.hibernate.SQL                        : delete from shift_assignments where id=?
Hibernate: delete from shift_assignments where id=?
2025-10-13T15:39:06.951+09:00 DEBUG 18196 --- [Shift Scheduler Demo] [           main] org.hibernate.SQL                        : delete from shift_assignments where id=?
Hibernate: delete from shift_assignments where id=?
2025-10-13T15:39:06.951+09:00 DEBUG 18196 --- [Shift Scheduler Demo] [           main] org.hibernate.SQL                        : delete from shift_assignments where id=?
Hibernate: delete from shift_assignments where id=?
2025-10-13T15:39:06.951+09:00 DEBUG 18196 --- [Shift Scheduler Demo] [           main] org.hibernate.SQL                        : delete from shift_assignments where id=?
Hibernate: delete from shift_assignments where id=?
2025-10-13T15:39:06.951+09:00 DEBUG 18196 --- [Shift Scheduler Demo] [           main] org.hibernate.SQL                        : delete from shift_assignments where id=?
Hibernate: delete from shift_assignments where id=?
2025-10-13T15:39:06.951+09:00 DEBUG 18196 --- [Shift Scheduler Demo] [           main] org.hibernate.SQL                        : delete from shift_assignments where id=?
Hibernate: delete from shift_assignments where id=?
2025-10-13T15:39:06.951+09:00 DEBUG 18196 --- [Shift Scheduler Demo] [           main] org.hibernate.SQL                        : delete from shift_assignments where id=?
Hibernate: delete from shift_assignments where id=?
2025-10-13T15:39:06.951+09:00 DEBUG 18196 --- [Shift Scheduler Demo] [           main] org.hibernate.SQL                        : delete from shift_assignments where id=?
Hibernate: delete from shift_assignments where id=?
2025-10-13T15:39:06.951+09:00 DEBUG 18196 --- [Shift Scheduler Demo] [           main] org.hibernate.SQL                        : delete from shift_assignments where id=?
Hibernate: delete from shift_assignments where id=?
2025-10-13T15:39:06.951+09:00 DEBUG 18196 --- [Shift Scheduler Demo] [           main] org.hibernate.SQL                        : delete from shift_assignments where id=?
Hibernate: delete from shift_assignments where id=?
2025-10-13T15:39:06.951+09:00 DEBUG 18196 --- [Shift Scheduler Demo] [           main] org.hibernate.SQL                        : delete from shift_assignments where id=?
Hibernate: delete from shift_assignments where id=?
2025-10-13T15:39:06.952+09:00 DEBUG 18196 --- [Shift Scheduler Demo] [           main] org.hibernate.SQL                        : delete from shift_assignments where id=?
Hibernate: delete from shift_assignments where id=?
2025-10-13T15:39:06.952+09:00 DEBUG 18196 --- [Shift Scheduler Demo] [           main] org.hibernate.SQL                        : delete from shift_assignments where id=?
Hibernate: delete from shift_assignments where id=?
2025-10-13T15:39:06.952+09:00 DEBUG 18196 --- [Shift Scheduler Demo] [           main] org.hibernate.SQL                        : delete from shift_assignments where id=?
Hibernate: delete from shift_assignments where id=?
2025-10-13T15:39:06.952+09:00 DEBUG 18196 --- [Shift Scheduler Demo] [           main] org.hibernate.SQL                        : delete from shift_assignments where id=?
Hibernate: delete from shift_assignments where id=?
2025-10-13T15:39:06.952+09:00 DEBUG 18196 --- [Shift Scheduler Demo] [           main] org.hibernate.SQL                        : delete from shift_assignments where id=?
Hibernate: delete from shift_assignments where id=?
2025-10-13T15:39:06.953+09:00 DEBUG 18196 --- [Shift Scheduler Demo] [           main] org.hibernate.SQL                        : delete from shift_assignments where id=?
Hibernate: delete from shift_assignments where id=?
2025-10-13T15:39:06.953+09:00 DEBUG 18196 --- [Shift Scheduler Demo] [           main] org.hibernate.SQL                        : delete from shift_assignments where id=?
Hibernate: delete from shift_assignments where id=?
2025-10-13T15:39:06.953+09:00 DEBUG 18196 --- [Shift Scheduler Demo] [           main] org.hibernate.SQL                        : delete from shift_assignments where id=?
Hibernate: delete from shift_assignments where id=?
2025-10-13T15:39:06.953+09:00 DEBUG 18196 --- [Shift Scheduler Demo] [           main] org.hibernate.SQL                        : delete from shift_assignments where id=?
Hibernate: delete from shift_assignments where id=?
2025-10-13T15:39:06.953+09:00 DEBUG 18196 --- [Shift Scheduler Demo] [           main] org.hibernate.SQL                        : delete from shift_assignments where id=?
Hibernate: delete from shift_assignments where id=?
2025-10-13T15:39:06.953+09:00 DEBUG 18196 --- [Shift Scheduler Demo] [           main] org.hibernate.SQL                        : delete from shift_assignments where id=?
Hibernate: delete from shift_assignments where id=?
2025-10-13T15:39:06.953+09:00 DEBUG 18196 --- [Shift Scheduler Demo] [           main] org.hibernate.SQL                        : delete from shift_assignments where id=?
Hibernate: delete from shift_assignments where id=?
2025-10-13T15:39:06.953+09:00 DEBUG 18196 --- [Shift Scheduler Demo] [           main] org.hibernate.SQL                        : delete from shift_assignments where id=?
Hibernate: delete from shift_assignments where id=?
2025-10-13T15:39:06.953+09:00 DEBUG 18196 --- [Shift Scheduler Demo] [           main] org.hibernate.SQL                        : delete from shift_assignments where id=?
Hibernate: delete from shift_assignments where id=?
2025-10-13T15:39:06.953+09:00 DEBUG 18196 --- [Shift Scheduler Demo] [           main] org.hibernate.SQL                        : delete from shift_assignments where id=?
Hibernate: delete from shift_assignments where id=?
2025-10-13T15:39:06.953+09:00 DEBUG 18196 --- [Shift Scheduler Demo] [           main] org.hibernate.SQL                        : delete from shift_assignments where id=?
Hibernate: delete from shift_assignments where id=?
2025-10-13T15:39:06.953+09:00 DEBUG 18196 --- [Shift Scheduler Demo] [           main] org.hibernate.SQL                        : delete from shift_assignments where id=?
Hibernate: delete from shift_assignments where id=?
2025-10-13T15:39:06.954+09:00 DEBUG 18196 --- [Shift Scheduler Demo] [           main] org.hibernate.SQL                        : delete from shift_assignments where id=?
Hibernate: delete from shift_assignments where id=?
2025-10-13T15:39:06.954+09:00 DEBUG 18196 --- [Shift Scheduler Demo] [           main] org.hibernate.SQL                        : delete from shift_assignments where id=?
Hibernate: delete from shift_assignments where id=?
2025-10-13T15:39:06.954+09:00 DEBUG 18196 --- [Shift Scheduler Demo] [           main] org.hibernate.SQL                        : delete from shift_assignments where id=?
Hibernate: delete from shift_assignments where id=?
2025-10-13T15:39:06.954+09:00 DEBUG 18196 --- [Shift Scheduler Demo] [           main] org.hibernate.SQL                        : delete from shift_assignments where id=?
Hibernate: delete from shift_assignments where id=?
2025-10-13T15:39:06.954+09:00 DEBUG 18196 --- [Shift Scheduler Demo] [           main] org.hibernate.SQL                        : delete from shift_assignments where id=?
Hibernate: delete from shift_assignments where id=?
2025-10-13T15:39:06.955+09:00 DEBUG 18196 --- [Shift Scheduler Demo] [           main] org.hibernate.SQL                        : delete from shift_assignments where id=?
Hibernate: delete from shift_assignments where id=?
2025-10-13T15:39:06.955+09:00 DEBUG 18196 --- [Shift Scheduler Demo] [           main] org.hibernate.SQL                        : delete from shift_assignments where id=?
Hibernate: delete from shift_assignments where id=?
2025-10-13T15:39:06.955+09:00 DEBUG 18196 --- [Shift Scheduler Demo] [           main] org.hibernate.SQL                        : delete from shift_assignments where id=?
Hibernate: delete from shift_assignments where id=?
2025-10-13T15:39:06.955+09:00 DEBUG 18196 --- [Shift Scheduler Demo] [           main] org.hibernate.SQL                        : delete from shift_assignments where id=?
Hibernate: delete from shift_assignments where id=?
2025-10-13T15:39:06.955+09:00 DEBUG 18196 --- [Shift Scheduler Demo] [           main] org.hibernate.SQL                        : delete from shift_assignments where id=?
Hibernate: delete from shift_assignments where id=?
2025-10-13T15:39:06.955+09:00 DEBUG 18196 --- [Shift Scheduler Demo] [           main] org.hibernate.SQL                        : delete from shift_assignments where id=?
Hibernate: delete from shift_assignments where id=?
2025-10-13T15:39:06.955+09:00 DEBUG 18196 --- [Shift Scheduler Demo] [           main] org.hibernate.SQL                        : delete from shift_assignments where id=?
Hibernate: delete from shift_assignments where id=?
2025-10-13T15:39:06.955+09:00 DEBUG 18196 --- [Shift Scheduler Demo] [           main] org.hibernate.SQL                        : delete from shift_assignments where id=?
Hibernate: delete from shift_assignments where id=?
2025-10-13T15:39:06.955+09:00 DEBUG 18196 --- [Shift Scheduler Demo] [           main] org.hibernate.SQL                        : delete from shift_assignments where id=?
Hibernate: delete from shift_assignments where id=?
2025-10-13T15:39:06.955+09:00 DEBUG 18196 --- [Shift Scheduler Demo] [           main] org.hibernate.SQL                        : delete from shift_assignments where id=?
Hibernate: delete from shift_assignments where id=?
2025-10-13T15:39:06.955+09:00 DEBUG 18196 --- [Shift Scheduler Demo] [           main] org.hibernate.SQL                        : delete from shift_assignments where id=?
Hibernate: delete from shift_assignments where id=?
2025-10-13T15:39:06.956+09:00 DEBUG 18196 --- [Shift Scheduler Demo] [           main] org.hibernate.SQL                        : delete from shift_assignments where id=?
Hibernate: delete from shift_assignments where id=?
2025-10-13T15:39:06.957+09:00 DEBUG 18196 --- [Shift Scheduler Demo] [           main] org.hibernate.SQL                        : delete from shift_assignments where id=?
Hibernate: delete from shift_assignments where id=?
2025-10-13T15:39:06.957+09:00 DEBUG 18196 --- [Shift Scheduler Demo] [           main] org.hibernate.SQL                        : delete from shift_assignments where id=?
Hibernate: delete from shift_assignments where id=?
2025-10-13T15:39:06.957+09:00 DEBUG 18196 --- [Shift Scheduler Demo] [           main] org.hibernate.SQL                        : delete from shift_assignments where id=?
Hibernate: delete from shift_assignments where id=?
2025-10-13T15:39:06.957+09:00 DEBUG 18196 --- [Shift Scheduler Demo] [           main] org.hibernate.SQL                        : delete from shift_assignments where id=?
Hibernate: delete from shift_assignments where id=?
2025-10-13T15:39:06.957+09:00 DEBUG 18196 --- [Shift Scheduler Demo] [           main] org.hibernate.SQL                        : delete from shift_assignments where id=?
Hibernate: delete from shift_assignments where id=?
2025-10-13T15:39:06.958+09:00 DEBUG 18196 --- [Shift Scheduler Demo] [           main] org.hibernate.SQL                        : delete from shift_assignments where id=?
Hibernate: delete from shift_assignments where id=?
2025-10-13T15:39:06.958+09:00 DEBUG 18196 --- [Shift Scheduler Demo] [           main] org.hibernate.SQL                        : delete from shift_assignments where id=?
Hibernate: delete from shift_assignments where id=?
2025-10-13T15:39:06.958+09:00 DEBUG 18196 --- [Shift Scheduler Demo] [           main] org.hibernate.SQL                        : delete from shift_assignments where id=?
Hibernate: delete from shift_assignments where id=?
2025-10-13T15:39:06.958+09:00 DEBUG 18196 --- [Shift Scheduler Demo] [           main] org.hibernate.SQL                        : delete from shift_assignments where id=?
Hibernate: delete from shift_assignments where id=?
2025-10-13T15:39:06.958+09:00 DEBUG 18196 --- [Shift Scheduler Demo] [           main] org.hibernate.SQL                        : delete from shift_assignments where id=?
Hibernate: delete from shift_assignments where id=?
2025-10-13T15:39:06.958+09:00 DEBUG 18196 --- [Shift Scheduler Demo] [           main] org.hibernate.SQL                        : delete from shift_assignments where id=?
Hibernate: delete from shift_assignments where id=?
2025-10-13T15:39:06.958+09:00 DEBUG 18196 --- [Shift Scheduler Demo] [           main] org.hibernate.SQL                        : delete from shift_assignments where id=?
Hibernate: delete from shift_assignments where id=?
2025-10-13T15:39:06.958+09:00 DEBUG 18196 --- [Shift Scheduler Demo] [           main] org.hibernate.SQL                        : delete from shift_assignments where id=?
Hibernate: delete from shift_assignments where id=?
2025-10-13T15:39:06.958+09:00 DEBUG 18196 --- [Shift Scheduler Demo] [           main] org.hibernate.SQL                        : delete from shift_assignments where id=?
Hibernate: delete from shift_assignments where id=?
2025-10-13T15:39:06.958+09:00 DEBUG 18196 --- [Shift Scheduler Demo] [           main] org.hibernate.SQL                        : delete from shift_assignments where id=?
Hibernate: delete from shift_assignments where id=?
2025-10-13T15:39:06.958+09:00 DEBUG 18196 --- [Shift Scheduler Demo] [           main] org.hibernate.SQL                        : delete from shift_assignments where id=?
Hibernate: delete from shift_assignments where id=?
2025-10-13T15:39:06.958+09:00 DEBUG 18196 --- [Shift Scheduler Demo] [           main] org.hibernate.SQL                        : delete from shift_assignments where id=?
Hibernate: delete from shift_assignments where id=?
2025-10-13T15:39:06.958+09:00 DEBUG 18196 --- [Shift Scheduler Demo] [           main] org.hibernate.SQL                        : delete from shift_assignments where id=?
Hibernate: delete from shift_assignments where id=?
2025-10-13T15:39:06.958+09:00 DEBUG 18196 --- [Shift Scheduler Demo] [           main] org.hibernate.SQL                        : delete from shift_assignments where id=?
Hibernate: delete from shift_assignments where id=?
2025-10-13T15:39:06.958+09:00 DEBUG 18196 --- [Shift Scheduler Demo] [           main] org.hibernate.SQL                        : delete from shift_assignments where id=?
Hibernate: delete from shift_assignments where id=?
2025-10-13T15:39:06.959+09:00 DEBUG 18196 --- [Shift Scheduler Demo] [           main] org.hibernate.SQL                        : delete from shift_assignments where id=?
Hibernate: delete from shift_assignments where id=?
2025-10-13T15:39:06.959+09:00 DEBUG 18196 --- [Shift Scheduler Demo] [           main] org.hibernate.SQL                        : delete from shift_assignments where id=?
Hibernate: delete from shift_assignments where id=?
2025-10-13T15:39:06.959+09:00 DEBUG 18196 --- [Shift Scheduler Demo] [           main] org.hibernate.SQL                        : delete from shift_assignments where id=?
Hibernate: delete from shift_assignments where id=?
2025-10-13T15:39:06.959+09:00 DEBUG 18196 --- [Shift Scheduler Demo] [           main] org.hibernate.SQL                        : delete from shift_assignments where id=?
Hibernate: delete from shift_assignments where id=?
2025-10-13T15:39:06.959+09:00 DEBUG 18196 --- [Shift Scheduler Demo] [           main] org.hibernate.SQL                        : delete from shift_assignments where id=?
Hibernate: delete from shift_assignments where id=?
2025-10-13T15:39:06.959+09:00 DEBUG 18196 --- [Shift Scheduler Demo] [           main] org.hibernate.SQL                        : delete from shift_assignments where id=?
Hibernate: delete from shift_assignments where id=?
2025-10-13T15:39:06.959+09:00 DEBUG 18196 --- [Shift Scheduler Demo] [           main] org.hibernate.SQL                        : delete from shift_assignments where id=?
Hibernate: delete from shift_assignments where id=?
2025-10-13T15:39:06.959+09:00 DEBUG 18196 --- [Shift Scheduler Demo] [           main] org.hibernate.SQL                        : delete from shift_assignments where id=?
Hibernate: delete from shift_assignments where id=?
2025-10-13T15:39:06.959+09:00 DEBUG 18196 --- [Shift Scheduler Demo] [           main] org.hibernate.SQL                        : delete from shift_assignments where id=?
Hibernate: delete from shift_assignments where id=?
2025-10-13T15:39:06.959+09:00 DEBUG 18196 --- [Shift Scheduler Demo] [           main] org.hibernate.SQL                        : delete from shift_assignments where id=?
Hibernate: delete from shift_assignments where id=?
2025-10-13T15:39:06.960+09:00 DEBUG 18196 --- [Shift Scheduler Demo] [           main] org.hibernate.SQL                        : delete from shift_assignments where id=?
Hibernate: delete from shift_assignments where id=?
2025-10-13T15:39:06.960+09:00 DEBUG 18196 --- [Shift Scheduler Demo] [           main] org.hibernate.SQL                        : delete from shift_assignments where id=?
Hibernate: delete from shift_assignments where id=?
2025-10-13T15:39:06.960+09:00 DEBUG 18196 --- [Shift Scheduler Demo] [           main] org.hibernate.SQL                        : delete from shift_assignments where id=?
Hibernate: delete from shift_assignments where id=?
2025-10-13T15:39:06.960+09:00 DEBUG 18196 --- [Shift Scheduler Demo] [           main] org.hibernate.SQL                        : delete from shift_assignments where id=?
Hibernate: delete from shift_assignments where id=?
2025-10-13T15:39:06.960+09:00 DEBUG 18196 --- [Shift Scheduler Demo] [           main] org.hibernate.SQL                        : delete from shift_assignments where id=?
Hibernate: delete from shift_assignments where id=?
2025-10-13T15:39:06.960+09:00 DEBUG 18196 --- [Shift Scheduler Demo] [           main] org.hibernate.SQL                        : delete from shift_assignments where id=?
Hibernate: delete from shift_assignments where id=?
2025-10-13T15:39:06.960+09:00 DEBUG 18196 --- [Shift Scheduler Demo] [           main] org.hibernate.SQL                        : delete from shift_assignments where id=?
Hibernate: delete from shift_assignments where id=?
2025-10-13T15:39:06.960+09:00 DEBUG 18196 --- [Shift Scheduler Demo] [           main] org.hibernate.SQL                        : delete from shift_assignments where id=?
Hibernate: delete from shift_assignments where id=?
2025-10-13T15:39:06.961+09:00 DEBUG 18196 --- [Shift Scheduler Demo] [           main] org.hibernate.SQL                        : delete from shift_assignments where id=?
Hibernate: delete from shift_assignments where id=?
2025-10-13T15:39:06.961+09:00 DEBUG 18196 --- [Shift Scheduler Demo] [           main] org.hibernate.SQL                        : delete from shift_assignments where id=?
Hibernate: delete from shift_assignments where id=?
2025-10-13T15:39:06.961+09:00 DEBUG 18196 --- [Shift Scheduler Demo] [           main] org.hibernate.SQL                        : delete from shift_assignments where id=?
Hibernate: delete from shift_assignments where id=?
2025-10-13T15:39:06.961+09:00 DEBUG 18196 --- [Shift Scheduler Demo] [           main] org.hibernate.SQL                        : delete from shift_assignments where id=?
Hibernate: delete from shift_assignments where id=?
2025-10-13T15:39:06.961+09:00 DEBUG 18196 --- [Shift Scheduler Demo] [           main] org.hibernate.SQL                        : delete from shift_assignments where id=?
Hibernate: delete from shift_assignments where id=?
2025-10-13T15:39:06.961+09:00 DEBUG 18196 --- [Shift Scheduler Demo] [           main] org.hibernate.SQL                        : delete from shift_assignments where id=?
Hibernate: delete from shift_assignments where id=?
2025-10-13T15:39:06.961+09:00 DEBUG 18196 --- [Shift Scheduler Demo] [           main] org.hibernate.SQL                        : delete from shift_assignments where id=?
Hibernate: delete from shift_assignments where id=?
2025-10-13T15:39:06.961+09:00 DEBUG 18196 --- [Shift Scheduler Demo] [           main] org.hibernate.SQL                        : delete from shift_assignments where id=?
Hibernate: delete from shift_assignments where id=?
2025-10-13T15:39:06.961+09:00 DEBUG 18196 --- [Shift Scheduler Demo] [           main] org.hibernate.SQL                        : delete from shift_assignments where id=?
Hibernate: delete from shift_assignments where id=?
2025-10-13T15:39:06.962+09:00 DEBUG 18196 --- [Shift Scheduler Demo] [           main] org.hibernate.SQL                        : delete from shift_assignments where id=?
Hibernate: delete from shift_assignments where id=?
2025-10-13T15:39:06.962+09:00 DEBUG 18196 --- [Shift Scheduler Demo] [           main] org.hibernate.SQL                        : delete from shift_assignments where id=?
Hibernate: delete from shift_assignments where id=?
2025-10-13T15:39:06.962+09:00 DEBUG 18196 --- [Shift Scheduler Demo] [           main] org.hibernate.SQL                        : delete from shift_assignments where id=?
Hibernate: delete from shift_assignments where id=?
2025-10-13T15:39:06.962+09:00 DEBUG 18196 --- [Shift Scheduler Demo] [           main] org.hibernate.SQL                        : delete from shift_assignments where id=?
Hibernate: delete from shift_assignments where id=?
2025-10-13T15:39:06.962+09:00 DEBUG 18196 --- [Shift Scheduler Demo] [           main] org.hibernate.SQL                        : delete from shift_assignments where id=?
Hibernate: delete from shift_assignments where id=?
2025-10-13T15:39:06.962+09:00 DEBUG 18196 --- [Shift Scheduler Demo] [           main] org.hibernate.SQL                        : delete from shift_assignments where id=?
Hibernate: delete from shift_assignments where id=?
2025-10-13T15:39:06.962+09:00 DEBUG 18196 --- [Shift Scheduler Demo] [           main] org.hibernate.SQL                        : delete from shift_assignments where id=?
Hibernate: delete from shift_assignments where id=?
2025-10-13T15:39:06.962+09:00 DEBUG 18196 --- [Shift Scheduler Demo] [           main] org.hibernate.SQL                        : delete from shift_assignments where id=?
Hibernate: delete from shift_assignments where id=?
2025-10-13T15:39:06.962+09:00 DEBUG 18196 --- [Shift Scheduler Demo] [           main] org.hibernate.SQL                        : delete from shift_assignments where id=?
Hibernate: delete from shift_assignments where id=?
2025-10-13T15:39:06.963+09:00 DEBUG 18196 --- [Shift Scheduler Demo] [           main] org.hibernate.SQL                        : delete from shift_assignments where id=?
Hibernate: delete from shift_assignments where id=?
2025-10-13T15:39:06.963+09:00 DEBUG 18196 --- [Shift Scheduler Demo] [           main] org.hibernate.SQL                        : delete from shift_assignments where id=?
Hibernate: delete from shift_assignments where id=?
2025-10-13T15:39:06.963+09:00 DEBUG 18196 --- [Shift Scheduler Demo] [           main] org.hibernate.SQL                        : delete from shift_assignments where id=?
Hibernate: delete from shift_assignments where id=?
2025-10-13T15:39:06.963+09:00 DEBUG 18196 --- [Shift Scheduler Demo] [           main] org.hibernate.SQL                        : delete from shift_assignments where id=?
Hibernate: delete from shift_assignments where id=?
2025-10-13T15:39:06.963+09:00 DEBUG 18196 --- [Shift Scheduler Demo] [           main] org.hibernate.SQL                        : delete from shift_assignments where id=?
Hibernate: delete from shift_assignments where id=?
2025-10-13T15:39:06.963+09:00 DEBUG 18196 --- [Shift Scheduler Demo] [           main] org.hibernate.SQL                        : delete from shift_assignments where id=?
Hibernate: delete from shift_assignments where id=?
2025-10-13T15:39:06.963+09:00 DEBUG 18196 --- [Shift Scheduler Demo] [           main] org.hibernate.SQL                        : delete from shift_assignments where id=?
Hibernate: delete from shift_assignments where id=?
2025-10-13T15:39:06.963+09:00 DEBUG 18196 --- [Shift Scheduler Demo] [           main] org.hibernate.SQL                        : delete from shift_assignments where id=?
Hibernate: delete from shift_assignments where id=?
2025-10-13T15:39:06.964+09:00 DEBUG 18196 --- [Shift Scheduler Demo] [           main] org.hibernate.SQL                        : delete from shift_assignments where id=?
Hibernate: delete from shift_assignments where id=?
2025-10-13T15:39:06.964+09:00 DEBUG 18196 --- [Shift Scheduler Demo] [           main] org.hibernate.SQL                        : delete from shift_assignments where id=?
Hibernate: delete from shift_assignments where id=?
2025-10-13T15:39:06.964+09:00 DEBUG 18196 --- [Shift Scheduler Demo] [           main] org.hibernate.SQL                        : delete from shift_assignments where id=?
Hibernate: delete from shift_assignments where id=?
2025-10-13T15:39:06.964+09:00 DEBUG 18196 --- [Shift Scheduler Demo] [           main] org.hibernate.SQL                        : delete from shift_assignments where id=?
Hibernate: delete from shift_assignments where id=?
2025-10-13T15:39:06.964+09:00 DEBUG 18196 --- [Shift Scheduler Demo] [           main] org.hibernate.SQL                        : delete from shift_assignments where id=?
Hibernate: delete from shift_assignments where id=?
2025-10-13T15:39:06.964+09:00 DEBUG 18196 --- [Shift Scheduler Demo] [           main] org.hibernate.SQL                        : delete from shift_assignments where id=?
Hibernate: delete from shift_assignments where id=?
2025-10-13T15:39:06.964+09:00 DEBUG 18196 --- [Shift Scheduler Demo] [           main] org.hibernate.SQL                        : delete from shift_assignments where id=?
Hibernate: delete from shift_assignments where id=?
2025-10-13T15:39:06.964+09:00 DEBUG 18196 --- [Shift Scheduler Demo] [           main] org.hibernate.SQL                        : delete from shift_assignments where id=?
Hibernate: delete from shift_assignments where id=?
2025-10-13T15:39:06.964+09:00 DEBUG 18196 --- [Shift Scheduler Demo] [           main] org.hibernate.SQL                        : delete from shift_assignments where id=?
Hibernate: delete from shift_assignments where id=?
2025-10-13T15:39:06.965+09:00 DEBUG 18196 --- [Shift Scheduler Demo] [           main] org.hibernate.SQL                        : delete from shift_assignments where id=?
Hibernate: delete from shift_assignments where id=?
2025-10-13T15:39:06.965+09:00 DEBUG 18196 --- [Shift Scheduler Demo] [           main] org.hibernate.SQL                        : delete from shift_assignments where id=?
Hibernate: delete from shift_assignments where id=?
2025-10-13T15:39:06.965+09:00 DEBUG 18196 --- [Shift Scheduler Demo] [           main] org.hibernate.SQL                        : delete from shift_assignments where id=?
Hibernate: delete from shift_assignments where id=?
2025-10-13T15:39:06.966+09:00 DEBUG 18196 --- [Shift Scheduler Demo] [           main] org.hibernate.SQL                        : delete from shift_assignments where id=?
Hibernate: delete from shift_assignments where id=?
2025-10-13T15:39:06.966+09:00 DEBUG 18196 --- [Shift Scheduler Demo] [           main] org.hibernate.SQL                        : delete from shift_assignments where id=?
Hibernate: delete from shift_assignments where id=?
2025-10-13T15:39:06.966+09:00 DEBUG 18196 --- [Shift Scheduler Demo] [           main] org.hibernate.SQL                        : delete from shift_assignments where id=?
Hibernate: delete from shift_assignments where id=?
2025-10-13T15:39:06.967+09:00 DEBUG 18196 --- [Shift Scheduler Demo] [           main] org.hibernate.SQL                        : delete from shift_assignments where id=?
Hibernate: delete from shift_assignments where id=?
2025-10-13T15:39:06.967+09:00 DEBUG 18196 --- [Shift Scheduler Demo] [           main] org.hibernate.SQL                        : delete from shift_assignments where id=?
Hibernate: delete from shift_assignments where id=?
2025-10-13T15:39:06.967+09:00 DEBUG 18196 --- [Shift Scheduler Demo] [           main] org.hibernate.SQL                        : delete from shift_assignments where id=?
Hibernate: delete from shift_assignments where id=?
2025-10-13T15:39:06.967+09:00 DEBUG 18196 --- [Shift Scheduler Demo] [           main] org.hibernate.SQL                        : delete from shift_assignments where id=?
Hibernate: delete from shift_assignments where id=?
2025-10-13T15:39:06.967+09:00 DEBUG 18196 --- [Shift Scheduler Demo] [           main] org.hibernate.SQL                        : delete from shift_assignments where id=?
Hibernate: delete from shift_assignments where id=?
2025-10-13T15:39:06.967+09:00 DEBUG 18196 --- [Shift Scheduler Demo] [           main] org.hibernate.SQL                        : delete from shift_assignments where id=?
Hibernate: delete from shift_assignments where id=?
2025-10-13T15:39:06.967+09:00 DEBUG 18196 --- [Shift Scheduler Demo] [           main] org.hibernate.SQL                        : delete from shift_assignments where id=?
Hibernate: delete from shift_assignments where id=?
2025-10-13T15:39:06.968+09:00 DEBUG 18196 --- [Shift Scheduler Demo] [           main] org.hibernate.SQL                        : delete from shift_assignments where id=?
Hibernate: delete from shift_assignments where id=?
2025-10-13T15:39:06.968+09:00 DEBUG 18196 --- [Shift Scheduler Demo] [           main] org.hibernate.SQL                        : delete from shift_assignments where id=?
Hibernate: delete from shift_assignments where id=?
2025-10-13T15:39:06.968+09:00 DEBUG 18196 --- [Shift Scheduler Demo] [           main] org.hibernate.SQL                        : delete from shift_assignments where id=?
Hibernate: delete from shift_assignments where id=?
2025-10-13T15:39:06.969+09:00 DEBUG 18196 --- [Shift Scheduler Demo] [           main] org.hibernate.SQL                        : delete from shift_assignments where id=?
Hibernate: delete from shift_assignments where id=?
2025-10-13T15:39:06.969+09:00 DEBUG 18196 --- [Shift Scheduler Demo] [           main] org.hibernate.SQL                        : delete from shift_assignments where id=?
Hibernate: delete from shift_assignments where id=?
2025-10-13T15:39:06.970+09:00 DEBUG 18196 --- [Shift Scheduler Demo] [           main] org.hibernate.SQL                        : delete from shift_assignments where id=?
Hibernate: delete from shift_assignments where id=?
2025-10-13T15:39:06.970+09:00 DEBUG 18196 --- [Shift Scheduler Demo] [           main] org.hibernate.SQL                        : delete from shift_assignments where id=?
Hibernate: delete from shift_assignments where id=?
2025-10-13T15:39:06.970+09:00 DEBUG 18196 --- [Shift Scheduler Demo] [           main] org.hibernate.SQL                        : delete from shift_assignments where id=?
Hibernate: delete from shift_assignments where id=?
2025-10-13T15:39:06.971+09:00 DEBUG 18196 --- [Shift Scheduler Demo] [           main] org.hibernate.SQL                        : delete from shift_assignments where id=?
Hibernate: delete from shift_assignments where id=?
2025-10-13T15:39:06.971+09:00 DEBUG 18196 --- [Shift Scheduler Demo] [           main] org.hibernate.SQL                        : delete from shift_assignments where id=?
Hibernate: delete from shift_assignments where id=?
2025-10-13T15:39:06.971+09:00 DEBUG 18196 --- [Shift Scheduler Demo] [           main] org.hibernate.SQL                        : delete from shift_assignments where id=?
Hibernate: delete from shift_assignments where id=?
2025-10-13T15:39:06.971+09:00 DEBUG 18196 --- [Shift Scheduler Demo] [           main] org.hibernate.SQL                        : delete from shift_assignments where id=?
Hibernate: delete from shift_assignments where id=?
2025-10-13T15:39:06.971+09:00 DEBUG 18196 --- [Shift Scheduler Demo] [           main] org.hibernate.SQL                        : delete from shift_assignments where id=?
Hibernate: delete from shift_assignments where id=?
2025-10-13T15:39:06.971+09:00 DEBUG 18196 --- [Shift Scheduler Demo] [           main] org.hibernate.SQL                        : delete from shift_assignments where id=?
Hibernate: delete from shift_assignments where id=?
2025-10-13T15:39:06.972+09:00 DEBUG 18196 --- [Shift Scheduler Demo] [           main] org.hibernate.SQL                        : delete from shift_assignments where id=?
Hibernate: delete from shift_assignments where id=?
2025-10-13T15:39:06.972+09:00 DEBUG 18196 --- [Shift Scheduler Demo] [           main] org.hibernate.SQL                        : delete from shift_assignments where id=?
Hibernate: delete from shift_assignments where id=?
2025-10-13T15:39:06.972+09:00 DEBUG 18196 --- [Shift Scheduler Demo] [           main] org.hibernate.SQL                        : delete from shift_assignments where id=?
Hibernate: delete from shift_assignments where id=?
2025-10-13T15:39:06.973+09:00 DEBUG 18196 --- [Shift Scheduler Demo] [           main] org.hibernate.SQL                        : delete from shift_assignments where id=?
Hibernate: delete from shift_assignments where id=?
2025-10-13T15:39:06.973+09:00 DEBUG 18196 --- [Shift Scheduler Demo] [           main] org.hibernate.SQL                        : delete from shift_assignments where id=?
Hibernate: delete from shift_assignments where id=?
2025-10-13T15:39:06.973+09:00 DEBUG 18196 --- [Shift Scheduler Demo] [           main] org.hibernate.SQL                        : delete from shift_assignments where id=?
Hibernate: delete from shift_assignments where id=?
2025-10-13T15:39:06.973+09:00 DEBUG 18196 --- [Shift Scheduler Demo] [           main] org.hibernate.SQL                        : delete from shift_assignments where id=?
Hibernate: delete from shift_assignments where id=?
2025-10-13T15:39:06.973+09:00 DEBUG 18196 --- [Shift Scheduler Demo] [           main] org.hibernate.SQL                        : delete from shift_assignments where id=?
Hibernate: delete from shift_assignments where id=?
2025-10-13T15:39:06.975+09:00 DEBUG 18196 --- [Shift Scheduler Demo] [           main] org.hibernate.SQL                        : delete from shift_assignments where id=?
Hibernate: delete from shift_assignments where id=?
2025-10-13T15:39:06.975+09:00 DEBUG 18196 --- [Shift Scheduler Demo] [           main] org.hibernate.SQL                        : delete from shift_assignments where id=?
Hibernate: delete from shift_assignments where id=?
2025-10-13T15:39:06.975+09:00 DEBUG 18196 --- [Shift Scheduler Demo] [           main] org.hibernate.SQL                        : delete from shift_assignments where id=?
Hibernate: delete from shift_assignments where id=?
2025-10-13T15:39:06.975+09:00 DEBUG 18196 --- [Shift Scheduler Demo] [           main] org.hibernate.SQL                        : delete from shift_assignments where id=?
Hibernate: delete from shift_assignments where id=?
2025-10-13T15:39:06.976+09:00 DEBUG 18196 --- [Shift Scheduler Demo] [           main] org.hibernate.SQL                        : delete from shift_assignments where id=?
Hibernate: delete from shift_assignments where id=?
2025-10-13T15:39:06.976+09:00 DEBUG 18196 --- [Shift Scheduler Demo] [           main] org.hibernate.SQL                        : delete from shift_assignments where id=?
Hibernate: delete from shift_assignments where id=?
2025-10-13T15:39:06.976+09:00 DEBUG 18196 --- [Shift Scheduler Demo] [           main] org.hibernate.SQL                        : delete from shift_assignments where id=?
Hibernate: delete from shift_assignments where id=?
2025-10-13T15:39:06.976+09:00 DEBUG 18196 --- [Shift Scheduler Demo] [           main] org.hibernate.SQL                        : delete from shift_assignments where id=?
Hibernate: delete from shift_assignments where id=?
2025-10-13T15:39:06.976+09:00 DEBUG 18196 --- [Shift Scheduler Demo] [           main] org.hibernate.SQL                        : delete from shift_assignments where id=?
Hibernate: delete from shift_assignments where id=?
2025-10-13T15:39:06.976+09:00 DEBUG 18196 --- [Shift Scheduler Demo] [           main] org.hibernate.SQL                        : delete from shift_assignments where id=?
Hibernate: delete from shift_assignments where id=?
2025-10-13T15:39:06.976+09:00 DEBUG 18196 --- [Shift Scheduler Demo] [           main] org.hibernate.SQL                        : delete from shift_assignments where id=?
Hibernate: delete from shift_assignments where id=?
2025-10-13T15:39:06.976+09:00 DEBUG 18196 --- [Shift Scheduler Demo] [           main] org.hibernate.SQL                        : delete from shift_assignments where id=?
Hibernate: delete from shift_assignments where id=?
2025-10-13T15:39:06.976+09:00 DEBUG 18196 --- [Shift Scheduler Demo] [           main] org.hibernate.SQL                        : delete from shift_assignments where id=?
Hibernate: delete from shift_assignments where id=?
2025-10-13T15:39:06.976+09:00 DEBUG 18196 --- [Shift Scheduler Demo] [           main] org.hibernate.SQL                        : delete from shift_assignments where id=?
Hibernate: delete from shift_assignments where id=?
2025-10-13T15:39:06.977+09:00 DEBUG 18196 --- [Shift Scheduler Demo] [           main] org.hibernate.SQL                        : delete from shift_assignments where id=?
Hibernate: delete from shift_assignments where id=?
2025-10-13T15:39:06.977+09:00 DEBUG 18196 --- [Shift Scheduler Demo] [           main] org.hibernate.SQL                        : delete from shift_assignments where id=?
Hibernate: delete from shift_assignments where id=?
2025-10-13T15:39:06.977+09:00 DEBUG 18196 --- [Shift Scheduler Demo] [           main] org.hibernate.SQL                        : delete from shift_assignments where id=?
Hibernate: delete from shift_assignments where id=?
2025-10-13T15:39:06.977+09:00 DEBUG 18196 --- [Shift Scheduler Demo] [           main] org.hibernate.SQL                        : delete from shift_assignments where id=?
Hibernate: delete from shift_assignments where id=?
2025-10-13T15:39:06.977+09:00 DEBUG 18196 --- [Shift Scheduler Demo] [           main] org.hibernate.SQL                        : delete from shift_assignments where id=?
Hibernate: delete from shift_assignments where id=?
2025-10-13T15:39:06.977+09:00 DEBUG 18196 --- [Shift Scheduler Demo] [           main] org.hibernate.SQL                        : delete from shift_assignments where id=?
Hibernate: delete from shift_assignments where id=?
2025-10-13T15:39:06.977+09:00 DEBUG 18196 --- [Shift Scheduler Demo] [           main] org.hibernate.SQL                        : delete from shift_assignments where id=?
Hibernate: delete from shift_assignments where id=?
2025-10-13T15:39:06.978+09:00 DEBUG 18196 --- [Shift Scheduler Demo] [           main] org.hibernate.SQL                        : delete from shift_assignments where id=?
Hibernate: delete from shift_assignments where id=?
2025-10-13T15:39:06.978+09:00 DEBUG 18196 --- [Shift Scheduler Demo] [           main] org.hibernate.SQL                        : delete from shift_assignments where id=?
Hibernate: delete from shift_assignments where id=?
2025-10-13T15:39:06.978+09:00 DEBUG 18196 --- [Shift Scheduler Demo] [           main] org.hibernate.SQL                        : delete from shift_assignments where id=?
Hibernate: delete from shift_assignments where id=?
2025-10-13T15:39:06.978+09:00 DEBUG 18196 --- [Shift Scheduler Demo] [           main] org.hibernate.SQL                        : delete from shift_assignments where id=?
Hibernate: delete from shift_assignments where id=?
2025-10-13T15:39:06.978+09:00 DEBUG 18196 --- [Shift Scheduler Demo] [           main] org.hibernate.SQL                        : delete from shift_assignments where id=?
Hibernate: delete from shift_assignments where id=?
2025-10-13T15:39:06.978+09:00 DEBUG 18196 --- [Shift Scheduler Demo] [           main] org.hibernate.SQL                        : delete from shift_assignments where id=?
Hibernate: delete from shift_assignments where id=?
2025-10-13T15:39:06.978+09:00 DEBUG 18196 --- [Shift Scheduler Demo] [           main] org.hibernate.SQL                        : delete from shift_assignments where id=?
Hibernate: delete from shift_assignments where id=?
2025-10-13T15:39:06.978+09:00 DEBUG 18196 --- [Shift Scheduler Demo] [           main] org.hibernate.SQL                        : delete from shift_assignments where id=?
Hibernate: delete from shift_assignments where id=?
2025-10-13T15:39:06.978+09:00 DEBUG 18196 --- [Shift Scheduler Demo] [           main] org.hibernate.SQL                        : delete from shift_assignments where id=?
Hibernate: delete from shift_assignments where id=?
2025-10-13T15:39:06.978+09:00 DEBUG 18196 --- [Shift Scheduler Demo] [           main] org.hibernate.SQL                        : delete from shift_assignments where id=?
Hibernate: delete from shift_assignments where id=?
2025-10-13T15:39:06.978+09:00 DEBUG 18196 --- [Shift Scheduler Demo] [           main] org.hibernate.SQL                        : delete from shift_assignments where id=?
Hibernate: delete from shift_assignments where id=?
2025-10-13T15:39:06.978+09:00 DEBUG 18196 --- [Shift Scheduler Demo] [           main] org.hibernate.SQL                        : delete from shift_assignments where id=?
Hibernate: delete from shift_assignments where id=?
2025-10-13T15:39:06.979+09:00 DEBUG 18196 --- [Shift Scheduler Demo] [           main] org.hibernate.SQL                        : delete from shift_assignments where id=?
Hibernate: delete from shift_assignments where id=?
2025-10-13T15:39:06.979+09:00 DEBUG 18196 --- [Shift Scheduler Demo] [           main] org.hibernate.SQL                        : delete from shift_assignments where id=?
Hibernate: delete from shift_assignments where id=?
2025-10-13T15:39:06.979+09:00 DEBUG 18196 --- [Shift Scheduler Demo] [           main] org.hibernate.SQL                        : delete from shift_assignments where id=?
Hibernate: delete from shift_assignments where id=?
2025-10-13T15:39:06.979+09:00 DEBUG 18196 --- [Shift Scheduler Demo] [           main] org.hibernate.SQL                        : delete from shift_assignments where id=?
Hibernate: delete from shift_assignments where id=?
2025-10-13T15:39:06.979+09:00 DEBUG 18196 --- [Shift Scheduler Demo] [           main] org.hibernate.SQL                        : delete from shift_assignments where id=?
Hibernate: delete from shift_assignments where id=?
2025-10-13T15:39:06.979+09:00 DEBUG 18196 --- [Shift Scheduler Demo] [           main] org.hibernate.SQL                        : delete from shift_assignments where id=?
Hibernate: delete from shift_assignments where id=?
2025-10-13T15:39:06.980+09:00 DEBUG 18196 --- [Shift Scheduler Demo] [           main] org.hibernate.SQL                        : delete from shift_assignments where id=?
Hibernate: delete from shift_assignments where id=?
2025-10-13T15:39:06.980+09:00 DEBUG 18196 --- [Shift Scheduler Demo] [           main] org.hibernate.SQL                        : delete from shift_assignments where id=?
Hibernate: delete from shift_assignments where id=?
2025-10-13T15:39:06.980+09:00 DEBUG 18196 --- [Shift Scheduler Demo] [           main] org.hibernate.SQL                        : delete from shift_assignments where id=?
Hibernate: delete from shift_assignments where id=?
2025-10-13T15:39:06.980+09:00 DEBUG 18196 --- [Shift Scheduler Demo] [           main] org.hibernate.SQL                        : delete from shift_assignments where id=?
Hibernate: delete from shift_assignments where id=?
2025-10-13T15:39:06.980+09:00 DEBUG 18196 --- [Shift Scheduler Demo] [           main] org.hibernate.SQL                        : delete from shift_assignments where id=?
Hibernate: delete from shift_assignments where id=?
2025-10-13T15:39:06.980+09:00 DEBUG 18196 --- [Shift Scheduler Demo] [           main] org.hibernate.SQL                        : delete from shift_assignments where id=?
Hibernate: delete from shift_assignments where id=?
2025-10-13T15:39:06.980+09:00 DEBUG 18196 --- [Shift Scheduler Demo] [           main] org.hibernate.SQL                        : delete from shift_assignments where id=?
Hibernate: delete from shift_assignments where id=?
2025-10-13T15:39:06.980+09:00 DEBUG 18196 --- [Shift Scheduler Demo] [           main] org.hibernate.SQL                        : delete from shift_assignments where id=?
Hibernate: delete from shift_assignments where id=?
2025-10-13T15:39:06.980+09:00 DEBUG 18196 --- [Shift Scheduler Demo] [           main] org.hibernate.SQL                        : delete from shift_assignments where id=?
Hibernate: delete from shift_assignments where id=?
2025-10-13T15:39:06.980+09:00 DEBUG 18196 --- [Shift Scheduler Demo] [           main] org.hibernate.SQL                        : delete from shift_assignments where id=?
Hibernate: delete from shift_assignments where id=?
2025-10-13T15:39:06.980+09:00 DEBUG 18196 --- [Shift Scheduler Demo] [           main] org.hibernate.SQL                        : delete from shift_assignments where id=?
Hibernate: delete from shift_assignments where id=?
2025-10-13T15:39:06.980+09:00 DEBUG 18196 --- [Shift Scheduler Demo] [           main] org.hibernate.SQL                        : delete from shift_assignments where id=?
Hibernate: delete from shift_assignments where id=?
2025-10-13T15:39:06.982+09:00 DEBUG 18196 --- [Shift Scheduler Demo] [           main] org.hibernate.SQL                        : delete from shift_assignments where id=?
Hibernate: delete from shift_assignments where id=?
2025-10-13T15:39:06.982+09:00 DEBUG 18196 --- [Shift Scheduler Demo] [           main] org.hibernate.SQL                        : delete from shift_assignments where id=?
Hibernate: delete from shift_assignments where id=?
2025-10-13T15:39:06.982+09:00 DEBUG 18196 --- [Shift Scheduler Demo] [           main] org.hibernate.SQL                        : delete from shift_assignments where id=?
Hibernate: delete from shift_assignments where id=?
2025-10-13T15:39:06.982+09:00 DEBUG 18196 --- [Shift Scheduler Demo] [           main] org.hibernate.SQL                        : delete from shift_assignments where id=?
Hibernate: delete from shift_assignments where id=?
2025-10-13T15:39:06.982+09:00 DEBUG 18196 --- [Shift Scheduler Demo] [           main] org.hibernate.SQL                        : delete from shift_assignments where id=?
Hibernate: delete from shift_assignments where id=?
2025-10-13T15:39:06.983+09:00 DEBUG 18196 --- [Shift Scheduler Demo] [           main] org.hibernate.SQL                        : delete from shift_assignments where id=?
Hibernate: delete from shift_assignments where id=?
2025-10-13T15:39:06.983+09:00 DEBUG 18196 --- [Shift Scheduler Demo] [           main] org.hibernate.SQL                        : delete from shift_assignments where id=?
Hibernate: delete from shift_assignments where id=?
2025-10-13T15:39:06.983+09:00 DEBUG 18196 --- [Shift Scheduler Demo] [           main] org.hibernate.SQL                        : delete from shift_assignments where id=?
Hibernate: delete from shift_assignments where id=?
2025-10-13T15:39:06.983+09:00 DEBUG 18196 --- [Shift Scheduler Demo] [           main] org.hibernate.SQL                        : delete from shift_assignments where id=?
Hibernate: delete from shift_assignments where id=?
2025-10-13T15:39:06.983+09:00 DEBUG 18196 --- [Shift Scheduler Demo] [           main] org.hibernate.SQL                        : delete from shift_assignments where id=?
Hibernate: delete from shift_assignments where id=?
2025-10-13T15:39:06.983+09:00 DEBUG 18196 --- [Shift Scheduler Demo] [           main] org.hibernate.SQL                        : delete from shift_assignments where id=?
Hibernate: delete from shift_assignments where id=?
2025-10-13T15:39:06.983+09:00 DEBUG 18196 --- [Shift Scheduler Demo] [           main] org.hibernate.SQL                        : delete from shift_assignments where id=?
Hibernate: delete from shift_assignments where id=?
2025-10-13T15:39:06.983+09:00 DEBUG 18196 --- [Shift Scheduler Demo] [           main] org.hibernate.SQL                        : delete from shift_assignments where id=?
Hibernate: delete from shift_assignments where id=?
2025-10-13T15:39:06.983+09:00 DEBUG 18196 --- [Shift Scheduler Demo] [           main] org.hibernate.SQL                        : delete from shift_assignments where id=?
Hibernate: delete from shift_assignments where id=?
2025-10-13T15:39:06.983+09:00 DEBUG 18196 --- [Shift Scheduler Demo] [           main] org.hibernate.SQL                        : delete from shift_assignments where id=?
Hibernate: delete from shift_assignments where id=?
2025-10-13T15:39:06.983+09:00 DEBUG 18196 --- [Shift Scheduler Demo] [           main] org.hibernate.SQL                        : delete from shift_assignments where id=?
Hibernate: delete from shift_assignments where id=?
2025-10-13T15:39:06.983+09:00 DEBUG 18196 --- [Shift Scheduler Demo] [           main] org.hibernate.SQL                        : delete from shift_assignments where id=?
Hibernate: delete from shift_assignments where id=?
2025-10-13T15:39:06.983+09:00 DEBUG 18196 --- [Shift Scheduler Demo] [           main] org.hibernate.SQL                        : delete from shift_assignments where id=?
Hibernate: delete from shift_assignments where id=?
2025-10-13T15:39:06.983+09:00 DEBUG 18196 --- [Shift Scheduler Demo] [           main] org.hibernate.SQL                        : delete from shift_assignments where id=?
Hibernate: delete from shift_assignments where id=?
2025-10-13T15:39:06.983+09:00 DEBUG 18196 --- [Shift Scheduler Demo] [           main] org.hibernate.SQL                        : delete from shift_assignments where id=?
Hibernate: delete from shift_assignments where id=?
2025-10-13T15:39:06.983+09:00 DEBUG 18196 --- [Shift Scheduler Demo] [           main] org.hibernate.SQL                        : delete from shift_assignments where id=?
Hibernate: delete from shift_assignments where id=?
2025-10-13T15:39:06.983+09:00 DEBUG 18196 --- [Shift Scheduler Demo] [           main] org.hibernate.SQL                        : delete from shift_assignments where id=?
Hibernate: delete from shift_assignments where id=?
2025-10-13T15:39:06.983+09:00 DEBUG 18196 --- [Shift Scheduler Demo] [           main] org.hibernate.SQL                        : delete from shift_assignments where id=?
Hibernate: delete from shift_assignments where id=?
2025-10-13T15:39:06.983+09:00 DEBUG 18196 --- [Shift Scheduler Demo] [           main] org.hibernate.SQL                        : delete from shift_assignments where id=?
Hibernate: delete from shift_assignments where id=?
2025-10-13T15:39:06.983+09:00 DEBUG 18196 --- [Shift Scheduler Demo] [           main] org.hibernate.SQL                        : delete from shift_assignments where id=?
Hibernate: delete from shift_assignments where id=?
2025-10-13T15:39:06.983+09:00 DEBUG 18196 --- [Shift Scheduler Demo] [           main] org.hibernate.SQL                        : delete from shift_assignments where id=?
Hibernate: delete from shift_assignments where id=?
2025-10-13T15:39:06.983+09:00 DEBUG 18196 --- [Shift Scheduler Demo] [           main] org.hibernate.SQL                        : delete from shift_assignments where id=?
Hibernate: delete from shift_assignments where id=?
2025-10-13T15:39:06.983+09:00 DEBUG 18196 --- [Shift Scheduler Demo] [           main] org.hibernate.SQL                        : delete from shift_assignments where id=?
Hibernate: delete from shift_assignments where id=?
2025-10-13T15:39:06.985+09:00 DEBUG 18196 --- [Shift Scheduler Demo] [           main] org.hibernate.SQL                        : delete from shift_assignments where id=?
Hibernate: delete from shift_assignments where id=?
2025-10-13T15:39:06.985+09:00 DEBUG 18196 --- [Shift Scheduler Demo] [           main] org.hibernate.SQL                        : delete from shift_assignments where id=?
Hibernate: delete from shift_assignments where id=?
2025-10-13T15:39:06.985+09:00 DEBUG 18196 --- [Shift Scheduler Demo] [           main] org.hibernate.SQL                        : delete from shift_assignments where id=?
Hibernate: delete from shift_assignments where id=?
2025-10-13T15:39:06.985+09:00 DEBUG 18196 --- [Shift Scheduler Demo] [           main] org.hibernate.SQL                        : delete from shift_assignments where id=?
Hibernate: delete from shift_assignments where id=?
2025-10-13T15:39:06.985+09:00 DEBUG 18196 --- [Shift Scheduler Demo] [           main] org.hibernate.SQL                        : delete from shift_assignments where id=?
Hibernate: delete from shift_assignments where id=?
2025-10-13T15:39:06.985+09:00 DEBUG 18196 --- [Shift Scheduler Demo] [           main] org.hibernate.SQL                        : delete from shift_assignments where id=?
Hibernate: delete from shift_assignments where id=?
2025-10-13T15:39:06.985+09:00 DEBUG 18196 --- [Shift Scheduler Demo] [           main] org.hibernate.SQL                        : delete from shift_assignments where id=?
Hibernate: delete from shift_assignments where id=?
2025-10-13T15:39:06.985+09:00 DEBUG 18196 --- [Shift Scheduler Demo] [           main] org.hibernate.SQL                        : delete from shift_assignments where id=?
Hibernate: delete from shift_assignments where id=?
2025-10-13T15:39:06.985+09:00 DEBUG 18196 --- [Shift Scheduler Demo] [           main] org.hibernate.SQL                        : delete from shift_assignments where id=?
Hibernate: delete from shift_assignments where id=?
2025-10-13T15:39:06.985+09:00 DEBUG 18196 --- [Shift Scheduler Demo] [           main] org.hibernate.SQL                        : delete from shift_assignments where id=?
Hibernate: delete from shift_assignments where id=?
2025-10-13T15:39:06.985+09:00 DEBUG 18196 --- [Shift Scheduler Demo] [           main] org.hibernate.SQL                        : delete from shift_assignments where id=?
Hibernate: delete from shift_assignments where id=?
2025-10-13T15:39:06.985+09:00 DEBUG 18196 --- [Shift Scheduler Demo] [           main] org.hibernate.SQL                        : delete from shift_assignments where id=?
Hibernate: delete from shift_assignments where id=?
2025-10-13T15:39:06.985+09:00 DEBUG 18196 --- [Shift Scheduler Demo] [           main] org.hibernate.SQL                        : delete from shift_assignments where id=?
Hibernate: delete from shift_assignments where id=?
2025-10-13T15:39:06.985+09:00 DEBUG 18196 --- [Shift Scheduler Demo] [           main] org.hibernate.SQL                        : delete from shift_assignments where id=?
Hibernate: delete from shift_assignments where id=?
2025-10-13T15:39:06.985+09:00 DEBUG 18196 --- [Shift Scheduler Demo] [           main] org.hibernate.SQL                        : delete from shift_assignments where id=?
Hibernate: delete from shift_assignments where id=?
2025-10-13T15:39:06.985+09:00 DEBUG 18196 --- [Shift Scheduler Demo] [           main] org.hibernate.SQL                        : delete from shift_assignments where id=?
Hibernate: delete from shift_assignments where id=?
2025-10-13T15:39:06.987+09:00 DEBUG 18196 --- [Shift Scheduler Demo] [           main] org.hibernate.SQL                        : delete from shift_assignments where id=?
Hibernate: delete from shift_assignments where id=?
2025-10-13T15:39:06.987+09:00 DEBUG 18196 --- [Shift Scheduler Demo] [           main] org.hibernate.SQL                        : delete from shift_assignments where id=?
Hibernate: delete from shift_assignments where id=?
2025-10-13T15:39:06.987+09:00 DEBUG 18196 --- [Shift Scheduler Demo] [           main] org.hibernate.SQL                        : delete from shift_assignments where id=?
Hibernate: delete from shift_assignments where id=?
2025-10-13T15:39:06.987+09:00 DEBUG 18196 --- [Shift Scheduler Demo] [           main] org.hibernate.SQL                        : delete from shift_assignments where id=?
Hibernate: delete from shift_assignments where id=?
2025-10-13T15:39:06.987+09:00 DEBUG 18196 --- [Shift Scheduler Demo] [           main] org.hibernate.SQL                        : delete from shift_assignments where id=?
Hibernate: delete from shift_assignments where id=?
2025-10-13T15:39:06.987+09:00 DEBUG 18196 --- [Shift Scheduler Demo] [           main] org.hibernate.SQL                        : delete from shift_assignments where id=?
Hibernate: delete from shift_assignments where id=?
2025-10-13T15:39:06.988+09:00 DEBUG 18196 --- [Shift Scheduler Demo] [           main] org.hibernate.SQL                        : delete from shift_assignments where id=?
Hibernate: delete from shift_assignments where id=?
2025-10-13T15:39:06.988+09:00 DEBUG 18196 --- [Shift Scheduler Demo] [           main] org.hibernate.SQL                        : delete from shift_assignments where id=?
Hibernate: delete from shift_assignments where id=?
2025-10-13T15:39:06.988+09:00 DEBUG 18196 --- [Shift Scheduler Demo] [           main] org.hibernate.SQL                        : delete from shift_assignments where id=?
Hibernate: delete from shift_assignments where id=?
2025-10-13T15:39:06.988+09:00 DEBUG 18196 --- [Shift Scheduler Demo] [           main] org.hibernate.SQL                        : delete from shift_assignments where id=?
Hibernate: delete from shift_assignments where id=?
2025-10-13T15:39:06.988+09:00 DEBUG 18196 --- [Shift Scheduler Demo] [           main] org.hibernate.SQL                        : delete from shift_assignments where id=?
Hibernate: delete from shift_assignments where id=?
2025-10-13T15:39:06.988+09:00 DEBUG 18196 --- [Shift Scheduler Demo] [           main] org.hibernate.SQL                        : delete from shift_assignments where id=?
Hibernate: delete from shift_assignments where id=?
2025-10-13T15:39:06.988+09:00 DEBUG 18196 --- [Shift Scheduler Demo] [           main] org.hibernate.SQL                        : delete from shift_assignments where id=?
Hibernate: delete from shift_assignments where id=?
2025-10-13T15:39:06.988+09:00 DEBUG 18196 --- [Shift Scheduler Demo] [           main] org.hibernate.SQL                        : delete from shift_assignments where id=?
Hibernate: delete from shift_assignments where id=?
2025-10-13T15:39:06.989+09:00 DEBUG 18196 --- [Shift Scheduler Demo] [           main] org.hibernate.SQL                        : delete from shift_assignments where id=?
Hibernate: delete from shift_assignments where id=?
2025-10-13T15:39:06.989+09:00 DEBUG 18196 --- [Shift Scheduler Demo] [           main] org.hibernate.SQL                        : delete from shift_assignments where id=?
Hibernate: delete from shift_assignments where id=?
2025-10-13T15:39:06.989+09:00 DEBUG 18196 --- [Shift Scheduler Demo] [           main] org.hibernate.SQL                        : delete from shift_assignments where id=?
Hibernate: delete from shift_assignments where id=?
2025-10-13T15:39:06.989+09:00 DEBUG 18196 --- [Shift Scheduler Demo] [           main] org.hibernate.SQL                        : delete from shift_assignments where id=?
Hibernate: delete from shift_assignments where id=?
2025-10-13T15:39:06.989+09:00 DEBUG 18196 --- [Shift Scheduler Demo] [           main] org.hibernate.SQL                        : delete from shift_assignments where id=?
Hibernate: delete from shift_assignments where id=?
2025-10-13T15:39:06.989+09:00 DEBUG 18196 --- [Shift Scheduler Demo] [           main] org.hibernate.SQL                        : delete from shift_assignments where id=?
Hibernate: delete from shift_assignments where id=?
2025-10-13T15:39:06.989+09:00 DEBUG 18196 --- [Shift Scheduler Demo] [           main] org.hibernate.SQL                        : delete from shift_assignments where id=?
Hibernate: delete from shift_assignments where id=?
2025-10-13T15:39:06.989+09:00 DEBUG 18196 --- [Shift Scheduler Demo] [           main] org.hibernate.SQL                        : delete from shift_assignments where id=?
Hibernate: delete from shift_assignments where id=?
2025-10-13T15:39:06.989+09:00 DEBUG 18196 --- [Shift Scheduler Demo] [           main] org.hibernate.SQL                        : delete from shift_assignments where id=?
Hibernate: delete from shift_assignments where id=?
2025-10-13T15:39:06.989+09:00 DEBUG 18196 --- [Shift Scheduler Demo] [           main] org.hibernate.SQL                        : delete from shift_assignments where id=?
Hibernate: delete from shift_assignments where id=?
2025-10-13T15:39:06.989+09:00 DEBUG 18196 --- [Shift Scheduler Demo] [           main] org.hibernate.SQL                        : delete from shift_assignments where id=?
Hibernate: delete from shift_assignments where id=?
2025-10-13T15:39:06.989+09:00 DEBUG 18196 --- [Shift Scheduler Demo] [           main] org.hibernate.SQL                        : delete from shift_assignments where id=?
Hibernate: delete from shift_assignments where id=?
2025-10-13T15:39:06.989+09:00 DEBUG 18196 --- [Shift Scheduler Demo] [           main] org.hibernate.SQL                        : delete from shift_assignments where id=?
Hibernate: delete from shift_assignments where id=?
2025-10-13T15:39:06.989+09:00 DEBUG 18196 --- [Shift Scheduler Demo] [           main] org.hibernate.SQL                        : delete from shift_assignments where id=?
Hibernate: delete from shift_assignments where id=?
2025-10-13T15:39:06.990+09:00 DEBUG 18196 --- [Shift Scheduler Demo] [           main] org.hibernate.SQL                        : delete from shift_assignments where id=?
Hibernate: delete from shift_assignments where id=?
2025-10-13T15:39:06.990+09:00 DEBUG 18196 --- [Shift Scheduler Demo] [           main] org.hibernate.SQL                        : delete from shift_assignments where id=?
Hibernate: delete from shift_assignments where id=?
2025-10-13T15:39:06.990+09:00 DEBUG 18196 --- [Shift Scheduler Demo] [           main] org.hibernate.SQL                        : delete from shift_assignments where id=?
Hibernate: delete from shift_assignments where id=?
2025-10-13T15:39:06.990+09:00 DEBUG 18196 --- [Shift Scheduler Demo] [           main] org.hibernate.SQL                        : delete from shift_assignments where id=?
Hibernate: delete from shift_assignments where id=?
2025-10-13T15:39:06.990+09:00 DEBUG 18196 --- [Shift Scheduler Demo] [           main] org.hibernate.SQL                        : delete from shift_assignments where id=?
Hibernate: delete from shift_assignments where id=?
2025-10-13T15:39:06.990+09:00 DEBUG 18196 --- [Shift Scheduler Demo] [           main] org.hibernate.SQL                        : delete from shift_assignments where id=?
Hibernate: delete from shift_assignments where id=?
2025-10-13T15:39:06.990+09:00 DEBUG 18196 --- [Shift Scheduler Demo] [           main] org.hibernate.SQL                        : delete from shift_assignments where id=?
Hibernate: delete from shift_assignments where id=?
2025-10-13T15:39:06.990+09:00 DEBUG 18196 --- [Shift Scheduler Demo] [           main] org.hibernate.SQL                        : delete from shift_assignments where id=?
Hibernate: delete from shift_assignments where id=?
2025-10-13T15:39:06.990+09:00 DEBUG 18196 --- [Shift Scheduler Demo] [           main] org.hibernate.SQL                        : delete from shift_assignments where id=?
Hibernate: delete from shift_assignments where id=?
2025-10-13T15:39:06.990+09:00 DEBUG 18196 --- [Shift Scheduler Demo] [           main] org.hibernate.SQL                        : delete from shift_assignments where id=?
Hibernate: delete from shift_assignments where id=?
2025-10-13T15:39:06.990+09:00 DEBUG 18196 --- [Shift Scheduler Demo] [           main] org.hibernate.SQL                        : delete from shift_assignments where id=?
Hibernate: delete from shift_assignments where id=?
2025-10-13T15:39:06.990+09:00 DEBUG 18196 --- [Shift Scheduler Demo] [           main] org.hibernate.SQL                        : delete from shift_assignments where id=?
Hibernate: delete from shift_assignments where id=?
2025-10-13T15:39:06.990+09:00 DEBUG 18196 --- [Shift Scheduler Demo] [           main] org.hibernate.SQL                        : delete from shift_assignments where id=?
Hibernate: delete from shift_assignments where id=?
2025-10-13T15:39:06.990+09:00 DEBUG 18196 --- [Shift Scheduler Demo] [           main] org.hibernate.SQL                        : delete from shift_assignments where id=?
Hibernate: delete from shift_assignments where id=?
2025-10-13T15:39:06.991+09:00 DEBUG 18196 --- [Shift Scheduler Demo] [           main] org.hibernate.SQL                        : delete from shift_assignments where id=?
Hibernate: delete from shift_assignments where id=?
2025-10-13T15:39:06.991+09:00 DEBUG 18196 --- [Shift Scheduler Demo] [           main] org.hibernate.SQL                        : delete from shift_assignments where id=?
Hibernate: delete from shift_assignments where id=?
2025-10-13T15:39:06.991+09:00 DEBUG 18196 --- [Shift Scheduler Demo] [           main] org.hibernate.SQL                        : delete from shift_assignments where id=?
Hibernate: delete from shift_assignments where id=?
2025-10-13T15:39:06.991+09:00 DEBUG 18196 --- [Shift Scheduler Demo] [           main] org.hibernate.SQL                        : delete from shift_assignments where id=?
Hibernate: delete from shift_assignments where id=?
2025-10-13T15:39:06.991+09:00 DEBUG 18196 --- [Shift Scheduler Demo] [           main] org.hibernate.SQL                        : delete from shift_assignments where id=?
Hibernate: delete from shift_assignments where id=?
2025-10-13T15:39:06.991+09:00 DEBUG 18196 --- [Shift Scheduler Demo] [           main] org.hibernate.SQL                        : delete from shift_assignments where id=?
Hibernate: delete from shift_assignments where id=?
2025-10-13T15:39:06.991+09:00 DEBUG 18196 --- [Shift Scheduler Demo] [           main] org.hibernate.SQL                        : delete from shift_assignments where id=?
Hibernate: delete from shift_assignments where id=?
2025-10-13T15:39:06.991+09:00 DEBUG 18196 --- [Shift Scheduler Demo] [           main] org.hibernate.SQL                        : delete from shift_assignments where id=?
Hibernate: delete from shift_assignments where id=?
2025-10-13T15:39:06.991+09:00 DEBUG 18196 --- [Shift Scheduler Demo] [           main] org.hibernate.SQL                        : delete from shift_assignments where id=?
Hibernate: delete from shift_assignments where id=?
2025-10-13T15:39:06.991+09:00 DEBUG 18196 --- [Shift Scheduler Demo] [           main] org.hibernate.SQL                        : delete from shift_assignments where id=?
Hibernate: delete from shift_assignments where id=?
2025-10-13T15:39:06.991+09:00 DEBUG 18196 --- [Shift Scheduler Demo] [           main] org.hibernate.SQL                        : delete from shift_assignments where id=?
Hibernate: delete from shift_assignments where id=?
2025-10-13T15:39:06.991+09:00 DEBUG 18196 --- [Shift Scheduler Demo] [           main] org.hibernate.SQL                        : delete from shift_assignments where id=?
Hibernate: delete from shift_assignments where id=?
2025-10-13T15:39:06.991+09:00 DEBUG 18196 --- [Shift Scheduler Demo] [           main] org.hibernate.SQL                        : delete from shift_assignments where id=?
Hibernate: delete from shift_assignments where id=?
2025-10-13T15:39:06.991+09:00 DEBUG 18196 --- [Shift Scheduler Demo] [           main] org.hibernate.SQL                        : delete from shift_assignments where id=?
Hibernate: delete from shift_assignments where id=?
2025-10-13T15:39:06.991+09:00 DEBUG 18196 --- [Shift Scheduler Demo] [           main] org.hibernate.SQL                        : delete from shift_assignments where id=?
Hibernate: delete from shift_assignments where id=?
2025-10-13T15:39:06.992+09:00 DEBUG 18196 --- [Shift Scheduler Demo] [           main] org.hibernate.SQL                        : delete from shift_assignments where id=?
Hibernate: delete from shift_assignments where id=?
2025-10-13T15:39:06.992+09:00 DEBUG 18196 --- [Shift Scheduler Demo] [           main] org.hibernate.SQL                        : delete from shift_assignments where id=?
Hibernate: delete from shift_assignments where id=?
2025-10-13T15:39:06.992+09:00 DEBUG 18196 --- [Shift Scheduler Demo] [           main] org.hibernate.SQL                        : delete from shift_assignments where id=?
Hibernate: delete from shift_assignments where id=?
2025-10-13T15:39:06.992+09:00 DEBUG 18196 --- [Shift Scheduler Demo] [           main] org.hibernate.SQL                        : delete from shift_assignments where id=?
Hibernate: delete from shift_assignments where id=?
2025-10-13T15:39:06.992+09:00 DEBUG 18196 --- [Shift Scheduler Demo] [           main] org.hibernate.SQL                        : delete from shift_assignments where id=?
Hibernate: delete from shift_assignments where id=?
2025-10-13T15:39:06.992+09:00 DEBUG 18196 --- [Shift Scheduler Demo] [           main] org.hibernate.SQL                        : delete from shift_assignments where id=?
Hibernate: delete from shift_assignments where id=?
2025-10-13T15:39:06.992+09:00 DEBUG 18196 --- [Shift Scheduler Demo] [           main] org.hibernate.SQL                        : delete from shift_assignments where id=?
Hibernate: delete from shift_assignments where id=?
2025-10-13T15:39:06.992+09:00 DEBUG 18196 --- [Shift Scheduler Demo] [           main] org.hibernate.SQL                        : delete from shift_assignments where id=?
Hibernate: delete from shift_assignments where id=?
2025-10-13T15:39:06.992+09:00 DEBUG 18196 --- [Shift Scheduler Demo] [           main] org.hibernate.SQL                        : delete from shift_assignments where id=?
Hibernate: delete from shift_assignments where id=?
2025-10-13T15:39:06.992+09:00 DEBUG 18196 --- [Shift Scheduler Demo] [           main] org.hibernate.SQL                        : delete from shift_assignments where id=?
Hibernate: delete from shift_assignments where id=?
2025-10-13T15:39:06.992+09:00 DEBUG 18196 --- [Shift Scheduler Demo] [           main] org.hibernate.SQL                        : delete from shift_assignments where id=?
Hibernate: delete from shift_assignments where id=?
2025-10-13T15:39:06.992+09:00 DEBUG 18196 --- [Shift Scheduler Demo] [           main] org.hibernate.SQL                        : delete from shift_assignments where id=?
Hibernate: delete from shift_assignments where id=?
2025-10-13T15:39:06.992+09:00 DEBUG 18196 --- [Shift Scheduler Demo] [           main] org.hibernate.SQL                        : delete from shift_assignments where id=?
Hibernate: delete from shift_assignments where id=?
2025-10-13T15:39:06.993+09:00 DEBUG 18196 --- [Shift Scheduler Demo] [           main] org.hibernate.SQL                        : delete from shift_assignments where id=?
Hibernate: delete from shift_assignments where id=?
2025-10-13T15:39:06.993+09:00 DEBUG 18196 --- [Shift Scheduler Demo] [           main] org.hibernate.SQL                        : delete from shift_assignments where id=?
Hibernate: delete from shift_assignments where id=?
2025-10-13T15:39:06.993+09:00 DEBUG 18196 --- [Shift Scheduler Demo] [           main] org.hibernate.SQL                        : delete from shift_assignments where id=?
Hibernate: delete from shift_assignments where id=?
2025-10-13T15:39:06.993+09:00 DEBUG 18196 --- [Shift Scheduler Demo] [           main] org.hibernate.SQL                        : delete from shift_assignments where id=?
Hibernate: delete from shift_assignments where id=?
2025-10-13T15:39:06.993+09:00 DEBUG 18196 --- [Shift Scheduler Demo] [           main] org.hibernate.SQL                        : delete from shift_assignments where id=?
Hibernate: delete from shift_assignments where id=?
2025-10-13T15:39:06.993+09:00 DEBUG 18196 --- [Shift Scheduler Demo] [           main] org.hibernate.SQL                        : delete from shift_assignments where id=?
Hibernate: delete from shift_assignments where id=?
2025-10-13T15:39:06.993+09:00 DEBUG 18196 --- [Shift Scheduler Demo] [           main] org.hibernate.SQL                        : delete from shift_assignments where id=?
Hibernate: delete from shift_assignments where id=?
2025-10-13T15:39:06.993+09:00 DEBUG 18196 --- [Shift Scheduler Demo] [           main] org.hibernate.SQL                        : delete from shift_assignments where id=?
Hibernate: delete from shift_assignments where id=?
2025-10-13T15:39:06.993+09:00 DEBUG 18196 --- [Shift Scheduler Demo] [           main] org.hibernate.SQL                        : delete from shift_assignments where id=?
Hibernate: delete from shift_assignments where id=?
2025-10-13T15:39:06.993+09:00 DEBUG 18196 --- [Shift Scheduler Demo] [           main] org.hibernate.SQL                        : delete from shift_assignments where id=?
Hibernate: delete from shift_assignments where id=?
2025-10-13T15:39:06.993+09:00 DEBUG 18196 --- [Shift Scheduler Demo] [           main] org.hibernate.SQL                        : delete from shift_assignments where id=?
Hibernate: delete from shift_assignments where id=?
2025-10-13T15:39:06.993+09:00 DEBUG 18196 --- [Shift Scheduler Demo] [           main] org.hibernate.SQL                        : delete from shift_assignments where id=?
Hibernate: delete from shift_assignments where id=?
2025-10-13T15:39:06.993+09:00 DEBUG 18196 --- [Shift Scheduler Demo] [           main] org.hibernate.SQL                        : delete from shift_assignments where id=?
Hibernate: delete from shift_assignments where id=?
2025-10-13T15:39:06.993+09:00 DEBUG 18196 --- [Shift Scheduler Demo] [           main] org.hibernate.SQL                        : delete from shift_assignments where id=?
Hibernate: delete from shift_assignments where id=?
2025-10-13T15:39:06.993+09:00 DEBUG 18196 --- [Shift Scheduler Demo] [           main] org.hibernate.SQL                        : delete from shift_assignments where id=?
Hibernate: delete from shift_assignments where id=?
2025-10-13T15:39:06.994+09:00 DEBUG 18196 --- [Shift Scheduler Demo] [           main] org.hibernate.SQL                        : delete from shift_assignments where id=?
Hibernate: delete from shift_assignments where id=?
2025-10-13T15:39:06.994+09:00 DEBUG 18196 --- [Shift Scheduler Demo] [           main] org.hibernate.SQL                        : delete from shift_assignments where id=?
Hibernate: delete from shift_assignments where id=?
2025-10-13T15:39:06.994+09:00 DEBUG 18196 --- [Shift Scheduler Demo] [           main] org.hibernate.SQL                        : delete from shift_assignments where id=?
Hibernate: delete from shift_assignments where id=?
2025-10-13T15:39:06.994+09:00 DEBUG 18196 --- [Shift Scheduler Demo] [           main] org.hibernate.SQL                        : delete from shift_assignments where id=?
Hibernate: delete from shift_assignments where id=?
2025-10-13T15:39:06.994+09:00 DEBUG 18196 --- [Shift Scheduler Demo] [           main] org.hibernate.SQL                        : delete from shift_assignments where id=?
Hibernate: delete from shift_assignments where id=?
2025-10-13T15:39:06.994+09:00 DEBUG 18196 --- [Shift Scheduler Demo] [           main] org.hibernate.SQL                        : delete from shift_assignments where id=?
Hibernate: delete from shift_assignments where id=?
2025-10-13T15:39:06.994+09:00 DEBUG 18196 --- [Shift Scheduler Demo] [           main] org.hibernate.SQL                        : delete from shift_assignments where id=?
Hibernate: delete from shift_assignments where id=?
2025-10-13T15:39:06.994+09:00 DEBUG 18196 --- [Shift Scheduler Demo] [           main] org.hibernate.SQL                        : delete from shift_assignments where id=?
Hibernate: delete from shift_assignments where id=?
2025-10-13T15:39:06.994+09:00 DEBUG 18196 --- [Shift Scheduler Demo] [           main] org.hibernate.SQL                        : delete from shift_assignments where id=?
Hibernate: delete from shift_assignments where id=?
2025-10-13T15:39:06.994+09:00 DEBUG 18196 --- [Shift Scheduler Demo] [           main] org.hibernate.SQL                        : delete from shift_assignments where id=?
Hibernate: delete from shift_assignments where id=?
2025-10-13T15:39:06.994+09:00 DEBUG 18196 --- [Shift Scheduler Demo] [           main] org.hibernate.SQL                        : delete from shift_assignments where id=?
Hibernate: delete from shift_assignments where id=?
2025-10-13T15:39:06.995+09:00 DEBUG 18196 --- [Shift Scheduler Demo] [           main] org.hibernate.SQL                        : delete from shift_assignments where id=?
Hibernate: delete from shift_assignments where id=?
2025-10-13T15:39:06.995+09:00 DEBUG 18196 --- [Shift Scheduler Demo] [           main] org.hibernate.SQL                        : delete from shift_assignments where id=?
Hibernate: delete from shift_assignments where id=?
2025-10-13T15:39:06.995+09:00 DEBUG 18196 --- [Shift Scheduler Demo] [           main] org.hibernate.SQL                        : delete from shift_assignments where id=?
Hibernate: delete from shift_assignments where id=?
2025-10-13T15:39:06.995+09:00 DEBUG 18196 --- [Shift Scheduler Demo] [           main] org.hibernate.SQL                        : delete from shift_assignments where id=?
Hibernate: delete from shift_assignments where id=?
2025-10-13T15:39:06.995+09:00 DEBUG 18196 --- [Shift Scheduler Demo] [           main] org.hibernate.SQL                        : delete from shift_assignments where id=?
Hibernate: delete from shift_assignments where id=?
2025-10-13T15:39:06.995+09:00 DEBUG 18196 --- [Shift Scheduler Demo] [           main] org.hibernate.SQL                        : delete from shift_assignments where id=?
Hibernate: delete from shift_assignments where id=?
2025-10-13T15:39:06.995+09:00 DEBUG 18196 --- [Shift Scheduler Demo] [           main] org.hibernate.SQL                        : delete from shift_assignments where id=?
Hibernate: delete from shift_assignments where id=?
2025-10-13T15:39:06.995+09:00 DEBUG 18196 --- [Shift Scheduler Demo] [           main] org.hibernate.SQL                        : delete from shift_assignments where id=?
Hibernate: delete from shift_assignments where id=?
2025-10-13T15:39:06.995+09:00 DEBUG 18196 --- [Shift Scheduler Demo] [           main] org.hibernate.SQL                        : delete from shift_assignments where id=?
Hibernate: delete from shift_assignments where id=?
2025-10-13T15:39:06.995+09:00 DEBUG 18196 --- [Shift Scheduler Demo] [           main] org.hibernate.SQL                        : delete from shift_assignments where id=?
Hibernate: delete from shift_assignments where id=?
2025-10-13T15:39:06.995+09:00 DEBUG 18196 --- [Shift Scheduler Demo] [           main] org.hibernate.SQL                        : delete from shift_assignments where id=?
Hibernate: delete from shift_assignments where id=?
2025-10-13T15:39:06.995+09:00 DEBUG 18196 --- [Shift Scheduler Demo] [           main] org.hibernate.SQL                        : delete from shift_assignments where id=?
Hibernate: delete from shift_assignments where id=?
2025-10-13T15:39:06.995+09:00 DEBUG 18196 --- [Shift Scheduler Demo] [           main] org.hibernate.SQL                        : delete from shift_assignments where id=?
Hibernate: delete from shift_assignments where id=?
2025-10-13T15:39:06.995+09:00 DEBUG 18196 --- [Shift Scheduler Demo] [           main] org.hibernate.SQL                        : delete from shift_assignments where id=?
Hibernate: delete from shift_assignments where id=?
2025-10-13T15:39:06.995+09:00 DEBUG 18196 --- [Shift Scheduler Demo] [           main] org.hibernate.SQL                        : delete from shift_assignments where id=?
Hibernate: delete from shift_assignments where id=?
2025-10-13T15:39:06.996+09:00 DEBUG 18196 --- [Shift Scheduler Demo] [           main] org.hibernate.SQL                        : delete from shift_assignments where id=?
Hibernate: delete from shift_assignments where id=?
2025-10-13T15:39:06.996+09:00 DEBUG 18196 --- [Shift Scheduler Demo] [           main] org.hibernate.SQL                        : delete from shift_assignments where id=?
Hibernate: delete from shift_assignments where id=?
2025-10-13T15:39:06.996+09:00 DEBUG 18196 --- [Shift Scheduler Demo] [           main] org.hibernate.SQL                        : delete from shift_assignments where id=?
Hibernate: delete from shift_assignments where id=?
2025-10-13T15:39:06.996+09:00 DEBUG 18196 --- [Shift Scheduler Demo] [           main] org.hibernate.SQL                        : delete from shift_assignments where id=?
Hibernate: delete from shift_assignments where id=?
2025-10-13T15:39:06.996+09:00 DEBUG 18196 --- [Shift Scheduler Demo] [           main] org.hibernate.SQL                        : delete from shift_assignments where id=?
Hibernate: delete from shift_assignments where id=?
2025-10-13T15:39:06.996+09:00 DEBUG 18196 --- [Shift Scheduler Demo] [           main] org.hibernate.SQL                        : delete from shift_assignments where id=?
Hibernate: delete from shift_assignments where id=?
2025-10-13T15:39:06.996+09:00 DEBUG 18196 --- [Shift Scheduler Demo] [           main] org.hibernate.SQL                        : delete from shift_assignments where id=?
Hibernate: delete from shift_assignments where id=?
2025-10-13T15:39:06.996+09:00 DEBUG 18196 --- [Shift Scheduler Demo] [           main] org.hibernate.SQL                        : delete from shift_assignments where id=?
Hibernate: delete from shift_assignments where id=?
2025-10-13T15:39:06.996+09:00 DEBUG 18196 --- [Shift Scheduler Demo] [           main] org.hibernate.SQL                        : delete from shift_assignments where id=?
Hibernate: delete from shift_assignments where id=?
2025-10-13T15:39:06.996+09:00 DEBUG 18196 --- [Shift Scheduler Demo] [           main] org.hibernate.SQL                        : delete from shift_assignments where id=?
Hibernate: delete from shift_assignments where id=?
2025-10-13T15:39:06.996+09:00 DEBUG 18196 --- [Shift Scheduler Demo] [           main] org.hibernate.SQL                        : delete from shift_assignments where id=?
Hibernate: delete from shift_assignments where id=?
2025-10-13T15:39:06.996+09:00 DEBUG 18196 --- [Shift Scheduler Demo] [           main] org.hibernate.SQL                        : delete from shift_assignments where id=?
Hibernate: delete from shift_assignments where id=?
2025-10-13T15:39:06.997+09:00 DEBUG 18196 --- [Shift Scheduler Demo] [           main] org.hibernate.SQL                        : delete from shift_assignments where id=?
Hibernate: delete from shift_assignments where id=?
2025-10-13T15:39:06.997+09:00 DEBUG 18196 --- [Shift Scheduler Demo] [           main] org.hibernate.SQL                        : delete from shift_assignments where id=?
Hibernate: delete from shift_assignments where id=?
2025-10-13T15:39:06.997+09:00 DEBUG 18196 --- [Shift Scheduler Demo] [           main] org.hibernate.SQL                        : delete from shift_assignments where id=?
Hibernate: delete from shift_assignments where id=?
2025-10-13T15:39:06.997+09:00 DEBUG 18196 --- [Shift Scheduler Demo] [           main] org.hibernate.SQL                        : delete from shift_assignments where id=?
Hibernate: delete from shift_assignments where id=?
2025-10-13T15:39:06.997+09:00 DEBUG 18196 --- [Shift Scheduler Demo] [           main] org.hibernate.SQL                        : delete from shift_assignments where id=?
Hibernate: delete from shift_assignments where id=?
2025-10-13T15:39:06.997+09:00 DEBUG 18196 --- [Shift Scheduler Demo] [           main] org.hibernate.SQL                        : delete from shift_assignments where id=?
Hibernate: delete from shift_assignments where id=?
2025-10-13T15:39:06.997+09:00 DEBUG 18196 --- [Shift Scheduler Demo] [           main] org.hibernate.SQL                        : delete from shift_assignments where id=?
Hibernate: delete from shift_assignments where id=?
2025-10-13T15:39:06.997+09:00 DEBUG 18196 --- [Shift Scheduler Demo] [           main] org.hibernate.SQL                        : delete from shift_assignments where id=?
Hibernate: delete from shift_assignments where id=?
2025-10-13T15:39:06.997+09:00 DEBUG 18196 --- [Shift Scheduler Demo] [           main] org.hibernate.SQL                        : delete from shift_assignments where id=?
Hibernate: delete from shift_assignments where id=?
2025-10-13T15:39:06.997+09:00 DEBUG 18196 --- [Shift Scheduler Demo] [           main] org.hibernate.SQL                        : delete from shift_assignments where id=?
Hibernate: delete from shift_assignments where id=?
2025-10-13T15:39:06.997+09:00 DEBUG 18196 --- [Shift Scheduler Demo] [           main] org.hibernate.SQL                        : delete from shift_assignments where id=?
Hibernate: delete from shift_assignments where id=?
2025-10-13T15:39:06.997+09:00 DEBUG 18196 --- [Shift Scheduler Demo] [           main] org.hibernate.SQL                        : delete from shift_assignments where id=?
Hibernate: delete from shift_assignments where id=?
2025-10-13T15:39:06.997+09:00 DEBUG 18196 --- [Shift Scheduler Demo] [           main] org.hibernate.SQL                        : delete from shift_assignments where id=?
Hibernate: delete from shift_assignments where id=?
2025-10-13T15:39:06.997+09:00 DEBUG 18196 --- [Shift Scheduler Demo] [           main] org.hibernate.SQL                        : delete from shift_assignments where id=?
Hibernate: delete from shift_assignments where id=?
2025-10-13T15:39:06.998+09:00 DEBUG 18196 --- [Shift Scheduler Demo] [           main] org.hibernate.SQL                        : delete from shift_assignments where id=?
Hibernate: delete from shift_assignments where id=?
2025-10-13T15:39:06.998+09:00 DEBUG 18196 --- [Shift Scheduler Demo] [           main] org.hibernate.SQL                        : delete from shift_assignments where id=?
Hibernate: delete from shift_assignments where id=?
2025-10-13T15:39:06.999+09:00 DEBUG 18196 --- [Shift Scheduler Demo] [           main] org.hibernate.SQL                        : delete from shift_assignments where id=?
Hibernate: delete from shift_assignments where id=?
2025-10-13T15:39:07.001+09:00 DEBUG 18196 --- [Shift Scheduler Demo] [           main] org.hibernate.SQL                        : delete from shift_assignments where id=?
Hibernate: delete from shift_assignments where id=?
2025-10-13T15:39:07.002+09:00 DEBUG 18196 --- [Shift Scheduler Demo] [           main] org.hibernate.SQL                        : delete from shift_assignments where id=?
Hibernate: delete from shift_assignments where id=?
2025-10-13T15:39:07.002+09:00 DEBUG 18196 --- [Shift Scheduler Demo] [           main] org.hibernate.SQL                        : delete from shift_assignments where id=?
Hibernate: delete from shift_assignments where id=?
2025-10-13T15:39:07.002+09:00 DEBUG 18196 --- [Shift Scheduler Demo] [           main] org.hibernate.SQL                        : delete from shift_assignments where id=?
Hibernate: delete from shift_assignments where id=?
2025-10-13T15:39:07.002+09:00 DEBUG 18196 --- [Shift Scheduler Demo] [           main] org.hibernate.SQL                        : delete from shift_assignments where id=?
Hibernate: delete from shift_assignments where id=?
2025-10-13T15:39:07.002+09:00 DEBUG 18196 --- [Shift Scheduler Demo] [           main] org.hibernate.SQL                        : delete from shift_assignments where id=?
Hibernate: delete from shift_assignments where id=?
2025-10-13T15:39:07.002+09:00 DEBUG 18196 --- [Shift Scheduler Demo] [           main] org.hibernate.SQL                        : delete from shift_assignments where id=?
Hibernate: delete from shift_assignments where id=?
2025-10-13T15:39:07.002+09:00 DEBUG 18196 --- [Shift Scheduler Demo] [           main] org.hibernate.SQL                        : delete from shift_assignments where id=?
Hibernate: delete from shift_assignments where id=?
2025-10-13T15:39:07.002+09:00 DEBUG 18196 --- [Shift Scheduler Demo] [           main] org.hibernate.SQL                        : delete from shift_assignments where id=?
Hibernate: delete from shift_assignments where id=?
2025-10-13T15:39:07.002+09:00 DEBUG 18196 --- [Shift Scheduler Demo] [           main] org.hibernate.SQL                        : delete from shift_assignments where id=?
Hibernate: delete from shift_assignments where id=?
2025-10-13T15:39:07.002+09:00 DEBUG 18196 --- [Shift Scheduler Demo] [           main] org.hibernate.SQL                        : delete from shift_assignments where id=?
Hibernate: delete from shift_assignments where id=?
2025-10-13T15:39:07.002+09:00 DEBUG 18196 --- [Shift Scheduler Demo] [           main] org.hibernate.SQL                        : delete from shift_assignments where id=?
Hibernate: delete from shift_assignments where id=?
2025-10-13T15:39:07.002+09:00 DEBUG 18196 --- [Shift Scheduler Demo] [           main] org.hibernate.SQL                        : delete from shift_assignments where id=?
Hibernate: delete from shift_assignments where id=?
2025-10-13T15:39:07.002+09:00 DEBUG 18196 --- [Shift Scheduler Demo] [           main] org.hibernate.SQL                        : delete from shift_assignments where id=?
Hibernate: delete from shift_assignments where id=?
2025-10-13T15:39:07.003+09:00 DEBUG 18196 --- [Shift Scheduler Demo] [           main] org.hibernate.SQL                        : delete from shift_assignments where id=?
Hibernate: delete from shift_assignments where id=?
2025-10-13T15:39:07.003+09:00 DEBUG 18196 --- [Shift Scheduler Demo] [           main] org.hibernate.SQL                        : delete from shift_assignments where id=?
Hibernate: delete from shift_assignments where id=?
2025-10-13T15:39:07.003+09:00 DEBUG 18196 --- [Shift Scheduler Demo] [           main] org.hibernate.SQL                        : delete from shift_assignments where id=?
Hibernate: delete from shift_assignments where id=?
2025-10-13T15:39:07.003+09:00 DEBUG 18196 --- [Shift Scheduler Demo] [           main] org.hibernate.SQL                        : delete from shift_assignments where id=?
Hibernate: delete from shift_assignments where id=?
2025-10-13T15:39:07.003+09:00 DEBUG 18196 --- [Shift Scheduler Demo] [           main] org.hibernate.SQL                        : delete from shift_assignments where id=?
Hibernate: delete from shift_assignments where id=?
2025-10-13T15:39:07.003+09:00 DEBUG 18196 --- [Shift Scheduler Demo] [           main] org.hibernate.SQL                        : delete from shift_assignments where id=?
Hibernate: delete from shift_assignments where id=?
2025-10-13T15:39:07.003+09:00 DEBUG 18196 --- [Shift Scheduler Demo] [           main] org.hibernate.SQL                        : delete from shift_assignments where id=?
Hibernate: delete from shift_assignments where id=?
2025-10-13T15:39:07.003+09:00 DEBUG 18196 --- [Shift Scheduler Demo] [           main] org.hibernate.SQL                        : delete from shift_assignments where id=?
Hibernate: delete from shift_assignments where id=?
2025-10-13T15:39:07.003+09:00 DEBUG 18196 --- [Shift Scheduler Demo] [           main] org.hibernate.SQL                        : delete from shift_assignments where id=?
Hibernate: delete from shift_assignments where id=?
2025-10-13T15:39:07.003+09:00 DEBUG 18196 --- [Shift Scheduler Demo] [           main] org.hibernate.SQL                        : delete from shift_assignments where id=?
Hibernate: delete from shift_assignments where id=?
2025-10-13T15:39:07.003+09:00 DEBUG 18196 --- [Shift Scheduler Demo] [           main] org.hibernate.SQL                        : delete from shift_assignments where id=?
Hibernate: delete from shift_assignments where id=?
2025-10-13T15:39:07.003+09:00 DEBUG 18196 --- [Shift Scheduler Demo] [           main] org.hibernate.SQL                        : delete from shift_assignments where id=?
Hibernate: delete from shift_assignments where id=?
2025-10-13T15:39:07.003+09:00 DEBUG 18196 --- [Shift Scheduler Demo] [           main] org.hibernate.SQL                        : delete from shift_assignments where id=?
Hibernate: delete from shift_assignments where id=?
2025-10-13T15:39:07.003+09:00 DEBUG 18196 --- [Shift Scheduler Demo] [           main] org.hibernate.SQL                        : delete from shift_assignments where id=?
Hibernate: delete from shift_assignments where id=?
2025-10-13T15:39:07.003+09:00 DEBUG 18196 --- [Shift Scheduler Demo] [           main] org.hibernate.SQL                        : delete from shift_assignments where id=?
Hibernate: delete from shift_assignments where id=?
2025-10-13T15:39:07.003+09:00 DEBUG 18196 --- [Shift Scheduler Demo] [           main] org.hibernate.SQL                        : delete from shift_assignments where id=?
Hibernate: delete from shift_assignments where id=?
2025-10-13T15:39:07.004+09:00 DEBUG 18196 --- [Shift Scheduler Demo] [           main] org.hibernate.SQL                        : delete from shift_assignments where id=?
Hibernate: delete from shift_assignments where id=?
2025-10-13T15:39:07.004+09:00 DEBUG 18196 --- [Shift Scheduler Demo] [           main] org.hibernate.SQL                        : delete from shift_assignments where id=?
Hibernate: delete from shift_assignments where id=?
2025-10-13T15:39:07.004+09:00 DEBUG 18196 --- [Shift Scheduler Demo] [           main] org.hibernate.SQL                        : delete from shift_assignments where id=?
Hibernate: delete from shift_assignments where id=?
2025-10-13T15:39:07.004+09:00 DEBUG 18196 --- [Shift Scheduler Demo] [           main] org.hibernate.SQL                        : delete from shift_assignments where id=?
Hibernate: delete from shift_assignments where id=?
2025-10-13T15:39:07.004+09:00 DEBUG 18196 --- [Shift Scheduler Demo] [           main] org.hibernate.SQL                        : delete from shift_assignments where id=?
Hibernate: delete from shift_assignments where id=?
2025-10-13T15:39:07.004+09:00 DEBUG 18196 --- [Shift Scheduler Demo] [           main] org.hibernate.SQL                        : delete from shift_assignments where id=?
Hibernate: delete from shift_assignments where id=?
2025-10-13T15:39:07.004+09:00 DEBUG 18196 --- [Shift Scheduler Demo] [           main] org.hibernate.SQL                        : delete from shift_assignments where id=?
Hibernate: delete from shift_assignments where id=?
2025-10-13T15:39:07.004+09:00 DEBUG 18196 --- [Shift Scheduler Demo] [           main] org.hibernate.SQL                        : delete from shift_assignments where id=?
Hibernate: delete from shift_assignments where id=?
2025-10-13T15:39:07.004+09:00 DEBUG 18196 --- [Shift Scheduler Demo] [           main] org.hibernate.SQL                        : delete from shift_assignments where id=?
Hibernate: delete from shift_assignments where id=?
2025-10-13T15:39:07.005+09:00 DEBUG 18196 --- [Shift Scheduler Demo] [           main] org.hibernate.SQL                        : delete from shift_assignments where id=?
Hibernate: delete from shift_assignments where id=?
2025-10-13T15:39:07.005+09:00 DEBUG 18196 --- [Shift Scheduler Demo] [           main] org.hibernate.SQL                        : delete from shift_assignments where id=?
Hibernate: delete from shift_assignments where id=?
2025-10-13T15:39:07.005+09:00 DEBUG 18196 --- [Shift Scheduler Demo] [           main] org.hibernate.SQL                        : delete from shift_assignments where id=?
Hibernate: delete from shift_assignments where id=?
2025-10-13T15:39:07.005+09:00 DEBUG 18196 --- [Shift Scheduler Demo] [           main] org.hibernate.SQL                        : delete from shift_assignments where id=?
Hibernate: delete from shift_assignments where id=?
2025-10-13T15:39:07.005+09:00 DEBUG 18196 --- [Shift Scheduler Demo] [           main] org.hibernate.SQL                        : delete from shift_assignments where id=?
Hibernate: delete from shift_assignments where id=?
2025-10-13T15:39:07.005+09:00 DEBUG 18196 --- [Shift Scheduler Demo] [           main] org.hibernate.SQL                        : delete from shift_assignments where id=?
Hibernate: delete from shift_assignments where id=?
2025-10-13T15:39:07.005+09:00 DEBUG 18196 --- [Shift Scheduler Demo] [           main] org.hibernate.SQL                        : delete from shift_assignments where id=?
Hibernate: delete from shift_assignments where id=?
2025-10-13T15:39:07.005+09:00 DEBUG 18196 --- [Shift Scheduler Demo] [           main] org.hibernate.SQL                        : delete from shift_assignments where id=?
Hibernate: delete from shift_assignments where id=?
2025-10-13T15:39:07.005+09:00 DEBUG 18196 --- [Shift Scheduler Demo] [           main] org.hibernate.SQL                        : delete from shift_assignments where id=?
Hibernate: delete from shift_assignments where id=?
2025-10-13T15:39:07.005+09:00 DEBUG 18196 --- [Shift Scheduler Demo] [           main] org.hibernate.SQL                        : delete from shift_assignments where id=?
Hibernate: delete from shift_assignments where id=?
2025-10-13T15:39:07.006+09:00 DEBUG 18196 --- [Shift Scheduler Demo] [           main] org.hibernate.SQL                        : delete from shift_assignments where id=?
Hibernate: delete from shift_assignments where id=?
2025-10-13T15:39:07.006+09:00 DEBUG 18196 --- [Shift Scheduler Demo] [           main] org.hibernate.SQL                        : delete from shift_assignments where id=?
Hibernate: delete from shift_assignments where id=?
2025-10-13T15:39:07.006+09:00 DEBUG 18196 --- [Shift Scheduler Demo] [           main] org.hibernate.SQL                        : delete from shift_assignments where id=?
Hibernate: delete from shift_assignments where id=?
2025-10-13T15:39:07.006+09:00 DEBUG 18196 --- [Shift Scheduler Demo] [           main] org.hibernate.SQL                        : delete from shift_assignments where id=?
Hibernate: delete from shift_assignments where id=?
2025-10-13T15:39:07.006+09:00 DEBUG 18196 --- [Shift Scheduler Demo] [           main] org.hibernate.SQL                        : delete from shift_assignments where id=?
Hibernate: delete from shift_assignments where id=?
2025-10-13T15:39:07.006+09:00 DEBUG 18196 --- [Shift Scheduler Demo] [           main] org.hibernate.SQL                        : delete from shift_assignments where id=?
Hibernate: delete from shift_assignments where id=?
2025-10-13T15:39:07.006+09:00 DEBUG 18196 --- [Shift Scheduler Demo] [           main] org.hibernate.SQL                        : delete from shift_assignments where id=?
Hibernate: delete from shift_assignments where id=?
2025-10-13T15:39:07.006+09:00 DEBUG 18196 --- [Shift Scheduler Demo] [           main] org.hibernate.SQL                        : delete from shift_assignments where id=?
Hibernate: delete from shift_assignments where id=?
2025-10-13T15:39:07.006+09:00 DEBUG 18196 --- [Shift Scheduler Demo] [           main] org.hibernate.SQL                        : delete from shift_assignments where id=?
Hibernate: delete from shift_assignments where id=?
2025-10-13T15:39:07.006+09:00 DEBUG 18196 --- [Shift Scheduler Demo] [           main] org.hibernate.SQL                        : delete from shift_assignments where id=?
Hibernate: delete from shift_assignments where id=?
2025-10-13T15:39:07.006+09:00 DEBUG 18196 --- [Shift Scheduler Demo] [           main] org.hibernate.SQL                        : delete from shift_assignments where id=?
Hibernate: delete from shift_assignments where id=?
2025-10-13T15:39:07.006+09:00 DEBUG 18196 --- [Shift Scheduler Demo] [           main] org.hibernate.SQL                        : delete from shift_assignments where id=?
Hibernate: delete from shift_assignments where id=?
2025-10-13T15:39:07.007+09:00 DEBUG 18196 --- [Shift Scheduler Demo] [           main] org.hibernate.SQL                        : delete from shift_assignments where id=?
Hibernate: delete from shift_assignments where id=?
2025-10-13T15:39:07.007+09:00 DEBUG 18196 --- [Shift Scheduler Demo] [           main] org.hibernate.SQL                        : delete from shift_assignments where id=?
Hibernate: delete from shift_assignments where id=?
2025-10-13T15:39:07.007+09:00 DEBUG 18196 --- [Shift Scheduler Demo] [           main] org.hibernate.SQL                        : delete from shift_assignments where id=?
Hibernate: delete from shift_assignments where id=?
2025-10-13T15:39:07.007+09:00 DEBUG 18196 --- [Shift Scheduler Demo] [           main] org.hibernate.SQL                        : delete from shift_assignments where id=?
Hibernate: delete from shift_assignments where id=?
2025-10-13T15:39:07.007+09:00 DEBUG 18196 --- [Shift Scheduler Demo] [           main] org.hibernate.SQL                        : delete from shift_assignments where id=?
Hibernate: delete from shift_assignments where id=?
2025-10-13T15:39:07.007+09:00 DEBUG 18196 --- [Shift Scheduler Demo] [           main] org.hibernate.SQL                        : delete from shift_assignments where id=?
Hibernate: delete from shift_assignments where id=?
2025-10-13T15:39:07.007+09:00 DEBUG 18196 --- [Shift Scheduler Demo] [           main] org.hibernate.SQL                        : delete from shift_assignments where id=?
Hibernate: delete from shift_assignments where id=?
2025-10-13T15:39:07.007+09:00 DEBUG 18196 --- [Shift Scheduler Demo] [           main] org.hibernate.SQL                        : delete from shift_assignments where id=?
Hibernate: delete from shift_assignments where id=?
2025-10-13T15:39:07.007+09:00 DEBUG 18196 --- [Shift Scheduler Demo] [           main] org.hibernate.SQL                        : delete from shift_assignments where id=?
Hibernate: delete from shift_assignments where id=?
2025-10-13T15:39:07.007+09:00 DEBUG 18196 --- [Shift Scheduler Demo] [           main] org.hibernate.SQL                        : delete from shift_assignments where id=?
Hibernate: delete from shift_assignments where id=?
2025-10-13T15:39:07.007+09:00 DEBUG 18196 --- [Shift Scheduler Demo] [           main] org.hibernate.SQL                        : delete from shift_assignments where id=?
Hibernate: delete from shift_assignments where id=?
2025-10-13T15:39:07.007+09:00 DEBUG 18196 --- [Shift Scheduler Demo] [           main] org.hibernate.SQL                        : delete from shift_assignments where id=?
Hibernate: delete from shift_assignments where id=?
2025-10-13T15:39:07.008+09:00 DEBUG 18196 --- [Shift Scheduler Demo] [           main] org.hibernate.SQL                        : delete from shift_assignments where id=?
Hibernate: delete from shift_assignments where id=?
2025-10-13T15:39:07.008+09:00 DEBUG 18196 --- [Shift Scheduler Demo] [           main] org.hibernate.SQL                        : delete from shift_assignments where id=?
Hibernate: delete from shift_assignments where id=?
2025-10-13T15:39:07.008+09:00 DEBUG 18196 --- [Shift Scheduler Demo] [           main] org.hibernate.SQL                        : delete from shift_assignments where id=?
Hibernate: delete from shift_assignments where id=?
2025-10-13T15:39:07.008+09:00 DEBUG 18196 --- [Shift Scheduler Demo] [           main] org.hibernate.SQL                        : delete from shift_assignments where id=?
Hibernate: delete from shift_assignments where id=?
2025-10-13T15:39:07.008+09:00 DEBUG 18196 --- [Shift Scheduler Demo] [           main] org.hibernate.SQL                        : delete from shift_assignments where id=?
Hibernate: delete from shift_assignments where id=?
2025-10-13T15:39:07.008+09:00 DEBUG 18196 --- [Shift Scheduler Demo] [           main] org.hibernate.SQL                        : delete from shift_assignments where id=?
Hibernate: delete from shift_assignments where id=?
2025-10-13T15:39:07.008+09:00 DEBUG 18196 --- [Shift Scheduler Demo] [           main] org.hibernate.SQL                        : delete from shift_assignments where id=?
Hibernate: delete from shift_assignments where id=?
2025-10-13T15:39:07.008+09:00 DEBUG 18196 --- [Shift Scheduler Demo] [           main] org.hibernate.SQL                        : delete from shift_assignments where id=?
Hibernate: delete from shift_assignments where id=?
2025-10-13T15:39:07.008+09:00 DEBUG 18196 --- [Shift Scheduler Demo] [           main] org.hibernate.SQL                        : delete from shift_assignments where id=?
Hibernate: delete from shift_assignments where id=?
2025-10-13T15:39:07.008+09:00 DEBUG 18196 --- [Shift Scheduler Demo] [           main] org.hibernate.SQL                        : delete from shift_assignments where id=?
Hibernate: delete from shift_assignments where id=?
2025-10-13T15:39:07.009+09:00 DEBUG 18196 --- [Shift Scheduler Demo] [           main] org.hibernate.SQL                        : delete from shift_assignments where id=?
Hibernate: delete from shift_assignments where id=?
2025-10-13T15:39:07.009+09:00 DEBUG 18196 --- [Shift Scheduler Demo] [           main] org.hibernate.SQL                        : delete from shift_assignments where id=?
Hibernate: delete from shift_assignments where id=?
2025-10-13T15:39:07.009+09:00 DEBUG 18196 --- [Shift Scheduler Demo] [           main] org.hibernate.SQL                        : delete from shift_assignments where id=?
Hibernate: delete from shift_assignments where id=?
2025-10-13T15:39:07.009+09:00 DEBUG 18196 --- [Shift Scheduler Demo] [           main] org.hibernate.SQL                        : delete from shift_assignments where id=?
Hibernate: delete from shift_assignments where id=?
2025-10-13T15:39:07.009+09:00 DEBUG 18196 --- [Shift Scheduler Demo] [           main] org.hibernate.SQL                        : delete from shift_assignments where id=?
Hibernate: delete from shift_assignments where id=?
2025-10-13T15:39:07.009+09:00 DEBUG 18196 --- [Shift Scheduler Demo] [           main] org.hibernate.SQL                        : delete from shift_assignments where id=?
Hibernate: delete from shift_assignments where id=?
2025-10-13T15:39:07.009+09:00 DEBUG 18196 --- [Shift Scheduler Demo] [           main] org.hibernate.SQL                        : delete from shift_assignments where id=?
Hibernate: delete from shift_assignments where id=?
2025-10-13T15:39:07.009+09:00 DEBUG 18196 --- [Shift Scheduler Demo] [           main] org.hibernate.SQL                        : delete from shift_assignments where id=?
Hibernate: delete from shift_assignments where id=?
2025-10-13T15:39:07.009+09:00 DEBUG 18196 --- [Shift Scheduler Demo] [           main] org.hibernate.SQL                        : delete from shift_assignments where id=?
Hibernate: delete from shift_assignments where id=?
2025-10-13T15:39:07.009+09:00 DEBUG 18196 --- [Shift Scheduler Demo] [           main] org.hibernate.SQL                        : delete from shift_assignments where id=?
Hibernate: delete from shift_assignments where id=?
2025-10-13T15:39:07.009+09:00 DEBUG 18196 --- [Shift Scheduler Demo] [           main] org.hibernate.SQL                        : delete from shift_assignments where id=?
Hibernate: delete from shift_assignments where id=?
2025-10-13T15:39:07.009+09:00 DEBUG 18196 --- [Shift Scheduler Demo] [           main] org.hibernate.SQL                        : delete from shift_assignments where id=?
Hibernate: delete from shift_assignments where id=?
2025-10-13T15:39:07.009+09:00 DEBUG 18196 --- [Shift Scheduler Demo] [           main] org.hibernate.SQL                        : delete from shift_assignments where id=?
Hibernate: delete from shift_assignments where id=?
2025-10-13T15:39:07.010+09:00 DEBUG 18196 --- [Shift Scheduler Demo] [           main] org.hibernate.SQL                        : delete from shift_assignments where id=?
Hibernate: delete from shift_assignments where id=?
2025-10-13T15:39:07.010+09:00 DEBUG 18196 --- [Shift Scheduler Demo] [           main] org.hibernate.SQL                        : delete from shift_assignments where id=?
Hibernate: delete from shift_assignments where id=?
2025-10-13T15:39:07.010+09:00 DEBUG 18196 --- [Shift Scheduler Demo] [           main] org.hibernate.SQL                        : delete from shift_assignments where id=?
Hibernate: delete from shift_assignments where id=?
2025-10-13T15:39:07.010+09:00 DEBUG 18196 --- [Shift Scheduler Demo] [           main] org.hibernate.SQL                        : delete from shift_assignments where id=?
Hibernate: delete from shift_assignments where id=?
2025-10-13T15:39:07.010+09:00 DEBUG 18196 --- [Shift Scheduler Demo] [           main] org.hibernate.SQL                        : delete from shift_assignments where id=?
Hibernate: delete from shift_assignments where id=?
2025-10-13T15:39:07.010+09:00 DEBUG 18196 --- [Shift Scheduler Demo] [           main] org.hibernate.SQL                        : delete from shift_assignments where id=?
Hibernate: delete from shift_assignments where id=?
2025-10-13T15:39:07.010+09:00 DEBUG 18196 --- [Shift Scheduler Demo] [           main] org.hibernate.SQL                        : delete from shift_assignments where id=?
Hibernate: delete from shift_assignments where id=?
2025-10-13T15:39:07.010+09:00 DEBUG 18196 --- [Shift Scheduler Demo] [           main] org.hibernate.SQL                        : delete from shift_assignments where id=?
Hibernate: delete from shift_assignments where id=?
2025-10-13T15:39:07.010+09:00 DEBUG 18196 --- [Shift Scheduler Demo] [           main] org.hibernate.SQL                        : delete from shift_assignments where id=?
Hibernate: delete from shift_assignments where id=?
2025-10-13T15:39:07.010+09:00 DEBUG 18196 --- [Shift Scheduler Demo] [           main] org.hibernate.SQL                        : delete from shift_assignments where id=?
Hibernate: delete from shift_assignments where id=?
2025-10-13T15:39:07.010+09:00 DEBUG 18196 --- [Shift Scheduler Demo] [           main] org.hibernate.SQL                        : delete from shift_assignments where id=?
Hibernate: delete from shift_assignments where id=?
2025-10-13T15:39:07.010+09:00 DEBUG 18196 --- [Shift Scheduler Demo] [           main] org.hibernate.SQL                        : delete from shift_assignments where id=?
Hibernate: delete from shift_assignments where id=?
2025-10-13T15:39:07.011+09:00 DEBUG 18196 --- [Shift Scheduler Demo] [           main] org.hibernate.SQL                        : delete from shift_assignments where id=?
Hibernate: delete from shift_assignments where id=?
2025-10-13T15:39:07.011+09:00 DEBUG 18196 --- [Shift Scheduler Demo] [           main] org.hibernate.SQL                        : delete from shift_assignments where id=?
Hibernate: delete from shift_assignments where id=?
2025-10-13T15:39:07.011+09:00 DEBUG 18196 --- [Shift Scheduler Demo] [           main] org.hibernate.SQL                        : delete from shift_assignments where id=?
Hibernate: delete from shift_assignments where id=?
2025-10-13T15:39:07.011+09:00 DEBUG 18196 --- [Shift Scheduler Demo] [           main] org.hibernate.SQL                        : delete from shift_assignments where id=?
Hibernate: delete from shift_assignments where id=?
2025-10-13T15:39:07.011+09:00 DEBUG 18196 --- [Shift Scheduler Demo] [           main] org.hibernate.SQL                        : delete from shift_assignments where id=?
Hibernate: delete from shift_assignments where id=?
2025-10-13T15:39:07.011+09:00 DEBUG 18196 --- [Shift Scheduler Demo] [           main] org.hibernate.SQL                        : delete from shift_assignments where id=?
Hibernate: delete from shift_assignments where id=?
2025-10-13T15:39:07.011+09:00 DEBUG 18196 --- [Shift Scheduler Demo] [           main] org.hibernate.SQL                        : delete from shift_assignments where id=?
Hibernate: delete from shift_assignments where id=?
2025-10-13T15:39:07.011+09:00 DEBUG 18196 --- [Shift Scheduler Demo] [           main] org.hibernate.SQL                        : delete from shift_assignments where id=?
Hibernate: delete from shift_assignments where id=?
2025-10-13T15:39:07.011+09:00 DEBUG 18196 --- [Shift Scheduler Demo] [           main] org.hibernate.SQL                        : delete from shift_assignments where id=?
Hibernate: delete from shift_assignments where id=?
2025-10-13T15:39:07.011+09:00 DEBUG 18196 --- [Shift Scheduler Demo] [           main] org.hibernate.SQL                        : delete from shift_assignments where id=?
Hibernate: delete from shift_assignments where id=?
2025-10-13T15:39:07.011+09:00 DEBUG 18196 --- [Shift Scheduler Demo] [           main] org.hibernate.SQL                        : delete from shift_assignments where id=?
Hibernate: delete from shift_assignments where id=?
2025-10-13T15:39:07.011+09:00 DEBUG 18196 --- [Shift Scheduler Demo] [           main] org.hibernate.SQL                        : delete from shift_assignments where id=?
Hibernate: delete from shift_assignments where id=?
2025-10-13T15:39:07.011+09:00 DEBUG 18196 --- [Shift Scheduler Demo] [           main] org.hibernate.SQL                        : delete from shift_assignments where id=?
Hibernate: delete from shift_assignments where id=?
2025-10-13T15:39:07.011+09:00 DEBUG 18196 --- [Shift Scheduler Demo] [           main] org.hibernate.SQL                        : delete from shift_assignments where id=?
Hibernate: delete from shift_assignments where id=?
2025-10-13T15:39:07.011+09:00 DEBUG 18196 --- [Shift Scheduler Demo] [           main] org.hibernate.SQL                        : delete from shift_assignments where id=?
Hibernate: delete from shift_assignments where id=?
2025-10-13T15:39:07.012+09:00 DEBUG 18196 --- [Shift Scheduler Demo] [           main] org.hibernate.SQL                        : delete from shift_assignments where id=?
Hibernate: delete from shift_assignments where id=?
2025-10-13T15:39:07.012+09:00 DEBUG 18196 --- [Shift Scheduler Demo] [           main] org.hibernate.SQL                        : delete from shift_assignments where id=?
Hibernate: delete from shift_assignments where id=?
2025-10-13T15:39:07.012+09:00 DEBUG 18196 --- [Shift Scheduler Demo] [           main] org.hibernate.SQL                        : delete from shift_assignments where id=?
Hibernate: delete from shift_assignments where id=?
2025-10-13T15:39:07.012+09:00 DEBUG 18196 --- [Shift Scheduler Demo] [           main] org.hibernate.SQL                        : delete from shift_assignments where id=?
Hibernate: delete from shift_assignments where id=?
2025-10-13T15:39:07.012+09:00 DEBUG 18196 --- [Shift Scheduler Demo] [           main] org.hibernate.SQL                        : delete from shift_assignments where id=?
Hibernate: delete from shift_assignments where id=?
2025-10-13T15:39:07.012+09:00 DEBUG 18196 --- [Shift Scheduler Demo] [           main] org.hibernate.SQL                        : delete from shift_assignments where id=?
Hibernate: delete from shift_assignments where id=?
2025-10-13T15:39:07.012+09:00 DEBUG 18196 --- [Shift Scheduler Demo] [           main] org.hibernate.SQL                        : delete from shift_assignments where id=?
Hibernate: delete from shift_assignments where id=?
2025-10-13T15:39:07.012+09:00 DEBUG 18196 --- [Shift Scheduler Demo] [           main] org.hibernate.SQL                        : delete from shift_assignments where id=?
Hibernate: delete from shift_assignments where id=?
2025-10-13T15:39:07.012+09:00 DEBUG 18196 --- [Shift Scheduler Demo] [           main] org.hibernate.SQL                        : delete from shift_assignments where id=?
Hibernate: delete from shift_assignments where id=?
2025-10-13T15:39:07.012+09:00 DEBUG 18196 --- [Shift Scheduler Demo] [           main] org.hibernate.SQL                        : delete from shift_assignments where id=?
Hibernate: delete from shift_assignments where id=?
2025-10-13T15:39:07.012+09:00 DEBUG 18196 --- [Shift Scheduler Demo] [           main] org.hibernate.SQL                        : delete from shift_assignments where id=?
Hibernate: delete from shift_assignments where id=?
2025-10-13T15:39:07.012+09:00 DEBUG 18196 --- [Shift Scheduler Demo] [           main] org.hibernate.SQL                        : delete from shift_assignments where id=?
Hibernate: delete from shift_assignments where id=?
2025-10-13T15:39:07.012+09:00 DEBUG 18196 --- [Shift Scheduler Demo] [           main] org.hibernate.SQL                        : delete from shift_assignments where id=?
Hibernate: delete from shift_assignments where id=?
2025-10-13T15:39:07.012+09:00 DEBUG 18196 --- [Shift Scheduler Demo] [           main] org.hibernate.SQL                        : delete from shift_assignments where id=?
Hibernate: delete from shift_assignments where id=?
2025-10-13T15:39:07.012+09:00 DEBUG 18196 --- [Shift Scheduler Demo] [           main] org.hibernate.SQL                        : delete from shift_assignments where id=?
Hibernate: delete from shift_assignments where id=?
2025-10-13T15:39:07.012+09:00 DEBUG 18196 --- [Shift Scheduler Demo] [           main] org.hibernate.SQL                        : delete from shift_assignments where id=?
Hibernate: delete from shift_assignments where id=?
2025-10-13T15:39:07.012+09:00 DEBUG 18196 --- [Shift Scheduler Demo] [           main] org.hibernate.SQL                        : delete from shift_assignments where id=?
Hibernate: delete from shift_assignments where id=?
2025-10-13T15:39:07.013+09:00 DEBUG 18196 --- [Shift Scheduler Demo] [           main] org.hibernate.SQL                        : delete from shift_assignments where id=?
Hibernate: delete from shift_assignments where id=?
2025-10-13T15:39:07.013+09:00 DEBUG 18196 --- [Shift Scheduler Demo] [           main] org.hibernate.SQL                        : delete from shift_assignments where id=?
Hibernate: delete from shift_assignments where id=?
2025-10-13T15:39:07.013+09:00 DEBUG 18196 --- [Shift Scheduler Demo] [           main] org.hibernate.SQL                        : delete from shift_assignments where id=?
Hibernate: delete from shift_assignments where id=?
2025-10-13T15:39:07.013+09:00 DEBUG 18196 --- [Shift Scheduler Demo] [           main] org.hibernate.SQL                        : delete from shift_assignments where id=?
Hibernate: delete from shift_assignments where id=?
2025-10-13T15:39:07.013+09:00 DEBUG 18196 --- [Shift Scheduler Demo] [           main] org.hibernate.SQL                        : delete from shift_assignments where id=?
Hibernate: delete from shift_assignments where id=?
2025-10-13T15:39:07.013+09:00 DEBUG 18196 --- [Shift Scheduler Demo] [           main] org.hibernate.SQL                        : delete from shift_assignments where id=?
Hibernate: delete from shift_assignments where id=?
2025-10-13T15:39:07.013+09:00 DEBUG 18196 --- [Shift Scheduler Demo] [           main] org.hibernate.SQL                        : delete from shift_assignments where id=?
Hibernate: delete from shift_assignments where id=?
2025-10-13T15:39:07.013+09:00 DEBUG 18196 --- [Shift Scheduler Demo] [           main] org.hibernate.SQL                        : delete from shift_assignments where id=?
Hibernate: delete from shift_assignments where id=?
2025-10-13T15:39:07.013+09:00 DEBUG 18196 --- [Shift Scheduler Demo] [           main] org.hibernate.SQL                        : delete from shift_assignments where id=?
Hibernate: delete from shift_assignments where id=?
2025-10-13T15:39:07.013+09:00 DEBUG 18196 --- [Shift Scheduler Demo] [           main] org.hibernate.SQL                        : delete from shift_assignments where id=?
Hibernate: delete from shift_assignments where id=?
2025-10-13T15:39:07.013+09:00 DEBUG 18196 --- [Shift Scheduler Demo] [           main] org.hibernate.SQL                        : delete from shift_assignments where id=?
Hibernate: delete from shift_assignments where id=?
2025-10-13T15:39:07.013+09:00 DEBUG 18196 --- [Shift Scheduler Demo] [           main] org.hibernate.SQL                        : delete from shift_assignments where id=?
Hibernate: delete from shift_assignments where id=?
2025-10-13T15:39:07.013+09:00 DEBUG 18196 --- [Shift Scheduler Demo] [           main] org.hibernate.SQL                        : delete from shift_assignments where id=?
Hibernate: delete from shift_assignments where id=?
2025-10-13T15:39:07.013+09:00 DEBUG 18196 --- [Shift Scheduler Demo] [           main] org.hibernate.SQL                        : delete from shift_assignments where id=?
Hibernate: delete from shift_assignments where id=?
2025-10-13T15:39:07.013+09:00 DEBUG 18196 --- [Shift Scheduler Demo] [           main] org.hibernate.SQL                        : delete from shift_assignments where id=?
Hibernate: delete from shift_assignments where id=?
2025-10-13T15:39:07.013+09:00 DEBUG 18196 --- [Shift Scheduler Demo] [           main] org.hibernate.SQL                        : delete from shift_assignments where id=?
Hibernate: delete from shift_assignments where id=?
2025-10-13T15:39:07.013+09:00 DEBUG 18196 --- [Shift Scheduler Demo] [           main] org.hibernate.SQL                        : delete from shift_assignments where id=?
Hibernate: delete from shift_assignments where id=?
2025-10-13T15:39:07.013+09:00 DEBUG 18196 --- [Shift Scheduler Demo] [           main] org.hibernate.SQL                        : delete from shift_assignments where id=?
Hibernate: delete from shift_assignments where id=?
2025-10-13T15:39:07.014+09:00 DEBUG 18196 --- [Shift Scheduler Demo] [           main] org.hibernate.SQL                        : delete from shift_assignments where id=?
Hibernate: delete from shift_assignments where id=?
2025-10-13T15:39:07.014+09:00 DEBUG 18196 --- [Shift Scheduler Demo] [           main] org.hibernate.SQL                        : delete from shift_assignments where id=?
Hibernate: delete from shift_assignments where id=?
2025-10-13T15:39:07.014+09:00 DEBUG 18196 --- [Shift Scheduler Demo] [           main] org.hibernate.SQL                        : delete from shift_assignments where id=?
Hibernate: delete from shift_assignments where id=?
2025-10-13T15:39:07.014+09:00 DEBUG 18196 --- [Shift Scheduler Demo] [           main] org.hibernate.SQL                        : delete from shift_assignments where id=?
Hibernate: delete from shift_assignments where id=?
2025-10-13T15:39:07.014+09:00 DEBUG 18196 --- [Shift Scheduler Demo] [           main] org.hibernate.SQL                        : delete from shift_assignments where id=?
Hibernate: delete from shift_assignments where id=?
2025-10-13T15:39:07.014+09:00 DEBUG 18196 --- [Shift Scheduler Demo] [           main] org.hibernate.SQL                        : delete from shift_assignments where id=?
Hibernate: delete from shift_assignments where id=?
2025-10-13T15:39:07.014+09:00 DEBUG 18196 --- [Shift Scheduler Demo] [           main] org.hibernate.SQL                        : delete from shift_assignments where id=?
Hibernate: delete from shift_assignments where id=?
2025-10-13T15:39:07.014+09:00 DEBUG 18196 --- [Shift Scheduler Demo] [           main] org.hibernate.SQL                        : delete from shift_assignments where id=?
Hibernate: delete from shift_assignments where id=?
2025-10-13T15:39:07.014+09:00 DEBUG 18196 --- [Shift Scheduler Demo] [           main] org.hibernate.SQL                        : delete from shift_assignments where id=?
Hibernate: delete from shift_assignments where id=?
2025-10-13T15:39:07.014+09:00 DEBUG 18196 --- [Shift Scheduler Demo] [           main] org.hibernate.SQL                        : delete from shift_assignments where id=?
Hibernate: delete from shift_assignments where id=?
2025-10-13T15:39:07.014+09:00 DEBUG 18196 --- [Shift Scheduler Demo] [           main] org.hibernate.SQL                        : delete from shift_assignments where id=?
Hibernate: delete from shift_assignments where id=?
2025-10-13T15:39:07.016+09:00 DEBUG 18196 --- [Shift Scheduler Demo] [           main] org.hibernate.SQL                        : delete from shift_assignments where id=?
Hibernate: delete from shift_assignments where id=?
2025-10-13T15:39:07.017+09:00 DEBUG 18196 --- [Shift Scheduler Demo] [           main] org.hibernate.SQL                        : delete from shift_assignments where id=?
Hibernate: delete from shift_assignments where id=?
2025-10-13T15:39:07.018+09:00 DEBUG 18196 --- [Shift Scheduler Demo] [           main] org.hibernate.SQL                        : delete from shift_assignments where id=?
Hibernate: delete from shift_assignments where id=?
2025-10-13T15:39:07.018+09:00 DEBUG 18196 --- [Shift Scheduler Demo] [           main] org.hibernate.SQL                        : delete from shift_assignments where id=?
Hibernate: delete from shift_assignments where id=?
2025-10-13T15:39:07.018+09:00 DEBUG 18196 --- [Shift Scheduler Demo] [           main] org.hibernate.SQL                        : delete from shift_assignments where id=?
Hibernate: delete from shift_assignments where id=?
2025-10-13T15:39:07.018+09:00 DEBUG 18196 --- [Shift Scheduler Demo] [           main] org.hibernate.SQL                        : delete from shift_assignments where id=?
Hibernate: delete from shift_assignments where id=?
2025-10-13T15:39:07.018+09:00 DEBUG 18196 --- [Shift Scheduler Demo] [           main] org.hibernate.SQL                        : delete from shift_assignments where id=?
Hibernate: delete from shift_assignments where id=?
2025-10-13T15:39:07.018+09:00 DEBUG 18196 --- [Shift Scheduler Demo] [           main] org.hibernate.SQL                        : delete from shift_assignments where id=?
Hibernate: delete from shift_assignments where id=?
2025-10-13T15:39:07.018+09:00 DEBUG 18196 --- [Shift Scheduler Demo] [           main] org.hibernate.SQL                        : delete from shift_assignments where id=?
Hibernate: delete from shift_assignments where id=?
2025-10-13T15:39:07.018+09:00 DEBUG 18196 --- [Shift Scheduler Demo] [           main] org.hibernate.SQL                        : delete from shift_assignments where id=?
Hibernate: delete from shift_assignments where id=?
2025-10-13T15:39:07.018+09:00 DEBUG 18196 --- [Shift Scheduler Demo] [           main] org.hibernate.SQL                        : delete from shift_assignments where id=?
Hibernate: delete from shift_assignments where id=?
2025-10-13T15:39:07.018+09:00 DEBUG 18196 --- [Shift Scheduler Demo] [           main] org.hibernate.SQL                        : delete from shift_assignments where id=?
Hibernate: delete from shift_assignments where id=?
2025-10-13T15:39:07.018+09:00 DEBUG 18196 --- [Shift Scheduler Demo] [           main] org.hibernate.SQL                        : delete from shift_assignments where id=?
Hibernate: delete from shift_assignments where id=?
2025-10-13T15:39:07.018+09:00 DEBUG 18196 --- [Shift Scheduler Demo] [           main] org.hibernate.SQL                        : delete from shift_assignments where id=?
Hibernate: delete from shift_assignments where id=?
2025-10-13T15:39:07.019+09:00 DEBUG 18196 --- [Shift Scheduler Demo] [           main] org.hibernate.SQL                        : delete from shift_assignments where id=?
Hibernate: delete from shift_assignments where id=?
2025-10-13T15:39:07.019+09:00 DEBUG 18196 --- [Shift Scheduler Demo] [           main] org.hibernate.SQL                        : delete from shift_assignments where id=?
Hibernate: delete from shift_assignments where id=?
2025-10-13T15:39:07.019+09:00 DEBUG 18196 --- [Shift Scheduler Demo] [           main] org.hibernate.SQL                        : delete from shift_assignments where id=?
Hibernate: delete from shift_assignments where id=?
2025-10-13T15:39:07.019+09:00 DEBUG 18196 --- [Shift Scheduler Demo] [           main] org.hibernate.SQL                        : delete from shift_assignments where id=?
Hibernate: delete from shift_assignments where id=?
2025-10-13T15:39:07.019+09:00 DEBUG 18196 --- [Shift Scheduler Demo] [           main] org.hibernate.SQL                        : delete from shift_assignments where id=?
Hibernate: delete from shift_assignments where id=?
2025-10-13T15:39:07.019+09:00 DEBUG 18196 --- [Shift Scheduler Demo] [           main] org.hibernate.SQL                        : delete from shift_assignments where id=?
Hibernate: delete from shift_assignments where id=?
2025-10-13T15:39:07.019+09:00 DEBUG 18196 --- [Shift Scheduler Demo] [           main] org.hibernate.SQL                        : delete from shift_assignments where id=?
Hibernate: delete from shift_assignments where id=?
2025-10-13T15:39:07.019+09:00 DEBUG 18196 --- [Shift Scheduler Demo] [           main] org.hibernate.SQL                        : delete from shift_assignments where id=?
Hibernate: delete from shift_assignments where id=?
2025-10-13T15:39:07.019+09:00 DEBUG 18196 --- [Shift Scheduler Demo] [           main] org.hibernate.SQL                        : delete from shift_assignments where id=?
Hibernate: delete from shift_assignments where id=?
2025-10-13T15:39:07.019+09:00 DEBUG 18196 --- [Shift Scheduler Demo] [           main] org.hibernate.SQL                        : delete from shift_assignments where id=?
Hibernate: delete from shift_assignments where id=?
2025-10-13T15:39:07.019+09:00 DEBUG 18196 --- [Shift Scheduler Demo] [           main] org.hibernate.SQL                        : delete from shift_assignments where id=?
Hibernate: delete from shift_assignments where id=?
2025-10-13T15:39:07.019+09:00 DEBUG 18196 --- [Shift Scheduler Demo] [           main] org.hibernate.SQL                        : delete from shift_assignments where id=?
Hibernate: delete from shift_assignments where id=?
2025-10-13T15:39:07.019+09:00 DEBUG 18196 --- [Shift Scheduler Demo] [           main] org.hibernate.SQL                        : delete from shift_assignments where id=?
Hibernate: delete from shift_assignments where id=?
2025-10-13T15:39:07.020+09:00 DEBUG 18196 --- [Shift Scheduler Demo] [           main] org.hibernate.SQL                        : delete from shift_assignments where id=?
Hibernate: delete from shift_assignments where id=?
2025-10-13T15:39:07.020+09:00 DEBUG 18196 --- [Shift Scheduler Demo] [           main] org.hibernate.SQL                        : delete from shift_assignments where id=?
Hibernate: delete from shift_assignments where id=?
2025-10-13T15:39:07.020+09:00 DEBUG 18196 --- [Shift Scheduler Demo] [           main] org.hibernate.SQL                        : delete from shift_assignments where id=?
Hibernate: delete from shift_assignments where id=?
2025-10-13T15:39:07.020+09:00 DEBUG 18196 --- [Shift Scheduler Demo] [           main] org.hibernate.SQL                        : delete from employee_constraints where id=?
Hibernate: delete from employee_constraints where id=?
2025-10-13T15:39:07.020+09:00 DEBUG 18196 --- [Shift Scheduler Demo] [           main] org.hibernate.SQL                        : delete from employee_constraints where id=?
Hibernate: delete from employee_constraints where id=?
2025-10-13T15:39:07.020+09:00 DEBUG 18196 --- [Shift Scheduler Demo] [           main] org.hibernate.SQL                        : delete from employee_constraints where id=?
Hibernate: delete from employee_constraints where id=?
2025-10-13T15:39:07.020+09:00 DEBUG 18196 --- [Shift Scheduler Demo] [           main] org.hibernate.SQL                        : delete from employee_constraints where id=?
Hibernate: delete from employee_constraints where id=?
2025-10-13T15:39:07.020+09:00 DEBUG 18196 --- [Shift Scheduler Demo] [           main] org.hibernate.SQL                        : delete from employee_constraints where id=?
Hibernate: delete from employee_constraints where id=?
2025-10-13T15:39:07.020+09:00 DEBUG 18196 --- [Shift Scheduler Demo] [           main] org.hibernate.SQL                        : delete from employee_constraints where id=?
Hibernate: delete from employee_constraints where id=?
2025-10-13T15:39:07.020+09:00 DEBUG 18196 --- [Shift Scheduler Demo] [           main] org.hibernate.SQL                        : delete from employee_constraints where id=?
Hibernate: delete from employee_constraints where id=?
2025-10-13T15:39:07.020+09:00 DEBUG 18196 --- [Shift Scheduler Demo] [           main] org.hibernate.SQL                        : delete from employee_constraints where id=?
Hibernate: delete from employee_constraints where id=?
2025-10-13T15:39:07.021+09:00 DEBUG 18196 --- [Shift Scheduler Demo] [           main] org.hibernate.SQL                        : delete from employee_constraints where id=?
Hibernate: delete from employee_constraints where id=?
2025-10-13T15:39:07.021+09:00 DEBUG 18196 --- [Shift Scheduler Demo] [           main] org.hibernate.SQL                        : delete from employee_constraints where id=?
Hibernate: delete from employee_constraints where id=?
2025-10-13T15:39:07.021+09:00 DEBUG 18196 --- [Shift Scheduler Demo] [           main] org.hibernate.SQL                        : delete from employee_constraints where id=?
Hibernate: delete from employee_constraints where id=?
2025-10-13T15:39:07.021+09:00 DEBUG 18196 --- [Shift Scheduler Demo] [           main] org.hibernate.SQL                        : delete from employee_constraints where id=?
Hibernate: delete from employee_constraints where id=?
2025-10-13T15:39:07.021+09:00 DEBUG 18196 --- [Shift Scheduler Demo] [           main] org.hibernate.SQL                        : delete from employee_constraints where id=?
Hibernate: delete from employee_constraints where id=?
2025-10-13T15:39:07.021+09:00 DEBUG 18196 --- [Shift Scheduler Demo] [           main] org.hibernate.SQL                        : delete from employee_constraints where id=?
Hibernate: delete from employee_constraints where id=?
2025-10-13T15:39:07.021+09:00 DEBUG 18196 --- [Shift Scheduler Demo] [           main] org.hibernate.SQL                        : delete from employee_constraints where id=?
Hibernate: delete from employee_constraints where id=?
2025-10-13T15:39:07.021+09:00 DEBUG 18196 --- [Shift Scheduler Demo] [           main] org.hibernate.SQL                        : delete from employee_constraints where id=?
Hibernate: delete from employee_constraints where id=?
2025-10-13T15:39:07.021+09:00 DEBUG 18196 --- [Shift Scheduler Demo] [           main] org.hibernate.SQL                        : delete from employee_constraints where id=?
Hibernate: delete from employee_constraints where id=?
2025-10-13T15:39:07.021+09:00 DEBUG 18196 --- [Shift Scheduler Demo] [           main] org.hibernate.SQL                        : delete from employee_constraints where id=?
Hibernate: delete from employee_constraints where id=?
2025-10-13T15:39:07.021+09:00 DEBUG 18196 --- [Shift Scheduler Demo] [           main] org.hibernate.SQL                        : delete from employee_constraints where id=?
Hibernate: delete from employee_constraints where id=?
2025-10-13T15:39:07.021+09:00 DEBUG 18196 --- [Shift Scheduler Demo] [           main] org.hibernate.SQL                        : delete from employee_constraints where id=?
Hibernate: delete from employee_constraints where id=?
2025-10-13T15:39:07.023+09:00 DEBUG 18196 --- [Shift Scheduler Demo] [           main] org.hibernate.SQL                        : delete from employee_constraints where id=?
Hibernate: delete from employee_constraints where id=?
2025-10-13T15:39:07.023+09:00 DEBUG 18196 --- [Shift Scheduler Demo] [           main] org.hibernate.SQL                        : delete from employee_constraints where id=?
Hibernate: delete from employee_constraints where id=?
2025-10-13T15:39:07.023+09:00 DEBUG 18196 --- [Shift Scheduler Demo] [           main] org.hibernate.SQL                        : delete from employee_constraints where id=?
Hibernate: delete from employee_constraints where id=?
2025-10-13T15:39:07.023+09:00 DEBUG 18196 --- [Shift Scheduler Demo] [           main] org.hibernate.SQL                        : delete from employee_constraints where id=?
Hibernate: delete from employee_constraints where id=?
2025-10-13T15:39:07.023+09:00 DEBUG 18196 --- [Shift Scheduler Demo] [           main] org.hibernate.SQL                        : delete from employee_constraints where id=?
Hibernate: delete from employee_constraints where id=?
2025-10-13T15:39:07.023+09:00 DEBUG 18196 --- [Shift Scheduler Demo] [           main] org.hibernate.SQL                        : delete from employee_constraints where id=?
Hibernate: delete from employee_constraints where id=?
2025-10-13T15:39:07.023+09:00 DEBUG 18196 --- [Shift Scheduler Demo] [           main] org.hibernate.SQL                        : delete from employee_constraints where id=?
Hibernate: delete from employee_constraints where id=?
2025-10-13T15:39:07.023+09:00 DEBUG 18196 --- [Shift Scheduler Demo] [           main] org.hibernate.SQL                        : delete from employee_constraints where id=?
Hibernate: delete from employee_constraints where id=?
2025-10-13T15:39:07.023+09:00 DEBUG 18196 --- [Shift Scheduler Demo] [           main] org.hibernate.SQL                        : delete from employee_constraints where id=?
Hibernate: delete from employee_constraints where id=?
2025-10-13T15:39:07.023+09:00 DEBUG 18196 --- [Shift Scheduler Demo] [           main] org.hibernate.SQL                        : delete from employee_constraints where id=?
Hibernate: delete from employee_constraints where id=?
2025-10-13T15:39:07.023+09:00 DEBUG 18196 --- [Shift Scheduler Demo] [           main] org.hibernate.SQL                        : delete from employee_constraints where id=?
Hibernate: delete from employee_constraints where id=?
2025-10-13T15:39:07.023+09:00 DEBUG 18196 --- [Shift Scheduler Demo] [           main] org.hibernate.SQL                        : delete from employee_constraints where id=?
Hibernate: delete from employee_constraints where id=?
2025-10-13T15:39:07.023+09:00 DEBUG 18196 --- [Shift Scheduler Demo] [           main] org.hibernate.SQL                        : delete from employee_constraints where id=?
Hibernate: delete from employee_constraints where id=?
2025-10-13T15:39:07.023+09:00 DEBUG 18196 --- [Shift Scheduler Demo] [           main] org.hibernate.SQL                        : delete from employee_constraints where id=?
Hibernate: delete from employee_constraints where id=?
2025-10-13T15:39:07.023+09:00 DEBUG 18196 --- [Shift Scheduler Demo] [           main] org.hibernate.SQL                        : delete from employee_constraints where id=?
Hibernate: delete from employee_constraints where id=?
2025-10-13T15:39:07.024+09:00 DEBUG 18196 --- [Shift Scheduler Demo] [           main] org.hibernate.SQL                        : delete from employee_constraints where id=?
Hibernate: delete from employee_constraints where id=?
2025-10-13T15:39:07.024+09:00 DEBUG 18196 --- [Shift Scheduler Demo] [           main] org.hibernate.SQL                        : delete from employee_constraints where id=?
Hibernate: delete from employee_constraints where id=?
2025-10-13T15:39:07.024+09:00 DEBUG 18196 --- [Shift Scheduler Demo] [           main] org.hibernate.SQL                        : delete from employee_constraints where id=?
Hibernate: delete from employee_constraints where id=?
2025-10-13T15:39:07.024+09:00 DEBUG 18196 --- [Shift Scheduler Demo] [           main] org.hibernate.SQL                        : delete from employee_constraints where id=?
Hibernate: delete from employee_constraints where id=?
2025-10-13T15:39:07.024+09:00 DEBUG 18196 --- [Shift Scheduler Demo] [           main] org.hibernate.SQL                        : delete from employee_constraints where id=?
Hibernate: delete from employee_constraints where id=?
2025-10-13T15:39:07.024+09:00 DEBUG 18196 --- [Shift Scheduler Demo] [           main] org.hibernate.SQL                        : delete from employee_constraints where id=?
Hibernate: delete from employee_constraints where id=?
2025-10-13T15:39:07.024+09:00 DEBUG 18196 --- [Shift Scheduler Demo] [           main] org.hibernate.SQL                        : delete from employee_constraints where id=?
Hibernate: delete from employee_constraints where id=?
2025-10-13T15:39:07.024+09:00 DEBUG 18196 --- [Shift Scheduler Demo] [           main] org.hibernate.SQL                        : delete from employee_constraints where id=?
Hibernate: delete from employee_constraints where id=?
2025-10-13T15:39:07.024+09:00 DEBUG 18196 --- [Shift Scheduler Demo] [           main] org.hibernate.SQL                        : delete from employee_constraints where id=?
Hibernate: delete from employee_constraints where id=?
2025-10-13T15:39:07.024+09:00 DEBUG 18196 --- [Shift Scheduler Demo] [           main] org.hibernate.SQL                        : delete from employee_constraints where id=?
Hibernate: delete from employee_constraints where id=?
2025-10-13T15:39:07.024+09:00 DEBUG 18196 --- [Shift Scheduler Demo] [           main] org.hibernate.SQL                        : delete from employee_constraints where id=?
Hibernate: delete from employee_constraints where id=?
2025-10-13T15:39:07.024+09:00 DEBUG 18196 --- [Shift Scheduler Demo] [           main] org.hibernate.SQL                        : delete from employee_constraints where id=?
Hibernate: delete from employee_constraints where id=?
2025-10-13T15:39:07.025+09:00 DEBUG 18196 --- [Shift Scheduler Demo] [           main] org.hibernate.SQL                        : delete from employee_constraints where id=?
Hibernate: delete from employee_constraints where id=?
2025-10-13T15:39:07.025+09:00 DEBUG 18196 --- [Shift Scheduler Demo] [           main] org.hibernate.SQL                        : delete from employee_constraints where id=?
Hibernate: delete from employee_constraints where id=?
2025-10-13T15:39:07.025+09:00 DEBUG 18196 --- [Shift Scheduler Demo] [           main] org.hibernate.SQL                        : delete from employee_constraints where id=?
Hibernate: delete from employee_constraints where id=?
2025-10-13T15:39:07.025+09:00 DEBUG 18196 --- [Shift Scheduler Demo] [           main] org.hibernate.SQL                        : delete from employee_constraints where id=?
Hibernate: delete from employee_constraints where id=?
2025-10-13T15:39:07.025+09:00 DEBUG 18196 --- [Shift Scheduler Demo] [           main] org.hibernate.SQL                        : delete from employee_constraints where id=?
Hibernate: delete from employee_constraints where id=?
2025-10-13T15:39:07.025+09:00 DEBUG 18196 --- [Shift Scheduler Demo] [           main] org.hibernate.SQL                        : delete from employee_constraints where id=?
Hibernate: delete from employee_constraints where id=?
2025-10-13T15:39:07.025+09:00 DEBUG 18196 --- [Shift Scheduler Demo] [           main] org.hibernate.SQL                        : delete from employee_constraints where id=?
Hibernate: delete from employee_constraints where id=?
2025-10-13T15:39:07.025+09:00 DEBUG 18196 --- [Shift Scheduler Demo] [           main] org.hibernate.SQL                        : delete from employee_constraints where id=?
Hibernate: delete from employee_constraints where id=?
2025-10-13T15:39:07.025+09:00 DEBUG 18196 --- [Shift Scheduler Demo] [           main] org.hibernate.SQL                        : delete from employee_constraints where id=?
Hibernate: delete from employee_constraints where id=?
2025-10-13T15:39:07.025+09:00 DEBUG 18196 --- [Shift Scheduler Demo] [           main] org.hibernate.SQL                        : delete from employee_constraints where id=?
Hibernate: delete from employee_constraints where id=?
2025-10-13T15:39:07.025+09:00 DEBUG 18196 --- [Shift Scheduler Demo] [           main] org.hibernate.SQL                        : delete from employee_constraints where id=?
Hibernate: delete from employee_constraints where id=?
2025-10-13T15:39:07.026+09:00 DEBUG 18196 --- [Shift Scheduler Demo] [           main] org.hibernate.SQL                        : delete from employee_constraints where id=?
Hibernate: delete from employee_constraints where id=?
2025-10-13T15:39:07.026+09:00 DEBUG 18196 --- [Shift Scheduler Demo] [           main] org.hibernate.SQL                        : delete from employee_constraints where id=?
Hibernate: delete from employee_constraints where id=?
2025-10-13T15:39:07.026+09:00 DEBUG 18196 --- [Shift Scheduler Demo] [           main] org.hibernate.SQL                        : delete from employee_constraints where id=?
Hibernate: delete from employee_constraints where id=?
2025-10-13T15:39:07.026+09:00 DEBUG 18196 --- [Shift Scheduler Demo] [           main] org.hibernate.SQL                        : delete from employee_constraints where id=?
Hibernate: delete from employee_constraints where id=?
2025-10-13T15:39:07.026+09:00 DEBUG 18196 --- [Shift Scheduler Demo] [           main] org.hibernate.SQL                        : delete from employee_constraints where id=?
Hibernate: delete from employee_constraints where id=?
2025-10-13T15:39:07.026+09:00 DEBUG 18196 --- [Shift Scheduler Demo] [           main] org.hibernate.SQL                        : delete from employee_constraints where id=?
Hibernate: delete from employee_constraints where id=?
2025-10-13T15:39:07.026+09:00 DEBUG 18196 --- [Shift Scheduler Demo] [           main] org.hibernate.SQL                        : delete from employee_constraints where id=?
Hibernate: delete from employee_constraints where id=?
2025-10-13T15:39:07.026+09:00 DEBUG 18196 --- [Shift Scheduler Demo] [           main] org.hibernate.SQL                        : delete from employee_constraints where id=?
Hibernate: delete from employee_constraints where id=?
2025-10-13T15:39:07.026+09:00 DEBUG 18196 --- [Shift Scheduler Demo] [           main] org.hibernate.SQL                        : delete from employee_constraints where id=?
Hibernate: delete from employee_constraints where id=?
2025-10-13T15:39:07.026+09:00 DEBUG 18196 --- [Shift Scheduler Demo] [           main] org.hibernate.SQL                        : delete from employee_constraints where id=?
Hibernate: delete from employee_constraints where id=?
2025-10-13T15:39:07.026+09:00 DEBUG 18196 --- [Shift Scheduler Demo] [           main] org.hibernate.SQL                        : delete from employee_constraints where id=?
Hibernate: delete from employee_constraints where id=?
2025-10-13T15:39:07.026+09:00 DEBUG 18196 --- [Shift Scheduler Demo] [           main] org.hibernate.SQL                        : delete from employee_constraints where id=?
Hibernate: delete from employee_constraints where id=?
2025-10-13T15:39:07.027+09:00 DEBUG 18196 --- [Shift Scheduler Demo] [           main] org.hibernate.SQL                        : delete from employee_constraints where id=?
Hibernate: delete from employee_constraints where id=?
2025-10-13T15:39:07.027+09:00 DEBUG 18196 --- [Shift Scheduler Demo] [           main] org.hibernate.SQL                        : delete from employee_constraints where id=?
Hibernate: delete from employee_constraints where id=?
2025-10-13T15:39:07.027+09:00 DEBUG 18196 --- [Shift Scheduler Demo] [           main] org.hibernate.SQL                        : delete from employee_constraints where id=?
Hibernate: delete from employee_constraints where id=?
2025-10-13T15:39:07.027+09:00 DEBUG 18196 --- [Shift Scheduler Demo] [           main] org.hibernate.SQL                        : delete from employee_constraints where id=?
Hibernate: delete from employee_constraints where id=?
2025-10-13T15:39:07.027+09:00 DEBUG 18196 --- [Shift Scheduler Demo] [           main] org.hibernate.SQL                        : delete from employee_constraints where id=?
Hibernate: delete from employee_constraints where id=?
2025-10-13T15:39:07.027+09:00 DEBUG 18196 --- [Shift Scheduler Demo] [           main] org.hibernate.SQL                        : select sa1_0.id,sa1_0.employee_id,sa1_0.end_time,sa1_0.shift_name,sa1_0.start_time,sa1_0.work_date from shift_assignments sa1_0 where sa1_0.work_date<? order by sa1_0.work_date desc limit ?
Hibernate: select sa1_0.id,sa1_0.employee_id,sa1_0.end_time,sa1_0.shift_name,sa1_0.start_time,sa1_0.work_date from shift_assignments sa1_0 where sa1_0.work_date<? order by sa1_0.work_date desc limit ?
2025-10-13T15:39:07.030+09:00 DEBUG 18196 --- [Shift Scheduler Demo] [           main] org.hibernate.SQL                        : select sa1_0.id,sa1_0.employee_id,sa1_0.end_time,sa1_0.shift_name,sa1_0.start_time,sa1_0.work_date from shift_assignments sa1_0 where sa1_0.work_date between ? and ?
Hibernate: select sa1_0.id,sa1_0.employee_id,sa1_0.end_time,sa1_0.shift_name,sa1_0.start_time,sa1_0.work_date from shift_assignments sa1_0 where sa1_0.work_date between ? and ?
2025-10-13T15:39:07.031+09:00  INFO 18196 --- [Shift Scheduler Demo] [           main] c.e.shiftv1.schedule.ScheduleService     : 登録従業員数: 30名
2025-10-13T15:39:07.032+09:00 DEBUG 18196 --- [Shift Scheduler Demo] [           main] org.hibernate.SQL                        : select sa1_0.id,sa1_0.employee_id,sa1_0.end_time,sa1_0.shift_name,sa1_0.start_time,sa1_0.work_date from shift_assignments sa1_0 where sa1_0.work_date=?
Hibernate: select sa1_0.id,sa1_0.employee_id,sa1_0.end_time,sa1_0.shift_name,sa1_0.start_time,sa1_0.work_date from shift_assignments sa1_0 where sa1_0.work_date=?
2025-10-13T15:39:07.035+09:00 DEBUG 18196 --- [Shift Scheduler Demo] [           main] org.hibernate.SQL                        : select sa1_0.id,sa1_0.employee_id,sa1_0.end_time,sa1_0.shift_name,sa1_0.start_time,sa1_0.work_date from shift_assignments sa1_0 where sa1_0.work_date=?
Hibernate: select sa1_0.id,sa1_0.employee_id,sa1_0.end_time,sa1_0.shift_name,sa1_0.start_time,sa1_0.work_date from shift_assignments sa1_0 where sa1_0.work_date=?
2025-10-13T15:39:07.037+09:00 DEBUG 18196 --- [Shift Scheduler Demo] [           main] org.hibernate.SQL                        : select sa1_0.id,sa1_0.employee_id,sa1_0.end_time,sa1_0.shift_name,sa1_0.start_time,sa1_0.work_date from shift_assignments sa1_0 where sa1_0.work_date=?
Hibernate: select sa1_0.id,sa1_0.employee_id,sa1_0.end_time,sa1_0.shift_name,sa1_0.start_time,sa1_0.work_date from shift_assignments sa1_0 where sa1_0.work_date=?
2025-10-13T15:39:07.040+09:00 DEBUG 18196 --- [Shift Scheduler Demo] [           main] org.hibernate.SQL                        : select sa1_0.id,sa1_0.employee_id,sa1_0.end_time,sa1_0.shift_name,sa1_0.start_time,sa1_0.work_date from shift_assignments sa1_0 where sa1_0.work_date=?
Hibernate: select sa1_0.id,sa1_0.employee_id,sa1_0.end_time,sa1_0.shift_name,sa1_0.start_time,sa1_0.work_date from shift_assignments sa1_0 where sa1_0.work_date=?
2025-10-13T15:39:07.042+09:00 DEBUG 18196 --- [Shift Scheduler Demo] [           main] org.hibernate.SQL                        : select sa1_0.id,sa1_0.employee_id,sa1_0.end_time,sa1_0.shift_name,sa1_0.start_time,sa1_0.work_date from shift_assignments sa1_0 where sa1_0.work_date=?
Hibernate: select sa1_0.id,sa1_0.employee_id,sa1_0.end_time,sa1_0.shift_name,sa1_0.start_time,sa1_0.work_date from shift_assignments sa1_0 where sa1_0.work_date=?
2025-10-13T15:39:07.044+09:00 DEBUG 18196 --- [Shift Scheduler Demo] [           main] org.hibernate.SQL                        : select sa1_0.id,sa1_0.employee_id,sa1_0.end_time,sa1_0.shift_name,sa1_0.start_time,sa1_0.work_date from shift_assignments sa1_0 where sa1_0.work_date=?
Hibernate: select sa1_0.id,sa1_0.employee_id,sa1_0.end_time,sa1_0.shift_name,sa1_0.start_time,sa1_0.work_date from shift_assignments sa1_0 where sa1_0.work_date=?
2025-10-13T15:39:07.046+09:00 DEBUG 18196 --- [Shift Scheduler Demo] [           main] org.hibernate.SQL                        : select sa1_0.id,sa1_0.employee_id,sa1_0.end_time,sa1_0.shift_name,sa1_0.start_time,sa1_0.work_date from shift_assignments sa1_0 where sa1_0.work_date=?
Hibernate: select sa1_0.id,sa1_0.employee_id,sa1_0.end_time,sa1_0.shift_name,sa1_0.start_time,sa1_0.work_date from shift_assignments sa1_0 where sa1_0.work_date=?
2025-10-13T15:39:07.048+09:00 DEBUG 18196 --- [Shift Scheduler Demo] [           main] org.hibernate.SQL                        : select sa1_0.id,sa1_0.employee_id,sa1_0.end_time,sa1_0.shift_name,sa1_0.start_time,sa1_0.work_date from shift_assignments sa1_0 where sa1_0.work_date=?
Hibernate: select sa1_0.id,sa1_0.employee_id,sa1_0.end_time,sa1_0.shift_name,sa1_0.start_time,sa1_0.work_date from shift_assignments sa1_0 where sa1_0.work_date=?
2025-10-13T15:39:07.051+09:00 DEBUG 18196 --- [Shift Scheduler Demo] [           main] org.hibernate.SQL                        : select sa1_0.id,sa1_0.employee_id,sa1_0.end_time,sa1_0.shift_name,sa1_0.start_time,sa1_0.work_date from shift_assignments sa1_0 where sa1_0.work_date=?
Hibernate: select sa1_0.id,sa1_0.employee_id,sa1_0.end_time,sa1_0.shift_name,sa1_0.start_time,sa1_0.work_date from shift_assignments sa1_0 where sa1_0.work_date=?
2025-10-13T15:39:07.053+09:00 DEBUG 18196 --- [Shift Scheduler Demo] [           main] org.hibernate.SQL                        : select sa1_0.id,sa1_0.employee_id,sa1_0.end_time,sa1_0.shift_name,sa1_0.start_time,sa1_0.work_date from shift_assignments sa1_0 where sa1_0.work_date=?
Hibernate: select sa1_0.id,sa1_0.employee_id,sa1_0.end_time,sa1_0.shift_name,sa1_0.start_time,sa1_0.work_date from shift_assignments sa1_0 where sa1_0.work_date=?
2025-10-13T15:39:07.056+09:00 DEBUG 18196 --- [Shift Scheduler Demo] [           main] org.hibernate.SQL                        : select sa1_0.id,sa1_0.employee_id,sa1_0.end_time,sa1_0.shift_name,sa1_0.start_time,sa1_0.work_date from shift_assignments sa1_0 where sa1_0.work_date=?
Hibernate: select sa1_0.id,sa1_0.employee_id,sa1_0.end_time,sa1_0.shift_name,sa1_0.start_time,sa1_0.work_date from shift_assignments sa1_0 where sa1_0.work_date=?
2025-10-13T15:39:07.059+09:00 DEBUG 18196 --- [Shift Scheduler Demo] [           main] org.hibernate.SQL                        : select sa1_0.id,sa1_0.employee_id,sa1_0.end_time,sa1_0.shift_name,sa1_0.start_time,sa1_0.work_date from shift_assignments sa1_0 where sa1_0.work_date=?
Hibernate: select sa1_0.id,sa1_0.employee_id,sa1_0.end_time,sa1_0.shift_name,sa1_0.start_time,sa1_0.work_date from shift_assignments sa1_0 where sa1_0.work_date=?
2025-10-13T15:39:07.061+09:00 DEBUG 18196 --- [Shift Scheduler Demo] [           main] org.hibernate.SQL                        : select sa1_0.id,sa1_0.employee_id,sa1_0.end_time,sa1_0.shift_name,sa1_0.start_time,sa1_0.work_date from shift_assignments sa1_0 where sa1_0.work_date=?
Hibernate: select sa1_0.id,sa1_0.employee_id,sa1_0.end_time,sa1_0.shift_name,sa1_0.start_time,sa1_0.work_date from shift_assignments sa1_0 where sa1_0.work_date=?
2025-10-13T15:39:07.063+09:00 DEBUG 18196 --- [Shift Scheduler Demo] [           main] org.hibernate.SQL                        : select sa1_0.id,sa1_0.employee_id,sa1_0.end_time,sa1_0.shift_name,sa1_0.start_time,sa1_0.work_date from shift_assignments sa1_0 where sa1_0.work_date=?
Hibernate: select sa1_0.id,sa1_0.employee_id,sa1_0.end_time,sa1_0.shift_name,sa1_0.start_time,sa1_0.work_date from shift_assignments sa1_0 where sa1_0.work_date=?
2025-10-13T15:39:07.065+09:00 DEBUG 18196 --- [Shift Scheduler Demo] [           main] org.hibernate.SQL                        : select sa1_0.id,sa1_0.employee_id,sa1_0.end_time,sa1_0.shift_name,sa1_0.start_time,sa1_0.work_date from shift_assignments sa1_0 where sa1_0.work_date=?
Hibernate: select sa1_0.id,sa1_0.employee_id,sa1_0.end_time,sa1_0.shift_name,sa1_0.start_time,sa1_0.work_date from shift_assignments sa1_0 where sa1_0.work_date=?
2025-10-13T15:39:07.067+09:00 DEBUG 18196 --- [Shift Scheduler Demo] [           main] org.hibernate.SQL                        : select sa1_0.id,sa1_0.employee_id,sa1_0.end_time,sa1_0.shift_name,sa1_0.start_time,sa1_0.work_date from shift_assignments sa1_0 where sa1_0.work_date=?
Hibernate: select sa1_0.id,sa1_0.employee_id,sa1_0.end_time,sa1_0.shift_name,sa1_0.start_time,sa1_0.work_date from shift_assignments sa1_0 where sa1_0.work_date=?
2025-10-13T15:39:07.070+09:00 DEBUG 18196 --- [Shift Scheduler Demo] [           main] org.hibernate.SQL                        : select sa1_0.id,sa1_0.employee_id,sa1_0.end_time,sa1_0.shift_name,sa1_0.start_time,sa1_0.work_date from shift_assignments sa1_0 where sa1_0.work_date=?
Hibernate: select sa1_0.id,sa1_0.employee_id,sa1_0.end_time,sa1_0.shift_name,sa1_0.start_time,sa1_0.work_date from shift_assignments sa1_0 where sa1_0.work_date=?
2025-10-13T15:39:07.072+09:00 DEBUG 18196 --- [Shift Scheduler Demo] [           main] org.hibernate.SQL                        : select sa1_0.id,sa1_0.employee_id,sa1_0.end_time,sa1_0.shift_name,sa1_0.start_time,sa1_0.work_date from shift_assignments sa1_0 where sa1_0.work_date=?
Hibernate: select sa1_0.id,sa1_0.employee_id,sa1_0.end_time,sa1_0.shift_name,sa1_0.start_time,sa1_0.work_date from shift_assignments sa1_0 where sa1_0.work_date=?
2025-10-13T15:39:07.074+09:00 DEBUG 18196 --- [Shift Scheduler Demo] [           main] org.hibernate.SQL                        : select sa1_0.id,sa1_0.employee_id,sa1_0.end_time,sa1_0.shift_name,sa1_0.start_time,sa1_0.work_date from shift_assignments sa1_0 where sa1_0.work_date=?
Hibernate: select sa1_0.id,sa1_0.employee_id,sa1_0.end_time,sa1_0.shift_name,sa1_0.start_time,sa1_0.work_date from shift_assignments sa1_0 where sa1_0.work_date=?
2025-10-13T15:39:07.077+09:00 DEBUG 18196 --- [Shift Scheduler Demo] [           main] org.hibernate.SQL                        : select sa1_0.id,sa1_0.employee_id,sa1_0.end_time,sa1_0.shift_name,sa1_0.start_time,sa1_0.work_date from shift_assignments sa1_0 where sa1_0.work_date=?
Hibernate: select sa1_0.id,sa1_0.employee_id,sa1_0.end_time,sa1_0.shift_name,sa1_0.start_time,sa1_0.work_date from shift_assignments sa1_0 where sa1_0.work_date=?
2025-10-13T15:39:07.080+09:00 DEBUG 18196 --- [Shift Scheduler Demo] [           main] org.hibernate.SQL                        : select sa1_0.id,sa1_0.employee_id,sa1_0.end_time,sa1_0.shift_name,sa1_0.start_time,sa1_0.work_date from shift_assignments sa1_0 where sa1_0.work_date=?
Hibernate: select sa1_0.id,sa1_0.employee_id,sa1_0.end_time,sa1_0.shift_name,sa1_0.start_time,sa1_0.work_date from shift_assignments sa1_0 where sa1_0.work_date=?
2025-10-13T15:39:07.082+09:00 DEBUG 18196 --- [Shift Scheduler Demo] [           main] org.hibernate.SQL                        : select sa1_0.id,sa1_0.employee_id,sa1_0.end_time,sa1_0.shift_name,sa1_0.start_time,sa1_0.work_date from shift_assignments sa1_0 where sa1_0.work_date=?
Hibernate: select sa1_0.id,sa1_0.employee_id,sa1_0.end_time,sa1_0.shift_name,sa1_0.start_time,sa1_0.work_date from shift_assignments sa1_0 where sa1_0.work_date=?
2025-10-13T15:39:07.084+09:00 DEBUG 18196 --- [Shift Scheduler Demo] [           main] org.hibernate.SQL                        : select sa1_0.id,sa1_0.employee_id,sa1_0.end_time,sa1_0.shift_name,sa1_0.start_time,sa1_0.work_date from shift_assignments sa1_0 where sa1_0.work_date=?
Hibernate: select sa1_0.id,sa1_0.employee_id,sa1_0.end_time,sa1_0.shift_name,sa1_0.start_time,sa1_0.work_date from shift_assignments sa1_0 where sa1_0.work_date=?
2025-10-13T15:39:07.085+09:00 DEBUG 18196 --- [Shift Scheduler Demo] [           main] org.hibernate.SQL                        : select sa1_0.id,sa1_0.employee_id,sa1_0.end_time,sa1_0.shift_name,sa1_0.start_time,sa1_0.work_date from shift_assignments sa1_0 where sa1_0.work_date=?
Hibernate: select sa1_0.id,sa1_0.employee_id,sa1_0.end_time,sa1_0.shift_name,sa1_0.start_time,sa1_0.work_date from shift_assignments sa1_0 where sa1_0.work_date=?
2025-10-13T15:39:07.088+09:00 DEBUG 18196 --- [Shift Scheduler Demo] [           main] org.hibernate.SQL                        : select sa1_0.id,sa1_0.employee_id,sa1_0.end_time,sa1_0.shift_name,sa1_0.start_time,sa1_0.work_date from shift_assignments sa1_0 where sa1_0.work_date=?
Hibernate: select sa1_0.id,sa1_0.employee_id,sa1_0.end_time,sa1_0.shift_name,sa1_0.start_time,sa1_0.work_date from shift_assignments sa1_0 where sa1_0.work_date=?
2025-10-13T15:39:07.088+09:00 DEBUG 18196 --- [Shift Scheduler Demo] [           main] org.hibernate.SQL                        : select sa1_0.id,sa1_0.employee_id,sa1_0.end_time,sa1_0.shift_name,sa1_0.start_time,sa1_0.work_date from shift_assignments sa1_0 where sa1_0.work_date=?
Hibernate: select sa1_0.id,sa1_0.employee_id,sa1_0.end_time,sa1_0.shift_name,sa1_0.start_time,sa1_0.work_date from shift_assignments sa1_0 where sa1_0.work_date=?
2025-10-13T15:39:07.088+09:00 DEBUG 18196 --- [Shift Scheduler Demo] [           main] org.hibernate.SQL                        : select sa1_0.id,sa1_0.employee_id,sa1_0.end_time,sa1_0.shift_name,sa1_0.start_time,sa1_0.work_date from shift_assignments sa1_0 where sa1_0.work_date=?
Hibernate: select sa1_0.id,sa1_0.employee_id,sa1_0.end_time,sa1_0.shift_name,sa1_0.start_time,sa1_0.work_date from shift_assignments sa1_0 where sa1_0.work_date=?
2025-10-13T15:39:07.094+09:00 DEBUG 18196 --- [Shift Scheduler Demo] [           main] org.hibernate.SQL                        : select sa1_0.id,sa1_0.employee_id,sa1_0.end_time,sa1_0.shift_name,sa1_0.start_time,sa1_0.work_date from shift_assignments sa1_0 where sa1_0.work_date=?
Hibernate: select sa1_0.id,sa1_0.employee_id,sa1_0.end_time,sa1_0.shift_name,sa1_0.start_time,sa1_0.work_date from shift_assignments sa1_0 where sa1_0.work_date=?
2025-10-13T15:39:07.096+09:00 DEBUG 18196 --- [Shift Scheduler Demo] [           main] org.hibernate.SQL                        : select sa1_0.id,sa1_0.employee_id,sa1_0.end_time,sa1_0.shift_name,sa1_0.start_time,sa1_0.work_date from shift_assignments sa1_0 where sa1_0.work_date=?
Hibernate: select sa1_0.id,sa1_0.employee_id,sa1_0.end_time,sa1_0.shift_name,sa1_0.start_time,sa1_0.work_date from shift_assignments sa1_0 where sa1_0.work_date=?
2025-10-13T15:39:07.099+09:00 DEBUG 18196 --- [Shift Scheduler Demo] [           main] org.hibernate.SQL                        : select sa1_0.id,sa1_0.employee_id,sa1_0.end_time,sa1_0.shift_name,sa1_0.start_time,sa1_0.work_date from shift_assignments sa1_0 where sa1_0.work_date=?
Hibernate: select sa1_0.id,sa1_0.employee_id,sa1_0.end_time,sa1_0.shift_name,sa1_0.start_time,sa1_0.work_date from shift_assignments sa1_0 where sa1_0.work_date=?
2025-10-13T15:39:07.099+09:00 DEBUG 18196 --- [Shift Scheduler Demo] [           main] org.hibernate.SQL                        : select sa1_0.id,sa1_0.employee_id,sa1_0.end_time,sa1_0.shift_name,sa1_0.start_time,sa1_0.work_date from shift_assignments sa1_0 where sa1_0.work_date=?
Hibernate: select sa1_0.id,sa1_0.employee_id,sa1_0.end_time,sa1_0.shift_name,sa1_0.start_time,sa1_0.work_date from shift_assignments sa1_0 where sa1_0.work_date=?
2025-10-13T15:39:07.102+09:00  INFO 18196 --- [Shift Scheduler Demo] [           main] c.e.shiftv1.schedule.ScheduleService     : 既存のシフト割り当てを削除しました: 2024-07-01 から 2024-07-31
2025-10-13T15:39:07.102+09:00 DEBUG 18196 --- [Shift Scheduler Demo] [           main] org.hibernate.SQL                        : select sc1_0.id,sc1_0.is_active,sc1_0.created_at,sc1_0.day_of_week,sc1_0.end_time,sc1_0.is_holiday,sc1_0.name,sc1_0.required_employees,sc1_0.start_time,sc1_0.updated_at,sc1_0.is_weekend from shift_config sc1_0 where sc1_0.is_active=1
Hibernate: select sc1_0.id,sc1_0.is_active,sc1_0.created_at,sc1_0.day_of_week,sc1_0.end_time,sc1_0.is_holiday,sc1_0.name,sc1_0.required_employees,sc1_0.start_time,sc1_0.updated_at,sc1_0.is_weekend from shift_config sc1_0 where sc1_0.is_active=1
2025-10-13T15:39:07.106+09:00 DEBUG 18196 --- [Shift Scheduler Demo] [           main] org.hibernate.SQL                        : select ec1_0.id,ec1_0.is_active,ec1_0.created_at,ec1_0.date,ec1_0.employee_id,ec1_0.end_time,ec1_0.reason,ec1_0.start_time,ec1_0.type,ec1_0.updated_at from employee_constraints ec1_0 where ec1_0.date between ? and ? and ec1_0.is_active=1
Hibernate: select ec1_0.id,ec1_0.is_active,ec1_0.created_at,ec1_0.date,ec1_0.employee_id,ec1_0.end_time,ec1_0.reason,ec1_0.start_time,ec1_0.type,ec1_0.updated_at from employee_constraints ec1_0 where ec1_0.date between ? and ? and ec1_0.is_active=1
2025-10-13T15:39:07.108+09:00 DEBUG 18196 --- [Shift Scheduler Demo] [           main] org.hibernate.SQL                        : select h1_0.date from holidays h1_0 where h1_0.date between ? and ?
Hibernate: select h1_0.date from holidays h1_0 where h1_0.date between ? and ?
2025-10-13T15:39:07.116+09:00 DEBUG 18196 --- [Shift Scheduler Demo] [           main] org.hibernate.SQL                        : insert into shift_assignments (employee_id,end_time,shift_name,start_time,work_date) values (?,?,?,?,?)
Hibernate: insert into shift_assignments (employee_id,end_time,shift_name,start_time,work_date) values (?,?,?,?,?)
2025-10-13T15:39:07.116+09:00 DEBUG 18196 --- [Shift Scheduler Demo] [           main] org.hibernate.SQL                        : select last_insert_rowid()
Hibernate: select last_insert_rowid()
2025-10-13T15:39:07.117+09:00 DEBUG 18196 --- [Shift Scheduler Demo] [           main] org.hibernate.SQL                        : insert into shift_assignments (employee_id,end_time,shift_name,start_time,work_date) values (?,?,?,?,?)
Hibernate: insert into shift_assignments (employee_id,end_time,shift_name,start_time,work_date) values (?,?,?,?,?)
2025-10-13T15:39:07.117+09:00 DEBUG 18196 --- [Shift Scheduler Demo] [           main] org.hibernate.SQL                        : select last_insert_rowid()
Hibernate: select last_insert_rowid()
2025-10-13T15:39:07.119+09:00 DEBUG 18196 --- [Shift Scheduler Demo] [           main] org.hibernate.SQL                        : insert into shift_assignments (employee_id,end_time,shift_name,start_time,work_date) values (?,?,?,?,?)
Hibernate: insert into shift_assignments (employee_id,end_time,shift_name,start_time,work_date) values (?,?,?,?,?)
2025-10-13T15:39:07.119+09:00 DEBUG 18196 --- [Shift Scheduler Demo] [           main] org.hibernate.SQL                        : select last_insert_rowid()
Hibernate: select last_insert_rowid()
2025-10-13T15:39:07.121+09:00 DEBUG 18196 --- [Shift Scheduler Demo] [           main] org.hibernate.SQL                        : insert into shift_assignments (employee_id,end_time,shift_name,start_time,work_date) values (?,?,?,?,?)
Hibernate: insert into shift_assignments (employee_id,end_time,shift_name,start_time,work_date) values (?,?,?,?,?)
2025-10-13T15:39:07.121+09:00 DEBUG 18196 --- [Shift Scheduler Demo] [           main] org.hibernate.SQL                        : select last_insert_rowid()
Hibernate: select last_insert_rowid()
2025-10-13T15:39:07.122+09:00 DEBUG 18196 --- [Shift Scheduler Demo] [           main] org.hibernate.SQL                        : insert into shift_assignments (employee_id,end_time,shift_name,start_time,work_date) values (?,?,?,?,?)
Hibernate: insert into shift_assignments (employee_id,end_time,shift_name,start_time,work_date) values (?,?,?,?,?)
2025-10-13T15:39:07.122+09:00 DEBUG 18196 --- [Shift Scheduler Demo] [           main] org.hibernate.SQL                        : select last_insert_rowid()
Hibernate: select last_insert_rowid()
2025-10-13T15:39:07.123+09:00 DEBUG 18196 --- [Shift Scheduler Demo] [           main] org.hibernate.SQL                        : insert into shift_assignments (employee_id,end_time,shift_name,start_time,work_date) values (?,?,?,?,?)
Hibernate: insert into shift_assignments (employee_id,end_time,shift_name,start_time,work_date) values (?,?,?,?,?)
2025-10-13T15:39:07.123+09:00 DEBUG 18196 --- [Shift Scheduler Demo] [           main] org.hibernate.SQL                        : select last_insert_rowid()
Hibernate: select last_insert_rowid()
2025-10-13T15:39:07.124+09:00 DEBUG 18196 --- [Shift Scheduler Demo] [           main] org.hibernate.SQL                        : insert into shift_assignments (employee_id,end_time,shift_name,start_time,work_date) values (?,?,?,?,?)
Hibernate: insert into shift_assignments (employee_id,end_time,shift_name,start_time,work_date) values (?,?,?,?,?)
2025-10-13T15:39:07.124+09:00 DEBUG 18196 --- [Shift Scheduler Demo] [           main] org.hibernate.SQL                        : select last_insert_rowid()
Hibernate: select last_insert_rowid()
2025-10-13T15:39:07.124+09:00 DEBUG 18196 --- [Shift Scheduler Demo] [           main] org.hibernate.SQL                        : insert into shift_assignments (employee_id,end_time,shift_name,start_time,work_date) values (?,?,?,?,?)
Hibernate: insert into shift_assignments (employee_id,end_time,shift_name,start_time,work_date) values (?,?,?,?,?)
2025-10-13T15:39:07.125+09:00 DEBUG 18196 --- [Shift Scheduler Demo] [           main] org.hibernate.SQL                        : select last_insert_rowid()
Hibernate: select last_insert_rowid()
2025-10-13T15:39:07.125+09:00 DEBUG 18196 --- [Shift Scheduler Demo] [           main] org.hibernate.SQL                        : insert into shift_assignments (employee_id,end_time,shift_name,start_time,work_date) values (?,?,?,?,?)
Hibernate: insert into shift_assignments (employee_id,end_time,shift_name,start_time,work_date) values (?,?,?,?,?)
2025-10-13T15:39:07.125+09:00 DEBUG 18196 --- [Shift Scheduler Demo] [           main] org.hibernate.SQL                        : select last_insert_rowid()
Hibernate: select last_insert_rowid()
2025-10-13T15:39:07.126+09:00 DEBUG 18196 --- [Shift Scheduler Demo] [           main] org.hibernate.SQL                        : insert into shift_assignments (employee_id,end_time,shift_name,start_time,work_date) values (?,?,?,?,?)
Hibernate: insert into shift_assignments (employee_id,end_time,shift_name,start_time,work_date) values (?,?,?,?,?)
2025-10-13T15:39:07.126+09:00 DEBUG 18196 --- [Shift Scheduler Demo] [           main] org.hibernate.SQL                        : select last_insert_rowid()
Hibernate: select last_insert_rowid()
2025-10-13T15:39:07.127+09:00 DEBUG 18196 --- [Shift Scheduler Demo] [           main] org.hibernate.SQL                        : insert into shift_assignments (employee_id,end_time,shift_name,start_time,work_date) values (?,?,?,?,?)
Hibernate: insert into shift_assignments (employee_id,end_time,shift_name,start_time,work_date) values (?,?,?,?,?)
2025-10-13T15:39:07.127+09:00 DEBUG 18196 --- [Shift Scheduler Demo] [           main] org.hibernate.SQL                        : select last_insert_rowid()
Hibernate: select last_insert_rowid()
2025-10-13T15:39:07.127+09:00 DEBUG 18196 --- [Shift Scheduler Demo] [           main] org.hibernate.SQL                        : insert into shift_assignments (employee_id,end_time,shift_name,start_time,work_date) values (?,?,?,?,?)
Hibernate: insert into shift_assignments (employee_id,end_time,shift_name,start_time,work_date) values (?,?,?,?,?)
2025-10-13T15:39:07.127+09:00 DEBUG 18196 --- [Shift Scheduler Demo] [           main] org.hibernate.SQL                        : select last_insert_rowid()
Hibernate: select last_insert_rowid()
2025-10-13T15:39:07.128+09:00 DEBUG 18196 --- [Shift Scheduler Demo] [           main] org.hibernate.SQL                        : insert into shift_assignments (employee_id,end_time,shift_name,start_time,work_date) values (?,?,?,?,?)
Hibernate: insert into shift_assignments (employee_id,end_time,shift_name,start_time,work_date) values (?,?,?,?,?)
2025-10-13T15:39:07.128+09:00 DEBUG 18196 --- [Shift Scheduler Demo] [           main] org.hibernate.SQL                        : select last_insert_rowid()
Hibernate: select last_insert_rowid()
2025-10-13T15:39:07.128+09:00 DEBUG 18196 --- [Shift Scheduler Demo] [           main] org.hibernate.SQL                        : insert into shift_assignments (employee_id,end_time,shift_name,start_time,work_date) values (?,?,?,?,?)
Hibernate: insert into shift_assignments (employee_id,end_time,shift_name,start_time,work_date) values (?,?,?,?,?)
2025-10-13T15:39:07.128+09:00 DEBUG 18196 --- [Shift Scheduler Demo] [           main] org.hibernate.SQL                        : select last_insert_rowid()
Hibernate: select last_insert_rowid()
2025-10-13T15:39:07.129+09:00 DEBUG 18196 --- [Shift Scheduler Demo] [           main] org.hibernate.SQL                        : insert into shift_assignments (employee_id,end_time,shift_name,start_time,work_date) values (?,?,?,?,?)
Hibernate: insert into shift_assignments (employee_id,end_time,shift_name,start_time,work_date) values (?,?,?,?,?)
2025-10-13T15:39:07.129+09:00 DEBUG 18196 --- [Shift Scheduler Demo] [           main] org.hibernate.SQL                        : select last_insert_rowid()
Hibernate: select last_insert_rowid()
2025-10-13T15:39:07.129+09:00 DEBUG 18196 --- [Shift Scheduler Demo] [           main] org.hibernate.SQL                        : insert into shift_assignments (employee_id,end_time,shift_name,start_time,work_date) values (?,?,?,?,?)
Hibernate: insert into shift_assignments (employee_id,end_time,shift_name,start_time,work_date) values (?,?,?,?,?)
2025-10-13T15:39:07.129+09:00 DEBUG 18196 --- [Shift Scheduler Demo] [           main] org.hibernate.SQL                        : select last_insert_rowid()
Hibernate: select last_insert_rowid()
2025-10-13T15:39:07.130+09:00 DEBUG 18196 --- [Shift Scheduler Demo] [           main] org.hibernate.SQL                        : insert into shift_assignments (employee_id,end_time,shift_name,start_time,work_date) values (?,?,?,?,?)
Hibernate: insert into shift_assignments (employee_id,end_time,shift_name,start_time,work_date) values (?,?,?,?,?)
2025-10-13T15:39:07.130+09:00 DEBUG 18196 --- [Shift Scheduler Demo] [           main] org.hibernate.SQL                        : select last_insert_rowid()
Hibernate: select last_insert_rowid()
2025-10-13T15:39:07.131+09:00 DEBUG 18196 --- [Shift Scheduler Demo] [           main] org.hibernate.SQL                        : insert into shift_assignments (employee_id,end_time,shift_name,start_time,work_date) values (?,?,?,?,?)
Hibernate: insert into shift_assignments (employee_id,end_time,shift_name,start_time,work_date) values (?,?,?,?,?)
2025-10-13T15:39:07.131+09:00 DEBUG 18196 --- [Shift Scheduler Demo] [           main] org.hibernate.SQL                        : select last_insert_rowid()
Hibernate: select last_insert_rowid()
2025-10-13T15:39:07.131+09:00 DEBUG 18196 --- [Shift Scheduler Demo] [           main] org.hibernate.SQL                        : insert into shift_assignments (employee_id,end_time,shift_name,start_time,work_date) values (?,?,?,?,?)
Hibernate: insert into shift_assignments (employee_id,end_time,shift_name,start_time,work_date) values (?,?,?,?,?)
2025-10-13T15:39:07.131+09:00 DEBUG 18196 --- [Shift Scheduler Demo] [           main] org.hibernate.SQL                        : select last_insert_rowid()
Hibernate: select last_insert_rowid()
2025-10-13T15:39:07.132+09:00 DEBUG 18196 --- [Shift Scheduler Demo] [           main] org.hibernate.SQL                        : insert into shift_assignments (employee_id,end_time,shift_name,start_time,work_date) values (?,?,?,?,?)
Hibernate: insert into shift_assignments (employee_id,end_time,shift_name,start_time,work_date) values (?,?,?,?,?)
2025-10-13T15:39:07.132+09:00 DEBUG 18196 --- [Shift Scheduler Demo] [           main] org.hibernate.SQL                        : select last_insert_rowid()
Hibernate: select last_insert_rowid()
2025-10-13T15:39:07.133+09:00 DEBUG 18196 --- [Shift Scheduler Demo] [           main] org.hibernate.SQL                        : insert into shift_assignments (employee_id,end_time,shift_name,start_time,work_date) values (?,?,?,?,?)
Hibernate: insert into shift_assignments (employee_id,end_time,shift_name,start_time,work_date) values (?,?,?,?,?)
2025-10-13T15:39:07.134+09:00 DEBUG 18196 --- [Shift Scheduler Demo] [           main] org.hibernate.SQL                        : select last_insert_rowid()
Hibernate: select last_insert_rowid()
2025-10-13T15:39:07.134+09:00 DEBUG 18196 --- [Shift Scheduler Demo] [           main] org.hibernate.SQL                        : insert into shift_assignments (employee_id,end_time,shift_name,start_time,work_date) values (?,?,?,?,?)
Hibernate: insert into shift_assignments (employee_id,end_time,shift_name,start_time,work_date) values (?,?,?,?,?)
2025-10-13T15:39:07.134+09:00 DEBUG 18196 --- [Shift Scheduler Demo] [           main] org.hibernate.SQL                        : select last_insert_rowid()
Hibernate: select last_insert_rowid()
2025-10-13T15:39:07.135+09:00 DEBUG 18196 --- [Shift Scheduler Demo] [           main] org.hibernate.SQL                        : insert into shift_assignments (employee_id,end_time,shift_name,start_time,work_date) values (?,?,?,?,?)
Hibernate: insert into shift_assignments (employee_id,end_time,shift_name,start_time,work_date) values (?,?,?,?,?)
2025-10-13T15:39:07.135+09:00 DEBUG 18196 --- [Shift Scheduler Demo] [           main] org.hibernate.SQL                        : select last_insert_rowid()
Hibernate: select last_insert_rowid()
2025-10-13T15:39:07.136+09:00 DEBUG 18196 --- [Shift Scheduler Demo] [           main] org.hibernate.SQL                        : insert into shift_assignments (employee_id,end_time,shift_name,start_time,work_date) values (?,?,?,?,?)
Hibernate: insert into shift_assignments (employee_id,end_time,shift_name,start_time,work_date) values (?,?,?,?,?)
2025-10-13T15:39:07.136+09:00 DEBUG 18196 --- [Shift Scheduler Demo] [           main] org.hibernate.SQL                        : select last_insert_rowid()
Hibernate: select last_insert_rowid()
2025-10-13T15:39:07.136+09:00 DEBUG 18196 --- [Shift Scheduler Demo] [           main] org.hibernate.SQL                        : insert into shift_assignments (employee_id,end_time,shift_name,start_time,work_date) values (?,?,?,?,?)
Hibernate: insert into shift_assignments (employee_id,end_time,shift_name,start_time,work_date) values (?,?,?,?,?)
2025-10-13T15:39:07.137+09:00 DEBUG 18196 --- [Shift Scheduler Demo] [           main] org.hibernate.SQL                        : select last_insert_rowid()
Hibernate: select last_insert_rowid()
2025-10-13T15:39:07.138+09:00 DEBUG 18196 --- [Shift Scheduler Demo] [           main] org.hibernate.SQL                        : insert into shift_assignments (employee_id,end_time,shift_name,start_time,work_date) values (?,?,?,?,?)
Hibernate: insert into shift_assignments (employee_id,end_time,shift_name,start_time,work_date) values (?,?,?,?,?)
2025-10-13T15:39:07.138+09:00 DEBUG 18196 --- [Shift Scheduler Demo] [           main] org.hibernate.SQL                        : select last_insert_rowid()
Hibernate: select last_insert_rowid()
2025-10-13T15:39:07.139+09:00 DEBUG 18196 --- [Shift Scheduler Demo] [           main] org.hibernate.SQL                        : insert into shift_assignments (employee_id,end_time,shift_name,start_time,work_date) values (?,?,?,?,?)
Hibernate: insert into shift_assignments (employee_id,end_time,shift_name,start_time,work_date) values (?,?,?,?,?)
2025-10-13T15:39:07.139+09:00 DEBUG 18196 --- [Shift Scheduler Demo] [           main] org.hibernate.SQL                        : select last_insert_rowid()
Hibernate: select last_insert_rowid()
2025-10-13T15:39:07.140+09:00 DEBUG 18196 --- [Shift Scheduler Demo] [           main] org.hibernate.SQL                        : insert into shift_assignments (employee_id,end_time,shift_name,start_time,work_date) values (?,?,?,?,?)
Hibernate: insert into shift_assignments (employee_id,end_time,shift_name,start_time,work_date) values (?,?,?,?,?)
2025-10-13T15:39:07.140+09:00 DEBUG 18196 --- [Shift Scheduler Demo] [           main] org.hibernate.SQL                        : select last_insert_rowid()
Hibernate: select last_insert_rowid()
2025-10-13T15:39:07.140+09:00 DEBUG 18196 --- [Shift Scheduler Demo] [           main] org.hibernate.SQL                        : insert into shift_assignments (employee_id,end_time,shift_name,start_time,work_date) values (?,?,?,?,?)
Hibernate: insert into shift_assignments (employee_id,end_time,shift_name,start_time,work_date) values (?,?,?,?,?)
2025-10-13T15:39:07.141+09:00 DEBUG 18196 --- [Shift Scheduler Demo] [           main] org.hibernate.SQL                        : select last_insert_rowid()
Hibernate: select last_insert_rowid()
2025-10-13T15:39:07.141+09:00 DEBUG 18196 --- [Shift Scheduler Demo] [           main] org.hibernate.SQL                        : insert into shift_assignments (employee_id,end_time,shift_name,start_time,work_date) values (?,?,?,?,?)
Hibernate: insert into shift_assignments (employee_id,end_time,shift_name,start_time,work_date) values (?,?,?,?,?)
2025-10-13T15:39:07.141+09:00 DEBUG 18196 --- [Shift Scheduler Demo] [           main] org.hibernate.SQL                        : select last_insert_rowid()
Hibernate: select last_insert_rowid()
2025-10-13T15:39:07.142+09:00 DEBUG 18196 --- [Shift Scheduler Demo] [           main] org.hibernate.SQL                        : insert into shift_assignments (employee_id,end_time,shift_name,start_time,work_date) values (?,?,?,?,?)
Hibernate: insert into shift_assignments (employee_id,end_time,shift_name,start_time,work_date) values (?,?,?,?,?)
2025-10-13T15:39:07.142+09:00 DEBUG 18196 --- [Shift Scheduler Demo] [           main] org.hibernate.SQL                        : select last_insert_rowid()
Hibernate: select last_insert_rowid()
2025-10-13T15:39:07.142+09:00 DEBUG 18196 --- [Shift Scheduler Demo] [           main] org.hibernate.SQL                        : insert into shift_assignments (employee_id,end_time,shift_name,start_time,work_date) values (?,?,?,?,?)
Hibernate: insert into shift_assignments (employee_id,end_time,shift_name,start_time,work_date) values (?,?,?,?,?)
2025-10-13T15:39:07.142+09:00 DEBUG 18196 --- [Shift Scheduler Demo] [           main] org.hibernate.SQL                        : select last_insert_rowid()
Hibernate: select last_insert_rowid()
2025-10-13T15:39:07.143+09:00 DEBUG 18196 --- [Shift Scheduler Demo] [           main] org.hibernate.SQL                        : insert into shift_assignments (employee_id,end_time,shift_name,start_time,work_date) values (?,?,?,?,?)
Hibernate: insert into shift_assignments (employee_id,end_time,shift_name,start_time,work_date) values (?,?,?,?,?)
2025-10-13T15:39:07.143+09:00 DEBUG 18196 --- [Shift Scheduler Demo] [           main] org.hibernate.SQL                        : select last_insert_rowid()
Hibernate: select last_insert_rowid()
2025-10-13T15:39:07.143+09:00 DEBUG 18196 --- [Shift Scheduler Demo] [           main] org.hibernate.SQL                        : insert into shift_assignments (employee_id,end_time,shift_name,start_time,work_date) values (?,?,?,?,?)
Hibernate: insert into shift_assignments (employee_id,end_time,shift_name,start_time,work_date) values (?,?,?,?,?)
2025-10-13T15:39:07.144+09:00 DEBUG 18196 --- [Shift Scheduler Demo] [           main] org.hibernate.SQL                        : select last_insert_rowid()
Hibernate: select last_insert_rowid()
2025-10-13T15:39:07.144+09:00 DEBUG 18196 --- [Shift Scheduler Demo] [           main] org.hibernate.SQL                        : insert into shift_assignments (employee_id,end_time,shift_name,start_time,work_date) values (?,?,?,?,?)
Hibernate: insert into shift_assignments (employee_id,end_time,shift_name,start_time,work_date) values (?,?,?,?,?)
2025-10-13T15:39:07.144+09:00 DEBUG 18196 --- [Shift Scheduler Demo] [           main] org.hibernate.SQL                        : select last_insert_rowid()
Hibernate: select last_insert_rowid()
2025-10-13T15:39:07.145+09:00 DEBUG 18196 --- [Shift Scheduler Demo] [           main] org.hibernate.SQL                        : insert into shift_assignments (employee_id,end_time,shift_name,start_time,work_date) values (?,?,?,?,?)
Hibernate: insert into shift_assignments (employee_id,end_time,shift_name,start_time,work_date) values (?,?,?,?,?)
2025-10-13T15:39:07.145+09:00 DEBUG 18196 --- [Shift Scheduler Demo] [           main] org.hibernate.SQL                        : select last_insert_rowid()
Hibernate: select last_insert_rowid()
2025-10-13T15:39:07.145+09:00 DEBUG 18196 --- [Shift Scheduler Demo] [           main] org.hibernate.SQL                        : insert into shift_assignments (employee_id,end_time,shift_name,start_time,work_date) values (?,?,?,?,?)
Hibernate: insert into shift_assignments (employee_id,end_time,shift_name,start_time,work_date) values (?,?,?,?,?)
2025-10-13T15:39:07.145+09:00 DEBUG 18196 --- [Shift Scheduler Demo] [           main] org.hibernate.SQL                        : select last_insert_rowid()
Hibernate: select last_insert_rowid()
2025-10-13T15:39:07.146+09:00 DEBUG 18196 --- [Shift Scheduler Demo] [           main] org.hibernate.SQL                        : insert into shift_assignments (employee_id,end_time,shift_name,start_time,work_date) values (?,?,?,?,?)
Hibernate: insert into shift_assignments (employee_id,end_time,shift_name,start_time,work_date) values (?,?,?,?,?)
2025-10-13T15:39:07.146+09:00 DEBUG 18196 --- [Shift Scheduler Demo] [           main] org.hibernate.SQL                        : select last_insert_rowid()
Hibernate: select last_insert_rowid()
2025-10-13T15:39:07.146+09:00 DEBUG 18196 --- [Shift Scheduler Demo] [           main] org.hibernate.SQL                        : insert into shift_assignments (employee_id,end_time,shift_name,start_time,work_date) values (?,?,?,?,?)
Hibernate: insert into shift_assignments (employee_id,end_time,shift_name,start_time,work_date) values (?,?,?,?,?)
2025-10-13T15:39:07.147+09:00 DEBUG 18196 --- [Shift Scheduler Demo] [           main] org.hibernate.SQL                        : select last_insert_rowid()
Hibernate: select last_insert_rowid()
2025-10-13T15:39:07.147+09:00 DEBUG 18196 --- [Shift Scheduler Demo] [           main] org.hibernate.SQL                        : insert into shift_assignments (employee_id,end_time,shift_name,start_time,work_date) values (?,?,?,?,?)
Hibernate: insert into shift_assignments (employee_id,end_time,shift_name,start_time,work_date) values (?,?,?,?,?)
2025-10-13T15:39:07.147+09:00 DEBUG 18196 --- [Shift Scheduler Demo] [           main] org.hibernate.SQL                        : select last_insert_rowid()
Hibernate: select last_insert_rowid()
2025-10-13T15:39:07.148+09:00 DEBUG 18196 --- [Shift Scheduler Demo] [           main] org.hibernate.SQL                        : insert into shift_assignments (employee_id,end_time,shift_name,start_time,work_date) values (?,?,?,?,?)
Hibernate: insert into shift_assignments (employee_id,end_time,shift_name,start_time,work_date) values (?,?,?,?,?)
2025-10-13T15:39:07.148+09:00 DEBUG 18196 --- [Shift Scheduler Demo] [           main] org.hibernate.SQL                        : select last_insert_rowid()
Hibernate: select last_insert_rowid()
2025-10-13T15:39:07.149+09:00 DEBUG 18196 --- [Shift Scheduler Demo] [           main] org.hibernate.SQL                        : insert into shift_assignments (employee_id,end_time,shift_name,start_time,work_date) values (?,?,?,?,?)
Hibernate: insert into shift_assignments (employee_id,end_time,shift_name,start_time,work_date) values (?,?,?,?,?)
2025-10-13T15:39:07.149+09:00 DEBUG 18196 --- [Shift Scheduler Demo] [           main] org.hibernate.SQL                        : select last_insert_rowid()
Hibernate: select last_insert_rowid()
2025-10-13T15:39:07.150+09:00 DEBUG 18196 --- [Shift Scheduler Demo] [           main] org.hibernate.SQL                        : insert into shift_assignments (employee_id,end_time,shift_name,start_time,work_date) values (?,?,?,?,?)
Hibernate: insert into shift_assignments (employee_id,end_time,shift_name,start_time,work_date) values (?,?,?,?,?)
2025-10-13T15:39:07.151+09:00 DEBUG 18196 --- [Shift Scheduler Demo] [           main] org.hibernate.SQL                        : select last_insert_rowid()
Hibernate: select last_insert_rowid()
2025-10-13T15:39:07.151+09:00 DEBUG 18196 --- [Shift Scheduler Demo] [           main] org.hibernate.SQL                        : insert into shift_assignments (employee_id,end_time,shift_name,start_time,work_date) values (?,?,?,?,?)
Hibernate: insert into shift_assignments (employee_id,end_time,shift_name,start_time,work_date) values (?,?,?,?,?)
2025-10-13T15:39:07.152+09:00 DEBUG 18196 --- [Shift Scheduler Demo] [           main] org.hibernate.SQL                        : select last_insert_rowid()
Hibernate: select last_insert_rowid()
2025-10-13T15:39:07.152+09:00 DEBUG 18196 --- [Shift Scheduler Demo] [           main] org.hibernate.SQL                        : insert into shift_assignments (employee_id,end_time,shift_name,start_time,work_date) values (?,?,?,?,?)
Hibernate: insert into shift_assignments (employee_id,end_time,shift_name,start_time,work_date) values (?,?,?,?,?)
2025-10-13T15:39:07.152+09:00 DEBUG 18196 --- [Shift Scheduler Demo] [           main] org.hibernate.SQL                        : select last_insert_rowid()
Hibernate: select last_insert_rowid()
2025-10-13T15:39:07.153+09:00 DEBUG 18196 --- [Shift Scheduler Demo] [           main] org.hibernate.SQL                        : insert into shift_assignments (employee_id,end_time,shift_name,start_time,work_date) values (?,?,?,?,?)
Hibernate: insert into shift_assignments (employee_id,end_time,shift_name,start_time,work_date) values (?,?,?,?,?)
2025-10-13T15:39:07.153+09:00 DEBUG 18196 --- [Shift Scheduler Demo] [           main] org.hibernate.SQL                        : select last_insert_rowid()
Hibernate: select last_insert_rowid()
2025-10-13T15:39:07.153+09:00 DEBUG 18196 --- [Shift Scheduler Demo] [           main] org.hibernate.SQL                        : insert into shift_assignments (employee_id,end_time,shift_name,start_time,work_date) values (?,?,?,?,?)
Hibernate: insert into shift_assignments (employee_id,end_time,shift_name,start_time,work_date) values (?,?,?,?,?)
2025-10-13T15:39:07.153+09:00 DEBUG 18196 --- [Shift Scheduler Demo] [           main] org.hibernate.SQL                        : select last_insert_rowid()
Hibernate: select last_insert_rowid()
2025-10-13T15:39:07.154+09:00 DEBUG 18196 --- [Shift Scheduler Demo] [           main] org.hibernate.SQL                        : insert into shift_assignments (employee_id,end_time,shift_name,start_time,work_date) values (?,?,?,?,?)
Hibernate: insert into shift_assignments (employee_id,end_time,shift_name,start_time,work_date) values (?,?,?,?,?)
2025-10-13T15:39:07.154+09:00 DEBUG 18196 --- [Shift Scheduler Demo] [           main] org.hibernate.SQL                        : select last_insert_rowid()
Hibernate: select last_insert_rowid()
2025-10-13T15:39:07.154+09:00 DEBUG 18196 --- [Shift Scheduler Demo] [           main] org.hibernate.SQL                        : insert into shift_assignments (employee_id,end_time,shift_name,start_time,work_date) values (?,?,?,?,?)
Hibernate: insert into shift_assignments (employee_id,end_time,shift_name,start_time,work_date) values (?,?,?,?,?)
2025-10-13T15:39:07.154+09:00 DEBUG 18196 --- [Shift Scheduler Demo] [           main] org.hibernate.SQL                        : select last_insert_rowid()
Hibernate: select last_insert_rowid()
2025-10-13T15:39:07.155+09:00 DEBUG 18196 --- [Shift Scheduler Demo] [           main] org.hibernate.SQL                        : insert into shift_assignments (employee_id,end_time,shift_name,start_time,work_date) values (?,?,?,?,?)
Hibernate: insert into shift_assignments (employee_id,end_time,shift_name,start_time,work_date) values (?,?,?,?,?)
2025-10-13T15:39:07.155+09:00 DEBUG 18196 --- [Shift Scheduler Demo] [           main] org.hibernate.SQL                        : select last_insert_rowid()
Hibernate: select last_insert_rowid()
2025-10-13T15:39:07.155+09:00 DEBUG 18196 --- [Shift Scheduler Demo] [           main] org.hibernate.SQL                        : insert into shift_assignments (employee_id,end_time,shift_name,start_time,work_date) values (?,?,?,?,?)
Hibernate: insert into shift_assignments (employee_id,end_time,shift_name,start_time,work_date) values (?,?,?,?,?)
2025-10-13T15:39:07.156+09:00 DEBUG 18196 --- [Shift Scheduler Demo] [           main] org.hibernate.SQL                        : select last_insert_rowid()
Hibernate: select last_insert_rowid()
2025-10-13T15:39:07.156+09:00 DEBUG 18196 --- [Shift Scheduler Demo] [           main] org.hibernate.SQL                        : insert into shift_assignments (employee_id,end_time,shift_name,start_time,work_date) values (?,?,?,?,?)
Hibernate: insert into shift_assignments (employee_id,end_time,shift_name,start_time,work_date) values (?,?,?,?,?)
2025-10-13T15:39:07.156+09:00 DEBUG 18196 --- [Shift Scheduler Demo] [           main] org.hibernate.SQL                        : select last_insert_rowid()
Hibernate: select last_insert_rowid()
2025-10-13T15:39:07.156+09:00 DEBUG 18196 --- [Shift Scheduler Demo] [           main] org.hibernate.SQL                        : insert into shift_assignments (employee_id,end_time,shift_name,start_time,work_date) values (?,?,?,?,?)
Hibernate: insert into shift_assignments (employee_id,end_time,shift_name,start_time,work_date) values (?,?,?,?,?)
2025-10-13T15:39:07.156+09:00 DEBUG 18196 --- [Shift Scheduler Demo] [           main] org.hibernate.SQL                        : select last_insert_rowid()
Hibernate: select last_insert_rowid()
2025-10-13T15:39:07.156+09:00 DEBUG 18196 --- [Shift Scheduler Demo] [           main] org.hibernate.SQL                        : insert into shift_assignments (employee_id,end_time,shift_name,start_time,work_date) values (?,?,?,?,?)
Hibernate: insert into shift_assignments (employee_id,end_time,shift_name,start_time,work_date) values (?,?,?,?,?)
2025-10-13T15:39:07.157+09:00 DEBUG 18196 --- [Shift Scheduler Demo] [           main] org.hibernate.SQL                        : select last_insert_rowid()
Hibernate: select last_insert_rowid()
2025-10-13T15:39:07.157+09:00 DEBUG 18196 --- [Shift Scheduler Demo] [           main] org.hibernate.SQL                        : insert into shift_assignments (employee_id,end_time,shift_name,start_time,work_date) values (?,?,?,?,?)
Hibernate: insert into shift_assignments (employee_id,end_time,shift_name,start_time,work_date) values (?,?,?,?,?)
2025-10-13T15:39:07.157+09:00 DEBUG 18196 --- [Shift Scheduler Demo] [           main] org.hibernate.SQL                        : select last_insert_rowid()
Hibernate: select last_insert_rowid()
2025-10-13T15:39:07.157+09:00 DEBUG 18196 --- [Shift Scheduler Demo] [           main] org.hibernate.SQL                        : insert into shift_assignments (employee_id,end_time,shift_name,start_time,work_date) values (?,?,?,?,?)
Hibernate: insert into shift_assignments (employee_id,end_time,shift_name,start_time,work_date) values (?,?,?,?,?)
2025-10-13T15:39:07.157+09:00 DEBUG 18196 --- [Shift Scheduler Demo] [           main] org.hibernate.SQL                        : select last_insert_rowid()
Hibernate: select last_insert_rowid()
2025-10-13T15:39:07.158+09:00 DEBUG 18196 --- [Shift Scheduler Demo] [           main] org.hibernate.SQL                        : insert into shift_assignments (employee_id,end_time,shift_name,start_time,work_date) values (?,?,?,?,?)
Hibernate: insert into shift_assignments (employee_id,end_time,shift_name,start_time,work_date) values (?,?,?,?,?)
2025-10-13T15:39:07.158+09:00 DEBUG 18196 --- [Shift Scheduler Demo] [           main] org.hibernate.SQL                        : select last_insert_rowid()
Hibernate: select last_insert_rowid()
2025-10-13T15:39:07.158+09:00 DEBUG 18196 --- [Shift Scheduler Demo] [           main] org.hibernate.SQL                        : insert into shift_assignments (employee_id,end_time,shift_name,start_time,work_date) values (?,?,?,?,?)
Hibernate: insert into shift_assignments (employee_id,end_time,shift_name,start_time,work_date) values (?,?,?,?,?)
2025-10-13T15:39:07.158+09:00 DEBUG 18196 --- [Shift Scheduler Demo] [           main] org.hibernate.SQL                        : select last_insert_rowid()
Hibernate: select last_insert_rowid()
2025-10-13T15:39:07.158+09:00 DEBUG 18196 --- [Shift Scheduler Demo] [           main] org.hibernate.SQL                        : insert into shift_assignments (employee_id,end_time,shift_name,start_time,work_date) values (?,?,?,?,?)
Hibernate: insert into shift_assignments (employee_id,end_time,shift_name,start_time,work_date) values (?,?,?,?,?)
2025-10-13T15:39:07.159+09:00 DEBUG 18196 --- [Shift Scheduler Demo] [           main] org.hibernate.SQL                        : select last_insert_rowid()
Hibernate: select last_insert_rowid()
2025-10-13T15:39:07.159+09:00 DEBUG 18196 --- [Shift Scheduler Demo] [           main] org.hibernate.SQL                        : insert into shift_assignments (employee_id,end_time,shift_name,start_time,work_date) values (?,?,?,?,?)
Hibernate: insert into shift_assignments (employee_id,end_time,shift_name,start_time,work_date) values (?,?,?,?,?)
2025-10-13T15:39:07.159+09:00 DEBUG 18196 --- [Shift Scheduler Demo] [           main] org.hibernate.SQL                        : select last_insert_rowid()
Hibernate: select last_insert_rowid()
2025-10-13T15:39:07.159+09:00 DEBUG 18196 --- [Shift Scheduler Demo] [           main] org.hibernate.SQL                        : insert into shift_assignments (employee_id,end_time,shift_name,start_time,work_date) values (?,?,?,?,?)
Hibernate: insert into shift_assignments (employee_id,end_time,shift_name,start_time,work_date) values (?,?,?,?,?)
2025-10-13T15:39:07.159+09:00 DEBUG 18196 --- [Shift Scheduler Demo] [           main] org.hibernate.SQL                        : select last_insert_rowid()
Hibernate: select last_insert_rowid()
2025-10-13T15:39:07.159+09:00 DEBUG 18196 --- [Shift Scheduler Demo] [           main] org.hibernate.SQL                        : insert into shift_assignments (employee_id,end_time,shift_name,start_time,work_date) values (?,?,?,?,?)
Hibernate: insert into shift_assignments (employee_id,end_time,shift_name,start_time,work_date) values (?,?,?,?,?)
2025-10-13T15:39:07.160+09:00 DEBUG 18196 --- [Shift Scheduler Demo] [           main] org.hibernate.SQL                        : select last_insert_rowid()
Hibernate: select last_insert_rowid()
2025-10-13T15:39:07.160+09:00 DEBUG 18196 --- [Shift Scheduler Demo] [           main] org.hibernate.SQL                        : insert into shift_assignments (employee_id,end_time,shift_name,start_time,work_date) values (?,?,?,?,?)
Hibernate: insert into shift_assignments (employee_id,end_time,shift_name,start_time,work_date) values (?,?,?,?,?)
2025-10-13T15:39:07.160+09:00 DEBUG 18196 --- [Shift Scheduler Demo] [           main] org.hibernate.SQL                        : select last_insert_rowid()
Hibernate: select last_insert_rowid()
2025-10-13T15:39:07.160+09:00 DEBUG 18196 --- [Shift Scheduler Demo] [           main] org.hibernate.SQL                        : insert into shift_assignments (employee_id,end_time,shift_name,start_time,work_date) values (?,?,?,?,?)
Hibernate: insert into shift_assignments (employee_id,end_time,shift_name,start_time,work_date) values (?,?,?,?,?)
2025-10-13T15:39:07.160+09:00 DEBUG 18196 --- [Shift Scheduler Demo] [           main] org.hibernate.SQL                        : select last_insert_rowid()
Hibernate: select last_insert_rowid()
2025-10-13T15:39:07.161+09:00 DEBUG 18196 --- [Shift Scheduler Demo] [           main] org.hibernate.SQL                        : insert into shift_assignments (employee_id,end_time,shift_name,start_time,work_date) values (?,?,?,?,?)
Hibernate: insert into shift_assignments (employee_id,end_time,shift_name,start_time,work_date) values (?,?,?,?,?)
2025-10-13T15:39:07.161+09:00 DEBUG 18196 --- [Shift Scheduler Demo] [           main] org.hibernate.SQL                        : select last_insert_rowid()
Hibernate: select last_insert_rowid()
2025-10-13T15:39:07.161+09:00 DEBUG 18196 --- [Shift Scheduler Demo] [           main] org.hibernate.SQL                        : insert into shift_assignments (employee_id,end_time,shift_name,start_time,work_date) values (?,?,?,?,?)
Hibernate: insert into shift_assignments (employee_id,end_time,shift_name,start_time,work_date) values (?,?,?,?,?)
2025-10-13T15:39:07.161+09:00 DEBUG 18196 --- [Shift Scheduler Demo] [           main] org.hibernate.SQL                        : select last_insert_rowid()
Hibernate: select last_insert_rowid()
2025-10-13T15:39:07.161+09:00 DEBUG 18196 --- [Shift Scheduler Demo] [           main] org.hibernate.SQL                        : insert into shift_assignments (employee_id,end_time,shift_name,start_time,work_date) values (?,?,?,?,?)
Hibernate: insert into shift_assignments (employee_id,end_time,shift_name,start_time,work_date) values (?,?,?,?,?)
2025-10-13T15:39:07.161+09:00 DEBUG 18196 --- [Shift Scheduler Demo] [           main] org.hibernate.SQL                        : select last_insert_rowid()
Hibernate: select last_insert_rowid()
2025-10-13T15:39:07.162+09:00 DEBUG 18196 --- [Shift Scheduler Demo] [           main] org.hibernate.SQL                        : insert into shift_assignments (employee_id,end_time,shift_name,start_time,work_date) values (?,?,?,?,?)
Hibernate: insert into shift_assignments (employee_id,end_time,shift_name,start_time,work_date) values (?,?,?,?,?)
2025-10-13T15:39:07.162+09:00 DEBUG 18196 --- [Shift Scheduler Demo] [           main] org.hibernate.SQL                        : select last_insert_rowid()
Hibernate: select last_insert_rowid()
2025-10-13T15:39:07.162+09:00 DEBUG 18196 --- [Shift Scheduler Demo] [           main] org.hibernate.SQL                        : insert into shift_assignments (employee_id,end_time,shift_name,start_time,work_date) values (?,?,?,?,?)
Hibernate: insert into shift_assignments (employee_id,end_time,shift_name,start_time,work_date) values (?,?,?,?,?)
2025-10-13T15:39:07.162+09:00 DEBUG 18196 --- [Shift Scheduler Demo] [           main] org.hibernate.SQL                        : select last_insert_rowid()
Hibernate: select last_insert_rowid()
2025-10-13T15:39:07.163+09:00 DEBUG 18196 --- [Shift Scheduler Demo] [           main] org.hibernate.SQL                        : insert into shift_assignments (employee_id,end_time,shift_name,start_time,work_date) values (?,?,?,?,?)
Hibernate: insert into shift_assignments (employee_id,end_time,shift_name,start_time,work_date) values (?,?,?,?,?)
2025-10-13T15:39:07.163+09:00 DEBUG 18196 --- [Shift Scheduler Demo] [           main] org.hibernate.SQL                        : select last_insert_rowid()
Hibernate: select last_insert_rowid()
2025-10-13T15:39:07.163+09:00 DEBUG 18196 --- [Shift Scheduler Demo] [           main] org.hibernate.SQL                        : insert into shift_assignments (employee_id,end_time,shift_name,start_time,work_date) values (?,?,?,?,?)
Hibernate: insert into shift_assignments (employee_id,end_time,shift_name,start_time,work_date) values (?,?,?,?,?)
2025-10-13T15:39:07.163+09:00 DEBUG 18196 --- [Shift Scheduler Demo] [           main] org.hibernate.SQL                        : select last_insert_rowid()
Hibernate: select last_insert_rowid()
2025-10-13T15:39:07.163+09:00 DEBUG 18196 --- [Shift Scheduler Demo] [           main] org.hibernate.SQL                        : insert into shift_assignments (employee_id,end_time,shift_name,start_time,work_date) values (?,?,?,?,?)
Hibernate: insert into shift_assignments (employee_id,end_time,shift_name,start_time,work_date) values (?,?,?,?,?)
2025-10-13T15:39:07.163+09:00 DEBUG 18196 --- [Shift Scheduler Demo] [           main] org.hibernate.SQL                        : select last_insert_rowid()
Hibernate: select last_insert_rowid()
2025-10-13T15:39:07.164+09:00 DEBUG 18196 --- [Shift Scheduler Demo] [           main] org.hibernate.SQL                        : insert into shift_assignments (employee_id,end_time,shift_name,start_time,work_date) values (?,?,?,?,?)
Hibernate: insert into shift_assignments (employee_id,end_time,shift_name,start_time,work_date) values (?,?,?,?,?)
2025-10-13T15:39:07.164+09:00 DEBUG 18196 --- [Shift Scheduler Demo] [           main] org.hibernate.SQL                        : select last_insert_rowid()
Hibernate: select last_insert_rowid()
2025-10-13T15:39:07.165+09:00 DEBUG 18196 --- [Shift Scheduler Demo] [           main] org.hibernate.SQL                        : insert into shift_assignments (employee_id,end_time,shift_name,start_time,work_date) values (?,?,?,?,?)
Hibernate: insert into shift_assignments (employee_id,end_time,shift_name,start_time,work_date) values (?,?,?,?,?)
2025-10-13T15:39:07.165+09:00 DEBUG 18196 --- [Shift Scheduler Demo] [           main] org.hibernate.SQL                        : select last_insert_rowid()
Hibernate: select last_insert_rowid()
2025-10-13T15:39:07.166+09:00 DEBUG 18196 --- [Shift Scheduler Demo] [           main] org.hibernate.SQL                        : insert into shift_assignments (employee_id,end_time,shift_name,start_time,work_date) values (?,?,?,?,?)
Hibernate: insert into shift_assignments (employee_id,end_time,shift_name,start_time,work_date) values (?,?,?,?,?)
2025-10-13T15:39:07.166+09:00 DEBUG 18196 --- [Shift Scheduler Demo] [           main] org.hibernate.SQL                        : select last_insert_rowid()
Hibernate: select last_insert_rowid()
2025-10-13T15:39:07.167+09:00 DEBUG 18196 --- [Shift Scheduler Demo] [           main] org.hibernate.SQL                        : insert into shift_assignments (employee_id,end_time,shift_name,start_time,work_date) values (?,?,?,?,?)
Hibernate: insert into shift_assignments (employee_id,end_time,shift_name,start_time,work_date) values (?,?,?,?,?)
2025-10-13T15:39:07.167+09:00 DEBUG 18196 --- [Shift Scheduler Demo] [           main] org.hibernate.SQL                        : select last_insert_rowid()
Hibernate: select last_insert_rowid()
2025-10-13T15:39:07.167+09:00 DEBUG 18196 --- [Shift Scheduler Demo] [           main] org.hibernate.SQL                        : insert into shift_assignments (employee_id,end_time,shift_name,start_time,work_date) values (?,?,?,?,?)
Hibernate: insert into shift_assignments (employee_id,end_time,shift_name,start_time,work_date) values (?,?,?,?,?)
2025-10-13T15:39:07.168+09:00 DEBUG 18196 --- [Shift Scheduler Demo] [           main] org.hibernate.SQL                        : select last_insert_rowid()
Hibernate: select last_insert_rowid()
2025-10-13T15:39:07.168+09:00 DEBUG 18196 --- [Shift Scheduler Demo] [           main] org.hibernate.SQL                        : insert into shift_assignments (employee_id,end_time,shift_name,start_time,work_date) values (?,?,?,?,?)
Hibernate: insert into shift_assignments (employee_id,end_time,shift_name,start_time,work_date) values (?,?,?,?,?)
2025-10-13T15:39:07.168+09:00 DEBUG 18196 --- [Shift Scheduler Demo] [           main] org.hibernate.SQL                        : select last_insert_rowid()
Hibernate: select last_insert_rowid()
2025-10-13T15:39:07.169+09:00 DEBUG 18196 --- [Shift Scheduler Demo] [           main] org.hibernate.SQL                        : insert into shift_assignments (employee_id,end_time,shift_name,start_time,work_date) values (?,?,?,?,?)
Hibernate: insert into shift_assignments (employee_id,end_time,shift_name,start_time,work_date) values (?,?,?,?,?)
2025-10-13T15:39:07.170+09:00 DEBUG 18196 --- [Shift Scheduler Demo] [           main] org.hibernate.SQL                        : select last_insert_rowid()
Hibernate: select last_insert_rowid()
2025-10-13T15:39:07.171+09:00 DEBUG 18196 --- [Shift Scheduler Demo] [           main] org.hibernate.SQL                        : insert into shift_assignments (employee_id,end_time,shift_name,start_time,work_date) values (?,?,?,?,?)
Hibernate: insert into shift_assignments (employee_id,end_time,shift_name,start_time,work_date) values (?,?,?,?,?)
2025-10-13T15:39:07.172+09:00 DEBUG 18196 --- [Shift Scheduler Demo] [           main] org.hibernate.SQL                        : select last_insert_rowid()
Hibernate: select last_insert_rowid()
2025-10-13T15:39:07.172+09:00 DEBUG 18196 --- [Shift Scheduler Demo] [           main] org.hibernate.SQL                        : insert into shift_assignments (employee_id,end_time,shift_name,start_time,work_date) values (?,?,?,?,?)
Hibernate: insert into shift_assignments (employee_id,end_time,shift_name,start_time,work_date) values (?,?,?,?,?)
2025-10-13T15:39:07.172+09:00 DEBUG 18196 --- [Shift Scheduler Demo] [           main] org.hibernate.SQL                        : select last_insert_rowid()
Hibernate: select last_insert_rowid()
2025-10-13T15:39:07.173+09:00 DEBUG 18196 --- [Shift Scheduler Demo] [           main] org.hibernate.SQL                        : insert into shift_assignments (employee_id,end_time,shift_name,start_time,work_date) values (?,?,?,?,?)
Hibernate: insert into shift_assignments (employee_id,end_time,shift_name,start_time,work_date) values (?,?,?,?,?)
2025-10-13T15:39:07.173+09:00 DEBUG 18196 --- [Shift Scheduler Demo] [           main] org.hibernate.SQL                        : select last_insert_rowid()
Hibernate: select last_insert_rowid()
2025-10-13T15:39:07.173+09:00 DEBUG 18196 --- [Shift Scheduler Demo] [           main] org.hibernate.SQL                        : insert into shift_assignments (employee_id,end_time,shift_name,start_time,work_date) values (?,?,?,?,?)
Hibernate: insert into shift_assignments (employee_id,end_time,shift_name,start_time,work_date) values (?,?,?,?,?)
2025-10-13T15:39:07.174+09:00 DEBUG 18196 --- [Shift Scheduler Demo] [           main] org.hibernate.SQL                        : select last_insert_rowid()
Hibernate: select last_insert_rowid()
2025-10-13T15:39:07.175+09:00 DEBUG 18196 --- [Shift Scheduler Demo] [           main] org.hibernate.SQL                        : insert into shift_assignments (employee_id,end_time,shift_name,start_time,work_date) values (?,?,?,?,?)
Hibernate: insert into shift_assignments (employee_id,end_time,shift_name,start_time,work_date) values (?,?,?,?,?)
2025-10-13T15:39:07.175+09:00 DEBUG 18196 --- [Shift Scheduler Demo] [           main] org.hibernate.SQL                        : select last_insert_rowid()
Hibernate: select last_insert_rowid()
2025-10-13T15:39:07.176+09:00 DEBUG 18196 --- [Shift Scheduler Demo] [           main] org.hibernate.SQL                        : insert into shift_assignments (employee_id,end_time,shift_name,start_time,work_date) values (?,?,?,?,?)
Hibernate: insert into shift_assignments (employee_id,end_time,shift_name,start_time,work_date) values (?,?,?,?,?)
2025-10-13T15:39:07.176+09:00 DEBUG 18196 --- [Shift Scheduler Demo] [           main] org.hibernate.SQL                        : select last_insert_rowid()
Hibernate: select last_insert_rowid()
2025-10-13T15:39:07.177+09:00 DEBUG 18196 --- [Shift Scheduler Demo] [           main] org.hibernate.SQL                        : insert into shift_assignments (employee_id,end_time,shift_name,start_time,work_date) values (?,?,?,?,?)
Hibernate: insert into shift_assignments (employee_id,end_time,shift_name,start_time,work_date) values (?,?,?,?,?)
2025-10-13T15:39:07.177+09:00 DEBUG 18196 --- [Shift Scheduler Demo] [           main] org.hibernate.SQL                        : select last_insert_rowid()
Hibernate: select last_insert_rowid()
2025-10-13T15:39:07.177+09:00 DEBUG 18196 --- [Shift Scheduler Demo] [           main] org.hibernate.SQL                        : insert into shift_assignments (employee_id,end_time,shift_name,start_time,work_date) values (?,?,?,?,?)
Hibernate: insert into shift_assignments (employee_id,end_time,shift_name,start_time,work_date) values (?,?,?,?,?)
2025-10-13T15:39:07.177+09:00 DEBUG 18196 --- [Shift Scheduler Demo] [           main] org.hibernate.SQL                        : select last_insert_rowid()
Hibernate: select last_insert_rowid()
2025-10-13T15:39:07.178+09:00 DEBUG 18196 --- [Shift Scheduler Demo] [           main] org.hibernate.SQL                        : insert into shift_assignments (employee_id,end_time,shift_name,start_time,work_date) values (?,?,?,?,?)
Hibernate: insert into shift_assignments (employee_id,end_time,shift_name,start_time,work_date) values (?,?,?,?,?)
2025-10-13T15:39:07.178+09:00 DEBUG 18196 --- [Shift Scheduler Demo] [           main] org.hibernate.SQL                        : select last_insert_rowid()
Hibernate: select last_insert_rowid()
2025-10-13T15:39:07.178+09:00 DEBUG 18196 --- [Shift Scheduler Demo] [           main] org.hibernate.SQL                        : insert into shift_assignments (employee_id,end_time,shift_name,start_time,work_date) values (?,?,?,?,?)
Hibernate: insert into shift_assignments (employee_id,end_time,shift_name,start_time,work_date) values (?,?,?,?,?)
2025-10-13T15:39:07.178+09:00 DEBUG 18196 --- [Shift Scheduler Demo] [           main] org.hibernate.SQL                        : select last_insert_rowid()
Hibernate: select last_insert_rowid()
2025-10-13T15:39:07.178+09:00 DEBUG 18196 --- [Shift Scheduler Demo] [           main] org.hibernate.SQL                        : insert into shift_assignments (employee_id,end_time,shift_name,start_time,work_date) values (?,?,?,?,?)
Hibernate: insert into shift_assignments (employee_id,end_time,shift_name,start_time,work_date) values (?,?,?,?,?)
2025-10-13T15:39:07.179+09:00 DEBUG 18196 --- [Shift Scheduler Demo] [           main] org.hibernate.SQL                        : select last_insert_rowid()
Hibernate: select last_insert_rowid()
2025-10-13T15:39:07.179+09:00 DEBUG 18196 --- [Shift Scheduler Demo] [           main] org.hibernate.SQL                        : insert into shift_assignments (employee_id,end_time,shift_name,start_time,work_date) values (?,?,?,?,?)
Hibernate: insert into shift_assignments (employee_id,end_time,shift_name,start_time,work_date) values (?,?,?,?,?)
2025-10-13T15:39:07.179+09:00 DEBUG 18196 --- [Shift Scheduler Demo] [           main] org.hibernate.SQL                        : select last_insert_rowid()
Hibernate: select last_insert_rowid()
2025-10-13T15:39:07.179+09:00 DEBUG 18196 --- [Shift Scheduler Demo] [           main] org.hibernate.SQL                        : insert into shift_assignments (employee_id,end_time,shift_name,start_time,work_date) values (?,?,?,?,?)
Hibernate: insert into shift_assignments (employee_id,end_time,shift_name,start_time,work_date) values (?,?,?,?,?)
2025-10-13T15:39:07.179+09:00 DEBUG 18196 --- [Shift Scheduler Demo] [           main] org.hibernate.SQL                        : select last_insert_rowid()
Hibernate: select last_insert_rowid()
2025-10-13T15:39:07.180+09:00 DEBUG 18196 --- [Shift Scheduler Demo] [           main] org.hibernate.SQL                        : insert into shift_assignments (employee_id,end_time,shift_name,start_time,work_date) values (?,?,?,?,?)
Hibernate: insert into shift_assignments (employee_id,end_time,shift_name,start_time,work_date) values (?,?,?,?,?)
2025-10-13T15:39:07.180+09:00 DEBUG 18196 --- [Shift Scheduler Demo] [           main] org.hibernate.SQL                        : select last_insert_rowid()
Hibernate: select last_insert_rowid()
2025-10-13T15:39:07.180+09:00 DEBUG 18196 --- [Shift Scheduler Demo] [           main] org.hibernate.SQL                        : insert into shift_assignments (employee_id,end_time,shift_name,start_time,work_date) values (?,?,?,?,?)
Hibernate: insert into shift_assignments (employee_id,end_time,shift_name,start_time,work_date) values (?,?,?,?,?)
2025-10-13T15:39:07.180+09:00 DEBUG 18196 --- [Shift Scheduler Demo] [           main] org.hibernate.SQL                        : select last_insert_rowid()
Hibernate: select last_insert_rowid()
2025-10-13T15:39:07.181+09:00 DEBUG 18196 --- [Shift Scheduler Demo] [           main] org.hibernate.SQL                        : insert into shift_assignments (employee_id,end_time,shift_name,start_time,work_date) values (?,?,?,?,?)
Hibernate: insert into shift_assignments (employee_id,end_time,shift_name,start_time,work_date) values (?,?,?,?,?)
2025-10-13T15:39:07.181+09:00 DEBUG 18196 --- [Shift Scheduler Demo] [           main] org.hibernate.SQL                        : select last_insert_rowid()
Hibernate: select last_insert_rowid()
2025-10-13T15:39:07.187+09:00 DEBUG 18196 --- [Shift Scheduler Demo] [           main] org.hibernate.SQL                        : insert into shift_assignments (employee_id,end_time,shift_name,start_time,work_date) values (?,?,?,?,?)
Hibernate: insert into shift_assignments (employee_id,end_time,shift_name,start_time,work_date) values (?,?,?,?,?)
2025-10-13T15:39:07.187+09:00 DEBUG 18196 --- [Shift Scheduler Demo] [           main] org.hibernate.SQL                        : select last_insert_rowid()
Hibernate: select last_insert_rowid()
2025-10-13T15:39:07.188+09:00 DEBUG 18196 --- [Shift Scheduler Demo] [           main] org.hibernate.SQL                        : insert into shift_assignments (employee_id,end_time,shift_name,start_time,work_date) values (?,?,?,?,?)
Hibernate: insert into shift_assignments (employee_id,end_time,shift_name,start_time,work_date) values (?,?,?,?,?)
2025-10-13T15:39:07.189+09:00 DEBUG 18196 --- [Shift Scheduler Demo] [           main] org.hibernate.SQL                        : select last_insert_rowid()
Hibernate: select last_insert_rowid()
2025-10-13T15:39:07.189+09:00 DEBUG 18196 --- [Shift Scheduler Demo] [           main] org.hibernate.SQL                        : insert into shift_assignments (employee_id,end_time,shift_name,start_time,work_date) values (?,?,?,?,?)
Hibernate: insert into shift_assignments (employee_id,end_time,shift_name,start_time,work_date) values (?,?,?,?,?)
2025-10-13T15:39:07.189+09:00 DEBUG 18196 --- [Shift Scheduler Demo] [           main] org.hibernate.SQL                        : select last_insert_rowid()
Hibernate: select last_insert_rowid()
2025-10-13T15:39:07.190+09:00 DEBUG 18196 --- [Shift Scheduler Demo] [           main] org.hibernate.SQL                        : insert into shift_assignments (employee_id,end_time,shift_name,start_time,work_date) values (?,?,?,?,?)
Hibernate: insert into shift_assignments (employee_id,end_time,shift_name,start_time,work_date) values (?,?,?,?,?)
2025-10-13T15:39:07.190+09:00 DEBUG 18196 --- [Shift Scheduler Demo] [           main] org.hibernate.SQL                        : select last_insert_rowid()
Hibernate: select last_insert_rowid()
2025-10-13T15:39:07.191+09:00 DEBUG 18196 --- [Shift Scheduler Demo] [           main] org.hibernate.SQL                        : insert into shift_assignments (employee_id,end_time,shift_name,start_time,work_date) values (?,?,?,?,?)
Hibernate: insert into shift_assignments (employee_id,end_time,shift_name,start_time,work_date) values (?,?,?,?,?)
2025-10-13T15:39:07.192+09:00 DEBUG 18196 --- [Shift Scheduler Demo] [           main] org.hibernate.SQL                        : select last_insert_rowid()
Hibernate: select last_insert_rowid()
2025-10-13T15:39:07.192+09:00 DEBUG 18196 --- [Shift Scheduler Demo] [           main] org.hibernate.SQL                        : insert into shift_assignments (employee_id,end_time,shift_name,start_time,work_date) values (?,?,?,?,?)
Hibernate: insert into shift_assignments (employee_id,end_time,shift_name,start_time,work_date) values (?,?,?,?,?)
2025-10-13T15:39:07.192+09:00 DEBUG 18196 --- [Shift Scheduler Demo] [           main] org.hibernate.SQL                        : select last_insert_rowid()
Hibernate: select last_insert_rowid()
2025-10-13T15:39:07.193+09:00 DEBUG 18196 --- [Shift Scheduler Demo] [           main] org.hibernate.SQL                        : insert into shift_assignments (employee_id,end_time,shift_name,start_time,work_date) values (?,?,?,?,?)
Hibernate: insert into shift_assignments (employee_id,end_time,shift_name,start_time,work_date) values (?,?,?,?,?)
2025-10-13T15:39:07.193+09:00 DEBUG 18196 --- [Shift Scheduler Demo] [           main] org.hibernate.SQL                        : select last_insert_rowid()
Hibernate: select last_insert_rowid()
2025-10-13T15:39:07.193+09:00 DEBUG 18196 --- [Shift Scheduler Demo] [           main] org.hibernate.SQL                        : insert into shift_assignments (employee_id,end_time,shift_name,start_time,work_date) values (?,?,?,?,?)
Hibernate: insert into shift_assignments (employee_id,end_time,shift_name,start_time,work_date) values (?,?,?,?,?)
2025-10-13T15:39:07.193+09:00 DEBUG 18196 --- [Shift Scheduler Demo] [           main] org.hibernate.SQL                        : select last_insert_rowid()
Hibernate: select last_insert_rowid()
2025-10-13T15:39:07.194+09:00 DEBUG 18196 --- [Shift Scheduler Demo] [           main] org.hibernate.SQL                        : insert into shift_assignments (employee_id,end_time,shift_name,start_time,work_date) values (?,?,?,?,?)
Hibernate: insert into shift_assignments (employee_id,end_time,shift_name,start_time,work_date) values (?,?,?,?,?)
2025-10-13T15:39:07.194+09:00 DEBUG 18196 --- [Shift Scheduler Demo] [           main] org.hibernate.SQL                        : select last_insert_rowid()
Hibernate: select last_insert_rowid()
2025-10-13T15:39:07.195+09:00 DEBUG 18196 --- [Shift Scheduler Demo] [           main] org.hibernate.SQL                        : insert into shift_assignments (employee_id,end_time,shift_name,start_time,work_date) values (?,?,?,?,?)
Hibernate: insert into shift_assignments (employee_id,end_time,shift_name,start_time,work_date) values (?,?,?,?,?)
2025-10-13T15:39:07.195+09:00 DEBUG 18196 --- [Shift Scheduler Demo] [           main] org.hibernate.SQL                        : select last_insert_rowid()
Hibernate: select last_insert_rowid()
2025-10-13T15:39:07.195+09:00 DEBUG 18196 --- [Shift Scheduler Demo] [           main] org.hibernate.SQL                        : insert into shift_assignments (employee_id,end_time,shift_name,start_time,work_date) values (?,?,?,?,?)
Hibernate: insert into shift_assignments (employee_id,end_time,shift_name,start_time,work_date) values (?,?,?,?,?)
2025-10-13T15:39:07.195+09:00 DEBUG 18196 --- [Shift Scheduler Demo] [           main] org.hibernate.SQL                        : select last_insert_rowid()
Hibernate: select last_insert_rowid()
2025-10-13T15:39:07.196+09:00 DEBUG 18196 --- [Shift Scheduler Demo] [           main] org.hibernate.SQL                        : insert into shift_assignments (employee_id,end_time,shift_name,start_time,work_date) values (?,?,?,?,?)
Hibernate: insert into shift_assignments (employee_id,end_time,shift_name,start_time,work_date) values (?,?,?,?,?)
2025-10-13T15:39:07.196+09:00 DEBUG 18196 --- [Shift Scheduler Demo] [           main] org.hibernate.SQL                        : select last_insert_rowid()
Hibernate: select last_insert_rowid()
2025-10-13T15:39:07.196+09:00 DEBUG 18196 --- [Shift Scheduler Demo] [           main] org.hibernate.SQL                        : insert into shift_assignments (employee_id,end_time,shift_name,start_time,work_date) values (?,?,?,?,?)
Hibernate: insert into shift_assignments (employee_id,end_time,shift_name,start_time,work_date) values (?,?,?,?,?)
2025-10-13T15:39:07.197+09:00 DEBUG 18196 --- [Shift Scheduler Demo] [           main] org.hibernate.SQL                        : select last_insert_rowid()
Hibernate: select last_insert_rowid()
2025-10-13T15:39:07.198+09:00 DEBUG 18196 --- [Shift Scheduler Demo] [           main] org.hibernate.SQL                        : insert into shift_assignments (employee_id,end_time,shift_name,start_time,work_date) values (?,?,?,?,?)
Hibernate: insert into shift_assignments (employee_id,end_time,shift_name,start_time,work_date) values (?,?,?,?,?)
2025-10-13T15:39:07.201+09:00 DEBUG 18196 --- [Shift Scheduler Demo] [           main] org.hibernate.SQL                        : select last_insert_rowid()
Hibernate: select last_insert_rowid()
2025-10-13T15:39:07.204+09:00 DEBUG 18196 --- [Shift Scheduler Demo] [           main] org.hibernate.SQL                        : insert into shift_assignments (employee_id,end_time,shift_name,start_time,work_date) values (?,?,?,?,?)
Hibernate: insert into shift_assignments (employee_id,end_time,shift_name,start_time,work_date) values (?,?,?,?,?)
2025-10-13T15:39:07.205+09:00 DEBUG 18196 --- [Shift Scheduler Demo] [           main] org.hibernate.SQL                        : select last_insert_rowid()
Hibernate: select last_insert_rowid()
2025-10-13T15:39:07.205+09:00 DEBUG 18196 --- [Shift Scheduler Demo] [           main] org.hibernate.SQL                        : insert into shift_assignments (employee_id,end_time,shift_name,start_time,work_date) values (?,?,?,?,?)
Hibernate: insert into shift_assignments (employee_id,end_time,shift_name,start_time,work_date) values (?,?,?,?,?)
2025-10-13T15:39:07.206+09:00 DEBUG 18196 --- [Shift Scheduler Demo] [           main] org.hibernate.SQL                        : select last_insert_rowid()
Hibernate: select last_insert_rowid()
2025-10-13T15:39:07.206+09:00 DEBUG 18196 --- [Shift Scheduler Demo] [           main] org.hibernate.SQL                        : insert into shift_assignments (employee_id,end_time,shift_name,start_time,work_date) values (?,?,?,?,?)
Hibernate: insert into shift_assignments (employee_id,end_time,shift_name,start_time,work_date) values (?,?,?,?,?)
2025-10-13T15:39:07.207+09:00 DEBUG 18196 --- [Shift Scheduler Demo] [           main] org.hibernate.SQL                        : select last_insert_rowid()
Hibernate: select last_insert_rowid()
2025-10-13T15:39:07.207+09:00 DEBUG 18196 --- [Shift Scheduler Demo] [           main] org.hibernate.SQL                        : insert into shift_assignments (employee_id,end_time,shift_name,start_time,work_date) values (?,?,?,?,?)
Hibernate: insert into shift_assignments (employee_id,end_time,shift_name,start_time,work_date) values (?,?,?,?,?)
2025-10-13T15:39:07.208+09:00 DEBUG 18196 --- [Shift Scheduler Demo] [           main] org.hibernate.SQL                        : select last_insert_rowid()
Hibernate: select last_insert_rowid()
2025-10-13T15:39:07.208+09:00 DEBUG 18196 --- [Shift Scheduler Demo] [           main] org.hibernate.SQL                        : insert into shift_assignments (employee_id,end_time,shift_name,start_time,work_date) values (?,?,?,?,?)
Hibernate: insert into shift_assignments (employee_id,end_time,shift_name,start_time,work_date) values (?,?,?,?,?)
2025-10-13T15:39:07.211+09:00 DEBUG 18196 --- [Shift Scheduler Demo] [           main] org.hibernate.SQL                        : select last_insert_rowid()
Hibernate: select last_insert_rowid()
2025-10-13T15:39:07.212+09:00 DEBUG 18196 --- [Shift Scheduler Demo] [           main] org.hibernate.SQL                        : insert into shift_assignments (employee_id,end_time,shift_name,start_time,work_date) values (?,?,?,?,?)
Hibernate: insert into shift_assignments (employee_id,end_time,shift_name,start_time,work_date) values (?,?,?,?,?)
2025-10-13T15:39:07.212+09:00 DEBUG 18196 --- [Shift Scheduler Demo] [           main] org.hibernate.SQL                        : select last_insert_rowid()
Hibernate: select last_insert_rowid()
2025-10-13T15:39:07.213+09:00 DEBUG 18196 --- [Shift Scheduler Demo] [           main] org.hibernate.SQL                        : insert into shift_assignments (employee_id,end_time,shift_name,start_time,work_date) values (?,?,?,?,?)
Hibernate: insert into shift_assignments (employee_id,end_time,shift_name,start_time,work_date) values (?,?,?,?,?)
2025-10-13T15:39:07.214+09:00 DEBUG 18196 --- [Shift Scheduler Demo] [           main] org.hibernate.SQL                        : select last_insert_rowid()
Hibernate: select last_insert_rowid()
2025-10-13T15:39:07.215+09:00 DEBUG 18196 --- [Shift Scheduler Demo] [           main] org.hibernate.SQL                        : insert into shift_assignments (employee_id,end_time,shift_name,start_time,work_date) values (?,?,?,?,?)
Hibernate: insert into shift_assignments (employee_id,end_time,shift_name,start_time,work_date) values (?,?,?,?,?)
2025-10-13T15:39:07.217+09:00 DEBUG 18196 --- [Shift Scheduler Demo] [           main] org.hibernate.SQL                        : select last_insert_rowid()
Hibernate: select last_insert_rowid()
2025-10-13T15:39:07.217+09:00 DEBUG 18196 --- [Shift Scheduler Demo] [           main] org.hibernate.SQL                        : insert into shift_assignments (employee_id,end_time,shift_name,start_time,work_date) values (?,?,?,?,?)
Hibernate: insert into shift_assignments (employee_id,end_time,shift_name,start_time,work_date) values (?,?,?,?,?)
2025-10-13T15:39:07.218+09:00 DEBUG 18196 --- [Shift Scheduler Demo] [           main] org.hibernate.SQL                        : select last_insert_rowid()
Hibernate: select last_insert_rowid()
2025-10-13T15:39:07.218+09:00 DEBUG 18196 --- [Shift Scheduler Demo] [           main] org.hibernate.SQL                        : insert into shift_assignments (employee_id,end_time,shift_name,start_time,work_date) values (?,?,?,?,?)
Hibernate: insert into shift_assignments (employee_id,end_time,shift_name,start_time,work_date) values (?,?,?,?,?)
2025-10-13T15:39:07.218+09:00 DEBUG 18196 --- [Shift Scheduler Demo] [           main] org.hibernate.SQL                        : select last_insert_rowid()
Hibernate: select last_insert_rowid()
2025-10-13T15:39:07.219+09:00 DEBUG 18196 --- [Shift Scheduler Demo] [           main] org.hibernate.SQL                        : insert into shift_assignments (employee_id,end_time,shift_name,start_time,work_date) values (?,?,?,?,?)
Hibernate: insert into shift_assignments (employee_id,end_time,shift_name,start_time,work_date) values (?,?,?,?,?)
2025-10-13T15:39:07.219+09:00 DEBUG 18196 --- [Shift Scheduler Demo] [           main] org.hibernate.SQL                        : select last_insert_rowid()
Hibernate: select last_insert_rowid()
2025-10-13T15:39:07.220+09:00 DEBUG 18196 --- [Shift Scheduler Demo] [           main] org.hibernate.SQL                        : insert into shift_assignments (employee_id,end_time,shift_name,start_time,work_date) values (?,?,?,?,?)
Hibernate: insert into shift_assignments (employee_id,end_time,shift_name,start_time,work_date) values (?,?,?,?,?)
2025-10-13T15:39:07.221+09:00 DEBUG 18196 --- [Shift Scheduler Demo] [           main] org.hibernate.SQL                        : select last_insert_rowid()
Hibernate: select last_insert_rowid()
2025-10-13T15:39:07.222+09:00 DEBUG 18196 --- [Shift Scheduler Demo] [           main] org.hibernate.SQL                        : insert into shift_assignments (employee_id,end_time,shift_name,start_time,work_date) values (?,?,?,?,?)
Hibernate: insert into shift_assignments (employee_id,end_time,shift_name,start_time,work_date) values (?,?,?,?,?)
2025-10-13T15:39:07.223+09:00 DEBUG 18196 --- [Shift Scheduler Demo] [           main] org.hibernate.SQL                        : select last_insert_rowid()
Hibernate: select last_insert_rowid()
2025-10-13T15:39:07.224+09:00 DEBUG 18196 --- [Shift Scheduler Demo] [           main] org.hibernate.SQL                        : insert into shift_assignments (employee_id,end_time,shift_name,start_time,work_date) values (?,?,?,?,?)
Hibernate: insert into shift_assignments (employee_id,end_time,shift_name,start_time,work_date) values (?,?,?,?,?)
2025-10-13T15:39:07.225+09:00 DEBUG 18196 --- [Shift Scheduler Demo] [           main] org.hibernate.SQL                        : select last_insert_rowid()
Hibernate: select last_insert_rowid()
2025-10-13T15:39:07.226+09:00 DEBUG 18196 --- [Shift Scheduler Demo] [           main] org.hibernate.SQL                        : insert into shift_assignments (employee_id,end_time,shift_name,start_time,work_date) values (?,?,?,?,?)
Hibernate: insert into shift_assignments (employee_id,end_time,shift_name,start_time,work_date) values (?,?,?,?,?)
2025-10-13T15:39:07.226+09:00 DEBUG 18196 --- [Shift Scheduler Demo] [           main] org.hibernate.SQL                        : select last_insert_rowid()
Hibernate: select last_insert_rowid()
2025-10-13T15:39:07.227+09:00 DEBUG 18196 --- [Shift Scheduler Demo] [           main] org.hibernate.SQL                        : insert into shift_assignments (employee_id,end_time,shift_name,start_time,work_date) values (?,?,?,?,?)
Hibernate: insert into shift_assignments (employee_id,end_time,shift_name,start_time,work_date) values (?,?,?,?,?)
2025-10-13T15:39:07.227+09:00 DEBUG 18196 --- [Shift Scheduler Demo] [           main] org.hibernate.SQL                        : select last_insert_rowid()
Hibernate: select last_insert_rowid()
2025-10-13T15:39:07.228+09:00 DEBUG 18196 --- [Shift Scheduler Demo] [           main] org.hibernate.SQL                        : insert into shift_assignments (employee_id,end_time,shift_name,start_time,work_date) values (?,?,?,?,?)
Hibernate: insert into shift_assignments (employee_id,end_time,shift_name,start_time,work_date) values (?,?,?,?,?)
2025-10-13T15:39:07.229+09:00 DEBUG 18196 --- [Shift Scheduler Demo] [           main] org.hibernate.SQL                        : select last_insert_rowid()
Hibernate: select last_insert_rowid()
2025-10-13T15:39:07.230+09:00 DEBUG 18196 --- [Shift Scheduler Demo] [           main] org.hibernate.SQL                        : insert into shift_assignments (employee_id,end_time,shift_name,start_time,work_date) values (?,?,?,?,?)
Hibernate: insert into shift_assignments (employee_id,end_time,shift_name,start_time,work_date) values (?,?,?,?,?)
2025-10-13T15:39:07.230+09:00 DEBUG 18196 --- [Shift Scheduler Demo] [           main] org.hibernate.SQL                        : select last_insert_rowid()
Hibernate: select last_insert_rowid()
2025-10-13T15:39:07.230+09:00 DEBUG 18196 --- [Shift Scheduler Demo] [           main] org.hibernate.SQL                        : insert into shift_assignments (employee_id,end_time,shift_name,start_time,work_date) values (?,?,?,?,?)
Hibernate: insert into shift_assignments (employee_id,end_time,shift_name,start_time,work_date) values (?,?,?,?,?)
2025-10-13T15:39:07.231+09:00 DEBUG 18196 --- [Shift Scheduler Demo] [           main] org.hibernate.SQL                        : select last_insert_rowid()
Hibernate: select last_insert_rowid()
2025-10-13T15:39:07.232+09:00 DEBUG 18196 --- [Shift Scheduler Demo] [           main] org.hibernate.SQL                        : insert into shift_assignments (employee_id,end_time,shift_name,start_time,work_date) values (?,?,?,?,?)
Hibernate: insert into shift_assignments (employee_id,end_time,shift_name,start_time,work_date) values (?,?,?,?,?)
2025-10-13T15:39:07.232+09:00 DEBUG 18196 --- [Shift Scheduler Demo] [           main] org.hibernate.SQL                        : select last_insert_rowid()
Hibernate: select last_insert_rowid()
2025-10-13T15:39:07.233+09:00 DEBUG 18196 --- [Shift Scheduler Demo] [           main] org.hibernate.SQL                        : insert into shift_assignments (employee_id,end_time,shift_name,start_time,work_date) values (?,?,?,?,?)
Hibernate: insert into shift_assignments (employee_id,end_time,shift_name,start_time,work_date) values (?,?,?,?,?)
2025-10-13T15:39:07.233+09:00 DEBUG 18196 --- [Shift Scheduler Demo] [           main] org.hibernate.SQL                        : select last_insert_rowid()
Hibernate: select last_insert_rowid()
2025-10-13T15:39:07.233+09:00 DEBUG 18196 --- [Shift Scheduler Demo] [           main] org.hibernate.SQL                        : insert into shift_assignments (employee_id,end_time,shift_name,start_time,work_date) values (?,?,?,?,?)
Hibernate: insert into shift_assignments (employee_id,end_time,shift_name,start_time,work_date) values (?,?,?,?,?)
2025-10-13T15:39:07.233+09:00 DEBUG 18196 --- [Shift Scheduler Demo] [           main] org.hibernate.SQL                        : select last_insert_rowid()
Hibernate: select last_insert_rowid()
2025-10-13T15:39:07.235+09:00 DEBUG 18196 --- [Shift Scheduler Demo] [           main] org.hibernate.SQL                        : insert into shift_assignments (employee_id,end_time,shift_name,start_time,work_date) values (?,?,?,?,?)
Hibernate: insert into shift_assignments (employee_id,end_time,shift_name,start_time,work_date) values (?,?,?,?,?)
2025-10-13T15:39:07.235+09:00 DEBUG 18196 --- [Shift Scheduler Demo] [           main] org.hibernate.SQL                        : select last_insert_rowid()
Hibernate: select last_insert_rowid()
2025-10-13T15:39:07.236+09:00 DEBUG 18196 --- [Shift Scheduler Demo] [           main] org.hibernate.SQL                        : insert into shift_assignments (employee_id,end_time,shift_name,start_time,work_date) values (?,?,?,?,?)
Hibernate: insert into shift_assignments (employee_id,end_time,shift_name,start_time,work_date) values (?,?,?,?,?)
2025-10-13T15:39:07.237+09:00 DEBUG 18196 --- [Shift Scheduler Demo] [           main] org.hibernate.SQL                        : select last_insert_rowid()
Hibernate: select last_insert_rowid()
2025-10-13T15:39:07.238+09:00 DEBUG 18196 --- [Shift Scheduler Demo] [           main] org.hibernate.SQL                        : insert into shift_assignments (employee_id,end_time,shift_name,start_time,work_date) values (?,?,?,?,?)
Hibernate: insert into shift_assignments (employee_id,end_time,shift_name,start_time,work_date) values (?,?,?,?,?)
2025-10-13T15:39:07.239+09:00 DEBUG 18196 --- [Shift Scheduler Demo] [           main] org.hibernate.SQL                        : select last_insert_rowid()
Hibernate: select last_insert_rowid()
2025-10-13T15:39:07.240+09:00 DEBUG 18196 --- [Shift Scheduler Demo] [           main] org.hibernate.SQL                        : insert into shift_assignments (employee_id,end_time,shift_name,start_time,work_date) values (?,?,?,?,?)
Hibernate: insert into shift_assignments (employee_id,end_time,shift_name,start_time,work_date) values (?,?,?,?,?)
2025-10-13T15:39:07.240+09:00 DEBUG 18196 --- [Shift Scheduler Demo] [           main] org.hibernate.SQL                        : select last_insert_rowid()
Hibernate: select last_insert_rowid()
2025-10-13T15:39:07.242+09:00 DEBUG 18196 --- [Shift Scheduler Demo] [           main] org.hibernate.SQL                        : insert into shift_assignments (employee_id,end_time,shift_name,start_time,work_date) values (?,?,?,?,?)
Hibernate: insert into shift_assignments (employee_id,end_time,shift_name,start_time,work_date) values (?,?,?,?,?)
2025-10-13T15:39:07.244+09:00 DEBUG 18196 --- [Shift Scheduler Demo] [           main] org.hibernate.SQL                        : select last_insert_rowid()
Hibernate: select last_insert_rowid()
2025-10-13T15:39:07.248+09:00 DEBUG 18196 --- [Shift Scheduler Demo] [           main] org.hibernate.SQL                        : insert into shift_assignments (employee_id,end_time,shift_name,start_time,work_date) values (?,?,?,?,?)
Hibernate: insert into shift_assignments (employee_id,end_time,shift_name,start_time,work_date) values (?,?,?,?,?)
2025-10-13T15:39:07.253+09:00 DEBUG 18196 --- [Shift Scheduler Demo] [           main] org.hibernate.SQL                        : select last_insert_rowid()
Hibernate: select last_insert_rowid()
2025-10-13T15:39:07.255+09:00 DEBUG 18196 --- [Shift Scheduler Demo] [           main] org.hibernate.SQL                        : insert into shift_assignments (employee_id,end_time,shift_name,start_time,work_date) values (?,?,?,?,?)
Hibernate: insert into shift_assignments (employee_id,end_time,shift_name,start_time,work_date) values (?,?,?,?,?)
2025-10-13T15:39:07.256+09:00 DEBUG 18196 --- [Shift Scheduler Demo] [           main] org.hibernate.SQL                        : select last_insert_rowid()
Hibernate: select last_insert_rowid()
2025-10-13T15:39:07.257+09:00 DEBUG 18196 --- [Shift Scheduler Demo] [           main] org.hibernate.SQL                        : insert into shift_assignments (employee_id,end_time,shift_name,start_time,work_date) values (?,?,?,?,?)
Hibernate: insert into shift_assignments (employee_id,end_time,shift_name,start_time,work_date) values (?,?,?,?,?)
2025-10-13T15:39:07.258+09:00 DEBUG 18196 --- [Shift Scheduler Demo] [           main] org.hibernate.SQL                        : select last_insert_rowid()
Hibernate: select last_insert_rowid()
2025-10-13T15:39:07.259+09:00 DEBUG 18196 --- [Shift Scheduler Demo] [           main] org.hibernate.SQL                        : insert into shift_assignments (employee_id,end_time,shift_name,start_time,work_date) values (?,?,?,?,?)
Hibernate: insert into shift_assignments (employee_id,end_time,shift_name,start_time,work_date) values (?,?,?,?,?)
2025-10-13T15:39:07.260+09:00 DEBUG 18196 --- [Shift Scheduler Demo] [           main] org.hibernate.SQL                        : select last_insert_rowid()
Hibernate: select last_insert_rowid()
2025-10-13T15:39:07.261+09:00 DEBUG 18196 --- [Shift Scheduler Demo] [           main] org.hibernate.SQL                        : insert into shift_assignments (employee_id,end_time,shift_name,start_time,work_date) values (?,?,?,?,?)
Hibernate: insert into shift_assignments (employee_id,end_time,shift_name,start_time,work_date) values (?,?,?,?,?)
2025-10-13T15:39:07.262+09:00 DEBUG 18196 --- [Shift Scheduler Demo] [           main] org.hibernate.SQL                        : select last_insert_rowid()
Hibernate: select last_insert_rowid()
2025-10-13T15:39:07.262+09:00 DEBUG 18196 --- [Shift Scheduler Demo] [           main] org.hibernate.SQL                        : insert into shift_assignments (employee_id,end_time,shift_name,start_time,work_date) values (?,?,?,?,?)
Hibernate: insert into shift_assignments (employee_id,end_time,shift_name,start_time,work_date) values (?,?,?,?,?)
2025-10-13T15:39:07.263+09:00 DEBUG 18196 --- [Shift Scheduler Demo] [           main] org.hibernate.SQL                        : select last_insert_rowid()
Hibernate: select last_insert_rowid()
2025-10-13T15:39:07.264+09:00 DEBUG 18196 --- [Shift Scheduler Demo] [           main] org.hibernate.SQL                        : insert into shift_assignments (employee_id,end_time,shift_name,start_time,work_date) values (?,?,?,?,?)
Hibernate: insert into shift_assignments (employee_id,end_time,shift_name,start_time,work_date) values (?,?,?,?,?)
2025-10-13T15:39:07.265+09:00 DEBUG 18196 --- [Shift Scheduler Demo] [           main] org.hibernate.SQL                        : select last_insert_rowid()
Hibernate: select last_insert_rowid()
2025-10-13T15:39:07.266+09:00 DEBUG 18196 --- [Shift Scheduler Demo] [           main] org.hibernate.SQL                        : insert into shift_assignments (employee_id,end_time,shift_name,start_time,work_date) values (?,?,?,?,?)
Hibernate: insert into shift_assignments (employee_id,end_time,shift_name,start_time,work_date) values (?,?,?,?,?)
2025-10-13T15:39:07.266+09:00 DEBUG 18196 --- [Shift Scheduler Demo] [           main] org.hibernate.SQL                        : select last_insert_rowid()
Hibernate: select last_insert_rowid()
2025-10-13T15:39:07.266+09:00 DEBUG 18196 --- [Shift Scheduler Demo] [           main] org.hibernate.SQL                        : insert into shift_assignments (employee_id,end_time,shift_name,start_time,work_date) values (?,?,?,?,?)
Hibernate: insert into shift_assignments (employee_id,end_time,shift_name,start_time,work_date) values (?,?,?,?,?)
2025-10-13T15:39:07.266+09:00 DEBUG 18196 --- [Shift Scheduler Demo] [           main] org.hibernate.SQL                        : select last_insert_rowid()
Hibernate: select last_insert_rowid()
2025-10-13T15:39:07.267+09:00 DEBUG 18196 --- [Shift Scheduler Demo] [           main] org.hibernate.SQL                        : insert into shift_assignments (employee_id,end_time,shift_name,start_time,work_date) values (?,?,?,?,?)
Hibernate: insert into shift_assignments (employee_id,end_time,shift_name,start_time,work_date) values (?,?,?,?,?)
2025-10-13T15:39:07.267+09:00 DEBUG 18196 --- [Shift Scheduler Demo] [           main] org.hibernate.SQL                        : select last_insert_rowid()
Hibernate: select last_insert_rowid()
2025-10-13T15:39:07.269+09:00 DEBUG 18196 --- [Shift Scheduler Demo] [           main] org.hibernate.SQL                        : insert into shift_assignments (employee_id,end_time,shift_name,start_time,work_date) values (?,?,?,?,?)
Hibernate: insert into shift_assignments (employee_id,end_time,shift_name,start_time,work_date) values (?,?,?,?,?)
2025-10-13T15:39:07.271+09:00 DEBUG 18196 --- [Shift Scheduler Demo] [           main] org.hibernate.SQL                        : select last_insert_rowid()
Hibernate: select last_insert_rowid()
2025-10-13T15:39:07.272+09:00 DEBUG 18196 --- [Shift Scheduler Demo] [           main] org.hibernate.SQL                        : insert into shift_assignments (employee_id,end_time,shift_name,start_time,work_date) values (?,?,?,?,?)
Hibernate: insert into shift_assignments (employee_id,end_time,shift_name,start_time,work_date) values (?,?,?,?,?)
2025-10-13T15:39:07.272+09:00 DEBUG 18196 --- [Shift Scheduler Demo] [           main] org.hibernate.SQL                        : select last_insert_rowid()
Hibernate: select last_insert_rowid()
2025-10-13T15:39:07.273+09:00 DEBUG 18196 --- [Shift Scheduler Demo] [           main] org.hibernate.SQL                        : insert into shift_assignments (employee_id,end_time,shift_name,start_time,work_date) values (?,?,?,?,?)
Hibernate: insert into shift_assignments (employee_id,end_time,shift_name,start_time,work_date) values (?,?,?,?,?)
2025-10-13T15:39:07.273+09:00 DEBUG 18196 --- [Shift Scheduler Demo] [           main] org.hibernate.SQL                        : select last_insert_rowid()
Hibernate: select last_insert_rowid()
2025-10-13T15:39:07.274+09:00 DEBUG 18196 --- [Shift Scheduler Demo] [           main] org.hibernate.SQL                        : insert into shift_assignments (employee_id,end_time,shift_name,start_time,work_date) values (?,?,?,?,?)
Hibernate: insert into shift_assignments (employee_id,end_time,shift_name,start_time,work_date) values (?,?,?,?,?)
2025-10-13T15:39:07.274+09:00 DEBUG 18196 --- [Shift Scheduler Demo] [           main] org.hibernate.SQL                        : select last_insert_rowid()
Hibernate: select last_insert_rowid()
2025-10-13T15:39:07.274+09:00 DEBUG 18196 --- [Shift Scheduler Demo] [           main] org.hibernate.SQL                        : insert into shift_assignments (employee_id,end_time,shift_name,start_time,work_date) values (?,?,?,?,?)
Hibernate: insert into shift_assignments (employee_id,end_time,shift_name,start_time,work_date) values (?,?,?,?,?)
2025-10-13T15:39:07.275+09:00 DEBUG 18196 --- [Shift Scheduler Demo] [           main] org.hibernate.SQL                        : select last_insert_rowid()
Hibernate: select last_insert_rowid()
2025-10-13T15:39:07.277+09:00 DEBUG 18196 --- [Shift Scheduler Demo] [           main] org.hibernate.SQL                        : insert into shift_assignments (employee_id,end_time,shift_name,start_time,work_date) values (?,?,?,?,?)
Hibernate: insert into shift_assignments (employee_id,end_time,shift_name,start_time,work_date) values (?,?,?,?,?)
2025-10-13T15:39:07.278+09:00 DEBUG 18196 --- [Shift Scheduler Demo] [           main] org.hibernate.SQL                        : select last_insert_rowid()
Hibernate: select last_insert_rowid()
2025-10-13T15:39:07.278+09:00 DEBUG 18196 --- [Shift Scheduler Demo] [           main] org.hibernate.SQL                        : insert into shift_assignments (employee_id,end_time,shift_name,start_time,work_date) values (?,?,?,?,?)
Hibernate: insert into shift_assignments (employee_id,end_time,shift_name,start_time,work_date) values (?,?,?,?,?)
2025-10-13T15:39:07.279+09:00 DEBUG 18196 --- [Shift Scheduler Demo] [           main] org.hibernate.SQL                        : select last_insert_rowid()
Hibernate: select last_insert_rowid()
2025-10-13T15:39:07.279+09:00 DEBUG 18196 --- [Shift Scheduler Demo] [           main] org.hibernate.SQL                        : insert into shift_assignments (employee_id,end_time,shift_name,start_time,work_date) values (?,?,?,?,?)
Hibernate: insert into shift_assignments (employee_id,end_time,shift_name,start_time,work_date) values (?,?,?,?,?)
2025-10-13T15:39:07.280+09:00 DEBUG 18196 --- [Shift Scheduler Demo] [           main] org.hibernate.SQL                        : select last_insert_rowid()
Hibernate: select last_insert_rowid()
2025-10-13T15:39:07.280+09:00 DEBUG 18196 --- [Shift Scheduler Demo] [           main] org.hibernate.SQL                        : insert into shift_assignments (employee_id,end_time,shift_name,start_time,work_date) values (?,?,?,?,?)
Hibernate: insert into shift_assignments (employee_id,end_time,shift_name,start_time,work_date) values (?,?,?,?,?)
2025-10-13T15:39:07.280+09:00 DEBUG 18196 --- [Shift Scheduler Demo] [           main] org.hibernate.SQL                        : select last_insert_rowid()
Hibernate: select last_insert_rowid()
2025-10-13T15:39:07.280+09:00 DEBUG 18196 --- [Shift Scheduler Demo] [           main] org.hibernate.SQL                        : insert into shift_assignments (employee_id,end_time,shift_name,start_time,work_date) values (?,?,?,?,?)
Hibernate: insert into shift_assignments (employee_id,end_time,shift_name,start_time,work_date) values (?,?,?,?,?)
2025-10-13T15:39:07.280+09:00 DEBUG 18196 --- [Shift Scheduler Demo] [           main] org.hibernate.SQL                        : select last_insert_rowid()
Hibernate: select last_insert_rowid()
2025-10-13T15:39:07.281+09:00 DEBUG 18196 --- [Shift Scheduler Demo] [           main] org.hibernate.SQL                        : insert into shift_assignments (employee_id,end_time,shift_name,start_time,work_date) values (?,?,?,?,?)
Hibernate: insert into shift_assignments (employee_id,end_time,shift_name,start_time,work_date) values (?,?,?,?,?)
2025-10-13T15:39:07.283+09:00 DEBUG 18196 --- [Shift Scheduler Demo] [           main] org.hibernate.SQL                        : select last_insert_rowid()
Hibernate: select last_insert_rowid()
2025-10-13T15:39:07.284+09:00 DEBUG 18196 --- [Shift Scheduler Demo] [           main] org.hibernate.SQL                        : insert into shift_assignments (employee_id,end_time,shift_name,start_time,work_date) values (?,?,?,?,?)
Hibernate: insert into shift_assignments (employee_id,end_time,shift_name,start_time,work_date) values (?,?,?,?,?)
2025-10-13T15:39:07.285+09:00 DEBUG 18196 --- [Shift Scheduler Demo] [           main] org.hibernate.SQL                        : select last_insert_rowid()
Hibernate: select last_insert_rowid()
2025-10-13T15:39:07.286+09:00 DEBUG 18196 --- [Shift Scheduler Demo] [           main] org.hibernate.SQL                        : insert into shift_assignments (employee_id,end_time,shift_name,start_time,work_date) values (?,?,?,?,?)
Hibernate: insert into shift_assignments (employee_id,end_time,shift_name,start_time,work_date) values (?,?,?,?,?)
2025-10-13T15:39:07.286+09:00 DEBUG 18196 --- [Shift Scheduler Demo] [           main] org.hibernate.SQL                        : select last_insert_rowid()
Hibernate: select last_insert_rowid()
2025-10-13T15:39:07.288+09:00 DEBUG 18196 --- [Shift Scheduler Demo] [           main] org.hibernate.SQL                        : insert into shift_assignments (employee_id,end_time,shift_name,start_time,work_date) values (?,?,?,?,?)
Hibernate: insert into shift_assignments (employee_id,end_time,shift_name,start_time,work_date) values (?,?,?,?,?)
2025-10-13T15:39:07.288+09:00 DEBUG 18196 --- [Shift Scheduler Demo] [           main] org.hibernate.SQL                        : select last_insert_rowid()
Hibernate: select last_insert_rowid()
2025-10-13T15:39:07.290+09:00 DEBUG 18196 --- [Shift Scheduler Demo] [           main] org.hibernate.SQL                        : insert into shift_assignments (employee_id,end_time,shift_name,start_time,work_date) values (?,?,?,?,?)
Hibernate: insert into shift_assignments (employee_id,end_time,shift_name,start_time,work_date) values (?,?,?,?,?)
2025-10-13T15:39:07.291+09:00 DEBUG 18196 --- [Shift Scheduler Demo] [           main] org.hibernate.SQL                        : select last_insert_rowid()
Hibernate: select last_insert_rowid()
2025-10-13T15:39:07.292+09:00 DEBUG 18196 --- [Shift Scheduler Demo] [           main] org.hibernate.SQL                        : insert into shift_assignments (employee_id,end_time,shift_name,start_time,work_date) values (?,?,?,?,?)
Hibernate: insert into shift_assignments (employee_id,end_time,shift_name,start_time,work_date) values (?,?,?,?,?)
2025-10-13T15:39:07.293+09:00 DEBUG 18196 --- [Shift Scheduler Demo] [           main] org.hibernate.SQL                        : select last_insert_rowid()
Hibernate: select last_insert_rowid()
2025-10-13T15:39:07.294+09:00 DEBUG 18196 --- [Shift Scheduler Demo] [           main] org.hibernate.SQL                        : insert into shift_assignments (employee_id,end_time,shift_name,start_time,work_date) values (?,?,?,?,?)
Hibernate: insert into shift_assignments (employee_id,end_time,shift_name,start_time,work_date) values (?,?,?,?,?)
2025-10-13T15:39:07.295+09:00 DEBUG 18196 --- [Shift Scheduler Demo] [           main] org.hibernate.SQL                        : select last_insert_rowid()
Hibernate: select last_insert_rowid()
2025-10-13T15:39:07.295+09:00 DEBUG 18196 --- [Shift Scheduler Demo] [           main] org.hibernate.SQL                        : insert into shift_assignments (employee_id,end_time,shift_name,start_time,work_date) values (?,?,?,?,?)
Hibernate: insert into shift_assignments (employee_id,end_time,shift_name,start_time,work_date) values (?,?,?,?,?)
2025-10-13T15:39:07.296+09:00 DEBUG 18196 --- [Shift Scheduler Demo] [           main] org.hibernate.SQL                        : select last_insert_rowid()
Hibernate: select last_insert_rowid()
2025-10-13T15:39:07.296+09:00 DEBUG 18196 --- [Shift Scheduler Demo] [           main] org.hibernate.SQL                        : insert into shift_assignments (employee_id,end_time,shift_name,start_time,work_date) values (?,?,?,?,?)
Hibernate: insert into shift_assignments (employee_id,end_time,shift_name,start_time,work_date) values (?,?,?,?,?)
2025-10-13T15:39:07.297+09:00 DEBUG 18196 --- [Shift Scheduler Demo] [           main] org.hibernate.SQL                        : select last_insert_rowid()
Hibernate: select last_insert_rowid()
2025-10-13T15:39:07.297+09:00 DEBUG 18196 --- [Shift Scheduler Demo] [           main] org.hibernate.SQL                        : insert into shift_assignments (employee_id,end_time,shift_name,start_time,work_date) values (?,?,?,?,?)
Hibernate: insert into shift_assignments (employee_id,end_time,shift_name,start_time,work_date) values (?,?,?,?,?)
2025-10-13T15:39:07.297+09:00 DEBUG 18196 --- [Shift Scheduler Demo] [           main] org.hibernate.SQL                        : select last_insert_rowid()
Hibernate: select last_insert_rowid()
2025-10-13T15:39:07.297+09:00 DEBUG 18196 --- [Shift Scheduler Demo] [           main] org.hibernate.SQL                        : insert into shift_assignments (employee_id,end_time,shift_name,start_time,work_date) values (?,?,?,?,?)
Hibernate: insert into shift_assignments (employee_id,end_time,shift_name,start_time,work_date) values (?,?,?,?,?)
2025-10-13T15:39:07.298+09:00 DEBUG 18196 --- [Shift Scheduler Demo] [           main] org.hibernate.SQL                        : select last_insert_rowid()
Hibernate: select last_insert_rowid()
2025-10-13T15:39:07.298+09:00 DEBUG 18196 --- [Shift Scheduler Demo] [           main] org.hibernate.SQL                        : insert into shift_assignments (employee_id,end_time,shift_name,start_time,work_date) values (?,?,?,?,?)
Hibernate: insert into shift_assignments (employee_id,end_time,shift_name,start_time,work_date) values (?,?,?,?,?)
2025-10-13T15:39:07.298+09:00 DEBUG 18196 --- [Shift Scheduler Demo] [           main] org.hibernate.SQL                        : select last_insert_rowid()
Hibernate: select last_insert_rowid()
2025-10-13T15:39:07.299+09:00 DEBUG 18196 --- [Shift Scheduler Demo] [           main] org.hibernate.SQL                        : insert into shift_assignments (employee_id,end_time,shift_name,start_time,work_date) values (?,?,?,?,?)
Hibernate: insert into shift_assignments (employee_id,end_time,shift_name,start_time,work_date) values (?,?,?,?,?)
2025-10-13T15:39:07.299+09:00 DEBUG 18196 --- [Shift Scheduler Demo] [           main] org.hibernate.SQL                        : select last_insert_rowid()
Hibernate: select last_insert_rowid()
2025-10-13T15:39:07.299+09:00 DEBUG 18196 --- [Shift Scheduler Demo] [           main] org.hibernate.SQL                        : insert into shift_assignments (employee_id,end_time,shift_name,start_time,work_date) values (?,?,?,?,?)
Hibernate: insert into shift_assignments (employee_id,end_time,shift_name,start_time,work_date) values (?,?,?,?,?)
2025-10-13T15:39:07.300+09:00 DEBUG 18196 --- [Shift Scheduler Demo] [           main] org.hibernate.SQL                        : select last_insert_rowid()
Hibernate: select last_insert_rowid()
2025-10-13T15:39:07.300+09:00 DEBUG 18196 --- [Shift Scheduler Demo] [           main] org.hibernate.SQL                        : insert into shift_assignments (employee_id,end_time,shift_name,start_time,work_date) values (?,?,?,?,?)
Hibernate: insert into shift_assignments (employee_id,end_time,shift_name,start_time,work_date) values (?,?,?,?,?)
2025-10-13T15:39:07.300+09:00 DEBUG 18196 --- [Shift Scheduler Demo] [           main] org.hibernate.SQL                        : select last_insert_rowid()
Hibernate: select last_insert_rowid()
2025-10-13T15:39:07.300+09:00 DEBUG 18196 --- [Shift Scheduler Demo] [           main] org.hibernate.SQL                        : insert into shift_assignments (employee_id,end_time,shift_name,start_time,work_date) values (?,?,?,?,?)
Hibernate: insert into shift_assignments (employee_id,end_time,shift_name,start_time,work_date) values (?,?,?,?,?)
2025-10-13T15:39:07.300+09:00 DEBUG 18196 --- [Shift Scheduler Demo] [           main] org.hibernate.SQL                        : select last_insert_rowid()
Hibernate: select last_insert_rowid()
2025-10-13T15:39:07.300+09:00 DEBUG 18196 --- [Shift Scheduler Demo] [           main] org.hibernate.SQL                        : insert into shift_assignments (employee_id,end_time,shift_name,start_time,work_date) values (?,?,?,?,?)
Hibernate: insert into shift_assignments (employee_id,end_time,shift_name,start_time,work_date) values (?,?,?,?,?)
2025-10-13T15:39:07.301+09:00 DEBUG 18196 --- [Shift Scheduler Demo] [           main] org.hibernate.SQL                        : select last_insert_rowid()
Hibernate: select last_insert_rowid()
2025-10-13T15:39:07.301+09:00 DEBUG 18196 --- [Shift Scheduler Demo] [           main] org.hibernate.SQL                        : insert into shift_assignments (employee_id,end_time,shift_name,start_time,work_date) values (?,?,?,?,?)
Hibernate: insert into shift_assignments (employee_id,end_time,shift_name,start_time,work_date) values (?,?,?,?,?)
2025-10-13T15:39:07.303+09:00 DEBUG 18196 --- [Shift Scheduler Demo] [           main] org.hibernate.SQL                        : select last_insert_rowid()
Hibernate: select last_insert_rowid()
2025-10-13T15:39:07.303+09:00 DEBUG 18196 --- [Shift Scheduler Demo] [           main] org.hibernate.SQL                        : insert into shift_assignments (employee_id,end_time,shift_name,start_time,work_date) values (?,?,?,?,?)
Hibernate: insert into shift_assignments (employee_id,end_time,shift_name,start_time,work_date) values (?,?,?,?,?)
2025-10-13T15:39:07.304+09:00 DEBUG 18196 --- [Shift Scheduler Demo] [           main] org.hibernate.SQL                        : select last_insert_rowid()
Hibernate: select last_insert_rowid()
2025-10-13T15:39:07.304+09:00 DEBUG 18196 --- [Shift Scheduler Demo] [           main] org.hibernate.SQL                        : insert into shift_assignments (employee_id,end_time,shift_name,start_time,work_date) values (?,?,?,?,?)
Hibernate: insert into shift_assignments (employee_id,end_time,shift_name,start_time,work_date) values (?,?,?,?,?)
2025-10-13T15:39:07.304+09:00 DEBUG 18196 --- [Shift Scheduler Demo] [           main] org.hibernate.SQL                        : select last_insert_rowid()
Hibernate: select last_insert_rowid()
2025-10-13T15:39:07.304+09:00 DEBUG 18196 --- [Shift Scheduler Demo] [           main] org.hibernate.SQL                        : insert into shift_assignments (employee_id,end_time,shift_name,start_time,work_date) values (?,?,?,?,?)
Hibernate: insert into shift_assignments (employee_id,end_time,shift_name,start_time,work_date) values (?,?,?,?,?)
2025-10-13T15:39:07.304+09:00 DEBUG 18196 --- [Shift Scheduler Demo] [           main] org.hibernate.SQL                        : select last_insert_rowid()
Hibernate: select last_insert_rowid()
2025-10-13T15:39:07.304+09:00 DEBUG 18196 --- [Shift Scheduler Demo] [           main] org.hibernate.SQL                        : insert into shift_assignments (employee_id,end_time,shift_name,start_time,work_date) values (?,?,?,?,?)
Hibernate: insert into shift_assignments (employee_id,end_time,shift_name,start_time,work_date) values (?,?,?,?,?)
2025-10-13T15:39:07.304+09:00 DEBUG 18196 --- [Shift Scheduler Demo] [           main] org.hibernate.SQL                        : select last_insert_rowid()
Hibernate: select last_insert_rowid()
2025-10-13T15:39:07.304+09:00 DEBUG 18196 --- [Shift Scheduler Demo] [           main] org.hibernate.SQL                        : insert into shift_assignments (employee_id,end_time,shift_name,start_time,work_date) values (?,?,?,?,?)
Hibernate: insert into shift_assignments (employee_id,end_time,shift_name,start_time,work_date) values (?,?,?,?,?)
2025-10-13T15:39:07.304+09:00 DEBUG 18196 --- [Shift Scheduler Demo] [           main] org.hibernate.SQL                        : select last_insert_rowid()
Hibernate: select last_insert_rowid()
2025-10-13T15:39:07.304+09:00 DEBUG 18196 --- [Shift Scheduler Demo] [           main] org.hibernate.SQL                        : insert into shift_assignments (employee_id,end_time,shift_name,start_time,work_date) values (?,?,?,?,?)
Hibernate: insert into shift_assignments (employee_id,end_time,shift_name,start_time,work_date) values (?,?,?,?,?)
2025-10-13T15:39:07.304+09:00 DEBUG 18196 --- [Shift Scheduler Demo] [           main] org.hibernate.SQL                        : select last_insert_rowid()
Hibernate: select last_insert_rowid()
2025-10-13T15:39:07.307+09:00 DEBUG 18196 --- [Shift Scheduler Demo] [           main] org.hibernate.SQL                        : insert into shift_assignments (employee_id,end_time,shift_name,start_time,work_date) values (?,?,?,?,?)
Hibernate: insert into shift_assignments (employee_id,end_time,shift_name,start_time,work_date) values (?,?,?,?,?)
2025-10-13T15:39:07.307+09:00 DEBUG 18196 --- [Shift Scheduler Demo] [           main] org.hibernate.SQL                        : select last_insert_rowid()
Hibernate: select last_insert_rowid()
2025-10-13T15:39:07.311+09:00 DEBUG 18196 --- [Shift Scheduler Demo] [           main] org.hibernate.SQL                        : insert into shift_assignments (employee_id,end_time,shift_name,start_time,work_date) values (?,?,?,?,?)
Hibernate: insert into shift_assignments (employee_id,end_time,shift_name,start_time,work_date) values (?,?,?,?,?)
2025-10-13T15:39:07.311+09:00 DEBUG 18196 --- [Shift Scheduler Demo] [           main] org.hibernate.SQL                        : select last_insert_rowid()
Hibernate: select last_insert_rowid()
2025-10-13T15:39:07.311+09:00 DEBUG 18196 --- [Shift Scheduler Demo] [           main] org.hibernate.SQL                        : insert into shift_assignments (employee_id,end_time,shift_name,start_time,work_date) values (?,?,?,?,?)
Hibernate: insert into shift_assignments (employee_id,end_time,shift_name,start_time,work_date) values (?,?,?,?,?)
2025-10-13T15:39:07.311+09:00 DEBUG 18196 --- [Shift Scheduler Demo] [           main] org.hibernate.SQL                        : select last_insert_rowid()
Hibernate: select last_insert_rowid()
2025-10-13T15:39:07.311+09:00 DEBUG 18196 --- [Shift Scheduler Demo] [           main] org.hibernate.SQL                        : insert into shift_assignments (employee_id,end_time,shift_name,start_time,work_date) values (?,?,?,?,?)
Hibernate: insert into shift_assignments (employee_id,end_time,shift_name,start_time,work_date) values (?,?,?,?,?)
2025-10-13T15:39:07.311+09:00 DEBUG 18196 --- [Shift Scheduler Demo] [           main] org.hibernate.SQL                        : select last_insert_rowid()
Hibernate: select last_insert_rowid()
2025-10-13T15:39:07.311+09:00 DEBUG 18196 --- [Shift Scheduler Demo] [           main] org.hibernate.SQL                        : insert into shift_assignments (employee_id,end_time,shift_name,start_time,work_date) values (?,?,?,?,?)
Hibernate: insert into shift_assignments (employee_id,end_time,shift_name,start_time,work_date) values (?,?,?,?,?)
2025-10-13T15:39:07.311+09:00 DEBUG 18196 --- [Shift Scheduler Demo] [           main] org.hibernate.SQL                        : select last_insert_rowid()
Hibernate: select last_insert_rowid()
2025-10-13T15:39:07.311+09:00 DEBUG 18196 --- [Shift Scheduler Demo] [           main] org.hibernate.SQL                        : insert into shift_assignments (employee_id,end_time,shift_name,start_time,work_date) values (?,?,?,?,?)
Hibernate: insert into shift_assignments (employee_id,end_time,shift_name,start_time,work_date) values (?,?,?,?,?)
2025-10-13T15:39:07.311+09:00 DEBUG 18196 --- [Shift Scheduler Demo] [           main] org.hibernate.SQL                        : select last_insert_rowid()
Hibernate: select last_insert_rowid()
2025-10-13T15:39:07.311+09:00 DEBUG 18196 --- [Shift Scheduler Demo] [           main] org.hibernate.SQL                        : insert into shift_assignments (employee_id,end_time,shift_name,start_time,work_date) values (?,?,?,?,?)
Hibernate: insert into shift_assignments (employee_id,end_time,shift_name,start_time,work_date) values (?,?,?,?,?)
2025-10-13T15:39:07.311+09:00 DEBUG 18196 --- [Shift Scheduler Demo] [           main] org.hibernate.SQL                        : select last_insert_rowid()
Hibernate: select last_insert_rowid()
2025-10-13T15:39:07.311+09:00 DEBUG 18196 --- [Shift Scheduler Demo] [           main] org.hibernate.SQL                        : insert into shift_assignments (employee_id,end_time,shift_name,start_time,work_date) values (?,?,?,?,?)
Hibernate: insert into shift_assignments (employee_id,end_time,shift_name,start_time,work_date) values (?,?,?,?,?)
2025-10-13T15:39:07.314+09:00 DEBUG 18196 --- [Shift Scheduler Demo] [           main] org.hibernate.SQL                        : select last_insert_rowid()
Hibernate: select last_insert_rowid()
2025-10-13T15:39:07.314+09:00 DEBUG 18196 --- [Shift Scheduler Demo] [           main] org.hibernate.SQL                        : insert into shift_assignments (employee_id,end_time,shift_name,start_time,work_date) values (?,?,?,?,?)
Hibernate: insert into shift_assignments (employee_id,end_time,shift_name,start_time,work_date) values (?,?,?,?,?)
2025-10-13T15:39:07.314+09:00 DEBUG 18196 --- [Shift Scheduler Demo] [           main] org.hibernate.SQL                        : select last_insert_rowid()
Hibernate: select last_insert_rowid()
2025-10-13T15:39:07.314+09:00 DEBUG 18196 --- [Shift Scheduler Demo] [           main] org.hibernate.SQL                        : insert into shift_assignments (employee_id,end_time,shift_name,start_time,work_date) values (?,?,?,?,?)
Hibernate: insert into shift_assignments (employee_id,end_time,shift_name,start_time,work_date) values (?,?,?,?,?)
2025-10-13T15:39:07.314+09:00 DEBUG 18196 --- [Shift Scheduler Demo] [           main] org.hibernate.SQL                        : select last_insert_rowid()
Hibernate: select last_insert_rowid()
2025-10-13T15:39:07.314+09:00 DEBUG 18196 --- [Shift Scheduler Demo] [           main] org.hibernate.SQL                        : insert into shift_assignments (employee_id,end_time,shift_name,start_time,work_date) values (?,?,?,?,?)
Hibernate: insert into shift_assignments (employee_id,end_time,shift_name,start_time,work_date) values (?,?,?,?,?)
2025-10-13T15:39:07.314+09:00 DEBUG 18196 --- [Shift Scheduler Demo] [           main] org.hibernate.SQL                        : select last_insert_rowid()
Hibernate: select last_insert_rowid()
2025-10-13T15:39:07.314+09:00 DEBUG 18196 --- [Shift Scheduler Demo] [           main] org.hibernate.SQL                        : insert into shift_assignments (employee_id,end_time,shift_name,start_time,work_date) values (?,?,?,?,?)
Hibernate: insert into shift_assignments (employee_id,end_time,shift_name,start_time,work_date) values (?,?,?,?,?)
2025-10-13T15:39:07.314+09:00 DEBUG 18196 --- [Shift Scheduler Demo] [           main] org.hibernate.SQL                        : select last_insert_rowid()
Hibernate: select last_insert_rowid()
2025-10-13T15:39:07.314+09:00 DEBUG 18196 --- [Shift Scheduler Demo] [           main] org.hibernate.SQL                        : insert into shift_assignments (employee_id,end_time,shift_name,start_time,work_date) values (?,?,?,?,?)
Hibernate: insert into shift_assignments (employee_id,end_time,shift_name,start_time,work_date) values (?,?,?,?,?)
2025-10-13T15:39:07.314+09:00 DEBUG 18196 --- [Shift Scheduler Demo] [           main] org.hibernate.SQL                        : select last_insert_rowid()
Hibernate: select last_insert_rowid()
2025-10-13T15:39:07.316+09:00 DEBUG 18196 --- [Shift Scheduler Demo] [           main] org.hibernate.SQL                        : insert into shift_assignments (employee_id,end_time,shift_name,start_time,work_date) values (?,?,?,?,?)
Hibernate: insert into shift_assignments (employee_id,end_time,shift_name,start_time,work_date) values (?,?,?,?,?)
2025-10-13T15:39:07.316+09:00 DEBUG 18196 --- [Shift Scheduler Demo] [           main] org.hibernate.SQL                        : select last_insert_rowid()
Hibernate: select last_insert_rowid()
2025-10-13T15:39:07.316+09:00 DEBUG 18196 --- [Shift Scheduler Demo] [           main] org.hibernate.SQL                        : insert into shift_assignments (employee_id,end_time,shift_name,start_time,work_date) values (?,?,?,?,?)
Hibernate: insert into shift_assignments (employee_id,end_time,shift_name,start_time,work_date) values (?,?,?,?,?)
2025-10-13T15:39:07.316+09:00 DEBUG 18196 --- [Shift Scheduler Demo] [           main] org.hibernate.SQL                        : select last_insert_rowid()
Hibernate: select last_insert_rowid()
2025-10-13T15:39:07.316+09:00 DEBUG 18196 --- [Shift Scheduler Demo] [           main] org.hibernate.SQL                        : insert into shift_assignments (employee_id,end_time,shift_name,start_time,work_date) values (?,?,?,?,?)
Hibernate: insert into shift_assignments (employee_id,end_time,shift_name,start_time,work_date) values (?,?,?,?,?)
2025-10-13T15:39:07.316+09:00 DEBUG 18196 --- [Shift Scheduler Demo] [           main] org.hibernate.SQL                        : select last_insert_rowid()
Hibernate: select last_insert_rowid()
2025-10-13T15:39:07.316+09:00 DEBUG 18196 --- [Shift Scheduler Demo] [           main] org.hibernate.SQL                        : insert into shift_assignments (employee_id,end_time,shift_name,start_time,work_date) values (?,?,?,?,?)
Hibernate: insert into shift_assignments (employee_id,end_time,shift_name,start_time,work_date) values (?,?,?,?,?)
2025-10-13T15:39:07.316+09:00 DEBUG 18196 --- [Shift Scheduler Demo] [           main] org.hibernate.SQL                        : select last_insert_rowid()
Hibernate: select last_insert_rowid()
2025-10-13T15:39:07.316+09:00 DEBUG 18196 --- [Shift Scheduler Demo] [           main] org.hibernate.SQL                        : insert into shift_assignments (employee_id,end_time,shift_name,start_time,work_date) values (?,?,?,?,?)
Hibernate: insert into shift_assignments (employee_id,end_time,shift_name,start_time,work_date) values (?,?,?,?,?)
2025-10-13T15:39:07.316+09:00 DEBUG 18196 --- [Shift Scheduler Demo] [           main] org.hibernate.SQL                        : select last_insert_rowid()
Hibernate: select last_insert_rowid()
2025-10-13T15:39:07.316+09:00 DEBUG 18196 --- [Shift Scheduler Demo] [           main] org.hibernate.SQL                        : insert into shift_assignments (employee_id,end_time,shift_name,start_time,work_date) values (?,?,?,?,?)
Hibernate: insert into shift_assignments (employee_id,end_time,shift_name,start_time,work_date) values (?,?,?,?,?)
2025-10-13T15:39:07.316+09:00 DEBUG 18196 --- [Shift Scheduler Demo] [           main] org.hibernate.SQL                        : select last_insert_rowid()
Hibernate: select last_insert_rowid()
2025-10-13T15:39:07.316+09:00 DEBUG 18196 --- [Shift Scheduler Demo] [           main] org.hibernate.SQL                        : insert into shift_assignments (employee_id,end_time,shift_name,start_time,work_date) values (?,?,?,?,?)
Hibernate: insert into shift_assignments (employee_id,end_time,shift_name,start_time,work_date) values (?,?,?,?,?)
2025-10-13T15:39:07.316+09:00 DEBUG 18196 --- [Shift Scheduler Demo] [           main] org.hibernate.SQL                        : select last_insert_rowid()
Hibernate: select last_insert_rowid()
2025-10-13T15:39:07.316+09:00 DEBUG 18196 --- [Shift Scheduler Demo] [           main] org.hibernate.SQL                        : insert into shift_assignments (employee_id,end_time,shift_name,start_time,work_date) values (?,?,?,?,?)
Hibernate: insert into shift_assignments (employee_id,end_time,shift_name,start_time,work_date) values (?,?,?,?,?)
2025-10-13T15:39:07.316+09:00 DEBUG 18196 --- [Shift Scheduler Demo] [           main] org.hibernate.SQL                        : select last_insert_rowid()
Hibernate: select last_insert_rowid()
2025-10-13T15:39:07.321+09:00 DEBUG 18196 --- [Shift Scheduler Demo] [           main] org.hibernate.SQL                        : insert into shift_assignments (employee_id,end_time,shift_name,start_time,work_date) values (?,?,?,?,?)
Hibernate: insert into shift_assignments (employee_id,end_time,shift_name,start_time,work_date) values (?,?,?,?,?)
2025-10-13T15:39:07.321+09:00 DEBUG 18196 --- [Shift Scheduler Demo] [           main] org.hibernate.SQL                        : select last_insert_rowid()
Hibernate: select last_insert_rowid()
2025-10-13T15:39:07.322+09:00 DEBUG 18196 --- [Shift Scheduler Demo] [           main] org.hibernate.SQL                        : insert into shift_assignments (employee_id,end_time,shift_name,start_time,work_date) values (?,?,?,?,?)
Hibernate: insert into shift_assignments (employee_id,end_time,shift_name,start_time,work_date) values (?,?,?,?,?)
2025-10-13T15:39:07.322+09:00 DEBUG 18196 --- [Shift Scheduler Demo] [           main] org.hibernate.SQL                        : select last_insert_rowid()
Hibernate: select last_insert_rowid()
2025-10-13T15:39:07.323+09:00 DEBUG 18196 --- [Shift Scheduler Demo] [           main] org.hibernate.SQL                        : insert into shift_assignments (employee_id,end_time,shift_name,start_time,work_date) values (?,?,?,?,?)
Hibernate: insert into shift_assignments (employee_id,end_time,shift_name,start_time,work_date) values (?,?,?,?,?)
2025-10-13T15:39:07.323+09:00 DEBUG 18196 --- [Shift Scheduler Demo] [           main] org.hibernate.SQL                        : select last_insert_rowid()
Hibernate: select last_insert_rowid()
2025-10-13T15:39:07.323+09:00 DEBUG 18196 --- [Shift Scheduler Demo] [           main] org.hibernate.SQL                        : insert into shift_assignments (employee_id,end_time,shift_name,start_time,work_date) values (?,?,?,?,?)
Hibernate: insert into shift_assignments (employee_id,end_time,shift_name,start_time,work_date) values (?,?,?,?,?)
2025-10-13T15:39:07.324+09:00 DEBUG 18196 --- [Shift Scheduler Demo] [           main] org.hibernate.SQL                        : select last_insert_rowid()
Hibernate: select last_insert_rowid()
2025-10-13T15:39:07.326+09:00 DEBUG 18196 --- [Shift Scheduler Demo] [           main] org.hibernate.SQL                        : insert into shift_assignments (employee_id,end_time,shift_name,start_time,work_date) values (?,?,?,?,?)
Hibernate: insert into shift_assignments (employee_id,end_time,shift_name,start_time,work_date) values (?,?,?,?,?)
2025-10-13T15:39:07.326+09:00 DEBUG 18196 --- [Shift Scheduler Demo] [           main] org.hibernate.SQL                        : select last_insert_rowid()
Hibernate: select last_insert_rowid()
2025-10-13T15:39:07.327+09:00 DEBUG 18196 --- [Shift Scheduler Demo] [           main] org.hibernate.SQL                        : insert into shift_assignments (employee_id,end_time,shift_name,start_time,work_date) values (?,?,?,?,?)
Hibernate: insert into shift_assignments (employee_id,end_time,shift_name,start_time,work_date) values (?,?,?,?,?)
2025-10-13T15:39:07.327+09:00 DEBUG 18196 --- [Shift Scheduler Demo] [           main] org.hibernate.SQL                        : select last_insert_rowid()
Hibernate: select last_insert_rowid()
2025-10-13T15:39:07.328+09:00 DEBUG 18196 --- [Shift Scheduler Demo] [           main] org.hibernate.SQL                        : insert into shift_assignments (employee_id,end_time,shift_name,start_time,work_date) values (?,?,?,?,?)
Hibernate: insert into shift_assignments (employee_id,end_time,shift_name,start_time,work_date) values (?,?,?,?,?)
2025-10-13T15:39:07.328+09:00 DEBUG 18196 --- [Shift Scheduler Demo] [           main] org.hibernate.SQL                        : select last_insert_rowid()
Hibernate: select last_insert_rowid()
2025-10-13T15:39:07.329+09:00 DEBUG 18196 --- [Shift Scheduler Demo] [           main] org.hibernate.SQL                        : insert into shift_assignments (employee_id,end_time,shift_name,start_time,work_date) values (?,?,?,?,?)
Hibernate: insert into shift_assignments (employee_id,end_time,shift_name,start_time,work_date) values (?,?,?,?,?)
2025-10-13T15:39:07.331+09:00 DEBUG 18196 --- [Shift Scheduler Demo] [           main] org.hibernate.SQL                        : select last_insert_rowid()
Hibernate: select last_insert_rowid()
2025-10-13T15:39:07.335+09:00 DEBUG 18196 --- [Shift Scheduler Demo] [           main] org.hibernate.SQL                        : insert into shift_assignments (employee_id,end_time,shift_name,start_time,work_date) values (?,?,?,?,?)
Hibernate: insert into shift_assignments (employee_id,end_time,shift_name,start_time,work_date) values (?,?,?,?,?)
2025-10-13T15:39:07.335+09:00 DEBUG 18196 --- [Shift Scheduler Demo] [           main] org.hibernate.SQL                        : select last_insert_rowid()
Hibernate: select last_insert_rowid()
2025-10-13T15:39:07.337+09:00 DEBUG 18196 --- [Shift Scheduler Demo] [           main] org.hibernate.SQL                        : insert into shift_assignments (employee_id,end_time,shift_name,start_time,work_date) values (?,?,?,?,?)
Hibernate: insert into shift_assignments (employee_id,end_time,shift_name,start_time,work_date) values (?,?,?,?,?)
2025-10-13T15:39:07.337+09:00 DEBUG 18196 --- [Shift Scheduler Demo] [           main] org.hibernate.SQL                        : select last_insert_rowid()
Hibernate: select last_insert_rowid()
2025-10-13T15:39:07.338+09:00 DEBUG 18196 --- [Shift Scheduler Demo] [           main] org.hibernate.SQL                        : insert into shift_assignments (employee_id,end_time,shift_name,start_time,work_date) values (?,?,?,?,?)
Hibernate: insert into shift_assignments (employee_id,end_time,shift_name,start_time,work_date) values (?,?,?,?,?)
2025-10-13T15:39:07.338+09:00 DEBUG 18196 --- [Shift Scheduler Demo] [           main] org.hibernate.SQL                        : select last_insert_rowid()
Hibernate: select last_insert_rowid()
2025-10-13T15:39:07.338+09:00 DEBUG 18196 --- [Shift Scheduler Demo] [           main] org.hibernate.SQL                        : insert into shift_assignments (employee_id,end_time,shift_name,start_time,work_date) values (?,?,?,?,?)
Hibernate: insert into shift_assignments (employee_id,end_time,shift_name,start_time,work_date) values (?,?,?,?,?)
2025-10-13T15:39:07.339+09:00 DEBUG 18196 --- [Shift Scheduler Demo] [           main] org.hibernate.SQL                        : select last_insert_rowid()
Hibernate: select last_insert_rowid()
2025-10-13T15:39:07.339+09:00 DEBUG 18196 --- [Shift Scheduler Demo] [           main] org.hibernate.SQL                        : insert into shift_assignments (employee_id,end_time,shift_name,start_time,work_date) values (?,?,?,?,?)
Hibernate: insert into shift_assignments (employee_id,end_time,shift_name,start_time,work_date) values (?,?,?,?,?)
2025-10-13T15:39:07.339+09:00 DEBUG 18196 --- [Shift Scheduler Demo] [           main] org.hibernate.SQL                        : select last_insert_rowid()
Hibernate: select last_insert_rowid()
2025-10-13T15:39:07.339+09:00 DEBUG 18196 --- [Shift Scheduler Demo] [           main] org.hibernate.SQL                        : insert into shift_assignments (employee_id,end_time,shift_name,start_time,work_date) values (?,?,?,?,?)
Hibernate: insert into shift_assignments (employee_id,end_time,shift_name,start_time,work_date) values (?,?,?,?,?)
2025-10-13T15:39:07.339+09:00 DEBUG 18196 --- [Shift Scheduler Demo] [           main] org.hibernate.SQL                        : select last_insert_rowid()
Hibernate: select last_insert_rowid()
2025-10-13T15:39:07.339+09:00 DEBUG 18196 --- [Shift Scheduler Demo] [           main] org.hibernate.SQL                        : insert into shift_assignments (employee_id,end_time,shift_name,start_time,work_date) values (?,?,?,?,?)
Hibernate: insert into shift_assignments (employee_id,end_time,shift_name,start_time,work_date) values (?,?,?,?,?)
2025-10-13T15:39:07.340+09:00 DEBUG 18196 --- [Shift Scheduler Demo] [           main] org.hibernate.SQL                        : select last_insert_rowid()
Hibernate: select last_insert_rowid()
2025-10-13T15:39:07.340+09:00 DEBUG 18196 --- [Shift Scheduler Demo] [           main] org.hibernate.SQL                        : insert into shift_assignments (employee_id,end_time,shift_name,start_time,work_date) values (?,?,?,?,?)
Hibernate: insert into shift_assignments (employee_id,end_time,shift_name,start_time,work_date) values (?,?,?,?,?)
2025-10-13T15:39:07.340+09:00 DEBUG 18196 --- [Shift Scheduler Demo] [           main] org.hibernate.SQL                        : select last_insert_rowid()
Hibernate: select last_insert_rowid()
2025-10-13T15:39:07.340+09:00 DEBUG 18196 --- [Shift Scheduler Demo] [           main] org.hibernate.SQL                        : insert into shift_assignments (employee_id,end_time,shift_name,start_time,work_date) values (?,?,?,?,?)
Hibernate: insert into shift_assignments (employee_id,end_time,shift_name,start_time,work_date) values (?,?,?,?,?)
2025-10-13T15:39:07.340+09:00 DEBUG 18196 --- [Shift Scheduler Demo] [           main] org.hibernate.SQL                        : select last_insert_rowid()
Hibernate: select last_insert_rowid()
2025-10-13T15:39:07.341+09:00 DEBUG 18196 --- [Shift Scheduler Demo] [           main] org.hibernate.SQL                        : insert into shift_assignments (employee_id,end_time,shift_name,start_time,work_date) values (?,?,?,?,?)
Hibernate: insert into shift_assignments (employee_id,end_time,shift_name,start_time,work_date) values (?,?,?,?,?)
2025-10-13T15:39:07.341+09:00 DEBUG 18196 --- [Shift Scheduler Demo] [           main] org.hibernate.SQL                        : select last_insert_rowid()
Hibernate: select last_insert_rowid()
2025-10-13T15:39:07.342+09:00 DEBUG 18196 --- [Shift Scheduler Demo] [           main] org.hibernate.SQL                        : insert into shift_assignments (employee_id,end_time,shift_name,start_time,work_date) values (?,?,?,?,?)
Hibernate: insert into shift_assignments (employee_id,end_time,shift_name,start_time,work_date) values (?,?,?,?,?)
2025-10-13T15:39:07.342+09:00 DEBUG 18196 --- [Shift Scheduler Demo] [           main] org.hibernate.SQL                        : select last_insert_rowid()
Hibernate: select last_insert_rowid()
2025-10-13T15:39:07.343+09:00 DEBUG 18196 --- [Shift Scheduler Demo] [           main] org.hibernate.SQL                        : insert into shift_assignments (employee_id,end_time,shift_name,start_time,work_date) values (?,?,?,?,?)
Hibernate: insert into shift_assignments (employee_id,end_time,shift_name,start_time,work_date) values (?,?,?,?,?)
2025-10-13T15:39:07.343+09:00 DEBUG 18196 --- [Shift Scheduler Demo] [           main] org.hibernate.SQL                        : select last_insert_rowid()
Hibernate: select last_insert_rowid()
2025-10-13T15:39:07.344+09:00 DEBUG 18196 --- [Shift Scheduler Demo] [           main] org.hibernate.SQL                        : insert into shift_assignments (employee_id,end_time,shift_name,start_time,work_date) values (?,?,?,?,?)
Hibernate: insert into shift_assignments (employee_id,end_time,shift_name,start_time,work_date) values (?,?,?,?,?)
2025-10-13T15:39:07.345+09:00 DEBUG 18196 --- [Shift Scheduler Demo] [           main] org.hibernate.SQL                        : select last_insert_rowid()
Hibernate: select last_insert_rowid()
2025-10-13T15:39:07.345+09:00 DEBUG 18196 --- [Shift Scheduler Demo] [           main] org.hibernate.SQL                        : insert into shift_assignments (employee_id,end_time,shift_name,start_time,work_date) values (?,?,?,?,?)
Hibernate: insert into shift_assignments (employee_id,end_time,shift_name,start_time,work_date) values (?,?,?,?,?)
2025-10-13T15:39:07.346+09:00 DEBUG 18196 --- [Shift Scheduler Demo] [           main] org.hibernate.SQL                        : select last_insert_rowid()
Hibernate: select last_insert_rowid()
2025-10-13T15:39:07.346+09:00 DEBUG 18196 --- [Shift Scheduler Demo] [           main] org.hibernate.SQL                        : insert into shift_assignments (employee_id,end_time,shift_name,start_time,work_date) values (?,?,?,?,?)
Hibernate: insert into shift_assignments (employee_id,end_time,shift_name,start_time,work_date) values (?,?,?,?,?)
2025-10-13T15:39:07.346+09:00 DEBUG 18196 --- [Shift Scheduler Demo] [           main] org.hibernate.SQL                        : select last_insert_rowid()
Hibernate: select last_insert_rowid()
2025-10-13T15:39:07.347+09:00  INFO 18196 --- [Shift Scheduler Demo] [           main] c.e.shiftv1.schedule.ScheduleService     : シフト生成が完了しました: 224件の割り当てを生成
2025-10-13T15:39:07.352+09:00 DEBUG 18196 --- [Shift Scheduler Demo] [           main] org.hibernate.SQL                        : select sc1_0.id,sc1_0.is_active,sc1_0.created_at,sc1_0.day_of_week,sc1_0.end_time,sc1_0.is_holiday,sc1_0.name,sc1_0.required_employees,sc1_0.start_time,sc1_0.updated_at,sc1_0.is_weekend from shift_config sc1_0 where sc1_0.is_active=1
Hibernate: select sc1_0.id,sc1_0.is_active,sc1_0.created_at,sc1_0.day_of_week,sc1_0.end_time,sc1_0.is_holiday,sc1_0.name,sc1_0.required_employees,sc1_0.start_time,sc1_0.updated_at,sc1_0.is_weekend from shift_config sc1_0 where sc1_0.is_active=1
2025-10-13T15:39:07.377+09:00 DEBUG 18196 --- [Shift Scheduler Demo] [           main] org.hibernate.SQL                        : select count(*) from employees e1_0
Hibernate: select count(*) from employees e1_0
]]></system-out>
  </testcase>
</testsuite>