<?xml version="1.0" encoding="UTF-8"?>
<testsuite xmlns:xsi="http://www.w3.org/2001/XMLSchema-instance" xsi:noNamespaceSchemaLocation="https://maven.apache.org/surefire/maven-surefire-plugin/xsd/surefire-test-report-3.0.xsd" version="3.0" name="com.example.shiftv1.schedule.October2025GenerationTest" time="14.048" tests="1" errors="0" skipped="0" failures="0">
  <properties>
    <property name="java.specification.version" value="23"/>
    <property name="sun.cpu.isalist" value="amd64"/>
    <property name="sun.jnu.encoding" value="MS932"/>
    <property name="java.class.path" value="C:\Users\takow\Documents\02_programming\java\shiftv1\target\test-classes;C:\Users\takow\Documents\02_programming\java\shiftv1\target\classes;C:\Users\takow\.m2\repository\org\springframework\boot\spring-boot-starter-web\3.5.2\spring-boot-starter-web-3.5.2.jar;C:\Users\takow\.m2\repository\org\springframework\boot\spring-boot-starter\3.5.2\spring-boot-starter-3.5.2.jar;C:\Users\takow\.m2\repository\org\springframework\boot\spring-boot\3.5.2\spring-boot-3.5.2.jar;C:\Users\takow\.m2\repository\org\springframework\boot\spring-boot-autoconfigure\3.5.2\spring-boot-autoconfigure-3.5.2.jar;C:\Users\takow\.m2\repository\org\springframework\boot\spring-boot-starter-logging\3.5.2\spring-boot-starter-logging-3.5.2.jar;C:\Users\takow\.m2\repository\ch\qos\logback\logback-classic\1.5.18\logback-classic-1.5.18.jar;C:\Users\takow\.m2\repository\ch\qos\logback\logback-core\1.5.18\logback-core-1.5.18.jar;C:\Users\takow\.m2\repository\org\apache\logging\log4j\log4j-to-slf4j\2.24.3\log4j-to-slf4j-2.24.3.jar;C:\Users\takow\.m2\repository\org\apache\logging\log4j\log4j-api\2.24.3\log4j-api-2.24.3.jar;C:\Users\takow\.m2\repository\org\slf4j\jul-to-slf4j\2.0.17\jul-to-slf4j-2.0.17.jar;C:\Users\takow\.m2\repository\jakarta\annotation\jakarta.annotation-api\2.1.1\jakarta.annotation-api-2.1.1.jar;C:\Users\takow\.m2\repository\org\yaml\snakeyaml\2.4\snakeyaml-2.4.jar;C:\Users\takow\.m2\repository\org\springframework\boot\spring-boot-starter-json\3.5.2\spring-boot-starter-json-3.5.2.jar;C:\Users\takow\.m2\repository\com\fasterxml\jackson\core\jackson-databind\2.19.1\jackson-databind-2.19.1.jar;C:\Users\takow\.m2\repository\com\fasterxml\jackson\core\jackson-annotations\2.19.1\jackson-annotations-2.19.1.jar;C:\Users\takow\.m2\repository\com\fasterxml\jackson\core\jackson-core\2.19.1\jackson-core-2.19.1.jar;C:\Users\takow\.m2\repository\com\fasterxml\jackson\datatype\jackson-datatype-jdk8\2.19.1\jackson-datatype-jdk8-2.19.1.jar;C:\Users\takow\.m2\repository\com\fasterxml\jackson\datatype\jackson-datatype-jsr310\2.19.1\jackson-datatype-jsr310-2.19.1.jar;C:\Users\takow\.m2\repository\com\fasterxml\jackson\module\jackson-module-parameter-names\2.19.1\jackson-module-parameter-names-2.19.1.jar;C:\Users\takow\.m2\repository\org\springframework\boot\spring-boot-starter-tomcat\3.5.2\spring-boot-starter-tomcat-3.5.2.jar;C:\Users\takow\.m2\repository\org\apache\tomcat\embed\tomcat-embed-core\10.1.42\tomcat-embed-core-10.1.42.jar;C:\Users\takow\.m2\repository\org\apache\tomcat\embed\tomcat-embed-websocket\10.1.42\tomcat-embed-websocket-10.1.42.jar;C:\Users\takow\.m2\repository\org\springframework\spring-web\6.2.8\spring-web-6.2.8.jar;C:\Users\takow\.m2\repository\org\springframework\spring-beans\6.2.8\spring-beans-6.2.8.jar;C:\Users\takow\.m2\repository\org\springframework\spring-webmvc\6.2.8\spring-webmvc-6.2.8.jar;C:\Users\takow\.m2\repository\org\springframework\spring-context\6.2.8\spring-context-6.2.8.jar;C:\Users\takow\.m2\repository\org\springframework\spring-expression\6.2.8\spring-expression-6.2.8.jar;C:\Users\takow\.m2\repository\org\springframework\boot\spring-boot-starter-data-jpa\3.5.2\spring-boot-starter-data-jpa-3.5.2.jar;C:\Users\takow\.m2\repository\org\springframework\boot\spring-boot-starter-jdbc\3.5.2\spring-boot-starter-jdbc-3.5.2.jar;C:\Users\takow\.m2\repository\com\zaxxer\HikariCP\6.3.0\HikariCP-6.3.0.jar;C:\Users\takow\.m2\repository\org\springframework\spring-jdbc\6.2.8\spring-jdbc-6.2.8.jar;C:\Users\takow\.m2\repository\org\hibernate\orm\hibernate-core\6.6.18.Final\hibernate-core-6.6.18.Final.jar;C:\Users\takow\.m2\repository\jakarta\persistence\jakarta.persistence-api\3.1.0\jakarta.persistence-api-3.1.0.jar;C:\Users\takow\.m2\repository\jakarta\transaction\jakarta.transaction-api\2.0.1\jakarta.transaction-api-2.0.1.jar;C:\Users\takow\.m2\repository\org\hibernate\common\hibernate-commons-annotations\7.0.3.Final\hibernate-commons-annotations-7.0.3.Final.jar;C:\Users\takow\.m2\repository\io\smallrye\jandex\3.2.0\jandex-3.2.0.jar;C:\Users\takow\.m2\repository\com\fasterxml\classmate\1.7.0\classmate-1.7.0.jar;C:\Users\takow\.m2\repository\net\bytebuddy\byte-buddy\1.17.6\byte-buddy-1.17.6.jar;C:\Users\takow\.m2\repository\org\glassfish\jaxb\jaxb-runtime\4.0.5\jaxb-runtime-4.0.5.jar;C:\Users\takow\.m2\repository\org\glassfish\jaxb\jaxb-core\4.0.5\jaxb-core-4.0.5.jar;C:\Users\takow\.m2\repository\org\eclipse\angus\angus-activation\2.0.2\angus-activation-2.0.2.jar;C:\Users\takow\.m2\repository\org\glassfish\jaxb\txw2\4.0.5\txw2-4.0.5.jar;C:\Users\takow\.m2\repository\com\sun\istack\istack-commons-runtime\4.1.2\istack-commons-runtime-4.1.2.jar;C:\Users\takow\.m2\repository\jakarta\inject\jakarta.inject-api\2.0.1\jakarta.inject-api-2.0.1.jar;C:\Users\takow\.m2\repository\org\antlr\antlr4-runtime\4.13.0\antlr4-runtime-4.13.0.jar;C:\Users\takow\.m2\repository\org\springframework\data\spring-data-jpa\3.5.1\spring-data-jpa-3.5.1.jar;C:\Users\takow\.m2\repository\org\springframework\data\spring-data-commons\3.5.1\spring-data-commons-3.5.1.jar;C:\Users\takow\.m2\repository\org\springframework\spring-orm\6.2.8\spring-orm-6.2.8.jar;C:\Users\takow\.m2\repository\org\springframework\spring-tx\6.2.8\spring-tx-6.2.8.jar;C:\Users\takow\.m2\repository\org\springframework\spring-aspects\6.2.8\spring-aspects-6.2.8.jar;C:\Users\takow\.m2\repository\org\aspectj\aspectjweaver\1.9.24\aspectjweaver-1.9.24.jar;C:\Users\takow\.m2\repository\org\xerial\sqlite-jdbc\3.46.0.0\sqlite-jdbc-3.46.0.0.jar;C:\Users\takow\.m2\repository\org\slf4j\slf4j-api\2.0.17\slf4j-api-2.0.17.jar;C:\Users\takow\.m2\repository\org\hibernate\orm\hibernate-community-dialects\6.4.4.Final\hibernate-community-dialects-6.4.4.Final.jar;C:\Users\takow\.m2\repository\org\jboss\logging\jboss-logging\3.6.1.Final\jboss-logging-3.6.1.Final.jar;C:\Users\takow\.m2\repository\org\projectlombok\lombok\1.18.38\lombok-1.18.38.jar;C:\Users\takow\.m2\repository\org\springframework\boot\spring-boot-starter-thymeleaf\3.5.2\spring-boot-starter-thymeleaf-3.5.2.jar;C:\Users\takow\.m2\repository\org\thymeleaf\thymeleaf-spring6\3.1.3.RELEASE\thymeleaf-spring6-3.1.3.RELEASE.jar;C:\Users\takow\.m2\repository\org\thymeleaf\thymeleaf\3.1.3.RELEASE\thymeleaf-3.1.3.RELEASE.jar;C:\Users\takow\.m2\repository\org\attoparser\attoparser\2.0.7.RELEASE\attoparser-2.0.7.RELEASE.jar;C:\Users\takow\.m2\repository\org\unbescape\unbescape\1.1.6.RELEASE\unbescape-1.1.6.RELEASE.jar;C:\Users\takow\.m2\repository\org\springframework\boot\spring-boot-starter-validation\3.5.2\spring-boot-starter-validation-3.5.2.jar;C:\Users\takow\.m2\repository\org\apache\tomcat\embed\tomcat-embed-el\10.1.42\tomcat-embed-el-10.1.42.jar;C:\Users\takow\.m2\repository\org\hibernate\validator\hibernate-validator\8.0.2.Final\hibernate-validator-8.0.2.Final.jar;C:\Users\takow\.m2\repository\jakarta\validation\jakarta.validation-api\3.0.2\jakarta.validation-api-3.0.2.jar;C:\Users\takow\.m2\repository\org\springframework\boot\spring-boot-starter-security\3.5.2\spring-boot-starter-security-3.5.2.jar;C:\Users\takow\.m2\repository\org\springframework\spring-aop\6.2.8\spring-aop-6.2.8.jar;C:\Users\takow\.m2\repository\org\springframework\security\spring-security-config\6.5.1\spring-security-config-6.5.1.jar;C:\Users\takow\.m2\repository\org\springframework\security\spring-security-core\6.5.1\spring-security-core-6.5.1.jar;C:\Users\takow\.m2\repository\org\springframework\security\spring-security-crypto\6.5.1\spring-security-crypto-6.5.1.jar;C:\Users\takow\.m2\repository\org\springframework\security\spring-security-web\6.5.1\spring-security-web-6.5.1.jar;C:\Users\takow\.m2\repository\org\springframework\boot\spring-boot-starter-actuator\3.5.2\spring-boot-starter-actuator-3.5.2.jar;C:\Users\takow\.m2\repository\org\springframework\boot\spring-boot-actuator-autoconfigure\3.5.2\spring-boot-actuator-autoconfigure-3.5.2.jar;C:\Users\takow\.m2\repository\org\springframework\boot\spring-boot-actuator\3.5.2\spring-boot-actuator-3.5.2.jar;C:\Users\takow\.m2\repository\io\micrometer\micrometer-observation\1.15.1\micrometer-observation-1.15.1.jar;C:\Users\takow\.m2\repository\io\micrometer\micrometer-commons\1.15.1\micrometer-commons-1.15.1.jar;C:\Users\takow\.m2\repository\io\micrometer\micrometer-jakarta9\1.15.1\micrometer-jakarta9-1.15.1.jar;C:\Users\takow\.m2\repository\io\micrometer\micrometer-core\1.15.1\micrometer-core-1.15.1.jar;C:\Users\takow\.m2\repository\org\hdrhistogram\HdrHistogram\2.2.2\HdrHistogram-2.2.2.jar;C:\Users\takow\.m2\repository\org\latencyutils\LatencyUtils\2.0.3\LatencyUtils-2.0.3.jar;C:\Users\takow\.m2\repository\org\springframework\boot\spring-boot-starter-test\3.5.2\spring-boot-starter-test-3.5.2.jar;C:\Users\takow\.m2\repository\org\springframework\boot\spring-boot-test\3.5.2\spring-boot-test-3.5.2.jar;C:\Users\takow\.m2\repository\org\springframework\boot\spring-boot-test-autoconfigure\3.5.2\spring-boot-test-autoconfigure-3.5.2.jar;C:\Users\takow\.m2\repository\com\jayway\jsonpath\json-path\2.9.0\json-path-2.9.0.jar;C:\Users\takow\.m2\repository\jakarta\xml\bind\jakarta.xml.bind-api\4.0.2\jakarta.xml.bind-api-4.0.2.jar;C:\Users\takow\.m2\repository\jakarta\activation\jakarta.activation-api\2.1.3\jakarta.activation-api-2.1.3.jar;C:\Users\takow\.m2\repository\net\minidev\json-smart\2.5.2\json-smart-2.5.2.jar;C:\Users\takow\.m2\repository\net\minidev\accessors-smart\2.5.2\accessors-smart-2.5.2.jar;C:\Users\takow\.m2\repository\org\ow2\asm\asm\9.7.1\asm-9.7.1.jar;C:\Users\takow\.m2\repository\org\assertj\assertj-core\3.27.3\assertj-core-3.27.3.jar;C:\Users\takow\.m2\repository\org\awaitility\awaitility\4.2.2\awaitility-4.2.2.jar;C:\Users\takow\.m2\repository\org\hamcrest\hamcrest\3.0\hamcrest-3.0.jar;C:\Users\takow\.m2\repository\org\junit\jupiter\junit-jupiter\5.12.2\junit-jupiter-5.12.2.jar;C:\Users\takow\.m2\repository\org\junit\jupiter\junit-jupiter-api\5.12.2\junit-jupiter-api-5.12.2.jar;C:\Users\takow\.m2\repository\org\opentest4j\opentest4j\1.3.0\opentest4j-1.3.0.jar;C:\Users\takow\.m2\repository\org\junit\platform\junit-platform-commons\1.12.2\junit-platform-commons-1.12.2.jar;C:\Users\takow\.m2\repository\org\apiguardian\apiguardian-api\1.1.2\apiguardian-api-1.1.2.jar;C:\Users\takow\.m2\repository\org\junit\jupiter\junit-jupiter-params\5.12.2\junit-jupiter-params-5.12.2.jar;C:\Users\takow\.m2\repository\org\junit\jupiter\junit-jupiter-engine\5.12.2\junit-jupiter-engine-5.12.2.jar;C:\Users\takow\.m2\repository\org\junit\platform\junit-platform-engine\1.12.2\junit-platform-engine-1.12.2.jar;C:\Users\takow\.m2\repository\org\mockito\mockito-core\5.17.0\mockito-core-5.17.0.jar;C:\Users\takow\.m2\repository\net\bytebuddy\byte-buddy-agent\1.17.6\byte-buddy-agent-1.17.6.jar;C:\Users\takow\.m2\repository\org\objenesis\objenesis\3.3\objenesis-3.3.jar;C:\Users\takow\.m2\repository\org\mockito\mockito-junit-jupiter\5.17.0\mockito-junit-jupiter-5.17.0.jar;C:\Users\takow\.m2\repository\org\skyscreamer\jsonassert\1.5.3\jsonassert-1.5.3.jar;C:\Users\takow\.m2\repository\com\vaadin\external\google\android-json\0.0.20131108.vaadin1\android-json-0.0.20131108.vaadin1.jar;C:\Users\takow\.m2\repository\org\springframework\spring-core\6.2.8\spring-core-6.2.8.jar;C:\Users\takow\.m2\repository\org\springframework\spring-jcl\6.2.8\spring-jcl-6.2.8.jar;C:\Users\takow\.m2\repository\org\springframework\spring-test\6.2.8\spring-test-6.2.8.jar;C:\Users\takow\.m2\repository\org\xmlunit\xmlunit-core\2.10.2\xmlunit-core-2.10.2.jar;"/>
    <property name="java.vm.vendor" value="Oracle Corporation"/>
    <property name="sun.arch.data.model" value="64"/>
    <property name="user.variant" value=""/>
    <property name="java.vendor.url" value="https://java.oracle.com/"/>
    <property name="user.timezone" value="Asia/Tokyo"/>
    <property name="org.jboss.logging.provider" value="slf4j"/>
    <property name="os.name" value="Windows 11"/>
    <property name="java.vm.specification.version" value="23"/>
    <property name="APPLICATION_NAME" value="Shift Scheduler Demo"/>
    <property name="sun.java.launcher" value="SUN_STANDARD"/>
    <property name="user.country" value="JP"/>
    <property name="sun.boot.library.path" value="C:\Program Files\Java\jdk-23\bin"/>
    <property name="sun.java.command" value="C:\Users\takow\AppData\Local\Temp\surefire7915747301928058371\surefirebooter-20251026122216613_3.jar C:\Users\takow\AppData\Local\Temp\surefire7915747301928058371 2025-10-26T12-22-16_473-jvmRun1 surefire-20251026122216613_1tmp surefire_0-20251026122216613_2tmp"/>
    <property name="jdk.debug" value="release"/>
    <property name="surefire.test.class.path" value="C:\Users\takow\Documents\02_programming\java\shiftv1\target\test-classes;C:\Users\takow\Documents\02_programming\java\shiftv1\target\classes;C:\Users\takow\.m2\repository\org\springframework\boot\spring-boot-starter-web\3.5.2\spring-boot-starter-web-3.5.2.jar;C:\Users\takow\.m2\repository\org\springframework\boot\spring-boot-starter\3.5.2\spring-boot-starter-3.5.2.jar;C:\Users\takow\.m2\repository\org\springframework\boot\spring-boot\3.5.2\spring-boot-3.5.2.jar;C:\Users\takow\.m2\repository\org\springframework\boot\spring-boot-autoconfigure\3.5.2\spring-boot-autoconfigure-3.5.2.jar;C:\Users\takow\.m2\repository\org\springframework\boot\spring-boot-starter-logging\3.5.2\spring-boot-starter-logging-3.5.2.jar;C:\Users\takow\.m2\repository\ch\qos\logback\logback-classic\1.5.18\logback-classic-1.5.18.jar;C:\Users\takow\.m2\repository\ch\qos\logback\logback-core\1.5.18\logback-core-1.5.18.jar;C:\Users\takow\.m2\repository\org\apache\logging\log4j\log4j-to-slf4j\2.24.3\log4j-to-slf4j-2.24.3.jar;C:\Users\takow\.m2\repository\org\apache\logging\log4j\log4j-api\2.24.3\log4j-api-2.24.3.jar;C:\Users\takow\.m2\repository\org\slf4j\jul-to-slf4j\2.0.17\jul-to-slf4j-2.0.17.jar;C:\Users\takow\.m2\repository\jakarta\annotation\jakarta.annotation-api\2.1.1\jakarta.annotation-api-2.1.1.jar;C:\Users\takow\.m2\repository\org\yaml\snakeyaml\2.4\snakeyaml-2.4.jar;C:\Users\takow\.m2\repository\org\springframework\boot\spring-boot-starter-json\3.5.2\spring-boot-starter-json-3.5.2.jar;C:\Users\takow\.m2\repository\com\fasterxml\jackson\core\jackson-databind\2.19.1\jackson-databind-2.19.1.jar;C:\Users\takow\.m2\repository\com\fasterxml\jackson\core\jackson-annotations\2.19.1\jackson-annotations-2.19.1.jar;C:\Users\takow\.m2\repository\com\fasterxml\jackson\core\jackson-core\2.19.1\jackson-core-2.19.1.jar;C:\Users\takow\.m2\repository\com\fasterxml\jackson\datatype\jackson-datatype-jdk8\2.19.1\jackson-datatype-jdk8-2.19.1.jar;C:\Users\takow\.m2\repository\com\fasterxml\jackson\datatype\jackson-datatype-jsr310\2.19.1\jackson-datatype-jsr310-2.19.1.jar;C:\Users\takow\.m2\repository\com\fasterxml\jackson\module\jackson-module-parameter-names\2.19.1\jackson-module-parameter-names-2.19.1.jar;C:\Users\takow\.m2\repository\org\springframework\boot\spring-boot-starter-tomcat\3.5.2\spring-boot-starter-tomcat-3.5.2.jar;C:\Users\takow\.m2\repository\org\apache\tomcat\embed\tomcat-embed-core\10.1.42\tomcat-embed-core-10.1.42.jar;C:\Users\takow\.m2\repository\org\apache\tomcat\embed\tomcat-embed-websocket\10.1.42\tomcat-embed-websocket-10.1.42.jar;C:\Users\takow\.m2\repository\org\springframework\spring-web\6.2.8\spring-web-6.2.8.jar;C:\Users\takow\.m2\repository\org\springframework\spring-beans\6.2.8\spring-beans-6.2.8.jar;C:\Users\takow\.m2\repository\org\springframework\spring-webmvc\6.2.8\spring-webmvc-6.2.8.jar;C:\Users\takow\.m2\repository\org\springframework\spring-context\6.2.8\spring-context-6.2.8.jar;C:\Users\takow\.m2\repository\org\springframework\spring-expression\6.2.8\spring-expression-6.2.8.jar;C:\Users\takow\.m2\repository\org\springframework\boot\spring-boot-starter-data-jpa\3.5.2\spring-boot-starter-data-jpa-3.5.2.jar;C:\Users\takow\.m2\repository\org\springframework\boot\spring-boot-starter-jdbc\3.5.2\spring-boot-starter-jdbc-3.5.2.jar;C:\Users\takow\.m2\repository\com\zaxxer\HikariCP\6.3.0\HikariCP-6.3.0.jar;C:\Users\takow\.m2\repository\org\springframework\spring-jdbc\6.2.8\spring-jdbc-6.2.8.jar;C:\Users\takow\.m2\repository\org\hibernate\orm\hibernate-core\6.6.18.Final\hibernate-core-6.6.18.Final.jar;C:\Users\takow\.m2\repository\jakarta\persistence\jakarta.persistence-api\3.1.0\jakarta.persistence-api-3.1.0.jar;C:\Users\takow\.m2\repository\jakarta\transaction\jakarta.transaction-api\2.0.1\jakarta.transaction-api-2.0.1.jar;C:\Users\takow\.m2\repository\org\hibernate\common\hibernate-commons-annotations\7.0.3.Final\hibernate-commons-annotations-7.0.3.Final.jar;C:\Users\takow\.m2\repository\io\smallrye\jandex\3.2.0\jandex-3.2.0.jar;C:\Users\takow\.m2\repository\com\fasterxml\classmate\1.7.0\classmate-1.7.0.jar;C:\Users\takow\.m2\repository\net\bytebuddy\byte-buddy\1.17.6\byte-buddy-1.17.6.jar;C:\Users\takow\.m2\repository\org\glassfish\jaxb\jaxb-runtime\4.0.5\jaxb-runtime-4.0.5.jar;C:\Users\takow\.m2\repository\org\glassfish\jaxb\jaxb-core\4.0.5\jaxb-core-4.0.5.jar;C:\Users\takow\.m2\repository\org\eclipse\angus\angus-activation\2.0.2\angus-activation-2.0.2.jar;C:\Users\takow\.m2\repository\org\glassfish\jaxb\txw2\4.0.5\txw2-4.0.5.jar;C:\Users\takow\.m2\repository\com\sun\istack\istack-commons-runtime\4.1.2\istack-commons-runtime-4.1.2.jar;C:\Users\takow\.m2\repository\jakarta\inject\jakarta.inject-api\2.0.1\jakarta.inject-api-2.0.1.jar;C:\Users\takow\.m2\repository\org\antlr\antlr4-runtime\4.13.0\antlr4-runtime-4.13.0.jar;C:\Users\takow\.m2\repository\org\springframework\data\spring-data-jpa\3.5.1\spring-data-jpa-3.5.1.jar;C:\Users\takow\.m2\repository\org\springframework\data\spring-data-commons\3.5.1\spring-data-commons-3.5.1.jar;C:\Users\takow\.m2\repository\org\springframework\spring-orm\6.2.8\spring-orm-6.2.8.jar;C:\Users\takow\.m2\repository\org\springframework\spring-tx\6.2.8\spring-tx-6.2.8.jar;C:\Users\takow\.m2\repository\org\springframework\spring-aspects\6.2.8\spring-aspects-6.2.8.jar;C:\Users\takow\.m2\repository\org\aspectj\aspectjweaver\1.9.24\aspectjweaver-1.9.24.jar;C:\Users\takow\.m2\repository\org\xerial\sqlite-jdbc\3.46.0.0\sqlite-jdbc-3.46.0.0.jar;C:\Users\takow\.m2\repository\org\slf4j\slf4j-api\2.0.17\slf4j-api-2.0.17.jar;C:\Users\takow\.m2\repository\org\hibernate\orm\hibernate-community-dialects\6.4.4.Final\hibernate-community-dialects-6.4.4.Final.jar;C:\Users\takow\.m2\repository\org\jboss\logging\jboss-logging\3.6.1.Final\jboss-logging-3.6.1.Final.jar;C:\Users\takow\.m2\repository\org\projectlombok\lombok\1.18.38\lombok-1.18.38.jar;C:\Users\takow\.m2\repository\org\springframework\boot\spring-boot-starter-thymeleaf\3.5.2\spring-boot-starter-thymeleaf-3.5.2.jar;C:\Users\takow\.m2\repository\org\thymeleaf\thymeleaf-spring6\3.1.3.RELEASE\thymeleaf-spring6-3.1.3.RELEASE.jar;C:\Users\takow\.m2\repository\org\thymeleaf\thymeleaf\3.1.3.RELEASE\thymeleaf-3.1.3.RELEASE.jar;C:\Users\takow\.m2\repository\org\attoparser\attoparser\2.0.7.RELEASE\attoparser-2.0.7.RELEASE.jar;C:\Users\takow\.m2\repository\org\unbescape\unbescape\1.1.6.RELEASE\unbescape-1.1.6.RELEASE.jar;C:\Users\takow\.m2\repository\org\springframework\boot\spring-boot-starter-validation\3.5.2\spring-boot-starter-validation-3.5.2.jar;C:\Users\takow\.m2\repository\org\apache\tomcat\embed\tomcat-embed-el\10.1.42\tomcat-embed-el-10.1.42.jar;C:\Users\takow\.m2\repository\org\hibernate\validator\hibernate-validator\8.0.2.Final\hibernate-validator-8.0.2.Final.jar;C:\Users\takow\.m2\repository\jakarta\validation\jakarta.validation-api\3.0.2\jakarta.validation-api-3.0.2.jar;C:\Users\takow\.m2\repository\org\springframework\boot\spring-boot-starter-security\3.5.2\spring-boot-starter-security-3.5.2.jar;C:\Users\takow\.m2\repository\org\springframework\spring-aop\6.2.8\spring-aop-6.2.8.jar;C:\Users\takow\.m2\repository\org\springframework\security\spring-security-config\6.5.1\spring-security-config-6.5.1.jar;C:\Users\takow\.m2\repository\org\springframework\security\spring-security-core\6.5.1\spring-security-core-6.5.1.jar;C:\Users\takow\.m2\repository\org\springframework\security\spring-security-crypto\6.5.1\spring-security-crypto-6.5.1.jar;C:\Users\takow\.m2\repository\org\springframework\security\spring-security-web\6.5.1\spring-security-web-6.5.1.jar;C:\Users\takow\.m2\repository\org\springframework\boot\spring-boot-starter-actuator\3.5.2\spring-boot-starter-actuator-3.5.2.jar;C:\Users\takow\.m2\repository\org\springframework\boot\spring-boot-actuator-autoconfigure\3.5.2\spring-boot-actuator-autoconfigure-3.5.2.jar;C:\Users\takow\.m2\repository\org\springframework\boot\spring-boot-actuator\3.5.2\spring-boot-actuator-3.5.2.jar;C:\Users\takow\.m2\repository\io\micrometer\micrometer-observation\1.15.1\micrometer-observation-1.15.1.jar;C:\Users\takow\.m2\repository\io\micrometer\micrometer-commons\1.15.1\micrometer-commons-1.15.1.jar;C:\Users\takow\.m2\repository\io\micrometer\micrometer-jakarta9\1.15.1\micrometer-jakarta9-1.15.1.jar;C:\Users\takow\.m2\repository\io\micrometer\micrometer-core\1.15.1\micrometer-core-1.15.1.jar;C:\Users\takow\.m2\repository\org\hdrhistogram\HdrHistogram\2.2.2\HdrHistogram-2.2.2.jar;C:\Users\takow\.m2\repository\org\latencyutils\LatencyUtils\2.0.3\LatencyUtils-2.0.3.jar;C:\Users\takow\.m2\repository\org\springframework\boot\spring-boot-starter-test\3.5.2\spring-boot-starter-test-3.5.2.jar;C:\Users\takow\.m2\repository\org\springframework\boot\spring-boot-test\3.5.2\spring-boot-test-3.5.2.jar;C:\Users\takow\.m2\repository\org\springframework\boot\spring-boot-test-autoconfigure\3.5.2\spring-boot-test-autoconfigure-3.5.2.jar;C:\Users\takow\.m2\repository\com\jayway\jsonpath\json-path\2.9.0\json-path-2.9.0.jar;C:\Users\takow\.m2\repository\jakarta\xml\bind\jakarta.xml.bind-api\4.0.2\jakarta.xml.bind-api-4.0.2.jar;C:\Users\takow\.m2\repository\jakarta\activation\jakarta.activation-api\2.1.3\jakarta.activation-api-2.1.3.jar;C:\Users\takow\.m2\repository\net\minidev\json-smart\2.5.2\json-smart-2.5.2.jar;C:\Users\takow\.m2\repository\net\minidev\accessors-smart\2.5.2\accessors-smart-2.5.2.jar;C:\Users\takow\.m2\repository\org\ow2\asm\asm\9.7.1\asm-9.7.1.jar;C:\Users\takow\.m2\repository\org\assertj\assertj-core\3.27.3\assertj-core-3.27.3.jar;C:\Users\takow\.m2\repository\org\awaitility\awaitility\4.2.2\awaitility-4.2.2.jar;C:\Users\takow\.m2\repository\org\hamcrest\hamcrest\3.0\hamcrest-3.0.jar;C:\Users\takow\.m2\repository\org\junit\jupiter\junit-jupiter\5.12.2\junit-jupiter-5.12.2.jar;C:\Users\takow\.m2\repository\org\junit\jupiter\junit-jupiter-api\5.12.2\junit-jupiter-api-5.12.2.jar;C:\Users\takow\.m2\repository\org\opentest4j\opentest4j\1.3.0\opentest4j-1.3.0.jar;C:\Users\takow\.m2\repository\org\junit\platform\junit-platform-commons\1.12.2\junit-platform-commons-1.12.2.jar;C:\Users\takow\.m2\repository\org\apiguardian\apiguardian-api\1.1.2\apiguardian-api-1.1.2.jar;C:\Users\takow\.m2\repository\org\junit\jupiter\junit-jupiter-params\5.12.2\junit-jupiter-params-5.12.2.jar;C:\Users\takow\.m2\repository\org\junit\jupiter\junit-jupiter-engine\5.12.2\junit-jupiter-engine-5.12.2.jar;C:\Users\takow\.m2\repository\org\junit\platform\junit-platform-engine\1.12.2\junit-platform-engine-1.12.2.jar;C:\Users\takow\.m2\repository\org\mockito\mockito-core\5.17.0\mockito-core-5.17.0.jar;C:\Users\takow\.m2\repository\net\bytebuddy\byte-buddy-agent\1.17.6\byte-buddy-agent-1.17.6.jar;C:\Users\takow\.m2\repository\org\objenesis\objenesis\3.3\objenesis-3.3.jar;C:\Users\takow\.m2\repository\org\mockito\mockito-junit-jupiter\5.17.0\mockito-junit-jupiter-5.17.0.jar;C:\Users\takow\.m2\repository\org\skyscreamer\jsonassert\1.5.3\jsonassert-1.5.3.jar;C:\Users\takow\.m2\repository\com\vaadin\external\google\android-json\0.0.20131108.vaadin1\android-json-0.0.20131108.vaadin1.jar;C:\Users\takow\.m2\repository\org\springframework\spring-core\6.2.8\spring-core-6.2.8.jar;C:\Users\takow\.m2\repository\org\springframework\spring-jcl\6.2.8\spring-jcl-6.2.8.jar;C:\Users\takow\.m2\repository\org\springframework\spring-test\6.2.8\spring-test-6.2.8.jar;C:\Users\takow\.m2\repository\org\xmlunit\xmlunit-core\2.10.2\xmlunit-core-2.10.2.jar;"/>
    <property name="sun.cpu.endian" value="little"/>
    <property name="user.home" value="C:\Users\takow"/>
    <property name="user.language" value="ja"/>
    <property name="java.specification.vendor" value="Oracle Corporation"/>
    <property name="java.version.date" value="2025-01-21"/>
    <property name="java.home" value="C:\Program Files\Java\jdk-23"/>
    <property name="file.separator" value="\"/>
    <property name="basedir" value="C:\Users\takow\Documents\02_programming\java\shiftv1"/>
    <property name="java.vm.compressedOopsMode" value="32-bit"/>
    <property name="line.separator" value="&#10;"/>
    <property name="java.vm.specification.vendor" value="Oracle Corporation"/>
    <property name="java.specification.name" value="Java Platform API Specification"/>
    <property name="FILE_LOG_CHARSET" value="UTF-8"/>
    <property name="java.awt.headless" value="true"/>
    <property name="surefire.real.class.path" value="C:\Users\takow\AppData\Local\Temp\surefire7915747301928058371\surefirebooter-20251026122216613_3.jar"/>
    <property name="user.script" value=""/>
    <property name="sun.management.compiler" value="HotSpot 64-Bit Tiered Compilers"/>
    <property name="java.runtime.version" value="23.0.2+7-58"/>
    <property name="user.name" value="takow"/>
    <property name="stdout.encoding" value="MS932"/>
    <property name="path.separator" value=";"/>
    <property name="os.version" value="10.0"/>
    <property name="java.runtime.name" value="Java(TM) SE Runtime Environment"/>
    <property name="file.encoding" value="UTF-8"/>
    <property name="java.vm.name" value="Java HotSpot(TM) 64-Bit Server VM"/>
    <property name="localRepository" value="C:\Users\takow\.m2\repository"/>
    <property name="java.vendor.url.bug" value="https://bugreport.java.com/bugreport/"/>
    <property name="java.io.tmpdir" value="C:\Users\takow\AppData\Local\Temp\"/>
    <property name="com.zaxxer.hikari.pool_number" value="1"/>
    <property name="java.version" value="23.0.2"/>
    <property name="user.dir" value="C:\Users\takow\Documents\02_programming\java\shiftv1"/>
    <property name="os.arch" value="amd64"/>
    <property name="java.vm.specification.name" value="Java Virtual Machine Specification"/>
    <property name="PID" value="19468"/>
    <property name="sun.os.patch.level" value=""/>
    <property name="CONSOLE_LOG_CHARSET" value="windows-31j"/>
    <property name="native.encoding" value="MS932"/>
    <property name="java.library.path" value="C:\Program Files\Java\jdk-23\bin;C:\WINDOWS\Sun\Java\bin;C:\WINDOWS\system32;C:\WINDOWS;C:\Program Files\PowerShell\7;C:\Program Files\Java\jdk-23\bin;C:\Program Files\Java\jdk-23\bin;C:\Program Files\Java\jdk-23\bin;C:\WINDOWS\System32&quot;;C:\Program Files\Git\cmd;C:\Program Files\PowerShell\7\;C:\Program Files\cursor\resources\app\bin&quot;;C:\Program Files\Git\cmd;C:\Program Files\PowerShell\7\;C:\Program Files\cursor\resources\app\bin&quot;;C:\Program Files\Git\cmd;C:\Program Files\PowerShell\7\;C:\Program Files\cursor\resources\app\bin;C:\Users\takow\Documents\SQLite;C:\Users\takow\AppData\Local\Programs\Python\Python312\;C:\Users\takow\AppData\Local\Programs\Python\Launcher\;C:\Users\takow\AppData\Local\Microsoft\WindowsApps;C:\Users\takow\AppData\Local\Programs\Microsoft VS Code\bin;C:\Users\takow\Documents\02_programming\java\099_環境\apache-maven-3.9.9\bin;C:\Users\takow\AppData\Local\JetBrains\Toolbox\scripts;C:\Windows\System32;;c:\Users\takow\AppData\Roaming\Code\User\globalStorage\github.copilot-chat\debugCommand;."/>
    <property name="java.vm.info" value="mixed mode, sharing"/>
    <property name="stderr.encoding" value="MS932"/>
    <property name="java.vendor" value="Oracle Corporation"/>
    <property name="java.vm.version" value="23.0.2+7-58"/>
    <property name="sun.io.unicode.encoding" value="UnicodeLittle"/>
    <property name="java.class.version" value="67.0"/>
    <property name="LOGGED_APPLICATION_NAME" value="[Shift Scheduler Demo] "/>
  </properties>
  <testcase name="generateMonthlySchedule_2025_10_persistsAndReturnsAssignments" classname="com.example.shiftv1.schedule.October2025GenerationTest" time="1.468">
    <system-out><![CDATA[12:22:17.695 [main] INFO org.springframework.test.context.support.AnnotationConfigContextLoaderUtils -- Could not detect default configuration classes for test class [com.example.shiftv1.schedule.October2025GenerationTest]: October2025GenerationTest does not declare any static, non-private, non-final, nested classes annotated with @Configuration.
12:22:17.910 [main] INFO org.springframework.boot.test.context.SpringBootTestContextBootstrapper -- Found @SpringBootConfiguration com.example.shiftv1.Shiftv1Application for test class com.example.shiftv1.schedule.October2025GenerationTest

  .   ____          _            __ _ _
 /\\ / ___'_ __ _ _(_)_ __  __ _ \ \ \ \
( ( )\___ | '_ | '_| | '_ \/ _` | \ \ \ \
 \\/  ___)| |_)| | | | | || (_| |  ) ) ) )
  '  |____| .__|_| |_|_| |_\__, | / / / /
 =========|_|==============|___/=/_/_/_/

 :: Spring Boot ::                (v3.5.2)

2025-10-26T12:22:18.457+09:00  INFO 19468 --- [Shift Scheduler Demo] [           main] c.e.s.s.October2025GenerationTest        : Starting October2025GenerationTest using Java 23.0.2 with PID 19468 (started by takow in C:\Users\takow\Documents\02_programming\java\shiftv1)
2025-10-26T12:22:18.465+09:00  INFO 19468 --- [Shift Scheduler Demo] [           main] c.e.s.s.October2025GenerationTest        : No active profile set, falling back to 1 default profile: "default"
2025-10-26T12:22:20.046+09:00  INFO 19468 --- [Shift Scheduler Demo] [           main] .s.d.r.c.RepositoryConfigurationDelegate : Bootstrapping Spring Data JPA repositories in DEFAULT mode.
2025-10-26T12:22:20.180+09:00  INFO 19468 --- [Shift Scheduler Demo] [           main] .s.d.r.c.RepositoryConfigurationDelegate : Finished Spring Data repository scanning in 119 ms. Found 15 JPA repository interfaces.
2025-10-26T12:22:20.998+09:00  INFO 19468 --- [Shift Scheduler Demo] [           main] o.hibernate.jpa.internal.util.LogHelper  : HHH000204: Processing PersistenceUnitInfo [name: default]
2025-10-26T12:22:21.104+09:00  INFO 19468 --- [Shift Scheduler Demo] [           main] org.hibernate.Version                    : HHH000412: Hibernate ORM core version 6.6.18.Final
2025-10-26T12:22:21.160+09:00  INFO 19468 --- [Shift Scheduler Demo] [           main] o.h.c.internal.RegionFactoryInitiator    : HHH000026: Second-level cache disabled
2025-10-26T12:22:21.586+09:00  INFO 19468 --- [Shift Scheduler Demo] [           main] o.s.o.j.p.SpringPersistenceUnitInfo      : No LoadTimeWeaver setup: ignoring JPA class transformer
2025-10-26T12:22:21.622+09:00  INFO 19468 --- [Shift Scheduler Demo] [           main] com.zaxxer.hikari.HikariDataSource       : HikariPool-1 - Starting...
2025-10-26T12:22:21.805+09:00  INFO 19468 --- [Shift Scheduler Demo] [           main] com.zaxxer.hikari.pool.HikariPool        : HikariPool-1 - Added connection org.sqlite.jdbc4.JDBC4Connection@7b2d58e6
2025-10-26T12:22:21.805+09:00  INFO 19468 --- [Shift Scheduler Demo] [           main] com.zaxxer.hikari.HikariDataSource       : HikariPool-1 - Start completed.
2025-10-26T12:22:21.871+09:00  INFO 19468 --- [Shift Scheduler Demo] [           main] org.hibernate.orm.connections.pooling    : HHH10001005: Database info:
	Database JDBC URL [Connecting through datasource 'HikariDataSource (HikariPool-1)']
	Database driver: undefined/unknown
	Database version: 3.46
	Autocommit mode: undefined/unknown
	Isolation level: undefined/unknown
	Minimum pool size: undefined/unknown
	Maximum pool size: undefined/unknown
2025-10-26T12:22:23.966+09:00  INFO 19468 --- [Shift Scheduler Demo] [           main] o.h.e.t.j.p.i.JtaPlatformInitiator       : HHH000489: No JTA platform available (set 'hibernate.transaction.jta.platform' to enable JTA platform integration)
2025-10-26T12:22:24.032+09:00  INFO 19468 --- [Shift Scheduler Demo] [           main] j.LocalContainerEntityManagerFactoryBean : Initialized JPA EntityManagerFactory for persistence unit 'default'
2025-10-26T12:22:24.707+09:00  INFO 19468 --- [Shift Scheduler Demo] [           main] r$InitializeUserDetailsManagerConfigurer : Global AuthenticationManager configured with UserDetailsService bean with name userDetailsService
2025-10-26T12:22:24.789+09:00  INFO 19468 --- [Shift Scheduler Demo] [           main] o.s.d.j.r.query.QueryEnhancerFactory     : Hibernate is in classpath; If applicable, HQL parser will be used.
2025-10-26T12:22:27.181+09:00  WARN 19468 --- [Shift Scheduler Demo] [           main] JpaBaseConfiguration$JpaWebConfiguration : spring.jpa.open-in-view is enabled by default. Therefore, database queries may be performed during view rendering. Explicitly configure spring.jpa.open-in-view to disable this warning
2025-10-26T12:22:27.770+09:00  INFO 19468 --- [Shift Scheduler Demo] [           main] o.s.b.a.e.web.EndpointLinksResolver      : Exposing 1 endpoint beneath base path '/actuator'
2025-10-26T12:22:28.603+09:00  INFO 19468 --- [Shift Scheduler Demo] [           main] c.e.s.s.October2025GenerationTest        : Started October2025GenerationTest in 10.484 seconds (process running for 11.841)
2025-10-26T12:22:28.859+09:00 DEBUG 19468 --- [Shift Scheduler Demo] [           main] org.hibernate.SQL                        : select u1_0.id from users u1_0 where u1_0.username=? limit ?
Hibernate: select u1_0.id from users u1_0 where u1_0.username=? limit ?
2025-10-26T12:22:28.882+09:00 DEBUG 19468 --- [Shift Scheduler Demo] [           main] org.hibernate.SQL                        : select u1_0.id from users u1_0 where u1_0.username=? limit ?
Hibernate: select u1_0.id from users u1_0 where u1_0.username=? limit ?
2025-10-26T12:22:28.882+09:00  INFO 19468 --- [Shift Scheduler Demo] [           main] c.e.shiftv1.auth.UserDataInitializer     : ���[�U�[�f�[�^�̏��������������܂���
2025-10-26T12:22:28.904+09:00 DEBUG 19468 --- [Shift Scheduler Demo] [           main] org.hibernate.SQL                        : select count(*) from employee_constraints ec1_0
Hibernate: select count(*) from employee_constraints ec1_0
2025-10-26T12:22:28.907+09:00  INFO 19468 --- [Shift Scheduler Demo] [           main] c.e.s.c.ConstraintDataInitializer        : ����f�[�^�͊��ɑ��݂��܂�
2025-10-26T12:22:28.907+09:00  INFO 19468 --- [Shift Scheduler Demo] [           main] c.e.s.config.ShiftConfigDataInitializer  : ShiftConfig seeding is disabled (legacy morning/evening/weekend not created).
2025-10-26T12:22:28.907+09:00 DEBUG 19468 --- [Shift Scheduler Demo] [           main] org.hibernate.SQL                        : select count(*) from shift_change_requests scr1_0
Hibernate: select count(*) from shift_change_requests scr1_0
2025-10-26T12:22:28.907+09:00  INFO 19468 --- [Shift Scheduler Demo] [           main] c.e.s.s.ShiftChangeDataInitializer       : �V�t�g�ύX�\���f�[�^�͊��ɑ��݂��܂�
2025-10-26T12:22:28.907+09:00 DEBUG 19468 --- [Shift Scheduler Demo] [           main] org.hibernate.SQL                        : select e1_0.id,e1_0.created_at,e1_0.name,e1_0.role from employees e1_0
Hibernate: select e1_0.id,e1_0.created_at,e1_0.name,e1_0.role from employees e1_0
2025-10-26T12:22:28.938+09:00 DEBUG 19468 --- [Shift Scheduler Demo] [           main] org.hibernate.SQL                        : select s1_0.employee_id,s1_1.id,s1_1.code,s1_1.created_at,s1_1.description,s1_1.name,s1_1.priority,s1_1.updated_at from employee_skills s1_0 join skills s1_1 on s1_1.id=s1_0.skill_id where s1_0.employee_id=?
Hibernate: select s1_0.employee_id,s1_1.id,s1_1.code,s1_1.created_at,s1_1.description,s1_1.name,s1_1.priority,s1_1.updated_at from employee_skills s1_0 join skills s1_1 on s1_1.id=s1_0.skill_id where s1_0.employee_id=?
2025-10-26T12:22:28.938+09:00 DEBUG 19468 --- [Shift Scheduler Demo] [           main] org.hibernate.SQL                        : select s1_0.employee_id,s1_1.id,s1_1.code,s1_1.created_at,s1_1.description,s1_1.name,s1_1.priority,s1_1.updated_at from employee_skills s1_0 join skills s1_1 on s1_1.id=s1_0.skill_id where s1_0.employee_id=?
Hibernate: select s1_0.employee_id,s1_1.id,s1_1.code,s1_1.created_at,s1_1.description,s1_1.name,s1_1.priority,s1_1.updated_at from employee_skills s1_0 join skills s1_1 on s1_1.id=s1_0.skill_id where s1_0.employee_id=?
2025-10-26T12:22:28.938+09:00 DEBUG 19468 --- [Shift Scheduler Demo] [           main] org.hibernate.SQL                        : select s1_0.employee_id,s1_1.id,s1_1.code,s1_1.created_at,s1_1.description,s1_1.name,s1_1.priority,s1_1.updated_at from employee_skills s1_0 join skills s1_1 on s1_1.id=s1_0.skill_id where s1_0.employee_id=?
Hibernate: select s1_0.employee_id,s1_1.id,s1_1.code,s1_1.created_at,s1_1.description,s1_1.name,s1_1.priority,s1_1.updated_at from employee_skills s1_0 join skills s1_1 on s1_1.id=s1_0.skill_id where s1_0.employee_id=?
2025-10-26T12:22:28.938+09:00 DEBUG 19468 --- [Shift Scheduler Demo] [           main] org.hibernate.SQL                        : select s1_0.employee_id,s1_1.id,s1_1.code,s1_1.created_at,s1_1.description,s1_1.name,s1_1.priority,s1_1.updated_at from employee_skills s1_0 join skills s1_1 on s1_1.id=s1_0.skill_id where s1_0.employee_id=?
Hibernate: select s1_0.employee_id,s1_1.id,s1_1.code,s1_1.created_at,s1_1.description,s1_1.name,s1_1.priority,s1_1.updated_at from employee_skills s1_0 join skills s1_1 on s1_1.id=s1_0.skill_id where s1_0.employee_id=?
2025-10-26T12:22:28.938+09:00 DEBUG 19468 --- [Shift Scheduler Demo] [           main] org.hibernate.SQL                        : select s1_0.employee_id,s1_1.id,s1_1.code,s1_1.created_at,s1_1.description,s1_1.name,s1_1.priority,s1_1.updated_at from employee_skills s1_0 join skills s1_1 on s1_1.id=s1_0.skill_id where s1_0.employee_id=?
Hibernate: select s1_0.employee_id,s1_1.id,s1_1.code,s1_1.created_at,s1_1.description,s1_1.name,s1_1.priority,s1_1.updated_at from employee_skills s1_0 join skills s1_1 on s1_1.id=s1_0.skill_id where s1_0.employee_id=?
2025-10-26T12:22:28.938+09:00 DEBUG 19468 --- [Shift Scheduler Demo] [           main] org.hibernate.SQL                        : select s1_0.employee_id,s1_1.id,s1_1.code,s1_1.created_at,s1_1.description,s1_1.name,s1_1.priority,s1_1.updated_at from employee_skills s1_0 join skills s1_1 on s1_1.id=s1_0.skill_id where s1_0.employee_id=?
Hibernate: select s1_0.employee_id,s1_1.id,s1_1.code,s1_1.created_at,s1_1.description,s1_1.name,s1_1.priority,s1_1.updated_at from employee_skills s1_0 join skills s1_1 on s1_1.id=s1_0.skill_id where s1_0.employee_id=?
2025-10-26T12:22:28.938+09:00 DEBUG 19468 --- [Shift Scheduler Demo] [           main] org.hibernate.SQL                        : select s1_0.employee_id,s1_1.id,s1_1.code,s1_1.created_at,s1_1.description,s1_1.name,s1_1.priority,s1_1.updated_at from employee_skills s1_0 join skills s1_1 on s1_1.id=s1_0.skill_id where s1_0.employee_id=?
Hibernate: select s1_0.employee_id,s1_1.id,s1_1.code,s1_1.created_at,s1_1.description,s1_1.name,s1_1.priority,s1_1.updated_at from employee_skills s1_0 join skills s1_1 on s1_1.id=s1_0.skill_id where s1_0.employee_id=?
2025-10-26T12:22:28.938+09:00 DEBUG 19468 --- [Shift Scheduler Demo] [           main] org.hibernate.SQL                        : select s1_0.employee_id,s1_1.id,s1_1.code,s1_1.created_at,s1_1.description,s1_1.name,s1_1.priority,s1_1.updated_at from employee_skills s1_0 join skills s1_1 on s1_1.id=s1_0.skill_id where s1_0.employee_id=?
Hibernate: select s1_0.employee_id,s1_1.id,s1_1.code,s1_1.created_at,s1_1.description,s1_1.name,s1_1.priority,s1_1.updated_at from employee_skills s1_0 join skills s1_1 on s1_1.id=s1_0.skill_id where s1_0.employee_id=?
2025-10-26T12:22:28.938+09:00 DEBUG 19468 --- [Shift Scheduler Demo] [           main] org.hibernate.SQL                        : select s1_0.employee_id,s1_1.id,s1_1.code,s1_1.created_at,s1_1.description,s1_1.name,s1_1.priority,s1_1.updated_at from employee_skills s1_0 join skills s1_1 on s1_1.id=s1_0.skill_id where s1_0.employee_id=?
Hibernate: select s1_0.employee_id,s1_1.id,s1_1.code,s1_1.created_at,s1_1.description,s1_1.name,s1_1.priority,s1_1.updated_at from employee_skills s1_0 join skills s1_1 on s1_1.id=s1_0.skill_id where s1_0.employee_id=?
2025-10-26T12:22:28.938+09:00 DEBUG 19468 --- [Shift Scheduler Demo] [           main] org.hibernate.SQL                        : select s1_0.employee_id,s1_1.id,s1_1.code,s1_1.created_at,s1_1.description,s1_1.name,s1_1.priority,s1_1.updated_at from employee_skills s1_0 join skills s1_1 on s1_1.id=s1_0.skill_id where s1_0.employee_id=?
Hibernate: select s1_0.employee_id,s1_1.id,s1_1.code,s1_1.created_at,s1_1.description,s1_1.name,s1_1.priority,s1_1.updated_at from employee_skills s1_0 join skills s1_1 on s1_1.id=s1_0.skill_id where s1_0.employee_id=?
2025-10-26T12:22:28.938+09:00 DEBUG 19468 --- [Shift Scheduler Demo] [           main] org.hibernate.SQL                        : select s1_0.employee_id,s1_1.id,s1_1.code,s1_1.created_at,s1_1.description,s1_1.name,s1_1.priority,s1_1.updated_at from employee_skills s1_0 join skills s1_1 on s1_1.id=s1_0.skill_id where s1_0.employee_id=?
Hibernate: select s1_0.employee_id,s1_1.id,s1_1.code,s1_1.created_at,s1_1.description,s1_1.name,s1_1.priority,s1_1.updated_at from employee_skills s1_0 join skills s1_1 on s1_1.id=s1_0.skill_id where s1_0.employee_id=?
2025-10-26T12:22:28.953+09:00 DEBUG 19468 --- [Shift Scheduler Demo] [           main] org.hibernate.SQL                        : select s1_0.employee_id,s1_1.id,s1_1.code,s1_1.created_at,s1_1.description,s1_1.name,s1_1.priority,s1_1.updated_at from employee_skills s1_0 join skills s1_1 on s1_1.id=s1_0.skill_id where s1_0.employee_id=?
Hibernate: select s1_0.employee_id,s1_1.id,s1_1.code,s1_1.created_at,s1_1.description,s1_1.name,s1_1.priority,s1_1.updated_at from employee_skills s1_0 join skills s1_1 on s1_1.id=s1_0.skill_id where s1_0.employee_id=?
2025-10-26T12:22:28.953+09:00 DEBUG 19468 --- [Shift Scheduler Demo] [           main] org.hibernate.SQL                        : select s1_0.employee_id,s1_1.id,s1_1.code,s1_1.created_at,s1_1.description,s1_1.name,s1_1.priority,s1_1.updated_at from employee_skills s1_0 join skills s1_1 on s1_1.id=s1_0.skill_id where s1_0.employee_id=?
Hibernate: select s1_0.employee_id,s1_1.id,s1_1.code,s1_1.created_at,s1_1.description,s1_1.name,s1_1.priority,s1_1.updated_at from employee_skills s1_0 join skills s1_1 on s1_1.id=s1_0.skill_id where s1_0.employee_id=?
2025-10-26T12:22:28.955+09:00 DEBUG 19468 --- [Shift Scheduler Demo] [           main] org.hibernate.SQL                        : select s1_0.employee_id,s1_1.id,s1_1.code,s1_1.created_at,s1_1.description,s1_1.name,s1_1.priority,s1_1.updated_at from employee_skills s1_0 join skills s1_1 on s1_1.id=s1_0.skill_id where s1_0.employee_id=?
Hibernate: select s1_0.employee_id,s1_1.id,s1_1.code,s1_1.created_at,s1_1.description,s1_1.name,s1_1.priority,s1_1.updated_at from employee_skills s1_0 join skills s1_1 on s1_1.id=s1_0.skill_id where s1_0.employee_id=?
2025-10-26T12:22:28.955+09:00 DEBUG 19468 --- [Shift Scheduler Demo] [           main] org.hibernate.SQL                        : select s1_0.employee_id,s1_1.id,s1_1.code,s1_1.created_at,s1_1.description,s1_1.name,s1_1.priority,s1_1.updated_at from employee_skills s1_0 join skills s1_1 on s1_1.id=s1_0.skill_id where s1_0.employee_id=?
Hibernate: select s1_0.employee_id,s1_1.id,s1_1.code,s1_1.created_at,s1_1.description,s1_1.name,s1_1.priority,s1_1.updated_at from employee_skills s1_0 join skills s1_1 on s1_1.id=s1_0.skill_id where s1_0.employee_id=?
2025-10-26T12:22:28.957+09:00 DEBUG 19468 --- [Shift Scheduler Demo] [           main] org.hibernate.SQL                        : select s1_0.employee_id,s1_1.id,s1_1.code,s1_1.created_at,s1_1.description,s1_1.name,s1_1.priority,s1_1.updated_at from employee_skills s1_0 join skills s1_1 on s1_1.id=s1_0.skill_id where s1_0.employee_id=?
Hibernate: select s1_0.employee_id,s1_1.id,s1_1.code,s1_1.created_at,s1_1.description,s1_1.name,s1_1.priority,s1_1.updated_at from employee_skills s1_0 join skills s1_1 on s1_1.id=s1_0.skill_id where s1_0.employee_id=?
2025-10-26T12:22:28.957+09:00 DEBUG 19468 --- [Shift Scheduler Demo] [           main] org.hibernate.SQL                        : select s1_0.employee_id,s1_1.id,s1_1.code,s1_1.created_at,s1_1.description,s1_1.name,s1_1.priority,s1_1.updated_at from employee_skills s1_0 join skills s1_1 on s1_1.id=s1_0.skill_id where s1_0.employee_id=?
Hibernate: select s1_0.employee_id,s1_1.id,s1_1.code,s1_1.created_at,s1_1.description,s1_1.name,s1_1.priority,s1_1.updated_at from employee_skills s1_0 join skills s1_1 on s1_1.id=s1_0.skill_id where s1_0.employee_id=?
2025-10-26T12:22:28.959+09:00 DEBUG 19468 --- [Shift Scheduler Demo] [           main] org.hibernate.SQL                        : select s1_0.employee_id,s1_1.id,s1_1.code,s1_1.created_at,s1_1.description,s1_1.name,s1_1.priority,s1_1.updated_at from employee_skills s1_0 join skills s1_1 on s1_1.id=s1_0.skill_id where s1_0.employee_id=?
Hibernate: select s1_0.employee_id,s1_1.id,s1_1.code,s1_1.created_at,s1_1.description,s1_1.name,s1_1.priority,s1_1.updated_at from employee_skills s1_0 join skills s1_1 on s1_1.id=s1_0.skill_id where s1_0.employee_id=?
2025-10-26T12:22:28.959+09:00 DEBUG 19468 --- [Shift Scheduler Demo] [           main] org.hibernate.SQL                        : select s1_0.employee_id,s1_1.id,s1_1.code,s1_1.created_at,s1_1.description,s1_1.name,s1_1.priority,s1_1.updated_at from employee_skills s1_0 join skills s1_1 on s1_1.id=s1_0.skill_id where s1_0.employee_id=?
Hibernate: select s1_0.employee_id,s1_1.id,s1_1.code,s1_1.created_at,s1_1.description,s1_1.name,s1_1.priority,s1_1.updated_at from employee_skills s1_0 join skills s1_1 on s1_1.id=s1_0.skill_id where s1_0.employee_id=?
2025-10-26T12:22:28.961+09:00 DEBUG 19468 --- [Shift Scheduler Demo] [           main] org.hibernate.SQL                        : select s1_0.employee_id,s1_1.id,s1_1.code,s1_1.created_at,s1_1.description,s1_1.name,s1_1.priority,s1_1.updated_at from employee_skills s1_0 join skills s1_1 on s1_1.id=s1_0.skill_id where s1_0.employee_id=?
Hibernate: select s1_0.employee_id,s1_1.id,s1_1.code,s1_1.created_at,s1_1.description,s1_1.name,s1_1.priority,s1_1.updated_at from employee_skills s1_0 join skills s1_1 on s1_1.id=s1_0.skill_id where s1_0.employee_id=?
2025-10-26T12:22:28.961+09:00 DEBUG 19468 --- [Shift Scheduler Demo] [           main] org.hibernate.SQL                        : select s1_0.employee_id,s1_1.id,s1_1.code,s1_1.created_at,s1_1.description,s1_1.name,s1_1.priority,s1_1.updated_at from employee_skills s1_0 join skills s1_1 on s1_1.id=s1_0.skill_id where s1_0.employee_id=?
Hibernate: select s1_0.employee_id,s1_1.id,s1_1.code,s1_1.created_at,s1_1.description,s1_1.name,s1_1.priority,s1_1.updated_at from employee_skills s1_0 join skills s1_1 on s1_1.id=s1_0.skill_id where s1_0.employee_id=?
2025-10-26T12:22:28.961+09:00 DEBUG 19468 --- [Shift Scheduler Demo] [           main] org.hibernate.SQL                        : select s1_0.employee_id,s1_1.id,s1_1.code,s1_1.created_at,s1_1.description,s1_1.name,s1_1.priority,s1_1.updated_at from employee_skills s1_0 join skills s1_1 on s1_1.id=s1_0.skill_id where s1_0.employee_id=?
Hibernate: select s1_0.employee_id,s1_1.id,s1_1.code,s1_1.created_at,s1_1.description,s1_1.name,s1_1.priority,s1_1.updated_at from employee_skills s1_0 join skills s1_1 on s1_1.id=s1_0.skill_id where s1_0.employee_id=?
2025-10-26T12:22:28.963+09:00 DEBUG 19468 --- [Shift Scheduler Demo] [           main] org.hibernate.SQL                        : select s1_0.employee_id,s1_1.id,s1_1.code,s1_1.created_at,s1_1.description,s1_1.name,s1_1.priority,s1_1.updated_at from employee_skills s1_0 join skills s1_1 on s1_1.id=s1_0.skill_id where s1_0.employee_id=?
Hibernate: select s1_0.employee_id,s1_1.id,s1_1.code,s1_1.created_at,s1_1.description,s1_1.name,s1_1.priority,s1_1.updated_at from employee_skills s1_0 join skills s1_1 on s1_1.id=s1_0.skill_id where s1_0.employee_id=?
2025-10-26T12:22:28.963+09:00 DEBUG 19468 --- [Shift Scheduler Demo] [           main] org.hibernate.SQL                        : select s1_0.employee_id,s1_1.id,s1_1.code,s1_1.created_at,s1_1.description,s1_1.name,s1_1.priority,s1_1.updated_at from employee_skills s1_0 join skills s1_1 on s1_1.id=s1_0.skill_id where s1_0.employee_id=?
Hibernate: select s1_0.employee_id,s1_1.id,s1_1.code,s1_1.created_at,s1_1.description,s1_1.name,s1_1.priority,s1_1.updated_at from employee_skills s1_0 join skills s1_1 on s1_1.id=s1_0.skill_id where s1_0.employee_id=?
2025-10-26T12:22:28.963+09:00 DEBUG 19468 --- [Shift Scheduler Demo] [           main] org.hibernate.SQL                        : select s1_0.employee_id,s1_1.id,s1_1.code,s1_1.created_at,s1_1.description,s1_1.name,s1_1.priority,s1_1.updated_at from employee_skills s1_0 join skills s1_1 on s1_1.id=s1_0.skill_id where s1_0.employee_id=?
Hibernate: select s1_0.employee_id,s1_1.id,s1_1.code,s1_1.created_at,s1_1.description,s1_1.name,s1_1.priority,s1_1.updated_at from employee_skills s1_0 join skills s1_1 on s1_1.id=s1_0.skill_id where s1_0.employee_id=?
2025-10-26T12:22:28.963+09:00 DEBUG 19468 --- [Shift Scheduler Demo] [           main] org.hibernate.SQL                        : select s1_0.employee_id,s1_1.id,s1_1.code,s1_1.created_at,s1_1.description,s1_1.name,s1_1.priority,s1_1.updated_at from employee_skills s1_0 join skills s1_1 on s1_1.id=s1_0.skill_id where s1_0.employee_id=?
Hibernate: select s1_0.employee_id,s1_1.id,s1_1.code,s1_1.created_at,s1_1.description,s1_1.name,s1_1.priority,s1_1.updated_at from employee_skills s1_0 join skills s1_1 on s1_1.id=s1_0.skill_id where s1_0.employee_id=?
2025-10-26T12:22:28.965+09:00 DEBUG 19468 --- [Shift Scheduler Demo] [           main] org.hibernate.SQL                        : select s1_0.employee_id,s1_1.id,s1_1.code,s1_1.created_at,s1_1.description,s1_1.name,s1_1.priority,s1_1.updated_at from employee_skills s1_0 join skills s1_1 on s1_1.id=s1_0.skill_id where s1_0.employee_id=?
Hibernate: select s1_0.employee_id,s1_1.id,s1_1.code,s1_1.created_at,s1_1.description,s1_1.name,s1_1.priority,s1_1.updated_at from employee_skills s1_0 join skills s1_1 on s1_1.id=s1_0.skill_id where s1_0.employee_id=?
2025-10-26T12:22:28.966+09:00 DEBUG 19468 --- [Shift Scheduler Demo] [           main] org.hibernate.SQL                        : select s1_0.employee_id,s1_1.id,s1_1.code,s1_1.created_at,s1_1.description,s1_1.name,s1_1.priority,s1_1.updated_at from employee_skills s1_0 join skills s1_1 on s1_1.id=s1_0.skill_id where s1_0.employee_id=?
Hibernate: select s1_0.employee_id,s1_1.id,s1_1.code,s1_1.created_at,s1_1.description,s1_1.name,s1_1.priority,s1_1.updated_at from employee_skills s1_0 join skills s1_1 on s1_1.id=s1_0.skill_id where s1_0.employee_id=?
2025-10-26T12:22:28.966+09:00 DEBUG 19468 --- [Shift Scheduler Demo] [           main] org.hibernate.SQL                        : select s1_0.employee_id,s1_1.id,s1_1.code,s1_1.created_at,s1_1.description,s1_1.name,s1_1.priority,s1_1.updated_at from employee_skills s1_0 join skills s1_1 on s1_1.id=s1_0.skill_id where s1_0.employee_id=?
Hibernate: select s1_0.employee_id,s1_1.id,s1_1.code,s1_1.created_at,s1_1.description,s1_1.name,s1_1.priority,s1_1.updated_at from employee_skills s1_0 join skills s1_1 on s1_1.id=s1_0.skill_id where s1_0.employee_id=?
2025-10-26T12:22:28.966+09:00 DEBUG 19468 --- [Shift Scheduler Demo] [           main] org.hibernate.SQL                        : select s1_0.employee_id,s1_1.id,s1_1.code,s1_1.created_at,s1_1.description,s1_1.name,s1_1.priority,s1_1.updated_at from employee_skills s1_0 join skills s1_1 on s1_1.id=s1_0.skill_id where s1_0.employee_id=?
Hibernate: select s1_0.employee_id,s1_1.id,s1_1.code,s1_1.created_at,s1_1.description,s1_1.name,s1_1.priority,s1_1.updated_at from employee_skills s1_0 join skills s1_1 on s1_1.id=s1_0.skill_id where s1_0.employee_id=?
2025-10-26T12:22:28.973+09:00 DEBUG 19468 --- [Shift Scheduler Demo] [           main] org.hibernate.SQL                        : select er1_0.id,er1_0.allow_holiday_work,er1_0.allow_multiple_shifts_per_day,er1_0.daily_max_hours,er1_0.employee_id,er1_0.max_consecutive_days,er1_0.min_rest_hours,er1_0.weekly_max_hours from employee_rules er1_0 left join employees e1_0 on e1_0.id=er1_0.employee_id where e1_0.id=?
Hibernate: select er1_0.id,er1_0.allow_holiday_work,er1_0.allow_multiple_shifts_per_day,er1_0.daily_max_hours,er1_0.employee_id,er1_0.max_consecutive_days,er1_0.min_rest_hours,er1_0.weekly_max_hours from employee_rules er1_0 left join employees e1_0 on e1_0.id=er1_0.employee_id where e1_0.id=?
2025-10-26T12:22:28.983+09:00 DEBUG 19468 --- [Shift Scheduler Demo] [           main] org.hibernate.SQL                        : select er1_0.id,er1_0.allow_holiday_work,er1_0.allow_multiple_shifts_per_day,er1_0.daily_max_hours,er1_0.employee_id,er1_0.max_consecutive_days,er1_0.min_rest_hours,er1_0.weekly_max_hours from employee_rules er1_0 left join employees e1_0 on e1_0.id=er1_0.employee_id where e1_0.id=?
Hibernate: select er1_0.id,er1_0.allow_holiday_work,er1_0.allow_multiple_shifts_per_day,er1_0.daily_max_hours,er1_0.employee_id,er1_0.max_consecutive_days,er1_0.min_rest_hours,er1_0.weekly_max_hours from employee_rules er1_0 left join employees e1_0 on e1_0.id=er1_0.employee_id where e1_0.id=?
2025-10-26T12:22:28.989+09:00 DEBUG 19468 --- [Shift Scheduler Demo] [           main] org.hibernate.SQL                        : select er1_0.id,er1_0.allow_holiday_work,er1_0.allow_multiple_shifts_per_day,er1_0.daily_max_hours,er1_0.employee_id,er1_0.max_consecutive_days,er1_0.min_rest_hours,er1_0.weekly_max_hours from employee_rules er1_0 left join employees e1_0 on e1_0.id=er1_0.employee_id where e1_0.id=?
Hibernate: select er1_0.id,er1_0.allow_holiday_work,er1_0.allow_multiple_shifts_per_day,er1_0.daily_max_hours,er1_0.employee_id,er1_0.max_consecutive_days,er1_0.min_rest_hours,er1_0.weekly_max_hours from employee_rules er1_0 left join employees e1_0 on e1_0.id=er1_0.employee_id where e1_0.id=?
2025-10-26T12:22:28.992+09:00 DEBUG 19468 --- [Shift Scheduler Demo] [           main] org.hibernate.SQL                        : select er1_0.id,er1_0.allow_holiday_work,er1_0.allow_multiple_shifts_per_day,er1_0.daily_max_hours,er1_0.employee_id,er1_0.max_consecutive_days,er1_0.min_rest_hours,er1_0.weekly_max_hours from employee_rules er1_0 left join employees e1_0 on e1_0.id=er1_0.employee_id where e1_0.id=?
Hibernate: select er1_0.id,er1_0.allow_holiday_work,er1_0.allow_multiple_shifts_per_day,er1_0.daily_max_hours,er1_0.employee_id,er1_0.max_consecutive_days,er1_0.min_rest_hours,er1_0.weekly_max_hours from employee_rules er1_0 left join employees e1_0 on e1_0.id=er1_0.employee_id where e1_0.id=?
2025-10-26T12:22:28.994+09:00 DEBUG 19468 --- [Shift Scheduler Demo] [           main] org.hibernate.SQL                        : select er1_0.id,er1_0.allow_holiday_work,er1_0.allow_multiple_shifts_per_day,er1_0.daily_max_hours,er1_0.employee_id,er1_0.max_consecutive_days,er1_0.min_rest_hours,er1_0.weekly_max_hours from employee_rules er1_0 left join employees e1_0 on e1_0.id=er1_0.employee_id where e1_0.id=?
Hibernate: select er1_0.id,er1_0.allow_holiday_work,er1_0.allow_multiple_shifts_per_day,er1_0.daily_max_hours,er1_0.employee_id,er1_0.max_consecutive_days,er1_0.min_rest_hours,er1_0.weekly_max_hours from employee_rules er1_0 left join employees e1_0 on e1_0.id=er1_0.employee_id where e1_0.id=?
2025-10-26T12:22:28.996+09:00 DEBUG 19468 --- [Shift Scheduler Demo] [           main] org.hibernate.SQL                        : select er1_0.id,er1_0.allow_holiday_work,er1_0.allow_multiple_shifts_per_day,er1_0.daily_max_hours,er1_0.employee_id,er1_0.max_consecutive_days,er1_0.min_rest_hours,er1_0.weekly_max_hours from employee_rules er1_0 left join employees e1_0 on e1_0.id=er1_0.employee_id where e1_0.id=?
Hibernate: select er1_0.id,er1_0.allow_holiday_work,er1_0.allow_multiple_shifts_per_day,er1_0.daily_max_hours,er1_0.employee_id,er1_0.max_consecutive_days,er1_0.min_rest_hours,er1_0.weekly_max_hours from employee_rules er1_0 left join employees e1_0 on e1_0.id=er1_0.employee_id where e1_0.id=?
2025-10-26T12:22:28.998+09:00 DEBUG 19468 --- [Shift Scheduler Demo] [           main] org.hibernate.SQL                        : select er1_0.id,er1_0.allow_holiday_work,er1_0.allow_multiple_shifts_per_day,er1_0.daily_max_hours,er1_0.employee_id,er1_0.max_consecutive_days,er1_0.min_rest_hours,er1_0.weekly_max_hours from employee_rules er1_0 left join employees e1_0 on e1_0.id=er1_0.employee_id where e1_0.id=?
Hibernate: select er1_0.id,er1_0.allow_holiday_work,er1_0.allow_multiple_shifts_per_day,er1_0.daily_max_hours,er1_0.employee_id,er1_0.max_consecutive_days,er1_0.min_rest_hours,er1_0.weekly_max_hours from employee_rules er1_0 left join employees e1_0 on e1_0.id=er1_0.employee_id where e1_0.id=?
2025-10-26T12:22:29.002+09:00 DEBUG 19468 --- [Shift Scheduler Demo] [           main] org.hibernate.SQL                        : select er1_0.id,er1_0.allow_holiday_work,er1_0.allow_multiple_shifts_per_day,er1_0.daily_max_hours,er1_0.employee_id,er1_0.max_consecutive_days,er1_0.min_rest_hours,er1_0.weekly_max_hours from employee_rules er1_0 left join employees e1_0 on e1_0.id=er1_0.employee_id where e1_0.id=?
Hibernate: select er1_0.id,er1_0.allow_holiday_work,er1_0.allow_multiple_shifts_per_day,er1_0.daily_max_hours,er1_0.employee_id,er1_0.max_consecutive_days,er1_0.min_rest_hours,er1_0.weekly_max_hours from employee_rules er1_0 left join employees e1_0 on e1_0.id=er1_0.employee_id where e1_0.id=?
2025-10-26T12:22:29.007+09:00 DEBUG 19468 --- [Shift Scheduler Demo] [           main] org.hibernate.SQL                        : select er1_0.id,er1_0.allow_holiday_work,er1_0.allow_multiple_shifts_per_day,er1_0.daily_max_hours,er1_0.employee_id,er1_0.max_consecutive_days,er1_0.min_rest_hours,er1_0.weekly_max_hours from employee_rules er1_0 left join employees e1_0 on e1_0.id=er1_0.employee_id where e1_0.id=?
Hibernate: select er1_0.id,er1_0.allow_holiday_work,er1_0.allow_multiple_shifts_per_day,er1_0.daily_max_hours,er1_0.employee_id,er1_0.max_consecutive_days,er1_0.min_rest_hours,er1_0.weekly_max_hours from employee_rules er1_0 left join employees e1_0 on e1_0.id=er1_0.employee_id where e1_0.id=?
2025-10-26T12:22:29.009+09:00 DEBUG 19468 --- [Shift Scheduler Demo] [           main] org.hibernate.SQL                        : select er1_0.id,er1_0.allow_holiday_work,er1_0.allow_multiple_shifts_per_day,er1_0.daily_max_hours,er1_0.employee_id,er1_0.max_consecutive_days,er1_0.min_rest_hours,er1_0.weekly_max_hours from employee_rules er1_0 left join employees e1_0 on e1_0.id=er1_0.employee_id where e1_0.id=?
Hibernate: select er1_0.id,er1_0.allow_holiday_work,er1_0.allow_multiple_shifts_per_day,er1_0.daily_max_hours,er1_0.employee_id,er1_0.max_consecutive_days,er1_0.min_rest_hours,er1_0.weekly_max_hours from employee_rules er1_0 left join employees e1_0 on e1_0.id=er1_0.employee_id where e1_0.id=?
2025-10-26T12:22:29.011+09:00 DEBUG 19468 --- [Shift Scheduler Demo] [           main] org.hibernate.SQL                        : select er1_0.id,er1_0.allow_holiday_work,er1_0.allow_multiple_shifts_per_day,er1_0.daily_max_hours,er1_0.employee_id,er1_0.max_consecutive_days,er1_0.min_rest_hours,er1_0.weekly_max_hours from employee_rules er1_0 left join employees e1_0 on e1_0.id=er1_0.employee_id where e1_0.id=?
Hibernate: select er1_0.id,er1_0.allow_holiday_work,er1_0.allow_multiple_shifts_per_day,er1_0.daily_max_hours,er1_0.employee_id,er1_0.max_consecutive_days,er1_0.min_rest_hours,er1_0.weekly_max_hours from employee_rules er1_0 left join employees e1_0 on e1_0.id=er1_0.employee_id where e1_0.id=?
2025-10-26T12:22:29.013+09:00 DEBUG 19468 --- [Shift Scheduler Demo] [           main] org.hibernate.SQL                        : select er1_0.id,er1_0.allow_holiday_work,er1_0.allow_multiple_shifts_per_day,er1_0.daily_max_hours,er1_0.employee_id,er1_0.max_consecutive_days,er1_0.min_rest_hours,er1_0.weekly_max_hours from employee_rules er1_0 left join employees e1_0 on e1_0.id=er1_0.employee_id where e1_0.id=?
Hibernate: select er1_0.id,er1_0.allow_holiday_work,er1_0.allow_multiple_shifts_per_day,er1_0.daily_max_hours,er1_0.employee_id,er1_0.max_consecutive_days,er1_0.min_rest_hours,er1_0.weekly_max_hours from employee_rules er1_0 left join employees e1_0 on e1_0.id=er1_0.employee_id where e1_0.id=?
2025-10-26T12:22:29.017+09:00 DEBUG 19468 --- [Shift Scheduler Demo] [           main] org.hibernate.SQL                        : select er1_0.id,er1_0.allow_holiday_work,er1_0.allow_multiple_shifts_per_day,er1_0.daily_max_hours,er1_0.employee_id,er1_0.max_consecutive_days,er1_0.min_rest_hours,er1_0.weekly_max_hours from employee_rules er1_0 left join employees e1_0 on e1_0.id=er1_0.employee_id where e1_0.id=?
Hibernate: select er1_0.id,er1_0.allow_holiday_work,er1_0.allow_multiple_shifts_per_day,er1_0.daily_max_hours,er1_0.employee_id,er1_0.max_consecutive_days,er1_0.min_rest_hours,er1_0.weekly_max_hours from employee_rules er1_0 left join employees e1_0 on e1_0.id=er1_0.employee_id where e1_0.id=?
2025-10-26T12:22:29.019+09:00 DEBUG 19468 --- [Shift Scheduler Demo] [           main] org.hibernate.SQL                        : select er1_0.id,er1_0.allow_holiday_work,er1_0.allow_multiple_shifts_per_day,er1_0.daily_max_hours,er1_0.employee_id,er1_0.max_consecutive_days,er1_0.min_rest_hours,er1_0.weekly_max_hours from employee_rules er1_0 left join employees e1_0 on e1_0.id=er1_0.employee_id where e1_0.id=?
Hibernate: select er1_0.id,er1_0.allow_holiday_work,er1_0.allow_multiple_shifts_per_day,er1_0.daily_max_hours,er1_0.employee_id,er1_0.max_consecutive_days,er1_0.min_rest_hours,er1_0.weekly_max_hours from employee_rules er1_0 left join employees e1_0 on e1_0.id=er1_0.employee_id where e1_0.id=?
2025-10-26T12:22:29.021+09:00 DEBUG 19468 --- [Shift Scheduler Demo] [           main] org.hibernate.SQL                        : select er1_0.id,er1_0.allow_holiday_work,er1_0.allow_multiple_shifts_per_day,er1_0.daily_max_hours,er1_0.employee_id,er1_0.max_consecutive_days,er1_0.min_rest_hours,er1_0.weekly_max_hours from employee_rules er1_0 left join employees e1_0 on e1_0.id=er1_0.employee_id where e1_0.id=?
Hibernate: select er1_0.id,er1_0.allow_holiday_work,er1_0.allow_multiple_shifts_per_day,er1_0.daily_max_hours,er1_0.employee_id,er1_0.max_consecutive_days,er1_0.min_rest_hours,er1_0.weekly_max_hours from employee_rules er1_0 left join employees e1_0 on e1_0.id=er1_0.employee_id where e1_0.id=?
2025-10-26T12:22:29.021+09:00 DEBUG 19468 --- [Shift Scheduler Demo] [           main] org.hibernate.SQL                        : select er1_0.id,er1_0.allow_holiday_work,er1_0.allow_multiple_shifts_per_day,er1_0.daily_max_hours,er1_0.employee_id,er1_0.max_consecutive_days,er1_0.min_rest_hours,er1_0.weekly_max_hours from employee_rules er1_0 left join employees e1_0 on e1_0.id=er1_0.employee_id where e1_0.id=?
Hibernate: select er1_0.id,er1_0.allow_holiday_work,er1_0.allow_multiple_shifts_per_day,er1_0.daily_max_hours,er1_0.employee_id,er1_0.max_consecutive_days,er1_0.min_rest_hours,er1_0.weekly_max_hours from employee_rules er1_0 left join employees e1_0 on e1_0.id=er1_0.employee_id where e1_0.id=?
2025-10-26T12:22:29.021+09:00 DEBUG 19468 --- [Shift Scheduler Demo] [           main] org.hibernate.SQL                        : select er1_0.id,er1_0.allow_holiday_work,er1_0.allow_multiple_shifts_per_day,er1_0.daily_max_hours,er1_0.employee_id,er1_0.max_consecutive_days,er1_0.min_rest_hours,er1_0.weekly_max_hours from employee_rules er1_0 left join employees e1_0 on e1_0.id=er1_0.employee_id where e1_0.id=?
Hibernate: select er1_0.id,er1_0.allow_holiday_work,er1_0.allow_multiple_shifts_per_day,er1_0.daily_max_hours,er1_0.employee_id,er1_0.max_consecutive_days,er1_0.min_rest_hours,er1_0.weekly_max_hours from employee_rules er1_0 left join employees e1_0 on e1_0.id=er1_0.employee_id where e1_0.id=?
2025-10-26T12:22:29.021+09:00 DEBUG 19468 --- [Shift Scheduler Demo] [           main] org.hibernate.SQL                        : select er1_0.id,er1_0.allow_holiday_work,er1_0.allow_multiple_shifts_per_day,er1_0.daily_max_hours,er1_0.employee_id,er1_0.max_consecutive_days,er1_0.min_rest_hours,er1_0.weekly_max_hours from employee_rules er1_0 left join employees e1_0 on e1_0.id=er1_0.employee_id where e1_0.id=?
Hibernate: select er1_0.id,er1_0.allow_holiday_work,er1_0.allow_multiple_shifts_per_day,er1_0.daily_max_hours,er1_0.employee_id,er1_0.max_consecutive_days,er1_0.min_rest_hours,er1_0.weekly_max_hours from employee_rules er1_0 left join employees e1_0 on e1_0.id=er1_0.employee_id where e1_0.id=?
2025-10-26T12:22:29.021+09:00 DEBUG 19468 --- [Shift Scheduler Demo] [           main] org.hibernate.SQL                        : select er1_0.id,er1_0.allow_holiday_work,er1_0.allow_multiple_shifts_per_day,er1_0.daily_max_hours,er1_0.employee_id,er1_0.max_consecutive_days,er1_0.min_rest_hours,er1_0.weekly_max_hours from employee_rules er1_0 left join employees e1_0 on e1_0.id=er1_0.employee_id where e1_0.id=?
Hibernate: select er1_0.id,er1_0.allow_holiday_work,er1_0.allow_multiple_shifts_per_day,er1_0.daily_max_hours,er1_0.employee_id,er1_0.max_consecutive_days,er1_0.min_rest_hours,er1_0.weekly_max_hours from employee_rules er1_0 left join employees e1_0 on e1_0.id=er1_0.employee_id where e1_0.id=?
2025-10-26T12:22:29.036+09:00 DEBUG 19468 --- [Shift Scheduler Demo] [           main] org.hibernate.SQL                        : select er1_0.id,er1_0.allow_holiday_work,er1_0.allow_multiple_shifts_per_day,er1_0.daily_max_hours,er1_0.employee_id,er1_0.max_consecutive_days,er1_0.min_rest_hours,er1_0.weekly_max_hours from employee_rules er1_0 left join employees e1_0 on e1_0.id=er1_0.employee_id where e1_0.id=?
Hibernate: select er1_0.id,er1_0.allow_holiday_work,er1_0.allow_multiple_shifts_per_day,er1_0.daily_max_hours,er1_0.employee_id,er1_0.max_consecutive_days,er1_0.min_rest_hours,er1_0.weekly_max_hours from employee_rules er1_0 left join employees e1_0 on e1_0.id=er1_0.employee_id where e1_0.id=?
2025-10-26T12:22:29.040+09:00 DEBUG 19468 --- [Shift Scheduler Demo] [           main] org.hibernate.SQL                        : select er1_0.id,er1_0.allow_holiday_work,er1_0.allow_multiple_shifts_per_day,er1_0.daily_max_hours,er1_0.employee_id,er1_0.max_consecutive_days,er1_0.min_rest_hours,er1_0.weekly_max_hours from employee_rules er1_0 left join employees e1_0 on e1_0.id=er1_0.employee_id where e1_0.id=?
Hibernate: select er1_0.id,er1_0.allow_holiday_work,er1_0.allow_multiple_shifts_per_day,er1_0.daily_max_hours,er1_0.employee_id,er1_0.max_consecutive_days,er1_0.min_rest_hours,er1_0.weekly_max_hours from employee_rules er1_0 left join employees e1_0 on e1_0.id=er1_0.employee_id where e1_0.id=?
2025-10-26T12:22:29.043+09:00 DEBUG 19468 --- [Shift Scheduler Demo] [           main] org.hibernate.SQL                        : select er1_0.id,er1_0.allow_holiday_work,er1_0.allow_multiple_shifts_per_day,er1_0.daily_max_hours,er1_0.employee_id,er1_0.max_consecutive_days,er1_0.min_rest_hours,er1_0.weekly_max_hours from employee_rules er1_0 left join employees e1_0 on e1_0.id=er1_0.employee_id where e1_0.id=?
Hibernate: select er1_0.id,er1_0.allow_holiday_work,er1_0.allow_multiple_shifts_per_day,er1_0.daily_max_hours,er1_0.employee_id,er1_0.max_consecutive_days,er1_0.min_rest_hours,er1_0.weekly_max_hours from employee_rules er1_0 left join employees e1_0 on e1_0.id=er1_0.employee_id where e1_0.id=?
2025-10-26T12:22:29.046+09:00 DEBUG 19468 --- [Shift Scheduler Demo] [           main] org.hibernate.SQL                        : select er1_0.id,er1_0.allow_holiday_work,er1_0.allow_multiple_shifts_per_day,er1_0.daily_max_hours,er1_0.employee_id,er1_0.max_consecutive_days,er1_0.min_rest_hours,er1_0.weekly_max_hours from employee_rules er1_0 left join employees e1_0 on e1_0.id=er1_0.employee_id where e1_0.id=?
Hibernate: select er1_0.id,er1_0.allow_holiday_work,er1_0.allow_multiple_shifts_per_day,er1_0.daily_max_hours,er1_0.employee_id,er1_0.max_consecutive_days,er1_0.min_rest_hours,er1_0.weekly_max_hours from employee_rules er1_0 left join employees e1_0 on e1_0.id=er1_0.employee_id where e1_0.id=?
2025-10-26T12:22:29.048+09:00 DEBUG 19468 --- [Shift Scheduler Demo] [           main] org.hibernate.SQL                        : select er1_0.id,er1_0.allow_holiday_work,er1_0.allow_multiple_shifts_per_day,er1_0.daily_max_hours,er1_0.employee_id,er1_0.max_consecutive_days,er1_0.min_rest_hours,er1_0.weekly_max_hours from employee_rules er1_0 left join employees e1_0 on e1_0.id=er1_0.employee_id where e1_0.id=?
Hibernate: select er1_0.id,er1_0.allow_holiday_work,er1_0.allow_multiple_shifts_per_day,er1_0.daily_max_hours,er1_0.employee_id,er1_0.max_consecutive_days,er1_0.min_rest_hours,er1_0.weekly_max_hours from employee_rules er1_0 left join employees e1_0 on e1_0.id=er1_0.employee_id where e1_0.id=?
2025-10-26T12:22:29.050+09:00 DEBUG 19468 --- [Shift Scheduler Demo] [           main] org.hibernate.SQL                        : select er1_0.id,er1_0.allow_holiday_work,er1_0.allow_multiple_shifts_per_day,er1_0.daily_max_hours,er1_0.employee_id,er1_0.max_consecutive_days,er1_0.min_rest_hours,er1_0.weekly_max_hours from employee_rules er1_0 left join employees e1_0 on e1_0.id=er1_0.employee_id where e1_0.id=?
Hibernate: select er1_0.id,er1_0.allow_holiday_work,er1_0.allow_multiple_shifts_per_day,er1_0.daily_max_hours,er1_0.employee_id,er1_0.max_consecutive_days,er1_0.min_rest_hours,er1_0.weekly_max_hours from employee_rules er1_0 left join employees e1_0 on e1_0.id=er1_0.employee_id where e1_0.id=?
2025-10-26T12:22:29.053+09:00 DEBUG 19468 --- [Shift Scheduler Demo] [           main] org.hibernate.SQL                        : select er1_0.id,er1_0.allow_holiday_work,er1_0.allow_multiple_shifts_per_day,er1_0.daily_max_hours,er1_0.employee_id,er1_0.max_consecutive_days,er1_0.min_rest_hours,er1_0.weekly_max_hours from employee_rules er1_0 left join employees e1_0 on e1_0.id=er1_0.employee_id where e1_0.id=?
Hibernate: select er1_0.id,er1_0.allow_holiday_work,er1_0.allow_multiple_shifts_per_day,er1_0.daily_max_hours,er1_0.employee_id,er1_0.max_consecutive_days,er1_0.min_rest_hours,er1_0.weekly_max_hours from employee_rules er1_0 left join employees e1_0 on e1_0.id=er1_0.employee_id where e1_0.id=?
2025-10-26T12:22:29.053+09:00 DEBUG 19468 --- [Shift Scheduler Demo] [           main] org.hibernate.SQL                        : select er1_0.id,er1_0.allow_holiday_work,er1_0.allow_multiple_shifts_per_day,er1_0.daily_max_hours,er1_0.employee_id,er1_0.max_consecutive_days,er1_0.min_rest_hours,er1_0.weekly_max_hours from employee_rules er1_0 left join employees e1_0 on e1_0.id=er1_0.employee_id where e1_0.id=?
Hibernate: select er1_0.id,er1_0.allow_holiday_work,er1_0.allow_multiple_shifts_per_day,er1_0.daily_max_hours,er1_0.employee_id,er1_0.max_consecutive_days,er1_0.min_rest_hours,er1_0.weekly_max_hours from employee_rules er1_0 left join employees e1_0 on e1_0.id=er1_0.employee_id where e1_0.id=?
2025-10-26T12:22:29.061+09:00 DEBUG 19468 --- [Shift Scheduler Demo] [           main] org.hibernate.SQL                        : select er1_0.id,er1_0.allow_holiday_work,er1_0.allow_multiple_shifts_per_day,er1_0.daily_max_hours,er1_0.employee_id,er1_0.max_consecutive_days,er1_0.min_rest_hours,er1_0.weekly_max_hours from employee_rules er1_0 left join employees e1_0 on e1_0.id=er1_0.employee_id where e1_0.id=?
Hibernate: select er1_0.id,er1_0.allow_holiday_work,er1_0.allow_multiple_shifts_per_day,er1_0.daily_max_hours,er1_0.employee_id,er1_0.max_consecutive_days,er1_0.min_rest_hours,er1_0.weekly_max_hours from employee_rules er1_0 left join employees e1_0 on e1_0.id=er1_0.employee_id where e1_0.id=?
2025-10-26T12:22:29.066+09:00 DEBUG 19468 --- [Shift Scheduler Demo] [           main] org.hibernate.SQL                        : select er1_0.id,er1_0.allow_holiday_work,er1_0.allow_multiple_shifts_per_day,er1_0.daily_max_hours,er1_0.employee_id,er1_0.max_consecutive_days,er1_0.min_rest_hours,er1_0.weekly_max_hours from employee_rules er1_0 left join employees e1_0 on e1_0.id=er1_0.employee_id where e1_0.id=?
Hibernate: select er1_0.id,er1_0.allow_holiday_work,er1_0.allow_multiple_shifts_per_day,er1_0.daily_max_hours,er1_0.employee_id,er1_0.max_consecutive_days,er1_0.min_rest_hours,er1_0.weekly_max_hours from employee_rules er1_0 left join employees e1_0 on e1_0.id=er1_0.employee_id where e1_0.id=?
2025-10-26T12:22:29.078+09:00 DEBUG 19468 --- [Shift Scheduler Demo] [           main] org.hibernate.SQL                        : select er1_0.id,er1_0.allow_holiday_work,er1_0.allow_multiple_shifts_per_day,er1_0.daily_max_hours,er1_0.employee_id,er1_0.max_consecutive_days,er1_0.min_rest_hours,er1_0.weekly_max_hours from employee_rules er1_0 left join employees e1_0 on e1_0.id=er1_0.employee_id where e1_0.id=?
Hibernate: select er1_0.id,er1_0.allow_holiday_work,er1_0.allow_multiple_shifts_per_day,er1_0.daily_max_hours,er1_0.employee_id,er1_0.max_consecutive_days,er1_0.min_rest_hours,er1_0.weekly_max_hours from employee_rules er1_0 left join employees e1_0 on e1_0.id=er1_0.employee_id where e1_0.id=?
2025-10-26T12:22:29.090+09:00 DEBUG 19468 --- [Shift Scheduler Demo] [           main] org.hibernate.SQL                        : select er1_0.id,er1_0.allow_holiday_work,er1_0.allow_multiple_shifts_per_day,er1_0.daily_max_hours,er1_0.employee_id,er1_0.max_consecutive_days,er1_0.min_rest_hours,er1_0.weekly_max_hours from employee_rules er1_0
Hibernate: select er1_0.id,er1_0.allow_holiday_work,er1_0.allow_multiple_shifts_per_day,er1_0.daily_max_hours,er1_0.employee_id,er1_0.max_consecutive_days,er1_0.min_rest_hours,er1_0.weekly_max_hours from employee_rules er1_0
2025-10-26T12:22:29.100+09:00 DEBUG 19468 --- [Shift Scheduler Demo] [           main] org.hibernate.SQL                        : select count(*) from employees e1_0
Hibernate: select count(*) from employees e1_0
2025-10-26T12:22:29.103+09:00 DEBUG 19468 --- [Shift Scheduler Demo] [           main] org.hibernate.SQL                        : select e1_0.id,e1_0.created_at,e1_0.name,e1_0.role from employees e1_0
Hibernate: select e1_0.id,e1_0.created_at,e1_0.name,e1_0.role from employees e1_0
2025-10-26T12:22:29.108+09:00 DEBUG 19468 --- [Shift Scheduler Demo] [           main] org.hibernate.SQL                        : select s1_0.employee_id,s1_1.id,s1_1.code,s1_1.created_at,s1_1.description,s1_1.name,s1_1.priority,s1_1.updated_at from employee_skills s1_0 join skills s1_1 on s1_1.id=s1_0.skill_id where s1_0.employee_id=?
Hibernate: select s1_0.employee_id,s1_1.id,s1_1.code,s1_1.created_at,s1_1.description,s1_1.name,s1_1.priority,s1_1.updated_at from employee_skills s1_0 join skills s1_1 on s1_1.id=s1_0.skill_id where s1_0.employee_id=?
2025-10-26T12:22:29.109+09:00 DEBUG 19468 --- [Shift Scheduler Demo] [           main] org.hibernate.SQL                        : select s1_0.employee_id,s1_1.id,s1_1.code,s1_1.created_at,s1_1.description,s1_1.name,s1_1.priority,s1_1.updated_at from employee_skills s1_0 join skills s1_1 on s1_1.id=s1_0.skill_id where s1_0.employee_id=?
Hibernate: select s1_0.employee_id,s1_1.id,s1_1.code,s1_1.created_at,s1_1.description,s1_1.name,s1_1.priority,s1_1.updated_at from employee_skills s1_0 join skills s1_1 on s1_1.id=s1_0.skill_id where s1_0.employee_id=?
2025-10-26T12:22:29.110+09:00 DEBUG 19468 --- [Shift Scheduler Demo] [           main] org.hibernate.SQL                        : select s1_0.employee_id,s1_1.id,s1_1.code,s1_1.created_at,s1_1.description,s1_1.name,s1_1.priority,s1_1.updated_at from employee_skills s1_0 join skills s1_1 on s1_1.id=s1_0.skill_id where s1_0.employee_id=?
Hibernate: select s1_0.employee_id,s1_1.id,s1_1.code,s1_1.created_at,s1_1.description,s1_1.name,s1_1.priority,s1_1.updated_at from employee_skills s1_0 join skills s1_1 on s1_1.id=s1_0.skill_id where s1_0.employee_id=?
2025-10-26T12:22:29.111+09:00 DEBUG 19468 --- [Shift Scheduler Demo] [           main] org.hibernate.SQL                        : select s1_0.employee_id,s1_1.id,s1_1.code,s1_1.created_at,s1_1.description,s1_1.name,s1_1.priority,s1_1.updated_at from employee_skills s1_0 join skills s1_1 on s1_1.id=s1_0.skill_id where s1_0.employee_id=?
Hibernate: select s1_0.employee_id,s1_1.id,s1_1.code,s1_1.created_at,s1_1.description,s1_1.name,s1_1.priority,s1_1.updated_at from employee_skills s1_0 join skills s1_1 on s1_1.id=s1_0.skill_id where s1_0.employee_id=?
2025-10-26T12:22:29.111+09:00 DEBUG 19468 --- [Shift Scheduler Demo] [           main] org.hibernate.SQL                        : select s1_0.employee_id,s1_1.id,s1_1.code,s1_1.created_at,s1_1.description,s1_1.name,s1_1.priority,s1_1.updated_at from employee_skills s1_0 join skills s1_1 on s1_1.id=s1_0.skill_id where s1_0.employee_id=?
Hibernate: select s1_0.employee_id,s1_1.id,s1_1.code,s1_1.created_at,s1_1.description,s1_1.name,s1_1.priority,s1_1.updated_at from employee_skills s1_0 join skills s1_1 on s1_1.id=s1_0.skill_id where s1_0.employee_id=?
2025-10-26T12:22:29.112+09:00 DEBUG 19468 --- [Shift Scheduler Demo] [           main] org.hibernate.SQL                        : select s1_0.employee_id,s1_1.id,s1_1.code,s1_1.created_at,s1_1.description,s1_1.name,s1_1.priority,s1_1.updated_at from employee_skills s1_0 join skills s1_1 on s1_1.id=s1_0.skill_id where s1_0.employee_id=?
Hibernate: select s1_0.employee_id,s1_1.id,s1_1.code,s1_1.created_at,s1_1.description,s1_1.name,s1_1.priority,s1_1.updated_at from employee_skills s1_0 join skills s1_1 on s1_1.id=s1_0.skill_id where s1_0.employee_id=?
2025-10-26T12:22:29.112+09:00 DEBUG 19468 --- [Shift Scheduler Demo] [           main] org.hibernate.SQL                        : select s1_0.employee_id,s1_1.id,s1_1.code,s1_1.created_at,s1_1.description,s1_1.name,s1_1.priority,s1_1.updated_at from employee_skills s1_0 join skills s1_1 on s1_1.id=s1_0.skill_id where s1_0.employee_id=?
Hibernate: select s1_0.employee_id,s1_1.id,s1_1.code,s1_1.created_at,s1_1.description,s1_1.name,s1_1.priority,s1_1.updated_at from employee_skills s1_0 join skills s1_1 on s1_1.id=s1_0.skill_id where s1_0.employee_id=?
2025-10-26T12:22:29.112+09:00 DEBUG 19468 --- [Shift Scheduler Demo] [           main] org.hibernate.SQL                        : select s1_0.employee_id,s1_1.id,s1_1.code,s1_1.created_at,s1_1.description,s1_1.name,s1_1.priority,s1_1.updated_at from employee_skills s1_0 join skills s1_1 on s1_1.id=s1_0.skill_id where s1_0.employee_id=?
Hibernate: select s1_0.employee_id,s1_1.id,s1_1.code,s1_1.created_at,s1_1.description,s1_1.name,s1_1.priority,s1_1.updated_at from employee_skills s1_0 join skills s1_1 on s1_1.id=s1_0.skill_id where s1_0.employee_id=?
2025-10-26T12:22:29.112+09:00 DEBUG 19468 --- [Shift Scheduler Demo] [           main] org.hibernate.SQL                        : select s1_0.employee_id,s1_1.id,s1_1.code,s1_1.created_at,s1_1.description,s1_1.name,s1_1.priority,s1_1.updated_at from employee_skills s1_0 join skills s1_1 on s1_1.id=s1_0.skill_id where s1_0.employee_id=?
Hibernate: select s1_0.employee_id,s1_1.id,s1_1.code,s1_1.created_at,s1_1.description,s1_1.name,s1_1.priority,s1_1.updated_at from employee_skills s1_0 join skills s1_1 on s1_1.id=s1_0.skill_id where s1_0.employee_id=?
2025-10-26T12:22:29.112+09:00 DEBUG 19468 --- [Shift Scheduler Demo] [           main] org.hibernate.SQL                        : select s1_0.employee_id,s1_1.id,s1_1.code,s1_1.created_at,s1_1.description,s1_1.name,s1_1.priority,s1_1.updated_at from employee_skills s1_0 join skills s1_1 on s1_1.id=s1_0.skill_id where s1_0.employee_id=?
Hibernate: select s1_0.employee_id,s1_1.id,s1_1.code,s1_1.created_at,s1_1.description,s1_1.name,s1_1.priority,s1_1.updated_at from employee_skills s1_0 join skills s1_1 on s1_1.id=s1_0.skill_id where s1_0.employee_id=?
2025-10-26T12:22:29.112+09:00 DEBUG 19468 --- [Shift Scheduler Demo] [           main] org.hibernate.SQL                        : select s1_0.employee_id,s1_1.id,s1_1.code,s1_1.created_at,s1_1.description,s1_1.name,s1_1.priority,s1_1.updated_at from employee_skills s1_0 join skills s1_1 on s1_1.id=s1_0.skill_id where s1_0.employee_id=?
Hibernate: select s1_0.employee_id,s1_1.id,s1_1.code,s1_1.created_at,s1_1.description,s1_1.name,s1_1.priority,s1_1.updated_at from employee_skills s1_0 join skills s1_1 on s1_1.id=s1_0.skill_id where s1_0.employee_id=?
2025-10-26T12:22:29.112+09:00 DEBUG 19468 --- [Shift Scheduler Demo] [           main] org.hibernate.SQL                        : select s1_0.employee_id,s1_1.id,s1_1.code,s1_1.created_at,s1_1.description,s1_1.name,s1_1.priority,s1_1.updated_at from employee_skills s1_0 join skills s1_1 on s1_1.id=s1_0.skill_id where s1_0.employee_id=?
Hibernate: select s1_0.employee_id,s1_1.id,s1_1.code,s1_1.created_at,s1_1.description,s1_1.name,s1_1.priority,s1_1.updated_at from employee_skills s1_0 join skills s1_1 on s1_1.id=s1_0.skill_id where s1_0.employee_id=?
2025-10-26T12:22:29.112+09:00 DEBUG 19468 --- [Shift Scheduler Demo] [           main] org.hibernate.SQL                        : select s1_0.employee_id,s1_1.id,s1_1.code,s1_1.created_at,s1_1.description,s1_1.name,s1_1.priority,s1_1.updated_at from employee_skills s1_0 join skills s1_1 on s1_1.id=s1_0.skill_id where s1_0.employee_id=?
Hibernate: select s1_0.employee_id,s1_1.id,s1_1.code,s1_1.created_at,s1_1.description,s1_1.name,s1_1.priority,s1_1.updated_at from employee_skills s1_0 join skills s1_1 on s1_1.id=s1_0.skill_id where s1_0.employee_id=?
2025-10-26T12:22:29.112+09:00 DEBUG 19468 --- [Shift Scheduler Demo] [           main] org.hibernate.SQL                        : select s1_0.employee_id,s1_1.id,s1_1.code,s1_1.created_at,s1_1.description,s1_1.name,s1_1.priority,s1_1.updated_at from employee_skills s1_0 join skills s1_1 on s1_1.id=s1_0.skill_id where s1_0.employee_id=?
Hibernate: select s1_0.employee_id,s1_1.id,s1_1.code,s1_1.created_at,s1_1.description,s1_1.name,s1_1.priority,s1_1.updated_at from employee_skills s1_0 join skills s1_1 on s1_1.id=s1_0.skill_id where s1_0.employee_id=?
2025-10-26T12:22:29.112+09:00 DEBUG 19468 --- [Shift Scheduler Demo] [           main] org.hibernate.SQL                        : select s1_0.employee_id,s1_1.id,s1_1.code,s1_1.created_at,s1_1.description,s1_1.name,s1_1.priority,s1_1.updated_at from employee_skills s1_0 join skills s1_1 on s1_1.id=s1_0.skill_id where s1_0.employee_id=?
Hibernate: select s1_0.employee_id,s1_1.id,s1_1.code,s1_1.created_at,s1_1.description,s1_1.name,s1_1.priority,s1_1.updated_at from employee_skills s1_0 join skills s1_1 on s1_1.id=s1_0.skill_id where s1_0.employee_id=?
2025-10-26T12:22:29.112+09:00 DEBUG 19468 --- [Shift Scheduler Demo] [           main] org.hibernate.SQL                        : select s1_0.employee_id,s1_1.id,s1_1.code,s1_1.created_at,s1_1.description,s1_1.name,s1_1.priority,s1_1.updated_at from employee_skills s1_0 join skills s1_1 on s1_1.id=s1_0.skill_id where s1_0.employee_id=?
Hibernate: select s1_0.employee_id,s1_1.id,s1_1.code,s1_1.created_at,s1_1.description,s1_1.name,s1_1.priority,s1_1.updated_at from employee_skills s1_0 join skills s1_1 on s1_1.id=s1_0.skill_id where s1_0.employee_id=?
2025-10-26T12:22:29.112+09:00 DEBUG 19468 --- [Shift Scheduler Demo] [           main] org.hibernate.SQL                        : select s1_0.employee_id,s1_1.id,s1_1.code,s1_1.created_at,s1_1.description,s1_1.name,s1_1.priority,s1_1.updated_at from employee_skills s1_0 join skills s1_1 on s1_1.id=s1_0.skill_id where s1_0.employee_id=?
Hibernate: select s1_0.employee_id,s1_1.id,s1_1.code,s1_1.created_at,s1_1.description,s1_1.name,s1_1.priority,s1_1.updated_at from employee_skills s1_0 join skills s1_1 on s1_1.id=s1_0.skill_id where s1_0.employee_id=?
2025-10-26T12:22:29.112+09:00 DEBUG 19468 --- [Shift Scheduler Demo] [           main] org.hibernate.SQL                        : select s1_0.employee_id,s1_1.id,s1_1.code,s1_1.created_at,s1_1.description,s1_1.name,s1_1.priority,s1_1.updated_at from employee_skills s1_0 join skills s1_1 on s1_1.id=s1_0.skill_id where s1_0.employee_id=?
Hibernate: select s1_0.employee_id,s1_1.id,s1_1.code,s1_1.created_at,s1_1.description,s1_1.name,s1_1.priority,s1_1.updated_at from employee_skills s1_0 join skills s1_1 on s1_1.id=s1_0.skill_id where s1_0.employee_id=?
2025-10-26T12:22:29.112+09:00 DEBUG 19468 --- [Shift Scheduler Demo] [           main] org.hibernate.SQL                        : select s1_0.employee_id,s1_1.id,s1_1.code,s1_1.created_at,s1_1.description,s1_1.name,s1_1.priority,s1_1.updated_at from employee_skills s1_0 join skills s1_1 on s1_1.id=s1_0.skill_id where s1_0.employee_id=?
Hibernate: select s1_0.employee_id,s1_1.id,s1_1.code,s1_1.created_at,s1_1.description,s1_1.name,s1_1.priority,s1_1.updated_at from employee_skills s1_0 join skills s1_1 on s1_1.id=s1_0.skill_id where s1_0.employee_id=?
2025-10-26T12:22:29.112+09:00 DEBUG 19468 --- [Shift Scheduler Demo] [           main] org.hibernate.SQL                        : select s1_0.employee_id,s1_1.id,s1_1.code,s1_1.created_at,s1_1.description,s1_1.name,s1_1.priority,s1_1.updated_at from employee_skills s1_0 join skills s1_1 on s1_1.id=s1_0.skill_id where s1_0.employee_id=?
Hibernate: select s1_0.employee_id,s1_1.id,s1_1.code,s1_1.created_at,s1_1.description,s1_1.name,s1_1.priority,s1_1.updated_at from employee_skills s1_0 join skills s1_1 on s1_1.id=s1_0.skill_id where s1_0.employee_id=?
2025-10-26T12:22:29.112+09:00 DEBUG 19468 --- [Shift Scheduler Demo] [           main] org.hibernate.SQL                        : select s1_0.employee_id,s1_1.id,s1_1.code,s1_1.created_at,s1_1.description,s1_1.name,s1_1.priority,s1_1.updated_at from employee_skills s1_0 join skills s1_1 on s1_1.id=s1_0.skill_id where s1_0.employee_id=?
Hibernate: select s1_0.employee_id,s1_1.id,s1_1.code,s1_1.created_at,s1_1.description,s1_1.name,s1_1.priority,s1_1.updated_at from employee_skills s1_0 join skills s1_1 on s1_1.id=s1_0.skill_id where s1_0.employee_id=?
2025-10-26T12:22:29.112+09:00 DEBUG 19468 --- [Shift Scheduler Demo] [           main] org.hibernate.SQL                        : select s1_0.employee_id,s1_1.id,s1_1.code,s1_1.created_at,s1_1.description,s1_1.name,s1_1.priority,s1_1.updated_at from employee_skills s1_0 join skills s1_1 on s1_1.id=s1_0.skill_id where s1_0.employee_id=?
Hibernate: select s1_0.employee_id,s1_1.id,s1_1.code,s1_1.created_at,s1_1.description,s1_1.name,s1_1.priority,s1_1.updated_at from employee_skills s1_0 join skills s1_1 on s1_1.id=s1_0.skill_id where s1_0.employee_id=?
2025-10-26T12:22:29.112+09:00 DEBUG 19468 --- [Shift Scheduler Demo] [           main] org.hibernate.SQL                        : select s1_0.employee_id,s1_1.id,s1_1.code,s1_1.created_at,s1_1.description,s1_1.name,s1_1.priority,s1_1.updated_at from employee_skills s1_0 join skills s1_1 on s1_1.id=s1_0.skill_id where s1_0.employee_id=?
Hibernate: select s1_0.employee_id,s1_1.id,s1_1.code,s1_1.created_at,s1_1.description,s1_1.name,s1_1.priority,s1_1.updated_at from employee_skills s1_0 join skills s1_1 on s1_1.id=s1_0.skill_id where s1_0.employee_id=?
2025-10-26T12:22:29.112+09:00 DEBUG 19468 --- [Shift Scheduler Demo] [           main] org.hibernate.SQL                        : select s1_0.employee_id,s1_1.id,s1_1.code,s1_1.created_at,s1_1.description,s1_1.name,s1_1.priority,s1_1.updated_at from employee_skills s1_0 join skills s1_1 on s1_1.id=s1_0.skill_id where s1_0.employee_id=?
Hibernate: select s1_0.employee_id,s1_1.id,s1_1.code,s1_1.created_at,s1_1.description,s1_1.name,s1_1.priority,s1_1.updated_at from employee_skills s1_0 join skills s1_1 on s1_1.id=s1_0.skill_id where s1_0.employee_id=?
2025-10-26T12:22:29.112+09:00 DEBUG 19468 --- [Shift Scheduler Demo] [           main] org.hibernate.SQL                        : select s1_0.employee_id,s1_1.id,s1_1.code,s1_1.created_at,s1_1.description,s1_1.name,s1_1.priority,s1_1.updated_at from employee_skills s1_0 join skills s1_1 on s1_1.id=s1_0.skill_id where s1_0.employee_id=?
Hibernate: select s1_0.employee_id,s1_1.id,s1_1.code,s1_1.created_at,s1_1.description,s1_1.name,s1_1.priority,s1_1.updated_at from employee_skills s1_0 join skills s1_1 on s1_1.id=s1_0.skill_id where s1_0.employee_id=?
2025-10-26T12:22:29.120+09:00 DEBUG 19468 --- [Shift Scheduler Demo] [           main] org.hibernate.SQL                        : select s1_0.employee_id,s1_1.id,s1_1.code,s1_1.created_at,s1_1.description,s1_1.name,s1_1.priority,s1_1.updated_at from employee_skills s1_0 join skills s1_1 on s1_1.id=s1_0.skill_id where s1_0.employee_id=?
Hibernate: select s1_0.employee_id,s1_1.id,s1_1.code,s1_1.created_at,s1_1.description,s1_1.name,s1_1.priority,s1_1.updated_at from employee_skills s1_0 join skills s1_1 on s1_1.id=s1_0.skill_id where s1_0.employee_id=?
2025-10-26T12:22:29.122+09:00 DEBUG 19468 --- [Shift Scheduler Demo] [           main] org.hibernate.SQL                        : select s1_0.employee_id,s1_1.id,s1_1.code,s1_1.created_at,s1_1.description,s1_1.name,s1_1.priority,s1_1.updated_at from employee_skills s1_0 join skills s1_1 on s1_1.id=s1_0.skill_id where s1_0.employee_id=?
Hibernate: select s1_0.employee_id,s1_1.id,s1_1.code,s1_1.created_at,s1_1.description,s1_1.name,s1_1.priority,s1_1.updated_at from employee_skills s1_0 join skills s1_1 on s1_1.id=s1_0.skill_id where s1_0.employee_id=?
2025-10-26T12:22:29.122+09:00 DEBUG 19468 --- [Shift Scheduler Demo] [           main] org.hibernate.SQL                        : select s1_0.employee_id,s1_1.id,s1_1.code,s1_1.created_at,s1_1.description,s1_1.name,s1_1.priority,s1_1.updated_at from employee_skills s1_0 join skills s1_1 on s1_1.id=s1_0.skill_id where s1_0.employee_id=?
Hibernate: select s1_0.employee_id,s1_1.id,s1_1.code,s1_1.created_at,s1_1.description,s1_1.name,s1_1.priority,s1_1.updated_at from employee_skills s1_0 join skills s1_1 on s1_1.id=s1_0.skill_id where s1_0.employee_id=?
2025-10-26T12:22:29.122+09:00 DEBUG 19468 --- [Shift Scheduler Demo] [           main] org.hibernate.SQL                        : select s1_0.employee_id,s1_1.id,s1_1.code,s1_1.created_at,s1_1.description,s1_1.name,s1_1.priority,s1_1.updated_at from employee_skills s1_0 join skills s1_1 on s1_1.id=s1_0.skill_id where s1_0.employee_id=?
Hibernate: select s1_0.employee_id,s1_1.id,s1_1.code,s1_1.created_at,s1_1.description,s1_1.name,s1_1.priority,s1_1.updated_at from employee_skills s1_0 join skills s1_1 on s1_1.id=s1_0.skill_id where s1_0.employee_id=?
2025-10-26T12:22:29.122+09:00 DEBUG 19468 --- [Shift Scheduler Demo] [           main] org.hibernate.SQL                        : select s1_0.employee_id,s1_1.id,s1_1.code,s1_1.created_at,s1_1.description,s1_1.name,s1_1.priority,s1_1.updated_at from employee_skills s1_0 join skills s1_1 on s1_1.id=s1_0.skill_id where s1_0.employee_id=?
Hibernate: select s1_0.employee_id,s1_1.id,s1_1.code,s1_1.created_at,s1_1.description,s1_1.name,s1_1.priority,s1_1.updated_at from employee_skills s1_0 join skills s1_1 on s1_1.id=s1_0.skill_id where s1_0.employee_id=?
2025-10-26T12:22:29.125+09:00 DEBUG 19468 --- [Shift Scheduler Demo] [           main] org.hibernate.SQL                        : select ea1_0.id,ea1_0.day_of_week,ea1_0.employee_id,ea1_0.end_time,ea1_0.start_time from employee_availability ea1_0
Hibernate: select ea1_0.id,ea1_0.day_of_week,ea1_0.employee_id,ea1_0.end_time,ea1_0.start_time from employee_availability ea1_0
2025-10-26T12:22:29.139+09:00 DEBUG 19468 --- [Shift Scheduler Demo] [           main] org.hibernate.SQL                        : select ea1_0.id,ea1_0.day_of_week,ea1_0.employee_id,ea1_0.end_time,ea1_0.start_time from employee_availability ea1_0
Hibernate: select ea1_0.id,ea1_0.day_of_week,ea1_0.employee_id,ea1_0.end_time,ea1_0.start_time from employee_availability ea1_0
2025-10-26T12:22:29.169+09:00 DEBUG 19468 --- [Shift Scheduler Demo] [           main] org.hibernate.SQL                        : select ea1_0.id,ea1_0.day_of_week,ea1_0.employee_id,ea1_0.end_time,ea1_0.start_time from employee_availability ea1_0
Hibernate: select ea1_0.id,ea1_0.day_of_week,ea1_0.employee_id,ea1_0.end_time,ea1_0.start_time from employee_availability ea1_0
2025-10-26T12:22:29.181+09:00 DEBUG 19468 --- [Shift Scheduler Demo] [           main] org.hibernate.SQL                        : select ea1_0.id,ea1_0.day_of_week,ea1_0.employee_id,ea1_0.end_time,ea1_0.start_time from employee_availability ea1_0
Hibernate: select ea1_0.id,ea1_0.day_of_week,ea1_0.employee_id,ea1_0.end_time,ea1_0.start_time from employee_availability ea1_0
2025-10-26T12:22:29.188+09:00 DEBUG 19468 --- [Shift Scheduler Demo] [           main] org.hibernate.SQL                        : select ea1_0.id,ea1_0.day_of_week,ea1_0.employee_id,ea1_0.end_time,ea1_0.start_time from employee_availability ea1_0
Hibernate: select ea1_0.id,ea1_0.day_of_week,ea1_0.employee_id,ea1_0.end_time,ea1_0.start_time from employee_availability ea1_0
2025-10-26T12:22:29.205+09:00 DEBUG 19468 --- [Shift Scheduler Demo] [           main] org.hibernate.SQL                        : select ea1_0.id,ea1_0.day_of_week,ea1_0.employee_id,ea1_0.end_time,ea1_0.start_time from employee_availability ea1_0
Hibernate: select ea1_0.id,ea1_0.day_of_week,ea1_0.employee_id,ea1_0.end_time,ea1_0.start_time from employee_availability ea1_0
2025-10-26T12:22:29.207+09:00 DEBUG 19468 --- [Shift Scheduler Demo] [           main] org.hibernate.SQL                        : select ea1_0.id,ea1_0.day_of_week,ea1_0.employee_id,ea1_0.end_time,ea1_0.start_time from employee_availability ea1_0
Hibernate: select ea1_0.id,ea1_0.day_of_week,ea1_0.employee_id,ea1_0.end_time,ea1_0.start_time from employee_availability ea1_0
2025-10-26T12:22:29.222+09:00 DEBUG 19468 --- [Shift Scheduler Demo] [           main] org.hibernate.SQL                        : select ea1_0.id,ea1_0.day_of_week,ea1_0.employee_id,ea1_0.end_time,ea1_0.start_time from employee_availability ea1_0
Hibernate: select ea1_0.id,ea1_0.day_of_week,ea1_0.employee_id,ea1_0.end_time,ea1_0.start_time from employee_availability ea1_0
2025-10-26T12:22:29.222+09:00 DEBUG 19468 --- [Shift Scheduler Demo] [           main] org.hibernate.SQL                        : select ea1_0.id,ea1_0.day_of_week,ea1_0.employee_id,ea1_0.end_time,ea1_0.start_time from employee_availability ea1_0
Hibernate: select ea1_0.id,ea1_0.day_of_week,ea1_0.employee_id,ea1_0.end_time,ea1_0.start_time from employee_availability ea1_0
2025-10-26T12:22:29.237+09:00 DEBUG 19468 --- [Shift Scheduler Demo] [           main] org.hibernate.SQL                        : select ea1_0.id,ea1_0.day_of_week,ea1_0.employee_id,ea1_0.end_time,ea1_0.start_time from employee_availability ea1_0
Hibernate: select ea1_0.id,ea1_0.day_of_week,ea1_0.employee_id,ea1_0.end_time,ea1_0.start_time from employee_availability ea1_0
2025-10-26T12:22:29.244+09:00 DEBUG 19468 --- [Shift Scheduler Demo] [           main] org.hibernate.SQL                        : select ea1_0.id,ea1_0.day_of_week,ea1_0.employee_id,ea1_0.end_time,ea1_0.start_time from employee_availability ea1_0
Hibernate: select ea1_0.id,ea1_0.day_of_week,ea1_0.employee_id,ea1_0.end_time,ea1_0.start_time from employee_availability ea1_0
2025-10-26T12:22:29.250+09:00 DEBUG 19468 --- [Shift Scheduler Demo] [           main] org.hibernate.SQL                        : select ea1_0.id,ea1_0.day_of_week,ea1_0.employee_id,ea1_0.end_time,ea1_0.start_time from employee_availability ea1_0
Hibernate: select ea1_0.id,ea1_0.day_of_week,ea1_0.employee_id,ea1_0.end_time,ea1_0.start_time from employee_availability ea1_0
2025-10-26T12:22:29.257+09:00 DEBUG 19468 --- [Shift Scheduler Demo] [           main] org.hibernate.SQL                        : select ea1_0.id,ea1_0.day_of_week,ea1_0.employee_id,ea1_0.end_time,ea1_0.start_time from employee_availability ea1_0
Hibernate: select ea1_0.id,ea1_0.day_of_week,ea1_0.employee_id,ea1_0.end_time,ea1_0.start_time from employee_availability ea1_0
2025-10-26T12:22:29.261+09:00 DEBUG 19468 --- [Shift Scheduler Demo] [           main] org.hibernate.SQL                        : select ea1_0.id,ea1_0.day_of_week,ea1_0.employee_id,ea1_0.end_time,ea1_0.start_time from employee_availability ea1_0
Hibernate: select ea1_0.id,ea1_0.day_of_week,ea1_0.employee_id,ea1_0.end_time,ea1_0.start_time from employee_availability ea1_0
2025-10-26T12:22:29.274+09:00 DEBUG 19468 --- [Shift Scheduler Demo] [           main] org.hibernate.SQL                        : select ea1_0.id,ea1_0.day_of_week,ea1_0.employee_id,ea1_0.end_time,ea1_0.start_time from employee_availability ea1_0
Hibernate: select ea1_0.id,ea1_0.day_of_week,ea1_0.employee_id,ea1_0.end_time,ea1_0.start_time from employee_availability ea1_0
2025-10-26T12:22:29.282+09:00 DEBUG 19468 --- [Shift Scheduler Demo] [           main] org.hibernate.SQL                        : select ea1_0.id,ea1_0.day_of_week,ea1_0.employee_id,ea1_0.end_time,ea1_0.start_time from employee_availability ea1_0
Hibernate: select ea1_0.id,ea1_0.day_of_week,ea1_0.employee_id,ea1_0.end_time,ea1_0.start_time from employee_availability ea1_0
2025-10-26T12:22:29.292+09:00 DEBUG 19468 --- [Shift Scheduler Demo] [           main] org.hibernate.SQL                        : select ea1_0.id,ea1_0.day_of_week,ea1_0.employee_id,ea1_0.end_time,ea1_0.start_time from employee_availability ea1_0
Hibernate: select ea1_0.id,ea1_0.day_of_week,ea1_0.employee_id,ea1_0.end_time,ea1_0.start_time from employee_availability ea1_0
2025-10-26T12:22:29.302+09:00 DEBUG 19468 --- [Shift Scheduler Demo] [           main] org.hibernate.SQL                        : select ea1_0.id,ea1_0.day_of_week,ea1_0.employee_id,ea1_0.end_time,ea1_0.start_time from employee_availability ea1_0
Hibernate: select ea1_0.id,ea1_0.day_of_week,ea1_0.employee_id,ea1_0.end_time,ea1_0.start_time from employee_availability ea1_0
2025-10-26T12:22:29.311+09:00 DEBUG 19468 --- [Shift Scheduler Demo] [           main] org.hibernate.SQL                        : select ea1_0.id,ea1_0.day_of_week,ea1_0.employee_id,ea1_0.end_time,ea1_0.start_time from employee_availability ea1_0
Hibernate: select ea1_0.id,ea1_0.day_of_week,ea1_0.employee_id,ea1_0.end_time,ea1_0.start_time from employee_availability ea1_0
2025-10-26T12:22:29.315+09:00 DEBUG 19468 --- [Shift Scheduler Demo] [           main] org.hibernate.SQL                        : select ea1_0.id,ea1_0.day_of_week,ea1_0.employee_id,ea1_0.end_time,ea1_0.start_time from employee_availability ea1_0
Hibernate: select ea1_0.id,ea1_0.day_of_week,ea1_0.employee_id,ea1_0.end_time,ea1_0.start_time from employee_availability ea1_0
2025-10-26T12:22:29.315+09:00 DEBUG 19468 --- [Shift Scheduler Demo] [           main] org.hibernate.SQL                        : select ea1_0.id,ea1_0.day_of_week,ea1_0.employee_id,ea1_0.end_time,ea1_0.start_time from employee_availability ea1_0
Hibernate: select ea1_0.id,ea1_0.day_of_week,ea1_0.employee_id,ea1_0.end_time,ea1_0.start_time from employee_availability ea1_0
2025-10-26T12:22:29.325+09:00 DEBUG 19468 --- [Shift Scheduler Demo] [           main] org.hibernate.SQL                        : select ea1_0.id,ea1_0.day_of_week,ea1_0.employee_id,ea1_0.end_time,ea1_0.start_time from employee_availability ea1_0
Hibernate: select ea1_0.id,ea1_0.day_of_week,ea1_0.employee_id,ea1_0.end_time,ea1_0.start_time from employee_availability ea1_0
2025-10-26T12:22:29.329+09:00 DEBUG 19468 --- [Shift Scheduler Demo] [           main] org.hibernate.SQL                        : select ea1_0.id,ea1_0.day_of_week,ea1_0.employee_id,ea1_0.end_time,ea1_0.start_time from employee_availability ea1_0
Hibernate: select ea1_0.id,ea1_0.day_of_week,ea1_0.employee_id,ea1_0.end_time,ea1_0.start_time from employee_availability ea1_0
2025-10-26T12:22:29.330+09:00 DEBUG 19468 --- [Shift Scheduler Demo] [           main] org.hibernate.SQL                        : select ea1_0.id,ea1_0.day_of_week,ea1_0.employee_id,ea1_0.end_time,ea1_0.start_time from employee_availability ea1_0
Hibernate: select ea1_0.id,ea1_0.day_of_week,ea1_0.employee_id,ea1_0.end_time,ea1_0.start_time from employee_availability ea1_0
2025-10-26T12:22:29.341+09:00 DEBUG 19468 --- [Shift Scheduler Demo] [           main] org.hibernate.SQL                        : select ea1_0.id,ea1_0.day_of_week,ea1_0.employee_id,ea1_0.end_time,ea1_0.start_time from employee_availability ea1_0
Hibernate: select ea1_0.id,ea1_0.day_of_week,ea1_0.employee_id,ea1_0.end_time,ea1_0.start_time from employee_availability ea1_0
2025-10-26T12:22:29.344+09:00 DEBUG 19468 --- [Shift Scheduler Demo] [           main] org.hibernate.SQL                        : select ea1_0.id,ea1_0.day_of_week,ea1_0.employee_id,ea1_0.end_time,ea1_0.start_time from employee_availability ea1_0
Hibernate: select ea1_0.id,ea1_0.day_of_week,ea1_0.employee_id,ea1_0.end_time,ea1_0.start_time from employee_availability ea1_0
2025-10-26T12:22:29.346+09:00 DEBUG 19468 --- [Shift Scheduler Demo] [           main] org.hibernate.SQL                        : select ea1_0.id,ea1_0.day_of_week,ea1_0.employee_id,ea1_0.end_time,ea1_0.start_time from employee_availability ea1_0
Hibernate: select ea1_0.id,ea1_0.day_of_week,ea1_0.employee_id,ea1_0.end_time,ea1_0.start_time from employee_availability ea1_0
2025-10-26T12:22:29.346+09:00 DEBUG 19468 --- [Shift Scheduler Demo] [           main] org.hibernate.SQL                        : select ea1_0.id,ea1_0.day_of_week,ea1_0.employee_id,ea1_0.end_time,ea1_0.start_time from employee_availability ea1_0
Hibernate: select ea1_0.id,ea1_0.day_of_week,ea1_0.employee_id,ea1_0.end_time,ea1_0.start_time from employee_availability ea1_0
2025-10-26T12:22:29.356+09:00 DEBUG 19468 --- [Shift Scheduler Demo] [           main] org.hibernate.SQL                        : select ea1_0.id,ea1_0.day_of_week,ea1_0.employee_id,ea1_0.end_time,ea1_0.start_time from employee_availability ea1_0
Hibernate: select ea1_0.id,ea1_0.day_of_week,ea1_0.employee_id,ea1_0.end_time,ea1_0.start_time from employee_availability ea1_0
2025-10-26T12:22:29.361+09:00 DEBUG 19468 --- [Shift Scheduler Demo] [           main] org.hibernate.SQL                        : select ea1_0.id,ea1_0.day_of_week,ea1_0.employee_id,ea1_0.end_time,ea1_0.start_time from employee_availability ea1_0
Hibernate: select ea1_0.id,ea1_0.day_of_week,ea1_0.employee_id,ea1_0.end_time,ea1_0.start_time from employee_availability ea1_0
2025-10-26T12:22:29.361+09:00 DEBUG 19468 --- [Shift Scheduler Demo] [           main] org.hibernate.SQL                        : select ea1_0.id,ea1_0.day_of_week,ea1_0.employee_id,ea1_0.end_time,ea1_0.start_time from employee_availability ea1_0
Hibernate: select ea1_0.id,ea1_0.day_of_week,ea1_0.employee_id,ea1_0.end_time,ea1_0.start_time from employee_availability ea1_0
2025-10-26T12:22:29.373+09:00 DEBUG 19468 --- [Shift Scheduler Demo] [           main] org.hibernate.SQL                        : select ea1_0.id,ea1_0.day_of_week,ea1_0.employee_id,ea1_0.end_time,ea1_0.start_time from employee_availability ea1_0
Hibernate: select ea1_0.id,ea1_0.day_of_week,ea1_0.employee_id,ea1_0.end_time,ea1_0.start_time from employee_availability ea1_0
2025-10-26T12:22:29.377+09:00 DEBUG 19468 --- [Shift Scheduler Demo] [           main] org.hibernate.SQL                        : select ea1_0.id,ea1_0.day_of_week,ea1_0.employee_id,ea1_0.end_time,ea1_0.start_time from employee_availability ea1_0
Hibernate: select ea1_0.id,ea1_0.day_of_week,ea1_0.employee_id,ea1_0.end_time,ea1_0.start_time from employee_availability ea1_0
2025-10-26T12:22:29.382+09:00 DEBUG 19468 --- [Shift Scheduler Demo] [           main] org.hibernate.SQL                        : select ea1_0.id,ea1_0.day_of_week,ea1_0.employee_id,ea1_0.end_time,ea1_0.start_time from employee_availability ea1_0
Hibernate: select ea1_0.id,ea1_0.day_of_week,ea1_0.employee_id,ea1_0.end_time,ea1_0.start_time from employee_availability ea1_0
2025-10-26T12:22:29.388+09:00 DEBUG 19468 --- [Shift Scheduler Demo] [           main] org.hibernate.SQL                        : select ea1_0.id,ea1_0.day_of_week,ea1_0.employee_id,ea1_0.end_time,ea1_0.start_time from employee_availability ea1_0
Hibernate: select ea1_0.id,ea1_0.day_of_week,ea1_0.employee_id,ea1_0.end_time,ea1_0.start_time from employee_availability ea1_0
2025-10-26T12:22:29.390+09:00 DEBUG 19468 --- [Shift Scheduler Demo] [           main] org.hibernate.SQL                        : select ea1_0.id,ea1_0.day_of_week,ea1_0.employee_id,ea1_0.end_time,ea1_0.start_time from employee_availability ea1_0
Hibernate: select ea1_0.id,ea1_0.day_of_week,ea1_0.employee_id,ea1_0.end_time,ea1_0.start_time from employee_availability ea1_0
2025-10-26T12:22:29.396+09:00 DEBUG 19468 --- [Shift Scheduler Demo] [           main] org.hibernate.SQL                        : select ea1_0.id,ea1_0.day_of_week,ea1_0.employee_id,ea1_0.end_time,ea1_0.start_time from employee_availability ea1_0
Hibernate: select ea1_0.id,ea1_0.day_of_week,ea1_0.employee_id,ea1_0.end_time,ea1_0.start_time from employee_availability ea1_0
2025-10-26T12:22:29.400+09:00 DEBUG 19468 --- [Shift Scheduler Demo] [           main] org.hibernate.SQL                        : select ea1_0.id,ea1_0.day_of_week,ea1_0.employee_id,ea1_0.end_time,ea1_0.start_time from employee_availability ea1_0
Hibernate: select ea1_0.id,ea1_0.day_of_week,ea1_0.employee_id,ea1_0.end_time,ea1_0.start_time from employee_availability ea1_0
2025-10-26T12:22:29.406+09:00 DEBUG 19468 --- [Shift Scheduler Demo] [           main] org.hibernate.SQL                        : select ea1_0.id,ea1_0.day_of_week,ea1_0.employee_id,ea1_0.end_time,ea1_0.start_time from employee_availability ea1_0
Hibernate: select ea1_0.id,ea1_0.day_of_week,ea1_0.employee_id,ea1_0.end_time,ea1_0.start_time from employee_availability ea1_0
2025-10-26T12:22:29.410+09:00 DEBUG 19468 --- [Shift Scheduler Demo] [           main] org.hibernate.SQL                        : select ea1_0.id,ea1_0.day_of_week,ea1_0.employee_id,ea1_0.end_time,ea1_0.start_time from employee_availability ea1_0
Hibernate: select ea1_0.id,ea1_0.day_of_week,ea1_0.employee_id,ea1_0.end_time,ea1_0.start_time from employee_availability ea1_0
2025-10-26T12:22:29.413+09:00 DEBUG 19468 --- [Shift Scheduler Demo] [           main] org.hibernate.SQL                        : select ea1_0.id,ea1_0.day_of_week,ea1_0.employee_id,ea1_0.end_time,ea1_0.start_time from employee_availability ea1_0
Hibernate: select ea1_0.id,ea1_0.day_of_week,ea1_0.employee_id,ea1_0.end_time,ea1_0.start_time from employee_availability ea1_0
2025-10-26T12:22:29.417+09:00 DEBUG 19468 --- [Shift Scheduler Demo] [           main] org.hibernate.SQL                        : select ea1_0.id,ea1_0.day_of_week,ea1_0.employee_id,ea1_0.end_time,ea1_0.start_time from employee_availability ea1_0
Hibernate: select ea1_0.id,ea1_0.day_of_week,ea1_0.employee_id,ea1_0.end_time,ea1_0.start_time from employee_availability ea1_0
2025-10-26T12:22:29.423+09:00 DEBUG 19468 --- [Shift Scheduler Demo] [           main] org.hibernate.SQL                        : select ea1_0.id,ea1_0.day_of_week,ea1_0.employee_id,ea1_0.end_time,ea1_0.start_time from employee_availability ea1_0
Hibernate: select ea1_0.id,ea1_0.day_of_week,ea1_0.employee_id,ea1_0.end_time,ea1_0.start_time from employee_availability ea1_0
2025-10-26T12:22:29.438+09:00 DEBUG 19468 --- [Shift Scheduler Demo] [           main] org.hibernate.SQL                        : select ea1_0.id,ea1_0.day_of_week,ea1_0.employee_id,ea1_0.end_time,ea1_0.start_time from employee_availability ea1_0
Hibernate: select ea1_0.id,ea1_0.day_of_week,ea1_0.employee_id,ea1_0.end_time,ea1_0.start_time from employee_availability ea1_0
2025-10-26T12:22:29.441+09:00 DEBUG 19468 --- [Shift Scheduler Demo] [           main] org.hibernate.SQL                        : select ea1_0.id,ea1_0.day_of_week,ea1_0.employee_id,ea1_0.end_time,ea1_0.start_time from employee_availability ea1_0
Hibernate: select ea1_0.id,ea1_0.day_of_week,ea1_0.employee_id,ea1_0.end_time,ea1_0.start_time from employee_availability ea1_0
2025-10-26T12:22:29.447+09:00 DEBUG 19468 --- [Shift Scheduler Demo] [           main] org.hibernate.SQL                        : select ea1_0.id,ea1_0.day_of_week,ea1_0.employee_id,ea1_0.end_time,ea1_0.start_time from employee_availability ea1_0
Hibernate: select ea1_0.id,ea1_0.day_of_week,ea1_0.employee_id,ea1_0.end_time,ea1_0.start_time from employee_availability ea1_0
2025-10-26T12:22:29.451+09:00 DEBUG 19468 --- [Shift Scheduler Demo] [           main] org.hibernate.SQL                        : select ea1_0.id,ea1_0.day_of_week,ea1_0.employee_id,ea1_0.end_time,ea1_0.start_time from employee_availability ea1_0
Hibernate: select ea1_0.id,ea1_0.day_of_week,ea1_0.employee_id,ea1_0.end_time,ea1_0.start_time from employee_availability ea1_0
2025-10-26T12:22:29.457+09:00 DEBUG 19468 --- [Shift Scheduler Demo] [           main] org.hibernate.SQL                        : select ea1_0.id,ea1_0.day_of_week,ea1_0.employee_id,ea1_0.end_time,ea1_0.start_time from employee_availability ea1_0
Hibernate: select ea1_0.id,ea1_0.day_of_week,ea1_0.employee_id,ea1_0.end_time,ea1_0.start_time from employee_availability ea1_0
2025-10-26T12:22:29.461+09:00 DEBUG 19468 --- [Shift Scheduler Demo] [           main] org.hibernate.SQL                        : select ea1_0.id,ea1_0.day_of_week,ea1_0.employee_id,ea1_0.end_time,ea1_0.start_time from employee_availability ea1_0
Hibernate: select ea1_0.id,ea1_0.day_of_week,ea1_0.employee_id,ea1_0.end_time,ea1_0.start_time from employee_availability ea1_0
2025-10-26T12:22:29.465+09:00 DEBUG 19468 --- [Shift Scheduler Demo] [           main] org.hibernate.SQL                        : select ea1_0.id,ea1_0.day_of_week,ea1_0.employee_id,ea1_0.end_time,ea1_0.start_time from employee_availability ea1_0
Hibernate: select ea1_0.id,ea1_0.day_of_week,ea1_0.employee_id,ea1_0.end_time,ea1_0.start_time from employee_availability ea1_0
2025-10-26T12:22:29.469+09:00 DEBUG 19468 --- [Shift Scheduler Demo] [           main] org.hibernate.SQL                        : select ea1_0.id,ea1_0.day_of_week,ea1_0.employee_id,ea1_0.end_time,ea1_0.start_time from employee_availability ea1_0
Hibernate: select ea1_0.id,ea1_0.day_of_week,ea1_0.employee_id,ea1_0.end_time,ea1_0.start_time from employee_availability ea1_0
2025-10-26T12:22:29.473+09:00 DEBUG 19468 --- [Shift Scheduler Demo] [           main] org.hibernate.SQL                        : select ea1_0.id,ea1_0.day_of_week,ea1_0.employee_id,ea1_0.end_time,ea1_0.start_time from employee_availability ea1_0
Hibernate: select ea1_0.id,ea1_0.day_of_week,ea1_0.employee_id,ea1_0.end_time,ea1_0.start_time from employee_availability ea1_0
2025-10-26T12:22:29.476+09:00 DEBUG 19468 --- [Shift Scheduler Demo] [           main] org.hibernate.SQL                        : select ea1_0.id,ea1_0.day_of_week,ea1_0.employee_id,ea1_0.end_time,ea1_0.start_time from employee_availability ea1_0
Hibernate: select ea1_0.id,ea1_0.day_of_week,ea1_0.employee_id,ea1_0.end_time,ea1_0.start_time from employee_availability ea1_0
2025-10-26T12:22:29.481+09:00 DEBUG 19468 --- [Shift Scheduler Demo] [           main] org.hibernate.SQL                        : select ea1_0.id,ea1_0.day_of_week,ea1_0.employee_id,ea1_0.end_time,ea1_0.start_time from employee_availability ea1_0
Hibernate: select ea1_0.id,ea1_0.day_of_week,ea1_0.employee_id,ea1_0.end_time,ea1_0.start_time from employee_availability ea1_0
2025-10-26T12:22:29.484+09:00 DEBUG 19468 --- [Shift Scheduler Demo] [           main] org.hibernate.SQL                        : select ea1_0.id,ea1_0.day_of_week,ea1_0.employee_id,ea1_0.end_time,ea1_0.start_time from employee_availability ea1_0
Hibernate: select ea1_0.id,ea1_0.day_of_week,ea1_0.employee_id,ea1_0.end_time,ea1_0.start_time from employee_availability ea1_0
2025-10-26T12:22:29.499+09:00 DEBUG 19468 --- [Shift Scheduler Demo] [           main] org.hibernate.SQL                        : select ea1_0.id,ea1_0.day_of_week,ea1_0.employee_id,ea1_0.end_time,ea1_0.start_time from employee_availability ea1_0
Hibernate: select ea1_0.id,ea1_0.day_of_week,ea1_0.employee_id,ea1_0.end_time,ea1_0.start_time from employee_availability ea1_0
2025-10-26T12:22:29.515+09:00 DEBUG 19468 --- [Shift Scheduler Demo] [           main] org.hibernate.SQL                        : select ea1_0.id,ea1_0.day_of_week,ea1_0.employee_id,ea1_0.end_time,ea1_0.start_time from employee_availability ea1_0
Hibernate: select ea1_0.id,ea1_0.day_of_week,ea1_0.employee_id,ea1_0.end_time,ea1_0.start_time from employee_availability ea1_0
2025-10-26T12:22:29.525+09:00 DEBUG 19468 --- [Shift Scheduler Demo] [           main] org.hibernate.SQL                        : select ea1_0.id,ea1_0.day_of_week,ea1_0.employee_id,ea1_0.end_time,ea1_0.start_time from employee_availability ea1_0
Hibernate: select ea1_0.id,ea1_0.day_of_week,ea1_0.employee_id,ea1_0.end_time,ea1_0.start_time from employee_availability ea1_0
2025-10-26T12:22:29.527+09:00 DEBUG 19468 --- [Shift Scheduler Demo] [           main] org.hibernate.SQL                        : select ea1_0.id,ea1_0.day_of_week,ea1_0.employee_id,ea1_0.end_time,ea1_0.start_time from employee_availability ea1_0
Hibernate: select ea1_0.id,ea1_0.day_of_week,ea1_0.employee_id,ea1_0.end_time,ea1_0.start_time from employee_availability ea1_0
2025-10-26T12:22:29.527+09:00 DEBUG 19468 --- [Shift Scheduler Demo] [           main] org.hibernate.SQL                        : select ea1_0.id,ea1_0.day_of_week,ea1_0.employee_id,ea1_0.end_time,ea1_0.start_time from employee_availability ea1_0
Hibernate: select ea1_0.id,ea1_0.day_of_week,ea1_0.employee_id,ea1_0.end_time,ea1_0.start_time from employee_availability ea1_0
2025-10-26T12:22:29.534+09:00 DEBUG 19468 --- [Shift Scheduler Demo] [           main] org.hibernate.SQL                        : select ea1_0.id,ea1_0.day_of_week,ea1_0.employee_id,ea1_0.end_time,ea1_0.start_time from employee_availability ea1_0
Hibernate: select ea1_0.id,ea1_0.day_of_week,ea1_0.employee_id,ea1_0.end_time,ea1_0.start_time from employee_availability ea1_0
2025-10-26T12:22:29.541+09:00 DEBUG 19468 --- [Shift Scheduler Demo] [           main] org.hibernate.SQL                        : select ea1_0.id,ea1_0.day_of_week,ea1_0.employee_id,ea1_0.end_time,ea1_0.start_time from employee_availability ea1_0
Hibernate: select ea1_0.id,ea1_0.day_of_week,ea1_0.employee_id,ea1_0.end_time,ea1_0.start_time from employee_availability ea1_0
2025-10-26T12:22:29.545+09:00 DEBUG 19468 --- [Shift Scheduler Demo] [           main] org.hibernate.SQL                        : select ea1_0.id,ea1_0.day_of_week,ea1_0.employee_id,ea1_0.end_time,ea1_0.start_time from employee_availability ea1_0
Hibernate: select ea1_0.id,ea1_0.day_of_week,ea1_0.employee_id,ea1_0.end_time,ea1_0.start_time from employee_availability ea1_0
2025-10-26T12:22:29.549+09:00 DEBUG 19468 --- [Shift Scheduler Demo] [           main] org.hibernate.SQL                        : select ea1_0.id,ea1_0.day_of_week,ea1_0.employee_id,ea1_0.end_time,ea1_0.start_time from employee_availability ea1_0
Hibernate: select ea1_0.id,ea1_0.day_of_week,ea1_0.employee_id,ea1_0.end_time,ea1_0.start_time from employee_availability ea1_0
2025-10-26T12:22:29.553+09:00 DEBUG 19468 --- [Shift Scheduler Demo] [           main] org.hibernate.SQL                        : select ea1_0.id,ea1_0.day_of_week,ea1_0.employee_id,ea1_0.end_time,ea1_0.start_time from employee_availability ea1_0
Hibernate: select ea1_0.id,ea1_0.day_of_week,ea1_0.employee_id,ea1_0.end_time,ea1_0.start_time from employee_availability ea1_0
2025-10-26T12:22:29.559+09:00 DEBUG 19468 --- [Shift Scheduler Demo] [           main] org.hibernate.SQL                        : select ea1_0.id,ea1_0.day_of_week,ea1_0.employee_id,ea1_0.end_time,ea1_0.start_time from employee_availability ea1_0
Hibernate: select ea1_0.id,ea1_0.day_of_week,ea1_0.employee_id,ea1_0.end_time,ea1_0.start_time from employee_availability ea1_0
2025-10-26T12:22:29.561+09:00 DEBUG 19468 --- [Shift Scheduler Demo] [           main] org.hibernate.SQL                        : select ea1_0.id,ea1_0.day_of_week,ea1_0.employee_id,ea1_0.end_time,ea1_0.start_time from employee_availability ea1_0
Hibernate: select ea1_0.id,ea1_0.day_of_week,ea1_0.employee_id,ea1_0.end_time,ea1_0.start_time from employee_availability ea1_0
2025-10-26T12:22:29.563+09:00 DEBUG 19468 --- [Shift Scheduler Demo] [           main] org.hibernate.SQL                        : select ea1_0.id,ea1_0.day_of_week,ea1_0.employee_id,ea1_0.end_time,ea1_0.start_time from employee_availability ea1_0
Hibernate: select ea1_0.id,ea1_0.day_of_week,ea1_0.employee_id,ea1_0.end_time,ea1_0.start_time from employee_availability ea1_0
2025-10-26T12:22:29.571+09:00 DEBUG 19468 --- [Shift Scheduler Demo] [           main] org.hibernate.SQL                        : select ea1_0.id,ea1_0.day_of_week,ea1_0.employee_id,ea1_0.end_time,ea1_0.start_time from employee_availability ea1_0
Hibernate: select ea1_0.id,ea1_0.day_of_week,ea1_0.employee_id,ea1_0.end_time,ea1_0.start_time from employee_availability ea1_0
2025-10-26T12:22:29.571+09:00 DEBUG 19468 --- [Shift Scheduler Demo] [           main] org.hibernate.SQL                        : select ea1_0.id,ea1_0.day_of_week,ea1_0.employee_id,ea1_0.end_time,ea1_0.start_time from employee_availability ea1_0
Hibernate: select ea1_0.id,ea1_0.day_of_week,ea1_0.employee_id,ea1_0.end_time,ea1_0.start_time from employee_availability ea1_0
2025-10-26T12:22:29.578+09:00 DEBUG 19468 --- [Shift Scheduler Demo] [           main] org.hibernate.SQL                        : select ea1_0.id,ea1_0.day_of_week,ea1_0.employee_id,ea1_0.end_time,ea1_0.start_time from employee_availability ea1_0
Hibernate: select ea1_0.id,ea1_0.day_of_week,ea1_0.employee_id,ea1_0.end_time,ea1_0.start_time from employee_availability ea1_0
2025-10-26T12:22:29.583+09:00 DEBUG 19468 --- [Shift Scheduler Demo] [           main] org.hibernate.SQL                        : select ea1_0.id,ea1_0.day_of_week,ea1_0.employee_id,ea1_0.end_time,ea1_0.start_time from employee_availability ea1_0
Hibernate: select ea1_0.id,ea1_0.day_of_week,ea1_0.employee_id,ea1_0.end_time,ea1_0.start_time from employee_availability ea1_0
2025-10-26T12:22:29.587+09:00 DEBUG 19468 --- [Shift Scheduler Demo] [           main] org.hibernate.SQL                        : select ea1_0.id,ea1_0.day_of_week,ea1_0.employee_id,ea1_0.end_time,ea1_0.start_time from employee_availability ea1_0
Hibernate: select ea1_0.id,ea1_0.day_of_week,ea1_0.employee_id,ea1_0.end_time,ea1_0.start_time from employee_availability ea1_0
2025-10-26T12:22:29.590+09:00 DEBUG 19468 --- [Shift Scheduler Demo] [           main] org.hibernate.SQL                        : select ea1_0.id,ea1_0.day_of_week,ea1_0.employee_id,ea1_0.end_time,ea1_0.start_time from employee_availability ea1_0
Hibernate: select ea1_0.id,ea1_0.day_of_week,ea1_0.employee_id,ea1_0.end_time,ea1_0.start_time from employee_availability ea1_0
2025-10-26T12:22:29.592+09:00 DEBUG 19468 --- [Shift Scheduler Demo] [           main] org.hibernate.SQL                        : select ea1_0.id,ea1_0.day_of_week,ea1_0.employee_id,ea1_0.end_time,ea1_0.start_time from employee_availability ea1_0
Hibernate: select ea1_0.id,ea1_0.day_of_week,ea1_0.employee_id,ea1_0.end_time,ea1_0.start_time from employee_availability ea1_0
2025-10-26T12:22:29.596+09:00 DEBUG 19468 --- [Shift Scheduler Demo] [           main] org.hibernate.SQL                        : select ea1_0.id,ea1_0.day_of_week,ea1_0.employee_id,ea1_0.end_time,ea1_0.start_time from employee_availability ea1_0
Hibernate: select ea1_0.id,ea1_0.day_of_week,ea1_0.employee_id,ea1_0.end_time,ea1_0.start_time from employee_availability ea1_0
2025-10-26T12:22:29.598+09:00 DEBUG 19468 --- [Shift Scheduler Demo] [           main] org.hibernate.SQL                        : select ea1_0.id,ea1_0.day_of_week,ea1_0.employee_id,ea1_0.end_time,ea1_0.start_time from employee_availability ea1_0
Hibernate: select ea1_0.id,ea1_0.day_of_week,ea1_0.employee_id,ea1_0.end_time,ea1_0.start_time from employee_availability ea1_0
2025-10-26T12:22:29.603+09:00 DEBUG 19468 --- [Shift Scheduler Demo] [           main] org.hibernate.SQL                        : select ea1_0.id,ea1_0.day_of_week,ea1_0.employee_id,ea1_0.end_time,ea1_0.start_time from employee_availability ea1_0
Hibernate: select ea1_0.id,ea1_0.day_of_week,ea1_0.employee_id,ea1_0.end_time,ea1_0.start_time from employee_availability ea1_0
2025-10-26T12:22:29.607+09:00 DEBUG 19468 --- [Shift Scheduler Demo] [           main] org.hibernate.SQL                        : select ea1_0.id,ea1_0.day_of_week,ea1_0.employee_id,ea1_0.end_time,ea1_0.start_time from employee_availability ea1_0
Hibernate: select ea1_0.id,ea1_0.day_of_week,ea1_0.employee_id,ea1_0.end_time,ea1_0.start_time from employee_availability ea1_0
2025-10-26T12:22:29.611+09:00 DEBUG 19468 --- [Shift Scheduler Demo] [           main] org.hibernate.SQL                        : select ea1_0.id,ea1_0.day_of_week,ea1_0.employee_id,ea1_0.end_time,ea1_0.start_time from employee_availability ea1_0
Hibernate: select ea1_0.id,ea1_0.day_of_week,ea1_0.employee_id,ea1_0.end_time,ea1_0.start_time from employee_availability ea1_0
2025-10-26T12:22:29.614+09:00 DEBUG 19468 --- [Shift Scheduler Demo] [           main] org.hibernate.SQL                        : select ea1_0.id,ea1_0.day_of_week,ea1_0.employee_id,ea1_0.end_time,ea1_0.start_time from employee_availability ea1_0
Hibernate: select ea1_0.id,ea1_0.day_of_week,ea1_0.employee_id,ea1_0.end_time,ea1_0.start_time from employee_availability ea1_0
2025-10-26T12:22:29.618+09:00 DEBUG 19468 --- [Shift Scheduler Demo] [           main] org.hibernate.SQL                        : select ea1_0.id,ea1_0.day_of_week,ea1_0.employee_id,ea1_0.end_time,ea1_0.start_time from employee_availability ea1_0
Hibernate: select ea1_0.id,ea1_0.day_of_week,ea1_0.employee_id,ea1_0.end_time,ea1_0.start_time from employee_availability ea1_0
2025-10-26T12:22:29.623+09:00 DEBUG 19468 --- [Shift Scheduler Demo] [           main] org.hibernate.SQL                        : select ea1_0.id,ea1_0.day_of_week,ea1_0.employee_id,ea1_0.end_time,ea1_0.start_time from employee_availability ea1_0
Hibernate: select ea1_0.id,ea1_0.day_of_week,ea1_0.employee_id,ea1_0.end_time,ea1_0.start_time from employee_availability ea1_0
2025-10-26T12:22:29.627+09:00 DEBUG 19468 --- [Shift Scheduler Demo] [           main] org.hibernate.SQL                        : select ea1_0.id,ea1_0.day_of_week,ea1_0.employee_id,ea1_0.end_time,ea1_0.start_time from employee_availability ea1_0
Hibernate: select ea1_0.id,ea1_0.day_of_week,ea1_0.employee_id,ea1_0.end_time,ea1_0.start_time from employee_availability ea1_0
2025-10-26T12:22:29.630+09:00 DEBUG 19468 --- [Shift Scheduler Demo] [           main] org.hibernate.SQL                        : select ea1_0.id,ea1_0.day_of_week,ea1_0.employee_id,ea1_0.end_time,ea1_0.start_time from employee_availability ea1_0
Hibernate: select ea1_0.id,ea1_0.day_of_week,ea1_0.employee_id,ea1_0.end_time,ea1_0.start_time from employee_availability ea1_0
2025-10-26T12:22:29.633+09:00 DEBUG 19468 --- [Shift Scheduler Demo] [           main] org.hibernate.SQL                        : select ea1_0.id,ea1_0.day_of_week,ea1_0.employee_id,ea1_0.end_time,ea1_0.start_time from employee_availability ea1_0
Hibernate: select ea1_0.id,ea1_0.day_of_week,ea1_0.employee_id,ea1_0.end_time,ea1_0.start_time from employee_availability ea1_0
2025-10-26T12:22:29.640+09:00 DEBUG 19468 --- [Shift Scheduler Demo] [           main] org.hibernate.SQL                        : select ea1_0.id,ea1_0.day_of_week,ea1_0.employee_id,ea1_0.end_time,ea1_0.start_time from employee_availability ea1_0
Hibernate: select ea1_0.id,ea1_0.day_of_week,ea1_0.employee_id,ea1_0.end_time,ea1_0.start_time from employee_availability ea1_0
2025-10-26T12:22:29.643+09:00 DEBUG 19468 --- [Shift Scheduler Demo] [           main] org.hibernate.SQL                        : select ea1_0.id,ea1_0.day_of_week,ea1_0.employee_id,ea1_0.end_time,ea1_0.start_time from employee_availability ea1_0
Hibernate: select ea1_0.id,ea1_0.day_of_week,ea1_0.employee_id,ea1_0.end_time,ea1_0.start_time from employee_availability ea1_0
2025-10-26T12:22:29.643+09:00 DEBUG 19468 --- [Shift Scheduler Demo] [           main] org.hibernate.SQL                        : select ea1_0.id,ea1_0.day_of_week,ea1_0.employee_id,ea1_0.end_time,ea1_0.start_time from employee_availability ea1_0
Hibernate: select ea1_0.id,ea1_0.day_of_week,ea1_0.employee_id,ea1_0.end_time,ea1_0.start_time from employee_availability ea1_0
2025-10-26T12:22:29.649+09:00 DEBUG 19468 --- [Shift Scheduler Demo] [           main] org.hibernate.SQL                        : select ea1_0.id,ea1_0.day_of_week,ea1_0.employee_id,ea1_0.end_time,ea1_0.start_time from employee_availability ea1_0
Hibernate: select ea1_0.id,ea1_0.day_of_week,ea1_0.employee_id,ea1_0.end_time,ea1_0.start_time from employee_availability ea1_0
2025-10-26T12:22:29.656+09:00 DEBUG 19468 --- [Shift Scheduler Demo] [           main] org.hibernate.SQL                        : select ea1_0.id,ea1_0.day_of_week,ea1_0.employee_id,ea1_0.end_time,ea1_0.start_time from employee_availability ea1_0
Hibernate: select ea1_0.id,ea1_0.day_of_week,ea1_0.employee_id,ea1_0.end_time,ea1_0.start_time from employee_availability ea1_0
2025-10-26T12:22:29.658+09:00 DEBUG 19468 --- [Shift Scheduler Demo] [           main] org.hibernate.SQL                        : select ea1_0.id,ea1_0.day_of_week,ea1_0.employee_id,ea1_0.end_time,ea1_0.start_time from employee_availability ea1_0
Hibernate: select ea1_0.id,ea1_0.day_of_week,ea1_0.employee_id,ea1_0.end_time,ea1_0.start_time from employee_availability ea1_0
2025-10-26T12:22:29.658+09:00 DEBUG 19468 --- [Shift Scheduler Demo] [           main] org.hibernate.SQL                        : select ea1_0.id,ea1_0.day_of_week,ea1_0.employee_id,ea1_0.end_time,ea1_0.start_time from employee_availability ea1_0
Hibernate: select ea1_0.id,ea1_0.day_of_week,ea1_0.employee_id,ea1_0.end_time,ea1_0.start_time from employee_availability ea1_0
2025-10-26T12:22:29.658+09:00 DEBUG 19468 --- [Shift Scheduler Demo] [           main] org.hibernate.SQL                        : select ea1_0.id,ea1_0.day_of_week,ea1_0.employee_id,ea1_0.end_time,ea1_0.start_time from employee_availability ea1_0
Hibernate: select ea1_0.id,ea1_0.day_of_week,ea1_0.employee_id,ea1_0.end_time,ea1_0.start_time from employee_availability ea1_0
2025-10-26T12:22:29.658+09:00 DEBUG 19468 --- [Shift Scheduler Demo] [           main] org.hibernate.SQL                        : select ea1_0.id,ea1_0.day_of_week,ea1_0.employee_id,ea1_0.end_time,ea1_0.start_time from employee_availability ea1_0
Hibernate: select ea1_0.id,ea1_0.day_of_week,ea1_0.employee_id,ea1_0.end_time,ea1_0.start_time from employee_availability ea1_0
2025-10-26T12:22:29.674+09:00 DEBUG 19468 --- [Shift Scheduler Demo] [           main] org.hibernate.SQL                        : select ea1_0.id,ea1_0.day_of_week,ea1_0.employee_id,ea1_0.end_time,ea1_0.start_time from employee_availability ea1_0
Hibernate: select ea1_0.id,ea1_0.day_of_week,ea1_0.employee_id,ea1_0.end_time,ea1_0.start_time from employee_availability ea1_0
2025-10-26T12:22:29.677+09:00 DEBUG 19468 --- [Shift Scheduler Demo] [           main] org.hibernate.SQL                        : select ea1_0.id,ea1_0.day_of_week,ea1_0.employee_id,ea1_0.end_time,ea1_0.start_time from employee_availability ea1_0
Hibernate: select ea1_0.id,ea1_0.day_of_week,ea1_0.employee_id,ea1_0.end_time,ea1_0.start_time from employee_availability ea1_0
2025-10-26T12:22:29.680+09:00 DEBUG 19468 --- [Shift Scheduler Demo] [           main] org.hibernate.SQL                        : select ea1_0.id,ea1_0.day_of_week,ea1_0.employee_id,ea1_0.end_time,ea1_0.start_time from employee_availability ea1_0
Hibernate: select ea1_0.id,ea1_0.day_of_week,ea1_0.employee_id,ea1_0.end_time,ea1_0.start_time from employee_availability ea1_0
2025-10-26T12:22:29.683+09:00 DEBUG 19468 --- [Shift Scheduler Demo] [           main] org.hibernate.SQL                        : select ea1_0.id,ea1_0.day_of_week,ea1_0.employee_id,ea1_0.end_time,ea1_0.start_time from employee_availability ea1_0
Hibernate: select ea1_0.id,ea1_0.day_of_week,ea1_0.employee_id,ea1_0.end_time,ea1_0.start_time from employee_availability ea1_0
2025-10-26T12:22:29.686+09:00 DEBUG 19468 --- [Shift Scheduler Demo] [           main] org.hibernate.SQL                        : select ea1_0.id,ea1_0.day_of_week,ea1_0.employee_id,ea1_0.end_time,ea1_0.start_time from employee_availability ea1_0
Hibernate: select ea1_0.id,ea1_0.day_of_week,ea1_0.employee_id,ea1_0.end_time,ea1_0.start_time from employee_availability ea1_0
2025-10-26T12:22:29.688+09:00 DEBUG 19468 --- [Shift Scheduler Demo] [           main] org.hibernate.SQL                        : select ea1_0.id,ea1_0.day_of_week,ea1_0.employee_id,ea1_0.end_time,ea1_0.start_time from employee_availability ea1_0
Hibernate: select ea1_0.id,ea1_0.day_of_week,ea1_0.employee_id,ea1_0.end_time,ea1_0.start_time from employee_availability ea1_0
2025-10-26T12:22:29.688+09:00 DEBUG 19468 --- [Shift Scheduler Demo] [           main] org.hibernate.SQL                        : select ea1_0.id,ea1_0.day_of_week,ea1_0.employee_id,ea1_0.end_time,ea1_0.start_time from employee_availability ea1_0
Hibernate: select ea1_0.id,ea1_0.day_of_week,ea1_0.employee_id,ea1_0.end_time,ea1_0.start_time from employee_availability ea1_0
2025-10-26T12:22:29.688+09:00 DEBUG 19468 --- [Shift Scheduler Demo] [           main] org.hibernate.SQL                        : select ea1_0.id,ea1_0.day_of_week,ea1_0.employee_id,ea1_0.end_time,ea1_0.start_time from employee_availability ea1_0
Hibernate: select ea1_0.id,ea1_0.day_of_week,ea1_0.employee_id,ea1_0.end_time,ea1_0.start_time from employee_availability ea1_0
2025-10-26T12:22:29.688+09:00 DEBUG 19468 --- [Shift Scheduler Demo] [           main] org.hibernate.SQL                        : select ea1_0.id,ea1_0.day_of_week,ea1_0.employee_id,ea1_0.end_time,ea1_0.start_time from employee_availability ea1_0
Hibernate: select ea1_0.id,ea1_0.day_of_week,ea1_0.employee_id,ea1_0.end_time,ea1_0.start_time from employee_availability ea1_0
2025-10-26T12:22:29.688+09:00 DEBUG 19468 --- [Shift Scheduler Demo] [           main] org.hibernate.SQL                        : select ea1_0.id,ea1_0.day_of_week,ea1_0.employee_id,ea1_0.end_time,ea1_0.start_time from employee_availability ea1_0
Hibernate: select ea1_0.id,ea1_0.day_of_week,ea1_0.employee_id,ea1_0.end_time,ea1_0.start_time from employee_availability ea1_0
2025-10-26T12:22:29.702+09:00 DEBUG 19468 --- [Shift Scheduler Demo] [           main] org.hibernate.SQL                        : select ea1_0.id,ea1_0.day_of_week,ea1_0.employee_id,ea1_0.end_time,ea1_0.start_time from employee_availability ea1_0
Hibernate: select ea1_0.id,ea1_0.day_of_week,ea1_0.employee_id,ea1_0.end_time,ea1_0.start_time from employee_availability ea1_0
2025-10-26T12:22:29.707+09:00 DEBUG 19468 --- [Shift Scheduler Demo] [           main] org.hibernate.SQL                        : select ea1_0.id,ea1_0.day_of_week,ea1_0.employee_id,ea1_0.end_time,ea1_0.start_time from employee_availability ea1_0
Hibernate: select ea1_0.id,ea1_0.day_of_week,ea1_0.employee_id,ea1_0.end_time,ea1_0.start_time from employee_availability ea1_0
2025-10-26T12:22:29.709+09:00 DEBUG 19468 --- [Shift Scheduler Demo] [           main] org.hibernate.SQL                        : select ea1_0.id,ea1_0.day_of_week,ea1_0.employee_id,ea1_0.end_time,ea1_0.start_time from employee_availability ea1_0
Hibernate: select ea1_0.id,ea1_0.day_of_week,ea1_0.employee_id,ea1_0.end_time,ea1_0.start_time from employee_availability ea1_0
2025-10-26T12:22:29.709+09:00 DEBUG 19468 --- [Shift Scheduler Demo] [           main] org.hibernate.SQL                        : select ea1_0.id,ea1_0.day_of_week,ea1_0.employee_id,ea1_0.end_time,ea1_0.start_time from employee_availability ea1_0
Hibernate: select ea1_0.id,ea1_0.day_of_week,ea1_0.employee_id,ea1_0.end_time,ea1_0.start_time from employee_availability ea1_0
2025-10-26T12:22:29.714+09:00 DEBUG 19468 --- [Shift Scheduler Demo] [           main] org.hibernate.SQL                        : select ea1_0.id,ea1_0.day_of_week,ea1_0.employee_id,ea1_0.end_time,ea1_0.start_time from employee_availability ea1_0
Hibernate: select ea1_0.id,ea1_0.day_of_week,ea1_0.employee_id,ea1_0.end_time,ea1_0.start_time from employee_availability ea1_0
2025-10-26T12:22:29.716+09:00 DEBUG 19468 --- [Shift Scheduler Demo] [           main] org.hibernate.SQL                        : select ea1_0.id,ea1_0.day_of_week,ea1_0.employee_id,ea1_0.end_time,ea1_0.start_time from employee_availability ea1_0
Hibernate: select ea1_0.id,ea1_0.day_of_week,ea1_0.employee_id,ea1_0.end_time,ea1_0.start_time from employee_availability ea1_0
2025-10-26T12:22:29.719+09:00 DEBUG 19468 --- [Shift Scheduler Demo] [           main] org.hibernate.SQL                        : select ea1_0.id,ea1_0.day_of_week,ea1_0.employee_id,ea1_0.end_time,ea1_0.start_time from employee_availability ea1_0
Hibernate: select ea1_0.id,ea1_0.day_of_week,ea1_0.employee_id,ea1_0.end_time,ea1_0.start_time from employee_availability ea1_0
2025-10-26T12:22:29.719+09:00 DEBUG 19468 --- [Shift Scheduler Demo] [           main] org.hibernate.SQL                        : select ea1_0.id,ea1_0.day_of_week,ea1_0.employee_id,ea1_0.end_time,ea1_0.start_time from employee_availability ea1_0
Hibernate: select ea1_0.id,ea1_0.day_of_week,ea1_0.employee_id,ea1_0.end_time,ea1_0.start_time from employee_availability ea1_0
2025-10-26T12:22:29.719+09:00 DEBUG 19468 --- [Shift Scheduler Demo] [           main] org.hibernate.SQL                        : select ea1_0.id,ea1_0.day_of_week,ea1_0.employee_id,ea1_0.end_time,ea1_0.start_time from employee_availability ea1_0
Hibernate: select ea1_0.id,ea1_0.day_of_week,ea1_0.employee_id,ea1_0.end_time,ea1_0.start_time from employee_availability ea1_0
2025-10-26T12:22:29.719+09:00 DEBUG 19468 --- [Shift Scheduler Demo] [           main] org.hibernate.SQL                        : select ea1_0.id,ea1_0.day_of_week,ea1_0.employee_id,ea1_0.end_time,ea1_0.start_time from employee_availability ea1_0
Hibernate: select ea1_0.id,ea1_0.day_of_week,ea1_0.employee_id,ea1_0.end_time,ea1_0.start_time from employee_availability ea1_0
2025-10-26T12:22:29.719+09:00 DEBUG 19468 --- [Shift Scheduler Demo] [           main] org.hibernate.SQL                        : select ea1_0.id,ea1_0.day_of_week,ea1_0.employee_id,ea1_0.end_time,ea1_0.start_time from employee_availability ea1_0
Hibernate: select ea1_0.id,ea1_0.day_of_week,ea1_0.employee_id,ea1_0.end_time,ea1_0.start_time from employee_availability ea1_0
2025-10-26T12:22:29.734+09:00 DEBUG 19468 --- [Shift Scheduler Demo] [           main] org.hibernate.SQL                        : select ea1_0.id,ea1_0.day_of_week,ea1_0.employee_id,ea1_0.end_time,ea1_0.start_time from employee_availability ea1_0
Hibernate: select ea1_0.id,ea1_0.day_of_week,ea1_0.employee_id,ea1_0.end_time,ea1_0.start_time from employee_availability ea1_0
2025-10-26T12:22:29.734+09:00 DEBUG 19468 --- [Shift Scheduler Demo] [           main] org.hibernate.SQL                        : select ea1_0.id,ea1_0.day_of_week,ea1_0.employee_id,ea1_0.end_time,ea1_0.start_time from employee_availability ea1_0
Hibernate: select ea1_0.id,ea1_0.day_of_week,ea1_0.employee_id,ea1_0.end_time,ea1_0.start_time from employee_availability ea1_0
2025-10-26T12:22:29.734+09:00 DEBUG 19468 --- [Shift Scheduler Demo] [           main] org.hibernate.SQL                        : select ea1_0.id,ea1_0.day_of_week,ea1_0.employee_id,ea1_0.end_time,ea1_0.start_time from employee_availability ea1_0
Hibernate: select ea1_0.id,ea1_0.day_of_week,ea1_0.employee_id,ea1_0.end_time,ea1_0.start_time from employee_availability ea1_0
2025-10-26T12:22:29.745+09:00 DEBUG 19468 --- [Shift Scheduler Demo] [           main] org.hibernate.SQL                        : select ea1_0.id,ea1_0.day_of_week,ea1_0.employee_id,ea1_0.end_time,ea1_0.start_time from employee_availability ea1_0
Hibernate: select ea1_0.id,ea1_0.day_of_week,ea1_0.employee_id,ea1_0.end_time,ea1_0.start_time from employee_availability ea1_0
2025-10-26T12:22:29.748+09:00 DEBUG 19468 --- [Shift Scheduler Demo] [           main] org.hibernate.SQL                        : select ea1_0.id,ea1_0.day_of_week,ea1_0.employee_id,ea1_0.end_time,ea1_0.start_time from employee_availability ea1_0
Hibernate: select ea1_0.id,ea1_0.day_of_week,ea1_0.employee_id,ea1_0.end_time,ea1_0.start_time from employee_availability ea1_0
2025-10-26T12:22:29.757+09:00 DEBUG 19468 --- [Shift Scheduler Demo] [           main] org.hibernate.SQL                        : select ea1_0.id,ea1_0.day_of_week,ea1_0.employee_id,ea1_0.end_time,ea1_0.start_time from employee_availability ea1_0
Hibernate: select ea1_0.id,ea1_0.day_of_week,ea1_0.employee_id,ea1_0.end_time,ea1_0.start_time from employee_availability ea1_0
2025-10-26T12:22:29.760+09:00 DEBUG 19468 --- [Shift Scheduler Demo] [           main] org.hibernate.SQL                        : select ea1_0.id,ea1_0.day_of_week,ea1_0.employee_id,ea1_0.end_time,ea1_0.start_time from employee_availability ea1_0
Hibernate: select ea1_0.id,ea1_0.day_of_week,ea1_0.employee_id,ea1_0.end_time,ea1_0.start_time from employee_availability ea1_0
2025-10-26T12:22:29.762+09:00 DEBUG 19468 --- [Shift Scheduler Demo] [           main] org.hibernate.SQL                        : select ea1_0.id,ea1_0.day_of_week,ea1_0.employee_id,ea1_0.end_time,ea1_0.start_time from employee_availability ea1_0
Hibernate: select ea1_0.id,ea1_0.day_of_week,ea1_0.employee_id,ea1_0.end_time,ea1_0.start_time from employee_availability ea1_0
2025-10-26T12:22:29.766+09:00 DEBUG 19468 --- [Shift Scheduler Demo] [           main] org.hibernate.SQL                        : select ea1_0.id,ea1_0.day_of_week,ea1_0.employee_id,ea1_0.end_time,ea1_0.start_time from employee_availability ea1_0
Hibernate: select ea1_0.id,ea1_0.day_of_week,ea1_0.employee_id,ea1_0.end_time,ea1_0.start_time from employee_availability ea1_0
2025-10-26T12:22:29.766+09:00 DEBUG 19468 --- [Shift Scheduler Demo] [           main] org.hibernate.SQL                        : select ea1_0.id,ea1_0.day_of_week,ea1_0.employee_id,ea1_0.end_time,ea1_0.start_time from employee_availability ea1_0
Hibernate: select ea1_0.id,ea1_0.day_of_week,ea1_0.employee_id,ea1_0.end_time,ea1_0.start_time from employee_availability ea1_0
2025-10-26T12:22:29.766+09:00 DEBUG 19468 --- [Shift Scheduler Demo] [           main] org.hibernate.SQL                        : select ea1_0.id,ea1_0.day_of_week,ea1_0.employee_id,ea1_0.end_time,ea1_0.start_time from employee_availability ea1_0
Hibernate: select ea1_0.id,ea1_0.day_of_week,ea1_0.employee_id,ea1_0.end_time,ea1_0.start_time from employee_availability ea1_0
2025-10-26T12:22:29.778+09:00 DEBUG 19468 --- [Shift Scheduler Demo] [           main] org.hibernate.SQL                        : select ea1_0.id,ea1_0.day_of_week,ea1_0.employee_id,ea1_0.end_time,ea1_0.start_time from employee_availability ea1_0
Hibernate: select ea1_0.id,ea1_0.day_of_week,ea1_0.employee_id,ea1_0.end_time,ea1_0.start_time from employee_availability ea1_0
2025-10-26T12:22:29.782+09:00 DEBUG 19468 --- [Shift Scheduler Demo] [           main] org.hibernate.SQL                        : select ea1_0.id,ea1_0.day_of_week,ea1_0.employee_id,ea1_0.end_time,ea1_0.start_time from employee_availability ea1_0
Hibernate: select ea1_0.id,ea1_0.day_of_week,ea1_0.employee_id,ea1_0.end_time,ea1_0.start_time from employee_availability ea1_0
2025-10-26T12:22:29.787+09:00 DEBUG 19468 --- [Shift Scheduler Demo] [           main] org.hibernate.SQL                        : select ea1_0.id,ea1_0.day_of_week,ea1_0.employee_id,ea1_0.end_time,ea1_0.start_time from employee_availability ea1_0
Hibernate: select ea1_0.id,ea1_0.day_of_week,ea1_0.employee_id,ea1_0.end_time,ea1_0.start_time from employee_availability ea1_0
2025-10-26T12:22:29.789+09:00 DEBUG 19468 --- [Shift Scheduler Demo] [           main] org.hibernate.SQL                        : select ea1_0.id,ea1_0.day_of_week,ea1_0.employee_id,ea1_0.end_time,ea1_0.start_time from employee_availability ea1_0
Hibernate: select ea1_0.id,ea1_0.day_of_week,ea1_0.employee_id,ea1_0.end_time,ea1_0.start_time from employee_availability ea1_0
2025-10-26T12:22:29.792+09:00 DEBUG 19468 --- [Shift Scheduler Demo] [           main] org.hibernate.SQL                        : select ea1_0.id,ea1_0.day_of_week,ea1_0.employee_id,ea1_0.end_time,ea1_0.start_time from employee_availability ea1_0
Hibernate: select ea1_0.id,ea1_0.day_of_week,ea1_0.employee_id,ea1_0.end_time,ea1_0.start_time from employee_availability ea1_0
2025-10-26T12:22:29.798+09:00 DEBUG 19468 --- [Shift Scheduler Demo] [           main] org.hibernate.SQL                        : select ea1_0.id,ea1_0.day_of_week,ea1_0.employee_id,ea1_0.end_time,ea1_0.start_time from employee_availability ea1_0
Hibernate: select ea1_0.id,ea1_0.day_of_week,ea1_0.employee_id,ea1_0.end_time,ea1_0.start_time from employee_availability ea1_0
2025-10-26T12:22:29.800+09:00 DEBUG 19468 --- [Shift Scheduler Demo] [           main] org.hibernate.SQL                        : select ea1_0.id,ea1_0.day_of_week,ea1_0.employee_id,ea1_0.end_time,ea1_0.start_time from employee_availability ea1_0
Hibernate: select ea1_0.id,ea1_0.day_of_week,ea1_0.employee_id,ea1_0.end_time,ea1_0.start_time from employee_availability ea1_0
2025-10-26T12:22:29.805+09:00 DEBUG 19468 --- [Shift Scheduler Demo] [           main] org.hibernate.SQL                        : select ea1_0.id,ea1_0.day_of_week,ea1_0.employee_id,ea1_0.end_time,ea1_0.start_time from employee_availability ea1_0
Hibernate: select ea1_0.id,ea1_0.day_of_week,ea1_0.employee_id,ea1_0.end_time,ea1_0.start_time from employee_availability ea1_0
2025-10-26T12:22:29.807+09:00 DEBUG 19468 --- [Shift Scheduler Demo] [           main] org.hibernate.SQL                        : select ea1_0.id,ea1_0.day_of_week,ea1_0.employee_id,ea1_0.end_time,ea1_0.start_time from employee_availability ea1_0
Hibernate: select ea1_0.id,ea1_0.day_of_week,ea1_0.employee_id,ea1_0.end_time,ea1_0.start_time from employee_availability ea1_0
2025-10-26T12:22:29.807+09:00 DEBUG 19468 --- [Shift Scheduler Demo] [           main] org.hibernate.SQL                        : select ea1_0.id,ea1_0.day_of_week,ea1_0.employee_id,ea1_0.end_time,ea1_0.start_time from employee_availability ea1_0
Hibernate: select ea1_0.id,ea1_0.day_of_week,ea1_0.employee_id,ea1_0.end_time,ea1_0.start_time from employee_availability ea1_0
2025-10-26T12:22:29.813+09:00 DEBUG 19468 --- [Shift Scheduler Demo] [           main] org.hibernate.SQL                        : select ea1_0.id,ea1_0.day_of_week,ea1_0.employee_id,ea1_0.end_time,ea1_0.start_time from employee_availability ea1_0
Hibernate: select ea1_0.id,ea1_0.day_of_week,ea1_0.employee_id,ea1_0.end_time,ea1_0.start_time from employee_availability ea1_0
2025-10-26T12:22:29.823+09:00 DEBUG 19468 --- [Shift Scheduler Demo] [           main] org.hibernate.SQL                        : select ea1_0.id,ea1_0.day_of_week,ea1_0.employee_id,ea1_0.end_time,ea1_0.start_time from employee_availability ea1_0
Hibernate: select ea1_0.id,ea1_0.day_of_week,ea1_0.employee_id,ea1_0.end_time,ea1_0.start_time from employee_availability ea1_0
2025-10-26T12:22:29.826+09:00 DEBUG 19468 --- [Shift Scheduler Demo] [           main] org.hibernate.SQL                        : select ea1_0.id,ea1_0.day_of_week,ea1_0.employee_id,ea1_0.end_time,ea1_0.start_time from employee_availability ea1_0
Hibernate: select ea1_0.id,ea1_0.day_of_week,ea1_0.employee_id,ea1_0.end_time,ea1_0.start_time from employee_availability ea1_0
2025-10-26T12:22:29.834+09:00 DEBUG 19468 --- [Shift Scheduler Demo] [           main] org.hibernate.SQL                        : select ea1_0.id,ea1_0.day_of_week,ea1_0.employee_id,ea1_0.end_time,ea1_0.start_time from employee_availability ea1_0
Hibernate: select ea1_0.id,ea1_0.day_of_week,ea1_0.employee_id,ea1_0.end_time,ea1_0.start_time from employee_availability ea1_0
2025-10-26T12:22:29.835+09:00 DEBUG 19468 --- [Shift Scheduler Demo] [           main] org.hibernate.SQL                        : select ea1_0.id,ea1_0.day_of_week,ea1_0.employee_id,ea1_0.end_time,ea1_0.start_time from employee_availability ea1_0
Hibernate: select ea1_0.id,ea1_0.day_of_week,ea1_0.employee_id,ea1_0.end_time,ea1_0.start_time from employee_availability ea1_0
2025-10-26T12:22:29.838+09:00 DEBUG 19468 --- [Shift Scheduler Demo] [           main] org.hibernate.SQL                        : select ea1_0.id,ea1_0.day_of_week,ea1_0.employee_id,ea1_0.end_time,ea1_0.start_time from employee_availability ea1_0
Hibernate: select ea1_0.id,ea1_0.day_of_week,ea1_0.employee_id,ea1_0.end_time,ea1_0.start_time from employee_availability ea1_0
2025-10-26T12:22:29.841+09:00 DEBUG 19468 --- [Shift Scheduler Demo] [           main] org.hibernate.SQL                        : select ea1_0.id,ea1_0.day_of_week,ea1_0.employee_id,ea1_0.end_time,ea1_0.start_time from employee_availability ea1_0
Hibernate: select ea1_0.id,ea1_0.day_of_week,ea1_0.employee_id,ea1_0.end_time,ea1_0.start_time from employee_availability ea1_0
2025-10-26T12:22:29.844+09:00 DEBUG 19468 --- [Shift Scheduler Demo] [           main] org.hibernate.SQL                        : select ea1_0.id,ea1_0.day_of_week,ea1_0.employee_id,ea1_0.end_time,ea1_0.start_time from employee_availability ea1_0
Hibernate: select ea1_0.id,ea1_0.day_of_week,ea1_0.employee_id,ea1_0.end_time,ea1_0.start_time from employee_availability ea1_0
2025-10-26T12:22:29.847+09:00 DEBUG 19468 --- [Shift Scheduler Demo] [           main] org.hibernate.SQL                        : select ea1_0.id,ea1_0.day_of_week,ea1_0.employee_id,ea1_0.end_time,ea1_0.start_time from employee_availability ea1_0
Hibernate: select ea1_0.id,ea1_0.day_of_week,ea1_0.employee_id,ea1_0.end_time,ea1_0.start_time from employee_availability ea1_0
2025-10-26T12:22:29.849+09:00 DEBUG 19468 --- [Shift Scheduler Demo] [           main] org.hibernate.SQL                        : select ea1_0.id,ea1_0.day_of_week,ea1_0.employee_id,ea1_0.end_time,ea1_0.start_time from employee_availability ea1_0
Hibernate: select ea1_0.id,ea1_0.day_of_week,ea1_0.employee_id,ea1_0.end_time,ea1_0.start_time from employee_availability ea1_0
2025-10-26T12:22:29.850+09:00 DEBUG 19468 --- [Shift Scheduler Demo] [           main] org.hibernate.SQL                        : select ea1_0.id,ea1_0.day_of_week,ea1_0.employee_id,ea1_0.end_time,ea1_0.start_time from employee_availability ea1_0
Hibernate: select ea1_0.id,ea1_0.day_of_week,ea1_0.employee_id,ea1_0.end_time,ea1_0.start_time from employee_availability ea1_0
2025-10-26T12:22:29.855+09:00 DEBUG 19468 --- [Shift Scheduler Demo] [           main] org.hibernate.SQL                        : select ea1_0.id,ea1_0.day_of_week,ea1_0.employee_id,ea1_0.end_time,ea1_0.start_time from employee_availability ea1_0
Hibernate: select ea1_0.id,ea1_0.day_of_week,ea1_0.employee_id,ea1_0.end_time,ea1_0.start_time from employee_availability ea1_0
2025-10-26T12:22:29.861+09:00 DEBUG 19468 --- [Shift Scheduler Demo] [           main] org.hibernate.SQL                        : select ea1_0.id,ea1_0.day_of_week,ea1_0.employee_id,ea1_0.end_time,ea1_0.start_time from employee_availability ea1_0
Hibernate: select ea1_0.id,ea1_0.day_of_week,ea1_0.employee_id,ea1_0.end_time,ea1_0.start_time from employee_availability ea1_0
2025-10-26T12:22:29.863+09:00 DEBUG 19468 --- [Shift Scheduler Demo] [           main] org.hibernate.SQL                        : select ea1_0.id,ea1_0.day_of_week,ea1_0.employee_id,ea1_0.end_time,ea1_0.start_time from employee_availability ea1_0
Hibernate: select ea1_0.id,ea1_0.day_of_week,ea1_0.employee_id,ea1_0.end_time,ea1_0.start_time from employee_availability ea1_0
2025-10-26T12:22:29.866+09:00 DEBUG 19468 --- [Shift Scheduler Demo] [           main] org.hibernate.SQL                        : select ea1_0.id,ea1_0.day_of_week,ea1_0.employee_id,ea1_0.end_time,ea1_0.start_time from employee_availability ea1_0
Hibernate: select ea1_0.id,ea1_0.day_of_week,ea1_0.employee_id,ea1_0.end_time,ea1_0.start_time from employee_availability ea1_0
2025-10-26T12:22:29.871+09:00 DEBUG 19468 --- [Shift Scheduler Demo] [           main] org.hibernate.SQL                        : select ea1_0.id,ea1_0.day_of_week,ea1_0.employee_id,ea1_0.end_time,ea1_0.start_time from employee_availability ea1_0
Hibernate: select ea1_0.id,ea1_0.day_of_week,ea1_0.employee_id,ea1_0.end_time,ea1_0.start_time from employee_availability ea1_0
2025-10-26T12:22:29.871+09:00 DEBUG 19468 --- [Shift Scheduler Demo] [           main] org.hibernate.SQL                        : select ea1_0.id,ea1_0.day_of_week,ea1_0.employee_id,ea1_0.end_time,ea1_0.start_time from employee_availability ea1_0
Hibernate: select ea1_0.id,ea1_0.day_of_week,ea1_0.employee_id,ea1_0.end_time,ea1_0.start_time from employee_availability ea1_0
2025-10-26T12:22:29.871+09:00 DEBUG 19468 --- [Shift Scheduler Demo] [           main] org.hibernate.SQL                        : select ea1_0.id,ea1_0.day_of_week,ea1_0.employee_id,ea1_0.end_time,ea1_0.start_time from employee_availability ea1_0
Hibernate: select ea1_0.id,ea1_0.day_of_week,ea1_0.employee_id,ea1_0.end_time,ea1_0.start_time from employee_availability ea1_0
2025-10-26T12:22:29.871+09:00 DEBUG 19468 --- [Shift Scheduler Demo] [           main] org.hibernate.SQL                        : select ea1_0.id,ea1_0.day_of_week,ea1_0.employee_id,ea1_0.end_time,ea1_0.start_time from employee_availability ea1_0
Hibernate: select ea1_0.id,ea1_0.day_of_week,ea1_0.employee_id,ea1_0.end_time,ea1_0.start_time from employee_availability ea1_0
2025-10-26T12:22:29.892+09:00 DEBUG 19468 --- [Shift Scheduler Demo] [           main] org.hibernate.SQL                        : select ea1_0.id,ea1_0.day_of_week,ea1_0.employee_id,ea1_0.end_time,ea1_0.start_time from employee_availability ea1_0
Hibernate: select ea1_0.id,ea1_0.day_of_week,ea1_0.employee_id,ea1_0.end_time,ea1_0.start_time from employee_availability ea1_0
2025-10-26T12:22:29.895+09:00 DEBUG 19468 --- [Shift Scheduler Demo] [           main] org.hibernate.SQL                        : select ea1_0.id,ea1_0.day_of_week,ea1_0.employee_id,ea1_0.end_time,ea1_0.start_time from employee_availability ea1_0
Hibernate: select ea1_0.id,ea1_0.day_of_week,ea1_0.employee_id,ea1_0.end_time,ea1_0.start_time from employee_availability ea1_0
2025-10-26T12:22:29.899+09:00 DEBUG 19468 --- [Shift Scheduler Demo] [           main] org.hibernate.SQL                        : select ea1_0.id,ea1_0.day_of_week,ea1_0.employee_id,ea1_0.end_time,ea1_0.start_time from employee_availability ea1_0
Hibernate: select ea1_0.id,ea1_0.day_of_week,ea1_0.employee_id,ea1_0.end_time,ea1_0.start_time from employee_availability ea1_0
2025-10-26T12:22:29.902+09:00 DEBUG 19468 --- [Shift Scheduler Demo] [           main] org.hibernate.SQL                        : select ea1_0.id,ea1_0.day_of_week,ea1_0.employee_id,ea1_0.end_time,ea1_0.start_time from employee_availability ea1_0
Hibernate: select ea1_0.id,ea1_0.day_of_week,ea1_0.employee_id,ea1_0.end_time,ea1_0.start_time from employee_availability ea1_0
2025-10-26T12:22:29.905+09:00 DEBUG 19468 --- [Shift Scheduler Demo] [           main] org.hibernate.SQL                        : select ea1_0.id,ea1_0.day_of_week,ea1_0.employee_id,ea1_0.end_time,ea1_0.start_time from employee_availability ea1_0
Hibernate: select ea1_0.id,ea1_0.day_of_week,ea1_0.employee_id,ea1_0.end_time,ea1_0.start_time from employee_availability ea1_0
2025-10-26T12:22:29.907+09:00 DEBUG 19468 --- [Shift Scheduler Demo] [           main] org.hibernate.SQL                        : select ea1_0.id,ea1_0.day_of_week,ea1_0.employee_id,ea1_0.end_time,ea1_0.start_time from employee_availability ea1_0
Hibernate: select ea1_0.id,ea1_0.day_of_week,ea1_0.employee_id,ea1_0.end_time,ea1_0.start_time from employee_availability ea1_0
2025-10-26T12:22:29.907+09:00 DEBUG 19468 --- [Shift Scheduler Demo] [           main] org.hibernate.SQL                        : select ea1_0.id,ea1_0.day_of_week,ea1_0.employee_id,ea1_0.end_time,ea1_0.start_time from employee_availability ea1_0
Hibernate: select ea1_0.id,ea1_0.day_of_week,ea1_0.employee_id,ea1_0.end_time,ea1_0.start_time from employee_availability ea1_0
2025-10-26T12:22:29.907+09:00 DEBUG 19468 --- [Shift Scheduler Demo] [           main] org.hibernate.SQL                        : select ea1_0.id,ea1_0.day_of_week,ea1_0.employee_id,ea1_0.end_time,ea1_0.start_time from employee_availability ea1_0
Hibernate: select ea1_0.id,ea1_0.day_of_week,ea1_0.employee_id,ea1_0.end_time,ea1_0.start_time from employee_availability ea1_0
2025-10-26T12:22:29.907+09:00 DEBUG 19468 --- [Shift Scheduler Demo] [           main] org.hibernate.SQL                        : select ea1_0.id,ea1_0.day_of_week,ea1_0.employee_id,ea1_0.end_time,ea1_0.start_time from employee_availability ea1_0
Hibernate: select ea1_0.id,ea1_0.day_of_week,ea1_0.employee_id,ea1_0.end_time,ea1_0.start_time from employee_availability ea1_0
2025-10-26T12:22:29.923+09:00 DEBUG 19468 --- [Shift Scheduler Demo] [           main] org.hibernate.SQL                        : select ea1_0.id,ea1_0.day_of_week,ea1_0.employee_id,ea1_0.end_time,ea1_0.start_time from employee_availability ea1_0
Hibernate: select ea1_0.id,ea1_0.day_of_week,ea1_0.employee_id,ea1_0.end_time,ea1_0.start_time from employee_availability ea1_0
2025-10-26T12:22:29.938+09:00 DEBUG 19468 --- [Shift Scheduler Demo] [           main] org.hibernate.SQL                        : select ea1_0.id,ea1_0.day_of_week,ea1_0.employee_id,ea1_0.end_time,ea1_0.start_time from employee_availability ea1_0
Hibernate: select ea1_0.id,ea1_0.day_of_week,ea1_0.employee_id,ea1_0.end_time,ea1_0.start_time from employee_availability ea1_0
2025-10-26T12:22:29.940+09:00 DEBUG 19468 --- [Shift Scheduler Demo] [           main] org.hibernate.SQL                        : select ea1_0.id,ea1_0.day_of_week,ea1_0.employee_id,ea1_0.end_time,ea1_0.start_time from employee_availability ea1_0
Hibernate: select ea1_0.id,ea1_0.day_of_week,ea1_0.employee_id,ea1_0.end_time,ea1_0.start_time from employee_availability ea1_0
2025-10-26T12:22:29.940+09:00 DEBUG 19468 --- [Shift Scheduler Demo] [           main] org.hibernate.SQL                        : select ea1_0.id,ea1_0.day_of_week,ea1_0.employee_id,ea1_0.end_time,ea1_0.start_time from employee_availability ea1_0
Hibernate: select ea1_0.id,ea1_0.day_of_week,ea1_0.employee_id,ea1_0.end_time,ea1_0.start_time from employee_availability ea1_0
2025-10-26T12:22:29.948+09:00 DEBUG 19468 --- [Shift Scheduler Demo] [           main] org.hibernate.SQL                        : select ea1_0.id,ea1_0.day_of_week,ea1_0.employee_id,ea1_0.end_time,ea1_0.start_time from employee_availability ea1_0
Hibernate: select ea1_0.id,ea1_0.day_of_week,ea1_0.employee_id,ea1_0.end_time,ea1_0.start_time from employee_availability ea1_0
2025-10-26T12:22:29.955+09:00 DEBUG 19468 --- [Shift Scheduler Demo] [           main] org.hibernate.SQL                        : select ea1_0.id,ea1_0.day_of_week,ea1_0.employee_id,ea1_0.end_time,ea1_0.start_time from employee_availability ea1_0
Hibernate: select ea1_0.id,ea1_0.day_of_week,ea1_0.employee_id,ea1_0.end_time,ea1_0.start_time from employee_availability ea1_0
2025-10-26T12:22:29.960+09:00 DEBUG 19468 --- [Shift Scheduler Demo] [           main] org.hibernate.SQL                        : select ea1_0.id,ea1_0.day_of_week,ea1_0.employee_id,ea1_0.end_time,ea1_0.start_time from employee_availability ea1_0
Hibernate: select ea1_0.id,ea1_0.day_of_week,ea1_0.employee_id,ea1_0.end_time,ea1_0.start_time from employee_availability ea1_0
2025-10-26T12:22:29.962+09:00 DEBUG 19468 --- [Shift Scheduler Demo] [           main] org.hibernate.SQL                        : select ea1_0.id,ea1_0.day_of_week,ea1_0.employee_id,ea1_0.end_time,ea1_0.start_time from employee_availability ea1_0
Hibernate: select ea1_0.id,ea1_0.day_of_week,ea1_0.employee_id,ea1_0.end_time,ea1_0.start_time from employee_availability ea1_0
2025-10-26T12:22:29.965+09:00 DEBUG 19468 --- [Shift Scheduler Demo] [           main] org.hibernate.SQL                        : select ea1_0.id,ea1_0.day_of_week,ea1_0.employee_id,ea1_0.end_time,ea1_0.start_time from employee_availability ea1_0
Hibernate: select ea1_0.id,ea1_0.day_of_week,ea1_0.employee_id,ea1_0.end_time,ea1_0.start_time from employee_availability ea1_0
2025-10-26T12:22:29.967+09:00 DEBUG 19468 --- [Shift Scheduler Demo] [           main] org.hibernate.SQL                        : select ea1_0.id,ea1_0.day_of_week,ea1_0.employee_id,ea1_0.end_time,ea1_0.start_time from employee_availability ea1_0
Hibernate: select ea1_0.id,ea1_0.day_of_week,ea1_0.employee_id,ea1_0.end_time,ea1_0.start_time from employee_availability ea1_0
2025-10-26T12:22:29.969+09:00 DEBUG 19468 --- [Shift Scheduler Demo] [           main] org.hibernate.SQL                        : select ea1_0.id,ea1_0.day_of_week,ea1_0.employee_id,ea1_0.end_time,ea1_0.start_time from employee_availability ea1_0
Hibernate: select ea1_0.id,ea1_0.day_of_week,ea1_0.employee_id,ea1_0.end_time,ea1_0.start_time from employee_availability ea1_0
2025-10-26T12:22:29.973+09:00 DEBUG 19468 --- [Shift Scheduler Demo] [           main] org.hibernate.SQL                        : select ea1_0.id,ea1_0.day_of_week,ea1_0.employee_id,ea1_0.end_time,ea1_0.start_time from employee_availability ea1_0
Hibernate: select ea1_0.id,ea1_0.day_of_week,ea1_0.employee_id,ea1_0.end_time,ea1_0.start_time from employee_availability ea1_0
2025-10-26T12:22:29.977+09:00 DEBUG 19468 --- [Shift Scheduler Demo] [           main] org.hibernate.SQL                        : select ea1_0.id,ea1_0.day_of_week,ea1_0.employee_id,ea1_0.end_time,ea1_0.start_time from employee_availability ea1_0
Hibernate: select ea1_0.id,ea1_0.day_of_week,ea1_0.employee_id,ea1_0.end_time,ea1_0.start_time from employee_availability ea1_0
2025-10-26T12:22:29.978+09:00 DEBUG 19468 --- [Shift Scheduler Demo] [           main] org.hibernate.SQL                        : select ea1_0.id,ea1_0.day_of_week,ea1_0.employee_id,ea1_0.end_time,ea1_0.start_time from employee_availability ea1_0
Hibernate: select ea1_0.id,ea1_0.day_of_week,ea1_0.employee_id,ea1_0.end_time,ea1_0.start_time from employee_availability ea1_0
2025-10-26T12:22:29.982+09:00 DEBUG 19468 --- [Shift Scheduler Demo] [           main] org.hibernate.SQL                        : select ea1_0.id,ea1_0.day_of_week,ea1_0.employee_id,ea1_0.end_time,ea1_0.start_time from employee_availability ea1_0
Hibernate: select ea1_0.id,ea1_0.day_of_week,ea1_0.employee_id,ea1_0.end_time,ea1_0.start_time from employee_availability ea1_0
2025-10-26T12:22:29.984+09:00 DEBUG 19468 --- [Shift Scheduler Demo] [           main] org.hibernate.SQL                        : select ea1_0.id,ea1_0.day_of_week,ea1_0.employee_id,ea1_0.end_time,ea1_0.start_time from employee_availability ea1_0
Hibernate: select ea1_0.id,ea1_0.day_of_week,ea1_0.employee_id,ea1_0.end_time,ea1_0.start_time from employee_availability ea1_0
2025-10-26T12:22:29.993+09:00 DEBUG 19468 --- [Shift Scheduler Demo] [           main] org.hibernate.SQL                        : select ea1_0.id,ea1_0.day_of_week,ea1_0.employee_id,ea1_0.end_time,ea1_0.start_time from employee_availability ea1_0
Hibernate: select ea1_0.id,ea1_0.day_of_week,ea1_0.employee_id,ea1_0.end_time,ea1_0.start_time from employee_availability ea1_0
2025-10-26T12:22:29.995+09:00 DEBUG 19468 --- [Shift Scheduler Demo] [           main] org.hibernate.SQL                        : select ea1_0.id,ea1_0.day_of_week,ea1_0.employee_id,ea1_0.end_time,ea1_0.start_time from employee_availability ea1_0
Hibernate: select ea1_0.id,ea1_0.day_of_week,ea1_0.employee_id,ea1_0.end_time,ea1_0.start_time from employee_availability ea1_0
2025-10-26T12:22:29.998+09:00 DEBUG 19468 --- [Shift Scheduler Demo] [           main] org.hibernate.SQL                        : select ea1_0.id,ea1_0.day_of_week,ea1_0.employee_id,ea1_0.end_time,ea1_0.start_time from employee_availability ea1_0
Hibernate: select ea1_0.id,ea1_0.day_of_week,ea1_0.employee_id,ea1_0.end_time,ea1_0.start_time from employee_availability ea1_0
2025-10-26T12:22:30.001+09:00 DEBUG 19468 --- [Shift Scheduler Demo] [           main] org.hibernate.SQL                        : select ea1_0.id,ea1_0.day_of_week,ea1_0.employee_id,ea1_0.end_time,ea1_0.start_time from employee_availability ea1_0
Hibernate: select ea1_0.id,ea1_0.day_of_week,ea1_0.employee_id,ea1_0.end_time,ea1_0.start_time from employee_availability ea1_0
2025-10-26T12:22:30.005+09:00 DEBUG 19468 --- [Shift Scheduler Demo] [           main] org.hibernate.SQL                        : select ea1_0.id,ea1_0.day_of_week,ea1_0.employee_id,ea1_0.end_time,ea1_0.start_time from employee_availability ea1_0
Hibernate: select ea1_0.id,ea1_0.day_of_week,ea1_0.employee_id,ea1_0.end_time,ea1_0.start_time from employee_availability ea1_0
2025-10-26T12:22:30.010+09:00 DEBUG 19468 --- [Shift Scheduler Demo] [           main] org.hibernate.SQL                        : select ea1_0.id,ea1_0.day_of_week,ea1_0.employee_id,ea1_0.end_time,ea1_0.start_time from employee_availability ea1_0
Hibernate: select ea1_0.id,ea1_0.day_of_week,ea1_0.employee_id,ea1_0.end_time,ea1_0.start_time from employee_availability ea1_0
2025-10-26T12:22:30.013+09:00 DEBUG 19468 --- [Shift Scheduler Demo] [           main] org.hibernate.SQL                        : select ea1_0.id,ea1_0.day_of_week,ea1_0.employee_id,ea1_0.end_time,ea1_0.start_time from employee_availability ea1_0
Hibernate: select ea1_0.id,ea1_0.day_of_week,ea1_0.employee_id,ea1_0.end_time,ea1_0.start_time from employee_availability ea1_0
2025-10-26T12:22:30.015+09:00 DEBUG 19468 --- [Shift Scheduler Demo] [           main] org.hibernate.SQL                        : select ea1_0.id,ea1_0.day_of_week,ea1_0.employee_id,ea1_0.end_time,ea1_0.start_time from employee_availability ea1_0
Hibernate: select ea1_0.id,ea1_0.day_of_week,ea1_0.employee_id,ea1_0.end_time,ea1_0.start_time from employee_availability ea1_0
2025-10-26T12:22:30.015+09:00 DEBUG 19468 --- [Shift Scheduler Demo] [           main] org.hibernate.SQL                        : select ea1_0.id,ea1_0.day_of_week,ea1_0.employee_id,ea1_0.end_time,ea1_0.start_time from employee_availability ea1_0
Hibernate: select ea1_0.id,ea1_0.day_of_week,ea1_0.employee_id,ea1_0.end_time,ea1_0.start_time from employee_availability ea1_0
2025-10-26T12:22:30.020+09:00 DEBUG 19468 --- [Shift Scheduler Demo] [           main] org.hibernate.SQL                        : select ea1_0.id,ea1_0.day_of_week,ea1_0.employee_id,ea1_0.end_time,ea1_0.start_time from employee_availability ea1_0
Hibernate: select ea1_0.id,ea1_0.day_of_week,ea1_0.employee_id,ea1_0.end_time,ea1_0.start_time from employee_availability ea1_0
2025-10-26T12:22:30.024+09:00 DEBUG 19468 --- [Shift Scheduler Demo] [           main] org.hibernate.SQL                        : select ea1_0.id,ea1_0.day_of_week,ea1_0.employee_id,ea1_0.end_time,ea1_0.start_time from employee_availability ea1_0
Hibernate: select ea1_0.id,ea1_0.day_of_week,ea1_0.employee_id,ea1_0.end_time,ea1_0.start_time from employee_availability ea1_0
2025-10-26T12:22:30.027+09:00 DEBUG 19468 --- [Shift Scheduler Demo] [           main] org.hibernate.SQL                        : select ea1_0.id,ea1_0.day_of_week,ea1_0.employee_id,ea1_0.end_time,ea1_0.start_time from employee_availability ea1_0
Hibernate: select ea1_0.id,ea1_0.day_of_week,ea1_0.employee_id,ea1_0.end_time,ea1_0.start_time from employee_availability ea1_0
2025-10-26T12:22:30.030+09:00 DEBUG 19468 --- [Shift Scheduler Demo] [           main] org.hibernate.SQL                        : select ea1_0.id,ea1_0.day_of_week,ea1_0.employee_id,ea1_0.end_time,ea1_0.start_time from employee_availability ea1_0
Hibernate: select ea1_0.id,ea1_0.day_of_week,ea1_0.employee_id,ea1_0.end_time,ea1_0.start_time from employee_availability ea1_0
2025-10-26T12:22:30.033+09:00 DEBUG 19468 --- [Shift Scheduler Demo] [           main] org.hibernate.SQL                        : select ea1_0.id,ea1_0.day_of_week,ea1_0.employee_id,ea1_0.end_time,ea1_0.start_time from employee_availability ea1_0
Hibernate: select ea1_0.id,ea1_0.day_of_week,ea1_0.employee_id,ea1_0.end_time,ea1_0.start_time from employee_availability ea1_0
2025-10-26T12:22:30.034+09:00 DEBUG 19468 --- [Shift Scheduler Demo] [           main] org.hibernate.SQL                        : select ea1_0.id,ea1_0.day_of_week,ea1_0.employee_id,ea1_0.end_time,ea1_0.start_time from employee_availability ea1_0
Hibernate: select ea1_0.id,ea1_0.day_of_week,ea1_0.employee_id,ea1_0.end_time,ea1_0.start_time from employee_availability ea1_0
2025-10-26T12:22:30.034+09:00 DEBUG 19468 --- [Shift Scheduler Demo] [           main] org.hibernate.SQL                        : select ea1_0.id,ea1_0.day_of_week,ea1_0.employee_id,ea1_0.end_time,ea1_0.start_time from employee_availability ea1_0
Hibernate: select ea1_0.id,ea1_0.day_of_week,ea1_0.employee_id,ea1_0.end_time,ea1_0.start_time from employee_availability ea1_0
2025-10-26T12:22:30.039+09:00 DEBUG 19468 --- [Shift Scheduler Demo] [           main] org.hibernate.SQL                        : select ea1_0.id,ea1_0.day_of_week,ea1_0.employee_id,ea1_0.end_time,ea1_0.start_time from employee_availability ea1_0
Hibernate: select ea1_0.id,ea1_0.day_of_week,ea1_0.employee_id,ea1_0.end_time,ea1_0.start_time from employee_availability ea1_0
2025-10-26T12:22:30.041+09:00 DEBUG 19468 --- [Shift Scheduler Demo] [           main] org.hibernate.SQL                        : select ea1_0.id,ea1_0.day_of_week,ea1_0.employee_id,ea1_0.end_time,ea1_0.start_time from employee_availability ea1_0
Hibernate: select ea1_0.id,ea1_0.day_of_week,ea1_0.employee_id,ea1_0.end_time,ea1_0.start_time from employee_availability ea1_0
2025-10-26T12:22:30.043+09:00 DEBUG 19468 --- [Shift Scheduler Demo] [           main] org.hibernate.SQL                        : select ea1_0.id,ea1_0.day_of_week,ea1_0.employee_id,ea1_0.end_time,ea1_0.start_time from employee_availability ea1_0
Hibernate: select ea1_0.id,ea1_0.day_of_week,ea1_0.employee_id,ea1_0.end_time,ea1_0.start_time from employee_availability ea1_0
2025-10-26T12:22:30.044+09:00 DEBUG 19468 --- [Shift Scheduler Demo] [           main] org.hibernate.SQL                        : select ea1_0.id,ea1_0.day_of_week,ea1_0.employee_id,ea1_0.end_time,ea1_0.start_time from employee_availability ea1_0
Hibernate: select ea1_0.id,ea1_0.day_of_week,ea1_0.employee_id,ea1_0.end_time,ea1_0.start_time from employee_availability ea1_0
2025-10-26T12:22:30.044+09:00 DEBUG 19468 --- [Shift Scheduler Demo] [           main] org.hibernate.SQL                        : select ea1_0.id,ea1_0.day_of_week,ea1_0.employee_id,ea1_0.end_time,ea1_0.start_time from employee_availability ea1_0
Hibernate: select ea1_0.id,ea1_0.day_of_week,ea1_0.employee_id,ea1_0.end_time,ea1_0.start_time from employee_availability ea1_0
2025-10-26T12:22:30.044+09:00 DEBUG 19468 --- [Shift Scheduler Demo] [           main] org.hibernate.SQL                        : select ea1_0.id,ea1_0.day_of_week,ea1_0.employee_id,ea1_0.end_time,ea1_0.start_time from employee_availability ea1_0
Hibernate: select ea1_0.id,ea1_0.day_of_week,ea1_0.employee_id,ea1_0.end_time,ea1_0.start_time from employee_availability ea1_0
2025-10-26T12:22:30.044+09:00 DEBUG 19468 --- [Shift Scheduler Demo] [           main] org.hibernate.SQL                        : select ea1_0.id,ea1_0.day_of_week,ea1_0.employee_id,ea1_0.end_time,ea1_0.start_time from employee_availability ea1_0
Hibernate: select ea1_0.id,ea1_0.day_of_week,ea1_0.employee_id,ea1_0.end_time,ea1_0.start_time from employee_availability ea1_0
2025-10-26T12:22:30.058+09:00 DEBUG 19468 --- [Shift Scheduler Demo] [           main] org.hibernate.SQL                        : select ea1_0.id,ea1_0.day_of_week,ea1_0.employee_id,ea1_0.end_time,ea1_0.start_time from employee_availability ea1_0
Hibernate: select ea1_0.id,ea1_0.day_of_week,ea1_0.employee_id,ea1_0.end_time,ea1_0.start_time from employee_availability ea1_0
2025-10-26T12:22:30.061+09:00 DEBUG 19468 --- [Shift Scheduler Demo] [           main] org.hibernate.SQL                        : select ea1_0.id,ea1_0.day_of_week,ea1_0.employee_id,ea1_0.end_time,ea1_0.start_time from employee_availability ea1_0
Hibernate: select ea1_0.id,ea1_0.day_of_week,ea1_0.employee_id,ea1_0.end_time,ea1_0.start_time from employee_availability ea1_0
2025-10-26T12:22:30.062+09:00 DEBUG 19468 --- [Shift Scheduler Demo] [           main] org.hibernate.SQL                        : select ea1_0.id,ea1_0.day_of_week,ea1_0.employee_id,ea1_0.end_time,ea1_0.start_time from employee_availability ea1_0
Hibernate: select ea1_0.id,ea1_0.day_of_week,ea1_0.employee_id,ea1_0.end_time,ea1_0.start_time from employee_availability ea1_0
2025-10-26T12:22:30.062+09:00 DEBUG 19468 --- [Shift Scheduler Demo] [           main] org.hibernate.SQL                        : select ea1_0.id,ea1_0.day_of_week,ea1_0.employee_id,ea1_0.end_time,ea1_0.start_time from employee_availability ea1_0
Hibernate: select ea1_0.id,ea1_0.day_of_week,ea1_0.employee_id,ea1_0.end_time,ea1_0.start_time from employee_availability ea1_0
2025-10-26T12:22:30.070+09:00 DEBUG 19468 --- [Shift Scheduler Demo] [           main] org.hibernate.SQL                        : select ea1_0.id,ea1_0.day_of_week,ea1_0.employee_id,ea1_0.end_time,ea1_0.start_time from employee_availability ea1_0
Hibernate: select ea1_0.id,ea1_0.day_of_week,ea1_0.employee_id,ea1_0.end_time,ea1_0.start_time from employee_availability ea1_0
2025-10-26T12:22:30.073+09:00 DEBUG 19468 --- [Shift Scheduler Demo] [           main] org.hibernate.SQL                        : select ea1_0.id,ea1_0.day_of_week,ea1_0.employee_id,ea1_0.end_time,ea1_0.start_time from employee_availability ea1_0
Hibernate: select ea1_0.id,ea1_0.day_of_week,ea1_0.employee_id,ea1_0.end_time,ea1_0.start_time from employee_availability ea1_0
2025-10-26T12:22:30.564+09:00  INFO 19468 --- [Shift Scheduler Demo] [           main] c.e.shiftv1.schedule.ScheduleService     : �V�t�g�������J�n���܂�: 2025�N10��
2025-10-26T12:22:30.567+09:00 DEBUG 19468 --- [Shift Scheduler Demo] [           main] org.hibernate.SQL                        : select e1_0.id,e1_0.created_at,e1_0.name,e1_0.role from employees e1_0
Hibernate: select e1_0.id,e1_0.created_at,e1_0.name,e1_0.role from employees e1_0
2025-10-26T12:22:30.571+09:00 DEBUG 19468 --- [Shift Scheduler Demo] [           main] org.hibernate.SQL                        : select s1_0.employee_id,s1_1.id,s1_1.code,s1_1.created_at,s1_1.description,s1_1.name,s1_1.priority,s1_1.updated_at from employee_skills s1_0 join skills s1_1 on s1_1.id=s1_0.skill_id where s1_0.employee_id=?
Hibernate: select s1_0.employee_id,s1_1.id,s1_1.code,s1_1.created_at,s1_1.description,s1_1.name,s1_1.priority,s1_1.updated_at from employee_skills s1_0 join skills s1_1 on s1_1.id=s1_0.skill_id where s1_0.employee_id=?
2025-10-26T12:22:30.571+09:00 DEBUG 19468 --- [Shift Scheduler Demo] [           main] org.hibernate.SQL                        : select s1_0.employee_id,s1_1.id,s1_1.code,s1_1.created_at,s1_1.description,s1_1.name,s1_1.priority,s1_1.updated_at from employee_skills s1_0 join skills s1_1 on s1_1.id=s1_0.skill_id where s1_0.employee_id=?
Hibernate: select s1_0.employee_id,s1_1.id,s1_1.code,s1_1.created_at,s1_1.description,s1_1.name,s1_1.priority,s1_1.updated_at from employee_skills s1_0 join skills s1_1 on s1_1.id=s1_0.skill_id where s1_0.employee_id=?
2025-10-26T12:22:30.571+09:00 DEBUG 19468 --- [Shift Scheduler Demo] [           main] org.hibernate.SQL                        : select s1_0.employee_id,s1_1.id,s1_1.code,s1_1.created_at,s1_1.description,s1_1.name,s1_1.priority,s1_1.updated_at from employee_skills s1_0 join skills s1_1 on s1_1.id=s1_0.skill_id where s1_0.employee_id=?
Hibernate: select s1_0.employee_id,s1_1.id,s1_1.code,s1_1.created_at,s1_1.description,s1_1.name,s1_1.priority,s1_1.updated_at from employee_skills s1_0 join skills s1_1 on s1_1.id=s1_0.skill_id where s1_0.employee_id=?
2025-10-26T12:22:30.571+09:00 DEBUG 19468 --- [Shift Scheduler Demo] [           main] org.hibernate.SQL                        : select s1_0.employee_id,s1_1.id,s1_1.code,s1_1.created_at,s1_1.description,s1_1.name,s1_1.priority,s1_1.updated_at from employee_skills s1_0 join skills s1_1 on s1_1.id=s1_0.skill_id where s1_0.employee_id=?
Hibernate: select s1_0.employee_id,s1_1.id,s1_1.code,s1_1.created_at,s1_1.description,s1_1.name,s1_1.priority,s1_1.updated_at from employee_skills s1_0 join skills s1_1 on s1_1.id=s1_0.skill_id where s1_0.employee_id=?
2025-10-26T12:22:30.571+09:00 DEBUG 19468 --- [Shift Scheduler Demo] [           main] org.hibernate.SQL                        : select s1_0.employee_id,s1_1.id,s1_1.code,s1_1.created_at,s1_1.description,s1_1.name,s1_1.priority,s1_1.updated_at from employee_skills s1_0 join skills s1_1 on s1_1.id=s1_0.skill_id where s1_0.employee_id=?
Hibernate: select s1_0.employee_id,s1_1.id,s1_1.code,s1_1.created_at,s1_1.description,s1_1.name,s1_1.priority,s1_1.updated_at from employee_skills s1_0 join skills s1_1 on s1_1.id=s1_0.skill_id where s1_0.employee_id=?
2025-10-26T12:22:30.571+09:00 DEBUG 19468 --- [Shift Scheduler Demo] [           main] org.hibernate.SQL                        : select s1_0.employee_id,s1_1.id,s1_1.code,s1_1.created_at,s1_1.description,s1_1.name,s1_1.priority,s1_1.updated_at from employee_skills s1_0 join skills s1_1 on s1_1.id=s1_0.skill_id where s1_0.employee_id=?
Hibernate: select s1_0.employee_id,s1_1.id,s1_1.code,s1_1.created_at,s1_1.description,s1_1.name,s1_1.priority,s1_1.updated_at from employee_skills s1_0 join skills s1_1 on s1_1.id=s1_0.skill_id where s1_0.employee_id=?
2025-10-26T12:22:30.571+09:00 DEBUG 19468 --- [Shift Scheduler Demo] [           main] org.hibernate.SQL                        : select s1_0.employee_id,s1_1.id,s1_1.code,s1_1.created_at,s1_1.description,s1_1.name,s1_1.priority,s1_1.updated_at from employee_skills s1_0 join skills s1_1 on s1_1.id=s1_0.skill_id where s1_0.employee_id=?
Hibernate: select s1_0.employee_id,s1_1.id,s1_1.code,s1_1.created_at,s1_1.description,s1_1.name,s1_1.priority,s1_1.updated_at from employee_skills s1_0 join skills s1_1 on s1_1.id=s1_0.skill_id where s1_0.employee_id=?
2025-10-26T12:22:30.571+09:00 DEBUG 19468 --- [Shift Scheduler Demo] [           main] org.hibernate.SQL                        : select s1_0.employee_id,s1_1.id,s1_1.code,s1_1.created_at,s1_1.description,s1_1.name,s1_1.priority,s1_1.updated_at from employee_skills s1_0 join skills s1_1 on s1_1.id=s1_0.skill_id where s1_0.employee_id=?
Hibernate: select s1_0.employee_id,s1_1.id,s1_1.code,s1_1.created_at,s1_1.description,s1_1.name,s1_1.priority,s1_1.updated_at from employee_skills s1_0 join skills s1_1 on s1_1.id=s1_0.skill_id where s1_0.employee_id=?
2025-10-26T12:22:30.571+09:00 DEBUG 19468 --- [Shift Scheduler Demo] [           main] org.hibernate.SQL                        : select s1_0.employee_id,s1_1.id,s1_1.code,s1_1.created_at,s1_1.description,s1_1.name,s1_1.priority,s1_1.updated_at from employee_skills s1_0 join skills s1_1 on s1_1.id=s1_0.skill_id where s1_0.employee_id=?
Hibernate: select s1_0.employee_id,s1_1.id,s1_1.code,s1_1.created_at,s1_1.description,s1_1.name,s1_1.priority,s1_1.updated_at from employee_skills s1_0 join skills s1_1 on s1_1.id=s1_0.skill_id where s1_0.employee_id=?
2025-10-26T12:22:30.571+09:00 DEBUG 19468 --- [Shift Scheduler Demo] [           main] org.hibernate.SQL                        : select s1_0.employee_id,s1_1.id,s1_1.code,s1_1.created_at,s1_1.description,s1_1.name,s1_1.priority,s1_1.updated_at from employee_skills s1_0 join skills s1_1 on s1_1.id=s1_0.skill_id where s1_0.employee_id=?
Hibernate: select s1_0.employee_id,s1_1.id,s1_1.code,s1_1.created_at,s1_1.description,s1_1.name,s1_1.priority,s1_1.updated_at from employee_skills s1_0 join skills s1_1 on s1_1.id=s1_0.skill_id where s1_0.employee_id=?
2025-10-26T12:22:30.571+09:00 DEBUG 19468 --- [Shift Scheduler Demo] [           main] org.hibernate.SQL                        : select s1_0.employee_id,s1_1.id,s1_1.code,s1_1.created_at,s1_1.description,s1_1.name,s1_1.priority,s1_1.updated_at from employee_skills s1_0 join skills s1_1 on s1_1.id=s1_0.skill_id where s1_0.employee_id=?
Hibernate: select s1_0.employee_id,s1_1.id,s1_1.code,s1_1.created_at,s1_1.description,s1_1.name,s1_1.priority,s1_1.updated_at from employee_skills s1_0 join skills s1_1 on s1_1.id=s1_0.skill_id where s1_0.employee_id=?
2025-10-26T12:22:30.571+09:00 DEBUG 19468 --- [Shift Scheduler Demo] [           main] org.hibernate.SQL                        : select s1_0.employee_id,s1_1.id,s1_1.code,s1_1.created_at,s1_1.description,s1_1.name,s1_1.priority,s1_1.updated_at from employee_skills s1_0 join skills s1_1 on s1_1.id=s1_0.skill_id where s1_0.employee_id=?
Hibernate: select s1_0.employee_id,s1_1.id,s1_1.code,s1_1.created_at,s1_1.description,s1_1.name,s1_1.priority,s1_1.updated_at from employee_skills s1_0 join skills s1_1 on s1_1.id=s1_0.skill_id where s1_0.employee_id=?
2025-10-26T12:22:30.571+09:00 DEBUG 19468 --- [Shift Scheduler Demo] [           main] org.hibernate.SQL                        : select s1_0.employee_id,s1_1.id,s1_1.code,s1_1.created_at,s1_1.description,s1_1.name,s1_1.priority,s1_1.updated_at from employee_skills s1_0 join skills s1_1 on s1_1.id=s1_0.skill_id where s1_0.employee_id=?
Hibernate: select s1_0.employee_id,s1_1.id,s1_1.code,s1_1.created_at,s1_1.description,s1_1.name,s1_1.priority,s1_1.updated_at from employee_skills s1_0 join skills s1_1 on s1_1.id=s1_0.skill_id where s1_0.employee_id=?
2025-10-26T12:22:30.578+09:00 DEBUG 19468 --- [Shift Scheduler Demo] [           main] org.hibernate.SQL                        : select s1_0.employee_id,s1_1.id,s1_1.code,s1_1.created_at,s1_1.description,s1_1.name,s1_1.priority,s1_1.updated_at from employee_skills s1_0 join skills s1_1 on s1_1.id=s1_0.skill_id where s1_0.employee_id=?
Hibernate: select s1_0.employee_id,s1_1.id,s1_1.code,s1_1.created_at,s1_1.description,s1_1.name,s1_1.priority,s1_1.updated_at from employee_skills s1_0 join skills s1_1 on s1_1.id=s1_0.skill_id where s1_0.employee_id=?
2025-10-26T12:22:30.578+09:00 DEBUG 19468 --- [Shift Scheduler Demo] [           main] org.hibernate.SQL                        : select s1_0.employee_id,s1_1.id,s1_1.code,s1_1.created_at,s1_1.description,s1_1.name,s1_1.priority,s1_1.updated_at from employee_skills s1_0 join skills s1_1 on s1_1.id=s1_0.skill_id where s1_0.employee_id=?
Hibernate: select s1_0.employee_id,s1_1.id,s1_1.code,s1_1.created_at,s1_1.description,s1_1.name,s1_1.priority,s1_1.updated_at from employee_skills s1_0 join skills s1_1 on s1_1.id=s1_0.skill_id where s1_0.employee_id=?
2025-10-26T12:22:30.578+09:00 DEBUG 19468 --- [Shift Scheduler Demo] [           main] org.hibernate.SQL                        : select s1_0.employee_id,s1_1.id,s1_1.code,s1_1.created_at,s1_1.description,s1_1.name,s1_1.priority,s1_1.updated_at from employee_skills s1_0 join skills s1_1 on s1_1.id=s1_0.skill_id where s1_0.employee_id=?
Hibernate: select s1_0.employee_id,s1_1.id,s1_1.code,s1_1.created_at,s1_1.description,s1_1.name,s1_1.priority,s1_1.updated_at from employee_skills s1_0 join skills s1_1 on s1_1.id=s1_0.skill_id where s1_0.employee_id=?
2025-10-26T12:22:30.578+09:00 DEBUG 19468 --- [Shift Scheduler Demo] [           main] org.hibernate.SQL                        : select s1_0.employee_id,s1_1.id,s1_1.code,s1_1.created_at,s1_1.description,s1_1.name,s1_1.priority,s1_1.updated_at from employee_skills s1_0 join skills s1_1 on s1_1.id=s1_0.skill_id where s1_0.employee_id=?
Hibernate: select s1_0.employee_id,s1_1.id,s1_1.code,s1_1.created_at,s1_1.description,s1_1.name,s1_1.priority,s1_1.updated_at from employee_skills s1_0 join skills s1_1 on s1_1.id=s1_0.skill_id where s1_0.employee_id=?
2025-10-26T12:22:30.578+09:00 DEBUG 19468 --- [Shift Scheduler Demo] [           main] org.hibernate.SQL                        : select s1_0.employee_id,s1_1.id,s1_1.code,s1_1.created_at,s1_1.description,s1_1.name,s1_1.priority,s1_1.updated_at from employee_skills s1_0 join skills s1_1 on s1_1.id=s1_0.skill_id where s1_0.employee_id=?
Hibernate: select s1_0.employee_id,s1_1.id,s1_1.code,s1_1.created_at,s1_1.description,s1_1.name,s1_1.priority,s1_1.updated_at from employee_skills s1_0 join skills s1_1 on s1_1.id=s1_0.skill_id where s1_0.employee_id=?
2025-10-26T12:22:30.578+09:00 DEBUG 19468 --- [Shift Scheduler Demo] [           main] org.hibernate.SQL                        : select s1_0.employee_id,s1_1.id,s1_1.code,s1_1.created_at,s1_1.description,s1_1.name,s1_1.priority,s1_1.updated_at from employee_skills s1_0 join skills s1_1 on s1_1.id=s1_0.skill_id where s1_0.employee_id=?
Hibernate: select s1_0.employee_id,s1_1.id,s1_1.code,s1_1.created_at,s1_1.description,s1_1.name,s1_1.priority,s1_1.updated_at from employee_skills s1_0 join skills s1_1 on s1_1.id=s1_0.skill_id where s1_0.employee_id=?
2025-10-26T12:22:30.580+09:00 DEBUG 19468 --- [Shift Scheduler Demo] [           main] org.hibernate.SQL                        : select s1_0.employee_id,s1_1.id,s1_1.code,s1_1.created_at,s1_1.description,s1_1.name,s1_1.priority,s1_1.updated_at from employee_skills s1_0 join skills s1_1 on s1_1.id=s1_0.skill_id where s1_0.employee_id=?
Hibernate: select s1_0.employee_id,s1_1.id,s1_1.code,s1_1.created_at,s1_1.description,s1_1.name,s1_1.priority,s1_1.updated_at from employee_skills s1_0 join skills s1_1 on s1_1.id=s1_0.skill_id where s1_0.employee_id=?
2025-10-26T12:22:30.580+09:00 DEBUG 19468 --- [Shift Scheduler Demo] [           main] org.hibernate.SQL                        : select s1_0.employee_id,s1_1.id,s1_1.code,s1_1.created_at,s1_1.description,s1_1.name,s1_1.priority,s1_1.updated_at from employee_skills s1_0 join skills s1_1 on s1_1.id=s1_0.skill_id where s1_0.employee_id=?
Hibernate: select s1_0.employee_id,s1_1.id,s1_1.code,s1_1.created_at,s1_1.description,s1_1.name,s1_1.priority,s1_1.updated_at from employee_skills s1_0 join skills s1_1 on s1_1.id=s1_0.skill_id where s1_0.employee_id=?
2025-10-26T12:22:30.580+09:00 DEBUG 19468 --- [Shift Scheduler Demo] [           main] org.hibernate.SQL                        : select s1_0.employee_id,s1_1.id,s1_1.code,s1_1.created_at,s1_1.description,s1_1.name,s1_1.priority,s1_1.updated_at from employee_skills s1_0 join skills s1_1 on s1_1.id=s1_0.skill_id where s1_0.employee_id=?
Hibernate: select s1_0.employee_id,s1_1.id,s1_1.code,s1_1.created_at,s1_1.description,s1_1.name,s1_1.priority,s1_1.updated_at from employee_skills s1_0 join skills s1_1 on s1_1.id=s1_0.skill_id where s1_0.employee_id=?
2025-10-26T12:22:30.580+09:00 DEBUG 19468 --- [Shift Scheduler Demo] [           main] org.hibernate.SQL                        : select s1_0.employee_id,s1_1.id,s1_1.code,s1_1.created_at,s1_1.description,s1_1.name,s1_1.priority,s1_1.updated_at from employee_skills s1_0 join skills s1_1 on s1_1.id=s1_0.skill_id where s1_0.employee_id=?
Hibernate: select s1_0.employee_id,s1_1.id,s1_1.code,s1_1.created_at,s1_1.description,s1_1.name,s1_1.priority,s1_1.updated_at from employee_skills s1_0 join skills s1_1 on s1_1.id=s1_0.skill_id where s1_0.employee_id=?
2025-10-26T12:22:30.580+09:00 DEBUG 19468 --- [Shift Scheduler Demo] [           main] org.hibernate.SQL                        : select s1_0.employee_id,s1_1.id,s1_1.code,s1_1.created_at,s1_1.description,s1_1.name,s1_1.priority,s1_1.updated_at from employee_skills s1_0 join skills s1_1 on s1_1.id=s1_0.skill_id where s1_0.employee_id=?
Hibernate: select s1_0.employee_id,s1_1.id,s1_1.code,s1_1.created_at,s1_1.description,s1_1.name,s1_1.priority,s1_1.updated_at from employee_skills s1_0 join skills s1_1 on s1_1.id=s1_0.skill_id where s1_0.employee_id=?
2025-10-26T12:22:30.580+09:00 DEBUG 19468 --- [Shift Scheduler Demo] [           main] org.hibernate.SQL                        : select s1_0.employee_id,s1_1.id,s1_1.code,s1_1.created_at,s1_1.description,s1_1.name,s1_1.priority,s1_1.updated_at from employee_skills s1_0 join skills s1_1 on s1_1.id=s1_0.skill_id where s1_0.employee_id=?
Hibernate: select s1_0.employee_id,s1_1.id,s1_1.code,s1_1.created_at,s1_1.description,s1_1.name,s1_1.priority,s1_1.updated_at from employee_skills s1_0 join skills s1_1 on s1_1.id=s1_0.skill_id where s1_0.employee_id=?
2025-10-26T12:22:30.580+09:00 DEBUG 19468 --- [Shift Scheduler Demo] [           main] org.hibernate.SQL                        : select s1_0.employee_id,s1_1.id,s1_1.code,s1_1.created_at,s1_1.description,s1_1.name,s1_1.priority,s1_1.updated_at from employee_skills s1_0 join skills s1_1 on s1_1.id=s1_0.skill_id where s1_0.employee_id=?
Hibernate: select s1_0.employee_id,s1_1.id,s1_1.code,s1_1.created_at,s1_1.description,s1_1.name,s1_1.priority,s1_1.updated_at from employee_skills s1_0 join skills s1_1 on s1_1.id=s1_0.skill_id where s1_0.employee_id=?
2025-10-26T12:22:30.580+09:00 DEBUG 19468 --- [Shift Scheduler Demo] [           main] org.hibernate.SQL                        : select s1_0.employee_id,s1_1.id,s1_1.code,s1_1.created_at,s1_1.description,s1_1.name,s1_1.priority,s1_1.updated_at from employee_skills s1_0 join skills s1_1 on s1_1.id=s1_0.skill_id where s1_0.employee_id=?
Hibernate: select s1_0.employee_id,s1_1.id,s1_1.code,s1_1.created_at,s1_1.description,s1_1.name,s1_1.priority,s1_1.updated_at from employee_skills s1_0 join skills s1_1 on s1_1.id=s1_0.skill_id where s1_0.employee_id=?
2025-10-26T12:22:30.582+09:00 DEBUG 19468 --- [Shift Scheduler Demo] [           main] org.hibernate.SQL                        : select s1_0.employee_id,s1_1.id,s1_1.code,s1_1.created_at,s1_1.description,s1_1.name,s1_1.priority,s1_1.updated_at from employee_skills s1_0 join skills s1_1 on s1_1.id=s1_0.skill_id where s1_0.employee_id=?
Hibernate: select s1_0.employee_id,s1_1.id,s1_1.code,s1_1.created_at,s1_1.description,s1_1.name,s1_1.priority,s1_1.updated_at from employee_skills s1_0 join skills s1_1 on s1_1.id=s1_0.skill_id where s1_0.employee_id=?
2025-10-26T12:22:30.582+09:00 DEBUG 19468 --- [Shift Scheduler Demo] [           main] org.hibernate.SQL                        : select s1_0.employee_id,s1_1.id,s1_1.code,s1_1.created_at,s1_1.description,s1_1.name,s1_1.priority,s1_1.updated_at from employee_skills s1_0 join skills s1_1 on s1_1.id=s1_0.skill_id where s1_0.employee_id=?
Hibernate: select s1_0.employee_id,s1_1.id,s1_1.code,s1_1.created_at,s1_1.description,s1_1.name,s1_1.priority,s1_1.updated_at from employee_skills s1_0 join skills s1_1 on s1_1.id=s1_0.skill_id where s1_0.employee_id=?
2025-10-26T12:22:30.582+09:00 DEBUG 19468 --- [Shift Scheduler Demo] [           main] org.hibernate.SQL                        : select s1_0.employee_id,s1_1.id,s1_1.code,s1_1.created_at,s1_1.description,s1_1.name,s1_1.priority,s1_1.updated_at from employee_skills s1_0 join skills s1_1 on s1_1.id=s1_0.skill_id where s1_0.employee_id=?
Hibernate: select s1_0.employee_id,s1_1.id,s1_1.code,s1_1.created_at,s1_1.description,s1_1.name,s1_1.priority,s1_1.updated_at from employee_skills s1_0 join skills s1_1 on s1_1.id=s1_0.skill_id where s1_0.employee_id=?
2025-10-26T12:22:30.615+09:00 DEBUG 19468 --- [Shift Scheduler Demo] [           main] org.hibernate.SQL                        : select sa1_0.id,sa1_0.employee_id,sa1_0.end_time,sa1_0.shift_name,sa1_0.start_time,sa1_0.work_date from shift_assignments sa1_0 where sa1_0.work_date<? order by sa1_0.work_date desc limit ?
Hibernate: select sa1_0.id,sa1_0.employee_id,sa1_0.end_time,sa1_0.shift_name,sa1_0.start_time,sa1_0.work_date from shift_assignments sa1_0 where sa1_0.work_date<? order by sa1_0.work_date desc limit ?
2025-10-26T12:22:30.624+09:00 DEBUG 19468 --- [Shift Scheduler Demo] [           main] org.hibernate.SQL                        : select sa1_0.id,sa1_0.employee_id,sa1_0.end_time,sa1_0.shift_name,sa1_0.start_time,sa1_0.work_date from shift_assignments sa1_0 where sa1_0.work_date between ? and ?
Hibernate: select sa1_0.id,sa1_0.employee_id,sa1_0.end_time,sa1_0.shift_name,sa1_0.start_time,sa1_0.work_date from shift_assignments sa1_0 where sa1_0.work_date between ? and ?
2025-10-26T12:22:30.626+09:00  INFO 19468 --- [Shift Scheduler Demo] [           main] c.e.shiftv1.schedule.ScheduleService     : �o�^�]�ƈ���: 30��
2025-10-26T12:22:30.630+09:00 DEBUG 19468 --- [Shift Scheduler Demo] [           main] org.hibernate.SQL                        : select sa1_0.id,sa1_0.employee_id,sa1_0.end_time,sa1_0.shift_name,sa1_0.start_time,sa1_0.work_date from shift_assignments sa1_0 where sa1_0.work_date=?
Hibernate: select sa1_0.id,sa1_0.employee_id,sa1_0.end_time,sa1_0.shift_name,sa1_0.start_time,sa1_0.work_date from shift_assignments sa1_0 where sa1_0.work_date=?
2025-10-26T12:22:30.665+09:00 DEBUG 19468 --- [Shift Scheduler Demo] [           main] org.hibernate.SQL                        : delete from shift_assignments where id=?
Hibernate: delete from shift_assignments where id=?
2025-10-26T12:22:30.668+09:00 DEBUG 19468 --- [Shift Scheduler Demo] [           main] org.hibernate.SQL                        : delete from shift_assignments where id=?
Hibernate: delete from shift_assignments where id=?
2025-10-26T12:22:30.668+09:00 DEBUG 19468 --- [Shift Scheduler Demo] [           main] org.hibernate.SQL                        : delete from shift_assignments where id=?
Hibernate: delete from shift_assignments where id=?
2025-10-26T12:22:30.668+09:00 DEBUG 19468 --- [Shift Scheduler Demo] [           main] org.hibernate.SQL                        : delete from shift_assignments where id=?
Hibernate: delete from shift_assignments where id=?
2025-10-26T12:22:30.668+09:00 DEBUG 19468 --- [Shift Scheduler Demo] [           main] org.hibernate.SQL                        : delete from shift_assignments where id=?
Hibernate: delete from shift_assignments where id=?
2025-10-26T12:22:30.668+09:00 DEBUG 19468 --- [Shift Scheduler Demo] [           main] org.hibernate.SQL                        : delete from shift_assignments where id=?
Hibernate: delete from shift_assignments where id=?
2025-10-26T12:22:30.668+09:00 DEBUG 19468 --- [Shift Scheduler Demo] [           main] org.hibernate.SQL                        : delete from shift_assignments where id=?
Hibernate: delete from shift_assignments where id=?
2025-10-26T12:22:30.668+09:00 DEBUG 19468 --- [Shift Scheduler Demo] [           main] org.hibernate.SQL                        : delete from shift_assignments where id=?
Hibernate: delete from shift_assignments where id=?
2025-10-26T12:22:30.668+09:00 DEBUG 19468 --- [Shift Scheduler Demo] [           main] org.hibernate.SQL                        : delete from shift_assignments where id=?
Hibernate: delete from shift_assignments where id=?
2025-10-26T12:22:30.678+09:00 DEBUG 19468 --- [Shift Scheduler Demo] [           main] org.hibernate.SQL                        : select sa1_0.id,sa1_0.employee_id,sa1_0.end_time,sa1_0.shift_name,sa1_0.start_time,sa1_0.work_date from shift_assignments sa1_0 where sa1_0.work_date=?
Hibernate: select sa1_0.id,sa1_0.employee_id,sa1_0.end_time,sa1_0.shift_name,sa1_0.start_time,sa1_0.work_date from shift_assignments sa1_0 where sa1_0.work_date=?
2025-10-26T12:22:30.680+09:00 DEBUG 19468 --- [Shift Scheduler Demo] [           main] org.hibernate.SQL                        : delete from shift_assignments where id=?
Hibernate: delete from shift_assignments where id=?
2025-10-26T12:22:30.680+09:00 DEBUG 19468 --- [Shift Scheduler Demo] [           main] org.hibernate.SQL                        : delete from shift_assignments where id=?
Hibernate: delete from shift_assignments where id=?
2025-10-26T12:22:30.680+09:00 DEBUG 19468 --- [Shift Scheduler Demo] [           main] org.hibernate.SQL                        : delete from shift_assignments where id=?
Hibernate: delete from shift_assignments where id=?
2025-10-26T12:22:30.680+09:00 DEBUG 19468 --- [Shift Scheduler Demo] [           main] org.hibernate.SQL                        : delete from shift_assignments where id=?
Hibernate: delete from shift_assignments where id=?
2025-10-26T12:22:30.680+09:00 DEBUG 19468 --- [Shift Scheduler Demo] [           main] org.hibernate.SQL                        : delete from shift_assignments where id=?
Hibernate: delete from shift_assignments where id=?
2025-10-26T12:22:30.680+09:00 DEBUG 19468 --- [Shift Scheduler Demo] [           main] org.hibernate.SQL                        : delete from shift_assignments where id=?
Hibernate: delete from shift_assignments where id=?
2025-10-26T12:22:30.680+09:00 DEBUG 19468 --- [Shift Scheduler Demo] [           main] org.hibernate.SQL                        : delete from shift_assignments where id=?
Hibernate: delete from shift_assignments where id=?
2025-10-26T12:22:30.680+09:00 DEBUG 19468 --- [Shift Scheduler Demo] [           main] org.hibernate.SQL                        : delete from shift_assignments where id=?
Hibernate: delete from shift_assignments where id=?
2025-10-26T12:22:30.680+09:00 DEBUG 19468 --- [Shift Scheduler Demo] [           main] org.hibernate.SQL                        : delete from shift_assignments where id=?
Hibernate: delete from shift_assignments where id=?
2025-10-26T12:22:30.680+09:00 DEBUG 19468 --- [Shift Scheduler Demo] [           main] org.hibernate.SQL                        : select sa1_0.id,sa1_0.employee_id,sa1_0.end_time,sa1_0.shift_name,sa1_0.start_time,sa1_0.work_date from shift_assignments sa1_0 where sa1_0.work_date=?
Hibernate: select sa1_0.id,sa1_0.employee_id,sa1_0.end_time,sa1_0.shift_name,sa1_0.start_time,sa1_0.work_date from shift_assignments sa1_0 where sa1_0.work_date=?
2025-10-26T12:22:30.688+09:00 DEBUG 19468 --- [Shift Scheduler Demo] [           main] org.hibernate.SQL                        : delete from shift_assignments where id=?
Hibernate: delete from shift_assignments where id=?
2025-10-26T12:22:30.688+09:00 DEBUG 19468 --- [Shift Scheduler Demo] [           main] org.hibernate.SQL                        : delete from shift_assignments where id=?
Hibernate: delete from shift_assignments where id=?
2025-10-26T12:22:30.688+09:00 DEBUG 19468 --- [Shift Scheduler Demo] [           main] org.hibernate.SQL                        : delete from shift_assignments where id=?
Hibernate: delete from shift_assignments where id=?
2025-10-26T12:22:30.688+09:00 DEBUG 19468 --- [Shift Scheduler Demo] [           main] org.hibernate.SQL                        : delete from shift_assignments where id=?
Hibernate: delete from shift_assignments where id=?
2025-10-26T12:22:30.688+09:00 DEBUG 19468 --- [Shift Scheduler Demo] [           main] org.hibernate.SQL                        : delete from shift_assignments where id=?
Hibernate: delete from shift_assignments where id=?
2025-10-26T12:22:30.688+09:00 DEBUG 19468 --- [Shift Scheduler Demo] [           main] org.hibernate.SQL                        : delete from shift_assignments where id=?
Hibernate: delete from shift_assignments where id=?
2025-10-26T12:22:30.688+09:00 DEBUG 19468 --- [Shift Scheduler Demo] [           main] org.hibernate.SQL                        : delete from shift_assignments where id=?
Hibernate: delete from shift_assignments where id=?
2025-10-26T12:22:30.688+09:00 DEBUG 19468 --- [Shift Scheduler Demo] [           main] org.hibernate.SQL                        : delete from shift_assignments where id=?
Hibernate: delete from shift_assignments where id=?
2025-10-26T12:22:30.688+09:00 DEBUG 19468 --- [Shift Scheduler Demo] [           main] org.hibernate.SQL                        : delete from shift_assignments where id=?
Hibernate: delete from shift_assignments where id=?
2025-10-26T12:22:30.688+09:00 DEBUG 19468 --- [Shift Scheduler Demo] [           main] org.hibernate.SQL                        : delete from shift_assignments where id=?
Hibernate: delete from shift_assignments where id=?
2025-10-26T12:22:30.688+09:00 DEBUG 19468 --- [Shift Scheduler Demo] [           main] org.hibernate.SQL                        : delete from shift_assignments where id=?
Hibernate: delete from shift_assignments where id=?
2025-10-26T12:22:30.688+09:00 DEBUG 19468 --- [Shift Scheduler Demo] [           main] org.hibernate.SQL                        : delete from shift_assignments where id=?
Hibernate: delete from shift_assignments where id=?
2025-10-26T12:22:30.688+09:00 DEBUG 19468 --- [Shift Scheduler Demo] [           main] org.hibernate.SQL                        : select sa1_0.id,sa1_0.employee_id,sa1_0.end_time,sa1_0.shift_name,sa1_0.start_time,sa1_0.work_date from shift_assignments sa1_0 where sa1_0.work_date=?
Hibernate: select sa1_0.id,sa1_0.employee_id,sa1_0.end_time,sa1_0.shift_name,sa1_0.start_time,sa1_0.work_date from shift_assignments sa1_0 where sa1_0.work_date=?
2025-10-26T12:22:30.698+09:00 DEBUG 19468 --- [Shift Scheduler Demo] [           main] org.hibernate.SQL                        : delete from shift_assignments where id=?
Hibernate: delete from shift_assignments where id=?
2025-10-26T12:22:30.698+09:00 DEBUG 19468 --- [Shift Scheduler Demo] [           main] org.hibernate.SQL                        : delete from shift_assignments where id=?
Hibernate: delete from shift_assignments where id=?
2025-10-26T12:22:30.698+09:00 DEBUG 19468 --- [Shift Scheduler Demo] [           main] org.hibernate.SQL                        : delete from shift_assignments where id=?
Hibernate: delete from shift_assignments where id=?
2025-10-26T12:22:30.698+09:00 DEBUG 19468 --- [Shift Scheduler Demo] [           main] org.hibernate.SQL                        : delete from shift_assignments where id=?
Hibernate: delete from shift_assignments where id=?
2025-10-26T12:22:30.698+09:00 DEBUG 19468 --- [Shift Scheduler Demo] [           main] org.hibernate.SQL                        : delete from shift_assignments where id=?
Hibernate: delete from shift_assignments where id=?
2025-10-26T12:22:30.698+09:00 DEBUG 19468 --- [Shift Scheduler Demo] [           main] org.hibernate.SQL                        : delete from shift_assignments where id=?
Hibernate: delete from shift_assignments where id=?
2025-10-26T12:22:30.698+09:00 DEBUG 19468 --- [Shift Scheduler Demo] [           main] org.hibernate.SQL                        : delete from shift_assignments where id=?
Hibernate: delete from shift_assignments where id=?
2025-10-26T12:22:30.698+09:00 DEBUG 19468 --- [Shift Scheduler Demo] [           main] org.hibernate.SQL                        : delete from shift_assignments where id=?
Hibernate: delete from shift_assignments where id=?
2025-10-26T12:22:30.700+09:00 DEBUG 19468 --- [Shift Scheduler Demo] [           main] org.hibernate.SQL                        : delete from shift_assignments where id=?
Hibernate: delete from shift_assignments where id=?
2025-10-26T12:22:30.700+09:00 DEBUG 19468 --- [Shift Scheduler Demo] [           main] org.hibernate.SQL                        : delete from shift_assignments where id=?
Hibernate: delete from shift_assignments where id=?
2025-10-26T12:22:30.700+09:00 DEBUG 19468 --- [Shift Scheduler Demo] [           main] org.hibernate.SQL                        : select sa1_0.id,sa1_0.employee_id,sa1_0.end_time,sa1_0.shift_name,sa1_0.start_time,sa1_0.work_date from shift_assignments sa1_0 where sa1_0.work_date=?
Hibernate: select sa1_0.id,sa1_0.employee_id,sa1_0.end_time,sa1_0.shift_name,sa1_0.start_time,sa1_0.work_date from shift_assignments sa1_0 where sa1_0.work_date=?
2025-10-26T12:22:30.705+09:00 DEBUG 19468 --- [Shift Scheduler Demo] [           main] org.hibernate.SQL                        : delete from shift_assignments where id=?
Hibernate: delete from shift_assignments where id=?
2025-10-26T12:22:30.705+09:00 DEBUG 19468 --- [Shift Scheduler Demo] [           main] org.hibernate.SQL                        : delete from shift_assignments where id=?
Hibernate: delete from shift_assignments where id=?
2025-10-26T12:22:30.707+09:00 DEBUG 19468 --- [Shift Scheduler Demo] [           main] org.hibernate.SQL                        : delete from shift_assignments where id=?
Hibernate: delete from shift_assignments where id=?
2025-10-26T12:22:30.707+09:00 DEBUG 19468 --- [Shift Scheduler Demo] [           main] org.hibernate.SQL                        : delete from shift_assignments where id=?
Hibernate: delete from shift_assignments where id=?
2025-10-26T12:22:30.707+09:00 DEBUG 19468 --- [Shift Scheduler Demo] [           main] org.hibernate.SQL                        : select sa1_0.id,sa1_0.employee_id,sa1_0.end_time,sa1_0.shift_name,sa1_0.start_time,sa1_0.work_date from shift_assignments sa1_0 where sa1_0.work_date=?
Hibernate: select sa1_0.id,sa1_0.employee_id,sa1_0.end_time,sa1_0.shift_name,sa1_0.start_time,sa1_0.work_date from shift_assignments sa1_0 where sa1_0.work_date=?
2025-10-26T12:22:30.712+09:00 DEBUG 19468 --- [Shift Scheduler Demo] [           main] org.hibernate.SQL                        : delete from shift_assignments where id=?
Hibernate: delete from shift_assignments where id=?
2025-10-26T12:22:30.713+09:00 DEBUG 19468 --- [Shift Scheduler Demo] [           main] org.hibernate.SQL                        : delete from shift_assignments where id=?
Hibernate: delete from shift_assignments where id=?
2025-10-26T12:22:30.713+09:00 DEBUG 19468 --- [Shift Scheduler Demo] [           main] org.hibernate.SQL                        : delete from shift_assignments where id=?
Hibernate: delete from shift_assignments where id=?
2025-10-26T12:22:30.713+09:00 DEBUG 19468 --- [Shift Scheduler Demo] [           main] org.hibernate.SQL                        : delete from shift_assignments where id=?
Hibernate: delete from shift_assignments where id=?
2025-10-26T12:22:30.714+09:00 DEBUG 19468 --- [Shift Scheduler Demo] [           main] org.hibernate.SQL                        : delete from shift_assignments where id=?
Hibernate: delete from shift_assignments where id=?
2025-10-26T12:22:30.714+09:00 DEBUG 19468 --- [Shift Scheduler Demo] [           main] org.hibernate.SQL                        : delete from shift_assignments where id=?
Hibernate: delete from shift_assignments where id=?
2025-10-26T12:22:30.714+09:00 DEBUG 19468 --- [Shift Scheduler Demo] [           main] org.hibernate.SQL                        : delete from shift_assignments where id=?
Hibernate: delete from shift_assignments where id=?
2025-10-26T12:22:30.714+09:00 DEBUG 19468 --- [Shift Scheduler Demo] [           main] org.hibernate.SQL                        : delete from shift_assignments where id=?
Hibernate: delete from shift_assignments where id=?
2025-10-26T12:22:30.714+09:00 DEBUG 19468 --- [Shift Scheduler Demo] [           main] org.hibernate.SQL                        : delete from shift_assignments where id=?
Hibernate: delete from shift_assignments where id=?
2025-10-26T12:22:30.714+09:00 DEBUG 19468 --- [Shift Scheduler Demo] [           main] org.hibernate.SQL                        : delete from shift_assignments where id=?
Hibernate: delete from shift_assignments where id=?
2025-10-26T12:22:30.714+09:00 DEBUG 19468 --- [Shift Scheduler Demo] [           main] org.hibernate.SQL                        : delete from shift_assignments where id=?
Hibernate: delete from shift_assignments where id=?
2025-10-26T12:22:30.714+09:00 DEBUG 19468 --- [Shift Scheduler Demo] [           main] org.hibernate.SQL                        : delete from shift_assignments where id=?
Hibernate: delete from shift_assignments where id=?
2025-10-26T12:22:30.714+09:00 DEBUG 19468 --- [Shift Scheduler Demo] [           main] org.hibernate.SQL                        : select sa1_0.id,sa1_0.employee_id,sa1_0.end_time,sa1_0.shift_name,sa1_0.start_time,sa1_0.work_date from shift_assignments sa1_0 where sa1_0.work_date=?
Hibernate: select sa1_0.id,sa1_0.employee_id,sa1_0.end_time,sa1_0.shift_name,sa1_0.start_time,sa1_0.work_date from shift_assignments sa1_0 where sa1_0.work_date=?
2025-10-26T12:22:30.718+09:00 DEBUG 19468 --- [Shift Scheduler Demo] [           main] org.hibernate.SQL                        : delete from shift_assignments where id=?
Hibernate: delete from shift_assignments where id=?
2025-10-26T12:22:30.721+09:00 DEBUG 19468 --- [Shift Scheduler Demo] [           main] org.hibernate.SQL                        : delete from shift_assignments where id=?
Hibernate: delete from shift_assignments where id=?
2025-10-26T12:22:30.721+09:00 DEBUG 19468 --- [Shift Scheduler Demo] [           main] org.hibernate.SQL                        : delete from shift_assignments where id=?
Hibernate: delete from shift_assignments where id=?
2025-10-26T12:22:30.721+09:00 DEBUG 19468 --- [Shift Scheduler Demo] [           main] org.hibernate.SQL                        : delete from shift_assignments where id=?
Hibernate: delete from shift_assignments where id=?
2025-10-26T12:22:30.721+09:00 DEBUG 19468 --- [Shift Scheduler Demo] [           main] org.hibernate.SQL                        : delete from shift_assignments where id=?
Hibernate: delete from shift_assignments where id=?
2025-10-26T12:22:30.723+09:00 DEBUG 19468 --- [Shift Scheduler Demo] [           main] org.hibernate.SQL                        : delete from shift_assignments where id=?
Hibernate: delete from shift_assignments where id=?
2025-10-26T12:22:30.723+09:00 DEBUG 19468 --- [Shift Scheduler Demo] [           main] org.hibernate.SQL                        : delete from shift_assignments where id=?
Hibernate: delete from shift_assignments where id=?
2025-10-26T12:22:30.723+09:00 DEBUG 19468 --- [Shift Scheduler Demo] [           main] org.hibernate.SQL                        : delete from shift_assignments where id=?
Hibernate: delete from shift_assignments where id=?
2025-10-26T12:22:30.723+09:00 DEBUG 19468 --- [Shift Scheduler Demo] [           main] org.hibernate.SQL                        : delete from shift_assignments where id=?
Hibernate: delete from shift_assignments where id=?
2025-10-26T12:22:30.723+09:00 DEBUG 19468 --- [Shift Scheduler Demo] [           main] org.hibernate.SQL                        : delete from shift_assignments where id=?
Hibernate: delete from shift_assignments where id=?
2025-10-26T12:22:30.723+09:00 DEBUG 19468 --- [Shift Scheduler Demo] [           main] org.hibernate.SQL                        : delete from shift_assignments where id=?
Hibernate: delete from shift_assignments where id=?
2025-10-26T12:22:30.723+09:00 DEBUG 19468 --- [Shift Scheduler Demo] [           main] org.hibernate.SQL                        : delete from shift_assignments where id=?
Hibernate: delete from shift_assignments where id=?
2025-10-26T12:22:30.724+09:00 DEBUG 19468 --- [Shift Scheduler Demo] [           main] org.hibernate.SQL                        : select sa1_0.id,sa1_0.employee_id,sa1_0.end_time,sa1_0.shift_name,sa1_0.start_time,sa1_0.work_date from shift_assignments sa1_0 where sa1_0.work_date=?
Hibernate: select sa1_0.id,sa1_0.employee_id,sa1_0.end_time,sa1_0.shift_name,sa1_0.start_time,sa1_0.work_date from shift_assignments sa1_0 where sa1_0.work_date=?
2025-10-26T12:22:30.727+09:00 DEBUG 19468 --- [Shift Scheduler Demo] [           main] org.hibernate.SQL                        : delete from shift_assignments where id=?
Hibernate: delete from shift_assignments where id=?
2025-10-26T12:22:30.727+09:00 DEBUG 19468 --- [Shift Scheduler Demo] [           main] org.hibernate.SQL                        : delete from shift_assignments where id=?
Hibernate: delete from shift_assignments where id=?
2025-10-26T12:22:30.730+09:00 DEBUG 19468 --- [Shift Scheduler Demo] [           main] org.hibernate.SQL                        : delete from shift_assignments where id=?
Hibernate: delete from shift_assignments where id=?
2025-10-26T12:22:30.730+09:00 DEBUG 19468 --- [Shift Scheduler Demo] [           main] org.hibernate.SQL                        : delete from shift_assignments where id=?
Hibernate: delete from shift_assignments where id=?
2025-10-26T12:22:30.730+09:00 DEBUG 19468 --- [Shift Scheduler Demo] [           main] org.hibernate.SQL                        : delete from shift_assignments where id=?
Hibernate: delete from shift_assignments where id=?
2025-10-26T12:22:30.730+09:00 DEBUG 19468 --- [Shift Scheduler Demo] [           main] org.hibernate.SQL                        : delete from shift_assignments where id=?
Hibernate: delete from shift_assignments where id=?
2025-10-26T12:22:30.730+09:00 DEBUG 19468 --- [Shift Scheduler Demo] [           main] org.hibernate.SQL                        : delete from shift_assignments where id=?
Hibernate: delete from shift_assignments where id=?
2025-10-26T12:22:30.730+09:00 DEBUG 19468 --- [Shift Scheduler Demo] [           main] org.hibernate.SQL                        : delete from shift_assignments where id=?
Hibernate: delete from shift_assignments where id=?
2025-10-26T12:22:30.730+09:00 DEBUG 19468 --- [Shift Scheduler Demo] [           main] org.hibernate.SQL                        : delete from shift_assignments where id=?
Hibernate: delete from shift_assignments where id=?
2025-10-26T12:22:30.730+09:00 DEBUG 19468 --- [Shift Scheduler Demo] [           main] org.hibernate.SQL                        : select sa1_0.id,sa1_0.employee_id,sa1_0.end_time,sa1_0.shift_name,sa1_0.start_time,sa1_0.work_date from shift_assignments sa1_0 where sa1_0.work_date=?
Hibernate: select sa1_0.id,sa1_0.employee_id,sa1_0.end_time,sa1_0.shift_name,sa1_0.start_time,sa1_0.work_date from shift_assignments sa1_0 where sa1_0.work_date=?
2025-10-26T12:22:30.733+09:00 DEBUG 19468 --- [Shift Scheduler Demo] [           main] org.hibernate.SQL                        : delete from shift_assignments where id=?
Hibernate: delete from shift_assignments where id=?
2025-10-26T12:22:30.733+09:00 DEBUG 19468 --- [Shift Scheduler Demo] [           main] org.hibernate.SQL                        : delete from shift_assignments where id=?
Hibernate: delete from shift_assignments where id=?
2025-10-26T12:22:30.737+09:00 DEBUG 19468 --- [Shift Scheduler Demo] [           main] org.hibernate.SQL                        : delete from shift_assignments where id=?
Hibernate: delete from shift_assignments where id=?
2025-10-26T12:22:30.738+09:00 DEBUG 19468 --- [Shift Scheduler Demo] [           main] org.hibernate.SQL                        : delete from shift_assignments where id=?
Hibernate: delete from shift_assignments where id=?
2025-10-26T12:22:30.738+09:00 DEBUG 19468 --- [Shift Scheduler Demo] [           main] org.hibernate.SQL                        : delete from shift_assignments where id=?
Hibernate: delete from shift_assignments where id=?
2025-10-26T12:22:30.738+09:00 DEBUG 19468 --- [Shift Scheduler Demo] [           main] org.hibernate.SQL                        : delete from shift_assignments where id=?
Hibernate: delete from shift_assignments where id=?
2025-10-26T12:22:30.738+09:00 DEBUG 19468 --- [Shift Scheduler Demo] [           main] org.hibernate.SQL                        : delete from shift_assignments where id=?
Hibernate: delete from shift_assignments where id=?
2025-10-26T12:22:30.738+09:00 DEBUG 19468 --- [Shift Scheduler Demo] [           main] org.hibernate.SQL                        : delete from shift_assignments where id=?
Hibernate: delete from shift_assignments where id=?
2025-10-26T12:22:30.738+09:00 DEBUG 19468 --- [Shift Scheduler Demo] [           main] org.hibernate.SQL                        : delete from shift_assignments where id=?
Hibernate: delete from shift_assignments where id=?
2025-10-26T12:22:30.738+09:00 DEBUG 19468 --- [Shift Scheduler Demo] [           main] org.hibernate.SQL                        : select sa1_0.id,sa1_0.employee_id,sa1_0.end_time,sa1_0.shift_name,sa1_0.start_time,sa1_0.work_date from shift_assignments sa1_0 where sa1_0.work_date=?
Hibernate: select sa1_0.id,sa1_0.employee_id,sa1_0.end_time,sa1_0.shift_name,sa1_0.start_time,sa1_0.work_date from shift_assignments sa1_0 where sa1_0.work_date=?
2025-10-26T12:22:30.744+09:00 DEBUG 19468 --- [Shift Scheduler Demo] [           main] org.hibernate.SQL                        : delete from shift_assignments where id=?
Hibernate: delete from shift_assignments where id=?
2025-10-26T12:22:30.744+09:00 DEBUG 19468 --- [Shift Scheduler Demo] [           main] org.hibernate.SQL                        : delete from shift_assignments where id=?
Hibernate: delete from shift_assignments where id=?
2025-10-26T12:22:30.744+09:00 DEBUG 19468 --- [Shift Scheduler Demo] [           main] org.hibernate.SQL                        : delete from shift_assignments where id=?
Hibernate: delete from shift_assignments where id=?
2025-10-26T12:22:30.744+09:00 DEBUG 19468 --- [Shift Scheduler Demo] [           main] org.hibernate.SQL                        : delete from shift_assignments where id=?
Hibernate: delete from shift_assignments where id=?
2025-10-26T12:22:30.744+09:00 DEBUG 19468 --- [Shift Scheduler Demo] [           main] org.hibernate.SQL                        : delete from shift_assignments where id=?
Hibernate: delete from shift_assignments where id=?
2025-10-26T12:22:30.744+09:00 DEBUG 19468 --- [Shift Scheduler Demo] [           main] org.hibernate.SQL                        : delete from shift_assignments where id=?
Hibernate: delete from shift_assignments where id=?
2025-10-26T12:22:30.746+09:00 DEBUG 19468 --- [Shift Scheduler Demo] [           main] org.hibernate.SQL                        : delete from shift_assignments where id=?
Hibernate: delete from shift_assignments where id=?
2025-10-26T12:22:30.746+09:00 DEBUG 19468 --- [Shift Scheduler Demo] [           main] org.hibernate.SQL                        : delete from shift_assignments where id=?
Hibernate: delete from shift_assignments where id=?
2025-10-26T12:22:30.746+09:00 DEBUG 19468 --- [Shift Scheduler Demo] [           main] org.hibernate.SQL                        : delete from shift_assignments where id=?
Hibernate: delete from shift_assignments where id=?
2025-10-26T12:22:30.746+09:00 DEBUG 19468 --- [Shift Scheduler Demo] [           main] org.hibernate.SQL                        : delete from shift_assignments where id=?
Hibernate: delete from shift_assignments where id=?
2025-10-26T12:22:30.748+09:00 DEBUG 19468 --- [Shift Scheduler Demo] [           main] org.hibernate.SQL                        : delete from shift_assignments where id=?
Hibernate: delete from shift_assignments where id=?
2025-10-26T12:22:30.748+09:00 DEBUG 19468 --- [Shift Scheduler Demo] [           main] org.hibernate.SQL                        : delete from shift_assignments where id=?
Hibernate: delete from shift_assignments where id=?
2025-10-26T12:22:30.748+09:00 DEBUG 19468 --- [Shift Scheduler Demo] [           main] org.hibernate.SQL                        : select sa1_0.id,sa1_0.employee_id,sa1_0.end_time,sa1_0.shift_name,sa1_0.start_time,sa1_0.work_date from shift_assignments sa1_0 where sa1_0.work_date=?
Hibernate: select sa1_0.id,sa1_0.employee_id,sa1_0.end_time,sa1_0.shift_name,sa1_0.start_time,sa1_0.work_date from shift_assignments sa1_0 where sa1_0.work_date=?
2025-10-26T12:22:30.753+09:00 DEBUG 19468 --- [Shift Scheduler Demo] [           main] org.hibernate.SQL                        : delete from shift_assignments where id=?
Hibernate: delete from shift_assignments where id=?
2025-10-26T12:22:30.755+09:00 DEBUG 19468 --- [Shift Scheduler Demo] [           main] org.hibernate.SQL                        : delete from shift_assignments where id=?
Hibernate: delete from shift_assignments where id=?
2025-10-26T12:22:30.755+09:00 DEBUG 19468 --- [Shift Scheduler Demo] [           main] org.hibernate.SQL                        : delete from shift_assignments where id=?
Hibernate: delete from shift_assignments where id=?
2025-10-26T12:22:30.756+09:00 DEBUG 19468 --- [Shift Scheduler Demo] [           main] org.hibernate.SQL                        : delete from shift_assignments where id=?
Hibernate: delete from shift_assignments where id=?
2025-10-26T12:22:30.756+09:00 DEBUG 19468 --- [Shift Scheduler Demo] [           main] org.hibernate.SQL                        : delete from shift_assignments where id=?
Hibernate: delete from shift_assignments where id=?
2025-10-26T12:22:30.756+09:00 DEBUG 19468 --- [Shift Scheduler Demo] [           main] org.hibernate.SQL                        : delete from shift_assignments where id=?
Hibernate: delete from shift_assignments where id=?
2025-10-26T12:22:30.757+09:00 DEBUG 19468 --- [Shift Scheduler Demo] [           main] org.hibernate.SQL                        : delete from shift_assignments where id=?
Hibernate: delete from shift_assignments where id=?
2025-10-26T12:22:30.757+09:00 DEBUG 19468 --- [Shift Scheduler Demo] [           main] org.hibernate.SQL                        : delete from shift_assignments where id=?
Hibernate: delete from shift_assignments where id=?
2025-10-26T12:22:30.757+09:00 DEBUG 19468 --- [Shift Scheduler Demo] [           main] org.hibernate.SQL                        : delete from shift_assignments where id=?
Hibernate: delete from shift_assignments where id=?
2025-10-26T12:22:30.757+09:00 DEBUG 19468 --- [Shift Scheduler Demo] [           main] org.hibernate.SQL                        : delete from shift_assignments where id=?
Hibernate: delete from shift_assignments where id=?
2025-10-26T12:22:30.758+09:00 DEBUG 19468 --- [Shift Scheduler Demo] [           main] org.hibernate.SQL                        : select sa1_0.id,sa1_0.employee_id,sa1_0.end_time,sa1_0.shift_name,sa1_0.start_time,sa1_0.work_date from shift_assignments sa1_0 where sa1_0.work_date=?
Hibernate: select sa1_0.id,sa1_0.employee_id,sa1_0.end_time,sa1_0.shift_name,sa1_0.start_time,sa1_0.work_date from shift_assignments sa1_0 where sa1_0.work_date=?
2025-10-26T12:22:30.761+09:00 DEBUG 19468 --- [Shift Scheduler Demo] [           main] org.hibernate.SQL                        : delete from shift_assignments where id=?
Hibernate: delete from shift_assignments where id=?
2025-10-26T12:22:30.762+09:00 DEBUG 19468 --- [Shift Scheduler Demo] [           main] org.hibernate.SQL                        : delete from shift_assignments where id=?
Hibernate: delete from shift_assignments where id=?
2025-10-26T12:22:30.762+09:00 DEBUG 19468 --- [Shift Scheduler Demo] [           main] org.hibernate.SQL                        : delete from shift_assignments where id=?
Hibernate: delete from shift_assignments where id=?
2025-10-26T12:22:30.762+09:00 DEBUG 19468 --- [Shift Scheduler Demo] [           main] org.hibernate.SQL                        : delete from shift_assignments where id=?
Hibernate: delete from shift_assignments where id=?
2025-10-26T12:22:30.763+09:00 DEBUG 19468 --- [Shift Scheduler Demo] [           main] org.hibernate.SQL                        : select sa1_0.id,sa1_0.employee_id,sa1_0.end_time,sa1_0.shift_name,sa1_0.start_time,sa1_0.work_date from shift_assignments sa1_0 where sa1_0.work_date=?
Hibernate: select sa1_0.id,sa1_0.employee_id,sa1_0.end_time,sa1_0.shift_name,sa1_0.start_time,sa1_0.work_date from shift_assignments sa1_0 where sa1_0.work_date=?
2025-10-26T12:22:30.766+09:00 DEBUG 19468 --- [Shift Scheduler Demo] [           main] org.hibernate.SQL                        : delete from shift_assignments where id=?
Hibernate: delete from shift_assignments where id=?
2025-10-26T12:22:30.766+09:00 DEBUG 19468 --- [Shift Scheduler Demo] [           main] org.hibernate.SQL                        : delete from shift_assignments where id=?
Hibernate: delete from shift_assignments where id=?
2025-10-26T12:22:30.766+09:00 DEBUG 19468 --- [Shift Scheduler Demo] [           main] org.hibernate.SQL                        : delete from shift_assignments where id=?
Hibernate: delete from shift_assignments where id=?
2025-10-26T12:22:30.766+09:00 DEBUG 19468 --- [Shift Scheduler Demo] [           main] org.hibernate.SQL                        : delete from shift_assignments where id=?
Hibernate: delete from shift_assignments where id=?
2025-10-26T12:22:30.769+09:00 DEBUG 19468 --- [Shift Scheduler Demo] [           main] org.hibernate.SQL                        : delete from shift_assignments where id=?
Hibernate: delete from shift_assignments where id=?
2025-10-26T12:22:30.769+09:00 DEBUG 19468 --- [Shift Scheduler Demo] [           main] org.hibernate.SQL                        : delete from shift_assignments where id=?
Hibernate: delete from shift_assignments where id=?
2025-10-26T12:22:30.769+09:00 DEBUG 19468 --- [Shift Scheduler Demo] [           main] org.hibernate.SQL                        : delete from shift_assignments where id=?
Hibernate: delete from shift_assignments where id=?
2025-10-26T12:22:30.769+09:00 DEBUG 19468 --- [Shift Scheduler Demo] [           main] org.hibernate.SQL                        : delete from shift_assignments where id=?
Hibernate: delete from shift_assignments where id=?
2025-10-26T12:22:30.771+09:00 DEBUG 19468 --- [Shift Scheduler Demo] [           main] org.hibernate.SQL                        : delete from shift_assignments where id=?
Hibernate: delete from shift_assignments where id=?
2025-10-26T12:22:30.774+09:00 DEBUG 19468 --- [Shift Scheduler Demo] [           main] org.hibernate.SQL                        : select sa1_0.id,sa1_0.employee_id,sa1_0.end_time,sa1_0.shift_name,sa1_0.start_time,sa1_0.work_date from shift_assignments sa1_0 where sa1_0.work_date=?
Hibernate: select sa1_0.id,sa1_0.employee_id,sa1_0.end_time,sa1_0.shift_name,sa1_0.start_time,sa1_0.work_date from shift_assignments sa1_0 where sa1_0.work_date=?
2025-10-26T12:22:30.790+09:00 DEBUG 19468 --- [Shift Scheduler Demo] [           main] org.hibernate.SQL                        : delete from shift_assignments where id=?
Hibernate: delete from shift_assignments where id=?
2025-10-26T12:22:30.790+09:00 DEBUG 19468 --- [Shift Scheduler Demo] [           main] org.hibernate.SQL                        : delete from shift_assignments where id=?
Hibernate: delete from shift_assignments where id=?
2025-10-26T12:22:30.790+09:00 DEBUG 19468 --- [Shift Scheduler Demo] [           main] org.hibernate.SQL                        : delete from shift_assignments where id=?
Hibernate: delete from shift_assignments where id=?
2025-10-26T12:22:30.790+09:00 DEBUG 19468 --- [Shift Scheduler Demo] [           main] org.hibernate.SQL                        : delete from shift_assignments where id=?
Hibernate: delete from shift_assignments where id=?
2025-10-26T12:22:30.791+09:00 DEBUG 19468 --- [Shift Scheduler Demo] [           main] org.hibernate.SQL                        : delete from shift_assignments where id=?
Hibernate: delete from shift_assignments where id=?
2025-10-26T12:22:30.792+09:00 DEBUG 19468 --- [Shift Scheduler Demo] [           main] org.hibernate.SQL                        : delete from shift_assignments where id=?
Hibernate: delete from shift_assignments where id=?
2025-10-26T12:22:30.792+09:00 DEBUG 19468 --- [Shift Scheduler Demo] [           main] org.hibernate.SQL                        : delete from shift_assignments where id=?
Hibernate: delete from shift_assignments where id=?
2025-10-26T12:22:30.793+09:00 DEBUG 19468 --- [Shift Scheduler Demo] [           main] org.hibernate.SQL                        : delete from shift_assignments where id=?
Hibernate: delete from shift_assignments where id=?
2025-10-26T12:22:30.793+09:00 DEBUG 19468 --- [Shift Scheduler Demo] [           main] org.hibernate.SQL                        : delete from shift_assignments where id=?
Hibernate: delete from shift_assignments where id=?
2025-10-26T12:22:30.793+09:00 DEBUG 19468 --- [Shift Scheduler Demo] [           main] org.hibernate.SQL                        : delete from shift_assignments where id=?
Hibernate: delete from shift_assignments where id=?
2025-10-26T12:22:30.793+09:00 DEBUG 19468 --- [Shift Scheduler Demo] [           main] org.hibernate.SQL                        : delete from shift_assignments where id=?
Hibernate: delete from shift_assignments where id=?
2025-10-26T12:22:30.793+09:00 DEBUG 19468 --- [Shift Scheduler Demo] [           main] org.hibernate.SQL                        : delete from shift_assignments where id=?
Hibernate: delete from shift_assignments where id=?
2025-10-26T12:22:30.794+09:00 DEBUG 19468 --- [Shift Scheduler Demo] [           main] org.hibernate.SQL                        : select sa1_0.id,sa1_0.employee_id,sa1_0.end_time,sa1_0.shift_name,sa1_0.start_time,sa1_0.work_date from shift_assignments sa1_0 where sa1_0.work_date=?
Hibernate: select sa1_0.id,sa1_0.employee_id,sa1_0.end_time,sa1_0.shift_name,sa1_0.start_time,sa1_0.work_date from shift_assignments sa1_0 where sa1_0.work_date=?
2025-10-26T12:22:30.796+09:00 DEBUG 19468 --- [Shift Scheduler Demo] [           main] org.hibernate.SQL                        : delete from shift_assignments where id=?
Hibernate: delete from shift_assignments where id=?
2025-10-26T12:22:30.799+09:00 DEBUG 19468 --- [Shift Scheduler Demo] [           main] org.hibernate.SQL                        : delete from shift_assignments where id=?
Hibernate: delete from shift_assignments where id=?
2025-10-26T12:22:30.799+09:00 DEBUG 19468 --- [Shift Scheduler Demo] [           main] org.hibernate.SQL                        : delete from shift_assignments where id=?
Hibernate: delete from shift_assignments where id=?
2025-10-26T12:22:30.799+09:00 DEBUG 19468 --- [Shift Scheduler Demo] [           main] org.hibernate.SQL                        : delete from shift_assignments where id=?
Hibernate: delete from shift_assignments where id=?
2025-10-26T12:22:30.799+09:00 DEBUG 19468 --- [Shift Scheduler Demo] [           main] org.hibernate.SQL                        : delete from shift_assignments where id=?
Hibernate: delete from shift_assignments where id=?
2025-10-26T12:22:30.799+09:00 DEBUG 19468 --- [Shift Scheduler Demo] [           main] org.hibernate.SQL                        : delete from shift_assignments where id=?
Hibernate: delete from shift_assignments where id=?
2025-10-26T12:22:30.799+09:00 DEBUG 19468 --- [Shift Scheduler Demo] [           main] org.hibernate.SQL                        : delete from shift_assignments where id=?
Hibernate: delete from shift_assignments where id=?
2025-10-26T12:22:30.799+09:00 DEBUG 19468 --- [Shift Scheduler Demo] [           main] org.hibernate.SQL                        : delete from shift_assignments where id=?
Hibernate: delete from shift_assignments where id=?
2025-10-26T12:22:30.799+09:00 DEBUG 19468 --- [Shift Scheduler Demo] [           main] org.hibernate.SQL                        : delete from shift_assignments where id=?
Hibernate: delete from shift_assignments where id=?
2025-10-26T12:22:30.799+09:00 DEBUG 19468 --- [Shift Scheduler Demo] [           main] org.hibernate.SQL                        : select sa1_0.id,sa1_0.employee_id,sa1_0.end_time,sa1_0.shift_name,sa1_0.start_time,sa1_0.work_date from shift_assignments sa1_0 where sa1_0.work_date=?
Hibernate: select sa1_0.id,sa1_0.employee_id,sa1_0.end_time,sa1_0.shift_name,sa1_0.start_time,sa1_0.work_date from shift_assignments sa1_0 where sa1_0.work_date=?
2025-10-26T12:22:30.803+09:00 DEBUG 19468 --- [Shift Scheduler Demo] [           main] org.hibernate.SQL                        : delete from shift_assignments where id=?
Hibernate: delete from shift_assignments where id=?
2025-10-26T12:22:30.804+09:00 DEBUG 19468 --- [Shift Scheduler Demo] [           main] org.hibernate.SQL                        : delete from shift_assignments where id=?
Hibernate: delete from shift_assignments where id=?
2025-10-26T12:22:30.804+09:00 DEBUG 19468 --- [Shift Scheduler Demo] [           main] org.hibernate.SQL                        : delete from shift_assignments where id=?
Hibernate: delete from shift_assignments where id=?
2025-10-26T12:22:30.804+09:00 DEBUG 19468 --- [Shift Scheduler Demo] [           main] org.hibernate.SQL                        : delete from shift_assignments where id=?
Hibernate: delete from shift_assignments where id=?
2025-10-26T12:22:30.804+09:00 DEBUG 19468 --- [Shift Scheduler Demo] [           main] org.hibernate.SQL                        : delete from shift_assignments where id=?
Hibernate: delete from shift_assignments where id=?
2025-10-26T12:22:30.805+09:00 DEBUG 19468 --- [Shift Scheduler Demo] [           main] org.hibernate.SQL                        : delete from shift_assignments where id=?
Hibernate: delete from shift_assignments where id=?
2025-10-26T12:22:30.805+09:00 DEBUG 19468 --- [Shift Scheduler Demo] [           main] org.hibernate.SQL                        : delete from shift_assignments where id=?
Hibernate: delete from shift_assignments where id=?
2025-10-26T12:22:30.806+09:00 DEBUG 19468 --- [Shift Scheduler Demo] [           main] org.hibernate.SQL                        : delete from shift_assignments where id=?
Hibernate: delete from shift_assignments where id=?
2025-10-26T12:22:30.806+09:00 DEBUG 19468 --- [Shift Scheduler Demo] [           main] org.hibernate.SQL                        : delete from shift_assignments where id=?
Hibernate: delete from shift_assignments where id=?
2025-10-26T12:22:30.807+09:00 DEBUG 19468 --- [Shift Scheduler Demo] [           main] org.hibernate.SQL                        : select sa1_0.id,sa1_0.employee_id,sa1_0.end_time,sa1_0.shift_name,sa1_0.start_time,sa1_0.work_date from shift_assignments sa1_0 where sa1_0.work_date=?
Hibernate: select sa1_0.id,sa1_0.employee_id,sa1_0.end_time,sa1_0.shift_name,sa1_0.start_time,sa1_0.work_date from shift_assignments sa1_0 where sa1_0.work_date=?
2025-10-26T12:22:30.809+09:00 DEBUG 19468 --- [Shift Scheduler Demo] [           main] org.hibernate.SQL                        : delete from shift_assignments where id=?
Hibernate: delete from shift_assignments where id=?
2025-10-26T12:22:30.810+09:00 DEBUG 19468 --- [Shift Scheduler Demo] [           main] org.hibernate.SQL                        : delete from shift_assignments where id=?
Hibernate: delete from shift_assignments where id=?
2025-10-26T12:22:30.810+09:00 DEBUG 19468 --- [Shift Scheduler Demo] [           main] org.hibernate.SQL                        : delete from shift_assignments where id=?
Hibernate: delete from shift_assignments where id=?
2025-10-26T12:22:30.810+09:00 DEBUG 19468 --- [Shift Scheduler Demo] [           main] org.hibernate.SQL                        : delete from shift_assignments where id=?
Hibernate: delete from shift_assignments where id=?
2025-10-26T12:22:30.810+09:00 DEBUG 19468 --- [Shift Scheduler Demo] [           main] org.hibernate.SQL                        : delete from shift_assignments where id=?
Hibernate: delete from shift_assignments where id=?
2025-10-26T12:22:30.810+09:00 DEBUG 19468 --- [Shift Scheduler Demo] [           main] org.hibernate.SQL                        : delete from shift_assignments where id=?
Hibernate: delete from shift_assignments where id=?
2025-10-26T12:22:30.810+09:00 DEBUG 19468 --- [Shift Scheduler Demo] [           main] org.hibernate.SQL                        : delete from shift_assignments where id=?
Hibernate: delete from shift_assignments where id=?
2025-10-26T12:22:30.810+09:00 DEBUG 19468 --- [Shift Scheduler Demo] [           main] org.hibernate.SQL                        : delete from shift_assignments where id=?
Hibernate: delete from shift_assignments where id=?
2025-10-26T12:22:30.810+09:00 DEBUG 19468 --- [Shift Scheduler Demo] [           main] org.hibernate.SQL                        : delete from shift_assignments where id=?
Hibernate: delete from shift_assignments where id=?
2025-10-26T12:22:30.810+09:00 DEBUG 19468 --- [Shift Scheduler Demo] [           main] org.hibernate.SQL                        : delete from shift_assignments where id=?
Hibernate: delete from shift_assignments where id=?
2025-10-26T12:22:30.811+09:00 DEBUG 19468 --- [Shift Scheduler Demo] [           main] org.hibernate.SQL                        : delete from shift_assignments where id=?
Hibernate: delete from shift_assignments where id=?
2025-10-26T12:22:30.811+09:00 DEBUG 19468 --- [Shift Scheduler Demo] [           main] org.hibernate.SQL                        : delete from shift_assignments where id=?
Hibernate: delete from shift_assignments where id=?
2025-10-26T12:22:30.812+09:00 DEBUG 19468 --- [Shift Scheduler Demo] [           main] org.hibernate.SQL                        : select sa1_0.id,sa1_0.employee_id,sa1_0.end_time,sa1_0.shift_name,sa1_0.start_time,sa1_0.work_date from shift_assignments sa1_0 where sa1_0.work_date=?
Hibernate: select sa1_0.id,sa1_0.employee_id,sa1_0.end_time,sa1_0.shift_name,sa1_0.start_time,sa1_0.work_date from shift_assignments sa1_0 where sa1_0.work_date=?
2025-10-26T12:22:30.817+09:00 DEBUG 19468 --- [Shift Scheduler Demo] [           main] org.hibernate.SQL                        : delete from shift_assignments where id=?
Hibernate: delete from shift_assignments where id=?
2025-10-26T12:22:30.818+09:00 DEBUG 19468 --- [Shift Scheduler Demo] [           main] org.hibernate.SQL                        : delete from shift_assignments where id=?
Hibernate: delete from shift_assignments where id=?
2025-10-26T12:22:30.818+09:00 DEBUG 19468 --- [Shift Scheduler Demo] [           main] org.hibernate.SQL                        : delete from shift_assignments where id=?
Hibernate: delete from shift_assignments where id=?
2025-10-26T12:22:30.818+09:00 DEBUG 19468 --- [Shift Scheduler Demo] [           main] org.hibernate.SQL                        : delete from shift_assignments where id=?
Hibernate: delete from shift_assignments where id=?
2025-10-26T12:22:30.818+09:00 DEBUG 19468 --- [Shift Scheduler Demo] [           main] org.hibernate.SQL                        : delete from shift_assignments where id=?
Hibernate: delete from shift_assignments where id=?
2025-10-26T12:22:30.818+09:00 DEBUG 19468 --- [Shift Scheduler Demo] [           main] org.hibernate.SQL                        : delete from shift_assignments where id=?
Hibernate: delete from shift_assignments where id=?
2025-10-26T12:22:30.818+09:00 DEBUG 19468 --- [Shift Scheduler Demo] [           main] org.hibernate.SQL                        : delete from shift_assignments where id=?
Hibernate: delete from shift_assignments where id=?
2025-10-26T12:22:30.818+09:00 DEBUG 19468 --- [Shift Scheduler Demo] [           main] org.hibernate.SQL                        : delete from shift_assignments where id=?
Hibernate: delete from shift_assignments where id=?
2025-10-26T12:22:30.818+09:00 DEBUG 19468 --- [Shift Scheduler Demo] [           main] org.hibernate.SQL                        : delete from shift_assignments where id=?
Hibernate: delete from shift_assignments where id=?
2025-10-26T12:22:30.818+09:00 DEBUG 19468 --- [Shift Scheduler Demo] [           main] org.hibernate.SQL                        : delete from shift_assignments where id=?
Hibernate: delete from shift_assignments where id=?
2025-10-26T12:22:30.820+09:00 DEBUG 19468 --- [Shift Scheduler Demo] [           main] org.hibernate.SQL                        : select sa1_0.id,sa1_0.employee_id,sa1_0.end_time,sa1_0.shift_name,sa1_0.start_time,sa1_0.work_date from shift_assignments sa1_0 where sa1_0.work_date=?
Hibernate: select sa1_0.id,sa1_0.employee_id,sa1_0.end_time,sa1_0.shift_name,sa1_0.start_time,sa1_0.work_date from shift_assignments sa1_0 where sa1_0.work_date=?
2025-10-26T12:22:30.823+09:00 DEBUG 19468 --- [Shift Scheduler Demo] [           main] org.hibernate.SQL                        : delete from shift_assignments where id=?
Hibernate: delete from shift_assignments where id=?
2025-10-26T12:22:30.823+09:00 DEBUG 19468 --- [Shift Scheduler Demo] [           main] org.hibernate.SQL                        : delete from shift_assignments where id=?
Hibernate: delete from shift_assignments where id=?
2025-10-26T12:22:30.823+09:00 DEBUG 19468 --- [Shift Scheduler Demo] [           main] org.hibernate.SQL                        : delete from shift_assignments where id=?
Hibernate: delete from shift_assignments where id=?
2025-10-26T12:22:30.823+09:00 DEBUG 19468 --- [Shift Scheduler Demo] [           main] org.hibernate.SQL                        : delete from shift_assignments where id=?
Hibernate: delete from shift_assignments where id=?
2025-10-26T12:22:30.823+09:00 DEBUG 19468 --- [Shift Scheduler Demo] [           main] org.hibernate.SQL                        : select sa1_0.id,sa1_0.employee_id,sa1_0.end_time,sa1_0.shift_name,sa1_0.start_time,sa1_0.work_date from shift_assignments sa1_0 where sa1_0.work_date=?
Hibernate: select sa1_0.id,sa1_0.employee_id,sa1_0.end_time,sa1_0.shift_name,sa1_0.start_time,sa1_0.work_date from shift_assignments sa1_0 where sa1_0.work_date=?
2025-10-26T12:22:30.829+09:00 DEBUG 19468 --- [Shift Scheduler Demo] [           main] org.hibernate.SQL                        : delete from shift_assignments where id=?
Hibernate: delete from shift_assignments where id=?
2025-10-26T12:22:30.829+09:00 DEBUG 19468 --- [Shift Scheduler Demo] [           main] org.hibernate.SQL                        : delete from shift_assignments where id=?
Hibernate: delete from shift_assignments where id=?
2025-10-26T12:22:30.829+09:00 DEBUG 19468 --- [Shift Scheduler Demo] [           main] org.hibernate.SQL                        : delete from shift_assignments where id=?
Hibernate: delete from shift_assignments where id=?
2025-10-26T12:22:30.829+09:00 DEBUG 19468 --- [Shift Scheduler Demo] [           main] org.hibernate.SQL                        : delete from shift_assignments where id=?
Hibernate: delete from shift_assignments where id=?
2025-10-26T12:22:30.829+09:00 DEBUG 19468 --- [Shift Scheduler Demo] [           main] org.hibernate.SQL                        : delete from shift_assignments where id=?
Hibernate: delete from shift_assignments where id=?
2025-10-26T12:22:30.829+09:00 DEBUG 19468 --- [Shift Scheduler Demo] [           main] org.hibernate.SQL                        : delete from shift_assignments where id=?
Hibernate: delete from shift_assignments where id=?
2025-10-26T12:22:30.829+09:00 DEBUG 19468 --- [Shift Scheduler Demo] [           main] org.hibernate.SQL                        : delete from shift_assignments where id=?
Hibernate: delete from shift_assignments where id=?
2025-10-26T12:22:30.829+09:00 DEBUG 19468 --- [Shift Scheduler Demo] [           main] org.hibernate.SQL                        : delete from shift_assignments where id=?
Hibernate: delete from shift_assignments where id=?
2025-10-26T12:22:30.829+09:00 DEBUG 19468 --- [Shift Scheduler Demo] [           main] org.hibernate.SQL                        : delete from shift_assignments where id=?
Hibernate: delete from shift_assignments where id=?
2025-10-26T12:22:30.829+09:00 DEBUG 19468 --- [Shift Scheduler Demo] [           main] org.hibernate.SQL                        : delete from shift_assignments where id=?
Hibernate: delete from shift_assignments where id=?
2025-10-26T12:22:30.829+09:00 DEBUG 19468 --- [Shift Scheduler Demo] [           main] org.hibernate.SQL                        : delete from shift_assignments where id=?
Hibernate: delete from shift_assignments where id=?
2025-10-26T12:22:30.832+09:00 DEBUG 19468 --- [Shift Scheduler Demo] [           main] org.hibernate.SQL                        : delete from shift_assignments where id=?
Hibernate: delete from shift_assignments where id=?
2025-10-26T12:22:30.832+09:00 DEBUG 19468 --- [Shift Scheduler Demo] [           main] org.hibernate.SQL                        : select sa1_0.id,sa1_0.employee_id,sa1_0.end_time,sa1_0.shift_name,sa1_0.start_time,sa1_0.work_date from shift_assignments sa1_0 where sa1_0.work_date=?
Hibernate: select sa1_0.id,sa1_0.employee_id,sa1_0.end_time,sa1_0.shift_name,sa1_0.start_time,sa1_0.work_date from shift_assignments sa1_0 where sa1_0.work_date=?
2025-10-26T12:22:30.834+09:00 DEBUG 19468 --- [Shift Scheduler Demo] [           main] org.hibernate.SQL                        : delete from shift_assignments where id=?
Hibernate: delete from shift_assignments where id=?
2025-10-26T12:22:30.834+09:00 DEBUG 19468 --- [Shift Scheduler Demo] [           main] org.hibernate.SQL                        : delete from shift_assignments where id=?
Hibernate: delete from shift_assignments where id=?
2025-10-26T12:22:30.834+09:00 DEBUG 19468 --- [Shift Scheduler Demo] [           main] org.hibernate.SQL                        : delete from shift_assignments where id=?
Hibernate: delete from shift_assignments where id=?
2025-10-26T12:22:30.834+09:00 DEBUG 19468 --- [Shift Scheduler Demo] [           main] org.hibernate.SQL                        : delete from shift_assignments where id=?
Hibernate: delete from shift_assignments where id=?
2025-10-26T12:22:30.834+09:00 DEBUG 19468 --- [Shift Scheduler Demo] [           main] org.hibernate.SQL                        : delete from shift_assignments where id=?
Hibernate: delete from shift_assignments where id=?
2025-10-26T12:22:30.834+09:00 DEBUG 19468 --- [Shift Scheduler Demo] [           main] org.hibernate.SQL                        : delete from shift_assignments where id=?
Hibernate: delete from shift_assignments where id=?
2025-10-26T12:22:30.834+09:00 DEBUG 19468 --- [Shift Scheduler Demo] [           main] org.hibernate.SQL                        : delete from shift_assignments where id=?
Hibernate: delete from shift_assignments where id=?
2025-10-26T12:22:30.834+09:00 DEBUG 19468 --- [Shift Scheduler Demo] [           main] org.hibernate.SQL                        : delete from shift_assignments where id=?
Hibernate: delete from shift_assignments where id=?
2025-10-26T12:22:30.834+09:00 DEBUG 19468 --- [Shift Scheduler Demo] [           main] org.hibernate.SQL                        : delete from shift_assignments where id=?
Hibernate: delete from shift_assignments where id=?
2025-10-26T12:22:30.834+09:00 DEBUG 19468 --- [Shift Scheduler Demo] [           main] org.hibernate.SQL                        : delete from shift_assignments where id=?
Hibernate: delete from shift_assignments where id=?
2025-10-26T12:22:30.834+09:00 DEBUG 19468 --- [Shift Scheduler Demo] [           main] org.hibernate.SQL                        : delete from shift_assignments where id=?
Hibernate: delete from shift_assignments where id=?
2025-10-26T12:22:30.834+09:00 DEBUG 19468 --- [Shift Scheduler Demo] [           main] org.hibernate.SQL                        : delete from shift_assignments where id=?
Hibernate: delete from shift_assignments where id=?
2025-10-26T12:22:30.837+09:00 DEBUG 19468 --- [Shift Scheduler Demo] [           main] org.hibernate.SQL                        : select sa1_0.id,sa1_0.employee_id,sa1_0.end_time,sa1_0.shift_name,sa1_0.start_time,sa1_0.work_date from shift_assignments sa1_0 where sa1_0.work_date=?
Hibernate: select sa1_0.id,sa1_0.employee_id,sa1_0.end_time,sa1_0.shift_name,sa1_0.start_time,sa1_0.work_date from shift_assignments sa1_0 where sa1_0.work_date=?
2025-10-26T12:22:30.838+09:00 DEBUG 19468 --- [Shift Scheduler Demo] [           main] org.hibernate.SQL                        : delete from shift_assignments where id=?
Hibernate: delete from shift_assignments where id=?
2025-10-26T12:22:30.838+09:00 DEBUG 19468 --- [Shift Scheduler Demo] [           main] org.hibernate.SQL                        : delete from shift_assignments where id=?
Hibernate: delete from shift_assignments where id=?
2025-10-26T12:22:30.838+09:00 DEBUG 19468 --- [Shift Scheduler Demo] [           main] org.hibernate.SQL                        : delete from shift_assignments where id=?
Hibernate: delete from shift_assignments where id=?
2025-10-26T12:22:30.838+09:00 DEBUG 19468 --- [Shift Scheduler Demo] [           main] org.hibernate.SQL                        : delete from shift_assignments where id=?
Hibernate: delete from shift_assignments where id=?
2025-10-26T12:22:30.838+09:00 DEBUG 19468 --- [Shift Scheduler Demo] [           main] org.hibernate.SQL                        : delete from shift_assignments where id=?
Hibernate: delete from shift_assignments where id=?
2025-10-26T12:22:30.838+09:00 DEBUG 19468 --- [Shift Scheduler Demo] [           main] org.hibernate.SQL                        : delete from shift_assignments where id=?
Hibernate: delete from shift_assignments where id=?
2025-10-26T12:22:30.838+09:00 DEBUG 19468 --- [Shift Scheduler Demo] [           main] org.hibernate.SQL                        : delete from shift_assignments where id=?
Hibernate: delete from shift_assignments where id=?
2025-10-26T12:22:30.838+09:00 DEBUG 19468 --- [Shift Scheduler Demo] [           main] org.hibernate.SQL                        : delete from shift_assignments where id=?
Hibernate: delete from shift_assignments where id=?
2025-10-26T12:22:30.843+09:00 DEBUG 19468 --- [Shift Scheduler Demo] [           main] org.hibernate.SQL                        : delete from shift_assignments where id=?
Hibernate: delete from shift_assignments where id=?
2025-10-26T12:22:30.843+09:00 DEBUG 19468 --- [Shift Scheduler Demo] [           main] org.hibernate.SQL                        : select sa1_0.id,sa1_0.employee_id,sa1_0.end_time,sa1_0.shift_name,sa1_0.start_time,sa1_0.work_date from shift_assignments sa1_0 where sa1_0.work_date=?
Hibernate: select sa1_0.id,sa1_0.employee_id,sa1_0.end_time,sa1_0.shift_name,sa1_0.start_time,sa1_0.work_date from shift_assignments sa1_0 where sa1_0.work_date=?
2025-10-26T12:22:30.847+09:00 DEBUG 19468 --- [Shift Scheduler Demo] [           main] org.hibernate.SQL                        : delete from shift_assignments where id=?
Hibernate: delete from shift_assignments where id=?
2025-10-26T12:22:30.847+09:00 DEBUG 19468 --- [Shift Scheduler Demo] [           main] org.hibernate.SQL                        : delete from shift_assignments where id=?
Hibernate: delete from shift_assignments where id=?
2025-10-26T12:22:30.847+09:00 DEBUG 19468 --- [Shift Scheduler Demo] [           main] org.hibernate.SQL                        : delete from shift_assignments where id=?
Hibernate: delete from shift_assignments where id=?
2025-10-26T12:22:30.847+09:00 DEBUG 19468 --- [Shift Scheduler Demo] [           main] org.hibernate.SQL                        : delete from shift_assignments where id=?
Hibernate: delete from shift_assignments where id=?
2025-10-26T12:22:30.847+09:00 DEBUG 19468 --- [Shift Scheduler Demo] [           main] org.hibernate.SQL                        : delete from shift_assignments where id=?
Hibernate: delete from shift_assignments where id=?
2025-10-26T12:22:30.847+09:00 DEBUG 19468 --- [Shift Scheduler Demo] [           main] org.hibernate.SQL                        : delete from shift_assignments where id=?
Hibernate: delete from shift_assignments where id=?
2025-10-26T12:22:30.847+09:00 DEBUG 19468 --- [Shift Scheduler Demo] [           main] org.hibernate.SQL                        : delete from shift_assignments where id=?
Hibernate: delete from shift_assignments where id=?
2025-10-26T12:22:30.847+09:00 DEBUG 19468 --- [Shift Scheduler Demo] [           main] org.hibernate.SQL                        : delete from shift_assignments where id=?
Hibernate: delete from shift_assignments where id=?
2025-10-26T12:22:30.847+09:00 DEBUG 19468 --- [Shift Scheduler Demo] [           main] org.hibernate.SQL                        : delete from shift_assignments where id=?
Hibernate: delete from shift_assignments where id=?
2025-10-26T12:22:30.847+09:00 DEBUG 19468 --- [Shift Scheduler Demo] [           main] org.hibernate.SQL                        : select sa1_0.id,sa1_0.employee_id,sa1_0.end_time,sa1_0.shift_name,sa1_0.start_time,sa1_0.work_date from shift_assignments sa1_0 where sa1_0.work_date=?
Hibernate: select sa1_0.id,sa1_0.employee_id,sa1_0.end_time,sa1_0.shift_name,sa1_0.start_time,sa1_0.work_date from shift_assignments sa1_0 where sa1_0.work_date=?
2025-10-26T12:22:30.847+09:00 DEBUG 19468 --- [Shift Scheduler Demo] [           main] org.hibernate.SQL                        : delete from shift_assignments where id=?
Hibernate: delete from shift_assignments where id=?
2025-10-26T12:22:30.847+09:00 DEBUG 19468 --- [Shift Scheduler Demo] [           main] org.hibernate.SQL                        : delete from shift_assignments where id=?
Hibernate: delete from shift_assignments where id=?
2025-10-26T12:22:30.847+09:00 DEBUG 19468 --- [Shift Scheduler Demo] [           main] org.hibernate.SQL                        : delete from shift_assignments where id=?
Hibernate: delete from shift_assignments where id=?
2025-10-26T12:22:30.847+09:00 DEBUG 19468 --- [Shift Scheduler Demo] [           main] org.hibernate.SQL                        : delete from shift_assignments where id=?
Hibernate: delete from shift_assignments where id=?
2025-10-26T12:22:30.847+09:00 DEBUG 19468 --- [Shift Scheduler Demo] [           main] org.hibernate.SQL                        : delete from shift_assignments where id=?
Hibernate: delete from shift_assignments where id=?
2025-10-26T12:22:30.847+09:00 DEBUG 19468 --- [Shift Scheduler Demo] [           main] org.hibernate.SQL                        : delete from shift_assignments where id=?
Hibernate: delete from shift_assignments where id=?
2025-10-26T12:22:30.847+09:00 DEBUG 19468 --- [Shift Scheduler Demo] [           main] org.hibernate.SQL                        : delete from shift_assignments where id=?
Hibernate: delete from shift_assignments where id=?
2025-10-26T12:22:30.847+09:00 DEBUG 19468 --- [Shift Scheduler Demo] [           main] org.hibernate.SQL                        : delete from shift_assignments where id=?
Hibernate: delete from shift_assignments where id=?
2025-10-26T12:22:30.854+09:00 DEBUG 19468 --- [Shift Scheduler Demo] [           main] org.hibernate.SQL                        : delete from shift_assignments where id=?
Hibernate: delete from shift_assignments where id=?
2025-10-26T12:22:30.855+09:00 DEBUG 19468 --- [Shift Scheduler Demo] [           main] org.hibernate.SQL                        : delete from shift_assignments where id=?
Hibernate: delete from shift_assignments where id=?
2025-10-26T12:22:30.856+09:00 DEBUG 19468 --- [Shift Scheduler Demo] [           main] org.hibernate.SQL                        : delete from shift_assignments where id=?
Hibernate: delete from shift_assignments where id=?
2025-10-26T12:22:30.856+09:00 DEBUG 19468 --- [Shift Scheduler Demo] [           main] org.hibernate.SQL                        : delete from shift_assignments where id=?
Hibernate: delete from shift_assignments where id=?
2025-10-26T12:22:30.856+09:00 DEBUG 19468 --- [Shift Scheduler Demo] [           main] org.hibernate.SQL                        : select sa1_0.id,sa1_0.employee_id,sa1_0.end_time,sa1_0.shift_name,sa1_0.start_time,sa1_0.work_date from shift_assignments sa1_0 where sa1_0.work_date=?
Hibernate: select sa1_0.id,sa1_0.employee_id,sa1_0.end_time,sa1_0.shift_name,sa1_0.start_time,sa1_0.work_date from shift_assignments sa1_0 where sa1_0.work_date=?
2025-10-26T12:22:30.857+09:00 DEBUG 19468 --- [Shift Scheduler Demo] [           main] org.hibernate.SQL                        : delete from shift_assignments where id=?
Hibernate: delete from shift_assignments where id=?
2025-10-26T12:22:30.857+09:00 DEBUG 19468 --- [Shift Scheduler Demo] [           main] org.hibernate.SQL                        : delete from shift_assignments where id=?
Hibernate: delete from shift_assignments where id=?
2025-10-26T12:22:30.857+09:00 DEBUG 19468 --- [Shift Scheduler Demo] [           main] org.hibernate.SQL                        : delete from shift_assignments where id=?
Hibernate: delete from shift_assignments where id=?
2025-10-26T12:22:30.857+09:00 DEBUG 19468 --- [Shift Scheduler Demo] [           main] org.hibernate.SQL                        : delete from shift_assignments where id=?
Hibernate: delete from shift_assignments where id=?
2025-10-26T12:22:30.857+09:00 DEBUG 19468 --- [Shift Scheduler Demo] [           main] org.hibernate.SQL                        : delete from shift_assignments where id=?
Hibernate: delete from shift_assignments where id=?
2025-10-26T12:22:30.857+09:00 DEBUG 19468 --- [Shift Scheduler Demo] [           main] org.hibernate.SQL                        : delete from shift_assignments where id=?
Hibernate: delete from shift_assignments where id=?
2025-10-26T12:22:30.857+09:00 DEBUG 19468 --- [Shift Scheduler Demo] [           main] org.hibernate.SQL                        : delete from shift_assignments where id=?
Hibernate: delete from shift_assignments where id=?
2025-10-26T12:22:30.857+09:00 DEBUG 19468 --- [Shift Scheduler Demo] [           main] org.hibernate.SQL                        : delete from shift_assignments where id=?
Hibernate: delete from shift_assignments where id=?
2025-10-26T12:22:30.857+09:00 DEBUG 19468 --- [Shift Scheduler Demo] [           main] org.hibernate.SQL                        : delete from shift_assignments where id=?
Hibernate: delete from shift_assignments where id=?
2025-10-26T12:22:30.857+09:00 DEBUG 19468 --- [Shift Scheduler Demo] [           main] org.hibernate.SQL                        : delete from shift_assignments where id=?
Hibernate: delete from shift_assignments where id=?
2025-10-26T12:22:30.862+09:00 DEBUG 19468 --- [Shift Scheduler Demo] [           main] org.hibernate.SQL                        : select sa1_0.id,sa1_0.employee_id,sa1_0.end_time,sa1_0.shift_name,sa1_0.start_time,sa1_0.work_date from shift_assignments sa1_0 where sa1_0.work_date=?
Hibernate: select sa1_0.id,sa1_0.employee_id,sa1_0.end_time,sa1_0.shift_name,sa1_0.start_time,sa1_0.work_date from shift_assignments sa1_0 where sa1_0.work_date=?
2025-10-26T12:22:30.866+09:00 DEBUG 19468 --- [Shift Scheduler Demo] [           main] org.hibernate.SQL                        : delete from shift_assignments where id=?
Hibernate: delete from shift_assignments where id=?
2025-10-26T12:22:30.866+09:00 DEBUG 19468 --- [Shift Scheduler Demo] [           main] org.hibernate.SQL                        : delete from shift_assignments where id=?
Hibernate: delete from shift_assignments where id=?
2025-10-26T12:22:30.866+09:00 DEBUG 19468 --- [Shift Scheduler Demo] [           main] org.hibernate.SQL                        : delete from shift_assignments where id=?
Hibernate: delete from shift_assignments where id=?
2025-10-26T12:22:30.866+09:00 DEBUG 19468 --- [Shift Scheduler Demo] [           main] org.hibernate.SQL                        : delete from shift_assignments where id=?
Hibernate: delete from shift_assignments where id=?
2025-10-26T12:22:30.867+09:00 DEBUG 19468 --- [Shift Scheduler Demo] [           main] org.hibernate.SQL                        : select sa1_0.id,sa1_0.employee_id,sa1_0.end_time,sa1_0.shift_name,sa1_0.start_time,sa1_0.work_date from shift_assignments sa1_0 where sa1_0.work_date=?
Hibernate: select sa1_0.id,sa1_0.employee_id,sa1_0.end_time,sa1_0.shift_name,sa1_0.start_time,sa1_0.work_date from shift_assignments sa1_0 where sa1_0.work_date=?
2025-10-26T12:22:30.871+09:00 DEBUG 19468 --- [Shift Scheduler Demo] [           main] org.hibernate.SQL                        : delete from shift_assignments where id=?
Hibernate: delete from shift_assignments where id=?
2025-10-26T12:22:30.872+09:00 DEBUG 19468 --- [Shift Scheduler Demo] [           main] org.hibernate.SQL                        : delete from shift_assignments where id=?
Hibernate: delete from shift_assignments where id=?
2025-10-26T12:22:30.872+09:00 DEBUG 19468 --- [Shift Scheduler Demo] [           main] org.hibernate.SQL                        : delete from shift_assignments where id=?
Hibernate: delete from shift_assignments where id=?
2025-10-26T12:22:30.873+09:00 DEBUG 19468 --- [Shift Scheduler Demo] [           main] org.hibernate.SQL                        : delete from shift_assignments where id=?
Hibernate: delete from shift_assignments where id=?
2025-10-26T12:22:30.873+09:00 DEBUG 19468 --- [Shift Scheduler Demo] [           main] org.hibernate.SQL                        : delete from shift_assignments where id=?
Hibernate: delete from shift_assignments where id=?
2025-10-26T12:22:30.873+09:00 DEBUG 19468 --- [Shift Scheduler Demo] [           main] org.hibernate.SQL                        : delete from shift_assignments where id=?
Hibernate: delete from shift_assignments where id=?
2025-10-26T12:22:30.873+09:00 DEBUG 19468 --- [Shift Scheduler Demo] [           main] org.hibernate.SQL                        : delete from shift_assignments where id=?
Hibernate: delete from shift_assignments where id=?
2025-10-26T12:22:30.874+09:00 DEBUG 19468 --- [Shift Scheduler Demo] [           main] org.hibernate.SQL                        : delete from shift_assignments where id=?
Hibernate: delete from shift_assignments where id=?
2025-10-26T12:22:30.874+09:00 DEBUG 19468 --- [Shift Scheduler Demo] [           main] org.hibernate.SQL                        : delete from shift_assignments where id=?
Hibernate: delete from shift_assignments where id=?
2025-10-26T12:22:30.874+09:00 DEBUG 19468 --- [Shift Scheduler Demo] [           main] org.hibernate.SQL                        : delete from shift_assignments where id=?
Hibernate: delete from shift_assignments where id=?
2025-10-26T12:22:30.875+09:00 DEBUG 19468 --- [Shift Scheduler Demo] [           main] org.hibernate.SQL                        : delete from shift_assignments where id=?
Hibernate: delete from shift_assignments where id=?
2025-10-26T12:22:30.875+09:00 DEBUG 19468 --- [Shift Scheduler Demo] [           main] org.hibernate.SQL                        : delete from shift_assignments where id=?
Hibernate: delete from shift_assignments where id=?
2025-10-26T12:22:30.875+09:00 DEBUG 19468 --- [Shift Scheduler Demo] [           main] org.hibernate.SQL                        : select sa1_0.id,sa1_0.employee_id,sa1_0.end_time,sa1_0.shift_name,sa1_0.start_time,sa1_0.work_date from shift_assignments sa1_0 where sa1_0.work_date=?
Hibernate: select sa1_0.id,sa1_0.employee_id,sa1_0.end_time,sa1_0.shift_name,sa1_0.start_time,sa1_0.work_date from shift_assignments sa1_0 where sa1_0.work_date=?
2025-10-26T12:22:30.879+09:00 DEBUG 19468 --- [Shift Scheduler Demo] [           main] org.hibernate.SQL                        : delete from shift_assignments where id=?
Hibernate: delete from shift_assignments where id=?
2025-10-26T12:22:30.879+09:00 DEBUG 19468 --- [Shift Scheduler Demo] [           main] org.hibernate.SQL                        : delete from shift_assignments where id=?
Hibernate: delete from shift_assignments where id=?
2025-10-26T12:22:30.879+09:00 DEBUG 19468 --- [Shift Scheduler Demo] [           main] org.hibernate.SQL                        : delete from shift_assignments where id=?
Hibernate: delete from shift_assignments where id=?
2025-10-26T12:22:30.879+09:00 DEBUG 19468 --- [Shift Scheduler Demo] [           main] org.hibernate.SQL                        : delete from shift_assignments where id=?
Hibernate: delete from shift_assignments where id=?
2025-10-26T12:22:30.879+09:00 DEBUG 19468 --- [Shift Scheduler Demo] [           main] org.hibernate.SQL                        : delete from shift_assignments where id=?
Hibernate: delete from shift_assignments where id=?
2025-10-26T12:22:30.879+09:00 DEBUG 19468 --- [Shift Scheduler Demo] [           main] org.hibernate.SQL                        : delete from shift_assignments where id=?
Hibernate: delete from shift_assignments where id=?
2025-10-26T12:22:30.881+09:00 DEBUG 19468 --- [Shift Scheduler Demo] [           main] org.hibernate.SQL                        : delete from shift_assignments where id=?
Hibernate: delete from shift_assignments where id=?
2025-10-26T12:22:30.881+09:00 DEBUG 19468 --- [Shift Scheduler Demo] [           main] org.hibernate.SQL                        : delete from shift_assignments where id=?
Hibernate: delete from shift_assignments where id=?
2025-10-26T12:22:30.881+09:00 DEBUG 19468 --- [Shift Scheduler Demo] [           main] org.hibernate.SQL                        : delete from shift_assignments where id=?
Hibernate: delete from shift_assignments where id=?
2025-10-26T12:22:30.881+09:00 DEBUG 19468 --- [Shift Scheduler Demo] [           main] org.hibernate.SQL                        : delete from shift_assignments where id=?
Hibernate: delete from shift_assignments where id=?
2025-10-26T12:22:30.881+09:00 DEBUG 19468 --- [Shift Scheduler Demo] [           main] org.hibernate.SQL                        : delete from shift_assignments where id=?
Hibernate: delete from shift_assignments where id=?
2025-10-26T12:22:30.881+09:00 DEBUG 19468 --- [Shift Scheduler Demo] [           main] org.hibernate.SQL                        : delete from shift_assignments where id=?
Hibernate: delete from shift_assignments where id=?
2025-10-26T12:22:30.882+09:00 DEBUG 19468 --- [Shift Scheduler Demo] [           main] org.hibernate.SQL                        : select sa1_0.id,sa1_0.employee_id,sa1_0.end_time,sa1_0.shift_name,sa1_0.start_time,sa1_0.work_date from shift_assignments sa1_0 where sa1_0.work_date=?
Hibernate: select sa1_0.id,sa1_0.employee_id,sa1_0.end_time,sa1_0.shift_name,sa1_0.start_time,sa1_0.work_date from shift_assignments sa1_0 where sa1_0.work_date=?
2025-10-26T12:22:30.887+09:00 DEBUG 19468 --- [Shift Scheduler Demo] [           main] org.hibernate.SQL                        : delete from shift_assignments where id=?
Hibernate: delete from shift_assignments where id=?
2025-10-26T12:22:30.888+09:00 DEBUG 19468 --- [Shift Scheduler Demo] [           main] org.hibernate.SQL                        : delete from shift_assignments where id=?
Hibernate: delete from shift_assignments where id=?
2025-10-26T12:22:30.888+09:00 DEBUG 19468 --- [Shift Scheduler Demo] [           main] org.hibernate.SQL                        : delete from shift_assignments where id=?
Hibernate: delete from shift_assignments where id=?
2025-10-26T12:22:30.888+09:00 DEBUG 19468 --- [Shift Scheduler Demo] [           main] org.hibernate.SQL                        : delete from shift_assignments where id=?
Hibernate: delete from shift_assignments where id=?
2025-10-26T12:22:30.889+09:00 DEBUG 19468 --- [Shift Scheduler Demo] [           main] org.hibernate.SQL                        : delete from shift_assignments where id=?
Hibernate: delete from shift_assignments where id=?
2025-10-26T12:22:30.889+09:00 DEBUG 19468 --- [Shift Scheduler Demo] [           main] org.hibernate.SQL                        : delete from shift_assignments where id=?
Hibernate: delete from shift_assignments where id=?
2025-10-26T12:22:30.889+09:00 DEBUG 19468 --- [Shift Scheduler Demo] [           main] org.hibernate.SQL                        : delete from shift_assignments where id=?
Hibernate: delete from shift_assignments where id=?
2025-10-26T12:22:30.889+09:00 DEBUG 19468 --- [Shift Scheduler Demo] [           main] org.hibernate.SQL                        : delete from shift_assignments where id=?
Hibernate: delete from shift_assignments where id=?
2025-10-26T12:22:30.889+09:00 DEBUG 19468 --- [Shift Scheduler Demo] [           main] org.hibernate.SQL                        : delete from shift_assignments where id=?
Hibernate: delete from shift_assignments where id=?
2025-10-26T12:22:30.891+09:00 DEBUG 19468 --- [Shift Scheduler Demo] [           main] org.hibernate.SQL                        : select sa1_0.id,sa1_0.employee_id,sa1_0.end_time,sa1_0.shift_name,sa1_0.start_time,sa1_0.work_date from shift_assignments sa1_0 where sa1_0.work_date=?
Hibernate: select sa1_0.id,sa1_0.employee_id,sa1_0.end_time,sa1_0.shift_name,sa1_0.start_time,sa1_0.work_date from shift_assignments sa1_0 where sa1_0.work_date=?
2025-10-26T12:22:30.892+09:00 DEBUG 19468 --- [Shift Scheduler Demo] [           main] org.hibernate.SQL                        : delete from shift_assignments where id=?
Hibernate: delete from shift_assignments where id=?
2025-10-26T12:22:30.894+09:00 DEBUG 19468 --- [Shift Scheduler Demo] [           main] org.hibernate.SQL                        : delete from shift_assignments where id=?
Hibernate: delete from shift_assignments where id=?
2025-10-26T12:22:30.894+09:00 DEBUG 19468 --- [Shift Scheduler Demo] [           main] org.hibernate.SQL                        : delete from shift_assignments where id=?
Hibernate: delete from shift_assignments where id=?
2025-10-26T12:22:30.894+09:00 DEBUG 19468 --- [Shift Scheduler Demo] [           main] org.hibernate.SQL                        : delete from shift_assignments where id=?
Hibernate: delete from shift_assignments where id=?
2025-10-26T12:22:30.894+09:00 DEBUG 19468 --- [Shift Scheduler Demo] [           main] org.hibernate.SQL                        : delete from shift_assignments where id=?
Hibernate: delete from shift_assignments where id=?
2025-10-26T12:22:30.894+09:00 DEBUG 19468 --- [Shift Scheduler Demo] [           main] org.hibernate.SQL                        : delete from shift_assignments where id=?
Hibernate: delete from shift_assignments where id=?
2025-10-26T12:22:30.894+09:00 DEBUG 19468 --- [Shift Scheduler Demo] [           main] org.hibernate.SQL                        : delete from shift_assignments where id=?
Hibernate: delete from shift_assignments where id=?
2025-10-26T12:22:30.894+09:00 DEBUG 19468 --- [Shift Scheduler Demo] [           main] org.hibernate.SQL                        : delete from shift_assignments where id=?
Hibernate: delete from shift_assignments where id=?
2025-10-26T12:22:30.894+09:00 DEBUG 19468 --- [Shift Scheduler Demo] [           main] org.hibernate.SQL                        : delete from shift_assignments where id=?
Hibernate: delete from shift_assignments where id=?
2025-10-26T12:22:30.894+09:00 DEBUG 19468 --- [Shift Scheduler Demo] [           main] org.hibernate.SQL                        : select sa1_0.id,sa1_0.employee_id,sa1_0.end_time,sa1_0.shift_name,sa1_0.start_time,sa1_0.work_date from shift_assignments sa1_0 where sa1_0.work_date=?
Hibernate: select sa1_0.id,sa1_0.employee_id,sa1_0.end_time,sa1_0.shift_name,sa1_0.start_time,sa1_0.work_date from shift_assignments sa1_0 where sa1_0.work_date=?
2025-10-26T12:22:30.897+09:00  INFO 19468 --- [Shift Scheduler Demo] [           main] c.e.shiftv1.schedule.ScheduleService     : �����̃V�t�g���蓖�Ă��폜���܂���: 2025-10-01 ���� 2025-10-31
2025-10-26T12:22:30.904+09:00 DEBUG 19468 --- [Shift Scheduler Demo] [           main] org.hibernate.SQL                        : select sc1_0.id,sc1_0.is_active,sc1_0.created_at,sc1_0.day_of_week,sc1_0.end_time,sc1_0.is_holiday,sc1_0.name,sc1_0.required_employees,sc1_0.required_skill_id,sc1_0.start_time,sc1_0.updated_at from shift_config sc1_0 where sc1_0.is_active=1
Hibernate: select sc1_0.id,sc1_0.is_active,sc1_0.created_at,sc1_0.day_of_week,sc1_0.end_time,sc1_0.is_holiday,sc1_0.name,sc1_0.required_employees,sc1_0.required_skill_id,sc1_0.start_time,sc1_0.updated_at from shift_config sc1_0 where sc1_0.is_active=1
2025-10-26T12:22:30.911+09:00 DEBUG 19468 --- [Shift Scheduler Demo] [           main] org.hibernate.SQL                        : select d1_0.shift_config_id,d1_0.day_of_week from shift_config_days d1_0 where d1_0.shift_config_id=?
Hibernate: select d1_0.shift_config_id,d1_0.day_of_week from shift_config_days d1_0 where d1_0.shift_config_id=?
2025-10-26T12:22:30.917+09:00 DEBUG 19468 --- [Shift Scheduler Demo] [           main] org.hibernate.SQL                        : select ec1_0.id,ec1_0.is_active,ec1_0.created_at,ec1_0.date,ec1_0.employee_id,ec1_0.end_time,ec1_0.reason,ec1_0.start_time,ec1_0.type,ec1_0.updated_at from employee_constraints ec1_0 where ec1_0.date between ? and ? and ec1_0.is_active=1
Hibernate: select ec1_0.id,ec1_0.is_active,ec1_0.created_at,ec1_0.date,ec1_0.employee_id,ec1_0.end_time,ec1_0.reason,ec1_0.start_time,ec1_0.type,ec1_0.updated_at from employee_constraints ec1_0 where ec1_0.date between ? and ? and ec1_0.is_active=1
2025-10-26T12:22:30.930+09:00 DEBUG 19468 --- [Shift Scheduler Demo] [           main] org.hibernate.SQL                        : select h1_0.date from holidays h1_0 where h1_0.date between ? and ?
Hibernate: select h1_0.date from holidays h1_0 where h1_0.date between ? and ?
2025-10-26T12:22:30.945+09:00 DEBUG 19468 --- [Shift Scheduler Demo] [           main] org.hibernate.SQL                        : select di1_0.id,di1_0.is_active,di1_0.created_at,di1_0.date,di1_0.day_of_week,di1_0.end_time,di1_0.required_seats,di1_0.skill_id,di1_0.sort_order,di1_0.start_time,di1_0.updated_at from demand_intervals di1_0 where (di1_0.date=? or (di1_0.date is null and di1_0.day_of_week=?)) and (di1_0.is_active=1 or di1_0.is_active is null) and di1_0.skill_id is not null
Hibernate: select di1_0.id,di1_0.is_active,di1_0.created_at,di1_0.date,di1_0.day_of_week,di1_0.end_time,di1_0.required_seats,di1_0.skill_id,di1_0.sort_order,di1_0.start_time,di1_0.updated_at from demand_intervals di1_0 where (di1_0.date=? or (di1_0.date is null and di1_0.day_of_week=?)) and (di1_0.is_active=1 or di1_0.is_active is null) and di1_0.skill_id is not null
2025-10-26T12:22:30.950+09:00 DEBUG 19468 --- [Shift Scheduler Demo] [           main] org.hibernate.SQL                        : select di1_0.id,di1_0.is_active,di1_0.created_at,di1_0.date,di1_0.day_of_week,di1_0.end_time,di1_0.required_seats,di1_0.skill_id,di1_0.sort_order,di1_0.start_time,di1_0.updated_at from demand_intervals di1_0 where (di1_0.date=? or (di1_0.date is null and di1_0.day_of_week=?)) and (di1_0.is_active=1 or di1_0.is_active is null) and di1_0.skill_id is not null
Hibernate: select di1_0.id,di1_0.is_active,di1_0.created_at,di1_0.date,di1_0.day_of_week,di1_0.end_time,di1_0.required_seats,di1_0.skill_id,di1_0.sort_order,di1_0.start_time,di1_0.updated_at from demand_intervals di1_0 where (di1_0.date=? or (di1_0.date is null and di1_0.day_of_week=?)) and (di1_0.is_active=1 or di1_0.is_active is null) and di1_0.skill_id is not null
2025-10-26T12:22:30.955+09:00 DEBUG 19468 --- [Shift Scheduler Demo] [           main] org.hibernate.SQL                        : select di1_0.id,di1_0.is_active,di1_0.created_at,di1_0.date,di1_0.day_of_week,di1_0.end_time,di1_0.required_seats,di1_0.skill_id,di1_0.sort_order,di1_0.start_time,di1_0.updated_at from demand_intervals di1_0 where (di1_0.date=? or (di1_0.date is null and di1_0.day_of_week=?)) and (di1_0.is_active=1 or di1_0.is_active is null) and di1_0.skill_id is not null
Hibernate: select di1_0.id,di1_0.is_active,di1_0.created_at,di1_0.date,di1_0.day_of_week,di1_0.end_time,di1_0.required_seats,di1_0.skill_id,di1_0.sort_order,di1_0.start_time,di1_0.updated_at from demand_intervals di1_0 where (di1_0.date=? or (di1_0.date is null and di1_0.day_of_week=?)) and (di1_0.is_active=1 or di1_0.is_active is null) and di1_0.skill_id is not null
2025-10-26T12:22:30.962+09:00 DEBUG 19468 --- [Shift Scheduler Demo] [           main] org.hibernate.SQL                        : select di1_0.id,di1_0.is_active,di1_0.created_at,di1_0.date,di1_0.day_of_week,di1_0.end_time,di1_0.required_seats,di1_0.skill_id,di1_0.sort_order,di1_0.start_time,di1_0.updated_at from demand_intervals di1_0 where (di1_0.date=? or (di1_0.date is null and di1_0.day_of_week=?)) and (di1_0.is_active=1 or di1_0.is_active is null) and di1_0.skill_id is not null
Hibernate: select di1_0.id,di1_0.is_active,di1_0.created_at,di1_0.date,di1_0.day_of_week,di1_0.end_time,di1_0.required_seats,di1_0.skill_id,di1_0.sort_order,di1_0.start_time,di1_0.updated_at from demand_intervals di1_0 where (di1_0.date=? or (di1_0.date is null and di1_0.day_of_week=?)) and (di1_0.is_active=1 or di1_0.is_active is null) and di1_0.skill_id is not null
2025-10-26T12:22:30.963+09:00 DEBUG 19468 --- [Shift Scheduler Demo] [           main] org.hibernate.SQL                        : select di1_0.id,di1_0.is_active,di1_0.created_at,di1_0.date,di1_0.day_of_week,di1_0.end_time,di1_0.required_seats,di1_0.skill_id,di1_0.sort_order,di1_0.start_time,di1_0.updated_at from demand_intervals di1_0 where (di1_0.date=? or (di1_0.date is null and di1_0.day_of_week=?)) and (di1_0.is_active=1 or di1_0.is_active is null) and di1_0.skill_id is not null
Hibernate: select di1_0.id,di1_0.is_active,di1_0.created_at,di1_0.date,di1_0.day_of_week,di1_0.end_time,di1_0.required_seats,di1_0.skill_id,di1_0.sort_order,di1_0.start_time,di1_0.updated_at from demand_intervals di1_0 where (di1_0.date=? or (di1_0.date is null and di1_0.day_of_week=?)) and (di1_0.is_active=1 or di1_0.is_active is null) and di1_0.skill_id is not null
2025-10-26T12:22:30.972+09:00 DEBUG 19468 --- [Shift Scheduler Demo] [           main] org.hibernate.SQL                        : select di1_0.id,di1_0.is_active,di1_0.created_at,di1_0.date,di1_0.day_of_week,di1_0.end_time,di1_0.required_seats,di1_0.skill_id,di1_0.sort_order,di1_0.start_time,di1_0.updated_at from demand_intervals di1_0 where (di1_0.date=? or (di1_0.date is null and di1_0.day_of_week=?)) and (di1_0.is_active=1 or di1_0.is_active is null) and di1_0.skill_id is not null
Hibernate: select di1_0.id,di1_0.is_active,di1_0.created_at,di1_0.date,di1_0.day_of_week,di1_0.end_time,di1_0.required_seats,di1_0.skill_id,di1_0.sort_order,di1_0.start_time,di1_0.updated_at from demand_intervals di1_0 where (di1_0.date=? or (di1_0.date is null and di1_0.day_of_week=?)) and (di1_0.is_active=1 or di1_0.is_active is null) and di1_0.skill_id is not null
2025-10-26T12:22:30.975+09:00 DEBUG 19468 --- [Shift Scheduler Demo] [           main] org.hibernate.SQL                        : select di1_0.id,di1_0.is_active,di1_0.created_at,di1_0.date,di1_0.day_of_week,di1_0.end_time,di1_0.required_seats,di1_0.skill_id,di1_0.sort_order,di1_0.start_time,di1_0.updated_at from demand_intervals di1_0 where (di1_0.date=? or (di1_0.date is null and di1_0.day_of_week=?)) and (di1_0.is_active=1 or di1_0.is_active is null) and di1_0.skill_id is not null
Hibernate: select di1_0.id,di1_0.is_active,di1_0.created_at,di1_0.date,di1_0.day_of_week,di1_0.end_time,di1_0.required_seats,di1_0.skill_id,di1_0.sort_order,di1_0.start_time,di1_0.updated_at from demand_intervals di1_0 where (di1_0.date=? or (di1_0.date is null and di1_0.day_of_week=?)) and (di1_0.is_active=1 or di1_0.is_active is null) and di1_0.skill_id is not null
2025-10-26T12:22:30.977+09:00 DEBUG 19468 --- [Shift Scheduler Demo] [           main] org.hibernate.SQL                        : select di1_0.id,di1_0.is_active,di1_0.created_at,di1_0.date,di1_0.day_of_week,di1_0.end_time,di1_0.required_seats,di1_0.skill_id,di1_0.sort_order,di1_0.start_time,di1_0.updated_at from demand_intervals di1_0 where (di1_0.date=? or (di1_0.date is null and di1_0.day_of_week=?)) and (di1_0.is_active=1 or di1_0.is_active is null) and di1_0.skill_id is not null
Hibernate: select di1_0.id,di1_0.is_active,di1_0.created_at,di1_0.date,di1_0.day_of_week,di1_0.end_time,di1_0.required_seats,di1_0.skill_id,di1_0.sort_order,di1_0.start_time,di1_0.updated_at from demand_intervals di1_0 where (di1_0.date=? or (di1_0.date is null and di1_0.day_of_week=?)) and (di1_0.is_active=1 or di1_0.is_active is null) and di1_0.skill_id is not null
2025-10-26T12:22:30.980+09:00 DEBUG 19468 --- [Shift Scheduler Demo] [           main] org.hibernate.SQL                        : select di1_0.id,di1_0.is_active,di1_0.created_at,di1_0.date,di1_0.day_of_week,di1_0.end_time,di1_0.required_seats,di1_0.skill_id,di1_0.sort_order,di1_0.start_time,di1_0.updated_at from demand_intervals di1_0 where (di1_0.date=? or (di1_0.date is null and di1_0.day_of_week=?)) and (di1_0.is_active=1 or di1_0.is_active is null) and di1_0.skill_id is not null
Hibernate: select di1_0.id,di1_0.is_active,di1_0.created_at,di1_0.date,di1_0.day_of_week,di1_0.end_time,di1_0.required_seats,di1_0.skill_id,di1_0.sort_order,di1_0.start_time,di1_0.updated_at from demand_intervals di1_0 where (di1_0.date=? or (di1_0.date is null and di1_0.day_of_week=?)) and (di1_0.is_active=1 or di1_0.is_active is null) and di1_0.skill_id is not null
2025-10-26T12:22:30.980+09:00 DEBUG 19468 --- [Shift Scheduler Demo] [           main] org.hibernate.SQL                        : select di1_0.id,di1_0.is_active,di1_0.created_at,di1_0.date,di1_0.day_of_week,di1_0.end_time,di1_0.required_seats,di1_0.skill_id,di1_0.sort_order,di1_0.start_time,di1_0.updated_at from demand_intervals di1_0 where (di1_0.date=? or (di1_0.date is null and di1_0.day_of_week=?)) and (di1_0.is_active=1 or di1_0.is_active is null) and di1_0.skill_id is not null
Hibernate: select di1_0.id,di1_0.is_active,di1_0.created_at,di1_0.date,di1_0.day_of_week,di1_0.end_time,di1_0.required_seats,di1_0.skill_id,di1_0.sort_order,di1_0.start_time,di1_0.updated_at from demand_intervals di1_0 where (di1_0.date=? or (di1_0.date is null and di1_0.day_of_week=?)) and (di1_0.is_active=1 or di1_0.is_active is null) and di1_0.skill_id is not null
2025-10-26T12:22:30.986+09:00 DEBUG 19468 --- [Shift Scheduler Demo] [           main] org.hibernate.SQL                        : select di1_0.id,di1_0.is_active,di1_0.created_at,di1_0.date,di1_0.day_of_week,di1_0.end_time,di1_0.required_seats,di1_0.skill_id,di1_0.sort_order,di1_0.start_time,di1_0.updated_at from demand_intervals di1_0 where (di1_0.date=? or (di1_0.date is null and di1_0.day_of_week=?)) and (di1_0.is_active=1 or di1_0.is_active is null) and di1_0.skill_id is not null
Hibernate: select di1_0.id,di1_0.is_active,di1_0.created_at,di1_0.date,di1_0.day_of_week,di1_0.end_time,di1_0.required_seats,di1_0.skill_id,di1_0.sort_order,di1_0.start_time,di1_0.updated_at from demand_intervals di1_0 where (di1_0.date=? or (di1_0.date is null and di1_0.day_of_week=?)) and (di1_0.is_active=1 or di1_0.is_active is null) and di1_0.skill_id is not null
2025-10-26T12:22:30.990+09:00 DEBUG 19468 --- [Shift Scheduler Demo] [           main] org.hibernate.SQL                        : select di1_0.id,di1_0.is_active,di1_0.created_at,di1_0.date,di1_0.day_of_week,di1_0.end_time,di1_0.required_seats,di1_0.skill_id,di1_0.sort_order,di1_0.start_time,di1_0.updated_at from demand_intervals di1_0 where (di1_0.date=? or (di1_0.date is null and di1_0.day_of_week=?)) and (di1_0.is_active=1 or di1_0.is_active is null) and di1_0.skill_id is not null
Hibernate: select di1_0.id,di1_0.is_active,di1_0.created_at,di1_0.date,di1_0.day_of_week,di1_0.end_time,di1_0.required_seats,di1_0.skill_id,di1_0.sort_order,di1_0.start_time,di1_0.updated_at from demand_intervals di1_0 where (di1_0.date=? or (di1_0.date is null and di1_0.day_of_week=?)) and (di1_0.is_active=1 or di1_0.is_active is null) and di1_0.skill_id is not null
2025-10-26T12:22:30.996+09:00 DEBUG 19468 --- [Shift Scheduler Demo] [           main] org.hibernate.SQL                        : select di1_0.id,di1_0.is_active,di1_0.created_at,di1_0.date,di1_0.day_of_week,di1_0.end_time,di1_0.required_seats,di1_0.skill_id,di1_0.sort_order,di1_0.start_time,di1_0.updated_at from demand_intervals di1_0 where (di1_0.date=? or (di1_0.date is null and di1_0.day_of_week=?)) and (di1_0.is_active=1 or di1_0.is_active is null) and di1_0.skill_id is not null
Hibernate: select di1_0.id,di1_0.is_active,di1_0.created_at,di1_0.date,di1_0.day_of_week,di1_0.end_time,di1_0.required_seats,di1_0.skill_id,di1_0.sort_order,di1_0.start_time,di1_0.updated_at from demand_intervals di1_0 where (di1_0.date=? or (di1_0.date is null and di1_0.day_of_week=?)) and (di1_0.is_active=1 or di1_0.is_active is null) and di1_0.skill_id is not null
2025-10-26T12:22:31.000+09:00 DEBUG 19468 --- [Shift Scheduler Demo] [           main] org.hibernate.SQL                        : select di1_0.id,di1_0.is_active,di1_0.created_at,di1_0.date,di1_0.day_of_week,di1_0.end_time,di1_0.required_seats,di1_0.skill_id,di1_0.sort_order,di1_0.start_time,di1_0.updated_at from demand_intervals di1_0 where (di1_0.date=? or (di1_0.date is null and di1_0.day_of_week=?)) and (di1_0.is_active=1 or di1_0.is_active is null) and di1_0.skill_id is not null
Hibernate: select di1_0.id,di1_0.is_active,di1_0.created_at,di1_0.date,di1_0.day_of_week,di1_0.end_time,di1_0.required_seats,di1_0.skill_id,di1_0.sort_order,di1_0.start_time,di1_0.updated_at from demand_intervals di1_0 where (di1_0.date=? or (di1_0.date is null and di1_0.day_of_week=?)) and (di1_0.is_active=1 or di1_0.is_active is null) and di1_0.skill_id is not null
2025-10-26T12:22:31.009+09:00 DEBUG 19468 --- [Shift Scheduler Demo] [           main] org.hibernate.SQL                        : select di1_0.id,di1_0.is_active,di1_0.created_at,di1_0.date,di1_0.day_of_week,di1_0.end_time,di1_0.required_seats,di1_0.skill_id,di1_0.sort_order,di1_0.start_time,di1_0.updated_at from demand_intervals di1_0 where (di1_0.date=? or (di1_0.date is null and di1_0.day_of_week=?)) and (di1_0.is_active=1 or di1_0.is_active is null) and di1_0.skill_id is not null
Hibernate: select di1_0.id,di1_0.is_active,di1_0.created_at,di1_0.date,di1_0.day_of_week,di1_0.end_time,di1_0.required_seats,di1_0.skill_id,di1_0.sort_order,di1_0.start_time,di1_0.updated_at from demand_intervals di1_0 where (di1_0.date=? or (di1_0.date is null and di1_0.day_of_week=?)) and (di1_0.is_active=1 or di1_0.is_active is null) and di1_0.skill_id is not null
2025-10-26T12:22:31.013+09:00 DEBUG 19468 --- [Shift Scheduler Demo] [           main] org.hibernate.SQL                        : select di1_0.id,di1_0.is_active,di1_0.created_at,di1_0.date,di1_0.day_of_week,di1_0.end_time,di1_0.required_seats,di1_0.skill_id,di1_0.sort_order,di1_0.start_time,di1_0.updated_at from demand_intervals di1_0 where (di1_0.date=? or (di1_0.date is null and di1_0.day_of_week=?)) and (di1_0.is_active=1 or di1_0.is_active is null) and di1_0.skill_id is not null
Hibernate: select di1_0.id,di1_0.is_active,di1_0.created_at,di1_0.date,di1_0.day_of_week,di1_0.end_time,di1_0.required_seats,di1_0.skill_id,di1_0.sort_order,di1_0.start_time,di1_0.updated_at from demand_intervals di1_0 where (di1_0.date=? or (di1_0.date is null and di1_0.day_of_week=?)) and (di1_0.is_active=1 or di1_0.is_active is null) and di1_0.skill_id is not null
2025-10-26T12:22:31.017+09:00 DEBUG 19468 --- [Shift Scheduler Demo] [           main] org.hibernate.SQL                        : select di1_0.id,di1_0.is_active,di1_0.created_at,di1_0.date,di1_0.day_of_week,di1_0.end_time,di1_0.required_seats,di1_0.skill_id,di1_0.sort_order,di1_0.start_time,di1_0.updated_at from demand_intervals di1_0 where (di1_0.date=? or (di1_0.date is null and di1_0.day_of_week=?)) and (di1_0.is_active=1 or di1_0.is_active is null) and di1_0.skill_id is not null
Hibernate: select di1_0.id,di1_0.is_active,di1_0.created_at,di1_0.date,di1_0.day_of_week,di1_0.end_time,di1_0.required_seats,di1_0.skill_id,di1_0.sort_order,di1_0.start_time,di1_0.updated_at from demand_intervals di1_0 where (di1_0.date=? or (di1_0.date is null and di1_0.day_of_week=?)) and (di1_0.is_active=1 or di1_0.is_active is null) and di1_0.skill_id is not null
2025-10-26T12:22:31.024+09:00 DEBUG 19468 --- [Shift Scheduler Demo] [           main] org.hibernate.SQL                        : select di1_0.id,di1_0.is_active,di1_0.created_at,di1_0.date,di1_0.day_of_week,di1_0.end_time,di1_0.required_seats,di1_0.skill_id,di1_0.sort_order,di1_0.start_time,di1_0.updated_at from demand_intervals di1_0 where (di1_0.date=? or (di1_0.date is null and di1_0.day_of_week=?)) and (di1_0.is_active=1 or di1_0.is_active is null) and di1_0.skill_id is not null
Hibernate: select di1_0.id,di1_0.is_active,di1_0.created_at,di1_0.date,di1_0.day_of_week,di1_0.end_time,di1_0.required_seats,di1_0.skill_id,di1_0.sort_order,di1_0.start_time,di1_0.updated_at from demand_intervals di1_0 where (di1_0.date=? or (di1_0.date is null and di1_0.day_of_week=?)) and (di1_0.is_active=1 or di1_0.is_active is null) and di1_0.skill_id is not null
2025-10-26T12:22:31.026+09:00 DEBUG 19468 --- [Shift Scheduler Demo] [           main] org.hibernate.SQL                        : select di1_0.id,di1_0.is_active,di1_0.created_at,di1_0.date,di1_0.day_of_week,di1_0.end_time,di1_0.required_seats,di1_0.skill_id,di1_0.sort_order,di1_0.start_time,di1_0.updated_at from demand_intervals di1_0 where (di1_0.date=? or (di1_0.date is null and di1_0.day_of_week=?)) and (di1_0.is_active=1 or di1_0.is_active is null) and di1_0.skill_id is not null
Hibernate: select di1_0.id,di1_0.is_active,di1_0.created_at,di1_0.date,di1_0.day_of_week,di1_0.end_time,di1_0.required_seats,di1_0.skill_id,di1_0.sort_order,di1_0.start_time,di1_0.updated_at from demand_intervals di1_0 where (di1_0.date=? or (di1_0.date is null and di1_0.day_of_week=?)) and (di1_0.is_active=1 or di1_0.is_active is null) and di1_0.skill_id is not null
2025-10-26T12:22:31.029+09:00 DEBUG 19468 --- [Shift Scheduler Demo] [           main] org.hibernate.SQL                        : select di1_0.id,di1_0.is_active,di1_0.created_at,di1_0.date,di1_0.day_of_week,di1_0.end_time,di1_0.required_seats,di1_0.skill_id,di1_0.sort_order,di1_0.start_time,di1_0.updated_at from demand_intervals di1_0 where (di1_0.date=? or (di1_0.date is null and di1_0.day_of_week=?)) and (di1_0.is_active=1 or di1_0.is_active is null) and di1_0.skill_id is not null
Hibernate: select di1_0.id,di1_0.is_active,di1_0.created_at,di1_0.date,di1_0.day_of_week,di1_0.end_time,di1_0.required_seats,di1_0.skill_id,di1_0.sort_order,di1_0.start_time,di1_0.updated_at from demand_intervals di1_0 where (di1_0.date=? or (di1_0.date is null and di1_0.day_of_week=?)) and (di1_0.is_active=1 or di1_0.is_active is null) and di1_0.skill_id is not null
2025-10-26T12:22:31.032+09:00 DEBUG 19468 --- [Shift Scheduler Demo] [           main] org.hibernate.SQL                        : select di1_0.id,di1_0.is_active,di1_0.created_at,di1_0.date,di1_0.day_of_week,di1_0.end_time,di1_0.required_seats,di1_0.skill_id,di1_0.sort_order,di1_0.start_time,di1_0.updated_at from demand_intervals di1_0 where (di1_0.date=? or (di1_0.date is null and di1_0.day_of_week=?)) and (di1_0.is_active=1 or di1_0.is_active is null) and di1_0.skill_id is not null
Hibernate: select di1_0.id,di1_0.is_active,di1_0.created_at,di1_0.date,di1_0.day_of_week,di1_0.end_time,di1_0.required_seats,di1_0.skill_id,di1_0.sort_order,di1_0.start_time,di1_0.updated_at from demand_intervals di1_0 where (di1_0.date=? or (di1_0.date is null and di1_0.day_of_week=?)) and (di1_0.is_active=1 or di1_0.is_active is null) and di1_0.skill_id is not null
2025-10-26T12:22:31.034+09:00 DEBUG 19468 --- [Shift Scheduler Demo] [           main] org.hibernate.SQL                        : select di1_0.id,di1_0.is_active,di1_0.created_at,di1_0.date,di1_0.day_of_week,di1_0.end_time,di1_0.required_seats,di1_0.skill_id,di1_0.sort_order,di1_0.start_time,di1_0.updated_at from demand_intervals di1_0 where (di1_0.date=? or (di1_0.date is null and di1_0.day_of_week=?)) and (di1_0.is_active=1 or di1_0.is_active is null) and di1_0.skill_id is not null
Hibernate: select di1_0.id,di1_0.is_active,di1_0.created_at,di1_0.date,di1_0.day_of_week,di1_0.end_time,di1_0.required_seats,di1_0.skill_id,di1_0.sort_order,di1_0.start_time,di1_0.updated_at from demand_intervals di1_0 where (di1_0.date=? or (di1_0.date is null and di1_0.day_of_week=?)) and (di1_0.is_active=1 or di1_0.is_active is null) and di1_0.skill_id is not null
2025-10-26T12:22:31.041+09:00 DEBUG 19468 --- [Shift Scheduler Demo] [           main] org.hibernate.SQL                        : select di1_0.id,di1_0.is_active,di1_0.created_at,di1_0.date,di1_0.day_of_week,di1_0.end_time,di1_0.required_seats,di1_0.skill_id,di1_0.sort_order,di1_0.start_time,di1_0.updated_at from demand_intervals di1_0 where (di1_0.date=? or (di1_0.date is null and di1_0.day_of_week=?)) and (di1_0.is_active=1 or di1_0.is_active is null) and di1_0.skill_id is not null
Hibernate: select di1_0.id,di1_0.is_active,di1_0.created_at,di1_0.date,di1_0.day_of_week,di1_0.end_time,di1_0.required_seats,di1_0.skill_id,di1_0.sort_order,di1_0.start_time,di1_0.updated_at from demand_intervals di1_0 where (di1_0.date=? or (di1_0.date is null and di1_0.day_of_week=?)) and (di1_0.is_active=1 or di1_0.is_active is null) and di1_0.skill_id is not null
2025-10-26T12:22:31.044+09:00 DEBUG 19468 --- [Shift Scheduler Demo] [           main] org.hibernate.SQL                        : select di1_0.id,di1_0.is_active,di1_0.created_at,di1_0.date,di1_0.day_of_week,di1_0.end_time,di1_0.required_seats,di1_0.skill_id,di1_0.sort_order,di1_0.start_time,di1_0.updated_at from demand_intervals di1_0 where (di1_0.date=? or (di1_0.date is null and di1_0.day_of_week=?)) and (di1_0.is_active=1 or di1_0.is_active is null) and di1_0.skill_id is not null
Hibernate: select di1_0.id,di1_0.is_active,di1_0.created_at,di1_0.date,di1_0.day_of_week,di1_0.end_time,di1_0.required_seats,di1_0.skill_id,di1_0.sort_order,di1_0.start_time,di1_0.updated_at from demand_intervals di1_0 where (di1_0.date=? or (di1_0.date is null and di1_0.day_of_week=?)) and (di1_0.is_active=1 or di1_0.is_active is null) and di1_0.skill_id is not null
2025-10-26T12:22:31.048+09:00 DEBUG 19468 --- [Shift Scheduler Demo] [           main] org.hibernate.SQL                        : select di1_0.id,di1_0.is_active,di1_0.created_at,di1_0.date,di1_0.day_of_week,di1_0.end_time,di1_0.required_seats,di1_0.skill_id,di1_0.sort_order,di1_0.start_time,di1_0.updated_at from demand_intervals di1_0 where (di1_0.date=? or (di1_0.date is null and di1_0.day_of_week=?)) and (di1_0.is_active=1 or di1_0.is_active is null) and di1_0.skill_id is not null
Hibernate: select di1_0.id,di1_0.is_active,di1_0.created_at,di1_0.date,di1_0.day_of_week,di1_0.end_time,di1_0.required_seats,di1_0.skill_id,di1_0.sort_order,di1_0.start_time,di1_0.updated_at from demand_intervals di1_0 where (di1_0.date=? or (di1_0.date is null and di1_0.day_of_week=?)) and (di1_0.is_active=1 or di1_0.is_active is null) and di1_0.skill_id is not null
2025-10-26T12:22:31.050+09:00 DEBUG 19468 --- [Shift Scheduler Demo] [           main] org.hibernate.SQL                        : select di1_0.id,di1_0.is_active,di1_0.created_at,di1_0.date,di1_0.day_of_week,di1_0.end_time,di1_0.required_seats,di1_0.skill_id,di1_0.sort_order,di1_0.start_time,di1_0.updated_at from demand_intervals di1_0 where (di1_0.date=? or (di1_0.date is null and di1_0.day_of_week=?)) and (di1_0.is_active=1 or di1_0.is_active is null) and di1_0.skill_id is not null
Hibernate: select di1_0.id,di1_0.is_active,di1_0.created_at,di1_0.date,di1_0.day_of_week,di1_0.end_time,di1_0.required_seats,di1_0.skill_id,di1_0.sort_order,di1_0.start_time,di1_0.updated_at from demand_intervals di1_0 where (di1_0.date=? or (di1_0.date is null and di1_0.day_of_week=?)) and (di1_0.is_active=1 or di1_0.is_active is null) and di1_0.skill_id is not null
2025-10-26T12:22:31.056+09:00 DEBUG 19468 --- [Shift Scheduler Demo] [           main] org.hibernate.SQL                        : select di1_0.id,di1_0.is_active,di1_0.created_at,di1_0.date,di1_0.day_of_week,di1_0.end_time,di1_0.required_seats,di1_0.skill_id,di1_0.sort_order,di1_0.start_time,di1_0.updated_at from demand_intervals di1_0 where (di1_0.date=? or (di1_0.date is null and di1_0.day_of_week=?)) and (di1_0.is_active=1 or di1_0.is_active is null) and di1_0.skill_id is not null
Hibernate: select di1_0.id,di1_0.is_active,di1_0.created_at,di1_0.date,di1_0.day_of_week,di1_0.end_time,di1_0.required_seats,di1_0.skill_id,di1_0.sort_order,di1_0.start_time,di1_0.updated_at from demand_intervals di1_0 where (di1_0.date=? or (di1_0.date is null and di1_0.day_of_week=?)) and (di1_0.is_active=1 or di1_0.is_active is null) and di1_0.skill_id is not null
2025-10-26T12:22:31.056+09:00 DEBUG 19468 --- [Shift Scheduler Demo] [           main] org.hibernate.SQL                        : select di1_0.id,di1_0.is_active,di1_0.created_at,di1_0.date,di1_0.day_of_week,di1_0.end_time,di1_0.required_seats,di1_0.skill_id,di1_0.sort_order,di1_0.start_time,di1_0.updated_at from demand_intervals di1_0 where (di1_0.date=? or (di1_0.date is null and di1_0.day_of_week=?)) and (di1_0.is_active=1 or di1_0.is_active is null) and di1_0.skill_id is not null
Hibernate: select di1_0.id,di1_0.is_active,di1_0.created_at,di1_0.date,di1_0.day_of_week,di1_0.end_time,di1_0.required_seats,di1_0.skill_id,di1_0.sort_order,di1_0.start_time,di1_0.updated_at from demand_intervals di1_0 where (di1_0.date=? or (di1_0.date is null and di1_0.day_of_week=?)) and (di1_0.is_active=1 or di1_0.is_active is null) and di1_0.skill_id is not null
2025-10-26T12:22:31.060+09:00 DEBUG 19468 --- [Shift Scheduler Demo] [           main] org.hibernate.SQL                        : select di1_0.id,di1_0.is_active,di1_0.created_at,di1_0.date,di1_0.day_of_week,di1_0.end_time,di1_0.required_seats,di1_0.skill_id,di1_0.sort_order,di1_0.start_time,di1_0.updated_at from demand_intervals di1_0 where (di1_0.date=? or (di1_0.date is null and di1_0.day_of_week=?)) and (di1_0.is_active=1 or di1_0.is_active is null) and di1_0.skill_id is not null
Hibernate: select di1_0.id,di1_0.is_active,di1_0.created_at,di1_0.date,di1_0.day_of_week,di1_0.end_time,di1_0.required_seats,di1_0.skill_id,di1_0.sort_order,di1_0.start_time,di1_0.updated_at from demand_intervals di1_0 where (di1_0.date=? or (di1_0.date is null and di1_0.day_of_week=?)) and (di1_0.is_active=1 or di1_0.is_active is null) and di1_0.skill_id is not null
2025-10-26T12:22:31.065+09:00 DEBUG 19468 --- [Shift Scheduler Demo] [           main] org.hibernate.SQL                        : select di1_0.id,di1_0.is_active,di1_0.created_at,di1_0.date,di1_0.day_of_week,di1_0.end_time,di1_0.required_seats,di1_0.skill_id,di1_0.sort_order,di1_0.start_time,di1_0.updated_at from demand_intervals di1_0 where (di1_0.date=? or (di1_0.date is null and di1_0.day_of_week=?)) and (di1_0.is_active=1 or di1_0.is_active is null) and di1_0.skill_id is not null
Hibernate: select di1_0.id,di1_0.is_active,di1_0.created_at,di1_0.date,di1_0.day_of_week,di1_0.end_time,di1_0.required_seats,di1_0.skill_id,di1_0.sort_order,di1_0.start_time,di1_0.updated_at from demand_intervals di1_0 where (di1_0.date=? or (di1_0.date is null and di1_0.day_of_week=?)) and (di1_0.is_active=1 or di1_0.is_active is null) and di1_0.skill_id is not null
2025-10-26T12:22:31.065+09:00 DEBUG 19468 --- [Shift Scheduler Demo] [           main] org.hibernate.SQL                        : select di1_0.id,di1_0.is_active,di1_0.created_at,di1_0.date,di1_0.day_of_week,di1_0.end_time,di1_0.required_seats,di1_0.skill_id,di1_0.sort_order,di1_0.start_time,di1_0.updated_at from demand_intervals di1_0 where (di1_0.date=? or (di1_0.date is null and di1_0.day_of_week=?)) and (di1_0.is_active=1 or di1_0.is_active is null) and di1_0.skill_id is not null
Hibernate: select di1_0.id,di1_0.is_active,di1_0.created_at,di1_0.date,di1_0.day_of_week,di1_0.end_time,di1_0.required_seats,di1_0.skill_id,di1_0.sort_order,di1_0.start_time,di1_0.updated_at from demand_intervals di1_0 where (di1_0.date=? or (di1_0.date is null and di1_0.day_of_week=?)) and (di1_0.is_active=1 or di1_0.is_active is null) and di1_0.skill_id is not null
2025-10-26T12:22:31.069+09:00 DEBUG 19468 --- [Shift Scheduler Demo] [           main] org.hibernate.SQL                        : select di1_0.id,di1_0.is_active,di1_0.created_at,di1_0.date,di1_0.day_of_week,di1_0.end_time,di1_0.required_seats,di1_0.skill_id,di1_0.sort_order,di1_0.start_time,di1_0.updated_at from demand_intervals di1_0 where (di1_0.date=? or (di1_0.date is null and di1_0.day_of_week=?)) and (di1_0.is_active=1 or di1_0.is_active is null) and di1_0.skill_id is not null
Hibernate: select di1_0.id,di1_0.is_active,di1_0.created_at,di1_0.date,di1_0.day_of_week,di1_0.end_time,di1_0.required_seats,di1_0.skill_id,di1_0.sort_order,di1_0.start_time,di1_0.updated_at from demand_intervals di1_0 where (di1_0.date=? or (di1_0.date is null and di1_0.day_of_week=?)) and (di1_0.is_active=1 or di1_0.is_active is null) and di1_0.skill_id is not null
2025-10-26T12:22:31.079+09:00 DEBUG 19468 --- [Shift Scheduler Demo] [           main] org.hibernate.SQL                        : select di1_0.id,di1_0.is_active,di1_0.created_at,di1_0.date,di1_0.day_of_week,di1_0.end_time,di1_0.required_seats,di1_0.skill_id,di1_0.sort_order,di1_0.start_time,di1_0.updated_at from demand_intervals di1_0 where (di1_0.date=? or (di1_0.date is null and di1_0.day_of_week=?)) and (di1_0.is_active=1 or di1_0.is_active is null) and di1_0.skill_id is not null
Hibernate: select di1_0.id,di1_0.is_active,di1_0.created_at,di1_0.date,di1_0.day_of_week,di1_0.end_time,di1_0.required_seats,di1_0.skill_id,di1_0.sort_order,di1_0.start_time,di1_0.updated_at from demand_intervals di1_0 where (di1_0.date=? or (di1_0.date is null and di1_0.day_of_week=?)) and (di1_0.is_active=1 or di1_0.is_active is null) and di1_0.skill_id is not null
2025-10-26T12:22:31.083+09:00 DEBUG 19468 --- [Shift Scheduler Demo] [           main] org.hibernate.SQL                        : select di1_0.id,di1_0.is_active,di1_0.created_at,di1_0.date,di1_0.day_of_week,di1_0.end_time,di1_0.required_seats,di1_0.skill_id,di1_0.sort_order,di1_0.start_time,di1_0.updated_at from demand_intervals di1_0 where (di1_0.date=? or (di1_0.date is null and di1_0.day_of_week=?)) and (di1_0.is_active=1 or di1_0.is_active is null) and di1_0.skill_id is not null
Hibernate: select di1_0.id,di1_0.is_active,di1_0.created_at,di1_0.date,di1_0.day_of_week,di1_0.end_time,di1_0.required_seats,di1_0.skill_id,di1_0.sort_order,di1_0.start_time,di1_0.updated_at from demand_intervals di1_0 where (di1_0.date=? or (di1_0.date is null and di1_0.day_of_week=?)) and (di1_0.is_active=1 or di1_0.is_active is null) and di1_0.skill_id is not null
2025-10-26T12:22:31.090+09:00 DEBUG 19468 --- [Shift Scheduler Demo] [           main] org.hibernate.SQL                        : select di1_0.id,di1_0.is_active,di1_0.created_at,di1_0.date,di1_0.day_of_week,di1_0.end_time,di1_0.required_seats,di1_0.skill_id,di1_0.sort_order,di1_0.start_time,di1_0.updated_at from demand_intervals di1_0 where (di1_0.date=? or (di1_0.date is null and di1_0.day_of_week=?)) and (di1_0.is_active=1 or di1_0.is_active is null) and di1_0.skill_id is not null
Hibernate: select di1_0.id,di1_0.is_active,di1_0.created_at,di1_0.date,di1_0.day_of_week,di1_0.end_time,di1_0.required_seats,di1_0.skill_id,di1_0.sort_order,di1_0.start_time,di1_0.updated_at from demand_intervals di1_0 where (di1_0.date=? or (di1_0.date is null and di1_0.day_of_week=?)) and (di1_0.is_active=1 or di1_0.is_active is null) and di1_0.skill_id is not null
2025-10-26T12:22:31.092+09:00 DEBUG 19468 --- [Shift Scheduler Demo] [           main] org.hibernate.SQL                        : select di1_0.id,di1_0.is_active,di1_0.created_at,di1_0.date,di1_0.day_of_week,di1_0.end_time,di1_0.required_seats,di1_0.skill_id,di1_0.sort_order,di1_0.start_time,di1_0.updated_at from demand_intervals di1_0 where (di1_0.date=? or (di1_0.date is null and di1_0.day_of_week=?)) and (di1_0.is_active=1 or di1_0.is_active is null) and di1_0.skill_id is not null
Hibernate: select di1_0.id,di1_0.is_active,di1_0.created_at,di1_0.date,di1_0.day_of_week,di1_0.end_time,di1_0.required_seats,di1_0.skill_id,di1_0.sort_order,di1_0.start_time,di1_0.updated_at from demand_intervals di1_0 where (di1_0.date=? or (di1_0.date is null and di1_0.day_of_week=?)) and (di1_0.is_active=1 or di1_0.is_active is null) and di1_0.skill_id is not null
2025-10-26T12:22:31.096+09:00 DEBUG 19468 --- [Shift Scheduler Demo] [           main] org.hibernate.SQL                        : select di1_0.id,di1_0.is_active,di1_0.created_at,di1_0.date,di1_0.day_of_week,di1_0.end_time,di1_0.required_seats,di1_0.skill_id,di1_0.sort_order,di1_0.start_time,di1_0.updated_at from demand_intervals di1_0 where (di1_0.date=? or (di1_0.date is null and di1_0.day_of_week=?)) and (di1_0.is_active=1 or di1_0.is_active is null) and di1_0.skill_id is not null
Hibernate: select di1_0.id,di1_0.is_active,di1_0.created_at,di1_0.date,di1_0.day_of_week,di1_0.end_time,di1_0.required_seats,di1_0.skill_id,di1_0.sort_order,di1_0.start_time,di1_0.updated_at from demand_intervals di1_0 where (di1_0.date=? or (di1_0.date is null and di1_0.day_of_week=?)) and (di1_0.is_active=1 or di1_0.is_active is null) and di1_0.skill_id is not null
2025-10-26T12:22:31.099+09:00 DEBUG 19468 --- [Shift Scheduler Demo] [           main] org.hibernate.SQL                        : select di1_0.id,di1_0.is_active,di1_0.created_at,di1_0.date,di1_0.day_of_week,di1_0.end_time,di1_0.required_seats,di1_0.skill_id,di1_0.sort_order,di1_0.start_time,di1_0.updated_at from demand_intervals di1_0 where (di1_0.date=? or (di1_0.date is null and di1_0.day_of_week=?)) and (di1_0.is_active=1 or di1_0.is_active is null) and di1_0.skill_id is not null
Hibernate: select di1_0.id,di1_0.is_active,di1_0.created_at,di1_0.date,di1_0.day_of_week,di1_0.end_time,di1_0.required_seats,di1_0.skill_id,di1_0.sort_order,di1_0.start_time,di1_0.updated_at from demand_intervals di1_0 where (di1_0.date=? or (di1_0.date is null and di1_0.day_of_week=?)) and (di1_0.is_active=1 or di1_0.is_active is null) and di1_0.skill_id is not null
2025-10-26T12:22:31.101+09:00 DEBUG 19468 --- [Shift Scheduler Demo] [           main] org.hibernate.SQL                        : select di1_0.id,di1_0.is_active,di1_0.created_at,di1_0.date,di1_0.day_of_week,di1_0.end_time,di1_0.required_seats,di1_0.skill_id,di1_0.sort_order,di1_0.start_time,di1_0.updated_at from demand_intervals di1_0 where (di1_0.date=? or (di1_0.date is null and di1_0.day_of_week=?)) and (di1_0.is_active=1 or di1_0.is_active is null) and di1_0.skill_id is not null
Hibernate: select di1_0.id,di1_0.is_active,di1_0.created_at,di1_0.date,di1_0.day_of_week,di1_0.end_time,di1_0.required_seats,di1_0.skill_id,di1_0.sort_order,di1_0.start_time,di1_0.updated_at from demand_intervals di1_0 where (di1_0.date=? or (di1_0.date is null and di1_0.day_of_week=?)) and (di1_0.is_active=1 or di1_0.is_active is null) and di1_0.skill_id is not null
2025-10-26T12:22:31.106+09:00 DEBUG 19468 --- [Shift Scheduler Demo] [           main] org.hibernate.SQL                        : select di1_0.id,di1_0.is_active,di1_0.created_at,di1_0.date,di1_0.day_of_week,di1_0.end_time,di1_0.required_seats,di1_0.skill_id,di1_0.sort_order,di1_0.start_time,di1_0.updated_at from demand_intervals di1_0 where (di1_0.date=? or (di1_0.date is null and di1_0.day_of_week=?)) and (di1_0.is_active=1 or di1_0.is_active is null) and di1_0.skill_id is not null
Hibernate: select di1_0.id,di1_0.is_active,di1_0.created_at,di1_0.date,di1_0.day_of_week,di1_0.end_time,di1_0.required_seats,di1_0.skill_id,di1_0.sort_order,di1_0.start_time,di1_0.updated_at from demand_intervals di1_0 where (di1_0.date=? or (di1_0.date is null and di1_0.day_of_week=?)) and (di1_0.is_active=1 or di1_0.is_active is null) and di1_0.skill_id is not null
2025-10-26T12:22:31.109+09:00 DEBUG 19468 --- [Shift Scheduler Demo] [           main] org.hibernate.SQL                        : select di1_0.id,di1_0.is_active,di1_0.created_at,di1_0.date,di1_0.day_of_week,di1_0.end_time,di1_0.required_seats,di1_0.skill_id,di1_0.sort_order,di1_0.start_time,di1_0.updated_at from demand_intervals di1_0 where (di1_0.date=? or (di1_0.date is null and di1_0.day_of_week=?)) and (di1_0.is_active=1 or di1_0.is_active is null) and di1_0.skill_id is not null
Hibernate: select di1_0.id,di1_0.is_active,di1_0.created_at,di1_0.date,di1_0.day_of_week,di1_0.end_time,di1_0.required_seats,di1_0.skill_id,di1_0.sort_order,di1_0.start_time,di1_0.updated_at from demand_intervals di1_0 where (di1_0.date=? or (di1_0.date is null and di1_0.day_of_week=?)) and (di1_0.is_active=1 or di1_0.is_active is null) and di1_0.skill_id is not null
2025-10-26T12:22:31.112+09:00 DEBUG 19468 --- [Shift Scheduler Demo] [           main] org.hibernate.SQL                        : select di1_0.id,di1_0.is_active,di1_0.created_at,di1_0.date,di1_0.day_of_week,di1_0.end_time,di1_0.required_seats,di1_0.skill_id,di1_0.sort_order,di1_0.start_time,di1_0.updated_at from demand_intervals di1_0 where (di1_0.date=? or (di1_0.date is null and di1_0.day_of_week=?)) and (di1_0.is_active=1 or di1_0.is_active is null) and di1_0.skill_id is not null
Hibernate: select di1_0.id,di1_0.is_active,di1_0.created_at,di1_0.date,di1_0.day_of_week,di1_0.end_time,di1_0.required_seats,di1_0.skill_id,di1_0.sort_order,di1_0.start_time,di1_0.updated_at from demand_intervals di1_0 where (di1_0.date=? or (di1_0.date is null and di1_0.day_of_week=?)) and (di1_0.is_active=1 or di1_0.is_active is null) and di1_0.skill_id is not null
2025-10-26T12:22:31.114+09:00 DEBUG 19468 --- [Shift Scheduler Demo] [           main] org.hibernate.SQL                        : select di1_0.id,di1_0.is_active,di1_0.created_at,di1_0.date,di1_0.day_of_week,di1_0.end_time,di1_0.required_seats,di1_0.skill_id,di1_0.sort_order,di1_0.start_time,di1_0.updated_at from demand_intervals di1_0 where (di1_0.date=? or (di1_0.date is null and di1_0.day_of_week=?)) and (di1_0.is_active=1 or di1_0.is_active is null) and di1_0.skill_id is not null
Hibernate: select di1_0.id,di1_0.is_active,di1_0.created_at,di1_0.date,di1_0.day_of_week,di1_0.end_time,di1_0.required_seats,di1_0.skill_id,di1_0.sort_order,di1_0.start_time,di1_0.updated_at from demand_intervals di1_0 where (di1_0.date=? or (di1_0.date is null and di1_0.day_of_week=?)) and (di1_0.is_active=1 or di1_0.is_active is null) and di1_0.skill_id is not null
2025-10-26T12:22:31.117+09:00 DEBUG 19468 --- [Shift Scheduler Demo] [           main] org.hibernate.SQL                        : select di1_0.id,di1_0.is_active,di1_0.created_at,di1_0.date,di1_0.day_of_week,di1_0.end_time,di1_0.required_seats,di1_0.skill_id,di1_0.sort_order,di1_0.start_time,di1_0.updated_at from demand_intervals di1_0 where (di1_0.date=? or (di1_0.date is null and di1_0.day_of_week=?)) and (di1_0.is_active=1 or di1_0.is_active is null) and di1_0.skill_id is not null
Hibernate: select di1_0.id,di1_0.is_active,di1_0.created_at,di1_0.date,di1_0.day_of_week,di1_0.end_time,di1_0.required_seats,di1_0.skill_id,di1_0.sort_order,di1_0.start_time,di1_0.updated_at from demand_intervals di1_0 where (di1_0.date=? or (di1_0.date is null and di1_0.day_of_week=?)) and (di1_0.is_active=1 or di1_0.is_active is null) and di1_0.skill_id is not null
2025-10-26T12:22:31.119+09:00 DEBUG 19468 --- [Shift Scheduler Demo] [           main] org.hibernate.SQL                        : select di1_0.id,di1_0.is_active,di1_0.created_at,di1_0.date,di1_0.day_of_week,di1_0.end_time,di1_0.required_seats,di1_0.skill_id,di1_0.sort_order,di1_0.start_time,di1_0.updated_at from demand_intervals di1_0 where (di1_0.date=? or (di1_0.date is null and di1_0.day_of_week=?)) and (di1_0.is_active=1 or di1_0.is_active is null) and di1_0.skill_id is not null
Hibernate: select di1_0.id,di1_0.is_active,di1_0.created_at,di1_0.date,di1_0.day_of_week,di1_0.end_time,di1_0.required_seats,di1_0.skill_id,di1_0.sort_order,di1_0.start_time,di1_0.updated_at from demand_intervals di1_0 where (di1_0.date=? or (di1_0.date is null and di1_0.day_of_week=?)) and (di1_0.is_active=1 or di1_0.is_active is null) and di1_0.skill_id is not null
2025-10-26T12:22:31.125+09:00 DEBUG 19468 --- [Shift Scheduler Demo] [           main] org.hibernate.SQL                        : select di1_0.id,di1_0.is_active,di1_0.created_at,di1_0.date,di1_0.day_of_week,di1_0.end_time,di1_0.required_seats,di1_0.skill_id,di1_0.sort_order,di1_0.start_time,di1_0.updated_at from demand_intervals di1_0 where (di1_0.date=? or (di1_0.date is null and di1_0.day_of_week=?)) and (di1_0.is_active=1 or di1_0.is_active is null) and di1_0.skill_id is not null
Hibernate: select di1_0.id,di1_0.is_active,di1_0.created_at,di1_0.date,di1_0.day_of_week,di1_0.end_time,di1_0.required_seats,di1_0.skill_id,di1_0.sort_order,di1_0.start_time,di1_0.updated_at from demand_intervals di1_0 where (di1_0.date=? or (di1_0.date is null and di1_0.day_of_week=?)) and (di1_0.is_active=1 or di1_0.is_active is null) and di1_0.skill_id is not null
2025-10-26T12:22:31.129+09:00 DEBUG 19468 --- [Shift Scheduler Demo] [           main] org.hibernate.SQL                        : select di1_0.id,di1_0.is_active,di1_0.created_at,di1_0.date,di1_0.day_of_week,di1_0.end_time,di1_0.required_seats,di1_0.skill_id,di1_0.sort_order,di1_0.start_time,di1_0.updated_at from demand_intervals di1_0 where (di1_0.date=? or (di1_0.date is null and di1_0.day_of_week=?)) and (di1_0.is_active=1 or di1_0.is_active is null) and di1_0.skill_id is not null
Hibernate: select di1_0.id,di1_0.is_active,di1_0.created_at,di1_0.date,di1_0.day_of_week,di1_0.end_time,di1_0.required_seats,di1_0.skill_id,di1_0.sort_order,di1_0.start_time,di1_0.updated_at from demand_intervals di1_0 where (di1_0.date=? or (di1_0.date is null and di1_0.day_of_week=?)) and (di1_0.is_active=1 or di1_0.is_active is null) and di1_0.skill_id is not null
2025-10-26T12:22:31.132+09:00 DEBUG 19468 --- [Shift Scheduler Demo] [           main] org.hibernate.SQL                        : select di1_0.id,di1_0.is_active,di1_0.created_at,di1_0.date,di1_0.day_of_week,di1_0.end_time,di1_0.required_seats,di1_0.skill_id,di1_0.sort_order,di1_0.start_time,di1_0.updated_at from demand_intervals di1_0 where (di1_0.date=? or (di1_0.date is null and di1_0.day_of_week=?)) and (di1_0.is_active=1 or di1_0.is_active is null) and di1_0.skill_id is not null
Hibernate: select di1_0.id,di1_0.is_active,di1_0.created_at,di1_0.date,di1_0.day_of_week,di1_0.end_time,di1_0.required_seats,di1_0.skill_id,di1_0.sort_order,di1_0.start_time,di1_0.updated_at from demand_intervals di1_0 where (di1_0.date=? or (di1_0.date is null and di1_0.day_of_week=?)) and (di1_0.is_active=1 or di1_0.is_active is null) and di1_0.skill_id is not null
2025-10-26T12:22:31.134+09:00 DEBUG 19468 --- [Shift Scheduler Demo] [           main] org.hibernate.SQL                        : select di1_0.id,di1_0.is_active,di1_0.created_at,di1_0.date,di1_0.day_of_week,di1_0.end_time,di1_0.required_seats,di1_0.skill_id,di1_0.sort_order,di1_0.start_time,di1_0.updated_at from demand_intervals di1_0 where (di1_0.date=? or (di1_0.date is null and di1_0.day_of_week=?)) and (di1_0.is_active=1 or di1_0.is_active is null) and di1_0.skill_id is not null
Hibernate: select di1_0.id,di1_0.is_active,di1_0.created_at,di1_0.date,di1_0.day_of_week,di1_0.end_time,di1_0.required_seats,di1_0.skill_id,di1_0.sort_order,di1_0.start_time,di1_0.updated_at from demand_intervals di1_0 where (di1_0.date=? or (di1_0.date is null and di1_0.day_of_week=?)) and (di1_0.is_active=1 or di1_0.is_active is null) and di1_0.skill_id is not null
2025-10-26T12:22:31.138+09:00 DEBUG 19468 --- [Shift Scheduler Demo] [           main] org.hibernate.SQL                        : select di1_0.id,di1_0.is_active,di1_0.created_at,di1_0.date,di1_0.day_of_week,di1_0.end_time,di1_0.required_seats,di1_0.skill_id,di1_0.sort_order,di1_0.start_time,di1_0.updated_at from demand_intervals di1_0 where (di1_0.date=? or (di1_0.date is null and di1_0.day_of_week=?)) and (di1_0.is_active=1 or di1_0.is_active is null) and di1_0.skill_id is not null
Hibernate: select di1_0.id,di1_0.is_active,di1_0.created_at,di1_0.date,di1_0.day_of_week,di1_0.end_time,di1_0.required_seats,di1_0.skill_id,di1_0.sort_order,di1_0.start_time,di1_0.updated_at from demand_intervals di1_0 where (di1_0.date=? or (di1_0.date is null and di1_0.day_of_week=?)) and (di1_0.is_active=1 or di1_0.is_active is null) and di1_0.skill_id is not null
2025-10-26T12:22:31.140+09:00 DEBUG 19468 --- [Shift Scheduler Demo] [           main] org.hibernate.SQL                        : select di1_0.id,di1_0.is_active,di1_0.created_at,di1_0.date,di1_0.day_of_week,di1_0.end_time,di1_0.required_seats,di1_0.skill_id,di1_0.sort_order,di1_0.start_time,di1_0.updated_at from demand_intervals di1_0 where (di1_0.date=? or (di1_0.date is null and di1_0.day_of_week=?)) and (di1_0.is_active=1 or di1_0.is_active is null) and di1_0.skill_id is not null
Hibernate: select di1_0.id,di1_0.is_active,di1_0.created_at,di1_0.date,di1_0.day_of_week,di1_0.end_time,di1_0.required_seats,di1_0.skill_id,di1_0.sort_order,di1_0.start_time,di1_0.updated_at from demand_intervals di1_0 where (di1_0.date=? or (di1_0.date is null and di1_0.day_of_week=?)) and (di1_0.is_active=1 or di1_0.is_active is null) and di1_0.skill_id is not null
2025-10-26T12:22:31.142+09:00 DEBUG 19468 --- [Shift Scheduler Demo] [           main] org.hibernate.SQL                        : select di1_0.id,di1_0.is_active,di1_0.created_at,di1_0.date,di1_0.day_of_week,di1_0.end_time,di1_0.required_seats,di1_0.skill_id,di1_0.sort_order,di1_0.start_time,di1_0.updated_at from demand_intervals di1_0 where (di1_0.date=? or (di1_0.date is null and di1_0.day_of_week=?)) and (di1_0.is_active=1 or di1_0.is_active is null) and di1_0.skill_id is not null
Hibernate: select di1_0.id,di1_0.is_active,di1_0.created_at,di1_0.date,di1_0.day_of_week,di1_0.end_time,di1_0.required_seats,di1_0.skill_id,di1_0.sort_order,di1_0.start_time,di1_0.updated_at from demand_intervals di1_0 where (di1_0.date=? or (di1_0.date is null and di1_0.day_of_week=?)) and (di1_0.is_active=1 or di1_0.is_active is null) and di1_0.skill_id is not null
2025-10-26T12:22:31.144+09:00 DEBUG 19468 --- [Shift Scheduler Demo] [           main] org.hibernate.SQL                        : select di1_0.id,di1_0.is_active,di1_0.created_at,di1_0.date,di1_0.day_of_week,di1_0.end_time,di1_0.required_seats,di1_0.skill_id,di1_0.sort_order,di1_0.start_time,di1_0.updated_at from demand_intervals di1_0 where (di1_0.date=? or (di1_0.date is null and di1_0.day_of_week=?)) and (di1_0.is_active=1 or di1_0.is_active is null) and di1_0.skill_id is not null
Hibernate: select di1_0.id,di1_0.is_active,di1_0.created_at,di1_0.date,di1_0.day_of_week,di1_0.end_time,di1_0.required_seats,di1_0.skill_id,di1_0.sort_order,di1_0.start_time,di1_0.updated_at from demand_intervals di1_0 where (di1_0.date=? or (di1_0.date is null and di1_0.day_of_week=?)) and (di1_0.is_active=1 or di1_0.is_active is null) and di1_0.skill_id is not null
2025-10-26T12:22:31.146+09:00 DEBUG 19468 --- [Shift Scheduler Demo] [           main] org.hibernate.SQL                        : select di1_0.id,di1_0.is_active,di1_0.created_at,di1_0.date,di1_0.day_of_week,di1_0.end_time,di1_0.required_seats,di1_0.skill_id,di1_0.sort_order,di1_0.start_time,di1_0.updated_at from demand_intervals di1_0 where (di1_0.date=? or (di1_0.date is null and di1_0.day_of_week=?)) and (di1_0.is_active=1 or di1_0.is_active is null) and di1_0.skill_id is not null
Hibernate: select di1_0.id,di1_0.is_active,di1_0.created_at,di1_0.date,di1_0.day_of_week,di1_0.end_time,di1_0.required_seats,di1_0.skill_id,di1_0.sort_order,di1_0.start_time,di1_0.updated_at from demand_intervals di1_0 where (di1_0.date=? or (di1_0.date is null and di1_0.day_of_week=?)) and (di1_0.is_active=1 or di1_0.is_active is null) and di1_0.skill_id is not null
2025-10-26T12:22:31.165+09:00 DEBUG 19468 --- [Shift Scheduler Demo] [           main] org.hibernate.SQL                        : insert into shift_assignments (employee_id,end_time,shift_name,start_time,work_date) values (?,?,?,?,?)
Hibernate: insert into shift_assignments (employee_id,end_time,shift_name,start_time,work_date) values (?,?,?,?,?)
2025-10-26T12:22:31.167+09:00 DEBUG 19468 --- [Shift Scheduler Demo] [           main] org.hibernate.SQL                        : select last_insert_rowid()
Hibernate: select last_insert_rowid()
2025-10-26T12:22:31.188+09:00 DEBUG 19468 --- [Shift Scheduler Demo] [           main] org.hibernate.SQL                        : insert into shift_assignments (employee_id,end_time,shift_name,start_time,work_date) values (?,?,?,?,?)
Hibernate: insert into shift_assignments (employee_id,end_time,shift_name,start_time,work_date) values (?,?,?,?,?)
2025-10-26T12:22:31.188+09:00 DEBUG 19468 --- [Shift Scheduler Demo] [           main] org.hibernate.SQL                        : select last_insert_rowid()
Hibernate: select last_insert_rowid()
2025-10-26T12:22:31.189+09:00 DEBUG 19468 --- [Shift Scheduler Demo] [           main] org.hibernate.SQL                        : insert into shift_assignments (employee_id,end_time,shift_name,start_time,work_date) values (?,?,?,?,?)
Hibernate: insert into shift_assignments (employee_id,end_time,shift_name,start_time,work_date) values (?,?,?,?,?)
2025-10-26T12:22:31.189+09:00 DEBUG 19468 --- [Shift Scheduler Demo] [           main] org.hibernate.SQL                        : select last_insert_rowid()
Hibernate: select last_insert_rowid()
2025-10-26T12:22:31.190+09:00 DEBUG 19468 --- [Shift Scheduler Demo] [           main] org.hibernate.SQL                        : insert into shift_assignments (employee_id,end_time,shift_name,start_time,work_date) values (?,?,?,?,?)
Hibernate: insert into shift_assignments (employee_id,end_time,shift_name,start_time,work_date) values (?,?,?,?,?)
2025-10-26T12:22:31.190+09:00 DEBUG 19468 --- [Shift Scheduler Demo] [           main] org.hibernate.SQL                        : select last_insert_rowid()
Hibernate: select last_insert_rowid()
2025-10-26T12:22:31.192+09:00 DEBUG 19468 --- [Shift Scheduler Demo] [           main] org.hibernate.SQL                        : insert into shift_assignments (employee_id,end_time,shift_name,start_time,work_date) values (?,?,?,?,?)
Hibernate: insert into shift_assignments (employee_id,end_time,shift_name,start_time,work_date) values (?,?,?,?,?)
2025-10-26T12:22:31.193+09:00 DEBUG 19468 --- [Shift Scheduler Demo] [           main] org.hibernate.SQL                        : select last_insert_rowid()
Hibernate: select last_insert_rowid()
2025-10-26T12:22:31.193+09:00 DEBUG 19468 --- [Shift Scheduler Demo] [           main] org.hibernate.SQL                        : insert into shift_assignments (employee_id,end_time,shift_name,start_time,work_date) values (?,?,?,?,?)
Hibernate: insert into shift_assignments (employee_id,end_time,shift_name,start_time,work_date) values (?,?,?,?,?)
2025-10-26T12:22:31.194+09:00 DEBUG 19468 --- [Shift Scheduler Demo] [           main] org.hibernate.SQL                        : select last_insert_rowid()
Hibernate: select last_insert_rowid()
2025-10-26T12:22:31.195+09:00 DEBUG 19468 --- [Shift Scheduler Demo] [           main] org.hibernate.SQL                        : insert into shift_assignments (employee_id,end_time,shift_name,start_time,work_date) values (?,?,?,?,?)
Hibernate: insert into shift_assignments (employee_id,end_time,shift_name,start_time,work_date) values (?,?,?,?,?)
2025-10-26T12:22:31.195+09:00 DEBUG 19468 --- [Shift Scheduler Demo] [           main] org.hibernate.SQL                        : select last_insert_rowid()
Hibernate: select last_insert_rowid()
2025-10-26T12:22:31.196+09:00 DEBUG 19468 --- [Shift Scheduler Demo] [           main] org.hibernate.SQL                        : insert into shift_assignments (employee_id,end_time,shift_name,start_time,work_date) values (?,?,?,?,?)
Hibernate: insert into shift_assignments (employee_id,end_time,shift_name,start_time,work_date) values (?,?,?,?,?)
2025-10-26T12:22:31.196+09:00 DEBUG 19468 --- [Shift Scheduler Demo] [           main] org.hibernate.SQL                        : select last_insert_rowid()
Hibernate: select last_insert_rowid()
2025-10-26T12:22:31.197+09:00 DEBUG 19468 --- [Shift Scheduler Demo] [           main] org.hibernate.SQL                        : insert into shift_assignments (employee_id,end_time,shift_name,start_time,work_date) values (?,?,?,?,?)
Hibernate: insert into shift_assignments (employee_id,end_time,shift_name,start_time,work_date) values (?,?,?,?,?)
2025-10-26T12:22:31.197+09:00 DEBUG 19468 --- [Shift Scheduler Demo] [           main] org.hibernate.SQL                        : select last_insert_rowid()
Hibernate: select last_insert_rowid()
2025-10-26T12:22:31.198+09:00 DEBUG 19468 --- [Shift Scheduler Demo] [           main] org.hibernate.SQL                        : insert into shift_assignments (employee_id,end_time,shift_name,start_time,work_date) values (?,?,?,?,?)
Hibernate: insert into shift_assignments (employee_id,end_time,shift_name,start_time,work_date) values (?,?,?,?,?)
2025-10-26T12:22:31.198+09:00 DEBUG 19468 --- [Shift Scheduler Demo] [           main] org.hibernate.SQL                        : select last_insert_rowid()
Hibernate: select last_insert_rowid()
2025-10-26T12:22:31.198+09:00 DEBUG 19468 --- [Shift Scheduler Demo] [           main] org.hibernate.SQL                        : insert into shift_assignments (employee_id,end_time,shift_name,start_time,work_date) values (?,?,?,?,?)
Hibernate: insert into shift_assignments (employee_id,end_time,shift_name,start_time,work_date) values (?,?,?,?,?)
2025-10-26T12:22:31.199+09:00 DEBUG 19468 --- [Shift Scheduler Demo] [           main] org.hibernate.SQL                        : select last_insert_rowid()
Hibernate: select last_insert_rowid()
2025-10-26T12:22:31.199+09:00 DEBUG 19468 --- [Shift Scheduler Demo] [           main] org.hibernate.SQL                        : insert into shift_assignments (employee_id,end_time,shift_name,start_time,work_date) values (?,?,?,?,?)
Hibernate: insert into shift_assignments (employee_id,end_time,shift_name,start_time,work_date) values (?,?,?,?,?)
2025-10-26T12:22:31.200+09:00 DEBUG 19468 --- [Shift Scheduler Demo] [           main] org.hibernate.SQL                        : select last_insert_rowid()
Hibernate: select last_insert_rowid()
2025-10-26T12:22:31.200+09:00 DEBUG 19468 --- [Shift Scheduler Demo] [           main] org.hibernate.SQL                        : insert into shift_assignments (employee_id,end_time,shift_name,start_time,work_date) values (?,?,?,?,?)
Hibernate: insert into shift_assignments (employee_id,end_time,shift_name,start_time,work_date) values (?,?,?,?,?)
2025-10-26T12:22:31.200+09:00 DEBUG 19468 --- [Shift Scheduler Demo] [           main] org.hibernate.SQL                        : select last_insert_rowid()
Hibernate: select last_insert_rowid()
2025-10-26T12:22:31.201+09:00 DEBUG 19468 --- [Shift Scheduler Demo] [           main] org.hibernate.SQL                        : insert into shift_assignments (employee_id,end_time,shift_name,start_time,work_date) values (?,?,?,?,?)
Hibernate: insert into shift_assignments (employee_id,end_time,shift_name,start_time,work_date) values (?,?,?,?,?)
2025-10-26T12:22:31.201+09:00 DEBUG 19468 --- [Shift Scheduler Demo] [           main] org.hibernate.SQL                        : select last_insert_rowid()
Hibernate: select last_insert_rowid()
2025-10-26T12:22:31.202+09:00 DEBUG 19468 --- [Shift Scheduler Demo] [           main] org.hibernate.SQL                        : insert into shift_assignments (employee_id,end_time,shift_name,start_time,work_date) values (?,?,?,?,?)
Hibernate: insert into shift_assignments (employee_id,end_time,shift_name,start_time,work_date) values (?,?,?,?,?)
2025-10-26T12:22:31.202+09:00 DEBUG 19468 --- [Shift Scheduler Demo] [           main] org.hibernate.SQL                        : select last_insert_rowid()
Hibernate: select last_insert_rowid()
2025-10-26T12:22:31.203+09:00 DEBUG 19468 --- [Shift Scheduler Demo] [           main] org.hibernate.SQL                        : insert into shift_assignments (employee_id,end_time,shift_name,start_time,work_date) values (?,?,?,?,?)
Hibernate: insert into shift_assignments (employee_id,end_time,shift_name,start_time,work_date) values (?,?,?,?,?)
2025-10-26T12:22:31.204+09:00 DEBUG 19468 --- [Shift Scheduler Demo] [           main] org.hibernate.SQL                        : select last_insert_rowid()
Hibernate: select last_insert_rowid()
2025-10-26T12:22:31.204+09:00 DEBUG 19468 --- [Shift Scheduler Demo] [           main] org.hibernate.SQL                        : insert into shift_assignments (employee_id,end_time,shift_name,start_time,work_date) values (?,?,?,?,?)
Hibernate: insert into shift_assignments (employee_id,end_time,shift_name,start_time,work_date) values (?,?,?,?,?)
2025-10-26T12:22:31.204+09:00 DEBUG 19468 --- [Shift Scheduler Demo] [           main] org.hibernate.SQL                        : select last_insert_rowid()
Hibernate: select last_insert_rowid()
2025-10-26T12:22:31.204+09:00 DEBUG 19468 --- [Shift Scheduler Demo] [           main] org.hibernate.SQL                        : insert into shift_assignments (employee_id,end_time,shift_name,start_time,work_date) values (?,?,?,?,?)
Hibernate: insert into shift_assignments (employee_id,end_time,shift_name,start_time,work_date) values (?,?,?,?,?)
2025-10-26T12:22:31.204+09:00 DEBUG 19468 --- [Shift Scheduler Demo] [           main] org.hibernate.SQL                        : select last_insert_rowid()
Hibernate: select last_insert_rowid()
2025-10-26T12:22:31.204+09:00 DEBUG 19468 --- [Shift Scheduler Demo] [           main] org.hibernate.SQL                        : insert into shift_assignments (employee_id,end_time,shift_name,start_time,work_date) values (?,?,?,?,?)
Hibernate: insert into shift_assignments (employee_id,end_time,shift_name,start_time,work_date) values (?,?,?,?,?)
2025-10-26T12:22:31.204+09:00 DEBUG 19468 --- [Shift Scheduler Demo] [           main] org.hibernate.SQL                        : select last_insert_rowid()
Hibernate: select last_insert_rowid()
2025-10-26T12:22:31.204+09:00 DEBUG 19468 --- [Shift Scheduler Demo] [           main] org.hibernate.SQL                        : insert into shift_assignments (employee_id,end_time,shift_name,start_time,work_date) values (?,?,?,?,?)
Hibernate: insert into shift_assignments (employee_id,end_time,shift_name,start_time,work_date) values (?,?,?,?,?)
2025-10-26T12:22:31.207+09:00 DEBUG 19468 --- [Shift Scheduler Demo] [           main] org.hibernate.SQL                        : select last_insert_rowid()
Hibernate: select last_insert_rowid()
2025-10-26T12:22:31.207+09:00 DEBUG 19468 --- [Shift Scheduler Demo] [           main] org.hibernate.SQL                        : insert into shift_assignments (employee_id,end_time,shift_name,start_time,work_date) values (?,?,?,?,?)
Hibernate: insert into shift_assignments (employee_id,end_time,shift_name,start_time,work_date) values (?,?,?,?,?)
2025-10-26T12:22:31.207+09:00 DEBUG 19468 --- [Shift Scheduler Demo] [           main] org.hibernate.SQL                        : select last_insert_rowid()
Hibernate: select last_insert_rowid()
2025-10-26T12:22:31.207+09:00 DEBUG 19468 --- [Shift Scheduler Demo] [           main] org.hibernate.SQL                        : insert into shift_assignments (employee_id,end_time,shift_name,start_time,work_date) values (?,?,?,?,?)
Hibernate: insert into shift_assignments (employee_id,end_time,shift_name,start_time,work_date) values (?,?,?,?,?)
2025-10-26T12:22:31.209+09:00 DEBUG 19468 --- [Shift Scheduler Demo] [           main] org.hibernate.SQL                        : select last_insert_rowid()
Hibernate: select last_insert_rowid()
2025-10-26T12:22:31.209+09:00 DEBUG 19468 --- [Shift Scheduler Demo] [           main] org.hibernate.SQL                        : insert into shift_assignments (employee_id,end_time,shift_name,start_time,work_date) values (?,?,?,?,?)
Hibernate: insert into shift_assignments (employee_id,end_time,shift_name,start_time,work_date) values (?,?,?,?,?)
2025-10-26T12:22:31.210+09:00 DEBUG 19468 --- [Shift Scheduler Demo] [           main] org.hibernate.SQL                        : select last_insert_rowid()
Hibernate: select last_insert_rowid()
2025-10-26T12:22:31.210+09:00 DEBUG 19468 --- [Shift Scheduler Demo] [           main] org.hibernate.SQL                        : insert into shift_assignments (employee_id,end_time,shift_name,start_time,work_date) values (?,?,?,?,?)
Hibernate: insert into shift_assignments (employee_id,end_time,shift_name,start_time,work_date) values (?,?,?,?,?)
2025-10-26T12:22:31.210+09:00 DEBUG 19468 --- [Shift Scheduler Demo] [           main] org.hibernate.SQL                        : select last_insert_rowid()
Hibernate: select last_insert_rowid()
2025-10-26T12:22:31.210+09:00 DEBUG 19468 --- [Shift Scheduler Demo] [           main] org.hibernate.SQL                        : insert into shift_assignments (employee_id,end_time,shift_name,start_time,work_date) values (?,?,?,?,?)
Hibernate: insert into shift_assignments (employee_id,end_time,shift_name,start_time,work_date) values (?,?,?,?,?)
2025-10-26T12:22:31.210+09:00 DEBUG 19468 --- [Shift Scheduler Demo] [           main] org.hibernate.SQL                        : select last_insert_rowid()
Hibernate: select last_insert_rowid()
2025-10-26T12:22:31.210+09:00 DEBUG 19468 --- [Shift Scheduler Demo] [           main] org.hibernate.SQL                        : insert into shift_assignments (employee_id,end_time,shift_name,start_time,work_date) values (?,?,?,?,?)
Hibernate: insert into shift_assignments (employee_id,end_time,shift_name,start_time,work_date) values (?,?,?,?,?)
2025-10-26T12:22:31.210+09:00 DEBUG 19468 --- [Shift Scheduler Demo] [           main] org.hibernate.SQL                        : select last_insert_rowid()
Hibernate: select last_insert_rowid()
2025-10-26T12:22:31.212+09:00 DEBUG 19468 --- [Shift Scheduler Demo] [           main] org.hibernate.SQL                        : insert into shift_assignments (employee_id,end_time,shift_name,start_time,work_date) values (?,?,?,?,?)
Hibernate: insert into shift_assignments (employee_id,end_time,shift_name,start_time,work_date) values (?,?,?,?,?)
2025-10-26T12:22:31.212+09:00 DEBUG 19468 --- [Shift Scheduler Demo] [           main] org.hibernate.SQL                        : select last_insert_rowid()
Hibernate: select last_insert_rowid()
2025-10-26T12:22:31.212+09:00 DEBUG 19468 --- [Shift Scheduler Demo] [           main] org.hibernate.SQL                        : insert into shift_assignments (employee_id,end_time,shift_name,start_time,work_date) values (?,?,?,?,?)
Hibernate: insert into shift_assignments (employee_id,end_time,shift_name,start_time,work_date) values (?,?,?,?,?)
2025-10-26T12:22:31.212+09:00 DEBUG 19468 --- [Shift Scheduler Demo] [           main] org.hibernate.SQL                        : select last_insert_rowid()
Hibernate: select last_insert_rowid()
2025-10-26T12:22:31.212+09:00 DEBUG 19468 --- [Shift Scheduler Demo] [           main] org.hibernate.SQL                        : insert into shift_assignments (employee_id,end_time,shift_name,start_time,work_date) values (?,?,?,?,?)
Hibernate: insert into shift_assignments (employee_id,end_time,shift_name,start_time,work_date) values (?,?,?,?,?)
2025-10-26T12:22:31.212+09:00 DEBUG 19468 --- [Shift Scheduler Demo] [           main] org.hibernate.SQL                        : select last_insert_rowid()
Hibernate: select last_insert_rowid()
2025-10-26T12:22:31.212+09:00 DEBUG 19468 --- [Shift Scheduler Demo] [           main] org.hibernate.SQL                        : insert into shift_assignments (employee_id,end_time,shift_name,start_time,work_date) values (?,?,?,?,?)
Hibernate: insert into shift_assignments (employee_id,end_time,shift_name,start_time,work_date) values (?,?,?,?,?)
2025-10-26T12:22:31.212+09:00 DEBUG 19468 --- [Shift Scheduler Demo] [           main] org.hibernate.SQL                        : select last_insert_rowid()
Hibernate: select last_insert_rowid()
2025-10-26T12:22:31.212+09:00 DEBUG 19468 --- [Shift Scheduler Demo] [           main] org.hibernate.SQL                        : insert into shift_assignments (employee_id,end_time,shift_name,start_time,work_date) values (?,?,?,?,?)
Hibernate: insert into shift_assignments (employee_id,end_time,shift_name,start_time,work_date) values (?,?,?,?,?)
2025-10-26T12:22:31.212+09:00 DEBUG 19468 --- [Shift Scheduler Demo] [           main] org.hibernate.SQL                        : select last_insert_rowid()
Hibernate: select last_insert_rowid()
2025-10-26T12:22:31.212+09:00 DEBUG 19468 --- [Shift Scheduler Demo] [           main] org.hibernate.SQL                        : insert into shift_assignments (employee_id,end_time,shift_name,start_time,work_date) values (?,?,?,?,?)
Hibernate: insert into shift_assignments (employee_id,end_time,shift_name,start_time,work_date) values (?,?,?,?,?)
2025-10-26T12:22:31.212+09:00 DEBUG 19468 --- [Shift Scheduler Demo] [           main] org.hibernate.SQL                        : select last_insert_rowid()
Hibernate: select last_insert_rowid()
2025-10-26T12:22:31.212+09:00 DEBUG 19468 --- [Shift Scheduler Demo] [           main] org.hibernate.SQL                        : insert into shift_assignments (employee_id,end_time,shift_name,start_time,work_date) values (?,?,?,?,?)
Hibernate: insert into shift_assignments (employee_id,end_time,shift_name,start_time,work_date) values (?,?,?,?,?)
2025-10-26T12:22:31.212+09:00 DEBUG 19468 --- [Shift Scheduler Demo] [           main] org.hibernate.SQL                        : select last_insert_rowid()
Hibernate: select last_insert_rowid()
2025-10-26T12:22:31.212+09:00 DEBUG 19468 --- [Shift Scheduler Demo] [           main] org.hibernate.SQL                        : insert into shift_assignments (employee_id,end_time,shift_name,start_time,work_date) values (?,?,?,?,?)
Hibernate: insert into shift_assignments (employee_id,end_time,shift_name,start_time,work_date) values (?,?,?,?,?)
2025-10-26T12:22:31.212+09:00 DEBUG 19468 --- [Shift Scheduler Demo] [           main] org.hibernate.SQL                        : select last_insert_rowid()
Hibernate: select last_insert_rowid()
2025-10-26T12:22:31.219+09:00 DEBUG 19468 --- [Shift Scheduler Demo] [           main] org.hibernate.SQL                        : insert into shift_assignments (employee_id,end_time,shift_name,start_time,work_date) values (?,?,?,?,?)
Hibernate: insert into shift_assignments (employee_id,end_time,shift_name,start_time,work_date) values (?,?,?,?,?)
2025-10-26T12:22:31.219+09:00 DEBUG 19468 --- [Shift Scheduler Demo] [           main] org.hibernate.SQL                        : select last_insert_rowid()
Hibernate: select last_insert_rowid()
2025-10-26T12:22:31.219+09:00 DEBUG 19468 --- [Shift Scheduler Demo] [           main] org.hibernate.SQL                        : insert into shift_assignments (employee_id,end_time,shift_name,start_time,work_date) values (?,?,?,?,?)
Hibernate: insert into shift_assignments (employee_id,end_time,shift_name,start_time,work_date) values (?,?,?,?,?)
2025-10-26T12:22:31.219+09:00 DEBUG 19468 --- [Shift Scheduler Demo] [           main] org.hibernate.SQL                        : select last_insert_rowid()
Hibernate: select last_insert_rowid()
2025-10-26T12:22:31.221+09:00 DEBUG 19468 --- [Shift Scheduler Demo] [           main] org.hibernate.SQL                        : insert into shift_assignments (employee_id,end_time,shift_name,start_time,work_date) values (?,?,?,?,?)
Hibernate: insert into shift_assignments (employee_id,end_time,shift_name,start_time,work_date) values (?,?,?,?,?)
2025-10-26T12:22:31.221+09:00 DEBUG 19468 --- [Shift Scheduler Demo] [           main] org.hibernate.SQL                        : select last_insert_rowid()
Hibernate: select last_insert_rowid()
2025-10-26T12:22:31.221+09:00 DEBUG 19468 --- [Shift Scheduler Demo] [           main] org.hibernate.SQL                        : insert into shift_assignments (employee_id,end_time,shift_name,start_time,work_date) values (?,?,?,?,?)
Hibernate: insert into shift_assignments (employee_id,end_time,shift_name,start_time,work_date) values (?,?,?,?,?)
2025-10-26T12:22:31.221+09:00 DEBUG 19468 --- [Shift Scheduler Demo] [           main] org.hibernate.SQL                        : select last_insert_rowid()
Hibernate: select last_insert_rowid()
2025-10-26T12:22:31.223+09:00 DEBUG 19468 --- [Shift Scheduler Demo] [           main] org.hibernate.SQL                        : insert into shift_assignments (employee_id,end_time,shift_name,start_time,work_date) values (?,?,?,?,?)
Hibernate: insert into shift_assignments (employee_id,end_time,shift_name,start_time,work_date) values (?,?,?,?,?)
2025-10-26T12:22:31.223+09:00 DEBUG 19468 --- [Shift Scheduler Demo] [           main] org.hibernate.SQL                        : select last_insert_rowid()
Hibernate: select last_insert_rowid()
2025-10-26T12:22:31.223+09:00 DEBUG 19468 --- [Shift Scheduler Demo] [           main] org.hibernate.SQL                        : insert into shift_assignments (employee_id,end_time,shift_name,start_time,work_date) values (?,?,?,?,?)
Hibernate: insert into shift_assignments (employee_id,end_time,shift_name,start_time,work_date) values (?,?,?,?,?)
2025-10-26T12:22:31.223+09:00 DEBUG 19468 --- [Shift Scheduler Demo] [           main] org.hibernate.SQL                        : select last_insert_rowid()
Hibernate: select last_insert_rowid()
2025-10-26T12:22:31.223+09:00 DEBUG 19468 --- [Shift Scheduler Demo] [           main] org.hibernate.SQL                        : insert into shift_assignments (employee_id,end_time,shift_name,start_time,work_date) values (?,?,?,?,?)
Hibernate: insert into shift_assignments (employee_id,end_time,shift_name,start_time,work_date) values (?,?,?,?,?)
2025-10-26T12:22:31.223+09:00 DEBUG 19468 --- [Shift Scheduler Demo] [           main] org.hibernate.SQL                        : select last_insert_rowid()
Hibernate: select last_insert_rowid()
2025-10-26T12:22:31.225+09:00 DEBUG 19468 --- [Shift Scheduler Demo] [           main] org.hibernate.SQL                        : insert into shift_assignments (employee_id,end_time,shift_name,start_time,work_date) values (?,?,?,?,?)
Hibernate: insert into shift_assignments (employee_id,end_time,shift_name,start_time,work_date) values (?,?,?,?,?)
2025-10-26T12:22:31.225+09:00 DEBUG 19468 --- [Shift Scheduler Demo] [           main] org.hibernate.SQL                        : select last_insert_rowid()
Hibernate: select last_insert_rowid()
2025-10-26T12:22:31.225+09:00 DEBUG 19468 --- [Shift Scheduler Demo] [           main] org.hibernate.SQL                        : insert into shift_assignments (employee_id,end_time,shift_name,start_time,work_date) values (?,?,?,?,?)
Hibernate: insert into shift_assignments (employee_id,end_time,shift_name,start_time,work_date) values (?,?,?,?,?)
2025-10-26T12:22:31.225+09:00 DEBUG 19468 --- [Shift Scheduler Demo] [           main] org.hibernate.SQL                        : select last_insert_rowid()
Hibernate: select last_insert_rowid()
2025-10-26T12:22:31.225+09:00 DEBUG 19468 --- [Shift Scheduler Demo] [           main] org.hibernate.SQL                        : insert into shift_assignments (employee_id,end_time,shift_name,start_time,work_date) values (?,?,?,?,?)
Hibernate: insert into shift_assignments (employee_id,end_time,shift_name,start_time,work_date) values (?,?,?,?,?)
2025-10-26T12:22:31.225+09:00 DEBUG 19468 --- [Shift Scheduler Demo] [           main] org.hibernate.SQL                        : select last_insert_rowid()
Hibernate: select last_insert_rowid()
2025-10-26T12:22:31.227+09:00 DEBUG 19468 --- [Shift Scheduler Demo] [           main] org.hibernate.SQL                        : insert into shift_assignments (employee_id,end_time,shift_name,start_time,work_date) values (?,?,?,?,?)
Hibernate: insert into shift_assignments (employee_id,end_time,shift_name,start_time,work_date) values (?,?,?,?,?)
2025-10-26T12:22:31.227+09:00 DEBUG 19468 --- [Shift Scheduler Demo] [           main] org.hibernate.SQL                        : select last_insert_rowid()
Hibernate: select last_insert_rowid()
2025-10-26T12:22:31.227+09:00 DEBUG 19468 --- [Shift Scheduler Demo] [           main] org.hibernate.SQL                        : insert into shift_assignments (employee_id,end_time,shift_name,start_time,work_date) values (?,?,?,?,?)
Hibernate: insert into shift_assignments (employee_id,end_time,shift_name,start_time,work_date) values (?,?,?,?,?)
2025-10-26T12:22:31.227+09:00 DEBUG 19468 --- [Shift Scheduler Demo] [           main] org.hibernate.SQL                        : select last_insert_rowid()
Hibernate: select last_insert_rowid()
2025-10-26T12:22:31.227+09:00 DEBUG 19468 --- [Shift Scheduler Demo] [           main] org.hibernate.SQL                        : insert into shift_assignments (employee_id,end_time,shift_name,start_time,work_date) values (?,?,?,?,?)
Hibernate: insert into shift_assignments (employee_id,end_time,shift_name,start_time,work_date) values (?,?,?,?,?)
2025-10-26T12:22:31.227+09:00 DEBUG 19468 --- [Shift Scheduler Demo] [           main] org.hibernate.SQL                        : select last_insert_rowid()
Hibernate: select last_insert_rowid()
2025-10-26T12:22:31.229+09:00 DEBUG 19468 --- [Shift Scheduler Demo] [           main] org.hibernate.SQL                        : insert into shift_assignments (employee_id,end_time,shift_name,start_time,work_date) values (?,?,?,?,?)
Hibernate: insert into shift_assignments (employee_id,end_time,shift_name,start_time,work_date) values (?,?,?,?,?)
2025-10-26T12:22:31.229+09:00 DEBUG 19468 --- [Shift Scheduler Demo] [           main] org.hibernate.SQL                        : select last_insert_rowid()
Hibernate: select last_insert_rowid()
2025-10-26T12:22:31.229+09:00 DEBUG 19468 --- [Shift Scheduler Demo] [           main] org.hibernate.SQL                        : insert into shift_assignments (employee_id,end_time,shift_name,start_time,work_date) values (?,?,?,?,?)
Hibernate: insert into shift_assignments (employee_id,end_time,shift_name,start_time,work_date) values (?,?,?,?,?)
2025-10-26T12:22:31.229+09:00 DEBUG 19468 --- [Shift Scheduler Demo] [           main] org.hibernate.SQL                        : select last_insert_rowid()
Hibernate: select last_insert_rowid()
2025-10-26T12:22:31.231+09:00 DEBUG 19468 --- [Shift Scheduler Demo] [           main] org.hibernate.SQL                        : insert into shift_assignments (employee_id,end_time,shift_name,start_time,work_date) values (?,?,?,?,?)
Hibernate: insert into shift_assignments (employee_id,end_time,shift_name,start_time,work_date) values (?,?,?,?,?)
2025-10-26T12:22:31.231+09:00 DEBUG 19468 --- [Shift Scheduler Demo] [           main] org.hibernate.SQL                        : select last_insert_rowid()
Hibernate: select last_insert_rowid()
2025-10-26T12:22:31.231+09:00 DEBUG 19468 --- [Shift Scheduler Demo] [           main] org.hibernate.SQL                        : insert into shift_assignments (employee_id,end_time,shift_name,start_time,work_date) values (?,?,?,?,?)
Hibernate: insert into shift_assignments (employee_id,end_time,shift_name,start_time,work_date) values (?,?,?,?,?)
2025-10-26T12:22:31.231+09:00 DEBUG 19468 --- [Shift Scheduler Demo] [           main] org.hibernate.SQL                        : select last_insert_rowid()
Hibernate: select last_insert_rowid()
2025-10-26T12:22:31.231+09:00 DEBUG 19468 --- [Shift Scheduler Demo] [           main] org.hibernate.SQL                        : insert into shift_assignments (employee_id,end_time,shift_name,start_time,work_date) values (?,?,?,?,?)
Hibernate: insert into shift_assignments (employee_id,end_time,shift_name,start_time,work_date) values (?,?,?,?,?)
2025-10-26T12:22:31.231+09:00 DEBUG 19468 --- [Shift Scheduler Demo] [           main] org.hibernate.SQL                        : select last_insert_rowid()
Hibernate: select last_insert_rowid()
2025-10-26T12:22:31.231+09:00 DEBUG 19468 --- [Shift Scheduler Demo] [           main] org.hibernate.SQL                        : insert into shift_assignments (employee_id,end_time,shift_name,start_time,work_date) values (?,?,?,?,?)
Hibernate: insert into shift_assignments (employee_id,end_time,shift_name,start_time,work_date) values (?,?,?,?,?)
2025-10-26T12:22:31.233+09:00 DEBUG 19468 --- [Shift Scheduler Demo] [           main] org.hibernate.SQL                        : select last_insert_rowid()
Hibernate: select last_insert_rowid()
2025-10-26T12:22:31.233+09:00 DEBUG 19468 --- [Shift Scheduler Demo] [           main] org.hibernate.SQL                        : insert into shift_assignments (employee_id,end_time,shift_name,start_time,work_date) values (?,?,?,?,?)
Hibernate: insert into shift_assignments (employee_id,end_time,shift_name,start_time,work_date) values (?,?,?,?,?)
2025-10-26T12:22:31.233+09:00 DEBUG 19468 --- [Shift Scheduler Demo] [           main] org.hibernate.SQL                        : select last_insert_rowid()
Hibernate: select last_insert_rowid()
2025-10-26T12:22:31.235+09:00 DEBUG 19468 --- [Shift Scheduler Demo] [           main] org.hibernate.SQL                        : insert into shift_assignments (employee_id,end_time,shift_name,start_time,work_date) values (?,?,?,?,?)
Hibernate: insert into shift_assignments (employee_id,end_time,shift_name,start_time,work_date) values (?,?,?,?,?)
2025-10-26T12:22:31.235+09:00 DEBUG 19468 --- [Shift Scheduler Demo] [           main] org.hibernate.SQL                        : select last_insert_rowid()
Hibernate: select last_insert_rowid()
2025-10-26T12:22:31.235+09:00 DEBUG 19468 --- [Shift Scheduler Demo] [           main] org.hibernate.SQL                        : insert into shift_assignments (employee_id,end_time,shift_name,start_time,work_date) values (?,?,?,?,?)
Hibernate: insert into shift_assignments (employee_id,end_time,shift_name,start_time,work_date) values (?,?,?,?,?)
2025-10-26T12:22:31.237+09:00 DEBUG 19468 --- [Shift Scheduler Demo] [           main] org.hibernate.SQL                        : select last_insert_rowid()
Hibernate: select last_insert_rowid()
2025-10-26T12:22:31.239+09:00 DEBUG 19468 --- [Shift Scheduler Demo] [           main] org.hibernate.SQL                        : insert into shift_assignments (employee_id,end_time,shift_name,start_time,work_date) values (?,?,?,?,?)
Hibernate: insert into shift_assignments (employee_id,end_time,shift_name,start_time,work_date) values (?,?,?,?,?)
2025-10-26T12:22:31.240+09:00 DEBUG 19468 --- [Shift Scheduler Demo] [           main] org.hibernate.SQL                        : select last_insert_rowid()
Hibernate: select last_insert_rowid()
2025-10-26T12:22:31.240+09:00 DEBUG 19468 --- [Shift Scheduler Demo] [           main] org.hibernate.SQL                        : insert into shift_assignments (employee_id,end_time,shift_name,start_time,work_date) values (?,?,?,?,?)
Hibernate: insert into shift_assignments (employee_id,end_time,shift_name,start_time,work_date) values (?,?,?,?,?)
2025-10-26T12:22:31.240+09:00 DEBUG 19468 --- [Shift Scheduler Demo] [           main] org.hibernate.SQL                        : select last_insert_rowid()
Hibernate: select last_insert_rowid()
2025-10-26T12:22:31.241+09:00 DEBUG 19468 --- [Shift Scheduler Demo] [           main] org.hibernate.SQL                        : insert into shift_assignments (employee_id,end_time,shift_name,start_time,work_date) values (?,?,?,?,?)
Hibernate: insert into shift_assignments (employee_id,end_time,shift_name,start_time,work_date) values (?,?,?,?,?)
2025-10-26T12:22:31.241+09:00 DEBUG 19468 --- [Shift Scheduler Demo] [           main] org.hibernate.SQL                        : select last_insert_rowid()
Hibernate: select last_insert_rowid()
2025-10-26T12:22:31.242+09:00 DEBUG 19468 --- [Shift Scheduler Demo] [           main] org.hibernate.SQL                        : insert into shift_assignments (employee_id,end_time,shift_name,start_time,work_date) values (?,?,?,?,?)
Hibernate: insert into shift_assignments (employee_id,end_time,shift_name,start_time,work_date) values (?,?,?,?,?)
2025-10-26T12:22:31.242+09:00 DEBUG 19468 --- [Shift Scheduler Demo] [           main] org.hibernate.SQL                        : select last_insert_rowid()
Hibernate: select last_insert_rowid()
2025-10-26T12:22:31.243+09:00 DEBUG 19468 --- [Shift Scheduler Demo] [           main] org.hibernate.SQL                        : insert into shift_assignments (employee_id,end_time,shift_name,start_time,work_date) values (?,?,?,?,?)
Hibernate: insert into shift_assignments (employee_id,end_time,shift_name,start_time,work_date) values (?,?,?,?,?)
2025-10-26T12:22:31.244+09:00 DEBUG 19468 --- [Shift Scheduler Demo] [           main] org.hibernate.SQL                        : select last_insert_rowid()
Hibernate: select last_insert_rowid()
2025-10-26T12:22:31.244+09:00 DEBUG 19468 --- [Shift Scheduler Demo] [           main] org.hibernate.SQL                        : insert into shift_assignments (employee_id,end_time,shift_name,start_time,work_date) values (?,?,?,?,?)
Hibernate: insert into shift_assignments (employee_id,end_time,shift_name,start_time,work_date) values (?,?,?,?,?)
2025-10-26T12:22:31.244+09:00 DEBUG 19468 --- [Shift Scheduler Demo] [           main] org.hibernate.SQL                        : select last_insert_rowid()
Hibernate: select last_insert_rowid()
2025-10-26T12:22:31.246+09:00 DEBUG 19468 --- [Shift Scheduler Demo] [           main] org.hibernate.SQL                        : insert into shift_assignments (employee_id,end_time,shift_name,start_time,work_date) values (?,?,?,?,?)
Hibernate: insert into shift_assignments (employee_id,end_time,shift_name,start_time,work_date) values (?,?,?,?,?)
2025-10-26T12:22:31.247+09:00 DEBUG 19468 --- [Shift Scheduler Demo] [           main] org.hibernate.SQL                        : select last_insert_rowid()
Hibernate: select last_insert_rowid()
2025-10-26T12:22:31.247+09:00 DEBUG 19468 --- [Shift Scheduler Demo] [           main] org.hibernate.SQL                        : insert into shift_assignments (employee_id,end_time,shift_name,start_time,work_date) values (?,?,?,?,?)
Hibernate: insert into shift_assignments (employee_id,end_time,shift_name,start_time,work_date) values (?,?,?,?,?)
2025-10-26T12:22:31.247+09:00 DEBUG 19468 --- [Shift Scheduler Demo] [           main] org.hibernate.SQL                        : select last_insert_rowid()
Hibernate: select last_insert_rowid()
2025-10-26T12:22:31.250+09:00 DEBUG 19468 --- [Shift Scheduler Demo] [           main] org.hibernate.SQL                        : insert into shift_assignments (employee_id,end_time,shift_name,start_time,work_date) values (?,?,?,?,?)
Hibernate: insert into shift_assignments (employee_id,end_time,shift_name,start_time,work_date) values (?,?,?,?,?)
2025-10-26T12:22:31.250+09:00 DEBUG 19468 --- [Shift Scheduler Demo] [           main] org.hibernate.SQL                        : select last_insert_rowid()
Hibernate: select last_insert_rowid()
2025-10-26T12:22:31.251+09:00 DEBUG 19468 --- [Shift Scheduler Demo] [           main] org.hibernate.SQL                        : insert into shift_assignments (employee_id,end_time,shift_name,start_time,work_date) values (?,?,?,?,?)
Hibernate: insert into shift_assignments (employee_id,end_time,shift_name,start_time,work_date) values (?,?,?,?,?)
2025-10-26T12:22:31.252+09:00 DEBUG 19468 --- [Shift Scheduler Demo] [           main] org.hibernate.SQL                        : select last_insert_rowid()
Hibernate: select last_insert_rowid()
2025-10-26T12:22:31.253+09:00 DEBUG 19468 --- [Shift Scheduler Demo] [           main] org.hibernate.SQL                        : insert into shift_assignments (employee_id,end_time,shift_name,start_time,work_date) values (?,?,?,?,?)
Hibernate: insert into shift_assignments (employee_id,end_time,shift_name,start_time,work_date) values (?,?,?,?,?)
2025-10-26T12:22:31.255+09:00 DEBUG 19468 --- [Shift Scheduler Demo] [           main] org.hibernate.SQL                        : select last_insert_rowid()
Hibernate: select last_insert_rowid()
2025-10-26T12:22:31.256+09:00 DEBUG 19468 --- [Shift Scheduler Demo] [           main] org.hibernate.SQL                        : insert into shift_assignments (employee_id,end_time,shift_name,start_time,work_date) values (?,?,?,?,?)
Hibernate: insert into shift_assignments (employee_id,end_time,shift_name,start_time,work_date) values (?,?,?,?,?)
2025-10-26T12:22:31.257+09:00 DEBUG 19468 --- [Shift Scheduler Demo] [           main] org.hibernate.SQL                        : select last_insert_rowid()
Hibernate: select last_insert_rowid()
2025-10-26T12:22:31.258+09:00 DEBUG 19468 --- [Shift Scheduler Demo] [           main] org.hibernate.SQL                        : insert into shift_assignments (employee_id,end_time,shift_name,start_time,work_date) values (?,?,?,?,?)
Hibernate: insert into shift_assignments (employee_id,end_time,shift_name,start_time,work_date) values (?,?,?,?,?)
2025-10-26T12:22:31.258+09:00 DEBUG 19468 --- [Shift Scheduler Demo] [           main] org.hibernate.SQL                        : select last_insert_rowid()
Hibernate: select last_insert_rowid()
2025-10-26T12:22:31.259+09:00 DEBUG 19468 --- [Shift Scheduler Demo] [           main] org.hibernate.SQL                        : insert into shift_assignments (employee_id,end_time,shift_name,start_time,work_date) values (?,?,?,?,?)
Hibernate: insert into shift_assignments (employee_id,end_time,shift_name,start_time,work_date) values (?,?,?,?,?)
2025-10-26T12:22:31.259+09:00 DEBUG 19468 --- [Shift Scheduler Demo] [           main] org.hibernate.SQL                        : select last_insert_rowid()
Hibernate: select last_insert_rowid()
2025-10-26T12:22:31.262+09:00 DEBUG 19468 --- [Shift Scheduler Demo] [           main] org.hibernate.SQL                        : insert into shift_assignments (employee_id,end_time,shift_name,start_time,work_date) values (?,?,?,?,?)
Hibernate: insert into shift_assignments (employee_id,end_time,shift_name,start_time,work_date) values (?,?,?,?,?)
2025-10-26T12:22:31.262+09:00 DEBUG 19468 --- [Shift Scheduler Demo] [           main] org.hibernate.SQL                        : select last_insert_rowid()
Hibernate: select last_insert_rowid()
2025-10-26T12:22:31.263+09:00 DEBUG 19468 --- [Shift Scheduler Demo] [           main] org.hibernate.SQL                        : insert into shift_assignments (employee_id,end_time,shift_name,start_time,work_date) values (?,?,?,?,?)
Hibernate: insert into shift_assignments (employee_id,end_time,shift_name,start_time,work_date) values (?,?,?,?,?)
2025-10-26T12:22:31.263+09:00 DEBUG 19468 --- [Shift Scheduler Demo] [           main] org.hibernate.SQL                        : select last_insert_rowid()
Hibernate: select last_insert_rowid()
2025-10-26T12:22:31.265+09:00 DEBUG 19468 --- [Shift Scheduler Demo] [           main] org.hibernate.SQL                        : insert into shift_assignments (employee_id,end_time,shift_name,start_time,work_date) values (?,?,?,?,?)
Hibernate: insert into shift_assignments (employee_id,end_time,shift_name,start_time,work_date) values (?,?,?,?,?)
2025-10-26T12:22:31.265+09:00 DEBUG 19468 --- [Shift Scheduler Demo] [           main] org.hibernate.SQL                        : select last_insert_rowid()
Hibernate: select last_insert_rowid()
2025-10-26T12:22:31.266+09:00 DEBUG 19468 --- [Shift Scheduler Demo] [           main] org.hibernate.SQL                        : insert into shift_assignments (employee_id,end_time,shift_name,start_time,work_date) values (?,?,?,?,?)
Hibernate: insert into shift_assignments (employee_id,end_time,shift_name,start_time,work_date) values (?,?,?,?,?)
2025-10-26T12:22:31.267+09:00 DEBUG 19468 --- [Shift Scheduler Demo] [           main] org.hibernate.SQL                        : select last_insert_rowid()
Hibernate: select last_insert_rowid()
2025-10-26T12:22:31.267+09:00 DEBUG 19468 --- [Shift Scheduler Demo] [           main] org.hibernate.SQL                        : insert into shift_assignments (employee_id,end_time,shift_name,start_time,work_date) values (?,?,?,?,?)
Hibernate: insert into shift_assignments (employee_id,end_time,shift_name,start_time,work_date) values (?,?,?,?,?)
2025-10-26T12:22:31.268+09:00 DEBUG 19468 --- [Shift Scheduler Demo] [           main] org.hibernate.SQL                        : select last_insert_rowid()
Hibernate: select last_insert_rowid()
2025-10-26T12:22:31.268+09:00 DEBUG 19468 --- [Shift Scheduler Demo] [           main] org.hibernate.SQL                        : insert into shift_assignments (employee_id,end_time,shift_name,start_time,work_date) values (?,?,?,?,?)
Hibernate: insert into shift_assignments (employee_id,end_time,shift_name,start_time,work_date) values (?,?,?,?,?)
2025-10-26T12:22:31.268+09:00 DEBUG 19468 --- [Shift Scheduler Demo] [           main] org.hibernate.SQL                        : select last_insert_rowid()
Hibernate: select last_insert_rowid()
2025-10-26T12:22:31.271+09:00 DEBUG 19468 --- [Shift Scheduler Demo] [           main] org.hibernate.SQL                        : insert into shift_assignments (employee_id,end_time,shift_name,start_time,work_date) values (?,?,?,?,?)
Hibernate: insert into shift_assignments (employee_id,end_time,shift_name,start_time,work_date) values (?,?,?,?,?)
2025-10-26T12:22:31.273+09:00 DEBUG 19468 --- [Shift Scheduler Demo] [           main] org.hibernate.SQL                        : select last_insert_rowid()
Hibernate: select last_insert_rowid()
2025-10-26T12:22:31.273+09:00 DEBUG 19468 --- [Shift Scheduler Demo] [           main] org.hibernate.SQL                        : insert into shift_assignments (employee_id,end_time,shift_name,start_time,work_date) values (?,?,?,?,?)
Hibernate: insert into shift_assignments (employee_id,end_time,shift_name,start_time,work_date) values (?,?,?,?,?)
2025-10-26T12:22:31.274+09:00 DEBUG 19468 --- [Shift Scheduler Demo] [           main] org.hibernate.SQL                        : select last_insert_rowid()
Hibernate: select last_insert_rowid()
2025-10-26T12:22:31.275+09:00 DEBUG 19468 --- [Shift Scheduler Demo] [           main] org.hibernate.SQL                        : insert into shift_assignments (employee_id,end_time,shift_name,start_time,work_date) values (?,?,?,?,?)
Hibernate: insert into shift_assignments (employee_id,end_time,shift_name,start_time,work_date) values (?,?,?,?,?)
2025-10-26T12:22:31.275+09:00 DEBUG 19468 --- [Shift Scheduler Demo] [           main] org.hibernate.SQL                        : select last_insert_rowid()
Hibernate: select last_insert_rowid()
2025-10-26T12:22:31.276+09:00 DEBUG 19468 --- [Shift Scheduler Demo] [           main] org.hibernate.SQL                        : insert into shift_assignments (employee_id,end_time,shift_name,start_time,work_date) values (?,?,?,?,?)
Hibernate: insert into shift_assignments (employee_id,end_time,shift_name,start_time,work_date) values (?,?,?,?,?)
2025-10-26T12:22:31.276+09:00 DEBUG 19468 --- [Shift Scheduler Demo] [           main] org.hibernate.SQL                        : select last_insert_rowid()
Hibernate: select last_insert_rowid()
2025-10-26T12:22:31.276+09:00 DEBUG 19468 --- [Shift Scheduler Demo] [           main] org.hibernate.SQL                        : insert into shift_assignments (employee_id,end_time,shift_name,start_time,work_date) values (?,?,?,?,?)
Hibernate: insert into shift_assignments (employee_id,end_time,shift_name,start_time,work_date) values (?,?,?,?,?)
2025-10-26T12:22:31.278+09:00 DEBUG 19468 --- [Shift Scheduler Demo] [           main] org.hibernate.SQL                        : select last_insert_rowid()
Hibernate: select last_insert_rowid()
2025-10-26T12:22:31.278+09:00 DEBUG 19468 --- [Shift Scheduler Demo] [           main] org.hibernate.SQL                        : insert into shift_assignments (employee_id,end_time,shift_name,start_time,work_date) values (?,?,?,?,?)
Hibernate: insert into shift_assignments (employee_id,end_time,shift_name,start_time,work_date) values (?,?,?,?,?)
2025-10-26T12:22:31.278+09:00 DEBUG 19468 --- [Shift Scheduler Demo] [           main] org.hibernate.SQL                        : select last_insert_rowid()
Hibernate: select last_insert_rowid()
2025-10-26T12:22:31.279+09:00 DEBUG 19468 --- [Shift Scheduler Demo] [           main] org.hibernate.SQL                        : insert into shift_assignments (employee_id,end_time,shift_name,start_time,work_date) values (?,?,?,?,?)
Hibernate: insert into shift_assignments (employee_id,end_time,shift_name,start_time,work_date) values (?,?,?,?,?)
2025-10-26T12:22:31.279+09:00 DEBUG 19468 --- [Shift Scheduler Demo] [           main] org.hibernate.SQL                        : select last_insert_rowid()
Hibernate: select last_insert_rowid()
2025-10-26T12:22:31.279+09:00 DEBUG 19468 --- [Shift Scheduler Demo] [           main] org.hibernate.SQL                        : insert into shift_assignments (employee_id,end_time,shift_name,start_time,work_date) values (?,?,?,?,?)
Hibernate: insert into shift_assignments (employee_id,end_time,shift_name,start_time,work_date) values (?,?,?,?,?)
2025-10-26T12:22:31.280+09:00 DEBUG 19468 --- [Shift Scheduler Demo] [           main] org.hibernate.SQL                        : select last_insert_rowid()
Hibernate: select last_insert_rowid()
2025-10-26T12:22:31.280+09:00 DEBUG 19468 --- [Shift Scheduler Demo] [           main] org.hibernate.SQL                        : insert into shift_assignments (employee_id,end_time,shift_name,start_time,work_date) values (?,?,?,?,?)
Hibernate: insert into shift_assignments (employee_id,end_time,shift_name,start_time,work_date) values (?,?,?,?,?)
2025-10-26T12:22:31.280+09:00 DEBUG 19468 --- [Shift Scheduler Demo] [           main] org.hibernate.SQL                        : select last_insert_rowid()
Hibernate: select last_insert_rowid()
2025-10-26T12:22:31.281+09:00 DEBUG 19468 --- [Shift Scheduler Demo] [           main] org.hibernate.SQL                        : insert into shift_assignments (employee_id,end_time,shift_name,start_time,work_date) values (?,?,?,?,?)
Hibernate: insert into shift_assignments (employee_id,end_time,shift_name,start_time,work_date) values (?,?,?,?,?)
2025-10-26T12:22:31.281+09:00 DEBUG 19468 --- [Shift Scheduler Demo] [           main] org.hibernate.SQL                        : select last_insert_rowid()
Hibernate: select last_insert_rowid()
2025-10-26T12:22:31.282+09:00 DEBUG 19468 --- [Shift Scheduler Demo] [           main] org.hibernate.SQL                        : insert into shift_assignments (employee_id,end_time,shift_name,start_time,work_date) values (?,?,?,?,?)
Hibernate: insert into shift_assignments (employee_id,end_time,shift_name,start_time,work_date) values (?,?,?,?,?)
2025-10-26T12:22:31.282+09:00 DEBUG 19468 --- [Shift Scheduler Demo] [           main] org.hibernate.SQL                        : select last_insert_rowid()
Hibernate: select last_insert_rowid()
2025-10-26T12:22:31.283+09:00 DEBUG 19468 --- [Shift Scheduler Demo] [           main] org.hibernate.SQL                        : insert into shift_assignments (employee_id,end_time,shift_name,start_time,work_date) values (?,?,?,?,?)
Hibernate: insert into shift_assignments (employee_id,end_time,shift_name,start_time,work_date) values (?,?,?,?,?)
2025-10-26T12:22:31.283+09:00 DEBUG 19468 --- [Shift Scheduler Demo] [           main] org.hibernate.SQL                        : select last_insert_rowid()
Hibernate: select last_insert_rowid()
2025-10-26T12:22:31.284+09:00 DEBUG 19468 --- [Shift Scheduler Demo] [           main] org.hibernate.SQL                        : insert into shift_assignments (employee_id,end_time,shift_name,start_time,work_date) values (?,?,?,?,?)
Hibernate: insert into shift_assignments (employee_id,end_time,shift_name,start_time,work_date) values (?,?,?,?,?)
2025-10-26T12:22:31.284+09:00 DEBUG 19468 --- [Shift Scheduler Demo] [           main] org.hibernate.SQL                        : select last_insert_rowid()
Hibernate: select last_insert_rowid()
2025-10-26T12:22:31.285+09:00 DEBUG 19468 --- [Shift Scheduler Demo] [           main] org.hibernate.SQL                        : insert into shift_assignments (employee_id,end_time,shift_name,start_time,work_date) values (?,?,?,?,?)
Hibernate: insert into shift_assignments (employee_id,end_time,shift_name,start_time,work_date) values (?,?,?,?,?)
2025-10-26T12:22:31.285+09:00 DEBUG 19468 --- [Shift Scheduler Demo] [           main] org.hibernate.SQL                        : select last_insert_rowid()
Hibernate: select last_insert_rowid()
2025-10-26T12:22:31.286+09:00 DEBUG 19468 --- [Shift Scheduler Demo] [           main] org.hibernate.SQL                        : insert into shift_assignments (employee_id,end_time,shift_name,start_time,work_date) values (?,?,?,?,?)
Hibernate: insert into shift_assignments (employee_id,end_time,shift_name,start_time,work_date) values (?,?,?,?,?)
2025-10-26T12:22:31.289+09:00 DEBUG 19468 --- [Shift Scheduler Demo] [           main] org.hibernate.SQL                        : select last_insert_rowid()
Hibernate: select last_insert_rowid()
2025-10-26T12:22:31.289+09:00 DEBUG 19468 --- [Shift Scheduler Demo] [           main] org.hibernate.SQL                        : insert into shift_assignments (employee_id,end_time,shift_name,start_time,work_date) values (?,?,?,?,?)
Hibernate: insert into shift_assignments (employee_id,end_time,shift_name,start_time,work_date) values (?,?,?,?,?)
2025-10-26T12:22:31.290+09:00 DEBUG 19468 --- [Shift Scheduler Demo] [           main] org.hibernate.SQL                        : select last_insert_rowid()
Hibernate: select last_insert_rowid()
2025-10-26T12:22:31.290+09:00  INFO 19468 --- [Shift Scheduler Demo] [           main] c.e.shiftv1.schedule.ScheduleService     : �V�t�g�������������܂���: 92���̊��蓖�Ă𐶐�
2025-10-26T12:22:31.526+09:00 DEBUG 19468 --- [Shift Scheduler Demo] [           main] org.hibernate.SQL                        : delete from shift_assignments where id=?
Hibernate: delete from shift_assignments where id=?
2025-10-26T12:22:31.526+09:00 DEBUG 19468 --- [Shift Scheduler Demo] [           main] org.hibernate.SQL                        : delete from shift_assignments where id=?
Hibernate: delete from shift_assignments where id=?
2025-10-26T12:22:31.526+09:00 DEBUG 19468 --- [Shift Scheduler Demo] [           main] org.hibernate.SQL                        : delete from shift_assignments where id=?
Hibernate: delete from shift_assignments where id=?
2025-10-26T12:22:31.526+09:00 DEBUG 19468 --- [Shift Scheduler Demo] [           main] org.hibernate.SQL                        : delete from shift_assignments where id=?
Hibernate: delete from shift_assignments where id=?
2025-10-26T12:22:31.526+09:00 DEBUG 19468 --- [Shift Scheduler Demo] [           main] org.hibernate.SQL                        : delete from shift_assignments where id=?
Hibernate: delete from shift_assignments where id=?
2025-10-26T12:22:31.526+09:00 DEBUG 19468 --- [Shift Scheduler Demo] [           main] org.hibernate.SQL                        : delete from shift_assignments where id=?
Hibernate: delete from shift_assignments where id=?
2025-10-26T12:22:31.526+09:00 DEBUG 19468 --- [Shift Scheduler Demo] [           main] org.hibernate.SQL                        : delete from shift_assignments where id=?
Hibernate: delete from shift_assignments where id=?
2025-10-26T12:22:31.526+09:00 DEBUG 19468 --- [Shift Scheduler Demo] [           main] org.hibernate.SQL                        : delete from shift_assignments where id=?
Hibernate: delete from shift_assignments where id=?
2025-10-26T12:22:31.526+09:00 DEBUG 19468 --- [Shift Scheduler Demo] [           main] org.hibernate.SQL                        : delete from shift_assignments where id=?
Hibernate: delete from shift_assignments where id=?
2025-10-26T12:22:31.526+09:00 DEBUG 19468 --- [Shift Scheduler Demo] [           main] org.hibernate.SQL                        : delete from shift_assignments where id=?
Hibernate: delete from shift_assignments where id=?
2025-10-26T12:22:31.526+09:00 DEBUG 19468 --- [Shift Scheduler Demo] [           main] org.hibernate.SQL                        : delete from shift_assignments where id=?
Hibernate: delete from shift_assignments where id=?
2025-10-26T12:22:31.526+09:00 DEBUG 19468 --- [Shift Scheduler Demo] [           main] org.hibernate.SQL                        : delete from shift_assignments where id=?
Hibernate: delete from shift_assignments where id=?
2025-10-26T12:22:31.532+09:00 DEBUG 19468 --- [Shift Scheduler Demo] [           main] org.hibernate.SQL                        : select sa1_0.id,sa1_0.employee_id,sa1_0.end_time,sa1_0.shift_name,sa1_0.start_time,sa1_0.work_date from shift_assignments sa1_0 where sa1_0.work_date between ? and ?
Hibernate: select sa1_0.id,sa1_0.employee_id,sa1_0.end_time,sa1_0.shift_name,sa1_0.start_time,sa1_0.work_date from shift_assignments sa1_0 where sa1_0.work_date between ? and ?
]]></system-out>
    <system-err><![CDATA[Mockito is currently self-attaching to enable the inline-mock-maker. This will no longer work in future releases of the JDK. Please add Mockito as an agent to your build as described in Mockito's documentation: https://javadoc.io/doc/org.mockito/mockito-core/latest/org.mockito/org/mockito/Mockito.html#0.3
WARNING: A Java agent has been loaded dynamically (C:\Users\takow\.m2\repository\net\bytebuddy\byte-buddy-agent\1.17.6\byte-buddy-agent-1.17.6.jar)
WARNING: If a serviceability tool is in use, please run with -XX:+EnableDynamicAgentLoading to hide this warning
WARNING: If a serviceability tool is not in use, please run with -Djdk.instrument.traceUsage for more information
WARNING: Dynamic loading of agents will be disallowed by default in a future release
]]></system-err>
  </testcase>
</testsuite>