<?xml version="1.0" encoding="UTF-8"?>
<testsuite xmlns:xsi="http://www.w3.org/2001/XMLSchema-instance" xsi:noNamespaceSchemaLocation="https://maven.apache.org/surefire/maven-surefire-plugin/xsd/surefire-test-report-3.0.xsd" version="3.0" name="com.example.shiftv1.schedule.ScheduleServiceTest" time="17.212" tests="2" errors="0" skipped="0" failures="0">
  <properties>
    <property name="java.specification.version" value="23"/>
    <property name="sun.cpu.isalist" value="amd64"/>
    <property name="sun.jnu.encoding" value="MS932"/>
    <property name="java.class.path" value="C:\Users\takow\Documents\02_programming\java\shiftv1\target\test-classes;C:\Users\takow\Documents\02_programming\java\shiftv1\target\classes;C:\Users\takow\.m2\repository\org\springframework\boot\spring-boot-starter-web\3.2.5\spring-boot-starter-web-3.2.5.jar;C:\Users\takow\.m2\repository\org\springframework\boot\spring-boot-starter\3.2.5\spring-boot-starter-3.2.5.jar;C:\Users\takow\.m2\repository\org\springframework\boot\spring-boot\3.2.5\spring-boot-3.2.5.jar;C:\Users\takow\.m2\repository\org\springframework\boot\spring-boot-autoconfigure\3.2.5\spring-boot-autoconfigure-3.2.5.jar;C:\Users\takow\.m2\repository\org\springframework\boot\spring-boot-starter-logging\3.2.5\spring-boot-starter-logging-3.2.5.jar;C:\Users\takow\.m2\repository\ch\qos\logback\logback-classic\1.4.14\logback-classic-1.4.14.jar;C:\Users\takow\.m2\repository\ch\qos\logback\logback-core\1.4.14\logback-core-1.4.14.jar;C:\Users\takow\.m2\repository\org\apache\logging\log4j\log4j-to-slf4j\2.21.1\log4j-to-slf4j-2.21.1.jar;C:\Users\takow\.m2\repository\org\apache\logging\log4j\log4j-api\2.21.1\log4j-api-2.21.1.jar;C:\Users\takow\.m2\repository\org\slf4j\jul-to-slf4j\2.0.13\jul-to-slf4j-2.0.13.jar;C:\Users\takow\.m2\repository\jakarta\annotation\jakarta.annotation-api\2.1.1\jakarta.annotation-api-2.1.1.jar;C:\Users\takow\.m2\repository\org\yaml\snakeyaml\2.2\snakeyaml-2.2.jar;C:\Users\takow\.m2\repository\org\springframework\boot\spring-boot-starter-json\3.2.5\spring-boot-starter-json-3.2.5.jar;C:\Users\takow\.m2\repository\com\fasterxml\jackson\core\jackson-databind\2.15.4\jackson-databind-2.15.4.jar;C:\Users\takow\.m2\repository\com\fasterxml\jackson\core\jackson-annotations\2.15.4\jackson-annotations-2.15.4.jar;C:\Users\takow\.m2\repository\com\fasterxml\jackson\core\jackson-core\2.15.4\jackson-core-2.15.4.jar;C:\Users\takow\.m2\repository\com\fasterxml\jackson\datatype\jackson-datatype-jdk8\2.15.4\jackson-datatype-jdk8-2.15.4.jar;C:\Users\takow\.m2\repository\com\fasterxml\jackson\datatype\jackson-datatype-jsr310\2.15.4\jackson-datatype-jsr310-2.15.4.jar;C:\Users\takow\.m2\repository\com\fasterxml\jackson\module\jackson-module-parameter-names\2.15.4\jackson-module-parameter-names-2.15.4.jar;C:\Users\takow\.m2\repository\org\springframework\boot\spring-boot-starter-tomcat\3.2.5\spring-boot-starter-tomcat-3.2.5.jar;C:\Users\takow\.m2\repository\org\apache\tomcat\embed\tomcat-embed-core\10.1.20\tomcat-embed-core-10.1.20.jar;C:\Users\takow\.m2\repository\org\apache\tomcat\embed\tomcat-embed-websocket\10.1.20\tomcat-embed-websocket-10.1.20.jar;C:\Users\takow\.m2\repository\org\springframework\spring-web\6.1.6\spring-web-6.1.6.jar;C:\Users\takow\.m2\repository\org\springframework\spring-beans\6.1.6\spring-beans-6.1.6.jar;C:\Users\takow\.m2\repository\org\springframework\spring-webmvc\6.1.6\spring-webmvc-6.1.6.jar;C:\Users\takow\.m2\repository\org\springframework\spring-context\6.1.6\spring-context-6.1.6.jar;C:\Users\takow\.m2\repository\org\springframework\spring-expression\6.1.6\spring-expression-6.1.6.jar;C:\Users\takow\.m2\repository\org\springframework\boot\spring-boot-starter-data-jpa\3.2.5\spring-boot-starter-data-jpa-3.2.5.jar;C:\Users\takow\.m2\repository\org\springframework\boot\spring-boot-starter-aop\3.2.5\spring-boot-starter-aop-3.2.5.jar;C:\Users\takow\.m2\repository\org\aspectj\aspectjweaver\1.9.22\aspectjweaver-1.9.22.jar;C:\Users\takow\.m2\repository\org\springframework\boot\spring-boot-starter-jdbc\3.2.5\spring-boot-starter-jdbc-3.2.5.jar;C:\Users\takow\.m2\repository\com\zaxxer\HikariCP\5.0.1\HikariCP-5.0.1.jar;C:\Users\takow\.m2\repository\org\springframework\spring-jdbc\6.1.6\spring-jdbc-6.1.6.jar;C:\Users\takow\.m2\repository\org\hibernate\orm\hibernate-core\6.4.4.Final\hibernate-core-6.4.4.Final.jar;C:\Users\takow\.m2\repository\jakarta\persistence\jakarta.persistence-api\3.1.0\jakarta.persistence-api-3.1.0.jar;C:\Users\takow\.m2\repository\jakarta\transaction\jakarta.transaction-api\2.0.1\jakarta.transaction-api-2.0.1.jar;C:\Users\takow\.m2\repository\org\hibernate\common\hibernate-commons-annotations\6.0.6.Final\hibernate-commons-annotations-6.0.6.Final.jar;C:\Users\takow\.m2\repository\io\smallrye\jandex\3.1.2\jandex-3.1.2.jar;C:\Users\takow\.m2\repository\com\fasterxml\classmate\1.6.0\classmate-1.6.0.jar;C:\Users\takow\.m2\repository\net\bytebuddy\byte-buddy\1.14.13\byte-buddy-1.14.13.jar;C:\Users\takow\.m2\repository\org\glassfish\jaxb\jaxb-runtime\4.0.5\jaxb-runtime-4.0.5.jar;C:\Users\takow\.m2\repository\org\glassfish\jaxb\jaxb-core\4.0.5\jaxb-core-4.0.5.jar;C:\Users\takow\.m2\repository\org\eclipse\angus\angus-activation\2.0.2\angus-activation-2.0.2.jar;C:\Users\takow\.m2\repository\org\glassfish\jaxb\txw2\4.0.5\txw2-4.0.5.jar;C:\Users\takow\.m2\repository\com\sun\istack\istack-commons-runtime\4.1.2\istack-commons-runtime-4.1.2.jar;C:\Users\takow\.m2\repository\jakarta\inject\jakarta.inject-api\2.0.1\jakarta.inject-api-2.0.1.jar;C:\Users\takow\.m2\repository\org\antlr\antlr4-runtime\4.13.0\antlr4-runtime-4.13.0.jar;C:\Users\takow\.m2\repository\org\springframework\data\spring-data-jpa\3.2.5\spring-data-jpa-3.2.5.jar;C:\Users\takow\.m2\repository\org\springframework\data\spring-data-commons\3.2.5\spring-data-commons-3.2.5.jar;C:\Users\takow\.m2\repository\org\springframework\spring-orm\6.1.6\spring-orm-6.1.6.jar;C:\Users\takow\.m2\repository\org\springframework\spring-tx\6.1.6\spring-tx-6.1.6.jar;C:\Users\takow\.m2\repository\org\springframework\spring-aspects\6.1.6\spring-aspects-6.1.6.jar;C:\Users\takow\.m2\repository\org\xerial\sqlite-jdbc\3.46.0.0\sqlite-jdbc-3.46.0.0.jar;C:\Users\takow\.m2\repository\org\slf4j\slf4j-api\2.0.13\slf4j-api-2.0.13.jar;C:\Users\takow\.m2\repository\org\hibernate\orm\hibernate-community-dialects\6.4.4.Final\hibernate-community-dialects-6.4.4.Final.jar;C:\Users\takow\.m2\repository\org\jboss\logging\jboss-logging\3.5.3.Final\jboss-logging-3.5.3.Final.jar;C:\Users\takow\.m2\repository\org\projectlombok\lombok\1.18.32\lombok-1.18.32.jar;C:\Users\takow\.m2\repository\org\springframework\boot\spring-boot-starter-thymeleaf\3.2.5\spring-boot-starter-thymeleaf-3.2.5.jar;C:\Users\takow\.m2\repository\org\thymeleaf\thymeleaf-spring6\3.1.2.RELEASE\thymeleaf-spring6-3.1.2.RELEASE.jar;C:\Users\takow\.m2\repository\org\thymeleaf\thymeleaf\3.1.2.RELEASE\thymeleaf-3.1.2.RELEASE.jar;C:\Users\takow\.m2\repository\org\attoparser\attoparser\2.0.7.RELEASE\attoparser-2.0.7.RELEASE.jar;C:\Users\takow\.m2\repository\org\unbescape\unbescape\1.1.6.RELEASE\unbescape-1.1.6.RELEASE.jar;C:\Users\takow\.m2\repository\org\springframework\boot\spring-boot-starter-validation\3.2.5\spring-boot-starter-validation-3.2.5.jar;C:\Users\takow\.m2\repository\org\apache\tomcat\embed\tomcat-embed-el\10.1.20\tomcat-embed-el-10.1.20.jar;C:\Users\takow\.m2\repository\org\hibernate\validator\hibernate-validator\8.0.1.Final\hibernate-validator-8.0.1.Final.jar;C:\Users\takow\.m2\repository\jakarta\validation\jakarta.validation-api\3.0.2\jakarta.validation-api-3.0.2.jar;C:\Users\takow\.m2\repository\org\springframework\boot\spring-boot-starter-security\3.2.5\spring-boot-starter-security-3.2.5.jar;C:\Users\takow\.m2\repository\org\springframework\spring-aop\6.1.6\spring-aop-6.1.6.jar;C:\Users\takow\.m2\repository\org\springframework\security\spring-security-config\6.2.4\spring-security-config-6.2.4.jar;C:\Users\takow\.m2\repository\org\springframework\security\spring-security-core\6.2.4\spring-security-core-6.2.4.jar;C:\Users\takow\.m2\repository\org\springframework\security\spring-security-crypto\6.2.4\spring-security-crypto-6.2.4.jar;C:\Users\takow\.m2\repository\org\springframework\security\spring-security-web\6.2.4\spring-security-web-6.2.4.jar;C:\Users\takow\.m2\repository\org\springframework\boot\spring-boot-starter-actuator\3.2.5\spring-boot-starter-actuator-3.2.5.jar;C:\Users\takow\.m2\repository\org\springframework\boot\spring-boot-actuator-autoconfigure\3.2.5\spring-boot-actuator-autoconfigure-3.2.5.jar;C:\Users\takow\.m2\repository\org\springframework\boot\spring-boot-actuator\3.2.5\spring-boot-actuator-3.2.5.jar;C:\Users\takow\.m2\repository\io\micrometer\micrometer-observation\1.12.5\micrometer-observation-1.12.5.jar;C:\Users\takow\.m2\repository\io\micrometer\micrometer-commons\1.12.5\micrometer-commons-1.12.5.jar;C:\Users\takow\.m2\repository\io\micrometer\micrometer-jakarta9\1.12.5\micrometer-jakarta9-1.12.5.jar;C:\Users\takow\.m2\repository\io\micrometer\micrometer-core\1.12.5\micrometer-core-1.12.5.jar;C:\Users\takow\.m2\repository\org\hdrhistogram\HdrHistogram\2.1.12\HdrHistogram-2.1.12.jar;C:\Users\takow\.m2\repository\org\latencyutils\LatencyUtils\2.0.3\LatencyUtils-2.0.3.jar;C:\Users\takow\.m2\repository\org\springframework\boot\spring-boot-starter-test\3.2.5\spring-boot-starter-test-3.2.5.jar;C:\Users\takow\.m2\repository\org\springframework\boot\spring-boot-test\3.2.5\spring-boot-test-3.2.5.jar;C:\Users\takow\.m2\repository\org\springframework\boot\spring-boot-test-autoconfigure\3.2.5\spring-boot-test-autoconfigure-3.2.5.jar;C:\Users\takow\.m2\repository\com\jayway\jsonpath\json-path\2.9.0\json-path-2.9.0.jar;C:\Users\takow\.m2\repository\jakarta\xml\bind\jakarta.xml.bind-api\4.0.2\jakarta.xml.bind-api-4.0.2.jar;C:\Users\takow\.m2\repository\jakarta\activation\jakarta.activation-api\2.1.3\jakarta.activation-api-2.1.3.jar;C:\Users\takow\.m2\repository\net\minidev\json-smart\2.5.1\json-smart-2.5.1.jar;C:\Users\takow\.m2\repository\net\minidev\accessors-smart\2.5.1\accessors-smart-2.5.1.jar;C:\Users\takow\.m2\repository\org\ow2\asm\asm\9.6\asm-9.6.jar;C:\Users\takow\.m2\repository\org\assertj\assertj-core\3.24.2\assertj-core-3.24.2.jar;C:\Users\takow\.m2\repository\org\awaitility\awaitility\4.2.1\awaitility-4.2.1.jar;C:\Users\takow\.m2\repository\org\hamcrest\hamcrest\2.2\hamcrest-2.2.jar;C:\Users\takow\.m2\repository\org\junit\jupiter\junit-jupiter\5.10.2\junit-jupiter-5.10.2.jar;C:\Users\takow\.m2\repository\org\junit\jupiter\junit-jupiter-api\5.10.2\junit-jupiter-api-5.10.2.jar;C:\Users\takow\.m2\repository\org\opentest4j\opentest4j\1.3.0\opentest4j-1.3.0.jar;C:\Users\takow\.m2\repository\org\junit\platform\junit-platform-commons\1.10.2\junit-platform-commons-1.10.2.jar;C:\Users\takow\.m2\repository\org\apiguardian\apiguardian-api\1.1.2\apiguardian-api-1.1.2.jar;C:\Users\takow\.m2\repository\org\junit\jupiter\junit-jupiter-params\5.10.2\junit-jupiter-params-5.10.2.jar;C:\Users\takow\.m2\repository\org\junit\jupiter\junit-jupiter-engine\5.10.2\junit-jupiter-engine-5.10.2.jar;C:\Users\takow\.m2\repository\org\junit\platform\junit-platform-engine\1.10.2\junit-platform-engine-1.10.2.jar;C:\Users\takow\.m2\repository\org\mockito\mockito-core\5.7.0\mockito-core-5.7.0.jar;C:\Users\takow\.m2\repository\net\bytebuddy\byte-buddy-agent\1.14.13\byte-buddy-agent-1.14.13.jar;C:\Users\takow\.m2\repository\org\objenesis\objenesis\3.3\objenesis-3.3.jar;C:\Users\takow\.m2\repository\org\mockito\mockito-junit-jupiter\5.7.0\mockito-junit-jupiter-5.7.0.jar;C:\Users\takow\.m2\repository\org\skyscreamer\jsonassert\1.5.1\jsonassert-1.5.1.jar;C:\Users\takow\.m2\repository\com\vaadin\external\google\android-json\0.0.20131108.vaadin1\android-json-0.0.20131108.vaadin1.jar;C:\Users\takow\.m2\repository\org\springframework\spring-core\6.1.6\spring-core-6.1.6.jar;C:\Users\takow\.m2\repository\org\springframework\spring-jcl\6.1.6\spring-jcl-6.1.6.jar;C:\Users\takow\.m2\repository\org\springframework\spring-test\6.1.6\spring-test-6.1.6.jar;C:\Users\takow\.m2\repository\org\xmlunit\xmlunit-core\2.9.1\xmlunit-core-2.9.1.jar;"/>
    <property name="java.vm.vendor" value="Oracle Corporation"/>
    <property name="sun.arch.data.model" value="64"/>
    <property name="user.variant" value=""/>
    <property name="java.vendor.url" value="https://java.oracle.com/"/>
    <property name="user.timezone" value="Asia/Tokyo"/>
    <property name="org.jboss.logging.provider" value="slf4j"/>
    <property name="os.name" value="Windows 11"/>
    <property name="java.vm.specification.version" value="23"/>
    <property name="sun.java.launcher" value="SUN_STANDARD"/>
    <property name="user.country" value="JP"/>
    <property name="sun.boot.library.path" value="C:\Program Files\Java\jdk-23\bin"/>
    <property name="sun.java.command" value="C:\Users\takow\AppData\Local\Temp\surefire8324046193330953737\surefirebooter-20251013155602551_3.jar C:\Users\takow\AppData\Local\Temp\surefire8324046193330953737 2025-10-13T15-56-02_342-jvmRun1 surefire-20251013155602551_1tmp surefire_0-20251013155602551_2tmp"/>
    <property name="jdk.debug" value="release"/>
    <property name="surefire.test.class.path" value="C:\Users\takow\Documents\02_programming\java\shiftv1\target\test-classes;C:\Users\takow\Documents\02_programming\java\shiftv1\target\classes;C:\Users\takow\.m2\repository\org\springframework\boot\spring-boot-starter-web\3.2.5\spring-boot-starter-web-3.2.5.jar;C:\Users\takow\.m2\repository\org\springframework\boot\spring-boot-starter\3.2.5\spring-boot-starter-3.2.5.jar;C:\Users\takow\.m2\repository\org\springframework\boot\spring-boot\3.2.5\spring-boot-3.2.5.jar;C:\Users\takow\.m2\repository\org\springframework\boot\spring-boot-autoconfigure\3.2.5\spring-boot-autoconfigure-3.2.5.jar;C:\Users\takow\.m2\repository\org\springframework\boot\spring-boot-starter-logging\3.2.5\spring-boot-starter-logging-3.2.5.jar;C:\Users\takow\.m2\repository\ch\qos\logback\logback-classic\1.4.14\logback-classic-1.4.14.jar;C:\Users\takow\.m2\repository\ch\qos\logback\logback-core\1.4.14\logback-core-1.4.14.jar;C:\Users\takow\.m2\repository\org\apache\logging\log4j\log4j-to-slf4j\2.21.1\log4j-to-slf4j-2.21.1.jar;C:\Users\takow\.m2\repository\org\apache\logging\log4j\log4j-api\2.21.1\log4j-api-2.21.1.jar;C:\Users\takow\.m2\repository\org\slf4j\jul-to-slf4j\2.0.13\jul-to-slf4j-2.0.13.jar;C:\Users\takow\.m2\repository\jakarta\annotation\jakarta.annotation-api\2.1.1\jakarta.annotation-api-2.1.1.jar;C:\Users\takow\.m2\repository\org\yaml\snakeyaml\2.2\snakeyaml-2.2.jar;C:\Users\takow\.m2\repository\org\springframework\boot\spring-boot-starter-json\3.2.5\spring-boot-starter-json-3.2.5.jar;C:\Users\takow\.m2\repository\com\fasterxml\jackson\core\jackson-databind\2.15.4\jackson-databind-2.15.4.jar;C:\Users\takow\.m2\repository\com\fasterxml\jackson\core\jackson-annotations\2.15.4\jackson-annotations-2.15.4.jar;C:\Users\takow\.m2\repository\com\fasterxml\jackson\core\jackson-core\2.15.4\jackson-core-2.15.4.jar;C:\Users\takow\.m2\repository\com\fasterxml\jackson\datatype\jackson-datatype-jdk8\2.15.4\jackson-datatype-jdk8-2.15.4.jar;C:\Users\takow\.m2\repository\com\fasterxml\jackson\datatype\jackson-datatype-jsr310\2.15.4\jackson-datatype-jsr310-2.15.4.jar;C:\Users\takow\.m2\repository\com\fasterxml\jackson\module\jackson-module-parameter-names\2.15.4\jackson-module-parameter-names-2.15.4.jar;C:\Users\takow\.m2\repository\org\springframework\boot\spring-boot-starter-tomcat\3.2.5\spring-boot-starter-tomcat-3.2.5.jar;C:\Users\takow\.m2\repository\org\apache\tomcat\embed\tomcat-embed-core\10.1.20\tomcat-embed-core-10.1.20.jar;C:\Users\takow\.m2\repository\org\apache\tomcat\embed\tomcat-embed-websocket\10.1.20\tomcat-embed-websocket-10.1.20.jar;C:\Users\takow\.m2\repository\org\springframework\spring-web\6.1.6\spring-web-6.1.6.jar;C:\Users\takow\.m2\repository\org\springframework\spring-beans\6.1.6\spring-beans-6.1.6.jar;C:\Users\takow\.m2\repository\org\springframework\spring-webmvc\6.1.6\spring-webmvc-6.1.6.jar;C:\Users\takow\.m2\repository\org\springframework\spring-context\6.1.6\spring-context-6.1.6.jar;C:\Users\takow\.m2\repository\org\springframework\spring-expression\6.1.6\spring-expression-6.1.6.jar;C:\Users\takow\.m2\repository\org\springframework\boot\spring-boot-starter-data-jpa\3.2.5\spring-boot-starter-data-jpa-3.2.5.jar;C:\Users\takow\.m2\repository\org\springframework\boot\spring-boot-starter-aop\3.2.5\spring-boot-starter-aop-3.2.5.jar;C:\Users\takow\.m2\repository\org\aspectj\aspectjweaver\1.9.22\aspectjweaver-1.9.22.jar;C:\Users\takow\.m2\repository\org\springframework\boot\spring-boot-starter-jdbc\3.2.5\spring-boot-starter-jdbc-3.2.5.jar;C:\Users\takow\.m2\repository\com\zaxxer\HikariCP\5.0.1\HikariCP-5.0.1.jar;C:\Users\takow\.m2\repository\org\springframework\spring-jdbc\6.1.6\spring-jdbc-6.1.6.jar;C:\Users\takow\.m2\repository\org\hibernate\orm\hibernate-core\6.4.4.Final\hibernate-core-6.4.4.Final.jar;C:\Users\takow\.m2\repository\jakarta\persistence\jakarta.persistence-api\3.1.0\jakarta.persistence-api-3.1.0.jar;C:\Users\takow\.m2\repository\jakarta\transaction\jakarta.transaction-api\2.0.1\jakarta.transaction-api-2.0.1.jar;C:\Users\takow\.m2\repository\org\hibernate\common\hibernate-commons-annotations\6.0.6.Final\hibernate-commons-annotations-6.0.6.Final.jar;C:\Users\takow\.m2\repository\io\smallrye\jandex\3.1.2\jandex-3.1.2.jar;C:\Users\takow\.m2\repository\com\fasterxml\classmate\1.6.0\classmate-1.6.0.jar;C:\Users\takow\.m2\repository\net\bytebuddy\byte-buddy\1.14.13\byte-buddy-1.14.13.jar;C:\Users\takow\.m2\repository\org\glassfish\jaxb\jaxb-runtime\4.0.5\jaxb-runtime-4.0.5.jar;C:\Users\takow\.m2\repository\org\glassfish\jaxb\jaxb-core\4.0.5\jaxb-core-4.0.5.jar;C:\Users\takow\.m2\repository\org\eclipse\angus\angus-activation\2.0.2\angus-activation-2.0.2.jar;C:\Users\takow\.m2\repository\org\glassfish\jaxb\txw2\4.0.5\txw2-4.0.5.jar;C:\Users\takow\.m2\repository\com\sun\istack\istack-commons-runtime\4.1.2\istack-commons-runtime-4.1.2.jar;C:\Users\takow\.m2\repository\jakarta\inject\jakarta.inject-api\2.0.1\jakarta.inject-api-2.0.1.jar;C:\Users\takow\.m2\repository\org\antlr\antlr4-runtime\4.13.0\antlr4-runtime-4.13.0.jar;C:\Users\takow\.m2\repository\org\springframework\data\spring-data-jpa\3.2.5\spring-data-jpa-3.2.5.jar;C:\Users\takow\.m2\repository\org\springframework\data\spring-data-commons\3.2.5\spring-data-commons-3.2.5.jar;C:\Users\takow\.m2\repository\org\springframework\spring-orm\6.1.6\spring-orm-6.1.6.jar;C:\Users\takow\.m2\repository\org\springframework\spring-tx\6.1.6\spring-tx-6.1.6.jar;C:\Users\takow\.m2\repository\org\springframework\spring-aspects\6.1.6\spring-aspects-6.1.6.jar;C:\Users\takow\.m2\repository\org\xerial\sqlite-jdbc\3.46.0.0\sqlite-jdbc-3.46.0.0.jar;C:\Users\takow\.m2\repository\org\slf4j\slf4j-api\2.0.13\slf4j-api-2.0.13.jar;C:\Users\takow\.m2\repository\org\hibernate\orm\hibernate-community-dialects\6.4.4.Final\hibernate-community-dialects-6.4.4.Final.jar;C:\Users\takow\.m2\repository\org\jboss\logging\jboss-logging\3.5.3.Final\jboss-logging-3.5.3.Final.jar;C:\Users\takow\.m2\repository\org\projectlombok\lombok\1.18.32\lombok-1.18.32.jar;C:\Users\takow\.m2\repository\org\springframework\boot\spring-boot-starter-thymeleaf\3.2.5\spring-boot-starter-thymeleaf-3.2.5.jar;C:\Users\takow\.m2\repository\org\thymeleaf\thymeleaf-spring6\3.1.2.RELEASE\thymeleaf-spring6-3.1.2.RELEASE.jar;C:\Users\takow\.m2\repository\org\thymeleaf\thymeleaf\3.1.2.RELEASE\thymeleaf-3.1.2.RELEASE.jar;C:\Users\takow\.m2\repository\org\attoparser\attoparser\2.0.7.RELEASE\attoparser-2.0.7.RELEASE.jar;C:\Users\takow\.m2\repository\org\unbescape\unbescape\1.1.6.RELEASE\unbescape-1.1.6.RELEASE.jar;C:\Users\takow\.m2\repository\org\springframework\boot\spring-boot-starter-validation\3.2.5\spring-boot-starter-validation-3.2.5.jar;C:\Users\takow\.m2\repository\org\apache\tomcat\embed\tomcat-embed-el\10.1.20\tomcat-embed-el-10.1.20.jar;C:\Users\takow\.m2\repository\org\hibernate\validator\hibernate-validator\8.0.1.Final\hibernate-validator-8.0.1.Final.jar;C:\Users\takow\.m2\repository\jakarta\validation\jakarta.validation-api\3.0.2\jakarta.validation-api-3.0.2.jar;C:\Users\takow\.m2\repository\org\springframework\boot\spring-boot-starter-security\3.2.5\spring-boot-starter-security-3.2.5.jar;C:\Users\takow\.m2\repository\org\springframework\spring-aop\6.1.6\spring-aop-6.1.6.jar;C:\Users\takow\.m2\repository\org\springframework\security\spring-security-config\6.2.4\spring-security-config-6.2.4.jar;C:\Users\takow\.m2\repository\org\springframework\security\spring-security-core\6.2.4\spring-security-core-6.2.4.jar;C:\Users\takow\.m2\repository\org\springframework\security\spring-security-crypto\6.2.4\spring-security-crypto-6.2.4.jar;C:\Users\takow\.m2\repository\org\springframework\security\spring-security-web\6.2.4\spring-security-web-6.2.4.jar;C:\Users\takow\.m2\repository\org\springframework\boot\spring-boot-starter-actuator\3.2.5\spring-boot-starter-actuator-3.2.5.jar;C:\Users\takow\.m2\repository\org\springframework\boot\spring-boot-actuator-autoconfigure\3.2.5\spring-boot-actuator-autoconfigure-3.2.5.jar;C:\Users\takow\.m2\repository\org\springframework\boot\spring-boot-actuator\3.2.5\spring-boot-actuator-3.2.5.jar;C:\Users\takow\.m2\repository\io\micrometer\micrometer-observation\1.12.5\micrometer-observation-1.12.5.jar;C:\Users\takow\.m2\repository\io\micrometer\micrometer-commons\1.12.5\micrometer-commons-1.12.5.jar;C:\Users\takow\.m2\repository\io\micrometer\micrometer-jakarta9\1.12.5\micrometer-jakarta9-1.12.5.jar;C:\Users\takow\.m2\repository\io\micrometer\micrometer-core\1.12.5\micrometer-core-1.12.5.jar;C:\Users\takow\.m2\repository\org\hdrhistogram\HdrHistogram\2.1.12\HdrHistogram-2.1.12.jar;C:\Users\takow\.m2\repository\org\latencyutils\LatencyUtils\2.0.3\LatencyUtils-2.0.3.jar;C:\Users\takow\.m2\repository\org\springframework\boot\spring-boot-starter-test\3.2.5\spring-boot-starter-test-3.2.5.jar;C:\Users\takow\.m2\repository\org\springframework\boot\spring-boot-test\3.2.5\spring-boot-test-3.2.5.jar;C:\Users\takow\.m2\repository\org\springframework\boot\spring-boot-test-autoconfigure\3.2.5\spring-boot-test-autoconfigure-3.2.5.jar;C:\Users\takow\.m2\repository\com\jayway\jsonpath\json-path\2.9.0\json-path-2.9.0.jar;C:\Users\takow\.m2\repository\jakarta\xml\bind\jakarta.xml.bind-api\4.0.2\jakarta.xml.bind-api-4.0.2.jar;C:\Users\takow\.m2\repository\jakarta\activation\jakarta.activation-api\2.1.3\jakarta.activation-api-2.1.3.jar;C:\Users\takow\.m2\repository\net\minidev\json-smart\2.5.1\json-smart-2.5.1.jar;C:\Users\takow\.m2\repository\net\minidev\accessors-smart\2.5.1\accessors-smart-2.5.1.jar;C:\Users\takow\.m2\repository\org\ow2\asm\asm\9.6\asm-9.6.jar;C:\Users\takow\.m2\repository\org\assertj\assertj-core\3.24.2\assertj-core-3.24.2.jar;C:\Users\takow\.m2\repository\org\awaitility\awaitility\4.2.1\awaitility-4.2.1.jar;C:\Users\takow\.m2\repository\org\hamcrest\hamcrest\2.2\hamcrest-2.2.jar;C:\Users\takow\.m2\repository\org\junit\jupiter\junit-jupiter\5.10.2\junit-jupiter-5.10.2.jar;C:\Users\takow\.m2\repository\org\junit\jupiter\junit-jupiter-api\5.10.2\junit-jupiter-api-5.10.2.jar;C:\Users\takow\.m2\repository\org\opentest4j\opentest4j\1.3.0\opentest4j-1.3.0.jar;C:\Users\takow\.m2\repository\org\junit\platform\junit-platform-commons\1.10.2\junit-platform-commons-1.10.2.jar;C:\Users\takow\.m2\repository\org\apiguardian\apiguardian-api\1.1.2\apiguardian-api-1.1.2.jar;C:\Users\takow\.m2\repository\org\junit\jupiter\junit-jupiter-params\5.10.2\junit-jupiter-params-5.10.2.jar;C:\Users\takow\.m2\repository\org\junit\jupiter\junit-jupiter-engine\5.10.2\junit-jupiter-engine-5.10.2.jar;C:\Users\takow\.m2\repository\org\junit\platform\junit-platform-engine\1.10.2\junit-platform-engine-1.10.2.jar;C:\Users\takow\.m2\repository\org\mockito\mockito-core\5.7.0\mockito-core-5.7.0.jar;C:\Users\takow\.m2\repository\net\bytebuddy\byte-buddy-agent\1.14.13\byte-buddy-agent-1.14.13.jar;C:\Users\takow\.m2\repository\org\objenesis\objenesis\3.3\objenesis-3.3.jar;C:\Users\takow\.m2\repository\org\mockito\mockito-junit-jupiter\5.7.0\mockito-junit-jupiter-5.7.0.jar;C:\Users\takow\.m2\repository\org\skyscreamer\jsonassert\1.5.1\jsonassert-1.5.1.jar;C:\Users\takow\.m2\repository\com\vaadin\external\google\android-json\0.0.20131108.vaadin1\android-json-0.0.20131108.vaadin1.jar;C:\Users\takow\.m2\repository\org\springframework\spring-core\6.1.6\spring-core-6.1.6.jar;C:\Users\takow\.m2\repository\org\springframework\spring-jcl\6.1.6\spring-jcl-6.1.6.jar;C:\Users\takow\.m2\repository\org\springframework\spring-test\6.1.6\spring-test-6.1.6.jar;C:\Users\takow\.m2\repository\org\xmlunit\xmlunit-core\2.9.1\xmlunit-core-2.9.1.jar;"/>
    <property name="sun.cpu.endian" value="little"/>
    <property name="user.home" value="C:\Users\takow"/>
    <property name="user.language" value="ja"/>
    <property name="java.specification.vendor" value="Oracle Corporation"/>
    <property name="java.version.date" value="2025-01-21"/>
    <property name="java.home" value="C:\Program Files\Java\jdk-23"/>
    <property name="file.separator" value="\"/>
    <property name="basedir" value="C:\Users\takow\Documents\02_programming\java\shiftv1"/>
    <property name="java.vm.compressedOopsMode" value="32-bit"/>
    <property name="line.separator" value="&#10;"/>
    <property name="java.vm.specification.vendor" value="Oracle Corporation"/>
    <property name="java.specification.name" value="Java Platform API Specification"/>
    <property name="FILE_LOG_CHARSET" value="UTF-8"/>
    <property name="java.awt.headless" value="true"/>
    <property name="surefire.real.class.path" value="C:\Users\takow\AppData\Local\Temp\surefire8324046193330953737\surefirebooter-20251013155602551_3.jar"/>
    <property name="user.script" value=""/>
    <property name="sun.management.compiler" value="HotSpot 64-Bit Tiered Compilers"/>
    <property name="java.runtime.version" value="23.0.2+7-58"/>
    <property name="user.name" value="takow"/>
    <property name="stdout.encoding" value="MS932"/>
    <property name="path.separator" value=";"/>
    <property name="os.version" value="10.0"/>
    <property name="java.runtime.name" value="Java(TM) SE Runtime Environment"/>
    <property name="file.encoding" value="UTF-8"/>
    <property name="java.vm.name" value="Java HotSpot(TM) 64-Bit Server VM"/>
    <property name="localRepository" value="C:\Users\takow\.m2\repository"/>
    <property name="java.vendor.url.bug" value="https://bugreport.java.com/bugreport/"/>
    <property name="java.io.tmpdir" value="C:\Users\takow\AppData\Local\Temp\"/>
    <property name="com.zaxxer.hikari.pool_number" value="1"/>
    <property name="java.version" value="23.0.2"/>
    <property name="user.dir" value="C:\Users\takow\Documents\02_programming\java\shiftv1"/>
    <property name="os.arch" value="amd64"/>
    <property name="java.vm.specification.name" value="Java Virtual Machine Specification"/>
    <property name="PID" value="10272"/>
    <property name="sun.os.patch.level" value=""/>
    <property name="CONSOLE_LOG_CHARSET" value="UTF-8"/>
    <property name="native.encoding" value="MS932"/>
    <property name="java.library.path" value="C:\Program Files\Java\jdk-23\bin;C:\WINDOWS\Sun\Java\bin;C:\WINDOWS\system32;C:\WINDOWS;C:\Program Files\PowerShell\7;C:\Users\takow\AppData\Local\Temp\.tmp7hk6cO;C:\Program Files (x86)\Microsoft\Edge\Application;C:\Program Files\Java\jdk-23\bin;C:\Program Files\Java\jdk-23\bin;C:\Program Files\Java\jdk-23\bin;C:\WINDOWS\System32&quot;;C:\Program Files\Git\cmd;C:\Program Files\PowerShell\7\;C:\Program Files\cursor\resources\app\bin&quot;;C:\Program Files\Git\cmd;C:\Program Files\PowerShell\7\;C:\Program Files\cursor\resources\app\bin&quot;;C:\Program Files\Git\cmd;C:\Program Files\PowerShell\7\;C:\Program Files\cursor\resources\app\bin;C:\Users\takow\Documents\SQLite;C:\Users\takow\AppData\Local\Programs\Python\Python312\;C:\Users\takow\AppData\Local\Programs\Python\Launcher\;C:\Users\takow\AppData\Local\Microsoft\WindowsApps;C:\Users\takow\AppData\Local\Programs\Microsoft VS Code\bin;C:\Users\takow\Documents\02_programming\java\099_環境\apache-maven-3.9.9\bin;C:\Users\takow\AppData\Local\JetBrains\Toolbox\scripts;C:\Windows\System32;;c:\Users\takow\.vscode\extensions\openai.chatgpt-0.4.19-win32-x64\bin\windows-x86_64;."/>
    <property name="java.vm.info" value="mixed mode, sharing"/>
    <property name="stderr.encoding" value="MS932"/>
    <property name="java.vendor" value="Oracle Corporation"/>
    <property name="java.vm.version" value="23.0.2+7-58"/>
    <property name="sun.io.unicode.encoding" value="UnicodeLittle"/>
    <property name="java.class.version" value="67.0"/>
    <property name="LOGGED_APPLICATION_NAME" value="[Shift Scheduler Demo] "/>
  </properties>
  <testcase name="generateMonthlySchedule_respectsEmployeeConstraints" classname="com.example.shiftv1.schedule.ScheduleServiceTest" time="2.173">
    <system-out><![CDATA[15:56:04.127 [main] INFO org.springframework.test.context.support.AnnotationConfigContextLoaderUtils -- Could not detect default configuration classes for test class [com.example.shiftv1.schedule.ScheduleServiceTest]: ScheduleServiceTest does not declare any static, non-private, non-final, nested classes annotated with @Configuration.
15:56:04.379 [main] INFO org.springframework.boot.test.context.SpringBootTestContextBootstrapper -- Found @SpringBootConfiguration com.example.shiftv1.Shiftv1Application for test class com.example.shiftv1.schedule.ScheduleServiceTest

  .   ____          _            __ _ _
 /\\ / ___'_ __ _ _(_)_ __  __ _ \ \ \ \
( ( )\___ | '_ | '_| | '_ \/ _` | \ \ \ \
 \\/  ___)| |_)| | | | | || (_| |  ) ) ) )
  '  |____| .__|_| |_|_| |_\__, | / / / /
 =========|_|==============|___/=/_/_/_/
 :: Spring Boot ::                (v3.2.5)

2025-10-13T15:56:05.174+09:00  INFO 10272 --- [Shift Scheduler Demo] [           main] c.e.s.schedule.ScheduleServiceTest       : Starting ScheduleServiceTest using Java 23.0.2 with PID 10272 (started by takow in C:\Users\takow\Documents\02_programming\java\shiftv1)
2025-10-13T15:56:05.176+09:00  INFO 10272 --- [Shift Scheduler Demo] [           main] c.e.s.schedule.ScheduleServiceTest       : No active profile set, falling back to 1 default profile: "default"
2025-10-13T15:56:07.130+09:00  INFO 10272 --- [Shift Scheduler Demo] [           main] .s.d.r.c.RepositoryConfigurationDelegate : Bootstrapping Spring Data JPA repositories in DEFAULT mode.
2025-10-13T15:56:07.257+09:00  INFO 10272 --- [Shift Scheduler Demo] [           main] .s.d.r.c.RepositoryConfigurationDelegate : Finished Spring Data repository scanning in 112 ms. Found 7 JPA repository interfaces.
2025-10-13T15:56:08.887+09:00  INFO 10272 --- [Shift Scheduler Demo] [           main] o.hibernate.jpa.internal.util.LogHelper  : HHH000204: Processing PersistenceUnitInfo [name: default]
2025-10-13T15:56:09.008+09:00  INFO 10272 --- [Shift Scheduler Demo] [           main] org.hibernate.Version                    : HHH000412: Hibernate ORM core version 6.4.4.Final
2025-10-13T15:56:09.094+09:00  INFO 10272 --- [Shift Scheduler Demo] [           main] o.h.c.internal.RegionFactoryInitiator    : HHH000026: Second-level cache disabled
2025-10-13T15:56:09.565+09:00  INFO 10272 --- [Shift Scheduler Demo] [           main] o.s.o.j.p.SpringPersistenceUnitInfo      : No LoadTimeWeaver setup: ignoring JPA class transformer
2025-10-13T15:56:09.612+09:00  INFO 10272 --- [Shift Scheduler Demo] [           main] com.zaxxer.hikari.HikariDataSource       : HikariPool-1 - Starting...
2025-10-13T15:56:09.847+09:00  INFO 10272 --- [Shift Scheduler Demo] [           main] com.zaxxer.hikari.pool.HikariPool        : HikariPool-1 - Added connection org.sqlite.jdbc4.JDBC4Connection@d512c1
2025-10-13T15:56:09.851+09:00  INFO 10272 --- [Shift Scheduler Demo] [           main] com.zaxxer.hikari.HikariDataSource       : HikariPool-1 - Start completed.
2025-10-13T15:56:11.723+09:00  INFO 10272 --- [Shift Scheduler Demo] [           main] o.h.e.t.j.p.i.JtaPlatformInitiator       : HHH000489: No JTA platform available (set 'hibernate.transaction.jta.platform' to enable JTA platform integration)
2025-10-13T15:56:11.837+09:00  INFO 10272 --- [Shift Scheduler Demo] [           main] j.LocalContainerEntityManagerFactoryBean : Initialized JPA EntityManagerFactory for persistence unit 'default'
2025-10-13T15:56:12.892+09:00  INFO 10272 --- [Shift Scheduler Demo] [           main] o.s.d.j.r.query.QueryEnhancerFactory     : Hibernate is in classpath; If applicable, HQL parser will be used.
2025-10-13T15:56:14.785+09:00  WARN 10272 --- [Shift Scheduler Demo] [           main] JpaBaseConfiguration$JpaWebConfiguration : spring.jpa.open-in-view is enabled by default. Therefore, database queries may be performed during view rendering. Explicitly configure spring.jpa.open-in-view to disable this warning
2025-10-13T15:56:16.148+09:00  INFO 10272 --- [Shift Scheduler Demo] [           main] o.s.b.a.e.web.EndpointLinksResolver      : Exposing 1 endpoint(s) beneath base path '/actuator'
2025-10-13T15:56:16.340+09:00  INFO 10272 --- [Shift Scheduler Demo] [           main] o.s.s.web.DefaultSecurityFilterChain     : Will secure any request with [org.springframework.security.web.session.DisableEncodeUrlFilter@406a54a2, org.springframework.security.web.context.request.async.WebAsyncManagerIntegrationFilter@49a777ee, org.springframework.security.web.context.SecurityContextHolderFilter@250e2047, org.springframework.security.web.header.HeaderWriterFilter@3b69bffe, org.springframework.web.filter.CorsFilter@6c5ebad, org.springframework.security.web.authentication.logout.LogoutFilter@2133c523, org.springframework.security.web.authentication.UsernamePasswordAuthenticationFilter@b8b6de6, org.springframework.security.web.savedrequest.RequestCacheAwareFilter@69696aba, org.springframework.security.web.servletapi.SecurityContextHolderAwareRequestFilter@52c94e6d, org.springframework.security.web.authentication.AnonymousAuthenticationFilter@2901e61e, org.springframework.security.web.session.SessionManagementFilter@bac9c81, org.springframework.security.web.access.ExceptionTranslationFilter@39133ce1, org.springframework.security.web.access.intercept.AuthorizationFilter@61772cb7]
2025-10-13T15:56:17.526+09:00  INFO 10272 --- [Shift Scheduler Demo] [           main] c.e.s.schedule.ScheduleServiceTest       : Started ScheduleServiceTest in 12.918 seconds (process running for 14.749)
2025-10-13T15:56:17.909+09:00 DEBUG 10272 --- [Shift Scheduler Demo] [           main] org.hibernate.SQL                        : select u1_0.id from users u1_0 where u1_0.username=? limit ?
Hibernate: select u1_0.id from users u1_0 where u1_0.username=? limit ?
2025-10-13T15:56:17.935+09:00 DEBUG 10272 --- [Shift Scheduler Demo] [           main] org.hibernate.SQL                        : select u1_0.id from users u1_0 where u1_0.username=? limit ?
Hibernate: select u1_0.id from users u1_0 where u1_0.username=? limit ?
2025-10-13T15:56:17.936+09:00  INFO 10272 --- [Shift Scheduler Demo] [           main] c.e.shiftv1.auth.UserDataInitializer     : ユーザーデータの初期化が完了しました
2025-10-13T15:56:17.970+09:00 DEBUG 10272 --- [Shift Scheduler Demo] [           main] org.hibernate.SQL                        : select count(*) from employee_constraints ec1_0
Hibernate: select count(*) from employee_constraints ec1_0
2025-10-13T15:56:17.973+09:00  INFO 10272 --- [Shift Scheduler Demo] [           main] c.e.s.c.ConstraintDataInitializer        : 制約データは既に存在します
2025-10-13T15:56:17.976+09:00 DEBUG 10272 --- [Shift Scheduler Demo] [           main] org.hibernate.SQL                        : select sc1_0.id from shift_config sc1_0 where sc1_0.name=? limit ?
Hibernate: select sc1_0.id from shift_config sc1_0 where sc1_0.name=? limit ?
2025-10-13T15:56:17.979+09:00 DEBUG 10272 --- [Shift Scheduler Demo] [           main] org.hibernate.SQL                        : select sc1_0.id from shift_config sc1_0 where sc1_0.name=? limit ?
Hibernate: select sc1_0.id from shift_config sc1_0 where sc1_0.name=? limit ?
2025-10-13T15:56:17.981+09:00 DEBUG 10272 --- [Shift Scheduler Demo] [           main] org.hibernate.SQL                        : select sc1_0.id from shift_config sc1_0 where sc1_0.name=? limit ?
Hibernate: select sc1_0.id from shift_config sc1_0 where sc1_0.name=? limit ?
2025-10-13T15:56:17.982+09:00  INFO 10272 --- [Shift Scheduler Demo] [           main] c.e.s.config.ShiftConfigDataInitializer  : シフト設定データの初期化が完了しました
2025-10-13T15:56:17.984+09:00 DEBUG 10272 --- [Shift Scheduler Demo] [           main] org.hibernate.SQL                        : select count(*) from shift_change_requests scr1_0
Hibernate: select count(*) from shift_change_requests scr1_0
2025-10-13T15:56:17.985+09:00  INFO 10272 --- [Shift Scheduler Demo] [           main] c.e.s.s.ShiftChangeDataInitializer       : シフト変更申請データは既に存在します
2025-10-13T15:56:18.749+09:00 DEBUG 10272 --- [Shift Scheduler Demo] [           main] org.hibernate.SQL                        : select sa1_0.id,sa1_0.employee_id,sa1_0.end_time,sa1_0.shift_name,sa1_0.start_time,sa1_0.work_date from shift_assignments sa1_0
Hibernate: select sa1_0.id,sa1_0.employee_id,sa1_0.end_time,sa1_0.shift_name,sa1_0.start_time,sa1_0.work_date from shift_assignments sa1_0
2025-10-13T15:56:19.058+09:00 DEBUG 10272 --- [Shift Scheduler Demo] [           main] org.hibernate.SQL                        : select ec1_0.id,ec1_0.is_active,ec1_0.created_at,ec1_0.date,ec1_0.employee_id,ec1_0.end_time,ec1_0.reason,ec1_0.start_time,ec1_0.type,ec1_0.updated_at from employee_constraints ec1_0
Hibernate: select ec1_0.id,ec1_0.is_active,ec1_0.created_at,ec1_0.date,ec1_0.employee_id,ec1_0.end_time,ec1_0.reason,ec1_0.start_time,ec1_0.type,ec1_0.updated_at from employee_constraints ec1_0
2025-10-13T15:56:19.089+09:00 DEBUG 10272 --- [Shift Scheduler Demo] [           main] org.hibernate.SQL                        : select e1_0.id,e1_0.created_at,e1_0.name,e1_0.role from employees e1_0
Hibernate: select e1_0.id,e1_0.created_at,e1_0.name,e1_0.role from employees e1_0
2025-10-13T15:56:19.221+09:00 DEBUG 10272 --- [Shift Scheduler Demo] [           main] org.hibernate.SQL                        : insert into employee_constraints (is_active,created_at,date,employee_id,end_time,reason,start_time,type,updated_at) values (?,?,?,?,?,?,?,?,?)
Hibernate: insert into employee_constraints (is_active,created_at,date,employee_id,end_time,reason,start_time,type,updated_at) values (?,?,?,?,?,?,?,?,?)
2025-10-13T15:56:19.230+09:00 DEBUG 10272 --- [Shift Scheduler Demo] [           main] org.hibernate.SQL                        : select last_insert_rowid()
Hibernate: select last_insert_rowid()
2025-10-13T15:56:19.237+09:00 DEBUG 10272 --- [Shift Scheduler Demo] [           main] org.hibernate.SQL                        : insert into employee_constraints (is_active,created_at,date,employee_id,end_time,reason,start_time,type,updated_at) values (?,?,?,?,?,?,?,?,?)
Hibernate: insert into employee_constraints (is_active,created_at,date,employee_id,end_time,reason,start_time,type,updated_at) values (?,?,?,?,?,?,?,?,?)
2025-10-13T15:56:19.238+09:00 DEBUG 10272 --- [Shift Scheduler Demo] [           main] org.hibernate.SQL                        : select last_insert_rowid()
Hibernate: select last_insert_rowid()
2025-10-13T15:56:19.245+09:00  INFO 10272 --- [Shift Scheduler Demo] [           main] c.e.shiftv1.schedule.ScheduleService     : シフト生成を開始します: 2024年7月
2025-10-13T15:56:19.252+09:00 DEBUG 10272 --- [Shift Scheduler Demo] [           main] org.hibernate.SQL                        : select e1_0.id,e1_0.created_at,e1_0.name,e1_0.role from employees e1_0
Hibernate: select e1_0.id,e1_0.created_at,e1_0.name,e1_0.role from employees e1_0
2025-10-13T15:56:19.268+09:00 DEBUG 10272 --- [Shift Scheduler Demo] [           main] org.hibernate.SQL                        : delete from shift_assignments where id=?
Hibernate: delete from shift_assignments where id=?
2025-10-13T15:56:19.273+09:00 DEBUG 10272 --- [Shift Scheduler Demo] [           main] org.hibernate.SQL                        : delete from shift_assignments where id=?
Hibernate: delete from shift_assignments where id=?
2025-10-13T15:56:19.275+09:00 DEBUG 10272 --- [Shift Scheduler Demo] [           main] org.hibernate.SQL                        : delete from shift_assignments where id=?
Hibernate: delete from shift_assignments where id=?
2025-10-13T15:56:19.276+09:00 DEBUG 10272 --- [Shift Scheduler Demo] [           main] org.hibernate.SQL                        : delete from shift_assignments where id=?
Hibernate: delete from shift_assignments where id=?
2025-10-13T15:56:19.276+09:00 DEBUG 10272 --- [Shift Scheduler Demo] [           main] org.hibernate.SQL                        : delete from shift_assignments where id=?
Hibernate: delete from shift_assignments where id=?
2025-10-13T15:56:19.277+09:00 DEBUG 10272 --- [Shift Scheduler Demo] [           main] org.hibernate.SQL                        : delete from shift_assignments where id=?
Hibernate: delete from shift_assignments where id=?
2025-10-13T15:56:19.277+09:00 DEBUG 10272 --- [Shift Scheduler Demo] [           main] org.hibernate.SQL                        : delete from shift_assignments where id=?
Hibernate: delete from shift_assignments where id=?
2025-10-13T15:56:19.278+09:00 DEBUG 10272 --- [Shift Scheduler Demo] [           main] org.hibernate.SQL                        : delete from shift_assignments where id=?
Hibernate: delete from shift_assignments where id=?
2025-10-13T15:56:19.278+09:00 DEBUG 10272 --- [Shift Scheduler Demo] [           main] org.hibernate.SQL                        : delete from shift_assignments where id=?
Hibernate: delete from shift_assignments where id=?
2025-10-13T15:56:19.278+09:00 DEBUG 10272 --- [Shift Scheduler Demo] [           main] org.hibernate.SQL                        : delete from shift_assignments where id=?
Hibernate: delete from shift_assignments where id=?
2025-10-13T15:56:19.279+09:00 DEBUG 10272 --- [Shift Scheduler Demo] [           main] org.hibernate.SQL                        : delete from shift_assignments where id=?
Hibernate: delete from shift_assignments where id=?
2025-10-13T15:56:19.279+09:00 DEBUG 10272 --- [Shift Scheduler Demo] [           main] org.hibernate.SQL                        : delete from shift_assignments where id=?
Hibernate: delete from shift_assignments where id=?
2025-10-13T15:56:19.280+09:00 DEBUG 10272 --- [Shift Scheduler Demo] [           main] org.hibernate.SQL                        : delete from shift_assignments where id=?
Hibernate: delete from shift_assignments where id=?
2025-10-13T15:56:19.280+09:00 DEBUG 10272 --- [Shift Scheduler Demo] [           main] org.hibernate.SQL                        : delete from shift_assignments where id=?
Hibernate: delete from shift_assignments where id=?
2025-10-13T15:56:19.280+09:00 DEBUG 10272 --- [Shift Scheduler Demo] [           main] org.hibernate.SQL                        : delete from shift_assignments where id=?
Hibernate: delete from shift_assignments where id=?
2025-10-13T15:56:19.281+09:00 DEBUG 10272 --- [Shift Scheduler Demo] [           main] org.hibernate.SQL                        : delete from shift_assignments where id=?
Hibernate: delete from shift_assignments where id=?
2025-10-13T15:56:19.281+09:00 DEBUG 10272 --- [Shift Scheduler Demo] [           main] org.hibernate.SQL                        : delete from shift_assignments where id=?
Hibernate: delete from shift_assignments where id=?
2025-10-13T15:56:19.282+09:00 DEBUG 10272 --- [Shift Scheduler Demo] [           main] org.hibernate.SQL                        : delete from shift_assignments where id=?
Hibernate: delete from shift_assignments where id=?
2025-10-13T15:56:19.282+09:00 DEBUG 10272 --- [Shift Scheduler Demo] [           main] org.hibernate.SQL                        : delete from shift_assignments where id=?
Hibernate: delete from shift_assignments where id=?
2025-10-13T15:56:19.282+09:00 DEBUG 10272 --- [Shift Scheduler Demo] [           main] org.hibernate.SQL                        : delete from shift_assignments where id=?
Hibernate: delete from shift_assignments where id=?
2025-10-13T15:56:19.283+09:00 DEBUG 10272 --- [Shift Scheduler Demo] [           main] org.hibernate.SQL                        : delete from shift_assignments where id=?
Hibernate: delete from shift_assignments where id=?
2025-10-13T15:56:19.283+09:00 DEBUG 10272 --- [Shift Scheduler Demo] [           main] org.hibernate.SQL                        : delete from shift_assignments where id=?
Hibernate: delete from shift_assignments where id=?
2025-10-13T15:56:19.284+09:00 DEBUG 10272 --- [Shift Scheduler Demo] [           main] org.hibernate.SQL                        : delete from shift_assignments where id=?
Hibernate: delete from shift_assignments where id=?
2025-10-13T15:56:19.284+09:00 DEBUG 10272 --- [Shift Scheduler Demo] [           main] org.hibernate.SQL                        : delete from shift_assignments where id=?
Hibernate: delete from shift_assignments where id=?
2025-10-13T15:56:19.285+09:00 DEBUG 10272 --- [Shift Scheduler Demo] [           main] org.hibernate.SQL                        : delete from shift_assignments where id=?
Hibernate: delete from shift_assignments where id=?
2025-10-13T15:56:19.286+09:00 DEBUG 10272 --- [Shift Scheduler Demo] [           main] org.hibernate.SQL                        : delete from shift_assignments where id=?
Hibernate: delete from shift_assignments where id=?
2025-10-13T15:56:19.286+09:00 DEBUG 10272 --- [Shift Scheduler Demo] [           main] org.hibernate.SQL                        : delete from shift_assignments where id=?
Hibernate: delete from shift_assignments where id=?
2025-10-13T15:56:19.287+09:00 DEBUG 10272 --- [Shift Scheduler Demo] [           main] org.hibernate.SQL                        : delete from shift_assignments where id=?
Hibernate: delete from shift_assignments where id=?
2025-10-13T15:56:19.287+09:00 DEBUG 10272 --- [Shift Scheduler Demo] [           main] org.hibernate.SQL                        : delete from shift_assignments where id=?
Hibernate: delete from shift_assignments where id=?
2025-10-13T15:56:19.288+09:00 DEBUG 10272 --- [Shift Scheduler Demo] [           main] org.hibernate.SQL                        : delete from shift_assignments where id=?
Hibernate: delete from shift_assignments where id=?
2025-10-13T15:56:19.288+09:00 DEBUG 10272 --- [Shift Scheduler Demo] [           main] org.hibernate.SQL                        : delete from shift_assignments where id=?
Hibernate: delete from shift_assignments where id=?
2025-10-13T15:56:19.288+09:00 DEBUG 10272 --- [Shift Scheduler Demo] [           main] org.hibernate.SQL                        : delete from shift_assignments where id=?
Hibernate: delete from shift_assignments where id=?
2025-10-13T15:56:19.289+09:00 DEBUG 10272 --- [Shift Scheduler Demo] [           main] org.hibernate.SQL                        : delete from shift_assignments where id=?
Hibernate: delete from shift_assignments where id=?
2025-10-13T15:56:19.289+09:00 DEBUG 10272 --- [Shift Scheduler Demo] [           main] org.hibernate.SQL                        : delete from shift_assignments where id=?
Hibernate: delete from shift_assignments where id=?
2025-10-13T15:56:19.290+09:00 DEBUG 10272 --- [Shift Scheduler Demo] [           main] org.hibernate.SQL                        : delete from shift_assignments where id=?
Hibernate: delete from shift_assignments where id=?
2025-10-13T15:56:19.291+09:00 DEBUG 10272 --- [Shift Scheduler Demo] [           main] org.hibernate.SQL                        : delete from shift_assignments where id=?
Hibernate: delete from shift_assignments where id=?
2025-10-13T15:56:19.292+09:00 DEBUG 10272 --- [Shift Scheduler Demo] [           main] org.hibernate.SQL                        : delete from shift_assignments where id=?
Hibernate: delete from shift_assignments where id=?
2025-10-13T15:56:19.293+09:00 DEBUG 10272 --- [Shift Scheduler Demo] [           main] org.hibernate.SQL                        : delete from shift_assignments where id=?
Hibernate: delete from shift_assignments where id=?
2025-10-13T15:56:19.293+09:00 DEBUG 10272 --- [Shift Scheduler Demo] [           main] org.hibernate.SQL                        : delete from shift_assignments where id=?
Hibernate: delete from shift_assignments where id=?
2025-10-13T15:56:19.294+09:00 DEBUG 10272 --- [Shift Scheduler Demo] [           main] org.hibernate.SQL                        : delete from shift_assignments where id=?
Hibernate: delete from shift_assignments where id=?
2025-10-13T15:56:19.294+09:00 DEBUG 10272 --- [Shift Scheduler Demo] [           main] org.hibernate.SQL                        : delete from shift_assignments where id=?
Hibernate: delete from shift_assignments where id=?
2025-10-13T15:56:19.295+09:00 DEBUG 10272 --- [Shift Scheduler Demo] [           main] org.hibernate.SQL                        : delete from shift_assignments where id=?
Hibernate: delete from shift_assignments where id=?
2025-10-13T15:56:19.295+09:00 DEBUG 10272 --- [Shift Scheduler Demo] [           main] org.hibernate.SQL                        : delete from shift_assignments where id=?
Hibernate: delete from shift_assignments where id=?
2025-10-13T15:56:19.295+09:00 DEBUG 10272 --- [Shift Scheduler Demo] [           main] org.hibernate.SQL                        : delete from shift_assignments where id=?
Hibernate: delete from shift_assignments where id=?
2025-10-13T15:56:19.296+09:00 DEBUG 10272 --- [Shift Scheduler Demo] [           main] org.hibernate.SQL                        : delete from shift_assignments where id=?
Hibernate: delete from shift_assignments where id=?
2025-10-13T15:56:19.296+09:00 DEBUG 10272 --- [Shift Scheduler Demo] [           main] org.hibernate.SQL                        : delete from shift_assignments where id=?
Hibernate: delete from shift_assignments where id=?
2025-10-13T15:56:19.297+09:00 DEBUG 10272 --- [Shift Scheduler Demo] [           main] org.hibernate.SQL                        : delete from shift_assignments where id=?
Hibernate: delete from shift_assignments where id=?
2025-10-13T15:56:19.297+09:00 DEBUG 10272 --- [Shift Scheduler Demo] [           main] org.hibernate.SQL                        : delete from shift_assignments where id=?
Hibernate: delete from shift_assignments where id=?
2025-10-13T15:56:19.298+09:00 DEBUG 10272 --- [Shift Scheduler Demo] [           main] org.hibernate.SQL                        : delete from shift_assignments where id=?
Hibernate: delete from shift_assignments where id=?
2025-10-13T15:56:19.299+09:00 DEBUG 10272 --- [Shift Scheduler Demo] [           main] org.hibernate.SQL                        : delete from shift_assignments where id=?
Hibernate: delete from shift_assignments where id=?
2025-10-13T15:56:19.299+09:00 DEBUG 10272 --- [Shift Scheduler Demo] [           main] org.hibernate.SQL                        : delete from shift_assignments where id=?
Hibernate: delete from shift_assignments where id=?
2025-10-13T15:56:19.300+09:00 DEBUG 10272 --- [Shift Scheduler Demo] [           main] org.hibernate.SQL                        : delete from shift_assignments where id=?
Hibernate: delete from shift_assignments where id=?
2025-10-13T15:56:19.300+09:00 DEBUG 10272 --- [Shift Scheduler Demo] [           main] org.hibernate.SQL                        : delete from shift_assignments where id=?
Hibernate: delete from shift_assignments where id=?
2025-10-13T15:56:19.301+09:00 DEBUG 10272 --- [Shift Scheduler Demo] [           main] org.hibernate.SQL                        : delete from shift_assignments where id=?
Hibernate: delete from shift_assignments where id=?
2025-10-13T15:56:19.301+09:00 DEBUG 10272 --- [Shift Scheduler Demo] [           main] org.hibernate.SQL                        : delete from shift_assignments where id=?
Hibernate: delete from shift_assignments where id=?
2025-10-13T15:56:19.302+09:00 DEBUG 10272 --- [Shift Scheduler Demo] [           main] org.hibernate.SQL                        : delete from shift_assignments where id=?
Hibernate: delete from shift_assignments where id=?
2025-10-13T15:56:19.302+09:00 DEBUG 10272 --- [Shift Scheduler Demo] [           main] org.hibernate.SQL                        : delete from shift_assignments where id=?
Hibernate: delete from shift_assignments where id=?
2025-10-13T15:56:19.303+09:00 DEBUG 10272 --- [Shift Scheduler Demo] [           main] org.hibernate.SQL                        : delete from shift_assignments where id=?
Hibernate: delete from shift_assignments where id=?
2025-10-13T15:56:19.304+09:00 DEBUG 10272 --- [Shift Scheduler Demo] [           main] org.hibernate.SQL                        : delete from shift_assignments where id=?
Hibernate: delete from shift_assignments where id=?
2025-10-13T15:56:19.304+09:00 DEBUG 10272 --- [Shift Scheduler Demo] [           main] org.hibernate.SQL                        : delete from shift_assignments where id=?
Hibernate: delete from shift_assignments where id=?
2025-10-13T15:56:19.304+09:00 DEBUG 10272 --- [Shift Scheduler Demo] [           main] org.hibernate.SQL                        : delete from shift_assignments where id=?
Hibernate: delete from shift_assignments where id=?
2025-10-13T15:56:19.305+09:00 DEBUG 10272 --- [Shift Scheduler Demo] [           main] org.hibernate.SQL                        : delete from shift_assignments where id=?
Hibernate: delete from shift_assignments where id=?
2025-10-13T15:56:19.306+09:00 DEBUG 10272 --- [Shift Scheduler Demo] [           main] org.hibernate.SQL                        : delete from shift_assignments where id=?
Hibernate: delete from shift_assignments where id=?
2025-10-13T15:56:19.309+09:00 DEBUG 10272 --- [Shift Scheduler Demo] [           main] org.hibernate.SQL                        : delete from shift_assignments where id=?
Hibernate: delete from shift_assignments where id=?
2025-10-13T15:56:19.311+09:00 DEBUG 10272 --- [Shift Scheduler Demo] [           main] org.hibernate.SQL                        : delete from shift_assignments where id=?
Hibernate: delete from shift_assignments where id=?
2025-10-13T15:56:19.312+09:00 DEBUG 10272 --- [Shift Scheduler Demo] [           main] org.hibernate.SQL                        : delete from shift_assignments where id=?
Hibernate: delete from shift_assignments where id=?
2025-10-13T15:56:19.313+09:00 DEBUG 10272 --- [Shift Scheduler Demo] [           main] org.hibernate.SQL                        : delete from shift_assignments where id=?
Hibernate: delete from shift_assignments where id=?
2025-10-13T15:56:19.314+09:00 DEBUG 10272 --- [Shift Scheduler Demo] [           main] org.hibernate.SQL                        : delete from shift_assignments where id=?
Hibernate: delete from shift_assignments where id=?
2025-10-13T15:56:19.314+09:00 DEBUG 10272 --- [Shift Scheduler Demo] [           main] org.hibernate.SQL                        : delete from shift_assignments where id=?
Hibernate: delete from shift_assignments where id=?
2025-10-13T15:56:19.315+09:00 DEBUG 10272 --- [Shift Scheduler Demo] [           main] org.hibernate.SQL                        : delete from shift_assignments where id=?
Hibernate: delete from shift_assignments where id=?
2025-10-13T15:56:19.315+09:00 DEBUG 10272 --- [Shift Scheduler Demo] [           main] org.hibernate.SQL                        : delete from shift_assignments where id=?
Hibernate: delete from shift_assignments where id=?
2025-10-13T15:56:19.316+09:00 DEBUG 10272 --- [Shift Scheduler Demo] [           main] org.hibernate.SQL                        : delete from shift_assignments where id=?
Hibernate: delete from shift_assignments where id=?
2025-10-13T15:56:19.316+09:00 DEBUG 10272 --- [Shift Scheduler Demo] [           main] org.hibernate.SQL                        : delete from shift_assignments where id=?
Hibernate: delete from shift_assignments where id=?
2025-10-13T15:56:19.317+09:00 DEBUG 10272 --- [Shift Scheduler Demo] [           main] org.hibernate.SQL                        : delete from shift_assignments where id=?
Hibernate: delete from shift_assignments where id=?
2025-10-13T15:56:19.317+09:00 DEBUG 10272 --- [Shift Scheduler Demo] [           main] org.hibernate.SQL                        : delete from shift_assignments where id=?
Hibernate: delete from shift_assignments where id=?
2025-10-13T15:56:19.318+09:00 DEBUG 10272 --- [Shift Scheduler Demo] [           main] org.hibernate.SQL                        : delete from shift_assignments where id=?
Hibernate: delete from shift_assignments where id=?
2025-10-13T15:56:19.318+09:00 DEBUG 10272 --- [Shift Scheduler Demo] [           main] org.hibernate.SQL                        : delete from shift_assignments where id=?
Hibernate: delete from shift_assignments where id=?
2025-10-13T15:56:19.319+09:00 DEBUG 10272 --- [Shift Scheduler Demo] [           main] org.hibernate.SQL                        : delete from shift_assignments where id=?
Hibernate: delete from shift_assignments where id=?
2025-10-13T15:56:19.319+09:00 DEBUG 10272 --- [Shift Scheduler Demo] [           main] org.hibernate.SQL                        : delete from shift_assignments where id=?
Hibernate: delete from shift_assignments where id=?
2025-10-13T15:56:19.320+09:00 DEBUG 10272 --- [Shift Scheduler Demo] [           main] org.hibernate.SQL                        : delete from shift_assignments where id=?
Hibernate: delete from shift_assignments where id=?
2025-10-13T15:56:19.320+09:00 DEBUG 10272 --- [Shift Scheduler Demo] [           main] org.hibernate.SQL                        : delete from shift_assignments where id=?
Hibernate: delete from shift_assignments where id=?
2025-10-13T15:56:19.320+09:00 DEBUG 10272 --- [Shift Scheduler Demo] [           main] org.hibernate.SQL                        : delete from shift_assignments where id=?
Hibernate: delete from shift_assignments where id=?
2025-10-13T15:56:19.321+09:00 DEBUG 10272 --- [Shift Scheduler Demo] [           main] org.hibernate.SQL                        : delete from shift_assignments where id=?
Hibernate: delete from shift_assignments where id=?
2025-10-13T15:56:19.321+09:00 DEBUG 10272 --- [Shift Scheduler Demo] [           main] org.hibernate.SQL                        : delete from shift_assignments where id=?
Hibernate: delete from shift_assignments where id=?
2025-10-13T15:56:19.322+09:00 DEBUG 10272 --- [Shift Scheduler Demo] [           main] org.hibernate.SQL                        : delete from shift_assignments where id=?
Hibernate: delete from shift_assignments where id=?
2025-10-13T15:56:19.322+09:00 DEBUG 10272 --- [Shift Scheduler Demo] [           main] org.hibernate.SQL                        : delete from shift_assignments where id=?
Hibernate: delete from shift_assignments where id=?
2025-10-13T15:56:19.323+09:00 DEBUG 10272 --- [Shift Scheduler Demo] [           main] org.hibernate.SQL                        : delete from shift_assignments where id=?
Hibernate: delete from shift_assignments where id=?
2025-10-13T15:56:19.324+09:00 DEBUG 10272 --- [Shift Scheduler Demo] [           main] org.hibernate.SQL                        : delete from shift_assignments where id=?
Hibernate: delete from shift_assignments where id=?
2025-10-13T15:56:19.326+09:00 DEBUG 10272 --- [Shift Scheduler Demo] [           main] org.hibernate.SQL                        : delete from shift_assignments where id=?
Hibernate: delete from shift_assignments where id=?
2025-10-13T15:56:19.326+09:00 DEBUG 10272 --- [Shift Scheduler Demo] [           main] org.hibernate.SQL                        : delete from shift_assignments where id=?
Hibernate: delete from shift_assignments where id=?
2025-10-13T15:56:19.327+09:00 DEBUG 10272 --- [Shift Scheduler Demo] [           main] org.hibernate.SQL                        : delete from shift_assignments where id=?
Hibernate: delete from shift_assignments where id=?
2025-10-13T15:56:19.328+09:00 DEBUG 10272 --- [Shift Scheduler Demo] [           main] org.hibernate.SQL                        : delete from shift_assignments where id=?
Hibernate: delete from shift_assignments where id=?
2025-10-13T15:56:19.328+09:00 DEBUG 10272 --- [Shift Scheduler Demo] [           main] org.hibernate.SQL                        : delete from shift_assignments where id=?
Hibernate: delete from shift_assignments where id=?
2025-10-13T15:56:19.329+09:00 DEBUG 10272 --- [Shift Scheduler Demo] [           main] org.hibernate.SQL                        : delete from shift_assignments where id=?
Hibernate: delete from shift_assignments where id=?
2025-10-13T15:56:19.329+09:00 DEBUG 10272 --- [Shift Scheduler Demo] [           main] org.hibernate.SQL                        : delete from shift_assignments where id=?
Hibernate: delete from shift_assignments where id=?
2025-10-13T15:56:19.330+09:00 DEBUG 10272 --- [Shift Scheduler Demo] [           main] org.hibernate.SQL                        : delete from shift_assignments where id=?
Hibernate: delete from shift_assignments where id=?
2025-10-13T15:56:19.330+09:00 DEBUG 10272 --- [Shift Scheduler Demo] [           main] org.hibernate.SQL                        : delete from shift_assignments where id=?
Hibernate: delete from shift_assignments where id=?
2025-10-13T15:56:19.330+09:00 DEBUG 10272 --- [Shift Scheduler Demo] [           main] org.hibernate.SQL                        : delete from shift_assignments where id=?
Hibernate: delete from shift_assignments where id=?
2025-10-13T15:56:19.331+09:00 DEBUG 10272 --- [Shift Scheduler Demo] [           main] org.hibernate.SQL                        : delete from shift_assignments where id=?
Hibernate: delete from shift_assignments where id=?
2025-10-13T15:56:19.331+09:00 DEBUG 10272 --- [Shift Scheduler Demo] [           main] org.hibernate.SQL                        : delete from shift_assignments where id=?
Hibernate: delete from shift_assignments where id=?
2025-10-13T15:56:19.332+09:00 DEBUG 10272 --- [Shift Scheduler Demo] [           main] org.hibernate.SQL                        : delete from shift_assignments where id=?
Hibernate: delete from shift_assignments where id=?
2025-10-13T15:56:19.332+09:00 DEBUG 10272 --- [Shift Scheduler Demo] [           main] org.hibernate.SQL                        : delete from shift_assignments where id=?
Hibernate: delete from shift_assignments where id=?
2025-10-13T15:56:19.332+09:00 DEBUG 10272 --- [Shift Scheduler Demo] [           main] org.hibernate.SQL                        : delete from shift_assignments where id=?
Hibernate: delete from shift_assignments where id=?
2025-10-13T15:56:19.333+09:00 DEBUG 10272 --- [Shift Scheduler Demo] [           main] org.hibernate.SQL                        : delete from shift_assignments where id=?
Hibernate: delete from shift_assignments where id=?
2025-10-13T15:56:19.333+09:00 DEBUG 10272 --- [Shift Scheduler Demo] [           main] org.hibernate.SQL                        : delete from shift_assignments where id=?
Hibernate: delete from shift_assignments where id=?
2025-10-13T15:56:19.333+09:00 DEBUG 10272 --- [Shift Scheduler Demo] [           main] org.hibernate.SQL                        : delete from shift_assignments where id=?
Hibernate: delete from shift_assignments where id=?
2025-10-13T15:56:19.334+09:00 DEBUG 10272 --- [Shift Scheduler Demo] [           main] org.hibernate.SQL                        : delete from shift_assignments where id=?
Hibernate: delete from shift_assignments where id=?
2025-10-13T15:56:19.334+09:00 DEBUG 10272 --- [Shift Scheduler Demo] [           main] org.hibernate.SQL                        : delete from shift_assignments where id=?
Hibernate: delete from shift_assignments where id=?
2025-10-13T15:56:19.335+09:00 DEBUG 10272 --- [Shift Scheduler Demo] [           main] org.hibernate.SQL                        : delete from shift_assignments where id=?
Hibernate: delete from shift_assignments where id=?
2025-10-13T15:56:19.336+09:00 DEBUG 10272 --- [Shift Scheduler Demo] [           main] org.hibernate.SQL                        : delete from shift_assignments where id=?
Hibernate: delete from shift_assignments where id=?
2025-10-13T15:56:19.336+09:00 DEBUG 10272 --- [Shift Scheduler Demo] [           main] org.hibernate.SQL                        : delete from shift_assignments where id=?
Hibernate: delete from shift_assignments where id=?
2025-10-13T15:56:19.336+09:00 DEBUG 10272 --- [Shift Scheduler Demo] [           main] org.hibernate.SQL                        : delete from shift_assignments where id=?
Hibernate: delete from shift_assignments where id=?
2025-10-13T15:56:19.337+09:00 DEBUG 10272 --- [Shift Scheduler Demo] [           main] org.hibernate.SQL                        : delete from shift_assignments where id=?
Hibernate: delete from shift_assignments where id=?
2025-10-13T15:56:19.338+09:00 DEBUG 10272 --- [Shift Scheduler Demo] [           main] org.hibernate.SQL                        : delete from shift_assignments where id=?
Hibernate: delete from shift_assignments where id=?
2025-10-13T15:56:19.341+09:00 DEBUG 10272 --- [Shift Scheduler Demo] [           main] org.hibernate.SQL                        : delete from shift_assignments where id=?
Hibernate: delete from shift_assignments where id=?
2025-10-13T15:56:19.343+09:00 DEBUG 10272 --- [Shift Scheduler Demo] [           main] org.hibernate.SQL                        : delete from shift_assignments where id=?
Hibernate: delete from shift_assignments where id=?
2025-10-13T15:56:19.345+09:00 DEBUG 10272 --- [Shift Scheduler Demo] [           main] org.hibernate.SQL                        : delete from shift_assignments where id=?
Hibernate: delete from shift_assignments where id=?
2025-10-13T15:56:19.346+09:00 DEBUG 10272 --- [Shift Scheduler Demo] [           main] org.hibernate.SQL                        : delete from shift_assignments where id=?
Hibernate: delete from shift_assignments where id=?
2025-10-13T15:56:19.349+09:00 DEBUG 10272 --- [Shift Scheduler Demo] [           main] org.hibernate.SQL                        : delete from shift_assignments where id=?
Hibernate: delete from shift_assignments where id=?
2025-10-13T15:56:19.349+09:00 DEBUG 10272 --- [Shift Scheduler Demo] [           main] org.hibernate.SQL                        : delete from shift_assignments where id=?
Hibernate: delete from shift_assignments where id=?
2025-10-13T15:56:19.349+09:00 DEBUG 10272 --- [Shift Scheduler Demo] [           main] org.hibernate.SQL                        : delete from shift_assignments where id=?
Hibernate: delete from shift_assignments where id=?
2025-10-13T15:56:19.350+09:00 DEBUG 10272 --- [Shift Scheduler Demo] [           main] org.hibernate.SQL                        : delete from shift_assignments where id=?
Hibernate: delete from shift_assignments where id=?
2025-10-13T15:56:19.350+09:00 DEBUG 10272 --- [Shift Scheduler Demo] [           main] org.hibernate.SQL                        : delete from shift_assignments where id=?
Hibernate: delete from shift_assignments where id=?
2025-10-13T15:56:19.351+09:00 DEBUG 10272 --- [Shift Scheduler Demo] [           main] org.hibernate.SQL                        : delete from shift_assignments where id=?
Hibernate: delete from shift_assignments where id=?
2025-10-13T15:56:19.351+09:00 DEBUG 10272 --- [Shift Scheduler Demo] [           main] org.hibernate.SQL                        : delete from shift_assignments where id=?
Hibernate: delete from shift_assignments where id=?
2025-10-13T15:56:19.351+09:00 DEBUG 10272 --- [Shift Scheduler Demo] [           main] org.hibernate.SQL                        : delete from shift_assignments where id=?
Hibernate: delete from shift_assignments where id=?
2025-10-13T15:56:19.352+09:00 DEBUG 10272 --- [Shift Scheduler Demo] [           main] org.hibernate.SQL                        : delete from shift_assignments where id=?
Hibernate: delete from shift_assignments where id=?
2025-10-13T15:56:19.353+09:00 DEBUG 10272 --- [Shift Scheduler Demo] [           main] org.hibernate.SQL                        : delete from shift_assignments where id=?
Hibernate: delete from shift_assignments where id=?
2025-10-13T15:56:19.353+09:00 DEBUG 10272 --- [Shift Scheduler Demo] [           main] org.hibernate.SQL                        : delete from shift_assignments where id=?
Hibernate: delete from shift_assignments where id=?
2025-10-13T15:56:19.353+09:00 DEBUG 10272 --- [Shift Scheduler Demo] [           main] org.hibernate.SQL                        : delete from shift_assignments where id=?
Hibernate: delete from shift_assignments where id=?
2025-10-13T15:56:19.354+09:00 DEBUG 10272 --- [Shift Scheduler Demo] [           main] org.hibernate.SQL                        : delete from shift_assignments where id=?
Hibernate: delete from shift_assignments where id=?
2025-10-13T15:56:19.354+09:00 DEBUG 10272 --- [Shift Scheduler Demo] [           main] org.hibernate.SQL                        : delete from shift_assignments where id=?
Hibernate: delete from shift_assignments where id=?
2025-10-13T15:56:19.355+09:00 DEBUG 10272 --- [Shift Scheduler Demo] [           main] org.hibernate.SQL                        : delete from shift_assignments where id=?
Hibernate: delete from shift_assignments where id=?
2025-10-13T15:56:19.355+09:00 DEBUG 10272 --- [Shift Scheduler Demo] [           main] org.hibernate.SQL                        : delete from shift_assignments where id=?
Hibernate: delete from shift_assignments where id=?
2025-10-13T15:56:19.355+09:00 DEBUG 10272 --- [Shift Scheduler Demo] [           main] org.hibernate.SQL                        : delete from shift_assignments where id=?
Hibernate: delete from shift_assignments where id=?
2025-10-13T15:56:19.356+09:00 DEBUG 10272 --- [Shift Scheduler Demo] [           main] org.hibernate.SQL                        : delete from shift_assignments where id=?
Hibernate: delete from shift_assignments where id=?
2025-10-13T15:56:19.356+09:00 DEBUG 10272 --- [Shift Scheduler Demo] [           main] org.hibernate.SQL                        : delete from shift_assignments where id=?
Hibernate: delete from shift_assignments where id=?
2025-10-13T15:56:19.356+09:00 DEBUG 10272 --- [Shift Scheduler Demo] [           main] org.hibernate.SQL                        : delete from shift_assignments where id=?
Hibernate: delete from shift_assignments where id=?
2025-10-13T15:56:19.357+09:00 DEBUG 10272 --- [Shift Scheduler Demo] [           main] org.hibernate.SQL                        : delete from shift_assignments where id=?
Hibernate: delete from shift_assignments where id=?
2025-10-13T15:56:19.357+09:00 DEBUG 10272 --- [Shift Scheduler Demo] [           main] org.hibernate.SQL                        : delete from shift_assignments where id=?
Hibernate: delete from shift_assignments where id=?
2025-10-13T15:56:19.358+09:00 DEBUG 10272 --- [Shift Scheduler Demo] [           main] org.hibernate.SQL                        : delete from shift_assignments where id=?
Hibernate: delete from shift_assignments where id=?
2025-10-13T15:56:19.358+09:00 DEBUG 10272 --- [Shift Scheduler Demo] [           main] org.hibernate.SQL                        : delete from shift_assignments where id=?
Hibernate: delete from shift_assignments where id=?
2025-10-13T15:56:19.359+09:00 DEBUG 10272 --- [Shift Scheduler Demo] [           main] org.hibernate.SQL                        : delete from shift_assignments where id=?
Hibernate: delete from shift_assignments where id=?
2025-10-13T15:56:19.359+09:00 DEBUG 10272 --- [Shift Scheduler Demo] [           main] org.hibernate.SQL                        : delete from shift_assignments where id=?
Hibernate: delete from shift_assignments where id=?
2025-10-13T15:56:19.359+09:00 DEBUG 10272 --- [Shift Scheduler Demo] [           main] org.hibernate.SQL                        : delete from shift_assignments where id=?
Hibernate: delete from shift_assignments where id=?
2025-10-13T15:56:19.360+09:00 DEBUG 10272 --- [Shift Scheduler Demo] [           main] org.hibernate.SQL                        : delete from shift_assignments where id=?
Hibernate: delete from shift_assignments where id=?
2025-10-13T15:56:19.360+09:00 DEBUG 10272 --- [Shift Scheduler Demo] [           main] org.hibernate.SQL                        : delete from shift_assignments where id=?
Hibernate: delete from shift_assignments where id=?
2025-10-13T15:56:19.360+09:00 DEBUG 10272 --- [Shift Scheduler Demo] [           main] org.hibernate.SQL                        : delete from shift_assignments where id=?
Hibernate: delete from shift_assignments where id=?
2025-10-13T15:56:19.360+09:00 DEBUG 10272 --- [Shift Scheduler Demo] [           main] org.hibernate.SQL                        : delete from shift_assignments where id=?
Hibernate: delete from shift_assignments where id=?
2025-10-13T15:56:19.361+09:00 DEBUG 10272 --- [Shift Scheduler Demo] [           main] org.hibernate.SQL                        : delete from shift_assignments where id=?
Hibernate: delete from shift_assignments where id=?
2025-10-13T15:56:19.361+09:00 DEBUG 10272 --- [Shift Scheduler Demo] [           main] org.hibernate.SQL                        : delete from shift_assignments where id=?
Hibernate: delete from shift_assignments where id=?
2025-10-13T15:56:19.362+09:00 DEBUG 10272 --- [Shift Scheduler Demo] [           main] org.hibernate.SQL                        : delete from shift_assignments where id=?
Hibernate: delete from shift_assignments where id=?
2025-10-13T15:56:19.362+09:00 DEBUG 10272 --- [Shift Scheduler Demo] [           main] org.hibernate.SQL                        : delete from shift_assignments where id=?
Hibernate: delete from shift_assignments where id=?
2025-10-13T15:56:19.362+09:00 DEBUG 10272 --- [Shift Scheduler Demo] [           main] org.hibernate.SQL                        : delete from shift_assignments where id=?
Hibernate: delete from shift_assignments where id=?
2025-10-13T15:56:19.363+09:00 DEBUG 10272 --- [Shift Scheduler Demo] [           main] org.hibernate.SQL                        : delete from shift_assignments where id=?
Hibernate: delete from shift_assignments where id=?
2025-10-13T15:56:19.363+09:00 DEBUG 10272 --- [Shift Scheduler Demo] [           main] org.hibernate.SQL                        : delete from shift_assignments where id=?
Hibernate: delete from shift_assignments where id=?
2025-10-13T15:56:19.363+09:00 DEBUG 10272 --- [Shift Scheduler Demo] [           main] org.hibernate.SQL                        : delete from shift_assignments where id=?
Hibernate: delete from shift_assignments where id=?
2025-10-13T15:56:19.363+09:00 DEBUG 10272 --- [Shift Scheduler Demo] [           main] org.hibernate.SQL                        : delete from shift_assignments where id=?
Hibernate: delete from shift_assignments where id=?
2025-10-13T15:56:19.363+09:00 DEBUG 10272 --- [Shift Scheduler Demo] [           main] org.hibernate.SQL                        : delete from shift_assignments where id=?
Hibernate: delete from shift_assignments where id=?
2025-10-13T15:56:19.364+09:00 DEBUG 10272 --- [Shift Scheduler Demo] [           main] org.hibernate.SQL                        : delete from shift_assignments where id=?
Hibernate: delete from shift_assignments where id=?
2025-10-13T15:56:19.364+09:00 DEBUG 10272 --- [Shift Scheduler Demo] [           main] org.hibernate.SQL                        : delete from shift_assignments where id=?
Hibernate: delete from shift_assignments where id=?
2025-10-13T15:56:19.364+09:00 DEBUG 10272 --- [Shift Scheduler Demo] [           main] org.hibernate.SQL                        : delete from shift_assignments where id=?
Hibernate: delete from shift_assignments where id=?
2025-10-13T15:56:19.364+09:00 DEBUG 10272 --- [Shift Scheduler Demo] [           main] org.hibernate.SQL                        : delete from shift_assignments where id=?
Hibernate: delete from shift_assignments where id=?
2025-10-13T15:56:19.365+09:00 DEBUG 10272 --- [Shift Scheduler Demo] [           main] org.hibernate.SQL                        : delete from shift_assignments where id=?
Hibernate: delete from shift_assignments where id=?
2025-10-13T15:56:19.365+09:00 DEBUG 10272 --- [Shift Scheduler Demo] [           main] org.hibernate.SQL                        : delete from shift_assignments where id=?
Hibernate: delete from shift_assignments where id=?
2025-10-13T15:56:19.365+09:00 DEBUG 10272 --- [Shift Scheduler Demo] [           main] org.hibernate.SQL                        : delete from shift_assignments where id=?
Hibernate: delete from shift_assignments where id=?
2025-10-13T15:56:19.365+09:00 DEBUG 10272 --- [Shift Scheduler Demo] [           main] org.hibernate.SQL                        : delete from shift_assignments where id=?
Hibernate: delete from shift_assignments where id=?
2025-10-13T15:56:19.365+09:00 DEBUG 10272 --- [Shift Scheduler Demo] [           main] org.hibernate.SQL                        : delete from shift_assignments where id=?
Hibernate: delete from shift_assignments where id=?
2025-10-13T15:56:19.366+09:00 DEBUG 10272 --- [Shift Scheduler Demo] [           main] org.hibernate.SQL                        : delete from shift_assignments where id=?
Hibernate: delete from shift_assignments where id=?
2025-10-13T15:56:19.366+09:00 DEBUG 10272 --- [Shift Scheduler Demo] [           main] org.hibernate.SQL                        : delete from shift_assignments where id=?
Hibernate: delete from shift_assignments where id=?
2025-10-13T15:56:19.366+09:00 DEBUG 10272 --- [Shift Scheduler Demo] [           main] org.hibernate.SQL                        : delete from shift_assignments where id=?
Hibernate: delete from shift_assignments where id=?
2025-10-13T15:56:19.366+09:00 DEBUG 10272 --- [Shift Scheduler Demo] [           main] org.hibernate.SQL                        : delete from shift_assignments where id=?
Hibernate: delete from shift_assignments where id=?
2025-10-13T15:56:19.366+09:00 DEBUG 10272 --- [Shift Scheduler Demo] [           main] org.hibernate.SQL                        : delete from shift_assignments where id=?
Hibernate: delete from shift_assignments where id=?
2025-10-13T15:56:19.367+09:00 DEBUG 10272 --- [Shift Scheduler Demo] [           main] org.hibernate.SQL                        : delete from shift_assignments where id=?
Hibernate: delete from shift_assignments where id=?
2025-10-13T15:56:19.367+09:00 DEBUG 10272 --- [Shift Scheduler Demo] [           main] org.hibernate.SQL                        : delete from shift_assignments where id=?
Hibernate: delete from shift_assignments where id=?
2025-10-13T15:56:19.368+09:00 DEBUG 10272 --- [Shift Scheduler Demo] [           main] org.hibernate.SQL                        : delete from shift_assignments where id=?
Hibernate: delete from shift_assignments where id=?
2025-10-13T15:56:19.368+09:00 DEBUG 10272 --- [Shift Scheduler Demo] [           main] org.hibernate.SQL                        : delete from shift_assignments where id=?
Hibernate: delete from shift_assignments where id=?
2025-10-13T15:56:19.368+09:00 DEBUG 10272 --- [Shift Scheduler Demo] [           main] org.hibernate.SQL                        : delete from shift_assignments where id=?
Hibernate: delete from shift_assignments where id=?
2025-10-13T15:56:19.368+09:00 DEBUG 10272 --- [Shift Scheduler Demo] [           main] org.hibernate.SQL                        : delete from shift_assignments where id=?
Hibernate: delete from shift_assignments where id=?
2025-10-13T15:56:19.369+09:00 DEBUG 10272 --- [Shift Scheduler Demo] [           main] org.hibernate.SQL                        : delete from shift_assignments where id=?
Hibernate: delete from shift_assignments where id=?
2025-10-13T15:56:19.369+09:00 DEBUG 10272 --- [Shift Scheduler Demo] [           main] org.hibernate.SQL                        : delete from shift_assignments where id=?
Hibernate: delete from shift_assignments where id=?
2025-10-13T15:56:19.369+09:00 DEBUG 10272 --- [Shift Scheduler Demo] [           main] org.hibernate.SQL                        : delete from shift_assignments where id=?
Hibernate: delete from shift_assignments where id=?
2025-10-13T15:56:19.369+09:00 DEBUG 10272 --- [Shift Scheduler Demo] [           main] org.hibernate.SQL                        : delete from shift_assignments where id=?
Hibernate: delete from shift_assignments where id=?
2025-10-13T15:56:19.370+09:00 DEBUG 10272 --- [Shift Scheduler Demo] [           main] org.hibernate.SQL                        : delete from shift_assignments where id=?
Hibernate: delete from shift_assignments where id=?
2025-10-13T15:56:19.370+09:00 DEBUG 10272 --- [Shift Scheduler Demo] [           main] org.hibernate.SQL                        : delete from shift_assignments where id=?
Hibernate: delete from shift_assignments where id=?
2025-10-13T15:56:19.370+09:00 DEBUG 10272 --- [Shift Scheduler Demo] [           main] org.hibernate.SQL                        : delete from shift_assignments where id=?
Hibernate: delete from shift_assignments where id=?
2025-10-13T15:56:19.370+09:00 DEBUG 10272 --- [Shift Scheduler Demo] [           main] org.hibernate.SQL                        : delete from shift_assignments where id=?
Hibernate: delete from shift_assignments where id=?
2025-10-13T15:56:19.371+09:00 DEBUG 10272 --- [Shift Scheduler Demo] [           main] org.hibernate.SQL                        : delete from shift_assignments where id=?
Hibernate: delete from shift_assignments where id=?
2025-10-13T15:56:19.371+09:00 DEBUG 10272 --- [Shift Scheduler Demo] [           main] org.hibernate.SQL                        : delete from shift_assignments where id=?
Hibernate: delete from shift_assignments where id=?
2025-10-13T15:56:19.371+09:00 DEBUG 10272 --- [Shift Scheduler Demo] [           main] org.hibernate.SQL                        : delete from shift_assignments where id=?
Hibernate: delete from shift_assignments where id=?
2025-10-13T15:56:19.371+09:00 DEBUG 10272 --- [Shift Scheduler Demo] [           main] org.hibernate.SQL                        : delete from shift_assignments where id=?
Hibernate: delete from shift_assignments where id=?
2025-10-13T15:56:19.372+09:00 DEBUG 10272 --- [Shift Scheduler Demo] [           main] org.hibernate.SQL                        : delete from shift_assignments where id=?
Hibernate: delete from shift_assignments where id=?
2025-10-13T15:56:19.372+09:00 DEBUG 10272 --- [Shift Scheduler Demo] [           main] org.hibernate.SQL                        : delete from shift_assignments where id=?
Hibernate: delete from shift_assignments where id=?
2025-10-13T15:56:19.372+09:00 DEBUG 10272 --- [Shift Scheduler Demo] [           main] org.hibernate.SQL                        : delete from shift_assignments where id=?
Hibernate: delete from shift_assignments where id=?
2025-10-13T15:56:19.372+09:00 DEBUG 10272 --- [Shift Scheduler Demo] [           main] org.hibernate.SQL                        : delete from shift_assignments where id=?
Hibernate: delete from shift_assignments where id=?
2025-10-13T15:56:19.373+09:00 DEBUG 10272 --- [Shift Scheduler Demo] [           main] org.hibernate.SQL                        : delete from shift_assignments where id=?
Hibernate: delete from shift_assignments where id=?
2025-10-13T15:56:19.373+09:00 DEBUG 10272 --- [Shift Scheduler Demo] [           main] org.hibernate.SQL                        : delete from shift_assignments where id=?
Hibernate: delete from shift_assignments where id=?
2025-10-13T15:56:19.373+09:00 DEBUG 10272 --- [Shift Scheduler Demo] [           main] org.hibernate.SQL                        : delete from shift_assignments where id=?
Hibernate: delete from shift_assignments where id=?
2025-10-13T15:56:19.374+09:00 DEBUG 10272 --- [Shift Scheduler Demo] [           main] org.hibernate.SQL                        : delete from shift_assignments where id=?
Hibernate: delete from shift_assignments where id=?
2025-10-13T15:56:19.374+09:00 DEBUG 10272 --- [Shift Scheduler Demo] [           main] org.hibernate.SQL                        : delete from shift_assignments where id=?
Hibernate: delete from shift_assignments where id=?
2025-10-13T15:56:19.374+09:00 DEBUG 10272 --- [Shift Scheduler Demo] [           main] org.hibernate.SQL                        : delete from shift_assignments where id=?
Hibernate: delete from shift_assignments where id=?
2025-10-13T15:56:19.375+09:00 DEBUG 10272 --- [Shift Scheduler Demo] [           main] org.hibernate.SQL                        : delete from shift_assignments where id=?
Hibernate: delete from shift_assignments where id=?
2025-10-13T15:56:19.375+09:00 DEBUG 10272 --- [Shift Scheduler Demo] [           main] org.hibernate.SQL                        : delete from shift_assignments where id=?
Hibernate: delete from shift_assignments where id=?
2025-10-13T15:56:19.375+09:00 DEBUG 10272 --- [Shift Scheduler Demo] [           main] org.hibernate.SQL                        : delete from shift_assignments where id=?
Hibernate: delete from shift_assignments where id=?
2025-10-13T15:56:19.376+09:00 DEBUG 10272 --- [Shift Scheduler Demo] [           main] org.hibernate.SQL                        : delete from shift_assignments where id=?
Hibernate: delete from shift_assignments where id=?
2025-10-13T15:56:19.376+09:00 DEBUG 10272 --- [Shift Scheduler Demo] [           main] org.hibernate.SQL                        : delete from shift_assignments where id=?
Hibernate: delete from shift_assignments where id=?
2025-10-13T15:56:19.376+09:00 DEBUG 10272 --- [Shift Scheduler Demo] [           main] org.hibernate.SQL                        : delete from shift_assignments where id=?
Hibernate: delete from shift_assignments where id=?
2025-10-13T15:56:19.376+09:00 DEBUG 10272 --- [Shift Scheduler Demo] [           main] org.hibernate.SQL                        : delete from shift_assignments where id=?
Hibernate: delete from shift_assignments where id=?
2025-10-13T15:56:19.377+09:00 DEBUG 10272 --- [Shift Scheduler Demo] [           main] org.hibernate.SQL                        : delete from shift_assignments where id=?
Hibernate: delete from shift_assignments where id=?
2025-10-13T15:56:19.377+09:00 DEBUG 10272 --- [Shift Scheduler Demo] [           main] org.hibernate.SQL                        : delete from shift_assignments where id=?
Hibernate: delete from shift_assignments where id=?
2025-10-13T15:56:19.377+09:00 DEBUG 10272 --- [Shift Scheduler Demo] [           main] org.hibernate.SQL                        : delete from shift_assignments where id=?
Hibernate: delete from shift_assignments where id=?
2025-10-13T15:56:19.377+09:00 DEBUG 10272 --- [Shift Scheduler Demo] [           main] org.hibernate.SQL                        : delete from shift_assignments where id=?
Hibernate: delete from shift_assignments where id=?
2025-10-13T15:56:19.378+09:00 DEBUG 10272 --- [Shift Scheduler Demo] [           main] org.hibernate.SQL                        : delete from shift_assignments where id=?
Hibernate: delete from shift_assignments where id=?
2025-10-13T15:56:19.378+09:00 DEBUG 10272 --- [Shift Scheduler Demo] [           main] org.hibernate.SQL                        : delete from shift_assignments where id=?
Hibernate: delete from shift_assignments where id=?
2025-10-13T15:56:19.378+09:00 DEBUG 10272 --- [Shift Scheduler Demo] [           main] org.hibernate.SQL                        : delete from shift_assignments where id=?
Hibernate: delete from shift_assignments where id=?
2025-10-13T15:56:19.379+09:00 DEBUG 10272 --- [Shift Scheduler Demo] [           main] org.hibernate.SQL                        : delete from shift_assignments where id=?
Hibernate: delete from shift_assignments where id=?
2025-10-13T15:56:19.379+09:00 DEBUG 10272 --- [Shift Scheduler Demo] [           main] org.hibernate.SQL                        : delete from shift_assignments where id=?
Hibernate: delete from shift_assignments where id=?
2025-10-13T15:56:19.379+09:00 DEBUG 10272 --- [Shift Scheduler Demo] [           main] org.hibernate.SQL                        : delete from shift_assignments where id=?
Hibernate: delete from shift_assignments where id=?
2025-10-13T15:56:19.380+09:00 DEBUG 10272 --- [Shift Scheduler Demo] [           main] org.hibernate.SQL                        : delete from shift_assignments where id=?
Hibernate: delete from shift_assignments where id=?
2025-10-13T15:56:19.380+09:00 DEBUG 10272 --- [Shift Scheduler Demo] [           main] org.hibernate.SQL                        : delete from shift_assignments where id=?
Hibernate: delete from shift_assignments where id=?
2025-10-13T15:56:19.380+09:00 DEBUG 10272 --- [Shift Scheduler Demo] [           main] org.hibernate.SQL                        : delete from shift_assignments where id=?
Hibernate: delete from shift_assignments where id=?
2025-10-13T15:56:19.380+09:00 DEBUG 10272 --- [Shift Scheduler Demo] [           main] org.hibernate.SQL                        : delete from shift_assignments where id=?
Hibernate: delete from shift_assignments where id=?
2025-10-13T15:56:19.381+09:00 DEBUG 10272 --- [Shift Scheduler Demo] [           main] org.hibernate.SQL                        : delete from shift_assignments where id=?
Hibernate: delete from shift_assignments where id=?
2025-10-13T15:56:19.381+09:00 DEBUG 10272 --- [Shift Scheduler Demo] [           main] org.hibernate.SQL                        : delete from shift_assignments where id=?
Hibernate: delete from shift_assignments where id=?
2025-10-13T15:56:19.382+09:00 DEBUG 10272 --- [Shift Scheduler Demo] [           main] org.hibernate.SQL                        : delete from shift_assignments where id=?
Hibernate: delete from shift_assignments where id=?
2025-10-13T15:56:19.382+09:00 DEBUG 10272 --- [Shift Scheduler Demo] [           main] org.hibernate.SQL                        : delete from shift_assignments where id=?
Hibernate: delete from shift_assignments where id=?
2025-10-13T15:56:19.382+09:00 DEBUG 10272 --- [Shift Scheduler Demo] [           main] org.hibernate.SQL                        : delete from shift_assignments where id=?
Hibernate: delete from shift_assignments where id=?
2025-10-13T15:56:19.383+09:00 DEBUG 10272 --- [Shift Scheduler Demo] [           main] org.hibernate.SQL                        : delete from shift_assignments where id=?
Hibernate: delete from shift_assignments where id=?
2025-10-13T15:56:19.383+09:00 DEBUG 10272 --- [Shift Scheduler Demo] [           main] org.hibernate.SQL                        : delete from shift_assignments where id=?
Hibernate: delete from shift_assignments where id=?
2025-10-13T15:56:19.383+09:00 DEBUG 10272 --- [Shift Scheduler Demo] [           main] org.hibernate.SQL                        : delete from shift_assignments where id=?
Hibernate: delete from shift_assignments where id=?
2025-10-13T15:56:19.384+09:00 DEBUG 10272 --- [Shift Scheduler Demo] [           main] org.hibernate.SQL                        : delete from shift_assignments where id=?
Hibernate: delete from shift_assignments where id=?
2025-10-13T15:56:19.384+09:00 DEBUG 10272 --- [Shift Scheduler Demo] [           main] org.hibernate.SQL                        : delete from shift_assignments where id=?
Hibernate: delete from shift_assignments where id=?
2025-10-13T15:56:19.384+09:00 DEBUG 10272 --- [Shift Scheduler Demo] [           main] org.hibernate.SQL                        : delete from shift_assignments where id=?
Hibernate: delete from shift_assignments where id=?
2025-10-13T15:56:19.385+09:00 DEBUG 10272 --- [Shift Scheduler Demo] [           main] org.hibernate.SQL                        : delete from shift_assignments where id=?
Hibernate: delete from shift_assignments where id=?
2025-10-13T15:56:19.385+09:00 DEBUG 10272 --- [Shift Scheduler Demo] [           main] org.hibernate.SQL                        : delete from shift_assignments where id=?
Hibernate: delete from shift_assignments where id=?
2025-10-13T15:56:19.385+09:00 DEBUG 10272 --- [Shift Scheduler Demo] [           main] org.hibernate.SQL                        : delete from shift_assignments where id=?
Hibernate: delete from shift_assignments where id=?
2025-10-13T15:56:19.386+09:00 DEBUG 10272 --- [Shift Scheduler Demo] [           main] org.hibernate.SQL                        : delete from shift_assignments where id=?
Hibernate: delete from shift_assignments where id=?
2025-10-13T15:56:19.386+09:00 DEBUG 10272 --- [Shift Scheduler Demo] [           main] org.hibernate.SQL                        : delete from shift_assignments where id=?
Hibernate: delete from shift_assignments where id=?
2025-10-13T15:56:19.386+09:00 DEBUG 10272 --- [Shift Scheduler Demo] [           main] org.hibernate.SQL                        : delete from shift_assignments where id=?
Hibernate: delete from shift_assignments where id=?
2025-10-13T15:56:19.386+09:00 DEBUG 10272 --- [Shift Scheduler Demo] [           main] org.hibernate.SQL                        : delete from shift_assignments where id=?
Hibernate: delete from shift_assignments where id=?
2025-10-13T15:56:19.387+09:00 DEBUG 10272 --- [Shift Scheduler Demo] [           main] org.hibernate.SQL                        : delete from shift_assignments where id=?
Hibernate: delete from shift_assignments where id=?
2025-10-13T15:56:19.387+09:00 DEBUG 10272 --- [Shift Scheduler Demo] [           main] org.hibernate.SQL                        : delete from shift_assignments where id=?
Hibernate: delete from shift_assignments where id=?
2025-10-13T15:56:19.387+09:00 DEBUG 10272 --- [Shift Scheduler Demo] [           main] org.hibernate.SQL                        : delete from shift_assignments where id=?
Hibernate: delete from shift_assignments where id=?
2025-10-13T15:56:19.388+09:00 DEBUG 10272 --- [Shift Scheduler Demo] [           main] org.hibernate.SQL                        : delete from shift_assignments where id=?
Hibernate: delete from shift_assignments where id=?
2025-10-13T15:56:19.388+09:00 DEBUG 10272 --- [Shift Scheduler Demo] [           main] org.hibernate.SQL                        : delete from shift_assignments where id=?
Hibernate: delete from shift_assignments where id=?
2025-10-13T15:56:19.388+09:00 DEBUG 10272 --- [Shift Scheduler Demo] [           main] org.hibernate.SQL                        : delete from shift_assignments where id=?
Hibernate: delete from shift_assignments where id=?
2025-10-13T15:56:19.388+09:00 DEBUG 10272 --- [Shift Scheduler Demo] [           main] org.hibernate.SQL                        : delete from shift_assignments where id=?
Hibernate: delete from shift_assignments where id=?
2025-10-13T15:56:19.389+09:00 DEBUG 10272 --- [Shift Scheduler Demo] [           main] org.hibernate.SQL                        : delete from shift_assignments where id=?
Hibernate: delete from shift_assignments where id=?
2025-10-13T15:56:19.389+09:00 DEBUG 10272 --- [Shift Scheduler Demo] [           main] org.hibernate.SQL                        : delete from shift_assignments where id=?
Hibernate: delete from shift_assignments where id=?
2025-10-13T15:56:19.389+09:00 DEBUG 10272 --- [Shift Scheduler Demo] [           main] org.hibernate.SQL                        : delete from shift_assignments where id=?
Hibernate: delete from shift_assignments where id=?
2025-10-13T15:56:19.390+09:00 DEBUG 10272 --- [Shift Scheduler Demo] [           main] org.hibernate.SQL                        : delete from shift_assignments where id=?
Hibernate: delete from shift_assignments where id=?
2025-10-13T15:56:19.390+09:00 DEBUG 10272 --- [Shift Scheduler Demo] [           main] org.hibernate.SQL                        : delete from shift_assignments where id=?
Hibernate: delete from shift_assignments where id=?
2025-10-13T15:56:19.391+09:00 DEBUG 10272 --- [Shift Scheduler Demo] [           main] org.hibernate.SQL                        : delete from shift_assignments where id=?
Hibernate: delete from shift_assignments where id=?
2025-10-13T15:56:19.391+09:00 DEBUG 10272 --- [Shift Scheduler Demo] [           main] org.hibernate.SQL                        : delete from shift_assignments where id=?
Hibernate: delete from shift_assignments where id=?
2025-10-13T15:56:19.391+09:00 DEBUG 10272 --- [Shift Scheduler Demo] [           main] org.hibernate.SQL                        : delete from shift_assignments where id=?
Hibernate: delete from shift_assignments where id=?
2025-10-13T15:56:19.392+09:00 DEBUG 10272 --- [Shift Scheduler Demo] [           main] org.hibernate.SQL                        : delete from shift_assignments where id=?
Hibernate: delete from shift_assignments where id=?
2025-10-13T15:56:19.392+09:00 DEBUG 10272 --- [Shift Scheduler Demo] [           main] org.hibernate.SQL                        : delete from shift_assignments where id=?
Hibernate: delete from shift_assignments where id=?
2025-10-13T15:56:19.393+09:00 DEBUG 10272 --- [Shift Scheduler Demo] [           main] org.hibernate.SQL                        : delete from shift_assignments where id=?
Hibernate: delete from shift_assignments where id=?
2025-10-13T15:56:19.393+09:00 DEBUG 10272 --- [Shift Scheduler Demo] [           main] org.hibernate.SQL                        : delete from shift_assignments where id=?
Hibernate: delete from shift_assignments where id=?
2025-10-13T15:56:19.393+09:00 DEBUG 10272 --- [Shift Scheduler Demo] [           main] org.hibernate.SQL                        : delete from shift_assignments where id=?
Hibernate: delete from shift_assignments where id=?
2025-10-13T15:56:19.393+09:00 DEBUG 10272 --- [Shift Scheduler Demo] [           main] org.hibernate.SQL                        : delete from shift_assignments where id=?
Hibernate: delete from shift_assignments where id=?
2025-10-13T15:56:19.394+09:00 DEBUG 10272 --- [Shift Scheduler Demo] [           main] org.hibernate.SQL                        : delete from shift_assignments where id=?
Hibernate: delete from shift_assignments where id=?
2025-10-13T15:56:19.394+09:00 DEBUG 10272 --- [Shift Scheduler Demo] [           main] org.hibernate.SQL                        : delete from shift_assignments where id=?
Hibernate: delete from shift_assignments where id=?
2025-10-13T15:56:19.394+09:00 DEBUG 10272 --- [Shift Scheduler Demo] [           main] org.hibernate.SQL                        : delete from shift_assignments where id=?
Hibernate: delete from shift_assignments where id=?
2025-10-13T15:56:19.394+09:00 DEBUG 10272 --- [Shift Scheduler Demo] [           main] org.hibernate.SQL                        : delete from shift_assignments where id=?
Hibernate: delete from shift_assignments where id=?
2025-10-13T15:56:19.395+09:00 DEBUG 10272 --- [Shift Scheduler Demo] [           main] org.hibernate.SQL                        : delete from shift_assignments where id=?
Hibernate: delete from shift_assignments where id=?
2025-10-13T15:56:19.395+09:00 DEBUG 10272 --- [Shift Scheduler Demo] [           main] org.hibernate.SQL                        : delete from shift_assignments where id=?
Hibernate: delete from shift_assignments where id=?
2025-10-13T15:56:19.395+09:00 DEBUG 10272 --- [Shift Scheduler Demo] [           main] org.hibernate.SQL                        : delete from shift_assignments where id=?
Hibernate: delete from shift_assignments where id=?
2025-10-13T15:56:19.395+09:00 DEBUG 10272 --- [Shift Scheduler Demo] [           main] org.hibernate.SQL                        : delete from shift_assignments where id=?
Hibernate: delete from shift_assignments where id=?
2025-10-13T15:56:19.395+09:00 DEBUG 10272 --- [Shift Scheduler Demo] [           main] org.hibernate.SQL                        : delete from shift_assignments where id=?
Hibernate: delete from shift_assignments where id=?
2025-10-13T15:56:19.396+09:00 DEBUG 10272 --- [Shift Scheduler Demo] [           main] org.hibernate.SQL                        : delete from shift_assignments where id=?
Hibernate: delete from shift_assignments where id=?
2025-10-13T15:56:19.396+09:00 DEBUG 10272 --- [Shift Scheduler Demo] [           main] org.hibernate.SQL                        : delete from shift_assignments where id=?
Hibernate: delete from shift_assignments where id=?
2025-10-13T15:56:19.396+09:00 DEBUG 10272 --- [Shift Scheduler Demo] [           main] org.hibernate.SQL                        : delete from shift_assignments where id=?
Hibernate: delete from shift_assignments where id=?
2025-10-13T15:56:19.396+09:00 DEBUG 10272 --- [Shift Scheduler Demo] [           main] org.hibernate.SQL                        : delete from shift_assignments where id=?
Hibernate: delete from shift_assignments where id=?
2025-10-13T15:56:19.396+09:00 DEBUG 10272 --- [Shift Scheduler Demo] [           main] org.hibernate.SQL                        : delete from shift_assignments where id=?
Hibernate: delete from shift_assignments where id=?
2025-10-13T15:56:19.396+09:00 DEBUG 10272 --- [Shift Scheduler Demo] [           main] org.hibernate.SQL                        : delete from shift_assignments where id=?
Hibernate: delete from shift_assignments where id=?
2025-10-13T15:56:19.397+09:00 DEBUG 10272 --- [Shift Scheduler Demo] [           main] org.hibernate.SQL                        : delete from shift_assignments where id=?
Hibernate: delete from shift_assignments where id=?
2025-10-13T15:56:19.397+09:00 DEBUG 10272 --- [Shift Scheduler Demo] [           main] org.hibernate.SQL                        : delete from shift_assignments where id=?
Hibernate: delete from shift_assignments where id=?
2025-10-13T15:56:19.397+09:00 DEBUG 10272 --- [Shift Scheduler Demo] [           main] org.hibernate.SQL                        : delete from shift_assignments where id=?
Hibernate: delete from shift_assignments where id=?
2025-10-13T15:56:19.397+09:00 DEBUG 10272 --- [Shift Scheduler Demo] [           main] org.hibernate.SQL                        : delete from shift_assignments where id=?
Hibernate: delete from shift_assignments where id=?
2025-10-13T15:56:19.397+09:00 DEBUG 10272 --- [Shift Scheduler Demo] [           main] org.hibernate.SQL                        : delete from shift_assignments where id=?
Hibernate: delete from shift_assignments where id=?
2025-10-13T15:56:19.397+09:00 DEBUG 10272 --- [Shift Scheduler Demo] [           main] org.hibernate.SQL                        : delete from shift_assignments where id=?
Hibernate: delete from shift_assignments where id=?
2025-10-13T15:56:19.398+09:00 DEBUG 10272 --- [Shift Scheduler Demo] [           main] org.hibernate.SQL                        : delete from shift_assignments where id=?
Hibernate: delete from shift_assignments where id=?
2025-10-13T15:56:19.398+09:00 DEBUG 10272 --- [Shift Scheduler Demo] [           main] org.hibernate.SQL                        : delete from shift_assignments where id=?
Hibernate: delete from shift_assignments where id=?
2025-10-13T15:56:19.398+09:00 DEBUG 10272 --- [Shift Scheduler Demo] [           main] org.hibernate.SQL                        : delete from shift_assignments where id=?
Hibernate: delete from shift_assignments where id=?
2025-10-13T15:56:19.398+09:00 DEBUG 10272 --- [Shift Scheduler Demo] [           main] org.hibernate.SQL                        : delete from shift_assignments where id=?
Hibernate: delete from shift_assignments where id=?
2025-10-13T15:56:19.399+09:00 DEBUG 10272 --- [Shift Scheduler Demo] [           main] org.hibernate.SQL                        : delete from shift_assignments where id=?
Hibernate: delete from shift_assignments where id=?
2025-10-13T15:56:19.399+09:00 DEBUG 10272 --- [Shift Scheduler Demo] [           main] org.hibernate.SQL                        : delete from shift_assignments where id=?
Hibernate: delete from shift_assignments where id=?
2025-10-13T15:56:19.400+09:00 DEBUG 10272 --- [Shift Scheduler Demo] [           main] org.hibernate.SQL                        : delete from shift_assignments where id=?
Hibernate: delete from shift_assignments where id=?
2025-10-13T15:56:19.400+09:00 DEBUG 10272 --- [Shift Scheduler Demo] [           main] org.hibernate.SQL                        : delete from shift_assignments where id=?
Hibernate: delete from shift_assignments where id=?
2025-10-13T15:56:19.400+09:00 DEBUG 10272 --- [Shift Scheduler Demo] [           main] org.hibernate.SQL                        : delete from shift_assignments where id=?
Hibernate: delete from shift_assignments where id=?
2025-10-13T15:56:19.401+09:00 DEBUG 10272 --- [Shift Scheduler Demo] [           main] org.hibernate.SQL                        : delete from shift_assignments where id=?
Hibernate: delete from shift_assignments where id=?
2025-10-13T15:56:19.401+09:00 DEBUG 10272 --- [Shift Scheduler Demo] [           main] org.hibernate.SQL                        : delete from shift_assignments where id=?
Hibernate: delete from shift_assignments where id=?
2025-10-13T15:56:19.402+09:00 DEBUG 10272 --- [Shift Scheduler Demo] [           main] org.hibernate.SQL                        : delete from shift_assignments where id=?
Hibernate: delete from shift_assignments where id=?
2025-10-13T15:56:19.402+09:00 DEBUG 10272 --- [Shift Scheduler Demo] [           main] org.hibernate.SQL                        : delete from shift_assignments where id=?
Hibernate: delete from shift_assignments where id=?
2025-10-13T15:56:19.403+09:00 DEBUG 10272 --- [Shift Scheduler Demo] [           main] org.hibernate.SQL                        : delete from shift_assignments where id=?
Hibernate: delete from shift_assignments where id=?
2025-10-13T15:56:19.403+09:00 DEBUG 10272 --- [Shift Scheduler Demo] [           main] org.hibernate.SQL                        : delete from shift_assignments where id=?
Hibernate: delete from shift_assignments where id=?
2025-10-13T15:56:19.403+09:00 DEBUG 10272 --- [Shift Scheduler Demo] [           main] org.hibernate.SQL                        : delete from shift_assignments where id=?
Hibernate: delete from shift_assignments where id=?
2025-10-13T15:56:19.404+09:00 DEBUG 10272 --- [Shift Scheduler Demo] [           main] org.hibernate.SQL                        : delete from shift_assignments where id=?
Hibernate: delete from shift_assignments where id=?
2025-10-13T15:56:19.404+09:00 DEBUG 10272 --- [Shift Scheduler Demo] [           main] org.hibernate.SQL                        : delete from shift_assignments where id=?
Hibernate: delete from shift_assignments where id=?
2025-10-13T15:56:19.404+09:00 DEBUG 10272 --- [Shift Scheduler Demo] [           main] org.hibernate.SQL                        : delete from shift_assignments where id=?
Hibernate: delete from shift_assignments where id=?
2025-10-13T15:56:19.405+09:00 DEBUG 10272 --- [Shift Scheduler Demo] [           main] org.hibernate.SQL                        : delete from shift_assignments where id=?
Hibernate: delete from shift_assignments where id=?
2025-10-13T15:56:19.405+09:00 DEBUG 10272 --- [Shift Scheduler Demo] [           main] org.hibernate.SQL                        : delete from shift_assignments where id=?
Hibernate: delete from shift_assignments where id=?
2025-10-13T15:56:19.405+09:00 DEBUG 10272 --- [Shift Scheduler Demo] [           main] org.hibernate.SQL                        : delete from shift_assignments where id=?
Hibernate: delete from shift_assignments where id=?
2025-10-13T15:56:19.406+09:00 DEBUG 10272 --- [Shift Scheduler Demo] [           main] org.hibernate.SQL                        : delete from shift_assignments where id=?
Hibernate: delete from shift_assignments where id=?
2025-10-13T15:56:19.406+09:00 DEBUG 10272 --- [Shift Scheduler Demo] [           main] org.hibernate.SQL                        : delete from shift_assignments where id=?
Hibernate: delete from shift_assignments where id=?
2025-10-13T15:56:19.406+09:00 DEBUG 10272 --- [Shift Scheduler Demo] [           main] org.hibernate.SQL                        : delete from shift_assignments where id=?
Hibernate: delete from shift_assignments where id=?
2025-10-13T15:56:19.407+09:00 DEBUG 10272 --- [Shift Scheduler Demo] [           main] org.hibernate.SQL                        : delete from shift_assignments where id=?
Hibernate: delete from shift_assignments where id=?
2025-10-13T15:56:19.411+09:00 DEBUG 10272 --- [Shift Scheduler Demo] [           main] org.hibernate.SQL                        : delete from shift_assignments where id=?
Hibernate: delete from shift_assignments where id=?
2025-10-13T15:56:19.412+09:00 DEBUG 10272 --- [Shift Scheduler Demo] [           main] org.hibernate.SQL                        : delete from shift_assignments where id=?
Hibernate: delete from shift_assignments where id=?
2025-10-13T15:56:19.412+09:00 DEBUG 10272 --- [Shift Scheduler Demo] [           main] org.hibernate.SQL                        : delete from shift_assignments where id=?
Hibernate: delete from shift_assignments where id=?
2025-10-13T15:56:19.412+09:00 DEBUG 10272 --- [Shift Scheduler Demo] [           main] org.hibernate.SQL                        : delete from shift_assignments where id=?
Hibernate: delete from shift_assignments where id=?
2025-10-13T15:56:19.413+09:00 DEBUG 10272 --- [Shift Scheduler Demo] [           main] org.hibernate.SQL                        : delete from shift_assignments where id=?
Hibernate: delete from shift_assignments where id=?
2025-10-13T15:56:19.413+09:00 DEBUG 10272 --- [Shift Scheduler Demo] [           main] org.hibernate.SQL                        : delete from shift_assignments where id=?
Hibernate: delete from shift_assignments where id=?
2025-10-13T15:56:19.414+09:00 DEBUG 10272 --- [Shift Scheduler Demo] [           main] org.hibernate.SQL                        : delete from shift_assignments where id=?
Hibernate: delete from shift_assignments where id=?
2025-10-13T15:56:19.414+09:00 DEBUG 10272 --- [Shift Scheduler Demo] [           main] org.hibernate.SQL                        : delete from shift_assignments where id=?
Hibernate: delete from shift_assignments where id=?
2025-10-13T15:56:19.414+09:00 DEBUG 10272 --- [Shift Scheduler Demo] [           main] org.hibernate.SQL                        : delete from shift_assignments where id=?
Hibernate: delete from shift_assignments where id=?
2025-10-13T15:56:19.414+09:00 DEBUG 10272 --- [Shift Scheduler Demo] [           main] org.hibernate.SQL                        : delete from shift_assignments where id=?
Hibernate: delete from shift_assignments where id=?
2025-10-13T15:56:19.415+09:00 DEBUG 10272 --- [Shift Scheduler Demo] [           main] org.hibernate.SQL                        : delete from shift_assignments where id=?
Hibernate: delete from shift_assignments where id=?
2025-10-13T15:56:19.415+09:00 DEBUG 10272 --- [Shift Scheduler Demo] [           main] org.hibernate.SQL                        : delete from shift_assignments where id=?
Hibernate: delete from shift_assignments where id=?
2025-10-13T15:56:19.415+09:00 DEBUG 10272 --- [Shift Scheduler Demo] [           main] org.hibernate.SQL                        : delete from shift_assignments where id=?
Hibernate: delete from shift_assignments where id=?
2025-10-13T15:56:19.415+09:00 DEBUG 10272 --- [Shift Scheduler Demo] [           main] org.hibernate.SQL                        : delete from shift_assignments where id=?
Hibernate: delete from shift_assignments where id=?
2025-10-13T15:56:19.415+09:00 DEBUG 10272 --- [Shift Scheduler Demo] [           main] org.hibernate.SQL                        : delete from shift_assignments where id=?
Hibernate: delete from shift_assignments where id=?
2025-10-13T15:56:19.416+09:00 DEBUG 10272 --- [Shift Scheduler Demo] [           main] org.hibernate.SQL                        : delete from shift_assignments where id=?
Hibernate: delete from shift_assignments where id=?
2025-10-13T15:56:19.416+09:00 DEBUG 10272 --- [Shift Scheduler Demo] [           main] org.hibernate.SQL                        : delete from shift_assignments where id=?
Hibernate: delete from shift_assignments where id=?
2025-10-13T15:56:19.416+09:00 DEBUG 10272 --- [Shift Scheduler Demo] [           main] org.hibernate.SQL                        : delete from shift_assignments where id=?
Hibernate: delete from shift_assignments where id=?
2025-10-13T15:56:19.416+09:00 DEBUG 10272 --- [Shift Scheduler Demo] [           main] org.hibernate.SQL                        : delete from shift_assignments where id=?
Hibernate: delete from shift_assignments where id=?
2025-10-13T15:56:19.416+09:00 DEBUG 10272 --- [Shift Scheduler Demo] [           main] org.hibernate.SQL                        : delete from shift_assignments where id=?
Hibernate: delete from shift_assignments where id=?
2025-10-13T15:56:19.416+09:00 DEBUG 10272 --- [Shift Scheduler Demo] [           main] org.hibernate.SQL                        : delete from shift_assignments where id=?
Hibernate: delete from shift_assignments where id=?
2025-10-13T15:56:19.417+09:00 DEBUG 10272 --- [Shift Scheduler Demo] [           main] org.hibernate.SQL                        : delete from shift_assignments where id=?
Hibernate: delete from shift_assignments where id=?
2025-10-13T15:56:19.417+09:00 DEBUG 10272 --- [Shift Scheduler Demo] [           main] org.hibernate.SQL                        : delete from shift_assignments where id=?
Hibernate: delete from shift_assignments where id=?
2025-10-13T15:56:19.417+09:00 DEBUG 10272 --- [Shift Scheduler Demo] [           main] org.hibernate.SQL                        : delete from shift_assignments where id=?
Hibernate: delete from shift_assignments where id=?
2025-10-13T15:56:19.417+09:00 DEBUG 10272 --- [Shift Scheduler Demo] [           main] org.hibernate.SQL                        : delete from shift_assignments where id=?
Hibernate: delete from shift_assignments where id=?
2025-10-13T15:56:19.417+09:00 DEBUG 10272 --- [Shift Scheduler Demo] [           main] org.hibernate.SQL                        : delete from shift_assignments where id=?
Hibernate: delete from shift_assignments where id=?
2025-10-13T15:56:19.417+09:00 DEBUG 10272 --- [Shift Scheduler Demo] [           main] org.hibernate.SQL                        : delete from shift_assignments where id=?
Hibernate: delete from shift_assignments where id=?
2025-10-13T15:56:19.417+09:00 DEBUG 10272 --- [Shift Scheduler Demo] [           main] org.hibernate.SQL                        : delete from shift_assignments where id=?
Hibernate: delete from shift_assignments where id=?
2025-10-13T15:56:19.418+09:00 DEBUG 10272 --- [Shift Scheduler Demo] [           main] org.hibernate.SQL                        : delete from shift_assignments where id=?
Hibernate: delete from shift_assignments where id=?
2025-10-13T15:56:19.418+09:00 DEBUG 10272 --- [Shift Scheduler Demo] [           main] org.hibernate.SQL                        : delete from shift_assignments where id=?
Hibernate: delete from shift_assignments where id=?
2025-10-13T15:56:19.418+09:00 DEBUG 10272 --- [Shift Scheduler Demo] [           main] org.hibernate.SQL                        : delete from shift_assignments where id=?
Hibernate: delete from shift_assignments where id=?
2025-10-13T15:56:19.418+09:00 DEBUG 10272 --- [Shift Scheduler Demo] [           main] org.hibernate.SQL                        : delete from shift_assignments where id=?
Hibernate: delete from shift_assignments where id=?
2025-10-13T15:56:19.418+09:00 DEBUG 10272 --- [Shift Scheduler Demo] [           main] org.hibernate.SQL                        : delete from shift_assignments where id=?
Hibernate: delete from shift_assignments where id=?
2025-10-13T15:56:19.418+09:00 DEBUG 10272 --- [Shift Scheduler Demo] [           main] org.hibernate.SQL                        : delete from shift_assignments where id=?
Hibernate: delete from shift_assignments where id=?
2025-10-13T15:56:19.418+09:00 DEBUG 10272 --- [Shift Scheduler Demo] [           main] org.hibernate.SQL                        : delete from shift_assignments where id=?
Hibernate: delete from shift_assignments where id=?
2025-10-13T15:56:19.419+09:00 DEBUG 10272 --- [Shift Scheduler Demo] [           main] org.hibernate.SQL                        : delete from shift_assignments where id=?
Hibernate: delete from shift_assignments where id=?
2025-10-13T15:56:19.419+09:00 DEBUG 10272 --- [Shift Scheduler Demo] [           main] org.hibernate.SQL                        : delete from shift_assignments where id=?
Hibernate: delete from shift_assignments where id=?
2025-10-13T15:56:19.419+09:00 DEBUG 10272 --- [Shift Scheduler Demo] [           main] org.hibernate.SQL                        : delete from shift_assignments where id=?
Hibernate: delete from shift_assignments where id=?
2025-10-13T15:56:19.419+09:00 DEBUG 10272 --- [Shift Scheduler Demo] [           main] org.hibernate.SQL                        : delete from shift_assignments where id=?
Hibernate: delete from shift_assignments where id=?
2025-10-13T15:56:19.419+09:00 DEBUG 10272 --- [Shift Scheduler Demo] [           main] org.hibernate.SQL                        : delete from shift_assignments where id=?
Hibernate: delete from shift_assignments where id=?
2025-10-13T15:56:19.420+09:00 DEBUG 10272 --- [Shift Scheduler Demo] [           main] org.hibernate.SQL                        : delete from shift_assignments where id=?
Hibernate: delete from shift_assignments where id=?
2025-10-13T15:56:19.420+09:00 DEBUG 10272 --- [Shift Scheduler Demo] [           main] org.hibernate.SQL                        : delete from shift_assignments where id=?
Hibernate: delete from shift_assignments where id=?
2025-10-13T15:56:19.420+09:00 DEBUG 10272 --- [Shift Scheduler Demo] [           main] org.hibernate.SQL                        : delete from shift_assignments where id=?
Hibernate: delete from shift_assignments where id=?
2025-10-13T15:56:19.420+09:00 DEBUG 10272 --- [Shift Scheduler Demo] [           main] org.hibernate.SQL                        : delete from shift_assignments where id=?
Hibernate: delete from shift_assignments where id=?
2025-10-13T15:56:19.420+09:00 DEBUG 10272 --- [Shift Scheduler Demo] [           main] org.hibernate.SQL                        : delete from shift_assignments where id=?
Hibernate: delete from shift_assignments where id=?
2025-10-13T15:56:19.420+09:00 DEBUG 10272 --- [Shift Scheduler Demo] [           main] org.hibernate.SQL                        : delete from shift_assignments where id=?
Hibernate: delete from shift_assignments where id=?
2025-10-13T15:56:19.421+09:00 DEBUG 10272 --- [Shift Scheduler Demo] [           main] org.hibernate.SQL                        : delete from shift_assignments where id=?
Hibernate: delete from shift_assignments where id=?
2025-10-13T15:56:19.421+09:00 DEBUG 10272 --- [Shift Scheduler Demo] [           main] org.hibernate.SQL                        : delete from shift_assignments where id=?
Hibernate: delete from shift_assignments where id=?
2025-10-13T15:56:19.421+09:00 DEBUG 10272 --- [Shift Scheduler Demo] [           main] org.hibernate.SQL                        : delete from shift_assignments where id=?
Hibernate: delete from shift_assignments where id=?
2025-10-13T15:56:19.421+09:00 DEBUG 10272 --- [Shift Scheduler Demo] [           main] org.hibernate.SQL                        : delete from shift_assignments where id=?
Hibernate: delete from shift_assignments where id=?
2025-10-13T15:56:19.421+09:00 DEBUG 10272 --- [Shift Scheduler Demo] [           main] org.hibernate.SQL                        : delete from shift_assignments where id=?
Hibernate: delete from shift_assignments where id=?
2025-10-13T15:56:19.421+09:00 DEBUG 10272 --- [Shift Scheduler Demo] [           main] org.hibernate.SQL                        : delete from shift_assignments where id=?
Hibernate: delete from shift_assignments where id=?
2025-10-13T15:56:19.422+09:00 DEBUG 10272 --- [Shift Scheduler Demo] [           main] org.hibernate.SQL                        : delete from shift_assignments where id=?
Hibernate: delete from shift_assignments where id=?
2025-10-13T15:56:19.422+09:00 DEBUG 10272 --- [Shift Scheduler Demo] [           main] org.hibernate.SQL                        : delete from shift_assignments where id=?
Hibernate: delete from shift_assignments where id=?
2025-10-13T15:56:19.422+09:00 DEBUG 10272 --- [Shift Scheduler Demo] [           main] org.hibernate.SQL                        : delete from shift_assignments where id=?
Hibernate: delete from shift_assignments where id=?
2025-10-13T15:56:19.422+09:00 DEBUG 10272 --- [Shift Scheduler Demo] [           main] org.hibernate.SQL                        : delete from shift_assignments where id=?
Hibernate: delete from shift_assignments where id=?
2025-10-13T15:56:19.423+09:00 DEBUG 10272 --- [Shift Scheduler Demo] [           main] org.hibernate.SQL                        : delete from shift_assignments where id=?
Hibernate: delete from shift_assignments where id=?
2025-10-13T15:56:19.423+09:00 DEBUG 10272 --- [Shift Scheduler Demo] [           main] org.hibernate.SQL                        : delete from shift_assignments where id=?
Hibernate: delete from shift_assignments where id=?
2025-10-13T15:56:19.423+09:00 DEBUG 10272 --- [Shift Scheduler Demo] [           main] org.hibernate.SQL                        : delete from shift_assignments where id=?
Hibernate: delete from shift_assignments where id=?
2025-10-13T15:56:19.423+09:00 DEBUG 10272 --- [Shift Scheduler Demo] [           main] org.hibernate.SQL                        : delete from shift_assignments where id=?
Hibernate: delete from shift_assignments where id=?
2025-10-13T15:56:19.424+09:00 DEBUG 10272 --- [Shift Scheduler Demo] [           main] org.hibernate.SQL                        : delete from shift_assignments where id=?
Hibernate: delete from shift_assignments where id=?
2025-10-13T15:56:19.424+09:00 DEBUG 10272 --- [Shift Scheduler Demo] [           main] org.hibernate.SQL                        : delete from shift_assignments where id=?
Hibernate: delete from shift_assignments where id=?
2025-10-13T15:56:19.424+09:00 DEBUG 10272 --- [Shift Scheduler Demo] [           main] org.hibernate.SQL                        : delete from shift_assignments where id=?
Hibernate: delete from shift_assignments where id=?
2025-10-13T15:56:19.425+09:00 DEBUG 10272 --- [Shift Scheduler Demo] [           main] org.hibernate.SQL                        : delete from shift_assignments where id=?
Hibernate: delete from shift_assignments where id=?
2025-10-13T15:56:19.425+09:00 DEBUG 10272 --- [Shift Scheduler Demo] [           main] org.hibernate.SQL                        : delete from shift_assignments where id=?
Hibernate: delete from shift_assignments where id=?
2025-10-13T15:56:19.425+09:00 DEBUG 10272 --- [Shift Scheduler Demo] [           main] org.hibernate.SQL                        : delete from shift_assignments where id=?
Hibernate: delete from shift_assignments where id=?
2025-10-13T15:56:19.425+09:00 DEBUG 10272 --- [Shift Scheduler Demo] [           main] org.hibernate.SQL                        : delete from shift_assignments where id=?
Hibernate: delete from shift_assignments where id=?
2025-10-13T15:56:19.426+09:00 DEBUG 10272 --- [Shift Scheduler Demo] [           main] org.hibernate.SQL                        : delete from shift_assignments where id=?
Hibernate: delete from shift_assignments where id=?
2025-10-13T15:56:19.426+09:00 DEBUG 10272 --- [Shift Scheduler Demo] [           main] org.hibernate.SQL                        : delete from shift_assignments where id=?
Hibernate: delete from shift_assignments where id=?
2025-10-13T15:56:19.426+09:00 DEBUG 10272 --- [Shift Scheduler Demo] [           main] org.hibernate.SQL                        : delete from shift_assignments where id=?
Hibernate: delete from shift_assignments where id=?
2025-10-13T15:56:19.426+09:00 DEBUG 10272 --- [Shift Scheduler Demo] [           main] org.hibernate.SQL                        : delete from shift_assignments where id=?
Hibernate: delete from shift_assignments where id=?
2025-10-13T15:56:19.426+09:00 DEBUG 10272 --- [Shift Scheduler Demo] [           main] org.hibernate.SQL                        : delete from shift_assignments where id=?
Hibernate: delete from shift_assignments where id=?
2025-10-13T15:56:19.427+09:00 DEBUG 10272 --- [Shift Scheduler Demo] [           main] org.hibernate.SQL                        : delete from shift_assignments where id=?
Hibernate: delete from shift_assignments where id=?
2025-10-13T15:56:19.427+09:00 DEBUG 10272 --- [Shift Scheduler Demo] [           main] org.hibernate.SQL                        : delete from shift_assignments where id=?
Hibernate: delete from shift_assignments where id=?
2025-10-13T15:56:19.427+09:00 DEBUG 10272 --- [Shift Scheduler Demo] [           main] org.hibernate.SQL                        : delete from shift_assignments where id=?
Hibernate: delete from shift_assignments where id=?
2025-10-13T15:56:19.427+09:00 DEBUG 10272 --- [Shift Scheduler Demo] [           main] org.hibernate.SQL                        : delete from shift_assignments where id=?
Hibernate: delete from shift_assignments where id=?
2025-10-13T15:56:19.428+09:00 DEBUG 10272 --- [Shift Scheduler Demo] [           main] org.hibernate.SQL                        : delete from shift_assignments where id=?
Hibernate: delete from shift_assignments where id=?
2025-10-13T15:56:19.428+09:00 DEBUG 10272 --- [Shift Scheduler Demo] [           main] org.hibernate.SQL                        : delete from shift_assignments where id=?
Hibernate: delete from shift_assignments where id=?
2025-10-13T15:56:19.428+09:00 DEBUG 10272 --- [Shift Scheduler Demo] [           main] org.hibernate.SQL                        : delete from shift_assignments where id=?
Hibernate: delete from shift_assignments where id=?
2025-10-13T15:56:19.429+09:00 DEBUG 10272 --- [Shift Scheduler Demo] [           main] org.hibernate.SQL                        : delete from shift_assignments where id=?
Hibernate: delete from shift_assignments where id=?
2025-10-13T15:56:19.429+09:00 DEBUG 10272 --- [Shift Scheduler Demo] [           main] org.hibernate.SQL                        : delete from shift_assignments where id=?
Hibernate: delete from shift_assignments where id=?
2025-10-13T15:56:19.429+09:00 DEBUG 10272 --- [Shift Scheduler Demo] [           main] org.hibernate.SQL                        : delete from shift_assignments where id=?
Hibernate: delete from shift_assignments where id=?
2025-10-13T15:56:19.429+09:00 DEBUG 10272 --- [Shift Scheduler Demo] [           main] org.hibernate.SQL                        : delete from shift_assignments where id=?
Hibernate: delete from shift_assignments where id=?
2025-10-13T15:56:19.429+09:00 DEBUG 10272 --- [Shift Scheduler Demo] [           main] org.hibernate.SQL                        : delete from shift_assignments where id=?
Hibernate: delete from shift_assignments where id=?
2025-10-13T15:56:19.429+09:00 DEBUG 10272 --- [Shift Scheduler Demo] [           main] org.hibernate.SQL                        : delete from shift_assignments where id=?
Hibernate: delete from shift_assignments where id=?
2025-10-13T15:56:19.429+09:00 DEBUG 10272 --- [Shift Scheduler Demo] [           main] org.hibernate.SQL                        : delete from shift_assignments where id=?
Hibernate: delete from shift_assignments where id=?
2025-10-13T15:56:19.430+09:00 DEBUG 10272 --- [Shift Scheduler Demo] [           main] org.hibernate.SQL                        : delete from shift_assignments where id=?
Hibernate: delete from shift_assignments where id=?
2025-10-13T15:56:19.430+09:00 DEBUG 10272 --- [Shift Scheduler Demo] [           main] org.hibernate.SQL                        : delete from shift_assignments where id=?
Hibernate: delete from shift_assignments where id=?
2025-10-13T15:56:19.430+09:00 DEBUG 10272 --- [Shift Scheduler Demo] [           main] org.hibernate.SQL                        : delete from shift_assignments where id=?
Hibernate: delete from shift_assignments where id=?
2025-10-13T15:56:19.430+09:00 DEBUG 10272 --- [Shift Scheduler Demo] [           main] org.hibernate.SQL                        : delete from shift_assignments where id=?
Hibernate: delete from shift_assignments where id=?
2025-10-13T15:56:19.430+09:00 DEBUG 10272 --- [Shift Scheduler Demo] [           main] org.hibernate.SQL                        : delete from shift_assignments where id=?
Hibernate: delete from shift_assignments where id=?
2025-10-13T15:56:19.431+09:00 DEBUG 10272 --- [Shift Scheduler Demo] [           main] org.hibernate.SQL                        : delete from shift_assignments where id=?
Hibernate: delete from shift_assignments where id=?
2025-10-13T15:56:19.431+09:00 DEBUG 10272 --- [Shift Scheduler Demo] [           main] org.hibernate.SQL                        : delete from shift_assignments where id=?
Hibernate: delete from shift_assignments where id=?
2025-10-13T15:56:19.431+09:00 DEBUG 10272 --- [Shift Scheduler Demo] [           main] org.hibernate.SQL                        : delete from shift_assignments where id=?
Hibernate: delete from shift_assignments where id=?
2025-10-13T15:56:19.431+09:00 DEBUG 10272 --- [Shift Scheduler Demo] [           main] org.hibernate.SQL                        : delete from shift_assignments where id=?
Hibernate: delete from shift_assignments where id=?
2025-10-13T15:56:19.431+09:00 DEBUG 10272 --- [Shift Scheduler Demo] [           main] org.hibernate.SQL                        : delete from shift_assignments where id=?
Hibernate: delete from shift_assignments where id=?
2025-10-13T15:56:19.432+09:00 DEBUG 10272 --- [Shift Scheduler Demo] [           main] org.hibernate.SQL                        : delete from shift_assignments where id=?
Hibernate: delete from shift_assignments where id=?
2025-10-13T15:56:19.432+09:00 DEBUG 10272 --- [Shift Scheduler Demo] [           main] org.hibernate.SQL                        : delete from shift_assignments where id=?
Hibernate: delete from shift_assignments where id=?
2025-10-13T15:56:19.432+09:00 DEBUG 10272 --- [Shift Scheduler Demo] [           main] org.hibernate.SQL                        : delete from shift_assignments where id=?
Hibernate: delete from shift_assignments where id=?
2025-10-13T15:56:19.432+09:00 DEBUG 10272 --- [Shift Scheduler Demo] [           main] org.hibernate.SQL                        : delete from shift_assignments where id=?
Hibernate: delete from shift_assignments where id=?
2025-10-13T15:56:19.432+09:00 DEBUG 10272 --- [Shift Scheduler Demo] [           main] org.hibernate.SQL                        : delete from shift_assignments where id=?
Hibernate: delete from shift_assignments where id=?
2025-10-13T15:56:19.433+09:00 DEBUG 10272 --- [Shift Scheduler Demo] [           main] org.hibernate.SQL                        : delete from shift_assignments where id=?
Hibernate: delete from shift_assignments where id=?
2025-10-13T15:56:19.433+09:00 DEBUG 10272 --- [Shift Scheduler Demo] [           main] org.hibernate.SQL                        : delete from shift_assignments where id=?
Hibernate: delete from shift_assignments where id=?
2025-10-13T15:56:19.433+09:00 DEBUG 10272 --- [Shift Scheduler Demo] [           main] org.hibernate.SQL                        : delete from shift_assignments where id=?
Hibernate: delete from shift_assignments where id=?
2025-10-13T15:56:19.433+09:00 DEBUG 10272 --- [Shift Scheduler Demo] [           main] org.hibernate.SQL                        : delete from shift_assignments where id=?
Hibernate: delete from shift_assignments where id=?
2025-10-13T15:56:19.434+09:00 DEBUG 10272 --- [Shift Scheduler Demo] [           main] org.hibernate.SQL                        : delete from shift_assignments where id=?
Hibernate: delete from shift_assignments where id=?
2025-10-13T15:56:19.434+09:00 DEBUG 10272 --- [Shift Scheduler Demo] [           main] org.hibernate.SQL                        : delete from shift_assignments where id=?
Hibernate: delete from shift_assignments where id=?
2025-10-13T15:56:19.434+09:00 DEBUG 10272 --- [Shift Scheduler Demo] [           main] org.hibernate.SQL                        : delete from shift_assignments where id=?
Hibernate: delete from shift_assignments where id=?
2025-10-13T15:56:19.434+09:00 DEBUG 10272 --- [Shift Scheduler Demo] [           main] org.hibernate.SQL                        : delete from shift_assignments where id=?
Hibernate: delete from shift_assignments where id=?
2025-10-13T15:56:19.434+09:00 DEBUG 10272 --- [Shift Scheduler Demo] [           main] org.hibernate.SQL                        : delete from shift_assignments where id=?
Hibernate: delete from shift_assignments where id=?
2025-10-13T15:56:19.435+09:00 DEBUG 10272 --- [Shift Scheduler Demo] [           main] org.hibernate.SQL                        : delete from shift_assignments where id=?
Hibernate: delete from shift_assignments where id=?
2025-10-13T15:56:19.435+09:00 DEBUG 10272 --- [Shift Scheduler Demo] [           main] org.hibernate.SQL                        : delete from shift_assignments where id=?
Hibernate: delete from shift_assignments where id=?
2025-10-13T15:56:19.435+09:00 DEBUG 10272 --- [Shift Scheduler Demo] [           main] org.hibernate.SQL                        : delete from shift_assignments where id=?
Hibernate: delete from shift_assignments where id=?
2025-10-13T15:56:19.435+09:00 DEBUG 10272 --- [Shift Scheduler Demo] [           main] org.hibernate.SQL                        : delete from shift_assignments where id=?
Hibernate: delete from shift_assignments where id=?
2025-10-13T15:56:19.436+09:00 DEBUG 10272 --- [Shift Scheduler Demo] [           main] org.hibernate.SQL                        : delete from shift_assignments where id=?
Hibernate: delete from shift_assignments where id=?
2025-10-13T15:56:19.436+09:00 DEBUG 10272 --- [Shift Scheduler Demo] [           main] org.hibernate.SQL                        : delete from shift_assignments where id=?
Hibernate: delete from shift_assignments where id=?
2025-10-13T15:56:19.436+09:00 DEBUG 10272 --- [Shift Scheduler Demo] [           main] org.hibernate.SQL                        : delete from shift_assignments where id=?
Hibernate: delete from shift_assignments where id=?
2025-10-13T15:56:19.436+09:00 DEBUG 10272 --- [Shift Scheduler Demo] [           main] org.hibernate.SQL                        : delete from shift_assignments where id=?
Hibernate: delete from shift_assignments where id=?
2025-10-13T15:56:19.436+09:00 DEBUG 10272 --- [Shift Scheduler Demo] [           main] org.hibernate.SQL                        : delete from shift_assignments where id=?
Hibernate: delete from shift_assignments where id=?
2025-10-13T15:56:19.437+09:00 DEBUG 10272 --- [Shift Scheduler Demo] [           main] org.hibernate.SQL                        : delete from shift_assignments where id=?
Hibernate: delete from shift_assignments where id=?
2025-10-13T15:56:19.437+09:00 DEBUG 10272 --- [Shift Scheduler Demo] [           main] org.hibernate.SQL                        : delete from shift_assignments where id=?
Hibernate: delete from shift_assignments where id=?
2025-10-13T15:56:19.437+09:00 DEBUG 10272 --- [Shift Scheduler Demo] [           main] org.hibernate.SQL                        : delete from shift_assignments where id=?
Hibernate: delete from shift_assignments where id=?
2025-10-13T15:56:19.437+09:00 DEBUG 10272 --- [Shift Scheduler Demo] [           main] org.hibernate.SQL                        : delete from shift_assignments where id=?
Hibernate: delete from shift_assignments where id=?
2025-10-13T15:56:19.438+09:00 DEBUG 10272 --- [Shift Scheduler Demo] [           main] org.hibernate.SQL                        : delete from shift_assignments where id=?
Hibernate: delete from shift_assignments where id=?
2025-10-13T15:56:19.438+09:00 DEBUG 10272 --- [Shift Scheduler Demo] [           main] org.hibernate.SQL                        : delete from shift_assignments where id=?
Hibernate: delete from shift_assignments where id=?
2025-10-13T15:56:19.438+09:00 DEBUG 10272 --- [Shift Scheduler Demo] [           main] org.hibernate.SQL                        : delete from shift_assignments where id=?
Hibernate: delete from shift_assignments where id=?
2025-10-13T15:56:19.438+09:00 DEBUG 10272 --- [Shift Scheduler Demo] [           main] org.hibernate.SQL                        : delete from shift_assignments where id=?
Hibernate: delete from shift_assignments where id=?
2025-10-13T15:56:19.438+09:00 DEBUG 10272 --- [Shift Scheduler Demo] [           main] org.hibernate.SQL                        : delete from shift_assignments where id=?
Hibernate: delete from shift_assignments where id=?
2025-10-13T15:56:19.439+09:00 DEBUG 10272 --- [Shift Scheduler Demo] [           main] org.hibernate.SQL                        : delete from shift_assignments where id=?
Hibernate: delete from shift_assignments where id=?
2025-10-13T15:56:19.439+09:00 DEBUG 10272 --- [Shift Scheduler Demo] [           main] org.hibernate.SQL                        : delete from shift_assignments where id=?
Hibernate: delete from shift_assignments where id=?
2025-10-13T15:56:19.439+09:00 DEBUG 10272 --- [Shift Scheduler Demo] [           main] org.hibernate.SQL                        : delete from shift_assignments where id=?
Hibernate: delete from shift_assignments where id=?
2025-10-13T15:56:19.439+09:00 DEBUG 10272 --- [Shift Scheduler Demo] [           main] org.hibernate.SQL                        : delete from shift_assignments where id=?
Hibernate: delete from shift_assignments where id=?
2025-10-13T15:56:19.440+09:00 DEBUG 10272 --- [Shift Scheduler Demo] [           main] org.hibernate.SQL                        : delete from shift_assignments where id=?
Hibernate: delete from shift_assignments where id=?
2025-10-13T15:56:19.440+09:00 DEBUG 10272 --- [Shift Scheduler Demo] [           main] org.hibernate.SQL                        : delete from shift_assignments where id=?
Hibernate: delete from shift_assignments where id=?
2025-10-13T15:56:19.440+09:00 DEBUG 10272 --- [Shift Scheduler Demo] [           main] org.hibernate.SQL                        : delete from shift_assignments where id=?
Hibernate: delete from shift_assignments where id=?
2025-10-13T15:56:19.441+09:00 DEBUG 10272 --- [Shift Scheduler Demo] [           main] org.hibernate.SQL                        : delete from shift_assignments where id=?
Hibernate: delete from shift_assignments where id=?
2025-10-13T15:56:19.441+09:00 DEBUG 10272 --- [Shift Scheduler Demo] [           main] org.hibernate.SQL                        : delete from shift_assignments where id=?
Hibernate: delete from shift_assignments where id=?
2025-10-13T15:56:19.441+09:00 DEBUG 10272 --- [Shift Scheduler Demo] [           main] org.hibernate.SQL                        : delete from shift_assignments where id=?
Hibernate: delete from shift_assignments where id=?
2025-10-13T15:56:19.441+09:00 DEBUG 10272 --- [Shift Scheduler Demo] [           main] org.hibernate.SQL                        : delete from shift_assignments where id=?
Hibernate: delete from shift_assignments where id=?
2025-10-13T15:56:19.441+09:00 DEBUG 10272 --- [Shift Scheduler Demo] [           main] org.hibernate.SQL                        : delete from shift_assignments where id=?
Hibernate: delete from shift_assignments where id=?
2025-10-13T15:56:19.441+09:00 DEBUG 10272 --- [Shift Scheduler Demo] [           main] org.hibernate.SQL                        : delete from shift_assignments where id=?
Hibernate: delete from shift_assignments where id=?
2025-10-13T15:56:19.442+09:00 DEBUG 10272 --- [Shift Scheduler Demo] [           main] org.hibernate.SQL                        : delete from shift_assignments where id=?
Hibernate: delete from shift_assignments where id=?
2025-10-13T15:56:19.442+09:00 DEBUG 10272 --- [Shift Scheduler Demo] [           main] org.hibernate.SQL                        : delete from shift_assignments where id=?
Hibernate: delete from shift_assignments where id=?
2025-10-13T15:56:19.442+09:00 DEBUG 10272 --- [Shift Scheduler Demo] [           main] org.hibernate.SQL                        : delete from shift_assignments where id=?
Hibernate: delete from shift_assignments where id=?
2025-10-13T15:56:19.443+09:00 DEBUG 10272 --- [Shift Scheduler Demo] [           main] org.hibernate.SQL                        : delete from shift_assignments where id=?
Hibernate: delete from shift_assignments where id=?
2025-10-13T15:56:19.443+09:00 DEBUG 10272 --- [Shift Scheduler Demo] [           main] org.hibernate.SQL                        : delete from shift_assignments where id=?
Hibernate: delete from shift_assignments where id=?
2025-10-13T15:56:19.443+09:00 DEBUG 10272 --- [Shift Scheduler Demo] [           main] org.hibernate.SQL                        : delete from shift_assignments where id=?
Hibernate: delete from shift_assignments where id=?
2025-10-13T15:56:19.447+09:00 DEBUG 10272 --- [Shift Scheduler Demo] [           main] org.hibernate.SQL                        : delete from shift_assignments where id=?
Hibernate: delete from shift_assignments where id=?
2025-10-13T15:56:19.448+09:00 DEBUG 10272 --- [Shift Scheduler Demo] [           main] org.hibernate.SQL                        : delete from shift_assignments where id=?
Hibernate: delete from shift_assignments where id=?
2025-10-13T15:56:19.449+09:00 DEBUG 10272 --- [Shift Scheduler Demo] [           main] org.hibernate.SQL                        : delete from shift_assignments where id=?
Hibernate: delete from shift_assignments where id=?
2025-10-13T15:56:19.450+09:00 DEBUG 10272 --- [Shift Scheduler Demo] [           main] org.hibernate.SQL                        : delete from shift_assignments where id=?
Hibernate: delete from shift_assignments where id=?
2025-10-13T15:56:19.450+09:00 DEBUG 10272 --- [Shift Scheduler Demo] [           main] org.hibernate.SQL                        : delete from shift_assignments where id=?
Hibernate: delete from shift_assignments where id=?
2025-10-13T15:56:19.450+09:00 DEBUG 10272 --- [Shift Scheduler Demo] [           main] org.hibernate.SQL                        : delete from shift_assignments where id=?
Hibernate: delete from shift_assignments where id=?
2025-10-13T15:56:19.450+09:00 DEBUG 10272 --- [Shift Scheduler Demo] [           main] org.hibernate.SQL                        : delete from shift_assignments where id=?
Hibernate: delete from shift_assignments where id=?
2025-10-13T15:56:19.451+09:00 DEBUG 10272 --- [Shift Scheduler Demo] [           main] org.hibernate.SQL                        : delete from shift_assignments where id=?
Hibernate: delete from shift_assignments where id=?
2025-10-13T15:56:19.451+09:00 DEBUG 10272 --- [Shift Scheduler Demo] [           main] org.hibernate.SQL                        : delete from shift_assignments where id=?
Hibernate: delete from shift_assignments where id=?
2025-10-13T15:56:19.451+09:00 DEBUG 10272 --- [Shift Scheduler Demo] [           main] org.hibernate.SQL                        : delete from shift_assignments where id=?
Hibernate: delete from shift_assignments where id=?
2025-10-13T15:56:19.451+09:00 DEBUG 10272 --- [Shift Scheduler Demo] [           main] org.hibernate.SQL                        : delete from shift_assignments where id=?
Hibernate: delete from shift_assignments where id=?
2025-10-13T15:56:19.452+09:00 DEBUG 10272 --- [Shift Scheduler Demo] [           main] org.hibernate.SQL                        : delete from shift_assignments where id=?
Hibernate: delete from shift_assignments where id=?
2025-10-13T15:56:19.452+09:00 DEBUG 10272 --- [Shift Scheduler Demo] [           main] org.hibernate.SQL                        : delete from shift_assignments where id=?
Hibernate: delete from shift_assignments where id=?
2025-10-13T15:56:19.452+09:00 DEBUG 10272 --- [Shift Scheduler Demo] [           main] org.hibernate.SQL                        : delete from shift_assignments where id=?
Hibernate: delete from shift_assignments where id=?
2025-10-13T15:56:19.452+09:00 DEBUG 10272 --- [Shift Scheduler Demo] [           main] org.hibernate.SQL                        : delete from shift_assignments where id=?
Hibernate: delete from shift_assignments where id=?
2025-10-13T15:56:19.453+09:00 DEBUG 10272 --- [Shift Scheduler Demo] [           main] org.hibernate.SQL                        : delete from shift_assignments where id=?
Hibernate: delete from shift_assignments where id=?
2025-10-13T15:56:19.453+09:00 DEBUG 10272 --- [Shift Scheduler Demo] [           main] org.hibernate.SQL                        : delete from shift_assignments where id=?
Hibernate: delete from shift_assignments where id=?
2025-10-13T15:56:19.453+09:00 DEBUG 10272 --- [Shift Scheduler Demo] [           main] org.hibernate.SQL                        : delete from shift_assignments where id=?
Hibernate: delete from shift_assignments where id=?
2025-10-13T15:56:19.454+09:00 DEBUG 10272 --- [Shift Scheduler Demo] [           main] org.hibernate.SQL                        : delete from shift_assignments where id=?
Hibernate: delete from shift_assignments where id=?
2025-10-13T15:56:19.454+09:00 DEBUG 10272 --- [Shift Scheduler Demo] [           main] org.hibernate.SQL                        : delete from shift_assignments where id=?
Hibernate: delete from shift_assignments where id=?
2025-10-13T15:56:19.454+09:00 DEBUG 10272 --- [Shift Scheduler Demo] [           main] org.hibernate.SQL                        : delete from shift_assignments where id=?
Hibernate: delete from shift_assignments where id=?
2025-10-13T15:56:19.454+09:00 DEBUG 10272 --- [Shift Scheduler Demo] [           main] org.hibernate.SQL                        : delete from shift_assignments where id=?
Hibernate: delete from shift_assignments where id=?
2025-10-13T15:56:19.455+09:00 DEBUG 10272 --- [Shift Scheduler Demo] [           main] org.hibernate.SQL                        : delete from shift_assignments where id=?
Hibernate: delete from shift_assignments where id=?
2025-10-13T15:56:19.455+09:00 DEBUG 10272 --- [Shift Scheduler Demo] [           main] org.hibernate.SQL                        : delete from shift_assignments where id=?
Hibernate: delete from shift_assignments where id=?
2025-10-13T15:56:19.455+09:00 DEBUG 10272 --- [Shift Scheduler Demo] [           main] org.hibernate.SQL                        : delete from shift_assignments where id=?
Hibernate: delete from shift_assignments where id=?
2025-10-13T15:56:19.455+09:00 DEBUG 10272 --- [Shift Scheduler Demo] [           main] org.hibernate.SQL                        : delete from shift_assignments where id=?
Hibernate: delete from shift_assignments where id=?
2025-10-13T15:56:19.456+09:00 DEBUG 10272 --- [Shift Scheduler Demo] [           main] org.hibernate.SQL                        : delete from shift_assignments where id=?
Hibernate: delete from shift_assignments where id=?
2025-10-13T15:56:19.457+09:00 DEBUG 10272 --- [Shift Scheduler Demo] [           main] org.hibernate.SQL                        : delete from shift_assignments where id=?
Hibernate: delete from shift_assignments where id=?
2025-10-13T15:56:19.458+09:00 DEBUG 10272 --- [Shift Scheduler Demo] [           main] org.hibernate.SQL                        : delete from shift_assignments where id=?
Hibernate: delete from shift_assignments where id=?
2025-10-13T15:56:19.458+09:00 DEBUG 10272 --- [Shift Scheduler Demo] [           main] org.hibernate.SQL                        : delete from shift_assignments where id=?
Hibernate: delete from shift_assignments where id=?
2025-10-13T15:56:19.458+09:00 DEBUG 10272 --- [Shift Scheduler Demo] [           main] org.hibernate.SQL                        : delete from shift_assignments where id=?
Hibernate: delete from shift_assignments where id=?
2025-10-13T15:56:19.458+09:00 DEBUG 10272 --- [Shift Scheduler Demo] [           main] org.hibernate.SQL                        : delete from shift_assignments where id=?
Hibernate: delete from shift_assignments where id=?
2025-10-13T15:56:19.459+09:00 DEBUG 10272 --- [Shift Scheduler Demo] [           main] org.hibernate.SQL                        : delete from shift_assignments where id=?
Hibernate: delete from shift_assignments where id=?
2025-10-13T15:56:19.459+09:00 DEBUG 10272 --- [Shift Scheduler Demo] [           main] org.hibernate.SQL                        : delete from shift_assignments where id=?
Hibernate: delete from shift_assignments where id=?
2025-10-13T15:56:19.459+09:00 DEBUG 10272 --- [Shift Scheduler Demo] [           main] org.hibernate.SQL                        : delete from shift_assignments where id=?
Hibernate: delete from shift_assignments where id=?
2025-10-13T15:56:19.459+09:00 DEBUG 10272 --- [Shift Scheduler Demo] [           main] org.hibernate.SQL                        : delete from shift_assignments where id=?
Hibernate: delete from shift_assignments where id=?
2025-10-13T15:56:19.460+09:00 DEBUG 10272 --- [Shift Scheduler Demo] [           main] org.hibernate.SQL                        : delete from shift_assignments where id=?
Hibernate: delete from shift_assignments where id=?
2025-10-13T15:56:19.460+09:00 DEBUG 10272 --- [Shift Scheduler Demo] [           main] org.hibernate.SQL                        : delete from shift_assignments where id=?
Hibernate: delete from shift_assignments where id=?
2025-10-13T15:56:19.460+09:00 DEBUG 10272 --- [Shift Scheduler Demo] [           main] org.hibernate.SQL                        : delete from shift_assignments where id=?
Hibernate: delete from shift_assignments where id=?
2025-10-13T15:56:19.461+09:00 DEBUG 10272 --- [Shift Scheduler Demo] [           main] org.hibernate.SQL                        : delete from shift_assignments where id=?
Hibernate: delete from shift_assignments where id=?
2025-10-13T15:56:19.461+09:00 DEBUG 10272 --- [Shift Scheduler Demo] [           main] org.hibernate.SQL                        : delete from shift_assignments where id=?
Hibernate: delete from shift_assignments where id=?
2025-10-13T15:56:19.461+09:00 DEBUG 10272 --- [Shift Scheduler Demo] [           main] org.hibernate.SQL                        : delete from shift_assignments where id=?
Hibernate: delete from shift_assignments where id=?
2025-10-13T15:56:19.462+09:00 DEBUG 10272 --- [Shift Scheduler Demo] [           main] org.hibernate.SQL                        : delete from shift_assignments where id=?
Hibernate: delete from shift_assignments where id=?
2025-10-13T15:56:19.462+09:00 DEBUG 10272 --- [Shift Scheduler Demo] [           main] org.hibernate.SQL                        : delete from shift_assignments where id=?
Hibernate: delete from shift_assignments where id=?
2025-10-13T15:56:19.462+09:00 DEBUG 10272 --- [Shift Scheduler Demo] [           main] org.hibernate.SQL                        : delete from shift_assignments where id=?
Hibernate: delete from shift_assignments where id=?
2025-10-13T15:56:19.462+09:00 DEBUG 10272 --- [Shift Scheduler Demo] [           main] org.hibernate.SQL                        : delete from shift_assignments where id=?
Hibernate: delete from shift_assignments where id=?
2025-10-13T15:56:19.463+09:00 DEBUG 10272 --- [Shift Scheduler Demo] [           main] org.hibernate.SQL                        : delete from shift_assignments where id=?
Hibernate: delete from shift_assignments where id=?
2025-10-13T15:56:19.463+09:00 DEBUG 10272 --- [Shift Scheduler Demo] [           main] org.hibernate.SQL                        : delete from shift_assignments where id=?
Hibernate: delete from shift_assignments where id=?
2025-10-13T15:56:19.463+09:00 DEBUG 10272 --- [Shift Scheduler Demo] [           main] org.hibernate.SQL                        : delete from shift_assignments where id=?
Hibernate: delete from shift_assignments where id=?
2025-10-13T15:56:19.463+09:00 DEBUG 10272 --- [Shift Scheduler Demo] [           main] org.hibernate.SQL                        : delete from shift_assignments where id=?
Hibernate: delete from shift_assignments where id=?
2025-10-13T15:56:19.464+09:00 DEBUG 10272 --- [Shift Scheduler Demo] [           main] org.hibernate.SQL                        : delete from shift_assignments where id=?
Hibernate: delete from shift_assignments where id=?
2025-10-13T15:56:19.464+09:00 DEBUG 10272 --- [Shift Scheduler Demo] [           main] org.hibernate.SQL                        : delete from shift_assignments where id=?
Hibernate: delete from shift_assignments where id=?
2025-10-13T15:56:19.464+09:00 DEBUG 10272 --- [Shift Scheduler Demo] [           main] org.hibernate.SQL                        : delete from shift_assignments where id=?
Hibernate: delete from shift_assignments where id=?
2025-10-13T15:56:19.465+09:00 DEBUG 10272 --- [Shift Scheduler Demo] [           main] org.hibernate.SQL                        : delete from shift_assignments where id=?
Hibernate: delete from shift_assignments where id=?
2025-10-13T15:56:19.465+09:00 DEBUG 10272 --- [Shift Scheduler Demo] [           main] org.hibernate.SQL                        : delete from shift_assignments where id=?
Hibernate: delete from shift_assignments where id=?
2025-10-13T15:56:19.465+09:00 DEBUG 10272 --- [Shift Scheduler Demo] [           main] org.hibernate.SQL                        : delete from shift_assignments where id=?
Hibernate: delete from shift_assignments where id=?
2025-10-13T15:56:19.466+09:00 DEBUG 10272 --- [Shift Scheduler Demo] [           main] org.hibernate.SQL                        : delete from shift_assignments where id=?
Hibernate: delete from shift_assignments where id=?
2025-10-13T15:56:19.466+09:00 DEBUG 10272 --- [Shift Scheduler Demo] [           main] org.hibernate.SQL                        : delete from shift_assignments where id=?
Hibernate: delete from shift_assignments where id=?
2025-10-13T15:56:19.467+09:00 DEBUG 10272 --- [Shift Scheduler Demo] [           main] org.hibernate.SQL                        : delete from shift_assignments where id=?
Hibernate: delete from shift_assignments where id=?
2025-10-13T15:56:19.467+09:00 DEBUG 10272 --- [Shift Scheduler Demo] [           main] org.hibernate.SQL                        : delete from shift_assignments where id=?
Hibernate: delete from shift_assignments where id=?
2025-10-13T15:56:19.467+09:00 DEBUG 10272 --- [Shift Scheduler Demo] [           main] org.hibernate.SQL                        : delete from shift_assignments where id=?
Hibernate: delete from shift_assignments where id=?
2025-10-13T15:56:19.467+09:00 DEBUG 10272 --- [Shift Scheduler Demo] [           main] org.hibernate.SQL                        : delete from shift_assignments where id=?
Hibernate: delete from shift_assignments where id=?
2025-10-13T15:56:19.468+09:00 DEBUG 10272 --- [Shift Scheduler Demo] [           main] org.hibernate.SQL                        : delete from shift_assignments where id=?
Hibernate: delete from shift_assignments where id=?
2025-10-13T15:56:19.468+09:00 DEBUG 10272 --- [Shift Scheduler Demo] [           main] org.hibernate.SQL                        : delete from shift_assignments where id=?
Hibernate: delete from shift_assignments where id=?
2025-10-13T15:56:19.468+09:00 DEBUG 10272 --- [Shift Scheduler Demo] [           main] org.hibernate.SQL                        : delete from shift_assignments where id=?
Hibernate: delete from shift_assignments where id=?
2025-10-13T15:56:19.468+09:00 DEBUG 10272 --- [Shift Scheduler Demo] [           main] org.hibernate.SQL                        : delete from shift_assignments where id=?
Hibernate: delete from shift_assignments where id=?
2025-10-13T15:56:19.469+09:00 DEBUG 10272 --- [Shift Scheduler Demo] [           main] org.hibernate.SQL                        : delete from shift_assignments where id=?
Hibernate: delete from shift_assignments where id=?
2025-10-13T15:56:19.469+09:00 DEBUG 10272 --- [Shift Scheduler Demo] [           main] org.hibernate.SQL                        : delete from shift_assignments where id=?
Hibernate: delete from shift_assignments where id=?
2025-10-13T15:56:19.469+09:00 DEBUG 10272 --- [Shift Scheduler Demo] [           main] org.hibernate.SQL                        : delete from shift_assignments where id=?
Hibernate: delete from shift_assignments where id=?
2025-10-13T15:56:19.469+09:00 DEBUG 10272 --- [Shift Scheduler Demo] [           main] org.hibernate.SQL                        : delete from shift_assignments where id=?
Hibernate: delete from shift_assignments where id=?
2025-10-13T15:56:19.469+09:00 DEBUG 10272 --- [Shift Scheduler Demo] [           main] org.hibernate.SQL                        : delete from shift_assignments where id=?
Hibernate: delete from shift_assignments where id=?
2025-10-13T15:56:19.470+09:00 DEBUG 10272 --- [Shift Scheduler Demo] [           main] org.hibernate.SQL                        : delete from shift_assignments where id=?
Hibernate: delete from shift_assignments where id=?
2025-10-13T15:56:19.470+09:00 DEBUG 10272 --- [Shift Scheduler Demo] [           main] org.hibernate.SQL                        : delete from shift_assignments where id=?
Hibernate: delete from shift_assignments where id=?
2025-10-13T15:56:19.470+09:00 DEBUG 10272 --- [Shift Scheduler Demo] [           main] org.hibernate.SQL                        : delete from shift_assignments where id=?
Hibernate: delete from shift_assignments where id=?
2025-10-13T15:56:19.470+09:00 DEBUG 10272 --- [Shift Scheduler Demo] [           main] org.hibernate.SQL                        : delete from shift_assignments where id=?
Hibernate: delete from shift_assignments where id=?
2025-10-13T15:56:19.471+09:00 DEBUG 10272 --- [Shift Scheduler Demo] [           main] org.hibernate.SQL                        : delete from shift_assignments where id=?
Hibernate: delete from shift_assignments where id=?
2025-10-13T15:56:19.471+09:00 DEBUG 10272 --- [Shift Scheduler Demo] [           main] org.hibernate.SQL                        : delete from shift_assignments where id=?
Hibernate: delete from shift_assignments where id=?
2025-10-13T15:56:19.471+09:00 DEBUG 10272 --- [Shift Scheduler Demo] [           main] org.hibernate.SQL                        : delete from shift_assignments where id=?
Hibernate: delete from shift_assignments where id=?
2025-10-13T15:56:19.471+09:00 DEBUG 10272 --- [Shift Scheduler Demo] [           main] org.hibernate.SQL                        : delete from shift_assignments where id=?
Hibernate: delete from shift_assignments where id=?
2025-10-13T15:56:19.472+09:00 DEBUG 10272 --- [Shift Scheduler Demo] [           main] org.hibernate.SQL                        : delete from shift_assignments where id=?
Hibernate: delete from shift_assignments where id=?
2025-10-13T15:56:19.472+09:00 DEBUG 10272 --- [Shift Scheduler Demo] [           main] org.hibernate.SQL                        : delete from shift_assignments where id=?
Hibernate: delete from shift_assignments where id=?
2025-10-13T15:56:19.472+09:00 DEBUG 10272 --- [Shift Scheduler Demo] [           main] org.hibernate.SQL                        : delete from shift_assignments where id=?
Hibernate: delete from shift_assignments where id=?
2025-10-13T15:56:19.472+09:00 DEBUG 10272 --- [Shift Scheduler Demo] [           main] org.hibernate.SQL                        : delete from shift_assignments where id=?
Hibernate: delete from shift_assignments where id=?
2025-10-13T15:56:19.472+09:00 DEBUG 10272 --- [Shift Scheduler Demo] [           main] org.hibernate.SQL                        : delete from shift_assignments where id=?
Hibernate: delete from shift_assignments where id=?
2025-10-13T15:56:19.473+09:00 DEBUG 10272 --- [Shift Scheduler Demo] [           main] org.hibernate.SQL                        : delete from shift_assignments where id=?
Hibernate: delete from shift_assignments where id=?
2025-10-13T15:56:19.473+09:00 DEBUG 10272 --- [Shift Scheduler Demo] [           main] org.hibernate.SQL                        : delete from shift_assignments where id=?
Hibernate: delete from shift_assignments where id=?
2025-10-13T15:56:19.473+09:00 DEBUG 10272 --- [Shift Scheduler Demo] [           main] org.hibernate.SQL                        : delete from shift_assignments where id=?
Hibernate: delete from shift_assignments where id=?
2025-10-13T15:56:19.473+09:00 DEBUG 10272 --- [Shift Scheduler Demo] [           main] org.hibernate.SQL                        : delete from shift_assignments where id=?
Hibernate: delete from shift_assignments where id=?
2025-10-13T15:56:19.473+09:00 DEBUG 10272 --- [Shift Scheduler Demo] [           main] org.hibernate.SQL                        : delete from shift_assignments where id=?
Hibernate: delete from shift_assignments where id=?
2025-10-13T15:56:19.474+09:00 DEBUG 10272 --- [Shift Scheduler Demo] [           main] org.hibernate.SQL                        : delete from shift_assignments where id=?
Hibernate: delete from shift_assignments where id=?
2025-10-13T15:56:19.474+09:00 DEBUG 10272 --- [Shift Scheduler Demo] [           main] org.hibernate.SQL                        : delete from shift_assignments where id=?
Hibernate: delete from shift_assignments where id=?
2025-10-13T15:56:19.474+09:00 DEBUG 10272 --- [Shift Scheduler Demo] [           main] org.hibernate.SQL                        : delete from shift_assignments where id=?
Hibernate: delete from shift_assignments where id=?
2025-10-13T15:56:19.474+09:00 DEBUG 10272 --- [Shift Scheduler Demo] [           main] org.hibernate.SQL                        : delete from shift_assignments where id=?
Hibernate: delete from shift_assignments where id=?
2025-10-13T15:56:19.475+09:00 DEBUG 10272 --- [Shift Scheduler Demo] [           main] org.hibernate.SQL                        : delete from shift_assignments where id=?
Hibernate: delete from shift_assignments where id=?
2025-10-13T15:56:19.475+09:00 DEBUG 10272 --- [Shift Scheduler Demo] [           main] org.hibernate.SQL                        : delete from shift_assignments where id=?
Hibernate: delete from shift_assignments where id=?
2025-10-13T15:56:19.475+09:00 DEBUG 10272 --- [Shift Scheduler Demo] [           main] org.hibernate.SQL                        : delete from shift_assignments where id=?
Hibernate: delete from shift_assignments where id=?
2025-10-13T15:56:19.475+09:00 DEBUG 10272 --- [Shift Scheduler Demo] [           main] org.hibernate.SQL                        : delete from shift_assignments where id=?
Hibernate: delete from shift_assignments where id=?
2025-10-13T15:56:19.475+09:00 DEBUG 10272 --- [Shift Scheduler Demo] [           main] org.hibernate.SQL                        : delete from shift_assignments where id=?
Hibernate: delete from shift_assignments where id=?
2025-10-13T15:56:19.475+09:00 DEBUG 10272 --- [Shift Scheduler Demo] [           main] org.hibernate.SQL                        : delete from shift_assignments where id=?
Hibernate: delete from shift_assignments where id=?
2025-10-13T15:56:19.476+09:00 DEBUG 10272 --- [Shift Scheduler Demo] [           main] org.hibernate.SQL                        : delete from shift_assignments where id=?
Hibernate: delete from shift_assignments where id=?
2025-10-13T15:56:19.476+09:00 DEBUG 10272 --- [Shift Scheduler Demo] [           main] org.hibernate.SQL                        : delete from shift_assignments where id=?
Hibernate: delete from shift_assignments where id=?
2025-10-13T15:56:19.476+09:00 DEBUG 10272 --- [Shift Scheduler Demo] [           main] org.hibernate.SQL                        : delete from shift_assignments where id=?
Hibernate: delete from shift_assignments where id=?
2025-10-13T15:56:19.476+09:00 DEBUG 10272 --- [Shift Scheduler Demo] [           main] org.hibernate.SQL                        : delete from shift_assignments where id=?
Hibernate: delete from shift_assignments where id=?
2025-10-13T15:56:19.477+09:00 DEBUG 10272 --- [Shift Scheduler Demo] [           main] org.hibernate.SQL                        : delete from shift_assignments where id=?
Hibernate: delete from shift_assignments where id=?
2025-10-13T15:56:19.477+09:00 DEBUG 10272 --- [Shift Scheduler Demo] [           main] org.hibernate.SQL                        : delete from shift_assignments where id=?
Hibernate: delete from shift_assignments where id=?
2025-10-13T15:56:19.477+09:00 DEBUG 10272 --- [Shift Scheduler Demo] [           main] org.hibernate.SQL                        : delete from shift_assignments where id=?
Hibernate: delete from shift_assignments where id=?
2025-10-13T15:56:19.477+09:00 DEBUG 10272 --- [Shift Scheduler Demo] [           main] org.hibernate.SQL                        : delete from shift_assignments where id=?
Hibernate: delete from shift_assignments where id=?
2025-10-13T15:56:19.477+09:00 DEBUG 10272 --- [Shift Scheduler Demo] [           main] org.hibernate.SQL                        : delete from shift_assignments where id=?
Hibernate: delete from shift_assignments where id=?
2025-10-13T15:56:19.477+09:00 DEBUG 10272 --- [Shift Scheduler Demo] [           main] org.hibernate.SQL                        : delete from shift_assignments where id=?
Hibernate: delete from shift_assignments where id=?
2025-10-13T15:56:19.478+09:00 DEBUG 10272 --- [Shift Scheduler Demo] [           main] org.hibernate.SQL                        : delete from shift_assignments where id=?
Hibernate: delete from shift_assignments where id=?
2025-10-13T15:56:19.478+09:00 DEBUG 10272 --- [Shift Scheduler Demo] [           main] org.hibernate.SQL                        : delete from shift_assignments where id=?
Hibernate: delete from shift_assignments where id=?
2025-10-13T15:56:19.478+09:00 DEBUG 10272 --- [Shift Scheduler Demo] [           main] org.hibernate.SQL                        : delete from shift_assignments where id=?
Hibernate: delete from shift_assignments where id=?
2025-10-13T15:56:19.478+09:00 DEBUG 10272 --- [Shift Scheduler Demo] [           main] org.hibernate.SQL                        : delete from shift_assignments where id=?
Hibernate: delete from shift_assignments where id=?
2025-10-13T15:56:19.478+09:00 DEBUG 10272 --- [Shift Scheduler Demo] [           main] org.hibernate.SQL                        : delete from shift_assignments where id=?
Hibernate: delete from shift_assignments where id=?
2025-10-13T15:56:19.479+09:00 DEBUG 10272 --- [Shift Scheduler Demo] [           main] org.hibernate.SQL                        : delete from shift_assignments where id=?
Hibernate: delete from shift_assignments where id=?
2025-10-13T15:56:19.479+09:00 DEBUG 10272 --- [Shift Scheduler Demo] [           main] org.hibernate.SQL                        : delete from shift_assignments where id=?
Hibernate: delete from shift_assignments where id=?
2025-10-13T15:56:19.479+09:00 DEBUG 10272 --- [Shift Scheduler Demo] [           main] org.hibernate.SQL                        : delete from shift_assignments where id=?
Hibernate: delete from shift_assignments where id=?
2025-10-13T15:56:19.479+09:00 DEBUG 10272 --- [Shift Scheduler Demo] [           main] org.hibernate.SQL                        : delete from shift_assignments where id=?
Hibernate: delete from shift_assignments where id=?
2025-10-13T15:56:19.479+09:00 DEBUG 10272 --- [Shift Scheduler Demo] [           main] org.hibernate.SQL                        : delete from shift_assignments where id=?
Hibernate: delete from shift_assignments where id=?
2025-10-13T15:56:19.479+09:00 DEBUG 10272 --- [Shift Scheduler Demo] [           main] org.hibernate.SQL                        : delete from shift_assignments where id=?
Hibernate: delete from shift_assignments where id=?
2025-10-13T15:56:19.480+09:00 DEBUG 10272 --- [Shift Scheduler Demo] [           main] org.hibernate.SQL                        : delete from shift_assignments where id=?
Hibernate: delete from shift_assignments where id=?
2025-10-13T15:56:19.480+09:00 DEBUG 10272 --- [Shift Scheduler Demo] [           main] org.hibernate.SQL                        : delete from shift_assignments where id=?
Hibernate: delete from shift_assignments where id=?
2025-10-13T15:56:19.480+09:00 DEBUG 10272 --- [Shift Scheduler Demo] [           main] org.hibernate.SQL                        : delete from shift_assignments where id=?
Hibernate: delete from shift_assignments where id=?
2025-10-13T15:56:19.480+09:00 DEBUG 10272 --- [Shift Scheduler Demo] [           main] org.hibernate.SQL                        : delete from shift_assignments where id=?
Hibernate: delete from shift_assignments where id=?
2025-10-13T15:56:19.480+09:00 DEBUG 10272 --- [Shift Scheduler Demo] [           main] org.hibernate.SQL                        : delete from shift_assignments where id=?
Hibernate: delete from shift_assignments where id=?
2025-10-13T15:56:19.481+09:00 DEBUG 10272 --- [Shift Scheduler Demo] [           main] org.hibernate.SQL                        : delete from shift_assignments where id=?
Hibernate: delete from shift_assignments where id=?
2025-10-13T15:56:19.481+09:00 DEBUG 10272 --- [Shift Scheduler Demo] [           main] org.hibernate.SQL                        : delete from shift_assignments where id=?
Hibernate: delete from shift_assignments where id=?
2025-10-13T15:56:19.481+09:00 DEBUG 10272 --- [Shift Scheduler Demo] [           main] org.hibernate.SQL                        : delete from shift_assignments where id=?
Hibernate: delete from shift_assignments where id=?
2025-10-13T15:56:19.481+09:00 DEBUG 10272 --- [Shift Scheduler Demo] [           main] org.hibernate.SQL                        : delete from shift_assignments where id=?
Hibernate: delete from shift_assignments where id=?
2025-10-13T15:56:19.481+09:00 DEBUG 10272 --- [Shift Scheduler Demo] [           main] org.hibernate.SQL                        : delete from shift_assignments where id=?
Hibernate: delete from shift_assignments where id=?
2025-10-13T15:56:19.481+09:00 DEBUG 10272 --- [Shift Scheduler Demo] [           main] org.hibernate.SQL                        : delete from shift_assignments where id=?
Hibernate: delete from shift_assignments where id=?
2025-10-13T15:56:19.482+09:00 DEBUG 10272 --- [Shift Scheduler Demo] [           main] org.hibernate.SQL                        : delete from shift_assignments where id=?
Hibernate: delete from shift_assignments where id=?
2025-10-13T15:56:19.482+09:00 DEBUG 10272 --- [Shift Scheduler Demo] [           main] org.hibernate.SQL                        : delete from shift_assignments where id=?
Hibernate: delete from shift_assignments where id=?
2025-10-13T15:56:19.482+09:00 DEBUG 10272 --- [Shift Scheduler Demo] [           main] org.hibernate.SQL                        : delete from shift_assignments where id=?
Hibernate: delete from shift_assignments where id=?
2025-10-13T15:56:19.482+09:00 DEBUG 10272 --- [Shift Scheduler Demo] [           main] org.hibernate.SQL                        : delete from shift_assignments where id=?
Hibernate: delete from shift_assignments where id=?
2025-10-13T15:56:19.482+09:00 DEBUG 10272 --- [Shift Scheduler Demo] [           main] org.hibernate.SQL                        : delete from shift_assignments where id=?
Hibernate: delete from shift_assignments where id=?
2025-10-13T15:56:19.483+09:00 DEBUG 10272 --- [Shift Scheduler Demo] [           main] org.hibernate.SQL                        : delete from shift_assignments where id=?
Hibernate: delete from shift_assignments where id=?
2025-10-13T15:56:19.483+09:00 DEBUG 10272 --- [Shift Scheduler Demo] [           main] org.hibernate.SQL                        : delete from shift_assignments where id=?
Hibernate: delete from shift_assignments where id=?
2025-10-13T15:56:19.483+09:00 DEBUG 10272 --- [Shift Scheduler Demo] [           main] org.hibernate.SQL                        : delete from shift_assignments where id=?
Hibernate: delete from shift_assignments where id=?
2025-10-13T15:56:19.483+09:00 DEBUG 10272 --- [Shift Scheduler Demo] [           main] org.hibernate.SQL                        : delete from shift_assignments where id=?
Hibernate: delete from shift_assignments where id=?
2025-10-13T15:56:19.483+09:00 DEBUG 10272 --- [Shift Scheduler Demo] [           main] org.hibernate.SQL                        : delete from shift_assignments where id=?
Hibernate: delete from shift_assignments where id=?
2025-10-13T15:56:19.483+09:00 DEBUG 10272 --- [Shift Scheduler Demo] [           main] org.hibernate.SQL                        : delete from shift_assignments where id=?
Hibernate: delete from shift_assignments where id=?
2025-10-13T15:56:19.484+09:00 DEBUG 10272 --- [Shift Scheduler Demo] [           main] org.hibernate.SQL                        : delete from shift_assignments where id=?
Hibernate: delete from shift_assignments where id=?
2025-10-13T15:56:19.484+09:00 DEBUG 10272 --- [Shift Scheduler Demo] [           main] org.hibernate.SQL                        : delete from shift_assignments where id=?
Hibernate: delete from shift_assignments where id=?
2025-10-13T15:56:19.484+09:00 DEBUG 10272 --- [Shift Scheduler Demo] [           main] org.hibernate.SQL                        : delete from shift_assignments where id=?
Hibernate: delete from shift_assignments where id=?
2025-10-13T15:56:19.484+09:00 DEBUG 10272 --- [Shift Scheduler Demo] [           main] org.hibernate.SQL                        : delete from shift_assignments where id=?
Hibernate: delete from shift_assignments where id=?
2025-10-13T15:56:19.484+09:00 DEBUG 10272 --- [Shift Scheduler Demo] [           main] org.hibernate.SQL                        : delete from shift_assignments where id=?
Hibernate: delete from shift_assignments where id=?
2025-10-13T15:56:19.485+09:00 DEBUG 10272 --- [Shift Scheduler Demo] [           main] org.hibernate.SQL                        : delete from shift_assignments where id=?
Hibernate: delete from shift_assignments where id=?
2025-10-13T15:56:19.485+09:00 DEBUG 10272 --- [Shift Scheduler Demo] [           main] org.hibernate.SQL                        : delete from shift_assignments where id=?
Hibernate: delete from shift_assignments where id=?
2025-10-13T15:56:19.485+09:00 DEBUG 10272 --- [Shift Scheduler Demo] [           main] org.hibernate.SQL                        : delete from shift_assignments where id=?
Hibernate: delete from shift_assignments where id=?
2025-10-13T15:56:19.485+09:00 DEBUG 10272 --- [Shift Scheduler Demo] [           main] org.hibernate.SQL                        : delete from shift_assignments where id=?
Hibernate: delete from shift_assignments where id=?
2025-10-13T15:56:19.485+09:00 DEBUG 10272 --- [Shift Scheduler Demo] [           main] org.hibernate.SQL                        : delete from shift_assignments where id=?
Hibernate: delete from shift_assignments where id=?
2025-10-13T15:56:19.486+09:00 DEBUG 10272 --- [Shift Scheduler Demo] [           main] org.hibernate.SQL                        : delete from shift_assignments where id=?
Hibernate: delete from shift_assignments where id=?
2025-10-13T15:56:19.486+09:00 DEBUG 10272 --- [Shift Scheduler Demo] [           main] org.hibernate.SQL                        : delete from shift_assignments where id=?
Hibernate: delete from shift_assignments where id=?
2025-10-13T15:56:19.486+09:00 DEBUG 10272 --- [Shift Scheduler Demo] [           main] org.hibernate.SQL                        : delete from shift_assignments where id=?
Hibernate: delete from shift_assignments where id=?
2025-10-13T15:56:19.486+09:00 DEBUG 10272 --- [Shift Scheduler Demo] [           main] org.hibernate.SQL                        : delete from shift_assignments where id=?
Hibernate: delete from shift_assignments where id=?
2025-10-13T15:56:19.486+09:00 DEBUG 10272 --- [Shift Scheduler Demo] [           main] org.hibernate.SQL                        : delete from shift_assignments where id=?
Hibernate: delete from shift_assignments where id=?
2025-10-13T15:56:19.487+09:00 DEBUG 10272 --- [Shift Scheduler Demo] [           main] org.hibernate.SQL                        : delete from shift_assignments where id=?
Hibernate: delete from shift_assignments where id=?
2025-10-13T15:56:19.487+09:00 DEBUG 10272 --- [Shift Scheduler Demo] [           main] org.hibernate.SQL                        : delete from shift_assignments where id=?
Hibernate: delete from shift_assignments where id=?
2025-10-13T15:56:19.487+09:00 DEBUG 10272 --- [Shift Scheduler Demo] [           main] org.hibernate.SQL                        : delete from shift_assignments where id=?
Hibernate: delete from shift_assignments where id=?
2025-10-13T15:56:19.487+09:00 DEBUG 10272 --- [Shift Scheduler Demo] [           main] org.hibernate.SQL                        : delete from shift_assignments where id=?
Hibernate: delete from shift_assignments where id=?
2025-10-13T15:56:19.487+09:00 DEBUG 10272 --- [Shift Scheduler Demo] [           main] org.hibernate.SQL                        : delete from shift_assignments where id=?
Hibernate: delete from shift_assignments where id=?
2025-10-13T15:56:19.487+09:00 DEBUG 10272 --- [Shift Scheduler Demo] [           main] org.hibernate.SQL                        : delete from shift_assignments where id=?
Hibernate: delete from shift_assignments where id=?
2025-10-13T15:56:19.488+09:00 DEBUG 10272 --- [Shift Scheduler Demo] [           main] org.hibernate.SQL                        : delete from shift_assignments where id=?
Hibernate: delete from shift_assignments where id=?
2025-10-13T15:56:19.488+09:00 DEBUG 10272 --- [Shift Scheduler Demo] [           main] org.hibernate.SQL                        : delete from shift_assignments where id=?
Hibernate: delete from shift_assignments where id=?
2025-10-13T15:56:19.488+09:00 DEBUG 10272 --- [Shift Scheduler Demo] [           main] org.hibernate.SQL                        : delete from shift_assignments where id=?
Hibernate: delete from shift_assignments where id=?
2025-10-13T15:56:19.488+09:00 DEBUG 10272 --- [Shift Scheduler Demo] [           main] org.hibernate.SQL                        : delete from shift_assignments where id=?
Hibernate: delete from shift_assignments where id=?
2025-10-13T15:56:19.489+09:00 DEBUG 10272 --- [Shift Scheduler Demo] [           main] org.hibernate.SQL                        : delete from shift_assignments where id=?
Hibernate: delete from shift_assignments where id=?
2025-10-13T15:56:19.489+09:00 DEBUG 10272 --- [Shift Scheduler Demo] [           main] org.hibernate.SQL                        : delete from shift_assignments where id=?
Hibernate: delete from shift_assignments where id=?
2025-10-13T15:56:19.489+09:00 DEBUG 10272 --- [Shift Scheduler Demo] [           main] org.hibernate.SQL                        : delete from shift_assignments where id=?
Hibernate: delete from shift_assignments where id=?
2025-10-13T15:56:19.490+09:00 DEBUG 10272 --- [Shift Scheduler Demo] [           main] org.hibernate.SQL                        : delete from shift_assignments where id=?
Hibernate: delete from shift_assignments where id=?
2025-10-13T15:56:19.490+09:00 DEBUG 10272 --- [Shift Scheduler Demo] [           main] org.hibernate.SQL                        : delete from shift_assignments where id=?
Hibernate: delete from shift_assignments where id=?
2025-10-13T15:56:19.490+09:00 DEBUG 10272 --- [Shift Scheduler Demo] [           main] org.hibernate.SQL                        : delete from shift_assignments where id=?
Hibernate: delete from shift_assignments where id=?
2025-10-13T15:56:19.491+09:00 DEBUG 10272 --- [Shift Scheduler Demo] [           main] org.hibernate.SQL                        : delete from shift_assignments where id=?
Hibernate: delete from shift_assignments where id=?
2025-10-13T15:56:19.492+09:00 DEBUG 10272 --- [Shift Scheduler Demo] [           main] org.hibernate.SQL                        : delete from shift_assignments where id=?
Hibernate: delete from shift_assignments where id=?
2025-10-13T15:56:19.492+09:00 DEBUG 10272 --- [Shift Scheduler Demo] [           main] org.hibernate.SQL                        : delete from shift_assignments where id=?
Hibernate: delete from shift_assignments where id=?
2025-10-13T15:56:19.496+09:00 DEBUG 10272 --- [Shift Scheduler Demo] [           main] org.hibernate.SQL                        : delete from shift_assignments where id=?
Hibernate: delete from shift_assignments where id=?
2025-10-13T15:56:19.497+09:00 DEBUG 10272 --- [Shift Scheduler Demo] [           main] org.hibernate.SQL                        : delete from shift_assignments where id=?
Hibernate: delete from shift_assignments where id=?
2025-10-13T15:56:19.497+09:00 DEBUG 10272 --- [Shift Scheduler Demo] [           main] org.hibernate.SQL                        : delete from shift_assignments where id=?
Hibernate: delete from shift_assignments where id=?
2025-10-13T15:56:19.497+09:00 DEBUG 10272 --- [Shift Scheduler Demo] [           main] org.hibernate.SQL                        : delete from shift_assignments where id=?
Hibernate: delete from shift_assignments where id=?
2025-10-13T15:56:19.498+09:00 DEBUG 10272 --- [Shift Scheduler Demo] [           main] org.hibernate.SQL                        : delete from shift_assignments where id=?
Hibernate: delete from shift_assignments where id=?
2025-10-13T15:56:19.498+09:00 DEBUG 10272 --- [Shift Scheduler Demo] [           main] org.hibernate.SQL                        : delete from shift_assignments where id=?
Hibernate: delete from shift_assignments where id=?
2025-10-13T15:56:19.498+09:00 DEBUG 10272 --- [Shift Scheduler Demo] [           main] org.hibernate.SQL                        : delete from shift_assignments where id=?
Hibernate: delete from shift_assignments where id=?
2025-10-13T15:56:19.499+09:00 DEBUG 10272 --- [Shift Scheduler Demo] [           main] org.hibernate.SQL                        : delete from shift_assignments where id=?
Hibernate: delete from shift_assignments where id=?
2025-10-13T15:56:19.499+09:00 DEBUG 10272 --- [Shift Scheduler Demo] [           main] org.hibernate.SQL                        : delete from shift_assignments where id=?
Hibernate: delete from shift_assignments where id=?
2025-10-13T15:56:19.499+09:00 DEBUG 10272 --- [Shift Scheduler Demo] [           main] org.hibernate.SQL                        : delete from shift_assignments where id=?
Hibernate: delete from shift_assignments where id=?
2025-10-13T15:56:19.500+09:00 DEBUG 10272 --- [Shift Scheduler Demo] [           main] org.hibernate.SQL                        : delete from shift_assignments where id=?
Hibernate: delete from shift_assignments where id=?
2025-10-13T15:56:19.501+09:00 DEBUG 10272 --- [Shift Scheduler Demo] [           main] org.hibernate.SQL                        : delete from shift_assignments where id=?
Hibernate: delete from shift_assignments where id=?
2025-10-13T15:56:19.502+09:00 DEBUG 10272 --- [Shift Scheduler Demo] [           main] org.hibernate.SQL                        : delete from shift_assignments where id=?
Hibernate: delete from shift_assignments where id=?
2025-10-13T15:56:19.502+09:00 DEBUG 10272 --- [Shift Scheduler Demo] [           main] org.hibernate.SQL                        : delete from shift_assignments where id=?
Hibernate: delete from shift_assignments where id=?
2025-10-13T15:56:19.502+09:00 DEBUG 10272 --- [Shift Scheduler Demo] [           main] org.hibernate.SQL                        : delete from shift_assignments where id=?
Hibernate: delete from shift_assignments where id=?
2025-10-13T15:56:19.502+09:00 DEBUG 10272 --- [Shift Scheduler Demo] [           main] org.hibernate.SQL                        : delete from shift_assignments where id=?
Hibernate: delete from shift_assignments where id=?
2025-10-13T15:56:19.503+09:00 DEBUG 10272 --- [Shift Scheduler Demo] [           main] org.hibernate.SQL                        : delete from shift_assignments where id=?
Hibernate: delete from shift_assignments where id=?
2025-10-13T15:56:19.503+09:00 DEBUG 10272 --- [Shift Scheduler Demo] [           main] org.hibernate.SQL                        : delete from shift_assignments where id=?
Hibernate: delete from shift_assignments where id=?
2025-10-13T15:56:19.503+09:00 DEBUG 10272 --- [Shift Scheduler Demo] [           main] org.hibernate.SQL                        : delete from shift_assignments where id=?
Hibernate: delete from shift_assignments where id=?
2025-10-13T15:56:19.503+09:00 DEBUG 10272 --- [Shift Scheduler Demo] [           main] org.hibernate.SQL                        : delete from shift_assignments where id=?
Hibernate: delete from shift_assignments where id=?
2025-10-13T15:56:19.503+09:00 DEBUG 10272 --- [Shift Scheduler Demo] [           main] org.hibernate.SQL                        : delete from shift_assignments where id=?
Hibernate: delete from shift_assignments where id=?
2025-10-13T15:56:19.503+09:00 DEBUG 10272 --- [Shift Scheduler Demo] [           main] org.hibernate.SQL                        : delete from shift_assignments where id=?
Hibernate: delete from shift_assignments where id=?
2025-10-13T15:56:19.504+09:00 DEBUG 10272 --- [Shift Scheduler Demo] [           main] org.hibernate.SQL                        : delete from shift_assignments where id=?
Hibernate: delete from shift_assignments where id=?
2025-10-13T15:56:19.504+09:00 DEBUG 10272 --- [Shift Scheduler Demo] [           main] org.hibernate.SQL                        : delete from shift_assignments where id=?
Hibernate: delete from shift_assignments where id=?
2025-10-13T15:56:19.504+09:00 DEBUG 10272 --- [Shift Scheduler Demo] [           main] org.hibernate.SQL                        : delete from shift_assignments where id=?
Hibernate: delete from shift_assignments where id=?
2025-10-13T15:56:19.504+09:00 DEBUG 10272 --- [Shift Scheduler Demo] [           main] org.hibernate.SQL                        : delete from shift_assignments where id=?
Hibernate: delete from shift_assignments where id=?
2025-10-13T15:56:19.504+09:00 DEBUG 10272 --- [Shift Scheduler Demo] [           main] org.hibernate.SQL                        : delete from shift_assignments where id=?
Hibernate: delete from shift_assignments where id=?
2025-10-13T15:56:19.504+09:00 DEBUG 10272 --- [Shift Scheduler Demo] [           main] org.hibernate.SQL                        : delete from shift_assignments where id=?
Hibernate: delete from shift_assignments where id=?
2025-10-13T15:56:19.504+09:00 DEBUG 10272 --- [Shift Scheduler Demo] [           main] org.hibernate.SQL                        : delete from shift_assignments where id=?
Hibernate: delete from shift_assignments where id=?
2025-10-13T15:56:19.504+09:00 DEBUG 10272 --- [Shift Scheduler Demo] [           main] org.hibernate.SQL                        : delete from shift_assignments where id=?
Hibernate: delete from shift_assignments where id=?
2025-10-13T15:56:19.504+09:00 DEBUG 10272 --- [Shift Scheduler Demo] [           main] org.hibernate.SQL                        : delete from shift_assignments where id=?
Hibernate: delete from shift_assignments where id=?
2025-10-13T15:56:19.504+09:00 DEBUG 10272 --- [Shift Scheduler Demo] [           main] org.hibernate.SQL                        : delete from shift_assignments where id=?
Hibernate: delete from shift_assignments where id=?
2025-10-13T15:56:19.505+09:00 DEBUG 10272 --- [Shift Scheduler Demo] [           main] org.hibernate.SQL                        : delete from shift_assignments where id=?
Hibernate: delete from shift_assignments where id=?
2025-10-13T15:56:19.505+09:00 DEBUG 10272 --- [Shift Scheduler Demo] [           main] org.hibernate.SQL                        : delete from shift_assignments where id=?
Hibernate: delete from shift_assignments where id=?
2025-10-13T15:56:19.505+09:00 DEBUG 10272 --- [Shift Scheduler Demo] [           main] org.hibernate.SQL                        : delete from shift_assignments where id=?
Hibernate: delete from shift_assignments where id=?
2025-10-13T15:56:19.505+09:00 DEBUG 10272 --- [Shift Scheduler Demo] [           main] org.hibernate.SQL                        : delete from shift_assignments where id=?
Hibernate: delete from shift_assignments where id=?
2025-10-13T15:56:19.505+09:00 DEBUG 10272 --- [Shift Scheduler Demo] [           main] org.hibernate.SQL                        : delete from shift_assignments where id=?
Hibernate: delete from shift_assignments where id=?
2025-10-13T15:56:19.505+09:00 DEBUG 10272 --- [Shift Scheduler Demo] [           main] org.hibernate.SQL                        : delete from shift_assignments where id=?
Hibernate: delete from shift_assignments where id=?
2025-10-13T15:56:19.505+09:00 DEBUG 10272 --- [Shift Scheduler Demo] [           main] org.hibernate.SQL                        : delete from shift_assignments where id=?
Hibernate: delete from shift_assignments where id=?
2025-10-13T15:56:19.505+09:00 DEBUG 10272 --- [Shift Scheduler Demo] [           main] org.hibernate.SQL                        : delete from shift_assignments where id=?
Hibernate: delete from shift_assignments where id=?
2025-10-13T15:56:19.506+09:00 DEBUG 10272 --- [Shift Scheduler Demo] [           main] org.hibernate.SQL                        : delete from shift_assignments where id=?
Hibernate: delete from shift_assignments where id=?
2025-10-13T15:56:19.506+09:00 DEBUG 10272 --- [Shift Scheduler Demo] [           main] org.hibernate.SQL                        : delete from shift_assignments where id=?
Hibernate: delete from shift_assignments where id=?
2025-10-13T15:56:19.506+09:00 DEBUG 10272 --- [Shift Scheduler Demo] [           main] org.hibernate.SQL                        : delete from shift_assignments where id=?
Hibernate: delete from shift_assignments where id=?
2025-10-13T15:56:19.506+09:00 DEBUG 10272 --- [Shift Scheduler Demo] [           main] org.hibernate.SQL                        : delete from shift_assignments where id=?
Hibernate: delete from shift_assignments where id=?
2025-10-13T15:56:19.506+09:00 DEBUG 10272 --- [Shift Scheduler Demo] [           main] org.hibernate.SQL                        : delete from shift_assignments where id=?
Hibernate: delete from shift_assignments where id=?
2025-10-13T15:56:19.506+09:00 DEBUG 10272 --- [Shift Scheduler Demo] [           main] org.hibernate.SQL                        : delete from shift_assignments where id=?
Hibernate: delete from shift_assignments where id=?
2025-10-13T15:56:19.506+09:00 DEBUG 10272 --- [Shift Scheduler Demo] [           main] org.hibernate.SQL                        : delete from shift_assignments where id=?
Hibernate: delete from shift_assignments where id=?
2025-10-13T15:56:19.506+09:00 DEBUG 10272 --- [Shift Scheduler Demo] [           main] org.hibernate.SQL                        : delete from shift_assignments where id=?
Hibernate: delete from shift_assignments where id=?
2025-10-13T15:56:19.506+09:00 DEBUG 10272 --- [Shift Scheduler Demo] [           main] org.hibernate.SQL                        : delete from shift_assignments where id=?
Hibernate: delete from shift_assignments where id=?
2025-10-13T15:56:19.507+09:00 DEBUG 10272 --- [Shift Scheduler Demo] [           main] org.hibernate.SQL                        : delete from shift_assignments where id=?
Hibernate: delete from shift_assignments where id=?
2025-10-13T15:56:19.507+09:00 DEBUG 10272 --- [Shift Scheduler Demo] [           main] org.hibernate.SQL                        : delete from shift_assignments where id=?
Hibernate: delete from shift_assignments where id=?
2025-10-13T15:56:19.508+09:00 DEBUG 10272 --- [Shift Scheduler Demo] [           main] org.hibernate.SQL                        : delete from shift_assignments where id=?
Hibernate: delete from shift_assignments where id=?
2025-10-13T15:56:19.509+09:00 DEBUG 10272 --- [Shift Scheduler Demo] [           main] org.hibernate.SQL                        : delete from shift_assignments where id=?
Hibernate: delete from shift_assignments where id=?
2025-10-13T15:56:19.509+09:00 DEBUG 10272 --- [Shift Scheduler Demo] [           main] org.hibernate.SQL                        : delete from shift_assignments where id=?
Hibernate: delete from shift_assignments where id=?
2025-10-13T15:56:19.509+09:00 DEBUG 10272 --- [Shift Scheduler Demo] [           main] org.hibernate.SQL                        : delete from shift_assignments where id=?
Hibernate: delete from shift_assignments where id=?
2025-10-13T15:56:19.510+09:00 DEBUG 10272 --- [Shift Scheduler Demo] [           main] org.hibernate.SQL                        : delete from shift_assignments where id=?
Hibernate: delete from shift_assignments where id=?
2025-10-13T15:56:19.510+09:00 DEBUG 10272 --- [Shift Scheduler Demo] [           main] org.hibernate.SQL                        : delete from shift_assignments where id=?
Hibernate: delete from shift_assignments where id=?
2025-10-13T15:56:19.510+09:00 DEBUG 10272 --- [Shift Scheduler Demo] [           main] org.hibernate.SQL                        : delete from shift_assignments where id=?
Hibernate: delete from shift_assignments where id=?
2025-10-13T15:56:19.510+09:00 DEBUG 10272 --- [Shift Scheduler Demo] [           main] org.hibernate.SQL                        : delete from shift_assignments where id=?
Hibernate: delete from shift_assignments where id=?
2025-10-13T15:56:19.511+09:00 DEBUG 10272 --- [Shift Scheduler Demo] [           main] org.hibernate.SQL                        : delete from shift_assignments where id=?
Hibernate: delete from shift_assignments where id=?
2025-10-13T15:56:19.511+09:00 DEBUG 10272 --- [Shift Scheduler Demo] [           main] org.hibernate.SQL                        : delete from shift_assignments where id=?
Hibernate: delete from shift_assignments where id=?
2025-10-13T15:56:19.511+09:00 DEBUG 10272 --- [Shift Scheduler Demo] [           main] org.hibernate.SQL                        : delete from shift_assignments where id=?
Hibernate: delete from shift_assignments where id=?
2025-10-13T15:56:19.511+09:00 DEBUG 10272 --- [Shift Scheduler Demo] [           main] org.hibernate.SQL                        : delete from shift_assignments where id=?
Hibernate: delete from shift_assignments where id=?
2025-10-13T15:56:19.511+09:00 DEBUG 10272 --- [Shift Scheduler Demo] [           main] org.hibernate.SQL                        : delete from shift_assignments where id=?
Hibernate: delete from shift_assignments where id=?
2025-10-13T15:56:19.511+09:00 DEBUG 10272 --- [Shift Scheduler Demo] [           main] org.hibernate.SQL                        : delete from shift_assignments where id=?
Hibernate: delete from shift_assignments where id=?
2025-10-13T15:56:19.512+09:00 DEBUG 10272 --- [Shift Scheduler Demo] [           main] org.hibernate.SQL                        : delete from shift_assignments where id=?
Hibernate: delete from shift_assignments where id=?
2025-10-13T15:56:19.512+09:00 DEBUG 10272 --- [Shift Scheduler Demo] [           main] org.hibernate.SQL                        : delete from shift_assignments where id=?
Hibernate: delete from shift_assignments where id=?
2025-10-13T15:56:19.512+09:00 DEBUG 10272 --- [Shift Scheduler Demo] [           main] org.hibernate.SQL                        : delete from shift_assignments where id=?
Hibernate: delete from shift_assignments where id=?
2025-10-13T15:56:19.512+09:00 DEBUG 10272 --- [Shift Scheduler Demo] [           main] org.hibernate.SQL                        : delete from shift_assignments where id=?
Hibernate: delete from shift_assignments where id=?
2025-10-13T15:56:19.512+09:00 DEBUG 10272 --- [Shift Scheduler Demo] [           main] org.hibernate.SQL                        : delete from shift_assignments where id=?
Hibernate: delete from shift_assignments where id=?
2025-10-13T15:56:19.512+09:00 DEBUG 10272 --- [Shift Scheduler Demo] [           main] org.hibernate.SQL                        : delete from shift_assignments where id=?
Hibernate: delete from shift_assignments where id=?
2025-10-13T15:56:19.512+09:00 DEBUG 10272 --- [Shift Scheduler Demo] [           main] org.hibernate.SQL                        : delete from shift_assignments where id=?
Hibernate: delete from shift_assignments where id=?
2025-10-13T15:56:19.513+09:00 DEBUG 10272 --- [Shift Scheduler Demo] [           main] org.hibernate.SQL                        : delete from shift_assignments where id=?
Hibernate: delete from shift_assignments where id=?
2025-10-13T15:56:19.513+09:00 DEBUG 10272 --- [Shift Scheduler Demo] [           main] org.hibernate.SQL                        : delete from shift_assignments where id=?
Hibernate: delete from shift_assignments where id=?
2025-10-13T15:56:19.513+09:00 DEBUG 10272 --- [Shift Scheduler Demo] [           main] org.hibernate.SQL                        : delete from shift_assignments where id=?
Hibernate: delete from shift_assignments where id=?
2025-10-13T15:56:19.513+09:00 DEBUG 10272 --- [Shift Scheduler Demo] [           main] org.hibernate.SQL                        : delete from shift_assignments where id=?
Hibernate: delete from shift_assignments where id=?
2025-10-13T15:56:19.514+09:00 DEBUG 10272 --- [Shift Scheduler Demo] [           main] org.hibernate.SQL                        : delete from shift_assignments where id=?
Hibernate: delete from shift_assignments where id=?
2025-10-13T15:56:19.514+09:00 DEBUG 10272 --- [Shift Scheduler Demo] [           main] org.hibernate.SQL                        : delete from shift_assignments where id=?
Hibernate: delete from shift_assignments where id=?
2025-10-13T15:56:19.514+09:00 DEBUG 10272 --- [Shift Scheduler Demo] [           main] org.hibernate.SQL                        : delete from shift_assignments where id=?
Hibernate: delete from shift_assignments where id=?
2025-10-13T15:56:19.514+09:00 DEBUG 10272 --- [Shift Scheduler Demo] [           main] org.hibernate.SQL                        : delete from shift_assignments where id=?
Hibernate: delete from shift_assignments where id=?
2025-10-13T15:56:19.514+09:00 DEBUG 10272 --- [Shift Scheduler Demo] [           main] org.hibernate.SQL                        : delete from shift_assignments where id=?
Hibernate: delete from shift_assignments where id=?
2025-10-13T15:56:19.515+09:00 DEBUG 10272 --- [Shift Scheduler Demo] [           main] org.hibernate.SQL                        : delete from shift_assignments where id=?
Hibernate: delete from shift_assignments where id=?
2025-10-13T15:56:19.515+09:00 DEBUG 10272 --- [Shift Scheduler Demo] [           main] org.hibernate.SQL                        : delete from shift_assignments where id=?
Hibernate: delete from shift_assignments where id=?
2025-10-13T15:56:19.515+09:00 DEBUG 10272 --- [Shift Scheduler Demo] [           main] org.hibernate.SQL                        : delete from shift_assignments where id=?
Hibernate: delete from shift_assignments where id=?
2025-10-13T15:56:19.515+09:00 DEBUG 10272 --- [Shift Scheduler Demo] [           main] org.hibernate.SQL                        : delete from shift_assignments where id=?
Hibernate: delete from shift_assignments where id=?
2025-10-13T15:56:19.515+09:00 DEBUG 10272 --- [Shift Scheduler Demo] [           main] org.hibernate.SQL                        : delete from shift_assignments where id=?
Hibernate: delete from shift_assignments where id=?
2025-10-13T15:56:19.515+09:00 DEBUG 10272 --- [Shift Scheduler Demo] [           main] org.hibernate.SQL                        : delete from shift_assignments where id=?
Hibernate: delete from shift_assignments where id=?
2025-10-13T15:56:19.516+09:00 DEBUG 10272 --- [Shift Scheduler Demo] [           main] org.hibernate.SQL                        : delete from shift_assignments where id=?
Hibernate: delete from shift_assignments where id=?
2025-10-13T15:56:19.516+09:00 DEBUG 10272 --- [Shift Scheduler Demo] [           main] org.hibernate.SQL                        : delete from shift_assignments where id=?
Hibernate: delete from shift_assignments where id=?
2025-10-13T15:56:19.516+09:00 DEBUG 10272 --- [Shift Scheduler Demo] [           main] org.hibernate.SQL                        : delete from shift_assignments where id=?
Hibernate: delete from shift_assignments where id=?
2025-10-13T15:56:19.516+09:00 DEBUG 10272 --- [Shift Scheduler Demo] [           main] org.hibernate.SQL                        : delete from shift_assignments where id=?
Hibernate: delete from shift_assignments where id=?
2025-10-13T15:56:19.516+09:00 DEBUG 10272 --- [Shift Scheduler Demo] [           main] org.hibernate.SQL                        : delete from shift_assignments where id=?
Hibernate: delete from shift_assignments where id=?
2025-10-13T15:56:19.516+09:00 DEBUG 10272 --- [Shift Scheduler Demo] [           main] org.hibernate.SQL                        : delete from shift_assignments where id=?
Hibernate: delete from shift_assignments where id=?
2025-10-13T15:56:19.517+09:00 DEBUG 10272 --- [Shift Scheduler Demo] [           main] org.hibernate.SQL                        : delete from shift_assignments where id=?
Hibernate: delete from shift_assignments where id=?
2025-10-13T15:56:19.517+09:00 DEBUG 10272 --- [Shift Scheduler Demo] [           main] org.hibernate.SQL                        : delete from shift_assignments where id=?
Hibernate: delete from shift_assignments where id=?
2025-10-13T15:56:19.517+09:00 DEBUG 10272 --- [Shift Scheduler Demo] [           main] org.hibernate.SQL                        : delete from shift_assignments where id=?
Hibernate: delete from shift_assignments where id=?
2025-10-13T15:56:19.517+09:00 DEBUG 10272 --- [Shift Scheduler Demo] [           main] org.hibernate.SQL                        : delete from shift_assignments where id=?
Hibernate: delete from shift_assignments where id=?
2025-10-13T15:56:19.517+09:00 DEBUG 10272 --- [Shift Scheduler Demo] [           main] org.hibernate.SQL                        : delete from shift_assignments where id=?
Hibernate: delete from shift_assignments where id=?
2025-10-13T15:56:19.518+09:00 DEBUG 10272 --- [Shift Scheduler Demo] [           main] org.hibernate.SQL                        : delete from shift_assignments where id=?
Hibernate: delete from shift_assignments where id=?
2025-10-13T15:56:19.518+09:00 DEBUG 10272 --- [Shift Scheduler Demo] [           main] org.hibernate.SQL                        : delete from shift_assignments where id=?
Hibernate: delete from shift_assignments where id=?
2025-10-13T15:56:19.518+09:00 DEBUG 10272 --- [Shift Scheduler Demo] [           main] org.hibernate.SQL                        : delete from shift_assignments where id=?
Hibernate: delete from shift_assignments where id=?
2025-10-13T15:56:19.518+09:00 DEBUG 10272 --- [Shift Scheduler Demo] [           main] org.hibernate.SQL                        : delete from shift_assignments where id=?
Hibernate: delete from shift_assignments where id=?
2025-10-13T15:56:19.518+09:00 DEBUG 10272 --- [Shift Scheduler Demo] [           main] org.hibernate.SQL                        : delete from shift_assignments where id=?
Hibernate: delete from shift_assignments where id=?
2025-10-13T15:56:19.518+09:00 DEBUG 10272 --- [Shift Scheduler Demo] [           main] org.hibernate.SQL                        : delete from shift_assignments where id=?
Hibernate: delete from shift_assignments where id=?
2025-10-13T15:56:19.519+09:00 DEBUG 10272 --- [Shift Scheduler Demo] [           main] org.hibernate.SQL                        : delete from shift_assignments where id=?
Hibernate: delete from shift_assignments where id=?
2025-10-13T15:56:19.519+09:00 DEBUG 10272 --- [Shift Scheduler Demo] [           main] org.hibernate.SQL                        : delete from shift_assignments where id=?
Hibernate: delete from shift_assignments where id=?
2025-10-13T15:56:19.519+09:00 DEBUG 10272 --- [Shift Scheduler Demo] [           main] org.hibernate.SQL                        : delete from shift_assignments where id=?
Hibernate: delete from shift_assignments where id=?
2025-10-13T15:56:19.519+09:00 DEBUG 10272 --- [Shift Scheduler Demo] [           main] org.hibernate.SQL                        : delete from shift_assignments where id=?
Hibernate: delete from shift_assignments where id=?
2025-10-13T15:56:19.519+09:00 DEBUG 10272 --- [Shift Scheduler Demo] [           main] org.hibernate.SQL                        : delete from shift_assignments where id=?
Hibernate: delete from shift_assignments where id=?
2025-10-13T15:56:19.519+09:00 DEBUG 10272 --- [Shift Scheduler Demo] [           main] org.hibernate.SQL                        : delete from shift_assignments where id=?
Hibernate: delete from shift_assignments where id=?
2025-10-13T15:56:19.520+09:00 DEBUG 10272 --- [Shift Scheduler Demo] [           main] org.hibernate.SQL                        : delete from shift_assignments where id=?
Hibernate: delete from shift_assignments where id=?
2025-10-13T15:56:19.520+09:00 DEBUG 10272 --- [Shift Scheduler Demo] [           main] org.hibernate.SQL                        : delete from shift_assignments where id=?
Hibernate: delete from shift_assignments where id=?
2025-10-13T15:56:19.520+09:00 DEBUG 10272 --- [Shift Scheduler Demo] [           main] org.hibernate.SQL                        : delete from shift_assignments where id=?
Hibernate: delete from shift_assignments where id=?
2025-10-13T15:56:19.520+09:00 DEBUG 10272 --- [Shift Scheduler Demo] [           main] org.hibernate.SQL                        : delete from shift_assignments where id=?
Hibernate: delete from shift_assignments where id=?
2025-10-13T15:56:19.520+09:00 DEBUG 10272 --- [Shift Scheduler Demo] [           main] org.hibernate.SQL                        : delete from shift_assignments where id=?
Hibernate: delete from shift_assignments where id=?
2025-10-13T15:56:19.520+09:00 DEBUG 10272 --- [Shift Scheduler Demo] [           main] org.hibernate.SQL                        : delete from shift_assignments where id=?
Hibernate: delete from shift_assignments where id=?
2025-10-13T15:56:19.520+09:00 DEBUG 10272 --- [Shift Scheduler Demo] [           main] org.hibernate.SQL                        : delete from shift_assignments where id=?
Hibernate: delete from shift_assignments where id=?
2025-10-13T15:56:19.521+09:00 DEBUG 10272 --- [Shift Scheduler Demo] [           main] org.hibernate.SQL                        : delete from shift_assignments where id=?
Hibernate: delete from shift_assignments where id=?
2025-10-13T15:56:19.521+09:00 DEBUG 10272 --- [Shift Scheduler Demo] [           main] org.hibernate.SQL                        : delete from shift_assignments where id=?
Hibernate: delete from shift_assignments where id=?
2025-10-13T15:56:19.521+09:00 DEBUG 10272 --- [Shift Scheduler Demo] [           main] org.hibernate.SQL                        : delete from shift_assignments where id=?
Hibernate: delete from shift_assignments where id=?
2025-10-13T15:56:19.521+09:00 DEBUG 10272 --- [Shift Scheduler Demo] [           main] org.hibernate.SQL                        : delete from shift_assignments where id=?
Hibernate: delete from shift_assignments where id=?
2025-10-13T15:56:19.521+09:00 DEBUG 10272 --- [Shift Scheduler Demo] [           main] org.hibernate.SQL                        : delete from shift_assignments where id=?
Hibernate: delete from shift_assignments where id=?
2025-10-13T15:56:19.522+09:00 DEBUG 10272 --- [Shift Scheduler Demo] [           main] org.hibernate.SQL                        : delete from shift_assignments where id=?
Hibernate: delete from shift_assignments where id=?
2025-10-13T15:56:19.522+09:00 DEBUG 10272 --- [Shift Scheduler Demo] [           main] org.hibernate.SQL                        : delete from shift_assignments where id=?
Hibernate: delete from shift_assignments where id=?
2025-10-13T15:56:19.522+09:00 DEBUG 10272 --- [Shift Scheduler Demo] [           main] org.hibernate.SQL                        : delete from shift_assignments where id=?
Hibernate: delete from shift_assignments where id=?
2025-10-13T15:56:19.522+09:00 DEBUG 10272 --- [Shift Scheduler Demo] [           main] org.hibernate.SQL                        : delete from shift_assignments where id=?
Hibernate: delete from shift_assignments where id=?
2025-10-13T15:56:19.522+09:00 DEBUG 10272 --- [Shift Scheduler Demo] [           main] org.hibernate.SQL                        : delete from shift_assignments where id=?
Hibernate: delete from shift_assignments where id=?
2025-10-13T15:56:19.522+09:00 DEBUG 10272 --- [Shift Scheduler Demo] [           main] org.hibernate.SQL                        : delete from shift_assignments where id=?
Hibernate: delete from shift_assignments where id=?
2025-10-13T15:56:19.523+09:00 DEBUG 10272 --- [Shift Scheduler Demo] [           main] org.hibernate.SQL                        : delete from shift_assignments where id=?
Hibernate: delete from shift_assignments where id=?
2025-10-13T15:56:19.523+09:00 DEBUG 10272 --- [Shift Scheduler Demo] [           main] org.hibernate.SQL                        : delete from shift_assignments where id=?
Hibernate: delete from shift_assignments where id=?
2025-10-13T15:56:19.523+09:00 DEBUG 10272 --- [Shift Scheduler Demo] [           main] org.hibernate.SQL                        : delete from shift_assignments where id=?
Hibernate: delete from shift_assignments where id=?
2025-10-13T15:56:19.523+09:00 DEBUG 10272 --- [Shift Scheduler Demo] [           main] org.hibernate.SQL                        : delete from shift_assignments where id=?
Hibernate: delete from shift_assignments where id=?
2025-10-13T15:56:19.524+09:00 DEBUG 10272 --- [Shift Scheduler Demo] [           main] org.hibernate.SQL                        : delete from shift_assignments where id=?
Hibernate: delete from shift_assignments where id=?
2025-10-13T15:56:19.525+09:00 DEBUG 10272 --- [Shift Scheduler Demo] [           main] org.hibernate.SQL                        : delete from shift_assignments where id=?
Hibernate: delete from shift_assignments where id=?
2025-10-13T15:56:19.525+09:00 DEBUG 10272 --- [Shift Scheduler Demo] [           main] org.hibernate.SQL                        : delete from shift_assignments where id=?
Hibernate: delete from shift_assignments where id=?
2025-10-13T15:56:19.526+09:00 DEBUG 10272 --- [Shift Scheduler Demo] [           main] org.hibernate.SQL                        : delete from shift_assignments where id=?
Hibernate: delete from shift_assignments where id=?
2025-10-13T15:56:19.526+09:00 DEBUG 10272 --- [Shift Scheduler Demo] [           main] org.hibernate.SQL                        : delete from shift_assignments where id=?
Hibernate: delete from shift_assignments where id=?
2025-10-13T15:56:19.526+09:00 DEBUG 10272 --- [Shift Scheduler Demo] [           main] org.hibernate.SQL                        : delete from shift_assignments where id=?
Hibernate: delete from shift_assignments where id=?
2025-10-13T15:56:19.526+09:00 DEBUG 10272 --- [Shift Scheduler Demo] [           main] org.hibernate.SQL                        : delete from shift_assignments where id=?
Hibernate: delete from shift_assignments where id=?
2025-10-13T15:56:19.527+09:00 DEBUG 10272 --- [Shift Scheduler Demo] [           main] org.hibernate.SQL                        : delete from shift_assignments where id=?
Hibernate: delete from shift_assignments where id=?
2025-10-13T15:56:19.527+09:00 DEBUG 10272 --- [Shift Scheduler Demo] [           main] org.hibernate.SQL                        : delete from shift_assignments where id=?
Hibernate: delete from shift_assignments where id=?
2025-10-13T15:56:19.527+09:00 DEBUG 10272 --- [Shift Scheduler Demo] [           main] org.hibernate.SQL                        : delete from shift_assignments where id=?
Hibernate: delete from shift_assignments where id=?
2025-10-13T15:56:19.527+09:00 DEBUG 10272 --- [Shift Scheduler Demo] [           main] org.hibernate.SQL                        : delete from shift_assignments where id=?
Hibernate: delete from shift_assignments where id=?
2025-10-13T15:56:19.527+09:00 DEBUG 10272 --- [Shift Scheduler Demo] [           main] org.hibernate.SQL                        : delete from shift_assignments where id=?
Hibernate: delete from shift_assignments where id=?
2025-10-13T15:56:19.528+09:00 DEBUG 10272 --- [Shift Scheduler Demo] [           main] org.hibernate.SQL                        : delete from shift_assignments where id=?
Hibernate: delete from shift_assignments where id=?
2025-10-13T15:56:19.528+09:00 DEBUG 10272 --- [Shift Scheduler Demo] [           main] org.hibernate.SQL                        : delete from shift_assignments where id=?
Hibernate: delete from shift_assignments where id=?
2025-10-13T15:56:19.528+09:00 DEBUG 10272 --- [Shift Scheduler Demo] [           main] org.hibernate.SQL                        : delete from shift_assignments where id=?
Hibernate: delete from shift_assignments where id=?
2025-10-13T15:56:19.528+09:00 DEBUG 10272 --- [Shift Scheduler Demo] [           main] org.hibernate.SQL                        : delete from shift_assignments where id=?
Hibernate: delete from shift_assignments where id=?
2025-10-13T15:56:19.528+09:00 DEBUG 10272 --- [Shift Scheduler Demo] [           main] org.hibernate.SQL                        : delete from shift_assignments where id=?
Hibernate: delete from shift_assignments where id=?
2025-10-13T15:56:19.528+09:00 DEBUG 10272 --- [Shift Scheduler Demo] [           main] org.hibernate.SQL                        : delete from shift_assignments where id=?
Hibernate: delete from shift_assignments where id=?
2025-10-13T15:56:19.528+09:00 DEBUG 10272 --- [Shift Scheduler Demo] [           main] org.hibernate.SQL                        : delete from shift_assignments where id=?
Hibernate: delete from shift_assignments where id=?
2025-10-13T15:56:19.528+09:00 DEBUG 10272 --- [Shift Scheduler Demo] [           main] org.hibernate.SQL                        : delete from shift_assignments where id=?
Hibernate: delete from shift_assignments where id=?
2025-10-13T15:56:19.528+09:00 DEBUG 10272 --- [Shift Scheduler Demo] [           main] org.hibernate.SQL                        : delete from shift_assignments where id=?
Hibernate: delete from shift_assignments where id=?
2025-10-13T15:56:19.528+09:00 DEBUG 10272 --- [Shift Scheduler Demo] [           main] org.hibernate.SQL                        : delete from shift_assignments where id=?
Hibernate: delete from shift_assignments where id=?
2025-10-13T15:56:19.529+09:00 DEBUG 10272 --- [Shift Scheduler Demo] [           main] org.hibernate.SQL                        : delete from shift_assignments where id=?
Hibernate: delete from shift_assignments where id=?
2025-10-13T15:56:19.529+09:00 DEBUG 10272 --- [Shift Scheduler Demo] [           main] org.hibernate.SQL                        : delete from shift_assignments where id=?
Hibernate: delete from shift_assignments where id=?
2025-10-13T15:56:19.529+09:00 DEBUG 10272 --- [Shift Scheduler Demo] [           main] org.hibernate.SQL                        : delete from shift_assignments where id=?
Hibernate: delete from shift_assignments where id=?
2025-10-13T15:56:19.529+09:00 DEBUG 10272 --- [Shift Scheduler Demo] [           main] org.hibernate.SQL                        : delete from shift_assignments where id=?
Hibernate: delete from shift_assignments where id=?
2025-10-13T15:56:19.529+09:00 DEBUG 10272 --- [Shift Scheduler Demo] [           main] org.hibernate.SQL                        : delete from shift_assignments where id=?
Hibernate: delete from shift_assignments where id=?
2025-10-13T15:56:19.529+09:00 DEBUG 10272 --- [Shift Scheduler Demo] [           main] org.hibernate.SQL                        : delete from shift_assignments where id=?
Hibernate: delete from shift_assignments where id=?
2025-10-13T15:56:19.530+09:00 DEBUG 10272 --- [Shift Scheduler Demo] [           main] org.hibernate.SQL                        : delete from shift_assignments where id=?
Hibernate: delete from shift_assignments where id=?
2025-10-13T15:56:19.530+09:00 DEBUG 10272 --- [Shift Scheduler Demo] [           main] org.hibernate.SQL                        : delete from shift_assignments where id=?
Hibernate: delete from shift_assignments where id=?
2025-10-13T15:56:19.530+09:00 DEBUG 10272 --- [Shift Scheduler Demo] [           main] org.hibernate.SQL                        : delete from shift_assignments where id=?
Hibernate: delete from shift_assignments where id=?
2025-10-13T15:56:19.530+09:00 DEBUG 10272 --- [Shift Scheduler Demo] [           main] org.hibernate.SQL                        : delete from shift_assignments where id=?
Hibernate: delete from shift_assignments where id=?
2025-10-13T15:56:19.531+09:00 DEBUG 10272 --- [Shift Scheduler Demo] [           main] org.hibernate.SQL                        : delete from shift_assignments where id=?
Hibernate: delete from shift_assignments where id=?
2025-10-13T15:56:19.531+09:00 DEBUG 10272 --- [Shift Scheduler Demo] [           main] org.hibernate.SQL                        : delete from shift_assignments where id=?
Hibernate: delete from shift_assignments where id=?
2025-10-13T15:56:19.532+09:00 DEBUG 10272 --- [Shift Scheduler Demo] [           main] org.hibernate.SQL                        : delete from shift_assignments where id=?
Hibernate: delete from shift_assignments where id=?
2025-10-13T15:56:19.532+09:00 DEBUG 10272 --- [Shift Scheduler Demo] [           main] org.hibernate.SQL                        : delete from shift_assignments where id=?
Hibernate: delete from shift_assignments where id=?
2025-10-13T15:56:19.533+09:00 DEBUG 10272 --- [Shift Scheduler Demo] [           main] org.hibernate.SQL                        : delete from shift_assignments where id=?
Hibernate: delete from shift_assignments where id=?
2025-10-13T15:56:19.534+09:00 DEBUG 10272 --- [Shift Scheduler Demo] [           main] org.hibernate.SQL                        : delete from shift_assignments where id=?
Hibernate: delete from shift_assignments where id=?
2025-10-13T15:56:19.534+09:00 DEBUG 10272 --- [Shift Scheduler Demo] [           main] org.hibernate.SQL                        : delete from shift_assignments where id=?
Hibernate: delete from shift_assignments where id=?
2025-10-13T15:56:19.535+09:00 DEBUG 10272 --- [Shift Scheduler Demo] [           main] org.hibernate.SQL                        : delete from shift_assignments where id=?
Hibernate: delete from shift_assignments where id=?
2025-10-13T15:56:19.536+09:00 DEBUG 10272 --- [Shift Scheduler Demo] [           main] org.hibernate.SQL                        : delete from shift_assignments where id=?
Hibernate: delete from shift_assignments where id=?
2025-10-13T15:56:19.536+09:00 DEBUG 10272 --- [Shift Scheduler Demo] [           main] org.hibernate.SQL                        : delete from shift_assignments where id=?
Hibernate: delete from shift_assignments where id=?
2025-10-13T15:56:19.537+09:00 DEBUG 10272 --- [Shift Scheduler Demo] [           main] org.hibernate.SQL                        : delete from shift_assignments where id=?
Hibernate: delete from shift_assignments where id=?
2025-10-13T15:56:19.537+09:00 DEBUG 10272 --- [Shift Scheduler Demo] [           main] org.hibernate.SQL                        : delete from shift_assignments where id=?
Hibernate: delete from shift_assignments where id=?
2025-10-13T15:56:19.537+09:00 DEBUG 10272 --- [Shift Scheduler Demo] [           main] org.hibernate.SQL                        : delete from shift_assignments where id=?
Hibernate: delete from shift_assignments where id=?
2025-10-13T15:56:19.538+09:00 DEBUG 10272 --- [Shift Scheduler Demo] [           main] org.hibernate.SQL                        : delete from shift_assignments where id=?
Hibernate: delete from shift_assignments where id=?
2025-10-13T15:56:19.538+09:00 DEBUG 10272 --- [Shift Scheduler Demo] [           main] org.hibernate.SQL                        : delete from shift_assignments where id=?
Hibernate: delete from shift_assignments where id=?
2025-10-13T15:56:19.538+09:00 DEBUG 10272 --- [Shift Scheduler Demo] [           main] org.hibernate.SQL                        : delete from shift_assignments where id=?
Hibernate: delete from shift_assignments where id=?
2025-10-13T15:56:19.538+09:00 DEBUG 10272 --- [Shift Scheduler Demo] [           main] org.hibernate.SQL                        : delete from shift_assignments where id=?
Hibernate: delete from shift_assignments where id=?
2025-10-13T15:56:19.538+09:00 DEBUG 10272 --- [Shift Scheduler Demo] [           main] org.hibernate.SQL                        : delete from shift_assignments where id=?
Hibernate: delete from shift_assignments where id=?
2025-10-13T15:56:19.538+09:00 DEBUG 10272 --- [Shift Scheduler Demo] [           main] org.hibernate.SQL                        : delete from shift_assignments where id=?
Hibernate: delete from shift_assignments where id=?
2025-10-13T15:56:19.539+09:00 DEBUG 10272 --- [Shift Scheduler Demo] [           main] org.hibernate.SQL                        : delete from shift_assignments where id=?
Hibernate: delete from shift_assignments where id=?
2025-10-13T15:56:19.539+09:00 DEBUG 10272 --- [Shift Scheduler Demo] [           main] org.hibernate.SQL                        : delete from shift_assignments where id=?
Hibernate: delete from shift_assignments where id=?
2025-10-13T15:56:19.540+09:00 DEBUG 10272 --- [Shift Scheduler Demo] [           main] org.hibernate.SQL                        : delete from shift_assignments where id=?
Hibernate: delete from shift_assignments where id=?
2025-10-13T15:56:19.541+09:00 DEBUG 10272 --- [Shift Scheduler Demo] [           main] org.hibernate.SQL                        : delete from shift_assignments where id=?
Hibernate: delete from shift_assignments where id=?
2025-10-13T15:56:19.542+09:00 DEBUG 10272 --- [Shift Scheduler Demo] [           main] org.hibernate.SQL                        : delete from shift_assignments where id=?
Hibernate: delete from shift_assignments where id=?
2025-10-13T15:56:19.542+09:00 DEBUG 10272 --- [Shift Scheduler Demo] [           main] org.hibernate.SQL                        : delete from shift_assignments where id=?
Hibernate: delete from shift_assignments where id=?
2025-10-13T15:56:19.543+09:00 DEBUG 10272 --- [Shift Scheduler Demo] [           main] org.hibernate.SQL                        : delete from shift_assignments where id=?
Hibernate: delete from shift_assignments where id=?
2025-10-13T15:56:19.543+09:00 DEBUG 10272 --- [Shift Scheduler Demo] [           main] org.hibernate.SQL                        : delete from shift_assignments where id=?
Hibernate: delete from shift_assignments where id=?
2025-10-13T15:56:19.543+09:00 DEBUG 10272 --- [Shift Scheduler Demo] [           main] org.hibernate.SQL                        : delete from shift_assignments where id=?
Hibernate: delete from shift_assignments where id=?
2025-10-13T15:56:19.543+09:00 DEBUG 10272 --- [Shift Scheduler Demo] [           main] org.hibernate.SQL                        : delete from shift_assignments where id=?
Hibernate: delete from shift_assignments where id=?
2025-10-13T15:56:19.544+09:00 DEBUG 10272 --- [Shift Scheduler Demo] [           main] org.hibernate.SQL                        : delete from shift_assignments where id=?
Hibernate: delete from shift_assignments where id=?
2025-10-13T15:56:19.544+09:00 DEBUG 10272 --- [Shift Scheduler Demo] [           main] org.hibernate.SQL                        : delete from shift_assignments where id=?
Hibernate: delete from shift_assignments where id=?
2025-10-13T15:56:19.544+09:00 DEBUG 10272 --- [Shift Scheduler Demo] [           main] org.hibernate.SQL                        : delete from shift_assignments where id=?
Hibernate: delete from shift_assignments where id=?
2025-10-13T15:56:19.544+09:00 DEBUG 10272 --- [Shift Scheduler Demo] [           main] org.hibernate.SQL                        : delete from shift_assignments where id=?
Hibernate: delete from shift_assignments where id=?
2025-10-13T15:56:19.544+09:00 DEBUG 10272 --- [Shift Scheduler Demo] [           main] org.hibernate.SQL                        : delete from shift_assignments where id=?
Hibernate: delete from shift_assignments where id=?
2025-10-13T15:56:19.544+09:00 DEBUG 10272 --- [Shift Scheduler Demo] [           main] org.hibernate.SQL                        : delete from shift_assignments where id=?
Hibernate: delete from shift_assignments where id=?
2025-10-13T15:56:19.544+09:00 DEBUG 10272 --- [Shift Scheduler Demo] [           main] org.hibernate.SQL                        : delete from shift_assignments where id=?
Hibernate: delete from shift_assignments where id=?
2025-10-13T15:56:19.545+09:00 DEBUG 10272 --- [Shift Scheduler Demo] [           main] org.hibernate.SQL                        : delete from shift_assignments where id=?
Hibernate: delete from shift_assignments where id=?
2025-10-13T15:56:19.545+09:00 DEBUG 10272 --- [Shift Scheduler Demo] [           main] org.hibernate.SQL                        : delete from shift_assignments where id=?
Hibernate: delete from shift_assignments where id=?
2025-10-13T15:56:19.545+09:00 DEBUG 10272 --- [Shift Scheduler Demo] [           main] org.hibernate.SQL                        : delete from shift_assignments where id=?
Hibernate: delete from shift_assignments where id=?
2025-10-13T15:56:19.545+09:00 DEBUG 10272 --- [Shift Scheduler Demo] [           main] org.hibernate.SQL                        : delete from shift_assignments where id=?
Hibernate: delete from shift_assignments where id=?
2025-10-13T15:56:19.545+09:00 DEBUG 10272 --- [Shift Scheduler Demo] [           main] org.hibernate.SQL                        : delete from shift_assignments where id=?
Hibernate: delete from shift_assignments where id=?
2025-10-13T15:56:19.545+09:00 DEBUG 10272 --- [Shift Scheduler Demo] [           main] org.hibernate.SQL                        : delete from shift_assignments where id=?
Hibernate: delete from shift_assignments where id=?
2025-10-13T15:56:19.546+09:00 DEBUG 10272 --- [Shift Scheduler Demo] [           main] org.hibernate.SQL                        : delete from shift_assignments where id=?
Hibernate: delete from shift_assignments where id=?
2025-10-13T15:56:19.546+09:00 DEBUG 10272 --- [Shift Scheduler Demo] [           main] org.hibernate.SQL                        : delete from shift_assignments where id=?
Hibernate: delete from shift_assignments where id=?
2025-10-13T15:56:19.546+09:00 DEBUG 10272 --- [Shift Scheduler Demo] [           main] org.hibernate.SQL                        : delete from shift_assignments where id=?
Hibernate: delete from shift_assignments where id=?
2025-10-13T15:56:19.546+09:00 DEBUG 10272 --- [Shift Scheduler Demo] [           main] org.hibernate.SQL                        : delete from shift_assignments where id=?
Hibernate: delete from shift_assignments where id=?
2025-10-13T15:56:19.546+09:00 DEBUG 10272 --- [Shift Scheduler Demo] [           main] org.hibernate.SQL                        : delete from shift_assignments where id=?
Hibernate: delete from shift_assignments where id=?
2025-10-13T15:56:19.546+09:00 DEBUG 10272 --- [Shift Scheduler Demo] [           main] org.hibernate.SQL                        : delete from shift_assignments where id=?
Hibernate: delete from shift_assignments where id=?
2025-10-13T15:56:19.546+09:00 DEBUG 10272 --- [Shift Scheduler Demo] [           main] org.hibernate.SQL                        : delete from shift_assignments where id=?
Hibernate: delete from shift_assignments where id=?
2025-10-13T15:56:19.546+09:00 DEBUG 10272 --- [Shift Scheduler Demo] [           main] org.hibernate.SQL                        : delete from shift_assignments where id=?
Hibernate: delete from shift_assignments where id=?
2025-10-13T15:56:19.547+09:00 DEBUG 10272 --- [Shift Scheduler Demo] [           main] org.hibernate.SQL                        : delete from shift_assignments where id=?
Hibernate: delete from shift_assignments where id=?
2025-10-13T15:56:19.547+09:00 DEBUG 10272 --- [Shift Scheduler Demo] [           main] org.hibernate.SQL                        : delete from shift_assignments where id=?
Hibernate: delete from shift_assignments where id=?
2025-10-13T15:56:19.547+09:00 DEBUG 10272 --- [Shift Scheduler Demo] [           main] org.hibernate.SQL                        : delete from shift_assignments where id=?
Hibernate: delete from shift_assignments where id=?
2025-10-13T15:56:19.547+09:00 DEBUG 10272 --- [Shift Scheduler Demo] [           main] org.hibernate.SQL                        : delete from shift_assignments where id=?
Hibernate: delete from shift_assignments where id=?
2025-10-13T15:56:19.547+09:00 DEBUG 10272 --- [Shift Scheduler Demo] [           main] org.hibernate.SQL                        : delete from shift_assignments where id=?
Hibernate: delete from shift_assignments where id=?
2025-10-13T15:56:19.547+09:00 DEBUG 10272 --- [Shift Scheduler Demo] [           main] org.hibernate.SQL                        : delete from shift_assignments where id=?
Hibernate: delete from shift_assignments where id=?
2025-10-13T15:56:19.547+09:00 DEBUG 10272 --- [Shift Scheduler Demo] [           main] org.hibernate.SQL                        : delete from shift_assignments where id=?
Hibernate: delete from shift_assignments where id=?
2025-10-13T15:56:19.548+09:00 DEBUG 10272 --- [Shift Scheduler Demo] [           main] org.hibernate.SQL                        : delete from shift_assignments where id=?
Hibernate: delete from shift_assignments where id=?
2025-10-13T15:56:19.548+09:00 DEBUG 10272 --- [Shift Scheduler Demo] [           main] org.hibernate.SQL                        : delete from shift_assignments where id=?
Hibernate: delete from shift_assignments where id=?
2025-10-13T15:56:19.548+09:00 DEBUG 10272 --- [Shift Scheduler Demo] [           main] org.hibernate.SQL                        : delete from shift_assignments where id=?
Hibernate: delete from shift_assignments where id=?
2025-10-13T15:56:19.548+09:00 DEBUG 10272 --- [Shift Scheduler Demo] [           main] org.hibernate.SQL                        : delete from shift_assignments where id=?
Hibernate: delete from shift_assignments where id=?
2025-10-13T15:56:19.548+09:00 DEBUG 10272 --- [Shift Scheduler Demo] [           main] org.hibernate.SQL                        : delete from shift_assignments where id=?
Hibernate: delete from shift_assignments where id=?
2025-10-13T15:56:19.548+09:00 DEBUG 10272 --- [Shift Scheduler Demo] [           main] org.hibernate.SQL                        : delete from shift_assignments where id=?
Hibernate: delete from shift_assignments where id=?
2025-10-13T15:56:19.548+09:00 DEBUG 10272 --- [Shift Scheduler Demo] [           main] org.hibernate.SQL                        : delete from shift_assignments where id=?
Hibernate: delete from shift_assignments where id=?
2025-10-13T15:56:19.549+09:00 DEBUG 10272 --- [Shift Scheduler Demo] [           main] org.hibernate.SQL                        : delete from shift_assignments where id=?
Hibernate: delete from shift_assignments where id=?
2025-10-13T15:56:19.549+09:00 DEBUG 10272 --- [Shift Scheduler Demo] [           main] org.hibernate.SQL                        : delete from shift_assignments where id=?
Hibernate: delete from shift_assignments where id=?
2025-10-13T15:56:19.549+09:00 DEBUG 10272 --- [Shift Scheduler Demo] [           main] org.hibernate.SQL                        : delete from shift_assignments where id=?
Hibernate: delete from shift_assignments where id=?
2025-10-13T15:56:19.549+09:00 DEBUG 10272 --- [Shift Scheduler Demo] [           main] org.hibernate.SQL                        : delete from shift_assignments where id=?
Hibernate: delete from shift_assignments where id=?
2025-10-13T15:56:19.549+09:00 DEBUG 10272 --- [Shift Scheduler Demo] [           main] org.hibernate.SQL                        : delete from shift_assignments where id=?
Hibernate: delete from shift_assignments where id=?
2025-10-13T15:56:19.549+09:00 DEBUG 10272 --- [Shift Scheduler Demo] [           main] org.hibernate.SQL                        : delete from shift_assignments where id=?
Hibernate: delete from shift_assignments where id=?
2025-10-13T15:56:19.550+09:00 DEBUG 10272 --- [Shift Scheduler Demo] [           main] org.hibernate.SQL                        : delete from shift_assignments where id=?
Hibernate: delete from shift_assignments where id=?
2025-10-13T15:56:19.550+09:00 DEBUG 10272 --- [Shift Scheduler Demo] [           main] org.hibernate.SQL                        : delete from shift_assignments where id=?
Hibernate: delete from shift_assignments where id=?
2025-10-13T15:56:19.550+09:00 DEBUG 10272 --- [Shift Scheduler Demo] [           main] org.hibernate.SQL                        : delete from shift_assignments where id=?
Hibernate: delete from shift_assignments where id=?
2025-10-13T15:56:19.550+09:00 DEBUG 10272 --- [Shift Scheduler Demo] [           main] org.hibernate.SQL                        : delete from shift_assignments where id=?
Hibernate: delete from shift_assignments where id=?
2025-10-13T15:56:19.550+09:00 DEBUG 10272 --- [Shift Scheduler Demo] [           main] org.hibernate.SQL                        : delete from shift_assignments where id=?
Hibernate: delete from shift_assignments where id=?
2025-10-13T15:56:19.550+09:00 DEBUG 10272 --- [Shift Scheduler Demo] [           main] org.hibernate.SQL                        : delete from shift_assignments where id=?
Hibernate: delete from shift_assignments where id=?
2025-10-13T15:56:19.550+09:00 DEBUG 10272 --- [Shift Scheduler Demo] [           main] org.hibernate.SQL                        : delete from shift_assignments where id=?
Hibernate: delete from shift_assignments where id=?
2025-10-13T15:56:19.550+09:00 DEBUG 10272 --- [Shift Scheduler Demo] [           main] org.hibernate.SQL                        : delete from shift_assignments where id=?
Hibernate: delete from shift_assignments where id=?
2025-10-13T15:56:19.551+09:00 DEBUG 10272 --- [Shift Scheduler Demo] [           main] org.hibernate.SQL                        : delete from shift_assignments where id=?
Hibernate: delete from shift_assignments where id=?
2025-10-13T15:56:19.551+09:00 DEBUG 10272 --- [Shift Scheduler Demo] [           main] org.hibernate.SQL                        : delete from shift_assignments where id=?
Hibernate: delete from shift_assignments where id=?
2025-10-13T15:56:19.551+09:00 DEBUG 10272 --- [Shift Scheduler Demo] [           main] org.hibernate.SQL                        : delete from shift_assignments where id=?
Hibernate: delete from shift_assignments where id=?
2025-10-13T15:56:19.551+09:00 DEBUG 10272 --- [Shift Scheduler Demo] [           main] org.hibernate.SQL                        : delete from shift_assignments where id=?
Hibernate: delete from shift_assignments where id=?
2025-10-13T15:56:19.551+09:00 DEBUG 10272 --- [Shift Scheduler Demo] [           main] org.hibernate.SQL                        : delete from shift_assignments where id=?
Hibernate: delete from shift_assignments where id=?
2025-10-13T15:56:19.551+09:00 DEBUG 10272 --- [Shift Scheduler Demo] [           main] org.hibernate.SQL                        : delete from shift_assignments where id=?
Hibernate: delete from shift_assignments where id=?
2025-10-13T15:56:19.552+09:00 DEBUG 10272 --- [Shift Scheduler Demo] [           main] org.hibernate.SQL                        : delete from shift_assignments where id=?
Hibernate: delete from shift_assignments where id=?
2025-10-13T15:56:19.552+09:00 DEBUG 10272 --- [Shift Scheduler Demo] [           main] org.hibernate.SQL                        : delete from shift_assignments where id=?
Hibernate: delete from shift_assignments where id=?
2025-10-13T15:56:19.552+09:00 DEBUG 10272 --- [Shift Scheduler Demo] [           main] org.hibernate.SQL                        : delete from shift_assignments where id=?
Hibernate: delete from shift_assignments where id=?
2025-10-13T15:56:19.552+09:00 DEBUG 10272 --- [Shift Scheduler Demo] [           main] org.hibernate.SQL                        : delete from shift_assignments where id=?
Hibernate: delete from shift_assignments where id=?
2025-10-13T15:56:19.552+09:00 DEBUG 10272 --- [Shift Scheduler Demo] [           main] org.hibernate.SQL                        : delete from shift_assignments where id=?
Hibernate: delete from shift_assignments where id=?
2025-10-13T15:56:19.553+09:00 DEBUG 10272 --- [Shift Scheduler Demo] [           main] org.hibernate.SQL                        : delete from shift_assignments where id=?
Hibernate: delete from shift_assignments where id=?
2025-10-13T15:56:19.553+09:00 DEBUG 10272 --- [Shift Scheduler Demo] [           main] org.hibernate.SQL                        : delete from shift_assignments where id=?
Hibernate: delete from shift_assignments where id=?
2025-10-13T15:56:19.553+09:00 DEBUG 10272 --- [Shift Scheduler Demo] [           main] org.hibernate.SQL                        : delete from shift_assignments where id=?
Hibernate: delete from shift_assignments where id=?
2025-10-13T15:56:19.553+09:00 DEBUG 10272 --- [Shift Scheduler Demo] [           main] org.hibernate.SQL                        : delete from shift_assignments where id=?
Hibernate: delete from shift_assignments where id=?
2025-10-13T15:56:19.553+09:00 DEBUG 10272 --- [Shift Scheduler Demo] [           main] org.hibernate.SQL                        : delete from shift_assignments where id=?
Hibernate: delete from shift_assignments where id=?
2025-10-13T15:56:19.553+09:00 DEBUG 10272 --- [Shift Scheduler Demo] [           main] org.hibernate.SQL                        : delete from shift_assignments where id=?
Hibernate: delete from shift_assignments where id=?
2025-10-13T15:56:19.554+09:00 DEBUG 10272 --- [Shift Scheduler Demo] [           main] org.hibernate.SQL                        : delete from shift_assignments where id=?
Hibernate: delete from shift_assignments where id=?
2025-10-13T15:56:19.554+09:00 DEBUG 10272 --- [Shift Scheduler Demo] [           main] org.hibernate.SQL                        : delete from shift_assignments where id=?
Hibernate: delete from shift_assignments where id=?
2025-10-13T15:56:19.554+09:00 DEBUG 10272 --- [Shift Scheduler Demo] [           main] org.hibernate.SQL                        : delete from shift_assignments where id=?
Hibernate: delete from shift_assignments where id=?
2025-10-13T15:56:19.554+09:00 DEBUG 10272 --- [Shift Scheduler Demo] [           main] org.hibernate.SQL                        : delete from shift_assignments where id=?
Hibernate: delete from shift_assignments where id=?
2025-10-13T15:56:19.554+09:00 DEBUG 10272 --- [Shift Scheduler Demo] [           main] org.hibernate.SQL                        : delete from shift_assignments where id=?
Hibernate: delete from shift_assignments where id=?
2025-10-13T15:56:19.555+09:00 DEBUG 10272 --- [Shift Scheduler Demo] [           main] org.hibernate.SQL                        : delete from shift_assignments where id=?
Hibernate: delete from shift_assignments where id=?
2025-10-13T15:56:19.555+09:00 DEBUG 10272 --- [Shift Scheduler Demo] [           main] org.hibernate.SQL                        : delete from shift_assignments where id=?
Hibernate: delete from shift_assignments where id=?
2025-10-13T15:56:19.555+09:00 DEBUG 10272 --- [Shift Scheduler Demo] [           main] org.hibernate.SQL                        : delete from shift_assignments where id=?
Hibernate: delete from shift_assignments where id=?
2025-10-13T15:56:19.555+09:00 DEBUG 10272 --- [Shift Scheduler Demo] [           main] org.hibernate.SQL                        : delete from shift_assignments where id=?
Hibernate: delete from shift_assignments where id=?
2025-10-13T15:56:19.556+09:00 DEBUG 10272 --- [Shift Scheduler Demo] [           main] org.hibernate.SQL                        : delete from shift_assignments where id=?
Hibernate: delete from shift_assignments where id=?
2025-10-13T15:56:19.556+09:00 DEBUG 10272 --- [Shift Scheduler Demo] [           main] org.hibernate.SQL                        : delete from shift_assignments where id=?
Hibernate: delete from shift_assignments where id=?
2025-10-13T15:56:19.557+09:00 DEBUG 10272 --- [Shift Scheduler Demo] [           main] org.hibernate.SQL                        : delete from shift_assignments where id=?
Hibernate: delete from shift_assignments where id=?
2025-10-13T15:56:19.557+09:00 DEBUG 10272 --- [Shift Scheduler Demo] [           main] org.hibernate.SQL                        : delete from shift_assignments where id=?
Hibernate: delete from shift_assignments where id=?
2025-10-13T15:56:19.558+09:00 DEBUG 10272 --- [Shift Scheduler Demo] [           main] org.hibernate.SQL                        : delete from shift_assignments where id=?
Hibernate: delete from shift_assignments where id=?
2025-10-13T15:56:19.559+09:00 DEBUG 10272 --- [Shift Scheduler Demo] [           main] org.hibernate.SQL                        : delete from shift_assignments where id=?
Hibernate: delete from shift_assignments where id=?
2025-10-13T15:56:19.560+09:00 DEBUG 10272 --- [Shift Scheduler Demo] [           main] org.hibernate.SQL                        : delete from shift_assignments where id=?
Hibernate: delete from shift_assignments where id=?
2025-10-13T15:56:19.560+09:00 DEBUG 10272 --- [Shift Scheduler Demo] [           main] org.hibernate.SQL                        : delete from shift_assignments where id=?
Hibernate: delete from shift_assignments where id=?
2025-10-13T15:56:19.560+09:00 DEBUG 10272 --- [Shift Scheduler Demo] [           main] org.hibernate.SQL                        : delete from shift_assignments where id=?
Hibernate: delete from shift_assignments where id=?
2025-10-13T15:56:19.561+09:00 DEBUG 10272 --- [Shift Scheduler Demo] [           main] org.hibernate.SQL                        : delete from shift_assignments where id=?
Hibernate: delete from shift_assignments where id=?
2025-10-13T15:56:19.561+09:00 DEBUG 10272 --- [Shift Scheduler Demo] [           main] org.hibernate.SQL                        : delete from shift_assignments where id=?
Hibernate: delete from shift_assignments where id=?
2025-10-13T15:56:19.561+09:00 DEBUG 10272 --- [Shift Scheduler Demo] [           main] org.hibernate.SQL                        : delete from shift_assignments where id=?
Hibernate: delete from shift_assignments where id=?
2025-10-13T15:56:19.562+09:00 DEBUG 10272 --- [Shift Scheduler Demo] [           main] org.hibernate.SQL                        : delete from shift_assignments where id=?
Hibernate: delete from shift_assignments where id=?
2025-10-13T15:56:19.562+09:00 DEBUG 10272 --- [Shift Scheduler Demo] [           main] org.hibernate.SQL                        : delete from shift_assignments where id=?
Hibernate: delete from shift_assignments where id=?
2025-10-13T15:56:19.562+09:00 DEBUG 10272 --- [Shift Scheduler Demo] [           main] org.hibernate.SQL                        : delete from shift_assignments where id=?
Hibernate: delete from shift_assignments where id=?
2025-10-13T15:56:19.563+09:00 DEBUG 10272 --- [Shift Scheduler Demo] [           main] org.hibernate.SQL                        : delete from shift_assignments where id=?
Hibernate: delete from shift_assignments where id=?
2025-10-13T15:56:19.564+09:00 DEBUG 10272 --- [Shift Scheduler Demo] [           main] org.hibernate.SQL                        : delete from shift_assignments where id=?
Hibernate: delete from shift_assignments where id=?
2025-10-13T15:56:19.564+09:00 DEBUG 10272 --- [Shift Scheduler Demo] [           main] org.hibernate.SQL                        : delete from shift_assignments where id=?
Hibernate: delete from shift_assignments where id=?
2025-10-13T15:56:19.564+09:00 DEBUG 10272 --- [Shift Scheduler Demo] [           main] org.hibernate.SQL                        : delete from shift_assignments where id=?
Hibernate: delete from shift_assignments where id=?
2025-10-13T15:56:19.564+09:00 DEBUG 10272 --- [Shift Scheduler Demo] [           main] org.hibernate.SQL                        : delete from shift_assignments where id=?
Hibernate: delete from shift_assignments where id=?
2025-10-13T15:56:19.564+09:00 DEBUG 10272 --- [Shift Scheduler Demo] [           main] org.hibernate.SQL                        : delete from shift_assignments where id=?
Hibernate: delete from shift_assignments where id=?
2025-10-13T15:56:19.564+09:00 DEBUG 10272 --- [Shift Scheduler Demo] [           main] org.hibernate.SQL                        : delete from shift_assignments where id=?
Hibernate: delete from shift_assignments where id=?
2025-10-13T15:56:19.564+09:00 DEBUG 10272 --- [Shift Scheduler Demo] [           main] org.hibernate.SQL                        : delete from shift_assignments where id=?
Hibernate: delete from shift_assignments where id=?
2025-10-13T15:56:19.565+09:00 DEBUG 10272 --- [Shift Scheduler Demo] [           main] org.hibernate.SQL                        : delete from shift_assignments where id=?
Hibernate: delete from shift_assignments where id=?
2025-10-13T15:56:19.565+09:00 DEBUG 10272 --- [Shift Scheduler Demo] [           main] org.hibernate.SQL                        : delete from shift_assignments where id=?
Hibernate: delete from shift_assignments where id=?
2025-10-13T15:56:19.565+09:00 DEBUG 10272 --- [Shift Scheduler Demo] [           main] org.hibernate.SQL                        : delete from shift_assignments where id=?
Hibernate: delete from shift_assignments where id=?
2025-10-13T15:56:19.565+09:00 DEBUG 10272 --- [Shift Scheduler Demo] [           main] org.hibernate.SQL                        : delete from shift_assignments where id=?
Hibernate: delete from shift_assignments where id=?
2025-10-13T15:56:19.565+09:00 DEBUG 10272 --- [Shift Scheduler Demo] [           main] org.hibernate.SQL                        : delete from shift_assignments where id=?
Hibernate: delete from shift_assignments where id=?
2025-10-13T15:56:19.565+09:00 DEBUG 10272 --- [Shift Scheduler Demo] [           main] org.hibernate.SQL                        : delete from shift_assignments where id=?
Hibernate: delete from shift_assignments where id=?
2025-10-13T15:56:19.565+09:00 DEBUG 10272 --- [Shift Scheduler Demo] [           main] org.hibernate.SQL                        : delete from shift_assignments where id=?
Hibernate: delete from shift_assignments where id=?
2025-10-13T15:56:19.566+09:00 DEBUG 10272 --- [Shift Scheduler Demo] [           main] org.hibernate.SQL                        : delete from shift_assignments where id=?
Hibernate: delete from shift_assignments where id=?
2025-10-13T15:56:19.566+09:00 DEBUG 10272 --- [Shift Scheduler Demo] [           main] org.hibernate.SQL                        : delete from shift_assignments where id=?
Hibernate: delete from shift_assignments where id=?
2025-10-13T15:56:19.566+09:00 DEBUG 10272 --- [Shift Scheduler Demo] [           main] org.hibernate.SQL                        : delete from shift_assignments where id=?
Hibernate: delete from shift_assignments where id=?
2025-10-13T15:56:19.566+09:00 DEBUG 10272 --- [Shift Scheduler Demo] [           main] org.hibernate.SQL                        : delete from shift_assignments where id=?
Hibernate: delete from shift_assignments where id=?
2025-10-13T15:56:19.566+09:00 DEBUG 10272 --- [Shift Scheduler Demo] [           main] org.hibernate.SQL                        : delete from shift_assignments where id=?
Hibernate: delete from shift_assignments where id=?
2025-10-13T15:56:19.566+09:00 DEBUG 10272 --- [Shift Scheduler Demo] [           main] org.hibernate.SQL                        : delete from shift_assignments where id=?
Hibernate: delete from shift_assignments where id=?
2025-10-13T15:56:19.566+09:00 DEBUG 10272 --- [Shift Scheduler Demo] [           main] org.hibernate.SQL                        : delete from shift_assignments where id=?
Hibernate: delete from shift_assignments where id=?
2025-10-13T15:56:19.566+09:00 DEBUG 10272 --- [Shift Scheduler Demo] [           main] org.hibernate.SQL                        : delete from shift_assignments where id=?
Hibernate: delete from shift_assignments where id=?
2025-10-13T15:56:19.567+09:00 DEBUG 10272 --- [Shift Scheduler Demo] [           main] org.hibernate.SQL                        : delete from shift_assignments where id=?
Hibernate: delete from shift_assignments where id=?
2025-10-13T15:56:19.567+09:00 DEBUG 10272 --- [Shift Scheduler Demo] [           main] org.hibernate.SQL                        : delete from shift_assignments where id=?
Hibernate: delete from shift_assignments where id=?
2025-10-13T15:56:19.567+09:00 DEBUG 10272 --- [Shift Scheduler Demo] [           main] org.hibernate.SQL                        : delete from shift_assignments where id=?
Hibernate: delete from shift_assignments where id=?
2025-10-13T15:56:19.567+09:00 DEBUG 10272 --- [Shift Scheduler Demo] [           main] org.hibernate.SQL                        : delete from shift_assignments where id=?
Hibernate: delete from shift_assignments where id=?
2025-10-13T15:56:19.567+09:00 DEBUG 10272 --- [Shift Scheduler Demo] [           main] org.hibernate.SQL                        : delete from shift_assignments where id=?
Hibernate: delete from shift_assignments where id=?
2025-10-13T15:56:19.568+09:00 DEBUG 10272 --- [Shift Scheduler Demo] [           main] org.hibernate.SQL                        : delete from shift_assignments where id=?
Hibernate: delete from shift_assignments where id=?
2025-10-13T15:56:19.569+09:00 DEBUG 10272 --- [Shift Scheduler Demo] [           main] org.hibernate.SQL                        : delete from shift_assignments where id=?
Hibernate: delete from shift_assignments where id=?
2025-10-13T15:56:19.569+09:00 DEBUG 10272 --- [Shift Scheduler Demo] [           main] org.hibernate.SQL                        : delete from shift_assignments where id=?
Hibernate: delete from shift_assignments where id=?
2025-10-13T15:56:19.569+09:00 DEBUG 10272 --- [Shift Scheduler Demo] [           main] org.hibernate.SQL                        : delete from shift_assignments where id=?
Hibernate: delete from shift_assignments where id=?
2025-10-13T15:56:19.569+09:00 DEBUG 10272 --- [Shift Scheduler Demo] [           main] org.hibernate.SQL                        : delete from shift_assignments where id=?
Hibernate: delete from shift_assignments where id=?
2025-10-13T15:56:19.570+09:00 DEBUG 10272 --- [Shift Scheduler Demo] [           main] org.hibernate.SQL                        : delete from shift_assignments where id=?
Hibernate: delete from shift_assignments where id=?
2025-10-13T15:56:19.570+09:00 DEBUG 10272 --- [Shift Scheduler Demo] [           main] org.hibernate.SQL                        : delete from shift_assignments where id=?
Hibernate: delete from shift_assignments where id=?
2025-10-13T15:56:19.570+09:00 DEBUG 10272 --- [Shift Scheduler Demo] [           main] org.hibernate.SQL                        : delete from shift_assignments where id=?
Hibernate: delete from shift_assignments where id=?
2025-10-13T15:56:19.570+09:00 DEBUG 10272 --- [Shift Scheduler Demo] [           main] org.hibernate.SQL                        : delete from shift_assignments where id=?
Hibernate: delete from shift_assignments where id=?
2025-10-13T15:56:19.571+09:00 DEBUG 10272 --- [Shift Scheduler Demo] [           main] org.hibernate.SQL                        : delete from shift_assignments where id=?
Hibernate: delete from shift_assignments where id=?
2025-10-13T15:56:19.571+09:00 DEBUG 10272 --- [Shift Scheduler Demo] [           main] org.hibernate.SQL                        : delete from shift_assignments where id=?
Hibernate: delete from shift_assignments where id=?
2025-10-13T15:56:19.571+09:00 DEBUG 10272 --- [Shift Scheduler Demo] [           main] org.hibernate.SQL                        : delete from shift_assignments where id=?
Hibernate: delete from shift_assignments where id=?
2025-10-13T15:56:19.572+09:00 DEBUG 10272 --- [Shift Scheduler Demo] [           main] org.hibernate.SQL                        : delete from shift_assignments where id=?
Hibernate: delete from shift_assignments where id=?
2025-10-13T15:56:19.572+09:00 DEBUG 10272 --- [Shift Scheduler Demo] [           main] org.hibernate.SQL                        : delete from shift_assignments where id=?
Hibernate: delete from shift_assignments where id=?
2025-10-13T15:56:19.572+09:00 DEBUG 10272 --- [Shift Scheduler Demo] [           main] org.hibernate.SQL                        : delete from shift_assignments where id=?
Hibernate: delete from shift_assignments where id=?
2025-10-13T15:56:19.575+09:00 DEBUG 10272 --- [Shift Scheduler Demo] [           main] org.hibernate.SQL                        : delete from shift_assignments where id=?
Hibernate: delete from shift_assignments where id=?
2025-10-13T15:56:19.576+09:00 DEBUG 10272 --- [Shift Scheduler Demo] [           main] org.hibernate.SQL                        : delete from shift_assignments where id=?
Hibernate: delete from shift_assignments where id=?
2025-10-13T15:56:19.577+09:00 DEBUG 10272 --- [Shift Scheduler Demo] [           main] org.hibernate.SQL                        : delete from shift_assignments where id=?
Hibernate: delete from shift_assignments where id=?
2025-10-13T15:56:19.577+09:00 DEBUG 10272 --- [Shift Scheduler Demo] [           main] org.hibernate.SQL                        : delete from shift_assignments where id=?
Hibernate: delete from shift_assignments where id=?
2025-10-13T15:56:19.577+09:00 DEBUG 10272 --- [Shift Scheduler Demo] [           main] org.hibernate.SQL                        : delete from shift_assignments where id=?
Hibernate: delete from shift_assignments where id=?
2025-10-13T15:56:19.577+09:00 DEBUG 10272 --- [Shift Scheduler Demo] [           main] org.hibernate.SQL                        : delete from shift_assignments where id=?
Hibernate: delete from shift_assignments where id=?
2025-10-13T15:56:19.578+09:00 DEBUG 10272 --- [Shift Scheduler Demo] [           main] org.hibernate.SQL                        : delete from shift_assignments where id=?
Hibernate: delete from shift_assignments where id=?
2025-10-13T15:56:19.578+09:00 DEBUG 10272 --- [Shift Scheduler Demo] [           main] org.hibernate.SQL                        : delete from shift_assignments where id=?
Hibernate: delete from shift_assignments where id=?
2025-10-13T15:56:19.580+09:00 DEBUG 10272 --- [Shift Scheduler Demo] [           main] org.hibernate.SQL                        : delete from shift_assignments where id=?
Hibernate: delete from shift_assignments where id=?
2025-10-13T15:56:19.580+09:00 DEBUG 10272 --- [Shift Scheduler Demo] [           main] org.hibernate.SQL                        : delete from shift_assignments where id=?
Hibernate: delete from shift_assignments where id=?
2025-10-13T15:56:19.580+09:00 DEBUG 10272 --- [Shift Scheduler Demo] [           main] org.hibernate.SQL                        : delete from shift_assignments where id=?
Hibernate: delete from shift_assignments where id=?
2025-10-13T15:56:19.581+09:00 DEBUG 10272 --- [Shift Scheduler Demo] [           main] org.hibernate.SQL                        : delete from shift_assignments where id=?
Hibernate: delete from shift_assignments where id=?
2025-10-13T15:56:19.581+09:00 DEBUG 10272 --- [Shift Scheduler Demo] [           main] org.hibernate.SQL                        : delete from shift_assignments where id=?
Hibernate: delete from shift_assignments where id=?
2025-10-13T15:56:19.581+09:00 DEBUG 10272 --- [Shift Scheduler Demo] [           main] org.hibernate.SQL                        : delete from shift_assignments where id=?
Hibernate: delete from shift_assignments where id=?
2025-10-13T15:56:19.581+09:00 DEBUG 10272 --- [Shift Scheduler Demo] [           main] org.hibernate.SQL                        : delete from shift_assignments where id=?
Hibernate: delete from shift_assignments where id=?
2025-10-13T15:56:19.582+09:00 DEBUG 10272 --- [Shift Scheduler Demo] [           main] org.hibernate.SQL                        : delete from shift_assignments where id=?
Hibernate: delete from shift_assignments where id=?
2025-10-13T15:56:19.582+09:00 DEBUG 10272 --- [Shift Scheduler Demo] [           main] org.hibernate.SQL                        : delete from shift_assignments where id=?
Hibernate: delete from shift_assignments where id=?
2025-10-13T15:56:19.582+09:00 DEBUG 10272 --- [Shift Scheduler Demo] [           main] org.hibernate.SQL                        : delete from shift_assignments where id=?
Hibernate: delete from shift_assignments where id=?
2025-10-13T15:56:19.583+09:00 DEBUG 10272 --- [Shift Scheduler Demo] [           main] org.hibernate.SQL                        : delete from shift_assignments where id=?
Hibernate: delete from shift_assignments where id=?
2025-10-13T15:56:19.583+09:00 DEBUG 10272 --- [Shift Scheduler Demo] [           main] org.hibernate.SQL                        : delete from shift_assignments where id=?
Hibernate: delete from shift_assignments where id=?
2025-10-13T15:56:19.584+09:00 DEBUG 10272 --- [Shift Scheduler Demo] [           main] org.hibernate.SQL                        : delete from shift_assignments where id=?
Hibernate: delete from shift_assignments where id=?
2025-10-13T15:56:19.584+09:00 DEBUG 10272 --- [Shift Scheduler Demo] [           main] org.hibernate.SQL                        : delete from shift_assignments where id=?
Hibernate: delete from shift_assignments where id=?
2025-10-13T15:56:19.584+09:00 DEBUG 10272 --- [Shift Scheduler Demo] [           main] org.hibernate.SQL                        : delete from shift_assignments where id=?
Hibernate: delete from shift_assignments where id=?
2025-10-13T15:56:19.584+09:00 DEBUG 10272 --- [Shift Scheduler Demo] [           main] org.hibernate.SQL                        : delete from shift_assignments where id=?
Hibernate: delete from shift_assignments where id=?
2025-10-13T15:56:19.585+09:00 DEBUG 10272 --- [Shift Scheduler Demo] [           main] org.hibernate.SQL                        : delete from shift_assignments where id=?
Hibernate: delete from shift_assignments where id=?
2025-10-13T15:56:19.585+09:00 DEBUG 10272 --- [Shift Scheduler Demo] [           main] org.hibernate.SQL                        : delete from shift_assignments where id=?
Hibernate: delete from shift_assignments where id=?
2025-10-13T15:56:19.585+09:00 DEBUG 10272 --- [Shift Scheduler Demo] [           main] org.hibernate.SQL                        : delete from shift_assignments where id=?
Hibernate: delete from shift_assignments where id=?
2025-10-13T15:56:19.585+09:00 DEBUG 10272 --- [Shift Scheduler Demo] [           main] org.hibernate.SQL                        : delete from shift_assignments where id=?
Hibernate: delete from shift_assignments where id=?
2025-10-13T15:56:19.586+09:00 DEBUG 10272 --- [Shift Scheduler Demo] [           main] org.hibernate.SQL                        : delete from shift_assignments where id=?
Hibernate: delete from shift_assignments where id=?
2025-10-13T15:56:19.586+09:00 DEBUG 10272 --- [Shift Scheduler Demo] [           main] org.hibernate.SQL                        : delete from shift_assignments where id=?
Hibernate: delete from shift_assignments where id=?
2025-10-13T15:56:19.586+09:00 DEBUG 10272 --- [Shift Scheduler Demo] [           main] org.hibernate.SQL                        : delete from shift_assignments where id=?
Hibernate: delete from shift_assignments where id=?
2025-10-13T15:56:19.586+09:00 DEBUG 10272 --- [Shift Scheduler Demo] [           main] org.hibernate.SQL                        : delete from shift_assignments where id=?
Hibernate: delete from shift_assignments where id=?
2025-10-13T15:56:19.587+09:00 DEBUG 10272 --- [Shift Scheduler Demo] [           main] org.hibernate.SQL                        : delete from shift_assignments where id=?
Hibernate: delete from shift_assignments where id=?
2025-10-13T15:56:19.587+09:00 DEBUG 10272 --- [Shift Scheduler Demo] [           main] org.hibernate.SQL                        : delete from shift_assignments where id=?
Hibernate: delete from shift_assignments where id=?
2025-10-13T15:56:19.587+09:00 DEBUG 10272 --- [Shift Scheduler Demo] [           main] org.hibernate.SQL                        : delete from shift_assignments where id=?
Hibernate: delete from shift_assignments where id=?
2025-10-13T15:56:19.587+09:00 DEBUG 10272 --- [Shift Scheduler Demo] [           main] org.hibernate.SQL                        : delete from shift_assignments where id=?
Hibernate: delete from shift_assignments where id=?
2025-10-13T15:56:19.587+09:00 DEBUG 10272 --- [Shift Scheduler Demo] [           main] org.hibernate.SQL                        : delete from shift_assignments where id=?
Hibernate: delete from shift_assignments where id=?
2025-10-13T15:56:19.589+09:00 DEBUG 10272 --- [Shift Scheduler Demo] [           main] org.hibernate.SQL                        : delete from shift_assignments where id=?
Hibernate: delete from shift_assignments where id=?
2025-10-13T15:56:19.589+09:00 DEBUG 10272 --- [Shift Scheduler Demo] [           main] org.hibernate.SQL                        : delete from shift_assignments where id=?
Hibernate: delete from shift_assignments where id=?
2025-10-13T15:56:19.589+09:00 DEBUG 10272 --- [Shift Scheduler Demo] [           main] org.hibernate.SQL                        : delete from shift_assignments where id=?
Hibernate: delete from shift_assignments where id=?
2025-10-13T15:56:19.589+09:00 DEBUG 10272 --- [Shift Scheduler Demo] [           main] org.hibernate.SQL                        : delete from shift_assignments where id=?
Hibernate: delete from shift_assignments where id=?
2025-10-13T15:56:19.589+09:00 DEBUG 10272 --- [Shift Scheduler Demo] [           main] org.hibernate.SQL                        : delete from shift_assignments where id=?
Hibernate: delete from shift_assignments where id=?
2025-10-13T15:56:19.590+09:00 DEBUG 10272 --- [Shift Scheduler Demo] [           main] org.hibernate.SQL                        : delete from shift_assignments where id=?
Hibernate: delete from shift_assignments where id=?
2025-10-13T15:56:19.591+09:00 DEBUG 10272 --- [Shift Scheduler Demo] [           main] org.hibernate.SQL                        : delete from shift_assignments where id=?
Hibernate: delete from shift_assignments where id=?
2025-10-13T15:56:19.592+09:00 DEBUG 10272 --- [Shift Scheduler Demo] [           main] org.hibernate.SQL                        : delete from shift_assignments where id=?
Hibernate: delete from shift_assignments where id=?
2025-10-13T15:56:19.593+09:00 DEBUG 10272 --- [Shift Scheduler Demo] [           main] org.hibernate.SQL                        : delete from shift_assignments where id=?
Hibernate: delete from shift_assignments where id=?
2025-10-13T15:56:19.593+09:00 DEBUG 10272 --- [Shift Scheduler Demo] [           main] org.hibernate.SQL                        : delete from shift_assignments where id=?
Hibernate: delete from shift_assignments where id=?
2025-10-13T15:56:19.593+09:00 DEBUG 10272 --- [Shift Scheduler Demo] [           main] org.hibernate.SQL                        : delete from shift_assignments where id=?
Hibernate: delete from shift_assignments where id=?
2025-10-13T15:56:19.593+09:00 DEBUG 10272 --- [Shift Scheduler Demo] [           main] org.hibernate.SQL                        : delete from shift_assignments where id=?
Hibernate: delete from shift_assignments where id=?
2025-10-13T15:56:19.594+09:00 DEBUG 10272 --- [Shift Scheduler Demo] [           main] org.hibernate.SQL                        : delete from shift_assignments where id=?
Hibernate: delete from shift_assignments where id=?
2025-10-13T15:56:19.594+09:00 DEBUG 10272 --- [Shift Scheduler Demo] [           main] org.hibernate.SQL                        : delete from shift_assignments where id=?
Hibernate: delete from shift_assignments where id=?
2025-10-13T15:56:19.595+09:00 DEBUG 10272 --- [Shift Scheduler Demo] [           main] org.hibernate.SQL                        : delete from shift_assignments where id=?
Hibernate: delete from shift_assignments where id=?
2025-10-13T15:56:19.596+09:00 DEBUG 10272 --- [Shift Scheduler Demo] [           main] org.hibernate.SQL                        : delete from shift_assignments where id=?
Hibernate: delete from shift_assignments where id=?
2025-10-13T15:56:19.596+09:00 DEBUG 10272 --- [Shift Scheduler Demo] [           main] org.hibernate.SQL                        : delete from shift_assignments where id=?
Hibernate: delete from shift_assignments where id=?
2025-10-13T15:56:19.596+09:00 DEBUG 10272 --- [Shift Scheduler Demo] [           main] org.hibernate.SQL                        : delete from shift_assignments where id=?
Hibernate: delete from shift_assignments where id=?
2025-10-13T15:56:19.597+09:00 DEBUG 10272 --- [Shift Scheduler Demo] [           main] org.hibernate.SQL                        : delete from shift_assignments where id=?
Hibernate: delete from shift_assignments where id=?
2025-10-13T15:56:19.597+09:00 DEBUG 10272 --- [Shift Scheduler Demo] [           main] org.hibernate.SQL                        : delete from shift_assignments where id=?
Hibernate: delete from shift_assignments where id=?
2025-10-13T15:56:19.597+09:00 DEBUG 10272 --- [Shift Scheduler Demo] [           main] org.hibernate.SQL                        : delete from shift_assignments where id=?
Hibernate: delete from shift_assignments where id=?
2025-10-13T15:56:19.597+09:00 DEBUG 10272 --- [Shift Scheduler Demo] [           main] org.hibernate.SQL                        : delete from shift_assignments where id=?
Hibernate: delete from shift_assignments where id=?
2025-10-13T15:56:19.597+09:00 DEBUG 10272 --- [Shift Scheduler Demo] [           main] org.hibernate.SQL                        : delete from shift_assignments where id=?
Hibernate: delete from shift_assignments where id=?
2025-10-13T15:56:19.597+09:00 DEBUG 10272 --- [Shift Scheduler Demo] [           main] org.hibernate.SQL                        : delete from shift_assignments where id=?
Hibernate: delete from shift_assignments where id=?
2025-10-13T15:56:19.597+09:00 DEBUG 10272 --- [Shift Scheduler Demo] [           main] org.hibernate.SQL                        : delete from shift_assignments where id=?
Hibernate: delete from shift_assignments where id=?
2025-10-13T15:56:19.597+09:00 DEBUG 10272 --- [Shift Scheduler Demo] [           main] org.hibernate.SQL                        : delete from shift_assignments where id=?
Hibernate: delete from shift_assignments where id=?
2025-10-13T15:56:19.598+09:00 DEBUG 10272 --- [Shift Scheduler Demo] [           main] org.hibernate.SQL                        : delete from shift_assignments where id=?
Hibernate: delete from shift_assignments where id=?
2025-10-13T15:56:19.598+09:00 DEBUG 10272 --- [Shift Scheduler Demo] [           main] org.hibernate.SQL                        : delete from shift_assignments where id=?
Hibernate: delete from shift_assignments where id=?
2025-10-13T15:56:19.598+09:00 DEBUG 10272 --- [Shift Scheduler Demo] [           main] org.hibernate.SQL                        : delete from shift_assignments where id=?
Hibernate: delete from shift_assignments where id=?
2025-10-13T15:56:19.599+09:00 DEBUG 10272 --- [Shift Scheduler Demo] [           main] org.hibernate.SQL                        : delete from shift_assignments where id=?
Hibernate: delete from shift_assignments where id=?
2025-10-13T15:56:19.599+09:00 DEBUG 10272 --- [Shift Scheduler Demo] [           main] org.hibernate.SQL                        : delete from shift_assignments where id=?
Hibernate: delete from shift_assignments where id=?
2025-10-13T15:56:19.600+09:00 DEBUG 10272 --- [Shift Scheduler Demo] [           main] org.hibernate.SQL                        : delete from shift_assignments where id=?
Hibernate: delete from shift_assignments where id=?
2025-10-13T15:56:19.600+09:00 DEBUG 10272 --- [Shift Scheduler Demo] [           main] org.hibernate.SQL                        : delete from shift_assignments where id=?
Hibernate: delete from shift_assignments where id=?
2025-10-13T15:56:19.600+09:00 DEBUG 10272 --- [Shift Scheduler Demo] [           main] org.hibernate.SQL                        : delete from shift_assignments where id=?
Hibernate: delete from shift_assignments where id=?
2025-10-13T15:56:19.602+09:00 DEBUG 10272 --- [Shift Scheduler Demo] [           main] org.hibernate.SQL                        : delete from shift_assignments where id=?
Hibernate: delete from shift_assignments where id=?
2025-10-13T15:56:19.604+09:00 DEBUG 10272 --- [Shift Scheduler Demo] [           main] org.hibernate.SQL                        : delete from shift_assignments where id=?
Hibernate: delete from shift_assignments where id=?
2025-10-13T15:56:19.605+09:00 DEBUG 10272 --- [Shift Scheduler Demo] [           main] org.hibernate.SQL                        : delete from shift_assignments where id=?
Hibernate: delete from shift_assignments where id=?
2025-10-13T15:56:19.606+09:00 DEBUG 10272 --- [Shift Scheduler Demo] [           main] org.hibernate.SQL                        : delete from shift_assignments where id=?
Hibernate: delete from shift_assignments where id=?
2025-10-13T15:56:19.606+09:00 DEBUG 10272 --- [Shift Scheduler Demo] [           main] org.hibernate.SQL                        : delete from shift_assignments where id=?
Hibernate: delete from shift_assignments where id=?
2025-10-13T15:56:19.607+09:00 DEBUG 10272 --- [Shift Scheduler Demo] [           main] org.hibernate.SQL                        : delete from shift_assignments where id=?
Hibernate: delete from shift_assignments where id=?
2025-10-13T15:56:19.607+09:00 DEBUG 10272 --- [Shift Scheduler Demo] [           main] org.hibernate.SQL                        : delete from shift_assignments where id=?
Hibernate: delete from shift_assignments where id=?
2025-10-13T15:56:19.607+09:00 DEBUG 10272 --- [Shift Scheduler Demo] [           main] org.hibernate.SQL                        : delete from shift_assignments where id=?
Hibernate: delete from shift_assignments where id=?
2025-10-13T15:56:19.607+09:00 DEBUG 10272 --- [Shift Scheduler Demo] [           main] org.hibernate.SQL                        : delete from shift_assignments where id=?
Hibernate: delete from shift_assignments where id=?
2025-10-13T15:56:19.607+09:00 DEBUG 10272 --- [Shift Scheduler Demo] [           main] org.hibernate.SQL                        : delete from shift_assignments where id=?
Hibernate: delete from shift_assignments where id=?
2025-10-13T15:56:19.607+09:00 DEBUG 10272 --- [Shift Scheduler Demo] [           main] org.hibernate.SQL                        : delete from shift_assignments where id=?
Hibernate: delete from shift_assignments where id=?
2025-10-13T15:56:19.609+09:00 DEBUG 10272 --- [Shift Scheduler Demo] [           main] org.hibernate.SQL                        : delete from shift_assignments where id=?
Hibernate: delete from shift_assignments where id=?
2025-10-13T15:56:19.610+09:00 DEBUG 10272 --- [Shift Scheduler Demo] [           main] org.hibernate.SQL                        : delete from shift_assignments where id=?
Hibernate: delete from shift_assignments where id=?
2025-10-13T15:56:19.611+09:00 DEBUG 10272 --- [Shift Scheduler Demo] [           main] org.hibernate.SQL                        : delete from shift_assignments where id=?
Hibernate: delete from shift_assignments where id=?
2025-10-13T15:56:19.611+09:00 DEBUG 10272 --- [Shift Scheduler Demo] [           main] org.hibernate.SQL                        : delete from shift_assignments where id=?
Hibernate: delete from shift_assignments where id=?
2025-10-13T15:56:19.612+09:00 DEBUG 10272 --- [Shift Scheduler Demo] [           main] org.hibernate.SQL                        : delete from shift_assignments where id=?
Hibernate: delete from shift_assignments where id=?
2025-10-13T15:56:19.613+09:00 DEBUG 10272 --- [Shift Scheduler Demo] [           main] org.hibernate.SQL                        : delete from shift_assignments where id=?
Hibernate: delete from shift_assignments where id=?
2025-10-13T15:56:19.614+09:00 DEBUG 10272 --- [Shift Scheduler Demo] [           main] org.hibernate.SQL                        : delete from shift_assignments where id=?
Hibernate: delete from shift_assignments where id=?
2025-10-13T15:56:19.615+09:00 DEBUG 10272 --- [Shift Scheduler Demo] [           main] org.hibernate.SQL                        : delete from shift_assignments where id=?
Hibernate: delete from shift_assignments where id=?
2025-10-13T15:56:19.616+09:00 DEBUG 10272 --- [Shift Scheduler Demo] [           main] org.hibernate.SQL                        : delete from shift_assignments where id=?
Hibernate: delete from shift_assignments where id=?
2025-10-13T15:56:19.617+09:00 DEBUG 10272 --- [Shift Scheduler Demo] [           main] org.hibernate.SQL                        : delete from shift_assignments where id=?
Hibernate: delete from shift_assignments where id=?
2025-10-13T15:56:19.617+09:00 DEBUG 10272 --- [Shift Scheduler Demo] [           main] org.hibernate.SQL                        : delete from shift_assignments where id=?
Hibernate: delete from shift_assignments where id=?
2025-10-13T15:56:19.617+09:00 DEBUG 10272 --- [Shift Scheduler Demo] [           main] org.hibernate.SQL                        : delete from shift_assignments where id=?
Hibernate: delete from shift_assignments where id=?
2025-10-13T15:56:19.619+09:00 DEBUG 10272 --- [Shift Scheduler Demo] [           main] org.hibernate.SQL                        : delete from shift_assignments where id=?
Hibernate: delete from shift_assignments where id=?
2025-10-13T15:56:19.619+09:00 DEBUG 10272 --- [Shift Scheduler Demo] [           main] org.hibernate.SQL                        : delete from shift_assignments where id=?
Hibernate: delete from shift_assignments where id=?
2025-10-13T15:56:19.638+09:00 DEBUG 10272 --- [Shift Scheduler Demo] [           main] org.hibernate.SQL                        : delete from shift_assignments where id=?
Hibernate: delete from shift_assignments where id=?
2025-10-13T15:56:19.638+09:00 DEBUG 10272 --- [Shift Scheduler Demo] [           main] org.hibernate.SQL                        : delete from shift_assignments where id=?
Hibernate: delete from shift_assignments where id=?
2025-10-13T15:56:19.638+09:00 DEBUG 10272 --- [Shift Scheduler Demo] [           main] org.hibernate.SQL                        : delete from shift_assignments where id=?
Hibernate: delete from shift_assignments where id=?
2025-10-13T15:56:19.638+09:00 DEBUG 10272 --- [Shift Scheduler Demo] [           main] org.hibernate.SQL                        : delete from shift_assignments where id=?
Hibernate: delete from shift_assignments where id=?
2025-10-13T15:56:19.638+09:00 DEBUG 10272 --- [Shift Scheduler Demo] [           main] org.hibernate.SQL                        : delete from shift_assignments where id=?
Hibernate: delete from shift_assignments where id=?
2025-10-13T15:56:19.638+09:00 DEBUG 10272 --- [Shift Scheduler Demo] [           main] org.hibernate.SQL                        : delete from shift_assignments where id=?
Hibernate: delete from shift_assignments where id=?
2025-10-13T15:56:19.638+09:00 DEBUG 10272 --- [Shift Scheduler Demo] [           main] org.hibernate.SQL                        : delete from shift_assignments where id=?
Hibernate: delete from shift_assignments where id=?
2025-10-13T15:56:19.639+09:00 DEBUG 10272 --- [Shift Scheduler Demo] [           main] org.hibernate.SQL                        : delete from shift_assignments where id=?
Hibernate: delete from shift_assignments where id=?
2025-10-13T15:56:19.639+09:00 DEBUG 10272 --- [Shift Scheduler Demo] [           main] org.hibernate.SQL                        : delete from shift_assignments where id=?
Hibernate: delete from shift_assignments where id=?
2025-10-13T15:56:19.639+09:00 DEBUG 10272 --- [Shift Scheduler Demo] [           main] org.hibernate.SQL                        : delete from shift_assignments where id=?
Hibernate: delete from shift_assignments where id=?
2025-10-13T15:56:19.639+09:00 DEBUG 10272 --- [Shift Scheduler Demo] [           main] org.hibernate.SQL                        : delete from shift_assignments where id=?
Hibernate: delete from shift_assignments where id=?
2025-10-13T15:56:19.639+09:00 DEBUG 10272 --- [Shift Scheduler Demo] [           main] org.hibernate.SQL                        : delete from shift_assignments where id=?
Hibernate: delete from shift_assignments where id=?
2025-10-13T15:56:19.639+09:00 DEBUG 10272 --- [Shift Scheduler Demo] [           main] org.hibernate.SQL                        : delete from shift_assignments where id=?
Hibernate: delete from shift_assignments where id=?
2025-10-13T15:56:19.639+09:00 DEBUG 10272 --- [Shift Scheduler Demo] [           main] org.hibernate.SQL                        : delete from shift_assignments where id=?
Hibernate: delete from shift_assignments where id=?
2025-10-13T15:56:19.640+09:00 DEBUG 10272 --- [Shift Scheduler Demo] [           main] org.hibernate.SQL                        : delete from shift_assignments where id=?
Hibernate: delete from shift_assignments where id=?
2025-10-13T15:56:19.640+09:00 DEBUG 10272 --- [Shift Scheduler Demo] [           main] org.hibernate.SQL                        : delete from shift_assignments where id=?
Hibernate: delete from shift_assignments where id=?
2025-10-13T15:56:19.640+09:00 DEBUG 10272 --- [Shift Scheduler Demo] [           main] org.hibernate.SQL                        : delete from shift_assignments where id=?
Hibernate: delete from shift_assignments where id=?
2025-10-13T15:56:19.640+09:00 DEBUG 10272 --- [Shift Scheduler Demo] [           main] org.hibernate.SQL                        : delete from shift_assignments where id=?
Hibernate: delete from shift_assignments where id=?
2025-10-13T15:56:19.640+09:00 DEBUG 10272 --- [Shift Scheduler Demo] [           main] org.hibernate.SQL                        : delete from shift_assignments where id=?
Hibernate: delete from shift_assignments where id=?
2025-10-13T15:56:19.640+09:00 DEBUG 10272 --- [Shift Scheduler Demo] [           main] org.hibernate.SQL                        : delete from shift_assignments where id=?
Hibernate: delete from shift_assignments where id=?
2025-10-13T15:56:19.640+09:00 DEBUG 10272 --- [Shift Scheduler Demo] [           main] org.hibernate.SQL                        : delete from shift_assignments where id=?
Hibernate: delete from shift_assignments where id=?
2025-10-13T15:56:19.640+09:00 DEBUG 10272 --- [Shift Scheduler Demo] [           main] org.hibernate.SQL                        : delete from shift_assignments where id=?
Hibernate: delete from shift_assignments where id=?
2025-10-13T15:56:19.640+09:00 DEBUG 10272 --- [Shift Scheduler Demo] [           main] org.hibernate.SQL                        : delete from shift_assignments where id=?
Hibernate: delete from shift_assignments where id=?
2025-10-13T15:56:19.640+09:00 DEBUG 10272 --- [Shift Scheduler Demo] [           main] org.hibernate.SQL                        : delete from shift_assignments where id=?
Hibernate: delete from shift_assignments where id=?
2025-10-13T15:56:19.640+09:00 DEBUG 10272 --- [Shift Scheduler Demo] [           main] org.hibernate.SQL                        : delete from shift_assignments where id=?
Hibernate: delete from shift_assignments where id=?
2025-10-13T15:56:19.641+09:00 DEBUG 10272 --- [Shift Scheduler Demo] [           main] org.hibernate.SQL                        : delete from shift_assignments where id=?
Hibernate: delete from shift_assignments where id=?
2025-10-13T15:56:19.654+09:00 DEBUG 10272 --- [Shift Scheduler Demo] [           main] org.hibernate.SQL                        : delete from shift_assignments where id=?
Hibernate: delete from shift_assignments where id=?
2025-10-13T15:56:19.654+09:00 DEBUG 10272 --- [Shift Scheduler Demo] [           main] org.hibernate.SQL                        : delete from shift_assignments where id=?
Hibernate: delete from shift_assignments where id=?
2025-10-13T15:56:19.655+09:00 DEBUG 10272 --- [Shift Scheduler Demo] [           main] org.hibernate.SQL                        : delete from shift_assignments where id=?
Hibernate: delete from shift_assignments where id=?
2025-10-13T15:56:19.657+09:00 DEBUG 10272 --- [Shift Scheduler Demo] [           main] org.hibernate.SQL                        : delete from shift_assignments where id=?
Hibernate: delete from shift_assignments where id=?
2025-10-13T15:56:19.657+09:00 DEBUG 10272 --- [Shift Scheduler Demo] [           main] org.hibernate.SQL                        : delete from shift_assignments where id=?
Hibernate: delete from shift_assignments where id=?
2025-10-13T15:56:19.657+09:00 DEBUG 10272 --- [Shift Scheduler Demo] [           main] org.hibernate.SQL                        : delete from shift_assignments where id=?
Hibernate: delete from shift_assignments where id=?
2025-10-13T15:56:19.657+09:00 DEBUG 10272 --- [Shift Scheduler Demo] [           main] org.hibernate.SQL                        : delete from shift_assignments where id=?
Hibernate: delete from shift_assignments where id=?
2025-10-13T15:56:19.657+09:00 DEBUG 10272 --- [Shift Scheduler Demo] [           main] org.hibernate.SQL                        : delete from shift_assignments where id=?
Hibernate: delete from shift_assignments where id=?
2025-10-13T15:56:19.657+09:00 DEBUG 10272 --- [Shift Scheduler Demo] [           main] org.hibernate.SQL                        : delete from shift_assignments where id=?
Hibernate: delete from shift_assignments where id=?
2025-10-13T15:56:19.658+09:00 DEBUG 10272 --- [Shift Scheduler Demo] [           main] org.hibernate.SQL                        : delete from shift_assignments where id=?
Hibernate: delete from shift_assignments where id=?
2025-10-13T15:56:19.664+09:00 DEBUG 10272 --- [Shift Scheduler Demo] [           main] org.hibernate.SQL                        : delete from shift_assignments where id=?
Hibernate: delete from shift_assignments where id=?
2025-10-13T15:56:19.666+09:00 DEBUG 10272 --- [Shift Scheduler Demo] [           main] org.hibernate.SQL                        : delete from shift_assignments where id=?
Hibernate: delete from shift_assignments where id=?
2025-10-13T15:56:19.667+09:00 DEBUG 10272 --- [Shift Scheduler Demo] [           main] org.hibernate.SQL                        : delete from shift_assignments where id=?
Hibernate: delete from shift_assignments where id=?
2025-10-13T15:56:19.667+09:00 DEBUG 10272 --- [Shift Scheduler Demo] [           main] org.hibernate.SQL                        : delete from shift_assignments where id=?
Hibernate: delete from shift_assignments where id=?
2025-10-13T15:56:19.667+09:00 DEBUG 10272 --- [Shift Scheduler Demo] [           main] org.hibernate.SQL                        : delete from shift_assignments where id=?
Hibernate: delete from shift_assignments where id=?
2025-10-13T15:56:19.667+09:00 DEBUG 10272 --- [Shift Scheduler Demo] [           main] org.hibernate.SQL                        : delete from shift_assignments where id=?
Hibernate: delete from shift_assignments where id=?
2025-10-13T15:56:19.667+09:00 DEBUG 10272 --- [Shift Scheduler Demo] [           main] org.hibernate.SQL                        : delete from shift_assignments where id=?
Hibernate: delete from shift_assignments where id=?
2025-10-13T15:56:19.668+09:00 DEBUG 10272 --- [Shift Scheduler Demo] [           main] org.hibernate.SQL                        : delete from shift_assignments where id=?
Hibernate: delete from shift_assignments where id=?
2025-10-13T15:56:19.668+09:00 DEBUG 10272 --- [Shift Scheduler Demo] [           main] org.hibernate.SQL                        : delete from shift_assignments where id=?
Hibernate: delete from shift_assignments where id=?
2025-10-13T15:56:19.668+09:00 DEBUG 10272 --- [Shift Scheduler Demo] [           main] org.hibernate.SQL                        : delete from shift_assignments where id=?
Hibernate: delete from shift_assignments where id=?
2025-10-13T15:56:19.668+09:00 DEBUG 10272 --- [Shift Scheduler Demo] [           main] org.hibernate.SQL                        : delete from shift_assignments where id=?
Hibernate: delete from shift_assignments where id=?
2025-10-13T15:56:19.668+09:00 DEBUG 10272 --- [Shift Scheduler Demo] [           main] org.hibernate.SQL                        : delete from shift_assignments where id=?
Hibernate: delete from shift_assignments where id=?
2025-10-13T15:56:19.668+09:00 DEBUG 10272 --- [Shift Scheduler Demo] [           main] org.hibernate.SQL                        : delete from shift_assignments where id=?
Hibernate: delete from shift_assignments where id=?
2025-10-13T15:56:19.668+09:00 DEBUG 10272 --- [Shift Scheduler Demo] [           main] org.hibernate.SQL                        : delete from shift_assignments where id=?
Hibernate: delete from shift_assignments where id=?
2025-10-13T15:56:19.668+09:00 DEBUG 10272 --- [Shift Scheduler Demo] [           main] org.hibernate.SQL                        : delete from shift_assignments where id=?
Hibernate: delete from shift_assignments where id=?
2025-10-13T15:56:19.668+09:00 DEBUG 10272 --- [Shift Scheduler Demo] [           main] org.hibernate.SQL                        : delete from shift_assignments where id=?
Hibernate: delete from shift_assignments where id=?
2025-10-13T15:56:19.668+09:00 DEBUG 10272 --- [Shift Scheduler Demo] [           main] org.hibernate.SQL                        : delete from shift_assignments where id=?
Hibernate: delete from shift_assignments where id=?
2025-10-13T15:56:19.668+09:00 DEBUG 10272 --- [Shift Scheduler Demo] [           main] org.hibernate.SQL                        : delete from shift_assignments where id=?
Hibernate: delete from shift_assignments where id=?
2025-10-13T15:56:19.669+09:00 DEBUG 10272 --- [Shift Scheduler Demo] [           main] org.hibernate.SQL                        : delete from shift_assignments where id=?
Hibernate: delete from shift_assignments where id=?
2025-10-13T15:56:19.669+09:00 DEBUG 10272 --- [Shift Scheduler Demo] [           main] org.hibernate.SQL                        : delete from shift_assignments where id=?
Hibernate: delete from shift_assignments where id=?
2025-10-13T15:56:19.669+09:00 DEBUG 10272 --- [Shift Scheduler Demo] [           main] org.hibernate.SQL                        : delete from shift_assignments where id=?
Hibernate: delete from shift_assignments where id=?
2025-10-13T15:56:19.669+09:00 DEBUG 10272 --- [Shift Scheduler Demo] [           main] org.hibernate.SQL                        : delete from shift_assignments where id=?
Hibernate: delete from shift_assignments where id=?
2025-10-13T15:56:19.669+09:00 DEBUG 10272 --- [Shift Scheduler Demo] [           main] org.hibernate.SQL                        : delete from shift_assignments where id=?
Hibernate: delete from shift_assignments where id=?
2025-10-13T15:56:19.669+09:00 DEBUG 10272 --- [Shift Scheduler Demo] [           main] org.hibernate.SQL                        : delete from shift_assignments where id=?
Hibernate: delete from shift_assignments where id=?
2025-10-13T15:56:19.669+09:00 DEBUG 10272 --- [Shift Scheduler Demo] [           main] org.hibernate.SQL                        : delete from shift_assignments where id=?
Hibernate: delete from shift_assignments where id=?
2025-10-13T15:56:19.669+09:00 DEBUG 10272 --- [Shift Scheduler Demo] [           main] org.hibernate.SQL                        : delete from shift_assignments where id=?
Hibernate: delete from shift_assignments where id=?
2025-10-13T15:56:19.669+09:00 DEBUG 10272 --- [Shift Scheduler Demo] [           main] org.hibernate.SQL                        : delete from shift_assignments where id=?
Hibernate: delete from shift_assignments where id=?
2025-10-13T15:56:19.669+09:00 DEBUG 10272 --- [Shift Scheduler Demo] [           main] org.hibernate.SQL                        : delete from shift_assignments where id=?
Hibernate: delete from shift_assignments where id=?
2025-10-13T15:56:19.690+09:00 DEBUG 10272 --- [Shift Scheduler Demo] [           main] org.hibernate.SQL                        : delete from shift_assignments where id=?
Hibernate: delete from shift_assignments where id=?
2025-10-13T15:56:19.692+09:00 DEBUG 10272 --- [Shift Scheduler Demo] [           main] org.hibernate.SQL                        : delete from shift_assignments where id=?
Hibernate: delete from shift_assignments where id=?
2025-10-13T15:56:19.693+09:00 DEBUG 10272 --- [Shift Scheduler Demo] [           main] org.hibernate.SQL                        : delete from shift_assignments where id=?
Hibernate: delete from shift_assignments where id=?
2025-10-13T15:56:19.693+09:00 DEBUG 10272 --- [Shift Scheduler Demo] [           main] org.hibernate.SQL                        : delete from shift_assignments where id=?
Hibernate: delete from shift_assignments where id=?
2025-10-13T15:56:19.693+09:00 DEBUG 10272 --- [Shift Scheduler Demo] [           main] org.hibernate.SQL                        : delete from shift_assignments where id=?
Hibernate: delete from shift_assignments where id=?
2025-10-13T15:56:19.694+09:00 DEBUG 10272 --- [Shift Scheduler Demo] [           main] org.hibernate.SQL                        : delete from shift_assignments where id=?
Hibernate: delete from shift_assignments where id=?
2025-10-13T15:56:19.694+09:00 DEBUG 10272 --- [Shift Scheduler Demo] [           main] org.hibernate.SQL                        : delete from shift_assignments where id=?
Hibernate: delete from shift_assignments where id=?
2025-10-13T15:56:19.694+09:00 DEBUG 10272 --- [Shift Scheduler Demo] [           main] org.hibernate.SQL                        : delete from shift_assignments where id=?
Hibernate: delete from shift_assignments where id=?
2025-10-13T15:56:19.694+09:00 DEBUG 10272 --- [Shift Scheduler Demo] [           main] org.hibernate.SQL                        : delete from shift_assignments where id=?
Hibernate: delete from shift_assignments where id=?
2025-10-13T15:56:19.694+09:00 DEBUG 10272 --- [Shift Scheduler Demo] [           main] org.hibernate.SQL                        : delete from shift_assignments where id=?
Hibernate: delete from shift_assignments where id=?
2025-10-13T15:56:19.694+09:00 DEBUG 10272 --- [Shift Scheduler Demo] [           main] org.hibernate.SQL                        : delete from shift_assignments where id=?
Hibernate: delete from shift_assignments where id=?
2025-10-13T15:56:19.694+09:00 DEBUG 10272 --- [Shift Scheduler Demo] [           main] org.hibernate.SQL                        : delete from shift_assignments where id=?
Hibernate: delete from shift_assignments where id=?
2025-10-13T15:56:19.694+09:00 DEBUG 10272 --- [Shift Scheduler Demo] [           main] org.hibernate.SQL                        : delete from shift_assignments where id=?
Hibernate: delete from shift_assignments where id=?
2025-10-13T15:56:19.695+09:00 DEBUG 10272 --- [Shift Scheduler Demo] [           main] org.hibernate.SQL                        : delete from shift_assignments where id=?
Hibernate: delete from shift_assignments where id=?
2025-10-13T15:56:19.695+09:00 DEBUG 10272 --- [Shift Scheduler Demo] [           main] org.hibernate.SQL                        : delete from shift_assignments where id=?
Hibernate: delete from shift_assignments where id=?
2025-10-13T15:56:19.695+09:00 DEBUG 10272 --- [Shift Scheduler Demo] [           main] org.hibernate.SQL                        : delete from shift_assignments where id=?
Hibernate: delete from shift_assignments where id=?
2025-10-13T15:56:19.695+09:00 DEBUG 10272 --- [Shift Scheduler Demo] [           main] org.hibernate.SQL                        : delete from shift_assignments where id=?
Hibernate: delete from shift_assignments where id=?
2025-10-13T15:56:19.695+09:00 DEBUG 10272 --- [Shift Scheduler Demo] [           main] org.hibernate.SQL                        : delete from shift_assignments where id=?
Hibernate: delete from shift_assignments where id=?
2025-10-13T15:56:19.695+09:00 DEBUG 10272 --- [Shift Scheduler Demo] [           main] org.hibernate.SQL                        : delete from shift_assignments where id=?
Hibernate: delete from shift_assignments where id=?
2025-10-13T15:56:19.696+09:00 DEBUG 10272 --- [Shift Scheduler Demo] [           main] org.hibernate.SQL                        : delete from shift_assignments where id=?
Hibernate: delete from shift_assignments where id=?
2025-10-13T15:56:19.696+09:00 DEBUG 10272 --- [Shift Scheduler Demo] [           main] org.hibernate.SQL                        : delete from shift_assignments where id=?
Hibernate: delete from shift_assignments where id=?
2025-10-13T15:56:19.696+09:00 DEBUG 10272 --- [Shift Scheduler Demo] [           main] org.hibernate.SQL                        : delete from shift_assignments where id=?
Hibernate: delete from shift_assignments where id=?
2025-10-13T15:56:19.696+09:00 DEBUG 10272 --- [Shift Scheduler Demo] [           main] org.hibernate.SQL                        : delete from shift_assignments where id=?
Hibernate: delete from shift_assignments where id=?
2025-10-13T15:56:19.696+09:00 DEBUG 10272 --- [Shift Scheduler Demo] [           main] org.hibernate.SQL                        : delete from shift_assignments where id=?
Hibernate: delete from shift_assignments where id=?
2025-10-13T15:56:19.696+09:00 DEBUG 10272 --- [Shift Scheduler Demo] [           main] org.hibernate.SQL                        : delete from shift_assignments where id=?
Hibernate: delete from shift_assignments where id=?
2025-10-13T15:56:19.697+09:00 DEBUG 10272 --- [Shift Scheduler Demo] [           main] org.hibernate.SQL                        : delete from shift_assignments where id=?
Hibernate: delete from shift_assignments where id=?
2025-10-13T15:56:19.698+09:00 DEBUG 10272 --- [Shift Scheduler Demo] [           main] org.hibernate.SQL                        : delete from shift_assignments where id=?
Hibernate: delete from shift_assignments where id=?
2025-10-13T15:56:19.698+09:00 DEBUG 10272 --- [Shift Scheduler Demo] [           main] org.hibernate.SQL                        : delete from shift_assignments where id=?
Hibernate: delete from shift_assignments where id=?
2025-10-13T15:56:19.698+09:00 DEBUG 10272 --- [Shift Scheduler Demo] [           main] org.hibernate.SQL                        : delete from shift_assignments where id=?
Hibernate: delete from shift_assignments where id=?
2025-10-13T15:56:19.699+09:00 DEBUG 10272 --- [Shift Scheduler Demo] [           main] org.hibernate.SQL                        : delete from shift_assignments where id=?
Hibernate: delete from shift_assignments where id=?
2025-10-13T15:56:19.699+09:00 DEBUG 10272 --- [Shift Scheduler Demo] [           main] org.hibernate.SQL                        : delete from shift_assignments where id=?
Hibernate: delete from shift_assignments where id=?
2025-10-13T15:56:19.699+09:00 DEBUG 10272 --- [Shift Scheduler Demo] [           main] org.hibernate.SQL                        : delete from shift_assignments where id=?
Hibernate: delete from shift_assignments where id=?
2025-10-13T15:56:19.699+09:00 DEBUG 10272 --- [Shift Scheduler Demo] [           main] org.hibernate.SQL                        : delete from shift_assignments where id=?
Hibernate: delete from shift_assignments where id=?
2025-10-13T15:56:19.701+09:00 DEBUG 10272 --- [Shift Scheduler Demo] [           main] org.hibernate.SQL                        : delete from shift_assignments where id=?
Hibernate: delete from shift_assignments where id=?
2025-10-13T15:56:19.701+09:00 DEBUG 10272 --- [Shift Scheduler Demo] [           main] org.hibernate.SQL                        : delete from shift_assignments where id=?
Hibernate: delete from shift_assignments where id=?
2025-10-13T15:56:19.701+09:00 DEBUG 10272 --- [Shift Scheduler Demo] [           main] org.hibernate.SQL                        : delete from shift_assignments where id=?
Hibernate: delete from shift_assignments where id=?
2025-10-13T15:56:19.701+09:00 DEBUG 10272 --- [Shift Scheduler Demo] [           main] org.hibernate.SQL                        : delete from shift_assignments where id=?
Hibernate: delete from shift_assignments where id=?
2025-10-13T15:56:19.702+09:00 DEBUG 10272 --- [Shift Scheduler Demo] [           main] org.hibernate.SQL                        : delete from shift_assignments where id=?
Hibernate: delete from shift_assignments where id=?
2025-10-13T15:56:19.702+09:00 DEBUG 10272 --- [Shift Scheduler Demo] [           main] org.hibernate.SQL                        : delete from shift_assignments where id=?
Hibernate: delete from shift_assignments where id=?
2025-10-13T15:56:19.702+09:00 DEBUG 10272 --- [Shift Scheduler Demo] [           main] org.hibernate.SQL                        : delete from shift_assignments where id=?
Hibernate: delete from shift_assignments where id=?
2025-10-13T15:56:19.702+09:00 DEBUG 10272 --- [Shift Scheduler Demo] [           main] org.hibernate.SQL                        : delete from shift_assignments where id=?
Hibernate: delete from shift_assignments where id=?
2025-10-13T15:56:19.702+09:00 DEBUG 10272 --- [Shift Scheduler Demo] [           main] org.hibernate.SQL                        : delete from shift_assignments where id=?
Hibernate: delete from shift_assignments where id=?
2025-10-13T15:56:19.703+09:00 DEBUG 10272 --- [Shift Scheduler Demo] [           main] org.hibernate.SQL                        : delete from shift_assignments where id=?
Hibernate: delete from shift_assignments where id=?
2025-10-13T15:56:19.703+09:00 DEBUG 10272 --- [Shift Scheduler Demo] [           main] org.hibernate.SQL                        : delete from shift_assignments where id=?
Hibernate: delete from shift_assignments where id=?
2025-10-13T15:56:19.703+09:00 DEBUG 10272 --- [Shift Scheduler Demo] [           main] org.hibernate.SQL                        : delete from shift_assignments where id=?
Hibernate: delete from shift_assignments where id=?
2025-10-13T15:56:19.703+09:00 DEBUG 10272 --- [Shift Scheduler Demo] [           main] org.hibernate.SQL                        : delete from shift_assignments where id=?
Hibernate: delete from shift_assignments where id=?
2025-10-13T15:56:19.703+09:00 DEBUG 10272 --- [Shift Scheduler Demo] [           main] org.hibernate.SQL                        : delete from shift_assignments where id=?
Hibernate: delete from shift_assignments where id=?
2025-10-13T15:56:19.703+09:00 DEBUG 10272 --- [Shift Scheduler Demo] [           main] org.hibernate.SQL                        : delete from shift_assignments where id=?
Hibernate: delete from shift_assignments where id=?
2025-10-13T15:56:19.704+09:00 DEBUG 10272 --- [Shift Scheduler Demo] [           main] org.hibernate.SQL                        : delete from shift_assignments where id=?
Hibernate: delete from shift_assignments where id=?
2025-10-13T15:56:19.704+09:00 DEBUG 10272 --- [Shift Scheduler Demo] [           main] org.hibernate.SQL                        : delete from shift_assignments where id=?
Hibernate: delete from shift_assignments where id=?
2025-10-13T15:56:19.704+09:00 DEBUG 10272 --- [Shift Scheduler Demo] [           main] org.hibernate.SQL                        : delete from shift_assignments where id=?
Hibernate: delete from shift_assignments where id=?
2025-10-13T15:56:19.704+09:00 DEBUG 10272 --- [Shift Scheduler Demo] [           main] org.hibernate.SQL                        : delete from shift_assignments where id=?
Hibernate: delete from shift_assignments where id=?
2025-10-13T15:56:19.704+09:00 DEBUG 10272 --- [Shift Scheduler Demo] [           main] org.hibernate.SQL                        : delete from shift_assignments where id=?
Hibernate: delete from shift_assignments where id=?
2025-10-13T15:56:19.704+09:00 DEBUG 10272 --- [Shift Scheduler Demo] [           main] org.hibernate.SQL                        : delete from shift_assignments where id=?
Hibernate: delete from shift_assignments where id=?
2025-10-13T15:56:19.704+09:00 DEBUG 10272 --- [Shift Scheduler Demo] [           main] org.hibernate.SQL                        : delete from shift_assignments where id=?
Hibernate: delete from shift_assignments where id=?
2025-10-13T15:56:19.704+09:00 DEBUG 10272 --- [Shift Scheduler Demo] [           main] org.hibernate.SQL                        : delete from shift_assignments where id=?
Hibernate: delete from shift_assignments where id=?
2025-10-13T15:56:19.704+09:00 DEBUG 10272 --- [Shift Scheduler Demo] [           main] org.hibernate.SQL                        : delete from shift_assignments where id=?
Hibernate: delete from shift_assignments where id=?
2025-10-13T15:56:19.704+09:00 DEBUG 10272 --- [Shift Scheduler Demo] [           main] org.hibernate.SQL                        : delete from shift_assignments where id=?
Hibernate: delete from shift_assignments where id=?
2025-10-13T15:56:19.704+09:00 DEBUG 10272 --- [Shift Scheduler Demo] [           main] org.hibernate.SQL                        : delete from shift_assignments where id=?
Hibernate: delete from shift_assignments where id=?
2025-10-13T15:56:19.705+09:00 DEBUG 10272 --- [Shift Scheduler Demo] [           main] org.hibernate.SQL                        : delete from shift_assignments where id=?
Hibernate: delete from shift_assignments where id=?
2025-10-13T15:56:19.705+09:00 DEBUG 10272 --- [Shift Scheduler Demo] [           main] org.hibernate.SQL                        : delete from shift_assignments where id=?
Hibernate: delete from shift_assignments where id=?
2025-10-13T15:56:19.708+09:00 DEBUG 10272 --- [Shift Scheduler Demo] [           main] org.hibernate.SQL                        : delete from shift_assignments where id=?
Hibernate: delete from shift_assignments where id=?
2025-10-13T15:56:19.709+09:00 DEBUG 10272 --- [Shift Scheduler Demo] [           main] org.hibernate.SQL                        : delete from shift_assignments where id=?
Hibernate: delete from shift_assignments where id=?
2025-10-13T15:56:19.709+09:00 DEBUG 10272 --- [Shift Scheduler Demo] [           main] org.hibernate.SQL                        : delete from shift_assignments where id=?
Hibernate: delete from shift_assignments where id=?
2025-10-13T15:56:19.709+09:00 DEBUG 10272 --- [Shift Scheduler Demo] [           main] org.hibernate.SQL                        : delete from employee_constraints where id=?
Hibernate: delete from employee_constraints where id=?
2025-10-13T15:56:19.709+09:00 DEBUG 10272 --- [Shift Scheduler Demo] [           main] org.hibernate.SQL                        : delete from employee_constraints where id=?
Hibernate: delete from employee_constraints where id=?
2025-10-13T15:56:19.709+09:00 DEBUG 10272 --- [Shift Scheduler Demo] [           main] org.hibernate.SQL                        : delete from employee_constraints where id=?
Hibernate: delete from employee_constraints where id=?
2025-10-13T15:56:19.709+09:00 DEBUG 10272 --- [Shift Scheduler Demo] [           main] org.hibernate.SQL                        : delete from employee_constraints where id=?
Hibernate: delete from employee_constraints where id=?
2025-10-13T15:56:19.709+09:00 DEBUG 10272 --- [Shift Scheduler Demo] [           main] org.hibernate.SQL                        : delete from employee_constraints where id=?
Hibernate: delete from employee_constraints where id=?
2025-10-13T15:56:19.709+09:00 DEBUG 10272 --- [Shift Scheduler Demo] [           main] org.hibernate.SQL                        : delete from employee_constraints where id=?
Hibernate: delete from employee_constraints where id=?
2025-10-13T15:56:19.710+09:00 DEBUG 10272 --- [Shift Scheduler Demo] [           main] org.hibernate.SQL                        : delete from employee_constraints where id=?
Hibernate: delete from employee_constraints where id=?
2025-10-13T15:56:19.710+09:00 DEBUG 10272 --- [Shift Scheduler Demo] [           main] org.hibernate.SQL                        : delete from employee_constraints where id=?
Hibernate: delete from employee_constraints where id=?
2025-10-13T15:56:19.710+09:00 DEBUG 10272 --- [Shift Scheduler Demo] [           main] org.hibernate.SQL                        : delete from employee_constraints where id=?
Hibernate: delete from employee_constraints where id=?
2025-10-13T15:56:19.710+09:00 DEBUG 10272 --- [Shift Scheduler Demo] [           main] org.hibernate.SQL                        : delete from employee_constraints where id=?
Hibernate: delete from employee_constraints where id=?
2025-10-13T15:56:19.710+09:00 DEBUG 10272 --- [Shift Scheduler Demo] [           main] org.hibernate.SQL                        : delete from employee_constraints where id=?
Hibernate: delete from employee_constraints where id=?
2025-10-13T15:56:19.710+09:00 DEBUG 10272 --- [Shift Scheduler Demo] [           main] org.hibernate.SQL                        : delete from employee_constraints where id=?
Hibernate: delete from employee_constraints where id=?
2025-10-13T15:56:19.710+09:00 DEBUG 10272 --- [Shift Scheduler Demo] [           main] org.hibernate.SQL                        : delete from employee_constraints where id=?
Hibernate: delete from employee_constraints where id=?
2025-10-13T15:56:19.710+09:00 DEBUG 10272 --- [Shift Scheduler Demo] [           main] org.hibernate.SQL                        : delete from employee_constraints where id=?
Hibernate: delete from employee_constraints where id=?
2025-10-13T15:56:19.710+09:00 DEBUG 10272 --- [Shift Scheduler Demo] [           main] org.hibernate.SQL                        : delete from employee_constraints where id=?
Hibernate: delete from employee_constraints where id=?
2025-10-13T15:56:19.710+09:00 DEBUG 10272 --- [Shift Scheduler Demo] [           main] org.hibernate.SQL                        : delete from employee_constraints where id=?
Hibernate: delete from employee_constraints where id=?
2025-10-13T15:56:19.710+09:00 DEBUG 10272 --- [Shift Scheduler Demo] [           main] org.hibernate.SQL                        : delete from employee_constraints where id=?
Hibernate: delete from employee_constraints where id=?
2025-10-13T15:56:19.710+09:00 DEBUG 10272 --- [Shift Scheduler Demo] [           main] org.hibernate.SQL                        : delete from employee_constraints where id=?
Hibernate: delete from employee_constraints where id=?
2025-10-13T15:56:19.710+09:00 DEBUG 10272 --- [Shift Scheduler Demo] [           main] org.hibernate.SQL                        : delete from employee_constraints where id=?
Hibernate: delete from employee_constraints where id=?
2025-10-13T15:56:19.711+09:00 DEBUG 10272 --- [Shift Scheduler Demo] [           main] org.hibernate.SQL                        : delete from employee_constraints where id=?
Hibernate: delete from employee_constraints where id=?
2025-10-13T15:56:19.711+09:00 DEBUG 10272 --- [Shift Scheduler Demo] [           main] org.hibernate.SQL                        : delete from employee_constraints where id=?
Hibernate: delete from employee_constraints where id=?
2025-10-13T15:56:19.711+09:00 DEBUG 10272 --- [Shift Scheduler Demo] [           main] org.hibernate.SQL                        : delete from employee_constraints where id=?
Hibernate: delete from employee_constraints where id=?
2025-10-13T15:56:19.713+09:00 DEBUG 10272 --- [Shift Scheduler Demo] [           main] org.hibernate.SQL                        : delete from employee_constraints where id=?
Hibernate: delete from employee_constraints where id=?
2025-10-13T15:56:19.714+09:00 DEBUG 10272 --- [Shift Scheduler Demo] [           main] org.hibernate.SQL                        : delete from employee_constraints where id=?
Hibernate: delete from employee_constraints where id=?
2025-10-13T15:56:19.714+09:00 DEBUG 10272 --- [Shift Scheduler Demo] [           main] org.hibernate.SQL                        : delete from employee_constraints where id=?
Hibernate: delete from employee_constraints where id=?
2025-10-13T15:56:19.714+09:00 DEBUG 10272 --- [Shift Scheduler Demo] [           main] org.hibernate.SQL                        : delete from employee_constraints where id=?
Hibernate: delete from employee_constraints where id=?
2025-10-13T15:56:19.715+09:00 DEBUG 10272 --- [Shift Scheduler Demo] [           main] org.hibernate.SQL                        : delete from employee_constraints where id=?
Hibernate: delete from employee_constraints where id=?
2025-10-13T15:56:19.715+09:00 DEBUG 10272 --- [Shift Scheduler Demo] [           main] org.hibernate.SQL                        : delete from employee_constraints where id=?
Hibernate: delete from employee_constraints where id=?
2025-10-13T15:56:19.715+09:00 DEBUG 10272 --- [Shift Scheduler Demo] [           main] org.hibernate.SQL                        : delete from employee_constraints where id=?
Hibernate: delete from employee_constraints where id=?
2025-10-13T15:56:19.715+09:00 DEBUG 10272 --- [Shift Scheduler Demo] [           main] org.hibernate.SQL                        : delete from employee_constraints where id=?
Hibernate: delete from employee_constraints where id=?
2025-10-13T15:56:19.715+09:00 DEBUG 10272 --- [Shift Scheduler Demo] [           main] org.hibernate.SQL                        : delete from employee_constraints where id=?
Hibernate: delete from employee_constraints where id=?
2025-10-13T15:56:19.715+09:00 DEBUG 10272 --- [Shift Scheduler Demo] [           main] org.hibernate.SQL                        : delete from employee_constraints where id=?
Hibernate: delete from employee_constraints where id=?
2025-10-13T15:56:19.715+09:00 DEBUG 10272 --- [Shift Scheduler Demo] [           main] org.hibernate.SQL                        : delete from employee_constraints where id=?
Hibernate: delete from employee_constraints where id=?
2025-10-13T15:56:19.715+09:00 DEBUG 10272 --- [Shift Scheduler Demo] [           main] org.hibernate.SQL                        : delete from employee_constraints where id=?
Hibernate: delete from employee_constraints where id=?
2025-10-13T15:56:19.715+09:00 DEBUG 10272 --- [Shift Scheduler Demo] [           main] org.hibernate.SQL                        : delete from employee_constraints where id=?
Hibernate: delete from employee_constraints where id=?
2025-10-13T15:56:19.715+09:00 DEBUG 10272 --- [Shift Scheduler Demo] [           main] org.hibernate.SQL                        : delete from employee_constraints where id=?
Hibernate: delete from employee_constraints where id=?
2025-10-13T15:56:19.715+09:00 DEBUG 10272 --- [Shift Scheduler Demo] [           main] org.hibernate.SQL                        : delete from employee_constraints where id=?
Hibernate: delete from employee_constraints where id=?
2025-10-13T15:56:19.716+09:00 DEBUG 10272 --- [Shift Scheduler Demo] [           main] org.hibernate.SQL                        : delete from employee_constraints where id=?
Hibernate: delete from employee_constraints where id=?
2025-10-13T15:56:19.716+09:00 DEBUG 10272 --- [Shift Scheduler Demo] [           main] org.hibernate.SQL                        : delete from employee_constraints where id=?
Hibernate: delete from employee_constraints where id=?
2025-10-13T15:56:19.716+09:00 DEBUG 10272 --- [Shift Scheduler Demo] [           main] org.hibernate.SQL                        : delete from employee_constraints where id=?
Hibernate: delete from employee_constraints where id=?
2025-10-13T15:56:19.716+09:00 DEBUG 10272 --- [Shift Scheduler Demo] [           main] org.hibernate.SQL                        : delete from employee_constraints where id=?
Hibernate: delete from employee_constraints where id=?
2025-10-13T15:56:19.716+09:00 DEBUG 10272 --- [Shift Scheduler Demo] [           main] org.hibernate.SQL                        : delete from employee_constraints where id=?
Hibernate: delete from employee_constraints where id=?
2025-10-13T15:56:19.716+09:00 DEBUG 10272 --- [Shift Scheduler Demo] [           main] org.hibernate.SQL                        : delete from employee_constraints where id=?
Hibernate: delete from employee_constraints where id=?
2025-10-13T15:56:19.716+09:00 DEBUG 10272 --- [Shift Scheduler Demo] [           main] org.hibernate.SQL                        : delete from employee_constraints where id=?
Hibernate: delete from employee_constraints where id=?
2025-10-13T15:56:19.716+09:00 DEBUG 10272 --- [Shift Scheduler Demo] [           main] org.hibernate.SQL                        : delete from employee_constraints where id=?
Hibernate: delete from employee_constraints where id=?
2025-10-13T15:56:19.717+09:00 DEBUG 10272 --- [Shift Scheduler Demo] [           main] org.hibernate.SQL                        : delete from employee_constraints where id=?
Hibernate: delete from employee_constraints where id=?
2025-10-13T15:56:19.717+09:00 DEBUG 10272 --- [Shift Scheduler Demo] [           main] org.hibernate.SQL                        : delete from employee_constraints where id=?
Hibernate: delete from employee_constraints where id=?
2025-10-13T15:56:19.717+09:00 DEBUG 10272 --- [Shift Scheduler Demo] [           main] org.hibernate.SQL                        : delete from employee_constraints where id=?
Hibernate: delete from employee_constraints where id=?
2025-10-13T15:56:19.717+09:00 DEBUG 10272 --- [Shift Scheduler Demo] [           main] org.hibernate.SQL                        : delete from employee_constraints where id=?
Hibernate: delete from employee_constraints where id=?
2025-10-13T15:56:19.717+09:00 DEBUG 10272 --- [Shift Scheduler Demo] [           main] org.hibernate.SQL                        : delete from employee_constraints where id=?
Hibernate: delete from employee_constraints where id=?
2025-10-13T15:56:19.717+09:00 DEBUG 10272 --- [Shift Scheduler Demo] [           main] org.hibernate.SQL                        : delete from employee_constraints where id=?
Hibernate: delete from employee_constraints where id=?
2025-10-13T15:56:19.717+09:00 DEBUG 10272 --- [Shift Scheduler Demo] [           main] org.hibernate.SQL                        : delete from employee_constraints where id=?
Hibernate: delete from employee_constraints where id=?
2025-10-13T15:56:19.717+09:00 DEBUG 10272 --- [Shift Scheduler Demo] [           main] org.hibernate.SQL                        : delete from employee_constraints where id=?
Hibernate: delete from employee_constraints where id=?
2025-10-13T15:56:19.717+09:00 DEBUG 10272 --- [Shift Scheduler Demo] [           main] org.hibernate.SQL                        : delete from employee_constraints where id=?
Hibernate: delete from employee_constraints where id=?
2025-10-13T15:56:19.717+09:00 DEBUG 10272 --- [Shift Scheduler Demo] [           main] org.hibernate.SQL                        : delete from employee_constraints where id=?
Hibernate: delete from employee_constraints where id=?
2025-10-13T15:56:19.717+09:00 DEBUG 10272 --- [Shift Scheduler Demo] [           main] org.hibernate.SQL                        : delete from employee_constraints where id=?
Hibernate: delete from employee_constraints where id=?
2025-10-13T15:56:19.717+09:00 DEBUG 10272 --- [Shift Scheduler Demo] [           main] org.hibernate.SQL                        : delete from employee_constraints where id=?
Hibernate: delete from employee_constraints where id=?
2025-10-13T15:56:19.717+09:00 DEBUG 10272 --- [Shift Scheduler Demo] [           main] org.hibernate.SQL                        : delete from employee_constraints where id=?
Hibernate: delete from employee_constraints where id=?
2025-10-13T15:56:19.717+09:00 DEBUG 10272 --- [Shift Scheduler Demo] [           main] org.hibernate.SQL                        : delete from employee_constraints where id=?
Hibernate: delete from employee_constraints where id=?
2025-10-13T15:56:19.718+09:00 DEBUG 10272 --- [Shift Scheduler Demo] [           main] org.hibernate.SQL                        : delete from employee_constraints where id=?
Hibernate: delete from employee_constraints where id=?
2025-10-13T15:56:19.718+09:00 DEBUG 10272 --- [Shift Scheduler Demo] [           main] org.hibernate.SQL                        : delete from employee_constraints where id=?
Hibernate: delete from employee_constraints where id=?
2025-10-13T15:56:19.718+09:00 DEBUG 10272 --- [Shift Scheduler Demo] [           main] org.hibernate.SQL                        : delete from employee_constraints where id=?
Hibernate: delete from employee_constraints where id=?
2025-10-13T15:56:19.718+09:00 DEBUG 10272 --- [Shift Scheduler Demo] [           main] org.hibernate.SQL                        : delete from employee_constraints where id=?
Hibernate: delete from employee_constraints where id=?
2025-10-13T15:56:19.718+09:00 DEBUG 10272 --- [Shift Scheduler Demo] [           main] org.hibernate.SQL                        : delete from employee_constraints where id=?
Hibernate: delete from employee_constraints where id=?
2025-10-13T15:56:19.718+09:00 DEBUG 10272 --- [Shift Scheduler Demo] [           main] org.hibernate.SQL                        : delete from employee_constraints where id=?
Hibernate: delete from employee_constraints where id=?
2025-10-13T15:56:19.718+09:00 DEBUG 10272 --- [Shift Scheduler Demo] [           main] org.hibernate.SQL                        : delete from employee_constraints where id=?
Hibernate: delete from employee_constraints where id=?
2025-10-13T15:56:19.718+09:00 DEBUG 10272 --- [Shift Scheduler Demo] [           main] org.hibernate.SQL                        : delete from employee_constraints where id=?
Hibernate: delete from employee_constraints where id=?
2025-10-13T15:56:19.718+09:00 DEBUG 10272 --- [Shift Scheduler Demo] [           main] org.hibernate.SQL                        : delete from employee_constraints where id=?
Hibernate: delete from employee_constraints where id=?
2025-10-13T15:56:19.718+09:00 DEBUG 10272 --- [Shift Scheduler Demo] [           main] org.hibernate.SQL                        : delete from employee_constraints where id=?
Hibernate: delete from employee_constraints where id=?
2025-10-13T15:56:19.718+09:00 DEBUG 10272 --- [Shift Scheduler Demo] [           main] org.hibernate.SQL                        : delete from employee_constraints where id=?
Hibernate: delete from employee_constraints where id=?
2025-10-13T15:56:19.718+09:00 DEBUG 10272 --- [Shift Scheduler Demo] [           main] org.hibernate.SQL                        : delete from employee_constraints where id=?
Hibernate: delete from employee_constraints where id=?
2025-10-13T15:56:19.718+09:00 DEBUG 10272 --- [Shift Scheduler Demo] [           main] org.hibernate.SQL                        : delete from employee_constraints where id=?
Hibernate: delete from employee_constraints where id=?
2025-10-13T15:56:19.718+09:00 DEBUG 10272 --- [Shift Scheduler Demo] [           main] org.hibernate.SQL                        : delete from employee_constraints where id=?
Hibernate: delete from employee_constraints where id=?
2025-10-13T15:56:19.718+09:00 DEBUG 10272 --- [Shift Scheduler Demo] [           main] org.hibernate.SQL                        : delete from employee_constraints where id=?
Hibernate: delete from employee_constraints where id=?
2025-10-13T15:56:19.718+09:00 DEBUG 10272 --- [Shift Scheduler Demo] [           main] org.hibernate.SQL                        : delete from employee_constraints where id=?
Hibernate: delete from employee_constraints where id=?
2025-10-13T15:56:19.719+09:00 DEBUG 10272 --- [Shift Scheduler Demo] [           main] org.hibernate.SQL                        : select sa1_0.id,sa1_0.employee_id,sa1_0.end_time,sa1_0.shift_name,sa1_0.start_time,sa1_0.work_date from shift_assignments sa1_0 where sa1_0.work_date<? order by sa1_0.work_date desc limit ?
Hibernate: select sa1_0.id,sa1_0.employee_id,sa1_0.end_time,sa1_0.shift_name,sa1_0.start_time,sa1_0.work_date from shift_assignments sa1_0 where sa1_0.work_date<? order by sa1_0.work_date desc limit ?
2025-10-13T15:56:19.726+09:00 DEBUG 10272 --- [Shift Scheduler Demo] [           main] org.hibernate.SQL                        : select sa1_0.id,sa1_0.employee_id,sa1_0.end_time,sa1_0.shift_name,sa1_0.start_time,sa1_0.work_date from shift_assignments sa1_0 where sa1_0.work_date between ? and ?
Hibernate: select sa1_0.id,sa1_0.employee_id,sa1_0.end_time,sa1_0.shift_name,sa1_0.start_time,sa1_0.work_date from shift_assignments sa1_0 where sa1_0.work_date between ? and ?
2025-10-13T15:56:19.727+09:00  INFO 10272 --- [Shift Scheduler Demo] [           main] c.e.shiftv1.schedule.ScheduleService     : 登録従業員数: 30名
2025-10-13T15:56:19.732+09:00 DEBUG 10272 --- [Shift Scheduler Demo] [           main] org.hibernate.SQL                        : select sa1_0.id,sa1_0.employee_id,sa1_0.end_time,sa1_0.shift_name,sa1_0.start_time,sa1_0.work_date from shift_assignments sa1_0 where sa1_0.work_date=?
Hibernate: select sa1_0.id,sa1_0.employee_id,sa1_0.end_time,sa1_0.shift_name,sa1_0.start_time,sa1_0.work_date from shift_assignments sa1_0 where sa1_0.work_date=?
2025-10-13T15:56:19.734+09:00 DEBUG 10272 --- [Shift Scheduler Demo] [           main] org.hibernate.SQL                        : select sa1_0.id,sa1_0.employee_id,sa1_0.end_time,sa1_0.shift_name,sa1_0.start_time,sa1_0.work_date from shift_assignments sa1_0 where sa1_0.work_date=?
Hibernate: select sa1_0.id,sa1_0.employee_id,sa1_0.end_time,sa1_0.shift_name,sa1_0.start_time,sa1_0.work_date from shift_assignments sa1_0 where sa1_0.work_date=?
2025-10-13T15:56:19.736+09:00 DEBUG 10272 --- [Shift Scheduler Demo] [           main] org.hibernate.SQL                        : select sa1_0.id,sa1_0.employee_id,sa1_0.end_time,sa1_0.shift_name,sa1_0.start_time,sa1_0.work_date from shift_assignments sa1_0 where sa1_0.work_date=?
Hibernate: select sa1_0.id,sa1_0.employee_id,sa1_0.end_time,sa1_0.shift_name,sa1_0.start_time,sa1_0.work_date from shift_assignments sa1_0 where sa1_0.work_date=?
2025-10-13T15:56:19.738+09:00 DEBUG 10272 --- [Shift Scheduler Demo] [           main] org.hibernate.SQL                        : select sa1_0.id,sa1_0.employee_id,sa1_0.end_time,sa1_0.shift_name,sa1_0.start_time,sa1_0.work_date from shift_assignments sa1_0 where sa1_0.work_date=?
Hibernate: select sa1_0.id,sa1_0.employee_id,sa1_0.end_time,sa1_0.shift_name,sa1_0.start_time,sa1_0.work_date from shift_assignments sa1_0 where sa1_0.work_date=?
2025-10-13T15:56:19.741+09:00 DEBUG 10272 --- [Shift Scheduler Demo] [           main] org.hibernate.SQL                        : select sa1_0.id,sa1_0.employee_id,sa1_0.end_time,sa1_0.shift_name,sa1_0.start_time,sa1_0.work_date from shift_assignments sa1_0 where sa1_0.work_date=?
Hibernate: select sa1_0.id,sa1_0.employee_id,sa1_0.end_time,sa1_0.shift_name,sa1_0.start_time,sa1_0.work_date from shift_assignments sa1_0 where sa1_0.work_date=?
2025-10-13T15:56:19.744+09:00 DEBUG 10272 --- [Shift Scheduler Demo] [           main] org.hibernate.SQL                        : select sa1_0.id,sa1_0.employee_id,sa1_0.end_time,sa1_0.shift_name,sa1_0.start_time,sa1_0.work_date from shift_assignments sa1_0 where sa1_0.work_date=?
Hibernate: select sa1_0.id,sa1_0.employee_id,sa1_0.end_time,sa1_0.shift_name,sa1_0.start_time,sa1_0.work_date from shift_assignments sa1_0 where sa1_0.work_date=?
2025-10-13T15:56:19.746+09:00 DEBUG 10272 --- [Shift Scheduler Demo] [           main] org.hibernate.SQL                        : select sa1_0.id,sa1_0.employee_id,sa1_0.end_time,sa1_0.shift_name,sa1_0.start_time,sa1_0.work_date from shift_assignments sa1_0 where sa1_0.work_date=?
Hibernate: select sa1_0.id,sa1_0.employee_id,sa1_0.end_time,sa1_0.shift_name,sa1_0.start_time,sa1_0.work_date from shift_assignments sa1_0 where sa1_0.work_date=?
2025-10-13T15:56:19.749+09:00 DEBUG 10272 --- [Shift Scheduler Demo] [           main] org.hibernate.SQL                        : select sa1_0.id,sa1_0.employee_id,sa1_0.end_time,sa1_0.shift_name,sa1_0.start_time,sa1_0.work_date from shift_assignments sa1_0 where sa1_0.work_date=?
Hibernate: select sa1_0.id,sa1_0.employee_id,sa1_0.end_time,sa1_0.shift_name,sa1_0.start_time,sa1_0.work_date from shift_assignments sa1_0 where sa1_0.work_date=?
2025-10-13T15:56:19.751+09:00 DEBUG 10272 --- [Shift Scheduler Demo] [           main] org.hibernate.SQL                        : select sa1_0.id,sa1_0.employee_id,sa1_0.end_time,sa1_0.shift_name,sa1_0.start_time,sa1_0.work_date from shift_assignments sa1_0 where sa1_0.work_date=?
Hibernate: select sa1_0.id,sa1_0.employee_id,sa1_0.end_time,sa1_0.shift_name,sa1_0.start_time,sa1_0.work_date from shift_assignments sa1_0 where sa1_0.work_date=?
2025-10-13T15:56:19.753+09:00 DEBUG 10272 --- [Shift Scheduler Demo] [           main] org.hibernate.SQL                        : select sa1_0.id,sa1_0.employee_id,sa1_0.end_time,sa1_0.shift_name,sa1_0.start_time,sa1_0.work_date from shift_assignments sa1_0 where sa1_0.work_date=?
Hibernate: select sa1_0.id,sa1_0.employee_id,sa1_0.end_time,sa1_0.shift_name,sa1_0.start_time,sa1_0.work_date from shift_assignments sa1_0 where sa1_0.work_date=?
2025-10-13T15:56:19.756+09:00 DEBUG 10272 --- [Shift Scheduler Demo] [           main] org.hibernate.SQL                        : select sa1_0.id,sa1_0.employee_id,sa1_0.end_time,sa1_0.shift_name,sa1_0.start_time,sa1_0.work_date from shift_assignments sa1_0 where sa1_0.work_date=?
Hibernate: select sa1_0.id,sa1_0.employee_id,sa1_0.end_time,sa1_0.shift_name,sa1_0.start_time,sa1_0.work_date from shift_assignments sa1_0 where sa1_0.work_date=?
2025-10-13T15:56:19.759+09:00 DEBUG 10272 --- [Shift Scheduler Demo] [           main] org.hibernate.SQL                        : select sa1_0.id,sa1_0.employee_id,sa1_0.end_time,sa1_0.shift_name,sa1_0.start_time,sa1_0.work_date from shift_assignments sa1_0 where sa1_0.work_date=?
Hibernate: select sa1_0.id,sa1_0.employee_id,sa1_0.end_time,sa1_0.shift_name,sa1_0.start_time,sa1_0.work_date from shift_assignments sa1_0 where sa1_0.work_date=?
2025-10-13T15:56:19.761+09:00 DEBUG 10272 --- [Shift Scheduler Demo] [           main] org.hibernate.SQL                        : select sa1_0.id,sa1_0.employee_id,sa1_0.end_time,sa1_0.shift_name,sa1_0.start_time,sa1_0.work_date from shift_assignments sa1_0 where sa1_0.work_date=?
Hibernate: select sa1_0.id,sa1_0.employee_id,sa1_0.end_time,sa1_0.shift_name,sa1_0.start_time,sa1_0.work_date from shift_assignments sa1_0 where sa1_0.work_date=?
2025-10-13T15:56:19.763+09:00 DEBUG 10272 --- [Shift Scheduler Demo] [           main] org.hibernate.SQL                        : select sa1_0.id,sa1_0.employee_id,sa1_0.end_time,sa1_0.shift_name,sa1_0.start_time,sa1_0.work_date from shift_assignments sa1_0 where sa1_0.work_date=?
Hibernate: select sa1_0.id,sa1_0.employee_id,sa1_0.end_time,sa1_0.shift_name,sa1_0.start_time,sa1_0.work_date from shift_assignments sa1_0 where sa1_0.work_date=?
2025-10-13T15:56:19.765+09:00 DEBUG 10272 --- [Shift Scheduler Demo] [           main] org.hibernate.SQL                        : select sa1_0.id,sa1_0.employee_id,sa1_0.end_time,sa1_0.shift_name,sa1_0.start_time,sa1_0.work_date from shift_assignments sa1_0 where sa1_0.work_date=?
Hibernate: select sa1_0.id,sa1_0.employee_id,sa1_0.end_time,sa1_0.shift_name,sa1_0.start_time,sa1_0.work_date from shift_assignments sa1_0 where sa1_0.work_date=?
2025-10-13T15:56:19.768+09:00 DEBUG 10272 --- [Shift Scheduler Demo] [           main] org.hibernate.SQL                        : select sa1_0.id,sa1_0.employee_id,sa1_0.end_time,sa1_0.shift_name,sa1_0.start_time,sa1_0.work_date from shift_assignments sa1_0 where sa1_0.work_date=?
Hibernate: select sa1_0.id,sa1_0.employee_id,sa1_0.end_time,sa1_0.shift_name,sa1_0.start_time,sa1_0.work_date from shift_assignments sa1_0 where sa1_0.work_date=?
2025-10-13T15:56:19.770+09:00 DEBUG 10272 --- [Shift Scheduler Demo] [           main] org.hibernate.SQL                        : select sa1_0.id,sa1_0.employee_id,sa1_0.end_time,sa1_0.shift_name,sa1_0.start_time,sa1_0.work_date from shift_assignments sa1_0 where sa1_0.work_date=?
Hibernate: select sa1_0.id,sa1_0.employee_id,sa1_0.end_time,sa1_0.shift_name,sa1_0.start_time,sa1_0.work_date from shift_assignments sa1_0 where sa1_0.work_date=?
2025-10-13T15:56:19.772+09:00 DEBUG 10272 --- [Shift Scheduler Demo] [           main] org.hibernate.SQL                        : select sa1_0.id,sa1_0.employee_id,sa1_0.end_time,sa1_0.shift_name,sa1_0.start_time,sa1_0.work_date from shift_assignments sa1_0 where sa1_0.work_date=?
Hibernate: select sa1_0.id,sa1_0.employee_id,sa1_0.end_time,sa1_0.shift_name,sa1_0.start_time,sa1_0.work_date from shift_assignments sa1_0 where sa1_0.work_date=?
2025-10-13T15:56:19.775+09:00 DEBUG 10272 --- [Shift Scheduler Demo] [           main] org.hibernate.SQL                        : select sa1_0.id,sa1_0.employee_id,sa1_0.end_time,sa1_0.shift_name,sa1_0.start_time,sa1_0.work_date from shift_assignments sa1_0 where sa1_0.work_date=?
Hibernate: select sa1_0.id,sa1_0.employee_id,sa1_0.end_time,sa1_0.shift_name,sa1_0.start_time,sa1_0.work_date from shift_assignments sa1_0 where sa1_0.work_date=?
2025-10-13T15:56:19.777+09:00 DEBUG 10272 --- [Shift Scheduler Demo] [           main] org.hibernate.SQL                        : select sa1_0.id,sa1_0.employee_id,sa1_0.end_time,sa1_0.shift_name,sa1_0.start_time,sa1_0.work_date from shift_assignments sa1_0 where sa1_0.work_date=?
Hibernate: select sa1_0.id,sa1_0.employee_id,sa1_0.end_time,sa1_0.shift_name,sa1_0.start_time,sa1_0.work_date from shift_assignments sa1_0 where sa1_0.work_date=?
2025-10-13T15:56:19.780+09:00 DEBUG 10272 --- [Shift Scheduler Demo] [           main] org.hibernate.SQL                        : select sa1_0.id,sa1_0.employee_id,sa1_0.end_time,sa1_0.shift_name,sa1_0.start_time,sa1_0.work_date from shift_assignments sa1_0 where sa1_0.work_date=?
Hibernate: select sa1_0.id,sa1_0.employee_id,sa1_0.end_time,sa1_0.shift_name,sa1_0.start_time,sa1_0.work_date from shift_assignments sa1_0 where sa1_0.work_date=?
2025-10-13T15:56:19.782+09:00 DEBUG 10272 --- [Shift Scheduler Demo] [           main] org.hibernate.SQL                        : select sa1_0.id,sa1_0.employee_id,sa1_0.end_time,sa1_0.shift_name,sa1_0.start_time,sa1_0.work_date from shift_assignments sa1_0 where sa1_0.work_date=?
Hibernate: select sa1_0.id,sa1_0.employee_id,sa1_0.end_time,sa1_0.shift_name,sa1_0.start_time,sa1_0.work_date from shift_assignments sa1_0 where sa1_0.work_date=?
2025-10-13T15:56:19.783+09:00 DEBUG 10272 --- [Shift Scheduler Demo] [           main] org.hibernate.SQL                        : select sa1_0.id,sa1_0.employee_id,sa1_0.end_time,sa1_0.shift_name,sa1_0.start_time,sa1_0.work_date from shift_assignments sa1_0 where sa1_0.work_date=?
Hibernate: select sa1_0.id,sa1_0.employee_id,sa1_0.end_time,sa1_0.shift_name,sa1_0.start_time,sa1_0.work_date from shift_assignments sa1_0 where sa1_0.work_date=?
2025-10-13T15:56:19.785+09:00 DEBUG 10272 --- [Shift Scheduler Demo] [           main] org.hibernate.SQL                        : select sa1_0.id,sa1_0.employee_id,sa1_0.end_time,sa1_0.shift_name,sa1_0.start_time,sa1_0.work_date from shift_assignments sa1_0 where sa1_0.work_date=?
Hibernate: select sa1_0.id,sa1_0.employee_id,sa1_0.end_time,sa1_0.shift_name,sa1_0.start_time,sa1_0.work_date from shift_assignments sa1_0 where sa1_0.work_date=?
2025-10-13T15:56:19.787+09:00 DEBUG 10272 --- [Shift Scheduler Demo] [           main] org.hibernate.SQL                        : select sa1_0.id,sa1_0.employee_id,sa1_0.end_time,sa1_0.shift_name,sa1_0.start_time,sa1_0.work_date from shift_assignments sa1_0 where sa1_0.work_date=?
Hibernate: select sa1_0.id,sa1_0.employee_id,sa1_0.end_time,sa1_0.shift_name,sa1_0.start_time,sa1_0.work_date from shift_assignments sa1_0 where sa1_0.work_date=?
2025-10-13T15:56:19.789+09:00 DEBUG 10272 --- [Shift Scheduler Demo] [           main] org.hibernate.SQL                        : select sa1_0.id,sa1_0.employee_id,sa1_0.end_time,sa1_0.shift_name,sa1_0.start_time,sa1_0.work_date from shift_assignments sa1_0 where sa1_0.work_date=?
Hibernate: select sa1_0.id,sa1_0.employee_id,sa1_0.end_time,sa1_0.shift_name,sa1_0.start_time,sa1_0.work_date from shift_assignments sa1_0 where sa1_0.work_date=?
2025-10-13T15:56:19.791+09:00 DEBUG 10272 --- [Shift Scheduler Demo] [           main] org.hibernate.SQL                        : select sa1_0.id,sa1_0.employee_id,sa1_0.end_time,sa1_0.shift_name,sa1_0.start_time,sa1_0.work_date from shift_assignments sa1_0 where sa1_0.work_date=?
Hibernate: select sa1_0.id,sa1_0.employee_id,sa1_0.end_time,sa1_0.shift_name,sa1_0.start_time,sa1_0.work_date from shift_assignments sa1_0 where sa1_0.work_date=?
2025-10-13T15:56:19.793+09:00 DEBUG 10272 --- [Shift Scheduler Demo] [           main] org.hibernate.SQL                        : select sa1_0.id,sa1_0.employee_id,sa1_0.end_time,sa1_0.shift_name,sa1_0.start_time,sa1_0.work_date from shift_assignments sa1_0 where sa1_0.work_date=?
Hibernate: select sa1_0.id,sa1_0.employee_id,sa1_0.end_time,sa1_0.shift_name,sa1_0.start_time,sa1_0.work_date from shift_assignments sa1_0 where sa1_0.work_date=?
2025-10-13T15:56:19.795+09:00 DEBUG 10272 --- [Shift Scheduler Demo] [           main] org.hibernate.SQL                        : select sa1_0.id,sa1_0.employee_id,sa1_0.end_time,sa1_0.shift_name,sa1_0.start_time,sa1_0.work_date from shift_assignments sa1_0 where sa1_0.work_date=?
Hibernate: select sa1_0.id,sa1_0.employee_id,sa1_0.end_time,sa1_0.shift_name,sa1_0.start_time,sa1_0.work_date from shift_assignments sa1_0 where sa1_0.work_date=?
2025-10-13T15:56:19.797+09:00 DEBUG 10272 --- [Shift Scheduler Demo] [           main] org.hibernate.SQL                        : select sa1_0.id,sa1_0.employee_id,sa1_0.end_time,sa1_0.shift_name,sa1_0.start_time,sa1_0.work_date from shift_assignments sa1_0 where sa1_0.work_date=?
Hibernate: select sa1_0.id,sa1_0.employee_id,sa1_0.end_time,sa1_0.shift_name,sa1_0.start_time,sa1_0.work_date from shift_assignments sa1_0 where sa1_0.work_date=?
2025-10-13T15:56:19.799+09:00 DEBUG 10272 --- [Shift Scheduler Demo] [           main] org.hibernate.SQL                        : select sa1_0.id,sa1_0.employee_id,sa1_0.end_time,sa1_0.shift_name,sa1_0.start_time,sa1_0.work_date from shift_assignments sa1_0 where sa1_0.work_date=?
Hibernate: select sa1_0.id,sa1_0.employee_id,sa1_0.end_time,sa1_0.shift_name,sa1_0.start_time,sa1_0.work_date from shift_assignments sa1_0 where sa1_0.work_date=?
2025-10-13T15:56:19.800+09:00  INFO 10272 --- [Shift Scheduler Demo] [           main] c.e.shiftv1.schedule.ScheduleService     : 既存のシフト割り当てを削除しました: 2024-07-01 から 2024-07-31
2025-10-13T15:56:19.807+09:00 DEBUG 10272 --- [Shift Scheduler Demo] [           main] org.hibernate.SQL                        : select sc1_0.id,sc1_0.is_active,sc1_0.created_at,sc1_0.day_of_week,sc1_0.end_time,sc1_0.is_holiday,sc1_0.name,sc1_0.required_employees,sc1_0.start_time,sc1_0.updated_at,sc1_0.is_weekend from shift_config sc1_0 where sc1_0.is_active=1
Hibernate: select sc1_0.id,sc1_0.is_active,sc1_0.created_at,sc1_0.day_of_week,sc1_0.end_time,sc1_0.is_holiday,sc1_0.name,sc1_0.required_employees,sc1_0.start_time,sc1_0.updated_at,sc1_0.is_weekend from shift_config sc1_0 where sc1_0.is_active=1
2025-10-13T15:56:19.826+09:00 DEBUG 10272 --- [Shift Scheduler Demo] [           main] org.hibernate.SQL                        : select d1_0.shift_config_id,d1_0.day_of_week from shift_config_days d1_0 where d1_0.shift_config_id=?
Hibernate: select d1_0.shift_config_id,d1_0.day_of_week from shift_config_days d1_0 where d1_0.shift_config_id=?
2025-10-13T15:56:19.826+09:00 DEBUG 10272 --- [Shift Scheduler Demo] [           main] org.hibernate.SQL                        : select d1_0.shift_config_id,d1_0.day_of_week from shift_config_days d1_0 where d1_0.shift_config_id=?
Hibernate: select d1_0.shift_config_id,d1_0.day_of_week from shift_config_days d1_0 where d1_0.shift_config_id=?
2025-10-13T15:56:19.827+09:00 DEBUG 10272 --- [Shift Scheduler Demo] [           main] org.hibernate.SQL                        : select d1_0.shift_config_id,d1_0.day_of_week from shift_config_days d1_0 where d1_0.shift_config_id=?
Hibernate: select d1_0.shift_config_id,d1_0.day_of_week from shift_config_days d1_0 where d1_0.shift_config_id=?
2025-10-13T15:56:19.827+09:00 DEBUG 10272 --- [Shift Scheduler Demo] [           main] org.hibernate.SQL                        : select d1_0.shift_config_id,d1_0.day_of_week from shift_config_days d1_0 where d1_0.shift_config_id=?
Hibernate: select d1_0.shift_config_id,d1_0.day_of_week from shift_config_days d1_0 where d1_0.shift_config_id=?
2025-10-13T15:56:19.838+09:00 DEBUG 10272 --- [Shift Scheduler Demo] [           main] org.hibernate.SQL                        : select ec1_0.id,ec1_0.is_active,ec1_0.created_at,ec1_0.date,ec1_0.employee_id,ec1_0.end_time,ec1_0.reason,ec1_0.start_time,ec1_0.type,ec1_0.updated_at from employee_constraints ec1_0 where ec1_0.date between ? and ? and ec1_0.is_active=1
Hibernate: select ec1_0.id,ec1_0.is_active,ec1_0.created_at,ec1_0.date,ec1_0.employee_id,ec1_0.end_time,ec1_0.reason,ec1_0.start_time,ec1_0.type,ec1_0.updated_at from employee_constraints ec1_0 where ec1_0.date between ? and ? and ec1_0.is_active=1
2025-10-13T15:56:19.878+09:00 DEBUG 10272 --- [Shift Scheduler Demo] [           main] org.hibernate.SQL                        : insert into shift_assignments (employee_id,end_time,shift_name,start_time,work_date) values (?,?,?,?,?)
Hibernate: insert into shift_assignments (employee_id,end_time,shift_name,start_time,work_date) values (?,?,?,?,?)
2025-10-13T15:56:19.879+09:00 DEBUG 10272 --- [Shift Scheduler Demo] [           main] org.hibernate.SQL                        : select last_insert_rowid()
Hibernate: select last_insert_rowid()
2025-10-13T15:56:19.880+09:00 DEBUG 10272 --- [Shift Scheduler Demo] [           main] org.hibernate.SQL                        : insert into shift_assignments (employee_id,end_time,shift_name,start_time,work_date) values (?,?,?,?,?)
Hibernate: insert into shift_assignments (employee_id,end_time,shift_name,start_time,work_date) values (?,?,?,?,?)
2025-10-13T15:56:19.880+09:00 DEBUG 10272 --- [Shift Scheduler Demo] [           main] org.hibernate.SQL                        : select last_insert_rowid()
Hibernate: select last_insert_rowid()
2025-10-13T15:56:19.880+09:00 DEBUG 10272 --- [Shift Scheduler Demo] [           main] org.hibernate.SQL                        : insert into shift_assignments (employee_id,end_time,shift_name,start_time,work_date) values (?,?,?,?,?)
Hibernate: insert into shift_assignments (employee_id,end_time,shift_name,start_time,work_date) values (?,?,?,?,?)
2025-10-13T15:56:19.881+09:00 DEBUG 10272 --- [Shift Scheduler Demo] [           main] org.hibernate.SQL                        : select last_insert_rowid()
Hibernate: select last_insert_rowid()
2025-10-13T15:56:19.881+09:00 DEBUG 10272 --- [Shift Scheduler Demo] [           main] org.hibernate.SQL                        : insert into shift_assignments (employee_id,end_time,shift_name,start_time,work_date) values (?,?,?,?,?)
Hibernate: insert into shift_assignments (employee_id,end_time,shift_name,start_time,work_date) values (?,?,?,?,?)
2025-10-13T15:56:19.881+09:00 DEBUG 10272 --- [Shift Scheduler Demo] [           main] org.hibernate.SQL                        : select last_insert_rowid()
Hibernate: select last_insert_rowid()
2025-10-13T15:56:19.882+09:00 DEBUG 10272 --- [Shift Scheduler Demo] [           main] org.hibernate.SQL                        : insert into shift_assignments (employee_id,end_time,shift_name,start_time,work_date) values (?,?,?,?,?)
Hibernate: insert into shift_assignments (employee_id,end_time,shift_name,start_time,work_date) values (?,?,?,?,?)
2025-10-13T15:56:19.882+09:00 DEBUG 10272 --- [Shift Scheduler Demo] [           main] org.hibernate.SQL                        : select last_insert_rowid()
Hibernate: select last_insert_rowid()
2025-10-13T15:56:19.882+09:00 DEBUG 10272 --- [Shift Scheduler Demo] [           main] org.hibernate.SQL                        : insert into shift_assignments (employee_id,end_time,shift_name,start_time,work_date) values (?,?,?,?,?)
Hibernate: insert into shift_assignments (employee_id,end_time,shift_name,start_time,work_date) values (?,?,?,?,?)
2025-10-13T15:56:19.883+09:00 DEBUG 10272 --- [Shift Scheduler Demo] [           main] org.hibernate.SQL                        : select last_insert_rowid()
Hibernate: select last_insert_rowid()
2025-10-13T15:56:19.883+09:00 DEBUG 10272 --- [Shift Scheduler Demo] [           main] org.hibernate.SQL                        : insert into shift_assignments (employee_id,end_time,shift_name,start_time,work_date) values (?,?,?,?,?)
Hibernate: insert into shift_assignments (employee_id,end_time,shift_name,start_time,work_date) values (?,?,?,?,?)
2025-10-13T15:56:19.883+09:00 DEBUG 10272 --- [Shift Scheduler Demo] [           main] org.hibernate.SQL                        : select last_insert_rowid()
Hibernate: select last_insert_rowid()
2025-10-13T15:56:19.884+09:00 DEBUG 10272 --- [Shift Scheduler Demo] [           main] org.hibernate.SQL                        : insert into shift_assignments (employee_id,end_time,shift_name,start_time,work_date) values (?,?,?,?,?)
Hibernate: insert into shift_assignments (employee_id,end_time,shift_name,start_time,work_date) values (?,?,?,?,?)
2025-10-13T15:56:19.884+09:00 DEBUG 10272 --- [Shift Scheduler Demo] [           main] org.hibernate.SQL                        : select last_insert_rowid()
Hibernate: select last_insert_rowid()
2025-10-13T15:56:19.885+09:00 DEBUG 10272 --- [Shift Scheduler Demo] [           main] org.hibernate.SQL                        : insert into shift_assignments (employee_id,end_time,shift_name,start_time,work_date) values (?,?,?,?,?)
Hibernate: insert into shift_assignments (employee_id,end_time,shift_name,start_time,work_date) values (?,?,?,?,?)
2025-10-13T15:56:19.885+09:00 DEBUG 10272 --- [Shift Scheduler Demo] [           main] org.hibernate.SQL                        : select last_insert_rowid()
Hibernate: select last_insert_rowid()
2025-10-13T15:56:19.885+09:00 DEBUG 10272 --- [Shift Scheduler Demo] [           main] org.hibernate.SQL                        : insert into shift_assignments (employee_id,end_time,shift_name,start_time,work_date) values (?,?,?,?,?)
Hibernate: insert into shift_assignments (employee_id,end_time,shift_name,start_time,work_date) values (?,?,?,?,?)
2025-10-13T15:56:19.886+09:00 DEBUG 10272 --- [Shift Scheduler Demo] [           main] org.hibernate.SQL                        : select last_insert_rowid()
Hibernate: select last_insert_rowid()
2025-10-13T15:56:19.886+09:00 DEBUG 10272 --- [Shift Scheduler Demo] [           main] org.hibernate.SQL                        : insert into shift_assignments (employee_id,end_time,shift_name,start_time,work_date) values (?,?,?,?,?)
Hibernate: insert into shift_assignments (employee_id,end_time,shift_name,start_time,work_date) values (?,?,?,?,?)
2025-10-13T15:56:19.886+09:00 DEBUG 10272 --- [Shift Scheduler Demo] [           main] org.hibernate.SQL                        : select last_insert_rowid()
Hibernate: select last_insert_rowid()
2025-10-13T15:56:19.887+09:00 DEBUG 10272 --- [Shift Scheduler Demo] [           main] org.hibernate.SQL                        : insert into shift_assignments (employee_id,end_time,shift_name,start_time,work_date) values (?,?,?,?,?)
Hibernate: insert into shift_assignments (employee_id,end_time,shift_name,start_time,work_date) values (?,?,?,?,?)
2025-10-13T15:56:19.887+09:00 DEBUG 10272 --- [Shift Scheduler Demo] [           main] org.hibernate.SQL                        : select last_insert_rowid()
Hibernate: select last_insert_rowid()
2025-10-13T15:56:19.888+09:00 DEBUG 10272 --- [Shift Scheduler Demo] [           main] org.hibernate.SQL                        : insert into shift_assignments (employee_id,end_time,shift_name,start_time,work_date) values (?,?,?,?,?)
Hibernate: insert into shift_assignments (employee_id,end_time,shift_name,start_time,work_date) values (?,?,?,?,?)
2025-10-13T15:56:19.888+09:00 DEBUG 10272 --- [Shift Scheduler Demo] [           main] org.hibernate.SQL                        : select last_insert_rowid()
Hibernate: select last_insert_rowid()
2025-10-13T15:56:19.889+09:00 DEBUG 10272 --- [Shift Scheduler Demo] [           main] org.hibernate.SQL                        : insert into shift_assignments (employee_id,end_time,shift_name,start_time,work_date) values (?,?,?,?,?)
Hibernate: insert into shift_assignments (employee_id,end_time,shift_name,start_time,work_date) values (?,?,?,?,?)
2025-10-13T15:56:19.889+09:00 DEBUG 10272 --- [Shift Scheduler Demo] [           main] org.hibernate.SQL                        : select last_insert_rowid()
Hibernate: select last_insert_rowid()
2025-10-13T15:56:19.890+09:00 DEBUG 10272 --- [Shift Scheduler Demo] [           main] org.hibernate.SQL                        : insert into shift_assignments (employee_id,end_time,shift_name,start_time,work_date) values (?,?,?,?,?)
Hibernate: insert into shift_assignments (employee_id,end_time,shift_name,start_time,work_date) values (?,?,?,?,?)
2025-10-13T15:56:19.890+09:00 DEBUG 10272 --- [Shift Scheduler Demo] [           main] org.hibernate.SQL                        : select last_insert_rowid()
Hibernate: select last_insert_rowid()
2025-10-13T15:56:19.891+09:00 DEBUG 10272 --- [Shift Scheduler Demo] [           main] org.hibernate.SQL                        : insert into shift_assignments (employee_id,end_time,shift_name,start_time,work_date) values (?,?,?,?,?)
Hibernate: insert into shift_assignments (employee_id,end_time,shift_name,start_time,work_date) values (?,?,?,?,?)
2025-10-13T15:56:19.891+09:00 DEBUG 10272 --- [Shift Scheduler Demo] [           main] org.hibernate.SQL                        : select last_insert_rowid()
Hibernate: select last_insert_rowid()
2025-10-13T15:56:19.892+09:00 DEBUG 10272 --- [Shift Scheduler Demo] [           main] org.hibernate.SQL                        : insert into shift_assignments (employee_id,end_time,shift_name,start_time,work_date) values (?,?,?,?,?)
Hibernate: insert into shift_assignments (employee_id,end_time,shift_name,start_time,work_date) values (?,?,?,?,?)
2025-10-13T15:56:19.892+09:00 DEBUG 10272 --- [Shift Scheduler Demo] [           main] org.hibernate.SQL                        : select last_insert_rowid()
Hibernate: select last_insert_rowid()
2025-10-13T15:56:19.892+09:00 DEBUG 10272 --- [Shift Scheduler Demo] [           main] org.hibernate.SQL                        : insert into shift_assignments (employee_id,end_time,shift_name,start_time,work_date) values (?,?,?,?,?)
Hibernate: insert into shift_assignments (employee_id,end_time,shift_name,start_time,work_date) values (?,?,?,?,?)
2025-10-13T15:56:19.893+09:00 DEBUG 10272 --- [Shift Scheduler Demo] [           main] org.hibernate.SQL                        : select last_insert_rowid()
Hibernate: select last_insert_rowid()
2025-10-13T15:56:19.893+09:00 DEBUG 10272 --- [Shift Scheduler Demo] [           main] org.hibernate.SQL                        : insert into shift_assignments (employee_id,end_time,shift_name,start_time,work_date) values (?,?,?,?,?)
Hibernate: insert into shift_assignments (employee_id,end_time,shift_name,start_time,work_date) values (?,?,?,?,?)
2025-10-13T15:56:19.895+09:00 DEBUG 10272 --- [Shift Scheduler Demo] [           main] org.hibernate.SQL                        : select last_insert_rowid()
Hibernate: select last_insert_rowid()
2025-10-13T15:56:19.896+09:00 DEBUG 10272 --- [Shift Scheduler Demo] [           main] org.hibernate.SQL                        : insert into shift_assignments (employee_id,end_time,shift_name,start_time,work_date) values (?,?,?,?,?)
Hibernate: insert into shift_assignments (employee_id,end_time,shift_name,start_time,work_date) values (?,?,?,?,?)
2025-10-13T15:56:19.896+09:00 DEBUG 10272 --- [Shift Scheduler Demo] [           main] org.hibernate.SQL                        : select last_insert_rowid()
Hibernate: select last_insert_rowid()
2025-10-13T15:56:19.897+09:00 DEBUG 10272 --- [Shift Scheduler Demo] [           main] org.hibernate.SQL                        : insert into shift_assignments (employee_id,end_time,shift_name,start_time,work_date) values (?,?,?,?,?)
Hibernate: insert into shift_assignments (employee_id,end_time,shift_name,start_time,work_date) values (?,?,?,?,?)
2025-10-13T15:56:19.897+09:00 DEBUG 10272 --- [Shift Scheduler Demo] [           main] org.hibernate.SQL                        : select last_insert_rowid()
Hibernate: select last_insert_rowid()
2025-10-13T15:56:19.898+09:00 DEBUG 10272 --- [Shift Scheduler Demo] [           main] org.hibernate.SQL                        : insert into shift_assignments (employee_id,end_time,shift_name,start_time,work_date) values (?,?,?,?,?)
Hibernate: insert into shift_assignments (employee_id,end_time,shift_name,start_time,work_date) values (?,?,?,?,?)
2025-10-13T15:56:19.898+09:00 DEBUG 10272 --- [Shift Scheduler Demo] [           main] org.hibernate.SQL                        : select last_insert_rowid()
Hibernate: select last_insert_rowid()
2025-10-13T15:56:19.899+09:00 DEBUG 10272 --- [Shift Scheduler Demo] [           main] org.hibernate.SQL                        : insert into shift_assignments (employee_id,end_time,shift_name,start_time,work_date) values (?,?,?,?,?)
Hibernate: insert into shift_assignments (employee_id,end_time,shift_name,start_time,work_date) values (?,?,?,?,?)
2025-10-13T15:56:19.899+09:00 DEBUG 10272 --- [Shift Scheduler Demo] [           main] org.hibernate.SQL                        : select last_insert_rowid()
Hibernate: select last_insert_rowid()
2025-10-13T15:56:19.899+09:00 DEBUG 10272 --- [Shift Scheduler Demo] [           main] org.hibernate.SQL                        : insert into shift_assignments (employee_id,end_time,shift_name,start_time,work_date) values (?,?,?,?,?)
Hibernate: insert into shift_assignments (employee_id,end_time,shift_name,start_time,work_date) values (?,?,?,?,?)
2025-10-13T15:56:19.900+09:00 DEBUG 10272 --- [Shift Scheduler Demo] [           main] org.hibernate.SQL                        : select last_insert_rowid()
Hibernate: select last_insert_rowid()
2025-10-13T15:56:19.900+09:00 DEBUG 10272 --- [Shift Scheduler Demo] [           main] org.hibernate.SQL                        : insert into shift_assignments (employee_id,end_time,shift_name,start_time,work_date) values (?,?,?,?,?)
Hibernate: insert into shift_assignments (employee_id,end_time,shift_name,start_time,work_date) values (?,?,?,?,?)
2025-10-13T15:56:19.900+09:00 DEBUG 10272 --- [Shift Scheduler Demo] [           main] org.hibernate.SQL                        : select last_insert_rowid()
Hibernate: select last_insert_rowid()
2025-10-13T15:56:19.901+09:00 DEBUG 10272 --- [Shift Scheduler Demo] [           main] org.hibernate.SQL                        : insert into shift_assignments (employee_id,end_time,shift_name,start_time,work_date) values (?,?,?,?,?)
Hibernate: insert into shift_assignments (employee_id,end_time,shift_name,start_time,work_date) values (?,?,?,?,?)
2025-10-13T15:56:19.901+09:00 DEBUG 10272 --- [Shift Scheduler Demo] [           main] org.hibernate.SQL                        : select last_insert_rowid()
Hibernate: select last_insert_rowid()
2025-10-13T15:56:19.901+09:00 DEBUG 10272 --- [Shift Scheduler Demo] [           main] org.hibernate.SQL                        : insert into shift_assignments (employee_id,end_time,shift_name,start_time,work_date) values (?,?,?,?,?)
Hibernate: insert into shift_assignments (employee_id,end_time,shift_name,start_time,work_date) values (?,?,?,?,?)
2025-10-13T15:56:19.901+09:00 DEBUG 10272 --- [Shift Scheduler Demo] [           main] org.hibernate.SQL                        : select last_insert_rowid()
Hibernate: select last_insert_rowid()
2025-10-13T15:56:19.902+09:00 DEBUG 10272 --- [Shift Scheduler Demo] [           main] org.hibernate.SQL                        : insert into shift_assignments (employee_id,end_time,shift_name,start_time,work_date) values (?,?,?,?,?)
Hibernate: insert into shift_assignments (employee_id,end_time,shift_name,start_time,work_date) values (?,?,?,?,?)
2025-10-13T15:56:19.902+09:00 DEBUG 10272 --- [Shift Scheduler Demo] [           main] org.hibernate.SQL                        : select last_insert_rowid()
Hibernate: select last_insert_rowid()
2025-10-13T15:56:19.902+09:00 DEBUG 10272 --- [Shift Scheduler Demo] [           main] org.hibernate.SQL                        : insert into shift_assignments (employee_id,end_time,shift_name,start_time,work_date) values (?,?,?,?,?)
Hibernate: insert into shift_assignments (employee_id,end_time,shift_name,start_time,work_date) values (?,?,?,?,?)
2025-10-13T15:56:19.903+09:00 DEBUG 10272 --- [Shift Scheduler Demo] [           main] org.hibernate.SQL                        : select last_insert_rowid()
Hibernate: select last_insert_rowid()
2025-10-13T15:56:19.903+09:00 DEBUG 10272 --- [Shift Scheduler Demo] [           main] org.hibernate.SQL                        : insert into shift_assignments (employee_id,end_time,shift_name,start_time,work_date) values (?,?,?,?,?)
Hibernate: insert into shift_assignments (employee_id,end_time,shift_name,start_time,work_date) values (?,?,?,?,?)
2025-10-13T15:56:19.903+09:00 DEBUG 10272 --- [Shift Scheduler Demo] [           main] org.hibernate.SQL                        : select last_insert_rowid()
Hibernate: select last_insert_rowid()
2025-10-13T15:56:19.904+09:00 DEBUG 10272 --- [Shift Scheduler Demo] [           main] org.hibernate.SQL                        : insert into shift_assignments (employee_id,end_time,shift_name,start_time,work_date) values (?,?,?,?,?)
Hibernate: insert into shift_assignments (employee_id,end_time,shift_name,start_time,work_date) values (?,?,?,?,?)
2025-10-13T15:56:19.904+09:00 DEBUG 10272 --- [Shift Scheduler Demo] [           main] org.hibernate.SQL                        : select last_insert_rowid()
Hibernate: select last_insert_rowid()
2025-10-13T15:56:19.905+09:00 DEBUG 10272 --- [Shift Scheduler Demo] [           main] org.hibernate.SQL                        : insert into shift_assignments (employee_id,end_time,shift_name,start_time,work_date) values (?,?,?,?,?)
Hibernate: insert into shift_assignments (employee_id,end_time,shift_name,start_time,work_date) values (?,?,?,?,?)
2025-10-13T15:56:19.905+09:00 DEBUG 10272 --- [Shift Scheduler Demo] [           main] org.hibernate.SQL                        : select last_insert_rowid()
Hibernate: select last_insert_rowid()
2025-10-13T15:56:19.905+09:00 DEBUG 10272 --- [Shift Scheduler Demo] [           main] org.hibernate.SQL                        : insert into shift_assignments (employee_id,end_time,shift_name,start_time,work_date) values (?,?,?,?,?)
Hibernate: insert into shift_assignments (employee_id,end_time,shift_name,start_time,work_date) values (?,?,?,?,?)
2025-10-13T15:56:19.905+09:00 DEBUG 10272 --- [Shift Scheduler Demo] [           main] org.hibernate.SQL                        : select last_insert_rowid()
Hibernate: select last_insert_rowid()
2025-10-13T15:56:19.906+09:00 DEBUG 10272 --- [Shift Scheduler Demo] [           main] org.hibernate.SQL                        : insert into shift_assignments (employee_id,end_time,shift_name,start_time,work_date) values (?,?,?,?,?)
Hibernate: insert into shift_assignments (employee_id,end_time,shift_name,start_time,work_date) values (?,?,?,?,?)
2025-10-13T15:56:19.906+09:00 DEBUG 10272 --- [Shift Scheduler Demo] [           main] org.hibernate.SQL                        : select last_insert_rowid()
Hibernate: select last_insert_rowid()
2025-10-13T15:56:19.907+09:00 DEBUG 10272 --- [Shift Scheduler Demo] [           main] org.hibernate.SQL                        : insert into shift_assignments (employee_id,end_time,shift_name,start_time,work_date) values (?,?,?,?,?)
Hibernate: insert into shift_assignments (employee_id,end_time,shift_name,start_time,work_date) values (?,?,?,?,?)
2025-10-13T15:56:19.907+09:00 DEBUG 10272 --- [Shift Scheduler Demo] [           main] org.hibernate.SQL                        : select last_insert_rowid()
Hibernate: select last_insert_rowid()
2025-10-13T15:56:19.907+09:00 DEBUG 10272 --- [Shift Scheduler Demo] [           main] org.hibernate.SQL                        : insert into shift_assignments (employee_id,end_time,shift_name,start_time,work_date) values (?,?,?,?,?)
Hibernate: insert into shift_assignments (employee_id,end_time,shift_name,start_time,work_date) values (?,?,?,?,?)
2025-10-13T15:56:19.908+09:00 DEBUG 10272 --- [Shift Scheduler Demo] [           main] org.hibernate.SQL                        : select last_insert_rowid()
Hibernate: select last_insert_rowid()
2025-10-13T15:56:19.908+09:00 DEBUG 10272 --- [Shift Scheduler Demo] [           main] org.hibernate.SQL                        : insert into shift_assignments (employee_id,end_time,shift_name,start_time,work_date) values (?,?,?,?,?)
Hibernate: insert into shift_assignments (employee_id,end_time,shift_name,start_time,work_date) values (?,?,?,?,?)
2025-10-13T15:56:19.908+09:00 DEBUG 10272 --- [Shift Scheduler Demo] [           main] org.hibernate.SQL                        : select last_insert_rowid()
Hibernate: select last_insert_rowid()
2025-10-13T15:56:19.909+09:00 DEBUG 10272 --- [Shift Scheduler Demo] [           main] org.hibernate.SQL                        : insert into shift_assignments (employee_id,end_time,shift_name,start_time,work_date) values (?,?,?,?,?)
Hibernate: insert into shift_assignments (employee_id,end_time,shift_name,start_time,work_date) values (?,?,?,?,?)
2025-10-13T15:56:19.909+09:00 DEBUG 10272 --- [Shift Scheduler Demo] [           main] org.hibernate.SQL                        : select last_insert_rowid()
Hibernate: select last_insert_rowid()
2025-10-13T15:56:19.910+09:00 DEBUG 10272 --- [Shift Scheduler Demo] [           main] org.hibernate.SQL                        : insert into shift_assignments (employee_id,end_time,shift_name,start_time,work_date) values (?,?,?,?,?)
Hibernate: insert into shift_assignments (employee_id,end_time,shift_name,start_time,work_date) values (?,?,?,?,?)
2025-10-13T15:56:19.910+09:00 DEBUG 10272 --- [Shift Scheduler Demo] [           main] org.hibernate.SQL                        : select last_insert_rowid()
Hibernate: select last_insert_rowid()
2025-10-13T15:56:19.911+09:00 DEBUG 10272 --- [Shift Scheduler Demo] [           main] org.hibernate.SQL                        : insert into shift_assignments (employee_id,end_time,shift_name,start_time,work_date) values (?,?,?,?,?)
Hibernate: insert into shift_assignments (employee_id,end_time,shift_name,start_time,work_date) values (?,?,?,?,?)
2025-10-13T15:56:19.911+09:00 DEBUG 10272 --- [Shift Scheduler Demo] [           main] org.hibernate.SQL                        : select last_insert_rowid()
Hibernate: select last_insert_rowid()
2025-10-13T15:56:19.911+09:00 DEBUG 10272 --- [Shift Scheduler Demo] [           main] org.hibernate.SQL                        : insert into shift_assignments (employee_id,end_time,shift_name,start_time,work_date) values (?,?,?,?,?)
Hibernate: insert into shift_assignments (employee_id,end_time,shift_name,start_time,work_date) values (?,?,?,?,?)
2025-10-13T15:56:19.912+09:00 DEBUG 10272 --- [Shift Scheduler Demo] [           main] org.hibernate.SQL                        : select last_insert_rowid()
Hibernate: select last_insert_rowid()
2025-10-13T15:56:19.912+09:00 DEBUG 10272 --- [Shift Scheduler Demo] [           main] org.hibernate.SQL                        : insert into shift_assignments (employee_id,end_time,shift_name,start_time,work_date) values (?,?,?,?,?)
Hibernate: insert into shift_assignments (employee_id,end_time,shift_name,start_time,work_date) values (?,?,?,?,?)
2025-10-13T15:56:19.913+09:00 DEBUG 10272 --- [Shift Scheduler Demo] [           main] org.hibernate.SQL                        : select last_insert_rowid()
Hibernate: select last_insert_rowid()
2025-10-13T15:56:19.913+09:00 DEBUG 10272 --- [Shift Scheduler Demo] [           main] org.hibernate.SQL                        : insert into shift_assignments (employee_id,end_time,shift_name,start_time,work_date) values (?,?,?,?,?)
Hibernate: insert into shift_assignments (employee_id,end_time,shift_name,start_time,work_date) values (?,?,?,?,?)
2025-10-13T15:56:19.913+09:00 DEBUG 10272 --- [Shift Scheduler Demo] [           main] org.hibernate.SQL                        : select last_insert_rowid()
Hibernate: select last_insert_rowid()
2025-10-13T15:56:19.914+09:00 DEBUG 10272 --- [Shift Scheduler Demo] [           main] org.hibernate.SQL                        : insert into shift_assignments (employee_id,end_time,shift_name,start_time,work_date) values (?,?,?,?,?)
Hibernate: insert into shift_assignments (employee_id,end_time,shift_name,start_time,work_date) values (?,?,?,?,?)
2025-10-13T15:56:19.914+09:00 DEBUG 10272 --- [Shift Scheduler Demo] [           main] org.hibernate.SQL                        : select last_insert_rowid()
Hibernate: select last_insert_rowid()
2025-10-13T15:56:19.914+09:00 DEBUG 10272 --- [Shift Scheduler Demo] [           main] org.hibernate.SQL                        : insert into shift_assignments (employee_id,end_time,shift_name,start_time,work_date) values (?,?,?,?,?)
Hibernate: insert into shift_assignments (employee_id,end_time,shift_name,start_time,work_date) values (?,?,?,?,?)
2025-10-13T15:56:19.914+09:00 DEBUG 10272 --- [Shift Scheduler Demo] [           main] org.hibernate.SQL                        : select last_insert_rowid()
Hibernate: select last_insert_rowid()
2025-10-13T15:56:19.915+09:00 DEBUG 10272 --- [Shift Scheduler Demo] [           main] org.hibernate.SQL                        : insert into shift_assignments (employee_id,end_time,shift_name,start_time,work_date) values (?,?,?,?,?)
Hibernate: insert into shift_assignments (employee_id,end_time,shift_name,start_time,work_date) values (?,?,?,?,?)
2025-10-13T15:56:19.915+09:00 DEBUG 10272 --- [Shift Scheduler Demo] [           main] org.hibernate.SQL                        : select last_insert_rowid()
Hibernate: select last_insert_rowid()
2025-10-13T15:56:19.915+09:00 DEBUG 10272 --- [Shift Scheduler Demo] [           main] org.hibernate.SQL                        : insert into shift_assignments (employee_id,end_time,shift_name,start_time,work_date) values (?,?,?,?,?)
Hibernate: insert into shift_assignments (employee_id,end_time,shift_name,start_time,work_date) values (?,?,?,?,?)
2025-10-13T15:56:19.915+09:00 DEBUG 10272 --- [Shift Scheduler Demo] [           main] org.hibernate.SQL                        : select last_insert_rowid()
Hibernate: select last_insert_rowid()
2025-10-13T15:56:19.916+09:00 DEBUG 10272 --- [Shift Scheduler Demo] [           main] org.hibernate.SQL                        : insert into shift_assignments (employee_id,end_time,shift_name,start_time,work_date) values (?,?,?,?,?)
Hibernate: insert into shift_assignments (employee_id,end_time,shift_name,start_time,work_date) values (?,?,?,?,?)
2025-10-13T15:56:19.916+09:00 DEBUG 10272 --- [Shift Scheduler Demo] [           main] org.hibernate.SQL                        : select last_insert_rowid()
Hibernate: select last_insert_rowid()
2025-10-13T15:56:19.916+09:00 DEBUG 10272 --- [Shift Scheduler Demo] [           main] org.hibernate.SQL                        : insert into shift_assignments (employee_id,end_time,shift_name,start_time,work_date) values (?,?,?,?,?)
Hibernate: insert into shift_assignments (employee_id,end_time,shift_name,start_time,work_date) values (?,?,?,?,?)
2025-10-13T15:56:19.917+09:00 DEBUG 10272 --- [Shift Scheduler Demo] [           main] org.hibernate.SQL                        : select last_insert_rowid()
Hibernate: select last_insert_rowid()
2025-10-13T15:56:19.917+09:00 DEBUG 10272 --- [Shift Scheduler Demo] [           main] org.hibernate.SQL                        : insert into shift_assignments (employee_id,end_time,shift_name,start_time,work_date) values (?,?,?,?,?)
Hibernate: insert into shift_assignments (employee_id,end_time,shift_name,start_time,work_date) values (?,?,?,?,?)
2025-10-13T15:56:19.917+09:00 DEBUG 10272 --- [Shift Scheduler Demo] [           main] org.hibernate.SQL                        : select last_insert_rowid()
Hibernate: select last_insert_rowid()
2025-10-13T15:56:19.918+09:00 DEBUG 10272 --- [Shift Scheduler Demo] [           main] org.hibernate.SQL                        : insert into shift_assignments (employee_id,end_time,shift_name,start_time,work_date) values (?,?,?,?,?)
Hibernate: insert into shift_assignments (employee_id,end_time,shift_name,start_time,work_date) values (?,?,?,?,?)
2025-10-13T15:56:19.918+09:00 DEBUG 10272 --- [Shift Scheduler Demo] [           main] org.hibernate.SQL                        : select last_insert_rowid()
Hibernate: select last_insert_rowid()
2025-10-13T15:56:19.918+09:00 DEBUG 10272 --- [Shift Scheduler Demo] [           main] org.hibernate.SQL                        : insert into shift_assignments (employee_id,end_time,shift_name,start_time,work_date) values (?,?,?,?,?)
Hibernate: insert into shift_assignments (employee_id,end_time,shift_name,start_time,work_date) values (?,?,?,?,?)
2025-10-13T15:56:19.919+09:00 DEBUG 10272 --- [Shift Scheduler Demo] [           main] org.hibernate.SQL                        : select last_insert_rowid()
Hibernate: select last_insert_rowid()
2025-10-13T15:56:19.919+09:00 DEBUG 10272 --- [Shift Scheduler Demo] [           main] org.hibernate.SQL                        : insert into shift_assignments (employee_id,end_time,shift_name,start_time,work_date) values (?,?,?,?,?)
Hibernate: insert into shift_assignments (employee_id,end_time,shift_name,start_time,work_date) values (?,?,?,?,?)
2025-10-13T15:56:19.920+09:00 DEBUG 10272 --- [Shift Scheduler Demo] [           main] org.hibernate.SQL                        : select last_insert_rowid()
Hibernate: select last_insert_rowid()
2025-10-13T15:56:19.920+09:00 DEBUG 10272 --- [Shift Scheduler Demo] [           main] org.hibernate.SQL                        : insert into shift_assignments (employee_id,end_time,shift_name,start_time,work_date) values (?,?,?,?,?)
Hibernate: insert into shift_assignments (employee_id,end_time,shift_name,start_time,work_date) values (?,?,?,?,?)
2025-10-13T15:56:19.920+09:00 DEBUG 10272 --- [Shift Scheduler Demo] [           main] org.hibernate.SQL                        : select last_insert_rowid()
Hibernate: select last_insert_rowid()
2025-10-13T15:56:19.921+09:00 DEBUG 10272 --- [Shift Scheduler Demo] [           main] org.hibernate.SQL                        : insert into shift_assignments (employee_id,end_time,shift_name,start_time,work_date) values (?,?,?,?,?)
Hibernate: insert into shift_assignments (employee_id,end_time,shift_name,start_time,work_date) values (?,?,?,?,?)
2025-10-13T15:56:19.921+09:00 DEBUG 10272 --- [Shift Scheduler Demo] [           main] org.hibernate.SQL                        : select last_insert_rowid()
Hibernate: select last_insert_rowid()
2025-10-13T15:56:19.922+09:00 DEBUG 10272 --- [Shift Scheduler Demo] [           main] org.hibernate.SQL                        : insert into shift_assignments (employee_id,end_time,shift_name,start_time,work_date) values (?,?,?,?,?)
Hibernate: insert into shift_assignments (employee_id,end_time,shift_name,start_time,work_date) values (?,?,?,?,?)
2025-10-13T15:56:19.922+09:00 DEBUG 10272 --- [Shift Scheduler Demo] [           main] org.hibernate.SQL                        : select last_insert_rowid()
Hibernate: select last_insert_rowid()
2025-10-13T15:56:19.923+09:00 DEBUG 10272 --- [Shift Scheduler Demo] [           main] org.hibernate.SQL                        : insert into shift_assignments (employee_id,end_time,shift_name,start_time,work_date) values (?,?,?,?,?)
Hibernate: insert into shift_assignments (employee_id,end_time,shift_name,start_time,work_date) values (?,?,?,?,?)
2025-10-13T15:56:19.924+09:00 DEBUG 10272 --- [Shift Scheduler Demo] [           main] org.hibernate.SQL                        : select last_insert_rowid()
Hibernate: select last_insert_rowid()
2025-10-13T15:56:19.925+09:00 DEBUG 10272 --- [Shift Scheduler Demo] [           main] org.hibernate.SQL                        : insert into shift_assignments (employee_id,end_time,shift_name,start_time,work_date) values (?,?,?,?,?)
Hibernate: insert into shift_assignments (employee_id,end_time,shift_name,start_time,work_date) values (?,?,?,?,?)
2025-10-13T15:56:19.925+09:00 DEBUG 10272 --- [Shift Scheduler Demo] [           main] org.hibernate.SQL                        : select last_insert_rowid()
Hibernate: select last_insert_rowid()
2025-10-13T15:56:19.926+09:00 DEBUG 10272 --- [Shift Scheduler Demo] [           main] org.hibernate.SQL                        : insert into shift_assignments (employee_id,end_time,shift_name,start_time,work_date) values (?,?,?,?,?)
Hibernate: insert into shift_assignments (employee_id,end_time,shift_name,start_time,work_date) values (?,?,?,?,?)
2025-10-13T15:56:19.927+09:00 DEBUG 10272 --- [Shift Scheduler Demo] [           main] org.hibernate.SQL                        : select last_insert_rowid()
Hibernate: select last_insert_rowid()
2025-10-13T15:56:19.927+09:00 DEBUG 10272 --- [Shift Scheduler Demo] [           main] org.hibernate.SQL                        : insert into shift_assignments (employee_id,end_time,shift_name,start_time,work_date) values (?,?,?,?,?)
Hibernate: insert into shift_assignments (employee_id,end_time,shift_name,start_time,work_date) values (?,?,?,?,?)
2025-10-13T15:56:19.928+09:00 DEBUG 10272 --- [Shift Scheduler Demo] [           main] org.hibernate.SQL                        : select last_insert_rowid()
Hibernate: select last_insert_rowid()
2025-10-13T15:56:19.928+09:00 DEBUG 10272 --- [Shift Scheduler Demo] [           main] org.hibernate.SQL                        : insert into shift_assignments (employee_id,end_time,shift_name,start_time,work_date) values (?,?,?,?,?)
Hibernate: insert into shift_assignments (employee_id,end_time,shift_name,start_time,work_date) values (?,?,?,?,?)
2025-10-13T15:56:19.929+09:00 DEBUG 10272 --- [Shift Scheduler Demo] [           main] org.hibernate.SQL                        : select last_insert_rowid()
Hibernate: select last_insert_rowid()
2025-10-13T15:56:19.930+09:00 DEBUG 10272 --- [Shift Scheduler Demo] [           main] org.hibernate.SQL                        : insert into shift_assignments (employee_id,end_time,shift_name,start_time,work_date) values (?,?,?,?,?)
Hibernate: insert into shift_assignments (employee_id,end_time,shift_name,start_time,work_date) values (?,?,?,?,?)
2025-10-13T15:56:19.930+09:00 DEBUG 10272 --- [Shift Scheduler Demo] [           main] org.hibernate.SQL                        : select last_insert_rowid()
Hibernate: select last_insert_rowid()
2025-10-13T15:56:19.931+09:00 DEBUG 10272 --- [Shift Scheduler Demo] [           main] org.hibernate.SQL                        : insert into shift_assignments (employee_id,end_time,shift_name,start_time,work_date) values (?,?,?,?,?)
Hibernate: insert into shift_assignments (employee_id,end_time,shift_name,start_time,work_date) values (?,?,?,?,?)
2025-10-13T15:56:19.931+09:00 DEBUG 10272 --- [Shift Scheduler Demo] [           main] org.hibernate.SQL                        : select last_insert_rowid()
Hibernate: select last_insert_rowid()
2025-10-13T15:56:19.932+09:00 DEBUG 10272 --- [Shift Scheduler Demo] [           main] org.hibernate.SQL                        : insert into shift_assignments (employee_id,end_time,shift_name,start_time,work_date) values (?,?,?,?,?)
Hibernate: insert into shift_assignments (employee_id,end_time,shift_name,start_time,work_date) values (?,?,?,?,?)
2025-10-13T15:56:19.932+09:00 DEBUG 10272 --- [Shift Scheduler Demo] [           main] org.hibernate.SQL                        : select last_insert_rowid()
Hibernate: select last_insert_rowid()
2025-10-13T15:56:19.932+09:00 DEBUG 10272 --- [Shift Scheduler Demo] [           main] org.hibernate.SQL                        : insert into shift_assignments (employee_id,end_time,shift_name,start_time,work_date) values (?,?,?,?,?)
Hibernate: insert into shift_assignments (employee_id,end_time,shift_name,start_time,work_date) values (?,?,?,?,?)
2025-10-13T15:56:19.933+09:00 DEBUG 10272 --- [Shift Scheduler Demo] [           main] org.hibernate.SQL                        : select last_insert_rowid()
Hibernate: select last_insert_rowid()
2025-10-13T15:56:19.933+09:00 DEBUG 10272 --- [Shift Scheduler Demo] [           main] org.hibernate.SQL                        : insert into shift_assignments (employee_id,end_time,shift_name,start_time,work_date) values (?,?,?,?,?)
Hibernate: insert into shift_assignments (employee_id,end_time,shift_name,start_time,work_date) values (?,?,?,?,?)
2025-10-13T15:56:19.933+09:00 DEBUG 10272 --- [Shift Scheduler Demo] [           main] org.hibernate.SQL                        : select last_insert_rowid()
Hibernate: select last_insert_rowid()
2025-10-13T15:56:19.934+09:00 DEBUG 10272 --- [Shift Scheduler Demo] [           main] org.hibernate.SQL                        : insert into shift_assignments (employee_id,end_time,shift_name,start_time,work_date) values (?,?,?,?,?)
Hibernate: insert into shift_assignments (employee_id,end_time,shift_name,start_time,work_date) values (?,?,?,?,?)
2025-10-13T15:56:19.934+09:00 DEBUG 10272 --- [Shift Scheduler Demo] [           main] org.hibernate.SQL                        : select last_insert_rowid()
Hibernate: select last_insert_rowid()
2025-10-13T15:56:19.934+09:00 DEBUG 10272 --- [Shift Scheduler Demo] [           main] org.hibernate.SQL                        : insert into shift_assignments (employee_id,end_time,shift_name,start_time,work_date) values (?,?,?,?,?)
Hibernate: insert into shift_assignments (employee_id,end_time,shift_name,start_time,work_date) values (?,?,?,?,?)
2025-10-13T15:56:19.935+09:00 DEBUG 10272 --- [Shift Scheduler Demo] [           main] org.hibernate.SQL                        : select last_insert_rowid()
Hibernate: select last_insert_rowid()
2025-10-13T15:56:19.935+09:00 DEBUG 10272 --- [Shift Scheduler Demo] [           main] org.hibernate.SQL                        : insert into shift_assignments (employee_id,end_time,shift_name,start_time,work_date) values (?,?,?,?,?)
Hibernate: insert into shift_assignments (employee_id,end_time,shift_name,start_time,work_date) values (?,?,?,?,?)
2025-10-13T15:56:19.935+09:00 DEBUG 10272 --- [Shift Scheduler Demo] [           main] org.hibernate.SQL                        : select last_insert_rowid()
Hibernate: select last_insert_rowid()
2025-10-13T15:56:19.936+09:00 DEBUG 10272 --- [Shift Scheduler Demo] [           main] org.hibernate.SQL                        : insert into shift_assignments (employee_id,end_time,shift_name,start_time,work_date) values (?,?,?,?,?)
Hibernate: insert into shift_assignments (employee_id,end_time,shift_name,start_time,work_date) values (?,?,?,?,?)
2025-10-13T15:56:19.937+09:00 DEBUG 10272 --- [Shift Scheduler Demo] [           main] org.hibernate.SQL                        : select last_insert_rowid()
Hibernate: select last_insert_rowid()
2025-10-13T15:56:19.939+09:00 DEBUG 10272 --- [Shift Scheduler Demo] [           main] org.hibernate.SQL                        : insert into shift_assignments (employee_id,end_time,shift_name,start_time,work_date) values (?,?,?,?,?)
Hibernate: insert into shift_assignments (employee_id,end_time,shift_name,start_time,work_date) values (?,?,?,?,?)
2025-10-13T15:56:19.940+09:00 DEBUG 10272 --- [Shift Scheduler Demo] [           main] org.hibernate.SQL                        : select last_insert_rowid()
Hibernate: select last_insert_rowid()
2025-10-13T15:56:19.942+09:00 DEBUG 10272 --- [Shift Scheduler Demo] [           main] org.hibernate.SQL                        : insert into shift_assignments (employee_id,end_time,shift_name,start_time,work_date) values (?,?,?,?,?)
Hibernate: insert into shift_assignments (employee_id,end_time,shift_name,start_time,work_date) values (?,?,?,?,?)
2025-10-13T15:56:19.943+09:00 DEBUG 10272 --- [Shift Scheduler Demo] [           main] org.hibernate.SQL                        : select last_insert_rowid()
Hibernate: select last_insert_rowid()
2025-10-13T15:56:19.944+09:00 DEBUG 10272 --- [Shift Scheduler Demo] [           main] org.hibernate.SQL                        : insert into shift_assignments (employee_id,end_time,shift_name,start_time,work_date) values (?,?,?,?,?)
Hibernate: insert into shift_assignments (employee_id,end_time,shift_name,start_time,work_date) values (?,?,?,?,?)
2025-10-13T15:56:19.944+09:00 DEBUG 10272 --- [Shift Scheduler Demo] [           main] org.hibernate.SQL                        : select last_insert_rowid()
Hibernate: select last_insert_rowid()
2025-10-13T15:56:19.946+09:00 DEBUG 10272 --- [Shift Scheduler Demo] [           main] org.hibernate.SQL                        : insert into shift_assignments (employee_id,end_time,shift_name,start_time,work_date) values (?,?,?,?,?)
Hibernate: insert into shift_assignments (employee_id,end_time,shift_name,start_time,work_date) values (?,?,?,?,?)
2025-10-13T15:56:19.946+09:00 DEBUG 10272 --- [Shift Scheduler Demo] [           main] org.hibernate.SQL                        : select last_insert_rowid()
Hibernate: select last_insert_rowid()
2025-10-13T15:56:19.947+09:00 DEBUG 10272 --- [Shift Scheduler Demo] [           main] org.hibernate.SQL                        : insert into shift_assignments (employee_id,end_time,shift_name,start_time,work_date) values (?,?,?,?,?)
Hibernate: insert into shift_assignments (employee_id,end_time,shift_name,start_time,work_date) values (?,?,?,?,?)
2025-10-13T15:56:19.947+09:00 DEBUG 10272 --- [Shift Scheduler Demo] [           main] org.hibernate.SQL                        : select last_insert_rowid()
Hibernate: select last_insert_rowid()
2025-10-13T15:56:19.947+09:00 DEBUG 10272 --- [Shift Scheduler Demo] [           main] org.hibernate.SQL                        : insert into shift_assignments (employee_id,end_time,shift_name,start_time,work_date) values (?,?,?,?,?)
Hibernate: insert into shift_assignments (employee_id,end_time,shift_name,start_time,work_date) values (?,?,?,?,?)
2025-10-13T15:56:19.948+09:00 DEBUG 10272 --- [Shift Scheduler Demo] [           main] org.hibernate.SQL                        : select last_insert_rowid()
Hibernate: select last_insert_rowid()
2025-10-13T15:56:19.948+09:00 DEBUG 10272 --- [Shift Scheduler Demo] [           main] org.hibernate.SQL                        : insert into shift_assignments (employee_id,end_time,shift_name,start_time,work_date) values (?,?,?,?,?)
Hibernate: insert into shift_assignments (employee_id,end_time,shift_name,start_time,work_date) values (?,?,?,?,?)
2025-10-13T15:56:19.949+09:00 DEBUG 10272 --- [Shift Scheduler Demo] [           main] org.hibernate.SQL                        : select last_insert_rowid()
Hibernate: select last_insert_rowid()
2025-10-13T15:56:19.949+09:00 DEBUG 10272 --- [Shift Scheduler Demo] [           main] org.hibernate.SQL                        : insert into shift_assignments (employee_id,end_time,shift_name,start_time,work_date) values (?,?,?,?,?)
Hibernate: insert into shift_assignments (employee_id,end_time,shift_name,start_time,work_date) values (?,?,?,?,?)
2025-10-13T15:56:19.950+09:00 DEBUG 10272 --- [Shift Scheduler Demo] [           main] org.hibernate.SQL                        : select last_insert_rowid()
Hibernate: select last_insert_rowid()
2025-10-13T15:56:19.950+09:00 DEBUG 10272 --- [Shift Scheduler Demo] [           main] org.hibernate.SQL                        : insert into shift_assignments (employee_id,end_time,shift_name,start_time,work_date) values (?,?,?,?,?)
Hibernate: insert into shift_assignments (employee_id,end_time,shift_name,start_time,work_date) values (?,?,?,?,?)
2025-10-13T15:56:19.950+09:00 DEBUG 10272 --- [Shift Scheduler Demo] [           main] org.hibernate.SQL                        : select last_insert_rowid()
Hibernate: select last_insert_rowid()
2025-10-13T15:56:19.950+09:00 DEBUG 10272 --- [Shift Scheduler Demo] [           main] org.hibernate.SQL                        : insert into shift_assignments (employee_id,end_time,shift_name,start_time,work_date) values (?,?,?,?,?)
Hibernate: insert into shift_assignments (employee_id,end_time,shift_name,start_time,work_date) values (?,?,?,?,?)
2025-10-13T15:56:19.951+09:00 DEBUG 10272 --- [Shift Scheduler Demo] [           main] org.hibernate.SQL                        : select last_insert_rowid()
Hibernate: select last_insert_rowid()
2025-10-13T15:56:19.951+09:00 DEBUG 10272 --- [Shift Scheduler Demo] [           main] org.hibernate.SQL                        : insert into shift_assignments (employee_id,end_time,shift_name,start_time,work_date) values (?,?,?,?,?)
Hibernate: insert into shift_assignments (employee_id,end_time,shift_name,start_time,work_date) values (?,?,?,?,?)
2025-10-13T15:56:19.951+09:00 DEBUG 10272 --- [Shift Scheduler Demo] [           main] org.hibernate.SQL                        : select last_insert_rowid()
Hibernate: select last_insert_rowid()
2025-10-13T15:56:19.952+09:00 DEBUG 10272 --- [Shift Scheduler Demo] [           main] org.hibernate.SQL                        : insert into shift_assignments (employee_id,end_time,shift_name,start_time,work_date) values (?,?,?,?,?)
Hibernate: insert into shift_assignments (employee_id,end_time,shift_name,start_time,work_date) values (?,?,?,?,?)
2025-10-13T15:56:19.952+09:00 DEBUG 10272 --- [Shift Scheduler Demo] [           main] org.hibernate.SQL                        : select last_insert_rowid()
Hibernate: select last_insert_rowid()
2025-10-13T15:56:19.952+09:00 DEBUG 10272 --- [Shift Scheduler Demo] [           main] org.hibernate.SQL                        : insert into shift_assignments (employee_id,end_time,shift_name,start_time,work_date) values (?,?,?,?,?)
Hibernate: insert into shift_assignments (employee_id,end_time,shift_name,start_time,work_date) values (?,?,?,?,?)
2025-10-13T15:56:19.952+09:00 DEBUG 10272 --- [Shift Scheduler Demo] [           main] org.hibernate.SQL                        : select last_insert_rowid()
Hibernate: select last_insert_rowid()
2025-10-13T15:56:19.953+09:00 DEBUG 10272 --- [Shift Scheduler Demo] [           main] org.hibernate.SQL                        : insert into shift_assignments (employee_id,end_time,shift_name,start_time,work_date) values (?,?,?,?,?)
Hibernate: insert into shift_assignments (employee_id,end_time,shift_name,start_time,work_date) values (?,?,?,?,?)
2025-10-13T15:56:19.953+09:00 DEBUG 10272 --- [Shift Scheduler Demo] [           main] org.hibernate.SQL                        : select last_insert_rowid()
Hibernate: select last_insert_rowid()
2025-10-13T15:56:19.953+09:00 DEBUG 10272 --- [Shift Scheduler Demo] [           main] org.hibernate.SQL                        : insert into shift_assignments (employee_id,end_time,shift_name,start_time,work_date) values (?,?,?,?,?)
Hibernate: insert into shift_assignments (employee_id,end_time,shift_name,start_time,work_date) values (?,?,?,?,?)
2025-10-13T15:56:19.954+09:00 DEBUG 10272 --- [Shift Scheduler Demo] [           main] org.hibernate.SQL                        : select last_insert_rowid()
Hibernate: select last_insert_rowid()
2025-10-13T15:56:19.954+09:00 DEBUG 10272 --- [Shift Scheduler Demo] [           main] org.hibernate.SQL                        : insert into shift_assignments (employee_id,end_time,shift_name,start_time,work_date) values (?,?,?,?,?)
Hibernate: insert into shift_assignments (employee_id,end_time,shift_name,start_time,work_date) values (?,?,?,?,?)
2025-10-13T15:56:19.954+09:00 DEBUG 10272 --- [Shift Scheduler Demo] [           main] org.hibernate.SQL                        : select last_insert_rowid()
Hibernate: select last_insert_rowid()
2025-10-13T15:56:19.955+09:00 DEBUG 10272 --- [Shift Scheduler Demo] [           main] org.hibernate.SQL                        : insert into shift_assignments (employee_id,end_time,shift_name,start_time,work_date) values (?,?,?,?,?)
Hibernate: insert into shift_assignments (employee_id,end_time,shift_name,start_time,work_date) values (?,?,?,?,?)
2025-10-13T15:56:19.955+09:00 DEBUG 10272 --- [Shift Scheduler Demo] [           main] org.hibernate.SQL                        : select last_insert_rowid()
Hibernate: select last_insert_rowid()
2025-10-13T15:56:19.955+09:00 DEBUG 10272 --- [Shift Scheduler Demo] [           main] org.hibernate.SQL                        : insert into shift_assignments (employee_id,end_time,shift_name,start_time,work_date) values (?,?,?,?,?)
Hibernate: insert into shift_assignments (employee_id,end_time,shift_name,start_time,work_date) values (?,?,?,?,?)
2025-10-13T15:56:19.956+09:00 DEBUG 10272 --- [Shift Scheduler Demo] [           main] org.hibernate.SQL                        : select last_insert_rowid()
Hibernate: select last_insert_rowid()
2025-10-13T15:56:19.956+09:00 DEBUG 10272 --- [Shift Scheduler Demo] [           main] org.hibernate.SQL                        : insert into shift_assignments (employee_id,end_time,shift_name,start_time,work_date) values (?,?,?,?,?)
Hibernate: insert into shift_assignments (employee_id,end_time,shift_name,start_time,work_date) values (?,?,?,?,?)
2025-10-13T15:56:19.957+09:00 DEBUG 10272 --- [Shift Scheduler Demo] [           main] org.hibernate.SQL                        : select last_insert_rowid()
Hibernate: select last_insert_rowid()
2025-10-13T15:56:19.957+09:00 DEBUG 10272 --- [Shift Scheduler Demo] [           main] org.hibernate.SQL                        : insert into shift_assignments (employee_id,end_time,shift_name,start_time,work_date) values (?,?,?,?,?)
Hibernate: insert into shift_assignments (employee_id,end_time,shift_name,start_time,work_date) values (?,?,?,?,?)
2025-10-13T15:56:19.958+09:00 DEBUG 10272 --- [Shift Scheduler Demo] [           main] org.hibernate.SQL                        : select last_insert_rowid()
Hibernate: select last_insert_rowid()
2025-10-13T15:56:19.958+09:00 DEBUG 10272 --- [Shift Scheduler Demo] [           main] org.hibernate.SQL                        : insert into shift_assignments (employee_id,end_time,shift_name,start_time,work_date) values (?,?,?,?,?)
Hibernate: insert into shift_assignments (employee_id,end_time,shift_name,start_time,work_date) values (?,?,?,?,?)
2025-10-13T15:56:19.958+09:00 DEBUG 10272 --- [Shift Scheduler Demo] [           main] org.hibernate.SQL                        : select last_insert_rowid()
Hibernate: select last_insert_rowid()
2025-10-13T15:56:19.959+09:00 DEBUG 10272 --- [Shift Scheduler Demo] [           main] org.hibernate.SQL                        : insert into shift_assignments (employee_id,end_time,shift_name,start_time,work_date) values (?,?,?,?,?)
Hibernate: insert into shift_assignments (employee_id,end_time,shift_name,start_time,work_date) values (?,?,?,?,?)
2025-10-13T15:56:19.959+09:00 DEBUG 10272 --- [Shift Scheduler Demo] [           main] org.hibernate.SQL                        : select last_insert_rowid()
Hibernate: select last_insert_rowid()
2025-10-13T15:56:19.959+09:00 DEBUG 10272 --- [Shift Scheduler Demo] [           main] org.hibernate.SQL                        : insert into shift_assignments (employee_id,end_time,shift_name,start_time,work_date) values (?,?,?,?,?)
Hibernate: insert into shift_assignments (employee_id,end_time,shift_name,start_time,work_date) values (?,?,?,?,?)
2025-10-13T15:56:19.960+09:00 DEBUG 10272 --- [Shift Scheduler Demo] [           main] org.hibernate.SQL                        : select last_insert_rowid()
Hibernate: select last_insert_rowid()
2025-10-13T15:56:19.961+09:00 DEBUG 10272 --- [Shift Scheduler Demo] [           main] org.hibernate.SQL                        : insert into shift_assignments (employee_id,end_time,shift_name,start_time,work_date) values (?,?,?,?,?)
Hibernate: insert into shift_assignments (employee_id,end_time,shift_name,start_time,work_date) values (?,?,?,?,?)
2025-10-13T15:56:19.961+09:00 DEBUG 10272 --- [Shift Scheduler Demo] [           main] org.hibernate.SQL                        : select last_insert_rowid()
Hibernate: select last_insert_rowid()
2025-10-13T15:56:19.962+09:00 DEBUG 10272 --- [Shift Scheduler Demo] [           main] org.hibernate.SQL                        : insert into shift_assignments (employee_id,end_time,shift_name,start_time,work_date) values (?,?,?,?,?)
Hibernate: insert into shift_assignments (employee_id,end_time,shift_name,start_time,work_date) values (?,?,?,?,?)
2025-10-13T15:56:19.962+09:00 DEBUG 10272 --- [Shift Scheduler Demo] [           main] org.hibernate.SQL                        : select last_insert_rowid()
Hibernate: select last_insert_rowid()
2025-10-13T15:56:19.962+09:00 DEBUG 10272 --- [Shift Scheduler Demo] [           main] org.hibernate.SQL                        : insert into shift_assignments (employee_id,end_time,shift_name,start_time,work_date) values (?,?,?,?,?)
Hibernate: insert into shift_assignments (employee_id,end_time,shift_name,start_time,work_date) values (?,?,?,?,?)
2025-10-13T15:56:19.963+09:00 DEBUG 10272 --- [Shift Scheduler Demo] [           main] org.hibernate.SQL                        : select last_insert_rowid()
Hibernate: select last_insert_rowid()
2025-10-13T15:56:19.963+09:00 DEBUG 10272 --- [Shift Scheduler Demo] [           main] org.hibernate.SQL                        : insert into shift_assignments (employee_id,end_time,shift_name,start_time,work_date) values (?,?,?,?,?)
Hibernate: insert into shift_assignments (employee_id,end_time,shift_name,start_time,work_date) values (?,?,?,?,?)
2025-10-13T15:56:19.963+09:00 DEBUG 10272 --- [Shift Scheduler Demo] [           main] org.hibernate.SQL                        : select last_insert_rowid()
Hibernate: select last_insert_rowid()
2025-10-13T15:56:19.964+09:00 DEBUG 10272 --- [Shift Scheduler Demo] [           main] org.hibernate.SQL                        : insert into shift_assignments (employee_id,end_time,shift_name,start_time,work_date) values (?,?,?,?,?)
Hibernate: insert into shift_assignments (employee_id,end_time,shift_name,start_time,work_date) values (?,?,?,?,?)
2025-10-13T15:56:19.964+09:00 DEBUG 10272 --- [Shift Scheduler Demo] [           main] org.hibernate.SQL                        : select last_insert_rowid()
Hibernate: select last_insert_rowid()
2025-10-13T15:56:19.965+09:00 DEBUG 10272 --- [Shift Scheduler Demo] [           main] org.hibernate.SQL                        : insert into shift_assignments (employee_id,end_time,shift_name,start_time,work_date) values (?,?,?,?,?)
Hibernate: insert into shift_assignments (employee_id,end_time,shift_name,start_time,work_date) values (?,?,?,?,?)
2025-10-13T15:56:19.965+09:00 DEBUG 10272 --- [Shift Scheduler Demo] [           main] org.hibernate.SQL                        : select last_insert_rowid()
Hibernate: select last_insert_rowid()
2025-10-13T15:56:19.967+09:00 DEBUG 10272 --- [Shift Scheduler Demo] [           main] org.hibernate.SQL                        : insert into shift_assignments (employee_id,end_time,shift_name,start_time,work_date) values (?,?,?,?,?)
Hibernate: insert into shift_assignments (employee_id,end_time,shift_name,start_time,work_date) values (?,?,?,?,?)
2025-10-13T15:56:19.967+09:00 DEBUG 10272 --- [Shift Scheduler Demo] [           main] org.hibernate.SQL                        : select last_insert_rowid()
Hibernate: select last_insert_rowid()
2025-10-13T15:56:19.969+09:00 DEBUG 10272 --- [Shift Scheduler Demo] [           main] org.hibernate.SQL                        : insert into shift_assignments (employee_id,end_time,shift_name,start_time,work_date) values (?,?,?,?,?)
Hibernate: insert into shift_assignments (employee_id,end_time,shift_name,start_time,work_date) values (?,?,?,?,?)
2025-10-13T15:56:19.970+09:00 DEBUG 10272 --- [Shift Scheduler Demo] [           main] org.hibernate.SQL                        : select last_insert_rowid()
Hibernate: select last_insert_rowid()
2025-10-13T15:56:19.974+09:00 DEBUG 10272 --- [Shift Scheduler Demo] [           main] org.hibernate.SQL                        : insert into shift_assignments (employee_id,end_time,shift_name,start_time,work_date) values (?,?,?,?,?)
Hibernate: insert into shift_assignments (employee_id,end_time,shift_name,start_time,work_date) values (?,?,?,?,?)
2025-10-13T15:56:19.977+09:00 DEBUG 10272 --- [Shift Scheduler Demo] [           main] org.hibernate.SQL                        : select last_insert_rowid()
Hibernate: select last_insert_rowid()
2025-10-13T15:56:19.979+09:00 DEBUG 10272 --- [Shift Scheduler Demo] [           main] org.hibernate.SQL                        : insert into shift_assignments (employee_id,end_time,shift_name,start_time,work_date) values (?,?,?,?,?)
Hibernate: insert into shift_assignments (employee_id,end_time,shift_name,start_time,work_date) values (?,?,?,?,?)
2025-10-13T15:56:19.980+09:00 DEBUG 10272 --- [Shift Scheduler Demo] [           main] org.hibernate.SQL                        : select last_insert_rowid()
Hibernate: select last_insert_rowid()
2025-10-13T15:56:19.981+09:00 DEBUG 10272 --- [Shift Scheduler Demo] [           main] org.hibernate.SQL                        : insert into shift_assignments (employee_id,end_time,shift_name,start_time,work_date) values (?,?,?,?,?)
Hibernate: insert into shift_assignments (employee_id,end_time,shift_name,start_time,work_date) values (?,?,?,?,?)
2025-10-13T15:56:19.982+09:00 DEBUG 10272 --- [Shift Scheduler Demo] [           main] org.hibernate.SQL                        : select last_insert_rowid()
Hibernate: select last_insert_rowid()
2025-10-13T15:56:19.982+09:00 DEBUG 10272 --- [Shift Scheduler Demo] [           main] org.hibernate.SQL                        : insert into shift_assignments (employee_id,end_time,shift_name,start_time,work_date) values (?,?,?,?,?)
Hibernate: insert into shift_assignments (employee_id,end_time,shift_name,start_time,work_date) values (?,?,?,?,?)
2025-10-13T15:56:19.983+09:00 DEBUG 10272 --- [Shift Scheduler Demo] [           main] org.hibernate.SQL                        : select last_insert_rowid()
Hibernate: select last_insert_rowid()
2025-10-13T15:56:19.984+09:00 DEBUG 10272 --- [Shift Scheduler Demo] [           main] org.hibernate.SQL                        : insert into shift_assignments (employee_id,end_time,shift_name,start_time,work_date) values (?,?,?,?,?)
Hibernate: insert into shift_assignments (employee_id,end_time,shift_name,start_time,work_date) values (?,?,?,?,?)
2025-10-13T15:56:19.985+09:00 DEBUG 10272 --- [Shift Scheduler Demo] [           main] org.hibernate.SQL                        : select last_insert_rowid()
Hibernate: select last_insert_rowid()
2025-10-13T15:56:19.985+09:00 DEBUG 10272 --- [Shift Scheduler Demo] [           main] org.hibernate.SQL                        : insert into shift_assignments (employee_id,end_time,shift_name,start_time,work_date) values (?,?,?,?,?)
Hibernate: insert into shift_assignments (employee_id,end_time,shift_name,start_time,work_date) values (?,?,?,?,?)
2025-10-13T15:56:19.986+09:00 DEBUG 10272 --- [Shift Scheduler Demo] [           main] org.hibernate.SQL                        : select last_insert_rowid()
Hibernate: select last_insert_rowid()
2025-10-13T15:56:19.988+09:00 DEBUG 10272 --- [Shift Scheduler Demo] [           main] org.hibernate.SQL                        : insert into shift_assignments (employee_id,end_time,shift_name,start_time,work_date) values (?,?,?,?,?)
Hibernate: insert into shift_assignments (employee_id,end_time,shift_name,start_time,work_date) values (?,?,?,?,?)
2025-10-13T15:56:19.990+09:00 DEBUG 10272 --- [Shift Scheduler Demo] [           main] org.hibernate.SQL                        : select last_insert_rowid()
Hibernate: select last_insert_rowid()
2025-10-13T15:56:19.994+09:00 DEBUG 10272 --- [Shift Scheduler Demo] [           main] org.hibernate.SQL                        : insert into shift_assignments (employee_id,end_time,shift_name,start_time,work_date) values (?,?,?,?,?)
Hibernate: insert into shift_assignments (employee_id,end_time,shift_name,start_time,work_date) values (?,?,?,?,?)
2025-10-13T15:56:19.996+09:00 DEBUG 10272 --- [Shift Scheduler Demo] [           main] org.hibernate.SQL                        : select last_insert_rowid()
Hibernate: select last_insert_rowid()
2025-10-13T15:56:19.996+09:00 DEBUG 10272 --- [Shift Scheduler Demo] [           main] org.hibernate.SQL                        : insert into shift_assignments (employee_id,end_time,shift_name,start_time,work_date) values (?,?,?,?,?)
Hibernate: insert into shift_assignments (employee_id,end_time,shift_name,start_time,work_date) values (?,?,?,?,?)
2025-10-13T15:56:19.997+09:00 DEBUG 10272 --- [Shift Scheduler Demo] [           main] org.hibernate.SQL                        : select last_insert_rowid()
Hibernate: select last_insert_rowid()
2025-10-13T15:56:19.998+09:00 DEBUG 10272 --- [Shift Scheduler Demo] [           main] org.hibernate.SQL                        : insert into shift_assignments (employee_id,end_time,shift_name,start_time,work_date) values (?,?,?,?,?)
Hibernate: insert into shift_assignments (employee_id,end_time,shift_name,start_time,work_date) values (?,?,?,?,?)
2025-10-13T15:56:19.998+09:00 DEBUG 10272 --- [Shift Scheduler Demo] [           main] org.hibernate.SQL                        : select last_insert_rowid()
Hibernate: select last_insert_rowid()
2025-10-13T15:56:19.999+09:00 DEBUG 10272 --- [Shift Scheduler Demo] [           main] org.hibernate.SQL                        : insert into shift_assignments (employee_id,end_time,shift_name,start_time,work_date) values (?,?,?,?,?)
Hibernate: insert into shift_assignments (employee_id,end_time,shift_name,start_time,work_date) values (?,?,?,?,?)
2025-10-13T15:56:19.999+09:00 DEBUG 10272 --- [Shift Scheduler Demo] [           main] org.hibernate.SQL                        : select last_insert_rowid()
Hibernate: select last_insert_rowid()
2025-10-13T15:56:20.000+09:00 DEBUG 10272 --- [Shift Scheduler Demo] [           main] org.hibernate.SQL                        : insert into shift_assignments (employee_id,end_time,shift_name,start_time,work_date) values (?,?,?,?,?)
Hibernate: insert into shift_assignments (employee_id,end_time,shift_name,start_time,work_date) values (?,?,?,?,?)
2025-10-13T15:56:20.000+09:00 DEBUG 10272 --- [Shift Scheduler Demo] [           main] org.hibernate.SQL                        : select last_insert_rowid()
Hibernate: select last_insert_rowid()
2025-10-13T15:56:20.001+09:00 DEBUG 10272 --- [Shift Scheduler Demo] [           main] org.hibernate.SQL                        : insert into shift_assignments (employee_id,end_time,shift_name,start_time,work_date) values (?,?,?,?,?)
Hibernate: insert into shift_assignments (employee_id,end_time,shift_name,start_time,work_date) values (?,?,?,?,?)
2025-10-13T15:56:20.002+09:00 DEBUG 10272 --- [Shift Scheduler Demo] [           main] org.hibernate.SQL                        : select last_insert_rowid()
Hibernate: select last_insert_rowid()
2025-10-13T15:56:20.002+09:00 DEBUG 10272 --- [Shift Scheduler Demo] [           main] org.hibernate.SQL                        : insert into shift_assignments (employee_id,end_time,shift_name,start_time,work_date) values (?,?,?,?,?)
Hibernate: insert into shift_assignments (employee_id,end_time,shift_name,start_time,work_date) values (?,?,?,?,?)
2025-10-13T15:56:20.002+09:00 DEBUG 10272 --- [Shift Scheduler Demo] [           main] org.hibernate.SQL                        : select last_insert_rowid()
Hibernate: select last_insert_rowid()
2025-10-13T15:56:20.003+09:00 DEBUG 10272 --- [Shift Scheduler Demo] [           main] org.hibernate.SQL                        : insert into shift_assignments (employee_id,end_time,shift_name,start_time,work_date) values (?,?,?,?,?)
Hibernate: insert into shift_assignments (employee_id,end_time,shift_name,start_time,work_date) values (?,?,?,?,?)
2025-10-13T15:56:20.003+09:00 DEBUG 10272 --- [Shift Scheduler Demo] [           main] org.hibernate.SQL                        : select last_insert_rowid()
Hibernate: select last_insert_rowid()
2025-10-13T15:56:20.003+09:00 DEBUG 10272 --- [Shift Scheduler Demo] [           main] org.hibernate.SQL                        : insert into shift_assignments (employee_id,end_time,shift_name,start_time,work_date) values (?,?,?,?,?)
Hibernate: insert into shift_assignments (employee_id,end_time,shift_name,start_time,work_date) values (?,?,?,?,?)
2025-10-13T15:56:20.003+09:00 DEBUG 10272 --- [Shift Scheduler Demo] [           main] org.hibernate.SQL                        : select last_insert_rowid()
Hibernate: select last_insert_rowid()
2025-10-13T15:56:20.004+09:00 DEBUG 10272 --- [Shift Scheduler Demo] [           main] org.hibernate.SQL                        : insert into shift_assignments (employee_id,end_time,shift_name,start_time,work_date) values (?,?,?,?,?)
Hibernate: insert into shift_assignments (employee_id,end_time,shift_name,start_time,work_date) values (?,?,?,?,?)
2025-10-13T15:56:20.004+09:00 DEBUG 10272 --- [Shift Scheduler Demo] [           main] org.hibernate.SQL                        : select last_insert_rowid()
Hibernate: select last_insert_rowid()
2025-10-13T15:56:20.004+09:00 DEBUG 10272 --- [Shift Scheduler Demo] [           main] org.hibernate.SQL                        : insert into shift_assignments (employee_id,end_time,shift_name,start_time,work_date) values (?,?,?,?,?)
Hibernate: insert into shift_assignments (employee_id,end_time,shift_name,start_time,work_date) values (?,?,?,?,?)
2025-10-13T15:56:20.004+09:00 DEBUG 10272 --- [Shift Scheduler Demo] [           main] org.hibernate.SQL                        : select last_insert_rowid()
Hibernate: select last_insert_rowid()
2025-10-13T15:56:20.004+09:00 DEBUG 10272 --- [Shift Scheduler Demo] [           main] org.hibernate.SQL                        : insert into shift_assignments (employee_id,end_time,shift_name,start_time,work_date) values (?,?,?,?,?)
Hibernate: insert into shift_assignments (employee_id,end_time,shift_name,start_time,work_date) values (?,?,?,?,?)
2025-10-13T15:56:20.005+09:00 DEBUG 10272 --- [Shift Scheduler Demo] [           main] org.hibernate.SQL                        : select last_insert_rowid()
Hibernate: select last_insert_rowid()
2025-10-13T15:56:20.005+09:00 DEBUG 10272 --- [Shift Scheduler Demo] [           main] org.hibernate.SQL                        : insert into shift_assignments (employee_id,end_time,shift_name,start_time,work_date) values (?,?,?,?,?)
Hibernate: insert into shift_assignments (employee_id,end_time,shift_name,start_time,work_date) values (?,?,?,?,?)
2025-10-13T15:56:20.005+09:00 DEBUG 10272 --- [Shift Scheduler Demo] [           main] org.hibernate.SQL                        : select last_insert_rowid()
Hibernate: select last_insert_rowid()
2025-10-13T15:56:20.006+09:00 DEBUG 10272 --- [Shift Scheduler Demo] [           main] org.hibernate.SQL                        : insert into shift_assignments (employee_id,end_time,shift_name,start_time,work_date) values (?,?,?,?,?)
Hibernate: insert into shift_assignments (employee_id,end_time,shift_name,start_time,work_date) values (?,?,?,?,?)
2025-10-13T15:56:20.006+09:00 DEBUG 10272 --- [Shift Scheduler Demo] [           main] org.hibernate.SQL                        : select last_insert_rowid()
Hibernate: select last_insert_rowid()
2025-10-13T15:56:20.006+09:00 DEBUG 10272 --- [Shift Scheduler Demo] [           main] org.hibernate.SQL                        : insert into shift_assignments (employee_id,end_time,shift_name,start_time,work_date) values (?,?,?,?,?)
Hibernate: insert into shift_assignments (employee_id,end_time,shift_name,start_time,work_date) values (?,?,?,?,?)
2025-10-13T15:56:20.006+09:00 DEBUG 10272 --- [Shift Scheduler Demo] [           main] org.hibernate.SQL                        : select last_insert_rowid()
Hibernate: select last_insert_rowid()
2025-10-13T15:56:20.007+09:00 DEBUG 10272 --- [Shift Scheduler Demo] [           main] org.hibernate.SQL                        : insert into shift_assignments (employee_id,end_time,shift_name,start_time,work_date) values (?,?,?,?,?)
Hibernate: insert into shift_assignments (employee_id,end_time,shift_name,start_time,work_date) values (?,?,?,?,?)
2025-10-13T15:56:20.007+09:00 DEBUG 10272 --- [Shift Scheduler Demo] [           main] org.hibernate.SQL                        : select last_insert_rowid()
Hibernate: select last_insert_rowid()
2025-10-13T15:56:20.007+09:00 DEBUG 10272 --- [Shift Scheduler Demo] [           main] org.hibernate.SQL                        : insert into shift_assignments (employee_id,end_time,shift_name,start_time,work_date) values (?,?,?,?,?)
Hibernate: insert into shift_assignments (employee_id,end_time,shift_name,start_time,work_date) values (?,?,?,?,?)
2025-10-13T15:56:20.007+09:00 DEBUG 10272 --- [Shift Scheduler Demo] [           main] org.hibernate.SQL                        : select last_insert_rowid()
Hibernate: select last_insert_rowid()
2025-10-13T15:56:20.008+09:00 DEBUG 10272 --- [Shift Scheduler Demo] [           main] org.hibernate.SQL                        : insert into shift_assignments (employee_id,end_time,shift_name,start_time,work_date) values (?,?,?,?,?)
Hibernate: insert into shift_assignments (employee_id,end_time,shift_name,start_time,work_date) values (?,?,?,?,?)
2025-10-13T15:56:20.009+09:00 DEBUG 10272 --- [Shift Scheduler Demo] [           main] org.hibernate.SQL                        : select last_insert_rowid()
Hibernate: select last_insert_rowid()
2025-10-13T15:56:20.009+09:00 DEBUG 10272 --- [Shift Scheduler Demo] [           main] org.hibernate.SQL                        : insert into shift_assignments (employee_id,end_time,shift_name,start_time,work_date) values (?,?,?,?,?)
Hibernate: insert into shift_assignments (employee_id,end_time,shift_name,start_time,work_date) values (?,?,?,?,?)
2025-10-13T15:56:20.009+09:00 DEBUG 10272 --- [Shift Scheduler Demo] [           main] org.hibernate.SQL                        : select last_insert_rowid()
Hibernate: select last_insert_rowid()
2025-10-13T15:56:20.011+09:00 DEBUG 10272 --- [Shift Scheduler Demo] [           main] org.hibernate.SQL                        : insert into shift_assignments (employee_id,end_time,shift_name,start_time,work_date) values (?,?,?,?,?)
Hibernate: insert into shift_assignments (employee_id,end_time,shift_name,start_time,work_date) values (?,?,?,?,?)
2025-10-13T15:56:20.011+09:00 DEBUG 10272 --- [Shift Scheduler Demo] [           main] org.hibernate.SQL                        : select last_insert_rowid()
Hibernate: select last_insert_rowid()
2025-10-13T15:56:20.011+09:00 DEBUG 10272 --- [Shift Scheduler Demo] [           main] org.hibernate.SQL                        : insert into shift_assignments (employee_id,end_time,shift_name,start_time,work_date) values (?,?,?,?,?)
Hibernate: insert into shift_assignments (employee_id,end_time,shift_name,start_time,work_date) values (?,?,?,?,?)
2025-10-13T15:56:20.012+09:00 DEBUG 10272 --- [Shift Scheduler Demo] [           main] org.hibernate.SQL                        : select last_insert_rowid()
Hibernate: select last_insert_rowid()
2025-10-13T15:56:20.012+09:00 DEBUG 10272 --- [Shift Scheduler Demo] [           main] org.hibernate.SQL                        : insert into shift_assignments (employee_id,end_time,shift_name,start_time,work_date) values (?,?,?,?,?)
Hibernate: insert into shift_assignments (employee_id,end_time,shift_name,start_time,work_date) values (?,?,?,?,?)
2025-10-13T15:56:20.012+09:00 DEBUG 10272 --- [Shift Scheduler Demo] [           main] org.hibernate.SQL                        : select last_insert_rowid()
Hibernate: select last_insert_rowid()
2025-10-13T15:56:20.012+09:00 DEBUG 10272 --- [Shift Scheduler Demo] [           main] org.hibernate.SQL                        : insert into shift_assignments (employee_id,end_time,shift_name,start_time,work_date) values (?,?,?,?,?)
Hibernate: insert into shift_assignments (employee_id,end_time,shift_name,start_time,work_date) values (?,?,?,?,?)
2025-10-13T15:56:20.012+09:00 DEBUG 10272 --- [Shift Scheduler Demo] [           main] org.hibernate.SQL                        : select last_insert_rowid()
Hibernate: select last_insert_rowid()
2025-10-13T15:56:20.013+09:00 DEBUG 10272 --- [Shift Scheduler Demo] [           main] org.hibernate.SQL                        : insert into shift_assignments (employee_id,end_time,shift_name,start_time,work_date) values (?,?,?,?,?)
Hibernate: insert into shift_assignments (employee_id,end_time,shift_name,start_time,work_date) values (?,?,?,?,?)
2025-10-13T15:56:20.013+09:00 DEBUG 10272 --- [Shift Scheduler Demo] [           main] org.hibernate.SQL                        : select last_insert_rowid()
Hibernate: select last_insert_rowid()
2025-10-13T15:56:20.013+09:00 DEBUG 10272 --- [Shift Scheduler Demo] [           main] org.hibernate.SQL                        : insert into shift_assignments (employee_id,end_time,shift_name,start_time,work_date) values (?,?,?,?,?)
Hibernate: insert into shift_assignments (employee_id,end_time,shift_name,start_time,work_date) values (?,?,?,?,?)
2025-10-13T15:56:20.013+09:00 DEBUG 10272 --- [Shift Scheduler Demo] [           main] org.hibernate.SQL                        : select last_insert_rowid()
Hibernate: select last_insert_rowid()
2025-10-13T15:56:20.013+09:00 DEBUG 10272 --- [Shift Scheduler Demo] [           main] org.hibernate.SQL                        : insert into shift_assignments (employee_id,end_time,shift_name,start_time,work_date) values (?,?,?,?,?)
Hibernate: insert into shift_assignments (employee_id,end_time,shift_name,start_time,work_date) values (?,?,?,?,?)
2025-10-13T15:56:20.014+09:00 DEBUG 10272 --- [Shift Scheduler Demo] [           main] org.hibernate.SQL                        : select last_insert_rowid()
Hibernate: select last_insert_rowid()
2025-10-13T15:56:20.014+09:00 DEBUG 10272 --- [Shift Scheduler Demo] [           main] org.hibernate.SQL                        : insert into shift_assignments (employee_id,end_time,shift_name,start_time,work_date) values (?,?,?,?,?)
Hibernate: insert into shift_assignments (employee_id,end_time,shift_name,start_time,work_date) values (?,?,?,?,?)
2025-10-13T15:56:20.014+09:00 DEBUG 10272 --- [Shift Scheduler Demo] [           main] org.hibernate.SQL                        : select last_insert_rowid()
Hibernate: select last_insert_rowid()
2025-10-13T15:56:20.014+09:00 DEBUG 10272 --- [Shift Scheduler Demo] [           main] org.hibernate.SQL                        : insert into shift_assignments (employee_id,end_time,shift_name,start_time,work_date) values (?,?,?,?,?)
Hibernate: insert into shift_assignments (employee_id,end_time,shift_name,start_time,work_date) values (?,?,?,?,?)
2025-10-13T15:56:20.015+09:00 DEBUG 10272 --- [Shift Scheduler Demo] [           main] org.hibernate.SQL                        : select last_insert_rowid()
Hibernate: select last_insert_rowid()
2025-10-13T15:56:20.015+09:00 DEBUG 10272 --- [Shift Scheduler Demo] [           main] org.hibernate.SQL                        : insert into shift_assignments (employee_id,end_time,shift_name,start_time,work_date) values (?,?,?,?,?)
Hibernate: insert into shift_assignments (employee_id,end_time,shift_name,start_time,work_date) values (?,?,?,?,?)
2025-10-13T15:56:20.015+09:00 DEBUG 10272 --- [Shift Scheduler Demo] [           main] org.hibernate.SQL                        : select last_insert_rowid()
Hibernate: select last_insert_rowid()
2025-10-13T15:56:20.015+09:00 DEBUG 10272 --- [Shift Scheduler Demo] [           main] org.hibernate.SQL                        : insert into shift_assignments (employee_id,end_time,shift_name,start_time,work_date) values (?,?,?,?,?)
Hibernate: insert into shift_assignments (employee_id,end_time,shift_name,start_time,work_date) values (?,?,?,?,?)
2025-10-13T15:56:20.016+09:00 DEBUG 10272 --- [Shift Scheduler Demo] [           main] org.hibernate.SQL                        : select last_insert_rowid()
Hibernate: select last_insert_rowid()
2025-10-13T15:56:20.016+09:00 DEBUG 10272 --- [Shift Scheduler Demo] [           main] org.hibernate.SQL                        : insert into shift_assignments (employee_id,end_time,shift_name,start_time,work_date) values (?,?,?,?,?)
Hibernate: insert into shift_assignments (employee_id,end_time,shift_name,start_time,work_date) values (?,?,?,?,?)
2025-10-13T15:56:20.016+09:00 DEBUG 10272 --- [Shift Scheduler Demo] [           main] org.hibernate.SQL                        : select last_insert_rowid()
Hibernate: select last_insert_rowid()
2025-10-13T15:56:20.016+09:00 DEBUG 10272 --- [Shift Scheduler Demo] [           main] org.hibernate.SQL                        : insert into shift_assignments (employee_id,end_time,shift_name,start_time,work_date) values (?,?,?,?,?)
Hibernate: insert into shift_assignments (employee_id,end_time,shift_name,start_time,work_date) values (?,?,?,?,?)
2025-10-13T15:56:20.017+09:00 DEBUG 10272 --- [Shift Scheduler Demo] [           main] org.hibernate.SQL                        : select last_insert_rowid()
Hibernate: select last_insert_rowid()
2025-10-13T15:56:20.017+09:00 DEBUG 10272 --- [Shift Scheduler Demo] [           main] org.hibernate.SQL                        : insert into shift_assignments (employee_id,end_time,shift_name,start_time,work_date) values (?,?,?,?,?)
Hibernate: insert into shift_assignments (employee_id,end_time,shift_name,start_time,work_date) values (?,?,?,?,?)
2025-10-13T15:56:20.017+09:00 DEBUG 10272 --- [Shift Scheduler Demo] [           main] org.hibernate.SQL                        : select last_insert_rowid()
Hibernate: select last_insert_rowid()
2025-10-13T15:56:20.017+09:00 DEBUG 10272 --- [Shift Scheduler Demo] [           main] org.hibernate.SQL                        : insert into shift_assignments (employee_id,end_time,shift_name,start_time,work_date) values (?,?,?,?,?)
Hibernate: insert into shift_assignments (employee_id,end_time,shift_name,start_time,work_date) values (?,?,?,?,?)
2025-10-13T15:56:20.018+09:00 DEBUG 10272 --- [Shift Scheduler Demo] [           main] org.hibernate.SQL                        : select last_insert_rowid()
Hibernate: select last_insert_rowid()
2025-10-13T15:56:20.018+09:00 DEBUG 10272 --- [Shift Scheduler Demo] [           main] org.hibernate.SQL                        : insert into shift_assignments (employee_id,end_time,shift_name,start_time,work_date) values (?,?,?,?,?)
Hibernate: insert into shift_assignments (employee_id,end_time,shift_name,start_time,work_date) values (?,?,?,?,?)
2025-10-13T15:56:20.018+09:00 DEBUG 10272 --- [Shift Scheduler Demo] [           main] org.hibernate.SQL                        : select last_insert_rowid()
Hibernate: select last_insert_rowid()
2025-10-13T15:56:20.018+09:00 DEBUG 10272 --- [Shift Scheduler Demo] [           main] org.hibernate.SQL                        : insert into shift_assignments (employee_id,end_time,shift_name,start_time,work_date) values (?,?,?,?,?)
Hibernate: insert into shift_assignments (employee_id,end_time,shift_name,start_time,work_date) values (?,?,?,?,?)
2025-10-13T15:56:20.019+09:00 DEBUG 10272 --- [Shift Scheduler Demo] [           main] org.hibernate.SQL                        : select last_insert_rowid()
Hibernate: select last_insert_rowid()
2025-10-13T15:56:20.019+09:00 DEBUG 10272 --- [Shift Scheduler Demo] [           main] org.hibernate.SQL                        : insert into shift_assignments (employee_id,end_time,shift_name,start_time,work_date) values (?,?,?,?,?)
Hibernate: insert into shift_assignments (employee_id,end_time,shift_name,start_time,work_date) values (?,?,?,?,?)
2025-10-13T15:56:20.019+09:00 DEBUG 10272 --- [Shift Scheduler Demo] [           main] org.hibernate.SQL                        : select last_insert_rowid()
Hibernate: select last_insert_rowid()
2025-10-13T15:56:20.020+09:00 DEBUG 10272 --- [Shift Scheduler Demo] [           main] org.hibernate.SQL                        : insert into shift_assignments (employee_id,end_time,shift_name,start_time,work_date) values (?,?,?,?,?)
Hibernate: insert into shift_assignments (employee_id,end_time,shift_name,start_time,work_date) values (?,?,?,?,?)
2025-10-13T15:56:20.020+09:00 DEBUG 10272 --- [Shift Scheduler Demo] [           main] org.hibernate.SQL                        : select last_insert_rowid()
Hibernate: select last_insert_rowid()
2025-10-13T15:56:20.021+09:00 DEBUG 10272 --- [Shift Scheduler Demo] [           main] org.hibernate.SQL                        : insert into shift_assignments (employee_id,end_time,shift_name,start_time,work_date) values (?,?,?,?,?)
Hibernate: insert into shift_assignments (employee_id,end_time,shift_name,start_time,work_date) values (?,?,?,?,?)
2025-10-13T15:56:20.021+09:00 DEBUG 10272 --- [Shift Scheduler Demo] [           main] org.hibernate.SQL                        : select last_insert_rowid()
Hibernate: select last_insert_rowid()
2025-10-13T15:56:20.021+09:00 DEBUG 10272 --- [Shift Scheduler Demo] [           main] org.hibernate.SQL                        : insert into shift_assignments (employee_id,end_time,shift_name,start_time,work_date) values (?,?,?,?,?)
Hibernate: insert into shift_assignments (employee_id,end_time,shift_name,start_time,work_date) values (?,?,?,?,?)
2025-10-13T15:56:20.021+09:00 DEBUG 10272 --- [Shift Scheduler Demo] [           main] org.hibernate.SQL                        : select last_insert_rowid()
Hibernate: select last_insert_rowid()
2025-10-13T15:56:20.022+09:00 DEBUG 10272 --- [Shift Scheduler Demo] [           main] org.hibernate.SQL                        : insert into shift_assignments (employee_id,end_time,shift_name,start_time,work_date) values (?,?,?,?,?)
Hibernate: insert into shift_assignments (employee_id,end_time,shift_name,start_time,work_date) values (?,?,?,?,?)
2025-10-13T15:56:20.022+09:00 DEBUG 10272 --- [Shift Scheduler Demo] [           main] org.hibernate.SQL                        : select last_insert_rowid()
Hibernate: select last_insert_rowid()
2025-10-13T15:56:20.022+09:00 DEBUG 10272 --- [Shift Scheduler Demo] [           main] org.hibernate.SQL                        : insert into shift_assignments (employee_id,end_time,shift_name,start_time,work_date) values (?,?,?,?,?)
Hibernate: insert into shift_assignments (employee_id,end_time,shift_name,start_time,work_date) values (?,?,?,?,?)
2025-10-13T15:56:20.023+09:00 DEBUG 10272 --- [Shift Scheduler Demo] [           main] org.hibernate.SQL                        : select last_insert_rowid()
Hibernate: select last_insert_rowid()
2025-10-13T15:56:20.023+09:00 DEBUG 10272 --- [Shift Scheduler Demo] [           main] org.hibernate.SQL                        : insert into shift_assignments (employee_id,end_time,shift_name,start_time,work_date) values (?,?,?,?,?)
Hibernate: insert into shift_assignments (employee_id,end_time,shift_name,start_time,work_date) values (?,?,?,?,?)
2025-10-13T15:56:20.023+09:00 DEBUG 10272 --- [Shift Scheduler Demo] [           main] org.hibernate.SQL                        : select last_insert_rowid()
Hibernate: select last_insert_rowid()
2025-10-13T15:56:20.024+09:00 DEBUG 10272 --- [Shift Scheduler Demo] [           main] org.hibernate.SQL                        : insert into shift_assignments (employee_id,end_time,shift_name,start_time,work_date) values (?,?,?,?,?)
Hibernate: insert into shift_assignments (employee_id,end_time,shift_name,start_time,work_date) values (?,?,?,?,?)
2025-10-13T15:56:20.024+09:00 DEBUG 10272 --- [Shift Scheduler Demo] [           main] org.hibernate.SQL                        : select last_insert_rowid()
Hibernate: select last_insert_rowid()
2025-10-13T15:56:20.024+09:00 DEBUG 10272 --- [Shift Scheduler Demo] [           main] org.hibernate.SQL                        : insert into shift_assignments (employee_id,end_time,shift_name,start_time,work_date) values (?,?,?,?,?)
Hibernate: insert into shift_assignments (employee_id,end_time,shift_name,start_time,work_date) values (?,?,?,?,?)
2025-10-13T15:56:20.025+09:00 DEBUG 10272 --- [Shift Scheduler Demo] [           main] org.hibernate.SQL                        : select last_insert_rowid()
Hibernate: select last_insert_rowid()
2025-10-13T15:56:20.025+09:00 DEBUG 10272 --- [Shift Scheduler Demo] [           main] org.hibernate.SQL                        : insert into shift_assignments (employee_id,end_time,shift_name,start_time,work_date) values (?,?,?,?,?)
Hibernate: insert into shift_assignments (employee_id,end_time,shift_name,start_time,work_date) values (?,?,?,?,?)
2025-10-13T15:56:20.025+09:00 DEBUG 10272 --- [Shift Scheduler Demo] [           main] org.hibernate.SQL                        : select last_insert_rowid()
Hibernate: select last_insert_rowid()
2025-10-13T15:56:20.025+09:00 DEBUG 10272 --- [Shift Scheduler Demo] [           main] org.hibernate.SQL                        : insert into shift_assignments (employee_id,end_time,shift_name,start_time,work_date) values (?,?,?,?,?)
Hibernate: insert into shift_assignments (employee_id,end_time,shift_name,start_time,work_date) values (?,?,?,?,?)
2025-10-13T15:56:20.026+09:00 DEBUG 10272 --- [Shift Scheduler Demo] [           main] org.hibernate.SQL                        : select last_insert_rowid()
Hibernate: select last_insert_rowid()
2025-10-13T15:56:20.026+09:00 DEBUG 10272 --- [Shift Scheduler Demo] [           main] org.hibernate.SQL                        : insert into shift_assignments (employee_id,end_time,shift_name,start_time,work_date) values (?,?,?,?,?)
Hibernate: insert into shift_assignments (employee_id,end_time,shift_name,start_time,work_date) values (?,?,?,?,?)
2025-10-13T15:56:20.026+09:00 DEBUG 10272 --- [Shift Scheduler Demo] [           main] org.hibernate.SQL                        : select last_insert_rowid()
Hibernate: select last_insert_rowid()
2025-10-13T15:56:20.026+09:00 DEBUG 10272 --- [Shift Scheduler Demo] [           main] org.hibernate.SQL                        : insert into shift_assignments (employee_id,end_time,shift_name,start_time,work_date) values (?,?,?,?,?)
Hibernate: insert into shift_assignments (employee_id,end_time,shift_name,start_time,work_date) values (?,?,?,?,?)
2025-10-13T15:56:20.027+09:00 DEBUG 10272 --- [Shift Scheduler Demo] [           main] org.hibernate.SQL                        : select last_insert_rowid()
Hibernate: select last_insert_rowid()
2025-10-13T15:56:20.027+09:00 DEBUG 10272 --- [Shift Scheduler Demo] [           main] org.hibernate.SQL                        : insert into shift_assignments (employee_id,end_time,shift_name,start_time,work_date) values (?,?,?,?,?)
Hibernate: insert into shift_assignments (employee_id,end_time,shift_name,start_time,work_date) values (?,?,?,?,?)
2025-10-13T15:56:20.027+09:00 DEBUG 10272 --- [Shift Scheduler Demo] [           main] org.hibernate.SQL                        : select last_insert_rowid()
Hibernate: select last_insert_rowid()
2025-10-13T15:56:20.028+09:00 DEBUG 10272 --- [Shift Scheduler Demo] [           main] org.hibernate.SQL                        : insert into shift_assignments (employee_id,end_time,shift_name,start_time,work_date) values (?,?,?,?,?)
Hibernate: insert into shift_assignments (employee_id,end_time,shift_name,start_time,work_date) values (?,?,?,?,?)
2025-10-13T15:56:20.028+09:00 DEBUG 10272 --- [Shift Scheduler Demo] [           main] org.hibernate.SQL                        : select last_insert_rowid()
Hibernate: select last_insert_rowid()
2025-10-13T15:56:20.028+09:00 DEBUG 10272 --- [Shift Scheduler Demo] [           main] org.hibernate.SQL                        : insert into shift_assignments (employee_id,end_time,shift_name,start_time,work_date) values (?,?,?,?,?)
Hibernate: insert into shift_assignments (employee_id,end_time,shift_name,start_time,work_date) values (?,?,?,?,?)
2025-10-13T15:56:20.028+09:00 DEBUG 10272 --- [Shift Scheduler Demo] [           main] org.hibernate.SQL                        : select last_insert_rowid()
Hibernate: select last_insert_rowid()
2025-10-13T15:56:20.029+09:00 DEBUG 10272 --- [Shift Scheduler Demo] [           main] org.hibernate.SQL                        : insert into shift_assignments (employee_id,end_time,shift_name,start_time,work_date) values (?,?,?,?,?)
Hibernate: insert into shift_assignments (employee_id,end_time,shift_name,start_time,work_date) values (?,?,?,?,?)
2025-10-13T15:56:20.029+09:00 DEBUG 10272 --- [Shift Scheduler Demo] [           main] org.hibernate.SQL                        : select last_insert_rowid()
Hibernate: select last_insert_rowid()
2025-10-13T15:56:20.029+09:00 DEBUG 10272 --- [Shift Scheduler Demo] [           main] org.hibernate.SQL                        : insert into shift_assignments (employee_id,end_time,shift_name,start_time,work_date) values (?,?,?,?,?)
Hibernate: insert into shift_assignments (employee_id,end_time,shift_name,start_time,work_date) values (?,?,?,?,?)
2025-10-13T15:56:20.029+09:00 DEBUG 10272 --- [Shift Scheduler Demo] [           main] org.hibernate.SQL                        : select last_insert_rowid()
Hibernate: select last_insert_rowid()
2025-10-13T15:56:20.030+09:00 DEBUG 10272 --- [Shift Scheduler Demo] [           main] org.hibernate.SQL                        : insert into shift_assignments (employee_id,end_time,shift_name,start_time,work_date) values (?,?,?,?,?)
Hibernate: insert into shift_assignments (employee_id,end_time,shift_name,start_time,work_date) values (?,?,?,?,?)
2025-10-13T15:56:20.030+09:00 DEBUG 10272 --- [Shift Scheduler Demo] [           main] org.hibernate.SQL                        : select last_insert_rowid()
Hibernate: select last_insert_rowid()
2025-10-13T15:56:20.030+09:00 DEBUG 10272 --- [Shift Scheduler Demo] [           main] org.hibernate.SQL                        : insert into shift_assignments (employee_id,end_time,shift_name,start_time,work_date) values (?,?,?,?,?)
Hibernate: insert into shift_assignments (employee_id,end_time,shift_name,start_time,work_date) values (?,?,?,?,?)
2025-10-13T15:56:20.030+09:00 DEBUG 10272 --- [Shift Scheduler Demo] [           main] org.hibernate.SQL                        : select last_insert_rowid()
Hibernate: select last_insert_rowid()
2025-10-13T15:56:20.031+09:00 DEBUG 10272 --- [Shift Scheduler Demo] [           main] org.hibernate.SQL                        : insert into shift_assignments (employee_id,end_time,shift_name,start_time,work_date) values (?,?,?,?,?)
Hibernate: insert into shift_assignments (employee_id,end_time,shift_name,start_time,work_date) values (?,?,?,?,?)
2025-10-13T15:56:20.031+09:00 DEBUG 10272 --- [Shift Scheduler Demo] [           main] org.hibernate.SQL                        : select last_insert_rowid()
Hibernate: select last_insert_rowid()
2025-10-13T15:56:20.031+09:00 DEBUG 10272 --- [Shift Scheduler Demo] [           main] org.hibernate.SQL                        : insert into shift_assignments (employee_id,end_time,shift_name,start_time,work_date) values (?,?,?,?,?)
Hibernate: insert into shift_assignments (employee_id,end_time,shift_name,start_time,work_date) values (?,?,?,?,?)
2025-10-13T15:56:20.031+09:00 DEBUG 10272 --- [Shift Scheduler Demo] [           main] org.hibernate.SQL                        : select last_insert_rowid()
Hibernate: select last_insert_rowid()
2025-10-13T15:56:20.032+09:00 DEBUG 10272 --- [Shift Scheduler Demo] [           main] org.hibernate.SQL                        : insert into shift_assignments (employee_id,end_time,shift_name,start_time,work_date) values (?,?,?,?,?)
Hibernate: insert into shift_assignments (employee_id,end_time,shift_name,start_time,work_date) values (?,?,?,?,?)
2025-10-13T15:56:20.032+09:00 DEBUG 10272 --- [Shift Scheduler Demo] [           main] org.hibernate.SQL                        : select last_insert_rowid()
Hibernate: select last_insert_rowid()
2025-10-13T15:56:20.032+09:00 DEBUG 10272 --- [Shift Scheduler Demo] [           main] org.hibernate.SQL                        : insert into shift_assignments (employee_id,end_time,shift_name,start_time,work_date) values (?,?,?,?,?)
Hibernate: insert into shift_assignments (employee_id,end_time,shift_name,start_time,work_date) values (?,?,?,?,?)
2025-10-13T15:56:20.032+09:00 DEBUG 10272 --- [Shift Scheduler Demo] [           main] org.hibernate.SQL                        : select last_insert_rowid()
Hibernate: select last_insert_rowid()
2025-10-13T15:56:20.033+09:00 DEBUG 10272 --- [Shift Scheduler Demo] [           main] org.hibernate.SQL                        : insert into shift_assignments (employee_id,end_time,shift_name,start_time,work_date) values (?,?,?,?,?)
Hibernate: insert into shift_assignments (employee_id,end_time,shift_name,start_time,work_date) values (?,?,?,?,?)
2025-10-13T15:56:20.033+09:00 DEBUG 10272 --- [Shift Scheduler Demo] [           main] org.hibernate.SQL                        : select last_insert_rowid()
Hibernate: select last_insert_rowid()
2025-10-13T15:56:20.033+09:00 DEBUG 10272 --- [Shift Scheduler Demo] [           main] org.hibernate.SQL                        : insert into shift_assignments (employee_id,end_time,shift_name,start_time,work_date) values (?,?,?,?,?)
Hibernate: insert into shift_assignments (employee_id,end_time,shift_name,start_time,work_date) values (?,?,?,?,?)
2025-10-13T15:56:20.033+09:00 DEBUG 10272 --- [Shift Scheduler Demo] [           main] org.hibernate.SQL                        : select last_insert_rowid()
Hibernate: select last_insert_rowid()
2025-10-13T15:56:20.034+09:00 DEBUG 10272 --- [Shift Scheduler Demo] [           main] org.hibernate.SQL                        : insert into shift_assignments (employee_id,end_time,shift_name,start_time,work_date) values (?,?,?,?,?)
Hibernate: insert into shift_assignments (employee_id,end_time,shift_name,start_time,work_date) values (?,?,?,?,?)
2025-10-13T15:56:20.034+09:00 DEBUG 10272 --- [Shift Scheduler Demo] [           main] org.hibernate.SQL                        : select last_insert_rowid()
Hibernate: select last_insert_rowid()
2025-10-13T15:56:20.034+09:00 DEBUG 10272 --- [Shift Scheduler Demo] [           main] org.hibernate.SQL                        : insert into shift_assignments (employee_id,end_time,shift_name,start_time,work_date) values (?,?,?,?,?)
Hibernate: insert into shift_assignments (employee_id,end_time,shift_name,start_time,work_date) values (?,?,?,?,?)
2025-10-13T15:56:20.034+09:00 DEBUG 10272 --- [Shift Scheduler Demo] [           main] org.hibernate.SQL                        : select last_insert_rowid()
Hibernate: select last_insert_rowid()
2025-10-13T15:56:20.035+09:00 DEBUG 10272 --- [Shift Scheduler Demo] [           main] org.hibernate.SQL                        : insert into shift_assignments (employee_id,end_time,shift_name,start_time,work_date) values (?,?,?,?,?)
Hibernate: insert into shift_assignments (employee_id,end_time,shift_name,start_time,work_date) values (?,?,?,?,?)
2025-10-13T15:56:20.035+09:00 DEBUG 10272 --- [Shift Scheduler Demo] [           main] org.hibernate.SQL                        : select last_insert_rowid()
Hibernate: select last_insert_rowid()
2025-10-13T15:56:20.035+09:00 DEBUG 10272 --- [Shift Scheduler Demo] [           main] org.hibernate.SQL                        : insert into shift_assignments (employee_id,end_time,shift_name,start_time,work_date) values (?,?,?,?,?)
Hibernate: insert into shift_assignments (employee_id,end_time,shift_name,start_time,work_date) values (?,?,?,?,?)
2025-10-13T15:56:20.035+09:00 DEBUG 10272 --- [Shift Scheduler Demo] [           main] org.hibernate.SQL                        : select last_insert_rowid()
Hibernate: select last_insert_rowid()
2025-10-13T15:56:20.035+09:00 DEBUG 10272 --- [Shift Scheduler Demo] [           main] org.hibernate.SQL                        : insert into shift_assignments (employee_id,end_time,shift_name,start_time,work_date) values (?,?,?,?,?)
Hibernate: insert into shift_assignments (employee_id,end_time,shift_name,start_time,work_date) values (?,?,?,?,?)
2025-10-13T15:56:20.036+09:00 DEBUG 10272 --- [Shift Scheduler Demo] [           main] org.hibernate.SQL                        : select last_insert_rowid()
Hibernate: select last_insert_rowid()
2025-10-13T15:56:20.036+09:00 DEBUG 10272 --- [Shift Scheduler Demo] [           main] org.hibernate.SQL                        : insert into shift_assignments (employee_id,end_time,shift_name,start_time,work_date) values (?,?,?,?,?)
Hibernate: insert into shift_assignments (employee_id,end_time,shift_name,start_time,work_date) values (?,?,?,?,?)
2025-10-13T15:56:20.036+09:00 DEBUG 10272 --- [Shift Scheduler Demo] [           main] org.hibernate.SQL                        : select last_insert_rowid()
Hibernate: select last_insert_rowid()
2025-10-13T15:56:20.036+09:00 DEBUG 10272 --- [Shift Scheduler Demo] [           main] org.hibernate.SQL                        : insert into shift_assignments (employee_id,end_time,shift_name,start_time,work_date) values (?,?,?,?,?)
Hibernate: insert into shift_assignments (employee_id,end_time,shift_name,start_time,work_date) values (?,?,?,?,?)
2025-10-13T15:56:20.036+09:00 DEBUG 10272 --- [Shift Scheduler Demo] [           main] org.hibernate.SQL                        : select last_insert_rowid()
Hibernate: select last_insert_rowid()
2025-10-13T15:56:20.037+09:00 DEBUG 10272 --- [Shift Scheduler Demo] [           main] org.hibernate.SQL                        : insert into shift_assignments (employee_id,end_time,shift_name,start_time,work_date) values (?,?,?,?,?)
Hibernate: insert into shift_assignments (employee_id,end_time,shift_name,start_time,work_date) values (?,?,?,?,?)
2025-10-13T15:56:20.037+09:00 DEBUG 10272 --- [Shift Scheduler Demo] [           main] org.hibernate.SQL                        : select last_insert_rowid()
Hibernate: select last_insert_rowid()
2025-10-13T15:56:20.037+09:00 DEBUG 10272 --- [Shift Scheduler Demo] [           main] org.hibernate.SQL                        : insert into shift_assignments (employee_id,end_time,shift_name,start_time,work_date) values (?,?,?,?,?)
Hibernate: insert into shift_assignments (employee_id,end_time,shift_name,start_time,work_date) values (?,?,?,?,?)
2025-10-13T15:56:20.037+09:00 DEBUG 10272 --- [Shift Scheduler Demo] [           main] org.hibernate.SQL                        : select last_insert_rowid()
Hibernate: select last_insert_rowid()
2025-10-13T15:56:20.038+09:00 DEBUG 10272 --- [Shift Scheduler Demo] [           main] org.hibernate.SQL                        : insert into shift_assignments (employee_id,end_time,shift_name,start_time,work_date) values (?,?,?,?,?)
Hibernate: insert into shift_assignments (employee_id,end_time,shift_name,start_time,work_date) values (?,?,?,?,?)
2025-10-13T15:56:20.038+09:00 DEBUG 10272 --- [Shift Scheduler Demo] [           main] org.hibernate.SQL                        : select last_insert_rowid()
Hibernate: select last_insert_rowid()
2025-10-13T15:56:20.038+09:00 DEBUG 10272 --- [Shift Scheduler Demo] [           main] org.hibernate.SQL                        : insert into shift_assignments (employee_id,end_time,shift_name,start_time,work_date) values (?,?,?,?,?)
Hibernate: insert into shift_assignments (employee_id,end_time,shift_name,start_time,work_date) values (?,?,?,?,?)
2025-10-13T15:56:20.038+09:00 DEBUG 10272 --- [Shift Scheduler Demo] [           main] org.hibernate.SQL                        : select last_insert_rowid()
Hibernate: select last_insert_rowid()
2025-10-13T15:56:20.039+09:00 DEBUG 10272 --- [Shift Scheduler Demo] [           main] org.hibernate.SQL                        : insert into shift_assignments (employee_id,end_time,shift_name,start_time,work_date) values (?,?,?,?,?)
Hibernate: insert into shift_assignments (employee_id,end_time,shift_name,start_time,work_date) values (?,?,?,?,?)
2025-10-13T15:56:20.039+09:00 DEBUG 10272 --- [Shift Scheduler Demo] [           main] org.hibernate.SQL                        : select last_insert_rowid()
Hibernate: select last_insert_rowid()
2025-10-13T15:56:20.039+09:00 DEBUG 10272 --- [Shift Scheduler Demo] [           main] org.hibernate.SQL                        : insert into shift_assignments (employee_id,end_time,shift_name,start_time,work_date) values (?,?,?,?,?)
Hibernate: insert into shift_assignments (employee_id,end_time,shift_name,start_time,work_date) values (?,?,?,?,?)
2025-10-13T15:56:20.039+09:00 DEBUG 10272 --- [Shift Scheduler Demo] [           main] org.hibernate.SQL                        : select last_insert_rowid()
Hibernate: select last_insert_rowid()
2025-10-13T15:56:20.040+09:00 DEBUG 10272 --- [Shift Scheduler Demo] [           main] org.hibernate.SQL                        : insert into shift_assignments (employee_id,end_time,shift_name,start_time,work_date) values (?,?,?,?,?)
Hibernate: insert into shift_assignments (employee_id,end_time,shift_name,start_time,work_date) values (?,?,?,?,?)
2025-10-13T15:56:20.040+09:00 DEBUG 10272 --- [Shift Scheduler Demo] [           main] org.hibernate.SQL                        : select last_insert_rowid()
Hibernate: select last_insert_rowid()
2025-10-13T15:56:20.040+09:00 DEBUG 10272 --- [Shift Scheduler Demo] [           main] org.hibernate.SQL                        : insert into shift_assignments (employee_id,end_time,shift_name,start_time,work_date) values (?,?,?,?,?)
Hibernate: insert into shift_assignments (employee_id,end_time,shift_name,start_time,work_date) values (?,?,?,?,?)
2025-10-13T15:56:20.041+09:00 DEBUG 10272 --- [Shift Scheduler Demo] [           main] org.hibernate.SQL                        : select last_insert_rowid()
Hibernate: select last_insert_rowid()
2025-10-13T15:56:20.041+09:00 DEBUG 10272 --- [Shift Scheduler Demo] [           main] org.hibernate.SQL                        : insert into shift_assignments (employee_id,end_time,shift_name,start_time,work_date) values (?,?,?,?,?)
Hibernate: insert into shift_assignments (employee_id,end_time,shift_name,start_time,work_date) values (?,?,?,?,?)
2025-10-13T15:56:20.041+09:00 DEBUG 10272 --- [Shift Scheduler Demo] [           main] org.hibernate.SQL                        : select last_insert_rowid()
Hibernate: select last_insert_rowid()
2025-10-13T15:56:20.041+09:00 DEBUG 10272 --- [Shift Scheduler Demo] [           main] org.hibernate.SQL                        : insert into shift_assignments (employee_id,end_time,shift_name,start_time,work_date) values (?,?,?,?,?)
Hibernate: insert into shift_assignments (employee_id,end_time,shift_name,start_time,work_date) values (?,?,?,?,?)
2025-10-13T15:56:20.041+09:00 DEBUG 10272 --- [Shift Scheduler Demo] [           main] org.hibernate.SQL                        : select last_insert_rowid()
Hibernate: select last_insert_rowid()
2025-10-13T15:56:20.042+09:00 DEBUG 10272 --- [Shift Scheduler Demo] [           main] org.hibernate.SQL                        : insert into shift_assignments (employee_id,end_time,shift_name,start_time,work_date) values (?,?,?,?,?)
Hibernate: insert into shift_assignments (employee_id,end_time,shift_name,start_time,work_date) values (?,?,?,?,?)
2025-10-13T15:56:20.042+09:00 DEBUG 10272 --- [Shift Scheduler Demo] [           main] org.hibernate.SQL                        : select last_insert_rowid()
Hibernate: select last_insert_rowid()
2025-10-13T15:56:20.042+09:00 DEBUG 10272 --- [Shift Scheduler Demo] [           main] org.hibernate.SQL                        : insert into shift_assignments (employee_id,end_time,shift_name,start_time,work_date) values (?,?,?,?,?)
Hibernate: insert into shift_assignments (employee_id,end_time,shift_name,start_time,work_date) values (?,?,?,?,?)
2025-10-13T15:56:20.042+09:00 DEBUG 10272 --- [Shift Scheduler Demo] [           main] org.hibernate.SQL                        : select last_insert_rowid()
Hibernate: select last_insert_rowid()
2025-10-13T15:56:20.042+09:00 DEBUG 10272 --- [Shift Scheduler Demo] [           main] org.hibernate.SQL                        : insert into shift_assignments (employee_id,end_time,shift_name,start_time,work_date) values (?,?,?,?,?)
Hibernate: insert into shift_assignments (employee_id,end_time,shift_name,start_time,work_date) values (?,?,?,?,?)
2025-10-13T15:56:20.043+09:00 DEBUG 10272 --- [Shift Scheduler Demo] [           main] org.hibernate.SQL                        : select last_insert_rowid()
Hibernate: select last_insert_rowid()
2025-10-13T15:56:20.043+09:00 DEBUG 10272 --- [Shift Scheduler Demo] [           main] org.hibernate.SQL                        : insert into shift_assignments (employee_id,end_time,shift_name,start_time,work_date) values (?,?,?,?,?)
Hibernate: insert into shift_assignments (employee_id,end_time,shift_name,start_time,work_date) values (?,?,?,?,?)
2025-10-13T15:56:20.043+09:00 DEBUG 10272 --- [Shift Scheduler Demo] [           main] org.hibernate.SQL                        : select last_insert_rowid()
Hibernate: select last_insert_rowid()
2025-10-13T15:56:20.044+09:00 DEBUG 10272 --- [Shift Scheduler Demo] [           main] org.hibernate.SQL                        : insert into shift_assignments (employee_id,end_time,shift_name,start_time,work_date) values (?,?,?,?,?)
Hibernate: insert into shift_assignments (employee_id,end_time,shift_name,start_time,work_date) values (?,?,?,?,?)
2025-10-13T15:56:20.044+09:00 DEBUG 10272 --- [Shift Scheduler Demo] [           main] org.hibernate.SQL                        : select last_insert_rowid()
Hibernate: select last_insert_rowid()
2025-10-13T15:56:20.044+09:00 DEBUG 10272 --- [Shift Scheduler Demo] [           main] org.hibernate.SQL                        : insert into shift_assignments (employee_id,end_time,shift_name,start_time,work_date) values (?,?,?,?,?)
Hibernate: insert into shift_assignments (employee_id,end_time,shift_name,start_time,work_date) values (?,?,?,?,?)
2025-10-13T15:56:20.044+09:00 DEBUG 10272 --- [Shift Scheduler Demo] [           main] org.hibernate.SQL                        : select last_insert_rowid()
Hibernate: select last_insert_rowid()
2025-10-13T15:56:20.045+09:00 DEBUG 10272 --- [Shift Scheduler Demo] [           main] org.hibernate.SQL                        : insert into shift_assignments (employee_id,end_time,shift_name,start_time,work_date) values (?,?,?,?,?)
Hibernate: insert into shift_assignments (employee_id,end_time,shift_name,start_time,work_date) values (?,?,?,?,?)
2025-10-13T15:56:20.045+09:00 DEBUG 10272 --- [Shift Scheduler Demo] [           main] org.hibernate.SQL                        : select last_insert_rowid()
Hibernate: select last_insert_rowid()
2025-10-13T15:56:20.045+09:00 DEBUG 10272 --- [Shift Scheduler Demo] [           main] org.hibernate.SQL                        : insert into shift_assignments (employee_id,end_time,shift_name,start_time,work_date) values (?,?,?,?,?)
Hibernate: insert into shift_assignments (employee_id,end_time,shift_name,start_time,work_date) values (?,?,?,?,?)
2025-10-13T15:56:20.045+09:00 DEBUG 10272 --- [Shift Scheduler Demo] [           main] org.hibernate.SQL                        : select last_insert_rowid()
Hibernate: select last_insert_rowid()
2025-10-13T15:56:20.046+09:00 DEBUG 10272 --- [Shift Scheduler Demo] [           main] org.hibernate.SQL                        : insert into shift_assignments (employee_id,end_time,shift_name,start_time,work_date) values (?,?,?,?,?)
Hibernate: insert into shift_assignments (employee_id,end_time,shift_name,start_time,work_date) values (?,?,?,?,?)
2025-10-13T15:56:20.046+09:00 DEBUG 10272 --- [Shift Scheduler Demo] [           main] org.hibernate.SQL                        : select last_insert_rowid()
Hibernate: select last_insert_rowid()
2025-10-13T15:56:20.046+09:00 DEBUG 10272 --- [Shift Scheduler Demo] [           main] org.hibernate.SQL                        : insert into shift_assignments (employee_id,end_time,shift_name,start_time,work_date) values (?,?,?,?,?)
Hibernate: insert into shift_assignments (employee_id,end_time,shift_name,start_time,work_date) values (?,?,?,?,?)
2025-10-13T15:56:20.046+09:00 DEBUG 10272 --- [Shift Scheduler Demo] [           main] org.hibernate.SQL                        : select last_insert_rowid()
Hibernate: select last_insert_rowid()
2025-10-13T15:56:20.047+09:00 DEBUG 10272 --- [Shift Scheduler Demo] [           main] org.hibernate.SQL                        : insert into shift_assignments (employee_id,end_time,shift_name,start_time,work_date) values (?,?,?,?,?)
Hibernate: insert into shift_assignments (employee_id,end_time,shift_name,start_time,work_date) values (?,?,?,?,?)
2025-10-13T15:56:20.047+09:00 DEBUG 10272 --- [Shift Scheduler Demo] [           main] org.hibernate.SQL                        : select last_insert_rowid()
Hibernate: select last_insert_rowid()
2025-10-13T15:56:20.047+09:00 DEBUG 10272 --- [Shift Scheduler Demo] [           main] org.hibernate.SQL                        : insert into shift_assignments (employee_id,end_time,shift_name,start_time,work_date) values (?,?,?,?,?)
Hibernate: insert into shift_assignments (employee_id,end_time,shift_name,start_time,work_date) values (?,?,?,?,?)
2025-10-13T15:56:20.047+09:00 DEBUG 10272 --- [Shift Scheduler Demo] [           main] org.hibernate.SQL                        : select last_insert_rowid()
Hibernate: select last_insert_rowid()
2025-10-13T15:56:20.047+09:00 DEBUG 10272 --- [Shift Scheduler Demo] [           main] org.hibernate.SQL                        : insert into shift_assignments (employee_id,end_time,shift_name,start_time,work_date) values (?,?,?,?,?)
Hibernate: insert into shift_assignments (employee_id,end_time,shift_name,start_time,work_date) values (?,?,?,?,?)
2025-10-13T15:56:20.047+09:00 DEBUG 10272 --- [Shift Scheduler Demo] [           main] org.hibernate.SQL                        : select last_insert_rowid()
Hibernate: select last_insert_rowid()
2025-10-13T15:56:20.048+09:00 DEBUG 10272 --- [Shift Scheduler Demo] [           main] org.hibernate.SQL                        : insert into shift_assignments (employee_id,end_time,shift_name,start_time,work_date) values (?,?,?,?,?)
Hibernate: insert into shift_assignments (employee_id,end_time,shift_name,start_time,work_date) values (?,?,?,?,?)
2025-10-13T15:56:20.048+09:00 DEBUG 10272 --- [Shift Scheduler Demo] [           main] org.hibernate.SQL                        : select last_insert_rowid()
Hibernate: select last_insert_rowid()
2025-10-13T15:56:20.048+09:00 DEBUG 10272 --- [Shift Scheduler Demo] [           main] org.hibernate.SQL                        : insert into shift_assignments (employee_id,end_time,shift_name,start_time,work_date) values (?,?,?,?,?)
Hibernate: insert into shift_assignments (employee_id,end_time,shift_name,start_time,work_date) values (?,?,?,?,?)
2025-10-13T15:56:20.048+09:00 DEBUG 10272 --- [Shift Scheduler Demo] [           main] org.hibernate.SQL                        : select last_insert_rowid()
Hibernate: select last_insert_rowid()
2025-10-13T15:56:20.048+09:00 DEBUG 10272 --- [Shift Scheduler Demo] [           main] org.hibernate.SQL                        : insert into shift_assignments (employee_id,end_time,shift_name,start_time,work_date) values (?,?,?,?,?)
Hibernate: insert into shift_assignments (employee_id,end_time,shift_name,start_time,work_date) values (?,?,?,?,?)
2025-10-13T15:56:20.048+09:00 DEBUG 10272 --- [Shift Scheduler Demo] [           main] org.hibernate.SQL                        : select last_insert_rowid()
Hibernate: select last_insert_rowid()
2025-10-13T15:56:20.049+09:00 DEBUG 10272 --- [Shift Scheduler Demo] [           main] org.hibernate.SQL                        : insert into shift_assignments (employee_id,end_time,shift_name,start_time,work_date) values (?,?,?,?,?)
Hibernate: insert into shift_assignments (employee_id,end_time,shift_name,start_time,work_date) values (?,?,?,?,?)
2025-10-13T15:56:20.049+09:00 DEBUG 10272 --- [Shift Scheduler Demo] [           main] org.hibernate.SQL                        : select last_insert_rowid()
Hibernate: select last_insert_rowid()
2025-10-13T15:56:20.049+09:00 DEBUG 10272 --- [Shift Scheduler Demo] [           main] org.hibernate.SQL                        : insert into shift_assignments (employee_id,end_time,shift_name,start_time,work_date) values (?,?,?,?,?)
Hibernate: insert into shift_assignments (employee_id,end_time,shift_name,start_time,work_date) values (?,?,?,?,?)
2025-10-13T15:56:20.049+09:00 DEBUG 10272 --- [Shift Scheduler Demo] [           main] org.hibernate.SQL                        : select last_insert_rowid()
Hibernate: select last_insert_rowid()
2025-10-13T15:56:20.049+09:00 DEBUG 10272 --- [Shift Scheduler Demo] [           main] org.hibernate.SQL                        : insert into shift_assignments (employee_id,end_time,shift_name,start_time,work_date) values (?,?,?,?,?)
Hibernate: insert into shift_assignments (employee_id,end_time,shift_name,start_time,work_date) values (?,?,?,?,?)
2025-10-13T15:56:20.049+09:00 DEBUG 10272 --- [Shift Scheduler Demo] [           main] org.hibernate.SQL                        : select last_insert_rowid()
Hibernate: select last_insert_rowid()
2025-10-13T15:56:20.049+09:00 DEBUG 10272 --- [Shift Scheduler Demo] [           main] org.hibernate.SQL                        : insert into shift_assignments (employee_id,end_time,shift_name,start_time,work_date) values (?,?,?,?,?)
Hibernate: insert into shift_assignments (employee_id,end_time,shift_name,start_time,work_date) values (?,?,?,?,?)
2025-10-13T15:56:20.050+09:00 DEBUG 10272 --- [Shift Scheduler Demo] [           main] org.hibernate.SQL                        : select last_insert_rowid()
Hibernate: select last_insert_rowid()
2025-10-13T15:56:20.050+09:00 DEBUG 10272 --- [Shift Scheduler Demo] [           main] org.hibernate.SQL                        : insert into shift_assignments (employee_id,end_time,shift_name,start_time,work_date) values (?,?,?,?,?)
Hibernate: insert into shift_assignments (employee_id,end_time,shift_name,start_time,work_date) values (?,?,?,?,?)
2025-10-13T15:56:20.050+09:00 DEBUG 10272 --- [Shift Scheduler Demo] [           main] org.hibernate.SQL                        : select last_insert_rowid()
Hibernate: select last_insert_rowid()
2025-10-13T15:56:20.050+09:00 DEBUG 10272 --- [Shift Scheduler Demo] [           main] org.hibernate.SQL                        : insert into shift_assignments (employee_id,end_time,shift_name,start_time,work_date) values (?,?,?,?,?)
Hibernate: insert into shift_assignments (employee_id,end_time,shift_name,start_time,work_date) values (?,?,?,?,?)
2025-10-13T15:56:20.050+09:00 DEBUG 10272 --- [Shift Scheduler Demo] [           main] org.hibernate.SQL                        : select last_insert_rowid()
Hibernate: select last_insert_rowid()
2025-10-13T15:56:20.051+09:00 DEBUG 10272 --- [Shift Scheduler Demo] [           main] org.hibernate.SQL                        : insert into shift_assignments (employee_id,end_time,shift_name,start_time,work_date) values (?,?,?,?,?)
Hibernate: insert into shift_assignments (employee_id,end_time,shift_name,start_time,work_date) values (?,?,?,?,?)
2025-10-13T15:56:20.051+09:00 DEBUG 10272 --- [Shift Scheduler Demo] [           main] org.hibernate.SQL                        : select last_insert_rowid()
Hibernate: select last_insert_rowid()
2025-10-13T15:56:20.051+09:00 DEBUG 10272 --- [Shift Scheduler Demo] [           main] org.hibernate.SQL                        : insert into shift_assignments (employee_id,end_time,shift_name,start_time,work_date) values (?,?,?,?,?)
Hibernate: insert into shift_assignments (employee_id,end_time,shift_name,start_time,work_date) values (?,?,?,?,?)
2025-10-13T15:56:20.052+09:00 DEBUG 10272 --- [Shift Scheduler Demo] [           main] org.hibernate.SQL                        : select last_insert_rowid()
Hibernate: select last_insert_rowid()
2025-10-13T15:56:20.053+09:00 DEBUG 10272 --- [Shift Scheduler Demo] [           main] org.hibernate.SQL                        : insert into shift_assignments (employee_id,end_time,shift_name,start_time,work_date) values (?,?,?,?,?)
Hibernate: insert into shift_assignments (employee_id,end_time,shift_name,start_time,work_date) values (?,?,?,?,?)
2025-10-13T15:56:20.053+09:00 DEBUG 10272 --- [Shift Scheduler Demo] [           main] org.hibernate.SQL                        : select last_insert_rowid()
Hibernate: select last_insert_rowid()
2025-10-13T15:56:20.053+09:00 DEBUG 10272 --- [Shift Scheduler Demo] [           main] org.hibernate.SQL                        : insert into shift_assignments (employee_id,end_time,shift_name,start_time,work_date) values (?,?,?,?,?)
Hibernate: insert into shift_assignments (employee_id,end_time,shift_name,start_time,work_date) values (?,?,?,?,?)
2025-10-13T15:56:20.054+09:00 DEBUG 10272 --- [Shift Scheduler Demo] [           main] org.hibernate.SQL                        : select last_insert_rowid()
Hibernate: select last_insert_rowid()
2025-10-13T15:56:20.054+09:00 DEBUG 10272 --- [Shift Scheduler Demo] [           main] org.hibernate.SQL                        : insert into shift_assignments (employee_id,end_time,shift_name,start_time,work_date) values (?,?,?,?,?)
Hibernate: insert into shift_assignments (employee_id,end_time,shift_name,start_time,work_date) values (?,?,?,?,?)
2025-10-13T15:56:20.054+09:00 DEBUG 10272 --- [Shift Scheduler Demo] [           main] org.hibernate.SQL                        : select last_insert_rowid()
Hibernate: select last_insert_rowid()
2025-10-13T15:56:20.055+09:00 DEBUG 10272 --- [Shift Scheduler Demo] [           main] org.hibernate.SQL                        : insert into shift_assignments (employee_id,end_time,shift_name,start_time,work_date) values (?,?,?,?,?)
Hibernate: insert into shift_assignments (employee_id,end_time,shift_name,start_time,work_date) values (?,?,?,?,?)
2025-10-13T15:56:20.055+09:00 DEBUG 10272 --- [Shift Scheduler Demo] [           main] org.hibernate.SQL                        : select last_insert_rowid()
Hibernate: select last_insert_rowid()
2025-10-13T15:56:20.055+09:00 DEBUG 10272 --- [Shift Scheduler Demo] [           main] org.hibernate.SQL                        : insert into shift_assignments (employee_id,end_time,shift_name,start_time,work_date) values (?,?,?,?,?)
Hibernate: insert into shift_assignments (employee_id,end_time,shift_name,start_time,work_date) values (?,?,?,?,?)
2025-10-13T15:56:20.055+09:00 DEBUG 10272 --- [Shift Scheduler Demo] [           main] org.hibernate.SQL                        : select last_insert_rowid()
Hibernate: select last_insert_rowid()
2025-10-13T15:56:20.056+09:00 DEBUG 10272 --- [Shift Scheduler Demo] [           main] org.hibernate.SQL                        : insert into shift_assignments (employee_id,end_time,shift_name,start_time,work_date) values (?,?,?,?,?)
Hibernate: insert into shift_assignments (employee_id,end_time,shift_name,start_time,work_date) values (?,?,?,?,?)
2025-10-13T15:56:20.056+09:00 DEBUG 10272 --- [Shift Scheduler Demo] [           main] org.hibernate.SQL                        : select last_insert_rowid()
Hibernate: select last_insert_rowid()
2025-10-13T15:56:20.056+09:00 DEBUG 10272 --- [Shift Scheduler Demo] [           main] org.hibernate.SQL                        : insert into shift_assignments (employee_id,end_time,shift_name,start_time,work_date) values (?,?,?,?,?)
Hibernate: insert into shift_assignments (employee_id,end_time,shift_name,start_time,work_date) values (?,?,?,?,?)
2025-10-13T15:56:20.056+09:00 DEBUG 10272 --- [Shift Scheduler Demo] [           main] org.hibernate.SQL                        : select last_insert_rowid()
Hibernate: select last_insert_rowid()
2025-10-13T15:56:20.056+09:00 DEBUG 10272 --- [Shift Scheduler Demo] [           main] org.hibernate.SQL                        : insert into shift_assignments (employee_id,end_time,shift_name,start_time,work_date) values (?,?,?,?,?)
Hibernate: insert into shift_assignments (employee_id,end_time,shift_name,start_time,work_date) values (?,?,?,?,?)
2025-10-13T15:56:20.057+09:00 DEBUG 10272 --- [Shift Scheduler Demo] [           main] org.hibernate.SQL                        : select last_insert_rowid()
Hibernate: select last_insert_rowid()
2025-10-13T15:56:20.057+09:00 DEBUG 10272 --- [Shift Scheduler Demo] [           main] org.hibernate.SQL                        : insert into shift_assignments (employee_id,end_time,shift_name,start_time,work_date) values (?,?,?,?,?)
Hibernate: insert into shift_assignments (employee_id,end_time,shift_name,start_time,work_date) values (?,?,?,?,?)
2025-10-13T15:56:20.057+09:00 DEBUG 10272 --- [Shift Scheduler Demo] [           main] org.hibernate.SQL                        : select last_insert_rowid()
Hibernate: select last_insert_rowid()
2025-10-13T15:56:20.057+09:00 DEBUG 10272 --- [Shift Scheduler Demo] [           main] org.hibernate.SQL                        : insert into shift_assignments (employee_id,end_time,shift_name,start_time,work_date) values (?,?,?,?,?)
Hibernate: insert into shift_assignments (employee_id,end_time,shift_name,start_time,work_date) values (?,?,?,?,?)
2025-10-13T15:56:20.057+09:00 DEBUG 10272 --- [Shift Scheduler Demo] [           main] org.hibernate.SQL                        : select last_insert_rowid()
Hibernate: select last_insert_rowid()
2025-10-13T15:56:20.058+09:00 DEBUG 10272 --- [Shift Scheduler Demo] [           main] org.hibernate.SQL                        : insert into shift_assignments (employee_id,end_time,shift_name,start_time,work_date) values (?,?,?,?,?)
Hibernate: insert into shift_assignments (employee_id,end_time,shift_name,start_time,work_date) values (?,?,?,?,?)
2025-10-13T15:56:20.058+09:00 DEBUG 10272 --- [Shift Scheduler Demo] [           main] org.hibernate.SQL                        : select last_insert_rowid()
Hibernate: select last_insert_rowid()
2025-10-13T15:56:20.058+09:00 DEBUG 10272 --- [Shift Scheduler Demo] [           main] org.hibernate.SQL                        : insert into shift_assignments (employee_id,end_time,shift_name,start_time,work_date) values (?,?,?,?,?)
Hibernate: insert into shift_assignments (employee_id,end_time,shift_name,start_time,work_date) values (?,?,?,?,?)
2025-10-13T15:56:20.058+09:00 DEBUG 10272 --- [Shift Scheduler Demo] [           main] org.hibernate.SQL                        : select last_insert_rowid()
Hibernate: select last_insert_rowid()
2025-10-13T15:56:20.058+09:00 DEBUG 10272 --- [Shift Scheduler Demo] [           main] org.hibernate.SQL                        : insert into shift_assignments (employee_id,end_time,shift_name,start_time,work_date) values (?,?,?,?,?)
Hibernate: insert into shift_assignments (employee_id,end_time,shift_name,start_time,work_date) values (?,?,?,?,?)
2025-10-13T15:56:20.059+09:00 DEBUG 10272 --- [Shift Scheduler Demo] [           main] org.hibernate.SQL                        : select last_insert_rowid()
Hibernate: select last_insert_rowid()
2025-10-13T15:56:20.059+09:00 DEBUG 10272 --- [Shift Scheduler Demo] [           main] org.hibernate.SQL                        : insert into shift_assignments (employee_id,end_time,shift_name,start_time,work_date) values (?,?,?,?,?)
Hibernate: insert into shift_assignments (employee_id,end_time,shift_name,start_time,work_date) values (?,?,?,?,?)
2025-10-13T15:56:20.059+09:00 DEBUG 10272 --- [Shift Scheduler Demo] [           main] org.hibernate.SQL                        : select last_insert_rowid()
Hibernate: select last_insert_rowid()
2025-10-13T15:56:20.059+09:00 DEBUG 10272 --- [Shift Scheduler Demo] [           main] org.hibernate.SQL                        : insert into shift_assignments (employee_id,end_time,shift_name,start_time,work_date) values (?,?,?,?,?)
Hibernate: insert into shift_assignments (employee_id,end_time,shift_name,start_time,work_date) values (?,?,?,?,?)
2025-10-13T15:56:20.059+09:00 DEBUG 10272 --- [Shift Scheduler Demo] [           main] org.hibernate.SQL                        : select last_insert_rowid()
Hibernate: select last_insert_rowid()
2025-10-13T15:56:20.060+09:00 DEBUG 10272 --- [Shift Scheduler Demo] [           main] org.hibernate.SQL                        : insert into shift_assignments (employee_id,end_time,shift_name,start_time,work_date) values (?,?,?,?,?)
Hibernate: insert into shift_assignments (employee_id,end_time,shift_name,start_time,work_date) values (?,?,?,?,?)
2025-10-13T15:56:20.060+09:00 DEBUG 10272 --- [Shift Scheduler Demo] [           main] org.hibernate.SQL                        : select last_insert_rowid()
Hibernate: select last_insert_rowid()
2025-10-13T15:56:20.061+09:00 DEBUG 10272 --- [Shift Scheduler Demo] [           main] org.hibernate.SQL                        : insert into shift_assignments (employee_id,end_time,shift_name,start_time,work_date) values (?,?,?,?,?)
Hibernate: insert into shift_assignments (employee_id,end_time,shift_name,start_time,work_date) values (?,?,?,?,?)
2025-10-13T15:56:20.061+09:00 DEBUG 10272 --- [Shift Scheduler Demo] [           main] org.hibernate.SQL                        : select last_insert_rowid()
Hibernate: select last_insert_rowid()
2025-10-13T15:56:20.061+09:00 DEBUG 10272 --- [Shift Scheduler Demo] [           main] org.hibernate.SQL                        : insert into shift_assignments (employee_id,end_time,shift_name,start_time,work_date) values (?,?,?,?,?)
Hibernate: insert into shift_assignments (employee_id,end_time,shift_name,start_time,work_date) values (?,?,?,?,?)
2025-10-13T15:56:20.061+09:00 DEBUG 10272 --- [Shift Scheduler Demo] [           main] org.hibernate.SQL                        : select last_insert_rowid()
Hibernate: select last_insert_rowid()
2025-10-13T15:56:20.062+09:00 DEBUG 10272 --- [Shift Scheduler Demo] [           main] org.hibernate.SQL                        : insert into shift_assignments (employee_id,end_time,shift_name,start_time,work_date) values (?,?,?,?,?)
Hibernate: insert into shift_assignments (employee_id,end_time,shift_name,start_time,work_date) values (?,?,?,?,?)
2025-10-13T15:56:20.062+09:00 DEBUG 10272 --- [Shift Scheduler Demo] [           main] org.hibernate.SQL                        : select last_insert_rowid()
Hibernate: select last_insert_rowid()
2025-10-13T15:56:20.062+09:00 DEBUG 10272 --- [Shift Scheduler Demo] [           main] org.hibernate.SQL                        : insert into shift_assignments (employee_id,end_time,shift_name,start_time,work_date) values (?,?,?,?,?)
Hibernate: insert into shift_assignments (employee_id,end_time,shift_name,start_time,work_date) values (?,?,?,?,?)
2025-10-13T15:56:20.062+09:00 DEBUG 10272 --- [Shift Scheduler Demo] [           main] org.hibernate.SQL                        : select last_insert_rowid()
Hibernate: select last_insert_rowid()
2025-10-13T15:56:20.063+09:00 DEBUG 10272 --- [Shift Scheduler Demo] [           main] org.hibernate.SQL                        : insert into shift_assignments (employee_id,end_time,shift_name,start_time,work_date) values (?,?,?,?,?)
Hibernate: insert into shift_assignments (employee_id,end_time,shift_name,start_time,work_date) values (?,?,?,?,?)
2025-10-13T15:56:20.063+09:00 DEBUG 10272 --- [Shift Scheduler Demo] [           main] org.hibernate.SQL                        : select last_insert_rowid()
Hibernate: select last_insert_rowid()
2025-10-13T15:56:20.063+09:00 DEBUG 10272 --- [Shift Scheduler Demo] [           main] org.hibernate.SQL                        : insert into shift_assignments (employee_id,end_time,shift_name,start_time,work_date) values (?,?,?,?,?)
Hibernate: insert into shift_assignments (employee_id,end_time,shift_name,start_time,work_date) values (?,?,?,?,?)
2025-10-13T15:56:20.063+09:00 DEBUG 10272 --- [Shift Scheduler Demo] [           main] org.hibernate.SQL                        : select last_insert_rowid()
Hibernate: select last_insert_rowid()
2025-10-13T15:56:20.063+09:00 DEBUG 10272 --- [Shift Scheduler Demo] [           main] org.hibernate.SQL                        : insert into shift_assignments (employee_id,end_time,shift_name,start_time,work_date) values (?,?,?,?,?)
Hibernate: insert into shift_assignments (employee_id,end_time,shift_name,start_time,work_date) values (?,?,?,?,?)
2025-10-13T15:56:20.063+09:00 DEBUG 10272 --- [Shift Scheduler Demo] [           main] org.hibernate.SQL                        : select last_insert_rowid()
Hibernate: select last_insert_rowid()
2025-10-13T15:56:20.064+09:00 DEBUG 10272 --- [Shift Scheduler Demo] [           main] org.hibernate.SQL                        : insert into shift_assignments (employee_id,end_time,shift_name,start_time,work_date) values (?,?,?,?,?)
Hibernate: insert into shift_assignments (employee_id,end_time,shift_name,start_time,work_date) values (?,?,?,?,?)
2025-10-13T15:56:20.064+09:00 DEBUG 10272 --- [Shift Scheduler Demo] [           main] org.hibernate.SQL                        : select last_insert_rowid()
Hibernate: select last_insert_rowid()
2025-10-13T15:56:20.064+09:00 DEBUG 10272 --- [Shift Scheduler Demo] [           main] org.hibernate.SQL                        : insert into shift_assignments (employee_id,end_time,shift_name,start_time,work_date) values (?,?,?,?,?)
Hibernate: insert into shift_assignments (employee_id,end_time,shift_name,start_time,work_date) values (?,?,?,?,?)
2025-10-13T15:56:20.064+09:00 DEBUG 10272 --- [Shift Scheduler Demo] [           main] org.hibernate.SQL                        : select last_insert_rowid()
Hibernate: select last_insert_rowid()
2025-10-13T15:56:20.064+09:00 DEBUG 10272 --- [Shift Scheduler Demo] [           main] org.hibernate.SQL                        : insert into shift_assignments (employee_id,end_time,shift_name,start_time,work_date) values (?,?,?,?,?)
Hibernate: insert into shift_assignments (employee_id,end_time,shift_name,start_time,work_date) values (?,?,?,?,?)
2025-10-13T15:56:20.064+09:00 DEBUG 10272 --- [Shift Scheduler Demo] [           main] org.hibernate.SQL                        : select last_insert_rowid()
Hibernate: select last_insert_rowid()
2025-10-13T15:56:20.064+09:00 DEBUG 10272 --- [Shift Scheduler Demo] [           main] org.hibernate.SQL                        : insert into shift_assignments (employee_id,end_time,shift_name,start_time,work_date) values (?,?,?,?,?)
Hibernate: insert into shift_assignments (employee_id,end_time,shift_name,start_time,work_date) values (?,?,?,?,?)
2025-10-13T15:56:20.065+09:00 DEBUG 10272 --- [Shift Scheduler Demo] [           main] org.hibernate.SQL                        : select last_insert_rowid()
Hibernate: select last_insert_rowid()
2025-10-13T15:56:20.065+09:00 DEBUG 10272 --- [Shift Scheduler Demo] [           main] org.hibernate.SQL                        : insert into shift_assignments (employee_id,end_time,shift_name,start_time,work_date) values (?,?,?,?,?)
Hibernate: insert into shift_assignments (employee_id,end_time,shift_name,start_time,work_date) values (?,?,?,?,?)
2025-10-13T15:56:20.065+09:00 DEBUG 10272 --- [Shift Scheduler Demo] [           main] org.hibernate.SQL                        : select last_insert_rowid()
Hibernate: select last_insert_rowid()
2025-10-13T15:56:20.065+09:00 DEBUG 10272 --- [Shift Scheduler Demo] [           main] org.hibernate.SQL                        : insert into shift_assignments (employee_id,end_time,shift_name,start_time,work_date) values (?,?,?,?,?)
Hibernate: insert into shift_assignments (employee_id,end_time,shift_name,start_time,work_date) values (?,?,?,?,?)
2025-10-13T15:56:20.065+09:00 DEBUG 10272 --- [Shift Scheduler Demo] [           main] org.hibernate.SQL                        : select last_insert_rowid()
Hibernate: select last_insert_rowid()
2025-10-13T15:56:20.065+09:00 DEBUG 10272 --- [Shift Scheduler Demo] [           main] org.hibernate.SQL                        : insert into shift_assignments (employee_id,end_time,shift_name,start_time,work_date) values (?,?,?,?,?)
Hibernate: insert into shift_assignments (employee_id,end_time,shift_name,start_time,work_date) values (?,?,?,?,?)
2025-10-13T15:56:20.066+09:00 DEBUG 10272 --- [Shift Scheduler Demo] [           main] org.hibernate.SQL                        : select last_insert_rowid()
Hibernate: select last_insert_rowid()
2025-10-13T15:56:20.066+09:00 DEBUG 10272 --- [Shift Scheduler Demo] [           main] org.hibernate.SQL                        : insert into shift_assignments (employee_id,end_time,shift_name,start_time,work_date) values (?,?,?,?,?)
Hibernate: insert into shift_assignments (employee_id,end_time,shift_name,start_time,work_date) values (?,?,?,?,?)
2025-10-13T15:56:20.066+09:00 DEBUG 10272 --- [Shift Scheduler Demo] [           main] org.hibernate.SQL                        : select last_insert_rowid()
Hibernate: select last_insert_rowid()
2025-10-13T15:56:20.066+09:00 DEBUG 10272 --- [Shift Scheduler Demo] [           main] org.hibernate.SQL                        : insert into shift_assignments (employee_id,end_time,shift_name,start_time,work_date) values (?,?,?,?,?)
Hibernate: insert into shift_assignments (employee_id,end_time,shift_name,start_time,work_date) values (?,?,?,?,?)
2025-10-13T15:56:20.066+09:00 DEBUG 10272 --- [Shift Scheduler Demo] [           main] org.hibernate.SQL                        : select last_insert_rowid()
Hibernate: select last_insert_rowid()
2025-10-13T15:56:20.067+09:00 DEBUG 10272 --- [Shift Scheduler Demo] [           main] org.hibernate.SQL                        : insert into shift_assignments (employee_id,end_time,shift_name,start_time,work_date) values (?,?,?,?,?)
Hibernate: insert into shift_assignments (employee_id,end_time,shift_name,start_time,work_date) values (?,?,?,?,?)
2025-10-13T15:56:20.067+09:00 DEBUG 10272 --- [Shift Scheduler Demo] [           main] org.hibernate.SQL                        : select last_insert_rowid()
Hibernate: select last_insert_rowid()
2025-10-13T15:56:20.067+09:00 DEBUG 10272 --- [Shift Scheduler Demo] [           main] org.hibernate.SQL                        : insert into shift_assignments (employee_id,end_time,shift_name,start_time,work_date) values (?,?,?,?,?)
Hibernate: insert into shift_assignments (employee_id,end_time,shift_name,start_time,work_date) values (?,?,?,?,?)
2025-10-13T15:56:20.067+09:00 DEBUG 10272 --- [Shift Scheduler Demo] [           main] org.hibernate.SQL                        : select last_insert_rowid()
Hibernate: select last_insert_rowid()
2025-10-13T15:56:20.067+09:00 DEBUG 10272 --- [Shift Scheduler Demo] [           main] org.hibernate.SQL                        : insert into shift_assignments (employee_id,end_time,shift_name,start_time,work_date) values (?,?,?,?,?)
Hibernate: insert into shift_assignments (employee_id,end_time,shift_name,start_time,work_date) values (?,?,?,?,?)
2025-10-13T15:56:20.068+09:00 DEBUG 10272 --- [Shift Scheduler Demo] [           main] org.hibernate.SQL                        : select last_insert_rowid()
Hibernate: select last_insert_rowid()
2025-10-13T15:56:20.068+09:00 DEBUG 10272 --- [Shift Scheduler Demo] [           main] org.hibernate.SQL                        : insert into shift_assignments (employee_id,end_time,shift_name,start_time,work_date) values (?,?,?,?,?)
Hibernate: insert into shift_assignments (employee_id,end_time,shift_name,start_time,work_date) values (?,?,?,?,?)
2025-10-13T15:56:20.068+09:00 DEBUG 10272 --- [Shift Scheduler Demo] [           main] org.hibernate.SQL                        : select last_insert_rowid()
Hibernate: select last_insert_rowid()
2025-10-13T15:56:20.068+09:00 DEBUG 10272 --- [Shift Scheduler Demo] [           main] org.hibernate.SQL                        : insert into shift_assignments (employee_id,end_time,shift_name,start_time,work_date) values (?,?,?,?,?)
Hibernate: insert into shift_assignments (employee_id,end_time,shift_name,start_time,work_date) values (?,?,?,?,?)
2025-10-13T15:56:20.068+09:00 DEBUG 10272 --- [Shift Scheduler Demo] [           main] org.hibernate.SQL                        : select last_insert_rowid()
Hibernate: select last_insert_rowid()
2025-10-13T15:56:20.069+09:00 DEBUG 10272 --- [Shift Scheduler Demo] [           main] org.hibernate.SQL                        : insert into shift_assignments (employee_id,end_time,shift_name,start_time,work_date) values (?,?,?,?,?)
Hibernate: insert into shift_assignments (employee_id,end_time,shift_name,start_time,work_date) values (?,?,?,?,?)
2025-10-13T15:56:20.069+09:00 DEBUG 10272 --- [Shift Scheduler Demo] [           main] org.hibernate.SQL                        : select last_insert_rowid()
Hibernate: select last_insert_rowid()
2025-10-13T15:56:20.070+09:00 DEBUG 10272 --- [Shift Scheduler Demo] [           main] org.hibernate.SQL                        : insert into shift_assignments (employee_id,end_time,shift_name,start_time,work_date) values (?,?,?,?,?)
Hibernate: insert into shift_assignments (employee_id,end_time,shift_name,start_time,work_date) values (?,?,?,?,?)
2025-10-13T15:56:20.070+09:00 DEBUG 10272 --- [Shift Scheduler Demo] [           main] org.hibernate.SQL                        : select last_insert_rowid()
Hibernate: select last_insert_rowid()
2025-10-13T15:56:20.070+09:00 DEBUG 10272 --- [Shift Scheduler Demo] [           main] org.hibernate.SQL                        : insert into shift_assignments (employee_id,end_time,shift_name,start_time,work_date) values (?,?,?,?,?)
Hibernate: insert into shift_assignments (employee_id,end_time,shift_name,start_time,work_date) values (?,?,?,?,?)
2025-10-13T15:56:20.070+09:00 DEBUG 10272 --- [Shift Scheduler Demo] [           main] org.hibernate.SQL                        : select last_insert_rowid()
Hibernate: select last_insert_rowid()
2025-10-13T15:56:20.071+09:00 DEBUG 10272 --- [Shift Scheduler Demo] [           main] org.hibernate.SQL                        : insert into shift_assignments (employee_id,end_time,shift_name,start_time,work_date) values (?,?,?,?,?)
Hibernate: insert into shift_assignments (employee_id,end_time,shift_name,start_time,work_date) values (?,?,?,?,?)
2025-10-13T15:56:20.071+09:00 DEBUG 10272 --- [Shift Scheduler Demo] [           main] org.hibernate.SQL                        : select last_insert_rowid()
Hibernate: select last_insert_rowid()
2025-10-13T15:56:20.071+09:00 DEBUG 10272 --- [Shift Scheduler Demo] [           main] org.hibernate.SQL                        : insert into shift_assignments (employee_id,end_time,shift_name,start_time,work_date) values (?,?,?,?,?)
Hibernate: insert into shift_assignments (employee_id,end_time,shift_name,start_time,work_date) values (?,?,?,?,?)
2025-10-13T15:56:20.072+09:00 DEBUG 10272 --- [Shift Scheduler Demo] [           main] org.hibernate.SQL                        : select last_insert_rowid()
Hibernate: select last_insert_rowid()
2025-10-13T15:56:20.072+09:00 DEBUG 10272 --- [Shift Scheduler Demo] [           main] org.hibernate.SQL                        : insert into shift_assignments (employee_id,end_time,shift_name,start_time,work_date) values (?,?,?,?,?)
Hibernate: insert into shift_assignments (employee_id,end_time,shift_name,start_time,work_date) values (?,?,?,?,?)
2025-10-13T15:56:20.072+09:00 DEBUG 10272 --- [Shift Scheduler Demo] [           main] org.hibernate.SQL                        : select last_insert_rowid()
Hibernate: select last_insert_rowid()
2025-10-13T15:56:20.073+09:00 DEBUG 10272 --- [Shift Scheduler Demo] [           main] org.hibernate.SQL                        : insert into shift_assignments (employee_id,end_time,shift_name,start_time,work_date) values (?,?,?,?,?)
Hibernate: insert into shift_assignments (employee_id,end_time,shift_name,start_time,work_date) values (?,?,?,?,?)
2025-10-13T15:56:20.074+09:00 DEBUG 10272 --- [Shift Scheduler Demo] [           main] org.hibernate.SQL                        : select last_insert_rowid()
Hibernate: select last_insert_rowid()
2025-10-13T15:56:20.074+09:00 DEBUG 10272 --- [Shift Scheduler Demo] [           main] org.hibernate.SQL                        : insert into shift_assignments (employee_id,end_time,shift_name,start_time,work_date) values (?,?,?,?,?)
Hibernate: insert into shift_assignments (employee_id,end_time,shift_name,start_time,work_date) values (?,?,?,?,?)
2025-10-13T15:56:20.074+09:00 DEBUG 10272 --- [Shift Scheduler Demo] [           main] org.hibernate.SQL                        : select last_insert_rowid()
Hibernate: select last_insert_rowid()
2025-10-13T15:56:20.075+09:00 DEBUG 10272 --- [Shift Scheduler Demo] [           main] org.hibernate.SQL                        : insert into shift_assignments (employee_id,end_time,shift_name,start_time,work_date) values (?,?,?,?,?)
Hibernate: insert into shift_assignments (employee_id,end_time,shift_name,start_time,work_date) values (?,?,?,?,?)
2025-10-13T15:56:20.075+09:00 DEBUG 10272 --- [Shift Scheduler Demo] [           main] org.hibernate.SQL                        : select last_insert_rowid()
Hibernate: select last_insert_rowid()
2025-10-13T15:56:20.075+09:00 DEBUG 10272 --- [Shift Scheduler Demo] [           main] org.hibernate.SQL                        : insert into shift_assignments (employee_id,end_time,shift_name,start_time,work_date) values (?,?,?,?,?)
Hibernate: insert into shift_assignments (employee_id,end_time,shift_name,start_time,work_date) values (?,?,?,?,?)
2025-10-13T15:56:20.075+09:00 DEBUG 10272 --- [Shift Scheduler Demo] [           main] org.hibernate.SQL                        : select last_insert_rowid()
Hibernate: select last_insert_rowid()
2025-10-13T15:56:20.076+09:00 DEBUG 10272 --- [Shift Scheduler Demo] [           main] org.hibernate.SQL                        : insert into shift_assignments (employee_id,end_time,shift_name,start_time,work_date) values (?,?,?,?,?)
Hibernate: insert into shift_assignments (employee_id,end_time,shift_name,start_time,work_date) values (?,?,?,?,?)
2025-10-13T15:56:20.076+09:00 DEBUG 10272 --- [Shift Scheduler Demo] [           main] org.hibernate.SQL                        : select last_insert_rowid()
Hibernate: select last_insert_rowid()
2025-10-13T15:56:20.076+09:00 DEBUG 10272 --- [Shift Scheduler Demo] [           main] org.hibernate.SQL                        : insert into shift_assignments (employee_id,end_time,shift_name,start_time,work_date) values (?,?,?,?,?)
Hibernate: insert into shift_assignments (employee_id,end_time,shift_name,start_time,work_date) values (?,?,?,?,?)
2025-10-13T15:56:20.076+09:00 DEBUG 10272 --- [Shift Scheduler Demo] [           main] org.hibernate.SQL                        : select last_insert_rowid()
Hibernate: select last_insert_rowid()
2025-10-13T15:56:20.076+09:00 DEBUG 10272 --- [Shift Scheduler Demo] [           main] org.hibernate.SQL                        : insert into shift_assignments (employee_id,end_time,shift_name,start_time,work_date) values (?,?,?,?,?)
Hibernate: insert into shift_assignments (employee_id,end_time,shift_name,start_time,work_date) values (?,?,?,?,?)
2025-10-13T15:56:20.076+09:00 DEBUG 10272 --- [Shift Scheduler Demo] [           main] org.hibernate.SQL                        : select last_insert_rowid()
Hibernate: select last_insert_rowid()
2025-10-13T15:56:20.077+09:00 DEBUG 10272 --- [Shift Scheduler Demo] [           main] org.hibernate.SQL                        : insert into shift_assignments (employee_id,end_time,shift_name,start_time,work_date) values (?,?,?,?,?)
Hibernate: insert into shift_assignments (employee_id,end_time,shift_name,start_time,work_date) values (?,?,?,?,?)
2025-10-13T15:56:20.077+09:00 DEBUG 10272 --- [Shift Scheduler Demo] [           main] org.hibernate.SQL                        : select last_insert_rowid()
Hibernate: select last_insert_rowid()
2025-10-13T15:56:20.077+09:00 DEBUG 10272 --- [Shift Scheduler Demo] [           main] org.hibernate.SQL                        : insert into shift_assignments (employee_id,end_time,shift_name,start_time,work_date) values (?,?,?,?,?)
Hibernate: insert into shift_assignments (employee_id,end_time,shift_name,start_time,work_date) values (?,?,?,?,?)
2025-10-13T15:56:20.077+09:00 DEBUG 10272 --- [Shift Scheduler Demo] [           main] org.hibernate.SQL                        : select last_insert_rowid()
Hibernate: select last_insert_rowid()
2025-10-13T15:56:20.077+09:00 DEBUG 10272 --- [Shift Scheduler Demo] [           main] org.hibernate.SQL                        : insert into shift_assignments (employee_id,end_time,shift_name,start_time,work_date) values (?,?,?,?,?)
Hibernate: insert into shift_assignments (employee_id,end_time,shift_name,start_time,work_date) values (?,?,?,?,?)
2025-10-13T15:56:20.077+09:00 DEBUG 10272 --- [Shift Scheduler Demo] [           main] org.hibernate.SQL                        : select last_insert_rowid()
Hibernate: select last_insert_rowid()
2025-10-13T15:56:20.078+09:00 DEBUG 10272 --- [Shift Scheduler Demo] [           main] org.hibernate.SQL                        : insert into shift_assignments (employee_id,end_time,shift_name,start_time,work_date) values (?,?,?,?,?)
Hibernate: insert into shift_assignments (employee_id,end_time,shift_name,start_time,work_date) values (?,?,?,?,?)
2025-10-13T15:56:20.078+09:00 DEBUG 10272 --- [Shift Scheduler Demo] [           main] org.hibernate.SQL                        : select last_insert_rowid()
Hibernate: select last_insert_rowid()
2025-10-13T15:56:20.078+09:00 DEBUG 10272 --- [Shift Scheduler Demo] [           main] org.hibernate.SQL                        : insert into shift_assignments (employee_id,end_time,shift_name,start_time,work_date) values (?,?,?,?,?)
Hibernate: insert into shift_assignments (employee_id,end_time,shift_name,start_time,work_date) values (?,?,?,?,?)
2025-10-13T15:56:20.078+09:00 DEBUG 10272 --- [Shift Scheduler Demo] [           main] org.hibernate.SQL                        : select last_insert_rowid()
Hibernate: select last_insert_rowid()
2025-10-13T15:56:20.078+09:00 DEBUG 10272 --- [Shift Scheduler Demo] [           main] org.hibernate.SQL                        : insert into shift_assignments (employee_id,end_time,shift_name,start_time,work_date) values (?,?,?,?,?)
Hibernate: insert into shift_assignments (employee_id,end_time,shift_name,start_time,work_date) values (?,?,?,?,?)
2025-10-13T15:56:20.078+09:00 DEBUG 10272 --- [Shift Scheduler Demo] [           main] org.hibernate.SQL                        : select last_insert_rowid()
Hibernate: select last_insert_rowid()
2025-10-13T15:56:20.079+09:00 DEBUG 10272 --- [Shift Scheduler Demo] [           main] org.hibernate.SQL                        : insert into shift_assignments (employee_id,end_time,shift_name,start_time,work_date) values (?,?,?,?,?)
Hibernate: insert into shift_assignments (employee_id,end_time,shift_name,start_time,work_date) values (?,?,?,?,?)
2025-10-13T15:56:20.079+09:00 DEBUG 10272 --- [Shift Scheduler Demo] [           main] org.hibernate.SQL                        : select last_insert_rowid()
Hibernate: select last_insert_rowid()
2025-10-13T15:56:20.079+09:00 DEBUG 10272 --- [Shift Scheduler Demo] [           main] org.hibernate.SQL                        : insert into shift_assignments (employee_id,end_time,shift_name,start_time,work_date) values (?,?,?,?,?)
Hibernate: insert into shift_assignments (employee_id,end_time,shift_name,start_time,work_date) values (?,?,?,?,?)
2025-10-13T15:56:20.079+09:00 DEBUG 10272 --- [Shift Scheduler Demo] [           main] org.hibernate.SQL                        : select last_insert_rowid()
Hibernate: select last_insert_rowid()
2025-10-13T15:56:20.079+09:00 DEBUG 10272 --- [Shift Scheduler Demo] [           main] org.hibernate.SQL                        : insert into shift_assignments (employee_id,end_time,shift_name,start_time,work_date) values (?,?,?,?,?)
Hibernate: insert into shift_assignments (employee_id,end_time,shift_name,start_time,work_date) values (?,?,?,?,?)
2025-10-13T15:56:20.079+09:00 DEBUG 10272 --- [Shift Scheduler Demo] [           main] org.hibernate.SQL                        : select last_insert_rowid()
Hibernate: select last_insert_rowid()
2025-10-13T15:56:20.079+09:00 DEBUG 10272 --- [Shift Scheduler Demo] [           main] org.hibernate.SQL                        : insert into shift_assignments (employee_id,end_time,shift_name,start_time,work_date) values (?,?,?,?,?)
Hibernate: insert into shift_assignments (employee_id,end_time,shift_name,start_time,work_date) values (?,?,?,?,?)
2025-10-13T15:56:20.079+09:00 DEBUG 10272 --- [Shift Scheduler Demo] [           main] org.hibernate.SQL                        : select last_insert_rowid()
Hibernate: select last_insert_rowid()
2025-10-13T15:56:20.080+09:00 DEBUG 10272 --- [Shift Scheduler Demo] [           main] org.hibernate.SQL                        : insert into shift_assignments (employee_id,end_time,shift_name,start_time,work_date) values (?,?,?,?,?)
Hibernate: insert into shift_assignments (employee_id,end_time,shift_name,start_time,work_date) values (?,?,?,?,?)
2025-10-13T15:56:20.080+09:00 DEBUG 10272 --- [Shift Scheduler Demo] [           main] org.hibernate.SQL                        : select last_insert_rowid()
Hibernate: select last_insert_rowid()
2025-10-13T15:56:20.080+09:00 DEBUG 10272 --- [Shift Scheduler Demo] [           main] org.hibernate.SQL                        : insert into shift_assignments (employee_id,end_time,shift_name,start_time,work_date) values (?,?,?,?,?)
Hibernate: insert into shift_assignments (employee_id,end_time,shift_name,start_time,work_date) values (?,?,?,?,?)
2025-10-13T15:56:20.080+09:00 DEBUG 10272 --- [Shift Scheduler Demo] [           main] org.hibernate.SQL                        : select last_insert_rowid()
Hibernate: select last_insert_rowid()
2025-10-13T15:56:20.080+09:00 DEBUG 10272 --- [Shift Scheduler Demo] [           main] org.hibernate.SQL                        : insert into shift_assignments (employee_id,end_time,shift_name,start_time,work_date) values (?,?,?,?,?)
Hibernate: insert into shift_assignments (employee_id,end_time,shift_name,start_time,work_date) values (?,?,?,?,?)
2025-10-13T15:56:20.081+09:00 DEBUG 10272 --- [Shift Scheduler Demo] [           main] org.hibernate.SQL                        : select last_insert_rowid()
Hibernate: select last_insert_rowid()
2025-10-13T15:56:20.081+09:00 DEBUG 10272 --- [Shift Scheduler Demo] [           main] org.hibernate.SQL                        : insert into shift_assignments (employee_id,end_time,shift_name,start_time,work_date) values (?,?,?,?,?)
Hibernate: insert into shift_assignments (employee_id,end_time,shift_name,start_time,work_date) values (?,?,?,?,?)
2025-10-13T15:56:20.081+09:00 DEBUG 10272 --- [Shift Scheduler Demo] [           main] org.hibernate.SQL                        : select last_insert_rowid()
Hibernate: select last_insert_rowid()
2025-10-13T15:56:20.081+09:00 DEBUG 10272 --- [Shift Scheduler Demo] [           main] org.hibernate.SQL                        : insert into shift_assignments (employee_id,end_time,shift_name,start_time,work_date) values (?,?,?,?,?)
Hibernate: insert into shift_assignments (employee_id,end_time,shift_name,start_time,work_date) values (?,?,?,?,?)
2025-10-13T15:56:20.081+09:00 DEBUG 10272 --- [Shift Scheduler Demo] [           main] org.hibernate.SQL                        : select last_insert_rowid()
Hibernate: select last_insert_rowid()
2025-10-13T15:56:20.081+09:00 DEBUG 10272 --- [Shift Scheduler Demo] [           main] org.hibernate.SQL                        : insert into shift_assignments (employee_id,end_time,shift_name,start_time,work_date) values (?,?,?,?,?)
Hibernate: insert into shift_assignments (employee_id,end_time,shift_name,start_time,work_date) values (?,?,?,?,?)
2025-10-13T15:56:20.081+09:00 DEBUG 10272 --- [Shift Scheduler Demo] [           main] org.hibernate.SQL                        : select last_insert_rowid()
Hibernate: select last_insert_rowid()
2025-10-13T15:56:20.082+09:00 DEBUG 10272 --- [Shift Scheduler Demo] [           main] org.hibernate.SQL                        : insert into shift_assignments (employee_id,end_time,shift_name,start_time,work_date) values (?,?,?,?,?)
Hibernate: insert into shift_assignments (employee_id,end_time,shift_name,start_time,work_date) values (?,?,?,?,?)
2025-10-13T15:56:20.082+09:00 DEBUG 10272 --- [Shift Scheduler Demo] [           main] org.hibernate.SQL                        : select last_insert_rowid()
Hibernate: select last_insert_rowid()
2025-10-13T15:56:20.082+09:00 DEBUG 10272 --- [Shift Scheduler Demo] [           main] org.hibernate.SQL                        : insert into shift_assignments (employee_id,end_time,shift_name,start_time,work_date) values (?,?,?,?,?)
Hibernate: insert into shift_assignments (employee_id,end_time,shift_name,start_time,work_date) values (?,?,?,?,?)
2025-10-13T15:56:20.082+09:00 DEBUG 10272 --- [Shift Scheduler Demo] [           main] org.hibernate.SQL                        : select last_insert_rowid()
Hibernate: select last_insert_rowid()
2025-10-13T15:56:20.083+09:00 DEBUG 10272 --- [Shift Scheduler Demo] [           main] org.hibernate.SQL                        : insert into shift_assignments (employee_id,end_time,shift_name,start_time,work_date) values (?,?,?,?,?)
Hibernate: insert into shift_assignments (employee_id,end_time,shift_name,start_time,work_date) values (?,?,?,?,?)
2025-10-13T15:56:20.083+09:00 DEBUG 10272 --- [Shift Scheduler Demo] [           main] org.hibernate.SQL                        : select last_insert_rowid()
Hibernate: select last_insert_rowid()
2025-10-13T15:56:20.083+09:00 DEBUG 10272 --- [Shift Scheduler Demo] [           main] org.hibernate.SQL                        : insert into shift_assignments (employee_id,end_time,shift_name,start_time,work_date) values (?,?,?,?,?)
Hibernate: insert into shift_assignments (employee_id,end_time,shift_name,start_time,work_date) values (?,?,?,?,?)
2025-10-13T15:56:20.083+09:00 DEBUG 10272 --- [Shift Scheduler Demo] [           main] org.hibernate.SQL                        : select last_insert_rowid()
Hibernate: select last_insert_rowid()
2025-10-13T15:56:20.083+09:00 DEBUG 10272 --- [Shift Scheduler Demo] [           main] org.hibernate.SQL                        : insert into shift_assignments (employee_id,end_time,shift_name,start_time,work_date) values (?,?,?,?,?)
Hibernate: insert into shift_assignments (employee_id,end_time,shift_name,start_time,work_date) values (?,?,?,?,?)
2025-10-13T15:56:20.084+09:00 DEBUG 10272 --- [Shift Scheduler Demo] [           main] org.hibernate.SQL                        : select last_insert_rowid()
Hibernate: select last_insert_rowid()
2025-10-13T15:56:20.084+09:00 DEBUG 10272 --- [Shift Scheduler Demo] [           main] org.hibernate.SQL                        : insert into shift_assignments (employee_id,end_time,shift_name,start_time,work_date) values (?,?,?,?,?)
Hibernate: insert into shift_assignments (employee_id,end_time,shift_name,start_time,work_date) values (?,?,?,?,?)
2025-10-13T15:56:20.084+09:00 DEBUG 10272 --- [Shift Scheduler Demo] [           main] org.hibernate.SQL                        : select last_insert_rowid()
Hibernate: select last_insert_rowid()
2025-10-13T15:56:20.084+09:00 DEBUG 10272 --- [Shift Scheduler Demo] [           main] org.hibernate.SQL                        : insert into shift_assignments (employee_id,end_time,shift_name,start_time,work_date) values (?,?,?,?,?)
Hibernate: insert into shift_assignments (employee_id,end_time,shift_name,start_time,work_date) values (?,?,?,?,?)
2025-10-13T15:56:20.085+09:00 DEBUG 10272 --- [Shift Scheduler Demo] [           main] org.hibernate.SQL                        : select last_insert_rowid()
Hibernate: select last_insert_rowid()
2025-10-13T15:56:20.085+09:00 DEBUG 10272 --- [Shift Scheduler Demo] [           main] org.hibernate.SQL                        : insert into shift_assignments (employee_id,end_time,shift_name,start_time,work_date) values (?,?,?,?,?)
Hibernate: insert into shift_assignments (employee_id,end_time,shift_name,start_time,work_date) values (?,?,?,?,?)
2025-10-13T15:56:20.085+09:00 DEBUG 10272 --- [Shift Scheduler Demo] [           main] org.hibernate.SQL                        : select last_insert_rowid()
Hibernate: select last_insert_rowid()
2025-10-13T15:56:20.085+09:00 DEBUG 10272 --- [Shift Scheduler Demo] [           main] org.hibernate.SQL                        : insert into shift_assignments (employee_id,end_time,shift_name,start_time,work_date) values (?,?,?,?,?)
Hibernate: insert into shift_assignments (employee_id,end_time,shift_name,start_time,work_date) values (?,?,?,?,?)
2025-10-13T15:56:20.085+09:00 DEBUG 10272 --- [Shift Scheduler Demo] [           main] org.hibernate.SQL                        : select last_insert_rowid()
Hibernate: select last_insert_rowid()
2025-10-13T15:56:20.085+09:00 DEBUG 10272 --- [Shift Scheduler Demo] [           main] org.hibernate.SQL                        : insert into shift_assignments (employee_id,end_time,shift_name,start_time,work_date) values (?,?,?,?,?)
Hibernate: insert into shift_assignments (employee_id,end_time,shift_name,start_time,work_date) values (?,?,?,?,?)
2025-10-13T15:56:20.086+09:00 DEBUG 10272 --- [Shift Scheduler Demo] [           main] org.hibernate.SQL                        : select last_insert_rowid()
Hibernate: select last_insert_rowid()
2025-10-13T15:56:20.086+09:00 DEBUG 10272 --- [Shift Scheduler Demo] [           main] org.hibernate.SQL                        : insert into shift_assignments (employee_id,end_time,shift_name,start_time,work_date) values (?,?,?,?,?)
Hibernate: insert into shift_assignments (employee_id,end_time,shift_name,start_time,work_date) values (?,?,?,?,?)
2025-10-13T15:56:20.086+09:00 DEBUG 10272 --- [Shift Scheduler Demo] [           main] org.hibernate.SQL                        : select last_insert_rowid()
Hibernate: select last_insert_rowid()
2025-10-13T15:56:20.086+09:00 DEBUG 10272 --- [Shift Scheduler Demo] [           main] org.hibernate.SQL                        : insert into shift_assignments (employee_id,end_time,shift_name,start_time,work_date) values (?,?,?,?,?)
Hibernate: insert into shift_assignments (employee_id,end_time,shift_name,start_time,work_date) values (?,?,?,?,?)
2025-10-13T15:56:20.086+09:00 DEBUG 10272 --- [Shift Scheduler Demo] [           main] org.hibernate.SQL                        : select last_insert_rowid()
Hibernate: select last_insert_rowid()
2025-10-13T15:56:20.087+09:00 DEBUG 10272 --- [Shift Scheduler Demo] [           main] org.hibernate.SQL                        : insert into shift_assignments (employee_id,end_time,shift_name,start_time,work_date) values (?,?,?,?,?)
Hibernate: insert into shift_assignments (employee_id,end_time,shift_name,start_time,work_date) values (?,?,?,?,?)
2025-10-13T15:56:20.087+09:00 DEBUG 10272 --- [Shift Scheduler Demo] [           main] org.hibernate.SQL                        : select last_insert_rowid()
Hibernate: select last_insert_rowid()
2025-10-13T15:56:20.087+09:00 DEBUG 10272 --- [Shift Scheduler Demo] [           main] org.hibernate.SQL                        : insert into shift_assignments (employee_id,end_time,shift_name,start_time,work_date) values (?,?,?,?,?)
Hibernate: insert into shift_assignments (employee_id,end_time,shift_name,start_time,work_date) values (?,?,?,?,?)
2025-10-13T15:56:20.087+09:00 DEBUG 10272 --- [Shift Scheduler Demo] [           main] org.hibernate.SQL                        : select last_insert_rowid()
Hibernate: select last_insert_rowid()
2025-10-13T15:56:20.087+09:00 DEBUG 10272 --- [Shift Scheduler Demo] [           main] org.hibernate.SQL                        : insert into shift_assignments (employee_id,end_time,shift_name,start_time,work_date) values (?,?,?,?,?)
Hibernate: insert into shift_assignments (employee_id,end_time,shift_name,start_time,work_date) values (?,?,?,?,?)
2025-10-13T15:56:20.087+09:00 DEBUG 10272 --- [Shift Scheduler Demo] [           main] org.hibernate.SQL                        : select last_insert_rowid()
Hibernate: select last_insert_rowid()
2025-10-13T15:56:20.088+09:00 DEBUG 10272 --- [Shift Scheduler Demo] [           main] org.hibernate.SQL                        : insert into shift_assignments (employee_id,end_time,shift_name,start_time,work_date) values (?,?,?,?,?)
Hibernate: insert into shift_assignments (employee_id,end_time,shift_name,start_time,work_date) values (?,?,?,?,?)
2025-10-13T15:56:20.088+09:00 DEBUG 10272 --- [Shift Scheduler Demo] [           main] org.hibernate.SQL                        : select last_insert_rowid()
Hibernate: select last_insert_rowid()
2025-10-13T15:56:20.088+09:00 DEBUG 10272 --- [Shift Scheduler Demo] [           main] org.hibernate.SQL                        : insert into shift_assignments (employee_id,end_time,shift_name,start_time,work_date) values (?,?,?,?,?)
Hibernate: insert into shift_assignments (employee_id,end_time,shift_name,start_time,work_date) values (?,?,?,?,?)
2025-10-13T15:56:20.088+09:00 DEBUG 10272 --- [Shift Scheduler Demo] [           main] org.hibernate.SQL                        : select last_insert_rowid()
Hibernate: select last_insert_rowid()
2025-10-13T15:56:20.088+09:00 DEBUG 10272 --- [Shift Scheduler Demo] [           main] org.hibernate.SQL                        : insert into shift_assignments (employee_id,end_time,shift_name,start_time,work_date) values (?,?,?,?,?)
Hibernate: insert into shift_assignments (employee_id,end_time,shift_name,start_time,work_date) values (?,?,?,?,?)
2025-10-13T15:56:20.088+09:00 DEBUG 10272 --- [Shift Scheduler Demo] [           main] org.hibernate.SQL                        : select last_insert_rowid()
Hibernate: select last_insert_rowid()
2025-10-13T15:56:20.089+09:00 DEBUG 10272 --- [Shift Scheduler Demo] [           main] org.hibernate.SQL                        : insert into shift_assignments (employee_id,end_time,shift_name,start_time,work_date) values (?,?,?,?,?)
Hibernate: insert into shift_assignments (employee_id,end_time,shift_name,start_time,work_date) values (?,?,?,?,?)
2025-10-13T15:56:20.089+09:00 DEBUG 10272 --- [Shift Scheduler Demo] [           main] org.hibernate.SQL                        : select last_insert_rowid()
Hibernate: select last_insert_rowid()
2025-10-13T15:56:20.089+09:00 DEBUG 10272 --- [Shift Scheduler Demo] [           main] org.hibernate.SQL                        : insert into shift_assignments (employee_id,end_time,shift_name,start_time,work_date) values (?,?,?,?,?)
Hibernate: insert into shift_assignments (employee_id,end_time,shift_name,start_time,work_date) values (?,?,?,?,?)
2025-10-13T15:56:20.089+09:00 DEBUG 10272 --- [Shift Scheduler Demo] [           main] org.hibernate.SQL                        : select last_insert_rowid()
Hibernate: select last_insert_rowid()
2025-10-13T15:56:20.089+09:00 DEBUG 10272 --- [Shift Scheduler Demo] [           main] org.hibernate.SQL                        : insert into shift_assignments (employee_id,end_time,shift_name,start_time,work_date) values (?,?,?,?,?)
Hibernate: insert into shift_assignments (employee_id,end_time,shift_name,start_time,work_date) values (?,?,?,?,?)
2025-10-13T15:56:20.090+09:00 DEBUG 10272 --- [Shift Scheduler Demo] [           main] org.hibernate.SQL                        : select last_insert_rowid()
Hibernate: select last_insert_rowid()
2025-10-13T15:56:20.090+09:00 DEBUG 10272 --- [Shift Scheduler Demo] [           main] org.hibernate.SQL                        : insert into shift_assignments (employee_id,end_time,shift_name,start_time,work_date) values (?,?,?,?,?)
Hibernate: insert into shift_assignments (employee_id,end_time,shift_name,start_time,work_date) values (?,?,?,?,?)
2025-10-13T15:56:20.090+09:00 DEBUG 10272 --- [Shift Scheduler Demo] [           main] org.hibernate.SQL                        : select last_insert_rowid()
Hibernate: select last_insert_rowid()
2025-10-13T15:56:20.090+09:00 DEBUG 10272 --- [Shift Scheduler Demo] [           main] org.hibernate.SQL                        : insert into shift_assignments (employee_id,end_time,shift_name,start_time,work_date) values (?,?,?,?,?)
Hibernate: insert into shift_assignments (employee_id,end_time,shift_name,start_time,work_date) values (?,?,?,?,?)
2025-10-13T15:56:20.090+09:00 DEBUG 10272 --- [Shift Scheduler Demo] [           main] org.hibernate.SQL                        : select last_insert_rowid()
Hibernate: select last_insert_rowid()
2025-10-13T15:56:20.090+09:00 DEBUG 10272 --- [Shift Scheduler Demo] [           main] org.hibernate.SQL                        : insert into shift_assignments (employee_id,end_time,shift_name,start_time,work_date) values (?,?,?,?,?)
Hibernate: insert into shift_assignments (employee_id,end_time,shift_name,start_time,work_date) values (?,?,?,?,?)
2025-10-13T15:56:20.091+09:00 DEBUG 10272 --- [Shift Scheduler Demo] [           main] org.hibernate.SQL                        : select last_insert_rowid()
Hibernate: select last_insert_rowid()
2025-10-13T15:56:20.091+09:00 DEBUG 10272 --- [Shift Scheduler Demo] [           main] org.hibernate.SQL                        : insert into shift_assignments (employee_id,end_time,shift_name,start_time,work_date) values (?,?,?,?,?)
Hibernate: insert into shift_assignments (employee_id,end_time,shift_name,start_time,work_date) values (?,?,?,?,?)
2025-10-13T15:56:20.091+09:00 DEBUG 10272 --- [Shift Scheduler Demo] [           main] org.hibernate.SQL                        : select last_insert_rowid()
Hibernate: select last_insert_rowid()
2025-10-13T15:56:20.091+09:00 DEBUG 10272 --- [Shift Scheduler Demo] [           main] org.hibernate.SQL                        : insert into shift_assignments (employee_id,end_time,shift_name,start_time,work_date) values (?,?,?,?,?)
Hibernate: insert into shift_assignments (employee_id,end_time,shift_name,start_time,work_date) values (?,?,?,?,?)
2025-10-13T15:56:20.091+09:00 DEBUG 10272 --- [Shift Scheduler Demo] [           main] org.hibernate.SQL                        : select last_insert_rowid()
Hibernate: select last_insert_rowid()
2025-10-13T15:56:20.092+09:00 DEBUG 10272 --- [Shift Scheduler Demo] [           main] org.hibernate.SQL                        : insert into shift_assignments (employee_id,end_time,shift_name,start_time,work_date) values (?,?,?,?,?)
Hibernate: insert into shift_assignments (employee_id,end_time,shift_name,start_time,work_date) values (?,?,?,?,?)
2025-10-13T15:56:20.092+09:00 DEBUG 10272 --- [Shift Scheduler Demo] [           main] org.hibernate.SQL                        : select last_insert_rowid()
Hibernate: select last_insert_rowid()
2025-10-13T15:56:20.092+09:00 DEBUG 10272 --- [Shift Scheduler Demo] [           main] org.hibernate.SQL                        : insert into shift_assignments (employee_id,end_time,shift_name,start_time,work_date) values (?,?,?,?,?)
Hibernate: insert into shift_assignments (employee_id,end_time,shift_name,start_time,work_date) values (?,?,?,?,?)
2025-10-13T15:56:20.092+09:00 DEBUG 10272 --- [Shift Scheduler Demo] [           main] org.hibernate.SQL                        : select last_insert_rowid()
Hibernate: select last_insert_rowid()
2025-10-13T15:56:20.092+09:00 DEBUG 10272 --- [Shift Scheduler Demo] [           main] org.hibernate.SQL                        : insert into shift_assignments (employee_id,end_time,shift_name,start_time,work_date) values (?,?,?,?,?)
Hibernate: insert into shift_assignments (employee_id,end_time,shift_name,start_time,work_date) values (?,?,?,?,?)
2025-10-13T15:56:20.093+09:00 DEBUG 10272 --- [Shift Scheduler Demo] [           main] org.hibernate.SQL                        : select last_insert_rowid()
Hibernate: select last_insert_rowid()
2025-10-13T15:56:20.093+09:00 DEBUG 10272 --- [Shift Scheduler Demo] [           main] org.hibernate.SQL                        : insert into shift_assignments (employee_id,end_time,shift_name,start_time,work_date) values (?,?,?,?,?)
Hibernate: insert into shift_assignments (employee_id,end_time,shift_name,start_time,work_date) values (?,?,?,?,?)
2025-10-13T15:56:20.093+09:00 DEBUG 10272 --- [Shift Scheduler Demo] [           main] org.hibernate.SQL                        : select last_insert_rowid()
Hibernate: select last_insert_rowid()
2025-10-13T15:56:20.093+09:00 DEBUG 10272 --- [Shift Scheduler Demo] [           main] org.hibernate.SQL                        : insert into shift_assignments (employee_id,end_time,shift_name,start_time,work_date) values (?,?,?,?,?)
Hibernate: insert into shift_assignments (employee_id,end_time,shift_name,start_time,work_date) values (?,?,?,?,?)
2025-10-13T15:56:20.093+09:00 DEBUG 10272 --- [Shift Scheduler Demo] [           main] org.hibernate.SQL                        : select last_insert_rowid()
Hibernate: select last_insert_rowid()
2025-10-13T15:56:20.093+09:00 DEBUG 10272 --- [Shift Scheduler Demo] [           main] org.hibernate.SQL                        : insert into shift_assignments (employee_id,end_time,shift_name,start_time,work_date) values (?,?,?,?,?)
Hibernate: insert into shift_assignments (employee_id,end_time,shift_name,start_time,work_date) values (?,?,?,?,?)
2025-10-13T15:56:20.093+09:00 DEBUG 10272 --- [Shift Scheduler Demo] [           main] org.hibernate.SQL                        : select last_insert_rowid()
Hibernate: select last_insert_rowid()
2025-10-13T15:56:20.093+09:00 DEBUG 10272 --- [Shift Scheduler Demo] [           main] org.hibernate.SQL                        : insert into shift_assignments (employee_id,end_time,shift_name,start_time,work_date) values (?,?,?,?,?)
Hibernate: insert into shift_assignments (employee_id,end_time,shift_name,start_time,work_date) values (?,?,?,?,?)
2025-10-13T15:56:20.094+09:00 DEBUG 10272 --- [Shift Scheduler Demo] [           main] org.hibernate.SQL                        : select last_insert_rowid()
Hibernate: select last_insert_rowid()
2025-10-13T15:56:20.094+09:00 DEBUG 10272 --- [Shift Scheduler Demo] [           main] org.hibernate.SQL                        : insert into shift_assignments (employee_id,end_time,shift_name,start_time,work_date) values (?,?,?,?,?)
Hibernate: insert into shift_assignments (employee_id,end_time,shift_name,start_time,work_date) values (?,?,?,?,?)
2025-10-13T15:56:20.094+09:00 DEBUG 10272 --- [Shift Scheduler Demo] [           main] org.hibernate.SQL                        : select last_insert_rowid()
Hibernate: select last_insert_rowid()
2025-10-13T15:56:20.094+09:00 DEBUG 10272 --- [Shift Scheduler Demo] [           main] org.hibernate.SQL                        : insert into shift_assignments (employee_id,end_time,shift_name,start_time,work_date) values (?,?,?,?,?)
Hibernate: insert into shift_assignments (employee_id,end_time,shift_name,start_time,work_date) values (?,?,?,?,?)
2025-10-13T15:56:20.095+09:00 DEBUG 10272 --- [Shift Scheduler Demo] [           main] org.hibernate.SQL                        : select last_insert_rowid()
Hibernate: select last_insert_rowid()
2025-10-13T15:56:20.095+09:00 DEBUG 10272 --- [Shift Scheduler Demo] [           main] org.hibernate.SQL                        : insert into shift_assignments (employee_id,end_time,shift_name,start_time,work_date) values (?,?,?,?,?)
Hibernate: insert into shift_assignments (employee_id,end_time,shift_name,start_time,work_date) values (?,?,?,?,?)
2025-10-13T15:56:20.095+09:00 DEBUG 10272 --- [Shift Scheduler Demo] [           main] org.hibernate.SQL                        : select last_insert_rowid()
Hibernate: select last_insert_rowid()
2025-10-13T15:56:20.095+09:00 DEBUG 10272 --- [Shift Scheduler Demo] [           main] org.hibernate.SQL                        : insert into shift_assignments (employee_id,end_time,shift_name,start_time,work_date) values (?,?,?,?,?)
Hibernate: insert into shift_assignments (employee_id,end_time,shift_name,start_time,work_date) values (?,?,?,?,?)
2025-10-13T15:56:20.095+09:00 DEBUG 10272 --- [Shift Scheduler Demo] [           main] org.hibernate.SQL                        : select last_insert_rowid()
Hibernate: select last_insert_rowid()
2025-10-13T15:56:20.096+09:00 DEBUG 10272 --- [Shift Scheduler Demo] [           main] org.hibernate.SQL                        : insert into shift_assignments (employee_id,end_time,shift_name,start_time,work_date) values (?,?,?,?,?)
Hibernate: insert into shift_assignments (employee_id,end_time,shift_name,start_time,work_date) values (?,?,?,?,?)
2025-10-13T15:56:20.096+09:00 DEBUG 10272 --- [Shift Scheduler Demo] [           main] org.hibernate.SQL                        : select last_insert_rowid()
Hibernate: select last_insert_rowid()
2025-10-13T15:56:20.096+09:00 DEBUG 10272 --- [Shift Scheduler Demo] [           main] org.hibernate.SQL                        : insert into shift_assignments (employee_id,end_time,shift_name,start_time,work_date) values (?,?,?,?,?)
Hibernate: insert into shift_assignments (employee_id,end_time,shift_name,start_time,work_date) values (?,?,?,?,?)
2025-10-13T15:56:20.096+09:00 DEBUG 10272 --- [Shift Scheduler Demo] [           main] org.hibernate.SQL                        : select last_insert_rowid()
Hibernate: select last_insert_rowid()
2025-10-13T15:56:20.096+09:00 DEBUG 10272 --- [Shift Scheduler Demo] [           main] org.hibernate.SQL                        : insert into shift_assignments (employee_id,end_time,shift_name,start_time,work_date) values (?,?,?,?,?)
Hibernate: insert into shift_assignments (employee_id,end_time,shift_name,start_time,work_date) values (?,?,?,?,?)
2025-10-13T15:56:20.097+09:00 DEBUG 10272 --- [Shift Scheduler Demo] [           main] org.hibernate.SQL                        : select last_insert_rowid()
Hibernate: select last_insert_rowid()
2025-10-13T15:56:20.097+09:00 DEBUG 10272 --- [Shift Scheduler Demo] [           main] org.hibernate.SQL                        : insert into shift_assignments (employee_id,end_time,shift_name,start_time,work_date) values (?,?,?,?,?)
Hibernate: insert into shift_assignments (employee_id,end_time,shift_name,start_time,work_date) values (?,?,?,?,?)
2025-10-13T15:56:20.097+09:00 DEBUG 10272 --- [Shift Scheduler Demo] [           main] org.hibernate.SQL                        : select last_insert_rowid()
Hibernate: select last_insert_rowid()
2025-10-13T15:56:20.097+09:00 DEBUG 10272 --- [Shift Scheduler Demo] [           main] org.hibernate.SQL                        : insert into shift_assignments (employee_id,end_time,shift_name,start_time,work_date) values (?,?,?,?,?)
Hibernate: insert into shift_assignments (employee_id,end_time,shift_name,start_time,work_date) values (?,?,?,?,?)
2025-10-13T15:56:20.097+09:00 DEBUG 10272 --- [Shift Scheduler Demo] [           main] org.hibernate.SQL                        : select last_insert_rowid()
Hibernate: select last_insert_rowid()
2025-10-13T15:56:20.098+09:00 DEBUG 10272 --- [Shift Scheduler Demo] [           main] org.hibernate.SQL                        : insert into shift_assignments (employee_id,end_time,shift_name,start_time,work_date) values (?,?,?,?,?)
Hibernate: insert into shift_assignments (employee_id,end_time,shift_name,start_time,work_date) values (?,?,?,?,?)
2025-10-13T15:56:20.098+09:00 DEBUG 10272 --- [Shift Scheduler Demo] [           main] org.hibernate.SQL                        : select last_insert_rowid()
Hibernate: select last_insert_rowid()
2025-10-13T15:56:20.098+09:00 DEBUG 10272 --- [Shift Scheduler Demo] [           main] org.hibernate.SQL                        : insert into shift_assignments (employee_id,end_time,shift_name,start_time,work_date) values (?,?,?,?,?)
Hibernate: insert into shift_assignments (employee_id,end_time,shift_name,start_time,work_date) values (?,?,?,?,?)
2025-10-13T15:56:20.098+09:00 DEBUG 10272 --- [Shift Scheduler Demo] [           main] org.hibernate.SQL                        : select last_insert_rowid()
Hibernate: select last_insert_rowid()
2025-10-13T15:56:20.098+09:00 DEBUG 10272 --- [Shift Scheduler Demo] [           main] org.hibernate.SQL                        : insert into shift_assignments (employee_id,end_time,shift_name,start_time,work_date) values (?,?,?,?,?)
Hibernate: insert into shift_assignments (employee_id,end_time,shift_name,start_time,work_date) values (?,?,?,?,?)
2025-10-13T15:56:20.098+09:00 DEBUG 10272 --- [Shift Scheduler Demo] [           main] org.hibernate.SQL                        : select last_insert_rowid()
Hibernate: select last_insert_rowid()
2025-10-13T15:56:20.099+09:00 DEBUG 10272 --- [Shift Scheduler Demo] [           main] org.hibernate.SQL                        : insert into shift_assignments (employee_id,end_time,shift_name,start_time,work_date) values (?,?,?,?,?)
Hibernate: insert into shift_assignments (employee_id,end_time,shift_name,start_time,work_date) values (?,?,?,?,?)
2025-10-13T15:56:20.099+09:00 DEBUG 10272 --- [Shift Scheduler Demo] [           main] org.hibernate.SQL                        : select last_insert_rowid()
Hibernate: select last_insert_rowid()
2025-10-13T15:56:20.099+09:00 DEBUG 10272 --- [Shift Scheduler Demo] [           main] org.hibernate.SQL                        : insert into shift_assignments (employee_id,end_time,shift_name,start_time,work_date) values (?,?,?,?,?)
Hibernate: insert into shift_assignments (employee_id,end_time,shift_name,start_time,work_date) values (?,?,?,?,?)
2025-10-13T15:56:20.099+09:00 DEBUG 10272 --- [Shift Scheduler Demo] [           main] org.hibernate.SQL                        : select last_insert_rowid()
Hibernate: select last_insert_rowid()
2025-10-13T15:56:20.099+09:00 DEBUG 10272 --- [Shift Scheduler Demo] [           main] org.hibernate.SQL                        : insert into shift_assignments (employee_id,end_time,shift_name,start_time,work_date) values (?,?,?,?,?)
Hibernate: insert into shift_assignments (employee_id,end_time,shift_name,start_time,work_date) values (?,?,?,?,?)
2025-10-13T15:56:20.100+09:00 DEBUG 10272 --- [Shift Scheduler Demo] [           main] org.hibernate.SQL                        : select last_insert_rowid()
Hibernate: select last_insert_rowid()
2025-10-13T15:56:20.100+09:00 DEBUG 10272 --- [Shift Scheduler Demo] [           main] org.hibernate.SQL                        : insert into shift_assignments (employee_id,end_time,shift_name,start_time,work_date) values (?,?,?,?,?)
Hibernate: insert into shift_assignments (employee_id,end_time,shift_name,start_time,work_date) values (?,?,?,?,?)
2025-10-13T15:56:20.100+09:00 DEBUG 10272 --- [Shift Scheduler Demo] [           main] org.hibernate.SQL                        : select last_insert_rowid()
Hibernate: select last_insert_rowid()
2025-10-13T15:56:20.100+09:00 DEBUG 10272 --- [Shift Scheduler Demo] [           main] org.hibernate.SQL                        : insert into shift_assignments (employee_id,end_time,shift_name,start_time,work_date) values (?,?,?,?,?)
Hibernate: insert into shift_assignments (employee_id,end_time,shift_name,start_time,work_date) values (?,?,?,?,?)
2025-10-13T15:56:20.100+09:00 DEBUG 10272 --- [Shift Scheduler Demo] [           main] org.hibernate.SQL                        : select last_insert_rowid()
Hibernate: select last_insert_rowid()
2025-10-13T15:56:20.101+09:00 DEBUG 10272 --- [Shift Scheduler Demo] [           main] org.hibernate.SQL                        : insert into shift_assignments (employee_id,end_time,shift_name,start_time,work_date) values (?,?,?,?,?)
Hibernate: insert into shift_assignments (employee_id,end_time,shift_name,start_time,work_date) values (?,?,?,?,?)
2025-10-13T15:56:20.101+09:00 DEBUG 10272 --- [Shift Scheduler Demo] [           main] org.hibernate.SQL                        : select last_insert_rowid()
Hibernate: select last_insert_rowid()
2025-10-13T15:56:20.101+09:00 DEBUG 10272 --- [Shift Scheduler Demo] [           main] org.hibernate.SQL                        : insert into shift_assignments (employee_id,end_time,shift_name,start_time,work_date) values (?,?,?,?,?)
Hibernate: insert into shift_assignments (employee_id,end_time,shift_name,start_time,work_date) values (?,?,?,?,?)
2025-10-13T15:56:20.101+09:00 DEBUG 10272 --- [Shift Scheduler Demo] [           main] org.hibernate.SQL                        : select last_insert_rowid()
Hibernate: select last_insert_rowid()
2025-10-13T15:56:20.101+09:00 DEBUG 10272 --- [Shift Scheduler Demo] [           main] org.hibernate.SQL                        : insert into shift_assignments (employee_id,end_time,shift_name,start_time,work_date) values (?,?,?,?,?)
Hibernate: insert into shift_assignments (employee_id,end_time,shift_name,start_time,work_date) values (?,?,?,?,?)
2025-10-13T15:56:20.102+09:00 DEBUG 10272 --- [Shift Scheduler Demo] [           main] org.hibernate.SQL                        : select last_insert_rowid()
Hibernate: select last_insert_rowid()
2025-10-13T15:56:20.102+09:00 DEBUG 10272 --- [Shift Scheduler Demo] [           main] org.hibernate.SQL                        : insert into shift_assignments (employee_id,end_time,shift_name,start_time,work_date) values (?,?,?,?,?)
Hibernate: insert into shift_assignments (employee_id,end_time,shift_name,start_time,work_date) values (?,?,?,?,?)
2025-10-13T15:56:20.102+09:00 DEBUG 10272 --- [Shift Scheduler Demo] [           main] org.hibernate.SQL                        : select last_insert_rowid()
Hibernate: select last_insert_rowid()
2025-10-13T15:56:20.102+09:00 DEBUG 10272 --- [Shift Scheduler Demo] [           main] org.hibernate.SQL                        : insert into shift_assignments (employee_id,end_time,shift_name,start_time,work_date) values (?,?,?,?,?)
Hibernate: insert into shift_assignments (employee_id,end_time,shift_name,start_time,work_date) values (?,?,?,?,?)
2025-10-13T15:56:20.102+09:00 DEBUG 10272 --- [Shift Scheduler Demo] [           main] org.hibernate.SQL                        : select last_insert_rowid()
Hibernate: select last_insert_rowid()
2025-10-13T15:56:20.103+09:00 DEBUG 10272 --- [Shift Scheduler Demo] [           main] org.hibernate.SQL                        : insert into shift_assignments (employee_id,end_time,shift_name,start_time,work_date) values (?,?,?,?,?)
Hibernate: insert into shift_assignments (employee_id,end_time,shift_name,start_time,work_date) values (?,?,?,?,?)
2025-10-13T15:56:20.103+09:00 DEBUG 10272 --- [Shift Scheduler Demo] [           main] org.hibernate.SQL                        : select last_insert_rowid()
Hibernate: select last_insert_rowid()
2025-10-13T15:56:20.103+09:00 DEBUG 10272 --- [Shift Scheduler Demo] [           main] org.hibernate.SQL                        : insert into shift_assignments (employee_id,end_time,shift_name,start_time,work_date) values (?,?,?,?,?)
Hibernate: insert into shift_assignments (employee_id,end_time,shift_name,start_time,work_date) values (?,?,?,?,?)
2025-10-13T15:56:20.104+09:00 DEBUG 10272 --- [Shift Scheduler Demo] [           main] org.hibernate.SQL                        : select last_insert_rowid()
Hibernate: select last_insert_rowid()
2025-10-13T15:56:20.104+09:00 DEBUG 10272 --- [Shift Scheduler Demo] [           main] org.hibernate.SQL                        : insert into shift_assignments (employee_id,end_time,shift_name,start_time,work_date) values (?,?,?,?,?)
Hibernate: insert into shift_assignments (employee_id,end_time,shift_name,start_time,work_date) values (?,?,?,?,?)
2025-10-13T15:56:20.104+09:00 DEBUG 10272 --- [Shift Scheduler Demo] [           main] org.hibernate.SQL                        : select last_insert_rowid()
Hibernate: select last_insert_rowid()
2025-10-13T15:56:20.104+09:00 DEBUG 10272 --- [Shift Scheduler Demo] [           main] org.hibernate.SQL                        : insert into shift_assignments (employee_id,end_time,shift_name,start_time,work_date) values (?,?,?,?,?)
Hibernate: insert into shift_assignments (employee_id,end_time,shift_name,start_time,work_date) values (?,?,?,?,?)
2025-10-13T15:56:20.104+09:00 DEBUG 10272 --- [Shift Scheduler Demo] [           main] org.hibernate.SQL                        : select last_insert_rowid()
Hibernate: select last_insert_rowid()
2025-10-13T15:56:20.105+09:00 DEBUG 10272 --- [Shift Scheduler Demo] [           main] org.hibernate.SQL                        : insert into shift_assignments (employee_id,end_time,shift_name,start_time,work_date) values (?,?,?,?,?)
Hibernate: insert into shift_assignments (employee_id,end_time,shift_name,start_time,work_date) values (?,?,?,?,?)
2025-10-13T15:56:20.105+09:00 DEBUG 10272 --- [Shift Scheduler Demo] [           main] org.hibernate.SQL                        : select last_insert_rowid()
Hibernate: select last_insert_rowid()
2025-10-13T15:56:20.105+09:00 DEBUG 10272 --- [Shift Scheduler Demo] [           main] org.hibernate.SQL                        : insert into shift_assignments (employee_id,end_time,shift_name,start_time,work_date) values (?,?,?,?,?)
Hibernate: insert into shift_assignments (employee_id,end_time,shift_name,start_time,work_date) values (?,?,?,?,?)
2025-10-13T15:56:20.105+09:00 DEBUG 10272 --- [Shift Scheduler Demo] [           main] org.hibernate.SQL                        : select last_insert_rowid()
Hibernate: select last_insert_rowid()
2025-10-13T15:56:20.105+09:00 DEBUG 10272 --- [Shift Scheduler Demo] [           main] org.hibernate.SQL                        : insert into shift_assignments (employee_id,end_time,shift_name,start_time,work_date) values (?,?,?,?,?)
Hibernate: insert into shift_assignments (employee_id,end_time,shift_name,start_time,work_date) values (?,?,?,?,?)
2025-10-13T15:56:20.105+09:00 DEBUG 10272 --- [Shift Scheduler Demo] [           main] org.hibernate.SQL                        : select last_insert_rowid()
Hibernate: select last_insert_rowid()
2025-10-13T15:56:20.106+09:00 DEBUG 10272 --- [Shift Scheduler Demo] [           main] org.hibernate.SQL                        : insert into shift_assignments (employee_id,end_time,shift_name,start_time,work_date) values (?,?,?,?,?)
Hibernate: insert into shift_assignments (employee_id,end_time,shift_name,start_time,work_date) values (?,?,?,?,?)
2025-10-13T15:56:20.106+09:00 DEBUG 10272 --- [Shift Scheduler Demo] [           main] org.hibernate.SQL                        : select last_insert_rowid()
Hibernate: select last_insert_rowid()
2025-10-13T15:56:20.106+09:00 DEBUG 10272 --- [Shift Scheduler Demo] [           main] org.hibernate.SQL                        : insert into shift_assignments (employee_id,end_time,shift_name,start_time,work_date) values (?,?,?,?,?)
Hibernate: insert into shift_assignments (employee_id,end_time,shift_name,start_time,work_date) values (?,?,?,?,?)
2025-10-13T15:56:20.106+09:00 DEBUG 10272 --- [Shift Scheduler Demo] [           main] org.hibernate.SQL                        : select last_insert_rowid()
Hibernate: select last_insert_rowid()
2025-10-13T15:56:20.107+09:00 DEBUG 10272 --- [Shift Scheduler Demo] [           main] org.hibernate.SQL                        : insert into shift_assignments (employee_id,end_time,shift_name,start_time,work_date) values (?,?,?,?,?)
Hibernate: insert into shift_assignments (employee_id,end_time,shift_name,start_time,work_date) values (?,?,?,?,?)
2025-10-13T15:56:20.107+09:00 DEBUG 10272 --- [Shift Scheduler Demo] [           main] org.hibernate.SQL                        : select last_insert_rowid()
Hibernate: select last_insert_rowid()
2025-10-13T15:56:20.108+09:00 DEBUG 10272 --- [Shift Scheduler Demo] [           main] org.hibernate.SQL                        : insert into shift_assignments (employee_id,end_time,shift_name,start_time,work_date) values (?,?,?,?,?)
Hibernate: insert into shift_assignments (employee_id,end_time,shift_name,start_time,work_date) values (?,?,?,?,?)
2025-10-13T15:56:20.108+09:00 DEBUG 10272 --- [Shift Scheduler Demo] [           main] org.hibernate.SQL                        : select last_insert_rowid()
Hibernate: select last_insert_rowid()
2025-10-13T15:56:20.109+09:00 DEBUG 10272 --- [Shift Scheduler Demo] [           main] org.hibernate.SQL                        : insert into shift_assignments (employee_id,end_time,shift_name,start_time,work_date) values (?,?,?,?,?)
Hibernate: insert into shift_assignments (employee_id,end_time,shift_name,start_time,work_date) values (?,?,?,?,?)
2025-10-13T15:56:20.109+09:00 DEBUG 10272 --- [Shift Scheduler Demo] [           main] org.hibernate.SQL                        : select last_insert_rowid()
Hibernate: select last_insert_rowid()
2025-10-13T15:56:20.109+09:00 DEBUG 10272 --- [Shift Scheduler Demo] [           main] org.hibernate.SQL                        : insert into shift_assignments (employee_id,end_time,shift_name,start_time,work_date) values (?,?,?,?,?)
Hibernate: insert into shift_assignments (employee_id,end_time,shift_name,start_time,work_date) values (?,?,?,?,?)
2025-10-13T15:56:20.109+09:00 DEBUG 10272 --- [Shift Scheduler Demo] [           main] org.hibernate.SQL                        : select last_insert_rowid()
Hibernate: select last_insert_rowid()
2025-10-13T15:56:20.110+09:00 DEBUG 10272 --- [Shift Scheduler Demo] [           main] org.hibernate.SQL                        : insert into shift_assignments (employee_id,end_time,shift_name,start_time,work_date) values (?,?,?,?,?)
Hibernate: insert into shift_assignments (employee_id,end_time,shift_name,start_time,work_date) values (?,?,?,?,?)
2025-10-13T15:56:20.110+09:00 DEBUG 10272 --- [Shift Scheduler Demo] [           main] org.hibernate.SQL                        : select last_insert_rowid()
Hibernate: select last_insert_rowid()
2025-10-13T15:56:20.110+09:00 DEBUG 10272 --- [Shift Scheduler Demo] [           main] org.hibernate.SQL                        : insert into shift_assignments (employee_id,end_time,shift_name,start_time,work_date) values (?,?,?,?,?)
Hibernate: insert into shift_assignments (employee_id,end_time,shift_name,start_time,work_date) values (?,?,?,?,?)
2025-10-13T15:56:20.111+09:00 DEBUG 10272 --- [Shift Scheduler Demo] [           main] org.hibernate.SQL                        : select last_insert_rowid()
Hibernate: select last_insert_rowid()
2025-10-13T15:56:20.111+09:00 DEBUG 10272 --- [Shift Scheduler Demo] [           main] org.hibernate.SQL                        : insert into shift_assignments (employee_id,end_time,shift_name,start_time,work_date) values (?,?,?,?,?)
Hibernate: insert into shift_assignments (employee_id,end_time,shift_name,start_time,work_date) values (?,?,?,?,?)
2025-10-13T15:56:20.111+09:00 DEBUG 10272 --- [Shift Scheduler Demo] [           main] org.hibernate.SQL                        : select last_insert_rowid()
Hibernate: select last_insert_rowid()
2025-10-13T15:56:20.112+09:00 DEBUG 10272 --- [Shift Scheduler Demo] [           main] org.hibernate.SQL                        : insert into shift_assignments (employee_id,end_time,shift_name,start_time,work_date) values (?,?,?,?,?)
Hibernate: insert into shift_assignments (employee_id,end_time,shift_name,start_time,work_date) values (?,?,?,?,?)
2025-10-13T15:56:20.112+09:00 DEBUG 10272 --- [Shift Scheduler Demo] [           main] org.hibernate.SQL                        : select last_insert_rowid()
Hibernate: select last_insert_rowid()
2025-10-13T15:56:20.112+09:00 DEBUG 10272 --- [Shift Scheduler Demo] [           main] org.hibernate.SQL                        : insert into shift_assignments (employee_id,end_time,shift_name,start_time,work_date) values (?,?,?,?,?)
Hibernate: insert into shift_assignments (employee_id,end_time,shift_name,start_time,work_date) values (?,?,?,?,?)
2025-10-13T15:56:20.113+09:00 DEBUG 10272 --- [Shift Scheduler Demo] [           main] org.hibernate.SQL                        : select last_insert_rowid()
Hibernate: select last_insert_rowid()
2025-10-13T15:56:20.113+09:00 DEBUG 10272 --- [Shift Scheduler Demo] [           main] org.hibernate.SQL                        : insert into shift_assignments (employee_id,end_time,shift_name,start_time,work_date) values (?,?,?,?,?)
Hibernate: insert into shift_assignments (employee_id,end_time,shift_name,start_time,work_date) values (?,?,?,?,?)
2025-10-13T15:56:20.113+09:00 DEBUG 10272 --- [Shift Scheduler Demo] [           main] org.hibernate.SQL                        : select last_insert_rowid()
Hibernate: select last_insert_rowid()
2025-10-13T15:56:20.113+09:00 DEBUG 10272 --- [Shift Scheduler Demo] [           main] org.hibernate.SQL                        : insert into shift_assignments (employee_id,end_time,shift_name,start_time,work_date) values (?,?,?,?,?)
Hibernate: insert into shift_assignments (employee_id,end_time,shift_name,start_time,work_date) values (?,?,?,?,?)
2025-10-13T15:56:20.113+09:00 DEBUG 10272 --- [Shift Scheduler Demo] [           main] org.hibernate.SQL                        : select last_insert_rowid()
Hibernate: select last_insert_rowid()
2025-10-13T15:56:20.114+09:00 DEBUG 10272 --- [Shift Scheduler Demo] [           main] org.hibernate.SQL                        : insert into shift_assignments (employee_id,end_time,shift_name,start_time,work_date) values (?,?,?,?,?)
Hibernate: insert into shift_assignments (employee_id,end_time,shift_name,start_time,work_date) values (?,?,?,?,?)
2025-10-13T15:56:20.114+09:00 DEBUG 10272 --- [Shift Scheduler Demo] [           main] org.hibernate.SQL                        : select last_insert_rowid()
Hibernate: select last_insert_rowid()
2025-10-13T15:56:20.114+09:00 DEBUG 10272 --- [Shift Scheduler Demo] [           main] org.hibernate.SQL                        : insert into shift_assignments (employee_id,end_time,shift_name,start_time,work_date) values (?,?,?,?,?)
Hibernate: insert into shift_assignments (employee_id,end_time,shift_name,start_time,work_date) values (?,?,?,?,?)
2025-10-13T15:56:20.114+09:00 DEBUG 10272 --- [Shift Scheduler Demo] [           main] org.hibernate.SQL                        : select last_insert_rowid()
Hibernate: select last_insert_rowid()
2025-10-13T15:56:20.114+09:00 DEBUG 10272 --- [Shift Scheduler Demo] [           main] org.hibernate.SQL                        : insert into shift_assignments (employee_id,end_time,shift_name,start_time,work_date) values (?,?,?,?,?)
Hibernate: insert into shift_assignments (employee_id,end_time,shift_name,start_time,work_date) values (?,?,?,?,?)
2025-10-13T15:56:20.115+09:00 DEBUG 10272 --- [Shift Scheduler Demo] [           main] org.hibernate.SQL                        : select last_insert_rowid()
Hibernate: select last_insert_rowid()
2025-10-13T15:56:20.115+09:00 DEBUG 10272 --- [Shift Scheduler Demo] [           main] org.hibernate.SQL                        : insert into shift_assignments (employee_id,end_time,shift_name,start_time,work_date) values (?,?,?,?,?)
Hibernate: insert into shift_assignments (employee_id,end_time,shift_name,start_time,work_date) values (?,?,?,?,?)
2025-10-13T15:56:20.115+09:00 DEBUG 10272 --- [Shift Scheduler Demo] [           main] org.hibernate.SQL                        : select last_insert_rowid()
Hibernate: select last_insert_rowid()
2025-10-13T15:56:20.115+09:00 DEBUG 10272 --- [Shift Scheduler Demo] [           main] org.hibernate.SQL                        : insert into shift_assignments (employee_id,end_time,shift_name,start_time,work_date) values (?,?,?,?,?)
Hibernate: insert into shift_assignments (employee_id,end_time,shift_name,start_time,work_date) values (?,?,?,?,?)
2025-10-13T15:56:20.115+09:00 DEBUG 10272 --- [Shift Scheduler Demo] [           main] org.hibernate.SQL                        : select last_insert_rowid()
Hibernate: select last_insert_rowid()
2025-10-13T15:56:20.116+09:00 DEBUG 10272 --- [Shift Scheduler Demo] [           main] org.hibernate.SQL                        : insert into shift_assignments (employee_id,end_time,shift_name,start_time,work_date) values (?,?,?,?,?)
Hibernate: insert into shift_assignments (employee_id,end_time,shift_name,start_time,work_date) values (?,?,?,?,?)
2025-10-13T15:56:20.116+09:00 DEBUG 10272 --- [Shift Scheduler Demo] [           main] org.hibernate.SQL                        : select last_insert_rowid()
Hibernate: select last_insert_rowid()
2025-10-13T15:56:20.116+09:00 DEBUG 10272 --- [Shift Scheduler Demo] [           main] org.hibernate.SQL                        : insert into shift_assignments (employee_id,end_time,shift_name,start_time,work_date) values (?,?,?,?,?)
Hibernate: insert into shift_assignments (employee_id,end_time,shift_name,start_time,work_date) values (?,?,?,?,?)
2025-10-13T15:56:20.116+09:00 DEBUG 10272 --- [Shift Scheduler Demo] [           main] org.hibernate.SQL                        : select last_insert_rowid()
Hibernate: select last_insert_rowid()
2025-10-13T15:56:20.116+09:00 DEBUG 10272 --- [Shift Scheduler Demo] [           main] org.hibernate.SQL                        : insert into shift_assignments (employee_id,end_time,shift_name,start_time,work_date) values (?,?,?,?,?)
Hibernate: insert into shift_assignments (employee_id,end_time,shift_name,start_time,work_date) values (?,?,?,?,?)
2025-10-13T15:56:20.117+09:00 DEBUG 10272 --- [Shift Scheduler Demo] [           main] org.hibernate.SQL                        : select last_insert_rowid()
Hibernate: select last_insert_rowid()
2025-10-13T15:56:20.117+09:00 DEBUG 10272 --- [Shift Scheduler Demo] [           main] org.hibernate.SQL                        : insert into shift_assignments (employee_id,end_time,shift_name,start_time,work_date) values (?,?,?,?,?)
Hibernate: insert into shift_assignments (employee_id,end_time,shift_name,start_time,work_date) values (?,?,?,?,?)
2025-10-13T15:56:20.117+09:00 DEBUG 10272 --- [Shift Scheduler Demo] [           main] org.hibernate.SQL                        : select last_insert_rowid()
Hibernate: select last_insert_rowid()
2025-10-13T15:56:20.117+09:00 DEBUG 10272 --- [Shift Scheduler Demo] [           main] org.hibernate.SQL                        : insert into shift_assignments (employee_id,end_time,shift_name,start_time,work_date) values (?,?,?,?,?)
Hibernate: insert into shift_assignments (employee_id,end_time,shift_name,start_time,work_date) values (?,?,?,?,?)
2025-10-13T15:56:20.117+09:00 DEBUG 10272 --- [Shift Scheduler Demo] [           main] org.hibernate.SQL                        : select last_insert_rowid()
Hibernate: select last_insert_rowid()
2025-10-13T15:56:20.118+09:00  INFO 10272 --- [Shift Scheduler Demo] [           main] c.e.shiftv1.schedule.ScheduleService     : シフト生成が完了しました: 362件の割り当てを生成
]]></system-out>
    <system-err><![CDATA[WARNING: A Java agent has been loaded dynamically (C:\Users\takow\.m2\repository\net\bytebuddy\byte-buddy-agent\1.14.13\byte-buddy-agent-1.14.13.jar)
WARNING: If a serviceability tool is in use, please run with -XX:+EnableDynamicAgentLoading to hide this warning
WARNING: If a serviceability tool is not in use, please run with -Djdk.instrument.traceUsage for more information
WARNING: Dynamic loading of agents will be disallowed by default in a future release
]]></system-err>
  </testcase>
  <testcase name="generateMonthlySchedule_assignsEmployeesForEachShift" classname="com.example.shiftv1.schedule.ScheduleServiceTest" time="0.836">
    <system-out><![CDATA[2025-10-13T15:56:20.215+09:00 DEBUG 10272 --- [Shift Scheduler Demo] [           main] org.hibernate.SQL                        : select sa1_0.id,sa1_0.employee_id,sa1_0.end_time,sa1_0.shift_name,sa1_0.start_time,sa1_0.work_date from shift_assignments sa1_0
Hibernate: select sa1_0.id,sa1_0.employee_id,sa1_0.end_time,sa1_0.shift_name,sa1_0.start_time,sa1_0.work_date from shift_assignments sa1_0
2025-10-13T15:56:20.448+09:00 DEBUG 10272 --- [Shift Scheduler Demo] [           main] org.hibernate.SQL                        : select ec1_0.id,ec1_0.is_active,ec1_0.created_at,ec1_0.date,ec1_0.employee_id,ec1_0.end_time,ec1_0.reason,ec1_0.start_time,ec1_0.type,ec1_0.updated_at from employee_constraints ec1_0
Hibernate: select ec1_0.id,ec1_0.is_active,ec1_0.created_at,ec1_0.date,ec1_0.employee_id,ec1_0.end_time,ec1_0.reason,ec1_0.start_time,ec1_0.type,ec1_0.updated_at from employee_constraints ec1_0
2025-10-13T15:56:20.459+09:00  INFO 10272 --- [Shift Scheduler Demo] [           main] c.e.shiftv1.schedule.ScheduleService     : シフト生成を開始します: 2024年7月
2025-10-13T15:56:20.463+09:00 DEBUG 10272 --- [Shift Scheduler Demo] [           main] org.hibernate.SQL                        : select e1_0.id,e1_0.created_at,e1_0.name,e1_0.role from employees e1_0
Hibernate: select e1_0.id,e1_0.created_at,e1_0.name,e1_0.role from employees e1_0
2025-10-13T15:56:20.470+09:00 DEBUG 10272 --- [Shift Scheduler Demo] [           main] org.hibernate.SQL                        : delete from shift_assignments where id=?
Hibernate: delete from shift_assignments where id=?
2025-10-13T15:56:20.471+09:00 DEBUG 10272 --- [Shift Scheduler Demo] [           main] org.hibernate.SQL                        : delete from shift_assignments where id=?
Hibernate: delete from shift_assignments where id=?
2025-10-13T15:56:20.471+09:00 DEBUG 10272 --- [Shift Scheduler Demo] [           main] org.hibernate.SQL                        : delete from shift_assignments where id=?
Hibernate: delete from shift_assignments where id=?
2025-10-13T15:56:20.471+09:00 DEBUG 10272 --- [Shift Scheduler Demo] [           main] org.hibernate.SQL                        : delete from shift_assignments where id=?
Hibernate: delete from shift_assignments where id=?
2025-10-13T15:56:20.471+09:00 DEBUG 10272 --- [Shift Scheduler Demo] [           main] org.hibernate.SQL                        : delete from shift_assignments where id=?
Hibernate: delete from shift_assignments where id=?
2025-10-13T15:56:20.471+09:00 DEBUG 10272 --- [Shift Scheduler Demo] [           main] org.hibernate.SQL                        : delete from shift_assignments where id=?
Hibernate: delete from shift_assignments where id=?
2025-10-13T15:56:20.472+09:00 DEBUG 10272 --- [Shift Scheduler Demo] [           main] org.hibernate.SQL                        : delete from shift_assignments where id=?
Hibernate: delete from shift_assignments where id=?
2025-10-13T15:56:20.472+09:00 DEBUG 10272 --- [Shift Scheduler Demo] [           main] org.hibernate.SQL                        : delete from shift_assignments where id=?
Hibernate: delete from shift_assignments where id=?
2025-10-13T15:56:20.472+09:00 DEBUG 10272 --- [Shift Scheduler Demo] [           main] org.hibernate.SQL                        : delete from shift_assignments where id=?
Hibernate: delete from shift_assignments where id=?
2025-10-13T15:56:20.472+09:00 DEBUG 10272 --- [Shift Scheduler Demo] [           main] org.hibernate.SQL                        : delete from shift_assignments where id=?
Hibernate: delete from shift_assignments where id=?
2025-10-13T15:56:20.472+09:00 DEBUG 10272 --- [Shift Scheduler Demo] [           main] org.hibernate.SQL                        : delete from shift_assignments where id=?
Hibernate: delete from shift_assignments where id=?
2025-10-13T15:56:20.472+09:00 DEBUG 10272 --- [Shift Scheduler Demo] [           main] org.hibernate.SQL                        : delete from shift_assignments where id=?
Hibernate: delete from shift_assignments where id=?
2025-10-13T15:56:20.472+09:00 DEBUG 10272 --- [Shift Scheduler Demo] [           main] org.hibernate.SQL                        : delete from shift_assignments where id=?
Hibernate: delete from shift_assignments where id=?
2025-10-13T15:56:20.472+09:00 DEBUG 10272 --- [Shift Scheduler Demo] [           main] org.hibernate.SQL                        : delete from shift_assignments where id=?
Hibernate: delete from shift_assignments where id=?
2025-10-13T15:56:20.472+09:00 DEBUG 10272 --- [Shift Scheduler Demo] [           main] org.hibernate.SQL                        : delete from shift_assignments where id=?
Hibernate: delete from shift_assignments where id=?
2025-10-13T15:56:20.472+09:00 DEBUG 10272 --- [Shift Scheduler Demo] [           main] org.hibernate.SQL                        : delete from shift_assignments where id=?
Hibernate: delete from shift_assignments where id=?
2025-10-13T15:56:20.473+09:00 DEBUG 10272 --- [Shift Scheduler Demo] [           main] org.hibernate.SQL                        : delete from shift_assignments where id=?
Hibernate: delete from shift_assignments where id=?
2025-10-13T15:56:20.473+09:00 DEBUG 10272 --- [Shift Scheduler Demo] [           main] org.hibernate.SQL                        : delete from shift_assignments where id=?
Hibernate: delete from shift_assignments where id=?
2025-10-13T15:56:20.473+09:00 DEBUG 10272 --- [Shift Scheduler Demo] [           main] org.hibernate.SQL                        : delete from shift_assignments where id=?
Hibernate: delete from shift_assignments where id=?
2025-10-13T15:56:20.473+09:00 DEBUG 10272 --- [Shift Scheduler Demo] [           main] org.hibernate.SQL                        : delete from shift_assignments where id=?
Hibernate: delete from shift_assignments where id=?
2025-10-13T15:56:20.473+09:00 DEBUG 10272 --- [Shift Scheduler Demo] [           main] org.hibernate.SQL                        : delete from shift_assignments where id=?
Hibernate: delete from shift_assignments where id=?
2025-10-13T15:56:20.473+09:00 DEBUG 10272 --- [Shift Scheduler Demo] [           main] org.hibernate.SQL                        : delete from shift_assignments where id=?
Hibernate: delete from shift_assignments where id=?
2025-10-13T15:56:20.473+09:00 DEBUG 10272 --- [Shift Scheduler Demo] [           main] org.hibernate.SQL                        : delete from shift_assignments where id=?
Hibernate: delete from shift_assignments where id=?
2025-10-13T15:56:20.474+09:00 DEBUG 10272 --- [Shift Scheduler Demo] [           main] org.hibernate.SQL                        : delete from shift_assignments where id=?
Hibernate: delete from shift_assignments where id=?
2025-10-13T15:56:20.474+09:00 DEBUG 10272 --- [Shift Scheduler Demo] [           main] org.hibernate.SQL                        : delete from shift_assignments where id=?
Hibernate: delete from shift_assignments where id=?
2025-10-13T15:56:20.474+09:00 DEBUG 10272 --- [Shift Scheduler Demo] [           main] org.hibernate.SQL                        : delete from shift_assignments where id=?
Hibernate: delete from shift_assignments where id=?
2025-10-13T15:56:20.474+09:00 DEBUG 10272 --- [Shift Scheduler Demo] [           main] org.hibernate.SQL                        : delete from shift_assignments where id=?
Hibernate: delete from shift_assignments where id=?
2025-10-13T15:56:20.474+09:00 DEBUG 10272 --- [Shift Scheduler Demo] [           main] org.hibernate.SQL                        : delete from shift_assignments where id=?
Hibernate: delete from shift_assignments where id=?
2025-10-13T15:56:20.475+09:00 DEBUG 10272 --- [Shift Scheduler Demo] [           main] org.hibernate.SQL                        : delete from shift_assignments where id=?
Hibernate: delete from shift_assignments where id=?
2025-10-13T15:56:20.475+09:00 DEBUG 10272 --- [Shift Scheduler Demo] [           main] org.hibernate.SQL                        : delete from shift_assignments where id=?
Hibernate: delete from shift_assignments where id=?
2025-10-13T15:56:20.475+09:00 DEBUG 10272 --- [Shift Scheduler Demo] [           main] org.hibernate.SQL                        : delete from shift_assignments where id=?
Hibernate: delete from shift_assignments where id=?
2025-10-13T15:56:20.475+09:00 DEBUG 10272 --- [Shift Scheduler Demo] [           main] org.hibernate.SQL                        : delete from shift_assignments where id=?
Hibernate: delete from shift_assignments where id=?
2025-10-13T15:56:20.475+09:00 DEBUG 10272 --- [Shift Scheduler Demo] [           main] org.hibernate.SQL                        : delete from shift_assignments where id=?
Hibernate: delete from shift_assignments where id=?
2025-10-13T15:56:20.475+09:00 DEBUG 10272 --- [Shift Scheduler Demo] [           main] org.hibernate.SQL                        : delete from shift_assignments where id=?
Hibernate: delete from shift_assignments where id=?
2025-10-13T15:56:20.475+09:00 DEBUG 10272 --- [Shift Scheduler Demo] [           main] org.hibernate.SQL                        : delete from shift_assignments where id=?
Hibernate: delete from shift_assignments where id=?
2025-10-13T15:56:20.475+09:00 DEBUG 10272 --- [Shift Scheduler Demo] [           main] org.hibernate.SQL                        : delete from shift_assignments where id=?
Hibernate: delete from shift_assignments where id=?
2025-10-13T15:56:20.476+09:00 DEBUG 10272 --- [Shift Scheduler Demo] [           main] org.hibernate.SQL                        : delete from shift_assignments where id=?
Hibernate: delete from shift_assignments where id=?
2025-10-13T15:56:20.476+09:00 DEBUG 10272 --- [Shift Scheduler Demo] [           main] org.hibernate.SQL                        : delete from shift_assignments where id=?
Hibernate: delete from shift_assignments where id=?
2025-10-13T15:56:20.476+09:00 DEBUG 10272 --- [Shift Scheduler Demo] [           main] org.hibernate.SQL                        : delete from shift_assignments where id=?
Hibernate: delete from shift_assignments where id=?
2025-10-13T15:56:20.476+09:00 DEBUG 10272 --- [Shift Scheduler Demo] [           main] org.hibernate.SQL                        : delete from shift_assignments where id=?
Hibernate: delete from shift_assignments where id=?
2025-10-13T15:56:20.476+09:00 DEBUG 10272 --- [Shift Scheduler Demo] [           main] org.hibernate.SQL                        : delete from shift_assignments where id=?
Hibernate: delete from shift_assignments where id=?
2025-10-13T15:56:20.476+09:00 DEBUG 10272 --- [Shift Scheduler Demo] [           main] org.hibernate.SQL                        : delete from shift_assignments where id=?
Hibernate: delete from shift_assignments where id=?
2025-10-13T15:56:20.476+09:00 DEBUG 10272 --- [Shift Scheduler Demo] [           main] org.hibernate.SQL                        : delete from shift_assignments where id=?
Hibernate: delete from shift_assignments where id=?
2025-10-13T15:56:20.476+09:00 DEBUG 10272 --- [Shift Scheduler Demo] [           main] org.hibernate.SQL                        : delete from shift_assignments where id=?
Hibernate: delete from shift_assignments where id=?
2025-10-13T15:56:20.476+09:00 DEBUG 10272 --- [Shift Scheduler Demo] [           main] org.hibernate.SQL                        : delete from shift_assignments where id=?
Hibernate: delete from shift_assignments where id=?
2025-10-13T15:56:20.476+09:00 DEBUG 10272 --- [Shift Scheduler Demo] [           main] org.hibernate.SQL                        : delete from shift_assignments where id=?
Hibernate: delete from shift_assignments where id=?
2025-10-13T15:56:20.477+09:00 DEBUG 10272 --- [Shift Scheduler Demo] [           main] org.hibernate.SQL                        : delete from shift_assignments where id=?
Hibernate: delete from shift_assignments where id=?
2025-10-13T15:56:20.477+09:00 DEBUG 10272 --- [Shift Scheduler Demo] [           main] org.hibernate.SQL                        : delete from shift_assignments where id=?
Hibernate: delete from shift_assignments where id=?
2025-10-13T15:56:20.477+09:00 DEBUG 10272 --- [Shift Scheduler Demo] [           main] org.hibernate.SQL                        : delete from shift_assignments where id=?
Hibernate: delete from shift_assignments where id=?
2025-10-13T15:56:20.477+09:00 DEBUG 10272 --- [Shift Scheduler Demo] [           main] org.hibernate.SQL                        : delete from shift_assignments where id=?
Hibernate: delete from shift_assignments where id=?
2025-10-13T15:56:20.477+09:00 DEBUG 10272 --- [Shift Scheduler Demo] [           main] org.hibernate.SQL                        : delete from shift_assignments where id=?
Hibernate: delete from shift_assignments where id=?
2025-10-13T15:56:20.477+09:00 DEBUG 10272 --- [Shift Scheduler Demo] [           main] org.hibernate.SQL                        : delete from shift_assignments where id=?
Hibernate: delete from shift_assignments where id=?
2025-10-13T15:56:20.477+09:00 DEBUG 10272 --- [Shift Scheduler Demo] [           main] org.hibernate.SQL                        : delete from shift_assignments where id=?
Hibernate: delete from shift_assignments where id=?
2025-10-13T15:56:20.477+09:00 DEBUG 10272 --- [Shift Scheduler Demo] [           main] org.hibernate.SQL                        : delete from shift_assignments where id=?
Hibernate: delete from shift_assignments where id=?
2025-10-13T15:56:20.477+09:00 DEBUG 10272 --- [Shift Scheduler Demo] [           main] org.hibernate.SQL                        : delete from shift_assignments where id=?
Hibernate: delete from shift_assignments where id=?
2025-10-13T15:56:20.477+09:00 DEBUG 10272 --- [Shift Scheduler Demo] [           main] org.hibernate.SQL                        : delete from shift_assignments where id=?
Hibernate: delete from shift_assignments where id=?
2025-10-13T15:56:20.477+09:00 DEBUG 10272 --- [Shift Scheduler Demo] [           main] org.hibernate.SQL                        : delete from shift_assignments where id=?
Hibernate: delete from shift_assignments where id=?
2025-10-13T15:56:20.477+09:00 DEBUG 10272 --- [Shift Scheduler Demo] [           main] org.hibernate.SQL                        : delete from shift_assignments where id=?
Hibernate: delete from shift_assignments where id=?
2025-10-13T15:56:20.477+09:00 DEBUG 10272 --- [Shift Scheduler Demo] [           main] org.hibernate.SQL                        : delete from shift_assignments where id=?
Hibernate: delete from shift_assignments where id=?
2025-10-13T15:56:20.477+09:00 DEBUG 10272 --- [Shift Scheduler Demo] [           main] org.hibernate.SQL                        : delete from shift_assignments where id=?
Hibernate: delete from shift_assignments where id=?
2025-10-13T15:56:20.477+09:00 DEBUG 10272 --- [Shift Scheduler Demo] [           main] org.hibernate.SQL                        : delete from shift_assignments where id=?
Hibernate: delete from shift_assignments where id=?
2025-10-13T15:56:20.478+09:00 DEBUG 10272 --- [Shift Scheduler Demo] [           main] org.hibernate.SQL                        : delete from shift_assignments where id=?
Hibernate: delete from shift_assignments where id=?
2025-10-13T15:56:20.478+09:00 DEBUG 10272 --- [Shift Scheduler Demo] [           main] org.hibernate.SQL                        : delete from shift_assignments where id=?
Hibernate: delete from shift_assignments where id=?
2025-10-13T15:56:20.478+09:00 DEBUG 10272 --- [Shift Scheduler Demo] [           main] org.hibernate.SQL                        : delete from shift_assignments where id=?
Hibernate: delete from shift_assignments where id=?
2025-10-13T15:56:20.478+09:00 DEBUG 10272 --- [Shift Scheduler Demo] [           main] org.hibernate.SQL                        : delete from shift_assignments where id=?
Hibernate: delete from shift_assignments where id=?
2025-10-13T15:56:20.478+09:00 DEBUG 10272 --- [Shift Scheduler Demo] [           main] org.hibernate.SQL                        : delete from shift_assignments where id=?
Hibernate: delete from shift_assignments where id=?
2025-10-13T15:56:20.478+09:00 DEBUG 10272 --- [Shift Scheduler Demo] [           main] org.hibernate.SQL                        : delete from shift_assignments where id=?
Hibernate: delete from shift_assignments where id=?
2025-10-13T15:56:20.478+09:00 DEBUG 10272 --- [Shift Scheduler Demo] [           main] org.hibernate.SQL                        : delete from shift_assignments where id=?
Hibernate: delete from shift_assignments where id=?
2025-10-13T15:56:20.478+09:00 DEBUG 10272 --- [Shift Scheduler Demo] [           main] org.hibernate.SQL                        : delete from shift_assignments where id=?
Hibernate: delete from shift_assignments where id=?
2025-10-13T15:56:20.478+09:00 DEBUG 10272 --- [Shift Scheduler Demo] [           main] org.hibernate.SQL                        : delete from shift_assignments where id=?
Hibernate: delete from shift_assignments where id=?
2025-10-13T15:56:20.478+09:00 DEBUG 10272 --- [Shift Scheduler Demo] [           main] org.hibernate.SQL                        : delete from shift_assignments where id=?
Hibernate: delete from shift_assignments where id=?
2025-10-13T15:56:20.478+09:00 DEBUG 10272 --- [Shift Scheduler Demo] [           main] org.hibernate.SQL                        : delete from shift_assignments where id=?
Hibernate: delete from shift_assignments where id=?
2025-10-13T15:56:20.479+09:00 DEBUG 10272 --- [Shift Scheduler Demo] [           main] org.hibernate.SQL                        : delete from shift_assignments where id=?
Hibernate: delete from shift_assignments where id=?
2025-10-13T15:56:20.479+09:00 DEBUG 10272 --- [Shift Scheduler Demo] [           main] org.hibernate.SQL                        : delete from shift_assignments where id=?
Hibernate: delete from shift_assignments where id=?
2025-10-13T15:56:20.479+09:00 DEBUG 10272 --- [Shift Scheduler Demo] [           main] org.hibernate.SQL                        : delete from shift_assignments where id=?
Hibernate: delete from shift_assignments where id=?
2025-10-13T15:56:20.479+09:00 DEBUG 10272 --- [Shift Scheduler Demo] [           main] org.hibernate.SQL                        : delete from shift_assignments where id=?
Hibernate: delete from shift_assignments where id=?
2025-10-13T15:56:20.479+09:00 DEBUG 10272 --- [Shift Scheduler Demo] [           main] org.hibernate.SQL                        : delete from shift_assignments where id=?
Hibernate: delete from shift_assignments where id=?
2025-10-13T15:56:20.479+09:00 DEBUG 10272 --- [Shift Scheduler Demo] [           main] org.hibernate.SQL                        : delete from shift_assignments where id=?
Hibernate: delete from shift_assignments where id=?
2025-10-13T15:56:20.480+09:00 DEBUG 10272 --- [Shift Scheduler Demo] [           main] org.hibernate.SQL                        : delete from shift_assignments where id=?
Hibernate: delete from shift_assignments where id=?
2025-10-13T15:56:20.480+09:00 DEBUG 10272 --- [Shift Scheduler Demo] [           main] org.hibernate.SQL                        : delete from shift_assignments where id=?
Hibernate: delete from shift_assignments where id=?
2025-10-13T15:56:20.480+09:00 DEBUG 10272 --- [Shift Scheduler Demo] [           main] org.hibernate.SQL                        : delete from shift_assignments where id=?
Hibernate: delete from shift_assignments where id=?
2025-10-13T15:56:20.480+09:00 DEBUG 10272 --- [Shift Scheduler Demo] [           main] org.hibernate.SQL                        : delete from shift_assignments where id=?
Hibernate: delete from shift_assignments where id=?
2025-10-13T15:56:20.480+09:00 DEBUG 10272 --- [Shift Scheduler Demo] [           main] org.hibernate.SQL                        : delete from shift_assignments where id=?
Hibernate: delete from shift_assignments where id=?
2025-10-13T15:56:20.480+09:00 DEBUG 10272 --- [Shift Scheduler Demo] [           main] org.hibernate.SQL                        : delete from shift_assignments where id=?
Hibernate: delete from shift_assignments where id=?
2025-10-13T15:56:20.480+09:00 DEBUG 10272 --- [Shift Scheduler Demo] [           main] org.hibernate.SQL                        : delete from shift_assignments where id=?
Hibernate: delete from shift_assignments where id=?
2025-10-13T15:56:20.480+09:00 DEBUG 10272 --- [Shift Scheduler Demo] [           main] org.hibernate.SQL                        : delete from shift_assignments where id=?
Hibernate: delete from shift_assignments where id=?
2025-10-13T15:56:20.481+09:00 DEBUG 10272 --- [Shift Scheduler Demo] [           main] org.hibernate.SQL                        : delete from shift_assignments where id=?
Hibernate: delete from shift_assignments where id=?
2025-10-13T15:56:20.481+09:00 DEBUG 10272 --- [Shift Scheduler Demo] [           main] org.hibernate.SQL                        : delete from shift_assignments where id=?
Hibernate: delete from shift_assignments where id=?
2025-10-13T15:56:20.481+09:00 DEBUG 10272 --- [Shift Scheduler Demo] [           main] org.hibernate.SQL                        : delete from shift_assignments where id=?
Hibernate: delete from shift_assignments where id=?
2025-10-13T15:56:20.481+09:00 DEBUG 10272 --- [Shift Scheduler Demo] [           main] org.hibernate.SQL                        : delete from shift_assignments where id=?
Hibernate: delete from shift_assignments where id=?
2025-10-13T15:56:20.481+09:00 DEBUG 10272 --- [Shift Scheduler Demo] [           main] org.hibernate.SQL                        : delete from shift_assignments where id=?
Hibernate: delete from shift_assignments where id=?
2025-10-13T15:56:20.481+09:00 DEBUG 10272 --- [Shift Scheduler Demo] [           main] org.hibernate.SQL                        : delete from shift_assignments where id=?
Hibernate: delete from shift_assignments where id=?
2025-10-13T15:56:20.481+09:00 DEBUG 10272 --- [Shift Scheduler Demo] [           main] org.hibernate.SQL                        : delete from shift_assignments where id=?
Hibernate: delete from shift_assignments where id=?
2025-10-13T15:56:20.481+09:00 DEBUG 10272 --- [Shift Scheduler Demo] [           main] org.hibernate.SQL                        : delete from shift_assignments where id=?
Hibernate: delete from shift_assignments where id=?
2025-10-13T15:56:20.481+09:00 DEBUG 10272 --- [Shift Scheduler Demo] [           main] org.hibernate.SQL                        : delete from shift_assignments where id=?
Hibernate: delete from shift_assignments where id=?
2025-10-13T15:56:20.481+09:00 DEBUG 10272 --- [Shift Scheduler Demo] [           main] org.hibernate.SQL                        : delete from shift_assignments where id=?
Hibernate: delete from shift_assignments where id=?
2025-10-13T15:56:20.481+09:00 DEBUG 10272 --- [Shift Scheduler Demo] [           main] org.hibernate.SQL                        : delete from shift_assignments where id=?
Hibernate: delete from shift_assignments where id=?
2025-10-13T15:56:20.482+09:00 DEBUG 10272 --- [Shift Scheduler Demo] [           main] org.hibernate.SQL                        : delete from shift_assignments where id=?
Hibernate: delete from shift_assignments where id=?
2025-10-13T15:56:20.482+09:00 DEBUG 10272 --- [Shift Scheduler Demo] [           main] org.hibernate.SQL                        : delete from shift_assignments where id=?
Hibernate: delete from shift_assignments where id=?
2025-10-13T15:56:20.482+09:00 DEBUG 10272 --- [Shift Scheduler Demo] [           main] org.hibernate.SQL                        : delete from shift_assignments where id=?
Hibernate: delete from shift_assignments where id=?
2025-10-13T15:56:20.482+09:00 DEBUG 10272 --- [Shift Scheduler Demo] [           main] org.hibernate.SQL                        : delete from shift_assignments where id=?
Hibernate: delete from shift_assignments where id=?
2025-10-13T15:56:20.482+09:00 DEBUG 10272 --- [Shift Scheduler Demo] [           main] org.hibernate.SQL                        : delete from shift_assignments where id=?
Hibernate: delete from shift_assignments where id=?
2025-10-13T15:56:20.482+09:00 DEBUG 10272 --- [Shift Scheduler Demo] [           main] org.hibernate.SQL                        : delete from shift_assignments where id=?
Hibernate: delete from shift_assignments where id=?
2025-10-13T15:56:20.482+09:00 DEBUG 10272 --- [Shift Scheduler Demo] [           main] org.hibernate.SQL                        : delete from shift_assignments where id=?
Hibernate: delete from shift_assignments where id=?
2025-10-13T15:56:20.482+09:00 DEBUG 10272 --- [Shift Scheduler Demo] [           main] org.hibernate.SQL                        : delete from shift_assignments where id=?
Hibernate: delete from shift_assignments where id=?
2025-10-13T15:56:20.482+09:00 DEBUG 10272 --- [Shift Scheduler Demo] [           main] org.hibernate.SQL                        : delete from shift_assignments where id=?
Hibernate: delete from shift_assignments where id=?
2025-10-13T15:56:20.482+09:00 DEBUG 10272 --- [Shift Scheduler Demo] [           main] org.hibernate.SQL                        : delete from shift_assignments where id=?
Hibernate: delete from shift_assignments where id=?
2025-10-13T15:56:20.483+09:00 DEBUG 10272 --- [Shift Scheduler Demo] [           main] org.hibernate.SQL                        : delete from shift_assignments where id=?
Hibernate: delete from shift_assignments where id=?
2025-10-13T15:56:20.483+09:00 DEBUG 10272 --- [Shift Scheduler Demo] [           main] org.hibernate.SQL                        : delete from shift_assignments where id=?
Hibernate: delete from shift_assignments where id=?
2025-10-13T15:56:20.483+09:00 DEBUG 10272 --- [Shift Scheduler Demo] [           main] org.hibernate.SQL                        : delete from shift_assignments where id=?
Hibernate: delete from shift_assignments where id=?
2025-10-13T15:56:20.483+09:00 DEBUG 10272 --- [Shift Scheduler Demo] [           main] org.hibernate.SQL                        : delete from shift_assignments where id=?
Hibernate: delete from shift_assignments where id=?
2025-10-13T15:56:20.483+09:00 DEBUG 10272 --- [Shift Scheduler Demo] [           main] org.hibernate.SQL                        : delete from shift_assignments where id=?
Hibernate: delete from shift_assignments where id=?
2025-10-13T15:56:20.483+09:00 DEBUG 10272 --- [Shift Scheduler Demo] [           main] org.hibernate.SQL                        : delete from shift_assignments where id=?
Hibernate: delete from shift_assignments where id=?
2025-10-13T15:56:20.483+09:00 DEBUG 10272 --- [Shift Scheduler Demo] [           main] org.hibernate.SQL                        : delete from shift_assignments where id=?
Hibernate: delete from shift_assignments where id=?
2025-10-13T15:56:20.484+09:00 DEBUG 10272 --- [Shift Scheduler Demo] [           main] org.hibernate.SQL                        : delete from shift_assignments where id=?
Hibernate: delete from shift_assignments where id=?
2025-10-13T15:56:20.484+09:00 DEBUG 10272 --- [Shift Scheduler Demo] [           main] org.hibernate.SQL                        : delete from shift_assignments where id=?
Hibernate: delete from shift_assignments where id=?
2025-10-13T15:56:20.484+09:00 DEBUG 10272 --- [Shift Scheduler Demo] [           main] org.hibernate.SQL                        : delete from shift_assignments where id=?
Hibernate: delete from shift_assignments where id=?
2025-10-13T15:56:20.484+09:00 DEBUG 10272 --- [Shift Scheduler Demo] [           main] org.hibernate.SQL                        : delete from shift_assignments where id=?
Hibernate: delete from shift_assignments where id=?
2025-10-13T15:56:20.484+09:00 DEBUG 10272 --- [Shift Scheduler Demo] [           main] org.hibernate.SQL                        : delete from shift_assignments where id=?
Hibernate: delete from shift_assignments where id=?
2025-10-13T15:56:20.484+09:00 DEBUG 10272 --- [Shift Scheduler Demo] [           main] org.hibernate.SQL                        : delete from shift_assignments where id=?
Hibernate: delete from shift_assignments where id=?
2025-10-13T15:56:20.484+09:00 DEBUG 10272 --- [Shift Scheduler Demo] [           main] org.hibernate.SQL                        : delete from shift_assignments where id=?
Hibernate: delete from shift_assignments where id=?
2025-10-13T15:56:20.485+09:00 DEBUG 10272 --- [Shift Scheduler Demo] [           main] org.hibernate.SQL                        : delete from shift_assignments where id=?
Hibernate: delete from shift_assignments where id=?
2025-10-13T15:56:20.485+09:00 DEBUG 10272 --- [Shift Scheduler Demo] [           main] org.hibernate.SQL                        : delete from shift_assignments where id=?
Hibernate: delete from shift_assignments where id=?
2025-10-13T15:56:20.485+09:00 DEBUG 10272 --- [Shift Scheduler Demo] [           main] org.hibernate.SQL                        : delete from shift_assignments where id=?
Hibernate: delete from shift_assignments where id=?
2025-10-13T15:56:20.485+09:00 DEBUG 10272 --- [Shift Scheduler Demo] [           main] org.hibernate.SQL                        : delete from shift_assignments where id=?
Hibernate: delete from shift_assignments where id=?
2025-10-13T15:56:20.485+09:00 DEBUG 10272 --- [Shift Scheduler Demo] [           main] org.hibernate.SQL                        : delete from shift_assignments where id=?
Hibernate: delete from shift_assignments where id=?
2025-10-13T15:56:20.485+09:00 DEBUG 10272 --- [Shift Scheduler Demo] [           main] org.hibernate.SQL                        : delete from shift_assignments where id=?
Hibernate: delete from shift_assignments where id=?
2025-10-13T15:56:20.485+09:00 DEBUG 10272 --- [Shift Scheduler Demo] [           main] org.hibernate.SQL                        : delete from shift_assignments where id=?
Hibernate: delete from shift_assignments where id=?
2025-10-13T15:56:20.485+09:00 DEBUG 10272 --- [Shift Scheduler Demo] [           main] org.hibernate.SQL                        : delete from shift_assignments where id=?
Hibernate: delete from shift_assignments where id=?
2025-10-13T15:56:20.485+09:00 DEBUG 10272 --- [Shift Scheduler Demo] [           main] org.hibernate.SQL                        : delete from shift_assignments where id=?
Hibernate: delete from shift_assignments where id=?
2025-10-13T15:56:20.485+09:00 DEBUG 10272 --- [Shift Scheduler Demo] [           main] org.hibernate.SQL                        : delete from shift_assignments where id=?
Hibernate: delete from shift_assignments where id=?
2025-10-13T15:56:20.485+09:00 DEBUG 10272 --- [Shift Scheduler Demo] [           main] org.hibernate.SQL                        : delete from shift_assignments where id=?
Hibernate: delete from shift_assignments where id=?
2025-10-13T15:56:20.486+09:00 DEBUG 10272 --- [Shift Scheduler Demo] [           main] org.hibernate.SQL                        : delete from shift_assignments where id=?
Hibernate: delete from shift_assignments where id=?
2025-10-13T15:56:20.486+09:00 DEBUG 10272 --- [Shift Scheduler Demo] [           main] org.hibernate.SQL                        : delete from shift_assignments where id=?
Hibernate: delete from shift_assignments where id=?
2025-10-13T15:56:20.486+09:00 DEBUG 10272 --- [Shift Scheduler Demo] [           main] org.hibernate.SQL                        : delete from shift_assignments where id=?
Hibernate: delete from shift_assignments where id=?
2025-10-13T15:56:20.486+09:00 DEBUG 10272 --- [Shift Scheduler Demo] [           main] org.hibernate.SQL                        : delete from shift_assignments where id=?
Hibernate: delete from shift_assignments where id=?
2025-10-13T15:56:20.486+09:00 DEBUG 10272 --- [Shift Scheduler Demo] [           main] org.hibernate.SQL                        : delete from shift_assignments where id=?
Hibernate: delete from shift_assignments where id=?
2025-10-13T15:56:20.486+09:00 DEBUG 10272 --- [Shift Scheduler Demo] [           main] org.hibernate.SQL                        : delete from shift_assignments where id=?
Hibernate: delete from shift_assignments where id=?
2025-10-13T15:56:20.486+09:00 DEBUG 10272 --- [Shift Scheduler Demo] [           main] org.hibernate.SQL                        : delete from shift_assignments where id=?
Hibernate: delete from shift_assignments where id=?
2025-10-13T15:56:20.486+09:00 DEBUG 10272 --- [Shift Scheduler Demo] [           main] org.hibernate.SQL                        : delete from shift_assignments where id=?
Hibernate: delete from shift_assignments where id=?
2025-10-13T15:56:20.486+09:00 DEBUG 10272 --- [Shift Scheduler Demo] [           main] org.hibernate.SQL                        : delete from shift_assignments where id=?
Hibernate: delete from shift_assignments where id=?
2025-10-13T15:56:20.486+09:00 DEBUG 10272 --- [Shift Scheduler Demo] [           main] org.hibernate.SQL                        : delete from shift_assignments where id=?
Hibernate: delete from shift_assignments where id=?
2025-10-13T15:56:20.486+09:00 DEBUG 10272 --- [Shift Scheduler Demo] [           main] org.hibernate.SQL                        : delete from shift_assignments where id=?
Hibernate: delete from shift_assignments where id=?
2025-10-13T15:56:20.486+09:00 DEBUG 10272 --- [Shift Scheduler Demo] [           main] org.hibernate.SQL                        : delete from shift_assignments where id=?
Hibernate: delete from shift_assignments where id=?
2025-10-13T15:56:20.486+09:00 DEBUG 10272 --- [Shift Scheduler Demo] [           main] org.hibernate.SQL                        : delete from shift_assignments where id=?
Hibernate: delete from shift_assignments where id=?
2025-10-13T15:56:20.487+09:00 DEBUG 10272 --- [Shift Scheduler Demo] [           main] org.hibernate.SQL                        : delete from shift_assignments where id=?
Hibernate: delete from shift_assignments where id=?
2025-10-13T15:56:20.487+09:00 DEBUG 10272 --- [Shift Scheduler Demo] [           main] org.hibernate.SQL                        : delete from shift_assignments where id=?
Hibernate: delete from shift_assignments where id=?
2025-10-13T15:56:20.487+09:00 DEBUG 10272 --- [Shift Scheduler Demo] [           main] org.hibernate.SQL                        : delete from shift_assignments where id=?
Hibernate: delete from shift_assignments where id=?
2025-10-13T15:56:20.487+09:00 DEBUG 10272 --- [Shift Scheduler Demo] [           main] org.hibernate.SQL                        : delete from shift_assignments where id=?
Hibernate: delete from shift_assignments where id=?
2025-10-13T15:56:20.487+09:00 DEBUG 10272 --- [Shift Scheduler Demo] [           main] org.hibernate.SQL                        : delete from shift_assignments where id=?
Hibernate: delete from shift_assignments where id=?
2025-10-13T15:56:20.487+09:00 DEBUG 10272 --- [Shift Scheduler Demo] [           main] org.hibernate.SQL                        : delete from shift_assignments where id=?
Hibernate: delete from shift_assignments where id=?
2025-10-13T15:56:20.487+09:00 DEBUG 10272 --- [Shift Scheduler Demo] [           main] org.hibernate.SQL                        : delete from shift_assignments where id=?
Hibernate: delete from shift_assignments where id=?
2025-10-13T15:56:20.487+09:00 DEBUG 10272 --- [Shift Scheduler Demo] [           main] org.hibernate.SQL                        : delete from shift_assignments where id=?
Hibernate: delete from shift_assignments where id=?
2025-10-13T15:56:20.487+09:00 DEBUG 10272 --- [Shift Scheduler Demo] [           main] org.hibernate.SQL                        : delete from shift_assignments where id=?
Hibernate: delete from shift_assignments where id=?
2025-10-13T15:56:20.488+09:00 DEBUG 10272 --- [Shift Scheduler Demo] [           main] org.hibernate.SQL                        : delete from shift_assignments where id=?
Hibernate: delete from shift_assignments where id=?
2025-10-13T15:56:20.488+09:00 DEBUG 10272 --- [Shift Scheduler Demo] [           main] org.hibernate.SQL                        : delete from shift_assignments where id=?
Hibernate: delete from shift_assignments where id=?
2025-10-13T15:56:20.488+09:00 DEBUG 10272 --- [Shift Scheduler Demo] [           main] org.hibernate.SQL                        : delete from shift_assignments where id=?
Hibernate: delete from shift_assignments where id=?
2025-10-13T15:56:20.489+09:00 DEBUG 10272 --- [Shift Scheduler Demo] [           main] org.hibernate.SQL                        : delete from shift_assignments where id=?
Hibernate: delete from shift_assignments where id=?
2025-10-13T15:56:20.489+09:00 DEBUG 10272 --- [Shift Scheduler Demo] [           main] org.hibernate.SQL                        : delete from shift_assignments where id=?
Hibernate: delete from shift_assignments where id=?
2025-10-13T15:56:20.489+09:00 DEBUG 10272 --- [Shift Scheduler Demo] [           main] org.hibernate.SQL                        : delete from shift_assignments where id=?
Hibernate: delete from shift_assignments where id=?
2025-10-13T15:56:20.489+09:00 DEBUG 10272 --- [Shift Scheduler Demo] [           main] org.hibernate.SQL                        : delete from shift_assignments where id=?
Hibernate: delete from shift_assignments where id=?
2025-10-13T15:56:20.489+09:00 DEBUG 10272 --- [Shift Scheduler Demo] [           main] org.hibernate.SQL                        : delete from shift_assignments where id=?
Hibernate: delete from shift_assignments where id=?
2025-10-13T15:56:20.489+09:00 DEBUG 10272 --- [Shift Scheduler Demo] [           main] org.hibernate.SQL                        : delete from shift_assignments where id=?
Hibernate: delete from shift_assignments where id=?
2025-10-13T15:56:20.489+09:00 DEBUG 10272 --- [Shift Scheduler Demo] [           main] org.hibernate.SQL                        : delete from shift_assignments where id=?
Hibernate: delete from shift_assignments where id=?
2025-10-13T15:56:20.489+09:00 DEBUG 10272 --- [Shift Scheduler Demo] [           main] org.hibernate.SQL                        : delete from shift_assignments where id=?
Hibernate: delete from shift_assignments where id=?
2025-10-13T15:56:20.489+09:00 DEBUG 10272 --- [Shift Scheduler Demo] [           main] org.hibernate.SQL                        : delete from shift_assignments where id=?
Hibernate: delete from shift_assignments where id=?
2025-10-13T15:56:20.489+09:00 DEBUG 10272 --- [Shift Scheduler Demo] [           main] org.hibernate.SQL                        : delete from shift_assignments where id=?
Hibernate: delete from shift_assignments where id=?
2025-10-13T15:56:20.490+09:00 DEBUG 10272 --- [Shift Scheduler Demo] [           main] org.hibernate.SQL                        : delete from shift_assignments where id=?
Hibernate: delete from shift_assignments where id=?
2025-10-13T15:56:20.494+09:00 DEBUG 10272 --- [Shift Scheduler Demo] [           main] org.hibernate.SQL                        : delete from shift_assignments where id=?
Hibernate: delete from shift_assignments where id=?
2025-10-13T15:56:20.494+09:00 DEBUG 10272 --- [Shift Scheduler Demo] [           main] org.hibernate.SQL                        : delete from shift_assignments where id=?
Hibernate: delete from shift_assignments where id=?
2025-10-13T15:56:20.494+09:00 DEBUG 10272 --- [Shift Scheduler Demo] [           main] org.hibernate.SQL                        : delete from shift_assignments where id=?
Hibernate: delete from shift_assignments where id=?
2025-10-13T15:56:20.495+09:00 DEBUG 10272 --- [Shift Scheduler Demo] [           main] org.hibernate.SQL                        : delete from shift_assignments where id=?
Hibernate: delete from shift_assignments where id=?
2025-10-13T15:56:20.495+09:00 DEBUG 10272 --- [Shift Scheduler Demo] [           main] org.hibernate.SQL                        : delete from shift_assignments where id=?
Hibernate: delete from shift_assignments where id=?
2025-10-13T15:56:20.498+09:00 DEBUG 10272 --- [Shift Scheduler Demo] [           main] org.hibernate.SQL                        : delete from shift_assignments where id=?
Hibernate: delete from shift_assignments where id=?
2025-10-13T15:56:20.498+09:00 DEBUG 10272 --- [Shift Scheduler Demo] [           main] org.hibernate.SQL                        : delete from shift_assignments where id=?
Hibernate: delete from shift_assignments where id=?
2025-10-13T15:56:20.499+09:00 DEBUG 10272 --- [Shift Scheduler Demo] [           main] org.hibernate.SQL                        : delete from shift_assignments where id=?
Hibernate: delete from shift_assignments where id=?
2025-10-13T15:56:20.499+09:00 DEBUG 10272 --- [Shift Scheduler Demo] [           main] org.hibernate.SQL                        : delete from shift_assignments where id=?
Hibernate: delete from shift_assignments where id=?
2025-10-13T15:56:20.499+09:00 DEBUG 10272 --- [Shift Scheduler Demo] [           main] org.hibernate.SQL                        : delete from shift_assignments where id=?
Hibernate: delete from shift_assignments where id=?
2025-10-13T15:56:20.499+09:00 DEBUG 10272 --- [Shift Scheduler Demo] [           main] org.hibernate.SQL                        : delete from shift_assignments where id=?
Hibernate: delete from shift_assignments where id=?
2025-10-13T15:56:20.499+09:00 DEBUG 10272 --- [Shift Scheduler Demo] [           main] org.hibernate.SQL                        : delete from shift_assignments where id=?
Hibernate: delete from shift_assignments where id=?
2025-10-13T15:56:20.499+09:00 DEBUG 10272 --- [Shift Scheduler Demo] [           main] org.hibernate.SQL                        : delete from shift_assignments where id=?
Hibernate: delete from shift_assignments where id=?
2025-10-13T15:56:20.499+09:00 DEBUG 10272 --- [Shift Scheduler Demo] [           main] org.hibernate.SQL                        : delete from shift_assignments where id=?
Hibernate: delete from shift_assignments where id=?
2025-10-13T15:56:20.499+09:00 DEBUG 10272 --- [Shift Scheduler Demo] [           main] org.hibernate.SQL                        : delete from shift_assignments where id=?
Hibernate: delete from shift_assignments where id=?
2025-10-13T15:56:20.499+09:00 DEBUG 10272 --- [Shift Scheduler Demo] [           main] org.hibernate.SQL                        : delete from shift_assignments where id=?
Hibernate: delete from shift_assignments where id=?
2025-10-13T15:56:20.500+09:00 DEBUG 10272 --- [Shift Scheduler Demo] [           main] org.hibernate.SQL                        : delete from shift_assignments where id=?
Hibernate: delete from shift_assignments where id=?
2025-10-13T15:56:20.500+09:00 DEBUG 10272 --- [Shift Scheduler Demo] [           main] org.hibernate.SQL                        : delete from shift_assignments where id=?
Hibernate: delete from shift_assignments where id=?
2025-10-13T15:56:20.500+09:00 DEBUG 10272 --- [Shift Scheduler Demo] [           main] org.hibernate.SQL                        : delete from shift_assignments where id=?
Hibernate: delete from shift_assignments where id=?
2025-10-13T15:56:20.500+09:00 DEBUG 10272 --- [Shift Scheduler Demo] [           main] org.hibernate.SQL                        : delete from shift_assignments where id=?
Hibernate: delete from shift_assignments where id=?
2025-10-13T15:56:20.500+09:00 DEBUG 10272 --- [Shift Scheduler Demo] [           main] org.hibernate.SQL                        : delete from shift_assignments where id=?
Hibernate: delete from shift_assignments where id=?
2025-10-13T15:56:20.500+09:00 DEBUG 10272 --- [Shift Scheduler Demo] [           main] org.hibernate.SQL                        : delete from shift_assignments where id=?
Hibernate: delete from shift_assignments where id=?
2025-10-13T15:56:20.500+09:00 DEBUG 10272 --- [Shift Scheduler Demo] [           main] org.hibernate.SQL                        : delete from shift_assignments where id=?
Hibernate: delete from shift_assignments where id=?
2025-10-13T15:56:20.501+09:00 DEBUG 10272 --- [Shift Scheduler Demo] [           main] org.hibernate.SQL                        : delete from shift_assignments where id=?
Hibernate: delete from shift_assignments where id=?
2025-10-13T15:56:20.501+09:00 DEBUG 10272 --- [Shift Scheduler Demo] [           main] org.hibernate.SQL                        : delete from shift_assignments where id=?
Hibernate: delete from shift_assignments where id=?
2025-10-13T15:56:20.501+09:00 DEBUG 10272 --- [Shift Scheduler Demo] [           main] org.hibernate.SQL                        : delete from shift_assignments where id=?
Hibernate: delete from shift_assignments where id=?
2025-10-13T15:56:20.501+09:00 DEBUG 10272 --- [Shift Scheduler Demo] [           main] org.hibernate.SQL                        : delete from shift_assignments where id=?
Hibernate: delete from shift_assignments where id=?
2025-10-13T15:56:20.501+09:00 DEBUG 10272 --- [Shift Scheduler Demo] [           main] org.hibernate.SQL                        : delete from shift_assignments where id=?
Hibernate: delete from shift_assignments where id=?
2025-10-13T15:56:20.501+09:00 DEBUG 10272 --- [Shift Scheduler Demo] [           main] org.hibernate.SQL                        : delete from shift_assignments where id=?
Hibernate: delete from shift_assignments where id=?
2025-10-13T15:56:20.501+09:00 DEBUG 10272 --- [Shift Scheduler Demo] [           main] org.hibernate.SQL                        : delete from shift_assignments where id=?
Hibernate: delete from shift_assignments where id=?
2025-10-13T15:56:20.501+09:00 DEBUG 10272 --- [Shift Scheduler Demo] [           main] org.hibernate.SQL                        : delete from shift_assignments where id=?
Hibernate: delete from shift_assignments where id=?
2025-10-13T15:56:20.501+09:00 DEBUG 10272 --- [Shift Scheduler Demo] [           main] org.hibernate.SQL                        : delete from shift_assignments where id=?
Hibernate: delete from shift_assignments where id=?
2025-10-13T15:56:20.502+09:00 DEBUG 10272 --- [Shift Scheduler Demo] [           main] org.hibernate.SQL                        : delete from shift_assignments where id=?
Hibernate: delete from shift_assignments where id=?
2025-10-13T15:56:20.502+09:00 DEBUG 10272 --- [Shift Scheduler Demo] [           main] org.hibernate.SQL                        : delete from shift_assignments where id=?
Hibernate: delete from shift_assignments where id=?
2025-10-13T15:56:20.502+09:00 DEBUG 10272 --- [Shift Scheduler Demo] [           main] org.hibernate.SQL                        : delete from shift_assignments where id=?
Hibernate: delete from shift_assignments where id=?
2025-10-13T15:56:20.502+09:00 DEBUG 10272 --- [Shift Scheduler Demo] [           main] org.hibernate.SQL                        : delete from shift_assignments where id=?
Hibernate: delete from shift_assignments where id=?
2025-10-13T15:56:20.502+09:00 DEBUG 10272 --- [Shift Scheduler Demo] [           main] org.hibernate.SQL                        : delete from shift_assignments where id=?
Hibernate: delete from shift_assignments where id=?
2025-10-13T15:56:20.502+09:00 DEBUG 10272 --- [Shift Scheduler Demo] [           main] org.hibernate.SQL                        : delete from shift_assignments where id=?
Hibernate: delete from shift_assignments where id=?
2025-10-13T15:56:20.502+09:00 DEBUG 10272 --- [Shift Scheduler Demo] [           main] org.hibernate.SQL                        : delete from shift_assignments where id=?
Hibernate: delete from shift_assignments where id=?
2025-10-13T15:56:20.502+09:00 DEBUG 10272 --- [Shift Scheduler Demo] [           main] org.hibernate.SQL                        : delete from shift_assignments where id=?
Hibernate: delete from shift_assignments where id=?
2025-10-13T15:56:20.502+09:00 DEBUG 10272 --- [Shift Scheduler Demo] [           main] org.hibernate.SQL                        : delete from shift_assignments where id=?
Hibernate: delete from shift_assignments where id=?
2025-10-13T15:56:20.502+09:00 DEBUG 10272 --- [Shift Scheduler Demo] [           main] org.hibernate.SQL                        : delete from shift_assignments where id=?
Hibernate: delete from shift_assignments where id=?
2025-10-13T15:56:20.503+09:00 DEBUG 10272 --- [Shift Scheduler Demo] [           main] org.hibernate.SQL                        : delete from shift_assignments where id=?
Hibernate: delete from shift_assignments where id=?
2025-10-13T15:56:20.503+09:00 DEBUG 10272 --- [Shift Scheduler Demo] [           main] org.hibernate.SQL                        : delete from shift_assignments where id=?
Hibernate: delete from shift_assignments where id=?
2025-10-13T15:56:20.503+09:00 DEBUG 10272 --- [Shift Scheduler Demo] [           main] org.hibernate.SQL                        : delete from shift_assignments where id=?
Hibernate: delete from shift_assignments where id=?
2025-10-13T15:56:20.503+09:00 DEBUG 10272 --- [Shift Scheduler Demo] [           main] org.hibernate.SQL                        : delete from shift_assignments where id=?
Hibernate: delete from shift_assignments where id=?
2025-10-13T15:56:20.503+09:00 DEBUG 10272 --- [Shift Scheduler Demo] [           main] org.hibernate.SQL                        : delete from shift_assignments where id=?
Hibernate: delete from shift_assignments where id=?
2025-10-13T15:56:20.503+09:00 DEBUG 10272 --- [Shift Scheduler Demo] [           main] org.hibernate.SQL                        : delete from shift_assignments where id=?
Hibernate: delete from shift_assignments where id=?
2025-10-13T15:56:20.503+09:00 DEBUG 10272 --- [Shift Scheduler Demo] [           main] org.hibernate.SQL                        : delete from shift_assignments where id=?
Hibernate: delete from shift_assignments where id=?
2025-10-13T15:56:20.503+09:00 DEBUG 10272 --- [Shift Scheduler Demo] [           main] org.hibernate.SQL                        : delete from shift_assignments where id=?
Hibernate: delete from shift_assignments where id=?
2025-10-13T15:56:20.504+09:00 DEBUG 10272 --- [Shift Scheduler Demo] [           main] org.hibernate.SQL                        : delete from shift_assignments where id=?
Hibernate: delete from shift_assignments where id=?
2025-10-13T15:56:20.504+09:00 DEBUG 10272 --- [Shift Scheduler Demo] [           main] org.hibernate.SQL                        : delete from shift_assignments where id=?
Hibernate: delete from shift_assignments where id=?
2025-10-13T15:56:20.504+09:00 DEBUG 10272 --- [Shift Scheduler Demo] [           main] org.hibernate.SQL                        : delete from shift_assignments where id=?
Hibernate: delete from shift_assignments where id=?
2025-10-13T15:56:20.504+09:00 DEBUG 10272 --- [Shift Scheduler Demo] [           main] org.hibernate.SQL                        : delete from shift_assignments where id=?
Hibernate: delete from shift_assignments where id=?
2025-10-13T15:56:20.504+09:00 DEBUG 10272 --- [Shift Scheduler Demo] [           main] org.hibernate.SQL                        : delete from shift_assignments where id=?
Hibernate: delete from shift_assignments where id=?
2025-10-13T15:56:20.504+09:00 DEBUG 10272 --- [Shift Scheduler Demo] [           main] org.hibernate.SQL                        : delete from shift_assignments where id=?
Hibernate: delete from shift_assignments where id=?
2025-10-13T15:56:20.504+09:00 DEBUG 10272 --- [Shift Scheduler Demo] [           main] org.hibernate.SQL                        : delete from shift_assignments where id=?
Hibernate: delete from shift_assignments where id=?
2025-10-13T15:56:20.504+09:00 DEBUG 10272 --- [Shift Scheduler Demo] [           main] org.hibernate.SQL                        : delete from shift_assignments where id=?
Hibernate: delete from shift_assignments where id=?
2025-10-13T15:56:20.504+09:00 DEBUG 10272 --- [Shift Scheduler Demo] [           main] org.hibernate.SQL                        : delete from shift_assignments where id=?
Hibernate: delete from shift_assignments where id=?
2025-10-13T15:56:20.504+09:00 DEBUG 10272 --- [Shift Scheduler Demo] [           main] org.hibernate.SQL                        : delete from shift_assignments where id=?
Hibernate: delete from shift_assignments where id=?
2025-10-13T15:56:20.504+09:00 DEBUG 10272 --- [Shift Scheduler Demo] [           main] org.hibernate.SQL                        : delete from shift_assignments where id=?
Hibernate: delete from shift_assignments where id=?
2025-10-13T15:56:20.504+09:00 DEBUG 10272 --- [Shift Scheduler Demo] [           main] org.hibernate.SQL                        : delete from shift_assignments where id=?
Hibernate: delete from shift_assignments where id=?
2025-10-13T15:56:20.504+09:00 DEBUG 10272 --- [Shift Scheduler Demo] [           main] org.hibernate.SQL                        : delete from shift_assignments where id=?
Hibernate: delete from shift_assignments where id=?
2025-10-13T15:56:20.505+09:00 DEBUG 10272 --- [Shift Scheduler Demo] [           main] org.hibernate.SQL                        : delete from shift_assignments where id=?
Hibernate: delete from shift_assignments where id=?
2025-10-13T15:56:20.505+09:00 DEBUG 10272 --- [Shift Scheduler Demo] [           main] org.hibernate.SQL                        : delete from shift_assignments where id=?
Hibernate: delete from shift_assignments where id=?
2025-10-13T15:56:20.505+09:00 DEBUG 10272 --- [Shift Scheduler Demo] [           main] org.hibernate.SQL                        : delete from shift_assignments where id=?
Hibernate: delete from shift_assignments where id=?
2025-10-13T15:56:20.505+09:00 DEBUG 10272 --- [Shift Scheduler Demo] [           main] org.hibernate.SQL                        : delete from shift_assignments where id=?
Hibernate: delete from shift_assignments where id=?
2025-10-13T15:56:20.505+09:00 DEBUG 10272 --- [Shift Scheduler Demo] [           main] org.hibernate.SQL                        : delete from shift_assignments where id=?
Hibernate: delete from shift_assignments where id=?
2025-10-13T15:56:20.505+09:00 DEBUG 10272 --- [Shift Scheduler Demo] [           main] org.hibernate.SQL                        : delete from shift_assignments where id=?
Hibernate: delete from shift_assignments where id=?
2025-10-13T15:56:20.505+09:00 DEBUG 10272 --- [Shift Scheduler Demo] [           main] org.hibernate.SQL                        : delete from shift_assignments where id=?
Hibernate: delete from shift_assignments where id=?
2025-10-13T15:56:20.505+09:00 DEBUG 10272 --- [Shift Scheduler Demo] [           main] org.hibernate.SQL                        : delete from shift_assignments where id=?
Hibernate: delete from shift_assignments where id=?
2025-10-13T15:56:20.505+09:00 DEBUG 10272 --- [Shift Scheduler Demo] [           main] org.hibernate.SQL                        : delete from shift_assignments where id=?
Hibernate: delete from shift_assignments where id=?
2025-10-13T15:56:20.505+09:00 DEBUG 10272 --- [Shift Scheduler Demo] [           main] org.hibernate.SQL                        : delete from shift_assignments where id=?
Hibernate: delete from shift_assignments where id=?
2025-10-13T15:56:20.505+09:00 DEBUG 10272 --- [Shift Scheduler Demo] [           main] org.hibernate.SQL                        : delete from shift_assignments where id=?
Hibernate: delete from shift_assignments where id=?
2025-10-13T15:56:20.505+09:00 DEBUG 10272 --- [Shift Scheduler Demo] [           main] org.hibernate.SQL                        : delete from shift_assignments where id=?
Hibernate: delete from shift_assignments where id=?
2025-10-13T15:56:20.505+09:00 DEBUG 10272 --- [Shift Scheduler Demo] [           main] org.hibernate.SQL                        : delete from shift_assignments where id=?
Hibernate: delete from shift_assignments where id=?
2025-10-13T15:56:20.506+09:00 DEBUG 10272 --- [Shift Scheduler Demo] [           main] org.hibernate.SQL                        : delete from shift_assignments where id=?
Hibernate: delete from shift_assignments where id=?
2025-10-13T15:56:20.506+09:00 DEBUG 10272 --- [Shift Scheduler Demo] [           main] org.hibernate.SQL                        : delete from shift_assignments where id=?
Hibernate: delete from shift_assignments where id=?
2025-10-13T15:56:20.506+09:00 DEBUG 10272 --- [Shift Scheduler Demo] [           main] org.hibernate.SQL                        : delete from shift_assignments where id=?
Hibernate: delete from shift_assignments where id=?
2025-10-13T15:56:20.506+09:00 DEBUG 10272 --- [Shift Scheduler Demo] [           main] org.hibernate.SQL                        : delete from shift_assignments where id=?
Hibernate: delete from shift_assignments where id=?
2025-10-13T15:56:20.506+09:00 DEBUG 10272 --- [Shift Scheduler Demo] [           main] org.hibernate.SQL                        : delete from shift_assignments where id=?
Hibernate: delete from shift_assignments where id=?
2025-10-13T15:56:20.506+09:00 DEBUG 10272 --- [Shift Scheduler Demo] [           main] org.hibernate.SQL                        : delete from shift_assignments where id=?
Hibernate: delete from shift_assignments where id=?
2025-10-13T15:56:20.506+09:00 DEBUG 10272 --- [Shift Scheduler Demo] [           main] org.hibernate.SQL                        : delete from shift_assignments where id=?
Hibernate: delete from shift_assignments where id=?
2025-10-13T15:56:20.506+09:00 DEBUG 10272 --- [Shift Scheduler Demo] [           main] org.hibernate.SQL                        : delete from shift_assignments where id=?
Hibernate: delete from shift_assignments where id=?
2025-10-13T15:56:20.506+09:00 DEBUG 10272 --- [Shift Scheduler Demo] [           main] org.hibernate.SQL                        : delete from shift_assignments where id=?
Hibernate: delete from shift_assignments where id=?
2025-10-13T15:56:20.506+09:00 DEBUG 10272 --- [Shift Scheduler Demo] [           main] org.hibernate.SQL                        : delete from shift_assignments where id=?
Hibernate: delete from shift_assignments where id=?
2025-10-13T15:56:20.506+09:00 DEBUG 10272 --- [Shift Scheduler Demo] [           main] org.hibernate.SQL                        : delete from shift_assignments where id=?
Hibernate: delete from shift_assignments where id=?
2025-10-13T15:56:20.506+09:00 DEBUG 10272 --- [Shift Scheduler Demo] [           main] org.hibernate.SQL                        : delete from shift_assignments where id=?
Hibernate: delete from shift_assignments where id=?
2025-10-13T15:56:20.507+09:00 DEBUG 10272 --- [Shift Scheduler Demo] [           main] org.hibernate.SQL                        : delete from shift_assignments where id=?
Hibernate: delete from shift_assignments where id=?
2025-10-13T15:56:20.507+09:00 DEBUG 10272 --- [Shift Scheduler Demo] [           main] org.hibernate.SQL                        : delete from shift_assignments where id=?
Hibernate: delete from shift_assignments where id=?
2025-10-13T15:56:20.507+09:00 DEBUG 10272 --- [Shift Scheduler Demo] [           main] org.hibernate.SQL                        : delete from shift_assignments where id=?
Hibernate: delete from shift_assignments where id=?
2025-10-13T15:56:20.507+09:00 DEBUG 10272 --- [Shift Scheduler Demo] [           main] org.hibernate.SQL                        : delete from shift_assignments where id=?
Hibernate: delete from shift_assignments where id=?
2025-10-13T15:56:20.507+09:00 DEBUG 10272 --- [Shift Scheduler Demo] [           main] org.hibernate.SQL                        : delete from shift_assignments where id=?
Hibernate: delete from shift_assignments where id=?
2025-10-13T15:56:20.507+09:00 DEBUG 10272 --- [Shift Scheduler Demo] [           main] org.hibernate.SQL                        : delete from shift_assignments where id=?
Hibernate: delete from shift_assignments where id=?
2025-10-13T15:56:20.507+09:00 DEBUG 10272 --- [Shift Scheduler Demo] [           main] org.hibernate.SQL                        : delete from shift_assignments where id=?
Hibernate: delete from shift_assignments where id=?
2025-10-13T15:56:20.507+09:00 DEBUG 10272 --- [Shift Scheduler Demo] [           main] org.hibernate.SQL                        : delete from shift_assignments where id=?
Hibernate: delete from shift_assignments where id=?
2025-10-13T15:56:20.507+09:00 DEBUG 10272 --- [Shift Scheduler Demo] [           main] org.hibernate.SQL                        : delete from shift_assignments where id=?
Hibernate: delete from shift_assignments where id=?
2025-10-13T15:56:20.507+09:00 DEBUG 10272 --- [Shift Scheduler Demo] [           main] org.hibernate.SQL                        : delete from shift_assignments where id=?
Hibernate: delete from shift_assignments where id=?
2025-10-13T15:56:20.507+09:00 DEBUG 10272 --- [Shift Scheduler Demo] [           main] org.hibernate.SQL                        : delete from shift_assignments where id=?
Hibernate: delete from shift_assignments where id=?
2025-10-13T15:56:20.508+09:00 DEBUG 10272 --- [Shift Scheduler Demo] [           main] org.hibernate.SQL                        : delete from shift_assignments where id=?
Hibernate: delete from shift_assignments where id=?
2025-10-13T15:56:20.508+09:00 DEBUG 10272 --- [Shift Scheduler Demo] [           main] org.hibernate.SQL                        : delete from shift_assignments where id=?
Hibernate: delete from shift_assignments where id=?
2025-10-13T15:56:20.508+09:00 DEBUG 10272 --- [Shift Scheduler Demo] [           main] org.hibernate.SQL                        : delete from shift_assignments where id=?
Hibernate: delete from shift_assignments where id=?
2025-10-13T15:56:20.508+09:00 DEBUG 10272 --- [Shift Scheduler Demo] [           main] org.hibernate.SQL                        : delete from shift_assignments where id=?
Hibernate: delete from shift_assignments where id=?
2025-10-13T15:56:20.508+09:00 DEBUG 10272 --- [Shift Scheduler Demo] [           main] org.hibernate.SQL                        : delete from shift_assignments where id=?
Hibernate: delete from shift_assignments where id=?
2025-10-13T15:56:20.508+09:00 DEBUG 10272 --- [Shift Scheduler Demo] [           main] org.hibernate.SQL                        : delete from shift_assignments where id=?
Hibernate: delete from shift_assignments where id=?
2025-10-13T15:56:20.508+09:00 DEBUG 10272 --- [Shift Scheduler Demo] [           main] org.hibernate.SQL                        : delete from shift_assignments where id=?
Hibernate: delete from shift_assignments where id=?
2025-10-13T15:56:20.508+09:00 DEBUG 10272 --- [Shift Scheduler Demo] [           main] org.hibernate.SQL                        : delete from shift_assignments where id=?
Hibernate: delete from shift_assignments where id=?
2025-10-13T15:56:20.508+09:00 DEBUG 10272 --- [Shift Scheduler Demo] [           main] org.hibernate.SQL                        : delete from shift_assignments where id=?
Hibernate: delete from shift_assignments where id=?
2025-10-13T15:56:20.508+09:00 DEBUG 10272 --- [Shift Scheduler Demo] [           main] org.hibernate.SQL                        : delete from shift_assignments where id=?
Hibernate: delete from shift_assignments where id=?
2025-10-13T15:56:20.508+09:00 DEBUG 10272 --- [Shift Scheduler Demo] [           main] org.hibernate.SQL                        : delete from shift_assignments where id=?
Hibernate: delete from shift_assignments where id=?
2025-10-13T15:56:20.508+09:00 DEBUG 10272 --- [Shift Scheduler Demo] [           main] org.hibernate.SQL                        : delete from shift_assignments where id=?
Hibernate: delete from shift_assignments where id=?
2025-10-13T15:56:20.508+09:00 DEBUG 10272 --- [Shift Scheduler Demo] [           main] org.hibernate.SQL                        : delete from shift_assignments where id=?
Hibernate: delete from shift_assignments where id=?
2025-10-13T15:56:20.509+09:00 DEBUG 10272 --- [Shift Scheduler Demo] [           main] org.hibernate.SQL                        : delete from shift_assignments where id=?
Hibernate: delete from shift_assignments where id=?
2025-10-13T15:56:20.509+09:00 DEBUG 10272 --- [Shift Scheduler Demo] [           main] org.hibernate.SQL                        : delete from shift_assignments where id=?
Hibernate: delete from shift_assignments where id=?
2025-10-13T15:56:20.509+09:00 DEBUG 10272 --- [Shift Scheduler Demo] [           main] org.hibernate.SQL                        : delete from shift_assignments where id=?
Hibernate: delete from shift_assignments where id=?
2025-10-13T15:56:20.509+09:00 DEBUG 10272 --- [Shift Scheduler Demo] [           main] org.hibernate.SQL                        : delete from shift_assignments where id=?
Hibernate: delete from shift_assignments where id=?
2025-10-13T15:56:20.509+09:00 DEBUG 10272 --- [Shift Scheduler Demo] [           main] org.hibernate.SQL                        : delete from shift_assignments where id=?
Hibernate: delete from shift_assignments where id=?
2025-10-13T15:56:20.509+09:00 DEBUG 10272 --- [Shift Scheduler Demo] [           main] org.hibernate.SQL                        : delete from shift_assignments where id=?
Hibernate: delete from shift_assignments where id=?
2025-10-13T15:56:20.509+09:00 DEBUG 10272 --- [Shift Scheduler Demo] [           main] org.hibernate.SQL                        : delete from shift_assignments where id=?
Hibernate: delete from shift_assignments where id=?
2025-10-13T15:56:20.509+09:00 DEBUG 10272 --- [Shift Scheduler Demo] [           main] org.hibernate.SQL                        : delete from shift_assignments where id=?
Hibernate: delete from shift_assignments where id=?
2025-10-13T15:56:20.509+09:00 DEBUG 10272 --- [Shift Scheduler Demo] [           main] org.hibernate.SQL                        : delete from shift_assignments where id=?
Hibernate: delete from shift_assignments where id=?
2025-10-13T15:56:20.509+09:00 DEBUG 10272 --- [Shift Scheduler Demo] [           main] org.hibernate.SQL                        : delete from shift_assignments where id=?
Hibernate: delete from shift_assignments where id=?
2025-10-13T15:56:20.509+09:00 DEBUG 10272 --- [Shift Scheduler Demo] [           main] org.hibernate.SQL                        : delete from shift_assignments where id=?
Hibernate: delete from shift_assignments where id=?
2025-10-13T15:56:20.509+09:00 DEBUG 10272 --- [Shift Scheduler Demo] [           main] org.hibernate.SQL                        : delete from shift_assignments where id=?
Hibernate: delete from shift_assignments where id=?
2025-10-13T15:56:20.509+09:00 DEBUG 10272 --- [Shift Scheduler Demo] [           main] org.hibernate.SQL                        : delete from shift_assignments where id=?
Hibernate: delete from shift_assignments where id=?
2025-10-13T15:56:20.509+09:00 DEBUG 10272 --- [Shift Scheduler Demo] [           main] org.hibernate.SQL                        : delete from shift_assignments where id=?
Hibernate: delete from shift_assignments where id=?
2025-10-13T15:56:20.509+09:00 DEBUG 10272 --- [Shift Scheduler Demo] [           main] org.hibernate.SQL                        : delete from shift_assignments where id=?
Hibernate: delete from shift_assignments where id=?
2025-10-13T15:56:20.509+09:00 DEBUG 10272 --- [Shift Scheduler Demo] [           main] org.hibernate.SQL                        : delete from shift_assignments where id=?
Hibernate: delete from shift_assignments where id=?
2025-10-13T15:56:20.509+09:00 DEBUG 10272 --- [Shift Scheduler Demo] [           main] org.hibernate.SQL                        : delete from shift_assignments where id=?
Hibernate: delete from shift_assignments where id=?
2025-10-13T15:56:20.509+09:00 DEBUG 10272 --- [Shift Scheduler Demo] [           main] org.hibernate.SQL                        : delete from shift_assignments where id=?
Hibernate: delete from shift_assignments where id=?
2025-10-13T15:56:20.509+09:00 DEBUG 10272 --- [Shift Scheduler Demo] [           main] org.hibernate.SQL                        : delete from shift_assignments where id=?
Hibernate: delete from shift_assignments where id=?
2025-10-13T15:56:20.509+09:00 DEBUG 10272 --- [Shift Scheduler Demo] [           main] org.hibernate.SQL                        : delete from shift_assignments where id=?
Hibernate: delete from shift_assignments where id=?
2025-10-13T15:56:20.509+09:00 DEBUG 10272 --- [Shift Scheduler Demo] [           main] org.hibernate.SQL                        : delete from shift_assignments where id=?
Hibernate: delete from shift_assignments where id=?
2025-10-13T15:56:20.509+09:00 DEBUG 10272 --- [Shift Scheduler Demo] [           main] org.hibernate.SQL                        : delete from shift_assignments where id=?
Hibernate: delete from shift_assignments where id=?
2025-10-13T15:56:20.509+09:00 DEBUG 10272 --- [Shift Scheduler Demo] [           main] org.hibernate.SQL                        : delete from shift_assignments where id=?
Hibernate: delete from shift_assignments where id=?
2025-10-13T15:56:20.509+09:00 DEBUG 10272 --- [Shift Scheduler Demo] [           main] org.hibernate.SQL                        : delete from shift_assignments where id=?
Hibernate: delete from shift_assignments where id=?
2025-10-13T15:56:20.510+09:00 DEBUG 10272 --- [Shift Scheduler Demo] [           main] org.hibernate.SQL                        : delete from shift_assignments where id=?
Hibernate: delete from shift_assignments where id=?
2025-10-13T15:56:20.510+09:00 DEBUG 10272 --- [Shift Scheduler Demo] [           main] org.hibernate.SQL                        : delete from shift_assignments where id=?
Hibernate: delete from shift_assignments where id=?
2025-10-13T15:56:20.510+09:00 DEBUG 10272 --- [Shift Scheduler Demo] [           main] org.hibernate.SQL                        : delete from shift_assignments where id=?
Hibernate: delete from shift_assignments where id=?
2025-10-13T15:56:20.510+09:00 DEBUG 10272 --- [Shift Scheduler Demo] [           main] org.hibernate.SQL                        : delete from shift_assignments where id=?
Hibernate: delete from shift_assignments where id=?
2025-10-13T15:56:20.510+09:00 DEBUG 10272 --- [Shift Scheduler Demo] [           main] org.hibernate.SQL                        : delete from shift_assignments where id=?
Hibernate: delete from shift_assignments where id=?
2025-10-13T15:56:20.510+09:00 DEBUG 10272 --- [Shift Scheduler Demo] [           main] org.hibernate.SQL                        : delete from shift_assignments where id=?
Hibernate: delete from shift_assignments where id=?
2025-10-13T15:56:20.510+09:00 DEBUG 10272 --- [Shift Scheduler Demo] [           main] org.hibernate.SQL                        : delete from shift_assignments where id=?
Hibernate: delete from shift_assignments where id=?
2025-10-13T15:56:20.510+09:00 DEBUG 10272 --- [Shift Scheduler Demo] [           main] org.hibernate.SQL                        : delete from shift_assignments where id=?
Hibernate: delete from shift_assignments where id=?
2025-10-13T15:56:20.510+09:00 DEBUG 10272 --- [Shift Scheduler Demo] [           main] org.hibernate.SQL                        : delete from shift_assignments where id=?
Hibernate: delete from shift_assignments where id=?
2025-10-13T15:56:20.510+09:00 DEBUG 10272 --- [Shift Scheduler Demo] [           main] org.hibernate.SQL                        : delete from shift_assignments where id=?
Hibernate: delete from shift_assignments where id=?
2025-10-13T15:56:20.510+09:00 DEBUG 10272 --- [Shift Scheduler Demo] [           main] org.hibernate.SQL                        : delete from shift_assignments where id=?
Hibernate: delete from shift_assignments where id=?
2025-10-13T15:56:20.510+09:00 DEBUG 10272 --- [Shift Scheduler Demo] [           main] org.hibernate.SQL                        : delete from shift_assignments where id=?
Hibernate: delete from shift_assignments where id=?
2025-10-13T15:56:20.510+09:00 DEBUG 10272 --- [Shift Scheduler Demo] [           main] org.hibernate.SQL                        : delete from shift_assignments where id=?
Hibernate: delete from shift_assignments where id=?
2025-10-13T15:56:20.510+09:00 DEBUG 10272 --- [Shift Scheduler Demo] [           main] org.hibernate.SQL                        : delete from shift_assignments where id=?
Hibernate: delete from shift_assignments where id=?
2025-10-13T15:56:20.510+09:00 DEBUG 10272 --- [Shift Scheduler Demo] [           main] org.hibernate.SQL                        : delete from shift_assignments where id=?
Hibernate: delete from shift_assignments where id=?
2025-10-13T15:56:20.510+09:00 DEBUG 10272 --- [Shift Scheduler Demo] [           main] org.hibernate.SQL                        : delete from shift_assignments where id=?
Hibernate: delete from shift_assignments where id=?
2025-10-13T15:56:20.510+09:00 DEBUG 10272 --- [Shift Scheduler Demo] [           main] org.hibernate.SQL                        : delete from shift_assignments where id=?
Hibernate: delete from shift_assignments where id=?
2025-10-13T15:56:20.510+09:00 DEBUG 10272 --- [Shift Scheduler Demo] [           main] org.hibernate.SQL                        : delete from shift_assignments where id=?
Hibernate: delete from shift_assignments where id=?
2025-10-13T15:56:20.510+09:00 DEBUG 10272 --- [Shift Scheduler Demo] [           main] org.hibernate.SQL                        : delete from shift_assignments where id=?
Hibernate: delete from shift_assignments where id=?
2025-10-13T15:56:20.510+09:00 DEBUG 10272 --- [Shift Scheduler Demo] [           main] org.hibernate.SQL                        : delete from shift_assignments where id=?
Hibernate: delete from shift_assignments where id=?
2025-10-13T15:56:20.511+09:00 DEBUG 10272 --- [Shift Scheduler Demo] [           main] org.hibernate.SQL                        : delete from shift_assignments where id=?
Hibernate: delete from shift_assignments where id=?
2025-10-13T15:56:20.511+09:00 DEBUG 10272 --- [Shift Scheduler Demo] [           main] org.hibernate.SQL                        : delete from shift_assignments where id=?
Hibernate: delete from shift_assignments where id=?
2025-10-13T15:56:20.511+09:00 DEBUG 10272 --- [Shift Scheduler Demo] [           main] org.hibernate.SQL                        : delete from shift_assignments where id=?
Hibernate: delete from shift_assignments where id=?
2025-10-13T15:56:20.511+09:00 DEBUG 10272 --- [Shift Scheduler Demo] [           main] org.hibernate.SQL                        : delete from shift_assignments where id=?
Hibernate: delete from shift_assignments where id=?
2025-10-13T15:56:20.511+09:00 DEBUG 10272 --- [Shift Scheduler Demo] [           main] org.hibernate.SQL                        : delete from shift_assignments where id=?
Hibernate: delete from shift_assignments where id=?
2025-10-13T15:56:20.511+09:00 DEBUG 10272 --- [Shift Scheduler Demo] [           main] org.hibernate.SQL                        : delete from shift_assignments where id=?
Hibernate: delete from shift_assignments where id=?
2025-10-13T15:56:20.511+09:00 DEBUG 10272 --- [Shift Scheduler Demo] [           main] org.hibernate.SQL                        : delete from shift_assignments where id=?
Hibernate: delete from shift_assignments where id=?
2025-10-13T15:56:20.511+09:00 DEBUG 10272 --- [Shift Scheduler Demo] [           main] org.hibernate.SQL                        : delete from shift_assignments where id=?
Hibernate: delete from shift_assignments where id=?
2025-10-13T15:56:20.511+09:00 DEBUG 10272 --- [Shift Scheduler Demo] [           main] org.hibernate.SQL                        : delete from shift_assignments where id=?
Hibernate: delete from shift_assignments where id=?
2025-10-13T15:56:20.511+09:00 DEBUG 10272 --- [Shift Scheduler Demo] [           main] org.hibernate.SQL                        : delete from shift_assignments where id=?
Hibernate: delete from shift_assignments where id=?
2025-10-13T15:56:20.511+09:00 DEBUG 10272 --- [Shift Scheduler Demo] [           main] org.hibernate.SQL                        : delete from shift_assignments where id=?
Hibernate: delete from shift_assignments where id=?
2025-10-13T15:56:20.511+09:00 DEBUG 10272 --- [Shift Scheduler Demo] [           main] org.hibernate.SQL                        : delete from shift_assignments where id=?
Hibernate: delete from shift_assignments where id=?
2025-10-13T15:56:20.511+09:00 DEBUG 10272 --- [Shift Scheduler Demo] [           main] org.hibernate.SQL                        : delete from shift_assignments where id=?
Hibernate: delete from shift_assignments where id=?
2025-10-13T15:56:20.511+09:00 DEBUG 10272 --- [Shift Scheduler Demo] [           main] org.hibernate.SQL                        : delete from shift_assignments where id=?
Hibernate: delete from shift_assignments where id=?
2025-10-13T15:56:20.511+09:00 DEBUG 10272 --- [Shift Scheduler Demo] [           main] org.hibernate.SQL                        : delete from shift_assignments where id=?
Hibernate: delete from shift_assignments where id=?
2025-10-13T15:56:20.512+09:00 DEBUG 10272 --- [Shift Scheduler Demo] [           main] org.hibernate.SQL                        : delete from shift_assignments where id=?
Hibernate: delete from shift_assignments where id=?
2025-10-13T15:56:20.512+09:00 DEBUG 10272 --- [Shift Scheduler Demo] [           main] org.hibernate.SQL                        : delete from shift_assignments where id=?
Hibernate: delete from shift_assignments where id=?
2025-10-13T15:56:20.512+09:00 DEBUG 10272 --- [Shift Scheduler Demo] [           main] org.hibernate.SQL                        : delete from shift_assignments where id=?
Hibernate: delete from shift_assignments where id=?
2025-10-13T15:56:20.512+09:00 DEBUG 10272 --- [Shift Scheduler Demo] [           main] org.hibernate.SQL                        : delete from shift_assignments where id=?
Hibernate: delete from shift_assignments where id=?
2025-10-13T15:56:20.512+09:00 DEBUG 10272 --- [Shift Scheduler Demo] [           main] org.hibernate.SQL                        : delete from shift_assignments where id=?
Hibernate: delete from shift_assignments where id=?
2025-10-13T15:56:20.512+09:00 DEBUG 10272 --- [Shift Scheduler Demo] [           main] org.hibernate.SQL                        : delete from shift_assignments where id=?
Hibernate: delete from shift_assignments where id=?
2025-10-13T15:56:20.512+09:00 DEBUG 10272 --- [Shift Scheduler Demo] [           main] org.hibernate.SQL                        : delete from shift_assignments where id=?
Hibernate: delete from shift_assignments where id=?
2025-10-13T15:56:20.512+09:00 DEBUG 10272 --- [Shift Scheduler Demo] [           main] org.hibernate.SQL                        : delete from shift_assignments where id=?
Hibernate: delete from shift_assignments where id=?
2025-10-13T15:56:20.513+09:00 DEBUG 10272 --- [Shift Scheduler Demo] [           main] org.hibernate.SQL                        : delete from shift_assignments where id=?
Hibernate: delete from shift_assignments where id=?
2025-10-13T15:56:20.513+09:00 DEBUG 10272 --- [Shift Scheduler Demo] [           main] org.hibernate.SQL                        : delete from shift_assignments where id=?
Hibernate: delete from shift_assignments where id=?
2025-10-13T15:56:20.513+09:00 DEBUG 10272 --- [Shift Scheduler Demo] [           main] org.hibernate.SQL                        : delete from shift_assignments where id=?
Hibernate: delete from shift_assignments where id=?
2025-10-13T15:56:20.513+09:00 DEBUG 10272 --- [Shift Scheduler Demo] [           main] org.hibernate.SQL                        : delete from shift_assignments where id=?
Hibernate: delete from shift_assignments where id=?
2025-10-13T15:56:20.513+09:00 DEBUG 10272 --- [Shift Scheduler Demo] [           main] org.hibernate.SQL                        : delete from shift_assignments where id=?
Hibernate: delete from shift_assignments where id=?
2025-10-13T15:56:20.513+09:00 DEBUG 10272 --- [Shift Scheduler Demo] [           main] org.hibernate.SQL                        : delete from shift_assignments where id=?
Hibernate: delete from shift_assignments where id=?
2025-10-13T15:56:20.513+09:00 DEBUG 10272 --- [Shift Scheduler Demo] [           main] org.hibernate.SQL                        : delete from shift_assignments where id=?
Hibernate: delete from shift_assignments where id=?
2025-10-13T15:56:20.513+09:00 DEBUG 10272 --- [Shift Scheduler Demo] [           main] org.hibernate.SQL                        : delete from shift_assignments where id=?
Hibernate: delete from shift_assignments where id=?
2025-10-13T15:56:20.513+09:00 DEBUG 10272 --- [Shift Scheduler Demo] [           main] org.hibernate.SQL                        : delete from shift_assignments where id=?
Hibernate: delete from shift_assignments where id=?
2025-10-13T15:56:20.513+09:00 DEBUG 10272 --- [Shift Scheduler Demo] [           main] org.hibernate.SQL                        : delete from shift_assignments where id=?
Hibernate: delete from shift_assignments where id=?
2025-10-13T15:56:20.513+09:00 DEBUG 10272 --- [Shift Scheduler Demo] [           main] org.hibernate.SQL                        : delete from shift_assignments where id=?
Hibernate: delete from shift_assignments where id=?
2025-10-13T15:56:20.514+09:00 DEBUG 10272 --- [Shift Scheduler Demo] [           main] org.hibernate.SQL                        : delete from shift_assignments where id=?
Hibernate: delete from shift_assignments where id=?
2025-10-13T15:56:20.514+09:00 DEBUG 10272 --- [Shift Scheduler Demo] [           main] org.hibernate.SQL                        : delete from shift_assignments where id=?
Hibernate: delete from shift_assignments where id=?
2025-10-13T15:56:20.514+09:00 DEBUG 10272 --- [Shift Scheduler Demo] [           main] org.hibernate.SQL                        : delete from shift_assignments where id=?
Hibernate: delete from shift_assignments where id=?
2025-10-13T15:56:20.514+09:00 DEBUG 10272 --- [Shift Scheduler Demo] [           main] org.hibernate.SQL                        : delete from shift_assignments where id=?
Hibernate: delete from shift_assignments where id=?
2025-10-13T15:56:20.514+09:00 DEBUG 10272 --- [Shift Scheduler Demo] [           main] org.hibernate.SQL                        : delete from shift_assignments where id=?
Hibernate: delete from shift_assignments where id=?
2025-10-13T15:56:20.514+09:00 DEBUG 10272 --- [Shift Scheduler Demo] [           main] org.hibernate.SQL                        : delete from shift_assignments where id=?
Hibernate: delete from shift_assignments where id=?
2025-10-13T15:56:20.514+09:00 DEBUG 10272 --- [Shift Scheduler Demo] [           main] org.hibernate.SQL                        : delete from shift_assignments where id=?
Hibernate: delete from shift_assignments where id=?
2025-10-13T15:56:20.514+09:00 DEBUG 10272 --- [Shift Scheduler Demo] [           main] org.hibernate.SQL                        : delete from shift_assignments where id=?
Hibernate: delete from shift_assignments where id=?
2025-10-13T15:56:20.514+09:00 DEBUG 10272 --- [Shift Scheduler Demo] [           main] org.hibernate.SQL                        : delete from shift_assignments where id=?
Hibernate: delete from shift_assignments where id=?
2025-10-13T15:56:20.514+09:00 DEBUG 10272 --- [Shift Scheduler Demo] [           main] org.hibernate.SQL                        : delete from shift_assignments where id=?
Hibernate: delete from shift_assignments where id=?
2025-10-13T15:56:20.514+09:00 DEBUG 10272 --- [Shift Scheduler Demo] [           main] org.hibernate.SQL                        : delete from shift_assignments where id=?
Hibernate: delete from shift_assignments where id=?
2025-10-13T15:56:20.515+09:00 DEBUG 10272 --- [Shift Scheduler Demo] [           main] org.hibernate.SQL                        : delete from shift_assignments where id=?
Hibernate: delete from shift_assignments where id=?
2025-10-13T15:56:20.515+09:00 DEBUG 10272 --- [Shift Scheduler Demo] [           main] org.hibernate.SQL                        : delete from shift_assignments where id=?
Hibernate: delete from shift_assignments where id=?
2025-10-13T15:56:20.515+09:00 DEBUG 10272 --- [Shift Scheduler Demo] [           main] org.hibernate.SQL                        : delete from shift_assignments where id=?
Hibernate: delete from shift_assignments where id=?
2025-10-13T15:56:20.515+09:00 DEBUG 10272 --- [Shift Scheduler Demo] [           main] org.hibernate.SQL                        : delete from shift_assignments where id=?
Hibernate: delete from shift_assignments where id=?
2025-10-13T15:56:20.515+09:00 DEBUG 10272 --- [Shift Scheduler Demo] [           main] org.hibernate.SQL                        : delete from shift_assignments where id=?
Hibernate: delete from shift_assignments where id=?
2025-10-13T15:56:20.515+09:00 DEBUG 10272 --- [Shift Scheduler Demo] [           main] org.hibernate.SQL                        : delete from shift_assignments where id=?
Hibernate: delete from shift_assignments where id=?
2025-10-13T15:56:20.515+09:00 DEBUG 10272 --- [Shift Scheduler Demo] [           main] org.hibernate.SQL                        : delete from shift_assignments where id=?
Hibernate: delete from shift_assignments where id=?
2025-10-13T15:56:20.515+09:00 DEBUG 10272 --- [Shift Scheduler Demo] [           main] org.hibernate.SQL                        : delete from shift_assignments where id=?
Hibernate: delete from shift_assignments where id=?
2025-10-13T15:56:20.515+09:00 DEBUG 10272 --- [Shift Scheduler Demo] [           main] org.hibernate.SQL                        : delete from shift_assignments where id=?
Hibernate: delete from shift_assignments where id=?
2025-10-13T15:56:20.515+09:00 DEBUG 10272 --- [Shift Scheduler Demo] [           main] org.hibernate.SQL                        : delete from shift_assignments where id=?
Hibernate: delete from shift_assignments where id=?
2025-10-13T15:56:20.515+09:00 DEBUG 10272 --- [Shift Scheduler Demo] [           main] org.hibernate.SQL                        : delete from shift_assignments where id=?
Hibernate: delete from shift_assignments where id=?
2025-10-13T15:56:20.515+09:00 DEBUG 10272 --- [Shift Scheduler Demo] [           main] org.hibernate.SQL                        : delete from shift_assignments where id=?
Hibernate: delete from shift_assignments where id=?
2025-10-13T15:56:20.515+09:00 DEBUG 10272 --- [Shift Scheduler Demo] [           main] org.hibernate.SQL                        : delete from shift_assignments where id=?
Hibernate: delete from shift_assignments where id=?
2025-10-13T15:56:20.516+09:00 DEBUG 10272 --- [Shift Scheduler Demo] [           main] org.hibernate.SQL                        : delete from shift_assignments where id=?
Hibernate: delete from shift_assignments where id=?
2025-10-13T15:56:20.516+09:00 DEBUG 10272 --- [Shift Scheduler Demo] [           main] org.hibernate.SQL                        : delete from shift_assignments where id=?
Hibernate: delete from shift_assignments where id=?
2025-10-13T15:56:20.516+09:00 DEBUG 10272 --- [Shift Scheduler Demo] [           main] org.hibernate.SQL                        : delete from shift_assignments where id=?
Hibernate: delete from shift_assignments where id=?
2025-10-13T15:56:20.516+09:00 DEBUG 10272 --- [Shift Scheduler Demo] [           main] org.hibernate.SQL                        : delete from shift_assignments where id=?
Hibernate: delete from shift_assignments where id=?
2025-10-13T15:56:20.516+09:00 DEBUG 10272 --- [Shift Scheduler Demo] [           main] org.hibernate.SQL                        : delete from shift_assignments where id=?
Hibernate: delete from shift_assignments where id=?
2025-10-13T15:56:20.516+09:00 DEBUG 10272 --- [Shift Scheduler Demo] [           main] org.hibernate.SQL                        : delete from shift_assignments where id=?
Hibernate: delete from shift_assignments where id=?
2025-10-13T15:56:20.516+09:00 DEBUG 10272 --- [Shift Scheduler Demo] [           main] org.hibernate.SQL                        : delete from shift_assignments where id=?
Hibernate: delete from shift_assignments where id=?
2025-10-13T15:56:20.516+09:00 DEBUG 10272 --- [Shift Scheduler Demo] [           main] org.hibernate.SQL                        : delete from shift_assignments where id=?
Hibernate: delete from shift_assignments where id=?
2025-10-13T15:56:20.516+09:00 DEBUG 10272 --- [Shift Scheduler Demo] [           main] org.hibernate.SQL                        : delete from shift_assignments where id=?
Hibernate: delete from shift_assignments where id=?
2025-10-13T15:56:20.516+09:00 DEBUG 10272 --- [Shift Scheduler Demo] [           main] org.hibernate.SQL                        : delete from shift_assignments where id=?
Hibernate: delete from shift_assignments where id=?
2025-10-13T15:56:20.516+09:00 DEBUG 10272 --- [Shift Scheduler Demo] [           main] org.hibernate.SQL                        : delete from shift_assignments where id=?
Hibernate: delete from shift_assignments where id=?
2025-10-13T15:56:20.516+09:00 DEBUG 10272 --- [Shift Scheduler Demo] [           main] org.hibernate.SQL                        : delete from shift_assignments where id=?
Hibernate: delete from shift_assignments where id=?
2025-10-13T15:56:20.516+09:00 DEBUG 10272 --- [Shift Scheduler Demo] [           main] org.hibernate.SQL                        : delete from shift_assignments where id=?
Hibernate: delete from shift_assignments where id=?
2025-10-13T15:56:20.517+09:00 DEBUG 10272 --- [Shift Scheduler Demo] [           main] org.hibernate.SQL                        : delete from shift_assignments where id=?
Hibernate: delete from shift_assignments where id=?
2025-10-13T15:56:20.517+09:00 DEBUG 10272 --- [Shift Scheduler Demo] [           main] org.hibernate.SQL                        : delete from shift_assignments where id=?
Hibernate: delete from shift_assignments where id=?
2025-10-13T15:56:20.517+09:00 DEBUG 10272 --- [Shift Scheduler Demo] [           main] org.hibernate.SQL                        : delete from shift_assignments where id=?
Hibernate: delete from shift_assignments where id=?
2025-10-13T15:56:20.517+09:00 DEBUG 10272 --- [Shift Scheduler Demo] [           main] org.hibernate.SQL                        : delete from shift_assignments where id=?
Hibernate: delete from shift_assignments where id=?
2025-10-13T15:56:20.517+09:00 DEBUG 10272 --- [Shift Scheduler Demo] [           main] org.hibernate.SQL                        : delete from shift_assignments where id=?
Hibernate: delete from shift_assignments where id=?
2025-10-13T15:56:20.517+09:00 DEBUG 10272 --- [Shift Scheduler Demo] [           main] org.hibernate.SQL                        : delete from shift_assignments where id=?
Hibernate: delete from shift_assignments where id=?
2025-10-13T15:56:20.517+09:00 DEBUG 10272 --- [Shift Scheduler Demo] [           main] org.hibernate.SQL                        : delete from shift_assignments where id=?
Hibernate: delete from shift_assignments where id=?
2025-10-13T15:56:20.517+09:00 DEBUG 10272 --- [Shift Scheduler Demo] [           main] org.hibernate.SQL                        : delete from shift_assignments where id=?
Hibernate: delete from shift_assignments where id=?
2025-10-13T15:56:20.517+09:00 DEBUG 10272 --- [Shift Scheduler Demo] [           main] org.hibernate.SQL                        : delete from shift_assignments where id=?
Hibernate: delete from shift_assignments where id=?
2025-10-13T15:56:20.517+09:00 DEBUG 10272 --- [Shift Scheduler Demo] [           main] org.hibernate.SQL                        : delete from shift_assignments where id=?
Hibernate: delete from shift_assignments where id=?
2025-10-13T15:56:20.517+09:00 DEBUG 10272 --- [Shift Scheduler Demo] [           main] org.hibernate.SQL                        : delete from shift_assignments where id=?
Hibernate: delete from shift_assignments where id=?
2025-10-13T15:56:20.517+09:00 DEBUG 10272 --- [Shift Scheduler Demo] [           main] org.hibernate.SQL                        : delete from shift_assignments where id=?
Hibernate: delete from shift_assignments where id=?
2025-10-13T15:56:20.517+09:00 DEBUG 10272 --- [Shift Scheduler Demo] [           main] org.hibernate.SQL                        : delete from shift_assignments where id=?
Hibernate: delete from shift_assignments where id=?
2025-10-13T15:56:20.517+09:00 DEBUG 10272 --- [Shift Scheduler Demo] [           main] org.hibernate.SQL                        : delete from shift_assignments where id=?
Hibernate: delete from shift_assignments where id=?
2025-10-13T15:56:20.518+09:00 DEBUG 10272 --- [Shift Scheduler Demo] [           main] org.hibernate.SQL                        : delete from shift_assignments where id=?
Hibernate: delete from shift_assignments where id=?
2025-10-13T15:56:20.518+09:00 DEBUG 10272 --- [Shift Scheduler Demo] [           main] org.hibernate.SQL                        : delete from shift_assignments where id=?
Hibernate: delete from shift_assignments where id=?
2025-10-13T15:56:20.518+09:00 DEBUG 10272 --- [Shift Scheduler Demo] [           main] org.hibernate.SQL                        : delete from shift_assignments where id=?
Hibernate: delete from shift_assignments where id=?
2025-10-13T15:56:20.518+09:00 DEBUG 10272 --- [Shift Scheduler Demo] [           main] org.hibernate.SQL                        : delete from shift_assignments where id=?
Hibernate: delete from shift_assignments where id=?
2025-10-13T15:56:20.518+09:00 DEBUG 10272 --- [Shift Scheduler Demo] [           main] org.hibernate.SQL                        : delete from shift_assignments where id=?
Hibernate: delete from shift_assignments where id=?
2025-10-13T15:56:20.518+09:00 DEBUG 10272 --- [Shift Scheduler Demo] [           main] org.hibernate.SQL                        : delete from shift_assignments where id=?
Hibernate: delete from shift_assignments where id=?
2025-10-13T15:56:20.518+09:00 DEBUG 10272 --- [Shift Scheduler Demo] [           main] org.hibernate.SQL                        : delete from shift_assignments where id=?
Hibernate: delete from shift_assignments where id=?
2025-10-13T15:56:20.518+09:00 DEBUG 10272 --- [Shift Scheduler Demo] [           main] org.hibernate.SQL                        : delete from shift_assignments where id=?
Hibernate: delete from shift_assignments where id=?
2025-10-13T15:56:20.518+09:00 DEBUG 10272 --- [Shift Scheduler Demo] [           main] org.hibernate.SQL                        : delete from shift_assignments where id=?
Hibernate: delete from shift_assignments where id=?
2025-10-13T15:56:20.518+09:00 DEBUG 10272 --- [Shift Scheduler Demo] [           main] org.hibernate.SQL                        : delete from shift_assignments where id=?
Hibernate: delete from shift_assignments where id=?
2025-10-13T15:56:20.518+09:00 DEBUG 10272 --- [Shift Scheduler Demo] [           main] org.hibernate.SQL                        : delete from shift_assignments where id=?
Hibernate: delete from shift_assignments where id=?
2025-10-13T15:56:20.518+09:00 DEBUG 10272 --- [Shift Scheduler Demo] [           main] org.hibernate.SQL                        : delete from shift_assignments where id=?
Hibernate: delete from shift_assignments where id=?
2025-10-13T15:56:20.518+09:00 DEBUG 10272 --- [Shift Scheduler Demo] [           main] org.hibernate.SQL                        : delete from shift_assignments where id=?
Hibernate: delete from shift_assignments where id=?
2025-10-13T15:56:20.519+09:00 DEBUG 10272 --- [Shift Scheduler Demo] [           main] org.hibernate.SQL                        : delete from shift_assignments where id=?
Hibernate: delete from shift_assignments where id=?
2025-10-13T15:56:20.519+09:00 DEBUG 10272 --- [Shift Scheduler Demo] [           main] org.hibernate.SQL                        : delete from shift_assignments where id=?
Hibernate: delete from shift_assignments where id=?
2025-10-13T15:56:20.519+09:00 DEBUG 10272 --- [Shift Scheduler Demo] [           main] org.hibernate.SQL                        : delete from shift_assignments where id=?
Hibernate: delete from shift_assignments where id=?
2025-10-13T15:56:20.519+09:00 DEBUG 10272 --- [Shift Scheduler Demo] [           main] org.hibernate.SQL                        : delete from shift_assignments where id=?
Hibernate: delete from shift_assignments where id=?
2025-10-13T15:56:20.519+09:00 DEBUG 10272 --- [Shift Scheduler Demo] [           main] org.hibernate.SQL                        : delete from shift_assignments where id=?
Hibernate: delete from shift_assignments where id=?
2025-10-13T15:56:20.519+09:00 DEBUG 10272 --- [Shift Scheduler Demo] [           main] org.hibernate.SQL                        : delete from shift_assignments where id=?
Hibernate: delete from shift_assignments where id=?
2025-10-13T15:56:20.519+09:00 DEBUG 10272 --- [Shift Scheduler Demo] [           main] org.hibernate.SQL                        : delete from shift_assignments where id=?
Hibernate: delete from shift_assignments where id=?
2025-10-13T15:56:20.519+09:00 DEBUG 10272 --- [Shift Scheduler Demo] [           main] org.hibernate.SQL                        : delete from shift_assignments where id=?
Hibernate: delete from shift_assignments where id=?
2025-10-13T15:56:20.519+09:00 DEBUG 10272 --- [Shift Scheduler Demo] [           main] org.hibernate.SQL                        : delete from shift_assignments where id=?
Hibernate: delete from shift_assignments where id=?
2025-10-13T15:56:20.519+09:00 DEBUG 10272 --- [Shift Scheduler Demo] [           main] org.hibernate.SQL                        : delete from shift_assignments where id=?
Hibernate: delete from shift_assignments where id=?
2025-10-13T15:56:20.519+09:00 DEBUG 10272 --- [Shift Scheduler Demo] [           main] org.hibernate.SQL                        : delete from shift_assignments where id=?
Hibernate: delete from shift_assignments where id=?
2025-10-13T15:56:20.519+09:00 DEBUG 10272 --- [Shift Scheduler Demo] [           main] org.hibernate.SQL                        : delete from shift_assignments where id=?
Hibernate: delete from shift_assignments where id=?
2025-10-13T15:56:20.520+09:00 DEBUG 10272 --- [Shift Scheduler Demo] [           main] org.hibernate.SQL                        : delete from shift_assignments where id=?
Hibernate: delete from shift_assignments where id=?
2025-10-13T15:56:20.520+09:00 DEBUG 10272 --- [Shift Scheduler Demo] [           main] org.hibernate.SQL                        : delete from shift_assignments where id=?
Hibernate: delete from shift_assignments where id=?
2025-10-13T15:56:20.520+09:00 DEBUG 10272 --- [Shift Scheduler Demo] [           main] org.hibernate.SQL                        : delete from shift_assignments where id=?
Hibernate: delete from shift_assignments where id=?
2025-10-13T15:56:20.520+09:00 DEBUG 10272 --- [Shift Scheduler Demo] [           main] org.hibernate.SQL                        : delete from shift_assignments where id=?
Hibernate: delete from shift_assignments where id=?
2025-10-13T15:56:20.520+09:00 DEBUG 10272 --- [Shift Scheduler Demo] [           main] org.hibernate.SQL                        : delete from shift_assignments where id=?
Hibernate: delete from shift_assignments where id=?
2025-10-13T15:56:20.520+09:00 DEBUG 10272 --- [Shift Scheduler Demo] [           main] org.hibernate.SQL                        : delete from shift_assignments where id=?
Hibernate: delete from shift_assignments where id=?
2025-10-13T15:56:20.520+09:00 DEBUG 10272 --- [Shift Scheduler Demo] [           main] org.hibernate.SQL                        : delete from shift_assignments where id=?
Hibernate: delete from shift_assignments where id=?
2025-10-13T15:56:20.520+09:00 DEBUG 10272 --- [Shift Scheduler Demo] [           main] org.hibernate.SQL                        : delete from shift_assignments where id=?
Hibernate: delete from shift_assignments where id=?
2025-10-13T15:56:20.520+09:00 DEBUG 10272 --- [Shift Scheduler Demo] [           main] org.hibernate.SQL                        : delete from shift_assignments where id=?
Hibernate: delete from shift_assignments where id=?
2025-10-13T15:56:20.520+09:00 DEBUG 10272 --- [Shift Scheduler Demo] [           main] org.hibernate.SQL                        : delete from shift_assignments where id=?
Hibernate: delete from shift_assignments where id=?
2025-10-13T15:56:20.520+09:00 DEBUG 10272 --- [Shift Scheduler Demo] [           main] org.hibernate.SQL                        : delete from shift_assignments where id=?
Hibernate: delete from shift_assignments where id=?
2025-10-13T15:56:20.520+09:00 DEBUG 10272 --- [Shift Scheduler Demo] [           main] org.hibernate.SQL                        : delete from shift_assignments where id=?
Hibernate: delete from shift_assignments where id=?
2025-10-13T15:56:20.520+09:00 DEBUG 10272 --- [Shift Scheduler Demo] [           main] org.hibernate.SQL                        : delete from shift_assignments where id=?
Hibernate: delete from shift_assignments where id=?
2025-10-13T15:56:20.521+09:00 DEBUG 10272 --- [Shift Scheduler Demo] [           main] org.hibernate.SQL                        : delete from shift_assignments where id=?
Hibernate: delete from shift_assignments where id=?
2025-10-13T15:56:20.521+09:00 DEBUG 10272 --- [Shift Scheduler Demo] [           main] org.hibernate.SQL                        : delete from shift_assignments where id=?
Hibernate: delete from shift_assignments where id=?
2025-10-13T15:56:20.521+09:00 DEBUG 10272 --- [Shift Scheduler Demo] [           main] org.hibernate.SQL                        : delete from shift_assignments where id=?
Hibernate: delete from shift_assignments where id=?
2025-10-13T15:56:20.521+09:00 DEBUG 10272 --- [Shift Scheduler Demo] [           main] org.hibernate.SQL                        : delete from shift_assignments where id=?
Hibernate: delete from shift_assignments where id=?
2025-10-13T15:56:20.521+09:00 DEBUG 10272 --- [Shift Scheduler Demo] [           main] org.hibernate.SQL                        : delete from shift_assignments where id=?
Hibernate: delete from shift_assignments where id=?
2025-10-13T15:56:20.521+09:00 DEBUG 10272 --- [Shift Scheduler Demo] [           main] org.hibernate.SQL                        : delete from shift_assignments where id=?
Hibernate: delete from shift_assignments where id=?
2025-10-13T15:56:20.521+09:00 DEBUG 10272 --- [Shift Scheduler Demo] [           main] org.hibernate.SQL                        : delete from shift_assignments where id=?
Hibernate: delete from shift_assignments where id=?
2025-10-13T15:56:20.521+09:00 DEBUG 10272 --- [Shift Scheduler Demo] [           main] org.hibernate.SQL                        : delete from shift_assignments where id=?
Hibernate: delete from shift_assignments where id=?
2025-10-13T15:56:20.521+09:00 DEBUG 10272 --- [Shift Scheduler Demo] [           main] org.hibernate.SQL                        : delete from shift_assignments where id=?
Hibernate: delete from shift_assignments where id=?
2025-10-13T15:56:20.521+09:00 DEBUG 10272 --- [Shift Scheduler Demo] [           main] org.hibernate.SQL                        : delete from shift_assignments where id=?
Hibernate: delete from shift_assignments where id=?
2025-10-13T15:56:20.521+09:00 DEBUG 10272 --- [Shift Scheduler Demo] [           main] org.hibernate.SQL                        : delete from shift_assignments where id=?
Hibernate: delete from shift_assignments where id=?
2025-10-13T15:56:20.521+09:00 DEBUG 10272 --- [Shift Scheduler Demo] [           main] org.hibernate.SQL                        : delete from shift_assignments where id=?
Hibernate: delete from shift_assignments where id=?
2025-10-13T15:56:20.521+09:00 DEBUG 10272 --- [Shift Scheduler Demo] [           main] org.hibernate.SQL                        : delete from shift_assignments where id=?
Hibernate: delete from shift_assignments where id=?
2025-10-13T15:56:20.521+09:00 DEBUG 10272 --- [Shift Scheduler Demo] [           main] org.hibernate.SQL                        : delete from shift_assignments where id=?
Hibernate: delete from shift_assignments where id=?
2025-10-13T15:56:20.522+09:00 DEBUG 10272 --- [Shift Scheduler Demo] [           main] org.hibernate.SQL                        : delete from shift_assignments where id=?
Hibernate: delete from shift_assignments where id=?
2025-10-13T15:56:20.522+09:00 DEBUG 10272 --- [Shift Scheduler Demo] [           main] org.hibernate.SQL                        : delete from shift_assignments where id=?
Hibernate: delete from shift_assignments where id=?
2025-10-13T15:56:20.522+09:00 DEBUG 10272 --- [Shift Scheduler Demo] [           main] org.hibernate.SQL                        : delete from shift_assignments where id=?
Hibernate: delete from shift_assignments where id=?
2025-10-13T15:56:20.522+09:00 DEBUG 10272 --- [Shift Scheduler Demo] [           main] org.hibernate.SQL                        : delete from shift_assignments where id=?
Hibernate: delete from shift_assignments where id=?
2025-10-13T15:56:20.522+09:00 DEBUG 10272 --- [Shift Scheduler Demo] [           main] org.hibernate.SQL                        : delete from shift_assignments where id=?
Hibernate: delete from shift_assignments where id=?
2025-10-13T15:56:20.522+09:00 DEBUG 10272 --- [Shift Scheduler Demo] [           main] org.hibernate.SQL                        : delete from shift_assignments where id=?
Hibernate: delete from shift_assignments where id=?
2025-10-13T15:56:20.522+09:00 DEBUG 10272 --- [Shift Scheduler Demo] [           main] org.hibernate.SQL                        : delete from shift_assignments where id=?
Hibernate: delete from shift_assignments where id=?
2025-10-13T15:56:20.522+09:00 DEBUG 10272 --- [Shift Scheduler Demo] [           main] org.hibernate.SQL                        : delete from shift_assignments where id=?
Hibernate: delete from shift_assignments where id=?
2025-10-13T15:56:20.522+09:00 DEBUG 10272 --- [Shift Scheduler Demo] [           main] org.hibernate.SQL                        : delete from shift_assignments where id=?
Hibernate: delete from shift_assignments where id=?
2025-10-13T15:56:20.522+09:00 DEBUG 10272 --- [Shift Scheduler Demo] [           main] org.hibernate.SQL                        : delete from shift_assignments where id=?
Hibernate: delete from shift_assignments where id=?
2025-10-13T15:56:20.522+09:00 DEBUG 10272 --- [Shift Scheduler Demo] [           main] org.hibernate.SQL                        : delete from shift_assignments where id=?
Hibernate: delete from shift_assignments where id=?
2025-10-13T15:56:20.522+09:00 DEBUG 10272 --- [Shift Scheduler Demo] [           main] org.hibernate.SQL                        : delete from shift_assignments where id=?
Hibernate: delete from shift_assignments where id=?
2025-10-13T15:56:20.522+09:00 DEBUG 10272 --- [Shift Scheduler Demo] [           main] org.hibernate.SQL                        : delete from shift_assignments where id=?
Hibernate: delete from shift_assignments where id=?
2025-10-13T15:56:20.522+09:00 DEBUG 10272 --- [Shift Scheduler Demo] [           main] org.hibernate.SQL                        : delete from shift_assignments where id=?
Hibernate: delete from shift_assignments where id=?
2025-10-13T15:56:20.523+09:00 DEBUG 10272 --- [Shift Scheduler Demo] [           main] org.hibernate.SQL                        : delete from shift_assignments where id=?
Hibernate: delete from shift_assignments where id=?
2025-10-13T15:56:20.523+09:00 DEBUG 10272 --- [Shift Scheduler Demo] [           main] org.hibernate.SQL                        : delete from shift_assignments where id=?
Hibernate: delete from shift_assignments where id=?
2025-10-13T15:56:20.523+09:00 DEBUG 10272 --- [Shift Scheduler Demo] [           main] org.hibernate.SQL                        : delete from shift_assignments where id=?
Hibernate: delete from shift_assignments where id=?
2025-10-13T15:56:20.523+09:00 DEBUG 10272 --- [Shift Scheduler Demo] [           main] org.hibernate.SQL                        : delete from shift_assignments where id=?
Hibernate: delete from shift_assignments where id=?
2025-10-13T15:56:20.523+09:00 DEBUG 10272 --- [Shift Scheduler Demo] [           main] org.hibernate.SQL                        : delete from shift_assignments where id=?
Hibernate: delete from shift_assignments where id=?
2025-10-13T15:56:20.523+09:00 DEBUG 10272 --- [Shift Scheduler Demo] [           main] org.hibernate.SQL                        : delete from shift_assignments where id=?
Hibernate: delete from shift_assignments where id=?
2025-10-13T15:56:20.523+09:00 DEBUG 10272 --- [Shift Scheduler Demo] [           main] org.hibernate.SQL                        : delete from shift_assignments where id=?
Hibernate: delete from shift_assignments where id=?
2025-10-13T15:56:20.523+09:00 DEBUG 10272 --- [Shift Scheduler Demo] [           main] org.hibernate.SQL                        : delete from shift_assignments where id=?
Hibernate: delete from shift_assignments where id=?
2025-10-13T15:56:20.523+09:00 DEBUG 10272 --- [Shift Scheduler Demo] [           main] org.hibernate.SQL                        : delete from shift_assignments where id=?
Hibernate: delete from shift_assignments where id=?
2025-10-13T15:56:20.523+09:00 DEBUG 10272 --- [Shift Scheduler Demo] [           main] org.hibernate.SQL                        : delete from shift_assignments where id=?
Hibernate: delete from shift_assignments where id=?
2025-10-13T15:56:20.523+09:00 DEBUG 10272 --- [Shift Scheduler Demo] [           main] org.hibernate.SQL                        : delete from shift_assignments where id=?
Hibernate: delete from shift_assignments where id=?
2025-10-13T15:56:20.523+09:00 DEBUG 10272 --- [Shift Scheduler Demo] [           main] org.hibernate.SQL                        : delete from shift_assignments where id=?
Hibernate: delete from shift_assignments where id=?
2025-10-13T15:56:20.524+09:00 DEBUG 10272 --- [Shift Scheduler Demo] [           main] org.hibernate.SQL                        : delete from shift_assignments where id=?
Hibernate: delete from shift_assignments where id=?
2025-10-13T15:56:20.524+09:00 DEBUG 10272 --- [Shift Scheduler Demo] [           main] org.hibernate.SQL                        : delete from shift_assignments where id=?
Hibernate: delete from shift_assignments where id=?
2025-10-13T15:56:20.524+09:00 DEBUG 10272 --- [Shift Scheduler Demo] [           main] org.hibernate.SQL                        : delete from shift_assignments where id=?
Hibernate: delete from shift_assignments where id=?
2025-10-13T15:56:20.524+09:00 DEBUG 10272 --- [Shift Scheduler Demo] [           main] org.hibernate.SQL                        : delete from shift_assignments where id=?
Hibernate: delete from shift_assignments where id=?
2025-10-13T15:56:20.524+09:00 DEBUG 10272 --- [Shift Scheduler Demo] [           main] org.hibernate.SQL                        : delete from shift_assignments where id=?
Hibernate: delete from shift_assignments where id=?
2025-10-13T15:56:20.524+09:00 DEBUG 10272 --- [Shift Scheduler Demo] [           main] org.hibernate.SQL                        : delete from shift_assignments where id=?
Hibernate: delete from shift_assignments where id=?
2025-10-13T15:56:20.524+09:00 DEBUG 10272 --- [Shift Scheduler Demo] [           main] org.hibernate.SQL                        : delete from shift_assignments where id=?
Hibernate: delete from shift_assignments where id=?
2025-10-13T15:56:20.524+09:00 DEBUG 10272 --- [Shift Scheduler Demo] [           main] org.hibernate.SQL                        : delete from shift_assignments where id=?
Hibernate: delete from shift_assignments where id=?
2025-10-13T15:56:20.524+09:00 DEBUG 10272 --- [Shift Scheduler Demo] [           main] org.hibernate.SQL                        : delete from shift_assignments where id=?
Hibernate: delete from shift_assignments where id=?
2025-10-13T15:56:20.524+09:00 DEBUG 10272 --- [Shift Scheduler Demo] [           main] org.hibernate.SQL                        : delete from shift_assignments where id=?
Hibernate: delete from shift_assignments where id=?
2025-10-13T15:56:20.524+09:00 DEBUG 10272 --- [Shift Scheduler Demo] [           main] org.hibernate.SQL                        : delete from shift_assignments where id=?
Hibernate: delete from shift_assignments where id=?
2025-10-13T15:56:20.524+09:00 DEBUG 10272 --- [Shift Scheduler Demo] [           main] org.hibernate.SQL                        : delete from shift_assignments where id=?
Hibernate: delete from shift_assignments where id=?
2025-10-13T15:56:20.524+09:00 DEBUG 10272 --- [Shift Scheduler Demo] [           main] org.hibernate.SQL                        : delete from shift_assignments where id=?
Hibernate: delete from shift_assignments where id=?
2025-10-13T15:56:20.524+09:00 DEBUG 10272 --- [Shift Scheduler Demo] [           main] org.hibernate.SQL                        : delete from shift_assignments where id=?
Hibernate: delete from shift_assignments where id=?
2025-10-13T15:56:20.524+09:00 DEBUG 10272 --- [Shift Scheduler Demo] [           main] org.hibernate.SQL                        : delete from shift_assignments where id=?
Hibernate: delete from shift_assignments where id=?
2025-10-13T15:56:20.524+09:00 DEBUG 10272 --- [Shift Scheduler Demo] [           main] org.hibernate.SQL                        : delete from shift_assignments where id=?
Hibernate: delete from shift_assignments where id=?
2025-10-13T15:56:20.524+09:00 DEBUG 10272 --- [Shift Scheduler Demo] [           main] org.hibernate.SQL                        : delete from shift_assignments where id=?
Hibernate: delete from shift_assignments where id=?
2025-10-13T15:56:20.524+09:00 DEBUG 10272 --- [Shift Scheduler Demo] [           main] org.hibernate.SQL                        : delete from shift_assignments where id=?
Hibernate: delete from shift_assignments where id=?
2025-10-13T15:56:20.524+09:00 DEBUG 10272 --- [Shift Scheduler Demo] [           main] org.hibernate.SQL                        : delete from shift_assignments where id=?
Hibernate: delete from shift_assignments where id=?
2025-10-13T15:56:20.524+09:00 DEBUG 10272 --- [Shift Scheduler Demo] [           main] org.hibernate.SQL                        : delete from shift_assignments where id=?
Hibernate: delete from shift_assignments where id=?
2025-10-13T15:56:20.524+09:00 DEBUG 10272 --- [Shift Scheduler Demo] [           main] org.hibernate.SQL                        : delete from shift_assignments where id=?
Hibernate: delete from shift_assignments where id=?
2025-10-13T15:56:20.524+09:00 DEBUG 10272 --- [Shift Scheduler Demo] [           main] org.hibernate.SQL                        : delete from shift_assignments where id=?
Hibernate: delete from shift_assignments where id=?
2025-10-13T15:56:20.525+09:00 DEBUG 10272 --- [Shift Scheduler Demo] [           main] org.hibernate.SQL                        : delete from shift_assignments where id=?
Hibernate: delete from shift_assignments where id=?
2025-10-13T15:56:20.527+09:00 DEBUG 10272 --- [Shift Scheduler Demo] [           main] org.hibernate.SQL                        : delete from shift_assignments where id=?
Hibernate: delete from shift_assignments where id=?
2025-10-13T15:56:20.527+09:00 DEBUG 10272 --- [Shift Scheduler Demo] [           main] org.hibernate.SQL                        : delete from shift_assignments where id=?
Hibernate: delete from shift_assignments where id=?
2025-10-13T15:56:20.528+09:00 DEBUG 10272 --- [Shift Scheduler Demo] [           main] org.hibernate.SQL                        : delete from shift_assignments where id=?
Hibernate: delete from shift_assignments where id=?
2025-10-13T15:56:20.528+09:00 DEBUG 10272 --- [Shift Scheduler Demo] [           main] org.hibernate.SQL                        : delete from shift_assignments where id=?
Hibernate: delete from shift_assignments where id=?
2025-10-13T15:56:20.528+09:00 DEBUG 10272 --- [Shift Scheduler Demo] [           main] org.hibernate.SQL                        : delete from shift_assignments where id=?
Hibernate: delete from shift_assignments where id=?
2025-10-13T15:56:20.528+09:00 DEBUG 10272 --- [Shift Scheduler Demo] [           main] org.hibernate.SQL                        : delete from shift_assignments where id=?
Hibernate: delete from shift_assignments where id=?
2025-10-13T15:56:20.528+09:00 DEBUG 10272 --- [Shift Scheduler Demo] [           main] org.hibernate.SQL                        : delete from shift_assignments where id=?
Hibernate: delete from shift_assignments where id=?
2025-10-13T15:56:20.528+09:00 DEBUG 10272 --- [Shift Scheduler Demo] [           main] org.hibernate.SQL                        : delete from shift_assignments where id=?
Hibernate: delete from shift_assignments where id=?
2025-10-13T15:56:20.528+09:00 DEBUG 10272 --- [Shift Scheduler Demo] [           main] org.hibernate.SQL                        : delete from shift_assignments where id=?
Hibernate: delete from shift_assignments where id=?
2025-10-13T15:56:20.528+09:00 DEBUG 10272 --- [Shift Scheduler Demo] [           main] org.hibernate.SQL                        : delete from shift_assignments where id=?
Hibernate: delete from shift_assignments where id=?
2025-10-13T15:56:20.528+09:00 DEBUG 10272 --- [Shift Scheduler Demo] [           main] org.hibernate.SQL                        : delete from shift_assignments where id=?
Hibernate: delete from shift_assignments where id=?
2025-10-13T15:56:20.528+09:00 DEBUG 10272 --- [Shift Scheduler Demo] [           main] org.hibernate.SQL                        : delete from shift_assignments where id=?
Hibernate: delete from shift_assignments where id=?
2025-10-13T15:56:20.528+09:00 DEBUG 10272 --- [Shift Scheduler Demo] [           main] org.hibernate.SQL                        : delete from shift_assignments where id=?
Hibernate: delete from shift_assignments where id=?
2025-10-13T15:56:20.528+09:00 DEBUG 10272 --- [Shift Scheduler Demo] [           main] org.hibernate.SQL                        : delete from shift_assignments where id=?
Hibernate: delete from shift_assignments where id=?
2025-10-13T15:56:20.528+09:00 DEBUG 10272 --- [Shift Scheduler Demo] [           main] org.hibernate.SQL                        : delete from shift_assignments where id=?
Hibernate: delete from shift_assignments where id=?
2025-10-13T15:56:20.528+09:00 DEBUG 10272 --- [Shift Scheduler Demo] [           main] org.hibernate.SQL                        : delete from shift_assignments where id=?
Hibernate: delete from shift_assignments where id=?
2025-10-13T15:56:20.529+09:00 DEBUG 10272 --- [Shift Scheduler Demo] [           main] org.hibernate.SQL                        : delete from shift_assignments where id=?
Hibernate: delete from shift_assignments where id=?
2025-10-13T15:56:20.529+09:00 DEBUG 10272 --- [Shift Scheduler Demo] [           main] org.hibernate.SQL                        : delete from shift_assignments where id=?
Hibernate: delete from shift_assignments where id=?
2025-10-13T15:56:20.529+09:00 DEBUG 10272 --- [Shift Scheduler Demo] [           main] org.hibernate.SQL                        : delete from shift_assignments where id=?
Hibernate: delete from shift_assignments where id=?
2025-10-13T15:56:20.529+09:00 DEBUG 10272 --- [Shift Scheduler Demo] [           main] org.hibernate.SQL                        : delete from shift_assignments where id=?
Hibernate: delete from shift_assignments where id=?
2025-10-13T15:56:20.529+09:00 DEBUG 10272 --- [Shift Scheduler Demo] [           main] org.hibernate.SQL                        : delete from shift_assignments where id=?
Hibernate: delete from shift_assignments where id=?
2025-10-13T15:56:20.529+09:00 DEBUG 10272 --- [Shift Scheduler Demo] [           main] org.hibernate.SQL                        : delete from shift_assignments where id=?
Hibernate: delete from shift_assignments where id=?
2025-10-13T15:56:20.529+09:00 DEBUG 10272 --- [Shift Scheduler Demo] [           main] org.hibernate.SQL                        : delete from shift_assignments where id=?
Hibernate: delete from shift_assignments where id=?
2025-10-13T15:56:20.529+09:00 DEBUG 10272 --- [Shift Scheduler Demo] [           main] org.hibernate.SQL                        : delete from shift_assignments where id=?
Hibernate: delete from shift_assignments where id=?
2025-10-13T15:56:20.529+09:00 DEBUG 10272 --- [Shift Scheduler Demo] [           main] org.hibernate.SQL                        : delete from shift_assignments where id=?
Hibernate: delete from shift_assignments where id=?
2025-10-13T15:56:20.529+09:00 DEBUG 10272 --- [Shift Scheduler Demo] [           main] org.hibernate.SQL                        : delete from shift_assignments where id=?
Hibernate: delete from shift_assignments where id=?
2025-10-13T15:56:20.529+09:00 DEBUG 10272 --- [Shift Scheduler Demo] [           main] org.hibernate.SQL                        : delete from shift_assignments where id=?
Hibernate: delete from shift_assignments where id=?
2025-10-13T15:56:20.529+09:00 DEBUG 10272 --- [Shift Scheduler Demo] [           main] org.hibernate.SQL                        : delete from shift_assignments where id=?
Hibernate: delete from shift_assignments where id=?
2025-10-13T15:56:20.529+09:00 DEBUG 10272 --- [Shift Scheduler Demo] [           main] org.hibernate.SQL                        : delete from shift_assignments where id=?
Hibernate: delete from shift_assignments where id=?
2025-10-13T15:56:20.529+09:00 DEBUG 10272 --- [Shift Scheduler Demo] [           main] org.hibernate.SQL                        : delete from shift_assignments where id=?
Hibernate: delete from shift_assignments where id=?
2025-10-13T15:56:20.529+09:00 DEBUG 10272 --- [Shift Scheduler Demo] [           main] org.hibernate.SQL                        : delete from shift_assignments where id=?
Hibernate: delete from shift_assignments where id=?
2025-10-13T15:56:20.529+09:00 DEBUG 10272 --- [Shift Scheduler Demo] [           main] org.hibernate.SQL                        : delete from shift_assignments where id=?
Hibernate: delete from shift_assignments where id=?
2025-10-13T15:56:20.529+09:00 DEBUG 10272 --- [Shift Scheduler Demo] [           main] org.hibernate.SQL                        : delete from shift_assignments where id=?
Hibernate: delete from shift_assignments where id=?
2025-10-13T15:56:20.529+09:00 DEBUG 10272 --- [Shift Scheduler Demo] [           main] org.hibernate.SQL                        : delete from shift_assignments where id=?
Hibernate: delete from shift_assignments where id=?
2025-10-13T15:56:20.530+09:00 DEBUG 10272 --- [Shift Scheduler Demo] [           main] org.hibernate.SQL                        : delete from shift_assignments where id=?
Hibernate: delete from shift_assignments where id=?
2025-10-13T15:56:20.530+09:00 DEBUG 10272 --- [Shift Scheduler Demo] [           main] org.hibernate.SQL                        : delete from shift_assignments where id=?
Hibernate: delete from shift_assignments where id=?
2025-10-13T15:56:20.530+09:00 DEBUG 10272 --- [Shift Scheduler Demo] [           main] org.hibernate.SQL                        : delete from shift_assignments where id=?
Hibernate: delete from shift_assignments where id=?
2025-10-13T15:56:20.530+09:00 DEBUG 10272 --- [Shift Scheduler Demo] [           main] org.hibernate.SQL                        : delete from shift_assignments where id=?
Hibernate: delete from shift_assignments where id=?
2025-10-13T15:56:20.530+09:00 DEBUG 10272 --- [Shift Scheduler Demo] [           main] org.hibernate.SQL                        : delete from shift_assignments where id=?
Hibernate: delete from shift_assignments where id=?
2025-10-13T15:56:20.530+09:00 DEBUG 10272 --- [Shift Scheduler Demo] [           main] org.hibernate.SQL                        : delete from shift_assignments where id=?
Hibernate: delete from shift_assignments where id=?
2025-10-13T15:56:20.530+09:00 DEBUG 10272 --- [Shift Scheduler Demo] [           main] org.hibernate.SQL                        : delete from shift_assignments where id=?
Hibernate: delete from shift_assignments where id=?
2025-10-13T15:56:20.530+09:00 DEBUG 10272 --- [Shift Scheduler Demo] [           main] org.hibernate.SQL                        : delete from shift_assignments where id=?
Hibernate: delete from shift_assignments where id=?
2025-10-13T15:56:20.530+09:00 DEBUG 10272 --- [Shift Scheduler Demo] [           main] org.hibernate.SQL                        : delete from shift_assignments where id=?
Hibernate: delete from shift_assignments where id=?
2025-10-13T15:56:20.530+09:00 DEBUG 10272 --- [Shift Scheduler Demo] [           main] org.hibernate.SQL                        : delete from shift_assignments where id=?
Hibernate: delete from shift_assignments where id=?
2025-10-13T15:56:20.530+09:00 DEBUG 10272 --- [Shift Scheduler Demo] [           main] org.hibernate.SQL                        : delete from shift_assignments where id=?
Hibernate: delete from shift_assignments where id=?
2025-10-13T15:56:20.530+09:00 DEBUG 10272 --- [Shift Scheduler Demo] [           main] org.hibernate.SQL                        : delete from shift_assignments where id=?
Hibernate: delete from shift_assignments where id=?
2025-10-13T15:56:20.530+09:00 DEBUG 10272 --- [Shift Scheduler Demo] [           main] org.hibernate.SQL                        : delete from shift_assignments where id=?
Hibernate: delete from shift_assignments where id=?
2025-10-13T15:56:20.530+09:00 DEBUG 10272 --- [Shift Scheduler Demo] [           main] org.hibernate.SQL                        : delete from shift_assignments where id=?
Hibernate: delete from shift_assignments where id=?
2025-10-13T15:56:20.530+09:00 DEBUG 10272 --- [Shift Scheduler Demo] [           main] org.hibernate.SQL                        : delete from shift_assignments where id=?
Hibernate: delete from shift_assignments where id=?
2025-10-13T15:56:20.530+09:00 DEBUG 10272 --- [Shift Scheduler Demo] [           main] org.hibernate.SQL                        : delete from shift_assignments where id=?
Hibernate: delete from shift_assignments where id=?
2025-10-13T15:56:20.530+09:00 DEBUG 10272 --- [Shift Scheduler Demo] [           main] org.hibernate.SQL                        : delete from shift_assignments where id=?
Hibernate: delete from shift_assignments where id=?
2025-10-13T15:56:20.530+09:00 DEBUG 10272 --- [Shift Scheduler Demo] [           main] org.hibernate.SQL                        : delete from shift_assignments where id=?
Hibernate: delete from shift_assignments where id=?
2025-10-13T15:56:20.530+09:00 DEBUG 10272 --- [Shift Scheduler Demo] [           main] org.hibernate.SQL                        : delete from shift_assignments where id=?
Hibernate: delete from shift_assignments where id=?
2025-10-13T15:56:20.530+09:00 DEBUG 10272 --- [Shift Scheduler Demo] [           main] org.hibernate.SQL                        : delete from shift_assignments where id=?
Hibernate: delete from shift_assignments where id=?
2025-10-13T15:56:20.530+09:00 DEBUG 10272 --- [Shift Scheduler Demo] [           main] org.hibernate.SQL                        : delete from shift_assignments where id=?
Hibernate: delete from shift_assignments where id=?
2025-10-13T15:56:20.530+09:00 DEBUG 10272 --- [Shift Scheduler Demo] [           main] org.hibernate.SQL                        : delete from shift_assignments where id=?
Hibernate: delete from shift_assignments where id=?
2025-10-13T15:56:20.530+09:00 DEBUG 10272 --- [Shift Scheduler Demo] [           main] org.hibernate.SQL                        : delete from shift_assignments where id=?
Hibernate: delete from shift_assignments where id=?
2025-10-13T15:56:20.530+09:00 DEBUG 10272 --- [Shift Scheduler Demo] [           main] org.hibernate.SQL                        : delete from shift_assignments where id=?
Hibernate: delete from shift_assignments where id=?
2025-10-13T15:56:20.530+09:00 DEBUG 10272 --- [Shift Scheduler Demo] [           main] org.hibernate.SQL                        : delete from shift_assignments where id=?
Hibernate: delete from shift_assignments where id=?
2025-10-13T15:56:20.530+09:00 DEBUG 10272 --- [Shift Scheduler Demo] [           main] org.hibernate.SQL                        : delete from shift_assignments where id=?
Hibernate: delete from shift_assignments where id=?
2025-10-13T15:56:20.530+09:00 DEBUG 10272 --- [Shift Scheduler Demo] [           main] org.hibernate.SQL                        : delete from shift_assignments where id=?
Hibernate: delete from shift_assignments where id=?
2025-10-13T15:56:20.530+09:00 DEBUG 10272 --- [Shift Scheduler Demo] [           main] org.hibernate.SQL                        : delete from shift_assignments where id=?
Hibernate: delete from shift_assignments where id=?
2025-10-13T15:56:20.531+09:00 DEBUG 10272 --- [Shift Scheduler Demo] [           main] org.hibernate.SQL                        : delete from shift_assignments where id=?
Hibernate: delete from shift_assignments where id=?
2025-10-13T15:56:20.531+09:00 DEBUG 10272 --- [Shift Scheduler Demo] [           main] org.hibernate.SQL                        : delete from shift_assignments where id=?
Hibernate: delete from shift_assignments where id=?
2025-10-13T15:56:20.531+09:00 DEBUG 10272 --- [Shift Scheduler Demo] [           main] org.hibernate.SQL                        : delete from shift_assignments where id=?
Hibernate: delete from shift_assignments where id=?
2025-10-13T15:56:20.531+09:00 DEBUG 10272 --- [Shift Scheduler Demo] [           main] org.hibernate.SQL                        : delete from shift_assignments where id=?
Hibernate: delete from shift_assignments where id=?
2025-10-13T15:56:20.531+09:00 DEBUG 10272 --- [Shift Scheduler Demo] [           main] org.hibernate.SQL                        : delete from shift_assignments where id=?
Hibernate: delete from shift_assignments where id=?
2025-10-13T15:56:20.531+09:00 DEBUG 10272 --- [Shift Scheduler Demo] [           main] org.hibernate.SQL                        : delete from shift_assignments where id=?
Hibernate: delete from shift_assignments where id=?
2025-10-13T15:56:20.531+09:00 DEBUG 10272 --- [Shift Scheduler Demo] [           main] org.hibernate.SQL                        : delete from shift_assignments where id=?
Hibernate: delete from shift_assignments where id=?
2025-10-13T15:56:20.531+09:00 DEBUG 10272 --- [Shift Scheduler Demo] [           main] org.hibernate.SQL                        : delete from shift_assignments where id=?
Hibernate: delete from shift_assignments where id=?
2025-10-13T15:56:20.531+09:00 DEBUG 10272 --- [Shift Scheduler Demo] [           main] org.hibernate.SQL                        : delete from shift_assignments where id=?
Hibernate: delete from shift_assignments where id=?
2025-10-13T15:56:20.532+09:00 DEBUG 10272 --- [Shift Scheduler Demo] [           main] org.hibernate.SQL                        : delete from shift_assignments where id=?
Hibernate: delete from shift_assignments where id=?
2025-10-13T15:56:20.532+09:00 DEBUG 10272 --- [Shift Scheduler Demo] [           main] org.hibernate.SQL                        : delete from shift_assignments where id=?
Hibernate: delete from shift_assignments where id=?
2025-10-13T15:56:20.532+09:00 DEBUG 10272 --- [Shift Scheduler Demo] [           main] org.hibernate.SQL                        : delete from shift_assignments where id=?
Hibernate: delete from shift_assignments where id=?
2025-10-13T15:56:20.532+09:00 DEBUG 10272 --- [Shift Scheduler Demo] [           main] org.hibernate.SQL                        : delete from shift_assignments where id=?
Hibernate: delete from shift_assignments where id=?
2025-10-13T15:56:20.532+09:00 DEBUG 10272 --- [Shift Scheduler Demo] [           main] org.hibernate.SQL                        : delete from shift_assignments where id=?
Hibernate: delete from shift_assignments where id=?
2025-10-13T15:56:20.532+09:00 DEBUG 10272 --- [Shift Scheduler Demo] [           main] org.hibernate.SQL                        : delete from shift_assignments where id=?
Hibernate: delete from shift_assignments where id=?
2025-10-13T15:56:20.532+09:00 DEBUG 10272 --- [Shift Scheduler Demo] [           main] org.hibernate.SQL                        : delete from shift_assignments where id=?
Hibernate: delete from shift_assignments where id=?
2025-10-13T15:56:20.532+09:00 DEBUG 10272 --- [Shift Scheduler Demo] [           main] org.hibernate.SQL                        : delete from shift_assignments where id=?
Hibernate: delete from shift_assignments where id=?
2025-10-13T15:56:20.532+09:00 DEBUG 10272 --- [Shift Scheduler Demo] [           main] org.hibernate.SQL                        : delete from shift_assignments where id=?
Hibernate: delete from shift_assignments where id=?
2025-10-13T15:56:20.532+09:00 DEBUG 10272 --- [Shift Scheduler Demo] [           main] org.hibernate.SQL                        : delete from shift_assignments where id=?
Hibernate: delete from shift_assignments where id=?
2025-10-13T15:56:20.532+09:00 DEBUG 10272 --- [Shift Scheduler Demo] [           main] org.hibernate.SQL                        : delete from shift_assignments where id=?
Hibernate: delete from shift_assignments where id=?
2025-10-13T15:56:20.532+09:00 DEBUG 10272 --- [Shift Scheduler Demo] [           main] org.hibernate.SQL                        : delete from shift_assignments where id=?
Hibernate: delete from shift_assignments where id=?
2025-10-13T15:56:20.532+09:00 DEBUG 10272 --- [Shift Scheduler Demo] [           main] org.hibernate.SQL                        : delete from shift_assignments where id=?
Hibernate: delete from shift_assignments where id=?
2025-10-13T15:56:20.532+09:00 DEBUG 10272 --- [Shift Scheduler Demo] [           main] org.hibernate.SQL                        : delete from shift_assignments where id=?
Hibernate: delete from shift_assignments where id=?
2025-10-13T15:56:20.533+09:00 DEBUG 10272 --- [Shift Scheduler Demo] [           main] org.hibernate.SQL                        : delete from shift_assignments where id=?
Hibernate: delete from shift_assignments where id=?
2025-10-13T15:56:20.533+09:00 DEBUG 10272 --- [Shift Scheduler Demo] [           main] org.hibernate.SQL                        : delete from shift_assignments where id=?
Hibernate: delete from shift_assignments where id=?
2025-10-13T15:56:20.533+09:00 DEBUG 10272 --- [Shift Scheduler Demo] [           main] org.hibernate.SQL                        : delete from shift_assignments where id=?
Hibernate: delete from shift_assignments where id=?
2025-10-13T15:56:20.533+09:00 DEBUG 10272 --- [Shift Scheduler Demo] [           main] org.hibernate.SQL                        : delete from shift_assignments where id=?
Hibernate: delete from shift_assignments where id=?
2025-10-13T15:56:20.533+09:00 DEBUG 10272 --- [Shift Scheduler Demo] [           main] org.hibernate.SQL                        : delete from shift_assignments where id=?
Hibernate: delete from shift_assignments where id=?
2025-10-13T15:56:20.533+09:00 DEBUG 10272 --- [Shift Scheduler Demo] [           main] org.hibernate.SQL                        : delete from shift_assignments where id=?
Hibernate: delete from shift_assignments where id=?
2025-10-13T15:56:20.533+09:00 DEBUG 10272 --- [Shift Scheduler Demo] [           main] org.hibernate.SQL                        : delete from shift_assignments where id=?
Hibernate: delete from shift_assignments where id=?
2025-10-13T15:56:20.533+09:00 DEBUG 10272 --- [Shift Scheduler Demo] [           main] org.hibernate.SQL                        : delete from shift_assignments where id=?
Hibernate: delete from shift_assignments where id=?
2025-10-13T15:56:20.533+09:00 DEBUG 10272 --- [Shift Scheduler Demo] [           main] org.hibernate.SQL                        : delete from shift_assignments where id=?
Hibernate: delete from shift_assignments where id=?
2025-10-13T15:56:20.533+09:00 DEBUG 10272 --- [Shift Scheduler Demo] [           main] org.hibernate.SQL                        : delete from shift_assignments where id=?
Hibernate: delete from shift_assignments where id=?
2025-10-13T15:56:20.533+09:00 DEBUG 10272 --- [Shift Scheduler Demo] [           main] org.hibernate.SQL                        : delete from shift_assignments where id=?
Hibernate: delete from shift_assignments where id=?
2025-10-13T15:56:20.533+09:00 DEBUG 10272 --- [Shift Scheduler Demo] [           main] org.hibernate.SQL                        : delete from shift_assignments where id=?
Hibernate: delete from shift_assignments where id=?
2025-10-13T15:56:20.533+09:00 DEBUG 10272 --- [Shift Scheduler Demo] [           main] org.hibernate.SQL                        : delete from shift_assignments where id=?
Hibernate: delete from shift_assignments where id=?
2025-10-13T15:56:20.533+09:00 DEBUG 10272 --- [Shift Scheduler Demo] [           main] org.hibernate.SQL                        : delete from shift_assignments where id=?
Hibernate: delete from shift_assignments where id=?
2025-10-13T15:56:20.533+09:00 DEBUG 10272 --- [Shift Scheduler Demo] [           main] org.hibernate.SQL                        : delete from shift_assignments where id=?
Hibernate: delete from shift_assignments where id=?
2025-10-13T15:56:20.533+09:00 DEBUG 10272 --- [Shift Scheduler Demo] [           main] org.hibernate.SQL                        : delete from shift_assignments where id=?
Hibernate: delete from shift_assignments where id=?
2025-10-13T15:56:20.534+09:00 DEBUG 10272 --- [Shift Scheduler Demo] [           main] org.hibernate.SQL                        : delete from shift_assignments where id=?
Hibernate: delete from shift_assignments where id=?
2025-10-13T15:56:20.534+09:00 DEBUG 10272 --- [Shift Scheduler Demo] [           main] org.hibernate.SQL                        : delete from shift_assignments where id=?
Hibernate: delete from shift_assignments where id=?
2025-10-13T15:56:20.534+09:00 DEBUG 10272 --- [Shift Scheduler Demo] [           main] org.hibernate.SQL                        : delete from shift_assignments where id=?
Hibernate: delete from shift_assignments where id=?
2025-10-13T15:56:20.534+09:00 DEBUG 10272 --- [Shift Scheduler Demo] [           main] org.hibernate.SQL                        : delete from shift_assignments where id=?
Hibernate: delete from shift_assignments where id=?
2025-10-13T15:56:20.534+09:00 DEBUG 10272 --- [Shift Scheduler Demo] [           main] org.hibernate.SQL                        : delete from shift_assignments where id=?
Hibernate: delete from shift_assignments where id=?
2025-10-13T15:56:20.534+09:00 DEBUG 10272 --- [Shift Scheduler Demo] [           main] org.hibernate.SQL                        : delete from shift_assignments where id=?
Hibernate: delete from shift_assignments where id=?
2025-10-13T15:56:20.534+09:00 DEBUG 10272 --- [Shift Scheduler Demo] [           main] org.hibernate.SQL                        : delete from shift_assignments where id=?
Hibernate: delete from shift_assignments where id=?
2025-10-13T15:56:20.534+09:00 DEBUG 10272 --- [Shift Scheduler Demo] [           main] org.hibernate.SQL                        : delete from shift_assignments where id=?
Hibernate: delete from shift_assignments where id=?
2025-10-13T15:56:20.534+09:00 DEBUG 10272 --- [Shift Scheduler Demo] [           main] org.hibernate.SQL                        : delete from shift_assignments where id=?
Hibernate: delete from shift_assignments where id=?
2025-10-13T15:56:20.534+09:00 DEBUG 10272 --- [Shift Scheduler Demo] [           main] org.hibernate.SQL                        : delete from shift_assignments where id=?
Hibernate: delete from shift_assignments where id=?
2025-10-13T15:56:20.534+09:00 DEBUG 10272 --- [Shift Scheduler Demo] [           main] org.hibernate.SQL                        : delete from shift_assignments where id=?
Hibernate: delete from shift_assignments where id=?
2025-10-13T15:56:20.534+09:00 DEBUG 10272 --- [Shift Scheduler Demo] [           main] org.hibernate.SQL                        : delete from shift_assignments where id=?
Hibernate: delete from shift_assignments where id=?
2025-10-13T15:56:20.534+09:00 DEBUG 10272 --- [Shift Scheduler Demo] [           main] org.hibernate.SQL                        : delete from shift_assignments where id=?
Hibernate: delete from shift_assignments where id=?
2025-10-13T15:56:20.534+09:00 DEBUG 10272 --- [Shift Scheduler Demo] [           main] org.hibernate.SQL                        : delete from shift_assignments where id=?
Hibernate: delete from shift_assignments where id=?
2025-10-13T15:56:20.534+09:00 DEBUG 10272 --- [Shift Scheduler Demo] [           main] org.hibernate.SQL                        : delete from shift_assignments where id=?
Hibernate: delete from shift_assignments where id=?
2025-10-13T15:56:20.534+09:00 DEBUG 10272 --- [Shift Scheduler Demo] [           main] org.hibernate.SQL                        : delete from shift_assignments where id=?
Hibernate: delete from shift_assignments where id=?
2025-10-13T15:56:20.534+09:00 DEBUG 10272 --- [Shift Scheduler Demo] [           main] org.hibernate.SQL                        : delete from shift_assignments where id=?
Hibernate: delete from shift_assignments where id=?
2025-10-13T15:56:20.535+09:00 DEBUG 10272 --- [Shift Scheduler Demo] [           main] org.hibernate.SQL                        : delete from shift_assignments where id=?
Hibernate: delete from shift_assignments where id=?
2025-10-13T15:56:20.535+09:00 DEBUG 10272 --- [Shift Scheduler Demo] [           main] org.hibernate.SQL                        : delete from shift_assignments where id=?
Hibernate: delete from shift_assignments where id=?
2025-10-13T15:56:20.535+09:00 DEBUG 10272 --- [Shift Scheduler Demo] [           main] org.hibernate.SQL                        : delete from shift_assignments where id=?
Hibernate: delete from shift_assignments where id=?
2025-10-13T15:56:20.535+09:00 DEBUG 10272 --- [Shift Scheduler Demo] [           main] org.hibernate.SQL                        : delete from shift_assignments where id=?
Hibernate: delete from shift_assignments where id=?
2025-10-13T15:56:20.535+09:00 DEBUG 10272 --- [Shift Scheduler Demo] [           main] org.hibernate.SQL                        : delete from shift_assignments where id=?
Hibernate: delete from shift_assignments where id=?
2025-10-13T15:56:20.535+09:00 DEBUG 10272 --- [Shift Scheduler Demo] [           main] org.hibernate.SQL                        : delete from shift_assignments where id=?
Hibernate: delete from shift_assignments where id=?
2025-10-13T15:56:20.535+09:00 DEBUG 10272 --- [Shift Scheduler Demo] [           main] org.hibernate.SQL                        : delete from shift_assignments where id=?
Hibernate: delete from shift_assignments where id=?
2025-10-13T15:56:20.535+09:00 DEBUG 10272 --- [Shift Scheduler Demo] [           main] org.hibernate.SQL                        : delete from shift_assignments where id=?
Hibernate: delete from shift_assignments where id=?
2025-10-13T15:56:20.535+09:00 DEBUG 10272 --- [Shift Scheduler Demo] [           main] org.hibernate.SQL                        : delete from shift_assignments where id=?
Hibernate: delete from shift_assignments where id=?
2025-10-13T15:56:20.535+09:00 DEBUG 10272 --- [Shift Scheduler Demo] [           main] org.hibernate.SQL                        : delete from shift_assignments where id=?
Hibernate: delete from shift_assignments where id=?
2025-10-13T15:56:20.535+09:00 DEBUG 10272 --- [Shift Scheduler Demo] [           main] org.hibernate.SQL                        : delete from shift_assignments where id=?
Hibernate: delete from shift_assignments where id=?
2025-10-13T15:56:20.535+09:00 DEBUG 10272 --- [Shift Scheduler Demo] [           main] org.hibernate.SQL                        : delete from shift_assignments where id=?
Hibernate: delete from shift_assignments where id=?
2025-10-13T15:56:20.535+09:00 DEBUG 10272 --- [Shift Scheduler Demo] [           main] org.hibernate.SQL                        : delete from shift_assignments where id=?
Hibernate: delete from shift_assignments where id=?
2025-10-13T15:56:20.535+09:00 DEBUG 10272 --- [Shift Scheduler Demo] [           main] org.hibernate.SQL                        : delete from shift_assignments where id=?
Hibernate: delete from shift_assignments where id=?
2025-10-13T15:56:20.535+09:00 DEBUG 10272 --- [Shift Scheduler Demo] [           main] org.hibernate.SQL                        : delete from shift_assignments where id=?
Hibernate: delete from shift_assignments where id=?
2025-10-13T15:56:20.535+09:00 DEBUG 10272 --- [Shift Scheduler Demo] [           main] org.hibernate.SQL                        : delete from shift_assignments where id=?
Hibernate: delete from shift_assignments where id=?
2025-10-13T15:56:20.535+09:00 DEBUG 10272 --- [Shift Scheduler Demo] [           main] org.hibernate.SQL                        : delete from shift_assignments where id=?
Hibernate: delete from shift_assignments where id=?
2025-10-13T15:56:20.536+09:00 DEBUG 10272 --- [Shift Scheduler Demo] [           main] org.hibernate.SQL                        : delete from shift_assignments where id=?
Hibernate: delete from shift_assignments where id=?
2025-10-13T15:56:20.536+09:00 DEBUG 10272 --- [Shift Scheduler Demo] [           main] org.hibernate.SQL                        : delete from shift_assignments where id=?
Hibernate: delete from shift_assignments where id=?
2025-10-13T15:56:20.536+09:00 DEBUG 10272 --- [Shift Scheduler Demo] [           main] org.hibernate.SQL                        : delete from shift_assignments where id=?
Hibernate: delete from shift_assignments where id=?
2025-10-13T15:56:20.536+09:00 DEBUG 10272 --- [Shift Scheduler Demo] [           main] org.hibernate.SQL                        : delete from shift_assignments where id=?
Hibernate: delete from shift_assignments where id=?
2025-10-13T15:56:20.536+09:00 DEBUG 10272 --- [Shift Scheduler Demo] [           main] org.hibernate.SQL                        : delete from shift_assignments where id=?
Hibernate: delete from shift_assignments where id=?
2025-10-13T15:56:20.536+09:00 DEBUG 10272 --- [Shift Scheduler Demo] [           main] org.hibernate.SQL                        : delete from shift_assignments where id=?
Hibernate: delete from shift_assignments where id=?
2025-10-13T15:56:20.536+09:00 DEBUG 10272 --- [Shift Scheduler Demo] [           main] org.hibernate.SQL                        : delete from shift_assignments where id=?
Hibernate: delete from shift_assignments where id=?
2025-10-13T15:56:20.536+09:00 DEBUG 10272 --- [Shift Scheduler Demo] [           main] org.hibernate.SQL                        : delete from shift_assignments where id=?
Hibernate: delete from shift_assignments where id=?
2025-10-13T15:56:20.536+09:00 DEBUG 10272 --- [Shift Scheduler Demo] [           main] org.hibernate.SQL                        : delete from shift_assignments where id=?
Hibernate: delete from shift_assignments where id=?
2025-10-13T15:56:20.536+09:00 DEBUG 10272 --- [Shift Scheduler Demo] [           main] org.hibernate.SQL                        : delete from shift_assignments where id=?
Hibernate: delete from shift_assignments where id=?
2025-10-13T15:56:20.536+09:00 DEBUG 10272 --- [Shift Scheduler Demo] [           main] org.hibernate.SQL                        : delete from shift_assignments where id=?
Hibernate: delete from shift_assignments where id=?
2025-10-13T15:56:20.536+09:00 DEBUG 10272 --- [Shift Scheduler Demo] [           main] org.hibernate.SQL                        : delete from shift_assignments where id=?
Hibernate: delete from shift_assignments where id=?
2025-10-13T15:56:20.536+09:00 DEBUG 10272 --- [Shift Scheduler Demo] [           main] org.hibernate.SQL                        : delete from shift_assignments where id=?
Hibernate: delete from shift_assignments where id=?
2025-10-13T15:56:20.536+09:00 DEBUG 10272 --- [Shift Scheduler Demo] [           main] org.hibernate.SQL                        : delete from shift_assignments where id=?
Hibernate: delete from shift_assignments where id=?
2025-10-13T15:56:20.536+09:00 DEBUG 10272 --- [Shift Scheduler Demo] [           main] org.hibernate.SQL                        : delete from shift_assignments where id=?
Hibernate: delete from shift_assignments where id=?
2025-10-13T15:56:20.536+09:00 DEBUG 10272 --- [Shift Scheduler Demo] [           main] org.hibernate.SQL                        : delete from shift_assignments where id=?
Hibernate: delete from shift_assignments where id=?
2025-10-13T15:56:20.536+09:00 DEBUG 10272 --- [Shift Scheduler Demo] [           main] org.hibernate.SQL                        : delete from shift_assignments where id=?
Hibernate: delete from shift_assignments where id=?
2025-10-13T15:56:20.537+09:00 DEBUG 10272 --- [Shift Scheduler Demo] [           main] org.hibernate.SQL                        : delete from shift_assignments where id=?
Hibernate: delete from shift_assignments where id=?
2025-10-13T15:56:20.537+09:00 DEBUG 10272 --- [Shift Scheduler Demo] [           main] org.hibernate.SQL                        : delete from shift_assignments where id=?
Hibernate: delete from shift_assignments where id=?
2025-10-13T15:56:20.537+09:00 DEBUG 10272 --- [Shift Scheduler Demo] [           main] org.hibernate.SQL                        : delete from shift_assignments where id=?
Hibernate: delete from shift_assignments where id=?
2025-10-13T15:56:20.537+09:00 DEBUG 10272 --- [Shift Scheduler Demo] [           main] org.hibernate.SQL                        : delete from shift_assignments where id=?
Hibernate: delete from shift_assignments where id=?
2025-10-13T15:56:20.537+09:00 DEBUG 10272 --- [Shift Scheduler Demo] [           main] org.hibernate.SQL                        : delete from shift_assignments where id=?
Hibernate: delete from shift_assignments where id=?
2025-10-13T15:56:20.537+09:00 DEBUG 10272 --- [Shift Scheduler Demo] [           main] org.hibernate.SQL                        : delete from shift_assignments where id=?
Hibernate: delete from shift_assignments where id=?
2025-10-13T15:56:20.537+09:00 DEBUG 10272 --- [Shift Scheduler Demo] [           main] org.hibernate.SQL                        : delete from shift_assignments where id=?
Hibernate: delete from shift_assignments where id=?
2025-10-13T15:56:20.537+09:00 DEBUG 10272 --- [Shift Scheduler Demo] [           main] org.hibernate.SQL                        : delete from shift_assignments where id=?
Hibernate: delete from shift_assignments where id=?
2025-10-13T15:56:20.537+09:00 DEBUG 10272 --- [Shift Scheduler Demo] [           main] org.hibernate.SQL                        : delete from shift_assignments where id=?
Hibernate: delete from shift_assignments where id=?
2025-10-13T15:56:20.537+09:00 DEBUG 10272 --- [Shift Scheduler Demo] [           main] org.hibernate.SQL                        : delete from shift_assignments where id=?
Hibernate: delete from shift_assignments where id=?
2025-10-13T15:56:20.537+09:00 DEBUG 10272 --- [Shift Scheduler Demo] [           main] org.hibernate.SQL                        : delete from shift_assignments where id=?
Hibernate: delete from shift_assignments where id=?
2025-10-13T15:56:20.537+09:00 DEBUG 10272 --- [Shift Scheduler Demo] [           main] org.hibernate.SQL                        : delete from shift_assignments where id=?
Hibernate: delete from shift_assignments where id=?
2025-10-13T15:56:20.537+09:00 DEBUG 10272 --- [Shift Scheduler Demo] [           main] org.hibernate.SQL                        : delete from shift_assignments where id=?
Hibernate: delete from shift_assignments where id=?
2025-10-13T15:56:20.537+09:00 DEBUG 10272 --- [Shift Scheduler Demo] [           main] org.hibernate.SQL                        : delete from shift_assignments where id=?
Hibernate: delete from shift_assignments where id=?
2025-10-13T15:56:20.537+09:00 DEBUG 10272 --- [Shift Scheduler Demo] [           main] org.hibernate.SQL                        : delete from shift_assignments where id=?
Hibernate: delete from shift_assignments where id=?
2025-10-13T15:56:20.537+09:00 DEBUG 10272 --- [Shift Scheduler Demo] [           main] org.hibernate.SQL                        : delete from shift_assignments where id=?
Hibernate: delete from shift_assignments where id=?
2025-10-13T15:56:20.538+09:00 DEBUG 10272 --- [Shift Scheduler Demo] [           main] org.hibernate.SQL                        : delete from shift_assignments where id=?
Hibernate: delete from shift_assignments where id=?
2025-10-13T15:56:20.538+09:00 DEBUG 10272 --- [Shift Scheduler Demo] [           main] org.hibernate.SQL                        : delete from shift_assignments where id=?
Hibernate: delete from shift_assignments where id=?
2025-10-13T15:56:20.538+09:00 DEBUG 10272 --- [Shift Scheduler Demo] [           main] org.hibernate.SQL                        : delete from shift_assignments where id=?
Hibernate: delete from shift_assignments where id=?
2025-10-13T15:56:20.539+09:00 DEBUG 10272 --- [Shift Scheduler Demo] [           main] org.hibernate.SQL                        : delete from shift_assignments where id=?
Hibernate: delete from shift_assignments where id=?
2025-10-13T15:56:20.539+09:00 DEBUG 10272 --- [Shift Scheduler Demo] [           main] org.hibernate.SQL                        : delete from shift_assignments where id=?
Hibernate: delete from shift_assignments where id=?
2025-10-13T15:56:20.539+09:00 DEBUG 10272 --- [Shift Scheduler Demo] [           main] org.hibernate.SQL                        : delete from shift_assignments where id=?
Hibernate: delete from shift_assignments where id=?
2025-10-13T15:56:20.539+09:00 DEBUG 10272 --- [Shift Scheduler Demo] [           main] org.hibernate.SQL                        : delete from shift_assignments where id=?
Hibernate: delete from shift_assignments where id=?
2025-10-13T15:56:20.540+09:00 DEBUG 10272 --- [Shift Scheduler Demo] [           main] org.hibernate.SQL                        : delete from shift_assignments where id=?
Hibernate: delete from shift_assignments where id=?
2025-10-13T15:56:20.540+09:00 DEBUG 10272 --- [Shift Scheduler Demo] [           main] org.hibernate.SQL                        : delete from shift_assignments where id=?
Hibernate: delete from shift_assignments where id=?
2025-10-13T15:56:20.540+09:00 DEBUG 10272 --- [Shift Scheduler Demo] [           main] org.hibernate.SQL                        : delete from shift_assignments where id=?
Hibernate: delete from shift_assignments where id=?
2025-10-13T15:56:20.540+09:00 DEBUG 10272 --- [Shift Scheduler Demo] [           main] org.hibernate.SQL                        : delete from shift_assignments where id=?
Hibernate: delete from shift_assignments where id=?
2025-10-13T15:56:20.540+09:00 DEBUG 10272 --- [Shift Scheduler Demo] [           main] org.hibernate.SQL                        : delete from shift_assignments where id=?
Hibernate: delete from shift_assignments where id=?
2025-10-13T15:56:20.540+09:00 DEBUG 10272 --- [Shift Scheduler Demo] [           main] org.hibernate.SQL                        : delete from shift_assignments where id=?
Hibernate: delete from shift_assignments where id=?
2025-10-13T15:56:20.540+09:00 DEBUG 10272 --- [Shift Scheduler Demo] [           main] org.hibernate.SQL                        : delete from shift_assignments where id=?
Hibernate: delete from shift_assignments where id=?
2025-10-13T15:56:20.540+09:00 DEBUG 10272 --- [Shift Scheduler Demo] [           main] org.hibernate.SQL                        : delete from shift_assignments where id=?
Hibernate: delete from shift_assignments where id=?
2025-10-13T15:56:20.540+09:00 DEBUG 10272 --- [Shift Scheduler Demo] [           main] org.hibernate.SQL                        : delete from shift_assignments where id=?
Hibernate: delete from shift_assignments where id=?
2025-10-13T15:56:20.540+09:00 DEBUG 10272 --- [Shift Scheduler Demo] [           main] org.hibernate.SQL                        : delete from shift_assignments where id=?
Hibernate: delete from shift_assignments where id=?
2025-10-13T15:56:20.540+09:00 DEBUG 10272 --- [Shift Scheduler Demo] [           main] org.hibernate.SQL                        : delete from shift_assignments where id=?
Hibernate: delete from shift_assignments where id=?
2025-10-13T15:56:20.540+09:00 DEBUG 10272 --- [Shift Scheduler Demo] [           main] org.hibernate.SQL                        : delete from shift_assignments where id=?
Hibernate: delete from shift_assignments where id=?
2025-10-13T15:56:20.540+09:00 DEBUG 10272 --- [Shift Scheduler Demo] [           main] org.hibernate.SQL                        : delete from shift_assignments where id=?
Hibernate: delete from shift_assignments where id=?
2025-10-13T15:56:20.541+09:00 DEBUG 10272 --- [Shift Scheduler Demo] [           main] org.hibernate.SQL                        : delete from shift_assignments where id=?
Hibernate: delete from shift_assignments where id=?
2025-10-13T15:56:20.541+09:00 DEBUG 10272 --- [Shift Scheduler Demo] [           main] org.hibernate.SQL                        : delete from shift_assignments where id=?
Hibernate: delete from shift_assignments where id=?
2025-10-13T15:56:20.541+09:00 DEBUG 10272 --- [Shift Scheduler Demo] [           main] org.hibernate.SQL                        : delete from shift_assignments where id=?
Hibernate: delete from shift_assignments where id=?
2025-10-13T15:56:20.541+09:00 DEBUG 10272 --- [Shift Scheduler Demo] [           main] org.hibernate.SQL                        : delete from shift_assignments where id=?
Hibernate: delete from shift_assignments where id=?
2025-10-13T15:56:20.541+09:00 DEBUG 10272 --- [Shift Scheduler Demo] [           main] org.hibernate.SQL                        : delete from shift_assignments where id=?
Hibernate: delete from shift_assignments where id=?
2025-10-13T15:56:20.541+09:00 DEBUG 10272 --- [Shift Scheduler Demo] [           main] org.hibernate.SQL                        : delete from shift_assignments where id=?
Hibernate: delete from shift_assignments where id=?
2025-10-13T15:56:20.541+09:00 DEBUG 10272 --- [Shift Scheduler Demo] [           main] org.hibernate.SQL                        : delete from shift_assignments where id=?
Hibernate: delete from shift_assignments where id=?
2025-10-13T15:56:20.541+09:00 DEBUG 10272 --- [Shift Scheduler Demo] [           main] org.hibernate.SQL                        : delete from shift_assignments where id=?
Hibernate: delete from shift_assignments where id=?
2025-10-13T15:56:20.541+09:00 DEBUG 10272 --- [Shift Scheduler Demo] [           main] org.hibernate.SQL                        : delete from shift_assignments where id=?
Hibernate: delete from shift_assignments where id=?
2025-10-13T15:56:20.541+09:00 DEBUG 10272 --- [Shift Scheduler Demo] [           main] org.hibernate.SQL                        : delete from shift_assignments where id=?
Hibernate: delete from shift_assignments where id=?
2025-10-13T15:56:20.541+09:00 DEBUG 10272 --- [Shift Scheduler Demo] [           main] org.hibernate.SQL                        : delete from shift_assignments where id=?
Hibernate: delete from shift_assignments where id=?
2025-10-13T15:56:20.541+09:00 DEBUG 10272 --- [Shift Scheduler Demo] [           main] org.hibernate.SQL                        : delete from shift_assignments where id=?
Hibernate: delete from shift_assignments where id=?
2025-10-13T15:56:20.542+09:00 DEBUG 10272 --- [Shift Scheduler Demo] [           main] org.hibernate.SQL                        : delete from shift_assignments where id=?
Hibernate: delete from shift_assignments where id=?
2025-10-13T15:56:20.542+09:00 DEBUG 10272 --- [Shift Scheduler Demo] [           main] org.hibernate.SQL                        : delete from shift_assignments where id=?
Hibernate: delete from shift_assignments where id=?
2025-10-13T15:56:20.542+09:00 DEBUG 10272 --- [Shift Scheduler Demo] [           main] org.hibernate.SQL                        : delete from shift_assignments where id=?
Hibernate: delete from shift_assignments where id=?
2025-10-13T15:56:20.542+09:00 DEBUG 10272 --- [Shift Scheduler Demo] [           main] org.hibernate.SQL                        : delete from shift_assignments where id=?
Hibernate: delete from shift_assignments where id=?
2025-10-13T15:56:20.542+09:00 DEBUG 10272 --- [Shift Scheduler Demo] [           main] org.hibernate.SQL                        : delete from shift_assignments where id=?
Hibernate: delete from shift_assignments where id=?
2025-10-13T15:56:20.542+09:00 DEBUG 10272 --- [Shift Scheduler Demo] [           main] org.hibernate.SQL                        : delete from shift_assignments where id=?
Hibernate: delete from shift_assignments where id=?
2025-10-13T15:56:20.542+09:00 DEBUG 10272 --- [Shift Scheduler Demo] [           main] org.hibernate.SQL                        : delete from shift_assignments where id=?
Hibernate: delete from shift_assignments where id=?
2025-10-13T15:56:20.542+09:00 DEBUG 10272 --- [Shift Scheduler Demo] [           main] org.hibernate.SQL                        : delete from shift_assignments where id=?
Hibernate: delete from shift_assignments where id=?
2025-10-13T15:56:20.542+09:00 DEBUG 10272 --- [Shift Scheduler Demo] [           main] org.hibernate.SQL                        : delete from shift_assignments where id=?
Hibernate: delete from shift_assignments where id=?
2025-10-13T15:56:20.542+09:00 DEBUG 10272 --- [Shift Scheduler Demo] [           main] org.hibernate.SQL                        : delete from shift_assignments where id=?
Hibernate: delete from shift_assignments where id=?
2025-10-13T15:56:20.575+09:00 DEBUG 10272 --- [Shift Scheduler Demo] [           main] org.hibernate.SQL                        : delete from shift_assignments where id=?
Hibernate: delete from shift_assignments where id=?
2025-10-13T15:56:20.576+09:00 DEBUG 10272 --- [Shift Scheduler Demo] [           main] org.hibernate.SQL                        : delete from shift_assignments where id=?
Hibernate: delete from shift_assignments where id=?
2025-10-13T15:56:20.576+09:00 DEBUG 10272 --- [Shift Scheduler Demo] [           main] org.hibernate.SQL                        : delete from shift_assignments where id=?
Hibernate: delete from shift_assignments where id=?
2025-10-13T15:56:20.576+09:00 DEBUG 10272 --- [Shift Scheduler Demo] [           main] org.hibernate.SQL                        : delete from shift_assignments where id=?
Hibernate: delete from shift_assignments where id=?
2025-10-13T15:56:20.576+09:00 DEBUG 10272 --- [Shift Scheduler Demo] [           main] org.hibernate.SQL                        : delete from shift_assignments where id=?
Hibernate: delete from shift_assignments where id=?
2025-10-13T15:56:20.576+09:00 DEBUG 10272 --- [Shift Scheduler Demo] [           main] org.hibernate.SQL                        : delete from shift_assignments where id=?
Hibernate: delete from shift_assignments where id=?
2025-10-13T15:56:20.576+09:00 DEBUG 10272 --- [Shift Scheduler Demo] [           main] org.hibernate.SQL                        : delete from shift_assignments where id=?
Hibernate: delete from shift_assignments where id=?
2025-10-13T15:56:20.576+09:00 DEBUG 10272 --- [Shift Scheduler Demo] [           main] org.hibernate.SQL                        : delete from shift_assignments where id=?
Hibernate: delete from shift_assignments where id=?
2025-10-13T15:56:20.576+09:00 DEBUG 10272 --- [Shift Scheduler Demo] [           main] org.hibernate.SQL                        : delete from shift_assignments where id=?
Hibernate: delete from shift_assignments where id=?
2025-10-13T15:56:20.576+09:00 DEBUG 10272 --- [Shift Scheduler Demo] [           main] org.hibernate.SQL                        : delete from shift_assignments where id=?
Hibernate: delete from shift_assignments where id=?
2025-10-13T15:56:20.576+09:00 DEBUG 10272 --- [Shift Scheduler Demo] [           main] org.hibernate.SQL                        : delete from shift_assignments where id=?
Hibernate: delete from shift_assignments where id=?
2025-10-13T15:56:20.576+09:00 DEBUG 10272 --- [Shift Scheduler Demo] [           main] org.hibernate.SQL                        : delete from shift_assignments where id=?
Hibernate: delete from shift_assignments where id=?
2025-10-13T15:56:20.576+09:00 DEBUG 10272 --- [Shift Scheduler Demo] [           main] org.hibernate.SQL                        : delete from shift_assignments where id=?
Hibernate: delete from shift_assignments where id=?
2025-10-13T15:56:20.577+09:00 DEBUG 10272 --- [Shift Scheduler Demo] [           main] org.hibernate.SQL                        : delete from shift_assignments where id=?
Hibernate: delete from shift_assignments where id=?
2025-10-13T15:56:20.577+09:00 DEBUG 10272 --- [Shift Scheduler Demo] [           main] org.hibernate.SQL                        : delete from shift_assignments where id=?
Hibernate: delete from shift_assignments where id=?
2025-10-13T15:56:20.577+09:00 DEBUG 10272 --- [Shift Scheduler Demo] [           main] org.hibernate.SQL                        : delete from shift_assignments where id=?
Hibernate: delete from shift_assignments where id=?
2025-10-13T15:56:20.577+09:00 DEBUG 10272 --- [Shift Scheduler Demo] [           main] org.hibernate.SQL                        : delete from shift_assignments where id=?
Hibernate: delete from shift_assignments where id=?
2025-10-13T15:56:20.577+09:00 DEBUG 10272 --- [Shift Scheduler Demo] [           main] org.hibernate.SQL                        : delete from shift_assignments where id=?
Hibernate: delete from shift_assignments where id=?
2025-10-13T15:56:20.577+09:00 DEBUG 10272 --- [Shift Scheduler Demo] [           main] org.hibernate.SQL                        : delete from shift_assignments where id=?
Hibernate: delete from shift_assignments where id=?
2025-10-13T15:56:20.577+09:00 DEBUG 10272 --- [Shift Scheduler Demo] [           main] org.hibernate.SQL                        : delete from shift_assignments where id=?
Hibernate: delete from shift_assignments where id=?
2025-10-13T15:56:20.578+09:00 DEBUG 10272 --- [Shift Scheduler Demo] [           main] org.hibernate.SQL                        : delete from shift_assignments where id=?
Hibernate: delete from shift_assignments where id=?
2025-10-13T15:56:20.578+09:00 DEBUG 10272 --- [Shift Scheduler Demo] [           main] org.hibernate.SQL                        : delete from shift_assignments where id=?
Hibernate: delete from shift_assignments where id=?
2025-10-13T15:56:20.578+09:00 DEBUG 10272 --- [Shift Scheduler Demo] [           main] org.hibernate.SQL                        : delete from shift_assignments where id=?
Hibernate: delete from shift_assignments where id=?
2025-10-13T15:56:20.578+09:00 DEBUG 10272 --- [Shift Scheduler Demo] [           main] org.hibernate.SQL                        : delete from shift_assignments where id=?
Hibernate: delete from shift_assignments where id=?
2025-10-13T15:56:20.578+09:00 DEBUG 10272 --- [Shift Scheduler Demo] [           main] org.hibernate.SQL                        : delete from shift_assignments where id=?
Hibernate: delete from shift_assignments where id=?
2025-10-13T15:56:20.578+09:00 DEBUG 10272 --- [Shift Scheduler Demo] [           main] org.hibernate.SQL                        : delete from shift_assignments where id=?
Hibernate: delete from shift_assignments where id=?
2025-10-13T15:56:20.578+09:00 DEBUG 10272 --- [Shift Scheduler Demo] [           main] org.hibernate.SQL                        : delete from shift_assignments where id=?
Hibernate: delete from shift_assignments where id=?
2025-10-13T15:56:20.578+09:00 DEBUG 10272 --- [Shift Scheduler Demo] [           main] org.hibernate.SQL                        : delete from shift_assignments where id=?
Hibernate: delete from shift_assignments where id=?
2025-10-13T15:56:20.578+09:00 DEBUG 10272 --- [Shift Scheduler Demo] [           main] org.hibernate.SQL                        : delete from shift_assignments where id=?
Hibernate: delete from shift_assignments where id=?
2025-10-13T15:56:20.578+09:00 DEBUG 10272 --- [Shift Scheduler Demo] [           main] org.hibernate.SQL                        : delete from shift_assignments where id=?
Hibernate: delete from shift_assignments where id=?
2025-10-13T15:56:20.578+09:00 DEBUG 10272 --- [Shift Scheduler Demo] [           main] org.hibernate.SQL                        : delete from shift_assignments where id=?
Hibernate: delete from shift_assignments where id=?
2025-10-13T15:56:20.578+09:00 DEBUG 10272 --- [Shift Scheduler Demo] [           main] org.hibernate.SQL                        : delete from shift_assignments where id=?
Hibernate: delete from shift_assignments where id=?
2025-10-13T15:56:20.578+09:00 DEBUG 10272 --- [Shift Scheduler Demo] [           main] org.hibernate.SQL                        : delete from shift_assignments where id=?
Hibernate: delete from shift_assignments where id=?
2025-10-13T15:56:20.578+09:00 DEBUG 10272 --- [Shift Scheduler Demo] [           main] org.hibernate.SQL                        : delete from shift_assignments where id=?
Hibernate: delete from shift_assignments where id=?
2025-10-13T15:56:20.579+09:00 DEBUG 10272 --- [Shift Scheduler Demo] [           main] org.hibernate.SQL                        : delete from shift_assignments where id=?
Hibernate: delete from shift_assignments where id=?
2025-10-13T15:56:20.579+09:00 DEBUG 10272 --- [Shift Scheduler Demo] [           main] org.hibernate.SQL                        : delete from shift_assignments where id=?
Hibernate: delete from shift_assignments where id=?
2025-10-13T15:56:20.579+09:00 DEBUG 10272 --- [Shift Scheduler Demo] [           main] org.hibernate.SQL                        : delete from shift_assignments where id=?
Hibernate: delete from shift_assignments where id=?
2025-10-13T15:56:20.579+09:00 DEBUG 10272 --- [Shift Scheduler Demo] [           main] org.hibernate.SQL                        : delete from shift_assignments where id=?
Hibernate: delete from shift_assignments where id=?
2025-10-13T15:56:20.579+09:00 DEBUG 10272 --- [Shift Scheduler Demo] [           main] org.hibernate.SQL                        : delete from shift_assignments where id=?
Hibernate: delete from shift_assignments where id=?
2025-10-13T15:56:20.579+09:00 DEBUG 10272 --- [Shift Scheduler Demo] [           main] org.hibernate.SQL                        : delete from shift_assignments where id=?
Hibernate: delete from shift_assignments where id=?
2025-10-13T15:56:20.579+09:00 DEBUG 10272 --- [Shift Scheduler Demo] [           main] org.hibernate.SQL                        : delete from shift_assignments where id=?
Hibernate: delete from shift_assignments where id=?
2025-10-13T15:56:20.579+09:00 DEBUG 10272 --- [Shift Scheduler Demo] [           main] org.hibernate.SQL                        : delete from shift_assignments where id=?
Hibernate: delete from shift_assignments where id=?
2025-10-13T15:56:20.580+09:00 DEBUG 10272 --- [Shift Scheduler Demo] [           main] org.hibernate.SQL                        : delete from shift_assignments where id=?
Hibernate: delete from shift_assignments where id=?
2025-10-13T15:56:20.580+09:00 DEBUG 10272 --- [Shift Scheduler Demo] [           main] org.hibernate.SQL                        : delete from shift_assignments where id=?
Hibernate: delete from shift_assignments where id=?
2025-10-13T15:56:20.580+09:00 DEBUG 10272 --- [Shift Scheduler Demo] [           main] org.hibernate.SQL                        : delete from shift_assignments where id=?
Hibernate: delete from shift_assignments where id=?
2025-10-13T15:56:20.581+09:00 DEBUG 10272 --- [Shift Scheduler Demo] [           main] org.hibernate.SQL                        : delete from shift_assignments where id=?
Hibernate: delete from shift_assignments where id=?
2025-10-13T15:56:20.581+09:00 DEBUG 10272 --- [Shift Scheduler Demo] [           main] org.hibernate.SQL                        : delete from shift_assignments where id=?
Hibernate: delete from shift_assignments where id=?
2025-10-13T15:56:20.581+09:00 DEBUG 10272 --- [Shift Scheduler Demo] [           main] org.hibernate.SQL                        : delete from shift_assignments where id=?
Hibernate: delete from shift_assignments where id=?
2025-10-13T15:56:20.581+09:00 DEBUG 10272 --- [Shift Scheduler Demo] [           main] org.hibernate.SQL                        : delete from shift_assignments where id=?
Hibernate: delete from shift_assignments where id=?
2025-10-13T15:56:20.581+09:00 DEBUG 10272 --- [Shift Scheduler Demo] [           main] org.hibernate.SQL                        : delete from shift_assignments where id=?
Hibernate: delete from shift_assignments where id=?
2025-10-13T15:56:20.581+09:00 DEBUG 10272 --- [Shift Scheduler Demo] [           main] org.hibernate.SQL                        : delete from shift_assignments where id=?
Hibernate: delete from shift_assignments where id=?
2025-10-13T15:56:20.581+09:00 DEBUG 10272 --- [Shift Scheduler Demo] [           main] org.hibernate.SQL                        : delete from shift_assignments where id=?
Hibernate: delete from shift_assignments where id=?
2025-10-13T15:56:20.581+09:00 DEBUG 10272 --- [Shift Scheduler Demo] [           main] org.hibernate.SQL                        : delete from shift_assignments where id=?
Hibernate: delete from shift_assignments where id=?
2025-10-13T15:56:20.581+09:00 DEBUG 10272 --- [Shift Scheduler Demo] [           main] org.hibernate.SQL                        : delete from shift_assignments where id=?
Hibernate: delete from shift_assignments where id=?
2025-10-13T15:56:20.581+09:00 DEBUG 10272 --- [Shift Scheduler Demo] [           main] org.hibernate.SQL                        : delete from shift_assignments where id=?
Hibernate: delete from shift_assignments where id=?
2025-10-13T15:56:20.581+09:00 DEBUG 10272 --- [Shift Scheduler Demo] [           main] org.hibernate.SQL                        : delete from shift_assignments where id=?
Hibernate: delete from shift_assignments where id=?
2025-10-13T15:56:20.581+09:00 DEBUG 10272 --- [Shift Scheduler Demo] [           main] org.hibernate.SQL                        : delete from shift_assignments where id=?
Hibernate: delete from shift_assignments where id=?
2025-10-13T15:56:20.582+09:00 DEBUG 10272 --- [Shift Scheduler Demo] [           main] org.hibernate.SQL                        : delete from shift_assignments where id=?
Hibernate: delete from shift_assignments where id=?
2025-10-13T15:56:20.582+09:00 DEBUG 10272 --- [Shift Scheduler Demo] [           main] org.hibernate.SQL                        : delete from shift_assignments where id=?
Hibernate: delete from shift_assignments where id=?
2025-10-13T15:56:20.582+09:00 DEBUG 10272 --- [Shift Scheduler Demo] [           main] org.hibernate.SQL                        : delete from shift_assignments where id=?
Hibernate: delete from shift_assignments where id=?
2025-10-13T15:56:20.582+09:00 DEBUG 10272 --- [Shift Scheduler Demo] [           main] org.hibernate.SQL                        : delete from shift_assignments where id=?
Hibernate: delete from shift_assignments where id=?
2025-10-13T15:56:20.582+09:00 DEBUG 10272 --- [Shift Scheduler Demo] [           main] org.hibernate.SQL                        : delete from shift_assignments where id=?
Hibernate: delete from shift_assignments where id=?
2025-10-13T15:56:20.582+09:00 DEBUG 10272 --- [Shift Scheduler Demo] [           main] org.hibernate.SQL                        : delete from shift_assignments where id=?
Hibernate: delete from shift_assignments where id=?
2025-10-13T15:56:20.582+09:00 DEBUG 10272 --- [Shift Scheduler Demo] [           main] org.hibernate.SQL                        : delete from shift_assignments where id=?
Hibernate: delete from shift_assignments where id=?
2025-10-13T15:56:20.582+09:00 DEBUG 10272 --- [Shift Scheduler Demo] [           main] org.hibernate.SQL                        : delete from shift_assignments where id=?
Hibernate: delete from shift_assignments where id=?
2025-10-13T15:56:20.582+09:00 DEBUG 10272 --- [Shift Scheduler Demo] [           main] org.hibernate.SQL                        : delete from shift_assignments where id=?
Hibernate: delete from shift_assignments where id=?
2025-10-13T15:56:20.582+09:00 DEBUG 10272 --- [Shift Scheduler Demo] [           main] org.hibernate.SQL                        : delete from shift_assignments where id=?
Hibernate: delete from shift_assignments where id=?
2025-10-13T15:56:20.590+09:00 DEBUG 10272 --- [Shift Scheduler Demo] [           main] org.hibernate.SQL                        : delete from shift_assignments where id=?
Hibernate: delete from shift_assignments where id=?
2025-10-13T15:56:20.590+09:00 DEBUG 10272 --- [Shift Scheduler Demo] [           main] org.hibernate.SQL                        : delete from shift_assignments where id=?
Hibernate: delete from shift_assignments where id=?
2025-10-13T15:56:20.590+09:00 DEBUG 10272 --- [Shift Scheduler Demo] [           main] org.hibernate.SQL                        : delete from shift_assignments where id=?
Hibernate: delete from shift_assignments where id=?
2025-10-13T15:56:20.590+09:00 DEBUG 10272 --- [Shift Scheduler Demo] [           main] org.hibernate.SQL                        : delete from shift_assignments where id=?
Hibernate: delete from shift_assignments where id=?
2025-10-13T15:56:20.590+09:00 DEBUG 10272 --- [Shift Scheduler Demo] [           main] org.hibernate.SQL                        : delete from shift_assignments where id=?
Hibernate: delete from shift_assignments where id=?
2025-10-13T15:56:20.590+09:00 DEBUG 10272 --- [Shift Scheduler Demo] [           main] org.hibernate.SQL                        : delete from shift_assignments where id=?
Hibernate: delete from shift_assignments where id=?
2025-10-13T15:56:20.590+09:00 DEBUG 10272 --- [Shift Scheduler Demo] [           main] org.hibernate.SQL                        : delete from shift_assignments where id=?
Hibernate: delete from shift_assignments where id=?
2025-10-13T15:56:20.590+09:00 DEBUG 10272 --- [Shift Scheduler Demo] [           main] org.hibernate.SQL                        : delete from shift_assignments where id=?
Hibernate: delete from shift_assignments where id=?
2025-10-13T15:56:20.591+09:00 DEBUG 10272 --- [Shift Scheduler Demo] [           main] org.hibernate.SQL                        : delete from shift_assignments where id=?
Hibernate: delete from shift_assignments where id=?
2025-10-13T15:56:20.591+09:00 DEBUG 10272 --- [Shift Scheduler Demo] [           main] org.hibernate.SQL                        : delete from shift_assignments where id=?
Hibernate: delete from shift_assignments where id=?
2025-10-13T15:56:20.591+09:00 DEBUG 10272 --- [Shift Scheduler Demo] [           main] org.hibernate.SQL                        : delete from shift_assignments where id=?
Hibernate: delete from shift_assignments where id=?
2025-10-13T15:56:20.591+09:00 DEBUG 10272 --- [Shift Scheduler Demo] [           main] org.hibernate.SQL                        : delete from shift_assignments where id=?
Hibernate: delete from shift_assignments where id=?
2025-10-13T15:56:20.591+09:00 DEBUG 10272 --- [Shift Scheduler Demo] [           main] org.hibernate.SQL                        : delete from shift_assignments where id=?
Hibernate: delete from shift_assignments where id=?
2025-10-13T15:56:20.591+09:00 DEBUG 10272 --- [Shift Scheduler Demo] [           main] org.hibernate.SQL                        : delete from shift_assignments where id=?
Hibernate: delete from shift_assignments where id=?
2025-10-13T15:56:20.591+09:00 DEBUG 10272 --- [Shift Scheduler Demo] [           main] org.hibernate.SQL                        : delete from shift_assignments where id=?
Hibernate: delete from shift_assignments where id=?
2025-10-13T15:56:20.591+09:00 DEBUG 10272 --- [Shift Scheduler Demo] [           main] org.hibernate.SQL                        : delete from shift_assignments where id=?
Hibernate: delete from shift_assignments where id=?
2025-10-13T15:56:20.591+09:00 DEBUG 10272 --- [Shift Scheduler Demo] [           main] org.hibernate.SQL                        : delete from shift_assignments where id=?
Hibernate: delete from shift_assignments where id=?
2025-10-13T15:56:20.591+09:00 DEBUG 10272 --- [Shift Scheduler Demo] [           main] org.hibernate.SQL                        : delete from shift_assignments where id=?
Hibernate: delete from shift_assignments where id=?
2025-10-13T15:56:20.591+09:00 DEBUG 10272 --- [Shift Scheduler Demo] [           main] org.hibernate.SQL                        : delete from shift_assignments where id=?
Hibernate: delete from shift_assignments where id=?
2025-10-13T15:56:20.591+09:00 DEBUG 10272 --- [Shift Scheduler Demo] [           main] org.hibernate.SQL                        : delete from shift_assignments where id=?
Hibernate: delete from shift_assignments where id=?
2025-10-13T15:56:20.591+09:00 DEBUG 10272 --- [Shift Scheduler Demo] [           main] org.hibernate.SQL                        : delete from shift_assignments where id=?
Hibernate: delete from shift_assignments where id=?
2025-10-13T15:56:20.591+09:00 DEBUG 10272 --- [Shift Scheduler Demo] [           main] org.hibernate.SQL                        : delete from shift_assignments where id=?
Hibernate: delete from shift_assignments where id=?
2025-10-13T15:56:20.591+09:00 DEBUG 10272 --- [Shift Scheduler Demo] [           main] org.hibernate.SQL                        : delete from shift_assignments where id=?
Hibernate: delete from shift_assignments where id=?
2025-10-13T15:56:20.591+09:00 DEBUG 10272 --- [Shift Scheduler Demo] [           main] org.hibernate.SQL                        : delete from shift_assignments where id=?
Hibernate: delete from shift_assignments where id=?
2025-10-13T15:56:20.592+09:00 DEBUG 10272 --- [Shift Scheduler Demo] [           main] org.hibernate.SQL                        : delete from shift_assignments where id=?
Hibernate: delete from shift_assignments where id=?
2025-10-13T15:56:20.592+09:00 DEBUG 10272 --- [Shift Scheduler Demo] [           main] org.hibernate.SQL                        : delete from shift_assignments where id=?
Hibernate: delete from shift_assignments where id=?
2025-10-13T15:56:20.592+09:00 DEBUG 10272 --- [Shift Scheduler Demo] [           main] org.hibernate.SQL                        : delete from shift_assignments where id=?
Hibernate: delete from shift_assignments where id=?
2025-10-13T15:56:20.592+09:00 DEBUG 10272 --- [Shift Scheduler Demo] [           main] org.hibernate.SQL                        : delete from shift_assignments where id=?
Hibernate: delete from shift_assignments where id=?
2025-10-13T15:56:20.592+09:00 DEBUG 10272 --- [Shift Scheduler Demo] [           main] org.hibernate.SQL                        : delete from shift_assignments where id=?
Hibernate: delete from shift_assignments where id=?
2025-10-13T15:56:20.592+09:00 DEBUG 10272 --- [Shift Scheduler Demo] [           main] org.hibernate.SQL                        : delete from shift_assignments where id=?
Hibernate: delete from shift_assignments where id=?
2025-10-13T15:56:20.592+09:00 DEBUG 10272 --- [Shift Scheduler Demo] [           main] org.hibernate.SQL                        : delete from shift_assignments where id=?
Hibernate: delete from shift_assignments where id=?
2025-10-13T15:56:20.592+09:00 DEBUG 10272 --- [Shift Scheduler Demo] [           main] org.hibernate.SQL                        : delete from shift_assignments where id=?
Hibernate: delete from shift_assignments where id=?
2025-10-13T15:56:20.592+09:00 DEBUG 10272 --- [Shift Scheduler Demo] [           main] org.hibernate.SQL                        : delete from shift_assignments where id=?
Hibernate: delete from shift_assignments where id=?
2025-10-13T15:56:20.592+09:00 DEBUG 10272 --- [Shift Scheduler Demo] [           main] org.hibernate.SQL                        : delete from shift_assignments where id=?
Hibernate: delete from shift_assignments where id=?
2025-10-13T15:56:20.592+09:00 DEBUG 10272 --- [Shift Scheduler Demo] [           main] org.hibernate.SQL                        : delete from shift_assignments where id=?
Hibernate: delete from shift_assignments where id=?
2025-10-13T15:56:20.592+09:00 DEBUG 10272 --- [Shift Scheduler Demo] [           main] org.hibernate.SQL                        : delete from shift_assignments where id=?
Hibernate: delete from shift_assignments where id=?
2025-10-13T15:56:20.592+09:00 DEBUG 10272 --- [Shift Scheduler Demo] [           main] org.hibernate.SQL                        : delete from shift_assignments where id=?
Hibernate: delete from shift_assignments where id=?
2025-10-13T15:56:20.592+09:00 DEBUG 10272 --- [Shift Scheduler Demo] [           main] org.hibernate.SQL                        : delete from shift_assignments where id=?
Hibernate: delete from shift_assignments where id=?
2025-10-13T15:56:20.592+09:00 DEBUG 10272 --- [Shift Scheduler Demo] [           main] org.hibernate.SQL                        : delete from shift_assignments where id=?
Hibernate: delete from shift_assignments where id=?
2025-10-13T15:56:20.592+09:00 DEBUG 10272 --- [Shift Scheduler Demo] [           main] org.hibernate.SQL                        : delete from shift_assignments where id=?
Hibernate: delete from shift_assignments where id=?
2025-10-13T15:56:20.592+09:00 DEBUG 10272 --- [Shift Scheduler Demo] [           main] org.hibernate.SQL                        : delete from shift_assignments where id=?
Hibernate: delete from shift_assignments where id=?
2025-10-13T15:56:20.593+09:00 DEBUG 10272 --- [Shift Scheduler Demo] [           main] org.hibernate.SQL                        : delete from shift_assignments where id=?
Hibernate: delete from shift_assignments where id=?
2025-10-13T15:56:20.593+09:00 DEBUG 10272 --- [Shift Scheduler Demo] [           main] org.hibernate.SQL                        : delete from shift_assignments where id=?
Hibernate: delete from shift_assignments where id=?
2025-10-13T15:56:20.593+09:00 DEBUG 10272 --- [Shift Scheduler Demo] [           main] org.hibernate.SQL                        : delete from shift_assignments where id=?
Hibernate: delete from shift_assignments where id=?
2025-10-13T15:56:20.593+09:00 DEBUG 10272 --- [Shift Scheduler Demo] [           main] org.hibernate.SQL                        : delete from shift_assignments where id=?
Hibernate: delete from shift_assignments where id=?
2025-10-13T15:56:20.593+09:00 DEBUG 10272 --- [Shift Scheduler Demo] [           main] org.hibernate.SQL                        : delete from shift_assignments where id=?
Hibernate: delete from shift_assignments where id=?
2025-10-13T15:56:20.593+09:00 DEBUG 10272 --- [Shift Scheduler Demo] [           main] org.hibernate.SQL                        : delete from shift_assignments where id=?
Hibernate: delete from shift_assignments where id=?
2025-10-13T15:56:20.593+09:00 DEBUG 10272 --- [Shift Scheduler Demo] [           main] org.hibernate.SQL                        : delete from shift_assignments where id=?
Hibernate: delete from shift_assignments where id=?
2025-10-13T15:56:20.593+09:00 DEBUG 10272 --- [Shift Scheduler Demo] [           main] org.hibernate.SQL                        : delete from shift_assignments where id=?
Hibernate: delete from shift_assignments where id=?
2025-10-13T15:56:20.593+09:00 DEBUG 10272 --- [Shift Scheduler Demo] [           main] org.hibernate.SQL                        : delete from shift_assignments where id=?
Hibernate: delete from shift_assignments where id=?
2025-10-13T15:56:20.593+09:00 DEBUG 10272 --- [Shift Scheduler Demo] [           main] org.hibernate.SQL                        : delete from shift_assignments where id=?
Hibernate: delete from shift_assignments where id=?
2025-10-13T15:56:20.593+09:00 DEBUG 10272 --- [Shift Scheduler Demo] [           main] org.hibernate.SQL                        : delete from shift_assignments where id=?
Hibernate: delete from shift_assignments where id=?
2025-10-13T15:56:20.593+09:00 DEBUG 10272 --- [Shift Scheduler Demo] [           main] org.hibernate.SQL                        : delete from shift_assignments where id=?
Hibernate: delete from shift_assignments where id=?
2025-10-13T15:56:20.593+09:00 DEBUG 10272 --- [Shift Scheduler Demo] [           main] org.hibernate.SQL                        : delete from shift_assignments where id=?
Hibernate: delete from shift_assignments where id=?
2025-10-13T15:56:20.593+09:00 DEBUG 10272 --- [Shift Scheduler Demo] [           main] org.hibernate.SQL                        : delete from shift_assignments where id=?
Hibernate: delete from shift_assignments where id=?
2025-10-13T15:56:20.593+09:00 DEBUG 10272 --- [Shift Scheduler Demo] [           main] org.hibernate.SQL                        : delete from shift_assignments where id=?
Hibernate: delete from shift_assignments where id=?
2025-10-13T15:56:20.594+09:00 DEBUG 10272 --- [Shift Scheduler Demo] [           main] org.hibernate.SQL                        : delete from shift_assignments where id=?
Hibernate: delete from shift_assignments where id=?
2025-10-13T15:56:20.594+09:00 DEBUG 10272 --- [Shift Scheduler Demo] [           main] org.hibernate.SQL                        : delete from shift_assignments where id=?
Hibernate: delete from shift_assignments where id=?
2025-10-13T15:56:20.594+09:00 DEBUG 10272 --- [Shift Scheduler Demo] [           main] org.hibernate.SQL                        : delete from shift_assignments where id=?
Hibernate: delete from shift_assignments where id=?
2025-10-13T15:56:20.594+09:00 DEBUG 10272 --- [Shift Scheduler Demo] [           main] org.hibernate.SQL                        : delete from shift_assignments where id=?
Hibernate: delete from shift_assignments where id=?
2025-10-13T15:56:20.594+09:00 DEBUG 10272 --- [Shift Scheduler Demo] [           main] org.hibernate.SQL                        : delete from shift_assignments where id=?
Hibernate: delete from shift_assignments where id=?
2025-10-13T15:56:20.594+09:00 DEBUG 10272 --- [Shift Scheduler Demo] [           main] org.hibernate.SQL                        : delete from shift_assignments where id=?
Hibernate: delete from shift_assignments where id=?
2025-10-13T15:56:20.594+09:00 DEBUG 10272 --- [Shift Scheduler Demo] [           main] org.hibernate.SQL                        : delete from shift_assignments where id=?
Hibernate: delete from shift_assignments where id=?
2025-10-13T15:56:20.594+09:00 DEBUG 10272 --- [Shift Scheduler Demo] [           main] org.hibernate.SQL                        : delete from shift_assignments where id=?
Hibernate: delete from shift_assignments where id=?
2025-10-13T15:56:20.595+09:00 DEBUG 10272 --- [Shift Scheduler Demo] [           main] org.hibernate.SQL                        : delete from shift_assignments where id=?
Hibernate: delete from shift_assignments where id=?
2025-10-13T15:56:20.596+09:00 DEBUG 10272 --- [Shift Scheduler Demo] [           main] org.hibernate.SQL                        : delete from shift_assignments where id=?
Hibernate: delete from shift_assignments where id=?
2025-10-13T15:56:20.596+09:00 DEBUG 10272 --- [Shift Scheduler Demo] [           main] org.hibernate.SQL                        : delete from shift_assignments where id=?
Hibernate: delete from shift_assignments where id=?
2025-10-13T15:56:20.596+09:00 DEBUG 10272 --- [Shift Scheduler Demo] [           main] org.hibernate.SQL                        : delete from shift_assignments where id=?
Hibernate: delete from shift_assignments where id=?
2025-10-13T15:56:20.596+09:00 DEBUG 10272 --- [Shift Scheduler Demo] [           main] org.hibernate.SQL                        : delete from shift_assignments where id=?
Hibernate: delete from shift_assignments where id=?
2025-10-13T15:56:20.596+09:00 DEBUG 10272 --- [Shift Scheduler Demo] [           main] org.hibernate.SQL                        : delete from shift_assignments where id=?
Hibernate: delete from shift_assignments where id=?
2025-10-13T15:56:20.596+09:00 DEBUG 10272 --- [Shift Scheduler Demo] [           main] org.hibernate.SQL                        : delete from shift_assignments where id=?
Hibernate: delete from shift_assignments where id=?
2025-10-13T15:56:20.596+09:00 DEBUG 10272 --- [Shift Scheduler Demo] [           main] org.hibernate.SQL                        : delete from shift_assignments where id=?
Hibernate: delete from shift_assignments where id=?
2025-10-13T15:56:20.596+09:00 DEBUG 10272 --- [Shift Scheduler Demo] [           main] org.hibernate.SQL                        : delete from shift_assignments where id=?
Hibernate: delete from shift_assignments where id=?
2025-10-13T15:56:20.596+09:00 DEBUG 10272 --- [Shift Scheduler Demo] [           main] org.hibernate.SQL                        : delete from shift_assignments where id=?
Hibernate: delete from shift_assignments where id=?
2025-10-13T15:56:20.596+09:00 DEBUG 10272 --- [Shift Scheduler Demo] [           main] org.hibernate.SQL                        : delete from shift_assignments where id=?
Hibernate: delete from shift_assignments where id=?
2025-10-13T15:56:20.596+09:00 DEBUG 10272 --- [Shift Scheduler Demo] [           main] org.hibernate.SQL                        : delete from shift_assignments where id=?
Hibernate: delete from shift_assignments where id=?
2025-10-13T15:56:20.596+09:00 DEBUG 10272 --- [Shift Scheduler Demo] [           main] org.hibernate.SQL                        : delete from shift_assignments where id=?
Hibernate: delete from shift_assignments where id=?
2025-10-13T15:56:20.596+09:00 DEBUG 10272 --- [Shift Scheduler Demo] [           main] org.hibernate.SQL                        : delete from shift_assignments where id=?
Hibernate: delete from shift_assignments where id=?
2025-10-13T15:56:20.597+09:00 DEBUG 10272 --- [Shift Scheduler Demo] [           main] org.hibernate.SQL                        : delete from shift_assignments where id=?
Hibernate: delete from shift_assignments where id=?
2025-10-13T15:56:20.597+09:00 DEBUG 10272 --- [Shift Scheduler Demo] [           main] org.hibernate.SQL                        : delete from shift_assignments where id=?
Hibernate: delete from shift_assignments where id=?
2025-10-13T15:56:20.597+09:00 DEBUG 10272 --- [Shift Scheduler Demo] [           main] org.hibernate.SQL                        : delete from shift_assignments where id=?
Hibernate: delete from shift_assignments where id=?
2025-10-13T15:56:20.597+09:00 DEBUG 10272 --- [Shift Scheduler Demo] [           main] org.hibernate.SQL                        : delete from shift_assignments where id=?
Hibernate: delete from shift_assignments where id=?
2025-10-13T15:56:20.597+09:00 DEBUG 10272 --- [Shift Scheduler Demo] [           main] org.hibernate.SQL                        : delete from shift_assignments where id=?
Hibernate: delete from shift_assignments where id=?
2025-10-13T15:56:20.597+09:00 DEBUG 10272 --- [Shift Scheduler Demo] [           main] org.hibernate.SQL                        : delete from shift_assignments where id=?
Hibernate: delete from shift_assignments where id=?
2025-10-13T15:56:20.597+09:00 DEBUG 10272 --- [Shift Scheduler Demo] [           main] org.hibernate.SQL                        : delete from shift_assignments where id=?
Hibernate: delete from shift_assignments where id=?
2025-10-13T15:56:20.597+09:00 DEBUG 10272 --- [Shift Scheduler Demo] [           main] org.hibernate.SQL                        : delete from shift_assignments where id=?
Hibernate: delete from shift_assignments where id=?
2025-10-13T15:56:20.597+09:00 DEBUG 10272 --- [Shift Scheduler Demo] [           main] org.hibernate.SQL                        : delete from shift_assignments where id=?
Hibernate: delete from shift_assignments where id=?
2025-10-13T15:56:20.597+09:00 DEBUG 10272 --- [Shift Scheduler Demo] [           main] org.hibernate.SQL                        : delete from shift_assignments where id=?
Hibernate: delete from shift_assignments where id=?
2025-10-13T15:56:20.597+09:00 DEBUG 10272 --- [Shift Scheduler Demo] [           main] org.hibernate.SQL                        : delete from shift_assignments where id=?
Hibernate: delete from shift_assignments where id=?
2025-10-13T15:56:20.597+09:00 DEBUG 10272 --- [Shift Scheduler Demo] [           main] org.hibernate.SQL                        : delete from shift_assignments where id=?
Hibernate: delete from shift_assignments where id=?
2025-10-13T15:56:20.597+09:00 DEBUG 10272 --- [Shift Scheduler Demo] [           main] org.hibernate.SQL                        : delete from shift_assignments where id=?
Hibernate: delete from shift_assignments where id=?
2025-10-13T15:56:20.597+09:00 DEBUG 10272 --- [Shift Scheduler Demo] [           main] org.hibernate.SQL                        : delete from shift_assignments where id=?
Hibernate: delete from shift_assignments where id=?
2025-10-13T15:56:20.597+09:00 DEBUG 10272 --- [Shift Scheduler Demo] [           main] org.hibernate.SQL                        : delete from shift_assignments where id=?
Hibernate: delete from shift_assignments where id=?
2025-10-13T15:56:20.597+09:00 DEBUG 10272 --- [Shift Scheduler Demo] [           main] org.hibernate.SQL                        : delete from shift_assignments where id=?
Hibernate: delete from shift_assignments where id=?
2025-10-13T15:56:20.598+09:00 DEBUG 10272 --- [Shift Scheduler Demo] [           main] org.hibernate.SQL                        : delete from shift_assignments where id=?
Hibernate: delete from shift_assignments where id=?
2025-10-13T15:56:20.598+09:00 DEBUG 10272 --- [Shift Scheduler Demo] [           main] org.hibernate.SQL                        : delete from shift_assignments where id=?
Hibernate: delete from shift_assignments where id=?
2025-10-13T15:56:20.598+09:00 DEBUG 10272 --- [Shift Scheduler Demo] [           main] org.hibernate.SQL                        : delete from shift_assignments where id=?
Hibernate: delete from shift_assignments where id=?
2025-10-13T15:56:20.598+09:00 DEBUG 10272 --- [Shift Scheduler Demo] [           main] org.hibernate.SQL                        : delete from shift_assignments where id=?
Hibernate: delete from shift_assignments where id=?
2025-10-13T15:56:20.598+09:00 DEBUG 10272 --- [Shift Scheduler Demo] [           main] org.hibernate.SQL                        : delete from shift_assignments where id=?
Hibernate: delete from shift_assignments where id=?
2025-10-13T15:56:20.598+09:00 DEBUG 10272 --- [Shift Scheduler Demo] [           main] org.hibernate.SQL                        : delete from shift_assignments where id=?
Hibernate: delete from shift_assignments where id=?
2025-10-13T15:56:20.598+09:00 DEBUG 10272 --- [Shift Scheduler Demo] [           main] org.hibernate.SQL                        : delete from shift_assignments where id=?
Hibernate: delete from shift_assignments where id=?
2025-10-13T15:56:20.598+09:00 DEBUG 10272 --- [Shift Scheduler Demo] [           main] org.hibernate.SQL                        : delete from shift_assignments where id=?
Hibernate: delete from shift_assignments where id=?
2025-10-13T15:56:20.598+09:00 DEBUG 10272 --- [Shift Scheduler Demo] [           main] org.hibernate.SQL                        : delete from shift_assignments where id=?
Hibernate: delete from shift_assignments where id=?
2025-10-13T15:56:20.598+09:00 DEBUG 10272 --- [Shift Scheduler Demo] [           main] org.hibernate.SQL                        : delete from shift_assignments where id=?
Hibernate: delete from shift_assignments where id=?
2025-10-13T15:56:20.598+09:00 DEBUG 10272 --- [Shift Scheduler Demo] [           main] org.hibernate.SQL                        : delete from shift_assignments where id=?
Hibernate: delete from shift_assignments where id=?
2025-10-13T15:56:20.598+09:00 DEBUG 10272 --- [Shift Scheduler Demo] [           main] org.hibernate.SQL                        : delete from shift_assignments where id=?
Hibernate: delete from shift_assignments where id=?
2025-10-13T15:56:20.598+09:00 DEBUG 10272 --- [Shift Scheduler Demo] [           main] org.hibernate.SQL                        : delete from shift_assignments where id=?
Hibernate: delete from shift_assignments where id=?
2025-10-13T15:56:20.598+09:00 DEBUG 10272 --- [Shift Scheduler Demo] [           main] org.hibernate.SQL                        : delete from shift_assignments where id=?
Hibernate: delete from shift_assignments where id=?
2025-10-13T15:56:20.598+09:00 DEBUG 10272 --- [Shift Scheduler Demo] [           main] org.hibernate.SQL                        : delete from shift_assignments where id=?
Hibernate: delete from shift_assignments where id=?
2025-10-13T15:56:20.598+09:00 DEBUG 10272 --- [Shift Scheduler Demo] [           main] org.hibernate.SQL                        : delete from shift_assignments where id=?
Hibernate: delete from shift_assignments where id=?
2025-10-13T15:56:20.598+09:00 DEBUG 10272 --- [Shift Scheduler Demo] [           main] org.hibernate.SQL                        : delete from shift_assignments where id=?
Hibernate: delete from shift_assignments where id=?
2025-10-13T15:56:20.599+09:00 DEBUG 10272 --- [Shift Scheduler Demo] [           main] org.hibernate.SQL                        : delete from shift_assignments where id=?
Hibernate: delete from shift_assignments where id=?
2025-10-13T15:56:20.605+09:00 DEBUG 10272 --- [Shift Scheduler Demo] [           main] org.hibernate.SQL                        : delete from shift_assignments where id=?
Hibernate: delete from shift_assignments where id=?
2025-10-13T15:56:20.605+09:00 DEBUG 10272 --- [Shift Scheduler Demo] [           main] org.hibernate.SQL                        : delete from shift_assignments where id=?
Hibernate: delete from shift_assignments where id=?
2025-10-13T15:56:20.606+09:00 DEBUG 10272 --- [Shift Scheduler Demo] [           main] org.hibernate.SQL                        : delete from shift_assignments where id=?
Hibernate: delete from shift_assignments where id=?
2025-10-13T15:56:20.606+09:00 DEBUG 10272 --- [Shift Scheduler Demo] [           main] org.hibernate.SQL                        : delete from shift_assignments where id=?
Hibernate: delete from shift_assignments where id=?
2025-10-13T15:56:20.606+09:00 DEBUG 10272 --- [Shift Scheduler Demo] [           main] org.hibernate.SQL                        : delete from shift_assignments where id=?
Hibernate: delete from shift_assignments where id=?
2025-10-13T15:56:20.606+09:00 DEBUG 10272 --- [Shift Scheduler Demo] [           main] org.hibernate.SQL                        : delete from shift_assignments where id=?
Hibernate: delete from shift_assignments where id=?
2025-10-13T15:56:20.606+09:00 DEBUG 10272 --- [Shift Scheduler Demo] [           main] org.hibernate.SQL                        : delete from shift_assignments where id=?
Hibernate: delete from shift_assignments where id=?
2025-10-13T15:56:20.606+09:00 DEBUG 10272 --- [Shift Scheduler Demo] [           main] org.hibernate.SQL                        : delete from shift_assignments where id=?
Hibernate: delete from shift_assignments where id=?
2025-10-13T15:56:20.606+09:00 DEBUG 10272 --- [Shift Scheduler Demo] [           main] org.hibernate.SQL                        : delete from shift_assignments where id=?
Hibernate: delete from shift_assignments where id=?
2025-10-13T15:56:20.606+09:00 DEBUG 10272 --- [Shift Scheduler Demo] [           main] org.hibernate.SQL                        : delete from shift_assignments where id=?
Hibernate: delete from shift_assignments where id=?
2025-10-13T15:56:20.606+09:00 DEBUG 10272 --- [Shift Scheduler Demo] [           main] org.hibernate.SQL                        : delete from shift_assignments where id=?
Hibernate: delete from shift_assignments where id=?
2025-10-13T15:56:20.607+09:00 DEBUG 10272 --- [Shift Scheduler Demo] [           main] org.hibernate.SQL                        : delete from shift_assignments where id=?
Hibernate: delete from shift_assignments where id=?
2025-10-13T15:56:20.607+09:00 DEBUG 10272 --- [Shift Scheduler Demo] [           main] org.hibernate.SQL                        : delete from shift_assignments where id=?
Hibernate: delete from shift_assignments where id=?
2025-10-13T15:56:20.607+09:00 DEBUG 10272 --- [Shift Scheduler Demo] [           main] org.hibernate.SQL                        : delete from shift_assignments where id=?
Hibernate: delete from shift_assignments where id=?
2025-10-13T15:56:20.607+09:00 DEBUG 10272 --- [Shift Scheduler Demo] [           main] org.hibernate.SQL                        : delete from shift_assignments where id=?
Hibernate: delete from shift_assignments where id=?
2025-10-13T15:56:20.607+09:00 DEBUG 10272 --- [Shift Scheduler Demo] [           main] org.hibernate.SQL                        : delete from shift_assignments where id=?
Hibernate: delete from shift_assignments where id=?
2025-10-13T15:56:20.607+09:00 DEBUG 10272 --- [Shift Scheduler Demo] [           main] org.hibernate.SQL                        : delete from shift_assignments where id=?
Hibernate: delete from shift_assignments where id=?
2025-10-13T15:56:20.607+09:00 DEBUG 10272 --- [Shift Scheduler Demo] [           main] org.hibernate.SQL                        : delete from shift_assignments where id=?
Hibernate: delete from shift_assignments where id=?
2025-10-13T15:56:20.607+09:00 DEBUG 10272 --- [Shift Scheduler Demo] [           main] org.hibernate.SQL                        : delete from shift_assignments where id=?
Hibernate: delete from shift_assignments where id=?
2025-10-13T15:56:20.607+09:00 DEBUG 10272 --- [Shift Scheduler Demo] [           main] org.hibernate.SQL                        : delete from shift_assignments where id=?
Hibernate: delete from shift_assignments where id=?
2025-10-13T15:56:20.607+09:00 DEBUG 10272 --- [Shift Scheduler Demo] [           main] org.hibernate.SQL                        : delete from shift_assignments where id=?
Hibernate: delete from shift_assignments where id=?
2025-10-13T15:56:20.607+09:00 DEBUG 10272 --- [Shift Scheduler Demo] [           main] org.hibernate.SQL                        : delete from shift_assignments where id=?
Hibernate: delete from shift_assignments where id=?
2025-10-13T15:56:20.607+09:00 DEBUG 10272 --- [Shift Scheduler Demo] [           main] org.hibernate.SQL                        : delete from shift_assignments where id=?
Hibernate: delete from shift_assignments where id=?
2025-10-13T15:56:20.607+09:00 DEBUG 10272 --- [Shift Scheduler Demo] [           main] org.hibernate.SQL                        : delete from shift_assignments where id=?
Hibernate: delete from shift_assignments where id=?
2025-10-13T15:56:20.607+09:00 DEBUG 10272 --- [Shift Scheduler Demo] [           main] org.hibernate.SQL                        : delete from shift_assignments where id=?
Hibernate: delete from shift_assignments where id=?
2025-10-13T15:56:20.608+09:00 DEBUG 10272 --- [Shift Scheduler Demo] [           main] org.hibernate.SQL                        : delete from shift_assignments where id=?
Hibernate: delete from shift_assignments where id=?
2025-10-13T15:56:20.608+09:00 DEBUG 10272 --- [Shift Scheduler Demo] [           main] org.hibernate.SQL                        : delete from shift_assignments where id=?
Hibernate: delete from shift_assignments where id=?
2025-10-13T15:56:20.608+09:00 DEBUG 10272 --- [Shift Scheduler Demo] [           main] org.hibernate.SQL                        : delete from shift_assignments where id=?
Hibernate: delete from shift_assignments where id=?
2025-10-13T15:56:20.608+09:00 DEBUG 10272 --- [Shift Scheduler Demo] [           main] org.hibernate.SQL                        : delete from shift_assignments where id=?
Hibernate: delete from shift_assignments where id=?
2025-10-13T15:56:20.608+09:00 DEBUG 10272 --- [Shift Scheduler Demo] [           main] org.hibernate.SQL                        : delete from shift_assignments where id=?
Hibernate: delete from shift_assignments where id=?
2025-10-13T15:56:20.608+09:00 DEBUG 10272 --- [Shift Scheduler Demo] [           main] org.hibernate.SQL                        : delete from shift_assignments where id=?
Hibernate: delete from shift_assignments where id=?
2025-10-13T15:56:20.608+09:00 DEBUG 10272 --- [Shift Scheduler Demo] [           main] org.hibernate.SQL                        : delete from shift_assignments where id=?
Hibernate: delete from shift_assignments where id=?
2025-10-13T15:56:20.608+09:00 DEBUG 10272 --- [Shift Scheduler Demo] [           main] org.hibernate.SQL                        : delete from shift_assignments where id=?
Hibernate: delete from shift_assignments where id=?
2025-10-13T15:56:20.608+09:00 DEBUG 10272 --- [Shift Scheduler Demo] [           main] org.hibernate.SQL                        : delete from shift_assignments where id=?
Hibernate: delete from shift_assignments where id=?
2025-10-13T15:56:20.608+09:00 DEBUG 10272 --- [Shift Scheduler Demo] [           main] org.hibernate.SQL                        : delete from shift_assignments where id=?
Hibernate: delete from shift_assignments where id=?
2025-10-13T15:56:20.608+09:00 DEBUG 10272 --- [Shift Scheduler Demo] [           main] org.hibernate.SQL                        : delete from shift_assignments where id=?
Hibernate: delete from shift_assignments where id=?
2025-10-13T15:56:20.608+09:00 DEBUG 10272 --- [Shift Scheduler Demo] [           main] org.hibernate.SQL                        : delete from shift_assignments where id=?
Hibernate: delete from shift_assignments where id=?
2025-10-13T15:56:20.608+09:00 DEBUG 10272 --- [Shift Scheduler Demo] [           main] org.hibernate.SQL                        : delete from shift_assignments where id=?
Hibernate: delete from shift_assignments where id=?
2025-10-13T15:56:20.608+09:00 DEBUG 10272 --- [Shift Scheduler Demo] [           main] org.hibernate.SQL                        : delete from shift_assignments where id=?
Hibernate: delete from shift_assignments where id=?
2025-10-13T15:56:20.608+09:00 DEBUG 10272 --- [Shift Scheduler Demo] [           main] org.hibernate.SQL                        : delete from shift_assignments where id=?
Hibernate: delete from shift_assignments where id=?
2025-10-13T15:56:20.608+09:00 DEBUG 10272 --- [Shift Scheduler Demo] [           main] org.hibernate.SQL                        : delete from shift_assignments where id=?
Hibernate: delete from shift_assignments where id=?
2025-10-13T15:56:20.609+09:00 DEBUG 10272 --- [Shift Scheduler Demo] [           main] org.hibernate.SQL                        : delete from shift_assignments where id=?
Hibernate: delete from shift_assignments where id=?
2025-10-13T15:56:20.609+09:00 DEBUG 10272 --- [Shift Scheduler Demo] [           main] org.hibernate.SQL                        : delete from shift_assignments where id=?
Hibernate: delete from shift_assignments where id=?
2025-10-13T15:56:20.609+09:00 DEBUG 10272 --- [Shift Scheduler Demo] [           main] org.hibernate.SQL                        : delete from shift_assignments where id=?
Hibernate: delete from shift_assignments where id=?
2025-10-13T15:56:20.609+09:00 DEBUG 10272 --- [Shift Scheduler Demo] [           main] org.hibernate.SQL                        : delete from shift_assignments where id=?
Hibernate: delete from shift_assignments where id=?
2025-10-13T15:56:20.609+09:00 DEBUG 10272 --- [Shift Scheduler Demo] [           main] org.hibernate.SQL                        : delete from shift_assignments where id=?
Hibernate: delete from shift_assignments where id=?
2025-10-13T15:56:20.609+09:00 DEBUG 10272 --- [Shift Scheduler Demo] [           main] org.hibernate.SQL                        : delete from shift_assignments where id=?
Hibernate: delete from shift_assignments where id=?
2025-10-13T15:56:20.609+09:00 DEBUG 10272 --- [Shift Scheduler Demo] [           main] org.hibernate.SQL                        : delete from shift_assignments where id=?
Hibernate: delete from shift_assignments where id=?
2025-10-13T15:56:20.609+09:00 DEBUG 10272 --- [Shift Scheduler Demo] [           main] org.hibernate.SQL                        : delete from shift_assignments where id=?
Hibernate: delete from shift_assignments where id=?
2025-10-13T15:56:20.609+09:00 DEBUG 10272 --- [Shift Scheduler Demo] [           main] org.hibernate.SQL                        : delete from shift_assignments where id=?
Hibernate: delete from shift_assignments where id=?
2025-10-13T15:56:20.609+09:00 DEBUG 10272 --- [Shift Scheduler Demo] [           main] org.hibernate.SQL                        : delete from shift_assignments where id=?
Hibernate: delete from shift_assignments where id=?
2025-10-13T15:56:20.609+09:00 DEBUG 10272 --- [Shift Scheduler Demo] [           main] org.hibernate.SQL                        : delete from shift_assignments where id=?
Hibernate: delete from shift_assignments where id=?
2025-10-13T15:56:20.609+09:00 DEBUG 10272 --- [Shift Scheduler Demo] [           main] org.hibernate.SQL                        : delete from shift_assignments where id=?
Hibernate: delete from shift_assignments where id=?
2025-10-13T15:56:20.609+09:00 DEBUG 10272 --- [Shift Scheduler Demo] [           main] org.hibernate.SQL                        : delete from shift_assignments where id=?
Hibernate: delete from shift_assignments where id=?
2025-10-13T15:56:20.609+09:00 DEBUG 10272 --- [Shift Scheduler Demo] [           main] org.hibernate.SQL                        : delete from shift_assignments where id=?
Hibernate: delete from shift_assignments where id=?
2025-10-13T15:56:20.609+09:00 DEBUG 10272 --- [Shift Scheduler Demo] [           main] org.hibernate.SQL                        : delete from shift_assignments where id=?
Hibernate: delete from shift_assignments where id=?
2025-10-13T15:56:20.609+09:00 DEBUG 10272 --- [Shift Scheduler Demo] [           main] org.hibernate.SQL                        : delete from shift_assignments where id=?
Hibernate: delete from shift_assignments where id=?
2025-10-13T15:56:20.609+09:00 DEBUG 10272 --- [Shift Scheduler Demo] [           main] org.hibernate.SQL                        : delete from shift_assignments where id=?
Hibernate: delete from shift_assignments where id=?
2025-10-13T15:56:20.609+09:00 DEBUG 10272 --- [Shift Scheduler Demo] [           main] org.hibernate.SQL                        : delete from shift_assignments where id=?
Hibernate: delete from shift_assignments where id=?
2025-10-13T15:56:20.610+09:00 DEBUG 10272 --- [Shift Scheduler Demo] [           main] org.hibernate.SQL                        : delete from shift_assignments where id=?
Hibernate: delete from shift_assignments where id=?
2025-10-13T15:56:20.610+09:00 DEBUG 10272 --- [Shift Scheduler Demo] [           main] org.hibernate.SQL                        : delete from shift_assignments where id=?
Hibernate: delete from shift_assignments where id=?
2025-10-13T15:56:20.610+09:00 DEBUG 10272 --- [Shift Scheduler Demo] [           main] org.hibernate.SQL                        : delete from shift_assignments where id=?
Hibernate: delete from shift_assignments where id=?
2025-10-13T15:56:20.610+09:00 DEBUG 10272 --- [Shift Scheduler Demo] [           main] org.hibernate.SQL                        : delete from shift_assignments where id=?
Hibernate: delete from shift_assignments where id=?
2025-10-13T15:56:20.610+09:00 DEBUG 10272 --- [Shift Scheduler Demo] [           main] org.hibernate.SQL                        : delete from shift_assignments where id=?
Hibernate: delete from shift_assignments where id=?
2025-10-13T15:56:20.610+09:00 DEBUG 10272 --- [Shift Scheduler Demo] [           main] org.hibernate.SQL                        : delete from shift_assignments where id=?
Hibernate: delete from shift_assignments where id=?
2025-10-13T15:56:20.610+09:00 DEBUG 10272 --- [Shift Scheduler Demo] [           main] org.hibernate.SQL                        : delete from shift_assignments where id=?
Hibernate: delete from shift_assignments where id=?
2025-10-13T15:56:20.610+09:00 DEBUG 10272 --- [Shift Scheduler Demo] [           main] org.hibernate.SQL                        : delete from shift_assignments where id=?
Hibernate: delete from shift_assignments where id=?
2025-10-13T15:56:20.610+09:00 DEBUG 10272 --- [Shift Scheduler Demo] [           main] org.hibernate.SQL                        : delete from shift_assignments where id=?
Hibernate: delete from shift_assignments where id=?
2025-10-13T15:56:20.610+09:00 DEBUG 10272 --- [Shift Scheduler Demo] [           main] org.hibernate.SQL                        : delete from shift_assignments where id=?
Hibernate: delete from shift_assignments where id=?
2025-10-13T15:56:20.610+09:00 DEBUG 10272 --- [Shift Scheduler Demo] [           main] org.hibernate.SQL                        : delete from shift_assignments where id=?
Hibernate: delete from shift_assignments where id=?
2025-10-13T15:56:20.610+09:00 DEBUG 10272 --- [Shift Scheduler Demo] [           main] org.hibernate.SQL                        : delete from shift_assignments where id=?
Hibernate: delete from shift_assignments where id=?
2025-10-13T15:56:20.610+09:00 DEBUG 10272 --- [Shift Scheduler Demo] [           main] org.hibernate.SQL                        : delete from shift_assignments where id=?
Hibernate: delete from shift_assignments where id=?
2025-10-13T15:56:20.610+09:00 DEBUG 10272 --- [Shift Scheduler Demo] [           main] org.hibernate.SQL                        : delete from shift_assignments where id=?
Hibernate: delete from shift_assignments where id=?
2025-10-13T15:56:20.610+09:00 DEBUG 10272 --- [Shift Scheduler Demo] [           main] org.hibernate.SQL                        : delete from shift_assignments where id=?
Hibernate: delete from shift_assignments where id=?
2025-10-13T15:56:20.610+09:00 DEBUG 10272 --- [Shift Scheduler Demo] [           main] org.hibernate.SQL                        : delete from shift_assignments where id=?
Hibernate: delete from shift_assignments where id=?
2025-10-13T15:56:20.610+09:00 DEBUG 10272 --- [Shift Scheduler Demo] [           main] org.hibernate.SQL                        : delete from shift_assignments where id=?
Hibernate: delete from shift_assignments where id=?
2025-10-13T15:56:20.610+09:00 DEBUG 10272 --- [Shift Scheduler Demo] [           main] org.hibernate.SQL                        : delete from shift_assignments where id=?
Hibernate: delete from shift_assignments where id=?
2025-10-13T15:56:20.611+09:00 DEBUG 10272 --- [Shift Scheduler Demo] [           main] org.hibernate.SQL                        : delete from shift_assignments where id=?
Hibernate: delete from shift_assignments where id=?
2025-10-13T15:56:20.611+09:00 DEBUG 10272 --- [Shift Scheduler Demo] [           main] org.hibernate.SQL                        : delete from shift_assignments where id=?
Hibernate: delete from shift_assignments where id=?
2025-10-13T15:56:20.611+09:00 DEBUG 10272 --- [Shift Scheduler Demo] [           main] org.hibernate.SQL                        : delete from shift_assignments where id=?
Hibernate: delete from shift_assignments where id=?
2025-10-13T15:56:20.611+09:00 DEBUG 10272 --- [Shift Scheduler Demo] [           main] org.hibernate.SQL                        : delete from shift_assignments where id=?
Hibernate: delete from shift_assignments where id=?
2025-10-13T15:56:20.611+09:00 DEBUG 10272 --- [Shift Scheduler Demo] [           main] org.hibernate.SQL                        : delete from shift_assignments where id=?
Hibernate: delete from shift_assignments where id=?
2025-10-13T15:56:20.611+09:00 DEBUG 10272 --- [Shift Scheduler Demo] [           main] org.hibernate.SQL                        : delete from shift_assignments where id=?
Hibernate: delete from shift_assignments where id=?
2025-10-13T15:56:20.611+09:00 DEBUG 10272 --- [Shift Scheduler Demo] [           main] org.hibernate.SQL                        : delete from shift_assignments where id=?
Hibernate: delete from shift_assignments where id=?
2025-10-13T15:56:20.611+09:00 DEBUG 10272 --- [Shift Scheduler Demo] [           main] org.hibernate.SQL                        : delete from shift_assignments where id=?
Hibernate: delete from shift_assignments where id=?
2025-10-13T15:56:20.611+09:00 DEBUG 10272 --- [Shift Scheduler Demo] [           main] org.hibernate.SQL                        : delete from shift_assignments where id=?
Hibernate: delete from shift_assignments where id=?
2025-10-13T15:56:20.611+09:00 DEBUG 10272 --- [Shift Scheduler Demo] [           main] org.hibernate.SQL                        : delete from shift_assignments where id=?
Hibernate: delete from shift_assignments where id=?
2025-10-13T15:56:20.611+09:00 DEBUG 10272 --- [Shift Scheduler Demo] [           main] org.hibernate.SQL                        : delete from shift_assignments where id=?
Hibernate: delete from shift_assignments where id=?
2025-10-13T15:56:20.611+09:00 DEBUG 10272 --- [Shift Scheduler Demo] [           main] org.hibernate.SQL                        : delete from shift_assignments where id=?
Hibernate: delete from shift_assignments where id=?
2025-10-13T15:56:20.611+09:00 DEBUG 10272 --- [Shift Scheduler Demo] [           main] org.hibernate.SQL                        : delete from shift_assignments where id=?
Hibernate: delete from shift_assignments where id=?
2025-10-13T15:56:20.612+09:00 DEBUG 10272 --- [Shift Scheduler Demo] [           main] org.hibernate.SQL                        : delete from shift_assignments where id=?
Hibernate: delete from shift_assignments where id=?
2025-10-13T15:56:20.612+09:00 DEBUG 10272 --- [Shift Scheduler Demo] [           main] org.hibernate.SQL                        : delete from shift_assignments where id=?
Hibernate: delete from shift_assignments where id=?
2025-10-13T15:56:20.612+09:00 DEBUG 10272 --- [Shift Scheduler Demo] [           main] org.hibernate.SQL                        : delete from shift_assignments where id=?
Hibernate: delete from shift_assignments where id=?
2025-10-13T15:56:20.612+09:00 DEBUG 10272 --- [Shift Scheduler Demo] [           main] org.hibernate.SQL                        : delete from shift_assignments where id=?
Hibernate: delete from shift_assignments where id=?
2025-10-13T15:56:20.612+09:00 DEBUG 10272 --- [Shift Scheduler Demo] [           main] org.hibernate.SQL                        : delete from shift_assignments where id=?
Hibernate: delete from shift_assignments where id=?
2025-10-13T15:56:20.612+09:00 DEBUG 10272 --- [Shift Scheduler Demo] [           main] org.hibernate.SQL                        : delete from shift_assignments where id=?
Hibernate: delete from shift_assignments where id=?
2025-10-13T15:56:20.612+09:00 DEBUG 10272 --- [Shift Scheduler Demo] [           main] org.hibernate.SQL                        : delete from shift_assignments where id=?
Hibernate: delete from shift_assignments where id=?
2025-10-13T15:56:20.612+09:00 DEBUG 10272 --- [Shift Scheduler Demo] [           main] org.hibernate.SQL                        : delete from shift_assignments where id=?
Hibernate: delete from shift_assignments where id=?
2025-10-13T15:56:20.612+09:00 DEBUG 10272 --- [Shift Scheduler Demo] [           main] org.hibernate.SQL                        : delete from shift_assignments where id=?
Hibernate: delete from shift_assignments where id=?
2025-10-13T15:56:20.612+09:00 DEBUG 10272 --- [Shift Scheduler Demo] [           main] org.hibernate.SQL                        : delete from shift_assignments where id=?
Hibernate: delete from shift_assignments where id=?
2025-10-13T15:56:20.612+09:00 DEBUG 10272 --- [Shift Scheduler Demo] [           main] org.hibernate.SQL                        : delete from shift_assignments where id=?
Hibernate: delete from shift_assignments where id=?
2025-10-13T15:56:20.612+09:00 DEBUG 10272 --- [Shift Scheduler Demo] [           main] org.hibernate.SQL                        : delete from shift_assignments where id=?
Hibernate: delete from shift_assignments where id=?
2025-10-13T15:56:20.612+09:00 DEBUG 10272 --- [Shift Scheduler Demo] [           main] org.hibernate.SQL                        : delete from shift_assignments where id=?
Hibernate: delete from shift_assignments where id=?
2025-10-13T15:56:20.612+09:00 DEBUG 10272 --- [Shift Scheduler Demo] [           main] org.hibernate.SQL                        : delete from shift_assignments where id=?
Hibernate: delete from shift_assignments where id=?
2025-10-13T15:56:20.612+09:00 DEBUG 10272 --- [Shift Scheduler Demo] [           main] org.hibernate.SQL                        : delete from shift_assignments where id=?
Hibernate: delete from shift_assignments where id=?
2025-10-13T15:56:20.612+09:00 DEBUG 10272 --- [Shift Scheduler Demo] [           main] org.hibernate.SQL                        : delete from shift_assignments where id=?
Hibernate: delete from shift_assignments where id=?
2025-10-13T15:56:20.612+09:00 DEBUG 10272 --- [Shift Scheduler Demo] [           main] org.hibernate.SQL                        : delete from shift_assignments where id=?
Hibernate: delete from shift_assignments where id=?
2025-10-13T15:56:20.613+09:00 DEBUG 10272 --- [Shift Scheduler Demo] [           main] org.hibernate.SQL                        : delete from shift_assignments where id=?
Hibernate: delete from shift_assignments where id=?
2025-10-13T15:56:20.613+09:00 DEBUG 10272 --- [Shift Scheduler Demo] [           main] org.hibernate.SQL                        : delete from shift_assignments where id=?
Hibernate: delete from shift_assignments where id=?
2025-10-13T15:56:20.613+09:00 DEBUG 10272 --- [Shift Scheduler Demo] [           main] org.hibernate.SQL                        : delete from shift_assignments where id=?
Hibernate: delete from shift_assignments where id=?
2025-10-13T15:56:20.613+09:00 DEBUG 10272 --- [Shift Scheduler Demo] [           main] org.hibernate.SQL                        : delete from shift_assignments where id=?
Hibernate: delete from shift_assignments where id=?
2025-10-13T15:56:20.613+09:00 DEBUG 10272 --- [Shift Scheduler Demo] [           main] org.hibernate.SQL                        : delete from shift_assignments where id=?
Hibernate: delete from shift_assignments where id=?
2025-10-13T15:56:20.613+09:00 DEBUG 10272 --- [Shift Scheduler Demo] [           main] org.hibernate.SQL                        : delete from shift_assignments where id=?
Hibernate: delete from shift_assignments where id=?
2025-10-13T15:56:20.613+09:00 DEBUG 10272 --- [Shift Scheduler Demo] [           main] org.hibernate.SQL                        : delete from shift_assignments where id=?
Hibernate: delete from shift_assignments where id=?
2025-10-13T15:56:20.613+09:00 DEBUG 10272 --- [Shift Scheduler Demo] [           main] org.hibernate.SQL                        : delete from shift_assignments where id=?
Hibernate: delete from shift_assignments where id=?
2025-10-13T15:56:20.613+09:00 DEBUG 10272 --- [Shift Scheduler Demo] [           main] org.hibernate.SQL                        : delete from shift_assignments where id=?
Hibernate: delete from shift_assignments where id=?
2025-10-13T15:56:20.613+09:00 DEBUG 10272 --- [Shift Scheduler Demo] [           main] org.hibernate.SQL                        : delete from shift_assignments where id=?
Hibernate: delete from shift_assignments where id=?
2025-10-13T15:56:20.613+09:00 DEBUG 10272 --- [Shift Scheduler Demo] [           main] org.hibernate.SQL                        : delete from shift_assignments where id=?
Hibernate: delete from shift_assignments where id=?
2025-10-13T15:56:20.613+09:00 DEBUG 10272 --- [Shift Scheduler Demo] [           main] org.hibernate.SQL                        : delete from shift_assignments where id=?
Hibernate: delete from shift_assignments where id=?
2025-10-13T15:56:20.613+09:00 DEBUG 10272 --- [Shift Scheduler Demo] [           main] org.hibernate.SQL                        : delete from shift_assignments where id=?
Hibernate: delete from shift_assignments where id=?
2025-10-13T15:56:20.613+09:00 DEBUG 10272 --- [Shift Scheduler Demo] [           main] org.hibernate.SQL                        : delete from shift_assignments where id=?
Hibernate: delete from shift_assignments where id=?
2025-10-13T15:56:20.617+09:00 DEBUG 10272 --- [Shift Scheduler Demo] [           main] org.hibernate.SQL                        : delete from shift_assignments where id=?
Hibernate: delete from shift_assignments where id=?
2025-10-13T15:56:20.617+09:00 DEBUG 10272 --- [Shift Scheduler Demo] [           main] org.hibernate.SQL                        : delete from shift_assignments where id=?
Hibernate: delete from shift_assignments where id=?
2025-10-13T15:56:20.617+09:00 DEBUG 10272 --- [Shift Scheduler Demo] [           main] org.hibernate.SQL                        : delete from shift_assignments where id=?
Hibernate: delete from shift_assignments where id=?
2025-10-13T15:56:20.617+09:00 DEBUG 10272 --- [Shift Scheduler Demo] [           main] org.hibernate.SQL                        : delete from shift_assignments where id=?
Hibernate: delete from shift_assignments where id=?
2025-10-13T15:56:20.617+09:00 DEBUG 10272 --- [Shift Scheduler Demo] [           main] org.hibernate.SQL                        : delete from shift_assignments where id=?
Hibernate: delete from shift_assignments where id=?
2025-10-13T15:56:20.617+09:00 DEBUG 10272 --- [Shift Scheduler Demo] [           main] org.hibernate.SQL                        : delete from shift_assignments where id=?
Hibernate: delete from shift_assignments where id=?
2025-10-13T15:56:20.617+09:00 DEBUG 10272 --- [Shift Scheduler Demo] [           main] org.hibernate.SQL                        : delete from shift_assignments where id=?
Hibernate: delete from shift_assignments where id=?
2025-10-13T15:56:20.617+09:00 DEBUG 10272 --- [Shift Scheduler Demo] [           main] org.hibernate.SQL                        : delete from shift_assignments where id=?
Hibernate: delete from shift_assignments where id=?
2025-10-13T15:56:20.617+09:00 DEBUG 10272 --- [Shift Scheduler Demo] [           main] org.hibernate.SQL                        : delete from shift_assignments where id=?
Hibernate: delete from shift_assignments where id=?
2025-10-13T15:56:20.618+09:00 DEBUG 10272 --- [Shift Scheduler Demo] [           main] org.hibernate.SQL                        : delete from shift_assignments where id=?
Hibernate: delete from shift_assignments where id=?
2025-10-13T15:56:20.618+09:00 DEBUG 10272 --- [Shift Scheduler Demo] [           main] org.hibernate.SQL                        : delete from shift_assignments where id=?
Hibernate: delete from shift_assignments where id=?
2025-10-13T15:56:20.618+09:00 DEBUG 10272 --- [Shift Scheduler Demo] [           main] org.hibernate.SQL                        : delete from shift_assignments where id=?
Hibernate: delete from shift_assignments where id=?
2025-10-13T15:56:20.618+09:00 DEBUG 10272 --- [Shift Scheduler Demo] [           main] org.hibernate.SQL                        : delete from shift_assignments where id=?
Hibernate: delete from shift_assignments where id=?
2025-10-13T15:56:20.618+09:00 DEBUG 10272 --- [Shift Scheduler Demo] [           main] org.hibernate.SQL                        : delete from shift_assignments where id=?
Hibernate: delete from shift_assignments where id=?
2025-10-13T15:56:20.618+09:00 DEBUG 10272 --- [Shift Scheduler Demo] [           main] org.hibernate.SQL                        : delete from shift_assignments where id=?
Hibernate: delete from shift_assignments where id=?
2025-10-13T15:56:20.618+09:00 DEBUG 10272 --- [Shift Scheduler Demo] [           main] org.hibernate.SQL                        : delete from shift_assignments where id=?
Hibernate: delete from shift_assignments where id=?
2025-10-13T15:56:20.618+09:00 DEBUG 10272 --- [Shift Scheduler Demo] [           main] org.hibernate.SQL                        : delete from shift_assignments where id=?
Hibernate: delete from shift_assignments where id=?
2025-10-13T15:56:20.618+09:00 DEBUG 10272 --- [Shift Scheduler Demo] [           main] org.hibernate.SQL                        : delete from shift_assignments where id=?
Hibernate: delete from shift_assignments where id=?
2025-10-13T15:56:20.618+09:00 DEBUG 10272 --- [Shift Scheduler Demo] [           main] org.hibernate.SQL                        : delete from shift_assignments where id=?
Hibernate: delete from shift_assignments where id=?
2025-10-13T15:56:20.618+09:00 DEBUG 10272 --- [Shift Scheduler Demo] [           main] org.hibernate.SQL                        : delete from shift_assignments where id=?
Hibernate: delete from shift_assignments where id=?
2025-10-13T15:56:20.618+09:00 DEBUG 10272 --- [Shift Scheduler Demo] [           main] org.hibernate.SQL                        : delete from shift_assignments where id=?
Hibernate: delete from shift_assignments where id=?
2025-10-13T15:56:20.618+09:00 DEBUG 10272 --- [Shift Scheduler Demo] [           main] org.hibernate.SQL                        : delete from shift_assignments where id=?
Hibernate: delete from shift_assignments where id=?
2025-10-13T15:56:20.618+09:00 DEBUG 10272 --- [Shift Scheduler Demo] [           main] org.hibernate.SQL                        : delete from shift_assignments where id=?
Hibernate: delete from shift_assignments where id=?
2025-10-13T15:56:20.618+09:00 DEBUG 10272 --- [Shift Scheduler Demo] [           main] org.hibernate.SQL                        : delete from shift_assignments where id=?
Hibernate: delete from shift_assignments where id=?
2025-10-13T15:56:20.618+09:00 DEBUG 10272 --- [Shift Scheduler Demo] [           main] org.hibernate.SQL                        : delete from shift_assignments where id=?
Hibernate: delete from shift_assignments where id=?
2025-10-13T15:56:20.618+09:00 DEBUG 10272 --- [Shift Scheduler Demo] [           main] org.hibernate.SQL                        : delete from shift_assignments where id=?
Hibernate: delete from shift_assignments where id=?
2025-10-13T15:56:20.619+09:00 DEBUG 10272 --- [Shift Scheduler Demo] [           main] org.hibernate.SQL                        : delete from shift_assignments where id=?
Hibernate: delete from shift_assignments where id=?
2025-10-13T15:56:20.619+09:00 DEBUG 10272 --- [Shift Scheduler Demo] [           main] org.hibernate.SQL                        : delete from shift_assignments where id=?
Hibernate: delete from shift_assignments where id=?
2025-10-13T15:56:20.619+09:00 DEBUG 10272 --- [Shift Scheduler Demo] [           main] org.hibernate.SQL                        : delete from shift_assignments where id=?
Hibernate: delete from shift_assignments where id=?
2025-10-13T15:56:20.619+09:00 DEBUG 10272 --- [Shift Scheduler Demo] [           main] org.hibernate.SQL                        : delete from shift_assignments where id=?
Hibernate: delete from shift_assignments where id=?
2025-10-13T15:56:20.619+09:00 DEBUG 10272 --- [Shift Scheduler Demo] [           main] org.hibernate.SQL                        : delete from shift_assignments where id=?
Hibernate: delete from shift_assignments where id=?
2025-10-13T15:56:20.619+09:00 DEBUG 10272 --- [Shift Scheduler Demo] [           main] org.hibernate.SQL                        : delete from shift_assignments where id=?
Hibernate: delete from shift_assignments where id=?
2025-10-13T15:56:20.619+09:00 DEBUG 10272 --- [Shift Scheduler Demo] [           main] org.hibernate.SQL                        : delete from shift_assignments where id=?
Hibernate: delete from shift_assignments where id=?
2025-10-13T15:56:20.619+09:00 DEBUG 10272 --- [Shift Scheduler Demo] [           main] org.hibernate.SQL                        : delete from shift_assignments where id=?
Hibernate: delete from shift_assignments where id=?
2025-10-13T15:56:20.619+09:00 DEBUG 10272 --- [Shift Scheduler Demo] [           main] org.hibernate.SQL                        : delete from shift_assignments where id=?
Hibernate: delete from shift_assignments where id=?
2025-10-13T15:56:20.619+09:00 DEBUG 10272 --- [Shift Scheduler Demo] [           main] org.hibernate.SQL                        : delete from shift_assignments where id=?
Hibernate: delete from shift_assignments where id=?
2025-10-13T15:56:20.619+09:00 DEBUG 10272 --- [Shift Scheduler Demo] [           main] org.hibernate.SQL                        : delete from shift_assignments where id=?
Hibernate: delete from shift_assignments where id=?
2025-10-13T15:56:20.619+09:00 DEBUG 10272 --- [Shift Scheduler Demo] [           main] org.hibernate.SQL                        : delete from shift_assignments where id=?
Hibernate: delete from shift_assignments where id=?
2025-10-13T15:56:20.619+09:00 DEBUG 10272 --- [Shift Scheduler Demo] [           main] org.hibernate.SQL                        : delete from shift_assignments where id=?
Hibernate: delete from shift_assignments where id=?
2025-10-13T15:56:20.619+09:00 DEBUG 10272 --- [Shift Scheduler Demo] [           main] org.hibernate.SQL                        : delete from shift_assignments where id=?
Hibernate: delete from shift_assignments where id=?
2025-10-13T15:56:20.619+09:00 DEBUG 10272 --- [Shift Scheduler Demo] [           main] org.hibernate.SQL                        : delete from shift_assignments where id=?
Hibernate: delete from shift_assignments where id=?
2025-10-13T15:56:20.619+09:00 DEBUG 10272 --- [Shift Scheduler Demo] [           main] org.hibernate.SQL                        : delete from shift_assignments where id=?
Hibernate: delete from shift_assignments where id=?
2025-10-13T15:56:20.619+09:00 DEBUG 10272 --- [Shift Scheduler Demo] [           main] org.hibernate.SQL                        : delete from shift_assignments where id=?
Hibernate: delete from shift_assignments where id=?
2025-10-13T15:56:20.620+09:00 DEBUG 10272 --- [Shift Scheduler Demo] [           main] org.hibernate.SQL                        : delete from shift_assignments where id=?
Hibernate: delete from shift_assignments where id=?
2025-10-13T15:56:20.620+09:00 DEBUG 10272 --- [Shift Scheduler Demo] [           main] org.hibernate.SQL                        : delete from shift_assignments where id=?
Hibernate: delete from shift_assignments where id=?
2025-10-13T15:56:20.620+09:00 DEBUG 10272 --- [Shift Scheduler Demo] [           main] org.hibernate.SQL                        : delete from shift_assignments where id=?
Hibernate: delete from shift_assignments where id=?
2025-10-13T15:56:20.620+09:00 DEBUG 10272 --- [Shift Scheduler Demo] [           main] org.hibernate.SQL                        : delete from shift_assignments where id=?
Hibernate: delete from shift_assignments where id=?
2025-10-13T15:56:20.620+09:00 DEBUG 10272 --- [Shift Scheduler Demo] [           main] org.hibernate.SQL                        : delete from shift_assignments where id=?
Hibernate: delete from shift_assignments where id=?
2025-10-13T15:56:20.620+09:00 DEBUG 10272 --- [Shift Scheduler Demo] [           main] org.hibernate.SQL                        : delete from shift_assignments where id=?
Hibernate: delete from shift_assignments where id=?
2025-10-13T15:56:20.620+09:00 DEBUG 10272 --- [Shift Scheduler Demo] [           main] org.hibernate.SQL                        : delete from shift_assignments where id=?
Hibernate: delete from shift_assignments where id=?
2025-10-13T15:56:20.620+09:00 DEBUG 10272 --- [Shift Scheduler Demo] [           main] org.hibernate.SQL                        : delete from shift_assignments where id=?
Hibernate: delete from shift_assignments where id=?
2025-10-13T15:56:20.620+09:00 DEBUG 10272 --- [Shift Scheduler Demo] [           main] org.hibernate.SQL                        : delete from shift_assignments where id=?
Hibernate: delete from shift_assignments where id=?
2025-10-13T15:56:20.620+09:00 DEBUG 10272 --- [Shift Scheduler Demo] [           main] org.hibernate.SQL                        : delete from shift_assignments where id=?
Hibernate: delete from shift_assignments where id=?
2025-10-13T15:56:20.620+09:00 DEBUG 10272 --- [Shift Scheduler Demo] [           main] org.hibernate.SQL                        : delete from shift_assignments where id=?
Hibernate: delete from shift_assignments where id=?
2025-10-13T15:56:20.620+09:00 DEBUG 10272 --- [Shift Scheduler Demo] [           main] org.hibernate.SQL                        : delete from shift_assignments where id=?
Hibernate: delete from shift_assignments where id=?
2025-10-13T15:56:20.620+09:00 DEBUG 10272 --- [Shift Scheduler Demo] [           main] org.hibernate.SQL                        : delete from shift_assignments where id=?
Hibernate: delete from shift_assignments where id=?
2025-10-13T15:56:20.620+09:00 DEBUG 10272 --- [Shift Scheduler Demo] [           main] org.hibernate.SQL                        : delete from shift_assignments where id=?
Hibernate: delete from shift_assignments where id=?
2025-10-13T15:56:20.620+09:00 DEBUG 10272 --- [Shift Scheduler Demo] [           main] org.hibernate.SQL                        : delete from shift_assignments where id=?
Hibernate: delete from shift_assignments where id=?
2025-10-13T15:56:20.620+09:00 DEBUG 10272 --- [Shift Scheduler Demo] [           main] org.hibernate.SQL                        : delete from shift_assignments where id=?
Hibernate: delete from shift_assignments where id=?
2025-10-13T15:56:20.620+09:00 DEBUG 10272 --- [Shift Scheduler Demo] [           main] org.hibernate.SQL                        : delete from shift_assignments where id=?
Hibernate: delete from shift_assignments where id=?
2025-10-13T15:56:20.621+09:00 DEBUG 10272 --- [Shift Scheduler Demo] [           main] org.hibernate.SQL                        : delete from shift_assignments where id=?
Hibernate: delete from shift_assignments where id=?
2025-10-13T15:56:20.621+09:00 DEBUG 10272 --- [Shift Scheduler Demo] [           main] org.hibernate.SQL                        : delete from shift_assignments where id=?
Hibernate: delete from shift_assignments where id=?
2025-10-13T15:56:20.621+09:00 DEBUG 10272 --- [Shift Scheduler Demo] [           main] org.hibernate.SQL                        : delete from shift_assignments where id=?
Hibernate: delete from shift_assignments where id=?
2025-10-13T15:56:20.621+09:00 DEBUG 10272 --- [Shift Scheduler Demo] [           main] org.hibernate.SQL                        : delete from shift_assignments where id=?
Hibernate: delete from shift_assignments where id=?
2025-10-13T15:56:20.621+09:00 DEBUG 10272 --- [Shift Scheduler Demo] [           main] org.hibernate.SQL                        : delete from shift_assignments where id=?
Hibernate: delete from shift_assignments where id=?
2025-10-13T15:56:20.621+09:00 DEBUG 10272 --- [Shift Scheduler Demo] [           main] org.hibernate.SQL                        : delete from shift_assignments where id=?
Hibernate: delete from shift_assignments where id=?
2025-10-13T15:56:20.621+09:00 DEBUG 10272 --- [Shift Scheduler Demo] [           main] org.hibernate.SQL                        : delete from shift_assignments where id=?
Hibernate: delete from shift_assignments where id=?
2025-10-13T15:56:20.621+09:00 DEBUG 10272 --- [Shift Scheduler Demo] [           main] org.hibernate.SQL                        : delete from shift_assignments where id=?
Hibernate: delete from shift_assignments where id=?
2025-10-13T15:56:20.621+09:00 DEBUG 10272 --- [Shift Scheduler Demo] [           main] org.hibernate.SQL                        : delete from shift_assignments where id=?
Hibernate: delete from shift_assignments where id=?
2025-10-13T15:56:20.621+09:00 DEBUG 10272 --- [Shift Scheduler Demo] [           main] org.hibernate.SQL                        : delete from shift_assignments where id=?
Hibernate: delete from shift_assignments where id=?
2025-10-13T15:56:20.621+09:00 DEBUG 10272 --- [Shift Scheduler Demo] [           main] org.hibernate.SQL                        : delete from shift_assignments where id=?
Hibernate: delete from shift_assignments where id=?
2025-10-13T15:56:20.621+09:00 DEBUG 10272 --- [Shift Scheduler Demo] [           main] org.hibernate.SQL                        : delete from shift_assignments where id=?
Hibernate: delete from shift_assignments where id=?
2025-10-13T15:56:20.621+09:00 DEBUG 10272 --- [Shift Scheduler Demo] [           main] org.hibernate.SQL                        : delete from shift_assignments where id=?
Hibernate: delete from shift_assignments where id=?
2025-10-13T15:56:20.621+09:00 DEBUG 10272 --- [Shift Scheduler Demo] [           main] org.hibernate.SQL                        : delete from shift_assignments where id=?
Hibernate: delete from shift_assignments where id=?
2025-10-13T15:56:20.621+09:00 DEBUG 10272 --- [Shift Scheduler Demo] [           main] org.hibernate.SQL                        : delete from shift_assignments where id=?
Hibernate: delete from shift_assignments where id=?
2025-10-13T15:56:20.621+09:00 DEBUG 10272 --- [Shift Scheduler Demo] [           main] org.hibernate.SQL                        : delete from shift_assignments where id=?
Hibernate: delete from shift_assignments where id=?
2025-10-13T15:56:20.622+09:00 DEBUG 10272 --- [Shift Scheduler Demo] [           main] org.hibernate.SQL                        : delete from shift_assignments where id=?
Hibernate: delete from shift_assignments where id=?
2025-10-13T15:56:20.622+09:00 DEBUG 10272 --- [Shift Scheduler Demo] [           main] org.hibernate.SQL                        : delete from shift_assignments where id=?
Hibernate: delete from shift_assignments where id=?
2025-10-13T15:56:20.623+09:00 DEBUG 10272 --- [Shift Scheduler Demo] [           main] org.hibernate.SQL                        : delete from shift_assignments where id=?
Hibernate: delete from shift_assignments where id=?
2025-10-13T15:56:20.623+09:00 DEBUG 10272 --- [Shift Scheduler Demo] [           main] org.hibernate.SQL                        : delete from shift_assignments where id=?
Hibernate: delete from shift_assignments where id=?
2025-10-13T15:56:20.623+09:00 DEBUG 10272 --- [Shift Scheduler Demo] [           main] org.hibernate.SQL                        : delete from shift_assignments where id=?
Hibernate: delete from shift_assignments where id=?
2025-10-13T15:56:20.623+09:00 DEBUG 10272 --- [Shift Scheduler Demo] [           main] org.hibernate.SQL                        : delete from shift_assignments where id=?
Hibernate: delete from shift_assignments where id=?
2025-10-13T15:56:20.623+09:00 DEBUG 10272 --- [Shift Scheduler Demo] [           main] org.hibernate.SQL                        : delete from shift_assignments where id=?
Hibernate: delete from shift_assignments where id=?
2025-10-13T15:56:20.623+09:00 DEBUG 10272 --- [Shift Scheduler Demo] [           main] org.hibernate.SQL                        : delete from shift_assignments where id=?
Hibernate: delete from shift_assignments where id=?
2025-10-13T15:56:20.623+09:00 DEBUG 10272 --- [Shift Scheduler Demo] [           main] org.hibernate.SQL                        : delete from shift_assignments where id=?
Hibernate: delete from shift_assignments where id=?
2025-10-13T15:56:20.623+09:00 DEBUG 10272 --- [Shift Scheduler Demo] [           main] org.hibernate.SQL                        : delete from shift_assignments where id=?
Hibernate: delete from shift_assignments where id=?
2025-10-13T15:56:20.623+09:00 DEBUG 10272 --- [Shift Scheduler Demo] [           main] org.hibernate.SQL                        : delete from shift_assignments where id=?
Hibernate: delete from shift_assignments where id=?
2025-10-13T15:56:20.623+09:00 DEBUG 10272 --- [Shift Scheduler Demo] [           main] org.hibernate.SQL                        : delete from shift_assignments where id=?
Hibernate: delete from shift_assignments where id=?
2025-10-13T15:56:20.623+09:00 DEBUG 10272 --- [Shift Scheduler Demo] [           main] org.hibernate.SQL                        : delete from shift_assignments where id=?
Hibernate: delete from shift_assignments where id=?
2025-10-13T15:56:20.624+09:00 DEBUG 10272 --- [Shift Scheduler Demo] [           main] org.hibernate.SQL                        : delete from shift_assignments where id=?
Hibernate: delete from shift_assignments where id=?
2025-10-13T15:56:20.624+09:00 DEBUG 10272 --- [Shift Scheduler Demo] [           main] org.hibernate.SQL                        : delete from shift_assignments where id=?
Hibernate: delete from shift_assignments where id=?
2025-10-13T15:56:20.624+09:00 DEBUG 10272 --- [Shift Scheduler Demo] [           main] org.hibernate.SQL                        : delete from shift_assignments where id=?
Hibernate: delete from shift_assignments where id=?
2025-10-13T15:56:20.624+09:00 DEBUG 10272 --- [Shift Scheduler Demo] [           main] org.hibernate.SQL                        : delete from shift_assignments where id=?
Hibernate: delete from shift_assignments where id=?
2025-10-13T15:56:20.624+09:00 DEBUG 10272 --- [Shift Scheduler Demo] [           main] org.hibernate.SQL                        : delete from shift_assignments where id=?
Hibernate: delete from shift_assignments where id=?
2025-10-13T15:56:20.624+09:00 DEBUG 10272 --- [Shift Scheduler Demo] [           main] org.hibernate.SQL                        : delete from shift_assignments where id=?
Hibernate: delete from shift_assignments where id=?
2025-10-13T15:56:20.624+09:00 DEBUG 10272 --- [Shift Scheduler Demo] [           main] org.hibernate.SQL                        : delete from shift_assignments where id=?
Hibernate: delete from shift_assignments where id=?
2025-10-13T15:56:20.624+09:00 DEBUG 10272 --- [Shift Scheduler Demo] [           main] org.hibernate.SQL                        : delete from shift_assignments where id=?
Hibernate: delete from shift_assignments where id=?
2025-10-13T15:56:20.624+09:00 DEBUG 10272 --- [Shift Scheduler Demo] [           main] org.hibernate.SQL                        : delete from shift_assignments where id=?
Hibernate: delete from shift_assignments where id=?
2025-10-13T15:56:20.624+09:00 DEBUG 10272 --- [Shift Scheduler Demo] [           main] org.hibernate.SQL                        : delete from shift_assignments where id=?
Hibernate: delete from shift_assignments where id=?
2025-10-13T15:56:20.624+09:00 DEBUG 10272 --- [Shift Scheduler Demo] [           main] org.hibernate.SQL                        : delete from shift_assignments where id=?
Hibernate: delete from shift_assignments where id=?
2025-10-13T15:56:20.624+09:00 DEBUG 10272 --- [Shift Scheduler Demo] [           main] org.hibernate.SQL                        : delete from shift_assignments where id=?
Hibernate: delete from shift_assignments where id=?
2025-10-13T15:56:20.624+09:00 DEBUG 10272 --- [Shift Scheduler Demo] [           main] org.hibernate.SQL                        : delete from shift_assignments where id=?
Hibernate: delete from shift_assignments where id=?
2025-10-13T15:56:20.625+09:00 DEBUG 10272 --- [Shift Scheduler Demo] [           main] org.hibernate.SQL                        : delete from shift_assignments where id=?
Hibernate: delete from shift_assignments where id=?
2025-10-13T15:56:20.625+09:00 DEBUG 10272 --- [Shift Scheduler Demo] [           main] org.hibernate.SQL                        : delete from shift_assignments where id=?
Hibernate: delete from shift_assignments where id=?
2025-10-13T15:56:20.625+09:00 DEBUG 10272 --- [Shift Scheduler Demo] [           main] org.hibernate.SQL                        : delete from shift_assignments where id=?
Hibernate: delete from shift_assignments where id=?
2025-10-13T15:56:20.625+09:00 DEBUG 10272 --- [Shift Scheduler Demo] [           main] org.hibernate.SQL                        : delete from shift_assignments where id=?
Hibernate: delete from shift_assignments where id=?
2025-10-13T15:56:20.625+09:00 DEBUG 10272 --- [Shift Scheduler Demo] [           main] org.hibernate.SQL                        : delete from shift_assignments where id=?
Hibernate: delete from shift_assignments where id=?
2025-10-13T15:56:20.625+09:00 DEBUG 10272 --- [Shift Scheduler Demo] [           main] org.hibernate.SQL                        : delete from shift_assignments where id=?
Hibernate: delete from shift_assignments where id=?
2025-10-13T15:56:20.625+09:00 DEBUG 10272 --- [Shift Scheduler Demo] [           main] org.hibernate.SQL                        : delete from shift_assignments where id=?
Hibernate: delete from shift_assignments where id=?
2025-10-13T15:56:20.625+09:00 DEBUG 10272 --- [Shift Scheduler Demo] [           main] org.hibernate.SQL                        : delete from shift_assignments where id=?
Hibernate: delete from shift_assignments where id=?
2025-10-13T15:56:20.625+09:00 DEBUG 10272 --- [Shift Scheduler Demo] [           main] org.hibernate.SQL                        : delete from shift_assignments where id=?
Hibernate: delete from shift_assignments where id=?
2025-10-13T15:56:20.625+09:00 DEBUG 10272 --- [Shift Scheduler Demo] [           main] org.hibernate.SQL                        : delete from shift_assignments where id=?
Hibernate: delete from shift_assignments where id=?
2025-10-13T15:56:20.625+09:00 DEBUG 10272 --- [Shift Scheduler Demo] [           main] org.hibernate.SQL                        : delete from shift_assignments where id=?
Hibernate: delete from shift_assignments where id=?
2025-10-13T15:56:20.625+09:00 DEBUG 10272 --- [Shift Scheduler Demo] [           main] org.hibernate.SQL                        : delete from shift_assignments where id=?
Hibernate: delete from shift_assignments where id=?
2025-10-13T15:56:20.625+09:00 DEBUG 10272 --- [Shift Scheduler Demo] [           main] org.hibernate.SQL                        : delete from shift_assignments where id=?
Hibernate: delete from shift_assignments where id=?
2025-10-13T15:56:20.625+09:00 DEBUG 10272 --- [Shift Scheduler Demo] [           main] org.hibernate.SQL                        : delete from shift_assignments where id=?
Hibernate: delete from shift_assignments where id=?
2025-10-13T15:56:20.625+09:00 DEBUG 10272 --- [Shift Scheduler Demo] [           main] org.hibernate.SQL                        : delete from shift_assignments where id=?
Hibernate: delete from shift_assignments where id=?
2025-10-13T15:56:20.625+09:00 DEBUG 10272 --- [Shift Scheduler Demo] [           main] org.hibernate.SQL                        : delete from shift_assignments where id=?
Hibernate: delete from shift_assignments where id=?
2025-10-13T15:56:20.625+09:00 DEBUG 10272 --- [Shift Scheduler Demo] [           main] org.hibernate.SQL                        : delete from shift_assignments where id=?
Hibernate: delete from shift_assignments where id=?
2025-10-13T15:56:20.625+09:00 DEBUG 10272 --- [Shift Scheduler Demo] [           main] org.hibernate.SQL                        : delete from shift_assignments where id=?
Hibernate: delete from shift_assignments where id=?
2025-10-13T15:56:20.626+09:00 DEBUG 10272 --- [Shift Scheduler Demo] [           main] org.hibernate.SQL                        : delete from shift_assignments where id=?
Hibernate: delete from shift_assignments where id=?
2025-10-13T15:56:20.626+09:00 DEBUG 10272 --- [Shift Scheduler Demo] [           main] org.hibernate.SQL                        : delete from shift_assignments where id=?
Hibernate: delete from shift_assignments where id=?
2025-10-13T15:56:20.626+09:00 DEBUG 10272 --- [Shift Scheduler Demo] [           main] org.hibernate.SQL                        : delete from shift_assignments where id=?
Hibernate: delete from shift_assignments where id=?
2025-10-13T15:56:20.626+09:00 DEBUG 10272 --- [Shift Scheduler Demo] [           main] org.hibernate.SQL                        : delete from shift_assignments where id=?
Hibernate: delete from shift_assignments where id=?
2025-10-13T15:56:20.626+09:00 DEBUG 10272 --- [Shift Scheduler Demo] [           main] org.hibernate.SQL                        : delete from shift_assignments where id=?
Hibernate: delete from shift_assignments where id=?
2025-10-13T15:56:20.626+09:00 DEBUG 10272 --- [Shift Scheduler Demo] [           main] org.hibernate.SQL                        : delete from shift_assignments where id=?
Hibernate: delete from shift_assignments where id=?
2025-10-13T15:56:20.626+09:00 DEBUG 10272 --- [Shift Scheduler Demo] [           main] org.hibernate.SQL                        : delete from shift_assignments where id=?
Hibernate: delete from shift_assignments where id=?
2025-10-13T15:56:20.626+09:00 DEBUG 10272 --- [Shift Scheduler Demo] [           main] org.hibernate.SQL                        : delete from shift_assignments where id=?
Hibernate: delete from shift_assignments where id=?
2025-10-13T15:56:20.626+09:00 DEBUG 10272 --- [Shift Scheduler Demo] [           main] org.hibernate.SQL                        : delete from shift_assignments where id=?
Hibernate: delete from shift_assignments where id=?
2025-10-13T15:56:20.626+09:00 DEBUG 10272 --- [Shift Scheduler Demo] [           main] org.hibernate.SQL                        : delete from shift_assignments where id=?
Hibernate: delete from shift_assignments where id=?
2025-10-13T15:56:20.626+09:00 DEBUG 10272 --- [Shift Scheduler Demo] [           main] org.hibernate.SQL                        : delete from shift_assignments where id=?
Hibernate: delete from shift_assignments where id=?
2025-10-13T15:56:20.626+09:00 DEBUG 10272 --- [Shift Scheduler Demo] [           main] org.hibernate.SQL                        : delete from shift_assignments where id=?
Hibernate: delete from shift_assignments where id=?
2025-10-13T15:56:20.627+09:00 DEBUG 10272 --- [Shift Scheduler Demo] [           main] org.hibernate.SQL                        : delete from shift_assignments where id=?
Hibernate: delete from shift_assignments where id=?
2025-10-13T15:56:20.627+09:00 DEBUG 10272 --- [Shift Scheduler Demo] [           main] org.hibernate.SQL                        : delete from shift_assignments where id=?
Hibernate: delete from shift_assignments where id=?
2025-10-13T15:56:20.627+09:00 DEBUG 10272 --- [Shift Scheduler Demo] [           main] org.hibernate.SQL                        : delete from shift_assignments where id=?
Hibernate: delete from shift_assignments where id=?
2025-10-13T15:56:20.627+09:00 DEBUG 10272 --- [Shift Scheduler Demo] [           main] org.hibernate.SQL                        : delete from shift_assignments where id=?
Hibernate: delete from shift_assignments where id=?
2025-10-13T15:56:20.627+09:00 DEBUG 10272 --- [Shift Scheduler Demo] [           main] org.hibernate.SQL                        : delete from shift_assignments where id=?
Hibernate: delete from shift_assignments where id=?
2025-10-13T15:56:20.627+09:00 DEBUG 10272 --- [Shift Scheduler Demo] [           main] org.hibernate.SQL                        : delete from shift_assignments where id=?
Hibernate: delete from shift_assignments where id=?
2025-10-13T15:56:20.627+09:00 DEBUG 10272 --- [Shift Scheduler Demo] [           main] org.hibernate.SQL                        : delete from shift_assignments where id=?
Hibernate: delete from shift_assignments where id=?
2025-10-13T15:56:20.627+09:00 DEBUG 10272 --- [Shift Scheduler Demo] [           main] org.hibernate.SQL                        : delete from shift_assignments where id=?
Hibernate: delete from shift_assignments where id=?
2025-10-13T15:56:20.627+09:00 DEBUG 10272 --- [Shift Scheduler Demo] [           main] org.hibernate.SQL                        : delete from shift_assignments where id=?
Hibernate: delete from shift_assignments where id=?
2025-10-13T15:56:20.628+09:00 DEBUG 10272 --- [Shift Scheduler Demo] [           main] org.hibernate.SQL                        : delete from shift_assignments where id=?
Hibernate: delete from shift_assignments where id=?
2025-10-13T15:56:20.628+09:00 DEBUG 10272 --- [Shift Scheduler Demo] [           main] org.hibernate.SQL                        : delete from shift_assignments where id=?
Hibernate: delete from shift_assignments where id=?
2025-10-13T15:56:20.628+09:00 DEBUG 10272 --- [Shift Scheduler Demo] [           main] org.hibernate.SQL                        : delete from shift_assignments where id=?
Hibernate: delete from shift_assignments where id=?
2025-10-13T15:56:20.628+09:00 DEBUG 10272 --- [Shift Scheduler Demo] [           main] org.hibernate.SQL                        : delete from shift_assignments where id=?
Hibernate: delete from shift_assignments where id=?
2025-10-13T15:56:20.628+09:00 DEBUG 10272 --- [Shift Scheduler Demo] [           main] org.hibernate.SQL                        : delete from shift_assignments where id=?
Hibernate: delete from shift_assignments where id=?
2025-10-13T15:56:20.628+09:00 DEBUG 10272 --- [Shift Scheduler Demo] [           main] org.hibernate.SQL                        : delete from shift_assignments where id=?
Hibernate: delete from shift_assignments where id=?
2025-10-13T15:56:20.628+09:00 DEBUG 10272 --- [Shift Scheduler Demo] [           main] org.hibernate.SQL                        : delete from shift_assignments where id=?
Hibernate: delete from shift_assignments where id=?
2025-10-13T15:56:20.628+09:00 DEBUG 10272 --- [Shift Scheduler Demo] [           main] org.hibernate.SQL                        : delete from shift_assignments where id=?
Hibernate: delete from shift_assignments where id=?
2025-10-13T15:56:20.628+09:00 DEBUG 10272 --- [Shift Scheduler Demo] [           main] org.hibernate.SQL                        : delete from shift_assignments where id=?
Hibernate: delete from shift_assignments where id=?
2025-10-13T15:56:20.628+09:00 DEBUG 10272 --- [Shift Scheduler Demo] [           main] org.hibernate.SQL                        : delete from shift_assignments where id=?
Hibernate: delete from shift_assignments where id=?
2025-10-13T15:56:20.628+09:00 DEBUG 10272 --- [Shift Scheduler Demo] [           main] org.hibernate.SQL                        : delete from shift_assignments where id=?
Hibernate: delete from shift_assignments where id=?
2025-10-13T15:56:20.628+09:00 DEBUG 10272 --- [Shift Scheduler Demo] [           main] org.hibernate.SQL                        : delete from shift_assignments where id=?
Hibernate: delete from shift_assignments where id=?
2025-10-13T15:56:20.628+09:00 DEBUG 10272 --- [Shift Scheduler Demo] [           main] org.hibernate.SQL                        : delete from shift_assignments where id=?
Hibernate: delete from shift_assignments where id=?
2025-10-13T15:56:20.628+09:00 DEBUG 10272 --- [Shift Scheduler Demo] [           main] org.hibernate.SQL                        : delete from shift_assignments where id=?
Hibernate: delete from shift_assignments where id=?
2025-10-13T15:56:20.628+09:00 DEBUG 10272 --- [Shift Scheduler Demo] [           main] org.hibernate.SQL                        : delete from shift_assignments where id=?
Hibernate: delete from shift_assignments where id=?
2025-10-13T15:56:20.628+09:00 DEBUG 10272 --- [Shift Scheduler Demo] [           main] org.hibernate.SQL                        : delete from shift_assignments where id=?
Hibernate: delete from shift_assignments where id=?
2025-10-13T15:56:20.628+09:00 DEBUG 10272 --- [Shift Scheduler Demo] [           main] org.hibernate.SQL                        : delete from shift_assignments where id=?
Hibernate: delete from shift_assignments where id=?
2025-10-13T15:56:20.628+09:00 DEBUG 10272 --- [Shift Scheduler Demo] [           main] org.hibernate.SQL                        : delete from shift_assignments where id=?
Hibernate: delete from shift_assignments where id=?
2025-10-13T15:56:20.628+09:00 DEBUG 10272 --- [Shift Scheduler Demo] [           main] org.hibernate.SQL                        : delete from shift_assignments where id=?
Hibernate: delete from shift_assignments where id=?
2025-10-13T15:56:20.628+09:00 DEBUG 10272 --- [Shift Scheduler Demo] [           main] org.hibernate.SQL                        : delete from shift_assignments where id=?
Hibernate: delete from shift_assignments where id=?
2025-10-13T15:56:20.628+09:00 DEBUG 10272 --- [Shift Scheduler Demo] [           main] org.hibernate.SQL                        : delete from employee_constraints where id=?
Hibernate: delete from employee_constraints where id=?
2025-10-13T15:56:20.628+09:00 DEBUG 10272 --- [Shift Scheduler Demo] [           main] org.hibernate.SQL                        : delete from employee_constraints where id=?
Hibernate: delete from employee_constraints where id=?
2025-10-13T15:56:20.628+09:00 DEBUG 10272 --- [Shift Scheduler Demo] [           main] org.hibernate.SQL                        : delete from employee_constraints where id=?
Hibernate: delete from employee_constraints where id=?
2025-10-13T15:56:20.630+09:00 DEBUG 10272 --- [Shift Scheduler Demo] [           main] org.hibernate.SQL                        : delete from employee_constraints where id=?
Hibernate: delete from employee_constraints where id=?
2025-10-13T15:56:20.630+09:00 DEBUG 10272 --- [Shift Scheduler Demo] [           main] org.hibernate.SQL                        : delete from employee_constraints where id=?
Hibernate: delete from employee_constraints where id=?
2025-10-13T15:56:20.630+09:00 DEBUG 10272 --- [Shift Scheduler Demo] [           main] org.hibernate.SQL                        : delete from employee_constraints where id=?
Hibernate: delete from employee_constraints where id=?
2025-10-13T15:56:20.630+09:00 DEBUG 10272 --- [Shift Scheduler Demo] [           main] org.hibernate.SQL                        : delete from employee_constraints where id=?
Hibernate: delete from employee_constraints where id=?
2025-10-13T15:56:20.630+09:00 DEBUG 10272 --- [Shift Scheduler Demo] [           main] org.hibernate.SQL                        : delete from employee_constraints where id=?
Hibernate: delete from employee_constraints where id=?
2025-10-13T15:56:20.630+09:00 DEBUG 10272 --- [Shift Scheduler Demo] [           main] org.hibernate.SQL                        : delete from employee_constraints where id=?
Hibernate: delete from employee_constraints where id=?
2025-10-13T15:56:20.630+09:00 DEBUG 10272 --- [Shift Scheduler Demo] [           main] org.hibernate.SQL                        : delete from employee_constraints where id=?
Hibernate: delete from employee_constraints where id=?
2025-10-13T15:56:20.632+09:00 DEBUG 10272 --- [Shift Scheduler Demo] [           main] org.hibernate.SQL                        : delete from employee_constraints where id=?
Hibernate: delete from employee_constraints where id=?
2025-10-13T15:56:20.632+09:00 DEBUG 10272 --- [Shift Scheduler Demo] [           main] org.hibernate.SQL                        : delete from employee_constraints where id=?
Hibernate: delete from employee_constraints where id=?
2025-10-13T15:56:20.632+09:00 DEBUG 10272 --- [Shift Scheduler Demo] [           main] org.hibernate.SQL                        : delete from employee_constraints where id=?
Hibernate: delete from employee_constraints where id=?
2025-10-13T15:56:20.637+09:00 DEBUG 10272 --- [Shift Scheduler Demo] [           main] org.hibernate.SQL                        : delete from employee_constraints where id=?
Hibernate: delete from employee_constraints where id=?
2025-10-13T15:56:20.648+09:00 DEBUG 10272 --- [Shift Scheduler Demo] [           main] org.hibernate.SQL                        : delete from employee_constraints where id=?
Hibernate: delete from employee_constraints where id=?
2025-10-13T15:56:20.649+09:00 DEBUG 10272 --- [Shift Scheduler Demo] [           main] org.hibernate.SQL                        : delete from employee_constraints where id=?
Hibernate: delete from employee_constraints where id=?
2025-10-13T15:56:20.649+09:00 DEBUG 10272 --- [Shift Scheduler Demo] [           main] org.hibernate.SQL                        : delete from employee_constraints where id=?
Hibernate: delete from employee_constraints where id=?
2025-10-13T15:56:20.649+09:00 DEBUG 10272 --- [Shift Scheduler Demo] [           main] org.hibernate.SQL                        : delete from employee_constraints where id=?
Hibernate: delete from employee_constraints where id=?
2025-10-13T15:56:20.649+09:00 DEBUG 10272 --- [Shift Scheduler Demo] [           main] org.hibernate.SQL                        : delete from employee_constraints where id=?
Hibernate: delete from employee_constraints where id=?
2025-10-13T15:56:20.649+09:00 DEBUG 10272 --- [Shift Scheduler Demo] [           main] org.hibernate.SQL                        : delete from employee_constraints where id=?
Hibernate: delete from employee_constraints where id=?
2025-10-13T15:56:20.649+09:00 DEBUG 10272 --- [Shift Scheduler Demo] [           main] org.hibernate.SQL                        : delete from employee_constraints where id=?
Hibernate: delete from employee_constraints where id=?
2025-10-13T15:56:20.649+09:00 DEBUG 10272 --- [Shift Scheduler Demo] [           main] org.hibernate.SQL                        : delete from employee_constraints where id=?
Hibernate: delete from employee_constraints where id=?
2025-10-13T15:56:20.649+09:00 DEBUG 10272 --- [Shift Scheduler Demo] [           main] org.hibernate.SQL                        : delete from employee_constraints where id=?
Hibernate: delete from employee_constraints where id=?
2025-10-13T15:56:20.649+09:00 DEBUG 10272 --- [Shift Scheduler Demo] [           main] org.hibernate.SQL                        : delete from employee_constraints where id=?
Hibernate: delete from employee_constraints where id=?
2025-10-13T15:56:20.649+09:00 DEBUG 10272 --- [Shift Scheduler Demo] [           main] org.hibernate.SQL                        : delete from employee_constraints where id=?
Hibernate: delete from employee_constraints where id=?
2025-10-13T15:56:20.649+09:00 DEBUG 10272 --- [Shift Scheduler Demo] [           main] org.hibernate.SQL                        : delete from employee_constraints where id=?
Hibernate: delete from employee_constraints where id=?
2025-10-13T15:56:20.649+09:00 DEBUG 10272 --- [Shift Scheduler Demo] [           main] org.hibernate.SQL                        : delete from employee_constraints where id=?
Hibernate: delete from employee_constraints where id=?
2025-10-13T15:56:20.649+09:00 DEBUG 10272 --- [Shift Scheduler Demo] [           main] org.hibernate.SQL                        : delete from employee_constraints where id=?
Hibernate: delete from employee_constraints where id=?
2025-10-13T15:56:20.649+09:00 DEBUG 10272 --- [Shift Scheduler Demo] [           main] org.hibernate.SQL                        : delete from employee_constraints where id=?
Hibernate: delete from employee_constraints where id=?
2025-10-13T15:56:20.650+09:00 DEBUG 10272 --- [Shift Scheduler Demo] [           main] org.hibernate.SQL                        : delete from employee_constraints where id=?
Hibernate: delete from employee_constraints where id=?
2025-10-13T15:56:20.650+09:00 DEBUG 10272 --- [Shift Scheduler Demo] [           main] org.hibernate.SQL                        : delete from employee_constraints where id=?
Hibernate: delete from employee_constraints where id=?
2025-10-13T15:56:20.650+09:00 DEBUG 10272 --- [Shift Scheduler Demo] [           main] org.hibernate.SQL                        : delete from employee_constraints where id=?
Hibernate: delete from employee_constraints where id=?
2025-10-13T15:56:20.650+09:00 DEBUG 10272 --- [Shift Scheduler Demo] [           main] org.hibernate.SQL                        : delete from employee_constraints where id=?
Hibernate: delete from employee_constraints where id=?
2025-10-13T15:56:20.650+09:00 DEBUG 10272 --- [Shift Scheduler Demo] [           main] org.hibernate.SQL                        : delete from employee_constraints where id=?
Hibernate: delete from employee_constraints where id=?
2025-10-13T15:56:20.650+09:00 DEBUG 10272 --- [Shift Scheduler Demo] [           main] org.hibernate.SQL                        : delete from employee_constraints where id=?
Hibernate: delete from employee_constraints where id=?
2025-10-13T15:56:20.650+09:00 DEBUG 10272 --- [Shift Scheduler Demo] [           main] org.hibernate.SQL                        : delete from employee_constraints where id=?
Hibernate: delete from employee_constraints where id=?
2025-10-13T15:56:20.650+09:00 DEBUG 10272 --- [Shift Scheduler Demo] [           main] org.hibernate.SQL                        : delete from employee_constraints where id=?
Hibernate: delete from employee_constraints where id=?
2025-10-13T15:56:20.650+09:00 DEBUG 10272 --- [Shift Scheduler Demo] [           main] org.hibernate.SQL                        : delete from employee_constraints where id=?
Hibernate: delete from employee_constraints where id=?
2025-10-13T15:56:20.650+09:00 DEBUG 10272 --- [Shift Scheduler Demo] [           main] org.hibernate.SQL                        : delete from employee_constraints where id=?
Hibernate: delete from employee_constraints where id=?
2025-10-13T15:56:20.650+09:00 DEBUG 10272 --- [Shift Scheduler Demo] [           main] org.hibernate.SQL                        : delete from employee_constraints where id=?
Hibernate: delete from employee_constraints where id=?
2025-10-13T15:56:20.650+09:00 DEBUG 10272 --- [Shift Scheduler Demo] [           main] org.hibernate.SQL                        : delete from employee_constraints where id=?
Hibernate: delete from employee_constraints where id=?
2025-10-13T15:56:20.650+09:00 DEBUG 10272 --- [Shift Scheduler Demo] [           main] org.hibernate.SQL                        : delete from employee_constraints where id=?
Hibernate: delete from employee_constraints where id=?
2025-10-13T15:56:20.651+09:00 DEBUG 10272 --- [Shift Scheduler Demo] [           main] org.hibernate.SQL                        : delete from employee_constraints where id=?
Hibernate: delete from employee_constraints where id=?
2025-10-13T15:56:20.651+09:00 DEBUG 10272 --- [Shift Scheduler Demo] [           main] org.hibernate.SQL                        : delete from employee_constraints where id=?
Hibernate: delete from employee_constraints where id=?
2025-10-13T15:56:20.651+09:00 DEBUG 10272 --- [Shift Scheduler Demo] [           main] org.hibernate.SQL                        : delete from employee_constraints where id=?
Hibernate: delete from employee_constraints where id=?
2025-10-13T15:56:20.651+09:00 DEBUG 10272 --- [Shift Scheduler Demo] [           main] org.hibernate.SQL                        : delete from employee_constraints where id=?
Hibernate: delete from employee_constraints where id=?
2025-10-13T15:56:20.651+09:00 DEBUG 10272 --- [Shift Scheduler Demo] [           main] org.hibernate.SQL                        : delete from employee_constraints where id=?
Hibernate: delete from employee_constraints where id=?
2025-10-13T15:56:20.651+09:00 DEBUG 10272 --- [Shift Scheduler Demo] [           main] org.hibernate.SQL                        : delete from employee_constraints where id=?
Hibernate: delete from employee_constraints where id=?
2025-10-13T15:56:20.651+09:00 DEBUG 10272 --- [Shift Scheduler Demo] [           main] org.hibernate.SQL                        : delete from employee_constraints where id=?
Hibernate: delete from employee_constraints where id=?
2025-10-13T15:56:20.651+09:00 DEBUG 10272 --- [Shift Scheduler Demo] [           main] org.hibernate.SQL                        : delete from employee_constraints where id=?
Hibernate: delete from employee_constraints where id=?
2025-10-13T15:56:20.651+09:00 DEBUG 10272 --- [Shift Scheduler Demo] [           main] org.hibernate.SQL                        : delete from employee_constraints where id=?
Hibernate: delete from employee_constraints where id=?
2025-10-13T15:56:20.651+09:00 DEBUG 10272 --- [Shift Scheduler Demo] [           main] org.hibernate.SQL                        : delete from employee_constraints where id=?
Hibernate: delete from employee_constraints where id=?
2025-10-13T15:56:20.651+09:00 DEBUG 10272 --- [Shift Scheduler Demo] [           main] org.hibernate.SQL                        : delete from employee_constraints where id=?
Hibernate: delete from employee_constraints where id=?
2025-10-13T15:56:20.651+09:00 DEBUG 10272 --- [Shift Scheduler Demo] [           main] org.hibernate.SQL                        : delete from employee_constraints where id=?
Hibernate: delete from employee_constraints where id=?
2025-10-13T15:56:20.651+09:00 DEBUG 10272 --- [Shift Scheduler Demo] [           main] org.hibernate.SQL                        : delete from employee_constraints where id=?
Hibernate: delete from employee_constraints where id=?
2025-10-13T15:56:20.651+09:00 DEBUG 10272 --- [Shift Scheduler Demo] [           main] org.hibernate.SQL                        : delete from employee_constraints where id=?
Hibernate: delete from employee_constraints where id=?
2025-10-13T15:56:20.651+09:00 DEBUG 10272 --- [Shift Scheduler Demo] [           main] org.hibernate.SQL                        : delete from employee_constraints where id=?
Hibernate: delete from employee_constraints where id=?
2025-10-13T15:56:20.652+09:00 DEBUG 10272 --- [Shift Scheduler Demo] [           main] org.hibernate.SQL                        : delete from employee_constraints where id=?
Hibernate: delete from employee_constraints where id=?
2025-10-13T15:56:20.652+09:00 DEBUG 10272 --- [Shift Scheduler Demo] [           main] org.hibernate.SQL                        : delete from employee_constraints where id=?
Hibernate: delete from employee_constraints where id=?
2025-10-13T15:56:20.654+09:00 DEBUG 10272 --- [Shift Scheduler Demo] [           main] org.hibernate.SQL                        : delete from employee_constraints where id=?
Hibernate: delete from employee_constraints where id=?
2025-10-13T15:56:20.655+09:00 DEBUG 10272 --- [Shift Scheduler Demo] [           main] org.hibernate.SQL                        : delete from employee_constraints where id=?
Hibernate: delete from employee_constraints where id=?
2025-10-13T15:56:20.655+09:00 DEBUG 10272 --- [Shift Scheduler Demo] [           main] org.hibernate.SQL                        : delete from employee_constraints where id=?
Hibernate: delete from employee_constraints where id=?
2025-10-13T15:56:20.655+09:00 DEBUG 10272 --- [Shift Scheduler Demo] [           main] org.hibernate.SQL                        : delete from employee_constraints where id=?
Hibernate: delete from employee_constraints where id=?
2025-10-13T15:56:20.655+09:00 DEBUG 10272 --- [Shift Scheduler Demo] [           main] org.hibernate.SQL                        : delete from employee_constraints where id=?
Hibernate: delete from employee_constraints where id=?
2025-10-13T15:56:20.655+09:00 DEBUG 10272 --- [Shift Scheduler Demo] [           main] org.hibernate.SQL                        : delete from employee_constraints where id=?
Hibernate: delete from employee_constraints where id=?
2025-10-13T15:56:20.655+09:00 DEBUG 10272 --- [Shift Scheduler Demo] [           main] org.hibernate.SQL                        : delete from employee_constraints where id=?
Hibernate: delete from employee_constraints where id=?
2025-10-13T15:56:20.655+09:00 DEBUG 10272 --- [Shift Scheduler Demo] [           main] org.hibernate.SQL                        : delete from employee_constraints where id=?
Hibernate: delete from employee_constraints where id=?
2025-10-13T15:56:20.655+09:00 DEBUG 10272 --- [Shift Scheduler Demo] [           main] org.hibernate.SQL                        : delete from employee_constraints where id=?
Hibernate: delete from employee_constraints where id=?
2025-10-13T15:56:20.655+09:00 DEBUG 10272 --- [Shift Scheduler Demo] [           main] org.hibernate.SQL                        : delete from employee_constraints where id=?
Hibernate: delete from employee_constraints where id=?
2025-10-13T15:56:20.655+09:00 DEBUG 10272 --- [Shift Scheduler Demo] [           main] org.hibernate.SQL                        : delete from employee_constraints where id=?
Hibernate: delete from employee_constraints where id=?
2025-10-13T15:56:20.655+09:00 DEBUG 10272 --- [Shift Scheduler Demo] [           main] org.hibernate.SQL                        : delete from employee_constraints where id=?
Hibernate: delete from employee_constraints where id=?
2025-10-13T15:56:20.655+09:00 DEBUG 10272 --- [Shift Scheduler Demo] [           main] org.hibernate.SQL                        : delete from employee_constraints where id=?
Hibernate: delete from employee_constraints where id=?
2025-10-13T15:56:20.655+09:00 DEBUG 10272 --- [Shift Scheduler Demo] [           main] org.hibernate.SQL                        : delete from employee_constraints where id=?
Hibernate: delete from employee_constraints where id=?
2025-10-13T15:56:20.655+09:00 DEBUG 10272 --- [Shift Scheduler Demo] [           main] org.hibernate.SQL                        : delete from employee_constraints where id=?
Hibernate: delete from employee_constraints where id=?
2025-10-13T15:56:20.655+09:00 DEBUG 10272 --- [Shift Scheduler Demo] [           main] org.hibernate.SQL                        : delete from employee_constraints where id=?
Hibernate: delete from employee_constraints where id=?
2025-10-13T15:56:20.656+09:00 DEBUG 10272 --- [Shift Scheduler Demo] [           main] org.hibernate.SQL                        : select sa1_0.id,sa1_0.employee_id,sa1_0.end_time,sa1_0.shift_name,sa1_0.start_time,sa1_0.work_date from shift_assignments sa1_0 where sa1_0.work_date<? order by sa1_0.work_date desc limit ?
Hibernate: select sa1_0.id,sa1_0.employee_id,sa1_0.end_time,sa1_0.shift_name,sa1_0.start_time,sa1_0.work_date from shift_assignments sa1_0 where sa1_0.work_date<? order by sa1_0.work_date desc limit ?
2025-10-13T15:56:20.666+09:00 DEBUG 10272 --- [Shift Scheduler Demo] [           main] org.hibernate.SQL                        : select sa1_0.id,sa1_0.employee_id,sa1_0.end_time,sa1_0.shift_name,sa1_0.start_time,sa1_0.work_date from shift_assignments sa1_0 where sa1_0.work_date between ? and ?
Hibernate: select sa1_0.id,sa1_0.employee_id,sa1_0.end_time,sa1_0.shift_name,sa1_0.start_time,sa1_0.work_date from shift_assignments sa1_0 where sa1_0.work_date between ? and ?
2025-10-13T15:56:20.667+09:00  INFO 10272 --- [Shift Scheduler Demo] [           main] c.e.shiftv1.schedule.ScheduleService     : 登録従業員数: 30名
2025-10-13T15:56:20.670+09:00 DEBUG 10272 --- [Shift Scheduler Demo] [           main] org.hibernate.SQL                        : select sa1_0.id,sa1_0.employee_id,sa1_0.end_time,sa1_0.shift_name,sa1_0.start_time,sa1_0.work_date from shift_assignments sa1_0 where sa1_0.work_date=?
Hibernate: select sa1_0.id,sa1_0.employee_id,sa1_0.end_time,sa1_0.shift_name,sa1_0.start_time,sa1_0.work_date from shift_assignments sa1_0 where sa1_0.work_date=?
2025-10-13T15:56:20.672+09:00 DEBUG 10272 --- [Shift Scheduler Demo] [           main] org.hibernate.SQL                        : select sa1_0.id,sa1_0.employee_id,sa1_0.end_time,sa1_0.shift_name,sa1_0.start_time,sa1_0.work_date from shift_assignments sa1_0 where sa1_0.work_date=?
Hibernate: select sa1_0.id,sa1_0.employee_id,sa1_0.end_time,sa1_0.shift_name,sa1_0.start_time,sa1_0.work_date from shift_assignments sa1_0 where sa1_0.work_date=?
2025-10-13T15:56:20.676+09:00 DEBUG 10272 --- [Shift Scheduler Demo] [           main] org.hibernate.SQL                        : select sa1_0.id,sa1_0.employee_id,sa1_0.end_time,sa1_0.shift_name,sa1_0.start_time,sa1_0.work_date from shift_assignments sa1_0 where sa1_0.work_date=?
Hibernate: select sa1_0.id,sa1_0.employee_id,sa1_0.end_time,sa1_0.shift_name,sa1_0.start_time,sa1_0.work_date from shift_assignments sa1_0 where sa1_0.work_date=?
2025-10-13T15:56:20.681+09:00 DEBUG 10272 --- [Shift Scheduler Demo] [           main] org.hibernate.SQL                        : select sa1_0.id,sa1_0.employee_id,sa1_0.end_time,sa1_0.shift_name,sa1_0.start_time,sa1_0.work_date from shift_assignments sa1_0 where sa1_0.work_date=?
Hibernate: select sa1_0.id,sa1_0.employee_id,sa1_0.end_time,sa1_0.shift_name,sa1_0.start_time,sa1_0.work_date from shift_assignments sa1_0 where sa1_0.work_date=?
2025-10-13T15:56:20.684+09:00 DEBUG 10272 --- [Shift Scheduler Demo] [           main] org.hibernate.SQL                        : select sa1_0.id,sa1_0.employee_id,sa1_0.end_time,sa1_0.shift_name,sa1_0.start_time,sa1_0.work_date from shift_assignments sa1_0 where sa1_0.work_date=?
Hibernate: select sa1_0.id,sa1_0.employee_id,sa1_0.end_time,sa1_0.shift_name,sa1_0.start_time,sa1_0.work_date from shift_assignments sa1_0 where sa1_0.work_date=?
2025-10-13T15:56:20.686+09:00 DEBUG 10272 --- [Shift Scheduler Demo] [           main] org.hibernate.SQL                        : select sa1_0.id,sa1_0.employee_id,sa1_0.end_time,sa1_0.shift_name,sa1_0.start_time,sa1_0.work_date from shift_assignments sa1_0 where sa1_0.work_date=?
Hibernate: select sa1_0.id,sa1_0.employee_id,sa1_0.end_time,sa1_0.shift_name,sa1_0.start_time,sa1_0.work_date from shift_assignments sa1_0 where sa1_0.work_date=?
2025-10-13T15:56:20.689+09:00 DEBUG 10272 --- [Shift Scheduler Demo] [           main] org.hibernate.SQL                        : select sa1_0.id,sa1_0.employee_id,sa1_0.end_time,sa1_0.shift_name,sa1_0.start_time,sa1_0.work_date from shift_assignments sa1_0 where sa1_0.work_date=?
Hibernate: select sa1_0.id,sa1_0.employee_id,sa1_0.end_time,sa1_0.shift_name,sa1_0.start_time,sa1_0.work_date from shift_assignments sa1_0 where sa1_0.work_date=?
2025-10-13T15:56:20.691+09:00 DEBUG 10272 --- [Shift Scheduler Demo] [           main] org.hibernate.SQL                        : select sa1_0.id,sa1_0.employee_id,sa1_0.end_time,sa1_0.shift_name,sa1_0.start_time,sa1_0.work_date from shift_assignments sa1_0 where sa1_0.work_date=?
Hibernate: select sa1_0.id,sa1_0.employee_id,sa1_0.end_time,sa1_0.shift_name,sa1_0.start_time,sa1_0.work_date from shift_assignments sa1_0 where sa1_0.work_date=?
2025-10-13T15:56:20.693+09:00 DEBUG 10272 --- [Shift Scheduler Demo] [           main] org.hibernate.SQL                        : select sa1_0.id,sa1_0.employee_id,sa1_0.end_time,sa1_0.shift_name,sa1_0.start_time,sa1_0.work_date from shift_assignments sa1_0 where sa1_0.work_date=?
Hibernate: select sa1_0.id,sa1_0.employee_id,sa1_0.end_time,sa1_0.shift_name,sa1_0.start_time,sa1_0.work_date from shift_assignments sa1_0 where sa1_0.work_date=?
2025-10-13T15:56:20.695+09:00 DEBUG 10272 --- [Shift Scheduler Demo] [           main] org.hibernate.SQL                        : select sa1_0.id,sa1_0.employee_id,sa1_0.end_time,sa1_0.shift_name,sa1_0.start_time,sa1_0.work_date from shift_assignments sa1_0 where sa1_0.work_date=?
Hibernate: select sa1_0.id,sa1_0.employee_id,sa1_0.end_time,sa1_0.shift_name,sa1_0.start_time,sa1_0.work_date from shift_assignments sa1_0 where sa1_0.work_date=?
2025-10-13T15:56:20.698+09:00 DEBUG 10272 --- [Shift Scheduler Demo] [           main] org.hibernate.SQL                        : select sa1_0.id,sa1_0.employee_id,sa1_0.end_time,sa1_0.shift_name,sa1_0.start_time,sa1_0.work_date from shift_assignments sa1_0 where sa1_0.work_date=?
Hibernate: select sa1_0.id,sa1_0.employee_id,sa1_0.end_time,sa1_0.shift_name,sa1_0.start_time,sa1_0.work_date from shift_assignments sa1_0 where sa1_0.work_date=?
2025-10-13T15:56:20.701+09:00 DEBUG 10272 --- [Shift Scheduler Demo] [           main] org.hibernate.SQL                        : select sa1_0.id,sa1_0.employee_id,sa1_0.end_time,sa1_0.shift_name,sa1_0.start_time,sa1_0.work_date from shift_assignments sa1_0 where sa1_0.work_date=?
Hibernate: select sa1_0.id,sa1_0.employee_id,sa1_0.end_time,sa1_0.shift_name,sa1_0.start_time,sa1_0.work_date from shift_assignments sa1_0 where sa1_0.work_date=?
2025-10-13T15:56:20.705+09:00 DEBUG 10272 --- [Shift Scheduler Demo] [           main] org.hibernate.SQL                        : select sa1_0.id,sa1_0.employee_id,sa1_0.end_time,sa1_0.shift_name,sa1_0.start_time,sa1_0.work_date from shift_assignments sa1_0 where sa1_0.work_date=?
Hibernate: select sa1_0.id,sa1_0.employee_id,sa1_0.end_time,sa1_0.shift_name,sa1_0.start_time,sa1_0.work_date from shift_assignments sa1_0 where sa1_0.work_date=?
2025-10-13T15:56:20.710+09:00 DEBUG 10272 --- [Shift Scheduler Demo] [           main] org.hibernate.SQL                        : select sa1_0.id,sa1_0.employee_id,sa1_0.end_time,sa1_0.shift_name,sa1_0.start_time,sa1_0.work_date from shift_assignments sa1_0 where sa1_0.work_date=?
Hibernate: select sa1_0.id,sa1_0.employee_id,sa1_0.end_time,sa1_0.shift_name,sa1_0.start_time,sa1_0.work_date from shift_assignments sa1_0 where sa1_0.work_date=?
2025-10-13T15:56:20.714+09:00 DEBUG 10272 --- [Shift Scheduler Demo] [           main] org.hibernate.SQL                        : select sa1_0.id,sa1_0.employee_id,sa1_0.end_time,sa1_0.shift_name,sa1_0.start_time,sa1_0.work_date from shift_assignments sa1_0 where sa1_0.work_date=?
Hibernate: select sa1_0.id,sa1_0.employee_id,sa1_0.end_time,sa1_0.shift_name,sa1_0.start_time,sa1_0.work_date from shift_assignments sa1_0 where sa1_0.work_date=?
2025-10-13T15:56:20.717+09:00 DEBUG 10272 --- [Shift Scheduler Demo] [           main] org.hibernate.SQL                        : select sa1_0.id,sa1_0.employee_id,sa1_0.end_time,sa1_0.shift_name,sa1_0.start_time,sa1_0.work_date from shift_assignments sa1_0 where sa1_0.work_date=?
Hibernate: select sa1_0.id,sa1_0.employee_id,sa1_0.end_time,sa1_0.shift_name,sa1_0.start_time,sa1_0.work_date from shift_assignments sa1_0 where sa1_0.work_date=?
2025-10-13T15:56:20.721+09:00 DEBUG 10272 --- [Shift Scheduler Demo] [           main] org.hibernate.SQL                        : select sa1_0.id,sa1_0.employee_id,sa1_0.end_time,sa1_0.shift_name,sa1_0.start_time,sa1_0.work_date from shift_assignments sa1_0 where sa1_0.work_date=?
Hibernate: select sa1_0.id,sa1_0.employee_id,sa1_0.end_time,sa1_0.shift_name,sa1_0.start_time,sa1_0.work_date from shift_assignments sa1_0 where sa1_0.work_date=?
2025-10-13T15:56:20.724+09:00 DEBUG 10272 --- [Shift Scheduler Demo] [           main] org.hibernate.SQL                        : select sa1_0.id,sa1_0.employee_id,sa1_0.end_time,sa1_0.shift_name,sa1_0.start_time,sa1_0.work_date from shift_assignments sa1_0 where sa1_0.work_date=?
Hibernate: select sa1_0.id,sa1_0.employee_id,sa1_0.end_time,sa1_0.shift_name,sa1_0.start_time,sa1_0.work_date from shift_assignments sa1_0 where sa1_0.work_date=?
2025-10-13T15:56:20.728+09:00 DEBUG 10272 --- [Shift Scheduler Demo] [           main] org.hibernate.SQL                        : select sa1_0.id,sa1_0.employee_id,sa1_0.end_time,sa1_0.shift_name,sa1_0.start_time,sa1_0.work_date from shift_assignments sa1_0 where sa1_0.work_date=?
Hibernate: select sa1_0.id,sa1_0.employee_id,sa1_0.end_time,sa1_0.shift_name,sa1_0.start_time,sa1_0.work_date from shift_assignments sa1_0 where sa1_0.work_date=?
2025-10-13T15:56:20.732+09:00 DEBUG 10272 --- [Shift Scheduler Demo] [           main] org.hibernate.SQL                        : select sa1_0.id,sa1_0.employee_id,sa1_0.end_time,sa1_0.shift_name,sa1_0.start_time,sa1_0.work_date from shift_assignments sa1_0 where sa1_0.work_date=?
Hibernate: select sa1_0.id,sa1_0.employee_id,sa1_0.end_time,sa1_0.shift_name,sa1_0.start_time,sa1_0.work_date from shift_assignments sa1_0 where sa1_0.work_date=?
2025-10-13T15:56:20.736+09:00 DEBUG 10272 --- [Shift Scheduler Demo] [           main] org.hibernate.SQL                        : select sa1_0.id,sa1_0.employee_id,sa1_0.end_time,sa1_0.shift_name,sa1_0.start_time,sa1_0.work_date from shift_assignments sa1_0 where sa1_0.work_date=?
Hibernate: select sa1_0.id,sa1_0.employee_id,sa1_0.end_time,sa1_0.shift_name,sa1_0.start_time,sa1_0.work_date from shift_assignments sa1_0 where sa1_0.work_date=?
2025-10-13T15:56:20.739+09:00 DEBUG 10272 --- [Shift Scheduler Demo] [           main] org.hibernate.SQL                        : select sa1_0.id,sa1_0.employee_id,sa1_0.end_time,sa1_0.shift_name,sa1_0.start_time,sa1_0.work_date from shift_assignments sa1_0 where sa1_0.work_date=?
Hibernate: select sa1_0.id,sa1_0.employee_id,sa1_0.end_time,sa1_0.shift_name,sa1_0.start_time,sa1_0.work_date from shift_assignments sa1_0 where sa1_0.work_date=?
2025-10-13T15:56:20.743+09:00 DEBUG 10272 --- [Shift Scheduler Demo] [           main] org.hibernate.SQL                        : select sa1_0.id,sa1_0.employee_id,sa1_0.end_time,sa1_0.shift_name,sa1_0.start_time,sa1_0.work_date from shift_assignments sa1_0 where sa1_0.work_date=?
Hibernate: select sa1_0.id,sa1_0.employee_id,sa1_0.end_time,sa1_0.shift_name,sa1_0.start_time,sa1_0.work_date from shift_assignments sa1_0 where sa1_0.work_date=?
2025-10-13T15:56:20.745+09:00 DEBUG 10272 --- [Shift Scheduler Demo] [           main] org.hibernate.SQL                        : select sa1_0.id,sa1_0.employee_id,sa1_0.end_time,sa1_0.shift_name,sa1_0.start_time,sa1_0.work_date from shift_assignments sa1_0 where sa1_0.work_date=?
Hibernate: select sa1_0.id,sa1_0.employee_id,sa1_0.end_time,sa1_0.shift_name,sa1_0.start_time,sa1_0.work_date from shift_assignments sa1_0 where sa1_0.work_date=?
2025-10-13T15:56:20.747+09:00 DEBUG 10272 --- [Shift Scheduler Demo] [           main] org.hibernate.SQL                        : select sa1_0.id,sa1_0.employee_id,sa1_0.end_time,sa1_0.shift_name,sa1_0.start_time,sa1_0.work_date from shift_assignments sa1_0 where sa1_0.work_date=?
Hibernate: select sa1_0.id,sa1_0.employee_id,sa1_0.end_time,sa1_0.shift_name,sa1_0.start_time,sa1_0.work_date from shift_assignments sa1_0 where sa1_0.work_date=?
2025-10-13T15:56:20.749+09:00 DEBUG 10272 --- [Shift Scheduler Demo] [           main] org.hibernate.SQL                        : select sa1_0.id,sa1_0.employee_id,sa1_0.end_time,sa1_0.shift_name,sa1_0.start_time,sa1_0.work_date from shift_assignments sa1_0 where sa1_0.work_date=?
Hibernate: select sa1_0.id,sa1_0.employee_id,sa1_0.end_time,sa1_0.shift_name,sa1_0.start_time,sa1_0.work_date from shift_assignments sa1_0 where sa1_0.work_date=?
2025-10-13T15:56:20.751+09:00 DEBUG 10272 --- [Shift Scheduler Demo] [           main] org.hibernate.SQL                        : select sa1_0.id,sa1_0.employee_id,sa1_0.end_time,sa1_0.shift_name,sa1_0.start_time,sa1_0.work_date from shift_assignments sa1_0 where sa1_0.work_date=?
Hibernate: select sa1_0.id,sa1_0.employee_id,sa1_0.end_time,sa1_0.shift_name,sa1_0.start_time,sa1_0.work_date from shift_assignments sa1_0 where sa1_0.work_date=?
2025-10-13T15:56:20.753+09:00 DEBUG 10272 --- [Shift Scheduler Demo] [           main] org.hibernate.SQL                        : select sa1_0.id,sa1_0.employee_id,sa1_0.end_time,sa1_0.shift_name,sa1_0.start_time,sa1_0.work_date from shift_assignments sa1_0 where sa1_0.work_date=?
Hibernate: select sa1_0.id,sa1_0.employee_id,sa1_0.end_time,sa1_0.shift_name,sa1_0.start_time,sa1_0.work_date from shift_assignments sa1_0 where sa1_0.work_date=?
2025-10-13T15:56:20.755+09:00 DEBUG 10272 --- [Shift Scheduler Demo] [           main] org.hibernate.SQL                        : select sa1_0.id,sa1_0.employee_id,sa1_0.end_time,sa1_0.shift_name,sa1_0.start_time,sa1_0.work_date from shift_assignments sa1_0 where sa1_0.work_date=?
Hibernate: select sa1_0.id,sa1_0.employee_id,sa1_0.end_time,sa1_0.shift_name,sa1_0.start_time,sa1_0.work_date from shift_assignments sa1_0 where sa1_0.work_date=?
2025-10-13T15:56:20.758+09:00 DEBUG 10272 --- [Shift Scheduler Demo] [           main] org.hibernate.SQL                        : select sa1_0.id,sa1_0.employee_id,sa1_0.end_time,sa1_0.shift_name,sa1_0.start_time,sa1_0.work_date from shift_assignments sa1_0 where sa1_0.work_date=?
Hibernate: select sa1_0.id,sa1_0.employee_id,sa1_0.end_time,sa1_0.shift_name,sa1_0.start_time,sa1_0.work_date from shift_assignments sa1_0 where sa1_0.work_date=?
2025-10-13T15:56:20.760+09:00 DEBUG 10272 --- [Shift Scheduler Demo] [           main] org.hibernate.SQL                        : select sa1_0.id,sa1_0.employee_id,sa1_0.end_time,sa1_0.shift_name,sa1_0.start_time,sa1_0.work_date from shift_assignments sa1_0 where sa1_0.work_date=?
Hibernate: select sa1_0.id,sa1_0.employee_id,sa1_0.end_time,sa1_0.shift_name,sa1_0.start_time,sa1_0.work_date from shift_assignments sa1_0 where sa1_0.work_date=?
2025-10-13T15:56:20.761+09:00  INFO 10272 --- [Shift Scheduler Demo] [           main] c.e.shiftv1.schedule.ScheduleService     : 既存のシフト割り当てを削除しました: 2024-07-01 から 2024-07-31
2025-10-13T15:56:20.762+09:00 DEBUG 10272 --- [Shift Scheduler Demo] [           main] org.hibernate.SQL                        : select sc1_0.id,sc1_0.is_active,sc1_0.created_at,sc1_0.day_of_week,sc1_0.end_time,sc1_0.is_holiday,sc1_0.name,sc1_0.required_employees,sc1_0.start_time,sc1_0.updated_at,sc1_0.is_weekend from shift_config sc1_0 where sc1_0.is_active=1
Hibernate: select sc1_0.id,sc1_0.is_active,sc1_0.created_at,sc1_0.day_of_week,sc1_0.end_time,sc1_0.is_holiday,sc1_0.name,sc1_0.required_employees,sc1_0.start_time,sc1_0.updated_at,sc1_0.is_weekend from shift_config sc1_0 where sc1_0.is_active=1
2025-10-13T15:56:20.764+09:00 DEBUG 10272 --- [Shift Scheduler Demo] [           main] org.hibernate.SQL                        : select d1_0.shift_config_id,d1_0.day_of_week from shift_config_days d1_0 where d1_0.shift_config_id=?
Hibernate: select d1_0.shift_config_id,d1_0.day_of_week from shift_config_days d1_0 where d1_0.shift_config_id=?
2025-10-13T15:56:20.764+09:00 DEBUG 10272 --- [Shift Scheduler Demo] [           main] org.hibernate.SQL                        : select d1_0.shift_config_id,d1_0.day_of_week from shift_config_days d1_0 where d1_0.shift_config_id=?
Hibernate: select d1_0.shift_config_id,d1_0.day_of_week from shift_config_days d1_0 where d1_0.shift_config_id=?
2025-10-13T15:56:20.764+09:00 DEBUG 10272 --- [Shift Scheduler Demo] [           main] org.hibernate.SQL                        : select d1_0.shift_config_id,d1_0.day_of_week from shift_config_days d1_0 where d1_0.shift_config_id=?
Hibernate: select d1_0.shift_config_id,d1_0.day_of_week from shift_config_days d1_0 where d1_0.shift_config_id=?
2025-10-13T15:56:20.765+09:00 DEBUG 10272 --- [Shift Scheduler Demo] [           main] org.hibernate.SQL                        : select d1_0.shift_config_id,d1_0.day_of_week from shift_config_days d1_0 where d1_0.shift_config_id=?
Hibernate: select d1_0.shift_config_id,d1_0.day_of_week from shift_config_days d1_0 where d1_0.shift_config_id=?
2025-10-13T15:56:20.767+09:00 DEBUG 10272 --- [Shift Scheduler Demo] [           main] org.hibernate.SQL                        : select ec1_0.id,ec1_0.is_active,ec1_0.created_at,ec1_0.date,ec1_0.employee_id,ec1_0.end_time,ec1_0.reason,ec1_0.start_time,ec1_0.type,ec1_0.updated_at from employee_constraints ec1_0 where ec1_0.date between ? and ? and ec1_0.is_active=1
Hibernate: select ec1_0.id,ec1_0.is_active,ec1_0.created_at,ec1_0.date,ec1_0.employee_id,ec1_0.end_time,ec1_0.reason,ec1_0.start_time,ec1_0.type,ec1_0.updated_at from employee_constraints ec1_0 where ec1_0.date between ? and ? and ec1_0.is_active=1
2025-10-13T15:56:20.776+09:00 DEBUG 10272 --- [Shift Scheduler Demo] [           main] org.hibernate.SQL                        : insert into shift_assignments (employee_id,end_time,shift_name,start_time,work_date) values (?,?,?,?,?)
Hibernate: insert into shift_assignments (employee_id,end_time,shift_name,start_time,work_date) values (?,?,?,?,?)
2025-10-13T15:56:20.777+09:00 DEBUG 10272 --- [Shift Scheduler Demo] [           main] org.hibernate.SQL                        : select last_insert_rowid()
Hibernate: select last_insert_rowid()
2025-10-13T15:56:20.777+09:00 DEBUG 10272 --- [Shift Scheduler Demo] [           main] org.hibernate.SQL                        : insert into shift_assignments (employee_id,end_time,shift_name,start_time,work_date) values (?,?,?,?,?)
Hibernate: insert into shift_assignments (employee_id,end_time,shift_name,start_time,work_date) values (?,?,?,?,?)
2025-10-13T15:56:20.777+09:00 DEBUG 10272 --- [Shift Scheduler Demo] [           main] org.hibernate.SQL                        : select last_insert_rowid()
Hibernate: select last_insert_rowid()
2025-10-13T15:56:20.778+09:00 DEBUG 10272 --- [Shift Scheduler Demo] [           main] org.hibernate.SQL                        : insert into shift_assignments (employee_id,end_time,shift_name,start_time,work_date) values (?,?,?,?,?)
Hibernate: insert into shift_assignments (employee_id,end_time,shift_name,start_time,work_date) values (?,?,?,?,?)
2025-10-13T15:56:20.778+09:00 DEBUG 10272 --- [Shift Scheduler Demo] [           main] org.hibernate.SQL                        : select last_insert_rowid()
Hibernate: select last_insert_rowid()
2025-10-13T15:56:20.778+09:00 DEBUG 10272 --- [Shift Scheduler Demo] [           main] org.hibernate.SQL                        : insert into shift_assignments (employee_id,end_time,shift_name,start_time,work_date) values (?,?,?,?,?)
Hibernate: insert into shift_assignments (employee_id,end_time,shift_name,start_time,work_date) values (?,?,?,?,?)
2025-10-13T15:56:20.778+09:00 DEBUG 10272 --- [Shift Scheduler Demo] [           main] org.hibernate.SQL                        : select last_insert_rowid()
Hibernate: select last_insert_rowid()
2025-10-13T15:56:20.778+09:00 DEBUG 10272 --- [Shift Scheduler Demo] [           main] org.hibernate.SQL                        : insert into shift_assignments (employee_id,end_time,shift_name,start_time,work_date) values (?,?,?,?,?)
Hibernate: insert into shift_assignments (employee_id,end_time,shift_name,start_time,work_date) values (?,?,?,?,?)
2025-10-13T15:56:20.779+09:00 DEBUG 10272 --- [Shift Scheduler Demo] [           main] org.hibernate.SQL                        : select last_insert_rowid()
Hibernate: select last_insert_rowid()
2025-10-13T15:56:20.779+09:00 DEBUG 10272 --- [Shift Scheduler Demo] [           main] org.hibernate.SQL                        : insert into shift_assignments (employee_id,end_time,shift_name,start_time,work_date) values (?,?,?,?,?)
Hibernate: insert into shift_assignments (employee_id,end_time,shift_name,start_time,work_date) values (?,?,?,?,?)
2025-10-13T15:56:20.779+09:00 DEBUG 10272 --- [Shift Scheduler Demo] [           main] org.hibernate.SQL                        : select last_insert_rowid()
Hibernate: select last_insert_rowid()
2025-10-13T15:56:20.779+09:00 DEBUG 10272 --- [Shift Scheduler Demo] [           main] org.hibernate.SQL                        : insert into shift_assignments (employee_id,end_time,shift_name,start_time,work_date) values (?,?,?,?,?)
Hibernate: insert into shift_assignments (employee_id,end_time,shift_name,start_time,work_date) values (?,?,?,?,?)
2025-10-13T15:56:20.780+09:00 DEBUG 10272 --- [Shift Scheduler Demo] [           main] org.hibernate.SQL                        : select last_insert_rowid()
Hibernate: select last_insert_rowid()
2025-10-13T15:56:20.780+09:00 DEBUG 10272 --- [Shift Scheduler Demo] [           main] org.hibernate.SQL                        : insert into shift_assignments (employee_id,end_time,shift_name,start_time,work_date) values (?,?,?,?,?)
Hibernate: insert into shift_assignments (employee_id,end_time,shift_name,start_time,work_date) values (?,?,?,?,?)
2025-10-13T15:56:20.780+09:00 DEBUG 10272 --- [Shift Scheduler Demo] [           main] org.hibernate.SQL                        : select last_insert_rowid()
Hibernate: select last_insert_rowid()
2025-10-13T15:56:20.780+09:00 DEBUG 10272 --- [Shift Scheduler Demo] [           main] org.hibernate.SQL                        : insert into shift_assignments (employee_id,end_time,shift_name,start_time,work_date) values (?,?,?,?,?)
Hibernate: insert into shift_assignments (employee_id,end_time,shift_name,start_time,work_date) values (?,?,?,?,?)
2025-10-13T15:56:20.781+09:00 DEBUG 10272 --- [Shift Scheduler Demo] [           main] org.hibernate.SQL                        : select last_insert_rowid()
Hibernate: select last_insert_rowid()
2025-10-13T15:56:20.781+09:00 DEBUG 10272 --- [Shift Scheduler Demo] [           main] org.hibernate.SQL                        : insert into shift_assignments (employee_id,end_time,shift_name,start_time,work_date) values (?,?,?,?,?)
Hibernate: insert into shift_assignments (employee_id,end_time,shift_name,start_time,work_date) values (?,?,?,?,?)
2025-10-13T15:56:20.781+09:00 DEBUG 10272 --- [Shift Scheduler Demo] [           main] org.hibernate.SQL                        : select last_insert_rowid()
Hibernate: select last_insert_rowid()
2025-10-13T15:56:20.781+09:00 DEBUG 10272 --- [Shift Scheduler Demo] [           main] org.hibernate.SQL                        : insert into shift_assignments (employee_id,end_time,shift_name,start_time,work_date) values (?,?,?,?,?)
Hibernate: insert into shift_assignments (employee_id,end_time,shift_name,start_time,work_date) values (?,?,?,?,?)
2025-10-13T15:56:20.782+09:00 DEBUG 10272 --- [Shift Scheduler Demo] [           main] org.hibernate.SQL                        : select last_insert_rowid()
Hibernate: select last_insert_rowid()
2025-10-13T15:56:20.782+09:00 DEBUG 10272 --- [Shift Scheduler Demo] [           main] org.hibernate.SQL                        : insert into shift_assignments (employee_id,end_time,shift_name,start_time,work_date) values (?,?,?,?,?)
Hibernate: insert into shift_assignments (employee_id,end_time,shift_name,start_time,work_date) values (?,?,?,?,?)
2025-10-13T15:56:20.782+09:00 DEBUG 10272 --- [Shift Scheduler Demo] [           main] org.hibernate.SQL                        : select last_insert_rowid()
Hibernate: select last_insert_rowid()
2025-10-13T15:56:20.782+09:00 DEBUG 10272 --- [Shift Scheduler Demo] [           main] org.hibernate.SQL                        : insert into shift_assignments (employee_id,end_time,shift_name,start_time,work_date) values (?,?,?,?,?)
Hibernate: insert into shift_assignments (employee_id,end_time,shift_name,start_time,work_date) values (?,?,?,?,?)
2025-10-13T15:56:20.782+09:00 DEBUG 10272 --- [Shift Scheduler Demo] [           main] org.hibernate.SQL                        : select last_insert_rowid()
Hibernate: select last_insert_rowid()
2025-10-13T15:56:20.783+09:00 DEBUG 10272 --- [Shift Scheduler Demo] [           main] org.hibernate.SQL                        : insert into shift_assignments (employee_id,end_time,shift_name,start_time,work_date) values (?,?,?,?,?)
Hibernate: insert into shift_assignments (employee_id,end_time,shift_name,start_time,work_date) values (?,?,?,?,?)
2025-10-13T15:56:20.783+09:00 DEBUG 10272 --- [Shift Scheduler Demo] [           main] org.hibernate.SQL                        : select last_insert_rowid()
Hibernate: select last_insert_rowid()
2025-10-13T15:56:20.784+09:00 DEBUG 10272 --- [Shift Scheduler Demo] [           main] org.hibernate.SQL                        : insert into shift_assignments (employee_id,end_time,shift_name,start_time,work_date) values (?,?,?,?,?)
Hibernate: insert into shift_assignments (employee_id,end_time,shift_name,start_time,work_date) values (?,?,?,?,?)
2025-10-13T15:56:20.785+09:00 DEBUG 10272 --- [Shift Scheduler Demo] [           main] org.hibernate.SQL                        : select last_insert_rowid()
Hibernate: select last_insert_rowid()
2025-10-13T15:56:20.786+09:00 DEBUG 10272 --- [Shift Scheduler Demo] [           main] org.hibernate.SQL                        : insert into shift_assignments (employee_id,end_time,shift_name,start_time,work_date) values (?,?,?,?,?)
Hibernate: insert into shift_assignments (employee_id,end_time,shift_name,start_time,work_date) values (?,?,?,?,?)
2025-10-13T15:56:20.787+09:00 DEBUG 10272 --- [Shift Scheduler Demo] [           main] org.hibernate.SQL                        : select last_insert_rowid()
Hibernate: select last_insert_rowid()
2025-10-13T15:56:20.787+09:00 DEBUG 10272 --- [Shift Scheduler Demo] [           main] org.hibernate.SQL                        : insert into shift_assignments (employee_id,end_time,shift_name,start_time,work_date) values (?,?,?,?,?)
Hibernate: insert into shift_assignments (employee_id,end_time,shift_name,start_time,work_date) values (?,?,?,?,?)
2025-10-13T15:56:20.788+09:00 DEBUG 10272 --- [Shift Scheduler Demo] [           main] org.hibernate.SQL                        : select last_insert_rowid()
Hibernate: select last_insert_rowid()
2025-10-13T15:56:20.788+09:00 DEBUG 10272 --- [Shift Scheduler Demo] [           main] org.hibernate.SQL                        : insert into shift_assignments (employee_id,end_time,shift_name,start_time,work_date) values (?,?,?,?,?)
Hibernate: insert into shift_assignments (employee_id,end_time,shift_name,start_time,work_date) values (?,?,?,?,?)
2025-10-13T15:56:20.789+09:00 DEBUG 10272 --- [Shift Scheduler Demo] [           main] org.hibernate.SQL                        : select last_insert_rowid()
Hibernate: select last_insert_rowid()
2025-10-13T15:56:20.789+09:00 DEBUG 10272 --- [Shift Scheduler Demo] [           main] org.hibernate.SQL                        : insert into shift_assignments (employee_id,end_time,shift_name,start_time,work_date) values (?,?,?,?,?)
Hibernate: insert into shift_assignments (employee_id,end_time,shift_name,start_time,work_date) values (?,?,?,?,?)
2025-10-13T15:56:20.790+09:00 DEBUG 10272 --- [Shift Scheduler Demo] [           main] org.hibernate.SQL                        : select last_insert_rowid()
Hibernate: select last_insert_rowid()
2025-10-13T15:56:20.792+09:00 DEBUG 10272 --- [Shift Scheduler Demo] [           main] org.hibernate.SQL                        : insert into shift_assignments (employee_id,end_time,shift_name,start_time,work_date) values (?,?,?,?,?)
Hibernate: insert into shift_assignments (employee_id,end_time,shift_name,start_time,work_date) values (?,?,?,?,?)
2025-10-13T15:56:20.792+09:00 DEBUG 10272 --- [Shift Scheduler Demo] [           main] org.hibernate.SQL                        : select last_insert_rowid()
Hibernate: select last_insert_rowid()
2025-10-13T15:56:20.793+09:00 DEBUG 10272 --- [Shift Scheduler Demo] [           main] org.hibernate.SQL                        : insert into shift_assignments (employee_id,end_time,shift_name,start_time,work_date) values (?,?,?,?,?)
Hibernate: insert into shift_assignments (employee_id,end_time,shift_name,start_time,work_date) values (?,?,?,?,?)
2025-10-13T15:56:20.794+09:00 DEBUG 10272 --- [Shift Scheduler Demo] [           main] org.hibernate.SQL                        : select last_insert_rowid()
Hibernate: select last_insert_rowid()
2025-10-13T15:56:20.795+09:00 DEBUG 10272 --- [Shift Scheduler Demo] [           main] org.hibernate.SQL                        : insert into shift_assignments (employee_id,end_time,shift_name,start_time,work_date) values (?,?,?,?,?)
Hibernate: insert into shift_assignments (employee_id,end_time,shift_name,start_time,work_date) values (?,?,?,?,?)
2025-10-13T15:56:20.796+09:00 DEBUG 10272 --- [Shift Scheduler Demo] [           main] org.hibernate.SQL                        : select last_insert_rowid()
Hibernate: select last_insert_rowid()
2025-10-13T15:56:20.796+09:00 DEBUG 10272 --- [Shift Scheduler Demo] [           main] org.hibernate.SQL                        : insert into shift_assignments (employee_id,end_time,shift_name,start_time,work_date) values (?,?,?,?,?)
Hibernate: insert into shift_assignments (employee_id,end_time,shift_name,start_time,work_date) values (?,?,?,?,?)
2025-10-13T15:56:20.796+09:00 DEBUG 10272 --- [Shift Scheduler Demo] [           main] org.hibernate.SQL                        : select last_insert_rowid()
Hibernate: select last_insert_rowid()
2025-10-13T15:56:20.797+09:00 DEBUG 10272 --- [Shift Scheduler Demo] [           main] org.hibernate.SQL                        : insert into shift_assignments (employee_id,end_time,shift_name,start_time,work_date) values (?,?,?,?,?)
Hibernate: insert into shift_assignments (employee_id,end_time,shift_name,start_time,work_date) values (?,?,?,?,?)
2025-10-13T15:56:20.797+09:00 DEBUG 10272 --- [Shift Scheduler Demo] [           main] org.hibernate.SQL                        : select last_insert_rowid()
Hibernate: select last_insert_rowid()
2025-10-13T15:56:20.797+09:00 DEBUG 10272 --- [Shift Scheduler Demo] [           main] org.hibernate.SQL                        : insert into shift_assignments (employee_id,end_time,shift_name,start_time,work_date) values (?,?,?,?,?)
Hibernate: insert into shift_assignments (employee_id,end_time,shift_name,start_time,work_date) values (?,?,?,?,?)
2025-10-13T15:56:20.797+09:00 DEBUG 10272 --- [Shift Scheduler Demo] [           main] org.hibernate.SQL                        : select last_insert_rowid()
Hibernate: select last_insert_rowid()
2025-10-13T15:56:20.798+09:00 DEBUG 10272 --- [Shift Scheduler Demo] [           main] org.hibernate.SQL                        : insert into shift_assignments (employee_id,end_time,shift_name,start_time,work_date) values (?,?,?,?,?)
Hibernate: insert into shift_assignments (employee_id,end_time,shift_name,start_time,work_date) values (?,?,?,?,?)
2025-10-13T15:56:20.798+09:00 DEBUG 10272 --- [Shift Scheduler Demo] [           main] org.hibernate.SQL                        : select last_insert_rowid()
Hibernate: select last_insert_rowid()
2025-10-13T15:56:20.799+09:00 DEBUG 10272 --- [Shift Scheduler Demo] [           main] org.hibernate.SQL                        : insert into shift_assignments (employee_id,end_time,shift_name,start_time,work_date) values (?,?,?,?,?)
Hibernate: insert into shift_assignments (employee_id,end_time,shift_name,start_time,work_date) values (?,?,?,?,?)
2025-10-13T15:56:20.799+09:00 DEBUG 10272 --- [Shift Scheduler Demo] [           main] org.hibernate.SQL                        : select last_insert_rowid()
Hibernate: select last_insert_rowid()
2025-10-13T15:56:20.801+09:00 DEBUG 10272 --- [Shift Scheduler Demo] [           main] org.hibernate.SQL                        : insert into shift_assignments (employee_id,end_time,shift_name,start_time,work_date) values (?,?,?,?,?)
Hibernate: insert into shift_assignments (employee_id,end_time,shift_name,start_time,work_date) values (?,?,?,?,?)
2025-10-13T15:56:20.801+09:00 DEBUG 10272 --- [Shift Scheduler Demo] [           main] org.hibernate.SQL                        : select last_insert_rowid()
Hibernate: select last_insert_rowid()
2025-10-13T15:56:20.802+09:00 DEBUG 10272 --- [Shift Scheduler Demo] [           main] org.hibernate.SQL                        : insert into shift_assignments (employee_id,end_time,shift_name,start_time,work_date) values (?,?,?,?,?)
Hibernate: insert into shift_assignments (employee_id,end_time,shift_name,start_time,work_date) values (?,?,?,?,?)
2025-10-13T15:56:20.802+09:00 DEBUG 10272 --- [Shift Scheduler Demo] [           main] org.hibernate.SQL                        : select last_insert_rowid()
Hibernate: select last_insert_rowid()
2025-10-13T15:56:20.802+09:00 DEBUG 10272 --- [Shift Scheduler Demo] [           main] org.hibernate.SQL                        : insert into shift_assignments (employee_id,end_time,shift_name,start_time,work_date) values (?,?,?,?,?)
Hibernate: insert into shift_assignments (employee_id,end_time,shift_name,start_time,work_date) values (?,?,?,?,?)
2025-10-13T15:56:20.802+09:00 DEBUG 10272 --- [Shift Scheduler Demo] [           main] org.hibernate.SQL                        : select last_insert_rowid()
Hibernate: select last_insert_rowid()
2025-10-13T15:56:20.802+09:00 DEBUG 10272 --- [Shift Scheduler Demo] [           main] org.hibernate.SQL                        : insert into shift_assignments (employee_id,end_time,shift_name,start_time,work_date) values (?,?,?,?,?)
Hibernate: insert into shift_assignments (employee_id,end_time,shift_name,start_time,work_date) values (?,?,?,?,?)
2025-10-13T15:56:20.802+09:00 DEBUG 10272 --- [Shift Scheduler Demo] [           main] org.hibernate.SQL                        : select last_insert_rowid()
Hibernate: select last_insert_rowid()
2025-10-13T15:56:20.802+09:00 DEBUG 10272 --- [Shift Scheduler Demo] [           main] org.hibernate.SQL                        : insert into shift_assignments (employee_id,end_time,shift_name,start_time,work_date) values (?,?,?,?,?)
Hibernate: insert into shift_assignments (employee_id,end_time,shift_name,start_time,work_date) values (?,?,?,?,?)
2025-10-13T15:56:20.803+09:00 DEBUG 10272 --- [Shift Scheduler Demo] [           main] org.hibernate.SQL                        : select last_insert_rowid()
Hibernate: select last_insert_rowid()
2025-10-13T15:56:20.803+09:00 DEBUG 10272 --- [Shift Scheduler Demo] [           main] org.hibernate.SQL                        : insert into shift_assignments (employee_id,end_time,shift_name,start_time,work_date) values (?,?,?,?,?)
Hibernate: insert into shift_assignments (employee_id,end_time,shift_name,start_time,work_date) values (?,?,?,?,?)
2025-10-13T15:56:20.803+09:00 DEBUG 10272 --- [Shift Scheduler Demo] [           main] org.hibernate.SQL                        : select last_insert_rowid()
Hibernate: select last_insert_rowid()
2025-10-13T15:56:20.803+09:00 DEBUG 10272 --- [Shift Scheduler Demo] [           main] org.hibernate.SQL                        : insert into shift_assignments (employee_id,end_time,shift_name,start_time,work_date) values (?,?,?,?,?)
Hibernate: insert into shift_assignments (employee_id,end_time,shift_name,start_time,work_date) values (?,?,?,?,?)
2025-10-13T15:56:20.803+09:00 DEBUG 10272 --- [Shift Scheduler Demo] [           main] org.hibernate.SQL                        : select last_insert_rowid()
Hibernate: select last_insert_rowid()
2025-10-13T15:56:20.803+09:00 DEBUG 10272 --- [Shift Scheduler Demo] [           main] org.hibernate.SQL                        : insert into shift_assignments (employee_id,end_time,shift_name,start_time,work_date) values (?,?,?,?,?)
Hibernate: insert into shift_assignments (employee_id,end_time,shift_name,start_time,work_date) values (?,?,?,?,?)
2025-10-13T15:56:20.804+09:00 DEBUG 10272 --- [Shift Scheduler Demo] [           main] org.hibernate.SQL                        : select last_insert_rowid()
Hibernate: select last_insert_rowid()
2025-10-13T15:56:20.804+09:00 DEBUG 10272 --- [Shift Scheduler Demo] [           main] org.hibernate.SQL                        : insert into shift_assignments (employee_id,end_time,shift_name,start_time,work_date) values (?,?,?,?,?)
Hibernate: insert into shift_assignments (employee_id,end_time,shift_name,start_time,work_date) values (?,?,?,?,?)
2025-10-13T15:56:20.804+09:00 DEBUG 10272 --- [Shift Scheduler Demo] [           main] org.hibernate.SQL                        : select last_insert_rowid()
Hibernate: select last_insert_rowid()
2025-10-13T15:56:20.804+09:00 DEBUG 10272 --- [Shift Scheduler Demo] [           main] org.hibernate.SQL                        : insert into shift_assignments (employee_id,end_time,shift_name,start_time,work_date) values (?,?,?,?,?)
Hibernate: insert into shift_assignments (employee_id,end_time,shift_name,start_time,work_date) values (?,?,?,?,?)
2025-10-13T15:56:20.804+09:00 DEBUG 10272 --- [Shift Scheduler Demo] [           main] org.hibernate.SQL                        : select last_insert_rowid()
Hibernate: select last_insert_rowid()
2025-10-13T15:56:20.809+09:00 DEBUG 10272 --- [Shift Scheduler Demo] [           main] org.hibernate.SQL                        : insert into shift_assignments (employee_id,end_time,shift_name,start_time,work_date) values (?,?,?,?,?)
Hibernate: insert into shift_assignments (employee_id,end_time,shift_name,start_time,work_date) values (?,?,?,?,?)
2025-10-13T15:56:20.810+09:00 DEBUG 10272 --- [Shift Scheduler Demo] [           main] org.hibernate.SQL                        : select last_insert_rowid()
Hibernate: select last_insert_rowid()
2025-10-13T15:56:20.810+09:00 DEBUG 10272 --- [Shift Scheduler Demo] [           main] org.hibernate.SQL                        : insert into shift_assignments (employee_id,end_time,shift_name,start_time,work_date) values (?,?,?,?,?)
Hibernate: insert into shift_assignments (employee_id,end_time,shift_name,start_time,work_date) values (?,?,?,?,?)
2025-10-13T15:56:20.811+09:00 DEBUG 10272 --- [Shift Scheduler Demo] [           main] org.hibernate.SQL                        : select last_insert_rowid()
Hibernate: select last_insert_rowid()
2025-10-13T15:56:20.812+09:00 DEBUG 10272 --- [Shift Scheduler Demo] [           main] org.hibernate.SQL                        : insert into shift_assignments (employee_id,end_time,shift_name,start_time,work_date) values (?,?,?,?,?)
Hibernate: insert into shift_assignments (employee_id,end_time,shift_name,start_time,work_date) values (?,?,?,?,?)
2025-10-13T15:56:20.812+09:00 DEBUG 10272 --- [Shift Scheduler Demo] [           main] org.hibernate.SQL                        : select last_insert_rowid()
Hibernate: select last_insert_rowid()
2025-10-13T15:56:20.812+09:00 DEBUG 10272 --- [Shift Scheduler Demo] [           main] org.hibernate.SQL                        : insert into shift_assignments (employee_id,end_time,shift_name,start_time,work_date) values (?,?,?,?,?)
Hibernate: insert into shift_assignments (employee_id,end_time,shift_name,start_time,work_date) values (?,?,?,?,?)
2025-10-13T15:56:20.813+09:00 DEBUG 10272 --- [Shift Scheduler Demo] [           main] org.hibernate.SQL                        : select last_insert_rowid()
Hibernate: select last_insert_rowid()
2025-10-13T15:56:20.814+09:00 DEBUG 10272 --- [Shift Scheduler Demo] [           main] org.hibernate.SQL                        : insert into shift_assignments (employee_id,end_time,shift_name,start_time,work_date) values (?,?,?,?,?)
Hibernate: insert into shift_assignments (employee_id,end_time,shift_name,start_time,work_date) values (?,?,?,?,?)
2025-10-13T15:56:20.815+09:00 DEBUG 10272 --- [Shift Scheduler Demo] [           main] org.hibernate.SQL                        : select last_insert_rowid()
Hibernate: select last_insert_rowid()
2025-10-13T15:56:20.815+09:00 DEBUG 10272 --- [Shift Scheduler Demo] [           main] org.hibernate.SQL                        : insert into shift_assignments (employee_id,end_time,shift_name,start_time,work_date) values (?,?,?,?,?)
Hibernate: insert into shift_assignments (employee_id,end_time,shift_name,start_time,work_date) values (?,?,?,?,?)
2025-10-13T15:56:20.815+09:00 DEBUG 10272 --- [Shift Scheduler Demo] [           main] org.hibernate.SQL                        : select last_insert_rowid()
Hibernate: select last_insert_rowid()
2025-10-13T15:56:20.816+09:00 DEBUG 10272 --- [Shift Scheduler Demo] [           main] org.hibernate.SQL                        : insert into shift_assignments (employee_id,end_time,shift_name,start_time,work_date) values (?,?,?,?,?)
Hibernate: insert into shift_assignments (employee_id,end_time,shift_name,start_time,work_date) values (?,?,?,?,?)
2025-10-13T15:56:20.816+09:00 DEBUG 10272 --- [Shift Scheduler Demo] [           main] org.hibernate.SQL                        : select last_insert_rowid()
Hibernate: select last_insert_rowid()
2025-10-13T15:56:20.817+09:00 DEBUG 10272 --- [Shift Scheduler Demo] [           main] org.hibernate.SQL                        : insert into shift_assignments (employee_id,end_time,shift_name,start_time,work_date) values (?,?,?,?,?)
Hibernate: insert into shift_assignments (employee_id,end_time,shift_name,start_time,work_date) values (?,?,?,?,?)
2025-10-13T15:56:20.817+09:00 DEBUG 10272 --- [Shift Scheduler Demo] [           main] org.hibernate.SQL                        : select last_insert_rowid()
Hibernate: select last_insert_rowid()
2025-10-13T15:56:20.817+09:00 DEBUG 10272 --- [Shift Scheduler Demo] [           main] org.hibernate.SQL                        : insert into shift_assignments (employee_id,end_time,shift_name,start_time,work_date) values (?,?,?,?,?)
Hibernate: insert into shift_assignments (employee_id,end_time,shift_name,start_time,work_date) values (?,?,?,?,?)
2025-10-13T15:56:20.817+09:00 DEBUG 10272 --- [Shift Scheduler Demo] [           main] org.hibernate.SQL                        : select last_insert_rowid()
Hibernate: select last_insert_rowid()
2025-10-13T15:56:20.818+09:00 DEBUG 10272 --- [Shift Scheduler Demo] [           main] org.hibernate.SQL                        : insert into shift_assignments (employee_id,end_time,shift_name,start_time,work_date) values (?,?,?,?,?)
Hibernate: insert into shift_assignments (employee_id,end_time,shift_name,start_time,work_date) values (?,?,?,?,?)
2025-10-13T15:56:20.819+09:00 DEBUG 10272 --- [Shift Scheduler Demo] [           main] org.hibernate.SQL                        : select last_insert_rowid()
Hibernate: select last_insert_rowid()
2025-10-13T15:56:20.819+09:00 DEBUG 10272 --- [Shift Scheduler Demo] [           main] org.hibernate.SQL                        : insert into shift_assignments (employee_id,end_time,shift_name,start_time,work_date) values (?,?,?,?,?)
Hibernate: insert into shift_assignments (employee_id,end_time,shift_name,start_time,work_date) values (?,?,?,?,?)
2025-10-13T15:56:20.820+09:00 DEBUG 10272 --- [Shift Scheduler Demo] [           main] org.hibernate.SQL                        : select last_insert_rowid()
Hibernate: select last_insert_rowid()
2025-10-13T15:56:20.820+09:00 DEBUG 10272 --- [Shift Scheduler Demo] [           main] org.hibernate.SQL                        : insert into shift_assignments (employee_id,end_time,shift_name,start_time,work_date) values (?,?,?,?,?)
Hibernate: insert into shift_assignments (employee_id,end_time,shift_name,start_time,work_date) values (?,?,?,?,?)
2025-10-13T15:56:20.820+09:00 DEBUG 10272 --- [Shift Scheduler Demo] [           main] org.hibernate.SQL                        : select last_insert_rowid()
Hibernate: select last_insert_rowid()
2025-10-13T15:56:20.821+09:00 DEBUG 10272 --- [Shift Scheduler Demo] [           main] org.hibernate.SQL                        : insert into shift_assignments (employee_id,end_time,shift_name,start_time,work_date) values (?,?,?,?,?)
Hibernate: insert into shift_assignments (employee_id,end_time,shift_name,start_time,work_date) values (?,?,?,?,?)
2025-10-13T15:56:20.821+09:00 DEBUG 10272 --- [Shift Scheduler Demo] [           main] org.hibernate.SQL                        : select last_insert_rowid()
Hibernate: select last_insert_rowid()
2025-10-13T15:56:20.822+09:00 DEBUG 10272 --- [Shift Scheduler Demo] [           main] org.hibernate.SQL                        : insert into shift_assignments (employee_id,end_time,shift_name,start_time,work_date) values (?,?,?,?,?)
Hibernate: insert into shift_assignments (employee_id,end_time,shift_name,start_time,work_date) values (?,?,?,?,?)
2025-10-13T15:56:20.822+09:00 DEBUG 10272 --- [Shift Scheduler Demo] [           main] org.hibernate.SQL                        : select last_insert_rowid()
Hibernate: select last_insert_rowid()
2025-10-13T15:56:20.823+09:00 DEBUG 10272 --- [Shift Scheduler Demo] [           main] org.hibernate.SQL                        : insert into shift_assignments (employee_id,end_time,shift_name,start_time,work_date) values (?,?,?,?,?)
Hibernate: insert into shift_assignments (employee_id,end_time,shift_name,start_time,work_date) values (?,?,?,?,?)
2025-10-13T15:56:20.823+09:00 DEBUG 10272 --- [Shift Scheduler Demo] [           main] org.hibernate.SQL                        : select last_insert_rowid()
Hibernate: select last_insert_rowid()
2025-10-13T15:56:20.823+09:00 DEBUG 10272 --- [Shift Scheduler Demo] [           main] org.hibernate.SQL                        : insert into shift_assignments (employee_id,end_time,shift_name,start_time,work_date) values (?,?,?,?,?)
Hibernate: insert into shift_assignments (employee_id,end_time,shift_name,start_time,work_date) values (?,?,?,?,?)
2025-10-13T15:56:20.824+09:00 DEBUG 10272 --- [Shift Scheduler Demo] [           main] org.hibernate.SQL                        : select last_insert_rowid()
Hibernate: select last_insert_rowid()
2025-10-13T15:56:20.824+09:00 DEBUG 10272 --- [Shift Scheduler Demo] [           main] org.hibernate.SQL                        : insert into shift_assignments (employee_id,end_time,shift_name,start_time,work_date) values (?,?,?,?,?)
Hibernate: insert into shift_assignments (employee_id,end_time,shift_name,start_time,work_date) values (?,?,?,?,?)
2025-10-13T15:56:20.824+09:00 DEBUG 10272 --- [Shift Scheduler Demo] [           main] org.hibernate.SQL                        : select last_insert_rowid()
Hibernate: select last_insert_rowid()
2025-10-13T15:56:20.825+09:00 DEBUG 10272 --- [Shift Scheduler Demo] [           main] org.hibernate.SQL                        : insert into shift_assignments (employee_id,end_time,shift_name,start_time,work_date) values (?,?,?,?,?)
Hibernate: insert into shift_assignments (employee_id,end_time,shift_name,start_time,work_date) values (?,?,?,?,?)
2025-10-13T15:56:20.825+09:00 DEBUG 10272 --- [Shift Scheduler Demo] [           main] org.hibernate.SQL                        : select last_insert_rowid()
Hibernate: select last_insert_rowid()
2025-10-13T15:56:20.825+09:00 DEBUG 10272 --- [Shift Scheduler Demo] [           main] org.hibernate.SQL                        : insert into shift_assignments (employee_id,end_time,shift_name,start_time,work_date) values (?,?,?,?,?)
Hibernate: insert into shift_assignments (employee_id,end_time,shift_name,start_time,work_date) values (?,?,?,?,?)
2025-10-13T15:56:20.826+09:00 DEBUG 10272 --- [Shift Scheduler Demo] [           main] org.hibernate.SQL                        : select last_insert_rowid()
Hibernate: select last_insert_rowid()
2025-10-13T15:56:20.827+09:00 DEBUG 10272 --- [Shift Scheduler Demo] [           main] org.hibernate.SQL                        : insert into shift_assignments (employee_id,end_time,shift_name,start_time,work_date) values (?,?,?,?,?)
Hibernate: insert into shift_assignments (employee_id,end_time,shift_name,start_time,work_date) values (?,?,?,?,?)
2025-10-13T15:56:20.828+09:00 DEBUG 10272 --- [Shift Scheduler Demo] [           main] org.hibernate.SQL                        : select last_insert_rowid()
Hibernate: select last_insert_rowid()
2025-10-13T15:56:20.828+09:00 DEBUG 10272 --- [Shift Scheduler Demo] [           main] org.hibernate.SQL                        : insert into shift_assignments (employee_id,end_time,shift_name,start_time,work_date) values (?,?,?,?,?)
Hibernate: insert into shift_assignments (employee_id,end_time,shift_name,start_time,work_date) values (?,?,?,?,?)
2025-10-13T15:56:20.830+09:00 DEBUG 10272 --- [Shift Scheduler Demo] [           main] org.hibernate.SQL                        : select last_insert_rowid()
Hibernate: select last_insert_rowid()
2025-10-13T15:56:20.830+09:00 DEBUG 10272 --- [Shift Scheduler Demo] [           main] org.hibernate.SQL                        : insert into shift_assignments (employee_id,end_time,shift_name,start_time,work_date) values (?,?,?,?,?)
Hibernate: insert into shift_assignments (employee_id,end_time,shift_name,start_time,work_date) values (?,?,?,?,?)
2025-10-13T15:56:20.830+09:00 DEBUG 10272 --- [Shift Scheduler Demo] [           main] org.hibernate.SQL                        : select last_insert_rowid()
Hibernate: select last_insert_rowid()
2025-10-13T15:56:20.830+09:00 DEBUG 10272 --- [Shift Scheduler Demo] [           main] org.hibernate.SQL                        : insert into shift_assignments (employee_id,end_time,shift_name,start_time,work_date) values (?,?,?,?,?)
Hibernate: insert into shift_assignments (employee_id,end_time,shift_name,start_time,work_date) values (?,?,?,?,?)
2025-10-13T15:56:20.831+09:00 DEBUG 10272 --- [Shift Scheduler Demo] [           main] org.hibernate.SQL                        : select last_insert_rowid()
Hibernate: select last_insert_rowid()
2025-10-13T15:56:20.831+09:00 DEBUG 10272 --- [Shift Scheduler Demo] [           main] org.hibernate.SQL                        : insert into shift_assignments (employee_id,end_time,shift_name,start_time,work_date) values (?,?,?,?,?)
Hibernate: insert into shift_assignments (employee_id,end_time,shift_name,start_time,work_date) values (?,?,?,?,?)
2025-10-13T15:56:20.831+09:00 DEBUG 10272 --- [Shift Scheduler Demo] [           main] org.hibernate.SQL                        : select last_insert_rowid()
Hibernate: select last_insert_rowid()
2025-10-13T15:56:20.831+09:00 DEBUG 10272 --- [Shift Scheduler Demo] [           main] org.hibernate.SQL                        : insert into shift_assignments (employee_id,end_time,shift_name,start_time,work_date) values (?,?,?,?,?)
Hibernate: insert into shift_assignments (employee_id,end_time,shift_name,start_time,work_date) values (?,?,?,?,?)
2025-10-13T15:56:20.831+09:00 DEBUG 10272 --- [Shift Scheduler Demo] [           main] org.hibernate.SQL                        : select last_insert_rowid()
Hibernate: select last_insert_rowid()
2025-10-13T15:56:20.832+09:00 DEBUG 10272 --- [Shift Scheduler Demo] [           main] org.hibernate.SQL                        : insert into shift_assignments (employee_id,end_time,shift_name,start_time,work_date) values (?,?,?,?,?)
Hibernate: insert into shift_assignments (employee_id,end_time,shift_name,start_time,work_date) values (?,?,?,?,?)
2025-10-13T15:56:20.832+09:00 DEBUG 10272 --- [Shift Scheduler Demo] [           main] org.hibernate.SQL                        : select last_insert_rowid()
Hibernate: select last_insert_rowid()
2025-10-13T15:56:20.832+09:00 DEBUG 10272 --- [Shift Scheduler Demo] [           main] org.hibernate.SQL                        : insert into shift_assignments (employee_id,end_time,shift_name,start_time,work_date) values (?,?,?,?,?)
Hibernate: insert into shift_assignments (employee_id,end_time,shift_name,start_time,work_date) values (?,?,?,?,?)
2025-10-13T15:56:20.832+09:00 DEBUG 10272 --- [Shift Scheduler Demo] [           main] org.hibernate.SQL                        : select last_insert_rowid()
Hibernate: select last_insert_rowid()
2025-10-13T15:56:20.833+09:00 DEBUG 10272 --- [Shift Scheduler Demo] [           main] org.hibernate.SQL                        : insert into shift_assignments (employee_id,end_time,shift_name,start_time,work_date) values (?,?,?,?,?)
Hibernate: insert into shift_assignments (employee_id,end_time,shift_name,start_time,work_date) values (?,?,?,?,?)
2025-10-13T15:56:20.834+09:00 DEBUG 10272 --- [Shift Scheduler Demo] [           main] org.hibernate.SQL                        : select last_insert_rowid()
Hibernate: select last_insert_rowid()
2025-10-13T15:56:20.836+09:00 DEBUG 10272 --- [Shift Scheduler Demo] [           main] org.hibernate.SQL                        : insert into shift_assignments (employee_id,end_time,shift_name,start_time,work_date) values (?,?,?,?,?)
Hibernate: insert into shift_assignments (employee_id,end_time,shift_name,start_time,work_date) values (?,?,?,?,?)
2025-10-13T15:56:20.836+09:00 DEBUG 10272 --- [Shift Scheduler Demo] [           main] org.hibernate.SQL                        : select last_insert_rowid()
Hibernate: select last_insert_rowid()
2025-10-13T15:56:20.839+09:00 DEBUG 10272 --- [Shift Scheduler Demo] [           main] org.hibernate.SQL                        : insert into shift_assignments (employee_id,end_time,shift_name,start_time,work_date) values (?,?,?,?,?)
Hibernate: insert into shift_assignments (employee_id,end_time,shift_name,start_time,work_date) values (?,?,?,?,?)
2025-10-13T15:56:20.839+09:00 DEBUG 10272 --- [Shift Scheduler Demo] [           main] org.hibernate.SQL                        : select last_insert_rowid()
Hibernate: select last_insert_rowid()
2025-10-13T15:56:20.840+09:00 DEBUG 10272 --- [Shift Scheduler Demo] [           main] org.hibernate.SQL                        : insert into shift_assignments (employee_id,end_time,shift_name,start_time,work_date) values (?,?,?,?,?)
Hibernate: insert into shift_assignments (employee_id,end_time,shift_name,start_time,work_date) values (?,?,?,?,?)
2025-10-13T15:56:20.841+09:00 DEBUG 10272 --- [Shift Scheduler Demo] [           main] org.hibernate.SQL                        : select last_insert_rowid()
Hibernate: select last_insert_rowid()
2025-10-13T15:56:20.842+09:00 DEBUG 10272 --- [Shift Scheduler Demo] [           main] org.hibernate.SQL                        : insert into shift_assignments (employee_id,end_time,shift_name,start_time,work_date) values (?,?,?,?,?)
Hibernate: insert into shift_assignments (employee_id,end_time,shift_name,start_time,work_date) values (?,?,?,?,?)
2025-10-13T15:56:20.842+09:00 DEBUG 10272 --- [Shift Scheduler Demo] [           main] org.hibernate.SQL                        : select last_insert_rowid()
Hibernate: select last_insert_rowid()
2025-10-13T15:56:20.844+09:00 DEBUG 10272 --- [Shift Scheduler Demo] [           main] org.hibernate.SQL                        : insert into shift_assignments (employee_id,end_time,shift_name,start_time,work_date) values (?,?,?,?,?)
Hibernate: insert into shift_assignments (employee_id,end_time,shift_name,start_time,work_date) values (?,?,?,?,?)
2025-10-13T15:56:20.844+09:00 DEBUG 10272 --- [Shift Scheduler Demo] [           main] org.hibernate.SQL                        : select last_insert_rowid()
Hibernate: select last_insert_rowid()
2025-10-13T15:56:20.844+09:00 DEBUG 10272 --- [Shift Scheduler Demo] [           main] org.hibernate.SQL                        : insert into shift_assignments (employee_id,end_time,shift_name,start_time,work_date) values (?,?,?,?,?)
Hibernate: insert into shift_assignments (employee_id,end_time,shift_name,start_time,work_date) values (?,?,?,?,?)
2025-10-13T15:56:20.845+09:00 DEBUG 10272 --- [Shift Scheduler Demo] [           main] org.hibernate.SQL                        : select last_insert_rowid()
Hibernate: select last_insert_rowid()
2025-10-13T15:56:20.846+09:00 DEBUG 10272 --- [Shift Scheduler Demo] [           main] org.hibernate.SQL                        : insert into shift_assignments (employee_id,end_time,shift_name,start_time,work_date) values (?,?,?,?,?)
Hibernate: insert into shift_assignments (employee_id,end_time,shift_name,start_time,work_date) values (?,?,?,?,?)
2025-10-13T15:56:20.847+09:00 DEBUG 10272 --- [Shift Scheduler Demo] [           main] org.hibernate.SQL                        : select last_insert_rowid()
Hibernate: select last_insert_rowid()
2025-10-13T15:56:20.848+09:00 DEBUG 10272 --- [Shift Scheduler Demo] [           main] org.hibernate.SQL                        : insert into shift_assignments (employee_id,end_time,shift_name,start_time,work_date) values (?,?,?,?,?)
Hibernate: insert into shift_assignments (employee_id,end_time,shift_name,start_time,work_date) values (?,?,?,?,?)
2025-10-13T15:56:20.848+09:00 DEBUG 10272 --- [Shift Scheduler Demo] [           main] org.hibernate.SQL                        : select last_insert_rowid()
Hibernate: select last_insert_rowid()
2025-10-13T15:56:20.848+09:00 DEBUG 10272 --- [Shift Scheduler Demo] [           main] org.hibernate.SQL                        : insert into shift_assignments (employee_id,end_time,shift_name,start_time,work_date) values (?,?,?,?,?)
Hibernate: insert into shift_assignments (employee_id,end_time,shift_name,start_time,work_date) values (?,?,?,?,?)
2025-10-13T15:56:20.849+09:00 DEBUG 10272 --- [Shift Scheduler Demo] [           main] org.hibernate.SQL                        : select last_insert_rowid()
Hibernate: select last_insert_rowid()
2025-10-13T15:56:20.849+09:00 DEBUG 10272 --- [Shift Scheduler Demo] [           main] org.hibernate.SQL                        : insert into shift_assignments (employee_id,end_time,shift_name,start_time,work_date) values (?,?,?,?,?)
Hibernate: insert into shift_assignments (employee_id,end_time,shift_name,start_time,work_date) values (?,?,?,?,?)
2025-10-13T15:56:20.850+09:00 DEBUG 10272 --- [Shift Scheduler Demo] [           main] org.hibernate.SQL                        : select last_insert_rowid()
Hibernate: select last_insert_rowid()
2025-10-13T15:56:20.852+09:00 DEBUG 10272 --- [Shift Scheduler Demo] [           main] org.hibernate.SQL                        : insert into shift_assignments (employee_id,end_time,shift_name,start_time,work_date) values (?,?,?,?,?)
Hibernate: insert into shift_assignments (employee_id,end_time,shift_name,start_time,work_date) values (?,?,?,?,?)
2025-10-13T15:56:20.852+09:00 DEBUG 10272 --- [Shift Scheduler Demo] [           main] org.hibernate.SQL                        : select last_insert_rowid()
Hibernate: select last_insert_rowid()
2025-10-13T15:56:20.852+09:00 DEBUG 10272 --- [Shift Scheduler Demo] [           main] org.hibernate.SQL                        : insert into shift_assignments (employee_id,end_time,shift_name,start_time,work_date) values (?,?,?,?,?)
Hibernate: insert into shift_assignments (employee_id,end_time,shift_name,start_time,work_date) values (?,?,?,?,?)
2025-10-13T15:56:20.852+09:00 DEBUG 10272 --- [Shift Scheduler Demo] [           main] org.hibernate.SQL                        : select last_insert_rowid()
Hibernate: select last_insert_rowid()
2025-10-13T15:56:20.853+09:00 DEBUG 10272 --- [Shift Scheduler Demo] [           main] org.hibernate.SQL                        : insert into shift_assignments (employee_id,end_time,shift_name,start_time,work_date) values (?,?,?,?,?)
Hibernate: insert into shift_assignments (employee_id,end_time,shift_name,start_time,work_date) values (?,?,?,?,?)
2025-10-13T15:56:20.853+09:00 DEBUG 10272 --- [Shift Scheduler Demo] [           main] org.hibernate.SQL                        : select last_insert_rowid()
Hibernate: select last_insert_rowid()
2025-10-13T15:56:20.854+09:00 DEBUG 10272 --- [Shift Scheduler Demo] [           main] org.hibernate.SQL                        : insert into shift_assignments (employee_id,end_time,shift_name,start_time,work_date) values (?,?,?,?,?)
Hibernate: insert into shift_assignments (employee_id,end_time,shift_name,start_time,work_date) values (?,?,?,?,?)
2025-10-13T15:56:20.854+09:00 DEBUG 10272 --- [Shift Scheduler Demo] [           main] org.hibernate.SQL                        : select last_insert_rowid()
Hibernate: select last_insert_rowid()
2025-10-13T15:56:20.855+09:00 DEBUG 10272 --- [Shift Scheduler Demo] [           main] org.hibernate.SQL                        : insert into shift_assignments (employee_id,end_time,shift_name,start_time,work_date) values (?,?,?,?,?)
Hibernate: insert into shift_assignments (employee_id,end_time,shift_name,start_time,work_date) values (?,?,?,?,?)
2025-10-13T15:56:20.857+09:00 DEBUG 10272 --- [Shift Scheduler Demo] [           main] org.hibernate.SQL                        : select last_insert_rowid()
Hibernate: select last_insert_rowid()
2025-10-13T15:56:20.858+09:00 DEBUG 10272 --- [Shift Scheduler Demo] [           main] org.hibernate.SQL                        : insert into shift_assignments (employee_id,end_time,shift_name,start_time,work_date) values (?,?,?,?,?)
Hibernate: insert into shift_assignments (employee_id,end_time,shift_name,start_time,work_date) values (?,?,?,?,?)
2025-10-13T15:56:20.858+09:00 DEBUG 10272 --- [Shift Scheduler Demo] [           main] org.hibernate.SQL                        : select last_insert_rowid()
Hibernate: select last_insert_rowid()
2025-10-13T15:56:20.859+09:00 DEBUG 10272 --- [Shift Scheduler Demo] [           main] org.hibernate.SQL                        : insert into shift_assignments (employee_id,end_time,shift_name,start_time,work_date) values (?,?,?,?,?)
Hibernate: insert into shift_assignments (employee_id,end_time,shift_name,start_time,work_date) values (?,?,?,?,?)
2025-10-13T15:56:20.859+09:00 DEBUG 10272 --- [Shift Scheduler Demo] [           main] org.hibernate.SQL                        : select last_insert_rowid()
Hibernate: select last_insert_rowid()
2025-10-13T15:56:20.859+09:00 DEBUG 10272 --- [Shift Scheduler Demo] [           main] org.hibernate.SQL                        : insert into shift_assignments (employee_id,end_time,shift_name,start_time,work_date) values (?,?,?,?,?)
Hibernate: insert into shift_assignments (employee_id,end_time,shift_name,start_time,work_date) values (?,?,?,?,?)
2025-10-13T15:56:20.859+09:00 DEBUG 10272 --- [Shift Scheduler Demo] [           main] org.hibernate.SQL                        : select last_insert_rowid()
Hibernate: select last_insert_rowid()
2025-10-13T15:56:20.862+09:00 DEBUG 10272 --- [Shift Scheduler Demo] [           main] org.hibernate.SQL                        : insert into shift_assignments (employee_id,end_time,shift_name,start_time,work_date) values (?,?,?,?,?)
Hibernate: insert into shift_assignments (employee_id,end_time,shift_name,start_time,work_date) values (?,?,?,?,?)
2025-10-13T15:56:20.862+09:00 DEBUG 10272 --- [Shift Scheduler Demo] [           main] org.hibernate.SQL                        : select last_insert_rowid()
Hibernate: select last_insert_rowid()
2025-10-13T15:56:20.863+09:00 DEBUG 10272 --- [Shift Scheduler Demo] [           main] org.hibernate.SQL                        : insert into shift_assignments (employee_id,end_time,shift_name,start_time,work_date) values (?,?,?,?,?)
Hibernate: insert into shift_assignments (employee_id,end_time,shift_name,start_time,work_date) values (?,?,?,?,?)
2025-10-13T15:56:20.863+09:00 DEBUG 10272 --- [Shift Scheduler Demo] [           main] org.hibernate.SQL                        : select last_insert_rowid()
Hibernate: select last_insert_rowid()
2025-10-13T15:56:20.864+09:00 DEBUG 10272 --- [Shift Scheduler Demo] [           main] org.hibernate.SQL                        : insert into shift_assignments (employee_id,end_time,shift_name,start_time,work_date) values (?,?,?,?,?)
Hibernate: insert into shift_assignments (employee_id,end_time,shift_name,start_time,work_date) values (?,?,?,?,?)
2025-10-13T15:56:20.864+09:00 DEBUG 10272 --- [Shift Scheduler Demo] [           main] org.hibernate.SQL                        : select last_insert_rowid()
Hibernate: select last_insert_rowid()
2025-10-13T15:56:20.865+09:00 DEBUG 10272 --- [Shift Scheduler Demo] [           main] org.hibernate.SQL                        : insert into shift_assignments (employee_id,end_time,shift_name,start_time,work_date) values (?,?,?,?,?)
Hibernate: insert into shift_assignments (employee_id,end_time,shift_name,start_time,work_date) values (?,?,?,?,?)
2025-10-13T15:56:20.866+09:00 DEBUG 10272 --- [Shift Scheduler Demo] [           main] org.hibernate.SQL                        : select last_insert_rowid()
Hibernate: select last_insert_rowid()
2025-10-13T15:56:20.867+09:00 DEBUG 10272 --- [Shift Scheduler Demo] [           main] org.hibernate.SQL                        : insert into shift_assignments (employee_id,end_time,shift_name,start_time,work_date) values (?,?,?,?,?)
Hibernate: insert into shift_assignments (employee_id,end_time,shift_name,start_time,work_date) values (?,?,?,?,?)
2025-10-13T15:56:20.868+09:00 DEBUG 10272 --- [Shift Scheduler Demo] [           main] org.hibernate.SQL                        : select last_insert_rowid()
Hibernate: select last_insert_rowid()
2025-10-13T15:56:20.868+09:00 DEBUG 10272 --- [Shift Scheduler Demo] [           main] org.hibernate.SQL                        : insert into shift_assignments (employee_id,end_time,shift_name,start_time,work_date) values (?,?,?,?,?)
Hibernate: insert into shift_assignments (employee_id,end_time,shift_name,start_time,work_date) values (?,?,?,?,?)
2025-10-13T15:56:20.869+09:00 DEBUG 10272 --- [Shift Scheduler Demo] [           main] org.hibernate.SQL                        : select last_insert_rowid()
Hibernate: select last_insert_rowid()
2025-10-13T15:56:20.869+09:00 DEBUG 10272 --- [Shift Scheduler Demo] [           main] org.hibernate.SQL                        : insert into shift_assignments (employee_id,end_time,shift_name,start_time,work_date) values (?,?,?,?,?)
Hibernate: insert into shift_assignments (employee_id,end_time,shift_name,start_time,work_date) values (?,?,?,?,?)
2025-10-13T15:56:20.870+09:00 DEBUG 10272 --- [Shift Scheduler Demo] [           main] org.hibernate.SQL                        : select last_insert_rowid()
Hibernate: select last_insert_rowid()
2025-10-13T15:56:20.872+09:00 DEBUG 10272 --- [Shift Scheduler Demo] [           main] org.hibernate.SQL                        : insert into shift_assignments (employee_id,end_time,shift_name,start_time,work_date) values (?,?,?,?,?)
Hibernate: insert into shift_assignments (employee_id,end_time,shift_name,start_time,work_date) values (?,?,?,?,?)
2025-10-13T15:56:20.873+09:00 DEBUG 10272 --- [Shift Scheduler Demo] [           main] org.hibernate.SQL                        : select last_insert_rowid()
Hibernate: select last_insert_rowid()
2025-10-13T15:56:20.874+09:00 DEBUG 10272 --- [Shift Scheduler Demo] [           main] org.hibernate.SQL                        : insert into shift_assignments (employee_id,end_time,shift_name,start_time,work_date) values (?,?,?,?,?)
Hibernate: insert into shift_assignments (employee_id,end_time,shift_name,start_time,work_date) values (?,?,?,?,?)
2025-10-13T15:56:20.874+09:00 DEBUG 10272 --- [Shift Scheduler Demo] [           main] org.hibernate.SQL                        : select last_insert_rowid()
Hibernate: select last_insert_rowid()
2025-10-13T15:56:20.874+09:00 DEBUG 10272 --- [Shift Scheduler Demo] [           main] org.hibernate.SQL                        : insert into shift_assignments (employee_id,end_time,shift_name,start_time,work_date) values (?,?,?,?,?)
Hibernate: insert into shift_assignments (employee_id,end_time,shift_name,start_time,work_date) values (?,?,?,?,?)
2025-10-13T15:56:20.874+09:00 DEBUG 10272 --- [Shift Scheduler Demo] [           main] org.hibernate.SQL                        : select last_insert_rowid()
Hibernate: select last_insert_rowid()
2025-10-13T15:56:20.875+09:00 DEBUG 10272 --- [Shift Scheduler Demo] [           main] org.hibernate.SQL                        : insert into shift_assignments (employee_id,end_time,shift_name,start_time,work_date) values (?,?,?,?,?)
Hibernate: insert into shift_assignments (employee_id,end_time,shift_name,start_time,work_date) values (?,?,?,?,?)
2025-10-13T15:56:20.875+09:00 DEBUG 10272 --- [Shift Scheduler Demo] [           main] org.hibernate.SQL                        : select last_insert_rowid()
Hibernate: select last_insert_rowid()
2025-10-13T15:56:20.875+09:00 DEBUG 10272 --- [Shift Scheduler Demo] [           main] org.hibernate.SQL                        : insert into shift_assignments (employee_id,end_time,shift_name,start_time,work_date) values (?,?,?,?,?)
Hibernate: insert into shift_assignments (employee_id,end_time,shift_name,start_time,work_date) values (?,?,?,?,?)
2025-10-13T15:56:20.876+09:00 DEBUG 10272 --- [Shift Scheduler Demo] [           main] org.hibernate.SQL                        : select last_insert_rowid()
Hibernate: select last_insert_rowid()
2025-10-13T15:56:20.876+09:00 DEBUG 10272 --- [Shift Scheduler Demo] [           main] org.hibernate.SQL                        : insert into shift_assignments (employee_id,end_time,shift_name,start_time,work_date) values (?,?,?,?,?)
Hibernate: insert into shift_assignments (employee_id,end_time,shift_name,start_time,work_date) values (?,?,?,?,?)
2025-10-13T15:56:20.876+09:00 DEBUG 10272 --- [Shift Scheduler Demo] [           main] org.hibernate.SQL                        : select last_insert_rowid()
Hibernate: select last_insert_rowid()
2025-10-13T15:56:20.878+09:00 DEBUG 10272 --- [Shift Scheduler Demo] [           main] org.hibernate.SQL                        : insert into shift_assignments (employee_id,end_time,shift_name,start_time,work_date) values (?,?,?,?,?)
Hibernate: insert into shift_assignments (employee_id,end_time,shift_name,start_time,work_date) values (?,?,?,?,?)
2025-10-13T15:56:20.879+09:00 DEBUG 10272 --- [Shift Scheduler Demo] [           main] org.hibernate.SQL                        : select last_insert_rowid()
Hibernate: select last_insert_rowid()
2025-10-13T15:56:20.879+09:00 DEBUG 10272 --- [Shift Scheduler Demo] [           main] org.hibernate.SQL                        : insert into shift_assignments (employee_id,end_time,shift_name,start_time,work_date) values (?,?,?,?,?)
Hibernate: insert into shift_assignments (employee_id,end_time,shift_name,start_time,work_date) values (?,?,?,?,?)
2025-10-13T15:56:20.879+09:00 DEBUG 10272 --- [Shift Scheduler Demo] [           main] org.hibernate.SQL                        : select last_insert_rowid()
Hibernate: select last_insert_rowid()
2025-10-13T15:56:20.879+09:00 DEBUG 10272 --- [Shift Scheduler Demo] [           main] org.hibernate.SQL                        : insert into shift_assignments (employee_id,end_time,shift_name,start_time,work_date) values (?,?,?,?,?)
Hibernate: insert into shift_assignments (employee_id,end_time,shift_name,start_time,work_date) values (?,?,?,?,?)
2025-10-13T15:56:20.879+09:00 DEBUG 10272 --- [Shift Scheduler Demo] [           main] org.hibernate.SQL                        : select last_insert_rowid()
Hibernate: select last_insert_rowid()
2025-10-13T15:56:20.879+09:00 DEBUG 10272 --- [Shift Scheduler Demo] [           main] org.hibernate.SQL                        : insert into shift_assignments (employee_id,end_time,shift_name,start_time,work_date) values (?,?,?,?,?)
Hibernate: insert into shift_assignments (employee_id,end_time,shift_name,start_time,work_date) values (?,?,?,?,?)
2025-10-13T15:56:20.879+09:00 DEBUG 10272 --- [Shift Scheduler Demo] [           main] org.hibernate.SQL                        : select last_insert_rowid()
Hibernate: select last_insert_rowid()
2025-10-13T15:56:20.880+09:00 DEBUG 10272 --- [Shift Scheduler Demo] [           main] org.hibernate.SQL                        : insert into shift_assignments (employee_id,end_time,shift_name,start_time,work_date) values (?,?,?,?,?)
Hibernate: insert into shift_assignments (employee_id,end_time,shift_name,start_time,work_date) values (?,?,?,?,?)
2025-10-13T15:56:20.880+09:00 DEBUG 10272 --- [Shift Scheduler Demo] [           main] org.hibernate.SQL                        : select last_insert_rowid()
Hibernate: select last_insert_rowid()
2025-10-13T15:56:20.880+09:00 DEBUG 10272 --- [Shift Scheduler Demo] [           main] org.hibernate.SQL                        : insert into shift_assignments (employee_id,end_time,shift_name,start_time,work_date) values (?,?,?,?,?)
Hibernate: insert into shift_assignments (employee_id,end_time,shift_name,start_time,work_date) values (?,?,?,?,?)
2025-10-13T15:56:20.880+09:00 DEBUG 10272 --- [Shift Scheduler Demo] [           main] org.hibernate.SQL                        : select last_insert_rowid()
Hibernate: select last_insert_rowid()
2025-10-13T15:56:20.880+09:00 DEBUG 10272 --- [Shift Scheduler Demo] [           main] org.hibernate.SQL                        : insert into shift_assignments (employee_id,end_time,shift_name,start_time,work_date) values (?,?,?,?,?)
Hibernate: insert into shift_assignments (employee_id,end_time,shift_name,start_time,work_date) values (?,?,?,?,?)
2025-10-13T15:56:20.880+09:00 DEBUG 10272 --- [Shift Scheduler Demo] [           main] org.hibernate.SQL                        : select last_insert_rowid()
Hibernate: select last_insert_rowid()
2025-10-13T15:56:20.880+09:00 DEBUG 10272 --- [Shift Scheduler Demo] [           main] org.hibernate.SQL                        : insert into shift_assignments (employee_id,end_time,shift_name,start_time,work_date) values (?,?,?,?,?)
Hibernate: insert into shift_assignments (employee_id,end_time,shift_name,start_time,work_date) values (?,?,?,?,?)
2025-10-13T15:56:20.880+09:00 DEBUG 10272 --- [Shift Scheduler Demo] [           main] org.hibernate.SQL                        : select last_insert_rowid()
Hibernate: select last_insert_rowid()
2025-10-13T15:56:20.881+09:00 DEBUG 10272 --- [Shift Scheduler Demo] [           main] org.hibernate.SQL                        : insert into shift_assignments (employee_id,end_time,shift_name,start_time,work_date) values (?,?,?,?,?)
Hibernate: insert into shift_assignments (employee_id,end_time,shift_name,start_time,work_date) values (?,?,?,?,?)
2025-10-13T15:56:20.881+09:00 DEBUG 10272 --- [Shift Scheduler Demo] [           main] org.hibernate.SQL                        : select last_insert_rowid()
Hibernate: select last_insert_rowid()
2025-10-13T15:56:20.881+09:00 DEBUG 10272 --- [Shift Scheduler Demo] [           main] org.hibernate.SQL                        : insert into shift_assignments (employee_id,end_time,shift_name,start_time,work_date) values (?,?,?,?,?)
Hibernate: insert into shift_assignments (employee_id,end_time,shift_name,start_time,work_date) values (?,?,?,?,?)
2025-10-13T15:56:20.881+09:00 DEBUG 10272 --- [Shift Scheduler Demo] [           main] org.hibernate.SQL                        : select last_insert_rowid()
Hibernate: select last_insert_rowid()
2025-10-13T15:56:20.881+09:00 DEBUG 10272 --- [Shift Scheduler Demo] [           main] org.hibernate.SQL                        : insert into shift_assignments (employee_id,end_time,shift_name,start_time,work_date) values (?,?,?,?,?)
Hibernate: insert into shift_assignments (employee_id,end_time,shift_name,start_time,work_date) values (?,?,?,?,?)
2025-10-13T15:56:20.881+09:00 DEBUG 10272 --- [Shift Scheduler Demo] [           main] org.hibernate.SQL                        : select last_insert_rowid()
Hibernate: select last_insert_rowid()
2025-10-13T15:56:20.881+09:00 DEBUG 10272 --- [Shift Scheduler Demo] [           main] org.hibernate.SQL                        : insert into shift_assignments (employee_id,end_time,shift_name,start_time,work_date) values (?,?,?,?,?)
Hibernate: insert into shift_assignments (employee_id,end_time,shift_name,start_time,work_date) values (?,?,?,?,?)
2025-10-13T15:56:20.881+09:00 DEBUG 10272 --- [Shift Scheduler Demo] [           main] org.hibernate.SQL                        : select last_insert_rowid()
Hibernate: select last_insert_rowid()
2025-10-13T15:56:20.881+09:00 DEBUG 10272 --- [Shift Scheduler Demo] [           main] org.hibernate.SQL                        : insert into shift_assignments (employee_id,end_time,shift_name,start_time,work_date) values (?,?,?,?,?)
Hibernate: insert into shift_assignments (employee_id,end_time,shift_name,start_time,work_date) values (?,?,?,?,?)
2025-10-13T15:56:20.881+09:00 DEBUG 10272 --- [Shift Scheduler Demo] [           main] org.hibernate.SQL                        : select last_insert_rowid()
Hibernate: select last_insert_rowid()
2025-10-13T15:56:20.882+09:00 DEBUG 10272 --- [Shift Scheduler Demo] [           main] org.hibernate.SQL                        : insert into shift_assignments (employee_id,end_time,shift_name,start_time,work_date) values (?,?,?,?,?)
Hibernate: insert into shift_assignments (employee_id,end_time,shift_name,start_time,work_date) values (?,?,?,?,?)
2025-10-13T15:56:20.882+09:00 DEBUG 10272 --- [Shift Scheduler Demo] [           main] org.hibernate.SQL                        : select last_insert_rowid()
Hibernate: select last_insert_rowid()
2025-10-13T15:56:20.882+09:00 DEBUG 10272 --- [Shift Scheduler Demo] [           main] org.hibernate.SQL                        : insert into shift_assignments (employee_id,end_time,shift_name,start_time,work_date) values (?,?,?,?,?)
Hibernate: insert into shift_assignments (employee_id,end_time,shift_name,start_time,work_date) values (?,?,?,?,?)
2025-10-13T15:56:20.882+09:00 DEBUG 10272 --- [Shift Scheduler Demo] [           main] org.hibernate.SQL                        : select last_insert_rowid()
Hibernate: select last_insert_rowid()
2025-10-13T15:56:20.883+09:00 DEBUG 10272 --- [Shift Scheduler Demo] [           main] org.hibernate.SQL                        : insert into shift_assignments (employee_id,end_time,shift_name,start_time,work_date) values (?,?,?,?,?)
Hibernate: insert into shift_assignments (employee_id,end_time,shift_name,start_time,work_date) values (?,?,?,?,?)
2025-10-13T15:56:20.883+09:00 DEBUG 10272 --- [Shift Scheduler Demo] [           main] org.hibernate.SQL                        : select last_insert_rowid()
Hibernate: select last_insert_rowid()
2025-10-13T15:56:20.883+09:00 DEBUG 10272 --- [Shift Scheduler Demo] [           main] org.hibernate.SQL                        : insert into shift_assignments (employee_id,end_time,shift_name,start_time,work_date) values (?,?,?,?,?)
Hibernate: insert into shift_assignments (employee_id,end_time,shift_name,start_time,work_date) values (?,?,?,?,?)
2025-10-13T15:56:20.883+09:00 DEBUG 10272 --- [Shift Scheduler Demo] [           main] org.hibernate.SQL                        : select last_insert_rowid()
Hibernate: select last_insert_rowid()
2025-10-13T15:56:20.883+09:00 DEBUG 10272 --- [Shift Scheduler Demo] [           main] org.hibernate.SQL                        : insert into shift_assignments (employee_id,end_time,shift_name,start_time,work_date) values (?,?,?,?,?)
Hibernate: insert into shift_assignments (employee_id,end_time,shift_name,start_time,work_date) values (?,?,?,?,?)
2025-10-13T15:56:20.883+09:00 DEBUG 10272 --- [Shift Scheduler Demo] [           main] org.hibernate.SQL                        : select last_insert_rowid()
Hibernate: select last_insert_rowid()
2025-10-13T15:56:20.884+09:00 DEBUG 10272 --- [Shift Scheduler Demo] [           main] org.hibernate.SQL                        : insert into shift_assignments (employee_id,end_time,shift_name,start_time,work_date) values (?,?,?,?,?)
Hibernate: insert into shift_assignments (employee_id,end_time,shift_name,start_time,work_date) values (?,?,?,?,?)
2025-10-13T15:56:20.884+09:00 DEBUG 10272 --- [Shift Scheduler Demo] [           main] org.hibernate.SQL                        : select last_insert_rowid()
Hibernate: select last_insert_rowid()
2025-10-13T15:56:20.884+09:00 DEBUG 10272 --- [Shift Scheduler Demo] [           main] org.hibernate.SQL                        : insert into shift_assignments (employee_id,end_time,shift_name,start_time,work_date) values (?,?,?,?,?)
Hibernate: insert into shift_assignments (employee_id,end_time,shift_name,start_time,work_date) values (?,?,?,?,?)
2025-10-13T15:56:20.884+09:00 DEBUG 10272 --- [Shift Scheduler Demo] [           main] org.hibernate.SQL                        : select last_insert_rowid()
Hibernate: select last_insert_rowid()
2025-10-13T15:56:20.884+09:00 DEBUG 10272 --- [Shift Scheduler Demo] [           main] org.hibernate.SQL                        : insert into shift_assignments (employee_id,end_time,shift_name,start_time,work_date) values (?,?,?,?,?)
Hibernate: insert into shift_assignments (employee_id,end_time,shift_name,start_time,work_date) values (?,?,?,?,?)
2025-10-13T15:56:20.884+09:00 DEBUG 10272 --- [Shift Scheduler Demo] [           main] org.hibernate.SQL                        : select last_insert_rowid()
Hibernate: select last_insert_rowid()
2025-10-13T15:56:20.885+09:00 DEBUG 10272 --- [Shift Scheduler Demo] [           main] org.hibernate.SQL                        : insert into shift_assignments (employee_id,end_time,shift_name,start_time,work_date) values (?,?,?,?,?)
Hibernate: insert into shift_assignments (employee_id,end_time,shift_name,start_time,work_date) values (?,?,?,?,?)
2025-10-13T15:56:20.885+09:00 DEBUG 10272 --- [Shift Scheduler Demo] [           main] org.hibernate.SQL                        : select last_insert_rowid()
Hibernate: select last_insert_rowid()
2025-10-13T15:56:20.885+09:00 DEBUG 10272 --- [Shift Scheduler Demo] [           main] org.hibernate.SQL                        : insert into shift_assignments (employee_id,end_time,shift_name,start_time,work_date) values (?,?,?,?,?)
Hibernate: insert into shift_assignments (employee_id,end_time,shift_name,start_time,work_date) values (?,?,?,?,?)
2025-10-13T15:56:20.885+09:00 DEBUG 10272 --- [Shift Scheduler Demo] [           main] org.hibernate.SQL                        : select last_insert_rowid()
Hibernate: select last_insert_rowid()
2025-10-13T15:56:20.885+09:00 DEBUG 10272 --- [Shift Scheduler Demo] [           main] org.hibernate.SQL                        : insert into shift_assignments (employee_id,end_time,shift_name,start_time,work_date) values (?,?,?,?,?)
Hibernate: insert into shift_assignments (employee_id,end_time,shift_name,start_time,work_date) values (?,?,?,?,?)
2025-10-13T15:56:20.886+09:00 DEBUG 10272 --- [Shift Scheduler Demo] [           main] org.hibernate.SQL                        : select last_insert_rowid()
Hibernate: select last_insert_rowid()
2025-10-13T15:56:20.886+09:00 DEBUG 10272 --- [Shift Scheduler Demo] [           main] org.hibernate.SQL                        : insert into shift_assignments (employee_id,end_time,shift_name,start_time,work_date) values (?,?,?,?,?)
Hibernate: insert into shift_assignments (employee_id,end_time,shift_name,start_time,work_date) values (?,?,?,?,?)
2025-10-13T15:56:20.886+09:00 DEBUG 10272 --- [Shift Scheduler Demo] [           main] org.hibernate.SQL                        : select last_insert_rowid()
Hibernate: select last_insert_rowid()
2025-10-13T15:56:20.886+09:00 DEBUG 10272 --- [Shift Scheduler Demo] [           main] org.hibernate.SQL                        : insert into shift_assignments (employee_id,end_time,shift_name,start_time,work_date) values (?,?,?,?,?)
Hibernate: insert into shift_assignments (employee_id,end_time,shift_name,start_time,work_date) values (?,?,?,?,?)
2025-10-13T15:56:20.886+09:00 DEBUG 10272 --- [Shift Scheduler Demo] [           main] org.hibernate.SQL                        : select last_insert_rowid()
Hibernate: select last_insert_rowid()
2025-10-13T15:56:20.887+09:00 DEBUG 10272 --- [Shift Scheduler Demo] [           main] org.hibernate.SQL                        : insert into shift_assignments (employee_id,end_time,shift_name,start_time,work_date) values (?,?,?,?,?)
Hibernate: insert into shift_assignments (employee_id,end_time,shift_name,start_time,work_date) values (?,?,?,?,?)
2025-10-13T15:56:20.887+09:00 DEBUG 10272 --- [Shift Scheduler Demo] [           main] org.hibernate.SQL                        : select last_insert_rowid()
Hibernate: select last_insert_rowid()
2025-10-13T15:56:20.887+09:00 DEBUG 10272 --- [Shift Scheduler Demo] [           main] org.hibernate.SQL                        : insert into shift_assignments (employee_id,end_time,shift_name,start_time,work_date) values (?,?,?,?,?)
Hibernate: insert into shift_assignments (employee_id,end_time,shift_name,start_time,work_date) values (?,?,?,?,?)
2025-10-13T15:56:20.887+09:00 DEBUG 10272 --- [Shift Scheduler Demo] [           main] org.hibernate.SQL                        : select last_insert_rowid()
Hibernate: select last_insert_rowid()
2025-10-13T15:56:20.887+09:00 DEBUG 10272 --- [Shift Scheduler Demo] [           main] org.hibernate.SQL                        : insert into shift_assignments (employee_id,end_time,shift_name,start_time,work_date) values (?,?,?,?,?)
Hibernate: insert into shift_assignments (employee_id,end_time,shift_name,start_time,work_date) values (?,?,?,?,?)
2025-10-13T15:56:20.887+09:00 DEBUG 10272 --- [Shift Scheduler Demo] [           main] org.hibernate.SQL                        : select last_insert_rowid()
Hibernate: select last_insert_rowid()
2025-10-13T15:56:20.888+09:00 DEBUG 10272 --- [Shift Scheduler Demo] [           main] org.hibernate.SQL                        : insert into shift_assignments (employee_id,end_time,shift_name,start_time,work_date) values (?,?,?,?,?)
Hibernate: insert into shift_assignments (employee_id,end_time,shift_name,start_time,work_date) values (?,?,?,?,?)
2025-10-13T15:56:20.888+09:00 DEBUG 10272 --- [Shift Scheduler Demo] [           main] org.hibernate.SQL                        : select last_insert_rowid()
Hibernate: select last_insert_rowid()
2025-10-13T15:56:20.888+09:00 DEBUG 10272 --- [Shift Scheduler Demo] [           main] org.hibernate.SQL                        : insert into shift_assignments (employee_id,end_time,shift_name,start_time,work_date) values (?,?,?,?,?)
Hibernate: insert into shift_assignments (employee_id,end_time,shift_name,start_time,work_date) values (?,?,?,?,?)
2025-10-13T15:56:20.888+09:00 DEBUG 10272 --- [Shift Scheduler Demo] [           main] org.hibernate.SQL                        : select last_insert_rowid()
Hibernate: select last_insert_rowid()
2025-10-13T15:56:20.888+09:00 DEBUG 10272 --- [Shift Scheduler Demo] [           main] org.hibernate.SQL                        : insert into shift_assignments (employee_id,end_time,shift_name,start_time,work_date) values (?,?,?,?,?)
Hibernate: insert into shift_assignments (employee_id,end_time,shift_name,start_time,work_date) values (?,?,?,?,?)
2025-10-13T15:56:20.888+09:00 DEBUG 10272 --- [Shift Scheduler Demo] [           main] org.hibernate.SQL                        : select last_insert_rowid()
Hibernate: select last_insert_rowid()
2025-10-13T15:56:20.889+09:00 DEBUG 10272 --- [Shift Scheduler Demo] [           main] org.hibernate.SQL                        : insert into shift_assignments (employee_id,end_time,shift_name,start_time,work_date) values (?,?,?,?,?)
Hibernate: insert into shift_assignments (employee_id,end_time,shift_name,start_time,work_date) values (?,?,?,?,?)
2025-10-13T15:56:20.889+09:00 DEBUG 10272 --- [Shift Scheduler Demo] [           main] org.hibernate.SQL                        : select last_insert_rowid()
Hibernate: select last_insert_rowid()
2025-10-13T15:56:20.889+09:00 DEBUG 10272 --- [Shift Scheduler Demo] [           main] org.hibernate.SQL                        : insert into shift_assignments (employee_id,end_time,shift_name,start_time,work_date) values (?,?,?,?,?)
Hibernate: insert into shift_assignments (employee_id,end_time,shift_name,start_time,work_date) values (?,?,?,?,?)
2025-10-13T15:56:20.889+09:00 DEBUG 10272 --- [Shift Scheduler Demo] [           main] org.hibernate.SQL                        : select last_insert_rowid()
Hibernate: select last_insert_rowid()
2025-10-13T15:56:20.889+09:00 DEBUG 10272 --- [Shift Scheduler Demo] [           main] org.hibernate.SQL                        : insert into shift_assignments (employee_id,end_time,shift_name,start_time,work_date) values (?,?,?,?,?)
Hibernate: insert into shift_assignments (employee_id,end_time,shift_name,start_time,work_date) values (?,?,?,?,?)
2025-10-13T15:56:20.890+09:00 DEBUG 10272 --- [Shift Scheduler Demo] [           main] org.hibernate.SQL                        : select last_insert_rowid()
Hibernate: select last_insert_rowid()
2025-10-13T15:56:20.890+09:00 DEBUG 10272 --- [Shift Scheduler Demo] [           main] org.hibernate.SQL                        : insert into shift_assignments (employee_id,end_time,shift_name,start_time,work_date) values (?,?,?,?,?)
Hibernate: insert into shift_assignments (employee_id,end_time,shift_name,start_time,work_date) values (?,?,?,?,?)
2025-10-13T15:56:20.890+09:00 DEBUG 10272 --- [Shift Scheduler Demo] [           main] org.hibernate.SQL                        : select last_insert_rowid()
Hibernate: select last_insert_rowid()
2025-10-13T15:56:20.890+09:00 DEBUG 10272 --- [Shift Scheduler Demo] [           main] org.hibernate.SQL                        : insert into shift_assignments (employee_id,end_time,shift_name,start_time,work_date) values (?,?,?,?,?)
Hibernate: insert into shift_assignments (employee_id,end_time,shift_name,start_time,work_date) values (?,?,?,?,?)
2025-10-13T15:56:20.891+09:00 DEBUG 10272 --- [Shift Scheduler Demo] [           main] org.hibernate.SQL                        : select last_insert_rowid()
Hibernate: select last_insert_rowid()
2025-10-13T15:56:20.892+09:00 DEBUG 10272 --- [Shift Scheduler Demo] [           main] org.hibernate.SQL                        : insert into shift_assignments (employee_id,end_time,shift_name,start_time,work_date) values (?,?,?,?,?)
Hibernate: insert into shift_assignments (employee_id,end_time,shift_name,start_time,work_date) values (?,?,?,?,?)
2025-10-13T15:56:20.894+09:00 DEBUG 10272 --- [Shift Scheduler Demo] [           main] org.hibernate.SQL                        : select last_insert_rowid()
Hibernate: select last_insert_rowid()
2025-10-13T15:56:20.894+09:00 DEBUG 10272 --- [Shift Scheduler Demo] [           main] org.hibernate.SQL                        : insert into shift_assignments (employee_id,end_time,shift_name,start_time,work_date) values (?,?,?,?,?)
Hibernate: insert into shift_assignments (employee_id,end_time,shift_name,start_time,work_date) values (?,?,?,?,?)
2025-10-13T15:56:20.895+09:00 DEBUG 10272 --- [Shift Scheduler Demo] [           main] org.hibernate.SQL                        : select last_insert_rowid()
Hibernate: select last_insert_rowid()
2025-10-13T15:56:20.895+09:00 DEBUG 10272 --- [Shift Scheduler Demo] [           main] org.hibernate.SQL                        : insert into shift_assignments (employee_id,end_time,shift_name,start_time,work_date) values (?,?,?,?,?)
Hibernate: insert into shift_assignments (employee_id,end_time,shift_name,start_time,work_date) values (?,?,?,?,?)
2025-10-13T15:56:20.895+09:00 DEBUG 10272 --- [Shift Scheduler Demo] [           main] org.hibernate.SQL                        : select last_insert_rowid()
Hibernate: select last_insert_rowid()
2025-10-13T15:56:20.896+09:00 DEBUG 10272 --- [Shift Scheduler Demo] [           main] org.hibernate.SQL                        : insert into shift_assignments (employee_id,end_time,shift_name,start_time,work_date) values (?,?,?,?,?)
Hibernate: insert into shift_assignments (employee_id,end_time,shift_name,start_time,work_date) values (?,?,?,?,?)
2025-10-13T15:56:20.897+09:00 DEBUG 10272 --- [Shift Scheduler Demo] [           main] org.hibernate.SQL                        : select last_insert_rowid()
Hibernate: select last_insert_rowid()
2025-10-13T15:56:20.897+09:00 DEBUG 10272 --- [Shift Scheduler Demo] [           main] org.hibernate.SQL                        : insert into shift_assignments (employee_id,end_time,shift_name,start_time,work_date) values (?,?,?,?,?)
Hibernate: insert into shift_assignments (employee_id,end_time,shift_name,start_time,work_date) values (?,?,?,?,?)
2025-10-13T15:56:20.898+09:00 DEBUG 10272 --- [Shift Scheduler Demo] [           main] org.hibernate.SQL                        : select last_insert_rowid()
Hibernate: select last_insert_rowid()
2025-10-13T15:56:20.899+09:00 DEBUG 10272 --- [Shift Scheduler Demo] [           main] org.hibernate.SQL                        : insert into shift_assignments (employee_id,end_time,shift_name,start_time,work_date) values (?,?,?,?,?)
Hibernate: insert into shift_assignments (employee_id,end_time,shift_name,start_time,work_date) values (?,?,?,?,?)
2025-10-13T15:56:20.899+09:00 DEBUG 10272 --- [Shift Scheduler Demo] [           main] org.hibernate.SQL                        : select last_insert_rowid()
Hibernate: select last_insert_rowid()
2025-10-13T15:56:20.900+09:00 DEBUG 10272 --- [Shift Scheduler Demo] [           main] org.hibernate.SQL                        : insert into shift_assignments (employee_id,end_time,shift_name,start_time,work_date) values (?,?,?,?,?)
Hibernate: insert into shift_assignments (employee_id,end_time,shift_name,start_time,work_date) values (?,?,?,?,?)
2025-10-13T15:56:20.900+09:00 DEBUG 10272 --- [Shift Scheduler Demo] [           main] org.hibernate.SQL                        : select last_insert_rowid()
Hibernate: select last_insert_rowid()
2025-10-13T15:56:20.906+09:00 DEBUG 10272 --- [Shift Scheduler Demo] [           main] org.hibernate.SQL                        : insert into shift_assignments (employee_id,end_time,shift_name,start_time,work_date) values (?,?,?,?,?)
Hibernate: insert into shift_assignments (employee_id,end_time,shift_name,start_time,work_date) values (?,?,?,?,?)
2025-10-13T15:56:20.907+09:00 DEBUG 10272 --- [Shift Scheduler Demo] [           main] org.hibernate.SQL                        : select last_insert_rowid()
Hibernate: select last_insert_rowid()
2025-10-13T15:56:20.908+09:00 DEBUG 10272 --- [Shift Scheduler Demo] [           main] org.hibernate.SQL                        : insert into shift_assignments (employee_id,end_time,shift_name,start_time,work_date) values (?,?,?,?,?)
Hibernate: insert into shift_assignments (employee_id,end_time,shift_name,start_time,work_date) values (?,?,?,?,?)
2025-10-13T15:56:20.908+09:00 DEBUG 10272 --- [Shift Scheduler Demo] [           main] org.hibernate.SQL                        : select last_insert_rowid()
Hibernate: select last_insert_rowid()
2025-10-13T15:56:20.908+09:00 DEBUG 10272 --- [Shift Scheduler Demo] [           main] org.hibernate.SQL                        : insert into shift_assignments (employee_id,end_time,shift_name,start_time,work_date) values (?,?,?,?,?)
Hibernate: insert into shift_assignments (employee_id,end_time,shift_name,start_time,work_date) values (?,?,?,?,?)
2025-10-13T15:56:20.909+09:00 DEBUG 10272 --- [Shift Scheduler Demo] [           main] org.hibernate.SQL                        : select last_insert_rowid()
Hibernate: select last_insert_rowid()
2025-10-13T15:56:20.909+09:00 DEBUG 10272 --- [Shift Scheduler Demo] [           main] org.hibernate.SQL                        : insert into shift_assignments (employee_id,end_time,shift_name,start_time,work_date) values (?,?,?,?,?)
Hibernate: insert into shift_assignments (employee_id,end_time,shift_name,start_time,work_date) values (?,?,?,?,?)
2025-10-13T15:56:20.909+09:00 DEBUG 10272 --- [Shift Scheduler Demo] [           main] org.hibernate.SQL                        : select last_insert_rowid()
Hibernate: select last_insert_rowid()
2025-10-13T15:56:20.909+09:00 DEBUG 10272 --- [Shift Scheduler Demo] [           main] org.hibernate.SQL                        : insert into shift_assignments (employee_id,end_time,shift_name,start_time,work_date) values (?,?,?,?,?)
Hibernate: insert into shift_assignments (employee_id,end_time,shift_name,start_time,work_date) values (?,?,?,?,?)
2025-10-13T15:56:20.909+09:00 DEBUG 10272 --- [Shift Scheduler Demo] [           main] org.hibernate.SQL                        : select last_insert_rowid()
Hibernate: select last_insert_rowid()
2025-10-13T15:56:20.909+09:00 DEBUG 10272 --- [Shift Scheduler Demo] [           main] org.hibernate.SQL                        : insert into shift_assignments (employee_id,end_time,shift_name,start_time,work_date) values (?,?,?,?,?)
Hibernate: insert into shift_assignments (employee_id,end_time,shift_name,start_time,work_date) values (?,?,?,?,?)
2025-10-13T15:56:20.909+09:00 DEBUG 10272 --- [Shift Scheduler Demo] [           main] org.hibernate.SQL                        : select last_insert_rowid()
Hibernate: select last_insert_rowid()
2025-10-13T15:56:20.911+09:00 DEBUG 10272 --- [Shift Scheduler Demo] [           main] org.hibernate.SQL                        : insert into shift_assignments (employee_id,end_time,shift_name,start_time,work_date) values (?,?,?,?,?)
Hibernate: insert into shift_assignments (employee_id,end_time,shift_name,start_time,work_date) values (?,?,?,?,?)
2025-10-13T15:56:20.911+09:00 DEBUG 10272 --- [Shift Scheduler Demo] [           main] org.hibernate.SQL                        : select last_insert_rowid()
Hibernate: select last_insert_rowid()
2025-10-13T15:56:20.912+09:00 DEBUG 10272 --- [Shift Scheduler Demo] [           main] org.hibernate.SQL                        : insert into shift_assignments (employee_id,end_time,shift_name,start_time,work_date) values (?,?,?,?,?)
Hibernate: insert into shift_assignments (employee_id,end_time,shift_name,start_time,work_date) values (?,?,?,?,?)
2025-10-13T15:56:20.912+09:00 DEBUG 10272 --- [Shift Scheduler Demo] [           main] org.hibernate.SQL                        : select last_insert_rowid()
Hibernate: select last_insert_rowid()
2025-10-13T15:56:20.913+09:00 DEBUG 10272 --- [Shift Scheduler Demo] [           main] org.hibernate.SQL                        : insert into shift_assignments (employee_id,end_time,shift_name,start_time,work_date) values (?,?,?,?,?)
Hibernate: insert into shift_assignments (employee_id,end_time,shift_name,start_time,work_date) values (?,?,?,?,?)
2025-10-13T15:56:20.914+09:00 DEBUG 10272 --- [Shift Scheduler Demo] [           main] org.hibernate.SQL                        : select last_insert_rowid()
Hibernate: select last_insert_rowid()
2025-10-13T15:56:20.914+09:00 DEBUG 10272 --- [Shift Scheduler Demo] [           main] org.hibernate.SQL                        : insert into shift_assignments (employee_id,end_time,shift_name,start_time,work_date) values (?,?,?,?,?)
Hibernate: insert into shift_assignments (employee_id,end_time,shift_name,start_time,work_date) values (?,?,?,?,?)
2025-10-13T15:56:20.914+09:00 DEBUG 10272 --- [Shift Scheduler Demo] [           main] org.hibernate.SQL                        : select last_insert_rowid()
Hibernate: select last_insert_rowid()
2025-10-13T15:56:20.914+09:00 DEBUG 10272 --- [Shift Scheduler Demo] [           main] org.hibernate.SQL                        : insert into shift_assignments (employee_id,end_time,shift_name,start_time,work_date) values (?,?,?,?,?)
Hibernate: insert into shift_assignments (employee_id,end_time,shift_name,start_time,work_date) values (?,?,?,?,?)
2025-10-13T15:56:20.915+09:00 DEBUG 10272 --- [Shift Scheduler Demo] [           main] org.hibernate.SQL                        : select last_insert_rowid()
Hibernate: select last_insert_rowid()
2025-10-13T15:56:20.915+09:00 DEBUG 10272 --- [Shift Scheduler Demo] [           main] org.hibernate.SQL                        : insert into shift_assignments (employee_id,end_time,shift_name,start_time,work_date) values (?,?,?,?,?)
Hibernate: insert into shift_assignments (employee_id,end_time,shift_name,start_time,work_date) values (?,?,?,?,?)
2025-10-13T15:56:20.915+09:00 DEBUG 10272 --- [Shift Scheduler Demo] [           main] org.hibernate.SQL                        : select last_insert_rowid()
Hibernate: select last_insert_rowid()
2025-10-13T15:56:20.916+09:00 DEBUG 10272 --- [Shift Scheduler Demo] [           main] org.hibernate.SQL                        : insert into shift_assignments (employee_id,end_time,shift_name,start_time,work_date) values (?,?,?,?,?)
Hibernate: insert into shift_assignments (employee_id,end_time,shift_name,start_time,work_date) values (?,?,?,?,?)
2025-10-13T15:56:20.916+09:00 DEBUG 10272 --- [Shift Scheduler Demo] [           main] org.hibernate.SQL                        : select last_insert_rowid()
Hibernate: select last_insert_rowid()
2025-10-13T15:56:20.917+09:00 DEBUG 10272 --- [Shift Scheduler Demo] [           main] org.hibernate.SQL                        : insert into shift_assignments (employee_id,end_time,shift_name,start_time,work_date) values (?,?,?,?,?)
Hibernate: insert into shift_assignments (employee_id,end_time,shift_name,start_time,work_date) values (?,?,?,?,?)
2025-10-13T15:56:20.918+09:00 DEBUG 10272 --- [Shift Scheduler Demo] [           main] org.hibernate.SQL                        : select last_insert_rowid()
Hibernate: select last_insert_rowid()
2025-10-13T15:56:20.918+09:00 DEBUG 10272 --- [Shift Scheduler Demo] [           main] org.hibernate.SQL                        : insert into shift_assignments (employee_id,end_time,shift_name,start_time,work_date) values (?,?,?,?,?)
Hibernate: insert into shift_assignments (employee_id,end_time,shift_name,start_time,work_date) values (?,?,?,?,?)
2025-10-13T15:56:20.918+09:00 DEBUG 10272 --- [Shift Scheduler Demo] [           main] org.hibernate.SQL                        : select last_insert_rowid()
Hibernate: select last_insert_rowid()
2025-10-13T15:56:20.919+09:00 DEBUG 10272 --- [Shift Scheduler Demo] [           main] org.hibernate.SQL                        : insert into shift_assignments (employee_id,end_time,shift_name,start_time,work_date) values (?,?,?,?,?)
Hibernate: insert into shift_assignments (employee_id,end_time,shift_name,start_time,work_date) values (?,?,?,?,?)
2025-10-13T15:56:20.919+09:00 DEBUG 10272 --- [Shift Scheduler Demo] [           main] org.hibernate.SQL                        : select last_insert_rowid()
Hibernate: select last_insert_rowid()
2025-10-13T15:56:20.920+09:00 DEBUG 10272 --- [Shift Scheduler Demo] [           main] org.hibernate.SQL                        : insert into shift_assignments (employee_id,end_time,shift_name,start_time,work_date) values (?,?,?,?,?)
Hibernate: insert into shift_assignments (employee_id,end_time,shift_name,start_time,work_date) values (?,?,?,?,?)
2025-10-13T15:56:20.920+09:00 DEBUG 10272 --- [Shift Scheduler Demo] [           main] org.hibernate.SQL                        : select last_insert_rowid()
Hibernate: select last_insert_rowid()
2025-10-13T15:56:20.920+09:00 DEBUG 10272 --- [Shift Scheduler Demo] [           main] org.hibernate.SQL                        : insert into shift_assignments (employee_id,end_time,shift_name,start_time,work_date) values (?,?,?,?,?)
Hibernate: insert into shift_assignments (employee_id,end_time,shift_name,start_time,work_date) values (?,?,?,?,?)
2025-10-13T15:56:20.921+09:00 DEBUG 10272 --- [Shift Scheduler Demo] [           main] org.hibernate.SQL                        : select last_insert_rowid()
Hibernate: select last_insert_rowid()
2025-10-13T15:56:20.921+09:00 DEBUG 10272 --- [Shift Scheduler Demo] [           main] org.hibernate.SQL                        : insert into shift_assignments (employee_id,end_time,shift_name,start_time,work_date) values (?,?,?,?,?)
Hibernate: insert into shift_assignments (employee_id,end_time,shift_name,start_time,work_date) values (?,?,?,?,?)
2025-10-13T15:56:20.921+09:00 DEBUG 10272 --- [Shift Scheduler Demo] [           main] org.hibernate.SQL                        : select last_insert_rowid()
Hibernate: select last_insert_rowid()
2025-10-13T15:56:20.922+09:00 DEBUG 10272 --- [Shift Scheduler Demo] [           main] org.hibernate.SQL                        : insert into shift_assignments (employee_id,end_time,shift_name,start_time,work_date) values (?,?,?,?,?)
Hibernate: insert into shift_assignments (employee_id,end_time,shift_name,start_time,work_date) values (?,?,?,?,?)
2025-10-13T15:56:20.922+09:00 DEBUG 10272 --- [Shift Scheduler Demo] [           main] org.hibernate.SQL                        : select last_insert_rowid()
Hibernate: select last_insert_rowid()
2025-10-13T15:56:20.922+09:00 DEBUG 10272 --- [Shift Scheduler Demo] [           main] org.hibernate.SQL                        : insert into shift_assignments (employee_id,end_time,shift_name,start_time,work_date) values (?,?,?,?,?)
Hibernate: insert into shift_assignments (employee_id,end_time,shift_name,start_time,work_date) values (?,?,?,?,?)
2025-10-13T15:56:20.922+09:00 DEBUG 10272 --- [Shift Scheduler Demo] [           main] org.hibernate.SQL                        : select last_insert_rowid()
Hibernate: select last_insert_rowid()
2025-10-13T15:56:20.922+09:00 DEBUG 10272 --- [Shift Scheduler Demo] [           main] org.hibernate.SQL                        : insert into shift_assignments (employee_id,end_time,shift_name,start_time,work_date) values (?,?,?,?,?)
Hibernate: insert into shift_assignments (employee_id,end_time,shift_name,start_time,work_date) values (?,?,?,?,?)
2025-10-13T15:56:20.923+09:00 DEBUG 10272 --- [Shift Scheduler Demo] [           main] org.hibernate.SQL                        : select last_insert_rowid()
Hibernate: select last_insert_rowid()
2025-10-13T15:56:20.923+09:00 DEBUG 10272 --- [Shift Scheduler Demo] [           main] org.hibernate.SQL                        : insert into shift_assignments (employee_id,end_time,shift_name,start_time,work_date) values (?,?,?,?,?)
Hibernate: insert into shift_assignments (employee_id,end_time,shift_name,start_time,work_date) values (?,?,?,?,?)
2025-10-13T15:56:20.923+09:00 DEBUG 10272 --- [Shift Scheduler Demo] [           main] org.hibernate.SQL                        : select last_insert_rowid()
Hibernate: select last_insert_rowid()
2025-10-13T15:56:20.924+09:00 DEBUG 10272 --- [Shift Scheduler Demo] [           main] org.hibernate.SQL                        : insert into shift_assignments (employee_id,end_time,shift_name,start_time,work_date) values (?,?,?,?,?)
Hibernate: insert into shift_assignments (employee_id,end_time,shift_name,start_time,work_date) values (?,?,?,?,?)
2025-10-13T15:56:20.924+09:00 DEBUG 10272 --- [Shift Scheduler Demo] [           main] org.hibernate.SQL                        : select last_insert_rowid()
Hibernate: select last_insert_rowid()
2025-10-13T15:56:20.924+09:00 DEBUG 10272 --- [Shift Scheduler Demo] [           main] org.hibernate.SQL                        : insert into shift_assignments (employee_id,end_time,shift_name,start_time,work_date) values (?,?,?,?,?)
Hibernate: insert into shift_assignments (employee_id,end_time,shift_name,start_time,work_date) values (?,?,?,?,?)
2025-10-13T15:56:20.924+09:00 DEBUG 10272 --- [Shift Scheduler Demo] [           main] org.hibernate.SQL                        : select last_insert_rowid()
Hibernate: select last_insert_rowid()
2025-10-13T15:56:20.925+09:00 DEBUG 10272 --- [Shift Scheduler Demo] [           main] org.hibernate.SQL                        : insert into shift_assignments (employee_id,end_time,shift_name,start_time,work_date) values (?,?,?,?,?)
Hibernate: insert into shift_assignments (employee_id,end_time,shift_name,start_time,work_date) values (?,?,?,?,?)
2025-10-13T15:56:20.925+09:00 DEBUG 10272 --- [Shift Scheduler Demo] [           main] org.hibernate.SQL                        : select last_insert_rowid()
Hibernate: select last_insert_rowid()
2025-10-13T15:56:20.925+09:00 DEBUG 10272 --- [Shift Scheduler Demo] [           main] org.hibernate.SQL                        : insert into shift_assignments (employee_id,end_time,shift_name,start_time,work_date) values (?,?,?,?,?)
Hibernate: insert into shift_assignments (employee_id,end_time,shift_name,start_time,work_date) values (?,?,?,?,?)
2025-10-13T15:56:20.925+09:00 DEBUG 10272 --- [Shift Scheduler Demo] [           main] org.hibernate.SQL                        : select last_insert_rowid()
Hibernate: select last_insert_rowid()
2025-10-13T15:56:20.925+09:00 DEBUG 10272 --- [Shift Scheduler Demo] [           main] org.hibernate.SQL                        : insert into shift_assignments (employee_id,end_time,shift_name,start_time,work_date) values (?,?,?,?,?)
Hibernate: insert into shift_assignments (employee_id,end_time,shift_name,start_time,work_date) values (?,?,?,?,?)
2025-10-13T15:56:20.925+09:00 DEBUG 10272 --- [Shift Scheduler Demo] [           main] org.hibernate.SQL                        : select last_insert_rowid()
Hibernate: select last_insert_rowid()
2025-10-13T15:56:20.926+09:00 DEBUG 10272 --- [Shift Scheduler Demo] [           main] org.hibernate.SQL                        : insert into shift_assignments (employee_id,end_time,shift_name,start_time,work_date) values (?,?,?,?,?)
Hibernate: insert into shift_assignments (employee_id,end_time,shift_name,start_time,work_date) values (?,?,?,?,?)
2025-10-13T15:56:20.926+09:00 DEBUG 10272 --- [Shift Scheduler Demo] [           main] org.hibernate.SQL                        : select last_insert_rowid()
Hibernate: select last_insert_rowid()
2025-10-13T15:56:20.926+09:00 DEBUG 10272 --- [Shift Scheduler Demo] [           main] org.hibernate.SQL                        : insert into shift_assignments (employee_id,end_time,shift_name,start_time,work_date) values (?,?,?,?,?)
Hibernate: insert into shift_assignments (employee_id,end_time,shift_name,start_time,work_date) values (?,?,?,?,?)
2025-10-13T15:56:20.928+09:00 DEBUG 10272 --- [Shift Scheduler Demo] [           main] org.hibernate.SQL                        : select last_insert_rowid()
Hibernate: select last_insert_rowid()
2025-10-13T15:56:20.928+09:00 DEBUG 10272 --- [Shift Scheduler Demo] [           main] org.hibernate.SQL                        : insert into shift_assignments (employee_id,end_time,shift_name,start_time,work_date) values (?,?,?,?,?)
Hibernate: insert into shift_assignments (employee_id,end_time,shift_name,start_time,work_date) values (?,?,?,?,?)
2025-10-13T15:56:20.928+09:00 DEBUG 10272 --- [Shift Scheduler Demo] [           main] org.hibernate.SQL                        : select last_insert_rowid()
Hibernate: select last_insert_rowid()
2025-10-13T15:56:20.929+09:00 DEBUG 10272 --- [Shift Scheduler Demo] [           main] org.hibernate.SQL                        : insert into shift_assignments (employee_id,end_time,shift_name,start_time,work_date) values (?,?,?,?,?)
Hibernate: insert into shift_assignments (employee_id,end_time,shift_name,start_time,work_date) values (?,?,?,?,?)
2025-10-13T15:56:20.929+09:00 DEBUG 10272 --- [Shift Scheduler Demo] [           main] org.hibernate.SQL                        : select last_insert_rowid()
Hibernate: select last_insert_rowid()
2025-10-13T15:56:20.930+09:00 DEBUG 10272 --- [Shift Scheduler Demo] [           main] org.hibernate.SQL                        : insert into shift_assignments (employee_id,end_time,shift_name,start_time,work_date) values (?,?,?,?,?)
Hibernate: insert into shift_assignments (employee_id,end_time,shift_name,start_time,work_date) values (?,?,?,?,?)
2025-10-13T15:56:20.930+09:00 DEBUG 10272 --- [Shift Scheduler Demo] [           main] org.hibernate.SQL                        : select last_insert_rowid()
Hibernate: select last_insert_rowid()
2025-10-13T15:56:20.930+09:00 DEBUG 10272 --- [Shift Scheduler Demo] [           main] org.hibernate.SQL                        : insert into shift_assignments (employee_id,end_time,shift_name,start_time,work_date) values (?,?,?,?,?)
Hibernate: insert into shift_assignments (employee_id,end_time,shift_name,start_time,work_date) values (?,?,?,?,?)
2025-10-13T15:56:20.930+09:00 DEBUG 10272 --- [Shift Scheduler Demo] [           main] org.hibernate.SQL                        : select last_insert_rowid()
Hibernate: select last_insert_rowid()
2025-10-13T15:56:20.930+09:00 DEBUG 10272 --- [Shift Scheduler Demo] [           main] org.hibernate.SQL                        : insert into shift_assignments (employee_id,end_time,shift_name,start_time,work_date) values (?,?,?,?,?)
Hibernate: insert into shift_assignments (employee_id,end_time,shift_name,start_time,work_date) values (?,?,?,?,?)
2025-10-13T15:56:20.930+09:00 DEBUG 10272 --- [Shift Scheduler Demo] [           main] org.hibernate.SQL                        : select last_insert_rowid()
Hibernate: select last_insert_rowid()
2025-10-13T15:56:20.930+09:00 DEBUG 10272 --- [Shift Scheduler Demo] [           main] org.hibernate.SQL                        : insert into shift_assignments (employee_id,end_time,shift_name,start_time,work_date) values (?,?,?,?,?)
Hibernate: insert into shift_assignments (employee_id,end_time,shift_name,start_time,work_date) values (?,?,?,?,?)
2025-10-13T15:56:20.930+09:00 DEBUG 10272 --- [Shift Scheduler Demo] [           main] org.hibernate.SQL                        : select last_insert_rowid()
Hibernate: select last_insert_rowid()
2025-10-13T15:56:20.930+09:00 DEBUG 10272 --- [Shift Scheduler Demo] [           main] org.hibernate.SQL                        : insert into shift_assignments (employee_id,end_time,shift_name,start_time,work_date) values (?,?,?,?,?)
Hibernate: insert into shift_assignments (employee_id,end_time,shift_name,start_time,work_date) values (?,?,?,?,?)
2025-10-13T15:56:20.931+09:00 DEBUG 10272 --- [Shift Scheduler Demo] [           main] org.hibernate.SQL                        : select last_insert_rowid()
Hibernate: select last_insert_rowid()
2025-10-13T15:56:20.931+09:00 DEBUG 10272 --- [Shift Scheduler Demo] [           main] org.hibernate.SQL                        : insert into shift_assignments (employee_id,end_time,shift_name,start_time,work_date) values (?,?,?,?,?)
Hibernate: insert into shift_assignments (employee_id,end_time,shift_name,start_time,work_date) values (?,?,?,?,?)
2025-10-13T15:56:20.931+09:00 DEBUG 10272 --- [Shift Scheduler Demo] [           main] org.hibernate.SQL                        : select last_insert_rowid()
Hibernate: select last_insert_rowid()
2025-10-13T15:56:20.931+09:00 DEBUG 10272 --- [Shift Scheduler Demo] [           main] org.hibernate.SQL                        : insert into shift_assignments (employee_id,end_time,shift_name,start_time,work_date) values (?,?,?,?,?)
Hibernate: insert into shift_assignments (employee_id,end_time,shift_name,start_time,work_date) values (?,?,?,?,?)
2025-10-13T15:56:20.931+09:00 DEBUG 10272 --- [Shift Scheduler Demo] [           main] org.hibernate.SQL                        : select last_insert_rowid()
Hibernate: select last_insert_rowid()
2025-10-13T15:56:20.931+09:00 DEBUG 10272 --- [Shift Scheduler Demo] [           main] org.hibernate.SQL                        : insert into shift_assignments (employee_id,end_time,shift_name,start_time,work_date) values (?,?,?,?,?)
Hibernate: insert into shift_assignments (employee_id,end_time,shift_name,start_time,work_date) values (?,?,?,?,?)
2025-10-13T15:56:20.932+09:00 DEBUG 10272 --- [Shift Scheduler Demo] [           main] org.hibernate.SQL                        : select last_insert_rowid()
Hibernate: select last_insert_rowid()
2025-10-13T15:56:20.932+09:00 DEBUG 10272 --- [Shift Scheduler Demo] [           main] org.hibernate.SQL                        : insert into shift_assignments (employee_id,end_time,shift_name,start_time,work_date) values (?,?,?,?,?)
Hibernate: insert into shift_assignments (employee_id,end_time,shift_name,start_time,work_date) values (?,?,?,?,?)
2025-10-13T15:56:20.932+09:00 DEBUG 10272 --- [Shift Scheduler Demo] [           main] org.hibernate.SQL                        : select last_insert_rowid()
Hibernate: select last_insert_rowid()
2025-10-13T15:56:20.932+09:00 DEBUG 10272 --- [Shift Scheduler Demo] [           main] org.hibernate.SQL                        : insert into shift_assignments (employee_id,end_time,shift_name,start_time,work_date) values (?,?,?,?,?)
Hibernate: insert into shift_assignments (employee_id,end_time,shift_name,start_time,work_date) values (?,?,?,?,?)
2025-10-13T15:56:20.932+09:00 DEBUG 10272 --- [Shift Scheduler Demo] [           main] org.hibernate.SQL                        : select last_insert_rowid()
Hibernate: select last_insert_rowid()
2025-10-13T15:56:20.932+09:00 DEBUG 10272 --- [Shift Scheduler Demo] [           main] org.hibernate.SQL                        : insert into shift_assignments (employee_id,end_time,shift_name,start_time,work_date) values (?,?,?,?,?)
Hibernate: insert into shift_assignments (employee_id,end_time,shift_name,start_time,work_date) values (?,?,?,?,?)
2025-10-13T15:56:20.933+09:00 DEBUG 10272 --- [Shift Scheduler Demo] [           main] org.hibernate.SQL                        : select last_insert_rowid()
Hibernate: select last_insert_rowid()
2025-10-13T15:56:20.933+09:00 DEBUG 10272 --- [Shift Scheduler Demo] [           main] org.hibernate.SQL                        : insert into shift_assignments (employee_id,end_time,shift_name,start_time,work_date) values (?,?,?,?,?)
Hibernate: insert into shift_assignments (employee_id,end_time,shift_name,start_time,work_date) values (?,?,?,?,?)
2025-10-13T15:56:20.933+09:00 DEBUG 10272 --- [Shift Scheduler Demo] [           main] org.hibernate.SQL                        : select last_insert_rowid()
Hibernate: select last_insert_rowid()
2025-10-13T15:56:20.933+09:00 DEBUG 10272 --- [Shift Scheduler Demo] [           main] org.hibernate.SQL                        : insert into shift_assignments (employee_id,end_time,shift_name,start_time,work_date) values (?,?,?,?,?)
Hibernate: insert into shift_assignments (employee_id,end_time,shift_name,start_time,work_date) values (?,?,?,?,?)
2025-10-13T15:56:20.933+09:00 DEBUG 10272 --- [Shift Scheduler Demo] [           main] org.hibernate.SQL                        : select last_insert_rowid()
Hibernate: select last_insert_rowid()
2025-10-13T15:56:20.933+09:00 DEBUG 10272 --- [Shift Scheduler Demo] [           main] org.hibernate.SQL                        : insert into shift_assignments (employee_id,end_time,shift_name,start_time,work_date) values (?,?,?,?,?)
Hibernate: insert into shift_assignments (employee_id,end_time,shift_name,start_time,work_date) values (?,?,?,?,?)
2025-10-13T15:56:20.934+09:00 DEBUG 10272 --- [Shift Scheduler Demo] [           main] org.hibernate.SQL                        : select last_insert_rowid()
Hibernate: select last_insert_rowid()
2025-10-13T15:56:20.934+09:00 DEBUG 10272 --- [Shift Scheduler Demo] [           main] org.hibernate.SQL                        : insert into shift_assignments (employee_id,end_time,shift_name,start_time,work_date) values (?,?,?,?,?)
Hibernate: insert into shift_assignments (employee_id,end_time,shift_name,start_time,work_date) values (?,?,?,?,?)
2025-10-13T15:56:20.934+09:00 DEBUG 10272 --- [Shift Scheduler Demo] [           main] org.hibernate.SQL                        : select last_insert_rowid()
Hibernate: select last_insert_rowid()
2025-10-13T15:56:20.934+09:00 DEBUG 10272 --- [Shift Scheduler Demo] [           main] org.hibernate.SQL                        : insert into shift_assignments (employee_id,end_time,shift_name,start_time,work_date) values (?,?,?,?,?)
Hibernate: insert into shift_assignments (employee_id,end_time,shift_name,start_time,work_date) values (?,?,?,?,?)
2025-10-13T15:56:20.934+09:00 DEBUG 10272 --- [Shift Scheduler Demo] [           main] org.hibernate.SQL                        : select last_insert_rowid()
Hibernate: select last_insert_rowid()
2025-10-13T15:56:20.934+09:00 DEBUG 10272 --- [Shift Scheduler Demo] [           main] org.hibernate.SQL                        : insert into shift_assignments (employee_id,end_time,shift_name,start_time,work_date) values (?,?,?,?,?)
Hibernate: insert into shift_assignments (employee_id,end_time,shift_name,start_time,work_date) values (?,?,?,?,?)
2025-10-13T15:56:20.935+09:00 DEBUG 10272 --- [Shift Scheduler Demo] [           main] org.hibernate.SQL                        : select last_insert_rowid()
Hibernate: select last_insert_rowid()
2025-10-13T15:56:20.935+09:00 DEBUG 10272 --- [Shift Scheduler Demo] [           main] org.hibernate.SQL                        : insert into shift_assignments (employee_id,end_time,shift_name,start_time,work_date) values (?,?,?,?,?)
Hibernate: insert into shift_assignments (employee_id,end_time,shift_name,start_time,work_date) values (?,?,?,?,?)
2025-10-13T15:56:20.935+09:00 DEBUG 10272 --- [Shift Scheduler Demo] [           main] org.hibernate.SQL                        : select last_insert_rowid()
Hibernate: select last_insert_rowid()
2025-10-13T15:56:20.935+09:00 DEBUG 10272 --- [Shift Scheduler Demo] [           main] org.hibernate.SQL                        : insert into shift_assignments (employee_id,end_time,shift_name,start_time,work_date) values (?,?,?,?,?)
Hibernate: insert into shift_assignments (employee_id,end_time,shift_name,start_time,work_date) values (?,?,?,?,?)
2025-10-13T15:56:20.935+09:00 DEBUG 10272 --- [Shift Scheduler Demo] [           main] org.hibernate.SQL                        : select last_insert_rowid()
Hibernate: select last_insert_rowid()
2025-10-13T15:56:20.935+09:00 DEBUG 10272 --- [Shift Scheduler Demo] [           main] org.hibernate.SQL                        : insert into shift_assignments (employee_id,end_time,shift_name,start_time,work_date) values (?,?,?,?,?)
Hibernate: insert into shift_assignments (employee_id,end_time,shift_name,start_time,work_date) values (?,?,?,?,?)
2025-10-13T15:56:20.936+09:00 DEBUG 10272 --- [Shift Scheduler Demo] [           main] org.hibernate.SQL                        : select last_insert_rowid()
Hibernate: select last_insert_rowid()
2025-10-13T15:56:20.936+09:00 DEBUG 10272 --- [Shift Scheduler Demo] [           main] org.hibernate.SQL                        : insert into shift_assignments (employee_id,end_time,shift_name,start_time,work_date) values (?,?,?,?,?)
Hibernate: insert into shift_assignments (employee_id,end_time,shift_name,start_time,work_date) values (?,?,?,?,?)
2025-10-13T15:56:20.936+09:00 DEBUG 10272 --- [Shift Scheduler Demo] [           main] org.hibernate.SQL                        : select last_insert_rowid()
Hibernate: select last_insert_rowid()
2025-10-13T15:56:20.936+09:00 DEBUG 10272 --- [Shift Scheduler Demo] [           main] org.hibernate.SQL                        : insert into shift_assignments (employee_id,end_time,shift_name,start_time,work_date) values (?,?,?,?,?)
Hibernate: insert into shift_assignments (employee_id,end_time,shift_name,start_time,work_date) values (?,?,?,?,?)
2025-10-13T15:56:20.936+09:00 DEBUG 10272 --- [Shift Scheduler Demo] [           main] org.hibernate.SQL                        : select last_insert_rowid()
Hibernate: select last_insert_rowid()
2025-10-13T15:56:20.936+09:00 DEBUG 10272 --- [Shift Scheduler Demo] [           main] org.hibernate.SQL                        : insert into shift_assignments (employee_id,end_time,shift_name,start_time,work_date) values (?,?,?,?,?)
Hibernate: insert into shift_assignments (employee_id,end_time,shift_name,start_time,work_date) values (?,?,?,?,?)
2025-10-13T15:56:20.937+09:00 DEBUG 10272 --- [Shift Scheduler Demo] [           main] org.hibernate.SQL                        : select last_insert_rowid()
Hibernate: select last_insert_rowid()
2025-10-13T15:56:20.937+09:00 DEBUG 10272 --- [Shift Scheduler Demo] [           main] org.hibernate.SQL                        : insert into shift_assignments (employee_id,end_time,shift_name,start_time,work_date) values (?,?,?,?,?)
Hibernate: insert into shift_assignments (employee_id,end_time,shift_name,start_time,work_date) values (?,?,?,?,?)
2025-10-13T15:56:20.937+09:00 DEBUG 10272 --- [Shift Scheduler Demo] [           main] org.hibernate.SQL                        : select last_insert_rowid()
Hibernate: select last_insert_rowid()
2025-10-13T15:56:20.937+09:00 DEBUG 10272 --- [Shift Scheduler Demo] [           main] org.hibernate.SQL                        : insert into shift_assignments (employee_id,end_time,shift_name,start_time,work_date) values (?,?,?,?,?)
Hibernate: insert into shift_assignments (employee_id,end_time,shift_name,start_time,work_date) values (?,?,?,?,?)
2025-10-13T15:56:20.937+09:00 DEBUG 10272 --- [Shift Scheduler Demo] [           main] org.hibernate.SQL                        : select last_insert_rowid()
Hibernate: select last_insert_rowid()
2025-10-13T15:56:20.937+09:00 DEBUG 10272 --- [Shift Scheduler Demo] [           main] org.hibernate.SQL                        : insert into shift_assignments (employee_id,end_time,shift_name,start_time,work_date) values (?,?,?,?,?)
Hibernate: insert into shift_assignments (employee_id,end_time,shift_name,start_time,work_date) values (?,?,?,?,?)
2025-10-13T15:56:20.938+09:00 DEBUG 10272 --- [Shift Scheduler Demo] [           main] org.hibernate.SQL                        : select last_insert_rowid()
Hibernate: select last_insert_rowid()
2025-10-13T15:56:20.938+09:00 DEBUG 10272 --- [Shift Scheduler Demo] [           main] org.hibernate.SQL                        : insert into shift_assignments (employee_id,end_time,shift_name,start_time,work_date) values (?,?,?,?,?)
Hibernate: insert into shift_assignments (employee_id,end_time,shift_name,start_time,work_date) values (?,?,?,?,?)
2025-10-13T15:56:20.938+09:00 DEBUG 10272 --- [Shift Scheduler Demo] [           main] org.hibernate.SQL                        : select last_insert_rowid()
Hibernate: select last_insert_rowid()
2025-10-13T15:56:20.938+09:00 DEBUG 10272 --- [Shift Scheduler Demo] [           main] org.hibernate.SQL                        : insert into shift_assignments (employee_id,end_time,shift_name,start_time,work_date) values (?,?,?,?,?)
Hibernate: insert into shift_assignments (employee_id,end_time,shift_name,start_time,work_date) values (?,?,?,?,?)
2025-10-13T15:56:20.938+09:00 DEBUG 10272 --- [Shift Scheduler Demo] [           main] org.hibernate.SQL                        : select last_insert_rowid()
Hibernate: select last_insert_rowid()
2025-10-13T15:56:20.938+09:00 DEBUG 10272 --- [Shift Scheduler Demo] [           main] org.hibernate.SQL                        : insert into shift_assignments (employee_id,end_time,shift_name,start_time,work_date) values (?,?,?,?,?)
Hibernate: insert into shift_assignments (employee_id,end_time,shift_name,start_time,work_date) values (?,?,?,?,?)
2025-10-13T15:56:20.939+09:00 DEBUG 10272 --- [Shift Scheduler Demo] [           main] org.hibernate.SQL                        : select last_insert_rowid()
Hibernate: select last_insert_rowid()
2025-10-13T15:56:20.939+09:00 DEBUG 10272 --- [Shift Scheduler Demo] [           main] org.hibernate.SQL                        : insert into shift_assignments (employee_id,end_time,shift_name,start_time,work_date) values (?,?,?,?,?)
Hibernate: insert into shift_assignments (employee_id,end_time,shift_name,start_time,work_date) values (?,?,?,?,?)
2025-10-13T15:56:20.939+09:00 DEBUG 10272 --- [Shift Scheduler Demo] [           main] org.hibernate.SQL                        : select last_insert_rowid()
Hibernate: select last_insert_rowid()
2025-10-13T15:56:20.939+09:00 DEBUG 10272 --- [Shift Scheduler Demo] [           main] org.hibernate.SQL                        : insert into shift_assignments (employee_id,end_time,shift_name,start_time,work_date) values (?,?,?,?,?)
Hibernate: insert into shift_assignments (employee_id,end_time,shift_name,start_time,work_date) values (?,?,?,?,?)
2025-10-13T15:56:20.939+09:00 DEBUG 10272 --- [Shift Scheduler Demo] [           main] org.hibernate.SQL                        : select last_insert_rowid()
Hibernate: select last_insert_rowid()
2025-10-13T15:56:20.940+09:00 DEBUG 10272 --- [Shift Scheduler Demo] [           main] org.hibernate.SQL                        : insert into shift_assignments (employee_id,end_time,shift_name,start_time,work_date) values (?,?,?,?,?)
Hibernate: insert into shift_assignments (employee_id,end_time,shift_name,start_time,work_date) values (?,?,?,?,?)
2025-10-13T15:56:20.940+09:00 DEBUG 10272 --- [Shift Scheduler Demo] [           main] org.hibernate.SQL                        : select last_insert_rowid()
Hibernate: select last_insert_rowid()
2025-10-13T15:56:20.940+09:00 DEBUG 10272 --- [Shift Scheduler Demo] [           main] org.hibernate.SQL                        : insert into shift_assignments (employee_id,end_time,shift_name,start_time,work_date) values (?,?,?,?,?)
Hibernate: insert into shift_assignments (employee_id,end_time,shift_name,start_time,work_date) values (?,?,?,?,?)
2025-10-13T15:56:20.940+09:00 DEBUG 10272 --- [Shift Scheduler Demo] [           main] org.hibernate.SQL                        : select last_insert_rowid()
Hibernate: select last_insert_rowid()
2025-10-13T15:56:20.940+09:00 DEBUG 10272 --- [Shift Scheduler Demo] [           main] org.hibernate.SQL                        : insert into shift_assignments (employee_id,end_time,shift_name,start_time,work_date) values (?,?,?,?,?)
Hibernate: insert into shift_assignments (employee_id,end_time,shift_name,start_time,work_date) values (?,?,?,?,?)
2025-10-13T15:56:20.940+09:00 DEBUG 10272 --- [Shift Scheduler Demo] [           main] org.hibernate.SQL                        : select last_insert_rowid()
Hibernate: select last_insert_rowid()
2025-10-13T15:56:20.941+09:00 DEBUG 10272 --- [Shift Scheduler Demo] [           main] org.hibernate.SQL                        : insert into shift_assignments (employee_id,end_time,shift_name,start_time,work_date) values (?,?,?,?,?)
Hibernate: insert into shift_assignments (employee_id,end_time,shift_name,start_time,work_date) values (?,?,?,?,?)
2025-10-13T15:56:20.941+09:00 DEBUG 10272 --- [Shift Scheduler Demo] [           main] org.hibernate.SQL                        : select last_insert_rowid()
Hibernate: select last_insert_rowid()
2025-10-13T15:56:20.941+09:00 DEBUG 10272 --- [Shift Scheduler Demo] [           main] org.hibernate.SQL                        : insert into shift_assignments (employee_id,end_time,shift_name,start_time,work_date) values (?,?,?,?,?)
Hibernate: insert into shift_assignments (employee_id,end_time,shift_name,start_time,work_date) values (?,?,?,?,?)
2025-10-13T15:56:20.941+09:00 DEBUG 10272 --- [Shift Scheduler Demo] [           main] org.hibernate.SQL                        : select last_insert_rowid()
Hibernate: select last_insert_rowid()
2025-10-13T15:56:20.941+09:00 DEBUG 10272 --- [Shift Scheduler Demo] [           main] org.hibernate.SQL                        : insert into shift_assignments (employee_id,end_time,shift_name,start_time,work_date) values (?,?,?,?,?)
Hibernate: insert into shift_assignments (employee_id,end_time,shift_name,start_time,work_date) values (?,?,?,?,?)
2025-10-13T15:56:20.941+09:00 DEBUG 10272 --- [Shift Scheduler Demo] [           main] org.hibernate.SQL                        : select last_insert_rowid()
Hibernate: select last_insert_rowid()
2025-10-13T15:56:20.942+09:00 DEBUG 10272 --- [Shift Scheduler Demo] [           main] org.hibernate.SQL                        : insert into shift_assignments (employee_id,end_time,shift_name,start_time,work_date) values (?,?,?,?,?)
Hibernate: insert into shift_assignments (employee_id,end_time,shift_name,start_time,work_date) values (?,?,?,?,?)
2025-10-13T15:56:20.942+09:00 DEBUG 10272 --- [Shift Scheduler Demo] [           main] org.hibernate.SQL                        : select last_insert_rowid()
Hibernate: select last_insert_rowid()
2025-10-13T15:56:20.942+09:00 DEBUG 10272 --- [Shift Scheduler Demo] [           main] org.hibernate.SQL                        : insert into shift_assignments (employee_id,end_time,shift_name,start_time,work_date) values (?,?,?,?,?)
Hibernate: insert into shift_assignments (employee_id,end_time,shift_name,start_time,work_date) values (?,?,?,?,?)
2025-10-13T15:56:20.942+09:00 DEBUG 10272 --- [Shift Scheduler Demo] [           main] org.hibernate.SQL                        : select last_insert_rowid()
Hibernate: select last_insert_rowid()
2025-10-13T15:56:20.942+09:00 DEBUG 10272 --- [Shift Scheduler Demo] [           main] org.hibernate.SQL                        : insert into shift_assignments (employee_id,end_time,shift_name,start_time,work_date) values (?,?,?,?,?)
Hibernate: insert into shift_assignments (employee_id,end_time,shift_name,start_time,work_date) values (?,?,?,?,?)
2025-10-13T15:56:20.942+09:00 DEBUG 10272 --- [Shift Scheduler Demo] [           main] org.hibernate.SQL                        : select last_insert_rowid()
Hibernate: select last_insert_rowid()
2025-10-13T15:56:20.942+09:00 DEBUG 10272 --- [Shift Scheduler Demo] [           main] org.hibernate.SQL                        : insert into shift_assignments (employee_id,end_time,shift_name,start_time,work_date) values (?,?,?,?,?)
Hibernate: insert into shift_assignments (employee_id,end_time,shift_name,start_time,work_date) values (?,?,?,?,?)
2025-10-13T15:56:20.943+09:00 DEBUG 10272 --- [Shift Scheduler Demo] [           main] org.hibernate.SQL                        : select last_insert_rowid()
Hibernate: select last_insert_rowid()
2025-10-13T15:56:20.943+09:00 DEBUG 10272 --- [Shift Scheduler Demo] [           main] org.hibernate.SQL                        : insert into shift_assignments (employee_id,end_time,shift_name,start_time,work_date) values (?,?,?,?,?)
Hibernate: insert into shift_assignments (employee_id,end_time,shift_name,start_time,work_date) values (?,?,?,?,?)
2025-10-13T15:56:20.943+09:00 DEBUG 10272 --- [Shift Scheduler Demo] [           main] org.hibernate.SQL                        : select last_insert_rowid()
Hibernate: select last_insert_rowid()
2025-10-13T15:56:20.943+09:00 DEBUG 10272 --- [Shift Scheduler Demo] [           main] org.hibernate.SQL                        : insert into shift_assignments (employee_id,end_time,shift_name,start_time,work_date) values (?,?,?,?,?)
Hibernate: insert into shift_assignments (employee_id,end_time,shift_name,start_time,work_date) values (?,?,?,?,?)
2025-10-13T15:56:20.943+09:00 DEBUG 10272 --- [Shift Scheduler Demo] [           main] org.hibernate.SQL                        : select last_insert_rowid()
Hibernate: select last_insert_rowid()
2025-10-13T15:56:20.944+09:00 DEBUG 10272 --- [Shift Scheduler Demo] [           main] org.hibernate.SQL                        : insert into shift_assignments (employee_id,end_time,shift_name,start_time,work_date) values (?,?,?,?,?)
Hibernate: insert into shift_assignments (employee_id,end_time,shift_name,start_time,work_date) values (?,?,?,?,?)
2025-10-13T15:56:20.944+09:00 DEBUG 10272 --- [Shift Scheduler Demo] [           main] org.hibernate.SQL                        : select last_insert_rowid()
Hibernate: select last_insert_rowid()
2025-10-13T15:56:20.944+09:00 DEBUG 10272 --- [Shift Scheduler Demo] [           main] org.hibernate.SQL                        : insert into shift_assignments (employee_id,end_time,shift_name,start_time,work_date) values (?,?,?,?,?)
Hibernate: insert into shift_assignments (employee_id,end_time,shift_name,start_time,work_date) values (?,?,?,?,?)
2025-10-13T15:56:20.944+09:00 DEBUG 10272 --- [Shift Scheduler Demo] [           main] org.hibernate.SQL                        : select last_insert_rowid()
Hibernate: select last_insert_rowid()
2025-10-13T15:56:20.945+09:00 DEBUG 10272 --- [Shift Scheduler Demo] [           main] org.hibernate.SQL                        : insert into shift_assignments (employee_id,end_time,shift_name,start_time,work_date) values (?,?,?,?,?)
Hibernate: insert into shift_assignments (employee_id,end_time,shift_name,start_time,work_date) values (?,?,?,?,?)
2025-10-13T15:56:20.946+09:00 DEBUG 10272 --- [Shift Scheduler Demo] [           main] org.hibernate.SQL                        : select last_insert_rowid()
Hibernate: select last_insert_rowid()
2025-10-13T15:56:20.947+09:00 DEBUG 10272 --- [Shift Scheduler Demo] [           main] org.hibernate.SQL                        : insert into shift_assignments (employee_id,end_time,shift_name,start_time,work_date) values (?,?,?,?,?)
Hibernate: insert into shift_assignments (employee_id,end_time,shift_name,start_time,work_date) values (?,?,?,?,?)
2025-10-13T15:56:20.947+09:00 DEBUG 10272 --- [Shift Scheduler Demo] [           main] org.hibernate.SQL                        : select last_insert_rowid()
Hibernate: select last_insert_rowid()
2025-10-13T15:56:20.948+09:00 DEBUG 10272 --- [Shift Scheduler Demo] [           main] org.hibernate.SQL                        : insert into shift_assignments (employee_id,end_time,shift_name,start_time,work_date) values (?,?,?,?,?)
Hibernate: insert into shift_assignments (employee_id,end_time,shift_name,start_time,work_date) values (?,?,?,?,?)
2025-10-13T15:56:20.948+09:00 DEBUG 10272 --- [Shift Scheduler Demo] [           main] org.hibernate.SQL                        : select last_insert_rowid()
Hibernate: select last_insert_rowid()
2025-10-13T15:56:20.948+09:00 DEBUG 10272 --- [Shift Scheduler Demo] [           main] org.hibernate.SQL                        : insert into shift_assignments (employee_id,end_time,shift_name,start_time,work_date) values (?,?,?,?,?)
Hibernate: insert into shift_assignments (employee_id,end_time,shift_name,start_time,work_date) values (?,?,?,?,?)
2025-10-13T15:56:20.948+09:00 DEBUG 10272 --- [Shift Scheduler Demo] [           main] org.hibernate.SQL                        : select last_insert_rowid()
Hibernate: select last_insert_rowid()
2025-10-13T15:56:20.948+09:00 DEBUG 10272 --- [Shift Scheduler Demo] [           main] org.hibernate.SQL                        : insert into shift_assignments (employee_id,end_time,shift_name,start_time,work_date) values (?,?,?,?,?)
Hibernate: insert into shift_assignments (employee_id,end_time,shift_name,start_time,work_date) values (?,?,?,?,?)
2025-10-13T15:56:20.948+09:00 DEBUG 10272 --- [Shift Scheduler Demo] [           main] org.hibernate.SQL                        : select last_insert_rowid()
Hibernate: select last_insert_rowid()
2025-10-13T15:56:20.949+09:00 DEBUG 10272 --- [Shift Scheduler Demo] [           main] org.hibernate.SQL                        : insert into shift_assignments (employee_id,end_time,shift_name,start_time,work_date) values (?,?,?,?,?)
Hibernate: insert into shift_assignments (employee_id,end_time,shift_name,start_time,work_date) values (?,?,?,?,?)
2025-10-13T15:56:20.949+09:00 DEBUG 10272 --- [Shift Scheduler Demo] [           main] org.hibernate.SQL                        : select last_insert_rowid()
Hibernate: select last_insert_rowid()
2025-10-13T15:56:20.949+09:00 DEBUG 10272 --- [Shift Scheduler Demo] [           main] org.hibernate.SQL                        : insert into shift_assignments (employee_id,end_time,shift_name,start_time,work_date) values (?,?,?,?,?)
Hibernate: insert into shift_assignments (employee_id,end_time,shift_name,start_time,work_date) values (?,?,?,?,?)
2025-10-13T15:56:20.949+09:00 DEBUG 10272 --- [Shift Scheduler Demo] [           main] org.hibernate.SQL                        : select last_insert_rowid()
Hibernate: select last_insert_rowid()
2025-10-13T15:56:20.949+09:00 DEBUG 10272 --- [Shift Scheduler Demo] [           main] org.hibernate.SQL                        : insert into shift_assignments (employee_id,end_time,shift_name,start_time,work_date) values (?,?,?,?,?)
Hibernate: insert into shift_assignments (employee_id,end_time,shift_name,start_time,work_date) values (?,?,?,?,?)
2025-10-13T15:56:20.949+09:00 DEBUG 10272 --- [Shift Scheduler Demo] [           main] org.hibernate.SQL                        : select last_insert_rowid()
Hibernate: select last_insert_rowid()
2025-10-13T15:56:20.950+09:00 DEBUG 10272 --- [Shift Scheduler Demo] [           main] org.hibernate.SQL                        : insert into shift_assignments (employee_id,end_time,shift_name,start_time,work_date) values (?,?,?,?,?)
Hibernate: insert into shift_assignments (employee_id,end_time,shift_name,start_time,work_date) values (?,?,?,?,?)
2025-10-13T15:56:20.950+09:00 DEBUG 10272 --- [Shift Scheduler Demo] [           main] org.hibernate.SQL                        : select last_insert_rowid()
Hibernate: select last_insert_rowid()
2025-10-13T15:56:20.950+09:00 DEBUG 10272 --- [Shift Scheduler Demo] [           main] org.hibernate.SQL                        : insert into shift_assignments (employee_id,end_time,shift_name,start_time,work_date) values (?,?,?,?,?)
Hibernate: insert into shift_assignments (employee_id,end_time,shift_name,start_time,work_date) values (?,?,?,?,?)
2025-10-13T15:56:20.950+09:00 DEBUG 10272 --- [Shift Scheduler Demo] [           main] org.hibernate.SQL                        : select last_insert_rowid()
Hibernate: select last_insert_rowid()
2025-10-13T15:56:20.950+09:00 DEBUG 10272 --- [Shift Scheduler Demo] [           main] org.hibernate.SQL                        : insert into shift_assignments (employee_id,end_time,shift_name,start_time,work_date) values (?,?,?,?,?)
Hibernate: insert into shift_assignments (employee_id,end_time,shift_name,start_time,work_date) values (?,?,?,?,?)
2025-10-13T15:56:20.950+09:00 DEBUG 10272 --- [Shift Scheduler Demo] [           main] org.hibernate.SQL                        : select last_insert_rowid()
Hibernate: select last_insert_rowid()
2025-10-13T15:56:20.951+09:00 DEBUG 10272 --- [Shift Scheduler Demo] [           main] org.hibernate.SQL                        : insert into shift_assignments (employee_id,end_time,shift_name,start_time,work_date) values (?,?,?,?,?)
Hibernate: insert into shift_assignments (employee_id,end_time,shift_name,start_time,work_date) values (?,?,?,?,?)
2025-10-13T15:56:20.951+09:00 DEBUG 10272 --- [Shift Scheduler Demo] [           main] org.hibernate.SQL                        : select last_insert_rowid()
Hibernate: select last_insert_rowid()
2025-10-13T15:56:20.951+09:00 DEBUG 10272 --- [Shift Scheduler Demo] [           main] org.hibernate.SQL                        : insert into shift_assignments (employee_id,end_time,shift_name,start_time,work_date) values (?,?,?,?,?)
Hibernate: insert into shift_assignments (employee_id,end_time,shift_name,start_time,work_date) values (?,?,?,?,?)
2025-10-13T15:56:20.951+09:00 DEBUG 10272 --- [Shift Scheduler Demo] [           main] org.hibernate.SQL                        : select last_insert_rowid()
Hibernate: select last_insert_rowid()
2025-10-13T15:56:20.951+09:00 DEBUG 10272 --- [Shift Scheduler Demo] [           main] org.hibernate.SQL                        : insert into shift_assignments (employee_id,end_time,shift_name,start_time,work_date) values (?,?,?,?,?)
Hibernate: insert into shift_assignments (employee_id,end_time,shift_name,start_time,work_date) values (?,?,?,?,?)
2025-10-13T15:56:20.951+09:00 DEBUG 10272 --- [Shift Scheduler Demo] [           main] org.hibernate.SQL                        : select last_insert_rowid()
Hibernate: select last_insert_rowid()
2025-10-13T15:56:20.952+09:00 DEBUG 10272 --- [Shift Scheduler Demo] [           main] org.hibernate.SQL                        : insert into shift_assignments (employee_id,end_time,shift_name,start_time,work_date) values (?,?,?,?,?)
Hibernate: insert into shift_assignments (employee_id,end_time,shift_name,start_time,work_date) values (?,?,?,?,?)
2025-10-13T15:56:20.952+09:00 DEBUG 10272 --- [Shift Scheduler Demo] [           main] org.hibernate.SQL                        : select last_insert_rowid()
Hibernate: select last_insert_rowid()
2025-10-13T15:56:20.952+09:00 DEBUG 10272 --- [Shift Scheduler Demo] [           main] org.hibernate.SQL                        : insert into shift_assignments (employee_id,end_time,shift_name,start_time,work_date) values (?,?,?,?,?)
Hibernate: insert into shift_assignments (employee_id,end_time,shift_name,start_time,work_date) values (?,?,?,?,?)
2025-10-13T15:56:20.952+09:00 DEBUG 10272 --- [Shift Scheduler Demo] [           main] org.hibernate.SQL                        : select last_insert_rowid()
Hibernate: select last_insert_rowid()
2025-10-13T15:56:20.952+09:00 DEBUG 10272 --- [Shift Scheduler Demo] [           main] org.hibernate.SQL                        : insert into shift_assignments (employee_id,end_time,shift_name,start_time,work_date) values (?,?,?,?,?)
Hibernate: insert into shift_assignments (employee_id,end_time,shift_name,start_time,work_date) values (?,?,?,?,?)
2025-10-13T15:56:20.952+09:00 DEBUG 10272 --- [Shift Scheduler Demo] [           main] org.hibernate.SQL                        : select last_insert_rowid()
Hibernate: select last_insert_rowid()
2025-10-13T15:56:20.953+09:00 DEBUG 10272 --- [Shift Scheduler Demo] [           main] org.hibernate.SQL                        : insert into shift_assignments (employee_id,end_time,shift_name,start_time,work_date) values (?,?,?,?,?)
Hibernate: insert into shift_assignments (employee_id,end_time,shift_name,start_time,work_date) values (?,?,?,?,?)
2025-10-13T15:56:20.953+09:00 DEBUG 10272 --- [Shift Scheduler Demo] [           main] org.hibernate.SQL                        : select last_insert_rowid()
Hibernate: select last_insert_rowid()
2025-10-13T15:56:20.953+09:00 DEBUG 10272 --- [Shift Scheduler Demo] [           main] org.hibernate.SQL                        : insert into shift_assignments (employee_id,end_time,shift_name,start_time,work_date) values (?,?,?,?,?)
Hibernate: insert into shift_assignments (employee_id,end_time,shift_name,start_time,work_date) values (?,?,?,?,?)
2025-10-13T15:56:20.953+09:00 DEBUG 10272 --- [Shift Scheduler Demo] [           main] org.hibernate.SQL                        : select last_insert_rowid()
Hibernate: select last_insert_rowid()
2025-10-13T15:56:20.953+09:00 DEBUG 10272 --- [Shift Scheduler Demo] [           main] org.hibernate.SQL                        : insert into shift_assignments (employee_id,end_time,shift_name,start_time,work_date) values (?,?,?,?,?)
Hibernate: insert into shift_assignments (employee_id,end_time,shift_name,start_time,work_date) values (?,?,?,?,?)
2025-10-13T15:56:20.953+09:00 DEBUG 10272 --- [Shift Scheduler Demo] [           main] org.hibernate.SQL                        : select last_insert_rowid()
Hibernate: select last_insert_rowid()
2025-10-13T15:56:20.954+09:00 DEBUG 10272 --- [Shift Scheduler Demo] [           main] org.hibernate.SQL                        : insert into shift_assignments (employee_id,end_time,shift_name,start_time,work_date) values (?,?,?,?,?)
Hibernate: insert into shift_assignments (employee_id,end_time,shift_name,start_time,work_date) values (?,?,?,?,?)
2025-10-13T15:56:20.954+09:00 DEBUG 10272 --- [Shift Scheduler Demo] [           main] org.hibernate.SQL                        : select last_insert_rowid()
Hibernate: select last_insert_rowid()
2025-10-13T15:56:20.954+09:00 DEBUG 10272 --- [Shift Scheduler Demo] [           main] org.hibernate.SQL                        : insert into shift_assignments (employee_id,end_time,shift_name,start_time,work_date) values (?,?,?,?,?)
Hibernate: insert into shift_assignments (employee_id,end_time,shift_name,start_time,work_date) values (?,?,?,?,?)
2025-10-13T15:56:20.954+09:00 DEBUG 10272 --- [Shift Scheduler Demo] [           main] org.hibernate.SQL                        : select last_insert_rowid()
Hibernate: select last_insert_rowid()
2025-10-13T15:56:20.954+09:00 DEBUG 10272 --- [Shift Scheduler Demo] [           main] org.hibernate.SQL                        : insert into shift_assignments (employee_id,end_time,shift_name,start_time,work_date) values (?,?,?,?,?)
Hibernate: insert into shift_assignments (employee_id,end_time,shift_name,start_time,work_date) values (?,?,?,?,?)
2025-10-13T15:56:20.954+09:00 DEBUG 10272 --- [Shift Scheduler Demo] [           main] org.hibernate.SQL                        : select last_insert_rowid()
Hibernate: select last_insert_rowid()
2025-10-13T15:56:20.955+09:00 DEBUG 10272 --- [Shift Scheduler Demo] [           main] org.hibernate.SQL                        : insert into shift_assignments (employee_id,end_time,shift_name,start_time,work_date) values (?,?,?,?,?)
Hibernate: insert into shift_assignments (employee_id,end_time,shift_name,start_time,work_date) values (?,?,?,?,?)
2025-10-13T15:56:20.955+09:00 DEBUG 10272 --- [Shift Scheduler Demo] [           main] org.hibernate.SQL                        : select last_insert_rowid()
Hibernate: select last_insert_rowid()
2025-10-13T15:56:20.955+09:00 DEBUG 10272 --- [Shift Scheduler Demo] [           main] org.hibernate.SQL                        : insert into shift_assignments (employee_id,end_time,shift_name,start_time,work_date) values (?,?,?,?,?)
Hibernate: insert into shift_assignments (employee_id,end_time,shift_name,start_time,work_date) values (?,?,?,?,?)
2025-10-13T15:56:20.955+09:00 DEBUG 10272 --- [Shift Scheduler Demo] [           main] org.hibernate.SQL                        : select last_insert_rowid()
Hibernate: select last_insert_rowid()
2025-10-13T15:56:20.955+09:00 DEBUG 10272 --- [Shift Scheduler Demo] [           main] org.hibernate.SQL                        : insert into shift_assignments (employee_id,end_time,shift_name,start_time,work_date) values (?,?,?,?,?)
Hibernate: insert into shift_assignments (employee_id,end_time,shift_name,start_time,work_date) values (?,?,?,?,?)
2025-10-13T15:56:20.955+09:00 DEBUG 10272 --- [Shift Scheduler Demo] [           main] org.hibernate.SQL                        : select last_insert_rowid()
Hibernate: select last_insert_rowid()
2025-10-13T15:56:20.956+09:00 DEBUG 10272 --- [Shift Scheduler Demo] [           main] org.hibernate.SQL                        : insert into shift_assignments (employee_id,end_time,shift_name,start_time,work_date) values (?,?,?,?,?)
Hibernate: insert into shift_assignments (employee_id,end_time,shift_name,start_time,work_date) values (?,?,?,?,?)
2025-10-13T15:56:20.956+09:00 DEBUG 10272 --- [Shift Scheduler Demo] [           main] org.hibernate.SQL                        : select last_insert_rowid()
Hibernate: select last_insert_rowid()
2025-10-13T15:56:20.956+09:00 DEBUG 10272 --- [Shift Scheduler Demo] [           main] org.hibernate.SQL                        : insert into shift_assignments (employee_id,end_time,shift_name,start_time,work_date) values (?,?,?,?,?)
Hibernate: insert into shift_assignments (employee_id,end_time,shift_name,start_time,work_date) values (?,?,?,?,?)
2025-10-13T15:56:20.956+09:00 DEBUG 10272 --- [Shift Scheduler Demo] [           main] org.hibernate.SQL                        : select last_insert_rowid()
Hibernate: select last_insert_rowid()
2025-10-13T15:56:20.957+09:00 DEBUG 10272 --- [Shift Scheduler Demo] [           main] org.hibernate.SQL                        : insert into shift_assignments (employee_id,end_time,shift_name,start_time,work_date) values (?,?,?,?,?)
Hibernate: insert into shift_assignments (employee_id,end_time,shift_name,start_time,work_date) values (?,?,?,?,?)
2025-10-13T15:56:20.957+09:00 DEBUG 10272 --- [Shift Scheduler Demo] [           main] org.hibernate.SQL                        : select last_insert_rowid()
Hibernate: select last_insert_rowid()
2025-10-13T15:56:20.958+09:00 DEBUG 10272 --- [Shift Scheduler Demo] [           main] org.hibernate.SQL                        : insert into shift_assignments (employee_id,end_time,shift_name,start_time,work_date) values (?,?,?,?,?)
Hibernate: insert into shift_assignments (employee_id,end_time,shift_name,start_time,work_date) values (?,?,?,?,?)
2025-10-13T15:56:20.959+09:00 DEBUG 10272 --- [Shift Scheduler Demo] [           main] org.hibernate.SQL                        : select last_insert_rowid()
Hibernate: select last_insert_rowid()
2025-10-13T15:56:20.959+09:00 DEBUG 10272 --- [Shift Scheduler Demo] [           main] org.hibernate.SQL                        : insert into shift_assignments (employee_id,end_time,shift_name,start_time,work_date) values (?,?,?,?,?)
Hibernate: insert into shift_assignments (employee_id,end_time,shift_name,start_time,work_date) values (?,?,?,?,?)
2025-10-13T15:56:20.959+09:00 DEBUG 10272 --- [Shift Scheduler Demo] [           main] org.hibernate.SQL                        : select last_insert_rowid()
Hibernate: select last_insert_rowid()
2025-10-13T15:56:20.959+09:00 DEBUG 10272 --- [Shift Scheduler Demo] [           main] org.hibernate.SQL                        : insert into shift_assignments (employee_id,end_time,shift_name,start_time,work_date) values (?,?,?,?,?)
Hibernate: insert into shift_assignments (employee_id,end_time,shift_name,start_time,work_date) values (?,?,?,?,?)
2025-10-13T15:56:20.960+09:00 DEBUG 10272 --- [Shift Scheduler Demo] [           main] org.hibernate.SQL                        : select last_insert_rowid()
Hibernate: select last_insert_rowid()
2025-10-13T15:56:20.960+09:00 DEBUG 10272 --- [Shift Scheduler Demo] [           main] org.hibernate.SQL                        : insert into shift_assignments (employee_id,end_time,shift_name,start_time,work_date) values (?,?,?,?,?)
Hibernate: insert into shift_assignments (employee_id,end_time,shift_name,start_time,work_date) values (?,?,?,?,?)
2025-10-13T15:56:20.960+09:00 DEBUG 10272 --- [Shift Scheduler Demo] [           main] org.hibernate.SQL                        : select last_insert_rowid()
Hibernate: select last_insert_rowid()
2025-10-13T15:56:20.960+09:00 DEBUG 10272 --- [Shift Scheduler Demo] [           main] org.hibernate.SQL                        : insert into shift_assignments (employee_id,end_time,shift_name,start_time,work_date) values (?,?,?,?,?)
Hibernate: insert into shift_assignments (employee_id,end_time,shift_name,start_time,work_date) values (?,?,?,?,?)
2025-10-13T15:56:20.960+09:00 DEBUG 10272 --- [Shift Scheduler Demo] [           main] org.hibernate.SQL                        : select last_insert_rowid()
Hibernate: select last_insert_rowid()
2025-10-13T15:56:20.961+09:00 DEBUG 10272 --- [Shift Scheduler Demo] [           main] org.hibernate.SQL                        : insert into shift_assignments (employee_id,end_time,shift_name,start_time,work_date) values (?,?,?,?,?)
Hibernate: insert into shift_assignments (employee_id,end_time,shift_name,start_time,work_date) values (?,?,?,?,?)
2025-10-13T15:56:20.961+09:00 DEBUG 10272 --- [Shift Scheduler Demo] [           main] org.hibernate.SQL                        : select last_insert_rowid()
Hibernate: select last_insert_rowid()
2025-10-13T15:56:20.961+09:00 DEBUG 10272 --- [Shift Scheduler Demo] [           main] org.hibernate.SQL                        : insert into shift_assignments (employee_id,end_time,shift_name,start_time,work_date) values (?,?,?,?,?)
Hibernate: insert into shift_assignments (employee_id,end_time,shift_name,start_time,work_date) values (?,?,?,?,?)
2025-10-13T15:56:20.961+09:00 DEBUG 10272 --- [Shift Scheduler Demo] [           main] org.hibernate.SQL                        : select last_insert_rowid()
Hibernate: select last_insert_rowid()
2025-10-13T15:56:20.961+09:00 DEBUG 10272 --- [Shift Scheduler Demo] [           main] org.hibernate.SQL                        : insert into shift_assignments (employee_id,end_time,shift_name,start_time,work_date) values (?,?,?,?,?)
Hibernate: insert into shift_assignments (employee_id,end_time,shift_name,start_time,work_date) values (?,?,?,?,?)
2025-10-13T15:56:20.962+09:00 DEBUG 10272 --- [Shift Scheduler Demo] [           main] org.hibernate.SQL                        : select last_insert_rowid()
Hibernate: select last_insert_rowid()
2025-10-13T15:56:20.962+09:00 DEBUG 10272 --- [Shift Scheduler Demo] [           main] org.hibernate.SQL                        : insert into shift_assignments (employee_id,end_time,shift_name,start_time,work_date) values (?,?,?,?,?)
Hibernate: insert into shift_assignments (employee_id,end_time,shift_name,start_time,work_date) values (?,?,?,?,?)
2025-10-13T15:56:20.962+09:00 DEBUG 10272 --- [Shift Scheduler Demo] [           main] org.hibernate.SQL                        : select last_insert_rowid()
Hibernate: select last_insert_rowid()
2025-10-13T15:56:20.962+09:00 DEBUG 10272 --- [Shift Scheduler Demo] [           main] org.hibernate.SQL                        : insert into shift_assignments (employee_id,end_time,shift_name,start_time,work_date) values (?,?,?,?,?)
Hibernate: insert into shift_assignments (employee_id,end_time,shift_name,start_time,work_date) values (?,?,?,?,?)
2025-10-13T15:56:20.962+09:00 DEBUG 10272 --- [Shift Scheduler Demo] [           main] org.hibernate.SQL                        : select last_insert_rowid()
Hibernate: select last_insert_rowid()
2025-10-13T15:56:20.962+09:00 DEBUG 10272 --- [Shift Scheduler Demo] [           main] org.hibernate.SQL                        : insert into shift_assignments (employee_id,end_time,shift_name,start_time,work_date) values (?,?,?,?,?)
Hibernate: insert into shift_assignments (employee_id,end_time,shift_name,start_time,work_date) values (?,?,?,?,?)
2025-10-13T15:56:20.962+09:00 DEBUG 10272 --- [Shift Scheduler Demo] [           main] org.hibernate.SQL                        : select last_insert_rowid()
Hibernate: select last_insert_rowid()
2025-10-13T15:56:20.963+09:00 DEBUG 10272 --- [Shift Scheduler Demo] [           main] org.hibernate.SQL                        : insert into shift_assignments (employee_id,end_time,shift_name,start_time,work_date) values (?,?,?,?,?)
Hibernate: insert into shift_assignments (employee_id,end_time,shift_name,start_time,work_date) values (?,?,?,?,?)
2025-10-13T15:56:20.963+09:00 DEBUG 10272 --- [Shift Scheduler Demo] [           main] org.hibernate.SQL                        : select last_insert_rowid()
Hibernate: select last_insert_rowid()
2025-10-13T15:56:20.963+09:00 DEBUG 10272 --- [Shift Scheduler Demo] [           main] org.hibernate.SQL                        : insert into shift_assignments (employee_id,end_time,shift_name,start_time,work_date) values (?,?,?,?,?)
Hibernate: insert into shift_assignments (employee_id,end_time,shift_name,start_time,work_date) values (?,?,?,?,?)
2025-10-13T15:56:20.963+09:00 DEBUG 10272 --- [Shift Scheduler Demo] [           main] org.hibernate.SQL                        : select last_insert_rowid()
Hibernate: select last_insert_rowid()
2025-10-13T15:56:20.963+09:00 DEBUG 10272 --- [Shift Scheduler Demo] [           main] org.hibernate.SQL                        : insert into shift_assignments (employee_id,end_time,shift_name,start_time,work_date) values (?,?,?,?,?)
Hibernate: insert into shift_assignments (employee_id,end_time,shift_name,start_time,work_date) values (?,?,?,?,?)
2025-10-13T15:56:20.963+09:00 DEBUG 10272 --- [Shift Scheduler Demo] [           main] org.hibernate.SQL                        : select last_insert_rowid()
Hibernate: select last_insert_rowid()
2025-10-13T15:56:20.964+09:00 DEBUG 10272 --- [Shift Scheduler Demo] [           main] org.hibernate.SQL                        : insert into shift_assignments (employee_id,end_time,shift_name,start_time,work_date) values (?,?,?,?,?)
Hibernate: insert into shift_assignments (employee_id,end_time,shift_name,start_time,work_date) values (?,?,?,?,?)
2025-10-13T15:56:20.964+09:00 DEBUG 10272 --- [Shift Scheduler Demo] [           main] org.hibernate.SQL                        : select last_insert_rowid()
Hibernate: select last_insert_rowid()
2025-10-13T15:56:20.964+09:00 DEBUG 10272 --- [Shift Scheduler Demo] [           main] org.hibernate.SQL                        : insert into shift_assignments (employee_id,end_time,shift_name,start_time,work_date) values (?,?,?,?,?)
Hibernate: insert into shift_assignments (employee_id,end_time,shift_name,start_time,work_date) values (?,?,?,?,?)
2025-10-13T15:56:20.964+09:00 DEBUG 10272 --- [Shift Scheduler Demo] [           main] org.hibernate.SQL                        : select last_insert_rowid()
Hibernate: select last_insert_rowid()
2025-10-13T15:56:20.964+09:00 DEBUG 10272 --- [Shift Scheduler Demo] [           main] org.hibernate.SQL                        : insert into shift_assignments (employee_id,end_time,shift_name,start_time,work_date) values (?,?,?,?,?)
Hibernate: insert into shift_assignments (employee_id,end_time,shift_name,start_time,work_date) values (?,?,?,?,?)
2025-10-13T15:56:20.964+09:00 DEBUG 10272 --- [Shift Scheduler Demo] [           main] org.hibernate.SQL                        : select last_insert_rowid()
Hibernate: select last_insert_rowid()
2025-10-13T15:56:20.964+09:00 DEBUG 10272 --- [Shift Scheduler Demo] [           main] org.hibernate.SQL                        : insert into shift_assignments (employee_id,end_time,shift_name,start_time,work_date) values (?,?,?,?,?)
Hibernate: insert into shift_assignments (employee_id,end_time,shift_name,start_time,work_date) values (?,?,?,?,?)
2025-10-13T15:56:20.965+09:00 DEBUG 10272 --- [Shift Scheduler Demo] [           main] org.hibernate.SQL                        : select last_insert_rowid()
Hibernate: select last_insert_rowid()
2025-10-13T15:56:20.965+09:00 DEBUG 10272 --- [Shift Scheduler Demo] [           main] org.hibernate.SQL                        : insert into shift_assignments (employee_id,end_time,shift_name,start_time,work_date) values (?,?,?,?,?)
Hibernate: insert into shift_assignments (employee_id,end_time,shift_name,start_time,work_date) values (?,?,?,?,?)
2025-10-13T15:56:20.965+09:00 DEBUG 10272 --- [Shift Scheduler Demo] [           main] org.hibernate.SQL                        : select last_insert_rowid()
Hibernate: select last_insert_rowid()
2025-10-13T15:56:20.965+09:00 DEBUG 10272 --- [Shift Scheduler Demo] [           main] org.hibernate.SQL                        : insert into shift_assignments (employee_id,end_time,shift_name,start_time,work_date) values (?,?,?,?,?)
Hibernate: insert into shift_assignments (employee_id,end_time,shift_name,start_time,work_date) values (?,?,?,?,?)
2025-10-13T15:56:20.965+09:00 DEBUG 10272 --- [Shift Scheduler Demo] [           main] org.hibernate.SQL                        : select last_insert_rowid()
Hibernate: select last_insert_rowid()
2025-10-13T15:56:20.966+09:00 DEBUG 10272 --- [Shift Scheduler Demo] [           main] org.hibernate.SQL                        : insert into shift_assignments (employee_id,end_time,shift_name,start_time,work_date) values (?,?,?,?,?)
Hibernate: insert into shift_assignments (employee_id,end_time,shift_name,start_time,work_date) values (?,?,?,?,?)
2025-10-13T15:56:20.966+09:00 DEBUG 10272 --- [Shift Scheduler Demo] [           main] org.hibernate.SQL                        : select last_insert_rowid()
Hibernate: select last_insert_rowid()
2025-10-13T15:56:20.966+09:00 DEBUG 10272 --- [Shift Scheduler Demo] [           main] org.hibernate.SQL                        : insert into shift_assignments (employee_id,end_time,shift_name,start_time,work_date) values (?,?,?,?,?)
Hibernate: insert into shift_assignments (employee_id,end_time,shift_name,start_time,work_date) values (?,?,?,?,?)
2025-10-13T15:56:20.966+09:00 DEBUG 10272 --- [Shift Scheduler Demo] [           main] org.hibernate.SQL                        : select last_insert_rowid()
Hibernate: select last_insert_rowid()
2025-10-13T15:56:20.966+09:00 DEBUG 10272 --- [Shift Scheduler Demo] [           main] org.hibernate.SQL                        : insert into shift_assignments (employee_id,end_time,shift_name,start_time,work_date) values (?,?,?,?,?)
Hibernate: insert into shift_assignments (employee_id,end_time,shift_name,start_time,work_date) values (?,?,?,?,?)
2025-10-13T15:56:20.966+09:00 DEBUG 10272 --- [Shift Scheduler Demo] [           main] org.hibernate.SQL                        : select last_insert_rowid()
Hibernate: select last_insert_rowid()
2025-10-13T15:56:20.966+09:00 DEBUG 10272 --- [Shift Scheduler Demo] [           main] org.hibernate.SQL                        : insert into shift_assignments (employee_id,end_time,shift_name,start_time,work_date) values (?,?,?,?,?)
Hibernate: insert into shift_assignments (employee_id,end_time,shift_name,start_time,work_date) values (?,?,?,?,?)
2025-10-13T15:56:20.967+09:00 DEBUG 10272 --- [Shift Scheduler Demo] [           main] org.hibernate.SQL                        : select last_insert_rowid()
Hibernate: select last_insert_rowid()
2025-10-13T15:56:20.967+09:00 DEBUG 10272 --- [Shift Scheduler Demo] [           main] org.hibernate.SQL                        : insert into shift_assignments (employee_id,end_time,shift_name,start_time,work_date) values (?,?,?,?,?)
Hibernate: insert into shift_assignments (employee_id,end_time,shift_name,start_time,work_date) values (?,?,?,?,?)
2025-10-13T15:56:20.967+09:00 DEBUG 10272 --- [Shift Scheduler Demo] [           main] org.hibernate.SQL                        : select last_insert_rowid()
Hibernate: select last_insert_rowid()
2025-10-13T15:56:20.967+09:00 DEBUG 10272 --- [Shift Scheduler Demo] [           main] org.hibernate.SQL                        : insert into shift_assignments (employee_id,end_time,shift_name,start_time,work_date) values (?,?,?,?,?)
Hibernate: insert into shift_assignments (employee_id,end_time,shift_name,start_time,work_date) values (?,?,?,?,?)
2025-10-13T15:56:20.967+09:00 DEBUG 10272 --- [Shift Scheduler Demo] [           main] org.hibernate.SQL                        : select last_insert_rowid()
Hibernate: select last_insert_rowid()
2025-10-13T15:56:20.967+09:00 DEBUG 10272 --- [Shift Scheduler Demo] [           main] org.hibernate.SQL                        : insert into shift_assignments (employee_id,end_time,shift_name,start_time,work_date) values (?,?,?,?,?)
Hibernate: insert into shift_assignments (employee_id,end_time,shift_name,start_time,work_date) values (?,?,?,?,?)
2025-10-13T15:56:20.967+09:00 DEBUG 10272 --- [Shift Scheduler Demo] [           main] org.hibernate.SQL                        : select last_insert_rowid()
Hibernate: select last_insert_rowid()
2025-10-13T15:56:20.968+09:00 DEBUG 10272 --- [Shift Scheduler Demo] [           main] org.hibernate.SQL                        : insert into shift_assignments (employee_id,end_time,shift_name,start_time,work_date) values (?,?,?,?,?)
Hibernate: insert into shift_assignments (employee_id,end_time,shift_name,start_time,work_date) values (?,?,?,?,?)
2025-10-13T15:56:20.968+09:00 DEBUG 10272 --- [Shift Scheduler Demo] [           main] org.hibernate.SQL                        : select last_insert_rowid()
Hibernate: select last_insert_rowid()
2025-10-13T15:56:20.968+09:00 DEBUG 10272 --- [Shift Scheduler Demo] [           main] org.hibernate.SQL                        : insert into shift_assignments (employee_id,end_time,shift_name,start_time,work_date) values (?,?,?,?,?)
Hibernate: insert into shift_assignments (employee_id,end_time,shift_name,start_time,work_date) values (?,?,?,?,?)
2025-10-13T15:56:20.968+09:00 DEBUG 10272 --- [Shift Scheduler Demo] [           main] org.hibernate.SQL                        : select last_insert_rowid()
Hibernate: select last_insert_rowid()
2025-10-13T15:56:20.968+09:00 DEBUG 10272 --- [Shift Scheduler Demo] [           main] org.hibernate.SQL                        : insert into shift_assignments (employee_id,end_time,shift_name,start_time,work_date) values (?,?,?,?,?)
Hibernate: insert into shift_assignments (employee_id,end_time,shift_name,start_time,work_date) values (?,?,?,?,?)
2025-10-13T15:56:20.969+09:00 DEBUG 10272 --- [Shift Scheduler Demo] [           main] org.hibernate.SQL                        : select last_insert_rowid()
Hibernate: select last_insert_rowid()
2025-10-13T15:56:20.969+09:00 DEBUG 10272 --- [Shift Scheduler Demo] [           main] org.hibernate.SQL                        : insert into shift_assignments (employee_id,end_time,shift_name,start_time,work_date) values (?,?,?,?,?)
Hibernate: insert into shift_assignments (employee_id,end_time,shift_name,start_time,work_date) values (?,?,?,?,?)
2025-10-13T15:56:20.969+09:00 DEBUG 10272 --- [Shift Scheduler Demo] [           main] org.hibernate.SQL                        : select last_insert_rowid()
Hibernate: select last_insert_rowid()
2025-10-13T15:56:20.969+09:00 DEBUG 10272 --- [Shift Scheduler Demo] [           main] org.hibernate.SQL                        : insert into shift_assignments (employee_id,end_time,shift_name,start_time,work_date) values (?,?,?,?,?)
Hibernate: insert into shift_assignments (employee_id,end_time,shift_name,start_time,work_date) values (?,?,?,?,?)
2025-10-13T15:56:20.970+09:00 DEBUG 10272 --- [Shift Scheduler Demo] [           main] org.hibernate.SQL                        : select last_insert_rowid()
Hibernate: select last_insert_rowid()
2025-10-13T15:56:20.970+09:00 DEBUG 10272 --- [Shift Scheduler Demo] [           main] org.hibernate.SQL                        : insert into shift_assignments (employee_id,end_time,shift_name,start_time,work_date) values (?,?,?,?,?)
Hibernate: insert into shift_assignments (employee_id,end_time,shift_name,start_time,work_date) values (?,?,?,?,?)
2025-10-13T15:56:20.970+09:00 DEBUG 10272 --- [Shift Scheduler Demo] [           main] org.hibernate.SQL                        : select last_insert_rowid()
Hibernate: select last_insert_rowid()
2025-10-13T15:56:20.970+09:00 DEBUG 10272 --- [Shift Scheduler Demo] [           main] org.hibernate.SQL                        : insert into shift_assignments (employee_id,end_time,shift_name,start_time,work_date) values (?,?,?,?,?)
Hibernate: insert into shift_assignments (employee_id,end_time,shift_name,start_time,work_date) values (?,?,?,?,?)
2025-10-13T15:56:20.970+09:00 DEBUG 10272 --- [Shift Scheduler Demo] [           main] org.hibernate.SQL                        : select last_insert_rowid()
Hibernate: select last_insert_rowid()
2025-10-13T15:56:20.970+09:00 DEBUG 10272 --- [Shift Scheduler Demo] [           main] org.hibernate.SQL                        : insert into shift_assignments (employee_id,end_time,shift_name,start_time,work_date) values (?,?,?,?,?)
Hibernate: insert into shift_assignments (employee_id,end_time,shift_name,start_time,work_date) values (?,?,?,?,?)
2025-10-13T15:56:20.971+09:00 DEBUG 10272 --- [Shift Scheduler Demo] [           main] org.hibernate.SQL                        : select last_insert_rowid()
Hibernate: select last_insert_rowid()
2025-10-13T15:56:20.971+09:00 DEBUG 10272 --- [Shift Scheduler Demo] [           main] org.hibernate.SQL                        : insert into shift_assignments (employee_id,end_time,shift_name,start_time,work_date) values (?,?,?,?,?)
Hibernate: insert into shift_assignments (employee_id,end_time,shift_name,start_time,work_date) values (?,?,?,?,?)
2025-10-13T15:56:20.971+09:00 DEBUG 10272 --- [Shift Scheduler Demo] [           main] org.hibernate.SQL                        : select last_insert_rowid()
Hibernate: select last_insert_rowid()
2025-10-13T15:56:20.971+09:00 DEBUG 10272 --- [Shift Scheduler Demo] [           main] org.hibernate.SQL                        : insert into shift_assignments (employee_id,end_time,shift_name,start_time,work_date) values (?,?,?,?,?)
Hibernate: insert into shift_assignments (employee_id,end_time,shift_name,start_time,work_date) values (?,?,?,?,?)
2025-10-13T15:56:20.971+09:00 DEBUG 10272 --- [Shift Scheduler Demo] [           main] org.hibernate.SQL                        : select last_insert_rowid()
Hibernate: select last_insert_rowid()
2025-10-13T15:56:20.971+09:00 DEBUG 10272 --- [Shift Scheduler Demo] [           main] org.hibernate.SQL                        : insert into shift_assignments (employee_id,end_time,shift_name,start_time,work_date) values (?,?,?,?,?)
Hibernate: insert into shift_assignments (employee_id,end_time,shift_name,start_time,work_date) values (?,?,?,?,?)
2025-10-13T15:56:20.972+09:00 DEBUG 10272 --- [Shift Scheduler Demo] [           main] org.hibernate.SQL                        : select last_insert_rowid()
Hibernate: select last_insert_rowid()
2025-10-13T15:56:20.972+09:00 DEBUG 10272 --- [Shift Scheduler Demo] [           main] org.hibernate.SQL                        : insert into shift_assignments (employee_id,end_time,shift_name,start_time,work_date) values (?,?,?,?,?)
Hibernate: insert into shift_assignments (employee_id,end_time,shift_name,start_time,work_date) values (?,?,?,?,?)
2025-10-13T15:56:20.972+09:00 DEBUG 10272 --- [Shift Scheduler Demo] [           main] org.hibernate.SQL                        : select last_insert_rowid()
Hibernate: select last_insert_rowid()
2025-10-13T15:56:20.972+09:00 DEBUG 10272 --- [Shift Scheduler Demo] [           main] org.hibernate.SQL                        : insert into shift_assignments (employee_id,end_time,shift_name,start_time,work_date) values (?,?,?,?,?)
Hibernate: insert into shift_assignments (employee_id,end_time,shift_name,start_time,work_date) values (?,?,?,?,?)
2025-10-13T15:56:20.972+09:00 DEBUG 10272 --- [Shift Scheduler Demo] [           main] org.hibernate.SQL                        : select last_insert_rowid()
Hibernate: select last_insert_rowid()
2025-10-13T15:56:20.973+09:00 DEBUG 10272 --- [Shift Scheduler Demo] [           main] org.hibernate.SQL                        : insert into shift_assignments (employee_id,end_time,shift_name,start_time,work_date) values (?,?,?,?,?)
Hibernate: insert into shift_assignments (employee_id,end_time,shift_name,start_time,work_date) values (?,?,?,?,?)
2025-10-13T15:56:20.973+09:00 DEBUG 10272 --- [Shift Scheduler Demo] [           main] org.hibernate.SQL                        : select last_insert_rowid()
Hibernate: select last_insert_rowid()
2025-10-13T15:56:20.973+09:00 DEBUG 10272 --- [Shift Scheduler Demo] [           main] org.hibernate.SQL                        : insert into shift_assignments (employee_id,end_time,shift_name,start_time,work_date) values (?,?,?,?,?)
Hibernate: insert into shift_assignments (employee_id,end_time,shift_name,start_time,work_date) values (?,?,?,?,?)
2025-10-13T15:56:20.973+09:00 DEBUG 10272 --- [Shift Scheduler Demo] [           main] org.hibernate.SQL                        : select last_insert_rowid()
Hibernate: select last_insert_rowid()
2025-10-13T15:56:20.973+09:00 DEBUG 10272 --- [Shift Scheduler Demo] [           main] org.hibernate.SQL                        : insert into shift_assignments (employee_id,end_time,shift_name,start_time,work_date) values (?,?,?,?,?)
Hibernate: insert into shift_assignments (employee_id,end_time,shift_name,start_time,work_date) values (?,?,?,?,?)
2025-10-13T15:56:20.973+09:00 DEBUG 10272 --- [Shift Scheduler Demo] [           main] org.hibernate.SQL                        : select last_insert_rowid()
Hibernate: select last_insert_rowid()
2025-10-13T15:56:20.973+09:00 DEBUG 10272 --- [Shift Scheduler Demo] [           main] org.hibernate.SQL                        : insert into shift_assignments (employee_id,end_time,shift_name,start_time,work_date) values (?,?,?,?,?)
Hibernate: insert into shift_assignments (employee_id,end_time,shift_name,start_time,work_date) values (?,?,?,?,?)
2025-10-13T15:56:20.974+09:00 DEBUG 10272 --- [Shift Scheduler Demo] [           main] org.hibernate.SQL                        : select last_insert_rowid()
Hibernate: select last_insert_rowid()
2025-10-13T15:56:20.974+09:00 DEBUG 10272 --- [Shift Scheduler Demo] [           main] org.hibernate.SQL                        : insert into shift_assignments (employee_id,end_time,shift_name,start_time,work_date) values (?,?,?,?,?)
Hibernate: insert into shift_assignments (employee_id,end_time,shift_name,start_time,work_date) values (?,?,?,?,?)
2025-10-13T15:56:20.974+09:00 DEBUG 10272 --- [Shift Scheduler Demo] [           main] org.hibernate.SQL                        : select last_insert_rowid()
Hibernate: select last_insert_rowid()
2025-10-13T15:56:20.975+09:00 DEBUG 10272 --- [Shift Scheduler Demo] [           main] org.hibernate.SQL                        : insert into shift_assignments (employee_id,end_time,shift_name,start_time,work_date) values (?,?,?,?,?)
Hibernate: insert into shift_assignments (employee_id,end_time,shift_name,start_time,work_date) values (?,?,?,?,?)
2025-10-13T15:56:20.975+09:00 DEBUG 10272 --- [Shift Scheduler Demo] [           main] org.hibernate.SQL                        : select last_insert_rowid()
Hibernate: select last_insert_rowid()
2025-10-13T15:56:20.975+09:00 DEBUG 10272 --- [Shift Scheduler Demo] [           main] org.hibernate.SQL                        : insert into shift_assignments (employee_id,end_time,shift_name,start_time,work_date) values (?,?,?,?,?)
Hibernate: insert into shift_assignments (employee_id,end_time,shift_name,start_time,work_date) values (?,?,?,?,?)
2025-10-13T15:56:20.975+09:00 DEBUG 10272 --- [Shift Scheduler Demo] [           main] org.hibernate.SQL                        : select last_insert_rowid()
Hibernate: select last_insert_rowid()
2025-10-13T15:56:20.975+09:00 DEBUG 10272 --- [Shift Scheduler Demo] [           main] org.hibernate.SQL                        : insert into shift_assignments (employee_id,end_time,shift_name,start_time,work_date) values (?,?,?,?,?)
Hibernate: insert into shift_assignments (employee_id,end_time,shift_name,start_time,work_date) values (?,?,?,?,?)
2025-10-13T15:56:20.976+09:00 DEBUG 10272 --- [Shift Scheduler Demo] [           main] org.hibernate.SQL                        : select last_insert_rowid()
Hibernate: select last_insert_rowid()
2025-10-13T15:56:20.976+09:00 DEBUG 10272 --- [Shift Scheduler Demo] [           main] org.hibernate.SQL                        : insert into shift_assignments (employee_id,end_time,shift_name,start_time,work_date) values (?,?,?,?,?)
Hibernate: insert into shift_assignments (employee_id,end_time,shift_name,start_time,work_date) values (?,?,?,?,?)
2025-10-13T15:56:20.979+09:00 DEBUG 10272 --- [Shift Scheduler Demo] [           main] org.hibernate.SQL                        : select last_insert_rowid()
Hibernate: select last_insert_rowid()
2025-10-13T15:56:20.980+09:00 DEBUG 10272 --- [Shift Scheduler Demo] [           main] org.hibernate.SQL                        : insert into shift_assignments (employee_id,end_time,shift_name,start_time,work_date) values (?,?,?,?,?)
Hibernate: insert into shift_assignments (employee_id,end_time,shift_name,start_time,work_date) values (?,?,?,?,?)
2025-10-13T15:56:20.980+09:00 DEBUG 10272 --- [Shift Scheduler Demo] [           main] org.hibernate.SQL                        : select last_insert_rowid()
Hibernate: select last_insert_rowid()
2025-10-13T15:56:20.981+09:00 DEBUG 10272 --- [Shift Scheduler Demo] [           main] org.hibernate.SQL                        : insert into shift_assignments (employee_id,end_time,shift_name,start_time,work_date) values (?,?,?,?,?)
Hibernate: insert into shift_assignments (employee_id,end_time,shift_name,start_time,work_date) values (?,?,?,?,?)
2025-10-13T15:56:20.981+09:00 DEBUG 10272 --- [Shift Scheduler Demo] [           main] org.hibernate.SQL                        : select last_insert_rowid()
Hibernate: select last_insert_rowid()
2025-10-13T15:56:20.981+09:00 DEBUG 10272 --- [Shift Scheduler Demo] [           main] org.hibernate.SQL                        : insert into shift_assignments (employee_id,end_time,shift_name,start_time,work_date) values (?,?,?,?,?)
Hibernate: insert into shift_assignments (employee_id,end_time,shift_name,start_time,work_date) values (?,?,?,?,?)
2025-10-13T15:56:20.981+09:00 DEBUG 10272 --- [Shift Scheduler Demo] [           main] org.hibernate.SQL                        : select last_insert_rowid()
Hibernate: select last_insert_rowid()
2025-10-13T15:56:20.981+09:00 DEBUG 10272 --- [Shift Scheduler Demo] [           main] org.hibernate.SQL                        : insert into shift_assignments (employee_id,end_time,shift_name,start_time,work_date) values (?,?,?,?,?)
Hibernate: insert into shift_assignments (employee_id,end_time,shift_name,start_time,work_date) values (?,?,?,?,?)
2025-10-13T15:56:20.981+09:00 DEBUG 10272 --- [Shift Scheduler Demo] [           main] org.hibernate.SQL                        : select last_insert_rowid()
Hibernate: select last_insert_rowid()
2025-10-13T15:56:20.982+09:00 DEBUG 10272 --- [Shift Scheduler Demo] [           main] org.hibernate.SQL                        : insert into shift_assignments (employee_id,end_time,shift_name,start_time,work_date) values (?,?,?,?,?)
Hibernate: insert into shift_assignments (employee_id,end_time,shift_name,start_time,work_date) values (?,?,?,?,?)
2025-10-13T15:56:20.982+09:00 DEBUG 10272 --- [Shift Scheduler Demo] [           main] org.hibernate.SQL                        : select last_insert_rowid()
Hibernate: select last_insert_rowid()
2025-10-13T15:56:20.982+09:00 DEBUG 10272 --- [Shift Scheduler Demo] [           main] org.hibernate.SQL                        : insert into shift_assignments (employee_id,end_time,shift_name,start_time,work_date) values (?,?,?,?,?)
Hibernate: insert into shift_assignments (employee_id,end_time,shift_name,start_time,work_date) values (?,?,?,?,?)
2025-10-13T15:56:20.982+09:00 DEBUG 10272 --- [Shift Scheduler Demo] [           main] org.hibernate.SQL                        : select last_insert_rowid()
Hibernate: select last_insert_rowid()
2025-10-13T15:56:20.982+09:00 DEBUG 10272 --- [Shift Scheduler Demo] [           main] org.hibernate.SQL                        : insert into shift_assignments (employee_id,end_time,shift_name,start_time,work_date) values (?,?,?,?,?)
Hibernate: insert into shift_assignments (employee_id,end_time,shift_name,start_time,work_date) values (?,?,?,?,?)
2025-10-13T15:56:20.982+09:00 DEBUG 10272 --- [Shift Scheduler Demo] [           main] org.hibernate.SQL                        : select last_insert_rowid()
Hibernate: select last_insert_rowid()
2025-10-13T15:56:20.983+09:00 DEBUG 10272 --- [Shift Scheduler Demo] [           main] org.hibernate.SQL                        : insert into shift_assignments (employee_id,end_time,shift_name,start_time,work_date) values (?,?,?,?,?)
Hibernate: insert into shift_assignments (employee_id,end_time,shift_name,start_time,work_date) values (?,?,?,?,?)
2025-10-13T15:56:20.983+09:00 DEBUG 10272 --- [Shift Scheduler Demo] [           main] org.hibernate.SQL                        : select last_insert_rowid()
Hibernate: select last_insert_rowid()
2025-10-13T15:56:20.983+09:00 DEBUG 10272 --- [Shift Scheduler Demo] [           main] org.hibernate.SQL                        : insert into shift_assignments (employee_id,end_time,shift_name,start_time,work_date) values (?,?,?,?,?)
Hibernate: insert into shift_assignments (employee_id,end_time,shift_name,start_time,work_date) values (?,?,?,?,?)
2025-10-13T15:56:20.983+09:00 DEBUG 10272 --- [Shift Scheduler Demo] [           main] org.hibernate.SQL                        : select last_insert_rowid()
Hibernate: select last_insert_rowid()
2025-10-13T15:56:20.983+09:00 DEBUG 10272 --- [Shift Scheduler Demo] [           main] org.hibernate.SQL                        : insert into shift_assignments (employee_id,end_time,shift_name,start_time,work_date) values (?,?,?,?,?)
Hibernate: insert into shift_assignments (employee_id,end_time,shift_name,start_time,work_date) values (?,?,?,?,?)
2025-10-13T15:56:20.984+09:00 DEBUG 10272 --- [Shift Scheduler Demo] [           main] org.hibernate.SQL                        : select last_insert_rowid()
Hibernate: select last_insert_rowid()
2025-10-13T15:56:20.984+09:00 DEBUG 10272 --- [Shift Scheduler Demo] [           main] org.hibernate.SQL                        : insert into shift_assignments (employee_id,end_time,shift_name,start_time,work_date) values (?,?,?,?,?)
Hibernate: insert into shift_assignments (employee_id,end_time,shift_name,start_time,work_date) values (?,?,?,?,?)
2025-10-13T15:56:20.984+09:00 DEBUG 10272 --- [Shift Scheduler Demo] [           main] org.hibernate.SQL                        : select last_insert_rowid()
Hibernate: select last_insert_rowid()
2025-10-13T15:56:20.984+09:00 DEBUG 10272 --- [Shift Scheduler Demo] [           main] org.hibernate.SQL                        : insert into shift_assignments (employee_id,end_time,shift_name,start_time,work_date) values (?,?,?,?,?)
Hibernate: insert into shift_assignments (employee_id,end_time,shift_name,start_time,work_date) values (?,?,?,?,?)
2025-10-13T15:56:20.984+09:00 DEBUG 10272 --- [Shift Scheduler Demo] [           main] org.hibernate.SQL                        : select last_insert_rowid()
Hibernate: select last_insert_rowid()
2025-10-13T15:56:20.984+09:00 DEBUG 10272 --- [Shift Scheduler Demo] [           main] org.hibernate.SQL                        : insert into shift_assignments (employee_id,end_time,shift_name,start_time,work_date) values (?,?,?,?,?)
Hibernate: insert into shift_assignments (employee_id,end_time,shift_name,start_time,work_date) values (?,?,?,?,?)
2025-10-13T15:56:20.984+09:00 DEBUG 10272 --- [Shift Scheduler Demo] [           main] org.hibernate.SQL                        : select last_insert_rowid()
Hibernate: select last_insert_rowid()
2025-10-13T15:56:20.984+09:00 DEBUG 10272 --- [Shift Scheduler Demo] [           main] org.hibernate.SQL                        : insert into shift_assignments (employee_id,end_time,shift_name,start_time,work_date) values (?,?,?,?,?)
Hibernate: insert into shift_assignments (employee_id,end_time,shift_name,start_time,work_date) values (?,?,?,?,?)
2025-10-13T15:56:20.984+09:00 DEBUG 10272 --- [Shift Scheduler Demo] [           main] org.hibernate.SQL                        : select last_insert_rowid()
Hibernate: select last_insert_rowid()
2025-10-13T15:56:20.985+09:00 DEBUG 10272 --- [Shift Scheduler Demo] [           main] org.hibernate.SQL                        : insert into shift_assignments (employee_id,end_time,shift_name,start_time,work_date) values (?,?,?,?,?)
Hibernate: insert into shift_assignments (employee_id,end_time,shift_name,start_time,work_date) values (?,?,?,?,?)
2025-10-13T15:56:20.985+09:00 DEBUG 10272 --- [Shift Scheduler Demo] [           main] org.hibernate.SQL                        : select last_insert_rowid()
Hibernate: select last_insert_rowid()
2025-10-13T15:56:20.985+09:00 DEBUG 10272 --- [Shift Scheduler Demo] [           main] org.hibernate.SQL                        : insert into shift_assignments (employee_id,end_time,shift_name,start_time,work_date) values (?,?,?,?,?)
Hibernate: insert into shift_assignments (employee_id,end_time,shift_name,start_time,work_date) values (?,?,?,?,?)
2025-10-13T15:56:20.985+09:00 DEBUG 10272 --- [Shift Scheduler Demo] [           main] org.hibernate.SQL                        : select last_insert_rowid()
Hibernate: select last_insert_rowid()
2025-10-13T15:56:20.985+09:00 DEBUG 10272 --- [Shift Scheduler Demo] [           main] org.hibernate.SQL                        : insert into shift_assignments (employee_id,end_time,shift_name,start_time,work_date) values (?,?,?,?,?)
Hibernate: insert into shift_assignments (employee_id,end_time,shift_name,start_time,work_date) values (?,?,?,?,?)
2025-10-13T15:56:20.985+09:00 DEBUG 10272 --- [Shift Scheduler Demo] [           main] org.hibernate.SQL                        : select last_insert_rowid()
Hibernate: select last_insert_rowid()
2025-10-13T15:56:20.985+09:00 DEBUG 10272 --- [Shift Scheduler Demo] [           main] org.hibernate.SQL                        : insert into shift_assignments (employee_id,end_time,shift_name,start_time,work_date) values (?,?,?,?,?)
Hibernate: insert into shift_assignments (employee_id,end_time,shift_name,start_time,work_date) values (?,?,?,?,?)
2025-10-13T15:56:20.985+09:00 DEBUG 10272 --- [Shift Scheduler Demo] [           main] org.hibernate.SQL                        : select last_insert_rowid()
Hibernate: select last_insert_rowid()
2025-10-13T15:56:20.986+09:00 DEBUG 10272 --- [Shift Scheduler Demo] [           main] org.hibernate.SQL                        : insert into shift_assignments (employee_id,end_time,shift_name,start_time,work_date) values (?,?,?,?,?)
Hibernate: insert into shift_assignments (employee_id,end_time,shift_name,start_time,work_date) values (?,?,?,?,?)
2025-10-13T15:56:20.986+09:00 DEBUG 10272 --- [Shift Scheduler Demo] [           main] org.hibernate.SQL                        : select last_insert_rowid()
Hibernate: select last_insert_rowid()
2025-10-13T15:56:20.986+09:00 DEBUG 10272 --- [Shift Scheduler Demo] [           main] org.hibernate.SQL                        : insert into shift_assignments (employee_id,end_time,shift_name,start_time,work_date) values (?,?,?,?,?)
Hibernate: insert into shift_assignments (employee_id,end_time,shift_name,start_time,work_date) values (?,?,?,?,?)
2025-10-13T15:56:20.986+09:00 DEBUG 10272 --- [Shift Scheduler Demo] [           main] org.hibernate.SQL                        : select last_insert_rowid()
Hibernate: select last_insert_rowid()
2025-10-13T15:56:20.986+09:00 DEBUG 10272 --- [Shift Scheduler Demo] [           main] org.hibernate.SQL                        : insert into shift_assignments (employee_id,end_time,shift_name,start_time,work_date) values (?,?,?,?,?)
Hibernate: insert into shift_assignments (employee_id,end_time,shift_name,start_time,work_date) values (?,?,?,?,?)
2025-10-13T15:56:20.986+09:00 DEBUG 10272 --- [Shift Scheduler Demo] [           main] org.hibernate.SQL                        : select last_insert_rowid()
Hibernate: select last_insert_rowid()
2025-10-13T15:56:20.986+09:00 DEBUG 10272 --- [Shift Scheduler Demo] [           main] org.hibernate.SQL                        : insert into shift_assignments (employee_id,end_time,shift_name,start_time,work_date) values (?,?,?,?,?)
Hibernate: insert into shift_assignments (employee_id,end_time,shift_name,start_time,work_date) values (?,?,?,?,?)
2025-10-13T15:56:20.987+09:00 DEBUG 10272 --- [Shift Scheduler Demo] [           main] org.hibernate.SQL                        : select last_insert_rowid()
Hibernate: select last_insert_rowid()
2025-10-13T15:56:20.987+09:00 DEBUG 10272 --- [Shift Scheduler Demo] [           main] org.hibernate.SQL                        : insert into shift_assignments (employee_id,end_time,shift_name,start_time,work_date) values (?,?,?,?,?)
Hibernate: insert into shift_assignments (employee_id,end_time,shift_name,start_time,work_date) values (?,?,?,?,?)
2025-10-13T15:56:20.987+09:00 DEBUG 10272 --- [Shift Scheduler Demo] [           main] org.hibernate.SQL                        : select last_insert_rowid()
Hibernate: select last_insert_rowid()
2025-10-13T15:56:20.987+09:00 DEBUG 10272 --- [Shift Scheduler Demo] [           main] org.hibernate.SQL                        : insert into shift_assignments (employee_id,end_time,shift_name,start_time,work_date) values (?,?,?,?,?)
Hibernate: insert into shift_assignments (employee_id,end_time,shift_name,start_time,work_date) values (?,?,?,?,?)
2025-10-13T15:56:20.987+09:00 DEBUG 10272 --- [Shift Scheduler Demo] [           main] org.hibernate.SQL                        : select last_insert_rowid()
Hibernate: select last_insert_rowid()
2025-10-13T15:56:20.987+09:00 DEBUG 10272 --- [Shift Scheduler Demo] [           main] org.hibernate.SQL                        : insert into shift_assignments (employee_id,end_time,shift_name,start_time,work_date) values (?,?,?,?,?)
Hibernate: insert into shift_assignments (employee_id,end_time,shift_name,start_time,work_date) values (?,?,?,?,?)
2025-10-13T15:56:20.987+09:00 DEBUG 10272 --- [Shift Scheduler Demo] [           main] org.hibernate.SQL                        : select last_insert_rowid()
Hibernate: select last_insert_rowid()
2025-10-13T15:56:20.988+09:00 DEBUG 10272 --- [Shift Scheduler Demo] [           main] org.hibernate.SQL                        : insert into shift_assignments (employee_id,end_time,shift_name,start_time,work_date) values (?,?,?,?,?)
Hibernate: insert into shift_assignments (employee_id,end_time,shift_name,start_time,work_date) values (?,?,?,?,?)
2025-10-13T15:56:20.990+09:00 DEBUG 10272 --- [Shift Scheduler Demo] [           main] org.hibernate.SQL                        : select last_insert_rowid()
Hibernate: select last_insert_rowid()
2025-10-13T15:56:20.991+09:00 DEBUG 10272 --- [Shift Scheduler Demo] [           main] org.hibernate.SQL                        : insert into shift_assignments (employee_id,end_time,shift_name,start_time,work_date) values (?,?,?,?,?)
Hibernate: insert into shift_assignments (employee_id,end_time,shift_name,start_time,work_date) values (?,?,?,?,?)
2025-10-13T15:56:20.991+09:00 DEBUG 10272 --- [Shift Scheduler Demo] [           main] org.hibernate.SQL                        : select last_insert_rowid()
Hibernate: select last_insert_rowid()
2025-10-13T15:56:20.991+09:00 DEBUG 10272 --- [Shift Scheduler Demo] [           main] org.hibernate.SQL                        : insert into shift_assignments (employee_id,end_time,shift_name,start_time,work_date) values (?,?,?,?,?)
Hibernate: insert into shift_assignments (employee_id,end_time,shift_name,start_time,work_date) values (?,?,?,?,?)
2025-10-13T15:56:20.992+09:00 DEBUG 10272 --- [Shift Scheduler Demo] [           main] org.hibernate.SQL                        : select last_insert_rowid()
Hibernate: select last_insert_rowid()
2025-10-13T15:56:20.992+09:00 DEBUG 10272 --- [Shift Scheduler Demo] [           main] org.hibernate.SQL                        : insert into shift_assignments (employee_id,end_time,shift_name,start_time,work_date) values (?,?,?,?,?)
Hibernate: insert into shift_assignments (employee_id,end_time,shift_name,start_time,work_date) values (?,?,?,?,?)
2025-10-13T15:56:20.992+09:00 DEBUG 10272 --- [Shift Scheduler Demo] [           main] org.hibernate.SQL                        : select last_insert_rowid()
Hibernate: select last_insert_rowid()
2025-10-13T15:56:20.992+09:00 DEBUG 10272 --- [Shift Scheduler Demo] [           main] org.hibernate.SQL                        : insert into shift_assignments (employee_id,end_time,shift_name,start_time,work_date) values (?,?,?,?,?)
Hibernate: insert into shift_assignments (employee_id,end_time,shift_name,start_time,work_date) values (?,?,?,?,?)
2025-10-13T15:56:20.992+09:00 DEBUG 10272 --- [Shift Scheduler Demo] [           main] org.hibernate.SQL                        : select last_insert_rowid()
Hibernate: select last_insert_rowid()
2025-10-13T15:56:20.993+09:00 DEBUG 10272 --- [Shift Scheduler Demo] [           main] org.hibernate.SQL                        : insert into shift_assignments (employee_id,end_time,shift_name,start_time,work_date) values (?,?,?,?,?)
Hibernate: insert into shift_assignments (employee_id,end_time,shift_name,start_time,work_date) values (?,?,?,?,?)
2025-10-13T15:56:20.993+09:00 DEBUG 10272 --- [Shift Scheduler Demo] [           main] org.hibernate.SQL                        : select last_insert_rowid()
Hibernate: select last_insert_rowid()
2025-10-13T15:56:20.993+09:00 DEBUG 10272 --- [Shift Scheduler Demo] [           main] org.hibernate.SQL                        : insert into shift_assignments (employee_id,end_time,shift_name,start_time,work_date) values (?,?,?,?,?)
Hibernate: insert into shift_assignments (employee_id,end_time,shift_name,start_time,work_date) values (?,?,?,?,?)
2025-10-13T15:56:20.993+09:00 DEBUG 10272 --- [Shift Scheduler Demo] [           main] org.hibernate.SQL                        : select last_insert_rowid()
Hibernate: select last_insert_rowid()
2025-10-13T15:56:20.993+09:00 DEBUG 10272 --- [Shift Scheduler Demo] [           main] org.hibernate.SQL                        : insert into shift_assignments (employee_id,end_time,shift_name,start_time,work_date) values (?,?,?,?,?)
Hibernate: insert into shift_assignments (employee_id,end_time,shift_name,start_time,work_date) values (?,?,?,?,?)
2025-10-13T15:56:20.993+09:00 DEBUG 10272 --- [Shift Scheduler Demo] [           main] org.hibernate.SQL                        : select last_insert_rowid()
Hibernate: select last_insert_rowid()
2025-10-13T15:56:20.994+09:00 DEBUG 10272 --- [Shift Scheduler Demo] [           main] org.hibernate.SQL                        : insert into shift_assignments (employee_id,end_time,shift_name,start_time,work_date) values (?,?,?,?,?)
Hibernate: insert into shift_assignments (employee_id,end_time,shift_name,start_time,work_date) values (?,?,?,?,?)
2025-10-13T15:56:20.994+09:00 DEBUG 10272 --- [Shift Scheduler Demo] [           main] org.hibernate.SQL                        : select last_insert_rowid()
Hibernate: select last_insert_rowid()
2025-10-13T15:56:20.994+09:00 DEBUG 10272 --- [Shift Scheduler Demo] [           main] org.hibernate.SQL                        : insert into shift_assignments (employee_id,end_time,shift_name,start_time,work_date) values (?,?,?,?,?)
Hibernate: insert into shift_assignments (employee_id,end_time,shift_name,start_time,work_date) values (?,?,?,?,?)
2025-10-13T15:56:20.994+09:00 DEBUG 10272 --- [Shift Scheduler Demo] [           main] org.hibernate.SQL                        : select last_insert_rowid()
Hibernate: select last_insert_rowid()
2025-10-13T15:56:20.994+09:00 DEBUG 10272 --- [Shift Scheduler Demo] [           main] org.hibernate.SQL                        : insert into shift_assignments (employee_id,end_time,shift_name,start_time,work_date) values (?,?,?,?,?)
Hibernate: insert into shift_assignments (employee_id,end_time,shift_name,start_time,work_date) values (?,?,?,?,?)
2025-10-13T15:56:20.994+09:00 DEBUG 10272 --- [Shift Scheduler Demo] [           main] org.hibernate.SQL                        : select last_insert_rowid()
Hibernate: select last_insert_rowid()
2025-10-13T15:56:20.994+09:00 DEBUG 10272 --- [Shift Scheduler Demo] [           main] org.hibernate.SQL                        : insert into shift_assignments (employee_id,end_time,shift_name,start_time,work_date) values (?,?,?,?,?)
Hibernate: insert into shift_assignments (employee_id,end_time,shift_name,start_time,work_date) values (?,?,?,?,?)
2025-10-13T15:56:20.995+09:00 DEBUG 10272 --- [Shift Scheduler Demo] [           main] org.hibernate.SQL                        : select last_insert_rowid()
Hibernate: select last_insert_rowid()
2025-10-13T15:56:20.995+09:00 DEBUG 10272 --- [Shift Scheduler Demo] [           main] org.hibernate.SQL                        : insert into shift_assignments (employee_id,end_time,shift_name,start_time,work_date) values (?,?,?,?,?)
Hibernate: insert into shift_assignments (employee_id,end_time,shift_name,start_time,work_date) values (?,?,?,?,?)
2025-10-13T15:56:20.995+09:00 DEBUG 10272 --- [Shift Scheduler Demo] [           main] org.hibernate.SQL                        : select last_insert_rowid()
Hibernate: select last_insert_rowid()
2025-10-13T15:56:20.995+09:00 DEBUG 10272 --- [Shift Scheduler Demo] [           main] org.hibernate.SQL                        : insert into shift_assignments (employee_id,end_time,shift_name,start_time,work_date) values (?,?,?,?,?)
Hibernate: insert into shift_assignments (employee_id,end_time,shift_name,start_time,work_date) values (?,?,?,?,?)
2025-10-13T15:56:20.995+09:00 DEBUG 10272 --- [Shift Scheduler Demo] [           main] org.hibernate.SQL                        : select last_insert_rowid()
Hibernate: select last_insert_rowid()
2025-10-13T15:56:20.995+09:00 DEBUG 10272 --- [Shift Scheduler Demo] [           main] org.hibernate.SQL                        : insert into shift_assignments (employee_id,end_time,shift_name,start_time,work_date) values (?,?,?,?,?)
Hibernate: insert into shift_assignments (employee_id,end_time,shift_name,start_time,work_date) values (?,?,?,?,?)
2025-10-13T15:56:20.996+09:00 DEBUG 10272 --- [Shift Scheduler Demo] [           main] org.hibernate.SQL                        : select last_insert_rowid()
Hibernate: select last_insert_rowid()
2025-10-13T15:56:20.996+09:00 DEBUG 10272 --- [Shift Scheduler Demo] [           main] org.hibernate.SQL                        : insert into shift_assignments (employee_id,end_time,shift_name,start_time,work_date) values (?,?,?,?,?)
Hibernate: insert into shift_assignments (employee_id,end_time,shift_name,start_time,work_date) values (?,?,?,?,?)
2025-10-13T15:56:20.996+09:00 DEBUG 10272 --- [Shift Scheduler Demo] [           main] org.hibernate.SQL                        : select last_insert_rowid()
Hibernate: select last_insert_rowid()
2025-10-13T15:56:20.996+09:00 DEBUG 10272 --- [Shift Scheduler Demo] [           main] org.hibernate.SQL                        : insert into shift_assignments (employee_id,end_time,shift_name,start_time,work_date) values (?,?,?,?,?)
Hibernate: insert into shift_assignments (employee_id,end_time,shift_name,start_time,work_date) values (?,?,?,?,?)
2025-10-13T15:56:20.996+09:00 DEBUG 10272 --- [Shift Scheduler Demo] [           main] org.hibernate.SQL                        : select last_insert_rowid()
Hibernate: select last_insert_rowid()
2025-10-13T15:56:20.996+09:00 DEBUG 10272 --- [Shift Scheduler Demo] [           main] org.hibernate.SQL                        : insert into shift_assignments (employee_id,end_time,shift_name,start_time,work_date) values (?,?,?,?,?)
Hibernate: insert into shift_assignments (employee_id,end_time,shift_name,start_time,work_date) values (?,?,?,?,?)
2025-10-13T15:56:20.996+09:00 DEBUG 10272 --- [Shift Scheduler Demo] [           main] org.hibernate.SQL                        : select last_insert_rowid()
Hibernate: select last_insert_rowid()
2025-10-13T15:56:20.997+09:00 DEBUG 10272 --- [Shift Scheduler Demo] [           main] org.hibernate.SQL                        : insert into shift_assignments (employee_id,end_time,shift_name,start_time,work_date) values (?,?,?,?,?)
Hibernate: insert into shift_assignments (employee_id,end_time,shift_name,start_time,work_date) values (?,?,?,?,?)
2025-10-13T15:56:20.997+09:00 DEBUG 10272 --- [Shift Scheduler Demo] [           main] org.hibernate.SQL                        : select last_insert_rowid()
Hibernate: select last_insert_rowid()
2025-10-13T15:56:20.997+09:00 DEBUG 10272 --- [Shift Scheduler Demo] [           main] org.hibernate.SQL                        : insert into shift_assignments (employee_id,end_time,shift_name,start_time,work_date) values (?,?,?,?,?)
Hibernate: insert into shift_assignments (employee_id,end_time,shift_name,start_time,work_date) values (?,?,?,?,?)
2025-10-13T15:56:20.997+09:00 DEBUG 10272 --- [Shift Scheduler Demo] [           main] org.hibernate.SQL                        : select last_insert_rowid()
Hibernate: select last_insert_rowid()
2025-10-13T15:56:20.997+09:00 DEBUG 10272 --- [Shift Scheduler Demo] [           main] org.hibernate.SQL                        : insert into shift_assignments (employee_id,end_time,shift_name,start_time,work_date) values (?,?,?,?,?)
Hibernate: insert into shift_assignments (employee_id,end_time,shift_name,start_time,work_date) values (?,?,?,?,?)
2025-10-13T15:56:20.997+09:00 DEBUG 10272 --- [Shift Scheduler Demo] [           main] org.hibernate.SQL                        : select last_insert_rowid()
Hibernate: select last_insert_rowid()
2025-10-13T15:56:20.997+09:00 DEBUG 10272 --- [Shift Scheduler Demo] [           main] org.hibernate.SQL                        : insert into shift_assignments (employee_id,end_time,shift_name,start_time,work_date) values (?,?,?,?,?)
Hibernate: insert into shift_assignments (employee_id,end_time,shift_name,start_time,work_date) values (?,?,?,?,?)
2025-10-13T15:56:20.998+09:00 DEBUG 10272 --- [Shift Scheduler Demo] [           main] org.hibernate.SQL                        : select last_insert_rowid()
Hibernate: select last_insert_rowid()
2025-10-13T15:56:20.998+09:00 DEBUG 10272 --- [Shift Scheduler Demo] [           main] org.hibernate.SQL                        : insert into shift_assignments (employee_id,end_time,shift_name,start_time,work_date) values (?,?,?,?,?)
Hibernate: insert into shift_assignments (employee_id,end_time,shift_name,start_time,work_date) values (?,?,?,?,?)
2025-10-13T15:56:20.998+09:00 DEBUG 10272 --- [Shift Scheduler Demo] [           main] org.hibernate.SQL                        : select last_insert_rowid()
Hibernate: select last_insert_rowid()
2025-10-13T15:56:20.998+09:00 DEBUG 10272 --- [Shift Scheduler Demo] [           main] org.hibernate.SQL                        : insert into shift_assignments (employee_id,end_time,shift_name,start_time,work_date) values (?,?,?,?,?)
Hibernate: insert into shift_assignments (employee_id,end_time,shift_name,start_time,work_date) values (?,?,?,?,?)
2025-10-13T15:56:20.998+09:00 DEBUG 10272 --- [Shift Scheduler Demo] [           main] org.hibernate.SQL                        : select last_insert_rowid()
Hibernate: select last_insert_rowid()
2025-10-13T15:56:20.998+09:00 DEBUG 10272 --- [Shift Scheduler Demo] [           main] org.hibernate.SQL                        : insert into shift_assignments (employee_id,end_time,shift_name,start_time,work_date) values (?,?,?,?,?)
Hibernate: insert into shift_assignments (employee_id,end_time,shift_name,start_time,work_date) values (?,?,?,?,?)
2025-10-13T15:56:20.998+09:00 DEBUG 10272 --- [Shift Scheduler Demo] [           main] org.hibernate.SQL                        : select last_insert_rowid()
Hibernate: select last_insert_rowid()
2025-10-13T15:56:20.999+09:00 DEBUG 10272 --- [Shift Scheduler Demo] [           main] org.hibernate.SQL                        : insert into shift_assignments (employee_id,end_time,shift_name,start_time,work_date) values (?,?,?,?,?)
Hibernate: insert into shift_assignments (employee_id,end_time,shift_name,start_time,work_date) values (?,?,?,?,?)
2025-10-13T15:56:20.999+09:00 DEBUG 10272 --- [Shift Scheduler Demo] [           main] org.hibernate.SQL                        : select last_insert_rowid()
Hibernate: select last_insert_rowid()
2025-10-13T15:56:20.999+09:00 DEBUG 10272 --- [Shift Scheduler Demo] [           main] org.hibernate.SQL                        : insert into shift_assignments (employee_id,end_time,shift_name,start_time,work_date) values (?,?,?,?,?)
Hibernate: insert into shift_assignments (employee_id,end_time,shift_name,start_time,work_date) values (?,?,?,?,?)
2025-10-13T15:56:20.999+09:00 DEBUG 10272 --- [Shift Scheduler Demo] [           main] org.hibernate.SQL                        : select last_insert_rowid()
Hibernate: select last_insert_rowid()
2025-10-13T15:56:20.999+09:00 DEBUG 10272 --- [Shift Scheduler Demo] [           main] org.hibernate.SQL                        : insert into shift_assignments (employee_id,end_time,shift_name,start_time,work_date) values (?,?,?,?,?)
Hibernate: insert into shift_assignments (employee_id,end_time,shift_name,start_time,work_date) values (?,?,?,?,?)
2025-10-13T15:56:21.000+09:00 DEBUG 10272 --- [Shift Scheduler Demo] [           main] org.hibernate.SQL                        : select last_insert_rowid()
Hibernate: select last_insert_rowid()
2025-10-13T15:56:21.000+09:00 DEBUG 10272 --- [Shift Scheduler Demo] [           main] org.hibernate.SQL                        : insert into shift_assignments (employee_id,end_time,shift_name,start_time,work_date) values (?,?,?,?,?)
Hibernate: insert into shift_assignments (employee_id,end_time,shift_name,start_time,work_date) values (?,?,?,?,?)
2025-10-13T15:56:21.000+09:00 DEBUG 10272 --- [Shift Scheduler Demo] [           main] org.hibernate.SQL                        : select last_insert_rowid()
Hibernate: select last_insert_rowid()
2025-10-13T15:56:21.000+09:00 DEBUG 10272 --- [Shift Scheduler Demo] [           main] org.hibernate.SQL                        : insert into shift_assignments (employee_id,end_time,shift_name,start_time,work_date) values (?,?,?,?,?)
Hibernate: insert into shift_assignments (employee_id,end_time,shift_name,start_time,work_date) values (?,?,?,?,?)
2025-10-13T15:56:21.000+09:00 DEBUG 10272 --- [Shift Scheduler Demo] [           main] org.hibernate.SQL                        : select last_insert_rowid()
Hibernate: select last_insert_rowid()
2025-10-13T15:56:21.000+09:00 DEBUG 10272 --- [Shift Scheduler Demo] [           main] org.hibernate.SQL                        : insert into shift_assignments (employee_id,end_time,shift_name,start_time,work_date) values (?,?,?,?,?)
Hibernate: insert into shift_assignments (employee_id,end_time,shift_name,start_time,work_date) values (?,?,?,?,?)
2025-10-13T15:56:21.000+09:00 DEBUG 10272 --- [Shift Scheduler Demo] [           main] org.hibernate.SQL                        : select last_insert_rowid()
Hibernate: select last_insert_rowid()
2025-10-13T15:56:21.001+09:00 DEBUG 10272 --- [Shift Scheduler Demo] [           main] org.hibernate.SQL                        : insert into shift_assignments (employee_id,end_time,shift_name,start_time,work_date) values (?,?,?,?,?)
Hibernate: insert into shift_assignments (employee_id,end_time,shift_name,start_time,work_date) values (?,?,?,?,?)
2025-10-13T15:56:21.001+09:00 DEBUG 10272 --- [Shift Scheduler Demo] [           main] org.hibernate.SQL                        : select last_insert_rowid()
Hibernate: select last_insert_rowid()
2025-10-13T15:56:21.001+09:00 DEBUG 10272 --- [Shift Scheduler Demo] [           main] org.hibernate.SQL                        : insert into shift_assignments (employee_id,end_time,shift_name,start_time,work_date) values (?,?,?,?,?)
Hibernate: insert into shift_assignments (employee_id,end_time,shift_name,start_time,work_date) values (?,?,?,?,?)
2025-10-13T15:56:21.002+09:00 DEBUG 10272 --- [Shift Scheduler Demo] [           main] org.hibernate.SQL                        : select last_insert_rowid()
Hibernate: select last_insert_rowid()
2025-10-13T15:56:21.003+09:00 DEBUG 10272 --- [Shift Scheduler Demo] [           main] org.hibernate.SQL                        : insert into shift_assignments (employee_id,end_time,shift_name,start_time,work_date) values (?,?,?,?,?)
Hibernate: insert into shift_assignments (employee_id,end_time,shift_name,start_time,work_date) values (?,?,?,?,?)
2025-10-13T15:56:21.003+09:00 DEBUG 10272 --- [Shift Scheduler Demo] [           main] org.hibernate.SQL                        : select last_insert_rowid()
Hibernate: select last_insert_rowid()
2025-10-13T15:56:21.003+09:00 DEBUG 10272 --- [Shift Scheduler Demo] [           main] org.hibernate.SQL                        : insert into shift_assignments (employee_id,end_time,shift_name,start_time,work_date) values (?,?,?,?,?)
Hibernate: insert into shift_assignments (employee_id,end_time,shift_name,start_time,work_date) values (?,?,?,?,?)
2025-10-13T15:56:21.009+09:00 DEBUG 10272 --- [Shift Scheduler Demo] [           main] org.hibernate.SQL                        : select last_insert_rowid()
Hibernate: select last_insert_rowid()
2025-10-13T15:56:21.010+09:00 DEBUG 10272 --- [Shift Scheduler Demo] [           main] org.hibernate.SQL                        : insert into shift_assignments (employee_id,end_time,shift_name,start_time,work_date) values (?,?,?,?,?)
Hibernate: insert into shift_assignments (employee_id,end_time,shift_name,start_time,work_date) values (?,?,?,?,?)
2025-10-13T15:56:21.010+09:00 DEBUG 10272 --- [Shift Scheduler Demo] [           main] org.hibernate.SQL                        : select last_insert_rowid()
Hibernate: select last_insert_rowid()
2025-10-13T15:56:21.010+09:00 DEBUG 10272 --- [Shift Scheduler Demo] [           main] org.hibernate.SQL                        : insert into shift_assignments (employee_id,end_time,shift_name,start_time,work_date) values (?,?,?,?,?)
Hibernate: insert into shift_assignments (employee_id,end_time,shift_name,start_time,work_date) values (?,?,?,?,?)
2025-10-13T15:56:21.010+09:00 DEBUG 10272 --- [Shift Scheduler Demo] [           main] org.hibernate.SQL                        : select last_insert_rowid()
Hibernate: select last_insert_rowid()
2025-10-13T15:56:21.011+09:00 DEBUG 10272 --- [Shift Scheduler Demo] [           main] org.hibernate.SQL                        : insert into shift_assignments (employee_id,end_time,shift_name,start_time,work_date) values (?,?,?,?,?)
Hibernate: insert into shift_assignments (employee_id,end_time,shift_name,start_time,work_date) values (?,?,?,?,?)
2025-10-13T15:56:21.011+09:00 DEBUG 10272 --- [Shift Scheduler Demo] [           main] org.hibernate.SQL                        : select last_insert_rowid()
Hibernate: select last_insert_rowid()
2025-10-13T15:56:21.011+09:00 DEBUG 10272 --- [Shift Scheduler Demo] [           main] org.hibernate.SQL                        : insert into shift_assignments (employee_id,end_time,shift_name,start_time,work_date) values (?,?,?,?,?)
Hibernate: insert into shift_assignments (employee_id,end_time,shift_name,start_time,work_date) values (?,?,?,?,?)
2025-10-13T15:56:21.011+09:00 DEBUG 10272 --- [Shift Scheduler Demo] [           main] org.hibernate.SQL                        : select last_insert_rowid()
Hibernate: select last_insert_rowid()
2025-10-13T15:56:21.011+09:00 DEBUG 10272 --- [Shift Scheduler Demo] [           main] org.hibernate.SQL                        : insert into shift_assignments (employee_id,end_time,shift_name,start_time,work_date) values (?,?,?,?,?)
Hibernate: insert into shift_assignments (employee_id,end_time,shift_name,start_time,work_date) values (?,?,?,?,?)
2025-10-13T15:56:21.011+09:00 DEBUG 10272 --- [Shift Scheduler Demo] [           main] org.hibernate.SQL                        : select last_insert_rowid()
Hibernate: select last_insert_rowid()
2025-10-13T15:56:21.011+09:00 DEBUG 10272 --- [Shift Scheduler Demo] [           main] org.hibernate.SQL                        : insert into shift_assignments (employee_id,end_time,shift_name,start_time,work_date) values (?,?,?,?,?)
Hibernate: insert into shift_assignments (employee_id,end_time,shift_name,start_time,work_date) values (?,?,?,?,?)
2025-10-13T15:56:21.012+09:00 DEBUG 10272 --- [Shift Scheduler Demo] [           main] org.hibernate.SQL                        : select last_insert_rowid()
Hibernate: select last_insert_rowid()
2025-10-13T15:56:21.012+09:00 DEBUG 10272 --- [Shift Scheduler Demo] [           main] org.hibernate.SQL                        : insert into shift_assignments (employee_id,end_time,shift_name,start_time,work_date) values (?,?,?,?,?)
Hibernate: insert into shift_assignments (employee_id,end_time,shift_name,start_time,work_date) values (?,?,?,?,?)
2025-10-13T15:56:21.012+09:00 DEBUG 10272 --- [Shift Scheduler Demo] [           main] org.hibernate.SQL                        : select last_insert_rowid()
Hibernate: select last_insert_rowid()
2025-10-13T15:56:21.012+09:00  INFO 10272 --- [Shift Scheduler Demo] [           main] c.e.shiftv1.schedule.ScheduleService     : シフト生成が完了しました: 362件の割り当てを生成
2025-10-13T15:56:21.017+09:00 DEBUG 10272 --- [Shift Scheduler Demo] [           main] org.hibernate.SQL                        : select sc1_0.id,sc1_0.is_active,sc1_0.created_at,sc1_0.day_of_week,sc1_0.end_time,sc1_0.is_holiday,sc1_0.name,sc1_0.required_employees,sc1_0.start_time,sc1_0.updated_at,sc1_0.is_weekend from shift_config sc1_0 where sc1_0.is_active=1
Hibernate: select sc1_0.id,sc1_0.is_active,sc1_0.created_at,sc1_0.day_of_week,sc1_0.end_time,sc1_0.is_holiday,sc1_0.name,sc1_0.required_employees,sc1_0.start_time,sc1_0.updated_at,sc1_0.is_weekend from shift_config sc1_0 where sc1_0.is_active=1
2025-10-13T15:56:21.036+09:00 DEBUG 10272 --- [Shift Scheduler Demo] [           main] org.hibernate.SQL                        : select count(*) from employees e1_0
Hibernate: select count(*) from employees e1_0
]]></system-out>
  </testcase>
</testsuite>